<?xml version="1.0" encoding="UTF-8"?>
<judgements>
<judgement id="153005000001003_II_Ca_000065_2014_Uz_2014-04-03_002">
    <xPart xEditorFullName="Katarzyna Gustaw" xYear="2014" xLang="PL" xPublisherFullName="Agnieszka Kędra" xFromPg="1" xEditor="kgustaw01" xVolType="15/300500/0001003/Ca" xPublisher="akedra01" xDocType="Uz" xVolNmbr="000065" xVersion="1.0" xToPage="15" xFlag="published">
      <xName>Wyrok+Uzasadnienie</xName>
      <xBlock>
        <xText>Sygn. akt II Ca 65/14</xText>
        
        <xUnit xIsTitle="false" xType="none">
          <xName/>
        </xUnit>
        <xUnit xIsTitle="true" xType="part" xBold="true">
          <xName>WYROK</xName>
        </xUnit>
        <xText xALIGNx="center">
          <xBx>W IMIENIU RZECZYPOSPOLITEJ POLSKIEJ</xBx>
        </xText>
        
        <xText xALIGNx="right">Dnia 3 kwietnia 2014 roku</xText>
        <xUnit xIsTitle="false" xType="none">
          <xName/>
          <xText>Sąd Okręgowy w Lublinie II Wydział Cywilny Odwoławczy</xText>
        </xUnit>
        <xText>w składzie:</xText>
        <xText>Przewodniczący: Sędzia Sądu Okręgowego Andrzej Mikołajewski – spr.</xText>
        <xText>Sędziowie:  Sędzia Sądu Okręgowego Dariusz Iskra</xText>
        <xText>Sędzia Sądu Okręgowego Tomasz Lebowa</xText>
        <xText>Protokolant Krystyna Melchior</xText>
        <xText>po rozpoznaniu w dniu 3 kwietnia 2014 roku w Lublinie</xText>
        <xText>na rozprawie</xText>
        <xText>sprawy z powództwa <xAnon>R. R.</xAnon></xText>
        <xText>przeciwko <xAnon> Towarzystwu (...)</xAnon> z siedzibą w <xAnon>W.</xAnon></xText>
        <xText>o zapłatę</xText>
        <xText>na skutek apelacji pozwanego od wyroku Sądu Rejonowego Lublin-Zachód w Lublinie z dnia 15 listopada 2013 roku, sygn. akt II C 785/12</xText>
        
        <xUnit xIsTitle="false" xType="none">
          <xName xSffx=".">I</xName>
          <xText>zmienia zaskarżony wyrok:</xText>
          <xUnit xIsTitle="false" xType="none">
            <xName xSffx=")">a</xName>
            <xText>w pkt I. w ten sposób, że zasądzoną od <xAnon> Towarzystwa (...)</xAnon> z siedzibą w <xAnon>W.</xAnon> na rzecz <xAnon>R. R.</xAnon> kwotę 27.318,74 zł (dwadzieścia siedem tysięcy trzysta osiemnaście złotych i siedemdziesiąt cztery grosze) z ustawowymi odsetkami od dnia 8 marca 2012 roku obniża do kwoty 9.300 zł (dziewięć tysięcy trzysta złotych) z ustawowymi odsetkami od dnia 8 marca 2012 roku i oddala powództwo także w zakresie żądania zapłaty kwoty 18.018,74 zł (osiemnaście tysięcy osiemnaście złotych i siedemdziesiąt cztery grosze) z ustawowymi odsetkami od dnia 8 marca 2012 roku,</xText>
          </xUnit>
          <xUnit xIsTitle="false" xType="none">
            <xName xSffx=")">b</xName>
            <xText>w pkt III. w ten sposób, że zasądza od <xAnon>R. R.</xAnon> na rzecz <xAnon> Towarzystwa (...)</xAnon> z siedzibą w <xAnon>W.</xAnon> kwotę 434,54 zł (czterysta trzydzieści cztery złote i pięćdziesiąt cztery grosze) tytułem zwrotu kosztów procesu,</xText>
          </xUnit>
          <xUnit xIsTitle="false" xType="none">
            <xName xSffx=")">c</xName>
            <xText>w pkt IV. w ten sposób, że nakazuje pobrać na rzecz Skarbu Państwa – Sądu Rejonowego Lublin-Zachód w Lublinie: od <xAnon>R. R.</xAnon> kwotę 276,31 zł (dwieście siedemdziesiąt sześć złotych i trzydzieści jeden groszy) i od <xAnon> Towarzystwa (...)</xAnon> z siedzibą w <xAnon>W.</xAnon> kwotę 142,60 zł (sto czterdzieści dwa złote i sześćdziesiąt groszy) tytułem nieuiszczonych kosztów sądowych;</xText>
          </xUnit>
        </xUnit>
        <xUnit xIsTitle="false" xType="none">
          <xName xSffx=".">II</xName>
          <xText>oddala apelację w pozostałej części;</xText>
        </xUnit>
        <xUnit xIsTitle="false" xType="none">
          <xName xSffx=".">III</xName>
          <xText>zasądza od <xAnon>R. R.</xAnon> na rzecz <xAnon> Towarzystwa (...)</xAnon> z siedzibą w <xAnon>W.</xAnon> kwotę 1.415,78 zł (tysiąc czterysta piętnaście złotych i siedemdziesiąt osiem groszy) tytułem zwrotu kosztów postępowania odwoławczego.</xText>
        </xUnit>
        
        <xText>Sygn. akt II Ca 65/14</xText>
        
        <xUnit xIsTitle="true" xType="part" xBold="true">
          <xName>UZASADNIENIE</xName>
          <xText>W pozwie z dnia 9 listopada 2012 roku powódka <xAnon>R. R.</xAnon> wniosła o zasądzenie na jej rzecz od pozwanego <xAnon> Towarzystwa (...)</xAnon> z siedzibą w <xAnon>W.</xAnon> kwoty 26.145,07 zł z ustawowymi odsetkami od dnia 3 marca 2012 roku, tytułem odszkodowania.</xText>
          <xText>W toku procesu powódka rozszerzyła powództwo do kwoty 27.318,74 zł z ustawowymi odsetkami od dnia 3 marca 2012 roku.</xText>
          <xText xALIGNx="center">*</xText>
          <xText>Wyrokiem z dnia 15 listopada 2013 roku Sąd Rejonowy Lublin-Zachód w Lublinie:</xText>
          <xText>I. zasądził od pozwanego <xAnon> Towarzystwa (...)</xAnon> z siedzibą w <xAnon>W.</xAnon> na rzecz powódki <xAnon>R. R.</xAnon> kwotę<xBRx/>27.318,74 zł z ustawowymi odsetkami od dnia 8 marca<xBRx/>2012 roku do dnia zapłaty;</xText>
          <xText>II. oddalił powództwo w pozostałym zakresie;</xText>
          <xText>III. zasądził od pozwanego <xAnon> Towarzystwa (...)</xAnon><xBRx/><xAnon> (...)</xAnon> z siedzibą w <xAnon>W.</xAnon> na rzecz powódki <xAnon>R.</xAnon><xBRx/><xAnon>R.</xAnon> kwotę 4.182 zł tytułem zwrotu kosztów procesu;</xText>
          <xText>IV. nakazał ściągnąć od <xAnon> Towarzystwa (...)</xAnon> z siedzibą w <xAnon>W.</xAnon> na rzecz Skarbu Państwa – kasa Sądu Rejonowego Lublin-Zachód w Lublinie kwotę 418,91 zł tytułem zwrotu kosztów wynagrodzenia biegłego wyłożonych tymczasowo z sum budżetowych Skarbu Państwa.</xText>
          <xText>Sąd Rejonowy ustalił następujący stan faktyczny:</xText>
          <xText>W dniu 5 lutego 2012 roku doszło do kolizji drogowej, podczas której uszkodzeniu uległ samochód marki <xAnon>B. (...)</xAnon> o <xAnon>nr rej. (...)</xAnon>, stanowiący własność powódki. Wyłącznym sprawcą kolizji był <xAnon>I. B.</xAnon>, który w zakresie odpowiedzialności cywilnej ubezpieczony był w <xAnon> Towarzystwie (...)</xAnon> z siedzibą w <xAnon>W.</xAnon>.</xText>
          <xText>Powódka zgłosiła szkodę pozwanemu w dniu 6 lutego 2012 roku.</xText>
          <xText>W toku likwidacji szkody ubezpieczyciel ustalił, że koszty naprawy pojazdu powódki przekraczają wartość pojazdu przed wypadkiem i szkoda powinna zostać naprawiona metodą tzw. szkody całkowitej. Pozwany wypłacił powódce tytułem odszkodowania kwotę 4.280 zł jako różnicę między wartością pojazdu w stanie nieuszkodzonym i wartością pozostałości. W następstwie odwołania powódki, która podnosiła, że koszty naprawy pojazdu nie przekraczają jego wartości i odszkodowanie powinno odpowiadać kosztom naprawy, pozwany – stosując ponownie metodę szkody całkowitej – przyznał powódce odszkodowanie w łącznej kwocie 8 000 zł. Kolejne odwołanie powódki nie zostało uwzględnione.</xText>
          <xText>W dniu 17 września 2012 roku powódka sprzedała uszkodzony samochód za kwotę 20.000 zł.</xText>
          <xText>Na podstawie wywołanej w procesie opinii biegłego z zakresu techniki samochodowej <xAnon>J. W.</xAnon>, Sąd Rejonowy ustalił, że wartość rynkowa pojazdu powódki na dzień zaistnienia szkody wynosiła 37.300 zł brutto. Całkowity koszt naprawy uszkodzeń samochodu w autoryzowanej stacji obsługi samochodów marki <xAnon>B.</xAnon> wyniósłby 40.398,64 zł brutto przy zastosowaniu wyłącznie części zamiennych oryginalnych zakupionych w sieci sprzedaży <xAnon>B.</xAnon>, zaś w warsztacie uniwersalnym – niezależnym od producenta samochodu – przy wykorzystaniu takich samych części – 35.318,74 zł brutto. Wartość rynkowa pozostałości uszkodzonego pojazdu wynosiła 17.100 zł.</xText>
          <xText>Sąd Rejonowy wskazał, na podstawie jakich dowodów ustalił stan faktyczny, podkreślając, że odpowiedzialność pozwanego co do zasady nie była sporna, natomiast spór dotyczył wysokości szkody powódki.</xText>
          <xText>Sąd Rejonowy w pełni dał wiarę opinii biegłego sądowego z zakresu techniki samochodowej <xAnon>J. W.</xAnon> i na podstawie tej opinii przyjął, że naprawa samochodu powódki może być dokonana poza siecią autoryzowanych zakładów naprawczych w warunkach zakładów uniwersalnych na poziomie porównywalnym do jakości usług oferowanych w autoryzowanych stacjach obsługi pojazdów. Koszty takiej naprawy zgodnie z opinią biegłego wyniosłyby 35.318,74 zł brutto. Dokonanie naprawy w ten sposób jest uzasadnione z uwagi na fakt, że samochód powódki został wyprodukowany w 2004 roku i wykazuje przebieg ponad 248.000 km. W odniesieniu do samochodu o tak znacznym stopniu wyeksploatowania nie jest konieczna naprawa w autoryzowanym serwisie.</xText>
          <xText>W tak ustalonym stanie faktycznym Sąd Rejonowy uznał powództwo za zasadne.</xText>
          <xText>Sąd Rejonowy podniósł, że zgodnie z dyspozycją <xLexLink xArt="art. 822" xIsapId="WDU19640160093" xTitle="Ustawa z dnia 23 kwietnia 1964 r. - Kodeks cywilny" xAddress="Dz. U. z 1964 r. Nr 16, poz. 93">art. 822 k.c.</xLexLink> przez umowę ubezpieczenia odpowiedzialności cywilnej zakład ubezpieczeń zobowiązuje się do zapłacenia określonego w umowie odszkodowania za szkody wyrządzone osobom trzecim, względem których odpowiedzialność ponosi ubezpieczający albo osoba trzecia, na rzecz której umowa została zawarta, zaistniałe w okresie ubezpieczenia. Poszkodowany może dochodzić roszczeń bezpośrednio od zakładu ubezpieczeń.</xText>
          <xText>Zgodnie z przepisami <xLexLink xArt="" xIsapId="WDU20031241152" xTitle="Ustawa z dnia 22 maja 2003 r. o ubezpieczeniach obowiązkowych, Ubezpieczeniowym Funduszu Gwarancyjnym i Polskim Biurze Ubezpieczycieli Komunikacyjnych" xAddress="Dz. U. z 2003 r. Nr 124, poz. 1152">ustawy z dnia 22 maja 2003 roku o ubezpieczeniach obowiązkowych, Ubezpieczeniowym Funduszu Gwarancyjnym i Polskim Biurze Ubezpieczycieli Komunikacyjnych</xLexLink> (Dz. U. z 2003 roku, Nr 124, poz. 1152, ze zm.), zakład ubezpieczeń w zakresie odpowiedzialności cywilnej posiadacza pojazdu ponosi odpowiedzialność w granicach odpowiedzialności cywilnej sprawcy szkody, co oznacza, że strony zobowiązane są stosować w tym przedmiocie regulacje zawarte w <xLexLink xArt="" xIsapId="WDU19640160093" xTitle="Ustawa z dnia 23 kwietnia 1964 r. - Kodeks cywilny" xAddress="Dz. U. z 1964 r. Nr 16, poz. 93">Kodeksie cywilnym</xLexLink>, w tym <xLexLink xArt="art. 363" xIsapId="WDU19640160093" xTitle="Ustawa z dnia 23 kwietnia 1964 r. - Kodeks cywilny" xAddress="Dz. U. z 1964 r. Nr 16, poz. 93">art. 363 k.c.</xLexLink></xText>
          <xText>Do osoby poszkodowanego należy wybór formy naprawienia szkody, tj. dochodzenie zapłaty sumy pieniężnej, albo przywrócenia stanu poprzedniego. Przepis <xLexLink xArt="art. 363;art. 363 § 1" xIsapId="WDU19640160093" xTitle="Ustawa z dnia 23 kwietnia 1964 r. - Kodeks cywilny" xAddress="Dz. U. z 1964 r. Nr 16, poz. 93">art. 363 § l k.c.</xLexLink> stanowi, że dopiero wówczas, gdyby przywrócenie stanu poprzedniego było niemożliwe albo gdyby pociągało za sobą dla zobowiązanego nadmierne trudności lub koszty, roszczenie poszkodowanego ogranicza się do świadczenia w pieniądzu. Należy jednocześnie podkreślić, że odszkodowanie ubezpieczeniowe z tytułu OC zawsze wypłacane jest w pieniądzu, jednakże nadal znajduje zastosowanie zasada pełnego odszkodowania.</xText>
          <xText>Sąd Rejonowy odwołał się do wyroku Sądu Najwyższego z dnia l czerwca 2003 roku, sygn. V CKN 308/2001, w którym wskazano, że jedynie w przypadku, gdy koszty naprawy samochodu po wypadku przekraczają wartość samochodu sprzed tego zdarzenia w stopniu, który uzasadnia uznanie naprawy za nieopłacalną, celowe i uzasadnione będzie odstąpienie przy ustalaniu odszkodowania od dokonania restytucji. W takim przypadku wysokość szkody stanowić będzie różnica między wartością pojazdu sprzed wypadku a wartością pozostałości.</xText>
          <xText>Jeżeli naprawienie szkody ma nastąpić w pieniądzu, wysokość odszkodowania powinna być ustalona według cen z daty ustalenia odszkodowania (<xLexLink xArt="art. 363;art. 363 § 2" xIsapId="WDU19640160093" xTitle="Ustawa z dnia 23 kwietnia 1964 r. - Kodeks cywilny" xAddress="Dz. U. z 1964 r. Nr 16, poz. 93">art. 363 § 2 k.c.</xLexLink>). Biorąc pod uwagę, iż wartość samochodu powódki ustalona wynosiła 37.300 zł, koszt naprawy w warsztatach niezależnych przy zastosowaniu wyłącznie części zamiennych oryginalnych zakupionych w sieci sprzedaży <xAnon>B.</xAnon> – 35 318,74 zł, niezasadne było ustalenie wysokości odszkodowania metodą tzw. szkody całkowitej.</xText>
          <xText>Byłoby tak w przypadku skorzystania z naprawy w autoryzowanej stacji obsługi samochodów marki <xAnon>B.</xAnon>, co jednak nie byłoby uzasadnione. Sąd Rejonowy zauważył też, że powszechnie wiadomym jest, iż porównywalne, a niekiedy nawet lepsze efekty można osiągnąć naprawiając pojazd poza siecią autoryzowanych zakładów naprawczych.</xText>
          <xText>Ustalony koszt naprawy pojazdu powódki, jako koszt konieczny do przywrócenia pojazdu do stanu poprzedniego, nie może zostać uznany za nadmierny. Sąd Rejonowy przywołał wyrok Sądu Najwyższego z dnia 7 sierpnia 2003 roku, sygn. IV CKN 387/2001, podzielając pogląd, że obowiązek naprawienia szkody przez wypłatę odpowiedniej sumy pieniężnej powstaje z chwilą wyrządzenia szkody i nie jest uzależniony od tego, czy poszkodowany dokonał naprawy rzeczy i czy w ogóle zamierza ją naprawić.</xText>
          <xText>Z tych względów Sąd Rejonowy zasądził od pozwanego na rzecz powódki odszkodowanie odpowiadające różnicy między ustalonymi kosztami naprawy pojazdu z wykorzystaniem oryginalnych części zamiennych w warsztacie niezależnym (35.318,74 zł brutto) i wypłaconą powódce dotychczas z tego tytułu kwotą 8.000 zł.</xText>
          <xText>Sąd Rejonowy uznał, że nie ma znaczenia dla ustalenia wysokości odszkodowania należnego powódce dokonana przez nią sprzedaż uszkodzonego samochodu. <xAnon>R. R.</xAnon> mogła bowiem dobrowolnie rozporządzać swoją rzeczą zarówno w toku postępowania likwidacyjnego, jak i sądowego. Należy mieć przy tym na względzie, że powódka dokonała sprzedaży pojazdu dopiero w dniu 17 września 2012 roku, a zatem po znacznym upływie czasu od dnia, w którym jej szkoda powinna być w całości naprawiona przez ubezpieczyciela.</xText>
          <xText>Pozwany pierwszą decyzję o wypłacie na rzecz powódki kwoty 4.280 zł podjął w dniu 2 marca 2012 roku, a zgodnie z art. 14 ust. 1 i ust. 2 cyt. wyżej ustawy o ubezpieczeniach obowiązkowych powinien wypłacić odszkodowanie w terminie 30 dni od dnia zawiadomienia o szkodzie. Analogiczne unormowanie zawiera <xLexLink xArt="art. 817;art. 817 § 1" xIsapId="WDU19640160093" xTitle="Ustawa z dnia 23 kwietnia 1964 r. - Kodeks cywilny" xAddress="Dz. U. z 1964 r. Nr 16, poz. 93">art. 817 § l k.c.</xLexLink> W niniejszej sprawie powódka zgłosiła szkodę w dniu 6 lutego 2012 roku, zatem o opóźnieniu po stronie ubezpieczyciela w spełnieniu ciążącego na nim obowiązku zapłaty odszkodowania można mówić od dnia 8 marca 2012 roku i od tego dnia powódce należą się odsetki ustawowe za opóźnienie. Nie zachodziły (nie zostały wykazane przez pozwanego) okoliczności uzasadniające dłuższy termin konieczny do ustalenia pełnej odpowiedzialności lub wysokości szkody. Gdyby zatem pozwany w tym terminie należycie wywiązał się z ciążącego na nim obowiązku, sprzedaż pojazdu w ogóle by w tym czasie nie zaistniała.</xText>
          <xText>Rozstrzygnięcie o kosztach procesu Sąd Rejonowy uzasadnił <xLexLink xArt="art. 100" xIsapId="WDU19640430296" xTitle="Ustawa z dnia 17 listopada 1964 r. - Kodeks postępowania cywilnego" xAddress="Dz. U. z 1964 r. Nr 43, poz. 296">art. 100 k.p.c.</xLexLink>, wskazując, iż powódka uległa tylko co do nieznacznej części swego żądania (w zakresie odsetek ustawowych za 6 dni), a zatem pozwany powinien zwrócić jej koszty procesu w całości (opłata od pozwu – l.365 zł, zaliczka uiszczona na opinię biegłego – 400 zł, wynagrodzenie pełnomocnika – 2.400 zł oraz opłata skarbowa od pełnomocnictwa – 17 zł).</xText>
          <xText>Tymczasowo z sum budżetowych Skarbu Państwa została wypłacona kwota 418,91 zł, której zwrot należało zasądzić od pozwanego, kierując się tym samymi względami, co przy rozliczaniu kosztów pomiędzy stronami procesu.</xText>
          <xText xALIGNx="center">*</xText>
          <xText>Apelację od wyroku Sądu Rejonowego wniósł pozwany <xAnon> Towarzystwo (...)</xAnon> z siedzibą w <xAnon>W.</xAnon>, zaskarżając wyrok w części, tj. w pkt I. ponad zasądzoną kwotę 2.100 zł, tj. co do kwoty 25.218,74 zł oraz w pkt III. w części wynikającej z ewentualnej zmiany rozstrzygnięcia Sądu pierwszej instancji.</xText>
          <xText>Pozwany zarzucił zaskarżonemu wyrokowi naruszenie przepisów prawa materialnego:</xText>
          <xText>1. <xLexLink xArt="art. 363;art. 363 § 1" xIsapId="WDU19640160093" xTitle="Ustawa z dnia 23 kwietnia 1964 r. - Kodeks cywilny" xAddress="Dz. U. z 1964 r. Nr 16, poz. 93">art. 363 § l k.c.</xLexLink> poprzez niewłaściwe zastosowanie polegające na przyjęciu, że powódka dokonała wyboru naprawienia szkody metodą przywrócenia stanu poprzedniego przez zapłatę kwoty równowartości kosztów naprawy, podczas gdy z analizy zgromadzonego materiału dowodowego wynika, iż faktycznie dokonała likwidacji szkody tzw. metodą szkody całkowitej,</xText>
          <xText>2. <xLexLink xArt="art. 362" xIsapId="WDU19640160093" xTitle="Ustawa z dnia 23 kwietnia 1964 r. - Kodeks cywilny" xAddress="Dz. U. z 1964 r. Nr 16, poz. 93">art. 362 k.c.</xLexLink> poprzez jego niezastosowanie polegające na pominięciu okoliczności wynikających z materiału dowodowego, iż powódka miała możliwość zbycia uszkodzonego pojazdu za kwotę wyższą o 7.200 zł, co w konsekwencji doprowadziło do nieuzasadnionego zwiększenia przez powódkę rozmiaru szkody,</xText>
          <xText>3. <xLexLink xArt="art. 361;art. 361 § 2" xIsapId="WDU19640160093" xTitle="Ustawa z dnia 23 kwietnia 1964 r. - Kodeks cywilny" xAddress="Dz. U. z 1964 r. Nr 16, poz. 93">art. 361 § 2 k.c.</xLexLink> i <xLexLink xArt="art. 363;art. 363 § 1" xIsapId="WDU19640160093" xTitle="Ustawa z dnia 23 kwietnia 1964 r. - Kodeks cywilny" xAddress="Dz. U. z 1964 r. Nr 16, poz. 93">art. 363 § l k.c.</xLexLink> w zw. z <xLexLink xArt="art. 824(1);art. 824(1) § 1" xIsapId="WDU19640160093" xTitle="Ustawa z dnia 23 kwietnia 1964 r. - Kodeks cywilny" xAddress="Dz. U. z 1964 r. Nr 16, poz. 93">art. 824<xSUPx>1</xSUPx>§ 1 k.c.</xLexLink> poprzez niezaliczenie na poczet odszkodowania kwoty uzyskanej, jak też możliwej do uzyskania, przez powódkę z tytułu sprzedaży uszkodzonego pojazdu a w konsekwencji zasądzenie odszkodowania przewyższającego wartość szkody, co powoduje bezpodstawne wzbogacenie powódki.</xText>
          <xText>Pozwany wniósł o zmianę zaskarżonego wyroku w pkt I. poprzez oddalenie powództwa w części ponad zasądzoną kwotę 2.100 zł, zmianę rozstrzygnięcia o kosztach procesu w pkt III. stosownie do wyniku sporu, zasądzenie od powódki na rzecz pozwanego zwrotu kosztów procesu za instancję odwoławczą.</xText>
          
          <xText>
            <xBx>Sąd Okręgowy zważył, co następuje:</xBx>
          </xText>
          <xText>Apelacja pozwanego jest częściowo zasadna.</xText>
          <xText>Sąd Rejonowy poczynił prawidłowe ustalenia faktyczne i ocenił dowody zgodnie z dyspozycją <xLexLink xArt="art. 233;art. 233 § 1" xIsapId="WDU19640430296" xTitle="Ustawa z dnia 17 listopada 1964 r. - Kodeks postępowania cywilnego" xAddress="Dz. U. z 1964 r. Nr 43, poz. 296">art. 233 § 1 k.p.c.</xLexLink> Sąd Okręgowy przyjmuje te ustalenia za własne.</xText>
          <xText>Na podzielenie zasługuje również znaczna część oceny prawnej dokonanej przez Sąd pierwszej instancji, w szczególności dotycząca odpowiedzialności pozwanego zakładu ubezpieczeń za szkodę co do zasady i podstawy materialnej tej odpowiedzialności (niespornej).</xText>
          <xText>Tym niemniej trafnie apelujący zarzuca, że Sąd Rejonowy nieprawidłowo zastosował przepisy prawa materialnego dotyczące ustalenia wysokości szkody, w szczególności <xLexLink xArt="art. 361;art. 361 § 2" xIsapId="WDU19640160093" xTitle="Ustawa z dnia 23 kwietnia 1964 r. - Kodeks cywilny" xAddress="Dz. U. z 1964 r. Nr 16, poz. 93">art. 361 § 2 k.c.</xLexLink> uznając, iż okoliczność, że powódka zbyła uszkodzony pojazd pozostaje bez znaczenia dla określenia wysokości szkody, a co za tym idzie – dla wysokości świadczenia odszkodowawczego należnego powódce od zakładu ubezpieczeń, który odpowiada w granicach odpowiedzialności cywilnej posiadacza pojazdu lub kierującego pojazdem mechanicznym (<xLexLink xArt="art. 36;art. 36 ust. 1" xIsapId="WDU20031241152" xTitle="Ustawa z dnia 22 maja 2003 r. o ubezpieczeniach obowiązkowych, Ubezpieczeniowym Funduszu Gwarancyjnym i Polskim Biurze Ubezpieczycieli Komunikacyjnych" xAddress="Dz. U. z 2003 r. Nr 124, poz. 1152">art. 36 ust. 1 ustawy z dnia 22 maja 2003 roku o ubezpieczeniach obowiązkowych, Ubezpieczeniowym Funduszu Gwarancyjnym i Polskim Biurze Ubezpieczycieli Komunikacyjnych</xLexLink>).</xText>
          <xText>Przypomnieć przy tym należy, że w przypadku ubezpieczenia majątkowego, jakim jest ubezpieczenie odpowiedzialności cywilnej, świadczenie ubezpieczyciela ogranicza się do wypłaty określonego odszkodowania w pieniądzu (<xLexLink xArt="art. 822;art. 822 § 1" xIsapId="WDU19640160093" xTitle="Ustawa z dnia 23 kwietnia 1964 r. - Kodeks cywilny" xAddress="Dz. U. z 1964 r. Nr 16, poz. 93">art. 822 § 1 k.c.</xLexLink> i <xLexLink xArt="art. 805;art. 805 § 2;art. 805 § 2 pkt. 1" xIsapId="WDU19640160093" xTitle="Ustawa z dnia 23 kwietnia 1964 r. - Kodeks cywilny" xAddress="Dz. U. z 1964 r. Nr 16, poz. 93">art. 805 § 2 pkt 1 k.c.</xLexLink>). Tym samym poszkodowany nie może żądać od ubezpieczyciela przywrócenia stanu poprzedniego, o czym mowa w <xLexLink xArt="art. 363;art. 363 § 1" xIsapId="WDU19640160093" xTitle="Ustawa z dnia 23 kwietnia 1964 r. - Kodeks cywilny" xAddress="Dz. U. z 1964 r. Nr 16, poz. 93">art. 363 § 1 k.c.</xLexLink>, bowiem pod pojęciem tym należy rozumieć sytuację, gdy osoba odpowiedzialna za szkodę sama bądź posługując się innymi osobami przywraca stan poprzedni, np. naprawiając pojazd. Nie jest zatem trafne w niniejszej sprawie wywodzenie, że poszkodowany ma wybór, czy żąda przywrócenia stanu poprzedniego, czy jedynie zapłaty określonej sumy pieniężnej, a tylko gdyby przywrócenie stanu poprzedniego było niemożliwe albo gdyby pociągało za sobą dla zobowiązanego nadmierne trudności lub koszty, roszczenie poszkodowanego ogranicza się do świadczenia w pieniądzu.</xText>
          <xText>Innym zagadnieniem natomiast jest to, w jaki sposób powinna w niniejszej sprawie zostać ustalona wysokość szkody powódki, a co za tym idzie wysokość należnego jej odszkodowania. Przepis <xLexLink xArt="art. 363;art. 363 § 1" xIsapId="WDU19640160093" xTitle="Ustawa z dnia 23 kwietnia 1964 r. - Kodeks cywilny" xAddress="Dz. U. z 1964 r. Nr 16, poz. 93">art. 363 § 1 k.c.</xLexLink> nie udziela na to wprost odpowiedzi, a przepis <xLexLink xArt="art. 363;art. 363 § 2" xIsapId="WDU19640160093" xTitle="Ustawa z dnia 23 kwietnia 1964 r. - Kodeks cywilny" xAddress="Dz. U. z 1964 r. Nr 16, poz. 93">art. 363 § 2 k.c.</xLexLink> wskazuje jedynie, że jeżeli naprawienie szkody ma nastąpić w pieniądzu, wysokość odszkodowania powinna być ustalona według cen z daty ustalenia odszkodowania, chyba że szczególne okoliczności wymagają przyjęcia za podstawę cen istniejących w innej chwili. Ustalenie wysokości szkody wymaga zatem odwołania się do <xLexLink xArt="art. 361;art. 361 § 2" xIsapId="WDU19640160093" xTitle="Ustawa z dnia 23 kwietnia 1964 r. - Kodeks cywilny" xAddress="Dz. U. z 1964 r. Nr 16, poz. 93">art. 361 § 2 k.c.</xLexLink>, zgodnie z którym w braku odmiennego przepisu ustawy lub postanowienia umowy naprawienie szkody obejmuje straty, które poszkodowany poniósł, oraz korzyści, które mógłby osiągnąć, gdyby mu szkody nie wyrządzono. Przepis ten statuuje zasadę pełnego odszkodowania, które powinno w pełni rekompensować powstały uszczerbek we wszelkich dobrach poszkodowanego chronionych przez prawo. W przypadku straty, jaką poszkodowany poniósł (na tym polega uszczerbek majątkowy polegający na uszkodzeniu składnika majątku poszkodowanego, jakim jest pojazd), należy ustalić różnicę, jaką wywołało zjawisko szkody przed i po jej ujawnieniu. Innymi słowy naprawienie szkody w tym zakresie poprzez zapłatę odpowiedniego odszkodowania powinno przywrócić stan istniejący przed wypadkiem w tym znaczeniu, że poszkodowany dysponuje majątkiem o tej samej wartości, co przed wypadkiem, przy czym stan ten należy rozumieć szeroko i mieści się w nim także obowiązek naprawienia strat poniesionych np. na skutek pozbawienia poszkodowanego samej możliwości korzystania z rzeczy.</xText>
          <xText>Oczywistym jest, że najczęściej w przypadku dobra majątkowego o charakterze użytkowym, jakim jest pojazd mechaniczny (samochód), szkoda będzie odpowiadała kosztom naprawy, jakie poszkodowany poniesie, aby przywrócić pojazd do stanu poprzedniego, a tym samym zlikwidować istniejący uszczerbek majątkowy w jego dobrach. Sąd Okręgowy podziela przy tym ogólną regułę, że obowiązek naprawienia szkody powstaje z chwilą wyrządzenia szkody i nie jest uzależniony od tego, czy poszkodowany dokonał naprawy rzeczy i czy w ogóle zamierza ją naprawiać (por. np. wyrok Sądu Najwyższego z dnia 7 sierpnia 2003 roku, sygn. IV CKN 387/01, Lex nr 141410). Podzielić należy także stanowisko, że poszkodowany nie może domagać się odszkodowania odpowiadającego kosztom naprawy wówczas, jeżeli naprawa pojazdu okazałaby się niemożliwa, pociągałaby za sobą nadmierne trudności i koszty (por. np. wyrok Sądu Najwyższego z dnia 11 czerwca 2003 roku, sygn. V CKN 308/01, Lex nr 157324). Tak jest w szczególności wówczas, gdy koszty naprawy pojazdu przewyższają wartość pojazdu w stanie sprzed wypadku. Tym niemniej nie można też zapominać o tym, że ogólną zasadą w dziedzinie odszkodowań jest, że odszkodowanie nie może wynosić więcej niż uszczerbek rzeczywiście poniesiony. Jeżeli zdarzenie, które spowodowało szkodę, przynosi jednocześnie poszkodowanemu korzyść, należy wówczas tę korzyść uwzględnić przy określaniu wysokości odszkodowania, czyli skompensować szkody i korzyści. Naprawienie szkody majątkowej przez osobę odpowiedzialną za szkodę nigdy nie może prowadzić do wzbogacenia się poszkodowanego, a jedynie do pełnego przywrócenia stanu jego majątku, jaki istniał przed zdarzeniem powodującym szkodę.</xText>
          <xText>W przypadku ubezpieczeń majątkowych tę regułę wyraża także przepis <xLexLink xArt="art. 824(1);art. 824(1) § 1" xIsapId="WDU19640160093" xTitle="Ustawa z dnia 23 kwietnia 1964 r. - Kodeks cywilny" xAddress="Dz. U. z 1964 r. Nr 16, poz. 93">art. 824<xSUPx>1</xSUPx> § 1 k.c.</xLexLink> stanowiąc, że o ile nie umówiono się inaczej (co nie mam miejsca w przypadku obowiązkowej umowy ubezpieczenia odpowiedzialności cywilnej posiadacza pojazdu mechanicznego), suma pieniężna wypłacona przez ubezpieczyciela nie może być wyższa od poniesionej szkody. Ubezpieczenie majątkowe ma na celu wyrównanie zaistniałego uszczerbku majątkowego i podobnie jak naprawienie szkody nie może prowadzić do bezpodstawnego wzbogacenia ubezpieczonego, gdyż byłoby to sprzeczne z istotą ubezpieczeń.</xText>
          <xText>W okolicznościach niniejszej sprawy Sąd Rejonowy ustalił, że wartość pojazdu powódki (poszkodowanej) według stanu przed wypadkiem wynosiła 37.300 zł (brutto). Zakład ubezpieczeń dotychczas wypłacił powódce tytułem odszkodowania kwotę 8.000 zł (bezsporne). Powódka nie naprawiła pojazdu, ale w dniu 17 września 2012 roku sprzedała pojazd w stanie uszkodzonym za kwotę 20.000 zł. To, że początkowo zataiła przed pozwanym, także w toku niniejszego procesu, tę okoliczność, bezpośrednio nie rzutuje na ustalenie wysokości szkody, aczkolwiek niewątpliwie świadczy o nielojalnym zachowaniu poszkodowanej, która powinna współdziałać z ubezpieczycielem w procesie likwidacji szkody, udzielając mu prawdziwych i wyczerpujących informacji. W zaistniałej sytuacji nie sposób zaakceptować rozumowania Sądu Rejonowego, że szkoda powódki odpowiada kosztom naprawy pojazdu, jaka byłaby potrzeba do przywrócenia pojazdu do stanu sprzed wypadku, a więc kwocie 27.318,74 zł. Powódka sprzedała bowiem pojazd w stanie uszkodzonym i ani nie jest w stanie go naprawić, ani też jej szkoda (uszczerbek majątkowy) nie odpowiada kosztom naprawy tego pojazdu. Należy zauważyć, że w następstwie uwzględnienia powództwa o odszkodowanie w kwocie 27.318,74 zł, powódka otrzymałaby od ubezpieczyciela łącznie 35.318,74 zł (wypłacono jej już 8.000 zł), a dodatkowo za uszkodzony pojazd otrzymała cenę – ekwiwalent wartości pojazdu w takim stanie w kwocie 20.000 zł. Łącznie zatem do jej majątku w miejsce pojazdu o wartości 37.300 zł weszłaby kwota 55.318,74 zł, co jednoznacznie dowodzi tego, że wypłata odszkodowania w zasądzonej przez Sąd pierwszej instancji wysokości prowadzi do znacznego bezpodstawnego wzbogacenia powódki a nie do kompensaty odniesionego przez nią uszczerbku majątkowego.</xText>
          <xText>Nie jest też tak, że okres od powstania szkody do zbycia przez powódkę pojazdu w stanie uszkodzonym jest znaczny, bowiem wynosi on tylko około 7 miesięcy i nie zostało wykazane, aby miał on jakikolwiek wpływ na wysokość szkody powódki. Z reguły pojazdy mechaniczne z upływem czasu (czy to w stanie uszkodzonym czy nieuszkodzonym) tracą na wartości, a zatem nie można przyjąć, że sam upływ czasu powodował, że szkoda powódki miałaby wzrosnąć, zwłaszcza, że opóźnienie w wypłacie odszkodowania jest powódce rekompensowane odsetkami ustawowymi za opóźnienie.</xText>
          <xText>Nie negując tego, że obowiązek naprawienia szkody powstaje z chwilą jej wyrządzenia, należy zauważyć, że przepis <xLexLink xArt="art. 363;art. 363 § 2" xIsapId="WDU19640160093" xTitle="Ustawa z dnia 23 kwietnia 1964 r. - Kodeks cywilny" xAddress="Dz. U. z 1964 r. Nr 16, poz. 93">art. 363 § 2 k.c.</xLexLink> nakazuje co do zasady ustalać wysokość odszkodowania według cen z daty ustalenia odszkodowania a nie z daty powstania szkody. To na datę orzekania Sąd ustala wysokość szkody i uwzględnia przy tym zdarzenia, jakie zaistniały już po powstaniu szkody, a miały wpływ na jej wysokość (por. <xLexLink xArt="art. 316;art. 316 § 1" xIsapId="WDU19640430296" xTitle="Ustawa z dnia 17 listopada 1964 r. - Kodeks postępowania cywilnego" xAddress="Dz. U. z 1964 r. Nr 43, poz. 296">art. 316 § 1 k.p.c.</xLexLink>). Pamiętać też należy o tym, że to na poszkodowanym (powódce) ciążył ciężar wykazania wysokości szkody, a tym samym ją też obciąża ewentualne niewykazanie tego, że jej szkoda majątkowa obejmowała także inne uszczerbki, które odszkodowanie powinno zrekompensować.</xText>
          <xText>Sąd Okręgowy nie podziela natomiast wywodu pozwanego, że powódka miała realną możliwość zbycia pozostałości pojazdu za kwotę 27.200 zł i zbywając je za kwotę niższą przyczyniła się do zwiększenia szkody (<xLexLink xArt="art. 362" xIsapId="WDU19640160093" xTitle="Ustawa z dnia 23 kwietnia 1964 r. - Kodeks cywilny" xAddress="Dz. U. z 1964 r. Nr 16, poz. 93">art. 362 k.c.</xLexLink>). Nic nie świadczy o tym, aby powódka sprzedała pozostałości pojazdu za cenę nie odpowiadającą ich wartości rynkowej, a wręcz przeciwnie – zgromadzony materiał dowodowy pozwala przyjąć, że sprzedała pojazd w stanie uszkodzonym za kwotę wyższą niż szacunek jego wartości rynkowej dokonany przez biegłego <xAnon>J. W.</xAnon> (17.100 zł), co oczywiście nie może stać się dla niej źródłem wzbogacenia. Nie zostało też wykazane, aby powódka zbyła ten pojazd osobie ze sobą powiązanej w okolicznościach, które czynią podaną w umowie cenę niewiarygodną. Złożona przez pozwanego propozycja z aukcji internetowej jest obwarowana zastrzeżeniem, że stan pojazdu odpowiada stanowi widocznemu na zdjęciach, a zatem zgłaszający chęć zakupu zastrzega, że nie nabędzie pozostałości za zaproponowaną cenę, jeżeli po oględzinach pojazdu oceni, że jest on mniej wart. Tym samym nie jest to wiążąca i stanowcza oferta. Ustalenie wartości pozostałości pojazdu w niniejszej sprawie zostało dokonane przez biegłego odpowiedniej specjalności, wspierającego się odpowiednim oprogramowaniem, wymagało wiedzy i doświadczenia w tym zakresie, czyli wiadomości specjalnych. Pozwany tej opinii w tym zakresie nie kwestionował, podczas gdy obecnie w apelacji usiłuje wywieść, że w rzeczywistości wartość rynkowa pozostałości pojazdu była znacznie wyższa (aż o 10.100 zł w stosunku do szacunku). Twierdzenie takie należy uznać za niewiarygodne i nieudowodnione.</xText>
          <xText>W świetle powyższych wywodów, w okolicznościach niniejszej sprawy nie ma znaczenia dla rozstrzygnięcia sporu to, czy gdyby powódka nie sprzedała pojazdu i dochodziła odszkodowania odpowiadającego kosztom naprawy, należałoby ustalić wysokość tych kosztów przy przyjęciu konieczności naprawy jej pojazdu w autoryzowanej stacji pojazdów marki <xAnon>B.</xAnon>, czy też w innym niezależnym zakładzie naprawczym umożliwiającym zachowanie wymaganej technologii naprawy, a w następstwie tego, czy należałoby ustalić, że koszty naprawy tego pojazdu przenoszą jego wartość w stanie nieuszkodzonym i czynią tę naprawę nieuzasadnioną.</xText>
          <xText>Ostatecznie zatem powódce należy się odszkodowanie w kwocie odpowiadającej różnicy pomiędzy wartością pojazdu w stanie sprzed wypadku (37.300 zł), ceną uzyskaną przez nią ze sprzedaży uszkodzonego pojazdu (20.000 zł) i dotychczas wypłaconym powódce świadczeniem (8.000 zł), tj. w kwocie 9.300 zł.</xText>
          <xText>W pełni należy natomiast zaaprobować wywody Sądu Rejonowego co do tego, że od należnego powódce odszkodowania na podstawie <xLexLink xArt="art. 481;art. 481 § 1;art. 481 § 2" xIsapId="WDU19640160093" xTitle="Ustawa z dnia 23 kwietnia 1964 r. - Kodeks cywilny" xAddress="Dz. U. z 1964 r. Nr 16, poz. 93">art. 481 § 1 i § 2 k.c.</xLexLink> należą się jej również żądane odsetki ustawowe za opóźnienie od dnia 8 marca<xBRx/>2012 roku do dnia zapłaty.</xText>
          <xText>Dalej idące żądania powódki podlegały oddaleniu.</xText>
          <xText>W wyniku częściowego uwzględnienia apelacji pozwanego powódka wygrała proces tylko w 34,04 % (co do 9.300 zł z kwoty 27.318,74 zł, niewielka różnica w dacie początkowej odsetek ustawowych za opóźnienie może zostać pominięta), a tym samym na podstawie <xLexLink xArt="art. 100" xIsapId="WDU19640430296" xTitle="Ustawa z dnia 17 listopada 1964 r. - Kodeks postępowania cywilnego" xAddress="Dz. U. z 1964 r. Nr 43, poz. 296">art. 100 k.p.c.</xLexLink> w tej proporcji należało rozliczyć pomiędzy stronami koszty procesu przed Sądem pierwszej instancji. Koszty te po stronie powodowej wyniosły 4.182 zł, zaś po stronie pozwanej – 2.817 zł (wynagrodzenie pełnomocnika – radcy prawnego w stawce minimalnej 2.400 zł, opłata skarbowa od pełnomocnictwa w kwocie 17 zł, zaliczka na wydatki związane z opinią biegłego w kwocie 400 zł). Suma kosztów procesu wynosi 6.999 zł, a 34,04 % z tej kwoty powinien ponieść pozwany, co odpowiada kwocie 2.382,46 zł. Pozwany poniósł koszty procesu w kwocie wyższej (2.817 zł), a zatem należy mu się od powódki zwrot różnicy (434,54 zł).</xText>
          <xText>Wprawdzie pozwany w apelacji nie wskazał, że zaskarża wyrok Sądu Rejonowego również w pkt IV., dotyczącym nieuiszczonych kosztów sądowych, jednakże zaskarżenie wyroku co do istoty zawsze jest równoznaczne z zaskarżeniem rozstrzygnięć o kosztach procesu i o nieuiszczonych kosztach sądowych, gdyż nie może dojść do sytuacji, aby rozstrzygnięcia te uprawomocniły się przed ostatecznym rozstrzygnięciem sporu i aby nie odpowiadały wynikowi procesu. Tym samym kwotę nieuiszczonych kosztów sądowych na podstawie <xLexLink xArt="art. 113;art. 113 ust. 1" xIsapId="WDU20051671398" xTitle="Ustawa z dnia 28 lipca 2005 r. o kosztach sądowych w sprawach cywilnych" xAddress="Dz. U. z 2005 r. Nr 167, poz. 1398">art. 113 ust. 1 ustawy z dnia 28 lipca 2005 roku o kosztach sądowych w sprawach cywilnych</xLexLink> należało stosunkowo rozdzielić w proporcji odpowiadającej wynikowi procesu, co oznacza, że 34,04 % z kwoty 418,91 zł powinien uiścić Skarbowi Państwa pozwany (kwota 142,60 zł), a pozostałą część tej kwoty – powódka.</xText>
          <xText>Apelacja pozwanego została uwzględniona w 71,45 % (co do kwoty 18.018,74 zł z zaskarżonej kwoty 25.218,74 zł należności głównej). Tym samym na podstawie <xLexLink xArt="art. 100" xIsapId="WDU19640430296" xTitle="Ustawa z dnia 17 listopada 1964 r. - Kodeks postępowania cywilnego" xAddress="Dz. U. z 1964 r. Nr 43, poz. 296">art. 100 k.p.c.</xLexLink> w zw. z <xLexLink xArt="art. 391;art. 391 § 1" xIsapId="WDU19640430296" xTitle="Ustawa z dnia 17 listopada 1964 r. - Kodeks postępowania cywilnego" xAddress="Dz. U. z 1964 r. Nr 43, poz. 296">art. 391 § 1 k.p.c.</xLexLink> należało stosunkowo rozdzielić koszty postępowania odwoławczego, które po stronie pozwanej wyniosły 2.461 zł (opłata od apelacji w kwocie 1.261 zł i wynagrodzenie pełnomocnika – radcy prawnego w stawce minimalnej wynoszącej 1.200 zł), a po stronie powodowej – 1.200 zł (wynagrodzenie pełnomocnika – radcy prawnego w stawce minimalnej). Tym samym powódka powinna ponieść 71,45 % z sumy kosztów postępowania apelacyjnego wynoszącej 3.661 zł, co daje kwotę 2.615,78 zł, a skoro poniosła niższe koszty (1.200 zł), powinna zwrócić pozwanemu różnicę (1.415,78 zł).</xText>
          <xText>Z tych względów na podstawie <xLexLink xArt="art. 386;art. 386 § 1" xIsapId="WDU19640430296" xTitle="Ustawa z dnia 17 listopada 1964 r. - Kodeks postępowania cywilnego" xAddress="Dz. U. z 1964 r. Nr 43, poz. 296">art. 386 § 1 k.p.c.</xLexLink> i <xLexLink xArt="art. 385" xIsapId="WDU19640430296" xTitle="Ustawa z dnia 17 listopada 1964 r. - Kodeks postępowania cywilnego" xAddress="Dz. U. z 1964 r. Nr 43, poz. 296">art. 385 k.p.c.</xLexLink> Sąd Okręgowy orzekł jak w sentencji wyroku.</xText>
        </xUnit>
      </xBlock>
    </xPart>
  </judgement>
<judgement id="153000000001521_III_AUa_000086_2014_Uz_2014-04-03_001">
    <xPart xEditorFullName="Bożena Karczmarz" xYear="2014" xLang="PL" xPublisherFullName="Ewa Sidor" xFromPg="1" xEditor="karczmarz" xVolType="15/300000/0001521/AUa" xPublisher="sidor" xDocType="Uz" xVolNmbr="000086" xVersion="1.0" xToPage="8" xFlag="published">
      <xName>Wyrok+Uzasadnienie</xName>
      <xBlock>
        <xText>Sygn. akt III AUa 86/14</xText>
        
        <xUnit xIsTitle="true" xType="part" xBold="true">
          <xName>WYROK</xName>
          <xTitle>W IMIENIU RZECZYPOSPOLITEJ POLSKIEJ</xTitle>
          <xText>Dnia 3 kwietnia 2014 r.</xText>
          
          <xText>
            <xBx>Sąd Apelacyjny w Lublinie III Wydział Pracy i Ubezpieczeń Społecznych </xBx>
          </xText>
          
          <xText>w składzie:</xText>
          <xRows>
            <xCOLGROUPx>
              <xCOLx xWIDTHx="236"/>
              <xCOLx xWIDTHx="413"/>
            </xCOLGROUPx>
            <xRow>
              <xClmn xALIGNx="left" xVALIGNx="middle">
                <xText>Przewodniczący - Sędzia</xText>
              </xClmn>
              <xClmn xALIGNx="left" xVALIGNx="middle">
                <xText>SA Barbara Mazurkiewicz-Nowikowska</xText>
              </xClmn>
            </xRow>
            <xRow>
              <xClmn xALIGNx="left" xVALIGNx="top">
                <xText>Sędziowie:</xText>
              </xClmn>
              <xClmn xALIGNx="left" xVALIGNx="middle">
                <xText>SA Małgorzata Rokicka - Radoniewicz</xText>
                <xText>SA Elżbieta Czaja (spr.)</xText>
              </xClmn>
            </xRow>
            <xRow>
              <xClmn xALIGNx="left" xClmnSpan="2" xVALIGNx="middle">
                <xText>Protokolant: stażysta Joanna Malena</xText>
              </xClmn>
            </xRow>
          </xRows>
          <xText>po rozpoznaniu w dniu 3 kwietnia 2014 r. w Lublinie</xText>
          <xText>sprawy <xAnon>D. G.</xAnon></xText>
          <xText>przeciwko Zakładowi Ubezpieczeń Społecznych Oddziałowi w <xAnon>L.</xAnon></xText>
          <xText>o wysokość emerytury</xText>
          <xText>na skutek apelacji wnioskodawczyni <xAnon>D. G.</xAnon></xText>
          <xText>od wyroku Sądu Okręgowego w Lublinie</xText>
          <xText>z dnia 7 listopada 2013 r.    sygn. akt VII U 1546/13</xText>
          
          <xText xALIGNx="center">
            <xBx>oddala apelację.</xBx>
          </xText>
          
          <xText>
            <xBx>Sygn. Akt III AUa 86/14</xBx>
          </xText>
        </xUnit>
        <xUnit xIsTitle="true" xType="part" xBold="true">
          <xName>UZASADNIENIE</xName>
          <xText>Decyzją z dnia 15.04.2013 r., Zakład Ubezpieczeń Społecznych, Oddział w <xAnon>L.</xAnon>, przeliczył emeryturę <xAnon>D. G.</xAnon> i od tego dnia przyznał ubezpieczonej emeryturę z tytułu osiągnięcia powszechnego wieku emerytalnego, ustalając wysokość tego świadczenia w następujący sposób:</xText>
          <xText>- podstawę obliczenia emerytury ustalono poprzez zsumowanie kwoty składek zewidencjonowanych na koncie ubezpieczonej z uwzględnieniem waloryzacji (143.110,27 zł) z kwotą zwaloryzowanego kapitału początkowego (409.870,79 zł), co prowadziło do uzyskania kwoty: 552.981,06 zł;</xText>
          <xText>- tak otrzymaną podstawę obliczenia emerytury pomniejszono o kwoty emerytur dotychczas wypłaconych ubezpieczonej (we wcześniejszym wieku emerytalnym), tj. o łączną kwotę 130.229,57 zł;</xText>
          <xText>- pomniejszoną w ten sposób podstawę obliczenia emerytury podzielono przez średnie dalsze trwanie życia osób w wieku równym wiekowi przejścia przez ubezpieczoną na emeryturę, tj. 224,20 miesięcy. Organ rentowy ustalił wysokość emerytury przysługującej <xAnon>D. G.</xAnon> w kwocie 1.731,17 zł.</xText>
          <xText>ZUS nie podjął wypłaty tak ustalonego świadczenia z uwagi na to, że jego wysokość jest niższa od emerytury dotychczas pobieranej przez ubezpieczoną (2.486,30 zł) i dlatego wypłacane jest jej świadczenie w dotychczasowej wysokości.</xText>
          <xText>Odwołaniem, wniesionym dnia 17.05.2013 r. <xAnon>D. G.</xAnon> domagała się zmiany powyższej decyzji przez ustalenie jej prawa do emerytury bez pomniejszenia świadczenia o wypłacone już emerytury wcześniejsze, poczynając od miesiąca kwietnia 2013 r. W uzasadnieniu swojego żądania skarżąca podała, że prawo do emerytury w powszechnym wieku emerytalnym nabyła w dniu <xAnon>(...)</xAnon>z chwilą ukończenia 60 lat. Do ustalenia tego świadczenia winny mieć zastosowanie przepisy obowiązujące we wskazanej dacie, a wówczas nie obowiązywała regulacja, zgodnie z którą podstawa emerytury „powszechnej” ulega pomniejszeniu o kwoty wcześniej wypłaconych emerytur. .</xText>
          <xText>W odpowiedzi na odwołanie organ rentowy wniósł o jego oddalenie.</xText>
          <xText>Wyrokiem z dnia 7 listopada 2013 roku Sąd Okręgowy w Lublinie oddalił odwołanie .</xText>
          <xText>Podstawą wyroku były następujące ustalenia :</xText>
          <xText><xAnon>D. G.</xAnon>, <xAnon>ur. (...)</xAnon>, pobierała wcześniejszą emeryturę od dnia 01.03.2008r. ubezpieczona ukończyła 60 lat w dniu <xAnon>(...)</xAnon></xText>
          <xText>Dnia 04.04.2013 r. skarżąca złożyła wniosek o emeryturę, wnosząc o przyjęcie, na podstawie przedłożonych dokumentów, najkorzystniejszego wariantu ustalenia podstawy wymiaru świadczenia. Jednocześnie <xAnon>D. G.</xAnon> wniosła o przeliczenie emerytury w związku z przepracowaniem ponad 30-miesięcznego okresu po przyznaniu emerytury po raz pierwszy i osiągnięciem powszechnego wieku emerytalnego.</xText>
          <xText>Organ rentowy decyzją z 09.04.2013 r., wstrzymał wypłatę emerytury dotychczas przysługującej wnioskodawczyni. Następnie ZUS potwierdził okres ubezpieczenia wnioskodawczyni oraz kwoty podstaw wymiaru jej składek za okres po wystawieniu poprzedniego potwierdzenia, dokonał waloryzacji kapitału początkowego, a także zsumował kwoty dotychczas pobranego świadczenia . Ustalono sumaryczny staż ubezpieczeniowy wnioskodawczyni na dzień 12.04.2013 r. W takim stanie sprawy została wydana zaskarżona decyzja.</xText>
          <xText>Wnioskodawczyni nie kwestionowała ustaleń faktycznych organu rentowego, dotyczących jej stażu emerytalnego, kwot składek zewidencjonowanych na jej koncie, czy też wysokości kapitału początkowego.</xText>
          <xText>Przedmiotem zarzutów sformułowanych w odwołaniu i okolicznością sporną w niniejszej sprawie był sposób zastosowania przez organ rentowy przepisów emerytalnych, a konkretnie normy nakazującej pomniejszenie podstawy przedmiotowego świadczenia o kwoty emerytur dotychczas wypłaconych ubezpieczonej.</xText>
          <xText>Sąd uznał, że odwołanie nie zasługuje na uwzględnienie.</xText>
          <xText>Zgodnie z <xLexLink xArt="art. 24;art. 24 ust. 1;art. 24 ust. 1 a" xIsapId="WDU19981621118" xTitle="Ustawa z dnia 17 grudnia 1998 r. o emeryturach i rentach z Funduszu Ubezpieczeń Społecznych" xAddress="Dz. U. z 1998 r. Nr 162, poz. 1118">art. 24 ust. 1 i 1a ustawy z dnia 17 grudnia 1998 r. o emeryturach i rentach z Funduszu Ubezpieczeń Społecznych</xLexLink> (Dz. U. z 2009 r., nr 153, poz. 1227 ze zm.) kobiecie urodzonej do dnia 31.12.1952 r. przysługuje emerytura po osiągnięciu wieku co najmniej 60 lat. <xAnon>D. G.</xAnon> osiągnęła powyższy wiek w dniu <xAnon>(...)</xAnon>przez co spełniła jedyną przesłankę do nabycia przedmiotowego świadczenia.</xText>
          <xText>Wysokość świadczenia o jakim mowa, ustala się na podstawie art. 25 powołanej ustawy. W myśl ust. 1 tego artykułu podstawę obliczenia emerytury stanowi kwota składek na ubezpieczenie emerytalne, z uwzględnieniem waloryzacji składek zewidencjonowanych na koncie ubezpieczonego do końca miesiąca poprzedzającego miesiąc, od którego przysługuje wypłata emerytury, oraz zwaloryzowanego kapitału początkowego.</xText>
          <xText>Z kolei ust. 1b powołanego artykułu nakazuje tak otrzymaną podstawę pomniejszyć o sumę kwot emerytur pobranych na podstawie przepisów art. 26b, 46, 50, 50a, 50e, 184 ustawy emerytalnej lub <xLexLink xArt="art. 88" xIsapId="WDU19820030019" xTitle="Ustawa z dnia 26 stycznia 1982 r. Karta Nauczyciela" xAddress="Dz. U. z 1982 r. Nr 3, poz. 19">art. 88 ustawy z dnia 26 stycznia 1982 r.</xLexLink> - Karta Nauczyciela (Dz. U. z 2006 r. Nr 97, poz. 674, z późn. zm.) w wysokości przed odliczeniem zaliczki na podatek dochodowy od osób fizycznych i składki na ubezpieczenie zdrowotne.</xText>
          <xText>Ostatnio wskazany przepis został dodany do ustawy emerytalnej z dniem 01.01.2013 r., na mocy ustawy z dnia 11 maja 2012 r. o zmianie ustawy o emeryturach i rentach z Funduszu Ubezpieczeń Społecznych oraz niektórych innych ustaw (Dz. U. z 2012 r., poz. 637 – dalej – „ustawa nowelizująca”).</xText>
          <xText>Do dnia 15.03.2013 r. wnioskodawczyni pobierała emeryturę na podstawie art. 46 ustawy emerytalnej, tj. w myśl art. 29 w związku z art. 46 – jako osoba urodzona po dniu 31.12.1948 r., której świadczenie emerytalne przyznano przed osiągnięciem powszechnego wieku emerytalnego.</xText>
          <xText>Kwoty ostatnio wskazanego świadczenia, pobrane przez ubezpieczoną, podlegały odjęciu od podstawy emerytury ustalonej jej w zaskarżonej decyzji.</xText>
          <xText>Jest tak po pierwsze dlatego, że wyłącznie na podstawie wniosku organ rentowy mógł rozstrzygać w przedmiocie emerytury <xAnon>D. G.</xAnon>, po drugie mogło to nastąpić jedynie w oparciu o przepisy obowiązujące w dacie złożenia wniosku, tj. na gruncie niniejszej sprawy – w dniu 04.04.2013 r.</xText>
          <xText>Art. 116 ust. 1 ustawy emerytalnej stanowi, że postępowanie w sprawach świadczeń wszczyna się na podstawie wniosku zainteresowanego, chyba że ustawa stanowi inaczej.</xText>
          <xText>Powyższa zasada – w odniesieniu do przyznawania świadczeń emerytalnych – jest przełamana na rzecz działania przez ZUS z urzędu tylko w kilku przypadkach, które nie mogły znaleźć zastosowania w przedmiotowym stanie faktycznym (chodzi o sytuacje objęte hipotezą przepisów: art. 24a i 27a ustawy emerytalnej, dotyczące przyznania emerytury w miejsce renty oraz o przypadek przewidziany w art. 116 ust. 1 tej ustawy, który dotyczy przyznania emerytury w miejsce świadczenia, bądź zasiłku przedemerytalnego).</xText>
          <xText>Sąd zwrócił uwagę, że art. 100 ust. 1 powoływanej ustawy ustanawia kolejną zasadę, że prawo do świadczeń określonych w ustawie powstaje z dniem spełnienia wszystkich warunków wymaganych do nabycia tego prawa. Przepis ten jest umiejscowiony wśród regulacji dotyczących zasad ustalania prawa do świadczeń.</xText>
          <xText>Z kolei art. 129 ust. 1 ustawy emerytalnej, należący do grupy przepisów regulujących zasady wypłaty przewidzianych w tym akcie świadczeń, stanowi, że wypłaca się je poczynając od dnia powstania prawa do tych świadczeń, nie wcześniej jednak niż od miesiąca, w którym zgłoszono wniosek lub wydano decyzję z urzędu.</xText>
          <xText>Zarzut postawiony przez ubezpieczoną w odwołaniu, następnie rozwinięty w piśmie procesowym jej profesjonalnego pełnomocnika sprowadza się do zastosowania zasad niedziałania prawa wstecz oraz ochrony praw nabytych.</xText>
          <xText>W pierwszym rzędzie Sąd zwrócił uwagę, że zasada nie retroakcji nie ma bezwzględnego charakteru (por. uzasadnienie uchwały 7 sędziów SN z 21.04. 1999 r., III ZP 6/99). Poza tym trzeba odróżnić objętą zakresem działania tej zasady retroakcję, tj. stosowanie nowych przepisów do sytuacji „zamkniętych” czasowo w okresie obowiązywania przepisów dawnych od retrospekcji, tj. dalszego stosowania nowych przepisów do sytuacji (stosunków prawnych), powstałych pod rządem starego prawa, a ulegających kontynuacji po zastąpieniu go nowymi regulacjami (inaczej zasada bezpośredniego działania ustawy nowej). To właśnie tej drugiej sytuacji dotyczy przedmiotowy spór.</xText>
          <xText>W prawie ubezpieczeń społecznych, w sytuacji, gdy międzyczasowy aspekt zastosowania konkretnej regulacji nie jest rozstrzygnięty za pomocą przepisów przejściowych, judykatura przyznaje pierwszeństwo zastosowaniu zasady bezpośredniego działania nowych przepisów (por. uzasadnienie postanowienia SN z 07.01.2009 r., III UZP 2/08 oraz powołane tam orzecznictwo). Sąd zwrócił uwagę, że przepisy ubezpieczeniowe są elementem systemu tzw. bodźców prawno-finansowych, które są zsynchronizowane z aktualną sytuacją społeczno-ekonomiczną, stąd zmiany tych regulacji powinny jak najwcześniej podlegać zastosowaniu.</xText>
          <xText>Powołane przez pełnomocnika skarżącej orzeczenia: Sądu Apelacyjnego w Białymstoku z 21.09.2000 r., III AUa 497/00 oraz SN z 13.09.2005 r., I UK 354/04 nie znajdują bezpośredniego odniesienia na gruncie niniejszej sprawy, albowiem dotyczą zgoła odmiennych stanów faktycznych. Wskazane rozstrzygnięcia dotyczyły kwestii zastosowania przepisów międzyczasowych ustawy emerytalnej (art. 180 i n.), a więc pola zastosowania konkretnych regulacji przechodnich, których dla potrzeb orzekania w przedmiotowej sprawie brak. Niemniej jednak jedna z ten powołanego wyroku SN w sprawie I UK 354/04 bezpośrednio wskazuje, że wniosek o świadczenie emerytalno-rentowe podlega rozpoznaniu według stanu prawnego obowiązującego w dacie jego złożenia, chyba że co innego wynika z przepisów szczególnych.</xText>
          <xText>Sąd wskazał nadto, że będące przedmiotem sporu prawo, z którego korzysta ubezpieczona, nie doznało uszczerbku. W zaskarżonej decyzji nie podjęto wypłaty nowo ustalonej emerytury, albowiem jej wysokość jest niższa od kwoty świadczenia, jakie skarżąca pobierała dotychczas. Wobec tego emerytura <xAnon>D. G.</xAnon> jest wypłacana w dotychczasowej wysokości.</xText>
          <xText>Jakkolwiek więc emeryturę w powszechnym wieku emerytalnym traktuje się jako kontynuację, tj. jedno świadczenie z emeryturą wcześniejszą, to w przedmiotowej sprawie obydwa świadczenia zostały potraktowane odrębnie, ale uznane za pozostające w zbiegu. Wobec powyższego zastosowano przepis art. 95 ust. 1 ustawy emerytalnej, zgodnie z którym w razie zbiegu u jednej osoby prawa do kilku świadczeń przewidzianych w ustawie wypłaca się jedno z tych świadczeń – wyższe lub wybrane przez zainteresowanego.</xText>
          <xText>W niniejszej sprawie zarzuty skarżącej przedstawione w odwołaniu nie znalazły potwierdzenia, nie było więc podstaw do zmiany zaskarżonej decyzji i odwołanie podlegało oddaleniu.</xText>
          <xText>Mając powyższe na względzie, na podstawie powołanych przepisów oraz <xLexLink xArt="art. 477(14);art. 477(14) § 1" xIsapId="WDU19640430296" xTitle="Ustawa z dnia 17 listopada 1964 r. - Kodeks postępowania cywilnego" xAddress="Dz. U. z 1964 r. Nr 43, poz. 296">art. 477<xSUPx>14</xSUPx> § 1 k.p.c.</xLexLink>, orzeczono, jak w wyroku.</xText>
          <xText>Od tego wyroku apelację wniosła wnioskodawczyni.</xText>
          <xText>Wyrokowi zarzuciła naruszenie prawa materialnego - 100 <xLexLink xArt="ust. 1" xIsapId="WDU19981621118" xTitle="Ustawa z dnia 17 grudnia 1998 r. o emeryturach i rentach z Funduszu Ubezpieczeń Społecznych" xAddress="Dz. U. z 1998 r. Nr 162, poz. 1118">ust. 1 ustawy z 17 grudnia 1998 roku o emeryturach i rentach z Funduszu Ubezpieczeń Społecznych</xLexLink> (Dz. U. z 2009 r. nr. 153 z póz. zm. ) poprzez jego błędną wykładnię i przyjęcie, że prawo do świadczeń emerytalnych powstaje z dniem spełnienia wszystkich warunków wymaganych do nabycia tego prawa, przyjmując również, że warunkiem takim jest moment złożenia wniosku o przyznanie i wyliczenie emerytury, w sytuacji gdy warunkiem najistotniejszym jest moment nabycia prawa do emerytury przez uprawnioną czyli data uzyskania prawa do emerytury poprzez osiągnięcie wieku emerytalnego</xText>
          <xText>- naruszenie prawa materialnego - art. 25 ust 1b o emeryturach i rentach z Funduszu Ubezpieczeń poprzez jego błędną wykładnię i polegające na zastosowaniu mniej korzystnych przepisów ustawy przy obliczaniu wysokości świadczenia emerytalnego, nieuwzględnienie, że wnioskodawczyni nabyła prawo do emerytury powszechnej (a jednocześnie do wysokości świadczeń) w trakcie obowiązywania przepisów na podstawie których świadczenie emerytalne byłoby wyższe niż tzw. emerytura wcześniejsza oraz nie miała by obowiązku zwrotu kwoty wypłaconej tytułem emerytury wcześniejszej</xText>
          <xText>- naruszenie zasady ochrony praw nabytych poprzez nieuwzględnienie, że wnioskodawczyni nabyła prawo do emerytury powszechnej w momencie obowiązywania przepisów w których podstawa świadczenia emerytalnego nie ulegała by pomniejszeniu o kwoty wypłaconych już emerytur.</xText>
          <xText>Wskazując na powyższe wnosiła o zmianę wyroku i decyzji poprzez ustalenie emerytury bez pomniejszenia świadczenia emerytalnego o kwotę 130. 230 zł wypłaconą tytułem świadczeń we wcześniejszym wieku emerytalnym, oraz zasądzenie na rzecz powódki kosztów zastępstwa procesowego wg norm prawem przepisanych.</xText>
          <xText>Sąd Apelacyjny zważył, co następuje:</xText>
          <xText>Apelacja nie zasługuje na uwzględnienie. Sąd Okręgowy dokonał prawidłowych ustaleń faktycznych i wydał, odpowiadające prawu rozstrzygniecie, przedstawiając stosowną argumentację prawną. Ustalenia Sądu I instancji i wyprowadzone na ich podstawie wnioski Sąd Apelacyjny podziela. W tej sytuacji nie zachodzi potrzeba szczegółowego powtarzania ustaleń faktycznych oraz dokonanej w uzasadnieniu zaskarżonego wyroku interpretacji przepisów prawa mających zastosowanie w niniejszej sprawie.</xText>
          <xText>Wbrew zarzutom skarżącej Sąd Okręgowy nie dopuścił się błędnej wykładni przepisu <xLexLink xArt="art. 100;art. 100 ust. 1;art. 25;art. 25 ust. 1 b" xIsapId="WDU19981621118" xTitle="Ustawa z dnia 17 grudnia 1998 r. o emeryturach i rentach z Funduszu Ubezpieczeń Społecznych" xAddress="Dz. U. z 1998 r. Nr 162, poz. 1118">art.100 ust 1 i art. 25 ust 1b ustawy o emeryturach i rentach z Funduszu Ubezpieczeń Społecznych</xLexLink>. ( Dz. U. z 2009 r. nr. 153 z póz zm. ).</xText>
          <xText>Przede wszystkim podkreślić należy, że z mocy art. 116 ust. 1 cytowanej ustawy, postępowanie w sprawach świadczeń wszczyna się na wniosek.</xText>
          <xText>Nadto w zakresie wypłaty wszystkich świadczeń z ubezpieczeń społecznych obowiązuje ogólna reguła, wynikająca z art. 129 ust. 1 ustawy zgodnie, z którą świadczenia wypłaca się poczynając od dnia powstania prawa do tych świadczeń, nie wcześniej jednak niż od miesiąca, w którym zgłoszono wniosek lub wydano decyzję z urzędu. Istotnie, w myśl art. 100 tej ustawy, prawo do świadczeń określonych w ustawie powstaje z dniem spełnienia wszystkich warunków wymaganych do nabycia tego prawa, jednakże samo spełnienie warunków wymaganych do nabycia prawa do świadczenia nie rodzi po stronie organu rentowego zobowiązania z tytułu powstałego świadczenia, gdyż zależy to od złożenia przez zainteresowanego stosownego wniosku. Ustawa o emeryturach i rentach z FUS odróżnia bowiem moment powstania prawa od momentu wypłaty świadczenia nie wcześniej niż od miesiąca zgłoszenia wniosku lub wydania decyzji z urzędu. Wnioskodawczyni wystąpiła z wnioskiem o ustalenie prawa do emerytury w dniu 4 kwietnia 2013 roku, wobec czego organ rentowy przyznał jej prawo do tego świadczenia od miesiąca złożenia wniosku.</xText>
          <xText>W tym stanie rzeczy , wbrew zarzutom apelacji, prawidłowo Sąd I instancji przyjął, że to właśnie data złożenia wniosku wskazuje na to, jaki stan prawny winien być brany pod uwagę jako kryterium ustalenia zarówno prawa jak i jego wysokości. Wynika to również z przepisu art. 186 cytowanej ustawy o FUS, w szczególności z jego ustępu 2 pkt 1 wskazującego, że przepisy ustawy stosuje się do wniosków o świadczenia zgłoszonych począwszy od dnia jej wejścia w życie. Przepis ten przewiduje stosowanie ustawy o FUS we wszystkich tych sprawach, w których wprawdzie wniosek został złożony przed jej wejściem w życie, lecz dopiero na jej gruncie możliwe jest przyznanie prawa do świadczenia lub podwyższenie jego wysokości, jak to ma miejsce w obu przypadkach wymienionych w ustępie 1, a także wówczas, gdy choć jedna przesłanka do przyznania prawa do świadczenia została spełniona po wejściu w życie ustawy. Nie przewiduje natomiast - jako zasady - możliwości stosowania poprzedniego stanu prawnego, jeżeli tylko wniosek o przyznanie prawa do świadczenia został zgłoszony po jej wejściu w życie. Zweryfikować tę zasadę mogą wyłącznie przepisy intertemporalne (por. wyrok Sądu Apelacyjnego w Katowicach z dnia 6 czerwca 2013 roku ( III AUa 1806/12 , <xIx>LEX nr 1335638.) </xIx></xText>
          <xText>Art. 25 ust. 1b ustawy nakazujący tak jak to miało miejsce w przypadku wnioskodawczyni pomniejszenie podstawy obliczenia emerytury o kwotę stanowiącą sumę kwot pobranych emerytur w wysokości przed odliczeniem zaliczki na podatek dochodowy od osób fizycznych i składki na ubezpieczenie zdrowotne - został dodany do ustawy emerytalnej z dniem 01.01.2013 r., na mocy ustawy z dnia 11 maja 2012 r. o <xIx>zmianie ustawy o emeryturach i rentach z Funduszu Ubezpieczeń Społecznych oraz niektórych innych ustaw</xIx> (Dz. U. z 2012 r., poz. 637).  Ustawa ta nie zawierała żadnych przepisów intertemporalnych, należy zatem przyjąć, że przepis ten znajduje zastosowanie do wszystkich wniosków zgłoszonych począwszy od dnia jego wejścia w życie, tzn. od dnia 1 stycznia 2013 roku.</xText>
          <xText>Prawidłowo więc w zaskarżonej decyzji ustalona została wysokość emerytury wnioskodawczyni, z uwzględnieniem stanu prawnego obowiązującego po dniu 1 stycznia 2013 roku.</xText>
          <xText>W świetle przedstawionej argumentacji, nie są trafne też wywody apelacji dotyczące naruszenia zasady ochrony praw nabytych. Dodatkowo, pokreślić należy za sądem I instancji, że będące przedmiotem sporu prawo, z którego korzysta ubezpieczona, nie doznało uszczerbku. W zaskarżonej decyzji nie podjęto wypłaty nowo ustalonej emerytury, albowiem jej wysokość jest niższa od kwoty świadczenia, jakie skarżąca pobierała dotychczas. Wobec tego emerytura <xAnon>D. G.</xAnon> jest wypłacana w dotychczasowej wysokości.</xText>
          <xText>W tym stanie rzeczy wyrok Sądu Okręgowego odpowiada prawu, a apelacja jako bezzasadna podlega oddaleniu.</xText>
          <xText>Mając powyższe na uwadze Sąd Apelacyjny na podstawie <xLexLink xArt="art. 385" xIsapId="WDU19640430296" xTitle="Ustawa z dnia 17 listopada 1964 r. - Kodeks postępowania cywilnego" xAddress="Dz. U. z 1964 r. Nr 43, poz. 296">art. 385 k.p.c.</xLexLink> orzekł jak w sentencji.</xText>
        </xUnit>
      </xBlock>
    </xPart>
  </judgement>
<judgement id="153510000002006_IV_Ka_000049_2014_Uz_2014-04-15_001">
    <xPart xEditorFullName="Aleksandra Kamińska" xYear="2014" xLang="PL" xPublisherFullName="Daria Mielcarek-Gadzińska" xFromPg="1" xEditor="aleksandra.kaminska" xVolType="15/351000/0002006/Ka" xPublisher="daria.mielcarek-gadzinska" xDocType="Uz" xVolNmbr="000049" xVersion="1.0" xToPage="2" xFlag="published">
      <xName>Wyrok+Uzasadnienie</xName>
      <xBlock>
        <xUnit xIsTitle="true" xBold="true" xType="part">
          <xName>WYROK</xName>
          <xText xALIGNx="center">
            <xBx>W IMIENIU RZECZYPOSPOLITEJ POLSKIEJ</xBx>
          </xText>
          <xText xALIGNx="right">
            <xBx>Dnia 3 kwietnia 2014r.</xBx>
          </xText>
          <xText>Sąd Okręgowy w Poznaniu w IV Wydziale Karnym Odwoławczym w składzie:</xText>
          <xText>Przewodniczący SSO Hanna Bartkowiak</xText>
          <xText>Sędziowie SSO Ewa Taberska ( spr.)</xText>
          <xText>SSO Leszek Matuszewski</xText>
          <xText>
            <xBx> Protokolant apl. adw. <xAnon>A. M.</xAnon></xBx>
          </xText>
          <xText>Przy udziale Prokuratora Prokuratury Okręgowej Haliny Pągowskiej</xText>
          <xText>po rozpoznaniu w dniu 3 kwietnia 2014r.</xText>
          <xText>sprawy <xBx><xAnon>Ł. F.</xAnon> vel <xAnon>N.</xAnon></xBx></xText>
          <xText>oskarżonego z <xLexLink xArt="art. 284;art. 284 § 1" xIsapId="WDU19970880553" xTitle="Ustawa z dnia 6 czerwca 1997 r. - Kodeks karny" xAddress="Dz. U. z 1997 r. Nr 88, poz. 553">art. 284 § 1 kk</xLexLink></xText>
          <xText>z powodu apelacji wniesionej przez pełnomocnika oskarżyciela posiłkowego</xText>
          <xText>od wyroku Sądu Rejonowego Poznań Stare Miasto w <xAnon>P.</xAnon></xText>
          <xText>z dnia 30 sierpnia 2013r. sygn. akt VIII K 252/13</xText>
          <xUnit xIsTitle="false" xType="none">
            <xName xSffx=".">1</xName>
            <xText>Zmienia zaskarżony wyrok w ten sposób, że na podstawie <xLexLink xArt="art. 46;art. 46 § 1" xIsapId="WDU19970880553" xTitle="Ustawa z dnia 6 czerwca 1997 r. - Kodeks karny" xAddress="Dz. U. z 1997 r. Nr 88, poz. 553">art. 46 § 1 kk</xLexLink> orzeka wobec oskarżonego <xAnon>Ł. F.</xAnon> vel <xAnon>N.</xAnon> środek karny w postaci obowiązku naprawienia szkody poprzez zapłatę na rzecz pokrzywdzonego <xAnon>J. Z.</xAnon> kwoty 10.450,00 (dziesięć tysięcy czterysta pięćdziesiąt złotych) tytułem naprawienia szkody wyrządzonej przestępstwem.</xText>
          </xUnit>
          <xUnit xIsTitle="false" xType="none">
            <xName xSffx=".">2</xName>
            <xText>W pozostałym zakresie zaskarżony wyrok utrzymuje w mocy</xText>
          </xUnit>
          <xUnit xIsTitle="false" xType="none">
            <xName xSffx=".">3</xName>
            <xText>Zwalnia oskarżonego od zwrotu Skarbowi Państwa kosztów sądowych za postępowanie odwoławcze</xText>
          </xUnit>
          <xText>
            <xAnon>L. M.</xAnon>
            <xAnon>H. E.</xAnon>
            <xAnon>T.</xAnon>
          </xText>
        </xUnit>
        <xUnit xIsTitle="true" xBold="true" xType="part">
          <xName>UZASADNIENIE</xName>
          <xText><xAnon>Ł. F.</xAnon> vel <xAnon>N.</xAnon> został oskarżony o to, że:</xText>
          <xText>w nieustalonym dniu stycznia 2012 r. w <xAnon>P.</xAnon> przywłaszczył sobie należący do <xAnon>J. Z.</xAnon> ultrasonograf <xAnon>A.</xAnon> 4000 wraz z trzema głowicami: konwektorową, liniową i endowaginalną o wartości 38 000 zł na szkodę w/w tj. o przestępstwo z <xLexLink xArt="art. 284;art. 284 § 1" xIsapId="WDU19970880553" xTitle="Ustawa z dnia 6 czerwca 1997 r. - Kodeks karny" xAddress="Dz. U. z 1997 r. Nr 88, poz. 553">art. 284 § 1 k.k.</xLexLink></xText>
          <xText>
            <xUx>Wyrokiem zaocznym z dnia 30 sierpnia 2013 r. Sąd Rejonowy Poznań – Stare Miasto w <xAnon>P.</xAnon> (sygn. akt VIII K 252/13):</xUx>
          </xText>
          <xEnum>
            <xBullet>-</xBullet>
            <xEnumElem>
              <xText>Oskarżonego <xAnon>Ł. F.</xAnon> vel <xAnon>N.</xAnon> uznał za winnego tego, że w styczniu 2012 r. w <xAnon>P.</xAnon> przywłaszczył ultrasonograf <xAnon>A.</xAnon> 4000 wraz z trzema głowicami o łącznej wartości 38 000 zł na szkodę <xAnon>J. Z.</xAnon>, tj. występku z <xLexLink xArt="art. 284;art. 284 § 1" xIsapId="WDU19970880553" xTitle="Ustawa z dnia 6 czerwca 1997 r. - Kodeks karny" xAddress="Dz. U. z 1997 r. Nr 88, poz. 553">art. 284 § 1 k.k.</xLexLink> i za to na podstawie <xLexLink xArt="art. 284;art. 284 § 1" xIsapId="WDU19970880553" xTitle="Ustawa z dnia 6 czerwca 1997 r. - Kodeks karny" xAddress="Dz. U. z 1997 r. Nr 88, poz. 553">art. 284 § 1 k.k.</xLexLink> wymierzył mu karę 8 miesięcy pozbawienia wolności,</xText>
            </xEnumElem>
            <xEnumElem>
              <xText>Na podstawie <xLexLink xArt="art. 69;art. 69 § 1;art. 69 § 2" xIsapId="WDU19970880553" xTitle="Ustawa z dnia 6 czerwca 1997 r. - Kodeks karny" xAddress="Dz. U. z 1997 r. Nr 88, poz. 553">art. 69 § 1 i 2 k.k.</xLexLink> i <xLexLink xArt="art. 70;art. 70 § 1;art. 70 § 1 pkt. 1" xIsapId="WDU19970880553" xTitle="Ustawa z dnia 6 czerwca 1997 r. - Kodeks karny" xAddress="Dz. U. z 1997 r. Nr 88, poz. 553">art. 70 § 1 pkt 1 k.k.</xLexLink> wykonanie orzeczonej kary pozbawienia wolności warunkowo zawiesił na okres 2 lat tytułem próby,</xText>
            </xEnumElem>
            <xEnumElem>
              <xText>Na podstawie <xLexLink xArt="art. 33;art. 33 § 1;art. 33 § 3" xIsapId="WDU19970880553" xTitle="Ustawa z dnia 6 czerwca 1997 r. - Kodeks karny" xAddress="Dz. U. z 1997 r. Nr 88, poz. 553">art. 33 § 1 i 3 k.k.</xLexLink> w zw. z <xLexLink xArt="art. 71;art. 71 § 1" xIsapId="WDU19970880553" xTitle="Ustawa z dnia 6 czerwca 1997 r. - Kodeks karny" xAddress="Dz. U. z 1997 r. Nr 88, poz. 553">art. 71 § 1 k.k.</xLexLink> wymierzył oskarżonemu karę 150 stawek dziennych grzywny ustalając wysokość jednej stawki na kwotę 10 zł,</xText>
            </xEnumElem>
            <xEnumElem>
              <xText>Na podstawie <xLexLink xArt="art. 627" xIsapId="WDU19970890555" xTitle="Ustawa z dnia 6 czerwca 1997 r. - Kodeks postępowania karnego" xAddress="Dz. U. z 1997 r. Nr 89, poz. 555">art. 627 k.p.k.</xLexLink> zasądził od oskarżonego na rzecz Skarbu Państwa koszty sądowe w całości, tj. w kwocie 90 zł, a na podstawie <xLexLink xArt="art. 1;art. 2;art. 2 ust. 1;art. 2 ust. 1 pkt. 3;art. 3;art. 3 ust. 2" xIsapId="WDU19730270152" xTitle="Ustawa z dnia 23 czerwca 1973 r. o opłatach w sprawach karnych" xAddress="Dz. U. z 1973 r. Nr 27, poz. 152">art. 1, art. 2 ust. 1 pkt 3 i art. 3 ust. 2 ustawy z dnia 23 czerwca 1973 r. o opłatach w sprawach karnych</xLexLink> wymierzył mu opłatę w kwocie 330 zł.</xText>
            </xEnumElem>
          </xEnum>
          <xText><xUx>Powyższy wyrok został zaskarżony przez pełnomocnika oskarżyciela posiłkowego</xUx> na niekorzyść oskarżonego w zakresie niezastosowania wobec oskarżonego środka karnego w postaci obowiązku naprawienia szkody w całości na rzecz oskarżyciela posiłkowego <xAnon>J. Z.</xAnon> na podstawie <xLexLink xArt="art. 46" xIsapId="WDU19970880553" xTitle="Ustawa z dnia 6 czerwca 1997 r. - Kodeks karny" xAddress="Dz. U. z 1997 r. Nr 88, poz. 553">art. 46 k.k.</xLexLink> Obrońca oskarżonego zarzucił rozstrzygnięciu niesłuszne niezastosowanie środka karnego poprzez nie zobowiązanie oskarżonego do naprawienia całej szkody poprzez zapłatę na rzecz oskarżyciela posiłkowego <xAnon>J. Z.</xAnon> kwoty 12 853,50 złotych.</xText>
          <xText>Obrońca oskarżonego wniósł o zmianę zaskarżonego wyroku poprzez zobowiązanie oskarżonego do naprawienia całej szkody przez zapłatę na rzecz oskarżyciela posiłkowego <xAnon>J. Z.</xAnon> kwoty 12 853,50 złotych jako środka karnego ewentualnie o uchylenie zaskarżonego wyroku w tej części i przekazanie sprawy Sądowi Rejonowemu Poznań – Stare Miasto w <xAnon>P.</xAnon> do ponownego rozpoznania.</xText>
          <xText>
            <xBx>Sąd Okręgowy zważył co następuje:</xBx>
          </xText>
          <xText>Apelacja pełnomocnika oskarżyciela posiłkowego okazała się częściowo zasadna.</xText>
          <xText>Na wstępie należy podnieść, że skarżący nie kwestionował poczynionych przez Sąd Rejonowy ustaleń faktycznych, ani zastosowanej do przypisanego oskarżonemu czynu kwalifikacji prawnej, jak też rodzaju i wysokości orzeczonej kary.</xText>
          <xText>Ponieważ Sąd Okręgowy nie dostrzegł podstaw do ingerencji w powyższym zakresie w zaskarżony wyrok (brak przesłanek z <xLexLink xArt="art. 439" xIsapId="WDU19970890555" xTitle="Ustawa z dnia 6 czerwca 1997 r. - Kodeks postępowania karnego" xAddress="Dz. U. z 1997 r. Nr 89, poz. 555">art. 439 k.p.k.</xLexLink> i <xLexLink xArt="art. 440" xIsapId="WDU19970890555" xTitle="Ustawa z dnia 6 czerwca 1997 r. - Kodeks postępowania karnego" xAddress="Dz. U. z 1997 r. Nr 89, poz. 555">art. 440 k.p.k.</xLexLink>), dlatego też rozważania swoje ograniczy tylko do sformułowanego we wniesionej apelacji zarzutu, to jest do zarzutu naruszenia przez Sąd I instancji <xLexLink xArt="art. 46;art. 46 § 1" xIsapId="WDU19970880553" xTitle="Ustawa z dnia 6 czerwca 1997 r. - Kodeks karny" xAddress="Dz. U. z 1997 r. Nr 88, poz. 553">art. 46 § 1 k.k.</xLexLink>.</xText>
          <xText>I tak Sąd Odwoławczy podnosi, iż zgodnie z <xLexLink xArt="art. 46;art. 46 § 1" xIsapId="WDU19970880553" xTitle="Ustawa z dnia 6 czerwca 1997 r. - Kodeks karny" xAddress="Dz. U. z 1997 r. Nr 88, poz. 553">art. 46 § 1 k.k.</xLexLink>, w razie skazania sąd może orzec, a na wniosek pokrzywdzonego lub innej osoby uprawnionej orzeka, obowiązek naprawienia wyrządzonej przestępstwem szkody w całości albo w części lub zadośćuczynienia za doznaną krzywdę.</xText>
          <xText>Stwierdzić również należy, iż istota środka karnego w postaci obowiązku naprawienia szkody lub zadośćuczynienia za doznaną krzywdę opiera się na założeniu, że jednym z celów procesu karnego jest rozwiązanie konfliktu pomiędzy sprawcą a pokrzywdzonym, a sposobem rozwiązania czy złagodzenia tego konfliktu jest między innymi naprawienie szkody wyrządzonej przestępstwem (kompensacyjna funkcja prawa karnego); Buchała (w:) Buchała, <xAnon>Z.</xAnon>, s. 358-359. W wyroku z dnia 23 lipca 2009 r., V KK 124/09, LEX nr 519632, Sąd Najwyższy stwierdził, że: „Z samej istoty środka karnego przewidzianego w <xLexLink xArt="art. 39;art. 39 pkt. 5" xIsapId="WDU19970880553" xTitle="Ustawa z dnia 6 czerwca 1997 r. - Kodeks karny" xAddress="Dz. U. z 1997 r. Nr 88, poz. 553">art. 39 pkt 5 k.k.</xLexLink> i <xLexLink xArt="art. 46;art. 46 § 1" xIsapId="WDU19970880553" xTitle="Ustawa z dnia 6 czerwca 1997 r. - Kodeks karny" xAddress="Dz. U. z 1997 r. Nr 88, poz. 553">art. 46 § 1 k.k.</xLexLink> wynika jego prawnokarny, represyjny charakter, dopiero w drugim rzędzie realizujący też funkcję kompensacyjną”. Orzeczenie omawianego środka jest możliwe w przypadku skazania za jakiekolwiek przestępstwo, z którego wynikła szkoda lub które spowodowało wyrządzenie pokrzywdzonemu krzywdy. Aktualnie więc orzeczenie tego środka nie jest już ograniczone rodzajem popełnionego przestępstwa.</xText>
          <xText>W niniejszej sprawie nie ulega wątpliwości, iż ultrasonograf <xAnon>A.</xAnon>, będący przedmiotem umowy sprzedaży z dnia 24.11.2011 r. zawartej pomiędzy <xAnon>J. Z.</xAnon> a oskarżonym <xAnon>Ł. F.</xAnon> vel <xAnon>N.</xAnon> został wydany oskarżonemu. Oskarżony jednak nie wywiązał się z zawartej umowy i pomimo upływu terminu płatności za zakupione urządzenie i kilkukrotnego monitowania przez pokrzywdzonego, nie zapłacił za zakupiony aparat <xAnon>A.</xAnon> ani także, pomimo takiego żądania, nie wydał pokrzywdzonemu zakupionego sprzętu. W toku prowadzonego postępowania przygotowawczego, ultrasonograf został ujawniony przez funkcjonariuszy policji w mieszkaniu oskarżonego i przez nich zatrzymany. Po odebraniu przez pokrzywdzonego przedmiotowego aparatu, zlecił on jego sprawdzenie <xAnon> firmie (...) sp. z o. o.</xAnon>, która zajmuje się sprzedażą i naprawą sprzętu ultrasonograficznego. W wyniku sprawdzenia stwierdzono, że aparat jest niesprawny z uwagi na wymianę w nim oryginalnego twardego dysku, który jest uszkodzony, a koszty wymiany twardego dysku wraz z oprogramowaniem oszacowano na łączną kwotę 10 450 złotych netto (12 853,50 złotych brutto).</xText>
          <xText>Sąd Okręgowy stwierdza, iż nie podziela stanowiska Sądu I instancji, że szkoda związana z uszkodzeniem aparatu <xAnon>A.</xAnon> nie powstała w bezpośrednim związku z popełnieniem przestępstwa przypisanego oskarżonemu. W niniejszej sprawie strony zawarły umowę sprzedaży rzeczy. Jak wynikało z zapisów przedmiotowej umowy, sprzedający zobowiązał się wydać przedmiot umowy w dniu jej podpisania, zaś kupujący zobowiązał się do zapłaty ceny w kwocie 38 000 złotych w terminie 21 dni od daty podpisania umowy i przekazania przedmiotu umowy. Strony uzgodniły jednocześnie, że przeniesienie prawa własności przedmiotu sprzedaży na kupującego nastąpi z chwilą zapłaty przez niego całej ceny, nadto, iż własność przedmiotu sprzedaży przejdzie na kupującego bez składania dodatkowych oświadczeń woli. Zdaniem Sądu <xIx>ad quem</xIx>, nie jest warunkiem niezbędnym orzeczenia środka karnego w postaci obowiązku zaprawienia szkody ażeby wyrządzona szkoda (materialna lub niematerialne) należała do ustawowych znamion przestępstwa, za które sprawca został skazany. Wystarczy, że jest ona bezpośrednim następstwem danego przestępstwa (<xIx>zob. A. Marek, T. Oczkowski, [w:] Melezini (red.), system, s. 707</xIx>). Jak wskazano w orzecznictwie, szkodą, do której naprawienia sąd zobowiązuje sprawcę, jest równowartość rzeczywistej szkody wynikłej bezpośrednio z przestępstwa i nie jest dopuszczalne uwzględnianie przy ustalaniu jej wysokości tych składników i elementów szkody, które wynikły z następstw czynu, np. odsetek (tak: <xIx>wyrok Sądu Najwyższego z 04.02.2002 r., II KKN 385/01, LEX nr 53028</xIx>). Ponadto, wprawdzie określony w <xLexLink xArt="art. 46;art. 46 § 1" xIsapId="WDU19970880553" xTitle="Ustawa z dnia 6 czerwca 1997 r. - Kodeks karny" xAddress="Dz. U. z 1997 r. Nr 88, poz. 553">art. 46 § 1 k.k.</xLexLink> obowiązek naprawienia szkody jest środkiem karnym, jednakże przy jego orzekaniu należy kierować się zasadami prawa cywilnego dotyczącymi ustalenia wielkości szkody majątkowej lub doznanej krzywdy (szkoda niemajątkowa), biorąc także pod uwagę stopień przyczynienia się pokrzywdzonego do jej powstania. Można uwzględniać tylko te składniki lub elementy szkody, które wynikły bezpośrednio z zachowania się sprawcy lub ze skutków tego zachowania się (<xIx>por. wyrok SN z dnia 10 maja 1994 r., WR 75/94, OSNKW 1994, nr 7-8, poz. 46</xIx>).</xText>
          <xText>W świetle powyższych rozważań nie sposób uznać, iż uszkodzenie ultrasonografu <xAnon>A.</xAnon> nie ma bezpośredniego związku z przestępstwem przywłaszczenia. Oskarżonemu, zgodnie z umową, został wydany aparat <xAnon>A.</xAnon>, jednak nie został on właścicielem tego urządzenia, gdyż warunkiem przejścia prawa własności aparatu miało być uiszczenie przez oskarżonego ceny zakupy. Pomimo tego, oskarżony najwyraźniej postępował z rzeczą jak właściciel, ponieważ w wyniku jego działań doszło do uszkodzenia twardego dysku. Pokrzywdzony, będący nadal właścicielem przedmiotowego ultrasonografu, w wyniku odebrania rzeczy oskarżonemu przez funkcjonariuszy policji, odzyskał należącą do niego rzecz w stanie uszkodzonym, a koszty naprawy aparatu, tj. wymiany twardego dysku z oprogramowaniem zostały wycenione na 10 450 złotych netto. Bez wątpienia zatem można uznać, że gdyby nie działanie oskarżonego, tj. zachowania stanowiące realizację znamion przywłaszczenia rzeczy, nie doszłoby do uszkodzenia ultrasonografu <xAnon>A.</xAnon> i powstania szkody w określonej wysokości w majątku pokrzywdzonego, będącego właścicielem tego aparatu.</xText>
          <xText>W tej sytuacji Sąd <xIx>ad quem</xIx> uznał, że zachodzą wszystkie ustawowe przesłanki orzekania obowiązku naprawienia szkody z <xLexLink xArt="art. 46;art. 46 § 1" xIsapId="WDU19970880553" xTitle="Ustawa z dnia 6 czerwca 1997 r. - Kodeks karny" xAddress="Dz. U. z 1997 r. Nr 88, poz. 553">art. 46 § 1 k.k.</xLexLink>: skazanie za przestępstwo wyrządzające szkodę, związek przyczynowy między przestępstwem a szkoda oraz istnienie szkody w chwili orzekania. Jak bowiem wskazał oskarżyciel posiłkowy na rozprawie apelacyjnej, ultrasonograf nadal nie został naprawiony zgodnie z serwisową wyceną, ponieważ efekt końcowy byłby finansowo niekorzystny z uwagi na postęp technologii i spadek wartości cen aparatów używanych, Jednocześnie oskarżyciel posiłkowy oświadczył, iż nie dochodzi swoich roszczeń od oskarżonego na drodze powództwa cywilnego.</xText>
          <xText>Mając na uwadze powyższe, Sąd Okręgowy na podstawie <xLexLink xArt="art. 437;art. 437 § 2" xIsapId="WDU19970890555" xTitle="Ustawa z dnia 6 czerwca 1997 r. - Kodeks postępowania karnego" xAddress="Dz. U. z 1997 r. Nr 89, poz. 555">art. 437 § 2 k.p.k.</xLexLink> zmieniał zaskarżony wyrok w ten sposób, że na podstawie <xLexLink xArt="art. 46;art. 46 § 1" xIsapId="WDU19970880553" xTitle="Ustawa z dnia 6 czerwca 1997 r. - Kodeks karny" xAddress="Dz. U. z 1997 r. Nr 88, poz. 553">art. 46 § 1 k.k.</xLexLink> orzekł wobec oskarżonego <xAnon>Ł. F.</xAnon> vel <xAnon>N.</xAnon> środek karny w postaci obowiązku naprawienia szkody poprzez zapłatę na rzecz pokrzywdzonego <xAnon>J. Z.</xAnon> kwoty 10 450 złotych tytułem naprawienia szkody wyrządzonej przestępstwem. Sąd Odwoławczy nie zasądził przedmiotowej kwoty powiększonej o kwotę podatku od towarów i usług. Jak wskazano w orzecznictwie na gruncie prawa cywilnego, podatek VAT ma znaczenie cenotwórcze i może wpłynąć na wysokość odszkodowania, ale tylko wtedy, gdy poszkodowany - rekompensując poniesiony uszczerbek majątkowy - efektywnie go poniesie (<xIx>tak: wyrok Sądu Najwyższego z 18.01.2001 r., V CKN 193/00, LEX nr 53113</xIx>). Oskarżyciel posiłkowy do chwili obecnej nie poniósł kosztów naprawy ultrasonografu <xAnon>A.</xAnon>, co przyznał na rozprawie apelacyjnej, brak było zatem podstaw do zasądzania kwoty 10 450 złotych powiększonej o podatek od towarów i usług.</xText>
          <xText>W pozostałym zakresie, nie znajdując podstaw do dalszej ingerencji w zaskarżone orzeczenie, Sąd Odwoławczy wyrok Sądu I instancji utrzymał w mocy.</xText>
          <xText>Kształtując natomiast swe orzeczenie o kosztach, Sąd Okręgowy na podstawie <xLexLink xArt="art. 624;art. 624 § 1" xIsapId="WDU19970890555" xTitle="Ustawa z dnia 6 czerwca 1997 r. - Kodeks postępowania karnego" xAddress="Dz. U. z 1997 r. Nr 89, poz. 555">art. 624 § 1 k.p.k.</xLexLink> w związku z <xLexLink xArt="art. 634" xIsapId="WDU19970890555" xTitle="Ustawa z dnia 6 czerwca 1997 r. - Kodeks postępowania karnego" xAddress="Dz. U. z 1997 r. Nr 89, poz. 555">art. 634 k.p.k.</xLexLink>, kierując się względami słuszności, zwolnił oskarżonego z obowiązku zapłaty Skarbowi Państwa kosztów procesu za postępowanie odwoławcze i nie wymierzył mu opłaty sądowej za II instancję, gdyż konieczność zmiany zaskarżonego wyroku w postępowaniu odwoławczym wynikała z przyczyn leżących po stronie Sądu Rejonowego.</xText>
          <xText>
            <xAnon>L. M.</xAnon>
            <xAnon>H. E.</xAnon>
            <xAnon>T.</xAnon>
          </xText>
        </xUnit>
      </xBlock>
    </xPart>
  </judgement>
<judgement id="155025251020006_VII_K_000575_2013_Uz_2014-04-03_002">
    <xPart xEditorFullName="Marzanna Małek" xYear="2013" xLang="PL" xPublisherFullName="Marzanna Małek" xFromPg="1" xEditor="mmalek" xVolType="15/502525/1020006/K" xPublisher="mmalek" xDocType="Uz" xVolNmbr="000575" xVersion="1.0" xToPage="3" xFlag="published">
      <xName>Wyrok+Uzasadnienie</xName>
      <xBlock>
        <xText>Sygnatura akt <xBx>VII K 575/13</xBx></xText>
        
        <xUnit xIsTitle="true" xBold="true" xType="part">
          <xName>WYROK</xName>
          <xTitle>W IMIENIU RZECZYPOSPOLITEJ POLSKIEJ</xTitle>
          <xText xALIGNx="right">Dnia 3 kwietnia 2014 r.</xText>
          
          <xText>Sąd Rejonowy w Środzie Śląskiej VII Zamiejscowy Wydział Karny z siedzibą w Wołowie w składzie:</xText>
          
          <xText>Przewodniczący SSR Tomasz Paprocki</xText>
          <xText>Protokolant  Edyta Lickiewicz</xText>
          
          <xText>po rozpoznaniu w dniu 3 kwietnia 2014 r.</xText>
          <xText>sprawy</xText>
          
          <xText>
            <xBx><xAnon>M. R.</xAnon>, córki <xAnon>J.</xAnon> i <xAnon>M.</xAnon> z domu <xAnon>R.</xAnon>, <xAnon>urodzonej (...)</xAnon> w <xAnon>L.</xAnon></xBx>
          </xText>
          
          <xText>
            <xBx>oskarżonej o to, że </xBx>
          </xText>
          <xText>w dniu 11 września 2013 roku w miejscowości <xAnon>B.</xAnon>, znajdując się w stanie nietrzeźwości (1,25 i 1,18 mg/l alkoholu w wydychanym powietrzu), kierowała samochodem osobowym marki <xAnon>O. (...)</xAnon> o <xAnon>nr rejestracyjnym (...)</xAnon> w ruchu lądowym,</xText>
          <xText>
            <xBx>tj. o czyn z <xLexLink xArt="art. 178 a;art. 178 a § 1" xIsapId="WDU19970880553" xTitle="Ustawa z dnia 6 czerwca 1997 r. - Kodeks karny" xAddress="Dz. U. z 1997 r. Nr 88, poz. 553">art. 178a § 1 kk</xLexLink></xBx>
          </xText>
          
          <xUnit xIsTitle="false" xType="none">
            <xName xSffx=".">I</xName>
            <xText>
              <xBx>uznaje oskarżoną <xUx><xAnon>M. R.</xAnon></xUx> za winną popełnienia czynu opisanego w części wstępnej wyroku, stanowiącego przestępstwo z <xLexLink xArt="art. 178 a;art. 178 a § 1" xIsapId="WDU19970880553" xTitle="Ustawa z dnia 6 czerwca 1997 r. - Kodeks karny" xAddress="Dz. U. z 1997 r. Nr 88, poz. 553">art. 178a § 1 kk</xLexLink> i za to na podstawie tego przepisu wymierza jej karę 6 miesięcy pozbawienia wolności;</xBx>
            </xText>
          </xUnit>
          <xUnit xIsTitle="false" xType="none">
            <xName xSffx=".">II</xName>
            <xText>
              <xBx>na podstawie <xLexLink xArt="art. 69;art. 69 § 1;art. 69 § 2" xIsapId="WDU19970880553" xTitle="Ustawa z dnia 6 czerwca 1997 r. - Kodeks karny" xAddress="Dz. U. z 1997 r. Nr 88, poz. 553">art. 69 § 1 i 2 kk</xLexLink> i <xLexLink xArt="art. 70;art. 70 § 1;art. 70 § 1 pkt. 1" xIsapId="WDU19970880553" xTitle="Ustawa z dnia 6 czerwca 1997 r. - Kodeks karny" xAddress="Dz. U. z 1997 r. Nr 88, poz. 553">art. 70 § 1 pkt 1 kk</xLexLink> warunkowo zawiesza oskarżonej wykonanie wymierzonej kary pozbawienia wolności na okres 3 lat próby; </xBx>
            </xText>
          </xUnit>
          <xUnit xIsTitle="false" xType="none">
            <xName xSffx=".">III</xName>
            <xText>
              <xBx>na podstawie <xLexLink xArt="art. 49;art. 49 § 2" xIsapId="WDU19970880553" xTitle="Ustawa z dnia 6 czerwca 1997 r. - Kodeks karny" xAddress="Dz. U. z 1997 r. Nr 88, poz. 553">art. 49 § 2 kk</xLexLink> orzeka od oskarżonej świadczenie pieniężne w wysokości 100 zł na rzecz Funduszu Pomocy Pokrzywdzonym i Pomocy Postpenitencjarnej;</xBx>
            </xText>
          </xUnit>
          <xUnit xIsTitle="false" xType="none">
            <xName xSffx=".">IV</xName>
            <xText>
              <xBx>na podstawie <xLexLink xArt="art. 42;art. 42 § 2" xIsapId="WDU19970880553" xTitle="Ustawa z dnia 6 czerwca 1997 r. - Kodeks karny" xAddress="Dz. U. z 1997 r. Nr 88, poz. 553">art. 42 § 2 kk</xLexLink> orzeka wobec oskarżonej środek karny w postaci zakazu prowadzenia wszelkich pojazdów mechanicznych w ruchu lądowym na okres 4 lat; </xBx>
            </xText>
          </xUnit>
          <xUnit xIsTitle="false" xType="none">
            <xName xSffx=".">V</xName>
            <xText>
              <xBx>na podstawie <xLexLink xArt="art. 63;art. 63 § 2" xIsapId="WDU19970880553" xTitle="Ustawa z dnia 6 czerwca 1997 r. - Kodeks karny" xAddress="Dz. U. z 1997 r. Nr 88, poz. 553">art. 63 § 2 kk</xLexLink> zalicza oskarżonej na poczet orzeczonego środka karnego okres zatrzymania prawa jazdy od 11 września 2013 r.; </xBx>
            </xText>
          </xUnit>
          <xUnit xIsTitle="false" xType="none">
            <xName xSffx=".">VI</xName>
            <xText>
              <xBx>na podstawie <xLexLink xArt="art. 624;art. 624 § 1" xIsapId="WDU19970890555" xTitle="Ustawa z dnia 6 czerwca 1997 r. - Kodeks postępowania karnego" xAddress="Dz. U. z 1997 r. Nr 89, poz. 555">art. 624 § 1 kpk</xLexLink> i <xLexLink xArt="art. 17;art. 17 ust. 1" xIsapId="WDU19730270152" xTitle="Ustawa z dnia 23 czerwca 1973 r. o opłatach w sprawach karnych" xAddress="Dz. U. z 1973 r. Nr 27, poz. 152">art. 17 ust. 1 ustawy z dnia 23 czerwca 1973 roku o opłatach w sprawach karnych</xLexLink> zwalnia oskarżoną od zapłaty kosztów sądowych, w tym od opłaty. </xBx>
            </xText>
          </xUnit>
          
          <xText>
            <xBx>Sygn. akt VII K 575/13</xBx>
          </xText>
        </xUnit>
        <xUnit xIsTitle="true" xBold="true" xType="part">
          <xName>UZASADNIENIE</xName>
          <xText xALIGNx="center">Sąd ustalił następujący stan faktyczny:</xText>
          
          <xText><xAnon>M. R.</xAnon> w dniu 11 września 2013 r. ok. godziny 7:25 wracała od koleżanki zamieszkałej w <xAnon>N.</xAnon> i kierowała samochodem <xAnon>O. (...)</xAnon> o <xAnon>nr rej. (...)</xAnon>.</xText>
          <xText>W <xAnon>B.</xAnon> przy <xAnon>ul. (...)</xAnon> została zatrzymana przez patrol policji do kontroli drogowej. Pierwsze badanie alkomatem wykonane o godzinie 07:39 wykazało u <xAnon>M. R.</xAnon> 1,25 mg/l, a drugie badanie wykonane o godzinie 08:04 wykazało 1,18 mg/l alkoholu w wydychanym powietrzu.</xText>
          
          <xText>
            <xBx>Dowód:</xBx>
          </xText>
          <xText>- wyjaśnienia oskarżonej – k. 30;</xText>
          <xText>- protokół użycia urządzenia kontrolno – pomiarowego – k. 2;</xText>
          <xText>- zeznania świadka <xAnon>K. K. (1)</xAnon> – k. 13;</xText>
          <xText>- zeznania świadka <xAnon>K. K. (2)</xAnon> – k. 14.</xText>
          
          <xText>Oskarżona <xAnon>M. R.</xAnon> zarówno w trakcie dochodzenia, jak i w postępowaniu przed Sądem w całości przyznała się do popełnienia zarzucanego jej czynu.</xText>
          
          <xText xALIGNx="center">
            <xBx>Sąd zważył:</xBx>
          </xText>
          
          <xText>W świetle zgromadzonego w sprawie materiału dowodowego wina, sprawstwo i okoliczności popełnienia przez oskarżoną przypisanego jej przestępstwa nie budziły wątpliwości Sądu.</xText>
          <xText>Ustalając stan faktyczny, Sąd oparł się na dowodach z wyjaśnień oskarżonej i zeznań świadków oraz dowodach z dokumentów załączonych do aktu oskarżenia.</xText>
          <xText>Powyższym dowodom Sąd dał wiarę w całości, albowiem były one spójne, korelujące ze sobą i brak było jakichkolwiek powodów, aby zakwestionować ich wartość dowodową.</xText>
          <xText>Wyjaśnienia oskarżonej znajdują potwierdzenie w pozostałym materiale dowodowym zgromadzonym w toku postępowania, a w szczególności w zeznaniach świadków i protokole badania alkomatem.</xText>
          <xText>Dowody w jednoznaczny sposób wskazują zatem, że oskarżona dopuściła się przypisanego jej czynu, tj. przestępstwa z <xLexLink xArt="art. 178 a;art. 178 a § 1" xIsapId="WDU19970880553" xTitle="Ustawa z dnia 6 czerwca 1997 r. - Kodeks karny" xAddress="Dz. U. z 1997 r. Nr 88, poz. 553">art. 178a § 1 kk</xLexLink> - kierowała bowiem samochodem, będąc w stanie nietrzeźwości.</xText>
          <xText>Wymierzając oskarżonej karę, Sąd miał na uwadze dyspozycje określone w <xLexLink xArt="art. 53" xIsapId="WDU19970880553" xTitle="Ustawa z dnia 6 czerwca 1997 r. - Kodeks karny" xAddress="Dz. U. z 1997 r. Nr 88, poz. 553">art. 53 kk</xLexLink>.  Rozstrzygając o karze, Sąd stanął na stanowisku, że kara sześciu miesięcy pozbawienia wolności z warunkowym zawieszeniem jej wykonania na okres czterech lat próby będzie karą adekwatną do stopnia winy i społecznej szkodliwości popełnionego przez oskarżoną czynu.</xText>
          <xText>Jazda samochodem w stanie nietrzeźwości (w szczególności stwierdzonym u oskarżonej) jest czynem o znacznej społecznej szkodliwości z uwagi na zagrożenie jakie stwarzają osoby nietrzeźwe uczestniczące w ruchu drogowym.</xText>
          <xText>Okolicznością obciążającą oskarżoną jest znaczny stopień nietrzeźwości, który podczas pierwszego badania przekroczył pięciokrotnie dolną granicę stanu nietrzeźwości ustaloną na poziomie 0,25 mg/l alkoholu w wydychanym powietrzu.</xText>
          <xText>Okolicznością obciążającą oskarżoną była również uprzednia karalność, w tym za przestępstwo z <xLexLink xArt="art. 178 a;art. 178 a § 1" xIsapId="WDU19970880553" xTitle="Ustawa z dnia 6 czerwca 1997 r. - Kodeks karny" xAddress="Dz. U. z 1997 r. Nr 88, poz. 553">art. 178a § 1 kk</xLexLink>, choć popełnione przed wydaniem wyroku w przedmiotowej sprawie.</xText>
          <xText>Jedyną okolicznością przemawiającą na korzyść <xAnon>M. R.</xAnon> jest to, że oskarżona przyznała się do winy i w żaden sposób nie kwestionowała swojego sprawstwa zarówno w postępowaniu przygotowawczym, jak i w postępowaniu przed Sądem.</xText>
          <xText>W tym stanie rzeczy Sąd uznał za zasadne wymierzenie oskarżonej kary pozbawienia wolności. Mając na uwadze wyrażoną skruchę i prezentowaną przed Sądem postawę oraz fakt, że uprzednie przestępstwo z <xLexLink xArt="art. 178 a;art. 178 a § 1" xIsapId="WDU19970880553" xTitle="Ustawa z dnia 6 czerwca 1997 r. - Kodeks karny" xAddress="Dz. U. z 1997 r. Nr 88, poz. 553">art. 178a § 1 kk</xLexLink> popełnione zostało przed wydaniem wyroku w przedmiotowej sprawie, Sąd zdecydował o warunkowym zawieszeniu wykonania kary.</xText>
          <xText>W stosunku do oskarżonej zachodzą przesłanki do orzeczenia środka karnego w postaci długiego zakazu prowadzenia wszelkich pojazdów mechanicznych w ruchu lądowym. Oskarżona była już bowiem karana za przestępstwo z <xLexLink xArt="art. 178 a;art. 178 a § 1" xIsapId="WDU19970880553" xTitle="Ustawa z dnia 6 czerwca 1997 r. - Kodeks karny" xAddress="Dz. U. z 1997 r. Nr 88, poz. 553">art. 178a § 1 kk</xLexLink>. Ponadto za orzeczeniem środka karnego w czteroletnim wymiarze przemawia znaczny stopień stwierdzonego u oskarżonej stężenia alkoholu.</xText>
          <xText>W celu dodatkowego uświadomienia oskarżonej naganności jej postępowania, na podstawie <xLexLink xArt="art. 49;art. 49 § 2" xIsapId="WDU19970880553" xTitle="Ustawa z dnia 6 czerwca 1997 r. - Kodeks karny" xAddress="Dz. U. z 1997 r. Nr 88, poz. 553">art. 49 § 2 kk</xLexLink> orzeczono od oskarżonej świadczenie pieniężne w wysokości stu złotych na rzecz Funduszu Pomocy Pokrzywdzonym i Pomocy Postpenitencjarnej.</xText>
          <xText>Ustalając wysokość świadczenia, Sąd wziął pod uwagę możliwości zarobkowe i sytuację materialną i osobistą oskarżonej, uznając, że obowiązek zapłaty 100 zł nie będzie stanowił dla niej dolegliwości przekraczającej jej możliwości finansowe, tym bardziej, że zwolniono oskarżoną od zapłaty kosztów sądowych.</xText>
        </xUnit>
      </xBlock>
    </xPart>
  </judgement>
<judgement id="151515000003006_VI_Ka_001074_2013_Uz_2014-04-04_001">
    <xPart xEditorFullName="Marzena Mocek" xYear="2013" xLang="PL" xPublisherFullName="Marzena Mocek" xFromPg="1" xEditor="mocekm" xVolType="15/151500/0003006/Ka" xPublisher="mocekm" xDocType="Uz" xVolNmbr="001074" xVersion="1.0" xToPage="2" xFlag="published">
      <xName>Wyrok+Uzasadnienie</xName>
      <xBlock>
        <xText>
          <xBx>Sygnatura akt VI Ka 1074/13</xBx>
        </xText>
        
        <xUnit xIsTitle="true" xType="part" xBold="true">
          <xName>WYROK</xName>
          <xTitle>W IMIENIU RZECZYPOSPOLITEJ POLSKIEJ</xTitle>
          <xText>Dnia<xBx> 4 kwietnia 2014</xBx> r.</xText>
          
          <xText>Sąd Okręgowy w Gliwicach, Wydział VI Karny Odwoławczy w składzie:</xText>
          
          <xText>Przewodniczący  SSO Grzegorz Kiepura (spr.)</xText>
          <xText>Sędziowie SSO Kazimierz Cieślikowski</xText>
          <xText>SSO Arkadiusz Łata</xText>
          
          <xText>Protokolant Sylwia Sitarz</xText>
          
          <xText>po rozpoznaniu w dniu 4 kwietnia 2014 r.</xText>
          
          <xText>sprawy <xBx><xAnon>A. L.</xAnon></xBx><xAnon>ur. (...)</xAnon> w <xAnon>G.</xAnon></xText>
          <xText>córki <xAnon>J.</xAnon> i <xAnon>H.</xAnon></xText>
          <xText>oskarżonej z <xLexLink xArt="art. 284;art. 284 § 1" xIsapId="WDU19970880553" xTitle="Ustawa z dnia 6 czerwca 1997 r. - Kodeks karny" xAddress="Dz. U. z 1997 r. Nr 88, poz. 553">art. 284§1 kk</xLexLink></xText>
          
          <xText>na skutek apelacji wniesionej przez pełnomocnika oskarżyciela subsydiarnego</xText>
          <xText>od wyroku Sądu Rejonowego w Gliwicach</xText>
          <xText>z dnia 26 sierpnia 2013 r.    sygnatura akt III K 1774/11</xText>
          
          <xText>na mocy <xLexLink xArt="art. 437;art. 437 § 1" xIsapId="WDU19970890555" xTitle="Ustawa z dnia 6 czerwca 1997 r. - Kodeks postępowania karnego" xAddress="Dz. U. z 1997 r. Nr 89, poz. 555">art. 437 § 1 kpk</xLexLink> i <xLexLink xArt="art. 636;art. 636 § 1" xIsapId="WDU19970890555" xTitle="Ustawa z dnia 6 czerwca 1997 r. - Kodeks postępowania karnego" xAddress="Dz. U. z 1997 r. Nr 89, poz. 555">art. 636 § 1 kpk</xLexLink></xText>
          <xUnit xIsTitle="false" xType="none">
            <xName xSffx=".">1</xName>
            <xText>utrzymuje w mocy zaskarżony wyrok uznając apelację za oczywiście bezzasadną;</xText>
          </xUnit>
          <xUnit xIsTitle="false" xType="none">
            <xName xSffx=".">2</xName>
            <xText>zasądza od oskarżyciela subsydiarnego <xAnon>K. L.</xAnon> na rzecz oskarżonej <xAnon>A. L.</xAnon> kwotę 420 zł (czterysta dwadzieścia złotych) tytułem zwrotu wydatków poniesionych na ustanowienie obrońcy w postępowaniu odwoławczym;</xText>
          </xUnit>
          <xText>3. wymierza oskarżycielowi subsydiarnemu opłatę za II instancję w kwocie 60 zł (sześćdziesiąt złotych) i obciąża go wydatkami Skarbu Państwa poniesionymi w postępowaniu odwoławczym, uznając te wydatki za uregulowane w drodze ryczałtu.</xText>
          
          <xText>VI Ka 1074/13</xText>
        </xUnit>
        <xUnit xIsTitle="true" xType="part" xBold="true">
          <xName>UZASADNIENIE</xName>
          <xText>Apelację od wyroku wniósł pełnomocnik oskarżyciela subsydiarnego. Zarzucił on orzeczeniu błąd w ustaleniach faktycznych przyjętych za jego podstawę, a polegający na przyjęciu, iż oskarżona nie dopuściła się popełnienia zarzucanego jej czynu z <xLexLink xArt="art. 284;art. 284 § 1" xIsapId="WDU19970880553" xTitle="Ustawa z dnia 6 czerwca 1997 r. - Kodeks karny" xAddress="Dz. U. z 1997 r. Nr 88, poz. 553">art. 284 § 1 kk</xLexLink>. W oparciu o tak sformułowany zarzut odwołujący się wniósł o uchylenie zaskarżonego wyroku i przekazanie sprawy do ponownego rozpoznania sądowi rejonowemu.</xText>
          <xText>Apelacja okazała się bezzasadna w stopniu oczywistym. Sąd pierwszej instancji dokonał bowiem prawidłowych ustaleń faktycznych w oparciu o całokształt materiału dowodowego ujawnionego w toku rozprawy, a wszystkie przeprowadzone dowody ocenił swobodnie, z uwzględnieniem zasad prawidłowego rozumowania oraz wskazań wiedzy i doświadczenia życiowego. Słusznie zauważa apelujący, iż zgodnie z <xLexLink xArt="art. 36;art. 36 § 2" xIsapId="WDU19640090059" xTitle="Ustawa z dnia 25 lutego 1964 r. - Kodeks rodzinny i opiekuńczy" xAddress="Dz. U. z 1964 r. Nr 9, poz. 59">art. 36 § 2 krio</xLexLink> każdy z małżonków może samodzielnie zarządzać majątkiem wspólnym. Materiał dowodowy zgromadzony w niniejszej sprawie nie pozwalał na stwierdzenie aby oskarżona sprawująca ów „zarząd” działała z pokrzywdzeniem oskarżyciela subsydiarnego. Przeciwnie jej decyzje dotyczące majątku wspólnego były racjonalne i należycie udokumentowane. Fakt, iż oskarżona przekazała kwotę 158.000 zł, stanowiącą majątek wspólny, na osobiste konto bankowe nie oznacza, że automatycznie przywłaszczyła te środki, jak sugeruje we wniesionym środku odwoławczym pełnomocnik oskarżyciela posiłkowego. Oskarżona przedstawiła szczegółowe wyliczenia i zestawienia, z których jasno wynikało, że pobrane środki pieniężne przeznaczyła na spłatę wspólnych zobowiązań i utrzymanie wspólnych dzieci. Jak trafnie zauważył sąd pierwszej instancji w toku małżeństwa stron to na oskarżonej spoczywał obowiązek płacenia rachunków i regulowania wszelkich opłat, gdyż taki był zwyczaj panujący w ich rodzinie. Spłacając wspólne zobowiązania oskarżona nie czyniła tego wyłącznie na swoją rzecz, ale również na rzecz męża. Reasumując, stwierdzić należy, że sąd pierwszej instancji prawidłowo ustalił, że oskarżona pieniądze przekazane na swoje konto osobiste wydała na potrzeby rodziny, budowę wspólnego domu, utrzymanie dzieci, opłacenie rachunków i długów. Szczegółowe wyliczenia pokazują, że oskarżona pobraną kwotę w całości przeznaczyła na zaspokojenie potrzeb rodziny, a zatem nie doszło do powiększenia jej majątku osobistego. Słusznie zatem sąd rejonowy uniewinnił oskarżoną od popełnienia zarzucanego jej występku z <xLexLink xArt="art. 284;art. 284 § 2" xIsapId="WDU19970880553" xTitle="Ustawa z dnia 6 czerwca 1997 r. - Kodeks karny" xAddress="Dz. U. z 1997 r. Nr 88, poz. 553">art. 284 § 2 kk</xLexLink>. W związku z tym, że zarzuty apelacyjne okazały się całkowicie chybione, zaskarżony wyrok należało utrzymać w mocy, uznając apelację z oczywiście bezzasadną. Rozstrzygnięcie o kosztach procesu za postępowanie odwoławcze ma swoje uzasadnienie w treści <xLexLink xArt="art. 636;art. 636 § 1" xIsapId="WDU19970890555" xTitle="Ustawa z dnia 6 czerwca 1997 r. - Kodeks postępowania karnego" xAddress="Dz. U. z 1997 r. Nr 89, poz. 555">art. 636 § 1 kpk</xLexLink>.</xText>
        </xUnit>
      </xBlock>
    </xPart>
  </judgement>
<judgement id="153505000000503_I_Ca_000093_2014_Uz_2014-04-04_001">
    <xPart xEditorFullName="Magdalena Szulc" xYear="2014" xLang="PL" xPublisherFullName="Renata Bernard" xFromPg="1" xEditor="MSzulc" xVolType="15/350500/0000503/Ca" xPublisher="RBernard" xDocType="Uz" xVolNmbr="000093" xVersion="1.0" xToPage="11" xFlag="published">
      <xName>Wyrok+Uzasadnienie</xName>
      <xBlock>
        <xText>Sygnatura akt I1 Ca 93/14</xText>
        <xUnit xIsTitle="true" xType="part" xBold="true">
          <xName>WYROK</xName>
          <xTitle>W IMIENIU RZECZYPOSPOLITEJ POLSKIEJ</xTitle>
          <xText xALIGNx="right"><xAnon>K.</xAnon>, dnia 04-04-2014 r.</xText>
          <xText>Sąd Okręgowy w Koninie, I Wydział Cywilny</xText>
          <xRows>
            <xCOLGROUPx>
              <xCOLx xWIDTHx="563"/>
            </xCOLGROUPx>
            <xRow>
              <xClmn xALIGNx="left" xVALIGNx="top">
                <xText xALIGNx="left">w składzie: Przewodniczący Sędzia SO Jolanta Tembłowska</xText>
                <xText xALIGNx="left"> Sędzia SO Aleksandra Bolczyk – spr.</xText>
                <xText xALIGNx="left"> Sędzia SO Iwona Przyłębska – Grzybowska</xText>
                <xText xALIGNx="left"> Protokolant: st. sekr. sąd. Magdalena Radziemska</xText>
              </xClmn>
            </xRow>
          </xRows>
          <xText>po rozpoznaniu w dniu 04-04-2014 r. w Koninie</xText>
          <xText>na rozprawie</xText>
          <xText>sprawy z powództwa <xAnon>E. K.</xAnon></xText>
          <xText>przeciwko <xAnon>E. S.</xAnon> prowadzącej działalność gospodarczą pod <xAnon> firmą (...)</xAnon><xAnon>E. S.</xAnon><xAnon>(...)</xAnon></xText>
          <xText>o zapłatę</xText>
          <xText>na skutek apelacji powódki</xText>
          <xText>od wyroku Sądu Rejonowego w Koninie</xText>
          <xText>z dnia 18 grudnia 2013r. sygn. akt I C 1839/12</xText>
          
          <xText>1.Oddala apelację.</xText>
          <xText>2.Zasądza od powódki na rzecz pozwanej kwotę 1.200 zł tytułem zwrotu kosztów zastępstwa procesowego w instancji odwoławczej.</xText>
          
          <xText>Aleksandra Bolczyk Jolanta Tembłowska Iwona Przyłębska – Grzybowska
</xText>
          
          <xText>Sygn. akt I1Ca 93/14</xText>
        </xUnit>
        <xUnit xIsTitle="true" xType="part" xBold="true">
          <xName>UZASADNIENIE</xName>
          <xText>Pozwem złożonym w dniu 13 lipca 2012 r. <xAnon>E. K.</xAnon> wniosła o zasądzenie od <xAnon>E. S.</xAnon> prowadzącej działalność gospodarczą pod <xAnon> firmą (...)</xAnon><xAnon>E. S.</xAnon><xAnon>(...)</xAnon>kwoty 19.920 zł z ustawowymi odsetkami od dnia 22 maja 2012 r. do dnia zapłaty oraz o zasądzenie na jej rzecz od pozwanej kosztów procesu według norm przepisanych.</xText>
          <xText>W odpowiedzi na pozew strona pozwana wniosła o oddalenie powództwa w całości i zasądzenie zwrotu kosztów procesu oraz zawiadomienie w trybie <xLexLink xArt="art. 84" xIsapId="WDU19640430296" xTitle="Ustawa z dnia 17 listopada 1964 r. - Kodeks postępowania cywilnego" xAddress="Dz. U. z 1964 r. Nr 43, poz. 296">art. 84 k.p.c.</xLexLink> o toczącym się postępowaniu producenta mebli <xAnon> firmę (...) S.A.</xAnon> w <xAnon>J.</xAnon> i wezwanie go do udziału w sprawie.</xText>
          <xText>Wyrokiem z dnia 18 grudnia 2013 r. Sąd Rejonowy w Koninie oddalił powództwo i zasądził od <xAnon>E. K.</xAnon> na rzecz pozwanej <xAnon>E. S.</xAnon> kwotę 2.417 zł tytułem zwrotu kosztów procesu oraz nakazał pobrać od powódki na rzecz Skarbu Państwa – Sądu Rejonowego w Koninie kwotę 413,92 zł tytułem nieuiszczonych kosztów sądowych.</xText>
          <xText>Sąd Rejonowy w Koninie ustalił następujący stan faktyczny:</xText>
          <xText>W dniach 5 i 11 listopada 2011 r. w <xAnon>K.</xAnon><xAnon>E. K.</xAnon> zawarła z <xAnon>E. S.</xAnon> prowadzącą działalność gospodarczą pod <xAnon> firmą (...)</xAnon><xAnon>E. S.</xAnon><xAnon> Hurt (...)</xAnon> umowę sprzedaży zestawu mebli <xAnon> firmy (...) S.A.</xAnon> w <xAnon>J.</xAnon> składającej się z witryny wysokiej, witryny niskiej oszklonej z drzwiami, kredensu z pełnymi drzwiami, szafki RTV małej z drzwiami, komody, stołu owalnego i 8 krzeseł w wybarwieniu czereśnia miodowa za cenę 19.220 zł. Po zapłaceniu przez powódkę całej ceny w dniu 15 lutego 2012 r. pozwana dostarczyła powódce zamówione meble.</xText>
          <xText>Po rozpakowaniu mebli powódka uznała, że kredens, szafka RTV, komoda, stół owalny i 8 krzeseł różnią się wybarwieniem. Nadto witryna mała oszklona miała uszkodzone narożniki. W ocenie powódki krzesła miały pozaciąganą, pomarszczoną i odstającą od drewna tapicerkę, szpary w oparciach, a ich łącza odbarwienia.</xText>
          <xText>Dnia 16 lutego 2012 r. <xAnon>E. K.</xAnon> zawiadomiła telefonicznie pozwaną o dostrzeżonych wadach mebli. Pozwana zapewniła powódkę, iż reklamacja zostanie załatwiona w przeciągu tygodnia przez serwis producenta mebli <xAnon> firmy (...) S.A.</xAnon> w <xAnon>J.</xAnon>. W dniu 20 lutego 2012 r. pracownicy serwisu producenta zjawili się u powódki, przywożąc do wymiany witrynę niską oszkloną oraz kredens. <xAnon>E. K.</xAnon> nie wyraziła jednak zgody na wymianę przywiezionych mebli, żądając wymiany całego zestawu lub zwrotu pieniędzy w ciągu tygodnia.</xText>
          <xText>W piśmie z 22 lutego 2012 r. powódka podniosła, iż serwis przywiózł do wymiany jedynie dwa meble, a pozostałe różnią się nadal kolorem, co dla <xAnon>E. K.</xAnon> było nie do przyjęcia, dlatego zażądała wymiany całego zestawu w kolorze czereśni miodowej i oświadczyła, że oczekuje na odpowiedź w ciągu 7 dni od otrzymania pisma.</xText>
          <xText>Kolejnym pismem z 26 marca 2012 r. powódka odstąpiła od umowy sprzedaży mebli i zażądała zwrotu ceny. W odpowiedzi, pismem z 29 marca 2012 r., pozwana stwierdziła, że umowa została wykonana prawidłowo, a meble nie zostały wymienione bo powódka się na to nie zgodziła. Poinformowała również powódkę, że producent mebli wyraził zgodę, aby <xAnon>E. K.</xAnon> przyjechała bezpośrednio do zakładu i zaakceptowała meble do wymiany. Pismem z dnia 29 marca 2012 r. producent mebli poinformował powódkę, iż nie został przekroczony ustawowy termin załatwienia reklamacji albowiem to powódka odmówiła przyjęcia mebli. Wskazał zarazem, iż zostały przygotowane wszystkie meble oprócz stołu, który jest w produkcji, a powódka może je odebrać w fabryce.</xText>
          <xText>Dnia 13 kwietnia 2012 r. powódka udała się do zakładu producenta mebli w <xAnon>J.</xAnon>, gdzie znajdował się przygotowany na wymianę nowy zestaw mebli, który był w bardzo dobrym stanie, przeszedł kontrolę jakości w <xAnon>S.</xAnon> i został zaakceptowany przez powódkę. Miała ona jedynie uwagi do usłojenia na górnym wieńcu kredensu. Poinformowano ją jednak, iż fakt ten nie podlega reklamacji ze względu na strukturę okleiny, a sama kolorystyka była we właściwej tonacji.</xText>
          <xText>W ulotce producenta dołączonej do mebli informuje się, że mogą występować naturalne różnice pomiędzy poszczególnymi elementami mebli oraz pomiędzy poszczególnymi egzemplarzami mebli z uwagi na to, że meble są produkowane z drewna i naturalnych oklein. Powierzchnia każdego mebla może sprawiać inne wrażenie optyczne, co jest dowodem naturalnego pochodzenia materiału. Wynika to z faktu, że drewno i okleiny naturalne tego samego gatunku posiadają zróżnicowane odcienie, kolorystykę, słoje i promienie rdzeniowe oraz rysunek w zależności od warunków siedliskowych drzewa, z którego zostały pozyskane.</xText>
          <xText>W dniu 16 kwietnia 2012 r. wybrane w zakładzie producenta meble zostały dostarczone powódce. Po ich dostarczeniu <xAnon>E. K.</xAnon> potwierdziła usunięcie reklamowanych wad i przyjęła wyrób do użytkowania, ale zgłosiła wady otrzymanych krzeseł: nieestetyczne wykonanie – przebarwienia drewna na bokach, pozaciągana i odstająca od drewna tapicerka, kolor nie pasujący do mebli. Powódka nie odebrała krzeseł i zażądała zwrotu za nie pieniędzy.</xText>
          <xText>Pismami z 24 i 25 kwietnia 2012 r. producent poinformował powódkę, iż krzesła zostały poddane przed wyjazdem z fabryki szczegółowej kontroli przez komisję jakościową. Podczas oględzin krzeseł nie stwierdzono zgłoszonych przez powódkę wad. Nieznaczna różnica wybarwienia mebli wynika zaś z użytych materiałów do produkcji, a o takiej możliwości każdy klient jest informowany. Powódka również została o tym powiadomiona.</xText>
          <xText>Pismem z 15 maja 2012 r. <xAnon>E. K.</xAnon> oświadczyła, że odstępuje od umowy sprzedaży mebli i żąda zwrotu ich ceny w kwocie 19.220 zł w terminie 14 dni pod rygorem skierowania sprawy do sądu albowiem pozwana nie wymieniła mebli na wolne od wad tak aby cały zestaw posiadał identyczną barwę, a krzesła miały prawidłowe wypełnienie tapicerki. Strona pozwana pismem z 22 maja 2012 r. nie uznała zasadności tych zarzutów.</xText>
          <xText>Pismem z 5 czerwca 2012 r. powódka działając przez pełnomocnika wezwała pozwaną do zapłaty kwoty 19.220 zł z ustawowymi odsetkami od dnia 22 maja 2012 r. do dnia zapłaty w terminie 7 dni pod rygorem skierowani sprawy do sądu. Wymieniła w nim jednocześnie wady mebli w postaci: wykonania mebli przy pomocy okleiny, a nie z drewna, różnic kolorów/odcieni okleiny na meblach skrzyniowych oraz stołu i krzeseł, a także postępujące odbarwienie okleiny na meblach.</xText>
          <xText>Z opinii biegłego z dziedziny meblarstwa wynikało, iż meble oraz krzesła zaoferowane powódce do wymiany były zgodne z umową. Braki wybarwienia w miejscach połączeń nóg ze skrzyniami i łączynami nie stanowią wady i nie są niezgodne ze sztuką stolarską, a jedynie nieznacznie obniżają walory estetyczne wyrobu. Z kolei nierówności w wypełnieniu oparć krzeseł materiałem tapicerskim nieznacznie obniżają ich estetykę. Wyroby wskazane w magazynie producenta w <xAnon>J.</xAnon> pozbawione były tych wad, co dawało podstawę do stwierdzenia, że producent wyeliminował te wady. Brak fazowania dolnych krawędzi nóg stanowił natomiast wadę łatwo usuwalną. Pęknięcie okleiny w nodze stołu nieznacznie obniżało jego walory estetyczne, nie wykazując objawów degradacji wyrobu. Nie dało się zarazem stwierdzić kiedy ta wada powstała (w trakcie produkcji, transportu czy w czasie użytkowania wyrobu). Różnice w wybarwieniu nogi stołu nie były wadą wyrobu, a spowodowane zostały odmienną orientacją włókien przyległych do siebie elementów składowych. W katalogu wyrobu widoczne były te same różnice kolorystyczne, co dawało podstawę do twierdzenia, że w trakcie sprzedaży nie doszło do zaoferowania powódce wyrobów o innym sposobie wykonania. Różnice w wybarwieniu poszczególnych mebli nie stanowiły wady wyrobu, nie obniżały jego walorów estetycznych, a meble te były w pełni wartościowe oraz spełniały wszelkie wymagania estetyczne. Elementy składowe wyrobu wykonane zostały zgodnie ze sztuką stolarską i lakierniczą.</xText>
          <xText>Znajdujące się w salonie meblowym pozwanej w <xAnon>K.</xAnon> zestawy mebli wykonane zostały w ten sam sposób, przy zastosowaniu tej samej technologii oraz posiadają takie same dopuszczalne rozbieżności tonacyjne co wyroby sprzedane <xAnon>E. K.</xAnon>, która posiadała jedynie subiektywne przekonanie o obniżeniu wartości estetycznej wyrobu.</xText>
          <xText>W wyniku oględzin Sąd ustali, że w miejscu łączenia krzeseł ze skrzyniami w powierzchni 1 mm<xSUPx>2</xSUPx> barwa jest jaśniejsza. W niektórych miejscach krzeseł brak było sfazowania. We wszystkich nogach od stołu, które są wymienialne, w części górnej widać było łączenia. Powódka w czasie oględzin nie chciała z dostarczonego dodatkowo kompletu 8 krzeseł wybrać nowych. Oświadczyła, że z okazanych 16 krzeseł nie jest w stanie wybrać 8 krzeseł bez wad. W tej sytuacji pozwana zabrała przywiezione krzesła.</xText>
          <xText>W dniu 9 grudnia 2013 r. pracownicy serwisu producenta mebli próbowali uzgodnić z powódką termin wymiany nóg stołu, ale powódka oświadczyła, że mają nie przyjeżdżać, gdyż będzie 13 grudnia 2013 r. w sądzie na rozprawie i żeby się wstrzymać.</xText>
          <xText>Sąd uznał za wiarygodne zeznania przesłuchanych świadków albowiem były spójne, logiczne, korespondowały ze sobą i znajdowały potwierdzenie w pozostałym zgromadzonym w sprawie materiale dowodowym.</xText>
          <xText>Sąd nie znalazł także podstaw by kwestionować opinię biegłego z dziedziny meblarstwa, gdyż biegły wydał ją po dokonaniu oględzin mebli otrzymanych przez powódkę, przygotowanych u producenta do wymiany oraz znajdujących się na ekspozycji u pozwanej, a także po otrzymaniu wszystkich potrzebnych dokumentów od producenta. Opinia uwzględniała wszystkie istotne dla sprawy okoliczności, sporządzona została w sposób fachowy, rzetelny i profesjonalny, nie zawierała błędów logicznych, a zawarte w niej konkluzje poparte zostały rzeczową argumentacją. Wnioski opinii, jak i ich uzasadnienie, są jasne, zrozumiałe, pozwalały wysnuć wniosek, iż osoba wydająca opinię jest kompetentna, cechuje się dużą fachowością i doświadczeniem zawodowym. Z treści opinii wynikało, że biegły wnikliwie przeanalizował zebrane dowody, dokonał koniecznych oględzin, opisał wynikające z nich okoliczności i przeprowadził ich fachową analizę.</xText>
          <xText>Sąd I. instancji podkreślił zarazem, iż zgodnie z opinią brak fazowania dolnych krawędzi nóg krzeseł stanowi wadę istotną, gdyż może doprowadzić do jego degradacji w trakcie normalnego użytkowania. Jednocześnie jednak biegły wskazał, iż jest to wada łatwo usuwalna, gdyż może być usunięta przez ręczne wykonanie fazowania lub podklejenie nóg grubym filcem. W tej sytuacji Sąd Rejonowy uznał, że rozumienie przez biegłego pojęcia wady istotnej odbiega od rozumienia prawnego.</xText>
          <xText>Za w pełni przydatne Sąd uznał zgromadzone w sprawie dokumenty. Ich autentyczności i prawdziwości treści w nich zawartych nie kwestionowała żadna ze stron, a Sąd nie znalazł podstaw by czynić to z urzędu.</xText>
          <xText>Sąd I. instancji zważył, że pozwana w ramach prowadzonej działalności gospodarczej zawarła umowę sprzedaży rzeczy ruchomej z powódką (konsumentem), która nabywała tę rzecz w celu bezpośrednio niezwiązanym z działalnością gospodarczą lub zawodową.</xText>
          <xText>W ocenie Sądu Rejonowego przeprowadzone postępowanie dowodowe wykazało, że część zgłoszonych przez <xAnon>E. K.</xAnon> cech mebli nie stanowiła wad, część stanowiła wady nieistotne, błahe, żadna nie stanowiła wady istotnej, część została przez producenta usunięta albo powódka uniemożliwiła ich usunięcie lub wymianę, a za część, ani pozwana, ani producent nie ponosili odpowiedzialności.</xText>
          <xText>Zdaniem Sądu I. instancji, pracownicy serwisu producenta zamierzali wymienić witrynę niską oszkloną z drzwiami i kredens, lecz powódka się na to nie zgodziła. Pozwana nie mogła zatem ponosić odpowiedzialności za nieusunięcie tych wad, a oświadczenie powódki z dnia 26 marca 2012 r. o odstąpieniu od umowy w tym zakresie jest bezzasadne. Powódka o wadach tych mebli zawiadomiła bowiem stronę pozwaną 16 lutego 2012 r., a w dniu 20 lutego 2012 r. przyjechali pracownicy serwisu producenta celem dokonania wymiany. Czternastodniowy termin na rozpatrzenie reklamacji został zatem dochowany.</xText>
          <xText>W dniu 13 kwietnia 2012 r. powódka udała się do zakładu producenta mebli w <xAnon>J.</xAnon> i zaakceptowała przedstawiony jej do wymiany komplet mebli, mając zastrzeżenia jedynie do usłojenia na górnym wieńcu kredensu. Zgoda <xAnon>E. K.</xAnon> na wymianę całego zestawu mebli na nowy, w ocenie Sądu, w sposób dorozumiany oznaczała zgodę na dalsze trwanie umowy i cofnięcie oświadczenia z dnia 26 marca 2012 r. o odstąpieniu od niej.</xText>
          <xText>Przy dostarczeniu wymienionych mebli powódka zgłosiła zastrzeżenia do krzeseł z uwagi na ich nieestetyczne wykonanie, przebarwienia drewna na bokach, pozaciąganą i odstającą od drewna tapicerkę oraz odmienną kolorystykę w stosunku do mebli. Producent nie uznał zasadności tej reklamacji. W oświadczeniu o odstąpieniu od umowy z 15 maja 2012 r. powódka wskazała również na inne wady, tj. różnice w wybarwieniu poszczególnych elementów mebli i poszczególnych mebli w ramach zestawu oraz błędy w wypełnieniu krzeseł tapicerką.</xText>
          <xText>Odnosząc się do powyższego Sąd Rejonowy zważył, że ze zgromadzonego materiału dowodowego wynika, iż większość zgłoszonych przez powódkę wad mebli posiadają również meble znajdujące się na ekspozycji w sklepie pozwanej oraz w katalogu producenta. Dotyczy to zarzutów co do usłojenia na górnym wieńcu kredensu, braków wybarwienia w miejscach połączeń nóg ze skrzyniami i łączynami, przebarwień drewna na bokach, różnic w wybarwieniu nogi stołu, a także różnic w wybarwieniu poszczególnych mebli. <xAnon> (...)</xAnon> otrzymane przez powódkę posiadają zatem cechy okazanej kupującemu próbki albo wzoru, co wskazuje w myśl art. 4 ust. 2 ustawy o szczególnych warunkach sprzedaży konsumenckiej na ich zgodność z umową.</xText>
          <xText>Jak podkreślił Sąd Rejonowy oprócz braku fazowania dolnych krawędzi nóg krzeseł, co jest niezwykle łatwo usuwalne, choćby przez podklejenie nóg filcem, żadna ze zgłoszonych wad nie przeszkadzała w normalnym użytkowaniu mebli, dlatego należało uznać, iż nadawały się one do celu określonego w umowie. Zgodnie z art. 4 ust. 2 ustawy należało więc domniemywać, że meble były zgodne z umową, a powódka domniemania tego nie obaliła.</xText>
          <xText>W ocenie Sądu powyższe ustalenia skutkowały również uchyleniem odpowiedzialności pozwanej za zgłoszone wady na podstawie art. 7 w/w ustawy. <xAnon> (...)</xAnon> na ekspozycji w pozwanej wykonane były bowiem w ten sam sposób, przy zastosowaniu tej samej technologii oraz posiadały takie same dopuszczalne rozbieżności tonacyjne co wyroby sprzedane powódce. <xAnon>E. K.</xAnon> miała zaś możliwość obejrzenia mebli na ekspozycji w sklepie oraz w katalogu producenta i na tej podstawie dokonała wyrobu mebli. Okoliczność, iż po dostarczeniu wyroby do domu wybarwienie mebli przestało jej odpowiadać stanowi więc subiektywne odczucie powódki.</xText>
          <xText>Zdaniem Sądu powyższą ocenę wspiera fakt, iż powódka otrzymała przy zawarciu umowy pisemną informację, że możliwe i dopuszczalne są różnice w wybarwieniu poszczególnych elementów mebli i między poszczególnymi meblami. Również pracownica pozwanej <xAnon>M. S.</xAnon> wyjaśniała jej te kwestie. Wyjaśnień w tym przedmiocie udzielał jej również <xAnon>S. M.</xAnon> – pracownik serwisu producenta mebli.</xText>
          <xText>Powołując się na poglądy doktryny i orzecznictwo Sądu Najwyższego Sąd Rejonowy podkreślił, iż wady są istotne jeżeli czynią towar niezdatnym do zwykłego użytku albo takie, które sprzeciwiają się wyraźnej umowie, wszystkie inne uważa się zaś za nieistotne.</xText>
          <xText>Odwołując się opinii biegłego Sąd stwierdził, iż brak jednolitego wybarwienia mebli nie stanowi wady (niezgodności towaru z umową), nadto powódka w chwili zawarcia umowy o tej niezgodności wiedziała lub, oceniając rozsądnie, powinna była wiedzieć, a więc niezgodność ta jest tożsama z cechą okazanej kupującemu próbki albo wzoru, a meble nadają się do celu określonego przez kupującego przy zawarciu umowy. Z ustaleń poczynionych w niniejszym postępowaniu wynikało również, że różnice w wybarwieniu powstają w sposób naturalny w procesie produkcji lub wynikają z unikalnych właściwości konkretnego drewna i nie stanowią zmiany ustalonego w umowie koloru mebli. Nawet jednak gdyby przyjąć, że różnice w wybarwieniu stanowią wadę to nie można uznać, że różnice te sprzeciwiają się wyraźnie umowie, gdzie wybarwienie mebli ustalono jako czereśnia miodowa.</xText>
          <xText>Dalej Sąd I. instancji wskazał, iż nierówności w wypełnieniu oparć krzeseł materiałem tapicerskim zostały usunięte przez producenta. Wyroby w magazynie producenta w <xAnon>J.</xAnon> pozbawione były bowiem tych wad jak wskazał biegły.</xText>
          <xText>Jeśli zaś chodzi o pęknięcie okleiny w nodze stołu to nie można było stwierdzić kiedy ono wystąpiło, powódka zaś nie przedstawiła dowodu, iż wada ta powstała w czasie kiedy odpowiedzialność za to ponosiła pozwana. Opinia biegłego obaliła zarazem domniemanie z art. 4 ust. 1 ustawy o szczególnych warunkach sprzedaży konsumenckiej, iż niezgodność istniała w chwili wydania towaru, jeśli zostanie stwierdzona przed upływem 6 miesięcy od wydania towaru. Nadto serwis producenta zaoferował wymianę wszystkich nóg w stole. Mimo to powódka w piśmie z 15 maja 2012 r. oświadczyła, że odstępuje od umowy. W ocenie Sądu wobec braku podstaw do odstąpienia z powodu powyższych wad, które nie stanowią niezgodności towaru z umową albo zostały usunięte albo nie można obciążać pozwanej odpowiedzialnością za ich powstanie, dokonane odstąpienie należy uznać za bezskuteczne. Nadto, w myśl art. 4 ust. 4 ustawy kupujący nie może odstąpić od umowy, gdy niezgodność towaru konsumpcyjnego z umową jest nieistotna, a za taką należy uznać dwie wady (nierówności w wypełnieniu oparć krzeseł materiałem tapicerskim, pęknięcie okleiny w nodze stołu) oraz stwierdzone podczas oględzin widoczne łączenia we wszystkich nogach od stołu. Nie uniemożliwiały one bowiem normalnego korzystania z mebli, nie były rażące i nie przeszkadzały w ich użytkowaniu. Jak podkreślił Sąd Rejonowy, za nieistotne wady te uznał również biegły.</xText>
          <xText>Jeśli chodzi o brak fazowania dolnych krawędzi nóg krzeseł, Sąd I. instancji, odmiennie niż biegły, uznał, że wada ta nie jest istotna. Wada ta bowiem nie uniemożliwiła korzystania z mebla. Jej negatywny skutek może ujawnić się dopiero w toku określonego czasu używania, a nadto jest ona bardzo łatwo usuwalna. Ustalenie biegłego, że w/w wada jest istotna wkraczało nie tylko w kompetencje sądu, gdyż dotyczyło interpretacji i sposobu zastosowania przepisów prawa co do pojęcia „istotności” wady, ale także pozostawało w sprzeczności z głównym ustaleniem jego opinii, że meble dostarczone powódce oraz krzesła zaoferowane do wymiany są zgodne z umową. Zdaniem Sądu było to również sprzeczne z całokształtem ustaleń i wniosków tej opinii wskazujących na należyte wykonanie przez producenta dostarczonych powódce mebli. Wynikało to z faktu, iż wada jest błaha i łatwo usuwalna, aczkolwiek jej pozostawienie mogło prowadzić do uszkodzenia nogi krzesła. Biorąc pod uwagę rodzaj i charakter tej wady (braku fazowania dolnych krawędzi nóg krzeseł) nie można było zdaniem Sądu Rejonowego uznać, że czyni ona towar niezdatnym do zwykłego użytku albo sprzeciwia się umowie. Odstąpienie powódki z 15 maja 2012 r. od umowy było więc bezskuteczne.</xText>
          <xText>O kosztach procesu Sąd I. instancji orzekł na podstawie <xLexLink xArt="art. 98;art. 98 § 1" xIsapId="WDU19640430296" xTitle="Ustawa z dnia 17 listopada 1964 r. - Kodeks postępowania cywilnego" xAddress="Dz. U. z 1964 r. Nr 43, poz. 296">art. 98 § 1 k.p.c.</xLexLink>, zasądzając od powódki na rzecz strony pozwanej 2.417 zł albowiem wygrała ona w całości sprawę. Stosownie do wyniku procesu, na podstawie art. 113 ust. 1 ustawy o kosztach sądowych w sprawach cywilnych, Sąd nakazał również pobrać od <xAnon>E. K.</xAnon> nieuiszczone dotychczas koszty sądowe w kwocie 413,92 zł.</xText>
          <xText>Apelację od powyższego wyroku w całości wniosła powódka, zarzucając mu:</xText>
          <xUnit xIsTitle="false" xType="none">
            <xName xSffx=")">1</xName>
            <xText>obrazę <xLexLink xArt="art. 233;art. 233 § 2" xIsapId="WDU19640430296" xTitle="Ustawa z dnia 17 listopada 1964 r. - Kodeks postępowania cywilnego" xAddress="Dz. U. z 1964 r. Nr 43, poz. 296">art. 233 § 2 k.p.c.</xLexLink> przez dowolną ocenę materiału dowodowego i przyjęcie za udowodnione okoliczności na podstawie to których Sąd dokonał ustalenia w sposób wadliwy stanu faktycznego stanowiącego podstawę rozstrzygnięcia a mianowicie odnośnie wskazanych przez powódkę wad uznając je za wady nieistotne, a co za tym idzie ustalając, że meble dostarczone powódce spełniają wymogi zgodności ich stanu z umową zawartą między stronami;</xText>
          </xUnit>
          <xUnit xIsTitle="false" xType="none">
            <xName xSffx=")">2</xName>
            <xText>obrazę <xLexLink xArt="art. 316;art. 316 § 1" xIsapId="WDU19640430296" xTitle="Ustawa z dnia 17 listopada 1964 r. - Kodeks postępowania cywilnego" xAddress="Dz. U. z 1964 r. Nr 43, poz. 296">art. 316 § 1 k.p.c.</xLexLink> przez nieuwzględnienie całości materiału dowodowego sprawy, przez pominięcie dowodu z oględzin mebli dokonanych przez Sąd;</xText>
          </xUnit>
          <xUnit xIsTitle="false" xType="none">
            <xName xSffx=")">3</xName>
            <xText>obrazę <xLexLink xArt="art. 328;art. 328 § 2" xIsapId="WDU19640430296" xTitle="Ustawa z dnia 17 listopada 1964 r. - Kodeks postępowania cywilnego" xAddress="Dz. U. z 1964 r. Nr 43, poz. 296">art. 328 § 2 k.p.c.</xLexLink> przez niewskazanie:</xText>
          </xUnit>
          <xText>- na jakich podstawach Sąd ustalił, że powódka otrzymała ulotkę producenta, o której mówi na k. 3 uzasadnienia w. 16-17 od góry;</xText>
          <xText>- na jakich podstawach Sąd ustalił, że powódka „wybrała” w zakładzie producenta meble, które w dniu 16.04.2012 r. zostały dostarczone powódce, k. 3 uzasadnienia w. 12 od dołu, podczas kiedy w zakładzie tym powódce przedstawiono do obejrzenia jedynie jeden komplet mebli, zatem o jakimkolwiek wyborze nie mogło być mowy;</xText>
          <xText>- na jakiej podstawie Sąd ustalił, że w dniu 16.04.2012 r. powódka otrzymała krzesła – k. 3 uzasadn. w. 9 od dołu – podczas gdy powódka żadnych krzeseł w tym czasie nie otrzymała. W tym dniu dostarczone były jedynie nogi do stołu, kredens, dwie komody i witryna niska oszklona z drzwiami;</xText>
          <xText>- na jakiej podstawie Sąd ustalił, że powódka była informowana o „nieznacznych różnicach wybarwienia mebli” – k. 3 uzasadn. w. 1 od dołu i k. 4 uzasadn. w. 1-2 od góry;</xText>
          <xUnit xIsTitle="false" xType="none">
            <xName xSffx=")">4</xName>
            <xText>nierozpoznanie istoty sprawy przez pominięcie w ogóle okoliczności, że według zamiaru powódki, a także według zapewnień pozwanej oraz treści katalogu przedmiotowych mebli, miały to być meble drewniane z czereśni, a nie z innego materiału pokryte jedynie okleiną czereśniową;</xText>
          </xUnit>
          <xUnit xIsTitle="false" xType="none">
            <xName xSffx=")">5</xName>
            <xText>obrazę <xLexLink xArt="art. 316;art. 316 § 1" xIsapId="WDU19640430296" xTitle="Ustawa z dnia 17 listopada 1964 r. - Kodeks postępowania cywilnego" xAddress="Dz. U. z 1964 r. Nr 43, poz. 296">art. 316 § 1 k.p.c.</xLexLink> przez nieuwzględnienie całości materiału dowodowego sprawy, przez pominięcie dowodu z oględzin mebli dokonanych przez Sąd.</xText>
          </xUnit>
          <xText>Mając na uwadze powyższe powódka wniosła o zmianę zaskarżonego wyroku i zasądzenie od pozwanej na rzecz powódki kwoty dochodzonej pozwem wraz z kosztami procesu i kosztami zastępstwa procesowego wraz z opłatą skarbową od pełnomocnictwa. Z ostrożności procesowej skarżąca, przy uwzględnieniu zarzutu nierozpoznania istoty sprawy, wystąpiła o uchylenie zaskarżonego wyroku i przekazanie sprawy do ponownego rozpoznania Sądowi I. instancji.</xText>
          
          <xText>
            <xBx> Sąd Okręgowy zważył co następuje:</xBx>
          </xText>
          
          <xText>W ocenie Sądu odwoławczego apelacja powódki nie zasługiwała na uwzględnienie .</xText>
          <xText>Odnosząc się do zarzutu naruszenia <xLexLink xArt="art. 233;art. 233 § 1" xIsapId="WDU19640430296" xTitle="Ustawa z dnia 17 listopada 1964 r. - Kodeks postępowania cywilnego" xAddress="Dz. U. z 1964 r. Nr 43, poz. 296">art. 233 § 1 k.p.c.</xLexLink> na wstępie podnieść należy, iż strona, która chce podważyć sędziowską ocenę dowodów, nie może ograniczyć się do przedstawienia własnej oceny, nawet jeśli ocena jest przekonująca. Nie wystarczą stwierdzenia, że ustalenia faktyczne są wadliwe ani też wskazanie stanu faktycznego, który – zdaniem skarżącego – odpowiada rzeczywistości. Sędziowskiej ocenie dowodów nie można przeciwstawiać własnej oceny, przeciwnie – konieczne jest wskazanie, umiejscowionych w realiach danej sprawy, przyczyn, dla których ocena dowodów nie spełnia kryteriów określonych w <xLexLink xArt="art. 233;art. 233 § 1" xIsapId="WDU19640430296" xTitle="Ustawa z dnia 17 listopada 1964 r. - Kodeks postępowania cywilnego" xAddress="Dz. U. z 1964 r. Nr 43, poz. 296">art. 233 § 1 k.p.c.</xLexLink> Dopóki skarżący nie wskaże istotnych błędów logicznego rozumowania, sprzeczności oceny z doświadczeniem życiowym, braku wszechstronności, czy też bezzasadnego pominięcia dowodów, które prowadzą do wniosków odmiennych, dopóty nie można uznać, że Sąd naruszył <xLexLink xArt="art. 233;art. 233 § 1" xIsapId="WDU19640430296" xTitle="Ustawa z dnia 17 listopada 1964 r. - Kodeks postępowania cywilnego" xAddress="Dz. U. z 1964 r. Nr 43, poz. 296">art. 233 § 1 k.p.c.</xLexLink> Sposób podważania sędziowskiej oceny dowodów, który nie spełnia tych warunków, z reguły spotyka się z trafnym stwierdzeniem Sądu wyższej instancji, że jest to zwykła polemika z prawidłowymi ustaleniami Sądu, która nie może odnieść skutku.</xText>
          <xText>Przenosząc powyższe rozważania na grunt niniejszej sprawy stwierdzić należy, że skarżący kwestionuje ustalenia Sądu, które doprowadziły do przyjęcia, iż wady mebli zostały ocenione jako nieistotne. Na uzasadnienie swojego stanowiska apelujący podniósł, iż Sąd powyższy wniosek wywiódł wbrew opinii biegłego, który wady fazowania dolnych krawędzi nóg krzeseł ocenił jako istotne. Skarżący zdaje się jednak nie zauważać, iż przedmiotem niniejszego postępowania był zestaw mebli składający się oprócz krzeseł z witryny wysokiej, witryny niskiej oszklonej z drzwiami, kredensu z pełnymi drzwiami, szafki RTV małej z drzwiami, komody oraz stołu owalnego. Co do tych elementów zestawu biegły nie miał zaś żadnych wątpliwości, iż występujące w nich wady nie mają charakteru istotnego, a oceny tej nie udało się stronie powodowej podważyć w toku niniejszego postępowania. Sąd prawidłowo więc przyjął za podstawę swoich ustaleń wnioski opinii biegłego wskazujące, iż meble oraz krzesła zaoferowane powódce do wymiany były zgodne z umową. Braki wybarwienia w miejscach połączeń nóg ze skrzyniami i łączynami nie stanowiły bowiem wady i nie były niezgodne ze sztuką stolarską, a jedynie nieznacznie obniżały walory estetyczne wyrobu. Pęknięcie okleiny w nodze stołu nieznacznie obniżało jego walory estetyczne, nie wykazując objawów degradacji wyrobu. Nie dało się zarazem stwierdzić kiedy ta wada powstała (w trakcie produkcji, transportu czy w czasie użytkowania wyrobu). Różnice w wybarwieniu nogi stołu nie były wadą wyrobu, a spowodowane zostały odmienną orientacją włókien przyległych do siebie elementów składowych. W katalogu wyrobu widoczne były te same różnice kolorystyczne, co dawało podstawę do twierdzenia, że w trakcie sprzedaży nie doszło do zaoferowania powódce wyrobów o innym sposobie wykonania. Różnice w wybarwieniu poszczególnych mebli nie stanowiły wady wyrobu, nie obniżały jego walorów estetycznych, a meble te były w pełni wartościowe oraz spełniały wszelkie wymagania estetyczne. Elementy składowe wyrobu wykonane zostały zaś zgodnie ze sztuką stolarską i lakierniczą. Co istotne, jak wyjaśnił biegły, znajdujące się w salonie meblowym pozwanej w <xAnon>K.</xAnon> zestawy mebli wykonane zostały w ten sam sposób, przy zastosowaniu tej samej technologii oraz posiadają takie same dopuszczalne rozbieżności tonacyjne co wyroby sprzedane <xAnon>E. K.</xAnon>. W ten sposób zasadnym był wniosek, iż powódka posiadała jedynie subiektywne przekonanie o obniżeniu wartości estetycznej wyrobu.</xText>
          <xText>Zdaniem Sądu odwoławczego Sąd Rejonowy zasadnie zarazem przyjął, wbrew odmiennym wnioskom opinii biegłego, iż wady krzeseł również należało zakwalifikować jako nieistotne. Z jednej bowiem strony Sąd I instancji słusznie wskazuje, odwołując się do dorobku orzecznictwa i doktryny, iż ocena „istotności” wady należy do sfery ocen prawnych, która zastrzeżona jest do wyłącznej kompetencji Sądu. Z drugiej natomiast strony nie sposób nie zauważyć, iż ocena biegłego, iż wady krzeseł mają charakter istotny stoi w zasadniczej sprzeczności z innymi wnioskami opinii wskazującymi, iż wada krzeseł jest „błaha i łatwo usuwalna” (k. 65), a „meble dostarczone powódce oraz krzesła zaoferowane do wymiany są zgodne z umową” (k. 63). Biegły przyjął zarazem, iż brak fazowana dolnych krawędzi nóg krzeseł może doprowadzić do ich degradacji w trakcie normalnego użytkowania, wskazując jednocześnie na dwie możliwości wyeliminowania wad: podklejenie nóg grubym filcem albo ręczne wykonanie fazowania w nogach oraz podbarwienie i polakierowanie tych miejsc (k. 65). Łatwość usunięcia w/w wady krzeseł uprawniało więc Sąd Rejonowy do przyjęcia, iż nie miała ona charakteru istotnego, a więc uzasadniającego odstąpienie od umowy. Sąd Okręgowy pragnie dodatkowo podkreślić, iż odwołując się do brzmienia <xLexLink xArt="art. 8;art. 8 ust. 1;art. 8 ust. 4" xIsapId="WDU20021411176" xTitle="Ustawa z dnia 27 lipca 2002 r. o szczególnych warunkach sprzedaży konsumenckiej oraz o zmianie Kodeksu cywilnego" xAddress="Dz. U. z 2002 r. Nr 141, poz. 1176">art. 8 ust. 1 i 4 ustawy z dnia 27 lipca 2002 r. o szczególnych warunkach sprzedaży konsumenckiej oraz o zmianie Kodeksu cywilnego</xLexLink> (Dz. U. z 2002 r. Nr 141, poz. 1176 z późn. zm.) nie sposób zarazem uznać, aby wykonanie powyższych czynności było niemożliwe, wymagające nadmiernych kosztów i czasu czy też narażało kupującego na znaczne niedogodności. Wniosek ten jest tym bardziej zasadny, gdy zważyć, że z ustalonego stanu faktycznego wynika, iż serwis producenta nie uchylał się od obowiązku doprowadzenia mebli do stanu zgodnego z umową i w każdej chwili był gotów usunąć zgłaszane przez powódkę wady, nawet w czasie trwania niniejszego postępowania. Z treści w/w przepisu wynika jednocześnie, iż zasadą powinno być wykonanie zobowiązania zgodnie z umową, nawet jeśli występują wady o charakterze istotnym, a nie odstąpienie od niej. Gdyby więc nawet przyjąć, że wada krzeseł miała charakter istotny, a zarazem istniały łatwe i szybkie sposoby jej usunięcia, nienarażające strony pozwanej na dodatkowe koszty, co wynika z powyższych rozważań, to i tak powódka nie mogłaby skorzystać z prawa do odstąpienia od umowy bez uprzedniego umożliwienia pozwanej usunięcia wad, od czego jednak <xAnon>E. K.</xAnon> się uchyliła oczekując na rozstrzygnięcie Sądu.</xText>
          <xText>Bezzasadny był więc zarzut naruszenia <xLexLink xArt="art. 233;art. 233 § 1" xIsapId="WDU19640430296" xTitle="Ustawa z dnia 17 listopada 1964 r. - Kodeks postępowania cywilnego" xAddress="Dz. U. z 1964 r. Nr 43, poz. 296">art. 233 § 1 k.p.c.</xLexLink> skoro Sąd Rejonowy kwestionowane ustalenia faktyczne poczynił w oparciu o dowody zebrane w sprawie, ocenił ich wiarygodność i to zgodnie z wymogami określonymi w powołanym przepisie. Natomiast tak sformułowany zarzut apelacyjny wymagał dla swej skuteczności nie tylko wskazania okoliczności podważanych przez skarżącego, ale również wykazania w tym zakresie naruszenia przez Sąd I. instancji reguł z <xLexLink xArt="art. 233;art. 233 § 1" xIsapId="WDU19640430296" xTitle="Ustawa z dnia 17 listopada 1964 r. - Kodeks postępowania cywilnego" xAddress="Dz. U. z 1964 r. Nr 43, poz. 296">art. 233 § 1 k.p.c.</xLexLink></xText>
          <xText>W dalszej kolejności odnieść należy się do zarzutu naruszenia <xLexLink xArt="art. 316;art. 316 § 1" xIsapId="WDU19640430296" xTitle="Ustawa z dnia 17 listopada 1964 r. - Kodeks postępowania cywilnego" xAddress="Dz. U. z 1964 r. Nr 43, poz. 296">art. 316 § 1 k.p.c.</xLexLink> poprzez nieuwzględnienie całości materiału dowodowego zgromadzonego w sprawie, a mianowicie dowodu z oględzin mebli dokonanych przez Sąd, który pozostaje w związku z zarzutem naruszenia <xLexLink xArt="art. 233;art. 233 § 1" xIsapId="WDU19640430296" xTitle="Ustawa z dnia 17 listopada 1964 r. - Kodeks postępowania cywilnego" xAddress="Dz. U. z 1964 r. Nr 43, poz. 296">art. 233 § 1 k.p.c.</xLexLink> albowiem jego uwzględnienie musiałoby skutkować przyjęciem, iż Sąd nie dokonał wszechstronnej oceny materiału dowodowego, a w konsekwencji uchybił zasadzie swobodnej oceny dowodów. Z niezrozumiałych powodów zarzut ten został dwukrotnie sformułowany w treści apelacji jako 2. i 5. Jego dwukrotne podniesienie nie zmienia jednak faktu, iż nie zasługiwał on na uwzględnienie. Jak wynika bowiem z akt sprawy na kartach 92-93 znajduje się protokół oględzin. Z uzasadnienia wyroku (k. 5) wynika natomiast, iż podstawą ustaleń faktycznych Sąd uczynił również obserwacje poczynione w czasie tej czynności. Sąd Rejonowy ustalił bowiem, że w miejscu łączenia krzeseł ze skrzyniami w powierzchni 1 mm<xSUPx>2</xSUPx> barwa jest jaśniejsza, w niektórych miejscach krzeseł brak jest sfazowania, a we wszystkich nogach od stołu w części górnej widać łączenia. Do tych ustaleń Sąd odniósł się następnie w części dotyczącej rozważań prawnych, uznając, iż wady te mają charakteru nieistotnych. Co jednak ważne, poczynione w czasie oględzin obserwacje nie podważyły wniosków opinii biegłego, który podobnie ocenił charakter powyższych wad mebli. Podkreślenia zarazem wymaga, iż biegły wydając opinię również przeprowadził oględziny i to zarówno w mieszkaniu powódki w <xAnon>K.</xAnon>, w magazynie producenta w <xAnon>J.</xAnon>, jak i w salonie meblowym pozwanej w <xAnon>K.</xAnon>. Jego czynności miały więc szerszy i bardziej wszechstronny charakter, a dodatkowo poparte były wiedzą specjalistyczną. Nie sposób więc byłoby zaakceptować taki sposób procedowania, który prowadziłby do obalenia wniosków opinii biegłego, którego fachowość, rzetelność i profesjonalizm nie zostały podważone w toku postępowania, w następstwie dokonania oględzin przez Sędziego, który nie posiada wiadomości specjalnych w dziedzinie meblarstwa. Czynności Sądu miały więc na uwadze jedynie skontrolowanie czy opinia biegłego nie odbiega w sposób istotny od stanu rzeczywistego. Powyższej oceny nie może zmienić fakt, iż w czasie trwania oględzin z udziałem Sądu <xAnon>E. K.</xAnon> zwracała uwagę na liczne jej zdaniem wady zakupionych mebli. Tożsame twierdzenie były bowiem formułowane przez nią od samego początku procesu. Fakt zaś, iż zostały wypowiedziane w czasie trwania oględzin nie przydaje im większej mocy dowodowej.</xText>
          <xText>Na uwzględnienie nie zasługuje również zarzut naruszenia <xLexLink xArt="art. 328;art. 328 § 2" xIsapId="WDU19640430296" xTitle="Ustawa z dnia 17 listopada 1964 r. - Kodeks postępowania cywilnego" xAddress="Dz. U. z 1964 r. Nr 43, poz. 296">art. 328 § 2 k.p.c.</xLexLink> polegający na niewyjaśnieniu przez Sąd I instancji na czym oparł ustalenia faktyczne szczegółowo wymienione w tym zarzucie.</xText>
          <xText>Na karcie 3. uzasadnienia pojawiła się informacja, iż w ulotce dołączonej do mebli informuje się, że mogą występować naturalne różnice pomiędzy poszczególnymi elementami mebli, gdyż meble są produkowane z drewna i naturalnych oklein, a powierzchnia każdego mebla może sprawiać odmienne wrażenie co jest dowodem naturalnego pochodzenia materiału. Sąd wskazał zarazem dowody w postaci informacji dotyczących zakupionych mebli (k. 35) oraz pisma producenta mebli z 25 kwietnia 2012 r. (k. 37), w których pojawiła się informacja, że powódka była uprzedzana o powyższych właściwościach mebli. Co istotne koresponduje to z zeznaniami <xAnon>S. M.</xAnon>, który oświadczył, iż klient jest informowany przez dział marketingu o powyższym (k. 53). Podkreślenia wymaga jednocześnie, iż Sąd Rejonowy, wbrew odmiennym twierdzeniom apelującego, w żadnym miejscu uzasadnienia nie stwierdził, iż powódce doręczono ulotkę, natomiast ustalił, że o informacjach zawartych w ulotce powódka była informowana i wskazał konkretne, wyżej wymienione dowody, na których oparł to ustalenie.</xText>
          <xText>Jeśli chodzi o kwestionowanie ustalenia, iż powódka miała możliwość dokonania wyboru mebli, w sytuacji gdy przedstawiono jej tylko jeden komplet mebli to stwierdzić należy, iż jak ustalił Sąd Rejonowy w dniu 13 kwietnia 2012 r. <xAnon>E. K.</xAnon> udała się do zakładu producenta mebli w <xAnon>J.</xAnon>, gdzie znajdował się przygotowany na wymianę nowy zestaw mebli, który powódka zaakceptowała, zgłaszając uwagi jedynie do usłojenia na górnym wieńcu kredensu. Mimo to powódka zdecydowała, aby meble zostały dostarczone do jej domu. W tym sensie dokonała więc ich wyboru. Skarżący zdaje się jednak sugerować, iż Sąd I. instancji błędnie ustalił, że powódka miała możliwość dokonania wyboru spośród wielu, a przynajmniej kilku zestawów, co w rzeczywistości nie miało miejsca. I w tym zakresie należy jednak stwierdzić, że takich ustaleń Sąd nie poczynił, stwierdzając jedynie, że <xAnon>E. K.</xAnon> zaakceptowała zestaw mebli przygotowany dla niej w zakładzie producenta w <xAnon>J.</xAnon>, a tak wybrane meble zostały następnie dostarczone do jej domu.</xText>
          <xText>Kwestionowane ustalenie dotyczące dostarczenia powódce w dniu 16 kwietnia 2012 r. także krzeseł wynika z kolei z pisma producenta (k. 36) oraz protokołu z dokonanych oględzin mebli i przeprowadzonych czynności reklamacyjnych przez <xAnon> serwis (...) S.A.</xAnon><xAnon> Zakład nr (...)</xAnon> w <xAnon>J.</xAnon>, gdzie w części „opis wad wyrobu” znajduje się informacja, że powódka zgłosiła uwagi do krzeseł, a w części „wnioski”, że decyzja co do 8 krzeseł „zostanie podjęta w <xAnon>S.</xAnon> i klient zostanie poinformowany telefonicznie” (k. 13).</xText>
          <xText>Odnośnie zarzutu błędnego przyjęcia przez Sąd, iż klientka była informowana o nieznacznych różnicach w wybarwieniu mebli podnieść należy, iż ze spójnych zeznań świadków <xAnon>E. Ś.</xAnon> i <xAnon>M. S.</xAnon> wynika, że przekazywano powódce informacje o cechach mebli, a w konsekwencji miała ona pełną świadomość tego jaki towar kupuje. Relacji wymienionych świadków w tym zakresie strona powodowa nie podważyła w toku dotychczasowego postępowania.</xText>
          <xText>Powyższe odnieść należy również do twierdzeń skarżącego, iż przedmiotem zakupu przez <xAnon>E. K.</xAnon> miały być meble z litego drewna. Żaden z dowodów zgromadzonych w sprawie nie wskazuje bowiem, iż przedmiotem umowy stron miały być meble z drewna, a nie okleiny. Co istotne w pierwszym piśmie reklamacyjnym z dnia 22 lutego 2012 r. (k. 10) powódka, wśród zgłaszanych wad, w ogóle nie podnosiła tej kwestii, ograniczając swoje żądania do dostarczenia kompletu mebli w jednym kolorze. Nie powinno więc budzić wątpliwości, iż powódce dostarczono takie meble, jakie widziała na wystawie w salonie meblowym i o cechach, o których wcześniej sprzedawca zapewnił kupującego.</xText>
          <xText>Ponadto zgodnie z utrwalonym w orzecznictwie poglądem obraza <xLexLink xArt="art. 328;art. 328 § 2" xIsapId="WDU19640430296" xTitle="Ustawa z dnia 17 listopada 1964 r. - Kodeks postępowania cywilnego" xAddress="Dz. U. z 1964 r. Nr 43, poz. 296">art. 328 § 2 k.p.c.</xLexLink> może być skutecznym zarzutem apelacji tylko wtedy, gdy uzasadnienie zaskarżonego wyroku nie posiada wszystkich koniecznych elementów, bądź zawiera braki w zakresie poczynionych ustaleń faktycznych i oceny prawnej tak znaczne, że sfera motywacyjna orzeczenia pozostaje nieujawniona bądź ujawniona w sposób uniemożliwiający poddanie jej ocenie instancyjnej( por. wyrok Sądu Apelacyjnego w Łodzi z dnia 3.12. 2013r. I ACa 715/13 , LEX nr 1416118) ) . W niniejszej sprawie sytuacja taka nie ma miejsca .</xText>
          <xText>Na uwzględnienie nie mógł również zasługiwać zgłoszony z ostrożności procesowej zarzut nierozpoznania istoty sprawy, skoro Sąd I instancji zgromadził obszerny materiał dowodowy, ocenił go zgodnie z regułami swobodnej oceny dowodów, w wyniku której poczynił prawidłowe ustalenia faktyczne, a następnie do tak ustalonego stanu faktycznego zastosował właściwe przepisy prawa.</xText>
          <xText>W świetle bezzasadności wszystkich sformułowanych w środku zaskarżenia zarzutów w punkcie 1. wyroku Sąd odwoławczy oddalił apelację na podstawie <xLexLink xArt="art. 385" xIsapId="WDU19640430296" xTitle="Ustawa z dnia 17 listopada 1964 r. - Kodeks postępowania cywilnego" xAddress="Dz. U. z 1964 r. Nr 43, poz. 296">art. 385 k.p.c.</xLexLink></xText>
          <xText>Orzeczenie w zakresie kosztów postępowania odwoławczego Sąd oparł na <xLexLink xArt="art. 98;art. 98 § 1" xIsapId="WDU19640430296" xTitle="Ustawa z dnia 17 listopada 1964 r. - Kodeks postępowania cywilnego" xAddress="Dz. U. z 1964 r. Nr 43, poz. 296">art. 98 § 1 k.p.c.</xLexLink> w zw. z <xLexLink xArt="art. 99" xIsapId="WDU19640430296" xTitle="Ustawa z dnia 17 listopada 1964 r. - Kodeks postępowania cywilnego" xAddress="Dz. U. z 1964 r. Nr 43, poz. 296">art. 99 k.p.c.</xLexLink>, zgodnie z którym strona przegrywająca sprawę obowiązana jest zwrócić przeciwnikowi na jego żądanie koszty niezbędne do celowego dochodzenia praw i celowej obrony. Apelacja strony powodowej była w całości nieuzasadniona stąd pozwanej należy się zwrot w całości kosztów postępowania odwoławczego. W skład tych kosztów wchodzą koszty zastępstwa procesowego w postępowaniu odwoławczym realizowanego przez radcę prawnego w kwocie 1.200 zł (stosownie do <xLexLink xArt="§ 6;§ 6 pkt. 5;§ 12;§ 12 ust. 1;§ 12 ust. 1 pkt. 1" xIsapId="WDU20021631349" xTitle="Rozporządzenie Ministra Sprawiedliwości z dnia 28 września 2002 r. w sprawie opłat za czynności radców prawnych oraz ponoszenia przez Skarb Państwa kosztów pomocy prawnej udzielonej przez radcę prawnego ustanowionego z urzędu" xAddress="Dz. U. z 2002 r. Nr 163, poz. 1349">§ 6 pkt 5 i § 12 ust. 1 pkt 1 rozporządzenia Ministra Sprawiedliwości z dnia 28 września 2002 r. w sprawie opłat za czynności radców prawnych oraz ponoszenia przez Skarb Państwa kosztów pomocy prawnej udzielonej przez radcę prawnego ustanowionego z urzędu</xLexLink> - t.j.: Dz. U. z 2013 r. poz. 490).</xText>
          
          <xText>Jolanta Tembłowska Aleksandra Bolczyk Iwona Przyłębska Grzybowska
</xText>
        </xUnit>
      </xBlock>
    </xPart>
  </judgement>
<judgement id="155025300522503_V_C_000452_2013_Uz_2014-04-04_001">
    <xPart xEditorFullName="Małgorzata Sofińska" xYear="2013" xLang="PL" xPublisherFullName="Małgorzata Sofińska" xFromPg="1" xEditor="msofinska" xVolType="15/502530/0522503/C" xPublisher="msofinska" xDocType="Uz" xVolNmbr="000452" xVersion="1.0" xToPage="7" xFlag="published">
      <xName>Wyrok+Uzasadnienie</xName>
      <xBlock>
        <xText>Sygn. akt V C upr 452/13</xText>
        <xUnit xIsTitle="true" xType="part" xBold="true">
          <xName>WYROK</xName>
          <xTitle>W IMIENIU RZECZYPOSPOLITEJ POLSKIEJ</xTitle>
          <xText xALIGNx="right"> Dnia 04 kwietnia 2014 r.</xText>
          
          <xText>Sąd Rejonowy w Trzebnicy V Zamiejscowy Wydział Cywilny z siedzibą w <xAnon>M.</xAnon> w składzie:</xText>
          
          <xText>Przewodniczący SSR Grażyna Wójcik</xText>
          <xText>Protokolant Agnieszka Hasiak</xText>
          
          <xText>po rozpoznaniu na rozprawie w dniu 04 kwietnia 2014 r. w <xAnon>M.</xAnon></xText>
          
          <xText>sprawy z powództwa <xAnon>(...)</xAnon>we Wrocławiu</xText>
          <xText>przeciwko <xAnon>J. S.</xAnon></xText>
          <xText>o zapłatę</xText>
          
          <xUnit xIsTitle="false" xType="none">
            <xName xSffx=".">I</xName>
            <xText>oddala powództwo;</xText>
          </xUnit>
          <xUnit xIsTitle="false" xType="none">
            <xName xSffx=".">II</xName>
            <xText>kosztami postępowania obciąża stronę powodową w zakresie prze nią poniesionym.</xText>
          </xUnit>
          
          <xText>Zarządzenia:</xText>
          <xUnit xIsTitle="false" xType="none">
            <xName xSffx=".">1</xName>
            <xText>odnotować i zakreślić;</xText>
          </xUnit>
          <xUnit xIsTitle="false" xType="none">
            <xName xSffx=".">2</xName>
            <xText>kal. 21 dni;</xText>
          </xUnit>
          <xUnit xIsTitle="false" xType="none">
            <xName xSffx=".">3</xName>
            <xText>po prawomocności akta odłożyć do archiwum.</xText>
          </xUnit>
          
          <xText><xAnon>M.</xAnon>, dnia 04 kwietnia 2014 roku.</xText>
          <xText>Sygn. akt V C upr 452/13</xText>
        </xUnit>
        <xUnit xIsTitle="true" xType="part" xBold="true">
          <xName>UZASADNIENIE</xName>
          <xText>Strona powodowa Prokura Niestandaryzowany Sekurytyzacyjny Fundusz Inwestycyjny Zamknięty we <xAnon>W.</xAnon>, działając przez pełnomocnika będącego radcą prawnym, w dniu 14 kwietnia 2013 r. skierowała do Sądu Rejonowego Lublin – Zachód w Lublinie pozew w elektronicznym postępowaniu upominawczym i wniosła o orzeczenie nakazem zapłaty, by pozwany <xAnon>J. S.</xAnon> zapłacił stronie powodowej kwotę 1.579,48 zł wraz z odsetkami ustawowymi liczonymi od dnia 15 kwietnia 2013 r. do dnia zapłaty. Ponadto wniosła o zasądzenie na jej rzecz zwrotu kosztów sądowych w kwocie 30,00 zł, kosztów zastępstwa procesowego w kwocie 600,00 zł oraz innych kosztów w wysokości 0,54 zł.</xText>
          <xText>W uzasadnieniu wskazała, że pozwany <xAnon> i (...) S.A.</xAnon> (obecnie <xAnon>S. A.</xAnon> (spólka Akcyjna)) zawarli w dniu 13 marca 2006 r. umowę bankową o numerze <xAnon> (...)</xAnon>, na podstawie której pozwany otrzymał określoną w umowie kwotę pieniężną i zobowiązał się do jej zwrotu na warunkach precyzyjnie określonych w tejże umowie. Pozwany nie wywiązał się z przyjętego na siebie zobowiązania, wobec czego niespłacona kwota należności głównej stała się wymagalna wraz z kwotą odsetek za opóźnienie w spełnieniu świadczenia. W następstwie powyższego pierwotny wierzyciel wezwał pozwanego do zapłaty zadłużenia. Następnie – wobec bierności pozwanego – w dniu 30 grudnia 2010 r. zawarł ze strona powodową umowę przelewu wierzytelności, cedując na jej rzecz całość praw i obowiązków wynikających umowy zawartej przez pozwaną z wierzycielem pierwotnym. Nadto strona powodowa wskazała, że zadłużenie pozwanego wynosi 1.579,48 zł, w tym należność główna 1.015,63 zł oraz skapitalizowane odsetki w wysokości 563,85 zł. Podniosła, że wezwała pozwaną do zapłaty, jednakże zadłużenie nie zostało uregulowane.</xText>
          <xText>Postanowieniem z dnia 19 czerwca 2013 r. Sąd Rejonowy Lublin – Zachód w Lublinie wobec stwierdzenia braku podstaw do wydania nakazu zapłaty, przekazała rozpoznanie sprawy tutejszemu Sądowi.</xText>
          <xText>Strona powodowa w dniu 24 września 2013 r. uzupełniła braki formalne pozwu, składając go na urzędowym formularzu.</xText>
          <xText>W odpowiedzi na pozew pozwany podniósł zarzut przedawnienia roszczenia i wniósł o oddalenie powództwa w całości.</xText>
          
          <xText xALIGNx="center">
            <xBx>Sąd ustalił następujący stan faktyczny:</xBx>
          </xText>
          
          <xText>W 2006 r. pozwany zawarł z <xAnon> (...) S.A.</xAnon> umowę o wydanie karty kredytowej.</xText>
          
          <xText>(dowód: przesłuchanie pozwanego k. 53)</xText>
          
          <xText>W dniu 29 grudnia 2010 r. <xAnon>S. A.</xAnon>(Spółka Akcyjna) z siedzibą w <xAnon>P.</xAnon>Oddział w Polsce z siedzibą w <xAnon>W.</xAnon>zawarła ze strona powodową <xAnon>(...)</xAnon>we Wrocławiu umowę sprzedaży wierzytelności.</xText>
          
          <xText>(dowód: umowa sprzedaży wierzytelności z 29.12.2010 r. k. 23-28)</xText>
          
          <xText>Pismem z dnia 17 stycznia 2011 r. strona powodowa powiadomiła pozwanego o cesji wierzytelności wynikających z umowy karty kredytowej nr <xAnon> (...)</xAnon> z dnia 13 marca 2006 r.</xText>
          
          <xText>(dowód: pismo z 17.01.2011 r. k. 30)</xText>
          
          <xText>Pismem z dnia 20 marca 2013 r. strona powodowa zawiadomiła pozwanego o rozpoczęciu sądowego etapu dochodzenia należności.</xText>
          
          <xText>(dowód: pismo z 30.03.2013 r. k. 31)</xText>
          
          <xText>W wyciągu z ksiąg rachunkowych funduszu sekurytyzacyjnego wystawionym w dniu 15 kwietnia 2013 r. strona powodowa oświadczyła, że w dniu 30 grudnia 2010 r. nabyła od <xAnon>S. A.</xAnon> (Spółka Akcyjna) z siedzibą w <xAnon>P.</xAnon> Oddział w Polsce z siedzibą w <xAnon>W.</xAnon> wierzytelność wobec pozwanego, wynikającą z umowy karty kredytowej nr <xAnon> (...)</xAnon> z dnia 13 marca 2006 r. w wysokości: 1.579,48 zł, w tym należność główna 1.015,63 zł i odsetki w kwocie 563,85 zł.</xText>
          
          <xText>(dowód: wyciąg z ksiąg rachunkowych funduszu sekurytyzacyjnego</xText>
          <xText>i ewidencji analitycznej nr <xAnon> (...)</xAnon> z 15.04.2013 t. k. 32)</xText>
          
          <xText xALIGNx="center">
            <xBx>Sąd zważył co następuje:</xBx>
          </xText>
          
          <xText>Powództwo nie zasługuje na uwzględnienie.</xText>
          <xText>W obecnym kształcie procesu cywilnego ustawowo podkreślono jego kontradyktoryjny charakter, czego potwierdzeniem są regulacje zawarte w <xLexLink xArt="art. 232" xIsapId="WDU19640430296" xTitle="Ustawa z dnia 17 listopada 1964 r. - Kodeks postępowania cywilnego" xAddress="Dz. U. z 1964 r. Nr 43, poz. 296">art. 232 k.p.c.</xLexLink> oraz w <xLexLink xArt="art. 6" xIsapId="WDU19640160093" xTitle="Ustawa z dnia 23 kwietnia 1964 r. - Kodeks cywilny" xAddress="Dz. U. z 1964 r. Nr 16, poz. 93">art. 6 k.c.</xLexLink> Ciężar dowodu spoczywa na stronach postępowania. To one są dysponentem toczącego się procesu i od nich zależy jego wynik. Mają bowiem obowiązek przejawiać aktywność, w celu wykazania wszystkich istotnych okoliczności i faktów, z których wywodzą skutki prawne. Zatem w rozpatrywanej sprawie na stronie powodowej ciążył obowiązek wykazania zasadności powództwa i wysokości dochodzonego roszczenia.</xText>
          <xText>Strona powodowa swoje roszczenie wywodziła z treści przepisu <xLexLink xArt="art. 509" xIsapId="WDU19640160093" xTitle="Ustawa z dnia 23 kwietnia 1964 r. - Kodeks cywilny" xAddress="Dz. U. z 1964 r. Nr 16, poz. 93">art. 509 k.c.</xLexLink>, dotyczącego umowy przelewu wierzytelności. Pamiętać należy, że warunkiem otrzymania należności przez nabywcę długu jest udowodnienie, że takie prawo przysługiwało pierwotnemu wierzycielowi. Powód formułując żądanie w niniejszej sprawie miał zatem obowiązek udowodnienia, że przysługuje mu uprawnienie do dochodzenia należności od pozwanego z tytułu związania umową z poprzednikiem prawnym strony powodowej, z tytułu której miał uiścić dochodzona pozwem kwotę. Strona powodowa zaoferowała jako materiał dowodowy jedynie umowę cesji, wyciąg z ksiąg rachunkowych funduszu oraz pisma informujące pozwanego o przelewie wierzytelności i rozpoczęciu sądowego etapu dochodzenia należności.</xText>
          <xText>W ocenie Sądu przedłożone przez powoda dokumenty są niewystarczające dla uwzględnienia żądania. Strona powodowa, reprezentowana przez profesjonalnego pełnomocnika, nie wykazała bowiem w żaden sposób – wbrew ciążącemu na niej obowiązkowi – istnienia i wysokości zobowiązania, zasad obciążenia pozwanego dochodzoną kwotą przez pierwotnego wierzyciela i daty wymagalności świadczenia. Powołała się w zakresie istnienia i wysokości zobowiązania jedynie na wyciąg z ksiąg rachunkowych funduszu sekurytyzacyjnego, co nie może zostać uznane za wystarczające, zwłaszcza w świetle orzeczenia Trybunału Konstytucyjnego z 11 lipca 2011 r. w sprawie P 1/10, na mocy którego zostało wykluczone uprzywilejowanie dowodowe jakie posiadały fundusze sekurytyzacyjne. Wyciąg z ksiąg rachunkowych funduszu złożony w niniejsze sprawie stanowi wyłącznie dokument prywatny i nie wiąże się z nim domniemanie prawne, że stwierdzona w nim wierzytelność istnieje. W tej sytuacji brak jakiegokolwiek sposobu kontroli prawidłowości podstaw dokonania przedmiotowego wpisu w księgach rachunkowych powodowego funduszu. Strona powodowa nie przedłożyła umowy karty kredytowej, na którą powołuje się w uzasadnieniu pozwu, nie zaoferowała innych dowodów potwierdzających wysokość dochodzonej kwoty. W tej sytuacji żądanie pozwu należało ocenić jako nie udowodnione.</xText>
          <xText>Zauważyć w tym miejscu należy, że powyższe okoliczności uniemożliwiają Sądowi odniesienie się do zarzutu przedawnienia podniesionego przez pozwanego. Zgodnie bowiem z <xLexLink xArt="art. 120;art. 120 § 1" xIsapId="WDU19640160093" xTitle="Ustawa z dnia 23 kwietnia 1964 r. - Kodeks cywilny" xAddress="Dz. U. z 1964 r. Nr 16, poz. 93">art. 120 § 1 k.c.</xLexLink> bieg przedawnienia rozpoczyna się od dnia, w którym roszczenie stało się wymagalne. Jeżeli wymagalność roszczenia zależy od podjęcia określonej czynności przez uprawnionego, bieg terminu rozpoczyna się od dnia, w którym roszczenie stałoby się wymagalne, gdyby uprawniony podjął czynność w najwcześniej możliwym terminie. Skoro strona powodowa nie wykazała, kiedy dochodzone roszczenie, stanowiące należność główną stało się wymagalne, brak podstaw do oceny skuteczności zarzutu pozwanego. Niemniej mając na względzie regulację zawartą w przepisie art. 26 ustawy z dnia 12 lipca 2013 r. o zmianie ustawy o usługach płatniczych oraz niektórych innych ustaw (Dz. U. z 2013 poz. 1036) w zw. z <xLexLink xArt="art. 1;art. 1 ust. 1;art. 2;art. 2 pkt. 4;art. 6" xIsapId="WDU20021691385" xTitle="Ustawa z dnia 12 września 2002 r. o elektronicznych instrumentach płatniczych" xAddress="Dz. U. z 2002 r. Nr 169, poz. 1385">art. 1 ust. 1, art. 2 pkt 4 i art. 6 ustawy z dnia 12 września 2002 r. o elektronicznych instrumentach płatniczych</xLexLink> (Dz. U. Nr 169, poz. 1385 z późn. zm.), należało uznać, że w niniejszej sprawie roszczenie powoda podlega dwuletniemu terminowi przedawnienia. A porównując datę zawarcia umowy o kartę kredytową, datę cesji wierzytelności i datę złożenia pozwu do Sądu, można było założyć, że termin przedawnienia w niniejszej sprawie upłynął.</xText>
          <xText>Z tych względów orzeczono w pkt I sentencji wyroku o oddaleniu powództwa w całości.</xText>
          <xText>Konsekwencją powyższego jest rozstrzygnięcie o kosztach postępowania zawarte w pkt II sentencji wyroku, które znajduje oparcie w treści przepisu <xLexLink xArt="art. 98;art. 98 § 1" xIsapId="WDU19640430296" xTitle="Ustawa z dnia 17 listopada 1964 r. - Kodeks postępowania cywilnego" xAddress="Dz. U. z 1964 r. Nr 43, poz. 296">art. 98 § 1 k.p.c.</xLexLink></xText>
          
          <xText>Zarządzenia:</xText>
          <xUnit xIsTitle="false" xType="none">
            <xName xSffx=".">1</xName>
            <xText>odnotować;</xText>
          </xUnit>
          <xUnit xIsTitle="false" xType="none">
            <xName xSffx=".">2</xName>
            <xText>odpis wyroku z uzasadnieniem doręczyć:</xText>
            <xEnum>
              <xBullet>-</xBullet>
              <xEnumElem>
                <xText>pełnomocnikowi strony powodowej – r.pr. B. <xAnon>G.</xAnon>;</xText>
              </xEnumElem>
              <xEnumElem>
                <xText>powodowi;</xText>
              </xEnumElem>
            </xEnum>
          </xUnit>
          <xUnit xIsTitle="false" xType="none">
            <xName xSffx=".">3</xName>
            <xText>kal. 14 dni;</xText>
          </xUnit>
          <xUnit xIsTitle="false" xType="none">
            <xName xSffx=".">4</xName>
            <xText>po prawomocności akta odłożyć do archiwum.</xText>
          </xUnit>
          <xText><xAnon>M.</xAnon> dnia 14 kwietnia 2014 r.</xText>
        </xUnit>
      </xBlock>
    </xPart>
  </judgement>
<judgement id="150515250003506_VII_W_000088_2013_Uz_2014-04-22_001">
    <xPart xEditorFullName="Paweł Basalski" xYear="2013" xLang="PL" xPublisherFullName="Lucyna Kuryłowicz" xFromPg="1" xEditor="pbasalski" xVolType="15/051525/0003506/W" xPublisher="lkurylowicz" xDocType="Uz" xVolNmbr="000088" xVersion="1.0" xToPage="5" xFlag="published">
      <xName>Wyrok+Uzasadnienie</xName>
      <xBlock>
        <xText>Sygn. akt VII W 88/13</xText>
        <xUnit xIsTitle="true" xBold="true" xType="part">
          <xName>WYROK</xName>
          <xTitle>W IMIENIU RZECZYPOSPOLITEJ POLSKIEJ</xTitle>
          <xText xALIGNx="right">
            <xBx>Dnia 07 kwietnia 2014 r. </xBx>
          </xText>
          
          <xText>Sąd Rejonowy w Olsztynie w Wydziale VII Karnym w składzie:</xText>
          <xText>
            <xBx>Przewodniczący: SSR Katarzyna Kruszewska-Sobczyk</xBx>
          </xText>
          <xText>Protokolant: Agnieszka Michałowska</xText>
          
          <xText>przy udziale Prokuratora Arkadiusza Szulc i funkcjonariusza celnego Wojciecha Piątkowskiego</xText>
          <xText>po rozpoznaniu w dniu 05 marca 2014r., 07 kwietnia 2014r.</xText>
          <xText>sprawy <xBx><xAnon>K. L.</xAnon></xBx>, <xAnon>ur. (...)</xAnon> w <xAnon>S.</xAnon>, syna <xAnon>Z.</xAnon> i <xAnon>D.</xAnon><xBRx/>z d. <xAnon>B.</xAnon>,</xText>
          
          <xText>
            <xBx>oskarżonego o to, że:</xBx>
          </xText>
          <xText>w dniu <xAnon>(...)</xAnon> uchylał się od opodatkowania poprzez nie ujawnienie Naczelnikowi <xAnon>(...)</xAnon> w <xAnon>O.</xAnon> towaru w postaci: 2 000 litrów oleju napędowego, nabytego od nieznanej osoby, a ujawnionego w dniu <xAnon>(...)</xAnon>w <xAnon>O.</xAnon> przy <xAnon>ul. (...)</xAnon> w samochodzie dostawczym marki <xAnon>I.</xAnon> o <xAnon>nr rej. (...)</xAnon> w przestrzeni załadunkowej-w dwóch pojemnikach typu „mauser”, w dwóch kanistrach o poj. 30 litrów każdy, w dwóch kanistrach o poj. 20 litrów każdy, od którego to towaru należny podatek akcyzowy wynosi 2096,00 zł,</xText>
          <xText>
            <xBx>- tj. o wykroczenie skarbowe określone w <xLexLink xArt="art. 54;art. 54 § 3" xIsapId="WDU19990830930" xTitle="Ustawa z dnia 10 września 1999 r. - Kodeks karny skarbowy" xAddress="Dz. U. z 1999 r. Nr 83, poz. 930">art. 54 § 3 kks</xLexLink></xBx>
          </xText>
          
          <xText><xBx>I.</xBx> oskarżonego <xBx><xAnon>K. L.</xAnon></xBx> uznaje za winnego popełnienia zarzucanego mu czynu z tym tylko ustaleniem, iż należny podatek akcyzowy wynosił 2392 zł i za to na podstawie <xLexLink xArt="art. 54;art. 54 § 3" xIsapId="WDU19990830930" xTitle="Ustawa z dnia 10 września 1999 r. - Kodeks karny skarbowy" xAddress="Dz. U. z 1999 r. Nr 83, poz. 930">art. 54 § 3 kks</xLexLink> skazuje go na karę grzywny w wysokości 1500 (tysiąc pięćset) złotych,</xText>
          <xText><xBx>II.</xBx> na podstawie art. <xLexLink xArt="art. 624;art. 624 § 1" xIsapId="WDU19970890555" xTitle="Ustawa z dnia 6 czerwca 1997 r. - Kodeks postępowania karnego" xAddress="Dz. U. z 1997 r. Nr 89, poz. 555">art. 624 § 1 k.p.k.</xLexLink> zwalnia oskarżonego od zapłaty na rzecz Skarbu Państwa kosztów sądowych oraz opłaty.</xText>
          
          <xText>Sygn. akt VII W 88/13</xText>
        </xUnit>
        <xUnit xIsTitle="true" xBold="true" xType="part">
          <xName>UZASADNIENIE</xName>
          <xText xALIGNx="center">
            <xBx>Sąd ustalił następujący stan faktyczny:</xBx>
          </xText>
          
          <xText>W dniu <xAnon>(...)</xAnon> funkcjonariusze służby celnej zatrzymali na <xAnon>ul. (...)</xAnon> w <xAnon>O.</xAnon> do kontroli celnej samochód dostawczy marki <xAnon>I.</xAnon> o <xAnon>nr rej. (...)</xAnon>, którym poruszał się <xAnon>K. L.</xAnon>.</xText>
          <xText>Wymieniony w samochodzie tym w przestrzeni załadunkowej przewoził 2 pojemniki typu <xAnon> (...)</xAnon>, 2 kanistry o pojemności 30 litrów każdy oraz 2 kanistry o pojemności 20 litrów każdy, w których znajdował się olej napędowy pochodzenia rosyjskiego w łącznej ilości 2000 litrów.</xText>
          <xText>Towar ten <xAnon>K. L.</xAnon> nabył od nieznanego mu mężczyzny, nie uiszczając w związku z jego zakupem stosownych należności podatkowych. Należny od powyższego towaru podatek akcyzowy wynosił 2392 zł.</xText>
          <xText>Po ujawnieniu przez funkcjonariuszy służby celnej wskazanego wyżej towaru obliczono należności celno-podatkowe, które <xAnon>K. L.</xAnon> uiścił, po czym paliwo zwolniono, oddając je wymienionemu do użytku własnego.</xText>
          <xText>
            <xIx>
     (dowód: protokół przeszukania k: 3-4, decyzja Naczelnika <xAnon>(...)</xAnon> w <xAnon>O.</xAnon> nr <xAnon> (...)</xAnon><xAnon> - (...)</xAnon>9110-450/13/DS k: 24-26, zeznania <xAnon>M. Z.</xAnon> k: 73v, <xAnon>M. S.</xAnon> k: 73v-74, <xAnon>M. K.</xAnon> k: 74 , decyzja Dyrektora <xAnon>(...)</xAnon> w <xAnon>O.</xAnon> nr <xAnon> (...)</xAnon><xAnon> - (...)</xAnon>-170/13 k: 63-71).</xIx>
          </xText>
          
          <xText>Oskarżony <xBx><xAnon>K. L.</xAnon></xBx>w czasie postępowania przygotowawczego przyznał się do popełnienia zarzucanego mu czynu, korzystając z prawa do odmowy składania wyjaśnień (k: 8).</xText>
          <xText>W czasie rozprawy oskarżony nie przyznał się do zarzucanego mu czynu. Wyjaśnił, iż wcześniej przyznał się, ale tylko dlatego, że chciał odzyskać samochód. Przyznał, iż przewoził paliwo, ale nie uchylał się od opodatkowania. Paliwo było pochodzenia polskiego, nie wie dlaczego miała być od niego naliczana akcyza. Nie wziął paragonu od mężczyzny, który mu je sprzedał. Kupił olej chyba w <xAnon>B.</xAnon>, nie pamięta gdzie.</xText>
          <xText>(wyjaśnienia oskarżonego k: 57-57v).</xText>
          
          <xText xALIGNx="center">
            <xBx>Sąd zważył, co następuje:</xBx>
          </xText>
          <xText>W ocenie Sądu wyjaśnienia oskarżonego, w których nie przyznał się do popełnienia zarzucanego mu czynu nie zasługują na wiarę, albowiem pozostają one w oczywistej sprzeczności z pozostałym zgromadzonym w sprawie materiałem dowodowym, w szczególności w postaci zeznań świadków <xAnon>M. Z.</xAnon>, <xAnon>M. S.</xAnon> i <xAnon>M. K.</xAnon>, jak również z wyjaśnieniami oskarżonego złożonymi w toku postępowania przygotowawczego, w których przyznał się do popełniania zarzucanego mu czynu.</xText>
          <xText>Świadkowie <xAnon>M. Z.</xAnon>, <xAnon>M. S.</xAnon> i <xAnon>M. K.</xAnon>- funkcjonariusze służby celnej, którzy przeprowadzali kontrolę w pojeździe oskarżonego i ujawnili przewożony przez niego olej napędowy złożyli zeznania na okoliczność przebiegu tejże kontroli.</xText>
          <xText>Z zeznań ich wyraźnie wynikało, iż oskarżony przyznał im podczas kontroli, że zatrzymany towar był pochodzenia rosyjskiego. Zgodził się też na opłacenie należności celno-podatkowych, po czym zwrócono mu przedmiotowy towar. Wymienionego informowano też, iż są różnice w składzie paliwa polskiego i rosyjskiego i istnieje możliwość pobrania próbek celem ustalenia pochodzenia przewożonego przez niego towaru, z uwagi jednak na to, iż oskarżony przyznał, iż było to paliwo rosyjskie i zgodził się opłacić należności odstąpiono od pobrania próbek do badania.</xText>
          <xText>W ocenie Sądu zeznania wskazanych wyżej świadków w pełni zasługiwały na wiarę, były spójne, logiczne, wzajemnie ze sobą korespondujące, jak i z pozostałym zgromadzonym w sprawie materiałem dowodowym, w szczególności w postaci protokołu przeszukania, ponadto pochodziły od osób obcych dla oskarżonego, które zetknęły się z nim jedynie przy okazji wykonywania czynności służbowych, tak, iż brak podstaw, aby zeznaniom ich odmawiać wiarygodności i mocy dowodowej.</xText>
          <xText>Przeciwko wiarygodności wyjaśnień oskarżonego, w których nie przyznał się do popełnienia zarzucanego mu czynu przemawiały też wskazania wiedzy, logiki i doświadczenia życiowego. Gdyby bowiem oskarżony rzeczywiście był przekonany, że nabyty przez niego towar jest pochodzenia polskiego, logicznym byłoby, aby zgodził się na pobranie próbek paliwa, o której to możliwości informowali go funkcjonariusze celni, zupełnie zaś sprzeczne z wskazaniami logiki i doświadczenia życiowego jest przyjęcie, iż przyznałby on, iż nabyty towar jest pochodzenia rosyjskiego, uiszczając przy tym należności celno-podatkowe.</xText>
          <xText>Mając zatem na uwadze wskazane wyżej okoliczności Sąd uznał, iż zgromadzony w sprawie materiał dowodowy daje pełne podstawy do przyjęcia, iż oskarżony <xAnon>K. L.</xAnon> dopuścił się zarzucanego mu czynu zabronionego, polegającego na tym, że w dniu <xAnon>(...)</xAnon>. uchylał się od opodatkowania poprzez nie ujawnienie Naczelnikowi<xAnon>(...)</xAnon> w <xAnon>O.</xAnon> nabytego od nieznanej osoby towaru w postaci 2000 litrów oleju napędowego, od którego należny podatek akcyzowy wynosił 2392 zł, którym to zachowaniem wypełnił dyspozycję <xLexLink xArt="art. 54;art. 54 § 3" xIsapId="WDU19990830930" xTitle="Ustawa z dnia 10 września 1999 r. - Kodeks karny skarbowy" xAddress="Dz. U. z 1999 r. Nr 83, poz. 930">art. 54§ 3 kks</xLexLink>, a wina jego nie budzi wątpliwości.</xText>
          <xText>Sąd przypisując oskarżonemu przedmiotowy czyn dokonał zmiany w jego opisie co do wysokości należnego podatku akcyzowego w stosunku do opisu czynu zawartego w akcie oskarżenia, gdzie wskazano, iż wynosiła ona 2096 zł, ustalając, iż podatek ten wynosił 2392 zł, stosownie do treści <xAnon>decyzji nr (...)</xAnon>, przedłożonej w trakcie rozprawy, z której wynikała taka wysokość tego zobowiązania podatkowego.</xText>
          <xText>Wymierzając oskarżonemu karę Sąd baczył, aby w oparciu o ustawowe dyrektywy jej wymiaru była ona adekwatna do stopnia szkodliwości społecznej przypisanego oskarżonemu czynu i jego zawinienia, jak również, aby spełniała ona swe cele zapobiegawcze i wychowawcze jakie kara ma spełniać w stosunku do skazanego.</xText>
          <xText>Sąd wziął tu pod uwagę jako okoliczność łagodzącą dotychczasową niekaralność oskarżonego oraz to, iż oskarżony w postępowaniu przygotowawczym przyznał się do popełnienia zarzucanego mu czynu.</xText>
          <xText>Natomiast jako okoliczność obciążającą Sąd potraktował stosunkową dużą ilość tj. 2000 litrów oleju napędowego, który ujawniono u oskarżonego.</xText>
          <xText>Mając powyższe okoliczności na uwadze Sąd uznał zatem, iż karą adekwatną i należycie prewencyjną będzie dla oskarżonego kara grzywny w wysokości 1500 zł, która to kwota odpowiada miesięcznym dochodom oskarżonego.</xText>
          <xText>Sąd zwolnił oskarżonego od zapłaty na rzecz Skarbu Państwa kosztów sądowych, mając na uwadze wysokość jego dochodu, wysokość orzeczonej grzywny, jak również z uwagi na to, iż wymieniony nie ma stałej pracy, utrzymuje się jedynie z prac dorywczych, ponadto posiada na utrzymaniu dwoje dzieci, w związku z czym obciążenie go tymi kosztami stanowiłoby dla niego nadmierne obciążenie.</xText>
        </xUnit>
      </xBlock>
    </xPart>
  </judgement>
<judgement id="150520000001521_III_U_000474_2013_Uz_2014-04-07_001">
    <xPart xEditorFullName="Izabela Chilińska" xYear="2013" xLang="PL" xPublisherFullName="Elżbieta Sklizmunt" xFromPg="1" xEditor="izabela.chilinska" xVolType="15/052000/0001521/U" xPublisher="elzbieta.sklizmunt" xDocType="Uz" xVolNmbr="000474" xVersion="1.0" xToPage="2" xFlag="published">
      <xName>Wyrok+Uzasadnienie</xName>
      <xBlock>
        <xText>Sygn. akt III U 474/13</xText>
        
        
        <xUnit xIsTitle="true" xBold="true" xType="part">
          <xName>WYROK</xName>
          <xTitle>W IMIENIU RZECZYPOSPOLITEJ POLSKIEJ</xTitle>
          <xText xALIGNx="right">Dnia 7 kwietnia 2014r.</xText>
          
          <xText>Sąd Okręgowy w Suwałkach III Wydział Pracy i Ubezpieczeń Społecznych</xText>
          <xText>w składzie:</xText>
          <xRows>
            <xCOLGROUPx>
              <xCOLx xWIDTHx="185"/>
              <xCOLx xWIDTHx="440"/>
            </xCOLGROUPx>
            <xRow>
              <xClmn xALIGNx="left" xVALIGNx="top">
                <xText>
                  <xBx>Przewodniczący:</xBx>
                </xText>
              </xClmn>
              <xClmn xALIGNx="left" xVALIGNx="top">
                <xText>
                  <xBx>SSO Piotr Witkowski</xBx>
                </xText>
              </xClmn>
            </xRow>
            <xRow>
              <xClmn xALIGNx="left" xVALIGNx="top">
                <xText>
                  <xBx>Protokolant:</xBx>
                </xText>
              </xClmn>
              <xClmn xALIGNx="left" xVALIGNx="top">
                <xText>
                  <xBx>st. sekr. sądowy Marta Majewska-Wronowska</xBx>
                </xText>
              </xClmn>
            </xRow>
          </xRows>
          
          <xText>po rozpoznaniu na rozprawie w dniu 7 kwietnia 2014r. w Suwałkach</xText>
          <xText>sprawy<xBx><xAnon>J. S.</xAnon></xBx></xText>
          <xText>przeciwko Zakładowi Ubezpieczeń Społecznych Oddział w <xAnon>B.</xAnon></xText>
          <xText>o wcześniejszą emeryturę</xText>
          <xText>w związku z odwołaniem <xAnon>J. S.</xAnon></xText>
          <xText>od decyzji Zakładu Ubezpieczeń Społecznych Oddział w <xAnon>B.</xAnon></xText>
          <xText>z dnia 5 czerwca 2013 r. znak <xAnon> (...)</xAnon></xText>
          
          <xText xALIGNx="center">
            <xBx>
              <xIx>oddala odwołanie.</xIx>
            </xBx>
          </xText>
          <xText>Sygn. akt III U 474/13</xText>
        </xUnit>
        <xUnit xIsTitle="true" xBold="true" xType="part">
          <xName>UZASADNIENIE</xName>
          <xText>Zakład Ubezpieczeń Społecznych Oddział w <xAnon>B.</xAnon>, decyzją z dnia 05.06.2013r. odmówił <xAnon>J. S.</xAnon> prawa do emerytury.</xText>
          <xText>W uzasadnieniu wskazał, że zgodnie z <xLexLink xArt="art. 184" xIsapId="WDU19981621118" xTitle="Ustawa z dnia 17 grudnia 1998 r. o emeryturach i rentach z Funduszu Ubezpieczeń Społecznych" xAddress="Dz. U. z 1998 r. Nr 162, poz. 1118">art. 184 ustawy z dnia 17.12.1998r. o emeryturach i rentach z Funduszu Ubezpieczeń Społecznych</xLexLink> (tekst jedn. Dz. U. z 2009r. Nr 153, poz.1227) w związku z § 4 rozporządzenia Rady Ministrów z dnia 7.02.1983r., w sprawie wieku emerytalnego pracowników zatrudnionych w szczególnych warunkach lub w szczególnym charakterze (Dz. U z 1983r. Nr 8, poz. 43 ze zm.), ubezpieczonemu, urodzonemu po dniu 31.12.1948r. emerytura przysługuje, jeżeli spełnił łącznie następujące warunki:</xText>
          <xText>- osiągnął wiek emerytalny, wynoszący 60 lat dla mężczyzn;</xText>
          <xText>- nie przystąpił do otwartego funduszu emerytalnego;</xText>
          <xText>- w dniu wejścia w życie przepisów ustawy emerytalnej, tj. 1.01.1999r., udowodnił okres składkowy i nieskładkowy wynoszący co najmniej 25 lat dla mężczyzn, w tym okres zatrudnienia w szczególnych warunkach lub w szczególnym charakterze, wykonywanego stale i w pełnym wymiarze czasu pracy obowiązującym na danym stanowisku pracy, wynoszący co najmniej 15 lat.</xText>
          <xText>Zakład odmówił <xAnon>J. S.</xAnon> prawa do emerytury, ponieważ nie udokumentował on 15 lat pracy w warunkach szczególnych.</xText>
          <xText>Organ rentowy do stażu pracy w warunkach szczególnych nie uwzględnił następujących okresów zatrudnienia:</xText>
          <xText>- od 20.05.1977r. do 28.02.1983r. w <xAnon> Przedsiębiorstwie (...)</xAnon> w <xAnon>P.</xAnon> na stanowisku pomocnika operatora oraz operatora, ponieważ archiwum nie posiada uprawnień do wystawiania świadectw wykonywania pracy w szczególnych warunkach, a ponadto z dokumentacji archiwalnej (z kart wynagrodzeń) nie wynikają resorty, pod które podlegało to przedsiębiorstwo;</xText>
          <xText>- od 01.03.1983r. do 24.11.1990r. w <xAnon> (...) Przedsiębiorstwie (...)</xAnon> w <xAnon>G.</xAnon> na stanowisku operatora, z uwagi na brak świadectwa pracy w warunkach szczególnych, a z dokumentów archiwalnych nie wynikają również przepisy resortowe, dotyczące tego przedsiębiorstwa;</xText>
          <xText>- od 16.05.1997r. do 31.12.1998r. w <xAnon> (...)</xAnon> w <xAnon>O.</xAnon> na stanowisku operatora sprzętu ciężkiego, ponieważ przedłożone świadectwo wykonywania pracy w szczególnych warunkach jest nieformalne, gdyż zakład pracy był zakładem prywatnym, a powoływał się na przepisy resortowe.</xText>
          <xText>Na podstawie dowodów dołączonych do wniosku Zakład przyjął za udowodnione okresy składkowe na dzień 1.01.1991r. w ilości 25 lat.</xText>
          <xText>W lapidarnym odwołaniu <xAnon>J. S.</xAnon> domagał sie przyznania wcześniejszej emerytury.</xText>
          <xText>W odpowiedzi na odwołanie Zakład Ubezpieczeń Społecznych wniósł o jego oddalenie, uzasadniając jak w zaskarżonej decyzji.</xText>
          <xText>
            <xBx>
              <xUx>Sąd Okręgowy w Suwałkach ustalił i zważył, co następuje:</xUx>
            </xBx>
          </xText>
          <xText>
            <xBx>Odwołania za uzasadnionego uznać nie można było.</xBx>
          </xText>
          <xText>Zgodnie z <xLexLink xArt="art. 184;art. 184 ust. 1" xIsapId="WDU19981621118" xTitle="Ustawa z dnia 17 grudnia 1998 r. o emeryturach i rentach z Funduszu Ubezpieczeń Społecznych" xAddress="Dz. U. z 1998 r. Nr 162, poz. 1118">art. 184 ust. 1 ustawy z dnia 17.12.1998r. o emeryturach i rentach z Funduszu Ubezpieczeń Społecznych</xLexLink> (t.j. Dz. U. z 2013r. poz.1440), ubezpieczonym urodzonym po dniu 31.12.1948r. przysługuje emerytura po osiągnięciu wieku przewidzianego w art. 32, 33, 39 i 40, jeżeli w dniu wejścia w życie ustawy, tj. 1.01.1999r. osiągnęli:</xText>
          <xUnit xIsTitle="false" xType="none">
            <xName xSffx=".">1</xName>
            <xText>okres zatrudnienia w szczególnych warunkach lub w szczególnym charakterze wymaganym w przepisach dotychczasowych do nabycia prawa do emerytury w wieku niższym niż 60 lat – dla kobiet i 65 lat – dla mężczyzn oraz</xText>
          </xUnit>
          <xUnit xIsTitle="false" xType="none">
            <xName xSffx=".">2</xName>
            <xText>okres składkowy i nieskładkowy, o którym mowa w art.27.</xText>
          </xUnit>
          <xText>Ustęp 2 stanowi zaś, że emerytura, o której mowa w ust. 1, przysługuje pod warunkiem nieprzystąpienia do otwartego funduszu emerytalnego albo złożenia wniosku o przekazanie środków zgromadzonych na rachunku w otwartym funduszu emerytalnym, za pośrednictwem Zakładu, na dochody budżetu państwa oraz rozwiązania stosunku pracy – w przypadku ubezpieczonego będącego pracownikiem.</xText>
          <xText>Według natomiast art. 32 ust. 4 tej ustawy, wiek emerytalny, rodzaje prac lub stanowisk oraz warunki, na podstawie których przysługuje prawo do emerytury, ustala się na podstawie przepisów dotychczasowych.</xText>
          <xText>Tymi zaś przepisami dotychczasowymi są przepisy <xLexLink xArt="" xIsapId="WDU19830080043" xTitle="Rozporządzenie Rady Ministrów z dnia 7 lutego 1983 r. w sprawie wieku emerytalnego oraz wzrostu emerytur i rent inwalidzkich dla pracowników zatrudnionych w szczególnych warunkach lub w szczególnym charakterze" xAddress="Dz. U. z 1983 r. Nr 8, poz. 43">rozporządzenia Rady Ministrów z dnia 7.02.1983r. w sprawie wieku emerytalnego pracowników zatrudnionych w szczególnych warunkach lub w szczególnym charakterze</xLexLink> (Dz. U z 1983r. Nr 8, poz. 43 ze zm.).</xText>
          <xText>Stosownie do § 1 ust. 1 tego rozporządzenia, stosuje się ono do pracowników wykonujących prace w szczególnych warunkach lub w szczególnym charakterze, wymienione w § 4-15 tego rozporządzenia oraz w wykazach stanowiących załącznik do rozporządzenia, zwanych dalej ,,wykazami”. Paragraf 2 ust. 1 tego rozporządzenia stanowi, że okresami pracy uzasadniającymi prawo do świadczeń na zasadach określonych w rozporządzeniu są okresy, w których praca w szczególnych warunkach lub w szczególnym charakterze jest wykonywana stale i w pełnym wymiarze czasu pracy obowiązującym na danym stanowisku pracy, zaś według § 4 ust. 1, pracownik, który wykonywał prace w szczególnych warunkach, wymienione w wykazie A, nabywa prawo do emerytury, jeżeli spełnia łącznie następujące warunki: osiągnął wiek emerytalny wynoszący: 55 lat dla kobiet i 60 lat dla mężczyzn oraz ma wymagany okres zatrudnienia, w tym co najmniej 15 lat pracy w szczególnych warunkach.</xText>
          <xText>Z powyższego wynika więc, że aby ubezpieczony mógł otrzymać emeryturę na podstawie art. 184 ustawy o emeryturach i rentach z FUS, praca w szczególnych warunkach lub w szczególnym charakterze, przy spełnieniu pozostałych warunków, musiała być przez niego wykonywana w sposób stały i w pełnym wymiarze czasu pracy przez co najmniej 15 lat, przy czym w szczególnych warunkach, to w takich, jakie są wymienione w wykazie A powołanego rozporządzenia. Nie wystarcza więc powołanie się na same szkodliwe warunki pracy aby można było ją uznać za wykonywaną w szczególnych warunkach.</xText>
          <xText>Wskazać przy tym należy, że organ rentowy może zakwestionować świadectwo pracy potwierdzające wykonywanie zatrudnienia w warunkach szczególnych, które jak każdy dokument nieurzędowy w rozumieniu <xLexLink xArt="art. 244;art. 244 § 1;art. 244 § 2" xIsapId="WDU19640430296" xTitle="Ustawa z dnia 17 listopada 1964 r. - Kodeks postępowania cywilnego" xAddress="Dz. U. z 1964 r. Nr 43, poz. 296">art. 244 § 1 i 2 kpc</xLexLink> podlega kontroli zarówno co do prawidłowości wskazanych w nim faktów, jak i co do prawidłowości wskazanej podstawy prawnej, gdyż podmiot wydający to świadectwo nie jest organem państwowym, ani organem wykonującym zadania z zakresu administracji państwowej (np: wyrok Sądu Apelacyjnego w Białymstoku z dnia 24.09.2008r. III A Ua 795/08 – Lex 478688 i Sądu Apelacyjnego w Katowicach z dnia 4.11.2008r. III A Ua 3113/08 – Lex 552003).</xText>
          <xText>Co do pierwszego spornego okresu zatrudnienia odwołującego tj. od 20.05.1977r. do 28.02.1983r. w <xAnon> Przedsiębiorstwie (...)</xAnon> w <xAnon>P.</xAnon>, to z akt osobowych wynika, że odwołujący się początkowo był zatrudniony na stanowisku pomocnika operatora pogłębiarki pływającej. Zdaniem zaś Sądu należało przyjąć, iż dopiero od momentu uzyskania stosownych uprawnień i przeniesienia na samodzielne stanowisko operatora można było rozważać jego zatrudnienie pod katem pracy w warunkach szczególnych. Zatem okres od 20.05.1977r. do 31.12.1977r. należało uznać, jako okres przygotowawczy, w trakcie którego odwołujący nabywał umiejętności i przygotowywał się do uzyskania właściwych uprawnień do samodzielnego wykonywania pracy operatora. Nie ma znaczenia, iż obsługa pogłębiarki wymagała obecności dwóch osób, gdyż o pracy w warunkach szczególnych stanowi wykonywanie jej stale i w pełnym wymiarze czasu pracy na stanowisku operatora, a jako pomocnik nie mógł pracować w takim samym wymiarze jak doświadczony i wykwalifikowany operator. To na operatorze spoczywał ciężar kierowania jednostką i odpowiedzialność za jej działanie, a pomocnik, jak sama nazwa stanowiska wskazuje, służył mu pomocą. Tak tez ujął to jednoznacznie ustawodawca w ustanowionych przepisach. W zarządzeniu mianowicie nr 16 Ministra Rolnictwa Leśnictwa i Gospodarki Żywnościowej z dnia 31.03.1988r. w sprawie stanowisk pracy, na których wykonywane są prace w szczególnych warunkach lub w szczególnym charakterze w załączniku dotyczącym Działu X Melioracje wskazano tylko na stanowisko maszynisty maszyny do konserwacji urządzeń melioracyjnych, a nie jego pomocnika.</xText>
          <xText>Wskazać jednak należy, że gdyby nawet przyjąć, że praca pomocnika maszynisty czy to pomocnika operatora maszyny do konserwacji urządzeń melioracyjnych, wchodziła w zakres pracy wykonywanej w szczególnych warunkach to i tak w stosunku do odwołującego się nie można byłoby mówić o 15 latach wykonywania takiej pracy. Rozważając bowiem charakter pracy we wskazanym przez odwołującego się <xAnon> Przedsiębiorstwie (...)</xAnon> w <xAnon>P.</xAnon>, całego okresu zatrudnienia do pracy w szczególnych warunkach zaliczyć nie można było. Z uwagi bowiem na specyfikę działalności, jaką zajmowało sie to Przedsiębiorstwo - usługi melioracyjne, należało ustalić, w jakich porach roku możliwe było prowadzenie prac melioracyjnych. Ustalenia te miały o tyle istotne znaczenie, że pozostałe sporne okresy były również bezpośrednio związane z obsługą ciężkich maszyn przy pracach melioracyjnych. W tym zakresie Sąd posiłkował się opiniami dwóch biegłych, nie miał zaś wątpliwości, iż odwołujący zajmował stanowiska operatora (maszynisty) sprzętu ciężkiego. Fakt ten potwierdziły dokumenty znajdujące się w aktach osobowych oraz zeznania świadków.</xText>
          <xText>Pierwszą opinię sporządził biegły z zakresu bezpieczeństwa i higieny pracy, który dokonał wyszczególnienia okresów, które podlegałyby uwzględnieniu do stażu pracy w warunkach szczególnych, przyjmując, iż sezon na prace melioracyjne trwał od 15 marca do 30 listopada każdego roku. W oparciu o te ustalenia staż pracy w warunkach szczególnych udowodniony przez odwołującego na stanowiskach operatora (maszynisty) ciężkich maszyn budowlanych (Wykaz A dział V poz. 3) wyniósł 10 lat 5 miesięcy i 10 dni.</xText>
          <xText>W wyniku zastrzeżeń odwołującego się do pierwszej opinii Sąd zasięgnął opinii biegłego z zakresu melioracji, który fachowo wyjaśnił specyfikę prac melioracyjnych i wskazał, iż sezon prac melioracyjnych i konserwacyjnych urządzeń melioracyjnych trwa w okresach kwiecień - listopad. Natomiast od grudnia do marca przeważnie wykonywano prace naprawczo - przygotowawcze do sezonu. W tym okresie nie prowadziło się robót inwestycyjnych, gdyż w warunkach zimowych nie zapewniało to właściwej jakości robót, a niejednokrotnie niemożliwe były z uwagi na mróz, czy pokrywę śnieżną.</xText>
          <xText>Sąd w całości podzielił wnioski obu opinii biegłych. Na ich podstawie można było właściwie ocenić specyfikę prac melioracyjnych i zweryfikować rzeczywisty staż pracy odwołującego się w warunkach szczególnych. Wnioski obu opinii były właściwie wyjaśnione i uzasadnione. Biegli w sposób jednoznaczny i jasny odpowiedzieli na tezy dowodowe Sądu. Tym samym, jako dowody w pełni wartościowe, podlegały uwzględnieniu przy merytorycznym rozstrzyganiu w sprawie.</xText>
          <xText>Ocena konkluzji obu opinii dokonana przez Sąd oparta była o wnioski płynące z analizy dokumentacji osobowej odwołującego się, zeznania świadków oraz doświadczenie życiowe i zasady logicznego rozumowania. Praca przy pracach melioracyjnych miała i ma nadal charakter sezonowy. Trudno z oczywistych względów przyjąć, aby np. regulacją wód zajmowano się w okresie zimowym. Ponadto przyjmując, iż w martwym okresie odwołujący pracował, to należy wskazać, że nie była to wówczas praca w warunkach szczególnych. Naprawy czy wykonanie innych prac remontowych i ogólnie przygotowanych nie mieści się w tak wąskim pojęciu pracy w warunkach szczególnych. Cykle przestoju były stałym elementem prac we wszystkich zakładach, w których odwołujący się pracował w spornych okresach. Nie zmieniał tego fakt, iż na ten czas przypadała konieczność wykorzystania przez pracowników urlopu wypoczynkowego, gdyż jego wymiar nie mógł pokrywać się w całości z okresem martwym (grudzień - marzec).</xText>
          <xText>Konkludując, nie sposób przyjąć, aby odwołujący się posiadał 15-letni staż pracy w warunkach szczególnych, a tym samym spełnił wszystkie przesłanki do uzyskania wcześniejszej emerytury.</xText>
          <xText>Mając więc to wszystko na uwadze, Sąd Okręgowy na mocy <xLexLink xArt="art. 477(14);art. 477(14) § 1" xIsapId="WDU19640430296" xTitle="Ustawa z dnia 17 listopada 1964 r. - Kodeks postępowania cywilnego" xAddress="Dz. U. z 1964 r. Nr 43, poz. 296">art. 477<xSUPx>14 </xSUPx>§1 kpc kpc</xLexLink> oddalił odwołanie.</xText>
          <xText>PW/mt</xText>
        </xUnit>
      </xBlock>
    </xPart>
  </judgement>
<judgement id="150520000001521_III_U_000539_2013_Uz_2014-04-07_001">
    <xPart xEditorFullName="Izabela Chilińska" xYear="2013" xLang="PL" xPublisherFullName="Elżbieta Sklizmunt" xFromPg="1" xEditor="izabela.chilinska" xVolType="15/052000/0001521/U" xPublisher="elzbieta.sklizmunt" xDocType="Uz" xVolNmbr="000539" xVersion="1.0" xToPage="2" xFlag="published">
      <xName>Wyrok+Uzasadnienie</xName>
      <xBlock>
        <xText>Sygn. akt III U 539/13</xText>
        
        
        <xUnit xIsTitle="true" xBold="true" xType="part">
          <xName>WYROK</xName>
          <xTitle>W IMIENIU RZECZYPOSPOLITEJ POLSKIEJ</xTitle>
          <xText xALIGNx="right">Dnia 7 kwietnia 2014r.</xText>
          
          <xText>Sąd Okręgowy w Suwałkach III Wydział Pracy i Ubezpieczeń Społecznych</xText>
          <xText>w składzie:</xText>
          <xRows>
            <xCOLGROUPx>
              <xCOLx xWIDTHx="185"/>
              <xCOLx xWIDTHx="440"/>
            </xCOLGROUPx>
            <xRow>
              <xClmn xALIGNx="left" xVALIGNx="top">
                <xText>
                  <xBx>Przewodniczący:</xBx>
                </xText>
              </xClmn>
              <xClmn xALIGNx="left" xVALIGNx="top">
                <xText>
                  <xBx>SSO Piotr Witkowski</xBx>
                </xText>
              </xClmn>
            </xRow>
            <xRow>
              <xClmn xALIGNx="left" xVALIGNx="top">
                <xText>
                  <xBx>Protokolant:</xBx>
                </xText>
              </xClmn>
              <xClmn xALIGNx="left" xVALIGNx="top">
                <xText>
                  <xBx>st. sekr. sądowy Marta Majewska-Wronowska</xBx>
                </xText>
              </xClmn>
            </xRow>
          </xRows>
          
          <xText>po rozpoznaniu na rozprawie w dniu 7 kwietnia 2014r. w Suwałkach</xText>
          <xText>sprawy<xBx><xAnon>A. M.</xAnon></xBx></xText>
          <xText>przeciwko Zakładowi Ubezpieczeń Społecznych Oddział w <xAnon>B.</xAnon></xText>
          <xText>o rentę z tytułu niezdolności do pracy</xText>
          <xText>w związku z odwołaniem <xAnon>A. M.</xAnon></xText>
          <xText>od decyzji Zakładu Ubezpieczeń Społecznych Oddział w <xAnon>B.</xAnon></xText>
          <xText>z dnia 27 maja 2013 r. znak <xAnon> (...)</xAnon></xText>
          
          <xText>
            <xBx>
              <xIx>zmienia zaskarżoną decyzję i rentę z tytułu częściowej niezdolności do pracy przyznaje <xAnon>A. M.</xAnon> od dnia 24 kwietnia 2013r.</xIx>
            </xBx>
          </xText>
          <xText>Sygn. akt III U 539/13</xText>
        </xUnit>
        <xUnit xIsTitle="true" xBold="true" xType="part">
          <xName>UZASADNIENIE</xName>
          <xText>Decyzją z dnia 27.05.2013r. Zakład Ubezpieczeń Społecznych Oddział w <xAnon>B.</xAnon> przyznał <xAnon>A. M.</xAnon> prawo do renty z tytułu częściowej niezdolności do pracy od dnia 10.05.2013r. tj. od dnia zaprzestania pobierania zasiłku chorobowego. Przyznano ją do dnia 31.11.2014r.</xText>
          <xText>W odwołaniu <xAnon>A. M.</xAnon> domagał się zmiany tej decyzji w zakresie daty początkowej przyznania renty z tytułu niezdolności do pracy i ustalenia, iż przysługuje mu od dnia 24.04.2013r., gdyż od tego dnia nie przebywał już na zasiłku chorobowym. Podniósł, iż w tym zakresie pominięta została inna decyzja ZUS-u z dnia 29.04.2013r., którą odmówiono mu zasiłku chorobowego za okres od 24.04.2013r. do 09.05.2013r. i dlatego renta powinna mu przysługiwać od dnia 24.04.2013r.</xText>
          <xText>W odpowiedzi na odwołanie organ rentowy wniósł o jej oddalenie. Podtrzymał podstawy skarżonej decyzji i wskazał dodatkowo, iż zgodnie z treścią <xLexLink xArt="art. 100;art. 100 ust. 2" xIsapId="WDU19981621118" xTitle="Ustawa z dnia 17 grudnia 1998 r. o emeryturach i rentach z Funduszu Ubezpieczeń Społecznych" xAddress="Dz. U. z 1998 r. Nr 162, poz. 1118">art. 100 ust. 2 ustawy o emeryturach i rentach z Funduszu Ubezpieczeń Społecznych</xLexLink> jeżeli ubezpieczony pobiera zasiłek chorobowy, świadczenie rehabilitacyjne lub wynagrodzenie za czas niezdolności do pracy wypłacane na podstawie przepisów <xLexLink xArt="" xIsapId="WDU19740240141" xTitle="Ustawa z dnia 26 czerwca 1974 r. - Kodeks pracy" xAddress="Dz. U. z 1974 r. Nr 24, poz. 141">Kodeksu pracy</xLexLink>, prawo do emerytury, renty z tytułu niezdolności do pracy lub renty szkoleniowej powstaje z dniem zaprzestania pobierania tego zasiłku, świadczenia lub wynagrodzenia. Decyzja, na którą powoływał sie odwołujący - z dnia 29.04.2013r. jest nieprawomocna, gdyż została przez niego zaskarżona, a odwołanie skierowano do Sądu Rejonowego w Suwałkach i sprawa toczy się za sygn. IV U 119/13.</xText>
          <xText>Postanowieniem z dnia 12.09.2013r. na zasadzie <xLexLink xArt="art. 177;art. 177 § 1;art. 177 § 1 pkt. 1" xIsapId="WDU19640430296" xTitle="Ustawa z dnia 17 listopada 1964 r. - Kodeks postępowania cywilnego" xAddress="Dz. U. z 1964 r. Nr 43, poz. 296">art. 177 §1 pkt 1 kpc</xLexLink> zawieszono postępowanie w sprawie niniejszej do czasu prawomocnego rozstrzygnięcia sprawy IV IU 119./13 przez Sąd Rejonowy w Suwałkach .</xText>
          <xText>Postanowieniem z dnia 21.01.2014r. postępowanie zostało podjęte.</xText>
          <xText>
            <xBx>
              <xUx>Sąd Okręgowy ustalił i zważył, co następuje:</xUx>
            </xBx>
          </xText>
          <xText>
            <xBx>Odwołanie <xAnon>A. M.</xAnon> należało uznać za zasadne.</xBx>
          </xText>
          <xText>Jak stanowi <xLexLink xArt="art. 100;art. 100 ust. 1" xIsapId="WDU19981621118" xTitle="Ustawa z dnia 17 grudnia 1998 r. o emeryturach i rentach z Funduszu Ubezpieczeń Społecznych" xAddress="Dz. U. z 1998 r. Nr 162, poz. 1118">art. 100 ust. 1 ustawy z dnia 17.12.1998r. o emeryturach i rentach z Funduszu Ubezpieczeń Społecznych</xLexLink> (t.j. Dz. U. z 2013r. poz.1440) prawo do świadczeń określonych w ustawie powstaje z dniem spełnienia wszystkich warunków wymaganych do nabycia tego prawa, z zastrzeżeniem <xLexLink xArt="art. 100 ust. 2" xIsapId="WDU19981621118" xTitle="Ustawa z dnia 17 grudnia 1998 r. o emeryturach i rentach z Funduszu Ubezpieczeń Społecznych" xAddress="Dz. U. z 1998 r. Nr 162, poz. 1118">ust. 2</xLexLink>.</xText>
          <xText><xLexLink xArt="ust. 2" xIsapId="WDU19740240141" xTitle="Ustawa z dnia 26 czerwca 1974 r. - Kodeks pracy" xAddress="Dz. U. z 1974 r. Nr 24, poz. 141">Ust. 2</xLexLink> tego artykułu stanowi, że jeżeli ubezpieczony pobiera zasiłek chorobowy, świadczenie rehabilitacyjne lub wynagrodzenie za czas niezdolności do pracy wypłacane na podstawie przepisów <xLexLink xArt="" xIsapId="WDU19740240141" xTitle="Ustawa z dnia 26 czerwca 1974 r. - Kodeks pracy" xAddress="Dz. U. z 1974 r. Nr 24, poz. 141">Kodeksu pracy</xLexLink>, prawo do emerytury, renty z tytułu niezdolności do pracy lub renty szkoleniowej powstaje z dniem zaprzestania pobierania tego zasiłku, świadczenia lub wynagrodzenia.</xText>
          <xText>W sprawie nie był kwestionowany stopień niezdolności do pracy, a jedynie data, od której odwołującemu się przysługiwało prawo do tego świadczenia. Spór i późniejsze rozbieżności były wynikiem wydania przez organ rentowy decyzji z dnia 29.04.2013r., którą odmówiono odwołującemu się prawa do zasiłku chorobowego za okres od 24.04.2013r. do 09.05.2013r. Decyzja ta była efektem kontroli prawidłowości zaświadczenia o czasowej niezdolności odwołującego się do pracy za okres 05.04.2013r. do 09.05.2013r., zarządzonej przez ZUS. W jej wyniku lekarz orzecznik ustalił, iż niezdolność ta ustała w dniu 23.04.2013r. i dlatego decyzją z dnia 29.04.2013r. odmówiono odwołującemu się prawa do zasiłku chorobowego na dalszy okres tj. od 24.04.2013r. do 09.05.2013r.</xText>
          <xText>W tym czasie toczyło się równolegle postępowanie z wniosku odwołującego się o rentę z tytułu niezdolności do pracy, które zakończyło się wydaniem przez ZUS skarżonej decyzji.</xText>
          <xText>Natomiast co do decyzji z dnia 29.04.2013r. to odwołujący się złożył od niej odwołanie do Sądu Rejonowego w Suwałkach. Okoliczność ta stała się podstawą zawieszenia postępowania w sprawie niniejszej, gdyż wyrok w sprawie zasiłkowej miał bezpośredni wpływ na rozstrzygnięcie niniejszego postępowania. Prawomocnym wyrokiem z dnia 28.11.2013r. Sąd Rejonowy w Suwałkach oddalił odwołanie <xAnon>A. M.</xAnon>. W takim więc stanie rzeczy należało również zmienić decyzję zaskarżoną w niniejszym postępowaniu w zakresie, w jakim domagał się tego odwołujący. Należało bowiem wskazać na orzeczenie lekarza orzecznika ZUS z dnia 12.11.2012r., którym uznał on odwołującego za częściowo niezdolnego do pracy do 30.11.2014r. przy niezdolności, która powstała w dniu 08.08.2011r. Orzeczenie to było podstawą przyznania odwołującemu się prawa do renty z tytułu częściowej niezdolności do pracy, z tym że datę początkowo stanowił dzień 10.05.2013r., który pierwotnie był dniem zaprzestania pobierania przez odwołującego się zasiłku chorobowego. Jednak z uwagi na wynik postępowania w sprawie IV U 119/13 i utrzymanie decyzji z dnia 29.04.2013r. zmianie uległ moment zaprzestania pobierania przez odwołującego się zasiłku chorobowego i tym samym data początkowa przyznania renty z tytułu niezdolności do pracy na 24.04.2013r.</xText>
          <xText>Mając więc powyższe na uwadze Sąd Okręgowy na mocy <xLexLink xArt="art. 477(14);art. 477(14) § 2" xIsapId="WDU19640430296" xTitle="Ustawa z dnia 17 listopada 1964 r. - Kodeks postępowania cywilnego" xAddress="Dz. U. z 1964 r. Nr 43, poz. 296">art. 477<xSUPx>14</xSUPx> §2 kpc</xLexLink> zmienił zaskarżoną decyzje i orzekł jak w sentencji.</xText>
          <xText>mt</xText>
        </xUnit>
      </xBlock>
    </xPart>
  </judgement>
<judgement id="152515000002521_V_U_001166_2012_Uz_2013-12-20_001">
    <xPart xEditorFullName="Marcelina Machera" xYear="2012" xLang="PL" xPublisherFullName="Marcelina Machera" xFromPg="1" xEditor="machera.m" xVolType="15/251500/0002521/U" xPublisher="machera.m" xDocType="Uz" xVolNmbr="001166" xVersion="1.0" xToPage="1" xFlag="published">
      <xName>Wyrok+Uzasadnienie</xName>
      <xBlock>
        <xText>Sygn. akt VU 1166/12</xText>
        <xUnit xIsTitle="true" xType="part" xBold="true">
          <xName>WYROK</xName>
          <xTitle>W IMIENIU RZECZYPOSPOLITEJ POLSKIEJ</xTitle>
          <xText xALIGNx="right">Dnia 20 grudnia 2013 roku</xText>
          
          <xText>Sąd Okręgowy w Piotrkowie Trybunalskim, Wydział V Pracy i Ubezpieczeń Społecznych w składzie:</xText>
          <xText>Przewodniczący SSR del. Urszula Sipińska-Sęk</xText>
          <xText>Protokolant st. sekr. sądowy Zofia Aleksandrowicz</xText>
          
          <xText>po rozpoznaniu w dniu 10 grudnia 2013 roku w Piotrkowie Trybunalskim</xText>
          <xText>na rozprawie</xText>
          
          <xText>sprawy z wniosku <xAnon>T. K.</xAnon></xText>
          
          <xText>przeciwko Zakładowi Ubezpieczeń Społecznych Oddział w <xAnon>T.</xAnon><xAnon>M.</xAnon>.</xText>
          
          <xText>o wysokość emerytury</xText>
          
          <xText>na skutek odwołania <xAnon>T. K.</xAnon></xText>
          <xText>od decyzji Zakładu Ubezpieczeń Społecznych Oddział w <xAnon>T.</xAnon><xAnon>M.</xAnon>.</xText>
          <xText>z dnia 3 października 2012 r. sygn. <xAnon>(...)</xAnon></xText>
          <xUnit xIsTitle="false" xType="none">
            <xName xSffx=".">1</xName>
            <xText>
              <xBx>zmienia zaskarżoną decyzję w ten sposób, że przyznaje <xAnon>T. K.</xAnon> prawo do przeliczenia części emerytury wyliczonej zgodnie z art. 53 ustawy o emeryturach i rentach z Funduszu Ubezpieczeń Społecznych z dnia 17 grudnia 1988r. (tekst jednolity Dz. U z 2009r. nr 153 poz. 1227 ze zm.) z 20 najkorzystniejszych lat z całego okresu ubezpieczenia tj. z lat 1974, 1977, 1979-1987, 1989-1994,1998 — 2000 ustalając wskaźnik wysokości podstawy wymiaru świadczenia na poziomie 84,65% i pozostawiając organowi rentowemu szczegółowe wyliczenie świadczenia z uwzględnieniem, iż <xAnon>T. K.</xAnon> otrzymywał wynagrodzenie wynoszące w latach: </xBx>
            </xText>
          </xUnit>
          <xText>
            <xBx>- 1974r. – 28.971,10 ( dwadzieścia osiem tysięcy dziewięćset siedemdziesiąt jeden złotych dziesięć groszy),</xBx>
          </xText>
          <xText>
            <xBx>- 1977r. – 38.554,80 ( trzydzieści osiem tysięcy pięćset pięćdziesiąt cztery złote osiemdziesiąt groszy),</xBx>
          </xText>
          <xText>
            <xBx>-1979r. – 48.019,28zł ( czterdzieści osiem tysięcy dziewiętnaście złotych dwadzieścia osiem groszy ),</xBx>
          </xText>
          <xText>
            <xBx>- od dnia 1 stycznia do dnia 31 października 1989r. – 1.138.822 ( jeden milion sto trzydzieści osiem tysięcy osiemset dwadzieścia dwa ) złotych,</xBx>
          </xText>
          <xText>
            <xBx>2. oddala odwołanie w pozostałej części;</xBx>
          </xText>
          
          <xText>
            <xBx>Sygn. akt V U 1166/12</xBx>
          </xText>
        </xUnit>
        <xUnit xIsTitle="true" xType="part" xBold="true">
          <xName>UZASADNIENIE</xName>
          <xText>Decyzją z dnia 3 października 2012 r. Zakład Ubezpieczeń Społecznych Oddział w <xAnon>T.</xAnon><xAnon>M.</xAnon>. przyznał wnioskodawcy <xAnon>T. K.</xAnon> emeryturę od dnia<xAnon>(...)</xAnon> na podstawie art. 183 ustawy o emeryturach i rentach z FUS w wysokości 35% emerytury obliczonej na podstawie art. 53 ustawy o emeryturach i rentach z FUS oraz 65% emerytury obliczonej na podstawie art. 26 ustawy o emeryturach i rentach z FUS. Do obliczenia podstawy wymiaru emerytury z art. 53 ustawy organ rentowy przyjął przeciętną podstawę wymiaru składek na ubezpieczenia społeczne z 20 lat kalendarzowych wybranych z całego okresu ubezpieczenia (1980-1996, 1998-2001), wskaźnik wysokości podstawy wymiaru 81,22% oraz kwotę bazową 2974,69zł.</xText>
          <xText>W odwołaniu z dnia 31 października 2012 r. <xAnon>T. K.</xAnon> wniósł o zmianę zaskarżonej decyzji i ponowne ustalenie wysokości emerytury w części obliczonej na podstawie art. 53 ustawy przy uwzględnieniu zarobków z okresu zatrudnienia:</xText>
          <xText>- w <xAnon> (...)</xAnon><xAnon>W.</xAnon> od dnia 23 czerwca 1970r. do 22 października 1971r. oraz od dnia 5 listopada 1973r. do dnia 31 grudnia 1979r. przy uwzględnieniu wynagrodzeń wynikających z angaży i kart zasiłkowych;</xText>
          <xText>- w GT-<xAnon>U.</xAnon> od dnia 15 stycznia 1988r. do 31 października 1989r. przy uwzględnieniu wynagrodzeń wynikających z dwóch poleceń przelewu za miesiąc czerwiec 1988r. i lipiec 1989r. oraz angaży.</xText>
          <xText>W odpowiedzi na odwołanie organ rentowy wniósł o jego oddalenie.</xText>
          <xText>Na rozprawie w dniu 13 marca 2013r. wnioskodawca sprecyzował odwołanie w ten sposób, że wniósł o wyliczenie emerytury z uwzględnieniem wynagrodzenia z lat 1974-1979 oraz okresu od 15 stycznia 1988r. do dnia 31 października 1989r.</xText>
          <xText>Pismem z dnia 21 marca 2013r. wnioskodawca wniósł o ponowne przeliczenie kapitału początkowego z 10 kolejnych lat pracy tj. z lat 1982-1991 z uwzględnieniem zarobków za okres od dnia 15 stycznia 1988r. do dnia 31 października 1989r. (k.128 akt)</xText>
          <xText>Postanowieniem z dnia 6 sierpnia 2013r. (pkt 6) Sąd wyłączył z akt sprawy pismo z <xAnon>T. K.</xAnon> z dnia 21 marca 2013r. o ponowne przeliczenie kapitału początkowego jako nowy wniosek i przekazał je organowi rentowemu do bezpośredniego rozpoznania (k. 190 akt)</xText>
          
          <xText xALIGNx="center">
            <xBx>Sąd Okręgowy ustalił następujący stan faktyczny:</xBx>
          </xText>
          
          <xText><xAnon>T. K.</xAnon> urodził się w dniu <xAnon>(...)</xAnon></xText>
          <xText>Decyzją z dnia 28 maja 2009r. Zakład Ubezpieczeń Społecznych Oddział w <xAnon>T.</xAnon><xAnon>M.</xAnon>. ustalił <xAnon>T. K.</xAnon> wysokość kapitału początkowego na dzień 1 stycznia 1999r. na kwotę 133.296,02zł.</xText>
          <xText>Do obliczenia podstawy wymiaru kapitału początkowego oraz obliczenia wskaźnika wysokości tej podstawy przyjęto przeciętną podstawę wymiaru składek na ubezpieczenie społeczne z 10 kolejnych lat kalendarzowych tj. od 1 stycznia 1982r. do 31 grudnia 1991r.</xText>
          <xText>Wskaźnik wysokości podstawy wymiaru kapitału początkowego wyniósł 77,19%. Podstawę wymiaru kapitału początkowego ustalono w wyniku pomnożenia wskaźnika wysokości podstawy wymiaru 77,19% przez kwotę 1220,89zł. tj. kwotę bazową, co dało kwotę 942,40zł.</xText>
          <xText>Do ustalenia wartości kapitału początkowego organ rentowy przyjął 371 miesięcy okresów składkowych (30 lat, 11 miesięcy i 22 dni) oraz 1 miesiąc okresów nieskładkowych.</xText>
          <xText>Za lata zatrudnienia 1988-1989 przyjęto minimalne wynagrodzenie obowiązujące w danym okresie.</xText>
          <xText>(dowód: decyzja ZUS z dnia 28 maja 2009r. – k. 57-59 akt kapitałowych)</xText>
          <xText>Decyzją z dnia 19 września 2012r. Zakład Ubezpieczeń Społecznych Oddział w <xAnon>T.</xAnon><xAnon>M.</xAnon>. ustalił <xAnon>T. K.</xAnon> ponownie kapitał początkowy na dzień 1 stycznia 1999r. na kwotę 138.096,75zł.</xText>
          <xText>Do obliczenia podstawy wymiaru kapitału początkowego oraz obliczenia wskaźnika wysokości tej podstawy przyjęto przeciętną podstawę wymiaru składek na ubezpieczenie społeczne z 10 kolejnych lat kalendarzowych tj. od 1 stycznia 1982r. do 31 grudnia 1991r.</xText>
          <xText>Wskaźnik wysokości podstawy wymiaru kapitału początkowego wyniósł 81,79%. Podstawę wymiaru kapitału początkowego ustalono w wyniku pomnożenia wskaźnika wysokości podstawy wymiaru 81,79% przez kwotę 1220,89zł. tj. kwotę bazową, co dało kwotę 998,57zł.</xText>
          <xText>Do ustalenia wartości kapitału początkowego organ rentowy przyjął 371 miesięcy okresów składkowych (30 lat, 11 miesięcy i 22 dni) oraz 1 miesiąc okresów nieskładkowych.</xText>
          <xText>(dowód: decyzja z dnia 19 września 2012r. –k. 69-71 akt kapitałowych)</xText>
          <xText>Decyzją z dnia 20 września 2012r. Zakład Ubezpieczeń Społecznych Oddział w <xAnon>T.</xAnon><xAnon>M.</xAnon>. przeliczył <xAnon>T. K.</xAnon> kapitał początkowy przez dodanie do udowodnionych okresów składkowych okresu równego różnicy pomiędzy wiekiem emerytalnym 65 lat, a faktycznym przejściem wnioskodawcy na emeryturę w wymiarze 5 lat czyli 60 miesięcy. Kapitał początkowy po przeliczeniu z uwzględnieniem dodanego okresu składkowego wyniósł na dzień 1 stycznia 1999r. 151.660,85zł.</xText>
          <xText>(dowód: decyzja z dnia 20 września 2012r. –k. 77 -79 akt kapitałowych)</xText>
          <xText>W dniu 27 sierpnia 2012r. <xAnon>T. K.</xAnon> złożył wniosek o emeryturę.</xText>
          <xText>(dowód: wniosek – k. 1-3 akt emerytalnych)</xText>
          <xText>Zaskarżoną decyzją z dnia 3 października 2012 r. Zakład Ubezpieczeń Społecznych Oddział w <xAnon>T.</xAnon><xAnon>M.</xAnon>. przyznał wnioskodawcy <xAnon>T. K.</xAnon> emeryturę od dnia<xAnon>(...)</xAnon> w wysokości 1913,91zł. Na kwotę tę składa się 35% emerytury obliczonej na podstawie art. 53 ustawy w kwocie 704,39zł. ( 2012,55 zł. x 35%) oraz 65% emerytury obliczonej na podstawie art. 26 ustawy w kwocie 1209,52zł. (1860,80zł. x 65%)</xText>
          <xText>Do obliczenia podstawy wymiaru emerytury z art. 53 ustawy organ rentowy przyjął przeciętną podstawę wymiaru składek na ubezpieczenia społeczne z 20 lat kalendarzowych wybranych z całego okresu ubezpieczenia (1980-1996, 1998-2001), wskaźnik wysokości podstawy wymiaru <xBx>81,22%</xBx> oraz kwotę bazową 2974,69zł. Podstawa wymiaru obliczona przez pomnożenie wskaźnika wysokości podstawy wymiaru 81,22% przez kwotę bazową 2974,69zł. wynosi 2416,04zł. Zakład uwzględnił 453 miesiące okresów składkowych oraz 80 miesięcy okresów nieskładkowych. Wysokość emerytury z art. 53 ustawy wynosi 2012,55zł.</xText>
          <xText>Wysokość emerytury z art. 26 ustawy została obliczona przez podzielenie sumy składek zaewidencjonowanych na koncie z uwzględnieniem waloryzacji ( 24.561,66zł.) oraz kwoty zwaloryzowanego kapitału początkowego (449.569,71zł.) przez średnie dalsze trwanie życia czyli przez 254,80 miesięcy, co dało kwotę 1860,80zł.</xText>
          <xText>(dowód: decyzja z 3 października 2012r. – k. 24-25 akt emerytalnych)</xText>
          <xText>W okresie od dnia 4 września 1967 r. do 14 stycznia 1988 r. wnioskodawca <xAnon>T. K.</xAnon> był zatrudniony w <xAnon> Zakładach (...)</xAnon> w <xAnon>T.</xAnon><xAnon>M.</xAnon>. w pełnym wymiarze czasu pracy na stanowisku elektromontera instalacji elektrycznych. Wnioskodawca pracował 8 godzin dziennie od poniedziałku do piątku oraz 6 godzin w każdą pracującą sobotę.</xText>
          <xText>(dowód: świadectwo pracy z 14 stycznia 1988r. – k. 22 akt emerytalnych, zeznania  wnioskodawcy - protokół rozprawy z dnia 24 stycznia 2013r. od minuty 18.36 do  minuty 39.45, umowy o pracę – k. 5-6 akt, angaż – k. 6 akt)</xText>
          <xText>W okresie od dnia 15 stycznia 1988r. do dnia 31 października 1989r. <xAnon>T. K.</xAnon> był zatrudniony na podstawie umowy o pracę w pełnym wymiarze czasu pracy w <xAnon> firmie (...)</xAnon> (j.g.u.) Spółce z .o.o. w <xAnon>W.</xAnon> Oddział w <xAnon>T.</xAnon><xAnon>M.</xAnon>. na stanowisku operatora urządzeń ceramicznych.</xText>
          <xText>W czasie trwania umowy wnioskodawca otrzymywał wynagrodzenie płatne w sposób i na warunkach przewidzianych w rozporządzeniu Rady Ministrów nr 158 z dnia 28 sierpnia 1986r. Dz. U nr 33 poz. 86. Natomiast premie i dodatki były przyznawane na zasadach i warunkach określonych w przepisach i wynagrodzeniu, układzie zbiorowym pracy wg regulaminu premiowania dla pracowników bezpośrednio produkcyjnych, płatnych godzinowo</xText>
          <xText>Wynagrodzenie wnioskodawcy składało się z wynagrodzenia zasadniczego liczonego według stawki godzinowej, premii uznaniowej, dodatków zmianowych ( za pracę w godzinach nocnych – III zmiana 20% i za pracę w godzinach popołudniowych II zmiana 10% godzinowego wynagrodzenia zasadniczego wynikającego z osobistego zaszeregowania) oraz dodatku za wysługę lat. Wnioskodawcy w całym okresie zatrudnienia w <xAnon> firmie (...)</xAnon> przysługiwał dodatek za wysługę lat w wysokości 20% wynagrodzenia zasadniczego.</xText>
          <xText>Wnioskodawca pracował w systemie trzyzmianowym (rano, po południu i na noc), 8 godzin dziennie od poniedziałku do piątku oraz w pracujące soboty 6 godzin dziennie. Wnioskodawca nie korzystał ze zwolnień lekarskich ani urlopów bezpłatnych.</xText>
          <xText>W lipcu 1989r. zarobki wnioskodawcy wyniosły 121.378zł.</xText>
          <xText>(dowód: umowa o pracę z dnia 15 stycznia 1988r. – k. 12 akt, świadectwo pracy z dnia  31 października 1989r. – k. 26 akt emerytalnych, umowa o pracę z dnia 1 czerwca  1988r. –k. 28 akt emerytalnych, polecenie przelewu k. 32 akt emerytalnych, zeznania  świadka <xAnon>F. P.</xAnon> – protokół rozprawy z dnia 24 stycznia 2013r. od  minuty 5.35 do minuty 14.26, protokół rozprawy z dnia 25 września 2013r. od minuty  00.43 do minuty 10.00, zeznania świadka <xAnon>L. W.</xAnon> - protokół rozprawy z dnia 24  stycznia 2013r. od minuty 14.27 do minuty 18.35, zeznania wnioskodawcy - protokół  rozprawy z dnia 24 stycznia 2013r. od minuty 18.36 do minuty 39.45 )</xText>
          <xText>Wynagrodzenie <xAnon>T. K.</xAnon> w <xAnon> Zakładach (...)</xAnon> w <xAnon>T.</xAnon><xAnon>M.</xAnon>. w latach 1974-1979 wyliczone w oparciu o wynagrodzenia przyjęte za podstawę naliczenia zasiłków chorobowych, a w miesiącach w których brak danych o wysokości wynagrodzenia (tj. w miesiącach 03-04, 08 1974r., 05-09, 11-12 1975r., 02-03, 07-12 1976r., 02-04, 08, 1977r., 02-08 1978r., 06-07, 12 1979r.) według stawek godzinowych wynikających z osobistego zaszeregowania wynosi:</xText>
          <xText>- 1974r. – 28.971,10zł.</xText>
          <xText>- 1975r. – 28.328,96zł.</xText>
          <xText>- 1976r. – 31.705,19zł.</xText>
          <xText>-1977r. – 38.554,80zł.</xText>
          <xText>- 1978r. – 38.301,79zł.</xText>
          <xText>- 1979r. – 48.019,28zł.</xText>
          <xText>Wynagrodzenie wnioskodawcy w <xAnon> firmie (...)</xAnon> (j.g.u.) Spółce z .o.o. w <xAnon>W.</xAnon> Oddział w <xAnon>T.</xAnon><xAnon>M.</xAnon>. wyliczone według stawek godzinowych osobistego zaszeregowania wraz z dodatkiem zmianowym w wysokości 10% godzinowego wynagrodzenia zasadniczego wynikającego z osobistego zaszeregowania za II zmianę (popołudniową) oraz 20% za III zmianę (nocną), dodatkiem stażowym w wysokości 20%, wynosi :</xText>
          <xText>- za okres od 15 stycznia 1988r. do 31 grudnia 1988r. – przy uwzględnieniu otrzymanego wynagrodzenia w miesiącu czerwcu 1988r. w kwocie 66.016zł. (kwota wynikająca z przelewu w wysokości 81.134 zł. pomniejszona o kwotę zasiłku rodzinnego) – 391.300zł.</xText>
          <xText>- za okres od 1 stycznia 1989r. do 31 października 1989r. - przy uwzględnieniu otrzymanego wynagrodzenia w miesiącu lipcu 1989r. w kwocie 121.378zł. - 1.138.822zł</xText>
          <xText>(dowód: opinia biegłej księgowej <xAnon>D. W.</xAnon> – k. 217-228 akt, angaże – akta  osobowe, karty zasiłkowe – k. 7-8 akt)</xText>
          <xText>Najkorzystniejsze 20 lata kalendarzowe wybrane z całego okresu zatrudnienia wnioskodawcy przypadają na lata: 1974, 1977, 1979-1987, 1989-1994, 1998 — 2000. Wskaźnik wysokości podstawy wymiaru emerytury wnioskodawcy ustalony na podstawie wynagrodzeń z 20 w/w lat wynosi <xBx>84,65%</xBx>, przy uwzględnieniu zarobków z :</xText>
          <xText>- 1974r. – w wysokości 28.971,10zł.</xText>
          <xText>- 1977r. – w wysokości 38.554,80zł.</xText>
          <xText>- 1979r. – w wysokości 48.019,28zł.</xText>
          <xText>- od dnia 1 stycznia do dnia 31 października 1989r. – w wysokości 1.138.822zł.</xText>
          <xText>(dowód: pismo ZUS – k. 255 akt, wyliczenie wskaźnika 17.12.2012r. – akta emerytalne)</xText>
          
          <xText xALIGNx="center">
            <xBx>Sąd Okręgowy zważył, co następuje:</xBx>
          </xText>
          
          <xText>Zaskarżoną decyzją organ rentowy przyznał wnioskodawcy emeryturę na podstawie <xLexLink xArt="art. 183;art. 183 ust. 4" xIsapId="WDU19981621118" xTitle="Ustawa z dnia 17 grudnia 1998 r. o emeryturach i rentach z Funduszu Ubezpieczeń Społecznych" xAddress="Dz. U. z 1998 r. Nr 162, poz. 1118">art. 183 ustęp 4 ustawy o emeryturach i rentach z Funduszu Ubezpieczeń Społecznych</xLexLink> (tj. Dz. U. z 2009r. nr 153, poz. 1227 ze zm).</xText>
          <xText>Zgodnie z treścią tego przepisu emerytura przyznana na wniosek osoby ubezpieczonej urodzonej po dniu 31 grudnia 1948 r., z wyjątkiem ubezpieczonych, którzy pobrali emeryturę na podstawie przepisów art. 46 lub 50, o ile osoba ta nie była członkiem otwartego funduszu emerytalnego albo złożyła wniosek o przekazanie środków zgromadzonych na rachunku w otwartym funduszu emerytalnym, za pośrednictwem Zakładu, na dochody budżetu państwa, która osiągnęła wiek uprawniający do emerytury w roku kalendarzowym 2012 wynosi:</xText>
          <xText>- 35% emerytury obliczonej na podstawie art. 53 ustawy oraz</xText>
          <xText><xBx>- </xBx>65% emerytury obliczonej na podstawie art. 26 ustawy;</xText>
          <xText>Podstawą wyliczenia części emerytury z art. 26 ustawy była decyzja o przeliczeniu kapitału początkowego z dnia 20 września 2012r. Wobec nie zaskarżenia przez wnioskodawcę tej decyzji, Sąd nie może ingerować w sposób ustalenia kapitału początkowego oraz wysokość przyjętych zarobków za poszczególne lata będące podstawą jego wyliczenia. W będącej przedmiotem osądu sprawie Sąd może li tylko sprawdzić, czy organ rentowy w oparciu o przeliczony decyzją z dnia 20 września 2012r. kapitał początkowy właściwie wyliczył emeryturę w oparciu o treść art. 26 ustawy.</xText>
          <xText>Wysokość emerytury wnioskodawcy w zaskarżonej decyzji została ustalona przez organ rentowy w sposób prawidłowy na podstawie art. 26 ustawy o emeryturach i rentach z FUS. Podstawą obliczenia emerytury w zaskarżonej decyzji stanowiła bowiem kwota składek na ubezpieczenie emerytalne oraz kapitału początkowego z uwzględnieniem waloryzacji składki i kapitału początkowego zaewidencjonowanych na koncie do końca miesiąca poprzedzającego miesiąc, od którego przysługuje wypłata emerytury</xText>
          <xText>Zgodnie z art. 26 ustęp 1 ustawy emerytura stanowi równowartość kwoty będącej wynikiem podzielenia podstawy obliczenia ustalonej w sposób określony w <xUx>art. 25</xUx> przez średnie dalsze trwanie życia dla osób w wieku równym wiekowi przejścia na emeryturę danego ubezpieczonego, z uwzględnieniem ust. 5 i <xUx>art. 183</xUx>.</xText>
          <xText>Podstawę obliczenia emerytury, o której mowa w <xUx>art. 24</xUx> ustawy, stanowi kwota składek na ubezpieczenie emerytalne, z uwzględnieniem waloryzacji składek zewidencjonowanych na koncie ubezpieczonego do końca miesiąca poprzedzającego miesiąc, od którego przysługuje wypłata emerytury, oraz zwaloryzowanego kapitału początkowego określonego w <xUx>art. 173-175</xUx> ustawy.</xText>
          <xText>W przypadku wnioskodawcy podstawę obliczenia emerytury stanowiła kwota zwaloryzowanego kapitału początkowego na dzień 1 stycznia 1999r. w wysokości 449.569,71zł. oraz kwota składki zaewidencjonowana na koncie z uwzględnieniem waloryzacji w kwocie 24.561,66 zł..</xText>
          <xText>Wysokość części emerytury wnioskodawcy z art. 26 ustawy w kwocie w kwocie 1209,52zł. obliczono jako 65% z kwoty 1860,80zł., która została obliczona przez podzielenie sumy składek zaewidencjonowanych na koncie na ubezpieczenie emerytalne z uwzględnieniem waloryzacji i kwoty zwaloryzowanego kapitału początkowego przez jego średnie dalsze trwanie życia czyli przez 254,80 miesięcy.</xText>
          <xText>Druga część emerytury wnioskodawcy została wyliczona z art. 53 ustawy w zw. z art. 15 ustęp 6 ustawy z 20 lat kalendarzowych wybranych z całego okresu zatrudnienia. Do obliczenia podstawy wymiaru emerytury z art. 53 ustawy organ rentowy przyjął przeciętną podstawę wymiaru składek na ubezpieczenia społeczne z 20 lat kalendarzowych wybranych z całego okresu ubezpieczenia tj. z lat 1980-1996, 1998-2001, co dało wskaźnik wysokości podstawy wymiaru 81,22%.</xText>
          <xText>W odwołaniu wnioskodawca nie kwestionował wyliczenia części emerytury z art. 53 ustawy z 20 lat, z tym że wniósł aby nastąpiło to przy uwzględnieniu jego zarobków z lat 1974-1979 w <xAnon> Zakładach (...)</xAnon> w <xAnon>T.</xAnon><xAnon>M.</xAnon>. oraz z lat 1988-1989 w GT-<xAnon>U.</xAnon> (j.g.u.) Spółce z .o.o. w <xAnon>W.</xAnon> Oddział w <xAnon>T.</xAnon><xAnon>M.</xAnon>.</xText>
          <xText>Wnioskodawca przedstawił na okoliczność wysokości zarobków w <xAnon> Zakładach (...)</xAnon> w <xAnon>T.</xAnon><xAnon>M.</xAnon>. świadectwo pracy, angaże, z których wynikała grupa osobistego zaszeregowania, zajmowane stanowisko oraz karty zasiłkowe przedstawiające jego wynagrodzenia będące podstawą naliczenia zasiłków chorobowych.</xText>
          <xText>Natomiast co do wysokości zarobków osiągniętych w GT-<xAnon>U.</xAnon> (j.g.u.) Spółce z .o.o. w <xAnon>W.</xAnon> Oddział w <xAnon>T.</xAnon><xAnon>M.</xAnon>.  wnioskodawca zgłosił świadka <xAnon>F. P.</xAnon>, który w spornym okresie pracował z nim u tego samego pracodawcy na tym samym stanowisku, świadka <xAnon>L. W.</xAnon>, który był jego przełożonym, a nadto świadectwo pracy, umowę o pracę i angaże.</xText>
          <xText>Takie dokumenty oraz zeznania świadków – jak słusznie podnosi organ rentowy - nie są środkiem dowodowym stwierdzającym wysokość zarobku lub dochodu stanowiącego podstawę wymiaru emerytury lub renty w rozumieniu <xLexLink xArt="§ 20" xIsapId="WDU19830100049" xTitle="Rozporządzenie Rady Ministrów z dnia 7 lutego 1983 r. w sprawie postępowania o świadczenia emerytalno-rentowe i zasad wypłaty tych świadczeń" xAddress="Dz. U. z 1983 r. Nr 10, poz. 49">§ 20 Rozporządzenia Rady Ministrów z dnia 7 lutego 1983 r. w sprawie postępowania o świadczenia emerytalno - rentowe i zasad wypłaty tych świadczeń</xLexLink> (Dz.U. Nr 10, poz. 49 ze zm.). Zgodnie bowiem z <xLexLink xArt="§ 20" xIsapId="WDU19830100049" xTitle="Rozporządzenie Rady Ministrów z dnia 7 lutego 1983 r. w sprawie postępowania o świadczenia emerytalno-rentowe i zasad wypłaty tych świadczeń" xAddress="Dz. U. z 1983 r. Nr 10, poz. 49">§ 20 w/w rozporządzenia Rady Ministrów z dnia 7 lutego 1983 r.</xLexLink> środkiem dowodowym stwierdzającym wysokość zarobku lub dochodu stanowiącego podstawę wymiaru emerytury lub renty są dla pracowników zaświadczenia zakładów pracy wystawione według wzoru ustalonego przez ZUS albo legitymacja ubezpieczeniowa zawierająca wpisy dotyczące okresów zatrudnienia i wysokości osiąganych zarobków.</xText>
          <xText>Nie mniej Sąd rozpoznając sprawę z zakresu ubezpieczeń społecznych, w tym o wysokość świadczenia emerytalnego, nie jest związany tym rozporządzeniem, a jedynie czyni ustalenia faktyczne zgodnie z zasadami obowiązującymi w <xLexLink xArt="" xIsapId="WDU19640430296" xTitle="Ustawa z dnia 17 listopada 1964 r. - Kodeks postępowania cywilnego" xAddress="Dz. U. z 1964 r. Nr 43, poz. 296">Kodeksie postępowania cywilnego</xLexLink> i w oparciu o tam wymienione środki dowodowe.</xText>
          <xText>Dlatego też w ocenie Sądu Okręgowego możliwe jest dokonanie wyliczenia zarobków wnioskodawcy w <xAnon> Zakładach (...)</xAnon> w <xAnon>T.</xAnon><xAnon>M.</xAnon>. z lat 1974-1979, przy wykorzystaniu dostępnych informacji na temat wysokości wynagrodzenia będącego podstawą wypłaty zasiłku chorobowego wnioskodawcy, a w pozostałych okresach, co do których brak takich danych według zawartej w angażach stawki godzinowej osobistego zaszeregowania. Autentyczność tych dokumentów i danych w nich zawartych nie budzi wątpliwości Sądu. Ponadto ich treść nie była kwestionowana przez organ rentowy. Jednocześnie nie jest sporne, że skarżący zatrudniony był stale w pełnym wymiarze czasu pracy (wynoszącym 46 godzin tygodniowo) w <xAnon> Zakładach (...)</xAnon> w <xAnon>T.</xAnon><xAnon>M.</xAnon>. Fakt ten znajduje potwierdzenie w treści niekwestionowanego świadectwa pracy, umowy o pracę oraz angaży. Tak więc przy znanej stawce wynagrodzenia godzinowego i systemie w jakim praca była wykonywana istniały zdaniem Sądu Okręgowego wystarczające podstawy, aby przeliczyć świadczenie emerytalne w tych okresach, co do których brak danych co do wysokości wynagrodzenia wnioskodawcy w kartach zasiłkowych, przy uwzględnieniu tychże stawek godzinowych z lat 1974 - 1979. Wynagrodzenie wyliczone w ten sposób jest korzystniejsze od przyjętego przez organ rentowy wynagrodzenia minimalnego.</xText>
          <xText>Wysokość wynagrodzeń skarżącego z lat 1974-1979 w oparciu o w/w kryteria Sąd ustalił w oparciu o opinię biegłej księgowej, która nie była kwestionowana przez organ rentowy. Zarzuty organu rentowego, iż wynagrodzenia wnioskodawcy ustalone na podstawie kart zasiłkowych mogły zawierać jakieś bliżej nieokreślone nieoskładkowane składniki są gołosłowne. Nie wynika to z przedłożonych w sprawie dokumentów ani zeznań wnioskodawcy.</xText>
          <xText>Brak natomiast podstaw do wyliczenia wynagrodzenia wnioskodawcy w miesiącach, co do których nie ma on udokumentowanej wysokości wynagrodzenia tj. za miesiące 03-04, 08 1974r., 05-09, 11-12 1975r., 02-03, 07-12 1976r., 02-04, 08, 1977r., 02-08 1978r., 06-07, 12 1979r. według średnich wynagrodzeń z poprzednich udokumentowanych miesięcy, jak chce skarżący. Wykazanie przez wnioskodawcę zarobków w danym miesiącu, nie oznacza iż również w kolejnym miesiącu jego zarobki wynosiły nie mniej niż w poprzednim. Wysokość wynagrodzenia musi być ustalona w sposób pewny. W przedmiotowej sprawie jedyną pewną rzeczą jest to, że wnioskodawca osiągał wynagrodzenie w wysokości nie niższej od tej wynikającej ze stawek jego osobistego zaszeregowania. Dlatego to te stawki Sąd przyjął do wyliczenia wysokości wynagrodzenia wnioskodawcy za okresy, co do których jego rzeczywiście otrzymane wynagrodzenie nie jest udokumentowane. Powyższe legło u podstaw nie przyjęcia przez Sąd II wariantu opinii biegłej. W tym bowiem wariancie biegła przyjęła w miesiącach, w których nie można bezpośrednio ustalić wynagrodzenia, średnie wynagrodzenie miesięczne z miesięcy poprzednich – udokumentowanych. Takie wyliczenie nie oddaje rzeczywistych zarobków wnioskodawcy.</xText>
          <xText>Ustalając składniki wynagrodzenia wnioskodawcy z okresu zatrudnienia GT-<xAnon>U.</xAnon> (j.g.u.) Spółce z .o.o. w <xAnon>W.</xAnon> Oddział w <xAnon>T.</xAnon><xAnon>M.</xAnon>.  w latach 1988-1989r. Sąd miał na uwadze, iż - jak wynika z zawartej umowy o pracę z dnia 15 stycznia 1988r.- sposób oraz warunki płatności wynagrodzenia skarżącego regulowały przepisy <xLexLink xArt="" xIsapId="WDU19860330158" xTitle="Rozporządzenie Rady Ministrów z dnia 28 lipca 1986 r. w sprawie wynagradzania pracowników placówek naukowych Polskiej Akademii Nauk" xAddress="Dz. U. z 1986 r. Nr 33, poz. 158">Rozporządzenia Rady Ministrów z dnia 28 lipca 1986r. w sprawie wynagradzania pracowników placówek naukowych Polskiej Akademii Nauk</xLexLink> (Dz. U. nr 33 poz. 158).</xText>
          <xText>Z treści tego aktu, który koresponduje z zeznaniami wnioskodawcy oraz świadka <xAnon>F. P.</xAnon> wynika, że wnioskodawca był uprawniony do dodatku zmianowego za pracę w godzinach popołudniowych (II zmian) i nocnych (III zmiana). Dodatek ten regulował § 16 ust 1 w zw. z ustępem 3 rozporządzenia. Zgodnie z tym przepisem za każdą godzinę pracy wykonywanej na II i III zmianie, pracownikowi przysługiwał dodatek w wysokości 10% - na II zmianie i 20% - na III zmianie godzinowego wynagrodzenia zasadniczego wynikającego z osobistego zaszeregowania. Za pracę wykonywaną w porze nocnej pracownikowi przysługiwał dodatek w wysokości przewidzianej dla III zmiany.</xText>
          <xText>Kolejnymi stałymi składnikami wynagrodzenia wnioskodawcy jak wynika z świadectwa pracy z dnia 31 października 1989r. oraz angażu było wynagrodzenie zasadnicze według stawki godzinowej osobistego zaszeregowania (wnioskodawca pracował w systemie trzyzmianowym (rano, po południu i na noc), 8 godzin dziennie od poniedziałku do piątku oraz w pracujące soboty 6 godzin dziennie), dodatek za wysługę lat w wysokości 20% wynagrodzenia zasadniczego (w całym okresie zatrudnienia) oraz premia uznaniowa.</xText>
          <xText>Premia – jak wynika z umowy o pracę - była przyznawana na zasadach i warunkach określonych w regulaminie premiowania dla pracowników bezpośrednio produkcyjnych, płatnych godzinowo. Wnioskodawca nie dysponuje tym dokumentem. Premia jak wynika z zeznań świadka <xAnon>F. P.</xAnon>, <xAnon>L. W.</xAnon> oraz wnioskodawcy była zmiennym elementem wynagrodzenia każdego pracownika. Zależała od wyników pracy, jej jakości oraz braku absencji w pracy. O wysokości premii decydował kierownik. <xAnon>F. P.</xAnon> zeznał, że premia stanowiła w każdym miesiącu 100% wynagrodzenia zasadniczego. Tak było w istocie ale w jego przypadku, o czym dowodzą jego zarobki z tego okresu. Nie można jednak przyjąć, że skoro pracownik zatrudniony na tym samym stanowisku co wnioskodawca, zaszeregowany według tej samej stawki godzinowej otrzymywał w spornym okresie premie, które stanowiły 100% jego wynagrodzenia, to taką samą premię otrzymywał także wnioskodawca. Wynagrodzenia świadka <xAnon>F. P.</xAnon> nie mogą służyć do ustalenia uśrednionego wynagrodzenia wnioskodawcy, gdyż zarobki innego pracownika nie mogą oddać indywidualnych cech właściwych dla danego stosunku pracy. Jak wyżej podniesiono premia miała charakter uznaniowy i każdorazowo jej przyznanie i wysokość zależała od wielu zmiennych czynników. Brak dokumentacji, z której wynikałaby jej wysokość premii wnioskodawcy nie pozwala przyjąć, że wnioskodawca w każdym miesiącu – tak jak to przyjęła biegła księgowa – otrzymywał premię w wysokości 100% wynagrodzenia zasadniczego. Takie ustalenia są zupełnie dowolne i nie mogą spotkać się z akceptacją Sądu. Oceny tej nie zmienia okoliczność, iż z analizy przedłożonych przez skarżącego dwóch przelewów wypłaty wynagrodzenia za miesiąc czerwiec 1988r. oraz lipiec 1989r. wynika, że otrzymał premię w wysokości 100% wynagrodzenia zasadniczego. Dokumenty te świadczą jedynie o tym, że w miesiącu czerwcu 1988r. oraz lipcu 1989r. skarżący otrzymał taką premię. Nie są natomiast dowodem na to, że w całym spornym okresie otrzymywał premię i to w takiej samej wysokości tj. wynoszącej 100% wynagrodzenia zasadniczego jak w miesiącu czerwcu 1988r. i lipcu 1989r.</xText>
          <xText>Przy ustalaniu wynagrodzenia obowiązuje zasada uwzględniania tylko takich składników wynagrodzenia, które przysługiwały bezwarunkowo w czasie trwania zatrudnienia. Inne składniki wynagrodzenia przysługujące warunkowo, co dotyczy premii, mogą być uwzględniane wówczas, gdy dokumentacja wskazuje niewątpliwie na ich faktyczną wypłatę w określonej wysokości, a takiej brak w aktach sprawy. Uwzględnienia do wynagrodzenia, stanowiącego podstawę wymiaru składek na ubezpieczenia społeczne, premii w wysokości prawdopodobnej nie uzasadnia również argumentacja, że ubezpieczony nie powinien być dotknięty ujemnymi konsekwencjami niezachowania przez pracodawcę stosownej dokumentacji płacowej. W rozpoznawanej sprawie istotą rzeczy nie jest wszakże uchronienie ubezpieczonego przed skutkami działań pracodawcy, ale prawidłowe wyliczenie wysokości emerytury przy zastosowaniu przepisów ustawy o emeryturach i rentach z FUS.</xText>
          <xText>Ustalając zatem wysokość wynagrodzenia wnioskodawcy w latach 1988-1989 w <xAnon> Spółce (...)</xAnon> Sąd oparł się opinii biegłej księgowej, która wyliczyła je w oparciu o udokumentowane w Rozporządzeniu Rady Ministrów z dnia 28 lipca 1986r. stawki osobistego zaszeregowania wnioskodawcy z tego okresu, powiększając je o dodatek stażowy w wysokości 20% wynagrodzenia zasadniczego oraz dodatki zmianowe za pracę na II i III zmianie, które wynosiły odpowiednio 10% za pracę w godzinach popołudniowych i 20% za pracę w godzinach nocnych godzinowego wynagrodzenia zasadniczego wynikającego z osobistego zaszeregowania. Sąd pomniejszył zatem wysokość wyliczonego przez biegłą wynagrodzenia o premię regulaminową, za wyjątkiem dwóch miesięcy (czerwca 1988r. i lipca 1989r.), za które to miesiące przyjęto faktycznie otrzymane przez skarżącego wynagrodzenia wynikające z dokumentów przelewu k. 12 akt . W miesiącu lipcu 1989r. była to kwota 121.378zł. (bez zasiłku rodzinnego ). Natomiast przelew z miesiąca czerwca 1988r. opiewający na kwotę 81.134zł. pomniejszono o kwotę zasiłku rodzinnego, co zgodnie z opinią biegłej dało kwotę 66.016zł.</xText>
          <xText>Z wyliczeń organu rentowego – nie kwestionowanych przez skarżącego – wynika, że najkorzystniejszym dla <xAnon>T.</xAnon><xAnon>k.</xAnon> 20-leciem wybranym z całego okresu ubezpieczenia są lata 1974, 1977, 1979-1987, 1989-1994, 1998 — 2000. Do wyliczenia części emerytury z art. 53 ustawy ze spornego okresu 1974-1979 oraz 1988-1989 wejdą zatem jedynie najkorzystniejsze lata czyli rok 1974, 1977, 1979 i 1989.</xText>
          <xText>Wskaźnik wysokości podstawy wymiaru emerytury wnioskodawcy ustalony na podstawie wynagrodzeń z 20 najkorzystniejszych lat kalendarzowych wybranych z całego okresu ubezpieczenia, to jest z lat 1974, 1977, 1979-1987, 1989-1994, 1998 — 2000 wynosi <xBx>84,65%</xBx>, przy uwzględnieniu zarobków z :</xText>
          <xText>- 1974r. – w wysokości 28.971,10zł.</xText>
          <xText>- 1977r. – w wysokości 38.554,80zł.</xText>
          <xText>- 1979r. – w wysokości 48.019,28zł.</xText>
          <xText>- od dnia 1 stycznia do dnia 31 października 1989r. – w wysokości 1.138.822zł.</xText>
          <xText>Sąd w wyroku popełnił oczywistą omyłkę wpisując, iż w okresie od 1 stycznia do 31 października 1989r. uwzględnił zarobki wnioskodawcy w wysokości 1.924.870zł. Kwota ta wynika z opinii biegłej księgowej k. 150 akt, z tą zmianą iż za miesiąc lipiec 1989r. Sąd przyjął w miejsce hipotetycznego wynagrodzenia 121.644zł., faktycznie otrzymane i udokumentowane przez wnioskodawcę wynagrodzenie w kwocie 121.378zł. i obejmuje premię regulaminową w wysokości 100%wynagrodzenia zasadniczego (839.626zł.). Tymczasem Sąd - jak wynika z uzasadnienia - wyliczone na kwotę 1.924.870zł. wynagrodzenie za okres od 1 stycznia do 31 października 1989r., pomniejszył o premię, za wyjątkiem udokumentowanego miesiąca lipca 1989r. (1.924.870 – 786.048), co daje kwotę <xBx>1.138.822zł.</xBx> Należy podkreślić, że tylko uwzględnienie tej kwoty jako zarobku wnioskodawcy za okres od 1 stycznia do 31 października 1989r. przy wyliczaniu części emerytury z art. 53 ustawy wraz z wynagrodzeniami z pozostałych lat wymienionych w wyroku, daje ustalony przez Sąd wskaźnik podstawy wymiaru emerytury <xBx>84,65%.</xBx></xText>
          <xText>Biorąc pod uwagę, że tak ustalony wskaźnik wysokości podstawy wymiaru emerytury jest wyższy od poprzednio ustalonego przez organ rentowy z 20 kolejnych lat kalendarzowych od 1980-1996, 1998-2001 (81,22%), żądanie wnioskodawcy wyliczenia części emerytury z art. 53 ustawy na podstawie art. 15 ustęp 6 ustawy o emeryturach i rentach z FUS z 20 lat kalendarzowych wybranych z całego okresu ubezpieczenia, w tym z lat 1974,1977, 1979, 1989 należało uznać za zasadne.</xText>
          <xText>Z tych względów, Sąd Okręgowy na podstawie <xLexLink xArt="art. 477(14);art. 477(14) § 2" xIsapId="WDU19640430296" xTitle="Ustawa z dnia 17 listopada 1964 r. - Kodeks postępowania cywilnego" xAddress="Dz. U. z 1964 r. Nr 43, poz. 296">art. 477<xSUPx>14</xSUPx>§2 k.p.c.</xLexLink> zmienił zaskarżoną decyzję orzekając jak w punkcie 1 wyroku.</xText>
          <xText>Dalej idące odwołanie wnioskodawcy Sąd na podstawie <xLexLink xArt="art. 477(14);art. 477(14) § 1" xIsapId="WDU19640430296" xTitle="Ustawa z dnia 17 listopada 1964 r. - Kodeks postępowania cywilnego" xAddress="Dz. U. z 1964 r. Nr 43, poz. 296">art. 477<xSUPx>14</xSUPx>§1 k.p.c.</xLexLink> odwołanie oddalił jako bezzasadne. Ubezpieczony nie przedstawił wystarczających dowodów na uzasadnienie swoich żądań, a to na nim w myśl <xLexLink xArt="art. 6" xIsapId="WDU19640160093" xTitle="Ustawa z dnia 23 kwietnia 1964 r. - Kodeks cywilny" xAddress="Dz. U. z 1964 r. Nr 16, poz. 93">art. 6 k.c.</xLexLink> spoczywał ciężar udowodnienia wysokości wypłaconego wynagrodzenia, od którego pracodawca odprowadził składkę na ubezpieczenie społeczne, gdyż to on wywodził z tego faktu korzystne dla siebie skutki procesowe. W postępowaniu z zakresu prawa pracy i ubezpieczeń społecznych Sąd nie jest zaś zobowiązany do poszukiwania dokumentów zatrudnieniowo - płacowych, o które nie zadbała strona dochodząca świadczenia ubezpieczeniowego (tak: Sąd Najwyższy wyroku z dnia 18 grudnia 1997 r., sygn. akt II UKN 418/98, OSN z 198 poz. 661).</xText>
        </xUnit>
      </xBlock>
    </xPart>
  </judgement>
<judgement id="152515000000503_I_C_001126_2012_Uz_2013-12-20_001">
    <xPart xEditorFullName="Małgorzata Libiszewska" xYear="2012" xLang="PL" xPublisherFullName="Małgorzata Libiszewska" xFromPg="1" xEditor="Libiszewska.m" xVolType="15/251500/0000503/C" xPublisher="Libiszewska.m" xDocType="Uz" xVolNmbr="001126" xVersion="1.0" xToPage="1" xFlag="published">
      <xName>Wyrok+Uzasadnienie</xName>
      <xBlock>
        <xText>Sygn. akt IC 1126/12</xText>
        <xUnit xIsTitle="true" xType="part" xBold="true">
          <xName>WYROK</xName>
          <xTitle>W IMIENIU RZECZYPOSPOLITEJ POLSKIEJ</xTitle>
          <xText xALIGNx="right">Dnia 20 grudnia 2013 roku</xText>
          
          <xText>Sąd Okręgowy w Piotrkowie Trybunalskim, Wydział I Cywilny w składzie następującym:</xText>
          <xRows>
            <xCOLGROUPx>
              <xCOLx xWIDTHx="291"/>
              <xCOLx xWIDTHx="338"/>
            </xCOLGROUPx>
            <xRow>
              <xClmn xALIGNx="left" xVALIGNx="top">
                <xText>Przewodniczący</xText>
              </xClmn>
              <xClmn xALIGNx="left" xVALIGNx="top">
                <xText>
                  <xBx>SSO Renata Lech</xBx>
                </xText>
              </xClmn>
            </xRow>
            <xRow>
              <xClmn xALIGNx="left" xVALIGNx="top">
                <xText>Protokolant</xText>
              </xClmn>
              <xClmn xALIGNx="left" xVALIGNx="top">
                <xText>Anna Andrzejewska</xText>
              </xClmn>
            </xRow>
          </xRows>
          <xText>po rozpoznaniu w dniu 6 grudnia 2013 roku w Piotrkowie Trybunalskim na rozprawie</xText>
          <xText>sprawy z powództwa <xBx><xAnon>M. B.</xAnon></xBx></xText>
          <xText>przeciwko <xBx><xAnon> Towarzystwu (...) Spółce Akcyjnej</xAnon> z siedzibą w <xAnon>W.</xAnon></xBx></xText>
          <xText>o zadośćuczynienie, odszkodowanie i ustalenie odpowiedzialności na przyszłość</xText>
          
          <xUnit xIsTitle="false" xType="none">
            <xName xSffx=".">1</xName>
            <xText>zasądza od pozwanego <xAnon> Towarzystwa (...) Spółki Akcyjnej</xAnon> z siedzibą w <xAnon>W.</xAnon> na rzecz powoda <xAnon>M. B.</xAnon> kwotę <xBx>60.000,00 zł</xBx> (sześćdziesiąt tysięcy złotych)<xBx> tytułem zadośćuczynienia</xBx> z odsetkami w wysokości określonej w ustawie dla poszczególnych okresów opóźnienia od dnia 3 grudnia 2011r. do dnia zapłaty;</xText>
          </xUnit>
          <xUnit xIsTitle="false" xType="none">
            <xName xSffx=".">2</xName>
            <xText>zasądza od pozwanego <xAnon> Towarzystwa (...) Spółki Akcyjnej</xAnon> z siedzibą w <xAnon>W.</xAnon> na rzecz powoda <xAnon>M. B.</xAnon> kwotę <xBx>3.419,35 zł</xBx> (trzy tysiące czterysta dziewiętnaście złotych 35/100) <xBx>tytułem odszkodowania</xBx> z odsetkami w wysokości określonej w ustawie dla poszczególnych okresów opóźnienia od dnia 3 grudnia 2011r. do dnia zapłaty;</xText>
          </xUnit>
          <xUnit xIsTitle="false" xType="none">
            <xName xSffx=".">3</xName>
            <xText>oddala powództwo w pozostałej części;</xText>
          </xUnit>
          <xUnit xIsTitle="false" xType="none">
            <xName xSffx=".">4</xName>
            <xText>nie obciąża powoda <xAnon>M. B.</xAnon> obowiązkiem zwrotu kosztów procesu na rzecz pozwanego <xAnon> Towarzystwa (...) Spółki Akcyjnej</xAnon> z siedzibą w <xAnon>W.</xAnon>;</xText>
          </xUnit>
          <xUnit xIsTitle="false" xType="none">
            <xName xSffx=".">5</xName>
            <xText>nakazuje pobrać od pozwanego <xAnon> Towarzystwa (...) Spółki Akcyjnej</xAnon> z siedzibą w <xAnon>W.</xAnon> na rzecz Skarbu Państwa – Sądu Okręgowego w Piotrkowie Trybunalskim kwotę 4.729,00 zł (cztery tysiące siedemset dwadzieścia dziewięć złotych) tytułem nieziszczonych kosztów sądowych od uwzględnionej części powództwa;</xText>
          </xUnit>
          <xUnit xIsTitle="false" xType="none">
            <xName xSffx=".">6</xName>
            <xText>nie obciążą powoda <xAnon>M. B.</xAnon> obowiązkiem uiszczenia na rzecz Skarbu Państwa – Sądu Okręgowego w Piotrkowie Trybunalskim kosztów sądowych od oddalonej części powództwa.</xText>
          </xUnit>
          
          <xText>Sygn. akt I C 1126/12</xText>
        </xUnit>
        <xUnit xIsTitle="true" xType="part" xBold="true">
          <xName>UZASADNIENIE</xName>
          <xText>W pozwie z dnia 24 lipca 2012 roku powód <xBx><xAnon>M. B.</xAnon></xBx>, reprezentowany przez pełnomocnika adwokata <xAnon>G. S.</xAnon>, wniósł o zasądzenie od pozwanego <xAnon> (...)</xAnon> Asekuracja <xAnon> Towarzystwa (...)</xAnon> z siedzibą w <xAnon>W.</xAnon>: kwoty <xBx>135.000,00 zł tytułem zadośćuczynienia</xBx> za krzywdę doznaną w następstwie wypadku komunikacyjnego z dnia 23 maja 2011r. wraz z ustawowymi odsetkami od dnia 23 listopada 2011r. do dnia zapłaty, kwoty <xBx>2.676,22 zł tytułem zwrotu kosztów </xBx>poniesionych w związku z powyższym wypadkiem komunikacyjnym, <xBx>ustalenie odpowiedzialności pozwanego </xBx>za szkody mogące powstać w przyszłości na zdrowiu powoda w związku z wypadkiem z dnia 23 maja 2011r. oraz zasądzenie od pozwanego na rzecz powoda kosztów postępowania według norm przepisanych, w tym kosztów zastępstwa procesowego (k. 3-9).</xText>
          
          <xText>W piśmie procesowym z dnia 2 grudnia 2013r., pełnomocnik powoda rozszerzył żądanie pozwu, wnosząc o zsądzenie na rzecz powoda dodatkowo <xBx>kwoty 743,13 zł tytułem odszkodowania </xBx>z ustawowymi odsetkami od dnia doręczenia pisma rozszerzającego powództwo pozwanemu do dnia zapłaty.</xText>
          
          <xText>Pozwany <xBx><xAnon> (...) Spółka Akcyjna</xAnon> z siedzibą w <xAnon>W.</xAnon></xBx>, reprezentowana przez pełnomocnika radcę prawnego <xAnon>J. N.</xAnon>, a następnie przez pełnomocnika radcę prawnego <xAnon>L. A.</xAnon>, nie uznał żądania pozwu i wniósł o oddalenie powództwa. Podniósł, iż pozwany w toku postępowania likwidacyjnego <xBx>wypłacił powodowi zadośćuczynienie za doznaną krzywdę w kwocie 15.000 zł, </xBx>która to kwota rekompensuje krzywdę, jakiej doznał powód w następstwie wypadku z dnia 23 maja 2011r. (k. 106).</xText>
          
          <xText>W toku procesu z dniem 28 grudnia 2012r. <xBx>we wszelkie prawa i obowiązki pozwanego <xAnon> (...) Spółki Akcyjnej</xAnon> z siedzibą w <xAnon>W.</xAnon> weszła <xAnon> Spółka Towarzystwo (...) Spółka Akcyjna</xAnon> z siedzibą w <xAnon>W.</xAnon></xBx>, jako spółka przejmująca (k. 118-123).</xText>
          
          <xText>
            <xBx>Sąd Okręgowy ustalił następujący stan faktyczny:</xBx>
          </xText>
          
          <xText>W dniu 23 maja 2011 roku w <xAnon>R.</xAnon> przy <xAnon>ul. (...)</xAnon> doszło do wypadku komunikacyjnego, w którym poszkodowany został powód. Powód, jadący rowerem, został potrącony przez kierującą samochodem marki <xAnon>P. (...)</xAnon> o <xAnon>nr rej. (...)</xAnon><xAnon>M. Z.</xAnon>.</xText>
          
          <xText>(okoliczność bezsporna)</xText>
          
          <xText>Prawomocnym wyrokiem Sądu Rejonowego w Radomsku z dnia 13 lutego 2012r. w sprawie VI K 526/11 <xAnon>M. Z.</xAnon> została uznana winną tego, że w dniu 23 maja 2011r. o godz. 5:40 w <xAnon>R.</xAnon> na <xAnon>ul. (...)</xAnon> nieumyślnie naruszyła zasady bezpieczeństwa w ruchu drogowym w ten sposób, iż kierując samochodem osobowym marki <xAnon>P. (...)</xAnon><xAnon>nr rej. (...)</xAnon>, wykonując manewr skrętu w prawo zajechała drogę rowerzyście jadącemu w tym samym kierunku i doprowadziła do zderzenia z <xAnon>M. B.</xAnon>, który doznał wieloodłamowego zmiażdżeniowo-rozszczepiennego złamania kłykcia bocznego kości piszczelowej lewej, w wyniku którego doszło do wadliwego wygojenia kłykcia bocznego piszczeli lewej z kompresją i zaburzeniami osi i tendencją do koślawienia i skrzywienia osi kończyny i są to zmiany trudno odwracalne, mogące prowadzić do niewydolności stawu, co spowodowało ciężki uszczerbek na zdrowiu w postaci długotrwałej choroby, tj. przestępstwa z <xLexLink xArt="art. 177;art. 177 § 2" xIsapId="WDU19970880553" xTitle="Ustawa z dnia 6 czerwca 1997 r. - Kodeks karny" xAddress="Dz. U. z 1997 r. Nr 88, poz. 553">art. 177 § 2 k.k.</xLexLink></xText>
          <xText>W punkcie drugim powyższego wyroku Sąd zasądził od oskarżonej na rzecz poszkodowanego nawiązkę w kwocie 2.000 zł na podstawie <xLexLink xArt="art. 46;art. 46 § 2" xIsapId="WDU19970880553" xTitle="Ustawa z dnia 6 czerwca 1997 r. - Kodeks karny" xAddress="Dz. U. z 1997 r. Nr 88, poz. 553">art. 46 § 2 k.k.</xLexLink></xText>
          
          <xText>(dowód: wyrok Sądu Rejonowego w Radomsku z dnia 13 lutego 2012r. w sprawie VI K 526/11, k. 126 załączonych akt VI K 526/11)</xText>
          
          <xText>Zgromadzony rzeczowy materiał dowodowy nie pozwala przeprowadzić pełnej rekonstrukcji wypadku w sensie kryminalistycznym.</xText>
          <xText>Analiza zgromadzonego materiału dowodowego pozwala na stwierdzenie, że bezpośrednią i zarazem jedyną przyczyną wypadku komunikacyjnego z dnia 23 maja 2011r. było nieprawidłowe zachowanie kierującej pojazdem <xAnon>P.</xAnon><xAnon>M. Z.</xAnon>, która nie zachowała szczególnej ostrożności podczas zmiany kierunku ruchu i zajechała drogę prawidłowo poruszającemu się rowerzyście. Zabezpieczony w aktach sprawy materiał dowodowy i przeprowadzona analiza nie pozwalają na przypisanie kierującemu rowerem powodowi popełnienia błędów w taktyce lub technice jazdy, a tym samym brak jest podstaw do twierdzenia, iż przyczynił się on w jakikolwiek sposób do wypadku i jego skutków.</xText>
          
          <xText>(dowód: opinia biegłego z zakresu techniki samochodowej i rekonstrukcji zdarzeń drogowych dr inż. <xAnon>K. W.</xAnon>, k. 205-216)</xText>
          
          <xText>Kierująca pojazdem <xAnon>P.</xAnon><xAnon>M. Z.</xAnon> była ubezpieczona w zakresie ubezpieczenia odpowiedzialności cywilnej posiadaczy pojazdów mechanicznych w <xAnon> (...) Spółce Akcyjnej</xAnon> z siedzibą w <xAnon>W.</xAnon>.</xText>
          
          <xText>(okoliczność bezsporna)</xText>
          
          <xText>Bezpośrednio po wypadku powód został przewieziony na <xAnon> Oddział (...)</xAnon> Urazowo-Ortopedycznej <xAnon> Szpitala (...)</xAnon> w <xAnon>R.</xAnon> z rozpoznaniem wieloodłamowego zmiażdżeniowo-rozszczepiennego złamania kłykcia bocznego kości piszczelowej lewej. W okresie hospitalizacji powód został poddany zabiegom repozycji krwawej, zespolenia m. <xAnon> (...)</xAnon> i zeszycia łękotki bocznej.</xText>
          <xText>Powód był hospitalizowany od 23 maja 2011r. do 9 czerwca 2011r. Został wypisany z zalecenie kontynuowania leczenia w <xAnon> (...)</xAnon>, chodzenia o kulach z odciążeniem operowanej kończyny.</xText>
          <xText>W trakcie hospitalizacji powód był konsultowany przez neurologa , który 06.06.2013r. odnotował: „Pacjent potrącony przez samochód , przytomności nie stracił, nie wymiotował. Zgłasza bóle kręgosłupa szyjnego”. W przedmiotowym badaniu neurologicznym konsultujący neurolog nie stwierdził odchyleń od stanu prawidłowego. Rozpoznał stłuczenie kręgosłupa.</xText>
          <xText>Dalej powód leczył się w Por. <xAnon> (...)</xAnon> Urazowo - Ortopedycznej w <xAnon>R.</xAnon>. Był usprawniany ambulatoryjnie. <xAnon> (...)</xAnon> zespalający usunięto w 01/2012r.</xText>
          <xText>W sierpniu 2012r. był ponownie hospitalizowany w <xAnon>O.</xAnon>. <xAnon> (...)</xAnon> Urazowo - Ortopedycznej z powodu pourazowej artrozy stawu kolanowego lewego -leczenie artroskopowe.</xText>
          <xText>Poza leczeniem ortopedycznym, po przebytym wypadku powód leczył się też u neurologa - 2 wizyty:</xText>
          <xText>- w marcu 2012r. - skargi na bóle kręgosłupa lędźwiowo - krzyżowego od czasu wypadku, w badaniu przedmiotowym nie stwierdzono objawów korzeniowych, odnotowano brak odruchu skokowego prawego, a w rtg stwierdzono zmiany zwyrodnieniowo - dyskopatyczne odcinka lędźwiowego;</xText>
          <xText>- w kwietniu 2012r. - skargi na bóle kręgosłupa szyjnego, w badaniu przedmiotowym bez objawów uszkodzenia układu nerwowego.</xText>
          
          <xText>(dowód: kopia karty informacyjnej leczenia szpitalnego, k. 21-22, opinia biegłej z zakresu neurologii i rehabilitacji medycznej <xAnon>B. S. (1)</xAnon>, k. 168-169)</xText>
          
          <xText>W okresie od 6 lutego 2012r. do 20 marca 2012r. powód był leczony w Oddziale <xAnon> (...)</xAnon> Dziennej <xAnon> Szpitala (...)</xAnon> w <xAnon>R.</xAnon>, gdzie przyjęto go z rozpoznaniem stan po złamaniu zmiażdżeniowym bliższej nasady kości piszczelowej lewej, zwyrodnienie pourazowe kolana lewego. Zastosowano leczenie rehabilitacyjne w postaci: ćwiczeń wspomaganych, ćwiczeń czynnych w odciążeniu z oporem, ćwiczeń izokinetycznych, jonoforezy, pola elektromagnetycznego wysokiej częstotliwości. Po 5-tygodniowym cyklu leczenia rehabilitacyjnego sprawność chodu powoda uległa poprawie, powód zaczął chodzić bez kul łokciowych z utykaniem. Stwierdzono jednakże rozległe zmiany zwyrodnieniowe kolana lewego z cechami dużej koślawości kolana na tle pourazowym. Zalecono dalsze leczenie w warunkach ambulatoryjnych.</xText>
          
          <xText>(dowód: karta informacyjna leczenia szpitalnego, k. 19-20)</xText>
          
          <xText>Powód w wyniku wypadku w dniu 23.05.2011r. doznał wieloodłamowego zmiażdżeniowego wgnieceniowo-rozszczepiennego złamania kłykcia bocznego piszczeli podudzia lewego. Uraz kolana lewego leczony był operacyjnie. Obecnie klinicznie przedmiotowo stwierdza się małą niestabilność złożona I° boczna i przyśrodkowa, zaznaczone ograniczenie zgięcia o około 50° oraz wyprostu ok. 15° z zanikami mięśniowymi uda i goleni lewej, ruchy czynne są bolesne w końcowej fazie, postępujące pourazowe zwyrodnienie kolana lewego z atrozą pourazową kolana lewego II° wg obrazu na ostatniej płycie DVD.</xText>
          <xText>Wobec powyższego trwały uszczerbek ze strony kolana prawego należy ustalić wg pozycji 156 - 10% ze wskazaniem na niestabilność i uszkodzeniem tkanki kostno-chrzęstnej kłykcia bocznego z ubytkiem części centralnej kłykcia bocznego po jego złamaniu wgnieceniowo-rozszczepiennym i pourazowym zwyrodnieniem po w/w złamaniem przezstawowym bliższej nasady piszczeli lewej.</xText>
          <xText>Uszczerbek związany z ubytkami - ubytki ruchowe kolana ok. 50° w zakresie zgięcia i 20 ° wyprostu kolana lewego należy ocenić na -5% za ubytek zgięcia i 2 % za ubytek wyprostu.</xText>
          <xText>
            <xBx>Suma uszczerbku w obrębie kolana lewego wynosi l0%+5%+2%=17%. </xBx>
          </xText>
          <xText>Stopień cierpień powoda w następstwie urazów doznanych w wypadku był duży przez 3 miesiące, potem średni przez okres ok. 3 miesięcy, po tym okresie i obecnie stopień jest umiarkowany z okresami nasilenia przeciążeniowego z powodu postępującej artrozy pourazowej kolana lewego.</xText>
          <xText>Pomocy innych osób w samodzielnej czynności życia codziennego powód wymagał ok. 6 godzin przez 3 miesiące, przez kolejne 3 miesiące po 2 godziny na dobę. Po tym okresie i nadal do dnia dzisiejszego potrzebuje pomocy ok. 2 godziny na dobę z powodu utrzymującego naruszenia funkcji motorycznej <xAnon> (...)</xAnon> i postępującej liniowo zwyrodnienia kolana lewego po przebytym złamaniu z uszkodzeniem chrząstki stawowej.</xText>
          <xText>Pomocy powód potrzebował przy przygotowaniu posiłków, przemieszczaniu w domu i poza domem, korzystaniu z toalety i wykonywaniu podstawowych czynności życia codziennego, kąpielach i higieny osobistej i załatwienia spraw poza domem.</xText>
          <xText>Rokowania co do poprawy stanu zdrowia powoda są niepewne z powodu utrwalonej destrukcji chrzęstno-kostnej bliższej nasady kości piszczelowej po przebytym złamaniu, utrwalonego naruszenia sprawności, dysfunkcji ruchowej kolana lewego oraz z powodu postępującej choroby zwyrodnieniowej pourazowej kolana lewego. Ubytki chrzęstno-kostne z destrukcją są związane z samym urazem i nie wynikają z samego leczenia.</xText>
          <xText>W związku z leczenie urazów doznanych w następstwie wypadku powód poniósł koszty : - 2 kule - 60zł, koszt leków <xAnon> (...)</xAnon> i leków osłonowych to kwota ok. 50 zł miesięczne, leki w profilaktyce p/zakrzepowej to kwota ok. 75 zł, koszt rehabilitacji: brak danych o korzystaniu z prywatnej rehabilitacji, wskazane leki poprawiające stan chrząstki dotkniętej pourazowym zwyrodnieniem- koszt ok. l20zł rocznie przy tabletkach doustnie i ok. 400 zł w razie iniekcji.</xText>
          <xText>Szanse na pełny powrót powoda do zdrowia są nierealne z powodu choroby zwyrodnieniowej pourazowej kolana lewego w związku z dużym uszkodzeniem wewnątrz stawu głównie w obrębie chrząstki i tkanki podchrzęstnej z ubytkami pourazowymi. Obecnie wydolność statyczno-dynamiczna kolana lewego nie jest w pełni dobra z powodu przykurczów i zmian i zwyrodnieniowych o podłożu pourazowym.</xText>
          <xText>Powrót do pracy z nadmiernym chodzeniem i przeciążeniem jest nie możliwy. Może wykonywać lekka, pracę i pracę umysłowa z oszczędzaniem kolana lewego.</xText>
          
          <xText>(dowód: opinia biegłego z zakresu <xAnon> (...)</xAnon>, k. 148-149, pisemna opinia uzupełniająca, k. 161)</xText>
          
          <xText>Cierpienia fizyczne powoda były spowodowane głównie doznanym złamaniem kłykcia bocznego piszczeli lewej.</xText>
          <xText>Stłuczenie kręgosłupa spowodowało przejściowe nasilenie wcześniej odczuwanych dolegliwości bólowych kręgosłupa szyjnego. Cierpienia fizyczne z tego powodu były niezbyt dużego stopnia i utrzymywały się przez kilka tygodni. W późniejszym okresie powód skarżył się na bóle w odcinku lędźwiowo - krzyżowym kręgosłupa. Dolegliwości te wystąpiły wskutek przeciążenia spowodowanego patologicznym schematem chodu (bóle lewego kolana, odciążanie lewej kończyny dolnej). Przeciążenie to nałożyło się na wcześniej istniejące samoistne zmiany zwyrodnieniowe tego odcinka kręgosłupa. Zespół bólowy przeciążeniowy odcinka lędźwiowego powodował u powoda cierpienia fizyczne niezbyt dużego stopnia utrzymujące się do chwili obecnej.</xText>
          <xText>Należy podkreślić, że wystąpienie tych dolegliwości bólowych spowodowane było współistnieniem dwóch czynników - przeciążenia spowodowanego patologicznym schematem chodu i zmianami zwyrodnieniowymi kręgosłupa. Przeciążenie spowodowane pourazowym patologicznym schematem chodu u osób, bez zmian zwyrodnieniowych na ogół nie powoduje nasilonego zespołu bólowego kręgosłupa.</xText>
          <xText>Dlatego, oceniając pourazowy uszczerbek na zdrowiu powoda w tym zakresie, należało wziąć pod uwagę zarówno następstwa urazu, jak i wcześniejsze schorzenie samoistne.</xText>
          <xText>Proces rehabilitacji powodował przejściowe cierpienia fizyczne (w trakcie zabiegów kinezyterapii) niezbyt dużego stopnia. Z punktu widzenia neurologa, poza zespołem bólowym przeciążeniowym odcinka lędźwiowego, nie należy spodziewać się innych następstw przebytego wypadku.</xText>
          <xText>Pourazowe zmiany zwyrodnieniowe kolana lewego i związane z nimi dolegliwości bólowe, mogą wtórnie (poprzez zaburzenia schematu chodu) powodować nadal okresowo nasilające dolegliwości bólowe przeciążeniowe kręgosłupa lędźwiowo - krzyżowego. Z tego powodu badany może okresowo wymagać leczenia farmakologicznego i leczenia usprawniającego.</xText>
          <xText>Przeciążenie patologicznym schematem chodu odcinka lędźwiowo - krzyżowego kręgosłupa (po przebytym urazie lewej kończyny dolnej), które nałożyło się na istniejące wcześniej samoistne zmiany zwyrodnieniowe kręgosłupa, powoduje u powoda długotrwały uszczerbek na zdrowiu w wysokości: <xBx><xUx>2% per analogiam do pkt 94 c</xUx></xBx> (Urazowe zespoły korzonkowe - bólowe, ruchowe, czuciowe lub mieszane - w zależności od stopnia. c/ lędźwiowo - krzyżowe 5-25%) (5% - 3% z powodu wcześniej istniejących samoistnych zmian zwyrodnieniowych kręgosłupa). Należy użyć określenia per analogiam, ponieważ u powoda nie stwierdzano i nie stwierdza się obecnie cech typowego zespołu korzonkowego. Jednak zgłaszane dolegliwości bólowe, stwierdzane wzmożenia napięcia mięśniowego i zaznaczone ograniczenie ruchomości kręgosłupa w odcinku lędźwiowym uzasadniają rozpoznanie zespołu bólowego przeciążeniowego z odcinka lędźwiowo - krzyżowego. Należy uwzględnić istniejące wcześniej samoistne zmiany zwyrodnieniowe tego odcinka i z tego powodu od stwierdzonego uszczerbku na zdrowiu (5%) odjąć 3%, co w efekcie daje uszczerbek na zdrowiu w wysokości 2%.</xText>
          
          <xText>(dowód: opinia biegłej z zakresu neurologii i rehabilitacji medycznej <xAnon>B. S. (1)</xAnon>, k. 168-169, pisemna opinia uzupełniająca, k. 204)</xText>
          
          <xText>Powód w wyniku wypadku drogowego z 23 maja 2011r. doznał urazu kolana lewego i był leczony operacyjnie. Nie doszło do urazu głowy. Badany nie korzystał z pomocy psychologicznej po urazie. nie był też leczony psychiatrycznie, do psychiatry zgłosił się dopiero w marcu 2013r. Jest w trakcie leczenia farmakologicznego, jak wynika z przedłożonej dokumentacji z <xLexLink xArt="" xIsapId="WDU20040190177" xTitle="Ustawa z dnia 29 stycznia 2004 r. - Prawo zamówień publicznych" xAddress="Dz. U. z 2004 r. Nr 19, poz. 177">PZP</xLexLink>. Powrócił do pracy w wykonywanym uprzednio zawodzie rok temu. W ocenie psychologicznej stan psychiczny powoda jest obecnie stabilny. Nie stwierdza się utrzymujących się objawów dezadaptacji.</xText>
          
          <xText>(dowód: opinia biegłego z zakresu psychologii klinicznej <xAnon>M. P.</xAnon>, k. 178-179)</xText>
          
          <xText>Obecny stan zdrowia psychicznego i zachowania <xAnon>M. B.</xAnon> jest najprawdopodobniej wynikiem wypadku. Powód zgłasza wzmożoną nerwowość, lęk przed ruchem ulicznym, ma zaordynowane leki uspakajające i przeciwdepresyjne. W badaniu psychologicznym z dnia 2 lipca 2013 roku cytowanym przez lekarza leczącego, dr <xAnon>J. C.</xAnon> zapisano - " W badaniu psychologicznym intelekt w normie (<xAnon>R. (...)</xAnon> centyl). <xAnon>B.</xAnon> – bez organiki. <xAnon> (...)</xAnon> agrawacja mgr <xAnon>M. P.</xAnon>.” W dokumentacji medycznej. szczegółowo prześledzonej przez biegłego, brak adnotacji jakoby <xAnon>M. B.</xAnon> miał myśli samobójcze lub podejmował próby samobójcze.</xText>
          <xText>W opisach stanu psychicznego zawartych w poradach, cytowanych powyżej, lekarz leczący odnotowuje m. in. ,, nastrój, napęd wyrównany”.</xText>
          <xText>W przypadku, gdy pacjent zgłasza myśli <xAnon> S</xAnon> są one zapisane, wręcz wyeksponowane przez leczącego i jest to jedno ze wskazań do hospitalizacji w oddziale psychiatrycznym.</xText>
          <xText>Powodem podjęcia terapii u psychiatry (dwa lata po wypadku) były bóle głowy i nerwowość.</xText>
          <xText>
            <xBx>Opiniowany w związku z wypadkiem nie doznał uszczerbku na zdrowiu w zakresie psychiatrycznym. Nie stwierdza się utrzymujących się objawów dezadaptacji.</xBx>
          </xText>
          <xText>Rozpoznawane przez dr <xAnon>C.</xAnon> zaburzenia adaptacyjne (F 43. 2) charakteryzuje to, że omawiane zaburzenia nie wystąpiłyby bez czynnika stresującego. Powyższe schorzenie należy do kręgu zaburzeń nerwicowych, związanych ze stresem. To stan subiektywnego distresu i zaburzeń emocjonalnych, zwykle przeszkadzający w społecznym funkcjonowaniu i działaniu. Objawy są różnorodne i obejmują: nastrój depresyjny, lęk, zamartwianie się, poczucie niemożności poradzenia sobie. Czas trwania objawów z wyjątkiem przedłużonej reakcji depresyjnej nie przekracza zazwyczaj 6-ciu miesięcy.</xText>
          
          <xText>(dowód: opinia sądowo-psychiatryczna wydana przez biegłego sądowego z zakresu psychiatrii <xAnon>B. J.</xAnon>, k. 242-246)</xText>
          
          <xText>W badaniu przedmiotowym zniekształceń powłok ciała będących wynikiem urazu doznanego przez powoda w zdarzeniu z dnia 23 maja 2011 r. stwierdzono w zakresie kolana lewego:  na przednio-bocznej powierzchni lewego kolana i goleni widoczna pionowo przebiegająca blizna pooperacyjna o długości 18 cm i szerokości 3-4 mm. Blizna w obrębie kolana jaśniejsza od otaczającej skóry, natomiast w części leżącej na podudziu - ciemniejsza od otaczającej skóry. Widoczne wyraźnie ślady po zakładanych szwach; na przedniej powierzchni kolana widoczne dwie blizny po zabiegu artroskopowym kolana. Blizny o wymiarach 1 cm X 0,5 cm, ciemniejsze od otaczającej skóry.</xText>
          <xText>Opisane blizny nie powodują zaburzeń czynnościowych.</xText>
          <xText>W powoda stwierdza się pooperacyjną bliznę lewego kolana. <xBx>Wynikający stąd stały uszczerbek na zdrowiu będący wynikiem istniejących zniekształceń bliznowatych kolana należy ocenić na 2%</xBx> - pkt 156 - inne następstwa uszkodzeń kolana: skrócenie kończyny, zaburzenia osi, stawu (koślawość, szpotawość, ruchomość patologiczna), dolegliwości przewlekłe zapalne, zapalenia ropne, ciała obce, przetoki itp. - w zależności od stopnia - 1-20% w <xLexLink xArt="" xIsapId="WDU20022341974" xTitle="Rozporządzenie Ministra Pracy i Polityki Społecznej z dnia 18 grudnia 2002 r. w sprawie szczegółowych zasad orzekania o stałym lub długotrwałym uszczerbku na zdrowiu, trybu postępowania przy ustalaniu tego uszczerbku oraz postępowania o wypłatę jednorazowego odszkodowania" xAddress="Dz. U. z 2002 r. Nr 234, poz. 1974">rozporządzeniu Ministra Pracy i Polityki Społecznej z dnia 18 grudnia 2002 r.</xLexLink> DZ.U.234. Ocena, co do wysokości, dokonana jest także przez analogię do punktu 19A ( l-10%) załącznika, jako jedynego zapisu Rozporządzenia mówiącego literalnie o oszpeceniu spowodowanym bliznami twarzy. Ponieważ kolano nie jest tak eksponowaną częścią naszego ciała jak twarz, dlatego orzeczony uszczerbek jest odpowiednio niższy, niż to wynika z punktu 19A.</xText>
          <xText>Blizna kolana stanowi trwałe oszpecenie powoda. Nie jest możliwe usunięcie blizny ani na drodze leczenia operacyjnego, ani innymi metodami nieoperacyjnymi. Ewentualny zabieg operacyjny nie gwarantuje istotnej poprawy wyglądu blizny z powodu jej lokalizacji w miejscu narażonym na ruch i ciągłe rozciąganie.</xText>
          
          <xText>(dowód: opinia biegłego z zakresu chirurgii plastycznej <xAnon>T. Z.</xAnon>, k 257-259)</xText>
          
          <xText>Przed wypadkiem powód nie miał żadnych problemów ze stawami, nie leczył się na żadne schorzenia ortopedyczne. Był osobą w pełni sprawną ruchowo.</xText>
          <xText>W dacie wypadku powód miał 54 lata.</xText>
          <xText>Powód do chwili obecnej odczuwa skutki urazów powstałych w następstwie wypadku z dnia 23 maja 2011r. Najbardziej dotkliwe są dolegliwości ze strony kończyny dolnej lewej. Ma ograniczoną ruchomość tej kończyny, nie może zginać nogi, uklęknąć, dużą trudność sprawia mu chodzenia po schodach, dłuższe stanie – wówczas odczuwa ból w kolanie. Także podczas chodzenia odczuwa ból kolana. Cały czas używa kuli łokciowej. Nie może jeździć rowerem, ani kierować samochodem. Odczuwa silny lęk nie ruchem ulicznym. Do pracy i na wizyty lekarskie zawozi do żona.</xText>
          <xText>Przed wypadkiem powód nie leczył się psychiatrycznie. Obecnie w związku ze zmożoną nerwowością, nasilonymi objawami lękowymi, lękiem przed ruchem ulicznym, w 2013r. podjął leczenie psychiatryczne. Od tego czasu regularnie zażywa leki uspokajające i przeciwdepresyjne. Początkowo korzystał z wizyt u psychiatry raz w miesiącu, później raz na dwa miesiące, obecnie – raz na trzy miesiące.</xText>
          <xText>Powód pozostaje także pod stałą opieką ortopedy i neurologa. Korzysta z wizyt u specjalistów raz na trzy miesiące. Są to wizyty nieodpłatne w ramach NFZ.</xText>
          <xText>Doznane w wypadku urazy i ich następstwa nie wpłynęły na możliwość wykonywania przez powoda pracy zarobkowej. Powód pracował przed wypadkiem i pracuje nadal jako dróżnik przejazdowy.</xText>
          
          <xText>(dowód: zeznania świadka <xAnon>E. B.</xAnon>, k. 134-135, nagranie audio-video, k. 137, min . 00:05:39-00:15:15, zeznania powoda, k. 285-verte, k. 286, nagranie audio-video, k. 287, min. 00:04:54-00:19:15)</xText>
          
          <xText>W wyniku wypadku został zniszczony rower, którym poruszał się powód, a także ubranie które powód miał na sobie.</xText>
          
          <xText>(dowód: zeznania świadka <xAnon>E. B.</xAnon>, k. 134-135, nagranie audio-video, k. 137, min . 00:05:39-00:15:15, zeznania powoda, k. 285-verte, k. 286, nagranie audio-video, k. 287, min. 00:04:54-00:19:15)</xText>
          
          <xText>Powód poniósł wydatki w łącznej kwocie 3.419,35 zł z tytułu: kosztów dojazdu do placówek medycznych w związku z niezbędnym leczeniem i rehabilitacją, kosztów zakupu leków, kosztów leczenia.</xText>
          <xText>Powyższa kwota obejmuje także koszt zakupu nowego roweru za sumę 350,00 zł., gdyż poprzedni rower został zniszczony w wyniku wypadku.</xText>
          
          <xText>(dowód: zeznania świadka <xAnon>E. B.</xAnon>, k. 134-135, nagranie audio-video, k. 137, min . 00:05:39-00:15:15, zeznania powoda, k. 285-verte, k. 286, nagranie audio-video, k. 287, min. 00:04:54-00:19:15, faktury VAT, k. 53-98, k. 268-284)</xText>
          <xText>Wezwaniem do zapłaty z dnia 9 listopada 2011r., sprostowanym w piśmie z dnia 22 listopada 2011r., które zostało doręczone pozwanemu w dniu 25 listopada 2011r., powód wystąpił o zapłatę w terminie 7 dni na jego rzecz kwoty 150.000 zł tytułem zadośćuczynienia jako dopłaty do wypłaconej z tego tytułu kwoty 6.500 oraz kwoty 400,00 zł tytułem zwrotu kosztów zniszczonego roweru i ubrania.</xText>
          
          <xText>(dowód: kopia wezwania do zapłaty wraz z dowodem doręczenia, k. 42-47)</xText>
          
          <xText>W toku postępowania likwidacyjnego pozwany wypłacił na rzecz powodowa łącznie kwotę 15.000 zł tytułem zadośćuczynienia.</xText>
          
          <xText>(dowód: decyzja z dnia 13 stycznia 2012r., k. 48)</xText>
          
          <xText>
            <xBx>Sąd Okręgowy zważył, co następuje:</xBx>
          </xText>
          
          <xText>Powództwo zasługuje na częściowe uwzględnienie.</xText>
          <xText>Podstawę prawną żądania pozwu stanowi <xLexLink xArt="art. 445;art. 445 § 1" xIsapId="WDU19640160093" xTitle="Ustawa z dnia 23 kwietnia 1964 r. - Kodeks cywilny" xAddress="Dz. U. z 1964 r. Nr 16, poz. 93">art. 445 § 1 k.c.</xLexLink> i <xLexLink xArt="art. 444;art. 444 § 2" xIsapId="WDU19640160093" xTitle="Ustawa z dnia 23 kwietnia 1964 r. - Kodeks cywilny" xAddress="Dz. U. z 1964 r. Nr 16, poz. 93">art. 444 § 2 k.c.</xLexLink></xText>
          <xText>Zgodnie z treścią <xLexLink xArt="art. 822" xIsapId="WDU19640160093" xTitle="Ustawa z dnia 23 kwietnia 1964 r. - Kodeks cywilny" xAddress="Dz. U. z 1964 r. Nr 16, poz. 93">art. 822 k.c.</xLexLink> przez umowę ubezpieczenia odpowiedzialności cywilnej zakład ubezpieczeń zobowiązuje się do zapłacenia określonego w umowie odszkodowania za szkody wyrządzone osobom trzecim, względem których odpowiedzialność za szkodę ponosi ubezpieczający albo osoba na rzecz której została zawarta umowa ubezpieczenia (§1).Umowa ubezpieczenia odpowiedzialności cywilnej obejmuje szkody będące następstwem przewidzianego w umowie wypadu, który miał miejsce w okresie ubezpieczenia (§ 2).</xText>
          <xText>Istota ubezpieczenia odpowiedzialności cywilnej wynikająca z <xLexLink xArt="art. 822" xIsapId="WDU19640160093" xTitle="Ustawa z dnia 23 kwietnia 1964 r. - Kodeks cywilny" xAddress="Dz. U. z 1964 r. Nr 16, poz. 93">art. 822 k.c.</xLexLink> sprowadza się więc do tego, że w sytuacji zaistnienia szkód określonych w § 2 tego przepisu, zakład ubezpieczeń zobowiązuje się do zapłacenia odszkodowania osobom trzecim, względem których odpowiedzialność za te szkody ponosi ubezpieczający albo osoba, na rzecz której została zawarta umowa ubezpieczenia.</xText>
          <xText>Odpowiedzialność odszkodowawczą z tytułu obowiązkowego ubezpieczenia odpowiedzialności cywilnej reguluje natomiast ustawa z dnia 22 maja 2003 r. o ubezpieczeniach obowiązkowych, Ubezpieczeniowym Funduszu Gwarancyjnym i Polskim Biurze Ubezpieczeń Komunikacyjnych ( Dz. U. nr 124 poz. 1152).</xText>
          <xText>W świetle art. 34 ust. 1 ustawy o ubezpieczeniach obowiązkowych, który stanowi <xIx>lex specialis </xIx>do <xLexLink xArt="art. 822;art. 822 § 1" xIsapId="WDU19640160093" xTitle="Ustawa z dnia 23 kwietnia 1964 r. - Kodeks cywilny" xAddress="Dz. U. z 1964 r. Nr 16, poz. 93">art. 822 § 1 k.c.</xLexLink>, z ubezpieczenia OC posiadaczy pojazdów mechanicznych przysługuje odszkodowanie, jeżeli posiadacz lub kierujący pojazdem mechanicznym obowiązani są do odszkodowania za wyrządzoną w związku z ruchem tego pojazdu szkodę, której następstwem jest śmierć, uszkodzenie ciała, rozstrój zdrowia bądź też utrata, zniszczenie lub uszkodzenie mienia.</xText>
          <xText>Zgodnie natomiast z art. 35 cytowanej ustawy ubezpieczeniem OC posiadaczy pojazdów mechanicznych jest objęta odpowiedzialność cywilna każdej osoby, która kierując pojazdem mechanicznym w okresie trwania ochrony ubezpieczeniowej wyrządziła szkodę w związku z ruchem tego pojazdu.</xText>
          <xText>W niniejszej sprawie nie ulega wątpliwości, iż do wyrządzenia szkody powodowi doszło w następstwie ruchu pojazdu mechanicznego. Niewątpliwym i nie kwestionowanym przez pozwanego jest także, iż zachodzą podstawy odpowiedzialności cywilnej sprawcy szkody na podstawie <xLexLink xArt="art. 436;art. 436 § 1" xIsapId="WDU19640160093" xTitle="Ustawa z dnia 23 kwietnia 1964 r. - Kodeks cywilny" xAddress="Dz. U. z 1964 r. Nr 16, poz. 93">art. 436 § 1 k.c.</xLexLink> w związku z <xLexLink xArt="art. 435;art. 435 § 1" xIsapId="WDU19640160093" xTitle="Ustawa z dnia 23 kwietnia 1964 r. - Kodeks cywilny" xAddress="Dz. U. z 1964 r. Nr 16, poz. 93">art. 435 § 1 k.c.</xLexLink> a także, iż doszło do wyrządzenia szkody powódce, polegającej na uszkodzeniu ciała.</xText>
          <xText>Wobec powyższego pozwany co do zasady jest odpowiedzialny z tytułu szkody wyrządzonej powódce.</xText>
          <xText>W przedmiotowej sprawie nie jest kwestionowana zasada odpowiedzialności pozwanego wynikająca z umowy ubezpieczenia OC łączącej sprawcę szkody z pozwanym zakładem ubezpieczeń; pozwany przyjął swą odpowiedzialność w toku likwidacji szkody i stanowisko to podtrzymywał w pismach procesowych. Spór dotyczy natomiast wysokości zadośćuczynienia i odszkodowania, a więc zakresu odpowiedzialności pozwanego.</xText>
          <xText>W świetle opinii biegłego z zakresu ruchu drogowego nie ulega zdaniem Sądu wątpliwości, iż wyłączną przyczyną wypadku z dnia 28 czerwca 2010r. było nieprawidłowe zachowanie kierującej pojazdem <xAnon>P.</xAnon><xAnon>M. Z.</xAnon>, która za spowodowanie tegoż wypadku komunikacyjnego została skazana prawomocnym wyrokiem sądu karnego. Sąd w postępowaniu cywilnym jest z mocy <xLexLink xArt="art. 11" xIsapId="WDU19640430296" xTitle="Ustawa z dnia 17 listopada 1964 r. - Kodeks postępowania cywilnego" xAddress="Dz. U. z 1964 r. Nr 43, poz. 296">art. 11 k.p.c.</xLexLink> związany ustaleniami tegoż sądu karnego co do popełnienia przestępstwa.</xText>
          <xText>Biegły dokonując wnikliwej analizy zgromadzonego w powyższym zakresie materiału dowodowego wskazał, iż bezpośrednią i zarazem jedyną przyczyną wypadku komunikacyjnego z dnia 23 maja 2011r. było nieprawidłowe zachowanie kierującej pojazdem <xAnon>P.</xAnon><xAnon>M. Z.</xAnon>, która nie zachowała szczególnej ostrożności podczas zmiany kierunku ruchu i zajechała drogę prawidłowo poruszającemu się rowerzyście. Zabezpieczony w aktach sprawy materiał dowodowy i przeprowadzona analiza nie pozwalają na przypisanie kierującemu rowerem powodowi popełnienia błędów w taktyce lub technice jazdy, a tym samym brak jest podstaw do twierdzenia, iż przyczynił się on w jakikolwiek sposób do wypadku i jego skutków.</xText>
          <xText>Sąd podziela w pełni wnioski powyżej opinii, które są na tyle kategoryczne i przekonujące, że wystarczająco wyjaśniają zagadnienia wymagające wiadomości specjalnych, nie zostały także skutecznie podważone przez żadną ze stron procesu.</xText>
          <xText>W świetle powyższych rozważań i przyjętych na jej podstawie ustaleń, co do przebiegu zdarzenia, należy podkreślić, iż wyłącznym sprawcą wypadku jest kierująca pojazdem <xAnon>P.</xAnon>, zaś powodowi w żadnym zakresie nie można postawić zarzutu przyczynienia się do powstania tegoż zdarzenia.</xText>
          
          <xText>
            <xBx>Rozważając zasadność objętych pozwem roszczeń powódki Sąd miał na uwadze przesłanki określone w <xLexLink xArt="art. 445;art. 445 § 1" xIsapId="WDU19640160093" xTitle="Ustawa z dnia 23 kwietnia 1964 r. - Kodeks cywilny" xAddress="Dz. U. z 1964 r. Nr 16, poz. 93">art.  445 § 1 k.c.</xLexLink> i <xLexLink xArt="art. 444;art. 444 § 1" xIsapId="WDU19640160093" xTitle="Ustawa z dnia 23 kwietnia 1964 r. - Kodeks cywilny" xAddress="Dz. U. z 1964 r. Nr 16, poz. 93">art. 444 § 1 k.c.</xLexLink></xBx>
          </xText>
          
          <xText>W świetle <xLexLink xArt="art. 445;art. 445 § 1" xIsapId="WDU19640160093" xTitle="Ustawa z dnia 23 kwietnia 1964 r. - Kodeks cywilny" xAddress="Dz. U. z 1964 r. Nr 16, poz. 93">art. 445 § 1 k.c.</xLexLink> w razie uszkodzenia ciała lub wywołania rozstroju zdrowia sąd może przyznać poszkodowanemu odpowiednią sumę tytułem zadośćuczynienia pieniężnego za doznaną krzywdę.</xText>
          <xText>Ustalenie wysokości zadośćuczynienia powinno zostać natomiast dokonane z uwzględnieniem wszelkich okoliczności mających wpływ na rozmiar doznanej krzywdy oraz to, że zadośćuczynienie ma przede wszystkim charakter kompensacyjny i tym samym jego wysokość winna przedstawiać jakąś odczuwalną wartość- por. przykładowo wyrok SN z dnia 12 kwietnia 1972 roku, II CR 57/72, OSNCP 1972, z. 10, poz. 183 oraz wyrok SN z dnia 24 czerwca 1965 roku, I PR 203/65, OSPIKA 1966, poz. 92).</xText>
          <xText>Rozważając istotę powyższego roszczenia należy mieć na uwadze, iż na rozmiar krzywdy, a w konsekwencji wysokość zadośćuczynienia, składają się cierpienia fizyczne i psychiczne, których rodzaj, natężenie i czas trwania należy każdorazowo określić w okolicznościach konkretnej sprawy. Mierzenie krzywdy wyłącznie stopniem uszczerbku na zdrowiu stanowiłoby niedopuszczalne uproszczenie nie znajdujące oparcia w treści <xLexLink xArt="art. 445;art. 445 § 1" xIsapId="WDU19640160093" xTitle="Ustawa z dnia 23 kwietnia 1964 r. - Kodeks cywilny" xAddress="Dz. U. z 1964 r. Nr 16, poz. 93">art. 445 § 1 k.c.</xLexLink> Zadaniem Sądu jest indywidualne określenie stopnia krzywdy doznanej przez powoda i podjęcie próby przełożenia jej na określoną wartość finansową.</xText>
          <xText>O rozmiarze należnego zadośćuczynienia pieniężnego powinien decydować w zasadzie rozmiar doznanej krzywdy: stopień cierpień fizycznych i psychicznych, ich intensywność i czas trwania, nieodwracalność następstw wypadku i inne podobne okoliczności. Niewymierny w pełni charakter tych okoliczności sprawia, że sąd przy ustalaniu rozmiaru krzywdy i tym samym wysokości zadośćuczynienia ma pewną swobodę. Ocena sądu w tym względzie powinna się opierać na całokształcie okoliczności sprawy, nie wyłączając takich czynników, jak np. wiek poszkodowanego i postawa sprawcy, przy czym określenie wysokości zadośćuczynienia powinno się opierać na obiektywnych i sprawdzalnych kryteriach, kierować się jego celami i charakterem, jednakże przy uwzględnieniu indywidualnej sytuacji stron.</xText>
          <xText>W przedmiotowej sprawie <xBx>powód </xBx>doznał <xBx>21% trwałego </xBx>uszczerbku na zdrowiu, w tym: w zakresie urazu ortopedycznego – 17%, neurologicznego – 2 % oraz w zakresie chirurgii plastycznej – 2%.</xText>
          
          <xText>Szczególnie dotkliwie i pozostawiające trwałe następstwa były dla powoda obrażenia o charakterze ortopedycznym, na skutek których zostały trwałe następstwa zmniejszające w istotny sposób sprawność ruchową powoda. W dacie wypadku powód miał 54 lata, był osobą sprawną ruchowa i w pełni samodzielną. Na skutek obrażeń doznanych w wypadku, tj. wieloodłamowego zmiażdżeniowego wgnieceniowo-rozszczepiennego złamania kłykcia bocznego piszczeli podudzia lewego, w okresie trwającej 17 dni hospitalizacji przeszedł zabieg operacyjny. Wymagał i nadal wymaga rehabilitacji. Stopień cierpień powoda w następstwie urazów doznanych w wypadku był duży przez 3 miesiące, potem średni przez okres ok. 3 miesięcy, po tym okresie i obecnie stopień jest umiarkowany z okresami nasilenia przeciążeniowego z powodu postępującej artrozy pourazowej kolana lewego. Powód, który przed wypadkiem był osobą w pełni samodzielną, po wypadku wymagał pomocy innych osób w samodzielnej czynności życia codziennego ok. 6 godzin dziennie przez 3 miesiące, przez kolejne 3 miesiące po 2 godziny na dobę. Po tym okresie i nadal do dnia dzisiejszego potrzebuje pomocy ok. 2 godziny na dobę z powodu utrzymującego naruszenia funkcji motorycznej kończyny dolnej lewej i postępującej liniowo zwyrodnienia kolana lewego po przebytym złamaniu z uszkodzeniem chrząstki stawowej. Pomocy, którą powodowi świadczyła żona, powód potrzebował przy przygotowaniu posiłków, przemieszczaniu w domu i poza domem, korzystaniu z toalety i wykonywaniu podstawowych czynności życia codziennego, kąpielach i higieny osobistej i załatwienia spraw poza domem.</xText>
          <xText>Nadal utrzymują się u powoda trwałe następstwa przebytego urazu. Powód ma ograniczoną ruchomość kończyny lewej, nie może zginać nogi, uklęknąć, dużą trudność sprawia mu chodzenia po schodach, dłuższe stanie – wówczas odczuwa ból w kolanie. Także podczas chodzenia odczuwa ból kolana. Cały czas używa kuli łokciowej. Nie może jeździć rowerem, ani kierować samochodem. Odczuwa silny lęk nie ruchem ulicznym. Do pracy i na wizyty lekarskie zawozi do żona.</xText>
          <xText>Rokowania co do poprawy stanu zdrowia powoda są niepewne z powodu utrwalonej destrukcji chrzęstno-kostnej bliższej nasady kości piszczelowej po przebytym złamaniu, utrwalonego naruszenia sprawności, dysfunkcji ruchowej kolana lewego oraz z powodu postępującej choroby zwyrodnieniowej pourazowej kolana lewego. Szanse na pełny powrót powoda do zdrowia są nierealne z powodu choroby zwyrodnieniowej pourazowej kolana lewego w związku z dużym uszkodzeniem wewnątrz stawu głównie w obrębie chrząstki i tkanki podchrzęstnej z ubytkami pourazowymi. Obecnie wydolność statyczno-dynamiczna kolana lewego nie jest w pełni dobra z powodu przykurczów i zmian i zwyrodnieniowych o podłożu pourazowym.</xText>
          <xText>Powód odczuwa także dolegliwości związane ze stłuczenie kręgosłupa. Stłuczenie kręgosłupa spowodowało bowiem przejściowe nasilenie wcześniej odczuwanych dolegliwości bólowych kręgosłupa szyjnego. Cierpienia fizyczne z tego powodu były niezbyt dużego stopnia i utrzymywały się przez kilka tygodni.</xText>
          <xText>Obecnie także powód odczuwa się bóle w odcinku lędźwiowo - krzyżowym kręgosłupa. Dolegliwości te wystąpiły wskutek przeciążenia spowodowanego patologicznym schematem chodu (bóle lewego kolana, odciążanie lewej kończyny dolnej). Przeciążenie to nałożyło się na wcześniej istniejące samoistne zmiany zwyrodnieniowe tego odcinka kręgosłupa.</xText>
          <xText>W następstwie przeżytego stresu związanego z wypadkiem powód odczuwa obecnie lęk, wzmożoną nerwowość, co skłoniło go do podjęcie w 2013r. leczenia psychiatrycznego. Obecnie zażywa leki uspokajające i antydepresyjne. Powyższe następstwa wypadku, aczkolwiek nie spowodowały trwałego uszczerbku na zdrowiu, są niewątpliwie związane z przedmiotowym wypadkiem, i stanowią źródło krzywdy powoda, powodując dyskomfort i ograniczenia w codziennym funkcjonowaniu.</xText>
          
          <xText>Mając na uwadze wszystkie opisane powyżej okoliczności <xBx>Sąd zasądził na rzecz powoda kwotę 60.000 zł tytułem zadośćuczynienia, przy uwzględnieniu faktu, iż w toku postępowania likwidacyjnego pozwany wypłacił powodowi kwotę 15.000 zł tytułem zadośćuczynienia.</xBx> W ocenia Sądu tak ustalona kwota uwzględnia zakres doznanej przez powoda krzywdy, cierpień doświadczanych przez niego w następstwie doznanych urazów.</xText>
          <xText>Powód żądał zasądzenia kwoty 135.000 zł tytułem zadośćuczynienia. Sąd oddalił jako nie znajdujące prawnego ani faktycznego uzasadnienia żądanie zadośćuczynienia ponad zasądzoną kwotę 60.000 zł.</xText>
          <xText>O odsetkach o powyższego świadczenia Sąd orzekł na podstawie <xLexLink xArt="art. 481" xIsapId="WDU19640160093" xTitle="Ustawa z dnia 23 kwietnia 1964 r. - Kodeks cywilny" xAddress="Dz. U. z 1964 r. Nr 16, poz. 93">art. 481 k.c.</xLexLink>, zasądzając odsetki ustawowe od dnia 3 grudnia 2011r., tj. od dnia upływu 7-dniowego terminu do spełniania świadczenia określonego w wezwaniu do zapłaty, które zostało doręczone pozwanemu w dniu 25 listopada 2011r. (k. 47).</xText>
          
          <xText>Dokonując ustaleń w zakresie następstw wypadku dla zdrowia poszkodowanego Sąd oparł się na opiniach biegłych: z zakresu ortopedii – <xAnon>R.</xAnon><xAnon>E.</xAnon>, neurologii - <xAnon>B. S. (2)</xAnon>, psychologii <xAnon>M. P.</xAnon>, psychiatrii – <xAnon>B. J.</xAnon>, chirurga plastycznego – <xAnon>T. Z.</xAnon>. Powyższe opinie biegłych są rzetelne, kategoryczne i przekonujące, wystarczająco wyjaśniają zagadnienia wymagające wiadomości specjalnych, a wnioski w nich zawarte nie zostały skutecznie zakwestionowane przez żadną ze stron.</xText>
          
          <xText>Rozważając zasadność roszczenia o zasądzenia na rzecz powoda odszkodowania Sąd miał uwadze normę <xLexLink xArt="art. 444;art. 444 § 1" xIsapId="WDU19640160093" xTitle="Ustawa z dnia 23 kwietnia 1964 r. - Kodeks cywilny" xAddress="Dz. U. z 1964 r. Nr 16, poz. 93">art. 444 § 1 k.c.</xLexLink></xText>
          <xText>Powód przedkładając do akt sprawy faktury na łączna kwotę 3.419,35 zł udowodnił w pełni poniesienie kosztów związanych z wypadkiem , tj. kosztów dojazdu do placówek medycznych w związku z niezbędnym leczeniem i rehabilitacją, kosztów zakupu leków, kosztów leczenia. Powyższa kwota obejmuje także koszt zakupu nowego roweru za sumę 350,00 zł., gdyż poprzedni rower został zniszczony w wyniku wypadku.</xText>
          <xText>O odsetkach o zasądzonego odszkodowania Sąd orzekł na podstawie <xLexLink xArt="art. 481" xIsapId="WDU19640160093" xTitle="Ustawa z dnia 23 kwietnia 1964 r. - Kodeks cywilny" xAddress="Dz. U. z 1964 r. Nr 16, poz. 93">art. 481 k.c.</xLexLink>, zasądzając odsetki ustawowe od dnia 3 grudnia 2011r., tj. od dnia upływu 7-dniowego terminu do spełniania świadczenia określonego w wezwaniu do zapłaty, które zostało doręczone pozwanemu w dniu 25 listopada 2011r. (k. 47).</xText>
          
          <xText>Sąd oddalił powództwo w zakresie <xBx>żądania ustalenia odpowiedzialności pozwanego za skutki wypadku z dnia 23 maja 2011r., jakie mogą ujawnić się w stanie zdrowia powoda w przyszłości</xBx>. Podstawę prawną powyższego żądania stanowi norma <xLexLink xArt="art. 189" xIsapId="WDU19640160093" xTitle="Ustawa z dnia 23 kwietnia 1964 r. - Kodeks cywilny" xAddress="Dz. U. z 1964 r. Nr 16, poz. 93">art. 189 k.c.</xLexLink> Zgodnie <xLexLink xArt="art. 442(1)" xIsapId="WDU19640160093" xTitle="Ustawa z dnia 23 kwietnia 1964 r. - Kodeks cywilny" xAddress="Dz. U. z 1964 r. Nr 16, poz. 93">art. 442 <xSUPx>1</xSUPx> k.c.</xLexLink>, który zawiera w <xLexLink xArt="art. 442(1) § 3" xIsapId="WDU19640160093" xTitle="Ustawa z dnia 23 kwietnia 1964 r. - Kodeks cywilny" xAddress="Dz. U. z 1964 r. Nr 16, poz. 93">§ 3</xLexLink> nową treść normatywną - w razie wyrządzenia szkody na osobie termin przedawnienia nie może skończyć się wcześniej niż z upływem lat trzech od dnia, w którym poszkodowany dowiedział się o szkodzie i osobie zobowiązanej do jej naprawienia. W odniesieniu do szkód na osobie wyeliminowane zatem zostało działanie zasady, że przedawnienie roszczeń o naprawienie szkody wyrządzonej czynem niedozwolonym nie może nastąpić później niż po upływie dziesięciu lat od dnia wyrządzenia szkody (por. <xLexLink xArt="art. 442(1);art. 442(1) § 1" xIsapId="WDU19640160093" xTitle="Ustawa z dnia 23 kwietnia 1964 r. - Kodeks cywilny" xAddress="Dz. U. z 1964 r. Nr 16, poz. 93">art. 442<xSUPx>1</xSUPx> § 1 k.c.</xLexLink>). W takim stanie prawnym można zasadnie twierdzić, że wyeliminowane zostało niebezpieczeństwo upływu terminu przedawnienia roszczenia o naprawienie szkody na osobie wcześniej niż szkoda ta się ujawniła, a zatem utracił znaczenie argument odwołujący się do złagodzenia skutków upływu terminu przedawnienia.</xText>
          <xText>Na podstawie <xLexLink xArt="art. 102" xIsapId="WDU19640430296" xTitle="Ustawa z dnia 17 listopada 1964 r. - Kodeks postępowania cywilnego" xAddress="Dz. U. z 1964 r. Nr 43, poz. 296">art. 102 k.p.c.</xLexLink> Sąd nie obciążył powoda obowiązkiem zwrotu kosztów procesu na rzecz pozwanego. Sąd miał uwadze sytuację materialną powoda, ale także charakter roszczeń objętych procesem.</xText>
          <xText>Na podstawie art. 113 ust. 1 ustawy o kosztach sądowych w sprawach cywilnych w związku z <xLexLink xArt="art. 100" xIsapId="WDU19640430296" xTitle="Ustawa z dnia 17 listopada 1964 r. - Kodeks postępowania cywilnego" xAddress="Dz. U. z 1964 r. Nr 43, poz. 296">art. 100 k.p.c.</xLexLink> i <xLexLink xArt="art. 130(3);art. 130(3) § 2" xIsapId="WDU19640430296" xTitle="Ustawa z dnia 17 listopada 1964 r. - Kodeks postępowania cywilnego" xAddress="Dz. U. z 1964 r. Nr 43, poz. 296">art. 130<xSUPx>3</xSUPx> § 2 k.p.c.</xLexLink>, przyjmując, iż pozwany przegrał proces w 54%, Sąd nakazał pobrać od pozwanego na rzecz Skarbu Państwa – Sądu Okręgowego w Piotrkowie Trybunalskim kwotę 4.729,00 zł tytułem nieuiszczonych kosztów sądowych (54% x 3.365,18 zł tytułem kosztów opinii biegłych oraz 54% x 6.915 zł tytułem opłaty sądowej od pozwu, w tym od rozszerzonej części powództwa)</xText>
          <xText>Na podstawie art. 113 ust. 4 ustawy o kosztach sądowych w sprawach cywilnych Sąd nie obciążył powoda obowiązkiem uiszczenia kosztów sądowych od oddalonej części powództwa – z uwagi na jego sytuację materialną oraz charakter roszczeń objętych procesem w niniejszej sprawie.</xText>
        </xUnit>
      </xBlock>
    </xPart>
  </judgement>
<judgement id="152515000002521_V_P_000008_2011_Uz_2013-12-20_001">
    <xPart xEditorFullName="Izabela Grzybowska" xYear="2011" xLang="PL" xPublisherFullName="Izabela Grzybowska" xFromPg="1" xEditor="grzybowska.i" xVolType="15/251500/0002521/P" xPublisher="grzybowska.i" xDocType="Uz" xVolNmbr="000008" xVersion="1.0" xToPage="1" xFlag="published">
      <xName>Wyrok+Uzasadnienie</xName>
      <xBlock>
        <xText>Sygn. akt VP 8/11</xText>
        <xUnit xBold="true" xType="part" xIsTitle="true">
          <xName>WYROK</xName>
          <xTitle>W IMIENIU RZECZYPOSPOLITEJ POLSKIEJ</xTitle>
          <xText xALIGNx="right">Dnia 20 grudnia 2013 r.</xText>
          
          <xText>Sąd Okręgowy w Piotrkowie Trybunalskim, Wydział V Pracy i Ubezpieczeń Społecznych w składzie:</xText>
          <xText>Przewodniczący  SSO Agnieszka Leżańska</xText>
          
          <xText>Protokolant Cezary Jarocki</xText>
          
          <xText>po rozpoznaniu w dniu 19 grudnia 2013 roku w Piotrkowie Trybunalskim</xText>
          <xText>na rozprawie</xText>
          <xText>sprawy z powództwa <xAnon>D. M. (1)</xAnon></xText>
          
          <xText>przeciwko <xAnon> (...) Spółka z ograniczoną odpowiedzialnością</xAnon> w <xAnon>P.</xAnon> gmina <xAnon>K.</xAnon></xText>
          
          <xText>o zadośćuczynienie i rentę uzupełniającą</xText>
          
          <xUnit xType="none" xIsTitle="false">
            <xName xSffx=".">1</xName>
            <xText>
              <xBx>zasądza od pozwanego <xAnon>(...)</xAnon><xAnon> (...) Spółka z o.o.</xAnon> w <xAnon>P.</xAnon> gmina <xAnon>K.</xAnon>, następcy prawnego <xAnon> Towarzystwa (...)</xAnon> w <xAnon>R.</xAnon> na rzecz powoda <xAnon>D. M. (1)</xAnon> kwotę 69.084,00 (sześćdziesiąt dziewięć tysięcy osiemdziesiąt cztery) złote tytułem zadośćuczynienia wraz z ustawowymi odsetkami od dnia 19 listopada 2009 roku do dnia zapłaty; </xBx>
            </xText>
          </xUnit>
          <xUnit xType="none" xIsTitle="false">
            <xName xSffx=".">2</xName>
            <xText>
              <xBx>zasądza od pozwanego <xAnon>(...)</xAnon><xAnon> (...) Spółka z o.o.</xAnon> w <xAnon>P.</xAnon> gmina <xAnon>K.</xAnon> następcy prawnego <xAnon> Towarzystwa (...)</xAnon> w <xAnon>R.</xAnon> na rzecz powoda <xAnon>D. M. (1)</xAnon> tytułem odszkodowania za okres od dnia 23 czerwca 2008 roku do dnia 31 lipca 2013 roku kwotę 13.956,41 (trzynaście tysięcy dziewięćset pięćdziesiąt sześć) złotych; </xBx>
            </xText>
          </xUnit>
          <xUnit xType="none" xIsTitle="false">
            <xName xSffx=".">3</xName>
            <xText>
              <xBx>oddala powództwo w pozostałym zakresie; </xBx>
            </xText>
          </xUnit>
          <xUnit xType="none" xIsTitle="false">
            <xName xSffx=".">4</xName>
            <xText>
              <xBx>nie obciąża powoda <xAnon>D. M. (1)</xAnon> kosztami postępowania w sprawie od oddalonej części powództwa; </xBx>
            </xText>
          </xUnit>
          <xUnit xType="none" xIsTitle="false">
            <xName xSffx=".">5</xName>
            <xText>
              <xBx>nakazuje pobrać od pozwanego <xAnon>(...)</xAnon><xAnon> (...) Spółka z o.o.</xAnon> w <xAnon>P.</xAnon> gmina <xAnon>K.</xAnon>, następcy prawnego <xAnon> Towarzystwa (...)</xAnon> w <xAnon>R.</xAnon> na rzecz Skarbu Państwa -Sądu Okręgowego w Piotrkowie Trybunalskim kwotę 181,00 (sto osiemdziesiąt jeden) złotych tytułem zwrotu należności wypłaconych tymczasowo z rachunku Skarbu Państwa; </xBx>
            </xText>
          </xUnit>
          <xUnit xType="none" xIsTitle="false">
            <xName xSffx=".">6</xName>
            <xText>
              <xBx>nakazuje pobrać od pozwanego <xAnon>(...)</xAnon><xAnon> (...) Spółka z o.o.</xAnon> w <xAnon>P.</xAnon> gmina <xAnon>K.</xAnon>, następcy prawnego <xAnon> Towarzystwa (...)</xAnon> w <xAnon>R.</xAnon> na rzecz Skarbu Państwa - Sądu Okręgowego w Piotrkowie Trybunalskim kwotę 4.046,40 (cztery tysiące czterdzieści sześć 40/100) złotych tytułem części nieuiszczonej opłaty od pozwu od uwzględnionej części powództwa. </xBx>
            </xText>
          </xUnit>
          
          <xText>
            <xBx>Sygn. akt VP 8/11</xBx>
          </xText>
        </xUnit>
        <xUnit xBold="true" xType="part" xIsTitle="true">
          <xName>UZASADNIENIE</xName>
          <xText>W pozwie z 4 maja 2009 roku, powód <xAnon>D. M. (1)</xAnon> wniósł o zasądzenie na jego rzecz od pozwanego <xAnon> Towarzystwa (...) Spółki z o.o.</xAnon> w <xAnon>R.</xAnon>: - kwoty 50.000 złotych wraz z ustawowymi odsetkami od dnia wniesienia powództwa do dnia zapłaty tytułem zadośćuczynienia za doznane krzywdy fizyczne i psychiczne związane z wypadkiem przy pracy; - renty w kwocie 500 złotych w stosunku miesięcznym płatnej do dnia 10-ego każdego miesiąca, poczynając od dnia wniesienia powództwa; - ustalenie, że pozwany ponosić będzie odpowiedzialność za szkody mogące powstać w przyszłości z powodu błędów i zaniedbań w sztuce lekarskiej oraz o zasądzenie kosztów postępowania.</xText>
          <xText>Postanowieniem z dnia 18.09.2009 roku, Sąd zwolnił powoda od kosztów postępowania w całości (k-38).</xText>
          
          <xText xALIGNx="left"> W odpowiedzi na pozew z dnia 26 listopada 2009 roku, pełnomocnik pozwanego wniósł o oddalenie powództwa i zasądzenie na rzecz pozwanego od powoda kosztów postępowania w sprawie (k-42). W uzasadnieniu powyższego pisma pełnomocnik pozwanej Spółki podniósł zarzut przyczynienia się powoda do wypadku w pracy, albowiem <xAnon>D. M. (1)</xAnon>, zdaniem pozwanego pracodawcy, nie zachował należytej ostrożności przy wykonywaniu pracy na stanowisku operatora wydmuchiwarki <xAnon>S.</xAnon>. W ocenie pozwanego bowiem, nawet przyjęcie, iż powód był osobą nierzetelnie zaznajomioną z zasadami BHP, nie zwalniało go z obowiązku przestrzegania zasady dbałości o własne życie oraz zdrowie i niedokonywanie żadnych czynności naprawczych przy włączonym i działającym urządzeniu, w szczególności przez wkładanie ręki w obręb działania prasy. Skutkiem naruszenia przez powoda powyższej zasady było zaciśnięcie ręki przez prasę, co doprowadziło do powstania uszczerbku na jego zdrowiu. Nadto pełnomocnik pozwanego wniósł o uwzględnienie przy ocenie wysokości należnego powodowi zadośćuczynienia wypłaconego mu jednorazowego odszkodowania z tytułu 44% uszczerbku na zdrowiu, będącego następstwem wypadku przy pracy w dniu 23.06.2007 roku przez Zakład Ubezpieczeń Społecznych. Odnosząc się do żądania powoda w zakresie zasądzenia na jego rzecz renty (renty uzupełniającej) pozwany wskazał, nie wykazał on w żaden sposób, iż nastąpiły przesłanki uprawniające do przyznania mu renty, nadto podniósł, iż proponował powodowi zatrudnienie, którym jednak strona powodowa nie była zainteresowana złożoną propozycją. Powyższą okoliczność, zdaniem pozwanego, należy cenić w płaszczyźnie przyczynienia się poszkodowanego do zwiększenia szkody (art. 362 k.c), albowiem skoro powód miał możliwość zatrudnienia, pomimo posiadanego uszczerbku na zdrowiu i go nie podjął, to obecnie nie może żądać renty ( w tym zakresie pozwany powołał się na pogląd Sądu Najwyższego zawarty w wyroku z 14.12.2004 r. II CK249/04 ( LEX 284685). Nadto w piśmie procesowym z dnia 1 grudnia 2009 roku, pełnomocnik pozwanego wskazał, iż wobec brzmienia art. 237<xSUPx>
    
    1</xSUPx> § 1 k.p., brak jest możliwości dochodzenia przez powoda roszczeń uzupełniających na zasadach prawa cywilnego (k-62).</xText>
          <xText xALIGNx="left"> W piśmie procesowym z dnia 25.11.2009 roku, pozwany wniósł o przypozwanie <xAnon>(...)</xAnon>S.A. w <xAnon>W.</xAnon> Oddział w <xAnon>Ł.</xAnon> (k-58), który jednak nie przystąpił do sprawy.</xText>
          <xText xALIGNx="left"><xUx>W piśmie procesowym z dnia 10.01.2011 roku</xUx>, pełnomocnik powoda zmodyfikował roszczenie wnosząc o zasądzenie na rzecz powoda: - kwoty 55.000 złotych tytułem zadośćuczynienia wraz z ustawowymi odsetkami od dnia wniesienia powództwa do dnia zapłaty, -kwoty po 1.500 złotych miesięcznie tytułem renty, począwszy od dnia 23.06.2007 roku do dnia 22.12.2007 roku wraz z ustawowymi odsetkami od dnia wniesienia powództwa do dnia zapłaty oraz  kwoty po 500 złotych miesięcznie tytułem renty, począwszy od dnia 23.12.2007 roku i na przyszłość wraz z ustawowymi odsetkami od dnia wniesienia powództwa do dnia zapłaty ( k-187a-189).</xText>
          <xText xALIGNx="left"><xBx>W piśmie procesowym z dnia 10 lutego 2011 roku</xBx>, pełnomocnik powoda ponownie zmodyfikował roszczenie wnosząc o :</xText>
          <xText xALIGNx="left"> - zasądzenie od pozwanego na rzecz powoda kwoty 95.000 złotych tytułem zadośćuczynienia wraz z ustawowymi odsetkami od dnia wniesienia powództwa do dnia zapłaty;</xText>
          <xText xALIGNx="left">- zasądzenie na rzecz powoda kwoty 19.585,80 złotych tytułem kompensaty kosztów wywołanych wypadkiem, poniesionych w okresie od 23.06.2007 r. do 22.06.2008 r.;</xText>
          <xText xALIGNx="left"> - zasądzenie na rzecz powoda kwoty 72.000 złotych tytułem skapitalizowanej renty za okres od dnia 23 czerwca 2008 roku do dnia 22 czerwca 2018 roku:</xText>
          <xText xALIGNx="left">- ustalenie, że pozwany pracodawca ponosić będzie odpowiedzialność za szkody mogące powstać w przyszłości, będące następstwem wypadku, jakiemu uległ powód (k-224).</xText>
          <xText xALIGNx="left">W piśmie procesowym z dnia 1 marca 2011 roku, pełnomocnik pozwanego wniósł o oddalenie powództwa oraz podniósł zarzut przedawnienia w zakresie roszczenia rozszerzonego przez powoda tj. kwoty 19.585,80 złotych tytułem kompensaty kosztów wywołanych wypadkiem, poniesionych w okresie od 23.06.2007 r. do 22.06.2008 roku; - kwoty 45 000,00 zł tytułem zwiększenia zadośćuczynienia w stosunku do żądania zawartego w pozwie z dnia 27.04.2009 roku oraz w zakresie żądania kwoty 6.600, 00 zł tytułem skapitalizowanej renty za okres od czerwca 2008 r. do maja 2009 r. ( wytoczenie powództwa) oraz kwoty 10.900, 00 zł tytułem zwiększenia o 100 zł pierwotnie dochodzonej renty uzupełniającej ( 500 zł), a następnie skapitalizowanej przez powoda za okres od daty wytoczenia powództwa do 22.06.2018 roku ( k-242-244).</xText>
          <xText xALIGNx="left">Postanowieniem z dnia 14 marca 2011 roku, Sąd Rejonowy w Bełchatowie stwierdził swoją niewłaściwość i sprawę przekazał Sądowi Okręgowemu w Piotrkowie Tryb. jako właściwemu do rozpoznani sprawy (k-252).</xText>
          <xText xALIGNx="left"><xBx>W piśmie procesowym z dnia 13 maja 2011 roku,</xBx> pełnomocnik powoda ponownie zmodyfikował roszczenie wnosząc dodatkowo o ustalenie, że pozwany ponosić będzie odpowiedzialność za szkody mogące powstać w przyszłości z powodu błędów i zaniedbań w sztuce lekarskiej, a nadto cofnął powództwo w zakresie żądania kwoty po 500 złotych miesięcznie tytułem renty uzupełniającej począwszy od dnia 23 grudnia 2007 roku i na przyszłość (k-261).</xText>
          <xText xALIGNx="left"><xBx>W piśmie procesowym z dnia 16 września 2013 roku</xBx>, pełnomocnik powoda ponownie zmodyfikował roszczenie wnosząc o :</xText>
          <xText xALIGNx="left"> - zasądzenie od pozwanego na rzecz powoda kwoty 95.000 złotych tytułem zadośćuczynienia wraz z ustawowymi odsetkami od dnia wniesienia powództwa do dnia zapłaty;</xText>
          <xText xALIGNx="left">- zasądzenie na rzecz powoda kwoty 88.615,21 złotych tytułem odszkodowania za uszczerbek w majątku powoda powstały w okresie od 23.06.2008 r. do 31.07.2013 r.;</xText>
          <xText xALIGNx="left"> - zasądzenie na rzecz powoda kwoty 86.140,66 złotych tytułem skapitalizowanej renty za okres od dnia 1 sierpnia 2013 roku do dnia 22 czerwca 2018 roku:</xText>
          <xText xALIGNx="left">- ustalenie, że pozwany pracodawca ponosić będzie odpowiedzialność za szkody mogące powstać w przyszłości, będące następstwem wypadku, jakiemu uległ powód;</xText>
          <xText xALIGNx="left">- ustalenie, że pozwany ponosić będzie odpowiedzialność za szkody mogące powstać w przyszłości z powodu błędów i zaniedbań w sztuce lekarskiej, (k-542).</xText>
          <xText xALIGNx="left">W piśmie procesowym z dnia 08.10.2013 roku, pełnomocnik pozwanego wniósł o oddalenie powództwa i zasądzenie na rzecz pozwanego od powoda kosztów postępowania w sprawie (k-543).</xText>
          <xText xALIGNx="left">Sąd Okręgowy postanowieniem z dnia 8 grudnia 2011 roku zawiadomił o toczącym się procesie <xAnon>(...)</xAnon>S.A. w <xAnon>W.</xAnon>, który nie przystąpił do sprawy w charakterze interwenienta ubocznego po stronie pozwanej (k-236).</xText>
          
          <xText>
            <xBx>Sąd Okręgowy ustalił następujący stan faktyczny:</xBx>
          </xText>
          
          <xText xALIGNx="left">Powód <xAnon>D. M. (1)</xAnon> w dniu 01.06.2007 roku zawarł z pozwanym <xAnon> Towarzystwem (...) sp. z o.o.</xAnon> w <xAnon>R.</xAnon> umowę o pracę na próbny okres 3 miesięcy. Zaświadczeniem lekarskim z dnia 29.05.2007 roku, powód został uznany za zdolnego do pracy na stanowisku pracownika serwisu - operatora wydmuchiwarki w okresie 3 lat (dowód: umowa o pracę k-72 akt IIK 145/08). Powód nie został zapoznany z instrukcją obsługi widmuchiwarki, nie został prawidłowo przeszkolony w zakresie bezpieczeństwa i higieny pracy przed dopuszczeniem do pracy, w tym nie został prawidłowo przeszkolony przez inspektora BHP na stanowisku pracy przy obsłudze maszyny – wydmuchiwarki <xAnon>S.</xAnon><xAnon>(...)</xAnon>, podpisał jedynie przedłożone mu dokumenty, potwierdzające fakt odbycia tychże szkoleń. <xAnon>D. M. (1)</xAnon> został jedynie przyuczony do pracy na przedmiotowej maszynie przez innego pracownika obsługującego tę maszynę <xAnon>D. M. (2)</xAnon>. Pracownik ten wykonywał czynności przy maszynie, a powód się im przyglądał. W czasie tego „przeszkolenia” maszyna zatrzymała się awaryjnie tylko raz, tak więc <xAnon>D. M. (3)</xAnon> wyjaśnił powodowi czynności, jakie należy wówczas podjąć, jedynie w zakresie tej konkretnej awarii. <xAnon>D. M. (3)</xAnon> nie informował powoda, jakie czynności należy podjąć w przypadku wypadnięcia butelki w czasie ruchu maszyny. Powód miał pracować pod nadzorem starszego operatora <xAnon>J. R. (1)</xAnon> (dowód: zeznania świadków: <xAnon>D. M. (2)</xAnon> k-121, <xAnon>J. R. (1)</xAnon> k-121, zeznania powoda k-566 00:09:26, protokół kontroli PIP k- 43 akt IIK 145/08). W pozwanej Spółce funkcje starszego inspektora BHP pełnił <xAnon>J. G. (1)</xAnon>, który w dacie wypadku nie posiadał ważnego szkolenia okresowego dla pracowników służby BHP, w związku z czym nie powinien pełnić funkcji pracownika służby BHP . <xAnon>S. S. (1)</xAnon>, którego podpis widnieje na dokumencie karty szkolenia wstępnego BHP powoda nie posiadał uprawnień do przeprowadzenia instruktażu stanowiskowego ( dowód; umowa o pracę k-74, certyfikat k-64 , karta szkolenia wstępnego k-11 akt IIK 145/08).</xText>
          <xText xALIGNx="left"><xAnon>J. R. (1)</xAnon> pracował razem z powodem na stanowisku obsługi wydmuchiwarki przez okres około dwóch tygodni, przy czym na stanowisku znajdowały się dwie maszyny. <xAnon>J. R. (1)</xAnon> musiał więc wykonywać czynności przy obsłudze swojej maszyny i jednocześnie nadzorować pracę powoda. Pracownik przekazywał powodowi informacje dotyczące obłogi maszyny, jakie sam uzyskał wcześniej od swojego poprzednika. Powód nie przeszedł żadnego innego przeszkolenia stanowiskowego. W dniu 23 czerwca 2007 roku <xAnon>J. R. (1)</xAnon> obsługiwał drugą maszynę i w chwili wypadku nie nadzorował pracy powoda. Nie widział również przebiegu wypadku, usłyszał dopiero krzyk powoda (dowód: zeznania świadka: <xAnon>J. R. (1)</xAnon> k-121, zeznania powoda 00: 09:45, 00:10:04 k-566).</xText>
          <xText xALIGNx="left"> W pozwanym zakładzie pracy funkcjonowała praktyka przyuczania nowego pracownika do obsługi wydmuchiwarki przez starszego operatora (dowód: zeznania świadków: <xAnon>D. M. (2)</xAnon> k-121, <xAnon>J. R. (1)</xAnon> k-121 ).</xText>
          <xText xALIGNx="left"><xAnon>D. M. (1)</xAnon> w dniu 23 czerwca 2007 roku, uległ wypadkowi przy pracy na terenie zakładu pozwanego pracodawcy. W tym dniu rozpoczął pracę na III, nocnej zmianie o godzinie 23.00. Maszynę przejął od pracownika II zmiany, maszyna była w ruchu. Około godziny 24.30 powód stał przy maszynie i usuwał drobne usterki, polegające na regulacji wózków podtrzymujących preformy z których powstawały butelki. Czynności te miały zapobiec zatrzymaniu się maszyny. W pewnym momencie, powód regulując wózki podtrzymujące preformy zauważył, że jedna z butelek wypadła na dno formy i zalegała. Powód chcąc zapobiec zatrzymaniu się maszyny sięgnął lewą ręką po leżącą na dnie formy butelkę, w tym momencie jego ręka znalazła się w strefie docisku dwóch połówek formy do wydmuchiwania butelek wydmuchiwarki typu <xAnon>S.</xAnon>. Ręka powoda została zakleszczona w prasie (okoliczność bezsporna). W czasie przedmiotowego zdarzenia drzwiczki osłony strefy roboczej wydmuchiwarki były otwarte, co umożliwiało wykonanie czynności, która przy sprawnej technicznie maszynie byłoby niemożliwe tj. operowanie dłonią w przestrzeni niebezpiecznej, docisku formy, między połówkami formy w czasie trwania cyklu produkcyjnego. Drzwiczki osłony były otwarte podczas pracy maszyny, ponieważ nie działało należycie urządzenie ochronne w postaci, co najmniej jednego mikrowyłącznika tzw. wyłącznika krańcowego. Rolą wyłącznika jest natychmiastowe przerwanie cyklu pracy maszyny, bez względu na jakim jest ona etapie oraz uniemożliwienie ponownego uruchomienia maszyny w określonym położeniu wyłącznika. Wyłącznik ten nie może być pominięty w cyklu produkcji bez ingerencji w strukturę techniczną maszyny poprzez tzw. mostkowanie lub zblokowanie. „Mostkowanie” polega na takiej zmianie połączeń elektrycznych mikrowyłącznika, aby obwody sterowania nie reagowały na zmiany jego stanu, zblokowanie polega zaś na mechanicznej ingerencji w strukturę wyłącznika. Oględziny maszyny po wypadku nie stwierdziły istnienia śladów „mostkowania”, przyczyną odłączenia wyłącznika krańcowego było jego zablokowanie (dowód: opinia biegłego z zakresu BHP <xAnon>W. K.</xAnon> k-201-203 akt sprawy IIK 145/08, zeznania powoda 00:11:54-11:18, 00:13:00, 00:13:36 k-566).</xText>
          <xText xALIGNx="left"><xBx>
    Bezpośrednią przyczyną wypadku przy pracy</xBx>, jakiemu w dniu 23 czerwca 2007 roku, uległ <xAnon>D. M. (1)</xAnon>, było operowanie dłonią w strefie niebezpiecznej wydmuchiwarki <xAnon>S.</xAnon>, tj. w przestrzeni niebezpiecznej, docisku formy, między połówkami formy w czasie trwania cyklu produkcyjnego, co stanowiło naruszenie zakazu pracy w strefie niebezpiecznej w rozumieniu przepisu §1 pkt 3 rozporządzenia Ministra Gospodarki z dnia 30 października 2002r., w sprawie minimalnych wymagań dotyczących bezpieczeństwa i higieny pracy w zakresie użytkowania maszyn przez pracowników podczas pracy (Dz.U. z 2002r., nr 191, poz.1596 z późn. zm.) oraz niesprawność techniczna maszyny, polegająca na ingerencji w strukturę techniczną maszyny, powodująca nie działanie zabezpieczeń przed dostępem do strefy niebezpiecznej maszyny. Nadto pozwany pracodawca <xUx>
    przyczynił się do powstania wypadku przy pracy powoda w dniu 23 czerwca 2007 roku poprzez to, że:</xUx></xText>
          <xText xALIGNx="left">- nie zorganizował pracy w sposób nie zapewniający bezpiecznych i higienicznych warunków pracy oraz nie zapewnił przestrzegania w zakładzie pracy przepisów bezpieczeństwa i higieny pracy, czym naruszył  art. 212 k.p., art.207§2 pktl) i 2) kp. oraz §55 ust.l rozporządzenia w sprawie ogólnych przepisów bezpieczeństwa i higieny pracy, w zw<xBx><xIx>. z </xIx></xBx>§2 ust.l i 2, §15 ust.3 i 4 rozporządzenia w sprawie minimalnych wymagań dotyczących bezpieczeństwa i higieny pracy w zakresie użytkowania maszyn przez pracowników podczas pracy, poprzez nie podjęcie działań w celu zapewnienia, aby maszyna użytkowana w zakładzie nie stanowiła zagrożenia dla zdrowia i życia pracowników, (Tekst jedn. Dz.U. z 1998r., nr 21, poz.94 z późn. zm);</xText>
          <xText xALIGNx="left">- nie poinformował powoda o poziomie ryzyka na stanowisku obsługi wydmuchiwarki <xAnon>S.</xAnon> oraz nie poinformował go o sposobie ochrony przed zagrożeniami związanymi z tą pracą, czym pozwany naruszył art.226 pkt 2 ustawy z dnia 26 czerwca 1974r., Kodeks pracy (Tekst jedn. Dz.U. z 1998r., nr 21, poz.94 z późn. zm.). Zgodnie bowiem z treścią art.226 k.p. pracodawca informuje pracowników o ryzyku zawodowym, które wiąże się z wykonywaną pracą, oraz o zasadach ochrony przed zagrożeniami.</xText>
          <xText xALIGNx="left">- nie zaznajomił powoda z przepisami bezpieczeństwa i higieny pracy na stanowisku obsługi wydmuchiwarki <xAnon>S.</xAnon>, w tym z zakazem operowania rękami w strefie niebezpiecznej maszyny, a to w przestrzeni niebezpiecznej, docisku formy, między połówkami formy w czasie trwania cyklu produkcyjnego przez to, że nie zaznajomił powoda z przepisami szczegółowej instrukcji bezpieczeństwa i higieny pracy na stanowisku obsługi wydmuchiwarki, naruszając tym sposobem art.237<xSUPx>
    4</xSUPx> §1 ustawy z dnia 26 czerwca 1974r., Kodeks pracy - będąc pracodawcą powoda, nie zorganizował pracy na stanowisku obsługi wydmuchiwarki w sposób zapewniający bezpieczne i higieniczne warunki tej pracy przez to, że dopuścił powoda do pracy, do której wykonywania nie posiadał on dostatecznej znajomości przepisów bezpieczeństwa i higieny pracy, w tym zakazu operowania rękami w strefie niebezpiecznej maszyny, czym pozwany naruszył art.207 §2 pkt 1 ustawy z dnia 26 czerwca 1974r., Kodeks pracy (Tekst jedn. Dz.U. z 1998r., nr 21, poz.94 z późn. zm.), w związku z naruszeniem art.237<xSUPx>
    3</xSUPx> §1 tejże ustawy;</xText>
          <xText xALIGNx="left">- nie poinformował powoda o poziomie ryzyka na stanowisku obsługi wydmuchiwarki <xAnon>S.</xAnon>, oraz nie poinformował go o sposobie ochrony przed zagrożeniami związanymi z tą pracą, czym pozwany naruszył art.226 pkt 2 ustawy z dnia 26 czerwca 1974r., Kodeks pracy (Tekst jedn. Dz.U. z 1998r., nr 21, poz.94 z późn. zm.). Zgodnie bowiem z treścią art.226 k.p. pracodawca informuje pracowników o ryzyku zawodowym, które wiąże się z wykonywaną pracą, oraz o zasadach ochrony przed zagrożeniami.</xText>
          <xText xALIGNx="left"> Maszyna <xAnon> (...)</xAnon><xAnon>(...)</xAnon> była maszyną starą z 1992 roku, nie była sprawna technicznie, albowiem nie była wyposażona w działające zabezpieczenia strefy niebezpiecznej tj. jej wyłączniki krańcowe były niesprawne (dowód: wyrok Sądu Rejonowego w Bełchatowie z dnia 19.12.2008 roku, w sprawie sygn. akt IIK 145/08, Protokół PIP k-12, opinia biegłego z zakresu BHP <xAnon>W. K.</xAnon> k-201-203 akt sprawy IIK 145/08, zeznania powoda 00:07:50, 08:20). Maszyna nie była wyposażona w instrukcję BHP dotyczącą jej obsługi oraz dokumentacji techniczno-ruchowej DTR-ki w języku polskim (dowód: nakaz k-37 akt IIK 145/08).</xText>
          <xText xALIGNx="left">Powód nie został również zaznajomiony z DTR (dokumentacją techniczno- ruchową) maszyny oraz z oceną ryzyka zawodowego na stanowisku pracy przy obsłudze wydmuchiwarki <xAnon> (...)</xAnon><xAnon>(...)</xAnon> (dowód: akta osobowe powoda ).</xText>
          <xText>W dniu 11 lipca 2007 roku sporządzono protokół ustalenia przyczyn zaistniałego w dniu 23 czerwca 2007 roku wypadku. W dniu 9 sierpnia 2007 roku Państwowa Inspekcja Pracy wydała nakaz zobowiązujący pozwanego pracodawcę do: - opracowania i udostępnienia pracownikom instrukcji bezpieczeństwa i higieny pracy dotyczącej wydmuchiwarek <xAnon> (...)</xAnon> i <xAnon>(...)</xAnon>; - opracowania i udostępnienia pracownikom dokumentacji techniczno-ruchowej DTR-ki w języku polskim dotyczącej wydmuchiwarek <xAnon> (...)</xAnon> i <xAnon>(...)</xAnon> (dowód: nakaz k-37 akt IIK 145/08). W wystąpieniu z dnia 09.08.2007 roku PIP zobowiązała pozwaną spółkę do przeprowadzenia szkoleń nowo zatrudnionych pracowników z zakresu bezpieczeństwa i higieny pracy oraz szkoleń stanowiskowych (dowód: wystąpienie k-39 akt IIK 145/08).</xText>
          <xText>W dniu 14 września 2007 roku sporządzono protokół ustalenia przyczyn zaistniałego w dniu 23 czerwca 2007 roku wypadku, w którym ustalono, iż przyczynami wypadku były: - nie działająca lub zmostkowana krańcówki osłony, nadto brak dostatecznego nadzoru nad wykonywaną pracą przez pracownika, - ingerencja w mechanizm maszyny po jej uruchomieniu oraz niewyłącznie maszyny przed wykonywaną czynnością. Nadto stwierdzono, że przyczyną wypadku było również naruszenie przez poszkodowanego pracownika przepisów dotyczących ochrony życia i zdrowia w szczególności KP Art. 211 p.2 i 3 tj. pracownik zobowiązany jest:</xText>
          <xText>- wykonywać pracę w sposób zgodny z przepisami i zasadami bezpieczeństwa i higieny pracy oraz stosować się do wydanych w tym zakresie poleceń i wskazówek przełożonych.</xText>
          <xText>- dbać o należny stan maszyn, urządzeń, narzędzi i sprzętu oraz o porządek i ład w miejscu pracy;</xText>
          <xText>- nieprzestrzeganie regulaminu pracy <xAnon>(...)</xAnon><xAnon> (...)</xAnon> &amp; 5 pkt. 1 i 4, zgodnie z którymi do podstawowych obowiązków pracownika należy:</xText>
          <xText>-wykonywanie pracy sumiennie i starannie oraz stosowanie się do poleceń przełożonych, które dotyczą pracy.</xText>
          <xText>-przestrzeganie przepisów oraz zasad bezpieczeństwa i higieny pracy, a także przepisów przeciwpożarowych. Powód nie wyraził zgody na podpisanie powyższego protokołu i zgłosił zastrzeżenia do jego treści (dowód: protokół powypadkowy k- 14,17,18,21).</xText>
          <xText xALIGNx="left">W dniach 3-13 września 2007 roku, na wniosek powoda, w celu ustalenia okoliczności wypadku przy pracy <xAnon>D. M. (1)</xAnon>, przeprowadzono powtórne oględziny wydmuchiwarki <xAnon>S.</xAnon><xAnon>(...)</xAnon>oraz symulację wypadku zaciśnięcia ręki w formie maszyny, po dokonaniu których to czynności sporządzono w dniu 14.09.2007 roku powtórny protokół w którym ustalono, iż :</xText>
          <xText xALIGNx="left">- przyczyną wypadku była próba usunięcia ze strefy zaciskania formy leżącej w niej butelki tuż przed cyklem wydmuchu butelek. Maszynę uruchamiał poszkodowany po jej awaryjnym zatrzymaniu spowodowanym przez tą butelkę, co nie pozwoliło zaryglować formy; wykonane zdjęcia otwartej formy wskazują wyraźnie, że na denku formy leży zgnieciona butelka, a wprowadzone do formy preformy nie są wydmuchane. Na podstawie powyższego stwierdzono, że przyczyną awaryjnego poprzedniego zatrzymania się maszyny było spadnięcie butelki z wózka i zakleszczenie jej w formie. Procesem uruchomienia produkcji po takiej awarii steruje komputer, który nie pozwala na zaciśnięcie formy dopóki nie zostaną wyprowadzone z maszyny preformy znajdujące się w piecu; musi nastąpić rozgrzanie grzałek, wtedy operator świadomie załącza ładowanie preform, które zostają wprowadzone do pieca i po trzynastu cyklach preformy zostają wprowadzone do formy. Okres wyprowadzania, rozgrzania i wprowadzania preform trwa około 3 minut i w tym czasie forma pozostaje otwarta. Analiza procesu uruchamiania i wyjaśnienie przyczyn powstania wypadku pozwoliły zdaniem Komisji stwierdzić, że operator nie usunął butelki przed ponownym rozruchem maszyny, który trwał ok. 3 minut, a próbował tą butelkę usunąć ułamek sekundy przed pierwszym zamknięciem formy w cyklu, który sam uruchomił. Operacje tą wykonywał przy otwartej osłonie , w związku z czym wyłącznik drzwiowy musiał nie zadziałać lub być zmostkowany. Operator poprzedniej zmiany, <xAnon>D. M. (2)</xAnon>, oświadczył przy tym, iż maszynę przekazał na ruchu ze sprawnymi i kompletnymi osłonami. Nadto komisja wskazała, iż podczas symulacji wypadku na maszynie powód twierdził, że nie jest to ta sama maszyna, na której pracował, jak również zmienił zeznanie odnośnie osłony, albowiem nie pamiętał, czy osłona była na maszynie, czy nie oraz stwierdził, że po zaciśnięciu ręki sięgnięcie do wyłącznika jest prawie niemożliwe. W pierwszym zeznaniu podawał, że otworzył drzwiczki, w drugim, że były zdjęte. Powód twierdził również, że pozostawiono go bez opieki i przez cały czas pracował sam na dwóch maszynach, co jest zdaniem Komisji niezgodne z prawdą, ponieważ raporty ruchu maszyny są podpisane przez powoda oraz <xAnon>J. R.</xAnon>. Ponadto Komisja wskazała, iż twierdzenie poszkodowanego o naprawach w ruchu, czyli podczas zamykania i otwierania formy nie mają podstaw technicznych, gdyż cykl wydmuchania 4 butelek trwa ok. 4 sekund, czyli jest to czas nie wystarczający na regulacje, zwłaszcza, że na wózku znajduje się butelka. Natomiast prace takie przeprowadza się przy obracającym się łańcuchu przy pustym cyklu, a to oznacza że, forma jest zablokowana i się nie zamyka.</xText>
          <xText>W związku z powyższym, Komisja stwierdziła, iż bezpośrednią przyczyną wypadku było włożenie ręki przy otwartych drzwiach, zaś biorąc pod uwagę, iż operator ze zmiany poprzedzającej wypadek oświadczył, że maszynę pozostawił sprawną z zamkniętymi, działającymi osłonami oraz twierdzenie poszkodowanego w zeznaniu z dnia 12.09.2007 roku, że współpracujący z nim operator, <xAnon>J. R. (1)</xAnon>, był nieobecny podczas wypadku, można podejrzewać, że w chwili otwarcia osłony krańcówka albo nie zadziałała prawidłowo wyłączając maszynę albo poszkodowany sam, bez niczyjej wiedzy, zdjął zabezpieczenie. Konkludując Komisja wskazała, iż winę za wypadek w znacznej mierze ponosi sam poszkodowany, ponieważ po awaryjnym zatrzymaniu maszyny nie usunął przyczyny awarii, a jeżeli drzwiczki były otwarte, nie powinien operować w strefie pracy formy. Nie można bowiem, zdaniem Komisji, przypadkowo włożyć ręki do formy, ponieważ dostęp do formy ogranicza konstrukcja obudowy maszyny, więc ruch ręki powoda w strefę pracy formy był całkowicie świadomy (dowód; protokół powypadkowy k-15,16).</xText>
          <xText xALIGNx="left">W dniu 7 września 2007 roku, Państwowa Inspekcji Pracy w <xAnon>P.</xAnon><xAnon>(...)</xAnon>przeprowadziła kontrolę w <xAnon> Towarzystwie (...) Sp. z o.o.</xAnon><xAnon>(...)-(...) K.</xAnon> - <xAnon>R.</xAnon>. <xUx>
    
    W czasie kontroli potwierdziły się zarzuty nierzetelnego przeprowadzenia wstępnego szkolenia z zakresu bezpieczeństwa i higieny pracy oraz brak instrukcji bhp przy wydmuchiwarkach <xAnon>S.</xAnon> .</xUx> W dniu kontroli wydmuchiwarka <xAnon>S.</xAnon>, na której doszło do wypadku, była już wyłączona z eksploatacji. Na polecenie kontrolera PIP została uruchomiona, lecz ten nie stwierdził nieprawidłowości w jej działaniu, wskazując, iż ustalenie w dniu kontroli stanu wyłączników krańcowych w maszynie jest niemożliwe. Ostatecznie kontroler PIP, jako przyczyny zaistniałego w dniu 23 czerwca 2007 roku wypadku, uznał: -niewłaściwe naprawy i remonty; - brak nadzoru nad wykonywaną pracą; - nieznajomość przepisów i zasad bhp przez poszkodowanego; - niewłaściwe szkolenie wstępne oraz brak instrukcji bhp; -niewłaściwe operowanie kończynami w strefie zagrożenia; - usunięcie leżącej w formie butelki, nie będąc pewnym, czy wydmuchiwarka jest wyłączona; - nieznajomość zagrożenia (dowód; protokół kontroli PIP k-12).</xText>
          <xText><xBx>Sąd Rejonowy w Bełchatowie w II Wydziale Karnym</xBx>, wyrokiem z dnia 19 grudnia 2008 roku, wydanym w sprawie sygn. akt IIK 145/08, na postawie art. 66§1i§2 k.k., art. 67§1 k.k. i art. 67§3 k.k. w zw. z art. 72§1 pkt 1 k.k. warunkowo umorzył postępowanie karne wobec <xBx><xAnon>L. W.</xAnon></xBx> oskarżonego o to, że w dniu 23 czerwca 2007r. w <xAnon>R.</xAnon>, <xUx>będąc Prezesem Zarządu <xAnon> Towarzystwa (...)</xAnon>, o</xUx>sobą odpowiedzialną za stan bezpieczeństwa i higieny pracy w zakładzie pracy nie dopełnił wynikających stąd obowiązków poprzez:</xText>
          <xText>- <xBx>nie zapewnienie organizacji pracy w sposób zapewniający bezpieczne i higieniczne warunki pracy, </xBx></xText>
          <xText>
            <xBx>- nie zapewnienie przestrzegania w zakładzie pracy przepisów i zasad z zakresu bhp oraz </xBx>
          </xText>
          <xText><xBx>
    
    
    
    
    
    
    
    
    
    
    - nie zapewnienie maszyny <xAnon>S.</xAnon><xAnon>(...)</xAnon> sprawnej technicznie</xBx>, narażając tym zatrudnionego pracownika na bezpośrednie niebezpieczeństwo utraty życia, albo ciężkiego uszczerbku na zdrowiu i w sposób istotny przyczynił się do zaistniałego w dniu 23 czerwca 2007r. na terenie <xAnon> Towarzystwa (...)</xAnon> w <xAnon>R.</xAnon>, gm. <xAnon>K.</xAnon> wypadku przy pracy, jakiemu uległ zatrudniony przez niego pracownik <xAnon>D. M. (1)</xAnon>, który obsługując niesprawną technicznie maszynę<xAnon>S.</xAnon><xAnon>(...)</xAnon> wskutek <xBx>
    
    
    
    
    
    
    
    
    
    
    braku potrzebnych umiejętności i dostatecznej znajomości przepisów i zasad bhp, a także braku nadzoru nad jego pracą</xBx> niewłaściwie operował kończyną w strefie niebezpiecznej, bez uprzedniego usunięcia zagrożenia, co spowodowało, iż doznał urazu ręki lewej w postaci ran miażdżonych i szarpanych śródręcza lewego, a w następstwie tego amputacji 4 palców dłoni lewej, co należy traktować jako ciężkie kalectwo<xBx>
    
    
    
    
    
    
    
    
    
    
    , </xBx>tj. o czyn z art. 220§1 k.k. w zbiegu z art. 156§2 k.k. w zw. z art. 11 §2 k.k. oraz o to, że w dniu 23 czerwca 2007r. w <xAnon>R.</xAnon>, będąc Prezesem Zarządu <xAnon> Towarzystwa (...)</xAnon>, osobą odpowiedzialną za niezwłoczne zgłoszenie do właściwych organów faktu zaistnienia ciężkiego wypadku przy pracy nie powiadomił w terminie właściwym PIP i Prokuratury o ciężkim wypadku przy pracy, któremu uległ jego pracownik <xAnon>D. M. (1)</xAnon>, tj. o czyn z art. 221 §1 k.k. oraz wobec <xBx><xAnon>W. T.</xAnon></xBx> oskarżonego o to, że w dniu 23 czerwca 2007r. w <xAnon>R.</xAnon>, <xUx>
    
    
    
    
    
    
    
    
    
    
    będąc kierownikiem <xAnon> Zakładu Towarzystwa (...)</xAnon></xUx>, osobą odpowiedzialną za stan techniczny urządzeń i ich prawidłową eksploatację oraz przeszkolenie pracowników w zakresie bhp, nie dopełnił wynikających stąd obowiązków poprzez: nie zapewnienie właściwego nadzoru nad pracą wykonywaną przez <xAnon>D. M. (1)</xAnon>, nie zapewnienie właściwego przeszkolenia wstępnego w zakresie bezpieczeństwa i higieny pracy w/w oraz nie zapewnienie maszyny <xAnon>S.</xAnon><xAnon>(...)</xAnon> sprawnej technicznie, wyposażonej w działające zabezpieczenia strefy niebezpiecznej narażając zatrudnionego pracownika na bezpośrednie niebezpieczeństwo utraty życia, albo ciężkiego uszczerbku na zdrowiu i w sposób istotny przyczynił się do zaistniałego w dniu 23 czerwca 2007r. na terenie <xAnon> Towarzystwa (...)</xAnon> w <xAnon>R.</xAnon>, gm. <xAnon>K.</xAnon> wypadku przy pracy, jakiemu uległ zatrudniony przez niego pracownik <xAnon>D. M. (1)</xAnon>, który obsługując niesprawną technicznie maszynę <xAnon>S.</xAnon><xAnon>(...)</xAnon>wskutek braku potrzebnych umiejętności i dostatecznej znajomości przepisów i zasad bhp, a także braku nadzoru nad jego pracą niewłaściwie operował kończyną w strefie niebezpiecznej, bez uprzedniego usunięcia zagrożenia, co spowodowało, iż doznał urazu ręki lewej w postaci ran miażdżonych i szarpanych śródręcza lewego, a w następstwie tego amputacji 4 palców dłoni lewej, co należy traktować jako ciężkie kalectwo, tj. o czyn z art. 220§1 k.k. w zbiegu z art. 156§2 k.k. w związku z art. 11 §2 kk. na okres po dwa lata próby, zobowiązując każdego z nich do informowania kuratora o przebiegu okresu próby. Nadto sąd na podstawie art. 67§3 k.k. zasądził solidarnie od <xAnon>L. W.</xAnon> i <xAnon>W. T.</xAnon> kwotę 12.500,00 złotych tytułem częściowego naprawienia szkody wyrządzonej przestępstwem (dowód; wyrok Sądu Rejonowego w Bełchatowie, k- 337-339 akt sprawy IIK 145/08).</xText>
          <xText>Powód został przyjęty do Oddziału<xAnon>(...)</xAnon>w <xAnon>Ł.</xAnon> w dniu 23.06.2007 roku ( karta 96-97-101) z powodu urazu ręki lewej w postaci ran miażdżonych i szarpanych śródręcza lewego z pierwotnym ubytkiem tkanek miękkich, rany okalającej śródręcza i podstawy kciuka lewego z wieloodłamowym złamaniami II-V kości śródręcza oraz paliczka podstawnego kciuka, uszkodzeniem pęczków naczyniowo-nerwowych z pierwotnym ubytkiem w obrębie śródręcza oraz z niedokrwieniem palców II-V ręki lewej, uszkodzenia mięśni międzykostnych i kłębu kciuka. Przy przyjęciu stwierdzono niewydolność naczyniową palców ręki lewej. <xAnon>D. M. (1)</xAnon> był leczony operacyjnie w trybie pilnym, wykonano: chirurgiczne zaopatrzenia ran, repozycję krwawą ze stabilizacją złamań za pomocą drutów <xAnon>K.</xAnon>, szycie mięśni międzykostne śródręcza i kłębu kciuka, nastawienie zwichnięcia V stawu śródręczno-paliczkowego /MCP/ z rekonstrukcją torebki stawowej( karta 96). Odstąpiono od amputacji palców ze względu na śladowe ukrwienie po stronie grzbietowej ręki lewej. Powód został wypisany do domu do kontroli ambulatoryjnej z suchą martwicą. Złamanie kciuka zaopatrzono 2 drutami „K". Powód ponownie został przyjęty do w/w oddziału w dniu 27.07.2007 roku z powodu powikłań pourazowych w postaci martwicy II-V palca ręki lewej, po przebytym zmiażdżeniu ręki lewej w dniu 23.06.2007 r. Wykonano wycięcie martwicy z amputacją II-V palca ręki lewej (dowód: dokumentacja lekarska k-92-109).</xText>
          <xText xALIGNx="left"><xBx>W wyniku wypadku przy pracy w dniu 23 czerwca 2007 roku</xBx>, <xAnon>D. M. (1)</xAnon> doznał: urazu ręki lewej w postaci ran miażdżonych i szarpanych śródręcza lewego z pierwotnym ubytkiem tkanek miękkich, rany okalającej śródręcza i podstawy kciuka lewego z wieloodłamowym złamaniem II-V kości śródręcza oraz paliczka podstawnego kciuka, uszkodzeniem pęczków naczyniowo-nerwowych z pierwotnym ubytkiem w obrębie śródręcza oraz z niedokrwieniem palców II-V ręki lewej, uszkodzenia mięśni międzykostne i kłębu kciuka. Przebieg pourazowy jest powikłany, albowiem skutkował utratą ręki lewej na poziomie 1/3 środkowej śródręcza z dysfunkcją statyczno-dynamiczną kciuka lewej ręki. Amputację w/w palców wykonano z powodu powikłań typu niedokrwiennych z martwicą po urazie zmiażdżeniu ręki z związku i obrażeniami pęczków naczyniowo-nerwowych. Przebieg powikłany jest więc niedokrwieniem ręki lewej z jej martwicą. <xBx>Niedokrwienie i martwica pozostają w związku przyczyno-skutkowym z przebytym urazem w pracy z dnia 23.06.2007 roku.</xBx> Zastosowane wobec powoda leczenie było właściwe i zgodnie z procedurami. Stopień cierpień fizycznych u powoda był duży przez okres około pół roku, w następnym okresie i nadal, jest to stopień umiarkowany, przy czym ma on charakter trwały, głównie z powodu upośledzenia funkcji chwytu i utraty anatomicznej części ręki lewej. Obecnie powód odczuwa dolegliwości typu przeciążeniowego z nadmierną reakcją na zmianę pogody, głównie w obrębie twardawej blizny. Nadto podkreślić należy, iż funkcja kciuka jest upośledzona w około 30% jego wydolności. Ocena wydolności kciuka jest oparta na objawie szczypcowym i przeciwstawienia oraz zdolności do trzymania większych przedmiotów. Stan ręki lewej jest poważnie naruszony, jednak od ponad 2 lat nie uległ pogorszeni, tak więc stan powoda, pomimo trwałej niepełnosprawności, jest stabilny. Powód obecnie z powodu następstwa urazu nie wymaga leczenia ortopedycznego i rehabilitacyjnego. Fizyczny ubytek kończyny na poziomie ręki jest oczywiście nieodwracalny, tak więc niepełnosprawność jest trwała. Powód obecnie jest <xUx>częściowo niezdolny do pracy,</xUx> co do charakteru niezdolności do pracy powoda w przyszłości biegły nie wykluczył możliwości odzyskania przez powoda zdolności do pracy lekkiej fizycznej i pracy umysłowej (dowód: opinia biegłego ortopedy <xAnon>R.</xAnon><xAnon>E.</xAnon> k-140,140v.).</xText>
          <xText>W wyniku wypadku powód doznał <xBx>trwałego uszczerbku na zdrowiu w wysokości 40 % </xBx>( uraz kciuka lewego z znacznym ograniczeniem funkcji wg pozycji <xBx>136 b) -12%; </xBx>uraz wskaziciela z utratą części śródręcza lewego na poziomie 1/3 środkowej wg pozycji <xBx>137 F) - 20%; </xBx>uraz III, IV <xBx>i </xBx>V palca z utratą III, IV <xBx>i </xBx>V kości śródręcza na poziomie 1/3 środkowej wg pozycji <xBx>140 - 8%). </xBx>Ustalając uszczerbek u powoda po utracie większości użytecznej ręki lewej, biegły brał pod uwagę, iż globalny maksymalny uszczerbek nie może przekroczyć uszczerbku przy utracie ręki na poziomie nadgarstka, który wynosi 50%.</xText>
          <xText xALIGNx="left"> Powód wymagał pomocy innych osób średnio około 8 godzin dziennie przez okres około sześciu miesięcy, po tym okresie zaś, przez kolejne sześć miesięcy wymagał pomocy przez około trzy godziny dziennie. Po tym okresie i w przyszłości powód będzie wymagał częściowej pomocy, głównie przy wykonywaniu niektórych czynności, wymagających pełnej sprawności manualnej obu rąk np. przy wykonaniu ręcznego brania, czy otwieraniu słoików itd. Czas tych czynności nie przekracza 1 godzinę dziennie (dowód: opinia uzupełniająca biegłego ortopedy <xAnon>R.</xAnon><xAnon>E.</xAnon> k-156 i 273, zeznania powoda 00:24:18 k-566).</xText>
          <xText>Powód po urazie był leczony w ramach kontraktu z NFZ. Koszty leków przeciwbólowych i osłonowych wyniosły średnio ok. 50 złotych, przez okres około 3 miesięcy. Ponadto powód przyjmował: leki (karta 94): Dalacin C - koszt ok. 20 zł, Aecin – koszt 1 opakowania ok. 30zł (mógł zażyć ok. 4 opakowania). Łączny koszt leków i środków opatrunkowych wyniósł więc</xText>
          <xText xALIGNx="left">Koszty środków opatrunkowych wyniosły około 50 złotych, przez okres trzech miesięcy (bandaże, opatrunki osłonowe, antybiotyk w aerozolu itd.) Obecnie powód nie wymaga specjalnego leczenia p/w bólowego (dowód: opinia uzupełniająca biegłego ortopedy <xAnon>R.</xAnon><xAnon>E.</xAnon> k-156 i 273, zeznania <xBx>ś</xBx>wiadka <xAnon>D. L.</xAnon> k-297<xBx>, </xBx><xAnon>A. M.</xAnon> k-199,200, <xAnon>E. R.</xAnon> k-200). Powód nie będzie mógł wykonywać pracy np. w budownictwie, cukiernictwie, czy jako mechanik, mechanik, magazynier, kierowca itd. Powód jest osobą trwale niepełnosprawną i nie jest zdolny do wykonywania pracy wymagającej pełnej sprawności manualnej obu rąk (dowód: opinia uzupełniająca biegłego ortopedy <xAnon>R.</xAnon><xAnon>E.</xAnon> k-273).</xText>
          <xText xALIGNx="left">Powód przed wypadkiem był osobą towarzyską, optymistycznie patrzącą na świat, po wypadku jego stan psychiczny uległ znacznemu pogorszeniu, nie chce spotykać się towarzysko, jeździć na wakacje, ma odruch ciągłego chowania reki do kieszeni. Krepują go spojrzenia obcych ludzi oraz ich dotyk, w związku z wypadkiem miewał koszmarne sny np. dotyczące przebiegu wypadku, czy wyglądu uszkodzonej ręki. Obecnie powód jest nerwowy, szybko się zniechęca, ma problemy z wykonywaniem niektórych czynności np. otwieraniem zapakowanych przedmiotów, nie robi zakupów, ponieważ nie może wyjąć pieniędzy z portfela i zapakować zakupów (dowód: zeznania <xBx>ś</xBx>wiadków: <xAnon>D. L.</xAnon> k-296v., 297, <xAnon>A. M.</xAnon> k-199,200; <xAnon>E. R.</xAnon> k-200, zeznania powoda 00: 19:12, 00: 19: 25). Powód korzystał z pomocy psychologa raz w miesiącu, koszt jednej wizyty wynosi 80 złotych (dowód: zeznania <xBx>ś</xBx>wiadka <xAnon>A. M.</xAnon> k-199,200, zeznania powoda 00: 19:00 k-566).</xText>
          <xText>Biegły psychiatra <xAnon>J. C. (1)</xAnon> rozpoznał u powoda zaburzenia zachowania i emocji z wiązane z narażeniem na stres. Istnieje ewidentny związek przyczynowo-skutkowy i czasowy stwierdzonych zaburzeń z wypadkiem, jakiemu uległ powód w dniu 23.06.2007 roku. Stopień cierpień psychicznych wywołanych urazem biegły ocenił na znaczny w początkowym okresie i umiarkowany obecnie. Stwierdzone zaburzenia mają charakter czynnościowy i rokują dobrze po wdrożeniu odpowiednich oddziaływań psychoterapeutycznych. Psychoterapia może odbywać się w placówkach posiadających umowę z NFZ i jest wówczas bezpłatna dla pacjenta. W tym przypadku należy liczyć się z ograniczoną dostępnością do świadczeń. Koszty prywatnej psychoterapii wynoszą około 70-150 złotych za sesję. Terapia ta powinna trwać około 6 miesięcy z częstością 1 sesji na tydzień, po tym okresie ocenia się dalsze potrzeby lub ich brak. Stan psychiczny powoda w przyszłości w związku z tym wypadkiem nie powinien ulec pogorszeniu (dowód; opinia biegłego psychiatry <xAnon>J. C. (1)</xAnon> k-168,169). Rozpoznane u <xAnon>D. M. (1)</xAnon> zaburzenia zachowania i emocji związane z narażeniem na stres, nie spełniają kryteriów Zespołu Stresu Pourazowego, gdyż stresor nie spełniał kryterium, stresora wyjątkowo silnego, mającego znamiona katastrofy i powodujący realne zagrożenie utratą życia. Do takich stresorów należą działania wojenne, katastrofy w ruchu lądowym, lotniczym, czy morskim, porwania z przetrzymywaniem. Nie mamy także do czynienia z organicznym uszkodzeniem mózgu, a więc nie można mówić o tr<xUx>wałym uszczerbk</xUx>u na zdrowiu. Stwierdzone u powoda zaburzenia mają charakter czynnościowy i dobrze rokują po wdrożeniu odpowiednich oddziaływał psychoterapeutycznych (dowód; opinia uzupełniająca biegłego psychiatry <xAnon>J. C. (1)</xAnon> k-184 i k- 277 oraz ustana opinia uzupełniająca k-296,296v.).</xText>
          <xText>Pozwany pracodawca, po wypadku, proponował powodowi pracę na stanowisku pracownika linii rozlewniczej, nie precyzując przy tym konkretnie na jakim stanowisku powód miąłby pracować. Propozycja ta po raz pierwszy pojawiła się w miesiącu wrześniu 2007 roku, wtedy proces leczenia powoda nie był jeszcze zakończony, albowiem w miesiącu sierpniu <xAnon>D. M. (1)</xAnon> został poddany zabiegowi operacyjnemu ( dowód: zeznania powoda 00: 18:05, 00:15:15, 00:16:20 k-566). Powód jest niezdolny do pracy w charakterze pracownika linii rozlewniczej, w pozwanej <xAnon> Spółce (...)</xAnon>.G. <xAnon> (...)</xAnon> w <xAnon>R.</xAnon>. Praca na linii rozlewniczej obejmuje kilka etapów:</xText>
          <xEnum>
            <xBullet>-</xBullet>
            <xEnumElem>
              <xText>produkcję opakowań</xText>
            </xEnumElem>
            <xEnumElem>
              <xText>rozlewanie wody do butelek i zakręcanie</xText>
            </xEnumElem>
            <xEnumElem>
              <xText>znakowanie opakowań</xText>
            </xEnumElem>
            <xEnumElem>
              <xText>formowanie opakowań zbiorczych</xText>
            </xEnumElem>
            <xEnumElem>
              <xText>paletyzację i owijanie</xText>
            </xEnumElem>
            <xEnumElem>
              <xText>magazynowanie i ekspedycję, przy czym czynności te wymagają sprawności obu rąk. Powód, jako osoba jednoręczna, nie jest zdolny do wykonywania powyższych prac (dowód: opinia zasadnicza oraz opinie uzupełniające biegłego z zakresu medycyny pracy <xAnon>J. G. (2)</xAnon> k-308-311, 376,377,394-396,430-431, zeznania powoda 00: 11:35, 00:17:45 k-566).</xText>
            </xEnumElem>
          </xEnum>
          <xText>Do chwili zamknięcia rozprawy pozwany nie przedstawił powodowi konkretnej propozycji pracy z oznaczeniem stanowiska, na którym miałby pracować (okoliczność bezsporna).</xText>
          <xText>Powód od dnia 22.12.2007r. do 31.12.2008r. pobierał świadczenie rehabilitacyjne z tytułu niezdolności do pracy w związku z wypadkiem przy pracy w następującej wysokości:</xText>
          <xRows>
            <xCOLGROUPx>
              <xCOLx xWIDTHx="134"/>
              <xCOLx xWIDTHx="13"/>
              <xCOLx xWIDTHx="109"/>
              <xCOLx xWIDTHx="23"/>
              <xCOLx xWIDTHx="97"/>
              <xCOLx xWIDTHx="23"/>
              <xCOLx xWIDTHx="108"/>
              <xCOLx xWIDTHx="22"/>
              <xCOLx xWIDTHx="113"/>
              <xCOLx xWIDTHx="47"/>
            </xCOLGROUPx>
            <xRow>
              <xClmn xVALIGNx="top" xClmnSpan="2" xALIGNx="left">
                <xText>
                  <xBx>Rodzaj zasiłku</xBx>
                </xText>
              </xClmn>
              <xClmn xVALIGNx="top" xClmnSpan="2" xALIGNx="left">
                <xText>
                  <xBx>Okres od po</xBx>
                </xText>
                <xText>
                  <xBx>ustaniu ubezpiecz.</xBx>
                </xText>
              </xClmn>
              <xClmn xVALIGNx="top" xClmnSpan="2" xALIGNx="left">
                <xText>
                  <xBx>Okres do po</xBx>
                </xText>
                <xText>
                  <xBx>ustaniu ubezpiecz.</xBx>
                </xText>
              </xClmn>
              <xClmn xVALIGNx="top" xClmnSpan="2" xALIGNx="left">
                <xText xALIGNx="left">
                  <xBx>Kwota zasiłku brutto</xBx>
                </xText>
              </xClmn>
              <xClmn xVALIGNx="top" xClmnSpan="2" xALIGNx="left">
                <xText>i</xText>
                <xText xALIGNx="left">
                  <xBx>Kwota zasiłku netto</xBx>
                </xText>
              </xClmn>
            </xRow>
            <xRow>
              <xClmn xVALIGNx="middle" xClmnSpan="2" xALIGNx="left">
                <xText>zasiłek chorobowy</xText>
              </xClmn>
              <xClmn xVALIGNx="top" xClmnSpan="2" xALIGNx="left">
                <xText>10.09.2007</xText>
              </xClmn>
              <xClmn xVALIGNx="top" xClmnSpan="2" xALIGNx="left">
                <xText>30.09.2007</xText>
              </xClmn>
              <xClmn xVALIGNx="top" xClmnSpan="2" xALIGNx="left">
                <xText>1433,04</xText>
              </xClmn>
              <xClmn xVALIGNx="top" xClmnSpan="2" xALIGNx="left">
                <xText>1281,84</xText>
              </xClmn>
            </xRow>
            <xRow>
              <xClmn xVALIGNx="middle" xClmnSpan="2" xALIGNx="left">
                <xText>zasiłek chorobowy</xText>
              </xClmn>
              <xClmn xVALIGNx="top" xClmnSpan="2" xALIGNx="left">
                <xText>01.10.2007</xText>
              </xClmn>
              <xClmn xVALIGNx="top" xClmnSpan="2" xALIGNx="left">
                <xText>31.10.2007</xText>
              </xClmn>
              <xClmn xVALIGNx="top" xClmnSpan="2" xALIGNx="left">
                <xText>2115,44</xText>
              </xClmn>
              <xClmn xVALIGNx="top" xClmnSpan="2" xALIGNx="left">
                <xText>1927,45 <xBx>i</xBx></xText>
              </xClmn>
            </xRow>
            <xRow>
              <xClmn xVALIGNx="middle" xClmnSpan="2" xALIGNx="left">
                <xText>zasiłek chorobowy</xText>
              </xClmn>
              <xClmn xVALIGNx="top" xClmnSpan="2" xALIGNx="left">
                <xText>01.11.2007</xText>
              </xClmn>
              <xClmn xVALIGNx="top" xClmnSpan="2" xALIGNx="left">
                <xText>30.11.2007</xText>
              </xClmn>
              <xClmn xVALIGNx="top" xClmnSpan="2" xALIGNx="left">
                <xText>1379,94</xText>
              </xClmn>
              <xClmn xVALIGNx="top" xClmnSpan="2" xALIGNx="left">
                <xText>1211,94</xText>
              </xClmn>
            </xRow>
            <xRow>
              <xClmn xVALIGNx="top" xClmnSpan="2" xALIGNx="left">
                <xText>zasiłek chorobowy</xText>
              </xClmn>
              <xClmn xVALIGNx="top" xClmnSpan="2" xALIGNx="left">
                <xText>01.12.2007</xText>
              </xClmn>
              <xClmn xVALIGNx="top" xClmnSpan="2" xALIGNx="left">
                <xText>21.12.2007</xText>
              </xClmn>
              <xClmn xVALIGNx="top" xClmnSpan="2" xALIGNx="left">
                <xText>1190,40</xText>
              </xClmn>
              <xClmn xVALIGNx="top" xClmnSpan="2" xALIGNx="left">
                <xText>1051,59</xText>
              </xClmn>
            </xRow>
            <xRow>
              <xClmn xVALIGNx="top" xClmnSpan="2" xALIGNx="left">
                <xText>świadczenie rehabilitacyjne</xText>
              </xClmn>
              <xClmn xVALIGNx="top" xClmnSpan="2" xALIGNx="left">
                <xText>22.12.2007</xText>
              </xClmn>
              <xClmn xVALIGNx="top" xClmnSpan="2" xALIGNx="left">
                <xText>31.12.2007</xText>
              </xClmn>
              <xClmn xVALIGNx="top" xClmnSpan="2" xALIGNx="left">
                <xText>379,10</xText>
              </xClmn>
              <xClmn xVALIGNx="top" xClmnSpan="2" xALIGNx="left">
                <xText>321,08</xText>
              </xClmn>
            </xRow>
            <xRow>
              <xClmn xVALIGNx="top" xClmnSpan="2" xALIGNx="left">
                <xText>świadczenie rehabilitacyjne</xText>
              </xClmn>
              <xClmn xVALIGNx="top" xClmnSpan="2" xALIGNx="left">
                <xText>01.01.2008</xText>
              </xClmn>
              <xClmn xVALIGNx="top" xClmnSpan="2" xALIGNx="left">
                <xText>31.01.2008</xText>
              </xClmn>
              <xClmn xVALIGNx="top" xClmnSpan="4" xALIGNx="left">
                <xText>l</xText>
                <xText>1175,21 995,39</xText>
              </xClmn>
            </xRow>
            <xRow>
              <xClmn xVALIGNx="top" xClmnSpan="2" xALIGNx="left">
                <xText>świadczenie rehabilitacyjne</xText>
              </xClmn>
              <xClmn xVALIGNx="top" xClmnSpan="2" xALIGNx="left">
                <xText>01.02.2008</xText>
              </xClmn>
              <xClmn xVALIGNx="top" xClmnSpan="2" xALIGNx="left">
                <xText>29.02.2008</xText>
              </xClmn>
              <xClmn xVALIGNx="top" xClmnSpan="4" xALIGNx="left">
                <xText>1099,39 931,22</xText>
              </xClmn>
            </xRow>
            <xRow>
              <xClmn xVALIGNx="top" xClmnSpan="2" xALIGNx="left">
                <xText>świadczenie rehabilitacyjne</xText>
              </xClmn>
              <xClmn xVALIGNx="top" xClmnSpan="2" xALIGNx="left">
                <xText>01.03.2008</xText>
              </xClmn>
              <xClmn xVALIGNx="top" xClmnSpan="2" xALIGNx="left">
                <xText>31.03.2008</xText>
              </xClmn>
              <xClmn xVALIGNx="top" xClmnSpan="4" xALIGNx="left">
                <xText>1175,21 1001,21</xText>
              </xClmn>
            </xRow>
            <xRow>
              <xClmn xVALIGNx="top" xClmnSpan="2" xALIGNx="left">
                <xText>świadczenie rehabilitacyjne</xText>
                <xText>
                  <xBx>1</xBx>
                </xText>
              </xClmn>
              <xClmn xVALIGNx="top" xClmnSpan="2" xALIGNx="left">
                <xText>01.04.2008</xText>
              </xClmn>
              <xClmn xVALIGNx="top" xClmnSpan="6" xALIGNx="left">
                <xText>30.04.2008 1137,30 970,30</xText>
              </xClmn>
            </xRow>
            <xRow>
              <xClmn xVALIGNx="top" xALIGNx="left">
                <xText xALIGNx="left">
                  <xBx>Rodzaj zasiłku</xBx>
                </xText>
              </xClmn>
              <xClmn xVALIGNx="top" xClmnSpan="2" xALIGNx="left">
                <xText xALIGNx="left">
                  <xBx>Okres od po ustaniu ubezpiecz.</xBx>
                </xText>
              </xClmn>
              <xClmn xVALIGNx="top" xClmnSpan="2" xALIGNx="left">
                <xText xALIGNx="left">
                  <xBx>Okres do po ustaniu ubezpiecz.</xBx>
                </xText>
              </xClmn>
              <xClmn xVALIGNx="top" xClmnSpan="2" xALIGNx="left">
                <xText xALIGNx="left">
                  <xBx>Kwota zasiłku brutto</xBx>
                </xText>
              </xClmn>
              <xClmn xVALIGNx="top" xClmnSpan="2" xALIGNx="left">
                <xText xALIGNx="left">
                  <xBx>Kwota zasiłku netto</xBx>
                </xText>
              </xClmn>
              <xClmn xALIGNx="left">
                
              </xClmn>
            </xRow>
            <xRow>
              <xClmn xVALIGNx="top" xALIGNx="left">
                <xText xALIGNx="left">świadczenie rehabilitacyjne</xText>
              </xClmn>
              <xClmn xVALIGNx="top" xClmnSpan="2" xALIGNx="left">
                <xText xALIGNx="left">01.05.2008</xText>
              </xClmn>
              <xClmn xVALIGNx="top" xClmnSpan="2" xALIGNx="left">
                <xText xALIGNx="left">31.05.2008</xText>
              </xClmn>
              <xClmn xVALIGNx="top" xClmnSpan="2" xALIGNx="left">
                <xText xALIGNx="left">1175,21</xText>
              </xClmn>
              <xClmn xVALIGNx="top" xClmnSpan="2" xALIGNx="left">
                <xText xALIGNx="left">1001,21</xText>
              </xClmn>
              <xClmn xALIGNx="left">
                
              </xClmn>
            </xRow>
            <xRow>
              <xClmn xVALIGNx="top" xALIGNx="left">
                <xText xALIGNx="left">świadczenie rehabilitacyjne</xText>
              </xClmn>
              <xClmn xVALIGNx="top" xClmnSpan="2" xALIGNx="left">
                <xText xALIGNx="left">01.06.2008</xText>
              </xClmn>
              <xClmn xVALIGNx="top" xClmnSpan="2" xALIGNx="left">
                <xText xALIGNx="left">30.06.2008</xText>
              </xClmn>
              <xClmn xVALIGNx="top" xClmnSpan="2" xALIGNx="left">
                <xText xALIGNx="left">1137,30</xText>
              </xClmn>
              <xClmn xVALIGNx="top" xClmnSpan="2" xALIGNx="left">
                <xText xALIGNx="left">970,30</xText>
              </xClmn>
              <xClmn xALIGNx="left">
                
              </xClmn>
            </xRow>
            <xRow>
              <xClmn xVALIGNx="top" xALIGNx="left">
                <xText xALIGNx="left">świadczenie rehabilitacyjne</xText>
              </xClmn>
              <xClmn xVALIGNx="top" xClmnSpan="2" xALIGNx="left">
                <xText xALIGNx="left">01.07.2008</xText>
              </xClmn>
              <xClmn xVALIGNx="top" xClmnSpan="2" xALIGNx="left">
                <xText xALIGNx="left">31.07.2008</xText>
              </xClmn>
              <xClmn xVALIGNx="top" xClmnSpan="2" xALIGNx="left">
                <xText xALIGNx="left">1175,21</xText>
              </xClmn>
              <xClmn xVALIGNx="top" xClmnSpan="2" xALIGNx="left">
                <xText xALIGNx="left">1001,21</xText>
              </xClmn>
              <xClmn xALIGNx="left">
                
              </xClmn>
            </xRow>
            <xRow>
              <xClmn xVALIGNx="top" xALIGNx="left">
                <xText xALIGNx="left">świadczenie rehabilitacyjne</xText>
              </xClmn>
              <xClmn xVALIGNx="top" xClmnSpan="2" xALIGNx="left">
                <xText xALIGNx="left">01.08.2008</xText>
              </xClmn>
              <xClmn xVALIGNx="top" xClmnSpan="2" xALIGNx="left">
                <xText xALIGNx="left">31.08.2008</xText>
              </xClmn>
              <xClmn xVALIGNx="top" xClmnSpan="2" xALIGNx="left">
                <xText xALIGNx="left">1175,21</xText>
              </xClmn>
              <xClmn xVALIGNx="top" xClmnSpan="2" xALIGNx="left">
                <xText xALIGNx="left">1001,21</xText>
              </xClmn>
              <xClmn xALIGNx="left">
                
              </xClmn>
            </xRow>
            <xRow>
              <xClmn xVALIGNx="top" xALIGNx="left">
                <xText xALIGNx="left">świadczenie rehabilitacyjne</xText>
              </xClmn>
              <xClmn xVALIGNx="top" xClmnSpan="2" xALIGNx="left">
                <xText xALIGNx="left">01.09.2008</xText>
              </xClmn>
              <xClmn xVALIGNx="top" xClmnSpan="2" xALIGNx="left">
                <xText xALIGNx="left">30.09.2008</xText>
              </xClmn>
              <xClmn xVALIGNx="top" xClmnSpan="2" xALIGNx="left">
                <xText xALIGNx="left">1137,30</xText>
              </xClmn>
              <xClmn xVALIGNx="top" xClmnSpan="2" xALIGNx="left">
                <xText xALIGNx="left">970,30</xText>
              </xClmn>
              <xClmn xALIGNx="left">
                
              </xClmn>
            </xRow>
            <xRow>
              <xClmn xVALIGNx="top" xALIGNx="left">
                <xText xALIGNx="left">świadczenie rehabilitacyjne</xText>
              </xClmn>
              <xClmn xVALIGNx="top" xClmnSpan="2" xALIGNx="left">
                <xText xALIGNx="left">01.10.2008</xText>
              </xClmn>
              <xClmn xVALIGNx="top" xClmnSpan="2" xALIGNx="left">
                <xText xALIGNx="left">31.10.2008</xText>
              </xClmn>
              <xClmn xVALIGNx="top" xClmnSpan="2" xALIGNx="left">
                <xText xALIGNx="left">1175,21</xText>
              </xClmn>
              <xClmn xVALIGNx="top" xClmnSpan="2" xALIGNx="left">
                <xText xALIGNx="left">1001,21</xText>
              </xClmn>
              <xClmn xALIGNx="left">
                
              </xClmn>
            </xRow>
            <xRow>
              <xClmn xVALIGNx="top" xALIGNx="left">
                <xText xALIGNx="left">świadczenie rehabilitacyjne</xText>
              </xClmn>
              <xClmn xVALIGNx="top" xClmnSpan="2" xALIGNx="left">
                <xText xALIGNx="left">01.11.2008</xText>
              </xClmn>
              <xClmn xVALIGNx="top" xClmnSpan="2" xALIGNx="left">
                <xText xALIGNx="left">30.11.2008</xText>
              </xClmn>
              <xClmn xVALIGNx="top" xClmnSpan="2" xALIGNx="left">
                <xText xALIGNx="left">1137,30</xText>
              </xClmn>
              <xClmn xVALIGNx="top" xClmnSpan="2" xALIGNx="left">
                <xText xALIGNx="left">970,30</xText>
              </xClmn>
              <xClmn xALIGNx="left">
                
              </xClmn>
            </xRow>
            <xRow>
              <xClmn xVALIGNx="top" xALIGNx="left">
                <xText xALIGNx="left">świadczenie rehabilitacyjne</xText>
              </xClmn>
              <xClmn xVALIGNx="top" xClmnSpan="2" xALIGNx="left">
                <xText xALIGNx="left">01.12.2008</xText>
              </xClmn>
              <xClmn xVALIGNx="top" xClmnSpan="2" xALIGNx="left">
                <xText xALIGNx="left">15.12.2008</xText>
              </xClmn>
              <xClmn xVALIGNx="top" xClmnSpan="2" xALIGNx="left">
                <xText xALIGNx="left">568,65</xText>
              </xClmn>
              <xClmn xVALIGNx="top" xClmnSpan="2" xALIGNx="left">
                <xText xALIGNx="left">460,65</xText>
              </xClmn>
              <xClmn xALIGNx="left">
                
              </xClmn>
            </xRow>
          </xRows>
          
          <xText xALIGNx="left">( dowód: pismo Zakładu Ubezpieczeń Społecznych <xAnon>O.</xAnon>. w <xAnon>T.</xAnon> Inspektorat w <xAnon>R.</xAnon> z dnia 15.02.2011 r. - karty nr 221-222).</xText>
          <xText>W dniu 16.03.2010 roku <xAnon>D. M. (1)</xAnon> wypłacono wyrównanie świadczenia rentowego za okres od dnia 01.01.2009r. do dnia 31.03.2009r. w kwocie brutto: 1.797,82 zł, netto: 1.498,02 zł netto. W okresie od 01.04.2009r. do 28.02.2010r. wysokość świadczenia dla w/w wynosiła miesięcznie - brutto : 623,16 zł, netto : 549,08 złotych. W okresie od 01.03.2010r. do 28.02.2011 roku- 651,95 zł brutto, 572,27 zł netto; w okresie od 01.03.2011 roku do 29.02.2012roku - 672,16 zł brutto, 588,67 zł netto; od dnia 01.03.2012r. do 31.08.2012r. - 736,06 zł brutto, 640,81 zł netto (dowód: pismo ZUS Inspektorat w <xAnon>R.</xAnon> z dnia 03.09.2012r. – k- 424 oraz za okres od 01.03.2013 do 30.04.2013r. k-510 ).</xText>
          <xText><xBx> Uszczerbek w dochodach powoda w okresie od dnia 23 czerwca 2008 roku do dnia 31 lipca 2013 roku</xBx> wynosi:</xText>
          <xText xALIGNx="left"><xBx>- 69.029,41</xBx> zł, przy założeniu, że powód nie mógł uzyskać wynagrodzenia minimalnego; zgodnie z wyliczeniem: 107.193,42 – 38.164,01 = 69.029,41 złotych (suma hipotetycznych zarobków netto w zakładzie pracy pozwanego za okres od 23.06.2008r. - 31.07.2013r. wynosi bowiem 107.193,42 zł. Odpowiednio za ten sam okres powód otrzymał z ZUS świadczenie rehabilitacyjne i rentę netto w wysokości 38.164,01 złotych, zaś suma wynagrodzeń minimalnych netto wyniosła w tym czasie 55.073,00 złotych);</xText>
          <xText xALIGNx="left"><xBx>- 13.956.41 zł</xBx>, przy założeniu, że powód wykorzystując częściową zdolność do pracy mógł uzyskać wynagrodzenie minimalne. tj. zgodnie z wyliczeniem: 107.193,42-38.164,01- 55 073,00 = 13 956,41 złotych. Różnica pomiędzy hipotetycznym wynagrodzeniem a najniższym wynagrodzeniem w okresie od 01.01.2009 do 31.07.2013 (tj. za okres pobierania renty) wyniosła: (107 193,42 - 10 131,00) - 55 073,00 = 41 989,42 zł, czyli wynagrodzenie hipotetyczne jest wyższe od wynagrodzenia minimalnego o 41. 989,42 zł.</xText>
          <xText xALIGNx="left">Uszczerbek w dochodach powoda w okresie przyszłym tj. od 1 sierpnia 2013 do 22 czerwca 2018 roku wyniesie odpowiednio:</xText>
          <xEnum>
            <xBullet>-</xBullet>
            <xEnumElem>
              <xText>86.140,66 zł, przy założeniu, że powód nie będzie mógł uzyskać wynagrodzenia minimalnego,</xText>
            </xEnumElem>
          </xEnum>
          <xText xALIGNx="left">- 16.754,27 zł, przy założeniu, że powód wykorzystując częściową zdolność do pracy będzie mógł uzyskać wynagrodzenie minimalne. W celu ustalenia uszczerbku w dochodach netto pozwanego za okres od 1 sierpnia 2013 do 22 czerwca 2018 roku, przyjęto dane z roku 2013 roku. Uszczerbek w dochodach netto powoda za 7 miesięcy 2013 roku wynosi 10.266,47 zł, zatem średnio na 1 miesiąc przypada kwota 1.466,64 zł. Zatem uszczerbek w dochodach powoda przy założeniu, że powód nie będzie mógł uzyskać wynagrodzenia minimalnego za okres od 01.08.2013 - 22.06.2018r. w warunkach 2013 roku wyniesie: (1 466,64 zł * 58 miesięcy ) + (1 466,64/30dni * 22 dni) = 86.140,66 zł. Uszczerbek w dochodach powoda za 7 miesięcy 2013 roku wynosi 1.996,81 zł, tj. średnio na 1 miesiąc przypada kwota 285,26 zł. Zatem uszczerbek w dochodach powoda przy założeniu, że powód wykorzystując częściową zdolność do pracy będzie mógł uzyskać wynagrodzenie minimalne, za okres od 01.08.2013 - 22.06.2018r. w warunkach 2013 roku wyniesie: ( 285,26 zł * 58 miesięcy ) + ( 285,26/30 dni * 22 dni) = 16.754,27 złotych. Składniki wynagrodzenia uwzględnione w opinii do ustalenia uszczerbku w dochodach<xBRx/>powoda za okres od 23.06.2008 do 30.04.2013:</xText>
          <xEnum>
            <xBullet>-</xBullet>
            <xEnumElem>
              <xText>wynagrodzenie zasadnicze,</xText>
            </xEnumElem>
            <xEnumElem>
              <xText>premia regulaminowa - obowiązująca do 30.11.2010 roku.</xText>
            </xEnumElem>
            <xEnumElem>
              <xText>premia uznaniowa,</xText>
            </xEnumElem>
            <xEnumElem>
              <xText>dodatek za pracę w warunkach szkodliwych,</xText>
            </xEnumElem>
            <xEnumElem>
              <xText>dodatek za pracę w porze nocnej,</xText>
            </xEnumElem>
            <xEnumElem>
              <xText>dodatek za pracę w godzinach nadliczbowych,</xText>
            </xEnumElem>
            <xEnumElem>
              <xText>dodatek funkcyjny ( brygadzistowski),</xText>
            </xEnumElem>
            <xEnumElem>
              <xText>premia dodatkowa,</xText>
            </xEnumElem>
            <xEnumElem>
              <xText>wynagrodzenie za urlop wypoczynkowy,</xText>
            </xEnumElem>
            <xEnumElem>
              <xText>wynagrodzenie chorobowe.</xText>
            </xEnumElem>
          </xEnum>
          <xText>Do ustalenia uszczerbku w dochodach powoda za okres od dnia 01.05.2013 do dnia 31.07.2013 zostały uwzględnione wyżej wymienione składniki wynagrodzenia z wyjątkiem premii regulaminowej, która w <xAnon> spółce (...)</xAnon> nie występuje od dnia 01.12.2010 roku (dowód; opinia biegłego sądowego z dziedziny rachunkowości <xAnon>J. C. (2)</xAnon> k-518-523, zestawienie plac uzyskiwanych u pozwanego k-480-486).</xText>
          <xText xALIGNx="left"> Wysokość otrzymanej przez powoda renty netto została ustalona przez biegłego na podstawie pisma Zakładu Ubezpieczeń Społecznych Oddz. w <xAnon>T.</xAnon>Inspektorat w <xAnon>P.</xAnon> z dnia 11.07.2013r. (karta akt nr 510). Wysokość hipotetycznych zarobków netto (pomniejszonych o składkę ZUS i podatek dochodowy od osób fizycznych) w zakładzie pozwanego biegły ustalił w oparciu o średnie zarobki netto przedstawione przez pozwanego w piśmie procesowym z dnia 29.03.2013r. -karty akt: od nr 480-486 oraz zestawienia przesłanego biegłemu przez pozwanego, zawierające hipotetyczne zarobki powoda za okres od 01.01.2013r. - 31.07.2013r., zawierające średnie wynagrodzenie netto osiągnięte w <xAnon>(...)</xAnon><xAnon> (...) Sp. z o.o.</xAnon> w pionie produkcji razem z mistrzami i brygadzistami, na które składają się: wynagrodzenie zasadnicze, premia uznaniowa, dodatek szkodliwy, dodatek nocny, wynagrodzenia za urlop wypoczynkowy, wynagrodzenia i zasiłki chorobowe, dodatek brygadzistowski, premia dodatkowa, wynagrodzenie za godziny dodatkowe. Od 1 grudnia 2010 roku w <xAnon> spółce (...) Sp. z o.o.</xAnon> nie występuje premia regulaminowa. Likwidacja premii regulaminowej nastąpiła na mocy Zarządzenia nr <xAnon> (...)</xAnon><xAnon> Zarządu (...) Sp. z o.o.</xAnon> z dnia 23 listopada 2010 roku w sprawie zmian w regulaminie wynagradzania, obowiązującego od 1 stycznia 2009 roku (dowód: zarządzenie k-524).</xText>
          
          <xText>Powód ma obecnie lat 26, posiada wykształcenie średnie ogólne (dowód: świadectwo ukończenia szkoły k-21 akt ZUS). Aktualnie pobiera świadczenie rentowe w związku z uznaniem go za częściowo niezdolnego do pracy w następstwie wypadku przy pracy - do marca 2013r. Zarobkowo przepracował dotychczas łącznie 8 miesięcy, min. jako magazynier, a u pozwanego przez okres 3 tygodni jako pracownik serwisu i operator wydmuchiwarki. Obecnie powód nigdzie nie pracuje, <xBx>
    pracował od miesiąca kwietnia 2008 roku przy kolportażu gazet przez okres sześciu miesięcy w Danii</xBx>, jednakże zrezygnował z pracy, z uwagi na konieczność przyjazdu do Polski (dowód: wyjaśnienia powoda k-76, zeznania powoda 00:05:30-06:10, 06:40). Powód dobrze radził sobie z wykonywaniem powyższej pracy, nie sprawiała mu ona trudności (dowód: zeznania powoda 00:06:50). Po powrocie do Polski powód nie pracował nigdzie, nie próbował szukać pracy (dowód: zeznania powoda 00:07:03). <xAnon>D. M. (1)</xAnon> podjął naukę w <xAnon> (...)</xAnon> w <xAnon>Ł.</xAnon> na kierunku <xAnon>(...)</xAnon>, przerwał jednak naukę po sześciu miesiącach z uwagi na brak środków na opłatę, która wynosiła 500 złotych miesięcznie (dowód: zeznania <xBx>
    ś</xBx>wiadka <xAnon>A. M.</xAnon> k-200, zeznania powoda 00:07:24, 07:40).</xText>
          <xText xALIGNx="left">Decyzją z dnia 5 czerwca 2009 roku, Zakład Ubezpieczeń Społecznych ustalił, iż powód w związku z wypadkiem przy pracy doznał uszczerbku na zdrowiu w wysokości <xBx>44 %</xBx> i wypłacił <xUx>mu </xUx><xBx><xUx>kwotę 25.916,00</xUx></xBx><xUx> złotych z tytułu jednorazowego odszkodowania za wypadek przy pracy </xUx>(okoliczność bezsporna ).</xText>
          <xText xALIGNx="left">Powód ma obecnie 28 lat i nie posiada wyuczonego zawodu, utrzymuje się z renty w kwocie 623,16 złotych miesięcznie, nie ma nikogo na utrzymaniu, mieszka z rodzicami (dowód: zeznania powoda 00:19:44, 00:11:15, 08:30-09-588). Mama powoda zatrudniona jest w <xAnon> (...)</xAnon><xAnon>B.</xAnon>, gdzie pobiera wynagrodzenie około 3.000 złotych miesięcznie, ojciec powoda pobiera rentę w kwocie 680 złotych miesięcznie. W domu rodzinnym powoda mieszka jeszcze jego 21-letnia siostra, która pracuje i uzyskuje najniższe krajowe wynagrodzenie (dowód: zeznania powoda 00:09:10 k-588).</xText>
          <xText xALIGNx="left"><xBx>Pieniądze uzyskane z tytułu jednorazowego odszkodowania w niniejszej sprawie powód chciałby przeznaczyć na zakup mieszkania (</xBx>dowód: zeznania powoda 00: 20:06 k- 566, 00:10:25 k-588).</xText>
          <xText xALIGNx="left">Pozwana Spółka jest następcą prawnym pozwanego pierwotnie <xAnon> Towarzystwa (...) Spółki z o.o.</xAnon> i przejęła wszystkie jej zobowiązania (okoliczność niesporna, dokumentacja k- 573-581).</xText>
          <xText xALIGNx="left"><xAnon> Towarzystwo (...) Spółki z o.o.</xAnon> w <xAnon>R.</xAnon> zajmowało się produkcją wód gazowanych, produkcja odbywała się na dwóch halach, przy użyciu około dziesięciu maszyn m.in. wydmuchiwarek, które napędzane były za pomowca energii elektrycznej (dowód: zeznania powoda k-566 00:24:50-25:28).</xText>
          
          <xText xALIGNx="left">
            <xBx>Sąd Okręgowy dokonał następującej oceny zebranego w sprawie materiału dowodowego i zważył, co następuje:</xBx>
          </xText>
          
          <xText xALIGNx="left">
            <xBx>
              <xUx>powództwo zasługuje na uwzględnienie jedynie w części.</xUx>
            </xBx>
          </xText>
          
          <xRows>
            <xCOLGROUPx>
              <xCOLx xWIDTHx="756"/>
            </xCOLGROUPx>
            <xRow>
              <xClmn xVALIGNx="top" xALIGNx="left">
                <xRows>
                  <xCOLGROUPx>
                    <xCOLx xWIDTHx="751"/>
                  </xCOLGROUPx>
                  <xRow>
                    <xClmn xVALIGNx="top" xALIGNx="left">
                      <xText>Przystępując do oceny zasadności roszczenia powoda stwierdzić należy, iż odpowiedzialność pozwanego wynika z przepisu <xBx>art. 435§ 1 k.c.</xBx>, statuującego zasadę odpowiedzialności na zasadzie ryzyka, zgodnie z którym prowadzący na własny rachunek przedsiębiorstwo lub zakład wprawiany w ruch za pomocą sił przyrody (pary, gazu, elektryczności, paliw płynnych itp.) ponosi odpowiedzialność za szkodę na osobie lub mieniu, wyrządzoną komukolwiek przez ruch przedsiębiorstwa lub zakładu, chyba że szkoda nastąpiła wskutek siły wyższej albo wyłącznie z winy poszkodowanego lub osoby trzeciej, za którą nie ponosi odpowiedzialności. Ocena, czy przedsiębiorstwo należy do kategorii wskazywanej w art.435 k.c., musi być dokonywana <xIx>in casu</xIx> z uwzględnieniem faktycznego znaczenia określonych technologii w działalności przedsiębiorstwa oraz na podstawie ustalenia, czy możliwe byłoby osiągnięcie zakładanych celów produkcyjnych bez użycia sił przyrody. Konstrukcja odpowiedzialności na zasadzie ryzyka oparta jest na założeniu, że samo funkcjonowanie zakładu wprawianego w ruch za pomocą sił przyrody stwarza niebezpieczeństwo wyrządzenia szkody na osobie lub mieniu, niezależnie od działania lub zaniechania prowadzącego taki zakład ( tak też Sąd Najwyższy w wyroku z dnia 19.06.2001 II UKN 424/00 opubl: Orzecznictwo Sądu Najwyższego Izba Administracyjna, Pracy i Ubezpieczeń Społecznych rok 2003, Nr 6, poz. 155, w którym stwierdził, iż odpowiedzialność na zasadzie ryzyka (art. 435 § 1 KC) oparta jest na założeniu, że samo funkcjonowanie zakładu wprawianego w ruch za pomocą sił przyrody stwarza niebezpieczeństwo wyrządzenia szkody, niezależnie od działania lub zaniechania prowadzącego taki zakład). Przesłankami odpowiedzialności, co do których ciężar dowodu obciąża poszkodowanego, są następujące: ruch przedsiębiorstwa, szkoda oraz związek przyczynowy pomiędzy ruchem a szkodą. Poszkodowany nie musi natomiast wykazywać konkretnej przyczyny powodującej szkodę. <xBx>Odpowiedzialność z art. 435 powstaje bez względu na winę</xBx> (w znaczeniu subiektywnym) prowadzącego przedsiębiorstwo, jak również bez względu na to, czy szkoda nastąpiła w warunkach zachowania bezprawnego. Zob. też wyr. SN z 12.12.2008 r. (<xUx>II CSK 367/08</xUx>, Legalis). Dla powstania odpowiedzialności z art. 435k.c. wystarczy wystąpienie związku przyczynowego pomiędzy ruchem przedsiębiorstwa a szkodą o charakterze <xIx>conditio sine qua </xIx>non. Wyłączenie odpowiedzialności może nastąpić tylko wtedy, gdy prowadzący przedsiębiorstwo wykaże, że szkoda nastąpiła z powodu wystąpienia jednej z trzech okoliczności: wskutek siły wyższej,</xText>
                    </xClmn>
                  </xRow>
                </xRows>
                <xRows>
                  <xCOLGROUPx>
                    <xCOLx xWIDTHx="40"/>
                    <xCOLx xWIDTHx="358"/>
                  </xCOLGROUPx>
                  <xRow>
                    <xClmn xVALIGNx="top" xALIGNx="left">
                      
                    </xClmn>
                    <xClmn xVALIGNx="top" xALIGNx="left">
                      <xText>2) wyłącznie z winy poszkodowanego lub</xText>
                    </xClmn>
                  </xRow>
                </xRows>
                <xRows>
                  <xCOLGROUPx>
                    <xCOLx xWIDTHx="40"/>
                    <xCOLx xWIDTHx="711"/>
                  </xCOLGROUPx>
                  <xRow>
                    <xClmn xVALIGNx="top" xALIGNx="left">
                      
                    </xClmn>
                    <xClmn xVALIGNx="top" xALIGNx="left">
                      <xText>3) wyłącznie z winy osoby trzeciej, za którą prowadzący nie ponosi odpowiedzialności.</xText>
                      <xText>Odnosząc powyższe rozważania do charakteru i specyfiki pracy pozwanego Przedsiębiorstwa, który swój cel realizował za pomocą dość licznego taboru maszynowego, stwierdzić należy, iż niewątpliwie należy je zaliczyć do kategorii przedsiębiorstw określonych w przepisie art.435 k.c., tak więc pozwany ponosi odpowiedzialność za wyrządzona powodowi szkodę, która jest niewątpliwa, niezależnie od przypisania mu bezprawności działania. Wszak okolicznością niekwestionowaną przez pozwanego było doznanie urazu przez powoda na skutek wypadku przy pracy w dniu 23 czerwca 2007 roku, którego okoliczności ustalił pozwany w sporządzonym przez siebie protokole powypadkowym. <xAnon>D. M. (1)</xAnon> w momencie zdarzenia wykonywał pracę na polecenie pozwanego i w związku z powyższym, zaistniałe zdarzenie miało charakter wypadku przy pracy w rozumieniu art.3 ustawy z dnia 30 października 2002 roku o ubezpieczeniu społecznym z tytułu wypadków przy pracy i chorób zawodowych, zgodnie z którym za wypadek przy pracy uważa się nagłe zdarzenie wywołane przyczyną zewnętrzną powodujące uraz lub śmierć, które nastąpiło w związku z pracą:</xText>
                      <xText>1) podczas lub w związku z wykonywaniem przez pracownika zwykłych czynności lub poleceń przełożonych;</xText>
                      <xText>2) podczas lub w związku z wykonywaniem przez pracownika czynności na rzecz pracodawcy, nawet bez polecenia; 3) w czasie pozostawania pracownika w dyspozycji pracodawcy w drodze między siedzibą pracodawcy a miejscem wykonywania obowiązku wynikającego ze stosunku pracy.</xText>
                    </xClmn>
                  </xRow>
                </xRows>
              </xClmn>
            </xRow>
          </xRows>
          <xText>
            <xBx>
    
    
    W przypadku doznania szkody przez pracownika na skutek wypadku przy pracy może on domagać się przede wszystkim świadczenia z ustawy z dnia 30.10.2002 roku o ubezpieczeniu społecznym z tytułu wypadków przy pracy i chorób zawodowych, a po ich uzyskaniu, tak jak to ma miejsce w przypadku powoda, może wystąpić o zadośćuczynienia na podstawie art. 445 KC, jako świadczenia uzupełniającego. Roszczenia o te świadczenia uzupełniające wywodzone na podstawie art. 445 KC, wbrew twierdzeniom pełnomocnika pozwanego, mogą być dochodzone przez pracownika, ale tylko wówczas, gdy limitowane świadczenia przyznane na podstawie przepisów wskazanej wyżej ustawy wypadkowej, nie pokrywają w całości kosztów wynikłych z uszkodzenia ciała lub wywołania rozstroju zdrowia i powstałej krzywdy. Takie też stanowisko zajął Sąd Najwyższy w wyroku z dnia 05.10.2005 roku, I PK 47/05, opubl: Monitor Prawa Pracy rok 2006, Nr 4, str. 208, w którym stwierdził, iż cywilnoprawna odpowiedzialność pracodawcy za skutki wypadku przy pracy ma charakter uzupełniający. Nadto w wyroku Sądu Najwyższego - Izba Pracy, Ubezpieczeń Społecznych i Spraw Publicznych z 2009-09-24, II PK 65/09, opubl: Legalis wskazano, iż dopuszczalne jest dochodzenie przez pracownika od pracodawcy roszczeń uzupełniających z tytułu wypadków przy pracy, opartych na przepisach prawa cywilnego. Pracownik może dochodzić od pracodawcy z tytułu wypadku przy pracy renty na podstawie art. 444 § 2 KC. Przepis ten reguluje w istocie trzy, oparte na różnych podstawach faktycznych, świadczenia rentowe: 1) z tytułu utraty zdolności do zarobkowania, 2) z tytułu zwiększenia się potrzeb poszkodowanego oraz 3) z tytułu zmniejszenia się jego widoków powodzenia na przyszłość. Każda z tych podstaw świadczenia rentowego stanowi samoistną przesłankę jej zasądzenia. W wyroku Sądu Najwyższego - Izba Pracy, Ubezpieczeń Społecznych i Spraw Publicznych z 2005-07-05, I PK 293/04, Opubl: Wokanda rok 2005, Nr 11, str. 35 wskazano zaś, iż dopuszczalne jest dochodzenie przez pracownika od pracodawcy roszczeń uzupełniających z tytułu wypadków przy pracy, opartych na przepisach prawa cywilnego (art. 415, art. 444 i art. 445 KC). Pracownik występując z takim powództwem, nie może się w postępowaniu sądowym powołać jedynie na fakt wypadku przy pracy, który stwierdzony został protokołem powypadkowym, lecz obowiązany jest wykazać przesłanki prawne odpowiedzialności odszkodowawczej: 1) ciążącą na pracodawcy odpowiedzialność z tytułu czynu niedozwolonego, 2) poniesioną szkodę (uszczerbek na zdrowiu), 3) związek przyczynowy pomiędzy zdarzeniem będącym wypadkiem przy pracy a powstaniem szkody. Mając powyższe rozważania na uwadze stwierdzić należy, iż stanowisko freony pozwanej powołującej się na niemożność dochodzenia świadczeń uzupełniających od pracodawcy jest nieuprawnione.</xBx>
          </xText>
          <xText>Przystępując do oceny odpowiedzialności pozwanego stwierdzić należy, iż ponosi on pełną odpowiedzialność za wyrządzona powodowi szkodę, albowiem nie wykazał istnienie jakiejkolwiek przesłanki egzoneracyjnej.</xText>
          <xText>W świetle przeprowadzonego przez sąd postępowania dowodowego, nie budzi wątpliwości fakt, iż bezpośrednią przyczyną wypadku przy pracy, jakiemu w dniu 23 czerwca 2007 roku, uległ powód, było operowanie rękami w strefie niebezpiecznej wydmuchiwarki <xAnon>S.</xAnon>, a to docisku formy, między połówkami formy w czasie trwania cyklu produkcyjnego, co stanowiło naruszenie zakazu pracy w strefie niebezpiecznej w rozumieniu przepisu §1 pkt 3 rozporządzenia Ministra Gospodarki z dnia 30 października 2002r., w sprawie minimalnych wymagań dotyczących bezpieczeństwa i higieny pracy w zakresie użytkowania maszyn przez pracowników podczas pracy (Dz.U. z 2002r., nr 191, poz.1596 z późn. zm.) oraz niesprawność techniczna maszyny, polegająca na ingerencji w strukturę techniczną maszyny, powodująca nie działanie zabezpieczeń przed dostępem do strefy niebezpiecznej maszyny</xText>
          <xText>Powyższe okoliczności nie mogą jednak, w ocenie Sądu Okręgowego, jak podnosi pozwany, stanowić o przyczynieniu się powoda do zaistniałej szkody.</xText>
          <xText xALIGNx="left">Wszak pozwany nie udowodnił, zgodnie z wymogiem art. 6 k.c., iż powód dokonał zablokowania wyłączników krańcowych maszyny, w świetle poczynionych przez Sąd ustaleń faktycznych wynika zaś, iż <xAnon>D. M. (1)</xAnon> nie odbył instruktażu stanowiskowego w dziedzinie bezpieczeństwa i higieny pracy na stanowisku obsługi wydmuchiwarki <xAnon>S.</xAnon> , przeprowadzonego przez inspektora BHP, został jedynie ogólnie przeszkolony przez innego pracownika <xAnon>D. M. (2)</xAnon>, pracującego w pozwanej Spółce, który pokazał mu sposób obsługi maszyny. Pracownik ten wykonywał czynności przy maszynie, a powód im się jedynie przyglądał. <xAnon>D. M. (3)</xAnon> nie informował powoda, jakie czynności należy podjąć w przypadku wypadnięcia butelki w czasie ruchu maszyny. Powód miał co prawda pracować pod nadzorem starszego operatora <xAnon>J. R. (1)</xAnon>, jednakże zauważyć należy, iż na stanowisku znajdowały się dwie maszyny, wobec czego <xAnon>J. R. (1)</xAnon> musiał wykonywać czynności przy obsłudze swojej maszyny i jednocześnie nadzorować pracę powoda. Pracownik przekazywał przy tym powodowi informacje dotyczące obłogi maszyny, jakie sam uzyskał wcześniej od swojego poprzednika. Powód nie przeszedł żadnego innego przeszkolenia stanowiskowego. Tymczasem zgodnie z treścią art.237<xSUPx>4</xSUPx> §1 k.p. pracodawca jest obowiązany zaznajamiać pracowników z przepisami i zasadami bezpieczeństwa i higieny pracy dotyczącymi wykonywanych przez nich prac, zaś przepis art. 237<xSUPx>3</xSUPx> §2 k.p. stanowi, iż pracodawca jest obowiązany zapewnić przeszkolenie pracownika w zakresie bezpieczeństwa i higieny pracy przed dopuszczeniem go do pracy oraz prowadzenie okresowych szkoleń w tym zakresie. Jednym ze sposobów takiego właśnie zaznajomienia powoda przez pracodawcę, miało być zapewnianie przeszkolenia powoda na instruktażu stanowiskowym na stanowisku obsługi wydmuchiwarki, do tego bowiem zobowiązywał pracodawcę art.237<xSUPx>3</xSUPx> §2 ustawy Kodeks pracy. Odbycie instruktażu stanowiskowego powód miał potwierdzić na piśmie w karcie szkolenia wstępnego, która miała być przechowywana w aktach osobowych pracownika, tak bowiem stanowił przepis §12 rozporządzenia Ministra Gospodarki i Pracy z dnia 27 lipca 2004r., w sprawie szkolenia w dziedzinie bezpieczeństwa i higieny pracy (Dz.U. z 2004r., nr 180, poz.1860 z późn. zm.), który brzmi następująco<xBx>: </xBx>odbycie instruktażu ogólnego oraz instruktażu stanowiskowego pracownik potwierdza na piśmie w karcie szkolenia wstępnego, która jest przechowywana w aktach osobowych pracownika. 2. Wzór karty szkolenia wstępnego jest określony w załączniku nr 2 do rozporządzenia<xBx>.</xBx></xText>
          <xText xALIGNx="left"> Pozwany przedstawił co prawda Kartę szkolenia wstępnego w dziedzinie bezpieczeństwa i higieny pracy, wystawioną dla powoda w dniu 4 czerwca 2007 roku, w której potwierdza on, że odbył instruktaż stanowiskowy na stanowisku pracownika serwisu. Wbrew twierdzeniom pozwanego, karty szkolenia wstępnego w rozumieniu obowiązujących w tym zakresie przepisów, nie można utożsamiać z dokumentem wystawionym przez pozwanego w dniu 4 czerwca 2007 roku. Wszak instruktaż na stanowisku obsługi wydmuchiwarki, który miał odbyć powód, powinien być zorganizowany w sposób wskazany w zapisie Załącznika Nr 1 do rozporządzenia Ministra Gospodarki i Pracy z dnia 27 lipca 2004r., w sprawie szkolenia w dziedzinie bezpieczeństwa i higieny pracy (Dz.U. z 2004r., nr 180, poz.1860 z późn. zm.), Rozdziału II, pkt 3 - Szkolenie powinno być prowadzone w formie instruktażu - na stanowisku, na którym będzie zatrudniony instruowany pracownik (karta dotyczy przeszkolenia powoda na stanowisku pracownika serwisu), na podstawie szczegółowego programu opracowanego przez organizatora szkolenia. Szkolenie powinno uwzględniać następujące etapy: rozmowę wstępną instruktora z instruowanym pracownikiem, pokaz i objaśnienie przez instruktora całego procesu pracy, który ma być realizowany przez pracownika, próbne wykonywanie procesu pracy przez pracownika przy korygowaniu przez instruktora sposobów wykonywania pracy, samodzielną pracę instruowanego pracownika pod nadzorem instruktora, sprawdzenie i ocenę przez instruktora sposobu wykonywania pracy przez pracownika. Jeżeli pracownik wykonuje prace na różnych stanowiskach, szkolenie powinno uwzględniać wszystkie rodzaje prac, które będą należały do zakresu obowiązków pracownika. Zauważyć przy tym należy, iż kartę szkolenia powoda podpisał <xAnon>S. S. (1)</xAnon>, który nie posiadał uprawnień do przeprowadzenia instruktażu w zakresie przepisów BHP. Zresztą w czasie zatrudnienia powoda w pozwanej Spółce funkcję starszego inspektora BHP pełnił <xAnon>J. G. (1)</xAnon>, który w dacie wypadku nie posiadał ważnego szkolenia okresowego dla pracowników służby BHP, w związku z czym nie powinien pełnić funkcji pracownika służby BHP. W świetle powyższych rozważań stwierdzić należy, iż pozwany pracodawca nie zorganizował więc powodowi szkolenia odpowiadającego wskazanym powyżej regułom, wszak w żadnym razie za przeszkolenie stanowiskowe w rozumieniu powyższych przepisów nie można uznać informacji, które uzyskał powód od jednego pracowników, który przekazał mu jedynie informacje o sposobie działania, maszyny, bądź też fakt nabycia przez powoda wiedzy o pracy i sposobie obsługi śmieciarki w trakcie wykonywania pracy. Wszak nie przeszkolony pracownik, może nabyć doświadczenie nieprawidłowego wykonywania pracy na danym stanowisku. Sam fakt wykonywania bowiem pracy przez wiele lat, w żadnym razie, nie daje gwarancji prawidłowości jej wykonywania, zaś powód obserwując innych pracowników wykonujących swoje obowiązki, nie miał gwarancji nabycia odpowiedniej praktyki. W świetle zaś zeznań świadków: <xAnon>D. M. (2)</xAnon> oraz <xAnon>J. R. (1)</xAnon> taka właśnie praktyka obowiązywała w pozwanym Zakładzie, pracownicy obsługujący dane stanowisko pracy „przyuczali” do pracy nowych pracowników.</xText>
          <xText xALIGNx="left">Dlatego też, uznać należy, iż pozwany, nie zaznajamiając powoda z przepisami bezpieczeństwa i higieny pracy na stanowisku obsługi wydmuchiwarki, w tym z zakazem operowania rękami w strefie niebezpiecznej maszyny przez to, że nie zapewnił przeszkolenia powoda w zakresie instruktażu stanowiskowego na stanowisku obsługi tejże maszyny, przed dopuszczeniem go do pracy na tym stanowisku i naruszając tym sposobem art.237<xSUPx>
    4</xSUPx> §1 ustawy z dnia 26 czerwca 1974r., Kodeks pracy (Tekst jedn. Dz.U. z 1998r., nr 21, poz.94 z późn. zm.), w związku z naruszeniem art.237<xSUPx>
    3</xSUPx> §2 tejże ustawy, przyczynił się do powstania wypadku przy pracy powoda w dniu 23 czerwca 2007 roku. Nadto powód nie został zaznajomiony przez pracodawcę, drogą wydania instrukcji stanowiskowej, z przepisami bezpieczeństwa i higieny pracy, obowiązującymi na stanowisku obsługi wydmuchiwarki, w tym z zakazem operowania rękami w strefie niebezpiecznej, a to w strefie docisku formy, między połówkami formy w czasie trwania cyklu produkcyjnego.Pozwany, będąc pracodawcą powoda, nie poinformował go o poziomie ryzyka na stanowisku obsługi wydmuchiwarki <xAnon>S.</xAnon> oraz nie poinformował go o sposobie ochrony przed zagrożeniami związanymi z tą pracą, czym pozwany naruszył art.226 pkt 2 ustawy z dnia 26 czerwca 1974r., Kodeks pracy (Tekst jedn. Dz.U. z 1998r., nr 21, poz.94 z późn. zm.). Zgodnie bowiem z treścią art.226 k.p. pracodawca informuje pracowników o ryzyku zawodowym, które wiąże się z wykonywaną pracą, oraz o zasadach ochrony przed zagrożeniami, pozwany zaś nie przedstawił dokumentu potwierdzającego fakt pouczenia powoda w powyższym zakresie. Wszak proces oceny ryzyka zawodowego sprowadza się do wykonania następujących czynności: identyfikacji zagrożeń pojawiających się w trakcie wykonywania ocenianej pracy, oceny ryzyka zawodowego dla każdego ze zidentyfikowanych zagrożeń, wskazania i zastosowania środków profilaktycznych redukujących skalę każdego zagrożenia, a więc zmniejszających ryzyko zawodowe, informowania pracowników o poziomie ryzyka zawodowego na stanowisku, informowania pracowników o sposobie ochrony przed zagrożeniami związanymi z tą pracą. Przeprowadzenie wiec rzetelnej obserwacji pracy przy wydmuchiwarce w celu identyfikacji zagrożeń występujących podczas tej pracy, pozwoliłoby na zidentyfikowanie i określenie strefy niebezpiecznej, tj. docisku formy, między połówkami formy w czasie trwania cyklu produkcyjnego. Zapoznanie powoda z powyższym ryzykiem niewątpliwie przyczyniłoby się do zwiększenia uwagi powoda na tę sferę jego pracy i zminimalizowania w ten sposób zagrożenia. Z kolei, w zakresie wskazania środków profilaktycznych redukujących skalę zagrożenia, należało: wydać zakaz operowania rękami w tej strefie niebezpiecznej, umieścić ten zakaz w szczegółowej instrukcji obsługi wydmuchiwarki <xAnon>S.</xAnon> i wydać tę instrukcję, do tego bowiem zobowiązywał pracodawcę art.237<xSUPx>
    4</xSUPx> §2 k.p. oraz art.237<xSUPx>
    4</xSUPx> §1 k.p. Pozwany, będąc pracodawcą powoda, nie zorganizował pracy na stanowisku obsługi wydmuchiwarki w sposób zapewniający bezpieczne i higieniczne warunki tej pracy przez to, że dopuścił powoda do pracy, do której wykonywania nie posiadał on dostatecznej znajomości przepisów bezpieczeństwa i higieny pracy, w tym zakazu operowania rękami w strefie niebezpiecznej maszyny, czym pozwany naruszył art.207 §2 pkt 1 ustawy z dnia 26 czerwca 1974r., Kodeks pracy (Tekst jedn. Dz.U. z 1998r., nr 21, poz.94 z późn. zm.), w związku z naruszeniem art.237<xSUPx>
    3</xSUPx> §1 tejże ustawy.</xText>
          <xText>Oczywiście nie bez znaczenia dla oceny prawidłowości postępowania pozwanego pracodawcy oraz jego odpowiedzialności za zaistniałą na skutek wypadku szkodę ma wyrok Sądu Rejonowego w Bełchatowie w II Wydziale Karnym, z dnia 19 grudnia 2008 roku, wydany w sprawie sygn. akt IIK 145/08, mocą którego na postawie art. 66§1i§2 k.k., art. 67§1 k.k. i art. 67§3 k.k. w zw. z art. 72§1 pkt 1 k.k. Sąd ten warunkowo umorzył postępowanie karne wobec <xBx><xAnon>L. W.</xAnon></xBx> oskarżonego o to, że w dniu 23 czerwca 2007r. w <xAnon>R.</xAnon>, <xUx>będąc Prezesem Zarządu <xAnon> Towarzystwa (...)</xAnon>, o</xUx>sobą odpowiedzialną za stan bezpieczeństwa i higieny pracy w zakładzie pracy nie dopełnił wynikających stąd obowiązków poprzez:</xText>
          <xText>- <xBx>nie zapewnienie organizacji pracy w sposób zapewniający bezpieczne i higieniczne warunki pracy, </xBx></xText>
          <xText>
            <xBx>- nie zapewnienie przestrzegania w zakładzie pracy przepisów i zasad z zakresu bhp oraz </xBx>
          </xText>
          <xText><xBx>
    
    
    
    
    
    
    
    
    
    
    
    
    - nie zapewnienie maszyny <xAnon>S.</xAnon><xAnon>(...)</xAnon> sprawnej technicznie, </xBx>narażając tym zatrudnionego pracownika na bezpośrednie niebezpieczeństwo utraty życia, albo ciężkiego uszczerbku na zdrowiu i w sposób istotny przyczynił się do zaistniałego w dniu 23 czerwca 2007r. na terenie <xAnon> Towarzystwa (...)</xAnon> w <xAnon>R.</xAnon>, gm. <xAnon>K.</xAnon> wypadku przy pracy, jakiemu uległ zatrudniony przez niego pracownik <xAnon>D. M. (1)</xAnon>, który obsługując niesprawną technicznie maszynę <xAnon>(...)</xAnon> wskutek braku potrzebnych umiejętności i dostatecznej znajomości przepisów i zasad bhp, a także braku nadzoru nad jego pracą niewłaściwie operował kończyną w strefie niebezpiecznej, bez uprzedniego usunięcia zagrożenia, co spowodowało, iż doznał urazu ręki lewej w postaci ran miażdżonych i szarpanych śródręcza lewego, a w następstwie tego amputacji 4 palców dłoni lewej, co należy traktować jako ciężkie kalectwo, <xBx>
    
    
    
    
    
    
    
    
    
    
    
    
    tj. o czyn z art. 220§1 k.k. w zbiegu z art. 156§2 k.k. w zw. z art. 11 §2 k.k. oraz o to, że </xBx>w dniu 23 czerwca 2007r. w <xAnon>R.</xAnon>, będąc Prezesem Zarządu <xAnon> Towarzystwa (...)</xAnon>, osobą odpowiedzialną za niezwłoczne zgłoszenie do właściwych organów faktu zaistnienia ciężkiego wypadku przy pracy nie powiadomił w terminie właściwym PIP i Prokuratury o ciężkim wypadku przy pracy, któremu uległ jego pracownik <xAnon>D. M. (1)</xAnon>, <xBx>
    
    
    
    
    
    
    
    
    
    
    
    
    tj. o czyn z art. 221 §1 k.k. Co prawda u</xBx>stalenia wydanego w postępowaniu karnym prawomocnego wyroku warunkowo umarzającego postępowanie - co do popełnienia przestępstwa - nie wiążą z mocy art. 11 KPC sądów w postępowaniu cywilnym (zob. uchwała SN(7, zasada prawna) z 22.10.1974 r., III CZP 20/74, OSNCP 1975, Nr 2, poz. 17; patrz też <xIx>
    
    
    
    
    
    
    
    
    
    
    
    
    
    E. Wengerek
  </xIx>, Przegląd orzecznictwa, NP 1976, Nr 7-8, s. 1121) , jednakże powinny one być ocenione przez sąd cywilny w ramach przysługujących temu sądowi uprawnień z art. 233 § 1 KPC. Stanowią one bowiem istotne okoliczności sprawy, <xUx>
    
    
    
    
    
    
    
    
    
    
    
    
    gdyż orzeczenie o warunkowym umorzeniu postępowania karnego może zapaść tylko wówczas, gdy okoliczności popełnienia czynu nie budzą wątpliwości</xUx> (zob. wyr. SN z 20.9.1973 r., II PR 223/73, Legalis z glosą <xIx>
    
    
    
    
    
    
    
    
    
    
    
    
    M. Tyczki</xIx>, NP 1974, Nr 6, s. 946). Oznacza to więc, iż ustalenia dokonane w tym orzeczeniu mają znaczenie dowodowe w sprawie cywilnej, wyrok sądu jest bowiem dokumentem urzędowym w rozumieniu art. 244 k.p.c. Z dokumentem urzędowym związane są zaś dwa domniemania - tzw. domniemanie autentyczności i domniemanie prawdziwości. W odniesieniu do pierwszego domniemania przyjmuje się, że organ, które figuruje w dokumencie, jest tym, który ten dokument sporządził. W drugim przypadku mamy do czynienia z domniemaniem zgodności z prawdą tego, co zostało w dokumencie urzędowo stwierdzone. Oba domniemania mogą zostać oczywiście obalone, jednakże strona pozwana nie podejmowała żadnych działań w celu obalenia powyższego domniemania<xBx>
    
    
    
    
    
    
    
    
    
    
    
    
     (</xBx>tak Wyrok Sądu Najwyższego - Izba Pracy i Ubezpieczeń Społecznych z 1978-04-18, IV PR 90/78, Opubl: Legalis). Wydanie więc przez sąd karny powyższego rozstrzygnięcia stanowi dla sądu podstawę do uznania, iż oskarżeni popełnili zarzucane im czyny, co potwierdza przeprowadzone przez sąd postępowanie dowodowe (Wyrok Sądu Najwyższego - Izba Pracy i Ubezpieczeń Społecznych z 1978-04-18, IV PR 90/78). Zgodnie bowiem z treścią art. 220 § 1 k.k. kto, będąc odpowiedzialny za bezpieczeństwo i higienę pracy, nie dopełnia wynikającego stąd obowiązku i przez to naraża pracownika na bezpośrednie niebezpieczeństwo utraty życia albo ciężkiego uszczerbku na zdrowiu, podlega karze pozbawienia wolności do lat 3. § 2. Jeżeli sprawca działa nieumyślnie, podlega grzywnie, karze ograniczenia wolności albo pozbawienia wolności do roku. <xBx>
    
    
    
    
    
    
    
    
    
    
    
    
    Dobrem chronionym</xBx> jest prawo pracownika do świadczenia pracy w warunkach gwarantujących bezpieczeństwo i higienę. <xBx>
    
    
    
    
    
    
    
    
    
    
    
    
    Ubocznym dobrem chronionym</xBx> jest życie oraz zdrowie pracownika.<xBx>
    
    
    
    
    
    
    
    
    
    
    
    
     Podmiotem</xBx> przestępstwa może być osoba odpowiedzialna za bezpieczeństwo i higienę pracy. W pierwszym rzędzie będzie nią pracodawca (art. 207 § 1 KP). W imieniu pracodawcy zakładem pracy zarządzają pracownicy kierujący pracownikami zatrudnionymi przy pracach wykonawczych. Podmioty te, jako osoby kierujące pracownikami w rozumieniu art. 212 KP, mogą ponieść odpowiedzialność na podstawie art. 220 KK (<xIx>
    
    
    
    
    
    
    
    
    
    
    
    
    Radecki</xIx>, [w:] <xIx>
    
    
    
    
    
    
    
    
    
    
    
    
    Wąsek</xIx>, <xIx>
    
    
    
    
    
    
    
    
    
    
    
    
    Zawłocki</xIx> (red.), Kodeks karny, t. I). Należy zaaprobować stanowisko, w świetle którego sprawcą może być także osoba pełniąca funkcje kontrolne i nadzorcze z zakresu bezpieczeństwa i higieny pracy, nawet jeżeli nie pozostaje w strukturze organizacyjnej zakładu pracy (<xIx>
    
    
    
    
    
    
    
    
    
    
    
    
    
    J. Brylak, T. Niedziński
  </xIx>, Przestępstwa, s. 53 i n.). Dotyczy to zwłaszcza członków służby bhp oraz społecznych inspektorów pracy (zob. <xIx>
    
    
    
    
    
    
    
    
    
    
    
    
    Wróbel</xIx>, [w:] <xIx>
    
    
    
    
    
    
    
    
    
    
    
    
    Zoll</xIx> (red.), Kodeks karny, t. II, s. 873; inaczej <xIx>
    
    
    
    
    
    
    
    
    
    
    
    
    R. Widzisz</xIx>, Odpowiedzialność za naruszenie bezpieczeństwa, s. 75 i n.).<xBx>
    
    
    
    
    
    
    
    
    
    
    
    
     . </xBx>Czynność sprawcza polega na niedopełnieniu obowiązku wynikającego z odpowiedzialności za bezpieczeństwo i higienę pracy. Jest to więc przestępstwo, które może być popełnione przez <xBx>
    
    
    
    
    
    
    
    
    
    
    
    
    zaniechanie.</xBx> Niedopełnienie obowiązku w zakresie bhp polega na zaniechaniu podjęcia takich działań, które w danej sytuacji faktycznej, w konkretnym miejscu i czasie, zgodnie z obowiązującymi przepisami i zasadami bhp należało podjąć (<xIx>
    
    
    
    
    
    
    
    
    
    
    
    
    
    S. Kowalski
  </xIx>, Obowiązek, s. 25). Źródłami obowiązku są nie tylko ogólne przepisy KP (m.in. art. 207 § 2) czy rozporządzeń wykonawczych (rozporządzenie Ministra Pracy i Polityki Społecznej z 26.9.1997 r. w sprawie ogólnych przepisów bezpieczeństwa i higieny pracy, t.j. Dz.U. z 2003 r. Nr 169, poz. 1650 ze zm.), ale także szczegółowe przepisy wykonawcze oraz nieskodyfikowane zasady bhp. W świetle poczynionych w niniejszej sprawie ustaleń nie budzi wątpliwości fakt naruszenia przez prezesów zarządu pozwanej pierwotnie spółki: <xAnon>L. W.</xAnon> oraz <xAnon>W. T.</xAnon>, szeregu przepisów z zakresu prawa pracy oraz bezpieczeństwa i higieny pracy, co zostało omówione we wstępnej części rozważań. Nie ulega również wątpliwości, iż powyższe zaniedbania pozostają w ścisłym związku przyczynowym z zaistniałym wypadkiem i doznanym przez powoda ciężkim uszczerbkiem na zdrowiu w rozumieniu art.156&amp;2 k.k.</xText>
          <xText>W tym miejscu Sąd zauważa, iż w niniejszej sprawie posiłkował się dowodami przeprowadzonymi w toku postępowania karnego, albowiem Sąd cywilny może wykorzystać dowody zgromadzone w aktach sprawy karnej i na nich oprzeć swoje rozstrzygnięcie. Sąd ujawnił na rozprawie w dniu 19 grudnia 2013 roku (k-587v.), jakie dowody ze sprawy karnej dopuszcza, strony miały więc pełną świadomość w powyższym zakresie i nie wnosiły o powtórzenie wskazanych przez sąd dowodów ponownie, w toku niniejszego postępowania. W szczególności wskazać należy, iż strony nie kwestionowały ustaleń poczynionym przez sąd karny w wyroku w zakresie odpowiedzialności pozwanego za zaistniały wypadek w pracy w dniu 23.06.2007 roku, jak również ustaleń i wniosków zawartych w opinii biegłego z zakresu BHP, zgłoszony zaś przez pełnomocnika pozwanego wniosek dotyczył jedynie ustalenia kwestii przyczynienia się powoda do zaistniałej szkody (tak Wyrok Sądu Najwyższego - Izba Cywilna z 2011-11-23, IV CSK 142/11, Opubl: Legalis).</xText>
          <xText>Powyższe wnioski skutkują uznaniem przez Sąd Okręgowy, iż <xBx><xUx>
      
      powód <xAnon>D. M. (1)</xAnon> nie przyczynił się do wypadku w dniu 23 czerwca 2007 roku</xUx></xBx><xUx>
    
    , albowiem nie może ponosić konsekwencji ewentualnego naruszenia przepisów BHP, skoro ich nie znał, albowiem nie został zapoznany przez pracodawcę z przepisami instrukcji bezpieczeństwa i higieny pracy na stanowisku obsługi wydmuchiwarki <xAnon>S.</xAnon>.</xUx> Nadto w toku postępowania pozwany nie udowodnił, iż to powód ponosi odpowiedzialność za niesprawność maszyny powstałej w wyniku ingerencji w jej strukturę techniczną, powodującą nie działanie zabezpieczeń przed dostępem do strefy niebezpiecznej maszyny. Sąd dał więc w tym zakresie wiarę zeznaniom powoda, który wskazał, iż osłony były zdemontowane od momentu podjęcia przez niego pracy, albowiem pracodawcy zależało na ciągłości pracy maszyny. Pozwana spółka zajmowała się bowiem produkcją wód gazowanych, a w miesiącu czerwcu była pełnia sezonu, tak więc linia produkcyjna musiała dostarczać odpowiednią ilość butelek (dowód: zeznania powoda 00:11:54, 00:12:30 k-566). Zresztą nawet w przypadku ustalenia, że poszkodowany przyczynił się do powstania szkody, sąd nie ma obowiązku zmniejszenia zadośćuczynienia i może je przyznać w pełnej wysokości. W szczególności uzasadnione będzie zasądzenie sumy pieniężnej, która pokrywa całą powstałą szkodę, w wypadku, gdy stopień przyczynienia się nie był znaczący (tak Wyrok Sądu Apelacyjnego w Gdańsku z 2010-12-31, III APa 21/10, Opubl: Przegląd Orzecznictwa Sądu Apelacyjnego w Gdańsku rok 2011, Nr 1, poz. 1, str. 51).</xText>
          <xText>Sąd oddalił wniosek strony pozwanej o dopuszczenie dowodu z opinii biegłego z zakresu BHP na okoliczność ustalenia stopnia przyczynienie się powoda do zaistnienia wypadku, jako niezasadny. Słusznie bowiem podniósł pełnomocnik powoda, iż nie jest rolą biegłego wypowiadanie się o przyczynieniu się powoda do zaistnienia wypadku oraz rozmiarów szkody, albowiem okoliczności te podlegają ocenie sądu ( tak też Sąd Najwyższy w wyroku z dnia 20.01.1970 r. IIPR 18/69).</xText>
          <xText xALIGNx="left"> W świetle nie budzących wątpliwości opinii biegłych sądowych z zakresu ortopedii <xAnon>R.</xAnon><xAnon>E.</xAnon>, psychiatrii <xAnon>J. C. (1)</xAnon>, które Sąd uznał za w pełni wiarygodne, spójne i wzajemnie się uzupełniające, nie budzi wątpliwości fakt, iż skutki wypadku, jakiego powód doznał w dniu 23 czerwca 2007 roku, były i są nadal dla niego bardzo dotkliwe. W wyniku wypadku powód doznał urazu ręki lewej w postaci ran miażdżonych i szarpanych śródręcza lewego z pierwotnym ubytkiem tkanek miękkich, rany okalającej śródręcza i podstawy kciuka lewego z wieloodłamowym złamaniem II-V kości śródręcza oraz paliczka podstawnego kciuka, uszkodzeniem pęczków naczyniowo-nerwowych z pierwotnym ubytkiem w obrębie śródręcza oraz z niedokrwieniem palców II-V ręki lewej, uszkodzenia mięśni międzykostne i kłębu kciuka. Przebieg pourazowy jest powikłany, albowiem skutkował utratą ręki lewej na poziomie 1/3 środkowej śródręcza z dysfunkcją statyczno-dynamiczną kciuka lewej ręki. Amputację w/w palców wykonano z powodu powikłań typu niedokrwiennych z martwicą po urazie zmiażdżeniu ręki z związku i obrażeniami pęczków naczyniowo-nerwowych. Przebieg powikłany jest więc niedokrwieniem ręki lewej z jej martwicą. <xBx>Niedokrwienie i martwica niewątpliwie pozostają w związku przyczyno-skutkowym z przebytym urazem w pracy z dnia 23.06.2007 roku.</xBx> Stopień cierpień fizycznych u powoda był duży przez okres około pół roku, w następnym okresie i nadal, jest to stopień umiarkowany, przy czym ma on charakter trwały, głównie z powodu upośledzenia funkcji chwytu i utraty anatomicznej części ręki lewej. Obecnie powód odczuwa dolegliwości typu przeciążeniowego z nadmierną reakcją na zmianę pogody, głównie w obrębie twardawej blizny. Nadto podkreślić należy, iż funkcja kciuka jest upośledzona w około 30% jego wydolności. Ocena wydolności kciuka jest oparta na objawie szczypcowym i przeciwstawienia oraz zdolności do trzymania większych przedmiotów. Stan ręki lewej jest poważnie naruszony, jednak od ponad 2 lat nie uległ pogorszeniu, tak więc stan powoda, pomimo trwałej niepełnosprawności, jest stabilny. Powód obecnie z powodu następstwa urazu nie wymaga leczenia ortopedycznego i rehabilitacyjnego. Fizyczny ubytek kończyny na poziomie ręki jest oczywiście nieodwracalny, tak więc niepełnosprawność jest trwała.</xText>
          <xText>W wyniku wypadku powód doznał <xBx>trwałego uszczerbku na zdrowiu w wysokości 40 % </xBx>( uraz kciuka lewego z znacznym ograniczeniem funkcji wg pozycji <xBx>136 b) -12%; </xBx>uraz wskaziciela z utratą części śródręcza lewego na poziomie 1/3 środkowej wg pozycji <xBx>137 F) - 20%; </xBx>uraz III, IV <xBx>i </xBx>V palca z utratą III, IV <xBx>i </xBx>V kości śródręcza na poziomie 1/3 środkowej wg pozycji <xBx>140 - 8%). </xBx>Ustalając uszczerbek u powoda po utracie większości użytecznej ręki lewej, biegły brał pod uwagę, iż globalny maksymalny uszczerbek nie może przekroczyć uszczerbku przy utracie ręki na poziomie nadgarstka, który wynosi 50%.</xText>
          <xText xALIGNx="left"> Powód wymagał pomocy innych osób średnio około 8 godzin dziennie przez okres około sześciu miesięcy, po tym okresie zaś, przez kolejne sześć miesięcy wymagał pomocy przez około trzy godziny dziennie. Po tym okresie i w przyszłości powód będzie wymagał częściowej pomocy, głównie przy wykonywaniu niektórych czynności, wymagających pełnej sprawności manualnej obu rąk np. przy wykonaniu ręcznego brania, czy otwieraniu słoików itd. Czas opieki tych czynności nie przekracza 1 godzinę dziennie. Nadto nie można w przyszłości wykluczyć pogorszenia i tak nie w pełni dobrej funkcji kciuka lewego, pogorszenie to jednak nie powinno być znaczące.</xText>
          <xText xALIGNx="left">Powód obecnie jest <xUx>częściowo niezdolny do pracy,</xUx> nie będzie mógł wykonywać pracy np. w budownictwie, cukiernictwie, czy jako mechanik, mechanik, magazynier, kierowca itd. Powód jest osobą trwale niepełnosprawną i nie jest zdolny do wykonywania pracy wymagającej pełnej sprawności manualnej obu rąk</xText>
          <xText xALIGNx="left">Przedmiotowe zdarzenie wpłynęło również negatywnie na zdrowie psychiczne powoda i jego usposobienie. <xAnon>D. M. (1)</xAnon> przed wypadkiem był osobą towarzyską, optymistycznie patrzącą na świat, po wypadku jego stan psychiczny uległ znacznemu pogorszeniu, nie chce spotykać się towarzysko, jeździć na wakacje, ma odruch ciągłego chowania reki do kieszeni. Krepują go spojrzenia obcych ludzi oraz ich dotyk, w związku z wypadkiem miewał koszmarne sny np. dotyczące przebiegu wypadku, czy wyglądu uszkodzonej ręki. Obecnie powód jest nerwowy, szybko się zniechęca, ma problemy z wykonywaniem niektórych czynności np. otwieraniem zapakowanych przedmiotów, nie robi zakupów, ponieważ nie może wyjąć pieniędzy z portfela i zapakować zakupów Powód korzystał z pomocy psychologa raz w miesiącu, koszt jednej wizyty wynosi 80 złotych. Biegły psychiatra <xAnon>J. C. (1)</xAnon> rozpoznał u powoda zaburzenia zachowania i emocji z wiązane z narażeniem na stres. Istnieje ewidentny związek przyczynowo-skutkowy i czasowy stwierdzonych zaburzeń z wypadkiem, jakiemu uległ powód w dniu 23.06.2007 roku. Stopień cierpień psychicznych wywołanych urazem biegły ocenił na znaczny w początkowym okresie i umiarkowany obecnie. Stwierdzone zaburzenia mają charakter czynnościowy i rokują dobrze po wdrożeniu odpowiednich oddziaływań psychoterapeutycznych, nie powodują one jednak trwałego uszczerbku na zdrowiu powoda z punktu widzenia psychiatrycznego.</xText>
          <xText xALIGNx="left">
            <xBx>Powyższe konsekwencje wypadku skutkują uznaniem za zasadne roszczenie powoda opartego na treści art. 445&amp;1 k.c., zgodnie z którym w razie uszkodzenia ciała lub wywołania rozstroju zdrowia sąd może przyznać poszkodowanemu odpowiednią sumę tytułem zadośćuczynienia pieniężnego za doznaną krzywdę Zadośćuczynienie stanowi formę rekompensaty pieniężnej z tytułu szkody niemajątkowej. Podstawą żądania z art. 445 jest doznana krzywda niemajątkowa w postaci ujemnych przeżyć związanych z cierpieniami psychicznymi i fizycznymi pokrzywdzonego, wynikająca z naruszenia dóbr osobistych wskazanych w tym przepisie; zob. wyr. SN z 4.7.1969 r. (I PR 178/69, OSNC 1970, Nr 4, poz. 71 z glosą <xIx>A. Szpunara</xIx>, PiP 1970, z. 8-9, s. 412). Zadośćuczynienie nie może być jednak przyznane z powodu ujemnych przeżyć psychicznych wywołanych uszczerbkiem majątkowym, wynikającym z naruszenia dóbr niemajątkowych, np. żal z powodu utraconego zarobku (por. tak trafnie <xIx>J. Panowicz-Lipska</xIx>, Majątkowa ochrona, s. 38). Dystynkcja pomiędzy krzywdą doznaną z powodu naruszenia dóbr wskazanych w art. 445 a wynikającą z innych powodów może być niekiedy trudna do przeprowadzenia. Należy jednak uznać za trafne stanowisko skłaniające się do szerszej wykładni pojęcia rozstrój zdrowia, jako obejmującego również stany poważnego rozstroju psychicznego spowodowanego zdarzeniami, z którymi ustawa łączy odpowiedzialność w sferze odpowiedzialności <xIx>ex delicjo</xIx>. Nie ulega wątpliwości, że rozstrój zdrowia pokrzywdzonego musi pozostawać w związku przyczynowym ze zdarzeniem, z którym ustawa łączy w danym wypadku odpowiedzialność <xIx>ex delicto</xIx>. W świetle nie budzących wątpliwości opinii biegłych sądowych z zakresu ortopedii <xAnon>R.</xAnon><xAnon>E.</xAnon> oraz psychiatrii <xAnon>J. C. (1)</xAnon>, nie budzi wątpliwości fakt, iż skutki wypadku, jakiego powód doznał w dniu 23 czerwca 2007 roku, były i są nadal dla niego bardzo dotkliwe. Zgodnie zaś z treścią art. 11, punkt 2, ustawy z dnia 30.10.2002 roku o ubezpieczeniu społecznym z tytułu wypadków przy pracy i chorób zawodowych (Dz.U. Nr 199, poz. 1673) za stały uszczerbek na zdrowiu uważa się takie naruszenie sprawności organizmu, które powoduje upośledzenie czynności organizmu nie rokujące poprawy. </xBx>
          </xText>
          <xText xALIGNx="left">
            <xBx>Powód ma obecnie 28 lat i nie posiada wyuczonego zawodu, utrzymuje się z renty w kwocie 664,00 złotych miesięcznie, nie ma nikogo na utrzymaniu.</xBx>
          </xText>
          <xText>Mając powyższe ustalenia na uwadze, Sąd Okręgowy uznał, iż należne powodowi zadośćuczynienie winno wynosić 69.084 złote. Sąd uznał, iż powód doznał na skutek wypadku uszczerbku na zdrowiu w wysokości 40 %, przyjmując zaś za 1% uszczerbku kwotę 2.500 złotych otrzymamy kwotę 100.000,00 złotych. W tej sytuacji żądana przez powoda kwota 95.000 złotych jest kwotą w pełni zasadną, albowiem Sąd nie może orzec ponad żądanie pozwu. Jednocześnie jednak Sąd uznał, iż na poczet należnego powodowi zadośćuczynienia należy zaliczyć kwotę wypłaconego na jego rzecz jednorazowego odszkodowania przez ZUS w wysokości 25.916,00 złotych. Powyższe stanowisko znajduje potwierdzenie w wyroku Sądu Najwyższego z dnia 21.10.2003 roku, w którym stwierdził on, iż jednorazowe odszkodowanie z tytułu wypadku przy pracy (wypadku w drodze do i z pracy) wypłacone przez pracodawcę nie podlega odliczeniu od zadośćuczynienia pieniężnego przysługującemu poszkodowanemu na podstawie art. 445 § 1 KC; odszkodowanie to powinno natomiast być wzięte pod uwagę przy określeniu wysokości zadośćuczynienia (wyrok Sądu Najwyższego - Izba Cywilna z 2003-10-21, I CK 410/02, opubl: Legalis).</xText>
          <xText>Sąd zasądził należne powodowi odsetki od dnia następnego od doręczenia stronie pozwanej odpisu pozwu tj. od dnia 19 listopada 2009 roku (k-68). Odsetki należą się bowiem, zgodnie z <xUx>art. 481</xUx> KC, za samo opóźnienie w spełnieniu świadczenia, choćby więc wierzyciel nie poniósł żadnej szkody i choćby opóźnienie było następstwem okoliczności, za które dłużnik nie ponosi odpowiedzialności. Stanowią one zatem opartą na uproszczonych zasadach rekompensatę typowego uszczerbku majątkowego doznanego przez wierzyciela wskutek pozbawienia go możliwości czerpania korzyści z należnego mu świadczenia pieniężnego (por. wyrok Sądu Najwyższego z dnia 10 lutego 2000 r., <xUx>II CKN 725/98</xUx>, OSNC 2000, nr 9, poz. 158).</xText>
          <xText>Sąd oddalił powództwo w zakresie zasądzenia ustawowych odsetek za okres od dnia wniesienia pozwu tj od dnia 4 maja 2009 roku do dnia 18 listopada 2009 roku.</xText>
          <xText>Odnosząc się do żądania powoda w zakresie zasądzenia odszkodowania za uszczerbek w majątku stwierdzić należy, iż podstawy jego dochodzenia należy upatrywać w treści art. 447 k.c., zgodnie z którym z ważnych powodów sąd może na żądanie poszkodowanego przyznać mu zamiast renty lub jej części odszkodowanie jednorazowe. Dotyczy to w szczególności wypadku, gdy poszkodowany stał się inwalidą, a przyznanie jednorazowego odszkodowania ułatwi mu wykonywanie nowego zawodu. Oczywiście powyższy przepis ściśle łączy się z art.444. § 1i 2 k.c., zgodnie z którym w razie uszkodzenia ciała lub wywołania rozstroju zdrowia naprawienie szkody obejmuje wszelkie wynikłe z tego powodu koszty. Na żądanie poszkodowanego zobowiązany do naprawienia szkody powinien wyłożyć z góry sumę potrzebną na koszty leczenia, a jeżeli poszkodowany stał się inwalidą, także sumę potrzebną na koszty przygotowania do innego zawodu. Jeżeli poszkodowany utracił całkowicie lub częściowo zdolność do pracy zarobkowej albo jeżeli zwiększyły się jego potrzeby lub zmniejszyły widoki powodzenia na przyszłość, może on żądać od zobowiązanego do naprawienia szkody odpowiedniej renty. Przepis art.447 k.c. reguluje kwestię tzw. <xBx>kapitalizacji renty</xBx>, i to zarówno należnej bezpośrednio poszkodowanemu (art. 444 KC), jak i renty zasądzanej na podstawie art. 446 KC. Warunkiem wszakże takiej kapitalizacji jest powstanie prawa do renty oraz zaistnienie ważnych powodów przemawiających za tym, żeby w miejsce świadczenia okresowego przyznać odszkodowanie jednorazowe. Kapitalizacja renty w rozumieniu art. 447 KC dotyczy renty z art. 444 § 2 KC, która ma na celu naprawienie szkody przyszłej, wyrażającej się w wydatkach na zwiększone potrzeby oraz w nieosiągnięciu zarobków i innych korzyści majątkowych, jakie poszkodowany mógłby osiągnąć w przyszłości, gdyby nie doznał rozstroju zdrowia (tak wyr. SN z 3.11.2009 r., II CSK 249/09, Legalis). Ustawodawca nie zdefiniował pojęcia <xBx>ważnych powodów</xBx>, wskazując jedynie przykładowo na sytuację, gdy poszkodowany stał się inwalidą, a przyznanie jednorazowego odszkodowania ułatwi mu wykonywane nowego zawodu. Dlatego też przesłanka "ważnych powodów" powinna być oceniana każdorazowo przez sąd rozstrzygający spór i stanowi istotny element ogólnej oceny prawnej w podjętej sprawie. Oceny tej należy dokonywać w kontekście występujących w sporze okoliczności faktycznych, ze szczególnym uwzględnieniem sytuacji poszkodowanego (por. wyr. SN z 25.7.2001 r., I CKN 1140/99, MoP 2001, Nr 16, s. 811). Taką szczególną okolicznością przemawiającą za kapitalizacją renty są np. ustalenia sądu, które prowadzą do wniosku, że przyszłe raty renty nie będą mogły być skutecznie egzekwowane, a więc wynikające z prawomocnego wyroku sądowego prawo nie będzie w ogóle zrealizowane (por. wyr. SN z 15.12.1998 r., II UKN 604/98, OSN 2000, Nr 4, poz. 153; także wyr. z 30.7.2003 r., II UK 332/02, OSN 2004, Nr 10, poz. 176).</xText>
          <xText>W świetle poczynionych przez sąd ustaleń faktycznych nie budzi wątpliwości fakt, iż powód w wyniku wypadku doznał uszkodzenia ciała, przez co należy rozumieć naruszenie integralności cielesnej (fizycznej), pozostawiające wyraźne ślady zarówno o charakterze zewnętrznym, jak i uszkodzenie narządów wewnętrznych. <xAnon>D. M. (1)</xAnon> utracił częściowo zdolność do pracy, co czyni zasadnym ewentualne zasądzenie na jego rzecz renty. Renta z art. 444 § 2 KC przysługująca poszkodowanemu, który zachował częściowo zdolność do pracy, powinna zaś odpowiadać różnicy między zarobkami, jakie mógłby osiągnąć, gdyby nie uległ wypadkowi a wynagrodzeniem, jakie w konkretnych warunkach jest w stanie uzyskać przy wykorzystaniu swojej uszczuplonej zdolności do pracy. Poszkodowany ma obowiązek minimalizowania szkody w granicach swoich możliwości, dlatego przy ustalaniu renty należy uwzględnić wysokość potencjalnych zarobków, które mógłby on uzyskać, gdyby podjął zarobkowanie w rozmiarze wytyczonym przez ograniczone możliwości (Wyrok Sądu Najwyższego - Izba Cywilna z 2009-05-21, V CSK 432/08, Opubl: Legalis). Tak więc brak aktywnego poszukiwania pracy może być oceniony jako przyczynienie się poszkodowanego do powstania szkody i prowadzić do obniżenia renty. Takie stanowisko zajął w wyroku z dnia 20.01.2011 roku Sąd Najwyższy - Izba Pracy, Ubezpieczeń Społecznych i Spraw Publicznych, I PK 150/10, w którym wskazał, iż brak aktywnego poszukiwania pracy może być oceniony jako przyczynienie się poszkodowanego do powstania szkody i prowadzić do obniżenia renty wyrównawczej (Opubl: Monitor Prawa Pracy rok 2011, Nr 6, str. 318). Podobne stanowisko zajął Sąd Najwyższy w wyroku z dnia 12.09.2009 roku, w którym stwierdził, iż renta ta ma rekompensować faktyczną utratę możliwości zarobkowych. W orzecznictwie nie ma rozbieżności odnośnie tego, czy poszkodowany jest obowiązany do wykorzystania zachowanej zdolności do pracy. <xUx>
    
    
    
    
    
    Judykatura od dawna stoi na stanowisku, że poszkodowany obowiązany jest wykorzystać zachowaną zdolność do zarobkowania, jeżeli utracił tę zdolność tylko częściowo </xUx>Jeżeli wypadek przy pracy nie spowodował całkowitej niezdolności do pracy, a jedynie ograniczył możliwości zarobkowania pracownika, jako podstawę ustalenia wysokości renty wyrównawczej określonej art. 444 § 2 KC przyjmuje się wysokość spodziewanego wynagrodzenia pomniejszonego o wynagrodzenie, które pracownik może uzyskać wykorzystując ograniczoną zdolność do pracy<xUx>
    
    
    
    
    
     ( </xUx>Wyrok Sądu Najwyższego - Izba Pracy, Ubezpieczeń Społecznych i Spraw Publicznych z 2009-02-12, I PK 170/08<xUx>
    
    
    
    
    
    , </xUx>
  Opubl: Legali).</xText>
          <xText>
            <xBx>
    
    W tym zakresie Sąd uznał, iż <xAnon>D. M. (1)</xAnon> mógł podjąć pracę w ograniczonym zakresie, co potwierdził sam powód zeznając, iż w okresie od miesiąca kwietnia 2008 roku przez okres sześciu miesięcy pracował w Danii. W ocenie Sądu, strona powodowa nie wykazała, iż powód nie mógł podjąć pracy po powrocie do kraju, w szczególności zaś nie wykazała, iż powód przynajmniej próbować takową znaleźć. Podkreślić przy tym należy, iż <xAnon>D. M. (1)</xAnon> potwierdził w swoich zeznaniach iż nie miał problemu z wykonywaniem pracy w Danii, natomiast po powrocie do Polski nie próbował nawet szukać pracy. Okoliczność ta wskazuje na nie dołożenie przez powoda należytej staranności w zakresie podejmowania działań zmierzających do polepszenia jego sytuacji materialnej, co należy ocenić w kategorii przyczynienia się powoda do zwiększenia szkody. Podkreślić przy tym należy, iż pracodawca zobowiązany do naprawienia szkody w rozumieniu art. 444 § 2 KC odpowiada wyłącznie za wyrządzoną szkodę, którą w przypadku częściowej utraty zdolności do pracy stanowi utrata zarobków w części wynikającej z utraty przez pracownika (poszkodowanego) zdolności do pracy. Nie może on natomiast ponosić odpowiedzialności za niemożność realizacji pozostałej poszkodowanemu zdolności do pracy z przyczyn niepozostających w normalnym związku przyczynowym z objętym jego odpowiedzialnością zdarzeniem, które wywołało uszkodzenie ciała lub rozstrój zdrowia np. w postaci braku miejsc pracy na rynku (tak Wyrok Sądu Najwyższego - Izba Pracy, Ubezpieczeń Społecznych i Spraw Publicznych z 2008-07-09, I PK 12/08, Opubl: Legalis). Podobne stanowisko znajdujemy w wyroku Sądu Najwyższego z dnia 05.09.2001 roku, II UKN 534/00, w którym wskazano, iż podstawę ustalenia wysokości renty wyrównawczej (art. 444 § 2 KC), jeżeli wypadek przy pracy nie spowodował całkowitej niezdolności do pracy, a jedynie ograniczenie możliwości zarobkowych pracownika, stanowi wysokość spodziewanego wynagrodzenia, pomniejszonego o wynagrodzenie, które pracownik może uzyskać wykorzystując ograniczoną zdolność do pracy, bez względu na aktualną sytuację na rynku pracy ( Orzecznictwo Sądu Najwyższego Izba Administracyjna, Pracy i Ubezpieczeń Społecznych rok 2003, Nr 11, poz. 274).</xBx>
          </xText>
          <xText>Sąd uznał przy tym, iż nie można potraktować w kategoriach przyczynienia się do powstania szkody nie przyjęcia przez powoda pracy zaproponowanej przez pozwanego na stanowisku pracownika linii rozlewniczej. Zauważyć bowiem należy, iż propozycja ta po raz pierwszy pojawiła się w miesiącu wrześniu 2007 roku, wtedy proces leczenia powoda nie był jeszcze zakończony, albowiem w miesiącu sierpniu <xAnon>D. M. (1)</xAnon> został poddany zabiegowi operacyjnemu, nadto pozwany nie sprecyzował konkretnie, na jakim stanowisku powód miąłby pracować i do chwili zamknięcia rozprawy pozwany nie przedstawił powodowi konkretnej propozycji pracy z oznaczeniem stanowiska, na którym miałby pracować, Praca na linii rozlewniczej obejmuje kilka etapów:</xText>
          <xEnum>
            <xBullet>-</xBullet>
            <xEnumElem>
              <xText>produkcję opakowań</xText>
            </xEnumElem>
            <xEnumElem>
              <xText>rozlewanie wody do butelek i zakręcanie</xText>
            </xEnumElem>
            <xEnumElem>
              <xText>znakowanie opakowań</xText>
            </xEnumElem>
            <xEnumElem>
              <xText>formowanie opakowań zbiorczych, paletyzację i owijanie, magazynowanie i ekspedycję, przy czym czynności te wymagają sprawności obu rąk. Powód, jako osoba jednoręczna, nie jest zdolny do wykonywania powyższych prac, co potwierdził w sporządzanych przez siebie opiniach (zasadniczej oraz uzupełniających) biegły z zakresu medycyny pracy <xAnon>J. G. (2)</xAnon>. Podkreślić przy tym należy, iż biegły sporządził opinię w sposób zupełny, rzetelny, odnosząc się każdorazowo do zastrzeżeń strony pozwanej. Dlatego też Sąd uznał opinię za wiarygodną i oddalił wniosek pozwanego o dopuszczenie dowodu z opinii innego biegłego z zakresu medycyny pracy. Podkreślić przy tym należy, iż strona pozwana kwestionując opinię biegłego <xAnon>J. G. (2)</xAnon>, nie sprecyzowała merytorycznych zarzutów pod adresem sporządzonej przez niego opinii, odnoszących się do wiedzy biegłego, czy też powołanej przez niego argumentacji. Specyfika dowodu z opinii biegłego polega m.in. na tym, że jeżeli taki dowód został przez sąd dopuszczony, to stosownie do art. 286 KPC opinii dodatkowego biegłego można żądać jedynie w razie potrzeby. Potrzeba taka nie może być jedynie wynikiem niezadowolenia strony z niekorzystnego dla niej wydźwięku konkluzji opinii, lecz musi być następstwem merytorycznej krytyki dotychczasowej opinii. W przeciwnym bowiem razie Sąd byłby zobligowany do uwzględniania kolejnych wniosków strony dopóty, dopóki nie zostałaby złożona opinia w pełni ją zadowalająca, co jest niedopuszczalne (tak Wyrok Sądu Apelacyjnego w Rzeszowie z 2010-02-11, I ACa 426/09, Opubl: Legalis).</xText>
            </xEnumElem>
          </xEnum>
          <xText>W tym miejscu podnieść należy, iż pełnomocnik powoda argumentując zasadność dochodzonego na rzecz swojego mandanta roszczenia wskazał, iż powód w wyniku wypadku przy pracy nie tylko utracił częściowo zdolność do pracy zarobkowej, ale również zmniejszyły się jego widoki powodzenia na przyszłość, albowiem <xAnon>D. M. (1)</xAnon> z zawodu jest cukiernikiem. Utrata palców uniemożliwia mu więc wykonywanie wyuczonego zawodu. Sąd stwierdza jednak, iż powyższa okoliczność nie została przez stronę powodową w żaden sposób udowodniona, zaś akta ZUS, dotyczące powoda zawierają jedynie świadectwo ukończenia przez powoda liceum ogólnokształcącego dla dorosłych w <xAnon>R.</xAnon>. W tej sytuacji, w ocenie sądu, nie można mówić o spełnieniu powyższej przesłanki, jako uzasadniającej dochodzone przez powoda roszczenie. Wszak zauważyć należy, iż szkoda z racji zmniejszenia się widoków na przyszłość jest związana z utratą w wyniku zdarzenia sprawczego indywidualnych właściwości poszkodowanego (talentu, specjalnych zdolności i umiejętności zawodowych, np. przez utratę ręki przez malarza lub wybitnego rzemieślnika, oszpecenie aktora itd.), powodujących zmniejszenie materialnych efektów sukcesu zawodowego ( tak Wyrok Sądu Najwyższego - Izba Cywilna z 2009-05-21, V CSK 432/08,Opubl: Legali).</xText>
          <xText>Odnosząc powyższe rozważania do żądania kwoty w wysokości 88.615,21 złotych tytułem odszkodowania za uszczerbek w majątku powoda powstały <xBx>
    
    
    
    w okresie od 23.06.2008 roku do 31.07.2013 roku, </xBx>Sąd uznał, iż roszczenie zasługuje na uwzględnienie jedynie w zakresie kwoty <xBx>
    
    
    
    13.956,41 złotych.</xBx> Zasądzając powyższą kwotę, Sąd oparł się na opinii biegłego sądowego z zakresu rachunkowości <xAnon>J. C. (2)</xAnon>, która w sporządzonej przez siebie opinii, która sąd uznał za w pełni wiarygodną i mogącą stanowić podstawę do wydania w niniejszej sprawie rozstrzygnięcia uznała, iż <xBx>
    
    
    
    uszczerbek w dochodach powoda w okresie od dnia 23 czerwca 2008 roku do dnia 31 lipca 2013 roku</xBx> wynosi <xBx>
    
    
    
    13.956.41 zł</xBx>, przy założeniu, że powód wykorzystując częściową zdolność do pracy mógł uzyskać wynagrodzenie minimalne. tj. zgodnie z wyliczeniem: 107.193,42-38.164,01- 55.073,00 = 13. 956,41 złotych. Różnica pomiędzy hipotetycznym wynagrodzeniem a najniższym wynagrodzeniem w okresie od 01.01.2009 do 31.07.2013 (tj. za okres pobierania renty) wyniosła: (107.193,42 – 10.131,00) - 55 073,00 = 41.989,42 zł, czyli wynagrodzenie hipotetyczne jest wyższe od wynagrodzenia minimalnego o 41. 989,42 złotych. Podkreślić przy tym należy, iż wysokość otrzymanej przez powoda renty netto została ustalona przez biegłego na podstawie pisma Zakładu Ubezpieczeń Społecznych <xAnon>O.</xAnon>. w <xAnon>T.</xAnon> Inspektorat w <xAnon>P.</xAnon> z dnia 11.07.2013roku, zaś wysokość hipotetycznych zarobków netto (pomniejszonych o składkę ZUS i podatek dochodowy od osób fizycznych) w zakładzie pozwanego, biegły ustalił w oparciu o średnie zarobki netto przedstawione przez pozwanego w piśmie procesowym z dnia 29.03.2013 roku (k- 480-486 ) oraz zestawienia przesłanego biegłemu przez pozwanego, zawierające hipotetyczne zarobki powoda za okres od 01.01.2013r. - 31.07.2013r., zawierające średnie wynagrodzenie netto osiągnięte w <xAnon>(...)</xAnon><xAnon> (...) Sp. z o.o.</xAnon> w pionie produkcji razem z mistrzami i brygadzistami, na które składają się: wynagrodzenie zasadnicze, premia uznaniowa, dodatek szkodliwy, dodatek nocny, wynagrodzenia za urlop wypoczynkowy, wynagrodzenia i zasiłki chorobowe, dodatek brygadzistowski, premia dodatkowa, wynagrodzenie za godziny dodatkowe. Od 1 grudnia 2010 roku w <xAnon> spółce (...) Sp. z o.o.</xAnon> nie występuje premia regulaminowa. Likwidacja premii regulaminowej nastąpiła na mocy Zarządzenia nr <xAnon> (...)</xAnon><xAnon> Zarządu (...) Sp. z o.o.</xAnon> z dnia 23 listopada 2010 roku w sprawie zmian w regulaminie wynagradzania, obowiązującego od 1 stycznia 2009 roku. Sąd uznał przy tym, iż zasądzenie jednorazowej kwoty za wskazany przez pełnomocnika okres pozwoli powodowi uzyskać nowe kwalifikacje zawodowe.</xText>
          <xText xALIGNx="left"> Sąd uznał przy tym, iż zasądzona na rzecz powoda kwota nie obejmuje wydatków związanych z leczeniem powoda oraz sprawowaniem opieki nad nim, albowiem w świetle przeprowadzonego przez sąd postępowania dowodowego, w szczególności opinii biegłego <xAnon>R.</xAnon><xAnon>E.</xAnon>, powód zażywał lekarstwa w początkowym okresie leczenia, wymagał opieki innych osób średnio około 8 godzin dziennie przez pierwsze sześć miesięcy po wypadku, po tym okresie zaś, przez kolejne sześć miesięcy wymagał pomocy przez około trzy godziny dziennie, co oznacza, iż po roku od wypadku nie wymagał już intensywnej opieki, dochodzona zaś kwota obejmuje okres od dnia 23 czerwca 2008 roku do dnia 31 lipca 2013 roku (tak pismo procesowe pełnomocnika powoda k-542). Powyższe ustalenia są zbieżne ze stanowiskiem pełnomocnika powoda, który wskazał, iż wymiar opieki nad powodem ze strony osób trzecich oszacować należy na co najmniej 8 godzin dziennie przez pierwsze sześć miesięcy po wypadku, co przy uwzględnieniu powszechnie przyjętych stawek <xAnon> (...)</xAnon> w zakresie opieki daje kwotę miesięcznie 2.428,80 złotych (6.513,60 zł/+ 8.059,20zł.), tj.118 dni x 8 godz. x 6.9 zł/godz., 73 dni x 8 godz. x 13,8 zł./godz. Przez okres dalszych sześciu miesięcy wymagał opieki osób trzecich w wymiarze minimum 3 godzin dzienne, co daje kwotę rzędu 910,80 złotych (2.442,60zł+3022,20zł/6), tj. 118 dni x 3 godz. x 9,50zł/godz., 73dni x 3 godz. x 19 zł/godz. Po tym okresie, aż do chwili obecnej powód wymaga nadal opieki osób trzecich w najcięższych czynnościach. Tym samym wymiar ten, zdaniem strony powodowej, należy oszacować na poziomie 3 godzin w tygodniu, co daje w miesiącu kwotę 114 złotych (12 godz. w mies. x 9,50 zł/godz. obecnie). Mając na uwadze okres, jaki upłynął od dnia 23 czerwca 2008 roku 31 lipca 2013 roku, stwierdzić należy, iż należna z tego tytułu kwota wynosi 6.982,50 złotych ( 1.368 złotych rocznie x5 lat + 114 złotych za miesiąc ( 23.06.2013 -23.07.2013 + 28,50 złotych za 24.07.-31.07.2013 roku).</xText>
          <xText>Zauważyć jednak należy, iż jak słusznie podniósł pełnomocnik pozwanego, Sąd Rejonowy w Bełchatowie w II Wydziale Karnym, wyrokiem z dnia 19 grudnia 2008 roku, zasądził solidarnie od <xAnon>L. W.</xAnon> i <xAnon>W. T.</xAnon> na rzecz powoda kwotę 12.500,00 złotych tytułem częściowego naprawienia szkody wyrządzonej w związku z wypadkiem, jakiego doznał powód, co oznacza, iż powód nie może już dochodzić pełnej kwoty stanowiącej równowartość wyrządzonej mu szkody, lecz jedynie różnicy między kwotą zasądzoną wyrokiem sądu karnego a kwotą rzeczywiście poniesionego uszczerbku (tak wyrok Sądu Najwyższego - Izba Pracy, Ubezpieczeń Społecznych i Spraw Publicznych z 2009-07-22, I UK 52/09, Opubl: Legali). Odnosząc więc wyliczoną powyżej kwotę 6.982,50 złotych do zasadzonego na rzecz powoda odszkodowania przez Sad karny stwierdzić należy, iż przewyższa ono wyliczona przez sąd kwotę. Co prawda pełnomocnik powoda podnosił również okoliczność poniesienia przez powoda kosztów związanych z dojazdem do szpitala i na rehabilitację, ale nie przedstawił jednocześnie żadnych dowodów na potwierdzenie ich wysokości. Zgodnie zaś z treścią art.6 k.c<xBx>
    
    
    
    . c</xBx>iężar udowodnienia faktu spoczywa na osobie, która z faktu tego wywodzi skutki prawne, tym bardziej, jeżeli jest ona reprezentowana przez profesjonalnego pełnomocnika. Adekwatną argumentacje należy odnieść do kosztów związanych z konsultacja psychologiczna, albowiem akta sprawy zawierają jedynie dane o odbytych przez powoda poradach w poradni <xAnon>(...)</xAnon> w Przychodni lekarskiej w <xAnon>K.</xAnon> w ramach NZOZ (k-88).</xText>
          <xText xALIGNx="left">Dlatego też, mając powyższe rozważania na uwadze Sąd oddalił roszczenie w pozostałym zakresie. Zauważyć w tym miejscu należy, iż kompensata kosztów wywołanych wypadkiem, poniesionych przez powoda w okresie od 23.06.2007 r. do 22.06.2008 roku w wysokości 19.585,80 złotych była przedmiotem żądania powoda w piśmie procesowym z dnia 10 lutego 2011 roku, którym pełnomocnik powoda zmodyfikował wcześniejsze roszczenie, które następnie zostało jednak zmodyfikowane przez jego pełnomocnika <xBx>w piśmie z dnia 16 września 2013 roku</xBx> i w takiej formie było już popierane do końca postępowania (k-542).</xText>
          <xText>Sąd oddalił również roszczenie powoda w zakresie żądanie zasądzenie na jego rzecz kwoty 86.140,66 złotych tytułem skapitalizowanej renty za okres od dnia 1 sierpnia 2013 roku do dnia 22 czerwca 2018 roku, albowiem strona powodowa nie wykazała, iż w sprawie występują <xBx>
    
    „ważne powody” </xBx>w rozumieniu art. 447 KC. Kwestia ta była już omawiana we wcześniejszej części uzasadnienia, wskazano również przykłady ewentualnych sytuacji mogących stanowić dla sądu uzasadnienie dokonania kapitalizacji renty (por. orzeczenia Sądu Najwyższego z dnia 25 lipca 2001 r., I CKN 1140/99, M. Prawn., 2001 nr 16, poz. 81; z dnia 28 października 1999 r., II UKN 175/99, OSNP 2001, nr 3, poz. 79; z dnia 3 grudnia 1998 r., II UKN 337/98, OSNP 1999, nr 13, poz. 429, Wyrok Sądu Najwyższego - Izba Administracyjna, Pracy i Ubezpieczeń Społecznych z 1998-12-15, II UKN 603/98, Opubl: Prokuratura i Prawo rok 1999, Nr 6, poz. 45). Powód tymczasem, przesłuchiwany w charakterze strony wskazał, iż uzyskane pieniądze chce przeznaczyć na zakup mieszkania, co w ocenie sądu w żadnym razie nie odpowiada kryterium ważnego powodu w rozumieniu art. 447 k.c., albowiem jest to czynność o charakterze konsumpcyjnym. Podkreślić przy tym należy, iż sąd jest tutaj związany wnioskiem strony, albowiem wybór jednej z alternatywnych możliwości zależy od samego poszkodowanego, a nie od swobodnej decyzji sądu. Dlatego też, sąd nie mógł samodzielnie zmienić żądania powoda i zasądzić na jego rzecz rentę na podstawie art.444&amp;2 k.c., albowiem stanowiłoby to naruszenie nie tylko art. 444&amp;2 k.c., ale i art. 321 KPC, wprowadzającego zasadę związania sądu żądaniem powoda, tym bardziej jeżeli jest on reprezentowany przez profesjonalnego pełnomocnika, ten zaś <xBx>
    
    cofnął powództwo w zakresie żądania kwoty po 500 złotych miesięcznie tytułem renty uzupełniającej począwszy od dnia 23 grudnia 2007 roku i na przyszłość</xBx> (k-261)  (tak wyrok Sądu Najwyższego - Izba Cywilna z 2011-07-07, II CSK 682/10, Opubl: Legalis).</xText>
          <xText xALIGNx="left">W tym miejscu wskazać należy, iż sąd nie uwzględnił podnoszonego przez pozwanego zarzutu przedawnienia w zakresie roszczenia rozszerzonego przez powoda tj. - kwoty 45.000,00 zł tytułem zwiększenia zadośćuczynienia w stosunku do żądania zawartego w pozwie z dnia 27.04.2009 roku oraz w zakresie żądania kwoty 6.600, 00 zł tytułem skapitalizowanej renty za okres od czerwca 2008 r. do maja 2009 r. ( wytoczenie powództwa) oraz kwoty 10.900,00 zł tytułem zwiększenia o 100 zł pierwotnie dochodzonej renty uzupełniającej ( 500 zł), a następnie skapitalizowanej przez powoda za okres od daty wytoczenia powództwa do 22.06.2018 roku. Wskazać należy, iż kwestię przedawnienia roszczeń o naprawienie szkody wyrządzonej czynem niedozwolonym reguluje przepis art.442<xSUPx>
    
    
    
    
    
    1</xSUPx> k.c., zgodnie z którym roszczenie o naprawienie szkody wyrządzonej czynem niedozwolonym ulega przedawnieniu z upływem lat trzech od dnia, w którym poszkodowany dowiedział się o szkodzie i o osobie obowiązanej do jej naprawienia. Jednakże termin ten nie może być dłuższy niż dziesięć lat od dnia, w którym nastąpiło zdarzenie wywołujące szkodę. <xUx>
    
    
    
    
    
    Jeżeli szkoda wynikła ze zbrodni lub występku, roszczenie o naprawienie szkody ulega przedawnieniu z upływem lat dwudziestu od dnia popełnienia przestępstwa bez względu na to, kiedy poszkodowany dowiedział się o szkodzie i o osobie obowiązanej do jej naprawienia.</xUx> W razie wyrządzenia szkody na osobie, przedawnienie nie może skończyć się wcześniej niż z upływem lat trzech od dnia, w którym poszkodowany dowiedział się o szkodzie i o osobie obowiązanej do jej naprawienia. Powyższy przepis został dodany do kodeksu cywilnego ustawą z dnia 16.02.2007 r<xBx>
    
    
    
    
    
    . (</xBx><xUx>
    
    
    
    
    
    Dz.U. Nr 80, poz. 538</xUx>), która weszła w życie w dniu 10.08.2007 roku, a więc już po dacie przedmiotowego wypadku. Stosownie jednak do art. 2 ustawy z dnia 16 lutego 2007 r. o zmianie ustawy - Kodeks cywilny, Dz.U. z 2007 r. Nr 80, poz. 538, która weszła w życie 10 sierpnia 2007 r., art. 442[1] KC ma zastosowanie do roszczeń o naprawienie szkody wyrządzonej czynem niedozwolonym, powstałych przed dniem wejścia w życie tej ustawy ( tak Wyrok Sądu Najwyższego - Izba Pracy, Ubezpieczeń Społecznych i Spraw Publicznych z 2009-11-24, II PK 128/09, Opubl: Legalis). Odnosząc powyższe uregulowanie do realiów niniejszej sprawy stwierdzić należy, iż szkoda jakiej doznał powód wynika z przestępstwa, potwierdzonego prawomocnym wyrokiem karnym ( zarzut wobec prezesa pozwanej pierwotnie Spółki oraz jej pracownika dotyczył czynu czyn z art. 220§1 k.k. w zbiegu z art. 156§2 k.k. w zw. z art. 11 §2 k.k.), co oznacza, iż do roszczenia powoda ma zastosowanie wydłużony, 20-letni okres przedawnienia. Nawet jednak brak powyższej okoliczności pozwalaliby uznać, iż wniesienie pozwu przerwało bieg przedawnienia, zgodnie z regułą wynikającą z art. 123 k.c. Wszak wniesienie pozwu o odszkodowanie za szkody wyrządzone czynem niedozwolonym przerywa bieg przedawnienia także co do roszczeń nie objętych jego żądaniem, jeżeli wynikają one z faktów przytoczonych przez powoda. Podstawę prawną takiego stanowiska stanowi przepis art. 321 par. 2 KPC. ( tak Uchwała Sądu Najwyższego - Izba Cywilna i Administracyjna - zasada prawna z 1981-05-21, III CZP 57/80,Opubl: Orzecznictwo Sądu Najwyższego Izba Cywilna, Pracy i Ubezpieczeń Społecznych rok 1982, Nr 1, poz. 1, Wyrok Sądu Najwyższego - Izba Cywilna i Administracyjna z 1984-11-16, II CR 426/84, Opubl: Legalis).</xText>
          <xText>Sąd oddalił roszczenie powoda o ustalenie, że pozwany ponosić będzie odpowiedzialność za szkody mogące powstać w przyszłości z powodu błędów i zaniedbań w sztuce lekarskiej, albowiem pozwany nie może ponosić odpowiedzialności za ewentualne błędy sztuki lekarskiej. W razie zaistnienia takiej okoliczności powód winien skierować roszczenie przeciwko osobie odpowiedzialnej za błąd wleczeniu.</xText>
          <xText>Oddaleniu podlegało również roszczenie o ustalenie, że pozwany pracodawca ponosić będzie odpowiedzialność za szkody mogące powstać w przyszłości, będące następstwem wypadku, jakiemu uległ powód. Dokonując oceny zgłoszonego przez powoda roszczenie przypomnieć należy uchwałę składu siedmiu sędziów Sądu Najwyższego z dnia 17 kwietnia 1970 r., III PZP 34/69, mającą moc zasady prawnej, w sprawie o naprawienie szkody wynikłej z uszkodzenia ciała lub wywołania rozstroju zdrowia zasądzenie określonego świadczenia nie wyłącza jednoczesnego ustalenia w sentencji wyroku odpowiedzialności pozwanego za szkody mogące powstać w przyszłości z tego samego zdarzenia. W uzasadnieniu uchwały Sąd Najwyższy wskazał, że wykładnia funkcjonalna art. 189 KPC <xBx>przemawia za przyjęciem interesu prawnego w ustaleniu, jeżeli istnieje jakaś obiektywna niepewność stanu prawnego</xBx>. Przykładowo, interes taki może istnieć mimo możliwości dochodzenia świadczenia z danego stosunku prawnego, jeżeli z tego stosunku wynikają dalsze skutki, których dochodzenie w drodze powództwa o świadczenie nie jest możliwe lub nie jest na razie aktualne. Sąd Najwyższy - dopuszczając możliwość ustalenia w sentencji wyroku odpowiedzialności pozwanego za szkody mogące powstać w przyszłości - przytoczył dwa podstawowe argumenty przemawiające za przyjęciem takiego stanowiska: po pierwsze, przerwanie biegu przedawnienia, i po drugie, złagodzenie trudności dowodowych powodowanych upływem czasu między wystąpieniem zdarzenia wywołującego szkodę a dochodzeniem jej naprawienia. Obowiązujący w dacie podjęcia uchwały art. 442 § 1 KC stanowił, że roszczenie o naprawienie szkody wyrządzonej czynem niedozwolonym ulega przedawnieniu z upływem trzech lat od dnia, w którym poszkodowany dowiedział się o szkodzie i o osobie obowiązanej do jej naprawienia. Jednakże w każdym wypadku roszczenie przedawnia się z upływem lat dziesięciu od dnia, w którym nastąpiło zdarzenie wywołujące szkodę. Przytoczony przepis dotyczył wszelkich roszczeń majątkowych o naprawienie szkody wyrządzonej czynem niedozwolonym, a więc zarówno roszczeń o naprawienie szkody w mieniu, jak i roszczeń o naprawienie szkody na osobie. Przewidziany w zdaniu drugim dziesięcioletni termin przedawnienia utrudniał dochodzenie naprawienia szkód na osobie ujawniających się w późniejszym czasie niż zdarzenie, które je wywołało, ze względu na możliwość upływu przedawnienia roszczeń o naprawienie tych szkód jeszcze przed ich powstaniem. Dostrzegł to Sąd Najwyższy w uchwale pełnego składu Izby Cywilnej z dnia 17 lutego 2006 r., III CZP 84/05 (OSNC 2006, nr 7-8, poz. 114), w której wyjaśnił, że roszczenie o naprawienie szkody wyrządzonej czynem niedozwolonym przedawnia się z upływem lat dziesięciu od dnia, w którym nastąpiło zdarzenie wyrządzające szkodę (art. 442 § 1 zdanie drugie KC), bez względu na to, kiedy szkoda powstała lub się ujawniła. Z dniem 10 sierpnia 2007 r. weszła w życie ustawa nowelizująca, którą uchylono art. 442 KC i dodano nowy art. 442<xSUPx>1 </xSUPx>KC. Zgodnie z § 1 dodanego art. 442<xSUPx>1 </xSUPx>KC, roszczenie o naprawienie szkody wyrządzonej czynem niedozwolonym ulega przedawnieniu z upływem lat trzech od dnia, w którym poszkodowany dowiedział się o szkodzie i o osobie obowiązanej do jej naprawienia. Jednakże termin ten nie może być dłuższy niż dziesięć lat od dnia, w którym nastąpiło zdarzenie wywołujące szkodę. Jeżeli szkoda wynikła ze zbrodni lub występku, roszczenie o naprawienie szkody ulega przedawnieniu z upływem lat dwudziestu od dnia popełnienia przestępstwa bez względu na to, kiedy poszkodowany dowiedział się o szkodzie i o osobie obowiązanej do jej naprawienia. W § 3 ustawodawca wprowadził regulację, zgodnie z którą w razie wyrządzenia szkody na osobie, przedawnienie nie może skończyć się wcześniej niż z upływem lat trzech od dnia, w którym poszkodowany dowiedział się o szkodzie i o osobie obowiązanej do jej naprawienia. W świetle przytoczonych, nowych regulacji zawartych w art. 442<xSUPx>1 </xSUPx>KC wskazać należy, iż wyeliminowane zostało niebezpieczeństwo upływu terminu przedawnienia roszczenia o naprawienie szkody na osobie wcześniej niż szkoda ta się ujawniła. W tej sytuacji utracił znaczenie przytoczony w uzasadnieniu uchwały składu siedmiu sędziów Sądu Najwyższego z dnia 17 kwietnia 1970 r., III PZP 34/69, argument, że interes prawny w ustaleniu może polegać na złagodzeniu skutków upływu terminu przedawnienia, tym bardziej , iż w niniejszej sprawie okres przedawnienia roszczenia powoda wynosi 20 lat.</xText>
          <xText>Dlatego też, Sąd uznał, iż nie ma nie bezpieczeństwa pozbawienia powoda możliwości dochodzenia ewentualnych roszczeń w przyszłości, tym bardziej, iż strona powodowa nie wykazała, iż istnieje jakiś stan niepewności, co do stanu zdrowia powoda w związku z wypadkiem. Proces leczenia powoda został zakończony, zaś biegły <xAnon>R.</xAnon><xAnon>E.</xAnon> w swojej opinii wskazał, iż zastosowane wobec powoda leczenie było właściwe i zgodnie z procedurami.</xText>
          <xText>Mając na uwadze, iż powód wygrał proces jedynie w 30 %, Sąd na podstawie art. 98 k.p.c.,</xText>
          <xText>Na podstawie art.113 ust. ustawy z dnia 28.07.2005 roku o kosztach sądowych w sprawach cywilnych (Dz.U. nr 90 z 2005 roku poz. 594 z późn. Zm.), Sąd nakazał pobrać od pozwanego na rzecz Skarbu Państwa kwotę 4.046,40 złotych z tytułu nieuiszczonej opłaty od pozwu od uwzględnionej części powództwa oraz obciążył go wydatkami poniesionymi tymczasowo przez Skarb Państwa w kwocie 181,00 złotych.</xText>
          <xText>Mając na uwadze sytuację majątkową powoda, który utrzymuje się aktualnie jedynie z renty, Sąd zastosował wobec niego dobrodziejstwo wynikające a art.102 k.p.c. i nie obciążył go kosztami postępowania w sprawie od oddalonej części powództwa.</xText>
          <xText>Stosownie do powyższych rozważań, Sąd orzekł, jak w sentencji.</xText>
        </xUnit>
      </xBlock>
    </xPart>
  </judgement>
<judgement id="153015000002021_IV_U_000128_2013_Uz_2013-12-20_001">
    <xPart xEditorFullName="Marta Żuk" xYear="2013" xLang="PL" xPublisherFullName="Marta Żuk" xFromPg="1" xEditor="82060811965" xVolType="15/301500/0002021/U" xPublisher="82060811965" xDocType="Uz" xVolNmbr="000128" xVersion="1.0" xToPage="4" xFlag="published">
      <xName>Wyrok+Uzasadnienie</xName>
      <xBlock>
        <xText>Sygn. akt IV U 128/13</xText>
        
        <xUnit xIsTitle="true" xBold="true" xType="part">
          <xName>WYROK</xName>
          <xTitle>W IMIENIU RZECZYPOSPOLITEJ POLSKIEJ</xTitle>
          <xText>Dnia 20 grudnia 2013r.</xText>
          
          <xText>
            <xBx>Sąd Okręgowy w Siedlcach IV Wydział Pracy i Ubezpieczeń Społecznych</xBx>
          </xText>
          <xText>w składzie:</xText>
          <xRows>
            <xCOLGROUPx>
              <xCOLx xWIDTHx="167"/>
              <xCOLx xWIDTHx="442"/>
            </xCOLGROUPx>
            <xRow>
              <xClmn xALIGNx="left" xVALIGNx="top">
                <xText>Przewodniczący</xText>
              </xClmn>
              <xClmn xALIGNx="left" xVALIGNx="top">
                <xText>SSO Jacek Witkowski</xText>
              </xClmn>
            </xRow>
            <xRow>
              <xClmn xALIGNx="left" xVALIGNx="top">
                <xText>Protokolant</xText>
              </xClmn>
              <xClmn xALIGNx="left" xVALIGNx="top">
                <xText>st. sekr. sądowy Dorota Malewicka</xText>
              </xClmn>
            </xRow>
          </xRows>
          <xText>po rozpoznaniu na rozprawie w dniu 20 grudnia 2013r. w <xAnon>S.</xAnon></xText>
          <xText>odwołania <xAnon>J. Z.</xAnon></xText>
          <xText>od decyzji Zakładu Ubezpieczeń Społecznych Oddział w <xAnon>S.</xAnon></xText>
          <xText>z dnia 12 grudnia 2012 r. Nr <xAnon> (...)</xAnon></xText>
          <xText>w sprawie <xAnon>J. Z.</xAnon></xText>
          <xText>przeciwko Zakładowi Ubezpieczeń Społecznych Oddział w <xAnon>S.</xAnon></xText>
          <xText>o prawo do emerytury</xText>
          
          <xText xALIGNx="center">
            <xBx>oddala odwołanie</xBx>
          </xText>
          
          <xText>Sygn. akt IV U 128/13</xText>
        </xUnit>
        <xUnit xIsTitle="true" xBold="true" xType="part">
          <xName>UZASADNIENIE</xName>
          <xText>Decyzją z dnia 12 grudnia 2012r. Zakład Ubezpieczeń Społecznych Oddział w <xAnon>S.</xAnon> odmówił wnioskodawcy <xAnon>J. Z.</xAnon> prawa do emerytury na podstawie <xLexLink xArt="art. 184" xIsapId="WDU19981621118" xTitle="Ustawa z dnia 17 grudnia 1998 r. o emeryturach i rentach z Funduszu Ubezpieczeń Społecznych" xAddress="Dz. U. z 1998 r. Nr 162, poz. 1118">art. 184 ustawy z dnia 17.12.1998r. o emeryturach i rentach z Funduszu Ubezpieczeń Społecznych</xLexLink> (Dz. U. z 2009r. nr 153 poz. 1227) w zw. z § 4 rozporządzenia Rady Ministrów z dn. 07.02.1983r., w sprawie wieku emerytalnego pracowników zatrudnionych w szczególnych warunkach lub w szczególnym charakterze (Dz. U. Nr 8 poz. 43 ze zm.), gdyż wnioskodawca nie wykazał co najmniej 15-letniego okresu zatrudnienia w warunkach szczególnych. Do tej kategorii zatrudnienia pozwany ZUS zaliczył okresy pracy <xAnon>J. Z.</xAnon> od dnia 02.05.1975r. do 31.05.1980r. w PKS w <xAnon>G.</xAnon> oraz okresy od 11.06.1980r. do 01.02.1990r. w PKS w <xAnon>P.</xAnon>.</xText>
          <xText>Od decyzji tej odwołanie złożył pełnomocnik ubezpieczonego, który wnosił o jej zmianę i przyznanie prawa do wnioskowanego świadczenia.</xText>
          <xText>W odpowiedzi na odwołanie pozwany organ rentowy wnosił o jego oddalenie.</xText>
          <xText xALIGNx="center">
            <xBx>Sąd Okręgowy ustalił i zważył, co następuje:</xBx>
          </xText>
          <xText>Ubezpieczony <xAnon>J. Z.</xAnon><xAnon>ur. (...)</xAnon> złożył w dniu 04.12.2012r. wniosek do pozwanego Oddziału ZUS o przyznanie mu prawa od emerytury. Na podstawie świadectw pracy, pozwany organ rentowy przyjął za udowodniony okres ubezpieczeniowy na dzień 01.01.1999r. w wymiarze 27 lat 8 miesięcy i 5 dni, w tym 14 lat 8 miesięcy i 21 dni. W związku z tym pozwany ZUS przyjął, że wnioskodawca nie wykazał wymaganych 15 lat zatrudnienia w szczególnych warunkach i tym samym nie spełnił jednej z przesłanek do uzyskania emerytury w wieku obniżonym określonej w treści § 4 ust. 1 pkt 3 cyt. Rozporządzenia Rady Ministrów z dn. 07.02.1983r. Zaskarżoną decyzja z dn. 12.12.2012r. odmówił wnioskodawcy prawa do wnioskowanego świadczenia (k.15 a.e.).</xText>
          <xText>Pełnomocnik ubezpieczonego wnosił o zaliczenie do kategorii pracy w warunkach szczególnych okresu zatrudnienia w PKS <xAnon>P.</xAnon> od dn. 02.02.1990r. do 30.09.1990r. na stanowisku kierowcy autobusu oraz okresu pełnienia zasadniczej służby wojskowej od dn. 27.10.1972r. do 16.10.1974r., w czasie którego to okresu ubezpieczony był kierowcą samochodu ciężarowego o ciężarze całkowitym powyżej 3,5 tony.</xText>
          <xText>W toku postepowania rozpoznawczego Sąd ustalił, iż <xAnon>J. Z.</xAnon> podjął zatrudnienie w PKS Oddział w <xAnon>G.</xAnon> od dnia 14.05.1971r. na stanowisku konduktora (k. 6 a. e.). W trakcie zatrudnienia został powołany do odbycia zasadniczej służby wojskowej, która odbywał od dnia 27.10.1972r. do dnia 16.10.1974r. (zaświadczenie WKU – k. 9 a.s.). Po odbyciu służby wojskowej, ubezpieczony powrócił do zatrudnienia u tego samego pracodawcy na dotychczasowe stanowisko, tj. konduktora. Następnie od 02.06.1975r. do końca zatrudnienia, tj. do 31.05.1980r. pracował on jako kierowca samochodu ciężarowego, bądź jako kierowca autobusu. Ten drugi okres zatrudnienia w PKS Oddział <xAnon>G.</xAnon> został zaliczony przez ZUS do kategorii prac w warunkach szczególnych na podstawie świadectwa wykonywania prac w warunkach szczególnych wystawionego w 2010r. przez wymienionego pracodawcę (k.8). Od dnia 11.06.1980r. ubezpieczony podjął zatrudnienie w PKS Oddział w <xAnon>P.</xAnon> na stanowisku kierowcy autobusu (akta osobowe – umowa o pracę). Pracę tę świadczył stale i w pełnym wymiarze do dnia 01.02.1990r. W dniu 31.01.1990r. pracodawca wypowiedział <xAnon>J. Z.</xAnon> warunki pracy i płacy, a mianowicie wypowiedział umowę ze stanowiska kierowcy autobusu na stanowisko zmywacza pojazdów samochodowych w Placówce w <xAnon>(...)</xAnon>. Wypowiedzenie umowy miało skutek od dn.01.05.1990r., jednakże pracodawca w okresie wypowiedzenia warunków pracy powierzył od dnia 02.02.1990r. stanowisko zmywacza (akta osobowe – brak numeracji kart). Na stanowisku zmywacza pojazdów samochodowych ubezpieczony pracował do 30.09.1990r., a następnie na jego wniosek przeniesiono go na stanowisko rewizora i na stanowisku tym <xAnon>J. Z.</xAnon> pracował do końca zatrudnienia w <xAnon> (...)</xAnon><xAnon>P.</xAnon>, tj. do 31.07.1994r.</xText>
          <xText>W toku postępowania rozpoznawczego Sąd przeprowadził dowody osobowe z zeznań ubezpieczonego <xAnon>J. Z.</xAnon> i świadków: <xAnon>A. K.</xAnon>, <xAnon>K. G. (1)</xAnon>, <xAnon>K. G. (2)</xAnon> i <xAnon>R. P.</xAnon> (k. 20, 30v, 38-39 a.s.). Ubezpieczony zeznał, że w okresie poprzedzającym powołanie go do odbycia zasadniczej służby wojskowej, tj. przed 27.10.1972r. był zatrudniony w PKS <xAnon>G.</xAnon> na stanowisku konduktora i po odbyciu służby wojskowej zatrudnił się jako kierowca autobusu. Odnośnie innego okresu zatrudnienia tj. w PKS Oddział w <xAnon>P.</xAnon>, ubezpieczony zeznał, że przez cały okres zatrudnienia wykonywał czynności kierowcy autobusu. Przesłuchani świadkowie również zeznali, że ubezpieczony pracował w PKS <xAnon>P.</xAnon> Placówka w <xAnon>R.</xAnon> jako kierowca autobusu.</xText>
          <xText>Sąd nie dał wiary zeznaniom ubezpieczonego jak i świadków w tej części, w jakiej zeznali, ze <xAnon>J. Z.</xAnon> w okresie zatrudnienia w PKS Oddział <xAnon>P.</xAnon> Placówka w <xAnon>R.</xAnon>, tj. od 02.02.1990r. do końca zatrudnienia wykonywał wyłącznie pracę jako kierowca autobusu. Dokumenty, które znajdują się w aktach osobowych jednoznacznie wskazują, że wymieniony pracodawca wypowiedział ubezpieczonemu warunki pracy ze stanowiska kierowcy autobusu na zmywacza pojazdów i od dnia 02.02.1990r. ubezpieczony tę pracę rzeczywiście wykonywał. Wskazują na to liczne dokumenty, w tym podanie ubezpieczonego zawierające prośbę o przywrócenie do pracy na stanowisku kierowcy, które to podanie spotkało się z odmową pracodawcy. Dopiero od 01.10.1990r. zmieniono ubezpieczonemu stanowisko pracy na rewizora, na którym był zatrudniony do zakończenia pracy w PKS w <xAnon>P.</xAnon>. Dlatego też Sąd przyjął, że wnioskodawca w spornym okresie wskazanym w odwołaniu, tj. od 02.02.1990r. do 30.09.1990r. nie wykonywał pracy jako kierowca autobusu lecz jako zmywacz pojazdów samochodowych. Ten rodzaj czynności nie należy do kategorii prac w szczególnych warunkach, o którym mowa w wykazie „A” dział VIII w transporcie i łączności cyt. Rozporządzenia Rady Ministrów z dn. 07.02.1983r.</xText>
          <xText>Ponadto Sąd nie znalazł podstaw do zaliczenia do kategorii prac w warunkach szczególnych okresu odbywania zasadniczej służby wojskowej, od 27.10.1972r. do 16.10.1974r. Okoliczność, iż ubezpieczony był tam kierowcą samochodu ciężarowego nie ma znaczenia prawnego. W świetle ukształtowanego orzecznictwa sądowego, okres odbywania zasadniczej służby wojskowej może być doliczony do okresu pracy w warunkach szczególnych, o ile pracownik przed powołaniem do odbycia służby wojskowej był zatrudniony w zakładzie na stanowisku, które jest zawarte w wykazie „A” do powołanego wyżej rozporządzenia. W przypadku ubezpieczonego sytuacja taka nie miała miejsca, ponieważ <xAnon>J. Z.</xAnon> w okresie poprzedzającym powołanie do odbycia zasadniczej służby wojskowej był zatrudniony w PKS <xAnon>G.</xAnon> jako konduktor. Ten rodzaj pracy nie jest wymieniony w dziale VIIII, ani w dziale XIV rozporządzenia jako praca w warunkach szczególnych.</xText>
          <xText>W tej sytuacji Sąd uznał, że zaskarżona decyzja jest prawidłowa. Ubezpieczony nie wykazał na dzień 01.01.1999r. co najmniej 15-letniego okresu zatrudnienia w szczególnych warunkach w rozumieniu § 4 ust. 1 pkt 3 Rozporządzenia Rady Ministrów z dn. 07.02.1983r. W związku z tym nie nabył prawa do emerytury w wieku obniżonym na podstawie art. 184 ust. 1 i 2 ustawy o FUS.</xText>
          <xText>Mając powyższe na względzie, Sąd z mocy <xLexLink xArt="art. 477(14);art. 477(14) § 1" xIsapId="WDU19640430296" xTitle="Ustawa z dnia 17 listopada 1964 r. - Kodeks postępowania cywilnego" xAddress="Dz. U. z 1964 r. Nr 43, poz. 296">art. 477<xSUPx>14</xSUPx> § 1 kpc</xLexLink> orzekł jak w sentencji.</xText>
        </xUnit>
      </xBlock>
    </xPart>
  </judgement>
<judgement id="154020000001521_III_U_001381_2013_Uz_2013-12-20_001">
    <xPart xEditorFullName="Magdalena Kowalska-Nowakowska" xYear="2013" xLang="PL" xPublisherFullName="Magdalena Kowalska-Nowakowska" xFromPg="1" xEditor="m_kowalska" xVolType="15/402000/0001521/U" xPublisher="m_kowalska" xDocType="Uz" xVolNmbr="001381" xVersion="1.0" xToPage="2" xFlag="published">
      <xName>Wyrok+Uzasadnienie</xName>
      <xBlock>
        <xText>Sygn. akt III U 1381/13</xText>
        <xUnit xIsTitle="true" xBold="true" xType="part">
          <xName>WYROK</xName>
          <xTitle>W IMIENIU RZECZYPOSPOLITEJ POLSKIEJ</xTitle>
          <xText>Dnia 20 grudnia 2013 r.</xText>
          
          <xText>
            <xBx>Sąd Okręgowy w Przemyślu III Wydział Pracy i Ubezpieczeń Społecznych</xBx>
          </xText>
          <xText>w składzie:</xText>
          <xText><xBx>Przewodniczący:</xBx> SSO Lucyna Oleszek</xText>
          <xText><xBx>Protokolant: </xBx>sekretarz sądowy  Agnieszka Radochońska</xText>
          <xText><xBx>po rozpoznaniu w dniu</xBx> 20 grudnia 2013 r. w Przemyślu</xText>
          <xText>
            <xBx>na rozprawie</xBx>
          </xText>
          <xText>
            <xBx>sprawy </xBx>
            <xAnon>M. S.</xAnon>
          </xText>
          <xText><xBx>przeciwko</xBx> Zakładowi Ubezpieczeń Społecznych Oddziałowi w <xAnon>R.</xAnon></xText>
          <xText>o emeryturę</xText>
          
          <xText>
            <xBx>na skutek odwołania</xBx>
            <xAnon>M. S.</xAnon>
          </xText>
          <xText><xBx>od decyzji</xBx> Zakładu Ubezpieczeń Społecznych Oddziału w <xAnon>R.</xAnon></xText>
          <xText><xBx>z dnia</xBx> 21 października 2013 r. i 25 listopada 2013 r. <xBx>nr </xBx><xAnon> (...)</xAnon></xText>
          
          <xUnit xIsTitle="false" xType="none">
            <xName xSffx=".">I</xName>
            <xText><xBx>z m i e n i a </xBx>zaskarżone decyzje w ten sposób, że przyznaje wnioskodawcy <xAnon>M. S.</xAnon> prawo do emerytury w ustawowej wysokości, począwszy od dnia 5 września 2013 r.</xText>
          </xUnit>
          <xUnit xIsTitle="false" xType="none">
            <xName xSffx=".">II</xName>
            <xText><xBx>s t w i e r d z a, </xBx>że Zakład Ubezpieczeń Społecznych Oddział w <xAnon>R.</xAnon> nie ponosi odpowiedzialności za opóźnienie w ustaleniu prawa do powyższego świadczenia.</xText>
          </xUnit>
          <xText>
            <xBx>Sygn. akt III U 1381/13</xBx>
          </xText>
        </xUnit>
        <xUnit xIsTitle="true" xBold="true" xType="part">
          <xName>UZASADNIENIE</xName>
          <xText xALIGNx="center">wyroku z dnia 20 grudnia 2013 r.</xText>
          
          <xText>
            <xBx>Decyzją z dnia 21 października 2013 r., zn. <xAnon> (...)</xAnon> Zakład Ubezpieczeń Społecznych Oddział w <xAnon>R.</xAnon> odmówił wnioskodawcy <xAnon>M. S.</xAnon> prawa do emerytury.</xBx>
          </xText>
          <xText>W uzasadnieniu decyzji podano, iż wnioskodawca nie spełnia wszystkich <xBRx/>warunków określonych w <xLexLink xArt="" xIsapId="WDU19981621118" xTitle="Ustawa z dnia 17 grudnia 1998 r. o emeryturach i rentach z Funduszu Ubezpieczeń Społecznych" xAddress="Dz. U. z 1998 r. Nr 162, poz. 1118">ustawie z dnia 17 grudnia 1998 r. o emeryturach i rentach <xBRx/>z Funduszu Ubezpieczeń Społecznych</xLexLink> (Dz. U. Nr 153 z 2009 r. poz. 1227 ze zm.). Nie udowodnił 15 lat zatrudnienia w warunkach szczególnych lub w szczególnym charakterze. Organ rentowy uwzględnił mu jedynie 1 rok, 9 miesięcy i 28 dni okresów zatrudnienia w warunkach szczególnych, w pozostałym zakresie wnioskodawca nie przedstawił stosownego świadectwa pracy wykonywanej w warunkach szczególnych. Ponadto z przedłożonej dokumentacji wynika, że od 3 listopada 1976 r. do 17 czerwca 1991 r. w <xAnon> (...)</xAnon> w <xAnon>S.</xAnon> wykonywał prace nie mieszczące się w katalogu pracy w szczególnych warunkach.</xText>
          <xText>
            <xBx>Kolejną decyzją z dnia 25 listopada 2013 r. organ rentowy ponownie odmówił wnioskodawcy prawa do emerytury.</xBx>
          </xText>
          <xText>Organ rentowy wprawdzie uwzględnił wnioskodawcy dalszy okres zatrudnienia w warunkach szczególnych, łącznie w wymiarze 10 lat, 8 miesięcy i 6 dni. Natomiast nadal pominięto okres zatrudnienia w <xAnon> (...)</xAnon> w <xAnon>S.</xAnon> od 30 lipca 1979 r. do 8 września 1985 r. (6 lat, 1 miesiąc i 10 dni) ponieważ z przedstawionej dokumentacji nie wynika, że pracował wówczas jako kierowca samochodu ciężarowego powyżej 3,5 tony lub autobusu. W tym czasie miał wprawdzie powierzone stanowisko kierowcy, ale w warsztacie mechanicznym, ponadto był oddelegowany do prac polowych.</xText>
          <xText>
            <xBx>Wnioskodawca <xAnon>M. S.</xAnon> złożył odwołania od obu decyzji, domagając się ich zmiany.</xBx>
          </xText>
          <xText>Na uzasadnienie podał, że decyzje są dla niego krzywdzące. W czasie zatrudnienia w <xAnon> (...)</xAnon> w <xAnon>S.</xAnon> do czasu objęcia stanowiska operatora sieczkarni pracował wyłącznej jako kierowca samochodu ciężarowego oraz tzw. osinobusa.</xText>
          <xText>
            <xBx>W odpowiedzi na odwołania organ rentowy wniósł o ich oddalenie <xBRx/>z przyczyn, które stanowiły o wydaniu zaskarżonych decyzji.</xBx>
          </xText>
          <xText>Ponownie stwierdzono, że wnioskodawca nie spełnia warunków do nabycia emerytury określonych w <xLexLink xArt="art. 184;art. 184 ust. 1" xIsapId="WDU19981621118" xTitle="Ustawa z dnia 17 grudnia 1998 r. o emeryturach i rentach z Funduszu Ubezpieczeń Społecznych" xAddress="Dz. U. z 1998 r. Nr 162, poz. 1118">art. 184 ust. 1</xLexLink> w zw. z <xLexLink xArt="art. 27;art. 32" xIsapId="WDU19981621118" xTitle="Ustawa z dnia 17 grudnia 1998 r. o emeryturach i rentach z Funduszu Ubezpieczeń Społecznych" xAddress="Dz. U. z 1998 r. Nr 162, poz. 1118">art. 27 i art. 32 ustawy z dnia 17 grudnia 1998 r. o emeryturach i rentach z Funduszu Ubezpieczeń Społecznych</xLexLink> (Dz. U. Nr 153 z 2009 r., poz. 1227 ze zm.) oraz w zw. z § 2 rozporządzenia Rady Ministrów z dnia 7 lutego 1983 r. w sprawie wieku emerytalnego dla pracowników zatrudnianych w szczególnych warunkach lub w szczególnym charakterze. Podniesiono, że spośród ustawowych warunków wnioskodawca wykazał 25-letni staż ubezpieczeniowy oraz nie przystąpił do otwartego funduszu emerytalnego. Natomiast na dzień złożenia wniosku emerytalnego nie udowodnił 15 lat pracy w warunkach szczególnych. Okresów zatrudnienia w latach od 1979 r. do 1985 r. nie potwierdził właściwym świadectwem wykonywania pracy w szczególnych warunkach.</xText>
          <xText>Organ rentowy wskazał, że okresy pracy wykonywanej w warunkach szczególnych może potwierdzić jedynie zakład pracy, ewentualnie jego następca, na podstawie posiadanej dokumentacji i w ściśle określonej formie, zgodnie z § 2 ust. 2 powołanego rozporządzenia. Wnioskodawca przedstawił jedynie świadectwa pracy na potwierdzenie, że pracował na stanowisku kierowcy w warsztatach naprawczym <xBRx/>i mechanicznym, poza tym był oddelegowywany do prac polowych. Brak podstaw do stwierdzenia, że we wskazanym okresie pracował jako kierowca samochodu ciężarowego powyżej 3.5 tony.</xText>
          
          <xText xALIGNx="center">
            <xBx>Sąd Okręgowy w Przemyślu, III Wydział Pracy i Ubezpieczeń Społecznych</xBx>
          </xText>
          <xText xALIGNx="center">
            <xBx>ustalił następujący stan faktyczny:</xBx>
          </xText>
          
          <xText>Wnioskodawca <xAnon>M. S.</xAnon><xAnon>urodzony (...)</xAnon>, w dniu 3 września 2013 r. wystąpił z wnioskiem o emeryturę, oświadczając że nie jest członkiem otwartego funduszu emerytalnego. Na potwierdzenie okresów ubezpieczenia oraz charakteru zatrudnienia przedłożył świadectwa pracy.</xText>
          <xText>W świadectwie z dnia 17 czerwca 1983 r. wraz z duplikatem z dnia 30 lipca 2013 r. wskazano, że wnioskodawca w okresie od 1 września 1969 r. do 30 września 1972 r. pracował w <xAnon> Państwowej (...) Oddział</xAnon> w <xAnon>P.</xAnon> jako uczeń praktycznej nauki zawodu, a następnie jako kierowca samochodu ciężarowego. W świadectwie wykonywania prac w szczególnych warunkach z dnia 30 lipca 2013 r. Wskazano ponadto, że w czasie tego zatrudnienia od 4 lipca do 30 września 1972 r. (2 miesiące, 26 dni) wnioskodawca wykonywał pracę na stanowisku kierowcy samochodu ciężarowego o dopuszczalnym ciężarze całkowitym powyżej 3,5 tony.</xText>
          <xText>W kolejnym świadectwie pracy z dnia 17 października 1974 r. wskazano, że <xBRx/>w okresie od 1 października 1972 r. do 28 października 1974 r. (2 lata i 27 dni) wnioskodawca pracował w <xAnon>M.</xAnon><xAnon> (...)</xAnon> w <xAnon>S.</xAnon> na stanowisku traktorzysty. Ponownie jako traktorzysta był zatrudniony od 2 grudnia 1974 r. do 30 czerwca 1976 r. (1 rok, 6 miesięcy i 28 dni) w <xAnon> (...)</xAnon> - w <xAnon> Zakładzie (...)</xAnon>. W <xAnon> (...)</xAnon> Skarbu Państwa w <xAnon>S.</xAnon> pracował też od 3 listopada 1976 r. do 13 marca 1995 r. jako kierowca, operator sieczkarni i brygadzista oborowy.</xText>
          <xText>W okresie od 13 marca 1995 r. do 19 lipca 2005 r. był zatrudniony jako kierowca autobusu w <xAnon> Przedsiębiorstwie (...)</xAnon>.</xText>
          <xText>Dodatkowo do wniosku emerytalnego dołączył świadectwo wykonywania pracy w warunkach szczególnych, wystawione przez <xAnon> (...)</xAnon> na potwierdzenie, że w okresie od 2 grudnia 1974 r. do 30 czerwca 1976 r. (1 rok, 6 miesięcy i 28 dni) oraz od 3 listopada 1976 r. do 17 czerwca 1991 r. stale i w pełnym wymiarze czasu pracy wykonywał prace na stanowisku traktorzysty i kierowcy.</xText>
          <xText>Decyzją z dnia 21 października 2013 r. organ rentowy odmówił wnioskodawcy prawa do emerytury, gdyż nie przedstawił on właściwego świadectwa pracy wykonywanej w warunkach szczególnych, wykazując jedynie 1 rok, 9 miesięcy i 28 dni takiego zatrudnienia.</xText>
          <xText>Po otrzymaniu tej decyzji, w dniu 24 października 2013 r. wnioskodawca uzupełnił dokumentację emerytalną i dołączył dokumentację archiwalną z okresu jego pracy w <xAnon> (...)</xAnon>. Ponadto przedstawił Świadectwo wykonywania prac w szczególnych warunkach z dnia 13 października 2013 r. wystawione przez <xAnon> Przedsiębiorstwo (...)</xAnon>. W dokumencie tym podano, że od 13 marca 1995 r. do 19 lipca 2005 r. wnioskodawca stale pracował jako kierowca autobusu o liczbie miejsc powyżej 15.</xText>
          <xText>Mimo to decyzją z dnia 25 listopada 2013 r. organ rentowy ponownie odmówił wnioskodawcy prawa do emerytury z braku właściwego świadectwa pracy wykonywanej w warunkach szczególnych na potwierdzenie wszystkich okresów pracy. Po uwzględnieniu okresu takiego zatrudnienia <xAnon> (...)</xAnon> na stanowisku traktorzysty od 3 listopada 1976 r. do 29 lipca 1979 r. (2 lata, 8 miesięcy <xBRx/>i 27 dni) i kierowcy samochodu ciężarowego w okresie od 9 września 1985 r. do 31 grudnia 1987 r. oraz w <xAnon> Przedsiębiorstwie (...)</xAnon> w wymiarze 3 lata, 9 miesięcy i 19 dni wnioskodawca wykazał staż pracy wykonywanej w warunkach szczególnych łącznie w wymiarze 10 lat, 8 miesięcy i 6 dni. .</xText>
          <xText><xBx>Dowód: </xBx>1. Akta organu rentowego (emerytalne):</xText>
          <xText>- wniosek o emeryturę z dn. 3.09.2013 r.</xText>
          <xText>- świadectwa pracy z dn. 17.06.1983 r., 17.10.1974 r., 8.07.1976 r., 15.10.1976 r., 20.03.1995 r., 19.07.2005 r.,</xText>
          <xText>- świadectwo pracy wykonywanej w warunkach szczególnych w <xAnon> (...)</xAnon><xAnon>P.</xAnon> z dn. 30.07.2013 r., w <xAnon> (...)</xAnon> oraz w <xAnon> (...)</xAnon> z dn. <xBRx/>30.10.2013 r.</xText>
          <xText>- Zaświadczenie Agencji Nieruchomości Rolnych OT/<xAnon>R.</xAnon> z dnia 12.08.2013 r.</xText>
          <xText>- decyzje odmowne z dn. 21.10.2013 r. i 25.11.2013 r.</xText>
          
          <xText>Ponadto Sąd ustalił, że wnioskodawca <xAnon>M. S.</xAnon> z zawodu mechanik - kierowca pojazdów samochodowych pracę zawodową rozpoczął od 1 września 1969 r. nauką zawodu w szkole przyzakładowej <xAnon> (...)</xAnon> w <xAnon>P.</xAnon>. Bezpośrednio po zakończeniu nauki od 4 lipca 1972 r. został zatrudniony na stanowiska kierowcy samochodu ciężarowego o dopuszczalnym ciężarze powyżej 3,5 tony. Pracował tam do 30 września 1972 r., a od 1 października do 1972 r. do 28 października 1974 r. był zatrudniony jako traktorzysta w <xAnon>M.</xAnon><xAnon> (...)</xAnon> w <xAnon>S.</xAnon>. <xBRx/>W czasie tego zatrudnienia został powołany do odbycia zasadniczej służby wojskowej. Pełnił ją w okresie od 28 października 1972 r. do 15 października 1974 r. W czasie służby wojskowej został wyznaczony na stanowisko kierowcy samochodu.</xText>
          <xText>Następnie z dniem 2 grudnia 1974 r. został zatrudniony w <xAnon> (...)</xAnon> - <xAnon> Zakład (...)</xAnon> na stanowisku traktorzysty i pracował w tym charakterze do 30 czerwca 1976 r. Od 14 lipca do 31 października 1976 r. pracował w <xAnon> Kombinacie (...)</xAnon> jako kierowca. Od 3 listopada 1976 r. ponownie podjął pracę w <xAnon> (...)</xAnon> Skarbu Państwa w <xAnon>S.</xAnon>. Został przyjęty na stanowisko traktorzysty i obowiązki te wykonywał do 29 lipca 1979 r.</xText>
          <xText>Od maja 1979 r. wnioskodawca ubiegał się o przeniesienie do pracy <xBRx/>w warsztacie mechanicznym na stanowisku kierowcy samochodu ciężarowego, uczęszczał wtedy na kurs celem uzyskania prawa jazdy II kategorii (na samochody ciężarowe i autobusy). W dniu 27 sierpnia 1979 r. uzyskał prawo jazdy kategorii D. Natomiast do pracy na stanowisko kierowcy samochodowego w Warsztacie Mechanicznym został przeniesiony już od 30 lipca 1979 r. W dniu 31 lipca 1979 r. odebrał samochód ciężarowy <xAnon>marki S.</xAnon> 200 z warsztatu remontowego w <xAnon>R.</xAnon>.</xText>
          <xText>Od początku zatrudnienia na stanowisku kierowcy samochodowego wnioskodawca jeździł wyłącznie samochodami ciężarowymi o dopuszczalnym ciężarze powyżej 3,5 tony. Na początku przez około 2 lata kierował samochodem <xAnon>marki S.</xAnon> 29/200 tzw. łamańcem powyżej 8 ton. Samochód ten służył do przewozu koni, miał też specjalne kabiny dla osób (sportowców). Równocześnie obsługiwała samochód <xAnon>marki S.</xAnon> 244 tzw. samochód rolny, samozaładowczy powyżej 6 ton i okazjonalnie w ramach zastępstwa jeździł samochodem <xAnon>marki K.</xAnon>. Co najmniej od 21 lutego 1981 r. wnioskodawca kierował tzw. osinobusem. Był to samochód ciężarowy <xAnon>marki G. (...)</xAnon>, 4-tonowy, skrzyniowy. Został on dostosowany, ze względu na potrzeby <xAnon>S.</xAnon>, na auto do przewożenia ponad 20 osób. Kierowcą tego samochodu został wnioskodawca, który z tego tytułu od 21 lutego 1981 r. otrzymał wyższą VII kategorię zaszeregowania. Osinobusem wnioskodawca przewoził głownie praktykantów ze szkoły w <xAnon>Z.</xAnon>, pracowników <xAnon> (...)</xAnon> do prac polowych, woził też dzieci pracowników do szkoły.</xText>
          <xText>Wnioskodawca, tak jak każdy kierowca <xAnon>S.</xAnon> miał powierzony samochód, odpowiadał za jego sprawność, tankowanie i przeglądy. Wyjątkowo, tylko w czasie awarii auta, czy potrzeby zastąpienia innego kierowcy jeździł innym samochodem. Niemiej w przedsiębiorstwie użytkowano głównie samochody ciężarowe <xAnon>marki K.</xAnon> i <xAnon>S.</xAnon>, przeważnie były to samochody z przyczepami i ciągniki siodłowe. Przewożono nimi produkty rolne - siano, zboże, pasze, buraki, ziemniaki. Ponadto samochody <xAnon>marki S.</xAnon> i <xAnon>K.</xAnon>(ciągniki siodłowe) służyły do przewozu konie. Dla grupy remontowo-budowlanej przewożone też były materiały budowlane.</xText>
          <xText>Praca kierowcy zwykle odbywała się na jedną zmianę, od godziny 7 rano, jednak kiedy było natężenie prac polowych, to pracę zaczynano wcześniej i trwała ona zwykle ponad 8 godzin. Poza tym w związku z rozwożeniem koni oraz zboża do młynów i stacji nasiennych kierowcy jeździli poza teren ówczesnego województwa <xAnon> (...)</xAnon>. Miesięcznie kierowcy jeździli nawet po 400 godzin. Przydziału pracy <xBRx/>i jej rozliczenia dokonywał kierownik Warsztatu Mechanicznego, któremu podlegali wszyscy kierowcy i traktorzyści, przed każdym kursem kierowca dostawał karty drogowe. To na ich podstawie był rozliczany z wykonanej pracy.</xText>
          <xText>Razem z wnioskodawcą prace kierowców ciągników i samochodów ciężarowych wykonywali świadkowie <xAnon>W. H. (1)</xAnon>, który pracował w <xAnon> (...)</xAnon> w latach 1976 -2001 r. oraz <xAnon>A. T. (1)</xAnon>, który pracował od 1976 r. do 2003 r. Wszyscy jeździli wyłącznie wielotonowymi samochodami ciężarowymi. <xBRx/>W <xAnon>S.</xAnon> równocześnie pracowało kilkunastu kierowców.</xText>
          <xText>Sąd ustalił też, że w okresie od 12 do 14 czerwca 1980 r. wnioskodawca został oddelegowany wraz ze świadkiem <xAnon>M. H.</xAnon> na kurs z zakresu eksploatacji samochodów <xAnon>marki K.</xAnon>. Do <xAnon> (...)</xAnon> zakupiono samochód tej <xAnon>marki p. (...)</xAnon> ton. Jego kierowcą był <xAnon>M. H.</xAnon>, wnioskodawca jedynie go zastępował.</xText>
          <xText>Od 9 września 1985 r. ponownie powierzono wnioskodawcy samochód ciężarowy <xAnon>marki S.</xAnon>, a z dniem 1 stycznia 1988 r. został przeniesiony do pracy <xBRx/>w charakterze operatora sieczkarni samobieżnej w <xAnon> Zakładzie (...)</xAnon>. Zamian stanowiska pracy spowodowana była objęciem przez wnioskodawcę stanowiska społecznego inspektora pracy. Z należytym wykonywaniem tych obowiązków kolidowała praca kierowcy, odbywająca się przeważnie w terenie. Kolejna zmiana stanowiska pracy nastąpiła z dniem 27 maja 1991 r., kiedy to przeniesiono wnioskodawcę do pracy w Ubojni z masarnią i powierzono mu obowiązki masarza. Z dniem 20 lipca 1992 r. wnioskodawca został przeniesiony do Warsztatu Mechanicznego i ponownie objął obowiązki kierowcy, następnie dozorcy oraz brygadzisty oborowego.</xText>
          <xText>Z dniem 13 marca 1995 r. za porozumieniem między zakładami pracy został przekazany do pracy w <xAnon> Przedsiębiorstwie (...)</xAnon>.</xText>
          <xText><xBx>Dowód:</xBx> 1. Akta organu rentowe (emerytalne):</xText>
          <xText>- książeczka wojskowa</xText>
          <xText>- świadectwa pracy z dn. 17.06.1983 r., 17.10.1974 r., 8.07.1976 r., 15.10.1976 r., 20.03.1995 r.,</xText>
          <xText>2. akta osobowe wnioskodawcy:</xText>
          <xText>- umowy o pracę z dn. 2.12.1974 r. i 2.11.1976 r.</xText>
          <xText>- angaże za lata 1972-1991,</xText>
          <xText>- podania o zmianę stanowiska z dn. 7.05.1979 r., 27.07.1979 r. i 25.05.1987 r.</xText>
          <xText>- przeniesienia służbowe z dn. 28.07.1979 r., 26.02.1981 r. , 4.01.1988 r., 28.05.<xBRx/> 1991 r., 24.07.1992 r. i 13.03.1995 r.</xText>
          <xText>- odpis prawa jazdy kat. D. z dn. 27.08.1979 r.</xText>
          <xText>2. zeznania świadków:</xText>
          <xText>- <xAnon>W. H.</xAnon> (nagranie rozprawy - 16 min),</xText>
          <xText>- <xAnon>A. T.</xAnon> (nagranie rozprawy - 29 min.),</xText>
          <xText>3. zeznania wnioskodawcy (nagranie rozprawy - 38 min.).</xText>
          
          <xText>Sąd ustalił też, że od 2 lipca 2012 r. wnioskodawca jest zarejestrowany jako osoba bezrobotna i do dnia 2 kwietnia 2013 r. miał przyznany zasiłek.</xText>
          <xText><xBx>Dowód:</xBx> 1. Akta organu rentowe (emerytalne):</xText>
          <xText>- Zaświadczenie Prezydenta m. <xAnon>P.</xAnon> z dn. 25.07.2013 r.</xText>
          <xText>2. zeznania wnioskodawcy (nagranie rozprawy - 38 min.).</xText>
          
          <xText>Dokonując tych ustaleń Sąd oparł się na dokumentach zgromadzonych w aktach organu rentowego. W szczególności Sąd uwzględnił ogólne świadectwa pracy wnioskodawcy na ustalenie okresów jego zatrudnienia. Ponadto na podstawie dokumentacji osobowej wnioskodawcy Sąd stwierdził w jakim charakterze pracował on w <xAnon> (...)</xAnon> w <xAnon>S.</xAnon>.</xText>
          <xText>Okoliczność, że przechowawca akt osobowych wnioskodawcy, nie może wystawić mu świadectwa pracy wykonywanej w warunkach szczególnych nie może pozbawić go możliwości wykazania innymi dowodami charakteru faktycznie wykonywanych prac. Z treści § 2 ust. 2 rozporządzenia Rady Ministrów <xBRx/>z dnia 7 lutego 1983 r. nie wynika, aby stwierdzenie zakładu pracy (czy też przechowawcy jego dokumentów) w przedmiocie wykazania, na podstawie posiadanej dokumentacji, okresów pracy w szczególnych warunkach, miało charakter wiążący <xBRx/>i nie podlegało kontroli organów przyznających świadczenia uzależnione od wykonywania pracy w szczególnych warunkach. Świadectwo wykonywania pracy <xBRx/>w szczególnych warunkach nie jest dokumentem urzędowym w rozumieniu <xLexLink xArt="art. 244;art. 244 § 1;art. 244 § 2" xIsapId="WDU19640430296" xTitle="Ustawa z dnia 17 listopada 1964 r. - Kodeks postępowania cywilnego" xAddress="Dz. U. z 1964 r. Nr 43, poz. 296">art. 244 § 1 i 2 k.p.c.</xLexLink>, gdyż podmiot wydający to świadectwo nie jest organem państwowym ani organem wykonującym zadania z zakresu administracji państwowej. Omawiane świadectwo traktuje się w postępowaniu sądowym jako dokument prywatny <xBRx/>w rozumieniu <xLexLink xArt="art. 245" xIsapId="WDU19640430296" xTitle="Ustawa z dnia 17 listopada 1964 r. - Kodeks postępowania cywilnego" xAddress="Dz. U. z 1964 r. Nr 43, poz. 296">art. 245 k.p.c.</xLexLink>, który stanowi dowód tego, że osoba, która go podpisała, złożyła oświadczenie zawarte w dokumencie. Dokument taki podlega kontroli zarówno co do prawdziwości wskazanych w nim faktów, jak co do prawidłowości wskazanej podstawy prawnej.</xText>
          <xText>Za pełni wiarygodne Sąd uznał zeznania świadków: <xAnon>W. H. (3)</xAnon><xBRx/>i <xAnon>A. T. (1)</xAnon> – kierowców samochodów ciężarowych również zatrudnionych w <xAnon> (...)</xAnon> w <xAnon>S.</xAnon> latach 1976-2003. Świadkowie ci dokładnie opisali strukturę zatrudnienia w <xAnon> (...)</xAnon>, wskazali, jakie prace wykonywał wnioskodawca, jak wyglądała organizacja pracy.</xText>
          <xText>W rezultacie zebrana przez organ rentowy dokumentacja dopiero wraz <xBRx/>z zeznaniami świadków oraz zeznaniami wnioskodawcy potwierdza okres i faktyczny charakter wykonywanej przez niego pracy.</xText>
          <xText>Wszystkie zgromadzone dowody wzajemnie się potwierdzają i uzupełniają, wobec czego są wiarygodnym źródłem ustaleń faktycznych. Wynika z nich, jaką pracę i w jakich warunkach wykonywał wnioskodawca.</xText>
          
          <xText xALIGNx="center">
            <xBx>Mając powyższe na uwadze Sąd Okręgowy zważył, co następuje:</xBx>
          </xText>
          <xText>Odwołanie wnioskodawcy jest uzasadnione.</xText>
          <xText>
            <xBx> Zgodnie z <xLexLink xArt="art. 184;art. 184 ust. 1;art. 184 ust. 2" xIsapId="WDU19981621118" xTitle="Ustawa z dnia 17 grudnia 1998 r. o emeryturach i rentach z Funduszu Ubezpieczeń Społecznych" xAddress="Dz. U. z 1998 r. Nr 162, poz. 1118">art. 184 ust. 1 i 2 ustawy o emeryturach i rentach z Funduszu Ubezpieczeń Społecznych</xLexLink> (Dz. U. z 2009 r Nr 153, poz. 1227 ze zm.) w brzmieniu obowiązującym w dniu 1 stycznia 2013 r. - ubezpieczonym urodzonym po dniu 31 grudnia 1948 r. przysługuje emerytura po osiągnięciu wieku przewidzianego w art. 32, 33, 39 i 40, jeżeli w dniu wejścia w życie ustawy osiągnęli:</xBx>
          </xText>
          <xText>1) okres zatrudnienia w szczególnych warunkach lub w szczególnym charakterze wymaganym w przepisach dotychczasowych do nabycia prawa do emerytury <xBRx/>w wieku niższym niż 60 lat - dla kobiet i 65 lat - dla mężczyzn oraz</xText>
          <xText>2)okres składkowy i nieskładkowy, o którym mowa w art. 27.</xText>
          <xText>Ponadto emerytura, o której mowa w ust. 1, przysługuje pod warunkiem nieprzystąpienia do otwartego funduszu emerytalnego albo złożenia wniosku <xBRx/>o przekazanie środków zgromadzonych na rachunku w otwartym funduszu emerytalnym, za pośrednictwem Zakładu, na dochody budżetu państwa.</xText>
          <xText>Równocześnie zgodnie z <xLexLink xArt="art. 32;art. 32 ust. 1" xIsapId="WDU19981621118" xTitle="Ustawa z dnia 17 grudnia 1998 r. o emeryturach i rentach z Funduszu Ubezpieczeń Społecznych" xAddress="Dz. U. z 1998 r. Nr 162, poz. 1118">art. 32 ust. 1 ustawy o emeryturach i rentach <xBRx/>z Funduszu Ubezpieczeń Społecznych</xLexLink> w zw. z § 4 ust. 1 rozporządzenia Rady Ministrów z dnia 7 lutego 1983 r. w sprawie wieku emerytalnego dla pracowników zatrudnianych w szczególnych warunkach lub w szczególnym charakterze (Dz.U. Nr 8 poz. 43) - ubezpieczonym urodzonym przed dniem 1 stycznia 1949 r. będącym pracownikami zatrudnionymi w warunkach szczególnych lub w szczególnym charakterze przysługuje emerytura w wieku niższym niż określony w art. 27 ust. 2 i 3 tj. jeżeli spełniają łącznie następujące warunki:</xText>
          <xEnum>
            <xBullet>-</xBullet>
            <xEnumElem>
              <xText>osiągnęli wiek emerytalny wynoszący dla mężczyzny 60 lat oraz</xText>
            </xEnumElem>
            <xEnumElem>
              <xText>posiadają wymagany okres składkowy i nieskładkowy tj. 25 lat dla mężczyzny, <xBRx/>w tym co najmniej 15 lat pracy w szczególnych warunkach.</xText>
            </xEnumElem>
          </xEnum>
          <xText>Dla ustalenia tych uprawnień - za pracowników zatrudnionych w szczególnych warunkach uważa się pracowników zatrudnionych przy pracach o znacznej szkodliwości dla zdrowia oraz o znacznym stopniu uciążliwości lub wymagających wysokiej sprawności psychofizycznej ze względu na bezpieczeństwo własne lub otoczenia (art. 32 ust. 2 cyt. ustawy).</xText>
          <xText>Zgodnie z <xLexLink xArt="§ 2;§ 2 ust. 1" xIsapId="WDU19830080043" xTitle="Rozporządzenie Rady Ministrów z dnia 7 lutego 1983 r. w sprawie wieku emerytalnego oraz wzrostu emerytur i rent inwalidzkich dla pracowników zatrudnionych w szczególnych warunkach lub w szczególnym charakterze" xAddress="Dz. U. z 1983 r. Nr 8, poz. 43">§ 2 ust. 1 cyt. Rozporządzenia Rady Ministrów z dnia 7 lutego <xBRx/>1983 r. w sprawie wieku emerytalnego pracowników zatrudnionych w szczególnych warunkach lub w szczególnym charakterze</xLexLink> (Dz. U. z 1983 r. Nr 8, poz. 43 ze zm.) - okresami pracy uzasadniającymi prawo do świadczeń na zasadach określonych <xBRx/>w rozporządzeniu są okresy, w których praca w szczególnych warunkach lub <xBRx/>w szczególnym charakterze była wykonywana stale i w pełnym wymiarze czasu pracy obowiązującym na danym stanowisku pracy.</xText>
          <xText>Okresy pracy w szczególnych warunkach stwierdza zakład pracy na podstawie posiadanej dokumentacji - w świadectwie wykonywania pracy w szczególnych warunkach, wystawionym według wzoru stanowiącego załącznik do przepisów wydanych na podstawie § 1 ust. 2 rozporządzenia, lub w świadectwie pracy. Zaświadczenie zakładu pracy powinno potwierdzać charakter i stanowisko pracy <xBRx/>w poszczególnych okresach oraz inne okoliczności, od których uzależnione jest przyznanie emerytury.</xText>
          <xText>Bezsporne jest, że wnioskodawca <xAnon>M. S.</xAnon> wykazał, iż ukończył 60 lat oraz posiada 25 lat okresów składkowych i nieskładkowych.</xText>
          <xText>W toku rozpoznawania sprawy przed organem rentowym uwzględniony został łączny okres zatrudnienia w warunkach szczególnych w wymiarze 10 lat, 8 miesięcy <xBRx/>i 6 dni. Sporny okazał się charakter pracy wykonywanej przez wnioskodawcę <xBRx/>w <xAnon> (...)</xAnon> w <xAnon>S.</xAnon> w okresie od 30 lipca 1979 r. do 20 lutego 1981 r. oraz od 21 lutego 1981 r. do 8 września 1985 r. (6 lat, 1 miesiąc i 10 dni). Według zachowanej dokumentacji w tych okresach wnioskodawca był zatrudniony na stanowisku kierowcy samochodowego w <xAnon> (...)</xAnon>.</xText>
          <xText>Na podstawie zgromadzonego materiału Sąd przyjął, że odwołanie wnioskodawcy jest zasadne, a jego żądanie co do zmiany zaskarżonych decyzji <xBRx/>w zakresie dotyczącym charakteru zatrudnienia zasługuje na uwzględnienie. Sąd przyjął bowiem, że wnioskodawca pracował w <xAnon> (...)</xAnon> w <xAnon>S.</xAnon> jako kierowca samochodu ciężarowego o dopuszczalnym ciężarze całkowitym pow. 3,5 tony w okresie od 30 lipca 1979 r. do 20 lutego 1981 r., zaś jako kierowca samochodu służącego do przewozu powyżej 15 osób - od 21 lutego 1981 r. do 8 września 1985 r., łącznie przez 6 lat 1 miesiąc i 10 dni.</xText>
          <xText>Stanowisko kierowcy samochodu ciężarowego o dopuszczalnym ciężarze całkowitym pow. 3,5 tony oraz kierowcy autobusu o liczbie miejsc powyżej 15 jest wymienione w wykazie stanowisk (A) powołanego na wstępie rozporządzeniu. Spór powstał w związku z brakiem właściwego świadectwa pracy wykonywanej <xBRx/>w warunkach szczególnych. Jednakże Sąd przyjął, że zachowana dokumentacja, <xBRx/>w tym angaże, przeszeregowania i przeniesienia służbowe oraz zeznania świadków <xBRx/>i wnioskodawcy jednoznacznie wskazują, że wnioskodawca w spornych okresach pracował stale i w pełnym wymiarze czasu pracy wyłącznie jako kierowca samochodu ciężarowego głównie <xAnon>marki S.</xAnon> o dopuszczalnym ciężarze całkowitym powyżej 6 ton oraz jako kierowca samochodu ciężarowego dostosowanego do przewozu powyżej 15 osób.</xText>
          <xText>Zajmowane przez wnioskodawcę stanowiska wymienione są w wykazie A, Dział VIII, poz. 2 - prace kierowców samochodów ciężarowych o dopuszczalnym ciężarze całkowitym powyżej 3,5 tony, specjalizowanych, specjalistycznych pojazdów członowych i ciągników samochodowych balastowych, autobusów o liczbie miejsc powyżej 15 (…) - Rozporządzenia Rady Ministrów z dnia 7 lutego 1983 r. w sprawie wieku emerytalnego pracowników zatrudnionych w szczególnych warunkach. Ponadto w wykazie B dział VIII, poz. 3 pkt 3 załącznika do zarządzenia Nr 16 Ministra Rolnictwa, Leśnictwa i Gospodarki Żywnościowej z dnia 31 marca 1988 r. w sprawie stanowisk pracy, na których wykonywane są prace w szczególnych warunkach i szczególnym charakterze wymienione są prace kierowców samochodów ciężarowych o dopuszczalnym ciężarze całkowitym powyżej 3,5 tony, specjalizowanych, specjalistycznych pojazdów członowych i ciągników samochodowych balastowych, autobusów o liczbie miejsc powyżej 15 (…) - kierowca samochodu ciężarowego o dopuszczalnym ciężarze całkowitym powyżej 3,5 tony (pkt 1), kierowca pojazdu członowego (pkt 2), kierowca pojazdu balastowego (pkt 3) i kierowca autobusu o liczbie miejsc siedzących większej niż 15 (pkt 4).</xText>
          <xText>Podnieść należy, że w postępowaniu przed sądami pracy i ubezpieczeń społecznych okoliczności mające wpływ na prawo do świadczeń lub ich wysokość mogą być udowadniane wszelkimi dowodami przewidzianymi w <xLexLink xArt="" xIsapId="WDU19640430296" xTitle="Ustawa z dnia 17 listopada 1964 r. - Kodeks postępowania cywilnego" xAddress="Dz. U. z 1964 r. Nr 43, poz. 296">kodeksie postępowania cywilnego</xLexLink> i nie są potrzebne jakieś szczególne dowody np. <xBRx/>z dokumentów - wystarczą dowody np. z zeznań świadków i stron. W rozpoznawanej sprawie istotne okazały się zarówno dokumenty zawarte w aktach osobowych wnioskodawcy, jak i zeznania świadków, którzy również pracowali jako kierowcy. Świadectwo pracy wystawione bezpośrednio po ustaniu zatrudnienia, zachowana dokumentacja osobowa oraz jednoznaczne i spójne zeznania świadków wskazują, że w spornych dwóch okresach wnioskodawca pracował jako kierowca samochodu ciężarowego oraz dostosowanego do przewozu osób. Zdaniem Sądu Okręgowego istotny w sprawie okazał się rodzaj pracy faktycznie wykonywanej przez wnioskodawcę, który pracował w warunkach szczególnych jako kierowca samochodu ciężarowego.</xText>
          <xText>Tym samym rozstrzygając kwestię charakteru zatrudnienia wnioskodawcy, Sąd przyjął, że wykazał on łącznie ponad 16-letni okres pracy w warunkach szczególnych, przypadający przed dniem 1 stycznia 1999 r.</xText>
          
          <xText>Zgodnie z art. 129 ust. 1 ustawy o emeryturach i rentach z FUS, świadczenia wypłaca się poczynając od dnia powstania prawa do tych świadczeń, nie wcześniej jednak niż od miesiąca, w którym zgłoszono wniosek lub wydano decyzję z urzędu.</xText>
          <xText>
            <xBx> W tym stanie rzeczy Sąd uznał, że odwołanie wnioskodawcy zasługuje na uwzględnienie i na mocy powołanych przepisów w zw. z <xLexLink xArt="art. 477(14);art. 477(14) § 2" xIsapId="WDU19640430296" xTitle="Ustawa z dnia 17 listopada 1964 r. - Kodeks postępowania cywilnego" xAddress="Dz. U. z 1964 r. Nr 43, poz. 296">art. 477<xSUPx>14</xSUPx> § 2 k.p.c.</xLexLink> zmienił zaskarżone decyzje, przyznając mu prawo do emerytury począwszy od dnia 5 września 2013 r. tj. osiągnięcia wieku emerytalnego, o czym orzeczono w pkt I-szym wyroku. </xBx>
          </xText>
          
          <xText>Zgodnie z art. 118 ust. 1 i 1a ustawy o emeryturach i rentach z FUS organ rentowy wydaje decyzję w sprawie prawa do świadczenia lub ustalenia jego wysokości po raz pierwszy w ciągu 30 dni od wyjaśnienia ostatniej okoliczności niezbędnej do wydania tej decyzji, z uwzględnieniem ust. 2 i 3 oraz art. 120. W razie ustalenia prawa do świadczenia lub jego wysokości orzeczeniem organu odwoławczego za dzień wyjaśnienia ostatniej okoliczności niezbędnej do wydania decyzji uważa się również dzień wpływu prawomocnego orzeczenia organu odwoławczego, jeżeli organ rentowy nie ponosi odpowiedzialności za nieustalenie ostatniej okoliczności niezbędnej do wydania decyzji. Organ odwoławczy, wydając orzeczenie, stwierdza odpowiedzialność organu rentowego.</xText>
          <xText>Kierując się tym przepisem oraz uwzględniając wcześniejsze rozważania Sąd uznał, że ustalenie ostatniej okoliczności niezbędnej do wydania decyzji (przeprowadzenie dowodu z zeznań świadków oraz ponowna ocena dokumentów) zwalniają organ rentowy z odpowiedzialności za opóźnienie w ustaleniu prawa do świadczenia emerytalnego wnioskodawcy. Orzeczenie w tym zakresie zawarto w pkt II-im wyroku.</xText>
        </xUnit>
      </xBlock>
    </xPart>
  </judgement>
<judgement id="154510050000503_I_C_001100_2013_Uz_2014-02-11_001">
    <xPart xEditorFullName="Magdalena Wyszomierska" xYear="2013" xLang="PL" xPublisherFullName="Magdalena Wyszomierska" xFromPg="1" xEditor="MWyszomierska" xVolType="15/451005/0000503/C" xPublisher="MWyszomierska" xDocType="Uz" xVolNmbr="001100" xVersion="1.0" xToPage="4" xFlag="published">
      <xName>Wyrok+Uzasadnienie</xName>
      <xBlock>
        <xText>Sygn. akt I C 1100/13 upr.</xText>
        <xUnit xBold="true" xType="part" xIsTitle="true">
          <xName>WYROK</xName>
          <xTitle>W IMIENIU RZECZYPOSPOLITEJ POLSKIEJ</xTitle>
          <xText xALIGNx="right">  Dnia 20 grudnia 2013 r.</xText>
          
          <xText>
            <xBx>Sąd Rejonowy w Legionowie I Wydział Cywilny</xBx>
          </xText>
          <xText>w składzie następującym:</xText>
          
          <xRows>
            <xCOLGROUPx>
              <xCOLx xWIDTHx="186"/>
              <xCOLx xWIDTHx="525"/>
            </xCOLGROUPx>
            <xRow>
              <xClmn xVALIGNx="top" xALIGNx="left">
                <xText xALIGNx="right">Przewodniczący:</xText>
              </xClmn>
              <xClmn xVALIGNx="top" xALIGNx="left">
                <xText>SSR Krzysztof Stępniewski</xText>
              </xClmn>
            </xRow>
            <xRow>
              <xClmn xVALIGNx="top" xALIGNx="left">
                <xText xALIGNx="right">Sędziowie:</xText>
              </xClmn>
              <xClmn xVALIGNx="top" xALIGNx="left">
                <xText>-</xText>
              </xClmn>
            </xRow>
            <xRow>
              <xClmn xVALIGNx="top" xALIGNx="left">
                <xText xALIGNx="right">Protokolant:</xText>
              </xClmn>
              <xClmn xVALIGNx="top" xALIGNx="left">
                <xText>Sebastian Śliwiński</xText>
              </xClmn>
            </xRow>
          </xRows>
          
          <xText>po rozpoznaniu na rozprawie w dniu 20 grudnia 2013 r. w <xAnon>L.</xAnon></xText>
          <xText>sprawy z powództwa</xText>
          <xText>
            <xAnon> (...) Sp. z o. o.</xAnon>
          </xText>
          <xText>przeciwko</xText>
          <xText>
            <xAnon>M. Z.</xAnon>
          </xText>
          <xText>o zapłatę</xText>
          
          <xText>Powództwo oddala</xText>
          
          <xText>
            <xBx>Sygn. akt: I C 1100/13</xBx>
          </xText>
        </xUnit>
        <xUnit xBold="true" xType="part" xIsTitle="true">
          <xName>UZASADNIENIE</xName>
          <xText xALIGNx="center">
            <xBx>Wyroku Sądu Rejonowego w Legionowie z dnia 20.12.2013 r.</xBx>
          </xText>
          
          <xText>W dniu 18.04.2013 r. do Sądu Rejonowego Lublin – Zachód w Lublinie w ramach elektronicznego postępowania upominawczego został wniesiony pozew przez <xAnon> (...) Spółka z ograniczoną odpowiedzialnością</xAnon> z siedzibą w <xAnon>W.</xAnon> przeciwko <xAnon>M. Z.</xAnon> o zapłatę.</xText>
          
          <xText>W dniu 28.05.2013 r. Sąd wydał nakaz zapłaty w postępowaniu upominawczym.</xText>
          
          <xText>Pozwany złożył sprzeciw od nakazu zapłaty, wnoszą o oddalenie powództwa i podnosząc zarzut przedawnienia.</xText>
          
          <xText>
            <xBx>Sąd ustalił następujący stan faktyczny:</xBx>
          </xText>
          
          <xText>W dniu 29.10.2012 r. doszło do zawarcia umowy sprzedaży wierzytelności pomiędzy <xAnon> Wyższą Szkołą (...)</xAnon>. <xAnon>J. C.</xAnon> w <xAnon>R.</xAnon> a powodem, której przedmiotem było przeniesienie na rzecz powoda wierzytelności pieniężnych określonych w § 3 umowy w celu ich dalszej windykacji. Zbywca oświadczył, iż przysługują mu niesporne i wymagalne wierzytelności w stosunku do dłużników tytułem świadczonych usług edukacyjnych. Zbywca zgodnie z postanowieniami umowy miał sporządzić i dołączyć do umowy zestawienie pisemne zawarte w załączniku nr 2, które miało zawierać wykaz wierzytelności objętych umową.</xText>
          
          <xText>Do umowy załączono wyciąg z załącznika do umowy sprzedaży wierzytelności z dnia 25.10.2012 r.</xText>
          
          <xText>Powód wezwał pozwanego pismem z dnia 30.10.2012 r. do zapłaty, informując go o dokonanym przelewie wierzytelności. W aktach brak jest dowodu doręczenia powyższego pisma pozwanemu.</xText>
          
          <xText>
            <xBx>Sąd zważył, co następuje:</xBx>
          </xText>
          
          <xText>Powództwo nie zasługuje na uwzględnienie.</xText>
          
          <xText>Zgodnie z art. 6 k.c. ciężar udowodnienia faktu spoczywa na osobie, która z faktu tego wywodzi skutki prawne. Obowiązek przedstawienia dowodów spoczywa na stronach (art. 3 § 1 k.p.c.), a ciężar udowodnienia faktów mających dla rozstrzygnięcia sprawy istotne znaczenie (art. 227 k.p.c.) spoczywa na stronie, która z faktów tych wywodzi skutki prawne (art. 6 k.c.).</xText>
          
          <xText>Zatem powód powinien udowodnić okoliczności określone w art. 509 k.c. i art. 510 § 1 k.c. dotyczące elementów przedmiotowo istotnych umowy przelewu, jej ważności oraz skuteczności tej umowy.</xText>
          
          <xText>Zgodnie z art. 509 § 1 k.c. wierzyciel może bez zgody dłużnika przenieść wierzytelność na osobę trzecią (przelew), chyba że sprzeciwiałoby się to ustawie, zastrzeżeniu umownemu albo właściwości zobowiązania. Zgodnie z art. 510 § 1 k.c. umowa sprzedaży wierzytelności przenosi wierzytelność na nabywcę (...).</xText>
          
          <xText>Powód wskazał, iż na podstawie umowy cesji wierzytelności przejął od <xAnon> Wyższej Szkoły (...)</xAnon> w <xAnon>R.</xAnon> prawa do wierzytelności wobec pozwanego z tytułu świadczenia usług edukacyjnych</xText>
          
          <xText>Z załączonej przez powoda umowy z dnia 29.10.2012 r. nie wynika jednak jakie wierzytelności, w jakiej wysokości i w stosunku do kogo zostały na jej podstawie zbyte. Do akt nie dołączono załącznika nr 2, o którym stanowi umowa, a dołączono jedynie wyciąg z załącznika do umowy. Z wyciągu tego wynika, iż doszło do przelewu wierzytelności kwoty 800 złotych. Z rozliczenia z kontrahentem k. 40 wynika, iż pozwany był wobec <xAnon> Wyższej Szkoły (...)</xAnon> dłużnikiem co do zapłaty kwot: 350 złotych tytułem nieopłaconego czesnego za grudzień 2003 r., 350 złotych tytułem nieopłaconego czesnego za styczeń 2004 r. i za ponowny wpis na listę studentów w maju 2004 r. w kwocie 100 złotych.</xText>
          
          <xText>Biorąc jednak pod uwagę fakt, iż pozwany zakwestionował podstawę i wysokość roszczenia, zaś powód na potwierdzenie swoich racji przedstawił jedynie dokument prywatny, z którego nie wynika, że <xAnon> Wyższa Szkoła (...)</xAnon> dokonała przelewu tej konkretnej wierzytelności, która przysługiwała tejże Szkole wobec pozwanego, należy uznać, że powód nie udowodnił istnienia wierzytelności <xAnon> Wyższej Szkoły (...)</xAnon> w stosunku do pozwanego.</xText>
          
          <xText>Wobec zaś nie udowodnienia, iż <xAnon> Wyższa Szkoła (...)</xAnon> w <xAnon>R.</xAnon> miała wobec pozwanego wierzytelność wynikającą z umowy, nie mogło nastąpić skuteczne zbycie tej wierzytelności. Zgodnie bowiem z art. 510 § 1 k.c. przesłanką skutecznego przeniesienia wierzytelności na nabywcę jest istnienie tej wierzytelności i przysługiwanie tej wierzytelności zbywcy (<xIx>nemo plus iuris in alium transfere potest quam ipse habet</xIx>). Z powodu bezskuteczności umowy przelewu zawartej między <xAnon> Wyższą Szkołą (...)</xAnon> siedzibą w <xAnon>W.</xAnon> a powodem, nie nastąpił skutek w postaci przeniesienia wierzytelności – art. 510 § 1 k.c.</xText>
          
          <xText>Dodatkowo skuteczny okazał się zgłoszony przez pozwanego zarzut przedawnienia roszczenia.</xText>
          
          <xText>Zgodnie z art. 117 § 1 k.c. z zastrzeżeniem wyjątków w ustawie przewidzianych, roszczenia majątkowe ulegają przedawnieniu. Art. 117 § 2 k.c. stanowi, iż po upływie terminu przedawnienia ten, przeciwko komu przysługuje roszczenie, może uchylić się od jego zaspokojenia, chyba że zrzeka się korzystania z zarzutu przedawnienia.</xText>
          
          <xText>Art. 120 § 1 zdanie 1 k.c. określa, iż bieg przedawnienia rozpoczyna się od dnia, w którym roszczenie stało się wymagalne.</xText>
          
          <xText>W przedmiotowej sprawie termin spełnienia świadczenia pieniężnego przez pozwanego został wskazany przez powoda w dokumencie zatytułowanym „Rozliczenie z kontrahentem”, tj. w przypadku kwoty 350 złotych termin został wskazany na dzień 30.12.2003, w przypadku kwoty 350 złotych na dzień 30.01.2004 r., zaś w przypadku kwoty 100 złotych na dzień 12.05.2004 r. Stosownie do przepisu art. 751 pkt 2 Kodeksu cywilnego roszczenia z tytułu nauki, jeżeli przysługują osobom trudniącym się zawodowo takimi czynnościami albo osobom utrzymującym zakłady na ten cel przeznaczone przedawniają się z upływem dwóch lat. Tym samym powyższe roszczenia przedawniły się odpowiednio z dniem 31.12.2005 r., 31.01.2006 r., 13.05.2006 r.</xText>
          
          <xText>Pozwany zgłosił zarzut przedawnienia roszczenia o zapłatę. Zgodnie z art. 513 § 1 k.c. dłużnikowi przysługują przeciwko nabywcy wierzytelności wszelkie zarzuty, które miał przeciwko zbywcy w chwili powzięcia wiadomości o przelewie. Dlatego podniesiony przez dłużnika zarzut przedawnienia roszczenia jest skuteczny również przeciwko dalszym nabywcy wierzytelności, w tym wobec powoda. Zaś z chwilą przedawnienia roszczenia głównego przedawnia się także roszczenie o odsetki za opóźnienie jako roszczenie uboczne (por. uchwałę składu 7 sędziów Sądu Najwyższego z dnia 26 stycznia 2005r., sygn. akt III CZP 42/04).</xText>
          
          <xText>Z uwagi na powyższe okoliczności Sąd oddalił powództwo w całości.</xText>
        </xUnit>
      </xBlock>
    </xPart>
  </judgement>
<judgement id="155025500004003_VIII_C_000397_2013_Uz_2013-12-20_001">
    <xPart xEditorFullName="Justyna Poborska" xYear="2013" xLang="PL" xPublisherFullName="Justyna Poborska" xFromPg="1" xEditor="jpoborska" xVolType="15/502550/0004003/C" xPublisher="jpoborska" xDocType="Uz" xVolNmbr="000397" xVersion="1.0" xToPage="6" xFlag="published">
      <xName>Wyrok+Uzasadnienie</xName>
      <xBlock>
        <xText>
          <xBx>Sygn. akt VIII C 397/13</xBx>
        </xText>
        
        <xUnit xIsTitle="true" xType="part" xBold="true">
          <xName>WYROK</xName>
          <xTitle>W IMIENIU RZECZYPOSPOLITEJ POLSKIEJ</xTitle>
          <xText>Dnia 20 grudnia 2013 r.</xText>
          
          <xText>Sąd Rejonowy dla Wrocławia - Śródmieścia Wydział VIII Cywilny</xText>
          <xText>w składzie :</xText>
          
          <xText>Przewodniczący:<xBx> SSR Urszula Sulima </xBx></xText>
          <xText>Protokolant:<xBx> Alicja Winiarska </xBx></xText>
          
          <xText>po rozpoznaniu w dniu 20 grudnia 2013 r. we Wrocławiu na rozprawie sprawy</xText>
          <xText>z powództwa: <xBx><xAnon> (...) Finanse Spółki Akcyjnej</xAnon> z siedzibą we <xAnon>W.</xAnon></xBx></xText>
          <xText>przeciwko: <xBx><xAnon>K. J.</xAnon></xBx></xText>
          <xText>o zapłatę</xText>
          <xText>oddala powództwo.</xText>
        </xUnit>
        <xUnit xIsTitle="true" xType="part" xBold="true">
          <xName>UZASADNIENIE</xName>
          <xText>Pozwem wniesionym w dniu 20 listopada 2012 r. do Sądu Rejonowego w Lublinie strona powodowa <xAnon> (...) Finanse Spółka Akcyjna</xAnon> z siedzibą we <xAnon>W.</xAnon> domagała się zasądzenia od pozwanej <xAnon>K. J.</xAnon> kwoty 517,43 zł wraz z odsetkami ustawowymi od dnia wniesienia pozwu do dnia zapłaty oraz kosztów procesu zgodnie ze spisem kosztów zawartym w treści pozwu, w tym kosztów zastępstwa procesowego według norm przepisanych.</xText>
          <xText>Strona powodowa w uzasadnieniu pozwu podniosła, iż dochodzona wierzytelność wynikała z braku zapłaty przez pozwaną za korzystanie z usług telekomunikacyjnych świadczonych przez <xAnon> (...) Spółkę Akcyjną</xAnon> z siedzibą w <xAnon>G.</xAnon> na podstawie umowy o świadczenie usług telekomunikacyjnych. Strona powodowa nabyła przedmiotową wierzytelność uzyskując legitymację procesową czynną w sprawie. Podała, że na wartość przedmiotu sporu składała się suma należności z poszczególnych tytułów oraz odsetki naliczone na dzień 19 listopada 2012 r. Nadto na pozwanej spoczywał obowiązek zapłaty kwot 31,00 zł oraz 422,81 zł wynikających z wystawionych dokumentów finansowych. Strona powodowa podała, iż odsetki od poszczególnych kwot wynosiły: od kwoty 31,00 zł za okres od dnia 01.10.2011 r. do dnia 19.11.2012 r. - 4,59 zł, od kwoty 422,81 zł za okres od dnia 25.10.2011 r. do dnia 19.11.2012 r. - 59,03 zł. Pozwana, mimo wezwania nie uregulowała zadłużenia.</xText>
          <xText>W dniu 26 listopada 2012 r. został wydany nakaz zapłaty w elektronicznym postępowaniu upominawczym.</xText>
          <xText>Na skutek wniesienia sprzeciwu przez pozwaną, postanowieniem z dnia 3 stycznia 2013 r. Sąd uchylił wydany w sprawie nakaz zapłaty i przekazał sprawę do rozpoznania tut. Sądowi jako Sądowi właściwości ogólnej.</xText>
          <xText>We wniesionym sprzeciwie pozwana zaskarżyła nakaz zapłaty w całości domagając się oddalenia powództwa. Pozwana powołując się na umowę abonencką zawartą w dniu 2 sierpnia 2011 r. w mieszkaniu pozwanej z przedstawicielem operatora <xAnon> (...) S.A.</xAnon> wskazała, że została wprowadzona w błąd, gdyż nie poinformowano jej, że zostanie pozbawiona dostępu do programów telewizyjnych, w szczególności <xAnon>P.</xAnon>. Podniosła, że w umowie nie było takiego zastrzeżenia, natomiast kiedy domagała się przywrócenia tych programów wskazano jej, aby wykupiła za dodatkową kwotę <xAnon> usługę (...)</xAnon>. Z tych właśnie względów pozwana odstąpiła od umowy. Nadto podniosła, że celem umowy abonenckiej było skorzystanie przez nią z usługi telekomunikacyjnej, a nie usługi telewizyjnej. W dniu 16 sierpnia 2011 r. oddała sprzęt operatora. Podniosła również, iż nie otrzymała od <xAnon> (...) S.A.</xAnon> faktur dochodzonych pozwem, wskazując na niezasadność zgłoszonego w pozwie roszczenia przez stronę powodową.</xText>
          <xText>W odpowiedzi strona powodowa wskazała, iż bezspornym jest, że pozwana zawarła umowę o świadczenie usług telekomunikacyjnych z <xAnon> (...) Spółką Akcyjną</xAnon> z siedzibą w <xAnon>G.</xAnon>, na podstawie której pozwana uzyskała dostęp do usług świadczonych przez operatora. Strona powodowa podniosła, że w umowie operator dokładnie sprecyzował rodzaj i sposób świadczonych usług na rzecz abonenta, a pozwana podpisując przedmiotową umowę posiadała wiedzę w zakresie zaproponowanych warunków oraz sposobu świadczenia usług telekomunikacyjnych. Ponadto pozwana w dniu podpisania umowy oświadczyła, że zapoznała się z regulaminem świadczenia usług telekomunikacyjnych. Strona powodowa podniosła, że operator wywiązywał się z obowiązku świadczenia usług zgodnie z postanowieniami umowy. Strona powodowa wskazała, że umowa pomiędzy stronami została zawarta przy jednoczesnym przyznaniu pozwanej ulgi w wysokości 459 zł. Z uwagi na fakt, że pozwana rozwiązała umowę w okresie trwania promocji, która obowiązywała od 18 lipca 2011 r. do 31 marca 2012 r. operator zgodnie z § 2 pkt 6 i 7 Regulaminu promocji <xAnon> (...)</xAnon>-3 „Dobra oferta <xAnon> (...)</xAnon>” obciążył stronę pozwaną karą umowną w wysokości 422,81 zł.</xText>
          <xText>W piśmie procesowym z dnia 26 września 2013 r. pozwana ponownie podniosła, iż zawierając umowę o świadczenie usług telekomunikacyjnych z operatorem <xAnon> (...) S.A.</xAnon> nie miała świadomości ani wiedzy, że zostaną zablokowane niektóre programy telewizyjne np. <xAnon>P.</xAnon>. Pozwana podała, że wielokrotnie zwracała się do operatora, z prośbą o przywrócenie programów telewizyjnych, wobec braku odpowiedzi operatora w tym zakresie, w dniu 16 sierpnia 2011 r. zwróciła sprzęt operatorowi i złożyła na piśmie oświadczenie o odstąpieniu od umowy.</xText>
          <xText>W piśmie procesowym z dnia 4 listopada 2013 r. strona powodowa podtrzymała żądania i wnioski wyrażone w pozwie i odpowiedzi na sprzeciw.</xText>
          
          <xText xALIGNx="center">
            <xBx>Sąd ustalił następujący stan faktyczny:</xBx>
          </xText>
          
          <xText>W dniu 2 sierpnia 2011 r. pozwana <xAnon>K. J.</xAnon> zawarła z <xAnon> (...) Spółką Akcyjną</xAnon> z siedzibą w <xAnon>G.</xAnon> umowę o świadczenie usług telekomunikacyjnych na czas nieoznaczony.</xText>
          <xText>
            <xBx>
              <xIx>Dowód:</xIx>
            </xBx>
            <xIx> - umowa abonencka nr <xAnon> (...)</xAnon> z dnia 2 sierpnia 2011 r. k. 30.</xIx>
          </xText>
          
          <xText>Umowa została zawarta poza lokalem przedsiębiorstwa.</xText>
          <xText>
            <xBx>
              <xIx>Bezsporne.</xIx>
            </xBx>
          </xText>
          
          <xText>Zgodnie z § 2 pkt 6 Regulaminu promocji <xAnon> (...)</xAnon>-3 „Dobra oferta <xAnon> (...)</xAnon>” kwota ulgi przyznanej uczestnikowi w ramach niniejszej promocji, stanowiąca podstawę ustalenia wielkości kary umownej, o której mowa w § 2 pkt 7 poniżej nie przekracza sumy rabatów określonych w § 2 ust. 1 i wskazana jest w zestawieniu ofert w § 2 ust. 1 pkt b) powyżej, stosownie do oferty (wariantu <xAnon> (...)</xAnon>) wybranej przez Uczestnika oraz stosowanie do § 2 pkt 7 uczestnik, który przed upływem kolejnych 24 pełnych miesięcy kalendarzowych obowiązywania Umowy Abonenckiej w <xAnon> (...)</xAnon> licząc od dnia aktywacji <xAnon> Usługi (...)</xAnon> objętej niniejszą Promocją utraci wszelkie korzyści wynikające z <xAnon> (...)</xAnon> i zobowiązany będzie do zapłaty na rzecz Operatora kary umownej w wysokości nie przekraczającej ulgi przyznanej Uczestnikowi, określonej w § 2 ust. 6, pomniejszonej o proporcjonalną jej wartość za okres od dnia zawarcia Umowy Abonenckiej w <xAnon> (...)</xAnon> do dnia jej rozwiązania.</xText>
          <xText>Pozwana złożyła podpis pod Regulaminem.</xText>
          <xText>
            <xBx>
              <xIx>Dowód:</xIx>
            </xBx>
            <xIx> - Regulamin promocji <xAnon> (...)</xAnon>-3 „Dobra oferta <xAnon> (...)</xAnon>” k. 32-33;</xIx>
          </xText>
          
          <xText>W dniu 16 sierpnia 2011 r. pozwana zwróciła sprzęt operatorowi. <xAnon> (...) S.A.</xAnon> w dniu 30 września 2011 r. wystawiła pozwanej notę obciążeniową na kwotę 422,81 zł z tytułu kary umownej za zerwanie promocji.</xText>
          <xText>
            <xBx>
              <xIx>Dowód:</xIx>
            </xBx>
            <xIx> - protokół zwrotu sprzętu operatora z dnia 16 sierpnia 2011 r. k.56.</xIx>
          </xText>
          <xText>
            <xIx>  - <xAnon>nota księgowa nr (...)</xAnon> z dnia 30 września 2011 r. k. 57.</xIx>
          </xText>
          
          <xText>W dniu 3 września 2011 r. <xAnon> (...) S.A.</xAnon> wystawiła pozwanej fakturę VAT na kwotę 31,00 zł z tytułu świadczonych usług telefonicznych.</xText>
          <xText>
            <xBx>
              <xIx>Dowód: -</xIx>
            </xBx>
            <xIx><xAnon>faktura VAT nr (...)</xAnon>.1 k. 36.</xIx>
          </xText>
          
          <xText>Pismem z dnia 1 sierpnia 2012 r. <xAnon> (...) S.A.</xAnon> wezwała pozwaną do zapłaty kwoty 453,81 zł w nieprzekraczalnym terminie do dnia 11 sierpnia 2012 r.</xText>
          <xText>
            <xBx>
              <xIx>Dowód:</xIx>
            </xBx>
            <xIx> -wezwanie do zapłaty. k. 9.;</xIx>
          </xText>
          
          <xText><xAnon> (...) Spółka Akcyjna</xAnon> z siedzibą w <xAnon>G.</xAnon> przelała przysługującą jej wobec pozwanej wierzytelność na rzecz strony powodowej <xAnon> (...) Finanse spółka z ograniczoną odpowiedzialnością</xAnon> z siedzibą we <xAnon>W.</xAnon>.</xText>
          <xText>
            <xBx>
              <xIx>Dowód: </xIx>
            </xBx>
            <xIx>umowa sprzedaży wierzytelności z dnia 27 września 2012 r. k.28-29. </xIx>
          </xText>
          
          <xText>W dniu 26 października 2012 r. strona powodowa, już jako następca prawny operatora <xAnon> spółki (...) S.A.</xAnon>, zawiadomiła pozwaną o dokonaniu cesji wierzytelności na rzecz strony powodowej <xAnon> (...) Finanse S.A.</xAnon> i wezwała pozwaną do zapłaty kwoty 458,14 zł. Wezwanie okazało się bezskuteczne.</xText>
          <xText>
            <xBx>
              <xIx>Dowód:</xIx>
            </xBx>
            <xIx> - wezwanie do zapłaty z dnia 26 października 2012 r. k. 37.</xIx>
          </xText>
          
          <xText xALIGNx="center">
            <xBx>Sąd zważył co następuje</xBx>
          </xText>
          <xText>Powództwo nie zasługiwało na uwzględnienie.</xText>
          <xText>W pierwszej kolejności wskazać należy, że strona powodowa nie wykazała, ażeby doszło do przeniesienia na jej rzecz wierzytelności, która miała przysługiwać <xAnon> spółce (...) S.A.</xAnon> Podkreślić również należy, że aby wierzytelność mogła być przedmiotem przelewu, musi być w dostateczny sposób oznaczona, zindywidualizowana – przez dokładne określenie stosunku zobowiązaniowego, którego elementem jest zbywana wierzytelność (<xIx>zob. J. Mojak [w:] Kodeks cywilny. Komentarz, t. II, pod red. K. Pietrzykowskiego, Warszawa 2009, s. 135; K. Zagrobelny [w:] Kodeks cywilny. Komentarz, pod red. E. Gniewka, s. 918</xIx>). Nie sposób zaś uznać, aby w rozpoznawanej sprawie wymaganie to zostało spełnione, gdyż cedent w umowie przelewu powołał się jedynie na wierzytelność określoną w zestawieniu wierzytelności (§ 1 pkt 2 umowy sprzedaży wierzytelności z dnia 27 września 2012 r.).</xText>
          <xText>Sąd uznał przede wszystkim, że w oparciu o umowę wierzytelności, nie wykazano ażeby doszło do skutecznego przekazania wierzytelności objętej tą umową. Mianowicie, na podstawie przedłożonej umowy sprzedaży wierzytelności i złożonych dokumentów nie sposób ustalić jakie wierzytelności były objęte umową przelewu. Strona powodowa powołała się na zestawienie wierzytelności, jednak nie załączyła listy dłużników, ani zestawienia wierzytelności, o których mowa w tej umowie. Powód nie wykazał skutecznie w ocenie Sądu, iż jest uprawniony do dochodzenia pozwem należności od pozwanej w oparciu o umowę sprzedaży wierzytelności, bowiem nie wykazał, że został spełniony warunek z § 1 pkt 2 umowy sprzedaży wierzytelności, który stanowi, że przekazanie wierzytelności nastąpi po dokonaniu przelewu na rachunek bankowy zbywcy zapłaty kwoty określonej w § 3 ust. 1 ale nie później niż w terminie 3 dni roboczych liczonych od dnia dokonanego przez nabywcę tego przelewu.</xText>
          <xText>Strona powodowa powinna była wykazać w sposób formalny swoją legitymację czynną do występowania w niniejszym procesie, a zatem, iż nabyła dochodzoną wierzytelność, bowiem niewątpliwie nie była ona pierwotną stroną stosunku prawnego, który powstał w ramach zawartej umowy w dniu 2 sierpnia 2011 r.</xText>
          <xText>Powołując się na treść przepisu <xLexLink xArt="art. 6" xIsapId="WDU19640160093" xTitle="Ustawa z dnia 23 kwietnia 1964 r. - Kodeks cywilny" xAddress="Dz. U. z 1964 r. Nr 16, poz. 93">art. 6 k.c.</xLexLink> wskazać należy, że ciężar udowodnienia faktu spoczywa na osobie, która z tego faktu wywodzi skutki prawne. Nadto strony są obowiązane wskazywać dowody dla stwierdzenia faktów, z których wywodzą skutki prawne (<xLexLink xArt="art. 232;art. 232 zd. 1" xIsapId="WDU19640430296" xTitle="Ustawa z dnia 17 listopada 1964 r. - Kodeks postępowania cywilnego" xAddress="Dz. U. z 1964 r. Nr 43, poz. 296">art. 232 zd. 1. k.p.c.</xLexLink>). W myśl wyżej wymienionej zasady, na stronie powodowej spoczywał obowiązek przedłożenia dowodów, które wskazywałyby przejście na jej rzecz prawa do wierzytelności w stosunku do pozwanej. W ocenie Sądu strona powodowa nie wykazała, że przysługuje jej legitymacja czynna.</xText>
          <xText>W związku z czym, skoro strona powodowa wystąpiła z roszczeniem powołując się na umowę przelewu powinna wykazać, iż ów podmiot przelał na jej rzecz ową wierzytelność. Niewątpliwie, umowa przelewu i wyciąg z załącznika do umowy cesji wierzytelności przedłożone przez stronę powodową takiego dowodu stanowić nie mogły. Sąd zwraca również uwagę na okoliczność, że w wyciągu z załącznika do umowy cesji wierzytelności jako datę umowy abonenckiej wskazano inną datę tj. 5 sierpień 2011 r. gdy tymczasem umowa zawarta z pozwaną była w dniu 2 sierpnia 2011 r.</xText>
          
          <xText>Ponadto, wskazać również należy na postawie <xLexLink xArt="art. 2;art. 2 ust. 1" xIsapId="WDU20000220271" xTitle="Ustawa z dnia 2 marca 2000 r. o ochronie niektórych praw konsumentów oraz o odpowiedzialności za szkodę wyrządzoną przez produkt niebezpieczny" xAddress="Dz. U. z 2000 r. Nr 22, poz. 271">art. 2 ust. 1. ustawy z dnia 2 marca 2000 r. o ochronie niektórych praw konsumentów oraz o odpowiedzialności za szkodę wyrządzoną przez produkt niebezpieczny</xLexLink> (t. j. Dz. U. 2012 r., poz. 1225), konsument, który zawarł umowę poza lokalem przedsiębiorstwa, może od niej odstąpić bez podania przyczyny, składając stosowe oświadczenie na piśmie w terminie dziesięciu dni od zawarcia umowy, przy czym do zachowania tego terminu wystarczy wysłanie oświadczenia przed jego upływem. Jeżeli jednak konsument nie został poinformowany na piśmie o prawie odstąpienia od umowy bieg terminu, o którym mowa w <xLexLink xArt="art. 2;art. 2 ust. 1" xIsapId="WDU20000220271" xTitle="Ustawa z dnia 2 marca 2000 r. o ochronie niektórych praw konsumentów oraz o odpowiedzialności za szkodę wyrządzoną przez produkt niebezpieczny" xAddress="Dz. U. z 2000 r. Nr 22, poz. 271">art. 2 ust. 1</xLexLink> nie rozpoczyna się. W takim wypadku konsument może odstąpić od umowy w terminie dziesięciu dni od uzyskania informacji o prawie odstąpienia, nie później jednak niż po upływie trzech miesięcy od jej wykonania (art. 4 ustawy).</xText>
          <xText>Pozwana konsekwentnie utrzymywała, że jeszcze przed zwrotem sprzętu operatora, co miało miejsce w dniu 16 sierpnia 2011 r. składała oświadczenie o odstąpieniu od umowy i dopiero na skutek braku odpowiedzi operatora dokonała czynności oddania modemu. Powód nie zakwestionował tych okoliczności, wskazując jedynie na fakt rozwiązania umowy w okresie trwania promocji i skutek w postaci kary umownej.</xText>
          <xText>Wobec powyższego z uwagi na niewykazanie legitymacji czynnej do występowania z roszczeniem o zapłatę przeciwko pozwanej i braku uprawnienia do dochodzenia wierzytelności wynikającej z umowy abonenckiej z dnia 2 sierpnia 2011 r. zawartej pomiędzy pozwaną a <xAnon> (...) S.A.</xAnon> w oparciu o umowę sprzedaży wierzytelności z dnia 27 września 2012 r. orzeczono jak w sentencji.</xText>
        </xUnit>
      </xBlock>
    </xPart>
  </judgement>
<judgement id="150515000003506_VII_Ka_001141_2013_Uz_2013-12-23_002">
    <xPart xEditorFullName="Rafał Banaszewski" xYear="2013" xLang="PL" xPublisherFullName="Wioletta Suraj" xFromPg="1" xEditor="rafal.banaszewski@olsztyn.so.gov.pl" xVolType="15/051500/0003506/Ka" xPublisher="wioletta.suraj@olsztyn.so.gov.pl" xDocType="Uz" xVolNmbr="001141" xVersion="1.0" xToPage="3" xFlag="published">
      <xName>Wyrok+Uzasadnienie</xName>
      <xBlock>
        <xText>Sygn. akt VII Ka 1141/13</xText>
        
        <xUnit xIsTitle="true" xType="part" xBold="true">
          <xName>WYROK</xName>
          <xTitle>W IMIENIU RZECZYPOSPOLITEJ POLSKIEJ</xTitle>
          <xText xALIGNx="right">Dnia 23 grudnia 2013 r.</xText>
          
          <xText>Sąd Okręgowy w Olsztynie w VII Wydziale Karnym Odwoławczym</xText>
          <xText>w składzie:</xText>
          
          <xText>Przewodniczący:  SSO Dariusz Firkowski</xText>
          <xText>Protokolant st. sekr. sądowy Katarzyna Filipiak</xText>
          
          <xText>przy udziale oskarżyciela publicznego sierż. szt. Agnieszki Szlachtowicz</xText>
          <xText>po rozpoznaniu w dniu 23 grudnia 2013r.</xText>
          
          <xText>sprawy <xAnon>A. B.</xAnon></xText>
          <xText>obwinionej o wykroczenie z <xLexLink xArt="art. 100;art. 100 ust. 1;art. 100 ust. 1 pkt. 1" xIsapId="WDU20061711225" xTitle="Ustawa z dnia 25 sierpnia 2006 r. o bezpieczeństwie żywności i żywienia" xAddress="Dz. U. z 2006 r. Nr 171, poz. 1225">art. 100 ust 1 pkt.1</xLexLink> w zw. z <xLexLink xArt="art. 101" xIsapId="WDU20061711225" xTitle="Ustawa z dnia 25 sierpnia 2006 r. o bezpieczeństwie żywności i żywienia" xAddress="Dz. U. z 2006 r. Nr 171, poz. 1225">art. 101 ustawy o bezpieczeństwie żywności i żywienia</xLexLink></xText>
          
          <xText>na skutek apelacji wniesionej przez obrońcę obwinionej</xText>
          <xText>od wyroku Sądu Rejonowego w Kętrzynie z dnia 29 sierpnia 2013r., sygn. akt II W 535/13</xText>
          
          <xText>zaskarżony wyrok uchyla i sprawę do ponownego rozpoznania Sądowi Rejonowemu w Kętrzynie przekazuje.</xText>
          
          <xText>
            <xBx>Sygn. akt. VII Ka 1141/13</xBx>
          </xText>
        </xUnit>
        <xUnit xIsTitle="true" xType="part" xBold="true">
          <xName>UZASADNIENIE</xName>
          <xText>
            <xBx>Wyrokiem zaocznym Sądu Rejonowego w Kętrzynie z dnia 29 sierpnia 2013r. w sprawie II W 535/13</xBx>
          </xText>
          <xText>obwiniona <xAnon>A. B.</xAnon>została uznana winną tego, że od połowy marca 2013 r. do 12 kwietnia 2013 r. w <xAnon>sklepie (...)</xAnon>w <xAnon>B.</xAnon>, będąc zatrudniona na stanowisku kierownika sklepu wprowadzała do obrotu wyroby wędliniarskie po upływie daty ich przydatności do spożycia,</xText>
          <xText>tj. czynu z <xLexLink xArt="art. 100;art. 100 ust. 1;art. 100 ust. 1 pkt. 1" xIsapId="WDU20061711225" xTitle="Ustawa z dnia 25 sierpnia 2006 r. o bezpieczeństwie żywności i żywienia" xAddress="Dz. U. z 2006 r. Nr 171, poz. 1225">art. 100 ust.1 pkt.1</xLexLink> w zw. z <xLexLink xArt="art. 101" xIsapId="WDU20061711225" xTitle="Ustawa z dnia 25 sierpnia 2006 r. o bezpieczeństwie żywności i żywienia" xAddress="Dz. U. z 2006 r. Nr 171, poz. 1225">art. 101 ustawy o bezpieczeństwie żywności i żywienia</xLexLink> i za to wymierzono jej karę grzywny w wysokości 2 000 zł.</xText>
          
          <xText>Powyższy wyrok zaskarżył obrońca obwinionej w całości na jej korzyść i zarzucił mu:</xText>
          <xText>1/ obrazę przepisów postępowania mogącą mieć wpływ na treść orzeczenia a mianowicie:</xText>
          <xText>- <xLexLink xArt="art. 104;art. 104 § 1;art. 104 § 1 pkt. 7" xIsapId="WDU20011061148" xTitle="Ustawa z dnia 24 sierpnia 2001 r. - Kodeks postępowania w sprawach o wykroczenia" xAddress="Dz. U. z 2001 r. Nr 106, poz. 1148">art. 104 § 1 pkt 7 kpw</xLexLink> w zw. z <xLexLink xArt="art. 5;art. 5 § 1;art. 5 § 1 pkt. 8" xIsapId="WDU19970900557" xTitle="Ustawa z dnia 6 czerwca 1997 r. - Kodeks karny wykonawczy" xAddress="Dz. U. z 1997 r. Nr 90, poz. 557">art. 5 § 1 pkt 8 kkw</xLexLink>, poprzez skazanie obwinionej za wykroczenie, pomimo, iż aktualnie przeciwko niej toczy się postępowanie karne dotyczące tego samego zdarzenia,</xText>
          <xText>- art. 4 ust.l Protokołu nr VII do <xLexLink xArt="" xIsapId="WDU19930610284" xTitle="Konwencja z dnia 4 listopada 1950 r. o Ochronie Praw Człowieka i Podstawowych Wolności, sporządzona w Rzymie dnia 4 listopada 1950 r., zmieniona następnie Protokołami nr 3, 5 i 8 oraz uzupełniona Protokołem nr 2" xAddress="Dz. U. z 1993 r. Nr 61, poz. 284">Konwencji o ochronie praw człowieka i podstawowych wolności</xLexLink> oraz <xLexLink xArt="art. 6;art. 6 ust. 1" xIsapId="WDU19930610284" xTitle="Konwencja z dnia 4 listopada 1950 r. o Ochronie Praw Człowieka i Podstawowych Wolności, sporządzona w Rzymie dnia 4 listopada 1950 r., zmieniona następnie Protokołami nr 3, 5 i 8 oraz uzupełniona Protokołem nr 2" xAddress="Dz. U. z 1993 r. Nr 61, poz. 284">art. 6 ust. 1</xLexLink> powyższej konwencji, poprzez naruszenie zakazu sądzenia powtórnie za czyn wynikający z tożsamych lub w istocie takich samych okoliczności faktycznych,</xText>
          <xText>- <xLexLink xArt="art. 4" xIsapId="WDU20011061148" xTitle="Ustawa z dnia 24 sierpnia 2001 r. - Kodeks postępowania w sprawach o wykroczenia" xAddress="Dz. U. z 2001 r. Nr 106, poz. 1148">art. 4 kpw</xLexLink>, <xLexLink xArt="art. 139;art. 139 § 1" xIsapId="WDU19970890555" xTitle="Ustawa z dnia 6 czerwca 1997 r. - Kodeks postępowania karnego" xAddress="Dz. U. z 1997 r. Nr 89, poz. 555">art. 139 § 1 kpk</xLexLink> w zw. z <xLexLink xArt="art. 38;art. 38 § 1" xIsapId="WDU20011061148" xTitle="Ustawa z dnia 24 sierpnia 2001 r. - Kodeks postępowania w sprawach o wykroczenia" xAddress="Dz. U. z 2001 r. Nr 106, poz. 1148">art. 38 § 1 kpw</xLexLink> i <xLexLink xArt="art. 71;art. 71 § 4" xIsapId="WDU20011061148" xTitle="Ustawa z dnia 24 sierpnia 2001 r. - Kodeks postępowania w sprawach o wykroczenia" xAddress="Dz. U. z 2001 r. Nr 106, poz. 1148">art. 71 § 4 kpw</xLexLink> polegającą na błędnym uznaniu, że awizowane i nie podjęte w terminie wezwanie do stawiennictwa na rozprawę, wysłane na adres zamieszkania obwinionej zostało jej doręczone i tym samym istniały przesłanki do rozpoznania sprawy pod nieobecność obwinionej, a następnie wydania wyroku zaocznego w sytuacji, gdy obwiniona nie wiedząc o toczącym się postępowaniu przebywała w tym czasie za granicą , co w konsekwencji pozbawiło ją prawa do obrony,</xText>
          <xText>2/ błąd w ustaleniach faktycznych przyjętych za podstawę orzeczenia, a polegający na przyjęciu, że obwiniona dopuściła się zarzucanego jej czynu, pomimo istnienia poważnych wątpliwości w tym względzie.</xText>
          <xText>Na podstawie <xLexLink xArt="art. 106 a" xIsapId="WDU20011061148" xTitle="Ustawa z dnia 24 sierpnia 2001 r. - Kodeks postępowania w sprawach o wykroczenia" xAddress="Dz. U. z 2001 r. Nr 106, poz. 1148">art. 106a kpw</xLexLink> wniósł o uzupełnienie przewodu sądowego poprzez:</xText>
          <xText>- zażądanie z Sądu Rejonowego w Kętrzynie II Wydział Karny akt sprawy o sygn. II K 434/13 i przeprowadzenie dowodu z dokumentów znajdujących się w tych aktach, na okoliczność prowadzonego wobec <xAnon>A. B.</xAnon>postępowania karnego dotyczącego tego samego zdarzenia,</xText>
          <xText>- przeprowadzenie dowodu z dokumentu, tj. z zawiadomienia z dnia 1 lipca 2013 r. na okoliczność, że <xAnon>A. B.</xAnon>nie wiedziała o toczącym się wobec niej postępowaniu w sprawie o wykroczenie i tym samym nie miała obiektywnej możliwości, aby zawiadomić Sąd o zmianie adresu do doręczeń, gdyż w okresie od 8 lipca 2013 r. do 8 września 2013 r. przebywała za granicą, natomiast w sprawie karnej, wiedząc wówczas o podejmowanych wobec niej czynnościach przygotowawczych złożyła zawiadomienie o zmianie adresu do kierowania korespondencji.</xText>
          <xText>Podnosząc powyższe zarzuty skarżący wniósł o :</xText>
          <xText>- uchylenie zaskarżonego wyroku i umorzenie postępowania wobec obwinionej,</xText>
          <xText>- uchylenie zaskarżonego wyroku i przekazanie sprawy sądowi I instancji do ponownego rozpoznania.</xText>
          <xText>- ewentualnie o</xText>
          <xText>zmianę zaskarżonego wyroku poprzez uniewinnienie obwinionej od zarzucanego jej czynu.</xText>
          
          <xText>
            <xBx>Sąd Okręgowy zważył, co następuje:</xBx>
          </xText>
          
          <xText>Nie przesądzając ostatecznego rozstrzygnięcia w sprawie stwierdzić należy, że apelacja jest zasadna w takim zakresie w jakim okoliczności w niej okoliczności nakazują uchylenie zaskarżonego wyroku i przekazanie sprawy do ponownego rozpoznania. W ocenie Sądu Okręgowego konieczne jest ponowne przeprowadzenie dotychczasowych dowodów i poddanie ich właściwej ocenie co winno pozwolić na wydanie prawidłowego rozstrzygnięcia.</xText>
          
          <xText>Zasadnie podnosi skrzący, że faktycznie obwiniona została pozbawiona prawa do obrony. Jak bowiem wynika z akt sprawy wezwanie obwinionej na termin rozprawy zostało uznane za doręczone- k.25-26 i k.28. Tymczasem na uwadze należy mieć to, że w sprawie II K 434/13, w której <xAnon>A. B.</xAnon> będąc jeszcze podejrzaną w dniu 2 lipca 2013r. zawiadomiła prokuraturę o zmianie adresu dla doręczeń korespondencji, z uwagi na wyjazd w poszukiwaniu pracy przez okres 2 miesięcy - k.67-68. Natomiast wniosek o ukaranie w niniejszym postępowaniu do Sądu Rejonowego w Kętrzynie wpłynął w dniu 3 lipca 2013r., przy czym analiza akt wskazuje, że w sprawie z art.100 ust.1 przedmiotowej ustawy obwiniona nie była przesłuchiwana. Tym samym bez swojej winy nie mogła uczestniczyć w rozprawie wyznaczonej na dzień 29 sierpnia 2013r. albowiem wezwanie wysłano na adres, pod którym w lipcu 2013r nie przebywała.</xText>
          
          <xText>Mając powyższe na uwadze zaskarżony wyrok uchylono i sprawę przekazano do ponownego rozpoznania – <xLexLink xArt="art. 437;art. 437 § 2" xIsapId="WDU19970890555" xTitle="Ustawa z dnia 6 czerwca 1997 r. - Kodeks postępowania karnego" xAddress="Dz. U. z 1997 r. Nr 89, poz. 555">art.437§2kpk</xLexLink> i <xLexLink xArt="art. 438;art. 438 pkt. 2" xIsapId="WDU19970890555" xTitle="Ustawa z dnia 6 czerwca 1997 r. - Kodeks postępowania karnego" xAddress="Dz. U. z 1997 r. Nr 89, poz. 555">art.438pkt.2 kpk</xLexLink> w zw. z <xLexLink xArt="art. 109;art. 109 § 2" xIsapId="WDU20011061148" xTitle="Ustawa z dnia 24 sierpnia 2001 r. - Kodeks postępowania w sprawach o wykroczenia" xAddress="Dz. U. z 2001 r. Nr 106, poz. 1148">art.109§2kpw</xLexLink>.</xText>
          
          <xText>Przy ponownym rozpoznaniu postępowanie przeprowadzić należy z uwzględnieniem poczynionych uwag co winno pozwolić na prawidłowe przeprowadzenie sprawy i określenie odpowiedzialności obwinionej za zarzucany mu czyn. Jednocześnie w odpowiedni sposób należy się ustosunkować do okoliczności podnoszonych w apelacji obrońcy, w szczególności do kwestii toczącego się wobec <xAnon>A. B.</xAnon> postępowania w sprawie II K 434/13 o czyn z <xLexLink xArt="art. 306" xIsapId="WDU19970880553" xTitle="Ustawa z dnia 6 czerwca 1997 r. - Kodeks karny" xAddress="Dz. U. z 1997 r. Nr 88, poz. 553">art.306 kk</xLexLink>.</xText>
        </xUnit>
      </xBlock>
    </xPart>
  </judgement>
<judgement id="150520000001521_III_U_000767_2013_Uz_2013-12-23_001">
    <xPart xEditorFullName="Izabela Chilińska" xYear="2013" xLang="PL" xPublisherFullName="Elżbieta Sklizmunt" xFromPg="1" xEditor="izabela.chilinska" xVolType="15/052000/0001521/U" xPublisher="elzbieta.sklizmunt" xDocType="Uz" xVolNmbr="000767" xVersion="1.0" xToPage="2" xFlag="published">
      <xName>Wyrok+Uzasadnienie</xName>
      <xBlock>
        <xText>Sygn. akt III U 767/13</xText>
        
        
        <xUnit xBold="true" xType="part" xIsTitle="true">
          <xName>WYROK</xName>
          <xTitle>W IMIENIU RZECZYPOSPOLITEJ POLSKIEJ</xTitle>
          <xText xALIGNx="right">Dnia 23 grudnia 2013r.</xText>
          
          <xText>Sąd Okręgowy w Suwałkach III Wydział Pracy i Ubezpieczeń Społecznych</xText>
          <xText>w składzie:</xText>
          <xRows>
            <xCOLGROUPx>
              <xCOLx xWIDTHx="185"/>
              <xCOLx xWIDTHx="424"/>
            </xCOLGROUPx>
            <xRow>
              <xClmn xVALIGNx="top" xALIGNx="left">
                <xText>
                  <xBx>Przewodniczący:</xBx>
                </xText>
              </xClmn>
              <xClmn xVALIGNx="top" xALIGNx="left">
                <xText>
                  <xBx>SSO Danuta Poniatowska</xBx>
                </xText>
              </xClmn>
            </xRow>
            <xRow>
              <xClmn xVALIGNx="top" xALIGNx="left">
                <xText>
                  <xBx>Protokolant:</xBx>
                </xText>
              </xClmn>
              <xClmn xVALIGNx="top" xALIGNx="left">
                <xText>
                  <xBx>sekr. sądowy Beata Dzienis</xBx>
                </xText>
              </xClmn>
            </xRow>
          </xRows>
          
          <xText>po rozpoznaniu na rozprawie w dniu 23 grudnia 2013r. w Suwałkach</xText>
          <xText>sprawy<xBx><xAnon>K. M.</xAnon></xBx></xText>
          <xText>przeciwko Zakładowi Ubezpieczeń Społecznych Oddział w <xAnon>O.</xAnon></xText>
          <xText>o rentę socjalną</xText>
          <xText>w związku z odwołaniem <xAnon>K. M.</xAnon></xText>
          <xText>od decyzji Zakładu Ubezpieczeń Społecznych Oddział w <xAnon>O.</xAnon></xText>
          <xText>z dnia 8 października 2013 r. znak <xAnon>(...)</xAnon></xText>
          
          <xText>
            <xBx>
              <xIx>zmienia zaskarżoną decyzję i przywraca <xAnon>K. M.</xAnon> prawo do renty socjalnej na okres od dnia 1 października 2013r. do dnia <xBRx/>30 września 2014r. </xIx>
            </xBx>
          </xText>
        </xUnit>
        <xUnit xBold="true" xType="part" xIsTitle="true">
          <xName>UZASADNIENIE</xName>
          <xText>Decyzją z dnia 08.10.2013r. Zakład Ubezpieczeń Społecznych Oddział w <xAnon>O.</xAnon>, powołując się na przepisy ustawy z dnia 27.06.2003r. o rencie socjalnej (t.j. Dz. U. z 2013r. poz. 982) i ustawy z dnia 17.12.1998r. o emeryturach i rentach z Funduszu Ubezpieczeń Społecznych (t.j. Dz. U. z 2013r. poz.1440) odmówił <xAnon>K. M.</xAnon> wznowienia wypłaty renty socjalnej z uwagi na niestwierdzenie całkowitej niezdolności do pracy.</xText>
          <xText>W odwołaniu <xAnon>K. M.</xAnon> domagała się zmiany decyzji, uznania jej za całkowicie niezdolną do pracy i przywrócenia prawa do renty socjalnej. Opisała swój stan zdrowia i utrudnienia z nim związane. Nie zgodziła się z opinią, iż nie jest nadal całkowicie niezdolna do pracy.</xText>
          <xText>W odpowiedzi na odwołanie organ rentowy wniósł o jego oddalenie. Podtrzymał podstawy skarżonej decyzji.</xText>
          <xText>
            <xBx>
              <xUx>Sąd ustalił, co następuje:</xUx>
            </xBx>
          </xText>
          <xText><xAnon>K. M.</xAnon> (<xAnon>ur. (...)</xAnon>, z d. <xAnon>B.</xAnon>) na podstawie decyzji z dnia 22.09.2010r. była uprawniona do renty socjalnej od 01.08.2010r. do 30.09.2013r.</xText>
          <xText>W dniu 12.07.2013r. odwołująca wystąpiła z wnioskiem o ponowne ustalenie prawa do renty socjalnej. Lekarz orzecznik nie stwierdził u wnioskodawczyni całkowitej niezdolności do pracy. Podobnie orzekła komisja lekarska, rozpoznająca sprzeciw odwołującej.</xText>
          <xText>Sąd poczynił ustalenia, co do aktualnego stanu zdrowia odwołującej, dopuszczając na tę okoliczność dowód z opinii biegłej lekarz sądowej z zakresu neurologii. Biegła została zobowiązana do wypowiedzenia się, czy schorzenia występujące u odwołującej spowodowały całkowitą niezdolność do pracy z powodu naruszenia sprawności organizmu i czy ewentualna całkowita niezdolność do pracy powstała przed ukończeniem 18 roku życia lub w trakcie nauki szkolnej.</xText>
          <xText>Na podstawie badania odwołującej i analizy zgromadzonej dokumentacji medycznej biegła rozpoznał u wnioskodawczyni niedowład kończyn lewych oraz inne schorzenia neurologiczne, w tym stan po przebytych w styczniu i listopadzie 2010r. zabiegach operacyjnych. Zaopiniowała, iż stwierdzone schorzenia i stopień ich zaawansowania czynią odwołującą nadal całkowicie niezdolną do pracy od 01.10.2013r. do 30.09.2014r. Stan zdrowia odwołującej uległ poprawie w porównaniu z wynikiem ostatniego badania, jakie miało miejsce w dniu 03.09.2010r., nie może jednak wykonywać pracy w wyuczonym zawodzie kosmetyczki, z powodu nieprawości kończyny górnej lewej. Siła obu kończyn lewych jest słabsza, ponadto wnioskodawczyni ma zaburzenia równowagi, potyka się. Z uwagi na stwierdzone schorzenia neurologiczne odwołująca nie powinna wykonywać ciężkiej pracy fizycznej, pracy w pozycji wymuszonej, wymagającej sprawności obu kończyn górnych i dolnych, ani prac na wysokości.</xText>
          <xText>
            <xBx>
              <xUx>Sąd zważył, co następuje:</xUx>
            </xBx>
          </xText>
          <xText>Z uwagi na fakt, iż wnioskodawczyni do dnia 30.09.2013r. legitymowała się prawem do renty socjalnej i wniosła o jej przywrócenie, żądanie podlegało rozpoznaniu na podstawie art. 61 ustawy z dnia 17.12.1998r. o emeryturach i rentach z Funduszu Ubezpieczeń Społecznych (t.j. Dz. U. z 2013r. poz.1440) w zw. z art. 15 pkt 1 ustawy z dnia 27.06.2003r. o rencie socjalnej (t.j. Dz. U. z 2013r. poz. 982), gdyż prawo do renty socjalnej, które ustało w związku z ustąpieniem niezdolności do pracy, podlega przywróceniu o ile niezdolność do pracy zostanie stwierdzona w okresie 18 miesięcy od ustania tego prawa.</xText>
          <xText>Zgodnie z treścią art. 4 ust. 1 renta socjalna przysługuje osobie pełnoletniej całkowicie niezdolnej do pracy z powodu naruszenia sprawności organizmu, które powstało: 1) przed ukończeniem 18 roku życia; 2) w trakcie nauki w szkole lub w szkole wyższej - przed ukończeniem 25 roku życia; 3) w trakcie studiów doktoranckich lub aspirantury naukowej.</xText>
          <xText>Całkowita niezdolność do pracy, zgodnie z treścią art. 12 ust. 2 ustawy z dnia 17.12.1998r. o emeryturach i rentach z Funduszu Ubezpieczeń Społecznych (t.j. Dz. U. z 2009r. Nr 153 poz.1227 ze zm.) wyklucza możliwość wykonywania jakiejkolwiek pracy. Jak stanowi art. 13 ust. 1 ustawy o emeryturach i rentach z FUS przy ocenie stopnia i przewidywanego okresu niezdolności do pracy oraz rokowań odnośnie odzyskania zdolności do pracy uwzględnieniu podlegają następujące okoliczności: stopień naruszenia sprawności organizmu oraz możliwości przywrócenia niezbędnej sprawności w drodze leczenia i rehabilitacji, możliwość wykonywania dotychczasowej pracy lub podjęcia innej pracy oraz celowość przekwalifikowania zawodowego, biorąc pod uwagę rodzaj i charakter dotychczas wykonywanej pracy, poziom wykształcenia, wiek i predyspozycje psychofizyczne.</xText>
          <xText>Ustalenia istnienia całkowitej niezdolności do pracy, jako ustawowej przesłanki nabycia prawa do renty socjalnej, Sąd dokonał w oparciu o opinię biegłej lekarz sądowej z zakresu schorzeń, na które cierpi wnioskodawczyni. Biegła uwzględniła jej aktualny stan zdrowia, przekonywująco wywiodła, iż stopień naruszenia sprawności organizmu uzasadnia orzeczenie całkowitej niezdolności do pracy. Sąd uznał opinię biegłej za wiarygodny dowód w sprawie i w całości uwzględnił przy rozstrzyganiu w sprawie. Strony nie zgłaszały zastrzeżeń do opinii.</xText>
          <xText>W związku z powyższym, na podstawie art. 477<xSUPx>14</xSUPx> §2 kpc orzeczono, jak w sentencji.</xText>
          <xText>mt</xText>
        </xUnit>
      </xBlock>
    </xPart>
  </judgement>
<judgement id="151010000000503_I_C_000308_2013_Uz_2013-12-23_001">
    <xPart xClassifier="bozena.zych" xEditorFullName="Bożena Zych" xYear="2013" xLang="PL" xPublisherFullName="Agnieszka Krystowska" xFromPg="1" xEditor="bozena.zych" xVolType="15/101000/0000503/C" xClassified="false" xPublisher="agnieszka.krystowska" xDocType="Uz" xClassifierFullName="Bożena Zych" xVolNmbr="000308" xVersion="1.0" xToPage="3" xFlag="published">
      <xName>Wyrok+Uzasadnienie</xName>
      <xBlock>
        <xText>Sygn. akt I C 308/13</xText>
        <xUnit xIsTitle="true" xType="part" xBold="true">
          <xName>WYROK</xName>
          <xTitle>W IMIENIU RZECZYPOSPOLITEJ POLSKIEJ</xTitle>
          <xText xALIGNx="right">
            <xBx>Dnia 23 grudnia 2013 roku</xBx>
          </xText>
          <xText>Sąd Okręgowy w Elblągu Wydział I Cywilny</xText>
          <xText>w składzie następującym:</xText>
          
          <xText>Przewodniczący: SSO Dorota Zientara</xText>
          <xText>Protokolant: sekr. sądowy Katarzyna Kowalska</xText>
          
          <xText>po rozpoznaniu w dniu 17 grudnia 2013 r. w Elblągu</xText>
          <xText>na rozprawie</xText>
          <xText>sprawy z powództwa <xAnon> (...) Szpitala im. (...)</xAnon> w <xAnon>I.</xAnon></xText>
          <xText>przeciwko <xAnon>N. K.</xAnon>, <xAnon>R. S. (1)</xAnon> i <xAnon>J. S.</xAnon></xText>
          <xText>o ochronę dóbr osobistych i o zapłatę</xText>
          <xUnit xIsTitle="false" xType="none">
            <xName xSffx=".">1</xName>
            <xText>nakazuje pozwanemu <xAnon>J. S.</xAnon>opublikowanie na stronie 11 tygodnika <xAnon>(...)</xAnon>czcionką nie mniejszą i nie mniej wyraźną niż zastosowana w artykule pod tytułem „<xAnon>(...)</xAnon>” autorstwa <xAnon>N. Ż.</xAnon>(obecnie <xAnon>K.</xAnon>) z dnia <xAnon>(...)</xAnon> r. w numerze <xAnon>(...)</xAnon>tygodnika, oświadczenia następującej treści:</xText>
          </xUnit>
          <xText>„Publikując <xAnon>(...)</xAnon>w wydaniu <xAnon>(...)</xAnon>na str. <xAnon>(...)</xAnon><xAnon>(...)</xAnon>artykuł pod tytułem <xAnon>(...)</xAnon>, redaktor <xAnon>N. Ż.</xAnon>nie dochowała szczególnej staranności i rzetelności przy wykorzystywaniu materiałów prasowych, czyli dopuściła się naruszenia <xLexLink xArt="art. 12;art. 12 ust. 1;art. 12 ust. 1 pkt. 1" xIsapId="WDU19840050024" xTitle="Ustawa z dnia 26 stycznia 1984 r. - Prawo prasowe" xAddress="Dz. U. z 1984 r. Nr 5, poz. 24">art. 12 ust. 1 pkt 1 Prawa prasowego</xLexLink>. Naruszenie polegało na tym, że opublikowano tylko niektóre zdania z odpowiedzi udzielonej pacjentowi przez <xAnon>(...) Szpital im. (...)</xAnon>w <xAnon>I.</xAnon>, w artykule nie znalazły odzwierciedlenia wszystkie fakty dotyczące pomocy medycznej udzielonej <xAnon>R. W.</xAnon>. Tym samym redaktor <xAnon>N. Ż.</xAnon>naruszyła dobra osobiste tego Szpitala poprzez umniejszenie jego dobrego imienia i wizerunku. Za to naruszenie przepraszam” ;</xText>
          <xUnit xIsTitle="false" xType="none">
            <xName xSffx=".">2</xName>
            <xText>w pozostałym zakresie powództwo oddala;</xText>
          </xUnit>
          <xUnit xIsTitle="false" xType="none">
            <xName xSffx=".">3</xName>
            <xText>zasądza od pozwanego <xAnon>J. S.</xAnon> na rzecz powoda kwotę 360 zł /trzysta sześćdziesiąt złotych/ tytułem zwrotu kosztów procesu;</xText>
          </xUnit>
          <xUnit xIsTitle="false" xType="none">
            <xName xSffx=".">4</xName>
            <xText>nie obciąża powoda pozostałymi kosztami procesu;</xText>
          </xUnit>
          <xUnit xIsTitle="false" xType="none">
            <xName xSffx=".">5</xName>
            <xText>nakazuje ściągnąć od powoda i od pozwanego <xAnon>J. S.</xAnon> na rzecz Skarbu Państwa - Sądu Okręgowego w Elblągu kwoty po 175,25 zł /sto siedemdziesiąt pięć złotych dwadzieścia pięć groszy/ tytułem zwrotu wydatków.</xText>
          </xUnit>
          
          <xText>I C 308/13</xText>
        </xUnit>
        <xUnit xIsTitle="true" xType="part" xBold="true">
          <xName>UZASADNIENIE</xName>
          <xText>Powód <xAnon>(...) Szpital im. (...)</xAnon>w <xAnon>I.</xAnon>domagał się zasądzenia solidarnie od pozwanych <xAnon>N. K.</xAnon>, <xAnon>R. S. (1)</xAnon>i <xAnon>J. S.</xAnon>kwoty 5.000 zł z ustawowymi odsetkami od dnia 4 września 2013 r. tytułem zadośćuczynienia, kwoty 10.000 zł na cel społeczny, nadto nakazania wydawcy pozwanemu <xAnon>J. S.</xAnon>opublikowanie na stronie <xAnon>(...)</xAnon>tygodnika <xAnon>(...)</xAnon>czcionką nie mniejszą i nie mniej wyraźną niż zastosowana w artykule pod tytułem „<xAnon>(...)</xAnon>” autorstwa <xAnon>N. Ż.</xAnon>(obecnie <xAnon>K.</xAnon>) z dnia <xAnon>(...)</xAnon>r. w numerze <xAnon>(...)</xAnon>tygodnika, oświadczenia następującej treści: „Publikując <xAnon>(...)</xAnon>w wydaniu <xAnon>(...)</xAnon>na str. <xAnon>(...)</xAnon><xAnon>(...)</xAnon>artykuł pod tytułem <xAnon>(...)</xAnon>, redaktor <xAnon>N. Ż.</xAnon>nie dochowała szczególnej staranności i rzetelności przy wykorzystywaniu materiałów prasowych, czyli dopuściła się naruszenia <xLexLink xArt="art. 12;art. 12 ust. 1;art. 12 ust. 1 pkt. 1" xIsapId="WDU19840050024" xTitle="Ustawa z dnia 26 stycznia 1984 r. - Prawo prasowe" xAddress="Dz. U. z 1984 r. Nr 5, poz. 24">art. 12 ust. 1 pkt 1 Prawa prasowego</xLexLink>. Naruszenie polegało na tym, że nie zamieściła w artykule całej treści odpowiedzi, jakiej <xAnon>(...) Szpital im. (...)</xAnon>udzielił pacjentowi <xAnon>R. W.</xAnon>wskutek jego skargi. Opublikowane zostały jedynie niektóre zdania z tej odpowiedzi. Nadto w artykule nie znalazły odzwierciedlenia wszystkie fakty, dotyczące pomocy medycznej udzielonej <xAnon>R. W.</xAnon>. Tym samym redaktor <xAnon>N. Ż.</xAnon>naruszyła dobra osobiste tego Szpitala poprzez umniejszenie jego czci i wizerunku. Za to naruszenie przepraszam”.</xText>
          <xText>Powód wniósł nadto o zasądzenie zwrotu kosztów procesu.</xText>
          <xText>W uzasadnieniu żądania wskazał, że w dniu<xAnon>(...)</xAnon>r. w numerze <xAnon>(...)</xAnon>na str. <xAnon>(...)</xAnon><xAnon>(...)</xAnon>ukazał się artykuł pod tytułem <xAnon>(...)</xAnon> autorstwa <xAnon>N. K.</xAnon>, w którym zawarto nieprawdziwe informacje o przebiegu leczenia <xAnon>R. W.</xAnon>, które było prowadzone w powodowym szpitalu. Zdaniem powoda autorka publikacji naruszyła normę <xLexLink xArt="art. 12" xIsapId="WDU19840050024" xTitle="Ustawa z dnia 26 stycznia 1984 r. - Prawo prasowe" xAddress="Dz. U. z 1984 r. Nr 5, poz. 24">art. 12</xLexLink> ust. <xLexLink xArt="pkt. 1" xIsapId="WDU19840050024" xTitle="Ustawa z dnia 26 stycznia 1984 r. - Prawo prasowe" xAddress="Dz. U. z 1984 r. Nr 5, poz. 24">pkt 1 prawa prasowego</xLexLink>, ponieważ nie zachowała szczególnej rzetelności i staranności przy zbieraniu materiałów prasowych. Na skutek publikacji naruszone zostały część i dobre imię szpitala. Tylko pozornie zachowano bezstronność publikacji, tymczasem już sam tytuł sugerował, że pacjent cierpi a <xAnon>szpital (...)</xAnon>.</xText>
          <xText>Pozew w części obejmującej żądanie zapłaty kwoty 10.000 zł prawomocnie zwrócono.</xText>
          <xText>Pozwani wnieśli o oddalenie powództwa i zasądzenie zwrotu kosztów procesu.</xText>
          <xText><xAnon>N. K.</xAnon> w odpowiedzi na pozew argumentowała, że dochowała staranności i rzetelności przy zbieraniu i wykorzystywaniu materiałów prasowych. Kilkakrotnie próbowała wyjaśnić okoliczności opisywanego zdarzenia zarówno z samym powodem jak i jednostką w stosunku do niego nadrzędną – Starostą. Rzecznikowi prasowemu powoda zadała konkretne pytania, w odpowiedzi poinformowano ją jedynie, że postępowanie personelu medycznego wobec <xAnon>R. W.</xAnon> było prawidłowe. Również odpowiedź ze Starostwa nie wyjaśniała wątpliwości związanych z prawidłowością leczenia skarżącego się pacjenta. Publikacja, do której odnosi się pozew, w całości oparta była na informacjach i materiałach uzyskanych od powoda, <xAnon>R. W.</xAnon> oraz ze Starostwa.</xText>
          <xText>Zdaniem pozwanej, to powód bezprawnie odmówił udzielenia odpowiedzi na pytania stawiane przez redakcję, brak jest w jej ocenie jakichkolwiek podstaw do przyjęcia, iż doszło do bezprawnego naruszenia dóbr osobistych powoda. Podkreśliła, że działała w granicach dozwolonej krytyki, zmierzającej do zrealizowania ważnego społecznie celu, którym było wykazanie nieprawidłowości w działaniu szpitala i lokalnej służby zdrowia.</xText>
          <xText>Przywołała tezę, wedle której ogranicza się ochronę dobra stojącego w hierarchii niżej (tu opinia o powodzie) aniżeli dobro (życie i zdrowie pacjentów), w imię obrony którego mogło ewentualnie dojść do naruszeń.</xText>
          <xText>Pozwana podkreśliła, że w powodowym szpitalu już wcześniej dochodziło do nieprawidłowości, o czym donosił <xAnon>(...)</xAnon>, nigdy wcześniej jednak powód nie dostrzegał w tych publikacjach znamion naruszenia jego dóbr.</xText>
          <xText>Pozwani <xAnon>R. S. (2)</xAnon>i <xAnon>J. S.</xAnon>również twierdzili, że <xAnon>N. K.</xAnon>dochowała wszelkich aktów staranności i rzetelności dziennikarskiej przygotowując artykuł pt.: „<xAnon>(...)</xAnon>”. Przyznali, że jako dziennikarze wielokrotnie wykazywali, że powód w nienależyty sposób świadczy usługi medyczne. Zarzucili, że powód nie współpracował z pozwaną, unikał udzielania odpowiedzi. Podobnie jak pozwana <xAnon>N. K.</xAnon>wskazali, że kwestionowana publikacja w całości została oparta na informacjach i materiałach uzyskanych od powoda, <xAnon>R. W.</xAnon>oraz ze Starostwa. Obaj odwołali się do normy <xLexLink xArt="art. 1" xIsapId="WDU19840050024" xTitle="Ustawa z dnia 26 stycznia 1984 r. - Prawo prasowe" xAddress="Dz. U. z 1984 r. Nr 5, poz. 24">art. 1 ustawy prawo prasowe</xLexLink>, wedle której prasa korzysta z wolności wypowiedzi i urzeczywistnia prawo obywateli do ich rzetelnego informowania, jawności życia publicznego oraz kontroli i krytyki społecznej. W kontekście przywołanej wyżej argumentacji, podnieśli, że żądania powódki nie zostały udowodnione ani co do zasady ani co do wysokości.</xText>
          
          <xText xALIGNx="center">Sąd ustalił następujący stan faktyczny:</xText>
          
          <xText>W dniu 24 czerwca 2013 r. ok. godziny 9.50 do <xAnon>(...) Szpitala im. (...)</xAnon>w <xAnon>I.</xAnon>zgłosił się <xAnon>R. W.</xAnon>z wieloodłamowym złamaniem I kości śródręcza lewego. Po wstępnym zaopatrzeniu, ok. godziny 10.30 pacjenta skierowano na Odział <xAnon>(...)</xAnon>, uprzedzono pacjenta o konieczności przeprowadzenia zabiegu operacyjnego w celu zespolenia złamania. Pobrano krew do badań, przeprowadzono wywiad pielęgniarski, anestezjologiczny, odebrano zgodę na zabieg i znieczulenie. Podano środek znieczulający.</xText>
          <xText>Pacjent poinformował, że ostatni posiłek jadł o godzinie 7 rano.</xText>
          <xText>W dniu 24 czerwca 2013 r. od godziny 9.00 trwały zabiegi operacyjne. Wykonano zabiegów 5 planowych.</xText>
          <xText>O godzinie 15.30, po przeprowadzeniu dezynfekcji sali operacyjnej, rozpoczęto przygotowywanie <xAnon>R. W.</xAnon>do zabiegu. Wykonano pacjentowi zdjęcie RTG. O godzinie 15.45 rozpoczęto podawanie leków znieczulających. Operacja trwała od godziny 16 do 17.15. Zabieg operacyjny polegał m. in. na zespoleniu kości drutami <xAnon>K.</xAnon>. Po zabiegu ponownie przewieziono <xAnon>R. W.</xAnon>na <xAnon>(...)</xAnon>, wedle zaleceń lekarza pacjent miał pozostać w szpitalu. Mimo tego na własną prośbę ok. godziny 19.20 opuścił placówkę medyczną, twierdząc, że następnego dnia musi stawić się u lekarza w <xAnon>E.</xAnon>. Kiedy opuszczał oddział poinformowano go o konieczności zmiany opatrunku następnego dnia.</xText>
          <xText>/dowód: dokumentacja medyczna k. 13 -39, zeznania <xAnon>J. K.</xAnon> k. 109, pismo – odpowiedź na skargę k. 55/</xText>
          <xText>W dniu 24 czerwca 2013 r., w godzinach popołudniowych <xAnon>R. W.</xAnon>stawił się w Poradni Chirurgii Urazowo – Ortopedycznej. W rejestracji poinformowano go, że nie ma już możliwości przyjęcia, chyba że lekarz wyrazi indywidualną zgodę. <xAnon>R. W.</xAnon>wszedł do gabinetu prosząc o przyjęcie. Z uwagi na brak konieczności niezwłocznej zmiany opatrunku i zarejestrowanie tego dnia 63 pacjentów, lekarz odmówił przyjęcia.</xText>
          <xText>/dowód lista przyjęć z dnia 25 czerwca 2013 r., wykaz świadczeń k .116 -133/</xText>
          <xText>W dniu 26 czerwca 2013 r. po uprzedniej rejestracji, <xAnon>R. W.</xAnon> został przyjęty w <xAnon> Przychodni (...)</xAnon>, gdzie zmieniono mu opatrunek.</xText>
          <xText>W ocenie pacjenta postępowanie medyczne szpitala nie było prawidłowe, w związku z tym zgłosił się redakcji <xAnon>(...)</xAnon>. Twierdził że od momentu stawienia się w szpitalu do momentu zszycia rany upłynęło 9 godzin. Następnego dnia odmówiono jemu zmiany opatrunku z uwagi na to, że oddział szpitalny opuścił na własną prośbę.</xText>
          <xText>Pismem z dnia 26 czerwca 2013 r. <xAnon>R. W.</xAnon> złożył skargę na działanie personelu medycznego powodowego szpitala.</xText>
          <xText>/dowód: kopia skargi k. 54/</xText>
          <xText>Wyczerpującej odpowiedzi udzielono mu pismem z dnia 18 lipca 2013 r. Opisano tam szczegółowo przebieg przyjęcia i hospitalizacji z podaniem czasu, zabiegu i warunków, jakie musiały zostać spełnione, by został przeprowadzony. Wskazano przyczyny odmowy udzielenia świadczenia w dniu 25 czerwca 2013 r.</xText>
          <xText>/dowód: kopia odpowiedzi na skargę k. 55/</xText>
          <xText>W dniu 1 lipca 2013 r. pozwana <xAnon>N. Ż.</xAnon> zwróciła się do rzecznika prasowego powodowego szpitala o udzielenie odpowiedzi na pytanie, dlaczego pacjent musiał kilka godzin czekać na zszycie rany, czy lekarz odmawiając zmiany opatrunku z uwagi na opuszczenie oddziału na własną prośbę działał zgodnie z obowiązującymi przepisami, co powinien uczynić pacjent, by w takiej sytuacji uzyskać zmianę opatrunku, nadto zwróciła się o komentarz do „tej sytuacji według uznania”.</xText>
          <xText>W dniu 22 lipca 2013 r. <xAnon>J. M.</xAnon>, zastępująca rzecznika prasowego poinformowała, że po przeanalizowaniu dokumentacji medycznej z przebiegu leczenia oraz uzyskaniu wyjaśnień od osób, które w sposób bezpośredni miały styczność ze sprawą ustalono, iż postępowanie medyczne personelu wobec Pana <xAnon>W.</xAnon> było właściwe i zgodne ze sztuką medyczną i wynikało z sytuacji zastanej, to jest rodzaju doznanego urazu.</xText>
          <xText>Z uwagi na ogólnikowość odpowiedzi całą korespondencję przesłano <xAnon>B. H.</xAnon> koordynatorowi - doradcy Starosty, odpowiedzialnemu za służbę zdrowia, z prośbą o zajęcie stanowiska. Odpowiedzi udzieliła <xAnon>M. J.</xAnon>, która poinformowała o wdrożeniu procedur sprawdzających w szpitalu; twierdziła, że pacjentowi udzielono wszelkich niezbędnych świadczeń, podnosząc równocześnie, że pacjent nie przekazał dziennikarzom szeregu istotnych informacji.</xText>
          <xText>/dowód korespondencja mailowa k. 86-92/</xText>
          <xText>W dniu 7 sierpnia 2013 r. w numerze <xAnon>(...)</xAnon>na str.<xAnon>(...)</xAnon><xAnon>(...)</xAnon>ukazał się artykuł pod tytułem „<xAnon>(...)</xAnon>” autorstwa <xAnon>N. K.</xAnon>.</xText>
          <xText>/dowód kopia publikacji k. 11/</xText>
          <xText>Pismem z dnia 20 sierpnia 2013 r. powód wezwał pozwanego <xAnon>R. S. (1)</xAnon> do opublikowania sprostowania nadto wezwał pozwaną <xAnon>N. Ż.</xAnon> do zapłaty kwoty 5.000 zł tytułem zadośćuczynienia.</xText>
          <xText>/dowód pismo k. 51, 52, kopia książki nadawczej k . 53/</xText>
          <xText>W dniu 4 września 2013 r. w numerze <xAnon>(...)</xAnon>na str. <xAnon>(...)</xAnon><xAnon>(...)</xAnon> opublikowane zostało sprostowanie. Pod tekstem znalazła się notka, w której stwierdzono, że redakcja nie zgadza się z treścią sprostowania nie mogąc jednak polemizować z jego treścią w tym samym wydaniu, zapowiedziała publikację polemiki za tydzień.</xText>
          <xText>/dowód kopia publikacji k. 12/</xText>
          <xText>Polemikę zamieszczono w nr <xAnon>(...)</xAnon><xAnon>(...)</xAnon>z dnia 11 września 2013 r., również na stronie <xAnon>(...)</xAnon>.</xText>
          <xText>/dowód: kopia publikacji k. 94/</xText>
          <xText><xAnon>R. S. (1)</xAnon>jest redaktorem naczelnym, a <xAnon>J. S.</xAnon>wydawcą <xAnon>(...)</xAnon>.</xText>
          
          <xText xALIGNx="center">Sąd zważył, co następuje:</xText>
          
          <xText>Powództwo zasługiwało na częściowe uwzględnienie.</xText>
          <xText>W myśl <xLexLink xArt="art. 24;art. 24 § 1" xIsapId="WDU19640160093" xTitle="Ustawa z dnia 23 kwietnia 1964 r. - Kodeks cywilny" xAddress="Dz. U. z 1964 r. Nr 16, poz. 93">art. 24 § 1 kc</xLexLink> ten, czyje dobro osobiste zostaje zagrożone cudzym działaniem, może żądać zaniechania tego działania, chyba że nie jest ono bezprawne. W razie dokonanego naruszenia może on także żądać, ażeby osoba, która dopuściła się naruszenia, dopełniła czynności potrzebnych do usunięcia jego skutków, w szczególności ażeby złożyła oświadczenie odpowiedniej treści i w odpowiedniej formie. Na zasadach przewidzianych w kodeksie może on również żądać zadośćuczynienia pieniężnego lub zapłaty odpowiedniej sumy pieniężnej na wskazany cel społeczny (<xLexLink xArt="art. 448" xIsapId="WDU19640160093" xTitle="Ustawa z dnia 23 kwietnia 1964 r. - Kodeks cywilny" xAddress="Dz. U. z 1964 r. Nr 16, poz. 93">art.448 kc</xLexLink>).</xText>
          <xText>Katalog dóbr osobistych jest otwarty; w przypadku osób fizycznych należy do nich zaliczyć życie, zdrowie, nietykalność cielesną, wolność, cześć, swobodę sumienia, nazwisko lub pseudonim, wizerunek, tajemnicę korespondencji, nietykalność mieszkania, twórczość naukową i artystyczną, sferę prywatności itd. (<xLexLink xArt="art. 23" xIsapId="WDU19640160093" xTitle="Ustawa z dnia 23 kwietnia 1964 r. - Kodeks cywilny" xAddress="Dz. U. z 1964 r. Nr 16, poz. 93">art. 23 k.c.</xLexLink>). Przepisy o ochronie dóbr osobistych osób fizycznych stosuje się odpowiednio do osób prawnych (<xLexLink xArt="art. 43" xIsapId="WDU19640160093" xTitle="Ustawa z dnia 23 kwietnia 1964 r. - Kodeks cywilny" xAddress="Dz. U. z 1964 r. Nr 16, poz. 93">art. 43 kc</xLexLink>). Przyjmuje się że w przypadku osób prawnych w szczególności ochronie podlega dobre imię, renoma, dobra sława, nazwa, firma, tajemnica korespondencji, nietykalność pomieszczeń czy tajemnica przedsiębiorstwa. Przywołać w tym miejscu należy stanowisko wyrażone przez Sąd Najwyższy w wyroku z dnia 9 czerwca 2005 r. (III CK 622/04, Lex nr 180853), wedle którego <xIx>dobre imię osoby prawnej jest łączone z opinią, jaką o niej mają inne osoby ze względu na zakres jej odpowiedzialności. Uwzględnia się tu nie tylko renomę wynikającą z dotychczasowej działalności osoby prawnej, ale i niejako zakładaną (domniemaną) renomę osoby prawnej od chwili jej powstania. Dobre imię osoby prawnej naruszają wypowiedzi, które obiektywnie oceniając, przypisują osobie prawnej niewłaściwe postępowanie mogące spowodować utratę do niej zaufania potrzebnego do prawidłowego funkcjonowania w zakresie swych zadań.</xIx></xText>
          <xText>Roszczenie powoda należy oceniać w kontekście ewentualnego naruszenia tak rozumianego dobra, określonego w pozwie jako „cześć”.</xText>
          <xText>Przyjmuje się dwie podstawowe przesłanki ochrony dóbr osobistych: naruszenie lub zagrożenie dobra osobistego i bezprawność tego naruszenia lub zagrożenia. Wskazać w tym miejscu należy na domniemanie, że naruszenie dobra osobistego nastąpiło bezprawnie. Oznacza to, że na sprawcy dążącym do uwolnienia się od odpowiedzialności ciąży obowiązek wykazania, że jego zachowanie nie było bezprawne, obowiązkiem powoda (<xLexLink xArt="art. 6" xIsapId="WDU19640160093" xTitle="Ustawa z dnia 23 kwietnia 1964 r. - Kodeks cywilny" xAddress="Dz. U. z 1964 r. Nr 16, poz. 93">art. 6 kc</xLexLink>) jest natomiast wykazanie, że faktycznie doszło do naruszenia dóbr.</xText>
          <xText>Zgodnie z ugruntowanymi poglądami, przy ocenie, czy doszło do naruszenia dobra osobistego, decydujące znaczenie ma nie tyle subiektywne odczucie osoby żądającej ochrony prawnej, ile to, jaką reakcję wywołuje w społeczeństwie to naruszenie. Tym samym do przyjęcia odpowiedzialności cywilnej nie wystarcza subiektywne odczucie strony co do naruszenia jej dobra osobistego, a konieczne jest zbadanie zamiaru pozwanego i całokształtu okoliczności, jak mogło być rozumiane dane działanie, które miałoby naruszać te dobra. Badania tych wszystkich okoliczności dokonuje Sąd w oparciu o materiał dowodowy zebrany w toku postępowania z inicjatywy stron.</xText>
          <xText>Uwzględniając przywołane wyżej zasady orzekania w sprawach o ochronę dóbr osobistych w pierwszej kolejności należało ustalić, czy w przedmiotowej sprawie w ogóle doszło do naruszenia dobra osobistego, a jeżeli tak, to jakiego, a dopiero w przypadku pozytywnej odpowiedzi ustalić, czy działanie pozwanego było bezprawne i jakie formy ochrony praw powoda są adekwatne do zakresu naruszenia.</xText>
          <xText>Zauważyć należy, że wskazana przez powoda publikacja ma niewątpliwie jednoznaczną, negatywną konotację. Składa się na nią kilka elementów, wzmacniających kolejno ten wydźwięk, a równocześnie wskazujących na negatywne nastawienie autora publikacji do opisywanej placówki medycznej. Już sam tytuł sugeruje, że pacjent jest osobą cierpiącą, a zatem pokrzywdzoną, wzbudzająca sympatię i współczucie, szpital zaś „kręci”, co wskazuje na nieuczciwość, złe zamiary powoda. Również układ graficzny jednoznacznie sugeruje negatywny dla szpitala wydźwięk publikacji. Słowo „kręcenie” zapisane jest czcionką dwukrotnie większą niż słowo „cierpienie”, co wskazuje na powagę nadużyć ze strony szpitala. Analogiczne sugestie nasuwają się w przypadku umieszczonych w tekście zdjęć: na pierwszym planie ręka pacjenta w opatrunku gipsowym z podpisem, że pacjent czuje się „skrzywdzony i potraktowany nie po ludzku (…) po tym jak w <xAnon> (...)</xAnon> szpitalu odmówiono mu zmiany opatrunku”.</xText>
          <xText>Bezpośrednio pod tytułem, wytłuszczonym drukiem, a zatem rzucającym się czytelnikowi w oczy, poinformowano „<xAnon>R. W.</xAnon> przeciął sobie siekierą palec. Od momentu jego przyjazdu do <xAnon> (...)</xAnon> szpitala do zszycia rany minęło około 9 godzin”. Nie są to słowa <xAnon>R. W.</xAnon> cytowane przez autorkę artykułu, a własne stwierdzenie autorki tekstu. W czytelniku budzi to przekonanie o rzetelności informacji przekazywanej przez bezstronnego dziennikarza.</xText>
          <xText>Część tekstu poświęcono opisaniu działań podjętych przez redakcję (autorkę tekstu) w celu wyjaśnienia okoliczności zdarzenia, w tym braku właściwej reakcji rzecznika prasowego szpitala i doradcy koordynatora zatrudnionego w Starostwie na zadawane pytania. Z dalszej części tekstu wynika jednak, że dziennikarzowi znana była treść odpowiedzi udzielonej przez szpital pacjentowi na jego skargę. Z odpowiedzi tej jednoznacznie wynika nieprawdziwość przynajmniej części twierdzeń interweniującego pacjenta. Nie jest bowiem prawdą, że od momentu przyjęcia do momentu zabiegu upłynęło 9 godzin, nie jest prawdą, że zabieg polegał tylko na zszyciu rany, skoro przeprowadzono zespolenie złamanej kości drutami <xAnon>K.</xAnon> w znieczuleniu ogólnym. Wyjaśniono w niej nadto przyczyny, dla których niezwłoczne wykonanie zabiegu nie było możliwe (wykonywanie zabiegów planowych, możliwość wykonania zabiegu nie wcześniej niż po 4-6 godzinach od ostatniego posiłku) oraz powody, dla których nie przyjęto pacjenta w przychodni następnego dnia.</xText>
          <xText>Opisana wcześniej formuła publikacji niewątpliwie stawia szpital jednoznacznie w złym świetle.</xText>
          <xText>Zgodnie z <xLexLink xArt="art. 12;art. 12 ust. 1" xIsapId="WDU19840050024" xTitle="Ustawa z dnia 26 stycznia 1984 r. - Prawo prasowe" xAddress="Dz. U. z 1984 r. Nr 5, poz. 24">art. 12 ust. 1 Ustawy z dnia 26 stycznia 1984 r. prawo prasowe</xLexLink> (Dz. U. nr 5 poz. 24 ze zm.) dziennikarz jest obowiązany zachować szczególną staranność i rzetelność przy zbieraniu i wykorzystaniu materiałów prasowych, zwłaszcza sprawdzić zgodność z prawdą uzyskanych wiadomości lub podać ich źródło. Pozwana dysponowała informacją o działaniach medycznych podjętych względem pacjenta w dniu 24 czerwca 2013 r., skoro powołuje się na treść odpowiedzi udzielonej przez szpital na jego skargę. Mimo tego nie wykorzystała tych informacji, przeciwnie w artykule powołała tylko te okoliczności, które w sposób spektakularny oddziaływały na świadomość czytelnika. W ocenie Sądu, w tej sytuacji, uzasadnione jest twierdzenie powoda, że doszło do bezprawnego naruszenia jego dobrego imienia, koniecznego do wykonywania statutowych zdań jednostki leczniczej.</xText>
          <xText>Oczywistym jest, że prasa, zgodnie z <xLexLink xArt="" xIsapId="WDU19970780483" xTitle="Konstytucja Rzeczypospolitej Polskiej z dnia 2 kwietnia 1997 r." xAddress="Dz. U. z 1997 r. Nr 78, poz. 483">Konstytucją Rzeczypospolitej Polskiej</xLexLink>, korzysta z wolności wypowiedzi i urzeczywistnia prawo obywateli do ich rzetelnego informowania, jawności życia publicznego oraz kontroli i krytyki społecznej (<xLexLink xArt="art. 1" xIsapId="WDU19840050024" xTitle="Ustawa z dnia 26 stycznia 1984 r. - Prawo prasowe" xAddress="Dz. U. z 1984 r. Nr 5, poz. 24">art. 1 prawa prasowego</xLexLink>). Publikowane informacje mają być jednak przede wszystkim rzetelne. Takiej rzetelności w kwestionowanej przez powoda publikacji zabrakło. Dziennikarka zebrane materiały potraktowała wybiórczo i tendencyjnie, w konsekwencji czego szpital został przedstawiony jako jednostka bezduszna, niewywiązująca się w sposób prawidłowy ze swoich obowiązków względem pacjentów.</xText>
          <xText>Dla oceny zasadności żądania nie ma znaczenia fakt, że już wcześniej publikowano krytyczne artykuły na temat funkcjonowania szpitala, co nie wywołało żadnej jego reakcji. Po pierwsze, być może we wcześniejszych publikacjach w sposób zgodny z rzeczywistością przedstawiono nieprawidłowości w działaniu placówki, po drugie reakcja na naruszenie dóbr osobistych jest tylko uprawnieniem a nie obowiązkiem pokrzywdzonego. Nie ulega wątpliwości, że szpital obowiązany jest znosić publiczną, ale tylko uzasadnioną krytykę. W warunkach niniejszej sprawy przywołane wyżej zarzuty okazały się nieusprawiedliwione, przy czym dziennikarz publikując je, miał wiedzę o rzeczywistym przebiegu leczenia w dniu 24 czerwca 2013 r. i powodach nieprzyjęcia pacjenta w przychodni w dniu następnym.</xText>
          <xText>W konsekwencji za uzasadnione uznać należało żądanie opublikowania przeproszenia z korektą dotyczącą oznaczenia naruszonego dobra, a mianowicie o treści „Publikując 7 lipca 2013 r. w wydaniu <xAnon>(...)</xAnon>na str. <xAnon>(...)</xAnon><xAnon>(...)</xAnon>artykuł pod tytułem <xAnon>(...)</xAnon>, redaktor <xAnon>N. Ż.</xAnon>nie dochowała szczególnej staranności i rzetelności przy wykorzystywaniu materiałów prasowych, czyli dopuściła się naruszenia <xLexLink xArt="art. 12;art. 12 ust. 1;art. 12 ust. 1 pkt. 1" xIsapId="WDU19840050024" xTitle="Ustawa z dnia 26 stycznia 1984 r. - Prawo prasowe" xAddress="Dz. U. z 1984 r. Nr 5, poz. 24">art. 12 ust. 1 pkt 1 Prawa prasowego</xLexLink>. Naruszenie polegało na tym, że opublikowano tylko niektóre zdania z odpowiedzi udzielonej pacjentowi przez <xAnon>(...) Szpital im. (...)</xAnon>w <xAnon>I.</xAnon>, w artykule nie znalazły odzwierciedlenia wszystkie fakty dotyczące pomocy medycznej udzielonej <xAnon>R. W.</xAnon>. Tym samym redaktor <xAnon>N. Ż.</xAnon>naruszyła dobra osobiste tego Szpitala poprzez umniejszenie jego dobrego imienia i wizerunku. Za to naruszenie przepraszam” .</xText>
          <xText>Forma przeproszenia jest adekwatna do formy, w jakiej doszło do naruszenia dobra.</xText>
          <xText>Zgodnie z <xLexLink xArt="art. 448" xIsapId="WDU19640160093" xTitle="Ustawa z dnia 23 kwietnia 1964 r. - Kodeks cywilny" xAddress="Dz. U. z 1964 r. Nr 16, poz. 93">art. 448 kc</xLexLink> w razie naruszenia dobra osobistego sąd może przyznać temu, czyje dobro osobiste zostało naruszone, odpowiednią sumę tytułem zadośćuczynienia pieniężnego za doznaną krzywdę lub na jego żądanie zasądzić odpowiednią sumę pieniężną na wskazany przez niego cel społeczny, niezależnie od innych środków potrzebnych do usunięcia skutków naruszenia. Sam fakt stwierdzenia naruszenia dobra nie oznacza jeszcze zasadności roszczenia majątkowego wywiedzionego przez pokrzywdzonego. W pierwszej kolejności konieczne jest bowiem stwierdzenie zawinionego działania naruszającego dobro, co istotne nadto do oceny sądu należy stwierdzenie, czy taka forma ochrony jest adekwatna w warunkach konkretnej sprawy do zakresu i skutków naruszenia.</xText>
          <xText>Uwzględniając okoliczności, w jakich doszło do naruszenia dóbr powoda, roszczenie o zapłatę należało uznać za nieuzasadnione.</xText>
          <xText>W pierwszej kolejności zauważyć należy, że dla usunięcia skutków naruszenia wystarczające będzie zamieszczenie przeprosin na łamach <xAnon>(...)</xAnon>. Okolicznością istotną dla oceny roszczenia powoda jest także i to swoim postępowaniem nie przyczynił się do wyjaśnienia sprawy pomimo, że faktycznie pozwana <xAnon>N. K.</xAnon>podejmowała starania, by ustalić rzeczywisty przebieg zdarzenia. Odpowiedź <xAnon>J. M.</xAnon>nie wyjaśniała żadnych kwestii, które budziły wątpliwości dziennikarza. Podkreślić trzeba, że postawiono konkretne pytania, a odpowiedź można potraktować co najwyżej jako komentarz do „tej sytuacji według uznania”. W tych warunkach, dostrzegając niewłaściwość w działaniu samego powoda, roszczenie o zadośćuczynienie należało oddalić.</xText>
          <xText>O kosztach procesu w stosunku do pozwanego <xAnon>J. S.</xAnon> rozstrzygnięto z mocy <xLexLink xArt="art. 100" xIsapId="WDU19640430296" xTitle="Ustawa z dnia 17 listopada 1964 r. - Kodeks postępowania cywilnego" xAddress="Dz. U. z 1964 r. Nr 43, poz. 296">art. 100 kpc</xLexLink>.</xText>
          <xText>Pomimo oddalenia powództwa w stosunku do pozostałych pozwanych, powoda nie obciążono kosztami procesu, a to z uwagi na fakt, iż uwzględnienie żądania przeproszenia było wynikiem ustalenia, iż doszło do naruszenia dóbr, za co odpowiedzialność zgodnie z przepisami <xLexLink xArt="" xIsapId="WDU19840050024" xTitle="Ustawa z dnia 26 stycznia 1984 r. - Prawo prasowe" xAddress="Dz. U. z 1984 r. Nr 5, poz. 24">prawa prasowego</xLexLink> (<xLexLink xArt="art. 38;art. 38 ust. 1" xIsapId="WDU19840050024" xTitle="Ustawa z dnia 26 stycznia 1984 r. - Prawo prasowe" xAddress="Dz. U. z 1984 r. Nr 5, poz. 24">art. 38 ust. 1</xLexLink>) można przypisać wszystkim pozwanym. Stąd z mocy <xLexLink xArt="art. 102" xIsapId="WDU19640430296" xTitle="Ustawa z dnia 17 listopada 1964 r. - Kodeks postępowania cywilnego" xAddress="Dz. U. z 1964 r. Nr 43, poz. 296">art. 102 kpc</xLexLink>, mimo oddalenia powództwa, brak było podstaw do zasądzenia zwrotu kosztów procesu na rzecz pozwanych.</xText>
          <xText>W przedmiocie nieuiszczonych kosztów sądowych rozstrzygnięto z mocy art. <xLexLink xArt="art. 100" xIsapId="WDU19640430296" xTitle="Ustawa z dnia 17 listopada 1964 r. - Kodeks postępowania cywilnego" xAddress="Dz. U. z 1964 r. Nr 43, poz. 296">art. 100 kpc</xLexLink> w zw. z <xLexLink xArt="art. 113" xIsapId="WDU19640430296" xTitle="Ustawa z dnia 17 listopada 1964 r. - Kodeks postępowania cywilnego" xAddress="Dz. U. z 1964 r. Nr 43, poz. 296">art. 113</xLexLink>. ust. 1 ustawy o kosztach sądowych w sprawach cywilnych (Dz. U. nr 167, poz. 1398 ze zm.).</xText>
        </xUnit>
      </xBlock>
    </xPart>
  </judgement>
<judgement id="151015000007503_XV_C_001657_2012_Uz_2013-09-19_001">
    <xPart xEditorFullName="Agnieszka Tomczak" xYear="2012" xLang="PL" xPublisherFullName="Agnieszka Tomczak" xFromPg="1" xEditor="atomczak" xVolType="15/101500/0007503/C" xPublisher="atomczak" xDocType="Uz" xVolNmbr="001657" xVersion="1.0" xToPage="6" xFlag="published">
      <xName>Wyrok+Uzasadnienie</xName>
      <xBlock>
        <xText>Sygn. akt XV C 1657/12</xText>
        
        <xUnit xIsTitle="true" xBold="true" xType="part">
          <xName>WYROK</xName>
          <xTitle>W IMIENIU RZECZYPOSPOLITEJ POLSKIEJ</xTitle>
          <xText>Dnia 19 września 2013 r.</xText>
          
          <xText>Sąd Okręgowy w Gdańsku XV Wydział Cywilny</xText>
          <xText>w składzie następujacym:</xText>
          
          <xText>Przewodniczący : SSO Małgorzata Misiurna</xText>
          <xText>Protokolant : staż. sąd. <xAnon>A. J.</xAnon></xText>
          
          <xText>po rozpoznaniu w dniu 19 września 2013 r. w Gdańsku</xText>
          <xText>sprawy z powództwa <xAnon>A. K.</xAnon></xText>
          <xText>przeciwko<xAnon>(...)</xAnon>Towarzystwo <xAnon>(...)</xAnon> S.A.
  </xText>
          <xText>o zapłatę</xText>
          
          <xText>I. Oddala powództwo.</xText>
          
          <xText>II. Zasądza od powoda <xAnon>A. K.</xAnon> na rzecz pozwnego <xAnon>(...)</xAnon>Towarzystwo <xAnon>(...)</xAnon>S. A. w <xAnon>S.</xAnon> kwotę 7.217 zł tytułem zwrotu kosztów zastępstwa procesowego.</xText>
        </xUnit>
        <xUnit xIsTitle="true" xBold="true" xType="part">
          <xName>UZASADNIENIE</xName>
          <xText>Powód <xAnon>A. K.</xAnon> pozwem skierowanym przeciwko<xAnon>(...)</xAnon>Towarzystwo <xAnon>(...)</xAnon> S.A. w <xAnon>S.</xAnon> żądał zasądzenia kwoty 204.202,63 zł wraz z ustawowymi odsetkami od dnia wniesienia pozwu do dnia zapłaty tytułem zwrotu utraconych dochodów z powodu niezdolności do pracy w następstwie wypadku komunikacyjnego z dnia 23.12.2010 r. oraz kwoty 969,53 zł tytułem zwrotu kosztów dojazdu do placówek medycznych wraz z ustawowymi odsetkami od dnia wniesienia pozwu do dnia zapłaty. W uzasadnieniu swojego żądania wskazał, iż w dniu 23 grudnia 2010 r. w <xAnon>J.</xAnon> miał miejsce wypadek komunikacyjny, którego sprawca był ubezpieczony u pozwanego. W wyniku przedmiotowego wypadku powód doznał urazu kręgosłupa oraz zaburzenia korzeni rdzeniowych i splotów nerwowych. Przebywał on na zwolnieniu lekarskim od 27 grudnia 2010 r. do 24 sierpnia 2011 r. Dnia 11 sierpnia 2011r. powód miał komisję lekarską. W wyniku niezdolności do pracy spowodowanej odniesionymi w czasie wypadku obrażeniami, powód utracił dochody w wysokości 204.202,63 zł. Na powyższą kwotę składały się:</xText>
          <xText>1) 60.000 zł. Dnia 1 października 2010 r. została zawarta umowa między <xAnon> (...)</xAnon><xAnon>T. R.</xAnon> z siedzibą w <xAnon>P.</xAnon> a powodem. W miesiącu październik powód uzyskał dochód w wysokości 5.000 zł, w listopadzie w wysokości 20.000 zł, natomiast w grudniu w wysokości 5.000 zł. Średni miesięczny dochód powoda wynosił 10.000 zł.</xText>
          <xText>2) 8.400 zł. Dnia 1 sierpnia 2010 r. została zawarta umowa między <xAnon>(...)</xAnon><xAnon>O. S.</xAnon>z siedzibą w <xAnon>G.</xAnon>, a powodem. W ramach zawartej umowy powodowi przysługiwało wynagrodzenie w formie prowizji w wysokości 1.200 zł miesięcznie.</xText>
          <xText>3) 47.250 zł Dnia 1 sierpnia 2010 r. została zawarta umowa między<xAnon>(...)</xAnon><xAnon>K. L.</xAnon> z siedzibą w <xAnon>S.</xAnon>. Powód w miesiącu sierpniu uzyskał dochód w wysokości 6.000 zł we wrześniu w wysokości 8.000 zł, w październiku w wysokości 8.000 zł, w listopadzie w wysokości 5.000 zł. Średni dochód powoda wynosił 6.750 zł.</xText>
          <xText>4) 18.000 zł. Dnia 20 grudnia 2010r. została zawarta umowa między <xAnon>(...)</xAnon><xAnon>K. L.</xAnon> z siedzibą w <xAnon>S.</xAnon>. Powód w ramach tych umów miał wykonywać na rzecz <xAnon>(...)</xAnon><xAnon>K. L.</xAnon> szkoleń z zakresu doradztwa finansowego. Wynagrodzenie opiewało na wysokość 3.000 zł brutto miesięcznie. Umowa została zawarta na czas nieokreślony od stycznia 2011 roku.</xText>
          <xText>5) 29.999,97 zł. Dnia 1 maja 2010 r. została zawarta umowa między <xAnon> (...)</xAnon><xAnon>P. C.</xAnon> z siedzibą w <xAnon>S.</xAnon>, a powodem. Powód w miesiącu maju uzyskał dochód w wysokości 14.000 zł, w czerwcu w wysokości 8.000 zł, w sierpniu w wysokości 8.000 zł. Średni miesięczny dochód powoda wynosił 4.285,71 zł.</xText>
          <xText>6) 36.000 zł Dnia 20.12.2010 r. została zawarta umowa między <xAnon> (...)</xAnon><xAnon>P. C.</xAnon> z siedzibą w <xAnon>S.</xAnon> a powodem. W ramach zawartej umowy powód zobowiązał się do wykonywania szkoleń z zakresu doradztwa finansowego. Wynagrodzenia powoda miało wynosić kwotę 6.000 zł brutto. Umowa zaś została zawarta na czas nieokreślony od stycznia 2011 r.</xText>
          <xText>7) 4.552,66 zł. Dnia 7 lipca 2009 r. została zawarta umowa między <xAnon>E.</xAnon><xAnon>(...)</xAnon>S.A. z siedzibą w <xAnon>P.</xAnon> a powodem. Powód w miesiącu styczniu uzyskał dochód w wysokości 1.196,62 zł, w marcu w wysokości 4.268,11 zł, w kwietniu w wysokości 533 zł, w maju w wysokości 1.786,93 zł. Średni miesięczny dochód powoda wynosił 650,38 zł.</xText>
          
          <xText>Ponadto powód dojeżdżał do lekarzy do <xAnon>G.</xAnon> i <xAnon>S.</xAnon> ze swojego miejsca zamieszkania. W związku z tym poniósł koszty dojazdu w wysokości 969,53 zł. W dalszej części powód podał, iż 8 lutego 2011 r. została zgłoszona szkoda osobowa pozwanemu. W wyniku przeprowadzonego przez pozwanego postępowania likwidacyjnego na podstawie decyzji z dnia 7 marca 2011 r. została wypłacona na rzecz powoda kwota 2.000 zł tytułem zadośćuczynienia. W dniu 20 czerwca 2011 r. powód wniósł o zwrot utraconego dochodu za okres od dnia 23 grudnia 2010 r. do dnia 22.02.2011 r. Nadto pozwany powiadomił prokuraturę, iż powód usiłował doprowadzić <xAnon>(...)</xAnon>Towarzystwo <xAnon>(...)</xAnon> S.A. w <xAnon>S.</xAnon> do niekorzystnego rozporządzenia mieniem. Postępowanie nie zostało wszczęte. Dodatkowo 30 listopada 2011 r. ze względu na brak środków finansowych, zadłużenie wobec Urzędu Skarbowego i Zakładu Ubezpieczeń Społecznych powód został zmuszony zakończyć działalność gospodarczą.</xText>
          
          <xText>Pozwany <xAnon>(...)</xAnon>Towarzystwo <xAnon>(...)</xAnon> Spółka Akcyjna z siedzibą w <xAnon>S.</xAnon> w odpowiedzi na pozew wniósł o oddalenie powództwa w całości. W uzasadnieniu swojego stanowiska pozwany wskazał, iż co do zasady przyjął odpowiedzialność za przedmiotową szkodę i wypłacił powodowi zadośćuczynienie za doznaną krzywdę w wysokości 2.000 zł a powód ani w toku postępowania likwidacyjnego ani w pozwie nie wykazał, iż utracił zarobki w wysokości żądanej kwoty. Pozwany podniósł, iż istnieje duża różnica miedzy treścią zawartych umów przez powoda a faktycznie wykonywanymi czynnościami oraz wystawionymi w związku z tym rachunkami. Umowy dotyczą pośrednictwa finansowego określonego bardzo ogólnie, a powód nie rozróżnia rynku finansowego od ubezpieczeniowego, co świadczy o braku wiedzy merytorycznej. W ocenie pozwanego, powód nie wykonywał tych czynności, a zawarte umowy są fikcyjne. Z wyjaśnień pełnomocnika powoda wynika, że nie posiadał on świadectwa PUNU ani nie zdał egzaminu brokerskiego . Zatem istnieje rozbieżność między treścią rachunków na podstawie których wypłacono wynagrodzenie a treścią umów dotyczących świadczenia usług finansowych. Nadto załączone do pozwu umowy nie mogą stanowić dowodu na to, że powód osiągnąłby w spornym okresie dochody w żądanej wysokości z uwagi na to, że sposób naliczenia wynagrodzenia nie jest w nich wskazany i tak:</xText>
          <xText>- umowa z 01.08.2010 r. na okres jednego miesiąca, nie określa wysokości procentowej ewentualnej prowizji. Po wygaśnięciu tej umowy kolejna została zawarta 20 grudnia 2010 r. z okresem obowiązywania po wypadku powoda i wówczas podano wprost wysokość wynagrodzenia.</xText>
          <xText>- umowa z 01.10.2010 r. zawarta z <xAnon>T. R.</xAnon> zawarta na czas nieokreślony również nie określa wysokości wynagrodzenia,</xText>
          <xText>- umowy zawarte z <xAnon>P. C.</xAnon>, pierwsza 04.10.2010 r. druga z 01.05.2010 r. co do wynagrodzenia zawarto zapis, iż wynagrodzenie w formie prowizji w zależności od rodzaju umowy. Dopiero trzecia umowa zawarta 20.12.2010 r. zawiera wprost określone wynagrodzenie.</xText>
          <xText>W dalszej kolejności pozwany wskazał, iż na przedstawionych wyciągach bankowych również brak jest jakichkolwiek wpłat od kontrahentów. Powód sam wpłacał i wypłacał środki pieniężne. Nadto wpłaty nie pokrywają się z wystawionymi rachunkami - na wszystkich rachunkach jako sposób zapłaty wskazano "gotówka". Zdaniem pozwanego strona powoda nie wykazała wysokości dochodów osiąganych przed wypadkiem, a dokumenty przedłożone przez powoda nie świadczą o wysokości osiąganych uprzednio, przed wypadkiem dochodów. Brak jest potwierdzenia z Urzędu Skarbowego, że wskazane przez powoda wysokość wynagrodzenia odpowiadają rzeczywistości.</xText>
          
          <xText>Sąd ustalił następujący stan faktyczny:</xText>
          
          <xText><xAnon>A. K.</xAnon> w 2007 r. rozpoczął prace w zakresie doradztwa finansowego w przedsiębiorstwie <xAnon>E.</xAnon>; jednocześnie prowadził działalność gospodarczą jako optyk działając pod firmą "<xAnon>(...)</xAnon>" <xAnon>A. K.</xAnon>. Powód widząc, iż dochody uzyskiwane z prowadzonego doradztwa finansowego znacznie przewyższają te otrzymywane z pracy optyka postanowił rozwiązać działalność w zakresie optyki i skupić się na doradztwie finansowym. W dniu 7 lipca 2009 r. zawarł umowę z<xAnon>E.</xAnon><xAnon>(...)</xAnon> S.A. w <xAnon>P.</xAnon>. Wynagrodzenie przyjęło formę prowizji w wysokości i na zasadach określonych w umowie. Działalność ta polegała na planowaniu finansowym całego życia pozyskanych klientów, którzy najczęściej byli osobami prywatnymi. Początkowo powód pracował jedynie jako przedstawiciel przedsiębiorstwa <xAnon>E.</xAnon> W późniejszym okresie powód nawiązał współpracę z innymi podmiotami świadczącymi usługi dla firmy<xAnon>E.</xAnon>. W przypadku pozyskania dla tych podmiotów klienta, wystawiał rachunek i otrzymywał umówioną prowizję. Miesięcznie powód pozyskiwał około 40 klientów a jego działalność skupiała się w obrębie województwa<xAnon>p.</xAnon>.</xText>
          <xText>Dowód: umowa z 07.07.2009 r., k. 20-23, zeznania powoda <xAnon>A. K.</xAnon>, protokół k. 226-227 (Czas:00:05:31, Czas:00:59:50), zaświadczenie o wpisie k. 128, zgłoszenie indentyfikacyjne k. 131-134,</xText>
          
          <xText>Powód w dniu 1 sierpnia 2010 r. zawarł z <xAnon>(...)</xAnon><xAnon>K. L.</xAnon> z siedzibą w <xAnon>S.</xAnon> umowę o współpracę polegającą na pozyskiwaniu i obsłudze klientów dla <xAnon>(...)</xAnon><xAnon>K. L.</xAnon>, a w szczególności wypełniania z potencjalnymi klientami firmy Analiz oraz sprawowaniu stałego nadzoru nad klientami <xAnon>(...)</xAnon>przez <xAnon>A. K.</xAnon>. Powodowi przysługiwało wynagrodzenie w formie prowizji w zależności od rodzaju umowy, umowę zawarto na okres 1 miesiąca.</xText>
          <xText>Następną umowę strony sporządziły w dniu 20 grudnia 2010 r. Powodowi zostało powierzone wykonanie na rzecz <xAnon>(...)</xAnon><xAnon>K. L.</xAnon> szkoleń z zakresu doradztwa finansowego. Wynagrodzenie określono na kwotę 3.000 zł brutto miesięcznie a umowa została zawarta na czas nieokreślony i miała obowiązywać od stycznia 2011 r.</xText>
          <xText>Dowód: umowa z 01.08.2010 r. k. 16, umowa z 20.12.2010 r., k. 17, zaświadczenie o wpisie k. 130,</xText>
          
          <xText>20 grudnia 2010 r. <xAnon>A. K.</xAnon> zawarł z <xAnon>(...)</xAnon><xAnon>P. C.</xAnon> z siedzibą w <xAnon>S.</xAnon> umowę o wykonanie szkoleń z zakresu doradztwa finansowego. Powodowi miało przysługiwać wynagrodzenie w kwocie 6.000 zł brutto miesięcznie. Umowa została zawarta na czas nieokreślony od stycznia 2011 r.</xText>
          <xText>Dowód: umowa z 20.12.2010 r., k. 19,</xText>
          
          <xText>Powód w dniu 1 października 2010 r. zawarł z <xAnon>(...)</xAnon><xAnon>T. R.</xAnon> z siedzibą w <xAnon>P.</xAnon> umowę na czas nieokreślony. Do obowiązków powoda należało pozyskiwanie, zdobywanie i obsługa klientów dla <xAnon>(...)</xAnon><xAnon>T. R.</xAnon>, a w szczególności do wypełnienia z potencjalnymi Klientami <xAnon>(...)</xAnon>
  Analiz oraz sprawowania stałego nadzoru nad nimi. Sposobem wynagrodzenia miała być przyznawana powodowi prowizja w zależności od rodzaju umowy.</xText>
          <xText>Dowód: umowa z 01.10.2010 r., k. 24,</xText>
          
          <xText>Z firmą <xAnon>(...)</xAnon><xAnon>O. S.</xAnon>z siedzibą w <xAnon>G.</xAnon> powód zawarł w dniu 1 sierpnia 2010 r. umowę o współpracę. Do obowiązków powoda należało pozyskiwanie, zdobywanie i obsługa klientów dla <xAnon>(...)</xAnon><xAnon>O. S.</xAnon>, a w szczególności do wypełnienia z potencjalnymi Klientami <xAnon>(...)</xAnon>
  Analiz oraz sprawowania stałego nadzoru nad nimi. Przyjęto sposób wynagrodzenia w formie prowizji w wysokości 1.200 zł miesięcznie. Prowizja miała być wypłacana raz do roku wg faktury a umowa został zawarta na czas nieokreślony.</xText>
          <xText>Dowód: umowa z 01.08.2010 r. k. 25,</xText>
          
          <xText>Kolejną umowę z 4 stycznia 2010 r. powód zawarł z<xAnon>(...)</xAnon><xAnon>P. C.</xAnon> z siedzibą w <xAnon>S.</xAnon>. Do obowiązków powoda należało pozyskiwanie, zdobywanie i obsługa klientów dla <xAnon>(...)</xAnon><xAnon>P. C.</xAnon>, a w szczególności do wypełnienia z potencjalnymi Klientami <xAnon>(...)</xAnon><xAnon>P. C.</xAnon>Analiz oraz sprawowania stałego nadzoru nad nimi. Przyjęto sposób wynagrodzenia w formie prowizji w zależności od rodzaju umowy. Umowa został zawarta na czas nieokreślony.</xText>
          <xText>Strony w dniu 1 maja 2005 r. zawarły umowę o identycznej treści jak zawarta w dniu 4 stycznia 2010 r.</xText>
          <xText>Dowód: umowa z 04.01.2010 r., k. 26, umowa z 01.05.2010 r., k. 27, zaświadczenie o wpisie k. 129,</xText>
          
          <xText>23 grudnia 2010 r. powód jadąc do klienta uległ wypadkowi komunikacyjnemu.</xText>
          <xText>Dowód: podstawowe dane o zdarzeniu, k. 15, akt szkody<xAnon>(...)</xAnon></xText>
          
          <xText>Powód w dniu 27 grudnia 2010 r. odbył wizytę u lekarza pierwszego kontaktu. W tym czasie stwierdzono kaszel, katar, chrypkę, ból kręgosłupa L/S i wystawiono zwolnienie lekarskie na okres od 27 do 31 grudnia 2010 r. Następnego dnia powód znowu zgłosił się do lekarza gdzie stwierdzono bolesność uciskową podłopatkową. W dniu 4 stycznia 2011 r. podczas kontroli u lekarza stwierdzono powierzchowny uraz klatki piersiowej oraz wystawiono zwolnienie lekarskie na okres od 1 do 15 stycznia 2011 r. Kolejna wizyta odbyła się dnia 14 stycznia i stwierdzono podczas niej ostre zapalenie nosa i gardła - przeziębienie. Nadto stwierdzono zmniejszenie dolegliwości bólowych pleców, wystawiono skierowanie do por. Chirurgicznej i laryngologa, wystawiono zwolnienie lekarskie od 16 do 20 stycznia 2011 r. Podczas wizyty lekarskiej w dniu 17 stycznia stwierdzono przewlekłe zapalenie błony śluzowej jamy nosowej i gardła. Zalecono kontrolę za 2 miesiące. Stwierdzono również powierzchowny uraz biodra i uda. Podczas wizyty w dniu 20 stycznia stwierdzono, iż powód może chodzić oraz skierowano powoda na badanie MRI kr L1/S1 z opisem, wystawiono kolejne zwolnienie lekarskie od 21 do 27 stycznia 2011 r. Następnie powód odbył wizytę w dniu 27 stycznia 2011 r. gdzie stwierdzono zaburzenia korzeni rdzeniowych i splotów nerwowych. Wystawiono zwolnienie lekarskie od 28 stycznia do 4 lutego 2011 r. W dniu 4 lutego 2011 r. powód podczas wizyty lekarskiej oświadczył, iż ma mniejsze dolegliwości bólowe kręgosłupa. Stwierdzono, iż może chodzić oraz wystawiono zwolnienie lekarskie od 5 do 11 lutego 2011 r. w czasie wizyty u lekarza rodzinnego 14 lutego 2011r. lekarz stwierdził możliwość powrotu do pracy, wskazano również, iż powód przebył zabieg chirurgiczny usunięcia zm. guzowatej ze skóry głowy. Wystawiono zwolnienie lekarskie od 12 do 22 lutego ze wskazaniem, że powód może chodzić oraz powrócić do pracy po zdjęciu szwów od dnia 22 lutego 2011 r. Następnie powód w dniu 24 maja 2011 r. miał kolejną wizytę lekarską, podczas której zalecono nie prowadzenie samochodu oraz wystawiono zwolnienie lekarskie na okres od 25 maja do 7 czerwca 2011 r. W dniu 29 czerwca wystawiono kolejne zwolnienie na okres do 5 lipca, które później przedłużono na okres od 8 do 15 lipca 2011, stwierdzono również, iż powód może chodzić. W dniu 15 lipca powód odbył wizytę lekarską, gdzie znów stwierdzono, że powód może chodzić oraz wystawiono zwolnienie lekarskie na okres 16-27 lipca 2011 r., które następnie przedłużono na okres od 28 lipca do 24 sierpnia 2011 r. Dnia 11 sierpnia 2011 r. badanie przeprowadził lekarz orzecznik ZUS, który stwierdził brak wskazań do dalszego zwolnienia lekarskiego.</xText>
          <xText>Dowód: karta wizyty z ZOZ<xAnon>(...)</xAnon>S.A. w <xAnon>S.</xAnon> k. 274-247,</xText>
          <xText>W 2010 r. powód <xAnon>A. K.</xAnon> uzyskał dochód netto na poziomie 84.569,52 zł.</xText>
          <xText>Dowód: zeznanie podatkowe k. 88 - 92,</xText>
          <xText>Prokuratura Rejonowa w Sopocie w dniu 24 lutego 2012 r. postanowiła wszcząć dochodzenie w prawie usiłowania doprowadzenia do niekorzystnego rozporządzenia mieniem w kwocie 60.572,54 zł w celu osiągnięcia korzyści majątkowej poprzez wprowadzenie w błąd co do uzyskanych dochodów i przedłożenie w <xAnon>(...)</xAnon> S.A. w <xAnon>S.</xAnon> jako autentycznych podrobionych dokumentów.</xText>
          <xText>Postanowieniem z dnia 31 maja 2012 r. umorzono dochodzenie wobec stwierdzenia, iż brak jest danych dostatecznie uzasadniających podejrzenie popełnienia czynu.</xText>
          <xText>Dowód: postanowienie z 24.02.2012 r., postanowienie z 31.05.2012 r. k. 104 akt Ds. 362/12 Prokuratury Rejonowej w Sopocie,
  </xText>
          <xText>Pismem z dnia 8 lutego 2011 r. powód zgłosił szkodę do pozwanego. Decyzją z dnia 7 marca 2011 r. przyznano 2.000 zł tytułem zadośćuczynienia. Powód w piśmie z 20 czerwca 2011 r. odwołał się od decyzji<xAnon>(...)</xAnon>oraz wniósł o przyznanie odszkodowania w wysokości 60.572,54 zł tytułem utraconych zarobków. Decyzją z 14 marca 2012 r. pozwany odmówił wypłaty odszkodowania tytułem utraconego zarobku.</xText>
          <xText>Dowód: zgłoszenie szkody k. 176 - 177, decyzja z 07.03.2011 r., k. 179, odwołanie od decyzji k. 180-181, decyzja z 14.03.2012 r. k. 194, akt szkody <xAnon>(...)</xAnon></xText>
          <xText>Powyższy stan faktyczny Sąd ustalił w oparciu o zaoferowane przez strony dowody. Ich prawdziwość ocenił zgodnie z dyspozycją <xLexLink xArt="art. 245" xIsapId="WDU19640430296" xTitle="Ustawa z dnia 17 listopada 1964 r. - Kodeks postępowania cywilnego" xAddress="Dz. U. z 1964 r. Nr 43, poz. 296">art. 245 k.p.c.</xLexLink> i tak za prawdziwe Sąd uznał załączoną do akt sprawy dokumentację medyczną z Poradni, w której leczył się powód <xAnon>A. K.</xAnon>,</xText>
          <xText>Na podstawie akt Prokuratury Rejonowej w Sopocie Ds. 362/12 Sąd ustalił przebieg postępowania karnego toczącego się z wniosku<xAnon>(...)</xAnon>Towarzystwo <xAnon>(...)</xAnon> S.A. z siedzibą w <xAnon>S.</xAnon>.</xText>
          <xText>Z załączonych akt szkody akt szkody <xAnon>(...)</xAnon>Sąd ustalił okoliczności związane z przyznaniem powodowi zadośćuczynienia oraz odmowy uznania roszczenia związanego ze zwrotem utraconych zarobków przez powoda.</xText>
          
          <xText>W ocenie Sądu powództwo nie zasługiwało na uwzględnienie.</xText>
          
          <xText>Zgodnie z <xLexLink xArt="art. 444" xIsapId="WDU19640160093" xTitle="Ustawa z dnia 23 kwietnia 1964 r. - Kodeks cywilny" xAddress="Dz. U. z 1964 r. Nr 16, poz. 93">art. 444 k.c.</xLexLink> w razie uszkodzenia ciała lub wywołania rozstroju zdrowia naprawienie szkody obejmuje wszelkie wynikłe z tego powodu koszty. Na żądanie zobowiązany do naprawienia szkody powinien wyłożyć z góry sumę potrzebną na koszty leczenia, a jeżeli poszkodowany stał się inwalidą, także sumę potrzebną na koszty przygotowania do innego zawodu.</xText>
          <xText>Zdaniem Sądu powód nie udowodnił ani co do zasady ani co do wysokości żądanego roszczenia w wysokości wskazanej w pozwie. Zgodnie bowiem z <xLexLink xArt="art. 6" xIsapId="WDU19640160093" xTitle="Ustawa z dnia 23 kwietnia 1964 r. - Kodeks cywilny" xAddress="Dz. U. z 1964 r. Nr 16, poz. 93">art. 6 k.c.</xLexLink> wyrażającym zasadę rozkładu ciężaru dowodu - ciężar udowodnienia faktu spoczywa na osobie, która z faktu tego wywodzi skutki prawne.</xText>
          <xText>Powód <xAnon>A. K.</xAnon> we wniesionym powództwie powoływał się na okoliczność, iż w związku z wypadkiem z dnia 23 grudnia 2010 r., którego był poszkodowanym utracił przez okres 7 miesięcy zdolność od świadczenia pracy.</xText>
          <xText>Sąd przeprowadzając dowód z dokumentacji medycznej zważył, iż podczas pierwszej wizyty w dniu 27 grudnia 2010 r. powód otrzymał zwolnienie z uwagi na odczuwane dolegliwości związane z przeziębieniem. Nadto powód w okresie między 23 lutego 2011r. a 24 maja 2011 r. nie miał wystawionego zwolnienia lekarskiego typu L-4.. Jedynie podczas wizyty w dniu 24 maja 2011 r., stwierdzono, iż powód nie może prowadzić samochodu, w innych przypadkach stwierdzono, że powód mógł chodzić. Poza tym powód w lutym 2011 r. miał przeprowadzany zabieg chirurgiczny usunięcia zm. guzowatej ze skóry głowy i z tego względu przebywał na zwolnieniu. Nie bez znaczenia pozostaje fakt, że powód w żadnym stopniu nie wykazał w toku procesu, aby odczuwane dolegliwości uniemożliwiały mu prowadzenie dotychczasowej działalności gospodarczej. Co więcej zdaniem Sądu wypadek którego doznał powód nie był poważny w skutkach, powód nie był bowiem leczony bezpośrednio po zdarzeniu, nie przebywał w szpitalu, ani nie miał w późniejszym okresie przeprowadzanej jakiejkolwiek operacji czy nie był poddawany jakiemukolwiek zabiegowi. Powód podczas składania zeznań informacyjnych zeznał, iż przebywał na SOR'ze, jednakże w toku procesu okoliczność ta nie została potwierdzona ani przedstawieniem przez powoda jakiekolwiek dokumentacji medycznej ze Szpitala, ani też nie znalazła odzwierciedlenia w dokumentacji medycznej uzyskanej w Poradni, w której leczy się powód. Zdaniem Sądu wynikające z dokumentacji medycznej zwolnienia lekarskie nie miały związku z wypadkiem z dnia 23 grudnia 2010 r.</xText>
          <xText>W dalszej kolejności powód <xAnon>A. K.</xAnon> mimo zobowiązania - nałożonego przez Sąd na pełnomocnika powoda w dniu 13 grudnia 2012 r. - do złożenia w terminie 1,5 miesiąca pisma procesowego zawierającego uzupełnienie dowodów o żądane przez pozwanego w odpowiedzi na pozew rachunki czy też zeznanie podatkowe, decyzje komisji ZUS o stanie zdrowia powoda w okresie dochodzonych roszczeń, oraz zajęcia stanowiska co do zarzutów podniesionych w odpowiedzi na pozew oraz wniosku dowodowego o dowód z opinii biegłego d/s rachunkowości i ponownego zobowiązania powoda postanowieniem z dnia 16 kwietnia 2013 powód nie przedstawił jakiegokolwiek pisma procesowego w wykonaniu tego zobowiązania. W związku z tym Sąd nie był w stanie ustalić , jak powód obliczył utracony zarobek w okresie żądanych siedmiu miesięcy. Z zapisów przedstawionych w pozwie wynika, że powód dokonał prostej kalkulacji przemnożenia x 7 miesięcy kwot , które mógł otrzymać w związku z zawartymi umowami o przeprowadzanie szkoleń z zakresu finansów . Na podstawie zeznań podatkowych za rok 2010r. uznać należy , że kwoty te stanowią wartości brutto bez uwzględnienia kosztów uzyskania tego przychodu i należnego podatku. Z istoty roszczenia o odszkodowanie z tytułu utraconych zarobków wynika zaś, że kwota ta stanowi niejako "czysty" ekwiwalent stanowiący utratę zarobku netto jakie osoba uprawniona otrzymałaby, gdyby jej szkody nie wyrządzono. W ocenie Sądu i w tym zakresie powód nie sprostał wymaganiu jakie nakładała na niego zasada rozkładu ciężaru dowodu z <xLexLink xArt="art. 6" xIsapId="WDU19640160093" xTitle="Ustawa z dnia 23 kwietnia 1964 r. - Kodeks cywilny" xAddress="Dz. U. z 1964 r. Nr 16, poz. 93">art. 6 k.c.</xLexLink></xText>
          <xText>Wątpliwości wzbudziły również umowy zawierane z powodem na trzy dni przed wypadkiem z 23 grudnia 2010 r. Z umów zawieranych z powodem na początku roku 2010 r. jak i roku 2009 r. wynagrodzenie powoda przybierało postać prowizji natomiast w umowach zawieranych z datą 20 grudnia 2010r. wynagrodzenie to miało stanowić określoną kwotę brutto. Co więcej umowy te zostały zawarte na przyszłość, z datą rozpoczęcia od stycznia 2011 r. W dalszej kolejności wskazać należy, iż umowa zawarta z<xAnon>(...)</xAnon><xAnon>K. L.</xAnon> została zawarta 1 sierpnia 2010 r. na okres jednego miesiąca, a później w dacie 20 grudnia 2010r. została zawarta kolejna już na czas nieokreślony z odpowiednim stałym wynagrodzeniem za przeprowadzanie szkoleń z zakresu doradztwa finansowego. Nadto powód słuchany informacyjnie nie potrafił w żaden sposób przedstawić na czym konkretnie te szkolenia miałyby polegać przy czym stwierdził, że nie posiadał jakikolwiek kwalifikacji w tym zakresie ani specjalistycznych uprawnień czy licencji .</xText>
          <xText>Reasumując powyższe Sąd doszedł do przekonania, iż powód nie udowodnił swojego roszczenia ani co do zasadności ani co do wysokości , nie przedstawił odpowiednich wiarygodnych dowodów mimo nałożonego przez Sąd zobowiązania i z tego względu na podstawie <xLexLink xArt="art. 6" xIsapId="WDU19640160093" xTitle="Ustawa z dnia 23 kwietnia 1964 r. - Kodeks cywilny" xAddress="Dz. U. z 1964 r. Nr 16, poz. 93">art. 6 k.c.</xLexLink> a contario powództwo oddalono w punkcie pierwszym wyroku.</xText>
          
          <xText>O kosztach postępowania Sąd orzekł zgodnie z zasadą odpowiedzialności za wynik procesu wyrażoną w <xLexLink xArt="art. 98" xIsapId="WDU19640430296" xTitle="Ustawa z dnia 17 listopada 1964 r. - Kodeks postępowania cywilnego" xAddress="Dz. U. z 1964 r. Nr 43, poz. 296">art. 98 k.p.c.</xLexLink> w zw. z <xLexLink xArt="art. 108" xIsapId="WDU19640430296" xTitle="Ustawa z dnia 17 listopada 1964 r. - Kodeks postępowania cywilnego" xAddress="Dz. U. z 1964 r. Nr 43, poz. 296">art. 108 k.p.c.</xLexLink> uznając powoda za stronę, która przegrała proces w całości i zasądził od niego na rzecz pozwanego kwotę 7.200 zł tytułem kosztów zastępstwa procesowego zgodnie z <xLexLink xArt="§ 6;§ 6 pkt. 7" xIsapId="WDU20021631348" xTitle="Rozporządzenie Ministra Sprawiedliwości z dnia 28 września 2002 r. w sprawie opłat za czynności adwokackie oraz ponoszenia przez Skarb Państwa kosztów nieopłaconej pomocy prawnej udzielonej z urzędu" xAddress="Dz. U. z 2002 r. Nr 163, poz. 1348">§ 6 pkt 7 rozporządzenia Ministra Sprawiedliwości z dnia 28 września 2002 roku w sprawie opłat za czynności radców prawnych oraz ponoszenia przez Skarb Państwa kosztów nieopłaconej pomocy prawnej udzielonej przez radcę prawnego ustanowionego z urzędu</xLexLink> (t.j. Dz. U. z 2013 r. Nr 490) wraz z kwotą 17 zł opłaty skarbowej od pełnomocnictwa.</xText>
        </xUnit>
      </xBlock>
    </xPart>
  </judgement>
<judgement id="151005000002006_IV_Ka_000756_2013_Uz_2013-09-19_001">
    <xPart xEditorFullName="Agnieszka Scheffs" xYear="2013" xLang="PL" xPublisherFullName="Henryka Andrzejewska" xFromPg="1" xEditor="ascheffs" xVolType="15/100500/0002006/Ka" xPublisher="handrzejewska" xDocType="Uz" xVolNmbr="000756" xVersion="1.0" xToPage="1" xFlag="published">
      <xName>Wyrok+Uzasadnienie</xName>
      <xBlock>
        <xText><xBx>Sygn. akt. </xBx>IV Ka 756/13</xText>
        <xUnit xIsTitle="true" xType="part" xBold="true">
          <xName>WYROK</xName>
          <xTitle>W IMIENIU RZECZYPOSPOLITEJ POLSKIEJ</xTitle>
          <xText xALIGNx="right">Dnia 19 września 2013 roku</xText>
          
          <xText><xBx>Sąd Okręgowy w Bydgoszczy IV Wydział Karny Odwoławczy <xBRx/></xBx>w składzie:</xText>
          <xText>
            <xBx>Przewodniczący SSO Włodzimierz Hilla</xBx>
          </xText>
          <xText>Sędziowie SO Piotr Kupcewicz</xText>
          <xText>SO Adam Sygit - sprawozdawca</xText>
          <xText>Protokolant st. sekr. sądowy Agnieszka Scheffs</xText>
          <xText>przy udziale Gizeli Kubickiej Prokuratora Prokuratury Okręgowej <xBRx/>w Bydgoszczy</xText>
          <xText>po rozpoznaniu w dniu 19 września 2013 roku</xText>
          <xText>sprawy <xBx><xAnon>M. R.</xAnon></xBx></xText>
          <xText>oskarżonego z <xLexLink xArt="art. 178 a;art. 178 a § 4" xIsapId="WDU19970880553" xTitle="Ustawa z dnia 6 czerwca 1997 r. - Kodeks karny" xAddress="Dz. U. z 1997 r. Nr 88, poz. 553">art. 178a§4 k.k.</xLexLink></xText>
          <xText>na skutek apelacji wniesionej przez prokuratora</xText>
          <xText>od wyroku Sądu Rejonowego w Bydgoszczy</xText>
          <xText>z dnia 29 maja 2013 roku sygn. akt XVI K 225/13</xText>
          <xText>1.zmienia zaskarżony wyrok w ten sposób, że:</xText>
          <xText>a. w punkcie I wyroku ustala, iż numer rejestracyjny prowadzonego pojazdu mechanicznego to „<xAnon>(...)</xAnon>przypisany oskarżonej czyn kwalifikuje jako przestępstwo z <xLexLink xArt="art. 178 a;art. 178 a § 4" xIsapId="WDU19970880553" xTitle="Ustawa z dnia 6 czerwca 1997 r. - Kodeks karny" xAddress="Dz. U. z 1997 r. Nr 88, poz. 553">art. 178 a § 4 k.k.</xLexLink> a wymierzoną karę pozbawienia wolności podwyższa do 10 (dziesięciu) miesięcy.</xText>
          <xText>b. w punkcie II wyroku okres warunkowego zawieszenia wykonania kary pozbawienia wolności podwyższa do 5 (pięciu) lat.</xText>
          <xText>c. w punkcie IV wyroku okres orzeczonego zakazu prowadzenia wszelkich pojazdów mechanicznych podwyższa do 5 (pięciu) lat.</xText>
          <xText>2. w pozostałej części zaskarżony wyrok utrzymuje w mocy.</xText>
          <xText>3. wymierza oskarżonej kwotę 180 (sto osiemdziesiąt) złotych tytułem opłaty za obie instancje, zwalniając ją od kosztów postępowania odwoławczego i obciążając nimi Skarb Państwa.</xText>
          
          <xText>Sygn. akt IV Ka 756/13</xText>
        </xUnit>
        <xUnit xIsTitle="true" xType="part" xBold="true">
          <xName>UZASADNIENIE</xName>
          <xText>Wyrokiem Sądu Rejonowego w Bydgoszczy z dnia 29 maja 2013 roku, wydanym w sprawie o sygnaturze akt XVI 225/13, oskarżoną <xAnon>M. R.</xAnon> uznano za winną tego, że w dniu 15 listopada 2012 roku w <xAnon>B.</xAnon> na <xAnon>ul. (...)</xAnon> prowadziła w ruchu lądowym pojazd mechaniczny w postaci samochodu osobowego marki <xAnon>R. (...)</xAnon><xAnon>nr rej. (...)</xAnon>, znajdując się w stanie nietrzeźwości, gdzie I badanie na zawartość alkoholu w wydychanym powietrzu wykazało 1,06 mg/l, natomiast drugie badanie wykazało 1,01 mg/l, będąc wcześniej prawomocnie skazana za prowadzenie pojazdu mechanicznego w stanie nietrzeźwości na mocy wyroku Sądu Rejonowego w Bydgoszczy z dnia 5.07.2010 r., sygn. akt XVI K 2353/10, tj. za winną popełnienia występku z <xLexLink xArt="art. 178 a;art. 178 a § 1" xIsapId="WDU19970880553" xTitle="Ustawa z dnia 6 czerwca 1997 r. - Kodeks karny" xAddress="Dz. U. z 1997 r. Nr 88, poz. 553">art. 178 a § 1</xLexLink> w zw. z <xLexLink xArt="§ 4" xIsapId="WDU19970880553" xTitle="Ustawa z dnia 6 czerwca 1997 r. - Kodeks karny" xAddress="Dz. U. z 1997 r. Nr 88, poz. 553">§ 4 k.k.</xLexLink> i za to, na podstawie <xLexLink xArt="art. 178 a;art. 178 a § 4" xIsapId="WDU19970880553" xTitle="Ustawa z dnia 6 czerwca 1997 r. - Kodeks karny" xAddress="Dz. U. z 1997 r. Nr 88, poz. 553">art. 178 a § 4 k.k.</xLexLink>, wymierzono jej karę czterech miesięcy pozbawienia wolności. Na podstawie <xLexLink xArt="art. 69;art. 69 § 1;art. 69 § 2" xIsapId="WDU19970880553" xTitle="Ustawa z dnia 6 czerwca 1997 r. - Kodeks karny" xAddress="Dz. U. z 1997 r. Nr 88, poz. 553">art. 69 § 1 i 2 k.k.</xLexLink> i <xLexLink xArt="art. 70;art. 70 § 1;art. 70 § 1 pkt. 1" xIsapId="WDU19970880553" xTitle="Ustawa z dnia 6 czerwca 1997 r. - Kodeks karny" xAddress="Dz. U. z 1997 r. Nr 88, poz. 553">art. 70 § 1 pkt 1 k.k.</xLexLink> wykonanie orzeczonej kary warunkowo zawieszono na okres próby wynoszący dwa lata. Na podstawie <xLexLink xArt="art. 71;art. 71 § 1" xIsapId="WDU19970880553" xTitle="Ustawa z dnia 6 czerwca 1997 r. - Kodeks karny" xAddress="Dz. U. z 1997 r. Nr 88, poz. 553">art. 71 § 1 k.k.</xLexLink> orzeczono karę grzywny w wysokości 10 stawek dziennych po 30 złotych każda. Na podstawie <xLexLink xArt="art. 42;art. 42 § 2" xIsapId="WDU19970880553" xTitle="Ustawa z dnia 6 czerwca 1997 r. - Kodeks karny" xAddress="Dz. U. z 1997 r. Nr 88, poz. 553">art. 42 § 2 k.k.</xLexLink> i <xLexLink xArt="art. 43;art. 43 § 1" xIsapId="WDU19970880553" xTitle="Ustawa z dnia 6 czerwca 1997 r. - Kodeks karny" xAddress="Dz. U. z 1997 r. Nr 88, poz. 553">art. 43 § 1 k.k.</xLexLink> w zw. z <xLexLink xArt="art. 39;art. 39 pkt. 3" xIsapId="WDU19970880553" xTitle="Ustawa z dnia 6 czerwca 1997 r. - Kodeks karny" xAddress="Dz. U. z 1997 r. Nr 88, poz. 553">art. 39 pkt 3 k.k.</xLexLink> orzeczono środek karny w postaci zakazu prowadzenia wszelkich pojazdów mechanicznych na okres dwóch lat. Na podstawie <xLexLink xArt="art. 49;art. 49 § 2" xIsapId="WDU19970880553" xTitle="Ustawa z dnia 6 czerwca 1997 r. - Kodeks karny" xAddress="Dz. U. z 1997 r. Nr 88, poz. 553">art. 49 § 2 k.k.</xLexLink> w zw. z <xLexLink xArt="art. 39;art. 39 pkt. 7" xIsapId="WDU19970880553" xTitle="Ustawa z dnia 6 czerwca 1997 r. - Kodeks karny" xAddress="Dz. U. z 1997 r. Nr 88, poz. 553">art. 39 pkt 7 k.k.</xLexLink> zobowiązano oskarżoną do zapłaty świadczenia pieniężnego w kwocie 500 złotych na rzecz Funduszu Pomocy Pokrzywdzonym oraz Pomocy Postpenitencjarnej. Na podstawie <xLexLink xArt="art. 63;art. 63 § 1" xIsapId="WDU19970880553" xTitle="Ustawa z dnia 6 czerwca 1997 r. - Kodeks karny" xAddress="Dz. U. z 1997 r. Nr 88, poz. 553">art. 63 § 1 k.k.</xLexLink> zaliczono na poczet kary grzywny okres zatrzymania w dniu 15 listopada 2012 roku a na podstawie <xLexLink xArt="art. 63;art. 63 § 2" xIsapId="WDU19970880553" xTitle="Ustawa z dnia 6 czerwca 1997 r. - Kodeks karny" xAddress="Dz. U. z 1997 r. Nr 88, poz. 553">art. 63 § 2 k.k.</xLexLink> zaliczono na poczet orzeczonego zakazu okres zatrzymania prawa jazdy od dnia 15 listopada 2012 roku. Ponadto zasądzono od oskarżonej na rzecz Skarbu Państwa kwotę 150 złotych tytułem opłaty a w pozostałym zakresie zwolniono ją od kosztów sądowych obciążając nimi Skarb Państwa.</xText>
          
          <xText>Od powyższego orzeczenia apelację wniosła Prokuratura Rejonowa Bydgoszcz - Południe w części dotyczącej orzeczenia o karze i kwalifikacji prawnej czynu na niekorzyść oskarżonej. Zarzucono obrazę przepisów prawa materialnego w postaci nieprawidłowego zakwalifikowania czynu z <xLexLink xArt="art. 178 a;art. 178 a § 1" xIsapId="WDU19970880553" xTitle="Ustawa z dnia 6 czerwca 1997 r. - Kodeks karny" xAddress="Dz. U. z 1997 r. Nr 88, poz. 553">art. 178 a § 1</xLexLink> w zw. z <xLexLink xArt="§ 4" xIsapId="WDU19970880553" xTitle="Ustawa z dnia 6 czerwca 1997 r. - Kodeks karny" xAddress="Dz. U. z 1997 r. Nr 88, poz. 553">§ 4 k.k.</xLexLink> oraz rażącą niewspółmierność wymierzonej kary pozbawienia wolności z warunkowym zawieszeniem jej wykonania i okresu środka karnego w postaci zakazu prowadzenia pojazdów mechanicznych. Wniesiono o zmianę zaskarżonego wyroku poprzez zakwalifikowanie czynu przypisanego oskarżonej z <xLexLink xArt="art. 178 a;art. 178 a § 4" xIsapId="WDU19970880553" xTitle="Ustawa z dnia 6 czerwca 1997 r. - Kodeks karny" xAddress="Dz. U. z 1997 r. Nr 88, poz. 553">art. 178 a § 4 k.k.</xLexLink> oraz wymierzenie kary 10 miesięcy pozbawienia wolności z warunkowym zawieszeniem jej wykonania na okres 5 lat, orzeczenie zakazu prowadzenia wszelkich pojazdów mechanicznych na okres 5 lat, wymierzenie grzywny w liczbie 10 stawek po 30 złotych oraz świadczenia pieniężnego w kwocie 500 złotych.</xText>
          
          <xText xALIGNx="center">
            <xBx>Sąd odwoławczy zważył, co następuje:</xBx>
          </xText>
          
          <xText xALIGNx="center"> Apelacja była zasadna i skutkowała zmianą wyroku na niekorzyść oskarżonej w postulowanym przez skarżącego zakresie.</xText>
          
          <xText>Odnośnie kwalifikacji prawnej czynu należy wskazać, iż zbędne było odwoływanie się do <xLexLink xArt="§ 1;art. 178 a" xIsapId="WDU19970880553" xTitle="Ustawa z dnia 6 czerwca 1997 r. - Kodeks karny" xAddress="Dz. U. z 1997 r. Nr 88, poz. 553">§ 1 art. 178 a k.k.</xLexLink>, skoro ustawodawca konstruując typ kwalifikowany w <xLexLink xArt="art. 178 a § 4" xIsapId="WDU19970880553" xTitle="Ustawa z dnia 6 czerwca 1997 r. - Kodeks karny" xAddress="Dz. U. z 1997 r. Nr 88, poz. 553">§ 4</xLexLink> tego przepisu (niezależnie od różnych poglądów prezentowanych przez przedstawicieli doktryny prawa karnego w zakresie oceny znaczenia normatywnej takiej konstrukcji tej regulacji) bezpośrednio odnosi się do typu podstawowego tego przestępstwa z <xLexLink xArt="§ 1" xIsapId="WDU19970880553" xTitle="Ustawa z dnia 6 czerwca 1997 r. - Kodeks karny" xAddress="Dz. U. z 1997 r. Nr 88, poz. 553">§ 1</xLexLink>. Tym samym należy uznać, iż <xLexLink xArt="art. 178 a;art. 178 a § 4" xIsapId="WDU19970880553" xTitle="Ustawa z dnia 6 czerwca 1997 r. - Kodeks karny" xAddress="Dz. U. z 1997 r. Nr 88, poz. 553">art. 178 a § 4 k.k.</xLexLink>, sam odwołując się w swej treści do <xLexLink xArt="§ 1" xIsapId="WDU19970880553" xTitle="Ustawa z dnia 6 czerwca 1997 r. - Kodeks karny" xAddress="Dz. U. z 1997 r. Nr 88, poz. 553">§ 1</xLexLink>, zawiera pełen zakres znamion przestępstwa, które swoim zachowaniem wyczerpała oskarżona i wystarczająca była kwalifikacja prawna jej działania z <xLexLink xArt="art. 178 a;art. 178 a § 4" xIsapId="WDU19970880553" xTitle="Ustawa z dnia 6 czerwca 1997 r. - Kodeks karny" xAddress="Dz. U. z 1997 r. Nr 88, poz. 553">art. 178 a § 4 k.k.</xLexLink></xText>
          <xText>Wysokość orzeczonej kary pozbawienia wolności, zgodnie z twierdzeniem skarżącego, należało uznać za rażąco niewspółmierną do stopnia społecznej szkodliwości przypisanego czynu i okoliczności podmiotowych sprawcy. W związku z tym, kara w wymiarze czterech miesięcy pozbawienia wolności, nie spełnia w sposób dostateczny celów wychowawczych i zapobiegawczych oraz potrzeb w zakresie kształtowania świadomości prawnej społeczeństwa. Takie rozstrzygnięcie rodzi ponadto słuszne zastrzeżenia o pobłażliwości potraktowania sprawcy czynu o znacznym stopniu społecznej szkodliwości, uwzględniając również stopień nietrzeźwości kierującej oraz miejsce poruszania się pojazdem mechanicznych (centrum miasta). Wydając takie rozstrzygnięcie przecenił Sąd Rejonowy w Bydgoszczy wagę przyznania się oskarżonej w przedmiotowej sprawie, skoro została ona zatrzymana przez funkcjonariuszy Policji w trakcie prowadzenia pojazdu mechanicznego w stanie nietrzeźwości (protokół zatrzymania k. 3, zeznania świadka <xAnon>M. G.</xAnon> k. 8v, 73v) i fakt jej sprawstwa był jednoznaczny. Tak samo należy ocenić rozważania dotyczące okoliczności i motywacji popełnienia zarzucanego czynu, jako mające przemawiać za wymierzeniem łagodnej kary. Jak wynika z jednoznacznych wniosków opinii sądowopsychiatrycznej oskarżona w chwili czynu nie miała zniesionej ani ograniczonej zdolności do jego rozumienia i pokierowania swoim postępowaniem, jest osobą zdrową psychicznie i działającą z pełnym rozeznaniem. Treść jej wyjaśnień (kwestia problemów osobistych i uzależnienia od alkoholu; wskazywanie na brak zrozumienia ze strony funkcjonariusza Policji) wskazuje, że fakt popełnienia po raz kolejny przestępstwa w stanie nietrzeźwości potraktowała dość pobłażliwie, zlekceważyła spowodowane swoim postępowaniem zagrożenie dla innych uczestników ruchu i wyrazów szczerej, niewymuszonej skruchy sąd odwoławczy w postawie oskarżonej nie dostrzega. Fakt podjęcia przez <xAnon>M. R.</xAnon>, już po zdarzeniu, leczenia z uzależnienia mógł jedynie stanowić przesłankę do warunkowego zawieszenia wykonania kary, natomiast nie mógł skutkować wymierzeniem tak niskiej kary.</xText>
          <xText>Oskarżona <xAnon>M. R.</xAnon>, wcześniejszym wyrokiem skazującym, który skutkował koniecznością przyjęcia kwalifikacji prawnej z <xLexLink xArt="art. 178 a;art. 178 a § 4" xIsapId="WDU19970880553" xTitle="Ustawa z dnia 6 czerwca 1997 r. - Kodeks karny" xAddress="Dz. U. z 1997 r. Nr 88, poz. 553">art. 178 a § 4 k.k.</xLexLink>, została skazana na karę sześciu miesięcy pozbawienia wolności (k. 22, 60, 95). Jej lekceważący stosunek do konsekwencji wynikających ze skazania, objawił się nie tylko faktem powrotności do przestępstwa, jak i niewykonaniem nałożonych na nią wcześniejszym orzeczeniem obowiązków (kwestia uregulowania orzeczonej wcześniejszym wyrokiem świadczenia pieniężnego k. 98) a deklaracje składane w tym zakresie muszą zostać uznane za gołosłowne. W związku z tym wymierzanie kary pozbawienia wolności w kolejnym wyroku skazującym w rozmiarze niższym niż w przypadku pierwszego skazania (i to przy znacznie wyższym stanie nietrzeźwości) musiało został ocenione krytycznie. W konsekwencji, należało orzec karę surowszą, tj. w postulowanym przez apelującego wymiarze.</xText>
          <xText>Za wadliwe uznano także zapadłe rozstrzygnięcie dotyczące okresu ustanowionej próby a związanej z warunkowym zawieszeniem wykonania kary pozbawienia wolności. Minimalny okres próby związanej z warunkowym zawieszeniem wykonania orzeczonej kary niewątpliwie byłby niewystarczający dla pełnego zweryfikowania przyjętej pozytywnej prognozy kryminologicznej. Skoro, mimo istotnych ograniczeń przewidzianych przez ustawodawcę dla sprawców czynów kwalifikowanych z <xLexLink xArt="art. 178 a;art. 178 a § 4" xIsapId="WDU19970880553" xTitle="Ustawa z dnia 6 czerwca 1997 r. - Kodeks karny" xAddress="Dz. U. z 1997 r. Nr 88, poz. 553">art. 178 a § 4 k.k.</xLexLink>, zdecydowano się na zastosowanie instytucji oddziaływania probacyjnego, to konieczne było wyznaczenie okresu tej próby w maksymalnym rozmiarze. Tylko takie rozstrzygnięcie pozwoli na pełną weryfikację stanowiska Sądu Rejonowego wyrażonego w decyzji podjętej w punkcie II wyroku.</xText>
          <xText>Za nieprawidłowe uznano również rozstrzygnięcie dotyczące okresu ustanowionego zakazu prowadzenia wszelkich pojazdów mechanicznych. Jako okoliczności obciążające, istotnie wpływające na powyższe rozstrzygnięcie należy wskazać stopień nietrzeźwości oskarżonej i miejsce poruszania się pojazdem mechanicznym. Zdaniem Sądu Okręgowego w Bydgoszczy ustalone w sprawie okoliczności przemawiały za znacznym wydłużeniem okresu ustanowionego zakazu z uwagi na realne niebezpieczeństwo, jakie stwarza oskarżona jako potencjalny kierowca, po raz drugi skazana za kierowanie pojazdem mechanicznych w stanie nietrzeźwości.</xText>
          <xText>Ponadto - w zakresie ustaleń faktycznych - dokonano prawidłowego ustalenia numerów rejestracyjnych pojazdu, którym kierowała oskarżona. Wobec powyższego zmieniono zaskarżony wyrok w ten sposób, że: w punkcie I ustalono, iż numer rejestracyjny prowadzonego pojazdu mechanicznego to <xAnon>(...)</xAnon>przypisany czyn zakwalifikowano jako przestępstwo z <xLexLink xArt="art. 178 a;art. 178 a § 4" xIsapId="WDU19970880553" xTitle="Ustawa z dnia 6 czerwca 1997 r. - Kodeks karny" xAddress="Dz. U. z 1997 r. Nr 88, poz. 553">art. 178 a § 4 k.k.</xLexLink>, wymierzoną karę pozbawienia wolności podwyższono do 10 miesięcy; w punkcie II okres warunkowego zawieszenia wykonania kary pozbawienia wolności podwyższono do pięciu lat; w punkcie IV okres orzeczonego zakazu prowadzenia wszelkich pojazdów mechanicznych podwyższono do pięciu lat. Uznano, iż tylko tak zmodyfikowane rozstrzygnięcie w pełni zrealizuje ustawowo przewidziane dyrektywy kary. W pozostałej części zaskarżony wyrok utrzymano w mocy. Zmiana orzeczenia o karze skutkowała koniecznością nowego ustalenia wysokości należnej opłaty, zgodnie z art. 10 ust. 1 ustawy z dnia 23 czerwca 1973 roku (publ. Dz. U. z 1983 roku, nr 49, poz. 223 z późz. zm.). Wysokość tę ustalono w oparciu o art. 2 ust. 1 pkt 3 w/wym. ustawy. Jednocześnie oskarżoną zwolniono z kosztów postępowania odwoławczego, obciążając nimi Skarb Państwa i odwołując się w tym zakresie do argumentacji przestawionej przez sąd I instancji na uzasadnienie tożsamego rozstrzygnięcia, zawartego w punkcie VIII zaskarżonego wyroku.</xText>
        </xUnit>
      </xBlock>
    </xPart>
  </judgement>
<judgement id="151005000002006_IV_Ka_000631_2013_Uz_2013-09-19_001">
    <xPart xEditorFullName="Agnieszka Scheffs" xYear="2013" xLang="PL" xPublisherFullName="Henryka Andrzejewska" xFromPg="1" xEditor="ascheffs" xVolType="15/100500/0002006/Ka" xPublisher="handrzejewska" xDocType="Uz" xVolNmbr="000631" xVersion="1.0" xToPage="1" xFlag="published">
      <xName>Wyrok+Uzasadnienie</xName>
      <xBlock>
        <xText><xBx>Sygn. akt. </xBx>IV Ka 631/13</xText>
        <xUnit xIsTitle="true" xBold="true" xType="part">
          <xName>WYROK</xName>
          <xTitle>W IMIENIU RZECZYPOSPOLITEJ POLSKIEJ</xTitle>
          <xText xALIGNx="right">Dnia 19 września 2013 roku</xText>
          
          <xText><xBx>Sąd Okręgowy w Bydgoszczy IV Wydział Karny Odwoławczy <xBRx/></xBx>w składzie:</xText>
          <xText>
            <xBx>Przewodniczący SSO Mirosław Kędzierski</xBx>
          </xText>
          <xText>Sędziowie SO Włodzimierz Hilla - sprawozdawca</xText>
          <xText>SO Adam Sygit</xText>
          <xText>Protokolant sekr. sądowy Aleksandra Deja - Lis</xText>
          <xText>przy udziale Andrzeja Chmieleckiego - prokuratora Prokuratury Okręgowej <xBRx/>w Bydgoszczy</xText>
          <xText>po rozpoznaniu w dniu 12 września 2013 roku</xText>
          <xText>sprawy <xBx><xAnon>D. K.</xAnon></xBx></xText>
          <xText>oskarżonego z <xLexLink xArt="art. 284;art. 284 § 2" xIsapId="WDU19970880553" xTitle="Ustawa z dnia 6 czerwca 1997 r. - Kodeks karny" xAddress="Dz. U. z 1997 r. Nr 88, poz. 553">art. 284§2 k.k.</xLexLink></xText>
          <xText>na skutek apelacji wniesionej przez pełnomocnika oskarżyciela posiłkowego</xText>
          <xText>od wyroku Sądu Rejonowego w Świeciu VII Zamiejscowy Wydział Karny z siedzibą w Tucholi</xText>
          <xText>z dnia 16 kwietnia 2013 roku sygn. akt VII K 44/13</xText>
          <xText>uchyla zaskarżony wyrok i sprawę przekazuje Sądowi Rejonowemu w Świeciu VII Zamiejscowy Wydział Karny z siedzibą w Tucholi do ponownego rozpoznania.</xText>
          
          <xText>IV Ka 631/13</xText>
        </xUnit>
        <xUnit xIsTitle="true" xBold="true" xType="part">
          <xName>UZASADNIENIE</xName>
          <xText>Sąd Rejonowy w Świeciu - VII Zamiejscowy Wydział Karny z siedzibą w Tucholi wyrokiem z 16 kwietnia 2013 r. (sygn. akt VII K 44/13) uniewinnił<xBx><xAnon>D. K.</xAnon></xBx>od zarzucanych mu aktem oskarżenia czynów, polegających na tym, że:</xText>
          <xUnit xIsTitle="false" xType="none">
            <xName xSffx=".">I</xName>
            <xText>w okresie od 30 marca 2005 r. do 23 marca 2007 r. w <xAnon>S.</xAnon>będąc upoważnionym przez zarząd Banku <xAnon>(...)</xAnon>w <xAnon>W.</xAnon>do zawarcia umowy na świadczenie usług telekomunikacyjnych z <xAnon>(...)</xAnon><xAnon>(...)</xAnon>przywłaszczył telefon komórkowy <xAnon>marki N. (...)</xAnon>wartości rynkowej 1.299 zł, który nabył na podstawie aneksu do <xAnon>umowy nr (...)</xAnon>z dnia 30.03.2005 r., działając na szkodę Banku <xAnon>(...)</xAnon> w <xAnon>W.</xAnon>, tj. czynu z <xLexLink xArt="art. 284;art. 284 § 2" xIsapId="WDU19970880553" xTitle="Ustawa z dnia 6 czerwca 1997 r. - Kodeks karny" xAddress="Dz. U. z 1997 r. Nr 88, poz. 553">art. 284 § 2 k.k.</xLexLink>,</xText>
          </xUnit>
          <xUnit xIsTitle="false" xType="none">
            <xName xSffx=".">II</xName>
            <xText>w okresie od 19 czerwca 2006 r. do 23 marca 2007 r. w <xAnon>S.</xAnon>Kraj. będąc upoważnionym przez Zarząd Banku <xAnon>(...)</xAnon>w <xAnon>W.</xAnon>do zawarcia umowy na świadczenie usług telekomunikacyjnych z <xAnon>(...)</xAnon><xAnon>(...)</xAnon>przywłaszczył telefon komórkowy <xAnon>marki S. (...)</xAnon>wartości rynkowej 608,78 zł, który nabył na podstawie <xAnon>umowy nr (...)</xAnon>z dnia 19.06.2006r., działając na szkodę Banku <xAnon>(...)</xAnon> w <xAnon>W.</xAnon>, tj. czynu z <xLexLink xArt="art. 284;art. 284 § 2" xIsapId="WDU19970880553" xTitle="Ustawa z dnia 6 czerwca 1997 r. - Kodeks karny" xAddress="Dz. U. z 1997 r. Nr 88, poz. 553">art. 284 § 2 k.k.</xLexLink></xText>
          </xUnit>
          
          <xText>Powyższy wyrok został zaskarżony w trybie apelacji przez pełnomocnika oskarżyciela posiłkowego, który, powołując się na podstawę odwoławczą określoną w <xLexLink xArt="art. 438;art. 438 pkt. 2" xIsapId="WDU19970890555" xTitle="Ustawa z dnia 6 czerwca 1997 r. - Kodeks postępowania karnego" xAddress="Dz. U. z 1997 r. Nr 89, poz. 555">art. 438 pkt 2 k.p.k.</xLexLink>, wyrokowi temu zarzucił obrazę przepisów postępowania, a mianowicie:</xText>
          <xText>I. <xLexLink xArt="art. 4;art. 7" xIsapId="WDU19970890555" xTitle="Ustawa z dnia 6 czerwca 1997 r. - Kodeks postępowania karnego" xAddress="Dz. U. z 1997 r. Nr 89, poz. 555">art. 4 i art. 7 k.p.k.</xLexLink> poprzez uznanie, że podawana przez oskarżonego wersja wydarzeń znajduje w całości potwierdzenie w zeznaniach śwd. <xAnon>A. J.</xAnon>oraz przekroczenie, w następstwie naruszenia zasad logiki i doświadczenia życiowego, zasady swobodnej oceny dowodów wskutek usprawiedliwienia nielogiczności w wyjaśnieniach oskarżonego i uznanie za nieistotne tych dowodów, które wskazują na nieprawdziwość wersji oskarżonego;</xText>
          <xText>II. <xLexLink xArt="art. 5;art. 5 § 2" xIsapId="WDU19970890555" xTitle="Ustawa z dnia 6 czerwca 1997 r. - Kodeks postępowania karnego" xAddress="Dz. U. z 1997 r. Nr 89, poz. 555">art. 5 § 2 k.p.k.</xLexLink> przez jego niewłaściwe zastosowanie z uwagi na niewiarygodność wyjaśnień oskarżonego co do szeregu okoliczności ubocznych, a w konsekwencji ocenę wiarygodności całości jego wyjaśnień;</xText>
          <xText>III. <xLexLink xArt="art. 424;art. 424 § 1;art. 424 § 1 pkt. 1" xIsapId="WDU19970890555" xTitle="Ustawa z dnia 6 czerwca 1997 r. - Kodeks postępowania karnego" xAddress="Dz. U. z 1997 r. Nr 89, poz. 555">art. 424 § 1 pkt 1 k.p.k.</xLexLink> poprzez:</xText>
          <xText>1. niezasadne odmówienie wiarygodności treści zeznań świadków – <xAnon>A. T.</xAnon>i <xAnon>T. K.</xAnon>wyłącznie z powodu ich sprzeczności z wyjaśnieniami oskarżonego i zeznaniami <xAnon>A. J.</xAnon>,</xText>
          <xText>2. niezasadne odmówienie wiarygodności treści zeznań śwd. <xAnon>T. D.</xAnon>, z powodu tego, że nie pracował w centrali banku,</xText>
          <xText>3. nie wyjaśnienie w uzasadnieniu wyroku szeregu istotnych okoliczności, a w szczególności:</xText>
          <xText>- w jaki sposób telefon <xAnon>N.</xAnon> trafił do komisu?</xText>
          <xText>- jakie koszty nabycia telefonu <xAnon>S.</xAnon> poniósł oskarżony?</xText>
          <xText>- na jakich warunkach nabyte zostały obydwa telefony?</xText>
          <xText>- jaki model telefonu wybrał prezes <xAnon>A. T.</xAnon>?</xText>
          <xText>- w jaki sposób podpisane umowy i aneksy zostały dostarczone do banku?</xText>
          
          <xText>IV. <xLexLink xArt="art. 2;art. 2 § 1;art. 2 § 1 pkt. 1;art. 366;art. 366 § 1" xIsapId="WDU19970890555" xTitle="Ustawa z dnia 6 czerwca 1997 r. - Kodeks postępowania karnego" xAddress="Dz. U. z 1997 r. Nr 89, poz. 555">art. 2 § 1 pkt 1 i art. 366 § 1 k.p.k.</xLexLink> poprzez nie wyjaśnienie szeregu istotnych dalszych okoliczności, w szczególności:</xText>
          <xText>1. kto odebrał od śwd.<xAnon>J.</xAnon> telefon <xAnon>N.</xAnon>?</xText>
          <xText>2. kto i kiedy zapłacił za ów telefon i pokwitował odbiór po podpisaniu aneksu z 30 marca 2005 r.?</xText>
          <xText>3. nie wyjaśnienie warunków nabycia telefonów, osoby kwitującej ich odbiór, a w szczególności zweryfikowania czy to oskarżony był nabywcą telefonu <xAnon>S.</xAnon>?</xText>
          <xText>4. nie odniesienie się do faktu nie wpisania przez oskarżonego telefonu <xAnon>N.</xAnon> do prowadzonej przez siebie ewidencji telefonów, a także nie wprowadzenia tej okoliczności do systemu komputerowego ewidencjonującego wyposażenie banku.</xText>
          
          <xText>Nadto, w oparciu o przepis <xLexLink xArt="art. 438;art. 438 pkt. 3" xIsapId="WDU19970890555" xTitle="Ustawa z dnia 6 czerwca 1997 r. - Kodeks postępowania karnego" xAddress="Dz. U. z 1997 r. Nr 89, poz. 555">art. 438 pkt 3 k.p.k.</xLexLink> podniesiono zarzut -</xText>
          <xText>V. błędu w ustaleniach faktycznych przyjętych za podstawę wyroku przez ustalenie, że:</xText>
          <xText>- oskarżony podpisał aneks dot. <xAnon>N.</xAnon>po dokonaniu przez <xAnon>A. T.</xAnon>wyboru telefonu i taryfy, gdy nie wynika to z zeznań śwd. <xAnon>A. J.</xAnon>,</xText>
          <xText>- oskarżony podpisał tylko aneks, nie otrzymując telefonu <xAnon>N.</xAnon>,</xText>
          <xText>- zmiana taryfy została dokonana na prośbę zarządu banku, wobec czego <xAnon>A. T.</xAnon>, wbrew treści dowodów, miałby wiedzieć o aneksie i nowym telefonie,</xText>
          <xText>- <xAnon>A. T.</xAnon>wyraził zgodę na nabycie dla banku tylko karty SIM i nabycie telefonu<xAnon>S.</xAnon>przez oskarżonego dla siebie, podczas gdy – wbrew argumentacji Sądu – nie wynika to z zeznań śwd. <xAnon>A. J.</xAnon>,</xText>
          <xText>- w konsekwencji, że oskarżony nie przywłaszczył sobie przedmiotowych telefonów, podczas gdy taki wniosek jest przynajmniej przedwczesny.</xText>
          <xText>W konkluzji apelujący wniósł o uchylenie zaskarżonego orzeczenia i przekazanie sprawy Sądowi pierwszej instancji do ponownego rozpoznania.</xText>
          
          <xText>
            <xBx>
              <xUx>Sąd Okręgowy zważył co następuje:</xUx>
            </xBx>
          </xText>
          
          <xText>Niniejsza apelacja okazała się zasadna o tyle, o ile wywołując postępowanie odwoławcze w sprawie, implikowała konieczność uchylenia zaskarżonego wyroku i przekazania sprawy sądowi pierwszej instancji do ponownego rozpoznania.</xText>
          
          <xText>Sąd orzekający w niniejszej sprawie w istotnym zakresie nie sprostał powinnościom, jakie spoczywają na nim, tak w zakresie wyczerpania wszelkiej, koniecznej po temu inicjatywy dowodowej dla uczynienia zadość podstawowej zasadzie procesu karnego, a mianowicie zasadzie prawdy materialnej, jak i odnośnie oceny zgromadzonego dotychczas w sprawie materiału dowodowego, z perspektywy tych reguł i zasad oceny dowodów, jakie statuowane są treścią przepisu <xLexLink xArt="art. 7" xIsapId="WDU19970890555" xTitle="Ustawa z dnia 6 czerwca 1997 r. - Kodeks postępowania karnego" xAddress="Dz. U. z 1997 r. Nr 89, poz. 555">art. 7 k.p.k.</xLexLink></xText>
          
          <xText>W pierwszym rzędzie nie będzie od rzeczy skonstatować, że uzasadnienie zaskarżonego orzeczenia, acz nader obszerne w swej warstwie narracyjnej, sprawozdawczej i w sposób dalece szczegółowy oddające treść poszczególnych dowodów, jakie sąd przeprowadził na rozprawie, stanowi jedynie swoiste streszczenie tychże dowodów, natomiast jest przy tym nadzwyczaj ubogie właśnie jeśli idzie o tę jego sferę, jaka dotyczy niezbędnej analizy i oceny zebranego materiału dowodowego, jakiej ustawodawca wymaga treścią przepisu <xLexLink xArt="art. 424;art. 424 § 1" xIsapId="WDU19970890555" xTitle="Ustawa z dnia 6 czerwca 1997 r. - Kodeks postępowania karnego" xAddress="Dz. U. z 1997 r. Nr 89, poz. 555">art. 424 § 1 k.p.k.</xLexLink> W gruncie rzeczy argumentacja dotycząca tego, jakie fakty sąd uznał za udowodnione lub nie udowodnione, na jakich w tej mierze oparł się dowodach i dlaczego nie uznał dowodów przeciwnych, zawiera się bodaj na trzech stronach tego dokumentu procesowego zawartych na stronach 33 – 35, gdzie przywołana tamże argumentacja jawi się jako tyleż uboga, co jednostronna, fragmentaryczna i nie w pełni przystająca do treści szeregu istotnych dowodów wprowadzonych do podstawy wyrokowania. Przy tym w niejednokrotnych swych fragmentach zdaje się narażać na zarzut dowolności, nie pozostając w koherencji z zasadami logiki, a także wskazaniami wiedzy i doświadczenia życiowego. W szczególności zaś, już choćby pobieżna lektura tegoż dokumentu procesowego nie dostarcza dostatecznych, a niekiedy jakichkolwiek argumentów, które mogłyby stanowić skuteczną przeciwwagę dla tej, jakże obszernej i rzeczowej argumentacji, jaką przywołał autor apelacji dla wsparcia sformułowanych przez siebie zarzutów odwoławczych.</xText>
          
          <xText>Sąd odwoławczy w treści niniejszego dokumentu procesowego odniesie się wyłącznie do tych zagadnień i okoliczności, które uprawniały do takiego a nie innego rozstrzygnięcia na poziomie postępowania odwoławczego (<xLexLink xArt="art. 436" xIsapId="WDU19970890555" xTitle="Ustawa z dnia 6 czerwca 1997 r. - Kodeks postępowania karnego" xAddress="Dz. U. z 1997 r. Nr 89, poz. 555">art. 436 k.p.k.</xLexLink>), pozostawiając pozostałe, podnoszone w apelacji obrońcy zarzuty oraz leżące u ich podstaw okoliczności i argumenty, sądowi orzekającemu, w zależności od rezultatów ponownie przeprowadzonego postępowania dowodowego, a w ich następstwie przyjętej argumentacji dla uzasadnienia swego stanowiska wyrażonego w końcowym orzeczeniu merytorycznym.</xText>
          
          <xText>Lektura uzasadnienia zaskarżonego wyroku w istocie zdaje się przekonywać co do tego, że sąd pierwszej instancji – co do samej zasady – oparcia dla swego rozstrzygnięcia upatruje przede wszystkim, a niekiedy bodaj wyłącznie, w dość mało krytycznie przeanalizowanych i potraktowanych wyjaśnieniach oskarżonego oraz w mających miarodajnie „wspierać je” zeznaniach śwd. <xAnon>A. J.</xAnon>. Tymczasem, jak się wydaje, tak daleko idący brak krytycyzmu w ocenie dowodów o takim „charakterze” w ogóle, a tych w szczególności, nie wydaje się być z rozlicznych, sygnalizowanych względów uprawniony. Należy bowiem być pomnym tego, że oskarżony – co oczywiste – jest nadzwyczaj żywotnie zainteresowany rozstrzygnięciem niniejszej sprawy, choćby z uwagi na zadawniony, wielopłaszczyznowy i wielowymiarowy konflikt pomiędzy nim a rzeczonymi przedstawicielami banku (naturalnie, podobnie jak jego adwersarze, co tym bardziej winno skłaniać do zachowania szczególnej ostrożności w ocenie dowodów w tej sprawie), lecz i śwd.<xAnon>A. J.</xAnon>jest, a przynajmniej z powodzeniem może być, równie żywotnie zainteresowany udzieleniem wsparcia oświadczeniom procesowym oskarżonego, jak też potrzebą przekonania sądu do swej osoby i swojej wiarygodności. Tym bardziej, że wielce nietransparentny, a wręcz niejasny jest charakter relacji właśnie pomiędzy oskarżonym, a śwd.<xAnon>A. J.</xAnon> jak i rzeczywista rola tego ostatniego w zakresie szeregu, nader istotnych w sprawie okoliczności, np. co do tego, jaka była jego rola w zakresie „losów” aparatu <xAnon>N.</xAnon>? Przyczyn rozlicznych, a tak szczegółowo i skrupulatnie wyszczególnionych w apelacji, rozbieżności w wyjaśnieniach oskarżonego i zeznaniach tegoż świadka może być oczywiście wiele, jednakże istniejący stan rzeczy niechybnie nie uprawnia bynajmniej do utrzymywania, jak czyni to sąd orzekający, że charakter i stan ich oświadczeń procesowych jest taki, że - przynajmniej w chwili obecnej - da się o nich powiedzieć, że są „logiczne, jasne i zgodne” i na ich podstawie można w sposób pewny, wymagany standardami procesu karnego, dokonać takiej właśnie oceny dowodów i takich ustaleń faktycznych, jak uczynił to sąd <xIx>meriti</xIx>.</xText>
          <xText>W tej sprawie, uwzględniając czas mających miejsce krytycznych wydarzeń, należy mieć świadomość mogących występować ewentualnych problemów dowodowych zmierzających do uzupełnienia postępowania dowodowego i ustalenia istotnych w sprawie okoliczności. Jednakże tak długo, jak możność ich przeprowadzenia jawi się jako realna, to rezygnacja z przejawiania inicjatywy dowodowej w tym zakresie jest zdecydowanie nieuzasadniona.</xText>
          <xText>Tak zatem, ze wszech miar zasadny wydaje się być postulat apelującego, aby w salonie operatora<xAnon>(...)</xAnon> sprawdzić – kto i kiedy zapłacił za telefon <xAnon>N.</xAnon>o tym numerze seryjnym, a także czy i kto pokwitował jego odbiór po podpisaniu aneksu z 30 marca 2005 r.? Ustalenie tych okoliczności mogłoby bowiem w nader znaczący sposób ułatwić weryfikację oświadczeń procesowych wszystkich poszczególnych uczestników krytycznych wydarzeń (por. szerzej s. 5, 7 apelacji).</xText>
          <xText>W konsekwencji, trudno odmówić racji autorowi apelacji także co do tego, że w drodze przeprowadzenia dowodów z dokumentów, można pokusić się również o ustalenie warunków, na jakich obydwa rzeczone telefony zostały sprzedane bankowi (w ramach promocji?), jak też kto kwitował ich odbiór? Tym samym, możliwej i niezbędnej weryfikacji wymaga tą drogą ten fragment linii obrony oskarżonego, wedle którego to on (jako osoba fizyczna) miał być nabywcą (samego) aparatu <xAnon>S.</xAnon>, albowiem bank miał być zainteresowany wyłącznie kartą SIM – (por. także s. 6, 8 apelacji; por. protokół z rozprawy z 2.06.2010 r.). Przy czym, również zagadnienie dotyczące ceny, jaką miał uiścić oskarżony za aparat, również nie może pozostać poza obszarem krytycznej analizy Sądu pierwszej instancji (vide s. 15 i 17 apelacji). Sam fakt dysponowania przez oskarżonego stosownym upoważnieniem niczego w tym względzie jeszcze nie przesądza i wszelkie dalsze zagadnienia podnoszone tak licznie i szczegółowo przez obrońcę oskarżonego, a które wymagają udzielenia na nie odpowiedzi i następnego precyzyjnego odniesienia się doń, w pełni zachowują swą aktualność, w tym także te, które wiążą się z okolicznościami, w jakich bank dowiedział się o braku w stanie środków trwałych rzeczonych aparatów (s. 11 apelacji).</xText>
          <xText>Przy czym, zdaje się nie wytrzymywać krytyki i ten argument Sądu <xIx>meriti</xIx>, że fakt regulowania przez bank należności z tytułu abonamentów telefonicznych na podstawie umowy o świadczenie usług telekomunikacyjnych (a przecież nie aneksu z 30 marca 2005 r.), nie musi jeszcze dowodzić, że upoważnieni przedstawiciele banku mieliby mieć wiedzę, a tym samym oczekiwaną przez obronę swoistą „powinność” potwierdzenia okoliczności deklarowanych przez <xAnon>D. K.</xAnon>, by nie zostać uznanymi za zeznających fałszywie.</xText>
          
          <xText>Sąd <xIx>a quo</xIx> wydając wyrok, a następnie konstruując jego uzasadnienie, żadną miarą nie może uniknąć powinności ustosunkowania się do wszystkich tych zagadnień, jakie obrońca oskarżonego podniósł w odniesieniu do treści zeznań śwd. <xAnon>A. J.</xAnon> a w konsekwencji ich wartości dowodowej (vide s. 14 – 15 apelacji i in.), naturalnie zawsze w zestawieniu z treścią wyjaśnień samego oskarżonego co do wszelakich, istotnych dla sprawy okoliczności. Z pewnością zaś, aktualnie taka treść zeznań tegoż świadka bynajmniej żadną miarą nie pozwala nie przyznać racji autorowi apelacji także w tych jej fragmentach, w których podnosi się, że zeznania te (wespół z treścią wyjaśnień oskarżonego), bynajmniej „nie musiałyby” prowadzić do zdeprecjonowanie zeznań – <xAnon>A. T.</xAnon>czy <xAnon>T. K.</xAnon>, zwłaszcza, że za tak postawioną w uzasadnieniu wyroku tezą nie podąża choćby w jakimkolwiek stopniu pogłębiona argumentacja (vide s. 26 i 31 uzasadnienia).</xText>
          <xText>Oczywiste jest, że w polu widzenia należy mieć nieustannie i te okoliczności, jakie wiążą się z zadawnioną i nader zaawansowaną sytuacją konfliktową pomiędzy oskarżonym a <xAnon>A. T.</xAnon> (vide rozliczne postępowania wdrażane w odniesieniu do <xAnon>D. K.</xAnon>), jednakowoż powyższe samo przez się nie może jeszcze w taki, jakże uproszczony sposób, jak uczynił to Sąd Rejonowy, skutkować oceną istotnych w sprawie, a omawianych dowodów.</xText>
          <xText>Sąd orzekający, dokonując oceny wyjaśnień oskarżonego, musi odnieść się także do wszystkich tych sprzeczności, bądź niejasności zawartych w ich treści, jak również ich rozbieżności z rozlicznymi dalszymi dowodami, na które równie szczegółowo wskazuje autor niniejszego środka odwoławczego, a których nie ma powodu ponownie szczegółowo wyliczać (vide np. s. 18 i nast. apelacji).</xText>
          <xText>Nawiasem mówiąc, fakt ujawnienia podczas przeszukania aparatu <xAnon>S.</xAnon> w miejscu zamieszkania <xAnon>D. K.</xAnon>jawi się w tych okolicznościach jako nader znamienny, a jego wyjaśnienia co do powodów tego stanu rzeczy muszą być poddane ocenie z zachowaniem najdalej idącej ostrożności i krytycyzmu.</xText>
          <xText>Niepodobna przejść do porządku również nad deklarowanymi przez oskarżonego powodami, dla których obydwa aparaty telefoniczne nie zostały przezeń wprowadzone do wykazu środków trwałych, zarówno tego pisemnego, jak i prowadzonego w drodze elektronicznej. Natomiast, nawiasem tylko mówiąc, nawet gdyby oskarżony miał nabyć, jak utrzymuje, dla siebie, za własne pieniądze aparat <xAnon>S.</xAnon> (czemu – jak się zdaje – całkowicie bezkrytycznie dano wiarę), to warunki na jakich tego zakupu dokonywano, także zdawały się do tego nie uprawniać, a w konsekwencji zwalniać od uznania, że w tych okolicznościach nie tylko karta SIM, ale i sam aparat mógł i winien był stanowić wyłącznie własność banku. Najistotniejsze zaś, przy dokonywaniu oceny wyjaśnień oskarżonego, jest m.in. właśnie to, o czym wspomniano wyżej, że oskarżony nie potrafi podać jakiegokolwiek racjonalnego powodu, który miałby przywieść go do odstąpienia od dopełnienia wzmiankowanych powinności.</xText>
          <xText>Pozostaje zgodzić się również z tym zarzutem odwoławczym, w którym kwestionuje się powody podważenia wiarygodności zeznań śwd. <xAnon>T. D.</xAnon>. Niechybnie sam fakt, że świadek ten nie pracował w centrali banku, jako taki jeszcze do takiego wniosku nie uprawniał (s. 3 i 10 apelacji).</xText>
          <xText>Jeśli postrzegać materiał dowody kompleksowo, w jego całokształcie i wzajemnym względem siebie powiązaniu, a w realiach tej sprawy wydaje się to szczególnie pożądane, jeśli nie rzec konieczne, to niepodobna jest przejść do porządku, a przynajmniej nie poddać równie szczegółowej i wnikliwej ocenie i tych dowodów oraz wynikających z nich ustaleń, jakie dotyczą okoliczności, w jakich telefon <xAnon>N.</xAnon>bodaj „natychmiast” po jego zakupie znalazł się w komisie, a następnie w rękach osoby postronnej, handlarza telefonami komórkowymi – <xAnon>S. W.</xAnon>. Także ta okoliczność musi powodować najdalej idącą ostrożność w ocenie także tych fragmentów wyjaśnień oskarżonego, jak i zeznań śwd. <xAnon>A. J.</xAnon></xText>
          
          <xText>W tym miejscu nie będzie od rzeczy przypomnieć i tych wskazań i związanych z nimi argumentów, jakie przytoczył sąd odwoławczy w odniesieniu do kluczowych dla sprawy dowodów, uchylając pierwotnie zaskarżony wyrok, do których także w tym zakresie pozostaje ponownie odesłać Sąd pierwszej instancji, a które żądną miarą nie mogą, jak się to obecnie stało, pozostać poza obszarem zainteresowania i wnikliwej oceny ze strony Sądu <xIx>a quo</xIx> (vide k. 7 – 10 uzasadnienia wyroku SO – k. 738 i nast.).</xText>
          
          <xText>Tak zatem, już tylko te okoliczności musiały implikować uchylenie zaskarżonego wyroku i przekazanie sprawy Sądowi pierwszej instancji do ponownego rozpoznania.</xText>
          
          <xText>Sąd ten, ponownie rozpoznając sprawę, skorzysta z tej możliwości procesowej, jaka będzie możliwa, a jaką przewiduje treść przepisu <xLexLink xArt="art. 442;art. 442 § 2" xIsapId="WDU19970890555" xTitle="Ustawa z dnia 6 czerwca 1997 r. - Kodeks postępowania karnego" xAddress="Dz. U. z 1997 r. Nr 89, poz. 555">art. 442 § 2 k.p.k.</xLexLink>, przy czym uzupełni materiał dowodowy we wskazanym zakresie, po czym, w przypadku zaistnienia takowej potrzeby, sporządzi uzasadnienie wyroku, które będzie spełniało wymogi przewidziane dlań treścią przepisu <xLexLink xArt="art. 424" xIsapId="WDU19970890555" xTitle="Ustawa z dnia 6 czerwca 1997 r. - Kodeks postępowania karnego" xAddress="Dz. U. z 1997 r. Nr 89, poz. 555">art. 424 k.p.k.</xLexLink> i będzie odnosiło się, w sposób przewidziany treścią przepisu <xLexLink xArt="art. 7" xIsapId="WDU19970890555" xTitle="Ustawa z dnia 6 czerwca 1997 r. - Kodeks postępowania karnego" xAddress="Dz. U. z 1997 r. Nr 89, poz. 555">art. 7 k.p.k.</xLexLink>, do wszystkich tych okoliczności, jakie zawarte zostały powyżej, a także w cyt. wyroku Sądu Okręgowego z 4 grudnia 2009 r. (k. 734 – 740), jak też tych dalszych, licznych argumentów, do jakich odwołał się autor apelacji we wszelkich kolejnych fragmentach swego środka odwoławczego.</xText>
        </xUnit>
      </xBlock>
    </xPart>
  </judgement>
<judgement id="151500000001521_III_AUa_002346_2012_Uz_2013-09-19_001">
    <xPart xEditorFullName="Radosław Gaj" xYear="2012" xLang="PL" xPublisherFullName="Lidia Sznurawa" xFromPg="1" xEditor="rgaj" xVolType="15/150000/0001521/AUa" xPublisher="lsznurawa" xDocType="Uz" xVolNmbr="002346" xVersion="1.0" xToPage="1" xFlag="published">
      <xName>Wyrok+Uzasadnienie</xName>
      <xBlock>
        <xText>Sygn. akt III AUa 2346/12</xText>
        <xUnit xIsTitle="true" xType="part" xBold="true">
          <xName>WYROK</xName>
          <xTitle>W IMIENIU RZECZYPOSPOLITEJ POLSKIEJ</xTitle>
          <xText xALIGNx="right">Dnia 19 września 2013 r.</xText>
          
          <xText><xBx>Sąd Apelacyjny w Katowicach</xBx> III Wydział Pracy i Ubezpieczeń Społecznych</xText>
          <xText>w składzie:</xText>
          <xRows>
            <xCOLGROUPx>
              <xCOLx xWIDTHx="167"/>
              <xCOLx xWIDTHx="498"/>
            </xCOLGROUPx>
            <xRow>
              <xClmn xALIGNx="left" xVALIGNx="top">
                <xText>Przewodniczący</xText>
              </xClmn>
              <xClmn xALIGNx="left" xVALIGNx="top">
                <xText>SSA Irena Goik (spr.)</xText>
              </xClmn>
            </xRow>
            <xRow>
              <xClmn xALIGNx="left" xVALIGNx="top">
                <xText>Sędziowie</xText>
              </xClmn>
              <xClmn xALIGNx="left" xVALIGNx="top">
                <xText>SSO del. Gabriela Pietrzyk - Cyrbus</xText>
                <xText>SSA Marek Żurecki</xText>
              </xClmn>
            </xRow>
            <xRow>
              <xClmn xALIGNx="left" xVALIGNx="top">
                <xText>Protokolant</xText>
              </xClmn>
              <xClmn xALIGNx="left" xVALIGNx="top">
                <xText>Ewa Bury</xText>
              </xClmn>
            </xRow>
          </xRows>
          <xText>po rozpoznaniu w dniu 19 września 2013r. w Katowicach</xText>
          <xText>sprawy z odwołania <xAnon>J. M.</xAnon> (<xAnon>J. M.</xAnon> )</xText>
          <xText>przeciwko Zakładowi Ubezpieczeń Społecznych Oddział w <xAnon>Z.</xAnon></xText>
          <xText>o prawo do emerytury</xText>
          <xText>na skutek apelacji Zakładu Ubezpieczeń Społecznych Oddział w <xAnon>Z.</xAnon></xText>
          <xText>od wyroku Sądu Okręgowego - Sądu Pracy i Ubezpieczeń Społecznych w Gliwicach</xText>
          <xText>z dnia 11 września 2012r. sygn. akt VIII U 456/12</xText>
          <xText xALIGNx="center">
            <xBx>oddala apelację.</xBx>
          </xText>
          
          <xText>/-/SSO del.G.Pietrzyk-Cyrbus /-/SSA I.Goik /-/SSA M.Żurecki
  </xText>
          <xText>Sędzia Przewodniczący Sędzia</xText>
          
          <xText>Sygn. akt III AUa 2346/12</xText>
        </xUnit>
        <xUnit xIsTitle="true" xType="part" xBold="true">
          <xName>UZASADNIENIE</xName>
          <xText>Decyzją z dnia 7 lutego 2012 roku Zakład Ubezpieczeń Społecznych Oddział <xBRx/>w <xAnon>Z.</xAnon> odmówił ubezpieczonemu <xAnon>J. M.</xAnon> prawa do emerytury powołując się na przepis <xLexLink xArt="art. 184" xIsapId="WDU19981621118" xTitle="Ustawa z dnia 17 grudnia 1998 r. o emeryturach i rentach z Funduszu Ubezpieczeń Społecznych" xAddress="Dz. U. z 1998 r. Nr 162, poz. 1118">art. 184 ustawy z dnia 17 grudnia 1998 roku o emeryturach i rentach <xBRx/>z Funduszu Ubezpieczeń Społecznych</xLexLink> (obecnie tekst jednolity Dz. U. z 2009 roku <xBRx/>nr 153 poz. 1227 ze zm.) oraz <xLexLink xArt="§ 4" xIsapId="WDU19830080043" xTitle="Rozporządzenie Rady Ministrów z dnia 7 lutego 1983 r. w sprawie wieku emerytalnego oraz wzrostu emerytur i rent inwalidzkich dla pracowników zatrudnionych w szczególnych warunkach lub w szczególnym charakterze" xAddress="Dz. U. z 1983 r. Nr 8, poz. 43">§ 4 rozporządzenia Rady Ministrów z dnia 7 lutego 1983 roku w sprawie wieku emerytalnego pracowników zatrudnionych <xBRx/>w szczególnych warunkach lub w szczególnym charakterze</xLexLink> (Dz. U. z 1983 roku nr 8 poz. 43 ze zm.).</xText>
          <xText>Organ rentowy podniósł, iż ubezpieczony udowodnił jedynie 6 lat 3 miesiące <xBRx/>i 3 dni stażu pracy w szczególnych warunkach/charakterze.</xText>
          <xText>Odwołanie od przedstawionej decyzji wniósł ubezpieczony domagając się przyznania prawa do spornego świadczenia oraz argumentując, że w okresie od <xBRx/>18 lutego 1980 roku do 31 sierpnia 1992 roku wykonywał zatrudnienie jako operator sprzętu budowlanego maszynista maszyn budowlanych + betoniarz (operator betoniarni) w <xAnon> (...) Przedsiębiorstwie (...)</xAnon> w <xAnon>R.</xAnon> oraz <xBRx/>od 1 września 1992 roku do 30 kwietnia 2004 roku jako maszynista maszyn budowlanych + betoniarz (operator betoniarni).</xText>
          <xText>W odpowiedzi na odwołanie organ rentowy wniósł o jego oddalenie podtrzymując stanowisko wyrażone w zaskarżonej decyzji.</xText>
          <xText>Wyrokiem z dnia 11 września 2012 roku Sąd Okręgowy w Gliwicach zmienił zaskarżoną decyzję w ten sposób, iż przyznał ubezpieczonemu prawo do emerytury <xBRx/>z tytułu wykonywania pracy w warunkach szczególnych począwszy od ukończenia <xBRx/>60 lat życia.</xText>
          <xText>Sąd pierwszej instancji ustalił, że ubezpieczony <xAnon>J. M.</xAnon> urodził się dnia <xBRx/><xAnon>(...)</xAnon> roku, a w dniu 14 grudnia 2011 roku złożył wniosek o przyznanie prawa do wcześniejszej emerytury z tytułu wykonywania pracy w warunkach szczególnych. Z dokonanych przez Sąd ustaleń wynika również, iż ubezpieczony 60 lat życia ukończył <xAnon>(...)</xAnon> roku, na dzień 1 stycznia 1999 roku legitymuje się okresem składkowym i nieskładkowym w wymiarze ponad 25 lat. Ubezpieczony nie przedstawił świadectw pracy w warunkach szczególnych. W spornym okresie od dnia 18 grudnia 1980 roku do dnia 31 sierpnia 1992 roku ubezpieczony był zatrudniony <xBRx/>w <xAnon> (...) Przedsiębiorstwie (...)</xAnon> w <xAnon>R.</xAnon> gdzie pracował jako operator sprzętu budowlanego, maszynista maszyn budowlanych, betoniarz.</xText>
          <xText>Z ustaleń Sądu wynika, że w kolejnym okresie spornym od dnia 1 września 1992 roku do dnia 14 marca 2006 roku ubezpieczony był zatrudniony w <xAnon>(...)</xAnon> Przedsiębiorstwie <xAnon>(...)</xAnon> S.A. w <xAnon>G.</xAnon> i wykonywał pracę w warunkach szczególnych jako maszynista zespołów maszyn do produkcji mas bitumicznych i mas betonowych - robotnik budowlany. Powyższe zatrudnienie zostało potwierdzone w świadectwie pracy z dnia 14 marca 2006 roku, z którego wynika, <xBRx/>iż ubezpieczony wykonywał pracę w warunkach szczególnych od dnia 1 września 1992 roku do dnia 30 kwietnia 2004 roku. Zdaniem Sądu ubezpieczony w okresie <xBRx/>od dnia 18 lutego 1980 roku do dnia 31 sierpnia 1992 roku świadczył stale pracę <xBRx/>w trudnych warunkach z narażeniem na utratę zdrowia, a zatem niewątpliwie <xBRx/>w warunkach szczególnych.</xText>
          <xText>Według oceny Sądu pierwszej instancji postępowanie dowodowe <xBRx/>w przedmiotowej sprawie wykazało, iż ubezpieczony spełnia wszystkie przesłanki określone w art. 184 w zw. z art. 32 ustawy emerytalnej do przyznania prawa do wcześniejszej emerytury bowiem bez wątpienia przed dniem 1 stycznia 1999 roku <xBRx/>co najmniej przez okres 15 lat wykonywał pracę w szczególnych warunkach.</xText>
          <xText>Mając powyższe na uwadze Sąd pierwszej instancji orzekł jak w sentencji.</xText>
          <xText>Apelację od wskazanego rozstrzygnięcia wniósł organ rentowy.</xText>
          <xText>Zaskarżył opisany wyrok w całości zarzucając naruszenie art. 184 ustawy emerytalnej przez jego błędną wykładnię i niewłaściwe zastosowanie.</xText>
          <xText>W oparciu o przedstawiony zarzut wniósł o zmianę zaskarżonego wyroku <xBRx/>w całości i oddalenie odwołania ubezpieczonego.</xText>
          <xText>Skarżący argumentował, że Sąd uznając powyższy okres jako prace <xBRx/>w szczególnych warunkach wymienione w wykazie A będącym załącznikiem do <xLexLink xArt="" xIsapId="WDU19830080043" xTitle="Rozporządzenie Rady Ministrów z dnia 7 lutego 1983 r. w sprawie wieku emerytalnego oraz wzrostu emerytur i rent inwalidzkich dla pracowników zatrudnionych w szczególnych warunkach lub w szczególnym charakterze" xAddress="Dz. U. z 1983 r. Nr 8, poz. 43">Rozporządzenia Rady Ministrów z dnia 7 lutego 1983 roku w sprawie wieku emerytalnego pracowników zatrudnionych w szczególnych warunkach lub <xBRx/>w szczególnym charakterze</xLexLink> nie wskazał w jakim dziale sporne stanowiska zostały wyszczególnione.</xText>
          <xText>W odpowiedzi na odwołanie organ rentowy wniósł o jego oddalenie.</xText>
          
          <xText>
            <xBx>Sąd Apelacyjny zważył, co następuje:</xBx>
          </xText>
          <xText>
            <xBx> Apelacja jest niezasadna.</xBx>
          </xText>
          
          <xText>Zdaniem Sądu Apelacyjnego, Sąd Okręgowy przeprowadził prawidłowe postępowanie dowodowe, nie naruszył przepisów prawa materialnego ani postępowania w tym <xLexLink xArt="art. 233;art. 233 § 1" xIsapId="WDU19640430296" xTitle="Ustawa z dnia 17 listopada 1964 r. - Kodeks postępowania cywilnego" xAddress="Dz. U. z 1964 r. Nr 43, poz. 296">art. 233 § 1 k.p.c.</xLexLink>, zaś poczynione przez niego ustalenia faktyczne Sąd drugiej instancji podziela i przyjmuje za swoje.</xText>
          <xText>Sporną w rozpoznawanej sprawie kwestią było ustalenie czy na dzień 1 stycznia 1999 r. ubezpieczony legitymował się wymaganym co najmniej 15-letnim okresem pracy w szczególnych warunkach oraz czy spełniał przesłanki do przyznania prawa do emerytury w obniżonym wieku emerytalnym na podstawie <xLexLink xArt="art. 184" xIsapId="WDU19981621118" xTitle="Ustawa z dnia 17 grudnia 1998 r. o emeryturach i rentach z Funduszu Ubezpieczeń Społecznych" xAddress="Dz. U. z 1998 r. Nr 162, poz. 1118">art. 184 ustawy z dnia <xBRx/>17 grudnia 1998 r. o emeryturach i rentach z Funduszu Ubezpieczeń Społecznych</xLexLink>, <xBRx/>m.in. warunek posiadania 25-letniego okresu składkowego i nieskładkowego <xBRx/>(tekst jedn.: Dz. U. z 2009 r. nr 153, poz. 1227 - dalej zwanej ustawą).</xText>
          
          <xText>Zaskarżoną decyzją z dnia 7 lutego 2012 roku organ rentowy uznał ubezpieczonemu 6 la t 3 miesiące i 3 dni pracy w szczególnych warunkach.</xText>
          <xText>Przepis art. 184 ustawy w sposób odrębny i szczególny uregulował sytuację prawną ubezpieczonych urodzonych po dniu 31 grudnia 1948 r., którzy w dniu wejścia w życie ustawy - 1 stycznia 1999 r., legitymowali się okresem zatrudnienia <xBRx/>w szczególnych warunkach lub w szczególnym charakterze wymaganym w przepisach dotychczasowych do nabycia prawa do emerytury w wieku niższym niż 60 lat - dla kobiet i 65 lat - dla mężczyzn oraz okresem składkowym i nieskładkowym, o którym mowa w art. 27 ustawy, gwarantując im prawo do nabycia emerytury po osiągnięciu wieku przewidzianego w art. 32.</xText>
          <xText>Dodatkowo prawo do świadczenia obwarowano nieprzystąpieniem do otwartego funduszu emerytalnego. Intencją ustawodawcy było zapewnienie nabycia uprawnień emerytalnych dla tej kategorii ubezpieczonych, którzy w chwili wejścia <xBRx/>w życie ustawy spełniali wymagane warunki stażu, w tym stażu pracy w szczególnych warunkach, za wyjątkiem wieku emerytalnego przewidzianego w art. 32 ustawy. Sytuacja ubezpieczonych, wskazanych w art. 184, opisywana w doktrynie jako ekspektatywa prawa podmiotowego, polega na spełnieniu się tylko części stanu faktycznego koniecznego do nabycia prawa, które poprzedza i zabezpiecza przyszłe prawo podmiotowe, realizowane po osiągnięciu wieku emerytalnego.</xText>
          <xText>Ustalenie czy wykonywane obowiązki pracownicze były realizowane <xBRx/>w szczególnych warunkach lub szczególnym charakterze podlega ocenie na podstawie przepisów <xLexLink xArt="" xIsapId="WDU19830080043" xTitle="Rozporządzenie Rady Ministrów z dnia 7 lutego 1983 r. w sprawie wieku emerytalnego oraz wzrostu emerytur i rent inwalidzkich dla pracowników zatrudnionych w szczególnych warunkach lub w szczególnym charakterze" xAddress="Dz. U. z 1983 r. Nr 8, poz. 43">rozporządzenia Rady Ministrów z dnia 7 lutego 1983 r. w sprawie wieku emerytalnego pracowników zatrudnionych w szczególnych warunkach lub <xBRx/>w szczególnym charakterze</xLexLink> (Dz. U. z 1983 r. nr 8, poz. 43 - zwane dalej rozporządzeniem). W myśl § 2 ust. 1 powołanego rozporządzenia okresami pracy uzasadniającymi prawo do świadczeń na zasadach określonych w rozporządzeniu są okresy, w których praca w szczególnych warunkach lub w szczególnym charakterze jest wykonywana stale i w pełnym wymiarze czasu pracy obowiązującym na danym stanowisku pracy. Z kolei § 4 ust. 1 pkt 1 i 3 rozporządzenia określa przesłanki, których łączne spełnienie przez pracownika, warunkuje nabycie prawa do emerytury <xBRx/>z tytułu pracy w szczególnych warunkach, a to osiągnięcie wieku emerytalnego wynoszącego: 55 lat dla kobiet i 60 lat dla mężczyzn oraz wykazanie wymaganego okresu zatrudnienia, w tym co najmniej 15 lat pracy w szczególnych warunkach.</xText>
          <xText>W rozpoznawanej sprawie rozważenia wymaga kwestia, czy ubezpieczonemu może być zaliczony do okresu składkowego okres od 18 grudnia 1980 roku <xBRx/>do 31 sierpnia 1992 roku w <xAnon> (...) Przedsiębiorstwie (...)</xAnon> w <xAnon>R.</xAnon>.</xText>
          <xText>W związku z powyższym także zdaniem Sądu Odwoławczego ten okres zatrudnienia ubezpieczonego może być uznany jako praca w szczególnych warunkach wymieniona w wykazie A Dział V pkt 4 - prace zbrojarskie i betoniarskie.</xText>
          
          <xText>Powyższe ustalenie wynika z akt osobowych ubezpieczonego oraz przesłuchania jego samego. Należy jeszcze raz podkreślić, że decydujące znaczenie ma charakter wykonywanych czynności a ubezpieczony w toku postępowania wiarygodnie wskazywał, że przez cały okres sporny był operatorem betoniarki <xBRx/>(vide k. 41 akt sądowych).</xText>
          <xText>Skoro ubezpieczony spełnił warunki do przyznania emerytury określone <xBRx/>w art. 184 ustawy emerytalnej, a mianowicie posiadanie 25-letniego okresu składkowego i nieskładkowego oraz 15 lat pracy w szczególnych warunkach na dzień 1 stycznia 1999 r., tym samym należy przyznać mu prawo do spornego świadczenia.</xText>
          <xText>Mając powyższe na uwadze Sąd Apelacyjny na mocy <xLexLink xArt="art. 385" xIsapId="WDU19640430296" xTitle="Ustawa z dnia 17 listopada 1964 r. - Kodeks postępowania cywilnego" xAddress="Dz. U. z 1964 r. Nr 43, poz. 296">art. 385 k.p.c.</xLexLink> orzekł jak w sentencji.</xText>
          
          <xText>/-/SSO del.G.Pietrzyk-Cyrbus /-/SSA I.Goik /-/SSA M.Żurecki
  </xText>
          <xText>Sędzia Przewodniczący Sędzia</xText>
          
          <xText>ek</xText>
        </xUnit>
      </xBlock>
    </xPart>
  </judgement>
<judgement id="152500000001521_III_AUa_000320_2013_Uz_2013-09-05_001">
    <xPart xEditorFullName="Dorota Szubska" xYear="2013" xLang="PL" xPublisherFullName="Dorota Szubska" xFromPg="1" xEditor="szubdoro" xVolType="15/250000/0001521/AUa" xPublisher="szubdoro" xDocType="Uz" xVolNmbr="000320" xVersion="1.0" xToPage="21" xFlag="published">
      <xName>Wyrok+Uzasadnienie</xName>
      <xBlock>
        <xText>Sygn. akt: III AUa 320/13</xText>
        
        <xUnit xIsTitle="true" xBold="true" xType="part">
          <xName>WYROK</xName>
          <xTitle>W IMIENIU RZECZYPOSPOLITEJ POLSKIEJ</xTitle>
          <xText xALIGNx="right">Dnia 19 września 2013 r.</xText>
          <xText>Sąd Apelacyjny w Łodzi, III Wydział Pracy i Ubezpieczeń Społecznych</xText>
          <xText>w składzie: Przewodniczący: SSA Jacek Zajączkowski</xText>
          <xText>Sędziowie: SSA Janina Kacprzak</xText>
          <xText>SSA Anna Szczepaniak-Cicha (spr.)</xText>
          <xText>Protokolant: sekr. sądowy Aleksandra Słota</xText>
          <xText>po rozpoznaniu w dniu 5 września 2013 r. w Łodzi</xText>
          <xText>sprawy <xBx><xAnon> Przedsiębiorstwa (...) Spółki z ograniczoną odpowiedzialnością</xAnon> w <xAnon>S.</xAnon> przy udziale zainteresowanych <xAnon>K. S.</xAnon>, <xAnon>G. S.</xAnon>, <xAnon>Z. B.</xAnon>, <xAnon>J. B.</xAnon>, <xAnon>D. B.</xAnon>, <xAnon>M. B.</xAnon>, <xAnon>R. B.</xAnon>, <xAnon>S. C.</xAnon>, <xAnon>S. B.</xAnon>, <xAnon>J. R.</xAnon>, <xAnon>R. R.</xAnon>, <xAnon>W. S.</xAnon> i <xAnon>J. S.</xAnon></xBx></xText>
          <xText>przeciwko <xBx> Zakładowi Ubezpieczeń Społecznych Oddziałowi w <xAnon>T.</xAnon></xBx></xText>
          <xText>o ustalenie podstawy wymiaru składek,</xText>
          <xText>na skutek apelacji <xAnon> Przedsiębiorstwa (...) Spółki z ograniczoną odpowiedzialnością</xAnon> w <xAnon>S.</xAnon></xText>
          <xText>od wyroków Sądu Okręgowego w Łodzi</xText>
          <xText>z dnia 19 grudnia 2012 r., sygn. akt VIII U 3498/12 i VIII U 3509/12 i z dnia 21 grudnia 2012 r., sygn. akt VIII U 3468/12;</xText>
          
          <xText xALIGNx="center">
            <xBx>oddala apelacje.</xBx>
          </xText>
          <xText>Sygn. akt III AUa 320/13</xText>
        </xUnit>
        <xUnit xIsTitle="true" xBold="true" xType="part">
          <xName>UZASADNIENIE</xName>
          <xText>Decyzjami z dnia 23 lipca 2012 roku nr <xAnon> (...)</xAnon>, z dnia 24 lipca 2012 roku Nr <xAnon> (...)</xAnon>, Nr <xAnon> (...)</xAnon> oraz z dnia 25 lipca 2012 roku Nr <xAnon> (...)</xAnon>, Nr <xAnon> (...)</xAnon> i Nr <xAnon> (...)</xAnon>, Nr <xAnon> (...)</xAnon>, Nr <xAnon> (...)</xAnon> i Nr <xAnon> (...)</xAnon>, z dnia 30 lipca 2012 roku Nr <xAnon> (...)</xAnon> oraz z dnia 3 sierpnia 2012 roku Nr <xAnon> (...)</xAnon>, Nr <xAnon> (...)</xAnon> i Nr <xAnon> (...)</xAnon> Zakład Ubezpieczeń Społecznych Oddział w <xAnon>T.</xAnon> ustalił podstawy wymiaru składek na ubezpieczenia społeczne: emerytalne i rentowe, chorobowe i wypadkowe oraz ubezpieczenie zdrowotne pracowników <xAnon> (...) Spółki z o.o.</xAnon> z siedzibą w <xAnon>S.</xAnon>: <xAnon>J. R.</xAnon>, <xAnon>R. R.</xAnon>, <xAnon>J. S.</xAnon> i <xAnon>W. S.</xAnon> w miesiącach: grudniu 2007 roku, kwietniu 2008 roku, grudniu 2008 roku, kwietniu 2009 roku, kwietniu 2010 roku i lipcu 2010 roku, <xAnon>S. B.</xAnon> w miesiącach: grudniu 2007 roku, grudniu 2008 roku i lipcu 2010 roku, <xAnon>K. S.</xAnon>, <xAnon>Z. B.</xAnon>, <xAnon>G. S.</xAnon> i <xAnon>J. B.</xAnon> w miesiącach: grudniu 2007 roku, kwietniu 2008 roku, grudniu 2008 roku, kwietniu 2009 roku, kwietniu 2010 roku i lipcu 2010 roku, <xAnon>D. B.</xAnon>, <xAnon>S. C.</xAnon>, <xAnon>M. B.</xAnon> w miesiącach: grudniu 2007 roku, kwietniu 2008 roku, grudniu 2008 roku, kwietniu 2009 roku, kwietniu 2010 roku i lipcu 2010 roku, <xAnon>R. B.</xAnon> w miesiącu: kwietniu 2010 roku.</xText>
          <xText>Organ rentowy podniósł, że przeprowadzona kontrola wykazała, iż płatnik składek w latach 2007 - 2010 zaniżył wymienione w poszczególnych decyzjach podstawy wymiaru składek, gdyż nie uwzględnił udzielonej tym pracownikom pomocy finansowej i rzeczowej - pieniężnej w postaci bonów z okazji Świąt Bożego Narodzenia i Świąt Wielkanocnych, dofinansowania do wypoczynku letniego oraz umorzenia przyznanych pożyczek mieszkaniowych, które to świadczenia zostały wypłacone z Zakładowego Funduszu Świadczeń Socjalnych. Organ rentowy argumentował, że świadczenia te nie miały charakteru socjalnego, lecz stanowiły przychód tych pracowników podlegający oskładkowaniu, albowiem sporne świadczenia płatnik przyznawał pracownikom w jednakowej wysokości bez dokonania indywidualnej analizy sytuacji socjalnej i rodzinnej ubezpieczonych. Wobec powyższego organ rentowy uznał, że należy od tego przychodu w przypadku wskazanych w decyzjach pracowników uiścić składki na ubezpieczenia społeczne i ubezpieczenie zdrowotne.</xText>
          <xText>Płatnik składek odwołał się od wymienionych decyzji wnosząc o ich zmianę, poprzez ustalenie, że podstawa wymiaru składek na ubezpieczenia społeczne oraz ubezpieczenie zdrowotne została prawidłowo ustalona, a także o zasądzenie od organu rentowego na rzecz odwołującego kosztów zastępstwa procesowego według norm przepisanych. Organ rentowy w odpowiedziach na odwołania wniósł o ich oddalenie wywodząc jak w uzasadnieniach zaskarżonych decyzji.</xText>
          <xText>Zaskarżonymi wyrokami z dnia: 19 grudnia 2012 roku wydanym w sprawie VIII U 3498/12, 19 grudnia 2012 roku wydanym w sprawie VIII U 3509/12, 21 grudnia 2012 roku wydanym w sprawie VIII U 3468/12 - Sąd Okręgowy w Łodzi oddalił odwołania płatnika.</xText>
          <xText>Postanowieniami dnia 5 września 2013 roku Sąd Apelacyjny w Łodzi zarządził połączenie spraw sygn. akt III AUa 371/13 i III AUa 372/13 ze sprawą sygn. akt III AUa 370/13 celem ich łącznego rozpoznania i rozstrzygnięcia w trybie <xLexLink xArt="art. 219" xIsapId="WDU19640430296" xTitle="Ustawa z dnia 17 listopada 1964 r. - Kodeks postępowania cywilnego" xAddress="Dz. U. z 1964 r. Nr 43, poz. 296">art. 219 k.p.c.</xLexLink> (k.154 sprawy III AUa 321/13; k.175 sprawy III AUa 322/13).</xText>
          
          <xText>Wydając zaskarżone wyroki Sąd Okręgowy ustalił następujący stan faktyczny:</xText>
          <xText><xAnon> Przedsiębiorstwo (...) Spółka z ograniczoną odpowiedzialnością</xAnon> z siedzibą w <xAnon>S.</xAnon>, jako pracodawca i płatnik składek jest zobowiązana do odprowadzania składek do ZUS z tytułu ubezpieczeń społecznych pracowników, tj. ubezpieczenia emerytalnego, rentowych, chorobowego i wypadkowego oraz ubezpieczenia zdrowotnego.</xText>
          <xText>W latach 2007 - 2010 obowiązywał u płatnika składek Regulamin Zakładowego Funduszu Świadczeń Socjalnych z dnia 27 lutego 2002 roku (dalej regulamin), zmieniony <xAnon>aneksem nr (...)</xAnon> z dnia 7 kwietnia 2004 roku, w którym określono zasady i warunki przyznawania świadczeń socjalnych pracownikom odwołującego. W regulaminie wśród świadczeń socjalnych, które mogą zostać przyznane pracownikom, przewidziano m.in. dofinansowanie wczasów pracowniczych krajowych lub zagranicznych, świadczenia rzeczowe dla pracowników z okazji Świąt Bożego Narodzenia i Wielkanocy, a także pożyczki mieszkaniowe (§ 2 regulaminu). Zgodnie z § 5 pkt 4 i 5 regulaminu, przyznanie ulgowych usług i świadczeń oraz wysokość dopłat uzależniona jest od sytuacji życiowej, rodzinnej i materialnej osoby uprawnionej, a pomoc może być udzielona po upływie pełnego roku kalendarzowego pracy w <xAnon> Przedsiębiorstwie (...)</xAnon> w <xAnon>S.</xAnon>. W § 15 regulaminu zastrzeżono, że przy przyznawaniu świadczeń w ramach działalności socjalnej uwzględnia się w pierwszej kolejności następujące kryteria: sytuację życiową, rodzinną i materialną, uciążliwe warunki pracy, staż pracy u płatnika, częstotliwość korzystania z Funduszu. Zgodnie z § 15 ust. 2 regulaminu, Zakładowa Komisja Socjalna w oparciu o niniejszy regulamin posiada upoważnienia do opracowania szczegółowych kryteriów obowiązujących przy podziale świadczeń na dany rok kalendarzowy, a przesłanką dla opracowania dodatkowych kryteriów będzie dostosowanie popytu do podaży oferowanych usług i świadczeń. Ponadto w § 12 regulaminu (w brzmieniu nadanym <xAnon>aneksem nr (...)</xAnon> z dnia 7 kwietnia 2004 roku) zastrzeżono, że w uzasadnionych przypadkach niespłacona pożyczka na cele mieszkaniowe może być umorzona w całości lub części, a decyzję o umorzeniu podejmuje Dyrektor Przedsiębiorstwa na wniosek Komisji Socjalnej.</xText>
          <xText>U płatnika w spornym okresie powołana była Komisja do rozpatrywania wniosków o przyznanie świadczeń z ZFŚS, w skład której wchodzili przedstawiciele związków zawodowych z każdego z zakładów pracodawcy.</xText>
          <xText>W latach 2007 - 2010 wynagrodzenia zatrudnionych przez płatnika pracowników były do siebie zbliżone i utrzymywały na poziomie poniżej średniego krajowego wynagrodzenia w sektorze przedsiębiorstw.</xText>
          <xText>W marcu i kwietniu 2012 roku organ rentowy przeprowadził u płatnika kontrolę, która wykazała, że w lipcu 2010 roku odwołujący wypłacił swoim pracownikom dofinansowanie do wypoczynku letniego. ZUS ustalił, że 8 osobom wypłacono z tego tytułu po 150 zł, a 174 osobom po 180 zł. Organ rentowy ustalił także, że w lipcu 2010 roku odwołujący umorzył wszystkim pracownikom pożyczkę mieszkaniową przyznaną im w kwietniu 2005 roku z ZFŚS. Kontrola wykazała, że płatnik umorzył przedmiotowe pożyczki nie tylko tym pracownikom, którzy złożyli stosowne wnioski, ale także tym osobom, które nie były już pracownikami, a w 12 przypadkach pożyczka ta została umorzona w związku ze zgonem osoby, która ją otrzymała. Kontrola wykazała również, że przedmiotową pożyczkę mieszkaniową kwocie po 1.000 zł otrzymali w kwietniu 2005 roku wszyscy pracownicy płatnika. ZUS w toku kontroli ustalił nadto, że płatnik przyznawał w grudniu i kwietniu w latach 2007 - 2010 pracownikom bony z okazji świąt Bożego Narodzenia i Świat Wielkanocnych. Wartość tych bonów dla każdego pracownika zatrudnionego przez odwołującego była jednakowa. Jedynie w grudniu 2007 roku w przypadku bonów z okazji świąt Bożego Narodzenia różnica wynosiła 10 zł - po 540 zł lub 530 zł na osobę, w zależności od tego, do jakiej grupy zawodowej został zakwalifikowany dany beneficjent. W pozostałych latach nie było żadnych różnic w wysokości przyznawanych bonów. W przypadku bonów z okazji świąt Bożego Narodzenia przyznanych w grudniu 2008 roku - miały one wartość po 500 zł na osobę, a w przypadku bonów z okazji świąt Wielkanocnych w latach 2008, 2009 i 2010 - po 200 zł na osobę. Różnice w wypłacie tych świadczeń wynikały jedynie z wymiaru etatu oraz okresu jaki przepracował w danym roku kalendarzowym konkretny pracownik.</xText>
          <xText>Płatnik przy przyznawaniu pracownikom w latach 2007 - 2010 bonów o jednakowej wartości z okazji Świąt Bożego Narodzenia i Wielkanocnych, przy podejmowaniu decyzji o wyrażeniu zgody na umorzenie w całości pożyczki mieszkaniowej oraz przy przyznawaniu dofinansowania do wypoczynku letniego w jednakowej wysokości, nie otrzymał ani też nie żądał od beneficjentów podania informacji umożliwiających przeprowadzenie indywidualnej analizy sytuacji życiowej, rodzinnej i materialnej każdego z tych pracowników. Podejmując decyzje o przyznaniu spornych świadczeń wszystkim pracownikom w jednakowej wysokości płatnik kierował się tym, że uprawnieni do tych świadczeń otrzymywali z tytułu stosunku pracy łączącego ich z odwołującym wynagrodzenia w zbliżonej do siebie wysokości poniżej średniej krajowej. Przyznawanie tych świadczeń miało w intencji pracodawcy zrekompensować niskie płace zatrudnionych przez niego osób i było zgodne z postulatami związków zawodowych.</xText>
          <xText>Przyznane w latach 2007 -2010 pracownikom bony z okazji Świąt Bożego Narodzenia i Wielkanocnych, umorzone w lipcu 2010 roku w całości pożyczki mieszkaniowe oraz przyznane w lipcu 2010 roku dofinansowania do wczasów były świadczeniami w całości sfinansowanymi ze środków ZFŚS.</xText>
          <xText>Wśród pracowników, którym płatnik przyznał i wypłacił z ZFŚS w latach 2007-2010 sporne świadczenia znaleźli się:</xText>
          <xText>1. <xAnon>J. R.</xAnon>, który otrzymał: w grudniu 2007 roku pomoc w formie bonów w kwocie 540 zł, w kwietniu 2008 roku nagrodę rzeczową w formie bonów w kwocie 200 zł, w grudniu 2008 roku nagrodę rzeczową w formie bonów w kwocie 500 zł, w kwietniu 2009 roku nagrodę rzeczową w formie bonów w kwocie 200 zł, w kwietniu 2010 roku nagrodę rzeczową w formie bonów w kwocie 200 zł , w lipcu 2010 roku dofinansowanie do wypoczynku letniego w kwocie 180 zł oraz umorzenie pożyczki mieszkaniowej z ZFŚS w kwocie 1000 zł,</xText>
          <xText>2. <xAnon>J. S.</xAnon>, który otrzymał: w grudniu 2007 roku pomoc w formie bonów w kwocie 530 zł, w kwietniu 2008 roku nagrodę rzeczową w formie bonów w kwocie 200 zł, w grudniu 2008 roku nagrodę rzeczową w formie bonów w kwocie 500 zł, w kwietniu 2009 roku nagrodę rzeczową w formie bonów w kwocie 200 zł, w kwietniu 2010 roku nagrodę rzeczową w formie bonów w kwocie 200 zł, w lipcu 2010 roku dofinansowanie do wypoczynku letniego w kwocie 180 zł oraz umorzenie pożyczki mieszkaniowej z <xAnon> (...)</xAnon> w kwocie 1000 zł</xText>
          <xUnit xIsTitle="false" xType="none">
            <xName xSffx=".">3</xName>
            <xText><xAnon>W. S.</xAnon>, który otrzymał: w grudniu 2007 roku pomoc w formie bonów w kwocie 530 zł, w kwietniu 2008 roku nagrodę rzeczową w formie bonów w kwocie 200 zł, w grudniu 2008 roku nagrodę rzeczową w formie bonów w kwocie 500 zł, w kwietniu 2009 roku nagrodę rzeczową w formie bonów w kwocie 200 zł, w kwietniu 2010 roku nagrodę rzeczową w formie bonów w kwocie 200 zł , w lipcu 2010 roku dofinansowanie do wypoczynku letniego w kwocie 180 zł oraz umorzenie pożyczki mieszkaniowej z ZFŚS w kwocie 1000 zł,</xText>
          </xUnit>
          <xUnit xIsTitle="false" xType="none">
            <xName xSffx=".">4</xName>
            <xText><xAnon>R. R.</xAnon>, który otrzymał: w grudniu 2007 roku pomoc w formie bonów w kwocie 530 zł, w kwietniu 2008 roku nagrodę rzeczową w formie bonów w kwocie 200 zł, w grudniu 2008 roku nagrodę rzeczową w formie bonów w kwocie 500 zł, w kwietniu 2009 roku nagrodę rzeczową w formie bonów w kwocie 200 zł, w kwietniu 2010 roku nagrodę rzeczową w formie bonów w kwocie 200 zł, w lipcu 2010 roku dofinansowanie do wypoczynku letniego w kwocie 180 zł oraz umorzenie pożyczki mieszkaniowej z ZFŚS w kwocie 1000 zł,</xText>
          </xUnit>
          <xUnit xIsTitle="false" xType="none">
            <xName xSffx=".">5</xName>
            <xText><xAnon>S. B.</xAnon>: grudniu 2007 roku pomoc w formie bonów w kwocie 530 zł, grudniu 2008 roku nagrodę rzeczową w formie bonów w kwocie 500 zł i lipcu 2010 roku umorzenie pożyczki mieszkaniowej w kwocie 1000 zł.</xText>
          </xUnit>
          <xUnit xIsTitle="false" xType="none">
            <xName xSffx=".">6</xName>
            <xText><xAnon>K. S.</xAnon>, który otrzymał: w grudniu 2007 roku pomoc w formie bonów w kwocie 540 zł, w kwietniu 2008 roku nagrodę rzeczową w formie bonów w kwocie 200 zł, w grudniu 2008 roku nagrodę rzeczową w formie bonów w kwocie 500 zł, w kwietniu 2009 roku nagrodę rzeczową w formie bonów w kwocie 200 zł, w kwietniu 2010 roku nagrodę rzeczową w formie bonów w kwocie 200 zł, w lipcu 2010 roku dofinansowanie do wypoczynku letniego w kwocie 180 zł oraz umorzenie pożyczki mieszkaniowej z ZFŚS w kwocie 1000 zł.</xText>
          </xUnit>
          <xUnit xIsTitle="false" xType="none">
            <xName xSffx=".">7</xName>
            <xText><xAnon>Z. B.</xAnon>, która otrzymała: w grudniu 2007 roku pomoc w formie bonów w kwocie 540 zł, w kwietniu 2008 roku nagrodę rzeczową w formie bonów w kwocie 200 zł, w grudniu 2008 roku nagrodę rzeczową w formie bonów w kwocie 500 zł, w kwietniu 2009 roku nagrodę rzeczową w formie bonów w kwocie 200 zł, w kwietniu 2010 roku nagrodę rzeczową w formie bonów w kwocie 200 zł , w lipcu 2010 roku dofinansowanie do wypoczynku letniego w kwocie 180 zł oraz umorzenie pożyczki mieszkaniowej z ZFŚS w kwocie 1000 zł,</xText>
          </xUnit>
          <xUnit xIsTitle="false" xType="none">
            <xName xSffx=".">8</xName>
            <xText><xAnon>J. B.</xAnon>, która otrzymała: w grudniu 2007 roku pomoc w formie bonów w kwocie 540 zł, w kwietniu 2008 roku nagrodę rzeczową w formie bonów w kwocie 200 zł, w grudniu 2008 roku nagrodę rzeczową w formie bonów w kwocie 500 zł, w kwietniu 2009 roku nagrodę rzeczową w formie bonów w kwocie 200 zł, w kwietniu 2010 roku nagrodę rzeczową w formie bonów w kwocie 200 zł, w lipcu 2010 roku dofinansowanie do wypoczynku letniego w kwocie 180 zł oraz umorzenie pożyczki mieszkaniowej z ZFŚS w kwocie 1000 zł,</xText>
          </xUnit>
          <xUnit xIsTitle="false" xType="none">
            <xName xSffx=".">9</xName>
            <xText><xAnon>G. S.</xAnon>, która otrzymała: w grudniu 2007 roku pomoc w formie bonów w kwocie 540 zł, w kwietniu 2008 roku nagrodę rzeczową w formie bonów w kwocie 200 zł, w grudniu 2008 roku nagrodę rzeczową w formie bonów w kwocie 500 zł, w kwietniu 2009 roku nagrodę rzeczową w formie bonów w kwocie 200 zł, w kwietniu 2010 roku nagrodę rzeczową w formie bonów w kwocie 200 zł, w lipcu 2010 roku dofinansowanie do wypoczynku letniego w kwocie 180 zł oraz umorzenie pożyczki mieszkaniowej z ZFŚS w kwocie 1000 zł.</xText>
          </xUnit>
          <xUnit xIsTitle="false" xType="none">
            <xName xSffx=".">10</xName>
            <xText><xAnon>D. B.</xAnon>, który otrzymał: w grudniu 2007 roku pomoc w formie bonów w kwocie 530 zł, w kwietniu 2008 roku nagrodę rzeczową w formie bonów w kwocie 200 zł, w grudniu 2008 roku nagrodę rzeczową w formie bonów w kwocie 500 zł, w kwietniu 2009 roku nagrodę rzeczową w formie bonów w kwocie 200 zł, w kwietniu 2010 roku nagrodę rzeczową w formie bonów w kwocie 200 zł, w lipcu 2010 roku dofinansowanie do wypoczynku letniego w kwocie 180 zł oraz umorzenie pożyczki mieszkaniowej z ZFŚS w kwocie 1000 zł,</xText>
          </xUnit>
          <xUnit xIsTitle="false" xType="none">
            <xName xSffx=".">11</xName>
            <xText><xAnon>S. C.</xAnon>, który otrzymał: w grudniu 2007 roku pomoc w formie bonów w kwocie 540 zł, w kwietniu 2008 roku nagrodę rzeczową w formie bonów w kwocie 200 zł, w grudniu 2008 roku nagrodę rzeczową w formie bonów w kwocie 500 zł, w kwietniu 2009 roku nagrodę rzeczową w formie bonów w kwocie 200 zł, w kwietniu 2010 roku nagrodę rzeczową w formie bonów w kwocie 200 zł, w lipcu 2010 roku umorzenie pożyczki mieszkaniowej z ZFŚS w kwocie 1000 zł,</xText>
          </xUnit>
          <xUnit xIsTitle="false" xType="none">
            <xName xSffx=".">12</xName>
            <xText><xAnon>M. B.</xAnon>, która otrzymała: w grudniu 2007 roku pomoc w formie bonów w kwocie 540 zł, w kwietniu 2008 roku nagrodę rzeczową w formie bonów w kwocie 200 zł, w grudniu 2008 roku nagrodę rzeczową w formie bonów w kwocie 500 zł, w kwietniu 2009 roku nagrodę rzeczową w formie bonów w kwocie 200 zł, w kwietniu 2010 roku nagrodę rzeczową w formie bonów w kwocie 200 zł, w lipcu 2010 roku dofinansowanie do wypoczynku letniego w kwocie 180 zł oraz umorzenie pożyczki mieszkaniowej z ZFŚS w kwocie 1000 zł,</xText>
          </xUnit>
          <xUnit xIsTitle="false" xType="none">
            <xName xSffx=".">13</xName>
            <xText><xAnon>R. B.</xAnon>, który otrzymał w kwietniu 2010 roku nagrodę rzeczową w formie bonów w kwocie 200 zł.</xText>
          </xUnit>
          
          <xText>Za lata objęte sporem płatnik nie naliczył składek od wartości przyznanych tym pracownikom wymienionych wyżej spornych świadczeń.</xText>
          <xText>W dniu 20 lipca 2012 roku organ rentowy zawiadomił płatnika składek o możliwości wypowiedzenia się przed wydaniem decyzji kończącej postępowanie co do zebranych dowodów i materiałów oraz zgłoszonych żądań. Płatnik skorzystał z tego uprawnienia i zgłosił zastrzeżenia do protokołu kontroli z dnia 24 kwietnia 2012 roku. Zastrzeżenia do tego protokołu zgłosił również jeden z pracowników płatnika - <xAnon>W. B.</xAnon> podnosząc, że przyznane mu świadczenie miało charakter socjalny.</xText>
          <xText>ZUS mając na uwadze wyniki kontroli wydał zaskarżone decyzje, w których stwierdził ile wynosi podstawa wymiaru składek na ubezpieczenia społeczne i ubezpieczenie zdrowotne ubezpieczonych. Płatnik nie kwestionował rachunkowych wyliczeń podstaw wymiaru składek ustalonych przez organ rentowy w zaskarżonych decyzjach, a jedynie twierdził, że sporne świadczenia jako świadczenia socjalne nie powinny być wliczane do podstawy wymiaru składek. W latach 2007 - 2010 łączna wartość wszystkich świadczeń przyznanych i wypłaconych z Zakładowego Funduszu Świadczeń Socjalnych przez płatnika poszczególnym pracownikom wyniosła od 40,00 zł do 5.205,07 zł.</xText>
          <xText>Powyższych ustaleń Sąd Okręgowy dokonał na podstawie zebranej dokumentacji oraz zeznań świadków, którym przypisał walor wiarygodności. W ocenie Sądu kluczową kwestią dla rozstrzygnięcia sprawy było to, czy płatnik przed przyznaniem spornych świadczeń zastosował kryterium socjalne i badał indywidualnie sytuację życiową, rodzinną i majątkową każdego z beneficjentów. Zdaniem Sądu pierwszej instancji z zeznań świadków w sposób jednoznaczny wynika, że pracodawca przyznając sporne świadczenia nie analizował dogłębnie i indywidualnie sytuacji każdego pracownika, a swoją decyzję o przyznaniu wszystkim pracownikom spornych świadczeń w jednakowej wysokości podjął wyłącznie w oparciu o jedno kryterium, a mianowicie w oparciu o wysokość otrzymywanych przez ubezpieczonych wynagrodzeń, które w kontrolowanym okresie kształtowały się poniżej średniej krajowej. Świadkowie wskazywali, że w przypadku bonów i dofinansowania do wczasów płatnik nie wymagał wniosków od pracowników i przyznawał je w takiej samej wysokości wszystkim pracownikom, ponieważ ich zarobki były zbliżone, co w ocenie płatnika oraz związków zawodowych świadczyło o tym, że uprawnieni mają taką samą sytuację materialną. Świadkowie zeznali także, że w przypadku przyznania i umorzenia pożyczki mieszkaniowej, co prawda ubezpieczeni składali wnioski, ale świadczenie to otrzymali wszyscy pracownicy w jednakowej wysokości i wszystkim spłata tej pożyczki została umorzona w całości z uwagi na jednakowo trudną sytuację finansową każdego z nich. Z tej treści zeznań wymienionych świadków wynika zatem, że płatnik nie zastosował kryterium socjalnego przy podejmowaniu decyzji o przyznaniu spornych świadczeń zainteresowanym. Ponadto Sad podkreślił, że z zeznań świadków wynika, że jednak sytuacja życiowa, rodzinna i majątkowa poszczególnych pracowników różniła się w spornym okresie, ale płatnik kryterium socjalne uwzględniał jedynie przy przyznawaniu zapomogi.</xText>
          <xText>W tak ustalonym stanie faktycznym Sąd Okręgowy uznał odwołania za nieuzasadnione. Na wstępie swych rozważań Sąd podniósł, że postępowanie sądowe w sprawach z zakresu prawa ubezpieczenia społecznego skupia się na wadach wynikających z naruszenia prawa materialnego i kwestia wad decyzji administracyjnych spowodowanych naruszeniem przepisów postępowania pozostaje poza przedmiotem tego postępowania. Natomiast istota rozpoznawanego w niniejszym postępowaniu sporu dotyczy podstawy wymiaru składek na ubezpieczenia społeczne pracowników podlegających, z mocy <xLexLink xArt="art. 6;art. 6 ust. 1;art. 6 ust. 1 pkt. 1" xIsapId="WDU19981370887" xTitle="Ustawa z dnia 13 października 1998 r. o systemie ubezpieczeń społecznych" xAddress="Dz. U. z 1998 r. Nr 137, poz. 887">art. 6 ust. 1 pkt 1 ustawy z dnia 13 października 1998 roku o systemie ubezpieczeń społecznych</xLexLink> (t.j. Dz. U. z 2009r., Nr 205, poz. 1585 ze zm. - dalej „ustawa systemowa") ubezpieczeniom emerytalnemu i rentowym i z mocy art. 11 ust. 1 i art. 12 ust. 1 w/w ustawy ubezpieczeniom chorobowemu i wypadkowemu, a także na ubezpieczenie zdrowotne z mocy <xLexLink xArt="ust. 1;ust. 6;art. 83" xIsapId="WDU20042102135" xTitle="Ustawa z dnia 27 sierpnia 2004 r. o świadczeniach opieki zdrowotnej finansowanych ze środków publicznych" xAddress="Dz. U. z 2004 r. Nr 210, poz. 2135">ust. 1 i 6 oraz art. 83 ustawy z dnia 27 sierpnia 2004 roku o świadczeniach opieki zdrowotnej finansowanych ze środków publicznych</xLexLink> (t.j. Dz. U. z 2008r., Nr 164, poz. 1027 ze zm.).</xText>
          <xText>Organ rentowy w ramach swych uprawnień wynikających z treści art. 41 ust. i 13 w/w ustawy może kwestionować wysokość wynagrodzeń stanowiących podstawę wymiaru składek, jeżeli okoliczności sprawy wskazują na to, że nie są one zgodne stanem faktycznym.</xText>
          <xText>Zgodnie z art. 18 ust. 1 i ust. 2 w zw. z art. 20 ustawy systemowej, podstawę wymiaru składek na ubezpieczenia społeczne stanowi przychód, o jakim mowa w art. 4 pkt 9 i 10 tej ustawy. Zgodnie zaś z treścią powołanego wyżej punktu 9 art. 4 cyt. ustawy, użyte w tej ustawie określenie przychód oznacza przychody rozumieniu <xLexLink xArt="" xIsapId="WDU19910800350" xTitle="Ustawa z dnia 26 lipca 1991 r. o podatku dochodowym od osób fizycznych" xAddress="Dz. U. z 1991 r. Nr 80, poz. 350">ustawy z dnia 26 lipca 1991 roku o podatku dochodowym od osób fizycznych</xLexLink> (Dz. U. z 2010 roku, Nr 51, poz. 307 ze zm.). Treść <xLexLink xArt="art. 12;art. 12 ust. 1" xIsapId="WDU19910800350" xTitle="Ustawa z dnia 26 lipca 1991 r. o podatku dochodowym od osób fizycznych" xAddress="Dz. U. z 1991 r. Nr 80, poz. 350">art. 12 ust. 1 ustawy o podatku dochodowym od osób fizycznych</xLexLink> nie pozostawia żadnych wątpliwości, że wartość spornych w niniejszej sprawie świadczeń, które ubezpieczeni uzyskali w latach 2007 - 2010 od odwołującego płatnika, stanowi przychód tych pracowników.</xText>
          <xText>Niektóre rodzaje przychodów podlegają wyłączeniu z podstawy wymiaru składek na ubezpieczenia społeczne i ubezpieczenie zdrowotne z mocy wydanego na podstawie art. 21 ust. 1 ustawy systemowej <xLexLink xArt="" xIsapId="WDU19981611106" xTitle="Rozporządzenie Ministra Pracy i Polityki Socjalnej z dnia 18 grudnia 1998 r. w sprawie szczegółowych zasad ustalania podstawy wymiaru składek na ubezpieczenia emerytalne i rentowe" xAddress="Dz. U. z 1998 r. Nr 161, poz. 1106">rozporządzenia Ministra Pracy i Polityki Socjalnej z dnia 18 grudnia 1998 roku w sprawie szczegółowych zasad ustalania podstawy wymiaru składek na ubezpieczenia emerytalne i rentowe</xLexLink>, które zawiera zamknięty katalog przychodów niestanowiących podstawy wymiaru składek (Dz. U. z 1999r., Nr 49, poz. 488 ze zm. - dalej „rozporządzenie").</xText>
          <xText>Ustawa o z.f.ś.s. w art. 2 pkt 1 definiuje działalność socjalną, przez którą należy rozumieć usługi świadczone przez pracodawców na rzecz różnych form wypoczynku, działalności kulturalno-oświatowej, sportowo-rekreacyjnej, opieki nad dziećmi w żłobkach, przedszkolach oraz innych formach wychowania przedszkolnego, udzielanie pomocy materialnej-rzeczowej lub finansowej, a także zwrotnej lub bezzwrotnej pomocy na cele mieszkaniowe na warunkach określonych umową. Zgodnie z treścią § 2 ust. 1 pkt 19 powołanego rozporządzenia, nie stanowią podstawy wymiaru składek, świadczenia finansowane ze środków przeznaczonych na cele socjalne w ramach zakładowego funduszu świadczeń socjalnych.</xText>
          <xText>Płatnik składek administrując funduszem socjalnym, nie może jednak tego czynić z pominięciem ustawy i w konsekwencji przez swoje działania uszczuplać zasoby tego funduszu, nawet jeśli odbyłoby się to przy pełnej aprobacie przedstawicieli związków zawodowych (por. uzasadnienie wyroku Sądu Apelacyjnego w Łodzi z dnia 29 marca 2011 roku w sprawie III AUa 541/2010, OSA 2012/3, poz. 5 str. 72).</xText>
          <xText>Sąd Okręgowy w pełni podzielił stanowisko wyrażone w wyroku Sądu Najwyższego - Izba Pracy, Ubezpieczeń Społecznych i Spraw Publicznych z dnia 20 czerwca 2012 roku (I UK 140/2012, LexPolonica nr 3954728), zgodnie z którym założeniem <xLexLink xArt="" xIsapId="WDU19940430163" xTitle="Ustawa z dnia 4 marca 1994 r. o zakładowym funduszu świadczeń socjalnych" xAddress="Dz. U. z 1994 r. Nr 43, poz. 163">ustawy o zakładowym funduszu świadczeń socjalnych</xLexLink> jest podział środków tego funduszu między uprawnionych według kryterium socjalnego, co wyklucza zasadę równości. Przepis art. 8 ust. 1 ustawy o z.f.ś.s. wyraźnie wiąże wysokość przyznawanego świadczenia (będącego pomocą finansową w rozumieniu art. 2 ust. 1 ustawy) z rozpatrywaną łącznie sytuacją życiową rodzinną i materialną osoby uprawnionej. Taki zaś charakter - pomocy finansowej - miały przyznane w latach 2007 - 2010 przez płatnika wszystkim pracownikom świadczenia z okazji Świąt Bożego Narodzenia i Świąt Wielkanocnych, stanowiąc ulgowe świadczenia w rozumieniu art. 8 ust. 1 tej ustawy. Oznacza to, że ocena zgodności wydatkowanych środków z regulaminem powinna obejmować w niniejszej sprawie także i to, czy przyznanie świadczeń odbyło się zgodnie z kryteriami o jakich mowa w regulaminie.</xText>
          <xText>Regulamin zakładowego funduszu świadczeń socjalnych stanowi źródło prawa pracy zgodnie z dyspozycją <xLexLink xArt="art. 9" xIsapId="WDU19740240141" xTitle="Ustawa z dnia 26 czerwca 1974 r. - Kodeks pracy" xAddress="Dz. U. z 1974 r. Nr 24, poz. 141">art. 9 Kodeksu pracy</xLexLink> (patrz wyrok Sądu Najwyższego z dnia 23 października 2008 roku, II PK 74/2008, OSNP 2010/7-8 poz. 88 oraz wyrok Sądu Najwyższego z dnia 20 sierpnia 2001 roku, I PKN 579/2000, OSNP 2003/14 poz. 331). Naruszenie przez pracodawcę regulaminu wykorzystania zakładowego funduszu świadczeń socjalnych oznacza naruszenie <xLexLink xArt="art. 8;art. 8 ust. 2" xIsapId="WDU19940430163" xTitle="Ustawa z dnia 4 marca 1994 r. o zakładowym funduszu świadczeń socjalnych" xAddress="Dz. U. z 1994 r. Nr 43, poz. 163">art. 8 ust. 2 ustawy o zakładowym funduszu świadczeń socjalnych</xLexLink>.</xText>
          <xText>W rozpoznawanej sprawie w § 15 regulaminu przewidziano, że pracodawca przy przyznawaniu świadczeń w ramach działalności socjalnej w pierwszej kolejności musi uwzględnić następujące kryteria: sytuację życiową, rodzinną i majątkową pracownika, uciążliwe warunki pracy, staż pracy w <xAnon> (...)</xAnon>, częstotliwość korzystania z Funduszu. Ponadto w § 12 regulaminu zastrzeżono, że w uzasadnionych przypadkach nie spłacona pożyczka może być umorzona w całości lub części. Zastosowanie tych kryteriów - do czego. zobowiązany był płatnik - wymagało zatem przy podejmowaniu decyzji o przyznaniu oraz określeniu wysokości spornych świadczeń, dokonania w stosunku do każdego uprawnionego pracownika indywidualnej oceny jego sytuacji życiowej, rodzinnej i majątkowej, a w przypadku umorzenia pożyczki mieszkaniowej ustalenia, czy zachodzi uzasadniony przypadek o jakim mowa w § 12 regulaminu.</xText>
          <xText>Jeśli chodzi o rodzaj indywidualnych świadczeń, które mogą być przyznawane uprawnionym, to niewątpliwie należą do nich, np. przyznawane w okresie świątecznym bony, tak jak to miało miejsce w niniejszej sprawie. Ponieważ jednak wielkość udzielonej pomocy socjalnej musi być zróżnicowana to, jeżeli miała miejsce sytuacja, że wszyscy pracownicy otrzymali bony o jednakowej wartości, bony te trzeba ocenić jako świadczenie dodatkowe pracodawcy, nie zaś jako ulgowe świadczenia z ZFŚS (patrz wyrok Sądu Najwyższego z dnia 16 września 2009 roku, I UK 121/09, OSNP 2011/9-10/133).</xText>
          <xText>Pogląd ten jest aktualny także co do pozostałych indywidualnych świadczeń socjalnych, do których należą także sporne dofinansowania do wypoczynku oraz umorzenie w całości pożyczki mieszkaniowej. Żadne z tych świadczeń nie było bowiem świadczeniem adresowanym do większej liczby uprawnionych o charakterze wypoczynkowym, kulturalno-oświatowym, czy też rekreacyjno-sportowym (art. 2 pkt 1 u.z.f.ś.s.). Usługi i świadczenia kierowane do indywidualnych osób - z jakim mamy do czynienia w realiach niniejszej sprawy - nie mogą stanowić formy dodatkowego wynagrodzenia dla wszystkich pracowników i nie powinny być przyznawane wszystkim uprawnionym po równo, jeśli osoby te nie znajdują się w takiej samej sytuacji życiowej, rodzinnej i materialnej. Wobec powyższego oczywistym jest stwierdzenie, że pracodawca jako płatnik musiał poznać sytuację życiową, rodzinną i majątkową uprawnionych do korzystania z indywidualnych świadczeń socjalnych, ażeby w ogóle mógł prawidłowo rozdzielać sporne świadczenia. W związku z tym odwołujący się pracodawca był uprawniony do zbierania informacji o sytuacji materialno - życiowej pracowników (patrz wyrok Sądu Najwyższego z dnia 8 maja 2002 roku, I PKN 267/01, OSNP 2004/6/99). Takich kroków odwołujący nie poczynił. W odwołaniach argumentował zaś, że sytuację socjalną pracowników znali przedstawiciele związków zawodowych wchodzący w skład Komisji do rozpoznawania wniosków o przyznanie świadczeń z ZFŚS. Zgromadzony w sprawie materiał dowodowy, a zwłaszcza zeznania świadków, w sposób jednoznaczny wskazuje na to, że przedstawiciele związkowi i płatnik kryterium socjalne utożsamiali z wysokością wynagrodzenia uprawnionych, jakie ubezpieczeni otrzymywali w latach 2007 - 2010 w ramach stosunku pracy łączącego ich z odwołującym. Także sam odwołujący twierdził, że wszyscy pracownicy mieli podobną sytuację materialną z uwagi na zbliżoną wysokość ich wynagrodzeń, poniżej średniej krajowej, co uzasadniało przyznanie wszystkim pracownikom spornych świadczeń w tej samej wysokości. Takie stanowisko odwołującego - w ocenie Sądu Okręgowego - jest całkowicie chybione, a przytoczona w odwołaniu na jego poparcie argumentacja nie zasługuje na aprobatę. Świadczenia z Funduszu uzyskują ci pracownicy, których sytuacja socjalna jest najgorsza, a ci, których sytuacja życiowa, rodzinna i materialna została uznana za dobrą mogą otrzymać z tego funduszu świadczenia w niżej wysokości, ale też mogą ich w ogóle nie otrzymać.</xText>
          <xText>Zgromadzony materiał dowodowy wykazał, iż płatnik nie dokonał indywidualnej analizy sytuacji życiowej, rodzinnej i majątkowej każdego z uprawnionych do uzyskania spornych świadczeń socjalnych. Wbrew twierdzeniom odwołującego jest mało prawdopodobne, ażeby wszyscy pracownicy zatrudnieni u jednego pracodawcy pozostawali jednocześnie w jednakowej sytuacji materialnej, życiowej i rodzinnej. Sytuacja życiowa ma wszak z natury rzeczy charakter zmienny i może ulegać w pewnych okresach życia danego człowieka pogorszeniu, np. w związku z chorobą, śmiercią członka rodziny, czy też utratą mieszkania itp. Sytuacja rodzinna dotyczy zaś przede wszystkim liczby członków rodziny, z którymi pracownik prowadzi wspólne gospodarstwo domowe i na pewno różniła się u poszczególnych pracowników, a sytuacja materialna dotycząca posiadanych zasobów majątkowych i uzyskiwanych dochodów sprowadza się nie tylko do ustalenia wysokości wynagrodzenia pracownika zatrudnionego u płatnika, ale dotyczy wszystkich osób, z którymi ten pracownik prowadzi wspólne gospodarstwo domowe. Te kompleksowe informacje pozwalają dopiero w prawidłowy sposób ustalić kryterium socjalne, którym winien kierować się płatnik dokonując dystrybucji spornych świadczeń z funduszu socjalnego. Gdy pracownicy uzyskują w tej samej lub zbliżonej do siebie wysokości wynagrodzenia ze stosunku pracy łączącego ich z danym płatnikiem, sytuacja poszczególnych ubezpieczonych z uwagi na ich sytuację życiową i rodzinną może być różna z wyżej omówionych powodów.</xText>
          <xText>Przyznanie przez płatnika składek spornych świadczeń bez indywidualnej analizy sytuacji życiowej, rodzinnej i materialnej pracowników (kryterium z § 15 regulaminu) odbyło się zatem - w ocenie Sądu Okręgowego - z naruszeniem regulaminu oraz <xLexLink xArt="art. 8" xIsapId="WDU19940430163" xTitle="Ustawa z dnia 4 marca 1994 r. o zakładowym funduszu świadczeń socjalnych" xAddress="Dz. U. z 1994 r. Nr 43, poz. 163">art. 8 ustawy o zakładowym funduszu świadczeń socjalnych</xLexLink>. Nie zmienia tego okoliczność - o czym mowa była już wcześniej - że wydanie decyzji o przyznaniu spornych świadczeń odbyło się za wiedzą i zgodą przedstawicieli organizacji związkowych działających u płatnika. Twierdzeniom odwołującego, że wszyscy pracownicy pozostawali w jednakowej sytuacji majątkowej przeczą zeznania świadków, którzy wyjaśnili w jaki sposób przyznawane było inne świadczenie socjalne w postaci zapomogi. Z zeznań świadków w tym przedmiocie wprost wynika, że płatnik badał w przypadku zapomogi sytuację uprawnionych indywidualnie, uwzględniając stan cywilny, stan zdrowia, a także to, czy dana osoba ma możliwość dorobienia, a nawet i to czy dana osoba ma np. samochód. Z zeznań świadków wynika także, że nie każdy uprawniony otrzymywał zapomogę, a nadto wysokość przyznanej zapomogi nie była dla każdego pracownika jednakowa, choć różnice te były niewielkie. Informacja o wysokości wynagrodzenia pracownika sama w sobie nie określa jeszcze ani jego sytuacji życiowej, ani też materialnej.</xText>
          <xText>Rozpoznając niniejszą sprawę Sąd Okręgowy w całości podzielił również pogląd Sądu Najwyższego, który w wyroku z dnia 16 września 2009 roku (I UK 121/2009, OSNP 2011/9-10/133) stwierdził, że jeżeli wypłata bonów towarowych nie ma charakteru socjalnego, gdyż nie wiąże otrzymania bonów z kryterium socjalnym, to bony należy uznać za przychód w rozumieniu art. 12 ust. 1 u.p.d.o.f., który to przychód stanowi podstawę wymiaru składek - art. 18 ust. 1 ustawy systemowej w zw. z § 1 rozporządzenia oraz art. 81 ust. 1 ustawy o świadczeniach opieki zdrowotnej. Sąd Najwyższy w wyroku z dnia 16 września 2009 roku w sprawie I UK 121/2009 (OSNP 2011/9-10/133) stwierdził, że zasada wyrażona w art. 8 ust. 1 ustawy o z.f.ś.s. w zakresie w jakim wymaga zastosowania kryterium socjalnego indywidualnie do każdego z uprawnionych, nie doznaje żadnych wyjątków. Nawet regulamin ZFŚS nie może zmienić tej zasady. Sporne świadczenia nie miały charakteru socjalnego, gdyż otrzymanie tych świadczeń nie wiązało się z zastosowaniem przez płatnika kryterium socjalnego z art. 8 ust. 1 ustawy o z.f.ś.s. W konsekwencji świadczenia te stanowią przychód w rozumieniu art. 12 ust. 1 u.p.d.o.f., który to przychód stanowi podstawę wymiaru składek zgodnie z art. 18 ust. 1 ustawy systemowej w związku z § 1 rozporządzenia Ministra Pracy i Polityki Socjalnej dnia 18 grudnia 1998 roku w sprawie szczegółowych zasad ustalania podstawy wymiaru składek na ubezpieczenia emerytalne i rentowe (Dz. U. 1998 r. Nr 161, poz. 1106 ze zm.). Wobec powyższego Sąd Okręgowy na podstawie <xLexLink xArt="art. 477(14);art. 477(14) § 1" xIsapId="WDU19640430296" xTitle="Ustawa z dnia 17 listopada 1964 r. - Kodeks postępowania cywilnego" xAddress="Dz. U. z 1964 r. Nr 43, poz. 296">art. 477<xSUPx>14 </xSUPx>§ 1 k.p.c.</xLexLink> orzekł, jak w sentencji swoich wyroków.</xText>
          
          <xText>Wymienione wyroki zaskarżył zasadniczo jednobrzmiącymi apelacjami płatnik - <xAnon> Przedsiębiorstwo (...) Spółka z o.o.</xAnon> w <xAnon>S.</xAnon> zarzucając naruszenie przepisów prawa materialnego przez nietrafną wykładnię, a to:</xText>
          <xText>- <xLexLink xArt="art. 2;art. 2 pkt. 1" xIsapId="WDU19940430163" xTitle="Ustawa z dnia 4 marca 1994 r. o zakładowym funduszu świadczeń socjalnych" xAddress="Dz. U. z 1994 r. Nr 43, poz. 163">art. 2 pkt 1 ustawy z dnia 4 marca 1994r o zakładowym funduszu świadczeń socjalnych</xLexLink> (j.t. Dz.U. z 2012, poz. 592) poprzez przyjęcie, że dyspozycja art. 8 ust. 1 wymienionej ustawy dotyczy także pożyczek mieszkaniowych;</xText>
          <xText>- <xLexLink xArt="art. 8;art. 8 ust. 1;art. 8 ust. 2" xIsapId="WDU19940430163" xTitle="Ustawa z dnia 4 marca 1994 r. o zakładowym funduszu świadczeń socjalnych" xAddress="Dz. U. z 1994 r. Nr 43, poz. 163">art. 8 ust. 1 i 2 ustawy z dnia 4 marca 1994r. o zakładowym funduszu świadczeń socjalnych</xLexLink> (t.j. Dz.U. z 2012, poz. 592) poprzez przyjęcie, że zakwestionowane przez organ rentowy świadczenia na rzecz pracowników w postaci bonów towarowych i wypłat gotówkowych w okresach Świąt Wielkanocnych i Bożego Narodzenia oraz umorzenia pożyczki mieszkaniowej, nie stanowiły świadczeń socjalnych, ponieważ płatnik nie badał sytuacji życiowej, materialnej i rodzinnej danego pracownika, przyznawał te świadczenia w jednakowej wysokości;</xText>
          <xText>- § 2 ust. 1 pkt 19 rozp. M.P i P.S z dnia 18 grudnia 1998r. (Dz.U. z 1998r.,Nr 161, poz. 1106) w sprawie szczegółowych zasad ustalania podstawy wymiaru składek na ubezpieczenia społeczne wydanego na podstawie <xLexLink xArt="art. 21" xIsapId="WDU19981370887" xTitle="Ustawa z dnia 13 października 1998 r. o systemie ubezpieczeń społecznych" xAddress="Dz. U. z 1998 r. Nr 137, poz. 887">art. 21 ustawy z dnia 13 października 1998r. o systemie ubezpieczeń społecznych</xLexLink> (Dz.U. nr 137, poz. 887 ze zm.) poprzez przyjęcie, że przewidziane w tym przepisie wyłączenie z oskładkowania składkami na ubezpieczenia społeczne pomocy z funduszu socjalnego nie występuje w sytuacjach opisanych w pkt 1 w lit. a) i b);</xText>
          <xText>- <xLexLink xArt="art. 16;art. 80" xIsapId="WDU19740240141" xTitle="Ustawa z dnia 26 czerwca 1974 r. - Kodeks pracy" xAddress="Dz. U. z 1974 r. Nr 24, poz. 141">art. 16 i 80 kodeksu pracy</xLexLink> poprzez przyjęcie, że świadczenia niemające charakteru świadczenia socjalnego stanowiły świadczenie ze stosunku pracy, a więc nie stały się świadczeniami nienależnymi, co do oskładkowania, których zdaniem skarżącego brak jest podstawy prawnej, a nie wydaje się za trafny pogląd, że wolą ustawodawcy wyrażoną w <xLexLink xArt="art. 18" xIsapId="WDU19981370887" xTitle="Ustawa z dnia 13 października 1998 r. o systemie ubezpieczeń społecznych" xAddress="Dz. U. z 1998 r. Nr 137, poz. 887">art. 18 ustawy o systemie ubezpieczeń społecznych</xLexLink> objęte były przychody nienależne;</xText>
          <xText>- <xLexLink xArt="art. 7;art. 8" xIsapId="WDU19600300168" xTitle="Ustawa z dnia 14 czerwca 1960 r. - Kodeks postępowania administracyjnego" xAddress="Dz. U. z 1960 r. Nr 30, poz. 168">art. 7 i 8 kpa</xLexLink> w zw. z <xLexLink xArt="art. 123" xIsapId="WDU19981370887" xTitle="Ustawa z dnia 13 października 1998 r. o systemie ubezpieczeń społecznych" xAddress="Dz. U. z 1998 r. Nr 137, poz. 887">art. 123 cyt. wyżej ustawy o systemie ubezpieczeń społecznych</xLexLink>, przez nierozważenie czy dotychczasowa wieloletnia praktyka stosowania przez płatnika zakwestionowanej przez ZUS formy pomocy w latach 2007-2010 nie stanowi ingerencji w prawa nabyte pracowników tym bardziej, że takie działanie podważa byt gospodarczy i finansowy spółki płatnika.</xText>
          <xText>Wskazując na powyższe zarzuty apelujący wniósł o zmianę każdego z zaskarżonych wyroków i uwzględnienie odwołań, ewentualnie uchylenie zaskarżonego wyroku i przekazanie sprawy Sądowi pierwszej instancji do ponownego rozpatrzenia, oraz zasądzenie kosztów procesu w tym kosztów zastępstwa procesowego wg norm przepisanych za obie instancje. Wniósł także o zmianę zaskarżonych wyroków poprzez uchylenie zaskarżonych decyzji i ustalenie, że podstawa wymiaru składek na ubezpieczenie emerytalno - rentowe, ubezpieczenia wypadkowe oraz zdrowotne w latach 2007-2010 została prawidłowo ustalona przez płatnika, ewentualnie o uchylenie wyroków i przekazanie sprawy Sądowi pierwszej instancji do ponownego rozpoznania oraz zasądzenie kosztów procesu w tym kosztów zastępstwa procesowego według norm przepisanych.</xText>
          <xText>W uzasadnieniu apelacji skarżący podniósł, że Sąd meriti błędnie podzielił stanowisko organu rentowego, iż skoro brak dowodu, że przy udzielaniu pomocy w formie bonów towarowych i wypłat gotówkowych w okresie Świąt Wielkanocnych i Bożego Narodzenia badano indywidualnie sytuację każdego pracownika to świadczenia te nie miały charakteru świadczenia socjalnego. Doszło więc do fikcji prawnej, że wśród 250 osobowej załogi nie znalazł się ani jeden pracownik, którego sytuacja materialna, życiowa i rodzinna uzasadniałaby udzielenie pomocy.</xText>
          <xText>W ocenie skarżącego przyjęcie przy rozstrzyganiu kryterium metodologicznego a nie sytuacji życiowej, materialnej i rodzinnej stanowi naruszenie <xLexLink xArt="art. 8;art. 8 ust. 1;art. 8 ust. 2" xIsapId="WDU19940430163" xTitle="Ustawa z dnia 4 marca 1994 r. o zakładowym funduszu świadczeń socjalnych" xAddress="Dz. U. z 1994 r. Nr 43, poz. 163">art. 8 ust. 1 i 2 ustawy z dnia 4 marca 1994 roku o zakładowym funduszu świadczeń socjalnych</xLexLink>, bowiem przepis ten odsyła do sytuacji faktycznej danego pracownika a nie metody oceny, czy ustalania sytuacji. Udzielanie tej formy pomocy przewidziane było w regulaminie zakładowym. Regulamin nie przewidywał żądania od pracowników pisemnych wniosków o udzielenie pomocy ani oświadczeń o dochodach członków rodziny. Skoro natomiast organ rentowy i Sąd meriti w zaskarżonym wyroku przyjmuje, że zakwestionowane świadczenia nie były świadczeniami socjalnymi, a nie były wypłatami w rozumieniu przepisów płacowych to należy dojść do wniosku, że stanowiły świadczenia bez podstawy prawnej a więc świadczenia nienależne (<xLexLink xArt="art. 410;art. 410 § 2" xIsapId="WDU19640160093" xTitle="Ustawa z dnia 23 kwietnia 1964 r. - Kodeks cywilny" xAddress="Dz. U. z 1964 r. Nr 16, poz. 93">art. 410 § 2 k.c.</xLexLink> w zw. z <xLexLink xArt="art. 300" xIsapId="WDU19740240141" xTitle="Ustawa z dnia 26 czerwca 1974 r. - Kodeks pracy" xAddress="Dz. U. z 1974 r. Nr 24, poz. 141">art. 300 k.p.</xLexLink>). W zaskarżonym rozstrzygnięciu skarżący upatruje naruszenia zasady ochrony praw nabytych oraz zasady równego traktowania pracowników. Skarżący wyraził również pogląd, że organ rentowy przed wydaniem decyzji przeoczył reguły zawarte w <xLexLink xArt="art. 7;art. 8" xIsapId="WDU19600300168" xTitle="Ustawa z dnia 14 czerwca 1960 r. - Kodeks postępowania administracyjnego" xAddress="Dz. U. z 1960 r. Nr 30, poz. 168">art. 7 i 8 k.p.a.</xLexLink> stanowiące naczelne zasady postępowania, do których odsyła <xLexLink xArt="art. 123" xIsapId="WDU19981370887" xTitle="Ustawa z dnia 13 października 1998 r. o systemie ubezpieczeń społecznych" xAddress="Dz. U. z 1998 r. Nr 137, poz. 887">art. 123 ustawy o systemie ubezpieczeń społecznych</xLexLink>. Płatnikowi znana jest wykładnia zaprezentowana w wyroku Sądu Najwyższego z dnia 20 czerwca 2012 roku, sygn. akt I UK 140/12, ale pragnie zauważyć, że w objętym tym wyrokiem stanem faktycznym miało miejsce naruszenie regulaminu, co w sytuacjach objętych zaskarżonymi wyrokami nie miało miejsca. Wykładnia Sądu Najwyższego w przedmiotowym uzasadnieniu wyroku nie uzasadnia skutku wstecznego. Działanie organu rentowego wyrażone w zaskarżonych decyzjach nie da się pogodzić z zasadami prawa pracy oraz zasadami demokratycznego państwa prawnego.</xText>
          <xText>W załączniku do protokołu rozpraw z dnia 5 września 2013 roku skarżący podniósł dodatkowo, że jego zdaniem istotę sporu stanowi materialna kwalifikacja spornych świadczeń, a więc czy miały one charakter świadczenia socjalnego w rozumieniu art. 2 pkt 1 ustawy o ZFŚS, gdy tymczasem spór sprowadził się do oceny podstawy wymiaru składek przy braku bezspornego dowodu, że świadczeniobiorcy nie byli uprawnieni do uzyskania pomocy, co narusza dyspozycję <xLexLink xArt="art. 3" xIsapId="WDU19640430296" xTitle="Ustawa z dnia 17 listopada 1964 r. - Kodeks postępowania cywilnego" xAddress="Dz. U. z 1964 r. Nr 43, poz. 296">art. 3 k.p.c.</xLexLink>, bowiem nie realizuje obowiązującej w procesie zasady prawdy obiektywnej. Ponadto skoro Sąd przyjął, że sporne świadczenia nie były świadczeniami socjalnymi tylko ze stosunku pracy bez wskazania, przy zarzutach powoda, na jakiej podstawie stały się świadczeniami należnymi to wniosek, iż stanowią one podstawę składkowania, budzi w ocenie skarżącego wątpliwości. Wskazując na powszechną praktykę udzielania pomocy z funduszu socjalnego w innych instytucjach, jak choćby ZUS, apelant podniósł, że przy takiej praktyce w zestawieniu z sytuacją materialną pracowników spółki w kwestionowaniu udzielonych im świadczeń trudno dopatrywać się zasady sprawiedliwości społecznej.</xText>
          
          <xText xALIGNx="center">
            <xBx>Sąd Apelacyjny zważył, co następuje:</xBx>
          </xText>
          <xText>Apelacje są bezzasadne i podlegają oddaleniu.</xText>
          <xText>Sąd Okręgowy prawidłowo ustalił stan faktyczny i zastosował właściwe prawo materialne. Szczegółowo i wnikliwie dokonał rozważań prawnych. Przywołał ugruntowane orzecznictwo Sądu Najwyższego oraz sądów powszechnych odnośnie tego, jakie świadczenia wypłacone pracownikom mogą być uznane za świadczenia socjalne, a jakie nie i jakie konsekwencje na gruncie prawa ubezpieczeń społecznych wywołuje nieuznanie wypłaconych świadczeń za świadczenia socjalne. Sąd Apelacyjny podziela powyższe ustalenia i rozważania Sądu pierwszej instancji.</xText>
          <xText>W niniejszej sprawie niewątpliwie istotne było ustalenie czy świadczenia wypłacane z ZFŚS miały charakter świadczeń socjalnych w rozumieniu ustawy o zakładowym funduszu socjalnym, jednakże spór, który wyznacza treść zaskarżonej decyzji, dotyczy podstawy wymiaru składek na ubezpieczenia społeczne pracowników (podlegających, z mocy <xLexLink xArt="art. 6;art. 6 ust. 1;art. 6 ust. 1 pkt. 1" xIsapId="WDU19981370887" xTitle="Ustawa z dnia 13 października 1998 r. o systemie ubezpieczeń społecznych" xAddress="Dz. U. z 1998 r. Nr 137, poz. 887">art. 6 ust. 1 pkt 1 ustawy o systemie ubezpieczeń społecznych</xLexLink>, ubezpieczeniom emerytalnemu i rentowym i z mocy art. 11 pkt 1 i art. 12 pkt 1 tej ustawy, ubezpieczeniom chorobowemu i wypadkowemu) oraz podstawy wymiaru składek na ubezpieczenie zdrowotne na podstawie <xLexLink xArt="art. 81;art. 81 ust. 1" xIsapId="WDU20042102135" xTitle="Ustawa z dnia 27 sierpnia 2004 r. o świadczeniach opieki zdrowotnej finansowanych ze środków publicznych" xAddress="Dz. U. z 2004 r. Nr 210, poz. 2135">art. 81 ust. 1 ustawy z dnia 27 sierpnia 2004 roku o świadczeniach opieki zdrowotnej finansowanych ze środków publicznych</xLexLink> (t.j. Dz.U. z 2008r., Nr 164, poz. 1027, ze zm.). Organ rentowy ustalił nową, wyższą podstawę wymiaru tych składek wliczając do niej świadczenia socjalne wypłacone zainteresowanym pracownikom w wysokościach i okresach wskazanych w zaskarżonych decyzjach, wypłacone pracownikom w formie bonów na święta Wielkanocne i Boże Narodzenie, jak i w formie dofinansowania do wczasów oraz umorzenia pożyczki na remont mieszkania. Kwoty te są niesporne i zostały wyliczone także przez samego płatnika, a wyliczenia te zostały złożone do akt sprawy przy odwołaniach.</xText>
          <xText>Zgodnie z art. 18 ust. 1 w związku z art. 20 ustawy systemowej, podstawę wymiaru składek na ubezpieczenia społeczne stanowi przychód, o jakim mowa w art. 4 pkt 9 i pkt 10 tej ustawy. Stosownie do powołanego wyżej punktu 9 art. 4 - użyte w ustawie określenie przychód oznacza przychód w rozumieniu przepisów o podatku dochodowym od osób fizycznych z tytułu: zatrudnienia w ramach stosunku pracy, pracy nakładczej, służby, wykonywania mandatu posła lub senatora, wykonywania pracy w czasie odbywania kary pozbawienia wolności lub tymczasowego aresztowania, pobierania zasiłku dla bezrobotnych, świadczenia integracyjnego i stypendium wypłacanych bezrobotnym oraz stypendium sportowego, a także z tytułu prowadzenia pozarolniczej działalności oraz umowy agencyjnej lub umowy zlecenia, jak również z tytułu współpracy przy tej działalności lub współpracy przy wykonywaniu umowy. Zgodnie zaś z <xLexLink xArt="art. 81" xIsapId="WDU20042102135" xTitle="Ustawa z dnia 27 sierpnia 2004 r. o świadczeniach opieki zdrowotnej finansowanych ze środków publicznych" xAddress="Dz. U. z 2004 r. Nr 210, poz. 2135">art. 81 ustawy o świadczeniach opieki zdrowotnej finansowanych ze środków publicznych</xLexLink>, do ustalenia podstawy wymiaru składek na ubezpieczenie zdrowotne pracowników stosuje się przepisy określające podstawę wymiaru składek na ubezpieczenia emerytalne i rentowe tych osób. W świetle <xLexLink xArt="art. 12;art. 12 ust. 1" xIsapId="WDU19910800350" xTitle="Ustawa z dnia 26 lipca 1991 r. o podatku dochodowym od osób fizycznych" xAddress="Dz. U. z 1991 r. Nr 80, poz. 350">art. 12 ust. 1 ustawy z dnia 26 lipca 1991 r. o podatku dochodowym od osób fizycznych</xLexLink> (t.j. Dz.U.2012.361) za przychody ze stosunku służbowego, stosunku pracy, pracy nakładczej oraz spółdzielczego stosunku pracy uważa się wszelkiego rodzaju wypłaty pieniężne oraz wartość pieniężną świadczeń w naturze bądź ich ekwiwalenty, bez względu na źródło finansowania tych wypłat i świadczeń, a w szczególności: wynagrodzenia zasadnicze, wynagrodzenia za godziny nadliczbowe, różnego rodzaju dodatki, nagrody, ekwiwalenty za nie wykorzystany urlop i wszelkie inne kwoty niezależnie od tego, czy ich wysokość została z góry ustalona, a ponadto świadczenia pieniężne ponoszone za pracownika, jak również wartość innych nieodpłatnych świadczeń lub świadczeń częściowo odpłatnych.</xText>
          <xText>Zatem wartość bonów towarowych uzyskanych od pracodawcy, dofinansowanie do wczasów i umorzenie pożyczki mieszkaniowej, jest przychodem pracownika w rozumieniu art. 12 w/w ustawy. Wyłączenia z podstawy wymiaru składek wynikają z <xLexLink xArt="" xIsapId="WDU19981611106" xTitle="Rozporządzenie Ministra Pracy i Polityki Socjalnej z dnia 18 grudnia 1998 r. w sprawie szczegółowych zasad ustalania podstawy wymiaru składek na ubezpieczenia emerytalne i rentowe" xAddress="Dz. U. z 1998 r. Nr 161, poz. 1106">rozporządzenia Ministra Pracy i Polityki Socjalnej z dnia 18 grudnia 1998 roku w sprawie szczegółowych zasad ustalania podstawy wymiaru składek na ubezpieczenia emerytalne i rentowe</xLexLink>, które zawiera zamknięty katalog przychodów niestanowiących podstawy wymiaru składek. Na podstawie § 2 ust. 1 pkt 19 w/w rozporządzenia, nie stanowią podstawy wymiaru składek, świadczenia finansowane ze środków przeznaczonych na cele socjalne w ramach ZFŚS.</xText>
          <xText>Z niespornych ustaleń Sądu Okręgowego wynika, że u płatnika składek, <xAnon> Przedsiębiorstwa (...) Sp. z o. o.</xAnon> w <xAnon>S.</xAnon> istniał Regulamin Zakładowego Funduszu Świadczeń Socjalnych. Regulamin ten (w brzmieniu obowiązującym w spornym okresie) w <xLexLink xArt="art. 8 § 2" xIsapId="WDU19940430163" xTitle="Ustawa z dnia 4 marca 1994 r. o zakładowym funduszu świadczeń socjalnych" xAddress="Dz. U. z 1994 r. Nr 43, poz. 163">§ 2</xLexLink> wymieniał świadczenia, na sfinansowanie lub dofinansowanie których mogą być przeznaczone środki z ZFŚS, w <xLexLink xArt="art. 8 § 5;art. 8 § 5 pkt. 4;art. 8 § 5 pkt. 5" xIsapId="WDU19940430163" xTitle="Ustawa z dnia 4 marca 1994 r. o zakładowym funduszu świadczeń socjalnych" xAddress="Dz. U. z 1994 r. Nr 43, poz. 163">§ 5 pkt 4 i pkt 5</xLexLink> oraz w <xLexLink xArt="art. 8 § 15" xIsapId="WDU19940430163" xTitle="Ustawa z dnia 4 marca 1994 r. o zakładowym funduszu świadczeń socjalnych" xAddress="Dz. U. z 1994 r. Nr 43, poz. 163">§ 15</xLexLink> wymieniał kryteria przyznawania tych świadczeń, w <xLexLink xArt="art. 8 § 5;art. 8 § 5 pkt. 6" xIsapId="WDU19940430163" xTitle="Ustawa z dnia 4 marca 1994 r. o zakładowym funduszu świadczeń socjalnych" xAddress="Dz. U. z 1994 r. Nr 43, poz. 163">§ 5 pkt 6</xLexLink> znalazła się regulacja dotycząca dofinansowania do wczasów, a w <xLexLink xArt="art. 8 § 6;art. 8 § 8;art. 8 § 9;art. 8 § 10;art. 8 § 11" xIsapId="WDU19940430163" xTitle="Ustawa z dnia 4 marca 1994 r. o zakładowym funduszu świadczeń socjalnych" xAddress="Dz. U. z 1994 r. Nr 43, poz. 163">§ 6, § 8, § 9, § 10 i § 11</xLexLink> regulacja odnośnie pożyczek mieszkaniowych. Regulamin w <xLexLink xArt="art. 8 § 5;art. 8 § 5 pkt. 4" xIsapId="WDU19940430163" xTitle="Ustawa z dnia 4 marca 1994 r. o zakładowym funduszu świadczeń socjalnych" xAddress="Dz. U. z 1994 r. Nr 43, poz. 163">§ 5 pkt 4</xLexLink> zawierał treść: „przyznawanie ulgowych usług i świadczeń oraz wysokość dopłat z Funduszu uzależniona jest od sytuacji życiowej, rodzinnej i materialnej osoby uprawnionej od korzystania z Funduszu”. (niezależnie od wymogu zawartego w <xLexLink xArt="art. 8 § 5 pkt. 6" xIsapId="WDU19940430163" xTitle="Ustawa z dnia 4 marca 1994 r. o zakładowym funduszu świadczeń socjalnych" xAddress="Dz. U. z 1994 r. Nr 43, poz. 163">pkt 6)</xLexLink>. Treść tego paragrafu to powtórzenie <xLexLink xArt="art. 8;art. 8 ust. 1" xIsapId="WDU19940430163" xTitle="Ustawa z dnia 4 marca 1994 r. o zakładowym funduszu świadczeń socjalnych" xAddress="Dz. U. z 1994 r. Nr 43, poz. 163">art. 8 ust. 1 ustawy z dnia 4 marca 1994 roku o zakładowym funduszu świadczeń socjalnych</xLexLink> (Dz.U. z 1996r., Nr 70 poz. 335 ze zm.), który stanowi, że przyznawanie ulgowych usług i świadczeń oraz wysokość dopłat z Funduszu uzależnia się od sytuacji życiowej, rodzinnej i materialnej osoby uprawnionej do korzystania z Funduszu.</xText>
          <xText>Co do zasady więc Regulamin z dnia 27 lutego 2002 roku (po zmianach z 2004r.) odpowiada wymogom ustawowym. Problem polega jednak na tym, że pracodawca przyznawał świadczenia z Funduszu, a także ustalał ich wysokość w sprzeczności do treści § 5 pkt 4 regulaminu.</xText>
          <xText>Regulamin z dnia 27 lutego 2002 roku nie określał w jaki sposób pracodawca ma ustalać sytuację życiową, rodzinną i materialną osoby uprawnionej do korzystania z Funduszu. Brak w Regulaminie jakichkolwiek reguł odnoszących się do sposobu ustalania przez pracodawcę sytuacji socjalnej, tj. życiowej, rodzinnej i materialnej osoby uprawnionej. Brak ten nie oznacza, że pracodawca był zwolniony od dokonania powyższych ustaleń. Fundusz Świadczeń Socjalnych jest instytucją prawną, która ma łagodzić różnice w poziomie życia pracowników i ich rodzin. Jest on wyrazem funkcji społecznej zakładu pracy, zaś jego adresatami są zwłaszcza rodziny o najniższych dochodach. Art. 8 ust. 2 ustawy wymaga, by pracodawca w regulaminie - uzgodnionym z zakładowymi organizacjami związkowymi - ustalił między innymi "warunki korzystania przez osoby uprawnione z usług i świadczeń finansowanych z Funduszu". Treść art. 8 ust. 1 ustawy uzasadnia tezę, że pracodawca nie może ustalić tych warunków według wybranych przez siebie kryteriów, z pominięciem naczelnej zasady wyrażonej w tym przepisie, tej mianowicie, że przyznawanie ulgowych usług i świadczeń oraz wysokość dopłat z Funduszu zostały uzależnione wyłącznie od sytuacji życiowej, rodzinnej i materialnej osoby uprawnionej do korzystania z Funduszu. Jest to tzw. kryterium socjalne, którego przyjęcie przez ustawodawcę prowadzi do wniosku, że jest wykluczone przyznawanie ulgowych usług i świadczeń z Funduszu ogółowi zatrudnionych w tej samej wysokości, według zasady "każdemu po równo". Doświadczenie życiowe pokazuje zarazem, że jest mało prawdopodobne, by dwie osoby uprawnione pozostawały w jednakowej sytuacji materialnej, życiowej i rodzinnej, a tylko taka (lub bardzo zbliżona) pozwalałaby na przyznanie świadczeń w tej samej wysokości. Tym bardziej więc możliwość taką należy wyłączyć, gdy uprawnionymi jest kilka, kilkanaście czy kilkadziesiąt osób. (por. wyrok SN z 20.08.2001r., I PKN 597/00, OSNP 2003/14/331). Skoro środki z Funduszu mają łagodzić różnice w poziomie życia pracowników i ich rodzin i wyrównywać sytuację bytową, socjalną pracowników, to muszą istnieć obiektywne i sprawdzalne kryteria oceny tej sytuacji. <xLexLink xArt="" xIsapId="WDU19940430163" xTitle="Ustawa z dnia 4 marca 1994 r. o zakładowym funduszu świadczeń socjalnych" xAddress="Dz. U. z 1994 r. Nr 43, poz. 163">Ustawa z dnia 4 marca 1994 roku o zakładowym funduszu świadczeń socjalnych</xLexLink> (Dz.U. z 1996r., Nr 70 poz. 335 ze zm.) w art. 8 ust. 1 stanowi, że przyznawanie ulgowych usług i świadczeń oraz wysokość dopłat z Funduszu uzależnia się od sytuacji życiowej, rodzinnej i materialnej osoby uprawnionej do korzystania z Funduszu. W ust. 2 - zasady i warunki korzystania z usług i świadczeń finansowanych z Funduszu, z uwzględnieniem ust. 1, oraz zasady przeznaczania środków Funduszu na poszczególne cele i rodzaje działalności socjalnej określa pracodawca w regulaminie ustalanym zgodnie z art. 27 ust. 1 albo z art. 30 ust. 5 ustawy o związkach zawodowych. Pracodawca, u którego nie działa zakładowa organizacja związkowa, uzgadnia regulamin z pracownikiem wybranym przez załogę do reprezentowania jej interesów. Zatem także ustawa nie wskazuje w jaki sposób pracodawca ma ustalić sytuację życiową, rodzinną i materialną osoby uprawnionej do korzystania z Funduszu. Oznacza to, że pracodawca ma swobodę w zakresie, na podstawie jakich danych powyższą sytuację ustali. Może zatem dokonać tego na przykład w oparciu o wysokość średniego dochodu na jednego członka rodziny. Ten sposób oceny sytuacji życiowej, rodzinnej i materialnej jest akceptowany w orzecznictwie Sądu Najwyższego jako usprawiedliwione kryterium oceny tej sytuacji, bo jest to obiektywnie czytelny i miarodajny sposób oceny zasadności ubiegania się o świadczenie z Funduszu (por. wyrok SN z 6.02.2008r., II PK 156/07, OSNP 2009/7-8/96). Pracodawca ma także swobodę w doborze instrumentów, przy pomocy których ustali sytuację socjalną (życiową, rodzinną i materialną) osób uprawnionych. Może tego dokonać np. poprzez zobowiązanie ubiegającego się o świadczenie pracownika do złożenia oświadczenia, bądź wniosku, w którym znajdą się wszystkie niezbędne informacje dotyczące sytuacji rodzinnej, życiowej i materialnej tego pracownika, czyli takie informacje, które pozwolą pracodawcy, w zgodzie z ustawą i regulaminem Funduszu, ustalić sytuację życiową, rodzinną i materialną. Ważne jest aby przed przyznaniem świadczenia z Funduszu pracodawca rzeczywiście uzależnił samo przyznanie świadczenia, a następnie jego wysokość od sytuacji socjalnej pracownika.</xText>
          <xText>Z materiału dowodowego sprawy wynika jednoznacznie, że pracodawca przed przyznaniem spornych świadczeń z ZFŚS, tj. bonów na Boże Narodzenie, bonów na Wielkanoc, dopłat do wczasów i umorzenia pożyczki mieszkaniowej, nie wiedział, bo nie badał i nie ustalił, jaka jest sytuacja życiowa, rodzinna i materialna pracowników, którym te świadczenia przyznał. Do takiego wniosku prowadzi wprost treść protokołu z zebrania Komisji Zakładowej <xAnon> (...)</xAnon> i <xAnon> Związku Zawodowego (...)</xAnon> oraz Rady Pracowników przy <xAnon> (...) Spółka z o.o.</xAnon> z Zarządem Spółki z dnia 16 marca 2007 roku, treść porozumienia Zarządu <xAnon> Przedsiębiorstwa (...)</xAnon> w <xAnon>S.</xAnon> zawartego z Komisją Zakładową <xAnon> (...)</xAnon> oraz Zarządem <xAnon> Związku Zawodowego (...)</xAnon> w <xAnon>S.</xAnon> z dnia 16 marca 2007 roku i treść uchwały Komisji Zakładowej <xAnon> (...)</xAnon> i Związku Zawodowego przy <xAnon> (...)</xAnon> w <xAnon>S.</xAnon> z Spółka z o.o. z dnia 16 marca 2007 roku. Z porozumienia wynika, że w okresie trudnej sytuacji bytowej pracowników pomoc socjalna będzie udzielana w jednakowej wysokości, a z uchwały, że na Święta Bożego Narodzenia bony towarowe będą w wysokości ok. 500 zł. Także w kolejnych latach 2008, 2009 i 2010 podział Funduszu Socjalnego odbywał się po równo i w nawiązaniu do porozumienia z dnia 16 marca 2007 roku. Na uwagę zasługuje przy tym protokół z dnia 21 listopada 2008 roku, w którym wprost stwierdza się, że z uwagi na brak możliwości spełnienia żądań załogi wprowadzenia 50% podwyżki płac postanowiono uruchomić świadczenia z Funduszu Socjalnego w wysokości 500 zł - bony, na jednego zatrudnionego. Treść powyższych porozumień i uchwał prowadzi do jednoznacznego wniosku, że z Funduszu Socjalnego pracodawca wypłacił pracownikom dodatkowe wynagrodzenie ze stosunku pracy, na które nie stać go było w ramach własnych środków finansowych. Rozdysponował więc środki Funduszu niezgodnie z ustawą i niezgodnie z Regulaminem. Wypłacone z Funduszu świadczenia miały rekompensować niskie zarobki i brak podwyżek, uspokoić negatywne nastroje pracowników. Ich wypłata i wysokość nie były poprzedzone ustaleniami dotyczącymi sytuacji życiowej, materialnej i rodzinnej każdego pracownika, któremu te świadczenia wypłacono. Pracodawca podał, że wysokość bonów świątecznych była uzależniona od grupy, w której znalazł się pracownik, grupy były trzy i zależały od stanowiska, które pracownik zajmował, różnice wynosiły ok. 30 zł. Uzależnienie wysokości świadczenia tylko od grupy, w której pracownik się znalazł, nie spełnia przesłanki sytuacji życiowej, rodzinnej i materialnej z tej prostej przyczyny, że nawet w ramach poszczególnych grup wynagrodzenia różniły się między sobą. Sytuacja bytowa pracowników nie była więc identyczna, czy nawet zbliżona. Wynagrodzenie pracownika mogło by być uznane za kryterium oceny sytuacji materialnej, życiowej i rodzinnej tylko wówczas, gdyby pracownicy ci znajdowali się w takiej samej sytuacji życiowej i rodzinnej. Tego jednak pracodawca nie ustalał. W istocie zatem sporne świadczenia zostały wypłacone wprawdzie z Funduszu Świadczeń Socjalnych, lecz nie na warunkach wynikających z Regulaminu, a więc nie mogą one zostać uznane za świadczenia finansowane ze środków przeznaczonych na cele socjalne w ramach zakładowego funduszu świadczeń socjalnych w rozumieniu <xLexLink xArt="§ 2;§ 2 ust. 1;§ 2 ust. 1 pkt. 19" xIsapId="WDU19981611106" xTitle="Rozporządzenie Ministra Pracy i Polityki Socjalnej z dnia 18 grudnia 1998 r. w sprawie szczegółowych zasad ustalania podstawy wymiaru składek na ubezpieczenia emerytalne i rentowe" xAddress="Dz. U. z 1998 r. Nr 161, poz. 1106">§ 2 ust. 1 pkt 19 rozporządzenia Ministra Pracy i Polityki Socjalnej z 18 grudnia 1998 r. w sprawie szczegółowych zasad ustalania podstawy wymiaru składek na ubezpieczenie emerytalne i rentowe</xLexLink>. (por. wyrok Sądu Najwyższego z 20.06.2012r., I UK 140/12, opubl. Legalis).</xText>
          <xText>W ocenie Sądu Apelacyjnego uchwały z 2007, 2008, 2009 i 2010 roku oraz Regulamin, który nie przewidywał w jaki sposób pracownik ma wykazać swoją sytuację życiową, rodzinną i materialną, świadczą, że pracodawca nie zamierzał udzielać spornych świadczeń (bony świąteczne, dofinansowanie do wczasów, umorzenie pożyczki mieszkaniowej) oraz uzależniać ich wysokości od sytuacji rodzinnej, życiowej i materialnej pracowników. Przepis <xLexLink xArt="art. 8;art. 8 ust. 1" xIsapId="WDU19940430163" xTitle="Ustawa z dnia 4 marca 1994 r. o zakładowym funduszu świadczeń socjalnych" xAddress="Dz. U. z 1994 r. Nr 43, poz. 163">art. 8 ust. 1 ustawy z dnia 4 marca 1994 roku o zakładowym funduszu świadczeń socjalnych</xLexLink> (tj. Dz.U. z 2012r., poz. 592) wyraźnie wiąże wysokość przyznawanego świadczenia (będącego pomocą finansową w rozumieniu art. 2 ust. 1 ustawy) z rozpatrywaną łącznie sytuacją życiową, rodzinną i materialną osoby uprawnionej. O ile zbliżona sytuacja materialna i rodzinna pracowników prowadzi do oceny, że przyznanie im świadczeń w tej samej wysokości nie narusza <xLexLink xArt="art. 8;art. 8 ust. 1" xIsapId="WDU19940430163" xTitle="Ustawa z dnia 4 marca 1994 r. o zakładowym funduszu świadczeń socjalnych" xAddress="Dz. U. z 1994 r. Nr 43, poz. 163">art. 8 ust. 1 ustawy o zakładowym funduszu świadczeń socjalnych</xLexLink>, o tyle winna być ona rozpatrywana indywidualnie w sposób przewidziany w regulaminie zakładowego funduszu świadczeń socjalnych. Regulamin zakładowego funduszu świadczeń socjalnych stanowi podstawę prawną ustalającą warunki korzystania ze świadczeń socjalnych przez osoby uprawione. Dokument ten należy kwalifikować jako wewnątrzzakładowy akt normatywny precyzujący zasady gospodarowania środkami funduszu. Postanowienia regulaminu funduszu wiążą pracodawcę oraz osoby uprawione w zakresie zakładowej działalności socjalnej. Przyznanie zaś świadczenia poza wymaganym trybem - nawet za zgodą organizacji związkowej - oznacza naruszenie przez pracodawcę regulaminu wykorzystania zakładowego funduszu świadczeń socjalnych, a tym samym naruszenie <xLexLink xArt="art. 8;art. 8 ust. 2" xIsapId="WDU19940430163" xTitle="Ustawa z dnia 4 marca 1994 r. o zakładowym funduszu świadczeń socjalnych" xAddress="Dz. U. z 1994 r. Nr 43, poz. 163">art. 8 ust. 2 ustawy o zakładowym funduszu świadczeń socjalnych</xLexLink>. (por. wyrok Sądu Najwyższego 20.06.2012r., I UK 140/12, opubl. Legalis).</xText>
          <xText>Nietrafny jest zarzut, że wypłacone, sporne świadczenia były świadczeniami wypłaconymi bez podstawy prawnej, a więc były świadczeniami nienależnymi i dlatego nie podlegają oskładkowaniu. Zgodnie z utrwaloną i akceptowaną linią orzeczniczą Sądu Najwyższego zwolnione od konieczności opłacania składek na ubezpieczenia są tylko takie wypłaty z zakładowego funduszu socjalnego, których dokonano z zastosowaniem kryterium socjalnego, tj. z uwzględnieniem sytuacji życiowej, rodzinnej i materialnej osoby uprawnionej do korzystania z funduszu. (por. postanowienie Sądu Najwyższego z 14.05.2012r., I UZ 15/12, opubl. Legalis ). Także w wyroku z dnia 19 września 2009 roku (I UK 121/09, OSN 2011/9-10/133) Sąd Najwyższy wskazał, że pomoc z ZFŚS musi być uzależniona od sytuacji życiowej, rodzinnej i materialnej pracownika. Jeżeli wszyscy pracownicy otrzymali bony towarowe o jednakowej wartości to bony te trzeba ocenić jako świadczenie dodatkowe pracodawcy. Wypłata bonów towarowych nie mająca charakteru socjalnego jest przychodem pracownika w rozumieniu <xLexLink xArt="art. 12;art. 12 ust. 1" xIsapId="WDU19910800350" xTitle="Ustawa z dnia 26 lipca 1991 r. o podatku dochodowym od osób fizycznych" xAddress="Dz. U. z 1991 r. Nr 80, poz. 350">art. 12 ust. 1 ustawy z 26 lipca 1991 roku o podatku dochodowym od osób fizycznych</xLexLink> (tj. Dz.U. z 2000r., Nr 14, poz. 176 ze zm.), który to przychód stanowi podstawę wymiaru składek na ubezpieczenie społeczne. Jest to przychód ze stosunku pracy. Podstawowa zasada dysponowania środkami funduszu została określona w <xLexLink xArt="art. 8;art. 8 ust. 2" xIsapId="WDU19940430163" xTitle="Ustawa z dnia 4 marca 1994 r. o zakładowym funduszu świadczeń socjalnych" xAddress="Dz. U. z 1994 r. Nr 43, poz. 163">art. 8 ust. 2 ustawy o zakładowym funduszu świadczeń socjalnych</xLexLink>. Z zasady tej wynika, że przyznawanie ulgowych świadczeń i wysokość dopłat z funduszu powinny być uzależnione od sytuacji życiowej, rodzinnej i materialnej osoby korzystającej z funduszu. Nie ma w tym zakresie wyjątków. Nawet regulamin zakładowego funduszu świadczeń socjalnych nie może zmienić tej zasady. Pomoc z funduszu może być dokonywana jedynie wówczas, gdy uzależnia się jej przyznawanie od sytuacji życiowej, rodzinnej i materialnej pracownika. Przyznane pracownikom spółki sporne świadczenia nie były uzależnione od tej sytuacji ani na etapie przyznawania, ani na etapie ustalania wysokości, co spowodowało, że świadczenia te trzeba ocenić jako świadczenie dodatkowe pracodawcy, a nie świadczenia z funduszu świadczeń socjalnych, ze wszystkimi tego konsekwencjami prawnymi tak wobec pracowników, jak wobec płatnika składek i jednocześnie pracodawcy. Jako przychód stanowiący podstawę wymiaru składek (<xLexLink xArt="art. 18;art. 18 ust. 1" xIsapId="WDU19981370887" xTitle="Ustawa z dnia 13 października 1998 r. o systemie ubezpieczeń społecznych" xAddress="Dz. U. z 1998 r. Nr 137, poz. 887">art. 18 ust. 1 ustawy z dnia 13 października 1998r. o systemie ubezpieczeń społecznych</xLexLink> w zw. z <xLexLink xArt="§ 1" xIsapId="WDU19981611106" xTitle="Rozporządzenie Ministra Pracy i Polityki Socjalnej z dnia 18 grudnia 1998 r. w sprawie szczegółowych zasad ustalania podstawy wymiaru składek na ubezpieczenia emerytalne i rentowe" xAddress="Dz. U. z 1998 r. Nr 161, poz. 1106">§ 1 rozporządzenia Ministra Pracy i Polityki Socjalnej z dnia 18 grudnia 1998 roku</xLexLink> [Dz.U. Nr 161, poz. 1106] oraz <xLexLink xArt="art. 81;art. 81 ust. 1" xIsapId="WDU20042102135" xTitle="Ustawa z dnia 27 sierpnia 2004 r. o świadczeniach opieki zdrowotnej finansowanych ze środków publicznych" xAddress="Dz. U. z 2004 r. Nr 210, poz. 2135">art. 81 ust. 1 ustawy z dnia 27 sierpnia 2004 roku o świadczeniach opieki zdrowotnej finansowanych ze środków publicznych</xLexLink>). Nie zachodzi tu więc o wyłączenie przewidziane w § 2 ust. 1 pkt 19 wymienionego rozporządzenia (por. też wyroki: SN z 16 sierpnia 2005r., I PK 12/05, OSNP 2006/11 - 12/ 182 i z 16 września 2009r., I UK 121/09, OSNP 2011/9 - 10/133, wyrok Sądu Apelacyjnego w Białymstoku z 18 października 2011r., III AUa 851/11, opubl: Orzecznictwo Sądów Apelacji Białostockiej rok 2011/2-3/82, wyrok Sądu Apelacyjnego w Łodzi z 29 marca 2011r., III AUa 541/2010, OSA 2012/3/5).</xText>
          <xText>Nie jest także zasady zarzut naruszenia zasady prawdy materialnej, określonej w <xLexLink xArt="art. 3" xIsapId="WDU19640430296" xTitle="Ustawa z dnia 17 listopada 1964 r. - Kodeks postępowania cywilnego" xAddress="Dz. U. z 1964 r. Nr 43, poz. 296">art. 3 k.p.c.</xLexLink>, w myśl której wynikiem postępowania cywilnego ma być orzeczenie zgodne z prawdą, bowiem nie jest wykluczone, że niektórzy z pracowników byliby uprawnieni do przyznania im pomocy z ZFŚS. Jednakże powyższe ustalenia wskazują, a w szczególności okoliczności ich przyznawania, że świadczenia te były świadczeniami dodatkowymi pracodawcy i nie miału charakteru socjalnego. Odnośnie dofinansowania do wczasów, to zainteresowani pracownicy <xAnon>J. R.</xAnon>, <xAnon>J. S.</xAnon>, <xAnon>W. S.</xAnon>, <xAnon>R. R.</xAnon>, <xAnon>K. S.</xAnon>, <xAnon>Z. B.</xAnon>, <xAnon>J. B.</xAnon>, <xAnon>G. S.</xAnon>, <xAnon>D. B.</xAnon>, <xAnon>S. C.</xAnon>, <xAnon>M. B.</xAnon> - otrzymali w lipcu 2010 roku po 180 zł z tego tytułu. Brak jest w materiale dowodowym danych dlaczego osoby te powyższe dofinansowanie otrzymały i na jakiej podstawie. Brak jest wniosków pracowników i decyzji komisji socjalnej. W apelacji temat dofinansowania do wczasów nie został w ogóle podniesiony przez skarżącego. Uznać zatem należy, że przed przyznaniem dofinansowania pracodawca nie badał sytuacji życiowej, rodzinnej i materialnej pracowników, świadczenie nie miało charakteru świadczenia socjalnego, a więc decyzje ZUS o oskładkowaniu tego świadczenia są prawidłowe. Z treści § 5 pkt 6 Regulaminu wynika natomiast, że osoby uprawnione mają prawo do korzystania z wczasów pracowniczych raz na dwa lata po złożeniu wniosku o dofinansowanie, a odpłatność za wczasy ustala się na 30% skierowania. Pracodawca nie wykazał, że udzielone dofinansowanie w kwocie 180 zł., jest świadczeniem socjalnym i ma oparcie w ustawie i Regulaminie.</xText>
          <xText>Odnośnie umorzenia pożyczki mieszkaniowej za nietrafny uznać należy zarzut naruszenia art. 2 pkt 1 ustawy z 4 marca 1994 roku przez przyjęcie, że dyspozycja art. 8 ust. 1 dotyczy także pożyczek mieszkaniowych. Okoliczność, że pomocy tej udziela się na podstawie umowy nie oznacza, że nie jest to świadczenie socjalne, skoro sam pracodawca ustalił, że pomoc na cele mieszkaniowe, w tym na remont i modernizację lokali mieszkalnych i domków jednorodzinnych jest świadczeniem finansowanym z Funduszu Socjalnego. Stanowi o tym wyraźnie § 2 punkt II Regulaminu. Natomiast w § 5 pkt 4 oraz § 15 Regulaminu wymienione są kryteria, jakimi musi kierować się pracodawca przyznając ulgowe usługi i świadczenia z Funduszu, w tym na pożyczki określone w § 2 punki II. Obowiązek zawarcia indywidualnej umowy, o czym mowa w § 6 pkt 3 Regulaminu, nie przekreśla socjalnego charakteru tego świadczenia. Ponadto skoro według skarżącego, do pożyczki mieszkaniowej nie ma zastosowania art. 8 ust. 1 ustawy z 4 marca 1994 roku, to skarżący wyraża tym samym pogląd, że świadczenie to nie jest świadczeniem socjalnym, co prowadzi do prostego już wniosku, że musi być oskładkowane na ogólnych zasadach jako świadczenie dodatkowe ze stosunku pracy. Ponieważ ustawa w art. 8 ust. 1 stanowi, że przyznawanie ulgowych usług i świadczeń oraz wysokość dopłat z Funduszu uzależnia się od sytuacji życiowej, rodzinnej i materialnej osoby uprawnionej do korzystania z Funduszu, to stanowisko, że do przyznania pożyczki mieszkaniowej sytuacji tej się nie bada oznacza, że nie jest to świadczenie socjalne. W niniejszej sprawie zainteresowani pracownicy złożyli wnioski o umorzenie pożyczki przyznanej na remont, jednakże brak jest jakichkolwiek dowodów na okoliczność, jakie przesłanki zadecydowały aby wszystkim pracownikom te pożyczki umorzyć. Nie można za takie uznać jednakowej treści lakonicznych stanowisk komisji, które nie zawierają żadnych konkretnych danych. Stanowiska te są identyczne na każdym wniosku. Jednocześnie sami zainteresowani nie wskazali powodów uzasadniających wystąpienie z wnioskiem o umorzenie pożyczek. Z kolei § 11 Regulaminu przewidywał umorzenie pożyczki, ale tylko w uzasadnionych przypadkach. Brak obiektywnych dowodów na okoliczność, że w stosunku do pracowników <xAnon>J. R.</xAnon>, <xAnon>J. S.</xAnon>, <xAnon>W. S.</xAnon>, <xAnon>R. R.</xAnon>, <xAnon>K. S.</xAnon>, <xAnon>Z. B.</xAnon>, <xAnon>J. G.</xAnon><xAnon>S.</xAnon>, <xAnon>D. B.</xAnon>, <xAnon>S. C.</xAnon>, <xAnon>M. B.</xAnon>, <xAnon>S. B.</xAnon> takie powody rzeczywiście zaistniały. Nie wykazał ich pracodawca, ani też zainteresowani pracownicy.</xText>
          <xText><xAnon>J. R.</xAnon> jako powód umorzenia pożyczki wskazał „wysokie koszty remontu mieszkania”,  <xAnon>J. S.</xAnon> jako powód umorzenia pożyczki wskazał „ ciężką sytuację materialną”, <xAnon>W. S.</xAnon> jako powód umorzenia pożyczki wskazał „ciężką sytuację materialną”, <xAnon>R. R.</xAnon> jako powód umorzenia pożyczki wskazał „ciężką sytuację materialną”. <xAnon>S. B.</xAnon> jako powód umorzenia pożyczki wskazał „chorobę”, <xAnon>K. S.</xAnon> jako powód umorzenia pożyczki wskazał „ciężką sytuację materialną”, <xAnon>Z. B.</xAnon> wskazała „wysokie koszty ocieplenia budynku mieszkalnego”, <xAnon>J. B.</xAnon> jako powód umorzenia pożyczki wskazała „wysokie koszty remontu mieszkania”, <xAnon>G. S.</xAnon> wskazała „długotrwałą chorobę”, <xAnon>D. B.</xAnon> jako powód umorzenia pożyczki wskazał „ciężką sytuację materialną”, <xAnon>S. C.</xAnon> jako powód umorzenia pożyczki wskazał „wysokie koszty remontu mieszkania”, a <xAnon>M. B.</xAnon> jako powód umorzenia pożyczki wskazała „ wysokie koszty remontu mieszkania”. Powyższe oznacza, że w rzeczywistości zamiarem pracodawcy było umorzenie wszystkim pracownikom pożyczek, a nie umorzenie tych pożyczek z uzasadnionych powodów, które pracownik musiałby podać pracodawcy i które podlegałyby ocenie zgodnie z Regulaminem.</xText>
          <xText>Nietrafny jest także zarzut naruszenia prawa materialnego § 2 ust. 1 pkt 19 rozporządzenia M.P. i P.S. z 18.12.1998r. Przepis ten nie może być interpretowany z pominięciem treści <xLexLink xArt="art. 8;art. 8 ust. 1" xIsapId="WDU19940430163" xTitle="Ustawa z dnia 4 marca 1994 r. o zakładowym funduszu świadczeń socjalnych" xAddress="Dz. U. z 1994 r. Nr 43, poz. 163">art. 8 ust. 1 ustawy z 4 marca 1994 roku o zakładowym funduszu świadczeń socjalnych</xLexLink>. Kwestia ta była przedmiotem rozważań SN, który w wyroku z dnia 16.09.2009 r., I UK 121/09, wyraził stanowczy pogląd, że jeżeli wypłata bonów towarowych nie ma charakteru socjalnego, gdyż nie wiąże otrzymania bonów z kryterium socjalnym, to bony należy uznać za przychód w rozumieniu <xLexLink xArt="art. 12;art. 12 ust. 1" xIsapId="WDU19720530339" xTitle="Ustawa z dnia 16 grudnia 1972 r. o podatku dochodowym" xAddress="Dz. U. z 1972 r. Nr 53, poz. 339">art. 12 ust. 1 ustawy o podatku dochodowym</xLexLink>, który to przychód stanowi podstawę wymiaru składek.</xText>
          <xText>Równie chybiony jest zarzut naruszenia <xLexLink xArt="art. 7;art. 6" xIsapId="WDU19600300168" xTitle="Ustawa z dnia 14 czerwca 1960 r. - Kodeks postępowania administracyjnego" xAddress="Dz. U. z 1960 r. Nr 30, poz. 168">art. 7 i 6 k.p.a.</xLexLink> w zw. z <xLexLink xArt="art. 123" xIsapId="WDU19600300168" xTitle="Ustawa z dnia 14 czerwca 1960 r. - Kodeks postępowania administracyjnego" xAddress="Dz. U. z 1960 r. Nr 30, poz. 168">art. 123 k.p.a.</xLexLink> z uzasadnieniem, że zaskarżony wyrok narusza zasadę ochrony praw nabytych oraz zasadę równego traktowania pracowników. Wieloletnia błędna, a wręcz sprzeczna z prawem, praktyka pracodawcy w zakresie przyznawania świadczeń z Funduszu Socjalnego nie może powodować nabycia jakiegokolwiek prawa. W wyroku z dnia 25 sierpnia 2004 roku (I PK 22/03,OSN 2005/6/80) Sąd Najwyższy wyraził pogląd, że „pracodawca, który narusza <xLexLink xArt="art. 8;art. 8 ust. 1" xIsapId="WDU19940430163" xTitle="Ustawa z dnia 4 marca 1994 r. o zakładowym funduszu świadczeń socjalnych" xAddress="Dz. U. z 1994 r. Nr 43, poz. 163">art. 8 ust. 1 ustawy z dnia 4 marca 1994 roku o zakładowym funduszu świadczeń socjalnych</xLexLink> (…) przez wydatkowanie środków z tego funduszu bez zachowania kryterium socjalnego, nie może powoływać się na klauzule generalne określone w <xLexLink xArt="art. 8" xIsapId="WDU19740240141" xTitle="Ustawa z dnia 26 czerwca 1974 r. - Kodeks pracy" xAddress="Dz. U. z 1974 r. Nr 24, poz. 141">art. 8 k.p.</xLexLink> (…) W samych zasadach wydatkowania środków z tego funduszu określonych w ustawie zawarte są bowiem zasady współżycia społecznego oraz społeczno-gospodarcze przeznaczenie środków z tego funduszu. Zgodnie z art. 8 ust. 1 ustawy, przyznawanie ulgowych usług i świadczeń oraz wysokość dopłat z funduszu uzależnia się od sytuacji życiowej, rodzinnej i materialnej osoby uprawnionej do korzystania z funduszu. Sprzeczne z ustawą jest więc wydatkowanie środków funduszu niezgodnie z zasadą ich przyznawania według kryterium socjalnego, to jest kryterium uzależniającego przyznawanie ulgowych usług i świadczeń wyłącznie od sytuacji życiowej, rodzinnej i materialnej osoby uprawnionej do korzystania z funduszu. Wynika z tego, że pracodawca, naruszając przepisy ustawy przez wydatkowanie środków funduszu socjalnego bez zachowania kryterium socjalnego, narusza równocześnie zasady współżycia społecznego oraz działa niezgodnie ze społeczno-gospodarczym przeznaczeniem tych środków, gdyż są one uwzględnione w przepisach ustawy”. Odnośnie zaś naruszenia zasady równego traktowania pracowników, stwierdzić należy, że świadczenia socjalne mają wyrównywać sytuację bytową pracowników i ich rodzin. Takie jest założenie Funduszu Socjalnego, taki jest jego cel i przeznaczenie. Wyrównanie sytuacji bytowej, socjalnej musi zatem prowadzić do zróżnicowania w zakresie przyznawania świadczeń socjalnych, bo i różna jest sytuacja socjalna uprawnionych. Zważywszy na cel jakiemu służą środki z Funduszu Socjalnego oczywiste musi być, że na etapie przyznawania świadczeń oraz ustalania ich wysokości, konieczne jest zróżnicowanie tych świadczeń. Błędna praktyka pracodawcy, a także zaniechanie w zakresie poinformowania pracowników czemu służy Fundusz Socjalny i jakie są zasady przyznawania z niego świadczeń, niewątpliwie spowodowała wśród pracowników przeświadczenie, że świadczenia z Funduszu Socjalnego należą się każdemu i w jednakowej wysokości, a zróżnicowanie świadczeń odbierane jest jako nierówne traktowanie. Myli się jednak skarżący twierdząc, że wadliwa, sprzeczna z prawem praktyka może być źródłem prawa i korzystać z ochrony prawnej. Mając powyższe na uwadze Sąd Apelacyjny na podstawie <xLexLink xArt="art. 385" xIsapId="WDU19640430296" xTitle="Ustawa z dnia 17 listopada 1964 r. - Kodeks postępowania cywilnego" xAddress="Dz. U. z 1964 r. Nr 43, poz. 296">art. 385 k.p.c.</xLexLink> apelacje płatnika oddalił.</xText>
        </xUnit>
      </xBlock>
    </xPart>
  </judgement>
<judgement id="153000000000503_I_ACa_000289_2013_Uz_2013-09-19_001">
    <xPart xEditorFullName="Małgorzata Grzeszczuk" xYear="2013" xLang="PL" xPublisherFullName="Hanna Kwiatkowska" xFromPg="1" xEditor="grzeszczuk" xVolType="15/300000/0000503/ACa" xPublisher="kwiatkowska" xDocType="Uz" xVolNmbr="000289" xVersion="1.0" xToPage="12" xFlag="published">
      <xName>Wyrok+Uzasadnienie</xName>
      <xBlock>
        <xText>
          <xBx>Sygn. akt I A Ca 289/13 </xBx>
        </xText>
        <xUnit xIsTitle="true" xBold="true" xType="part">
          <xName>WYROK</xName>
          <xTitle>W IMIENIU RZECZYPOSPOLITEJ POLSKIEJ</xTitle>
          <xText xALIGNx="right">Dnia 19 września 2013 r.</xText>
          <xText>Sąd Apelacyjny w Lublinie, I Wydział Cywilny</xText>
          <xText>w składzie:</xText>
          <xRows>
            <xCOLGROUPx>
              <xCOLx xWIDTHx="300"/>
              <xCOLx xWIDTHx="355"/>
            </xCOLGROUPx>
            <xRow>
              <xClmn xALIGNx="left" xVALIGNx="top">
                <xText>Przewodniczący - Sędzia</xText>
              </xClmn>
              <xClmn xALIGNx="left" xVALIGNx="top">
                <xText>SA Bożena Oworuszko</xText>
              </xClmn>
            </xRow>
            <xRow>
              <xClmn xALIGNx="left" xVALIGNx="top">
                <xText>Sędzia:</xText>
                <xText>Sędzia:</xText>
              </xClmn>
              <xClmn xALIGNx="left" xVALIGNx="top">
                <xText>SA Walentyna-Łukomska-Drzymała</xText>
                <xText>SA Jolanta Terlecka (spr.)</xText>
              </xClmn>
            </xRow>
            <xRow>
              <xClmn xALIGNx="left" xVALIGNx="top">
                <xText>Protokolant</xText>
              </xClmn>
              <xClmn xALIGNx="left" xVALIGNx="top">
                <xText>st. sekr. sąd. Dorota Kabala</xText>
              </xClmn>
            </xRow>
          </xRows>
          
          <xText>po rozpoznaniu w dniu 5 września 2013 r. w Lublinie na rozprawie</xText>
          
          <xText>sprawy z powództwa <xAnon> (...) Spółki z ograniczoną odpowiedzialnością</xAnon> w <xAnon>W.</xAnon></xText>
          <xText>przeciwko Gminie <xAnon>K.</xAnon></xText>
          <xText>o zapłatę</xText>
          
          <xText>na skutek apelacji obu stron</xText>
          <xText>od wyroku Sądu Okręgowego w Lublinie</xText>
          <xText>z dnia 7 listopada 2011 r., sygn. akt XI GC 274/11</xText>
          
          <xUnit xIsTitle="false" xType="none">
            <xName xSffx=".">I</xName>
            <xText>z apelacji strony pozwanej zmienia częściowo zaskarżony wyrok w punktach I i III w ten sposób, że:</xText>
            <xUnit xIsTitle="false" xType="none">
              <xName xSffx=")">a</xName>
              <xText>zasądzoną w punkcie I kwotę 52.893,08 zł obniża do kwoty 2.783,84 (dwa tysiące siedemset osiemdziesiąt trzy złote osiemdziesiąt cztery grosze);</xText>
            </xUnit>
            <xUnit xIsTitle="false" xType="none">
              <xName xSffx=")">b</xName>
              <xText>w punkcie III zasądza od <xAnon> (...) Spółki z ograniczoną odpowiedzialnością</xAnon> w <xAnon>W.</xAnon> na rzecz Gminy <xAnon>K.</xAnon> kwotę 10.160 (dziesięć tysięcy sto sześćdziesiąt) zł tytułem zwrotu kosztów procesu;</xText>
            </xUnit>
            <xUnit xIsTitle="false" xType="none">
              <xName xSffx=")">c</xName>
              <xText>oddala apelację strony pozwanej w pozostałej części;</xText>
            </xUnit>
          </xUnit>
          <xUnit xIsTitle="false" xType="none">
            <xName xSffx=".">II</xName>
            <xText>oddala apelację strony powodowej;</xText>
          </xUnit>
          <xUnit xIsTitle="false" xType="none">
            <xName xSffx=".">III</xName>
            <xText>zasądza od <xAnon> (...) Spółki z ograniczoną odpowiedzialnością</xAnon> w <xAnon>W.</xAnon> na rzecz Gminy <xAnon>K.</xAnon> kwotę 8.045 (osiem tysięcy czterdzieści pięć) zł tytułem kosztów postępowania apelacyjnego.</xText>
          </xUnit>
          
          <xText>
            <xBx>Sygn. akt I ACa 289/13</xBx>
          </xText>
        </xUnit>
        <xUnit xIsTitle="true" xBold="true" xType="part">
          <xName>UZASADNIENIE</xName>
          <xText><xAnon> (...) Spółka z ograniczoną odpowiedzialnością</xAnon> w <xAnon>W.</xAnon> w pozwie z 28 czerwca 2011r. domagała się zasądzenia od Gminy <xAnon>K.</xAnon> kwoty 130.841,77 zł z odsetkami ustawowymi od 12 stycznia 2011r. do dnia zapłaty i kosztów procesu, wywodząc to roszczenie z umowy o roboty budowlane zawartej przez strony 22 marca 2010r. Twierdziła, że pozwana Gmina niezasadnie potrąciła z przysługującego Spółce wynagrodzenia za roboty wykonane w ramach tej umowy, kary umowne w wysokości kwoty dochodzonej pozwem.</xText>
          <xText>Gmina <xAnon>K.</xAnon> nie uznawała powództwa, wnosiła o jego oddalenie i zasądzenie kosztów procesu. Wywodziła, że potrącenie było zasadne i wynikało z naliczenia kar umownych za zwłokę.</xText>
          <xText>Sąd Okręgowy w Lublinie wyrokiem z dnia 7 listopada 2011r. zasądził od pozwanej na rzecz powódki kwotę 52.893,08 zł z ustawowymi odsetkami w wysokości 13% w stosunku rocznym od 12 stycznia 2011r. z zastrzeżeniem możliwości zmiany stopy procentowej odsetek ustawowych i kosztami procesu oraz oddalił powództwo w pozostałej części (k-211).</xText>
          <xText>Z ustaleń tego Sądu wynika, że strony zawarły 22 marca 2010r. umowę o roboty budowlane polegające na montażu przydomowych oczyszczalni ścieków położonych na terenie Gminy <xAnon>K.</xAnon>. Umowa obejmowała budowę 130 sztuk oczyszczalni; wynagrodzenie miało wynosić 1.930.133,40 zł brutto. Zgodnie z <xAnon>(...)</xAnon> umowy zakończenie budowy miało nastąpić najpóźniej do 30 września 2010r., a przynajmniej połowa prac miała być wykonana do 30 czerwca 2010r. Powódka była zobowiązana do zapłaty kar umownych za zwłokę w wykonaniu przedmiotu umowy w wysokości 0,3% wynagrodzenia za każdy dzień zwłoki <xAnon>(...)</xAnon>). Powódka do realizacji robót przystąpiła na przełomie marca i kwietnia 2010 r., z powodu złych warunków pogodowych w maju wystąpiła do Gminy <xAnon>K.</xAnon> o przesunięcie terminu realizacji I etapu inwestycji do 22 lipca 2010r., na co Gmina nie wyraziła zgody. Pierwszy etap prac został zakończony 14 lipca 2010r., roboty odebrano 21 lipca 2010r. W drugim etapie warunki pogodowe też okresowo uniemożliwiały prace, od maja do 31 sierpnia 2010r. było łącznie 49 dni z deszczem, kiedy prace były przerywane. W trakcie prac wykonawca zastosował większą ilość nadstawek do zbiorników, czego na etapie projektowania nie można było dokładnie określić. Brak dostaw dodatkowych nadstawek opóźnił roboty o 3 tygodnie. Wykonawca musiał też w dwóch wypadkach zastąpić drenaż studniami chłonnymi. W trakcie prac zaszła również konieczność wykonania dodatkowych przepompowni. Na 31 sierpnia 2010r. i 30 września 2010r. prace przy budowie oczyszczalni nie zostały zakończone. Strony 29 września 2010r. zawarły aneks do umowy obniżając liczbę oczyszczalni do 125 i wynagrodzenie do 1.845.897,50 zł. Zakończenie robót nastąpiło 2 listopada 2011r., a odbiór końcowy oczyszczalni nastąpił 17 listopada 2010r. Powódka wystawiła 28 grudnia 2010r. fakturę na kwotę 920.515,41 zł za wykonanie II etapu prac. Pozwana 31 grudnia 2010r. wystawiła notę obciążeniową na kwotę 130.840,77 zł z tytułu naliczenia kar umownych i kwotę tę potrąciła z faktury powódki.</xText>
          <xText>W świetle tych ustaleń, poczynionych w oparciu o bliżej powoływane dowody, Sąd Okręgowy po ich przeanalizowaniu uznał powództwo za częściowo uzasadnione. Z jego argumentacji wynika, że przy bezspornej okoliczności dokonania przez strony odbioru końcowego przedmiotowych robót budowlanych w dniu 17 listopada 2010r. nie zakwalifikował jako zwłoki łącznie 64 dni, gdyż uznał, że takie opóźnienie było spowodowane okolicznościami, za które wykonawca nie ponosi odpowiedzialności (<xLexLink xArt="art. 476" xIsapId="WDU19640160093" xTitle="Ustawa z dnia 23 kwietnia 1964 r. - Kodeks cywilny" xAddress="Dz. U. z 1964 r. Nr 16, poz. 93">art. 476 k.c.</xLexLink> w związku z<xAnon>(...)</xAnon>umowy). Przy czym na owe 64 opóźnienia składały się 49 dni opóźnienia usprawiedliwionego warunkami pogodowymi i 15 dni opóźnienia usprawiedliwionego brakiem odpowiedniej ilości nadstawek. Sąd Okręgowy te 64 dni liczył od 31 sierpnia 2010r. co doprowadziło go do stwierdzenia, że powódka popadła w zwłokę z dniem 3 listopada 2010r. Skoro odbiór końcowy nastąpił 17 listopada 2010r. to pozwana ma prawo do naliczenia kary umownej za 14 dni opóźnienia, co daje 77.947,69 zł (14 dni x 1.855.897,50 zł x 0,3%), którą to kwotę odjął od kwoty potrąconej z wynagrodzenia powódki i zasądził w jego ocenie niezasadnie potrąconą różnicę czyli kwotę 52.893,08 zł (130.840,77 zł - 77.947,69 zł) z odsetkami od dnia wymagalności faktury z dnia 28 grudnia 2010r. W pozostałej części powództwo oddalił. Jako podstawę swojego rozstrzygnięcia powołał przepisy <xLexLink xArt="art. 483;art. 483 § 1" xIsapId="WDU19640160093" xTitle="Ustawa z dnia 23 kwietnia 1964 r. - Kodeks cywilny" xAddress="Dz. U. z 1964 r. Nr 16, poz. 93">art. 483 § 1 k.c.</xLexLink>, <xLexLink xArt="art. 484" xIsapId="WDU19640160093" xTitle="Ustawa z dnia 23 kwietnia 1964 r. - Kodeks cywilny" xAddress="Dz. U. z 1964 r. Nr 16, poz. 93">art. 484 k.c.</xLexLink> i <xLexLink xArt="art. 476" xIsapId="WDU19640160093" xTitle="Ustawa z dnia 23 kwietnia 1964 r. - Kodeks cywilny" xAddress="Dz. U. z 1964 r. Nr 16, poz. 93">art. 476 k.c.</xLexLink>, zaś w zakresie kosztów procesu - <xLexLink xArt="art. 100" xIsapId="WDU19640430296" xTitle="Ustawa z dnia 17 listopada 1964 r. - Kodeks postępowania cywilnego" xAddress="Dz. U. z 1964 r. Nr 43, poz. 296">art. 100 k.p.c.</xLexLink>, dokonując ich stosunkowego rozdzielenia stosownie do wyniku sporu (k-216-224).</xText>
          <xText>Od tego wyroku apelacje wniosły obie strony.</xText>
          <xText>Powodowa Spółka zaskarżyła wyrok w części oddalającej powództwo, tj. co do kwoty 77.947,69 zł (pkt II) zarzucając mu sprzeczność istotnych ustaleń sądu z treścią zebranego w sprawie materiału poprzez przyjęcie, że powódka pozostawała w 14-dniowej zwłoce przy wykonywaniu robót budowlanych na rzecz pozwanej, co nie znajduje odzwierciedlenia w zgromadzonym materiale dowodowym.</xText>
          <xText>Wskazując na powyższe wniosła o zmianę punktu II zaskarżanego wyroku i zasądzenie od pozwanej na jej rzecz kwoty 130.841,77 zł z odsetkami ustawowymi od 12 stycznia 2011r. do dnia zapłaty i kosztami procesu za obie instancje; ewentualnie uchylenie zaskarżanego wyroku i przekazanie sprawy Sądowi Okręgowemu do ponownego rozpoznania (k-253-259).</xText>
          <xText>Pozwana zaskarżyła wyrok w części uwzględniającej powództwo (pkt I i III), zarzucając :</xText>
          <xUnit xIsTitle="false" xType="none">
            <xName xSffx=")">1</xName>
            <xText>naruszenie następujących przepisów prawa procesowego;</xText>
          </xUnit>
          <xUnit xIsTitle="false" xType="none">
            <xName xSffx=")">a</xName>
            <xText><xLexLink xArt="art. 233;art. 233 § 1" xIsapId="WDU19640430296" xTitle="Ustawa z dnia 17 listopada 1964 r. - Kodeks postępowania cywilnego" xAddress="Dz. U. z 1964 r. Nr 43, poz. 296">art. 233 § 1 k.p.c.</xLexLink> poprzez przekroczenie granic swobodnej oceny dowodów przeprowadzonych w niniejszej sprawie, dokonanej wybiórczo, wbrew zasadom logiki i doświadczenia życiowego oraz brak wszechstronnego rozważenia zebranego w sprawie materiału dowodowego, polegające na:</xText>
            <xEnum>
              <xBullet>-</xBullet>
              <xEnumElem>
                <xText>uznaniu, że zeznania świadka <xAnon>G. R.</xAnon> i <xAnon>A. K. (1)</xAnon> są ze sobą zbieżne i przyjęcie tych zeznań za podstawę ustaleń stanu faktycznego, podczas gdy zeznania tych świadków wzajemnie się wykluczają co w konsekwencji doprowadziło do błędnych ustaleń faktycznych, że największy wpływ na realizację tejże umowy miały panujące w okresie od 1 maja do 31 sierpnia 2011r. warunki pogodowe, a ostatecznie do wydania błędnego rozstrzygnięcia,</xText>
              </xEnumElem>
              <xEnumElem>
                <xText>odmowie wiarygodności i mocy dowodowej zeznaniom świadka <xAnon>J. D.</xAnon> jedynie na podstawie stałego powiązania ze stroną pozwaną z racji pełnionej u niej funkcji, chociaż zeznania tego świadka są logiczne i nie stoją w sprzeczności z istotną częścią materiału dowodowego zebranego w sprawie, co w konsekwencji doprowadziło do dokonania błędnego ustalenia stanu faktycznego, iż decydujący wpływ na wykonanie przedmiotowej umowy miały panujące w tym okresie warunki pogodowe,</xText>
              </xEnumElem>
              <xEnumElem>
                <xText>zupełnym pominięciu dla oceny przyczyn mających wpływ na realizację przez powódkę umowy z 22 marca 2010 r., okoliczności za które odpowiedzialność ponosi powód, a w konsekwencji błędnym przyjęciu, że największy wpływ na realizację tejże umowy miały panujące w okresie od 1 maja do 31 sierpnia 2011r. warunki pogodowe, co doprowadziło do wydania nieprawidłowego rozstrzygnięcia,</xText>
              </xEnumElem>
              <xEnumElem>
                <xText>na błędnym ustaleniu, że pierwszy etap prac został zakończony w dniu 14 lipca 2010r. w sytuacji gdy powód zgłosił gotowość do odbioru 65 sztuk przydomowych oczyszczalni ścieków w dniu 30 czerwca 2010r.,</xText>
              </xEnumElem>
            </xEnum>
          </xUnit>
          <xUnit xIsTitle="false" xType="none">
            <xName xSffx=")">b</xName>
            <xText><xLexLink xArt="art. 328;art. 328 § 2" xIsapId="WDU19640430296" xTitle="Ustawa z dnia 17 listopada 1964 r. - Kodeks postępowania cywilnego" xAddress="Dz. U. z 1964 r. Nr 43, poz. 296">art. 328 § 2 k.p.c.</xLexLink> poprzez:</xText>
            <xEnum>
              <xBullet>-</xBullet>
              <xEnumElem>
                <xText>niedostateczne wyjaśnienie w uzasadnieniu wyroku przyczyn dla których, sąd odmówił wiarygodności i mocy dowodowej zeznaniom świadka <xAnon>J. D.</xAnon>,</xText>
              </xEnumElem>
              <xEnumElem>
                <xText>niedostateczne wyjaśnienie z jakich przyczyn Sąd nie uwzględnił zarzutu niewłaściwej organizacji robót,</xText>
              </xEnumElem>
              <xEnumElem>
                <xText>niewyjaśnienie w uzasadnieniu wyroku dlaczego Sąd pierwszej instancji uznaje, że okres usprawiedliwionego opóźnienia powódki wyniósł 64 dni,</xText>
              </xEnumElem>
              <xEnumElem>
                <xText>brak w uzasadnieniu wyroku wskazania czy nieprawidłowości w wykonaniu instalacji elektrycznej miały jakikolwiek wpływ na dotrzymanie terminu wykonania umowy przez powódkę.</xText>
              </xEnumElem>
            </xEnum>
          </xUnit>
          <xUnit xIsTitle="false" xType="none">
            <xName xSffx=")">2</xName>
            <xText>naruszenie przepisów prawa materialnego - <xLexLink xArt="art. 6" xIsapId="WDU19640160093" xTitle="Ustawa z dnia 23 kwietnia 1964 r. - Kodeks cywilny" xAddress="Dz. U. z 1964 r. Nr 16, poz. 93">art. 6 k.c.</xLexLink> poprzez uznanie, że powód uczynił zadość obowiązkowi udowodnienia faktów, z których wywodzi skutki prawne, w sytuacji gdy powód faktycznie nie udowodnił swojego roszczenia, ani nie wykazał, że warunki pogodowe w tym okresie miały decydujący wpływ na niedotrzymanie terminu wykonania przedmiotowej umowy.</xText>
          </xUnit>
          <xText>Wskazując na powyższe wniósł o zmianę zaskarżonego wyroku w części tj. w punktach I i III poprzez oddalenie powództwa w tej części oraz zasądzenie od powoda na rzecz pozwanej kosztów procesu, w tym kosztów zastępstwa procesowego, według norm prawem przepisanych za obie instancje, ewentualnie: o uchylenie zaskarżonego wyroku w zaskarżonej części i przekazanie sprawy sądowi pierwszej instancji do ponownego rozpoznania pozostawiając temu sądowi rozstrzygnięcie o kosztach postępowania apelacyjnego według norm prawem przepisanych (k-241-246).</xText>
          <xText>Sąd Apelacyjny w Lublinie rozpoznając te apelacje stanął na stanowisku, że pozwana Gmina miała pełne podstawy do wyliczenia kar umownych za faktyczny okres opóźnienia w wykonaniu umowy od 30 września do 17 listopada 2010r., a nadto, że dobrowolnie kary te zmiarkowała do wysokości 50%. W tych warunkach uznając ten tylko zarzut za trafny, wyrokiem z dnia 15 lutego 2012r., wydanym w sprawie I A Ca 39/12, uwzględnił apelację strony pozwanej uznając za zbędne odnoszenie się do zarzutu wadliwej oceny zeznań świadków oraz oddalił apelację strony powodowej, jako pozbawioną usprawiedliwionych podstaw (por. cyt. wyrok wraz z uzasadnieniem k-284, 287-291).</xText>
          <xText>Powódka wniosła skargę kasacyjną od tego wyroku opierając ją na obu podstawach przewidzianych <xLexLink xArt="art. 398(3);art. 398(3) § 1;art. 398(3) § 1 pkt. 1;art. 398(3) § 1 pkt. 2" xIsapId="WDU19640430296" xTitle="Ustawa z dnia 17 listopada 1964 r. - Kodeks postępowania cywilnego" xAddress="Dz. U. z 1964 r. Nr 43, poz. 296">art 398<xSUPx>3</xSUPx> § 1 pkt 1 i 2 k.p.c.</xLexLink>(k-295-302). W jej uwzględnieniu Sąd Najwyższy wyrokiem z dnia 8 lutego 2013r., wydanym w sprawie IV CSK 299/12, uchylił zaskarżony wyrok i przekazał sprawę Sądowi Apelacyjnemu do ponownego rozpoznania i orzeczenia o kosztach postępowania kasacyjnego (k-320). Sąd Najwyższy zaaprobował pogląd Sądu Apelacyjnego, że gminie należały się kary umowne za okres od 1 października 2010r. do faktycznego odebrania tych robót, co nastąpiło w dniu 17 listopada 2010r. Zarzucił natomiast temu Sądowi, że pomimo podniesienia tego zarzutu w apelacji powódki, w ogóle nie odniósł się do tego, czy oddanie robót po terminie było następstwem okoliczności za które powodowy wykonawca robót ponosi odpowiedzialność, czy też było to tylko opóźnienie, które nie stanowiło podstawy do naliczenia za ten okres kar umownych przewidzianych w <xAnon>(...)</xAnon>łączącej strony umowy za zwłokę w oddaniu robót. Tym samym doszło do naruszenia <xLexLink xArt="art. 328;art. 328 § 2" xIsapId="WDU19640430296" xTitle="Ustawa z dnia 17 listopada 1964 r. - Kodeks postępowania cywilnego" xAddress="Dz. U. z 1964 r. Nr 43, poz. 296">art. 328 § 2 k.p.c.</xLexLink> i <xLexLink xArt="art. 378;art. 378 § 1" xIsapId="WDU19640430296" xTitle="Ustawa z dnia 17 listopada 1964 r. - Kodeks postępowania cywilnego" xAddress="Dz. U. z 1964 r. Nr 43, poz. 296">art. 378 § 1 k.p.c.</xLexLink>, skoro Sąd ten nie rozpoznał apelacji w jej granicach. Ponadto, wziąwszy pod uwagę, że strony w § 4 umowy o roboty budowlane przewidziały kary umowne za zwłokę w oddaniu przedmiotu umowy, a <xLexLink xArt="" xIsapId="WDU19640160093" xTitle="Ustawa z dnia 23 kwietnia 1964 r. - Kodeks cywilny" xAddress="Dz. U. z 1964 r. Nr 16, poz. 93">kodeks cywilny</xLexLink> wyraźnie odróżnia zwłokę od zwykłego opóźnienia, uznanie w zaskarżonym wyroku, że pozwana Gmina miała prawo do naliczania kar umownych za faktyczny okres opóźnienia, w ocenie Sądu Najwyższego, narusza <xLexLink xArt="art. 476" xIsapId="WDU19640160093" xTitle="Ustawa z dnia 23 kwietnia 1964 r. - Kodeks cywilny" xAddress="Dz. U. z 1964 r. Nr 16, poz. 93">art. 476 k.c.</xLexLink>, który przez zwłokę rozumie tylko takie opóźnienie, które jest następstwem okoliczności za które dłużnik ponosi odpowiedzialność (k-320v-322v).</xText>
          <xText>
            <xBx>Sąd Apelacyjny w Lublinie po ponownym rozpoznaniu sprawy ustalił i zważył, co następuje: </xBx>
          </xText>
          <xText>Apelacja pozwanej Gminy w przeważającej części zasługuje na uwzględnienie, jakkolwiek nie ze wszystkimi jej tezami można się zgodzić. Natomiast apelacja powódki jako bezzasadna podlega oddaleniu.</xText>
          <xText>W pierwszej kolejności wskazać należy, że ze skutkami dla dalszego postępowania Sąd Najwyższy przesądził, że punktem odniesienia do naliczania kar za zwłokę w wykonaniu przedmiotu umowy jest ustalony w <xAnon>(...)</xAnon> dzień 30 września 2010r. Tym samym nie ulega wątpliwości to, że powodowa Spółka pozostawała w opóźnieniu przez 47 dni tj. od 1 października 2010r. aż do daty odbioru czyli do 17 listopada 2010r. Natomiast istota sporu sprowadzała się do kwestii czy to opóźnienie wynika z przyczyn, za które dłużnik <xAnon> Spółka (...)</xAnon> ponosi odpowiedzialność. Innymi słowy czy w tym okresie znajdowała się ona w stanie kwalifikowanego opóźnienia, czyli zwłoki, skoro karę umowną zastrzeżono tylko na wypadek zwłoki w wykonaniu umowy <xAnon>(...)</xAnon> umowy.). Udowodnienie, że 47-dniowe opóźnienie nastąpiło z przyczyn, za które <xAnon> Spółka (...)</xAnon> nie ponosi odpowiedzialności w całości ją obciążało (<xLexLink xArt="art. 6" xIsapId="WDU19640160093" xTitle="Ustawa z dnia 23 kwietnia 1964 r. - Kodeks cywilny" xAddress="Dz. U. z 1964 r. Nr 16, poz. 93">art. 6 k.c.</xLexLink>). Przyjmuje się bowiem, że zakres odpowiedzialności z tytułu kary umownej pokrywa się z zakresem ogólnej odpowiedzialności kontraktowej dłużnika z <xLexLink xArt="art. 471" xIsapId="WDU19640160093" xTitle="Ustawa z dnia 23 kwietnia 1964 r. - Kodeks cywilny" xAddress="Dz. U. z 1964 r. Nr 16, poz. 93">art. 471 k.c.</xLexLink>, skoro od przewidzianego w tym przepisie odszkodowania kara umowna różni się tym, że przysługuje - jak wynika z <xLexLink xArt="art. 484;art. 484 § 1" xIsapId="WDU19640160093" xTitle="Ustawa z dnia 23 kwietnia 1964 r. - Kodeks cywilny" xAddress="Dz. U. z 1964 r. Nr 16, poz. 93">art. 484 § 1 k.c.</xLexLink> - bez względu na wysokość szkody. Z przepisu zaś <xLexLink xArt="art. 476" xIsapId="WDU19640160093" xTitle="Ustawa z dnia 23 kwietnia 1964 r. - Kodeks cywilny" xAddress="Dz. U. z 1964 r. Nr 16, poz. 93">art. 476 k.c.</xLexLink> przewidującego domniemanie prawne zwłoki, jako kwalifikowanego opóźnienia powstałego z przyczyn obciążających dłużnika wynika, że w niniejszym procesie przy bezspornej okoliczności, której wykazanie obciążało pozwaną (wykonanie umowy z przekroczeniem terminu o 47 dni) mogła ona zupełnie biernie oczekiwać, czy powódka zaoferuje dowody obalające to domniemanie. Innymi słowy dla uwolnienia się od obowiązku zapłaty kary umownej powódka miała wykazać, że jej opóźnienie w wykonaniu i oddaniu przedmiotowych robót budowlanych nie było następstwem niezachowania przez nią należytej staranności. Podkreślenia z tego punktu widzenia wymaga, że przy ocenie wszelkich działań względnie zaniechań dłużnika (wykonawcy robót budowlanych) - po pierwsze już zwykłe niedbalstwo wyklucza skuteczną eksulpację. Po drugie, że ową staranność ocenia się według miernika wskazanego w <xLexLink xArt="art. 355;art. 355 § 2" xIsapId="WDU19640160093" xTitle="Ustawa z dnia 23 kwietnia 1964 r. - Kodeks cywilny" xAddress="Dz. U. z 1964 r. Nr 16, poz. 93">art. 355 § 2 k.c.</xLexLink> Tym samym w stanie faktycznym rozpoznawanej sprawy miernikiem właściwym jest wzorzec określający staranność profesjonalnego wykonawcy inwestycji budowlanych i to ten wzorzec, a nie indywidualne cechy czy możliwości wykonawcy, stanowić musi punkt odniesienia przy ocenie konkretnych zachowań strony powodowej. Od profesjonalnego wykonawcy oczekuje się w szczególności dysponowania szeroko rozumianymi możliwościami niezbędnymi do realizacji przyjętego zadania inwestycyjnego, stosowania się do technologii budowy wynikającej z objętego umową projektu, a także przyjętego umownie terminu wykonania robót, realność dotrzymania, którego zważywszy na zakres umówionego zadania winien profesjonalnie ocenić w momencie zawierania umowy.</xText>
          <xText>Podkreślenia również wymaga, że przed Sądem pierwszej instancji stanowiska stron były skrajnie przeciwstawne, ponieważ powódka uważała, że żadne kary umowne ją nie obciążają. Pozwana zaś utrzymywała, że przysługują jej kary umowne za wszystkie dni zwłoki. Treść obu apelacji pokazuje, że takie stanowiska strony nadal podtrzymują.</xText>
          <xText>Odnosząc się do zarzutów obu apelacji dotyczących poprawności ustaleń faktycznych, Sąd Apelacyjny uznał, że na tle całokształtu zgromadzonego materiału dowodowego za udowodnioną można uznać okoliczność, że spośród 47 dni opóźnienia o zwłoce wykonawcy można mówić co do 23 dni, a co do 24 dni jego opóźnienie było usprawiedliwione warunkami atmosferycznymi (o czym niżej).</xText>
          <xText>Podkreślenia przy tym wymagają jeszcze dwie kwestie, które rzutują na zakres kognicji sądu, jak i sposób dokonywania weryfikacji zgromadzonego materiału dowodowego.</xText>
          <xText>Po pierwsze, z uwagi na termin wytoczenia powództwa (29 czerwca 2011r. k-42) przy rozpoznaniu sprawy mają zastosowanie przepisy o postępowaniu odrębnym w sprawach gospodarczych (art. 9 ust. 1 ustawy z dnia 16 września 2011r. o zmianie <xLexLink xArt="" xIsapId="WDU19640430296" xTitle="Ustawa z dnia 17 listopada 1964 r. - Kodeks postępowania cywilnego" xAddress="Dz. U. z 1964 r. Nr 43, poz. 296">ustawy kodeks postępowania cywilnego</xLexLink> oraz niektórych innych ustaw, Dz. U. Nr 233, poz. 1381). Obowiązkiem zatem powódki wynikającym z <xLexLink xArt="art. 479(12);art. 479(12) § 1" xIsapId="WDU19640430296" xTitle="Ustawa z dnia 17 listopada 1964 r. - Kodeks postępowania cywilnego" xAddress="Dz. U. z 1964 r. Nr 43, poz. 296">art. 479<xSUPx>12</xSUPx> § 1 k.p.c.</xLexLink> było powołanie już w pozwie wszystkich twierdzeń oraz dowodów na ich poparcie pod rygorem utraty prawa ich powoływania w toku postępowania. Ponieważ pozwana przedprocesowo dokonała już potrącenia kar umownych z wynagrodzenia należnego <xAnon> Spółce (...)</xAnon> na kwotę następnie dochodzoną pozwem, już w pozwie powódka winna przytoczyć wszystkie twierdzenia i dowody na poparcie swojej tezy, że jej 47 dniowe opóźnienie nastąpiło z przyczyn ją nie obciążających. Pozew koncentruje się na jednym czynniku mającym ekskulpować powódkę tj. opadach deszczu. Również z dalszych wypowiedzi pełnomocnika powódki wynika, że „główną przyczyną opóźnienia były anomalie pogodowe a inne przyczyny nie mają tu znaczenia” (k-157). Tak też twierdził przed Sądem prezes Zarządu powódki <xAnon>T. D.</xAnon> (k-157v,158). W pozwie jedynie marginalnie była mowa o nieprawidłowościach projektu i związanej z tym potrzebie wykonania dodatkowo przepompowni i o problemie nadstawek (k-5) ale te nieprawidłowości wedle twierdzeń pełnomocnika powódki stanowią „kwestie poboczne” (k-175). Strona powodowa kategorycznie twierdziła, że w ogóle nie ma podstaw do naliczania kary umownej i dlatego nie domaga się jej obniżenia, lecz ustalenia, że została przez nią nałożona niesłusznie (k-175v). Zatem podstawa faktyczna pozwu, którą sądy są związane opierała się przede wszystkim twierdzeniu o anomaliach pogodowych jako niezawinionej przyczynie opóźnienia, które w dalszym toku procesu przedstawiane były wręcz jako stan klęski żywiołowej (por. pismo procesowe powódki z 31 sierpnia 2011r.k-175v, co do tego twierdzenia pozwana podniosła zarzut prekluzji - por. jej pismo z 9 września 2011 r. k-179).</xText>
          <xText>Jeśli chodzi o dowody osobowe to w zeznaniach stron (ściślej pozwanej, gdyż nikt ze strony powoda nie został przesłuchany w trybie <xLexLink xArt="art. 299" xIsapId="WDU19640430296" xTitle="Ustawa z dnia 17 listopada 1964 r. - Kodeks postępowania cywilnego" xAddress="Dz. U. z 1964 r. Nr 43, poz. 296">art. 299 k.p.c.</xLexLink>) i świadków były różne twierdzenia co do intensywności opadów deszczu i ich wpływie na tempo prac, czy też o problemie nastawek i jego przyczynach. Praktyka rozpoznawania sporów na tle inwestycji budowlanych pokazuje niejednokrotnie na zawodność relacjonowania zdarzeń dotyczących przebiegu procesu budowlanego przez świadków czy strony z różnych zresztą względów (upływ czasu, subiektywność spostrzeżeń, czy też wdawanie się wypowiedzi ocenne, czy nawet składanie nieprawdziwych zeznań). Dlatego istotne znaczenie ma możliwość zweryfikowania takich twierdzeń dowodami z dokumentów a w miarę potrzeby przy pomocy opinii biegłego. W tym sporze tego dowodu nikt nie zgłaszał. Natomiast dokumentem o zasadniczym z omawianego punktu widzenia znaczeniu jest dziennik budowy. Strony niewątpliwie miały świadomość realizowania przedmiotowej umowy jako zawartej w trybie <xLexLink xArt="" xIsapId="WDU19940760344" xTitle="Ustawa z dnia 10 czerwca 1994 r. o zamówieniach publicznych" xAddress="Dz. U. z 1994 r. Nr 76, poz. 344">ustawy o zamówieniach publicznych</xLexLink>, z wykorzystaniem środków unijnych, gdzie wymogi dokumentowania sposobu jej realizacji są bardziej restrykcyjne z racji chociażby późniejszych kontroli. W sytuacji zaś kiedy zastrzeżono kary umowne za zwłokę, przede wszystkim w interesie pozwanego z racji ciążącego na nim domniemania, że za nią odpowiada, leżało dokonywanie odpowiednich wpisów w dzienniku budowy tych zdarzeń, które rzeczywiście wpływały na sposób czy czas trwania robót.</xText>
          <xText>Przypomnienia wymaga, że generalnie obowiązki dokumentowania nie tylko zakresu ale i warunków wykonywania robót nałożone zostały na kierowników robót. W myśl bowiem <xLexLink xArt="art. 45" xIsapId="WDU19940890414" xTitle="Ustawa z dnia 7 lipca 1994 r. - Prawo budowlane" xAddress="Dz. U. z 1994 r. Nr 89, poz. 414">art. 45</xLexLink> ust <xLexLink xArt="" xIsapId="WDU19940890414" xTitle="Ustawa z dnia 7 lipca 1994 r. - Prawo budowlane" xAddress="Dz. U. z 1994 r. Nr 89, poz. 414">ustawy z dnia 7 lipca 1994 r. - Prawo budowlane</xLexLink> (tekst jednolity: Dz. U. z 2010 r. Nr 243, poz. 1623 z późn. zm.) dziennik budowy stanowi urzędowy dokument przebiegu robót budowlanych oraz zdarzeń i okoliczności zachodzących w toku wykonywania robót. Zgodnie zaś z <xLexLink xArt="§ 11;§ 11 ust. 2" xIsapId="WDU20021080953" xTitle="Rozporządzenie Ministra Infrastruktury z dnia 26 czerwca 2002 r. w sprawie dziennika budowy, montażu i rozbiórki, tablicy informacyjnej oraz ogłoszenia zawierającego dane dotyczące bezpieczeństwa pracy i ochrony zdrowia" xAddress="Dz. U. z 2002 r. Nr 108, poz. 953">§ 11 ust 2 rozporządzenia Ministra Infrastruktury z dnia 26 czerwca 2002 r. w sprawie dziennika budowy, montażu i rozbiórki, tablicy informacyjnej oraz ogłoszenia zawierającego dane dotyczące bezpieczeństwa pracy i ochrony zdrowia</xLexLink> ( Dz.U. Nr 108, poz., 953 ze zm.) za właściwe prowadzenie dziennika budowy, jego stan oraz właściwe przechowywanie na terenie budowy jest odpowiedzialny kierownik budowy.</xText>
          <xText>W aktach sprawy znajdują poświadczone za zgodność z oryginałem kserokopie kart dziennika budowy (k-55-67), które nie były w toku sporu kwestionowane. Jeśli chodzi o wpisy dotyczące warunków atmosferycznych – jest w nim wpis pochodzący z 14 lipca 2010r. kierownika budowy <xAnon>T. B.</xAnon> o zgłoszeniu zakończenia pierwszego etapu budowy przydomowych oczyszczalni ścieków w ilości 65 sztuk oraz wpis z tej samej daty inspektora nadzoru <xAnon>G. R.</xAnon>, że potwierdza wykonanie 65 sztuk oczyszczalni wraz z wpisem, że opóźnienia spowodowane złymi warunkami atmosferycznymi, które uniemożliwiały całkowity montaż oczyszczalni (k-61). Skoro w pierwszym etapie co najmniej połowa oczyszczalni ścieków miała być wykonana i ten etap zakończony do 30 czerwca 2010r <xAnon>(...)</xAnon>umowy) a nastąpiło to 14 lipca 2010r. - Sąd Apelacyjny uznał za udowodnioną powyższym wpisem okoliczność, że to czternastodniowe opóźnienie było spowodowane właśnie złymi warunkami atmosferycznymi. Ponadto, że taka właśnie była data zakończenia pierwszego etapu robót, niezasadnie kwestionowana w apelacji pozwanej. Nie ulega bowiem wątpliwości Sądu Apelacyjnego, że zgłaszane przez powódkę gotowości do obioru w dniu 30 czerwca 2010r., jak i w dniu 30 września 2010r. (k-25) były po prostu fikcją, gdyż w rzeczywistości prace jeszcze trwały (jak zeznała <xAnon>A. K. (2)</xAnon> - podyktowane to było wyłącznie treścią umowy; k-183).</xText>
          <xText>Drugi etap budowy przydomowych oczyszczalni ścieków rozpoczął się 15 lipca 2010r. (k-63) i jeśli chodzi o warunki atmosferyczne za udowodnioną wpisem z 16 sierpnia 2010r. należy uznać okoliczność wstrzymania w tym dniu prac do czasu poprawy pogody, w związku z intensywnymi opadami deszczu i niemożliwością wjazdu sprzętem na posesje (k-64). Z wpisu z 26 sierpnia 2010r. wynika, że w tym dniu wznowiono prace (k-64), a zatem usprawiedliwione opóźnienie wynosiło w tym wypadku 10 dni, co łącznie z wcześniejszym wpisem dotyczącym 10 dni daje 24 dni.</xText>
          <xText>Ze względu na walor dziennika budowy jako dokumentu urzędowego korzystającego z domniemania zgodności z rzeczywistym stanem rzeczy i braku skutecznego obalenia tego domniemania, Sąd odwoławczy za dowolne uważa ustalenie Sądu Okręgowego, że złymi warunkami atmosferycznymi można usprawiedliwić aż 49 dni opóźnienia powódki. Tym samym podziela zarzut naruszenia <xLexLink xArt="art. 233;art. 233 § 1" xIsapId="WDU19640430296" xTitle="Ustawa z dnia 17 listopada 1964 r. - Kodeks postępowania cywilnego" xAddress="Dz. U. z 1964 r. Nr 43, poz. 296">art. 233 § 1 k.p.c.</xLexLink> Nie ma też racji pozwana przyznając wprawdzie, że opady deszczu były lecz tylko utrudniały wykonywanie prac bez znaczącego wpływu na ich opóźnienie. Przeczą temu oba wyżej omówione wpisy w dzienniku budowy.</xText>
          <xText>Ponadto, Sąd Apelacyjny stoi na stanowisku, że nie zaoferowano w toku sporu takiego materiału dowodowego, który w sposób miarodajny pozwoliłby zweryfikować przyjętą przez ten Sąd tezę o kolejnych 15 dniach niezawinionego opóźnienia powódki ze względu na sporny pomiędzy stronami problem z nadstawkami. Ujmowany zresztą wedle twierdzeń pozwu bardzo marginalnie.</xText>
          <xText>Wbrew zarzutowi pozwanej Sąd Okręgowy nie naruszył <xLexLink xArt="art. 328;art. 328 § 2" xIsapId="WDU19640430296" xTitle="Ustawa z dnia 17 listopada 1964 r. - Kodeks postępowania cywilnego" xAddress="Dz. U. z 1964 r. Nr 43, poz. 296">art. 328 § 2 k.p.c.</xLexLink> i to w sposób, który miałby wpływ na wynik sprawy. Uzasadnienie bowiem zaskarżonego wyroku zasadniczo zawiera wymagane tym przepisem elementy a przede wszystkim poddaje się kontroli instancyjnej.</xText>
          <xText>W rezultacie w ramach tej kontroli w wyniku częściowego uwzględnieniu apelacji pozwanej zaskarżony wyrok należało zmienić w punkcie I poprzez obniżenie zasądzonej tam kwoty 52.893,08 zł do kwoty 2.783,84 zł.</xText>
          <xText>Na 47 dni przypadających pomiędzy 1 października a 17 listopada 2010r. (tj. 31 dni października i 16 dni listopada, gdyż daty samego odbioru się nie wlicza, skoro wykonawca nie jest już wtedy w zwłoce) roszczenie o kary umowne na podstawie <xAnon>(...)</xAnon>umowy nr <xAnon>(...)</xAnon>z dnia 22 marca 2010r. oraz <xLexLink xArt="art. 483;art. 483 § 1" xIsapId="WDU19640160093" xTitle="Ustawa z dnia 23 kwietnia 1964 r. - Kodeks cywilny" xAddress="Dz. U. z 1964 r. Nr 16, poz. 93">art. 483 § 1 k.c.</xLexLink> i <xLexLink xArt="art. 484;art. 484 § 1" xIsapId="WDU19640160093" xTitle="Ustawa z dnia 23 kwietnia 1964 r. - Kodeks cywilny" xAddress="Dz. U. z 1964 r. Nr 16, poz. 93">484 § 1 k.c.</xLexLink> przysługiwało pozwanej ze względu na 23 dni zwłoki powódki.</xText>
          <xText>Daje to kwotę 1.855.897,50 zł x 23 dni x 0,3% = 128.056, 93 zł. Tylko taką kwotę pozwana mogła skutecznie potrącić z przysługującej powódce względem niej wierzytelności z tytułu wynagrodzenia za roboty budowlane stosownie do <xLexLink xArt="art. 498;art. 498 § 1" xIsapId="WDU19640160093" xTitle="Ustawa z dnia 23 kwietnia 1964 r. - Kodeks cywilny" xAddress="Dz. U. z 1964 r. Nr 16, poz. 93">art. 498 § 1 k.c.</xLexLink> w związku z <xAnon>(...)</xAnon> umowy (tj. wierzytelności objętej fakturą końcową nr <xAnon> (...)</xAnon> z dnia 28 grudnia 2010r.,k-36). W zakresie w jakim doszło do wzajemnego potrącenia tych wierzytelności uległy one umorzeniu do wysokości wierzytelności niższej (<xLexLink xArt="art. 498;art. 498 § 2" xIsapId="WDU19640160093" xTitle="Ustawa z dnia 23 kwietnia 1964 r. - Kodeks cywilny" xAddress="Dz. U. z 1964 r. Nr 16, poz. 93">art. 498 § 2 k.c.</xLexLink>).</xText>
          <xText>W sytuacji zatem kiedy pozwana dokonała potrącenia na kwotę 130.840,77 zł powódce należy się z niej jeszcze 2.783,84 zł (130.840,77 zł – 128.056,93 zł).</xText>
          <xText>Skoro powódka co do 24 dni pozostawała w opóźnieniu spowodowanym warunkami atmosferycznymi, a nie w zwłoce, to nie powstało dalej idące roszczenie pozwanej o kary umowne. Dlatego w pozostałej części jej apelacja jako bezzasadna podlegała oddaleniu.</xText>
          <xText>W tym stanie rzeczy apelację powódki należało w całości oddalić, gdyż poza trafnym stanowiskiem, że punktem odniesienia do naliczania kar za zwłokę w wykonaniu przedmiotu umowy jest ustalony w <xAnon>(...)</xAnon> dzień 30 września 2010r. reszta zawartej w niej argumentacji ma charakter polemiczny. W tym, w kwestii rzekomego przedłużenia terminu zakończenia prac, która to okoliczność nie ma żadnego uzasadnionego wsparcia w zgromadzonym w sprawie materiale dowodowym. Abstrahując już od rygorów kontraktowania wynikających z <xLexLink xArt="" xIsapId="WDU19940760344" xTitle="Ustawa z dnia 10 czerwca 1994 r. o zamówieniach publicznych" xAddress="Dz. U. z 1994 r. Nr 76, poz. 344">ustawy o zamówieniach publicznych</xLexLink>.</xText>
          <xText>Natomiast ubocznie można odnotować, że pozwana Gmina rzeczywiście uczyniła daleko idące ustępstwo na rzecz powódki, skoro zgodziła się dokonać odbioru końcowego jakkolwiek oczywistym jest, że formalnie mogła się na to nie zgodzić. Postępowanie dowodowe wykazało bowiem, że powodowa Spółka nie dokonywała na bieżąco inwentaryzacji geodezyjnej poszczególnych oczyszczalni przez co doszło do spiętrzenia prac geodezyjnych w końcowym etapie budowy i na dzień odbioru nie dysponowała kompletem wymaganych dokumentów geodezyjnych, wbrew obowiązkowi wynikającemu z <xAnon>(...)</xAnon> w związku z<xAnon>(...)</xAnon>umowy. Brakujące dokumenty pozwana otrzymała dopiero 10 grudnia 2010r. (k-50, 135, 136).</xText>
          <xText>Praktyka rozpoznawania tego typu sporów pokazuje, że ze względu na ryzyko utraty dofinansowania z funduszy unijnych bardzo istotne dla zamawiającego jest dotrzymanie terminu umownego przez wykonawcę. Pozwana Gmina kierując się tego rodzaju obawą zdecydowała się na odbiór końcowy (k-80), jakkolwiek formalnie mogła z tym poczekać do 10 grudnia i naliczać powódce kary umowne za dalszy okres.</xText>
          <xText>Mając na uwadze przytoczone okoliczności Sąd Apelacyjny uznał, że Gmina <xAnon>K.</xAnon> zasadnie naliczyła kary umowne w wyżej ustalonym zakresie i obciążyła nimi powódkę, dokonując skutecznego ich potrącenia z wierzytelnością powódki z tytułu wykonanych robót.</xText>
          <xText>Wobec tego, że pozwana uległa powódce w minimalnym zakresie Sąd odwoławczy nałożył na powodową Spółkę obowiązek zwrotu wszystkich kosztów przeciwnikowi w obu instancjach stosownie do <xLexLink xArt="art. 100" xIsapId="WDU19640430296" xTitle="Ustawa z dnia 17 listopada 1964 r. - Kodeks postępowania cywilnego" xAddress="Dz. U. z 1964 r. Nr 43, poz. 296">art. 100 k.p.c.</xLexLink><xLexLink xArt="art. 100 zd. 2" xIsapId="WDU19640430296" xTitle="Ustawa z dnia 17 listopada 1964 r. - Kodeks postępowania cywilnego" xAddress="Dz. U. z 1964 r. Nr 43, poz. 296">zdanie 2</xLexLink>.</xText>
          <xText>Z tych wszystkich względów i w oparciu o wyżej powoływane przepisy oraz <xLexLink xArt="art. 386;art. 386 § 1" xIsapId="WDU19640430296" xTitle="Ustawa z dnia 17 listopada 1964 r. - Kodeks postępowania cywilnego" xAddress="Dz. U. z 1964 r. Nr 43, poz. 296">art. 386 § 1 k.p.c.</xLexLink> i <xLexLink xArt="art. 385" xIsapId="WDU19640430296" xTitle="Ustawa z dnia 17 listopada 1964 r. - Kodeks postępowania cywilnego" xAddress="Dz. U. z 1964 r. Nr 43, poz. 296">art. 385 k.p.c.</xLexLink> Sąd Apelacyjny orzekł jak w sentencji wyroku.</xText>
        </xUnit>
      </xBlock>
    </xPart>
  </judgement>
<judgement id="153500000000503_I_ACa_000694_2013_Uz_2013-09-19_001">
    <xPart xEditorFullName="Ewa Gadomska" xYear="2013" xLang="PL" xPublisherFullName="Danuta Wągrowska" xFromPg="1" xEditor="egadomska" xVolType="15/350000/0000503/ACa" xPublisher="dwagrowska" xDocType="Uz" xVolNmbr="000694" xVersion="1.0" xToPage="1" xFlag="published">
      <xName>Wyrok+Uzasadnienie</xName>
      <xBlock>
        <xText>Sygn. akt I ACa 694/13</xText>
        
        <xUnit xIsTitle="true" xBold="true" xType="part">
          <xName>WYROK</xName>
          <xTitle>W IMIENIU RZECZYPOSPOLITEJ POLSKIEJ</xTitle>
          <xText xALIGNx="right">Dnia 19 września 2013 r.</xText>
          
          <xText><xBx>Sąd Apelacyjny w Poznaniu, I Wydział Cywilny</xBx> w składzie:</xText>
          
          <xRows>
            <xCOLGROUPx>
              <xCOLx xWIDTHx="219"/>
              <xCOLx xWIDTHx="398"/>
            </xCOLGROUPx>
            <xRow>
              <xClmn xALIGNx="left" xVALIGNx="middle">
                <xText xALIGNx="right">Przewodniczący:</xText>
              </xClmn>
              <xClmn xALIGNx="left" xVALIGNx="middle">
                <xText>SSA Jacek Nowicki</xText>
              </xClmn>
            </xRow>
            <xRow>
              <xClmn xALIGNx="left" xVALIGNx="top">
                <xText xALIGNx="right">Sędziowie:</xText>
              </xClmn>
              <xClmn xALIGNx="left" xVALIGNx="middle">
                <xText>SA Bogdan Wysocki /spr./</xText>
                <xText>SA Mariola Głowacka</xText>
              </xClmn>
            </xRow>
            <xRow>
              <xClmn xALIGNx="left" xVALIGNx="middle">
                <xText xALIGNx="right">Protokolant:</xText>
              </xClmn>
              <xClmn xALIGNx="left" xVALIGNx="middle">
                <xText>st.sekr.sąd. Sylwia Stefańska</xText>
              </xClmn>
            </xRow>
          </xRows>
          
          <xText>po rozpoznaniu w dniu 19 września 2013 r. w Poznaniu</xText>
          <xText>na rozprawie</xText>
          <xText>sprawy z powództwa <xBx>
    
      
      Stowarzyszenia <xAnon>(...)</xAnon>w <xAnon>P.</xAnon> działającego na rzecz <xAnon>K. B.</xAnon></xBx></xText>
          <xText>przeciwko <xBx><xAnon> (...) Spółce Akcyjnej</xAnon> w <xAnon>W.</xAnon></xBx></xText>
          <xText>o zapłatę</xText>
          <xText>na skutek apelacji pozwanego</xText>
          <xText>od wyroku Sądu Okręgowego w Zielonej Górze</xText>
          <xText>z dnia 16 kwietnia 2013 r., sygn. akt I C 243/12</xText>
          <xUnit xIsTitle="false" xType="none">
            <xName xSffx=".">1</xName>
            <xText>
              <xBx>oddala apelację; </xBx>
            </xText>
          </xUnit>
          <xUnit xIsTitle="false" xType="none">
            <xName xSffx=".">2</xName>
            <xText>
              <xBx>zasądza od pozwanego na rzecz powoda kwotę 2700 zł tytułem kosztów zastępstwa procesowego w postępowaniu apelacyjnym. </xBx>
            </xText>
          </xUnit>
          
          <xText>
            <xBx>
    
    
      /-/ M. Głowacka /-/ J. Nowicki /-/ B. Wysocki </xBx>
          </xText>
          <xText>
            <xBx>sygn. akt I ACa 694/13</xBx>
          </xText>
        </xUnit>
        <xUnit xIsTitle="true" xBold="true" xType="part">
          <xName>UZASADNIENIE</xName>
          <xText><xBx>
    
      Powód Stowarzyszenie <xAnon>(...)</xAnon> z siedzibą w <xAnon>P.</xAnon> działając na rzecz <xAnon>K. B.</xAnon></xBx>wystąpił z pozwem przeciwko <xBx>
    
      pozwanemu <xAnon> (...) S.A.</xAnon> z siedzibą w <xAnon>W.</xAnon></xBx>, w którym domagał się: zasądzenia od pozwanego na rzecz <xAnon>K. B.</xAnon> kwoty 110.000 zł wraz z ustawowymi odsetkami od dnia 16 lipca 2011 r. do dnia zapłaty oraz zasądzenia od pozwanego na rzecz powoda kosztów postępowania.</xText>
          
          <xText>Pozwany wniósł o oddalenia powództwa oraz o zasądzenie od powoda na jego rzecz kosztów postępowania według norm przepisanych.</xText>
          
          <xText>
            <xBx>Wyrokiem z dnia 16 kwietnia 2013 r. Sąd Okręgowy w Zielonej Górze zasądził od pozwanego na rzecz <xAnon>K. B.</xAnon> kwotę 110.000 zł wraz z odsetkami ustawowymi od dnia 16 lipca 2011 r. do dnia zapłaty (pkt 1), zasądził od pozwanego na rzecz powoda kwotę 3.600 zł tytułem zwrotu kosztów procesu (pkt 2), zasądził od pozwanego na rzecz Skarbu Państwa Sąd Okręgowy w Zielonej Górze kwotę 6.328,36 zł tytułem zwrotu kosztów sądowych (pkt 3). </xBx>
          </xText>
          <xText>Podstawą rozstrzygnięcia były następujące ustalenia i wnioski.</xText>
          <xText>5 września 2003 r. rodzice <xAnon>K. A.</xAnon><xAnon>K.</xAnon> i <xAnon>M. B.</xAnon>, podróżując samochodem marki <xAnon>F.</xAnon> doznali śmiertelnych obrażeń ciała wskutek wypadku komunikacyjnego, którego sprawcą był <xAnon>J. W.</xAnon>, kierujący samochodem marki <xAnon>M.</xAnon>.</xText>
          <xText><xAnon>K. B.</xAnon> był jedynym dzieckiem pochodzącym ze <xAnon> związku (...)</xAnon>. Stanowili oni zgodną, normalnie funkcjonującą rodzinę. W chwili wypadku <xAnon>K. B.</xAnon> miał 17 lat i był uczniem drugiej klasy liceum ogólnokształcącego. Mieszkał z rodzicami w <xAnon>S.</xAnon>.</xText>
          <xText>Samochód sprawcy wypadku był ubezpieczony u pozwanego.</xText>
          <xText><xAnon>K. B.</xAnon> o powyższym zdarzeniu dowiedział się od swojej cioci i wujka. Wiadomość o śmierci ukochanej matki i ojca była dla niego ogromnym ciosem. Stracił on w wypadku drogowym najbliższe mu osoby, na które zawsze mógł liczyć. Był on bardzo mocno związany ze swoimi rodzicami, zawsze mógł liczyć na ich wsparcie, dobrą radę. Rodzice bardzo o niego dbali, czuł się szczęśliwym dzieckiem.</xText>
          <xText>Po śmierci rodziców <xAnon>K. B.</xAnon> zaopiekowała się siostra jego matki i jej mąż, u których mieszkał przez cztery lata. Ze względu na przeżytą traumę korzystał on wówczas z pomocy psychologa, zażywał tabletki uspokajające. Stał się osobą zamkniętą w sobie, unikającą kontaktu z otoczeniem. Dwukrotnie podejmował studia na wyższej uczelni, ale z uwagi na stan emocjonalny, przerywał naukę.</xText>
          <xText>Bezpośrednio po wypadku występowały u <xAnon>K. B.</xAnon> zaburzenia adaptacyjne w postaci reakcji żałoby. Są to zaburzenia depresyjne, które były związane u <xAnon>K. B.</xAnon> ze śmiercią rodziców. Występowały u niego zaburzenia snu, łaknienia, obniżenie nastroju, obawy o przyszłość, unikał ludzi, miał kłopoty ze skupieniem, a przez to z nauką.</xText>
          <xText>Powyższe zaburzenia stopniowo przerodziły się u niego w trwałe zmiany osobowości po utracie bliskich – rodziców.</xText>
          <xText><xAnon>K. B.</xAnon> – jako młoda osoba, w ciągu jednego dnia stracił w wypadku drogowym oboje rodziców. Takie zdarzenie należy traktować jako bardzo poważną traumę psychiczną. Występujące u niego zaburzenia – trwałe zmiany osobowości po utracie osób bliskich można porównać w pewnym zakresie do zaburzeń o charakterze psychotycznym, ponieważ skutki w życiu codziennym obu tych zaburzeń są zbliżone. Zaburzenia występujące u <xAnon>K. B.</xAnon> powodują jego wycofanie się z życia społecznego, towarzyskiego, ograniczają jego funkcjonowanie do wykonywania podstawowych obowiązków życia codziennego.</xText>
          <xText>Jego aktywność ograniczona jest do grona najbliższych osób. Nie interesuje się on sprawami, które nie dotyczą jego samego lub jego najbliższego otoczenia. Jego aktualne kontakty towarzyskie są znacznie ograniczone. Ujawnia on tendencje izolacyjne, ma poczucie wyobcowania, doświadczania pustki, beznadziejności. Towarzyszy mu duże poczucie straty, krzywdy, ale też winy za śmierć rodziców. Utrata dwóch najbliższych osób w sposób znaczący wpłynęła na zachwianie się u niego poczucia bezpieczeństwa, ufności. Aktualnie ujawnia się to w braku planów <xAnon>K. B.</xAnon>, celów na przyszłość. Jego relacje interpersonalne są płytkie i mało satysfakcjonujące. Jest osobą wycofaną, mało aktywną, z tendencjami introwertywnymi.</xText>
          <xText>Występujące u <xAnon>K. B.</xAnon> zaburzenia się powodem występującego u niego trwałego uszczerbku na zdrowiu w wysokości 20%.</xText>
          <xText>Obecnie <xAnon>K. B.</xAnon> pracuje zawodowo, jest osobą samotną. Bardzo często odwiedza grób rodziców. W dalszym ciągu ma wahania nastrojów, nie umie się wypowiedzieć, wyżalić i rozmawiać o swoich problemach.</xText>
          <xText><xAnon>K. B.</xAnon> już na początku 2004 r. zwrócił się do pozwanego o wypłatę na jego rzecz kwoty 50.000 zł. Pozwany przyznał mu kwotę 20.000 zł tytułem odszkodowania z powodu śmierci matki oraz zwrócił koszty pogrzebu.</xText>
          <xText>Następnie przed Sądem Rejonowym w Świebodzinie toczyła się sprawa z powództwa <xAnon>K. B.</xAnon> przeciwko pozwanemu o zapłatę.</xText>
          <xText>Prawomocnym wyrokiem z dnia 28 kwietnia 2006 r. Sąd Rejonowy w Świebodzinie, zasądził od pozwanego na rzecz <xAnon>K. B.</xAnon> kwotę 30.000zł tytułem odszkodowania za znaczne pogorszenie jego sytuacji życiowej.</xText>
          <xText><xAnon>K. B.</xAnon> otrzymał ostatecznie od pozwanego tytułem odszkodowania za znaczne pogorszenie jego sytuacji życiowej kwotę 35.000 zł z powodu śmierci matki i 15.000 zł z powodu śmierci ojca.</xText>
          <xText>Pismem z dnia 6 czerwca 2011 r. pełnomocnik <xAnon>K. B.</xAnon> wezwał pozwanego <xAnon> (...)</xAnon> do zapłaty na jego rzecz kwoty 150.000 zł tytułem zadośćuczynienia za jego cierpienia psychiczne po śmierci <xAnon>A. K.</xAnon> i <xAnon>M. B.</xAnon>.</xText>
          <xText>Pozwany nie wypłacił żądanej kwoty.</xText>
          <xText>W ocenie Sądu Okręgowego powództwo zasługiwało na uwzględnienie w całości.</xText>
          <xText>W świetle orzecznictwa Sądu Najwyższego najbliższemu członkowi rodziny zmarłego przysługuje na podstawie <xLexLink xArt="art. 448" xIsapId="WDU19640160093" xTitle="Ustawa z dnia 23 kwietnia 1964 r. - Kodeks cywilny" xAddress="Dz. U. z 1964 r. Nr 16, poz. 93">art.448 k.c.</xLexLink> w zw. z <xLexLink xArt="art. 24;art. 24 § 1" xIsapId="WDU19640160093" xTitle="Ustawa z dnia 23 kwietnia 1964 r. - Kodeks cywilny" xAddress="Dz. U. z 1964 r. Nr 16, poz. 93">art. 24 § 1 k.c.</xLexLink> zadośćuczynienie pieniężne za doznaną krzywdę, gdy śmierć nastąpiła na skutek deliktu, który miał miejsce przed dniem 3 sierpnia 2008 r. (zob. uchwałę SN z dnia 22 października 2010 r., sygn. akt III CZP 76/10, a także uchwałę SN z dnia 13 lipca 2011r sygn. akt III CZP 32/11). Taka sytuacja miała miejsce w sprawie, gdyż na skutek deliktu doszło do śmierci <xAnon>A. K.</xAnon> i <xAnon>M. B.</xAnon>.</xText>
          <xText>Dodanie <xLexLink xArt="art. 446;art. 446 § 4" xIsapId="WDU19640160093" xTitle="Ustawa z dnia 23 kwietnia 1964 r. - Kodeks cywilny" xAddress="Dz. U. z 1964 r. Nr 16, poz. 93">art. 446 § 4 k.c.</xLexLink> nie jest jedynie wyrazem woli ustawodawcy potwierdzenia dopuszczalności dochodzenia zadośćuczynienia na gruncie przepisów obowiązujących przed wejściem w życie tego przepisu, lecz, jest również dokonaniem zmiany w ogólnej regule wynikającej z <xLexLink xArt="art. 448" xIsapId="WDU19640160093" xTitle="Ustawa z dnia 23 kwietnia 1964 r. - Kodeks cywilny" xAddress="Dz. U. z 1964 r. Nr 16, poz. 93">art. 448 k.c.</xLexLink> przez zawężenie kręgu osób uprawnionych do zadośćuczynienia. Bez wprowadzenia <xLexLink xArt="art. 446;art. 446 § 4" xIsapId="WDU19640160093" xTitle="Ustawa z dnia 23 kwietnia 1964 r. - Kodeks cywilny" xAddress="Dz. U. z 1964 r. Nr 16, poz. 93">art. 446 § 4 k.c.</xLexLink>, roszczenia tego mógłby dochodzić bowiem każdy, a nie tylko najbliższy członek rodziny. Przepis ten ułatwia również dochodzenie zadośćuczynienia, gdyż umożliwia jego uzyskanie bez potrzeby wykazywania jakichkolwiek innych – poza w nim wymienionych – przesłanek, a jednocześnie wzmacnia wykładnię <xLexLink xArt="art. 446;art. 446 § 3" xIsapId="WDU19640160093" xTitle="Ustawa z dnia 23 kwietnia 1964 r. - Kodeks cywilny" xAddress="Dz. U. z 1964 r. Nr 16, poz. 93">art. 446 § 3 k.c.</xLexLink>, wiążąc funkcję tego przepisu wyłącznie z ochroną majątkową. Po wprowadzeniu <xLexLink xArt="art. 446;art. 446 § 4" xIsapId="WDU19640160093" xTitle="Ustawa z dnia 23 kwietnia 1964 r. - Kodeks cywilny" xAddress="Dz. U. z 1964 r. Nr 16, poz. 93">art. 446 § 4 k.c.</xLexLink> podstawę dochodzenia zadośćuczynienia za krzywdę doznaną przed dniem 3 sierpnia 2008 r. w następstwie naruszenia deliktem dobra osobistego w postaci szczególnej więzi rodzinnej, łączącej osobę zainteresowaną ze zmarłym, stanowi <xLexLink xArt="art. 448" xIsapId="WDU19640160093" xTitle="Ustawa z dnia 23 kwietnia 1964 r. - Kodeks cywilny" xAddress="Dz. U. z 1964 r. Nr 16, poz. 93">art. 448 k.c.</xLexLink> w zw. z <xLexLink xArt="art. 24;art. 24 § 1" xIsapId="WDU19640160093" xTitle="Ustawa z dnia 23 kwietnia 1964 r. - Kodeks cywilny" xAddress="Dz. U. z 1964 r. Nr 16, poz. 93">art. 24 § 1 k.c.</xLexLink> Prawu polskiemu nie jest znany wyczerpujący katalog dóbr osobistych, a obecnie, w świetle dorobku literatury i judykatury, nie budzi wątpliwości pogląd, że podlegają ochronie dobra osobiste niewymienione w <xLexLink xArt="art. 23" xIsapId="WDU19640160093" xTitle="Ustawa z dnia 23 kwietnia 1964 r. - Kodeks cywilny" xAddress="Dz. U. z 1964 r. Nr 16, poz. 93">art. 23 k.c.</xLexLink>, takie jak chociażby właśnie szczególna więź emocjonalna istniejąca pomiędzy członkami rodziny. W tej sytuacji przyjąć trzeba, że więź dziecka z rodzicami istniejąca w prawidłowo funkcjonującej rodzinie, zasługuje na status dobra osobistego, podlegającego ochronie przewidzianej w <xLexLink xArt="art. 24;art. 24 § 1" xIsapId="WDU19640160093" xTitle="Ustawa z dnia 23 kwietnia 1964 r. - Kodeks cywilny" xAddress="Dz. U. z 1964 r. Nr 16, poz. 93">art. 24 § 1 k.c.</xLexLink>, a spowodowanie śmierci osoby bliskiej może stanowić naruszenie dóbr osobistych członków rodziny zmarłego i uzasadniać przyznanie im zadośćuczynienia na podstawie <xLexLink xArt="art. 448" xIsapId="WDU19640160093" xTitle="Ustawa z dnia 23 kwietnia 1964 r. - Kodeks cywilny" xAddress="Dz. U. z 1964 r. Nr 16, poz. 93">art. 448 k.c.</xLexLink></xText>
          <xText>Zatem zdarzenie z dnia 5 września 2003 r., na skutek którego <xAnon>K. B.</xAnon> stracił rodziców – naruszyło jego dobro osobiste, w postaci więzi syna z ojcem i z matką.</xText>
          <xText>Zgodnie z <xLexLink xArt="art. 448" xIsapId="WDU19640160093" xTitle="Ustawa z dnia 23 kwietnia 1964 r. - Kodeks cywilny" xAddress="Dz. U. z 1964 r. Nr 16, poz. 93">art. 448 k.c.</xLexLink> w razie naruszenia dobra osobistego sąd może przyznać temu, czyje dobro osobiste zostało naruszone, odpowiednią sumę tytułem zadośćuczynienia pieniężnego za doznaną krzywdę lub na jego żądanie zasądzić odpowiednią sumę pieniężną na wskazany przez niego cel społeczny, niezależnie od innych środków potrzebnych do usunięcia skutków naruszenia.</xText>
          <xText>Mając na uwadze powyższe w ocenie Sądu <xAnon>K.</xAnon><xAnon>B.</xAnon>, za naruszenie jego dóbr osobistych w postaci więzi pomiędzy synem a matką i między synem a ojcem, należne jest zadośćuczynienie w wysokości 110.000 zł, które w pełni zrekompensuje jego straty moralne. Zasądzona kwota jest adekwatna do rozmiarów krzywdy i stanowi odczuwalną majątkowo wartość. <xAnon>K. B.</xAnon> otrzymał już od pozwanego odszkodowanie z tytułu znacznego pogorszenia sytuacji życiowej w łącznej kwocie 50.000 zł. Jednakże kwota ta nie dotyczyła doznanych przez <xAnon>K. B.</xAnon> cierpień, lecz pogorszenia się jego sytuacji życiowej (materialnej). Podstawę wypłacenia tej kwoty stanowił <xLexLink xArt="art. 446;art. 446 § 3" xIsapId="WDU19640160093" xTitle="Ustawa z dnia 23 kwietnia 1964 r. - Kodeks cywilny" xAddress="Dz. U. z 1964 r. Nr 16, poz. 93">art.446 § 3 k.c.</xLexLink></xText>
          <xText>Odsetki sąd zasądził od 16 lipca 2011 r. tj. zgodnie z żądaniem pozwu.</xText>
          <xText>O kosztach procesu Sąd orzekł na podstawie <xLexLink xArt="art. 98" xIsapId="WDU19640430296" xTitle="Ustawa z dnia 17 listopada 1964 r. - Kodeks postępowania cywilnego" xAddress="Dz. U. z 1964 r. Nr 43, poz. 296">art. 98 k.p.c.</xLexLink></xText>
          
          <xText><xBx>Apelację od wyroku złożył pozwany, zaskarżył go w całości. </xBx>Pozwany zarzucał rozstrzygnięciu naruszenie przepisów prawa materialnego tj. <xLexLink xArt="art. 448" xIsapId="WDU19640160093" xTitle="Ustawa z dnia 23 kwietnia 1964 r. - Kodeks cywilny" xAddress="Dz. U. z 1964 r. Nr 16, poz. 93">art. 448 k.c.</xLexLink> w zw. z <xLexLink xArt="art. 24;art. 24 § 1" xIsapId="WDU19640160093" xTitle="Ustawa z dnia 23 kwietnia 1964 r. - Kodeks cywilny" xAddress="Dz. U. z 1964 r. Nr 16, poz. 93">art. 24 § 1 k.c.</xLexLink> poprzez jego błędne zastosowanie i przyjęcie, że może on stanowić podstawę przyznania powodowi zadośćuczynienia pieniężnego za doznaną krzywdę wywołaną śmiercią rodziców. Wskazując na te zarzuty pozwany wniósł o zmianę zaskarżonego wyroku i oddalenie powództwa w całości oraz o zasądzenie od powoda na jej rzecz zwrotu kosztów postępowania.</xText>
          
          <xText>Powód wniósł o oddalenie apelacji oraz o zasądzenie od pozwanego na jego rzecz kosztów postępowania apelacyjnego.</xText>
          
          <xText>
            <xBx>Sąd Apelacyjny zważył, co następuje:</xBx>
          </xText>
          <xText>Apelacja jest bezzasadna.</xText>
          <xText>Ustalenia faktyczne sądu I instancji nie budzą wątpliwości i nie są kwestionowane w apelacji.</xText>
          <xText>Stąd ustalenia te Sąd Apelacyjny przyjmuje za podstawę własnego rozstrzygnięcia.</xText>
          <xText>Nie doszło natomiast do naruszenia wskazywanych w apelacji przepisów prawa materialnego, tzn. <xLexLink xArt="art. 448" xIsapId="WDU19640160093" xTitle="Ustawa z dnia 23 kwietnia 1964 r. - Kodeks cywilny" xAddress="Dz. U. z 1964 r. Nr 16, poz. 93">art. 448 kc</xLexLink> w zw. z <xLexLink xArt="art. 24;art. 24 § 1" xIsapId="WDU19640160093" xTitle="Ustawa z dnia 23 kwietnia 1964 r. - Kodeks cywilny" xAddress="Dz. U. z 1964 r. Nr 16, poz. 93">art. 24 § 1 kc.</xLexLink></xText>
          <xText>Rzeczywiście, przed wejściem w życie przepisu <xLexLink xArt="art. 446;art. 446 § 4" xIsapId="WDU19640160093" xTitle="Ustawa z dnia 23 kwietnia 1964 r. - Kodeks cywilny" xAddress="Dz. U. z 1964 r. Nr 16, poz. 93">art. 446 § 4 kc</xLexLink>, tj. przed dniem 3 sierpnia 2008r, kontrowersyjne było zagadnienie istnienia prawa do żądania zasądzenia zadośćuczynienia na podstawie przepisu <xLexLink xArt="art. 448" xIsapId="WDU19640160093" xTitle="Ustawa z dnia 23 kwietnia 1964 r. - Kodeks cywilny" xAddress="Dz. U. z 1964 r. Nr 16, poz. 93">art. 448 kc</xLexLink> z tytułu śmierci osoby bliskiej wskutek skierowanego przeciwko niej czynu niedozwolonego.</xText>
          <xText>Z jednej strony w orzecznictwie i doktrynie wskazywano na świadome ograniczenie przez ustawodawcę, poprzez wyeliminowanie z <xLexLink xArt="" xIsapId="WDU19640160093" xTitle="Ustawa z dnia 23 kwietnia 1964 r. - Kodeks cywilny" xAddress="Dz. U. z 1964 r. Nr 16, poz. 93">kodeksu cywilnego</xLexLink> konstrukcji przewidzianej poprzednio w <xLexLink xArt="art. 166" xIsapId="WDU19330820598" xTitle="Rozporządzenie Prezydenta Rzeczypospolitej z dnia 27 października 1933 r. - Kodeks zobowiązań" xAddress="Dz. U. z 1933 r. Nr 82, poz. 598">art. 166 kodeksu zobowiązań</xLexLink>, prawa do żądania zadośćuczynienia pieniężnego za doznaną krzywdę wyłącznie do osoby bezpośrednio poszkodowanej czynem niedozwolonym (por. np. wyroki Sądu Najwyższego: z dnia 4 lipca 1969r w spr. I CR 116/69, OSNCP, z. 5 z 1970r, poz. 87, z dnia 7 listopada 1984r w spr. II CZ 402/84, LEX nr 8645, z dnia 13 października 1987r w spr. IV CR 266/87, OSNCAP, z. 9 z 1989r, poz. 142, z dnia 25 września 1997r w spr. I CKU 107/97, „Prokuratura i Prawo”, nr 1 z 1998r, str. 30, A. Szpunar, <xIx>
    
    
      „Wynagrodzenie szkody wynikłej wskutek śmierci osoby bliskiej”</xIx>, Oficyna Wydawnicza Branta, Bydgoszcz, 2000r, str. 57 – 62 itp.).</xText>
          <xText>Z drugiej jednak strony zwracano w orzecznictwie uwagę, że niewątpliwie śmierć poszkodowanego rzutuje ujemnie na sferę przeżyć osób mu bliskich, stanowiąc ingerencję w ich dobra osobiste, w szczególności prawo do więzi osobistej (szczególnie rodzinnej) ze zmarłym.</xText>
          <xText>Na tym tle wyrażano pogląd, że osobom bliskim, niezależnie od świadczenia stricte majątkowego, o jakim mowa w przepisie <xLexLink xArt="art. 446;art. 446 § 3" xIsapId="WDU19640160093" xTitle="Ustawa z dnia 23 kwietnia 1964 r. - Kodeks cywilny" xAddress="Dz. U. z 1964 r. Nr 16, poz. 93">art. 446 § 3 kc</xLexLink>, może być także przyznane zadośćuczynienie za krzywdę na podstawie przepisów <xLexLink xArt="art. 448" xIsapId="WDU19640160093" xTitle="Ustawa z dnia 23 kwietnia 1964 r. - Kodeks cywilny" xAddress="Dz. U. z 1964 r. Nr 16, poz. 93">art. 448 kc</xLexLink> w zw. z <xLexLink xArt="art. 24;art. 24 § 1" xIsapId="WDU19640160093" xTitle="Ustawa z dnia 23 kwietnia 1964 r. - Kodeks cywilny" xAddress="Dz. U. z 1964 r. Nr 16, poz. 93">art. 24 § 1 kc</xLexLink> (por. wyrok Sądu Apelacyjnego w Gdańsku z dnia 14 grudnia 2007r w spr. I ACa 1137/07, POSAG, nr 1 z 2008r, str. 50-55, wyrok Sądu Najwyższego z dnia 6 lutego 2008r w spr. II CSK 459/07, LEX nr 950430).</xText>
          <xText>Ostatecznie w judykaturze przesądzono, że także przed dniem 3 sierpnia 2009 pokrzywdzeni w związku ze śmiercią osoby bliskiej nie byli pozbawieni tego rodzaju ochrony i że podstawą do żądania zasądzenia od osoby odpowiedzialnej stosownego zadośćuczynienia były w tym okresie przepisy <xLexLink xArt="art. 24;art. 24 § 1" xIsapId="WDU19640160093" xTitle="Ustawa z dnia 23 kwietnia 1964 r. - Kodeks cywilny" xAddress="Dz. U. z 1964 r. Nr 16, poz. 93">art. 24 § 1 kc</xLexLink> w zw. z <xLexLink xArt="art. 448" xIsapId="WDU19640160093" xTitle="Ustawa z dnia 23 kwietnia 1964 r. - Kodeks cywilny" xAddress="Dz. U. z 1964 r. Nr 16, poz. 93">art. 448 kc</xLexLink> (zob. np. uchwały Sądu Najwyższego: z dnia 22 października 2010r w spr. III CZP 76/10, LEX nr 604152 oraz z dnia 13 lipca 2011r w spr. III CZP 32/11, OSNC, z. 1 z 2012r, poz. 10, wyrok Sądu Najwyższego z dnia 14 stycznia 2010r w spr. IV CSK 307/09, OSP, nr 2 z 2011r, poz. 15 itp.).</xText>
          <xText>Sąd Apelacyjny w pełni akceptuje wykładnię przepisów prawa oraz argumentację, przedstawiona w ostatnio wymienionych orzeczeniach.</xText>
          <xText>Prawo do życia w rodzinie oraz związanego z nim utrzymywania więzi osobistych i emocjonalnych z członkami rodziny należy zaliczyć do kategorii podlegających ochronie dóbr osobistych w rozumieniu przepisu <xLexLink xArt="art. 23" xIsapId="WDU19640160093" xTitle="Ustawa z dnia 23 kwietnia 1964 r. - Kodeks cywilny" xAddress="Dz. U. z 1964 r. Nr 16, poz. 93">art. 23 kc.</xLexLink></xText>
          <xText>W związku z tym naruszenie tego dobra, polegające na spowodowaniu śmierci osoby bliskiej skutkuje odpowiedzialnością na zasadach ogólnych, wynikających z <xLexLink xArt="art. 24" xIsapId="WDU19640160093" xTitle="Ustawa z dnia 23 kwietnia 1964 r. - Kodeks cywilny" xAddress="Dz. U. z 1964 r. Nr 16, poz. 93">art. 24 kc.</xLexLink></xText>
          <xText>Oznacza to także prawo do żądania przez osoby bliskie zmarłemu przyznania zadośćuczynienia na podstawie przepisów <xLexLink xArt="art. 24;art. 24 § 1;art. 24 § 1 zd. 3" xIsapId="WDU19640160093" xTitle="Ustawa z dnia 23 kwietnia 1964 r. - Kodeks cywilny" xAddress="Dz. U. z 1964 r. Nr 16, poz. 93">art. 24 § 1 zd. 3 kc</xLexLink> w zw. z <xLexLink xArt="art. 448" xIsapId="WDU19640160093" xTitle="Ustawa z dnia 23 kwietnia 1964 r. - Kodeks cywilny" xAddress="Dz. U. z 1964 r. Nr 16, poz. 93">art. 448 kc.</xLexLink></xText>
          <xText>Z kolei skarżący nie stawia zarzutu, aby przyznane powodowi świadczenie było rażąco wygórowane.</xText>
          <xText>Z tych przyczyn na podstawie przepisu <xLexLink xArt="art. 385" xIsapId="WDU19640430296" xTitle="Ustawa z dnia 17 listopada 1964 r. - Kodeks postępowania cywilnego" xAddress="Dz. U. z 1964 r. Nr 43, poz. 296">art. 385 kpc</xLexLink> oraz powołanych wyżej przepisów prawa materialnego Sąd Apelacyjny orzekł jak w punkcie 1 sentencji wyroku.</xText>
          <xText>O należnych stronie powodowej kosztach zastępstwa procesowego w postępowaniu apelacyjnym orzeczono (punkt 2 wyroku) na podstawie przepisów <xLexLink xArt="art. 98;art. 98 § 1;art. 98 § 3" xIsapId="WDU19640430296" xTitle="Ustawa z dnia 17 listopada 1964 r. - Kodeks postępowania cywilnego" xAddress="Dz. U. z 1964 r. Nr 43, poz. 296">art. 98 § 1 i 3 kpc</xLexLink> w zw. z <xLexLink xArt="art. 391;art. 391 § 1" xIsapId="WDU19640430296" xTitle="Ustawa z dnia 17 listopada 1964 r. - Kodeks postępowania cywilnego" xAddress="Dz. U. z 1964 r. Nr 43, poz. 296">art. 391 § 1 kpc</xLexLink>, przy uwzględnieniu § 2 ust. 1 i 2 oraz § 12 ust. 1 pkt. 2) w zw. z <xLexLink xArt="§ 6;§ 6 pkt. 6" xIsapId="WDU20021631349" xTitle="Rozporządzenie Ministra Sprawiedliwości z dnia 28 września 2002 r. w sprawie opłat za czynności radców prawnych oraz ponoszenia przez Skarb Państwa kosztów pomocy prawnej udzielonej przez radcę prawnego ustanowionego z urzędu" xAddress="Dz. U. z 2002 r. Nr 163, poz. 1349">§ 6 pkt. 6 Rozporządzenia Ministra Sprawiedliwości z dnia 28 września 2002r w sprawie opłat za czynności radców prawnych oraz ponoszenia przez Skarb Państwa kosztów pomocy prawnej udzielonej przez radcę prawnego ustanowionego z urzędu</xLexLink> (tekst jedn. Dz. U z 2013r, nr 490.).</xText>
          
          <xText>
            <xBx>
    
    
      /-/ B. Wysocki /-/ J. Nowicki /-/ M. Głowacka
    </xBx>
          </xText>
        </xUnit>
      </xBlock>
    </xPart>
  </judgement>
<judgement id="155010000002521_V_Pa_000106_2013_Uz_2013-09-30_001">
    <xPart xEditorFullName="Elżbieta Smektała" xYear="2013" xLang="PL" xPublisherFullName="Elżbieta Smektała" xFromPg="1" xEditor="e.smektala" xVolType="15/501000/0002521/Pa" xPublisher="e.smektala" xDocType="Uz" xVolNmbr="000106" xVersion="1.0" xToPage="5" xFlag="published">
      <xName>Wyrok+Uzasadnienie</xName>
      <xBlock>
        <xText>
          <xBx><xUx>Sygn. akt</xUx> VPa 106/13</xBx>
        </xText>
        <xUnit xIsTitle="true" xType="part" xBold="true">
          <xName>WYROK</xName>
          <xTitle>W IMIENIU RZECZYPOSPOLITEJ POLSKIEJ</xTitle>
          <xText xALIGNx="right"><xBx>Dnia</xBx> 19 września 2013 roku</xText>
          <xText xALIGNx="left">
            <xBx>Sąd Okręgowy - Sąd Pracy i Ubezpieczeń Społecznych w Legnicy</xBx>
          </xText>
          
          <xText>
            <xBx>w składzie następującym:</xBx>
          </xText>
          
          <xText>
            <xBx>Przewodniczący – SSO Jacek Wilga (spr.)</xBx>
          </xText>
          
          <xText>
            <xBx>Sędziowie: SSO Krzysztof Główczyński</xBx>
          </xText>
          <xText>
            <xBx>SSO Andrzej Marek</xBx>
          </xText>
          
          <xText><xBx>Protokolant:</xBx> Ewa Sawiak</xText>
          
          <xText><xBx>po rozpoznaniu w dniu</xBx> 19 września 2013 roku <xBx>w Legnicy</xBx></xText>
          
          <xText>
            <xBx>na rozprawie </xBx>
          </xText>
          
          <xText><xBx>sprawy z powództwa</xBx><xAnon>Z. S.</xAnon> i <xAnon>S. N.</xAnon></xText>
          
          <xText><xBx>
    
    
    
      przeciwko</xBx><xAnon>(...)</xAnon>Spółce Akcyjnej w <xAnon>L.</xAnon></xText>
          
          <xText>o wynagrodzenie za pracę w godzinach nadliczbowych</xText>
          
          <xText><xBx>na skutek apelacji</xBx> powodów i strony pozwanej</xText>
          
          <xText><xBx>od wyroku</xBx> Sądu Rejonowego - Sądu Pracy i Ubezpieczeń Społecznych w Legnicy</xText>
          
          <xText><xBx>z dnia</xBx> 26 kwietnia 2013 roku <xBx>sygn. akt</xBx> IV P 172/12</xText>
          
          <xUnit xIsTitle="false" xType="none">
            <xName xSffx=".">I</xName>
            <xText>
              <xBx>zmienia zaskarżony wyrok w punktach II, III, oraz V i VI w ten sposób, iż: </xBx>
            </xText>
          </xUnit>
          <xUnit xIsTitle="false" xType="none">
            <xName xSffx=".">-</xName>
            <xEnum>
              <xBullet>-</xBullet>
              <xEnumElem>
                <xText>
                  <xBx>powództwa oddala,</xBx>
                </xText>
              </xEnumElem>
              <xEnumElem>
                <xText>
                  <xBx>zasądza od każdego z powodów na rzecz strony pozwanej kwoty po 1 800 zł tytułem zwrotu kosztów zastępstwa procesowego, </xBx>
                </xText>
              </xEnumElem>
              <xEnumElem>
                <xText>
                  <xBx>kosztami sądowymi obciąża Skarb Państwa, </xBx>
                </xText>
              </xEnumElem>
            </xEnum>
          </xUnit>
          <xUnit xIsTitle="false" xType="none">
            <xName xSffx=".">II</xName>
            <xText>
              <xBx>apelacje powodów oddala, </xBx>
            </xText>
          </xUnit>
          <xUnit xIsTitle="false" xType="none">
            <xName xSffx=".">III</xName>
            <xText>
              <xBx>zasądza na rzecz strony pozwanej tytułem zwrotu kosztów postępowania apelacyjnego:</xBx>
            </xText>
            <xEnum>
              <xBullet>-</xBullet>
              <xEnumElem>
                <xText>
                  <xBx>od powoda <xAnon>Z. S.</xAnon> kwotę 705 zł, </xBx>
                </xText>
              </xEnumElem>
              <xEnumElem>
                <xText>
                  <xBx>od powoda <xAnon>S. N.</xAnon> kwotę 1 155 zł.  </xBx>
                </xText>
              </xEnumElem>
            </xEnum>
          </xUnit>
        </xUnit>
        <xUnit xIsTitle="true" xType="part" xBold="true">
          <xName>UZASADNIENIE</xName>
          <xText>Wyrokiem z dnia 26 kwietnia 2013 roku Sąd Rejonowy w Legnicy zasądził od strony pozwanej <xAnon>(...)</xAnon>S.A. w <xAnon>L.</xAnon> na rzecz powodów <xAnon>Z. S.</xAnon> kwotę 2 705, 57 zł, <xAnon>S. N.</xAnon> kwotę 3 788, 65 zł z ustawowymi odsetkami tytułem dodatku do wynagrodzenia za pracę w niedzielę i święta, oddalając w tym zakresie dalej idące powództwo oraz orzekł o kosztach postępowania w ten sposób, że obciążył stronę pozwaną kosztami sądowymi proporcjonalnie (w 18,77%) do wyniku sprawy oraz zniósł wzajemnie koszty zastępstwa prawnego.</xText>
          <xText>W uzasadnieniu wyroku wskazał, iż poza sporem w niniejszej sprawie pozostawała okoliczność, że od początku zatrudnienia powodów do grudnia 2009 roku włącznie strona pozwana wypłacała powodom dodatki z tytułu pracy w niedzielę i święta, ustalone według korzystniejszych zasad niż wynikające z <xLexLink xArt="" xIsapId="WDU19740240141" xTitle="Ustawa z dnia 26 czerwca 1974 r. - Kodeks pracy" xAddress="Dz. U. z 1974 r. Nr 24, poz. 141">kodeksu pracy</xLexLink>, zarówno niezależnie od tego, czy dana niedziela lub święto była ich zwykłym dniem pracy, zgodnie z ustalonym rozkładem czasu pracy, czy też nie była, jak i niezależnie od tego, czy został im udzielony dzień wolny od pracy w zamian za pracę w niedzielę lub święto. Sporna natomiast była okoliczność, czy takie dodatki powinny być powodom naliczane nadal, pomimo wprowadzenia przez stronę pozwaną Regulaminu Wynagradzania z dnia 18 grudnia 2009 roku, jeśli tak – to, do jakiej daty.</xText>
          <xText>Źródłem uprawnień powodów do wypłaty spornych dodatków w dacie do grudnia 2009 roku były ustne umowy, łączące powodów i stronę pozwaną, leżące u podstaw nawiązania stosunku pracy, które ukształtowały treść ich stosunków pracy korzystniej, niż wynikałoby to z przepisów prawa pracy. Fakt faktycznego wypłacania przez stronę pozwaną dodatku do wynagrodzenia w każdym przypadku świadczenia pracy w niedzielę i święta bez względu na to, czy dany dzień był zgodnie z obowiązującym rozkładem czasu pracy, zwykłym dniem pracy danego pracownika i czy za ten dzień miał udzielony dzień wolny od pracy potwierdza, iż pomiędzy każdym z powodów a pracodawcą doszło do porozumienia w tym zakresie. Porozumienie to należało traktować jako integralny element łączącego strony stosunku pracy.</xText>
          <xText>Strona pozwana miała jednak prawo do podjęcia kroków zmierzających do uporządkowania obowiązującego u niej systemu wynagradzania w tym do wyeliminowania występujących dysproporcji w płacach wynikających m.in. również z uprzywilejowanej pozycji grupy zawodowej maszynistów w zakresie ich uprawnień do dodatku za pracę w niedzielę i święta.</xText>
          <xText>Dalej wskazał Sąd Rejonowy, iż przyjęcie w dniu 18 XII 2009 roku Regulaminu Wynagradzania, który miał służyć temu celowi, nie oznacza jednak, że jego zapisy automatycznie zastąpiły dotychczasowe zasady wynagradzania pracowników pozwanej spółki, w tym powodów.</xText>
          <xText>Dla skuteczności wejścia w życie regulaminu wynagradzania decydujące znaczenie ma bowiem zachowanie przez pracodawcę trybu wymaganego w <xLexLink xArt="art. 77(2);art. 77(2) § 6" xIsapId="WDU19740240141" xTitle="Ustawa z dnia 26 czerwca 1974 r. - Kodeks pracy" xAddress="Dz. U. z 1974 r. Nr 24, poz. 141">art. 77<xSUPx>(
      2)</xSUPx> §6 kp</xLexLink>, polegającego na podaniu regulaminu do wiadomości pracowników w sposób u niego przyjęty (wyrok SN – Izba Pracy, Ubezpieczeń Społecznych i Spraw Publicznych z dnia 19.01.2012 roku Monitor Prawa Pracy rok 2012, Nr 7 str. 376).</xText>
          <xText>Strona pozwana spełniła wymóg z <xLexLink xArt="art. 77(2);art. 77(2) § 6" xIsapId="WDU19740240141" xTitle="Ustawa z dnia 26 czerwca 1974 r. - Kodeks pracy" xAddress="Dz. U. z 1974 r. Nr 24, poz. 141">art. 77<xSUPx>2</xSUPx> §6 kp</xLexLink> w sposób określony Uchwała Zarządu NR 73 z dnia 18 grudnia 2009roku. Z zebranego w sprawie materiału dowodowego w tym zeznań świadków oraz złożonych do akt sprawy przez stronę pozwaną dokumentów, wynika, że ogłoszenie na tablicy ogłoszeń zawierające informację o możliwości zapoznania się z treścią dokumentu w sekretariacie spółki stanowiło przyjęty u strony pozwanej sposób podawania do wiadomości pracownikom informacji o przyjętych regulacjach.</xText>
          <xText>W ocenie Sądu, należy przyjąć, że informacja o wejściu w życie tego regulaminu dotarła również do powodów.</xText>
          <xText>Z chwilą wejścia w życie regulaminu wynagradzania dotychczasowe warunki umów o pracę zostają zastąpione przez korzystniejsze od nich normy regulaminowe. Jeśli regulamin wynagradzania zawiera regulacje mniej korzystne od dotychczasowych warunków zatrudnienia pracowników, wprowadzenie ich w życie wymaga zmiany treści indywidulanych stosunków pracy w drodze wypowiedzenia warunków pracy i płacy (<xLexLink xArt="art. 241(13);art. 241(13) § 2" xIsapId="WDU19740240141" xTitle="Ustawa z dnia 26 czerwca 1974 r. - Kodeks pracy" xAddress="Dz. U. z 1974 r. Nr 24, poz. 141">art. 241<xSUPx>13</xSUPx> §2 kp</xLexLink> w zw. z <xLexLink xArt="art. 77(2);art. 77(2) § 5" xIsapId="WDU19740240141" xTitle="Ustawa z dnia 26 czerwca 1974 r. - Kodeks pracy" xAddress="Dz. U. z 1974 r. Nr 24, poz. 141">art. 77<xSUPx>2</xSUPx> §5 kp</xLexLink>). Jeśli wypowiedzenia zmieniające nie zostaną dokonane, z mocy umów o pracę obowiązywać będą warunki wynagradzania korzystniejsze od ustalonych w regulaminie. Zgoda pracownika na wprowadzenie do stosunku pracy mniej korzystnych dla niego postanowień regulaminu może być wyrażona także w sposób bezpośredni – przez przyjęcie propozycji pracodawcy zawarcia porozumienia zmieniającego treść umowy o pracę.</xText>
          <xText>Sąd Rejonowy nie podzielił stanowiska strony pozwanej, że wypowiedzenia powodom warunków pracy i płacy dokonane w styczniu 2010 roku obejmowały swym zasięgiem wszystkie składniki wynagrodzenia powodów. Ich treść wskazuje bowiem wyraźnie na wypowiedzenie warunków pracy w zakresie wynagrodzenia zasadniczego. Po upływie okresu wypowiedzenia, tj. od dnia 1 marca 2010 roku strona pozwana zaproponowała bowiem każdemu z powodów nowe stanowisko pracy starszy maszynista pojazdów trakcyjnych oraz wynagrodzenie zasadnicze: grupa 13, szczebel 1, w kwocie miesięcznej 4 000 zł brutto, oświadczając jednocześnie wyraźnie, że pozostałe warunki umów o pracę nie ulegały zmianie.</xText>
          <xText>Skoro zaś z wypowiedzeń zmieniających dokonanych: powodowi <xAnon>Z. S.</xAnon> w dniu 21 stycznia 2010 roku, a powodowi <xAnon>S. N.</xAnon> w dniu 26 stycznia 2010 roku, nie wynika, żeby wypowiedzenia te dotyczyły również dodatków za pracę w niedzielę i święta, strona pozwana winna kontynuować naliczanie przedmiotowych dodatków według dotychczasowych zasad, także w okresie od stycznia 2010 roku.</xText>
          <xText>Podstawa do naliczania dodatków za pracę w niedzielę i święta wg w/w zasad odpadła natomiast, zdaniem Sądu Rejonowego, od lipca 2010 roku. W związku z zawartymi pomiędzy stronami w dniu 15 lipca 2010 roku porozumieniami zmieniającymi warunki płacy w zakresie wszystkich składników wynagrodzenia. Z treści tych porozumień jednoznacznie wynika, że od 1 lipca 2010 roku wszystkie dotychczasowe warunki płacy zostały zastąpione nowymi warunkami: wynagrodzenie zasadniczym wg grupy 13, szczebel 03, w kwocie miesięcznej 4 200 zł brutto, płatnym do 10 dnia miesiąca kalendarzowego, następującego po miesiącu, za który wynagrodzenie przysługuje oraz dodatkowymi składnikami wynagrodzenia przewidzianymi w wewnętrznych regulacjach.</xText>
          <xText>Treść tych porozumień jest jasna i nie budzi wątpliwości, będąc – zdaniem Sądu Rejonowego – zrozumiała także dla osób nie posiadających wykształcenia prawniczego. Nawet jeśli były one doręczane pracownikom w ramach akcji awansowej – co pozostaje poza sporem – z treści porozumień wynika jasno, że zmiana dotyczy wszystkich składników wynagrodzenia za pracę.</xText>
          <xText>Naliczanie przez stronę pozwaną wynagrodzeń za pracę powodów za okres od lipca 2010 roku było zatem prawidłowe. Pozostawało w zgodzie z obowiązującymi przepisami <xLexLink xArt="" xIsapId="WDU19740240141" xTitle="Ustawa z dnia 26 czerwca 1974 r. - Kodeks pracy" xAddress="Dz. U. z 1974 r. Nr 24, poz. 141">kodeksu pracy</xLexLink>, co znalazło również potwierdzenie w złożonym przez stronę pozwaną do akt sprawy protokole z kontroli PIP, przeprowadzonej u strony pozwanej w lutym 2012 roku.</xText>
          <xText>Mając na względzie powyższe Sąd uznał roszczenie powodów za częściowo zasadne i zasądził na rzecz każdego z nich od strony pozwanej dodatkowe wynagrodzenie za pracę wykonywaną w niedzielę i święta, przyjmując, że korzystniejsze dla powodów zasady naliczania wynagrodzenia za pracę w niedziele i święta, ustalone na podstawie ustnych umów pomiędzy pracownikiem a pracodawcą, obowiązywały od dnia 30 czerwca 2010 roku i zostały zmienione porozumieniem zmieniającym z dnia 15 lipca 2010 roku.</xText>
          <xText>W rezultacie uwzględnienia powyższych okoliczności Sąd I instancji zasądził od strony pozwanej na rzecz powoda <xAnon>Z. S.</xAnon> kwotę 2 705, 57 zł brutto tytułem wyrównania wynagrodzenia a na rzecz powoda <xAnon>S. N.</xAnon> kwotę 3 788, 60 zł brutto tytułem wyrównania wynagrodzenia za pracę w niedzielę i święta, zaś dalej idące powództwa oddalił jako bezzasadne.</xText>
          <xText>Apelację od powyższego wyroku wniosły obie strony procesu.</xText>
          <xText>Strona pozwana zaskarżyła wyrok w części zasądzającej oraz w zakresie rozstrzygnięcia o kosztach postępowania.</xText>
          <xText>Domagała się:</xText>
          <xText>- zmiany wyroku w części objętej pkt II i pkt. III i oddalenia powództwa również w tej części,</xText>
          <xText>- zmiany wyroku w części objętej pkt V i pkt. VI i zasądzenia od powodów solidarnie na rzecz pozwanego kosztów procesowych obejmujących postępowanie przed Sądem I i II instancji, w tym kosztów zastępstwa procesowego według norm przepisanych.</xText>
          <xText>Zaskarżonemu wyrokowi zarzuciła:</xText>
          <xText>1. naruszenie przepisów prawa materialnego, a konkretnie przepisów <xLexLink xArt="art. 78" xIsapId="WDU19740240141" xTitle="Ustawa z dnia 26 czerwca 1974 r. - Kodeks pracy" xAddress="Dz. U. z 1974 r. Nr 24, poz. 141">art. 78 kodeksu pracy</xLexLink> oraz 771 - 773, poprzez jego błędną wykładnię przyjmującą iż jakiekolwiek ustne porozumienia kształtują składniki wynagrodzenia za pracę i są uznane za wewnętrzne regulacje dotyczące wysokości i terminu wypłaty wynagrodzenia,</xText>
          <xText>2. naruszenie przepisów postępowania, a konkretnie przepisów <xLexLink xArt="art. 233;art. 233 § 1" xIsapId="WDU19640430296" xTitle="Ustawa z dnia 17 listopada 1964 r. - Kodeks postępowania cywilnego" xAddress="Dz. U. z 1964 r. Nr 43, poz. 296">art. 233 § l k.p.c.</xLexLink> poprzez sprzeczność istotnych ustaleń Sądu z okolicznościami faktycznymi spraw, a to przez:</xText>
          <xText>a) dowolną ocenę zgromadzonego materiału dowodowego i bezzasadne przyjęcie, iż jakiekolwiek ustne porozumienie można uznać za wewnętrzne regulacje odnośnie praw pracowników i kształtowania składników wynagrodzenia,</xText>
          <xText>b) dowolną ocenę zgromadzonego materiału dowodowego i bezzasadne przyjęcie, iż umowa o pracę zawarta z powodami określała konieczność zapłaty powodom spornych dodatków do wynagrodzenia za pracę w niedziele i święta od stycznia 2010 roku pomimo obowiązywania w tym okresie regulaminu wynagradzania, który nie przewidywał wypłaty dodatków w każdym przypadku pracy w niedziele lub święto, a jedynie w przypadku nieudzielenia w zamian za ten dzień dnia wolnego</xText>
          <xText>c) dowolną ocenę zgromadzonego materiału dowodowego i bezzasadne przyjęcie, iż wypowiedzenie powodom warunków płacy i pracy dokonane w dniu 15 stycznia 2010 roku dotyczyło jedynie wynagrodzenia zasadniczego.</xText>
          <xText>3. naruszenie przepisów postępowania, a konkretnie <xLexLink xArt="art. 98" xIsapId="WDU19640430296" xTitle="Ustawa z dnia 17 listopada 1964 r. - Kodeks postępowania cywilnego" xAddress="Dz. U. z 1964 r. Nr 43, poz. 296">art. 98 kpc</xLexLink> i <xLexLink xArt="art. 100" xIsapId="WDU19640430296" xTitle="Ustawa z dnia 17 listopada 1964 r. - Kodeks postępowania cywilnego" xAddress="Dz. U. z 1964 r. Nr 43, poz. 296">art. 100 kpc</xLexLink> poprzez przyjęcie, iż pozwana mimo wygrania w znacznej części powinna zostać obciążona kosztami a powodowie pomimo przegranej nie zostali obciążeni żadnymi kosztami.</xText>
          <xText>W uzasadnieniu apelacji strona pozwana wywodziła, iż nie sposób zgodzić się z twierdzeniami Sądu I instancji, iż jest dopuszczalna zasada uprzywilejowania pracownika w umowie o pracę poprzez przyznanie korzystniejszych od regulaminowych warunków wynagrodzenia także po wejściu w życie tego regulaminu. Do tego zaś czasu brak było jakichkolwiek regulacji zawierających zasady wyliczania i wypłaty spornych dodatków.</xText>
          <xText>W przekonaniu strony pozwanej pojęcie wynagrodzenia obejmuje wszystkie jego składniki. Dokonane w dniu 15 I 2010 roku wypowiedzenie powodom warunków pracy i płacy obejmowało zatem również dodatek za pracę w niedzielę i święta, a strona pozwana wypowiadając umowę o pracę w części dotyczącej wynagrodzenia nie miała obowiązku wskazywania wszystkich składników wynagrodzenia, których zmiana dotyczy. Zdaniem strony pozwanej błędne w takiej sytuacji było stanowisko Sądu Rejonowego, iż dopiero porozumieniem z dnia 15 lipca 2010 roku skutecznie uregulowano kwestię wypłaty spornych dodatków, gdyż zawierało określenie dotyczące „wszystkich składników wynagrodzenia”.</xText>
          <xText>Powodowie w odpowiedzi na apelację strony pozwanej wnieśli o jej oddalenie i zasądzenie kosztów postępowania apelacyjnego.</xText>
          <xText>Powodowie we wniesionej apelacji zaskarżyli wyrok z dnia 26 kwietnia 2013 roku w części oddalającej powództwo oraz w zakresie rozstrzygnięcia o kosztach (pkt V) znoszącego wzajemnie koszty procesu.</xText>
          <xText>Zaskarżonemu wyrokowi zarzucili naruszenie prawa materialnego – <xLexLink xArt="art. 65;art. 65 § 2" xIsapId="WDU19640160093" xTitle="Ustawa z dnia 23 kwietnia 1964 r. - Kodeks cywilny" xAddress="Dz. U. z 1964 r. Nr 16, poz. 93">art. 65 § 2 kc</xLexLink> w zw. z <xLexLink xArt="art. 300" xIsapId="WDU19740240141" xTitle="Ustawa z dnia 26 czerwca 1974 r. - Kodeks pracy" xAddress="Dz. U. z 1974 r. Nr 24, poz. 141">art. 300 kp</xLexLink> przez jego nienależyte zastosowanie do ustalenia treści zawartych między stronami porozumień zmieniających z dnia 15 lipca 2010 r. a polegające na niedostatecznym uwzględnieniu treści całej umowy, kontekstu sytuacyjnego oraz udzielonych powodom informacji, co do znaczenia i następstw tych porozumień, co w konsekwencji doprowadziło do błędnego ustalenia stanu faktycznego w zakresie skutków prawnych zawartych porozumień, tj. do wadliwego ustalenia, że prowadziły one do zmiany zasad wypłacania dodatków za pracę w niedziele i święta.</xText>
          <xText>Skarżąc powyższy zarzut domagali się zmiany zaskarżonego wyroku poprzez zasądzenie od strony pozwanej w miejsce kwot określonych w wyroku na rzecz <xAnon>Z. S.</xAnon> kwoty 11 068,84 zł, zaś na rzecz <xAnon>S. N.</xAnon> kwoty 13 993,98 zł z ustawowymi odsetkami od dnia wymagalności. Domagali się również zasądzenia od strony pozwanej kosztów postępowania apelacyjnego.</xText>
          <xText>W uzasadnieniu apelacji podnosili powodowie, iż niewadliwie Sąd I instancji ustalił, że strony umówiły się, że dodatek z tytułu pracy w niedzielę i święta będzie wypłacany na zasadach korzystniejszych niż wynika to z przepisów <xLexLink xArt="" xIsapId="WDU19740240141" xTitle="Ustawa z dnia 26 czerwca 1974 r. - Kodeks pracy" xAddress="Dz. U. z 1974 r. Nr 24, poz. 141">kodeksu pracy</xLexLink>, a także, że wprowadzając Regulamin wynagradzania pracodawca skutecznie nie wypowiedział tego dodatku.</xText>
          <xText>Jednakże za błędne powodowie uznali ustalenia Sądu Rejonowego co do treści i skutków porozumienia zawartego w dniu 15 lipca 2013 r. Ich zdaniem porozumienie to nie zmieniło zasad wypłaty spornego dodatku a dokonana prze Sąd jego wykładnia jest błędna – dokonana bez uwzględnienia kontekstu sytuacyjnego w jakim porozumienia zostały zawarte, zakresu udzielonych powodom informacji o skutkach tego porozumienia, niejasnych i niejednoznacznych zapisów porozumienia, które w tych warunkach należy wykładać zawsze na niekorzyść ich autora (pozwanego). Zdaniem powodów Sąd w sposób nienależyty odkodował postanowienia porozumienia z jego całej treści.</xText>
          <xText>W szczególności wnioskowi Sądu Rejonowego o kompletność regulacji porozumienia przeczy zawarte w jego pkt 4 stwierdzenie, że „pozostałe warunki umowy o pracę pozostają bez zmian”, które byłoby w takiej sytuacji zbędne.</xText>
          <xText>Nadto z kontekstu sytuacyjnego wynikało, iż powodowie byli przekonani z racji podpisywania porozumień w toku „akcji awansowej”, iż dostają podwyżkę wynagrodzenia a pozostałe warunki umowy pozostają bez zmian. Nie byli przy tym świadomi, że porozumienie zmieni zasady naliczania dodatków za pracę w niedziele i święta. O takim zamiarze strony pozwanej nie byli informowani przez jej przedstawicieli.</xText>
          <xText>Takie działanie budzi sprzeciw z uwagi na naruszenie elementarnych zasad uczciwości i zaufania. W taki sposób nie mogło dojść do skutecznego zawarcia umowy obejmującej zmianę tych składników wynagrodzenia, co do których jedna ze stron nie miała świadomości, że mają ulec zmianie.</xText>
          
          <xText>
            <xBx>Sąd Okręgowy zważył:</xBx>
          </xText>
          
          <xText>Stan faktyczny sprawy jest w sprawie niesporny. Strony w złożonych apelacjach ustaleń faktycznych Sądu Rejonowego nie kwestionują. Poczynione zatem przez ten Sąd ustalenia faktyczne winny być podstawą oceny zasadności wniesionych apelacji.</xText>
          <xText>Z ustaleń tych wynika, iż powodowie zatrudnieni byli u strony pozwanej na podstawie umów o pracę. Jej warunki wynegocjowane przez powodów były w zakresie dodatków do wynagrodzenia za pracę w niedziele i święta korzystniejsze od zasad ich przyznania przewidzianych w <xLexLink xArt="" xIsapId="WDU19740240141" xTitle="Ustawa z dnia 26 czerwca 1974 r. - Kodeks pracy" xAddress="Dz. U. z 1974 r. Nr 24, poz. 141">kp</xLexLink>. Wewnętrznych regulacji w tym zakresie u strony pozwanej nie było. Wynegocjowany sposób wynagradzania powodów za pracę w niedziele i święta był przez stronę pozwaną realizowany do grudnia 2009 roku. We wprowadzonym w życie w styczniu 2010 roku regulaminie wynagradzania uregulowano, iż dodatki za pracę w niedziele i święta wypłacone będą na zasadach przewidzianych w <xLexLink xArt="" xIsapId="WDU19740240141" xTitle="Ustawa z dnia 26 czerwca 1974 r. - Kodeks pracy" xAddress="Dz. U. z 1974 r. Nr 24, poz. 141">kp</xLexLink>. Po wprowadzeniu regulaminu powodom sporne dodatki wypłacone były zgodnie z jego postanowieniami.</xText>
          <xText>Sąd Okręgowy podzielił w pełni stanowisko Sądu I instancji co do dopuszczalności zawierania przez strony stosunku pracy dodatkowych porozumień przyznających pracownikom korzystniejsze warunki wynagrodzenia niż przewidziane w przepisach prawa pracy. Brak ich pisemnego potwierdzenia – przy braku wątpliwości co do faktu ich zawarcia i treści – nie stanowi wystarczającej podstawy do kwestionowania skuteczności takich porozumień. Przyjęte przez Sąd Rejonowy w rozpoznawanej sprawie stanowisko co do skuteczności porozumień zawartych przez powodów ze stroną pozwaną w zakresie zasad wypłaty dodatków za pracę w niedziele i święta jest trafne i nie narusza wskazanych w apelacji przepisów prawa materialnego. Przepisy te wskazując na sposób i tryb ustalania warunków wynagradzania i przyznawania innych świadczeń związanych z pracą nie wyłączają możliwości indywidualnego negocjowania warunków zatrudnienia na korzystniejsze niż ogólne warunki, co podkreślił Sąd I instancji.</xText>
          <xText>W takiej sytuacji w związku z apelacją strony pozwanej kluczowe znaczenie w sprawie ma ocena zakresu dokonanych powodom w styczniu 2010 roku wypowiedzeń warunków umowy o pracę.</xText>
          <xText>Wypowiedzenie jest oświadczeniem woli. Zgodnie z <xLexLink xArt="art. 65;art. 65 § 1" xIsapId="WDU19640160093" xTitle="Ustawa z dnia 23 kwietnia 1964 r. - Kodeks cywilny" xAddress="Dz. U. z 1964 r. Nr 16, poz. 93">art. 65 § 1 kc</xLexLink> oświadczenie woli należy tak tłumaczyć jak tego wymagają ze względu na okoliczności, w których zostało złożone, zasady współżycia społecznego oraz ustalone zwyczaje.</xText>
          <xText>Dla prawidłowej oceny otrzymanych przez powodów wypowiedzeń niezbędnym było zatem ustalenie i rozważenie okoliczności złożenia przez pracodawcę oświadczeń o wypowiedzeniu warunków umowy o pracę.</xText>
          <xText>Podzielić należy zaprezentowany w uzasadnieniu zaskarżonego orzeczenia pogląd, iż poprzez wprowadzenie regulaminu wynagradzania strona pozwana dążyła do uporządkowania obowiązującego u niej systemu wynagradzania i wyeliminowania występujących dysproporcji w płacach, które mogły zaowocować zarzutami dyskryminacji. Dysproporcje te wynikały m.in. z obowiązujących dotychczas maszynistów zasad nabywania praw do dodatku za pracę w niedzielę i święta</xText>
          <xText>O wprowadzeniu regulaminu powodowie zostali skutecznie powiadomieni. Jego treść została całej załodze strony pozwanej udostępniona w sposób umożliwiający zapoznanie się. Wypowiedzenia wręczone powodom w styczniu 2010 roku dokonane zostały ze względu na wprowadzenie regulaminu wynagradzania. W samej treści wypowiedzeń ustalono, że ich przyczyną jest wejście w życie w dniu 2.01.2010 roku tego regulaminu. Po jego wejściu w życie powodom zaprzestano wypłaty spornych dodatków na dotychczasowych zasadach. Wiedzieli oni, iż zaprzestanie tych wypłat związane jest z wejściem w życie regulaminu co wynika wprost z treści uzasadnień złożonych pozwów. Od otrzymanych wypowiedzeń powodowie nie odwołali się. Stan rzeczy wynikający z zaprzestania wypłaty im spornych dodatków na dotychczasowych zasadach akceptowali z uwagi na obietnicę wypłaty zaoszczędzonych w ten sposób środków w formie premii (w tym zakresie toczyły się negocjacje między przedstawicielami załogi a władzami strony pozwanej).</xText>
          <xText>W tych okolicznościach fakt, iż otrzymane w styczniu 2009 roku przez powodów wypowiedzenia nie zawierały wprost sformułowań, iż dotyczą warunków wypłaty dodatków za pracę w niedziele i święta nie oznacza wprost, iż wypowiedzeniem tych warunków nie objęto.</xText>
          <xText>Przytoczone wyżej okoliczności wskazują, iż niewątpliwie wypowiedzenie tych warunków było zamiarem strony pozwanej. Powodowie świadomi byli tego zamiaru. Znali bowiem treść regulaminu wynagradzania wprowadzającego nowe zasady wypłaty dodatków jak i cel dokonywanego wypowiedzenia jakim było ujednolicenie zasad wynagradzania. Osiągnięcie tego celu odpowiadało zasadom współżycia społecznego i równego traktowania pracowników, a wymóg ich dochowania wymaga, w przekonaniu Sądu Okręgowego, dokonania takiej interpretacji wypowiedzeń zgodnie z którą obejmowały nie tylko wynagrodzenie zasadnicze ale również zasady wypłaty dodatków za pracę w niedziele i święta.</xText>
          <xText>Nadto wskazać należy, iż:</xText>
          <xText>W wypowiedzeniach użyto określenia, iż dotyczy ono umowy o pracę w części dotyczącej stanowiska i wynagrodzenia. Wynagrodzenie jest jednym świadczeniem – za wykonaną pracę – a jego podział na różne składniki ma tylko charakter techniczny (por. Komentarz do art. 241<xSUPx>13</xSUPx> kp Kazimierz Jaśkowski pkt 3a – Lex) co pozwala przyjąć w okolicznościach sprawy, iż wypowiedzeniem objęto również sporny jego składnik w postaci dodatków za pracę w niedziele i święta.</xText>
          <xText>Wprawdzie w procesie porównywania warunków zatrudnienia wynikających z wprowadzenia regulaminu wynagradzania do poprzednich warunków konieczne jest porównanie poszczególnych składników wynagrodzenia dla oceny które postanowienia są korzystniejsze, tj. takie porównanie służy wyłącznie ocenie czy zmiany wynikające z wprowadzenia regulaminu wynagradzania kształtują treść stosunku pracy na nowych zasadach – automatycznie (jako korzystniejsze) czy też wymagają wypowiedzenia zmieniającego.</xText>
          <xText>W rozpoznawanej sprawie niesporny był niekorzystny charakter zmian. Stąd też strona pozwana wprowadziła je w drodze wypowiedzenia dotyczącego w zakresie wynagrodzenia nie tylko jego zasadniczej części.</xText>
          <xText>W okolicznościach sprawy są podstawy do uznania dokonanego wypowiedzenia za skuteczne również w zakresie zasad wypłaty dodatków za pracę w niedziele i święta. Udostępniając powodom treść regulaminu wynagradzania a następnie dokonanie z powołaniem się na ten regulamin wypowiedzenia dotychczasowych zasad wynagradzania strona pozwana spełniła wymóg zaproponowania na piśmie nowych warunków zgodnie z <xLexLink xArt="art. 42;art. 42 § 2" xIsapId="WDU19740240141" xTitle="Ustawa z dnia 26 czerwca 1974 r. - Kodeks pracy" xAddress="Dz. U. z 1974 r. Nr 24, poz. 141">art. 42 § 2 kp</xLexLink>. Przepis ten nie wymaga bowiem aby propozycja nowych warunków przedstawiona została w samym wypowiedzeniu. Nowe warunki mogą być przedstawione wcześniej a wypowiedzenie dokonane później z powołaniem się na znane już pracownikowi warunki tak jak to miało miejsce w rozpoznawanej sprawie.</xText>
          <xText>Niezależnie od powyższych uwag argumentować można również – zdaniem Sądu Okręgowego – iż skoro powodowie przez okres do rozwiązania stosunków pracy do 27.10.2011 r. a więc przez ponad 1,5 roku akceptowali brak dodatków wypłacanych na dotychczasowych zasadach, nie upominali się o ich wypłatę to nowe zasady ich wypłaty akceptowali i w tej materii doszło między stronami do zawarcia porozumienia. Wystąpienie z pozwami i to dopiero po około pół roku od rozwiązania stosunku pracy traktować należy w takiej sytuacji jedynie jako próbę uzyskania nieprzysługującego składnika wynagrodzenia za pracę.</xText>
          <xText>W rezultacie powyższego nie podzielił Sąd II instancji stanowiska które legło u podstaw zaskarżonego wyroku, iż dokonane z powodami w styczniu 2010 roku wypowiedzenie warunków pracy i płacy obejmowało tylko wynagrodzenie zasadnicze. Dla uzasadnienia powyższego poglądu nie jest wystarczające powołanie się na zawarte w wypowiedzeniu, po zaproponowaniu nowej stawki wynagrodzenia zasadniczego, stwierdzenie, iż pozostałe warunki umowy o pracę nie uległy zmianie. W okolicznościach sprawy nie można przyjąć, iż dotyczyło ono warunków wypłaty dodatków z tytułu pracy w niedzielę i święta z przyczyn wskazanych wyżej.</xText>
          <xText>Apelacja strony pozwanej uznana została tym samym za zasadną. W konsekwencji powyższego zaskarżony wyrok podlegał zmianie poprzez oddalenie powództwa obu powodów (<xLexLink xArt="art. 386;art. 386 § 1" xIsapId="WDU19640430296" xTitle="Ustawa z dnia 17 listopada 1964 r. - Kodeks postępowania cywilnego" xAddress="Dz. U. z 1964 r. Nr 43, poz. 296">art. 386 § 1 kpc</xLexLink>).</xText>
          <xText>Uwzględnienie apelacji strony pozwanej przesądziło w stanie faktycznym sprawy o niezasadności apelacji powodów, a w szczególności z uwagi na brak wpływu podanych w niej argumentów na treść rozstrzygnięcia. Ich apelacje zostały oddalone jako bezzasadne (<xLexLink xArt="art. 385" xIsapId="WDU19640430296" xTitle="Ustawa z dnia 17 listopada 1964 r. - Kodeks postępowania cywilnego" xAddress="Dz. U. z 1964 r. Nr 43, poz. 296">art. 385 kpc</xLexLink>).</xText>
          <xText>Przedmiotowy zakres porozumień z lipca 2015 roku nie mógł bowiem obejmować zmiany zasad wypłaty spornych dodatków. Skoro zgodnie ze stanowiskiem strony pozwanej, które uzyskało akceptację Sądu Okręgowego zasady wypłaty tych dodatków zmienione zostały w drodze wypowiedzenia zmieniającego ze stycznia 2010 roku to jej zamiarem nie mogła być – jako zbędna – powtórna zmiana tych zasad. Jakkolwiek pogląd powyższy co do zasady zgodny jest z twierdzeniami apelacji powodów to jednak wobec jego uzasadnienia zasadnością stanowiska strony pozwanej o skuteczności dokonanych wypowiedzeń zmieniających nie miał on wpływu na uznanie apelacji powodów za zasadną.</xText>
          <xText>Orzekając o kosztach postępowania I instancyjnego miał Sąd Okręgowy na względzie ostateczny wynik postępowania w którym powodowie sprawę przegrali (<xLexLink xArt="art. 98" xIsapId="WDU19640430296" xTitle="Ustawa z dnia 17 listopada 1964 r. - Kodeks postępowania cywilnego" xAddress="Dz. U. z 1964 r. Nr 43, poz. 296">art. 98 kpc</xLexLink>, § 6 pkt 5, § 11 pkt 2 Rozporządzenia Ministra Sprawiedliwości z dnia 28 września 2002 roku w sprawie opłat za czynności radców prawnych.</xText>
          <xText>O kosztach postępowania apelacyjnego orzeczono z uwzględnieniem, iż powodowie przegrali sprawę w zakresie zarówno uwzględnionej apelacji strony pozwanej jak i oddalonych własnych apelacji. Przy zastosowaniu <xLexLink xArt="art. 98" xIsapId="WDU19640430296" xTitle="Ustawa z dnia 17 listopada 1964 r. - Kodeks postępowania cywilnego" xAddress="Dz. U. z 1964 r. Nr 43, poz. 296">art. 98 kpc</xLexLink>, § 6 ust. 3, § 11 ust. 2, § 12 ust. 1 pkt 1 Rozporządzenia Ministra Sprawiedliwości z dnia 28 września 2002 roku w sprawie opłat za czynności radców prawnych z tytułu uwzględnienia apelacji strony pozwanej przysługiwały jej koszty po 255 zł od każdego z powodów (30 zł opłata od apelacji + 225 zł koszty zastępstwa procesowego). Na skutek natomiast oddalenia apelacji powodów stronie pozwanej należało się na podstawie <xLexLink xArt="art. 98" xIsapId="WDU19640430296" xTitle="Ustawa z dnia 17 listopada 1964 r. - Kodeks postępowania cywilnego" xAddress="Dz. U. z 1964 r. Nr 43, poz. 296">art. 98 kpc</xLexLink> § 6 ust. 5 (powód <xAnon>S. N.</xAnon>), § 6 ust. 4 (powód <xAnon>Z. S.</xAnon>) oraz § 11 ust. 2, § 12 ust. 1 pkt 1 Rozporządzenia Ministra Sprawiedliwości z dnia 28 września 2002 roku w sprawie opłat za czynności radców prawnych od powoda <xAnon>S. N.</xAnon> kwota 900 zł, zaś od powoda <xAnon>Z. S.</xAnon> kwota 450 zł.</xText>
          <xText>W rezultacie sumując powyższe należności zasądzono w pkt III wyroku na rzecz strony pozwanej od powoda <xAnon>S. N.</xAnon> kwotę 1 155 zł, zaś od powoda <xAnon>Z. S.</xAnon> kwotę 705 zł.</xText>
        </xUnit>
      </xBlock>
    </xPart>
  </judgement>
<judgement id="155010000002521_V_Pa_000100_2013_Uz_2013-10-01_001">
    <xPart xEditorFullName="Elżbieta Smektała" xYear="2013" xLang="PL" xPublisherFullName="Elżbieta Smektała" xFromPg="1" xEditor="e.smektala" xVolType="15/501000/0002521/Pa" xPublisher="e.smektala" xDocType="Uz" xVolNmbr="000100" xVersion="1.0" xToPage="5" xFlag="published">
      <xName>Wyrok+Uzasadnienie</xName>
      <xBlock>
        
        <xText>
          <xBx><xUx>Sygn. akt</xUx> VPa 100/13</xBx>
        </xText>
        <xUnit xIsTitle="true" xBold="true" xType="part">
          <xName>WYROK</xName>
          <xTitle>W IMIENIU RZECZYPOSPOLITEJ POLSKIEJ</xTitle>
          <xText xALIGNx="right"><xBx>Dnia</xBx> 19 września 2013 roku</xText>
          
          <xText xALIGNx="left">
            <xBx>
              <xUx>Sąd Okręgowy - Sąd Pracy i Ubezpieczeń Społecznych w Legnicy</xUx>
            </xBx>
          </xText>
          
          <xText>
            <xBx>w składzie następującym:</xBx>
          </xText>
          
          <xText>
            <xBx>Przewodniczący – SSO Jacek Wilga</xBx>
          </xText>
          
          <xText>
            <xBx>Sędziowie: SSO Krzysztof Główczyński (spr.)</xBx>
          </xText>
          <xText>
            <xBx>SSO Andrzej Marek</xBx>
          </xText>
          
          <xText><xBx>Protokolant:</xBx> Ewa Sawiak</xText>
          
          <xText><xBx>po rozpoznaniu w dniu</xBx> 19 września 2013 roku <xBx>w Legnicy</xBx></xText>
          
          <xText>
            <xBx>na rozprawie </xBx>
          </xText>
          
          <xText>
            <xBx>sprawy z powództwa</xBx>
            <xAnon>R. L.</xAnon>
          </xText>
          
          <xText>
            <xBx>przeciwko</xBx>
            <xAnon>K. M.</xAnon>
          </xText>
          
          <xText>o ustalenie wypadku przy pracy i sprostowanie protokołu powypadkowego</xText>
          
          <xText><xBx>na skutek apelacji</xBx> powoda</xText>
          
          <xText><xBx>od wyroku</xBx> Sądu Rejonowego - Sądu Pracy i Ubezpieczeń Społecznych w Legnicy</xText>
          
          <xText><xBx>z dnia</xBx> 9 kwietnia 2013 roku</xText>
          
          <xText><xBx>sygn. akt</xBx> IV P 487/12</xText>
          
          <xText xALIGNx="center">
            <xBx>oddala apelację.</xBx>
          </xText>
        </xUnit>
        <xUnit xIsTitle="true" xBold="true" xType="part">
          <xName>UZASADNIENIE</xName>
          <xText>Wyrokiem z dnia 09 kwietnia 2013 r. Sąd Rejonowy w Legnicy Wydział IV Pracy i Ubezpieczeń Społecznych, w sprawie z powództwa <xAnon>R. L.</xAnon> przeciwko <xAnon>K. M.</xAnon> o ustalenie wypadku przy pracy i sprostowanie protokołu powypadkowego, powództwo oddalił.</xText>
          <xText>Sąd Rejonowy ustalił, iż powód był zatrudniony u pozwanego na stanowisku kierowcy samochodu ciężarowego. Pracę tę wykonywał wożąc samochodem ciężarowym <xAnon>R.</xAnon>żwir ze żwirowni na budowę <xAnon>autostrady (...)</xAnon>, na odcinku koło <xAnon>S.</xAnon>. Raz na dwa tygodnie, na weekend zawsze z <xAnon>M. F.</xAnon>powód wracał jego prywatnym samochodem do domu w <xAnon>L.</xAnon>. Po spowodowanej awarią skrzyni biegów blisko miesięcznej przerwie, powód przystąpił do pracy po naprawie pojazdu w dniu 25 września 2011 r. i pracę tę wykonywał do soboty – 01 października 2011 r. W tym dniu po zakończeniu pracy <xAnon>R. L.</xAnon>około 16:00 zjechał na plac żwirowni. Ustaliwszy z pozwanym, że zabierze powoda na weekend do domu, <xAnon>M. F.</xAnon>zaproponował powodowi powrót do domu. Powód stwierdził, że dopiero co przyjechał do pracy i nie opłaca mu się zjeżdżać na weekend; przekazał natomiast ubrania do prania. W niedzielę 02 października 2011 r. przed południem powód wsiadł do samochodu <xAnon>R.</xAnon>i wjechał nim na wagę w wykopie żwirowni. Chcąc wysiąść z pojazdu, po otwarciu drzwi, wypadł z wysokości 1,8 m twarzą na wagę. Sytuację tę obserwowali <xAnon>M. M.</xAnon>, który będąc pracownikiem innej firmy także pracował na żwirowni oraz pracownik ochrony żwirowni. Widząc upadek powoda, obaj podbiegli do niego i podczas udzielania mu pomocy <xAnon>M. M.</xAnon>poczuł z ust <xAnon>R. L.</xAnon>zapach alkoholu. Powód mówił niezrozumiale, chciał z powrotem wsiadać do samochodu i ładować żwir; nie rozumiał, że była niedziela i że tego dnia żwirownia nie pracowała. Stwierdziwszy nietrzeźwość <xAnon>R. L.</xAnon>, <xAnon>M. M.</xAnon>nie pozwolił mu wsiąść z powrotem do pojazdu. Zabrał powodowi kluczyki i jego pojazd odstawił na plac pod lasem. Jadąc samochodem powoda <xAnon>M. M.</xAnon>widział w nim obok siedzenia prawie pustą butelkę po wódce oraz czuł zapach alkoholu.</xText>
          <xText>W wywiadzie lekarskim powód podał, że urazu głowy i kręgosłupa szyjnego doznał w dniu 02 października 2011 r. po upadku na ziemię podczas wychodzenia z samochodu ciężarowego, że przytomności nie stracił, a okoliczności zdarzenia pamięta.</xText>
          <xText>Biorąc za podstawę rozstrzygnięcia dokumentację powypadkową, kartę leczenia szpitalnego z 31 października 2011 r. oraz zeznania świadków <xAnon>M. F.</xAnon>, <xAnon>M. M.</xAnon>, <xAnon>J. S.</xAnon>i <xAnon>J. M.</xAnon>, nie dając wiary sprzecznym z wymienionymi dowodami i niekonsekwentnym wyjaśnieniom <xAnon>R. L.</xAnon>Sąd Rejonowy uznał, że powód w dniu 01 października 2011 r. (sobota), mimo zapewnienia mu przez pracodawcę transportu powrotnego do domu, z możliwości tej nie skorzystał. Na podstawie zeznań bezpośredniego świadka <xAnon>M. M.</xAnon>ustalił, iż w niedzielę, 02 października 2011 r. powód wjechał samochodem ciężarowym <xAnon>R.</xAnon> na wagę żwirowni i po otwarciu kabiny, chcąc z niej wysiąść, spadł twarzą na wagę z wysokości 1,8 m.</xText>
          <xText>W ocenie Sądu I instancji, zdarzenie z dnia 02 października 2011 r. nie miało żadnego związku z pracą. Uznał, iż w świetle zeznań świadków wyjaśnienia powoda, który wskazywał, iż w tym dniu od rana do około 16:00 – 17:00, do momentu kiedy uderzyła go osłona przykrywająca wał, naprawiał samochód, są niewiarygodne. Sąd Rejonowy wskazał szereg rozbieżności pomiędzy podawanymi przez powoda rożnymi wersjami wypadku. Uznał, że jego wyjaśnienia są niekonsekwentne i nie zasługują na wiarę. Poza pierwotnymi twierdzeniami powoda, które podał będąc w szpitalu, żadna następna wersja wydarzeń nie znalazła potwierdzenia w zgromadzonym w sprawie materiale dowodowym.</xText>
          <xText>Uwzględniając poczynione w sprawie ustalenia faktyczne oraz swoje rozważania, Sąd Rejonowy uznał, że nie zachodzi żaden związek zdarzenia z dnia 02 października 2011 r. z pracą. Brak jest w sprawie czasowego, a przede wszystkim funkcjonalnego związku zdarzenia z pracą.</xText>
          
          <xText>W apelacji od powyższego wyroku <xAnon>R. L.</xAnon> skarżąc punkt I wyroku, wniósł o jego zmianę poprzez uznanie zdarzenia z dnia 02 października 2011 r. za wypadek przy pracy oraz o sprostowanie protokołu powypadkowego.</xText>
          <xText>Kwestionując ustalenia zaskarżonego wyroku, powód podał, iż w dniu 01 października 2011 r. we wszystkich samochodach, w tym w samochodzie <xAnon>M. F.</xAnon>, który często go zabierał, brak było wolnego miejsca. Odnosząc się do zeznań <xAnon>M. F.</xAnon> stwierdził, iż nie jest mu znana przyczyna zeznania tego świadka, wskazującego na to, że powód nie chciał z nim wracać. <xAnon>R. L.</xAnon> argumentował, że o zaistniałej w tym dniu sytuacji informował telefonicznie pozwanego, że obiecując zapłatę za naprawę, pozwany polecił mu „… porobić przy samochodzie …”. Na okoliczność zdarzenia z dnia 02 października 2011 r. powód podał, że po uniesieniu lekko rano w niedzielę kabiny sprawdzał silnik, dokręcał koła, naprawiał światła, usuwał wyciek oleju, dokręcał wał i osłonę. Stojąc na osłonie, chwycił „… za uchwyt kabiny gdy się oberwała …” spadł głową na ubitą ziemię. Po ocknięciu się nie pamiętał jak długo leżał nieprzytomny. Pozbierał narzędzia i poszedł spać. Powód stwierdził, że poza nim i portierem nikogo więcej na żwirowni nie było.</xText>
          
          <xText>
            <xBx>Sąd Okręgowy zważył co następuje.</xBx>
          </xText>
          
          <xText>Pozbawiona uzasadnionych podstaw apelacja nie zasługuje na uwzględnienie.</xText>
          <xText>Jakkolwiek apelacja wprost nie formułuje żadnych zarzutów apelacji, to analiza jej treści uzasadnia wniosek, że powód nie akceptuje dokonanej przez Sąd I instancji oceny dowodów i ustalonego na ich podstawie stanu faktycznego sprawy. <xAnon>R. L.</xAnon> przedstawił odbiegającą od ustalonej w sprawie swoją wersję zdarzenia, przy czym na poparcie swoich twierdzeń nie przedstawił żadnych dowodów. W istocie zatem podstawę wniesionej w sprawie apelacji stanowi zarzut błędnej oceny zebranych w sprawie dowodów, skutkującej niewłaściwym ustaleniem stanu faktycznego.</xText>
          <xText>Zgodnie z <xLexLink xArt="art. 233;art. 233 § 1" xIsapId="WDU19640430296" xTitle="Ustawa z dnia 17 listopada 1964 r. - Kodeks postępowania cywilnego" xAddress="Dz. U. z 1964 r. Nr 43, poz. 296">art. 233 § 1 k.p.c.</xLexLink> sąd ocenia wiarygodność i moc dowodów według własnego przekonania, na podstawie wszechstronnego rozważenia zebranego materiału. Zarzut przekroczenia przez Sąd I instancji granicy swobodnej oceny dowodów należy uznać za bezzasadny, bowiem skuteczna obrona stanowiska skarżącego w tym zakresie wymagałaby wykazania, że Sąd uchybił zasadom logicznego rozumowania lub doświadczenia życiowego oraz brak wszechstronnej oceny wszystkich istotnych dowodów (por. wyroki Sądu Najwyższego z dnia 29 lipca 1998 r., sygn. akt II UKN 151/98, z dnia 04 lutego 1999 r., sygn. akt II UKN 459/98, z dnia 05 stycznia 1999 r., sygn. akt II UKN 76/99). Tylko w przypadku, gdy brak logiki w wiązaniu wniosków z zebranymi dowodami lub gdy wnioskowanie sądu wykracza poza schematy logiki formalnej, albo – wbrew zasadom doświadczenia życiowego – nie uwzględnia jednoznacznych praktycznych związków przyczynowo-skutkowych, to przeprowadzona przez sąd ocena dowodów może być skutecznie podważona (por. wyrok Sądu Najwyższego z dnia 27 września 2002 r., sygn. akt II CKN 817/00). W ocenie Sądu Okręgowego, Sąd Rejonowy należycie wyjaśnił sprawę, a przeprowadzona ocena dowodów jest prawidłowa i odpowiada powyższym kryteriom. Apelacja nie wykazuje uchybień w rozumowaniu Sądu, które podważałyby prawidłowość dokonanej oceny. Natomiast naruszenie zasady swobodnej oceny dowodów nie może polegać na przedstawieniu przez stronę alternatywnego stanu faktycznego, a tylko na podważeniu przesłanek tej oceny z wykazaniem, że jest ona rażąco wadliwa lub oczywiście błędna, czego – zdaniem Sądu Okręgowego – powód we wniesionej apelacji nie uczynił. Niepopartą żadnym obiektywnym dowodem własną relację przebiegu zdarzenia, powód przeciwstawił pozostałym dopuszczonym w sprawie dowodom ze zbieżnych w swej treści zeznaniom świadków, dokumentacji powypadkowej oraz karty informacyjnej leczenia szpitalnego z dnia 31 października 2011 r. W odróżnieniu od powoda, który nie był w stanie wyjaśnić przyczyn złożenia przez świadków, w tym <xAnon>M. F.</xAnon> zeznań określonej treści, dokonując oceny zebranego w sprawie materiału Sąd Rejonowy rzeczowo przedstawił motywy jakimi się kierował oceniając wiarygodność poszczególnych dowodów. Dokonana przez ten Sąd swobodna, a nie dowolna ocena dowodów nie budzi wątpliwości.</xText>
          <xText>Mając na uwadze przedstawione wyżej okoliczności, Sąd Okręgowy na podstawie <xLexLink xArt="art. 385" xIsapId="WDU19640430296" xTitle="Ustawa z dnia 17 listopada 1964 r. - Kodeks postępowania cywilnego" xAddress="Dz. U. z 1964 r. Nr 43, poz. 296">art. 385 k.p.c.</xLexLink>, oddalił apelację, uznając ją za bezzasadną.</xText>
        </xUnit>
      </xBlock>
    </xPart>
  </judgement>
<judgement id="155010000002521_V_Pa_000107_2013_Uz_2013-10-09_001">
    <xPart xEditorFullName="Elżbieta Smektała" xYear="2013" xLang="PL" xPublisherFullName="Elżbieta Smektała" xFromPg="1" xEditor="e.smektala" xVolType="15/501000/0002521/Pa" xPublisher="e.smektala" xDocType="Uz" xVolNmbr="000107" xVersion="1.0" xToPage="5" xFlag="published">
      <xName>Wyrok+Uzasadnienie</xName>
      <xBlock>
        <xText>
          <xBx><xUx>Sygn. akt</xUx> VPa 107/13</xBx>
        </xText>
        <xUnit xIsTitle="true" xType="part" xBold="true">
          <xName>WYROK</xName>
          <xTitle>W IMIENIU RZECZYPOSPOLITEJ POLSKIEJ</xTitle>
          <xText xALIGNx="right"><xBx>Dnia</xBx> 19 września 2013 roku</xText>
          <xText xALIGNx="left">
            <xBx>Sąd Okręgowy - Sąd Pracy i Ubezpieczeń Społecznych w Legnicy</xBx>
          </xText>
          
          <xText>
            <xBx>w składzie następującym:</xBx>
          </xText>
          
          <xText>
            <xBx>Przewodniczący – SSO Jacek Wilga</xBx>
          </xText>
          
          <xText>
            <xBx>Sędziowie: SSO Krzysztof Główczyński</xBx>
          </xText>
          <xText>
            <xBx>SSO Andrzej Marek (spr.)</xBx>
          </xText>
          
          <xText><xBx>Protokolant:</xBx> Ewa Sawiak</xText>
          
          <xText><xBx>po rozpoznaniu w dniu</xBx> 19 września 2013 roku <xBx>w Legnicy</xBx></xText>
          
          <xText>
            <xBx>na rozprawie </xBx>
          </xText>
          
          <xText><xBx>sprawy z powództwa</xBx> Spółdzielni Mieszkaniowej  w <xAnon>W.</xAnon></xText>
          
          <xText>
            <xBx>przeciwko</xBx>
            <xAnon>B. B.</xAnon>
          </xText>
          
          <xText>o zapłatę</xText>
          
          <xText><xBx>na skutek apelacji</xBx> pozwanej</xText>
          
          <xText><xBx>od wyroku</xBx> Sądu Rejonowego - Sądu Pracy i Ubezpieczeń Społecznych w Legnicy</xText>
          
          <xText><xBx>z dnia</xBx> 26 kwietnia 2013 roku</xText>
          
          <xText><xBx>sygn. akt</xBx> IV P 243/12</xText>
          
          <xUnit xIsTitle="false" xType="none">
            <xName xSffx=".">I</xName>
            <xText>
              <xBx>oddala apelację,  </xBx>
            </xText>
          </xUnit>
          <xUnit xIsTitle="false" xType="none">
            <xName xSffx=".">II</xName>
            <xText>
              <xBx>zasądza od pozwanej na rzecz strony powodowej kwotę 225 zł tytułem zwrotu kosztów zastępstwa procesowego w postępowaniu apelacyjnym. </xBx>
            </xText>
          </xUnit>
        </xUnit>
        <xUnit xIsTitle="true" xType="part" xBold="true">
          <xName>UZASADNIENIE</xName>
          <xText>Sąd Rejonowy w Legnicy wyrokiem z dnia 26 kwietnia 2013r. zasądził od pozwanej na rzecz strony powodowej kwotę 2000 zł., oddalił powództwo dalej idące i orzekł o kosztach procesu.</xText>
          <xText>Sąd Rejonowy uznał, że pozwana wyrządziła szkodę w mieniu pracodawcy. Szkoda ta polegała na bezprawnym uzyskaniu na koszt powodowej spółdzielni licencji zarządcy nieruchomości. Żądanie zostało oddalone częściowo ze względu na uznanie przez Sąd I instancji za uzasadniony podniesionego przez pozwaną zarzutu przedawnienia. Wnioski takie Sąd Rejonowy wyprowadził z ustalonego w sprawie stanu faktycznego, który Sąd Okręgowy w całości aprobuje i uznaje za własny.</xText>
          <xText>Apelację do powyższego rozstrzygnięcia wniosła pozwana zarzucając:</xText>
          <xEnum>
            <xBullet>-</xBullet>
            <xEnumElem>
              <xText>sprzeczne z zebranym materiałem dowodowym ustalenie Sądu, iż pozwana uczęszczała na kurs z zakresu zarządzania nieruchomościami bez wiedzy i akceptacji powódki,</xText>
            </xEnumElem>
            <xEnumElem>
              <xText>naruszenie prawa materialnego, a w szczególności <xLexLink xArt="art. 291;art. 291 § 3" xIsapId="WDU19740240141" xTitle="Ustawa z dnia 26 czerwca 1974 r. - Kodeks pracy" xAddress="Dz. U. z 1974 r. Nr 24, poz. 141">art. 291 §3 kp</xLexLink> w związku z <xLexLink xArt="art. 442(1)" xIsapId="WDU19640160093" xTitle="Ustawa z dnia 23 kwietnia 1964 r. - Kodeks cywilny" xAddress="Dz. U. z 1964 r. Nr 16, poz. 93">art. 442<xSUPx>1</xSUPx> kc</xLexLink> poprzez jego błędną wykładnię prowadzącą do niewłaściwego wniosku, iż upływ terminu przedawnienia dla roszczeń pracodawcy wobec pracownika o naprawienie umyślnie wyrządzonej szkody następuje po upływie lat 10 bez względu na datę powzięcia wiadomości o wyrządzeniu szkody,</xText>
            </xEnumElem>
            <xEnumElem>
              <xText>naruszenie prawa materialnego, a w szczególności <xLexLink xArt="art. 291;art. 291 § 3" xIsapId="WDU19740240141" xTitle="Ustawa z dnia 26 czerwca 1974 r. - Kodeks pracy" xAddress="Dz. U. z 1974 r. Nr 24, poz. 141">art. 291 §3 kp</xLexLink> w związku z <xLexLink xArt="art. 442(1)" xIsapId="WDU19640160093" xTitle="Ustawa z dnia 23 kwietnia 1964 r. - Kodeks cywilny" xAddress="Dz. U. z 1964 r. Nr 16, poz. 93">art. 442<xSUPx>1</xSUPx> kc</xLexLink> poprzez jego błędną wykładnię dokonaną bez rozważenia faktu, iż przedmiotem ocen były zdarzenia kolejno następujące w czasie i pozostające w związku przyczynowy, z czynem przypisywanym pozwanej oraz błędne przyjęcie, iż poszczególne zdarzenia wyznaczają własny dziesięcioletni termin przedawnienia.</xText>
            </xEnumElem>
          </xEnum>
          <xText>Powołując te zarzuty skarżąca wniosła o zmianę zaskarżonego orzeczenia i oddalenie powództwa w całości, a także zasądzenie od powoda na rzecz pozwanej kosztów procesu w tym kosztów zastępstwa procesowego według norm przepisanych, ewentualnie o uchylenie zaskarżonego wyroku i przekazanie sprawy do ponownego rozpoznania Sądowi I instancji z pozostawieniem temu Sądowi rozstrzygnięcia o kosztach postępowania apelacyjnego.</xText>
          <xText>
            <xBx>Sąd Okręgowy zważył, co następuje:</xBx>
          </xText>
          <xText>Wyrok Sądu Rejonowego jest prawidłowy. Został oparty na rzetelnie ustalonym stanie faktycznym znajdującym źródło w przeprowadzonym postępowaniu dowodowym. Jego ocena jest wszechstronna. Argumenty prawne powołane w uzasadnieniu zaskarżonego rozstrzygnięcia zasługują na pełną aprobatę. Są przy tym pełne i nie wymagają powtarzania.</xText>
          <xText>Odnosząc się do zarzutów zawartych w apelacji wskazać trzeba, że:</xText>
          <xText>1. Apelacja gołosłownie twierdzi, iż zebrany w sprawie materiał dowody nie dawał podstaw do zakwalifikowania zachowania pozwanej jako umyślnego (i bezprawnego) działania na szkodę powódki bowiem – w ocenie skarżącej - przeprowadzane przez sąd dowody potwierdziły fakt rozliczania kosztów związanych z kwestionowanym kursem w sposób jawny przy prowadzonej pełnej dokumentacji finansowej. Jest dokładnie odwrotnie: żaden (może za wyjątkiem bardzo ogólnie i nieprzekonywająco brzmiących zeznań świadka <xAnon>B. G.</xAnon>, którym słusznie Sąd Rejonowy odmówił przymiotu wiarygodności wskazując szczegółowo z jakich powodów to uczynił) z przeprowadzonych dowodów nie wskazywał na odbycie przez pozwaną kursu zarządcy nieruchomości za zgodą organów spółdzielni, która to zgoda miałaby przy tym obejmować także przyzwolenie na pokrycie przez pracodawcę kosztów związanych z takim kursem. W tym zakresie ocena dowodów dokonana przez Sąd Rejonowy nie budzi żadnych zastrzeżeń.</xText>
          <xText>2. Prawidłowo również - wbrew twierdzeniom apelacji - zastosował Sąd Rejonowy przepisy prawa materialnego dotyczące przedawnienia roszczenia. Przepis <xLexLink xArt="art. 442(1);art. 442(1) § 1" xIsapId="WDU19640160093" xTitle="Ustawa z dnia 23 kwietnia 1964 r. - Kodeks cywilny" xAddress="Dz. U. z 1964 r. Nr 16, poz. 93">art. 442<xSUPx>1</xSUPx> § 1 k.c.</xLexLink> (stosowany w niniejszej sprawie na mocy odesłania zawartego w <xLexLink xArt="art. 291;art. 291 § 3 k" xIsapId="WDU19640160093" xTitle="Ustawa z dnia 23 kwietnia 1964 r. - Kodeks cywilny" xAddress="Dz. U. z 1964 r. Nr 16, poz. 93">art. 291 § 3 k</xLexLink>.p i mający to samo brzmienie przed i po obwiązującej od 10 sierpnia 2007 r. nowelizacji <xLexLink xArt="" xIsapId="WDU19640160093" xTitle="Ustawa z dnia 23 kwietnia 1964 r. - Kodeks cywilny" xAddress="Dz. U. z 1964 r. Nr 16, poz. 93">kodeksu cywilnego</xLexLink>) wprowadza - w zakresie przedawnienia roszczenia wyrządzonego czynem niedozwolonym - dwa terminy: pierwszy - trzyletni liczony od momentu dowiedzenia się poszkodowanego zarówno o samej szkodzie jaki i sprawcy; drugi dziesięcioletni rozpoczynający się od dnia zdarzenia wyrządzającego szkodę.</xText>
          <xText>Z ustalonego w sprawie prawidłowo stanu faktycznego wynika, że statutowe organy strony powodowej o szkodzie dowiedziały się po przeprowadzonej już po rozwiązaniu z pozwaną stosunku pracy lustracji. Zakończyła się ona 7 listopada 2011 r. Skoro zaś pozew został złożony 31 maja 2012 r., to nie został przekroczony pierwszy trzyletni termin a tempore scientiae. Nie ma przy tym znaczenia to, czy pozwana nie ukrywała faktu uczestnictwa w kursie, bo nie o taki fakt (jako początek tego terminu przedawnienia) chodzi. Do rozpoczęcia biegu trzyletniego terminu potrzebna była nie sama wiedza strony powodowej (jej organów) o uczestnictwie pozwanej w kursie, ale wiedza o szkodzie rozumianej jako bezprawne tj. bez zgody spółdzielni pokrywanie opłat za taki kurs z majątku spółdzielni. Nie bez znaczenia jest tutaj to, że powódka pełniła funkcję prezesa zarządu spółdzielni, a podczas jej kadencji nie przeprowadzono w spółdzielni wymaganej prawem lustracji.</xText>
          <xText>Co do części żądania nastąpiło jednak przedawnienie ze względu na upływ drugiego (tempore facti) terminu wynikającego z powołanego 442<xSUPx>(
          1)</xSUPx><xLexLink xArt="§ 1" xIsapId="WDU19640160093" xTitle="Ustawa z dnia 23 kwietnia 1964 r. - Kodeks cywilny" xAddress="Dz. U. z 1964 r. Nr 16, poz. 93">§ 1 k.c.</xLexLink> Sąd Okręgowy nie podziela przy tym poglądu skarżącej, iż związek pomiędzy poszczególnymi zdarzeniami (opłatami za uczestnictwo w kursie) skutkuje tym, że termin przedawnienia powinien być liczony od dokonania pierwszej opłaty za powyższy kurs. Każdorazowo bowiem szkoda pracodawcy powstawała w momencie bezprawnego uszczuplenia majątku spółdzielni (uiszczenia poszczególnej opłaty za kurs). Każde takie zdarzenie miało samodzielny byt, stanowiło odrębną (podlegającą wyrównaniu) szkodę i wyznaczało własny termin przedawnienia. Trudno bowiem uznać, że roszczenia wynikające z kosztów wydatkowane przez stronę powodową na pokrycie poszczególnych opłat mogłyby ulegać przedawnieniu zanim jeszcze powstały.</xText>
          <xText>Mając powyższe na uwadze Sąd na podstawie <xLexLink xArt="art. 385" xIsapId="WDU19640430296" xTitle="Ustawa z dnia 17 listopada 1964 r. - Kodeks postępowania cywilnego" xAddress="Dz. U. z 1964 r. Nr 43, poz. 296">art. 385 kpc</xLexLink> oddalił apelację jako bezzasadną.</xText>
          <xText>Orzeczenie w przedmiocie kosztów procesu w postępowaniu odwoławczym Sąd wydał na podstawie <xLexLink xArt="art. 98;art. 98 § 1;art. 98 § 3" xIsapId="WDU19640430296" xTitle="Ustawa z dnia 17 listopada 1964 r. - Kodeks postępowania cywilnego" xAddress="Dz. U. z 1964 r. Nr 43, poz. 296">art. 98 § 1 i 3 kpc</xLexLink> w zw. z <xLexLink xArt="art. 98 § 6;art. 98 § 6 pkt. 3;art. 98 § 6 pkt. 11;art. 98 § 6 ust. 1;art. 98 § 6 ust. 1 pkt. 2" xIsapId="WDU19640430296" xTitle="Ustawa z dnia 17 listopada 1964 r. - Kodeks postępowania cywilnego" xAddress="Dz. U. z 1964 r. Nr 43, poz. 296">§ 6 pkt 3, 11 ust. 1 pkt 2</xLexLink> w zw. z <xLexLink xArt="§ 12;§ 12 ust. 1;§ 12 ust. 1 pkt. 1" xIsapId="WDU20021631349" xTitle="Rozporządzenie Ministra Sprawiedliwości z dnia 28 września 2002 r. w sprawie opłat za czynności radców prawnych oraz ponoszenia przez Skarb Państwa kosztów pomocy prawnej udzielonej przez radcę prawnego ustanowionego z urzędu" xAddress="Dz. U. z 2002 r. Nr 163, poz. 1349">§ 12 ust. 1 pkt 1 rozporządzenia Ministra Sprawiedliwości z dnia 28 września 2002r. w sprawie opłat za czynności radców prawnych oraz ponoszenia przez Skarb Państwa kosztów pomocy prawnej udzielonej przez radcę prawnego ustanowionego z urzędu</xLexLink></xText>
        </xUnit>
      </xBlock>
    </xPart>
  </judgement>
<judgement id="152520000000503_I_C_000257_2013_Uz_2014-02-17_001">
    <xPart xEditorFullName="Halina Nowakowska" xYear="2013" xLang="PL" xPublisherFullName="Halina Nowakowska" xFromPg="1" xEditor="halnow_so_sieradz" xVolType="15/252000/0000503/C" xPublisher="halnow_so_sieradz" xDocType="Uz" xVolNmbr="000257" xVersion="1.0" xToPage="7" xFlag="published">
      <xName>Wyrok+Uzasadnienie</xName>
      <xBlock>
        
        <xText>Sygn. akt I C 257/13</xText>
        
        <xUnit xBold="true" xType="part" xIsTitle="true">
          <xName>WYROK</xName>
          <xTitle>W IMIENIU RZECZYPOSPOLITEJ POLSKIEJ</xTitle>
          <xText xALIGNx="right">Dnia 17 lutego 2014 roku</xText>
          <xText>Sąd Okręgowy w Sieradzu Wydział I Cywilny</xText>
          <xText>w składzie:</xText>
          <xText>Przewodniczący – SSO Przemysław Majkowski</xText>
          <xText>Protokolant: sekr. sąd. Jolanta Grelińska</xText>
          <xText>po rozpoznaniu w dniu 17 lutego 2014 r. w Sieradzu</xText>
          <xText>na rozprawie sprawy</xText>
          <xText>z powództwa <xAnon>S. Z.</xAnon></xText>
          <xText>przeciwko <xAnon>R. M.</xAnon></xText>
          <xText>o przywrócenie stanu poprzedniego</xText>
          
          <xUnit xType="none" xIsTitle="false">
            <xName xSffx=".">1</xName>
            <xText>oddala powództwo;</xText>
          </xUnit>
          <xUnit xType="none" xIsTitle="false">
            <xName xSffx=".">2</xName>
            <xText>nie obciąża powódki kosztami postępowania.</xText>
          </xUnit>
          
          <xText>
            <xIx>Sygn. akt I C 257/13</xIx>
          </xText>
        </xUnit>
        <xUnit xBold="true" xType="part" xIsTitle="true">
          <xName>UZASADNIENIE</xName>
          <xText>W pozwie skierowanym do tut. Sądu w dniu 04 listopada 2013 roku powódka <xAnon>S. Z.</xAnon> domagała się od pozwanego <xAnon>R. Z.</xAnon> Prezesa <xAnon> (...) Spółdzielni Mieszkaniowej</xAnon> w <xAnon>S.</xAnon> wydania mieszkania położonego w <xAnon>S.</xAnon> przy <xAnon>ul. (...)</xAnon>. W uzasadnieniu wskazała, że wyrządzono jej krzywdę pozbawiając własności tego mieszkania.</xText>
          <xText>Pozwany nie uznał powództwa i wniósł o jego oddalenie.</xText>
          <xText xALIGNx="center">
            <xBx>
              <xIx>Sąd Okręgowy ustalił, co następuje:</xIx>
            </xBx>
          </xText>
          <xText>Powódce <xAnon>S. Z.</xAnon> przysługiwało prawo do spółdzielczego własnościowego prawa do lokalu mieszkalnego w <xAnon> (...) Spółdzielni Mieszkaniowej</xAnon> położonego w <xAnon>S.</xAnon> przy <xAnon>ul. (...)</xAnon> oznaczonego numerem <xAnon>(...)</xAnon>, <xIx>(dowód: akt notarialny – k.44-45, zawiadomienie z <xAnon> (...)</xAnon> k.46, 47)</xIx>.</xText>
          <xText>Począwszy od 2000 roku powódka nie regulowała systematycznie opłat na rzecz spółdzielni mieszkaniowej związanych z przysługującym jej prawem do lokalu i za poszczególne okresy płatności dochodziło do wydawania przez Sąd Rejonowy w Sieradzu nakazów zapłaty i tak:</xText>
          <xEnum>
            <xBullet>-</xBullet>
            <xEnumElem>
              <xText>w dniu 21 września 2004 roku w sprawie VII Nc 551/04 na mocy, którego Sąd nakazał pozwanej <xAnon>S. Z.</xAnon> zapłacić na rzecz powoda kwotę 4 798,65 zł z ustawowymi odsetkami od dnia 26 sierpnia 2004 roku do dnia zapłaty wraz z kosztami procesu;</xText>
            </xEnumElem>
            <xEnumElem>
              <xText>w dniu 11 maja 2005 roku w sprawie VII Nc 187/05 na mocy, którego Sąd nakazał pozwanej <xAnon>S. Z.</xAnon> zapłacić na rzecz powoda kwotę 2 025,50 zł z ustawowymi odsetkami od dnia 22 kwietnia 2005 roku do dnia zapłaty wraz z kosztami procesu;</xText>
            </xEnumElem>
            <xEnumElem>
              <xText>w dniu 24 września 2007 roku w sprawie VII Nc 619/07 na mocy, którego Sąd nakazał pozwanej <xAnon>S. Z.</xAnon> zapłacić na rzecz powoda kwotę 2 194,18 zł z ustawowymi odsetkami od dnia 17 września 2007 roku do dnia zapłaty wraz z kosztami procesu;</xText>
            </xEnumElem>
            <xEnumElem>
              <xText>w dniu 04 listopada 2008 roku w sprawie VII Nc 829/08 na mocy, którego Sąd nakazał pozwanej <xAnon>S. Z.</xAnon> zapłacić na rzecz powoda kwotę 1 470,54 zł z ustawowymi odsetkami od dnia 30 września 2008 roku do dnia zapłaty wraz z kosztami procesu,</xText>
            </xEnumElem>
          </xEnum>
          <xText>
            <xIx>(dowód: informacja – 48-49; pismo z <xAnon> (...)</xAnon> k.50,54,58,63,67,72; ugoda – k.52; wezwanie ostateczne do zapłaty – 53,60; nakaz zapłaty – k.55,62,66,71,73,84; przesądowe wezwanie do zapłaty – k.65,70).</xIx>
          </xText>
          <xText>Łącznie <xAnon>S. Z.</xAnon> została obciążona obowiązkiem zapłaty z tego tytułu w kwocie 10.489,49 złotych, <xIx>(niesporne)</xIx>.</xText>
          <xText>W dniu 25 lipca 2008 roku wobec wszczęcia na wniosek <xAnon> (...) Spółdzielni Mieszkaniowej</xAnon> w <xAnon>S.</xAnon> egzekucji komorniczej w celu wyegzekwowania powyższych należności, <xAnon>S. Z.</xAnon> została zawiadomiona o wszczęciu egzekucji i wezwana do zapłaty długu <xIx>(dowód: wniosek o wszczęcie egzekucji – k.75,77; zawiadomienie o wszczęciu egzekucji – k.81; rozszerzenie wniosku o wszczęcie egzekucji – k.83).</xIx></xText>
          <xText>W dniu 15 lutego 2011 roku odbyła się publiczna licytacja, do której przystąpił jako jedyny nabywca wpłacający wadium – <xAnon>J. K.</xAnon>, uzyskując prawo do lokalu za cenę 46.875 złotych. W tym samym dniu Sąd Rejonowy w Sieradzu wydał postanowienie o udzieleniu przybicia, które uprawomocniło się wobec braku zaskarżenia ze strony dłużniczki, obecnej na licytacji <xIx>(niesporne).</xIx></xText>
          <xText>Po uiszczeniu przez nabywcę licytacyjnego reszty ceny Sąd Rejonowy w Sieradzu postanowieniem z dnia 1 kwietnia 2011 roku przysądził własność spółdzielczego własnościowego prawa do przedmiotowego lokalu mieszkalnego na rzecz <xAnon>J. K.</xAnon>, stwierdzając jednocześnie o obowiązku dłużniczki w zakresie wydania nabywcy lokalu. Zażalenie dłużniczki na powyższe orzeczenie zostało prawomocnie odrzucone <xIx>(dowód: postanowienie z dnia 01 kwietnia 2011 roku Sądu Rejonowego w Sieradzu w sprawie Co 2891/10- k.104; zawiadomienie o prawomocności – k.105, postanowienie Sądu Rejonowego w Sieradzu z dnia 09 maja 2011 roku – o odrzuceniu zażalenia – k.106).</xIx></xText>
          <xText>Pomimo obowiązku wydania lokalu, <xAnon>S. Z.</xAnon> nie uczyniła dobrowolnie zadość temu zobowiązaniu. W listopadzie 2011 roku <xAnon>J. K.</xAnon> wystąpił z pozwem o eksmisję z przedmiotowego lokalu powódki, a po otrzymaniu orzeczenia w tym przedmiocie został wprowadzony w posiadanie lokalu w ramach postępowania komorniczego - w końcu 2011 r. Od tego czasu powódka nie korzysta z mieszkania, ale mimo tego podejmuje próby uiszczania bieżących opłat czynszowych z nim związanych, których <xAnon> (...) Spółdzielnia Mieszkaniowa</xAnon> nie przyjmuje, przekazując je do depozytu sądowego <xIx>(dowód: postanowienie Sądu Rejonowego w Sieradzu – k. 117; 129v,131). </xIx></xText>
          <xText>Pozwany <xAnon>R. M.</xAnon> jest <xAnon>Z.</xAnon> Prezesa <xAnon> (...) Spółdzielni Mieszkaniowej</xAnon>. W ramach swoich powinności pozwany podejmował działania zmierzające do wyegzekwowania od powódki jej zadłużenia wobec <xAnon> (...) Spółdzielni Mieszkaniowej</xAnon>, <xIx>(dowód: zeznania pozwanego k. 41 w zw. z k. 40v).</xIx></xText>
          <xText>Powódka <xAnon>S. Z.</xAnon> ma 40 lat, nie ma własnej rodziny, z zawodu jest szwaczką. Nie ma stałej pracy i utrzymuje się z pracy dorywczej, otrzymując z tego tytułu wynagrodzenie miesięczne na poziomie około 500,00 złotych. Nie ma innych dochodów, ani majątku <xIx>(dowód: zeznania powódki k. 41).</xIx></xText>
          
          <xText xALIGNx="center">
            <xBx>
              <xIx>Sąd Okręgowy zważył co następuje:</xIx>
            </xBx>
          </xText>
          <xText>Przed merytorycznym rozstrzygnięciem zasadności zgłoszonego powództwa należało w pierwszej kolejności rozstrzygnąć kwestię posiadania przez <xAnon>S. Z.</xAnon> legitymacji czynnej do wystąpienia z niniejszym powództwem oraz legitymacji biernej po stronie pozwanej, albowiem ma to dla sprawy istotne i pierwszorzędne znaczenie, warunkujące jej dalszą analizę.</xText>
          <xText>Legitymacja materialna, a więc posiadanie prawa podmiotowego lub interesu prawnego do wytoczenia powództwa stanowi przesłankę materialną powództwa, a jej brak stoi na przeszkodzie udzieleniu ochrony prawnej. Brak legitymacji materialnej (czynnej lub biernej) skutkuje co do zasady oddaleniem powództwa. W sytuacji, gdy legitymacja materialna i procesowa zespalają się, oddalenie powództwa następuje w istocie z braku legitymacji materialnej, którego rezultatem jest także brak legitymacji procesowej, będący wtórną przyczyną oddalenia powództwa. W odróżnieniu od zdolności sądowej i zdolności procesowej Kodeks postępowania cywilnego nie zawiera definicji legalnej legitymacji procesowej. W nauce prawa postępowania cywilnego, jak i w praktyce sądowej przyjmuje się jednak na ogół, że legitymacja procesowa jest właściwością podmiotu, w stosunku do którego sąd może rozstrzygnąć o istnieniu albo nieistnieniu indywidualno – konkretnej normy prawnej przytoczonej w powództwie. Podmiotami posiadającymi legitymację procesową są np. podmioty posiadające interes prawny w ustaleniu istnienia albo nieistnienia prawa lub stosunku prawnego, którego nie są podmiotem. Legitymacja procesowa jest więc zawsze powiązana z normami prawa materialnego. Sąd dokonuje oceny istnienia legitymacji procesowej strony w chwili orzekania co do istoty sprawy a stwierdziwszy brak legitymacji procesowej (zarówno czynnej, jak i biernej), zamyka rozprawę i wydaje wyrok oddalający powództwo.</xText>
          <xText>W ocenie Sądu w realiach przedmiotowej sprawy uznać należało, iż powódka <xAnon>S. Z.</xAnon> nie posiada legitymacji czynnej do wystąpienia z powództwem przeciwko <xAnon>R. Z.</xAnon> Prezesa <xAnon> (...) Spółdzielni Mieszkaniowej</xAnon>. Powódka przyznała, iż była dłużnikiem <xAnon> (...) Spółdzielni Mieszkaniowej</xAnon>. Przyznała, iż nie płaciła za czynsz, ciepłą wodę i w związku z tym zostało wszczęte postępowanie egzekucyjne. Jak wynika z dokumentów przedstawionych przez stronę pozwaną, nieruchomość, której wydania domaga się powódka, została sprzedana w toku postępowania egzekucyjnego, zaś cena sprzedaży częściowo przeznaczona została na pokrycie długu powódki wobec <xAnon>S.</xAnon> a reszta przekazana do depozytu sądowego. W konsekwencji powództwo o wydanie nieruchomości nie zasługuje na uwzględnienie. Powódka nie jest już bowiem właścicielem nieruchomości, której wydania domaga się, gdyż w toku postępowania egzekucyjnego nieruchomość została sprzedana innej osobie, której przysądzono własność tej nieruchomości. Nie przysługuje jej zatem roszczenie o wydanie nieruchomości z art. 222 § 1 k.c. Treścią przewidzianego w tym przepisie roszczenia windykacyjnego, zwanego także roszczeniem wydobywczym, jest przyznane właścicielowi żądania wydania oznaczonej rzeczy przez osobę, która włada jego rzeczą. Służy przywróceniu właścicielowi władztwa nad rzeczą, więc ochronie jednego z podstawowych atrybutów prawa własności, dlatego określa się je jako roszczenie nieposiadającego właściciela przeciwko posiadającemu niewłaścicielowi. Przepis powyższy ma zastosowanie również do wydania spółdzielczego własnościowego prawa do lokalu, bowiem zgodnie z art. 251 k.c. do ochrony praw rzeczowych ograniczonych stosuje się odpowiednio przepisy o ochronie własności. Jednakże, aby w ogóle można było mówić o roszczeniu windykacyjnym, to treścią roszczenia musi być żądanie wydania rzeczy, które wynika z prawa własności. Legitymowanym do wystąpienia z takim roszczeniem windykacyjnym jest właściciel rzeczy, na którym - w myśl art. 6 k.c. - spoczywa ciężar udowodnienia, że przysługuje mu prawo własności. Biernie legitymowana jest natomiast osoba, która faktycznie włada cudzą rzeczą bez podstawy prawnej - a zatem zarówno posiadacz, jak i osoba władająca nią w cudzym imieniu, czyli dzierżyciel, przy czym to znowu na właścicielu spoczywa obowiązek udowodnienia, że pozwany włada rzeczą, bowiem fizyczne władanie rzeczą przez pozwanego stanowi przesłankę skutecznego pozwania w procesie windykacyjnym (zob. wyrok Sądu Najwyższego z dnia 19 marca 2009 r., sygn. akt IV CSK 437/08, LEX nr 492159).</xText>
          <xText>W świetle powyższego ustalenia co do tego kto jest obecnie właścicielem spółdzielczego własnościowego prawa do lokalu położonego w <xAnon>S.</xAnon> przy <xAnon>ul. (...)</xAnon> oznaczonego numerem <xAnon>(...)</xAnon> którego wydania powódka żąda ma znaczenie pierwszorzędne w niniejszej sprawie i to na powódce spoczywał ciężar dowodu w tym przedmiocie. Tymczasem w postępowaniu dowodowym nie tylko nie potwierdziły się twierdzenia powódki, że jest ona nadal właścicielką spółdzielczego własnościowego prawa do lokalu położonego w <xAnon>S.</xAnon> przy <xAnon>ul. (...)</xAnon> oznaczonego numerem<xAnon>(...)</xAnon>, ale również to, że pozwany – <xAnon>Z.</xAnon> Prezesa <xAnon> (...) Spółdzielni Mieszkaniowej</xAnon> w <xAnon>S.</xAnon> faktycznie włada tą nieruchomością. Z materiału dowodowego zgromadzonego w sprawie jednoznacznie wynika, że powódka będąc właścicielem spółdzielczego własnościowego prawa do lokalu objętego pozwem doprowadziła do poważnej zaległości w opłatach eksploatacyjnych, w związku z czym <xAnon> (...) Spółdzielnia Mieszkaniowa</xAnon> w <xAnon>S.</xAnon> uzyskała przeciwko powódce tytuły wykonawcze. Pomimo wezwań i prowadzonej egzekucji powódka nie uregulowała długu. Spółdzielnia - jako wierzyciel wszczęła postępowanie egzekucyjne i określiła sposób egzekucji do spółdzielczego prawa do lokalu. W oparciu o złożone tytuły wykonawcze Komornik Sądowy przy Sądzie Rejonowym w Sieradzu<xAnon>A. J.</xAnon>w sprawie o sygn. akt KM 1715/08 prowadził czynności egzekucyjne zgodnie z żądaniem wierzyciela. Egzekucja prowadzona była pod nadzorem Sądu Rejonowego w Sieradzu w sprawie o sygn. akt Co 2891/10. W tej też sprawie Sąd Rejonowy prawomocnie przysądził własność wymienionego prawa rzeczowego na rzecz nabywcy <xAnon>J. K.</xAnon>. Zatem z chwilą uprawomocnienia się postanowienia Sądu Rejonowego w Sieradzu z dnia 01 kwietnia 2011 roku wydanego w sprawie o sygn. akt I Co 2891/10 o przysądzeniu własności ww. prawa rzeczowego— powódka <xAnon>S. Z.</xAnon> utraciła przymiot właściciela i stał się nim wówczas nabywca tego prawa. Zatem obecnie <xAnon>S. Z.</xAnon> nie przysługuje roszczenie o wydanie przedmiotowej nieruchomości na podstawie art. 222 § 1 k.c. (innej podstawy prawnej powódka nie ma), gdyż nie jest już jej właścicielem. Nie posiada zatem legitymacji czynnej do wystąpienia z rozpoznawanym powództwem. Ponadto, pozwany <xAnon>R. Z.</xAnon> Prezesa <xAnon> (...) Spółdzielni Mieszkaniowej</xAnon> nie włada przedmiotową nieruchomością, a zatem nie ma legitymacji biernej w tej sprawie. Przesłanka skutecznego pozwania w procesie windykacyjnym jest bowiem fizyczne władanie rzeczą przez pozwanego (por. wyrok Sądu Najwyższego z dnia 23 września 1992 r., II CRN 99/92, LEX nr 9086, wyrok Sądu Najwyższego z dnia 31 marca 2004 r., II CK 102/03, LEX nr 303343, uzasadnienie wyroku Sądu Najwyższego z dnia 30 września 2004 r., IV CK 21/04, LEX nr 143170, uzasadnienie wyroku Sądu Najwyższego z dnia 19 marca 2009 r., IV CSK 437/08, LEX nr 492159). Ponieważ posiadanie przez strony legitymacji czynnej i biernej w procesie jest przesłanką zasadniczą, od której istnienia uzależniona jest możliwość uwzględnienia powództwa, a jej brak, zarówno w postaci czynnej jak i biernej, prowadzi do wydania wyroku oddalającego powództwo należało orzec jak w sentencji. Podkreślenia jeszcze wymaga, iż Sąd zobowiązany jest oceniać istnienie legitymacji procesowej z urzędu orzekając co do istoty sprawy. Nieistnienie natomiast legitymacji procesowej prowadzi do oddalenia powództwa z tych też względów rozważanie dalszych zarzutów podniesionych przez powódkę nie miało znaczenia dla rozstrzygnięcia sprawy.</xText>
          <xText>O kosztach procesu Sąd rozstrzygnął na podstawie art. 102 k.p.c. i nie obciążył powódki tymi kosztami. Cytowany przepis daje taką możliwość przy uznaniu zaistnienia wypadku szczególnie uzasadnionego po stronie przegrywającej. Dla oceny istnienia przesłanek zastosowania normy art. 102 k.p.c. istotne jest uwzględnienie całokształtu okoliczności sprawy. Chodzi tu nie tylko o okoliczności związane ze stanem majątkowym stron i ich sytuacją życiową ale także dotyczące przebiegu procesu. Te właśnie okoliczności należy zestawiać z płaszczyzną zasad współżycia społecznego. Powódka jest osobą samotną, borykającą się z problemami finansowymi, mającą miesięcznie jedynie 500,00 złotych dochodu. Wytoczenie przez nią przedmiotowego powództwa wynika zaś bardziej z braku możliwości zrozumienia istoty jej sytuacji prawnej, niż złej woli. Zresztą cały proces zakończył się na jednej rozprawie. Dlatego należy uznać, że zachodzi wypadek szczególnie uzasadniony jako podstawa do odstąpienia obciążenia jej kosztami procesu mimo przegrania sprawy.</xText>
        </xUnit>
      </xBlock>
    </xPart>
  </judgement>
<judgement id="152520000000503_I_C_000241_2013_Uz_2014-02-17_001">
    <xPart xEditorFullName="Halina Nowakowska" xYear="2013" xLang="PL" xPublisherFullName="Halina Nowakowska" xFromPg="1" xEditor="halnow_so_sieradz" xVolType="15/252000/0000503/C" xPublisher="halnow_so_sieradz" xDocType="Uz" xVolNmbr="000241" xVersion="1.0" xToPage="8" xFlag="published">
      <xName>Wyrok+Uzasadnienie</xName>
      <xBlock>
        
        <xText>Sygn. akt I C 241/13</xText>
        
        <xUnit xType="part" xBold="true" xIsTitle="true">
          <xName>WYROK</xName>
          <xTitle>W IMIENIU RZECZYPOSPOLITEJ POLSKIEJ</xTitle>
          <xText xALIGNx="right">Dnia 17 lutego 2014 roku</xText>
          <xText>Sąd Okręgowy w Sieradzu Wydział I Cywilny</xText>
          <xText>w składzie:</xText>
          <xText>Przewodniczący – SSO Przemysław Majkowski</xText>
          <xText>Protokolant: sekr. sąd. Jolanta Grelińska</xText>
          <xText>po rozpoznaniu w dniu 17 lutego 2014 r. w Sieradzu</xText>
          <xText>na rozprawie sprawy</xText>
          <xText>z powództwa <xAnon>S. Z.</xAnon></xText>
          <xText>przeciwko <xAnon>P.</xAnon><xAnon> (...) Spółdzielni Mieszkaniowej</xAnon> w <xAnon>S.</xAnon><xAnon>S. G.</xAnon></xText>
          <xText>o przywrócenie posiadania</xText>
          
          <xUnit xType="none" xIsTitle="false">
            <xName xSffx=".">1</xName>
            <xText>oddala powództwo;</xText>
          </xUnit>
          <xUnit xType="none" xIsTitle="false">
            <xName xSffx=".">2</xName>
            <xText>nie obciąża powódki kosztami postępowania.</xText>
          </xUnit>
          
          <xText>
            <xIx>Sygn. akt I C 241/13</xIx>
          </xText>
        </xUnit>
        <xUnit xType="part" xBold="true" xIsTitle="true">
          <xName>UZASADNIENIE</xName>
          <xText>W pozwie skierowanym do tut. Sądu w dniu 14 października 2013 roku powódka <xAnon>S. Z.</xAnon> domagała się od pozwanej <xAnon>S. G.</xAnon> prezesa <xAnon> (...) Spółdzielni Mieszkaniowej</xAnon> w <xAnon>S.</xAnon> wydania mieszkania położonego w <xAnon>S.</xAnon> przy <xAnon>ul. (...)</xAnon>. W uzasadnieniu wskazała, że wyrządzono jej krzywdę pozbawiając własności tego mieszkania.</xText>
          <xText>Pozwana nie uznała powództwa i wniosła o jego oddalenie.</xText>
          <xText xALIGNx="center">
            <xBx>
              <xIx>Sąd Okręgowy ustalił, co następuje:</xIx>
            </xBx>
          </xText>
          <xText>Powódce <xAnon>S. Z.</xAnon> przysługiwało prawo do spółdzielczego własnościowego prawa do lokalu mieszkalnego w <xAnon> (...) Spółdzielni Mieszkaniowej</xAnon> położonego w <xAnon>S.</xAnon> przy <xAnon>ul. (...)</xAnon> oznaczonego numerem<xAnon>(...)</xAnon>, <xIx>(dowód: akt notarialny – k.41-42, zawiadomienie z <xAnon> (...)</xAnon> k.43, 44)</xIx>.</xText>
          <xText>Począwszy od 2000 roku powódka nie regulowała systematycznie opłat na rzecz spółdzielni mieszkaniowej związanych z przysługującym jej prawem do lokalu i za poszczególne okresy płatności dochodziło do wydawania przez Sąd Rejonowy w Sieradzu nakazów zapłaty i tak:</xText>
          <xEnum>
            <xBullet>-</xBullet>
            <xEnumElem>
              <xText>w dniu 21 września 2004 roku w sprawie VII Nc 551/04 na mocy, którego Sąd nakazał pozwanej <xAnon>S. Z.</xAnon> zapłacić na rzecz powoda kwotę 4 798,65 zł z ustawowymi odsetkami od dnia 26 sierpnia 2004 roku do dnia zapłaty wraz z kosztami procesu;</xText>
            </xEnumElem>
            <xEnumElem>
              <xText>w dniu 11 maja 2005 roku w sprawie VII Nc 187/05 na mocy, którego Sąd nakazał pozwanej <xAnon>S. Z.</xAnon> zapłacić na rzecz powoda kwotę 2 025,50 zł z ustawowymi odsetkami od dnia 22 kwietnia 2005 roku do dnia zapłaty wraz z kosztami procesu;</xText>
            </xEnumElem>
            <xEnumElem>
              <xText>w dniu 24 września 2007 roku w sprawie VII Nc 619/07 na mocy, którego Sąd nakazał pozwanej <xAnon>S. Z.</xAnon> zapłacić na rzecz powoda kwotę 2 194,18 zł z ustawowymi odsetkami od dnia 17 września 2007 roku do dnia zapłaty wraz z kosztami procesu;</xText>
            </xEnumElem>
            <xEnumElem>
              <xText>w dniu 04 listopada 2008 roku w sprawie VII Nc 829/08 na mocy, którego Sąd nakazał pozwanej <xAnon>S. Z.</xAnon> zapłacić na rzecz powoda kwotę 1 470,54 zł z ustawowymi odsetkami od dnia 30 września 2008 roku do dnia zapłaty wraz z kosztami procesu,</xText>
            </xEnumElem>
          </xEnum>
          <xText>
            <xIx>(dowód: informacja – 45-46; pismo z <xAnon> (...)</xAnon> k.47, 53, 55,60,64,66,69; ugoda – k.49; wezwanie ostateczne do zapłaty – 50,57; nakaz zapłaty – k.52, 59,63,68,73,81; przesądowe wezwanie do zapłaty – k.62,67).</xIx>
          </xText>
          <xText>Łącznie <xAnon>S. Z.</xAnon> została obciążona obowiązkiem zapłaty z tego tytułu w kwocie 10.489,49 złotych, <xIx>(niesporne)</xIx>.</xText>
          <xText>W dniu 25 lipca 2008 roku wobec wszczęcia na wniosek <xAnon> (...) Spółdzielni Mieszkaniowej</xAnon> w <xAnon>S.</xAnon> egzekucji komorniczej w celu wyegzekwowania powyższych należności, <xAnon>S. Z.</xAnon> została zawiadomiona o wszczęciu egzekucji i wezwana do zapłaty długu <xIx>(dowód: wniosek o wszczęcie egzekucji – k.74; zawiadomienie o wszczęciu egzekucji – k.78; rozszerzenie wniosku o wszczęcie egzekucji – k.80).</xIx></xText>
          <xText>W dniu 15 lutego 2011 roku odbyła się publiczna licytacja, do której przystąpił jako jedyny nabywca wpłacający wadium – <xAnon>J. K.</xAnon>, uzyskując prawo do lokalu za cenę 46.875 złotych. W tym samym dniu Sąd Rejonowy w Sieradzu wydał postanowienie o udzieleniu przybicia, które uprawomocniło się wobec braku zaskarżenia ze strony dłużniczki, obecnej na licytacji <xIx>(niesporne).</xIx></xText>
          <xText>Po uiszczeniu przez nabywcę licytacyjnego reszty ceny Sąd Rejonowy w Sieradzu postanowieniem z dnia 1 kwietnia 2011 roku przysądził własność spółdzielczego własnościowego prawa do przedmiotowego lokalu mieszkalnego na rzecz <xAnon>J. K.</xAnon>, stwierdzając jednocześnie o obowiązku dłużniczki w zakresie wydania nabywcy lokalu. Zażalenie dłużniczki na powyższe orzeczenie zostało prawomocnie odrzucone <xIx>(dowód: postanowienie z dnia 01 kwietnia 2011 roku Sądu Rejonowego w Sieradzu w sprawie Co 2891/10- k.101; zawiadomienie o prawomocności – k.102, postanowienie Sądu Rejonowego w Sieradzu z dnia 09 maja 2011 roku – o odrzuceniu zażalenia – k.103).</xIx></xText>
          <xText>Pomimo obowiązku wydania lokalu, <xAnon>S. Z.</xAnon> nie uczyniła dobrowolnie zadość temu zobowiązaniu. W listopadzie 2011 roku <xAnon>J. K.</xAnon> wystąpił z pozwem o eksmisję z przedmiotowego lokalu powódki, a po otrzymaniu orzeczenia w tym przedmiocie został wprowadzony w posiadanie lokalu w ramach postępowania komorniczego - w końcu 2011 r. Od tego czasu powódka nie korzysta z mieszkania, ale mimo tego podejmuje próby uiszczania bieżących opłat czynszowych z nim związanych, których <xAnon> (...) Spółdzielnia Mieszkaniowa</xAnon> nie przyjmuje, przekazując je do depozytu sądowego <xIx>(dowód: postanowienie Sądu Rejonowego w Sieradzu – k. 114; 128). </xIx></xText>
          <xText>Pozwana <xAnon>S. G.</xAnon> jest <xAnon>P.</xAnon><xAnon> (...) Spółdzielni Mieszkaniowej</xAnon>. W ramach swoich powinności pozwana podjęła zatem działania zmierzające do wyegzekwowania od powódki jej zadłużenia wobec <xAnon> (...) Spółdzielni Mieszkaniowej</xAnon>, <xIx>(dowód : zeznania pozwanej k. 167v w zw. z k. 166v-167).</xIx></xText>
          <xText>Powódka <xAnon>S. Z.</xAnon> ma 40 lat, nie ma własnej rodziny, z zawodu jest szwaczką. Nie ma stałej pracy i utrzymuje się z pracy dorywczej, otrzymując z tego tytułu wynagrodzenie miesięczne na poziomie około 500,00 złotych. Nie ma innych dochodów, ani majątku <xIx>(dowód: zeznania powódki k. 167v).</xIx></xText>
          
          <xText xALIGNx="center">
            <xBx>
              <xIx>Sąd Okręgowy zważył co następuje:</xIx>
            </xBx>
          </xText>
          <xText>Przed merytorycznym rozstrzygnięciem zasadności zgłoszonego powództwa należało w pierwszej kolejności rozstrzygnąć kwestię posiadania przez <xAnon>S. Z.</xAnon> legitymacji czynnej do wystąpienia z niniejszym powództwem oraz legitymacji biernej po stronie pozwanej, albowiem ma to dla sprawy istotne i pierwszorzędne znaczenie, warunkujące jej dalszą analizę.</xText>
          <xText>Legitymacja materialna, a więc posiadanie prawa podmiotowego lub interesu prawnego do wytoczenia powództwa stanowi przesłankę materialną powództwa, a jej brak stoi na przeszkodzie udzieleniu ochrony prawnej. Brak legitymacji materialnej (czynnej lub biernej) skutkuje co do zasady oddaleniem powództwa.</xText>
          <xText>W sytuacji, gdy legitymacja materialna i procesowa zespalają się, oddalenie powództwa następuje w istocie z braku legitymacji materialnej, którego rezultatem jest także brak legitymacji procesowej, będący wtórną przyczyną oddalenia powództwa.</xText>
          <xText>W odróżnieniu od zdolności sądowej i zdolności procesowej Kodeks postępowania cywilnego nie zawiera definicji legalnej legitymacji procesowej. W nauce prawa postępowania cywilnego, jak i w praktyce sądowej przyjmuje się jednak na ogół, że legitymacja procesowa jest właściwością podmiotu, w stosunku do którego sąd może rozstrzygnąć o istnieniu albo nieistnieniu indywidualno – konkretnej normy prawnej przytoczonej w powództwie.</xText>
          <xText>Podmiotami posiadającymi legitymację procesową są np. podmioty posiadające interes prawny w ustaleniu istnienia albo nieistnienia prawa lub stosunku prawnego, którego nie są podmiotem. Legitymacja procesowa jest więc zawsze powiązana z normami prawa materialnego. Sąd dokonuje oceny istnienia legitymacji procesowej strony w chwili orzekania co do istoty sprawy a stwierdziwszy brak legitymacji procesowej (zarówno czynnej, jak i biernej), zamyka rozprawę i wydaje wyrok oddalający powództwo.</xText>
          <xText>W ocenie Sądu w realiach przedmiotowej sprawy uznać należało, iż powódka <xAnon>S. Z.</xAnon> nie posiada legitymacji czynnej do wystąpienia z powództwem przeciwko <xAnon>S. P.</xAnon><xAnon> (...) Spółdzielni Mieszkaniowej</xAnon>. Powódka przyznała, iż była dłużnikiem <xAnon> (...) Spółdzielni Mieszkaniowej</xAnon>. Przyznała, iż nie płaciła za czynsz, ciepła wodę i w związku z tym zostało wszczęte postępowanie egzekucyjne. Jak wynika z dokumentów przedstawionych przez stronę pozwaną, nieruchomość, której wydania domaga się powódka, została sprzedana w toku postępowania egzekucyjnego, zaś cena sprzedaży częściowo przeznaczona została na pokrycie długu powódki wobec Spółdzielni, a reszta przekazana do depozytu sądowego. W konsekwencji powództwo o wydanie nieruchomości nie zasługuje na uwzględnienie. Powódka nie jest już bowiem właścicielem nieruchomości, której wydania domaga się, gdyż w toku postępowania egzekucyjnego nieruchomość została sprzedana innej osobie, której przysądzono własność tej nieruchomości. Nie przysługuje jej zatem roszczenie o wydanie nieruchomości z art. 222 § 1 k.c. Treścią przewidzianego w tym przepisie roszczenia windykacyjnego, zwanego także roszczeniem wydobywczym, jest przyznane właścicielowi żądania wydania oznaczonej rzeczy przez osobę, która włada jego rzeczą. Służy przywróceniu właścicielowi władztwa nad rzeczą, więc ochronie jednego z podstawowych atrybutów prawa własności, dlatego określa się je jako roszczenie nieposiadającego właściciela przeciwko posiadającemu niewłaścicielowi. Przepis powyższy ma zastosowanie również do wydania spółdzielczego własnościowego prawa do lokalu, bowiem zgodnie z art. 251 k.c. do ochrony praw rzeczowych ograniczonych stosuje się odpowiednio przepisy o ochronie własności. Jednakże, aby w ogóle można było mówić o roszczeniu windykacyjnym, to treścią roszczenia musi być żądanie wydania rzeczy, które wynika z prawa własności. Legitymowanym do wystąpienia z takim roszczeniem windykacyjnym jest właściciel rzeczy, na którym - w myśl art. 6 k.c. - spoczywa ciężar udowodnienia, że przysługuje mu prawo własności. Biernie legitymowana jest natomiast osoba, która faktycznie włada cudzą rzeczą bez podstawy prawnej - a zatem zarówno posiadacz, jak i osoba władająca nią w cudzym imieniu, czyli dzierżyciel, przy czym to znowu na właścicielu spoczywa obowiązek udowodnienia, że pozwany włada rzeczą, bowiem fizyczne władanie rzeczą przez pozwanego stanowi przesłankę skutecznego pozwania w procesie windykacyjnym (zob. wyrok Sądu Najwyższego z dnia 19 marca 2009 r., sygn. akt IV CSK 437/08, LEX nr 492159). W świetle powyższego ustalenia co do tego kto jest obecnie właścicielem spółdzielczego własnościowego prawa do lokalu położonego w <xAnon>S.</xAnon> przy <xAnon>ul. (...)</xAnon> oznaczonego numerem <xAnon>(...)</xAnon>, którego wydania powódka żąda ma znaczenie pierwszorzędne w niniejszej sprawie i to na powódce spoczywał ciężar dowodu w tym przedmiocie. Tymczasem w postępowaniu dowodowym nie tylko nie potwierdziły się twierdzenia powódki, że jest ona nadal właścicielką spółdzielczego własnościowego prawa do lokalu położonego w <xAnon>S.</xAnon> przy <xAnon>ul. (...)</xAnon> oznaczonego numerem<xAnon>(...)</xAnon>, ale również to, że pozwana - <xAnon>P.</xAnon><xAnon> (...) Spółdzielni Mieszkaniowej</xAnon> w <xAnon>S.</xAnon> faktycznie włada tą nieruchomością. Z materiału dowodowego zgromadzonego w sprawie jednoznacznie wynika, że powódka będąc właścicielem spółdzielczego własnościowego prawo do lokalu objętego pozwem doprowadziła do poważnej zaległości w opłatach eksploatacyjnych, w związku z czym <xAnon> (...) Spółdzielnia Mieszkaniowa</xAnon> w <xAnon>S.</xAnon> uzyskała przeciwko powódce tytuły wykonawcze. Pomimo wezwań i prowadzonej egzekucji powódka nie uregulowała długu. Spółdzielnia - jako wierzyciel wszczęła postępowanie egzekucyjne i określiła sposób egzekucji do spółdzielczego prawa do lokalu. W oparciu o złożone tytuły wykonawcze Komornik Sądowy przy Sądzie Rejonowym w Sieradzu <xAnon>A. J.</xAnon>w sprawie o sygn. akt KM 1715/08 prowadził czynności egzekucyjne zgodnie z żądaniem wierzyciela. Egzekucja prowadzona była pod nadzorem Sądu Rejonowego w Sieradzu w sprawie o sygn. akt Co 2891/10. W tej też sprawie Sąd Rejonowy prawomocnie przysądził własność wymienionego prawa rzeczowego na rzecz nabywcy <xAnon>J. K.</xAnon>. Zatem z chwilą uprawomocnienia się postanowienia Sądu Rejonowego w Sieradzu z dnia 01 kwietnia 2011 roku wydanego w sprawie o sygn. akt I Co 2891/10 o przysądzeniu własności ww. prawa rzeczowego— powódka <xAnon>S. Z.</xAnon> utraciła przymiot właściciela i stał się nim wówczas nabywca tego prawa. Zatem obecnie <xAnon>S. Z.</xAnon> nie przysługuje roszczenie o wydanie przedmiotowej nieruchomości na podstawie art. 222 § 1 k.c. (innej podstawy prawnej powódka nie ma), gdyż nie jest już jej właścicielem. Nie posiada zatem legitymacji czynnej do wystąpienia z rozpoznawanym powództwem. Ponadto, pozwana <xAnon>S. G.</xAnon> ani jako <xAnon>P.</xAnon><xAnon> (...) Spółdzielni Mieszkaniowej</xAnon> ani jako osoba fizyczna nie włada przedmiotową nieruchomością, a zatem nie ma legitymacji biernej w tej sprawie. Przesłanka skutecznego pozwania w procesie windykacyjnym jest bowiem fizyczne władanie rzeczą przez pozwanego (por. wyrok Sądu Najwyższego z dnia 23 września 1992 r., II CRN 99/92, LEX nr 9086, wyrok Sądu Najwyższego z dnia 31 marca 2004 r., II CK 102/03, LEX nr 303343, uzasadnienie wyroku Sądu Najwyższego z dnia 30 września 2004 r., IV CK 21/04, LEX nr 143170, uzasadnienie wyroku Sądu Najwyższego z dnia 19 marca 2009 r., IV CSK 437/08, LEX nr 492159).</xText>
          <xText>Ponieważ posiadanie przez strony legitymacji czynnej i biernej w procesie jest przesłanką zasadniczą, od której istnienia uzależniona jest możliwość uwzględnienia powództwa, a jej brak, zarówno w postaci czynnej jak i biernej, prowadzi do wydania wyroku oddalającego powództwo należało orzec jak w sentencji. Podkreślenia jeszcze wymaga, iż Sąd zobowiązany jest oceniać istnienie legitymacji procesowej z urzędu orzekając co do istoty sprawy. Nieistnienie natomiast legitymacji procesowej prowadzi do oddalenia powództwa z tych też względów rozważanie dalszych zarzutów podniesionych przez powódkę nie miało znaczenia dla rozstrzygnięcia sprawy.</xText>
          <xText>O kosztach procesu Sąd rozstrzygnął na podstawie art. 102 k.p.c. i nie obciążył powódki tymi kosztami. Cytowany przepis daje taką możliwość przy uznaniu zaistnienia wypadku szczególnie uzasadnionego po stronie przegrywającej. Dla oceny istnienia przesłanek zastosowania normy art. 102 k.p.c. istotne jest uwzględnienie całokształtu okoliczności sprawy. Chodzi tu nie tylko o okoliczności związane ze stanem majątkowym stron i ich sytuacją życiową ale także dotyczące przebiegu procesu. Te właśnie okoliczności należy zestawiać z płaszczyzną zasad współżycia społecznego. Powódka jest osobą samotną, borykającą się z problemami finansowymi, mającą miesięcznie jedynie 500,00 złotych dochodu. Wytoczenie przez nią przedmiotowego powództwa wynika zaś bardziej z braku możliwości zrozumienia istoty jej sytuacji prawnej, niż złej woli. Zresztą cały proces zakończył się na jednej rozprawie. Dlatego należy uznać, że zachodzi wypadek szczególnie uzasadniony jako podstawa do odstąpienia obciążenia jej kosztami procesu mimo przegrania sprawy.</xText>
        </xUnit>
      </xBlock>
    </xPart>
  </judgement>
<judgement id="152515000002006_IV_Ka_000010_2014_Uz_2014-02-17_001">
    <xPart xEditorFullName="Karol Depczyński" xYear="2014" xLang="PL" xPublisherFullName="Grażyna Dudek" xFromPg="1" xEditor="Depczynski.k" xVolType="15/251500/0002006/Ka" xPublisher="Dudek.g" xDocType="Uz" xVolNmbr="000010" xVersion="1.0" xToPage="1" xFlag="published">
      <xName>Wyrok+Uzasadnienie</xName>
      <xBlock>
        <xText>
          <xBx>Sygn. akt IV Ka 10/14</xBx>
        </xText>
        
        <xUnit xType="part" xBold="true" xIsTitle="true">
          <xName>WYROK</xName>
          <xTitle>W IMIENIU RZECZYPOSPOLITEJ POLSKIEJ</xTitle>
          <xText xALIGNx="right">
            <xBx> Dnia 17 lutego 2014 roku.</xBx>
          </xText>
          <xText>
            <xBx>Sąd Okręgowy w Piotrkowie Trybunalskim w IV Wydziale Karnym Odwoławczym w składzie:</xBx>
          </xText>
          <xText>
            <xBx> Przewodniczący SSO Krzysztof Gąsior (spr.)</xBx>
          </xText>
          <xText>
            <xBx> Sędziowie SA Stanisław Tomasik</xBx>
          </xText>
          <xText>
            <xBx> del. SR Anna Hanus-Klara</xBx>
          </xText>
          
          <xText>Protokolant Agnieszka Olczyk</xText>
          
          <xText>
            <xBx>przy udziale Prokuratora Prokuratury Okręgowej w Piotrkowie Trybunalskim Izabeli Stachowiak </xBx>
          </xText>
          <xText>po rozpoznaniu w dniu 11 lutego 2014 roku</xText>
          <xText>sprawy <xBx><xAnon>B. J.</xAnon></xBx></xText>
          <xText>oskarżonej z art. 218 § 1 kk</xText>
          <xText>z powodu apelacji wniesionej przez oskarżoną</xText>
          <xText>od wyroku Sądu Rejonowego w Opocznie</xText>
          <xText>z dnia 13 września 2013 roku     sygn. akt II K 651/12</xText>
          
          <xText>na podstawie art. 437 § 2 kpk i art. 438 pkt 2 kpk <xBx>uchyla zaskarżony wyrok w stosunku do oskarżonej <xAnon>B. J.</xAnon> i sprawę przekazuje do ponownego rozpoznania Sądowi Rejonowemu w Opocznie. </xBx></xText>
          
          <xText>
            <xBx>Sygn. akt IV Ka 10/14</xBx>
          </xText>
        </xUnit>
        <xUnit xType="part" xBold="true" xIsTitle="true">
          <xName>UZASADNIENIE</xName>
          <xText><xAnon>B. J.</xAnon>została oskarżona o to, że w okresie od 15 lipca 2009 roku do 8 marca 2011 roku w <xAnon>D.</xAnon>, woj. <xAnon>(...)</xAnon>, uporczywie naruszała prawa pracownika w ten sposób, że wykonując czynności w sprawach z zakresu prawa pracy i ubezpieczeń społecznych oraz będąc osobą uprawnioną do wystawiania zaświadczenia o wysokości zarobków <xAnon>(...)</xAnon>, uporczywie odmawiała wystawiania zaświadczenia o wysokości zarobków na druku <xAnon>(...)</xAnon> z lat 1974-1979 uprawnionemu byłemu pracownikowi <xAnon>zakładu (...) S.A.</xAnon>w <xAnon>D.</xAnon><xAnon>A. K. (1)</xAnon>,</xText>
          <xText>- tj. o czyn z art. 218 §1 k.k.</xText>
          <xText>Sąd Rejonowy w Opocznie wyrokiem z dnia 13 września 2013 roku, wydanym w sprawie II K 651/12, oskarżoną <xAnon>B. J.</xAnon> uznał za winną popełnienia zarzucanego jej w akcie oskarżenia czynu z tym, że przyjął, iż zachowaniem swoim wyczerpała ona znamiona przestępstwa określonego w art. 218 § 1a k.k. i za tak przypisany czyn na mocy art. 218 §la k.k. wymierzył jej karę grzywny w wysokości 50 stawek dziennych, określając wysokość jednej stawki na kwotę 20 złotych.</xText>
          <xText>Zasądził od oskarżonej na rzecz oskarżyciela posiłkowego <xAnon>A. K. (1)</xAnon> z tytułu poniesionych przez niego w sprawie kosztów 2.066,40 złotych. Obciążył ją także kosztami procesu w sprawie w kwocie 148 złotych i opłatą w kwocie 100 złotych.</xText>
          <xText>Powyższy wyrok zaskarżyła apelacją oskarżona. Apelacja zaskarżając wyrok w całości zarzuciła mu:</xText>
          <xText>A. Na zasadzie art. 438 pkt 2 k.p.k.:</xText>
          <xText>1. obrazę przepisów postępowania, która mogła mieć wpływ na treść orzeczenia, a to art. 413 § 1 k.p.k. w zw. z art. 413 § 2 pkt 1 k.p.k. oraz art. 424 § 1 k.p.k. poprzez dopuszczenie się przez Sąd I instancji sprzeczności między treścią zaskarżonego wyroku a jego uzasadnieniem, polegającej na tym, iż w treści sentencji wyroku Sąd I instancji uznał oskarżoną za winną popełnienia zarzucanego jej w akcie oskarżenia czynu, tj. czynu stanowiącego powtarzalne działanie polegające na uporczywym odmawianiu wydania przez oskarżoną w okresie od dnia 15 lipca 2009 r. do dnia 8 marca 2011 r. w <xAnon>D.</xAnon>zaświadczenia o wysokości zarobków <xAnon>(...)</xAnon>z lat 1974-1919 byłemu pracownikowi <xAnon>zakładu (...) S.A.</xAnon>w <xAnon>D.</xAnon>- <xAnon>A. K. (1)</xAnon>, podczas gdy z uzasadnienia zaskarżonego wyroku z dnia 13 września 2013 r. wynika, iż Sąd I instancji w istocie uznał oskarżoną za winną popełnienia innego czynu, a to czynu stanowiącego zaniechanie polegające na uporczywym niewydawaniu przez oskarżoną w okresie od dnia 15 lipca 2009 r. do dnia 8 marca 2011 r. w <xAnon>D.</xAnon>zaświadczenia o wysokości zarobków <xAnon>(...)</xAnon> z lat 1974-1979 byłemu pracownikowi <xAnon>zakładu (...)</xAnon>w <xAnon>D.</xAnon>- <xAnon>A. K. (1)</xAnon>;</xText>
          <xText>2. w związku z powyższym, na zasadzie art. 439 § 1 pkt 9 k.p.k. obrazę zasady skargowości wyrażonej w art. 14 § 1 k.p.k. oraz art. 17 § 1 pkt 9 k.p.k. poprzez skazanie oskarżonej za czyn nie objęty skargą oskarżyciela publicznego stanowiący zaniechanie polegające na uporczywym niewydawaniu przez oskarżoną w okresie od dnia 15 lipca 2009 r. do dnia 8 marca 2011 r. w <xAnon>D.</xAnon>zaświadczenia o wysokości zarobków<xAnon>(...)</xAnon>z lat 1974-1979 byłemu pracownikowi <xAnon>zakładu (...)</xAnon>w <xAnon>D.</xAnon>- <xAnon>A. K. (1)</xAnon>, podczas gdy w akcie oskarżenia w niniejszej sprawie oskarżonej zarzucono czyn stanowiący powtarzalne działanie polegające na uporczywym odmawianiu wydania przez oskarżoną w okresie od dnia 15 lipca 2009 r. do dnia 8 marca 2011 r. w <xAnon>D.</xAnon>zaświadczenia o wysokości zarobków<xAnon>(...)</xAnon>z lat 1974-1979 byłemu pracownikowi <xAnon>zakładu (...) S.A.</xAnon>wyżej wskazanemu <xAnon>A. K. (1)</xAnon>;</xText>
          <xText>B. Niezależnie od powyższego, na zasadzie art. 438 pkt 3 k.p.k. dopuszczenie się przez Sąd I instancji błędów w ustaleniach faktycznych, które mogły mieć wpływ na treść zaskarżonego orzeczenia, a to:</xText>
          <xText>3. nieprzeprowadzenia przez Sąd I instancji pełnego postępowania dowodowego i niewyjaśnienia przezeń wyczerpująco wszystkich istotnych okoliczności dla sprawy oskarżonej, które to uchybienie polegało na:</xText>
          <xText>a) nie wyjaśnieniu i nieustaleniu w należyty sposób, od kiedy dokładnie oskarżona miała świadomość istnienia w zakładowym archiwum <xAnon> (...) S.A.</xAnon> list płac pracowników i byłych pracowników za lata 1974-1979 i oparciu się jedynie na ustaleniach, że „świadomość istnienia dokumentacji po stronie oskarżonej była” oraz że „ był to ten czas kiedy (...) <xAnon>B. J.</xAnon> oraz prezes Zarządu - <xAnon>J. D.</xAnon>, wiedział o istnieniu w zakładowym archiwum list płac za lata 1974-2002”, a więc ustaleniach ogólnikowych, z których w istocie nie wynika, czy oskarżona przykładowo już w lipcu 2009 r. wiedziała o istnieniu odnośnych list płac;</xText>
          <xText>b) niewyjaśnieniu i nieustaleniu innych okoliczności faktycznych mających znaczenie przy ocenie odpowiedzialności karnej oskarżonej, których istnienie lub potrzebę wyjaśnienia oskarżona podniosła w toku postępowania, a to:</xText>
          <xText>- dokładnej liczby pracowników i byłych pracowników <xAnon>(...) S.A.</xAnon>, którzy w 2009 i 2010 r. zgłosili wnioski o wydanie zaświadczeń o zarobkach <xAnon>(...)</xAnon>za okres obejmujący lata 1974-1979,</xText>
          <xText>- historii wpływu wniosków pracowników i byłych pracowników <xAnon>(...) SA</xAnon>. o wydanie zaświadczeń o zarobkach <xAnon>(...)</xAnon> za okres obejmujący lata 1974-1979, zgłoszonych w 2009 i 2010 r.,</xText>
          <xText>- historii realizacji wniosków pracowników i byłych pracowników <xAnon>(...) S.A.</xAnon>o wydanie zaświadczeń o zarobkach <xAnon>(...)</xAnon> za okres obejmujący lata 1974-1979, zgłoszonych w 2009 i 2010 r.,</xText>
          <xText>- dokładnego czasu i okresu, w którym archiwum zakładowe <xAnon> (...) S.A.</xAnon> było przenoszone do innego budynku zakładowego,</xText>
          <xText>- miejsca, z którego archiwum zakładowe <xAnon> (...) SA</xAnon>. było przenoszone, oraz miejsca, do którego archiwum to zostało przeniesione, a także ówczesnego oraz obecnego stanu tych miejsc,</xText>
          <xText>- osoby, względnie osób, którym archiwum zakładowe <xAnon> (...) S.A.</xAnon> oraz pracownicy w nim zatrudnieni były podporządkowane w 2009 r., 2010 r. oraz 2011 r.,</xText>
          <xText>- stanu fizycznego dokumentacji płacowej - list płac pracowników i byłych pracowników <xAnon> (...) S.A.</xAnon> za lata 1974-1979, w szczególności w kontekście ustalenia ich czytelności i transparentności,</xText>
          <xText>- stanu kadrowego oraz jego zmian w Wydziale Spraw <xAnon> (...) S.A.</xAnon> w 2009, 2010 oraz 2011 r., którym kierowała oskarżona i którego pracownicy pełnili funkcje pomocnicze przy wykonywaniu zadań wchodzących w zakres jej obowiązków,</xText>
          <xText>- stanu kadrowego oraz jego zmian w archiwum zakładowym <xAnon> (...) S.A.</xAnon> w 2009, 2010 oraz 2011 r.,</xText>
          <xText>- metodologii, organizacji oraz racjonalizacji pracy przy realizacji wniosków pracowników lub byłych pracowników <xAnon>(...) S.A.</xAnon>o wydanie zaświadczeń o zarobkach <xAnon>(...)</xAnon> za lata 1974-1979, zgłoszonych w 2009 oraz 2010 r.,</xText>
          <xText>- sposobu i czasu realizacji poleceń oskarżonej przez pracowników archiwum zakładowego <xAnon> (...) S.A.</xAnon> w 2010 i 2011 r., dotyczących wyszukiwania list płac za lata 1974-1979 dla określonych w tych poleceniach pracowników lub byłych pracowników <xAnon> (...) S.A.</xAnon>,</xText>
          <xText>- liczby spraw sądowych wytoczonych <xAnon>G.</xAnon>przez pracowników lub byłych pracowników o wydanie zaświadczeń o zarobkach <xAnon>(...)</xAnon> z lat 1974-1979 w latach 2009, 2010 oraz 2011,</xText>
          <xText>- zakresu obowiązków, jakie ciążyły na oskarżonej, jako Kierowniku Wydziału Spraw <xAnon>(...) S.A.</xAnon>, poza obowiązkami związanymi z wydawaniem zaświadczeń o zarobkach <xAnon>(...)</xAnon>, w drugiej połowie 2009 r., w 2010 oraz 2011 r.,</xText>
          <xText>- procesu restrukturyzacyjnego w <xAnon> (...) S.A.</xAnon>, przeprowadzonego w drugiej połowie 2009 r. oraz w 2010 r., związanego ze zwolnieniami grupowymi i zmniejszeniem stanu kadrowego <xAnon> (...) S.A.</xAnon>, a w szczególności wpływu tegoż procesu na zakres i obciążenie oskarżonej dodatkowymi obowiązkami pracowniczymi,</xText>
          <xText>- innych problemów, które determinowały ostateczny okres realizacji wniosków pracowników lub byłych pracowników <xAnon>(...) S.A.</xAnon>o wydanie zaświadczeń o zarobkach <xAnon>(...)</xAnon> za okres obejmujący lata 1974-1979, zgłoszonych w 2009 r. i 2010 r., takich jak tożsamość imion i nazwisk czy zmiana nazwisk zgłaszających wnioski, braki we wnioskach uniemożliwiające ich załatwienie, itp.;</xText>
          <xText>których nie wyjaśnienie przez Sąd I instancji nastąpiło w wyniku przesądzenia, w oparciu o oczywiście błędną wykładnię przepisów art. 1 § 1 i 3 k.k. w zw. z art. 218 § la k.k. oraz art. 26 § 5 k.k., że czas, w którym miało miejsce zaniechanie oskarżonej przypisane jej w uzasadnieniu zaskarżonego orzeczenia, ,,jest wyjątkowo długim czasem, by jakiekolwiek usprawiedliwienie ze strony oskarżonej znalazło tu racjonalne zastosowanie”, a także, że „utrudnienia typu «przenoszenie archiwum, nieczytelna, zniszczona dokumentacja, problemy kadrowe» są tego typu okolicznościami, które w żaden sposób nie mogą zwalniać oskarżonej od odpowiedzialności” oraz że „bez znaczenia jest to «pod kogo podlegało archiwum»";</xText>
          <xText>c) nienależytym ustaleniu istnienia i wysokości szkody, jaką miał ponieść <xAnon>A. K. (1)</xAnon>w wyniku zachowania oskarżonej, a to jedynie w oparciu o treść zeznań tego świadka złożonych w toku procesu, podczas gdy odnośne ustalenie winno nastąpić przy wykorzystaniu szerszej gamy środków dowodowych, w szczególności treści dokumentów ubezpieczeniowych (ZUS), które były dostępne dla Sądu I instancji i które pozwoliłyby mu na dokonanie dokładnej oceny, czy i w jakim zakresie uzyskanie przez <xAnon>A. K. (1)</xAnon>zaświadczenia o zarobkach <xAnon>(...)</xAnon> za lata 1974-1979 wpłynęło na wysokość jego emerytury;</xText>
          <xText>d) nienależytym ustaleniu wysokości szkody, jaką miał ponieść świadek <xAnon>A. K. (1)</xAnon> w wyniku zachowania oskarżonej i dokonaniu ustalenia, zgodnie z którym „każdego miesiąca ponosi on stratę w wysokości około 130 złotych", a więc ustalenia nazbyt ogólnikowego, z którego w istocie nie wynika wyraźnie i jednoznacznie rozmiar rzekomej szkody,</xText>
          <xText>e) niewyjaśnieniu w należyty sposób innych okoliczności, jakie Sąd I instancji winien wziąć pod uwagę przy ocenie stopnia społecznej szkodliwości czynu oskarżonej zgodnie z art. 115 § 2 k.k., a w konsekwencji - przy wymiarze kary, w szczególności niewyjaśnieniu, jaki zamiar (bezpośredni czy ewentualny) i jaka motywacja towarzyszyła zachowaniu oskarżonej;</xText>
          <xText>4. przekroczenia przez Sąd I instancji granic swobodnej oceny dowodów i naruszenia dyrektyw tej oceny wyrażonych w art. 7 k.p.k., które to uchybienie polegało na:</xText>
          <xText>a) ustaleniu, że oskarżona przypisanym jej w uzasadnieniu zaskarżonego orzeczenia zaniechaniem zaczęła realizować znamiona czynu zabronionego z art. 218 § la k.k. od dnia 15 lipca 2009 r., z naruszeniem wskazań wynikających z wiedzy i doświadczenia życiowego, skoro w dniu 15 lipca 2009 r. do <xAnon>(...) S.A.</xAnon>wpłynął dopiero wniosek <xAnon>A. K. (1)</xAnon>o wydanie zaświadczenia o zarobkach <xAnon>(...)</xAnon>, w dodatku za inny zgoła okres, i nawet w normalnym toku rzeczy nie byłoby możliwe, aby realizacja wskazanego wniosku poprzez przesłanie <xAnon>A. K. (1)</xAnon>żądanego przez niego zaświadczenia <xAnon>(...)</xAnon> mogła nastąpić w tym samym dniu, w którym do <xAnon>zakładu (...)</xAnon>wpłynął wniosek wspomnianego;</xText>
          <xText>b) ustaleniu, że oskarżona miała świadomość istnienia w zakładowym archiwum <xAnon> (...) S.A.</xAnon> list płac za lata 1974-1979 w początkowym okresie, w którym miało miejsce przypisane jej w uzasadnieniu zaskarżonego orzeczenia zaniechanie, w oparciu o następujące zeznania świadka <xAnon>B. P.</xAnon>: „w lipcu, sierpniu 2009 roku oskarżona była w archiwum i o istnieniu dokumentacji płacowej z lat 1974-79 wiedziała”, a więc</xText>
          <xText>- w sposób dowolny, skoro oskarżona wyjaśniła w toku postępowania, że była w archiwum w celu niezwiązanym z przeglądem mieszczącej się tam dokumentacji,</xText>
          <xText>- niezgodnie z prawidłami logiki formalnej dotyczącymi wnioskowania indukcyjnego, skoro sam fakt bycia w archiwum nie implikuje nabycia dokładnej wiedzy odnośnie dokumentacji w nim się znajdującej;</xText>
          <xText>c) ustaleniu, że oskarżona miała świadomość istnienia w zakładowym archiwum <xAnon> (...) S.A.</xAnon> list płac za lata 1974-1979 w początkowym okresie, w którym miało miejsce przypisane jej w uzasadnieniu zaskarżonego orzeczenia zaniechanie, w oparciu o zeznania świadka <xAnon>B. P.</xAnon>, a więc świadka, który jako pracownik <xAnon> (...) S.A.</xAnon> otrzymał od oskarżonej pod koniec 2009 roku naganę, w sytuacji gdy wskazania wiedzy z zakresu psychologii, jak również doświadczenie życiowe, pokazują, że zeznania takiego świadka z dużym prawdopodobieństwem mogą być nacechowane negatywnymi emocjami i uprzedzeniem dla oskarżonego, a w konsekwencji - być dla niego niekorzystne bez racjonalnego uzasadnienia;</xText>
          <xText>d) ustaleniu, że oskarżona miała świadomość istnienia w zakładowym archiwum <xAnon> (...) S.A.</xAnon> list płac za lata 1974-1979 w początkowym okresie, w którym miało miejsce przypisane jej w uzasadnieniu zaskarżonego orzeczenia zaniechanie, w oparciu o zeznania świadka <xAnon>B. P.</xAnon>, to jest świadka niewiarygodnego, skoro poszczególnym jego zeznaniom przeczą jego inne zeznania, zebrane w sprawie dokumenty oraz zeznania świadków: <xAnon>E. W. (1)</xAnon>, <xAnon>D. G.</xAnon> oraz <xAnon>W. S.</xAnon>;</xText>
          <xText>e) ustaleniu, że oskarżona miała świadomość istnienia w zakładowym archiwum <xAnon> (...) S.A.</xAnon> list płac za lata 1974-1979 w początkowym okresie, w którym miało miejsce przypisane jej w uzasadnieniu zaskarżonego orzeczenia zaniechanie, w oparciu o to, że „fakt ten ujawnił nieżyjący już pracownik <xAnon>G.</xAnon> - <xAnon>A. D.</xAnon> pismem z dnia 14 kwietnia 2009 r.”, które to ustalenie jest ustaleniem dowolnym, skoro oskarżona wyjaśniła w toku postępowania, że przedmiotowe pismo nie było do niej adresowane i nie trafiło do jej rąk bezpośrednio od jego autora, natomiast w procesie nie zostało wykazane, że było inaczej, a wręcz przeciwnie - zostało wykazane, iż <xAnon>A. D.</xAnon> nie złożył go nawet swojej bezpośredniej przełożonej - <xAnon>G. N.</xAnon>, która w danym czasie była odpowiedzialna za archiwum zakładowe <xAnon> (...) S.A.</xAnon></xText>
          <xText>f) ustaleniu, że zwłoka oskarżonej w wydaniu zaświadczenia <xAnon>(...)</xAnon><xAnon>A. K. (2)</xAnon>była niczym nieuzasadniona, na podstawie następujących zeznań świadka <xAnon>B. P.</xAnon>: „nigdy przed 2010 rokiem <xAnon>B. J.</xAnon>nie zwracała się do niego o wyszukanie dokumentacji [dotyczącej innych pracowników] z lat 1974-1979, a kiedy to zrobiła w połowie 2010 roku dokumentację taką odnalazł”, a więc:</xText>
          <xText>- w oparciu o zeznania niepełne, skoro z cytowanego fragmentu zeznań nie wynika, ile czasu zajęło świadkowi przygotowanie odnośnej dokumentacji, a w konsekwencji:</xText>
          <xText>- niezgodnie z prawidłami logiki formalnej dotyczącymi wnioskowania indukcyjnego oraz redukcyjnego, skoro okoliczność, o której mowa we wskazanym fragmencie zeznań, nie daje podstaw (przesłanek) do wyciągania jakichkolwiek wniosków w zakresie uzasadnienia długości okresu niezbędnego do wydania zaświadczenia <xAnon>(...)</xAnon><xAnon>A. K. (2)</xAnon>;</xText>
          <xText>g) ustaleniu, że „fakt wydania przez oskarżoną przedmiotowego zaświadczenia [zaświadczenia o zarobkach <xAnon>(...)</xAnon> dla <xAnon>A. K. (1)</xAnon>za lata 1974-1979] bezpośrednio po wydaniu orzeczenia przez Sąd [Sąd Pracy w <xAnon>O.</xAnon>] jest, w ocenie Sądu, pierwszorzędną okolicznością świadczącą o tym, że wydanie takowego zaświadczenia było możliwe i to w bardzo krótkim czasie”, a więc:</xText>
          <xText>- niezgodnie z zasadami należytego pojmowania zależności między zaszłościami w świecie zewnętrznym, skoro w ocenie Sądu I instancji wydanie przez oskarżoną <xAnon>A. K. (2)</xAnon>zaświadczenia <xAnon>(...)</xAnon> za lata 1974-1979, tj. w dniu 8 marca 2011 r., po dniu wydania wyroku Sądu Pracy w <xAnon>O.</xAnon>nakazującego wydanie przedmiotowego zaświadczenia przez <xAnon>(...) S.A.</xAnon>, tj. dniu 10 lutego 2011 r., jest wydaniem następującym „bezpośrednio” po wydaniu wskazanego wyroku Sądu Pracy,</xText>
          <xText>- niezgodnie z prawidłami logiki formalnej dotyczącymi wnioskowania redukcyjnego, skoro samo wydania przez oskarżoną <xAnon>A. K. (2)</xAnon>zaświadczenia <xAnon>(...)</xAnon> za lata 1974-1979 w okresie następującym po wyroku Sądu Pracy w <xAnon>O.</xAnon>nakazującym wydanie przedmiotowego zaświadczenia nie daje podstaw (przesłanek) do wyciągania jakichkolwiek wniosków w zakresie istnienia możliwości wydania wskazanego zaświadczenia przed wydaniem odnośnego wyroku Sądu Pracy, a już w szczególności - w zakresie minimalnego okresu do urzeczywistnienia takiej możliwości;</xText>
          <xText>h) ustaleniu istnienia i wysokości szkody, jaką miał ponieść świadek <xAnon>A. K. (1)</xAnon> w wyniku zachowania oskarżonej, jedynie w oparciu o treść zeznań tego świadka złożonych w toku procesu, podczas gdy wskazania wiedzy z zakresu psychologii, jak również doświadczenie życiowe, a zwłaszcza doświadczenie wynikające z działalności organów wymiaru sprawiedliwości, pokazują, że kwestia istnienia i wysokości szkody poniesionej przez daną osobę nie powinna być ustalana wyłącznie na podstawie zeznań tej osoby, jako osoby bezpośrednio zainteresowanej w ustaleniu jej i to w jak najkorzystniejszym dla siebie wymiarze, jako że taki środek dowodowy nacechowany jest subiektywizmem, jest nieprzekonujący, często nieadekwatny i - jak pokazuje niniejsza sprawa - nie daje on precyzyjnych i konsekwentnych rezultatów;</xText>
          <xText>i) ustaleniu, że organizacja pracy przez oskarżoną była niewłaściwa, które to ustalenie jest ustaleniem dowolnym, skoro Sąd I instancji nie przeprowadzał żadnych dowodów i nie wyjaśnił, jak odnośna organizacja pracy przebiegała i pod jakim względem odbiegała ona od przyjętych w tym zakresie wzorców;</xText>
          <xText>C. Na zasadzie art. 438 pkt 2 k.p.k.:</xText>
          <xText>5. obrazę przepisów postępowania, która mogła mieć wpływ na treść orzeczenia, a to art. 424 § 1 k.p.k.. poprzez:</xText>
          <xText>a) dopuszczenie się uchybień w zakresie struktury uzasadnienia zaskarżonego wyroku, to jest niekonsekwentne rozdzielenie jego części faktycznej (części zaczynającej się od stwierdzenia „Sąd ustalił następujący stan faktyczny”) i prawnej (części zaczynającej się od stwierdzenia „Sąd zważył co następuje”) poprzez zamieszczenie w części prawnej ustaleń faktycznych Sądu I instancji nie objętych częścią faktyczną uzasadnienia przedmiotowego wyroku;</xText>
          <xText>b) niewskazanie i niewyjaśnienie w uzasadnieniu zaskarżonego wyroku, z jaką dokładnie normą prawną powszechnie obowiązującą zachowanie oskarżonej było sprzeczne i jak dokładnie brzmiał zakaz lub nakaz powinnego zachowania, któremu miała uchybić oskarżona, a to w zakresie przyjęcia przez Sąd I instancji bezprawności zachowania oskarżonej;</xText>
          <xText>c) niewskazanie i niewyjaśnienie w uzasadnieniu zaskarżonego wyroku, jakie elementy i okoliczności, o których mowa w art. 115 § 2 k.k., Sąd I instancji wziął pod uwagę przy przypisaniu czynowi oskarżonej znacznego stopnia społecznej szkodliwości, czy - jak stwierdzono w uzasadnieniu zaskarżonego orzeczenia - „znacznego jego stopnia społecznego niebezpieczeństwa”;</xText>
          <xText>d) zawarcie w uzasadnieniu zaskarżonego wyroku przypuszczeń, niekategorycznych i hipotetycznych stwierdzeń Sądu I instancji, odnoszących się do spełnienia przez zachowanie oskarżonej znamienia złośliwości, o którym mowa w art. 218 § la k.k., przez uznanie, że odpowiedzi odmowne ze strony oskarżonej na pisma <xAnon>A. K. (1)</xAnon> nie znajdowały racjonalnego wytłumaczenia, „a to z kolei może wskazywać nadto nawet i na złośliwość ze strony oskarżonej” oraz że „elementów złośliwości [w zachowaniu oskarżonej] można się tu, przy takim stanie faktycznym dopatrzeć”, podczas gdy w uzasadnieniu wyroku sądu karnego winny się znaleźć niewątpliwe ustalenia faktyczne, będące ze swej istoty kategorycznymi stwierdzeniami o faktach;</xText>
          <xText>e) stwierdzenie w uzasadnieniu zaskarżonego wyroku, że „wyjaśnienia oskarżonej są nieprawdziwe, wykrętne, stanowiące swoistą formę obrony” oraz że „przeczy im pozostały, zgromadzony w sprawie materiał dowodowy”, z jednoczesnym brakiem podania w tym uzasadnieniu, jakie dokładnie wyjaśnienia oskarżonej są nieprawdziwe i wykrętne oraz na czym ta nieprawdziwość czy wykrętność miała polegać, a także jaki dokładnie materiał dowodowy i z jakimi dokładnie wyjaśnieniami oskarżonej jest sprzeczny oraz na czym ta sprzeczność ma polegać;</xText>
          <xText>f) zawarciu w uzasadnieniu zaskarżonego wyroku oceny zachowania oskarżonej poczynionej przez świadków <xAnon>E. W. (2)</xAnon>, <xAnon>G. N.</xAnon>oraz <xAnon>T. P.</xAnon>, w słowach: „zdaniem sądu, niezwykle trafnie oceniły zachowanie oskarżonej <xAnon>Św. E. W.</xAnon>, <xAnon>Św. G. N.</xAnon>i <xAnon>św. T. P.</xAnon>, podnosząc, że odpowiedź odmowna co do wydania zaświadczenia na druku <xAnon>(...)</xAnon> winna była być poprzedzona sprawdzeniem czy stosowana dokumentacja w archiwum jest, czy też istotnie jej nie ma”, podczas gdy proces karny i uzasadnienie rozstrzygnięcia sądu karnego nie jest miejscem na zasięganie i ustalanie ocen zachowania oskarżonego przez świadków, a funkcja procesowa świadków, wyznaczona przez przepisy k.p.k., nie polega na dokonywaniu ocen zachowania oskarżonego, lecz na składaniu relacji o spostrzeżonych przez nich faktach mających istotne znaczenie dla sprawy;</xText>
          <xText>g) dopuszczenie się sprzeczności w uzasadnieniu zaskarżonego wyroku w drodze stwierdzenia z jednej strony, że oskarżona dysponowała wiedzą o istnieniu w zakładowym archiwum <xAnon> (...) S.A.</xAnon> list płac za lata 1974-1979 w początkowym okresie, w którym miało miejsce przypisane jej w uzasadnieniu zaskarżonego orzeczenia zaniechanie, ponieważ „fakt ten ujawnił nieżyjący już pracownik <xAnon>G.</xAnon> - <xAnon>A. D.</xAnon> pismem z dnia 14 kwietnia 2009 r.”, z drugiej natomiast strony przyznania, iż okoliczność otrzymania wskazanego pisma przez oskarżoną od <xAnon>A. D.</xAnon> nie miała znaczenia i „nie można w żaden sposób usprawiedliwić oskarżonej, albowiem przy tym problemie zupełnie nie chodziło o to, by to pracownik informował niejako z urzędu oskarżoną o istnieniu owej dokumentacji”;</xText>
          <xText>h) dopuszczenie się sprzeczności w uzasadnieniu zaskarżonego wyroku w drodze przesądzenia w nim z jednej strony, że okres, w którym miało miejsce przypisane oskarżonej w uzasadnieniu zaskarżonego orzeczenia zaniechanie, „jest wyjątkowo długim czasem, by jakiekolwiek usprawiedliwienie ze strony oskarżonej znalazło tu racjonalne zastosowanie” oraz że „nie można, zdaniem Sądu, w żaden sposób usprawiedliwiać oskarżonej”, z drugiej natomiast strony zawarcia w nim stwierdzeń, które wskazywałyby na to, iż zachowanie oskarżonej mogłoby być jednak w określonych okolicznościach usprawiedliwione, jednak nie było tak na gruncie niniejszej sprawy - na przykład poprzez stwierdzenie: „kiedy to zrobiła w 2010 roku dokumentację taką odnalazł. Zwłoka więc w wydaniu zaświadczenia była niczym nieuzasadniona”;</xText>
          <xText>6. obrazę przepisów postępowania, która mogła mieć wpływ na treść orzeczenia, a to art. 5 § 1 i 2 k.p.k. i wyrażonych w tych przepisach zasad: domniemania niewinności oraz rozstrzygania wątpliwości na korzyść oskarżonego poprzez oparcie zaskarżonego orzeczenia między innymi na wyżej wskazanych przypuszczeniach, niekategorycznych i hipotetycznych stwierdzeniach Sądu I instancji, odnoszących się do spełnienia przez zachowanie oskarżonej znamienia złośliwości, o którym mowa w art. 218 § la k.k., podczas gdy wyrok sądu karnego w zakresie realizacji znamion danego typu czynu zabronionego winien opierać się na ustaleniach faktycznych, będących ze swej istoty kategorycznymi stwierdzeniami o faktach wywiedzionymi z przeprowadzonych w postępowaniu dowodów;</xText>
          <xText>7. obrazę przepisów postępowania, która mogła mieć wpływ na treść orzeczenia, a to art. 6 k.p.k. i wyrażonej w nim zasady prawa do obrony, art. 175 § 1 k.p.k.. a także zasady kontradyktoryjności procesu karnego poprzez:</xText>
          <xText>a) przesądzenie z góry, iż zachowanie oskarżonej nie mogło być w żaden sposób usprawiedliwione, ponieważ czas, w którym nie wydawała ona zaświadczenia <xAnon>A. K. (1)</xAnon> był długim czasem „by jakiekolwiek usprawiedliwienie ze strony oskarżonej znalazło tu racjonalne zastosowanie”</xText>
          <xText>b) nieuwzględnienie przez Sąd I instancji okoliczności powoływanych przez oskarżoną w toku procesu tylko ze względu na fakt, iż stanowiły one „swoistą formę obrony”, a oskarżona powoływała je „niejako siebie usprawiedliwiając”,</xText>
          <xText>co siłą rzeczy prowadzi do przekreślenia sensu składania wyjaśnień przez oskarżonego w postępowaniu karnym, jego prawa do obrony, jak również zasady kontradyktoryjności procesu karnego, wyrażającej się w istnieniu dwóch przeciwstawnych sobie stron w tym procesie;</xText>
          <xText>D. Na zasadzie art. 438 pkt 1 k.p.k.:</xText>
          <xText>8. obrazę prawa materialnego, a to obrazę art. 53 § 1 k.k., poprzez oparcie się przy wymiarze kary dla oskarżonej na nieznanej ustawie karnej i nie przewidzianej w przywołanym przepisie art. 53 § 1 k.k. przesłance „stopnia społecznego niebezpieczeństwa” zachowania oskarżonej, podczas gdy wskazany wymiar kary winien być oparty na „stopniu społecznej szkodliwości” czynu, które to pojęcie różni się znaczeniowo od pojęcia „stopnia społecznego niebezpieczeństwa” czynu.</xText>
          <xText>W konkluzji skarżąca wniosła o uchylenie zaskarżonego wyroku i przekazanie sprawy do ponownego rozpoznania Sądowi I instancji.</xText>
          <xText xALIGNx="center">
            <xUx>Sąd Okręgowy zważył co następuje :</xUx>
          </xText>
          
          <xText>Apelacja oskarżonej okazała się zasadna w takim stopniu, że na skutek jej wniesienia, należało uchylić zaskarżony wyrok, a sprawę przekazać do ponownego rozpoznania Sądowi I instancji.</xText>
          <xText>Analiza zebranego w sprawie materiału dowodowego oraz przebiegu dotychczasowego postępowania, nie upoważnia bowiem do rozstrzygnięcia merytorycznego i nie pozwala na ocenę, czy zapadłe orzeczenie jest pod tym względem trafne. Stwierdzić natomiast należy, iż Sąd Rejonowy w trakcie rozpoznania przedmiotowej sprawy, dopuścił się tego rodzaju obrazy przepisów prawa procesowego, która mogła mieć istotny wpływ na poczynione ustalenia faktyczne, a w konsekwencji na treść wydanego przezeń końcowego rozstrzygnięcia.</xText>
          <xText>Przechodząc do szczegółowych rozważań, rozpocząć wypada od omówienia zarzutu apelacji wskazanego w pkt A. Słusznie skarżąca zwraca uwagę na sprzeczność pomiędzy treścią wyroku, a jego uzasadnieniem. polegającą na tym, iż w treści sentencji wyroku Sąd I instancji uznał oskarżoną za winną popełnienia czynu, polegającego na uporczywym odmawianiu wydania zaświadczenia o wysokości zarobków Rp-7, podczas gdy z uzasadnienia tegoż wyroku wynikałoby, że Sąd Rejonowy uznał, iż zachowanie oskarżonej stanowiło ,,umyślne zaniechanie”.</xText>
          <xText>Nie stanowi to jednak – jak twierdzi się w apelacji – bezwzględnej przyczyny odwoławczej z art. 439 § 1 pkt 9 k.p.k., albowiem w sytuacji sprzeczności wyroku z jego pisemnym uzasadnieniem, wiążącym jest ustalenie zawarte w wyroku (por. konsekwentne orzecznictwo Sądu Najwyższego, jak np. wyrok z dnia 14.01.2000 roku – V KKN 531/99 - LEX nr 50936, wyrok z dnia 5.03.1984 roku – I KR 6/84 - OSNKW 1984/11-12/128, jak również wyrok Sądu Apelacyjnego w Krakowie z dnia 9.05.1991 roku – II AKr 38/91 – KZS 1991/5/22 i wyrok Sądu Apelacyjnego w Lublinie z dnia 26 lutego 2004 roku – II AKa 413/03, Prok.i Pr.. 2005/1/26). Można tu mówić natomiast o wadach dokumentu, w postaci uzasadnienia wyroku (niestety nie jedynych), a także o braku refleksji Sądu I instancji nad jurydyczną naturą zarzutu postawionego oskarżonej.</xText>
          <xText>To, co jednak zdecydowało o konieczności kasatoryjnego rozstrzygnięcia Sądu odwoławczego, to przede wszystkim naruszenia przez Sąd Rejonowy przepisów art. 4 k.p.k., art. 7 k.p.k. i art. 366 § 1 k.p.k., które to w konsekwencji przełożyły się na niepełne i częściowo dowolne ustalenia faktyczne, stanowiące podstawę rozstrzygnięcia sprawy.</xText>
          <xText>Trafnie apelacja zwraca uwagę na kwestie czasokresu czynu, jaki zarzucono, a następnie przypisano zaskarżonym wyrokiem oskarżonej. Nie wiadomo, bo Sąd Rejonowy nie wytłumaczył tego w uzasadnieniu, dlaczego czyn przypisany oskarżonej rozpoczyna swój bieg w dniu 15 lipca 2009 roku, skoro pierwsze pismo oskarżonej w przedmiocie wniosku <xAnon>A. K. (1)</xAnon>, datowane jest na dzień 16 lipca 2009 roku.</xText>
          <xText>Wątpliwości zachodzą także co do daty końcowej. Sąd meriti nie wyjaśnił przede wszystkim (a konsekwencji nie poczynił w tym kierunku żadnych ustaleń faktycznych), czy trzecie i czwarte pismo pokrzywdzonego <xAnon>A. K. (1)</xAnon>, w których wnosił o wydanie mu zaświadczenia o zarobkach za lata 1974 – 79, w ogóle trafiły do oskarżonej i w jaki sposób zostały one przez nią załatwione.</xText>
          <xText>Sąd Rejonowy nie wziął także pod uwagę, że pomiędzy drugą pisemną odpowiedzią oskarżonej z dnia 20.11.2009 roku, a datą wydania pokrzywdzonemu zaświadczenia o zarobkach za lata 1974 – 79, nastąpił masowy wpływ do <xAnon> (...) S.A.</xAnon> wniosków byłych pracowników, z żądaniem wydania zaświadczeń RP – 7 za okres przed 1980 rokiem i wnioski te zaczęły być stopniowo przez oskarżoną i jej współpracowników załatwiane. Ponieważ wniosków takich było bardzo dużo, a nie można było ich załatwić ,,od ręki” (dlaczego tak się stało, wynika to jasno nie tylko z wyjaśnień oskarżonej, ale też m.in. z zeznań świadków: <xAnon>D. G.</xAnon>, <xAnon>W. S.</xAnon>, <xAnon>B. P.</xAnon>), utworzył się zator, w wyniku czego zainteresowani musieli miesiącami oczekiwać na załatwienie ich sprawy. Innymi słowy, pokrzywdzony <xAnon>A. K. (1)</xAnon> nie był jedyną osobą, która musiała czekać na wydanie jej zaświadczenia o zarobkach za lata siedemdziesiąte. Należało zatem zadać sobie pytanie, czy od momentu, kiedy oskarżona zaczęła pozytywnie załatwiać wnioski byłych pracowników o wydanie zaświadczeń Rp – 7 za lata siedemdziesiąte (a więc najprawdopodobniej – bo trzeba to przecież wiążąco ustalić – od lutego 2010 roku), w ogóle możemy tu mówić o zawinionym odmawianiu <xAnon>A. K. (1)</xAnon> wydania tego rodzaju zaświadczenia. Teza taka mogłaby być uzasadniona, np. gdyby należycie wykazano, że oskarżona celowo opóźniała załatwienie właśnie sprawy pokrzywdzonego, lub bezpodstawnie pomijała jego wniosek, załatwiając inne.</xText>
          <xText>Nie można więc tej całej, złożonej sytuacji nie brać zupełnie pod uwagę (jak uczynił to Sąd I instancji), zwłaszcza, że dla bytu przestępstwa z art. 218a § 1 k.k. wymagana jest wina umyślna.</xText>
          <xText>Nie do przyjęcia jest też argumentacja Sądu I instancji, co do kwestii, jaka była świadomość oskarżonej, odnośnie istnienia w archiwum zakładowym dokumentacji płacowej za lata 1974 – 79.</xText>
          <xText>Oczywistym jest, że w realiach niniejszej sprawy bardzo istotne znaczenie ma ustalenie, czy w momencie udzielania oskarżycielowi posiłkowemu odmownych odpowiedzi, oskarżona posiadała wiedzę o istnieniu w zakładowym archiwum <xAnon> (...) S.A.</xAnon> dokumentacji płacowej za lata 1974-1979. Chodzi tu przede wszystkim o dwie konkretne daty tj. 16.07.2009 roku i 20.11.2009 roku, kiedy oskarżona udzieliła odpowiedzi negatywnych na pisma oskarżyciela posiłkowego. Tymczasem Sąd I instancji w ustalonym przez siebie stanie faktycznym posługuje się tu pojęciem zgoła nieostrym: ,,był to ten czas, kiedy <xAnon>A. K. (1)</xAnon> […] podobnie jak i <xAnon>B. J.</xAnon> oraz prezes Zarządu <xAnon>J. D.</xAnon>, wiedział o istnieniu w zakładowym archiwum list płac za lata 1974-2002”. Dopiero czytając inne fragmenty uzasadnienia zaskarżonego wyroku można się domyślić, że Sąd Rejonowy uznał, że oskarżona miała taką świadomość, już w momencie udzielania odpowiedzi na pierwsze pismo pokrzywdzonego. Wniosek takowy można bowiem wysnuć z faktu, że Sąd meriti dał wiarę zeznaniom świadka <xAnon>B. P.</xAnon>. Tyle tylko, że z zeznań powyższego świadka wynika, iż oskarżona miała powziąć wiadomość o istnieniu przedmiotowej dokumentacji płacowej, będąc w archiwum ,,w czasie lipiec – sierpień”, gdyż listy te oglądała (k. 408). Jeżeliby przyjąć zatem, że był to sierpień 2009 roku – to w dniu 16.07.2009 roku oskarżona nie miałaby jeszcze świadomości o istnieniu dokumentacji płacowej za lata 1974-1979. Inaczej natomiast byłoby, gdyby przyjąć, że oskarżona wiedzę taką powzięła, będąc w archiwum przed 16.07.2009 roku. Tego niuansu Sąd Rejonowy widać jednak nie zauważył, skoro zupełnie nie odniósł się do niego w uzasadnieniu zaskarżonego wyroku.</xText>
          <xText>Po drugie, Sąd I instancji dokonując oceny zebranych w sprawie dowodów całkowicie pominął okoliczność, że pomiędzy oskarżoną, a świadkiem <xAnon>B. P.</xAnon> istnieje konflikt, wywodzący się z tego, że oskarżona ukarała świadka karą dyscyplinarną nagany. Oczywiście, osobista uraza świadka do osoby oskarżonego nie musi automatycznie oznaczać, że taki świadek nie mówi prawdy w swoich zeznaniach. Równie dobrze zeznania te mogą polegać na prawdzie, choć praktyka orzecznicza wskazuje, że zdarzają się też przypadki celowego przekłamania w zeznaniach, przez osoby mające negatywny emocjonalny stosunek do osoby oskarżonego (np. wywołany osobistymi animozjami). Dlatego też rzetelna ocena dowodów dokonywana przez sąd w uzasadnieniu swojego wyroku, nie może pomijać takiej okoliczności. Co więcej, sąd musi przekonywująco uzasadnić, dlaczego pomimo skonfliktowania oskarżonego i świadka, zeznania tego ostatniego stanowić mogą wiarygodny materiał dowodowy.</xText>
          <xText>Nie ma też racji Sąd Rejonowy, że czynnikiem jednoznacznie decydującym o wiarygodności zeznań świadka <xAnon>B. P.</xAnon> (a niewiarygodności wyjaśnień oskarżonej) jest treść notatki urzędowej z k. 98 oraz treść pisma adresowanego do świadka z widniejącym podpisem oskarżonej (k. 99). Treść owych pism wskazuje jedynie na to, że <xAnon>B. P.</xAnon> został ukarany karą nagany, a więc dotyczy okoliczności niekwestionowanej. Z pism tych wynika także, że podstawą nagany udzielonej <xAnon>B. P.</xAnon> było przekazanie przezeń osobie trzeciej, bez upoważnienia, informacji o listach płac znajdujących się w zasobach pracodawcy, o czym Prezes <xAnon>G.</xAnon> dowiedział się w dniu 10.12.2009 roku. Jeżeli zatem z tego wywodzić, że również i oskarżona, tym sposobem, dowiedziała się o istnieniu w archiwum dokumentacji płacowej za lata sprzed 1980 roku, to i tak chodzić będzie o grudzień 2009 roku, a więc okres po nieuwzględnieniu wniosków oskarżyciela posiłkowego, co nastąpiło w lipcu i listopadzie 2009 roku.</xText>
          <xText>Drugim dowodem przemawiającym za tym, że oskarżona posiadała wiedzę o istnieniu w zakładowym archiwum <xAnon> (...) S.A.</xAnon> list płac za lata 1974-1979, ma być – zdaniem Sądu Rejonowego – kserokopia pisma <xAnon>A. D.</xAnon> z dnia 14.04.2009 roku, adresowanego do Głównej Księgowej <xAnon>G.</xAnon>. Tyle tylko, że oskarżona w swoich wyjaśnieniach konsekwentnie zaprzecza, aby miała się zapoznać z tym pismem przed udzielaniem <xAnon>A. K. (1)</xAnon> odmownych odpowiedzi, a Sąd meriti nie wskazał, z jakich dowodów wynika, że oskarżona zapoznała się z owym pismem już wcześniej.</xText>
          <xText>Charakterystycznym zresztą jest, że nawet adresat pisma <xAnon>A. D.</xAnon> z dnia 14.04.2009 roku, czyli Główna Księgowa – <xAnon>E. W. (1)</xAnon>, zaprzeczyła, aby pismo to dotarło do niej w drodze służbowej (stwierdziła, że dowiedziała się o nim dopiero od policji, w trakcie trwania dochodzenia – k. 86v, 31). To samo odnieść należy do zeznań świadka <xAnon>G. N.</xAnon>, która była bezpośrednią przełożoną <xAnon>A. D.</xAnon>. A przecież Sąd Rejonowy uznał zeznania świadków <xAnon>E. W. (1)</xAnon> i <xAnon>G. N.</xAnon>, jako w pełni wiarygodne (k.277).</xText>
          <xText>Nie wiadomo też, dlaczego Sąd meriti, pod koniec swych rozważań dochodzi do wniosku, że nie ma jednak znaczenia, czy oskarżona, w momencie udzielania odmownych odpowiedzi pokrzywdzonemu, posiadała wiedzę odnośnie pisma <xAnon>A. D.</xAnon>. Przecież jest to kwestia o znaczeniu zasadniczym i zresztą sam Sąd Rejonowy w stanie faktycznym uzasadnienia zaskarżonego wyroku, wyraźnie czyni ustalenia w kierunku, czy oskarżona wiedziała o istnieniu w archiwum zakładowym list płac za lata 1974 – 79 (i ustalenie to wywodzi właśnie z dowodu w postaci pisma <xAnon>A. D.</xAnon>).</xText>
          <xText>Zasadniczy sprzeciw budzi też ocena wyjaśnień oskarżonej dokonana przez Sąd Rejonowy w uzasadnieniu zaskarżonego wyroku. Nie jest z pewnością prawdą, że wyjaśnienia oskarżonej są <xBx>w całości</xBx> niewiarygodne, a tak właśnie wynikałoby z pisemnych wywodów Sądu meriti. Przecież cześć okoliczności, podnoszonych przez oskarżoną w złożonych wyjaśnieniach jest w ogóle niekwestionowana, a sam Sąd I instancji czynił w oparciu o te wyjaśnienia ustalenia faktyczne (k. 274). Należało zatem wskazać, w jakiej części wyjaśnienia oskarżonej nie są – zdaniem Sądu – wiarygodne i wskazać konkretne (a nie ogólnikowe) argumenty przemawiające za taką właśnie oceną.</xText>
          <xText>Sąd I instancji nie odniósł się także zupełnie do bardzo istotnego fragmentu wyjaśnień oskarżonej, który może rzucać światło na stan jej świadomości, odnośnie istnienia w archiwum zakładowym list płac za dawniejsze lata. Chodzi tu o stwierdzenie oskarżonej, że informowała się swoich pracowników <xAnon>D. G.</xAnon> i <xAnon>W. S.</xAnon>, czy jest możliwe sporządzenie dla pana <xAnon>K.</xAnon> list płac za lata 1974 – 79. Stwierdziły one jednak, że nigdy nie korzystały z list z tych lat, ponieważ ówczesna kierowniczka rachuby pani <xBx><xAnon>T. P.</xAnon> powiedziała</xBx>, <xBx>że te listy są niekompletne</xBx>, w złym stanie technicznym, a do sporządzenia druku Rp – 7 nie wystarczy tylko sama lista płac (k. 83). Znajduje to w zasadzie potwierdzenie w zeznaniach <xAnon>D. G.</xAnon> i <xAnon>W. S.</xAnon>, aczkolwiek nie zostały one wprost dopytane na okoliczność, jakie dokładnie informacje, odnośnie istnienia w archiwum zakładowym dokumentów płacowych z lat 70 – tych, przekazywały oskarżonej. Jak możnaby z tego wnioskować, do oskarżonej dotarła jednak informacja, że dokumentacja płacowa za lata 1974 – 79 istnieje, z tym, że jest niekompletna. W związku z tym należało zatem wezwać oskarżoną do wypowiedzenia się, jak należy rozumieć ów fragment wyjaśnień z k. 83 (powtórzony na k. 209), w kontekście jej zapewnień, że nie wiedziała, iż w archiwum takie dokumenty w ogóle się znajdują, a o ich istnieniu dowiedziała się później (początek 2010 roku), gdy naocznie się o tym przekonała.</xText>
          <xText>Jak z powyższego wynika, kwestia świadomości oskarżonej, co do istnienia w archiwum zakładowym list płac za lata 1974 – 79, w momencie udzielania pokrzywdzonego odmownych odpowiedzi, nie została dostatecznie wyjaśniona, a zatem dokonana w tym zakresie ocena Sądu Rejonowego musiała zostać uznana, jako co najmniej przedwczesna.</xText>
          <xText>Oczywistym jest, że bez prawidłowych ustaleń faktycznych co do czasokresu zarzucanego oskarżonej zachowania oraz jej świadomości, odnośnie znajdowania się w archiwum zakładowym dokumentacji płacowej za lata 1974 – 79, nie można dokonać prawidłowej oceny prawnej zachowania oskarżonej.</xText>
          <xText>Niniejsza sprawa jeszcze o tyle się komplikuje, że kwestia świadomości oskarżonej, odnośnie istnienia w <xAnon>G.</xAnon> omawianej tu dokumentacji, nie wyczerpuje jeszcze wszystkich elementów strony podmiotowej, relewantnych z punktu widzenia odpowiedzialności karnej za zarzucany jej czyn. Nawet gdyby bowiem przyjąć (co oczywiście wymaga dostatecznego udowodnienia), że oskarżona – udzielając już pierwszej odpowiedzi na pismo pokrzywdzonego –miała jednak świadomość istnienia przedmiotowej dokumentacji płacowej, to i tak w grę wchodzi jeszcze kwestia jej wewnętrznego przekonania, że w sytuacji braku kompletnej dokumentacji, wystawienie zaświadczenia Rp – 7 dla pracowników dniówkowych i akordowych jest niemożliwe. Przekonanie to opierało się – jak można wywnioskować z wyjaśnień oskarżonej – z dotychczasowej praktyki jej poprzedniczki – <xAnon>T. P.</xAnon> oraz stanowiska ZUS – u. Przesłuchana w charakterze świadka <xAnon>T. P.</xAnon> potwierdziła, że taką praktykę rzeczywiście stosowała i powołała się tu również na pogląd ZUS – u. Oskarżona zresztą nadesłała owo pismo ZUS – u, mające zawierać takie stanowisko (k. 477).</xText>
          <xText>Na tę kwestię w ogóle nie zwrócono dotychczas uwagi, a przecież może mieć ona niebagatelne znaczenie w kontekście możliwości przypisania oskarżonej winy umyślnej. W grę mógłby wchodzić tu wszak błąd co do bezprawności, przewidziany w art. 30 k.k. ze wszystkimi jego konsekwencjami. Oczywiście, etap rozważania kontratypu błędu, musi zostać poprzedzony poczynieniem prawidłowych i kompletnych ustaleń faktycznych. Ponadto Sąd I instancji musiałby także wówczas dokonać oceny, czy taka interpretacja, według której, w sytuacji niekompletności dokumentacji, zakład pracy jest zwolniony z wydawania zaświadczeń Rp – 7, była w świetle przepisów regulujących powinności zakładu pracy, a zwłaszcza w kontekście art. 125 ust. 1 pkt 2 ustawy z 17.12.1998 r. o emeryturach i rentach z Funduszu Ubezpieczeń Społecznych, w ogóle dopuszczalna (a w dalszej konsekwencji, czy taki błąd oskarżonej można uznać za usprawiedliwiony, czy też nie). Niezbędnym byłoby tu też sięgnięcie do spraw Sądu Pracy, który zapewne zajmował się tym problemem, rozpoznając powództwa cywilne byłych pracowników <xAnon>G.</xAnon> o wydanie im zaświadczeń Rp – 7 za lata siedemdziesiąte.</xText>
          <xText>Powyższe rozważania prowadzą do wniosku, że zaskarżony wyrok zapadł z obrazą przepisów prawa procesowego, która mogła mieć istotne znaczenie dla treści merytorycznego rozstrzygnięcia w sprawie. Suma nieprawidłowości, jakich dopuścił się Sąd meriti tworzy jakość, która powoduje, że zaskarżony wyrok można było tylko uchylić i przekazać sprawę do ponownego rozpoznania Sądowi Rejonowemu w Opocznie.</xText>
          <xText>Wobec zaistnienia wyżej omówionych uchybień, uniemożliwiających merytoryczną kontrolę prawidłowości zaskarżonego wyroku, skutkujących w efekcie uchyleniem zaskarżonego wyroku i przekazaniem sprawy do jej ponownego rozpoznania, ustosunkowanie się do wszystkich podnoszonych w apelacji zarzutów, należy uznać za przedwczesne. Dlatego też powyższe rozważania Sądu odwoławczego ograniczone zostały do przedstawienia tylko tych uchybień, które legły u podstaw uchylenia wyroku i przekazania sprawy do ponownego rozpoznania (art. 436 k.p.k.).</xText>
          <xText>Nie sposób jednak nie odnieść się jeszcze do dwóch kwestii poruszanych w apelacji.</xText>
          <xText>Do znamion przestępstwa z art. 218 § 1a k.k. należy złośliwe lub uporczywe naruszanie praw pracownika. Skoro Sąd meriti przypisał oskarżonej w sentencji wyroku jedynie ,,uporczywość”, nie kwalifikując jej działania jako ,,złośliwości”, to nie do przyjęcia jest, aby na tego rodzaju znamię powoływać się w uzasadnieniu zaskarżonego wyroku.</xText>
          <xText>Po drugie, skoro Sąd Rejonowy uznał, że okolicznością mającą istotne znaczenie dla stopnia społecznej szkodliwości czynu, jest poniesienie przez oskarżyciela posiłkowego szkody majątkowej, to należało zweryfikować twierdzenia <xAnon>A. K. (1)</xAnon> o kwocie utraconej, w wyniku zaistniałej sytuacji, emerytury (choćby poprzez zwrócenie się do ZUS – u z odpowiednim pismem).</xText>
          <xText>Przy ponownym rozpoznaniu sprawy Sąd Rejonowy winien w szczególności przeprowadzić ponownie postępowanie dowodowe, wnikliwie przesłuchując oskarżoną oraz świadków, unikając przy tym popełnienia opisanych wyżej uchybień proceduralnych.</xText>
          <xText>Sąd I instancji, przy ponownym rozpoznaniu sprawy winien dążyć do wyjaśnienia wszystkich istotnych jej okoliczności, o których była mowa we wcześniejszych rozważaniach. Niewątpliwe koniecznym będzie pogłębienie dotychczasowego materiału dowodowego, jak choćby poprzez zażądanie od <xAnon> (...) S.A.</xAnon> dokładnej informacji (za lata 2009 – 2011) o ilości, dacie wpływu i dacie załatwienia wniosków pracowników i byłych pracowników tej firmy o wydanie im zaświadczeń o zarobkach Rp-7 za okres 1974-1979 oraz liczby spraw sądowych, wytoczonych w tym przedmiocie, a także załączenie z Sądu Pracy przynajmniej jednej z takich spraw (najlepiej takiej, w której sporządzono uzasadnienie wyroku).</xText>
          
          <xText>Pamiętać także trzeba o dokonaniu pełnej i wyczerpującej oceny poszczególnych osobowych źródeł dowodowych, zgodnie z treścią art. 4 k.p.k., art. 5 § 2 k.p.k., art. 7 k.p.k., art. 366 § 1 k.p.k. i art. 410 k.p.k. oraz mając również na względzie poczynione powyżej uwagi, a w ewentualnym pisemnym uzasadnieniu rozstrzygnięcia wskazać, którym dowodom Sąd dał wiarę i dlaczego oraz z jakich powodów nie uznał za wiarygodnych dowodów przeciwnych (art. 424 § 1 pkt 1 k.p.k.).</xText>
        </xUnit>
      </xBlock>
    </xPart>
  </judgement>
<judgement id="154500000001006_II_AKa_000017_2014_Uz_2014-02-17_001">
    <xPart xEditorFullName="Renata Sieradzan" xYear="2014" xLang="PL" xPublisherFullName="Renata Sieradzan" xFromPg="1" xEditor="rsieradz" xVolType="15/450000/0001006/AKa" xPublisher="rsieradz" xDocType="Uz" xVolNmbr="000017" xVersion="1.0" xToPage="5" xFlag="published">
      <xName>Wyrok+Uzasadnienie</xName>
      <xBlock>
        <xText>
          <xBx>Sygn. akt II AKa 17/14</xBx>
        </xText>
        <xUnit xType="part" xBold="true" xIsTitle="true">
          <xName>WYROK</xName>
          <xTitle>W IMIENIU RZECZYPOSPOLITEJ POLSKIEJ</xTitle>
          <xText xALIGNx="right">
            <xBx>Dnia 17 lutego 2014 r.</xBx>
          </xText>
          <xText>
            <xBx>Sąd Apelacyjny w Warszawie II Wydział Karny w składzie: </xBx>
          </xText>
          
          <xText>
            <xBx>Przewodniczący: SSA – Józef Ciurko </xBx>
          </xText>
          <xText>
            <xBx>
    Sędziowie: SA – Maria Mrozik - Sztykiel </xBx>
          </xText>
          <xText>
            <xBx> SO /del./ – Dorota Tyrała (spr.)</xBx>
          </xText>
          <xText>
            <xBx>Protokolant: st. sekr. sąd. – Małgorzata Reingruber </xBx>
          </xText>
          
          <xText>
            <xBx>przy udziale prokuratora Gabrieli Marczyńskiej – Tomali </xBx>
          </xText>
          <xText>
            <xBx>po rozpoznaniu w dniu 17 lutego 2014 r.</xBx>
          </xText>
          <xText>
            <xBx>sprawy: </xBx>
          </xText>
          <xText>
            <xBx>
              <xAnon>P. N.</xAnon>
            </xBx>
          </xText>
          <xText>
            <xBx>oskarżonego z art. 18§3 k.k. w zw. z art. 280§2 k.k. w zb. z art. 263§2 k.k. w zw. z art. 11§2 k.k. w zw. z art. 65§1 k.k. </xBx>
          </xText>
          <xText>
            <xBx>na skutek apelacji wniesionych przez obrońcę oskarżonego i prokuratora </xBx>
          </xText>
          <xText>
            <xBx>od wyroku Sądu Okręgowego w Warszawie</xBx>
          </xText>
          <xText>
            <xBx>z dnia 10 października 2013 roku., sygn. akt XII K 117/12</xBx>
          </xText>
          
          <xUnit xType="none" xIsTitle="false">
            <xName xSffx=".">I</xName>
            <xText>
              <xBx>Uchyla zaskarżony wyrok wobec oskarżonego <xAnon>P. N.</xAnon> i sprawę przekazuje Sądowi Okręgowemu w Warszawie do ponownego rozpoznania. </xBx>
            </xText>
          </xUnit>
        </xUnit>
        <xUnit xType="part" xBold="true" xIsTitle="true">
          <xName>UZASADNIENIE</xName>
          <xText>
            <xBx><xAnon>P. N.</xAnon> został oskarżony o to, że: </xBx>
          </xText>
          <xUnit xType="none" xIsTitle="false">
            <xName xSffx=".">I</xName>
            <xText>w bliżej nieustalonej dacie w kwietniu 2005 r. lecz nie później niż 21 kwietnia 2005 r. w <xAnon>W.</xAnon> przy <xAnon>ul. (...)</xAnon> działając w zamiarze aby <xAnon>W. K. (1)</xAnon>, <xAnon>K. J. (1)</xAnon>, <xAnon>A. R. (1)</xAnon>, <xAnon>R. J. (1)</xAnon>, <xAnon>R. W. (1)</xAnon>, <xAnon>M. K. (1)</xAnon>, <xAnon>S. D. (1)</xAnon> dokonali napadu rabunkowego na nieustalone osoby narodowości <xAnon>(...)</xAnon> dokonujące wypłat pieniędzy z konta <xAnon> firmy (...) Sp. z o.o.</xAnon>, udzielił pomocy poprzez wydanie <xAnon>M. S. (1)</xAnon> polecenia przekazania <xAnon>W. K. (1)</xAnon> broni palnej w postaci pistoletu maszynowego <xAnon> (...)</xAnon><xAnon>serii (...)</xAnon> nr <xAnon> (...)</xAnon> wraz z amunicją oraz <xAnon>R. J. (1)</xAnon> poprzez wydanie samochodu osobowego marki <xAnon>M.</xAnon> o <xAnon>numerze rejestracyjnym (...)</xAnon>, które miały posłużyć do dokonania przestępstwa, przy czym zarzucanego czynu dopuścił się działając w zorganizowanej grupie przestępczej, tj. popełnienia przestępstwa z art. 18§3 k.k. w zw. z art. 280§2 k.k. w zw. z art. 65§1 k.k.</xText>
          </xUnit>
          <xUnit xType="none" xIsTitle="false">
            <xName xSffx=".">II</xName>
            <xText>w bliżej nieustalonej dacie lecz nie później niż do dnia 21 kwietnia 2005 r. w <xAnon>W.</xAnon> posiadał bez wymaganego zezwolenia broń palną w postaci pistoletu maszynowego <xAnon> (...)</xAnon><xAnon>serii (...)</xAnon> nr <xAnon> (...)</xAnon> wraz z amunicją, przy czym dopuścił się działając w zorganizowanej grupie przestępczej, tj. popełnienia przestępstwa z art. 263§2 k.k. w zw. z art. 65§1 k.k.</xText>
          </xUnit>
          
          <xText><xBx>Sąd Okręgowy w Warszawie wyrokiem z dnia 10 października 2013 r. w sprawie sygn. akt XII K 117/12 </xBx>w ramach czynów zarzuconych oskarżonemu <xAnon>P. N.</xAnon> w pkt I i II uznał oskarżonego za winnego tego, że w bliżej nieustalonej dacie lecz nie później niż do dnia 21 kwietnia 2005 r. w <xAnon>W.</xAnon> posiadał bez wymaganego zezwolenia broń palną w postaci pistoletu maszynowego <xAnon> (...)</xAnon><xAnon>serii (...)</xAnon> nr <xAnon> (...)</xAnon> wraz z amunicją, przy czym dopuścił się działając w zorganizowanej grupie przestępczej, tj. popełnienia czynu z art. 263§2 k.k. w zw. z art. 65§1 k.k. i za to z mocy art. 263§2 k.k. w zw. z art. 65§1 k.k. skazał go i wymierzył mu karę 1 (jednego) roku i 6 (sześciu) miesięcy pozbawienia wolności; na podstawie art. 63§1 k.k. na poczet orzeczonej kary pozbawienia wolności zaliczył oskarżonemu <xAnon>P. N.</xAnon> okres tymczasowego aresztowania w sprawie od dnia 22 kwietnia 2005 r. do 3 października 2005 r.; zwolnił oskarżonego od kosztów sądowych, które przejął na rachunek Skarbu Państwa.</xText>
          
          <xText>
            <xBx>Apelacje od niniejszego wyroku wywiedli prokurator oraz obrońca oskarżonego. </xBx>
          </xText>
          <xText><xBx>Prokurator</xBx> zaskarżył wyrok na podstawie art. 425§1 i 2 k.p.k. i art. 427§1 i 2 k.p.k. oraz art. 444 k.p.k. w całości na niekorzyść oskarżonego w zakresie dotyczącym orzeczenia o winie. Powołując się na treść art. 438 pkt 3 k.p.k. oraz art. 427 k.p.k. wyrokowi zarzucił błąd w ustaleniach faktycznych, który miał wpływ na treść zapadłego orzeczenia polegający na błędnym bo dowolnym przyjęciu, iż zebrany w sprawie materiał dowodowy w postaci przede wszystkim zeznań świadków <xAnon>M. S. (1)</xAnon>, <xAnon>M. K. (1)</xAnon> i <xAnon>W. K. (1)</xAnon> w zestawieniu z pozostałym materiałem dowodowym w postaci zeznań innych świadków nie daje podstaw do uznania sprawstwa i winy oskarżonego <xAnon>P. N.</xAnon> w zakresie zarzucanego czynu kwalifikowanego jako pomocnictwo do rozboju określonego w art. 18§3 k.k. w zw. z art. 280§2 k.k. w zb. z art. 263§2 k.k. w zw. z art. 11§2 k.k. i w zw. z art. 65§1 k.k. poprzez błędne przyjęcie, że zachowanie <xAnon>P. N.</xAnon> stanowiło współsprawstwo do rozboju, które należy zakwalifikować jako przygotowanie do popełnienia przestępstwa określonego w art. 280§2 k.k., a tym samym wobec niekaralności stadialnej formy przygotowania do rozboju skazanie go jedynie za nielegalne posiadanie broni palnej w sytuacji, gdy prawidłowa ocena całokształtu zgromadzonego w sprawie materiału dowodowego w tym przede wszystkim zeznań świadka <xAnon>M. S. (1)</xAnon> i <xAnon>M. K. (2)</xAnon> oraz <xAnon>W. K. (1)</xAnon> prowadzi do wniosku, iż oskarżony powinien być uznany winnym czynu określonego w art. 18§3 k.k. w zw. z art. 280§2 k.k. w zb. z art. 263§2 k.k. w zw. z art. 11§2 k.k. i w zw. z art. 65§1 k.k.</xText>
          <xText>Podnosząc powyższe zarzuty na podstawie art. 437 i art. 454§1 k.p.k. Prokurator wniósł o uchylenie orzeczenia i przekazanie sprawy do ponownego rozpoznania.</xText>
          <xText><xBx>Obrońca oskarżonego</xBx> zaskarżając wyrok w całości na korzyść oskarżonego w oparciu o przepis art. 438 pkt 2 i 3 k.p.k. wyrokowi zarzucił:</xText>
          <xText>- obrazę przepisów postępowania, a mianowicie art. 443 k.p.k. poprzez niesłuszne uznanie, że uniewinnienie oskarżonego za czyn opisany w pkt I przy uznaniu przez Sąd, że jest to niekaralna forma przygotowania do przestępstwa z art. 280 §2 k.k. jest naruszeniem zakazu reformationis in peius, w sytuacji gdy Sąd w istocie skazuje go za czyn opisany w pkt 3 aktu oskarżenia pozbawiając oskarżonego w ten sposób prawa do uzyskania wyroku uniewinniającego za czyn podstawowy, tj. czyn uznany przez Sąd za przygotowanie do napadu rabunkowego;</xText>
          <xText>- błąd w ustaleniach faktycznych przyjętych za podstawę orzeczenia, polegający na ustaleniu przez Sąd, że <xAnon>P. N.</xAnon> był członkiem grupy przestępczej i był dysponentem broni, w sytuacji gdy proces o przynależność do grupy przestępczej i posiadanie broni jest w toku (sprawa zawisła przed Sądem Okręgowym w Warszawie, sygn. akt XVIII K 178/09) i obejmuje ono zarzut posiadania m.in. broni objętej niniejszym postępowaniem, a rozstrzygnięcie w sprawie XVIII K 178/09 będzie miało istotny wpływ na losy tego postępowania, w szczególności że w sprawie niniejszej przypisano oskarżonemu posiadanie broni w bliżej nieustalonej dacie lecz nie później niż do dnia 21 kwietnia 2005 r. w <xAnon>W.</xAnon>, natomiast w sprawie XVIII K 178/09 okres posiadania broni jest 9-miesięczny, obejmujący również kwiecień 2005 r., co w konsekwencji powoduje, że wydanie orzeczenia w niniejszej sprawie stanowi prejudykat do wydania rozstrzygnięcia w sprawie XVIII K 178/09, a nadto w przypadku wydania wyroku skazującego w postępowaniu XVIII K 178/09, postępowanie w niniejszej sprawie winno być umorzone.</xText>
          <xText>Wskazując na powyższe w konkluzji skarżący obrońca wniósł o uniewinnienie oskarżonego za czyn wskazany w pkt I aktu oskarżenia przyjmując zgodnie ze stanowiskiem Sądu, iż było to niekaralne przygotowanie do napadu rabunkowego; nadto w zakresie przypisanego oskarżonemu przestępstwa z art. 263 k.k. w zw. z art. 65 k.k. obrońca oskarżonego wniósł o zawieszenie postępowania odwoławczego do czasu wydania rozstrzygnięcia w sprawie XVIII K 178/09.</xText>
          
          <xText>
            <xBx>Sąd Apelacyjny zważył co następuje: </xBx>
          </xText>
          <xText>
            <xBx>Zarzuty zawarte w apelacji prokuratora są trafne, a apelacja w zasadniczej części zasadna,  w konsekwencji czego zaszła konieczność uchylenia wyroku i przekazania sprawy do ponownego rozpoznania. Również częściowo jako zasadną należy uznać apelację obrońcy oskarżonego. Niemniej w pierwszej kolejności Sąd Apelacyjny odniesie się do apelacji prokuratora, bo to głównie zarzuty tejże skargi odwoławczej legły u podstaw wydanego w sprawie orzeczenia. </xBx>
          </xText>
          <xText>W sprawie niniejszej lektura zarówno zarzutu apelacji prokuratora, jak i jej uzasadnienia uprawnia do konstatacji, że skarżący w ramach stawianego zarzutu podważa zasadność ocen i wniosków wyprowadzonych przez Sąd orzekający a zawartych w uzasadnieniu zaskarżonego wyroku – czyli dokonanych z naruszeniem art. 7 kpk – co w konsekwencji doprowadziło do błędu w ustaleniach faktycznych przyjętych za podstawę zaskarżonego wyroku mającego wpływ na jego treść.</xText>
          <xText>Dokonana przez Sąd Apelacyjny kontrola instancyjna zakwestionowanego orzeczenia potwierdza istnienie podniesionego uchybienia. Przekonanie Sądu o wiarygodności jednych dowodów i niewiarygodności innych pozostaje pod ochroną przepisu art. 7 k.p.k. tylko wówczas jeśli: jest poprzedzone ujawnieniem w toku rozprawy głównej całokształtu okoliczności sprawy; stanowi wyraz rozważenia wszystkich okoliczności przemawiających zarówno na korzyść, jak i na niekorzyść oskarżonego; jest zgodne ze wskazaniami wiedzy i doświadczenia życiowego; a nadto zostało wyczerpująco i logicznie uargumentowane w uzasadnieniu wyroku (tak np. Sąd Najwyższy w postanowieniu z dnia 13.10.2010 roku w sprawie IVKK 248/10, OSNwSK 2010/1/1940).</xText>
          <xText>W kontekście powyższych przytoczonych uwarunkowań stwierdzić należy, że ma rację skarżący prokurator, iż wymienionym zadaniom Sąd meriti nie sprostał.</xText>
          <xText>W sprawie niniejszej w pierwszym rzędzie podkreślić należy, że zgodnie z treścią art. 442§3 k.p.k. Sąd, któremu przekazano sprawę do ponownego rozpoznania, orzekając w granicach, w jakich nastąpiło przekazanie jest związany zapatrywaniami prawnymi i wskazaniami sądu odwoławczego co do dalszego postępowania. Niemniej Sąd Odwoławczy może jedynie zobowiązać Sąd pierwszej instancji do wyjaśnienia określonych kwestii i stosownej interpretacji przepisów prawa, ale nigdy nie jest władny zalecić mu dokonania konkretnych ustaleń faktycznych (vide przykładowo: Postanowienie Sądu Najwyższego z dnia 2 lutego 2009 r., II KK 224/08, Wyrok Sądu Apelacyjnego w Lublinie z dnia 14 maja 2013 r., II AKa 7/13). Podkreślenia wymaga, że przy ponownym rozpoznaniu sprawy zawsze kwestia odpowiedzialności karnej oskarżonego rozstrzygana jest od początku. Jeżeli więc wyrok ulega uchyleniu, to Sąd I instancji obowiązany jest do kompleksowej, bezstronnej oceny zgromadzonego materiału dowodowego i wynikających z niego okoliczności.</xText>
          <xText>Tak patrząc na zalecenia sformułowane w niniejszej sprawie w wyroku Sądu Apelacyjnego w Warszawie z dnia 21 listopada 2011 r. w sprawie sygn. akt II Aka 225/11 stwierdzić należy, żeby dokonać prawidłowej oceny prawnej zachowania oskarżonego <xAnon>P. N.</xAnon> – w tym przede wszystkim prawidłowo ocenić czy zachowanie oskarżonego wyczerpywało niesprawczą postać współdziałania w postaci pomocnictwa, współsprawstwa w rozumieniu istotnego przyczynienia do realizacji znamion współdziałających, ewentualnie niewykonawczych postaci sprawstwa – sprawstwa kierowniczego ewentualnie polecającego – wpierw należało rzetelnie odnieść się do materiału dowodowego czyniąc ustalenia stanu faktycznego zgodnie z normą art. 7 k.p.k.</xText>
          <xText>Jest bezsporne w sprawie, że kluczowym dla czynienia ustaleń faktycznych oraz w efekcie do odpowiedzi czy i jaką odpowiedzialność karną oskarżony <xAnon>P. N.</xAnon> ponosi jest ocena całokształtu materiału dowodowego – w tym w szczególności ocena zeznań świadków <xAnon>M. S. (1)</xAnon>, <xAnon>M. K. (1)</xAnon> oraz <xAnon>W. K. (1)</xAnon>, których depozycje są najbardziej szczegółowe. Dla powyższego niezbędna jest zatem dogłębna ocena tych zeznań w zestawieniu z wszystkimi innymi dowodami jakimi Sąd Okręgowy dysponował w sprawie.</xText>
          <xText>Kontrola instancyjna wykazała, że ustalenia Sądu I instancji dokonane w sprawie niniejszej wskazują, iż Sąd ten wybiórczo potraktował materiał dowodowy, co w efekcie doprowadziło do dowolności ocen wywiedzionych w sprawie.</xText>
          <xText>Ma rację skarżący prokurator, że dokonując analizy materiału dowodowego Sąd meriti w sposób całkowicie dowolny ustalił, iż to oskarżony dopracowywał szczegóły napadu i podzielił poszczególne role pomiędzy uczestników planowanego napadu (vide str.4, 23, 27, 28 uzasadnienia). Trafnie również podniósł prokurator, że Sąd I instancji nie wskazał na czym owo sprecyzowanie planu rozboju miało polegać. Również celne jest zarzucenie przez prokuratora dowolności w ocenie tego Sądu, iż oskarżony <xAnon>P. N.</xAnon> w czasie dokonywania napadu „spajał akcję i nad nią czuwał” (vide str.23 uzasadnienia). Zgodzić także należy się z zarzutem wskazanym przez prokuratora, że powyższe dowolne ustalenia i oceny zachowania oskarżonego <xAnon>P. N.</xAnon> – przez przyjęcie dopracowywania przez niego szczegółów zdarzenia, gromadzenia sprzętu, wydania dyspozycji, a nadto podziału skradzionych ewentualnie pieniędzy - doprowadziły Sąd meriti do błędnego (bo pomijającego prawidłową ocenę dowodów) wniosku końcowego wniosku odnośnie wniesienia przez oskarżonego <xAnon>P. N.</xAnon> istotnego wkładu do realizacji czynu z art. 280§2 k.k. (vide str. 28 uzasadnienia).</xText>
          <xText>Tymczasem by dokonać prawidłowej oceny wpierw należałoby ustalić, że w toku spotkań o jakich zeznali świadkowie <xAnon>M. S.</xAnon>, <xAnon>W. K.</xAnon>, <xAnon>M. K.</xAnon> oraz częściowo <xAnon>R. J.</xAnon> istotnie doszło do „sprecyzowania” planu napadu przez oskarżonego – a w tym również „spajania” przez niego akcji i na czym powyższe polegało. Dodatkowo prawidłowo zarzucił prokurator, że powyższa ocena Sądu I instancji nie jest poprzedzona ustaleniami czy rzeczywiście oskarżony w czasie zdarzenia wydawał jakiekolwiek polecenia i komu, czy chociażby było takie założenie.</xText>
          <xText>Zauważyć przy tym należy, że przy ocenie zeznań świadków <xAnon>M. S.</xAnon>, <xAnon>W. K.</xAnon>, <xAnon>M. K.</xAnon>, a w konsekwencji przy czynieniu ustaleń, całkowicie uwadze Sądu I instancji umknęły ich zgodne w wymowie zeznania z etapu postępowania przygotowawczego i potwierdzone po ich ujawnieniu na rozprawie, że <xAnon>R. J.</xAnon> który był pomysłodawcą napadu zwrócił się <xUx>o pomoc</xUx> do oskarżonego <xAnon>P. N.</xAnon> i o dostarczenie przez niego głównie broni i samochodu. Również Sąd I instancji nie zwrócił uwagi, że z zeznań tych świadków złożonych na etapie postępowania przygotowawczego wynika jedynie, iż na spotkaniach oskarżonego <xAnon>P. N.</xAnon> z <xAnon>R. J.</xAnon> prócz informacji o wcześniejszych próbach napadów na <xAnon>W.</xAnon>, o planowanym kolejnym napadzie przez <xAnon>R. J.</xAnon> oraz o wysokości oczekiwanych zysków – nie ma w nich żadnych szczegółów dotyczących zaangażowania oskarżonego w innej formie, niż wydanie zgody na oddelegowanie <xAnon>W. K.</xAnon> do udziału w przestępstwie, wydanie zgody na użycie samochodu do stłuczki oraz broni z magazynu, którym oskarżony miał w tym czasie zarządzać, a nadto ustaleniu kwoty jaka za powyższe miała być przekazana oskarżonemu po przestępstwie. Sąd I instancji nie zwrócił przy dokonanej w sprawie ocenie zachowania oskarżonego również na ten aspekt, że dla oskarżonego i świadka <xAnon>S.</xAnon> była ustalona zupełnie inna „działka” - o połowę niższa niż dla bezpośrednich sprawców napadu - wynikająca z podziału łupu. Powyższa okoliczność dodatkowo winna wzmóc staranność Sądu I instancji przy dokonywaniu ocen zachowania oskarżonego co do jego odpowiedzialności w ramach współsprawstwa ewentualnie w ramach formy stadialnej przewidzianej w art. 18§3 k.k. skoro ustalona wysokość gratyfikacji odbiegała od tej jakiej mogli spodziewać się sprawcy przestępstwa z art. 280§2 k.k.</xText>
          <xText>Dodatkowo w pełni podzielić należy także argumentację zaprezentowaną w apelacji prokuratora, że wnioskowanie Sądu odnośnie istotnego wkładu w planowanie i jego wpływ na przebieg zarzuconego mu aktem oskarżenia przestępczego przedsięwzięcia dotknięte jest dowolnością, bowiem jest wynikiem przyjęcia za pewne subiektywnych ocen świadków <xAnon>W. K.</xAnon> i M. <xAnon>S.</xAnon> wynikających z treści ich zeznań złożonych podczas przesłuchania na rozprawie. Mając na względzie, że postawa oskarżonego <xAnon>P. N.</xAnon>, który w toku całego postępowania nie przyznając się do winy skorzystał z prawa do odmowy składania wyjaśnień niewątpliwie stanowiła utrudnienie dla Sądu meriti dla prawidłowego rozstrzygnięcia czy oskarżony działał "animo auctoris" (czyli wspólnie z innym realizował zespół znamion i uważał czyn za własne przedsięwzięcie – w tym w formach niesprawczych), czy też działając "animo socii" tylko zamierzał ułatwić innym popełnienie czynu zabronionego, uważając jednak ten czyn za cudze przedsięwzięcie, to jednak nie zwalniało Sądu orzekającego od dokonania wszechstronnej oceny dowodów zgodnie z art. 7 kpk.</xText>
          <xText>Również w tym zakresie by wyciągnąć prawidłowe wnioski Sąd I instancji winien nie tylko szczegółowo zestawić przede wszystkim treść zeznań złożonych przez wymienionych świadków na wcześniejszym etapie postępowania z tymi jakie złożyli na rozprawie, ale następnie samodzielnie ustalić i ocenić zachowanie oskarżonego <xAnon>P. N.</xAnon> pod względem prawnym. Zwracając przy tym uwagę nie tylko na znaczący upływ czasu od zdarzenia do chwili, gdy wymienieni świadkowie przedstawili swoje „opinie” w sprawie – przede wszystkim Sąd meriti winien rozważyć czy „oceny” o tej samej wymowie znalazły się w ich wcześniejszych relacjach, czy też dopiero na obecnym etapie postępowania – a jeśli tak to jaki czynnik wpłynął na zmianę ich zeznań. Sąd Okręgowy przy niniejszej ocenie winien nie stracić z pola widzenia i tej okoliczności, że w stosunku do <xAnon>M. K.</xAnon>, <xAnon>W. K.</xAnon>, <xAnon>S. D.</xAnon>, <xAnon>R. W.</xAnon>, <xAnon>A. R.</xAnon> i <xAnon>K. J.</xAnon> postępowanie karne zostało już prawomocnie zakończone umorzeniem postępowania karnego wobec uznania przez prokuratora, iż istnieje negatywna przesłanka do jego prowadzenia z uwagi na niekaralność przygotowania do popełnienia przestępstwa z art. 280§2 k.k. (vide k. 937-941, 947 -951, 952-956, 957-961, 962-966, 967- 976), a także że doszło do prawomocnego umorzenia postępowania karnego przeciwko <xAnon>R. J.</xAnon> o kierowanie tą grupą osób (k.942-946); dodatkowo zaś, że wobec <xAnon>R. J.</xAnon> w sprawie sygn. akt VIII K 120/08 za czyn z art. 18§2 k.k. w zw. z art. 280§2 k.k. w zw. z art. 12 k.k. zapadł prawomocny wyrok skazujący. Umknęło w rozważaniach Sądowi I instancji to, że bezspornie materiał dowodowy zgromadzony w niniejszej sprawie uprawnia do stanowiska, iż skazany prawomocnie <xAnon>R. J. (1)</xAnon>, który zaplanował napad i podejmował działania zmierzające do przygotowania napadu zwracając się do oskarżonego na pewnym etapie realizacji tychże planów o konkretne zaplecze logistyczne – nie był dla oskarżonego <xAnon>P. N.</xAnon> osobą przypadkową. Również oskarżonego <xAnon>P. N.</xAnon> niewątpliwie łączyły i łączą szczególne powiązania z <xAnon>W. K.</xAnon>, <xAnon>M. K.</xAnon> oraz <xAnon>M. S.</xAnon> - o czym świadczą nie tylko zeznania świadków, ale także toczące się postępowania karne. Nakłada powyższe na Sąd obowiązek szczególnie starannego przeanalizowania w jakim zakresie depozycje wymienionych świadków są stanowcze i niezmienne, a w szczególności czy uprawniają do czynienia ustaleń w zakresie innego uczestniczenia przez oskarżonego w inkryminowanym zdarzeniu, niż w formie stadialnej z art. 18§3 k.k. przestępstwa z art. 280§2 k.k.</xText>
          <xText>
            <xBx>Odnosząc się do argumentów zawartych w apelacji obrońcy są one częściowo zasadne. </xBx>
          </xText>
          <xText>Sąd I instancji przypisując oskarżonemu działanie w zorganizowanej grupie przestępczej w ramach art. 65§1 k.k. poprzestał właściwie na stwierdzeniu, że przypisany oskarżonemu czyn z art. 263§2 k.k. został popełniony w ramach zorganizowanej grupy przestępczej tj. tzw. grupy ożarowskiej. Co prawda jak podnosi obrońca oskarżonego co do <xAnon>P. N.</xAnon> dotychczas nie zakończyło się postępowanie w sprawie sygn. akt XVIII K 178/09 o przynależność do grupy przestępczej i w sprawie tej oskarżonemu stawiany jest również zarzut posiadania m.in. broni objętej niniejszym postępowaniem – to nie ta okoliczność w sprawie jest wiodąca.</xText>
          <xText>Biorąc pod uwagę realia niniejszej sprawy jako powierzchowną uznać należy ocenę Sądu I instancji, że popełnione przestępstwo było w ramach struktur grupy. Należało bowiem również rozważyć czy działanie oskarżonego nie ograniczyło się do jednorazowego porozumienia (i w jakim zakresie) ustalonych sprawców poza tymi strukturami. Obostrzenia przewidziane w art. 65§1 k.k. dotyczą bowiem niewątpliwe jedynie uczestników przestępczości zorganizowanej za każde przestępstwo popełnione <xUx>w ramach jej struktur</xUx>, tj. w związku lub zorganizowanej grupie przestępczej (por. wyrok SA w Krakowie z dnia 7 grudnia 2000 r., II AKa 184/00, KZS 2001, z. 1, poz. 26).</xText>
          <xText>
            <xBx>Równocześnie nie zasługują na uwzględnienie pozostałe zarzuty podniesione w apelacji obrońcy. </xBx>
          </xText>
          <xText>Sąd Apelacyjny w niniejszym składzie wyraża pogląd, iż przypisanie oskarżonemu <xAnon>P. N.</xAnon> w toku poprzedniego procedowania przez Sąd Okręgowy w miejsce przestępstw zarzuconych w pkt I i II aktu oskarżenia jednego czynu z art. 18§3 k.k. w zw. z art. 280§2 k.k. w zb. z art. 263§2 k.k. w zw. z art. 11§2 k.k. i w zw. z art. 65§1 k.k. aczkolwiek budzi kontrowersje prawne – to wobec niezaskarżenia wymienionego wyroku przez prokuratora – na obecnym etapie postępowania właśnie to uchylone orzeczenie wyznacza ramy postępowania zgodnie z treścią art. 434 § 1 k.p.k. i art. 443 k.p.k.</xText>
          <xText>W tym zakresie jako chybione uznać należy argumenty zawarte w apelacji obrońcy oskarżonego <xAnon>P. N.</xAnon>, jak również sygnalizowane w uzasadnieniu apelacji prokuratora, jakoby doszło do naruszenia zakazu reformationis in peius.</xText>
          <xText>Sąd Apelacyjny podziela utrwalone w judykaturze zapatrywanie, że ocena, czy konkretne rozstrzygnięcie zapadło na korzyść lub na niekorzyść oskarżonego, powinno być dokonywane na podstawie wieloaspektowej, rzetelnej analizy wszystkich realnych korzyści i dolegliwości łączących się ze zmianą sytuacji oskarżonego (zob. wyrok SN z 3 kwietnia 1996 r., II KKN 2/96, OSNKW 1996, z. 7-8, poz. 42, Postanowienie Sądu Najwyższego z dnia 9 lutego 2011 r., II KK 231/10). Jak to wyrażał niejednokrotnie Sąd Najwyższy „niewątpliwie zakaz reformationis in peius, a więc instytucja gwarancyjna, rozciąga się zarówno na ustalenia faktyczne, przyjętą kwalifikację prawną oraz w dalszej kolejności na rodzaj orzeczonej kary i jej wymiar, ale także inne istotne dla skazanego kwestie, jak dolegliwość orzeczonych kar dla skazanego czy też możliwość zatarcia skazania”. Tym samym dokonując oceny czy wydany w sprawie wyrok z dnia 10 października 2013 roku stanowił dla oskarżonego "orzeczenie surowsze" od wyroku wydanego w dniu 18 kwietnia 2011 r. musi zatem wynikać z procesu całościowego porównania obu orzeczeń i ich konsekwencji wobec oskarżonego. Stosując taki mechanizm oceny zaskarżonego wyroku, w kontekście postawionego zarzutu naruszenia zakazu reformationis in peius, zauważyć należy, że w sposób ewidentny uległa pogorszeniu sytuacja oskarżonego w zakresie ustaleń faktycznych, które przełożyły się na kwalifikację prawną czynu. Niewątpliwie bowiem tak ocenić należy ustalenie działania oskarżonego w ramach czynu z art. 280§2 kk , w sytuacji gdy w poprzednim wyroku z dnia18 kwietnia 2011 r. czyn ten zakwalifikowany został jako art. 18§3 kk w zw. z art. 280§2 kk.</xText>
          <xText>Wspomniany wyżej zakaz obejmuje bowiem również zastąpienie jednej z przyjętych form stadialnych działania sprawcy, przez inną formę , a więc pomocnictwa z art. 18§3 k.k. na sprawstwo.</xText>
          <xText>W tym aspekcie zarzut apelacji byłby zatem trafny, ale - jak już wyżej podniesiono - kwestia kwalifikacji prawnej czynu nie przesądza jeszcze oceny trafności zarzutu obrazy art. 443 k.p.k., a więc globalnego pogorszenia sytuacji skazanego w zestawieniu z poprzednio wydanym wyrokiem. Zauważyć należy, że w obecnie zaskarżonym wyroku Sąd ustalił, że oskarżony dopuścił się jedynie niekaralnej formy przygotowania do przestępstwa z art. 280§2 k.k.</xText>
          <xText>Nie można jednak zgodzić się z zarzutem obrońcy, że brak uniewinnienia oskarżonego za czyn z pkt I przy uznaniu przez Sąd jest naruszeniem zakazu reformationis in peius – skoro w uchylonym poprzednio wyroku oskarżonemu przypisano jeden czyn z art. 18§3 k.k. w zw. z art. 280§2 k.k. w zb. z art. 263§2 k.k. w zw. z art. 11§2 k.k. i w zw. z art. 65§1 k.k. to na obecnym etapie postępowania właśnie procedowanie co do dwóch czynów zamiast co do jednego ewidentnie pogarszałoby sytuacje oskarżonego.</xText>
          <xText>
            <xBx>Mając na względzie stwierdzone uchybienia Sąd Apelacyjny uchylił zaskarżony wyrok i sprawę przekazał Sądowi I instancji do ponownego rozpoznania. </xBx>
          </xText>
          <xText>W toku ponownego rozpoznania sprawy Sąd pierwszej instancji przeprowadzając postępowanie dowodowe w sposób wnikliwy i staranny winien dążyć do wyjaśnienia występujących rozbieżności w zeznaniach świadków <xAnon>M. K.</xAnon>, <xAnon>M. S.</xAnon> i <xAnon>W. K.</xAnon> oraz wskazania ich przyczyny. Sąd Okręgowy uwzględni w zgodzie z ujawnionym materiałem dowodowym okoliczności przemawiające zarówno na korzyść, jak i na niekorzyść oskarżonego. W szczególności wnikliwie ustali i oceni okoliczności mające znaczenie dla przypisania oskarżonemu działania w ramach art. 65§1 k.k.</xText>
          <xText>Tym samym wszystkie dowody należy poddać wnikliwej ocenie zgodnie z zasadami wynikającymi z treści art. 7 kpk oraz ustalić wzajemną między nimi relację. Dopiero tak ocenione i uznane za wiarygodne dowody winny być podstawą prawidłowych ustaleń faktycznych w sprawie oraz oceny prawno karnej zachowania się oskarżonych. Wszelkie rozważania Sądu I instancji winny być należycie uargumentowane w uzasadnieniu wyroku w sposób umożliwiający dokonanie kontroli instancyjnej rozstrzygnięcia – zgodnie z wymogami określonymi w art. 424 kpk.</xText>
          <xText>Przy ponownym rozpoznaniu sprawy Sąd I instancji nie straci z pola widzenia, że zarówno przepis art. 434 § 1 k.p.k., jak też art. 443 k.p.k. ograniczają swobodę jurysdykcyjną co przejawia się zakazem wydania orzeczenia surowszego niż uchylone, jeżeli nie było ono zaskarżone na niekorzyść oskarżonego.</xText>
          <xText>
            <xBx>Mając powyższe na uwadze, na podstawie art. 437 § 1 k.p.k., Sąd Apelacyjny orzekł, jak na wstępie. </xBx>
          </xText>
        </xUnit>
      </xBlock>
    </xPart>
  </judgement>
<judgement id="150505000004006_VIII_Ka_000646_2013_Uz_2014-02-18_002">
    <xPart xEditorFullName="Ewa Fiedorczuk" xYear="2013" xLang="PL" xPublisherFullName="Iwona Sacharewicz" xFromPg="1" xEditor="ewafie" xVolType="15/050500/0004006/Ka" xPublisher="iwosac" xDocType="Uz" xVolNmbr="000646" xVersion="1.0" xToPage="25" xFlag="published">
      <xName>Wyrok+Uzasadnienie</xName>
      <xBlock>
        <xText>Sygn. akt VIII Ka 646/13</xText>
        <xUnit xIsTitle="true" xType="part" xBold="true">
          <xName>WYROK</xName>
          <xTitle>W IMIENIU RZECZYPOSPOLITEJ POLSKIEJ</xTitle>
          <xText>Dnia 18 lutego 2014 r.</xText>
          <xText>Sąd Okręgowy w Białymstoku VIII Wydział Karny Odwoławczy w składzie:</xText>
          <xText>Przewodniczący- Sędzia SO Marzanna Chojnowska</xText>
          <xText>Sędziowie: SO Krzysztof Kamiński – spr.</xText>
          <xText>SO Wiesław Oksiuta</xText>
          <xText>Protokolant Aneta Chardziejko</xText>
          <xText>w obecności prokuratora Marka Żendziana, po rozpoznaniu w dniu 11.02.2014 r. sprawy:</xText>
          <xText>1. <xAnon>R. J.</xAnon> oskarżonego o czyny z <xLexLink xArt="art. 159" xIsapId="WDU19970880553" xTitle="Ustawa z dnia 6 czerwca 1997 r. - Kodeks karny" xAddress="Dz. U. z 1997 r. Nr 88, poz. 553">art. 159 k.k.</xLexLink> w zw. z <xLexLink xArt="art. 57 a;art. 57 a § 1" xIsapId="WDU19970880553" xTitle="Ustawa z dnia 6 czerwca 1997 r. - Kodeks karny" xAddress="Dz. U. z 1997 r. Nr 88, poz. 553">art. 57a§1 k.k.</xLexLink>, <xLexLink xArt="art. 288;art. 288 § 1" xIsapId="WDU19970880553" xTitle="Ustawa z dnia 6 czerwca 1997 r. - Kodeks karny" xAddress="Dz. U. z 1997 r. Nr 88, poz. 553">art. 288§1 k.k.</xLexLink> w zw. z <xLexLink xArt="art. 57 a;art. 57 a § 1" xIsapId="WDU19970880553" xTitle="Ustawa z dnia 6 czerwca 1997 r. - Kodeks karny" xAddress="Dz. U. z 1997 r. Nr 88, poz. 553">art. 57a§1 k.k.</xLexLink> w zb. z <xLexLink xArt="art. 160;art. 160 § 1" xIsapId="WDU19970880553" xTitle="Ustawa z dnia 6 czerwca 1997 r. - Kodeks karny" xAddress="Dz. U. z 1997 r. Nr 88, poz. 553">art. 160§1 k.k.</xLexLink>, z <xLexLink xArt="art. 158;art. 158 § 1" xIsapId="WDU19970880553" xTitle="Ustawa z dnia 6 czerwca 1997 r. - Kodeks karny" xAddress="Dz. U. z 1997 r. Nr 88, poz. 553">art. 158§1 k.k.</xLexLink> w zw. z <xLexLink xArt="art. 57 a;art. 57 a § 1" xIsapId="WDU19970880553" xTitle="Ustawa z dnia 6 czerwca 1997 r. - Kodeks karny" xAddress="Dz. U. z 1997 r. Nr 88, poz. 553">art. 57a§1 k.k.</xLexLink> oraz z <xLexLink xArt="art. 157;art. 157 § 2" xIsapId="WDU19970880553" xTitle="Ustawa z dnia 6 czerwca 1997 r. - Kodeks karny" xAddress="Dz. U. z 1997 r. Nr 88, poz. 553">art. 157§2 k.k.</xLexLink> w zw. z <xLexLink xArt="art. 57 a;art. 57 a § 1" xIsapId="WDU19970880553" xTitle="Ustawa z dnia 6 czerwca 1997 r. - Kodeks karny" xAddress="Dz. U. z 1997 r. Nr 88, poz. 553">art. 57a§1 k.k.</xLexLink>;</xText>
          <xText>2. <xAnon>K. P. (1)</xAnon> oskarżonego o czyn z <xLexLink xArt="art. 18;art. 18 § 3" xIsapId="WDU19970880553" xTitle="Ustawa z dnia 6 czerwca 1997 r. - Kodeks karny" xAddress="Dz. U. z 1997 r. Nr 88, poz. 553">art. 18§3 k.k.</xLexLink> w zw. z <xLexLink xArt="art. 158;art. 158 § 1" xIsapId="WDU19970880553" xTitle="Ustawa z dnia 6 czerwca 1997 r. - Kodeks karny" xAddress="Dz. U. z 1997 r. Nr 88, poz. 553">art. 158§1 k.k.</xLexLink>;</xText>
          <xText>3. <xAnon>J. Ł.</xAnon> oskarżonego o czyny z <xLexLink xArt="art. 158;art. 158 § 1" xIsapId="WDU19970880553" xTitle="Ustawa z dnia 6 czerwca 1997 r. - Kodeks karny" xAddress="Dz. U. z 1997 r. Nr 88, poz. 553">art. 158§1 k.k.</xLexLink> w zw. z <xLexLink xArt="art. 57 a;art. 57 a § 1" xIsapId="WDU19970880553" xTitle="Ustawa z dnia 6 czerwca 1997 r. - Kodeks karny" xAddress="Dz. U. z 1997 r. Nr 88, poz. 553">art. 57a§1 k.k.</xLexLink>, <xLexLink xArt="art. 288;art. 288 § 1" xIsapId="WDU19970880553" xTitle="Ustawa z dnia 6 czerwca 1997 r. - Kodeks karny" xAddress="Dz. U. z 1997 r. Nr 88, poz. 553">art. 288§1 k.k.</xLexLink> w zw. z <xLexLink xArt="art. 57 a;art. 57 a § 1" xIsapId="WDU19970880553" xTitle="Ustawa z dnia 6 czerwca 1997 r. - Kodeks karny" xAddress="Dz. U. z 1997 r. Nr 88, poz. 553">art. 57a§1 k.k.</xLexLink>, <xLexLink xArt="art. 245" xIsapId="WDU19970880553" xTitle="Ustawa z dnia 6 czerwca 1997 r. - Kodeks karny" xAddress="Dz. U. z 1997 r. Nr 88, poz. 553">art. 245 k.k.</xLexLink> w zb. z <xLexLink xArt="art. 190;art. 190 § 1" xIsapId="WDU19970880553" xTitle="Ustawa z dnia 6 czerwca 1997 r. - Kodeks karny" xAddress="Dz. U. z 1997 r. Nr 88, poz. 553">art. 190§1 k.k.</xLexLink> w zw. z <xLexLink xArt="art. 57 a;art. 57 a § 1" xIsapId="WDU19970880553" xTitle="Ustawa z dnia 6 czerwca 1997 r. - Kodeks karny" xAddress="Dz. U. z 1997 r. Nr 88, poz. 553">art. 57a§1 k.k.</xLexLink>, z <xLexLink xArt="art. 245" xIsapId="WDU19970880553" xTitle="Ustawa z dnia 6 czerwca 1997 r. - Kodeks karny" xAddress="Dz. U. z 1997 r. Nr 88, poz. 553">art. 245 k.k.</xLexLink> w zb. z <xLexLink xArt="art. 13;art. 13 § 1" xIsapId="WDU19970880553" xTitle="Ustawa z dnia 6 czerwca 1997 r. - Kodeks karny" xAddress="Dz. U. z 1997 r. Nr 88, poz. 553">art. 13§1 k.k.</xLexLink> w zw. z <xLexLink xArt="art. 158;art. 158 § 1" xIsapId="WDU19970880553" xTitle="Ustawa z dnia 6 czerwca 1997 r. - Kodeks karny" xAddress="Dz. U. z 1997 r. Nr 88, poz. 553">art. 158§1 k.k.</xLexLink> w zb. z <xLexLink xArt="art. 193" xIsapId="WDU19970880553" xTitle="Ustawa z dnia 6 czerwca 1997 r. - Kodeks karny" xAddress="Dz. U. z 1997 r. Nr 88, poz. 553">art. 193 k.k.</xLexLink> w zb. z <xLexLink xArt="art. 288" xIsapId="WDU19970880553" xTitle="Ustawa z dnia 6 czerwca 1997 r. - Kodeks karny" xAddress="Dz. U. z 1997 r. Nr 88, poz. 553">art. 288 k.k.</xLexLink> w zw. z <xLexLink xArt="art. 57 a;art. 57 a § 1" xIsapId="WDU19970880553" xTitle="Ustawa z dnia 6 czerwca 1997 r. - Kodeks karny" xAddress="Dz. U. z 1997 r. Nr 88, poz. 553">art. 57a§1 k.k.</xLexLink> oraz z <xLexLink xArt="art. 245" xIsapId="WDU19970880553" xTitle="Ustawa z dnia 6 czerwca 1997 r. - Kodeks karny" xAddress="Dz. U. z 1997 r. Nr 88, poz. 553">art. 245 k.k.</xLexLink> w zb. z <xLexLink xArt="art. 158;art. 158 § 1" xIsapId="WDU19970880553" xTitle="Ustawa z dnia 6 czerwca 1997 r. - Kodeks karny" xAddress="Dz. U. z 1997 r. Nr 88, poz. 553">art. 158§1 k.k.</xLexLink> w zw. z <xLexLink xArt="art. 57 a;art. 57 a § 1" xIsapId="WDU19970880553" xTitle="Ustawa z dnia 6 czerwca 1997 r. - Kodeks karny" xAddress="Dz. U. z 1997 r. Nr 88, poz. 553">art. 57a§1 k.k.</xLexLink>;</xText>
          <xText>4. <xAnon>J. J. (1)</xAnon> oskarżonego o czyn z <xLexLink xArt="art. 245" xIsapId="WDU19970880553" xTitle="Ustawa z dnia 6 czerwca 1997 r. - Kodeks karny" xAddress="Dz. U. z 1997 r. Nr 88, poz. 553">art. 245 k.k.</xLexLink> w zb. z <xLexLink xArt="art. 190;art. 190 § 1" xIsapId="WDU19970880553" xTitle="Ustawa z dnia 6 czerwca 1997 r. - Kodeks karny" xAddress="Dz. U. z 1997 r. Nr 88, poz. 553">art. 190§1 k.k.</xLexLink> w zw. z <xLexLink xArt="art. 57 a;art. 57 a § 1" xIsapId="WDU19970880553" xTitle="Ustawa z dnia 6 czerwca 1997 r. - Kodeks karny" xAddress="Dz. U. z 1997 r. Nr 88, poz. 553">art. 57a§1 k.k.</xLexLink>;</xText>
          <xText>na skutek apelacji wniesionej przez prokuratora oraz obrońcę oskarżonego <xAnon>J. Ł.</xAnon> od wyroku Sądu Rejonowego w Bielsku Podlaskim z dnia 29 października 2012 r. (sygn. akt II K 60/12):</xText>
          <xText>I. Zaskarżony wyrok zmienia w ten sposób, że uchyla rozstrzygnięcia w zakresie czynów zarzuconych oskarżonemu <xAnon>J. Ł.</xAnon> w pkt. VIII, IX i X aktu oskarżenia oraz czynu zarzuconego oskarżonemu <xAnon>J. J. (1)</xAnon> w pkt. XI aktu oskarżenia i sprawę w tej części przekazuje Sądowi Rejonowemu w Bielsku Podlaskim do ponownego rozpoznania.</xText>
          <xText>II. W pozostałej zaskarżonej części wyrok utrzymuje w mocy.</xText>
          <xText>III. Kosztami procesu za postępowanie odwoławcze w części utrzymującej zaskarżony wyrok w mocy obciąża Skarb Państwa.</xText>
        </xUnit>
        <xUnit xIsTitle="true" xType="part" xBold="true">
          <xName>UZASADNIENIE</xName>
          <xText><xAnon>R. J.</xAnon> został oskarżony to, że:</xText>
          <xUnit xIsTitle="false" xType="none">
            <xName xSffx=".">I</xName>
            <xText>w dniu 28 sierpnia 2011 roku w <xAnon>B.</xAnon> działając umyślnie, w miejscu publicznym i bez powodu oraz okazując rażące lekceważenie dla zasad porządku prawnego, wspólnie i w porozumieniu z innymi osobami wziął udział w pobiciu <xAnon>P. T. (1)</xAnon> i <xAnon>R. O.</xAnon> w ten sposób, że niebezpiecznym narzędziem w postaci maczety zadawał im ciosy,<xBRx/>w następstwie czego <xAnon>P. T. (1)</xAnon> doznał rany ciętej okolicy potylicznej, a <xAnon>R. O.</xAnon> powierzchownej rany ciętej prawego przedramienia w okolicy łokcia, które to obrażenia u obu pokrzywdzonych skutkowały naruszeniem czynności organizmu na czas poniżej 7 dni, to jest o czyn z <xLexLink xArt="art. 159" xIsapId="WDU19970880553" xTitle="Ustawa z dnia 6 czerwca 1997 r. - Kodeks karny" xAddress="Dz. U. z 1997 r. Nr 88, poz. 553">art. 159 k.k.</xLexLink> w zw. z <xLexLink xArt="art. 57 a;art. 57 a § 1" xIsapId="WDU19970880553" xTitle="Ustawa z dnia 6 czerwca 1997 r. - Kodeks karny" xAddress="Dz. U. z 1997 r. Nr 88, poz. 553">art. 57a§1 k.k.</xLexLink>,</xText>
          </xUnit>
          <xUnit xIsTitle="false" xType="none">
            <xName xSffx=".">II</xName>
            <xText>w nocy 29 sierpnia 2011 roku w <xAnon>B.</xAnon> na <xAnon>ul. (...)</xAnon> kierując samochodem osobowym marki <xAnon>B. (...)</xAnon> o <xAnon>numerze rejestracyjnym (...)</xAnon> umyślnie zjechał na przeciwległy pas ruchu w następstwie czego doprowadził do zderzenia z samochodem osobowym marki <xAnon>N. (...)</xAnon> o <xAnon>numerze rejestracyjnym (...)</xAnon>, stanowiącym własność <xAnon>E. Ł.</xAnon>, powodując w ten sposób uszkodzenia przedniego zderzaka, przedniego prawego reflektora oraz zawieszenia przedniego pojazdu i narażając w ten sposób kierowcę samochodu <xAnon>N. (...)</xAnon>, <xAnon>I. B.</xAnon> oraz pasażerów tego pojazdu, <xAnon>S. P.</xAnon> i <xAnon>P. O. (1)</xAnon> na bezpośrednie niebezpieczeństwo utraty życia lub ciężkiego uszczerbku na zdrowiu, a następnie po zatrzymaniu swego pojazdu wysiadł z niego i umyślnie, w miejscu publicznym i bez powodu oraz okazując rażące lekceważenie dla zasad porządku prawnego, wspólnie i w porozumieniu z innymi nieustalonymi osobami i przy użyciu nieustalonego narzędzia dokonał dalszych uszkodzeń pojazdu <xAnon>N. (...)</xAnon> poprzez wybicie w nim tylnej szyby oraz uszkodzenia lamp tylnego oświetlenia, powodując łączne straty w kwocie 30.000 zł na szkodę <xAnon>E. Ł.</xAnon>, to jest o czyn z <xLexLink xArt="art. 288;art. 288 § 1" xIsapId="WDU19970880553" xTitle="Ustawa z dnia 6 czerwca 1997 r. - Kodeks karny" xAddress="Dz. U. z 1997 r. Nr 88, poz. 553">art. 288§1 k.k.</xLexLink> w zw. z <xLexLink xArt="art. 57 a;art. 57 a § 1" xIsapId="WDU19970880553" xTitle="Ustawa z dnia 6 czerwca 1997 r. - Kodeks karny" xAddress="Dz. U. z 1997 r. Nr 88, poz. 553">art. 57a§1 k.k.</xLexLink> w zb. z <xLexLink xArt="art. 160;art. 160 § 1" xIsapId="WDU19970880553" xTitle="Ustawa z dnia 6 czerwca 1997 r. - Kodeks karny" xAddress="Dz. U. z 1997 r. Nr 88, poz. 553">art. 160§1 k.k.</xLexLink>,</xText>
          </xUnit>
          <xUnit xIsTitle="false" xType="none">
            <xName xSffx=".">III</xName>
            <xText>w nocy 29 sierpnia 2011 roku w <xAnon>B.</xAnon> na <xAnon>ul. (...)</xAnon> po zatrzymaniu samochodu, którym poruszał się <xAnon>S. P.</xAnon> najpierw drogą telefoniczną nakłonił <xAnon>J. Ł.</xAnon> i inne nieustalone osoby do pobicia <xAnon>S. P.</xAnon>, a następnie działając z nimi wspólnie i w porozumieniu, w miejscu publicznym i bez powodu oraz okazując rażące lekceważenie dla zasad porządku prawnego wziął udział w pobiciu <xAnon>S. P.</xAnon> w ten sposób, że po uprzednim obezwładnieniu gazem pryskając w oczy pokrzywdzonego doprowadził go do stanu bezbronności, po czym zadawał mu ciosy nogami, rękoma oraz drewnianymi pałkami po całym ciele w wyniku czego <xAnon>S. P.</xAnon> doznał obrażeń ciała w postaci licznych i rozległych podbiegnięć krwawych, zwłaszcza w obrębie klatki piersiowej oraz rany tłuczonej okolicy potylicznej głowy, co skutkowało naruszeniem czynności narządu ciała trwającym nie dłużej niż 7 dni, to jest o czyn z <xLexLink xArt="art. 158;art. 158 § 1" xIsapId="WDU19970880553" xTitle="Ustawa z dnia 6 czerwca 1997 r. - Kodeks karny" xAddress="Dz. U. z 1997 r. Nr 88, poz. 553">art. 158§1 k.k.</xLexLink> w zw. z <xLexLink xArt="art. 57 a;art. 57 a § 1" xIsapId="WDU19970880553" xTitle="Ustawa z dnia 6 czerwca 1997 r. - Kodeks karny" xAddress="Dz. U. z 1997 r. Nr 88, poz. 553">art. 57a§1 k.k.</xLexLink>,</xText>
          </xUnit>
          <xUnit xIsTitle="false" xType="none">
            <xName xSffx=".">IV</xName>
            <xText>w nocy 29 sierpnia 2011 roku w <xAnon>B.</xAnon> na <xAnon>ul. (...)</xAnon> po zatrzymaniu samochodu, którym poruszał się <xAnon>P. O. (1)</xAnon>, w miejscu publicznym i bez powodu oraz okazując rażące lekceważenie dla zasad porządku prawnego zadał mu cios pięścią w twarz co skutkowało powstaniem obrażeń ciała w postaci podbiegnięć krwawych w okolicy czołowej lewej i w okolicy oczodołowej lewej, naruszających czynności narządu ciała na okres trwający nie dłużej niż 7 dni, to jest o czyn z <xLexLink xArt="art. 157;art. 157 § 2" xIsapId="WDU19970880553" xTitle="Ustawa z dnia 6 czerwca 1997 r. - Kodeks karny" xAddress="Dz. U. z 1997 r. Nr 88, poz. 553">art. 157§2 k.k.</xLexLink> w zw. z <xLexLink xArt="art. 57 a;art. 57 a § 1" xIsapId="WDU19970880553" xTitle="Ustawa z dnia 6 czerwca 1997 r. - Kodeks karny" xAddress="Dz. U. z 1997 r. Nr 88, poz. 553">art. 57a§1 k.k.</xLexLink>,</xText>
          </xUnit>
          
          <xText><xAnon>K. P. (1)</xAnon> został oskarżony o to, że:</xText>
          <xUnit xIsTitle="false" xType="none">
            <xName xSffx=".">V</xName>
            <xText>w dniu 28 sierpnia 2011 roku w <xAnon>B.</xAnon> działając w zamiarze, aby <xAnon>R. J.</xAnon> oraz inne nieustalone osoby dokonały pobicia <xAnon>P. T. (1)</xAnon> i <xAnon>R. O.</xAnon> swoim zachowaniem pomógł im w popełnieniu tego czynu w ten sposób, że swoim samochodem osobowym marki <xAnon>M.</xAnon> o <xAnon>numerze rejestracyjnym (...)</xAnon> zawiózł ich w miejsce gdzie przebywali pokrzywdzeni i gdzie zostali następnie pobici, to jest o czyn z <xLexLink xArt="art. 18;art. 18 § 3" xIsapId="WDU19970880553" xTitle="Ustawa z dnia 6 czerwca 1997 r. - Kodeks karny" xAddress="Dz. U. z 1997 r. Nr 88, poz. 553">art. 18§3 k.k.</xLexLink> w zw. z <xLexLink xArt="art. 158;art. 158 § 1" xIsapId="WDU19970880553" xTitle="Ustawa z dnia 6 czerwca 1997 r. - Kodeks karny" xAddress="Dz. U. z 1997 r. Nr 88, poz. 553">art. 158 § 1 k.k.</xLexLink>,</xText>
          </xUnit>
          
          <xText><xAnon>J. Ł.</xAnon> został oskarżony o to, że:</xText>
          <xUnit xIsTitle="false" xType="none">
            <xName xSffx=".">VI</xName>
            <xText>w nocy 29 sierpnia 2011 roku w <xAnon>B.</xAnon> działając wspólnie i w porozumieniu z <xAnon>R. J.</xAnon> i innymi nieustalonymi osobami, w miejscu publicznym, okazując rażące lekceważenie dla podstawowych zasad porządku publicznego wziął udział w pobiciu <xAnon>S. P.</xAnon> w ten sposób, że po uprzednim obezwładnieniu gazem pryskając w oczy pokrzywdzonego doprowadził go do stanu bezbronności, po czym zadawał mu ciosy nogami, rękoma oraz drewnianymi pałkami po całym ciele w wyniku czego <xAnon>S. P.</xAnon> doznał obrażeń ciała w postaci licznych i rozległych podbiegnięć krwawych, zwłaszcza w obrębie klatki piersiowej oraz rany tłuczonej okolicy potylicznej głowy, co skutkowało naruszeniem czynności narządu ciała trwającym nie dłużej niż 7 dni, to jest o czyn z <xLexLink xArt="art. 158;art. 158 § 1" xIsapId="WDU19970880553" xTitle="Ustawa z dnia 6 czerwca 1997 r. - Kodeks karny" xAddress="Dz. U. z 1997 r. Nr 88, poz. 553">art. 158§1 k.k.</xLexLink> w zw. z <xLexLink xArt="art. 57 a;art. 57 a § 1" xIsapId="WDU19970880553" xTitle="Ustawa z dnia 6 czerwca 1997 r. - Kodeks karny" xAddress="Dz. U. z 1997 r. Nr 88, poz. 553">art. 57a § 1 k.k.</xLexLink>,</xText>
          </xUnit>
          <xUnit xIsTitle="false" xType="none">
            <xName xSffx=".">VII</xName>
            <xText>w nocy 29 sierpnia 2011 roku w <xAnon>B.</xAnon> na <xAnon>ul. (...)</xAnon>, działając wspólnie i w porozumieniu z <xAnon>R. J.</xAnon> i innymi nieustalonymi osobami, w miejscu publicznym, okazując rażące lekceważenie dla podstawowych zasad porządku publicznego, umyślnie, przy użyciu nieustalonego narzędzia, dokonał uszkodzeń pojazdu <xAnon>N. (...)</xAnon> o <xAnon>numerze rejestracyjnym (...)</xAnon> powodując uszkodzenia poprzez wybicie w nim tylnej szyby oraz uszkodzenia lamp tylnego oświetlenia powodując straty nie mniejsze niż 250 zł na szkodę <xAnon>E. Ł.</xAnon>, to jest o czyn z <xLexLink xArt="art. 288;art. 288 § 1" xIsapId="WDU19970880553" xTitle="Ustawa z dnia 6 czerwca 1997 r. - Kodeks karny" xAddress="Dz. U. z 1997 r. Nr 88, poz. 553">art. 288§1 k.k.</xLexLink> w zw. z <xLexLink xArt="art. 57 a;art. 57 a § 1" xIsapId="WDU19970880553" xTitle="Ustawa z dnia 6 czerwca 1997 r. - Kodeks karny" xAddress="Dz. U. z 1997 r. Nr 88, poz. 553">art. 57a§1 k.k.</xLexLink>,</xText>
          </xUnit>
          <xUnit xIsTitle="false" xType="none">
            <xName xSffx=".">VIII</xName>
            <xText>w nocy 9 grudnia 2011 roku w <xAnon>B.</xAnon> działając wspólnie i w porozumieniu z innymi osobami, w miejscu publicznym, okazując rażące lekceważenie dla podstawowych zasad porządku publicznego, chcąc wywrzeć wpływ na <xAnon>P. L. (1)</xAnon> jako świadka w postępowaniu prowadzonym przeciwko <xAnon>R. J.</xAnon>, podejrzanemu o pobicie <xAnon>P. T. (1)</xAnon> i <xAnon>R. O.</xAnon> i skłonić go w ten sposób do wycofania obciążających <xAnon>R. J.</xAnon> zeznań, groził ojcu <xAnon>P. L. (1)</xAnon>, <xAnon>E. L.</xAnon> zabójstwem, przy czym groźba ta wzbudziła w <xAnon>E. L.</xAnon> uzasadnioną obawę jej spełnienia, to jest o czyn z <xLexLink xArt="art. 245" xIsapId="WDU19970880553" xTitle="Ustawa z dnia 6 czerwca 1997 r. - Kodeks karny" xAddress="Dz. U. z 1997 r. Nr 88, poz. 553">art. 245 k.k.</xLexLink> w zb. z <xLexLink xArt="art. 190;art. 190 § 1" xIsapId="WDU19970880553" xTitle="Ustawa z dnia 6 czerwca 1997 r. - Kodeks karny" xAddress="Dz. U. z 1997 r. Nr 88, poz. 553">art. 190§1 k.k.</xLexLink> w zw. z <xLexLink xArt="art. 57 a;art. 57 a § 1" xIsapId="WDU19970880553" xTitle="Ustawa z dnia 6 czerwca 1997 r. - Kodeks karny" xAddress="Dz. U. z 1997 r. Nr 88, poz. 553">art. 57a§1 k.k.</xLexLink>,</xText>
          </xUnit>
          <xUnit xIsTitle="false" xType="none">
            <xName xSffx=".">IX</xName>
            <xText>w nocy 9 grudnia 2011 roku w <xAnon>B.</xAnon> działając wspólnie i w porozumieniu z innymi osobami, w miejscu publicznym, okazując rażące lekceważenie dla podstawowych zasad porządku publicznego, chcąc wywrzeć wpływ na <xAnon>P. L. (1)</xAnon> jako świadka w postępowaniu prowadzonym przeciwko <xAnon>R. J.</xAnon>, podejrzanemu o pobicie <xAnon>P. T. (1)</xAnon> i <xAnon>R. O.</xAnon> i skłonić go w ten sposób do wycofania obciążających <xAnon>R. J.</xAnon> zeznań, usiłował dokonać pobicia <xAnon>E. L.</xAnon> i <xAnon>P. L. (2)</xAnon>, ojca i brata <xAnon>P. L. (1)</xAnon>, w ten sposób, że gonił ich, a następnie kopiąc i uderzając rękoma w drzwi wejściowe mieszkania <xAnon>E. L.</xAnon> próbował wejść do jego wnętrza, lecz zamierzonego celu nie osiągnął z uwagi na postawę zagrożonych, którzy własnymi ciałami zablokowali drzwi, przy czym dokonał zniszczenia drzwi wejściowych, a nadto rzucając butelką po piwie wybił szybę okienną w mieszkaniu i spowodował w ten sposób straty o łącznej wysokości 1.300 zł na szkodę <xAnon>E. L.</xAnon>, to jest o czyn z <xLexLink xArt="art. 245" xIsapId="WDU19970880553" xTitle="Ustawa z dnia 6 czerwca 1997 r. - Kodeks karny" xAddress="Dz. U. z 1997 r. Nr 88, poz. 553">art. 245 k.k.</xLexLink> w zb. z <xLexLink xArt="art. 13;art. 13 § 1" xIsapId="WDU19970880553" xTitle="Ustawa z dnia 6 czerwca 1997 r. - Kodeks karny" xAddress="Dz. U. z 1997 r. Nr 88, poz. 553">art. 13§1 k.k.</xLexLink> w zw. z <xLexLink xArt="art. 158;art. 158 § 1" xIsapId="WDU19970880553" xTitle="Ustawa z dnia 6 czerwca 1997 r. - Kodeks karny" xAddress="Dz. U. z 1997 r. Nr 88, poz. 553">art. 158§1 k.k.</xLexLink> w zb. z <xLexLink xArt="art. 193" xIsapId="WDU19970880553" xTitle="Ustawa z dnia 6 czerwca 1997 r. - Kodeks karny" xAddress="Dz. U. z 1997 r. Nr 88, poz. 553">art. 193 k.k.</xLexLink> w zb. z <xLexLink xArt="art. 288" xIsapId="WDU19970880553" xTitle="Ustawa z dnia 6 czerwca 1997 r. - Kodeks karny" xAddress="Dz. U. z 1997 r. Nr 88, poz. 553">art. 288 k.k.</xLexLink> w zw. z <xLexLink xArt="art. 57 a;art. 57 a § 1" xIsapId="WDU19970880553" xTitle="Ustawa z dnia 6 czerwca 1997 r. - Kodeks karny" xAddress="Dz. U. z 1997 r. Nr 88, poz. 553">art. 57a§1 k.k.</xLexLink>,</xText>
          </xUnit>
          <xUnit xIsTitle="false" xType="none">
            <xName xSffx=".">X</xName>
            <xText>w nocy 10 grudnia 2011 roku w <xAnon>B.</xAnon> działając wspólnie i w porozumieniu z innymi osobami, w miejscu publicznym, okazując rażące lekceważenie dla podstawowych zasad porządku publicznego, chcąc wywrzeć wpływ na braci <xAnon>P.</xAnon> i <xAnon>P. T. (1)</xAnon> jako świadków w postępowaniu prowadzonym przeciwko <xAnon>R. J.</xAnon>, podejrzanemu o pobicie <xAnon>P. T. (1)</xAnon> i <xAnon>R. O.</xAnon> i skłonić ich w ten sposób do wycofania obciążających <xAnon>R. J.</xAnon> zeznań, dokonał pobicia <xAnon>P. T. (2)</xAnon> w ten sposób, że zadawał mu liczne ciosy rękoma w głowę, a następnie szarpiąc i rozrywając kurtkę przewrócił go na ziemię i zadawał mu ciosy nogami w tułów i głowę, powodując w ten sposób u pokrzywdzonego obrażenia ciała w postaci otarć naskórka na głowie i dłoniach, oraz podbiegnięć krwawych na ciele, które to obrażenia skutkowały naruszeniem czynności organizmu na czas poniżej 7 dni,<xBRx/>to jest o czyn z <xLexLink xArt="art. 245" xIsapId="WDU19970880553" xTitle="Ustawa z dnia 6 czerwca 1997 r. - Kodeks karny" xAddress="Dz. U. z 1997 r. Nr 88, poz. 553">art. 245 k.k.</xLexLink> w zb. z <xLexLink xArt="art. 158;art. 158 § 1" xIsapId="WDU19970880553" xTitle="Ustawa z dnia 6 czerwca 1997 r. - Kodeks karny" xAddress="Dz. U. z 1997 r. Nr 88, poz. 553">art. 158§1 k.k.</xLexLink>. w zw. z <xLexLink xArt="art. 57 a;art. 57 a § 1" xIsapId="WDU19970880553" xTitle="Ustawa z dnia 6 czerwca 1997 r. - Kodeks karny" xAddress="Dz. U. z 1997 r. Nr 88, poz. 553">art. 57a§1 k.k.</xLexLink>,</xText>
          </xUnit>
          
          <xText><xAnon>J. J. (1)</xAnon> został oskarżony o to, że:</xText>
          <xText>XI. w nocy 9 grudnia 2011 roku w <xAnon>B.</xAnon> działając wspólnie i w porozumieniu z innymi osobami, w miejscu publicznym, okazując rażące lekceważenie dla podstawowych zasad porządku prawnego, chcąc wywrzeć wpływ na <xAnon>P. L. (1)</xAnon> jako świadka w postępowaniu prowadzonym przeciwko <xAnon>R. J.</xAnon>, podejrzanemu o pobicie <xAnon>P. T. (1)</xAnon> i <xAnon>R. O.</xAnon> i skłonić go w ten sposób do wycofania obciążających <xAnon>R. J.</xAnon> zeznań, groził ojcu <xAnon>P. L. (1)</xAnon>, <xAnon>E. L.</xAnon> zabójstwem, przy czym groźba ta wzbudziła w <xAnon>E. L.</xAnon> uzasadnioną obawę jej spełnienia, to jest o czyn z <xLexLink xArt="art. 245" xIsapId="WDU19970880553" xTitle="Ustawa z dnia 6 czerwca 1997 r. - Kodeks karny" xAddress="Dz. U. z 1997 r. Nr 88, poz. 553">art. 245 k.k.</xLexLink> w zb. z <xLexLink xArt="art. 190;art. 190 § 1" xIsapId="WDU19970880553" xTitle="Ustawa z dnia 6 czerwca 1997 r. - Kodeks karny" xAddress="Dz. U. z 1997 r. Nr 88, poz. 553">art. 190§1 k.k.</xLexLink> w zw. z <xLexLink xArt="art. 57 a;art. 57 a § 1" xIsapId="WDU19970880553" xTitle="Ustawa z dnia 6 czerwca 1997 r. - Kodeks karny" xAddress="Dz. U. z 1997 r. Nr 88, poz. 553">art. 57a§1 k.k.</xLexLink>,</xText>
          <xText>Sąd Rejonowy w Bielsku Podlaskim wyrokiem z dnia 29 października 2012 r. w sprawie o sygn. akt II K 60/12;</xText>
          <xUnit xIsTitle="false" xType="none">
            <xName xSffx=".">I</xName>
            <xText>Oskarżonego <xAnon>R. J.</xAnon> uznał za winnego tego, że w nocy 29 sierpnia 2011 roku w <xAnon>B.</xAnon> na <xAnon>ulicy (...)</xAnon> zadał <xAnon>P. O. (1)</xAnon> cios pięścią w twarz, w wyniku czego doznał on obrażeń ciała w postaci podbiegnięć krwawych w okolicy czołowej lewej i oczodołowej lewej, co naruszyło czynności narządu ciała na okres nie dłuższy niż siedem dni, to jest czynu z <xLexLink xArt="art. 157;art. 157 § 2" xIsapId="WDU19970880553" xTitle="Ustawa z dnia 6 czerwca 1997 r. - Kodeks karny" xAddress="Dz. U. z 1997 r. Nr 88, poz. 553">art. 157§2 k.k.</xLexLink> – i za to na mocy <xLexLink xArt="art. 157;art. 157 § 2" xIsapId="WDU19970880553" xTitle="Ustawa z dnia 6 czerwca 1997 r. - Kodeks karny" xAddress="Dz. U. z 1997 r. Nr 88, poz. 553">art. 157§2 k.k.</xLexLink> skazał go oraz wymierzył mu karę 430 (czterystu trzydziestu) stawek dziennych grzywny, równowartość jednej stawki dziennej ustalając na kwotę 10 (dziesięć) złotych.</xText>
          </xUnit>
          <xUnit xIsTitle="false" xType="none">
            <xName xSffx=".">II</xName>
            <xText>Oskarżonego <xAnon>R. J.</xAnon> uniewinnił od popełnienia czynów opisanych w punktach I, II i III aktu oskarżenia.</xText>
          </xUnit>
          <xUnit xIsTitle="false" xType="none">
            <xName xSffx=".">III</xName>
            <xText>Oskarżonych <xAnon>K. P. (1)</xAnon> oraz <xAnon>J. J. (1)</xAnon> uniewinnił od popełnienia zarzuconych im czynów.</xText>
          </xUnit>
          <xUnit xIsTitle="false" xType="none">
            <xName xSffx=".">IV</xName>
            <xText>Oskarżonego <xAnon>J. Ł.</xAnon> uznał za winnego tego, że w nocy 10 grudnia 2011 roku w <xAnon>B.</xAnon>, działając wspólnie oraz w porozumieniu z innymi, nieustalonymi osobami, chcąc wywrzeć wpływ na braci <xAnon>P.</xAnon> i <xAnon>P. T. (1)</xAnon> jako świadków w śledztwie prowadzonym przeciwko <xAnon>R. J.</xAnon>, podejrzanemu o udział w pobiciu <xAnon>P. T. (1)</xAnon> i <xAnon>R. O.</xAnon>, oraz skłonić ich do zmiany obciążających <xAnon>R. J.</xAnon> zeznań, wziął udział w pobiciu <xAnon>P. T. (2)</xAnon> w ten sposób, że zadawał mu liczne ciosy rękoma w głowę, a następnie, szarpiąc za jego kurtkę i rozrywając ją, przewrócił go na ziemię i kopał go po całym ciele, narażając go przez to na bezpośrednie niebezpieczeństwo nastąpienia skutku w postaci ciężkiego uszczerbku na zdrowiu lub innego uszkodzenia ciała na okres powyżej siedmiu dni, a także powodując u niego obrażenia w postaci podbiegnięć krwawych na lewej dłoni oraz licznych otarć naskórna na głowie i na lewej dłoni, które naruszyły czynności narządu ciała na czas nie przekraczający siedmiu dni, to jest czynu z <xLexLink xArt="art. 245" xIsapId="WDU19970880553" xTitle="Ustawa z dnia 6 czerwca 1997 r. - Kodeks karny" xAddress="Dz. U. z 1997 r. Nr 88, poz. 553">art. 245 k.k.</xLexLink> w zb. z <xLexLink xArt="art. 158;art. 158 § 1" xIsapId="WDU19970880553" xTitle="Ustawa z dnia 6 czerwca 1997 r. - Kodeks karny" xAddress="Dz. U. z 1997 r. Nr 88, poz. 553">art. 158§1 k.k.</xLexLink> – i za to na mocy <xLexLink xArt="art. 245" xIsapId="WDU19970880553" xTitle="Ustawa z dnia 6 czerwca 1997 r. - Kodeks karny" xAddress="Dz. U. z 1997 r. Nr 88, poz. 553">art. 245 k.k.</xLexLink> w zb. z <xLexLink xArt="art. 158;art. 158 § 1" xIsapId="WDU19970880553" xTitle="Ustawa z dnia 6 czerwca 1997 r. - Kodeks karny" xAddress="Dz. U. z 1997 r. Nr 88, poz. 553">art. 158§1 k.k.</xLexLink> w zw. z <xLexLink xArt="art. 11;art. 11 § 2" xIsapId="WDU19970880553" xTitle="Ustawa z dnia 6 czerwca 1997 r. - Kodeks karny" xAddress="Dz. U. z 1997 r. Nr 88, poz. 553">art. 11§2 k.k.</xLexLink> skazał go, a na mocy <xLexLink xArt="art. 245" xIsapId="WDU19970880553" xTitle="Ustawa z dnia 6 czerwca 1997 r. - Kodeks karny" xAddress="Dz. U. z 1997 r. Nr 88, poz. 553">art. 245 k.k.</xLexLink> w zw. z <xLexLink xArt="art. 11;art. 11 § 3" xIsapId="WDU19970880553" xTitle="Ustawa z dnia 6 czerwca 1997 r. - Kodeks karny" xAddress="Dz. U. z 1997 r. Nr 88, poz. 553">art. 11§3 k.k.</xLexLink> wymierzył mu karę 1 (jednego) roku pozbawienia wolności.</xText>
          </xUnit>
          <xUnit xIsTitle="false" xType="none">
            <xName xSffx=".">V</xName>
            <xText>Oskarżonego <xAnon>J. Ł.</xAnon> uniewinnił od popełnienia czynów opisanych w punktach VI, VII, VIII i IX aktu oskarżenia.</xText>
          </xUnit>
          <xUnit xIsTitle="false" xType="none">
            <xName xSffx=".">VI</xName>
            <xText>Na mocy <xLexLink xArt="art. 63;art. 63 § 1" xIsapId="WDU19970880553" xTitle="Ustawa z dnia 6 czerwca 1997 r. - Kodeks karny" xAddress="Dz. U. z 1997 r. Nr 88, poz. 553">art. 63§1 k.k.</xLexLink> zaliczył:</xText>
            <xUnit xIsTitle="false" xType="none">
              <xName xSffx=".">1</xName>
              <xText>na poczet orzeczonej wobec oskarżonego <xAnon>R. J.</xAnon> kary grzywny – okres jego tymczasowego aresztowania od dnia 29 sierpnia 2011 roku do dnia 27 marca 2012 roku, jeden dzień rzeczywistego pozbawienia wolności uznając za równoważny dwóm stawkom dziennym grzywny po 10 (dziesięć) złotych każda;</xText>
            </xUnit>
            <xUnit xIsTitle="false" xType="none">
              <xName xSffx=".">2</xName>
              <xText>na poczet orzeczonej wobec oskarżonego <xAnon>J. Ł.</xAnon> kary pozbawienia wolności – okres jego tymczasowego aresztowania od dnia 11 grudnia 2011 roku do dnia 27 marca 2012 roku, jeden dzień rzeczywistego pozbawienia wolności uznając za równoważny jednemu dniowi kary pozbawienia wolności.</xText>
            </xUnit>
          </xUnit>
          <xUnit xIsTitle="false" xType="none">
            <xName xSffx=".">VII</xName>
            <xText>W części związanej z uniewinnieniem oskarżonych kosztami procesu obciążył Skarb Państwa.</xText>
          </xUnit>
          <xUnit xIsTitle="false" xType="none">
            <xName xSffx=".">VIII</xName>
            <xText>Zasądził od oskarżonych na rzecz Skarbu Państwa tytułem opłat: od <xAnon>R. J.</xAnon> kwotę 430 (czterysta trzydzieści) złotych, zaś od <xAnon>J. Ł.</xAnon> kwotę 180 (sto osiemdziesiąt) złotych, oraz obciążył ich pozostałymi kosztami sądowymi w częściach związanych z ich skazaniem w przedmiotowej sprawie.</xText>
          </xUnit>
          
          <xText>Powyższy wyrok zaskarżyli prokurator i obrońca oskarżonego <xAnon>J. Ł.</xAnon>.</xText>
          <xText>Prokurator zaskarżył wyrok w stosunku do oskarżonych:</xText>
          <xText>I. w części dotyczącej <xAnon>R. J.</xAnon>, w zakresie zarzuconych mu czynów opisanych w punktach I, II, III i IV aktu oskarżenia i orzeczeń o jego winie, a nadto w zakresie zarzuconego mu czynu opisanego w punkcie IV aktu oskarżenia również orzeczenia o karze, na jego niekorzyść;</xText>
          <xText>II. w części dotyczącej <xAnon>K. P. (1)</xAnon>, w zakresie zarzuconego mu czynu opisanego w punkcie V aktu oskarżenia i orzeczenia o jego winie, na jego niekorzyść;</xText>
          <xText>III. w części dotyczącej <xAnon>J. Ł.</xAnon> w zakresie zarzuconych mu czynów opisanych w punktach VI, VII, VIII, IX, X aktu oskarżenia i orzeczeń o jego winie, a nadto w zakresie zarzuconego mu czynu opisanego w punkcie X aktu oskarżenia również orzeczenia o karze, na jego niekorzyść;</xText>
          <xText>IV. w części dotyczącej <xAnon>J. J. (1)</xAnon>, w zakresie zarzuconego mu czynu opisanego w punkcie XI aktu oskarżenia i orzeczenia o jego winie, na jego niekorzyść;</xText>
          <xText>Powołując się na przepisy <xLexLink xArt="art. 427;art. 427 § 1;art. 427 § 2" xIsapId="WDU19970890555" xTitle="Ustawa z dnia 6 czerwca 1997 r. - Kodeks postępowania karnego" xAddress="Dz. U. z 1997 r. Nr 89, poz. 555">art. 427§1 i 2 k.p.k.</xLexLink>, <xLexLink xArt="art. 437;art. 437 § 1;art. 437 § 2" xIsapId="WDU19970890555" xTitle="Ustawa z dnia 6 czerwca 1997 r. - Kodeks postępowania karnego" xAddress="Dz. U. z 1997 r. Nr 89, poz. 555">art. 437§1 i 2 k.p.k.</xLexLink> oraz <xLexLink xArt="art. 438;art. 438 pkt. 3;art. 438 pkt. 4" xIsapId="WDU19970890555" xTitle="Ustawa z dnia 6 czerwca 1997 r. - Kodeks postępowania karnego" xAddress="Dz. U. z 1997 r. Nr 89, poz. 555">art. 438 pkt 3 i 4 k.p.k.</xLexLink> wyrokowi temu zarzucił:</xText>
          <xText>I. błąd w ustaleniach faktycznych przyjętych za podstawę orzeczenia i mający wpływ na jego treść, polegający na uznaniu, że materiał dowodowy nie daje podstaw do uznania, iż <xAnon>R. J.</xAnon> w dniu 28 sierpnia 2011r. w <xAnon>B.</xAnon> używając niebezpiecznego narzędzia w postaci maczety, wspólnie i w porozumieniu z innymi nieustalonymi osobami, dokonał pobicia <xAnon>P. T. (1)</xAnon> i <xAnon>R. O.</xAnon>, a <xAnon>K. P. (1)</xAnon> pomógł tym osobom w dokonaniu tego czynu zawożąc ich swoim samochodem marki <xAnon>M.</xAnon> o <xAnon>numerze rejestracyjnym (...)</xAnon> w miejsce gdzie przebywali pokrzywdzeni i gdzie zostali następnie pobici, podczas gdy całokształt materiału dowodowego wskazuje, że <xAnon>R. J.</xAnon> i <xAnon>K. P. (1)</xAnon> dopuścili się tych zarzuconych im czynów zabronionych,</xText>
          <xText>II. błąd w ustaleniach faktycznych przyjętych za podstawę orzeczenia i mający wpływ na jego treść, polegający na uznaniu, że materiał dowodowy nie daje podstaw do uznania, iż <xAnon>R. J.</xAnon> w nocy 29 sierpnia 2011r. w <xAnon>B.</xAnon> na <xAnon>ulicy (...)</xAnon> kierując samochodem osobowym marki <xAnon>B. (...)</xAnon> o <xAnon>numerze rejestracyjnym (...)</xAnon> umyślnie zjechał na przeciwległy pas ruchu w następstwie czego doprowadził do zderzenia z samochodem osobowym marki <xAnon>N. (...)</xAnon> o <xAnon>numerze rejestracyjnym (...)</xAnon> 4<xAnon> (...)</xAnon>, stanowiącym własność <xAnon>E. Ł.</xAnon>, powodując w ten sposób uszkodzenia przedniego zderzaka, przedniego prawego reflektora oraz zawieszenia przedniego pojazdu i narażając w ten sposób kierowcę samochodu <xAnon>N. (...)</xAnon>, <xAnon>I. B.</xAnon> oraz pasażerów tego pojazdu, <xAnon>S. P.</xAnon> i <xAnon>P. O. (1)</xAnon> na bezpośrednie niebezpieczeństwo utraty życia lub ciężkiego uszczerbku na zdrowiu, a następnie działając wspólnie i w porozumieniu z <xAnon>J. Ł.</xAnon> i innymi nieustalonymi mężczyznami wybili w samochodzie <xAnon>N. (...)</xAnon> tylną szybę i uszkodzili lampy tylnego oświetlenia oraz po uprzednim obezwładnieniu gazem pobili <xAnon>S. P.</xAnon> zadając mu ciosy nogami, rękoma oraz drewnianymi pałkami po całym ciele, w wyniku czego <xAnon>S. P.</xAnon> doznał obrażeń ciała w postaci licznych i rozległych podbiegnięć krwawych, zwłaszcza w obrębie klatki piersiowej oraz rany tłuczonej okolicy potylicznej głowy, co skutkowało naruszeniem czynności narządu ciała trwającym nie dłużej niż 7 dni, podczas gdy całokształt materiału dowodowego wskazuje, że <xAnon>R. J.</xAnon> i <xAnon>J. Ł.</xAnon> dopuścili się tych zarzuconych im czynów zabronionych,</xText>
          <xText>III. błąd w ustaleniach faktycznych przyjętych za podstawę orzeczenia i mający wpływ na jego treść, polegający na uznaniu, że materiał dowodowy nie daje podstaw do uznania, iż <xAnon>J. Ł.</xAnon> i <xAnon>J. J. (1)</xAnon> znajdowali się w grupie osób, która w nocy 09 grudnia 2011r. zebrała się pod domem <xAnon>E. L.</xAnon> i okazując rażące lekceważenie dla podstawowych zasad porządku publicznego grozili <xAnon>E. L.</xAnon> zabójstwem chcąc w ten sposób wywrzeć wpływ na jego syna <xAnon>P. L. (1)</xAnon> jako świadka w postępowaniu prowadzonym przeciwko <xAnon>R. J.</xAnon>, podejrzanemu o pobicie <xAnon>P. T. (1)</xAnon> i <xAnon>R. O.</xAnon> i skłonić go w ten sposób do wycofania obciążających <xAnon>R. J.</xAnon> zeznań, a nadto <xAnon>J. Ł.</xAnon> działając w tym samym celu usiłując dokonać pobicia <xAnon>E. L.</xAnon> i jego drugiego syna <xAnon>P. L. (2)</xAnon> gonił ich do ich mieszkania, a następnie kopiąc i uderzając w drzwi wejściowe, tym samym je uszkadzając, próbował wtargnąć do jego wnętrza oraz wybił szybę okienną w mieszkaniu rzucając w nie butelką, podczas gdy całokształt materiału dowodowego wskazuje, że <xAnon>J. Ł.</xAnon> i <xAnon>J. J. (1)</xAnon> dopuścili się tych zarzuconych im czynów zabronionych,</xText>
          <xText>IV. błąd w ustaleniach faktycznych przyjętych za podstawę orzeczenia i mający wpływ na jego treść, polegający na uznaniu, że materiał dowodowy nie daje podstaw do uznania, iż <xAnon>R. J.</xAnon> uderzając w twarz <xAnon>P. O. (1)</xAnon> i powodując u niego lekkie uszkodzenie ciała działał w warunkach występku chuligańskiego, albowiem pomimo tego, że działał publicznie i z lekceważeniem dla zasad porządku prawnego, to jednak został do takiego zachowania sprowokowany działaniem kolegi <xAnon>P. O. (1)</xAnon>, <xAnon>I. B.</xAnon>, który mógł celowo wjechać w samochód oskarżonego oraz prowokacyjnym zachowaniem samego pokrzywdzonego, podczas gdy w rzeczywistości wyżej przytoczone okoliczności nie mogły usprawiedliwiać ataku na zdrowie <xAnon>P. O. (1)</xAnon>, a tym samym <xAnon>R. J.</xAnon> działał również i bez powodu, lub co najwyżej z oczywiście błahego powodu, a więc działał w warunkach występku chuligańskiego,</xText>
          <xText>V. błąd w ustaleniach faktycznych przyjętych za podstawę orzeczenia i mający wpływ na jego treść, polegający na uznaniu, że materiał dowodowy nie daje podstaw do uznania, iż <xAnon>J. Ł.</xAnon> dokonując wspólnie i w porozumieniu z innymi nieustalonymi osobami pobicia <xAnon>P. T. (2)</xAnon>, w celu wywarcia na nim i na jego bracie <xAnon>P. T. (1)</xAnon> wpływu jako świadków w postępowaniu karnym prowadzonym przeciwko <xAnon>R. J.</xAnon>, podejrzanemu o pobicie <xAnon>P. T. (1)</xAnon> i <xAnon>R. O.</xAnon> i chcąc skłonić ich w ten sposób do wycofania obciążających <xAnon>R. J.</xAnon> zeznań, działał w warunkach występku chuligańskiego, albowiem pomimo tego, że działał publicznie i z lekceważeniem dla zasad porządku prawnego, to jednak jego działanie było motywowane chęcią wywarcia wpływu na świadków, podczas gdy w rzeczywistości wyżej przytoczona okoliczność nie mogła usprawiedliwiać ataku na zdrowie <xAnon>P. T. (2)</xAnon>, tym bardziej, że <xAnon>P. T. (1)</xAnon> i <xAnon>P. T. (2)</xAnon> złożyli zeznania obciążające nie <xAnon>J. Ł.</xAnon>, a <xAnon>R. J.</xAnon>, a tym samym <xAnon>J. Ł.</xAnon> działał również i bez powodu, lub co najwyżej z oczywiście błahego powodu, a więc działał w warunkach występku chuligańskiego,</xText>
          <xText>VI. rażącą niewspółmierność orzeczonej wobec <xAnon>R. J.</xAnon> kary w wymiarze 430 /czterystu trzydziestu/ stawek dziennych grzywny przy ustaleniu równowartości jednej stawki dziennej na kwotę 10 /dziesięciu/ zł, za czyn polegający na lekkim uszkodzeniu ciała <xAnon>P. O. (1)</xAnon>, podczas gdy okoliczności towarzyszące zdarzeniu, a zwłaszcza publiczny sposób działania oskarżonego, bez społecznie usprawiedliwionego powodu i przy okazaniu rażącego lekceważenia dla zasad porządku prawnego oraz poprzednia jego karalność przemawiają za wymierzeniem mu za ten czyn kary 7 miesięcy pozbawienia wolności z zaliczeniem na jej poczet okresu tymczasowego aresztowania w sprawie.</xText>
          <xText>VII. rażącą niewspółmierność orzeczonej wobec <xAnon>J. Ł.</xAnon> kary w wymiarze 1 /jednego/ roku pozbawienia wolności za czyn polegający na pobiciu <xAnon>P. T. (2)</xAnon> w celu wywarcia na nim i na jego bracie <xAnon>P. T. (1)</xAnon> wpływu jako świadków w postępowaniu karnym prowadzonym przeciwko <xAnon>R. J.</xAnon>, podejrzanemu o pobicie, <xAnon>P. T. (1)</xAnon> i <xAnon>R. O.</xAnon> i skłonieniu ich w ten sposób do wycofania obciążających <xAnon>R. J.</xAnon> zeznań, podczas gdy okoliczności towarzyszące zdarzeniu, a zwłaszcza publiczny sposób działaniu oskarżonego, bez społecznie usprawiedliwionego powodu i przy okazaniu rażącego lekceważenia dla zasad porządku prawnego intensywność zastosowanej przemocy oraz poprzednia jego karalność, w tym za przestępstwa z użyciem przemocy, przemawiają za wymierzeniem mu za ten czyn kary 2 lat pozbawienia wolności z zaliczeniem na jej poczet okresu tymczasowego aresztowania w sprawie.</xText>
          <xText>Wskazując na powyższe zarzuty prokurator wniósł o:</xText>
          <xText>I. uchylenie zaskarżonego wyroku w części dotyczącej <xAnon>R. J.</xAnon> w zakresie orzeczenia o jego winie co do czynów opisanych w punktach I, II i III, IV aktu oskarżenia i przekazanie sprawy w tej części i zakresie Sądowi I instancji do ponownego rozpoznania,</xText>
          <xText>II. uchylenie zaskarżonego wyroku w części dotyczącej <xAnon>K. P. (1)</xAnon> w zakresie orzeczenia o jego winie i przekazanie sprawy w tej części i zakresie Sądowi I instancji do ponownego rozpoznania,</xText>
          <xText>III. uchylenie zaskarżonego wyroku w części dotyczącej <xAnon>J. Ł.</xAnon> w zakresie orzeczenia o jego winie co do czynów opisanych w punktach VI, VII, VIII, IX, X aktu oskarżenia i przekazanie sprawy w tej części i zakresie Sądowi I instancji do ponownego rozpoznania.</xText>
          <xText>IV. uchylenie zaskarżonego wyroku w części dotyczącej <xAnon>J. J. (1)</xAnon> w zakresie orzeczenia o jego winie i przekazanie sprawy w tej części i zakresie Sądowi I instancji do ponownego rozpoznania.</xText>
          
          <xText>Obrońca oskarżonego <xAnon>J. Ł.</xAnon>, na podstawie <xLexLink xArt="art. 425;art. 425 § 1;art. 425 § 2" xIsapId="WDU19970890555" xTitle="Ustawa z dnia 6 czerwca 1997 r. - Kodeks postępowania karnego" xAddress="Dz. U. z 1997 r. Nr 89, poz. 555">art. 425§ 1 – 2 k.p.k.</xLexLink> i <xLexLink xArt="art. 444" xIsapId="WDU19970890555" xTitle="Ustawa z dnia 6 czerwca 1997 r. - Kodeks postępowania karnego" xAddress="Dz. U. z 1997 r. Nr 89, poz. 555">art. 444 k.p.k.</xLexLink> zaskarżył wyrok w części dotyczącej tego oskarżonego w pkt IV wyroku.</xText>
          <xText>Powołując się na przepisy <xLexLink xArt="art. 427;art. 427 § 1;art. 427 § 2" xIsapId="WDU19970890555" xTitle="Ustawa z dnia 6 czerwca 1997 r. - Kodeks postępowania karnego" xAddress="Dz. U. z 1997 r. Nr 89, poz. 555">art. 427§1 i 2 k.p.k.</xLexLink> oraz art. 438 pkt 1 i 3 wyrokowi temu zarzucił:</xText>
          <xText>I. obrazę przepisów postępowania mających wpływ na treść orzeczenia, a mianowicie <xLexLink xArt="art. 4" xIsapId="WDU19970890555" xTitle="Ustawa z dnia 6 czerwca 1997 r. - Kodeks postępowania karnego" xAddress="Dz. U. z 1997 r. Nr 89, poz. 555">art. 4 k.p.k.</xLexLink>, <xLexLink xArt="art. 7" xIsapId="WDU19970890555" xTitle="Ustawa z dnia 6 czerwca 1997 r. - Kodeks postępowania karnego" xAddress="Dz. U. z 1997 r. Nr 89, poz. 555">art. 7 k.p.k.</xLexLink> w zw. z <xLexLink xArt="art. 410" xIsapId="WDU19970890555" xTitle="Ustawa z dnia 6 czerwca 1997 r. - Kodeks postępowania karnego" xAddress="Dz. U. z 1997 r. Nr 89, poz. 555">art. 410 k.p.k.</xLexLink> polegającą na pominięciu okoliczności przemawiających na korzyść oskarżonego, nieuwzględnieniu wszystkich okoliczności sprawy oraz przeprowadzenie oceny zgromadzonego materiału dowodowego w sposób wybiórczy, dowolny, wbrew zasadom prawidłowego rozumowania oraz wskazań wiedzy i doświadczenia, w szczególności poprzez:</xText>
          <xText>a) przyznanie wyłącznego waloru wiarygodności zeznaniom pokrzywdzonego <xAnon>P. T. (2)</xAnon> oraz jego brata <xAnon>P. T. (1)</xAnon> i dyskredytowanie wyjaśnień oskarżonego, w sytuacji gdy z prawidłowych ustaleń sądu jasno wynika, że między pokrzywdzonym i jego bratem a oskarżonym trwał wciąż narastający konflikt,</xText>
          <xText>b) uznanie, iż wyjaśnienia oskarżonego zostały wykreowane na potrzeby procesu w celu uniknięcia odpowiedzialności karnej w sytuacji gdy zebrany w sprawie materiał dowodowy wskazuje, iż oskarżony nie tylko nie popełnił zarzucanego mu czynu, a w czasie jego popełnienia był w <xAnon>B.</xAnon>, co potwierdzają zeznania <xAnon>K. J.</xAnon> oraz <xAnon>J. M.</xAnon>, którym to sąd bezpodstawnie odmówił waloru wiarygodności,</xText>
          <xText>II.  błąd w ustaleniach faktycznych przyjętych za podstawę orzeczenia, a mających wpływ na treść wyroku przez ustalenie na podstawie nieprawidłowej oceny dowodów, że oskarżony <xAnon>J. Ł.</xAnon> wypełnił znamiona zarzucanego mu czynu, wyczerpującego dyspozycję <xLexLink xArt="art. 245" xIsapId="WDU19970880553" xTitle="Ustawa z dnia 6 czerwca 1997 r. - Kodeks karny" xAddress="Dz. U. z 1997 r. Nr 88, poz. 553">art. 245 k.k.</xLexLink></xText>
          <xText>III.  błąd w ustaleniach faktycznych przyjętych za podstawę orzeczenia, a mających wpływ na treść wyroku przez ustalenie na podstawie nieprawidłowej oceny dowodów, że oskarżony <xAnon>J. Ł.</xAnon> wypełnił znamiona zarzucanego mu czynu, wyczerpującego dyspozycję <xLexLink xArt="art. 158;art. 158 § 1" xIsapId="WDU19970880553" xTitle="Ustawa z dnia 6 czerwca 1997 r. - Kodeks karny" xAddress="Dz. U. z 1997 r. Nr 88, poz. 553">art. 158§1 k.k.</xLexLink></xText>
          <xText>Podnosząc powyższe zarzuty, na mocy <xLexLink xArt="art. 427;art. 427 § 1;art. 427 § 2" xIsapId="WDU19970890555" xTitle="Ustawa z dnia 6 czerwca 1997 r. - Kodeks postępowania karnego" xAddress="Dz. U. z 1997 r. Nr 89, poz. 555">art. 427§1 i 2 k.p.k.</xLexLink> oraz <xLexLink xArt="art. 437" xIsapId="WDU19970890555" xTitle="Ustawa z dnia 6 czerwca 1997 r. - Kodeks postępowania karnego" xAddress="Dz. U. z 1997 r. Nr 89, poz. 555">art. 437 k.p.k.</xLexLink> wniósł o:</xText>
          <xText>I. zmianę wyroku poprzez uniewinnienie oskarżonego od czynu z <xLexLink xArt="art. 245" xIsapId="WDU19970880553" xTitle="Ustawa z dnia 6 czerwca 1997 r. - Kodeks karny" xAddress="Dz. U. z 1997 r. Nr 88, poz. 553">art. 245 k.k.</xLexLink></xText>
          <xText>II. zmianę wyroku poprzez uniewinnienie oskarżonego od czynu z <xLexLink xArt="art. 158" xIsapId="WDU19970880553" xTitle="Ustawa z dnia 6 czerwca 1997 r. - Kodeks karny" xAddress="Dz. U. z 1997 r. Nr 88, poz. 553">art. 158§ k.k.</xLexLink></xText>
          <xText xALIGNx="center">
            <xBx>
              <xIx>Sąd Okręgowy zważył, co następuje: </xIx>
            </xBx>
          </xText>
          <xText>Zasadną jest apelacja prokuratora w części, w jakiej zmierza do uchylenia zaskarżonego wyroku w zakresie czynów z pkt. VIII, IX i X aktu oskarżenia, zarzuconych oskarżonemu <xAnon>J. Ł.</xAnon> oraz z pkt. XI aktu oskarżenia, zarzuconego oskarżonemu <xAnon>J. J. (1)</xAnon> (zarzut z pkt. III i V apelacji). W/w apelacja w pozostałej części oraz apelacja obrońcy oskarżonego <xAnon>J. Ł.</xAnon> są bezzasadne i nie zasługują na uwzględnienie.</xText>
          <xText>Odnosząc się w pierwszej kolejności do zarzutów z pkt. <xBx>I</xBx> i <xBx>II</xBx><xUx>apelacji prokuratora</xUx> stwierdzić należy, że <xIx>de facto </xIx>wynikają one z odmiennej oceny dowodów i jako takie nie zasługują na aprobatę. Jak bowiem wielokrotnie wskazywał Sąd Najwyższy (<xIx>m.in. wyrok z 24 marca 1975 r., II KR 355/74, OSNPG 1975 r., Nr 9, poz. 84</xIx>), możliwość przeciwstawienia ustaleniom sądu orzekającego odmiennego poglądu, nie może prowadzić do wniosku o dokonaniu przez sąd błędu w ustaleniach faktycznych. Zwłaszcza wówczas, gdy sąd orzekający (jak w przedmiotowej sprawie):</xText>
          <xText>- po pierwsze, w pisemnych motywach wyroku szczegółowo i przekonująco uzasadnił swoje stanowisko, wskazując przy tym fakty, jakie uznał za udowodnione lub nie udowodnione, na jakich oparł się dowodach i dlaczego nie uznał dowodów przeciwnych, odnosząc się przy tym do kwestii poruszanych w obu apelacjach;</xText>
          <xText>- po drugie, sądowa ocena dowodów nie wykazuje błędów natury faktycznej (<xIx>niezgodności z treścią dowodu, pominięcia pewnych dowodów</xIx>) lub logicznej (<xIx>błędów rozumowania i wnioskowania</xIx>) oraz nie jest sprzeczna z doświadczeniem życiowym lub wskazaniami wiedzy.</xText>
          <xText>Powyższe okoliczności zwalniają sąd odwoławczy (<xIx>zgodnie ze poglądem wyrażonym przez Sąd Najwyższy w wyroku z dnia 7 lipca 2003 r., sygn. akt III KK 108/02, Lex nr 81194</xIx>) od odnoszenia się w szerszym zakresie do wskazanych w apelacji zarzutów, gdyż byłoby to jedynie zbędnym powtórzeniem poglądów przedstawionych przez Sąd I instancji. W tym miejscu wskazać jedynie należy, że:</xText>
          <xText>Odnośnie zarzutu z pkt. <xBx>I </xBx>apelacji prokuratora (dotyczy czynów z pkt. I i V aktu oskarżenia), zeznania pokrzywdzonych <xAnon>P. T. (1)</xAnon> i <xAnon>R. O.</xAnon> oraz świadków <xAnon>P. L. (1)</xAnon>, <xAnon>G. L.</xAnon>, <xAnon>A. B.</xAnon>, <xAnon>A. G.</xAnon> i <xAnon>K. P. (2)</xAnon> w oparciu o które skonstruowany został omawiany zarzut nie są – wbrew twierdzeniom apelującego – ani spójne, ani konsekwentne (m.in. co do ilości rzekomo atakujących ich napastników, których miało być od 3 do 10).</xText>
          <xText>Nadto, jak wykazał Sąd I instancji zeznania w/w świadków są nielogiczne i sprzeczne z doświadczeniem życiowym. Trudno sobie wyobrazić, aby pozbawieni jakiejkolwiek broni zdołali odebrać /dobrze zbudowanym i zdeterminowanym napastnikom/ niebezpieczne narzędzia, a następnie ruszyli za nimi w pogoń, aby dowiedzieć się o co im chodziło.</xText>
          <xText>Co więcej, zeznania w/w świadków są sprzeczne z zeznaniami funkcjonariusza policji <xAnon>A. T.</xAnon>. Wynika z nich, że stroną atakującą byli w/w świadkowie (w liczbie co najmniej siedmiu), którzy biegli od strony <xAnon>ulicy (...)</xAnon> w kierunku <xAnon>ulicy (...)</xAnon>. Na widok policjantów odrzucili trzymane przez siebie przedmioty w postaci noża kuchennego, maczety, dwóch metalowych rurek oraz miotacza gazu.</xText>
          <xText>W świetle zgromadzonych w sprawie dowodów, a nadto logiki i doświadczenia życiowego wyjaśnienia oskarżonych <xAnon>J. J. (2)</xAnon> i <xAnon>K. P. (1)</xAnon> oraz świadka <xAnon>P. O. (2)</xAnon>, pomimo pewnych rozbieżności (częściowo wyjaśnionych w dalszej fazie postępowania), jawią się jako bardziej prawdopodobne (wynika z nich, że to oni zostali zaatakowani). <xAnon>R. J.</xAnon> nie krył tego, że widząc agresywnych napastników, wziął z samochodu maczetę i zaczął uciekać. Gdy został dopędzony przez <xAnon>P. T. (1)</xAnon> i uderzony przez niego nożem (na skutek tego doznał rany ciętej prawego ramienia), broniąc się, uderzył maczetą na oślep. Podał też, że w czasie pościgu napastnicy (będąc rozproszeni) rzucali w jego kierunku niebezpiecznymi przedmiotami, z których jeden mógł trafić w przedramię <xAnon>R. O.</xAnon>.</xText>
          <xText>Dodać należy, że nawet z zeznań zatrzymanych przez policję świadków (nie wspominając o spójnych i konsekwentnych w tym zakresie wyjaśnieniach oskarżonych oraz zeznaniach <xAnon>P. O. (2)</xAnon>) nie wynika, aby <xAnon>R. J.</xAnon> został przywieziony w rejon miejsca zdarzenia przez <xAnon>K. P. (1)</xAnon> (<xIx>vide</xIx> zarzut z pkt. V aktu oskarżenia).</xText>
          <xText>Na marginesie, jak słusznie zauważył Sąd I instancji, opierając się nawet na zeznaniach zatrzymanych przez policję świadków, niezrozumiałym jest konstrukcja aktu oskarżenia, w której <xAnon>K. P. (1)</xAnon> oskarżony został o „pomoc” w pobiciu, zaś <xAnon>P. O. (2)</xAnon> w ogóle nie został oskarżony.</xText>
          <xText>Reasumując tę część rozważań, należy zgodzić się z Sądem I instancji, że zgromadzone w omawianym zakresie dowody nie pozwalają na pełne odtworzenie przebiegu zdarzenia z dnia 28 sierpnia 2011 r., a tym bardziej przypisanie oskarżonym <xAnon>R. J.</xAnon> i <xAnon>K. P. (1)</xAnon> zarzucanych im czynów.</xText>
          <xText>Odnoście zarzutu z pkt. <xBx>II </xBx><xUx>apelacji prokuratora</xUx> (dotyczy czynów z pkt. II, III, VI i VII aktu oskarżenia) należy zgodzić się należy z rzecznikiem oskarżenia, iż zeznania <xAnon>I. B.</xAnon>, <xAnon>S. P.</xAnon> i <xAnon>P. O. (1)</xAnon> są w zasadzie spójne w zakresie opisu zdarzeń z dnia 29 sierpnia 2011 r. Przy czym, czego zdaje się nie dostrzegać prokurator, oskarżony <xAnon>R. J.</xAnon> przedstawił odmienną wersję kolizji drogowej (pkt. II a/o), której w świetle innych dowodów, a zwłaszcza opinii biegłego z zakresu ruchu drogowego, nie dało się podważyć. Co istotne, wersja ta wydaje się prawdopodobna w świetle zasad logiki i doświadczenia życiowego. Trudno bowiem wyobrazić, że <xAnon>R. J.</xAnon> jadąc samochodem m-ki <xAnon>M.</xAnon> z nieporównywalnie większą prędkością niż <xAnon>I. B.</xAnon>, kierujący <xAnon>N. (...)</xAnon>, narażałby się na poważne (dla niego) skutki kolizji. Nie mając ubezpieczenia <xIx>auto casco</xIx>. Nadto, jadąc sam, zamierzał wchodzić w otwarty konflikt z trzema osobnikami jadącymi w/w pojazdem.</xText>
          <xText>Zauważyć należy, że żaden ze świadków (w tym <xAnon>I. B.</xAnon>, <xAnon>S. P.</xAnon> i <xAnon>P. O. (1)</xAnon>) nie widział, aby <xAnon>R. J.</xAnon> i <xAnon>J. Ł.</xAnon> brali udział w uszkadzaniu <xAnon>N.</xAnon><xAnon>M.</xAnon> (bezpośrednio po kolizji) bądź pobiciu <xAnon>S. P.</xAnon> (czynu z pkt. II, III, VI i VII a/o). Co więcej, z zeznań w/w świadków wynika, że <xAnon>R. J.</xAnon> (bezpośrednio po kolizji) nie wychodził ze swego samochodu.</xText>
          <xText>Nie sposób nie dostrzec tego, że omawiane zarzuty opierają się wyłącznie na przypuszczeniach w/w świadków oraz domniemaniu, że skoro <xAnon>R. J.</xAnon> bezpośrednio po kolizji dzwonił (przesłał sms-a) do <xAnon>J. Ł.</xAnon>, a po kilku minutach pojawiła się grupa ok. 10 napastników, to obaj w/w oskarżeni musieli dopuścić się czynów z pkt. II, III, VI i VII a/o. Przy czym taka wersja zdarzeń nie jest jedyną możliwą, zważywszy, że jak wyjaśnił <xAnon>R. J.</xAnon>, dzwonił do <xAnon>J. Ł.</xAnon> po to, aby zorganizował lawetę. Co istotne, w międzyczasie (na przestrzeni kilku minut, co wynika z bilingów rozmów telefonicznych) zawiadomił o kolizji policję. W tej sytuacji – jak słusznie zauważył Sąd I instancji – irracjonalnym wydaje się to, że niemalże jednocześnie wzywałby policję oraz kolegów „na odsiecz”.</xText>
          <xText>Dowodem winy <xAnon>R. J.</xAnon> nie jest z pewnością informacja tekstowa (sms) wysłana do <xAnon>J. Ł.</xAnon> o treści <xIx>„szukajcie plichy jego tu nie ma, ja przy psach dla tego pawki naje…em”. </xIx>Została ona bowiem wysłana (na co ewidentnie wskazuje m.in. jej treść) po przedmiotowym zdarzeniu. Jej treść wskazuje też na to, że nie wiedział on co się dzieje z <xAnon>S. P.</xAnon>.</xText>
          <xText>Na marginesie, <xAnon>J. Ł.</xAnon>podał, że w nocy z 28/29 sierpnia 2011  r. do godziny 2:00 przebywał w <xAnon>barze (...)</xAnon>, co potwierdzili świadkowie <xAnon>T. G.</xAnon>, <xAnon>B. S.</xAnon>, <xAnon>P. W.</xAnon>i <xAnon>P. G.</xAnon>.</xText>
          <xText>Reasumując, należy zgodzić się z Sądem I instancji, że zgromadzony w tej części materiał dowodowy nie wykazał, iż oskarżeni <xAnon>R. J.</xAnon> i <xAnon>J. Ł.</xAnon> dopuścili się omawianych przestępstw.</xText>
          <xText>Końcowo dodać należy, że rzecznik oskarżenia usiłuje podważyć sądową ocenę dowodów w omawianych wyżej zakresach w oparciu o wybrane fragmenty materiału dowodowego, formułując wersje alternatywne. Zdaje się przy tym nie dostrzegać wskazań zawartych w podstawowych zasadach oceny dowodów zawartych nie tylko w <xLexLink xArt="art. 7" xIsapId="WDU19970890555" xTitle="Ustawa z dnia 6 czerwca 1997 r. - Kodeks postępowania karnego" xAddress="Dz. U. z 1997 r. Nr 89, poz. 555">art. 7 k.p.k.</xLexLink> (obliguje organy postępowania /w tym prokuratora/ do analizy oraz oceny wszystkich zgromadzonych w sprawie dowodów we wzajemnym ze sobą powiązaniu, zgodnie z zasadami logiki i doświadczenia życiowego), ale nadto w <xLexLink xArt="art. 5;art. 5 § 2" xIsapId="WDU19970890555" xTitle="Ustawa z dnia 6 czerwca 1997 r. - Kodeks postępowania karnego" xAddress="Dz. U. z 1997 r. Nr 89, poz. 555">art. 5§2 k.p.k.</xLexLink> (nakłada obowiązek rozstrzygania na korzyść oskarżonego nie dających się usunąć wątpliwości).</xText>
          <xText>Odnośnie zarzutu z pkt. <xBx>III</xBx><xUx>apelacji prokuratora</xUx> dotyczącego czynów z pkt. VIII, IX i XI aktu oskarżenia (zarzuconych oskarżonym <xAnon>J. Ł.</xAnon> i <xAnon>J. J. (1)</xAnon>), na wstępie wskazać należy, że przekonanie sądu o wiarygodności jednych dowodów i niewiarygodności innych pozostaje pod ochroną prawa procesowego (<xLexLink xArt="art. 7" xIsapId="WDU19970890555" xTitle="Ustawa z dnia 6 czerwca 1997 r. - Kodeks postępowania karnego" xAddress="Dz. U. z 1997 r. Nr 89, poz. 555">art. 7 k.p.k.</xLexLink>) m.in. wtedy, gdy:</xText>
          <xText>1) jest poprzedzone ujawnieniem w toku rozprawy głównej całokształtu okoliczności sprawy (<xLexLink xArt="art. 410" xIsapId="WDU19970890555" xTitle="Ustawa z dnia 6 czerwca 1997 r. - Kodeks postępowania karnego" xAddress="Dz. U. z 1997 r. Nr 89, poz. 555">art. 410 k.p.k.</xLexLink>) i to w sposób podyktowany obowiązkiem dochodzenia prawdy (<xLexLink xArt="art. 2;art. 2 § 2" xIsapId="WDU19970890555" xTitle="Ustawa z dnia 6 czerwca 1997 r. - Kodeks postępowania karnego" xAddress="Dz. U. z 1997 r. Nr 89, poz. 555">art. 2§2 k.p.k.</xLexLink>);</xText>
          <xText>2) stanowi wynik rozważenia wszystkich okoliczności przemawiających zarówno na korzyść, jak i na niekorzyść oskarżonego (<xLexLink xArt="art. 4" xIsapId="WDU19970890555" xTitle="Ustawa z dnia 6 czerwca 1997 r. - Kodeks postępowania karnego" xAddress="Dz. U. z 1997 r. Nr 89, poz. 555">art. 4 k.p.k.</xLexLink>),</xText>
          <xText>3) jest wyczerpująco i logicznie - z uwzględnieniem wskazań wiedzy i doświadczenia życiowego - uargumentowane w uzasadnieniu wyroku (art. 424§1 pkt 1).</xText>
          <xText>Należy zgodzić się z rzecznikiem oskarżenia, iż Sąd I instancji nie zrealizował dyrektyw zawartych we wskazanych wyżej <xLexLink xArt="art. 7 pkt. 2;art. 7 pkt. 3" xIsapId="WDU19970890555" xTitle="Ustawa z dnia 6 czerwca 1997 r. - Kodeks postępowania karnego" xAddress="Dz. U. z 1997 r. Nr 89, poz. 555">pkt. 2 i 3</xLexLink>. Dopuścił się w omawianym zakresie błędnych ustaleń faktycznych, będących konsekwencją wadliwej oceny dowodów (obraza <xLexLink xArt="art. 7" xIsapId="WDU19970890555" xTitle="Ustawa z dnia 6 czerwca 1997 r. - Kodeks postępowania karnego" xAddress="Dz. U. z 1997 r. Nr 89, poz. 555">art. 7 k.p.k.</xLexLink>). Nadto przypisał nadmierne znaczenie okolicznościom „korzystnym” dla oskarżonych, nie dostrzegając przy tym i nie uwzględniając okoliczności przemawiających na ich niekorzyść (obraza <xLexLink xArt="art. 4" xIsapId="WDU19970890555" xTitle="Ustawa z dnia 6 czerwca 1997 r. - Kodeks postępowania karnego" xAddress="Dz. U. z 1997 r. Nr 89, poz. 555">art. 4 k.p.k.</xLexLink>).</xText>
          <xText>Przede wszystkim zgromadzone w tej części dowody, oceniane w sposób logiczny we wzajemnym ze sobą powiązaniu, dają podstawy do przyjęcia, iż obaj oskarżeni, tj. <xAnon>J. Ł.</xAnon> i <xAnon>J. J. (1)</xAnon> znajdowali się w grupie osób, które w nocy 9 grudnia 2011 r. znalazły się pod blokiem przy <xAnon>ul. (...)</xAnon> w <xAnon>B.</xAnon>. Wynika to nie tylko z zeznań naocznego świadka zdarzenia <xAnon>P. L. (2)</xAnon>, ale nadto korespondujących z nimi zeznań <xAnon>K. K.</xAnon> i <xAnon>D. S.</xAnon>, a nadto wyjaśnień samego oskarżonego <xAnon>J. J. (1)</xAnon>. Jak słusznie podnosi rzecznik oskarżenia, żadna z przesłuchanych osób nie wspominała o obecności na miejscu zdarzenia brata <xAnon>J. K.</xAnon><xAnon>J.</xAnon>. Nadto ten ostatni stanowczo i konsekwentnie zeznań, że przedmiotowej nocy przebywał w <xAnon>B.</xAnon>, gdzie zamieszkuje.</xText>
          <xText>Dodać należy, że <xAnon>P. L. (2)</xAnon> podczas okazania w toku postępowania przygotowawczego rozpoznał (bez cienia wątpliwości) obu oskarżonych (k. 477 – 478 i 481 – 482).</xText>
          <xText>W świetle powyższych dowodów nie do zaakceptowania jest pogląd Sądu I instancji, iż <xAnon>P. L. (2)</xAnon> mógł pomylić obu braci <xAnon>J.</xAnon>. Tym bardziej, że – jak słusznie podnosi apelujący – zdarzenie miało miejsce zimą w nocy , a <xAnon>J. J. (1)</xAnon> ubrany był w kurtkę. Zważywszy nadto na dynamikę zdarzeń, logicznym wydaje się, że <xAnon>P. L. (2)</xAnon> mógł nie zauważyć gipsu na ręce oskarżonego.</xText>
          <xText>Sąd Okręgowy podziela też pogląd rzecznika oskarżenia, zgodnie z którym zgromadzone w sprawie dowody uprawniają do przyjęcia, że <xAnon>J. Ł.</xAnon> oraz <xAnon>J. J. (1)</xAnon> nie byli wyłącznie obserwatorami zdarzeń, ale aktywnymi ich uczestnikami.</xText>
          <xText>Nie ulega wątpliwości, że koronnym dowodem w tym zakresie są zeznania <xAnon>P. L. (2)</xAnon>, co do wiarygodności których – zdaniem Sądu Okręgowego – nie można mieć zastrzeżeń. Świadek ten podczas śledztwa podał m.in. (k. 437v – 438v), że jednym z najbardziej agresywnych napastników, który znajdował się na klatce schodowej i biegł za ojcem aż do drzwi mieszkania był <xAnon>J. Ł.</xAnon>. Jako jednego z aktywnych uczestników zajścia wskazał też jednego z braci <xAnon>J.</xAnon> (jak wynika m.in. z innych dowodów, o czym wyżej, chodziło o <xAnon>J. J. (1)</xAnon>).</xText>
          <xText>W trakcie okazania obu oskarżonych (o czym m.in. wyżej) potwierdził swoje zeznania. Podał m.in., że oskarżony <xAnon>J. J. (1)</xAnon>, stojąc przed blokiem z innymi osobami, „<xIx>krzyczał i wygrażał się dla .. ojca</xIx>”. M.in. słowami „<xIx>choć k..wa na dół, zaje…my cię</xIx>” (k. 481v).</xText>
          <xText>Podczas rozprawy <xAnon>P. L. (2)</xAnon> podtrzymał swoje zeznania (k. 987 – 987v).</xText>
          <xText>Zdaniem Sądu Okręgowego ocena zebranych w tej części dowodów prowadzi do wniosków odmiennych od poczynionych przez Sąd I instancji, tak w zakresie pobytu obu oskarżonych na miejscu zdarzenia (na marginesie, Sąd I instancji dopuścił taką ewentualność), jak i w zakresie aktywnego uczestnictwa obu oskarżonych w inkryminowanych działaniach. Z uwagi na to, że wskazane wyżej uchybienia mogły mieć wpływ na treść wyroku, na mocy <xLexLink xArt="art. 438;art. 438 pkt. 2;art. 438 pkt. 3" xIsapId="WDU19970890555" xTitle="Ustawa z dnia 6 czerwca 1997 r. - Kodeks postępowania karnego" xAddress="Dz. U. z 1997 r. Nr 89, poz. 555">art. 438 pkt. 2 i 3 k.p.k.</xLexLink> należało orzec, jak w pkt. I sentencji niniejszego wyroku.</xText>
          <xText>Podczas ponownego rozpoznania sprawy Sąd I instancji winien dokonać ponownej oceny oraz analizy zgromadzonych dowodów, ze wzajemnym ze sobą powiązaniu, z uwzględnieniem logiki i doświadczenia życiowego. Osobną kwestią wymagającą rozważenia jest konstrukcja (opis) zarzucanych oskarżonym czynów, a zwłaszcza z pkt. VIII i IX (należy zastanowić się, czy zachowania <xAnon>J. Ł.</xAnon> realizują znamiona dwóch odrębnych czynów) oraz ich kwalifikacja prawna (na co zwrócił uwagę Sąd I instancji w uzasadnieniu zaskarżonego wyroku).</xText>
          <xText>Odnośnie zarzutu z pkt. <xBx>IV</xBx> i <xBx>V</xBx><xUx>apelacji prokuratora, </xUx>uzasadnione jest twierdzenie, że zachowania <xAnon>R. J.</xAnon> oraz <xAnon>J. Ł.</xAnon> – w realiach niniejszej sprawy – nie były działaniami „bez powodu". Z działaniem bez powodu mamy bowiem do czynienia wyłącznie wtedy, gdy nie istnieje świadomy, racjonalny motyw działania (działaniu brak wszelkich racji). Jak przyjął Sąd I instancji, inkryminowane zachowania oskarżonych miały podłoże w zatargu z pokrzywdzonymi. <xAnon>P. O. (1)</xAnon> był pasażerem samochodu, którego kierowca doprowadził do kolizji z samochodem <xAnon>R. J.</xAnon>, nadto – jak twierdzi oskarżony – zachowywał się wobec niego prowokacyjnie (drwił z niego). Z kolei <xAnon>P. T. (2)</xAnon> (podobnie jak <xAnon>P. T. (1)</xAnon>) byli świadkami w sprawie przeciwko <xAnon>R. J.</xAnon> (koledze <xAnon>J. Ł.</xAnon>) i celem działania w/w oskarżonego – jak przyjął Sąd I instancji – było wywarcie wpływu na ich postawę w sprawie.</xText>
          <xText>Kwestia, czy powód działania sprawcy był „oczywiście błahy” w rozumieniu powszechnym, powinna być rozstrzygana na tle porównania wagi przyczyny zewnętrznej, która pobudziła sprawcę do przestępnego działania, z rodzajem i sposobem tego działania. Jeżeli porównanie tych faktów wskazywałoby na to, że działanie sprawcy przedstawia się jako reakcja odwetowa rażąco niewspółmierna do przyczyny zewnętrznej, to należy uznać, iż w rozumieniu powszechnym powód działania sprawcy był oczywiście błahy (<xIx>por. wyrok Sądu Najwyższego z dnia 25.10.1974 r., Rw 496/74, Pip 1975 r., z. 8-9). </xIx>O ile reakcji oskarżonego <xAnon>R. J.</xAnon> (jeden cios pięścią w twarz) nie sposób uznać za rażąco niewspółmierną do zachowania <xAnon>P. O. (1)</xAnon>, o tyle reakcja oskarżonego <xAnon>J. Ł.</xAnon>, o której mowa w pkt. X aktu oskarżenia) była – zdaniem Sądu Okręgowego – rażąco niewspółmierna. Tym bardziej, że chodziło o krzywdę spowodowaną – w jego rozumieniu – nie jemu samemu, a jego koledze. W tych okolicznościach zachodzą przesłanki do uznania, że oskarżony <xAnon>J. Ł.</xAnon> działał z „oczywiście błahego" powodu. Cel, jaki mu przyświecał nie usprawiedliwiał - w rozumieniu powszechnym - w istotnym stopniu podjętych przez niego działań.</xText>
          <xText>Logiczną konsekwencją zmiany ustaleń w omówionym wyżej zakresie (tym samym kwalifikacji prawnej czynu) byłoby orzeczenie wobec oskarżonego <xAnon>J. Ł.</xAnon> surowszej kary pozbawienia wolności. Zważywszy, że orzeczenie w tych warunkach kary przez Sąd Okręgowy, jako sąd odwoławczy, naruszałoby regułę <xIx>ne peius</xIx> (<xLexLink xArt="art. 454;art. 454 § 2" xIsapId="WDU19970890555" xTitle="Ustawa z dnia 6 czerwca 1997 r. - Kodeks postępowania karnego" xAddress="Dz. U. z 1997 r. Nr 89, poz. 555">art. 454§2 k.p.k.</xLexLink>), wyrok w zakresie czynu z pkt. X aktu oskarżenia (pkt. IV części dyspozytywnej zaskarżonego wyroku) należało uchylić i sprawę w tym zakresie przekazać Sądowi I instancji do ponownego rozpoznania.</xText>
          <xText>Rozstrzygniecie w zakresie omawianego wyżej czynu, zarzuconego (przypisanego) oskarżonemu <xAnon>J. Ł.</xAnon> jest nadto wynikiem niedopatrzenia się innych uchybień w sądowej ocenie dowodów oraz ustaleniach faktycznych w tej części. Konsekwencją uwzględnienia <xUx>apelacji obrońcy</xUx> w/w oskarżonego, zarzucającego Sądowi I instancji m.in. obrazę <xLexLink xArt="art. 7" xIsapId="WDU19970890555" xTitle="Ustawa z dnia 6 czerwca 1997 r. - Kodeks postępowania karnego" xAddress="Dz. U. z 1997 r. Nr 89, poz. 555">art. 7 k.p.k.</xLexLink> oraz błędy w ustaleniach faktycznych, byłby bowiem wyrok uniewinniający. Zaprezentowana przez Sąd I instancji ocena dowodów w omawianym zakresie, wbrew twierdzeniom apelującej, nie zawiera błędów natury faktycznej (niezgodności z treścią dowodu) lub logicznej (błędności rozumowania i wnioskowania) i tym samym nie wykracza poza zakreślone przepisem <xLexLink xArt="art. 7" xIsapId="WDU19970890555" xTitle="Ustawa z dnia 6 czerwca 1997 r. - Kodeks postępowania karnego" xAddress="Dz. U. z 1997 r. Nr 89, poz. 555">art. 7 k.p.k.</xLexLink> granice sędziowskiej swobody ocen.</xText>
          <xText>Z uwagi na sposób rozstrzygnięcia w powyższym zakresie, niecelowym jest odnoszenie się do wszystkich zarzutów sformułowanych przez obrońcę oskarżonego, a zwłaszcza we wskazanym wyżej zakresie. W tym miejscu wskazać jedynie należy, że cechy oczywistej bezzasadności mają zarzuty obrazy <xLexLink xArt="art. 4" xIsapId="WDU19970890555" xTitle="Ustawa z dnia 6 czerwca 1997 r. - Kodeks postępowania karnego" xAddress="Dz. U. z 1997 r. Nr 89, poz. 555">art. 4 k.p.k</xLexLink> oraz <xLexLink xArt="art. 410" xIsapId="WDU19970890555" xTitle="Ustawa z dnia 6 czerwca 1997 r. - Kodeks postępowania karnego" xAddress="Dz. U. z 1997 r. Nr 89, poz. 555">art. 410 k.p.k.</xLexLink> Pierwszy z nich stanowi ogólną dyrektywę adresowaną do organów prowadzących postępowanie i zarzut jego naruszenia, bez wskazania innych konkretnych przepisów procedury, które miałyby zostać naruszone, nie może stanowić samoistnej podstawy apelacji. Z kolei zarzut naruszenia <xLexLink xArt="art. 410" xIsapId="WDU19970890555" xTitle="Ustawa z dnia 6 czerwca 1997 r. - Kodeks postępowania karnego" xAddress="Dz. U. z 1997 r. Nr 89, poz. 555">art. 410 k.p.k.</xLexLink> może być zasadny jedynie wówczas, gdyby sąd pierwszej instancji opierał się na materiale dowodowym, który w sprawie nie został ujawniony, bądź orzekał w oparciu o część ujawnionego materiału dowodowego. Nie można natomiast uznać, że przepis ten został naruszony w przypadku, gdy sąd dokonuje oceny dowodów niezgodnej z oczekiwaniami skarżącego.</xText>
          <xText>Podczas ponownego rozpoznania sprawy w omawianym zakresie Sąd I instancji winien przeanalizować powyższe wskazania i zapatrywania prawne.</xText>
          <xText>Przeprowadzając postępowanie w zakresie dowodów, które nie miały wpływu na uchylenie wyroku, może poprzestać na ich ujawnieniu (<xLexLink xArt="art. 442;art. 442 § 1" xIsapId="WDU19970890555" xTitle="Ustawa z dnia 6 czerwca 1997 r. - Kodeks postępowania karnego" xAddress="Dz. U. z 1997 r. Nr 89, poz. 555">art. 442§1 k.p.k.</xLexLink>).</xText>
          <xText>Końcowo wskazać należy, że nie budzi zastrzeżeń kara orzeczona wobec oskarżonego <xAnon>R. J.</xAnon> za czyn przypisany mu w pkt. I części dyspozytywnej zaskarżonego wyroku (uchylenie wyroku w zakresie czynu przypisanego oskarżonemu <xAnon>J. Ł.</xAnon> w pkt. IV części dyspozytywnej zaskarżonego wyroku czyni bezprzedmiotowym odnoszenie się do zarzutu rażącej niewspółmierności kary w tym zakresie).</xText>
          <xText>Na wstępie podkreślić należy, ze nie każda różnica w ocenie wymiaru kary może uzasadniać zarzut rażącej niewspółmierności kary w rozumieniu <xLexLink xArt="art. 438;art. 438 pkt. 4" xIsapId="WDU19970890555" xTitle="Ustawa z dnia 6 czerwca 1997 r. - Kodeks postępowania karnego" xAddress="Dz. U. z 1997 r. Nr 89, poz. 555">art. 438 pkt 4 kpk</xLexLink>, ale tylko taka, która jest natury zasadniczej, to znaczy jest niewspółmierna w stopniu nie dającym się zaakceptować. Niewspółmierność rażąca to znaczna, "bijąca w oczy" różnica między karą wymierzoną, a karą sprawiedliwą, zasłużoną (<xIx>m.in. wyrok Sądu Apelacyjnego we Wrocławiu z dnia 30 maja 2003 r., II AKa 163/03, OSA 2003/11/113</xIx>).</xText>
          <xText>Jak wynika z uzasadnienia zaskarżonego wyroku Sąd I instancji orzekając wobec <xAnon>R. J.</xAnon> karę uwzględnił wszystkie okoliczności istotne z punktu widzenia jej wymiaru, w tym podnoszone przez apelującego (m.in. uprzednią karalność oskarżonego), jego postawę w trakcie postępowania (przyznał się do popełnienia czynu), postawę pokrzywdzonego <xAnon>P. O. (1)</xAnon> (w tym pozytywne skutki mediacji) oraz właściwości i warunki osobiste oskarżonego). Zważywszy, że stopień winy <xAnon>R. J.</xAnon> oraz społecznej szkodliwości czynu nie jest nadmiernie wysoki, orzeczonej kary grzywny (w wymiarze 4.300-zł.), która będzie stanowić realną dolegliwość dla oskarżonego, nie sposób traktować w kategoriach niewspółmiernej, a zwłaszcza w stopniu rażącym (<xLexLink xArt="art. 438;art. 438 pkt. 4" xIsapId="WDU19970890555" xTitle="Ustawa z dnia 6 czerwca 1997 r. - Kodeks postępowania karnego" xAddress="Dz. U. z 1997 r. Nr 89, poz. 555">art. 438 pkt 4 k.p.k.</xLexLink>).</xText>
          <xText>Nie stwierdzając innych uchybień, które mogłyby mieć wpływ na treść zaskarżonego wyroku, należało orzec, jak w pkt. II sentencji niniejszego wyroku.</xText>
          <xText>O kosztach procesu za postępowanie odwoławcze (w części utrzymującej w mocy zaskarżony wyrok) orzeczono na mocy <xLexLink xArt="art. 636;art. 636 § 1" xIsapId="WDU19970890555" xTitle="Ustawa z dnia 6 czerwca 1997 r. - Kodeks postępowania karnego" xAddress="Dz. U. z 1997 r. Nr 89, poz. 555">art. 636§1 k.p.k.</xLexLink></xText>
        </xUnit>
      </xBlock>
    </xPart>
  </judgement>
<judgement id="151500000002503_V_ACa_000708_2013_Uz_2014-02-18_001">
    <xPart xClassifier="ajasinska" xEditorFullName="Agnieszka Jasińska-Łuszczkiewicz" xYear="2013" xLang="PL" xPublisherFullName="Marta Zdrodowska" xFromPg="1" xEditor="ajasinska" xVolType="15/150000/0002503/ACa" xClassified="false" xPublisher="mzdrodowska" xDocType="Uz" xClassifierFullName="Agnieszka Jasińska-Łuszczkiewicz" xVolNmbr="000708" xVersion="1.0" xToPage="17" xFlag="published">
      <xName>Wyrok+Uzasadnienie</xName>
      <xBlock>
        <xText>Sygn. akt V ACa 708/13</xText>
        
        <xUnit xIsTitle="true" xType="part" xBold="true">
          <xName>WYROK</xName>
          <xTitle>W IMIENIU RZECZYPOSPOLITEJ POLSKIEJ</xTitle>
          <xText xALIGNx="right">      Dnia 18 lutego 2014 r.</xText>
          
          <xText>Sąd Apelacyjny w Katowicach V Wydział Cywilny</xText>
          <xText>w składzie:</xText>
          <xRows>
            <xCOLGROUPx>
              <xCOLx xWIDTHx="214"/>
              <xCOLx xWIDTHx="498"/>
            </xCOLGROUPx>
            <xRow>
              <xClmn xALIGNx="left" xVALIGNx="top">
                <xText xALIGNx="right">Przewodniczący :</xText>
              </xClmn>
              <xClmn xALIGNx="left" xVALIGNx="top">
                <xText>SSA Grzegorz Stojek (spr.)</xText>
              </xClmn>
            </xRow>
            <xRow>
              <xClmn xALIGNx="left" xVALIGNx="top">
                <xText xALIGNx="right">Sędziowie :</xText>
              </xClmn>
              <xClmn xALIGNx="left" xVALIGNx="top">
                <xText>SA Janusz Kiercz</xText>
                <xText>SA Olga Gornowicz-Owczarek</xText>
              </xClmn>
            </xRow>
            <xRow>
              <xClmn xALIGNx="left" xVALIGNx="top">
                <xText xALIGNx="right">Protokolant :</xText>
              </xClmn>
              <xClmn xALIGNx="left" xVALIGNx="top">
                <xText>Barbara Knop</xText>
              </xClmn>
            </xRow>
          </xRows>
          <xText>po rozpoznaniu w dniu 18 lutego 2014 r. w Katowicach</xText>
          <xText>na rozprawie</xText>
          <xText>sprawy z powództwa <xAnon>(...)</xAnon> Spółki Akcyjnej <xBRx/>w <xAnon>W.</xAnon></xText>
          <xText>przeciwko <xAnon>E. K.</xAnon> i <xAnon>J. K.</xAnon></xText>
          <xText>o zapłatę</xText>
          <xText>na skutek apelacji obu stron</xText>
          <xText>od wyroku Sądu Okręgowego w Gliwicach</xText>
          <xText>z dnia 4 czerwca 2013 r., sygn. akt I C 66/13</xText>
          
          <xUnit xIsTitle="false" xType="none">
            <xName xSffx=".">1</xName>
            <xText>zmienia zaskarżony wyrok w ten sposób, że utrzymuje w mocy w całości nakaz zapłaty w postępowaniu nakazowym wydany przez Sąd Okręgowy w Gliwicach <xBRx/>w dniu 5 listopada 2012r., sygn. akt I Nc 66/12;</xText>
          </xUnit>
          <xUnit xIsTitle="false" xType="none">
            <xName xSffx=".">2</xName>
            <xText>oddala apelację pozwanych;</xText>
          </xUnit>
          <xUnit xIsTitle="false" xType="none">
            <xName xSffx=".">3</xName>
            <xText>zasądza solidarnie od pozwanych na rzecz powódki kwotę 2.700 (dwa tysiące siedemset) złotych tytułem kosztów postępowania apelacyjnego.</xText>
          </xUnit>
          
          <xText>Sygn. akt V ACa 708/13</xText>
        </xUnit>
        <xUnit xIsTitle="true" xType="part" xBold="true">
          <xName>UZASADNIENIE</xName>
          <xText>Powódka, <xAnon>(...)</xAnon> S.A. w <xAnon>W.</xAnon>, wniosła o wydanie nakazu zapłaty w postępowaniu nakazowym i orzeczenie nim, że pozwani <xAnon>E. K.</xAnon> i <xAnon>J. K.</xAnon> mają jej solidarnie zapłacić 104.066,97 zł z ustawowymi odsetkami od 12 września 2009 r. oraz koszty postępowania.</xText>
          <xText>Sąd Okręgowy w Gliwicach uwzględnił powództwo nakazem zapłaty w postępowaniu nakazowym z 5 listopada 2012 r., sygn. akt I Nc 66/12.</xText>
          <xText>Na skutek zarzutów pozwanych od nakazu zapłaty, o jakim wyżej mowa, zaskarżonego w całości, Sąd Okręgowy zaskarżonym wyrokiem, po pierwsze, uchylił nakaz zapłaty, po drugie, zasądził solidarnie od pozwanych na rzecz powódki kwotę 104.066,97 zł z ustawowymi odsetkami od 12 września 2009 r. do 4 czerwca 2013 r., po trzecie, orzekł, że „zapłatę zasądzonej kwoty rozkłada na 42 raty – w tym 41 rat po 3500 (…) złotych i ostatnia rata stanowiąca różnicę pomiędzy zasądzoną kwotą a kwotą uiszczoną w 41 ratach – płatne do ostatniego dnia każdego miesiąca począwszy od maja 2014 roku z ustawowymi odsetkami w razie opóźnienia w płatności którejkolwiek z rat”, po czwarte, orzekł o kosztach procesu.</xText>
          <xText>Rozstrzygnięcie oparł o następujące ustalenia faktyczne i oceny prawne.</xText>
          <xText>W dniu 7 kwietnia 2005 r. strony zawarły umowę o kredyt inwestycyjny dla pozwanych w kwocie 300.000 zł, oznaczoną numerem <xAnon>(...)</xAnon>.</xText>
          <xText>Sąd Okręgowy w Gliwicach wyrokiem z 3 września 2009 r., sygn. akt IV K 185/08, prawomocnym z dniem 12 września 2009 r., po pierwsze, uznał pozwanych za winnych tego, że 7 kwietnia 2005 r. w <xAnon>Z.</xAnon>, działając wspólnie i w porozumieniu z innymi osobami, w celu osiągnięcia korzyści majątkowej polegającej na uzyskaniu kredytu inwestycyjnego, o jakim była już mowa, przedłożyli podrobione i stwierdzające nieprawdę dokumenty oraz złożyli nierzetelne oświadczenia, wprowadzając w ten sposób powódkę w błąd co do swojej zdolności płatniczej i doprowadzili ją do niekorzystnego rozporządzenia mieniem znacznej wartości przez udzielenie kredytu w kwocie 300.000 zł, co stanowi przestępstwo wskazane w omawianym wyroku, po drugie, skazał pozwanych za to przestępstwo na karę pozbawienia wolności na czas określony w wyroku, której wykonanie warunkowo zawiesił na okres próby wynoszący dwa lata, po trzecie, na zasadzie <xLexLink xArt="art. 72;art. 72 § 2" xIsapId="WDU19970880553" xTitle="Ustawa z dnia 6 czerwca 1997 r. - Kodeks karny" xAddress="Dz. U. z 1997 r. Nr 88, poz. 553">art. 72 § 2 kk</xLexLink> zobowiązał pozwanych, by w okresie dziesięciu lat solidarnie naprawili szkodę poprzez zapłatę na rzecz powódki kwoty 126.766,97 zł.</xText>
          <xText>Z kwoty 126.766,97 zł pozwani zapłacili powódce 22.700 zł; do zapłaty pozostało 104.066,97 zł.</xText>
          <xText>Strony prowadziły korespondencję, żeby ustalić postanowienia ugody, która miała obejmować obowiązek naprawienia przez pozwanych szkody wyrządzonej powódce, z tym że sporna była między nimi kwestia odsetek. Pozwani podnosili, że powódka nie ma podstaw prawnych do domagania się odsetek oraz że obowiązani są do naprawienia szkody przez zapłatę należności głównej w ciągu 10 lat.</xText>
          <xText>Pozwani prowadzą działalność gospodarczą, uzyskując z tego tytułu dochody w kwocie około 5.000 zł miesięcznie, pozwana otrzymuje także emeryturę w wysokości 1.500 zł miesięcznie. Pozwani nie są właścicielami nieruchomości, nie posiadają wartościowych przedmiotów, jakichkolwiek zasobów. Są dłużnikami z tytułu świadczeń publicznoprawnych wobec Zakładu Ubezpieczeń Społecznych i Urzędu Skarbowego w <xAnon>G.</xAnon>, z którym zawarli ugodę i zgodnie z nią spłacają zadłużenie w ratach po 4.000 zł miesięcznie; spłata zakończy się w maju 2014 r. Ponadto na pozwanych ciążą inne długi związane z prowadzeniem działalności gospodarczej oraz zawartymi przez nich umowami o kredyty konsumpcyjne.</xText>
          <xText>Sąd Okręgowy stwierdził, że pozwani nie kwestionowali swej odpowiedzialności za wyrządzoną szkodę, a sporna między stronami była dopuszczalność dochodzenia od pozwanych przez powódkę w drodze procesu cywilnego zapłaty kwoty 104.066,97 zł, skoro wyrokiem wydanym w postępowaniu karnym nałożony został na pozwanych obowiązek naprawienia szkody.</xText>
          <xText>Podzielając stanowisko wyrażone w wyroku Sądu Najwyższego z 2 lutego 2011 r., I UK 300/10, OSNP z 2012 r., nr 7-8, poz. 96, Sąd Okręgowy przedstawił wywód zawarty w uzasadnieniu tego judykatu, który oparty jest o poglądy wyrażone wcześniej przez Sąd Najwyższy (w postanowieniu z 24 lutego 2010 r., I KZP 31/09, OSNKW z 2010 r., nr 4, poz. 32, uchwale z 29 czerwca 2007 r., III CZP 51/07, OSNC-ZD 2008 r., nr 2, poz. 43). W powołanym postanowieniu Sąd Najwyższy wyjaśnił, że wykonalność zobowiązania do naprawienia szkody, orzeczonego na podstawie <xLexLink xArt="art. 72;art. 72 § 2" xIsapId="WDU19970880553" xTitle="Ustawa z dnia 6 czerwca 1997 r. - Kodeks karny" xAddress="Dz. U. z 1997 r. Nr 88, poz. 553">art. 72 § 2 kk</xLexLink>, następuje z chwilą zaistnienia terminu wskazanego przez sąd orzekający w trybie <xLexLink xArt="art. 74;art. 74 § 1" xIsapId="WDU19970880553" xTitle="Ustawa z dnia 6 czerwca 1997 r. - Kodeks karny" xAddress="Dz. U. z 1997 r. Nr 88, poz. 553">art. 74 § 1 kk</xLexLink> (wyjątkowo też w związku z <xLexLink xArt="art. 178;art. 178 § 1" xIsapId="WDU19970900557" xTitle="Ustawa z dnia 6 czerwca 1997 r. - Kodeks karny wykonawczy" xAddress="Dz. U. z 1997 r. Nr 90, poz. 557">art. 178 § 1 kkw</xLexLink>), jako czas jego wykonania, a zatem dopiero wówczas orzeczeniu zawierającemu takie rozstrzygnięcie – w tym zakresie – można nadać klauzulę wykonalności. Każde prawomocne orzeczenie sądu karnego nakładające obowiązek naprawienia szkody (czy jako środek karny określony w <xLexLink xArt="art. 46;art. 46 § 1" xIsapId="WDU19970880553" xTitle="Ustawa z dnia 6 czerwca 1997 r. - Kodeks karny" xAddress="Dz. U. z 1997 r. Nr 88, poz. 553">art. 46 § 1 kk</xLexLink>, czy też jako warunek probacyjny z <xLexLink xArt="art. 72;art. 72 § 2" xIsapId="WDU19970880553" xTitle="Ustawa z dnia 6 czerwca 1997 r. - Kodeks karny" xAddress="Dz. U. z 1997 r. Nr 88, poz. 553">art. 72 § 2 kk</xLexLink>), jeżeli nadaje się do egzekucji, jest orzeczeniem co do roszczeń majątkowych i może stanowić tytuł egzekucyjny (<xLexLink xArt="art. 107;art. 107 § 2" xIsapId="WDU19970890555" xTitle="Ustawa z dnia 6 czerwca 1997 r. - Kodeks postępowania karnego" xAddress="Dz. U. z 1997 r. Nr 89, poz. 555">art. 107 § 2 kpk</xLexLink> i <xLexLink xArt="art. 196;art. 196 § 1" xIsapId="WDU19970900557" xTitle="Ustawa z dnia 6 czerwca 1997 r. - Kodeks karny wykonawczy" xAddress="Dz. U. z 1997 r. Nr 90, poz. 557">art. 196 § 1 kkw</xLexLink>). Przepisy <xLexLink xArt="art. 107;art. 107 § 1" xIsapId="WDU19970890555" xTitle="Ustawa z dnia 6 czerwca 1997 r. - Kodeks postępowania karnego" xAddress="Dz. U. z 1997 r. Nr 89, poz. 555">art. 107 § 1 kpk</xLexLink> i <xLexLink xArt="art. 26" xIsapId="WDU19970900557" xTitle="Ustawa z dnia 6 czerwca 1997 r. - Kodeks karny wykonawczy" xAddress="Dz. U. z 1997 r. Nr 90, poz. 557">art. 26 kkw</xLexLink> przewidują możliwość nadania takiemu tytułowi klauzuli wykonalności według przepisów <xLexLink xArt="" xIsapId="WDU19640430296" xTitle="Ustawa z dnia 17 listopada 1964 r. - Kodeks postępowania cywilnego" xAddress="Dz. U. z 1964 r. Nr 43, poz. 296">Kodeksu postępowania cywilnego</xLexLink>. Stwierdzenie wymagalności roszczenia jest podstawową przesłanką nadania klauzuli wykonalności tytułowi egzekucyjnemu. Dopiero nadejście terminu, w którym dłużnik ma obowiązek spełnić świadczenie, stanowi merytoryczną przesłankę nadania klauzuli wykonalności. W przeciwieństwie do środka karnego z <xLexLink xArt="art. 46;art. 46 § 1" xIsapId="WDU19970880553" xTitle="Ustawa z dnia 6 czerwca 1997 r. - Kodeks karny" xAddress="Dz. U. z 1997 r. Nr 88, poz. 553">art. 46 § 1 kk</xLexLink>, który ze swej istoty ma charakter penalny, a uzasadnieniem tego unormowania było umożliwienie pokrzywdzonemu dochodzenia roszczeń wynikających z przestępstwa w sposób prostszy niż w drodze procesu cywilnego, zobowiązanie do naprawienia szkody z <xLexLink xArt="art. 72;art. 72 § 2" xIsapId="WDU19970880553" xTitle="Ustawa z dnia 6 czerwca 1997 r. - Kodeks karny" xAddress="Dz. U. z 1997 r. Nr 88, poz. 553">art. 72 § 2 kk</xLexLink> ma inny cel i charakter. Jest warunkiem probacyjnym, środkiem związanym z poddaniem sprawcy próbie, jak brzmi tytuł <xLexLink xArt="rozdział 8" xIsapId="WDU19970880553" xTitle="Ustawa z dnia 6 czerwca 1997 r. - Kodeks karny" xAddress="Dz. U. z 1997 r. Nr 88, poz. 553">rozdziału VIII Kodeksu karnego</xLexLink>, który przede wszystkim daje możliwość sądowi istotnego oddziaływania wychowawczego na skazanego w czasie całego okresu próby. Zatem funkcja kompensacyjna, jakkolwiek priorytetowa, nie jest jedyną, jaką środek taki ma spełniać. Równie bowiem istotne są też jego funkcje: szczególnoprewencyjno-wychowawcza i ogólnoprewencyjna. Właśnie potrzeba realizacji tych wszystkich funkcji kształtujących probacyjny cel obowiązków określonych w <xLexLink xArt="art. 72" xIsapId="WDU19970880553" xTitle="Ustawa z dnia 6 czerwca 1997 r. - Kodeks karny" xAddress="Dz. U. z 1997 r. Nr 88, poz. 553">art. 72 kk</xLexLink> spowodowała, że ustawodawca przewidział w <xLexLink xArt="art. 74;art. 74 § 1" xIsapId="WDU19970880553" xTitle="Ustawa z dnia 6 czerwca 1997 r. - Kodeks karny" xAddress="Dz. U. z 1997 r. Nr 88, poz. 553">art. 74 § 1 kk</xLexLink> obligatoryjne określenie przez sąd między innymi czasu ich wykonania, a tym samym określenie go w sposób inny, aniżeli jako data uprawomocnienia się wyroku. Przepisy te stanowią, przewidziany w <xLexLink xArt="art. 9;art. 9 § 2" xIsapId="WDU19970900557" xTitle="Ustawa z dnia 6 czerwca 1997 r. - Kodeks karny wykonawczy" xAddress="Dz. U. z 1997 r. Nr 90, poz. 557">art. 9 § 2 kkw</xLexLink>, wyjątek od zasady, w myśl której orzeczenie staje się wykonalne z chwilą uprawomocnienia. Podjęta wbrew tym uwarunkowaniom normatywnym wcześniejsza, przymusowa egzekucja zapadłego w tym trybie rozstrzygnięcia o obowiązku naprawienia szkody, nierespektująca określonego przez sąd czasu jego wykonania, byłaby sprzeczna z charakterem tego obowiązku jako warunku probacyjnego, jak też – w tym aspekcie – podważałaby racjonalność przyjętego w <xLexLink xArt="art. 74;art. 74 § 1" xIsapId="WDU19970880553" xTitle="Ustawa z dnia 6 czerwca 1997 r. - Kodeks karny" xAddress="Dz. U. z 1997 r. Nr 88, poz. 553">art. 74 § 1 kk</xLexLink> rozwiązania. Z kolei w uzasadnieniu powołanej uchwały z 29 czerwca 2007 r. w sprawie III CZP 51/2007 Sąd Najwyższy szczegółowo rozważył wykonalność tytułu egzekucyjnego wydanego przez sąd karny, stwierdzającego obowiązek naprawienia szkody wyrządzonej przestępstwem w związku z warunkowym zawieszeniem wykonania kary pozbawienia wolności (<xLexLink xArt="art. 72;art. 72 § 2;art. 74" xIsapId="WDU19970880553" xTitle="Ustawa z dnia 6 czerwca 1997 r. - Kodeks karny" xAddress="Dz. U. z 1997 r. Nr 88, poz. 553">art. 72 § 2 i art. 74 kk</xLexLink>). Wyjaśnił mianowicie, że w obowiązującym stanie prawnym orzeczenie sądu karnego nakładające na skazanego obowiązek naprawienia szkody wyrządzonej przestępstwem jest tytułem egzekucyjnym, który po nadaniu mu klauzuli wykonalności może stać się podstawą egzekucji. Wynika to z <xLexLink xArt="art. 107;art. 107 § 1;art. 107 § 2" xIsapId="WDU19970890555" xTitle="Ustawa z dnia 6 czerwca 1997 r. - Kodeks postępowania karnego" xAddress="Dz. U. z 1997 r. Nr 89, poz. 555">art. 107 § 1 i 2 kpk</xLexLink>, zgodnie z którym sąd, który orzekał co do roszczeń majątkowych, nadaje na żądanie osoby uprawnionej klauzulę wykonalności orzeczeniu podlegającemu wykonaniu w drodze egzekucji, a za orzeczenia co do roszczeń majątkowych uważa się również orzeczenia nakładające obowiązek naprawienia szkody lub zadośćuczynienia za doznaną krzywdę oraz nawiązkę orzeczoną na rzecz pokrzywdzonego, jeżeli nadają się one do egzekucji w myśl przepisów <xLexLink xArt="" xIsapId="WDU19640430296" xTitle="Ustawa z dnia 17 listopada 1964 r. - Kodeks postępowania cywilnego" xAddress="Dz. U. z 1964 r. Nr 43, poz. 296">Kodeksu postępowania cywilnego</xLexLink>. Stosownie do <xLexLink xArt="art. 26" xIsapId="WDU19970900557" xTitle="Ustawa z dnia 6 czerwca 1997 r. - Kodeks karny wykonawczy" xAddress="Dz. U. z 1997 r. Nr 90, poz. 557">art. 26 kkw</xLexLink> nadanie klauzuli następuje według przepisów <xLexLink xArt="" xIsapId="WDU19640430296" xTitle="Ustawa z dnia 17 listopada 1964 r. - Kodeks postępowania cywilnego" xAddress="Dz. U. z 1964 r. Nr 43, poz. 296">Kodeksu postępowania cywilnego</xLexLink>, przy czym sąd orzekający o nadaniu klauzuli nie bada zasadności zobowiązania do świadczenia majątkowego, zawartego w wyroku, lecz jedynie ocenia wykonalność orzeczenia oraz zdolność do wykonania go w drodze egzekucji. Z <xLexLink xArt="art. 196" xIsapId="WDU19970900557" xTitle="Ustawa z dnia 6 czerwca 1997 r. - Kodeks karny wykonawczy" xAddress="Dz. U. z 1997 r. Nr 90, poz. 557">art. 196 kkw</xLexLink> wynika, że jeżeli sąd karny nałożył obowiązek naprawienia szkody, to pokrzywdzonemu doręcza się jedynie tytuł egzekucyjny, nie zaś tytuł wykonawczy. Orzeczeniu temu sąd nie nadaje zatem klauzuli wykonalności z urzędu, ale na żądanie osoby uprawnionej. Za takim rozwiązaniem przemawia obowiązujący § 376 rozporządzenia Ministra Sprawiedliwości z dnia 23 lutego 2007 r. – Regulamin urzędowania sądów powszechnych (Dz. U. Nr 38, poz. 249 ze zm.). Nadanie klauzuli wykonalności wyrokowi zobowiązującemu skazanego do naprawienia szkody wyrządzonej przestępstwem w związku z warunkowym zawieszeniem wykonania kary następuje zatem w postępowaniu klauzulowym, prowadzonym przez sąd karny, który wydał tytuł egzekucyjny, z inicjatywy wierzyciela tego obowiązku. Jeżeli określenie warunków wykonania środka probacyjnego przewidzianego w <xLexLink xArt="art. 72;art. 72 § 2" xIsapId="WDU19970880553" xTitle="Ustawa z dnia 6 czerwca 1997 r. - Kodeks karny" xAddress="Dz. U. z 1997 r. Nr 88, poz. 553">art. 72 § 2 kk</xLexLink> polega na oznaczeniu terminu naprawienia szkody, to do tej chwili wyłączona jest możliwość nadania wyrokowi w tej części klauzuli wykonalności, a przed tą chwilą orzeczenie sądu karnego nie nadaje się do egzekucji w rozumieniu <xLexLink xArt="art. 107;art. 107 § 2" xIsapId="WDU19970890555" xTitle="Ustawa z dnia 6 czerwca 1997 r. - Kodeks postępowania karnego" xAddress="Dz. U. z 1997 r. Nr 89, poz. 555">art. 107 § 2 kpk</xLexLink>. Przyjęcie tego poglądu powinno prowadzić do wniosku, że orzeczenie w wyroku karnym o obowiązku naprawienia szkody nie wyłącza możliwości dochodzenia naprawienia szkody wyrządzonej przestępstwem w oddzielnym postępowaniu, nie można bowiem przyjąć, żeby poszkodowany musiał oczekiwać z realizacją własnych uprawnień cywilnych aż minie termin wyznaczony sprawcy szkody w wyroku karnym do jej naprawienia. W uchwale z 29 czerwca 2007 r., III CZP 51/07, Sąd Najwyższy zwrócił uwagę, że tak też w tej kwestii wypowiedział się Sąd Najwyższy w wyroku z 7 lipca 2000 r., I PKN 724/99, OSNAPiUS z 2002 r., nr 2, poz. 38, przyjmując, że orzeczenie sądu karnego, zobowiązujące skazanego do naprawienia w całości lub w części szkody wyrządzonej przestępstwem, które nie nadaje się jeszcze do egzekucji cywilnej, nie pozbawia pokrzywdzonego możliwości dochodzenia w postępowaniu cywilnym roszczeń odszkodowawczych wynikających z tego przestępstwa. Sąd Najwyższy w powołanym wyroku z 7 lipca 2000 r. podkreślił, że zaproponowane ujęcie pozostaje w zgodzie z funkcją obowiązków określonych w <xLexLink xArt="art. 72" xIsapId="WDU19970880553" xTitle="Ustawa z dnia 6 czerwca 1997 r. - Kodeks karny" xAddress="Dz. U. z 1997 r. Nr 88, poz. 553">art. 72 kk</xLexLink> nakładanych na skazanego w okresie próby. Sposób wywiązywania się z tych obowiązków ma stanowić dla sądu podstawę oceny w zakresie spełniania przez skazanego założeń co do pozytywnej prognozy stanowiącej przesłankę warunkowego zawieszenia wykonania kary. Na tej między innymi podstawie sąd ma wnioskować, czy skazany w okresie próby podporządkował się rygorom porządku prawnego. Tylko w sytuacjach, w których – już po wszczęciu procesu cywilnego – na skutek prawomocnego zobowiązania przez sąd karny sprawcy przestępstwa do naprawienia szkody pokrzywdzonemu, które nadaje się do egzekucji cywilnej, może wystąpić tzw. następcza negatywna przesłanka procesowa, wymagająca umorzenia postępowania co do kwoty objętej zastosowanym środkiem karnym (<xLexLink xArt="art. 355;art. 355 § 1" xIsapId="WDU19640430296" xTitle="Ustawa z dnia 17 listopada 1964 r. - Kodeks postępowania cywilnego" xAddress="Dz. U. z 1964 r. Nr 43, poz. 296">art. 355 § 1 in fine kpc</xLexLink>). Jakkolwiek bowiem w takich procesach karnych strony nie występują w tych samych (identycznych) rolach procesowych (powoda i pozwanego), ale jako pokrzywdzony i sprawca przestępstwa, i nie występuje identyczność przedmiotu oraz podstawy prawnej sporu w takim rozumieniu, że orzeczenie sądu karnego rozstrzyga o roszczeniu cywilnoprawnym opartym na tej samej podstawie faktycznej i prawnej, czyli na określonej cywilnoprawnej normie dochodzonego roszczenia, to z reguł procedury karnej wynika, że zobowiązanie przez sąd karny sprawcy szkody wyrządzonej przestępstwem do jej naprawienia jest orzeczeniem co do roszczeń majątkowych, jeżeli nadaje się ono do egzekucji cywilnej (<xLexLink xArt="art. 107;art. 107 § 2" xIsapId="WDU19970890555" xTitle="Ustawa z dnia 6 czerwca 1997 r. - Kodeks postępowania karnego" xAddress="Dz. U. z 1997 r. Nr 89, poz. 555">art. 107 § 2 kpk</xLexLink>) i stanowi osądzenie roszczeń majątkowych wynikających z przestępstwa w zakresie orzeczonym środkiem karnym. Orzeczenie sądu karnego zobowiązujące skazanego do naprawienia w całości lub w części szkody wyrządzonej przestępstwem, które nie nadaje się do egzekucji cywilnej, nie stanowi osądzenia sprawy cywilnej i nie pozbawia pokrzywdzonego możliwości dochodzenia w postępowaniu cywilnym jego roszczeń odszkodowawczych wynikających z tego czynu niedozwolonego. Jeżeli natomiast możliwe jest uzyskanie przez pokrzywdzonego tytułu wykonawczego dla orzeczenia co do roszczeń majątkowych, za jakie z woli ustawodawcy uważa się również prawomocne orzeczenie sądu karnego nakładające obowiązek naprawienia szkody (<xLexLink xArt="art. 107;art. 107 § 1;art. 107 § 2" xIsapId="WDU19970890555" xTitle="Ustawa z dnia 6 czerwca 1997 r. - Kodeks postępowania karnego" xAddress="Dz. U. z 1997 r. Nr 89, poz. 555">art. 107 § 1 i 2 kpk</xLexLink>), to orzekanie w tym zakresie w postępowaniu cywilnym o roszczeniu pokrzywdzonego staje się niedopuszczalne w myśl <xLexLink xArt="art. 355;art. 355 § 1" xIsapId="WDU19640430296" xTitle="Ustawa z dnia 17 listopada 1964 r. - Kodeks postępowania cywilnego" xAddress="Dz. U. z 1964 r. Nr 43, poz. 296">art. 355 § 1 in fine k.p.c.</xLexLink> Reasumując swój wywód, Sąd Najwyższy w uzasadnieniu wyroku z 2 lutego 2011 r., I UK 300/10, stwierdził – powtarzając stanowisko zajęte przez Sąd Najwyższy w uzasadnieniu uchwały z 29 czerwca 2007 r., III CZP 51/07 – że przytoczone wyżej judykaty prowadzą do wniosku, że skoro wykonanie obowiązku naprawienia szkody może być przez sąd karny stosujący środek probacyjny odroczone, to nie można odmówić wierzycielowi interesu prawnego we wcześniejszym uzyskaniu świadczenia odszkodowawczego, tym bardziej, że w obowiązującym porządku prawnym nie ma on żadnego realnego wpływu na warunki orzeczenia środka probacyjnego, a ryzyko podwójnej egzekucji może być wyeliminowane albo przez uwzględnienie naprawienia szkody w postępowaniu cywilnym prowadzonym równolegle lub później, albo w drodze powództwa przewidzianego w <xLexLink xArt="art. 840;art. 840 § 1;art. 840 § 1 pkt. 2" xIsapId="WDU19640430296" xTitle="Ustawa z dnia 17 listopada 1964 r. - Kodeks postępowania cywilnego" xAddress="Dz. U. z 1964 r. Nr 43, poz. 296">art. 840 § 1 pkt 2 kpc</xLexLink>.</xText>
          <xText>Sąd Okręgowy, mając na względzie naprowadzone poglądy Sądu Najwyższego, które podzielił, stwierdził, że skoro orzeczenie sądu karnego zobowiązujące pozwanych do naprawienia szkody wyrządzonej przestępstwem nie nadaje się jeszcze do egzekucji cywilnej, to strona powodowa ma prawo dochodzenia w postępowaniu cywilnym roszczeń odszkodowawczych wynikających z przestępstwa popełnionego przez pozwanych.</xText>
          <xText>Sąd Okręgowy wyjaśnił też, że <xLexLink xArt="art. 481;art. 481 § 1" xIsapId="WDU19640160093" xTitle="Ustawa z dnia 23 kwietnia 1964 r. - Kodeks cywilny" xAddress="Dz. U. z 1964 r. Nr 16, poz. 93">art. 481 § 1 kc</xLexLink> stanowi, że jeżeli dłużnik opóźnia się ze spełnieniem świadczenia pieniężnego, wierzyciel może żądać odsetek za czas opóźnienia, chociażby nie poniósł żadnej szkody i chociażby opóźnienie było następstwem okoliczności, za które dłużnik odpowiedzialności nie ponosi. Odsetki spełniają dwojaką funkcję: stanowią albo wynagrodzenie za możność korzystania z cudzych pieniędzy, określone według przyjętej stopy procentowej, albo odszkodowanie za opóźnienie dłużnika w wykonaniu zobowiązania pieniężnego.  Odsetki od sumy pieniężnej należą się tylko wtedy, gdy to wynika z czynności prawnej albo z ustawy, z orzeczenia sądu lub z decyzji innego właściwego organu (<xLexLink xArt="art. 359;art. 359 § 1" xIsapId="WDU19640160093" xTitle="Ustawa z dnia 23 kwietnia 1964 r. - Kodeks cywilny" xAddress="Dz. U. z 1964 r. Nr 16, poz. 93">art. 359 § 1 kc</xLexLink>). Odsetki należą się za cały czas opóźnienia, począwszy od dnia wymagalności długu. W uchwale 7 sędziów Sądu Najwyższego z dnia 22 września 1970 r., III PZP 18/70, OSNCP z 1971 r., nr 1, poz. 5, wyjaśniono, że wierzyciel może żądać odsetek od kwoty zagarniętej przez dłużnika od daty wyrządzenia szkody. Powódka domagała się zasądzenia ustawowych odsetek dopiero od dnia prawomocności wyroku karnego, gdyż pozwani co najmniej od tego dnia powinni byli się liczyć z obowiązkiem zwrotu zagarniętej kwoty kredytu, bowiem wyrok karny, stwierdzający fakt popełnienia przez nich przestępstwa, przesądził o zasadzie odpowiedzialności pozwanych za wyrządzoną szkodę.</xText>
          <xText>Zdaniem Sądu Okręgowego, w okolicznościach niniejszej sprawy zachodzi podstawa do zastosowania <xLexLink xArt="art. 320" xIsapId="WDU19640430296" xTitle="Ustawa z dnia 17 listopada 1964 r. - Kodeks postępowania cywilnego" xAddress="Dz. U. z 1964 r. Nr 43, poz. 296">art. 320 kpc</xLexLink> i w oparciu o ten przepis do rozłożenia zasądzonego świadczenia na raty oraz wyznaczenia terminu spełnienia zasądzonego świadczenia. Podstawą tą, w ocenie Sądu Okręgowego, jest sytuacja materialna pozwanych oraz to, że spłacają inne zobowiązania. Zwrócił uwagę, że <xLexLink xArt="art. 320" xIsapId="WDU19640430296" xTitle="Ustawa z dnia 17 listopada 1964 r. - Kodeks postępowania cywilnego" xAddress="Dz. U. z 1964 r. Nr 43, poz. 296">art. 320 kpc</xLexLink> ma charakter wyjątkowy i może być zastosowany jedynie w szczególnie uzasadnionych wypadkach. W piśmiennictwie wyrażono pogląd uznający tę przesłankę za spełnioną wtedy, gdy w chwili wyrokowania są podstawy do przyjęcia, że ze względu na sytuację majątkową dłużnika, wyrok zasądzający całe świadczenie stanowiłby tytuł egzekucyjny bez szans na realizację. Prowadzenie egzekucji w tym zakresie narażałoby tylko wierzyciela na nieefektywne wydatki egzekucyjne, a dłużnika i osoby pozostające na jego utrzymaniu na utratę podstaw egzystencji. Pozwani do maja 2014 r. będą spłacać zobowiązania publicznoprawne; miesięczna rata z tego tytułu wynosi 4.000 zł. Mając tę okoliczność na względzie, zapłatę zasadzonego świadczenia rozłożył na opisane już raty. Co do rozstrzygnięcia o odsetkach od zasądzonego świadczenia, które rozłożył na raty, Sąd Okręgowy odwołał się do uchwały Sądu Najwyższego w składzie 7 sędziów z 22 września 1970 r., III PZP 11/70, OSNCP 1971 r., nr 4, poz. 61, podzielonej w późniejszym, w tym w najnowszym orzecznictwie, orzekając zgodnie z nią. W uchwale w sprawie III CZP 11/70 Sąd Najwyższy stwierdził mianowicie, że rozkładając z mocy <xLexLink xArt="art. 320" xIsapId="WDU19640430296" xTitle="Ustawa z dnia 17 listopada 1964 r. - Kodeks postępowania cywilnego" xAddress="Dz. U. z 1964 r. Nr 43, poz. 296">art. 320 kpc</xLexLink> zasądzone świadczenie pieniężne na raty, sąd nie może – na podstawie tego przepisu – odmówić przyznania wierzycielowi żądanych odsetek za okres do dnia wydania wyroku zasądzającego świadczenie; rozłożenie zasądzonego świadczenia na raty ma jednak ten skutek, że wierzycielowi nie przysługują odsetki od ratalnych świadczeń za okres od daty wyroku do daty płatności poszczególnych rat.</xText>
          <xText>Orzeczenie o kosztach postępowania Sąd Okręgowy umotywował treścią <xLexLink xArt="art. 98" xIsapId="WDU19640430296" xTitle="Ustawa z dnia 17 listopada 1964 r. - Kodeks postępowania cywilnego" xAddress="Dz. U. z 1964 r. Nr 43, poz. 296">art. 98 kpc</xLexLink>.</xText>
          
          <xText>W apelacji powódka wniosła o zmianę zaskarżonego wyroku w istocie przez utrzymanie w mocy nakazu zapłaty w postępowaniu nakazowym i zasądzenie kosztów postępowania apelacyjnego, zarzucając naruszenie przepisów postępowania, mianowicie <xLexLink xArt="art. 320" xIsapId="WDU19640430296" xTitle="Ustawa z dnia 17 listopada 1964 r. - Kodeks postępowania cywilnego" xAddress="Dz. U. z 1964 r. Nr 43, poz. 296">art. 320 kpc</xLexLink>.</xText>
          
          <xText>W odpowiedzi na apelację powódki pozwani wnieśli o oddalenie apelacji i zasądzenie kosztów postępowania apelacyjnego.</xText>
          
          <xText>Z kolei pozwani w apelacji wnieśli w pierwszej kolejności w istocie o uchylenie zaskarżonego wyroku i odrzucenie pozwu w zakresie obejmującym powództwo o zapłatę kwoty 104.066,97 zł oraz o zmianę zaskarżonego wyroku w części zasądzającej odsetki za opóźnienie w zapłacie tej sumy pieniężnej przez oddalenie powództwa o nie, a także zasądzenie kosztów procesu, względnie o zmianę zaskarżonego wyroku przez oddalenie powództwa w zakresie odsetek i nieobciążanie ich kosztami procesu, ewentualnie o uchylenie wyroku w części uwzględniającej powództwo i orzekającej o kosztach procesu oraz przekazanie sprawy w tym zakresie Sądowi pierwszej instancji do ponownego rozpoznania.</xText>
          <xText>Zarzucili naruszenie, po pierwsze, <xLexLink xArt="art. 365;art. 365 § 1" xIsapId="WDU19640430296" xTitle="Ustawa z dnia 17 listopada 1964 r. - Kodeks postępowania cywilnego" xAddress="Dz. U. z 1964 r. Nr 43, poz. 296">art. 365 § 1 kpc</xLexLink>, przy czym motywując ten zarzut wskazali na to, że ich zdaniem zachodzi nieważność postępowania, o jakiej mowa w <xLexLink xArt="art. 379;art. 379 pkt. 3" xIsapId="WDU19640430296" xTitle="Ustawa z dnia 17 listopada 1964 r. - Kodeks postępowania cywilnego" xAddress="Dz. U. z 1964 r. Nr 43, poz. 296">art. 379 pkt 3 kpc</xLexLink> , gdyż w ich ocenie wystąpiła podstawa do odrzucenia pozwu w oparciu o <xLexLink xArt="art. 199;art. 199 § 1;art. 199 § 1 pkt. 2" xIsapId="WDU19640430296" xTitle="Ustawa z dnia 17 listopada 1964 r. - Kodeks postępowania cywilnego" xAddress="Dz. U. z 1964 r. Nr 43, poz. 296">art. 199 § 1 pkt 2 kpc</xLexLink> z uwagi na niedopuszczalność ponownego orzekania w zakresie prawomocnego wyroku sądu karnego, który orzekł już o obowiązku naprawienia szkody przez pozwanych, po drugie, <xLexLink xArt="art. 72;art. 72 § 2" xIsapId="WDU19640430296" xTitle="Ustawa z dnia 17 listopada 1964 r. - Kodeks postępowania cywilnego" xAddress="Dz. U. z 1964 r. Nr 43, poz. 296">art. 72 § 2</xLexLink> w związku z <xLexLink xArt="art. 74;art. 74 § 1" xIsapId="WDU19970880553" xTitle="Ustawa z dnia 6 czerwca 1997 r. - Kodeks karny" xAddress="Dz. U. z 1997 r. Nr 88, poz. 553">art. 74 § 1 kk</xLexLink> przez nierespektowanie czasu i sposobu wykonania obowiązków nałożonych na nich wyrokiem wydanym w postępowaniu karnym.</xText>
          <xText>Zarzucili też, że domagając się odsetek powódka dochodzi świadczenia nienależnego. Szkodę stanowi bowiem kredyt, którego wysokość została podana przez powódkę łącznie z odsetkami, zaś dochodzone świadczenie główne w niniejszej sprawie – z uwagi na prawomocny wyrok sądu karnego – stanie się wymagalne dopiero po upływie 10-letniego terminu do naprawienia szkody.</xText>
          
          <xText>W odpowiedzi na apelację pozwanych powódka wniosła o oddalenie apelacji i zasądzenie kosztów postępowania apelacyjnego.</xText>
          
          <xText xALIGNx="center">Sąd Apelacyjny zważył, co następuje.</xText>
          
          <xText>Apelacja powódki zasługuje na uwzględnienie, w przeciwieństwie do apelacji pozwanych.</xText>
          <xText>Sąd Apelacyjny podziela ustalenia faktyczne poczynione przez Sąd Okręgowy i, jako prawidłowe, przyjmuje je za własne.</xText>
          <xText>Ponieważ dalej idąca jest apelacja pozwanych, zachodzi potrzeba odniesienia się do niej w pierwszej kolejności.</xText>
          <xText>Jeśli idzie o <xLexLink xArt="art. 365;art. 365 § 1" xIsapId="WDU19640430296" xTitle="Ustawa z dnia 17 listopada 1964 r. - Kodeks postępowania cywilnego" xAddress="Dz. U. z 1964 r. Nr 43, poz. 296">art. 365 § 1 kpc</xLexLink>, stanowi on, że orzeczenie prawomocne wiąże nie tylko strony i sąd, który je wydał, lecz również inne sądy oraz inne organy państwowe i organy administracji publicznej, a w wypadkach w ustawie przewidzianych także inne osoby. Natomiast zgodnie z <xLexLink xArt="art. 366" xIsapId="WDU19640430296" xTitle="Ustawa z dnia 17 listopada 1964 r. - Kodeks postępowania cywilnego" xAddress="Dz. U. z 1964 r. Nr 43, poz. 296">art. 366 kpc</xLexLink> wyrok prawomocny ma powagę rzeczy osądzonej tylko co do tego, co w związku z podstawą sporu stanowiło przedmiot rozstrzygnięcia, a ponadto tylko między tymi samymi stronami. Z kolei w myśl <xLexLink xArt="art. 199;art. 199 § 1;art. 199 § 1 pkt. 2" xIsapId="WDU19640430296" xTitle="Ustawa z dnia 17 listopada 1964 r. - Kodeks postępowania cywilnego" xAddress="Dz. U. z 1964 r. Nr 43, poz. 296">art. 199 § 1 pkt 2 kpc</xLexLink> sąd odrzuci pozew, jeżeli o to samo roszczenie pomiędzy tymi samymi stronami sprawa została już prawomocnie osądzona. W <xLexLink xArt="art. 379;art. 379 pkt. 3" xIsapId="WDU19640430296" xTitle="Ustawa z dnia 17 listopada 1964 r. - Kodeks postępowania cywilnego" xAddress="Dz. U. z 1964 r. Nr 43, poz. 296">art. 379 pkt 3 kpc</xLexLink> mowa jest o tym, że niezastosowanie <xLexLink xArt="art. 199;art. 199 § 1;art. 199 § 1 pkt. 2" xIsapId="WDU19640430296" xTitle="Ustawa z dnia 17 listopada 1964 r. - Kodeks postępowania cywilnego" xAddress="Dz. U. z 1964 r. Nr 43, poz. 296">art. 199 § 1 pkt 2 kpc</xLexLink> i (z tej przyczyny) ponowne osądzenie sprawy o to samo roszczenie pomiędzy tymi samymi stronami skutkuje nieważnością postępowania, gdy wcześniejsza została już prawomocnie osądzona. W okolicznościach sprawy obligowałoby to Sąd Apelacyjny do uchylenia zaskarżonego wyroku i odrzucenia pozwu jedynie w części, to jest w zakresie obejmującym powództwo o zapłatę kwoty 104.066,97 zł (<xLexLink xArt="art. 386;art. 386 § 3" xIsapId="WDU19640430296" xTitle="Ustawa z dnia 17 listopada 1964 r. - Kodeks postępowania cywilnego" xAddress="Dz. U. z 1964 r. Nr 43, poz. 296">art. 386 § 3 kpc</xLexLink>), gdyż sąd karny nie orzekał w ogóle o obowiązku zapłaty odsetek ustawowych za opóźnienie w zapłacie sumy pieniężnej, do zapłaty której zobowiązał pozwanych tytułem naprawienia szkody wyrządzonej przestępstwem.</xText>
          <xText>Jednakże nie sposób podzielić omawianego zarzutu pozwanych.</xText>
          <xText>Sąd Apelacyjny podziela powołany przez Sąd Okręgowy pogląd prawny, jaki został zawarty w wyroku Sądu Najwyższego z 2 lutego 2011 r., I UK 300/10, OSNP z 2012 r., nr 7-8, poz. 96. Sąd Okręgowy w uzasadnieniu zaskarżonego wyroku cytował uzasadnienie tego orzeczenia, co zostało zaprezentowane powyżej. Z tej przyczyny zbędne jest powtarzanie w tym miejscu wywodu Sądu Najwyższego w omawianym przedmiocie. Sąd Apelacyjny odwołuje się do naprowadzonych już motywów, przyjmując je za własne. Uzupełnia je następująco.</xText>
          <xText>W wyroku z 2 lutego 2011 r., I UK 300/10, Sąd Najwyższy rozpoznał skargę kasacyjną ubezpieczonego od wyroku Sądu Apelacyjnego w Krakowie w sprawie z odwołania ubezpieczonego przeciwko Zakładowi Ubezpieczeń Społecznych. W skardze kasacyjnej skarżący – wśród innych zarzutów – zarzucił naruszenie <xLexLink xArt="art. 366" xIsapId="WDU19640430296" xTitle="Ustawa z dnia 17 listopada 1964 r. - Kodeks postępowania cywilnego" xAddress="Dz. U. z 1964 r. Nr 43, poz. 296">art. 366</xLexLink> w związku z <xLexLink xArt="art. 11;art. 11 § 1" xIsapId="WDU19640430296" xTitle="Ustawa z dnia 17 listopada 1964 r. - Kodeks postępowania cywilnego" xAddress="Dz. U. z 1964 r. Nr 43, poz. 296">art. 11 § 1 kpc</xLexLink> poprzez nieuwzględnienie ustaleń zawartych w wyroku sądu karnego dotyczącym odwołującego się i pominięcie ich w zakresie, co do którego wypowiedział się już uprzednio sąd karny oraz przez zasądzenie obowiązku zwrotu pobranej renty z tytułu niezdolności do pracy za okres od 1 marca 1997 r. do 29 lutego 2000 r. w całości, pomimo że sąd karny zobowiązał wcześniej odwołującego się do częściowego naprawienia szkody wyrządzonej organowi rentowemu poprzez zapłatę kwoty 3.000 zł, a zatem w tym zakresie żądanie zostało objęte powagą rzeczy osądzonej, co stanowi o nieważności postępowania w tej części (<xLexLink xArt="art. 379;art. 379 pkt. 3" xIsapId="WDU19640430296" xTitle="Ustawa z dnia 17 listopada 1964 r. - Kodeks postępowania cywilnego" xAddress="Dz. U. z 1964 r. Nr 43, poz. 296">art. 379 pkt 3 kpc</xLexLink>). Tym samym zaprezentowany już wywód, którym Sąd Najwyższy posłużył się w wyroku z 2 lutego 2011 r. w sprawie I UK 300/10 stanowi ocenę analogicznego zarzutu apelacji pozwanych w niniejszej sprawie. Zarzut ten jest nietrafny.</xText>
          <xText>Dla pełnego obrazu podkreślić trzeba, że w wyroku z 2 lutego 2011 r., I UK 300/10, Sąd Najwyższy odwołał się do tej części uzasadnienia uchwały Sądu Najwyższego z 29 czerwca 2007 r., III CZP 51/07, w której Sąd Najwyższy, z przyczyn już naprowadzonych, doszedł do wniosku, że skoro wykonanie obowiązku naprawienia szkody może być przez sąd karny stosujący środek probacyjny odroczone, to nie można odmówić wierzycielowi interesu prawnego we wcześniejszym uzyskaniu świadczenia odszkodowawczego, tym bardziej, że w obowiązującym porządku prawnym nie ma on żadnego realnego wpływu na warunki orzeczenia środka probacyjnego, a ryzyko podwójnej egzekucji może być wyeliminowane albo przez uwzględnienie naprawienia szkody w postępowaniu cywilnym prowadzonym równolegle lub później, albo w drodze powództwa przewidzianego w <xLexLink xArt="art. 840;art. 840 § 1;art. 840 § 1 pkt. 2" xIsapId="WDU19640430296" xTitle="Ustawa z dnia 17 listopada 1964 r. - Kodeks postępowania cywilnego" xAddress="Dz. U. z 1964 r. Nr 43, poz. 296">art. 840 § 1 pkt 2 kpc</xLexLink>. Jednakże w uchwale w sprawie III CZP 51/07 Sąd Najwyższy analizował jeszcze wpływ zmiany stanu prawnego na tę ocenę, jaka nastąpiła z dniem 1 lipca 2003 r., gdy ustawą z dnia 10 stycznia 2003 r. o zmianie ustawy – Kodeks postępowania karnego, ustawy – Przepisy wprowadzające Kodeks postępowania karnego, ustawy o świadku koronnym oraz ustawy o ochronie informacji niejawnych (Dz. U. Nr 17, poz. 155 ze zm.; dalej: ustawa nowelizująca z dnia 10 stycznia 2003 r.) nadano nowe brzmienie przepisowi <xLexLink xArt="art. 415;art. 415 § 6" xIsapId="WDU19640430296" xTitle="Ustawa z dnia 17 listopada 1964 r. - Kodeks postępowania cywilnego" xAddress="Dz. U. z 1964 r. Nr 43, poz. 296">art. 415 § 6 kpc</xLexLink>.</xText>
          <xText>W uzasadnieniu uchwały w sprawie III CZP 51/07 Sąd Najwyższy zwrócił uwagę, że pod rządem <xLexLink xArt="art. 415;art. 415 § 4" xIsapId="WDU19970890555" xTitle="Ustawa z dnia 6 czerwca 1997 r. - Kodeks postępowania karnego" xAddress="Dz. U. z 1997 r. Nr 89, poz. 555">art. 415 § 4 kpk</xLexLink> w dawnym brzmieniu, w którym mowa była tylko o zasądzonym na rzecz poszkodowanego (pokrzywdzonego przestępstwem) odszkodowaniu, przyjmowano, że orzeczenie sądu karnego zasądzające odszkodowanie, w przeciwieństwie do obowiązku naprawienia szkody orzeczonego jako środek probacyjny, pociąga za sobą negatywną przesłankę procesową w postępowaniu cywilnym w postaci powagi rzeczy osądzonej. Po nowelizacji w przepisie jest mowa także o obowiązku naprawienia szkody orzeczonym jako środek probacyjny. W związku z tym w piśmiennictwie wyrażono pogląd, że po nowelizacji <xLexLink xArt="" xIsapId="WDU19970890555" xTitle="Ustawa z dnia 6 czerwca 1997 r. - Kodeks postępowania karnego" xAddress="Dz. U. z 1997 r. Nr 89, poz. 555">Kodeksu postępowania karnego</xLexLink> z dniem 1 lipca 2003 r. należy przyjąć, że orzeczenie o nałożeniu obowiązku naprawienia szkody, pomimo odrębnej podstawy prawnej, stwarza stan powagi rzeczy osądzonej dla roszczeń cywilnych w tym zakresie, w jakim na sprawcę został nałożony tego rodzaju obowiązek. Tę interpretację wspierało wówczas stanowisko Sądu Najwyższego wyrażone w wyroku z 28 listopada 2006 r., IV KK 328/06, OSNKW z 2007 r., nr 2, poz. 14, stwierdzającym, że przez obowiązek naprawienia szkody, o którym mowa w <xLexLink xArt="art. 415;art. 415 § 5;art. 415 § 5 zd. 2" xIsapId="WDU19970890555" xTitle="Ustawa z dnia 6 czerwca 1997 r. - Kodeks postępowania karnego" xAddress="Dz. U. z 1997 r. Nr 89, poz. 555">art. 415 § 5 zdanie drugie kpk</xLexLink>, należy rozumieć także obowiązek orzeczony na podstawie <xLexLink xArt="art. 72;art. 72 § 2" xIsapId="WDU19970880553" xTitle="Ustawa z dnia 6 czerwca 1997 r. - Kodeks karny" xAddress="Dz. U. z 1997 r. Nr 88, poz. 553">art. 72 § 2 kk</xLexLink>. W motywach uchwały z 29 czerwca 2007 r., III CZP 51/07, Sąd Najwyższy odwołał się do uzasadnienia projektu ustawy nowelizującej z dnia 10 stycznia 2003 r. (druk sejmowy, IV kadencja, nr 182), w którym akcentowano, że ma ona na celu konsekwentne przeprowadzenie zakazu kumulowania rozstrzygnięć o charakterze kompensacyjnym, jeżeli odnoszą się do tej samej szkody. Zdaniem Sądu Najwyższego, jakie wyraził w uzasadnieniu uchwały III CZP 51/07, oznacza to, że orzeczenie sądu karnego nakładające na skazanego obowiązek naprawienia szkody w związku z warunkowym zawieszeniem wykonania kary tworzy stan rzeczy osądzonej co do tego rodzaju cywilnego obowiązku i odpowiadającego mu uprawnienia wierzyciela. Sąd Najwyższy wyjaśnił w omawianym judykacie, że zaakceptowanie tego poglądu wymusza odejście od dotychczas prezentowanego stanowiska co do znaczenia terminu wyznaczonego sprawcy szkody do jej naprawienia oraz dopuszczalności prowadzenia egzekucji na podstawie orzeczenia sądu karnego orzekającego o obowiązku naprawienia szkody w określonym terminie. W ocenie Sądu Najwyższego, zawartej w uzasadnieniu uchwały w sprawie III CZP 51/07, trzeba przyjąć, że warunki określone przez sąd karny na podstawie <xLexLink xArt="art. 74" xIsapId="WDU19970880553" xTitle="Ustawa z dnia 6 czerwca 1997 r. - Kodeks karny" xAddress="Dz. U. z 1997 r. Nr 88, poz. 553">art. 74 kk</xLexLink>, w tym termin wykonania obowiązku naprawienia szkody, nie stoją na przeszkodzie wykonaniu tego obowiązku przy użyciu przymusu egzekucyjnego jeszcze przed upływem terminu wyznaczonego skazanemu przez sąd karny do wywiązania się z obowiązków nałożonych na niego w okresie próby. Ustalony przez sąd karny na podstawie <xLexLink xArt="art. 72;art. 72 § 2;art. 74" xIsapId="WDU19970880553" xTitle="Ustawa z dnia 6 czerwca 1997 r. - Kodeks karny" xAddress="Dz. U. z 1997 r. Nr 88, poz. 553">art. 72 § 2 i art. 74 kk</xLexLink> termin naprawienia szkody przez skazanego w związku z warunkowym zawieszeniem wykonania kary nie ma charakteru terminu wymagalności cywilnego roszczenia o naprawienie szkody wywołanej deliktem o cechach przestępstwa, o długości tego terminu decydują bowiem tylko okoliczności istotne dla spełnienia probacyjnego celu orzeczenia, a nie przesłanki wymagalności roszczenia wskazane w <xLexLink xArt="art. 455" xIsapId="WDU19640160093" xTitle="Ustawa z dnia 23 kwietnia 1964 r. - Kodeks cywilny" xAddress="Dz. U. z 1964 r. Nr 16, poz. 93">art. 455 kc</xLexLink> lub przesłanki określone w <xLexLink xArt="art. 320" xIsapId="WDU19640430296" xTitle="Ustawa z dnia 17 listopada 1964 r. - Kodeks postępowania cywilnego" xAddress="Dz. U. z 1964 r. Nr 43, poz. 296">art. 320 kpc</xLexLink>. Poszkodowany (pokrzywdzony przestępstwem) nie ma wpływu na określenie tego terminu i nie można od niego wymagać, by oczekiwał z realizacją własnych uprawnień cywilnych aż minie termin wyznaczony sprawcy szkody w wyroku karnym do jej naprawienia. W takim ujęciu termin wyznaczony przez sąd karny na podstawie <xLexLink xArt="art. 74" xIsapId="WDU19970880553" xTitle="Ustawa z dnia 6 czerwca 1997 r. - Kodeks karny" xAddress="Dz. U. z 1997 r. Nr 88, poz. 553">art. 74 kk</xLexLink> odgrywa rolę tylko przy ocenie karnoprawnych aspektów związanych z zarządzeniem wykonania kary, ale nie jest przeszkodą dla prowadzenia egzekucji obowiązku naprawienia szkody.</xText>
          <xText>Ponieważ w apelacji pozwani kwestionują brak realnego wpływu powódki na warunki orzeczenia środka probacyjnego, co było przedmiotem uwag Sądu Najwyższego w sprawach I UK 300/10 i III CZP 51/07, by nie wracać już do tego wątku po odniesieniu się do omawianego zarzutu apelacji pozwanych, podkreślić trzeba, że Sąd Okręgowy nie odnosił się do okoliczności konkretnego procesu karnego, lecz odwołał się do oceny Sądu Najwyższego w przedmiocie realności wpływu poszkodowanego (pokrzywdzonego przestępstwem) na warunki probacyjne w ogólności, wyrażonej w sprawach I UK 300/10 i III CZP 51/07. Tę ocenę należy podzielić, skoro w tym przedmiocie idzie o warunek probacyjny odniesiony nie tyle do sytuacji poszkodowanego (pokrzywdzonego przestępstwem), co do sprawcy przestępstwa wyrządzającego szkodę, która podlega naprawieniu. Stosownie do <xLexLink xArt="art. 74;art. 74 § 1" xIsapId="WDU19970880553" xTitle="Ustawa z dnia 6 czerwca 1997 r. - Kodeks karny" xAddress="Dz. U. z 1997 r. Nr 88, poz. 553">art. 74 § 1 kk</xLexLink> bowiem to jego sąd ma obowiązek wysłuchać przed określeniem obowiązku probacyjnego na podstawie <xLexLink xArt="art. 72" xIsapId="WDU19970880553" xTitle="Ustawa z dnia 6 czerwca 1997 r. - Kodeks karny" xAddress="Dz. U. z 1997 r. Nr 88, poz. 553">art. 72 kk</xLexLink>.</xText>
          <xText>Wracając do głównego wątku tej części rozważań, w uchwale z 29 czerwca 2007 r., III CZP 51/07, Sąd Najwyższy ostatecznie doszedł do wniosku, że orzeczenie sądu karnego – nakładające na skazanego obowiązek naprawienia szkody w związku z warunkowym zawieszeniem wykonania kary – tworzy stan rzeczy osądzonej co do tego rodzaju cywilnego obowiązku i odpowiadającego mu uprawnienia wierzyciela. Miał na uwadze zmianę <xLexLink xArt="art. 415;art. 415 § 6" xIsapId="WDU19970890555" xTitle="Ustawa z dnia 6 czerwca 1997 r. - Kodeks postępowania karnego" xAddress="Dz. U. z 1997 r. Nr 89, poz. 555">art. 415 § 6 kpk</xLexLink> z dniem 1 lipca 2003 r., a także stanowisko Sądu Najwyższego wyrażone w wyroku z 23 listopada 2006 r., IV KK 328/06, o czym była wcześniej mowa. Sąd Apelacyjny nie podziela tego stanowiska.</xText>
          <xText>Sąd Najwyższy w wyroku z 2 lutego 2011 r., I UK 300/10, zwrócił uwagę na nowszą judykaturę Sądu Najwyższego i odwołał się postanowienia Sądu Najwyższego wydanego już po podjęciu uchwały w sprawie III CZP 51/07, mianowicie z 24 lutego 2010 r., I KZP 31/09. W sprawie III CZP 51/07 Sąd Najwyższy miał na uwadze pogląd wyrażony przez Sąd Najwyższy w sprawie IV KK 328/06, że obowiązek naprawienia szkody, o jakim mowa w <xLexLink xArt="art. 415;art. 415 § 5;art. 415 § 5 zd. 2" xIsapId="WDU19970890555" xTitle="Ustawa z dnia 6 czerwca 1997 r. - Kodeks postępowania karnego" xAddress="Dz. U. z 1997 r. Nr 89, poz. 555">art. 415 § 5 zdanie drugie kpk</xLexLink> obejmuje obowiązek orzeczony na podstawie <xLexLink xArt="art. 72;art. 72 § 2" xIsapId="WDU19970880553" xTitle="Ustawa z dnia 6 czerwca 1997 r. - Kodeks karny" xAddress="Dz. U. z 1997 r. Nr 88, poz. 553">art. 72 § 2 kk</xLexLink>. Z tego poglądu w uchwale z 29 czerwca 2007 r., III CZP 51/07, Sąd Najwyższy wywiódł, że wystarczy nadać klauzulę wykonalności wyrokowi sądu karnego w zakresie obowiązku naprawienia szkody, skoro może to nastąpić przed upływem terminu do naprawienia szkody. Tymczasem w postanowieniu z 24 lutego 2010 r., I KZP 31/09, Sąd Najwyższy przekonująco temu zaprzeczył. Wyjaśnił, że w przeciwieństwie do środka karnego z <xLexLink xArt="art. 46;art. 46 § 1" xIsapId="WDU19970880553" xTitle="Ustawa z dnia 6 czerwca 1997 r. - Kodeks karny" xAddress="Dz. U. z 1997 r. Nr 88, poz. 553">art. 46 § 1 kk</xLexLink>, który ze swej istoty ma charakter penalny, gdy motywem ustawy było umożliwienie pokrzywdzonemu dochodzenia roszczeń wynikających z przestępstwa w prostszy niż w drodze procesu cywilnego sposób, zobowiązanie do naprawienia szkody z <xLexLink xArt="art. 72;art. 72 § 2" xIsapId="WDU19970880553" xTitle="Ustawa z dnia 6 czerwca 1997 r. - Kodeks karny" xAddress="Dz. U. z 1997 r. Nr 88, poz. 553">art. 72 § 2 kk</xLexLink> ma inny cel i charakter. Jest warunkiem probacyjnym, środkiem związanym z poddaniem sprawcy próbie (co oddaje tytuł <xLexLink xArt="rozdział 8" xIsapId="WDU19970880553" xTitle="Ustawa z dnia 6 czerwca 1997 r. - Kodeks karny" xAddress="Dz. U. z 1997 r. Nr 88, poz. 553">rozdziału VIII Kodeksu karnego</xLexLink>), który przede wszystkim daje możliwość sądowi istotnego oddziaływania wychowawczego na skazanego w czasie całego okresu próby. Zatem funkcja kompensacyjna, jakkolwiek priorytetowa, nie jest jedyną, którą taki środek ma spełniać. Równie bowiem istotne są też jego funkcje: szczególnoprewencyjno-wychowawcza i ogólnoprewencyjna. Właśnie potrzeba realizacji tych wszystkich funkcji kształtujących probacyjny cel obowiązków określonych w <xLexLink xArt="art. 72" xIsapId="WDU19970880553" xTitle="Ustawa z dnia 6 czerwca 1997 r. - Kodeks karny" xAddress="Dz. U. z 1997 r. Nr 88, poz. 553">art. 72 kk</xLexLink> spowodowała, że ustawodawca przewidział w <xLexLink xArt="art. 74;art. 74 § 1" xIsapId="WDU19970880553" xTitle="Ustawa z dnia 6 czerwca 1997 r. - Kodeks karny" xAddress="Dz. U. z 1997 r. Nr 88, poz. 553">art. 74 § 1 kk</xLexLink> obligatoryjne określenie przez sąd czasu ich wykonania, a tym samym określenie go w sposób inny, aniżeli jako data uprawomocnienia się wyroku. W konsekwencji te właśnie przepisy stanowią, przewidziany w <xLexLink xArt="art. 9;art. 9 § 2" xIsapId="WDU19970900557" xTitle="Ustawa z dnia 6 czerwca 1997 r. - Kodeks karny wykonawczy" xAddress="Dz. U. z 1997 r. Nr 90, poz. 557">art. 9 § 2 kkw</xLexLink>, wyjątek od zasady, w myśl której orzeczenie staje się wykonalne z chwilą uprawomocnienia. Stąd też wykonalność zobowiązania do naprawienia szkody orzeczonego na podstawie <xLexLink xArt="art. 72;art. 72 § 2" xIsapId="WDU19970880553" xTitle="Ustawa z dnia 6 czerwca 1997 r. - Kodeks karny" xAddress="Dz. U. z 1997 r. Nr 88, poz. 553">art. 72 § 2 kk</xLexLink> następuje z zaistnieniem terminu wskazanego przez sąd, orzekający w trybie <xLexLink xArt="art. 74;art. 74 § 1" xIsapId="WDU19970880553" xTitle="Ustawa z dnia 6 czerwca 1997 r. - Kodeks karny" xAddress="Dz. U. z 1997 r. Nr 88, poz. 553">art. 74 § 1 kk</xLexLink> (wyjątkowo też w związku z <xLexLink xArt="art. 178;art. 178 § 1" xIsapId="WDU19970900557" xTitle="Ustawa z dnia 6 czerwca 1997 r. - Kodeks karny wykonawczy" xAddress="Dz. U. z 1997 r. Nr 90, poz. 557">art. 178 § 1 kkw</xLexLink>), jako czas jego wykonania, a zatem dopiero wówczas orzeczeniu zawierającemu takie rozstrzygnięcie – w tym zakresie – można nadać klauzulę wykonalności. Podjęta wbrew tym uwarunkowaniom normatywnym wcześniejsza, przymusowa egzekucja zapadłego w tym trybie rozstrzygnięcia o obowiązku naprawienia szkody, nierespektująca określonego przez sąd czasu jego wykonania, byłaby sprzeczna z charakterem tego obowiązku jako warunku probacyjnego, jak też – w tym aspekcie – podważałaby racjonalność przyjętego w <xLexLink xArt="art. 74;art. 74 § 1" xIsapId="WDU19970880553" xTitle="Ustawa z dnia 6 czerwca 1997 r. - Kodeks karny" xAddress="Dz. U. z 1997 r. Nr 88, poz. 553">art. 74 § 1 kk</xLexLink> rozwiązania. Podzieli tę wykładnię Sąd Najwyższy w uzasadnieniu wyroku w sprawie I UK 300/10, a za nim Sąd Okręgowy w uzasadnieniu zaskarżonego wyroku. Podziela ją też Sąd Apelacyjny w składzie rozpoznającym niniejszą sprawę. Zwrócić też trzeba uwagę na uzasadnienie przedstawionego przez Prezydenta Rzeczypospolitej Polskiej projektu ustawy nowelizującej z dnia 10 stycznia 2003 r., do której odwołał się Sąd Najwyższy w sprawie III CZP 51/07, akcentując, że w uzasadnieniu projektu wyjaśniono, że nowelizacja ma na celu konsekwentne przeprowadzenie zakazu kumulowania rozstrzygnięć o charakterze kompensacyjnym, jeżeli odnoszą się do tej samej szkody. W istotnym dla rozpoznawanej sprawy fragmencie uzasadnienie omawianego projektu ustawy nowelizującej z dnia 10 stycznia 2003 r. ma treść: „Nowe brzmienie <xLexLink xArt="art. 415" xIsapId="WDU19970890555" xTitle="Ustawa z dnia 6 czerwca 1997 r. - Kodeks postępowania karnego" xAddress="Dz. U. z 1997 r. Nr 89, poz. 555">art. 415</xLexLink> jest próbą (w powiązaniu z <xLexLink xArt="rozdział 8 art. 107;rozdział 8 art. 107 § 2" xIsapId="WDU19970880553" xTitle="Ustawa z dnia 6 czerwca 1997 r. - Kodeks karny" xAddress="Dz. U. z 1997 r. Nr 88, poz. 553">art. 107 § 2</xLexLink>) uporządkowania zagadnienia orzekania o naprawieniu szkody wyrządzonej przez przestępstwo. Przewiduje się przede wszystkim konsekwentny zakaz kumulowania rozstrzygnięć o charakterze kompensacyjnym, jeśli odnoszą się do tej samej szkody (krzywdy). Z tego powodu proponuje się zakaz zasądzania odszkodowania (na skutek powództwa adhezyjnego lub z urzędu) w sytuacji, gdy sąd zobowiązuje sprawcę do naprawienia szkody lub zadośćuczynienia za doznaną krzywdę na podstawie przepisów prawa karnego, względnie gdy orzeka nawiązkę na rzecz pokrzywdzonego. W konsekwencji zrezygnowano z możliwości zasądzenia odszkodowania w wypadku warunkowego umorzenia postępowania karnego, albowiem w takiej sytuacji zobowiązanie sprawcy do naprawienia szkody jest obligatoryjne (<xLexLink xArt="art. 67;art. 67 § 3" xIsapId="WDU19970880553" xTitle="Ustawa z dnia 6 czerwca 1997 r. - Kodeks karny" xAddress="Dz. U. z 1997 r. Nr 88, poz. 553">art. 67 § 3 Kodeksu karnego</xLexLink>).” Wynika z tego, że zakaz kumulacji, o jakim mowa w uzasadnieniu projektu ustawy nowelizującej z dnia 10 stycznia 2003 r., dotyczy wyłącznie orzeczeń wydawanych w postępowaniu karnym, obejmując treść <xLexLink xArt="art. 415;art. 415 § 5" xIsapId="WDU19970890555" xTitle="Ustawa z dnia 6 czerwca 1997 r. - Kodeks postępowania karnego" xAddress="Dz. U. z 1997 r. Nr 89, poz. 555">art. 415 § 5 kpk</xLexLink>, któremu nadano brzmienie: „W razie skazania oskarżonego lub warunkowego umorzenia postępowania w wypadkach wskazanych w ustawie sąd orzeka nawiązkę na rzecz pokrzywdzonego, obowiązek naprawienia szkody lub zadośćuczynienia za doznaną krzywdę. Nawiązki na rzecz pokrzywdzonego, obowiązku naprawienia szkody lub zadośćuczynienia za doznaną krzywdę nie orzeka się, jeżeli roszczenie wynikające z popełnienia przestępstwa jest przedmiotem innego postępowania albo o roszczeniu tym prawomocnie orzeczono.” Ustawa nowelizująca z dnia 10 stycznia 2003 r. nie dotknęła problematyki orzekania w postępowaniu cywilnym o odszkodowaniu za szkodę wyrządzoną przestępstwem, gdy uprzednio w wyroku karnym orzeczono o probacyjnym obowiązku jej naprawienia przez skazanego.</xText>
          <xText>Nietrafny jest też zarzut apelacji pozwanych w przedmiocie odsetek.</xText>
          <xText>Z wyroku Sądu Okręgowego w Gliwicach z 3 września 2009 r. w sprawie IV K 185/08 (k. 139-173) jednoznacznie wynika, że pozwani zostali uznani winnymi popełnienia przestępstwa polegającego na doprowadzeniu powódki do niekorzystnego rozporządzenia mieniem znacznej wartości w postaci udzielenia kredytu w wysokości 300.000 zł, zatem obowiązek probacyjny obejmuje naprawienie szkody wyrządzonej tym właśnie rozporządzeniem mieniem, wskutek którego pozwani uzyskali środki pieniężne tytułem kredytu. Sąd karny orzekał jedynie o obowiązku naprawienia szkody wywołanej przestępstwem (czynem niedozwolonym). Z kolei zaskarżonym wyrokiem Sąd Okręgowy nie orzekał o odsetkach kapitałowych, jakie należne są przed terminem wymagalności kapitału, lecz o odsetkach ustawowych za opóźnienie w zapłacie sumy pieniężnej odpowiadającej rozmiarowi szkody, którą powódka poniosła na skutek przestępczego działania pozwanych. Nie ma zaś sporu między stronami, że powódka wskutek przestępczego działania pozwanych poniosła szkodę w wysokości 126.766,97 zł, z czego pozwani zapłacili 22.700 zł (tym samym na pozwanych spoczywa obowiązek zapłaty powódce jeszcze kwoty 104.066,97 zł). Za szkodę tę odpowiadają na zasadzie <xLexLink xArt="art. 415" xIsapId="WDU19640160093" xTitle="Ustawa z dnia 23 kwietnia 1964 r. - Kodeks cywilny" xAddress="Dz. U. z 1964 r. Nr 16, poz. 93">art. 415 kc</xLexLink>, solidarnie (<xLexLink xArt="art. 441;art. 441 § 1" xIsapId="WDU19640160093" xTitle="Ustawa z dnia 23 kwietnia 1964 r. - Kodeks cywilny" xAddress="Dz. U. z 1964 r. Nr 16, poz. 93">art. 441 § 1 kc</xLexLink>). Pozostają w opóźnieniu w zapłacie sumy pieniężnej odpowiadającej szkodzie już od chwili wskazanej przez Sąd Okręgowy, przy czym powódka domagała się odsetek w wysokości ustawowej za opóźnienie w jej zapłacie dopiero od 12 września 2009 r., to jest od dnia prawomocności wyroku Sądu Okręgowego w Gliwicach z 3 września 2009 r. wydanego w sprawie IV K 185/08. Odsetek w wysokości ustawowej za opóźnienie w zapłacie sumy pieniężnej tytułem odszkodowania pieniężnej powódka może skutecznie domagać się na podstawie <xLexLink xArt="art. 481;art. 481 § 1;art. 481 § 2" xIsapId="WDU19640160093" xTitle="Ustawa z dnia 23 kwietnia 1964 r. - Kodeks cywilny" xAddress="Dz. U. z 1964 r. Nr 16, poz. 93">art. 481 § 1 i 2 kc.</xLexLink></xText>
          <xText>O znaczeniu 10-letniego terminu do naprawienia szkody, o którym mowa w wyroku karnym, była już mowa. Nie dotyczy on wymagalności roszczenia odszkodowawczego, opartego o <xLexLink xArt="art. 415" xIsapId="WDU19640160093" xTitle="Ustawa z dnia 23 kwietnia 1964 r. - Kodeks cywilny" xAddress="Dz. U. z 1964 r. Nr 16, poz. 93">art. 415 kc</xLexLink>, a jedynie wykonalności zobowiązania do naprawienia szkody orzeczonego na podstawie <xLexLink xArt="art. 72;art. 72 § 2" xIsapId="WDU19970880553" xTitle="Ustawa z dnia 6 czerwca 1997 r. - Kodeks karny" xAddress="Dz. U. z 1997 r. Nr 88, poz. 553">art. 72 § 2 kk</xLexLink>, która następuje z zaistnieniem terminu wskazanego przez sąd, orzekający w trybie <xLexLink xArt="art. 74;art. 74 § 1" xIsapId="WDU19970880553" xTitle="Ustawa z dnia 6 czerwca 1997 r. - Kodeks karny" xAddress="Dz. U. z 1997 r. Nr 88, poz. 553">art. 74 § 1 kk</xLexLink> (wyjątkowo też w związku z <xLexLink xArt="art. 178;art. 178 § 1" xIsapId="WDU19970900557" xTitle="Ustawa z dnia 6 czerwca 1997 r. - Kodeks karny wykonawczy" xAddress="Dz. U. z 1997 r. Nr 90, poz. 557">art. 178 § 1 kkw</xLexLink>), jako czas wykonania tego obowiązku, przez co dopiero wówczas orzeczeniu zawierającemu takie rozstrzygnięcie – w tym zakresie – można nadać klauzulę wykonalności, chociaż roszczenie o zapłatę odszkodowania, jak w niniejszym procesie, wymagalne jest już wcześniej.</xText>
          <xText>Reasumując uwagi dotyczące apelacji pozwanych, podniesione przez nich zarzuty są chybione.</xText>
          <xText>Apelacja pozwanych – jako bezzasadna – podlega więc oddaleniu (<xLexLink xArt="art. 385" xIsapId="WDU19640430296" xTitle="Ustawa z dnia 17 listopada 1964 r. - Kodeks postępowania cywilnego" xAddress="Dz. U. z 1964 r. Nr 43, poz. 296">art. 385 kpc</xLexLink>).</xText>
          <xText>Trafny jest natomiast zarzut apelacji powódki.</xText>
          <xText>Powódka dochodzi odszkodowania za szkodę wyrządzoną jej przez pozwanych przestępstwem z <xLexLink xArt="art. 273" xIsapId="WDU19970880553" xTitle="Ustawa z dnia 6 czerwca 1997 r. - Kodeks karny" xAddress="Dz. U. z 1997 r. Nr 88, poz. 553">art. 273 kk</xLexLink> i <xLexLink xArt="art. 297;art. 297 § 1" xIsapId="WDU19970880553" xTitle="Ustawa z dnia 6 czerwca 1997 r. - Kodeks karny" xAddress="Dz. U. z 1997 r. Nr 88, poz. 553">art. 297 § 1 kk</xLexLink> i <xLexLink xArt="art. 286;art. 286 § 1" xIsapId="WDU19970880553" xTitle="Ustawa z dnia 6 czerwca 1997 r. - Kodeks karny" xAddress="Dz. U. z 1997 r. Nr 88, poz. 553">art. 286 § 1 kk</xLexLink> w związku z <xLexLink xArt="art. 294;art. 294 § 1" xIsapId="WDU19970880553" xTitle="Ustawa z dnia 6 czerwca 1997 r. - Kodeks karny" xAddress="Dz. U. z 1997 r. Nr 88, poz. 553">art. 294 § 1 kk</xLexLink> i <xLexLink xArt="art. 270;art. 270 § 1" xIsapId="WDU19970880553" xTitle="Ustawa z dnia 6 czerwca 1997 r. - Kodeks karny" xAddress="Dz. U. z 1997 r. Nr 88, poz. 553">art. 270 § 1 kk</xLexLink> przy zastosowaniu <xLexLink xArt="art. 11;art. 11 § 2" xIsapId="WDU19970880553" xTitle="Ustawa z dnia 6 czerwca 1997 r. - Kodeks karny" xAddress="Dz. U. z 1997 r. Nr 88, poz. 553">art. 11 § 2 kk</xLexLink>, polegającym na tym, że posługując się podrobionymi i stwierdzającymi nieprawdę dokumentami oraz składając nierzetelne oświadczenie wprowadzili w ten sposób powódkę w błąd co do swej zdolności płatniczej i doprowadzili ją do rozporządzenia mieniem znacznej wartości w postaci udzielenia kredytu w wysokości 300.000 zł (k. 158 odwrót, 170 odwrót i 171). Obowiązek naprawienia szkody jest zatem następstwem przestępczego działania pozwanych.</xText>
          <xText>Wyrządzając szkodę powinni się liczyć z obowiązkiem jej naprawienia, niezależnie od swej sytuacji majątkowej. Prawo cywilne nie uzależnia przecież tego obowiązku od sytuacji majątkowej sprawcy szkody. Jedynie <xLexLink xArt="art. 320" xIsapId="WDU19640430296" xTitle="Ustawa z dnia 17 listopada 1964 r. - Kodeks postępowania cywilnego" xAddress="Dz. U. z 1964 r. Nr 43, poz. 296">art. 320 kpc</xLexLink> pozwala sądowi i to wyłącznie w szczególnie uzasadnionych wypadkach w wyroku rozłożyć na raty zasądzone świadczenie, a w sprawach o wydanie nieruchomości lub o opróżnienie pomieszczenia – wyznaczyć odpowiedni termin do spełnienia tego świadczenia.</xText>
          <xText>Nie sposób akceptować stanowiska, że w okolicznościach niniejszej sprawy wystąpił szczególnie uzasadniony wypadek, o którym mowa w <xLexLink xArt="art. 320" xIsapId="WDU19640430296" xTitle="Ustawa z dnia 17 listopada 1964 r. - Kodeks postępowania cywilnego" xAddress="Dz. U. z 1964 r. Nr 43, poz. 296">art. 320 kpc</xLexLink>. Sąd Apelacyjny nie dostrzega bowiem w okolicznościach rozpoznawanej sprawy jakiejkolwiek okoliczności, która usprawiedliwiałaby sytuację, w jakiej powódka, która poniosła szkodę w efekcie przestępczego działania pozwanych, miałaby ponosić konsekwencje sytuacji osobistej sprawców szkody, którzy uzyskując świadczenie pieniężne osiągnęli przecież korzyść majątkową wskutek przestępczego działania. Wprawdzie uregulowane w <xLexLink xArt="art. 320" xIsapId="WDU19640430296" xTitle="Ustawa z dnia 17 listopada 1964 r. - Kodeks postępowania cywilnego" xAddress="Dz. U. z 1964 r. Nr 43, poz. 296">art. 320 kpc</xLexLink> udogodnienie dla dłużników obowiązanych do spełnienia świadczenia pieniężnego przewidziane jest na wypadek, w którym jego spełnienie w postaci wynikającej z przepisów prawa regulujących dany stosunek prawny byłoby dla nich niemożliwe do wykonania, bądź co najmniej poważnie utrudnione i narażałoby ich samych lub ich bliskich na niepowetowane szkody, jednak zastosowanie tego przepisu nie może abstrahować od okoliczności konkretnej sprawy. Pozwani znali swe możliwości majątkowe i zarobkowe. Musieli je uznawać za niewystarczające do uzyskania kredytu w kwocie 300.000 zł, skoro w opisany wcześniej sposób przestępczy doprowadzili do zawarcia z powódką umowy w tym przedmiocie i uzyskania świadczenia pieniężnego, którego nie otrzymaliby, gdyby powódka znała rzeczywisty stan rzeczy. Pozwani osiągnęliby więc dodatkową korzyść z przestępczego działania, poza samym uzyskaniem środków pieniężnych z kredytu, wynikającą z zastosowania <xLexLink xArt="art. 320" xIsapId="WDU19640430296" xTitle="Ustawa z dnia 17 listopada 1964 r. - Kodeks postępowania cywilnego" xAddress="Dz. U. z 1964 r. Nr 43, poz. 296">art. 320 kpc</xLexLink>. Poza tym zwrócić trzeba uwagę na to, że przecież pozwani mają możliwości zarobkowe, będąc przedsiębiorcami. Prowadzenie działalności gospodarczej co do zasady wywołuje koszty, wpływające na dochody z tego rodzaju działalności. Na koszty te zazwyczaj wpływ mają sami przedsiębiorcy. Pozwana ponadto jest uprawniona do świadczenia emerytalnego, uzyskując z tego tytułu dodatkowe środki pieniężne. Odpada więc argument o pozbawieniu pozwanych podstaw egzystencji. Skoro powódka nie godzi się z zastosowaniem <xLexLink xArt="art. 320" xIsapId="WDU19640430296" xTitle="Ustawa z dnia 17 listopada 1964 r. - Kodeks postępowania cywilnego" xAddress="Dz. U. z 1964 r. Nr 43, poz. 296">art. 320 kpc</xLexLink>, chybione jest odwołanie się przez Sąd pierwszej instancji do zbędnych kosztów egzekucji, jakie powódka miałaby ponieść w razie bezskuteczności egzekucji. Niezrozumiałe jest też, z jakiej przyczyny wierzytelność powódki miałaby ustąpić wierzytelnościom innych podmiotów, z którymi pozwani zawarli umowy o kredyty konsumpcyjne.</xText>
          <xText>Zaskarżony wyrok – na skutek apelacji powódki – podlegał zatem zmianie na podstawie <xLexLink xArt="art. 386;art. 386 § 1" xIsapId="WDU19640430296" xTitle="Ustawa z dnia 17 listopada 1964 r. - Kodeks postępowania cywilnego" xAddress="Dz. U. z 1964 r. Nr 43, poz. 296">art. 386 § 1 kpc</xLexLink>. Zmiana ta, uwzględniając postępowanie, w którym zaskarżony wyrok został wydany oraz zarzut i wniosek apelacji powódki, polega na utrzymaniu w mocy w całości nakazu zapłaty wydanego w postępowaniu nakazowym. Zaskarżony wyrok wydany został bowiem po rozpoznaniu zarzutów od nakazu zapłaty w postępowaniu nakazowym, które okazały się nietrafne, co w myśl <xLexLink xArt="art. 496" xIsapId="WDU19640430296" xTitle="Ustawa z dnia 17 listopada 1964 r. - Kodeks postępowania cywilnego" xAddress="Dz. U. z 1964 r. Nr 43, poz. 296">art. 496 kpc</xLexLink> skutkuje utrzymaniem w mocy w całości nakazu zapłaty, skoro prawidłowo rozstrzyga o stosunku prawnym poddanym pod rozstrzygnięcie w postępowaniu nakazowym.</xText>
          <xText>O kosztach postępowania apelacyjnego orzeczono stosownie do jego wyniku oraz wartości przedmiotu zaskarżenia (<xLexLink xArt="art. 98;art. 98 § 1;art. 98 § 3" xIsapId="WDU19640430296" xTitle="Ustawa z dnia 17 listopada 1964 r. - Kodeks postępowania cywilnego" xAddress="Dz. U. z 1964 r. Nr 43, poz. 296">art. 98 § 1 i 3</xLexLink> w związku z <xLexLink xArt="art. 99" xIsapId="WDU19640430296" xTitle="Ustawa z dnia 17 listopada 1964 r. - Kodeks postępowania cywilnego" xAddress="Dz. U. z 1964 r. Nr 43, poz. 296">art. 99 kpc</xLexLink>, <xLexLink xArt="art. 105;art. 105 § 2" xIsapId="WDU19640430296" xTitle="Ustawa z dnia 17 listopada 1964 r. - Kodeks postępowania cywilnego" xAddress="Dz. U. z 1964 r. Nr 43, poz. 296">art. 105 § 2 kpc</xLexLink>, a także <xLexLink xArt="art. 105 § 6;art. 105 § 6 pkt. 6" xIsapId="WDU19640430296" xTitle="Ustawa z dnia 17 listopada 1964 r. - Kodeks postępowania cywilnego" xAddress="Dz. U. z 1964 r. Nr 43, poz. 296">§ 6 pkt 6</xLexLink> w związku z <xLexLink xArt="§ 12;§ 12 ust. 1;§ 12 ust. 1 pkt. 2" xIsapId="WDU20021631349" xTitle="Rozporządzenie Ministra Sprawiedliwości z dnia 28 września 2002 r. w sprawie opłat za czynności radców prawnych oraz ponoszenia przez Skarb Państwa kosztów pomocy prawnej udzielonej przez radcę prawnego ustanowionego z urzędu" xAddress="Dz. U. z 2002 r. Nr 163, poz. 1349">§ 12 ust. 1 pkt 2 rozporządzenia Ministra Sprawiedliwości z dnia 28 września 2002 r. w sprawie opłat za czynności radców prawnych oraz ponoszenia przez Skarb Państwa kosztów pomocy prawnej udzielonej przez radcę prawnego ustanowionego z urzędu</xLexLink> – tekst jednolity w Dz. U. z 2013 r., poz. 490).</xText>
        </xUnit>
      </xBlock>
    </xPart>
  </judgement>
<judgement id="152510000001503_III_Ca_001102_2013_Uz_2014-02-18_001">
    <xPart xEditorFullName="Sabina Szwed" xYear="2013" xLang="PL" xPublisherFullName="Sabina Szwed" xFromPg="1" xEditor="sabina.szwed" xVolType="15/251000/0001503/Ca" xPublisher="sabina.szwed" xDocType="Uz" xVolNmbr="001102" xVersion="1.0" xToPage="1" xFlag="published">
      <xName>Wyrok</xName>
      <xBlock>
        <xText>
          <xBx>Sygn. akt III Ca 1102/13</xBx>
        </xText>
        
        <xUnit xBold="true" xType="part" xIsTitle="true">
          <xName>WYROK</xName>
          <xTitle>W IMIENIU RZECZYPOSPOLITEJ POLSKIEJ</xTitle>
          <xText xALIGNx="right"> Dnia 18 lutego 2014 roku</xText>
          
          <xText>Sąd Okręgowy w Łodzi III Wydział Cywilny Odwoławczy</xText>
          <xText>w składzie:</xText>
          <xText>Przewodniczący: Sędzia S.O. Bożena Rządzińska</xText>
          <xText>Sędziowie: S.O. Barbara Pięcek</xText>
          <xText>S.R. Kinga Grzegorczyk</xText>
          <xText>Protokolant: Anna Paradowska</xText>
          <xText>po rozpoznaniu na rozprawie w dniu 18 lutego 2014 roku w Łodzi</xText>
          <xText>sprawy z powództwa <xAnon>K. U.</xAnon></xText>
          <xText>przeciwko <xAnon>K. K.</xAnon></xText>
          <xText>o odszkodowanie, zadośćuczynienie i rentę</xText>
          <xText>na skutek apelacji powódki</xText>
          <xText>od wyroku Sądu Rejonowego w Zgierzu</xText>
          <xText>z dnia 27 maja 2013 roku, sygn. akt I C 201 /09</xText>
          
          <xUnit xType="none" xIsTitle="false">
            <xName xSffx=".">1</xName>
            <xText>oddala apelację;</xText>
          </xUnit>
          <xUnit xType="none" xIsTitle="false">
            <xName xSffx=".">2</xName>
            <xText>zasądza od <xAnon>K. U.</xAnon> na rzecz <xAnon>K. K.</xAnon> kwotę 1800,00 (jeden tysiąc osiemset) złotych tytułem zwrotu kosztów zastępstwa adwokackiego w postępowaniu apelacyjnym.</xText>
          </xUnit>
        </xUnit>
      </xBlock>
    </xPart>
  </judgement>
<judgement id="153000000001006_II_AKa_000015_2014_Uz_2014-02-18_001">
    <xPart xEditorFullName="Artur Trubalski" xYear="2014" xLang="PL" xPublisherFullName="Monika Wyczółkowska" xFromPg="1" xEditor="trubalski" xVolType="15/300000/0001006/AKa" xPublisher="wyczolkowska" xDocType="Uz" xVolNmbr="000015" xVersion="1.0" xToPage="10" xFlag="published">
      <xName>Wyrok+Uzasadnienie</xName>
      <xBlock>
        <xText>
          <xBx>Sygn. akt II AKa 15/14</xBx>
        </xText>
        
        <xUnit xIsTitle="true" xBold="true" xType="part">
          <xName>WYROK</xName>
          <xTitle>W IMIENIU RZECZYPOSPOLITEJ POLSKIEJ</xTitle>
          <xText xALIGNx="right"> Dnia 18 lutego 2014 r.</xText>
          <xText>Sąd Apelacyjny w Lublinie w II Wydziale Karnym w składzie:</xText>
          <xRows>
            <xCOLGROUPx>
              <xCOLx xWIDTHx="250"/>
              <xCOLx xWIDTHx="446"/>
            </xCOLGROUPx>
            <xRow>
              <xClmn xALIGNx="left" xVALIGNx="top">
                <xText>Przewodniczący - Sędzia</xText>
              </xClmn>
              <xClmn xALIGNx="left" xVALIGNx="top">
                <xText>SA Marek Wolski (sprawozdawca)</xText>
              </xClmn>
            </xRow>
            <xRow>
              <xClmn xALIGNx="left" xVALIGNx="top">
                <xText>Sędziowie:</xText>
              </xClmn>
              <xClmn xALIGNx="left" xVALIGNx="top">
                <xText>SA Andrzej Kaczmarek</xText>
                <xText>SA Lech Lewicki</xText>
              </xClmn>
            </xRow>
            <xRow>
              <xClmn xALIGNx="left" xVALIGNx="top">
                <xText>Protokolant</xText>
              </xClmn>
              <xClmn xALIGNx="left" xVALIGNx="top">
                <xText>st.sekr.sąd. Agnieszka Jarzębkowska</xText>
              </xClmn>
            </xRow>
          </xRows>
          <xText>przy udziale Lidii Sobestiańczuk-Jasim prokuratora Prokuratury Okręgowej w Lublinie del. do Prokuratury Apelacyjnej w Lublinie</xText>
          <xText>po rozpoznaniu w dniu 18 lutego 2014 r.</xText>
          <xText>sprawy <xBx><xAnon>T. J.</xAnon></xBx></xText>
          <xText>oskarżonego z <xLexLink xArt="art. 13;art. 13 § 1" xIsapId="WDU19970880553" xTitle="Ustawa z dnia 6 czerwca 1997 r. - Kodeks karny" xAddress="Dz. U. z 1997 r. Nr 88, poz. 553">art. 13 § 1 kk</xLexLink> w zw. z <xLexLink xArt="art. 148;art. 148 § 1" xIsapId="WDU19970880553" xTitle="Ustawa z dnia 6 czerwca 1997 r. - Kodeks karny" xAddress="Dz. U. z 1997 r. Nr 88, poz. 553">art. 148 § 1 kk</xLexLink> w i in.</xText>
          <xText>z powodu apelacji wniesionej przez obrońcę oskarżonego</xText>
          <xText>od wyroku Sądu Okręgowego w Lublinie</xText>
          <xText>z dnia 4 listopada 2013 r., sygn. akt IV K 134/12</xText>
          
          <xUnit xIsTitle="false" xType="none">
            <xName xSffx=".">I</xName>
            <xText>utrzymuje zaskarżony wyrok w mocy, uznając wniesioną apelację za oczywiście bezzasadną;</xText>
          </xUnit>
          <xUnit xIsTitle="false" xType="none">
            <xName xSffx=".">II</xName>
            <xText>zasądza od Skarbu Państwa na rzecz adw. <xAnon>J. C.</xAnon> prowadzącej Kancelarię Adwokacką w <xAnon>L.</xAnon> kwotę 738 (siedemset trzydzieści osiem) złotych tytułem wynagrodzenia za obronę oskarżonego z urzędu w postępowaniu odwoławczym;</xText>
          </xUnit>
          <xUnit xIsTitle="false" xType="none">
            <xName xSffx=".">III</xName>
            <xText>zwalnia oskarżonego od kosztów sądowych za drugą instancję określając, że wchodzące w ich skład wydatki ponosi Skarb Państwa.</xText>
          </xUnit>
        </xUnit>
        <xUnit xIsTitle="true" xBold="true" xType="part">
          <xName>UZASADNIENIE</xName>
          <xText><xBx><xAnon>T. J.</xAnon> został oskarżony o to, że</xBx> w dniu 21 października 2010 roku w <xAnon>L.</xAnon> przy <xAnon>ul. (...)</xAnon>, w ciągu 9 miesięcy po odbyciu kary <xBRx/>6 miesięcy i 18 dni pozbawienia wolności orzeczonej wyrokiem z dnia 20 stycznia 2006 roku w sprawie XIX K 1648/05 za przestępstwo z <xLexLink xArt="art. 279;art. 279 § 1" xIsapId="WDU19970880553" xTitle="Ustawa z dnia 6 czerwca 1997 r. - Kodeks karny" xAddress="Dz. U. z 1997 r. Nr 88, poz. 553">art. 279 § l k.k.</xLexLink> i <xLexLink xArt="art. 288;art. 288 § 1" xIsapId="WDU19970880553" xTitle="Ustawa z dnia 6 czerwca 1997 r. - Kodeks karny" xAddress="Dz. U. z 1997 r. Nr 88, poz. 553">art. 288 § l k.k.</xLexLink> uderzając pięścią w klatkę piersiową oraz grożąc trzymaną w ręku siekierą zabójstwem zażądał od <xAnon>J. B.</xAnon> wydania pieniędzy, a wobec odmowy, działając w zamiarze bezpośrednim zabójstwa zadał mu trzy wyprowadzone znad głowy ciosy podobnie do noża niebezpiecznym przedmiotem - siekierą w okolice skroniową lewą głowy, powodując obrażenia ciała <xBRx/>w postaci wstrząśnienia mózgu, rany tłuczonej i „płatowej" skóry owłosionej głowy <xBRx/>w okolicy czołowej dł. 2 cm, ciemieniowej lewej dł. 2 cm i 3 cm, podbiegnięcie krwawe <xBRx/>w okolicy barku lewego o wymiarach 3x3 cm, krwiak w tkankach miękkich głowy w lewej okolicy ciemieniowej i skroniowej, a także obrzęk grzbietu dłoni lewej, skutkujące rozstrojem zdrowia i naruszeniem czynności narządów ciała na okres poniżej 7 dni, a następnie zabrał <xBRx/>w celu przywłaszczenia pieniądze w kwocie 190 zł, portfel skórzany wartości 20 zł, latarkę wartości 15 zł, siekierę wartości 40 zł oraz żywność wartości 11 zł ogólnej wartości 276 zł na szkodę <xAnon>J. B.</xAnon>, tj. o czyn z <xLexLink xArt="art. 13;art. 13 § 1" xIsapId="WDU19970880553" xTitle="Ustawa z dnia 6 czerwca 1997 r. - Kodeks karny" xAddress="Dz. U. z 1997 r. Nr 88, poz. 553">art. 13 § l k.k.</xLexLink> w zw. z <xLexLink xArt="art. 148;art. 148 § 1" xIsapId="WDU19970880553" xTitle="Ustawa z dnia 6 czerwca 1997 r. - Kodeks karny" xAddress="Dz. U. z 1997 r. Nr 88, poz. 553">art. 148 § l k.k.</xLexLink> w zb. z <xLexLink xArt="art. 280;art. 280 § 2" xIsapId="WDU19970880553" xTitle="Ustawa z dnia 6 czerwca 1997 r. - Kodeks karny" xAddress="Dz. U. z 1997 r. Nr 88, poz. 553">art. 280 § 2 k.k.</xLexLink> w zb. z <xLexLink xArt="art. 157;art. 157 § 2" xIsapId="WDU19970880553" xTitle="Ustawa z dnia 6 czerwca 1997 r. - Kodeks karny" xAddress="Dz. U. z 1997 r. Nr 88, poz. 553">art. 157 § 2 k.k.</xLexLink> w zw. z <xLexLink xArt="art. 11;art. 11 § 2" xIsapId="WDU19970880553" xTitle="Ustawa z dnia 6 czerwca 1997 r. - Kodeks karny" xAddress="Dz. U. z 1997 r. Nr 88, poz. 553">art. 11 § 2 k.k.</xLexLink> w zw. z <xLexLink xArt="art. 64;art. 64 § 1" xIsapId="WDU19970880553" xTitle="Ustawa z dnia 6 czerwca 1997 r. - Kodeks karny" xAddress="Dz. U. z 1997 r. Nr 88, poz. 553">art. 64 § l k.k.</xLexLink></xText>
          
          <xText><xBx>Wyrokiem z dnia 4 listopada 2013 roku Sąd Okręgowy w Lublinie uznał </xBx>oskarżonego <xAnon>T. J.</xAnon> za winnego tego, że w dniu 21 października 2010 roku w <xAnon>L.</xAnon> działając z zamiarem przywłaszczenia pieniędzy należących do <xAnon>J. B.</xAnon>, po wejściu do jego domu, uderzeniu pokrzywdzonego w klatkę piersiową, żądał od niego wydania pieniędzy grożąc mu zabójstwem a wobec odmowy, działając <xBRx/>z ewentualnym zamiarem zabójstwa usiłował pozbawić go życia w ten sposób, że trzymaną <xBRx/>w ręku siekierą trzykrotnie uderzył go w głowę powodując u niego powstanie trzech ran tłuczonych głowy okolicy skroniowej i ciemieniowej po stronie lewej, krwiaka tkanek miękkich okolicy ciemieniowej lewej oraz podbiegnięć krwawych okolicy lewego barku <xBRx/>i obrzęku lewej dłoni powodując u niego rozstrój zdrowia i naruszenie czynności narządów ciała na czas poniżej 7 dni po czym po dostrzeżeniu leżącego na szafce portfela pokrzywdzonego dobrowolnie odstąpił od zamiaru pozbawienia go życia zaprzestając dalszego uderzania go i zabierając w celu przywłaszczenia portfel z zawartością pieniędzy oraz w czasie opuszczania mieszkania latarkę, siekierę oraz artykuły spożywcze powodując tym samym szkodę w mieniu <xAnon>J. B.</xAnon> w wysokości 276 zł przy czym czynu tego dopuścił się przed upływem 5 lat po odbyciu w okresie od 2 lipca 2009 roku do 21 stycznia 2010 roku kary 10 miesięcy pozbawienia wolności orzeczonej za umyślne przestępstwo podobne m. in. z <xLexLink xArt="art. 279;art. 279 § 1" xIsapId="WDU19970880553" xTitle="Ustawa z dnia 6 czerwca 1997 r. - Kodeks karny" xAddress="Dz. U. z 1997 r. Nr 88, poz. 553">art. 279 § 1 k.k.</xLexLink> wyrokiem Sądu Rejonowego w Lublinie w sprawie XIX K 1648/05 z 20 stycznia 2006 roku, czym wyczerpał dyspozycję <xLexLink xArt="art. 280;art. 280 § 2" xIsapId="WDU19970880553" xTitle="Ustawa z dnia 6 czerwca 1997 r. - Kodeks karny" xAddress="Dz. U. z 1997 r. Nr 88, poz. 553">art. 280 § 2 k.k.</xLexLink> w zb. z <xLexLink xArt="art. 157;art. 157 § 2" xIsapId="WDU19970880553" xTitle="Ustawa z dnia 6 czerwca 1997 r. - Kodeks karny" xAddress="Dz. U. z 1997 r. Nr 88, poz. 553">art. 157 § 2 k.k.</xLexLink> w zw. z <xLexLink xArt="art. 11;art. 11 § 2" xIsapId="WDU19970880553" xTitle="Ustawa z dnia 6 czerwca 1997 r. - Kodeks karny" xAddress="Dz. U. z 1997 r. Nr 88, poz. 553">art. 11 § 2 k.k.</xLexLink>, <xLexLink xArt="art. 64;art. 64 § 1" xIsapId="WDU19970880553" xTitle="Ustawa z dnia 6 czerwca 1997 r. - Kodeks karny" xAddress="Dz. U. z 1997 r. Nr 88, poz. 553">art. 64 § 1 k.k.</xLexLink> i za to przy zastosowaniu <xLexLink xArt="art. 11;art. 11 § 3" xIsapId="WDU19970880553" xTitle="Ustawa z dnia 6 czerwca 1997 r. - Kodeks karny" xAddress="Dz. U. z 1997 r. Nr 88, poz. 553">art. 11 § 3 k.k.</xLexLink>, na podstawie <xLexLink xArt="art. 280;art. 280 § 2" xIsapId="WDU19970880553" xTitle="Ustawa z dnia 6 czerwca 1997 r. - Kodeks karny" xAddress="Dz. U. z 1997 r. Nr 88, poz. 553">art. 280 § 2 k.k.</xLexLink> wymierzył mu karę 6 lat pozbawienia wolności. Nadto, na podstawie <xLexLink xArt="art. 63;art. 63 § 2" xIsapId="WDU19970890555" xTitle="Ustawa z dnia 6 czerwca 1997 r. - Kodeks postępowania karnego" xAddress="Dz. U. z 1997 r. Nr 89, poz. 555">art. 63 § 2 k.p.k.</xLexLink>, powództwo cywilne pozostawił bez rozpoznania oraz zasądził od Skarbu Państwa na rzecz obrońcy z urzędu kwotę 4.428 zł tytułem wynagrodzenia za obronę <xAnon>T. J.</xAnon>, zwalniając przy tym oskarżonego od zapłaty kosztów sądowych, którymi obciążył Skarb Państwa.</xText>
          
          <xText>
            <xBx>Obrońca <xAnon>T. J.</xAnon> zaskarżając wyrok w całości na korzyść oskarżonego zarzucił:</xBx>
          </xText>
          <xUnit xIsTitle="false" xType="none">
            <xName xSffx=".">1</xName>
            <xText>naruszenie przepisów postępowania mające wpływ na treść orzeczenia:</xText>
            <xEnum>
              <xBullet>-</xBullet>
              <xEnumElem>
                <xText><xLexLink xArt="art. 4;art. 7;art. 410" xIsapId="WDU19970890555" xTitle="Ustawa z dnia 6 czerwca 1997 r. - Kodeks postępowania karnego" xAddress="Dz. U. z 1997 r. Nr 89, poz. 555">art. 4, 7, 410 k.p.k.</xLexLink> poprzez dokonanie przez sąd dowolnej, a nie swobodniej oceny dowodów wyrażającej się w błędnym stanowisku, co do oceny materiału dowodowego, a w szczególności wyjaśnień oskarżonego i uznaniu, iż oskarżony działając z zamiarem przywłaszczenia pieniędzy należących do <xAnon>J. B.</xAnon>, uderzeniu pokrzywdzonego w klatkę piersiową, żądał od niego wydania pieniędzy grożąc mu zabójstwem a wobec odmowy, działając z ewentualnym zamiarem zabójstwa usiłował pozbawić go życia, w ten sposób, że trzymaną w ręku siekierą trzykrotnie uderzył go w głowę, po czym po dostrzeżeniu leżącego na szafce portfela pokrzywdzonego, dobrowolnie odstąpił od zamiaru pozbawienia go życia zaprzestając dalszego uderzania go i zabierając w celu przywłaszczenia portfel <xBRx/>z zawartością pieniędzy oraz w czasie opuszczania mieszkania latarkę, siekierę oraz artykuły spożywcze, w sytuacji gdy z materiału dowodowego zgromadzonego <xBRx/>w toku całego postępowania, a w szczególności z wyjaśnień oskarżonego <xAnon>T. J.</xAnon> wynika, że powyższych czynów nie dokonał, a broniąc się przed atakiem ze strony <xAnon>J. B.</xAnon> odepchnął go rękami w klatkę piersiową <xBRx/>i zabrał należący do niego portfel, a dodatkowo przedmiotem którym posługiwał się pierwotnie pokrzywdzony oraz później „rzekomo” oskarżony, był trzonek drewniany od siekiery,</xText>
              </xEnumElem>
              <xEnumElem>
                <xText><xLexLink xArt="art. 5;art. 5 § 1;art. 5 § 1 pkt. 4" xIsapId="WDU20011061148" xTitle="Ustawa z dnia 24 sierpnia 2001 r. - Kodeks postępowania w sprawach o wykroczenia" xAddress="Dz. U. z 2001 r. Nr 106, poz. 1148">art. 5 § l pkt 4 k.p.w.</xLexLink> poprzez jego nie zastosowanie w sytuacji gdy czyn oskarżonego wypełnił znamiona wykroczenia z <xLexLink xArt="art. 119;art. 119 § 1" xIsapId="WDU20011061148" xTitle="Ustawa z dnia 24 sierpnia 2001 r. - Kodeks postępowania w sprawach o wykroczenia" xAddress="Dz. U. z 2001 r. Nr 106, poz. 1148">art. 119 § 1</xLexLink> k.w., a od jego popełnienia (21 października 2010 roku) upłynęło 2 lata, co powoduje, że sprawa niniejsza winna zostać umorzona z uwagi na przedawnienie orzekania;</xText>
              </xEnumElem>
            </xEnum>
          </xUnit>
          <xUnit xIsTitle="false" xType="none">
            <xName xSffx=".">2</xName>
            <xText>błąd w ustaleniach faktycznych przyjętych za podstawę wyroku, który miał wpływ na jego treść polegający na uznaniu, że oskarżony swoim zachowaniem, wypełnił znamiona przestępstwa z <xLexLink xArt="art. 280;art. 280 § 2" xIsapId="WDU19970880553" xTitle="Ustawa z dnia 6 czerwca 1997 r. - Kodeks karny" xAddress="Dz. U. z 1997 r. Nr 88, poz. 553">art. 280 § 2 k.k.</xLexLink> w zb. z <xLexLink xArt="art. 157;art. 157 § 2" xIsapId="WDU19970880553" xTitle="Ustawa z dnia 6 czerwca 1997 r. - Kodeks karny" xAddress="Dz. U. z 1997 r. Nr 88, poz. 553">art. 157 § 2 k.k.</xLexLink> w zw. z <xLexLink xArt="art. 11;art. 11 § 2" xIsapId="WDU19970880553" xTitle="Ustawa z dnia 6 czerwca 1997 r. - Kodeks karny" xAddress="Dz. U. z 1997 r. Nr 88, poz. 553">art. 11 § 2 k.k.</xLexLink>, <xLexLink xArt="art. 64;art. 64 § 1" xIsapId="WDU19970880553" xTitle="Ustawa z dnia 6 czerwca 1997 r. - Kodeks karny" xAddress="Dz. U. z 1997 r. Nr 88, poz. 553">art. 64 § l k.k.</xLexLink> z zastosowaniem <xLexLink xArt="art. 11;art. 11 § 3" xIsapId="WDU19970880553" xTitle="Ustawa z dnia 6 czerwca 1997 r. - Kodeks karny" xAddress="Dz. U. z 1997 r. Nr 88, poz. 553">art. 11 § 3 k.k.</xLexLink>, podczas gdy z materiału dowodowego zgromadzonego w toku postępowania, a w szczególności z wyjaśnień oskarżonego, zmodyfikowanych na rozprawie 29 czerwca 2012 roku, wynika że pokrzywdzony dobrowolnie pożyczył oskarżonemu pieniądze w kwocie 50 zł, a następnie rzucił się na niego z kijem (trzonkiem drewnianym od siekiery), a oskarżony broniąc się przed atakiem ze strony <xAnon>J. B.</xAnon> odepchnął go rękami w klatkę piersiową, zabrał portfel o wartości 20 zł i wyszedł;</xText>
          </xUnit>
          <xUnit xIsTitle="false" xType="none">
            <xName xSffx=".">3</xName>
            <xText>obrazę przepisów prawa materialnego poprzez zastosowanie w stosunku do oskarżonego <xLexLink xArt="art. 64;art. 64 § 1" xIsapId="WDU19970880553" xTitle="Ustawa z dnia 6 czerwca 1997 r. - Kodeks karny" xAddress="Dz. U. z 1997 r. Nr 88, poz. 553">art. 64 § 1 k.k.</xLexLink> w sytuacji, gdy zachowanie oskarżonego wyczerpało jedynie znamiona wykroczenia i nie ma podstawy do przyjęcia że oskarżony działał w warunkach recydywy podstawowej.</xText>
          </xUnit>
          <xText>Wskazując na powyższe, obrońca oskarżonego wniósł o zmianę zaskarżonego wyroku w całości poprzez uniewinnienie oskarżonego od zarzucanego mu czynu <xBRx/>i wyeliminowanie z opisu czynu, że <xAnon>T. J.</xAnon> w dniu 21 października 2010 roku w <xAnon>L.</xAnon> działając z zamiarem przywłaszczenia pieniędzy należących do <xAnon>J. B.</xAnon>, po wejściu do jego domu, uderzeniu pokrzywdzonego w klatkę piersiową, żądał od niego wydania pieniędzy grożąc mu zabójstwem a wobec odmowy, działając <xBRx/>z ewentualnym zamiarem zabójstwa usiłował pozbawić go życia w ten sposób, że trzymaną <xBRx/>w ręku siekierą trzykrotnie uderzył go w głowę powodując u niego powstanie trzech ran tłuczonych głowy okolicy skroniowej i ciemieniowej po stronie lewej, krwiaka tkanek miękkich okolicy ciemieniowej lewej oraz podbiegnięć krwawych okolicy lewego barku <xBRx/>i obrzęku lewej dłoni powodując u niego rozstrój zdrowia i naruszenie czynności narządów ciała na czas poniżej 7 dni po czym po dostrzeżeniu leżącego na szafce portfela pokrzywdzonego dobrowolnie odstąpił od zamiaru pozbawienia go życia zaprzestając dalszego uderzania go i zabierając w celu przywłaszczenia portfel z zawartością pieniędzy oraz w czasie opuszczania mieszkania latarkę, siekierę oraz artykuły spożywcze powodując tym samym szkodę w mieniu <xAnon>J. B.</xAnon> w wysokości 276 zł przy czym czynu tego dopuścił się przed upływem 5 lat po odbyciu w okresie od 2 lipca 2009 roku do 21 stycznia 2010 roku kary 10 miesięcy pozbawienia wolności orzeczonej za umyślne przestępstwo podobne m. in. z <xLexLink xArt="art. 279;art. 279 § 1" xIsapId="WDU19970880553" xTitle="Ustawa z dnia 6 czerwca 1997 r. - Kodeks karny" xAddress="Dz. U. z 1997 r. Nr 88, poz. 553">art. 279 § 1 k.k.</xLexLink> wyrokiem Sądu Rejonowego w Lublinie w sprawie XIX K 1648/05 z 20 stycznia 2006 roku, czym wyczerpał dyspozycję <xLexLink xArt="art. 280;art. 280 § 2" xIsapId="WDU19970880553" xTitle="Ustawa z dnia 6 czerwca 1997 r. - Kodeks karny" xAddress="Dz. U. z 1997 r. Nr 88, poz. 553">art. 280 § 2 k.k.</xLexLink> w zb. z <xLexLink xArt="art. 157;art. 157 § 2" xIsapId="WDU19970880553" xTitle="Ustawa z dnia 6 czerwca 1997 r. - Kodeks karny" xAddress="Dz. U. z 1997 r. Nr 88, poz. 553">art. 157 § 2 k.k.</xLexLink> w zw. z <xLexLink xArt="art. 11;art. 11 § 2" xIsapId="WDU19970880553" xTitle="Ustawa z dnia 6 czerwca 1997 r. - Kodeks karny" xAddress="Dz. U. z 1997 r. Nr 88, poz. 553">art. 11 § 2 k.k.</xLexLink>, <xLexLink xArt="art. 64;art. 64 § 1" xIsapId="WDU19970880553" xTitle="Ustawa z dnia 6 czerwca 1997 r. - Kodeks karny" xAddress="Dz. U. z 1997 r. Nr 88, poz. 553">art. 64 § 1 k.k.</xLexLink> przy zastosowaniu <xLexLink xArt="art. 11;art. 11 § 3" xIsapId="WDU19970880553" xTitle="Ustawa z dnia 6 czerwca 1997 r. - Kodeks karny" xAddress="Dz. U. z 1997 r. Nr 88, poz. 553">art. 11 § 3 k.k.</xLexLink><xBRx/>i przyjęcie, że <xAnon>T. J.</xAnon> w dniu 21 października 2010 roku w <xAnon>L.</xAnon> przy <xAnon>ul. (...)</xAnon> zabrał w celu przywłaszczenia portfel skórzany o wartości 20 zł na szkodę <xAnon>J. B.</xAnon>, zakwalifikowanie zachowania oskarżonego jako wykroczenia z art. 119 § 1 k.w. i umorzenie postępowania, ewentualnie o uchylenie w całości zaskarżonego wyroku <xBRx/>i przekazanie sprawy do ponownego rozpoznania Sądowi I instancji. Nadto obrońca wniósł <xBRx/>o przyznanie kosztów nieopłaconej pomocy prawnej udzielonej z urzędu, oświadczając przy tym, że koszty te nie zostały uregulowane w całości ani w części.</xText>
          
          <xText>
            <xBx>Sąd Apelacyjny w Lublinie zważył, co następuje: </xBx>
          </xText>
          <xText>Wniesiona apelacja jest oczywiście bezzasadna, dlatego nie zasługują na uwzględnienie zawarte w niej wnioski.</xText>
          <xText>W ocenie Sądu Apelacyjnego, Sąd Okręgowy procedował w niniejszej sprawie prawidłowo, nie uchybiając przepisom postępowania, w tym również tym wskazanym przez skarżącego. W toku postępowania zostały wyjaśnione – zgodnie z nakazem płynącym <xBRx/>z dyspozycji <xLexLink xArt="art. 366;art. 366 § 1" xIsapId="WDU19970890555" xTitle="Ustawa z dnia 6 czerwca 1997 r. - Kodeks postępowania karnego" xAddress="Dz. U. z 1997 r. Nr 89, poz. 555">art. 366 § 1 k.p.k.</xLexLink> – wszystkie istotne dla sprawy okoliczności. Ustalenia faktyczne Sąd Okręgowy poczynił w oparciu o całokształt zgromadzonego w sprawie <xBRx/>i ujawnionego w toku rozprawy głównej materiału dowodowego (<xLexLink xArt="art. 410" xIsapId="WDU19970890555" xTitle="Ustawa z dnia 6 czerwca 1997 r. - Kodeks postępowania karnego" xAddress="Dz. U. z 1997 r. Nr 89, poz. 555">art. 410 k.p.k.</xLexLink>), który ocenił z poszanowaniem reguł wynikających z <xLexLink xArt="art. 7" xIsapId="WDU19970890555" xTitle="Ustawa z dnia 6 czerwca 1997 r. - Kodeks postępowania karnego" xAddress="Dz. U. z 1997 r. Nr 89, poz. 555">art. 7 k.p.k.</xLexLink>, a swoje rozstrzygnięcie Sąd ten <xBRx/>w sposób należyty uzasadnił w pisemnych motywach wyroku sporządzonych zgodnie <xBRx/>z wymogami <xLexLink xArt="art. 424;art. 424 § 1;art. 424 § 2" xIsapId="WDU19970890555" xTitle="Ustawa z dnia 6 czerwca 1997 r. - Kodeks postępowania karnego" xAddress="Dz. U. z 1997 r. Nr 89, poz. 555">art. 424 § 1 i 2 k.p.k.</xLexLink></xText>
          <xText>Wbrew odmiennemu stanowisku skarżącego, brak jest podstaw do przyjęcia, że Sąd Okręgowy dopuścił się obrazy <xLexLink xArt="art. 4" xIsapId="WDU19970890555" xTitle="Ustawa z dnia 6 czerwca 1997 r. - Kodeks postępowania karnego" xAddress="Dz. U. z 1997 r. Nr 89, poz. 555">art. 4 k.p.k.</xLexLink> i wyrażonej w tym przepisie zasady obiektywizmu, przejawiającej się w konieczności realizowania przez sąd orzekający nakazu bezstronności <xBRx/>w traktowaniu stron i innych uczestników postępowania, jak również w niezbędności przestrzegania zakazu kierunkowego nastawienia do sprawy. Autor apelacji nie wskazał żadnych okoliczności, które dowodziłyby postępowania Sądu I instancji wbrew tak pojmowanej zasadzie, a analiza przebiegu procesu również nie uprawnia do takich wniosków. Na marginesie zauważyć należy, że omawiany przepis formułuje dyrektywę postępowania <xBRx/>o charakterze ogólnym, której przestrzeganie jest gwarantowane w przepisach szczegółowych i – jako taki – nie może stanowić samodzielnej podstawy apelacji <xIx>(por. wyrok SN z dnia <xBRx/>5 października 2010 roku, III KK 370/09, LEX nr 844464; postanowienie SN z dnia 17 kwietnia 2007 roku, V KK 79/07, LEX nr 280729).</xIx></xText>
          <xText>Nie ma również racji skarżący twierdząc, że Sąd Okręgowy w procesie dochodzenia do ustaleń faktycznych w niniejszej sprawie postępował wbrew treści 410 <xLexLink xArt="" xIsapId="WDU19970890555" xTitle="Ustawa z dnia 6 czerwca 1997 r. - Kodeks postępowania karnego" xAddress="Dz. U. z 1997 r. Nr 89, poz. 555">k.p.k.</xLexLink>, a więc, że oparł się jedynie na fragmencie zgromadzonych w sprawie i ujawnionych w toku rozprawy głównej dowodów, a zaprezentowana przez ten Sąd ich ocena wykracza poza zakreślone przepisem <xLexLink xArt="art. 7" xIsapId="WDU19970890555" xTitle="Ustawa z dnia 6 czerwca 1997 r. - Kodeks postępowania karnego" xAddress="Dz. U. z 1997 r. Nr 89, poz. 555">art. 7 k.p.k.</xLexLink> granice sędziowskiej swobody ocen, wkraczając w dowolność.</xText>
          <xText>Lektura pisemnych motywów zaskarżonego wyroku dowodzi, że Sąd Okręgowy rozważył wszystkie okoliczności wynikające z zebranych w sprawie dowodów. Ustalenia faktyczne Sąd ten oparł – przede wszystkim – na zeznaniach pokrzywdzonego <xAnon>J. B.</xAnon>. Dowód ten pozwolił na identyfikację sprawcy oraz odtworzenie podejmowanych przez niego czynności sprawczych. Zgodzić się trzeba wprawdzie ze skarżącym, że zeznania pokrzywdzonego, będące głównym dowodem oskarżenia w sprawie, nie są identyczne przy każdym przesłuchaniu, ale Sąd I instancji słusznie zauważył, że są one konsekwentne <xBRx/>w zasadniczych kwestiach dotyczących rozpoznania <xAnon>T. J.</xAnon> jako sprawcy przestępstwa popełnionego na jego osobie oraz wskazania, iż kiedy oskarżony przyszedł do jego miejsca zamieszkania był agresywny, a agresja ta nasiliła się, gdy odmówił pożyczenia mu pieniędzy, domagając się wydania pieniędzy oskarżony groził mu użyciem siekiery <xBRx/>i zabójstwem, a następnie zaczął uderzać go w głowę trzymaną w ręku siekierą, zaś kiedy dostrzegł portfel, to zaprzestał zadawania ciosów i po zabraniu wspomnianego portfela zaczął uderzać siekierą po ścianach, a nadto podania opisu należącej do niego siekiery, którą posługiwał się oskarżony.</xText>
          <xText>Jednocześnie podkreślić należy, iż Sąd Okręgowy dostrzegł, brak konsekwencji <xBRx/>w tych fragmentach zeznań <xAnon>J. B.</xAnon>, które odnoszą się do określenia godziny omawianego zdarzenia, miejsca, w które został uderzony po tym, jak wpuścił oskarżonego do mieszkania, liczby zadanych mu przez oskarżonego ciosów w głowę, miejsca gdzie znajdował się zabrany przez oskarżonego portfel, czy też wysokości poniesionej przez niego szkody majątkowej. Sąd odwoławczy podziela przy tym stanowisko Sądu I instancji co do uzasadnienia opisanych wyżej rozbieżności w zeznaniach pokrzywdzonego upływem czasu oraz wynikającymi stąd niepamięcią i trudnością w odtworzeniu faktów, które to okoliczności należałoby uzupełnić nadto o takie fakty jak dynamika całego zdarzenia oraz jego traumatyczny dla pokrzywdzonego przebieg, czy też podkreślane przez biegłego psychologa okoliczności w postaci wieku pokrzywdzonego i wpływu alkoholu na zdolność spostrzegania i odtwarzania spostrzeżeń (przy jednoczesnym braku stwierdzenia u <xAnon>J. B.</xAnon> tendencji do konfabulacji).</xText>
          <xText>W tym zaś stanie rzeczy nie mogą ostać się twierdzenia skarżącego jakoby Sąd Okręgowy w Lublinie bezkrytycznie dał wiarę zeznaniom pokrzywdzonego co do przebiegu zdarzeń w dniu 21 października 2010 roku oraz nieobiektywnie ustalił to, co wykonał oskarżony w realizowaniu cech przestępstwa. Z faktu, iż z ujawnionych w sprawie dowodów Sąd wyprowadził odmienne od pożądanych przez obronę wnioski, a nadto częściowo odmówił wiarygodności wyjaśnieniom <xAnon>T. J.</xAnon>, nie można wyprowadzić wniosku, że naruszył przepis <xLexLink xArt="art. 410" xIsapId="WDU19970890555" xTitle="Ustawa z dnia 6 czerwca 1997 r. - Kodeks postępowania karnego" xAddress="Dz. U. z 1997 r. Nr 89, poz. 555">art. 410 k.p.k.</xLexLink>. Nie oznacza to także, aby rozbieżności dowodowe w sprawie każdorazowo wiązały się z koniecznością rozstrzygnięć jedynie korzystnych dla oskarżonego, skoro do odmiennych wniosków może prowadzić racjonalna ocena wszystkich dowodów.</xText>
          <xText>Podkreślenia wymaga również fakt, iż odtwarzając stan faktyczny omawianej sprawy Sąd Okręgowy oparł się nie tylko na zeznaniach pokrzywdzonego, ale także uwzględnił inne zgromadzone w sprawie dowody osobowe i nieosobowe, szczegółowo wymienione <xBRx/>w uzasadnieniu zaskarżonego orzeczenia, które dokładnie omówił i przeanalizował. W sposób jasny, logiczny i wyczerpujący wyjaśnił przy tym, dlaczego i które dowody uznał za wiarygodne i wskazujące na sprawstwo <xAnon>T. J.</xAnon> przypisanego mu przestępstwa oraz dlaczego odmówił wiary dowodom przeciwnym, w tym wyjaśnieniom oskarżonego <xBRx/>w zakresie, w jakim tenże zaprzeczał, aby dokonał omawianego czynu zabronionego.</xText>
          <xText>Podkreślić przy tym trzeba, że obdarzenie wiarą w całości lub w części jednych dowodów oraz odmówienie tej wiary innym, jest prawem sądu, który zetknął się z tymi dowodami bezpośrednio i pozostaje pod ochroną <xLexLink xArt="art. 7" xIsapId="WDU19970890555" xTitle="Ustawa z dnia 6 czerwca 1997 r. - Kodeks postępowania karnego" xAddress="Dz. U. z 1997 r. Nr 89, poz. 555">art. 7 k.p.k.</xLexLink>, jeżeli tylko zostało poprzedzone ujawnieniem w toku rozprawy głównej całokształtu okoliczności sprawy, stanowi wyraz rozważenia wszystkich okoliczności przemawiających zarówno na korzyść, jak i na niekorzyść oskarżonego, jest zgodne ze wskazaniami wiedzy i doświadczenia życiowego, <xBRx/>a nadto zostało wyczerpująco i logicznie uargumentowane w uzasadnieniu wyroku. W ocenie Sądu Apelacyjnego, Sąd I instancji wszystkie te wymogi spełnił.</xText>
          <xText>Tymczasem apelacja wywiedziona przez obrońcę oskarżonego nie dostarcza przekonujących i logicznych argumentów, które powyższy pogląd mogłyby skutecznie podważyć. Lektura tego środka odwoławczego uprawnia do konstatacji, że – zdaniem obrońcy – naruszenie przez Sąd Okręgowy przepisu <xLexLink xArt="art. 7" xIsapId="WDU19970890555" xTitle="Ustawa z dnia 6 czerwca 1997 r. - Kodeks postępowania karnego" xAddress="Dz. U. z 1997 r. Nr 89, poz. 555">art. 7 k.p.k.</xLexLink> polegało na uznaniu za niewiarygodne tych wyjaśnień oskarżonego <xAnon>T. J.</xAnon>, w których zaprzeczył, aby popełnił zarzucone mu przestępstwo oraz wskazał, iż posługiwał się wyłącznie drewnianym trzonkiem od siekiery, a broniąc się przed atakiem <xAnon>J. B.</xAnon> odepchnął go rękami <xBRx/>w klatkę piersiową, zabrał portfel o wartości 20 zł i wyszedł z domu pokrzywdzonego. Rzecz jednak w tym, że teza ta w zasadzie nie została poparta jakąkolwiek argumentacją. Za takową z pewnością nie sposób uznać odwołania się skarżącego do powyższych wyjaśnień oskarżonego oraz stwierdzenia, że – w jego ocenie – zasługują one na wiarę. Wątpliwym jest również powoływanie się na brak wiarygodności zeznań pokrzywdzonego, czy też przytaczanie wyrwanych z kontekstu fragmentów opinii biegłych. Obrońca zaznaczył przy tym, iż wyjaśnienia składane przez <xAnon>T. J.</xAnon> w toku postępowania przygotowawczego zostały wymuszone przez organy tegoż postępowania i dlatego nie są prawdziwe. Kwestia powyższa była jednak przedmiotem analizy Sądu I instancji (strona 13 uzasadnienia wyroku), a przyjęta w tym zakresie ocena, w pełni zaakceptowana przez sąd odwoławczy, nie wymaga powtórnego jej przytaczania.</xText>
          <xText>Powyższego twierdzenia obrońcy nie można skutecznie przeciwstawić konkretnym dowodom, na których Sąd I instancji oparł swoje ustalenia co do zachowania oskarżonego <xBRx/>i wnioskom, jakie wywiódł z udowodnionych tymi dowodami faktów. W ocenie Sądu Apelacyjnego podniesienie przez skarżącego zarzutu dowolnej oceny dowodów ma wyłącznie polemiczny charakter. Pamiętać przy tym należy, iż w toku postępowania merytorycznego Sąd I instancji miał bezpośredni kontakt z każdym osobowym źródłem dowodowym, co niewątpliwie ułatwiało mu, poprzez osobiste wrażenia, nabranie właściwego przekonania odnośnie waloru wiarygodności każdego z nich.</xText>
          <xText>Zauważyć również należy, że posłużenie się przez oskarżonego niebezpiecznym przedmiotem w postaci siekiery zostało bezspornie ustalone na podstawie analizy wszystkich zgromadzonych w sprawie dowodów, w tym także – czego zdaje się nie dostrzegać obrońca – na podstawie częściowo wiarygodnych wyjaśnień samego <xAnon>T. J.</xAnon>. Sam zaś fakt, iż nie zdołano zabezpieczyć przedmiotowej siekiery, nie spowodował w rozpoznawanej sprawie powstania takich wątpliwości, które winny zostać rozstrzygnięte na korzyść oskarżonego, czego domaga się skarżący.</xText>
          <xText>W tym stanie rzeczy, za całkowicie bezzasadny należy również uznać podniesiony przez obrońcę oskarżonego zarzut błędu w ustaleniach faktycznych, którego miał się dopuścić Sąd I instancji poprzez przyjęcie, że <xAnon>T. J.</xAnon> dopuścił się przypisanej mu zaskarżonym wyrokiem zbrodni z <xLexLink xArt="art. 280;art. 280 § 2" xIsapId="WDU19970880553" xTitle="Ustawa z dnia 6 czerwca 1997 r. - Kodeks karny" xAddress="Dz. U. z 1997 r. Nr 88, poz. 553">art. 280 § 2 k.k.</xLexLink> w zb. z <xLexLink xArt="art. 157;art. 157 § 2" xIsapId="WDU19970880553" xTitle="Ustawa z dnia 6 czerwca 1997 r. - Kodeks karny" xAddress="Dz. U. z 1997 r. Nr 88, poz. 553">art. 157 § 2 k.k.</xLexLink> w zw. z <xLexLink xArt="art. 11;art. 11 § 2" xIsapId="WDU19970880553" xTitle="Ustawa z dnia 6 czerwca 1997 r. - Kodeks karny" xAddress="Dz. U. z 1997 r. Nr 88, poz. 553">art. 11 § 2 k.k.</xLexLink> Zarzut ten jest ściśle związany z zarzutem naruszenia przez Sąd Okręgowy przepisów postępowania i jest pochodną odmiennej oceny dowodów, dokonanej przez skarżącego <xBRx/>w wywiedzionym środku odwoławczym, której Sąd Apelacyjny w żadnej części nie podziela.</xText>
          <xText>Zarzut ten mógłby być uznany za zasadny, gdyby oceny i wnioski wyprowadzone przez sąd orzekający z okoliczności ujawnionych w toku przewodu sądowego nie odpowiadały prawidłowości logicznego rozumowania. Mógłby zatem być skuteczny jedynie w razie wykazania, jakich uchybień w świetle wskazań wiedzy, jak również doświadczenia życiowego i logiki dopuścił się sąd orzekający, w dokonanej przez siebie ocenie dowodów. Apelacja obrońcy oskarżonego takich wymogów jednak nie spełnia, a istota zarzutów sprowadza się do lansowania, opartej jedynie na korzystnych dla oskarżonego dowodach, <xBRx/>z pominięciem całości przeprowadzonych dowodów, do których odniósł się Sąd Okręgowy <xBRx/>w <xAnon>L.</xAnon>.</xText>
          <xText>Nie zasługuje również na uwzględnienie zarzut naruszenia <xLexLink xArt="art. 5;art. 5 § 1;art. 5 § 1 pkt. 4" xIsapId="WDU20011061148" xTitle="Ustawa z dnia 24 sierpnia 2001 r. - Kodeks postępowania w sprawach o wykroczenia" xAddress="Dz. U. z 2001 r. Nr 106, poz. 1148">art. 5 § 1 pkt 4 k.p.w.</xLexLink> Skoro bowiem Sąd Okręgowy ustalił, iż oskarżony popełnił przestępstwo, a nie – jak stara się wykazać obrońca – wyłącznie wykroczenie z <xLexLink xArt="art. 119;art. 119 § 1" xIsapId="WDU20011061148" xTitle="Ustawa z dnia 24 sierpnia 2001 r. - Kodeks postępowania w sprawach o wykroczenia" xAddress="Dz. U. z 2001 r. Nr 106, poz. 1148">art. 119 § 1</xLexLink> k.w., to powołany wyżej przepis nie może znaleźć zastosowania w omawianej sprawie. Konkretnym dowodom szczegółowo przeanalizowanym przez Sąd I instancji (strona 12 uzasadnienia wyroku) nie można przeciwstawić gołosłownych twierdzeń autora apelacji, iż <xAnon>T. J.</xAnon> zabrał wyłącznie należący do <xAnon>J. B.</xAnon> portfel o wartości 20 zł.</xText>
          <xText>Należy również przypomnieć, że zarówno w orzecznictwie, jak i w doktrynie od dawna prezentowany jest pogląd, iż obraza prawa materialnego polega na jego wadliwym zastosowaniu lub niezastosowaniu, w orzeczeniu, które oparte jest na trafnych <xBRx/>i niekwestionowanych ustaleniach faktycznych. Nie można zatem mówić o naruszeniu przepisów prawa materialnego w sytuacji, gdy wadliwość orzeczenia w tym zakresie jest wynikiem błędnych ustaleń faktycznych przyjętych za jego podstawę. Tymczasem stawiany w apelacji zarzut obrazy prawa materialnego, a mianowicie <xLexLink xArt="art. 64;art. 64 § 1" xIsapId="WDU19970880553" xTitle="Ustawa z dnia 6 czerwca 1997 r. - Kodeks karny" xAddress="Dz. U. z 1997 r. Nr 88, poz. 553">art. 64 § 1 k.k.</xLexLink> (<xLexLink xArt="art. 64 pkt. 3" xIsapId="WDU19970880553" xTitle="Ustawa z dnia 6 czerwca 1997 r. - Kodeks karny" xAddress="Dz. U. z 1997 r. Nr 88, poz. 553">pkt 3</xLexLink> apelacji) sprowadza się w swej istocie do kolejnej próby wykazania, że skazany <xAnon>T. J.</xAnon> swoim działaniem dopuścił się wykroczenia, które mogłoby być zakwalifikowane z art. 119 § 1 k.w. i <xIx>de facto</xIx> jest kwestionowaniem w tym zakresie poczynionych ustaleń faktycznych. <xBRx/>Skarżący winien był zatem postawić tylko zarzut błędu w ustaleniach faktycznych i wskazać, że mógł mieć on wpływ na treść wyroku właśnie co do kwalifikacji prawnej czynu.</xText>
          <xText>Reasumując, stwierdzić należy, że okoliczności podniesione przez obrońcę <xAnon>T. J.</xAnon> w omawianym środku odwoławczym stanowią jedynie pożądany przez oskarżonego głos polemiczny, nie mogący wzruszyć prawidłowych ustaleń Sądu Okręgowego w Lublinie zarówno w przedmiocie zawinienia wyżej wymienionego, jak i wymiaru orzeczonej wobec niego bezwzględnej kary pozbawienia wolności.</xText>
          <xText>Sąd I instancji ferując rozstrzygnięcie o karze należycie rozważył wszystkie okoliczności mające znaczenie dla tej kwestii, zachował prawidłowe proporcje w ocenie faktów przemawiających na korzyść, jak i na niekorzyść oskarżonego, w związku z czym orzeczona kara zasługuje na miano adekwatnej, współmiernej i sprawiedliwej.</xText>
          <xText>Mając na uwadze powyższe rozważania oraz wobec niestwierdzenia uchybień określonych w przepisach <xLexLink xArt="art. 439;art. 440" xIsapId="WDU19970890555" xTitle="Ustawa z dnia 6 czerwca 1997 r. - Kodeks postępowania karnego" xAddress="Dz. U. z 1997 r. Nr 89, poz. 555">art. 439 i 440 k.p.k.</xLexLink> podlegających uwzględnieniu z urzędu, Sąd Apelacyjny utrzymał zaskarżony wyrok w mocy, uznając apelację za oczywiście bezzasadną.</xText>
          <xText>Na mocy <xLexLink xArt="art. 29" xIsapId="WDU19820160124" xTitle="Ustawa z dnia 26 maja 1982 r. - Prawo o adwokaturze" xAddress="Dz. U. z 1982 r. Nr 16, poz. 124">art. 29 ustawy z dnia 26 maja 1982 roku Prawo o adwokaturze</xLexLink><xIx>(Dz.U. z 2009 roku, Nr 146, poz. 1188 z późn. zm.)</xIx> Sąd Apelacyjny zasądził na rzecz adw. <xAnon>J. C.</xAnon> kwotę 738 zł tytułem wynagrodzenia za nieopłaconą pomoc prawną udzieloną <xBRx/>z urzędu w postępowaniu odwoławczym oskarżonemu <xAnon>T. J.</xAnon>, której wysokość uzasadnia treść § 14 ust. 2 pkt 5 w zw. z § 2 ust. 3 rozporządzenia Ministra Sprawiedliwości z dnia 28 września 2002 roku w sprawie opłat za czynności adwokackie oraz ponoszenia przez Skarb Państwa kosztów nieopłaconej pomocy prawnej <xIx>(Dz. U. z 2002 roku Nr 163, poz. 1348 z późn. zm.). </xIx></xText>
          <xText>Orzeczenie o zwolnieniu oskarżonego od ponoszenia kosztów sądowych za postępowanie odwoławcze i ustaleniu, że wchodzące w ich skład wydatki ponosi Skarb Państwa zapadło w oparciu o przepis <xLexLink xArt="art. 624;art. 624 § 1" xIsapId="WDU19970890555" xTitle="Ustawa z dnia 6 czerwca 1997 r. - Kodeks postępowania karnego" xAddress="Dz. U. z 1997 r. Nr 89, poz. 555">art. 624 § 1 k.p.k.</xLexLink>, gdyż – w ocenie sądu odwoławczego – sytuacja materialna oskarżonego nie pozwala na uiszczenie przez niego tych należności.</xText>
          <xText>Z uwagi na powyższe Sąd Apelacyjny w Lublinie orzekł, jak w wyroku.</xText>
        </xUnit>
      </xBlock>
    </xPart>
  </judgement>
<judgement id="153515000002021_IV_Ua_000001_2014_Uz_2014-02-26_001">
    <xPart xEditorFullName="Wiesława Łuczak" xYear="2014" xLang="PL" xPublisherFullName="Wiesława Łuczak" xFromPg="1" xEditor="WieLuc_SO_ZG" xVolType="15/351500/0002021/Ua" xPublisher="WieLuc_SO_ZG" xDocType="Uz" xVolNmbr="000001" xVersion="1.0" xToPage="9" xFlag="published">
      <xName>Wyrok+Uzasadnienie</xName>
      <xBlock>
        
        <xText>Sygn. akt IV Ua 1/14</xText>
        
        <xUnit xBold="true" xType="part" xIsTitle="true">
          <xName>WYROK</xName>
          <xTitle>W IMIENIU RZECZYPOSPOLITEJ POLSKIEJ</xTitle>
          <xText xALIGNx="center">
            <xBx> Dnia 18 lutego 2014r.</xBx>
          </xText>
          
          <xText>Sąd Okręgowy Wydział IV Pracy i Ubezpieczeń Społecznych w Zielonej Górze</xText>
          
          <xText>w składzie:</xText>
          <xText>
            <xBx>Przewodniczący: Sędzia SO Bogusław Łój / spr /</xBx>
          </xText>
          <xText>
            <xBx> Sędziowie :  Sędzia SO Grażyna Śliwa</xBx>
          </xText>
          <xText>
            <xBx>   Sędzia SO Robert Macholak</xBx>
          </xText>
          
          <xText>Protokolant : st.sek.sad.R.<xAnon>D.</xAnon>-<xAnon>T.</xAnon></xText>
          <xText>po rozpoznaniu w dniu <xBx>18 lutego 2014r. w Zielonej Górze</xBx></xText>
          <xText>na rozprawie</xText>
          <xText>sprawy z odwołania <xBx><xAnon>I. J.</xAnon></xBx></xText>
          <xText>przeciwko <xBx>Zakładowi Ubezpieczeń Społecznych Oddział w <xAnon>Z.</xAnon></xBx></xText>
          <xText>o jednorazowe odszkodowanie</xText>
          <xText>na skutek apelacji <xBx>pozwanego </xBx></xText>
          <xText>od wyroku Sądu Rejonowego Sądu Pracy i Ubezpieczeń Społecznych w <xAnon>Z. G.</xAnon></xText>
          <xText>z dnia 10.12.2013r. ( Sygn. akt IV U 254/12 )</xText>
          
          <xUnit xType="none" xIsTitle="false">
            <xName xSffx=".">I</xName>
            <xText>oddala apelację,</xText>
          </xUnit>
          <xUnit xType="none" xIsTitle="false">
            <xName xSffx=".">II</xName>
            <xText>zasądza od pozwanego na rzecz odwołującej kwotę 60 zł tytułem kosztów zastępstwa procesowego za instancję odwoławczą.</xText>
          </xUnit>
          
          <xText>Sygn. akt IV Ua 1/14</xText>
        </xUnit>
        <xUnit xBold="true" xType="part" xIsTitle="true">
          <xName>UZASADNIENIE</xName>
          <xText>Decyzją z dnia 19.06.2012 r., znak: <xAnon>(...)</xAnon>Zakład Ubezpieczeń Społecznych Oddział w <xAnon>Z.</xAnon>odmówił wnioskodawczyni <xAnon>I. J.</xAnon>prawa do jednorazowego odszkodowania z tytułu wypadku przy pracy z dnia 25.08.2011 r. wskazując, że zgodnie z orzeczeniem Komisji Lekarskiej ZUS ubezpieczona nie doznała uszczerbku na zdrowiu.</xText>
          <xText>Wnioskodawczyni <xAnon>I. J.</xAnon> w odwołaniu od decyzji ZUS wniosła o jej zmianę w całości poprzez orzeczenie, że przysługuje jej prawo do jednorazowego odszkodowania w wysokości odpowiedniej do ustalonego uszczerbku na zdrowiu.</xText>
          <xText>Wyrokiem z dnia 10.12.2013r. Sąd Rejonowy w <xAnon>Z. G.</xAnon>, Wydział IV Pracy i Ubezpieczeń Społecznych zmienił zaskarżoną decyzję z dnia 19.06.2012 r., znak:<xAnon>(...)</xAnon>w ten sposób, że przyznał wnioskodawczyni <xAnon>I. J.</xAnon>jednorazowe odszkodowanie w kwocie 14.080,00 zł za 20% uszczerbku na zdrowiu doznanego na skutek wypadku przy pracy z dnia 25.08.2011r. (pkt I), zasądził od Zakładu Ubezpieczeń Społecznych Oddział w <xAnon>Z.</xAnon>na rzecz wnioskodawczyni <xAnon>I. J.</xAnon>kwotę 60,00 zł tytułem zwrotu kosztów zastępstwa procesowego (pkt II).</xText>
          <xText>Sąd Rejonowy ustalił, że wnioskodawczyni <xAnon>I. J.</xAnon> w dniu 25.08.2011 r. uległa wypadkowi przy pracy, w wyniku którego została przygnieciona przez przewrócone regały. W tym samym dniu została przewieziona przez pogotowie w celu hospitalizacji do Szpitala Wojewódzkiego w <xAnon>Z.</xAnon>, gdzie przebywała do dnia 30.08.2011 r.</xText>
          <xText>Przeprowadzone rozpoznanie ujawniło, że w wyniku zdarzenia doszło do urazu jamy brzusznej, miednicy mniejszej, nasilonego bólu głowy. Zalecono kontrolę ambulatoryjną w związku z podejrzeniem uszkodzenia lewego splotu krzyżowo-lędźwiowego kręgosłupa. W dalszym toku leczenia zdiagnozowano także zapalenie rozcięgna podeszwowego, zaburzenia czucia powierzchniowego uda lewego, zmiany odruchu skokowego oraz niemożność prawidłowego samodzielnego chodu, co spowodowało konieczność posługiwania się kulami.</xText>
          <xText>Obecnie u <xAnon>I. J.</xAnon> rozpoznaje się: ogólne potłuczenie, skręcenie obręczy biodrowej z objawami przewlekłego zapalenia tej okolicy, zapalenie rozcięgna podeszwowego lewego, dysfunkcję prawego korzenia S1 w wyniku uszkodzenia prawego splotu lędźwiowo-krzyżowego w trakcie przebytego urazu brzucha i miednicy mniejszej.</xText>
          <xText>Procentowy uszczerbek na zdrowiu wynosi 5% z punktu 143 oraz 15% z punktu 94c.</xText>
          <xText>Do uszkodzenia prawego korzenia S1 mogło dojść na poziomie splotu lędźwiowego (o czym świadczą bóle na przebiegu nerwu kulszowego - pośladek, udo, zdrętwienie łydki, osłabienie stopy, zaburzenia czucia w zakresie korzenia S1, wyszczuplenie łydki o niedowład stopy) albo w wyniku urazu łydki (wbita śruba). Niezależnie od poziomu uszkodzenia, korzeń S1 jest trwale uszkodzony, co objawia się przetrwałym uszkodzeniem stopy (zginacze podeszwowe), wyszczupleniem i drętwieniem łydki.</xText>
          <xText>W tak ustalonym stanie faktycznym Sąd Rejonowy zważył, że w całości podzielił wnioski opinii biegłych lekarzy sądowych ortopedy i neurologa, którzy stwierdzili, że stan zdrowia wnioskodawczyni powoduje łącznie 20% uszczerbku na zdrowiu. W oparciu o dowód z opinii biegłych lekarzy sądowych ortopedy i neurologa, a następnie opinii uzupełniającej Sąd Rejonowy ustalił, że wbrew twierdzeniu organu rentowego, odwołująca doznała długotrwałego uszczerbku na zdrowiu w postaci dysfunkcji prawego korzenia S1 w trakcie przebytego urazu brzucha i miednicy mniejszej (15%) oraz przykurczów i ograniczenia ruchów w stawie biodrowym w następstwie uszkodzenia tkanek miękkich (5%). Sąd Rejonowy wskazał, iż biegła neurolog podała, że poziom uszkodzenia jest trudny do ustalenia, ale fakt uszkodzenia S1, który wywołał deficyt neurologiczny, jest oczywisty.</xText>
          <xText>Mając powyższe na uwadze, Sąd I instancji na podstawie wydanych opinii jednoznacznie ustalił, że u odwołującej doszło do urazu powodującego 15% uszczerbku na zdrowiu kwalifikowanego z punktu 93 c tabeli stanowiącej załącznik do rozporządzenia Ministra Pracy i Polityki Społecznej z dnia 18.12.2002 r. w sprawie szczegółowych zasad orzekania o stałym lub długotrwałym uszczerbku na zdrowiu, trybu postępowania przy ustalaniu tego uszczerbku oraz postępowania o wypłatę jednorazowego odszkodowania (Dz.U.2002.234.1974). Wiarygodności wydanej opinii nie mogła podważyć pomyłka polegająca na początkowym zakwalifikowaniu urazu neurologicznego z punktu 93 h(uszkodzenia rdzenia kręgowego), albowiem biegła wyjaśniła to precyzyjnie w opinii uzupełniającej.</xText>
          <xText>Sąd Rejonowy podkreślił przy tym, że uraz kręgosłupa (choć nie stwierdzony bezpośrednio po wypadku) znalazł potwierdzenie w dokumentacji medycznej przedłożonej przez wnioskodawczynię, która po wypadku leczyła się neurologicznie.</xText>
          <xText>W ocenie Sądu I instancji, rozmiar uszczerbku zaproponowany i ustalony przez biegłych nie stanowił rażącego nadużycia przy uwzględnieniu stopnia nasilenia dolegliwości. W dodatku, biegli precyzyjnie i jasno podali, z jakich przyczyn ustalili go na łącznym poziomie 20%. Stopień nasilenia schorzenia niewątpliwie dowodzi, że w związku przyczynowym z urazem doszło do powstania uszczerbku na zdrowiu.</xText>
          
          <xText>Apelację od powyższego wyroku wywiódł pozwany Zakład Ubezpieczeń Społecznych Oddział w <xAnon>Z. G.</xAnon>zaskarżając go w całości. Zaskarżonemu wyrokowi zarzucił:</xText>
          <xUnit xType="none" xIsTitle="false">
            <xName xSffx=".">1</xName>
            <xText>naruszenie prawa materialnego tj. art. 11 ustawy z dnia 30.10.2002r. o ubezpieczeniu społecznym z tytułu wypadków przy pracy i chorób zawodowych (Dz. U. z 2009 r. Nr 167, poz. 1322) w zw. z § 8 oraz pkt 156 załącznika rozporządzenia Ministra Pracy i Polityki Społecznej z dnia 18.12.2002r. w sprawie szczegółowych zasad orzekania o stałym lub długotrwałym uszczerbku na zdrowiu, trybu postępowania przy ustalaniu tego uszczerbku oraz postępowania o wypłatę jednorazowego odszkodowania (Dz. U. z 2013 r., poz. 954) poprzez ustalenie, iż wnioskodawczyni na skutek wypadku przy pracy z dnia 25.08.2011r. doznała uszczerbku na zdrowiu w wysokości 20% i przyznanie wnioskodawczyni kwoty 14080,00 zł tytułem jednorazowego odszkodowania;</xText>
          </xUnit>
          <xUnit xType="none" xIsTitle="false">
            <xName xSffx=".">2</xName>
            <xText>naruszenie prawa procesowego tj. art. 233 § 1 kpc poprzez przekroczenie zasady swobodnej oceny dowodów polegające na ustaleniu, że uszczerbek na zdrowiu wnioskodawczyni będący skutkiem wypadku przy pracy wynosi 20%, podczas gdy zebrany materiał dowodowy w szczególności opinie lekarza orzecznika ZUS i komisji lekarskiej ZUS nie dawały podstaw do takich ustaleń;</xText>
          </xUnit>
          <xUnit xType="none" xIsTitle="false">
            <xName xSffx=".">3</xName>
            <xText>naruszenie prawa procesowego tj. art 217 § 2 kpc w zw. z art. 227 kpc w zw. z art. 241 kpc oraz art. 286 kpc poprzez oddalenie wniosku pozwanego z dnia 11.10.2013 r. o dopuszczenie dowodu z opinii innych biegłych ortopedy i neurologa pomimo, że z uwagi na istotne rozbieżności stanowisk biegłych tych specjalności ze stanowiskami lekarza orzecznika ZUS i komisji lekarskiej ZUS konieczne było wydanie opinii rozstrzygającej.</xText>
          </xUnit>
          <xText>Wskazując na powyższe zarzuty wniósł o zmianę zaskarżonego wyroku poprzez oddalenie odwołania wnioskodawczym od decyzji pozwanego z dnia 19.06.2012r. znak: <xAnon>(...)</xAnon>odmawiającej prawa do jednorazowego odszkodowania z tytułu uszczerbku na zdrowiu w związku z wypadkiem przy pracy z dnia 25.08.2011r.; ewentualnie o uchylenie zaskarżonego wyroku; przekazanie sprawy do ponownego rozpoznania Sądowi I instancji. Jednocześnie, skarżący wniósł o dopuszczenie dowodu z opinii innych biegłych ortopedy i neurologa na okoliczność ustalenia stopnia uszczerbku na zdrowiu wnioskodawczyni pozostającego w związku z wypadkiem z dnia 25.08.2011r.</xText>
          
          <xText>W odpowiedzi na apelację wnioskodawczyni wniosła o oddalenie apelacji w całości oraz zasądzenie od organu rentowego na rzecz ubezpieczonego kosztów postępowania procesowego, w tym kosztów zastępstwa według norm przepisanych.</xText>
          
          <xText xALIGNx="center">
            <xBx>
              <xUx>Rozpoznając apelację Sąd Okręgowy zważył, co następuje:</xUx>
            </xBx>
          </xText>
          
          <xText>Apelacja organu rentowego okazała się niezasadna.</xText>
          
          <xText>Dokonując oceny zarzutów apelacji, jak i poprawności zaskarżonego orzeczenia należy stwierdzić, że zarzuty apelacji oraz okoliczności sprawy w żaden sposób nie uzasadniają przedmiotowego zaskarżenia. Sąd pierwszej instancji dokonał wszechstronnej oceny materiału dowodowego i rozważył wszystkie sporne kwestie. Nadto zwrócił uwagę na wszystkie okoliczności mające wpływ na rozstrzygnięcie niniejszego sporu.</xText>
          <xText>Wbrew wywodom apelacji, Sąd Rejonowy przeprowadził postępowanie dowodowe w zakresie niezbędnym do jej rozstrzygnięcia, a zgromadzony materiał dowodowy poddał wnikliwej analizie i dogłębnej ocenie, w żaden sposób nie uchybiając przepisom prawa procesowego. Sąd Rejonowy w pisemnych motywach wyroku wskazał, jaki stan faktyczny stał się jego podstawą oraz podał na jakich dowodach oparł się przy jego ustalaniu. Stąd też Sąd Okręgowy ustalenia sądu pierwszej instancji w całości uznał i przyjął jako własne, rezygnując jednocześnie z ich ponownego szczegółowego przytaczania (por. wyrok Sądu Najwyższego z dnia 05.11.1998r., I PKN 339/98, OSNAP 1999/24/776 oraz z dnia 22.02.2010r., I UK 233/09, Lex nr 585720 i z dnia 24.09.2009r., II PK 58/09, Lex nr 558303). Nie dostrzegł przy tym naruszenia przez <xIx>sąd meriti</xIx> prawa materialnego, w związku z czym poparł w całości rozważania Sądu Rejonowego również w zakresie przyjętych przez niego podstaw prawnych orzeczenia.</xText>
          <xText>W szczególności Sąd Rejonowy nie dopuścił się naruszenia przepisu art. 233 § 1 kpc. Zdaniem Sądu Okręgowego, podobnie jak Sądu Rejonowego, ocena stanu zdrowia wnioskodawczyni dokonana przez biegłych lekarzy sądowych neurologa i ortopedę w wydanej opinii była prawidłowa i zasługiwała na uwzględnienie. Opinia została sporządzona przez specjalistów, posiadających gruntowną wiedzę medyczną oraz długoletnie doświadczenie zawodowe. Podstawą jej wydania były dowody obiektywne. Biegli uwzględnili pełną dokumentację lekarską i wyniki badań zgromadzone w aktach organu rentowego.</xText>
          <xText>Sąd Okręgowy dał w pełni wiarę zawartym w opinii wnioskom. Są one bowiem przekonywujące i obejmują pełną ocenę stanu zdrowia wnioskodawczyni. Biegli w sposób niebudzący wątpliwości uzasadnili, że stan zdrowia wnioskodawczyni powoduje, iż procentowy uszczerbek na zdrowiu spowodowany wypadkiem przy pracy w dniu 25.08.2011r. wynosi 20 % według załącznika do rozporządzenia Ministra Pracy i Polityki Społecznej z dnia 18.12.2002r. w sprawie szczegółowych zasad orzekania o stałym lub długotrwałym uszczerbku na zdrowiu, trybu postępowania przy ustalaniu tego uszczerbku oraz postępowania o wypłatę jednorazowego odszkodowania (Dz. U. Nr 234, poz. 1974).</xText>
          <xText>W związku z powyższym, jako że była to opinia wyczerpująca, sporządzona przez specjalistów z zakresu ortopedii i neurologii, a ponadto została przez biegłych uzupełniona, a pozwany nie zgłosił do tej opinii merytorycznych zastrzeżeń brak jest podstaw do jej kwestionowania. W konsekwencji niezasadny był zarzut organu rentowego w przedmiocie zaniechania dopuszczenia przez Sąd pierwszej instancji dowodu z opinii innych biegłych tej samej specjalności. ZUS nie wykazał bowiem aby uwzględniona przez Sąd Okręgowy opinia biegłych lekarzy ortopedy i neurologa była wadliwa i niewystarczająca. Nie ma bowiem uzasadnienia wniosek o powołanie kolejnego biegłego jedynie w sytuacji, gdy złożona opinia jest niekorzystna dla strony. Takie stanowisko zajął również Sąd Najwyższy w wyroku z dnia 04.08.1999r. (I PKN 20/99, OSNP 2000/22/807).</xText>
          <xText>Odnosząc się do zarzutów apelacji w szczególności należy zważyć – na co słusznie zwróciła uwagę również strona odwołująca – że pozwany w ogóle nie przeprowadził żadnego badania odwołującej, a przynajmniej wniosek taki nie wynika z akt organu rentowego. Po drugie, trzeba również zwrócić uwagę, że stanowisko ZUS zawarte tak w orzeczeniu lekarza orzecznika, jak i w orzeczeniu komisji lekarskiej w ogóle nie zawiera żadnego uzasadnienia. Konstatuje jedynie lakonicznie, że nie stwierdza się długotrwałego uszczerbku na zdrowiu – a dlaczego i z czego to wynika, tego w uzasadnieniu orzeczeń brak.</xText>
          <xText>O ewentualnym dopuszczeniu dowodu z opinii innych biegłych nie mogły także decydować okoliczności podane przez organ rentowy w apelacji. Nie stanowiły one bowiem konkretnych uwag i argumentów podważających miarodajność opinii biegłych sądowych z zakresu ortopedii i neurologii. Organ rentowy nie wskazał zatem racjonalnych i rzeczowych argumentów przemawiających za dopuszczeniem dowodu z opinii nowego biegłych lekarzy sądowych, co skutkowało oddaleniem tego wniosku.</xText>
          <xText>Biorąc pod uwagę powyższe zważenia Sąd na podstawie art. 385 kpc orzekł jak w wyroku.</xText>
          <xText>O kosztach zastępstwa procesowego Sąd orzekł zgodnie z art. 98 kpc i § 12 ust. 1 pkt 1 Rozporządzenia Ministra Sprawiedliwości z dnia 28.09.2002r. w sprawie opłat za czynności radców prawnych oraz ponoszenia przez Skarb Państwa kosztów pomocy prawnej udzielonej przez radcę prawnego ustanowionego z urzędu (t.j. Dz. U. z 2013r., poz. 490).</xText>
        </xUnit>
      </xBlock>
    </xPart>
  </judgement>
<judgement id="153510000001003_II_Ca_001290_2013_Uz_2014-03-04_001">
    <xPart xEditorFullName="Wioletta Koberstein" xYear="2013" xLang="PL" xPublisherFullName="Aleksandra Rogowa" xFromPg="1" xEditor="wioletta.koberstein" xVolType="15/351000/0001003/Ca" xPublisher="aleksandra.rogowa" xDocType="Uz" xVolNmbr="001290" xVersion="1.0" xToPage="7" xFlag="published">
      <xName>Wyrok+Uzasadnienie</xName>
      <xBlock>
        <xUnit xIsTitle="true" xBold="true" xType="part">
          <xName>WYROK</xName>
          <xTitle>W IMIENIU RZECZYPOSPOLITEJ POLSKIEJ</xTitle>
          <xText xALIGNx="right">Dnia 18 lutego 2014 r.</xText>
          
          <xText>Sąd Okręgowy w Poznaniu, Wydział II Cywilny Odwoławczy</xText>
          <xText>w składzie:</xText>
          <xText>Przewodniczący:  SSO Anna Czarnecka (spr.)</xText>
          <xText>Protokolant: starszy prot. sąd. Justyna Klimek</xText>
          <xText>po rozpoznaniu w dniu 18 lutego 2014 r. w Poznaniu</xText>
          <xText>na rozprawie</xText>
          <xText>sprawy z powództwa <xAnon> (...) Sp. z o.o.</xAnon> w <xAnon>W.</xAnon></xText>
          <xText>przeciwko <xAnon>A. L.</xAnon></xText>
          <xText>o zapłatę</xText>
          <xText>na skutek apelacji wniesionej przez powoda</xText>
          <xText>od wyroku Sądu Rejonowego w Trzciance</xText>
          <xText>z dnia 8 sierpnia 2013 r.</xText>
          <xText>sygn. akt I C 303/13</xText>
          
          <xUnit xIsTitle="false" xType="none">
            <xName xSffx=".">1</xName>
            <xText>
              <xBx>oddala apelację.</xBx>
            </xText>
          </xUnit>
          <xUnit xIsTitle="false" xType="none">
            <xName xSffx=".">2</xName>
            <xText>
              <xBx>zasądza od powoda na rzecz pozwanego kwotę 300 zł tytułem kosztów zastępstwa procesowego w instancji odwoławczej.</xBx>
            </xText>
          </xUnit>
          
          <xText>SSO Anna Czarnecka</xText>
        </xUnit>
        <xUnit xIsTitle="true" xBold="true" xType="part">
          <xName>UZASADNIENIE</xName>
          <xText>W pozwie wniesionym w elektronicznym postępowaniu upominawczym do Sądu Rejonowego <xAnon>(...)</xAnon>w <xAnon>L.</xAnon>powód <xAnon>– (...) sp. z o.o.</xAnon>w <xAnon>W.</xAnon>domagał się zasądzenia od pozwanego <xAnon>A. L.</xAnon>kwoty 2.485 zł z ustawowymi odsetkami od dat i kwot wskazanych w pozwie, tytułem nieopłaconej raty czesnego za studia eksternistyczne w <xAnon>Wyższej Szkole Społeczno – (...)</xAnon>w <xAnon>W.</xAnon>.</xText>
          <xText>W dniu 11 grudnia 2012 r. Sąd Rejonowy Lublin – Zachód w Lublinie wydał w sprawie <xBx>nakaz zapłaty w elektronicznym postępowaniu upominawczym</xBx>, którym nakazał pozwanemu zapłatę dochodzonej przez powoda kwoty z ustawowymi odsetkami i kosztami procesu.</xText>
          <xText>W <xBx>sprzeciwie od nakazu zapłaty</xBx> pozwany wniósł o oddalenie powództwa w całości i zasądzenie od powoda kosztów procesu, zgłaszając zarzut przedawnienia skierowanego przeciwko niemu roszczenia.</xText>
          <xText><xBx>Wyrokiem wydanym w dniu 8 sierpnia 2013 r. </xBx>Sąd Rejonowy w Trzciance oddalił powództwo (punkt 1) oraz zasądził od powoda na rzecz pozwanego kwotę 600 zł tytułem zwrotu kosztów procesu (punkt 2), uznając w uzasadnieniu za zasadny podniesiony przez pozwanego zarzut przedawnienia.</xText>
          <xText>Z powyższym rozstrzygnięciem nie zgodziła się powodowa spółka, która wywiodła <xBx>apelację,</xBx> zaskarżając wyrok w całości i domagając się jego zmiany poprzez zasądzenie od pozwanego dochodzonej pozwem kwoty, wraz z należnościami ubocznymi i kosztami procesu. Skarżący zarzucił orzeczeniu:</xText>
          <xText>1) obrazę przepisów prawa materialnego, tj. <xLexLink xArt="art. 750" xIsapId="WDU19640430296" xTitle="Ustawa z dnia 17 listopada 1964 r. - Kodeks postępowania cywilnego" xAddress="Dz. U. z 1964 r. Nr 43, poz. 296">art. 750 k.p.c.</xLexLink> poprzez jego błędną wykładnię wyrażającą się w przyjęciu, że umowa o świadczenie usług edukacyjnych zawarta na gruncie ustawy Prawo o szkolnictwie wyższym z 2005 r. pomiędzy uczelnią wyższą a pozwanym nie jest wystarczająco uregulowana innymi przepisami, przez co należy stosować przepisy o zleceniu, podczas gdy przepisy tej ustawy pozwalają w całości na rekonstrukcję essentialia negotii tej umowy</xText>
          <xText>2) obrazę przepisów prawa materialnego, tj. przepisu <xLexLink xArt="art. 751;art. 751 pkt. 2" xIsapId="WDU19640160093" xTitle="Ustawa z dnia 23 kwietnia 1964 r. - Kodeks cywilny" xAddress="Dz. U. z 1964 r. Nr 16, poz. 93">art. 751 pkt 2 k.c.</xLexLink> poprzez błędną jego wykładnię wyrażającą się w przyjęciu:</xText>
          <xText>a) rozszerzającej wykładni pojęcia nauka i objęcia tym terminem również czynności kształcenia studentów, podczas gdy biorąc za podstawę wykładnię literalną, pojęcie nauka jest węższe od pojęcia kształcenie i cechuje się relacją metonimiczną, polegającą na tym, że nauka jest tylko częścią pewnej całości, którą jest kształcenie; w związku z czym, skoro norma z <xLexLink xArt="art. 751;art. 751 pkt. 2" xIsapId="WDU19640160093" xTitle="Ustawa z dnia 23 kwietnia 1964 r. - Kodeks cywilny" xAddress="Dz. U. z 1964 r. Nr 16, poz. 93">art. 751 pkt 2 k.c.</xLexLink> stanowi wyjątek od normy z przepisu <xLexLink xArt="art. 118" xIsapId="WDU19640160093" xTitle="Ustawa z dnia 23 kwietnia 1964 r. - Kodeks cywilny" xAddress="Dz. U. z 1964 r. Nr 16, poz. 93">art. 118 k.c.</xLexLink>, to katalog roszczeń z <xLexLink xArt="art. 751;art. 751 pkt. 2" xIsapId="WDU19640160093" xTitle="Ustawa z dnia 23 kwietnia 1964 r. - Kodeks cywilny" xAddress="Dz. U. z 1964 r. Nr 16, poz. 93">art. 751 pkt 2 k.c.</xLexLink> nie może być interpretowany rozszerzająco i obejmować także czynności kształcenia,</xText>
          <xText>b) iż niepubliczna uczelnia wyższa, o której stanowi Prawo o szkolnictwie wyższym jest osobą trudniącą się zawodowo czynnościami związanymi z nauką oraz osobą utrzymującą zakład przeznaczony na cel związany z nauką, podczas gdy osoby wymienione w tym przepisie to nie tylko przedsiębiorcy, ale i osoby wykonujące działalność gospodarczą, natomiast o ile niepubliczne uczelnie wyższe mogą być przedsiębiorcami, o tyle prowadzenie przez nie działalności dydaktycznej, naukowej i badawczej nigdy nie stanowi działalności gospodarczej, ta bowiem może być wykonywana jedynie w formie organizacyjnie i finansowo wydzielonej od ww. działalności podstawowej, przez co w konsekwencji Sąd błędnie zastosował normę z <xLexLink xArt="art. 751;art. 751 pkt. 2" xIsapId="WDU19640160093" xTitle="Ustawa z dnia 23 kwietnia 1964 r. - Kodeks cywilny" xAddress="Dz. U. z 1964 r. Nr 16, poz. 93">art. 751 pkt 2 k.c.</xLexLink> przewidującą 2-letni termin przedawnienia, zamiast normy z <xLexLink xArt="art. 118" xIsapId="WDU19640160093" xTitle="Ustawa z dnia 23 kwietnia 1964 r. - Kodeks cywilny" xAddress="Dz. U. z 1964 r. Nr 16, poz. 93">art. 118 k.c.</xLexLink> przewidującej 10-letni termin przedawnienia,</xText>
          <xText>3) obrazę przepisów prawa materialnego, tj. <xLexLink xArt="art. 118" xIsapId="WDU19640160093" xTitle="Ustawa z dnia 23 kwietnia 1964 r. - Kodeks cywilny" xAddress="Dz. U. z 1964 r. Nr 16, poz. 93">art. 118 k.c.</xLexLink> poprzez jego błędną wykładnię polegającą na wadliwym przyjęciu, że roszczenie o zapłatę czesnego stanowi roszczenie związane z prowadzeniem działalności gospodarczej, i chociaż niepubliczne uczelnie wyższe mogą być przedsiębiorcami, to prowadzenie przez nie działalności dydaktycznej, naukowej, badawczej nigdy nie stanowi działalności gospodarczej, ta bowiem może być wykonywana jedynie w formie organizacyjnie i finansowo wydzielonej od ww. działalności podstawowej (tj. edukacyjnej), przez co Sąd błędnie zastosował normę z przepisu <xLexLink xArt="art. 118" xIsapId="WDU19640160093" xTitle="Ustawa z dnia 23 kwietnia 1964 r. - Kodeks cywilny" xAddress="Dz. U. z 1964 r. Nr 16, poz. 93">art. 118 k.c.</xLexLink> w zakresie, w jakim przewiduje 3-letni termin przedawnienia dla roszczeń o świadczenia okresowe, zamiast normy z przepisu <xLexLink xArt="art. 118" xIsapId="WDU19640160093" xTitle="Ustawa z dnia 23 kwietnia 1964 r. - Kodeks cywilny" xAddress="Dz. U. z 1964 r. Nr 16, poz. 93">art. 118 k.c.</xLexLink>, w zakresie, w jakim przewiduje 10 letni termin przedawnienia.</xText>
          <xText xALIGNx="center"><xBx>Sąd Okręgowy zważył, co następuje</xBx>:</xText>
          <xText>Apelacja okazała się bezzasadna.</xText>
          <xText>Sąd Rejonowy prawidłowo ustalił stan faktyczny, który Sąd Okręgowy przyjmuje za własny (<xLexLink xArt="art. 382" xIsapId="WDU19640430296" xTitle="Ustawa z dnia 17 listopada 1964 r. - Kodeks postępowania cywilnego" xAddress="Dz. U. z 1964 r. Nr 43, poz. 296">art. 382 k.p.c.</xLexLink>) i na jego podstawie dokonał trafnej oceny, że powództwo o zapłatę należności wynikających z łączącej strony umowy podlegało oddaleniu.</xText>
          <xText>Dla prawidłowego rozstrzygnięcia zawisłego przed Sądem Odwoławczym sporu konieczne było ustalenie, czy umowa o warunkach odpłatności za studia postrzegana być powinna jako nienazwana umowa o świadczenie usług w rozumieniu <xLexLink xArt="art. 750" xIsapId="WDU19640160093" xTitle="Ustawa z dnia 23 kwietnia 1964 r. - Kodeks cywilny" xAddress="Dz. U. z 1964 r. Nr 16, poz. 93">art. 750 kc</xLexLink>, do której odpowiednie zastosowanie znajdują normy prawne kształtujące umowę zlecenia, a zwłaszcza dwuletni termin przedawnienia roszczeń z tytułu wynagrodzenia za świadczoną naukę (<xLexLink xArt="art. 751;art. 751 pkt. 2" xIsapId="WDU19640160093" xTitle="Ustawa z dnia 23 kwietnia 1964 r. - Kodeks cywilny" xAddress="Dz. U. z 1964 r. Nr 16, poz. 93">art. 751 pkt 2)</xLexLink>. W przypadku bowiem udzielenia negatywnej odpowiedzi na tak postawione pytanie, do dochodzonych niniejszym pozwem należności właściwy byłby ogólny termin przedawnienia roszczeń wynoszący 10 lat (<xLexLink xArt="art. 118" xIsapId="WDU19640160093" xTitle="Ustawa z dnia 23 kwietnia 1964 r. - Kodeks cywilny" xAddress="Dz. U. z 1964 r. Nr 16, poz. 93">art. 118 kc</xLexLink>). Z kolei odpowiedź twierdząca uczyniłaby zasadnym zgłoszony przez <xAnon>A. L.</xAnon> zarzut przedawnienia.</xText>
          <xText>Zgodnie z treścią <xLexLink xArt="art. 750" xIsapId="WDU19640160093" xTitle="Ustawa z dnia 23 kwietnia 1964 r. - Kodeks cywilny" xAddress="Dz. U. z 1964 r. Nr 16, poz. 93">art. 750 kc</xLexLink>, do umów o świadczenie usług, które nie są uregulowane innymi przepisami, stosuje się odpowiednio przepisy o zleceniu. Sformułowanie to oznacza, że w sytuacji, gdy dla określonej usługi przepisy <xLexLink xArt="" xIsapId="WDU19640160093" xTitle="Ustawa z dnia 23 kwietnia 1964 r. - Kodeks cywilny" xAddress="Dz. U. z 1964 r. Nr 16, poz. 93">kodeksu cywilnego</xLexLink> albo przepisy szczególne wyodrębniły oddzielny typ umowy, do takiej usługi mają zastosowanie przede wszystkim przepisy normujące wyodrębniony typ umowy nazwanej (por. SN w wyroku z dnia 21 maja 1982 roku, III CRN 103/82). W przypadku braku uregulowania w nich danej kwestii, jak choćby długości terminów przedawnienia roszczeń, aktualizują się normy prawa cywilnego ujęte w części ogólnej i szczegółowej zobowiązań.</xText>
          <xText>W celu stwierdzenia, czy dany typ umowy o świadczenie usług korzysta z odesłania zawartego w <xLexLink xArt="art. 750" xIsapId="WDU19640160093" xTitle="Ustawa z dnia 23 kwietnia 1964 r. - Kodeks cywilny" xAddress="Dz. U. z 1964 r. Nr 16, poz. 93">art. 750 kc</xLexLink> należy zbadać, czy możliwe jest na poziomie ogólnym, wynikającym z norm opisujących dany typ umowy, zrekonstruowanie istotnych obowiązków stron, jak i celu tej umowy (por. sposób rozumowania SN zaprezentowany w uzasadnieniu uchwały z dnia 7 maja 2009 roku, III CZP 20/09, dotyczącej odrębności materialnej umowy o świadczenie usług telefonicznych).</xText>
          <xText>Polem dla analizy umowy o warunkach odpłatności za studia były regulacje <xLexLink xArt="" xIsapId="WDU20051641365" xTitle="Ustawa z dnia 27 lipca 2005 r. Prawo o szkolnictwie wyższym" xAddress="Dz. U. z 2005 r. Nr 164, poz. 1365">ustawy Prawo o szkolnictwie wyższym</xLexLink> (zwanej dalej Psw), która w <xLexLink xArt="art. 160" xIsapId="WDU20051641365" xTitle="Ustawa z dnia 27 lipca 2005 r. Prawo o szkolnictwie wyższym" xAddress="Dz. U. z 2005 r. Nr 164, poz. 1365">art. 160</xLexLink> stanowi, iż organizację i tok studiów oraz związane z nimi prawa i obowiązki studenta określa regulamin studiów (<xLexLink xArt="art. 99 ust. 1" xIsapId="WDU20051641365" xTitle="Ustawa z dnia 27 lipca 2005 r. Prawo o szkolnictwie wyższym" xAddress="Dz. U. z 2005 r. Nr 164, poz. 1365">ust.1</xLexLink>). Regulamin studiów określa także warunki i tryb uczestniczenia wybitnie uzdolnionych uczniów w zajęciach przewidzianych tokiem studiów na kierunkach zgodnych z uzdolnieniami oraz zasady zaliczania tych zajęć (ust. 1a). Studia w uczelni są prowadzone według planów studiów i programów kształcenia (ust. 2). Warunki odpłatności za studia lub usługi edukacyjne, o których mowa w <xLexLink xArt="art. 99;art. 99 ust. 1" xIsapId="WDU20051641365" xTitle="Ustawa z dnia 27 lipca 2005 r. Prawo o szkolnictwie wyższym" xAddress="Dz. U. z 2005 r. Nr 164, poz. 1365">art. 99 ust. 1</xLexLink>, określa umowa zawarta między uczelnią a studentem w formie pisemnej (ust.3). Przepisy tego aktu prawnego znajdują zastosowanie również do uczelni niepublicznych, do których zaliczyć należało poprzednika prawnego strony powodowej – Wyższą Szkołę <xAnon>(...)</xAnon>w <xAnon>W.</xAnon>(art.1 ust.1 Psw).</xText>
          <xText>Jedyna norma odnosząca się wprost do umowy o warunkach odpłatności za studia zamieszczona została w cytowanym <xLexLink xArt="art. 160;art. 160 ust. 3" xIsapId="WDU19640160093" xTitle="Ustawa z dnia 23 kwietnia 1964 r. - Kodeks cywilny" xAddress="Dz. U. z 1964 r. Nr 16, poz. 93">art. 160 ust. 3</xLexLink> Psw. Głosi ona, iż warunki odpłatności za studia lub usługi edukacyjne, o których mowa w <xLexLink xArt="art. 99;art. 99 ust. 1" xIsapId="WDU19640160093" xTitle="Ustawa z dnia 23 kwietnia 1964 r. - Kodeks cywilny" xAddress="Dz. U. z 1964 r. Nr 16, poz. 93">art. 99 ust. 1</xLexLink>, określa umowa zawarta między uczelnią a studentem w formie pisemnej. Wbrew stanowisku skarżącego, prócz określenia formy wymaganej dla zawarcia tego rodzaju kontraktu nie wysławia ona żadnych elementów przedmiotowo istotnych z punktu widzenia obowiązków stron tak powstałego stosunku cywilnoprawnego. Wymogu oznaczenia minimalnej treści takiej umowy nie spełnia zwrot „warunki odpłatności za studia […] określa umowa”. Jest to bowiem zwrot zbyt ogólny, nie dający możliwości jasnego określenia rodzaju świadczeń ciążących na każdej ze stron. Jest przy tym jasne, że każde porozumienie umowne wysławia pewne warunki, których realizacja stanowi wykonanie zobowiązania. Natomiast w przepisie tym brak kompletnej regulacji <xIx>essentialiae negotii</xIx> umowy o warunkach odpłatności za studia, a więc regulacji, która uzasadniałaby traktowanie jej jako odrębnej od umowy o świadczenie usług, nie podlegającej regulacjom kodeksowym. Owa szczególna regulacja jest fragmentaryczna i wypiera przepisy <xLexLink xArt="" xIsapId="WDU19640160093" xTitle="Ustawa z dnia 23 kwietnia 1964 r. - Kodeks cywilny" xAddress="Dz. U. z 1964 r. Nr 16, poz. 93">k.c.</xLexLink> wyłącznie w zakresie wynagrodzenia za świadczenie usług (warunków odpłatności) i obowiązku zachowania formy pisemnej.</xText>
          <xText>Nie ma zatem racji skarżący twierdząc, że umowa o warunkach odpłatności za studia, choć bez wątpienia posiadająca autonomiczne od przepisów <xLexLink xArt="" xIsapId="WDU19640160093" xTitle="Ustawa z dnia 23 kwietnia 1964 r. - Kodeks cywilny" xAddress="Dz. U. z 1964 r. Nr 16, poz. 93">Kodeksu cywilnego</xLexLink> uregulowanie, została unormowana w sposób na tyle odrębny i precyzyjny, by można było w tym przypadku odstąpić od stosowania do niej <xLexLink xArt="art. 751" xIsapId="WDU19640160093" xTitle="Ustawa z dnia 23 kwietnia 1964 r. - Kodeks cywilny" xAddress="Dz. U. z 1964 r. Nr 16, poz. 93">art. 751</xLexLink> pkt <xLexLink xArt="" xIsapId="WDU19640160093" xTitle="Ustawa z dnia 23 kwietnia 1964 r. - Kodeks cywilny" xAddress="Dz. U. z 1964 r. Nr 16, poz. 93">kc</xLexLink> w zw. z <xLexLink xArt="art. 750" xIsapId="WDU19640160093" xTitle="Ustawa z dnia 23 kwietnia 1964 r. - Kodeks cywilny" xAddress="Dz. U. z 1964 r. Nr 16, poz. 93">art. 750 kc.</xLexLink> Z Psw nie sposób bowiem nawet wyinterpretować obowiązków stron takiej umowy, które można by potraktować jako <xIx>essentialia negotii </xIx>kontraktu.</xText>
          <xText>Na ocenę poziomu odrębności materialnoprawnej wspomnianej umowy nie ma wpływu szczegółowe potraktowanie przez ustawodawcę na gruncie Prawa o szkolnictwie wyższym wymogów, jakie powinien spełniać regulamin studiów (art.161 i nast.), ustanowienie konieczności ustalenia planu studiów i programu kształcenia. Choć wspomniane akty składają się wraz z umową o warunkach odpłatności za studia na całość stosunku prawnego łączącego uczelnię ze studentem, stanowią odrębny aspekt tak powstałej więzi obligacyjnej.</xText>
          <xText>Przedmiotem umowy o warunkach odpłatności za studia, zgodnie z brzmieniem art. 160 ust. 3 Psw, są wyłącznie kwestie ekonomicznego ekwiwalentu za świadczoną usługę nauczania. Z kolei regulamin, plan studiów i program kształcenia odnoszą się natomiast do edukacyjnego aspektu działalności uczelni, związanego z jej uczestnictwem w narodowej misji nauczania (art. 6 ust.3). Ten typ umowy powinien zatem zostać potraktowany odrębnie – w oderwaniu od pozostałych regulacji ustawy, które w istocie nie odnoszą się do finansowej strony funkcjonowania szkolnictwa wyższego (por. też trafną wypowiedź P. Orzeszko [w] Sanetra W. (red.) <xIx>Prawo o szkolnictwie wyższym. Komentarz</xIx>, kom. do art. 160, uw.8).</xText>
          <xText>W konsekwencji, nie doszło do uchybienia przez Sąd Rejonowy <xLexLink xArt="art. 750" xIsapId="WDU19640160093" xTitle="Ustawa z dnia 23 kwietnia 1964 r. - Kodeks cywilny" xAddress="Dz. U. z 1964 r. Nr 16, poz. 93">art. 750 k.c.</xLexLink> w sposób opisany w <xLexLink xArt="art. 750 pkt. 1" xIsapId="WDU19640160093" xTitle="Ustawa z dnia 23 kwietnia 1964 r. - Kodeks cywilny" xAddress="Dz. U. z 1964 r. Nr 16, poz. 93">punkcie 1</xLexLink> apelacji.</xText>
          <xText>Z uwagi zatem na brak wystarczająco wysokiego poziomu odrębności uregulowań odnoszących się do umowy o warunkach odpłatności za studia, słuszne było zastosowanie przez Sąd I instancji w rozpatrywanej sprawie przepisu <xLexLink xArt="art. 751;art. 751 pkt. 2" xIsapId="WDU19640160093" xTitle="Ustawa z dnia 23 kwietnia 1964 r. - Kodeks cywilny" xAddress="Dz. U. z 1964 r. Nr 16, poz. 93">art. 751 pkt 2 kc</xLexLink> – przewidującego dwuletni termin przedawnienia dla wynagrodzenia należnego w ramach świadczonej usługi nauczania.</xText>
          <xText>Za błędne Sąd uznał także zapatrywanie pełnomocnika powoda, że skoro <xLexLink xArt="" xIsapId="WDU20051641365" xTitle="Ustawa z dnia 27 lipca 2005 r. Prawo o szkolnictwie wyższym" xAddress="Dz. U. z 2005 r. Nr 164, poz. 1365">ustawa Prawo o szkolnictwie wyższym</xLexLink> posługuje się pojęciem „kształcenie” to tym samym katalog roszczeń określonych w <xLexLink xArt="art. 751;art. 751 pkt. 2" xIsapId="WDU19640160093" xTitle="Ustawa z dnia 23 kwietnia 1964 r. - Kodeks cywilny" xAddress="Dz. U. z 1964 r. Nr 16, poz. 93">art. 751 pkt 2</xLexLink> nie obejmuje kształcenia, a wyłącznie naukę. Zgodnie ze słownikiem języka polskiego „kształcić” oznacza „dawać komuś pewien zasób wiedzy, wiadomości w jakiejś dziedzinie, uczyć kogo” (zob. Mały Słownik Języka Polskiego, Wydawnictwo PWN, Warszawa 1968, str. 323). Kształcenie jest zatem synonimem nauki, którą uczelnia wyższa przekazuje swojemu słuchaczowi w zamian za zapłatę czesnego, a zatem jest objęte hipotezą przepisu <xLexLink xArt="art. 751;art. 751 pkt. 2" xIsapId="WDU19640160093" xTitle="Ustawa z dnia 23 kwietnia 1964 r. - Kodeks cywilny" xAddress="Dz. U. z 1964 r. Nr 16, poz. 93">art. 751 pkt 2 k.c.</xLexLink></xText>
          <xText>Skoro dla roszczeń strony powodowej należy zastosować dwuletni termin przedawnienia w zasadzie nie ma potrzeby analizowania, czy roszczenie to wynika z prowadzonej przez uczelnię wyższą działalności gospodarczej. Jedynie na marginesie Sąd Okręgowy wskazuje zatem, że w orzecznictwie wielokrotnie kwalifikowano uczelnię niepaństwową jako przedsiębiorcę lub podmiot prowadzący działalność gospodarczą. W uzasadnieniu uchwały z 3 lipca 2003 r., III CZP 38/03 (Prok. i Pr. 2004 nr 1, poz. 39), Sąd Najwyższy wyraził pogląd, że odpłatne i systematyczne wykonywanie przez <xBRx/>uczelnię niepaństwową zajęć dydaktycznych jest wykonywaniem przez osobę <xBRx/>prawną we własnym imieniu zawodowo działalności usługowej w sposób zorganizowany i ciągły, jest zatem wyraźnym uczestnictwem w obrocie gospodarczym. Wobec powyższego działalność polegająca na świadczeniu przez uczelnię niepaństwową odpłatnych usług edukacyjnych w sposób spełniający wymogi uznania tej działalności za działalność gospodarczą w rozumieniu art. 2 ust. 1 pdg pozwala na uznanie takiego podmiotu za przedsiębiorcę (por. wyroki Sądu Najwyższego z dnia 14 lipca 1999 r., II CKN 451/98, OSNC 2000 nr 2, poz. 36; z dnia 29 maja 2001 r., I CKN 1217/98, OSNC 2002 nr 1, poz. 13; postanowienie SN z dnia 26 kwietnia 2002 r., IV CKN 1667/00, OSNC 2003 nr 5, poz. 65 oraz uchwała SN z dnia 6 listopada 2002 r., III CZP 67/02, OSNC 2003 nr 7 - 8, poz. 102).</xText>
          <xText>Powyższe rozważania skutkują również przyjęciem, że dla roszczenia powodowej spółki nie znajdzie zastosowania dziesięcioletni termin przedawnienia wskazany w <xLexLink xArt="art. 118" xIsapId="WDU19640160093" xTitle="Ustawa z dnia 23 kwietnia 1964 r. - Kodeks cywilny" xAddress="Dz. U. z 1964 r. Nr 16, poz. 93">art. 118 k.c.</xLexLink> , a tym Sąd I instancji nie naruszył powołanego przepisu.</xText>
          <xText>Sąd Okręgowy nie jest przy tym związany orzeczeniami innych Sądów, które wyraziły odmienne zapatrywanie w tożsamych okolicznościach faktycznych. Podkreślić należy jednak, że tożsamy pogląd co do możliwości zastosowania dwuletniego terminu przedawnienia wyrażał już wielokrotnie Sąd Okręgowy w Poznaniu m.in. w wyrokach z dnia 17 września 2013 r., sygn. II Ca <xAnon>(...)</xAnon>; z dnia 4 października 2013 r., XV Ca <xAnon>(...)</xAnon>; z dnia 26 listopada 2013 r., XV Ca <xAnon>(...)</xAnon>; z dnia 29 listopada 2013 r., sygn. II Ca <xAnon>(...)</xAnon>; z dnia 6 grudnia 2013 r., II Ca <xAnon>(...)</xAnon></xText>
          <xText>W związku z tym należało uznać, że roszczenia dochodzone pozwem przedawniły się najpóźniej w dniu 20 lutego 2007 r. Powództwo wniesiono dnia 30 listopada 2012 roku, zatem już po upływie terminu przedawnienia. Z uwagi na skutecznie zgłoszony przez <xAnon>A. L.</xAnon> zarzut przedawnienia, powództwo podlegało oddaleniu.</xText>
          <xText>Mając powyższe na względzie Sąd Okręgowy, na podstawie <xLexLink xArt="art. 385" xIsapId="WDU19640430296" xTitle="Ustawa z dnia 17 listopada 1964 r. - Kodeks postępowania cywilnego" xAddress="Dz. U. z 1964 r. Nr 43, poz. 296">art. 385 k.p.c.</xLexLink> oddalił apelację.</xText>
          <xText>O kosztach postępowania odwoławczego orzeczono na podstawie <xLexLink xArt="art. 98;art. 98 § 3;art. 99" xIsapId="WDU19640430296" xTitle="Ustawa z dnia 17 listopada 1964 r. - Kodeks postępowania cywilnego" xAddress="Dz. U. z 1964 r. Nr 43, poz. 296">art. 98 § 3 i art. 99 k.p.c.</xLexLink> obciążając nimi w całości powoda, jako stronę przegrywającą postępowanie apelacyjne. Na koszty poniesione przez pozwanego złożył się wynagrodzenie jego pełnomocnika w kwocie 300 zł ustalone na podstawie <xLexLink xArt="art. 98 § 6;art. 98 § 6 pkt. 3" xIsapId="WDU19640430296" xTitle="Ustawa z dnia 17 listopada 1964 r. - Kodeks postępowania cywilnego" xAddress="Dz. U. z 1964 r. Nr 43, poz. 296">§ 6 pkt 3</xLexLink> w zw. z § 12 ust. 1 pkt 1 rozporządzenia Ministra Sprawiedliwości z dnia 28 września 2002 r. w sprawie opłat za czynności radców prawnych (…).</xText>
          <xText>SSO Anna Czarnecka</xText>
        </xUnit>
      </xBlock>
    </xPart>
  </judgement>
<judgement id="150525000001521_III_U_000907_2011_Uz_2013-05-10_001">
    <xPart xEditorFullName="Małgorzata Stępek" xYear="2011" xLang="PL" xPublisherFullName="Małgorzata Stępek" xFromPg="1" xEditor="m.stepek" xVolType="15/052500/0001521/U" xPublisher="m.stepek" xDocType="Uz" xVolNmbr="000907" xVersion="1.0" xToPage="2" xFlag="published">
      <xName>Wyrok+Uzasadnienie</xName>
      <xBlock>
        <xText>
          <xBx>Sygn. akt III U 907/11</xBx>
        </xText>
        <xUnit xIsTitle="true" xType="part" xBold="true">
          <xName>WYROK</xName>
          <xTitle>W IMIENIU RZECZYPOSPOLITEJ POLSKIEJ</xTitle>
          <xText xALIGNx="right"><xBx>Dnia 10 maja 2013</xBx> r.</xText>
          <xRows>
            <xCOLGROUPx>
              <xCOLx xWIDTHx="355"/>
              <xCOLx xWIDTHx="139"/>
              <xCOLx xWIDTHx="216"/>
            </xCOLGROUPx>
            <xRow>
              <xClmn xALIGNx="left" xVALIGNx="top">
                <xText>
                  <xBx>Sąd Okręgowy </xBx>
                </xText>
              </xClmn>
              <xClmn xALIGNx="left" xRowSpan="2" xVALIGNx="middle">
                <xText xALIGNx="center">
                  <xBx>w <xAnon>O.</xAnon></xBx>
                </xText>
              </xClmn>
              <xClmn xALIGNx="left" xRowSpan="2" xVALIGNx="middle">
                <xText>
                  <xBx>Wydział III</xBx>
                </xText>
              </xClmn>
            </xRow>
            <xRow>
              <xClmn xALIGNx="left" xVALIGNx="top">
                <xText>
                  <xBx>Sąd Pracy i Ubezpieczeń Społecznych</xBx>
                </xText>
              </xClmn>
            </xRow>
          </xRows>
          
          <xText>w składzie:</xText>
          <xText><xBx> Przewodnicząca:</xBx> SSR del. do SO Monika Obrębska</xText>
          <xText><xBx> Protokolant:</xBx> sekretarz sądowy Małgorzata Laskowska</xText>
          
          <xText><xBx>po rozpoznaniu na rozprawie w dniu</xBx> 10 maja 2013 r. w <xAnon>O.</xAnon></xText>
          <xText>
            <xBx>sprawy z odwołania</xBx>
            <xAnon>W. D.</xAnon>
          </xText>
          <xText><xBx>przeciwko</xBx> Zakładowi Ubezpieczeń Społecznych Oddziałowi w <xAnon>P.</xAnon></xText>
          <xText>o wartość kapitału początkowego</xText>
          <xText>
            <xBx>na skutek odwołania</xBx>
            <xAnon>W. D.</xAnon>
          </xText>
          <xText><xBx>od decyzji</xBx> Zakładu Ubezpieczeń Społecznych Oddziału w <xAnon>P.</xAnon></xText>
          <xText><xBx>z dnia</xBx> 23 listopada 2011 r. <xBx>znak </xBx><xAnon> (...)</xAnon>-2003</xText>
          
          <xText xALIGNx="center">
            <xBx>orzeka:</xBx>
          </xText>
          
          <xUnit xIsTitle="false" xType="none">
            <xName xSffx=".">1</xName>
            <xText>zmienia zaskarżoną decyzję w ten sposób, że wskaźnik wysokości podstawy wymiaru kapitału początkowego <xAnon>W. D.</xAnon> na dzień 01.01.1999r. określa na 87,83% a podstawę wymiaru kapitału początkowego na kwotę 1072,31 zł;</xText>
          </xUnit>
          <xUnit xIsTitle="false" xType="none">
            <xName xSffx=".">2</xName>
            <xText>w pozostałym zakresie odwołanie oddala.</xText>
          </xUnit>
          <xText>/-/Na oryginale właściwy podpis</xText>
          
          <xText>Na skutek apelacji <xAnon>W. D.</xAnon> Sąd Apelacyjny w Białymstoku, III Wydział Pracy <xBRx/>i <xAnon> (...)</xAnon> wyrokiem z dnia 23.01.2014r. sygn. akt III AUa 842/13</xText>
          <xText>
            <xBx>oddala apelację.</xBx>
          </xText>
          <xText>/-/Na oryginale właściwe podpisy</xText>
        </xUnit>
        <xUnit xIsTitle="true" xType="part" xBold="true">
          <xName>UZASADNIENIE</xName>
          <xText>Decyzją z dnia 28.11.2006r. Zakład Ubezpieczeń Społecznych Oddział w <xAnon>P.</xAnon> ustalił dla <xAnon>W. D.</xAnon> kapitał początkowy na dzień 01.01.1999r. na kwotę 90.524,17 złotych.</xText>
          <xText>W dniu 20.10.2011r. <xAnon>W. D.</xAnon> złożyła zaświadczenie o zatrudnieniu i wynagrodzeniu z dnia 12.10.2011r., obejmujące okres 01.09.1979r. do 31.01.1992r., wystawione przez <xAnon> (...)</xAnon> w <xAnon>O.</xAnon>, w oparciu o notatkę służbową i kartę wynagrodzeń za 1988r.</xText>
          <xText>Decyzją z dnia 23.11.2011r. ZUS odmówił <xAnon>W. D.</xAnon> ponownego ustalenia kapitału początkowego podnosząc, że przedłożone zaświadczenie Rp – 7 nie może stanowić środka dowodowego, gdyż wystawione jest na podstawie notatki służbowej, ponadto z pisma z 18.09.2003r. wystawionego przez <xAnon> (...)</xAnon> w <xAnon>O.</xAnon> wynika, że dokumenty za ten okres uległy spaleniu.</xText>
          <xText><xAnon>W. D.</xAnon> wniosła odwołanie od powyższej decyzji podnosząc, że nieuznane przez ZUS zaświadczenie Rp – 7 jest pełnoprawnym dowodem w sprawie, potwierdza bowiem okres zatrudnienia i osiągane w tym okresie wynagrodzenia w oparciu o wiedzę pracodawcy. Wskazując na powyższe wniosła o zmianę decyzji poprzez ustalenie kapitału w nowej wysokości.</xText>
          
          <xText>W odpowiedzi na odwołanie organ rentowy wniósł o oddalenie odwołania w całości wskazując, że przedłożone przez odwołującą zaświadczenie nie stanowi wystarczającego dowodu potwierdzającego osiągnięte wynagrodzenie w okresie od 01.09.1979r. do 31.01.1992r. dla celów emerytalno – rentowych. Wystawione zostało bowiem na podstawie notatki służbowej. Ponadto z pisma z 18.09.2003r. wystawionego przez <xAnon> (...)</xAnon> w <xAnon>O.</xAnon> wynika, że dokumenty za ten okres uległy spaleniu. Z uwagi na powyższe za w/w okres ZUS przyjął zarobki w wysokości minimalnego wynagrodzenia określonego przepisami.</xText>
          
          <xText xALIGNx="center">
            <xBx>Sąd Okręgowy Sąd Pracy i Ubezpieczeń Społecznych w Ostrołęce ustalił i zważył co następuje:</xBx>
          </xText>
          
          <xText>Odwołanie <xAnon>W. D.</xAnon> okazało się zasadne ale jedynie częściowo.</xText>
          
          <xText>Zgodnie z <xLexLink xArt="art. 174;art. 174 ust. 3" xIsapId="WDU19981621118" xTitle="Ustawa z dnia 17 grudnia 1998 r. o emeryturach i rentach z Funduszu Ubezpieczeń Społecznych" xAddress="Dz. U. z 1998 r. Nr 162, poz. 1118">art. 174 ust. 3 ustawy o emeryturach i rentach z Funduszu Ubezpieczeń Społecznych</xLexLink> podstawę wymiaru kapitału początkowego ustala się na zasadach określonych z <xLexLink xArt="art. 15;art. 16;art. 17;art. 17 ust. 1;art. 17 ust. 3;art. 18" xIsapId="WDU19981621118" xTitle="Ustawa z dnia 17 grudnia 1998 r. o emeryturach i rentach z Funduszu Ubezpieczeń Społecznych" xAddress="Dz. U. z 1998 r. Nr 162, poz. 1118">art. 15, 16, 17 ust. 1 i 3 oraz art. 18</xLexLink>, z tym że okres kolejnych 10 lat kalendarzowych ustala się z okresu przed dniem 1 stycznia 1999r. Zgodnie z <xLexLink xArt="art. 15;art. 15 ust. 4" xIsapId="WDU19981621118" xTitle="Ustawa z dnia 17 grudnia 1998 r. o emeryturach i rentach z Funduszu Ubezpieczeń Społecznych" xAddress="Dz. U. z 1998 r. Nr 162, poz. 1118">art. 15 ust. 4 ustawy o emeryturach i rentach z Funduszu Ubezpieczeń Społecznych</xLexLink> w celu ustalenia podstawy wymiaru kapitału początkowego: oblicza się sumę kwot podstaw wymiaru składek i kwot, o których mowa w <xLexLink xArt="art. 15;art. 15 ust. 3" xIsapId="WDU19981621118" xTitle="Ustawa z dnia 17 grudnia 1998 r. o emeryturach i rentach z Funduszu Ubezpieczeń Społecznych" xAddress="Dz. U. z 1998 r. Nr 162, poz. 1118">art. 15 ust. 3</xLexLink>, w okresie każdego roku z wybranych przez zainteresowanego lat kalendarzowych, oblicza się stosunek każdej z tych sum kwot do rocznej kwoty przeciętnego wynagrodzenia, ogłoszonej za dany rok kalendarzowy, wyrażając go w procentach, z zaokrągleniem do setnych części procentu, oblicza się średnią arytmetyczną tych procentów, która stanowi wskaźnik wysokości podstawy wymiaru kapitału początkowego, mnoży się ten wskaźnik przez kwotę bazową, o której mowa w art. 19. Zgodnie z art. 16 cyt. ustawy przy ustalaniu kolejnych 10 lat kalendarzowych przyjmuje się lata kalendarzowe następujące bezpośrednio po sobie, chociażby ubezpieczony w niektórych z tych lat przez okres roku lub w okresie krótszym niż rok nie pozostawał w ubezpieczeniu. Podstawę można ustalić również z 20 lat z całego okresu podlegania ubezpieczeniu.</xText>
          
          <xText>W przedmiotowej sprawie, spór pomiędzy stronami sprowadzał się do rozstrzygnięcia w jakiej wysokości, do wyliczenia wartości kapitału początkowego winny zostać przyjęte wynagrodzenia z okresu zatrudnienia odwołującej w <xAnon> (...)</xAnon> w <xAnon>O.</xAnon>. Istotną trudnością na płaszczyźnie dowodowej w tym zakresie był fakt, że dokumentacja płacowa odwołującej za lata 1979 – 1987r., nie zachowała się, gdyż uległa spaleniu podczas pożaru budynku administracyjnego szpitala w dniu 14.01.1989r. Pełnomocnik odwołującej wywodził w tym zakresie, że w spornym okresie wynagrodzenia pracowników służby zdrowia były regulowane rozporządzeniem RM z 27.11.1978r. w sprawie uposażeń pracowników służby zdrowia, a następnie rozporządzeniem RM w tej samej sprawie z 1.03.1982r. Wskazał, że w związku z tym wynagrodzenie <xAnon>W. D.</xAnon> nie mogło być niższe niż minimalne stawki wynagrodzenia wskazane w tych przepisach. Pełnomocnik odwołującej wywodził również, że odwołująca przez cały okres zatrudnienia pracowała w wymiarze 1,5 etatu, w systemie pracy zmianowej i w porze nocnej.</xText>
          <xText>Na te okoliczności Sąd przesłuchał świadków <xAnon>E. W.</xAnon> i <xAnon>A. Z.</xAnon>, które pracowały z odwołującą w spornym okresie.</xText>
          <xText><xAnon>E. W.</xAnon> zeznała, że rozpoczęła pracę z odwołującą tego samego dnia tj. 01.09.1979r. jako technicy RTG. Utrzymywała, że od samego początku pracowały w wymiarze półtora etatu. Dla techników pełny wymiar czasu pracy to 5 godzin, a one pracowały po 8 godzin dziennie. Zwiększenie liczby godzin ponad 5 było na ich wniosek i były na to pisemne zgody dyrekcji. Dodała, że przez cały okres czasu pracowały na zmiany. Poza dodatkiem za pracę z tytułu pracy na zmiany dostawały dodatek z tytułu pracy w nocy.</xText>
          <xText>Podobnej treści zeznania złożyła <xAnon>A. Z.</xAnon>, która podała, że ona jako technik RTG w szpitalu pracowała od 1966r. Podała, że odwołująca do pracy przyszła w 1979r. na stanowisko technika RTG. Zeznała, że pełen etat pracy technika to 5 godzin dziennie. Z uwagi na konieczność zabezpieczenia całodobowej pracy pracowni, technicy pracowali w większym wymiarze czasu pracy. Z reguły dodatkowe zatrudnienie dotyczyło trzech godzin, czasem w gorszej sytuacji szpitala było to 2 i pół godziny.</xText>
          <xText>Powyższe potwierdziła w swoich zeznaniach odwołująca <xAnon>W. D.</xAnon>, która podała, że przez cały czas pracowała przez 8 godzin dziennie. Odnośnie pracy w nocy podała, że grafik ustalała oddziałowa, która określała kto kiedy przychodzi. W razie potrzeby grafik zmieniał się, np. gdy ktoś zachorował. Odwołująca przyznała, że dodatek za pracę w nocy uzależniony był od konkretnie przepracowanych nocy i dni świątecznych, tzn. pracownik, który chorował i nie pracował w nocy nie otrzymywał tego dodatku.</xText>
          <xText>Sąd zasadniczo dał wiarę przesłuchanym świadkom i odwołującej. Sąd uznał w szczególności za wiarygodne twierdzenia, że odwołująca, podobnie jak inni technicy, pracowała z reguły w wymiarze czasu pracy przekraczającym pełen etat, natomiast uznał, że brak było podstaw do przyjęcia, iż zawsze był to wymiar 1,5 etatu. Podkreślić należy, że nawet zeznania świadków nie były w tym zakresie do końca zbieżne. O ile odwołująca i świadek <xAnon>W.</xAnon> utrzymywały, że zawsze było to dodatkowe trzy godziny dziennie, o tyle świadek <xAnon>A. Z.</xAnon> podała, że z reguły były to trzy godziny dziennie, ale czasem mniej i zależało to aktualnej kondycji finansowej szpitala. Powyższe koresponduje również z pisemną informacją nadesłaną przez <xAnon> (...)</xAnon> w <xAnon>O.</xAnon>, z której wynika, że po 14.01.1989r. odwołująca pracowała ponad pełen etat tj. 5 godzin 15 minut dziennie, jednakże w różnych okresach czasu wymiar nadgodzin był różny i kształtował się od zwiększenia o 2 godziny do 3 godzin, 10 minut dziennie. Nie we wszystkich okresach był to więc wymiar pełnego 1,5 etatu. Ponadto, jak wynika z nadesłanej informacji był też okres od kwietnia do lipca 1999r. kiedy to odwołująca nie pracowała w nadgodzinach ( vide informacja z k. 34 a.s.). Z powyższych względów Sąd uznał, że brak jest podstaw do przyjęcia, że w okresie wcześniejszym odwołująca zawsze świadczyła pracę w wymiarze półtora etatu, choć z reguły niewątpliwie tak było.</xText>
          <xText>Uznając, iż kwestia prawidłowego wyliczenia wysokości zarobków uzyskiwanych przez odwołującą w czasie zatrudnienia w <xAnon> Szpitalu (...)</xAnon> w <xAnon>O.</xAnon> w okresie od 01.09.1979 do 31.01.1992r., a co za tym idzie określenia wysokości kapitału początkowego, wymaga wiadomości specjalnych, Sąd uwzględniając wniosek pełnomocnika odwołującej, postanowieniem z dnia 24.07.2012r. dopuścił w tym zakresie dowód z opinii biegłego z zakresu rachunkowości.</xText>
          <xText>Biegła dokonując szczegółowych ustaleń w zakresie wysokości wynagrodzeń uzyskiwanych przez odwołującą w spornym okresie, oprócz zachowanej dokumentacji płacowej, umowy o pracę, angaży, zeznań świadków, wzięła również pod uwagę przepisy wykonawcze dotyczące uposażeń pracowników zakładów społecznych służby zdrowia, zakładów pomocy społecznej i zakładów rehabilitacji zawodowej inwalidów.</xText>
          <xText>W wydanej opinii biegła podniosła, że stosownie do załącznika nr 1 (tabela stanowisk i zaszeregowania pracowników działalności podstawowej), od dnia 1 grudnia 1978 roku technik medyczny był zaszeregowany w 21-15 grupie uposażenia zasadniczego. Według § 3 najniższe uposażenie zasadnicze pracowników zaszeregowanych w grupie 21 wynosiło 2.100,00 złotych. Takie uposażenie było przyznane odwołującej się zgodnie z umową o pracę.</xText>
          <xText>Według § 6 pracownikom działalności podstawowej mógł być przyznany dodatek specjalny w wysokości do 3.500 zł miesięcznie. Dodatek specjalny mógł być obniżony. Zgodnie z § 7 ust. 2 pracownikom działalności podstawowej przysługiwał dodatek do uposażenia w wysokości od 200 zł do 500 zł miesięcznie za prace w systemie zmianowym. Zgodnie z angażem odwołującej się od 01 września 1979 roku bezterminowo przyznano dodatek w maksymalnej wysokości tj. 500,00 złotych.</xText>
          <xText>Stosownie do § 8 za każdą godzinę pracy wykonywanej w porze nocnej pracownikowi przysługiwał dodatek w wysokości 15% stawki uposażenia zasadniczego. Zgodnie z § 12 pracownikom zatrudnionym w niepełnym wymiarze czasu pracy dodatki określone w § 5, 6 i 10 przysługiwały w wysokości odpowiedniej do liczby godzin pracy. Dodatki te nie przysługiwały z tytułu dodatkowego zatrudnienia. Po zmianach w/w rozporządzenia z 27 listopada 1978 roku od dnia 01 grudnia 1981r. technik medyczny był zaszeregowany nadal w 21-15 grupie uposażenia zasadniczego. Według § 3 najniższe uposażenie zasadnicze pracowników zaszeregowanych w grupie 21 wynosiło 2.100,00 złotych. Uposażenie zasadnicze określone wyżej przysługiwało pracownikom zatrudnionym w pełnym wymiarze czasu pracy. W razie zatrudnienia w mniejszym lub większym wymiarze czasu pracy uposażenie zasadnicze pracownika obliczało się proporcjonalnie do tygodniowego wymiaru czasu pracy przewidzianego w umowie o pracę.</xText>
          <xText>Według § 6 pracownikom działalności podstawowej mógł być przyznany dodatek specjalny w wysokości do 3.500 zł miesięcznie. Dodatek specjalny mógł być obniżony lub cofnięty bez wypowiedzenia w razie ustania warunków, na których podstawie dodatek został przyznany. Zgodnie z § 7 ust. 2 pracownikom działalności podstawowej przysługiwał dodatek do uposażenia w wysokości od 200 zł do 500 zł miesięcznie za pracę w systemie zmianowym. Stosownie do § 8 za każda godzinę pracy wykonywanej w porze nocnej pracownikowi przysługiwał dodatek w wysokości 20% stawki uposażenia zasadniczego.</xText>
          <xText>Biegła wyjaśniła, że zgodnie z <xLexLink xArt="" xIsapId="WDU19820080065" xTitle="Rozporządzenie Rady Ministrów z dnia 1 marca 1982 r. w sprawie uposażenia pracowników zakładów społecznych służby zdrowia, zakładów pomocy społecznej i zakładów rehabilitacji zawodowej inwalidów" xAddress="Dz. U. z 1982 r. Nr 8, poz. 65">Rozporządzeniem Rady Ministrów z dnia 1 marca 1982 roku w sprawie uposażenia pracowników zakładów społecznych służby zdrowia, zakładów pomocy społecznej i zakładów rehabilitacji zawodowej inwalidów</xLexLink> (Dz.U. Nr 8 poz.65) wchodzącym w życie z mocą od dnia 1 stycznia 1982 roku (zał. 1) technik medyczny był zaszeregowany w 3-9 grupie uposażenia zasadniczego. Minimalne wynagrodzenie zasadnicze przysługujące według grupy 3 wynosiło 4.000.00 złotych miesięcznie (§ 3). Według § 6 ust. 1 pracownikom przysługiwał dodatek służbowy w wysokości od 400 do 5.000 zł miesięcznie. Zgodnie z § 7 pracownikom działalności podstawowej przysługiwał dodatek do uposażenia w wysokości od 200 do 500 zł miesięcznie za pracę w systemie zmianowym, stosownie do § 8 pracownikom przysługiwał dodatek w wysokości 20% uposażenia zasadniczego za każda godzinę pracy wykonywanej w porze nocnej. Na podstawie § 11 rozporządzenia pracownikowi zatrudnionemu w niepełnym wymiarze czasu pracy dodatki przysługiwały proporcjonalnie do wymiaru czasu pracy. Dodatki te nie przysługiwały z tytułu dodatkowego zatrudnienia.</xText>
          <xText>Według Zarządzenia Ministra Zdrowia i Opieki Społecznej z dnia 9 października 1982 roku w sprawie włączenia do płac pracowników zakładów społecznych służby zdrowia, zakładów pomocy społecznej i zakładów rehabilitacji zawodowej inwalidów rekompensat pieniężnych z tytułu podwyższenia cen detalicznych artykułów żywnościowych, opału i energii (M.P. 1982.24.216) wchodzącym z mocą od dnia 1 października 1982 roku rekompensaty pieniężne przyznane pracownikom na podstawie przepisów uchwały nr 187 Rady Ministrów z dnia 26 sierpnia 1981 r. w sprawie podwyższenia cen detalicznych niektórych artykułów żywnościowych (Monitor Polski Nr 22, poz. 200) i uchwały nr 24 Rady Ministrów z dnia 27 stycznia 1982 r. w sprawie rekompensat pieniężnych z tytułu wprowadzenia z dniem 1 lutego 1982r. nowych cen detalicznych podstawowych artykułów żywnościowych, opału i energii (Monitor Polski Nr 4, poz. 18) włączono do miesięcznych stawek uposażenia zasadniczego ustalonych w § 3 rozporządzenia. Po włączeniu rekompensat minimalne uposażenie zasadnicze w 3 grupie zaszeregowania wynosiło 5.600,00 złotych.</xText>
          <xText>Biegła podniosła, że według <xLexLink xArt="" xIsapId="WDU19840180086" xTitle="Rozporządzenie Rady Ministrów z dnia 2 marca 1984 r. w sprawie uposażenia pracowników zakładów społecznych służby zdrowia, zakładów pomocy społecznej i zakładów rehabilitacji zawodowej inwalidów" xAddress="Dz. U. z 1984 r. Nr 18, poz. 86">Rozporządzenia Rady Ministrów z dnia 2 marca 1984 roku w sprawie uposażenia pracowników zakładów społecznych służby zdrowia, zakładów pomocy społecznej i zakładów rehabilitacji zawodowej inwalidów</xLexLink> (Dz.U. Nr 18 poz. 86) obowiązującego z mocą od dnia 1 stycznia 1984 roku ustalono tabelę stanowisk i zaszeregowania pracowników działalności podstawowej, stanowiącą załącznik nr 1 do rozporządzenia. Minimalne wynagrodzenie zasadnicze: na stanowisku technika wynosiło 6.300,00 złotych, na stanowisku starszego technika wynosiło 6.700,00 złotych. Uposażenie zasadnicze najniższe przysługujące pracownikom zatrudnionym w systemie zmianowym wynosiło na stanowisku technika - 6.800,00 złotych, na stanowisku starszego technika - 7.200,00 złotych. Zgodnie z § 4 ust. 1 uposażenie zasadnicze określone wyżej przysługiwało pracownikom zatrudnionym w pełnym wymiarze czasu pracy. W razie zatrudnienia w niższym lub wyższym wymiarze czasu pracy uposażenie zasadnicze pracownika obliczało się proporcjonalnie do tygodniowego wymiaru czasu pracy przewidzianego w umowie o pracę. Stosownie do § 6 ust. 1 pracownikom przysługiwał za wieloletnią pracę dodatek za wysługę lat w wysokości po 5 latach pracy 5%, po 10 latach pracy 10%, po 15 latach pracy 15%, po 20 i więcej latach pracy 20% najniższego uposażenia zasadniczego, przewidzianego na danym stanowisku pracy. Zmiana wysokości dodatku za wysługę lat, wynikająca z osiągnięcia określonej liczby lat pracy, następowała od pierwszego dnia najbliższego miesiąca kalendarzowego. Biegła ustaliła, że staż 5 lat odwołująca się osiągnęła 31 sierpnia 1984 roku. Według § 9 pracownikom przysługiwał dodatek w wysokości 20% godzinowej stawki uposażenia zasadniczego za każda godzinę pracy wykonywanej w porze nocnej. Min. technikowi (laborantowi), przysługiwał ponadto dodatek za prace na każdej nocnej zmianie w wysokości od 200 do 300 zł. Miesięczne wynagrodzenie pracownika nie mogło być niższe od najniższego wynagrodzenia przysługującego pracownikom zatrudnionym w uspołecznionych zakładach pracy, stosownie do przepisów powszechnie obowiązujących. Zgodnie ze zmianami (Dz. U z 1985 roku Nr 15 poz. 61) od dnia 01 kwietnia 1985 roku minimalne wynagrodzenie zasadnicze wynosiło nadal na stanowisku technika - 6.300,00 złotych, na stanowisku starszego technika - 6.700,00 złotych. Uposażenie zasadnicze przysługujące pracownikom zatrudnionym w systemie zmianowym wynosiło: na stanowisku technika - 6.800,00 złotych, na stanowisku starszego technika - 7.200,00 złotych. Zgodnie z § 4 ust. 1 uposażenie zasadnicze określone wyżej przysługiwało pracownikom zatrudnionym w pełnym wymiarze czasu pracy. W razie zatrudnienia w niższym lub wyższym wymiarze czasu pracy uposażenie zasadnicze pracownika obliczało się proporcjonalnie do tygodniowego wymiaru czasu pracy przewidzianego w umowie o pracę. Zgodnie z § 6 pracownikom przysługiwał dodatek za wieloletnia prace w wysokości wynoszącej po 5 latach pracy 5% miesięcznego uposażenia zasadniczego. Dodatek ten wzrastał o 1% za każdy dalszy rok pracy aż do osiągnięcia 20% miesięcznego uposażenia zasadniczego. Zmiana wysokości dodatku za wysługę lat, wynikająca z osiągnięcia określonej liczby lat pracy, następowała od pierwszego dnia najbliższego miesiąca kalendarzowego. Stosownie do § 9 ust. 1 pracownikom przysługiwał dodatek w wysokości 20% godzinowej stawki uposażenia zasadniczego za każda godzinę pracy wykonywanej w porze nocnej. Min, technikowi (laborantowi), przysługiwał ponadto dodatek za pracę na każdej nocnej zmianie w wysokości od 200 do 300 zł, Miesięczne wynagrodzenie pracownika nie mogło być niższe od najniższego wynagrodzenia przysługującego pracownikom zatrudnionym w uspołecznionych zakładach pracy, stosownie do przepisów powszechnie obowiązujących.</xText>
          <xText>Zgodnie z <xLexLink xArt="" xIsapId="WDU19860150084" xTitle="Rozporządzenie Rady Ministrów z dnia 24 marca 1986 r. w sprawie uposażenia pracowników zakładów społecznych służby zdrowia, zakładów pomocy społecznej i zakładów rehabilitacji zawodowej inwalidów" xAddress="Dz. U. z 1986 r. Nr 15, poz. 84">Rozporządzeniem Rady Ministrów z dnia 24 marca 1986 roku w sprawie uposażenia pracowników zakładów społecznych służby zdrowia, zakładów pomocy społecznej i zakładów rehabilitacji zawodowej inwalidów</xLexLink> (Dz.U. Nr. 15 poz.84) wchodzącym w życie z mocą od dnia 1 marca 1986 roku ustalono tabelę grup uposażenia zasadniczego i stawek dodatku funkcyjnego, stanowiącą załącznik nr 1 do rozporządzenia, tabelę stanowisk i zaszeregowania pracowników działalności podstawowej, stanowiącą załącznik nr 2 do rozporządzenia. Według załącznika Nr 2 starszy technik medyczny był zakwalifikowany w grupach 8-13. Najniższe uposażenie zasadnicze wynosiło 9.000,00 złotych. Uposażenie zasadnicze określone w załącznikach nr 2, 4 i 5 do rozporządzenia przysługiwało pracownikom zatrudnionym w pełnym wymiarze czasu pracy. W razie zatrudnienia w niższym lub wyższym wymiarze czasu pracy, uposażenie zasadnicze pracownika obliczało się proporcjonalnie do tygodniowego wymiaru czasu pracy, przewidzianego w umowie o pracę. Stosownie do § 6 pracownikom przysługiwał dodatek za wysługę lat w wysokości wynoszącej po 5 latach pracy 5% miesięcznego uposażenia zasadniczego. Dodatek ten wzrastał o 1% za każdy dalszy rok pracy aż do osiągnięcia 20% miesięcznego uposażenia zasadniczego. Zmiana wysokości dodatku za wysługę lat, wynikająca z osiągnięcia określonej liczby lat pracy, następowała od pierwszego dnia najbliższego miesiąca kalendarzowego. Według § 9 pracownikom przysługiwał dodatek w wysokości 20% godzinowej stawki uposażenia zasadniczego za każdą godzinę pracy wykonywanej w porze nocnej. Min. technikowi (laborantowi) przysługiwał ponadto dodatek za pracę na każdej nocnej zmianie w wysokości - od 200 do 400 zł,. Od 01 stycznia 1987 roku po zmianach nadal najniższe uposażenie zasadnicze wnosiło 9.000,00 złotych. Uposażenie zasadnicze przysługiwało pracownikom zatrudnionym w pełnym wymiarze czasu pracy. W razie zatrudnienia w niższym lub wyższym wymiarze czasu pracy, uposażenie zasadnicze pracownika obliczało się proporcjonalnie do tygodniowego wymiaru czasu pracy, przewidzianego w umowie o pracę. Stosownie do § 6 pracownikom przysługiwał dodatek za wysługę lat w wysokości wynoszącej po 5 latach pracy 5% miesięcznego uposażenia zasadniczego. Dodatek ten wzrastał o 1% za każdy dalszy rok pracy aż do osiągnięcia 20% miesięcznego uposażenia zasadniczego. Zmiana wysokości dodatku za wysługę lat, wynikająca z osiągnięcia określonej liczby lat pracy, następowała od pierwszego dnia najbliższego miesiąca kalendarzowego. Według § 9 pracownikom przysługiwał dodatek w wysokości 20% godzinowej stawki uposażenia zasadniczego za każdą godzinę pracy wykonywanej w porze nocnej. Min. technikowi (laborantowi) przysługiwał ponadto dodatek za pracę na każdej nocnej zmianie w wysokości - od 200 do 400 zł,.</xText>
          <xText>Stosownie do <xLexLink xArt="" xIsapId="WDU19870100061" xTitle="Rozporządzenie Rady Ministrów z dnia 23 marca 1987 r. zmieniające rozporządzenie w sprawie uposażenia pracowników zakładów społecznych służby zdrowia, zakładów pomocy społecznej i zakładów rehabilitacji zawodowej inwalidów" xAddress="Dz. U. z 1987 r. Nr 10, poz. 61">Rozporządzenia Rady Ministrów z dnia 23 marca 1987 r. zmieniającego rozporządzenie w sprawie uposażenia pracowników zakładów społecznych służby zdrowia, zakładów pomocy społecznej i zakładów rehabilitacji zawodowej inwalidów</xLexLink> ( Dz.U. Nr. 10 poz.61) ustalono, że od dnia 01 marca 1987 roku zaczynają obowiązywać stawki wynagrodzenia określone w tabeli II załącznika do rozporządzenia. Najniższe uposażenie zasadnicze w grupie 8 określone tabelą Nr 2 wynosiło 10.400 złotych. Według § 23 rozporządzenia z oszczędności funduszu wynagrodzeń w zakładzie mógł być utworzony fundusz nagród w wysokości do 2% planowanego funduszu wynagrodzeń z przeznaczeniem na nagrody dla pracowników za szczególne osiągnięcia w pracy zawodowej. Stosownie do Zarządzenia Ministra Zdrowia i Opieki Społecznej z dnia 11 grudnia 1987 roku w sprawie zasad przyznawania nagród pracownikom zakładów społecznych służby zdrowia, zakładów pomocy społecznej i zakładów rehabilitacji zawodowej inwalidów (Dz.Urz.MZ. Nr. 12 poz.83) nagroda indywidualna nie mogła być niższa od kwoty 4.000 zł i wyższa od kwoty 20.000 złotych. Nagrody wypłacane z oszczędności funduszu płac nie zostały wyłączone z podstawy wymiaru składek na ubezpieczenie społeczne. Z podstawy wymiaru wyłączone natomiast były wypłaty tzw. „13-tek”. Zgodnie z § 14 dla pracowników działalności podstawowej ustalono fundusz premiowy w wysokości 20% funduszu uposażeń zasadniczych tych pracowników, przeznaczony na premie za wykonanie zadań określonych dla grup pracowników bądź zleconych indywidualnie przez kierownika zakładu pracy. Wysokość indywidualnej premii nie mogła przekroczyć 35% uposażenia zasadniczego pracownika.</xText>
          <xText>Mając na uwadze powyższe ustalenia biegła w załączniku Nr 1 do opinii wskazała wynagrodzenia odwołującej dotyczące roku 1988 wynikające z kart wynagrodzeń, a w załączniku Nr 2 do opinii ustaliła minimalne wynagrodzenie odwołującej przysługujące zgodnie z powołanymi w opinii przepisami za lata 1979-1987. Z uwagi na brak informacji ile godzin odwołująca się pracowała w porze nocnej biegła przyjęła : wariant I - że odwołująca się 1/3 czasu pracowała w porze nocnej, przyjęto, że od stycznia 1988 roku obejmowało to 7 nocnych zmian, wariant II - z uwagi na brak informacji szczegółowych o ilości przepracowanego czasu w porze nocnej nie uwzględniano dodatku za pracę w porze nocnej uzależnionego od ilości godzin (zmian).</xText>
          <xText>Mając na uwadze treść zlecenia Sądu biegła opinię w każdym wariancie sporządziła w następujących wersjach: wersja I - przyjęto, że odwołująca się była zatrudniona w wymiarze 1,5 etatu, za wyjątkiem okresów zwiększenia wymiaru wynikającego z pism załączonych do akt osobowych - w okresach tych przyjęto wymiar wynikający z angaży, wersja II - przyjęto, że odwołująca się była zatrudniona w wymiarze pełnego etatu, za wyjątkiem okresów zwiększenia wymiaru wynikającego z pism załączonych do akt osobowych - w okresach tych przyjęto wymiar wynikający z angaży.</xText>
          <xText>Biegła wskazała, że odwołującej od dnia 01 września 1979 roku został przyznany dodatek zmianowy w kwocie 500,00 złotych. Mając powyższe na uwadze oraz fakt, ze w/w wysokość dodatku obowiązywała zgodnie z przepisami do końca 1983 roku biegła przyjęła, że odwołująca otrzymywała dodatek w powyższej kwocie. Do akt ZUS zostało załączone za okres zatrudnienia w latach 1989-1992 zaświadczenie o zatrudnieniu i wynagrodzeniach sporządzone na podstawie kart wynagrodzeń, zgodnie z którym kwota łączna uposażenia wynosiła: w 1989 roku - 3.623.176,00 złotych, w 1990 roku-22.671.540,00 złotych, w 1991 roku - 12.697.280,00 złotych. Biegła podniosła, że przy ustalaniu wskaźnika wysokości i podstawy wymiaru kapitału początkowego (k. 43 akt kap. pocz. ZUS) zostały uwzględnione wynagrodzenia w powyższych wysokościach. Wobec powyższego ustalenia wynagrodzeń w opinii nie obejmują tych lat. Do ustalenia wskaźnika wysokości podstawy wymiaru za lata 1989-1991 biegła przyjęła wynagrodzenia uznane przez ZUS (wyższe od minimalnych).</xText>
          <xText>Biegłą podniosła, że mając na uwadze zmiany obowiązujące w dniu złożenia wniosku o przeliczenie kapitału (Dz.U z 2011 roku Nr 87 poz. 1112 - od 23 września 2011 roku) podstawę wymiaru kapitału początkowego biegła ustaliła na zasadach określonych w art. 15, 16, 17 ust. 1 i 3 oraz art. 18, z tym że okres kolejnych 10 lat kalendarzowych ustaliła z okresu przed dniem 1 stycznia 1999 roku. Z uwagi na to, że w okresie zatrudnienia występuje rok kalendarzowy, w którym ubezpieczony po raz pierwszy przystąpił do ubezpieczenia społecznego na podstawie przepisów prawa polskiego i dlatego pozostawał w ubezpieczeniu jedynie przez część miesięcy tego roku, do obliczenia stosunku sumy kwot podstaw wymiaru składek i kwot, o których mowa w art. 15 ust. 3, w okresie tego roku do przeciętnego wynagrodzenia, przyjęto sumę kwot przeciętnego miesięcznego wynagrodzenia ogłoszonego za ten rok kalendarzowy odpowiednią do liczby miesięcy pozostawania w ubezpieczeniu.</xText>
          <xText>Z wyliczeń przeprowadzonych w dziale II opinii biegłej wynika, iż wskaźnik wysokości podstawy wymiaru kapitału początkowego odwołującej się na dzień 01 stycznia 1999 roku z uwzględnieniem wynagrodzeń otrzymywanych w latach 1979-1988 ustalonych według założeń przedstawionych w opinii oraz za lata 1989-1991 zgodnie z zaświadczeniem RP 7 wynosi<xBx>: </xBx></xText>
          <xText>według założeń wariantu I wersja I opinii (przyjęto, że odwołująca się 1/3 czasu pracowała w porze nocnej, przyjęto, że odwołująca się była zatrudniona w wymiarze 1,5 etatu, za wyjątkiem okresów zwiększenia wymiaru wynikającego z pism załączonych do akt osobowych - w okresach tych przyjęto wymiar wynikający z angaży) 91,12 %,</xText>
          <xText>według założeń wariantu II wersja I opinii (z uwagi na brak informacji szczegółowych o ilości przepracowanego czasu w porze nocnej nie uwzględniano dodatku za pracę w porze nocnej, przyjęto, że odwołująca się była zatrudniona w wymiarze 1,5 etatu, za wyjątkiem okresów zwiększenia wymiaru wynikającego z pism załączonych do akt osobowych - w okresach tych przyjęto wymiar wynikający z angaży)87,83 %,</xText>
          <xText>według założeń wariantu I wersja II opinii (przyjęto, że odwołująca się 1/3 czasu pracowała w porze nocnej, przyjęto, że odwołująca się była zatrudniona w wymiarze pełnego etatu, za wyjątkiem okresów zwiększenia wymiaru wynikającego z pism załączonych do akt osobowych- w okresach tych przyjęto wymiar wynikający z angaży) 87,83 %,</xText>
          <xText>według założeń wariantu II wersja II opinii (z uwagi na brak informacji szczegółowych o ilości przepracowanego czasu w porze nocnej nie uwzględniano dodatku za pracę w porze nocnej, przyjęto, że odwołująca się była zatrudniona w wymiarze pełnego etatu, za wyjątkiem okresów zwiększenia wymiaru wynikającego z pism załączonych do akt osobowych- w okresach tych przyjęto wymiar wynikający z angaży) 87,83 %.</xText>
          <xText>Z uwagi na powyższe podstawę wymiaru kapitału początkowego biegła wyliczyła na: według założeń wariantu I wersja I opinii - 1.112,47 złotych, według założeń wariantu II wersja I opinii - 1.072,31 złotych, według założeń wariantu I wersja II opinii - 1.072,31 złotych, według założeń wariantu II wersja II opinii 1.072,31 złotych.</xText>
          <xText>Z uwagi na podniesiony przez pełnomocnika odwołującej zarzut, że w wyliczeniach biegłej nie zostały uwzględnione za cały sporny okres tzw. „trzynastki” Sąd zobowiązał biegłą do odniesienia się w opinii uzupełniającej do tej kwestii.</xText>
          <xText>W opinii uzupełniającej biegła przywołując stosowne unormowania prawne wyjaśniła, że w latach 1979 – 1983 nagrody roczne wypłacane z zakładowego funduszu nagród ( tzw. trzynastki) nie stanowiły podstawy wymiaru składek na ubezpieczenie społeczne, albowiem nie były zaliczane do wynagrodzeń osobowych. Mając na uwadze powyższe, wypłat nagród rocznych tzw. „trzynastek”, biegła nie uwzględniła do ustalenia wskaźnika wysokości i podstawy wymiaru kapitału początkowego.</xText>
          <xText>Żadna ze stron nie wniosła merytorycznych zastrzeżeń do opinii biegłej, z tym, że każda wniosła o przyjęcie innego z wariantu tej opinii. Organ rentowy wniósł o uwzględnienie wariantu II wersja II, podnosząc, że brak jest informacji szczegółowych o ilości przepracowanego czasu z porze nocnej uzależnionego od ilości godzin (zmian) oraz przy przyjęciu, że odwołująca była zatrudniona w wymiarze pełnego etatu, za wyjątkiem okresów zwiększenia wymiaru czasu pracy wynikającego z pism załączonych do akt osobowych, za które przyjęto wymiar wynikający z angaży. Pełnomocnik odwołującej wniósł z kolei o przyjęcie wariantu I wersji I opinii, wywodząc, że zasadnym jest przyjęcie, że odwołująca 1/3 czasu pracowała w porze nocnej i że była zatrudniona w wymiarze 1,5 etatu.</xText>
          <xText>Wyliczenia dokonane przez biegłą w zakresie określenia wysokości wynagrodzeń odwołującej w spornym okresie oraz wyliczeń w zakresie podstawy wymiaru kapitału początkowego nie budziły żadnych wątpliwości Sądu, co do ich rzetelności, fachowości i merytorycznej poprawności. Biegła w rzeczowy, obszerny i bardzo dokładny sposób dokonała w szczególności wyliczeń kwot wynagrodzeń obowiązujących na stanowisku zajmowanym przez odwołującą Podkreślić należy, że biegła w swej opinii uwzględniła obligatoryjne wynagrodzenia obowiązujące na stanowisku zajmowanym przez odwołującą, czemu dała wyraz z pisemnej opinii. W ocenie Sądu, w sytuacji kiedy z przyczyn zupełnie niezależnych od odwołującej, nie zachowała się pełna dokumentacja płacowa, która uległa zniszczeniu na skutek pożaru, krzywdzące było przyjęcie za blisko 20 letni okres zatrudnienia odwołującej wynagrodzenia minimalnego, skoro obowiązujące wówczas przepisy branżowe, do których biegła w sposób niezwykle szczegółowy odniosła się w wydanej opinii, a które szczegółowo określały wysokość minimalnego uposażenia pracowników służby zdrowia. Do rozważenia pozostało jedynie, który z dwóch możliwych wariantów i którą wersję opinii określoną przez biegłą przyjąć. Sąd w tym zakresie uznał za zasadne oparcie się na wariancie II wersji II opinii biegłej tj. nie uwzględnienie dodatku za pracę w porze nocnej oraz przyjęcie, że odwołująca była zatrudniona w wymiarze pełnego etatu, za wyjątkiem okresów zwiększenia wymiaru wynikającego z pism załączonych do akt osobowych - w okresach tych przyjęcie wymiaru wynikającego z angaży. W przekonaniu Sądu, jak omówiono wyżej w uzasadnieniu, pomimo, iż były okresy, potwierdzone również stosowną dokumentacją, kiedy <xAnon>W. D.</xAnon> świadczyła pracę ponad pełen etat, brak było podstaw do przyjęcia, iż że przez cały okres sporny okres czasu odwołująca pracowała w wymiarze półtora etatu. W przekonaniu Sądu, z uwagi na brak szczegółowych informacji o ilości czasu przepracowanego w porze nocnej, brak było również podstaw do uwzględnienia do wysokości wynagrodzenia dodatku za pracę w porze nocnej, którego wypłata uzależniona była od ilości godzin faktycznie przepracowanych w porze nocnej. Jak wynikało z zeznań samej odwołującej, odnośnie pracy w nocy podała ona, że grafik ustalała oddziałowa, która określała kto kiedy przychodzi. W razie potrzeby grafik zmieniał się, np. gdy ktoś zachorował. Odwołująca przyznała, że dodatek za pracę w nocy uzależniony był od konkretnie przepracowanych nocy i dni świątecznych, tzn. pracownik, który chorował i nie pracował w nocy nie otrzymywał tego dodatku. Zważywszy na powyższe niemożliwym okazało się aktualnie dokonanie ustaleń, ile faktycznie godzin w danym miesiącu odwołująca faktycznie przepracowała w porze nocnej, stąd brak podstaw do uwzględniania dodatku z tytułu pracy nocnej przy określaniu wynagrodzenia odwołującej w wariancie I wersji I opinii, gdzie biegła założyła, że odwołująca 1/ 3 czasu pracowała w porze nocnej. Z powyższych względów Sąd uznał za zasadne oparcie się na wersji II wariancie II opinii. Podkreślić w tym miejscu na marginesie należy, że nawet przyjęcie przez Sąd, iż przeprowadzone postępowanie dowodowe wykazało, że odwołująca pracowała w wymiarze 1/5 etatu, nie wpłynęłoby to zmianę orzeczenia, gdyż zarówno wskaźnik wysokości podstawy wymiaru kapitału początkowego, jak i sama podstawa wymiaru w wariancie II wersji I, wariancie I wersji II i wariancie II wersji II były określone przez biegłą w tej samej wysokości.</xText>
          <xText>Kierując się powyższymi ustaleniami, Sąd Okręgowy, działając na podstawie <xLexLink xArt="art. 477(14);art. 477(14) § 2" xIsapId="WDU19640430296" xTitle="Ustawa z dnia 17 listopada 1964 r. - Kodeks postępowania cywilnego" xAddress="Dz. U. z 1964 r. Nr 43, poz. 296">art.477<xSUPx>14</xSUPx> § 2 k.p.c<xBx>.</xBx></xLexLink><xBx/>zmienił zaskarżoną decyzję w ten sposób, że wskaźnik wysokości podstawy wymiaru kapitału początkowego <xAnon>W. D.</xAnon> określił na datę dzień 01.01.1999r. na 87,83 %, a podstawę wymiaru kapitału początkowego na kwotę 1.072,31 zł.</xText>
          <xText>W pozostałym zakresie Sąd odwołanie oddalił. Dalej idące roszczenia w zakresie wysokości kapitału początkowego odwołującej na podstawie <xLexLink xArt="art. 477(14);art. 477(14) § 1" xIsapId="WDU19640430296" xTitle="Ustawa z dnia 17 listopada 1964 r. - Kodeks postępowania cywilnego" xAddress="Dz. U. z 1964 r. Nr 43, poz. 296">art.477<xSUPx>14</xSUPx> § 1 k.p.c<xBx>.</xBx></xLexLink><xBx/>Sąd oddalił. Jak wskazano wyżej brak było bowiem podstaw do przyjęcia korzystniejszego dla odwołującej wariantu I wersji I opinii biegłej.</xText>
        </xUnit>
      </xBlock>
    </xPart>
  </judgement>
<judgement id="151020000002003_IV_Ca_000197_2013_Uz_2013-06-03_001">
    <xPart xEditorFullName="Agnieszka Sobocińska" xYear="2013" xLang="PL" xPublisherFullName="Iwona Janeczek" xFromPg="1" xEditor="asobocinska_so_slupsk" xVolType="15/102000/0002003/Ca" xPublisher="ijaneczek_so_slupsk" xDocType="Uz" xVolNmbr="000197" xVersion="1.0" xToPage="4" xFlag="published">
      <xName>Wyrok+Uzasadnienie</xName>
      <xBlock>
        <xText>
          <xBx>Sygn. akt IV Ca 197/13</xBx>
        </xText>
        
        <xUnit xIsTitle="true" xBold="true" xType="part">
          <xName>WYROK</xName>
          <xTitle>W IMIENIU RZECZYPOSPOLITEJ POLSKIEJ</xTitle>
          <xText xALIGNx="right">Dnia 10 maja 2013 roku</xText>
          <xText>
            <xBx>Sąd Okręgowy w Słupsku IV Wydział Cywilny Odwoławczy</xBx>
          </xText>
          <xText>w składzie następującym:</xText>
          <xText xALIGNx="center">Przewodniczący: SSO<xBx> Andrzej Jastrzębski</xBx></xText>
          <xText xALIGNx="center">Sędziowie: SSO <xBx>Jolanta Deniziuk, </xBx>del. SSR<xBx> Beata Kopania </xBx></xText>
          <xText>Protokolant: sekr. sąd. Agnieszka Sobocińska</xText>
          <xText>po rozpoznaniu w dniu 26 kwietnia 2013 roku w Słupsku na rozprawie sprawy z powództwa <xAnon>K. P.</xAnon></xText>
          <xText>przeciwko <xAnon> Towarzystwu (...) S.A.</xAnon> w <xAnon>W.</xAnon> (dawniej <xAnon> (...) S.A.</xAnon>) o zapłatę</xText>
          <xText>na skutek apelacji obu stron od wyroku Sądu Rejonowego w Lęborku z dnia 11 stycznia 2013 r. sygn. akt I C 94/12</xText>
          <xUnit xIsTitle="false" xType="none">
            <xName xSffx=".">1</xName>
            <xText>zmienia zaskarżony wyrok:</xText>
          </xUnit>
          <xText>a/ w pkt 1 i zasadzoną kwotę 4 300 zł podwyższa do kwoty 12 500 zł (słownie: dwanaście tysięcy pięćset),</xText>
          <xText>b/ w pkt 3 i ustala, że pozwany w 13,5 % ponosi koszty procesu i pozostawiania szczegółowe wyliczenie kosztów procesu referendarzowi sądowemu,</xText>
          <xUnit xIsTitle="false" xType="none">
            <xName xSffx=".">2</xName>
            <xText>oddala apelację powoda w pozostałej części i apelację pozwanego w całości,</xText>
          </xUnit>
          <xUnit xIsTitle="false" xType="none">
            <xName xSffx=".">3</xName>
            <xText>ustala, że pozwany w 94% ponosi koszty postępowania apelacyjnego i pozostawiania szczegółowe wyliczenie tych kosztów referendarzowi sądowemu.</xText>
          </xUnit>
          
          <xText>Sygn. akt. IV Ca 197/13</xText>
        </xUnit>
        <xUnit xIsTitle="true" xBold="true" xType="part">
          <xName>UZASADNIENIE</xName>
          <xText>Powód <xAnon>K. P.</xAnon> wniósł pozew przeciwko pozwanemu <xAnon> Towarzystwu (...) SA</xAnon> z siedzibą w <xAnon>W.</xAnon> (dawniej <xAnon> (...) SA</xAnon> w <xAnon>W.</xAnon>) o zapłatę kwoty 31.800 zł wraz z odsetkami ustawowymi od dnia 30.12.2011r. do dnia zapłaty tytułem zadośćuczynienia za doznaną krzywdę w związku z wypadkiem komunikacyjnym z dnia 2.06.2007r. Ponadto powód domagał się ustalenia odpowiedzialności pozwanego za skutki wypadku mogące wystąpić w przyszłości oraz zasądzenia na jego rzecz od pozwanego kosztów procesu według norm przepisanych.</xText>
          <xText>Pozwany <xAnon> Towarzystwo (...) SA</xAnon> z siedzibą w <xAnon>W.</xAnon> (dawniej <xAnon> (...) SA</xAnon> w <xAnon>W.</xAnon>) wniósł o oddalenie powództwa w całości, wskazując na brak podstaw do wypłaty zadośćuczynienia ponad kwotę wypłaconą już w postępowaniu likwidacyjnym.</xText>
          <xText>Rozpoznający sprawę w I instancji Sąd Rejonowy ustalił, że wyrokiem Sądu Rejonowego w Lęborku z dnia 7.11.2007r., sygn. akt. VI K 519/07 <xAnon>D. D.</xAnon> został uznany za winnego tego, że w dniu 2.06.2007r. w miejscowości <xAnon>Ż.</xAnon> umyślnie naruszył zasady bezpieczeństwa w ruchu lądowym w ten sposób, że będą kierującym samochodem <xAnon>V.</xAnon><xAnon>nr rej. (...)</xAnon>, znajdując się w stanie nietrzeźwości, posiadając we krwi 1,21 promila alkoholu, nie zachował należytej ostrożności polegającej na niedostosowaniu prędkości jazdy do warunków panujących na drodze, w wyniku czego stracił panowanie nad pojazdem i uderzył w przydrożne drzewo, powodując nieumyślnie u pasażera <xAnon>K. P.</xAnon> obrażenia w postaci urazu wielonarządowego w tym złamania obu kości udowych. Kierujący samochodem <xAnon>D. D.</xAnon> był ubezpieczony od odpowiedzialności cywilnej posiadaczy pojazdów mechanicznych (oc) w <xAnon> (...) SA</xAnon> z siedzibą w <xAnon>W.</xAnon>.</xText>
          <xText>Jak ustalił Sąd I instancji, w wyniku wypadku komunikacyjnego z dnia 2.06.2007r. <xAnon>K. P.</xAnon>doznał 18% uszczerbku na zdrowiu, w tym złamania wieloodłamowego trzonów kości udowych prawej i lewej z przemieszczeniem, złamania przynasady bliższej kości piszczelowej prawej z przemieszczeniem, złamania trzonu kości promieniowej lewej z przemieszczeniem, otarcia skóry stawów kolanowych prawego i lewego. Dolegliwości związane z obrażeniami miały ostry charakter, uporczywy przez okres 10 dni od urazu. Po tym czasie możliwa była pełna farmakologiczna kontrola nad dolegliwościami. Po wyjściu ze szpitala <xAnon>K. P.</xAnon>wymagał pomocy osób trzecich w okresie 3 miesięcy od wypadku. W okresie kolejnych 3 miesięcy odczuwał w stopniu znacznym skutki wypadku. Obecny stan jego zdrowia nie wymaga dalszego leczenia związanego z poprawą stanu ogólnego. Istnieje możliwość usunięcia materiału zespalającego. Każdy zabieg będzie wymagał ok. 6 tygodni leczenia. Na chwilę obecną biegły nie stwierdził ograniczeń w zdolności powoda do pracy.</xText>
          <xText>Sąd I instancji ustalił ponadto, że w wyniku przeprowadzonego postępowania likwidacyjnego <xAnon> (...) SA</xAnon> z siedzibą w <xAnon>W.</xAnon> wypłaciło <xAnon>K. P.</xAnon> zadośćuczynienie w kwocie 3200 zł przy uwzględnieniu 60% przyczynienia się poszkodowanego do wypadku.</xText>
          <xText>Mając na uwadze tak ustalony stan faktyczny Sąd Rejonowy w Lęborku wyrokiem z dnia 29 stycznia 2013r. zasądził od pozwanego na rzecz powoda kwotę 4300 zł wraz z należnymi odsetkami ustawowymi w wysokości 13% od dnia 30.12.2011r. do dnia zapłaty, oddalając powództwo w pozostałym zakresie. Nadto zasądził od pozwanego na rzecz powoda kwotę 3034 zł tytułem zwrotu kosztów procesu.</xText>
          <xText>Wydanie powyższego rozstrzygnięcia Sąd Rejonowy poprzedził rozważaniami prawnymi, w których oparł się na przepisach <xLexLink xArt="art. 415" xIsapId="WDU19640160093" xTitle="Ustawa z dnia 23 kwietnia 1964 r. - Kodeks cywilny" xAddress="Dz. U. z 1964 r. Nr 16, poz. 93">art. 415 kc</xLexLink>, <xLexLink xArt="art. 34;art. 35" xIsapId="WDU20031241152" xTitle="Ustawa z dnia 22 maja 2003 r. o ubezpieczeniach obowiązkowych, Ubezpieczeniowym Funduszu Gwarancyjnym i Polskim Biurze Ubezpieczycieli Komunikacyjnych" xAddress="Dz. U. z 2003 r. Nr 124, poz. 1152">art. 34 i 35 ustawy z dnia 22.05.2003r. o ubezpieczeniach obowiązkowych, Ubezpieczeniowym Funduszu Gwarancyjnym i Polskim biurze Ubezpieczycieli Komunikacyjnych</xLexLink> (Dz. U. Nr a24, <xLexLink xArt="art. 445 § 1 poz. 1152" xIsapId="WDU19640160093" xTitle="Ustawa z dnia 23 kwietnia 1964 r. - Kodeks cywilny" xAddress="Dz. U. z 1964 r. Nr 16, poz. 93">poz. 1152</xLexLink> ze zm.), <xLexLink xArt="art. 445;art. 445 § 1" xIsapId="WDU19640160093" xTitle="Ustawa z dnia 23 kwietnia 1964 r. - Kodeks cywilny" xAddress="Dz. U. z 1964 r. Nr 16, poz. 93">art. 445 § 1 kc</xLexLink>, <xLexLink xArt="art. 189" xIsapId="WDU19640430296" xTitle="Ustawa z dnia 17 listopada 1964 r. - Kodeks postępowania cywilnego" xAddress="Dz. U. z 1964 r. Nr 43, poz. 296">art. 189 kpc</xLexLink> i <xLexLink xArt="art. 442(1);art. 442(1) § 3" xIsapId="WDU19640160093" xTitle="Ustawa z dnia 23 kwietnia 1964 r. - Kodeks cywilny" xAddress="Dz. U. z 1964 r. Nr 16, poz. 93">art. 442<xSUPx>1</xSUPx> § 3 kc.</xLexLink> Sąd Rejonowy mając na uwadze skutki wypadku utrzymujące się na czas powyżej 7 dni, łączny stopień długotrwałego uszczerbku na zdrowiu wynoszący 18%, stopień bólu i uciążliwości związanych z leczeniem powypadkowym, fakt iż na chwilę obecną stan zdrowia powoda nie wymaga dalszego leczenia związanego z poprawą stanu ogólnego oraz, że istnieje możliwość usunięcia materiału zespalającego i biegły nie stwierdził ograniczeń w zdolności powoda do pracy, powodowi należy się dodatkowe zadośćuczynienie w kwocie 4.300 zł, jako kompensata za doznaną krzywdę. W opinii Sądu kwota ta oraz przyznane w postępowaniu likwidacyjnym zadośćuczynienie w kwocie 3.200 zł, łącznie 7.500 zł jest adekwatna do stopnia uszczerbku, bólu i skutków wypadku. Przyznając powodowi dodatkowe zadośćuczynienie Sąd I instancji uwzględnił stopień przyczynienia się pasażera <xAnon>K. P.</xAnon> do skutków wypadku, przy czym stopień ten Sąd ustalił na poziomie 50% przez to, że świadomie i dobrowolnie zdecydował się na jazdę samochodem z kierującym będącym w stanie po spożyciu alkoholu. Sąd I instancji nie podzielił natomiast stanowiska pozwanego, że stopień przyczynienia powoda wynosi 60% z uwagi m.in. na fakt, że w chwili wypadku nie miał on zapiętych pasów bezpieczeństwa. Twierdzenie pozwanego w tym zakresie nie zostało bowiem udowodnione.</xText>
          <xText>Dalej Sąd I instancji stwierdził, że powód nie ma interesu prawnego w żądaniu ustalenia odpowiedzialności pozwanego za skutki wypadku na przyszłość. Na chwilę obecną leczenie po wypadku zostało przez powoda zakończone. Obecny stan jego zdrowia nie wymaga dalszego leczenia związanego z poprawą stanu ogólnego. Biegły nie stwierdził też ograniczeń w zdolności powoda do pracy. Gdyby w przyszłości ujawniła się dalsza szkoda związana z wypadkiem, to powód ma możliwość dochodzenia swoich roszczeń z tego tytułu w terminie 3 lat od dnia dowiedzenia się o szkodzie.</xText>
          <xText>W pozostałym zakresie Sąd Rejonowy oddalił roszczenia powoda, zaś o kosztach procesu orzekł na mocy <xLexLink xArt="art. 100" xIsapId="WDU19640430296" xTitle="Ustawa z dnia 17 listopada 1964 r. - Kodeks postępowania cywilnego" xAddress="Dz. U. z 1964 r. Nr 43, poz. 296">art. 100 kpc</xLexLink> w zw. z <xLexLink xArt="art. 108;art. 108 § 1" xIsapId="WDU19640430296" xTitle="Ustawa z dnia 17 listopada 1964 r. - Kodeks postępowania cywilnego" xAddress="Dz. U. z 1964 r. Nr 43, poz. 296">art. 108 § 1 kpc</xLexLink>. Sąd nałożył obowiązek zwrotu kosztów na rzecz powoda od pozwanego, z uwagi na to, że określenie należnej powodowi sumy zależało od oceny sądu.</xText>
          <xText>Z rozstrzygnięciem powyższym nie zgodziły się obie strony postępowania.</xText>
          <xText>W apelacji wywiedzionej przez powoda zaskarżył on wyrok Sądu Rejonowego w części oddalającej powództwo w zakresie zadośćuczynienia ponad kwotę 4.300 zł do kwoty 13.000 zł, tj. pkt 2 zaskarżonego wyroku. Ten apelujący podniósł zarzut naruszenia prawa materialnego, tj. <xLexLink xArt="art. 445;art. 445 § 1" xIsapId="WDU19640160093" xTitle="Ustawa z dnia 23 kwietnia 1964 r. - Kodeks cywilny" xAddress="Dz. U. z 1964 r. Nr 16, poz. 93">art. 445 § 1 kc</xLexLink> przez przyjęcie, że łączna kwota 15.000 zł w pełni rekompensuje powodowi doznaną krzywdę i jest odpowiednią sumą tytułem zadośćuczynienia. W efekcie apelujący powód domagał się zmiany wyroku przez uwzględnienie powództwa w zaskarżonej części oraz zasądzenia od pozwanego na rzecz powoda kosztów procesu za obie instancje.</xText>
          <xText>W apelacji wywiedzionej przez pozwanego zaskarżył on wyrok Sądu Rejonowego w części uwzględniającej powództwo w zakresie zasądzenia od pozwanego na rzecz powoda odsetek ustawowych od kwoty 4.300 zł od dnia 30.12.2011r. do dnia 29.01.2013r. oraz w zakresie rozstrzygnięcia o kosztach procesu. Zaskarżonemu rozstrzygnięciu pozwany zarzucił: naruszenie przepisów prawa materialnego, tj. <xLexLink xArt="art. 481" xIsapId="WDU19640160093" xTitle="Ustawa z dnia 23 kwietnia 1964 r. - Kodeks cywilny" xAddress="Dz. U. z 1964 r. Nr 16, poz. 93">art. 481 kc</xLexLink> przez uznanie, że pozwany pozostawał w opóźnieniu z wypłatą świadczenia powodowi, naruszenie prawa procesowego, tj. <xLexLink xArt="art. 100" xIsapId="WDU19640430296" xTitle="Ustawa z dnia 17 listopada 1964 r. - Kodeks postępowania cywilnego" xAddress="Dz. U. z 1964 r. Nr 43, poz. 296">art. 100 kpc</xLexLink> przez błędne rozstrzygnięcie o kosztach procesu, jak i sprzeczność wyroku z treścią uzasadnienia poprzez zasądzenie kwoty 4.300 z odsetkami od dnia 30.12.2011r., podczas gdy Sąd I instancji sam uznał, że określenie należnej powodowi sumy zależało od jego oceny. W konsekwencji ten apelujący domagał się zmiany wyroku w części, tj. co do odsetek ustawowych od kwoty 4300 zł od dnia 30.12.2011r. do dnia 29.01.2013r. i zasądzenia od powoda na rzecz pozwanego kosztów postępowania, ewentualnie uchylenia wyroku w zaskarżonej części i przekazania sprawy do ponownego rozpoznania Sądowi Rejonowemu.</xText>
          <xText>W odpowiedzi na apelację pozwanej powód wniósł o jej oddalenie w całości i zasądzenie od pozwanego na rzecz powoda kosztów postępowania apelacyjnego. W ocenie powoda zarzuty podniesione w apelacji są bezzasadne.</xText>
          <xText>W odpowiedzi na apelację powoda pozwany wniósł o oddalenie tej apelacji w całości i zasądzenie od powoda na rzecz pozwanego kosztów postępowania za instancję odwoławczą. Zdaniem pozwanego apelacja jest wyłącznie wynikiem niezadowolenia powoda z zaskarżonego rozstrzygnięcia, nie ma jednak podstaw faktycznych i prawnych.</xText>
          
          <xText xALIGNx="center">
            <xBx>Sąd Okręgowy zważył, co następuje:</xBx>
          </xText>
          
          <xText>Apelacja powoda zasługiwała w części na uwzględnienie, zaś apelacja pozwanego okazała się w całości bezzasadna.</xText>
          <xText>W pierwszej kolejności wskazać należy, że, bacząc na treść <xLexLink xArt="art. 382" xIsapId="WDU19640430296" xTitle="Ustawa z dnia 17 listopada 1964 r. - Kodeks postępowania cywilnego" xAddress="Dz. U. z 1964 r. Nr 43, poz. 296">art. 382 kpc</xLexLink>, sąd apelacyjny ma nie tylko uprawnienie, ale wręcz obowiązek rozważenia na nowo całego zebranego w sprawie materiału oraz dokonania jego własnej, samodzielnej i swobodnej oceny, w tym oceny zgromadzonych dowodów (vide: postanowienie Sądu Najwyższego z dnia 17.04.1998r., II CKN 704/97, OSNC 1998 nr 12, poz. 214). Sąd II instancji nie ogranicza się zatem tylko do kontroli sądu I instancji, lecz bada ponownie całą sprawę, a rozważając wyniki postępowania przed sądem I instancji, władny jest ocenić je samoistnie. Postępowanie apelacyjne jest przedłużeniem procesu przeprowadzonego przez pierwszą instancję, co oznacza, że nie toczy się on na nowo.</xText>
          <xText>Zebrany w sprawie materiał dowodowy pozwolił Sądowi rozpoznającemu apelację na konstatację, że dokonane przez Sąd Rejonowy rozstrzygnięcie, jak i wnioski wywiedzione z przeprowadzonego postępowania dowodowego skutkujące wydaniem zaskarżonego wyroku wymagały częściowej zmiany w zakresie, w jakim podnosił to powód, natomiast nie skutkowały koniecznością wydania orzeczenia reformatoryjnego w takim, zakresie, w jakim żądał tego pozwany.</xText>
          <xText>Sąd II instancji w pierwszej kolejności odniesie się do apelacyjnej argumentacji powoda. Sąd Okręgowy, dostrzegając, że powód kwestionuje wyłącznie wysokość zasądzonego na swoją rzecz zadośćuczynienia, podziela racje tego apelującego o tym, że ustalona w toku postępowania przed I instancją wysokość tego zadośćuczynienia nie została we właściwy, dostateczny sposób określona.</xText>
          <xText>Zważyć należy, że zadośćuczynienie jest formą rekompensaty pieniężnej z tytułu szkody niemajątkowej. Podstawą jego żądania jest krzywda niemajątkowa w postaci ujemnych przeżyć związanych z cierpieniami psychicznymi i fizycznymi, wynikająca z naruszenia wskazanych w komentowanym przepisie dóbr osobistych. Wprawdzie szkody niemajątkowej nie sposób wyrównać za pomocą świadczeń pieniężnych, lecz świadczenia te mogą łagodzić ujemne przeżycia pokrzywdzonego poprzez dostarczenie mu środków pozwalających w szerszym stopniu zaspokoić jego potrzeby i pragnienia (por. M. Safjan (w:) Kodeks..., s. 1432; Z. Radwański, A. Olejniczak, Zobowiązania..., s. 260; M. Nesterowicz (w:) Kodeks..., s. 430). Jak wynika z treści <xLexLink xArt="art. 445;art. 445 § 1" xIsapId="WDU19640160093" xTitle="Ustawa z dnia 23 kwietnia 1964 r. - Kodeks cywilny" xAddress="Dz. U. z 1964 r. Nr 16, poz. 93">art. 445 § 1 kc</xLexLink> zadośćuczynienie ograniczone jest do wypadków wyraźnie w ustawie przewidzianych, nadto ma ono charakter uznaniowy. Jego przyznanie zależy od uznania i oceny sądu konkretnych okoliczności sprawy (por.: wyrok Sądu Najwyższego z dnia 27.08.1969r., I PR 224/69, OSNCP 1970, nr 6, poz. 111; A. Cisek (w:) Kodeks..., s. 794). Podstawę żądania zadośćuczynienia stanowi przede wszystkim konsekwencja uszkodzenia ciała i rozstroju zdrowia w postaci krzywdy, czyli cierpienia fizycznego i psychicznego. Do cierpień fizycznych zalicza się przede wszystkim ból i podobne do niego dolegliwości. Cierpieniem psychicznym będą ujemne uczucia przeżywane w związku z cierpieniami fizycznymi lub następstwami uszkodzenia ciała albo rozstroju zdrowia w postaci np. zeszpecenia, konieczności zmiany sposobu życia czy nawet wyłączenia z normalnego życia (por. wyrok SN z dnia 3 lutego 2000 r., I CKN 969/98, LEX nr 50824). Istotnym jest też to, że na pojęcie krzywdy składają się nie tylko trwałe, lecz także przemijające zaburzenia w funkcjonowaniu organizmu, polegające na znoszeniu cierpień psychicznych (wyrok SN z dnia 20 marca 2002 r., V CKN 909/00, LEX nr 56027).</xText>
          <xText>Zważyć dalej należy, że wprawdzie przepisy kodeksu nie wskazują jakichkolwiek kryteriów, jakie należałoby uwzględniać przy ustalaniu wysokości zadośćuczynienia pieniężnego, to jednak przy jego określaniu trzeba kierować się realiami konkretnie rozpatrywanej sprawy, nadto posiłkować się bogatym w tym zakresie dorobkiem judykatury, który nakazuje kierować się przy ustalaniu wysokości zadośćuczynienia między innymi takimi kryteriami, jak: wiek poszkodowanego (zwykle większą krzywdą jest np. kalectwo u młodej osoby), rodzaj i rozmiar doznanych obrażeń, stopień i rodzaj cierpień fizycznych i psychicznych, intensywność (natężenie, nasilenie) i czas trwania tych cierpień, ewentualnie stopień kalectwa, nieodwracalność następstw uszkodzenia ciała lub wywołania rozstroju zdrowia (kalectwo, oszpecenie), skutki uszczerbku w zdrowiu na przyszłość (np. niemożność wykonywania ulubionego zawodu, uprawiania sportów, pracy artystycznej, rozwijania swoich zainteresowań i pasji), rodzaj dotychczas wykonywanej pracy przez poszkodowanego, który powoduje niemożność dalszego jej kontynuowania, szanse na przyszłość, związane np. z możliwością kontynuowania nauki, z wykonywaniem wyuczonego zawodu, życiem osobistym, poczucie nieprzydatności społecznej i bezradność życiowa powstałe na skutek zdarzenia, wywołującego obrażenia ciała, konieczność korzystania ze wsparcia innych, w tym najbliższych, przy prostych czynnościach życia codziennego.</xText>
          <xText>Mając na uwadze powyższe Sąd Okręgowy dostrzega, że na tle innych orzeczeń zapadających w sprawach analogicznych do niniejszej wysokość zasądzonego przez Sąd Rejonowy zadośćuczynienia nie mogła zostać zaakceptowana, jako „suma odpowiednia”. Zważyć bowiem należało, że o ile subiektywny charakter krzywdy powoduje, że przydatność kierowania się przy ustalaniu wysokości zadośćuczynienia sumami zasądzonymi z tego tytułu w innych przypadkach jest ograniczona, o tyle jednakowoż ta przesłanka nie jest całkowicie pozbawiona znaczenia, pozwala bowiem ocenić, czy na tle innych podobnych przypadków zadośćuczynienie nie jest nadmiernie wygórowane. Dodatkowo jednolitość orzecznictwa sądowego w tym zakresie odpowiada poczuciu sprawiedliwości i równości wobec prawa, jednak postulat ten może być uznany za słuszny tylko wówczas, gdy da się pogodzić z zasadą indywidualizacji okoliczności określających rozmiar krzywdy w odniesieniu do konkretnej osoby poszkodowanego i pozwala uwzględnić przy orzekaniu specyfikę poszczególnych przypadków (por. wyrok SN z dnia 26.11.2009 r., III CSK 62/09, OSNC-ZD 2010, nr 3, poz. 80, LEX nr 738354).</xText>
          <xText>Zdaniem Sądu II instancji kwota 7500 zł oszacowana jako łączna, należna powodowi z tytułu zadośćuczynienia za doznaną przez niego w wyniku wypadku komunikacyjnego z dnia 2.06.2007r. krzywdę nie jest adekwatna do jego sytuacji życiowej oraz doznanych przez niego obrażeń, cierpień i komplikacji życiowych powstałych w wyniku tego właśnie wypadku. Akceptując stanowisko Sądu I instancji co do 50% stopnia przyczynienia się powoda do powstania skutków wypadku – nie można bowiem w żadnym razie pochwalać zgody powoda na uczestnictwo w jeździe samochodem z kierowcą znajdującym się pod wpływem alkoholu, jak i w istocie beztroski powoda wobec takiej postawy kierowcy - należało mieć na uwadze, że powód jest, a i w dniu wypadku był osobą bardzo młodą, osiemnastoletnią. Konsekwencją zaś udziału w wypadku komunikacyjnym jest obecnie stwierdzony u niego 18 % uszczerbek na zdrowiu. Obrażenia, jakich doznał powód nie można było zakwalifikować do lekkich czy powierzchownych. Istotnym jest, że powód w rzeczywistości na kilka miesięcy został wykluczony z normalnego życia. Najpierw przez pierwszy miesiąc leżał w szpitali, następnie, będąc nadal unieruchomionym, w domu. Dopiero pod koniec wakacji zaczął poruszać się na wózku, zaś o kulach stanął dopiero w styczniu 2008r., a zatem po ok. 7 miesiącach od wypadku. U powoda wystąpiły opisane przez biegłego sądowego urazy, odczuwał pourazowe dolegliwości bólowe obu kończyn, nie ma też wątpliwości, że pogorszeniu musiała ulec również jego kondycja psychiczna. Nie można pomijać i tego istotnego faktu, że powód początkowo nie mógł samodzielnie wykonywać czynności samoobsługowych, musiał w najprostszych czynnościach życia codziennego korzystać z pomocy osoby trzeciej, tj. matki lub brata. Sąd Okręgowy miał też na uwadze, że powód przed wypadkiem był kursantem w zawodzie elektryka. Wcześniej, bo w szkole podstawowej oraz gimnazjum jeździł na zawody sportowe. Grał w piłkę ręczną, uprawiał koszykówkę, rzut oszczepem, biegał. Gdy chodził na kurs elektryka, to w czasie wolnym grał w piłkę (vide: zeznania powoda – k. 84-85). Tymczasem z uzupełniającej opinii sądowo-lekarskiej wynika, że powód ze względu na doznane obrażenia może nie powinien uprawiać sportów związanych z długotrwałym przeciążaniem stawów kolanowych, jak np. bieganie, gra w piłkę nożną, skoki (vide: opinia biegłego – k. 138). W ocenie Sądu Okręgowego taka konkluzja biegłego może stanowić istotne dla młodego człowieka, jakim jest powód, ograniczenie jego życia. Powód musi się bowiem liczyć z tym, że, prowadząc aktywny tryb życia przejawiający się w uprawnianiu sportów, co było dla niego przed dniem wypadku komunikacyjnego czymś normalnym, obecnie spotkają go dolegliwości bólowe. Powód nie może sobie pozwolić również na wykonywanie zawodu, w którym mogłoby dochodzić do nadmiernego obciążenia jego kolan.</xText>
          <xText>Uznając żądanie apelującego domagającego się podwyższenia zadośćuczynienia do kwoty 13 000 zł za słuszne, Sąd II instancji nie mógł jednak nie dostrzec kwestii pominiętej przez Sąd a quo, nie podnoszonej również przez żadną ze stron postępowania, tej mianowicie, że sam powód, zeznając w charakterze świadka w sprawie karnej toczącej się przeciwko oskarżonemu <xAnon>D. D.</xAnon> (sygn. akt VI K 519/07) zeznał, że oskarżony „zrekompensował mu szkodę kwotą 500 zł (vide: zeznania powoda – k. 97 akt VI K 519/07). W tej sytuacji żądane przez apelującego zadośćuczynienie należało pomniejszyć o wskazaną wyżej kwotę, skoro i w tej części doznana przez niego krzywda została mu zrekompensowana.</xText>
          <xText>Mając powyższe na względzie Sąd Okręgowy zmienił na podstawie <xLexLink xArt="art. 386;art. 386 § 1" xIsapId="WDU19640430296" xTitle="Ustawa z dnia 17 listopada 1964 r. - Kodeks postępowania cywilnego" xAddress="Dz. U. z 1964 r. Nr 43, poz. 296">art. 386 § 1 kpc</xLexLink> zaskarżony wyrok w pkt 1 w ten sposób, że zasądzoną tam kwotę 4.300 zł podwyższył do kwoty 12.500 zł. Przed Sądem Rejonowym powód wygrał proces w 13,5%. Konstatacja ta legła u podstaw zmiany zaskarżonego wyroku w pkt 3 poprzez ustalenie, że pozwany właśnie w rozmiarze 13,5% ponosi koszty procesu. Na podstawie <xLexLink xArt="art. 108;art. 108 § 1;art. 108 § 1 zd. 2" xIsapId="WDU19640430296" xTitle="Ustawa z dnia 17 listopada 1964 r. - Kodeks postępowania cywilnego" xAddress="Dz. U. z 1964 r. Nr 43, poz. 296">art. 108 § 1 zd. 2 kpc</xLexLink> Sąd odwoławczy rozstrzygnął jedynie o zasadzie ponoszenia przez strony kosztów procesu, pozostawiając szczegółowe ich wyliczenie referendarzowi sądowemu.</xText>
          <xText>Jednocześnie Sąd Okręgowy nie podzielił apelacyjnej argumentacji pozwanego, która to sprowadzała się w istocie do zakwestionowania daty zasądzenia odsetek od należności głównej oraz sposobu rozstrzygnięcia o kosztach procesu.</xText>
          <xText>Zgadzając się z argumentacją apelującego pozwanego w zakresie, w jakim ten odwołuje się do stwierdzenia Sądu I instancji, iż określenie należnej powodowi sumy zależało od oceny Sądu, stwierdzić wypada, że Sąd a quo zbyt swobodnie posłużył się tym sformułowaniem. Konkluzja powyższa nie oznacza jednak, że co do zasady wydane rozstrzygnięcie, w tym zaskarżonym przez pozwanego zakresie, jest nieprawidłowe. Sąd II instancji nie podziela argumentacji apelującego o tym, że w rozpoznawanej sprawie momentem początkowym, od którego należało zasądzać odsetki od należności głównej jest dzień wyrokowania Sądu I instancji. Ta zgłoszona w apelacji kwestia wymagała rozstrzygnięcia na podstawie <xLexLink xArt="art. 481" xIsapId="WDU19640160093" xTitle="Ustawa z dnia 23 kwietnia 1964 r. - Kodeks cywilny" xAddress="Dz. U. z 1964 r. Nr 16, poz. 93">art. 481 kc</xLexLink> w zw. z <xLexLink xArt="art. 817;art. 817 § 1;art. 817 § 2" xIsapId="WDU19640160093" xTitle="Ustawa z dnia 23 kwietnia 1964 r. - Kodeks cywilny" xAddress="Dz. U. z 1964 r. Nr 16, poz. 93">art. 817 § 1 i § 2 kc</xLexLink> w zw. z <xLexLink xArt="art. 14;art. 14 ust. 2" xIsapId="WDU20031241152" xTitle="Ustawa z dnia 22 maja 2003 r. o ubezpieczeniach obowiązkowych, Ubezpieczeniowym Funduszu Gwarancyjnym i Polskim Biurze Ubezpieczycieli Komunikacyjnych" xAddress="Dz. U. z 2003 r. Nr 124, poz. 1152">art. 14 ust. 2 ustawy z dnia 22 maja 2003 r. o ubezpieczeniach obowiązkowych, Ubezpieczeniowym Funduszu Gwarancyjnym i Polskim Biurze Ubezpieczycieli Komunikacyjnych</xLexLink> (Dz.U. Nr 124, poz. 1152). Zważyć należy, że utrwaloną już przez orzecznictwo i judykaturę prawa zasadą jest, iż obowiązek zaspokojenia roszczenia o zadośćuczynienie z tytułu uszkodzenia ciała lub wywołania rozstroju zdrowia nie staje się wymagalny dopiero z datą wydania uwzględniającego to roszczenie wyroku wydanego w toku wytoczonego o nie procesu sądowego, lecz z chwilą wezwania dłużnika do jego zaspokojenia (tak: Sąd Apelacyjny w Białymstoku w wyroku z dnia 12.10.1999r. wydanym w sprawie I ACa 318/99). Na uwadze mieć należy, że powódka dochodzi roszczeń kompensacyjnych, które są wymagalne już z chwilą wezwania do zapłaty. Skoro jednak powód, zgodnie z treścią złożonego przez niego pozwu domagał się ustalenia odsetek od daty późniejszej, tj. od dnia wniesienia pozwu, to żądanie to należało uszanować, a w konsekwencji uznać, że rozstrzygnięcie Sądu Rejonowego jest słuszne, zaś wywiedziona w tym zakresie apelacja nie zasługiwała na uwzględnienie.</xText>
          <xText>W tym stanie rzeczy Sąd II instancji oddalił apelację pozwanego na podstawie <xLexLink xArt="art. 385" xIsapId="WDU19640430296" xTitle="Ustawa z dnia 17 listopada 1964 r. - Kodeks postępowania cywilnego" xAddress="Dz. U. z 1964 r. Nr 43, poz. 296">art. 385 kpc</xLexLink> w całości, orzekając o tym, jak w pkt 2 sentencji.</xText>
          <xText>Na podstawie <xLexLink xArt="art. 100" xIsapId="WDU19640430296" xTitle="Ustawa z dnia 17 listopada 1964 r. - Kodeks postępowania cywilnego" xAddress="Dz. U. z 1964 r. Nr 43, poz. 296">art. 100 kpc</xLexLink> i <xLexLink xArt="art. 108;art. 108 § 1" xIsapId="WDU19640430296" xTitle="Ustawa z dnia 17 listopada 1964 r. - Kodeks postępowania cywilnego" xAddress="Dz. U. z 1964 r. Nr 43, poz. 296">art. 108 § 1 kpc</xLexLink> Sąd Okręgowy, jak w pkt 3 sentencji, ustalając, że pozwany w 94% ponosi koszty postępowania apelacyjnego, pozostawił szczegółowe wyliczenie tych kosztów referendarzowi sądowemu.</xText>
        </xUnit>
      </xBlock>
    </xPart>
  </judgement>
<judgement id="151015000007503_XV_C_000044_2013_Uz_2013-05-10_001">
    <xPart xEditorFullName="Bożena Daleka" xYear="2013" xLang="PL" xPublisherFullName="Urszula Skórzewska" xFromPg="1" xEditor="bdaleka" xVolType="15/101500/0007503/C" xPublisher="uskorzewska" xDocType="Uz" xVolNmbr="000044" xVersion="1.0" xToPage="6" xFlag="published">
      <xName>Wyrok+Uzasadnienie</xName>
      <xBlock>
        
        <xText>Sygn. akt XV C 44/13</xText>
        
        <xUnit xIsTitle="true" xType="part" xBold="true">
          <xName>WYROK</xName>
          <xText xALIGNx="center">
            <xBx>W I M I E N I U R Z E C Z Y P O S P O L I T E J P O L S K I E J</xBx>
          </xText>
          
          <xText>Dnia 10 maja 2013 r.</xText>
          
          <xText>Sąd Okręgowy w Gdańsku XV Wydział Cywilny</xText>
          <xText>w składzie następującym:</xText>
          
          <xText>Przewodniczący: SSO Weronika Klawonn</xText>
          <xText>Protokolant: st. sek. sąd. Magdalena Florian
  </xText>
          
          <xText>po rozpoznaniu w dniu 10 maja 2013 r. w Gdańsku</xText>
          <xText>na rozprawie</xText>
          <xText>sprawy z powództwa Gminy <xAnon>(...)</xAnon></xText>
          <xText>przeciwko Wspólnocie Mieszkaniowej <xAnon> (...)</xAnon> przy<xAnon>(...)</xAnon>w <xAnon>G.</xAnon></xText>
          <xText>o uchylenie uchwały</xText>
          
          <xText>I. uchyla uchwałę Wspólnoty Mieszkaniowej <xAnon> (...)</xAnon> przy <xAnon>(...)</xAnon> w <xAnon>G.</xAnon> numer <xAnon>(...)</xAnon>, z dnia 23 listopada 2012 roku w sprawie wyrażenia zgody na rozbiórkę budynku gospodarczego wraz z przyległym garażem,</xText>
          
          <xText>II. zasądza od powoda Gminy <xAnon>(...)</xAnon> na rzecz pozwanej Wspólnoty Mieszkaniowej <xAnon> (...)</xAnon> przy <xAnon>(...)</xAnon> w <xAnon>G.</xAnon> kwotę 180 zł ( sto osiemdziesiąt złotych) tytułem zwrotu kosztów zastępstwa procesowego.</xText>
        </xUnit>
        <xUnit xIsTitle="true" xType="part" xBold="true">
          <xName>UZASADNIENIE</xName>
          <xText>Stanowisko stron.</xText>
          
          <xText>Stanowisko strony powodowej</xText>
          
          <xText>Powódka Gmina <xAnon>(...)</xAnon> pozwem skierowanym przeciwko Wspólnocie Mieszkaniowej przy <xAnon>ul. (...)</xAnon>. <xAnon>(...)</xAnon>w <xAnon>G.</xAnon> domagała się uchylenia uchwały nr <xAnon>(...)</xAnon> z dnia 23 listopada 2011 r. podjętej przez właścicieli lokali nieruchomości przy <xAnon>(...)</xAnon> w <xAnon>G.</xAnon> tworzących pozwaną wspólnotę mieszkaniową i zasądzenia od pozwanej kosztów procesu wg norm przepisanych oraz zabezpieczenie powództwa poprzez wstrzymanie wykonania zaskarżonej uchwały.</xText>
          
          <xText>Uzasadnienie żądania.</xText>
          
          <xText>Powódka jest członkiem wspólnoty mieszkaniowej nieruchomości przy <xAnon>(...)</xAnon> w <xAnon>G.</xAnon>. Pozwana jest dużą wspólnotą mieszkaniową. W zaskarżonej uchwale właściciele lokali przyjęli, iż:</xText>
          <xText>a) "W oparciu o ekspertyzę techniczno-budowlaną dotyczącą oceny stanu technicznego budynku gospodarczego wraz z garażem położonego na <xAnon>działce nr (...)</xAnon> przy <xAnon>(...)</xAnon> w <xAnon>G.</xAnon> właściciele postanawiają:</xText>
          <xText>b) wyrazić zgodę <xAnon> firmie (...)</xAnon> sp.j. <xAnon>L.</xAnon> na rozbiórkę budynku gospodarczego wraz z przyległym garażem usytuowanym na <xAnon>posesji nr (...)</xAnon></xText>
          <xText>c) powyższe prace remontowe inwestor wykona zgodnie z obowiązującymi przepisami <xLexLink xArt="" xIsapId="WDU19940890414" xTitle="Ustawa z dnia 7 lipca 1994 r. - Prawo budowlane" xAddress="Dz. U. z 1994 r. Nr 89, poz. 414">Prawa budowlanego</xLexLink> na podstawie uzgodnienia z Wojewódzkim Konserwatorem Zabytków w <xAnon>G.</xAnon> oraz projektem rozbiórki i pozwoleniem na rozbiórkę</xText>
          <xText>d) prace rozbiórkowe inwestor wykona we własnym zakresie i na własny koszt</xText>
          <xText>e) po wykonaniu robót inwestor przywróci teren do stanu pierwotnego i zgłosi fakt do tutejszej administracji celem dokonania odbioru"</xText>
          
          <xText>Powód wskazał, iż garaż, o którym stanowi zaskarżona uchwała jest lokalem użytkowym stanowiącym własność Gminy <xAnon>(...)</xAnon>. Najemcą garażu jest <xAnon>J. S.</xAnon> będąca jednocześnie właścicielką jednego z lokali w budynku pozwanej. W dniu 19 grudnia 2012 r. <xAnon>J. S.</xAnon> złożyła do powoda wniosek o wykup wskazanego garażu. Stan techniczny garażu jest dostateczny i umożliwia jego dalsze użytkowanie przy bieżącej konserwacji.</xText>
          
          <xText>Powód przedstawił przeciw uchwale następujące zarzuty:</xText>
          
          <xText>1. uchwała jest niezgodna z prawem. Uchwała narusza następujące przepisy prawa:</xText>
          <xText>a) <xLexLink xArt="art. 12;art. 13;art. 14;art. 15" xIsapId="WDU19940850388" xTitle="Ustawa z dnia 24 czerwca 1994 r. o własności lokali" xAddress="Dz. U. z 1994 r. Nr 85, poz. 388">art. 12, art. 13, art. 14 i art. 15 ustawy o własności lokali</xLexLink>, ponieważ wykracza poza sferę zarządu nieruchomością wspólną. Wspólnota mieszkaniowa nie ma podstaw prawnych, aby się wypowiadać w sprawach, które nie kwalifikują się jako koszt utrzymania nieruchomości wspólnej a zaskarżona uchwała narusza prawo własności powoda.</xText>
          
          <xText>2. Dokonanie rozbiórki garażu na koszt <xAnon> firmy (...)</xAnon> sp.j. a następnie wybudowanie w to miejsce parkingu z pewnością byłoby korzystne dla członków wspólnoty, którzy głosowali za wskazaną uchwałą, lecz nastąpiłoby to kosztem uszczuplenia praw właścicielskich powoda.</xText>
          <xText>3. Ekspertyza techniczna, na którą powołuje się pozwana wspólnota mieszkaniowa nie jest wiarygodna. Ekspertyza techniczna została sporządzona na zlecenie <xAnon> firmy (...)</xAnon> sp.j., która zobowiązała się oświadczeniem z 29.10.2012 r. do rozbiórki na własny koszt budynku gospodarczego. Oznacza to, że spółka jest zainteresowana dokonaniem rozbiórki pomieszczeń, o których mowa w zaskarżonej uchwale. Gdyby istniała potrzeba dokonania rozbiórki garażu, to z pewnością pozwana wspólnota zgłosiłaby stosowne zawiadomienie do Powiatowego Inspektoratu Nadzoru Budowlanego, który zapewne wydałby stosowną decyzję administracyjną.</xText>
          <xText>4. garaż powoda znajduje się w dostatecznym stanie technicznym umożliwiającym jego dalsze użytkowanie przy bieżącej konserwacji. Jeżeli garaż kwalifikuje się do remontu to powinien być on wykonany na koszt pozwanej wspólnoty mieszkaniowej, albowiem zarówno mury garażu jak i dach stanowią części wspólne nieruchomości.</xText>
          <xText>5. uchwała narusza istotne interesy powoda jako właścicieli lokalu i członków wspólnoty. Rozbiórka garażu spowoduje zmniejszenie udziału powoda w nieruchomości wspólnej, jak również pozbawi powoda przychodów z czynszu, który powód pobiera od najemcy garażu</xText>
          
          <xText>Stanowisko pozwanej</xText>
          
          <xText>Pozwana Wspólnota Mieszkaniowa w odpowiedzi na pozew w całości uznała roszczenie strony powodowej oraz wniosła o odwołanie rozprawy i wydanie wyroku w myśl <xLexLink xArt="art. 316" xIsapId="WDU19640430296" xTitle="Ustawa z dnia 17 listopada 1964 r. - Kodeks postępowania cywilnego" xAddress="Dz. U. z 1964 r. Nr 43, poz. 296">art. 316 k.p.c.</xLexLink> i zasądzenie od powoda zwrotu kosztów zastępstwa procesowego wg norm przypisanych.</xText>
          
          <xText>Uzasadnienie stanowiska.</xText>
          
          <xText>1) Pozwana przyznała, że błędnie sporządziła treść uchwały, jednakże była nieświadoma, co do faktów i działała w dobrej wierze, również biorąc pod uwagę interes strony powodowej. Z uwagi, iż stojąca w podwórzy posesji rudera zagraża życiu i zdrowiu mieszkańców, a do tego szpeci najbliższe otoczenie, w interesie wszystkich członków wspólnoty, w tym także powoda jest aby ją rozebrać bez zbędnych kosztów.</xText>
          <xText>2) Pozwana wspólnota nie była świadoma, iż "garaż" wciśnięty pomiędzy walące się ściany jest "cenną" własnością powoda, bo otaczające go rudery zostały porzucone przez stronę powodową już parę lat temu bez żadnego zabezpieczenia, a obowiązek o ich dbanie przerzucono na wspólnotę. Wobec powyższego strona pozwana była przekonana, iż tworzą nierozerwalną całość, tym bardziej, że nie można rozebrać ruder bez rozebrania "garażu".</xText>
          <xText>3) Wg informacji powziętej od <xAnon> firmy (...)</xAnon> wartość rozbiórki wraz z wywiezieniem rumowiska wyniesie ok. 30.000 zł Gdyby strona powodowa odkładała w całości cały zysk z najmu, to biorąc pod uwagę koszt wyburzenia, musiałaby zbierać 7 lat, aby pokryć 50% wartości rozbiórki. To brak zgody na bezpłatne wyburzenie naraża tak członków wspólnoty jak i Gminę <xAnon>(...)</xAnon> na znaczne straty i niegospodarność.</xText>
          <xText>4) Przed złożeniem pozwu strona powodowa jako członek Wspólnoty nie zwróciła się do Zarządu i nie przedstawiła swojego stanowiska, uniemożliwiając stronie pozwanej naprawę błędu poprzez zmianę treści uchwały.</xText>
          <xText>5) Zdaniem pozwanej wytoczenie powództwa było przedwczesne i nieuzasadnione, ponieważ strona pozwana nie zamierzała nikogo pozbawić prawa własności, lecz kierowała się troską o wspólne dobro i jak najniższe koszty utrzymania części wspólnych.</xText>
          
          <xText>Podstawa faktyczna wyroku</xText>
          
          <xText>Powód Gmina <xAnon>(...)</xAnon> jest członkiem Wspólnoty Mieszkaniowej nieruchomości przy <xAnon>(...)</xAnon> w <xAnon>G.</xAnon></xText>
          <xText>(okoliczność bezsporna: kopia aktu notarialnego k. 24-28)</xText>
          
          <xText>Pismem z dnia 28 listopada 2012 r. <xAnon>G.</xAnon><xAnon> Zarząd (...)</xAnon> został poinformowany o podjęciu przez Wspólnotę Mieszkaniową przy <xAnon>ul. (...)</xAnon>. <xAnon>(...)</xAnon> w <xAnon>G.</xAnon> m.in. uchwały nr <xAnon>(...)</xAnon>, na której głosy zostały zebrane przez Zarząd w trybie indywidualnego zbierania głosów.</xText>
          <xText>(Okoliczność bezsporna: pismo z 28.11.2012 r., k. 5)</xText>
          
          <xText>Właściciele lokali pozwanej Wspólnoty wyrazili zgodę na rozbiórkę budynku gospodarczego wraz z przyległym garażem usytuowanym na posesji przy <xAnon>(...)</xAnon> w <xAnon>G.</xAnon>.</xText>
          <xText>W dniu 21 listopada 2012 r. została podjęta przez Wspólnotę Mieszkaniową w trybie indywidualnego zbierania głosów uchwała następującej treści:</xText>
          <xText>"1. W oparciu o ekspertyzę techniczno-budowlaną dotyczącą oceny stanu technicznego budynku gospodarczego wraz z garażem położonego na <xAnon>działce nr (...)</xAnon> przy <xAnon>(...)</xAnon> w <xAnon>G.</xAnon> właściciele postanawiają:</xText>
          
          <xText>a) Wyrazić zgodę <xAnon> firmie (...)</xAnon> sp.j. <xAnon>L.</xAnon> na rozbiórkę budynku gospodarczego wraz z przyległym garażem usytuowanym na <xAnon>posesji nr (...)</xAnon></xText>
          <xText>b) Powyższe prace remontowe inwestor wykona zgodnie z obowiązującymi przepisami <xLexLink xArt="" xIsapId="WDU19940890414" xTitle="Ustawa z dnia 7 lipca 1994 r. - Prawo budowlane" xAddress="Dz. U. z 1994 r. Nr 89, poz. 414">Prawa budowlanego</xLexLink> na podstawie uzgodnienia z Wojewódzkim Konserwatorem Zabytków w <xAnon>G.</xAnon> oraz projektem rozbiórki i pozwoleniem na rozbiórkę</xText>
          <xText>c) Prace rozbiórkowe inwestor wykona we własnym zakresie i na własny koszt</xText>
          <xText>d) Po wykonaniu robót inwestor przywróci teren do stanu pierwotnego i zgłosi fakt do tutejszej administracji celem dokonania odbioru"</xText>
          <xText>(Okoliczność bezsporna: uchwała nr <xAnon>(...)</xAnon>, k. 6, wniosek, k. 7)</xText>
          
          <xText><xAnon> Przedsiębiorstwo (...)</xAnon> sp. j. z siedzibą w <xAnon>L.</xAnon> w piśmie z 29 października 2012 r. zobowiązała się do wykonania rozbiórki budynku gospodarczego położonego na <xAnon>działce (...)</xAnon> przy <xAnon>ul. (...)</xAnon>. <xAnon>(...)</xAnon> oraz do wywiezienia odpadów rozbiórki. Koszty wykonania tych prac miało ponieść <xAnon> przedsiębiorstwo (...)</xAnon>. Na zlecenie tego przedsiębiorstwa została wykonana ekspertyza techniczno-budowlana dotycząca stanu technicznego budynku gospodarczego przeznaczonego do rozbiórki.</xText>
          <xText>(Dowód: pismo, k. 8, ekspertyza, k. 9-21)</xText>
          
          <xText>Powód jest właścicielem garażu leżącym przy nieruchomości przy <xAnon>(...)</xAnon>. Starszy Inspektor Nadzoru po przeprowadzonej w dniu 02.01.2013 r. wizji lokalnej uznał, że budynek gospodarczy wraz z przyległym garażem usytuowanym na terenie <xAnon>posesji działce nr (...)</xAnon> przy <xAnon>(...)</xAnon> są na dostatecznym stanie technicznym umożliwiającym dalsze ich użytkowanie przy bieżącej konserwacji.</xText>
          <xText>Pismem z dnia 27 września 2012 r. wyrażono zgodę na oddanie w najem garażu na rzecz <xAnon>J. S.</xAnon>. W dniu 23 października 2012 r. Gmina <xAnon>(...)</xAnon> zawarła z <xAnon>J. S.</xAnon> umowę najmu <xAnon>garażu nr (...)</xAnon> w <xAnon>G.</xAnon> przy<xAnon>(...)</xAnon><xAnon>(...)</xAnon>o łącznej powierzchni <xAnon>(...)</xAnon>. Czynsz najmu określono na kwotę 212,73 zł netto.</xText>
          <xText>(okoliczność bezsporna Dowód: skierowanie, k. 21, umowa z 23.10.2012 r., k. 22-23, pismo, k. 29-30, fotokopie, k. 48-50,</xText>
          
          <xText>Ocena dowodów:</xText>
          
          <xText>Sąd powyższy stan faktyczny ustalił zasadniczo w oparciu o zgromadzony w sprawie materiał dowodowy bazując w szczególności na dokumentach prywatnych. Sąd przedmiotowym dowodom dał wiarę w całości, nie znajdując podstaw do podważenia ich prawdziwości. Ich oceny dokonał w oparciu o <xLexLink xArt="art. 245" xIsapId="WDU19640430296" xTitle="Ustawa z dnia 17 listopada 1964 r. - Kodeks postępowania cywilnego" xAddress="Dz. U. z 1964 r. Nr 43, poz. 296">art. 245 k.p.c.</xLexLink>, z którego wynika, że dokument prywatny stanowi dowód tego, że osoba która go podpisała złożyła oświadczenie w nim zawarte.</xText>
          <xText>Nadto z uwagi na uznanie w całości roszczenia strony powodowej - powód tym samym powołując się na fakty przyznane następnie przez przeciwnika, wywiązał się z ciężaru dowodu albowiem przyznanie nie budzi wątpliwości co do swej zgodności z rzeczywistym stanem rzeczy ( <xLexLink xArt="art. 229" xIsapId="WDU19640430296" xTitle="Ustawa z dnia 17 listopada 1964 r. - Kodeks postępowania cywilnego" xAddress="Dz. U. z 1964 r. Nr 43, poz. 296">art. 229 k.p.c.</xLexLink>).</xText>
          <xText>W związku z okolicznością, iż stan faktyczny pozostawał między stronami bezsporny Sąd w swych rozważaniach skupi się na zasadności powództwa pod kątem zgodności uchwały nr <xAnon>(...)</xAnon> z prawem i ewentualnego naruszenia przez nią interesu powoda.</xText>
          
          <xText>Podstawa prawna wyroku</xText>
          
          <xText>W ocenie Sądu żądanie powódki Gminy <xAnon>(...)</xAnon> zasługuje na uwzględnienie.</xText>
          
          <xText>Zgodnie z <xLexLink xArt="art. 25;art. 25 ust. 1;art. 25 ust. 1 a" xIsapId="WDU19940850388" xTitle="Ustawa z dnia 24 czerwca 1994 r. o własności lokali" xAddress="Dz. U. z 1994 r. Nr 85, poz. 388">art. 25 ust. 1 i 1a ustawy z dnia 24 czerwca 1994 r. o własności lokali</xLexLink> (tekst jedn. Dz. U. 2000 r. nr 80 poz. 903 z późna. zm., zwanej dalej "u.w.l"), właściciel lokalu może zaskarżyć uchwałę do sądu z powodu jej niezgodności z przepisami prawa lub z umową właścicieli lokali albo jeśli narusza ona zasady prawidłowego zarządzania nieruchomością wspólną lub w inny sposób narusza jego interesy. Powództwo takie może być wytoczone przeciwko wspólnocie mieszkaniowej w terminie 6 tygodni od dnia podjęcia uchwały na zebraniu ogółu właścicieli albo od dnia powiadomienia wytaczającego powództwo o treści uchwały podjętej w trybie indywidualnego zbierania głosów.</xText>
          <xText>W ocenie Sądu, nie może budzić wątpliwości, iż termin na wytoczenie uchwały, o którym mowa w art. 25 ust. 1a u.w.l., jest terminem zawitym prawa materialnego, który, w zależności od sposobu podjęcia uchwały, liczony jest albo od dnia odbycia zgromadzenia ogółu właścicieli albo od dnia powiadomienia wnoszącego powództwo o treści uchwały podjętej w trybie indywidualnego zbierania głosów. Po upływie terminu, uchwała właścicieli lokali ulega konwalidacji, nawet jeśli jest sprzeczna z prawem (tak: Kozińska J., Środki kontroli działalności zarządu lub zarządcy według <xLexLink xArt="" xIsapId="WDU19940850388" xTitle="Ustawa z dnia 24 czerwca 1994 r. o własności lokali" xAddress="Dz. U. z 1994 r. Nr 85, poz. 388">ustawy o własności lokali</xLexLink>, Studia Prawnicze 2003/3/21).</xText>
          
          <xText>Powódka jako właściciel m.in. garażu leżącego na <xAnon>działce nr (...)</xAnon> i członek Wspólnoty Mieszkaniowej jest legitymowany do zaskarżenia uchwał wspólnoty mieszkaniowej.</xText>
          
          <xText>Sąd podzielił wszystkie zarzuty strony powodowej zgłoszone w pozwie wniesionym w niniejszej sprawie co do treści uchwały nr <xAnon>(...)</xAnon> z 23 listopada 2012 r.</xText>
          
          <xText>W ocenie Sądu uchwała nr <xAnon>(...)</xAnon> jest niezgodna z prawem.</xText>
          
          <xText>Zgodnie z art. 3 ust. 2 u.w.l. nieruchomość wspólną stanowi grunt oraz części budynku i urządzenia, które nie służą wyłącznie do użytku właścicieli lokali.</xText>
          
          <xText>Stosownie do art. 21 ust. 1 u.w.l. zarząd kieruje sprawami wspólnoty mieszkaniowej i reprezentuje ją na zewnątrz oraz w stosunkach między wspólnotą a poszczególnymi właścicielami lokali. Ustawodawca w art. 22 ust. 1 upoważnił zarząd do podejmowania samodzielnie jedynie czynności zwykłego zarządu. Jednocześnie ustawodawca nie określił, co należy rozumieć przez pojęcie "czynności zwykłego zarządu". Wskazówką w tym zakresie może być regulacja przedstawiona w art. 22 ust. 3 u.w.l. w której są podane przykładowe czynności, do których podjęcia wymagana jest uchwała większości właścicieli, wyrażająca zgodę na podjęcie danej czynności lub pełnomocnictwa do zawierania umów stanowiących czynności przekraczające zakres zwykłego zarządu. Naczelną zasadą wynikającą z przepisów <xLexLink xArt="" xIsapId="WDU19940850388" xTitle="Ustawa z dnia 24 czerwca 1994 r. o własności lokali" xAddress="Dz. U. z 1994 r. Nr 85, poz. 388">ustawy o własności lokali</xLexLink> jest, że uchwały mogą mieć za swój przedmiot jedynie nieruchomość wspólną. Słusznie w tym kontekście powołał się pełnomocnik powoda na poglądy wyrażane w orzecznictwie co do kompetencji Wspólnoty Mieszkaniowej w odniesieniu do przedmiotu uchwał. Warto w tym miejscu wskazać na wyrok Sądu Najwyższego z 3 kwietnia 2009 r. II CSK 600/08 (SIP LEX nr 500188), gdzie wskazano, że właściciele lokali nie mogą podejmować żadnych uchwał, które ingerowałyby w prawa odrębnej własności lokali a taki charakter bez wątpienia miała zaskarżona uchwała. Zdaniem Sądu przedmiotowa uchwała narusza również <xLexLink xArt="art. 140" xIsapId="WDU19640160093" xTitle="Ustawa z dnia 23 kwietnia 1964 r. - Kodeks cywilny" xAddress="Dz. U. z 1964 r. Nr 16, poz. 93">art. 140 k.c.</xLexLink>, zgodnie z którym właściciel w granicach określonych przez ustawy i zasady współżycia społecznego może z wyłączeniem innych osób, korzystać z rzeczy zgodnie ze społeczno-gospodarczym przeznaczeniem swego prawa, w szczególności może pobierać pożytki i inne dochody z rzeczy. W tych samych granicach może rozporządzać rzeczą. Ponadto podejmowanie uchwał przez gremium właścicieli poszczególnych lokali będących członkami Wspólnoty stanowi sposób zarządu nieruchomością wspólną, co wprost wynika z uregulowania rozdziału 4 ustawy. Jednocześnie jak wskazano powyżej nieruchomość wspólną stanowią grunt oraz części budynku i urządzenia, które nie służą wyłącznie do użytku właścicieli lokali. Jak wynika jednoznacznie z zebranego w sprawie materiału dowodowego garaż jest własnością powódki. Z tych względów przedmiot uchwały - stanowiący o rozbiórce między innymi tego obiektu - jest sprzeczny z zapisami <xLexLink xArt="" xIsapId="WDU19940850388" xTitle="Ustawa z dnia 24 czerwca 1994 r. o własności lokali" xAddress="Dz. U. z 1994 r. Nr 85, poz. 388">ustawy o własności lokali</xLexLink> jak i uregulowaniami znajdującymi się w <xLexLink xArt="" xIsapId="WDU19640160093" xTitle="Ustawa z dnia 23 kwietnia 1964 r. - Kodeks cywilny" xAddress="Dz. U. z 1964 r. Nr 16, poz. 93">kodeksie cywilnym</xLexLink>. Powódka będąca właścicielką garażu swoimi działaniami nie naruszała w żaden sposób przepisów ustaw ani zasad współżycia społecznego. Zawarta z <xAnon>J. S.</xAnon> umowa najmu tego pomieszczenia również mieściła się w granicach określonych przez <xLexLink xArt="art. 140" xIsapId="WDU19640160093" xTitle="Ustawa z dnia 23 kwietnia 1964 r. - Kodeks cywilny" xAddress="Dz. U. z 1964 r. Nr 16, poz. 93">art. 140 k.c.</xLexLink> Powódka ma pełne prawo do swobodnego rozporządzania przedmiotową nieruchomością i pobierania z niej pożytków. Własność jest jednym z fundamentalnych i najsilniej chronionych praw zawartych w przepisach <xLexLink xArt="" xIsapId="WDU19640160093" xTitle="Ustawa z dnia 23 kwietnia 1964 r. - Kodeks cywilny" xAddress="Dz. U. z 1964 r. Nr 16, poz. 93">kodeksu cywilnego</xLexLink>. Reasumując uchwała w takim kształcie jako sprzeczna z przepisami prawa nie może się ostać. Drugim argumentem przemawiającym za uchyleniem przedmiotowej uchwały jest naruszenie interesów powódki. W ocenie Sadu zaskarżona uchwała narusza istotny interes powódki. W przypadku realizacji zaskarżonej uchwały udział w nieruchomości wspólnej powódki zostałby uszczuplony. Nadto powódka utraciłaby jeden ze składników swojego przychodu. Warto również podkreślić, że podejmowane uchwały nie powinny być korzystniejsze dla pewnej kategorii właścicieli - w tym przypadku właścicieli lokali, którzy chcieli przeznaczyć ten teren pod budowę parkingu. Tym samym działanie takie nie zasługuje na ochronę i stanowi istotne naruszenie interesów powódki będącej członkiem pozwanej Wspólnoty.</xText>
          
          <xText>Mając powyższe na uwadze Sąd powództwo uwzględnił.</xText>
          
          <xText>Koszty procesu</xText>
          
          <xText>O kosztach procesu orzeczono zgodnie z regulacją zawartą w <xLexLink xArt="art. 101" xIsapId="WDU19640430296" xTitle="Ustawa z dnia 17 listopada 1964 r. - Kodeks postępowania cywilnego" xAddress="Dz. U. z 1964 r. Nr 43, poz. 296">art. 101 k.p.c.</xLexLink> zgodnie z tym przepisem, zwrot kosztów należy się pozwanemu pomimo uwzględnienia powództwa, jeżeli nie dał powodu do wytoczenia sprawy i uznał przy pierwszej czynności procesowej żądanie pozwu. W okolicznościach przedmiotowej sprawy pozwana w odpowiedzi na pozew uznała w całości roszczenie powódki. Co prawda powódka miała uzasadnione powody do wystąpienia z przedmiotowym powództwem, jednakże pozwana faktycznie nie była w stanie dokonać uchylenia tej uchwały w tak krótkim czasie. Z tych względów w ocenie Sądu zasadnym było zasądzenie od powódki Gminy <xAnon>(...)</xAnon>kwoty 180 zł tytułem zwrotu kosztów zastępstwa procesowego.</xText>
        </xUnit>
      </xBlock>
    </xPart>
  </judgement>
<judgement id="154010000003027_VI_GC_000322_2012_Uz_2013-05-10_001">
    <xPart xEditorFullName="Barbara Dziopak" xYear="2012" xLang="PL" xPublisherFullName="Barbara Dziopak" xFromPg="1" xEditor="66113003185" xVolType="15/401000/0003027/GC" xPublisher="66113003185" xDocType="Uz" xVolNmbr="000322" xVersion="1.0" xToPage="3" xFlag="published">
      <xName>Wyrok+Uzasadnienie</xName>
      <xBlock>
        <xText>
          <xBx>Sygn. akt VI GC 322/12</xBx>
        </xText>
        
        <xUnit xIsTitle="true" xBold="true" xType="part">
          <xName>WYROK</xName>
          <xTitle>W IMIENIU RZECZYPOSPOLITEJ POLSKIEJ</xTitle>
          <xText xALIGNx="right">
            <xBx> Dnia 10 maja 2013 r. </xBx>
          </xText>
          <xText>Sąd Okręgowy w Rzeszowie VI Wydział Gospodarczy</xText>
          <xText>w składzie następującym:</xText>
          <xText>Przewodniczący: SSO Renata Bober</xText>
          <xText>
            <xBx> Protokolant: sekr.sądowy Agnieszka Krztoń </xBx>
          </xText>
          
          <xText>po rozpoznaniu w dniu 10 maja 2013 r. w Rzeszowie</xText>
          <xText>na rozprawie</xText>
          <xText>sprawy z powództwa: <xAnon> (...) Spółki z o. o.</xAnon> w <xAnon>R.</xAnon></xText>
          <xText>przeciwko: <xAnon> (...) Spółce Komandytowej</xAnon> z/s w <xAnon>R.</xAnon></xText>
          <xText>o zapłatę</xText>
          <xText>I. zasądza od pozwanego <xAnon> (...) Spółki Komandytowej</xAnon> z/s w <xAnon>R.</xAnon> na rzecz powoda <xAnon> (...) Spółki z o. o.</xAnon> w <xAnon>R.</xAnon> kwotę 411.105,82 zł (czterysta jedenaście tysięcy sto pięć złotych osiemdziesiąt dwa grosze) z ustawowymi odsetkami od kwot:</xText>
          <xEnum>
            <xBullet>-</xBullet>
            <xEnumElem>
              <xText>14.188,67 zł od dnia 15 grudnia 2011r.,</xText>
            </xEnumElem>
            <xEnumElem>
              <xText>2.346,87 zł od dnia 15 stycznia 2012r.,</xText>
            </xEnumElem>
            <xEnumElem>
              <xText>18.952,98 zł od dnia 15 stycznia 2012r.,</xText>
            </xEnumElem>
            <xEnumElem>
              <xText>1.971,86 zł od dnia 7 lutego 2012r.,</xText>
            </xEnumElem>
            <xEnumElem>
              <xText>18.267,81 zł od dnia 15 lutego 2012r.,</xText>
            </xEnumElem>
            <xEnumElem>
              <xText>2.091,22 zł od dnia 8 marca 2012r.,</xText>
            </xEnumElem>
            <xEnumElem>
              <xText>17.941,10 zł od dnia 15 marca 2012r.,</xText>
            </xEnumElem>
            <xEnumElem>
              <xText>2.172,93 zł od dnia 11 kwietnia 2012r.,</xText>
            </xEnumElem>
            <xEnumElem>
              <xText>1.214,82 zł od dnia 10 kwietnia 2012r.,</xText>
            </xEnumElem>
            <xEnumElem>
              <xText>18.435,89 zł od dnia 15 kwietnia 2012r.,</xText>
            </xEnumElem>
            <xEnumElem>
              <xText>2.049,58 zł od dnia 4 maja 2012r.,</xText>
            </xEnumElem>
            <xEnumElem>
              <xText>63.098,75 zł od dnia 18 lutego 2012r.,</xText>
            </xEnumElem>
            <xEnumElem>
              <xText>15.000,00 zł od dnia 10 marca 2012r.,</xText>
            </xEnumElem>
            <xEnumElem>
              <xText>233.373,34 zł od dnia 28 lutego 2012r.,</xText>
            </xEnumElem>
          </xEnum>
          <xText>do dnia zapłaty,</xText>
          
          <xText>II. zasądza od pozwanego na rzecz powoda kwotę 20.556 zł (dwadzieścia tysięcy pięćset pięćdziesiąt sześć złotych) tytułem zwrotu opłaty sądowej i kwotę 7.217 zł (siedem tysięcy dwieście siedemnaście złotych) tytułem kosztów zastępstwa procesowego.</xText>
          
          <xText>Sygn. akt VI GC 322/12</xText>
        </xUnit>
        <xUnit xIsTitle="true" xBold="true" xType="part">
          <xName>UZASADNIENIE</xName>
          <xText xALIGNx="center">wyroku z dnia 10 maja 2013r.</xText>
          
          <xText>Powód <xAnon> (...) Spółka z o.o.</xAnon> w <xAnon>R.</xAnon> pismem z dnia 31 sierpnia 2012r. wniosła przeciwko <xAnon> (...) Spółce Komandytowej</xAnon> z/s w <xAnon>R.</xAnon> pozew o zapłatę kwoty 411.105,82 zł z ustawowymi odsetkami oraz kosztami postępowania.</xText>
          <xText>W uzasadnieniu podała, że w dniu 30 listopada 2010r. zawarła z pozwanym umowę najmu <xAnon>lokalu nr (...)</xAnon><xAnon>(...)</xAnon> w <xAnon> Galerii Handlowej (...)</xAnon> w <xAnon>R.</xAnon>. W § 3 ust 1 umowy strony zastrzegły, że powierzchnia lokalu podana w umowie ma charakter orientacyjny i została ostatecznie określona na 69,88 m<xSUPx>2</xSUPx>. Powierzchnia ta stanowiła podstawę obliczania wszelkich opłat wynikających z umowy. Na podstawie § 25 ust 1 umowy pozwana zobowiązana była do uiszczana na rzecz powoda czynszu podstawowego w wysokości 42 euro/m<xSUPx>2</xSUPx>/miesiąc - co łącznie daje kwotę 2.936,22 euro miesięcznie, powiększoną od towarów i usług. Czynsz ten pozwana zobowiązała się uregulować miesięcznie z góry w terminie do 14 dnia na podstawie doręczonej faktury VAT. Zgodnie z § 20 ust 2 umowy należności wynikające z umowy wyrażone w euro podlegają przeliczeniu na pln według średniego kursu ogłoszonego przez NBP w dniu poprzedzającym dzień wystawienia faktury lub dzień powstania obowiązku płatności w zależności które z tych zdarzeń nastąpi wcześniej. Z treści § 23 ust 1 umowy wynika, iż pozwana oprócz czynszu najmu zobowiązana była też do uiszczania opłaty eksploatacyjnej w wysokości 35 zł/m<xSUPx>2</xSUPx>/miesiąc - co łącznie daje kwotę 2.436,85 zł miesięcznie, płatną w terminie do 14 dnia każdego miesiąca.</xText>
          <xText>Z powyższych tytułów powód wystawił na rzecz pozwanego faktury VAT , szczegółowo wskazane w pozwie. Powód podał, że pozwany w dniu 26 marca 2012r. uregulował częściowo <xAnon>fakturę VAT nr (...)</xAnon> w kwocie 5.000 zł. Natomiast w dniu 30 kwietnia 2012r. powód dokonał częściowej kompensaty należności z wymienionej wyżej faktury z należnością pozwanego objętą <xAnon>fakturą VAT nr (...)</xAnon> o kwotę 243 zł . W konsekwencji do zapłaty z powyższej faktury na rzecz powoda pozostała kwota 14.188,67 zł. Ponadto pozwana zobowiązana byłą do uiszczania na rzecz powoda opłat określonych w specyfikacji technicznej stanowiącej załącznik nr 3 do umowy (§9 ust 1 lit C). Z powyższego tytułu powód wystawił fakturę nr <xAnon>(...)</xAnon>i <xAnon>(...)</xAnon>. Pozwana pomimo skutecznego doręczenia jej dokumentów księgowych i upływu terminów ich płatności nie uiściła należności wynikających z wymienionych wyżej faktur, dlatego też w dniu 30 lipca 2012r. powód wezwał pozwaną do ich zapłaty. Ponadto powód wskazał, że pozwana na dwa miesiące przed dniem wydania lokalu zobowiązana byłą do dostarczenia bezwarunkowej i nieodwołalnej gwarancji bankowej (§ 27 ust 1 i § 27 ust 2).</xText>
          <xText>Na podstawie § 27 ust 3 umowy w razie nie dostarczenia gwarancji bankowej w terminie określonym w umowie powód miał prawo żądać kary umownej w wysokości równowartości czynszu podstawowego za okres trzech miesięcy za każdy rozpoczęty miesiąc utrzymywania się stanu sprzecznego z umową. Wobec nie dostarczenia gwarancji bankowej przez pozwanego powód w dniu 28 grudnia 2011r. wystawił na rzecz pozwanej spółki notę obciążeniową nr <xAnon>(...)</xAnon>na kwotę 233.373,34 zł obejmującą okres opóźnienia od 5 czerwca 2011r. do 19 grudnia 2011r. Pozwany mimo wezwania należności z powyższej noty nie zapłacił.</xText>
          <xText>Powód wskazał, że w związku nie uregulowaniem przez pozwanego należności wynikających z umowy w dniu 26 lipca 2012r. wypowiedział umowę najmu, następnie w dniu 6 sierpnia 2012r. w terminie wyznaczonym wypowiedzeniem umowy, na podstawie protokołu zdawczo - odbiorczego dokonano odbioru lokalu będącego przedmiotem umowy. W dniu 19 września 2012r. Sąd Okręgowy wydał nakaz zapłaty w postępowaniu upominawczym, zgodnie z żądaniem pozwu, sygn. akt VI GNc 518/12.</xText>
          <xText>W sprzeciwie od wydanego w sprawie nakazu zapłaty pozwany wniósł o oddalenie w całości powództwa oraz zasądzenie kosztów postępowania.</xText>
          <xText>W uzasadnieniu w pierwszej kolejności podniósł zarzut nieważności umowy najmu z powodu braku zdolności prawnej i braku zdolności do czynności prawnych najemcy. Zarzucił, że w dniu 30 listopada 2010r. pozwana spółka nie była wpisana do rejestru w związku z czym nie mogła być stroną umowy będącej przedmiotem pozwu. Podniósł, że czynność prawna dokonana przez spółkę komandytową w organizacji jest bezwzględnie nieważna. W konsekwencji zdaniem pozwanego należności przekazywane przez pozwaną spółkę nie były czynszem ale wynagrodzeniem za bezumowne korzystanie z lokalu. Stwierdził, że kwota 93.912,16 jaką przekazał powodowi pokrywa całość zobowiązań wobec niego z tytułu korzystania z lokalu, dlatego też dochodzone pozwem należności są nienależne. Dodatkowo podniósł, że podpisujący umowę <xAnon>R.</xAnon><xAnon>(...)</xAnon> nie znał treści podpisywanej umowy najmu bowiem nie władał językiem polskim , dlatego też pozwany w tym zakresie wywiódł zarzut zawarcia umowy pod wpływem wad oświadczenia woli. Pozwany podniósł, że gdyby nawet przyjąć, że umowa ta nie jest nieważna z powodu wad oświadczenia woli o której mowa w <xLexLink xArt="art. 82" xIsapId="WDU19640160093" xTitle="Ustawa z dnia 23 kwietnia 1964 r. - Kodeks cywilny" xAddress="Dz. U. z 1964 r. Nr 16, poz. 93">art. 82 kc</xLexLink> to należy przyjąć, że działał on pod wpływem błędu i skutecznie uchylił się od skutków prawnych złożonego pod wpływem błędu oświadczenia, co miało miejsce w piśmie z dnia 13 sierpnia 2012r. Natomiast w piśmie z dnia 10 października 2012r. skierowanym do powoda pozwany zawarł oświadczenie o uchyleniu się od błędu w postaci braku znajomości postanowień umownych z powodu |<xBRx/>niewładania językiem polskim.</xText>
          <xText>Wyjaśniając powyższe zarzuty pozwany podał, że całość stosunków prawnych pomiędzy stronami była realizowana za pośrednictwem radcy prawnego <xAnon>R. S.</xAnon>, który przygotował treść umowy. Zapewniał on <xAnon>R. M.</xAnon>, że treść umowy dotyczy tylko przedmiotu najmu i stawek czynszu. W rzeczywistości jednak do umowy wprowadzono także dodatkowe postanowienia uprzednio nie negocjowane, o czym nie miał świadomości <xAnon>R.</xAnon><xAnon>(...)</xAnon> ani też spółka.</xText>
          <xText>Strona pozwana zarzuciła dodatkowo brak dochowania trybu wypowiedzenia umowy przez powoda, wyrządzenie szkody oraz obowiązkach zwrotu nakładów poczynionych na lokal. Pozwany stwierdził, że powód nie wyznaczył mu wynikającego z <xAnon>umowy najmu (...)</xAnon> dniowego terminu na dokonanie płatności bowiem wezwanie do zapłaty nadał na poczcie 30 lipca 2012r., natomiast pismo w przedmiocie wypowiedzenia umowy najmu doręczono pozwanej już następnego dnia . Tym samym nie został zachowany tryb określony w § 26 ust 3 umowy.</xText>
          <xText>Zdaniem pozwanego na skutek niezgodnego z prawem rozwiązania umowy najmu powód wyrządził mu szkodę w postaci nie uzyskania korzyści jakich spodziewał się w okresie do dnia 5 sierpnia 2016r. Szacunkowe dochody netto pozwanego w tym okresie miały wynieść 60.000 zł w stosunku rocznym. Pozwany oprócz naprawienia szkody domagał się także zwrotu w całości nakładów jakie poniósł w związku z przygotowaniem lokalu do prowadzenia działalności, szczegółowo określonych w sprzeciwie.</xText>
          <xText>Podsumowując swe wyliczenia podał, że z tytułu utraconych korzyści (300.000 zł) oraz nakładów (271.567,01 zł) przysługuje mu wobec powoda wierzytelność w łącznej kwocie 571.567,01 zł.</xText>
          <xText>Pozwana spółka z ostrożności procesowej, na wypadek uznania przez Sąd umowy najmu za ważną podniosła zarzut potrącenia wymienionej wyżej wierzytelności z wierzytelnością powoda dochodzoną w pozwie.</xText>
          <xText>W piśmie z dnia 30 października 2012r. strona powodowa podtrzymała w całości żądanie pozwu oraz ustosunkowała się do zarzutów zawartych w sprzeciwie. Zdaniem powoda zawarta przez strony umowa najmu była ważna i skuteczna. Stwierdził, że spółka komandytowa worganizacji istnieje od momentu jej zawiązania, tj. od chwili zawarcia umowy spółki w formie aktu notarialnego do chwili jej rejestracji. W konsekwencji nabyte przez spółkę komandytową w organizacji prawa i zaciągnięte przez nią zobowiązania przechodzą na zarejestrowaną spółkę komandytową. Dodał, że w dniu 9 czerwca 2011r. pozwany w akcie notarialnym poddał się egzekucji stosownie do zapisów umowy najmu. Ponadto pozwany w dniu 5 sierpnia 2011r. odebrał od powoda najęty lokal i 15 października 2011r. rozpoczął prowadzenie działalności gospodarczej. W konsekwencji należy przyjąć, że zachowanie pozwanego wobec powoda świadczy o pełnej akceptacji treści umowy najmu lokalu. Powód stwierdził także, że oświadczenie o uchyleniu się od skutków prawnych umowy zawartej pod wpływem błędu było nieskuteczne bowiem <xAnon>R.</xAnon><xAnon>(...)</xAnon>posługuje się doskonale językiem polskim i ma pełną świadomość treści umowy. Odnosząc się do kwestii wypowiedzenia umowy najmu powód stwierdził, że nastąpiło to skutecznie, a termin wynikający z umowy został zachowany. W konsekwencji roszczenie odszkodowawcze pozwanego wobec powoda jest niezasadne.</xText>
          
          <xText>
            <xBx>Sąd Okręgowy ustalił następujący stan faktyczny:</xBx>
          </xText>
          
          <xText>W dniu 15 listopada 2010 r. została zawarta umowa spółki komandytowej pod <xAnon> firmą (...)</xAnon>. Pozwana spółka została zarejestrowana w Krajowym Rejestrze Sądowym Rejestrze Przedsiębiorców dniu 8 lutego<xBRx/> 2011 r.</xText>
          <xText>
            <xIx>(Dowód: umowa spółki, k. 226-227, KRS pozwanego, k. 213-215).</xIx>
          </xText>
          <xText>W dniu 30 listopada 2010 r. pozwany <xAnon> (...) Sp. z o.o.</xAnon> w <xAnon>G.</xAnon> zawarł z <xAnon> (...) Spółka komandytowa</xAnon> w organizacji w <xAnon>R.</xAnon> umowę najmu <xAnon>lokalu (...)</xAnon><xAnon>(...)</xAnon><xBRx/>w <xAnon> Centrum Handlowym (...)</xAnon> w <xAnon>R.</xAnon> przy <xAnon>ulicy (...)</xAnon>, o orientacyjnej powierzchni 69,91 m<xSUPx>2</xSUPx>, przy czym strony <xBRx/> ustaliły, że ostateczna powierzchnia lokalu stanowiąca podstawę do obliczenia opłat odnoszących się do powierzchni lokalu zostanie ustalona <xBRx/>w oparciu o obmiar dokonanego przez Wynajmującego według zasad określonych w § 3 ust. 2-5 umowy. Umowę zawarto na okres pięciu lat. <xBRx/>W przedmiotowym lokalu pozwany miał prowadzić kawiarnię <xAnon>W.</xAnon>,s <xAnon>C.</xAnon>. Strony ustaliły prognozowany termin otwarcia Galerii na czwarty kwartał <xBRx/>2011 r. W szczegółowych warunkach najmu ustaliły opłatę za ceremonię otwarcia odpowiadająca równowartości Czynszu Podstawowego za okres jednego miesiąca, natomiast opłatę wstępną na 42 euro/m<xSUPx>2</xSUPx>, która przy uwzględnieniu powierzchni lokalu dała kwotę 2.936,22 euro. Stawkę procentową obrotu dla obliczenia Czynszu Dodatkowego ustalono na 8%. Czynsz Dodatkowy miał być rozliczany kwartalnie. Nadto strony ustaliły <xBRx/>z tytułu najmu lokalu stawkę Opłaty Eksploatacyjnej na 35 PLN/m<xSUPx>2</xSUPx>/m-c, <xBRx/>co łącznie daje kwotę 2.446,85 zł/miesięcznie. Kwota Gwarancji Bankowej wynosiła zaś 12.985,42 zł.</xText>
          <xText>Na podstawie § 9 umowy Najemca zobowiązany był nadto do zapłaty za okres od wydania lokalu do dnia otwarcia galerii opłaty jednorazowej (§ 9 ust. 1 pkt. a), a także jednorazowej opłaty wstępnej (§ 9 ust. 1 pkt. b) i opłaty określonej <xBRx/>w Specyfikacji <xAnon> (...)</xAnon> (§ 9 ust. 1 pkt. c).</xText>
          <xText>Zgodnie z treścią § 2 umowy Wynajmujący zobowiązał się oddać Najemcy (pozwanemu) przedmiot najmu do używania na czas oznaczony, <xBRx/>a Najemca przyjął do używania lokal i zobowiązał się płacić Wynajmującemu czynsz i inne opłaty.</xText>
          <xText>Strony ustaliły nadto, że Najemca (pozwany) będzie zobowiązany do prowadzenia w lokalu działalności gospodarczej w postaci kawiarni. Jednocześnie zastrzegły, że wynajmujący <xUx>nie jest zobowiązany</xUx> do nieudostępniania lokali w Galerii podmiotom prowadzącym działalność konkurencyjną w stosunku do prowadzonej przez Najemcę w Galerii (§ 9 ust. 8).</xText>
          <xText>Szczegółowe zasady naliczania czynszu strony uregulowały w § 20, 21 <xBRx/>i 22 umowy, zaś Opłaty Eksploatacyjnej w § 23 i 24 oraz załączniku 6 do umowy. Natomiast § 25 określiły sposób płatności czynszu i opłat.</xText>
          <xText>Na mocy zapisów § 26 ust. 2 umowy strony zastrzegły, że jeżeli Najemca pozostaje w opóźnieniu z zapłatą Czynszu Podstawowego za okres dwóch miesięcy, Wynajmujący wyznaczy Najemcy na piśmie dodatkowy, miesięczny termin do zapłaty, zaś po jego bezskutecznym upływie Wynajmujący będzie uprawniony do rozwiązania umowy bez zachowania terminu wypowiedzenia oraz bez zastosowania trybu opisanego w § 30 umowy. Natomiast w przypadku opóźnienia Najemcy z zapłatą jakiegokolwiek innego niż Czynsz Podstawowy świadczenia pieniężnego wynikającego z umowy przez okres dłuższy niż 30 dni, Wynajmujący Wyznaczy Najemcy dodatkowy 14-dniowy termin na dokonanie zapłaty, po którego bezskutecznym upływie będzie uprawniony do rozwiązania umowy najmu bez zachowania terminu wypowiedzenia oraz bez stosowania trybu określonego w § 30 umowy.</xText>
          <xText>Strony ustaliły na podstawie § 27 ust. 1 umowy, że na zabezpieczenie wykonania roszczeń Wynajmującego wynikających z umowy Najemca zobowiązuje w terminie na dwa miesiące przed Dniem Wydania Lokalu przedstawić Wynajmującemu gwarancję bankową. W przypadku niedostarczenia Wynajmującemu gwarancji bankowej lub nowej gwarancji bankowej Wynajmujący, niezależnie od możliwości żądania kary umownej <xBRx/>w wysokości równowartości czynszu podstawowego za okres trzech miesięcy za każdy rozpoczęty miesiąc utrzymania się stanu rzeczy niezgodnego z umową, może dokonać wypłaty z gwarancji i zatrzymać wypłaconą kwotę jako kaucję <xBRx/>(§ 27 ust. 4 umowy).</xText>
          <xText>
            <xIx>(Dowód: umowa najmu z 30.11.2010 r., k. 30-87)</xIx>
          </xText>
          <xText>Przy zawieraniu powyższej umowy pozwaną spółkę reprezentował <xAnon>R.</xAnon><xAnon>(...)</xAnon>, który włada językiem polskim w stopniu komunikatywnym (podstawowym). Umowę sporządzono w języku polskim. <xAnon>R.</xAnon><xAnon>(...)</xAnon>w ramach współpracy z radcą prawnym <xAnon>R. S.</xAnon> za udzielane mu porady prawne prowadził dla pracowników Kancelarii zajęcia z języka angielskiego. Podczas tych zajęć omawiano m.in. treść wzorcowej umowy najmu lokalu.</xText>
          <xText><xIx>(Dowód: umowa najmu z 30.11.2010 r., k. 30-87; zeznania świadków <xAnon>B. M.</xAnon></xIx>, <xIx><xAnon>M. G.</xAnon> i <xAnon>R. S.</xAnon> – nagranie rozprawy z 26.02.2013 r.; zeznania <xAnon>J. S.</xAnon> – nagranie rozprawy <xBRx/>z 23.04.2013 r.)</xIx></xText>
          <xText>W dniu 5 sierpnia 2011 r. pozwany odebrał od powoda przedmiotowy lokal. Jednocześnie dokonano obmiaru powierzchni ustalając ją na 69,88 m<xSUPx>2</xSUPx>. <xBRx/>Na powyższą okoliczność sporządzono protokół zdawczo-odbiorczy z dnia <xBRx/>5 sierpnia 2011 r.</xText>
          <xText>
            <xIx>(Dowód: protokół zdawczo-odbiorczy z 5.08.2011 r., k. 89-93)</xIx>
          </xText>
          <xText>Powód z tytułu należności wynikających z umowy najmu w/w lokalu wystawił na rzecz pozwanego następujące faktury VAT:</xText>
          <xEnum>
            <xBullet>-</xBullet>
            <xEnumElem>
              <xText><xAnon>(...)</xAnon> z dnia 1 grudnia 2011 r. na kwotę 19.431,67 zł (czynsz, opłata eksploatacyjna) z terminem płatności na dzień <xBRx/>14 grudnia 2011 r.,</xText>
            </xEnumElem>
            <xEnumElem>
              <xText><xAnon>(...)</xAnon>z dnia 30 grudnia 2011 r. na kwotę 2.346,87 zł (energia elektryczna, woda, ścieki) z terminem płatności na dzień <xBRx/>14 stycznia 2012 r.,</xText>
            </xEnumElem>
            <xEnumElem>
              <xText><xAnon>(...)</xAnon> z dnia 2 stycznia 2012 r. na kwotę 18.952,98 zł (czynsz, opłata eksploatacyjna) z terminem płatności na dzień <xBRx/>14 stycznia 2012 r.,</xText>
            </xEnumElem>
            <xEnumElem>
              <xText><xAnon>(...)</xAnon>z dnia 20 stycznia 2012 r. na kwotę 1.971,86 zł (energia elektryczna, woda, ścieki) z terminem płatności na dzień <xBRx/>6 lutego 2012 r.,</xText>
            </xEnumElem>
            <xEnumElem>
              <xText><xAnon>(...)</xAnon>z dnia 1 lutego 2012 r. na kwotę 18.267,81 zł (czynsz, opłata eksploatacyjna) z terminem płatności na dzień <xBRx/>14 lutego 2012 r.,</xText>
            </xEnumElem>
            <xEnumElem>
              <xText><xAnon>(...)</xAnon> z dnia 23 lutego 2012 r. na kwotę 2.091,22 zł (energia elektryczna, woda, ścieki) z terminem płatności na dzień <xBRx/>7 marca 2012 r.,</xText>
            </xEnumElem>
            <xEnumElem>
              <xText><xAnon>(...)</xAnon> z dnia 1 marca 2012 r. na kwotę 17.941,10 zł (czynsz, opłata eksploatacyjna) z terminem płatności na dzień <xBRx/>14 marca 2012 r.,</xText>
            </xEnumElem>
            <xEnumElem>
              <xText><xAnon>(...)</xAnon>z dnia 23 marca 2012 r. na kwotę 2.172,93 zł (energia elektryczna, woda, ścieki) z terminem płatności na dzień <xBRx/>10 kwietnia 2012 r.,</xText>
            </xEnumElem>
            <xEnumElem>
              <xText><xAnon>(...)</xAnon>z dnia 23 marca 2012 r. na kwotę 1.214,82 zł (czynsz indeks.) z terminem płatności na dzień 9 kwietnia 2012 r.,</xText>
            </xEnumElem>
            <xEnumElem>
              <xText><xAnon>(...)</xAnon> z dnia 2 kwietnia 2012 r. na kwotę 18.435,89 zł (czynsz, opłata eksploatacyjna) z terminem płatności na dzień <xBRx/>14 kwietnia 2012 r.,</xText>
            </xEnumElem>
            <xEnumElem>
              <xText><xAnon>(...)</xAnon>z dnia 19 kwietnia 2012 r. na kwotę 2.049,58 zł (energia elektryczna, woda, ścieki) z terminem płatności na dzień <xBRx/>3 maja 2012 r.,</xText>
            </xEnumElem>
            <xEnumElem>
              <xText><xAnon>(...)</xAnon>z terminem płatności na dzień <xBRx/>21 października 2011 r., która została skorygowana fakturą korygującą <xAnon>(...)</xAnon>na kwotę 34.981,20 zł,</xText>
            </xEnumElem>
            <xEnumElem>
              <xText><xAnon>(...)</xAnon>z dnia 31 stycznia 2012 r. na kwotę 63.098,75 zł (opłata za prace dodatkowe) z terminem płatności na dzień 17 lutego 2012 r.,</xText>
            </xEnumElem>
          </xEnum>
          <xText>Powyższe faktury powód doręczył pozwanemu.</xText>
          <xText>
            <xIx>(Dowód: faktury VAT wraz z potwierdzeniem doręczenia, k. 95-98, 100-103, 105-108, 110-113, 115-118, 120-123, 125-128, 130-133, 135-138, 140-143, 145-148; <xAnon>faktury VAT nr (...)</xAnon> wraz z potwierdzeniem doręczenia, k. 154-161; <xAnon>faktura (...)</xAnon>//MH/WS, k.163-166; faktura proforma nr <xAnon> (...)</xAnon>, k. 168-171)</xIx>
          </xText>
          <xText>Pozwana spółka tytułem częściowej zapłaty czynszu za grudzień 2011 r. w dniu 23 marca 2012 r. wpłaciła na rachunek powoda kwotę 5.000 zł.</xText>
          <xText>
            <xIx>(Dowód: potwierdzenie przelewu, k. 150)</xIx>
          </xText>
          <xText>Powód pismem z dnia 30 kwietnia 2012 r. dokonał kompensaty swojej wierzytelności wynikającej z <xAnon>faktury VAT nr (...)</xAnon> z należnością pozwanego objętą <xAnon>fakturą VAT nr (...)</xAnon>.</xText>
          <xText>
            <xIx>(Dowód: <xAnon>faktura VAT nr (...)</xAnon>, k. 151; pismo powoda <xBRx/>z 30.04.2012 r., k. 152)</xIx>
          </xText>
          <xText>Pozwana spółka nie przedstawiła w umownym terminie gwarancji bankowej <xIx>(okoliczność przyznana przez słuchanego w charakterze strony pozwanej <xAnon>R.</xAnon><xAnon>(...)</xAnon>).</xIx></xText>
          <xText>W dniu 28 grudnia 2011 r. powód wystawił na rzecz pozwanego notę obciążeniowa nr <xAnon> (...)</xAnon>, w której naliczył karę umowną <xBRx/>za niedostarczenie zabezpieczenia – gwarancji bankowej – (§ 27 ust. 4 umowy) za okres od dnia 5 czerwca do 19 grudnia 2011 r. w wysokości 233.373,34 zł. Termin zapłaty powód określił na siedem dni od otrzymania noty.</xText>
          <xText>
            <xIx>(Dowód: nota obciążeniowa z 28.12.2011 r., k.173-177).</xIx>
          </xText>
          <xText>Pozwany wobec zalegania z zapłatą należności określonych umową najmu przedmiotowego lokalu był wzywany kilkakrotnie przez przedstawicieli powodowej spółki w formie ustnej do uregulowania zaległości <xIx>(okoliczność przyznana przez słuchanego w charakterze strony pozwanej <xAnon>R.</xAnon><xAnon>(...)</xAnon>).</xIx></xText>
          <xText>Z uwagi na brak płatności dochodzonej pozwem należności pismem <xBRx/>z dnia 30 lipca 2012 r. powód wezwał pozwanego do zapłaty kwoty <xBRx/>243.349,62 zł. Kolejnym pismem z tej samej daty powód wezwał pozwanego do zapłaty kwoty 233.373,34 zł z tytułu w/w kary umownej. W powyższych wezwaniach powód wyznaczył siedmiodniowy termin do uregulowania należności.</xText>
          <xText>
            <xIx> (Dowód: wezwania do zapłaty z 30.07.2012 r., k. 179-181, 183-184)</xIx>
          </xText>
          <xText>Pismem z dnia 26 lipca 2012 r. powód, powołując się na <xLexLink xArt="art. 672" xIsapId="WDU19640160093" xTitle="Ustawa z dnia 23 kwietnia 1964 r. - Kodeks cywilny" xAddress="Dz. U. z 1964 r. Nr 16, poz. 93">art. 672 k.c.</xLexLink> oraz zapis § 26 ust. 2 i 3 umowy, wypowiedział przedmiotową umowę najmu bez zachowania okresu wypowiedzenia w związku z nieregulowaniem przez pozwanego należności wynikających z umowy. Jednocześnie wezwał pozwaną spółkę do zwrotu lokalu wyznaczając w tym celu termin na 6 sierpnia 2012 r.,</xText>
          <xText>
            <xIx>(Dowód: pismo z 26.07.2012 r., k. 186-187).</xIx>
          </xText>
          <xText>W dniu 6 sierpnia 2012 r. pozwany opuścił wynajmowany lokal wydając go protokolarnie powodowej spółce.</xText>
          <xText>
            <xIx>(Dowód: protokół zdawczo-odbiorczy z 6.08.2012 r., k. 189-191)</xIx>
          </xText>
          <xText>Pozwany w piśmie z dnia 13 sierpnia 2012 r. skierowanym do powodowej spółki złożył oświadczenie o uchyleniu się od skutków złożonego pod wpływem podstępu oświadczenia adresowanego do <xAnon> (...) Sp. z o.o.</xAnon><xBRx/>dot. umowy najmu z 30 listopada 2010 r. Podstępu pozwany upatrywał się min. <xBRx/>w zapewnieniach przedstawiciela powoda co do ilości konkurencyjnych lokali w Galerii, co zdecydowało o podpisaniu umowy, gdy w rzeczywistości w całej Galerii jest kilkanaście innych kawiarni.</xText>
          <xText>W odpowiedzi na powyższe pismo powód stwierdził, że uchylenie się od skutków prawnych złożonego oświadczenia uznaje za oczywiście niezasadne. Zakwestionował przy tym, aby zapewniał pozwanego co do liczby lokali gastronomicznych. Jednocześnie wskazał na zapis § 12 ust. 8 umowy najmu.</xText>
          <xText>Pismem z dnia 10 października 2012 r. <xAnon>R.</xAnon><xAnon>(...)</xAnon> w imieniu pozwanej spółki złożył oświadczenie o uchyleniu się od skutków oświadczenia woli złożonego pod wpływem błędu dot. umowy najmu z 30 listopada 2010 r. Wspólnik pozwanej spółki wywodził w powyższym piśmie, że nie włada językiem polskim w stopniu wystarczającym aby zrozumieć treść całej umowy. Z treścią tej umowy zapoznał go wybiórczo radca prawny <xAnon>R. S.</xAnon>. <xBRx/>O niekorzystnych jej zapisach w stosunku do spółki dowiedział się dopiero w trakcie wykonywania umowy.</xText>
          <xText>
            <xIx>(Dowód: pismo pozwanego z 13.08.2012 r., k. 193-196; pismo pozwanego z 16.08.2012 r., k. 198-200; pismo pozwanego z 10.10.2012 r., k. 223-24)</xIx>
          </xText>
          <xText>W dniu 9 czerwca 2011 r. pozwany, w imieniu której działał <xAnon>R.</xAnon><xAnon>(...)</xAnon>, złożył oświadczenie o poddaniu się egzekucji w zakresie należności wynikających z umowy najmu. Jednocześnie w akcie notarialnym w/w osoba potwierdziła rodzaj i wysokość zobowiązań z tytułu miesięcznego czynszu podstawowego, kwartalnego czynszu dodatkowego, miesięcznej opłaty eksploatacyjnej ustalonej w umowie.</xText>
          <xText>We wstępnej części powyższego aktu notarialnego notariusz odnotował, że <xAnon>R.</xAnon><xAnon>(...)</xAnon> posługuje się biegle językiem polskim w mowie i piśmie.</xText>
          <xText>
            <xIx>(Dowód: akt notarialny z 9 czerwca 2011 r., k. 306-312).</xIx>
          </xText>
          <xText>Kwota dochodzona pozwem stanowi inne należności, ponad objęte powyższym oświadczeniem (protokół z rozprawy z dnia 26.02.2013r. k. 489)</xText>
          <xText>Powyższy stan faktyczny Sąd ustalił na podstawie powołanych wyżej dowodów z dokumentów, które uznał za wiarygodne w zakresie, jaki wyznaczają im przepisy <xLexLink xArt="art. 245" xIsapId="WDU19640430296" xTitle="Ustawa z dnia 17 listopada 1964 r. - Kodeks postępowania cywilnego" xAddress="Dz. U. z 1964 r. Nr 43, poz. 296">art. 245 k.p.c.</xLexLink> Nadto oparł się na zeznaniach świadków, w szczególności <xAnon>B. M.</xAnon>, <xAnon>M. G.</xAnon>, <xAnon>R. S.</xAnon>, <xAnon>J. S.</xAnon>, którym dał w całości wiarę. Powyższe dowody były bowiem wzajemnie spójne i ze sobą korespondowały. Wskazani wyżej świadkowie dysponowali bezpośrednią wiedzą o faktach, na okoliczność których byli słuchani. Natomiast świadkowie <xAnon>M. K.</xAnon>, <xAnon>M. P. (1)</xAnon>, <xAnon>M. P. (2)</xAnon>, <xAnon>B. M.</xAnon> posiadali jedynie wiedzę ogólnikową o okolicznościach zawarcia umowy, bądź nie mieli jej wcale, czy też o znajomości języka polskiego przez <xAnon>R. M.</xAnon>.</xText>
          <xText>Sąd nie dał wiary w części zeznaniom świadków <xAnon>A. Ś.</xAnon>, <xAnon>E. B.</xAnon> i słuchanego w charakterze strony pozwanej <xAnon>R. M.</xAnon>, a mianowicie co do tego, że nie zna on (nie posługuje się) przynamniej w stopniu podstawowym (komunikatywnym) językiem polskim.</xText>
          <xText><xAnon>R.</xAnon><xAnon>(...)</xAnon> od około 10 lat przebywa bowiem w Polsce, jest nauczycielem języka angielskiego, pozostaje w związku z polką i sam podkreśla swoje talenty językowe.</xText>
          <xText>Powoływanie się na zupełną nieznajomość języka polskiego wydaje się więc korzystne dla w/wymienionego w realiach niniejszej sprawy , świadków zaś A. <xAnon>Ś.</xAnon> i E. Byłoś łączą bliskie z nim kontakty.</xText>
          
          <xText>
            <xBx>Sąd Okręgowy rozstrzygając spór zważył co następuje: </xBx>
          </xText>
          
          <xText>Przede wszystkim należy podkreślić, że kwota dochodzona niniejszym pozwem nie była kwestionowana przez stronę pozwaną co do wysokości. Wyliczenie więc zaległości opłat jak i kar umownych, w świetle ustaleń poczynionych w umowie, należało uznać w tym zakresie za przyznane.</xText>
          <xText>Pozwany nie kwestionował również twierdzeń powoda odnośnie uchylenia klauzuli wykonalności nadanej aktowi notarialnemu, którym poddał się egzekucji, jak również, że należności dochodzone niniejszym pozwem nie obejmują kwoty wynikającej z tego aktu.</xText>
          <xText>Do rozstrzygnięcia więc pozostawały w sprawie następujące kwestie:</xText>
          <xText>- czy strony niniejszego sporu zawarły umowę najmu lokalu o treści, na którą powołuje się strona powodowa,</xText>
          <xText>- czy pozwana spółka skutecznie uchyliła się od skutków prawnych swojego oświadczenia woli w tym zakresie,</xText>
          <xText>- czy umowa najmu została rozwiązana w sposób zgodny zgodny z jej treścią,</xText>
          <xText>- czy skuteczny jest zarzut potrącenia wierzytelności powoda z wierzytelnością pozwanego z tytułu odszkodowania za niezgodne z umową jej rozwiązanie jak również tytułu zwrotu nakładów poczynionych na lokal.</xText>
          <xText>Nie budzi wątpliwości fakt, że w dniu 30 listopada 2010r. pozwana <xAnon> spółka komandytowa (...)</xAnon> z/s w <xAnon>R.</xAnon> nie była jeszcze wpisana do Rejestru Przedsiębiorców KRS, występując jako tzw. <xBRx/>„ spółka w organizacji”.</xText>
          <xText>W literaturze przedmiotu nie ma zgodnego stanowiska co do kwestii czy odnośnie spółek komandytowych można wyodrębnić tego rodzaju podmiot, uprawniony do występowania w obrocie - dominuje jednak pogląd przeciwny.</xText>
          <xText>Sąd Okręgowy również stoi na takim stanowisku, co skutkuje koniecznością przyjęcia, że w dniu 30 listopada 2010r. Spółka ta nie mogła skutecznie zawrzeć przedmiotowej umowy.</xText>
          <xText>Trzeba jednak zaznaczyć, że do zawarcia umowy na warunkach określonych w treści jej wzoru, na który powołuje się powód mogło dojść także w inny sposób, a mianowicie poprzez wyraźnie oświadczenie woli w tym przedmiocie złożone przez strony, bądź też poprzez czynności konkludentne - i z taką sytuacją mamy do czynienia w niniejszym przypadku.</xText>
          <xText>Zdaniem Sądu, przede wszystkim składając oświadczenie o poddaniu się egzekucji aktem notarialnym z dnia 9.06.2011r. pozwany w sposób wyraźny potwierdził fakt zawarcia umowy najmu na warunkach zgodnych z jej pisemną wersją.</xText>
          <xText>Także okoliczność wykonywania tej umowy, rozliczania płatności, wskazuje, że pozwany jako spółka komandytowa potwierdzał wolę realizacji umowy na warunkach ustalonych na piśmie. Przy braku odmiennych bowiem wskazań wykonywanie umowy może być traktowane również jako oświadczenie o jej zawarciu. Praktyka sądowa wskazuje zresztą, że zawarcie umowy może nastąpić nie tylko przez faktyczne przyjęcie zaoferowanego świadczenia, ale także przez wspólne wykonywanie pewnych działań wskazujących na wolę kreowania stosunku umownego.</xText>
          <xText>W tej sytuacji, w ocenie Sądu postanowienia umowy na którą powołuje się strona powodowa należało uznać za wiążące strony niniejszego postępowania.</xText>
          <xText>Dodać trzeba, że płatności których dochodzi powód niniejszym pozwem obejmują okres po zarejestrowaniu spółki komandytowej w KRS (tj. po dniu 8.02.2011r.), w tym kara umowna naliczona została pozwanemu za okres od 5 czerwca do 19 grudnia 2011r., a więc również po tej dacie.</xText>
          <xText>Zdaniem Sądu Okręgowego wolę zawarcia umowy strona pozwana wyraziła w sposób świadomy i swobodny, tak więc nie zostały spełnione przesłanki wymienione w <xLexLink xArt="art. 82" xIsapId="WDU19640160093" xTitle="Ustawa z dnia 23 kwietnia 1964 r. - Kodeks cywilny" xAddress="Dz. U. z 1964 r. Nr 16, poz. 93">art. 82 kc</xLexLink>, na które powołuje się pozwany zarzucając nieważność umowy.</xText>
          <xText>Sformułowanie „stan wyłączający świadome i swobodne powzięcie i oświadczenie woli” musi być bowiem odniesione do stanu psychiki i intelektu osoby składającej to oświadczenie. Oznacza to, że przyczyna wyłączająca swobodne powzięcie decyzji i wyrażenie woli tkwić musi w samym oświadczającym, a nie w sytuacji zewnętrznej w jakiej on działa.</xText>
          <xText>Niedostateczna znajomość języka polskiego, w którym sporządzony został tekst umowy - nawet przy przyjęciu, że zaistniała taka okoliczność - nie stanowi przesłanki do przyjęcia, że osoba która ostatecznie zaproponowane jej warunki umowy zaakceptowała, działała w stanie wyłączającym świadomość. Podkreślić trzeba raz jeszcze, że stan braku świadomości to brak rozeznania, niemożność zrozumienia posunięć własnych lub też innych osób, czy też niezdawanie sobie sprawy ze znaczenia własnego postępowania i stan taki musi wynikać z przyczyny wewnętrznej - tak Sąd Najwyższy w wyroku z dnia 7.02.2006r. sygn. IV CSK 7/05 lex 180191. Nie zapoznanie dokładnie z treścią warunków umowy ( nawet w przypadku opierania się w tej kwestii na opinii osoby trzeciej), nie daje podstawy do przyjęcia braku świadomości w rozumieniu cytowanego wyżej przepisu.</xText>
          <xText>Dodać trzeba, że z natury rzeczy <xLexLink xArt="art. 82" xIsapId="WDU19640160093" xTitle="Ustawa z dnia 23 kwietnia 1964 r. - Kodeks cywilny" xAddress="Dz. U. z 1964 r. Nr 16, poz. 93">art. 82 kc</xLexLink> może znaleźć zastosowanie tylko w razie czynności prawnych zdziałanych przez osoby fizyczne, nie jest możliwe natomiast jego stosowanie do działań osoby prawnej.</xText>
          <xText>Spółka komandytowa wprawdzie nie posiada osobowości prawnej, jednak szereg jej podobieństw do spółek kapitałowych również wskazuje na konieczność ostrożnego stosowania przepisu <xLexLink xArt="art. 82" xIsapId="WDU19640160093" xTitle="Ustawa z dnia 23 kwietnia 1964 r. - Kodeks cywilny" xAddress="Dz. U. z 1964 r. Nr 16, poz. 93">art. 82 kc.</xLexLink></xText>
          <xText>W ocenie Sądu Okręgowego pozwana spółka nie uchyliła się również od złożonego przez siebie oświadczenia woli, nie wykazując aby zostało ono złożone pod wypływem błędu czy też podstępu.</xText>
          <xText>Zgodnie z <xLexLink xArt="art. 84;art. 84 § 1" xIsapId="WDU19640160093" xTitle="Ustawa z dnia 23 kwietnia 1964 r. - Kodeks cywilny" xAddress="Dz. U. z 1964 r. Nr 16, poz. 93">art. 84 § 1 kc</xLexLink> w razie błędu co do treści czynności prawnych można uchylić się od skutków prawnych swojego oświadczenia woli złożonego innej osobie, gdy błąd został wywołany przez tę osobę chociażby bez jej winy, albo gdy wiedziała ona o błędzie lub mogła z łatwością błąd zauważyć. Zgodnie z § 2 tego przepisu można powoływać się tylko na błąd uzasadniający przypuszczenie, że gdyby składający oświadczenie woli nie działał pod wpływem błędu i oceniał sprawę rozsądnie, nie złożyłby oświadczenia tej treści (błąd istotny).</xText>
          <xText>Po myśli natomiast art. 86 § 1 ikc jeżeli błąd wywołała druga strona podstępnie, uchylenie się od skutków prawnych oświadczenia woli złożonego pod wpływem błędu może nastąpić także wtedy, gdy błąd nie był istotny, jak również wtedy, gdy nie dotyczył treści czynności prawnej.</xText>
          <xText>Ogólnie rzecz biorąc przez błąd rozumie się mylne wyobrażenie strony o rzeczywistości lub brak jakiegokolwiek wyobrażenia o niej. W odróżnieniu od błędu, przy podstępie mylne wyobrażenie o rzeczywistym stanie rzeczy skłaniającym oświadczającego do dokonania czynności prawnej spowodowane winno być nagannym działaniem innej osoby. Na pewno więc o podstępie można mówić w przypadkach świadomego i celowego przekazywania nieprawdziwych informacji o okolicznościach wpływających na decyzję składającego oświadczenie woli, czy też utwierdzaniu go w takim mniemaniu. To również zaniechanie powiadomienia składającego oświadczenie woli o rzeczywistym stanie rzeczy - pomimo obowiązku w tym zakresie.</xText>
          <xText>Na takie właśnie okoliczności powołuje się strona pozwana wskazując, że reprezentujący stronę powodową pełnomocnik, radca prawny, jednocześnie świadczący usługi na jego rzecz zapewniał o tym, że umowa sformułowana jest w sposób korzystny dla najemcy, w tym nie zawiera żadnych zapisów odnośnie kar umownych. Nadto, ustalono w niej, że ilość lokali gastronomicznych w Galerii będzie ograniczona, zapewnione będzie również pozwanemu odpowiadającemu mu sąsiedztwo określonych sieci handlowych, co gwarantować miało, w jego ocenie, finansowe powodzenie przedsięwzięcia.</xText>
          <xText>W ocenie Sądu Okręgowego okoliczności powyższe nie zostały jednak w sprawie w sposób dostateczny wykazane. Nie dokonując oceny działań pełnomocnika w kontekście obowiązujących zasad etyki zawodowej, która to ocena będzie dokonywana przez właściwy organ samorządowy z uwagi na wniesioną skargę, stwierdzić trzeba, że materiał dowodowy zgromadzony w sprawie nie daje podstawy do przyjęcia aby pełnomocnik strony powodowej zapewniał pozwanego o zapisach umowy innych niż wynika to z jej brzmienia.</xText>
          <xText>Dodać trzeba, że umowa ta miała charakter standardowy, opracowana została dla wszystkich ewentualnych najemców lokali w Galerii, a negocjacje jej warunków były w zasadzie ograniczone .</xText>
          <xText>Trudno więc racjonalnie uzasadnić powód dla którego pełnomocnik upoważniony do podejmowania działań w zakresie komercjalizacji Galerii zapewniać miałby kandydata na najemcę o treści umowy innej, niż rzeczywista, tym bardziej, że nie było żadnych przeszkód aby treść tej umowy była przetłumaczona na język angielski, choćby w trakcie udzielanych przez przedstawiciela spółki lekcji języka angielskiego pracownikom <xAnon> Kancelarii (...)</xAnon>.</xText>
          <xText>Korespondencja prowadzona w tej sprawie pomiędzy Kancelarią a stroną pozwaną, jak również przeprowadzone dowody z zeznań świadków również nie dały podstawy do przyjęcia powyższego, a więc, że strona pozwana została wprowadzona w błąd bądź też błąd wywołała druga strona podstępem.</xText>
          <xText>Granicą zaś, która wyklucza możliwość powołania się na błąd co do prawa jest sytuacja, gdy mylne wyobrażenie o skutkach prawnych złożonego oświadczenia woli zostało spowodowane niedbalstwem strony w zapoznaniu się z treścią składanego przez nią oświadczenia woli (tak SN w wyroku z dnia 8.03.2012r., sygn. III CSK 221/11 lex nr 1164737).</xText>
          <xText>Nie ma mowy o błędzie, gdy ktoś świadomie składa oświadczenie woli nie znając jego treści, np. składa podpis na dokumencie z którego treścią się nie zapoznał. Z istoty błędu bowiem wynika przekonanie błądzącego, że postrzegany przez niego stan rzeczy odpowiada prawdzie. Osoba więc która świadomie np. podpisuje dokument nie znając jego treści - nie myli się, lecz świadomie akceptuje postanowienia zawarte w dokumencie oraz ich treść ( tak: SN w wyroku z dnia 14.01.2009r , sygn. IV CSK 358/08, lex nr 603181).</xText>
          <xText>Z taką właśnie sytuacją mamy do czynienia w niniejszym przypadku. Pozwany nie dokonał, choć miał ku temu możliwości analizy szczegółowych i obszernych zapisów proponowanej umowy najmu - co nie pozwala na przyjęcie, że działał pod wpływem błędu wywołanego przez stronę przeciwną.</xText>
          <xText>Powyższe powoduje, że zarzut jego co nieważności umowy należy uznać w całości za bezzasadny.</xText>
          <xText>Sąd nie uwzględnił również zarzutu potrącenia wierzytelności pozwanego z wierzytelnością powoda z powodów następujących:</xText>
          <xText>Odnośnie zwrotu nakładów poczynionych przez pozwanego na lokal należy wskazać, że w zawartej umowie strony ustaliły sposób rozliczania tych nakładów w § 13. I tak przyjęły, że wymienione w pkt 7 elementy po rozwiązaniu przedmiotowej umowy przechodzą na własność wynajmującego. Nadto, że po rozwiązaniu umowy najemca nie będzie żądał od wynajmującego zwrotu nakładów na lokal w gotówce.</xText>
          <xText>Odnosząc się natomiast do zarzutu potrącenia obejmującego szkodę pozwanego polegającą na uniemożliwieniu mu uzyskania korzyści z wynajmu lokalu na skutek bezprawnego rozwiązania umowy wskazać trzeba przede wszystkim, że tak jak wspomniano wyżej w umowie kwestie jej rozwiązania z uwagi na niewykonywanie przez najemcę obowiązków w zakresie płatności uregulowane zostały w § 26 i 30 . I tak w § 30 ust 3 przyjęto, iż wypowiedzenie umowy przez wynajmującego poprzedzone będzie pisemnym wezwaniem zawierającym zagrożenie wypowiedzenia umowy oraz termin w którym najemca musi powrócić do postępowania zgodnego z jej postanowieniami. Tryb powyższy nie znajduje jednak zastosowania w razie braku płatności czynszu podstawowego lub innych opłat, a także w sytuacjach wprost przewidzianych w umowie lub wówczas, gdy umowa ta przewiduje dla najemcy odrębny termin dla zaniechania jej naruszeń. I tak w § 26 postanowiono, że w przypadku opóźnienia najemcy z zapłatą jakiegokolwiek innego niż czynsz podstawowy świadczenia pieniężnego wynikającego z umowy przez okres dłuższy niż 30 dni wynajmujący wyznaczy najemcy dodatkowy 14 - dniowy termin na dokonanie zapłaty, po którego bezskutecznym upływie będzie uprawniony do rozwiązania umowy najmu bez zachowania terminu wypowiedzenia oraz bez stosowania trybu opisanego w § 30 umowy.</xText>
          <xText>Nie był kwestionowany fakt, że pozwany najemca zalegał z uiszczaniem różnych opłat, w tym także czynszu podstawowego i opłat eksploatacyjnych. W tej sytuacji wynajmujący nie był obowiązany do dochowania warunków o0kreślonych w § 30 ust 3 umowy. Przedstawiciel pozwanej spółki przyznał natomiast, że wielokrotnie był wzywany przed otrzymaniem pisemnego wypowiedzenia do zapłaty zaległości (§ 26 ust 3), jednak prawdopodobnie z przyczyn ekonomicznych zaległości tych nie płacił.</xText>
          <xText>Powyższe daje podstawę do przyjęcia w ocenie Sądu, że umowa niniejsza została rozwiązana przez wynajmującego zgodnie z obowiązującymi strony ustaleniami w tym przedmiocie.</xText>
          <xText>Dodać również należy, że nie był w sprawie kwestionowany fakt, iż pozwany opuścił lokal i nie zmierzał do tego aby umowa najmu była kontynuowana, przeciwnie z uwagi na okoliczności niniejszej sprawy , a w szczególności fakt, że prowadzona przez pozwanego działalność gospodarcza w zakresie objętym umową nie przynosiła żadnych zysków - należało przyjąć, że pozwany zainteresowany był w rozwiązaniu tej umowy. Przed wystąpieniem przez powoda na drogę sądową nie powoływał się zresztą na okoliczność, iż wypowiedzenie jest nieskuteczne, opuścił lokal nie zgłaszając w tej kwestii protestu.</xText>
          <xText>W tej sytuacji w ocenie Sądu Okręgowego przyjąć można , że w zasadzie obie strony umowy wyraziły wolę jej rozwiązania.</xText>
          <xText>Pewne zachowania faktyczne mogą bowiem na tle kontekstu sytuacyjnego być interpretowane jako złożenie oświadczenia woli o zakończenia stosunku cywilnoprawnego.</xText>
          <xText>Powyższe powoduje, że żądanie odszkodowania w postaci utraconych korzyści jakich pozwany spodziewał się uzyskać w okresie dalszych 5 lat obowiązywania umowy należało uznać za bezzasadne.</xText>
          <xText>Reasumując, powództwo uwzględniono w całości stosowanie do ustaleń wynikających z zawartej przez strony umowy najmu, a to § 20, 21, 22, 23, 24, 25 i 27 ust 4, a także <xLexLink xArt="art. 659" xIsapId="WDU19640160093" xTitle="Ustawa z dnia 23 kwietnia 1964 r. - Kodeks cywilny" xAddress="Dz. U. z 1964 r. Nr 16, poz. 93">art. 659 kc.</xLexLink> O kosztach postępowania orzeczono stosowanie do <xLexLink xArt="art. 98;art. 98 § 1;art. 98 § 3" xIsapId="WDU19640430296" xTitle="Ustawa z dnia 17 listopada 1964 r. - Kodeks postępowania cywilnego" xAddress="Dz. U. z 1964 r. Nr 43, poz. 296">art. 98 § 1 i 3 kpc</xLexLink>.</xText>
        </xUnit>
      </xBlock>
    </xPart>
  </judgement>
<judgement id="155025400007527_XV_GC_001301_2012_Uz_2013-07-31_001">
    <xPart xEditorFullName="Paulina Kałuska" xYear="2012" xLang="PL" xPublisherFullName="Alina Kuczyńska" xFromPg="1" xEditor="pkaluska" xVolType="15/502540/0007527/GC" xPublisher="akuczynska" xDocType="Uz" xVolNmbr="001301" xVersion="1.0" xToPage="3" xFlag="published">
      <xName>Wyrok+Uzasadnienie</xName>
      <xBlock>
        <xText>
          <xBx>Sygn. akt XV GC 1301/12</xBx>
        </xText>
        <xUnit xIsTitle="true" xType="part" xBold="true">
          <xName>WYROK</xName>
          <xTitle>W IMIENIU RZECZYPOSPOLITEJ POLSKIEJ</xTitle>
          <xText xALIGNx="right">Dnia 10 maja 2013 roku</xText>
          <xText>
            <xBx>Sąd Rejonowy dla Wrocławia-Fabrycznej, Wydział XV Gospodarczy</xBx>
          </xText>
          <xText>w składzie:</xText>
          <xText>Przewodniczący: SSR Filip Wesołowski</xText>
          <xText>Protokolant: Paulina Kałuska</xText>
          <xText>po rozpoznaniu w dniu 26 kwietnia 2013 roku we Wrocławiu</xText>
          <xText>na rozprawie</xText>
          <xText>sprawy z powództwa <xAnon>Ł. W.</xAnon></xText>
          <xText>przeciwko <xAnon>K. K.</xAnon></xText>
          <xText>o zapłatę</xText>
          
          <xUnit xIsTitle="false" xType="none">
            <xName xSffx=".">I</xName>
            <xText>zasądza od pozwanego na rzecz powoda kwotę 19530,96 zł (dziewiętnaście tysięcy pięćset trzydzieści złotych dziewięćdziesiąt sześć groszy) z ustawowymi odsetkami od dnia 8 kwietnia 2011 roku do dnia zapłaty, z zastrzeżeniem, że spełnienie świadczenia wynikającego z wyroku zaocznego Sądu Okręgowego we Wrocławiu z dnia 25 sierpnia 2008 roku, utrzymanego w mocy wyrokiem z dnia 6 maja 2009 roku (sygn. akt X GC 160/08) przez <xAnon> (...) spółkę z o.o.</xAnon> we <xAnon>W.</xAnon> zwalnia pozwanego z obowiązku zapłaty na rzecz powoda kwoty wskazanej w niniejszym punkcie;</xText>
          </xUnit>
          <xUnit xIsTitle="false" xType="none">
            <xName xSffx=".">II</xName>
            <xText>ustala wynagrodzenie kuratora ustanowionego dla nieznanego z miejsca pobytu pozwanego na kwotę 1200 zł;</xText>
          </xUnit>
          <xUnit xIsTitle="false" xType="none">
            <xName xSffx=".">III</xName>
            <xText>przyznaje kuratorowi <xAnon>E. Ś.</xAnon> wynagrodzenie w kwocie 1200 zł;</xText>
          </xUnit>
          <xUnit xIsTitle="false" xType="none">
            <xName xSffx=".">IV</xName>
            <xText>zasądza od pozwanego na rzecz powoda kwotę 4577 zł kosztów procesu.</xText>
          </xUnit>
          
          <xText>Sygn. akt XV GC 1301/12</xText>
        </xUnit>
        <xUnit xIsTitle="true" xType="part" xBold="true">
          <xName>UZASADNIENIE</xName>
          <xText>Pozwem z dnia 8 kwietnia 2011 roku powód <xAnon>Ł. W.</xAnon> domagał się zasądzenia od pozwanego <xAnon>K. K.</xAnon> kwoty 19530,96 zł wraz z ustawowymi odsetkami i kosztami procesu. W uzasadnieniu wskazał, że prawomocnym wyrokiem zaocznym Sądu Okręgowego we Wrocławiu zasądzono na jego rzecz od <xAnon> (...) spółki z o.o.</xAnon> we <xAnon>W.</xAnon> kwotę 18700 zł kosztów procesu (oraz 72 zł kosztów postępowania klauzulowego). W umorzonym (z powodu bezskuteczności) postępowaniu egzekucyjnym powodowi przyznano koszty zastępstwa prawnego w kwocie 600 zł (powód poniósł także koszty postępowania egzekucyjnego w kwocie 158,96 zł). W takiej sytuacji wierzyciel wystąpił z powództwem przeciwko pozwanemu, który sprawował funkcję członka (prezesa) zarządu <xAnon> (...) spółki z o.o.</xAnon> we <xAnon>W.</xAnon> w okresie powstania zobowiązania. Pozwany jednak nie uregulował należności, mimo wezwania do zapłaty.</xText>
          <xText>W dniu 1 czerwca 2011 roku został wydany nakaz zapłaty w postępowaniu upominawczym, którym zasądzono kwotę dochodzoną pozwem i 2662 zł kosztów procesu.</xText>
          <xText>Wobec braku możliwości doręczenia pozwanemu nakazu zapłaty postanowieniem z dnia 18 lipca 2012 roku (zmienionym postanowieniem z dnia 25 lipca 2012 roku) Sąd uchylił nakaz zapłaty oraz ustanowił dla pozwanego (nieznanego z miejsca pobytu) kuratora w osobie pracownika tutejszego Sądu <xAnon>E. Ś.</xAnon>.</xText>
          <xText>W odpowiedzi na pozew kurator wniósł o oddalenie powództwa w całości (z ostrożności procesowej).</xText>
          <xText>Wezwany na rozprawę pozwany wniósł o doręczenie mu odpisu pozwu na wskazany adres do doręczeń (ustanowił też pełnomocnika do doręczeń bez wskazania jego adresu).</xText>
          <xText>Pismo z odpisem pozwu (wraz z załącznikami i pouczeniem o obowiązku złożenia odpowiedzi na pozew) zostało pozostawione w aktach ze skutkiem doręczenia na dzień 2 kwietnia 2013 roku.</xText>
          <xText>W piśmie procesowym z dnia 25 kwietnia 2013 roku pozwany wniósł o oddalenie powództwa. Zarzucił przede wszystkim, że w dniu 4 maja 2009 roku złożył rezygnację z funkcji prezesa <xAnon> (...) spółki z o.o.</xAnon> we <xAnon>W.</xAnon> oraz zbył swoje udziały. W ocenie pozwanego nie odpowiada on zatem za zobowiązania spółki. Jednocześnie pełnomocnik pozwanego wniósł o odroczenie rozprawy z uwagi na pogrzeb matki swojego przyjaciela.</xText>
          
          <xText>
            <xBx>Sąd ustalił następujący stan faktyczny:</xBx>
          </xText>
          
          <xText>Od dnia 16 grudnia 2003 roku do chwili obecnej <xAnon>K. K.</xAnon> jest wpisany do rejestru przedsiębiorców Krajowego Rejestru Sądowego jako prezes zarządu <xAnon> (...) spółki z o.o.</xAnon> we <xAnon>W.</xAnon>.</xText>
          <xText>(dowód: bezsporne,</xText>
          <xText>odpis pełny z KRS – k. 7-8)</xText>
          <xText>Prawomocnym wyrokiem zaocznym z dnia 25 sierpnia 2008 roku Sąd Okręgowy we Wrocławiu, Wydział X Gospodarczy nakazał stronie pozwanej <xAnon>(...) spółce z o.o.</xAnon>we <xAnon>W.</xAnon>, aby osoby uprawnione do jej reprezentowania złożyły oświadczenie woli o przeniesieniu na powoda <xAnon>Ł. W.</xAnon>własności spółdzielczego własnościowego prawa do lokalu użytkowego o powierzchni 120,75 m<xSUPx> 2</xSUPx>, składającego się z sali sprzedaży, wc, biura i magazynu, położonego we <xAnon>W.</xAnon>przy <xAnon>ul. (...)</xAnon>na parterze budynku w zasobie Spółdzielni Mieszkaniowej <xAnon>(...)</xAnon> we <xAnon>W.</xAnon>za cenę 230000 zł oraz zasądził od strony pozwanej na rzecz powoda kwotę 18700 zł tytułem zwrotu kosztów procesu, w tym 7200 zł za zastępstwo prawne. Sąd nadał też w punkcie III wyrokowi rygor natychmiastowej wykonalności.</xText>
          <xText>Wyrokiem z dnia 6 maja 2009 roku wyrok zaoczny z dnia 25 sierpnia 2008 roku został w całości utrzymany w mocy.</xText>
          <xText>W dniu 4 czerwca 2009 roku Sąd nadając klauzulę wykonalności zasądził od strony pozwanej na rzecz powoda kwotę 72 zł kosztów postępowania klauzulowego.</xText>
          <xText>(dowód: bezsporne,</xText>
          <xText>wyrok zaoczny z dnia 25.08.2008 roku – k. 10,</xText>
          <xText>wyrok z dnia 6.05.2009 roku – k. 10)</xText>
          <xText>W oparciu o powyższe wyroki <xAnon>Ł. W.</xAnon> złożył wniosek o wszczęcie postępowania egzekucyjnego.</xText>
          <xText>(dowód: bezsporne)</xText>
          <xText>Postanowieniem z dnia 23 października 2009 roku komornik sądowy przy Sądzie Rejonowym w Wołowie <xAnon>A. M.</xAnon> przyznał <xAnon>Ł. W.</xAnon> koszty zastępstwa prawnego w postępowaniu egzekucyjnym w wysokości 600 zł.</xText>
          <xText>(dowód: postanowienie z dnia 23.10.2009 roku – k. 12)</xText>
          <xText>Postanowieniem z dnia 26 lutego 2010 roku komornik sądowy przy Sądzie Rejonowym w Wołowie <xAnon>A. M.</xAnon> umorzył prowadzone przeciwko <xAnon> (...) spółce z o.o.</xAnon> we <xAnon>W.</xAnon> postępowanie egzekucyjne wobec stwierdzenia bezskuteczności egzekucji.</xText>
          <xText>Ustalił także koszty postępowania egzekucyjnego na kwotę 185,61 zł, z czego kwota 158,96 zł została pokryta z zaliczki wpłaconej przez wierzyciela (<xAnon>Ł. W.</xAnon>).</xText>
          <xText>(dowód: postanowienie z dnia 26.02.2010 roku – k. 13,</xText>
          <xText>pismo z dnia 24.08.2009 roku – k. 11)</xText>
          <xText>W dniu 24 listopada 2010 roku pełnomocnik <xAnon>Ł. W.</xAnon> wezwał <xAnon>K. K.</xAnon> do zapłaty kwoty dochodzonej pozwem.</xText>
          <xText>(dowód: wezwanie do zapłaty z dowodem nadania – k. 25-23)</xText>
          
          <xText>
            <xBx>Sąd zważył, co następuje:</xBx>
          </xText>
          
          <xText>Powództwo w całości zasługiwało na uwzględnienie.</xText>
          <xText>Bezsporne w niniejszej sprawie były właściwie wszystkie okoliczności faktyczne, a w szczególności fakt istnienia niezapłaconego zobowiązania <xAnon> (...) spółki z o.o.</xAnon> we <xAnon>W.</xAnon> wobec powoda (w postaci kosztów procesu i kosztów postępowania egzekucyjnego), bezskuteczność egzekucji przeciwko spółce oraz pełnienie przez pozwanego funkcji członka zarządu w okresie co najmniej do dnia 4 maja 2009 roku.</xText>
          <xText>Spór między stronami sprowadzał się natomiast do tego, czy w świetle tak ustalonych (i co do zasady bezspornych) okoliczności faktycznych pozwany ponosił odpowiedzialność za zobowiązania <xAnon> (...) spółki z o.o.</xAnon> we <xAnon>W.</xAnon>.</xText>
          <xText>Należy przede wszystkim wskazać, że postępowanie cywilne ma charakter kontradyktoryjny, czego wyrazem jest przede wszystkim dyspozycja <xLexLink xArt="art. 232" xIsapId="WDU19640430296" xTitle="Ustawa z dnia 17 listopada 1964 r. - Kodeks postępowania cywilnego" xAddress="Dz. U. z 1964 r. Nr 43, poz. 296">art. 232 k.p.c.</xLexLink>, określająca obowiązek stron do wskazywania dowodów dla stwierdzenia faktów, z których wywodzą skutki prawne, co z kolei jest potwierdzeniem reguły zawartej w <xLexLink xArt="art. 6" xIsapId="WDU19640160093" xTitle="Ustawa z dnia 23 kwietnia 1964 r. - Kodeks cywilny" xAddress="Dz. U. z 1964 r. Nr 16, poz. 93">art. 6 k.c.</xLexLink>, wyznaczającej sposób rozłożenia ciężaru dowodu. Trzeba podkreślić, że zasady <xLexLink xArt="art. 6" xIsapId="WDU19640160093" xTitle="Ustawa z dnia 23 kwietnia 1964 r. - Kodeks cywilny" xAddress="Dz. U. z 1964 r. Nr 16, poz. 93">art. 6 k.c.</xLexLink> i <xLexLink xArt="art. 232" xIsapId="WDU19640430296" xTitle="Ustawa z dnia 17 listopada 1964 r. - Kodeks postępowania cywilnego" xAddress="Dz. U. z 1964 r. Nr 43, poz. 296">232 k.p.c.</xLexLink> nie określają jedynie zakresu obowiązku zgłaszania dowodów przez strony, ale rozumiane muszą być przede wszystkim i w ten sposób, że strona, która nie przytoczyła wystarczających dowodów na poparcie swych twierdzeń ponosi ryzyko niekorzystnego dla siebie rozstrzygnięcia, o ile ciężar dowodu co do tych okoliczności na niej spoczywał. Zaznaczyć także należy, że nie jest rzeczą Sądu poszukiwanie za stronę dowodów przez nią nie wskazanych, mających na celu udowodnienie jej twierdzeń (tak również Sąd Najwyższy w wyroku z dnia 17 grudnia 1996 roku, I CKU 45/96, OSNC 1997, nr 6-7, poz. 76). Dopuszczenie dowodów z urzędu jest bowiem prawem, a nie obowiązkiem sądu, z którego to prawa powinien szczególnie ostrożnie korzystać, tak by swym działaniem nie wspierać żadnej ze stron procesu.</xText>
          <xText>Nadto w postępowaniu w sprawach gospodarczych (w brzmieniu obowiązującym w niniejszej sprawie) reguły powyższe zostały zaostrzone z uwagi na treść przepisów <xLexLink xArt="art. 479(12);art. 479(12) § 1" xIsapId="WDU19640430296" xTitle="Ustawa z dnia 17 listopada 1964 r. - Kodeks postępowania cywilnego" xAddress="Dz. U. z 1964 r. Nr 43, poz. 296">art. 479<xSUPx>12</xSUPx> §1 k.p.c.</xLexLink> oraz <xLexLink xArt="art. 479(14);art. 479(14) § 2" xIsapId="WDU19640430296" xTitle="Ustawa z dnia 17 listopada 1964 r. - Kodeks postępowania cywilnego" xAddress="Dz. U. z 1964 r. Nr 43, poz. 296">art. 479<xSUPx>14</xSUPx> §2 k.p.c.</xLexLink> Stosownie do pierwszego z powołanych przepisów w pozwie powód jest obowiązany podać wszystkie twierdzenia oraz dowody na ich poparcie pod rygorem utraty prawa powoływania ich w toku postępowania, chyba że wykaże, iż ich powołanie w pozwie nie było możliwe albo że potrzeba powołania wynikła później. W takim przypadku dalsze twierdzenia i dowody na ich poparcie powinny być powołane w terminie dwutygodniowym od dnia, w którym powołanie ich stało się możliwe lub wynikła potrzeba ich powołania. Natomiast zgodnie z treścią <xLexLink xArt="art. 479(14);art. 479(14) § 2" xIsapId="WDU19640430296" xTitle="Ustawa z dnia 17 listopada 1964 r. - Kodeks postępowania cywilnego" xAddress="Dz. U. z 1964 r. Nr 43, poz. 296">art. 479<xSUPx>14</xSUPx> §2 k.p.c.</xLexLink> w odpowiedzi na pozew pozwany jest obowiązany podać wszystkie twierdzenia, zarzuty oraz dowody na ich poparcie pod rygorem utraty prawa powoływania ich w toku postępowania, chyba że wykaże, iż ich powołanie w odpowiedzi na pozew nie było możliwe, albo że potrzeba powołania wynikła później. W takim przypadku dalsze twierdzenia i dowody na ich poparcie powinny być powołane w terminie dwutygodniowym od dnia, w którym powołanie ich stało się możliwe lub powstała potrzeba ich powołania. W postępowaniu w sprawach gospodarczych obie strony procesu tracą zatem prawo powoływania twierdzeń, zarzutów oraz dowodów na ich poparcie, nie powołanych w pozwie oraz odpowiedzi na pozew, bez względu na ich znaczenie dla rozstrzygnięcia sprawy, chyba że wykażą, iż ich powołanie w pozwie albo w odpowiedzi na pozew nie było możliwe, albo że potrzeba powołania wynikła później. Funkcją tych przepisów jest zdyscyplinowanie stron procesu poprzez zagrożenie prekluzją dowodową.</xText>
          <xText>Wobec powyższego zgodnie z ogólną regułą, wyrażoną w <xLexLink xArt="art. 6" xIsapId="WDU19640160093" xTitle="Ustawa z dnia 23 kwietnia 1964 r. - Kodeks cywilny" xAddress="Dz. U. z 1964 r. Nr 16, poz. 93">art. 6 k.c.</xLexLink> i <xLexLink xArt="art. 232" xIsapId="WDU19640430296" xTitle="Ustawa z dnia 17 listopada 1964 r. - Kodeks postępowania cywilnego" xAddress="Dz. U. z 1964 r. Nr 43, poz. 296">art. 232 k.p.c.</xLexLink>, ciężar udowodnienia faktu spoczywa na osobie, która z tego faktu wywodzi skutki prawne. Wskazana zasada oznacza, że powód składając pozew powinien udowodnić fakty, które w jego ocenie świadczą o zasadności powództwa. Udowodnienie faktów może nastąpić przy pomocy wszelkich środków dowodowych przewidzianych przez <xLexLink xArt="" xIsapId="WDU19640430296" xTitle="Ustawa z dnia 17 listopada 1964 r. - Kodeks postępowania cywilnego" xAddress="Dz. U. z 1964 r. Nr 43, poz. 296">kodeks postępowania cywilnego</xLexLink>. Nie ulega także wątpliwości, że co do zasady to na powodzie spoczywa ciężar udowodnienia twierdzeń zawartych w pozwie, bowiem to on domaga się zapłaty i powinien udowodnić zasadność swojego roszczenia. Reguła dotycząca ciężaru dowodu nie może być jednak pojmowana w ten sposób, że ciąży on zawsze na powodzie. W zależności od rozstrzyganych w procesie kwestii faktycznych i prawnych ciężar dowodu co do pewnych faktów będzie spoczywał na powodzie, co do innych z kolei – na pozwanym.</xText>
          <xText>Podstawą roszczenia zgłoszonego przez powoda był <xLexLink xArt="art. 299" xIsapId="WDU20000941037" xTitle="Ustawa z dnia 15 września 2000 r. - Kodeks spółek handlowych" xAddress="Dz. U. z 2000 r. Nr 94, poz. 1037">art. 299 k.s.h.</xLexLink>, który wprowadził ustawową solidarną odpowiedzialność członków zarządu spółki z o.o. za jej zobowiązania. Odpowiedzialność ta ma charakter subsydiarny, to znaczy uzupełnia odpowiedzialność samej spółki w ten sposób, że członek zarządu za zobowiązania spółki odpowiada zastępczo, nie zaś równolegle z samą spółką. Odpowiedzialność członków zarządu stanowi zabezpieczenie dla wierzyciela w przypadku niemożności zaspokojenia z majątku samej spółki, przy czym odpowiedzialność członków zarządu aktualizuje się dopiero po wyczerpaniu przez wierzyciela wszelkich możliwości zaspokojenia z majątku bezpośredniego dłużnika (spółki), bądź wykazaniu w sposób oczywisty, że jakakolwiek egzekucja skazana jest na niepowodzenie. Tym samym do majątku członków zarządu można sięgnąć dopiero w sytuacji, gdy egzekucja skierowana do majątku spółki okazała się bezskuteczna. Odpowiedzialność członków zarządu jest przy tym odpowiedzialnością osobistą, co oznacza, że wierzyciel może sięgnąć do majątku osobistego członka zarządu bez żadnych ograniczeń.</xText>
          <xText>Należy przy tym zauważyć, że przepis <xLexLink xArt="art. 299" xIsapId="WDU20000941037" xTitle="Ustawa z dnia 15 września 2000 r. - Kodeks spółek handlowych" xAddress="Dz. U. z 2000 r. Nr 94, poz. 1037">art. 299 k.s.h.</xLexLink> specyficznie reguluje rozkład ciężaru dowodzenia. Występując z roszczeniem przeciwko członkowi zarządu spółki z o.o. wierzyciel musi bowiem jedynie przedstawić dowody potwierdzające istnienie przysługującego mu wobec spółki roszczenia w czasie pełnienia funkcji członka zarządu oraz bezskuteczność egzekucji prowadzonej przeciwko spółce. Wykazanie tych okoliczności stwarza ustawowe domniemanie odpowiedzialności członka zarządu, a zarazem przerzuca na niego ciężar dowodu. Zgodnie bowiem z <xLexLink xArt="art. 299;art. 299 § 2" xIsapId="WDU20000941037" xTitle="Ustawa z dnia 15 września 2000 r. - Kodeks spółek handlowych" xAddress="Dz. U. z 2000 r. Nr 94, poz. 1037">art. 299 §2 k.s.h.</xLexLink> członek zarządu może uwolnić się od odpowiedzialności za zobowiązania spółki, jeżeli wykaże, że we właściwym czasie złożono wniosek o ogłoszenie upadłości lub wszczęto postępowanie układowe, albo że niezgłoszenie wniosku o ogłoszenie upadłości oraz niewszczęcie postępowania układowego nastąpiło nie z jego winy, albo że pomimo niezgłoszenia wniosku o ogłoszenie upadłości oraz niewszczęcia postępowania układowego wierzyciel nie poniósł szkody.</xText>
          <xText>Nie ulega przy tym wątpliwości, że powód wykazał istnienie przesłanek odpowiedzialności członka (prezesa) zarządu <xAnon> (...) spółki z o.o.</xAnon> we <xAnon>W.</xAnon><xAnon>K. K.</xAnon>. Dołączył bowiem do pozwu tytuł wykonawczy przeciwko <xAnon> (...) spółce z o.o.</xAnon> w postaci wyroku zaocznego zaopatrzonego w klauzulę wykonalności oraz postanowienie komornika sądowego o umorzeniu postępowania egzekucyjnego wobec <xAnon> (...) spółki z o.o.</xAnon> z uwagi na bezskuteczność egzekucji. Nie ulega także wątpliwości (co wynikało z odpisu pełnego z rejestru przedsiębiorców KRS <xAnon> (...) spółki z o.o.</xAnon> we <xAnon>W.</xAnon>), że w czasie istnienia zobowiązania objętego tytułem wykonawczym funkcję członka (prezesa) zarządu spółki pełnił pozwany.</xText>
          <xText>Trzeba w tym miejscu wskazać, że zarzuty i wnioski dowodowe pozwanego, zgłoszone w piśmie procesowym z dnia 25 kwietnia 2013 roku, były w ocenie Sądu spóźnione. Nie ulega przy tym wątpliwości, że pozwanemu (na wskazany przez niego adres do doręczeń) został skutecznie doręczony (pozostawiony w aktach sprawy ze skutkiem doręczenia) odpis pozwu (z załącznikami i pouczeniem o obowiązku złożenia odpowiedzi na pozew) w dniu 2 kwietnia 2013 roku (na wniosek pozwanego złożony w piśmie z dnia 27 lutego 2013 roku). W zakreślonym terminie, który upłynął bezskutecznie w dniu 16 kwietnia 2013 roku, pozwany nie złożył odpowiedzi na pozew. Trzeba przy tym dodać, że na rozprawie w dniu 22 marca 2013 roku pełnomocnik pozwanego został poinformowany o wysłaniu odpisu pozwu na adres do doręczeń (zgodnie z wnioskiem pozwanego).</xText>
          <xText>Zgodnie z <xLexLink xArt="art. 479(14);art. 479(14) § 1" xIsapId="WDU19640430296" xTitle="Ustawa z dnia 17 listopada 1964 r. - Kodeks postępowania cywilnego" xAddress="Dz. U. z 1964 r. Nr 43, poz. 296">art. 479<xSUPx>14</xSUPx> §1 k.p.c.</xLexLink> w sprawach, w których Sąd nie wydał nakazu zapłaty w postępowaniu nakazowym lub upominawczym, pozwany jest obowiązany do wniesienia odpowiedzi na pozew w terminie dwutygodniowym od dnia otrzymania pozwu. Zgodnie natomiast z treścią <xLexLink xArt="art. 479(14);art. 479(14) § 2" xIsapId="WDU19640430296" xTitle="Ustawa z dnia 17 listopada 1964 r. - Kodeks postępowania cywilnego" xAddress="Dz. U. z 1964 r. Nr 43, poz. 296">art. 479<xSUPx>14</xSUPx> §2 k.p.c.</xLexLink> (jak już wyżej wskazano) w odpowiedzi na pozew pozwany jest obowiązany podać wszystkie twierdzenia, zarzuty oraz dowody na ich poparcie pod rygorem utraty prawa powoływania ich w toku postępowania, chyba że wykaże, iż ich powołanie w odpowiedzi na pozew nie było możliwe, albo że potrzeba powołania wynikła później. W takim przypadku dalsze twierdzenia i dowody na ich poparcie powinny być powołane w terminie dwutygodniowym od dnia, w którym powołanie ich stało się możliwe lub powstała potrzeba ich powołania.</xText>
          <xText>Tymczasem pozwany zgłosił jakiekolwiek zarzuty (i wnioski dowodowe) dopiero w piśmie z dnia 25 kwietnia 2013 roku, a więc po terminie. Z tego względu zostały one przez Sąd oddalone na podstawie <xLexLink xArt="art. 479(14);art. 479(14) § 2" xIsapId="WDU19640430296" xTitle="Ustawa z dnia 17 listopada 1964 r. - Kodeks postępowania cywilnego" xAddress="Dz. U. z 1964 r. Nr 43, poz. 296">art. 479<xSUPx>14</xSUPx> §2 k.p.c.</xLexLink></xText>
          <xText>Na marginesie jedynie można wskazać, że nawet gdyby uznać, że zgłoszone przez pozwanego zarzuty i wnioski dowodowe (dołączone do pisma z dnia 25 kwietnia 2013 roku) nie były spóźnione, to i tak nie miały one żadnego wpływu na treść rozstrzygnięcia (i na odpowiedzialność pozwanego za zobowiązania spółki). Pozwany (<xAnon>K. K.</xAnon>) przede wszystkim w piśmie tym zarzucił, że nie ponosi odpowiedzialności za zobowiązania spółki, bowiem pełnił funkcję członka (prezesa) zarządu jedynie do dnia 4 maja 2009 roku, kiedy to złożył rezygnację z pełnionej funkcji (i został odwołany) oraz zbył udziały w spółce.</xText>
          <xText>Zgodnie z <xLexLink xArt="art. 202;art. 202 § 4" xIsapId="WDU20000941037" xTitle="Ustawa z dnia 15 września 2000 r. - Kodeks spółek handlowych" xAddress="Dz. U. z 2000 r. Nr 94, poz. 1037">art. 202 §4 k.s.h.</xLexLink> mandat członka zarządu wygasa wskutek śmierci, rezygnacji albo odwołania ze składu zarządu. Nie ulega przy tym wątpliwości, że w przypadku rezygnacji chodzi o jednostronny akt członka zarządu, który w ten sposób zamierza doprowadzić do ustania więzi prawnej między nim a spółką. Rezygnacja jest zatem jednostronną czynnością prawną, skuteczną z chwilą dojścia do spółki (<xLexLink xArt="art. 61" xIsapId="WDU19640160093" xTitle="Ustawa z dnia 23 kwietnia 1964 r. - Kodeks cywilny" xAddress="Dz. U. z 1964 r. Nr 16, poz. 93">art. 61 k.c.</xLexLink>). Stanowisko takie zajął także Sąd Najwyższy w wyrokach z dnia 21 stycznia 2010 roku, <xUx>II UK 157/09</xUx>, LEX nr 583805 i z dnia 7 maja 2010 roku, <xUx>III CSK 176/09</xUx>, LEX nr 677761 oraz w postanowieniu z dnia 19 sierpnia 2004 roku, V CK 600/03, LEX nr 359340.</xText>
          <xText>Jednocześnie uchwałą z dnia 4 maja 2009 roku pozwany został odwołany z funkcji prezesa zarządu spółki. Tym samym z dniem 4 maja 2009 roku wygasł jego mandat członka (prezesa) zarządu. Od tego momentu nie miał on już zatem statusu członka (prezesa) zarządu spółki, a co za tym idzie kompetencji do działania w imieniu spółki.</xText>
          <xText>Trzeba jednak przy tym wskazać, że z treści tytułu wykonawczego przeciwko <xAnon> (...) spółce z o.o.</xAnon> we <xAnon>W.</xAnon> (wyroku zaocznego z dnia 25 sierpnia 2008 roku, któremu został nadany rygor natychmiastowej wykonalności) wynika z kolei, że sporna wierzytelność (z tytułu zasądzonych kosztów procesu) powstała (a także stała się wymagalna) w dniu 25 sierpnia 2008 roku, a zatem w chwili, kiedy pozwany <xAnon>K. K.</xAnon> był jeszcze członkiem zarządu spółki.</xText>
          <xText>Należy przy tym podkreślić, że w <xLexLink xArt="art. 299" xIsapId="WDU20000941037" xTitle="Ustawa z dnia 15 września 2000 r. - Kodeks spółek handlowych" xAddress="Dz. U. z 2000 r. Nr 94, poz. 1037">art. 299 k.s.h.</xLexLink> nie zawarto żadnego ograniczenia zakresu zobowiązań spółki, za które może odpowiadać członek jej zarządu. Odpowiedzialność przewidzianą w <xLexLink xArt="art. 299" xIsapId="WDU20000941037" xTitle="Ustawa z dnia 15 września 2000 r. - Kodeks spółek handlowych" xAddress="Dz. U. z 2000 r. Nr 94, poz. 1037">art. 299 k.s.h.</xLexLink> ponoszą bowiem osoby, które były członkami zarządu, gdy niezaspokojona przez spółkę wierzytelność istniała (bez względu na jej wymagalność), a jednocześnie były członkami zarządu w czasie właściwym do zgłoszenia wniosku o ogłoszenie upadłości spółki. Stanowisko takie zajął także Sąd Najwyższy w licznych wyrokach, na przykład z dnia 16 maja 2002 roku, IV CKN 933/00, LEX nr 55500; z dnia 25 września 2003 roku, V CK 198/02, Wokanda 2004, nr 6, s. 7; z dnia 2 lutego 2007 roku, IV CSK 370/06, OSNC 2008, nr 1, poz. 18; z dnia 28 lutego 2008 roku, III CZP 143/07, OSNC 2009, nr 3, poz. 38; z dnia 11 lutego 2010 roku, I CSK 269/09, LEX nr 583723 czy z dnia 25 lutego 2010 roku, V CSK 248/09, OSNC 2010, nr 10, poz. 141.</xText>
          <xText>Odpowiedzialność na podstawie <xLexLink xArt="art. 299" xIsapId="WDU20000941037" xTitle="Ustawa z dnia 15 września 2000 r. - Kodeks spółek handlowych" xAddress="Dz. U. z 2000 r. Nr 94, poz. 1037">art. 299 k.s.h.</xLexLink> została bowiem pomyślana jako sankcja za kierowanie sprawami spółki w sposób skutkujący bezskutecznością egzekucji prowadzonej przeciwko spółce (tak na przykład Sąd Najwyższy w uzasadnieniu wyroku z dnia 2 lutego 2007 roku, IV CSK 370/06, OSNC 2008, nr 1, poz. 18).</xText>
          <xText>Tym samym fakt, że wyrok utrzymujący w mocy wyrok zaoczny z dnia 25 sierpnia 2008 roku został wydany przeciwko spółce już po zakończeniu sprawowania przez pozwanego funkcji członka zarządu, jak również i to, że bezskuteczna egzekucja przeciwko spółce była prowadzona w czasie trwania kadencji innego członka zarządu, był bez wpływu na odpowiedzialność pozwanego <xAnon>K. K.</xAnon>. W ocenie Sądu członek zarządu spółki z o.o. odpowiada bowiem za jej zobowiązania bez względu na to, czy wyrok zapadł w czasie pozostawania przez tę osobę członkiem zarządu, czy już po jej odwołaniu z zarządu (tak również Sąd Najwyższy w wyroku z dnia 28 września 1999 roku, II CKN 608/98, OSNC 2000, nr 4, poz. 67 czy w wyroku z dnia 16 maja 2002 roku, IV CKN 933/00, LEX nr 55500).</xText>
          <xText>Nie ulega także wątpliwości, że gdy skład zarządu spółki zmieniał się, odpowiedzialność na zasadach określonych w <xLexLink xArt="art. 299" xIsapId="WDU20000941037" xTitle="Ustawa z dnia 15 września 2000 r. - Kodeks spółek handlowych" xAddress="Dz. U. z 2000 r. Nr 94, poz. 1037"><xUx>art. 299</xUx> k.s.h.</xLexLink> ponoszą osoby będące członkami zarządu w czasie istnienia zobowiązania, którego egzekucja przeciwko spółce okazała się bezskuteczna (wymagalność tego zobowiązania nie jest przy tym konieczna). Stanowisko takie zajął także Sąd Najwyższy w wyrokach z dnia 25 września 2003 roku, V CK 198/02, Wokanda 2004, nr 6, s. 7; <xUx>z dnia 21 lutego 2002 roku</xUx>, IV CKN 793/00, OSNC 2003, nr 2, poz. 22; <xUx>z dnia 16 maja 2002 roku</xUx>, IV CKN 933/00, LEX nr 55500 czy <xUx>z dnia 14 lutego 2003 roku</xUx>, IV CKN 1779/00, Biul. SN 2003, nr 7, s. 13. Za takim określeniem kręgu osób odpowiedzialnych przemawia funkcja odpowiedzialności członków zarządu spółki, która pomyślana została jako sankcja za prowadzenie spraw spółki w sposób prowadzący do bezskuteczności egzekucji jej zobowiązań, zaś oddziaływać na spółkę w sposób przeciwdziałający bezskuteczności egzekucji jej zobowiązań mogą tylko osoby, które w czasie istnienia tych zobowiązań wchodzą w skład zarządu spółki.</xText>
          <xText>Należy także zauważyć, że z uwagi na odszkodowawczy charakter odpowiedzialności z <xLexLink xArt="art. 299" xIsapId="WDU20000941037" xTitle="Ustawa z dnia 15 września 2000 r. - Kodeks spółek handlowych" xAddress="Dz. U. z 2000 r. Nr 94, poz. 1037">art. 299 k.s.h.</xLexLink> członkowie zarządu odpowiadają za całość zobowiązań spółki, których nie można zaspokoić z majątku spółki, zatem ich odpowiedzialność obejmuje także zasądzone w tytule wykonawczym koszty procesu, koszty postępowania egzekucyjnego oraz odsetki ustawowe od należności głównej. Wcześniejsze uzyskanie tytułu egzekucyjnego przeciwko spółce z o.o. co do zasady jest niezbędne, żeby zgłosić żądanie zapłaty długu wobec członków jej zarządu. Skoro zatem uprzednie wystąpienie na drogę sądową przeciwko spółce jest konieczną przesłanką dochodzenia roszczeń od członków zarządu, niezbędne jest poniesienie kosztów procesu, które wprawdzie zgodnie z <xLexLink xArt="art. 98;art. 98 § 1" xIsapId="WDU19640430296" xTitle="Ustawa z dnia 17 listopada 1964 r. - Kodeks postępowania cywilnego" xAddress="Dz. U. z 1964 r. Nr 43, poz. 296">art. 98 §1 k.p.c.</xLexLink> strona przegrywająca (spółka) jest obowiązana zwrócić, jednak brak u niej środków musi skutkować tym, że powód nie otrzyma od niej zwrotu kosztów procesu. Stanowisko takie zajął także Sąd Najwyższy w uchwale z dnia 7 grudnia 2006 roku, III CZP 118/06, OSNC 2007, nr 9, poz. 136.</xText>
          <xText>Trzeba także przypomnieć, że <xLexLink xArt="art. 299;art. 299 § 2" xIsapId="WDU20000941037" xTitle="Ustawa z dnia 15 września 2000 r. - Kodeks spółek handlowych" xAddress="Dz. U. z 2000 r. Nr 94, poz. 1037">art. 299 §2 k.s.h.</xLexLink> przewiduje możliwość uwolnienia się członka (członków) zarządu od odpowiedzialności za zobowiązania spółki.</xText>
          <xText>Pozwany <xAnon>K. K.</xAnon> jednak w niniejszej sprawie w żaden sposób nie wykazał (ani nawet nie próbował wykazać) którejkolwiek z okoliczności wyłączających jego odpowiedzialność zgodnie z <xLexLink xArt="art. 299;art. 299 § 2" xIsapId="WDU20000941037" xTitle="Ustawa z dnia 15 września 2000 r. - Kodeks spółek handlowych" xAddress="Dz. U. z 2000 r. Nr 94, poz. 1037">art. 299 §2 k.s.h.</xLexLink></xText>
          <xText>Nie ulega przy tym wątpliwości, że sam fakt zbycia udziałów w spółce nie ma żadnego wpływu na odpowiedzialność członków zarządu za zobowiązania spółki.</xText>
          <xText>Trzeba w tym miejscu jeszcze dodać, że w ocenie Sądu wniosek pełnomocnika pozwanego o odroczenie rozprawy z dnia 26 kwietnia 2013 roku z uwagi na pogrzeb matki swojego przyjaciela (zgłoszony w piśmie z dnia 25 kwietnia 2013 roku) nie zasługiwał na uwzględnienie. Zgodnie bowiem z <xLexLink xArt="art. 214;art. 214 § 1" xIsapId="WDU19640430296" xTitle="Ustawa z dnia 17 listopada 1964 r. - Kodeks postępowania cywilnego" xAddress="Dz. U. z 1964 r. Nr 43, poz. 296">art. 214 §1 k.p.c.</xLexLink> rozprawa ulega odroczeniu, jeżeli sąd stwierdzi nieprawidłowość w doręczeniu wezwania albo jeżeli nieobecność strony jest wywołana nadzwyczajnym wydarzeniem lub inną znaną sądowi przeszkodą, której nie można przezwyciężyć.</xText>
          <xText>Należy zatem zauważyć (abstrahując już od braku choćby uprawdopodobnienia tego faktu), że wprawdzie ceremonia pogrzebowa sama w sobie jest nadzwyczajnym wydarzeniem, jednak w ocenie Sądu powoływanie się na taką okoliczność powinno być ograniczone do kręgu najbliższej rodziny osoby zgłaszającej taki wniosek (o odroczenie rozprawy). Trudno natomiast (przynajmniej w ocenie Sądu) uznać za osobę najbliższą matkę przyjaciela.</xText>
          <xText>Zgodnie z <xLexLink xArt="art. 481" xIsapId="WDU19640160093" xTitle="Ustawa z dnia 23 kwietnia 1964 r. - Kodeks cywilny" xAddress="Dz. U. z 1964 r. Nr 16, poz. 93">art. 481 k.c.</xLexLink> jeżeli dłużnik opóźnia się ze spełnieniem świadczenia pieniężnego, wierzyciel może żądać odsetek za czas opóźnienia, chociażby nie poniósł żadnej szkody i chociażby opóźnienie było następstwem okoliczności, za które dłużnik odpowiedzialności nie ponosi. Odsetki ustawowe należały się powodowi zgodnie z żądaniem (od dnia wytoczenia powództwa).</xText>
          <xText>Skoro zatem powód wykazał istnienie wszystkich przesłanek odpowiedzialności członka zarządu spółki z o.o., a pozwany <xAnon>K. K.</xAnon> w żaden sposób nie wykazał okoliczności, które mogłyby go od tej odpowiedzialności uwolnić, to powództwo w całości zasługiwało na uwzględnienie. Dlatego też na podstawie <xLexLink xArt="art. 299;art. 299 § 1" xIsapId="WDU20000941037" xTitle="Ustawa z dnia 15 września 2000 r. - Kodeks spółek handlowych" xAddress="Dz. U. z 2000 r. Nr 94, poz. 1037">art. 299 §1 k.s.h.</xLexLink> oraz <xLexLink xArt="art. 481;art. 481 § 1" xIsapId="WDU19640160093" xTitle="Ustawa z dnia 23 kwietnia 1964 r. - Kodeks cywilny" xAddress="Dz. U. z 1964 r. Nr 16, poz. 93">art. 481 §1 k.c.</xLexLink> orzeczono jak w punkcie I wyroku.</xText>
          <xText>W wyroku zastrzeżono zwolnienie pozwanego z obowiązku świadczenia w przypadku spełnienia zobowiązania przez <xAnon> (...) spółkę z o.o.</xAnon> we <xAnon>W.</xAnon>. Od momentu powstania odpowiedzialności członków zarządu odpowiedzialność spółki z o.o. oraz członków jej zarządu ma charakter odpowiedzialności <xIx>in solidum</xIx> (tak na przykład Sąd Najwyższy w wyroku z dnia 15 czerwca 1999 roku, III CZP 10/99, OSNC 1999, nr 12, poz. 203). Odpowiadają oni bowiem wobec wierzyciela spółki z różnych tytułów w odniesieniu do tego samego świadczenia. W związku z tym zastrzeżenie takie zapobiegnie sytuacji, w której wierzyciel miałby możliwość dwukrotnego egzekwowania tej samej wierzytelności w oparciu o różne tytuły wykonawcze.</xText>
          <xText>W punkcie II wyroku Sąd ustalił wynagrodzenie kuratora ustanowionego dla nieznanego z miejsca pobytu pozwanego na kwotę 1200 zł. Zgodnie bowiem z <xLexLink xArt="§ 3;§ 3 ust. 2" xIsapId="WDU19820270197" xTitle="Rozporządzenie Ministra Sprawiedliwości z dnia 28 sierpnia 1982 r. w sprawie stawek, warunków przyznawania i wypłaty ryczałtu przysługującego sędziom i pracownikom sądowym za dokonanie oględzin oraz stawek należności kuratorów" xAddress="Dz. U. z 1982 r. Nr 27, poz. 197">§3 ust. 2 rozporządzenia Ministra Sprawiedliwości z dnia 28 sierpnia 1982 roku w sprawie stawek, warunków przyznawania i wypłaty ryczałtu przysługującego sędziom i pracownikom sądowym za dokonanie oględzin oraz stawek należności kuratorów</xLexLink> (Dz.U. 1982, nr 27, poz. 197 ze zm.) wysokość wynagrodzenia kuratorów ustala się według przepisów określających opłaty za czynności zespołów adwokackich. Wysokość wynagrodzenia kuratorów będących adwokatami nie może przekraczać stawek zasadniczego wynagrodzenia przewidzianego tymi przepisami, a wysokość wynagrodzenia innych kuratorów 50% tych stawek.</xText>
          <xText>W punkcie III wyroku Sąd przyznał kuratorowi <xAnon>E. Ś.</xAnon> ustalone w punkcie II wynagrodzenie w kwocie 1200 zł. Wprawdzie ostatecznie pozwany osobiście uczestniczył w procesie (a tym samym w końcowej fazie postępowania udział kuratora ustanowionego dla nieznanego z miejsca pobytu pozwanego nie był konieczny), to jednak w momencie ustanowienia kuratora działanie to było uzasadnione, a kurator wykonał swoje obowiązki polegające na podjęciu próby odnalezienia pozwanego oraz sporządzenia i wniesienia odpowiedzi na pozew.</xText>
          <xText>O kosztach orzeczono na podstawie <xLexLink xArt="art. 98" xIsapId="WDU19640430296" xTitle="Ustawa z dnia 17 listopada 1964 r. - Kodeks postępowania cywilnego" xAddress="Dz. U. z 1964 r. Nr 43, poz. 296">art. 98 k.p.c.</xLexLink>, zgodnie z którym strona przegrywająca sprawę obowiązana jest zwrócić przeciwnikowi koszty niezbędne do celowego dochodzenia praw. Mając na względzie wynik sprawy powodowi należał się zwrot kosztów procesu, na które złożyły się opłata sądowa od pozwu w kwocie 977 zł, koszty ustanowienia kuratora dla nieznanego z miejsca pobytu pozwanego w kwocie 1200 zł oraz koszty zastępstwa procesowego w wysokości 2400 zł, ustalone zgodnie z <xLexLink xArt="§ 2;§ 6;§ 6 pkt. 5" xIsapId="WDU20021631349" xTitle="Rozporządzenie Ministra Sprawiedliwości z dnia 28 września 2002 r. w sprawie opłat za czynności radców prawnych oraz ponoszenia przez Skarb Państwa kosztów pomocy prawnej udzielonej przez radcę prawnego ustanowionego z urzędu" xAddress="Dz. U. z 2002 r. Nr 163, poz. 1349">§2 i §6 pkt 5 rozporządzenia Ministra Sprawiedliwości z dnia 28 września 2002 roku w sprawie opłat za czynności radców prawnych oraz ponoszenia przez Skarb Państwa kosztów pomocy prawnej udzielonej przez radcę prawnego ustanowionego z urzędu</xLexLink> (Dz.U. nr 163, poz. 1349).</xText>
        </xUnit>
      </xBlock>
    </xPart>
  </judgement>
<judgement id="155515000001003_II_Ca_000991_2012_Uz_2013-05-10_001">
    <xPart xEditorFullName="Małgorzata Idzikowska-Chrząszczewska" xYear="2012" xLang="PL" xPublisherFullName="Żaneta Michalak" xFromPg="1" xEditor="midzikowska" xVolType="15/551500/0001003/Ca" xPublisher="zmichalak" xDocType="Uz" xVolNmbr="000991" xVersion="1.0" xToPage="2" xFlag="published">
      <xName>Wyrok+Uzasadnienie</xName>
      <xBlock>
        <xText>
          <xBx>Sygn. akt II Ca 991/12</xBx>
        </xText>
        <xUnit xIsTitle="true" xType="part" xBold="true">
          <xName>WYROK</xName>
          <xTitle>W IMIENIU RZECZYPOSPOLITEJ POLSKIEJ</xTitle>
          <xText xALIGNx="right">Dnia 10 maja 2013 roku</xText>
          <xText>Sąd Okręgowy w Szczecinie II Wydział Cywilny Odwoławczy</xText>
          <xText>w składzie:</xText>
          <xRows>
            <xCOLGROUPx>
              <xCOLx xWIDTHx="161"/>
              <xCOLx xWIDTHx="549"/>
            </xCOLGROUPx>
            <xRow>
              <xClmn xALIGNx="left" xVALIGNx="top">
                <xText xALIGNx="right">Przewodniczący:</xText>
              </xClmn>
              <xClmn xALIGNx="left" xVALIGNx="top">
                <xText>SSO Agnieszka Bednarek – Moraś (spr.)</xText>
              </xClmn>
            </xRow>
            <xRow>
              <xClmn xALIGNx="left" xVALIGNx="top">
                <xText xALIGNx="right">Sędziowie:</xText>
              </xClmn>
              <xClmn xALIGNx="left" xVALIGNx="top">
                <xText>SO Wiesława Buczek - Markowska</xText>
                <xText>SO Zbigniew Ciechanowicz</xText>
              </xClmn>
            </xRow>
            <xRow>
              <xClmn xALIGNx="left" xVALIGNx="top">
                <xText xALIGNx="right">Protokolant:</xText>
              </xClmn>
              <xClmn xALIGNx="left" xVALIGNx="top">
                <xText>sekr. sąd. Małgorzata Idzikowska-Chrząszczewska</xText>
              </xClmn>
            </xRow>
          </xRows>
          
          <xText>po rozpoznaniu na rozprawie w dniu 26 kwietnia 2013 roku w <xAnon>S.</xAnon></xText>
          <xText>sprawy z powództwa <xBx><xAnon> Spółdzielni Mieszkaniowej (...)</xAnon> w <xAnon>S.</xAnon></xBx></xText>
          <xText>przeciwko <xBx><xAnon>A.</xAnon><xAnon>K.</xAnon> i <xAnon>M. K. (1)</xAnon></xBx></xText>
          <xText>o zapłatę</xText>
          <xText>na skutek apelacji wniesionej przez pozwanych</xText>
          <xText>od wyroku Sądu Rejonowego Szczecin - Prawobrzeże i Zachód w Szczecinie</xText>
          <xText>z dnia 27 kwietnia 2012 r., sygn. akt I C 958/11</xText>
          
          <xUnit xIsTitle="false" xType="none">
            <xName xSffx=".">1</xName>
            <xText>
              <xBx>zmienia zaskarżony wyrok w taki sposób, iż:  </xBx>
            </xText>
          </xUnit>
          <xUnit xIsTitle="false" xType="none">
            <xName xSffx=".">a</xName>
            <xText>
              <xBx>w punkcie I. zasądza do pozwanych <xAnon>A.</xAnon><xAnon>K.</xAnon> i <xAnon>M. K. (1)</xAnon> solidarnie na rzecz powódki <xAnon> Spółdzielni Mieszkaniowej (...)</xAnon> w <xAnon>S.</xAnon> kwotę 5.848,10 ( pięć tysięcy osiemset czterdzieści osiem złotych i dziesięć groszy) wraz z ustawowymi odsetkami od dnia 10 lutego 2011 roku i oddala powództwo w pozostałym zakresie,</xBx>
            </xText>
          </xUnit>
          <xUnit xIsTitle="false" xType="none">
            <xName xSffx=".">b</xName>
            <xText>
              <xBx>
    
      w punkcie II. nakazuje pobrać na rzecz Skarbu Państwa – Sądu Rejonowego Szczecin Prawobrzeże i Zachód w Szczecinie: </xBx>
            </xText>
          </xUnit>
          <xText>
            <xBx>- od powódki <xAnon> Spółdzielni Mieszkaniowej (...)</xAnon> w <xAnon>S.</xAnon> kwotę 83,79zł (osiemdziesiąt trzy złote i siedemdziesiąt dziewięć groszy) oraz</xBx>
          </xText>
          <xText>
            <xBx>- od pozwanych  <xAnon>A.</xAnon><xAnon>K.</xAnon> i <xAnon>M. K. (1)</xAnon> solidarnie kwotę 474,82 zł (czterysta siedemdziesiąt cztery złote i osiemdziesiąt dwa grosze)</xBx>
          </xText>
          <xText>
            <xBx>tytułem nieuiszczonych kosztów sądowych</xBx>
          </xText>
          <xUnit xIsTitle="false" xType="none">
            <xName xSffx=".">c</xName>
            <xText>
              <xBx>w punkcie III. zasądza od pozwanych solidarnie na rzecz powódki kwotę 994,50zł (dziewięćset dziewięćdziesiąt cztery złote i pięćdziesiąt groszy) tytułem kosztów procesu, </xBx>
            </xText>
          </xUnit>
          <xUnit xIsTitle="false" xType="none">
            <xName xSffx=".">2</xName>
            <xText>
              <xBx>oddala apelację w pozostałym zakresie, </xBx>
            </xText>
          </xUnit>
          <xUnit xIsTitle="false" xType="none">
            <xName>3</xName>
            <xText>
              <xBx>zasądza od pozwanych solidarnie na rzecz powódki kwotę 368,10zł (trzysta sześćdziesiąt osiem złotych i dziesięć groszy) tytułem kosztów postępowania apelacyjnego. </xBx>
            </xText>
          </xUnit>
          
          <xText>Sygn. akt II Ca 991/12</xText>
        </xUnit>
        <xUnit xIsTitle="true" xType="part" xBold="true">
          <xName>UZASADNIENIE</xName>
          <xText>Wyrokiem z dnia 27 kwietnia 2012 r., sygn. akt: I C 958/11, Sąd Rejonowy Szczecin - Prawobrzeże i Zachód w Szczecinie zasądził solidarnie od pozwanych <xAnon>A.</xAnon><xAnon>K.</xAnon> i <xAnon>M. K. (1)</xAnon> na rzecz powoda <xAnon> Spółdzielni Mieszkaniowej (...)</xAnon> w <xAnon>S.</xAnon> kwotę 6.910,86 zł z ustawowymi odsetkami od dnia 10 lutego 2011 r. (pkt I.) oraz nakazał ściągnąć solidarnie od pozwanych <xAnon>A.</xAnon><xAnon>K.</xAnon> i <xAnon>M. K. (1)</xAnon> na rzecz Skarbu Państwa – Sądu Rejonowego Szczecin-Prawobrzeże i Zachód w Szczecinie kwotę 558,61 zł tytułem nieuiszczonych kosztów sądowych (pkt II.). Nadto, Sąd zasądził solidarnie od pozwanych <xAnon>A.</xAnon><xAnon>K.</xAnon> i <xAnon>M. K. (1)</xAnon> na rzecz powoda <xAnon> Spółdzielni Mieszkaniowej (...)</xAnon> w <xAnon>S.</xAnon> kwotę 1.473 zł tytułem zwrotu kosztów procesu (pkt III.).</xText>
          
          <xText>
            <xBx>
              <xUx>Sąd Rejonowy oparł swoje rozstrzygnięcie na następujących ustaleniach faktycznych i rozważaniach prawnych:</xUx>
            </xBx>
          </xText>
          
          <xText>Lokal użytkowy, położony w <xAnon>S.</xAnon> przy <xAnon>ul. (...)</xAnon> należy do zasobów <xAnon> mieszkaniowych Spółdzielni Mieszkaniowej (...)</xAnon> w <xAnon>S.</xAnon>.</xText>
          <xText>Powyżej wskazany lokal posiada powierzchnię 113,68 m<xSUPx>2</xSUPx> (przy pomiarze po wewnętrznych ścianach lokalu), przy czym z uwagi na posadowienie w nim dziewięciu słupów konstrukcyjnych, zajmujących łącznie powierzchnię 1,33 m<xSUPx>2</xSUPx>, powierzchnia użytkowa lokalu wynosi 112,35 m<xSUPx>2</xSUPx> ([113,68 m<xSUPx>2</xSUPx> - powierzchnia lokalu przy pomiarze po wewnętrznych ścianach lokalu] – [1,33 m<xSUPx>2</xSUPx> - powierzchnia lokalu zajęta przez dziewięć posadowionych w lokalu słupów konstrukcyjnych]).</xText>
          <xText>Jak ustalił Sąd I instancji, <xAnon>M. K. (2)</xAnon> i <xAnon>A. K.</xAnon> byli członkami powodowej spółdzielni mieszkaniowej, których wpisano do rejestru członków spółdzielni pod nr 614 i 615.</xText>
          <xText>W dniu 17 czerwca 1998 r. <xAnon>M. K. (2)</xAnon> i <xAnon>A. K.</xAnon> uzyskali przydział spółdzielczego własnościowego prawa do powyższego lokalu użytkowego. W dacie dokonania przydziału tego lokalu jego powierzchnia użytkowa wynosiła 112,35 m<xSUPx>2</xSUPx> (przy uwzględnieniu ulokowania w nim 9 słupów konstrukcyjnych, obniżających powierzchnię lokalu liczonego po wewnętrznych jego ścianach).</xText>
          <xText>Pozwani przeprowadzili w przydzielonym lokalu prace adaptacyjne, w przebiegu których wyodrębnili w <xAnon>lokalu (...)</xAnon> pomieszczenia biurowe, magazyn, aneks kuchenny, kotłownię, 4 pomieszczenia sanitarne, 2 korytarze oraz hall. Wyodrębnienie poszczególnych pomieszczeń nastąpiło poprzez wykonanie niezbędnych ścianek działowych, pod które zajęto część powierzchni użytkowej lokalu (4,12 m<xSUPx>2</xSUPx>). W ramach wskazanych prac pozwani wykonali w pomieszczeniach wc, kotłowni i aneksu kuchennego podwieszane sufity, które ulokowano na wysokości niższej niż 2,20 m i wyższej niż 1,40 m.</xText>
          <xText>Sąd Rejonowy ustalił, że po zakończeniu prac, osoby uprawnione do reprezentacji powodowej spółdzielni sporządziły w dniu 28 września 1998 r. pisemny <xAnon>aneks nr (...)</xAnon> do przydziału lokalu mieszkalnego z dnia 17 czerwca 1998 r., w którym wskazano, że powierzchnia użytkowa lokalu wynosi 113,68 m<xSUPx>2</xSUPx>. Wskazano w nim jednocześnie, że opłaty za używanie lokalu będą wnoszone od 1 października 1998 r. Wskazany dokument został podpisany przez osoby uprawnione do reprezentacji powodowej spółdzielni oraz pozwanych, którzy nie kwestionowali wskazanej w nim wartości powierzchni użytkowej lokalu.</xText>
          <xText>W dniu 1 października 1998 r. powódka zawarła z pozwanymi umowę w sprawie warunków oraz zasad użytkowania, eksploatacji i utrzymania lokalu użytkowego przydzielonego członkowi Spółdzielni na zasadzie własnościowego prawa do lokalu użytkowego. W umowie wskazano, że powierzchnia użytkowa lokalu wynosi 113,68 m<xSUPx>2</xSUPx>. W umowie wskazano, że lokal może zostać przeznaczony na prowadzenie działalności w postaci biura, sklepu, nieuciążliwych usług (§ 1 umowy). W § 2 umowy strony wskazały, że pozwani będą ponosić umowną opłatę za korzystanie z lokalu w kwocie 573,36 zł, na którą składają się następujące składniki: - eksploatacja: 119,36 zł, - fundusz remontowy: 22,74 zł, - c.o.: 284,20 zł, - c.w.: 22 zł, - wod-kan.: 5,70 zł, - wywóz śmieci: 5,68 zł, - podatek od nieruchomości: 113,68 zł.</xText>
          <xText>Pozwani zobowiązali się uiszczać wskazaną opłatę w terminie do 15 dnia każdego miesiąca kalendarzowego począwszy od dnia 1 października 1998 r. W § 12 pkt 2 umowy zastrzeżono, że w przypadku wprowadzenia nowych składników i nowych stawek za używanie lokalu użytkowego przez upoważnione organy Spółdzielni, następuje jednostronna zmiana wysokości opłat za używanie lokalu użytkowego stosownie do zmienionych składników i stawek opłat, o czym członek Spółdzielni zostanie zawiadomiony odrębnym pismem. Z kolei w § 12 pkt 3 sprecyzowano przytoczony zapis wskazując, że ustalony uchwałą organów Spółdzielni termin zmiany wysokości opłat za używanie lokalu spółdzielczego oraz wysokość tych opłat wiąże członka Spółdzielni bez potrzeby wypowiadania niniejszej umowy w części dotyczącej wysokości i składników opłaty za używanie lokalu użytkowego.</xText>
          <xText>Z ustaleń poczynionych przez Sąd wynika, że w dniu 23 września 1999 r. powódka zawarła ze <xAnon> (...) Spółką z ograniczoną odpowiedzialnością</xAnon> w <xAnon>S.</xAnon> umowę o dostarczanie ciepła do lokali znajdujących się w jej zasobach lokalowych (w tym do lokalu użytkowego przy <xAnon>ul. (...)</xAnon> w <xAnon>S.</xAnon>). W umowie zastrzeżono, że powódkę obciążać będą zarówno koszty dostarczonego do jej zasobów lokalowych ciepła, jak i stała opłata za usługi przesyłowe, stanowiąca iloczyn mocy cieplnej zamówionej przez powódkę w roku obrotowym i stawki opłaty za usługi przesyłowe dla danej grupy odbiorców.</xText>
          <xText>W 2002 r. pozwani wnieśli do pozwanej o wyrażenie zgody na czasowe odcięcie lokalu użytkowego przy <xAnon>ul. (...)</xAnon> w <xAnon>S.</xAnon> od ogólnej sieci ciepłowniczej, a ta w piśmie z dnia 12 września 2002 r. wyraziła na to zgodę. W dniu 27 września 2004 r. dokonano zamknięcia zaworów, zainstalowanych na instalacji c.o., zasilającej lokal w energię cieplną, które zabezpieczono właściwymi plombami, co stwierdzono pisemnym protokołem. Po tej dacie pozwani ogrzewali lokal użytkowy przy wykorzystaniu zainstalowanych w lokalu pieców elektrycznych.</xText>
          <xText>Początkowo pozwani wnosili obciążające ich opłaty z tytułu korzystania ze spornego lokalu użytkowego. W roku 2003 zaniechali bieżącego ponoszenia obowiązujących w tamtym czasie opłat z powyższego tytułu, co skutkowało powstaniem zaległości w opłatach w kwocie 7.353,31 zł.</xText>
          <xText>Jak ustalił Sąd I instancji, uchwałą nr <xAnon>(...)</xAnon>, podjętą w dniu 02 lipca 2003 r. Rada Nadzorcza powodowej spółdzielni wykluczyła oboje pozwanych z grona członków spółdzielni.</xText>
          <xText>W dniu 20 listopada 2003 r. Prezydent Miasta <xAnon>S.</xAnon> wydał na wniosek powódki zaświadczenie, stwierdzające, że min. lokal użytkowy, położony w <xAnon>S.</xAnon> przy <xAnon>ul. (...)</xAnon> spełnia wymagania samodzielnych lokali w rozumieniu <xLexLink xArt="art. 2;art. 2 ust. 2" xIsapId="WDU19940850388" xTitle="Ustawa z dnia 24 czerwca 1994 r. o własności lokali" xAddress="Dz. U. z 1994 r. Nr 85, poz. 388">art. 2 ust. 2 ustawy z dnia 24 czerwca 1994 r. o własności lokali</xLexLink> (t. jedn.: Dz. U. z 2000 r. Nr 80, poz. 903 ze zm.).</xText>
          <xText>Uchwałą nr 77/04/09/2005, podjętą w dniu 27 września 2005 r. Rada Nadzorcza powodowej spółdzielni wyraziła zgodę na zaproponowaną przez zarząd spółdzielni podwyżkę stawki na poczet funduszu remontowego dla lokali mieszkalnych, użytkowych i garaży do wysokości 0,75 zł za 1m<xSUPx>2</xSUPx>. W kolejnych latach stawka pozostała w niezmienionej wysokości i w takiej wysokości obowiązywała także w roku 2008.</xText>
          <xText>W oparciu o zestawienie planowanych kosztów utrzymania zasobów lokalowych powódki w roku 2008 zarząd spółdzielni sporządził plan finansowy, w którym określił wysokość opłaty eksploatacyjnej na kwotę 2,28 zł za 1 m<xSUPx>2</xSUPx> powierzchni użytkowej lokalu. Uchwałą nr 141/67/03/2008, podjętą w dniu 27 marca 2008 r. Rada Nadzorcza powodowej spółdzielni zatwierdziła powyższy plan finansowy na rok 2008.</xText>
          <xText>W styczniu 2008 r. stawka podatku od nieruchomości w postaci budynków związanych z prowadzeniem działalności gospodarczej wynosiła 1,52 zł za 1 m<xSUPx>2</xSUPx> miesięcznie (18,24 zł za 1 m<xSUPx>2</xSUPx> rocznie), natomiast w okresie od lutego do grudnia 2008 r. stawkę tego podatku określono na kwotę 1,55 zł za 1 m<xSUPx>2</xSUPx> miesięcznie (18,59 zł rocznie).</xText>
          <xText>W roku 2008 powodowa spółdzielnia zobowiązana była do ponoszenia na rzecz przedsiębiorstwa energetycznego, zaopatrującego należące do jej zasobów lokale, stałej opłaty przesyłowej i w tym samym czasie obciążała poszczególnych użytkowników lokali należących do swoich zasobów opłatą z tego tytułu w kwocie 0,56 zł za 1m<xSUPx>2</xSUPx> powierzchni użytkowej lokalu.</xText>
          <xText>W roku 2008 powodowa spółdzielnia ponosiła koszty związane z wywozem śmieci z pozostających w jej zasobach lokali i z tego tytułu obciążała użytkowników lokali opłatą w kwocie 0,15 zł za 1 m<xSUPx>2</xSUPx> powierzchni użytkowej.</xText>
          <xText>Sąd ustalił, że w § 156 w zw. z § 152 obowiązującego w roku 2008 r. u powódki statutu postanowiono, że opłaty z tytułu kosztów eksploatacji i utrzymania nieruchomości w częściach przypadających na poszczególne lokale powinny być uiszczane do dnia 15 każdego miesiąca.</xText>
          <xText>W roku 2008 u powódki obowiązywał regulamin zasad ustalania i rozliczania kosztów gospodarki zasobami mieszkaniowymi oraz opłat za użytkowanie lokali w <xAnon> SM (...)</xAnon> w <xAnon>S.</xAnon>. W przytoczonym regulaminie (§ 3) zdefiniowano pojęcie powierzchni użytkowej lokalu, wskazując, iż jest nią łączna powierzchnia jego pomieszczeń znajdujących się w lokalu, bez względu na ich przeznaczenie i sposób używania, wynikająca z dokumentacji technicznej budynku przyjętej przez spółdzielnię w trakcie odbioru lub w razie jej braku z dokumentacji odtworzeniowej sporządzonej w oparciu o normę PN-70/B-02365. Wskazano jednocześnie, że powierzchnię pomieszczeń lub ich części o wysokości w świetle równej lub większej od 2,20 m należy zaliczyć do obliczeń w 100%, o wysokości równej lub większej od 1,40 m, lecz mniejszej od 2,20 m w 50%, o wysokości mniejszej od 1,40 m pomija się całkowicie. Wskazano jednocześnie, że pozostałe zasady obliczania powierzchni należy przyjmować zgodnie z Polska Normą odpowiednio do określenia i obliczenia wskaźników powierzchniowych i kubaturowych w budownictwie.</xText>
          <xText>W styczniu 2008 powódka obciążyła pozwanych opłatą z tytułu korzystania z lokalu użytkowego, położnego w <xAnon>S.</xAnon> przy <xAnon>ul. (...)</xAnon>, w kwocie 725,46 zł brutto, co udokumentowała doręczoną im fakturą VAT. Na wskazaną kwotę składały się:</xText>
          <xText>- opłata eksploatacyjna w kwocie 316,21 zł, ustalona jako iloczyn przyjętej przez powódkę powierzchni lokalu (113,68 m<xSUPx>2</xSUPx>) oraz obowiązującej ówcześnie stawki opłaty w kwocie 2,28 zł za 1 m<xSUPx>2</xSUPx> i powiększonej o podatek VAT według stawki 22%,</xText>
          <xText>- odpis na poczet funduszu remontowego w kwocie 104,59 zł, ustalona jako iloczyn przyjętej przez powódkę powierzchni lokalu (113,68 m<xSUPx>2</xSUPx>) oraz obowiązującej ówcześnie stawki opłaty z tego tytułu w kwocie 0,75 zł za 1 m<xSUPx>2</xSUPx> i powiększonej o podatek VAT według stawki 22%,</xText>
          <xText>- podatek od nieruchomości w kwocie 210,31 zł, ustalony jako iloczyn przyjętej przez powódkę powierzchni lokalu (113,68 m<xSUPx>2</xSUPx>) oraz obowiązującej ówcześnie stawki podatku w kwocie 1,52 zł za 1 m<xSUPx>2</xSUPx> i powiększonej o podatek VAT według stawki 22%,</xText>
          <xText>- centralne ogrzewanie (opłata stała przesyłowa) w kwocie 77,30 zł, ustalona jako iloczyn przyjętej przez powódkę powierzchni lokalu (113,68 m<xSUPx>2</xSUPx>) oraz obowiązującej ówcześnie stawki opłaty stałej za c.o. w kwocie 0,56 zł za 1 m<xSUPx>2</xSUPx> i powiększonej o podatek VAT według stawki 22%,</xText>
          <xText>- opłata za wywóz śmieci i odpadów w kwocie 17,05 zł, ustalona jako iloczyn przyjętej przez powódkę powierzchni lokalu (113,68 m<xSUPx>2</xSUPx>) oraz obowiązującej ówcześnie stawki powyższej opłaty w kwocie 0,15 zł za 1 m<xSUPx>2</xSUPx> i powiększonej o podatek VAT według stawki 7%.</xText>
          <xText>Sąd I instancji ustalił, że w piśmie z dnia 15 stycznia 2008 r. powódka poinformowała pozwanych, że od dnia 01 lutego 2008 r. opłaty za korzystanie z powyższego lokalu wynosić będą 730,01 zł. W przedmiotowym piśmie poinformowano, że zmiana wysokości wskazanej opłaty jest konsekwencją zmiany wysokości stawki podatku od nieruchomości dla budynków związanych z prowadzeniem działalności gospodarczej do kwoty 18,59 zł/m<xSUPx>(
      2)</xSUPx> rocznie (uchwała Rady Miasta <xAnon>S.</xAnon> z dn. 19.11.2007 r. Nr <xAnon>(...)</xAnon>). Poinformowano jednocześnie pozwanych, że wskazana stawka nie obejmuje podatku VAT, obowiązek odprowadzania którego spoczywa na spółdzielni z mocy art. 41 ust. 1 ustawy o VAT.</xText>
          <xText>W okresie od lutego 2008 r. do grudnia 2008 r. powódka obciążyła pozwanych miesięczną opłatą z tytułu korzystania z powyższego lokalu użytkowego w kwocie 730,01 zł brutto, co dokumentowała doręczanymi im comiesięcznie fakturami VAT. Na wskazaną kwotę obciążenia składały się:</xText>
          <xText>- opłata eksploatacyjna w kwocie 316,21 zł, ustalona jako iloczyn przyjętej przez powódkę powierzchni lokalu (113,68 m<xSUPx>2</xSUPx>) oraz obowiązującej ówcześnie stawki opłaty w kwocie 2,28 zł za 1 m<xSUPx>2</xSUPx> i powiększonej o podatek VAT według stawki 22%,</xText>
          <xText>- odpis na poczet funduszu remontowego w kwocie 104,59 zł, ustalona jako iloczyn przyjętej przez powódkę powierzchni lokalu (113,68 m<xSUPx>2</xSUPx>) oraz obowiązującej ówcześnie stawki opłaty z tego tytułu w kwocie 0,75 zł za 1 m<xSUPx>2</xSUPx> i powiększonej o podatek VAT według stawki 22%,</xText>
          <xText>- podatek od nieruchomości w kwocie 214,86 zł, ustalony jako iloczyn przyjętej przez powódkę powierzchni lokalu (113,68 m<xSUPx>2</xSUPx>) oraz obowiązującej ówcześnie stawki podatku w kwocie 1,55 zł za 1 m<xSUPx>2</xSUPx> i powiększonej o podatek VAT według stawki 22%,</xText>
          <xText>- centralne ogrzewanie (opłata stała przesyłowa) w kwocie 77,30 zł, ustalona jako iloczyn przyjętej przez powódkę powierzchni lokalu (113,68 m<xSUPx>2</xSUPx>) oraz obowiązującej ówcześnie stawki opłaty stałej za c.o. w kwocie 0,56 zł za 1 m<xSUPx>2</xSUPx> i powiększonej o podatek VAT według stawki 22%,</xText>
          <xText>- opłata za wywóz śmieci i odpadów w kwocie 17,05 zł, ustalona jako iloczyn przyjętej przez powódkę powierzchni lokalu (113,68 m<xSUPx>2</xSUPx>) oraz obowiązującej ówcześnie stawki powyższej opłaty w kwocie 0,15 zł za 1 m<xSUPx>2</xSUPx> i powiększonej o podatek VAT według stawki 7%,</xText>
          <xText>Łączna kwota należności z powyższego tytułu za okres od stycznia do grudnia 2008 r. wyniosła 8.559,71 zł. Pozwani nie uiścili wskazanej kwoty.</xText>
          <xText>Pismem z dnia 01 marca 2010 r. powódka wezwała pozwanych do zapłaty kwoty 25.795,31 zł tytułem opłat za korzystanie z powyższego lokalu użytkowego w terminie do dnia 19 marca 2010 r. Pozwani nie uczynili zadość żądaniu.</xText>
          <xText>Pozwani do chwili obecnej nie uiścili opłat za korzystanie z objętego sporem lokalu, którymi obciążała ich powódka w okresie od stycznia do grudnia 2008 r.</xText>
          
          <xText>W ocenie Sądu Rejonowego, powództwo, którego podstawę stanowił przepis <xLexLink xArt="art. 4;art. 4 ust. 1(1)" xIsapId="WDU20010040027" xTitle="Ustawa z dnia 15 grudnia 2000 r. o spółdzielniach mieszkaniowych" xAddress="Dz. U. z 2001 r. Nr 4, poz. 27">art. 4 ust. 1<xSUPx>1</xSUPx> ustawy z dnia 15 grudnia 2000 r. o spółdzielniach mieszkaniowych</xLexLink> (t. jedn. Dz. U. z 2003 r. Nr 119, poz. 1116 ze zm.) w zw. z art. 6 ust. 3 tej ustawy, zasługiwało w całości na uwzględnienie.</xText>
          <xText>Sąd podniósł, iż bezspornym w sprawie było: - że objęty sporem lokal użytkowy należy do zasobów lokalowych powodowej spółdzielni mieszkaniowej, - że pozwani dysponują spółdzielczym własnościowym prawem do tego lokalu, - że (co do zasady) pozwani są zobligowani do ponoszenia na rzecz powódki kosztów związanych z korzystaniem z tego lokalu, (przy czym podstawy wskazanego obowiązku upatrywała w umowie, zawartej pomiędzy stronami w dniu 1 października 1998 r., nie zaś w przepisach <xLexLink xArt="" xIsapId="WDU20010040027" xTitle="Ustawa z dnia 15 grudnia 2000 r. o spółdzielniach mieszkaniowych" xAddress="Dz. U. z 2001 r. Nr 4, poz. 27">ustawy o spółdzielniach mieszkaniowych</xLexLink>). Sporna była natomiast wysokość ww. opłat, jako że utrzymywali, że zobowiązani byli w spornym okresie ponosić wyodrębnione w pozwie opłaty w wysokości oznaczonej ww. umowie, negując skuteczność obciążania ich tymi opłatami w wysokości wyliczonej przez powódkę przy uwzględnieniu stawek opłat ustalonych w drodze uchwał podejmowanych przez statutowe organy powódki. Nadto, kwestionowali oni zarówno wysokość opłaty eksploatacyjnej i z tytułu odpisu na poczet funduszu remontowego, jak i opłat z tytułu podatku od nieruchomości oraz centralnego ogrzewania, a nawet opłaty za wywóz śmieci i odpadów. Sąd wskazał, że strona pozwana negowała również wyliczenia powódki także w takim zakresie, w jakim obejmowały podwyższenie każdej z tych opłat o podatek VAT. Ponadto, pozwani kwestionowali wyliczenia powódki podnosząc, że przyjęła do ich ustalenia zawyżoną powierzchnię spornego lokalu, jak i nie uwzględniła potrzeby zaliczenia na poczet powierzchni użytkowej lokalu jedynie 50% faktycznej powierzchni części pomieszczeń w lokalu o wysokości w świetle poniżej 2,20 m. Pozwani kwestionowali, aby z uwagi na to, że nie korzystają w celu ogrzewania lokalu z zainstalowanej w lokalu sieci centralnego ogrzewania (zawory zasilające instalacje są zakręcone i zaplombowane) byli zobowiązani do ponoszenia z tego tytułu jakichkolwiek opłat. Strona powodowa z kolei, jak podniósł Sąd Rejonowy, podstawy żądania upatrywała w przepisach ustawy, podkreślając, że w sposób prawidłowy obciążyła pozwanych opłatami z tytułu korzystania ze spornego lokalu. Podkreślała przy tym, że pomimo tego, że pozwani ogrzewają lokal przy wykorzystaniu alternatywnego źródła energii cieplnej (ogrzewanie elektryczne), to w ich lokalu w dalszym ciągu zlokalizowana jest instalacja centralnego ogrzewania, co uzasadnia obciążanie pozwanych częścią (proporcjonalnie do powierzchni lokalu) obciążającej zasoby lokalowe spółdzielni stałej opłaty przesyłowej ponoszonej na rzecz przedsiębiorstwa energetycznego.</xText>
          <xText>Sąd I instancji wskazał, że stan faktyczny w sprawie ustalił w głównej mierze w oparciu o ujawnione w sprawie dowody z dokumentów, autentyczności i mocy dowodowej, których nie negowała żadna ze stron, jak również w oparciu o dowód z pisemnej i ustnej uzupełniającej opinii biegłego sądowego z zakresu budownictwa lądowego <xAnon>J. K.</xAnon>, którą Sąd ocenił jako całkowicie przekonywującą.</xText>
          <xText>Kolejno, Sąd zaznaczył, że dokonując prawnej oceny zgłoszonego w sprawie roszczenia, doszedł do przekonania, że źródła obowiązku pozwanych do ponoszenia na rzecz powódki dochodzonych pozwem należności za okres od stycznia 2008 r. do grudnia 2008 r. należało poszukiwać w przepisach <xLexLink xArt="" xIsapId="WDU20010040027" xTitle="Ustawa z dnia 15 grudnia 2000 r. o spółdzielniach mieszkaniowych" xAddress="Dz. U. z 2001 r. Nr 4, poz. 27">ustawy o spółdzielniach mieszkaniowych</xLexLink> (art. 4 ust. 1<xSUPx>1</xSUPx>). Ewentualne umowne uzgodnienia stron sporu w zakresie wysokości obciążeń związanych z korzystaniem z tego lokalu, a wynikające z umowy z dnia 1 października 1998 r. – zdaniem Sądu – należało kwalifikować, co najwyżej jako sprecyzowanie obowiązków ustawowych zobowiązanego w zakresie wysokości obciążających go opłat w dacie zawarcia umowy. Sąd podkreślił, że przepis art. 4 ust. 1<xSUPx>1</xSUPx> u.s.m. dodany nowelizacją z dnia 03 czerwca 2005 r. i zmieniony nowelizacją z dnia 14 czerwca 2007 r. nałożył na niebędące członkami osoby dysponujące własnościowymi prawami do lokali (jak w niniejszej sprawie) takie same obowiązki w zakresie uiszczania spółdzielni opłat związanych z posiadaniem tych praw, jakie przepis art. 4 ust. 1 u.s.m. nałożył na członków, którym przysługują spółdzielcze prawa do lokali. Osoby dysponujące własnościowymi prawami, które nie są członkami spółdzielni zostały więc obciążone - oprócz obowiązków pokrywania odpowiedniej części wydatków na eksploatację i utrzymanie nieruchomości, w której obrębie znajduje się używany przez te osoby lokal - także obowiązkiem pokrywania odpowiedniej części wydatków na eksploatację i utrzymanie nieruchomości stanowiących w całości mienie spółdzielni (a do dnia 31 lipca 2007 r. miały także obowiązek uczestniczenia w pokrywaniu zobowiązań spółdzielni z innych tytułów). Nie zostały jedynie obciążone obowiązkiem uczestniczenia w pokrywaniu kosztów działalności społecznej, oświatowej i kulturalnej prowadzonej przez spółdzielnię. Sąd zauważył, że <xLexLink xArt="" xIsapId="WDU20010040027" xTitle="Ustawa z dnia 15 grudnia 2000 r. o spółdzielniach mieszkaniowych" xAddress="Dz. U. z 2001 r. Nr 4, poz. 27">ustawa o spółdzielniach mieszkaniowych</xLexLink> nie definiuje pojęcia „koszty eksploatacji” i „utrzymania nieruchomości” ani nie rozróżnia szczegółowo pojęć „koszty eksploatacji nieruchomości” od „kosztów utrzymania nieruchomości”. Jednakże, jak zauważył, oba te rodzaje kosztów są jednak bez wątpienia związane z nieruchomością, czy też z nieruchomościami i z tego względu do kosztów takich nie można zaliczyć niczego, co nie jest związane bezpośrednio z nieruchomością. Biorąc pod uwagę zasadę samodzielności finansowej spółdzielni mieszkaniowej, Sąd przyjął, że w skład kosztów eksploatacji i utrzymania nieruchomości wchodzą wszystkie koszty usług dostarczanych do nieruchomości (dostawy wody, energii, odbioru ścieków, oczyszczania itp.), koszty bieżącej konserwacji, napraw i remontów (wraz z kosztami odpowiedniej dokumentacji i odpowiednimi kosztami administracyjnymi, opłatami lub podatkami), koszty utrzymania i konserwacji urządzeń technicznych położonych w obrębie nieruchomości, zieleni i urządzeń małej architektury, konserwacji i oczyszczania dróg, placów i chodników, podatek od nieruchomości, opłaty za wieczyste użytkowanie gruntów oraz koszty zarządzania nieruchomością (które nie są tożsame ze wszystkimi kosztami funkcjonowania administracji spółdzielni). Sąd podkreślił przy tym, że opisane obowiązki w zakresie wnoszenia opłat (przewidziane przepisami art. 4 ust. 1 i 1<xSUPx>1</xSUPx> u.s.m.) dotyczą zarówno lokali mieszkalnych, jak i lokali użytkowych. Wskazał też, że opłaty te powinny odpowiadać ponoszonym przez spółdzielnię kosztom utrzymania zasobu lokalowego spółdzielni. W tym zakresie Sąd odwołał się do stanowiska Sądu Najwyższego wyrażonego w wyroku z dnia 15.01.2007 r., III CSK 439/2006.</xText>
          <xText>Mając powyższe na uwadze, Sąd uznał za chybione twierdzenia pozwanych, jakoby strona pozwana była zobowiązana wobec powódki do ponoszenia obciążających ją opłat za korzystanie z objętego sporem lokalu przy uwzględnieniu stawek opłat określonych umownie. Dodał, że strona pozwana zdawała się nie dostrzegać, że pomiędzy datą zawarcia umowy, a okresem objętym sporem upłynęło blisko 10 lat, co przy uwzględnieniu zwykłych procesów inflacyjnych doprowadziło do sytuacji, w której określone w umowie stawki opłat za korzystanie z lokalu użytkowego bez wątpienia nie odpowiadały w okresie objętym pozwem rzeczywistym kosztom jego utrzymania, co wymagało ich podwyższenia. Niezależnie od powyższego Sąd zaznaczył, że w umowie z dnia 1 października 1998 r. strony w sposób niebudzący wątpliwości interpretacyjnych zastrzegły możliwość obciążenia pozwanych wyższymi stawkami od określonych umownie opłat, wprowadzonych w drodze uchwały organów spółdzielni.</xText>
          <xText>Kolejno, Sąd zaznaczył, że statutowo uprawnione organy powódki uchwaliły w 2005 r. podwyższenie opłaty na poczet funduszu remontowego do kwoty 0,75 zł netto powierzchni użytkowej lokalu użytkowego za 1m<xSUPx>2</xSUPx>, która pozostała na niezmienionym poziomie także w roku 2008. Natomiast w 2008 r. wskazane organy uchwaliły podwyższenie opłaty eksploatacyjnej do kwoty 2,28 zł netto za 1 m<xSUPx>2</xSUPx> powierzchni użytkowej lokalu, które odpowiadały rzeczywistym kosztom utrzymania tego lokalu. Sąd I instancji wskazał, że w jego ocenie statutowe organy spółdzielni skalkulowały wysokość powyższych opłat stosownie do obowiązującego u powódki regulaminu zasad ustalania i rozliczania kosztów gospodarki zasobami mieszkaniowymi oraz opłat za użytkowanie lokali, przy uwzględnieniu rzeczywistych kosztów utrzymania jej zasobów lokalowych (w tym lokalu użytkowego przy <xAnon>ul. (...)</xAnon> w <xAnon>S.</xAnon>).</xText>
          <xText>W oparciu o ujawnione w sprawie dowody z dokumentów Sąd ustalił, że w styczniu 2008 r. spółdzielnia zobligowana była do zapłaty podatku od nieruchomości (w tym lokalu użytkowego pozwanych) przy uwzględnieniu stawki w wysokości 18,24 zł za 1 m<xSUPx>2</xSUPx> rocznie (1,52 zł miesięcznie), natomiast w okresie od lutego do grudnia 2008 r. do uiszczenia podatku od nieruchomości przy uwzględnieniu stawki 18,59 zł netto rocznie za 1 m<xSUPx>2</xSUPx>, tj. 1,55 zł za 1 m<xSUPx>2</xSUPx>, co uzasadniało obciążenie lokalu pozwanych opłatami z tego tytułu według stawek w przytoczonych kwotach. W tym samym czasie obowiązywały wyższe, niż w dacie zawarcia umowy koszty wywozu nieczystości z zasobów lokalowych powódki, co uzasadniało skalkulowanie opłaty z tym związanej, a obciążającej lokal pozwanych stawką 0,15 zł netto za 1 m<xSUPx>2</xSUPx>.</xText>
          <xText>Za całkowicie nieuprawnione Sąd ocenił stanowisko pozwanych, co do tego, że powódka w sposób nieuzasadniony obciążyła ich w 2008 r. opłatami z tytułu centralnego ogrzewania. Sąd zauważył, że w sprawie strony nie wiodły sporu, co do tego, że pozwani nie ogrzewali w tym okresie lokalu przy wykorzystaniu energii cieplnej, pochodzącej z instalacji centralnego ogrzewania. Pozwani nie negowali wszakże tego, że instalacja c.o., stanowiąca część instalacji, doprowadzającej czynnik cieplny do zasobów lokalowych powódki (także innych niż lokal pozwanych), a niezbędna dla ewentualnego wznowienia dostaw ciepła do tego lokalu, w dalszym ciągu jest w tym lokalu posadowiona. W ocenie Sądu kluczowym było, że powódka w związku z koniecznością utrzymania dostaw ciepła do swoich zasobów lokalowych (także innych niż lokal pozwanych) jest względem przedsiębiorstwa energetycznego zobowiązana nie tylko do zapłaty za dostarczony czynnik cieplny, ale i do zapłaty tzw. stałej opłaty przesyłowej, która bez jakichkolwiek wątpliwości jest ponoszona w związku z potrzebą utrzymania jej zasobów lokalowych w należytym stanie, a zatem winna być traktowana, jako koszty eksploatacji i utrzymania mienia spółdzielni. W tym stanie rzeczy zdaniem Sądu, brak było argumentów, które dawałyby podstawę do odstąpienia od obciążania pozwanych częścią tej opłaty, jako że stanowi ona w istocie koszt utrzymania mienia spółdzielni, o jakim mowa w art. 4 ust. 1<xSUPx>1</xSUPx> u.s.m.</xText>
          <xText>Z kolei odnośnie powierzchni użytkowej objętego sporem lokalu, przyjętej za podstawę do naliczania opłat, Sąd wskazał, że w istocie była ona niższa od wskazanej przez powódkę w pozwie. W tym zakresie, Sąd podniósł, że z opinii biegłego sądowego z zakresu budownictwa lądowego <xAnon>J. K.</xAnon>, sporządzonej na potrzeby niniejszej sprawy wynikało, że w lokalu znajduje się 9 słupów konstrukcyjnych, które zajmują powierzchnię 1,33 m<xSUPx>2</xSUPx> oraz ściany działowe oddzielające poszczególne pomieszczenia, które zajmują powierzchnię 4,12 m<xSUPx>2</xSUPx>. Biegły wskazał nadto, że pomieszczenia wc, kotłowni oraz aneksu kuchennego (o powierzchni liczonej przy pomiarze po ścianach na styku z podłogą wynoszących 10,80m<xSUPx>2</xSUPx>) posiadają wysokość niższą od 2,20 m, co obniża przyjętą do obliczeń powierzchnię tych pomieszczeń o 50% (5,40m<xSUPx>2</xSUPx>). Biegły dokonał także pomiaru lokalu wyłącznie po wewnętrznych nośnych ścianach lokalu i ustalił jego powierzchnię na 113,68 m<xSUPx>2</xSUPx>. Uwzględniając powyższe pomiary biegły wskazał, że rzeczywista powierzchnia użytkowa lokalu wynosi 100,57 m<xSUPx>2</xSUPx> (113,68 m<xSUPx>2</xSUPx> - 4,12 m<xSUPx>2</xSUPx> - 1,33 m<xSUPx>2</xSUPx> - 5,40 m<xSUPx>2</xSUPx>). Sąd zauważył też, że w złożonej w przebiegu rozprawy w dniu 29 marca 2012 r. uzupełniającej ustnej opinii biegły podkreślił, że pomieszczenia sanitarne i kotłownia posiadają niższą wysokość od pozostałych pomieszczeń w lokalu na skutek jego obniżenia przez pozwanych w wyniku prac adaptacyjnych. Biegły zwrócił uwagę, że faktyczna wysokość tych pomieszczeń przenosi wysokość 2,20 m. Nadto, jak podkreślił Sąd, biegły odparł wszystkie zgłoszone w sprawie zarzuty do pisemnej opinii.</xText>
          <xText>W ocenie Sądu I instancji złożona w sprawie opinia była całkowicie przekonywująca, jako że została sporządzona przez osobę dysponującą odpowiednią wiedzą specjalistyczną i doświadczeniem zawodowym, a przy tym okazała się wyczerpująca i spójna, zaś biegły odparł wszelkie zgłoszone przez strony zastrzeżenia, co do jej treści. Dla oceny wskazanego dowodu nie bez znaczenia pozostawało i to, że strony sporu po złożeniu ustnej uzupełniającej opinii nie zgłaszały dalszych zastrzeżeń do jej treści.</xText>
          <xText>Jak podniósł Sąd, uwzględniając wyliczenia biegłego ustalił on, że w istocie powierzchnia spornego lokalu wynosi 113,68 m<xSUPx>2</xSUPx> (przy pomiarze po ścianach wewnętrznych nośnych lokalu przy podłodze). Jednakże, jednocześnie Sąd podzielił stanowisko biegłego, co do tego, że w istocie powierzchnię użytkową lokalu należało pomniejszyć o powierzchnię, jaka została zajęta pod słupy konstrukcyjne, tj. o 1,33 m<xSUPx>2</xSUPx>, jako że elementy te stanowią część budynku należącego do zasobów spółdzielni. Nieuprawnionymi zdaniem Sądu były natomiast dalsze obniżenia powierzchni użytkowej spornego lokalu o powierzchnie, jakie zostały zajęte pod ścianki działowe, i o pomieszczenia: kotłowni i pomieszczeń sanitarnych, gdzie doszło do ich obniżenia w taki sposób, że mają aktualnie poniżej 2,20 m, które to prace zostały wykonane przez pozwanych już po uzyskaniu przez nich tytułu prawnego do lokalu, jako że wynik ww. prac stanowił wyłącznie wyraz przyjętej przez pozwanych koncepcji zagospodarowania lokalu, nie zaś efekt zamierzeń projektowych konstruktora budynku i pomieszczenia. Sąd dodał przy tym, że posiłkując się opinią biegłego powziął informację, że budynek posiada faktycznie (konstrukcyjnie) wysokość przenoszącą 2,20 m, co wyłączało możliwość ustalenia powierzchni tych pomieszczeń jako odpowiadającą 50% powierzchni pomieszczenia przy pomiarze po ścianach wewnętrznych. Dokonując takiego ustalenia Sąd miał na uwadze unormowanie <xLexLink xArt="art. 4;art. 4 ust. 2" xIsapId="WDU19910090031" xTitle="Ustawa z dnia 12 stycznia 1991 r. o podatkach i opłatach lokalnych" xAddress="Dz. U. z 1991 r. Nr 9, poz. 31">art. 4 ust. 2 ustawy z dnia 12 stycznia 1991 r. o podatkach i opłatach lokalnych</xLexLink> (Dz. U. z 2010 r. Nr 95, poz. 613 ze zm.).</xText>
          <xText>Reasumując Sąd ustalił, że faktyczna powierzchnia użytkowa lokalu zajmowanego przez pozwanych wynosiła 112,35 m<xSUPx>2</xSUPx> i taką powierzchnię przyjął dla dokonania niewadliwego wyliczenia obciążających pozwanych opłat z tytułu korzystania z objętego sporem lokalu (także w zakresie ustalenia należnego podatku od nieruchomości).</xText>
          <xText>Zdaniem Sądu Rejonowego powódka zasadnie podwyższyła obciążające pozwanych opłaty z tytułu: eksploatacji, odpisu na poczet funduszu remontowego, podatku od nieruchomości, za centralne ogrzewanie oraz za wywóz śmieci podatkiem VAT według stawek przyjętych w złożonych do akt faktur VAT (22% za wyjątkiem opłaty za wywóz śmieci, gdzie naliczyła prawidłowo podatek VAT wg stawki 7% - art. 41 ust. 2 ustawy od towarów i usług – załącznik nr 3 do ustawy). Ustalenia w tym zakresie Sąd poczynił w oparciu o przepis <xLexLink xArt="art. 43;art. 43 ust. 1;art. 43 ust. 1 pkt. 11" xIsapId="WDU20040540535" xTitle="Ustawa z dnia 11 marca 2004 r. o podatku od towarów i usług" xAddress="Dz. U. z 2004 r. Nr 54, poz. 535">art. 43 ust. 1 pkt 11 ustawy z dnia 11 marca 2004 r.</xLexLink> w brzmieniu nadanym <xLexLink xArt="" xIsapId="WDU20071921382" xTitle="Ustawa z dnia 19 września 2007 r. o zmianie ustawy o podatku od towarów i usług oraz ustawy o zwrocie osobom fizycznym niektórych wydatków związanych z budownictwem mieszkaniowym" xAddress="Dz. U. z 2007 r. Nr 192, poz. 1382">ustawą z dnia 19 września 2007 r. o zmianie ustawy o podatku od towarów i usług oraz ustawa o zwrocie osobom fizycznym niektórych wydatków związanych z budownictwem mieszkaniowym</xLexLink> (Dz. U. z 2007 r. Nr 192, poz. 1382) oraz mając na uwadze stanowisko judykatury (wyrok Wojewódzkiego Sądu Administracyjnego z dnia 02 lutego 2010 r., III SA/Wa 1915/09). Wskazał przy tym, że w treści ww. przepisu <xLexLink xArt="art. 43;art. 43 ust. 1;art. 43 ust. 1 pkt. 11" xIsapId="WDU20040540535" xTitle="Ustawa z dnia 11 marca 2004 r. o podatku od towarów i usług" xAddress="Dz. U. z 2004 r. Nr 54, poz. 535">art. 43 ust. 1 pkt 11 ustawy z dnia 11.03.2004 r.</xLexLink>, ustawodawca nie wymienił czynności wykonywanych na rzecz osób niebędących członkami spółdzielni, którym przysługują spółdzielcze prawa do lokali użytkowych. To w jego ocenie dawało podstawę do przyjęcia, że podlegają one opodatkowaniem podatkiem od towarów i usług według stawki 22% (<xLexLink xArt="art. 41;art. 41 ust. 1" xIsapId="WDU20040540535" xTitle="Ustawa z dnia 11 marca 2004 r. o podatku od towarów i usług" xAddress="Dz. U. z 2004 r. Nr 54, poz. 535">art. 41 ust. 1 ustawy z dn. 11.03.2004 r. o podatku od towarów i usług</xLexLink>). Sąd zaznaczył, że podzielając poglądy wyrażone w orzecznictwie sądów administracyjnych, stanął na stanowisku, iż w świetle postanowień ustawy o VAT czynności spółdzielni wynikające z obowiązku zarządzania nieruchomościami stanowiącymi jej mienie lub nabyte na podstawie ustawy mienie jej członków (art. 1 ust. 3 u.s.m.), za które uiszczane są opłaty wymienione w art. 4 stanowią odpłatne świadczenie usług (art. 8 ust. 1 ustawy o VAT), podlegające co do zasady opodatkowaniu tym podatkiem. W zakresie usług związanych z wykonywaniem obowiązku zarządzania przez spółdzielnię nieruchomościami mieszczą się także, jak wyżej wskazano, czynności związane z bieżącą konserwacją, naprawami i remontami.</xText>
          <xText>Mając na uwadze uprzednie rozważania, Sąd Rejonowy ustalił, że obciążająca pozwanych opłata z tytułu korzystania z objętego sporem lokalu użytkowego winna wynosić:</xText>
          <xText>- 709,34 zł w miesiącu styczniu 2008 r. (312,51 zł – opłata eksploatacyjna, 103,36 zł – odpis na fundusz remontowy, 200,22 zł - podatek od nieruchomości, 76,40 zł - opłata stała za c.o., 16,85 zł – opłata za wywóz śmieci),</xText>
          <xText>- 713,67 zł w miesiącach od lutego 2008 r. do grudnia 2008 r. (312,51 zł – opłata eksploatacyjna, 103,36 zł – odpis na fundusz remontowy, 204,55 zł - podatek od nieruchomości, 76,40 zł - opłata stała za c.o., 16,85 zł – opłata za wywóz śmieci).</xText>
          <xText>Łączna suma opłat z powyższego tytułu za okres od stycznia do grudnia 2008 r. winna zostać ustalona na kwotę 8.559,71 zł.</xText>
          <xText>Sąd zauważył, że strona powodowa dokonała kapitalizacji odsetek ustawowych od nieuiszczonych w terminie do dnia 15 dnia każdego miesiąca opłat za każdy miesiąc w okresie od stycznia do grudnia 2008 r. na dzień 07 lutego 2011 r. Tym samym, jak wyliczył, wysokość skapitalizowanych odsetek miesięcznych przy uwzględnieniu terminu zapłaty należności oraz daty kapitalizacji oraz obowiązujących w okresie pomiędzy datą wymagalności roszczenia, a datą kapitalizacji stawek odsetek ustawowych wyniosła:- 272,97 zł – opłata za styczeń 2008 r., - 267,67 zł – opłata za luty 2008 r., - 261,14 zł – opłata za marzec 2008 r., - 254,17 zł – opłata za kwiecień 2008 r., - 247,43 zł – opłata za maj 2008 r., - 240,46 zł – opłata za czerwiec 2008 r., - 233,71 zł – opłata za lipiec 2008 r., - 226,74 zł – opłata za sierpień 2008 r., - 219,77 zł – opłata za wrzesień 2008 r., - 213,03 zł – opłata za październik 2008 r., - 206,06 zł – opłata za listopad 2008 r., - 199,28 zł – opłata za grudzień 2008 r.</xText>
          <xText>W rezultacie Sąd I instancji ustalił, że łączna kwota należności za okres od stycznia do grudnia 2008 r. wraz ze skapitalizowanymi odsetkami na dzień 07 lutego 2011 r. wyniosła 11.402,14 zł. Jednakże, jednocześnie Sąd wskazał, że powódka dochodziła w sprawie zapłaty kwoty 6.910,86 zł tytułem opłat za okres od stycznia do grudnia 2008 r. wraz ze skapitalizowanymi odsetkami od należności za poszczególne miesiące. Z tych też względów, jak również mając na uwadze treść przepisu <xLexLink xArt="art. 321;art. 321 § 1" xIsapId="WDU19640430296" xTitle="Ustawa z dnia 17 listopada 1964 r. - Kodeks postępowania cywilnego" xAddress="Dz. U. z 1964 r. Nr 43, poz. 296">art. 321 § 1 k.p.c.</xLexLink>, Sąd orzekł, jak w pkt I wyroku.</xText>
          <xText>O odsetkach od zasądzonej w pkt I wyroku kwoty Sąd orzekł na podstawie <xLexLink xArt="art. 481;art. 481 § 1;art. 481 § 2" xIsapId="WDU19640160093" xTitle="Ustawa z dnia 23 kwietnia 1964 r. - Kodeks cywilny" xAddress="Dz. U. z 1964 r. Nr 16, poz. 93">art. 481 § 1 i 2 k.c.</xLexLink> Dodał przy tym, że w jego ocenie pozwani pozostają w dalszym ciągu w opóźnieniu w zapłacie dochodzonego pozwem świadczenia (należności tytułem opłat wraz ze skapitalizowanymi odsetkami), co dawało podstawę dla obciążenia ich dalszymi odsetkami od dnia 10 lutego 2011 r. (zgodnie z żądaniem pozwu). Podstawę zasądzenia dalszych odsetek ustawowych od skapitalizowanych odsetek stanowił przepis <xLexLink xArt="art. 482;art. 482 § 1" xIsapId="WDU19640160093" xTitle="Ustawa z dnia 23 kwietnia 1964 r. - Kodeks cywilny" xAddress="Dz. U. z 1964 r. Nr 16, poz. 93">art. 482 § 1 k.c.</xLexLink></xText>
          <xText>O kosztach procesu Sąd orzekł przy uwzględnieniu zasady odpowiedzialności za wynik procesu (<xLexLink xArt="art. 98;art. 98 § 1;art. 98 § 3" xIsapId="WDU19640430296" xTitle="Ustawa z dnia 17 listopada 1964 r. - Kodeks postępowania cywilnego" xAddress="Dz. U. z 1964 r. Nr 43, poz. 296">art. 98 § 1 i 3 k.p.c.</xLexLink> w zw. z <xLexLink xArt="art. 99" xIsapId="WDU19640430296" xTitle="Ustawa z dnia 17 listopada 1964 r. - Kodeks postępowania cywilnego" xAddress="Dz. U. z 1964 r. Nr 43, poz. 296">art. 99 k.p.c.</xLexLink>).</xText>
          <xText>Na zakończenie Sąd podniósł, iż mając na względzie okoliczność, że strona powodowa uiściła w sprawie kwotę 500 zł na poczet zaliczki na wynagrodzenie biegłego sądowego, natomiast ostatecznie biegłemu wypłacono wynagrodzenie w kwocie 1.058,61 zł, na zasadzie <xLexLink xArt="art. 84;art. 84 ust. 2" xIsapId="WDU20051671398" xTitle="Ustawa z dnia 28 lipca 2005 r. o kosztach sądowych w sprawach cywilnych" xAddress="Dz. U. z 2005 r. Nr 167, poz. 1398">art. 84 ust. 2</xLexLink> w zw. z <xLexLink xArt="art. 113" xIsapId="WDU20051671398" xTitle="Ustawa z dnia 28 lipca 2005 r. o kosztach sądowych w sprawach cywilnych" xAddress="Dz. U. z 2005 r. Nr 167, poz. 1398">art. 113 ustawy z dnia 28 lipca 2005 r. o kosztach sądowych w sprawach cywilnych</xLexLink> (tekst jedn.: Dz. U. z 2005 r. Nr 90, poz. 594 ze zm.) nakazał ściągnąć solidarnie od pozwanych kwotę 558,61 zł tytułem nieuiszczonych kosztów sądowych, o czym orzekł, jak w pkt II wyroku.</xText>
          
          <xText>Apelację od powyższego orzeczenia wywiedli pozwani, zaskarżając je w całości. Pełnomocnik apelujących wniósł o: 1) o zmianę zaskarżonego orzeczenia w całości oraz o oddalenie w całości powództwa, 2) o zasądzenie od powódki <xAnon> Spółdzielni Mieszkaniowej (...)</xAnon> w <xAnon>S.</xAnon> solidarnie na ich rzecz zwrotu kosztów zastępstwa procesowego za obie instancje. Jako wniosek alternatywny zgłosił on żądanie uchylenia zaskarżonego orzeczenia w całości i przekazanie sprawy do ponownego rozpoznania sądowi I instancji. Pozwani zarzucili wyrokowi:</xText>
          <xText>1) prowadzące do nieważności postępowania orzeczenie częściowo w przedmiocie objętym innym, wcześniej wszczętym postępowaniem toczącym się przed tym samym Sądem Rejonowym Szczecin-Prawobrzeże i Zachód w Szczecinie, a to mianowicie w sprawie o sygn. akt I Nc 1341/11 (obecnie I C 30/12), to jest uchybienie przepisowi <xLexLink xArt="art. 379;art. 379 pkt. 3" xIsapId="WDU19640430296" xTitle="Ustawa z dnia 17 listopada 1964 r. - Kodeks postępowania cywilnego" xAddress="Dz. U. z 1964 r. Nr 43, poz. 296">art. 379 pkt 3 k.p.c.</xLexLink>,</xText>
          <xText>2) ewentualnie w stosunku do zarzutu opisanego w <xLexLink xArt="art. 321 § 1 pkt. 1" xIsapId="WDU19640430296" xTitle="Ustawa z dnia 17 listopada 1964 r. - Kodeks postępowania cywilnego" xAddress="Dz. U. z 1964 r. Nr 43, poz. 296">pkt I</xLexLink> — orzeczenie ponad przedmiot żądania, co stanowi z kolei naruszenie <xLexLink xArt="art. 321;art. 321 § 1" xIsapId="WDU19640430296" xTitle="Ustawa z dnia 17 listopada 1964 r. - Kodeks postępowania cywilnego" xAddress="Dz. U. z 1964 r. Nr 43, poz. 296">art. 321 § 1 k.p.c.</xLexLink>,</xText>
          <xText>3) błąd w ustaleniach faktycznych, polegający na przyjęciu, że lokal pozwanych, położony w <xAnon>S.</xAnon> przy <xAnon>ul. (...)</xAnon>, posiada powierzchnię 113,68 m<xSUPx>2</xSUPx> (przy pomiarze po wewnętrznych ścianach lokalu, przy czym powierzchnia użytkowa lokalu wynosi 112,35 m<xSUPx>2</xSUPx>), pomimo tego, że zgodnie z opinią biegłego powierzchnia użytkowa tego lokalu wynosi 100,57 m<xSUPx>2</xSUPx>,</xText>
          <xText>4) błąd w ustaleniach faktycznych, jakoby powodowa spółdzielnia ponosiła na rzecz przedsiębiorstwa energetycznego stałej opłaty przesyłowej za powierzchnię lokalu użytkowanego przez pozwanych,</xText>
          <xText>5) pominięcie własnych ustaleń faktycznych co do zdefiniowania przez powodową spółdzielnię w regulaminie pojęcia powierzchni użytkowej lokalu, zgodnie z którym to regulaminem jest nią łączna powierzchnia jego pomieszczeń znajdujących się w lokalu wynikająca z dokumentacji technicznej przyjętej przez spółdzielnię w trakcie odbioru lub w razie jej braku w oparciu o normę PN-76VB-02365, przy czym powierzchnię w świetle równej lub większej od 2,20 m należy zaliczyć do obliczeń w 100%, o wysokości równej lub większej od 1,40 m lecz mniejszej od 2,20 m w 50%, o wysokości mniejszej od 1,40 m pomija się całkowicie,</xText>
          <xText>6) pominięcie (w związku z powyższym) treści normy PN-70/B-02365, zgodnie z którą ścian działowych nie wlicza się do powierzchni lokalu, co stanowi również naruszenie <xLexLink xArt="art. 19;art. 19 ust. 2;art. 19 ust. 3" xIsapId="WDU19930550251" xTitle="Ustawa z dnia 3 kwietnia 1993 r. o normalizacji" xAddress="Dz. U. z 1993 r. Nr 55, poz. 251">art. 19 ust. 2 i 3 ustawy z dnia 3 kwietnia 1993 r. o normalizacji</xLexLink> (Dz. U. Nr 55, poz. 251), §1 oraz załącznika do <xLexLink xArt="" xIsapId="WDU19940840387" xTitle="Rozporządzenie Ministra Gospodarki Przestrzennej i Budownictwa z dnia 21 czerwca 1994 r. w sprawie wprowadzenia obowiązku stosowania niektórych Polskich Norm z zakresu budownictwa, gospodarki przestrzennej i komunalnej oraz geodezji i kartografii" xAddress="Dz. U. z 1994 r. Nr 84, poz. 387">rozporządzenia Ministra Gospodarki Przestrzennej i Budownictwa z dnia 21 czerwca 1994 r. w sprawie wprowadzenia obowiązku stosowania niektórych Polskich Norm z zakresu budownictwa, gospodarki przestrzennej i komunalnej oraz geodezji i kartografii</xLexLink> (Dz. U. Nr 84, poz. 387),</xText>
          <xText>7) pominięcie dyspozycji art. la ust. 1 pkt 5 ustawy o podatkach i opłatach lokalnych, zgodnie z którym za powierzchnię użytkową budynku lub jego części (a lokal jest częścią budynku) uważa się powierzchnię mierzoną po wewnętrznej długości ścian na wszystkich kondygnacjach, z wyjątkiem powierzchni klatek schodowych oraz szybów dźwigowych (a więc również ścian działowych),</xText>
          <xText>8) nie wzięcie pod uwagę nawet własnych ustaleń (cyt.: „sąd podzielił stanowisko biegłego co do tego, iż w istocie powierzchnię użytkową lokalu należy pomniejszyć o powierzchnię, jaka została zajęta pod słupy konstrukcyjne, tj. o 1,33 m<xSUPx>2</xSUPx>” oraz „sąd ustalił, że faktyczna powierzchnia użytkowa lokalu zajmowanego przez pozwanych wynosiła 112,35 m<xSUPx>2</xSUPx> i taką powierzchnię należało przyjąć dla dokonania niewadliwego wyliczenia obciążających pozwanych opłat”) i nieuwzględnienie w wyroku nawet tej różnicy pomiędzy powierzchnią użytkowej lokalu pozwanych a powierzchnią stanowiącą podstawę do naliczania opłat,</xText>
          <xText>9) nieprawidłowe ustalenie, iż powodowa spółdzielnia była w roku 2008 zobligowana do zapłaty podatku od nieruchomości również od lokalu użytkowego pozwanych w stawki 18,24 zł za 1 m<xSUPx>2</xSUPx> oraz (od lutego do grudnia 2008 r.) 18,59 zł netto za 1 m<xSUPx>2</xSUPx> rocznie, gdyż spółdzielnia nie wykazała żadnym dowodem, iż powierzchnię lokalu pozwanych ujawniła w deklaracji podatkowej za ten rok,</xText>
          <xText>10) nieprawidłowe ustalenie, że żądane przez Spółdzielnię opłaty odpowiadają rzeczywistym kosztom utrzymania spółdzielczego zasobu lokalowego przypadającym na lokal pozwanych, pomimo tego, że Spółdzielnia, poza własnymi twierdzeniami i kalkulacjami, nie zaoferowała żadnych dowodów na ich poparcie, a pozwani jej wyliczenia kwestionowali, co z kolei prowadzi do naruszenia <xLexLink xArt="art. 4;art. 4 ust. 1;art. 4 ust. 1(1)" xIsapId="WDU20010040027" xTitle="Ustawa z dnia 15 grudnia 2000 r. o spółdzielniach mieszkaniowych" xAddress="Dz. U. z 2001 r. Nr 4, poz. 27">art. 4 ust. 1 i 1<xSUPx>1</xSUPx> ustawy z dnia 15 grudnia 2000 r. o spółdzielniach mieszkaniowych</xLexLink> oraz <xLexLink xArt="art. 6" xIsapId="WDU19640160093" xTitle="Ustawa z dnia 23 kwietnia 1964 r. - Kodeks cywilny" xAddress="Dz. U. z 1964 r. Nr 16, poz. 93">art. 6 k.c.</xLexLink> i <xLexLink xArt="art. 232;art. 232 § 1" xIsapId="WDU19640430296" xTitle="Ustawa z dnia 17 listopada 1964 r. - Kodeks postępowania cywilnego" xAddress="Dz. U. z 1964 r. Nr 43, poz. 296">art. 232 § 1 k.p.c.</xLexLink>,</xText>
          <xText>11) błędne ustalenie, iż nie ma podstaw do odstąpienia od obciążania pozwanych częścią tzw. stałej opłaty przesyłowej, i pominięcie dowodu z oświadczenia woli powodowej spółdzielni złożonego pozwanym w piśmie z dnia 12 września 2002 r. (niekwestionowanego), iż protokolarne stwierdzenie zaplombowania zamkniętych zaworów odcinających instalację centralnego ogrzewania będzie podstawą do obniżenia opłaty czynszowej o koszt centralnego ogrzewania, jak też pominięcie tego protokołu z zaniknięcia i zaplombowania tych zaworów z dnia 27 września 2004 r. jako dowodu spełnienia się opisanego warunku do obniżenia opłaty czynszowej o koszt centralnego ogrzewania,</xText>
          <xText>12) naruszenie <xLexLink xArt="art. 328;art. 328 § 2" xIsapId="WDU19640430296" xTitle="Ustawa z dnia 17 listopada 1964 r. - Kodeks postępowania cywilnego" xAddress="Dz. U. z 1964 r. Nr 43, poz. 296">art. 328 § 2 k.p.c.</xLexLink>, poprzez stwierdzenie w uzasadnieniu wyroku, że zdaniem Sądu statutowe organy spółdzielni skalkulowały wysokość powyższych opłat (tj. na fundusz remontowy) stosownie do obowiązującego u powódki regulaminu zasad ustalania i rozliczania kosztów gospodarki zasobami mieszkaniowymi oraz opłat za korzystanie z lokali, przy uwzględnieniu rzeczywistych kosztów utrzymania jej zasobów lokalowych, bez wskazania podstawy faktycznej takiego wnioskowania a zwłaszcza dowodów, które zdanie Sądu by należycie uzasadniały,</xText>
          <xText>13) naruszenie art. 4 ust. 4<xSUPx>1</xSUPx> oraz art. 6 ust. 3 ustawy o spółdzielniach mieszkaniowych oraz <xLexLink xArt="art. 5;art. 5 ust. 1" xIsapId="WDU20040540535" xTitle="Ustawa z dnia 11 marca 2004 r. o podatku od towarów i usług" xAddress="Dz. U. z 2004 r. Nr 54, poz. 535">art. 5 ust. 1 ustawy z dnia 11 marca 2004 r. o podatku od towarów i usług</xLexLink> (Dz. U. Nr 54, poz. 553 ze zm.) poprzez błędne przyjęcie, że kwota odpisu na fundusz remontowy powinna stanowić podstawę do opodatkowania podatkiem od towarów i usług, i obciążenia nim pozwanych.</xText>
          <xText>W uzasadnieniu apelacji, pełnomocnik pozwanych w sposób bardzo szczegółowy odniósł się do podniesionych zarzutów, dokonując przy tym stosownych wyliczeń, jak również powołując się na orzecznictwo Sądu Najwyższego.</xText>
          
          <xText>W odpowiedzi na apelację pozwanych, powódka wniosła o oddalenie apelacji pozwanych w całości oraz o zasądzenie od pozwanych - <xAnon>M.</xAnon> i <xAnon>A. K.</xAnon> - rzecz powódki - <xAnon> Spółdzielni Mieszkaniowej (...)</xAnon> w <xAnon>S.</xAnon> kosztów postępowania odwoławczego z uwzględnieniem kosztów zastępstwa procesowego według norm przepisanych.</xText>
          
          <xText xALIGNx="center">
            <xBx>
              <xUx>Sąd Okręgowy zważył, co następuje:</xUx>
            </xBx>
          </xText>
          
          <xText>Mimo zasadności części zarzutów podniesionych w apelacji orzeczenie Sądu Rejonowego, w przeważającej części okazało się prawidłowe. Dodać przy tym należy, że do zmiany orzeczenia doszło między innymi z uwagi na słuszność zarzutu przedawnienia, który został podniesiony dopiero na etapie postępowania apelacyjnego.</xText>
          <xText>W pierwszym rzędzie Sąd II instancji wskazuje, iż Sąd Rejonowy przeprowadził postępowanie dowodowe w zakresie wnioskowanym przez obie strony postępowania, zgromadzone w sprawie dowody poddał wszechstronnej, wnikliwej ocenie ustalając stan faktyczny sprawy stanowiący następnie podstawę do stosowania właściwych przepisów prawa materialnego. Ocena dowodów przeprowadzona przez Sąd I instancji, co do zasady, odpowiada wymogom stawianym przez przepis <xLexLink xArt="art. 233;art. 233 § 1" xIsapId="WDU19640430296" xTitle="Ustawa z dnia 17 listopada 1964 r. - Kodeks postępowania cywilnego" xAddress="Dz. U. z 1964 r. Nr 43, poz. 296">art. 233 § 1 k.p.c.</xLexLink>, uwzględnia cały zgromadzony w sprawie materiał dowodowy i tym samym, poza okolicznościami, o których będzie mowa w dalszej części uzasadnienia, pozostaje pod ochroną wynikającą z powołanego przepisu.</xText>
          <xText>Sąd Okręgowy podziela ustalenie faktyczne i przeprowadzoną przez Sąd Rejonowy ocenę zgromadzonych w sprawie dowodów.</xText>
          <xText>Wskazać również należy, że niezależnie od błędów logicznych, jakich dopuścił się Sąd Rejonowy w obliczeniach wysokości należnego powódce świadczenia, zastosował on odpowiednie przepisy prawa materialnego.</xText>
          <xText>Jak słusznie zauważył Sąd Rejonowy, podstawę prawną pozwu, a co za tym idzie – źródłem obowiązku pozwanych – stanowił przepis <xLexLink xArt="art. 4;art. 4 ust. 1(1)" xIsapId="WDU20010040027" xTitle="Ustawa z dnia 15 grudnia 2000 r. o spółdzielniach mieszkaniowych" xAddress="Dz. U. z 2001 r. Nr 4, poz. 27">art. 4 ust. 1<xSUPx>1</xSUPx> ustawy z dnia 15 grudnia 2000 r. o spółdzielniach mieszkaniowych</xLexLink> (t. jedn. Dz. U. z 2003 r. Nr 119, poz. 1116 ze zm.), który stanowi, że osoby niebędące członkami spółdzielni, którym przysługują spółdzielcze własnościowe prawa do lokali, są obowiązane uczestniczyć w pokrywaniu kosztów związanych z eksploatacją i utrzymaniem nieruchomości w częściach przypadających na ich lokale, eksploatacją i utrzymaniem nieruchomości stanowiących mienie spółdzielni przez uiszczanie opłat na takich samych zasadach, jak członkowie spółdzielni, z zastrzeżeniem <xLexLink xArt="art. 5" xIsapId="WDU20010040027" xTitle="Ustawa z dnia 15 grudnia 2000 r. o spółdzielniach mieszkaniowych" xAddress="Dz. U. z 2001 r. Nr 4, poz. 27">art. 5</xLexLink>. Nadto przepis <xLexLink xArt="art. 4;art. 4 ust. 4" xIsapId="WDU20010040027" xTitle="Ustawa z dnia 15 grudnia 2000 r. o spółdzielniach mieszkaniowych" xAddress="Dz. U. z 2001 r. Nr 4, poz. 27">art. 4 ust. 4</xLexLink> stanowi, iż właściciele lokali niebędący członkami spółdzielni są obowiązani uczestniczyć w pokrywaniu kosztów związanych z eksploatacją i utrzymaniem ich lokali, eksploatacją i utrzymaniem nieruchomości wspólnych. Są oni również obowiązani uczestniczyć w wydatkach związanych z eksploatacją i utrzymaniem nieruchomości stanowiących mienie spółdzielni, które są przeznaczone do wspólnego korzystania przez osoby zamieszkujące w określonych budynkach lub osiedlu. Obowiązki te wykonują przez uiszczanie opłat na takich samych zasadach, jak członkowie spółdzielni, z zastrzeżeniem <xLexLink xArt="art. 5" xIsapId="WDU20010040027" xTitle="Ustawa z dnia 15 grudnia 2000 r. o spółdzielniach mieszkaniowych" xAddress="Dz. U. z 2001 r. Nr 4, poz. 27">art. 5</xLexLink>.</xText>
          <xText>Dodać przy tym należy, że zgodnie z art. 4 ust. 1 ww. przepisu, członkowie spółdzielni, którym przysługują spółdzielcze prawa do lokali, są obowiązani uczestniczyć w pokrywaniu kosztów związanych z eksploatacją i utrzymaniem nieruchomości w częściach przypadających na ich lokale, eksploatacją i utrzymaniem nieruchomości stanowiących mienie spółdzielni przez uiszczanie opłat zgodnie z postanowieniami statutu.</xText>
          <xText>Z punktu widzenia problematyki niniejszej sprawy, istotne znaczenie miał również przepis art. 6 ust. 3 ww. ustawy, stosownie do którego spółdzielnia tworzy fundusz na remonty zasobów mieszkaniowych. Odpisy na ten fundusz obciążają koszty gospodarki zasobami mieszkaniowymi. Obowiązek świadczenia na fundusz dotyczy członków spółdzielni, właścicieli lokali niebędących członkami spółdzielni oraz osób niebędących członkami spółdzielni, którym przysługują spółdzielcze własnościowe prawa do lokali.</xText>
          <xText>Słusznie też Sąd Rejonowy podniósł, że jakkolwiek <xLexLink xArt="" xIsapId="WDU20010040027" xTitle="Ustawa z dnia 15 grudnia 2000 r. o spółdzielniach mieszkaniowych" xAddress="Dz. U. z 2001 r. Nr 4, poz. 27">ustawa o spółdzielniach mieszkaniowych</xLexLink> ani nie definiuje pojęć „koszty eksploatacji” czy „kosztów utrzymania nieruchomości”, ani też ich szczegółowo nie rozróżnia, to jednakże oczywistym jest, że chodzi w nich o koszty związane bezpośrednio z nieruchomością i szeroko pojętym jej utrzymaniem, czy konserwacją. Prawidłowo też, odwołując się przy tym do zasady samodzielności finansowej spółdzielni, Sąd I instancji uznał, że w skład ww. rodzajów kosztów wchodzą zarówno wszystkie koszty usług dostarczanych do nieruchomości (tj. dostawy wody, energii, gazu, odbiór ścieków, oczyszczania itp.), jak i koszty bieżącej konserwacji, napraw i remontów (w raz z kosztami stosownej dokumentacji i kosztami administracyjnymi, podatkami czy opłatami) oraz koszty utrzymania i konserwacji urządzeń technicznych położonych w obrębie nieruchomości, zieleni i urządzeń małej architektury, konserwacji i oczyszczania dróg, placów, chodników itp., a także podatek od nieruchomości i za wieczyste użytkowanie oraz koszty zarządzania nieruchomością.</xText>
          <xText>Mając powyższe na uwadze, stwierdzić więc należy, że zasadnie także Sąd I instancji uznał, iż pozwani, niebędący członkami Spółdzielni, są uprawnieni z tytułu własnościowego prawa do lokalu użytkowego, jaki należy do zasobów <xAnon> mieszkaniowych Spółdzielni Mieszkaniowej (...)</xAnon>, a w konsekwencji, że spoczywa na nich, w świetle zacytowanych powyżej przepisów <xLexLink xArt="" xIsapId="WDU20010040027" xTitle="Ustawa z dnia 15 grudnia 2000 r. o spółdzielniach mieszkaniowych" xAddress="Dz. U. z 2001 r. Nr 4, poz. 27">ustawy o spółdzielniach mieszkaniowych</xLexLink>, obowiązek uiszczania opłat, na które składają się koszty związane z eksploatacją i utrzymaniem nieruchomości w częściach przypadających na ich lokal, a także związanych z eksploatacją i utrzymaniem nieruchomości stanowiących mienie spółdzielni, których konkretyzacja nastąpiła w umowie zawartej pomiędzy stronami w dniu 01 października 1998 r.</xText>
          <xText>W tym miejscu w ocenie Sądu Odwoławczego, koniecznym jest również odnotowanie, iż Sąd Rejonowy, całkowicie trafnie uznał, że pozwani byli obowiązani do świadczenia opłat w wysokościach wynikających ze stosownych uchwał podjętych przez statutowo uprawnione organy powódki, nie zaś w wysokości wynikającej z umowy z dnia 1 października 1998 r. Zauważyć bowiem należy, iż w treści samej umowy (vide § 12 pkt 2 i 3 ww. umowy) widniał zapis, zgodnie z którym strony zastrzegły możliwość obciążania pozwanych wyższymi stawkami od określonych w umowie wprowadzonych w drodze uchwał, bez konieczności wypowiadania w tym zakresie stosownych postanowień umownych. Z tych też względów, brak było podstaw do uwzględnienia twierdzeń pozwanych, że w stosunku do nich powódka była uprawniona do naliczania opłat naliczanych zgodnie ze stawkami wynikającymi z umowy z dnia 1.10.1998 r.</xText>
          <xText>Dla wyczerpania krytyki w tej części, Sąd II instancji podnosi, iż chybionym był zarzut pozwanych, jakoby nie mieli oni możliwości i podstaw prawnych do zaskarżania uchwał powodowej Spółdzielni.</xText>
          <xText>Otóż, przepis art. 4 ust. 8 ww. ustawy stanowi, że członkowie spółdzielni, osoby niebędące członkami spółdzielni, którym przysługują spółdzielcze własnościowe prawa do lokali, oraz właściciele niebędący członkami spółdzielni mogą kwestionować zasadność zmiany wysokości opłat bezpośrednio na drodze sądowej. W przypadku wystąpienia na drogę sądową ponoszą oni opłaty w dotychczasowej wysokości. Ciężar udowodnienia zasadności zmiany wysokości opłat spoczywa na spółdzielni.</xText>
          <xText>Wobec takiej treści przepisu, Sąd Okręgowy nie ma żadnych wątpliwości, że pozwani posiadali legitymację do wystąpienia na drogę sądową, celem weryfikacji zasadności podniesienia przez Spółdzielnię opłat. Z prawa tego – z tylko sobie znanych przyczyn – nie skorzystali.</xText>
          <xText>Sąd II instancji dodaje przy tym, że w toku przedmiotowego postępowania, strona pozwana nie podnosiła, aby nie otrzymywała kolejnych uchwał dotyczących zmiany wysokości poszczególnych stawek. Z kolei z akt sprawy wynika zaś, że powódka dokonywała zawiadomień pozwanych o podjętych uchwałach i o przyczynach wzrostu poszczególnych opłat.</xText>
          <xText>W rezultacie, w świetle tych uwag, należało przyjąć, że skoro pozwani mieli realną i prawną możliwość zaskarżania poszczególnych uchwał – poprzez wytaczanie procesów sądowych, w toku których to powódka musiałaby wykazać zasadność podwyższenia poszczególnych opłat, w tym w szczególności, że ich nowa wysokość odpowiada rzeczywistym kosztom utrzymania spółdzielczego zasobu lokalowego – z czego jednakże nie korzystali, to uchwalona wysokość opłat, wykazana przez powódkę w pozwie i załączonych do niego dokumentów, w oparciu o którą doszło do wyliczenia należności przysługującej od pozwanych, odpowiadała rzeczywistym kosztom utrzymania owego spółdzielczego zasobu lokalowego.</xText>
          <xText>Stąd też, zarzuty w tym zakresie, także dotyczące naruszenia przepisu <xLexLink xArt="art. 328;art. 328 § 2" xIsapId="WDU19640430296" xTitle="Ustawa z dnia 17 listopada 1964 r. - Kodeks postępowania cywilnego" xAddress="Dz. U. z 1964 r. Nr 43, poz. 296">art. 328 § 2 k.p.c.</xLexLink>, należało uznać za nietrafne.</xText>
          <xText>W tym miejscu niezbędne jest odwołanie się do zarzutów zawartych w punkcie 1) i 2) apelacji.</xText>
          <xText>Strona apelująca podniosła, iż w toku niniejszego postępowania doszło do obrazy <xLexLink xArt="art. 379;art. 379 pkt. 3" xIsapId="WDU19640430296" xTitle="Ustawa z dnia 17 listopada 1964 r. - Kodeks postępowania cywilnego" xAddress="Dz. U. z 1964 r. Nr 43, poz. 296">art. 379 pkt 3 k.p.c.</xLexLink> lub przynajmniej do naruszenia <xLexLink xArt="art. 321;art. 321 § 1" xIsapId="WDU19640430296" xTitle="Ustawa z dnia 17 listopada 1964 r. - Kodeks postępowania cywilnego" xAddress="Dz. U. z 1964 r. Nr 43, poz. 296">art. 321 § 1 k.p.c.</xLexLink></xText>
          <xText>Jakkolwiek, zarzuty te okazały się niesłuszne, to jednakże rację należy przyznać stronie pozwanej, że uzasadnienie Sądu Rejonowego było dotknięte błędem logicznym.</xText>
          <xText>Otóż, zauważyć należy, iż co prawda, w treści pozwu z dnia 10 lutego 2011 r., strona powodowa podniosła, że domaga się zapłaty należności, za okres od stycznia do grudnia 2008 r., to jednakże, a co jest istotne, do pozwu dołączyła ona jedynie faktury i wyliczenia dotyczące okresu od stycznia do lipca 2008 r. Okoliczność ta została niezauważona przez Sąd niższej instancji. W rezultacie, wydając rozstrzygnięcie, orzekł on tak, jakby powódka faktycznie dochodziła należności za cały 2008 r. W tym zakresie, Sąd Rejonowy faktycznie dopuścił się obrazy <xLexLink xArt="art. 321;art. 321 § 1" xIsapId="WDU19640430296" xTitle="Ustawa z dnia 17 listopada 1964 r. - Kodeks postępowania cywilnego" xAddress="Dz. U. z 1964 r. Nr 43, poz. 296">art. 321 § 1 k.p.c.</xLexLink>, albowiem na skutek przeoczenia, a co za tym idzie – i błędu logicznego, orzekł ponad żądanie powodowej Spółdzielni. Zdaniem Sądu II instancji bezspornym w sprawie niniejszej było, że strona powodowa w toku tego postępowania dochodziła jedynie należności za okres od stycznia do lipca 2008 r. Za taką konstatacją, jakkolwiek nie przemawia treść pozwu, to jednakże wskazują na to załączone dokumenty – faktury oraz faktury korygujące oraz przedłożona korespondencja przedsądowa, jaka toczyła się pomiędzy powódką a pozwanymi.</xText>
          <xText>W tych okolicznościach, za niesłuszny należało uznać zarzut obrazy <xLexLink xArt="art. 379;art. 379 pkt. 3" xIsapId="WDU19640430296" xTitle="Ustawa z dnia 17 listopada 1964 r. - Kodeks postępowania cywilnego" xAddress="Dz. U. z 1964 r. Nr 43, poz. 296">art. 379 pkt 3 k.p.c.</xLexLink> Skoro bowiem, żądaniem przedmiotowego pozwu były należności od stycznia do lipca 2008 r., zaś w sprawie prowadzonej przed Sądem Rejonowym Szczecin – Prawobrzeże i Zachód w Szczecinie za sygn. akt I C 30/12 od sierpnia do grudnia 2008 r., to oczywistym jest, ze wymienione okresy się nie pokrywają i brak tożsamości przedmiotowej obu postępowań. Ponadto, należy zwrócić uwagę, że w niniejszej sprawie powództwo zostało wytoczone w dniu 10 lutego 2011 r. (przy czym pozwani otrzymali odpis pozwu w dniu 15 marca 2011 r.), zaś w sprawie prowadzonej pod sygn. akt pozew został wniesiony w dniu 18 sierpnia 2011 r., a więc już po zawiśnięciu sporu w niniejszej sprawie (tj. I C 958/11).</xText>
          <xText>Apelacja zasługiwała natomiast na uwzględnienie w części dotyczącej zarzutu przedawnienia co do kwoty 725,46 zł wymienionej w kopii <xAnon>faktury VAT nr (...)</xAnon> z dnia 15 stycznia 2008 r. oraz kopii faktury korygującej nr <xAnon> (...)</xAnon> z dnia 18.02.2010 oraz roszczenia wobec niej ubocznego.</xText>
          <xText>Zgodnie bowiem z art. 4 ust.6<xSUPx>2</xSUPx> ustawy o spółdzielniach mieszkaniowych, opłaty o których mowa w ust. 1-2 i 4 (tj. służące pokryciu kosztów związanych z eksploatacją i utrzymaniem nieruchomości) wnosi się co miesiąc z góry do dnia 10 dnia miesiąca. Statut spółdzielni może określić inny termin wnoszenia opłat, nie wcześniejszy jednak niż ustawowy. W myśl § 156 ust.1 statutu powodowej Spółdzielni opłaty te powinny być uiszczane co miesiąc z góry, do 15 każdego miesiąca. Roszczenia z tytułu miesięcznych opłat do spółdzielni mieszkaniowych mają charakter okresowy, stąd też w myśl <xLexLink xArt="art. 118" xIsapId="WDU19640160093" xTitle="Ustawa z dnia 23 kwietnia 1964 r. - Kodeks cywilny" xAddress="Dz. U. z 1964 r. Nr 16, poz. 93">art. 118 k.c.</xLexLink> przedawniają się z upływem lat trzech od daty wymagalności. Opłata za styczeń 2008 r. była wymagalna w dniu 15 stycznia 2008r., a zatem przedawniła się po upływie lat trzech z dniem 15 stycznia 2011 r. Wraz z opłatą przedawniło się również roszczenie o odsetki od niej, jako świadczenie uboczne (vide: Sąd Najwyższy w wyroku z dnia 19 sierpnia 2004 r. sygn. IV CSK 38/04).</xText>
          <xText>Podnieść w tym miejscu należy, że zarzut przedawnienia roszczenia majątkowego jest zarzutem opartym na przepisach prawa materialnego, który pozwany może zgłosić nie tylko w toku całego postępowania przed Sądem pierwszej instancji, ale również w postępowaniu apelacyjnym (vide: wyrok Sądu Najwyższego z 16 lutego 2000 r., IV CK 492/04, LEX nr 177275). Wskazać bowiem należy, że jakkolwiek postępowanie apelacyjne, jakkolwiek jest postępowaniem odwoławczym i kontrolnym, to jednakże zachowuje charakter postępowania rozpoznawczego. Oznacza to, że Sąd Odwoławczy ma pełną swobodę jurysdykcyjną, ograniczoną jedynie granicami zaskarżenia. Podkreślić też należy, że Sąd ten nie może poprzestać jedynie na ustosunkowaniu się do zarzutów apelacyjnych. Merytoryczny bowiem charakter orzekania Sądu II instancji polega na tym, że ma on obowiązek poczynić własne ustalenia i ocenić je samodzielnie z punktu widzenia prawa materialnego, a więc dokonać subsumcji. Z tego też względu Sąd ten może, a jeżeli je dostrzeże – powinien, naprawić wszystkie stwierdzone w postępowaniu apelacyjnym naruszenia prawa materialnego popełnione przez Sąd I instancji, i to niezależnie od tego, czy zostały one podniesione w apelacji, jeśli tylko mieszczą się w graniach zaskarżenia (vide: wyrok Sądu Najwyższego z dnia 13.04.2000 r., III CKN 812/98 i in.).</xText>
          <xText>Przechodząc do kolejnych zarzutów wskazać należy, iż nie sposób zgodzić się z pozwanymi, stwierdzającymi, że Sąd błędnie ustalił powierzchnię użytkową lokalu, mimo że następnie dokonał błędnych obliczeń należnych powódce opłat. W przydziale <xAnon>lokalu użytkowego nr (...)</xAnon>, w oparciu o który z dniem 17 czerwca 1998 r. przekazano pozwanym lokal, znajduje się zapis, że ostateczna wielkość powierzchni użytkowej zostanie ustalona po zakończeniu prac adaptacyjnych, nie oznacza to jednak, że pozwani uzyskali zgodę na całkowitą dowolność prac prowadzonych celem dostosowania lokalu do własnych potrzeb. W ocenie Sądu II instancji taka interpretacja pozostaje w oderwaniu od woli stron i jest sprzeczna z zasadami współżycia społecznego. Nadto pozwani pomijają treść <xAnon>aneksu nr (...)</xAnon> z dnia 28 września 1998 r. sporządzonego w związku z zakończeniem prac adaptacyjnych, w którym strony ustaliły, że powierzchnia użytkowa lokalu nadal wynosi 113,68 m<xSUPx>(
      2)</xSUPx>. Podkreślić również należy, że przez następne lata pozwani nie kwestionowali ustalonej w ww. aneksie powierzchni i wysokości naliczanych od niej opłat, co wskazuje na to, że została ona określona w sposób prawidłowy. Nie sposób również zgodzić się z interpretacją przez pozwanych normy PN-70/B-02365. Sąd Odwoławczy w całości podziela stanowisko Sądu I instancji, który posadowienie ścianek działowych, założenie podwieszanych sufitów i dokonane w ten sposób obniżenia wysokości części pomieszczeń uznał wyłącznie za wyraz przyjętej przez pozwanych koncepcji zagospodarowania lokalu, nie mający wpływu na wysokość naliczanych opłat. Wskazać bowiem należy, iż podwieszane sufity i ścianki działowe nie mają charakteru stałego, w każdym czasie mogą być zdemontowane i przywrócona zostanie rzeczywista wysokość pomieszczenia, zgodna z normami, na które powołują się pozwani. Podkreślenia wymaga fakt, iż zaakceptowanie poglądów prezentowanych przez pozwanych prowadziłoby do pokrzywdzenia nie tylko interesów powódki i jej członków, ale także gmin, dla których podatek od nieruchomości stanowi przychód do budżetu.</xText>
          <xText>W świetle powyższego przyjęta przez Sąd I instancji powierzchnia użytkowa na poziomie 112,35 m<xSUPx>(
      2)</xSUPx>, z odliczeniem powierzchni zajętej pod filary nośne, mimo iż niższa niż ta wyrażona w przydziale <xAnon>lokalu użytkowego nr (...)</xAnon> i aneksie nr <xAnon>(...)</xAnon> do tego przydziału, a zgodnie określona przez strony (113,68 m<xSUPx>(
      2)</xSUPx>) została oszacowana w sposób prawidłowy, po odpowiedniej weryfikacji opinii biegłego, zarówno tej pisemnej znajdującej się w aktach sprawy, jak i tej ustnej uzupełniającej złożonej w przebiegu rozprawy w dniu 29 marca 2012 r. Prawidłowo również zastosowane zostały przepisy przywoływanej normy i Regulamin obowiązujący u powódki. W tym stanie rzeczy niezasadny okazał się również zarzut naruszenia przepisu art. 1 a ust. 1 pkt 5 ustawy o podatkach i opłatach lokalnych.</xText>
          <xText>Sąd Odwoławczy również w pełni podziela stanowisko Sądu Rejonowego w kwestii braku podstaw do odstąpienia od obciążania pozwanych częścią stałej opłaty przesyłowej. Sąd I Instancji wskazał, że w dniu 23 września 1999 r. powódka zawarła ze <xAnon> (...) Sp. z o.o.</xAnon> umowę o dostarczanie ciepła do lokali znajdujących się w jej zasobach lokalowych. W umowie zastrzeżono, że powódka ponosić będzie stałą opłatę za usługi przesyłowe<xIx>.</xIx> W dniu 27 września 2004 r. dokonano zamknięcia zaworów zasilających lokal pozwanych. Dlatego też, powódka nie naliczała opłat za zużycie energii cieplnej, a jedynie opłatę stałą tytułem usług przesyłowych. Pozwani podnieśli, że z pisma z dnia 12 września 2002 r. wynika, iż zamknięcie zaworów będzie podstawą do obniżenia opłaty czynszowej o koszt centralnego ogrzewania. Powódka prawidłowo w związku z tym nie naliczała opłat za zużycie energii cieplnej. Jednakże, nie mogło to spowodować przerzucenia na powódkę obowiązku uiszczania opłaty stałej za usługi przesyłowe tylko dlatego, że pozwani zdecydowali się ogrzewać lokal za pomocą pieców elektrycznych. Za samo utrzymywanie możliwości dostarczania usług przesyłowych pobierana jest opłata stała. Lokal pozwanych nie został odcięty od sieci ciepłowniczej i w dalszym ciągu jest podłączony do ogólnej sieci ciepłowniczej, a istniejąca w lokalu instalacja grzewcza jest jej elementem. Nie istnieją żadne przeciwwskazania, aby w każdej chwili przywrócić ogrzewanie z sieci ogólnej. Zamknięcie zaworów w lokalu pozwanych nie zmniejsza wysokości stałego składnika opłat, stąd też powódka zobligowana jest uwzględniać ten składnik opłat przy kalkulacji opłat obciążających pozwanych. Dopiero fizyczne odcięcie lokalu pozwanych od sieci ogólnej pozwali Spółdzielni na obniżenie wysokości mocy zamówionej i tym samym obniży to wysokość stałej opłaty przesyłowej i wpłynie na wysokość opłat obciążających pozwanych.</xText>
          <xText>Odnosząc się do kolejnego zarzutu wskazać należy, iż Sąd Rejonowy prawidłowo ustalił, że żądane przez Spółdzielnię opłaty odpowiadają rzeczywistym kosztom utrzymania spółdzielczego zasobu lokalowego przypadającym na lokal pozwanych. Ustalenia te oparte są na całym materiale dowodowym znajdującym się w aktach sprawy, w tym wiążących również pozwanych uchwałach organów spółdzielni, o czym była już mowa w uzasadnieniu.</xText>
          <xText>Apelujący zarzucali też Sądowi Rejonowemu naruszenie art. 4 ust. 4 <xSUPx>1 </xSUPx>oraz art. 6 ust. 3 ustawy o spółdzielniach mieszkaniowych oraz <xLexLink xArt="art. 5;art. 5 ust. 1" xIsapId="WDU20040540535" xTitle="Ustawa z dnia 11 marca 2004 r. o podatku od towarów i usług" xAddress="Dz. U. z 2004 r. Nr 54, poz. 535">art. 5 ust. 1 ustawy z dnia 11 marca 2004 r. o podatku od towarów i usług</xLexLink> poprzez błędne przyjęcie, że kwota odpisu na fundusz remontowy powinna stanowić podstawę do opodatkowania podatkiem od towarów i usług i obciążenia nim pozwanych.</xText>
          <xText>Zdaniem Sądu Okręgowego nie jest on zasadny. Zgodnie z <xLexLink xArt="art. 4;art. 4 ust. 4;art. 4 ust. 1(1)" xIsapId="WDU20010040027" xTitle="Ustawa z dnia 15 grudnia 2000 r. o spółdzielniach mieszkaniowych" xAddress="Dz. U. z 2001 r. Nr 4, poz. 27">art. 4 ust. 4 ust. 1<xSUPx>1</xSUPx> ustawy z dnia 15 grudnia 2000 r. o spółdzielniach mieszkaniowych</xLexLink> (t. jedn. Dz. U. z 2003 r. Nr 119, poz. 1116 ze zm.), pozwani jako osoby niebędące członkami spółdzielni, którym przysługuje spółdzielcze własnościowe prawa do lokalu, są obowiązani uczestniczyć w pokrywaniu kosztów związanych z eksploatacją i utrzymaniem nieruchomości w częściach przypadających na ich lokal, eksploatacją i utrzymaniem nieruchomości stanowiących mienie spółdzielni przez uiszczanie opłat na takich samych zasadach, jak członkowie spółdzielni, z zastrzeżeniem <xLexLink xArt="art. 5" xIsapId="WDU20010040027" xTitle="Ustawa z dnia 15 grudnia 2000 r. o spółdzielniach mieszkaniowych" xAddress="Dz. U. z 2001 r. Nr 4, poz. 27">art. 5</xLexLink>. Opłaty te przeznacza się wyłącznie na cele określone w tych przepisach, tj. na koszty gospodarki mieszkaniowej, przy czym różnica między kosztami eksploatacji i utrzymania danej nieruchomości, zarządzanej przez spółdzielnię, a przychodami z opłat, o których mowa w art. 4 ust. 1-2 i 4 u.s.m., zwiększa odpowiednio przychody lub koszty eksploatacji i utrzymania danej nieruchomości w roku następnym. Powinność ponoszenia ww. płatności przez podmioty wymienione w art. 4 ust. 1<xSUPx>1</xSUPx> związana jest z wynikającym z art. 1 ust. 3 u.s.m. obowiązkiem spółdzielni mieszkaniowych zarządzania nieruchomościami stanowiącymi mienie samej spółdzielni lub mienie członków spółdzielni nabyte na podstawie u.s.m. Przepis ten czyni ze spółdzielni mieszkaniowej instytucjonalnego zarządcę nieruchomości, który zarządza nieruchomościami swoimi i swoich członków; może także zarządzać innymi nieruchomościami o dowolnych funkcjach na mocy umowy zawartej z ich właścicielami. Działalność spółdzielni mieszkaniowej w zakresie zarządzania nieruchomościami stanowiącymi jej mienie i nabyte na podstawie ustawy mienie jej członków jest obligatoryjną działalnością gospodarczą takiej spółdzielni. W różnych sprawach dotyczących takiego zarządu spółdzielnia jest więc traktowana jak przedsiębiorca. Obowiązki w zakresie wnoszenia dotyczą zarówno lokali mieszkalnych, jak i lokali użytkowych. Stanowią w istocie zapłatę za czynności spółdzielni w zakresie zarządzania. Opłaty te powinny odpowiadać ponoszonym kosztom. W u.s.m. brak przepisów wyjaśniających, jak konkretnie to uczestniczenie członków, właścicieli lokali, osób niebędących członkami, a którym przysługuje spółdzielcze własnościowe prawo do lokalu, w kosztach eksploatacji i utrzymania lokali i nieruchomości miałoby wyglądać, jest za to przepis <xUx>art. 27 ust. 1</xUx> u.s.m. odsyłający do <xLexLink xArt="" xIsapId="WDU19940850388" xTitle="Ustawa z dnia 24 czerwca 1994 r. o własności lokali" xAddress="Dz. U. z 1994 r. Nr 85, poz. 388">ustawy z dnia 24 czerwca 1994 r. o własności lokali</xLexLink> (t.j. Dz. U. z 2000 r. Nr 80, poz. 903 ze zm., dalej jako u.w.l.) w sprawach dotyczących własności lokali, które nie są uregulowane w u.s.m. Biorąc pod uwagę zasadę samodzielności finansowej spółdzielni mieszkaniowej oraz, że opłaty związane z pokrywaniem kosztów eksploatacji i utrzymania lokali stanowiących odrębną własność i nieruchomości wspólnej mają być takie same, jak w świetle u.w.l. (art. 13 ust. 1 i 14 ust. 1) uznać należy, że w skład kosztów eksploatacji i utrzymania nieruchomości wchodziły będą m.in. koszty usług dostarczanych do nieruchomości, koszty bieżącej konserwacji, napraw i remontów, koszty utrzymania i konserwacji urządzeń technicznych położonych w obrębie nieruchomości, zieleni i urządzeń małej architektury, konserwacji i oczyszczania dróg, placów i chodników. W świetle postanowień ustawy o VAT czynności spółdzielni wynikające z obowiązku zarządzania nieruchomościami stanowiącymi jej mienie lub nabyte na podstawie ustawy mienie jej członków (art. 1 ust. 3 u.s.m.), za które uiszczane są opłaty wymienione w art. 4 stanowią odpłatne świadczenie usług, w rozumieniu <xUx>art. 8 ust. 1</xUx> ustawy o VAT, podlegające co do zasady opodatkowaniu tym podatkiem. W zakresie usług związanych z wykonywaniem obowiązku zarządzania przez spółdzielnię nieruchomościami mieszczą się również czynności związane z bieżącą konserwacją, naprawami i remontami. Czynności spółdzielni wykonywane na rzecz członków spółdzielni, którym przysługują spółdzielcze prawa do lokali użytkowych, członków spółdzielni będących właścicielami lokali użytkowych lub na rzecz właścicieli lokali użytkowych niebędących członkami spółdzielni, lob osób nie będących członkami spółdzielni, a którym przysługują spółdzielcze własnościowe prawa do lokali, za które są pobierane opłaty, zgodnie z art. 4 u.s.m. opodatkowane są zatem podatkiem od towarów i usług, co znajduje odzwierciedlenie w wystawianych fakturach. Podatek ten jest elementem wpływającym na wysokość tych opłat, gdyż ekonomiczny koszt podatku VAT ponosi ostateczny konsument usług.</xText>
          <xText>Podnieść przy tym należy, że Czynności spółdzielni wynikające z zarządu stanowią tzw. świadczenia złożone, na które składają się różne czynności, mające doprowadzić do określonego efektu gospodarczego. Przy czynnościach o charakterze kompleksowym, ustalając właściwą stawkę podatku od towarów i usług, należy przyjmować jednolitą stawkę dla całego kompleksu czynności, biorąc pod uwagę charakter czynności podstawowej. Nie rozdziela się zatem świadczeń w zakresie zarządu na poszczególne czynności dla ustalenia stawki podatku. Fakt, że art. 6 ust. 3 u.s.m. nakłada na spółdzielnie mieszkaniowe obowiązek utworzenia funduszu na remonty zasobów mieszkaniowych nie oznacza, że ta część opłat eksploatacyjnych przekształca się w zapłatę za odrębne świadczenie, czy zaliczkę na poczet robót remontowych. Tworzenie funduszu jest przejawem gospodarki finansowej spółdzielni - fundusz remontowy powstaje z odpisów na ten fundusz obciążając koszty gospodarki zasobami mieszkaniowymi. To, że obowiązek świadczenia na fundusz dotyczy członków spółdzielni, właścicieli lokali niebędących członkami spółdzielni oraz osób niebędących członkami spółdzielni, którym przysługują spółdzielcze własnościowe prawa do lokali oznacza jedynie, że odpisy na fundusz stanowią jeden z elementów kalkulacyjnych opłat eksploatacyjnych, a nie zapłatę za odrębne od czynności spółdzielni zarządzania nieruchomościami, usługi. Nie zmienia powyższego charakteru odpisów na fundusz remontowy fakt, że odpisy te wykazywane są na fakturach wystawianych przez spółdzielnie jako osobna pozycja. Spółdzielnia obowiązana jest bowiem przedstawić kalkulację wysokości opłat eksploatacyjnych i może to czynić także przez wykazanie elementów kalkulacyjnych na fakturach przy zastosowaniu stawki właściwej dla usługi kompleksowej złożonej z tych elementów. Nie oznacza to jednak, że opodatkowane zostają wpłaty na fundusz remontowy. Przedmiotem opodatkowania są czynności spółdzielni stanowiące odpłatne świadczenie usług, z tytułu których właściciele lokali - członkowie spółdzielni uiszczają opłaty wymienione w art. 4 ust. 2 u.s.m.</xText>
          <xText>W tym stanie rzeczy powódka zgodnie z obowiązującymi regulacjami prawnymi miała obowiązek podwyższyć obciążające pozwanego opłaty z tytułu eksploatacji lokalu użytkowego, odpisu na poczet funduszu remontowego, podatku od nieruchomości, opłaty za centralne ogrzewanie oraz opłaty za wywóz śmieci podatkiem VAT według stawek przyjętych w złożonych do akt faktur VAT( 22% za wyjątkiem opłaty za wywóz śmieci, gdzie naliczyła prawidłowo podatek VAT wg. stawki 7% - art. 41 ust. 2 ustawy od towarów i usług. Obowiązek taki wynika z normy zawartej w art. 43 ust. 1 pkt 11 ustawy z dnia 11 marca 2004r. w brzmieniu nadanym ustawą z dnia 19 września 2007 r. o zmianie ustawy o podatku dochodowym od towarów i usług oraz <xLexLink xArt="" xIsapId="WDU20051771468" xTitle="Ustawa z dnia 29 sierpnia 2005 r. o zwrocie osobom fizycznym niektórych wydatków związanych z budownictwem mieszkaniowym" xAddress="Dz. U. z 2005 r. Nr 177, poz. 1468">ustawy o zwrocie osobom fizycznym niektórych wydatków związanych z budownictwem mieszkaniowym</xLexLink> (Dz.U.z 2007r. Nr 192, poz. 1382), stosownie do którego „zwalnia się od podatku czynności dokonywane na rzecz członków spółdzielni, którym przysługują spółdzielcze prawa do lokali mieszkalnych, członków spółdzielni będących właścicielami lokali mieszkalnych lub na rzecz właścicieli lokali mieszkalnych niebędących członkami spółdzielni, za które są pobierane opłaty zgodnie z <xLexLink xArt="art. 4;art. 4 ust. 1;art. 4 ust. 2;art. 4 ust. 3;art. 4 ust. 4;art. 4 ust. 5" xIsapId="WDU20010040027" xTitle="Ustawa z dnia 15 grudnia 2000 r. o spółdzielniach mieszkaniowych" xAddress="Dz. U. z 2001 r. Nr 4, poz. 27">art. 4 ust. 1, 2, 3, 4 i 5 ustawy z dnia 15 grudnia 2000r. o spółdzielniach mieszkaniowych</xLexLink>”. Jak wynika z powyższego ustawodawca nie wymienił w przytoczonym katalogu czynności wykonywanych na rzecz osób nie będących członkami spółdzielni, którym przysługują spółdzielcze prawa do lokali użytkowych, co daje podstawę do przyjęcia, że podlegają one opodatkowaniem podatkiem od towarów i usług.</xText>
          <xText>Chybiony okazał się również zarzut, że Spółdzielnia nie wykazała, iż dokonała odprowadzenia podatku od nieruchomości od lokalu użytkowego, do którego prawo przysługuje pozwanym, albowiem w zeznaniu podatkowym brak ujawnienia powierzchni o wysokości w świetle od 1,40m do 2,20m. W ocenie Sądu Odwoławczego, Spółdzielnia nie miała podstaw do wykazywania w zeznaniu podatkowym takiej powierzchni, bowiem wynika ona nie z rzeczywistej konstrukcyjnej wysokości pomieszczeń, ale aktualnej aranżacji wnętrza, nadto powódka w swojej dokumentacji technicznej swoich zasobów, takiej powierzchni nie posiada. Z tych względów dowód w postaci zeznania podatkowego Sąd Okręgowy w tej sytuacji uznał za wystarczający na potwierdzenie opodatkowania powierzchni przypadającej na lokal pozwanych.</xText>
          <xText>Natomiast trafny okazał się zarzut apelujących, że Sąd I Instancji mimo ustalenia, że powierzchnia użytkowa lokalu pozwanych to 112,35 m<xSUPx>2</xSUPx> a nie 113,68 m<xSUPx>2</xSUPx>, nie uwzględnił tego przy obliczaniu zaległości z tytułu opłat, których wysokość uwarunkowana jest właśnie od powierzchni lokalu. W związku z powyższym opłaty, w części nieprzedawnionej, za okres od lutego do lipca 2008 roku powinny kształtować się w każdym miesiącu następująco: opłata eksploatacyjna 312,50 zł, fundusz remontowy 103,36 zł, podatek od nieruchomości 212,34 zł, centralne ogrzewanie 76,40 zł, opłata za wywóz śmieci i odpadów 16,85 zł, co daje razem: 721,45 zł x6= 4.328,70zł.</xText>
          <xText>Wobec faktu, iż powódka dochodziła w przedmiotowym postępowaniu również skapitalizowanych odsetek za opóźnienie w płatności powyższych kwot w oparciu o przepis <xLexLink xArt="art. 481;art. 481 § 1;art. 481 § 2" xIsapId="WDU19640160093" xTitle="Ustawa z dnia 23 kwietnia 1964 r. - Kodeks cywilny" xAddress="Dz. U. z 1964 r. Nr 16, poz. 93">art. 481 § 1 i 2 k.c.</xLexLink>, należało dokonać również stosownego przeliczenia odsetek. Sąd Okręgowy naliczył odsetki od kwot wskazanych w poszczególnych fakturach na dzień 7 lutego 2011 r. wskazany przez powódkę w uzasadnieniu pozwu, przyjmując, że opłaty były wymagalne do dnia 15 każdego miesiąca i od 16 dnia miesiąca następowało opóźnienie w płatności (wyjątek 17.03.2008r. gdyż 16.03.2008r. przypadał na niedzielę). Obliczone w ten sposób odsetki ustawowe wyniosły 1519,40zł. Z tych względów Sąd Okręgowy, w oparciu o przepis <xLexLink xArt="art. 386;art. 386 § 1" xIsapId="WDU19640430296" xTitle="Ustawa z dnia 17 listopada 1964 r. - Kodeks postępowania cywilnego" xAddress="Dz. U. z 1964 r. Nr 43, poz. 296">art. 386 § 1 k.p.c.</xLexLink> zmienił zaskarżony wyrok w punkcie I. i zasądził od pozwanych, którym przysługuje łącznie spółdzielcze własnościowe prawo do lokalu, solidarnie na rzecz powódki kwotę 5.848,10zł (4.328,70 + 1.519,40zł) wraz z ustawowymi odsetkami od dnia wniesienia pozwu tj. od 10 lutego 2011 r.(<xLexLink xArt="art. 481;art. 481 § 1;art. 481 § 2" xIsapId="WDU19640430296" xTitle="Ustawa z dnia 17 listopada 1964 r. - Kodeks postępowania cywilnego" xAddress="Dz. U. z 1964 r. Nr 43, poz. 296">art. 481 § 1 i 2 k.p.c.</xLexLink> oraz <xLexLink xArt="art. 482;art. 482 § 1" xIsapId="WDU19640430296" xTitle="Ustawa z dnia 17 listopada 1964 r. - Kodeks postępowania cywilnego" xAddress="Dz. U. z 1964 r. Nr 43, poz. 296">482 § 1 k.p.c.</xLexLink>).</xText>
          <xText>W pozostałym zakresie apelacja jako nieuzasadniona podlegała oddaleniu w oparciu o przepis <xLexLink xArt="art. 385" xIsapId="WDU19640430296" xTitle="Ustawa z dnia 17 listopada 1964 r. - Kodeks postępowania cywilnego" xAddress="Dz. U. z 1964 r. Nr 43, poz. 296">art. 385 k.p.c.</xLexLink></xText>
          <xText>Na zakończenie wskazać można, że zdaniem Sądu II instancji bez znaczenia dla oceny zasadności opłat za rok 2008 pozostaje toczące się obecnie postępowanie administracyjne przed Powiatowym Inspektorem Nadzoru Budowlanego, bowiem niespornym jest, że powódka posiadała zaświadczenie o samodzielności lokalu wydane przez właściwy podmiot oraz dokonała przydziału pozwanym przedmiotowego lokalu użytkowego na warunkach własnościowego <xLexLink xArt="" xIsapId="WDU19820300210" xTitle="Ustawa z dnia 16 września 1982 r. - Prawo spółdzielcze" xAddress="Dz. U. z 1982 r. Nr 30, poz. 210">prawa spółdzielczego</xLexLink>, a pozwani z lokalu tego korzystali.</xText>
          <xText>O kosztach postępowania przed oboma Sądami rozstrzygnięto zgodnie z zasadą odpowiedzialności za wynik procesu wyrażoną w <xLexLink xArt="art. 98;art. 100" xIsapId="WDU19640430296" xTitle="Ustawa z dnia 17 listopada 1964 r. - Kodeks postępowania cywilnego" xAddress="Dz. U. z 1964 r. Nr 43, poz. 296">art. 98 i 100 k.p.c.</xLexLink>, a także przepisy dwóch Rozporządzeń Ministra Sprawiedliwości z dnia 28 września 2002 r. pierwszego w sprawie opłat za czynności adwokackie oraz ponoszenia przez Skarb Państwa kosztów nieopłaconej pomocy prawnej udzielonej z urzędu (Dz. U. Nr 163 poz. 1348) oraz drugiego w sprawie opłat za czynności radców prawnych oraz ponoszenia przez Skarb Państwa kosztów pomocy prawnej udzielonej przez radcę prawnego ustanowionego z urzędu (Dz.U. Nr 163 poz. 1349), rozliczając je między stronami zgodnie z wynikiem procesu, z uwzględnieniem, że powódka „przegrała” w 15 %. Na koszty postępowania przed Sądem I instancji składały się: wynagrodzenia pełnomocników obu stron po 1.200zł i opłaty skarbowe od pełnomocnictw po 17 zł, poniesiona przez powoda opłata od pozwu 256 zł oraz uiszczona przez pozwanych zaliczka na wynagrodzenie biegłego 500zł.</xText>
          <xText>Natomiast koszty postępowania apelacyjnego ograniczyły się do wynagrodzenia pełnomocników obu stron po 600zł oraz uiszczonej przez pozwanych opłaty od apelacji 346 zł.</xText>
          <xText>Sąd miał też obowiązek, zgodnie z <xLexLink xArt="art. 83;art. 83 ust. 2" xIsapId="WDU20051671398" xTitle="Ustawa z dnia 28 lipca 2005 r. o kosztach sądowych w sprawach cywilnych" xAddress="Dz. U. z 2005 r. Nr 167, poz. 1398">art. 83 ust. 2</xLexLink> w zw. z <xLexLink xArt="art. 113" xIsapId="WDU20051671398" xTitle="Ustawa z dnia 28 lipca 2005 r. o kosztach sądowych w sprawach cywilnych" xAddress="Dz. U. z 2005 r. Nr 167, poz. 1398">art. 113 ustawy z dnia 28 lipca 2005 r. o kosztach sądowych w sprawach cywilnych</xLexLink> rozliczyć koszty poniesione tymczasowo przez Skarb Państwa, łącznie wynagrodzenie biegłego wyniosło 1058,61zł i przewyższyło zaliczkę uiszczoną przez strony o 558,61zł.</xText>
          <xText>W powyższym rozstrzygnięto w punktach 1.b i 1.c oraz 3 sentencji wyroku.</xText>
        </xUnit>
      </xBlock>
    </xPart>
  </judgement>
<judgement id="151015000003521_VII_U_002727_2012_Uz_2013-05-13_001">
    <xPart xEditorFullName="Marzena Glina" xYear="2012" xLang="PL" xPublisherFullName="Marzena Glina" xFromPg="1" xEditor="mglina" xVolType="15/101500/0003521/U" xPublisher="mglina" xDocType="Uz" xVolNmbr="002727" xVersion="1.0" xToPage="7" xFlag="published">
      <xName>Wyrok+Uzasadnienie</xName>
      <xBlock>
        <xText>Sygn. akt VII U 2727/12</xText>
        
        <xUnit xIsTitle="true" xBold="true" xType="part">
          <xName>WYROK</xName>
          <xTitle>W IMIENIU RZECZYPOSPOLITEJ POLSKIEJ</xTitle>
          <xText xALIGNx="center"> Dnia 13 maja 2013 r.</xText>
          
          <xText>Sąd Okręgowy w Gdańsku</xText>
          <xText>VII Wydział Pracy i Ubezpieczeń Społecznych</xText>
          <xText>w składzie:</xText>
          <xText>Przewodniczący: SSA w SO w Gdańsku Ewa Downar-Zapolska
  </xText>
          
          <xText>Protokolant: st.sekr.sądowy Sylwia Kowalska</xText>
          
          <xText>po rozpoznaniu w dniu 13 maja 2013 r. w Gdańsku</xText>
          <xText>sprawy <xAnon>P. B.</xAnon></xText>
          <xText>przeciwko Zakładowi Ubezpieczeń Społecznych Oddział w <xAnon>G.</xAnon></xText>
          <xText>o prawo do renty z tytułu częściowej niezdolności do pracy</xText>
          <xText>na skutek odwołania <xAnon>P. B.</xAnon></xText>
          <xText>od decyzji Zakładu Ubezpieczeń Społecznych Oddział w <xAnon>G.</xAnon></xText>
          <xText>z dnia 31 lipca 2012 r. nr <xAnon> (...)- (...)</xAnon></xText>
          
          <xText>
            <xBx>oddala odwołanie. </xBx>
          </xText>
          
          <xText>
            <xBx>Sygn. akt VII U 2727/12</xBx>
          </xText>
        </xUnit>
        <xUnit xIsTitle="true" xBold="true" xType="part">
          <xName>UZASADNIENIE</xName>
          <xText>Decyzją z dnia 31 lipca 2012 r. Zakład Ubezpieczeń Społecznych Oddział w <xAnon>G.</xAnon> odmówił <xAnon>P. B.</xAnon> prawa do renty z tytułu niezdolności do pracy powołując się na orzeczenie Komisji Lekarskiej ZUS z dnia 27 lipca 2012 r., która stwierdziła, że jest on zdolny do pracy.</xText>
          
          <xText>Odwołanie od powyższej decyzji wniósł ubezpieczony <xAnon>P. B.</xAnon>, podnosząc, iż jego obecny stan zdrowia nie pozwala mu na podjęcie pracy, gdyż od czasu wypadku jego ręka drętwieje i robi się bezwładna, cierpi także na bezsenność i częsty ból pleców.</xText>
          <xText><xBRx/> Organ rentowy w odpowiedzi na odwołanie wniósł o jego oddalenie powołując się na argumentację wskazaną w zaskarżonej decyzji.</xText>
          
          <xText>
            <xBx>Sąd Okręgowy ustalił następujący stan faktyczny :</xBx>
          </xText>
          
          <xText>Ubezpieczony <xAnon>P. B.</xAnon>, <xAnon>urodzony (...)</xAnon>, z zawodu jest ślusarzem. W ostatnim okresie pracował jako ochroniarz.</xText>
          <xText>W okresach od 27 marca 2012 r. do 24 lipca 2012 r. ubezpieczony pobierał świadczenie rehabilitacyjne.</xText>
          
          <xText>
            <xIx>Okoliczności bezsporne, vide akta rentowe: wniosek k. 1 plik I akt rentowych, decyzja ZUS o przyznaniu prawa do świadczenia rehabilitacyjnego z dnia 3.04.2012 r.- k. 13, opinia lekarska k. 66 dokumentacji lekarskiej w aktach ZUS </xIx>
          </xText>
          
          <xText>W dniu 1 czerwca 2012 r. <xAnon>P. B.</xAnon> złożył w Zakładzie Ubezpieczeń Społecznych wniosek o rentę z tytułu niezdolności do pracy.</xText>
          <xText>W opinii lekarskiej z 28 czerwca 2012 r. stwierdzono u ubezpieczonego stan po złamaniu V kości śródręcza prawego (we wrześniu 2011 r.) i zespoleniu drutem Kirszchnera, encefalopatię okołoporodową z upośledzeniem umysłowym, nadciśnienie tętnicze wyrównane. Na tej podstawie Lekarz Orzecznik ZUS orzeczeniem z 28 czerwca 2012 r. uznał odwołującego się za zdolnego do pracy.</xText>
          <xText>Ubezpieczony wniósł sprzeciw od powyższego orzeczenia do Komisji Lekarskiej ZUS, która rozpoznała u wnioskodawcy wygojone złamanie V kości prawego śródręcza, niedoczynność tarczycy, encefalopatię, niedosłuch obustronny od dzieciństwa, nadciśnienie tętnicze zredukowane. Orzeczeniem z dnia 27 lipca 2012 r. Komisja Lekarska ZUS nie stwierdziła niezdolności ubezpieczonego do pracy.</xText>
          
          <xText>Zaskarżoną w niniejszym postępowaniu decyzją z dnia 31 lipca 2012 r. organ rentowy odmówił ubezpieczonemu prawa do renty z tytułu niezdolności do pracy.</xText>
          
          <xText>
            <xIx>Okoliczności bezsporne, vide : wniosek o rentę – k. 1-3 plik I akt rentowych, opinia lekarska z 28.06.2012 r. – k. 17 dokumentacji lekarskiej, orzeczenie lekarza orzecznika ZUS z dnia 28.06.2012 r.– k. 27 plik I akt rentowych, sprzeciw – k. 18 dokumentacji lekarskiej ZUS, opinia lekarska z 27.07.2012 r. – k. 66 dokumentacji lekarskiej ZUS, orzeczenie Komisji Lekarskiej ZUS z 27.07.2012 r. – k. 31 plik I akt rentowych, decyzja ZUS z dnia 31.07.2012 r. – k. 71 plik I akt rentowych.</xIx>
          </xText>
          
          <xText>W celu ustalenia czy ubezpieczony jest zdolny do pracy, stopnia naruszenia sprawności jego organizmu, możliwości wykonywania dotychczasowej pracy lub celowości przekwalifikowania, daty powstania niezdolności, jej trwałości oraz dla zweryfikowania orzeczeń wydanych przez Lekarza Orzecznika oraz Komisję Lekarską ZUS, wymagane były wiadomości specjalne, w związku z czym Sąd, na podstawie <xLexLink xArt="art. 279;art. 284;art. 292" xIsapId="WDU19640430296" xTitle="Ustawa z dnia 17 listopada 1964 r. - Kodeks postępowania cywilnego" xAddress="Dz. U. z 1964 r. Nr 43, poz. 296">art. 279, 284 i 292 k.p.c.</xLexLink>, dopuścił dowód z opinii biegłych lekarzy sądowych laryngologa, psychiatry, internisty oraz ortopedy, zgodnie z rodzajem schorzeń występujących u ubezpieczonego.</xText>
          
          <xText>W wyniku zebrania wywiadu i po przeprowadzeniu badań przedmiotowych oraz po dokonaniu analizy dokumentacji lekarskiej w/w biegli rozpoznali u wnioskodawcy :</xText>
          <xEnum>
            <xBullet>⚫</xBullet>
            <xEnumElem>
              <xText>Pogranicze upośledzenia umysłowego lekkiego,</xText>
            </xEnumElem>
            <xEnumElem>
              <xText>Odczyn neurasteniczny,</xText>
            </xEnumElem>
            <xEnumElem>
              <xText>Nadciśnienie tętnicze I,</xText>
            </xEnumElem>
            <xEnumElem>
              <xText>Niedoczynność tarczycy leczoną substytucyjnie,</xText>
            </xEnumElem>
            <xEnumElem>
              <xText>Nietolerancję glukozy,</xText>
            </xEnumElem>
            <xEnumElem>
              <xText>
        Dyslipidemię typu mieszanego,</xText>
            </xEnumElem>
            <xEnumElem>
              <xText>Stan po złamaniu i zespoleniu V kości śródręcza prawego,</xText>
            </xEnumElem>
            <xEnumElem>
              <xText>
        Obuuszny niedosłuch typu przewodzeniowego.</xText>
            </xEnumElem>
          </xEnum>
          
          <xText>Biegły sądowy <xBx>specjalista psychiatra</xBx> stwierdziła, że badanie sądowo-psychiatryczne wykazało poziom umysłowy na poziomie pogranicza upośledzenia umysłowego lekkiego i dyskretne zaburzenia neurasteniczne, nie ujawniło natomiast zaburzeń psychotycznych, depresyjnych czy klinicznych objawów uszkodzenia ośrodkowego układu nerwowego. Psychiatra nie stwierdziła, by stan zdrowia wnioskodawcy wskazywał, że utracił on całkowicie lub częściowo zdolność do pracy zarobkowej.</xText>
          
          <xText>Biegły sądowy <xBx>
      internista </xBx>wskazała, iż wnioskodawca cierpi na nadciśnienie od 2002 r., jest ono dobrze kontrolowane, bez istotnych zaburzeń w układzie sercowo-naczyniowym w badaniu podmiotowym, przedmiotowo wydolny krążeniowo, bez zaburzeń czynności serca z prawidłowym ciśnieniem. Niedoczynność tarczycy rozpoznana w 2002 r. leczona substytucyjnie obecnie wyrównana laboratoryjnie i klinicznie. W 2002 r., w czasie hospitalizacji podejrzewano u ubezpieczonego przewlekłą niewydolność nerek, lecz w okresie 10-letniej obserwacji diagnoza nie potwierdziła się – parametry laboratoryjne są prawidłowe, od 2 lat ubezpieczony nie jest kontrolowany w Poradni Chorób Nerek. W ostatnich badaniach stwierdzono nieprawidłowe wartości glikemii i zlecono dietę z ograniczeniem węglowodanów prostych. Biegła internista na podstawie wywiadu, badania oraz dokumentacji nie stwierdziła ograniczenia zdolności ubezpieczonego do pracy w zakresie posiadanych kwalifikacji z przyczyn internistycznych podanych w rozpoznaniu.</xText>
          
          <xText>Biegły sądowy <xBx>chirurg urazowy - ortopeda </xBx> stwierdził natomiast, że przebyte w 2011 r. złamanie V kości śródręcza prawego, które poddano leczeniu operacyjnemu jest obecnie wygojone w badaniu radiologicznym i klinicznym. Następstwem przebytego złamania jest niewielkie skrócenie V kości śródręcza i niewielkie zniekształcenie kątowe, co jednak nie wpływa na funkcję ruchową i chwytną ręki, która jest sprawna, a siła mięśniowa symetryczna. Biegły nie stwierdził też zaniku mięśni kłębu i kłębiku ręki oraz mięśni przedramienia. Jego zdaniem, wnioskodawca jest zdolny do pracy.</xText>
          
          <xText>Biegły sądowy l<xBx>aryngolog </xBx>stwierdził natomiast, że obustronny niedosłuch przewodzeniowy umiarkowanego stopnia był i jest słuchem społecznie wydolnym i nie powoduje żadnego ograniczenia sprawności organizmu badanego do dalszej pracy, ponieważ ubezpieczony słyszy, rozumie i logicznie odpowiada na pytania stawiane mową potoczną. Ubezpieczony może porozumiewać się z otoczeniem, także w miejscu pracy, bez aparatu słuchowego. Zdaniem biegłego, ubezpieczony nie jest niezdolny do pracy</xText>
          
          <xText>
            <xIx>Dowód: opinie sądowo – lekarskie: biegłego psychiatry – k. 24-25 akt sprawy, biegłego internisty – k. 27-28, chirurga-ortopedy – k. 31-32, biegłego laryngologa - k. 36-37 </xIx>
          </xText>
          
          <xText>Ubezpieczony nie wniósł zastrzeżeń do powyższych opinii biegłych sądowych.</xText>
          
          <xText>
            <xIx>Okoliczność bezsporna.</xIx>
          </xText>
          
          <xText>Bezsporny stan faktyczny niniejszej sprawy Sąd ustalił w oparciu o dokumenty zgromadzone w aktach ubezpieczeniowych i dokumentacji lekarskiej ZUS, albowiem żadna ze stron postępowania nie kwestionowała ich rzetelności i autentyczności. Brak było zatem w ocenie Sądu Okręgowego przesłanek, by odmówić im przymiotu wiarygodności.</xText>
          
          <xText>
            <xBx> Sąd zważył, co następuje:</xBx>
          </xText>
          
          <xText>W świetle poczynionych ustaleń faktycznych odwołanie ubezpieczonego <xAnon>P. B.</xAnon> nie zasługuje na uwzględnienie.</xText>
          
          <xText>W myśl <xLexLink xArt="art. 57" xIsapId="WDU19981621118" xTitle="Ustawa z dnia 17 grudnia 1998 r. o emeryturach i rentach z Funduszu Ubezpieczeń Społecznych" xAddress="Dz. U. z 1998 r. Nr 162, poz. 1118">art. 57 ustawy z dnia 17 grudnia 1998 r. o emeryturach i rentach z Funduszu Ubezpieczeń Społecznych</xLexLink> – dalej: ustawa (Dz. U. z 2009 r. Nr 153 poz. 1227 ze zm.) renta z tytułu niezdolności do pracy przysługuje ubezpieczonemu, który spełnia łącznie następujące warunki: jest niezdolny do pracy, ma wymagany okres składkowy i nieskładkowy, niezdolność do pracy powstała w okresie podlegania ubezpieczeniu społecznemu lub nie później niż 18 miesięcy od ich ustania.</xText>
          <xText>Zgodnie z zaś z treścią art. 12 ustawy, niezdolną do pracy jest osoba, która całkowicie lub częściowo utraciła zdolność do pracy zarobkowej z powodu naruszenia sprawności organizmu i nie rokuje odzyskania zdolności do pracy po przekwalifikowaniu. Częściowo niezdolną do pracy jest osoba, która w znacznym stopniu utraciła zdolność do pracy zgodnej z poziomem posiadanych kwalifikacji.</xText>
          <xText>Z brzmienia art. 12 ustawy wyraźnie wynika, że do stwierdzenia niezdolności do pracy nie jest wystarczające samo występowanie naruszenia sprawności organizmu (choroby), lecz jednocześnie naruszenie to musi powodować całkowitą lub częściową utratę zdolności do pracy zgodnej z poziomem posiadanych kwalifikacji, nie rokujące odzyskania zdolności do pracy po przekwalifikowaniu.</xText>
          <xText>W niniejszej sprawie sporna między stronami była jedynie ocena stanu zdrowia wnioskodawcy i jego zdolności do zatrudnienia.</xText>
          <xText>Nie budziło wątpliwości w sprawie, że ubezpieczony cierpi na określone schorzenia, jednakże to nie fakt występowania schorzeń, a jedynie stopień ich zaawansowania, może powodować niezdolność do pracy.</xText>
          <xText>Należy wskazać przy tym, iż subiektywna ocena stanu zdrowia ubezpieczonego i jego przekonanie, że jest niezdolny do pracy nie może zastąpić oceny dokonanej przez biegłych sądowych – wysokiej klasy specjalistów, którzy w przekonujący sposób uzasadnili swoje stanowisko <xIx>(vide: wyrok SN z dnia 22. stycznia 1998 r. II UKN 466/97 OSNAP 1999/1/25 ).</xIx> Należy zauważyć, iż biegli w sposób zgodny stwierdzili, iż ubezpieczony nie jest niezdolny do pracy. Dodać przy tym należy, iż w orzecznictwie przyjmuje się pogląd, że strona, która zamierza skutecznie podważyć opinie biegłych winna przedstawić rzeczowe argumenty znajdujące potwierdzenie w wynikach badań. W niniejszej sprawie wnioskodawcy nie złożył jakichkolwiek zastrzeżeń do powyższych opinii biegłych sadowych.</xText>
          <xText>Tym samym sporządzone opinie biegłych z zakresu psychiatrii, chorób wewnętrznych, ortopedii i laryngologii stanowią wystarczający materiał do oceny zdolności wnioskodawcy do pracy.</xText>
          <xText>Raz jeszcze podkreślić należy, iż biegli nie stwierdzili niezdolności do pracy ubezpieczonego żadnych poważnych schorzeń uniemożliwiających podjęcie przez niego zatrudnienia.</xText>
          <xText>Sąd uznał zatem, stosownie do opinii powołanych w sprawie biegłych i rozpoznanych przez nich schorzeń, a w szczególności mając na uwadze kompetencję ograniczoną w zasadzie do możliwości opiniowania stanu zdrowia wnioskodawcy, zgodnie z zakresem posiadanej specjalizacji, że bez wątpienia stanowisko biegłych przemawia za uznaniem ubezpieczonego za zdolnego do podjęcia pracy zarobkowej zgodnie z kwalifikacjami.</xText>
          <xText>Sąd zważył także, iż opinie zostały wydane przez biegłych po dokonaniu oględzin i badaniu ubezpieczonego, analizie przedłożonej dokumentacji medycznej i w oparciu o wyniki badań znajdujące się w aktach ZUS. Wyczerpująco zostały opisane stwierdzone u ubezpieczonego schorzenia i ich wpływ na jego zdolność do pracy, a opisany w opinii stan przedmiotowy ubezpieczonego koresponduje z wnioskami ostatecznymi opinii. Opinie te zostały sporządzone w sposób rzeczowy i kompetentny, a nadto zawierają jasne, logiczne i przekonywujące wnioski i twierdzenia. Opinie te również zostały uzasadnione w sposób wyczerpujący i zgodny z wiedzą medyczną posiadaną przez biegłych.</xText>
          
          <xText>W konkluzji, Sąd na podstawie przeprowadzonego postępowania dowodowego uznał, iż odwołujący jest zdolny do pracy i nie spełnia warunków do przyznania prawa do świadczenia rentowego, co skutkuje uznaniem odwołania ubezpieczonego za bezzasadne.</xText>
          
          <xText>Mając powyższe na uwadze, na podstawie <xLexLink xArt="art. 477(14);art. 477(14) § 1" xIsapId="WDU19640430296" xTitle="Ustawa z dnia 17 listopada 1964 r. - Kodeks postępowania cywilnego" xAddress="Dz. U. z 1964 r. Nr 43, poz. 296">art. 477<xSUPx>14</xSUPx> § 1 k.p.c.</xLexLink> oraz cytowanych wyżej przepisów, Sąd orzekł jak w sentencji wyroku.</xText>
          
          <xText xALIGNx="right">
            <xIx>
      SSA w SO w Gdańsku Ewa Downar – Zapolska </xIx>
          </xText>
        </xUnit>
      </xBlock>
    </xPart>
  </judgement>
<judgement id="151020000000503_I_C_000191_2009_Uz_2013-05-14_001">
    <xPart xEditorFullName="Beata Cichosz" xYear="2009" xLang="PL" xPublisherFullName="Elżbieta Drozd" xFromPg="1" xEditor="bcichosz_so_slupsk" xVolType="15/102000/0000503/C" xPublisher="edrozd_so_slupsk" xDocType="Uz" xVolNmbr="000191" xVersion="1.0" xToPage="11" xFlag="published">
      <xName>Wyrok+Uzasadnienie</xName>
      <xBlock>
        <xText>Sygn. I C 191/09</xText>
        <xUnit xIsTitle="true" xBold="true" xType="part">
          <xName>WYROK</xName>
          <xTitle>W IMIENIU RZECZYPOSPOLITEJ POLSKIEJ</xTitle>
          <xText xALIGNx="right"> Dnia 14 maja 2013 r.</xText>
          
          <xText>Sąd Okręgowy w Słupsku I Wydział Cywilny</xText>
          <xText>w składzie następującym:</xText>
          
          <xRows>
            <xCOLGROUPx>
              <xCOLx xWIDTHx="186"/>
              <xCOLx xWIDTHx="525"/>
            </xCOLGROUPx>
            <xRow>
              <xClmn xALIGNx="left" xVALIGNx="top">
                <xText xALIGNx="right">Przewodniczący:</xText>
              </xClmn>
              <xClmn xALIGNx="left" xVALIGNx="top">
                <xText>SSO Maria Cichoń</xText>
              </xClmn>
            </xRow>
            <xRow>
              <xClmn xALIGNx="left" xVALIGNx="top">
                <xText xALIGNx="center">Protokolant:</xText>
              </xClmn>
              <xClmn xALIGNx="left" xVALIGNx="top">
                <xText>sekr. sądowy Małgorzata Bugiel</xText>
              </xClmn>
            </xRow>
          </xRows>
          
          <xText>po rozpoznaniu w dniu 14 maja 2013 r. w Słupsku</xText>
          <xText>na rozprawie</xText>
          <xText>sprawy z powództwa <xBx><xAnon>J. W.</xAnon></xBx></xText>
          <xText>przeciwko <xBx><xAnon> Spółdzielni Mieszkaniowej (...)</xAnon> w <xAnon>S.</xAnon>, <xAnon>T. P.</xAnon>, <xAnon>I. B.</xAnon>, <xAnon>W. B.</xAnon>, <xAnon>B. D.</xAnon>, <xAnon>B. B. (1)</xAnon>, <xAnon>K. E.</xAnon>, <xAnon>B. S.</xAnon>, <xAnon>J. R. (1)</xAnon>, <xAnon>L. J.</xAnon>, <xAnon>T. M. (1)</xAnon>, <xAnon>J. M.</xAnon>, <xAnon>E. S.</xAnon> i <xAnon>W. G.</xAnon></xBx></xText>
          <xText>o uchylenie uchwał organów spółdzielni</xText>
          
          <xUnit xIsTitle="false" xType="none">
            <xName xSffx=".">1</xName>
            <xText>oddala powództwo;</xText>
          </xUnit>
          <xUnit xIsTitle="false" xType="none">
            <xName xSffx=".">2</xName>
            <xText>zasądza od powódki <xAnon>J. W.</xAnon> na rzecz pozwanej <xAnon> Spółdzielni Mieszkaniowej (...)</xAnon> w <xAnon>S.</xAnon> kwotę 180 zł (słownie: sto osiemdziesiąt złotych) tytułem zwrotu kosztów procesu.</xText>
          </xUnit>
          
          <xText>
            <xBx>Sygn. akt IC 191/09 </xBx>
          </xText>
        </xUnit>
        <xUnit xIsTitle="true" xBold="true" xType="part">
          <xName>UZASADNIENIE</xName>
          <xText><xUx>Powódka <xAnon>J. W.</xAnon></xUx> w pozwie skierowanym przeciwko <xAnon> Spółdzielni Mieszkaniowej (...)</xAnon> w <xAnon>S.</xAnon> oraz <xAnon>T. P.</xAnon>, <xAnon>I. B.</xAnon>, <xAnon>T.</xAnon><xAnon>M.</xAnon>, <xAnon>B. D.</xAnon>, <xAnon>B. S.</xAnon>, <xAnon>J. R. (2)</xAnon>, <xAnon>L. J.</xAnon>, <xAnon>T. M.</xAnon>, <xAnon>J. M.</xAnon>, <xAnon>E. S.</xAnon> i <xAnon>W. G.</xAnon> wniosła o uchylenie wszystkich uchwał Zebrania Walnego <xAnon>Z.</xAnon> w nieruchomościach <xAnon> Spółdzielni Mieszkaniowej (...)</xAnon> w <xAnon>S.</xAnon> z dnia 20/28 czerwca 2009 r., za wyjątkiem czterech uchwał dotyczących z imienia i nazwiska członków pozwanej. Powódka wniosła o uchylenie następujących uchwał:</xText>
          <xEnum>
            <xBullet>-</xBullet>
            <xEnumElem>
              <xText>nr 1 w sprawie zatwierdzenia sprawozdania Zarządu z działalności pozwanej za rok 2008;</xText>
            </xEnumElem>
            <xEnumElem>
              <xText>nr 2 w sprawie zatwierdzenia sprawozdania finansowego pozwanej za rok 2008;</xText>
            </xEnumElem>
            <xEnumElem>
              <xText>nr 3 w sprawie zatwierdzenia sprawozdania z działalności Rady Nadzorczej pozwanej za rok 2008;</xText>
            </xEnumElem>
            <xEnumElem>
              <xText>nr 4 w sprawie wykorzystania nadwyżki bilansowej pozwanej za rok 2008;</xText>
            </xEnumElem>
            <xEnumElem>
              <xText>nr 5 w sprawie upoważnienia Zarządu do sprzedaży mieszkań członków <xAnon> Spółdzielni Mieszkaniowej (...)</xAnon> w <xAnon>S.</xAnon>, bez wyroków sądowych, z powodu zaległości w opłatach;</xText>
            </xEnumElem>
            <xEnumElem>
              <xText>nr 6 w sprawie zbycia nieruchomości niezabudowanej przy <xAnon>ul. (...)</xAnon> w <xAnon>S.</xAnon>, obręb 11, dz. nr 636;</xText>
            </xEnumElem>
            <xEnumElem>
              <xText>nr 7 w sprawie nieodpłatnego przeniesienia <xAnon>działki (...)</xAnon> obręb 10, przy <xAnon>ul. (...)</xAnon> w <xAnon>S.</xAnon> na rzecz Gminy Miejskiej <xAnon>S.</xAnon>;</xText>
            </xEnumElem>
            <xEnumElem>
              <xText>nr 8 w sprawie zrzeczenia się prawa wieczystego użytkowania działek przy <xAnon>ul. (...)</xAnon> i nr 276/19;</xText>
            </xEnumElem>
            <xEnumElem>
              <xText>nr 9 w sprawie udzielenia absolutorium członkom Zarządu pozwanej spółdzielni za rok 2008 <xAnon>T. M. (2)</xAnon>, <xAnon>B. D.</xAnon>, <xAnon>T. P.</xAnon>, <xAnon>I. B.</xAnon> i <xAnon>W. B.</xAnon>;</xText>
            </xEnumElem>
            <xEnumElem>
              <xText>uchwały bez nr, podjętej na wniosek Przewodniczącego części Walnego Zgromadzenia w dniu 20.06.2009 r. <xAnon>W. G.</xAnon>, w sprawie ograniczenia wypowiedzi do 5 minut członków <xAnon> SM (...)</xAnon> w <xAnon>S.</xAnon>, na części Walnego Zgromadzenia w dniu 20 czerwca 2009 r.</xText>
            </xEnumElem>
          </xEnum>
          <xText>W uzasadnieniu powódka podniosła, że wszystkie zaskarżone uchwały są nieważne z mocy <xLexLink xArt="art. 58;art. 58 § 1;art. 58 § 2" xIsapId="WDU19640160093" xTitle="Ustawa z dnia 23 kwietnia 1964 r. - Kodeks cywilny" xAddress="Dz. U. z 1964 r. Nr 16, poz. 93">art. 58§1 i §2 kc</xLexLink> w związku z przepisami <xLexLink xArt="" xIsapId="WDU19820300210" xTitle="Ustawa z dnia 16 września 1982 r. - Prawo spółdzielcze" xAddress="Dz. U. z 1982 r. Nr 30, poz. 210">prawa spółdzielczego</xLexLink> i <xLexLink xArt="" xIsapId="WDU20010040027" xTitle="Ustawa z dnia 15 grudnia 2000 r. o spółdzielniach mieszkaniowych" xAddress="Dz. U. z 2001 r. Nr 4, poz. 27">ustawy o spółdzielniach mieszkaniowych</xLexLink>. Zarzuciła, iż pozwana od 1990 roku działa nielegalnie z powodu naruszenia procedur wyboru organów pozwanej od 1990 r., a w związku z tym nie ma legalnych organów do działania i reprezentowania tejże osoby pozwanej tj. Zarządu i Rady Nadzorczej. Podniosła dalej powódka, że zaskarżyła wszystkie uchwały Walnego Zgromadzenia z 2008 r. w osobach <xAnon>T. P.</xAnon> i <xAnon>W. B.</xAnon>, postępowanie w tej sprawie toczy się przed Sądem Okręgowym w Elblągu.</xText>
          <xText>Zarzuciła powódka, że zaskarżone uchwały nie obowiązują z mocy prawa. Są nieważne na podstawie <xLexLink xArt="art. 42" xIsapId="WDU19820300210" xTitle="Ustawa z dnia 16 września 1982 r. - Prawo spółdzielcze" xAddress="Dz. U. z 1982 r. Nr 30, poz. 210">art. 42 prawa spółdzielczego</xLexLink>, jako podjęte z rażącym naruszeniem prawa tj. <xLexLink xArt="" xIsapId="WDU19820300210" xTitle="Ustawa z dnia 16 września 1982 r. - Prawo spółdzielcze" xAddress="Dz. U. z 1982 r. Nr 30, poz. 210">prawa spółdzielczego</xLexLink>, <xLexLink xArt="" xIsapId="WDU20010040027" xTitle="Ustawa z dnia 15 grudnia 2000 r. o spółdzielniach mieszkaniowych" xAddress="Dz. U. z 2001 r. Nr 4, poz. 27">ustawy o spółdzielniach mieszkaniowych</xLexLink>, o własności lokali, <xLexLink xArt="" xIsapId="WDU19640160093" xTitle="Ustawa z dnia 23 kwietnia 1964 r. - Kodeks cywilny" xAddress="Dz. U. z 1964 r. Nr 16, poz. 93">kodeksu cywilnego</xLexLink> oraz innych, statusu spółdzielni, dobrych obyczajów, godzą w interesy spółdzielni oraz mają na celu pokrzywdzenie członków spółdzielni.</xText>
          <xText>Podnosiła powódka, że pozwani nie przestrzegają ustaw regulujących funkcjonowanie Spółdzielni oraz nie realizują obowiązków ustawowych wobec członków / nieczłonków <xAnon> Spółdzielni Mieszkaniowej (...)</xAnon> w <xAnon>S.</xAnon> wynikających z przepisów prawa, obowiązujących w zakresie funkcjonowania <xAnon> Spółdzielni Mieszkaniowej (...)</xAnon> w <xAnon>S.</xAnon> i systematycznie łamią prawo w zakresie uprawnień przysługujących członkom/nieczłonkom spółdzielni oraz obowiązków wobec członków/nieczłonków spółdzielni:</xText>
          <xText>1/obciążali w roku 2008 członków spółdzielni zawyżonymi opłatami, ponad faktyczne koszty utrzymania lokali mieszkalnych ,tj. niezgodnie z art.4ustawy o spółdzielniach mieszkaniowych; 8 zgodnie z prawem / art.5 ustawy o spółdzielniach mieszkaniowych/ pożytków i dochodów należnych członkom spółdzielni poza kilkoma kwartałami ostatnich dwóch lat/nierzetelni/ .ponieważ „Pożytki i inne przychody z nieruchomości wspólnej służą pokrywaniu wydatków związanych z jej eksploatacją i utrzymaniem, a w części przekraczającej te wydatki przypadają właścicielom lokali proporcjonalnie do ich udziałów w nieruchomości wspólnej". Pożytki i dochody pochodzą z: dotacji budżetowych na CO, na remonty, na wodę , na infrastrukturę,</xText>
          <xText>z odsetek z lokat bankowych, ze sprzedaży nieruchomości w tym gruntów i mieszkań które zostały bezprawnie zabrane bez odszkodowania setkom osób , z najmu i dzierżaw lokali użytkowych i wielu innych źródeł a nadto nie rozliczali dotacji unijnych;</xText>
          <xText>3/niezgodnie z art.6 ustawy o spółdzielniach mieszkaniowych , bezpodstawnie w roku 2008 obciążali członków/nieczłonków spółdzielni dodatkowymi opłatami na fundusz remontowy ,mimo że fundusz remontowy powstaje z odpisów z eksploatacji oraz na legalizację wodomierzy ;</xText>
          <xText>4/systematycznie odmawiali w roku 2008 kalkulacji podwyżek opłat;</xText>
          <xText>5/systematycznie odmawiali w roku 2008 doręczania dokumentacji</xText>
          <xText>członkom/nieczłonkom spółdzielni;</xText>
          <xText>6/przewlekali w roku 2008 procedury przekształcania lokali mieszkalnych w odrębną własność oraz nieskorygowanie przez Zarząd Spółdzielni uchwał na podstawie zmienionej od dnia 01 sierpnia 2007 roku <xLexLink xArt="" xIsapId="WDU20010040027" xTitle="Ustawa z dnia 15 grudnia 2000 r. o spółdzielniach mieszkaniowych" xAddress="Dz. U. z 2001 r. Nr 4, poz. 27">ustawy o spółdzielniach mieszkaniowych</xLexLink>, m.in. zobowiązującej Zarządy Spółdzielni do wydania nowych uchwał dla nieruchomości jednobudynkowych ;</xText>
          <xText><xIx>71 </xIx>zgłaszali w roku 2008 /przez Zarząd/ do Krajowego Rejestru Sądowego danych niezgodnych ze stanem faktycznych: nieprawomocnych/nieobowiązujących/ uchwał Walnego Zgromadzenia za rok 2008;</xText>
          <xText>8/dyskryminowali i represjonowali w roku 2008 członków/nieczłonków spółdzielni domagających się realizacji swoich uprawnień ustawowych od Zarządu i Rady Nadzorczej;</xText>
          <xText>9/wielu innych nieprawidłowości, w tym w roku 2008 korumpowali w ramach wieloletniej akcji: wymiar sprawiedliwości .organy ścigania .administrację oraz banki.</xText>
          <xText>Na zakończenie, wskazała powódka, że od 30 października 2008 r. trwa postępowanie o ustanowienie kuratora dla pozwanej Spółdzielni z powodu braku legalnych organów – toczy się w tej sprawie postępowanie przed Sądem Rejonowym w Słupsku sygn. Akt <xAnon>(...)</xAnon> i <xAnon>(...)</xAnon>.</xText>
          
          <xText><xUx>Pozwana <xAnon> Spółdzielnia Mieszkaniowa (...)</xAnon> w <xAnon>S.</xAnon></xUx> wniosła o oddalenie powództwa.</xText>
          <xText>W uzasadnieniu swojego stanowiska pozwana spółdzielnia w pierwszej kolejności podnosiła, iż <xAnon> Spółdzielnia Mieszkaniowa (...)</xAnon> w <xAnon>S.</xAnon> posiada wszystkie organy wymagane <xLexLink xArt="" xIsapId="WDU19820300210" xTitle="Ustawa z dnia 16 września 1982 r. - Prawo spółdzielcze" xAddress="Dz. U. z 1982 r. Nr 30, poz. 210">prawem spółdzielczym</xLexLink> i statutem spółdzielni, które działają legalnie i są uprawnione do jej reprezentowania, co wynika z odpisu aktualnego z rejestru przedsiębiorców Krajowego Rejestru Sądowego według stanu na dzień 26.08.2009 r. W związku z powyższym twierdzenie powódki, że zaskarżone przez nią uchwały są nieważne z mocy prawa jest całkowicie chybiony. Nie wykazała również powódka, aby zaskarżone uchwały zostały podjęte z naruszeniem przepisu <xLexLink xArt="art. 42;art. 42 § 1;art. 42 § 2;art. 42 § 3" xIsapId="WDU19820300210" xTitle="Ustawa z dnia 16 września 1982 r. - Prawo spółdzielcze" xAddress="Dz. U. z 1982 r. Nr 30, poz. 210">art. 42 §1, §2 i §3 ustawy prawo spółdzielcze</xLexLink>. Zarzuty podniesione przez powódkę, co do ich sprzeczności z prawem, dobrymi obyczajami są całkowicie gołosłowne i dowolne. Nie wykazała również powódka, aby zaskarżone uchwały godziły w interesy spółdzielni lub miały na celu pokrzywdzenie jej członków.</xText>
          <xText><xUx> Pozostali</xUx> pozwani <xAnon>T. P.</xAnon>, <xAnon>I. B.</xAnon>, <xAnon>T.</xAnon><xAnon>M.</xAnon>, <xAnon>B. D.</xAnon>, <xAnon>B. S.</xAnon>, <xAnon>J. R. (2)</xAnon>, <xAnon>L. J.</xAnon>, <xAnon>T. M.</xAnon>, <xAnon>J. M.</xAnon>, <xAnon>E. S.</xAnon> i <xAnon>W. G.</xAnon> wnieśli o oddalenie powództwa podnosząc, iż z uwagi na okoliczność, że przedmiotem pozwu jest zaskarżenie uchwał podjętych przez organ pozwanej spółdzielni Walne Zgromadzenie Członków, to oni jako osoby fizyczne nie mają legitymacji biernej do występowania w niniejszej sprawie, po stronie pozwanej.</xText>
          
          <xText>Sąd na mocy postanowienia z dnia 19.09.2011 r. umorzył postępowanie w stosunku do pozwanego <xAnon>T. M. (2)</xAnon>, z uwagi na jego zgon (k….)</xText>
          
          <xText>
            <xBx>
              <xUx>Sąd ustalił:</xUx>
            </xBx>
          </xText>
          <xText><xAnon> Spółdzielnia Mieszkaniowa (...)</xAnon> w <xAnon>S.</xAnon> jest zapisana do Krajowego Rejestru Sądowego – Rejestr Przedsiębiorców, numer KRS: <xAnon> (...)</xAnon>.</xText>
          <xText>W <xAnon> (...)</xAnon> Rubryka 1 - jako organ uprawniony do reprezentacji spółdzielni wpisany jest zarząd w osobach: <xAnon>T. P.</xAnon> – Prezesa Zarządu, <xAnon>I. Z.</xAnon> Prezesa i <xAnon>W. Z.</xAnon> Prezesa ds. <xAnon> (...)</xAnon> i <xAnon> (...)</xAnon>.</xText>
          <xText>W <xAnon> (...)</xAnon>, Rubryka 2 jako organ nadzoru wpisana jest Rada Nadzorcza w osobach: <xAnon>W. K.</xAnon>, <xAnon>A. K.</xAnon>, <xAnon>B. M.</xAnon>, <xAnon>J. P. (1)</xAnon>, <xAnon>B. W.</xAnon>, <xAnon>S. Z.</xAnon>, <xAnon>A. S.</xAnon>, <xAnon>J. P. (2)</xAnon>, <xAnon>K. C.</xAnon>, <xAnon>J. S.</xAnon>, <xAnon>T.</xAnon><xAnon>M.</xAnon>, <xAnon>Z. K.</xAnon>, <xAnon>L. L. (1)</xAnon>, <xAnon>M. M. (3)</xAnon> i <xAnon>R. G.</xAnon>.</xText>
          <xText><xBx>dowód:</xBx> odpis aktualny z Krajowego Rejestru Sądowego Numer KRS: <xAnon> (...)</xAnon> według stanu na dzień 26.08.2009 r. – k. 88-91 akt.</xText>
          
          <xText>W dniu 14.04.2009 r. Rada Nadzorcza <xAnon> SM (...)</xAnon> w <xAnon>S.</xAnon>, na podstawie §47 ust. 1 pkt. 15 w zw. Z §31 ust. 2 Statutu S.M. <xAnon> (...)</xAnon> podjęto uchwałę Ne <xAnon> (...)</xAnon> w sprawie: podziału członków spółdzielni uprawnionych do udziału w poszczególnych częściach Walnego Zgromadzenia.</xText>
          <xText><xBx>
      dowód:</xBx> uchwała nr <xAnon>(...)</xAnon> – k. 121-122 akt.</xText>
          
          <xText>W dniu 22.05.2009 r. Zarząd S.M. <xAnon> (...)</xAnon> w <xAnon>S.</xAnon> na podstawie <xLexLink xArt="art. 39;art. 39 § 1" xIsapId="WDU19820300210" xTitle="Ustawa z dnia 16 września 1982 r. - Prawo spółdzielcze" xAddress="Dz. U. z 1982 r. Nr 30, poz. 210">art. 39 §1 prawa spółdzielczego</xLexLink> i <xLexLink xArt="art. 39 § 52;art. 39 § 52 ust. 1;art. 39 § 52 ust. 1 pkt. 10" xIsapId="WDU19820300210" xTitle="Ustawa z dnia 16 września 1982 r. - Prawo spółdzielcze" xAddress="Dz. U. z 1982 r. Nr 30, poz. 210">§52 ust. 1 pkt. 10</xLexLink> statusu, podjęto uchwałe nr <xAnon> (...)</xAnon> w sprawie zwołania Walnego Zgromadzenia Członka S.M. <xAnon> (...)</xAnon> w <xAnon>S.</xAnon>, które zgodnie z §31 ust. 1 statusu i uchwałę nr <xAnon>(...)</xAnon> Rady Nadzorczej z dn. 14.04.2009 r. odbywać się będzie w ośmiu częściach.</xText>
          <xText>Część Walnego Zgromadzenia, w skład którego wchodzą m.in. członkowie zamieszkali w nieruchomości obejmującej <xAnon>budynek nr (...)</xAnon> przy <xAnon>ul. (...)</xAnon> (w budynku tym posiada lokal mieszkalny powódka <xAnon>J. W.</xAnon>) została wyznaczona na dzień 20.06.2009 r. (g. 17.00) w <xAnon>S.</xAnon><xAnon> Ośrodku (...)</xAnon> przy <xAnon>ul. (...)</xAnon>.</xText>
          <xText><xBx>
      dowód</xBx>: uchwała nr <xAnon>(...)</xAnon> Zarządu S.M. <xAnon> (...)</xAnon> w <xAnon>S.</xAnon> – k. 123.</xText>
          
          <xText>Powódka <xAnon>J. W.</xAnon> brała udział w części Walnego Zgromadzenia, które odbyło się w dniu 20.06.2009 r. (godz. 17.00) w charakterze sekretarza;</xText>
          <xText>Z przebiegu tej części Walnego Zgromadzenia sporządzono protokół.</xText>
          <xText><xBx>dowód</xBx>: protokół z odbytego w dniu 20.09.2009 r. (godz. 17.00) –</xText>
          <xText>k.139-166 akt.</xText>
          
          <xText>W trakcie tegoż Zebrania poddano pod głosowanie 9 uchwał objętych porządkiem obrad. Wszystkie projekty uchwał były zaopiniowane przez radcę prawnego <xAnon> spółdzielni (...)</xAnon>.</xText>
          <xText>Za uchwałą nr <xAnon>(...)</xAnon> w sprawie „zatwierdzenia sprawozdania Zarządu z działalności <xAnon> Spółdzielni Mieszkaniowej (...)</xAnon> za 2008” głosowano w sposób następujący:</xText>
          <xText>za uchwałą oddano 21 głosów</xText>
          <xText>przeciw uchwale oddano 13 głosów.</xText>
          <xText>Za uchwałą nr <xAnon>(...)</xAnon> w sprawie „zatwierdzenia sprawozdania finansowego S.M. <xAnon> (...)</xAnon> za 2008 r.” głosowano w sposób następujący:</xText>
          <xText>za uchwałą oddano 24 głosów</xText>
          <xText>przeciw uchwale oddano 16 głosów.</xText>
          <xText>Za uchwałą nr <xAnon>(...)</xAnon> w sprawie „zatwierdzenia sprawozdania z działalności Rady Nadzorczej S.M. <xAnon> (...)</xAnon> za 2008 r.” głosowano w sposób następujący:</xText>
          <xText>za uchwałą oddano 27 głosów</xText>
          <xText>przeciw uchwale oddano 16 głosów.</xText>
          <xText>Za uchwałą nr <xAnon>(...)</xAnon> w sprawie „wykorzystania nadwyżki bilansowej (dochodu ogólnego) za rok 2008 w kwocie 2.333.041,45 zł i kierunku wykorzystania planowanej nadwyżki bilansowej lub sposobu pokrycia straty za rok 2009” głosowano w sposób następujący:</xText>
          <xText>za uchwałą oddano 26 głosów</xText>
          <xText>przeciw uchwale oddano 16 głosów.</xText>
          <xText>Za uchwałą nr <xAnon>(...)</xAnon> w sprawie „upoważnienia Zarządu Spółdzielni do zbywania nieruchomości lokalowych zajmowanych przez osoby, które utraciły tytuł prawny do zajmowanego lokalu wskutek wykreślenia z rejestru członków z powodu zaległości w uiszczaniu opłat za korzystanie z lokalu” głosowano w sposób następujący:</xText>
          <xText>za uchwałą oddano 16 głosów</xText>
          <xText>przeciw uchwale oddano 19 głosów.</xText>
          <xText>Za uchwałą nr <xAnon>(...)</xAnon> w sprawie „zbycia prawa do nieruchomości niezabudowanej <xAnon>działki nr (...)</xAnon> w obrębie 11 miasta <xAnon>S.</xAnon> przy <xAnon>ul. (...)</xAnon> w <xAnon>S.</xAnon>” głosowano w sposób następujący:</xText>
          <xText>za uchwałą oddano 21 głosów</xText>
          <xText>przeciw uchwale oddano 15 głosów.</xText>
          <xText>Zgodnie z uzasadnieniem uchwały celem jej jest umożliwienie przez Zarząd sprzedaż zadłużonych mieszkań, na które spółdzielnia posiada prawomocne sądowe tytuły wykonawcze orzekające eksmisję.</xText>
          <xText>Za uchwałą nr <xAnon>(...)</xAnon> w sprawie „Nieodpłatnego przeniesienia na rzecz Gminy Miejskiej <xAnon>S.</xAnon><xAnon>działki nr (...)</xAnon> w obrębie 10 miasta <xAnon>S.</xAnon> przy <xAnon>ul. (...)</xAnon>.” głosowano w sposób następujący:</xText>
          <xText>za uchwałą oddano 26 głosów</xText>
          <xText>przeciw uchwale oddano 14 głosów.</xText>
          <xText>Za uchwałą nr <xAnon>(...)</xAnon> w sprawie „Zrzeczenia się prawa użytkowania wieczystego <xAnon>działek nr (...)</xAnon> w obrębie 10 miasta <xAnon>S.</xAnon> przy <xAnon>ul. (...)</xAnon>” głosowano w sposób następujący:</xText>
          <xText>za uchwałą oddano 26 głosów</xText>
          <xText>przeciw uchwale oddano 14 głosów.</xText>
          <xText>Za uchwałą nr <xAnon>(...)</xAnon> w sprawie „udzielenia absolutorium członkom Zarządu Spółdzielni za 2008 r.”</xText>
          <xText>Prezes <xAnon>T. M. (2)</xAnon></xText>
          <xText>(za okres 01.01.- 26.06.2008 r.)</xText>
          <xText>za udzieleniem absolutorium oddano 23 głosów</xText>
          <xText>przeciw udzieleniu absolutorium oddano 15 głosów.</xText>
          <xText>Z-ca Prezesa <xAnon>B. D.</xAnon></xText>
          <xText>(za okres 01.01. - 26.06.2008 r.)</xText>
          <xText>za udzieleniem absolutorium oddano 23 głosów</xText>
          <xText>przeciw udzieleniu absolutorium oddano 15 głosów.</xText>
          <xText>Z-ca Prezesa <xAnon>I. B.</xAnon></xText>
          <xText>(za okres 01.01. – 31.12.2008 r.)</xText>
          <xText>za udzieleniem absolutorium oddano 23 głosów</xText>
          <xText>przeciw udzieleniu absolutorium oddano 15 głosów.</xText>
          <xText>Prezes <xAnon>T. P.</xAnon></xText>
          <xText>(za okres 27.06. – 31.12.2008 r.)</xText>
          <xText>za udzieleniem absolutorium oddano 24 głosów</xText>
          <xText>przeciw udzieleniu absolutorium oddano 14 głosów.</xText>
          <xText>Z-ca Prezesa <xAnon>W. B.</xAnon></xText>
          <xText>(za okres 27.06. – 31.12.2008 r.)</xText>
          <xText>za udzieleniem absolutorium oddano 23 głosów</xText>
          <xText>przeciw udzieleniu absolutorium oddano 15 głosów.</xText>
          <xText><xBx>dowód:</xBx> uchwały od nr 1 do 9 poddane pod głosowanie na części Walnego</xText>
          <xText>Zgromadzenia, które odbyło się 20.06.2009 r. (godz. 17.00) –</xText>
          <xText>k. 125-138 akt.</xText>
          <xText>Walne Zgromadzenia Członków SM <xAnon> (...)</xAnon> w <xAnon>S.</xAnon>, które odbyło się w 8 częściach w dniach 16.06.2009r., 18.06.2009 r., 20.06.2009 r. (3 części) i 28.06.2009 r. (trzy części) podjęto 9 wyżej wymienionych uchwał</xText>
          <xText><xBx>dowód:</xBx> obwieszczenie Zarządu SM <xAnon> (...)</xAnon> w sprawie ustalenia, które uchwały Walnego Zgromadzenia zostały podjęte – k. 181 akt.</xText>
          
          <xText>
            <xBx>
              <xUx>Sąd zważył</xUx>
            </xBx>
          </xText>
          
          <xText>Powództwo należało oddalić tak w stosunku do pozwanej spółdzielni z powodu jego bezzasadności, jak i w stosunku do pozostałych pozwanych – za wyjątkiem pozwanego <xAnon>T. M. (2)</xAnon> wobec którego sąd umorzył postępowanie – z uwagi na brak legitymacji biernej.</xText>
          <xText>Jako główną podstawę żądania zgłoszonego przeciwko pozwanej spółdzielni powódka wskazała brak posiadania przez <xAnon> Spółdzielnię Mieszkaniową (...)</xAnon> w <xAnon>S.</xAnon> organów uprawniających do działania w imieniu Spółdzielni i reprezentowania Spółdzielni.</xText>
          <xText>W ocenie sądu to twierdzenie powódki jest całkowicie dowolne.</xText>
          <xText>Pozwana Spółdzielnia przedłożyła do akt sprawy dokument w postaci odpisu z Krajowego Rejestru Sądowego Numer KRS-u <xAnon> (...)</xAnon>, z którego jednoznacznie wynika, iż pozwana spółdzielnia posiada zarówno organ uprawniony do reprezentacji w postaci Zarządu jak również organ uprawniony do nadzoru tj. Radę Nadzorczą.</xText>
          <xText>Zgodnie z art. 17 ust. 1 ustawy z 1997 r. o Krajowym Rejestrze Sądowym domniemywa się, że dane wpisane do rejestru są prawdziwe. Ustanowione w tym przepisie domniemanie jest domniemaniem prawnym w rozumieniu <xLexLink xArt="art. 234" xIsapId="WDU19640430296" xTitle="Ustawa z dnia 17 listopada 1964 r. - Kodeks postępowania cywilnego" xAddress="Dz. U. z 1964 r. Nr 43, poz. 296">art. 234 k.p.c.</xLexLink>, wiąże ono zatem sąd w postępowaniu cywilnym, z tym, że może być obalone.</xText>
          <xText>Należy jednak wskazać, że powódka nie obaliła w toku niniejszego postępowania, domniemania że dane wpisane do rejestru, nie są zgodne ze stanem rzeczywistym. Powódka powołała się jedynie na toczące się przed Sądem Rejonowym w Słupsku postępowania w sprawie wyznaczenia kuratora, dla pozwanej Spółdzielni, twierdząc iż od 1991 roku pozwana spółdzielnia nie posiada legalnych organów tj. Zarządu i Rady Nadzorczej. Powódka nie przedstawiła jednak na tą okoliczność żadnych dowodów, z których wynikałoby, że taki kurator dla spółdzielni został wyznaczony. Fakt, iż takie postępowanie zostało wszczęte i toczy się nie oznacza, iż żądanie ustanowienia kuratora dla spółdzielni zostanie uwzględnione. Postępowanie to nie ma więc wpływu na tok niniejszego postępowanie, w sytuacji kiedy strona pozwana przedstawiła dowód w postaci aktualnego odpisu z Krajowego Rejestru Sądowego, z którego wynika, iż pozwana spółdzielnia posiada organy w postaci Zarządu i Rady Nadzorczej.</xText>
          <xText>Ponadto, w przypadku gdyby sąd stwierdził, że w składzie organów pozwanej Spółdzielni zachodzą braki uniemożliwiającej jej działanie, to byłaby to okoliczność, na podstawie której, sąd mając na uwadze <xLexLink xArt="art. 174;art. 174 § 1;art. 174 § 1 pkt. 2" xIsapId="WDU19640430296" xTitle="Ustawa z dnia 17 listopada 1964 r. - Kodeks postępowania cywilnego" xAddress="Dz. U. z 1964 r. Nr 43, poz. 296">art. 174 § 1 pkt. 2 kpc</xLexLink>, zawiesiłby postępowanie w sprawie. Wobec uznania przez sąd, że w pozwanej spółdzielni działają legalne organy w postaci Zarządu i Rady Nadzorczej, brak jest podstaw do stwierdzenia iż wszystkie zaskarżone uchwały podjęte przez Walne Zgromadzenie Członków SM ”Kolejarz” w <xAnon>S.</xAnon>, które odbyło się w 8 częściach w czerwcu 2009 r., są z mocy prawa nieważne, gdyż zostały podjęte przez Walne Zgromadzenie zwołane przez nielegalnie działające organy spółdzielni.</xText>
          <xText>Brak jest również podstaw do uznania, iż zaskarżone uchwały zostały podjęte z naruszeniem przepisu <xLexLink xArt="art. 42;art. 42 § 2;art. 42 § 3" xIsapId="WDU19820300210" xTitle="Ustawa z dnia 16 września 1982 r. - Prawo spółdzielcze" xAddress="Dz. U. z 1982 r. Nr 30, poz. 210">art. 42 § 2 i § 3 ustawy prawo spółdzielcze</xLexLink>.</xText>
          <xText>Zgodnie z art. 42 § 2 w/w ustawy, uchwała sprzeczna z prawem jest nieważna, a w myśl art. 42 § 3 uchwała sprzeczna z postanowieniami statutu bądź dobrymi obyczajami lub godząca w interesy spółdzielni albo mająca na celu pokrzywdzenie jej członka może być zaskarżona do Sądu.</xText>
          <xText>Analiza przez Sąd przebiegu części Walnego Zgromadzenia, które odbyło się 20.06.2009r. (godz. 17) a udział, w którym brała powódka jako członek Spółdzielni, wskazuje że zostało ono przeprowadzone zgodnie z prawem. Również podjęte na tym zgromadzeniu uchwały zostały podjęte w ramach obowiązującego porządku prawnego. Były objęte porządkiem obrad, zostały odczytane i poddane pod głosowanie. Treść podjętych uchwał nie narusza przepisów prawa tj. <xLexLink xArt="" xIsapId="WDU19640160093" xTitle="Ustawa z dnia 23 kwietnia 1964 r. - Kodeks cywilny" xAddress="Dz. U. z 1964 r. Nr 16, poz. 93">kodeksu cywilnego</xLexLink>, <xLexLink xArt="" xIsapId="WDU19940850388" xTitle="Ustawa z dnia 24 czerwca 1994 r. o własności lokali" xAddress="Dz. U. z 1994 r. Nr 85, poz. 388">ustawy o własności lokali</xLexLink><xLexLink xArt="" xIsapId="WDU19820300210" xTitle="Ustawa z dnia 16 września 1982 r. - Prawo spółdzielcze" xAddress="Dz. U. z 1982 r. Nr 30, poz. 210">prawa spółdzielczego</xLexLink>. Powódka jedynie w sposób bardzo ogólny twierdziła, że uchwały te naruszają porządek prawny i dobre obyczaje, godzą w interes spółdzielni jak również mają na celu pokrzywdzenie jej członków. Należy podkreślić, iż strona zgłaszająca konkretne zarzuty winna je również udowodnić, w przeciwnym wypadku pozostają one jedynie gołosłownym twierdzeniem strony. Tak też było w tym przypadku.</xText>
          <xText>Powódka na okoliczność wykazania, że zaskarżone uchwały zostały podjęte w naruszeniem <xLexLink xArt="art. 42" xIsapId="WDU19820300210" xTitle="Ustawa z dnia 16 września 1982 r. - Prawo spółdzielcze" xAddress="Dz. U. z 1982 r. Nr 30, poz. 210">art. 42 ustawy prawo spółdzielcze</xLexLink> powołała się na dokumentację spółdzielni. Tak szeroko sformułowany wniosek dowodowy nie mógł być przez sąd uwzględniony, gdyż w praktyce jest niemożliwy do przeprowadzenia.</xText>
          <xText>Z tych też względów, Sąd oddalił powództwo w stosunku do pozwanej Spółdzielni.</xText>
          
          <xText>Sąd oddalił również powództwo w stosunku do <xAnon>T. P.</xAnon>, <xAnon>I.</xAnon><xAnon>B.</xAnon>, <xAnon>W. B.</xAnon> (członkowie Zarządu pozwanej Spółdzielni), <xAnon>B. D.</xAnon>, <xAnon>B. B. (2)</xAnon> (<xAnon>G.</xAnon> księgowa), <xAnon>K. E.</xAnon> i <xAnon>B. S.</xAnon> ( radcy prawni pozwanej spółdzielni), <xAnon>J. R. (2)</xAnon>, <xAnon>L. L. (2)</xAnon>, <xAnon>T. M. (1)</xAnon>, <xAnon>J. M.</xAnon> i <xAnon>W. G.</xAnon> z powodu braku ich legitymacji biernej.</xText>
          <xText>Powództwo w niniejszej sprawie dotyczy uchylenia uchwał podjętych przez najwyższy organ pozwanej <xAnon>S.</xAnon>- Walne Zgromadzenie. Powódka przedstawiła w pozwie zarzuty odnośnie działania pozwanych przez nią osób fizycznych, wykonywanych przez nich na rzecz spółdzielni czy to jako członkowie zarządu, pozostali pracownicy, czy też jako członkowie Rady Nadzorczej. Osoby te nie odpowiadają osobiście za uchwały podjęte przez Walne Zgromadzenie. W takim przypadku uchwały podlegają zaskarżeniu jedynie przeciwko <xAnon> Spółdzielni Mieszkaniowej (...)</xAnon> w <xAnon>S.</xAnon> jako osobie prawnej, która ponosi odpowiedzialność z tego tytułu.</xText>
          <xText>Z tego też względu sąd nie badał i nie oceniał działalności tych osób w ramach wykonywanych przez nich czynności na rzecz pozwanej spółdzielni, lecz powództwo oddalił z uwagi na brak legitymacji biernej do występowania w niniejszej sprawie, po stronie pozwanej.</xText>
          <xText>Sąd oddalił wniosek powódki o zawieszenie postępowania na podstawie <xLexLink xArt="art. 177;art. 177 § 1;art. 177 § 1 pkt. 1" xIsapId="WDU19640430296" xTitle="Ustawa z dnia 17 listopada 1964 r. - Kodeks postępowania cywilnego" xAddress="Dz. U. z 1964 r. Nr 43, poz. 296">art. 177 § 1 pkt 1 kpc</xLexLink> zgłoszony w piśmie procesowym z dnia 13.05.2013 r., do czasu prawomocnego zakończenia toczących się postępowań przed Sądem Rejonowym w Elblągu <xAnon>(...)</xAnon> i Sądem Rejonowym w Słupsku <xAnon>(...)</xAnon>. W ocenie Sądu, z powodów które sąd przedstawił w pierwszej części rozważań, wbrew twierdzeniom powódki, wynik obu tych postępowań sądowych nie mają wpływu na rozstrzygnięcie powyższej sprawy.</xText>
          <xText>O kosztach procesu sąd orzekł na podstawie <xLexLink xArt="art. 98" xIsapId="WDU19640430296" xTitle="Ustawa z dnia 17 listopada 1964 r. - Kodeks postępowania cywilnego" xAddress="Dz. U. z 1964 r. Nr 43, poz. 296">art. 98 k.p.c.</xLexLink></xText>
          
          <xText>Na oryginale właściwy podpis.</xText>
        </xUnit>
      </xBlock>
    </xPart>
  </judgement>
<judgement id="151015000004527_IX_GC_000100_2013_Uz_2013-05-29_001">
    <xPart xEditorFullName="Jolanta Jakubek" xYear="2013" xLang="PL" xPublisherFullName="Jolanta Jakubek" xFromPg="1" xEditor="jjakubek" xVolType="15/101500/0004527/GC" xPublisher="jjakubek" xDocType="Uz" xVolNmbr="000100" xVersion="1.0" xToPage="11" xFlag="published">
      <xName>Wyrok+Uzasadnienie:</xName>
      <xBlock>
        <xText>Sygn. akt IX GC 100/13</xText>
        <xUnit xIsTitle="true" xType="part" xBold="true">
          <xName>WYROK</xName>
          <xTitle>W IMIENIU RZECZYPOSPOLITEJ POLSKIEJ</xTitle>
          <xText xALIGNx="right">Dnia 14 maja 2013 roku</xText>
          <xText>Sąd Okręgowy Gdańsku IX Wydział Gospodarczy</xText>
          <xText>w składzie następującym:</xText>
          <xText>Przewodniczący: SSO Mariusz Wicki</xText>
          <xText>Protokolant: Wioleta Morawska</xText>
          <xText>po rozpoznaniu w dniu 06 maja 2013 roku</xText>
          <xText>w Gdańsku</xText>
          <xText>na rozprawie</xText>
          <xText>sprawy z powództwa <xIx><xAnon> (...) spółki z ograniczoną odpowiedzialnością</xAnon> w <xAnon>G.</xAnon></xIx></xText>
          <xText>przeciwko <xIx><xAnon>M. F. (1)</xAnon> i <xAnon>M. F. (2)</xAnon></xIx></xText>
          <xText>o zapłatę</xText>
          <xText>I. uchyla w całości nakaz zapłaty wydany w postępowaniu nakazowym przez Sąd Okręgowy w Gdańsku w dniu 17 sierpnia 2009 r. w sprawie o sygnaturze I Nc 306/09,</xText>
          <xText>II. oddala powództwo,</xText>
          <xText>III. zasądza od powoda <xIx><xAnon> (...) spółki z ograniczoną odpowiedzialnością</xAnon> w <xAnon>G.</xAnon></xIx> na rzecz radcy prawnego <xIx><xAnon>E. T.</xAnon></xIx>kwotę 3 600 zł. (słownie: trzy tysiące sześćset złotych) tytułem kosztów pomocy prawnej udzielonej pozwanym przez radcę prawnego ustanowionego z urzędu za postępowanie przed Sądem I instancji oraz kwotę 2.700 zł (słownie: dwa tysiące siedemset złotych) tytułem kosztów postępowania w postępowaniu apelacyjnym od wyroku z dnia 15 czerwca 2012r. w niniejszej sprawie, podwyższone o stawkę podatku od towarów i usług przewidzianą dla tego rodzaju czynności w przepisach o podatku od towarów i usług, obowiązującą w dniu wydania niniejszego wyroku.</xText>
          
          <xText>Sygn. akt IX GC 100/13</xText>
        </xUnit>
        <xUnit xIsTitle="true" xType="part" xBold="true">
          <xName>UZASADNIENIE:</xName>
          <xText>Powód <xAnon> - (...) spółka z ograniczoną odpowiedzialnością</xAnon> w <xAnon>G.</xAnon> - wniósł przeciwko <xAnon>M. F. (1)</xAnon> oraz <xAnon>M. F. (2)</xAnon> pozew o zapłatę solidarnie kwoty 115.787,30 zł wraz z ustawowymi odsetkami od dnia 31 lipca 2009 r. do dnia zapłaty oraz kosztami postępowania.</xText>
          <xText>W uzasadnieniu powód podał, że w dniu 18 września 2008 r. zawarł z pozwanymi <xAnon>umowę leasingową nr (...)</xAnon>, na mocy której przekazał pozwanym w użytkowanie ciągnik siodłowy <xAnon>V. (...)</xAnon>, zaś pozwani zobowiązali się uiszcza umówione opłaty leasingu oraz inne opłaty wynikające z umowy. Powód podał, że pozwani odebrali ciągnik nie wnosząc żadnych zastrzeżeń i oświadczyli, że stan techniczny i prawny pojazdu jest im znany.</xText>
          <xText>Pozwani przy zawarciu umowy w celu zabezpieczenia ewentualnych roszczeń powoda wynikających z umowy wystawili weksel in blanco wraz z deklaracją wekslową, na mocy której powód został uprawniony do wypełnienia weksla w przypadku niezapłacenia przez pozwanych płatności wynikających z umowy. Na skutek powstania zaległości w płatnościach leasingowych oraz po pisemnym wezwaniu pozwanych do zapłaty należności powód wypowiedział umowę ze skutkiem natychmiastowym. Pismem z dnia 6 lipca 2009r. powód wezwał pozwanych do zapłaty rat leasingowych, których termin płatności przypadał po wypowiedzeniu umowy pomniejszonych o korzyści uzyskane wskutek ich wcześniejszej zapłaty i zakończenia umowy leasingu. Powód poinformował też o obowiązku uiszczenia rat wymagalnych przed dniem wypowiedzenia umowy oraz odsetek wyliczonych na dzień 21 kwietnia 2009 r. Z uwagi na nieuiszczenie tych należności powód wypełnił weksel in blanco na kwotę 115.787,30 zł równą zadłużeniu pozwanych z umowy leasingu.</xText>
          <xText>Pismami z dnia 20 lipca 2009 r. powód wezwał pozwanych do wykupu weksla oraz poinformował o możliwości zapoznania się z oryginałem. Pozwani nie wykupili weksla.</xText>
          <xText>Nakazem zapłaty w postępowaniu nakazowym z dnia 17 sierpnia 2009 r. wydanym w sprawie o sygn. akt I Nc 306/09 /k. 29/Sąd Okręgowy w Gdańsku orzekł zgodnie z żądaniem pozwu.</xText>
          <xText>Od powyższego nakazu zapłaty w ustawowym terminie pozwani wnieśli zarzuty, zaskarżając nakaz zapłaty w całości oraz wnosząc o oddalenie powództwa w całości.</xText>
          <xText>Pozwani wskazali, że weksel in blanco wraz z deklaracją wekslową został złożony do dyspozycji powoda jako jeden z warunków obowiązywania <xAnon>umowy leasingu nr (...)</xAnon> z dnia 18 września 2008 r. Umowa ta zgodnie z art. 3 OWU stałaby się skuteczna gdyby oprócz weksla z deklaracją został przez pozwanych uiszczony wkład gwarancyjny, czynsz wstępny i prowizja- do czego zdaniem pozwanych nie doszło. Z tego zatem powodu zdaniem pozwanych umowa była bezskuteczna. Ponadto pozwani przyznali, że podpisali umowę leasingu oraz, że w dniu 15 września 2008 r. po sprawdzeniu stanu technicznego i prawnego pojazdu, uiszczono zadatek w kwocie 9.400 zł P.T. na rzecz <xAnon>J. K.</xAnon>, prowadzącego działalność gospodarcza pod nazwą P.T. <xAnon>E.</xAnon>. W dniu odbioru pojazdu <xAnon>J. K.</xAnon> poinformował, że finansujący zamontował w pojeździe urządzenie zabezpieczające przed kradzieżą (immobilizer) z uwagi na fakt, że stanowiło to warunek zawarcia umowy autocasco. Urządzenie to, niezgodne z homologacją <xAnon>V.</xAnon> spowodowało w czasie dojazdu z miejsca odbioru do siedziby pozwanych awarię, która przedmiot umowy uczyniła bezużytecznym. O powyższym fakcie pozwani poinformowali powoda, jednakże ten nie zareagował.</xText>
          <xText>W związku z powyższym, zdaniem pozwanych, wypowiedzenie przez powoda bezskutecznej umowy, jak również wezwania do zapłaty są bezskuteczne a pozew zmierza do wyłudzenia kwoty 115.787,30 zł wraz z odsetkami oraz kosztami postępowania.</xText>
          <xText>Wyrokiem z dnia 15 czerwca 2012 roku w sprawie IX GC 388/09 Sąd Okręgowy w Gdańsku uchylił w całości nakaz zapłaty z dnia 17 sierpnia 2009 roku, oddalił powództwo i rozstrzygnął o kosztach procesu.</xText>
          <xText>Na skutek apelacji powoda od powyższego wyroku, Sąd Apelacyjny w Gdańsku wyrokiem z dnia 28 grudnia 2012r. w sprawie I ACa 727/12 uchylił zaskarżony wyrok i przekazał sprawę do ponownego rozpoznania Sądowi Okręgowemu w Gdańsku, pozostawiając temu Sądowi rozstrzygnięcie o kosztach postępowania za instancję odwoławczą.</xText>
          <xText>Sąd Apelacyjny wskazał, iż, wbrew ustaleniom Sądu Okręgowego, zebrany w toku postępowania materiał dowodowy nie stanowił wystarczającej podstawy do oceny, że nie doszło do skutecznego zawarcia umowy leasingu i w rezultacie trafny jest zarzut naruszenia prawa materialnego przez błędną wykładnię przepisu <xLexLink xArt="art. 709(1)" xIsapId="WDU19640160093" xTitle="Ustawa z dnia 23 kwietnia 1964 r. - Kodeks cywilny" xAddress="Dz. U. z 1964 r. Nr 16, poz. 93">art. 709(1) k.c.</xLexLink> Wskazał też, iż na uwzględnienie zasługiwał zarzut naruszenia prawa materialnego przez niewłaściwe zastosowanie przepisu <xLexLink xArt="art. 10" xIsapId="WDU19360370282" xTitle="Ustawa z dnia 28 kwietnia 1936 r. - Prawo wekslowe" xAddress="Dz. U. z 1936 r. Nr 37, poz. 282">art. 10 ustawy prawo wekslowe</xLexLink> wskutek uznania, że weksel in blanco został wypełniony niezgodnie z deklaracją wekslową. Sąd Apelacyjny wskazał, że zebrane dowody nie pozwalały na uznanie, iż zawarta między stronami umowa leasingu była bezskuteczna lub wręcz nie została zawarta.</xText>
          <xText>Sąd Apelacyjny wskazał, iż Sąd I instancji podzielając zarzuty pozwanych o bezskuteczności zawartej umowy leasingowej, nie ustosunkował się do pozostałych argumentów podniesionych w zarzutach od nakazu zapłaty, potwierdzonych częściowo zeznaniami świadków a dotyczących wad powstałych wskutek okoliczności, za które finansujący ponosi odpowiedzialność ( <xLexLink xArt="art. 709(8)" xIsapId="WDU19640160093" xTitle="Ustawa z dnia 23 kwietnia 1964 r. - Kodeks cywilny" xAddress="Dz. U. z 1964 r. Nr 16, poz. 93">art. 709<xSUPx>8 </xSUPx>k.c.</xLexLink>), wezwania finansującego do usunięcia takiej wady i możliwości odstąpienia przez korzystającego od umowy wobec braku reakcji finansującego na wezwanie korzystającego do usunięcia wady. W tym zakresie Sąd Okręgowy nie rozpoznał istoty sprawy ponieważ nie ustosunkował się do pozostałych merytorycznych zarzutów pozwanych bezpodstawnie przyjmując, że istnieje przesłanka materialno-prawna unicestwiająca roszczenie.</xText>
          <xText>W wytycznych, Sąd Apelacyjny polecił Sądowi Okręgowemu, przy ponownym rozpoznaniu sprawy, rozważenie i ocenienie pozostałych (oprócz bezskuteczności umowy), merytorycznych zarzutów pozwanych dotyczących wady przedmiotu umowy uniemożliwiającej korzystanie z tej rzeczy zgodnie z przeznaczeniem, braku reakcji finansującego na wezwanie korzystającego do usunięcia wady i możliwości odstąpienia przez pozwanych od umowy leasingu z powodu wady za którą finansujący ponosi odpowiedzialność.</xText>
          
          <xText xALIGNx="center">
            <xBx>Ponownie rozpoznając sprawę Sąd Okręgowy ustalił następujący stan faktyczny:</xBx>
          </xText>
          <xText><xBRx/> W dniu 18 września 2008 r. <xAnon> (...) spółka z ograniczoną odpowiedzialnością</xAnon> i w <xAnon>G.</xAnon> zawarł z <xAnon>M. F. (1)</xAnon> oraz <xAnon>M. F. (2)</xAnon> umowę leasingu ciągnika siodłowego <xAnon>V. (...)</xAnon>. Czas trwania umowy oznaczono na 18 września 2008 r. do dnia 31 października 2011 r. Opłaty leasingowe strony uzgodniły w następującej wysokości:</xText>
          <xText>- czynsz wstępny w kwocie 9.028 zł,</xText>
          <xText>- wkład gwarancyjny w kwocie 9.028 zł,</xText>
          <xText>- opłata manipulacyjna w kwocie 3000 zł, (płatne w terminie 15 dni) opłaty leasingowe płatne miesięcznie jak w załączniku nr 3 umowy.</xText>
          <xText>Strony zgodziły się, że element umowy stanowią Ogólne Warunki Umowy Leasingu powoda. W załączniku nr 3 określono harmonogram wnoszenia opłat leasingowych przez pozwanych. W § 3 Ogólnych Warunków Umowy Leasingu w <xAnon> (...) sp. z o.o.</xAnon> wskazano, że umowa staje się skuteczna pod warunkiem zapłaty przez korzystającego wkładu gwarancyjnego, czynszu wstępnego i prowizji oraz złożenia do dyspozycji Finansującego weksla in blanco wraz z deklaracją wekslową. W § 4 strony ustaliły, że Finansujący może odroczyć termin spełnienia jednego lub więcej z wyżej wymienionych warunków. Umowa stałaby się wówczas skuteczna pod warunkiem spełnienia pozostałych. W § 5 pkt. 1 OWU ustalono, że przekazanie przedmiotu leasingu nastąpi na podstawie aktu wydania, w terminie 21 dni od daty spełnienia przez Korzystającego warunków, zgodnie z treścią § 3 i 4.</xText>
          <xText>
            <xIx>(dowód: - <xAnon>umowa leasingu nr (...)</xAnon> z dnia 18.09.2008 r. wraz z załącznikiem nr 3 k. 16-17,</xIx>
          </xText>
          <xText>
            <xIx>-OWU do umowy Leasingu k. 18)</xIx>
          </xText>
          <xText>Pozwani wypełnili i złożyli powodowi weksel <xIx>in blanco</xIx> wraz z deklaracją wekslową upoważniającą posiadacza weksla do jego wypełnienia na sumę odpowiadającą zobowiązaniu wynikającemu z <xAnon>umowy leasingu nr (...)</xAnon> z dnia 18.09.2008 r. łącznie z odsetkami i innymi należnościami związanymi z umową oraz wpisania daty i miejsca płatności według uznania.</xText>
          <xText>
            <xIx>(dowód: - weksel k. 22,</xIx>
          </xText>
          <xText>
            <xIx>- deklaracja wekslowa k. 19)</xIx>
          </xText>
          <xText>W dniu 15 września 2008 r. pozwani dokonali na rzecz powoda wpłaty kwoty 9.400 zł tytułem zadatku wstępnego na przedmiot leasingu. W dniu 24 września 2008 r. dokonali na rzecz powoda kolejnej wpłaty z tytułu w/w umowy leasingu w kwocie 8.656 zł.</xText>
          <xText>
            <xIx>(dowód: - dowód wpłaty kwoty 9.400 zł –k. 59</xIx>
          </xText>
          <xText>
            <xIx> -dowód wpłaty kwoty 8656 zł. k. 38)</xIx>
          </xText>
          <xText>Powód w dniu 29 września 2008 r. wystawił pozwanym <xAnon>fakturę VAT nr (...)</xAnon> opiewającą na kwotę 9.028 zł z tytułu czynszu wstępnego wg <xAnon>umowy nr (...)</xAnon> oraz kwotę 3000 zł tytułem prowizji wg <xAnon>umowy (...)</xAnon>. Z treści faktury wynika, że w dniu jej wystawienia t.j. 29 września 2008 roku do zapłaty z tytułu opłat leasingowych pozostała kwota 3000 zł, która powinna zostać zapłacona do dnia 13 października 2008 roku.</xText>
          <xText>
            <xIx>(dowód: <xAnon>faktura VAT nr (...)</xAnon> z dnia 29.09.2008 r. k. 39)</xIx>
          </xText>
          <xText>W dniu 01 października 2008 r. <xAnon> (...) sp. z o.o.</xAnon> w <xAnon>G.</xAnon> przekazał pozwanym przedmiot leasingu. Pozwani pokwitowali odbiór przedmiotu leasingu oraz oświadczyli, że stan techniczny i prawny przedmiotu leasingu jest im znany i nie wnoszą żadnych zastrzeżeń.</xText>
          <xText>
            <xIx>(dowód: akt wydania przedmiotu leasingu nr <xAnon> (...)</xAnon> k. 20)</xIx>
          </xText>
          <xText>W tym samym dniu <xAnon>J. K.</xAnon>poinformował pozwanych, że powód zamontował w pojeździe elektroniczne urządzenie zabezpieczające przed kradzieżą typu „immobilizer". Po przekazaniu pojazdu w drodze do siedziby przedsiębiorstwa pozwanych okazało się, że pojazd jest niesprawny technicznie. Po kilku kilometrach pojazd zatrzymywał się na skutek blokowania pracy silnika. Przyczyną awarii był nieprawidłowy montaż urządzenia zabezpieczającego, nie homologowanego przez producenta pojazdu - koncern samochodowy <xAnon>V.</xAnon>. Urządzenie to zostało zamontowane na zlecenie powoda przez podmiot wskazany przez powoda bez wiedzy pozwanych i już po dokonaniu przez nich oględzin pojazdu. Powodowało to cykliczne unieruchamianie pojazdu a w konsekwencji spowodowało uszkodzenie komputera sterującego pracą pojazdu. O powyższym pozwani informowali zarówno <xAnon>J. K.</xAnon> jak i <xAnon>T. S.</xAnon>.</xText>
          <xText>
            <xIx>
    (dowód: - zeznania świadka <xAnon>J. J.</xAnon> k. 299-300, -zeznania świadka <xAnon>M. S.</xAnon> k. 300, -zeznania świadka <xAnon>J. K.</xAnon> k. 334-335)</xIx>
          </xText>
          <xText>W dniu 24 października 2008 r. pozwani poinformowali powoda, że w związku z brakiem reakcji na zgłoszenie u <xAnon>T. S.</xAnon> wady ukrytej przedmiotu leasingu czyniącym go bezużytecznym, zgodnie z <xLexLink xArt="art. 709(8)" xIsapId="WDU19640160093" xTitle="Ustawa z dnia 23 kwietnia 1964 r. - Kodeks cywilny" xAddress="Dz. U. z 1964 r. Nr 16, poz. 93">art. 709<xSUPx>8</xSUPx> k.c.</xLexLink> powód ponosi za to odpowiedzialność. Jednocześnie wezwali powoda do usunięcia usterki na własny koszt do dnia 15 grudnia 2008 r. pod rygorem odstąpienia od umowy. Pozwani zwrócili się też z prośbą o odroczenie terminu płatności prowizji wynikającej z§ 4 OWU do czasu skutecznej naprawy pojazdu, umożliwiającej eksploatację oraz o zmianę terminów opłat leasingowych.</xText>
          <xText>
            <xIx>(dowód: - pismo pozwanych z dnia 24.10.2008 r. k. 40-41)</xIx>
          </xText>
          <xText>Wezwaniem do zapłaty z dnia 9 grudnia 2008 r. powód wezwał pozwanych do dobrowolnego dokonania zapłaty należności w wysokości 9.710 zł z tytułu rat leasingowych wraz z należnymi odsetkami umownymi.</xText>
          <xText>
            <xIx>(dowód: - wezwanie do zapłaty z dnia 09.12.2008 r. wraz z dowodem nadania k. 21-22)</xIx>
          </xText>
          <xText>Pismem z dnia 17 grudnia 2008 r. pozwani złożyli powodowi oświadczenie o odstąpieniu od <xAnon>umowy leasingowej nr (...)</xAnon> z dniem 20 grudnia 2008 r. Wskazali, że zgodnie z § 3 i 4 OWU umowa jest bezskuteczna. Wezwali powoda do zwrotu dotychczas wpłaconych kwot w wysokości 18.056 zł w terminie 3 dni z wzajemnym zwrotem przedmiotu umowy. Pismo to zostało przez pozwanych wysłane w dniu 08 stycznia 2009r..</xText>
          <xText>
            <xIx>(dowód: - pismo pozwanych w przedmiocie odstawienia od umowy z dnia 17.12.2008 r. wraz z kopią koperty -k. 125-127 oraz 139- 140)</xIx>
          </xText>
          <xText>Pismem z dnia 18 grudnia 2008 r., doręczonym w dniu 23 grudnia 2008r., powód skierował do pozwanych wypowiedzenie <xAnon>umowy leasingu nr (...)</xAnon> ze skutkiem od dnia 22 grudnia 2008 r. Jednocześnie na podstawie § 24 OWU powód wezwał pozwanych do zwrotu przedmiotu leasingu w terminie trzech dni od dnia wypowiedzenia oraz zapłaty zadłużenia w wysokości 9.710 zł.</xText>
          <xText>
            <xIx>(dowód: - wypowiedzenie umowy leasingu z dnia 18.12.2008 r. wraz z dowodem nadania i informacją o doręczeniu, k. 23-24 oraz 136 -138)</xIx>
          </xText>
          <xText>Pismem z dnia 6 lipca 2009 r. powód na podstawie <xLexLink xArt="art. 709(15)" xIsapId="WDU19640160093" xTitle="Ustawa z dnia 23 kwietnia 1964 r. - Kodeks cywilny" xAddress="Dz. U. z 1964 r. Nr 16, poz. 93">art. 709<xSUPx>15</xSUPx> k.c.</xLexLink> oraz § 25 OWU wezwał pozwanych do zapłaty w terminie 7 dni wszystkich przewidzianych w <xAnon>umowie nr (...)</xAnon> a nie zapłaconych rat leasingowych pomniejszonych o korzyści uzyskane przez powoda na skutek ich wcześniejszej zapłaty i zakończenia umowy leasingu tj. kwoty 114.752 zł. Na kwotę te składały się :</xText>
          <xText>- 9.710 zł z tytułu opłat leasingowych wymagalnych przed wypowiedzeniem umowy,</xText>
          <xText>- 114.070 zł z tytułu pozostałych opłat leasingowych pomniejszone o wpłacony<xBRx/>wkład gwarancyjny w kwocie 9.028 zł. Jednocześnie powód poinformował pozwanych, że są oni zobowiązani do zapłaty odsetek umownych od należności nieuregulowanych, których suma na dzień 21.04.2009 r. wynosi 1.035,30 zł..</xText>
          <xText>
            <xIx>(dowód: - wezwanie do zapłaty z dnia 06.07.2009 r. wraz z dowodem nadania k. 25-26)</xIx>
          </xText>
          <xText>Powód wypełnił weksel <xIx>in blanco</xIx> a następnie pismem z dnia 20 lipca 2009 r. poinformował pozwanych o wypełnieniu zgodnie z deklaracją wekslową weksla <xIx>in blanco</xIx> na kwotę 115.787,30 zł tj. 10.745,30 zł z tytułu opłat leasingowych wymagalnych przed wypowiedzeniem umowy wraz z odsetkami umownymi na dzień 21.04.2009 oraz kwoty 105.042 zł z tytułu pozostałych opłat leasingowych. Powód wezwał pozwanych do wykupu weksla w terminie 7 dni pod rygorem skierowania sprawy do postępowania sądowego. Powód poinformował też, że weksel został przedstawiony do zapłaty w kancelarii pełnomocnika. <xIx>(dowód: - weksel k. 22, pismo powoda z dnia 20 lipca 2009 r. wraz z dowodem nadania k. 27-29)</xIx></xText>
          <xText>Pozwani nie wykupili weksla. (okoliczność bezsporna).</xText>
          
          <xText xALIGNx="center">
            <xBx>Ponownie rozpoznając sprawę, Sąd Okręgowy zważył co następuje:</xBx>
          </xText>
          <xText>Powyższy stan faktyczny Sąd ustalił w oparciu o przedłożone przez strony do akt sprawy dokumenty, a także zeznania w/w świadków.</xText>
          <xText>Sąd uznał dokumenty przedłożone przez strony za dowody w pełni wartościowe, nie znalazł bowiem podstaw do podważenia ich wiarygodności. Dowody te nie budziły wątpliwości co wiarygodności w związku z czym Sąd uznał je za w pełni wiarygodne źródła ustaleń faktycznych. Dokumenty te nie były nadto kwestionowane przez strony w toku postępowania.</xText>
          <xText>Sąd dał wiarę zeznaniom świadków <xAnon>J. J.</xAnon>, <xAnon>J. K.</xAnon> oraz <xAnon>M. S.</xAnon>. Zeznania wymienionych powyżej świadków są szczegółowe, spójne i logiczne. Nadto korespondują z dowodami z dokumentów.</xText>
          <xText>Bezopornym w niniejszej prawie między stronami był fakt zawarcia w dniu 18 września 2008 r. umowy leasingu ciągnika siodłowego <xAnon>V. (...)</xAnon>, treść umowy jak również to, że do stosunku zobowiązaniowego miały zastosowanie Ogólne Warunki Umowne powoda. Bezsprzecznym również było, że strony ustaliły wysokość opłat leasingowych w wysokości:</xText>
          <xText>czynsz wstępny w kwocie 9.028 zł,</xText>
          <xText>wkład gwarancyjny w kwocie 9.028 zł,</xText>
          <xText>opłata manipulacyjna w kwocie 3000 zł</xText>
          <xText>jak również , że w par. 3 Ogólnych Warunków Umowy Leasingu w <xAnon> (...) sp. z o.o.</xAnon> wskazano, że umowa staje się skuteczna pod warunkiem zapłaty przez korzystającego wkładu gwarancyjnego, czynszu wstępnego i prowizji oraz złożenia do dyspozycji Finansującego weksla <xIx>in blanco</xIx> wraz z deklaracją wekslową.</xText>
          <xText>Sąd Okręgowy ponownie rozpoznający sprawę, podziela ustalenia dokonane przez Sąd Apelacyjny w Gdańsku, iż umowa leasingu została skutecznie zawarta przez strony i uznaje je za własne. Sąd Okręgowy w szczególności podziela ustalenia, iż ze złożonych przez pozwanego jako załączniki do zarzutów od nakazu zapłaty kserokopii dowodów wpłat z tytułu zawartej umowy na kwoty 9400 zł i 8656 zł ( k-59) a także kserokopii <xAnon>faktury VAT nr (...)</xAnon> ( k-60) z której wynika, że w dniu jej wystawienia t.j. 29 września 2008 roku do zapłaty z tytułu opłat leasingowych pozostała kwota 3000 zł, która powinna zostać zapłacona do dnia 13 października 2008 roku. Suma kwot 9400 zł i 8656 zł wynosząca 18056 zł stanowi kwotę pozwalającą na przyjęcie, że pozwani uiścili czynsz wstępny (wymagany w kwocie 9028 zł) i wkład gwarancyjny ( w kwocie 9028 zł). Z dokumentów wynika również, że dwukrotnie nastąpiło odroczenie terminu spełnienia prowizji, t.j. najpierw w <xAnon>umowie leasingowej nr (...)</xAnon> zastrzeżono zapłatę kwoty 3000 zł w terminie 15 dni, a następnie w <xAnon>fakturze nr (...)</xAnon> gdzie wskazano, że pozostała do zapłaty kwota 3000 zł powinna być zapłacona do dnia 13 października 2008 roku.</xText>
          <xText>Zgodnie z uchwałą Sądu Najwyższego w składzie 7 sędziów (zasadą prawną) z dnia 7 stycznia 1967 r. w sprawie III CZP 19/66, (OSNC 1968/5/79, LEX 659) w postępowaniu nakazowym dopuszczalne jest -po przekazaniu sprawy do sądu na skutek zarzutów - powoływanie się na podstawę faktyczną i prawną wynikającą z łączącego strony stosunku prawnego, w związku z którym został wystawiony dokument uzasadniający wszczęcie postępowania nakazowego.</xText>
          <xText>Bezspornym było, że pozwani wypełnili i złożyli powodowi weksel <xIx>in blanco</xIx> a wraz z nim deklarację wekslową upoważniającą posiadacza weksla do jego wypełnienia na sumę odpowiadającą zobowiązaniu wynikającemu z <xAnon>umowy leasingu nr (...)</xAnon> z dnia 18.09.2008 r., łącznie z odsetkami i innymi należnościami związanymi z umową oraz wpisania daty i miejsca płatności według uznania. Zobowiązanie wekslowe ma charakter samodzielny i abstrakcyjny, a zatem niezależny od podstawy prawnej, która spowodowała jego zaciągnięcie. Fakt, że w sprawie wystawieniu weksla towarzyszyło porozumienie zawierające upoważnienie nabywcy do uzupełnienia weksla i określające warunki i sposób tego uzupełnienia powoduje, że uzupełnienie weksla <xIx>in blanco</xIx> niezgodnie z umową nie czyni go co prawda nieważnym jednakże w takim przypadku mając na uwadze treść przepisu <xLexLink xArt="art. 10" xIsapId="WDU19360370282" xTitle="Ustawa z dnia 28 kwietnia 1936 r. - Prawo wekslowe" xAddress="Dz. U. z 1936 r. Nr 37, poz. 282">art. 10 <xIx>prawa wekslowego</xIx></xLexLink> dłużnik może zasłaniać się zarzutem wobec posiadacza weksla, który był jego bezpośrednim kontrahentem, że weksel został wypełniony niezgodnie z zawartym porozumieniem (por. wyrok Sądu Najwyższego z dnia 19 grudnia 2007 roku, sygn. akt V CSK 335/07, LEX nr 371403). Zatem weksel nie może być uzupełniony, gdy nie zajdą określone w deklaracji okoliczności uzasadniające uzupełnienie weksla. W szczególności nie jest dopuszczalne uzupełnienie weksla, gdy zobowiązanie, które weksel zabezpieczał, było nieskuteczne np. nie powstało, umowa była nieważna, czy też strona od umowy skutecznie odstąpiła (por. wyrok SN z dnia 22 stycznia 2002 r., V CKN 643/00, LEX nr 53146). Jak wynika z deklaracji wekslowej upoważnienie posiadacza weksla do jego wypełnienia dotyczyło wyłącznie sumy zobowiązań wynikających z umowy.</xText>
          <xText>Ze zgromadzonego materiału dowodowego, w szczególności z zeznań świadków <xAnon>J. K.</xAnon>, <xAnon>J. J.</xAnon> i <xAnon>M. S.</xAnon> wynika, iż dostarczony przez pozwanego przedmiot leasingu - ciągnik siodłowy - posiadał wadę, która uniemożliwiała korzystanie z niego na warunkach objętych umową. Wada została spowodowana zamontowaniem na zlecenie powoda, bez wiedzy pozwanych i już po dokonaniu przez nich oględzin pojazdu immobilisera przez podmiot wskazany przez powoda. Powodowało to cykliczne unieruchamianie pojazdu a w konsekwencji spowodowało uszkodzenie komputera sterującego pracą pojazdu. Zamontowanie immobilisera, jak wynika z oświadczenia powoda, spowodowane było wymogami stawianymi przez ubezpieczyciela. W konsekwencji zastosowanie znalazł <xLexLink xArt="art. 709(17)" xIsapId="WDU19640160093" xTitle="Ustawa z dnia 23 kwietnia 1964 r. - Kodeks cywilny" xAddress="Dz. U. z 1964 r. Nr 16, poz. 93">art. 709<xSUPx>(
    17 )</xSUPx>k.c.</xLexLink> w zw. z <xLexLink xArt="art. 664;art. 664 § 2" xIsapId="WDU19640160093" xTitle="Ustawa z dnia 23 kwietnia 1964 r. - Kodeks cywilny" xAddress="Dz. U. z 1964 r. Nr 16, poz. 93">art. 664 § 2 k.c.</xLexLink> zgodnie z którym, jeżeli w chwili wydania korzystającemu rzecz miała wady, które uniemożliwiają przewidziane w umowie używanie rzeczy (co miało niewątpliwie miejsce w niniejszej sprawie) a finansujący mimo otrzymania zawiadomienia nie usunął ich w czasie odpowiednim, korzystający może wypowiedzieć umowę leasingu bez zachowania terminów wypowiedzenia.</xText>
          <xText>Niezasadne jest przy tym stanowisko powoda, iż wcześniej odstąpił on skutecznie od umowy leasingu pismem z dnia 28 grudnia 2008 roku z powodu niepłacenia przez pozwanych rat leasingowych. Jak wynika bowiem z dołączonego do zarzutów pisma pozwanych z dnia 24 października 2008r. /k. 61-62/, którego otrzymania powód nie kwestionował, już w tym piśmie pozwani wezwali powoda do usunięcia w/w usterki. Żądanie takie miało oparcie w treści <xLexLink xArt="art. 709(8);art. 709(8) § 1" xIsapId="WDU19640160093" xTitle="Ustawa z dnia 23 kwietnia 1964 r. - Kodeks cywilny" xAddress="Dz. U. z 1964 r. Nr 16, poz. 93">art. 709 <xSUPx>8 </xSUPx>§ 1 k.c.</xLexLink><xIx>a contrario</xIx>, bowiem za usterkę tą odpowiedzialność ponosi powód, skoro zamontowanie immobilisera odbyło się na jego zlecenie. W konsekwencji pozwani, zgodnie z treścią 709<xSUPx>17</xSUPx><xSUPx/><xLexLink xArt="" xIsapId="WDU19640160093" xTitle="Ustawa z dnia 23 kwietnia 1964 r. - Kodeks cywilny" xAddress="Dz. U. z 1964 r. Nr 16, poz. 93">k.c.</xLexLink> w zw. z <xLexLink xArt="art. 664;art. 664 § 2" xIsapId="WDU19640160093" xTitle="Ustawa z dnia 23 kwietnia 1964 r. - Kodeks cywilny" xAddress="Dz. U. z 1964 r. Nr 16, poz. 93">art. 664 § 2 k.c.</xLexLink>, mogli wezwać powoda do usunięcia tej wady w odpowiednim czasie – pod rygorem wypowiedzenia umowy leasingu bez zachowania terminu wypowiedzenia. Tak też pozwani uczynili w piśmie z dnia 24 października 2008 roku zakreślając dzień 15 grudnia 2008 roku, jako ostateczny termin na usunięcie wady. W ocenie Sądu termin ten był odpowiedni i w zupełności wystarczający na naprawę pojazdu. Powód bowiem nie wykazał, aby okres ten nie wystarczał na naprawę auta. Jednocześnie pozwani zastrzegli, iż w przypadku nieusunięcia wady w tym terminie odstępują od umowy. Oświadczenie o odstąpieniu od umowy zostało zatem złożone pod warunkiem zawieszającym w rozumieniu <xLexLink xArt="art. 89" xIsapId="WDU19640160093" xTitle="Ustawa z dnia 23 kwietnia 1964 r. - Kodeks cywilny" xAddress="Dz. U. z 1964 r. Nr 16, poz. 93">art. 89 k.c.</xLexLink>. W związku z tym należy uznać, iż z upływem 15 grudnia 2008r. umowa leasingu uległa rozwiązaniu bez wypowiedzenia, zaś późniejsze złożenie przez powoda oświadczenia o jej wypowiedzeniu należy uznać za bezskuteczne, skoro umowa już nie wiązała stron. Z tego samego powodu za bezskuteczne należy uznać późniejsze oświadczenie pozwanych z dnia 17 grudnia 2008 roku o odstąpieniu od umowy, skoro wcześniejszym oświadczeniem pozwani już skutecznie od umowy odstąpili. Pozwani nie uchylili się bowiem od oświadczenia woli złożonego w piśmie z dnia 24 października 2008 roku. W związku z tym za bezprzedmiotowe należy również uznać rozważania, czy w związku z tym, że oświadczenie pozwanych z dnia 17 grudnia 2008 r. dotarło do powoda później, niż oświadczenie powoda w przedmiocie wypowiedzenia umowy z dnia 18 grudnia 2008 roku, złożenie oświadczenia przez pozwanych w piśmie z dnia 17 grudnia 2008 roku było bezskuteczne.</xText>
          <xText>Okoliczność skutecznego odstąpienia od umowy pozwani podnieśli w zarzutach od nakazu zapłaty. Nie ulega zatem wątpliwości, że zobowiązanie pozwanych do zapłaty należności dochodzonych w pozwie nie powstało, wobec czego zgodnie z deklaracją wekslową weksel nie powinien zostać wypełniony. W konsekwencji, w świetle <xLexLink xArt="art. 10" xIsapId="WDU19360370282" xTitle="Ustawa z dnia 28 kwietnia 1936 r. - Prawo wekslowe" xAddress="Dz. U. z 1936 r. Nr 37, poz. 282">art. 10 prawa wekslowego</xLexLink>, nie można przypisać odpowiedzialności wekslowej pozwanym.</xText>
          <xText>Zważywszy na powyższe, przy zastosowaniu <xLexLink xArt="art. 496" xIsapId="WDU19640430296" xTitle="Ustawa z dnia 17 listopada 1964 r. - Kodeks postępowania cywilnego" xAddress="Dz. U. z 1964 r. Nr 43, poz. 296">art. 496 k.p.c.</xLexLink>, orzeczono jak w pkt. I i II sentencji.</xText>
          <xText>O kosztach postępowania Sąd orzekł jak w pkt. III wyroku na podstawie <xLexLink xArt="art. 98;art. 98 § 1;art. 98 § 3" xIsapId="WDU19640430296" xTitle="Ustawa z dnia 17 listopada 1964 r. - Kodeks postępowania cywilnego" xAddress="Dz. U. z 1964 r. Nr 43, poz. 296">art. 98 § l i 3 k.p.c</xLexLink> oraz § 6 pkt 6 w zw. z <xLexLink xArt="art. 2;art. 2 pkt. 3" xIsapId="WDU19640430296" xTitle="Ustawa z dnia 17 listopada 1964 r. - Kodeks postępowania cywilnego" xAddress="Dz. U. z 1964 r. Nr 43, poz. 296">art. 2 pkt. 3</xLexLink> w zw. z <xLexLink xArt="§ 12;§ 12 ust. 1;§ 12 ust. 1 pkt. 2" xIsapId="WDU20021631349" xTitle="Rozporządzenie Ministra Sprawiedliwości z dnia 28 września 2002 r. w sprawie opłat za czynności radców prawnych oraz ponoszenia przez Skarb Państwa kosztów pomocy prawnej udzielonej przez radcę prawnego ustanowionego z urzędu" xAddress="Dz. U. z 2002 r. Nr 163, poz. 1349">§ 12 ust. 1 pkt. 2 Rozporządzenia Ministra Sprawiedliwości z dnia 28 września 2002 r. <xIx>w sprawie opłat za czynności radców prawnych oraz ponoszenia przez Skarb Państwa kosztów pomocy prawnej udzielonej przez radcę prawnego ustanowionego z urzędu</xIx></xLexLink> (Dz. U. z 2002 r. nr 163 poz. 1349 z późniejszymi zmianami). W zakresie kosztów wynagrodzenia radcy prawnego pozwanych ustanowionego z urzędu Sąd orzekł na podstawie  § 17 w/w Rozporządzenia, zgodnie z którym w sprawie cywilnej, w której kosztami procesu został obciążony przeciwnik procesowy strony korzystającej z pomocy udzielonej przez radcę prawnego ustanowionego z urzędu, koszty, o których mowa w § 15, sąd przyznaje po wykazaniu bezskuteczności ich egzekucji.</xText>
        </xUnit>
      </xBlock>
    </xPart>
  </judgement>
<judgement id="151020000003006_VI_Ka_000217_2013_Uz_2013-05-14_002">
    <xPart xEditorFullName="Roksana Rzechtalska" xYear="2013" xLang="PL" xPublisherFullName="Danuta Panfil" xFromPg="1" xEditor="rrzechtalska_so_slupsk" xVolType="15/102000/0003006/Ka" xPublisher="dpanfil_so_slupsk" xDocType="Uz" xVolNmbr="000217" xVersion="1.0" xToPage="1" xFlag="published">
      <xName>Wyrok+Uzasadnienie</xName>
      <xBlock>
        <xText>Sygn. akt VI Ka 217/13</xText>
        <xUnit xIsTitle="true" xBold="true" xType="part">
          <xName>WYROK</xName>
          <xTitle>W IMIENIU RZECZYPOSPOLITEJ POLSKIEJ</xTitle>
          <xText xALIGNx="right"> Dnia 14 maja 2013 roku</xText>
          <xText>Sąd Okręgowy w Słupsku VI Wydział Karny Odwoławczy w składzie:</xText>
          <xText>Przewodniczący SSO Dariusz Dumanowski</xText>
          <xText>Sędziowie: SO Andrzej Dymalski</xText>
          <xText>SO Robert Rzeczkowski</xText>
          <xText>Protokolant Katarzyna Gill</xText>
          <xText>przy udziale Prokuratora Prokuratury Rejonowej del. do Prokuratury Okręgowej Marcina Kiedrowicza</xText>
          <xText>po rozpoznaniu w dniu 14 maja 2013 roku</xText>
          <xText>sprawy:</xText>
          <xText>
            <xBx>1. <xAnon>A. S. (1)</xAnon></xBx>
          </xText>
          <xText>oskarżonego o czyny z <xLexLink xArt="art. 280;art. 280 § 1" xIsapId="WDU19970880553" xTitle="Ustawa z dnia 6 czerwca 1997 r. - Kodeks karny" xAddress="Dz. U. z 1997 r. Nr 88, poz. 553">art. 280 § 1 k.k.</xLexLink> i inne,</xText>
          <xText>
            <xBx>2. <xAnon>Z. S.</xAnon></xBx>
          </xText>
          <xText>oskarżonego o czyn z <xLexLink xArt="art. 281" xIsapId="WDU19970880553" xTitle="Ustawa z dnia 6 czerwca 1997 r. - Kodeks karny" xAddress="Dz. U. z 1997 r. Nr 88, poz. 553">art. 281 k.k.</xLexLink> i <xLexLink xArt="art. 157;art. 157 § 2" xIsapId="WDU19970880553" xTitle="Ustawa z dnia 6 czerwca 1997 r. - Kodeks karny" xAddress="Dz. U. z 1997 r. Nr 88, poz. 553">art. 157 § 2 k.k.</xLexLink> i <xLexLink xArt="art. 189;art. 189 § 1" xIsapId="WDU19970880553" xTitle="Ustawa z dnia 6 czerwca 1997 r. - Kodeks karny" xAddress="Dz. U. z 1997 r. Nr 88, poz. 553">art. 189 § 1 k.k.</xLexLink> przy zast. <xLexLink xArt="art. 11;art. 11 § 2" xIsapId="WDU19970880553" xTitle="Ustawa z dnia 6 czerwca 1997 r. - Kodeks karny" xAddress="Dz. U. z 1997 r. Nr 88, poz. 553">art. 11 § 2 k.k.</xLexLink>,</xText>
          <xText>z powodu apelacji wniesionych przez oskarżonych i ich obrońców</xText>
          <xText>od wyroku Sądu Rejonowego w Słupsku</xText>
          <xText>z dnia 11 stycznia 2013 roku w sprawie II K 1216/10</xText>
          
          <xUnit xIsTitle="false" xType="none">
            <xName xSffx=".">1</xName>
            <xText>utrzymuje w mocy zaskarżony wyrok, uznając apelacje oskarżonych i ich obrońców za oczywiście bezzasadne;</xText>
          </xUnit>
          <xUnit xIsTitle="false" xType="none">
            <xName xSffx=".">2</xName>
            <xText>zasądza od Skarbu Państwa po 516,60 zł (pięćset szesnaście złotych sześćdziesiąt groszy - należność z podatkiem VAT) na rzecz adw. <xAnon>A. S. (2)</xAnon> tytułem należności za obronę oskarżonego <xAnon>A. S. (1)</xAnon><xBRx/>z urzędu przed Sądem II instancji oraz na rzecz adw. <xAnon>J. K. (1)</xAnon> za obronę oskarżonego <xAnon>Z. S.</xAnon> przed Sądem II instancji;</xText>
          </xUnit>
          <xUnit xIsTitle="false" xType="none">
            <xName xSffx=".">3</xName>
            <xText>zwalnia oskarżonych od ponoszenia kosztów sądowych za postępowanie odwoławcze.</xText>
          </xUnit>
          
          <xText>VIKa 217/13</xText>
        </xUnit>
        <xUnit xIsTitle="true" xBold="true" xType="part">
          <xName>UZASADNIENIE</xName>
          <xText><xBx><xAnon>M. H.</xAnon></xBx> został oskarżony o to, że:</xText>
          <xUnit xIsTitle="false" xType="none">
            <xName xSffx=".">I</xName>
            <xText>w dniu 17 sierpnia 2010 r. w <xAnon>S.</xAnon> przy <xAnon>ul. (...)</xAnon>, działając wspólnie i w porozumieniu z ustaloną osobą, po uprzednim użyciu przemocy, polegającej na popchnięciu i przewróceniu pokrzywdzonego na ziemię, a następnie przytrzymywaniu kolanem i zatykaniu ust ręką oraz grożenie popełnieniem przestępstwa na szkodę pokrzywdzonego zabrał w celu przywłaszczenia telefon komórkowy <xAnon>marki N. (...)</xAnon> o wartości 200 zł, telefon komórkowy <xAnon>S. (...)</xAnon> o wartości 160 zł, kurtkę z kapturem o wartości 100 zł, czapkę z daszkiem <xAnon>L.</xAnon> o wartości 40 zł, kosmetyki o wartości 60 zł oraz portfel o wartości 30 zł z pieniędzmi w kwocie 40 zł, tj. mienia o łącznej wartości 630 zł, czym działał na szkodę <xAnon>T. H.</xAnon>,</xText>
          </xUnit>
          <xText>
            <xBx>tj. o czyn z <xLexLink xArt="art. 280;art. 280 § 1" xIsapId="WDU19970880553" xTitle="Ustawa z dnia 6 czerwca 1997 r. - Kodeks karny" xAddress="Dz. U. z 1997 r. Nr 88, poz. 553">art. 280 § 1 k.k.</xLexLink>, </xBx>
          </xText>
          <xText><xBx><xAnon>A. S. (1)</xAnon></xBx>został oskarżony o to, że:</xText>
          <xUnit xIsTitle="false" xType="none">
            <xName xSffx=".">II</xName>
            <xText>w dniu 17 sierpnia 2010 r. w <xAnon>S.</xAnon> przy <xAnon>ul. (...)</xAnon>, działając wspólnie i w porozumieniu z ustaloną osobą, po uprzednim użyciu przemocy, polegającej na popchnięciu i przewróceniu pokrzywdzonego na ziemię, a następnie przytrzymywaniu kolanem i zatykaniu ust ręką oraz grożenie popełnieniem przestępstwa na szkodę pokrzywdzonego zabrał w celu przywłaszczenia telefon komórkowy <xAnon>marki N. (...)</xAnon> o wartości 200 zł, telefon komórkowy <xAnon>S. (...)</xAnon> o wartości 160 zł, kurtkę z kapturem o wartości 100 zł, czapkę z daszkiem <xAnon>L.</xAnon> o wartości 40 zł, kosmetyki o wartości 60 zł oraz portfel o wartości 30 zł z pieniędzmi w kwocie 40 zł, tj. mienia o łącznej wartości 630 zł, czym działał na szkodę <xAnon>T. H.</xAnon>,</xText>
          </xUnit>
          <xText>
            <xBx>tj. o czyn z <xLexLink xArt="art. 280;art. 280 § 1" xIsapId="WDU19970880553" xTitle="Ustawa z dnia 6 czerwca 1997 r. - Kodeks karny" xAddress="Dz. U. z 1997 r. Nr 88, poz. 553">art. 280 § 1 k.k.</xLexLink>, </xBx>
          </xText>
          
          <xUnit xIsTitle="false" xType="none">
            <xName xSffx=".">III</xName>
            <xText>w dniu 7 kwietnia 2010 r. w <xAnon>S.</xAnon> przy <xAnon>ul. (...)</xAnon>, działając wspólnie i w porozumieniu z ustaloną osobą, w celu utrzymania się w posiadaniu telefonu komórkowego <xAnon>marki S. (...)</xAnon> o wartości 200 zł bezpośrednio po dokonaniu jego zaboru <xAnon>K. B. (1)</xAnon>, użyli wobec niego przemocy poprzez kopanie, uderzanie pięściami i kijem bejsbolowym po całym ciele, powodując u pokrzywdzonego obrażenia w postaci ogólnych potłuczeń z licznymi wielomiejscowymi podbiegnięciami krwawymi, które to obrażenia naruszyły czynności narządów jego ciała na okres poniżej siedmiu dni, a następnie poprzez uniemożliwienie opuszczenia pokrzywdzonemu mieszkania pozbawili go tym samym wolności,</xText>
          </xUnit>
          <xText>
            <xBx>tj. o czyn z <xLexLink xArt="art. 281" xIsapId="WDU19970880553" xTitle="Ustawa z dnia 6 czerwca 1997 r. - Kodeks karny" xAddress="Dz. U. z 1997 r. Nr 88, poz. 553">art. 281 k.k.</xLexLink> i <xLexLink xArt="art. 157;art. 157 § 2" xIsapId="WDU19970880553" xTitle="Ustawa z dnia 6 czerwca 1997 r. - Kodeks karny" xAddress="Dz. U. z 1997 r. Nr 88, poz. 553">art. 157 § 2 k.k.</xLexLink> i <xLexLink xArt="art. 189;art. 189 § 1" xIsapId="WDU19970880553" xTitle="Ustawa z dnia 6 czerwca 1997 r. - Kodeks karny" xAddress="Dz. U. z 1997 r. Nr 88, poz. 553">art. 189 § 1 k.k.</xLexLink> przy zast. <xLexLink xArt="art. 11;art. 11 § 2" xIsapId="WDU19970880553" xTitle="Ustawa z dnia 6 czerwca 1997 r. - Kodeks karny" xAddress="Dz. U. z 1997 r. Nr 88, poz. 553">art. 11 § 2 k.k.</xLexLink>,</xBx>
          </xText>
          
          <xText><xBx><xAnon>Z. S.</xAnon></xBx>został oskarżony o to, że:</xText>
          <xUnit xIsTitle="false" xType="none">
            <xName xSffx=".">IV</xName>
            <xText>w dniu 7 kwietnia 2010 r. w <xAnon>S.</xAnon> przy <xAnon>ul. (...)</xAnon>, działając wspólnie i w porozumieniu z ustaloną osobą, w celu utrzymania się w posiadaniu telefonu komórkowego <xAnon>marki S. (...)</xAnon> o wartości 200 zł bezpośrednio po dokonaniu jego zaboru <xAnon>K. B. (1)</xAnon>, użyli wobec niego przemocy poprzez kopanie, uderzanie pięściami i kijem bejsbolowym po całym ciele, powodując u pokrzywdzonego obrażenia w postaci ogólnych potłuczeń z licznymi wielomiejscowymi podbiegnięciami krwawymi, które to obrażenia naruszyły czynności narządów jego ciała na okres poniżej siedmiu dni, a następnie poprzez uniemożliwienie opuszczenia pokrzywdzonemu mieszkania pozbawili go tym samym wolności,</xText>
          </xUnit>
          <xText>
            <xBx>tj. o czyn z <xLexLink xArt="art. 281" xIsapId="WDU19970880553" xTitle="Ustawa z dnia 6 czerwca 1997 r. - Kodeks karny" xAddress="Dz. U. z 1997 r. Nr 88, poz. 553">art. 281 k.k.</xLexLink> i <xLexLink xArt="art. 157;art. 157 § 2" xIsapId="WDU19970880553" xTitle="Ustawa z dnia 6 czerwca 1997 r. - Kodeks karny" xAddress="Dz. U. z 1997 r. Nr 88, poz. 553">art. 157 § 2 k.k.</xLexLink> i <xLexLink xArt="art. 189;art. 189 § 1" xIsapId="WDU19970880553" xTitle="Ustawa z dnia 6 czerwca 1997 r. - Kodeks karny" xAddress="Dz. U. z 1997 r. Nr 88, poz. 553">art. 189 § 1 k.k.</xLexLink> przy zast. <xLexLink xArt="art. 11;art. 11 § 2" xIsapId="WDU19970880553" xTitle="Ustawa z dnia 6 czerwca 1997 r. - Kodeks karny" xAddress="Dz. U. z 1997 r. Nr 88, poz. 553">art. 11 § 2 k.k.</xLexLink>.</xBx>
          </xText>
          
          <xText>Wyrokiem z dnia 11 stycznia 2013r. wydanym w sprawie II K 1216/10 Sąd Rejonowy w Słupsku:</xText>
          <xUnit xIsTitle="false" xType="none">
            <xName xSffx=".">1</xName>
            <xText>uznał oskarżonego <xBx><xAnon>M. H.</xAnon></xBx> za winnego popełnienia czynu zarzucanego mu w punkcie I oskarżenia, tj. przestępstwa z <xLexLink xArt="art. 280;art. 280 § 1" xIsapId="WDU19970880553" xTitle="Ustawa z dnia 6 czerwca 1997 r. - Kodeks karny" xAddress="Dz. U. z 1997 r. Nr 88, poz. 553">art. 280 § 1 k.k.</xLexLink> i za to na podstawie <xLexLink xArt="art. 280;art. 280 § 1" xIsapId="WDU19970880553" xTitle="Ustawa z dnia 6 czerwca 1997 r. - Kodeks karny" xAddress="Dz. U. z 1997 r. Nr 88, poz. 553">art. 280 § 1 k.k.</xLexLink> skazał go na karę 2 (dwóch) lat pozbawienia wolności;</xText>
          </xUnit>
          <xUnit xIsTitle="false" xType="none">
            <xName xSffx=".">2</xName>
            <xText>na podstawie <xLexLink xArt="art. 69;art. 69 § 1;art. 69 § 2" xIsapId="WDU19970880553" xTitle="Ustawa z dnia 6 czerwca 1997 r. - Kodeks karny" xAddress="Dz. U. z 1997 r. Nr 88, poz. 553">art. 69 § 1 i 2 k.k.</xLexLink> w zw. z <xLexLink xArt="art. 70;art. 70 § 1;art. 70 § 1 pkt. 1" xIsapId="WDU19970880553" xTitle="Ustawa z dnia 6 czerwca 1997 r. - Kodeks karny" xAddress="Dz. U. z 1997 r. Nr 88, poz. 553">art. 70 § 1 pkt 1 k.k.</xLexLink> wykonanie orzeczonej wobec oskarżonego <xBx><xAnon>M. H.</xAnon></xBx> kary pozbawienia wolności warunkowo zawiesił na okres próby 5 (pięciu) lat;</xText>
          </xUnit>
          <xUnit xIsTitle="false" xType="none">
            <xName xSffx=".">3</xName>
            <xText>na podstawie <xLexLink xArt="art. 33;art. 33 § 1;art. 33 § 2;art. 33 § 3" xIsapId="WDU19970880553" xTitle="Ustawa z dnia 6 czerwca 1997 r. - Kodeks karny" xAddress="Dz. U. z 1997 r. Nr 88, poz. 553">art. 33 § 1, 2 i 3 k.k.</xLexLink> wymierzył oskarżonemu <xBx><xAnon>M. H.</xAnon></xBx> obok kary pozbawienia wolności grzywnę w wysokości 50 (pięćdziesięciu) stawek dziennych ustalając wysokości jednej stawki dziennej na kwotę 50 (pięćdziesięciu) złotych;</xText>
          </xUnit>
          <xUnit xIsTitle="false" xType="none">
            <xName xSffx=".">4</xName>
            <xText>uznał oskarżonego <xBx><xAnon>A. S. (1)</xAnon></xBx>za winnego popełnienia czynu zarzucanego mu w punkcie II oskarżenia, tj. przestępstwa z <xLexLink xArt="art. 280;art. 280 § 1" xIsapId="WDU19970880553" xTitle="Ustawa z dnia 6 czerwca 1997 r. - Kodeks karny" xAddress="Dz. U. z 1997 r. Nr 88, poz. 553">art. 280 § 1 k.k.</xLexLink> i za to na podstawie <xLexLink xArt="art. 280;art. 280 § 1" xIsapId="WDU19970880553" xTitle="Ustawa z dnia 6 czerwca 1997 r. - Kodeks karny" xAddress="Dz. U. z 1997 r. Nr 88, poz. 553">art. 280§ 1 k.k.</xLexLink> skazał go na karę 2 (dwóch) lat pozbawienia wolności;</xText>
          </xUnit>
          <xUnit xIsTitle="false" xType="none">
            <xName xSffx=".">5</xName>
            <xText>uznał oskarżonego <xBx><xAnon>A. S. (1)</xAnon></xBx>za winnego tego, że w dniu 7 kwietnia 2010 r. w <xAnon>S.</xAnon> przy <xAnon>ul. (...)</xAnon>, działając wspólnie i w porozumieniu ze <xAnon>Z. S.</xAnon>, w celu utrzymania się w posiadaniu zabranego telefonu komórkowego <xAnon>marki S. (...)</xAnon> o wartości 200 zł bezpośrednio po dokonaniu jego kradzieży, użyli wobec <xAnon>K. B. (1)</xAnon> przemocy poprzez kopanie, uderzanie pięściami i kijem bejsbolowym po całym ciele, powodując u pokrzywdzonego obrażenia w postaci ogólnych potłuczeń z licznymi wielomiejscowymi podbiegnięciami krwawymi, które to obrażenia naruszyły czynności narządów jego ciała na okres poniżej siedmiu dni, tj. popełnienia przestępstwa z <xLexLink xArt="art. 281" xIsapId="WDU19970880553" xTitle="Ustawa z dnia 6 czerwca 1997 r. - Kodeks karny" xAddress="Dz. U. z 1997 r. Nr 88, poz. 553">art. 281 k.k.</xLexLink> i za to na podstawie <xLexLink xArt="art. 281" xIsapId="WDU19970880553" xTitle="Ustawa z dnia 6 czerwca 1997 r. - Kodeks karny" xAddress="Dz. U. z 1997 r. Nr 88, poz. 553">art. 281 k.k.</xLexLink> skazał go na karę roku pozbawienia wolności;</xText>
          </xUnit>
          <xUnit xIsTitle="false" xType="none">
            <xName xSffx=".">6</xName>
            <xText>uznał oskarżonego <xBx><xAnon>A. S. (1)</xAnon></xBx>za winnego tego, że w dniu 7 kwietnia 2010 r. w <xAnon>S.</xAnon> przy <xAnon>ul. (...)</xAnon> działając wspólnie i w porozumieniu ze <xAnon>Z. S.</xAnon>, poprzez uniemożliwienie <xAnon>K. B. (1)</xAnon> opuszczenia mieszkania pozbawił go wolności, tj. popełnienia przestępstwa z <xLexLink xArt="art. 189;art. 189 § 1" xIsapId="WDU19970880553" xTitle="Ustawa z dnia 6 czerwca 1997 r. - Kodeks karny" xAddress="Dz. U. z 1997 r. Nr 88, poz. 553">art. 189 § 1 k.k.</xLexLink> i za to na podstawie <xLexLink xArt="art. 189;art. 189 § 1" xIsapId="WDU19970880553" xTitle="Ustawa z dnia 6 czerwca 1997 r. - Kodeks karny" xAddress="Dz. U. z 1997 r. Nr 88, poz. 553">art. 189 § 1 k.k.</xLexLink> skazał go na karę 3 (trzech) miesięcy pozbawienia wolności;</xText>
          </xUnit>
          <xUnit xIsTitle="false" xType="none">
            <xName xSffx=".">7</xName>
            <xText>na podstawie <xLexLink xArt="art. 85" xIsapId="WDU19970880553" xTitle="Ustawa z dnia 6 czerwca 1997 r. - Kodeks karny" xAddress="Dz. U. z 1997 r. Nr 88, poz. 553">art. 85 k.k.</xLexLink> i <xLexLink xArt="art. 86;art. 86 § 1" xIsapId="WDU19970880553" xTitle="Ustawa z dnia 6 czerwca 1997 r. - Kodeks karny" xAddress="Dz. U. z 1997 r. Nr 88, poz. 553">art. 86 § 1 k.k.</xLexLink> połączył orzeczone wobec oskarżonego <xBx><xAnon>A. S. (1)</xAnon></xBx> w punktach 4, 5 i 6 wyroku kary i wymierzył mu karę łączną 2 (dwóch) lat i 6 (sześciu) miesięcy pozbawienia wolności;</xText>
          </xUnit>
          <xUnit xIsTitle="false" xType="none">
            <xName xSffx=".">8</xName>
            <xText>uznał oskarżonego <xBx><xAnon>Z. S.</xAnon></xBx>za winnego tego, że w dniu 7 kwietnia 2010 r. w <xAnon>S.</xAnon> przy <xAnon>ul. (...)</xAnon>, działając wspólnie i w porozumieniu z <xAnon>A. S. (1)</xAnon>, w celu utrzymania się w posiadaniu zabranego telefonu komórkowego <xAnon>marki S. (...)</xAnon> o wartości 200 zł bezpośrednio po dokonaniu jego kradzieży, użyli wobec <xAnon>K. B. (1)</xAnon> przemocy poprzez kopanie, uderzanie pięściami i kijem bejsbolowym po całym ciele, powodując u pokrzywdzonego obrażenia w postaci ogólnych potłuczeń z licznymi wielomiejscowymi podbiegnięciami krwawymi, które to obrażenia naruszyły czynności narządów jego ciała na okres poniżej siedmiu dni, tj. popełnienia przestępstwa z <xLexLink xArt="art. 281" xIsapId="WDU19970880553" xTitle="Ustawa z dnia 6 czerwca 1997 r. - Kodeks karny" xAddress="Dz. U. z 1997 r. Nr 88, poz. 553">art. 281 k.k.</xLexLink> i za to na podstawie <xLexLink xArt="art. 281" xIsapId="WDU19970880553" xTitle="Ustawa z dnia 6 czerwca 1997 r. - Kodeks karny" xAddress="Dz. U. z 1997 r. Nr 88, poz. 553">art. 281 k.k.</xLexLink> skazał go na karę roku pozbawienia wolności;</xText>
          </xUnit>
          <xUnit xIsTitle="false" xType="none">
            <xName xSffx=".">9</xName>
            <xText>uznał oskarżonego <xBx><xAnon>Z. S.</xAnon></xBx>za winnego tego, że w dniu 7 kwietnia 2010 r. w <xAnon>S.</xAnon> przy <xAnon>ul. (...)</xAnon> działając wspólnie i w porozumieniu z <xAnon>A. S. (1)</xAnon>, poprzez uniemożliwienie <xAnon>K. B. (1)</xAnon> opuszczenia mieszkania pozbawił go wolności, tj. popełnienia przestępstwa z <xLexLink xArt="art. 189;art. 189 § 1" xIsapId="WDU19970880553" xTitle="Ustawa z dnia 6 czerwca 1997 r. - Kodeks karny" xAddress="Dz. U. z 1997 r. Nr 88, poz. 553">art. 189 § 1 k.k.</xLexLink> i za to na podstawie <xLexLink xArt="art. 189;art. 189 § 1" xIsapId="WDU19970880553" xTitle="Ustawa z dnia 6 czerwca 1997 r. - Kodeks karny" xAddress="Dz. U. z 1997 r. Nr 88, poz. 553">art. 189 § 1 k.k.</xLexLink> skazał go na karę 3 (trzech) miesięcy pozbawienia wolności;</xText>
          </xUnit>
          <xUnit xIsTitle="false" xType="none">
            <xName xSffx=".">10</xName>
            <xText>na podstawie <xLexLink xArt="art. 85" xIsapId="WDU19970880553" xTitle="Ustawa z dnia 6 czerwca 1997 r. - Kodeks karny" xAddress="Dz. U. z 1997 r. Nr 88, poz. 553">art. 85 k.k.</xLexLink> i <xLexLink xArt="art. 86;art. 86 § 1" xIsapId="WDU19970880553" xTitle="Ustawa z dnia 6 czerwca 1997 r. - Kodeks karny" xAddress="Dz. U. z 1997 r. Nr 88, poz. 553">art. 86 § 1 k.k.</xLexLink> połączył orzeczone wobec oskarżonego <xBx><xAnon>Z. S.</xAnon></xBx> w punktach 8 i 9 wyroku kary i wymierzył mu karę łączną roku pozbawienia wolności;</xText>
          </xUnit>
          <xUnit xIsTitle="false" xType="none">
            <xName xSffx=".">11</xName>
            <xText>na podstawie <xLexLink xArt="art. 63;art. 63 § 1" xIsapId="WDU19970880553" xTitle="Ustawa z dnia 6 czerwca 1997 r. - Kodeks karny" xAddress="Dz. U. z 1997 r. Nr 88, poz. 553">art. 63 § 1 kk</xLexLink> na poczet orzeczonej wobec oskarżonego <xBx><xAnon>M. H.</xAnon></xBx>kary grzywny zaliczył okres rzeczywistego pozbawienia wolności w sprawie od dnia 1 września 2010 roku do dnia 3 września 2010 roku, przyjmując, iż jeden dzień rzeczywistego pozbawienia wolności równa się dwóm dziennym stawkom grzywny,</xText>
          </xUnit>
          <xUnit xIsTitle="false" xType="none">
            <xName xSffx=".">12</xName>
            <xText>na podstawie <xLexLink xArt="art. 415;art. 415 § 1" xIsapId="WDU19970890555" xTitle="Ustawa z dnia 6 czerwca 1997 r. - Kodeks postępowania karnego" xAddress="Dz. U. z 1997 r. Nr 89, poz. 555">art. 415 § 1 k.p.k.</xLexLink> uwzględnił powództwo cywilne i zasądził od oskarżonych <xAnon>M. H.</xAnon> i <xAnon>A. S. (1)</xAnon> na rzecz pokrzywdzonego <xAnon>T. H.</xAnon> kwotę 500 (pięćset) złotych wraz z ustawowymi odsetkami od dnia doręczenia odpisu pozwu do dnia zapłaty, tytułem zadośćuczynienia pieniężnego za doznaną krzywdę;</xText>
          </xUnit>
          <xUnit xIsTitle="false" xType="none">
            <xName xSffx=".">13</xName>
            <xText>na podstawie <xLexLink xArt="art. 415;art. 415 § 1" xIsapId="WDU19970890555" xTitle="Ustawa z dnia 6 czerwca 1997 r. - Kodeks postępowania karnego" xAddress="Dz. U. z 1997 r. Nr 89, poz. 555">art. 415 § 1 k.p.k.</xLexLink> uwzględnił powództwo cywilne i zasądził od oskarżonych <xAnon>Z. S.</xAnon> i <xAnon>A. S. (1)</xAnon> na rzecz pokrzywdzonego <xAnon>K. B. (1)</xAnon> kwotę 500 (pięćset) złotych wraz z ustawowymi odsetkami od dnia doręczenia odpisu pozwu do dnia zapłaty, tytułem zadośćuczynienia pieniężnego za doznaną krzywdę;</xText>
          </xUnit>
          <xUnit xIsTitle="false" xType="none">
            <xName xSffx=".">14</xName>
            <xText>zasądził od Skarbu Państwa na rzecz adw. <xAnon>A. S. (2)</xAnon> kwotę 1.343,16 (tysiąc trzysta czterdzieści trzy 16/100) złotych z Vat-em tytułem nieopłaconej obrony oskarżonego <xAnon>A. S. (1)</xAnon> z urzędu;</xText>
          </xUnit>
          <xUnit xIsTitle="false" xType="none">
            <xName xSffx=".">15</xName>
            <xText>zasądził od Skarbu Państwa na rzecz adw. <xAnon>J. K. (1)</xAnon> kwotę 1.343,16 (tysiąc trzysta czterdzieści trzy 16/100) złotych z Vat-em tytułem nieopłaconej obrony oskarżonego <xAnon>Z. S.</xAnon> z urzędu;</xText>
          </xUnit>
          <xUnit xIsTitle="false" xType="none">
            <xName xSffx=".">16</xName>
            <xText>zasądził od oskarżonego <xAnon>M. H.</xAnon> na rzecz Skarbu Państwa koszty sądowe w kwocie 690 (sześćset dziewięćdziesiąt) złotych, w tym tytułem opłaty kwotę 550 (pięćset pięćdziesiąt) złotych;</xText>
          </xUnit>
          <xUnit xIsTitle="false" xType="none">
            <xName xSffx=".">17</xName>
            <xText>zwolnił oskarżonych <xAnon>A. S. (1)</xAnon> i <xAnon>Z. S.</xAnon> od ponoszenia kosztów sądowych, obciążając nimi Skarb Państwa.</xText>
          </xUnit>
          <xText>
            <xUx>Od powyższego orzeczenia apelację złożyli obrońcy oraz oskarżeni <xAnon>Z. S.</xAnon> i <xAnon>A. S. (1)</xAnon>.</xUx>
          </xText>
          <xText><xBx>Obrońca <xAnon>A. S. (1)</xAnon></xBx> zarzucił:</xText>
          <xUnit xIsTitle="false" xType="none">
            <xName xSffx=".">1</xName>
            <xText>w odniesieniu do zarzutu II części wstępnej wyroku dotyczącego zdarzenia z dnia 17 sierpnia 2010r. obrazę przepisów postępowania (<xLexLink xArt="art. 2;art. 2 § 2" xIsapId="WDU19970890555" xTitle="Ustawa z dnia 6 czerwca 1997 r. - Kodeks postępowania karnego" xAddress="Dz. U. z 1997 r. Nr 89, poz. 555">art.2 § 2 k.p.k.</xLexLink>, <xLexLink xArt="art. 4;art. 5;art. 7" xIsapId="WDU19970890555" xTitle="Ustawa z dnia 6 czerwca 1997 r. - Kodeks postępowania karnego" xAddress="Dz. U. z 1997 r. Nr 89, poz. 555">art.4,5 i 7 k.p.k.</xLexLink>) przez niewyczerpanie przeprowadzenia możliwych środków dowodowych, jak na przykład nieprzesłuchanie <xAnon>K. K.</xAnon>, <xAnon>M. K.</xAnon> oraz nieprzeprowadzenie konfrontacji świadków <xAnon>Z. B.</xAnon> i <xAnon>J. C.</xAnon>, co skutkowało niepełną i błędną oceną materiału dowodowego (str. 3 uzasadnienia wyroku- ustalenie stanu faktycznego z pominięciem świadków obrony),</xText>
          </xUnit>
          <xUnit xIsTitle="false" xType="none">
            <xName xSffx=".">2</xName>
            <xText>w odniesieniu do zarzutu III części wstępnej wyroku dotyczącego zdarzenia z dnia 7 kwietnia 2010r. błąd w ustaleniach faktycznych mający wpływ na treść wyroku:</xText>
            <xUnit xIsTitle="false" xType="none">
              <xName xSffx=".">a</xName>
              <xText>co do użycia przemocy w postaci bicia pokrzywdzonego <xAnon>K. B. (1)</xAnon> wobec przyjęcia jednocześnie nie dość konsekwentnie, że <xAnon>K. B. (1)</xAnon> odebrał kij bejsbolowy oskarżonemu <xAnon>A. S. (1)</xAnon> i okładał nim oskarżonego,</xText>
            </xUnit>
            <xUnit xIsTitle="false" xType="none">
              <xName xSffx=".">b</xName>
              <xText>co do zaboru telefonu pokrzywdzonemu <xAnon>K. B. (1)</xAnon>, skoro jednocześnie Sąd ustalił, że telefon nie został pokrzywdzonemu zerwany z szyi, ale leżał na stole, a pokrzywdzony korzystał z niego i trzy razy telefonował na Policję i telefon ten jest w posiadaniu pokrzywdzonego, jako że właśnie ten telefon miał zwrócić oskarżony <xAnon>A. S. (1)</xAnon>,</xText>
            </xUnit>
            <xUnit xIsTitle="false" xType="none">
              <xName xSffx=".">c</xName>
              <xText>wobec ustaleń jak wyżej błędny jest wniosek Sądu, że <xAnon>A. S. (1)</xAnon> bił pokrzywdzonego w celu utrzymania się w posiadaniu spornego telefonu, a także, iż przetrzymywał pokrzywdzonego w mieszkaniu, gdyż byłoby to niezgodne z doświadczeniem życiowym.</xText>
            </xUnit>
          </xUnit>
          <xText>Reasumując wniósł o uchylenie zaskarżonego wyroku i przekazanie sprawy Sądowi Rejonowemu w Słupsku do ponownego rozpoznania.</xText>
          <xUnit xIsTitle="false" xType="none">
            <xName xSffx=".">I</xName>
            <xText><xBx>Oskarżony <xAnon>A. S. (1)</xAnon></xBx> zarzucił zaskarżonemu orzeczeniu błąd w ustaleniach faktycznych przyjętych za podstawę wyroku, który miał wpływ na jego treść.</xText>
          </xUnit>
          <xText>Wskazał, że przesłuchani w sprawie świadkowie gubią się w swoich zeznaniach. Dotyczy to <xAnon>K. B. (2)</xAnon> w zakresie tego gdzie zabrano mu telefon. Świadek raz twierdzi, że miało to miejsce przed klatką schodową, innym razem, że wbiegł za złodziejem do mieszkania, a w końcu, iż będąc w domu pił ze skarżącym wódkę. Za niewiarygodne należy uznać twierdzenie, że został puszczony przez policjantów będąc pobitym. Dziwnym jest również to, iż zeznał o zdarzeniu po pół roku. Poza tym będąc bitym nie miałby możliwości zadzwonić trzykrotnie na Policję, ponieważ sprawcy nie pozwoliliby mu na to. Miał również dzwonić z telefonu, który został mu skradziony. Ponadto <xAnon>Z. S.</xAnon> dzwonił na Policję kiedy <xAnon>K. B. (2)</xAnon> rozrabiał w jego mieszkaniu.</xText>
          <xText>Odnośnie <xAnon>T. H.</xAnon> skarżący stwierdził, iż w ogóle go nie zna, a na rozprawie świadek nie wskazał jego, ale inna osobę. Celem prawidłowej oceny zeznań tego pokrzywdzonego należy ocenić zainstalowany w odpowiednich miejscach monitoring. Zdaniem skarżącego <xAnon>M. W.</xAnon> przebywał przez cały czas razem z nim i wie, że nie było go na miejscu przedmiotowego zdarzenia.</xText>
          <xText>Reasumując wniósł o uniewinnienie.</xText>
          <xUnit xIsTitle="false" xType="none">
            <xName xSffx=".">II</xName>
            <xText><xBx>Obrońca oskarżonego <xAnon>Z. S.</xAnon></xBx> zarzucił wyrokowi obrazę przepisów postępowania mającą wpływ na treść zaskarżonego orzeczenia, a mianowicie <xLexLink xArt="art. 7" xIsapId="WDU19970890555" xTitle="Ustawa z dnia 6 czerwca 1997 r. - Kodeks postępowania karnego" xAddress="Dz. U. z 1997 r. Nr 89, poz. 555">art.7 k.p.k.</xLexLink> oraz <xLexLink xArt="art. 410" xIsapId="WDU19970890555" xTitle="Ustawa z dnia 6 czerwca 1997 r. - Kodeks postępowania karnego" xAddress="Dz. U. z 1997 r. Nr 89, poz. 555">art.410 k.p.k.</xLexLink> polegającą na niezasadnym uznaniu za wiarygodne zeznań jedynego w sprawie naocznego świadka <xAnon>K. B. (1)</xAnon> w części dotyczącej zachowania oskarżonego <xAnon>Z. S.</xAnon> w dniu 7 kwietnia 2010r. i dowolnym przyjęciu, iż oskarżony ten we wskazanym dniu wspólnie i w porozumieniu z <xAnon>A. S. (1)</xAnon> popełnił na szkodę <xAnon>K. B. (1)</xAnon> przestępstwo kradzieży rozbójniczej mającej za przedmiot telefon komórkowy oraz przestępstwo bezprawnego pozbawienia wolności, podczas gdy zeznania świadka <xAnon>K. B. (1)</xAnon> w zakresie dotyczącym oskarżonego <xAnon>Z. S.</xAnon> w dniu 7 kwietnia 2010r. były niekonsekwentne, niezgodne z zeznaniami świadków ze słyszenia <xAnon>K. W.</xAnon>, <xAnon>D. S.</xAnon> oraz <xAnon>B. W.</xAnon>, a nadto świadek ten w czasie zdarzenia był pod znacznym wpływem wysokoprocentowego alkoholu, co istotnie zakłócało jego zdolność postrzegania rzeczywistości, w konsekwencji czego zeznania tego świadka wraz z pozostałym materiałem dowodowym zgromadzonym w sprawie nie były wystarczające dla przypisania oskarżonemu <xAnon>Z. S.</xAnon> zachowań przestępczych.</xText>
          </xUnit>
          <xText>W konkluzji wniósł o zmianę wyroku z zaskarżonej części poprzez uniewinnienie oskarżonego <xAnon>Z. S.</xAnon> od zarzucanego mu przestępstwa ewentualnie o uchylenie wyroku w zaskarżonej części i przekazanie sprawy w tym zakresie do ponownego rozpoznania Sądowi Rejonowemu.</xText>
          <xUnit xIsTitle="false" xType="none">
            <xName xSffx=".">III</xName>
            <xText><xBx>oskarżony <xAnon>Z. S.</xAnon></xBx> zarzucił zaskarżonemu orzeczeniu błąd w ustaleniach faktycznych przyjętych za jego podstawę, który miał wpływ na treść wyroku.</xText>
          </xUnit>
          <xText>Wskazał, że w sprawie nie ustalono, czy rzeczywiście doszło do popełniania przestępstwa na szkodę <xAnon>K. B. (2)</xAnon>. Gdyby bowiem był bity przedmiotem przypominającym kij bejsbolowy wówczas z pewnością odniósłby groźniejsze obrażenia ciała. Ponadto pominięto fakt, że <xAnon>A. S. (1)</xAnon> pożyczył od pokrzywdzonego telefon komórkowy marki <xAnon> (...)</xAnon>, który po dwóch tygodniach mu oddał. Gdyby przestępstwo rzeczywiście popełniono to pokrzywdzony miał możliwość zawiadomić o nim niezwłocznie po zdarzeniu. Dziwnym przy tym jest, iż nie zatroszczył się o sporządzenie obdukcji lekarskiej. Skarżący wywnioskował, że poświadczył on nieprawdę będąc zainspirowanym przez sąsiadów <xAnon> (...)</xAnon>, z którymi apelujący pozostaje w konflikcie. Ponadto nieprawdą jest, by w dniu zdarzenia on sam spożywał z <xAnon>K. B. (2)</xAnon> alkohol.</xText>
          <xText>W konsekwencji wniósł o uchylenie zaskarżonego wyroku i przekazania sprawy Sądowi Rejonowemu do ponownego rozpoznania.</xText>
          <xText>
            <xBx>
              <xUx>Sąd zważył co następuje: </xUx>
            </xBx>
          </xText>
          <xText>Apelacje oskarżonych i ich obrońców są bezzasadne i to w stopniu oczywistym.</xText>
          <xText>Na wstępie należy zauważyć, że zarzut błędu w ustaleniach faktycznych przyjętych za podstawę wyroku jest tylko wówczas słuszny, gdy zasadność ocen i wniosków wyprowadzanych przez Sąd orzekający z okoliczności ujawnionych w toku przewodu sądowego, nie odpowiada prawidłowości logicznego rozumowania.</xText>
          <xText>Zarzut ten nie może sprowadzać się do samej polemiki z ustaleniami Sądu, wyrażonymi w uzasadnieniu wyroku, lecz do wykazania, jakich konkretnie uchybień w zakresie logicznego rozumowania dopuścił się Sąd w ocenie zebranego materiału dowodowego.</xText>
          <xText>Możliwość zaś przeciwstawienia ustaleniom Sądu orzekającego odmiennego poglądu nie może prowadzić do wniosku o dokonaniu przez ten organ błędnych ustaleń faktycznych.</xText>
          <xText>Inaczej mówiąc zarzut błędu w ustaleniach faktycznych nie może sprowadzać się do samej tylko odmiennej oceny materiału dowodowego, lecz powinien polegać na wskazaniu jakich uchybień w świetle wiedzy i doświadczenia życiowego dopuścił się Sąd w dokonanej przez siebie ocenie tego materiału.</xText>
          <xText>Należy podkreślić, że przepisy <xLexLink xArt="" xIsapId="WDU19970890555" xTitle="Ustawa z dnia 6 czerwca 1997 r. - Kodeks postępowania karnego" xAddress="Dz. U. z 1997 r. Nr 89, poz. 555">Kodeksu postępowania karnego</xLexLink> nie zawierają żadnych dyrektyw, które nakazywałyby określone ustosunkowanie się przez Sąd do konkretnych dowodów, jak również nie wprowadzają różnic co do wartości dowodowej poszczególnych rodzajów dowodów. Nie dają również prymatu dowodom osobowym złożonym przed Sądem nad tymi, które były składane w postępowaniu przygotowawczym, jak również odwrotnie, gdyż o wartości dowodowej nie decyduje stadium postępowania w jakim dowód był złożony, ale jego treść konfrontowana z innymi dowodami.</xText>
          <xText>Godzi się wskazać, iż na Sądzie orzekającym spoczywa obowiązek przeprowadzenia postępowania dowodowego w sposób wyczerpujący, przy czym przy gromadzeniu dowodów muszą być uwzględnione okoliczności przemawiające zarówno za jak i przeciw oskarżonym. Następnie zebrane dowody, w tym wyjaśnienia oskarżonych i zeznania świadków, które zostały ujawnione przed Sądem w przewidziany prawem sposób, muszą być poddane wnikliwej analizie i ocenie w sposób niekłócący się ze wskazaniami wiedzy i zasadami doświadczenia życiowego, zaś ustalenia poczynione w oparciu o tak dokonaną ocenę nie mogą wykazywać błędów tak faktycznych jak i logicznych.</xText>
          <xText>W świetle powyższych rozważań stwierdzić należy, że Sąd Rejonowy w sposób prawidłowy przeprowadził przewód sądowy gromadząc materiał dowodowy pozwalający na merytoryczne rozstrzygnięcie sprawy, a w pisemnym uzasadnieniu wskazał te wszystkie dowody, które pozwoliły na uznanie, iż w sprawie nie ma wątpliwości co do ustalonego stanu faktycznego. Ustalenia dokonane przez Sąd a quo nie wykraczają poza granice swobodnej oceny dowodów, poczynione zostały na podstawie wszechstronnej ich analizy, których ocena nie wykazała błędów natury faktycznej i logicznej, zgodna była z zasadami wiedzy i doświadczenia życiowego znajdując odzwierciedlenie w uzasadnieniu orzeczenia. W uzasadnieniu tym Sąd wskazał a quo jakie fakty uznał za udowodnione, na czym oparł poszczególne ustalenia i dlaczego nie uznał dowodów przeciwnych, a następnie wyprowadził z dokonanych ustaleń prawidłowe wnioski w zakresie sprawstwa oskarżonego, przyjętej kwalifikacji prawnej, jak i orzeczonej kary.</xText>
          <xText>W przedmiotowej sprawie nie stwierdzono również obrazy przepisów postępowania, która mogłaby mieć wpływ na treść rozstrzygnięcia.</xText>
          <xText>Przypomnieć trzeba, że swobodna ocena materiału dowodowego stanowi uprawnienie Sądu i pozostaje pod ochroną <xLexLink xArt="art. 7" xIsapId="WDU19970890555" xTitle="Ustawa z dnia 6 czerwca 1997 r. - Kodeks postępowania karnego" xAddress="Dz. U. z 1997 r. Nr 89, poz. 555">art.7 k.p.k.</xLexLink> dopóki skarżący nie wykaże, że Sąd ten oparł rozstrzygnięcie na okolicznościach nieujawnionych w toku przewodu sądowego, bądź też ujawnionych, ale ocenionych w sposób sprzeczny ze wskazaniami wiedzy, logiki i doświadczenia życiowego. W zaistniałej sprawie tego typu okoliczności nie zostały wykazane przez apelujących.</xText>
          <xText>Należy również przypomnieć, że zastosowanie w procesie zasady in dubio pro reo, czyli nakazu rozstrzygania niedających się usunąć rozbieżności na korzyść oskarżonego nie może prowadzić do traktowania tychże w sposób uproszczony. Dla oceny, czy nie został naruszony ten nakaz nie są wystarczające wątpliwości zgłoszone przez apelujących. Nakaz ten nie oznacza bowiem obowiązku wyboru przez Sąd najkorzystniejszej dla oskarżonego wersji, lecz stanowi zakaz kreowania niekorzystnych domniemań, gdy nie jest możliwe ustalenie faktów. Niewyczerpująca, niedokładna (w ocenie skarżącego) analiza materiału dowodowego nie może stwarzać podstawy do sięgania po ten przepis, którego adresatem jest, co warte podkreślenia, Sąd a nie uczestnik postępowania, albowiem w omawianym przepisie mowa jest o wątpliwościach, które podczas rozstrzygania sprawy powziął Sąd (por. Marek Cieślak „Polska procedura karna” s. 342-343, wyd. PWN 1973r., wyrok SN z 14 maja 1999r. sygn. akt IV KKN 714/98 OSNPiP 4/2000 poz.8, postanowienie SN z 21 lipca 2009r. sygn. akt IV KK 142/09, postanowienie SN z 5 sierpnia 2009r. sygn. akt II K 36/09 OSNKW 9/2009 poz.80). Tak więc, jeżeli pewne ustalenia faktyczne są rezultatem przyznania waloru wiarygodności tej lub innej grupie dowodów, to w sposób uzasadniony nie można stawiać zarzutu naruszenia reguły, o której mowa w <xLexLink xArt="art. 5;art. 5 § 2" xIsapId="WDU19970890555" xTitle="Ustawa z dnia 6 czerwca 1997 r. - Kodeks postępowania karnego" xAddress="Dz. U. z 1997 r. Nr 89, poz. 555">art.5 § 2 k.p.k.</xLexLink>. Ewentualne zastrzeżenia odnoszące się do wiarygodności konkretnego dowodu mogą być rozstrzygane jedynie w płaszczyźnie utrzymania się przez Sąd meriti w granicach sędziowskiej swobodnej oceny, mającej swoje zakotwiczenie w <xLexLink xArt="art. 7" xIsapId="WDU19970890555" xTitle="Ustawa z dnia 6 czerwca 1997 r. - Kodeks postępowania karnego" xAddress="Dz. U. z 1997 r. Nr 89, poz. 555">art.7 k.p.k.</xLexLink>, względnie przekroczenia tychże granic i wkroczenia w sferę dowolności ocen.</xText>
          <xText>Sąd Okręgowy w pełni podziela zawarte w uzasadnieniu zaskarżonego wyroku ustalenia Sądu Rejonowego w Słupsku w zakresie dokonanych ustaleń faktycznych i związanej z tym argumentacji, stąd zbędne staje się ich szczegółowe odnoszenie się w uzasadnieniu do zarzutów apelacji, gdyż byłoby to zbędnym powtórzeniem argumentacji tego Sądu (por. wyrok SN z dnia 15 kwietnia 2009r. sygnatura akta III K 381/08).</xText>
          <xText>Nawiązując natomiast do apelacji obrońcy <xAnon>A. S. (1)</xAnon> stwierdzić należy, iż na stronie 13 uzasadnienia Sąd Rejonowy w istocie wspomina o małoletnim chłopaku, który został wylegitymowany przez Policję, a następnie udał się do domu. Niewątpliwie był nim <xAnon>K. K.</xAnon> co jednoznacznie wynika z treści zabezpieczonych notatników służbowych (k.111-120) w powiązaniu z zeznaniami funkcjonariuszy Policji <xAnon>A. S. (3)</xAnon> oraz <xAnon>R. K.</xAnon> i wyjaśnieniami <xAnon>M. H.</xAnon>. Żaden z przeprowadzonych w sprawie dowodów nie wskazuje jednak, by <xAnon>K. K.</xAnon> był obecny podczas dokonania rozboju na osobie <xAnon>T. H.</xAnon>. <xAnon>M. H.</xAnon> stwierdził wręcz, że wspomniany „małolat” został przez policjantów „wygoniony” do domu. Oskarżony ten wyjaśniając po raz pierwszy o tym, iż <xAnon>A. S. (1)</xAnon> poszarpał pokrzywdzonego dowiedział się od „małolatów” również nie wskazuje na <xAnon>K. K.</xAnon>. Potem diametralnie zmienia swoje wyjaśnienia potwierdzając, że przedmiotowego przestępstwa dopuścił się zarówno on jak i <xAnon>A. S. (1)</xAnon>, co Sąd I instancji poddał wnikliwej analizie uznając pierwszą relację wyżej wymienionego w tym zakresie za niewiarygodną. Sąd Odwoławczy w pełni zgadza się z tymi wywodami, stąd nie ma potrzeby ponownego ich przytaczania.</xText>
          <xText>Poza zarzutem dotyczącym braku przesłuchania w charakterze świadka <xAnon>M. K.</xAnon> obrońca nie uzasadnia takiej konieczności w jakikolwiek inny sposób, a tym samym pozbawia Sąd Okręgowy możliwości odniesienia się od występującego jego zdaniem uchybienia. Znamiennym jest, iż Sąd Rejonowy nie był w stanie przeprowadzić tego dowodu z uwagi na to, iż nie znał miejsca pobytu wyżej wymienionej osoby.</xText>
          <xText>Okoliczność, że <xAnon>T. H.</xAnon> znajdował się w czasie inkryminowanego zdarzenia pod wpływem alkoholu nie stanowi jeszcze samo w sobie podstawy do uznania, że złożone przez niego zeznania uznać należy za niewiarygodne zwłaszcza, że jak słusznie wyłożył Sąd Rejonowy znajdują one przekonujące poparcie w innych dowodach, w tym określonych wyjaśnieniach <xAnon>M. H.</xAnon>. Pierwsze przesłuchanie wspomnianego świadka odbyło się zaś 18 sierpnia 2010r., kiedy to jak wynika z badań na zawartość alkoholu w jego organizmie, niewątpliwie był trzeźwy.</xText>
          <xText>Trzeba pamiętać, iż <xAnon>T. H.</xAnon> nie znał oskarżonego, zaś od momentu zdarzenia do czasu rozprawy minął długi okres czasu, a w momencie pierwszej wizyty w Sądzie znajdował się rzeczywiście pod wpływem alkoholu. Sumując oba te czynniki uznać trzeba, że ówczesne nierozpoznanie oskarżonego nie może w świetle zasad doświadczenia życiowego prowadzić do kwestionowania prawdziwości jego zeznań w zakresie, w którym Sąd dał im wiarę, w sposób logiczny i przekonujący to uzasadniając.</xText>
          <xText>Sąd Rejonowy poddał również właściwej analizie zeznania <xAnon>Z. B.</xAnon> oraz <xAnon>J. C.</xAnon>, którą Sąd Odwoławczy również uznał za prawidłową. Skarżący poza koniecznością przeprowadzenia konfrontacji między tymi osobami nie podał zresztą konkretnych powodów, wskazujących, iż była ona niezbędna. Należy zauważyć, iż <xLexLink xArt="art. 172" xIsapId="WDU19970890555" xTitle="Ustawa z dnia 6 czerwca 1997 r. - Kodeks postępowania karnego" xAddress="Dz. U. z 1997 r. Nr 89, poz. 555">art.172 k.p.k.</xLexLink> nie nakłada na Sąd obowiązku przeprowadzenia konfrontacji świadków w każdym wypadku sprzeczności w ich zeznaniach, lecz tylko w sytuacji, gdy może to się przyczynić do prawidłowego ustalenia stanu faktycznego (między innymi Postanowienie Sądu Najwyższego - Izba Karna z dnia 27 lutego 2001 r. III KKN 484/99).</xText>
          <xText>Ogólnikowe powołanie się na znane z pewnością Sądowi Rejonowemu oświadczenia <xAnon>A. S. (1)</xAnon> i mające je potwierdzać zeznania <xAnon>Z. B.</xAnon> w braku szerszej argumentacji nie może stać się powodem do uwzględnienia wniesionej apelacji. Dla porządku należy podnieść, że na k.525 znajduje się protokół rozprawy.</xText>
          <xText>Uzasadniając swoje stanowisko odnośnie zarzutu III obrońca ponownie nie przytacza w tym zakresie szerszej argumentacji powołując się jedynie na treść wcześniej złożonego wniosku, który podobnie jak dalsze wywody dotyczące działania na szkodę <xAnon>B.</xAnon> ma charakter wyłącznie polemiczny.</xText>
          <xText>Poza tym, iż skarżący wyciągając w oparciu o posiadane przez siebie doświadczenie inne wniosku niż Sąd Rejonowy nie przedstawia żadnej zasadnej argumentacji mogącej prowadzić do obalenia właściwie poczynionych i uzasadnionych przez ten organ ustaleń.</xText>
          <xText xALIGNx="center">*</xText>
          <xText>Jeżeli chodzi o apelację wniesioną przez <xAnon>A. S. (1)</xAnon> to zdaniem Sądu Okręgowego ma ona charakter wyłącznie polemiczny.</xText>
          <xText>Oskarżony zdaje się nie zauważać, iż Sąd Rejonowy dokonał szczegółowej analizy zarówno zeznań jak i postępowania <xAnon>K. B. (1)</xAnon>.</xText>
          <xText>Słusznie przy tym wskazał, że powodem ujawnienia okoliczności przestępstwa popełnionego na szkodę tego świadka po upływie około 5 miesięcy nie była inicjatywa pokrzywdzonego. Doszło do tego bowiem w wyniku czynności przeprowadzonych w innej sprawie co jasno wynika z akt (strona 18 uzasadnienia). Tym samym okoliczność ta nie może stanowić powodu do uznania zeznań wyżej wymienionego za niewiarygodne i złożone za czyjąkolwiek namową. Pierwsze przesłuchanie <xAnon>K. B. (1)</xAnon> odbyło się przecież z inicjatywy funkcjonariuszy Policji co ponownie słusznie ujęto w uzasadnieniu zaskarżonego wyroku (strona 20).</xText>
          <xText>Po wtóre zabezpieczone w sprawie nagranie rozmowy <xAnon>K. B. (1)</xAnon> z funkcjonariuszem dyżurnym nie pozostawia wątpliwości, iż świadek ten zawiadomił o zaistniałym zdarzeniu Policję i to trzykrotnie. Logicznym jest zatem, iż postępując konsekwentnie udał się osobiście do właściwego Komisariatu. Z zeznań pokrzywdzonego wynika, iż z własnej woli opuścił tą jednostkę Policji, ponieważ źle się czuł. Okoliczność, że rzeczywiście został wcześniej pobity, co musiało mieć wpływ na jego samopoczucie, wynika natomiast z zeznań świadków, którzy niedługo później mieli z nim kontakt, to jest <xAnon>B. W.</xAnon>, <xAnon>K. W.</xAnon>, <xAnon>D. S.</xAnon>, <xAnon>A. S. (4)</xAnon> oraz <xAnon>P. P.</xAnon>. Ponadto już w kwietniu 2010r. <xAnon>K. B. (1)</xAnon> opowiedział <xAnon>K. W.</xAnon>, <xAnon>D. S.</xAnon> i <xAnon>A. S. (4)</xAnon>, że oskarżeni zabrali mu telefon i został przez nich pobity, co również nie uszło uwadze Sądowi Rejonowego (strona 21-22 uzasadnienia). Z niebudzących wątpliwości zeznań <xAnon>J. K. (2)</xAnon> wynika zaś, że o ile pokrzywdzony będąc na Komisariacie nie został przesłuchany, to nie odnotowano jego tam obecności.</xText>
          <xText>Sąd I instancji dostrzegł rozbieżności z zeznaniach <xAnon>K. B. (1)</xAnon> odnośnie zaboru należącego do niego telefonu komórkowego. W sposób zgodny z zasadami logiki i doświadczenia życiowego uznał, iż wynika z to upływu czasu słusznie przyjmując, że świadek jest konsekwentny co do tego, iż telefon w istocie mu zabrano i uznając w tym zakresie wersję dla oskarżonych najkorzystniejszą. Odniósł się również do zeznań <xAnon>K. W.</xAnon>, <xAnon>D. S.</xAnon> i <xAnon>A. S. (4)</xAnon>, z których wynika, iż aparat telefoniczny miał zostać zerwany z szyi pokrzywdzonego jeszcze na klatce schodowej. Zasadnie zauważył również, że wspomniane dowody nie mają charakteru bezpośredniego. Należy nadto zwrócić uwagę, że jak wynika z zeznań <xAnon>D. S.</xAnon> pokrzywdzony opowiadał o zdarzeniu w sposób chaotyczny, stąd świadek nie wszystko zrozumiał, co było niewątpliwie jedną z przyczyn rozbieżności między zeznaniami <xAnon>K. B. (1)</xAnon>, a zeznaniami wspomnianej grupy świadków. Rozbieżności te nie mogą w tej sytuacji wpływać na słuszne ustalenia Sądu Rejonowego.</xText>
          <xText>Kwestia wskazania przez <xAnon>T. H.</xAnon> innej osoby była przedmiotem rozważań dotyczących apelacji wniesionej przez obrońcę <xAnon>A. S. (1)</xAnon>, w związku z czym wystarczy obecnie jedynie odesłanie skarżącego do wymienionych tam argumentów. Jeżeli zaś chodzi o zabezpieczony w sprawie monitoring, to mimo podjętych prób Sądowi nie udało się uzyskać tego dowodu (k.656). Ponadto otrzymał on jednoznaczną informację, że policyjny system elektroniczny nie odnotował w dniu zdarzenia jakiegokolwiek zgłoszenia ze strony <xAnon>A. S. (1)</xAnon> (k.699).</xText>
          <xText>Co się zaś tyczy <xAnon>A. W.</xAnon> to skarżący przedstawiając własną ocenę jego zeznań nie wskazał żadnych argumentów pozwalających na uznanie, że zostały one nieprawidłowo ocenione przez Sąd Rejonowy.</xText>
          <xText xALIGNx="center">*</xText>
          <xText>Jeżeli chodzi o zarzuty apelacyjne obrońcy <xAnon>Z. S.</xAnon> dotyczące występowania rozbieżności w zeznaniach <xAnon>K. B. (1)</xAnon> w zakresie użycia wobec niego siły przez wspomnianego oskarżonego, to należy w pełni odwołać się do poczynionych w tym zakresie rozważań przez Sąd Rejonowy (strona 26 uzasadnienia). Odniesiono tam dowód z zeznań tego świadka zarówno do zeznań <xAnon>P. P.</xAnon>, któremu <xAnon>K. B. (1)</xAnon> miał wspomnieć o większej ilości napastników, jak i przede wszystkim do treści zgłoszenia telefonicznego, w którym pokrzywdzony wskazuje, że interwencja Policji jest związana z tym, iż „chcieli go pobić”, a zatem w grę wchodziła więcej niż jedna osoba. W świetle tych dowodów bezspornie słusznie przyjęto wiarygodność pokrzywdzonego kiedy wspomniał o dwóch sprawcach pobicia go i uznano, że późniejsza częściowa zmiana zeznań w tym zakresie wynika z upływu czasu powodującego zatarcie się szczegółów w pamięci.</xText>
          <xText>Twierdzenie, iż oskarżony <xAnon>Z. S.</xAnon> po powrocie ze szpitala, a więc kiedy stan zdrowia pozwalał mu na samodzielne funkcjonowanie nie byłby w stanie uderzać i kopać pokrzywdzonego, który w tym samym czasie musiał bronić się również przed jego bratem, a zatem w sytuacji kiedy napastnicy mieli nad nim przewagę, nie może się ostać w świetle zasad doświadczenia życiowego. Sąd Rejonowy bardzo szeroko ocenił również sprzeczności w wyjaśnieniach oskarżonych wykazując, że mają one na celu obronę przed grożącą im odpowiedzialnością karną i motywując dlaczego nie można im dać wiary także w omawianym zakresie co znajduje uznanie u Sądu Okręgowego zwalniając go z konieczności ponownego przytaczania tych samych argumentów.</xText>
          <xText>Oddziaływanie alkoholu na określone osoby zależy w dużej mierze od cech osobniczych. Samo spożycie nawet znacznej ilości tego środka nie powoduje jeszcze automatycznie utraty pamięci, stąd związane z tym a zawarte w apelacji wywody dotyczące stanu nietrzeźwości <xAnon>K. B. (1)</xAnon> nie mogły zostać uwzględnione.</xText>
          <xText>Kwestia rozbieżności między zeznaniami pokrzywdzonego, a wspomnianych przez obrońcę świadków ze słyszenia była już omawiana przy okazji rozpatrywania argumentów zawartych w apelacji <xAnon>A. S. (1)</xAnon>, stąd obecnie wystarczy jedynie odesłanie do wcześniejszej części uzasadnienia.</xText>
          <xText xALIGNx="center">*</xText>
          <xText>Odnosząc się do apelacji <xAnon>Z. S.</xAnon> uznać należy, że umknęło mu, iż z opinii biegłego z zakresu medycyny wynika, iż pokrzywdzony mógł doznać wynikających z akt obrażeń w sposób przez siebie opisany, w tym przy użyciu wspomnianego kija. Ocena taka wymaga wiadomości specjalnych, których oskarżony nie posiada, a zatem poczynione przez niego wywody nie mogą prowadzić do kwestionowania wniosków wyciągniętych przez wspomnianego biegłego. Odnosząc się do apelacji oskarżonego <xAnon>A. S. (1)</xAnon> ustosunkowano się do zarzutu dotyczącego złożenia przez <xAnon>K. B. (1)</xAnon> zeznań po upływie kilku miesięcy od zdarzenia oraz do rzekomego współdziałania z rodziną <xAnon> (...)</xAnon>, zatem należy w tym zakresie odesłać skarżącego do wcześniejszej części uzasadnienia. Dodać jedynie należy, iż skoro pokrzywdzony postanowił, że nie będzie dążył do zajęcia się sprawą organów ścigania, to tym samym nie miał potrzeby sporządzania obdukcji lekarskiej.</xText>
          <xText>Sąd Rejonowy odniósł się nadto do kwestii pożyczenia przez <xAnon>K. A.</xAnon><xAnon>S.</xAnon> telefonu marki <xAnon> (...)</xAnon> uznając, że miało to miejsce wcześniej. Skarżący poza przedstawieniem, iż do takiego pożyczenia doszło nie wskazał żadnych argumentów, które miałyby kwestionować zawarte w uzasadnieniu Sądu I instancji ustalenia.</xText>
          <xText>Podsumowując dotychczasowe rozważania powtórzyć trzeba, że kompleksowa analiza zgromadzonego materiału dowodowego prowadzi do wniosku, iż ustalenia faktyczne, jakie na jego podstawie poczynił Sąd Rejonowy są prawdziwe i odpowiadające tym dowodom. Sąd ten nie dopuścił się obrazy przepisów postępowania, ani nie popełnił błędu w ustaleniach faktycznych, przeprowadził niezbędne dla prawidłowego wyrokowania dowody i tak zgromadzony materiał ocenił w sposób wszechstronny oraz pozbawiony błędów natury faktycznej, czy też logicznej.</xText>
          <xText>Tym samym Sad Odwoławczy utrzymał w mocy zaskarżony wyrok uznając apelacja oskarżonych i ich obrońców za oczywiście bezzasadne.</xText>
          <xText>O kosztach sądowych w postępowaniu odwoławczym orzeczono na mocy <xLexLink xArt="art. 624;art. 624 § 1" xIsapId="WDU19970890555" xTitle="Ustawa z dnia 6 czerwca 1997 r. - Kodeks postępowania karnego" xAddress="Dz. U. z 1997 r. Nr 89, poz. 555">art.624 § 1 k.p.k.</xLexLink> i <xLexLink xArt="art. 634" xIsapId="WDU19970890555" xTitle="Ustawa z dnia 6 czerwca 1997 r. - Kodeks postępowania karnego" xAddress="Dz. U. z 1997 r. Nr 89, poz. 555">art.634 k.p.k.</xLexLink>, a o wynagrodzeniu za obronę z urzędu na podstawie <xLexLink xArt="§ 14;§ 14 ust. 2;§ 14 ust. 2 pkt. 5" xIsapId="WDU20021631348" xTitle="Rozporządzenie Ministra Sprawiedliwości z dnia 28 września 2002 r. w sprawie opłat za czynności adwokackie oraz ponoszenia przez Skarb Państwa kosztów nieopłaconej pomocy prawnej udzielonej z urzędu" xAddress="Dz. U. z 2002 r. Nr 163, poz. 1348">§ 14 ust.2 pkt.5 rozporządzenia Ministra Sprawiedliwości z dnia 28 września 2002r. w sprawie opłat za czynności adwokackie oraz ponoszenia przez Skarb Państwa kosztów nieopłaconej pomocy prawnej udzielonej z urzędu</xLexLink> (Dz.U. z 3 października 2002r. nr. 63 poz. 1348).</xText>
        </xUnit>
      </xBlock>
    </xPart>
  </judgement>
<judgement id="155515000002006_IV_Ka_000174_2013_Uz_2013-03-07_001">
    <xPart xEditorFullName="Anna Brammen" xYear="2013" xLang="PL" xPublisherFullName="Małgorzata Juszczak" xFromPg="1" xEditor="abrammen" xVolType="15/551500/0002006/Ka" xPublisher="mjuszczak" xDocType="Uz" xVolNmbr="000174" xVersion="1.0" xToPage="4" xFlag="published">
      <xName>Wyrok+Uzasadnienie</xName>
      <xBlock>
        <xText>Sygn. akt <xBx>IV Ka 174/13</xBx></xText>
        
        <xUnit xIsTitle="true" xBold="true" xType="part">
          <xName>WYROK</xName>
          <xTitle>W IMIENIU RZECZYPOSPOLITEJ POLSKIEJ</xTitle>
          <xText xALIGNx="right">Dnia 7 marca 2013 r.</xText>
          
          <xText>Sąd Okręgowy w Szczecinie w IV Wydziale Karnym Odwoławczym w składzie:</xText>
          <xText>Przewodnicząca: SSO Beata Marzec</xText>
          <xText>Protokolant: Aneta Maziarek</xText>
          
          <xText>po rozpoznaniu w dniu 7 marca 2013 r.</xText>
          <xText>sprawy <xBx><xAnon>J. K.</xAnon></xBx></xText>
          <xText>obwinionej z art. 124 § 1 kw</xText>
          <xText>na skutek apelacji wniesionej przez obwinioną</xText>
          <xText>od wyroku Sądu Rejonowego w Goleniowie</xText>
          <xText>z dnia 5 grudnia 2012 r. sygn. akt II W 587/11</xText>
          
          <xUnit xIsTitle="false" xType="none">
            <xName xSffx=".">I</xName>
            <xText>uchyla zaskarżony wyrok i przyjmując, iż wartość szkody wynosiła 270,60 (dwieście siedemdziesiąt i 60/100) złotych, postępowanie przeciwko obwinionej o wykroczenie z art. 124 § 1 kw na podstawie art. 5 § 1 pkt 9 kpow umarza,</xText>
          </xUnit>
          <xUnit xIsTitle="false" xType="none">
            <xName xSffx=".">II</xName>
            <xText>kosztami postępowania w sprawie obciąża Skarb Państwa.</xText>
          </xUnit>
          
          <xText>Sygn. akt IV Ka 174/13</xText>
        </xUnit>
        <xUnit xIsTitle="true" xBold="true" xType="part">
          <xName>UZASADNIENIE</xName>
          <xText><xAnon>J. K.</xAnon>została obwiniona o to, że w dniu 16 kwietnia 2011 r. o godz. 19.00 w miejscowości <xAnon>D.</xAnon>gm. <xAnon>M.</xAnon>, na klatce schodowej pod nr 52b, umyślnie uszkodziła aparat fotograficzny <xAnon>(...)</xAnon>o łącznej wartości strat 250zł na szkodę <xAnon>A. B.</xAnon></xText>
          <xText>Sąd Rejonowy w Goleniowie wyrokiem z dnia 5 grudnia 2012 r. sygn. akt 587/11 uznał obwinioną <xAnon>J. K.</xAnon> za sprawcę zarzucanego jej czynu ustalając wartość szkody na kwotę 270,60 zł i na podstawie <xLexLink xArt="art. 5;art. 5 § 1;art. 5 § 1 pkt. 9" xIsapId="WDU20011061148" xTitle="Ustawa z dnia 24 sierpnia 2001 r. - Kodeks postępowania w sprawach o wykroczenia" xAddress="Dz. U. z 2001 r. Nr 106, poz. 1148">art. 5 § 1 pkt 9 kpw</xLexLink> postępowanie o ten czyn umorzył. Na podstawie <xLexLink xArt="art. 118;art. 118 § 2" xIsapId="WDU20011061148" xTitle="Ustawa z dnia 24 sierpnia 2001 r. - Kodeks postępowania w sprawach o wykroczenia" xAddress="Dz. U. z 2001 r. Nr 106, poz. 1148">art. 118 § 2 kpw</xLexLink> kosztami postępowania obciążył Skarb Państwa.</xText>
          <xText>Apelację wprost od powyższego wyroku wywiodła obwiniona. Zaskarżyła ona wyrok w całości oświadczając, że jest niewinna bo nie popełniła żadnego wykroczenia, a tym bardziej przestępstwa. Obwiniona zakwestionowała wycenę uszkodzeń aparatu jako zawyżoną i sporządzoną nierzetelnie domagając się ponownej opinii, nie zgodziła się z ustalonym zakresem uszkodzeń aparatu, podniosła fakt złożenia aparatu do akt sprawy dopiero po upływie roku od dnia zdarzenia, podważyła autentyczność zapisu wideo będącego dowodem w sprawie oraz zarzuciła udostępnienie do wglądu akt sprawy pokrzywdzonej,</xText>
          <xText>Obwiniona wniosła o uniewinnienie jej od zarzucanego jej czynu, ewentualnie o przekazanie sprawy do ponownego rozpoznania Sądowi I instancji oraz powołanie biegłego do sporządzenia wyceny naprawy uszkodzonego aparatu.</xText>
          <xText xALIGNx="center">
            <xBx>Sąd Okręgowy zważył, co następuje:</xBx>
          </xText>
          <xText>Apelacja obwinionej okazała się o tyle skuteczna, o ile doprowadziła do uchylenia zaskarżonego wyroku i umorzenia postępowania po przyjęciu za Sądem Rejonowym, że wartość szkody wynosi 270,60 zł.</xText>
          <xText>W rozpatrywanej sprawie <xAnon>J. K.</xAnon>we wniosku o ukaranie obwiniono o to, że umyślnie uszkodziła aparat fotograficzny <xAnon>(...)</xAnon>powodując szkody o wartości 250 zł. Sąd Rejonowy po przeprowadzeniu postępowania dowodowego wydał wyrok, którym uznał obwinioną <xAnon>J. K.</xAnon>za sprawcę zarzucanego jej czynu i ustalając wartość szkody na kwotę 270,60 zł, na podstawie <xLexLink xArt="art. 5;art. 5 § 1;art. 5 § 1 pkt. 9" xIsapId="WDU20011061148" xTitle="Ustawa z dnia 24 sierpnia 2001 r. - Kodeks postępowania w sprawach o wykroczenia" xAddress="Dz. U. z 2001 r. Nr 106, poz. 1148">art. 5 § 1 pkt 9 kpw</xLexLink> postępowanie o ten czyn umorzył. W uzasadnieniu swego wyroku Sąd wskazał, że „<xIx> według wyceny z <xAnon>Zakładu (...)</xAnon>w <xAnon>S.</xAnon>, koszt naprawy wynosi 270,60 zł, na co składają się koszty części, robocizny i należny podatek VAT.</xIx>”</xText>
          <xText>Ustalenie to dotyczące wartości szkody stało się przedmiotem zarzutów postawionych w apelacji obwinionej, kwestionującej wycenę jako zawyżoną i nierzetelną, wymagającą opinii biegłego sądowego.</xText>
          <xText>Wbrew stanowisku apelującej, Sąd merytorycznie właściwy w sposób uprawniony i dopuszczony przepisami <xLexLink xArt="" xIsapId="WDU20011061148" xTitle="Ustawa z dnia 24 sierpnia 2001 r. - Kodeks postępowania w sprawach o wykroczenia" xAddress="Dz. U. z 2001 r. Nr 106, poz. 1148">kodeksu postępowania w sprawach o wykroczenia</xLexLink> ustalił wartość szkody na podstawie wyceny uzyskanej od <xAnon>K.</xAnon> Serwis w <xAnon>S.</xAnon>, słusznie nie znajdując przesłanek przemawiających za zakwestionowaniem sporządzonego przez niniejszy serwis kosztorysu. Wiarygodność tego dowodu wzmaga dodatkowo notatka sporządzona przez <xAnon> firmę (...)</xAnon> (k. 7), wedle której koszt naprawy aparatu przewyższa wartość urządzenia, które w momencie zakupu (w 2010 roku) jak podaje pokrzywdzona kosztowało 390 zł.</xText>
          <xText>Chociaż <xAnon> firma (...)</xAnon> w <xAnon>S.</xAnon> nie posiada statusu biegłego sądowego, jednakże w związku z pełnioną przez nią działalnością polegającą na naprawie sprzętu fotograficznego w sposób ciągły i zorganizowany należy uznać, że posiada niezbędną wiedzę w kwestii zarówno koniecznego zakresu napraw jak i przede wszystkim ich kosztu. Zgodnie z <xLexLink xArt="art. 195" xIsapId="WDU19970890555" xTitle="Ustawa z dnia 6 czerwca 1997 r. - Kodeks postępowania karnego" xAddress="Dz. U. z 1997 r. Nr 89, poz. 555">art. 195 kpk</xLexLink> w zw. z <xLexLink xArt="art. 42;art. 42 § 1" xIsapId="WDU20011061148" xTitle="Ustawa z dnia 24 sierpnia 2001 r. - Kodeks postępowania w sprawach o wykroczenia" xAddress="Dz. U. z 2001 r. Nr 106, poz. 1148">art. 42 § 1 kpw</xLexLink> czynności należące do zakresu pracy biegłego może pełnić każdy, kto ma odpowiednią wiedzę i bez względu na to, czy został wpisany na listę biegłych przez prezesa sądu okręgowego. Istotne jest, aby osoba powołana do sporządzenia opinii dysponowała możliwie najwyższymi kwalifikacjami w danej dziedzinie, a w stosunku do pracownika <xAnon>K.</xAnon> Serwis nie istnieje zasadne przypuszczenie, aby takich kwalifikacji nie posiadał, a Sąd I instancji postanowieniem wydanym na rozprawie dnia 2 marca 2012 r. dopuścił dowód z opinii zakładu zajmującego się naprawą aparatów fotograficznych. Apelująca sugerując możliwość stronniczości osób zatrudnionych w <xAnon>K.</xAnon> Serwis w <xAnon>S.</xAnon>, w żaden sposób okoliczności tej nawet nie uprawdopodobniła</xText>
          <xText>Należy przy tym zauważyć, że przepisy <xLexLink xArt="" xIsapId="WDU20011061148" xTitle="Ustawa z dnia 24 sierpnia 2001 r. - Kodeks postępowania w sprawach o wykroczenia" xAddress="Dz. U. z 2001 r. Nr 106, poz. 1148">kodeksu postępowania w sprawach o wykroczenia</xLexLink> nie nakładają na sąd obowiązku ustalania wartości szkody każdorazowo w oparciu o opinię biegłych, często za wystarczające przyjmuje się zeznania pokrzywdzonych i podawaną przez nich wartość szkody o ile nie budzi ona zastrzeżeń w świetle zasad wiedzy i doświadczenia życiowego.</xText>
          <xText>Nie mając zatem podstaw do podważenia ustaleń Sądu I instancji, co do wartości szkody, Sąd Okręgowy zaakceptował je i nie przychylił się w tym zakresie do apelacji obwinionej, która się z nimi nie zgadzała.</xText>
          <xText>Niemożliwe było jednak zaaprobowanie wyroku Sądu Rejonowego w części, w której uznano nim obwinioną za „sprawcę zarzucanego jej czynu”, a w pisemnym uzasadnieniu poczyniono odpowiadające temu ustalenia i oceniono materiał dowodowy pod kątem sprawstwa i winy <xAnon>J. K.</xAnon>, skoro jednocześnie tymże wyrokiem umorzono postępowanie na podstawie <xLexLink xArt="art. 5;art. 5 § 1;art. 5 § 1 pkt. 9" xIsapId="WDU19970880553" xTitle="Ustawa z dnia 6 czerwca 1997 r. - Kodeks karny" xAddress="Dz. U. z 1997 r. Nr 88, poz. 553">art. 5 § 1 pkt 9</xLexLink> kpow gdyż, jak wskazano w uzasadnieniu, przyjęto, że czyn stanowi przestępstwo z <xLexLink xArt="art. 288;art. 288 § 1" xIsapId="WDU19970880553" xTitle="Ustawa z dnia 6 czerwca 1997 r. - Kodeks karny" xAddress="Dz. U. z 1997 r. Nr 88, poz. 553">art. 288 § 1 kk</xLexLink> i brak jest skargi uprawnionego oskarżyciela.</xText>
          <xText>O ile nie budzi zastrzeżeń prawidłowość rozstrzygnięcia Sądu Rejonowego w przedmiocie umorzenia postępowania na podstawie art. 5 § 1 pkt 9 kpow, o tyle jednoczesne uznanie sprawstwa obwinionej, co do zarzucanego jej czynu (a więc wykroczenia) było niedopuszczalne i czyni orzeczenie to wewnętrznie sprzecznym. Skoro zachodzi ujemna przesłanka procesowa to po myśli art. 62 § 1 i 2 kpow w zb. z art. 5 § 1 pkt 9 kpow wydanie wyroku „skazująco-umarzającego” jest niedopuszczalne. Na takim samym stanowisku stanął Sąd Najwyższy stwierdzając, że „<xIx>obowiązujące przepisy postępowania nie przewidują takiej postaci wyroku, aby w odniesieniu do określonego czynu jednocześnie uznawał on winę i umarzał postępowanie</xIx>” (wyrok SN z dnia 1 marca 1972 r. III KR 246/71). Ustalenie sprawstwa i winy <xAnon>J. K.</xAnon> w zakresie zarzucanego jej czynu było więc niedopuszczalne skoro wedle ustaleń Sądu Rejonowego czyn ten stanowi przestępstwo z <xLexLink xArt="art. 288;art. 288 § 1" xIsapId="WDU19970880553" xTitle="Ustawa z dnia 6 czerwca 1997 r. - Kodeks karny" xAddress="Dz. U. z 1997 r. Nr 88, poz. 553">art. 288 § 1 kk</xLexLink>, a brak jest skargi podmiotu uprawnionego do jej wniesienia.</xText>
          <xText>Odnoszenie się do tej części apelacji, w której obwiniona kwestionuje przypisanie jej sprawstwa zarzuconego czynu staje się bezprzedmiotowe i zbędne skoro Sąd Okręgowy w tym zakresie (uznania sprawstwa obwinionej) wyrok Sądu I instancji uchylił.</xText>
          <xText>Na podstawie <xLexLink xArt="art. 632;art. 632 pkt. 2" xIsapId="WDU19970890555" xTitle="Ustawa z dnia 6 czerwca 1997 r. - Kodeks postępowania karnego" xAddress="Dz. U. z 1997 r. Nr 89, poz. 555">art. 632 pkt 2 kpk</xLexLink> kosztami postępowania odwoławczego należało obciążyć Skarb Państwa.</xText>
        </xUnit>
      </xBlock>
    </xPart>
  </judgement>
<judgement id="155500000001006_II_AKa_000001_2013_Uz_2013-03-07_001">
    <xPart xEditorFullName="Lilianna Ciach" xYear="2013" xLang="PL" xPublisherFullName="Magdalena Budnik" xFromPg="1" xEditor="lciach" xVolType="15/550000/0001006/AKa" xPublisher="mbudnik" xDocType="Uz" xVolNmbr="000001" xVersion="1.0" xToPage="8" xFlag="published">
      <xName>Wyrok+Uzasadnienie</xName>
      <xBlock>
        <xText>Sygn. akt <xBx>II AKa 1/13</xBx></xText>
        <xUnit xIsTitle="true" xBold="true" xType="part">
          <xName>WYROK</xName>
          <xTitle>W IMIENIU RZECZYPOSPOLITEJ POLSKIEJ</xTitle>
          <xText xALIGNx="right">Dnia 7 marca 2013 r.</xText>
          
          <xText>Sąd Apelacyjny w Szczecinie, II Wydział Karny w składzie:</xText>
          <xRows>
            <xCOLGROUPx>
              <xCOLx xWIDTHx="175"/>
              <xCOLx xWIDTHx="442"/>
            </xCOLGROUPx>
            <xRow>
              <xClmn xALIGNx="left" xVALIGNx="middle">
                <xText xALIGNx="right">Przewodniczący:</xText>
              </xClmn>
              <xClmn xALIGNx="left" xVALIGNx="middle">
                <xText>SSA Andrzej Olszewski</xText>
              </xClmn>
            </xRow>
            <xRow>
              <xClmn xALIGNx="left" xVALIGNx="top">
                <xText xALIGNx="right">Sędziowie:</xText>
              </xClmn>
              <xClmn xALIGNx="left" xVALIGNx="middle">
                <xText>SA Grzegorz Chojnowski (spr.)</xText>
                <xText>SA Piotr Brodniak</xText>
              </xClmn>
            </xRow>
            <xRow>
              <xClmn xALIGNx="left" xVALIGNx="middle">
                <xText xALIGNx="right">Protokolant:</xText>
              </xClmn>
              <xClmn xALIGNx="left" xVALIGNx="middle">
                <xText>sekr. sądowy Emilia Biegańska</xText>
              </xClmn>
            </xRow>
          </xRows>
          
          <xText>przy udziale Prokuratora Prokuratury Apelacyjnej Bogusławy Zapaśnik</xText>
          <xText>po rozpoznaniu w dniu 7 marca 2013 r. sprawy</xText>
          <xText>
            <xBx>
              <xAnon>P. K.</xAnon>
            </xBx>
          </xText>
          <xText>z powodu apelacji wniesionej przez obrońcę skazanego</xText>
          <xText>od wyroku łącznego Sądu Okręgowego w Gorzowie Wlkp.</xText>
          <xText>z dnia 27 listopada 2012 r., sygn. akt II K 184/12</xText>
          
          <xUnit xIsTitle="false" xType="none">
            <xName xSffx=".">I</xName>
            <xText>zaskarżony wyrok utrzymuje w mocy, uznając apelację obrońcy skazanego za oczywiście bezzasadną,</xText>
          </xUnit>
          <xUnit xIsTitle="false" xType="none">
            <xName xSffx=".">II</xName>
            <xText>zwalnia skazanego od ponoszenia wydatków za postępowanie odwoławcze.</xText>
          </xUnit>
          
          <xText>
            <xBx>Sygn. akt II AKa 1/13</xBx>
          </xText>
        </xUnit>
        <xUnit xIsTitle="true" xBold="true" xType="part">
          <xName>UZASADNIENIE</xName>
          <xText><xAnon>P. K.</xAnon> został skazany prawomocnymi wyrokami:</xText>
          
          <xText>1. Sądu Rejonowego w Strzelcach Krajeńskich z dnia 16.06.2003 r. w sprawie II K 93/03 za czyn popełniony 03 grudnia 2002 r. na podstawie art. 48 ust. 2 Ustawy o przeciwdziałaniu narkomanii na karę 4 miesięcy ograniczenia wolności, którą to zamieniono na grzywnę.</xText>
          <xText>2. Sądu Rejonowego we Frankfurcie nad Odrą z dnia 03.01.2008 r. na karę 250 stawek dziennych po 10 euro w sprawie 233JS49803/064.10CS1256/07.</xText>
          <xText>3. Sądu Okręgowego w Gorzowie Wlkp. z dnia 19.11.2007 r. w sprawie II K 79/07 za czyn popełniony na przełomie listopada i grudnia 2005 r., na podstawie <xLexLink xArt="art. 19;art. 19 § 2" xIsapId="WDU19970880553" xTitle="Ustawa z dnia 6 czerwca 1997 r. - Kodeks karny" xAddress="Dz. U. z 1997 r. Nr 88, poz. 553">art. 19 § 2 kk</xLexLink> w zw. z <xLexLink xArt="art. 310;art. 310 § 1" xIsapId="WDU19970880553" xTitle="Ustawa z dnia 6 czerwca 1997 r. - Kodeks karny" xAddress="Dz. U. z 1997 r. Nr 88, poz. 553">art. 310 § 1 kk</xLexLink> w zw. z <xLexLink xArt="art. 60;art. 60 § 1;art. 60 § 6;art. 60 § 6 pkt. 1" xIsapId="WDU19970880553" xTitle="Ustawa z dnia 6 czerwca 1997 r. - Kodeks karny" xAddress="Dz. U. z 1997 r. Nr 88, poz. 553">art. 60 § 1 i 6 pkt 1 kk</xLexLink> na karę 1 roku i 8 miesięcy pozbawienia wolności, z warunkowym zawieszeniem jej wykonania na okres próby lat 5.</xText>
          <xText>4. Sądu Okręgowego w Goteborgu z dnia 29.02.2008 r. sygn. B 10711/07 utrzymanego wyrokiem Sądu Apelacyjnego z dnia 28.04.2008 r. w sprawie B 1843/08 za czyn popełniony 20/21.10.2007 r. z ustawy karnej narkotykowej na karę 8 lat i 6 miesięcy pozbawienia wolności przy określeniu kwalifikacji prawnej czynu postanowieniem Sądu Okręgowego w Gorzowie Wlkp. z dnia 21.06.2011 r. w sprawie II Kop 202/09 za czyn z <xLexLink xArt="art. 62;art. 62 ust. 2;art. 55;art. 55 ust. 3" xIsapId="WDU20051791485" xTitle="Ustawa z dnia 29 lipca 2005 r. o przeciwdziałaniu narkomanii" xAddress="Dz. U. z 2005 r. Nr 179, poz. 1485">art. 62 ust. 2 i art. 55 ust. 3 Ustawy z dnia 29.07.2005 r. o przeciwdziałaniu narkomanii</xLexLink>.</xText>
          <xText>5.  Sądu Rejonowego w Gorzowie Wlkp. z dnia 08.12.2011 r. w sprawie II K 1116/11 za czyn popełniony od czerwca do lipca 2007 r. na podstawie art. 56 ust. 3 Ustawy o przeciwdziałaniu narkomanii na karę 1 roku i 6 miesięcy pozbawienia wolności i grzywnę w wysokości 50 stawek dziennych po 10 złotych każda stawka.</xText>
          
          <xText>Sąd Okręgowy w Gorzowie Wlkp. wyrokiem z dnia 27 listopada 2012r. sygn. akt II K 184/12 umorzył postępowanie w przedmiocie wydania wyroku łącznego, kosztami zaś tego postępowania obciążył Skarb Państwa.</xText>
          <xText>Apelację od powyższego wyroku złożył obrońca oskarżonego.</xText>
          <xText>Na podstawie <xLexLink xArt="art. 427;art. 427 § 2" xIsapId="WDU19970890555" xTitle="Ustawa z dnia 6 czerwca 1997 r. - Kodeks postępowania karnego" xAddress="Dz. U. z 1997 r. Nr 89, poz. 555">art. 427 § 2 k.p.k.</xLexLink> oraz <xLexLink xArt="art. 438;art. 438 pkt. 1;art. 438 pkt. 2" xIsapId="WDU19970890555" xTitle="Ustawa z dnia 6 czerwca 1997 r. - Kodeks postępowania karnego" xAddress="Dz. U. z 1997 r. Nr 89, poz. 555">art. 438 pkt 1 i 2 k.p.k.</xLexLink> zaskarżanemu wyrokowi zarzucił:</xText>
          <xText>1) obrazę przepisów prawa materialnego, tj. <xLexLink xArt="art. 85" xIsapId="WDU19970880553" xTitle="Ustawa z dnia 6 czerwca 1997 r. - Kodeks karny" xAddress="Dz. U. z 1997 r. Nr 88, poz. 553">art. 85 k.k.</xLexLink>, <xLexLink xArt="art. 89;art. 89 § 1" xIsapId="WDU19970880553" xTitle="Ustawa z dnia 6 czerwca 1997 r. - Kodeks karny" xAddress="Dz. U. z 1997 r. Nr 88, poz. 553">89 § 1 k.k.</xLexLink> wg brzmienia sprzed 08.06.2008r. w zw. z <xLexLink xArt="art. 69;art. 69 § 1;art. 69 § 2" xIsapId="WDU19970880553" xTitle="Ustawa z dnia 6 czerwca 1997 r. - Kodeks karny" xAddress="Dz. U. z 1997 r. Nr 88, poz. 553">art. 69 § 1 i 2 k.k.</xLexLink> poprzez ich błędną wykładnię i niezastosowanie (w możliwej do orzeczenia karze łącznej 2 lat pozbawienia wolności z zawieszeniem jej wykonania na okres 5 lat próby i grzywny w wysokości 50 stawek dziennych po 10 zł każda stawka) w możliwym do zastosowania węźle do kar:</xText>
          <xText>-) 1 roku i 8 miesięcy pozbawienia wolności z warunkowym zawieszeniem jej wykonania na okres próby 5 lat orzeczonej wyrokiem Sądu Okręgowego w Gorzowie Wlkp. o sygnaturze II K 79/07,</xText>
          <xText>-) 1 roku i 6 miesięcy pozbawienia wolności i grzywny w wysokości 50 stawek dziennych po 10 zł każda, orzeczonej wyrokiem Sądu Rejonowego w Gorzowie Wlkp. o sygn. II K 1116/11,</xText>
          <xText>gdy było to wystarczające dla osiągnięcia wobec sprawcy celów kary, a w szczególności zapobieżenia powrotowi do przestępstwa, a także wobec postawy skazanego <xAnon>P. K.</xAnon>, jego właściwości i warunków osobistych, dotychczasowego sposobu życia oraz zachowania się po popełnieniu przestępstwa, w szczególności idealnej opinii z zakładu karnego,</xText>
          
          <xText>2) obrazę przepisów prawa materialnego, tj. <xLexLink xArt="art. 85" xIsapId="WDU19970880553" xTitle="Ustawa z dnia 6 czerwca 1997 r. - Kodeks karny" xAddress="Dz. U. z 1997 r. Nr 88, poz. 553">art. 85 k.k.</xLexLink>, <xLexLink xArt="art. 89;art. 89 § 1" xIsapId="WDU19970880553" xTitle="Ustawa z dnia 6 czerwca 1997 r. - Kodeks karny" xAddress="Dz. U. z 1997 r. Nr 88, poz. 553">89 § 1 k.k.</xLexLink> wg brzmienia sprzed 08.06.2008r. poprzez ich błędną wykładnie i niezastosowanie (w możliwej do orzeczenia karze łącznej 8 lat i 6 miesięcy pozbawienia wolności) w możliwym do zastosowania węźle do kar:</xText>
          <xText>-) 8 lat i 6 miesięcy pozbawienia wolności orzeczonej wyrokiem Sądu Okręgowego w Goteborgu o sygn. B-10711/07,</xText>
          <xText>-) 1 roku i 6 miesięcy pozbawienia wolności i grzywny w wysokości 50 stawek dziennych po 10 zł każda, orzeczonej wyrokiem Sądu Rejonowego w Gorzowie Wlkp. o sygn. II K 1116/11,</xText>
          <xText>gdy kara orzeczona w dniu 29.02.2008r.w <xAnon>G.</xAnon> (w Szwecji) jest możliwa do połączenia wg brzmienia <xLexLink xArt="" xIsapId="WDU19970880553" xTitle="Ustawa z dnia 6 czerwca 1997 r. - Kodeks karny" xAddress="Dz. U. z 1997 r. Nr 88, poz. 553">ustawy Kodeks karny</xLexLink>, albowiem dopiero w dniu 08.05.2011r. zaczął obowiązywać w Polsce <xLexLink xArt="art. 92 a" xIsapId="WDU19970880553" xTitle="Ustawa z dnia 6 czerwca 1997 r. - Kodeks karny" xAddress="Dz. U. z 1997 r. Nr 88, poz. 553">art. 92a k.k.</xLexLink> zakazujący takiego połączenia orzeczeń.</xText>
          
          <xText>3) obrazę przepisów postępowania, mającej wpływ na treść orzeczenia, tj. <xLexLink xArt="art. 572" xIsapId="WDU19970890555" xTitle="Ustawa z dnia 6 czerwca 1997 r. - Kodeks postępowania karnego" xAddress="Dz. U. z 1997 r. Nr 89, poz. 555">art. 572 k.p.k.</xLexLink> poprzez umorzenie postępowania, w sytuacji gdy w sprawie zachodziły węzły możliwe do połączenia orzeczeń, wymienione w zarzutach naruszenia prawa materialnego.</xText>
          
          <xText>Wskazując na powyższe zarzuty, na podstawie <xLexLink xArt="art. 427;art. 427 § 1" xIsapId="WDU19970890555" xTitle="Ustawa z dnia 6 czerwca 1997 r. - Kodeks postępowania karnego" xAddress="Dz. U. z 1997 r. Nr 89, poz. 555">art. 427 § 1 k.p.k.</xLexLink> oraz <xLexLink xArt="art. 437;art. 437 § 2" xIsapId="WDU19970890555" xTitle="Ustawa z dnia 6 czerwca 1997 r. - Kodeks postępowania karnego" xAddress="Dz. U. z 1997 r. Nr 89, poz. 555">art. 437 § 2 k.p.k.</xLexLink>, wniósł o zmianę zaskarżonego wyroku i orzeczenie wyrokiem łącznym:</xText>
          <xText>1. 2 lat pozbawienia wolności z zawieszeniem jej wykonania na okres 5 lat próby i grzywny w wysokości 50 stawek dziennych po 10 zł każda stawka w możliwym do zastosowania węźle do kar:</xText>
          <xText>-) 1 roku i 8 miesięcy pozbawienia wolności z warunkowym zawieszeniem jej wykonania na okres próby 5 lat orzeczonej wyrokiem Sądu Okręgowego w Gorzowie Wlkp. o sygnaturze II K 79/07,</xText>
          <xText>-) 1 roku i 6 miesięcy pozbawienia wolności i grzywny w wysokości 50 stawek dziennych po 10 zł każda, orzeczonej wyrokiem Sądu Rejonowego w Gorzowie Wlkp. o sygn. II K 1116/11,</xText>
          <xText>oraz</xText>
          <xText>2. 8 lat i 6 miesięcy pozbawienia wolności w możliwym do zastosowania węźle do kar:</xText>
          <xText>-) 8 lat i 6 miesięcy pozbawienia wolności orzeczonej wyrokiem Sadu Okręgowego w Goteborgu o sygn. B-10711/07,</xText>
          <xText>-) 1 roku i 6 miesięcy pozbawienia wolności i grzywny w wysokości 50 stawek dziennych po 10 zł każda, orzeczonej wyrokiem Sądu Rejonowego w Gorzowie Wlkp. o sygn. II K 1116/11,</xText>
          
          <xText>
            <xBx>Sąd Apelacyjny zważył, co następuje:</xBx>
          </xText>
          
          <xText>Już na wstępie należy zauważyć, że argumenty apelacji okazały się całkowicie chybione, a tym samym nie mogły doprowadzić do oczekiwanych przez skarżącego konsekwencji w postaci zmiany wyroku. Rozstrzygnięcie Sądu Okręgowego w Gorzowie Wlkp. z dnia 27 listopada 2012r. jest bowiem pod każdym względem prawidłowe.</xText>
          <xText>Wydanie wyroku łącznego następuje w sytuacji, gdy sprawca został skazany prawomocnie różnymi wyrokami sądów, przy czym zachodzą warunki do orzeczenia kary łącznej (<xLexLink xArt="art. 569" xIsapId="WDU19970890555" xTitle="Ustawa z dnia 6 czerwca 1997 r. - Kodeks postępowania karnego" xAddress="Dz. U. z 1997 r. Nr 89, poz. 555">art. 569 k.p.k.</xLexLink>). Warunki te określa <xLexLink xArt="art. 85" xIsapId="WDU19970880553" xTitle="Ustawa z dnia 6 czerwca 1997 r. - Kodeks karny" xAddress="Dz. U. z 1997 r. Nr 88, poz. 553">art. 85 k.k.</xLexLink>, co oznacza, że przypisane sprawcy przestępstwa zostały popełnione zanim zapadł pierwszy, chociażby nieprawomocny wyrok co do któregokolwiek z nich, przy czym orzeczono za nie kary tego samego rodzaju albo inne podlegające łączeniu. Kara łączna orzekana w wyroku łącznym jest swojego rodzaju podsumowaniem działalności przestępczej skazanego w okresie czasu objętego skazaniami za przestępstwa pozostające w realnym zbiegu.</xText>
          <xText>W niniejszej jednak sprawie pomimo tego, iż <xAnon>P. K.</xAnon> był karany pięcioma wyrokami, to realny zbieg przestępstw umożliwiający wydanie wyroku łącznego zachodził jedynie pomiędzy wyrokiem Sądu Okręgowego w Gorzowie Wlkp. z dnia 19 listopada 2007r. sygn. akt II K 79/07 oraz Sądu Rejonowego w Gorzowie Wlkp. z dnia 8 grudnia 2011r. sygn. akt II K 1116/11. Przy czym jak słusznie dostrzegł to sąd meriti w sytuacji, gdy zachodzi sytuacja jak pomiędzy powyższymi wyrokami, gdzie wymierzone kary są jedna z warunkowym zawieszeniem jej wykonania, a druga bez warunkowego zawieszenia jej wykonania, to w takim przypadku orzeczenie kary łącznej z warunkowym zawieszeniem wykonania byłoby możliwe przy spełnieniu przesłanek z <xLexLink xArt="art. 69;art. 69 § 1" xIsapId="WDU19970880553" xTitle="Ustawa z dnia 6 czerwca 1997 r. - Kodeks karny" xAddress="Dz. U. z 1997 r. Nr 88, poz. 553">art. 69 § 1 k.k.</xLexLink> Zasadnie Sąd Okręgowy w Gorzowie Wlkp. doszedł do wniosku, iż orzeczenie kary łącznej przy jednoczesnym zawieszeniu jej wykonania byłoby nie do pogodzenia z przesłankami jakie należy w takiej sytuacji uwzględniać zgodnie z <xLexLink xArt="art. 69;art. 69 § 1;art. 69 § 2" xIsapId="WDU19970880553" xTitle="Ustawa z dnia 6 czerwca 1997 r. - Kodeks karny" xAddress="Dz. U. z 1997 r. Nr 88, poz. 553">art. 69 § 1 i 2 k.k.</xLexLink><xAnon>P. K.</xAnon> jest bowiem osobą wielokrotnie karaną przede wszystkim za przestępstwa z ustawy o przeciwdziałaniu narkomanii. W takiej sytuacji niemożliwe jest przyjęcie, iż kara wolnościowa osiągnie zamierzone cele. Nie zmienia w ogóle tej oceny fakt, iż zachowanie skazanego w izolacji jest dobre. Pamiętać bowiem należy, że w zakładzie karnym osadzeni po pierwsze mają obowiązek dobrze się zachowywać, a po drugie obowiązywanie wielu ograniczeń i systemu restrykcji taką postawę w dużym stopniu wymusza. Przy czym bardzo często na wolności, skazani właściwie zachowujący się w izolacji, takiej postawy już prezentować nie potrafią. W przypadku zaś <xAnon>P. K.</xAnon> jego wielokrotna karalność dowodzi dodatkowo, iż nie jest on podatny na resocjalizację i nie potrafił wyciągnąć prawidłowych wniosków na przyszłość.</xText>
          <xText>Odnosząc się w tym miejscu do apelacji obrońcy skazanego należy podnieść, iż ten poza w zasadzie odwołaniem się do pozytywnej opinii z zakładu karnego żadnych argumentów na poparcie stanowiska, iż kara z warunkowym zawieszeniem jej wykonania odniesie pożądane skutki, nie podnosi. Nie ma zaś, o czym była już mowa, okres spędzony w izolacji i opinia za ten czas decydującego znaczenia przy rozstrzyganiu zastosowania dobrodziejstwa warunkowego zawieszenia wykonania kary. W szczególności, gdy ma się to odnosić do wyroku łącznego, jak w niniejszej sprawie.</xText>
          <xText>W ocenie Sądu Apelacyjnego w Szczecinie zwrócić również należy uwagę, na jeszcze jedną kwestię, a mianowicie na możliwą do wymierzenia karę łączną. Rozważania co do możliwości wymierzenia kary łącznej, której wykonanie zostałoby następnie warunkowo zawieszone zakładają, iż należałoby zastosować w tym przypadku niemal pełną absorpcję. Zgodnie z <xLexLink xArt="art. 86;art. 86 § 1" xIsapId="WDU19970880553" xTitle="Ustawa z dnia 6 czerwca 1997 r. - Kodeks karny" xAddress="Dz. U. z 1997 r. Nr 88, poz. 553">art. 86 § 1 k.k.</xLexLink> najniższy możliwy wymiar kary pozbawienia wolności wnosi bowiem rok i osiem miesięcy. Zaś kara najwyższa pozwalająca na warunkowe jej zawieszenie wynosić mogłaby dwa lata pozbawienia wolności. Tak więc z całą pewnością byłaby to kara bardzo zbliżona do tej jaka winna być wymierzona przy zastosowaniu najkorzystniejszej dla skazanego zasady absorpcji. Zdaniem Sądu Apelacyjnego w Szczecinie w niniejszej sprawie, nawet gdyby dopuścić możliwość orzekania kary łącznej tj. spełnienie przesłanek innych niż wymiar kary, to i tak oczekiwanego przez skarżącego rozstrzygnięcia nie możnaby było wydać właśnie z tego powodu, iż kara łączna nawet w rozmiarze dwóch lat pozbawienia wolności byłaby zbyt łagodna. Pamiętać również należy, że zasadę absorpcji stosuje się, gdy przestępstwa objęte realnym zbiegiem przestępstw, wskazują na bliską więź przedmiotową i podmiotową, są jednorodzajowe i popełnione zostały w bliskim związku czasowym i miejscowym, stanowiąc jeden zespół zachowań sprawcy, objęty jednym planem działania, mimo godzenia w różne dobra osobiste. W tej sprawie jednak tak nie było. Czas pomiędzy popełnionymi przestępstwami wynosi dwa lata, zaś dobra w które skazany godził również są różne. W jednym przypadku bowiem popełnił przestępstwo z <xLexLink xArt="art. 310;art. 310 § 1" xIsapId="WDU19970880553" xTitle="Ustawa z dnia 6 czerwca 1997 r. - Kodeks karny" xAddress="Dz. U. z 1997 r. Nr 88, poz. 553">art. 310 § 1 k.k.</xLexLink> w drugim zaś z ustawy o przeciwdziałaniu narkomanii.</xText>
          <xText>W błędzie jest również obrońca skazanego zarzucając, iż nieprawidłowo Sąd Okręgowy w Gorzowie Wlkp. nie połączył w ramach realnego zbiegu przestępstw wyroków wydanych przez sądy polskie z wyrokiem zagranicznym, a konkretnie tym orzeczonym przez Sąd Okręgowy w Goteborgu sygn. akt B-10711/07. Przepis <xLexLink xArt="art. 569;art. 569 § 1" xIsapId="WDU19970890555" xTitle="Ustawa z dnia 6 czerwca 1997 r. - Kodeks postępowania karnego" xAddress="Dz. U. z 1997 r. Nr 89, poz. 555">art. 569 § 1 k.p.k.</xLexLink> zezwala bowiem na wydanie wyroku łącznego jedynie wówczas, gdy dotyczy to prawomocnych skazań wyrokami różnych polskich sądów, tak powszechnych jak i szczególnych, a co za tym idzie nie obejmuje prawomocnych orzeczeń skazujących obywatela polskiego przez inne państwa, nawet wówczas, gdy zostały one skutecznie przyjęte do wykonania w Rzeczypospolitej Polskiej ( post. Sądu Apelacyjnego w Katowicach z dnia 2.09.2009r. sygn. akt II Akz 579/09, lex 519637). Dokładanie z taką sytuacją mamy do czynienia w przypadku <xAnon>P. K.</xAnon> i wyroku skazującego orzeczonego przez Sąd Okręgowy na terenie Szwecji. Nie zmienia tej oceny również fakt, błędnie podnoszony przez obrońcę skazanego, iż norma <xLexLink xArt="art. 92 a" xIsapId="WDU19970880553" xTitle="Ustawa z dnia 6 czerwca 1997 r. - Kodeks karny" xAddress="Dz. U. z 1997 r. Nr 88, poz. 553">art. 92 a k.k.</xLexLink>, która w sposób jednoznaczny niemożliwym czyni obejmowanie wyrokiem łącznym orzeczeń skazujących wydanych w innych państwach członkowskich Unii Europejskiej, nie powinna mieć w niniejszej sprawie zastosowania z uwagi na wejście jej w życie dopiero w dniu 8 maja 2011r. Ocena taka wynika z dwóch argumentów. Po pierwsze <xLexLink xArt="art. 92 a" xIsapId="WDU19970880553" xTitle="Ustawa z dnia 6 czerwca 1997 r. - Kodeks karny" xAddress="Dz. U. z 1997 r. Nr 88, poz. 553">art. 92 a k.k.</xLexLink> w sposób normatywny uregulował to co było przed jego wejściem w życie wyinterpretowywane z <xLexLink xArt="art. 569;art. 569 § 1" xIsapId="WDU19970890555" xTitle="Ustawa z dnia 6 czerwca 1997 r. - Kodeks postępowania karnego" xAddress="Dz. U. z 1997 r. Nr 89, poz. 555">art. 569 § 1 k.p.k.</xLexLink>, o czym była już wcześniej mowa. Tak więc rozpoczęcie obowiązywania tego przepisu w dniu 8 maja 2011r, w praktyce nie wykreowało żadnej nowej sytuacji prawnej. Po drugie zaś, zasadne jest postrzeganie tego przepisu (<xLexLink xArt="art. 92 a" xIsapId="WDU19970880553" xTitle="Ustawa z dnia 6 czerwca 1997 r. - Kodeks karny" xAddress="Dz. U. z 1997 r. Nr 88, poz. 553">art. 92 a k.k.</xLexLink> ), choć został umieszczony wśród przepisów o charakterze materialnoprawnym, jako przepisu procesowego. W takim więc przypadku nie ma zastosowania reguła względności wynikająca z <xLexLink xArt="art. 4" xIsapId="WDU19970880553" xTitle="Ustawa z dnia 6 czerwca 1997 r. - Kodeks karny" xAddress="Dz. U. z 1997 r. Nr 88, poz. 553">art. 4 k.k.</xLexLink> Za takim poglądem opowiada się nie tylko doktryna ale i orzecznictwo sądowe (patrz: Giezek Jacek (red.), Kłączyńska Natalia, Łabuda Grzegorz, Kodeks karny. Część ogólna. Komentarz. WKP 2012 oraz post. Sądy Apelacyjnego w Katowicach z dnia 3 listopada 2011r., sygn. akt II AKz 685/11, lex 1112373).</xText>
          <xText>Nie można również uznać, iż wymiar kary orzeczonej przez Sąd Okręgowy w Goteborgu, choć w istocie surowy, powinien wpływać na możliwość objęcia tego rozstrzygnięcia wyrokiem łącznym, co sugeruje we wniesiony środku zaskarżenia obrońca skazanego. Nie ma bowiem, ku temu żadnych normatywnych podstaw. Wola zaś zmniejszenia wymiaru kary, choć zrozumiała, nie jest wystarczającym powodem do wydania oczekiwanego, tak przez wnioskodawcę jak i jego obrońcę, rozstrzygnięcia.</xText>
          <xText>W konsekwencji powyższego oraz w świetle tego, że zarzuty podniesione w środku zaskarżenia okazały się całkowicie chybione, należało wyrok Sądu Okręgowego w Gorzowie Wlkp. z dnia 27 listopada 2012r. utrzymać w mocy a wniesioną apelację uznać za oczywiście bezzasadną i stąd Sąd Apelacyjny w Szczecinie orzekł jak w pkt I wyroku.</xText>
          <xText>Uznając, zaś że <xAnon>P. K.</xAnon> nie będzie w stanie uiścić wydatków za postępowanie odwoławcze, Sąd na podstawie <xLexLink xArt="art. 624;art. 624 § 1" xIsapId="WDU19970890555" xTitle="Ustawa z dnia 6 czerwca 1997 r. - Kodeks postępowania karnego" xAddress="Dz. U. z 1997 r. Nr 89, poz. 555">art. 624 § 1 k.p.k.</xLexLink> zwolnił go od ich ponoszenia.</xText>
        </xUnit>
      </xBlock>
    </xPart>
  </judgement>
<judgement id="155500000001006_II_AKa_000025_2013_Uz_2013-03-07_002">
    <xPart xEditorFullName="Jorella Atraszkiewicz" xYear="2013" xLang="PL" xPublisherFullName="Magdalena Budnik" xFromPg="1" xEditor="jatraszkiewicz" xVolType="15/550000/0001006/AKa" xPublisher="mbudnik" xDocType="Uz" xVolNmbr="000025" xVersion="1.0" xToPage="8" xFlag="published">
      <xName>Wyrok+Uzasadnienie</xName>
      <xBlock>
        <xText>Sygn. akt <xBx>II AKa 25/13</xBx></xText>
        <xUnit xIsTitle="true" xType="part" xBold="true">
          <xName>WYROK</xName>
          <xTitle>W IMIENIU RZECZYPOSPOLITEJ POLSKIEJ</xTitle>
          <xText xALIGNx="right">Dnia 7 marca 2013 r.</xText>
          
          <xText>Sąd Apelacyjny w Szczecinie, II Wydział Karny w składzie:</xText>
          <xRows>
            <xCOLGROUPx>
              <xCOLx xWIDTHx="175"/>
              <xCOLx xWIDTHx="442"/>
            </xCOLGROUPx>
            <xRow>
              <xClmn xALIGNx="left" xVALIGNx="middle">
                <xText xALIGNx="right">Przewodniczący:</xText>
              </xClmn>
              <xClmn xALIGNx="left" xVALIGNx="middle">
                <xText>SSA Andrzej Olszewski</xText>
              </xClmn>
            </xRow>
            <xRow>
              <xClmn xALIGNx="left" xVALIGNx="top">
                <xText xALIGNx="right">Sędziowie:</xText>
              </xClmn>
              <xClmn xALIGNx="left" xVALIGNx="middle">
                <xText>SA Grzegorz Chojnowski</xText>
                <xText>SA Piotr Brodniak (spr.)</xText>
              </xClmn>
            </xRow>
            <xRow>
              <xClmn xALIGNx="left" xVALIGNx="middle">
                <xText xALIGNx="right">Protokolant:</xText>
              </xClmn>
              <xClmn xALIGNx="left" xVALIGNx="middle">
                <xText>sekr. sądowy Emilia Biegańska</xText>
              </xClmn>
            </xRow>
          </xRows>
          
          <xText>przy udziale Prokuratora Prokuratury Apelacyjnej Bogusławy Zapaśnik</xText>
          <xText>po rozpoznaniu w dniu 7 marca 2013 r. sprawy</xText>
          <xText>
            <xBx>
              <xAnon>D. H.</xAnon>
            </xBx>
          </xText>
          <xText>oskarżonego z <xLexLink xArt="art. 280;art. 280 § 2" xIsapId="WDU19970880553" xTitle="Ustawa z dnia 6 czerwca 1997 r. - Kodeks karny" xAddress="Dz. U. z 1997 r. Nr 88, poz. 553">art. 280 § 2 k.k.</xLexLink> w zb. z <xLexLink xArt="art. 158;art. 158 § 1" xIsapId="WDU19970880553" xTitle="Ustawa z dnia 6 czerwca 1997 r. - Kodeks karny" xAddress="Dz. U. z 1997 r. Nr 88, poz. 553">art. 158 § 1 k.k.</xLexLink> w zw. z <xLexLink xArt="art. 11;art. 11 § 2" xIsapId="WDU19970880553" xTitle="Ustawa z dnia 6 czerwca 1997 r. - Kodeks karny" xAddress="Dz. U. z 1997 r. Nr 88, poz. 553">art. 11 § 2 k.k.</xLexLink></xText>
          <xText>z powodu apelacji wniesionej przez prokuratora</xText>
          <xText>od wyroku Sądu Okręgowego w Szczecinie</xText>
          <xText>z dnia 14 listopada 2012 r., sygn. akt III K 139/12</xText>
          
          <xUnit xIsTitle="false" xType="none">
            <xName xSffx=".">I</xName>
            <xText>zaskarżony wyrok utrzymuje w mocy, uznając apelację prokuratora za oczywiście bezzasadną,</xText>
          </xUnit>
          <xUnit xIsTitle="false" xType="none">
            <xName xSffx=".">II</xName>
            <xText>zasądza od Skarbu Państwa na rzecz adw. <xAnon>M. M.</xAnon> kwotę 738 (siedemset trzydzieści osiem) złotych z VAT, tytułem nieopłaconej pomocy prawnej udzielonej oskarżonemu z urzędu w postępowaniu odwoławczym,</xText>
          </xUnit>
          <xUnit xIsTitle="false" xType="none">
            <xName xSffx=".">III</xName>
            <xText>kosztami postępowania odwoławczego obciąża Skarb Państwa.</xText>
          </xUnit>
          
          <xText xALIGNx="center">
            <xIx>
    
    
      
      Piotr Brodniak Andrzej Olszewski Grzegorz Chojnowski
    </xIx>
          </xText>
          <xText>
            <xBx>Sygn. akt II AKa 25/13</xBx>
          </xText>
        </xUnit>
        <xUnit xIsTitle="true" xType="part" xBold="true">
          <xName>UZASADNIENIE</xName>
          <xText><xAnon>D. H.</xAnon> został oskarżony o to, że w dniu 16 lutego 2012 r., w <xAnon>S.</xAnon>, na terenie leśnym w dzielnicy <xAnon>P.</xAnon>, w celu osiągnięcia korzyści majątkowej, działając wspólnie i w porozumieniu z innymi osobami, po uprzednim użyciu niebezpiecznego narzędzia jakim jest kij bejsbolowy, poprzez uderzenie w plecy <xAnon>P. M.</xAnon> doprowadzili go do upadku na ziemię i jego stanu bezbronności, a następnie wielokrotnie kopali go obutymi nogami oraz uderzali kijem bejsbolowym po całym ciele, powodując obrażenia ciała w postaci drobnej rany tłuczonej w okolicy brwiowej prawej, sińca i otarcia naskórka w okolicy czołowej, rozległych pręgowatych i pasmowych sińców w powłokach miękkich klatki piersiowej, w okolicy podłopatkowej prawej między liniami pachowymi prawymi – przednią i środkową oraz ustępującego sińca kłębu palca V ręki prawej, co naruszyło funkcje narządów ciała jakimi są powłoki miękkie twarzy i klatki piersiowej, a także ręki prawej na okres zbliżony do 7 dni w rozumieniu <xLexLink xArt="art. 157;art. 157 § 2" xIsapId="WDU19970880553" xTitle="Ustawa z dnia 6 czerwca 1997 r. - Kodeks karny" xAddress="Dz. U. z 1997 r. Nr 88, poz. 553">art. 157 § 2 kk</xLexLink>, narażając w ten sposób <xAnon>P. M.</xAnon> na bezpośrednie niebezpieczeństwo wystąpienia skutku opisanego co najmniej w <xLexLink xArt="art. 157;art. 157 § 1" xIsapId="WDU19970880553" xTitle="Ustawa z dnia 6 czerwca 1997 r. - Kodeks karny" xAddress="Dz. U. z 1997 r. Nr 88, poz. 553">art. 157 § 1 kk</xLexLink>, po czym zabrali w celu przywłaszczenia pieniądze w kwocie 11.000 zł i telefon komórkowy marki <xAnon>H.</xAnon><xAnon>(...)</xAnon>o nr IMEI <xAnon>(...)</xAnon>i wartości 300 zł,</xText>
          <xText>tj. o czyn z <xLexLink xArt="art. 280;art. 280 § 2" xIsapId="WDU19970880553" xTitle="Ustawa z dnia 6 czerwca 1997 r. - Kodeks karny" xAddress="Dz. U. z 1997 r. Nr 88, poz. 553">art. 280 § 2 kk</xLexLink> w zb. z <xLexLink xArt="art. 158;art. 158 § 1" xIsapId="WDU19970880553" xTitle="Ustawa z dnia 6 czerwca 1997 r. - Kodeks karny" xAddress="Dz. U. z 1997 r. Nr 88, poz. 553">art. 158 § 1 kk</xLexLink> w zw. z <xLexLink xArt="art. 11;art. 11 § 2" xIsapId="WDU19970880553" xTitle="Ustawa z dnia 6 czerwca 1997 r. - Kodeks karny" xAddress="Dz. U. z 1997 r. Nr 88, poz. 553">art. 11 § 2 kk</xLexLink></xText>
          <xText>Sąd Okręgowy w Szczecinie wyrokiem z dnia 14 listopada 2012 r., wydanym w sprawie III K 139/12, uniewinnił <xAnon>D. H.</xAnon> od popełnienia zarzuconego mu przestępstwa, a kosztami procesu w części go dotyczącej obciążył Skarb Państwa.</xText>
          <xText>Nadto, Sąd Okręgowy rozstrzygnął o wynagrodzeniu z tytułu nieopłaconej pomocy prawnej udzielonej oskarżonemu z urzędu.</xText>
          <xText>Apelację na niekorzyść oskarżonego wywiódł prokurator i zarzucił wyrokowi obrazę przepisów postępowania, która miała wpływ na jego treść, a mianowicie <xLexLink xArt="art. 7" xIsapId="WDU19970890555" xTitle="Ustawa z dnia 6 czerwca 1997 r. - Kodeks postępowania karnego" xAddress="Dz. U. z 1997 r. Nr 89, poz. 555">art. 7 kpk</xLexLink>, <xLexLink xArt="art. 9" xIsapId="WDU19970890555" xTitle="Ustawa z dnia 6 czerwca 1997 r. - Kodeks postępowania karnego" xAddress="Dz. U. z 1997 r. Nr 89, poz. 555">9 kpk</xLexLink>, <xLexLink xArt="art. 167" xIsapId="WDU19970890555" xTitle="Ustawa z dnia 6 czerwca 1997 r. - Kodeks postępowania karnego" xAddress="Dz. U. z 1997 r. Nr 89, poz. 555">167 kpk</xLexLink>, 172 <xLexLink xArt="" xIsapId="WDU19970890555" xTitle="Ustawa z dnia 6 czerwca 1997 r. - Kodeks postępowania karnego" xAddress="Dz. U. z 1997 r. Nr 89, poz. 555">kpk</xLexLink>, 366 <xLexLink xArt="§ 1" xIsapId="WDU19970890555" xTitle="Ustawa z dnia 6 czerwca 1997 r. - Kodeks postępowania karnego" xAddress="Dz. U. z 1997 r. Nr 89, poz. 555">§ 1 kpk</xLexLink>, <xLexLink xArt="art. 390;art. 390 § 2" xIsapId="WDU19970890555" xTitle="Ustawa z dnia 6 czerwca 1997 r. - Kodeks postępowania karnego" xAddress="Dz. U. z 1997 r. Nr 89, poz. 555">390 § 2 kpk</xLexLink>, <xLexLink xArt="art. 410" xIsapId="WDU19970890555" xTitle="Ustawa z dnia 6 czerwca 1997 r. - Kodeks postępowania karnego" xAddress="Dz. U. z 1997 r. Nr 89, poz. 555">410 kpk</xLexLink> polegającą na niepełnym wykorzystaniu zebranych dowodów, oparciu rozstrzygnięcia na części materiału dowodowego i dokonaniu jego oceny w sposób dowolny, bez uwzględnienia zasad prawidłowego rozumowania, wskazań wiedzy i doświadczenia życiowego, a nadto nieuwzględnieniu okoliczności dla oskarżonego niekorzystnych przy jednoczesnym nie przeprowadzeniu innych koniecznych i istotnych dowodów oraz poczynienie ustaleń sprzecznych z dowodami ujawnionymi na rozprawie i w rezultacie niesłuszne uniewinnienie oskarżonego <xAnon>D. H.</xAnon> od popełnienia zarzuconego mu czynu.</xText>
          <xText>Podnosząc ten zarzut apelujący wniósł o uchylenie zaskarżonego wyroku i przekazanie sprawy do ponownego rozpoznania Sądowi pierwszej instancji.</xText>
          <xText>
            <xBx> Sąd Apelacyjny zważył, co następuje.</xBx>
          </xText>
          <xText>Apelacja jest oczywiście bezzasadna.</xText>
          <xText>Dokonując takiej oceny skargi, na wstępie wypada przypomnieć, że prawidłowość nie tylko zaskarżonego, ale jakiegokolwiek orzeczenia uzależniona jest od zrealizowania przez sąd dwóch podstawowych obowiązków. Pierwszego, polegającego na przeprowadzeniu postępowania dowodowego w sposób wyczerpujący a do tego przewidziany przepisami <xLexLink xArt="" xIsapId="WDU19970890555" xTitle="Ustawa z dnia 6 czerwca 1997 r. - Kodeks postępowania karnego" xAddress="Dz. U. z 1997 r. Nr 89, poz. 555">kodeksu postępowania karnego</xLexLink> oraz drugiego sprowadzającego się do oceny wszystkich okoliczności ujawnionych w toku rozprawy głównej.</xText>
          <xText>Instancyjna kontrola zaskarżonego wyroku prowadzi do wniosku, że Sąd Okręgowy rozpoznający przedmiotową sprawę, uczynił zadość obu tym wymaganiom, a przekonania o słuszności tej tezy nie mogą zmienić argumenty przytoczone przez apelującego. Te bowiem są nad wyraz polemiczne i co więcej, w wielu miejscach w ogóle nie uwzględniają treści zgromadzonych dowodów, w tym przede wszystkim tego o kluczowym znaczeniu, a mianowicie dowodu z zeznań <xAnon>P. M.</xAnon> (k. 3-8, k. 37-38, k. 77, 132-133, k. 138-139, k. 408-410verte). Co prawda autor apelacji odwołuje się do tych zeznań, tyle tylko, że płynące z nich informacje interpretuje w sposób, który jest ewidentnie sprzeczny ze wskazaniami określonymi w <xLexLink xArt="art. 5;art. 5 § 2" xIsapId="WDU19970890555" xTitle="Ustawa z dnia 6 czerwca 1997 r. - Kodeks postępowania karnego" xAddress="Dz. U. z 1997 r. Nr 89, poz. 555">art. 5 § 2 kpk</xLexLink> i <xLexLink xArt="art. 7" xIsapId="WDU19970890555" xTitle="Ustawa z dnia 6 czerwca 1997 r. - Kodeks postępowania karnego" xAddress="Dz. U. z 1997 r. Nr 89, poz. 555">art. 7 kpk</xLexLink>. Aby nie być gołosłownym należy zaś zwrócić uwagę na to co eksponuje sam skarżący. Otóż akcentuje on wypowiedzi pokrzywdzonego zwerbalizowane na rozprawie w dniu 11 września 2012 r. (k. 408-410verte), z których to wynika, że w śledztwie, wymieniony miał 99,8 procentową, zaś w dniu rozprawy, 95 procentową pewność co do rozpoznania oskarżonego jako jednego ze sprawców przestępstwa. Jednocześnie autor apelacji formułuje wniosek, że „nie można zgodzić się z twierdzeniem Sądu a quo, iż pokrzywdzony miał istotne wątpliwości co do rozpoznania <xAnon>D. H.</xAnon>, bowiem na rozprawie głównej twierdził, iż rozpoznaje go na 95 procent (…)” (str. 5 apelacji). Tego rodzaju konkluzja nie wytrzymuje jednak jakiejkolwiek krytyki, a to choćby dlatego, że sama w sobie jest sprzeczna wewnętrznie. Z jednej strony apelujący dostrzega bowiem margines wątpliwości wyrażanych przez pokrzywdzonego co do rozpoznania oskarżonego, z drugiej jednak strony stwierdza, że ten pierwszy, takowych wątpliwości, mimo wszystko, nie miał. Na kanwie tej, objawionej przez apelującego dychotomii jego poglądów, należy również zdać sobie sprawę z tego, że z punktu widzenia oceny prawidłowości badanego rozstrzygnięcia, nie jest istotnym to jak duży jest wspomniany margines wątpliwości, lecz sam fakt ich występowania, zwłaszcza, że dotyczą one fundamentalnej kwestii, zaś ich usunięcie, przy wykorzystaniu innych dostępnych dowodów, nie jest możliwe.</xText>
          <xText>Ustosunkowując się do kolejnych uwag skarżącego, równie krytycznie należy się odnieść do tych, które traktują na temat wartości poznawczej pierwszych zeznań <xAnon>P. M.</xAnon> (k. 3-8). Ich lektura wcale bowiem nie uprawnia do sformułowania takiej tezy jak ta, którą lansuje apelujący, a mianowicie, że owe zeznania nie są szczegółowe. Natomiast fakt, że zostały one złożone niejako „przy okazji” przyjęcia ustnego zawiadomienia o przestępstwie jest zupełnie indyferentny dla ich oceny. W kontekście tych, jak i następnych zeznań <xAnon>P. M.</xAnon>, bez znaczenia jest także to na jakiej podstawie funkcjonariusz policji wytypował <xAnon>D. H.</xAnon> jako potencjalnego sprawcę później zarzuconego mu przestępstwa, a już całkowitym nadużyciem ze strony skarżącego jest jego twierdzenie, sugerujące, że to ów funkcjonariusz a nie Sąd Okręgowy „(…) przeprowadził logiczne rozumowanie (…)” (str. 5 apelacji)</xText>
          <xText>Inne nadużycie interpretacyjne, którego dopuszcza się autor apelacji przejawia się w jego stwierdzeniu, że na uzębieniu oskarżonego, które obrazuje tablica poglądowa znajdująca się na karcie 47 widoczne są zaciemnienia i starcia. Tego rodzaju spostrzeżenia apelującego nijak się bowiem mają do tego co zostało utrwalone na pomieszczonej na tej tablicy fotografii numer 4. Natomiast widoczne na niej zaciemnienia, i to abstrahując od tego czym zostały wywołane, nie stwarzają podstaw do przyjęcia, że w uzębieniu <xAnon>D. H.</xAnon> występują braki. Przeciwnie, wspomniana fotografia przekonuje, że owo uzębienie jest pełne. Co więcej, w przekonaniu tym utwierdza również to co ustalił Sąd pierwszej instancji realizując na rozprawie zasadę bezpośredniości. Urzeczywistniając ją, ów Sąd stwierdził przecież, że w uzębieniu oskarżonego nie ma żadnych braków (k. 409). W tym miejscu trzeba jednocześnie zwrócić uwagę skarżącemu, że dokonanie przez Sąd Okręgowy tego rodzaju spostrzeżenia było ze wszech miar celowe i jak najbardziej dopuszczalne. W związku z tym zdziwienie i zarazem dezaprobatę wywołuje odmienne w tym zakresie stanowisko skarżącego.</xText>
          <xText>W identyczny sposób należy też ocenić te uwagi apelującego, w ramach których formułuje on sugestię, iż Sąd meriti „(…) winien (…) zasięgnąć opinii biegłego z zakresu stomatologii, o specjalności stomatologia zachowawcza celem precyzyjnego ustalenia jakiej budowy i charakterystyki uzębienia ma <xAnon>D. H.</xAnon> oraz jakiego kształtu, czy mają one jakieś charakterystyczne wady, cechy i kształt oraz jakie i w czym się one przejawiają, czy dla normalnego człowieka, mogą one wskazywać na to, iż ma on jakieś braki w uzębieniu, przebarwienia, zaciemnienia itp.” (str. 6 apelacji). Wyrażając pogląd o rzekomej potrzebie uzyskania wspomnianego dowodu, autor apelacji zapomina jednak o dwóch niezwykle istotnych kwestiach. I tak, po pierwsze, pokrzywdzony konsekwentnie utrzymywał, że elementem charakteryzującym jednego ze sprawców były braki, czy też brak w uzębieniu. Po wtóre zaś, z zeznań <xAnon>P. M.</xAnon> wynika, że tego spostrzeżenia dokonał on przez bardzo krótką chwilę i to w sytuacji, która była dla niego całkowitym zaskoczeniem. Zestawienie obu tych uwarunkowań prowadzi więc do bardzo oczywistego w swej wymowie wniosku, a mianowicie, że braki w uzębieniu, o których wspomina pokrzywdzony, musiały być bardzo charakterystyczne, skoro pomimo wyjątkowych okoliczności, w których się znalazł, utkwiły mu w pamięci. W tym stanie rzeczy, sięganie po dowód wymieniony w apelacji, a następnie czynienie na jego podstawie rozważań na temat specyfiki uzębienia <xAnon>D. H.</xAnon>, z oczywistych względów było i jest całkowicie zbędne.</xText>
          <xText>Natomiast odnosząc się do twierdzeń skarżącego, które to nawiązują do wyjaśnień <xAnon>D. H.</xAnon>, w pierwszej kolejności wypada zauważyć, że ich weryfikacja przez pryzmat zeznań <xAnon>K. S.</xAnon> nie była możliwa, a to dlatego, że na rozprawie w dniu 11 października 2012 r. wymieniony odmówił składania zeznań (k. 443verte). W związku z tym zdziwienie apelującego, iż Sąd meriti nie odniósł się do zeznań <xAnon>K. S.</xAnon> jest całkowicie nieuzasadnione. Bezzasadnie brzmią również uwagi, które autor apelacji formułuje na tle zeznań <xAnon>K. Ż.</xAnon> (k. 142-143, k. 411verte-412). Ich treść nie zmienia przecież oczywistego w swej wymowie faktu, a mianowicie, że w toku postępowania przygotowawczego nie zabezpieczono nagrania z kamery ulokowanej na zewnątrz budynku, w którym znajduje się lokal <xAnon> (...)</xAnon>. Niezależnie jednak od tego, trzeba podkreślić, iż z zeznań <xAnon>K. Ż.</xAnon> wynika, że zasięg kamery, o której mowa powyżej jest bardzo mały. Obejmuje on jedynie ogrodzenie ogródka piwnego przynależnego do lokalu, a także przeciwległą część ulicy, przy której ów lokal jest położony. W związku z tym, nawet jeśli przyjąć, że <xAnon>K. Ż.</xAnon>, tak jak twierdził to w śledztwie, przeglądał wraz z policjantami zapis kamery, to ewentualny brak na nim oskarżonego, wcale jeszcze nie deprecjonuje jego wyjaśnień. Podobnie rzecz się ma z ich niekonsekwencją dostrzeżoną przez apelującego. Ta bowiem dotyczy kwestii co najwyżej o drugorzędnym znaczeniu, a co za tym idzie, taki jej charakter pozostaje bez wpływu na ogólną wymowę tych wyjaśnień. Z kolei wynikający z tych wyjaśnień oraz z karty dozoru (k. 73-74) fakt, iż w dniu 16 lutego 2012 r., o godzinie 19.00 oskarżony był w komisariacie policji, sam w sobie, oczywiście go nie ekskulpuje, ale jednocześnie nie stwarza też podstaw do formułowania tak daleko idącego wniosku, jakim jest wniosek o sprawstwie <xAnon>D. H.</xAnon>. Tego rodzaju wniosku nie można też wyprowadzić z listu autorstwa oskarżonego adresowanego do <xAnon>K. S.</xAnon> (k. 263). Jego treść można bowiem interpretować nie tylko tak jak czyni to apelujący, to znaczy, że oskarżony i <xAnon>K. S.</xAnon> uzgadniali linię obrony tego pierwszego, ale również w sposób, który pozwala przyjąć, że oskarżony nie popełnił analizowanego przestępstwa. Do takiej konkluzji uprawnia zaś zawarty w owym liście, dodać należy, jedyny interesujący z punktu widzenia omawianej materii, zwrot „(…) ty dobrze wiesz że mnie tam nie było (…)”.</xText>
          <xText>Na kanwie zaprezentowanych uwag trzeba jednak zdać sobie sprawę z tego, co zresztą przyznaje sam apelujący, a mianowicie, że tzw. alibi jest jedynie dowodem negatywnym, w związku z czym nie uzasadnia dokonania pozytywnych ustaleń w przedmiocie sprawstwa. Abstrahując więc od wyjaśnień <xAnon>D. H.</xAnon>, należy po raz wtóry bardzo wyraźnie zaakcentować, że uwarunkowania dowodowe występujące na gruncie rozpoznawanej sprawy, a konkretnie zeznania <xAnon>P. M.</xAnon>, pozostawiają, niemożliwy do usunięcia margines, który to rodzi wątpliwość, czy <xAnon>D. H.</xAnon> w istocie był sprawcą zarzuconego mu przestępstwa. Istnienie tej kontrowersji i niemożność jej wyeliminowania przy wykorzystaniu innych dostępnych dowodów musiało więc skutkować koniecznością zastosowania przez Sąd meriti reguły przewidzianej w <xLexLink xArt="art. 5;art. 5 § 2" xIsapId="WDU19970890555" xTitle="Ustawa z dnia 6 czerwca 1997 r. - Kodeks postępowania karnego" xAddress="Dz. U. z 1997 r. Nr 89, poz. 555">art. 5 § 2 kpk</xLexLink>. Jej urzeczywistnienie rozstrzyga zaś wspomnianą wątpliwość w kierunku, który prowadzi do takiego wniosku jak ten, który wyraził Sąd Okręgowy, a mianowicie, że brak jest wystarczających podstaw do przypisania oskarżonemu zarzuconego mu przestępstwa.</xText>
          <xText>Przekonania o słuszności tej tezy nie mogą również zmienić uwagi prokuratora sugerujące, że przesłuchanie pokrzywdzonego na rozprawie w obecności oskarżonego miało na niego (tzn. na pokrzywdzonego) negatywny wpływ. Abstrahując od tego, że <xAnon>P. M.</xAnon> nie wnosił o to by przesłuchać go pod nieobecność <xAnon>D. H.</xAnon>, o tym jak gołosłowne jest przytoczone wyżej twierdzenie, świadczy treść zeznań pokrzywdzonego zwerbalizowanych przed Sądem orzekającym. Te bowiem, we fragmentach dotyczących oskarżonego nie są ani lakoniczne, ani powściągliwe. Co więcej, odzwierciedlają one próbę wyjaśnienia przez <xAnon>P. M.</xAnon> wątpliwości, które towarzyszyły mu przy rozpoznaniu <xAnon>D. H.</xAnon> jako sprawcy przestępstwa. W tym miejscu, niejako przy okazji, trzeba jednocześnie zaakcentować, że to nie Sąd meriti, jak twierdzi apelujący, lecz właśnie pokrzywdzony, podejmując wspomnianą próbę, dokonywał procentowego określenia pewności swojego rozpoznania. A zatem, taka a nie inna postawa <xAnon>P. M.</xAnon> na rozprawie wskazuje, że przesłuchanie go na niej w obecności oskarżonego nie miało absolutnie żadnego wpływu, zarówno na sposób relacjonowania przez pokrzywdzonego poczynionych spostrzeżeń, jak i na treść jego zeznań.</xText>
          <xText>Niezależnie od zaprezentowanych powyżej argumentów, a dla wyczerpania tematyki poruszonej w apelacji, należy jeszcze zauważyć, że z notatki urzędowej znajdującej się na karcie 150c wynika, iż <xAnon>P. J.</xAnon> (zmarł w dniu 9 kwietnia 2012 r. – k. 205) miał zaginąć w dniu 2 marca 2012 r. Oskarżony zaś ujawnił jego dane personalne w dniu 21 lutego 2012 r. (k. 95-96). Zestawienie tych dat oznacza więc, że nie jest tak jak twierdzi to apelujący, iż przesłuchanie <xAnon>P. J.</xAnon> w toku śledztwa w ogóle nie było możliwe, co jednak nie zmienia faktu, który, mimo wszystko, usprawiedliwia prokuratora, a mianowicie, że okres na zrealizowanie wspomnianej czynności procesowej był bardzo krótki.</xText>
          <xText>Reasumując, stwierdzić zatem należy, że dokonana przez Sąd Okręgowy ocena i to nie tylko zeznań <xAnon>P. M.</xAnon>, ale wszystkich wyczerpująco zgromadzonych dowodów jest bezbłędna. Uwzględnia ona bowiem treść owych dowodów, ich wzajemne relacje, a także wskazania wiedzy, logiki i doświadczenia życiowego. Taki charakter tej oceny w konsekwencji powoduje, że korzysta ona z ochrony przynależnej jej z mocy <xLexLink xArt="art. 7" xIsapId="WDU19970890555" xTitle="Ustawa z dnia 6 czerwca 1997 r. - Kodeks postępowania karnego" xAddress="Dz. U. z 1997 r. Nr 89, poz. 555">art. 7 kpk</xLexLink>. Natomiast prostą implikacją owej oceny jest jak najbardziej poprawne ustalenie, iż <xAnon>D. H.</xAnon> nie popełnił zarzuconego mu przestępstwa. Rozstrzygając zaś pojawiające się na tym tle wątpliwości, Sąd meriti w żadnym razie nie naruszył przepisu <xLexLink xArt="art. 5;art. 5 § 2" xIsapId="WDU19970890555" xTitle="Ustawa z dnia 6 czerwca 1997 r. - Kodeks postępowania karnego" xAddress="Dz. U. z 1997 r. Nr 89, poz. 555">art. 5 § 2 kpk</xLexLink>. Określoną w nim regułę zastosował bowiem w sytuacji, w której wyjaśnienie wspomnianych wątpliwości w żaden inny sposób nie było możliwe. A zatem, tak procedując, Sąd pierwszej instancji nie tylko nie uchybił cytowanemu wyżej przepisowi, ale co więcej, uczynił zadość elementarnym zasadom dowodzenia.</xText>
          <xText>Nie znajdując więc podstaw do uwzględnienia apelacji, Sąd odwoławczy, w oparciu o przepis <xLexLink xArt="art. 437;art. 437 § 1" xIsapId="WDU19970890555" xTitle="Ustawa z dnia 6 czerwca 1997 r. - Kodeks postępowania karnego" xAddress="Dz. U. z 1997 r. Nr 89, poz. 555">art. 437 § 1 kpk</xLexLink>, orzekł jak w części dyspozytywnej wyroku.</xText>
          <xText>Rozstrzygnięcie w przedmiocie wynagrodzenia z tytułu nieopłaconej pomocy prawnej udzielonej oskarżonemu z urzędu w postępowaniu odwoławczym zapadło na podstawie <xLexLink xArt="§ 2;§ 2 ust. 3;§ 14;§ 14 ust. 2;§ 14 ust. 2 pkt. 5" xIsapId="WDU20021631348" xTitle="Rozporządzenie Ministra Sprawiedliwości z dnia 28 września 2002 r. w sprawie opłat za czynności adwokackie oraz ponoszenia przez Skarb Państwa kosztów nieopłaconej pomocy prawnej udzielonej z urzędu" xAddress="Dz. U. z 2002 r. Nr 163, poz. 1348">§ 2 ust. 3 i § 14 ust. 2 pkt. 5 rozporządzenia Ministra Sprawiedliwości z 28 września 2002 r. w sprawie opłat za czynności adwokackie oraz ponoszenia przez Skarb Państwa kosztów nieopłaconej pomocy prawnej udzielonej z urzędu</xLexLink> (Dz. U. Nr 163, poz. 1348 z późn. zm.).</xText>
          <xText>O kosztach procesu związanych z postępowaniem odwoławczym Sąd Apelacyjny orzekł na podstawie <xLexLink xArt="art. 636;art. 636 § 1" xIsapId="WDU19970890555" xTitle="Ustawa z dnia 6 czerwca 1997 r. - Kodeks postępowania karnego" xAddress="Dz. U. z 1997 r. Nr 89, poz. 555">art. 636 § 1 kpk</xLexLink> i <xLexLink xArt="art. 9" xIsapId="WDU19730270152" xTitle="Ustawa z dnia 23 czerwca 1973 r. o opłatach w sprawach karnych" xAddress="Dz. U. z 1973 r. Nr 27, poz. 152">art. 9 ustawy z dnia 23 czerwca 1973 r. o opłatach w sprawach karnych</xLexLink> (Dz. U. z 1983 r. Nr 49, poz. 223 z późn. zm.).</xText>
        </xUnit>
      </xBlock>
    </xPart>
  </judgement>
<judgement id="152500000000503_I_ACa_001256_2012_Uz_2013-03-08_001">
    <xPart xEditorFullName="Małgorzata Galińska" xYear="2012" xLang="PL" xPublisherFullName="Jakub Głowiński" xFromPg="1" xEditor="galimalg" xVolType="15/250000/0000503/ACa" xPublisher="glowjaku" xDocType="Uz" xVolNmbr="001256" xVersion="1.0" xToPage="8" xFlag="published">
      <xName>Wyrok+Uzasadnienie</xName>
      <xBlock>
        <xText>
          <xBx>Sygn. akt: I ACa 1256/12</xBx>
        </xText>
        <xUnit xIsTitle="true" xBold="true" xType="part">
          <xName>WYROK</xName>
          <xTitle>W IMIENIU RZECZYPOSPOLITEJ POLSKIEJ</xTitle>
          <xText xALIGNx="right">Dnia 8 marca 2013 r.</xText>
          
          <xText>Sąd Apelacyjny w Łodzi I Wydział Cywilny</xText>
          <xText>w składzie:</xText>
          <xRows>
            <xCOLGROUPx>
              <xCOLx xWIDTHx="173"/>
              <xCOLx xWIDTHx="438"/>
            </xCOLGROUPx>
            <xRow>
              <xClmn xALIGNx="left" xVALIGNx="top">
                <xText>
                  <xBx>Przewodniczący:</xBx>
                </xText>
              </xClmn>
              <xClmn xALIGNx="left" xVALIGNx="top">
                <xText>
                  <xBx>SSA Małgorzata Stanek</xBx>
                </xText>
              </xClmn>
            </xRow>
            <xRow>
              <xClmn xALIGNx="left" xVALIGNx="top">
                <xText>
                  <xBx>Sędziowie:</xBx>
                </xText>
              </xClmn>
              <xClmn xALIGNx="left" xVALIGNx="top">
                <xText>
                  <xBx>SA Bożena Błaszczyk</xBx>
                </xText>
                <xText>
                  <xBx>SO del. Ryszard Badio (spr.)</xBx>
                </xText>
              </xClmn>
            </xRow>
            <xRow>
              <xClmn xALIGNx="left" xVALIGNx="top">
                <xText>Protokolant:</xText>
              </xClmn>
              <xClmn xALIGNx="left" xVALIGNx="top">
                <xText>stażysta Agata Jóźwiak</xText>
              </xClmn>
            </xRow>
          </xRows>
          
          <xText>po rozpoznaniu w dniu 8 marca 2013 r. w Łodzi</xText>
          <xText>na rozprawie</xText>
          <xText>sprawy z powództwa <xBx><xAnon> (...) Spółki Akcyjnej</xAnon> z siedzibą </xBx></xText>
          <xText>
            <xBx>w <xAnon>G.</xAnon></xBx>
          </xText>
          <xText>przeciwko <xBx><xAnon>(...)</xAnon> Szpitalowi <xAnon>(...)</xAnon>w <xAnon>Z.</xAnon></xBx></xText>
          <xText>o zapłatę</xText>
          <xText>na skutek apelacji pozwanego</xText>
          <xText>od wyroku Sądu Okręgowego w Łodzi</xText>
          <xText>z dnia 5 września 2012 r. sygn. akt X GC 319/12</xText>
          <xUnit xIsTitle="false" xType="none">
            <xName xSffx=".">I</xName>
            <xText>
              <xBx>zmienia zaskarżony wyrok w punktach 1 i 3 w ten tylko sposób, że kwotę zasądzoną w punkcie 1 obniża do kwoty 167.726,54 (sto sześćdziesiąt siedem tysięcy siedemset dwadzieścia sześć 54/100) złotych, a kwotę zasądzoną w punkcie 3 obniża do kwoty 17.106,00 (siedemnaście tysięcy sto sześć) złotych, oddalając powództwo w zakresie żądania zapłaty kwoty 60.894,30 (sześćdziesiąt tysięcy osiemset dziewięćdziesiąt cztery 30/100) złotych;</xBx>
            </xText>
          </xUnit>
          <xUnit xIsTitle="false" xType="none">
            <xName xSffx=".">II</xName>
            <xText>
              <xBx>
    
    
    
      zasądza od powoda <xAnon> (...) Spółki Akcyjnej</xAnon> z siedzibą w <xAnon>G.</xAnon> na rzecz pozwanego <xAnon>(...)</xAnon> Szpitala <xAnon>(...)</xAnon>w <xAnon>Z.</xAnon> kwotę 2.700,00 (dwa tysiące siedemset) złotych tytułem zwrotu zastępstwa procesowego w postępowaniu apelacyjnym;</xBx>
            </xText>
          </xUnit>
          <xUnit xIsTitle="false" xType="none">
            <xName xSffx=".">III</xName>
            <xText>
              <xBx>nakazuje ściągnąć od powoda <xAnon> (...) Spółki Akcyjnej</xAnon> z siedzibą w <xAnon>G.</xAnon> na rzecz Skarbu Państwa – Sądu Okręgowego w Łodzi kwotę 3.045,00 (trzy tysiące czterdzieści pięć) złotych tytułem opłaty od apelacji.  </xBx>
            </xText>
          </xUnit>
          
          <xText>Sygn. akt I ACa 1256/12</xText>
        </xUnit>
        <xUnit xIsTitle="true" xBold="true" xType="part">
          <xName>UZASADNIENIE</xName>
          <xText>Zaskarżonym wyrokiem Sąd Okręgowy w Łodzi w sprawie z powództwa <xAnon> (...) S.A.</xAnon> w <xAnon>G.</xAnon> przeciwko <xAnon>(...)</xAnon> Szpitalowi <xAnon>(...)</xAnon>w <xAnon>Z.</xAnon> orzekł w sposób następujący:</xText>
          <xText>1. zasądził od pozwanego na rzecz powoda kwotę 228.620,84 zł z ustawowymi odsetkami od dnia 14 lipca 2012 r. do dnia zapłaty,</xText>
          <xText>2. umorzył postępowanie w pozostałym zakresie,</xText>
          <xText>3. zasadził od pozwanego na rzecz powoda kwotę 20.475 zł tytułem zwrotu kosztów procesu,</xText>
          <xText>4. nakazał zwrócić powodowi kwotę 1.826 zł tytułem nadpłaconej opłaty od pozwu.</xText>
          <xText>Sąd Okręgowy ustalił, że w dniu 28 grudnia 2009 r. strony zawarły umowę sprzedaży energii elektrycznej. Zgodnie z § 4 ust 2 umowy rozliczenia na sprzedaną pozwanemu energię elektryczną odbywały się na podstawie miesięcznych wskazań układu pomiarowo – rozliczeniowego. W § 4 ust 6 umowy strony zastrzegły natomiast, że w przypadku stwierdzenia przez którąkolwiek ze stron i potwierdzenia przez dystrybutora nieprawidłowego działania układu pomiarowo rozliczeniowego bądź błędnego rozliczenia, które spowodowały zawyżenie lub zaniżenie należności, sprzedawca został upoważniony do dokonania korekty uprzednio wystawionych faktur za cały okres trwania nieprawidłowości.</xText>
          <xText>W związku ze sprzedażą energii do obiektu pozwanego położonego w <xAnon>Z.</xAnon> przy <xAnon>ulicy (...)</xAnon> (sekcja 1 i 2) powód wystawił następujące faktury:</xText>
          <xText>- <xAnon> (...)</xAnon> na kwotę 19.467,95 zł za okres od 1 kwietnia do 30 kwietnia 2011 r. (sekcja 1) z terminem płatności na dzień 18 maja 2011 r.</xText>
          <xText>- <xAnon> (...)</xAnon> na kwotę 53.151,63 zł za okres od 1 stycznia do 30 kwietnia 2011 r. (sekcja 2) za wskazane zużycie w ilości 165.060 kWh przemnożone przez cenę jednostkową 1 kWh = 0,26180 zł,</xText>
          <xText>- <xAnon> (...)</xAnon> na kwotę 13.652,38 zł za okres od 1 maja do 31 maja 2011 r. (sekcja 1 i 2) z terminem płatności na dzień 22 czerwca 2011 r.</xText>
          <xText>- <xAnon> (...)</xAnon> na kwotę 39.123,03 zł za okres od 1 czerwca do 30 czerwca 2011 r. (sekcja 1 i 2) z terminem płatności na dzień 18 lipca 2011 r.</xText>
          <xText>- <xAnon> (...)</xAnon> na kwotę 39.986,36 zł za okres od 1 lipca do 31 lipca 2011 r. (sekcja 1 i 2) z terminem płatności na dzień 22 sierpnia 2011 r.</xText>
          <xText>- <xAnon> (...)</xAnon> na kwotę 39.502,05 zł za okres od 1 sierpnia do 31 sierpnia 2011r. (sekcja 1 i 2) z terminem płatności na dzień 26 września 2011 r.</xText>
          <xText>- <xAnon> (...)</xAnon> na kwotę 39.438,29 zł za okres od 1 września do 30 września 2011 r. (sekcja 1 i 2) z terminem płatności na dzień 18 lipca 2011 r.</xText>
          <xText>Dodatkowo z uwagi na mylnie przyjęte wskazanie układu pomiarowo rozliczeniowego będącego podstawą wystawienia faktury <xAnon>(...)</xAnon>powód dokonał korekty tej faktury z uwzględnieniem prawidłowej wielkości zużycia kWh. Pozwany zużył bowiem faktycznie 343.176 kWh, a nie 165.060 kWh. Tymsamym należność za zużytą energię winna wynieść kwotę 89.943,48 zł netto (110.507,48 zł brutto), co po odjęciu kwoty wskazanej w fakturze podstawowej pozostawiło niedopłatę w wysokości 57.355,85 zł. Kwota ta została ujęta w fakturze korygującej nr <xAnon> (...)</xAnon> (k. 24 – 25), w której termin zapłaty oznaczono datą 16 czerwca 2011 r.</xText>
          <xText>Pismem z dnia 14 listopada 2011 r. powód wezwał pozwanego do uregulowania zadłużenia w kwocie 301.677,54 zł. W dniu 13 lipca 2012 r., a więc po dacie wytoczenia powództwa pozwany zapłacił stronie powodowej kwotę 111.059,63 zł. Wpłata ta została zarachowana przez wierzyciela w pierwszej kolejności na poczet odsetek ustawowych od wskazanych w pozwie kwot, wyliczonych do dnia wpłaty, w pozostałej części na poczet należności głównej. W związku z wpłatą powód wniósł o zasądzenie od pozwanego kwoty 228.620,84 zł z ustawowymi odsetkami od dnia 14 lipca 2012 r. W pozostałej zaś części cofnął pozew. Pozwany nie zakwestionował sposobu zarachowania wpłaty wymienionej powyżej.</xText>
          <xText>W oparciu o przedstawione wyżej ustalenia Sąd Okręgowy uznał, że powództwo znajduje usprawiedliwienie w treści <xLexLink xArt="art. 535" xIsapId="WDU19640160093" xTitle="Ustawa z dnia 23 kwietnia 1964 r. - Kodeks cywilny" xAddress="Dz. U. z 1964 r. Nr 16, poz. 93">art. 535 k.c.</xLexLink> w związku z <xLexLink xArt="art. 555" xIsapId="WDU19640160093" xTitle="Ustawa z dnia 23 kwietnia 1964 r. - Kodeks cywilny" xAddress="Dz. U. z 1964 r. Nr 16, poz. 93">art. 555 k.c.</xLexLink> Kwestią sporną miedzy stronami jest wystawiona przez powoda faktura korygująca <xAnon> (...)</xAnon> na kwotę 57.355,85 zł. Z treści uzasadnieni sprzeciwu od nakazu zapłaty wynika jednak, że pozwany otrzymał wymienioną wyżej fakturę korygującą w dniu 14 listopada 2011 r. i nie zakwestionował tej należności. Strona pozwana zarzuciła wprawdzie, że to powód powinien wykazać istnienie błędu pomiarowego, czy nieprawidłowość działania układu pomiarowo rozliczeniowego, jednakże nie jest to tożsame z kwestionowaniem samego prawidłowego odczytu urządzenia pomiarowego, które stało się podstawą wystawienia faktury korygującej. Skoro zaś pozwany nie kwestionuje należności co do wysokości, to oznacza także, że nie kwestionuje ilości faktycznie zużytej energii (prawidłowości odczytu). Samo zaś wykazanie jakiego rodzaju błąd pomiarowy stał się przyczyną zaniżonego początkowo odczytu nie ma w tej sytuacji dla sprawy znaczenia.</xText>
          <xText>Sąd Okręgowy zauważył, że pozwany jest przyłączony do sieci energetycznej <xAnon> (...) spółki z ograniczoną odpowiedzialnością</xAnon>, natomiast umowę na sprzedaż energii elektrycznej podpisał z <xAnon> (...) S.A.</xAnon> w <xAnon>G.</xAnon>. Zgodnie z <xLexLink xArt="art. 9 c;art. 9 c ust. 3;art. 9 c ust. 3 pkt. 9 a;art. 9 c ust. 3 pkt. 9 a ppkt. b" xIsapId="WDU19970540348" xTitle="Ustawa z dnia 10 kwietnia 1997 r. - Prawo energetyczne" xAddress="Dz. U. z 1997 r. Nr 54, poz. 348">art. 9c ust 3 pkt 9a ppkt b ustawy Prawo energetyczne</xLexLink>, to na <xAnon> (...)</xAnon> spoczywał obowiązek pozyskiwania i udostępniania powódce danych pomiarowych dla energii elektrycznej pobranej przez pozwanego. W oparciu o uzyskane dane pomiarowe powód w dniu 14 maja 2011 r. wystawił <xAnon>fakturę (...)</xAnon> za sporny okres ujawniając w niej zużycie 165.060 kWh za kwotę 53.151,63 zł. Ponieważ jednak faktyczne zużycie wynosiło 347.176 kWh zaszła potrzeba wystawienia faktury korygującej nr <xAnon> (...)</xAnon>, z której wynika że do zapłaty pozostaje jeszcze 57.355,87 zł. Cała faktura powinna więc opiewać na kwotę 110.507,48 zł brutto. Ponieważ pozwany nie zapłacił ani za fakturę podstawową, ani za fakturę korygującą, cale roszczenie obejmujące okres od stycznia do kwietnia 2011 było uzasadnione.</xText>
          <xText>O kosztach postępowania Sąd Okręgowy orzekł na podstawie <xLexLink xArt="art. 98;art. 98 § 1" xIsapId="WDU19640160093" xTitle="Ustawa z dnia 23 kwietnia 1964 r. - Kodeks cywilny" xAddress="Dz. U. z 1964 r. Nr 16, poz. 93">art. 98 § 1 k.c.</xLexLink></xText>
          
          <xText>W apelacji pozwany wniósł o zmianę wyroku Sadu Okręgowego w pkt 1 przez obniżenie zasądzonej kwoty o kwotę 60.894,30 zł i oddalenie powództwa w tej części. Wniósł także o zmianę rozstrzygnięcia o kosztach stosownie do wyniku postępowania i zasadzenie kosztów postępowania apelacyjnego. Skarżący wyjaśnił, że kwestionowana kwota wynika z powiększenia kwoty 53.151 zł wskazanej w kwestionowanej <xAnon>fakturze nr (...)</xAnon> o odsetki ustawowe wyliczone na dzień 13 lipca 2012 r.</xText>
          <xText>Pozwany zarzucił sprzeczność istotnych ustaleń Sądu z tre</xText>
          <xText>ścią zebranego materiału dowodowego, polegającą na przyjęciu, że powód na podstawie § 4 ust 6 łączącej strony umowy był uprawniony do wystawienia faktury VAT powiększającej należność powoda z tytułu sprzedaży pozwanemu energii elektrycznej za okres od 1 stycznia do 30 kwietnia 2011 r. o kwotę 57.355,85 zł, podczas gdy z dowodów zgromadzonych w sprawie wniosku takiego nie da się wywieść.</xText>
          <xText>W uzasadnieniu apelacji skarżący podniósł, że powód nie wykazał istnienia błędu pomiarowego, ani nie wykazał innych okoliczności wskazanych w § 4 ust 6 umowy tj. nieprawidłowego działania układu pomiarowo – rozliczeniowego. W szczególności powód nie przedstawił żadnego dowodu, w którym dystrybutor (<xAnon> (...)</xAnon>) potwierdziłby istnienie wymienionych okoliczności. Tymczasem Sąd Okręgowy przyjął, że doszło do podania pierwotnie „błędnych danych pomiarowych”, a następnie jak należy mniemać – po skorygowaniu tych błędnych danych – ostatecznie wystawiono fakturę korygującą podwyższającą należność o 57.355,85 zł. Stało się tak, mimo że § 4 pkt 6 umowy wyraźnie wskazuje, że wszelkie błędy w pomiarach i obliczeniach powinny być potwierdzone przez dystrybutora. Potwierdzenie takie nie zostało przedstawione, a powód zaniechał przeprowadzenia zgłoszonego w pozwie dowodu zmierzającego do uzyskania od dystrybutora wskazań układu pomiarowo – rozliczeniowego i danych pomiarowych. Dowód ten zgłoszony był jako ewentualny na wypadek zakwestionowania przez pozwanego wskazań licznika. Pomimo, że pozwany ewidentnie zakwestionował część roszczenia, powód wniosku swojego nie poparł ani w odpowiedzi na sprzeciw, ani podczas rozprawy.</xText>
          
          <xText>W odpowiedzi na apelację powód wniósł o jej oddalenie i obciążenie pozwanego kosztami postępowania apelacyjnego. Powód odwołał się do treści § 4 ust. 6 umowy i wyjaśnił, że przyczyną korekty faktury mogły być dwie alternatywne okoliczności, albo potwierdzone przez Dystrybutora nieprawidłowe działanie układu pomiarowo – rozliczeniowego, albo błędne rozliczenie, które nie wymagało potwierdzenia przez jakikolwiek podmiot trzeci. Błędne rozliczenie jest faktem obiektywnie możliwym do stwierdzenia, stad brak konieczności potwierdzenia przez Dystrybutora.</xText>
          
          <xText>
            <xBx>Sąd Apelacyjny zważył co następuje: </xBx>
          </xText>
          
          <xText>Argumentom apelacji nie sposób odmówić słuszności. Sąd pierwszej instancji dopuścił się bowiem błędu w ustaleniach faktycznych dotyczących rozliczenia przez pozwanego poboru energii elektrycznej w okresie od 1 stycznia 2011 r. do 30 kwietnia 2011 r. Ustalenia Sądu Okręgowego należało uzupełnić w sposób następujący:</xText>
          <xText>W dniu 14 maja 2011 r. powód sporządził <xAnon>fakturę nr (...)</xAnon> opiewającą na kwotę 53.151,63 zł brutto (faktura k. 19). Została ona wystawiona na podstawie dokumentu pt. <xIx>„szczegółowe rozliczenie punktów poboru na <xAnon>fakturze nr (...)</xAnon>” </xIx>(k. 20). Według treści tego dokumentu wskazanie początkowe licznika wynosiło 0 kWh, a wskazanie końcowe 165.060 kWh.</xText>
          <xText>Także inne faktury przedstawione przez powoda w niniejszej sprawie (za wyjątkiem faktury korygującej) potwierdzone zostały dokumentami pt. <xIx>„szczegółowe rozliczenie punktów poboru na fakturze nr….” </xIx>(k. 18, 22, 27, 30, 33, 36). W każdym <xIx>szczegółowym rozliczeniu</xIx> wskazanie początkowe licznika oznaczone zostało wartością zerową.</xText>
          <xText>W dniu 2 czerwca 2011 r. powód sporządził fakturę korygującą oznaczoną numerem <xAnon> (...)</xAnon> do <xAnon>faktury nr (...)</xAnon>. Według treści tego dokumentu pozwanemu policzono za spory okres wartości zerowe zarówno zużycia jak i ceny do zapłaty. W rubryce <xIx>„należało policzyć” </xIx>nie wskazano zużycia, a jedynie należność w wysokości 57.355,85 zł brutto. Wartość zużycia wynika wyłącznie z adnotacji o treści <xIx>„na fakturze naliczono akcyzę w wysokości 3562,32 zł za 178.116,00 kWh” </xIx> Pozwany otrzymał wymienioną fakturę w dniu 14 listopada 2011 r. (faktura korygująca k. 63).</xText>
          <xText>W dniu 31 stycznia 2012 r. pozwany otrzymał kolejną fakturę korygującą oznaczoną tym samym numerem <xAnon> (...)</xAnon> do <xAnon>faktury nr (...)</xAnon>. Została ona także sporządzona w dniu 2 czerwca 2011 r. Według jej treści policzono pozwanemu zużycie na poziomie 165.060 kWh, a należało policzyć zużycie w wysokości 343.176 kWh. Z tego powodu pozwanego obciąża należność w kwocie 89.843,48 zł netto, a do zapłaty pozostaje 57.355,85 zł brutto (po uwzględnieniu faktury podstawowej) (faktura korygująca k. 24 – 25 i 64).</xText>
          <xText>Pozwany nie kwestionował wyłącznie pierwszej faktury korygującej, dlatego zaakceptował płatność kwoty 57.355,85 zł brutto. Nie zgadzał się jednak z twierdzeniem, że obciąża go zarówno wymieniona kwota, jak i należność wynikająca z faktury podstawowej oznaczonej numerem <xAnon> (...)</xAnon>, dlatego odmówił zapłaty wynikającej z niej kwoty 53.151,63 zł (sprzeciw k. 59 – 6h 0).</xText>
          
          <xText>W świetle przedstawionych wyżej faktów za wadliwą należało uznać interpretację przedstawioną przez Sąd pierwszej instancji, sprowadzającą się do stwierdzenia, że skoro pozwany nie kwestionuje należności co do wysokości, to oznacza także, że nie kwestionuje ilości faktycznie zużytej energii (prawidłowości odczytu), samo zaś wykazanie jakiego rodzaju błąd pomiarowy stał się przyczyną zaniżonego początkowo odczytu nie ma w tej sytuacji dla sprawy znaczenia. Pozwany nie kwestionował wszakże tylko pierwszej faktury korygującej, tej która została mu doręczona w dniu 14 listopada 2011 r. Nie wynika z niej w żadnym razie, że wielkość zużycia energii w spornym okresie wyniosła 343.176 kWh. Faktura ta wspomina o zużyciu dla potrzeb podatku akcyzowego i wykazuje to zużycie na poziomie 178.116 kWh. Pozwany nie kwestionował tej wielkości, akceptując że zużycie wzrosło z poziomu 165.060 kWh wskazanego w fakturze podstawowej, a co za tym idzie zaakceptował zwiększenie zobowiązania z kwoty 53.151,63 zł do kwoty 57.355,85 zł.</xText>
          <xText>Żaden z przedstawionych przez powoda dowodów nie świadczy o tym jakie było rzeczywiste zużycie energii elektrycznej w spornym okresie. Druga faktura korygująca, określająca to zużycie na poziomie 343.176 kWh jest wyłącznie dokumentem prywatnym, a zatem dowodzi wyłącznie tego, że powód złożył zawarte w niej oświadczenie. Prawdziwość tego oświadczenia nie została jednak wykazana. W szczególności z dokumentów pt. <xIx>„szczegółowe rozliczenie punktów poboru…” </xIx>oraz z dokumentów pt. <xIx>„archiwalne dane odczytowe” </xIx>nie wynika, aby przedmiotowe urządzenie pomiarowo – rozliczeniowe na początku kolejnego okresu rozliczeniowego – czyli w dniu 1 maja 2011 r. wykazywało stan 343.176 kWh. Ze zdziwieniem skonstatować należy, że każdy z tych dokumentów określa zużycie poprzednie na poziomie zero. Nie istniała więc możliwość uwzględnienia powództwa w zakresie pierwszych czterech miesięcy roku 2011 w oparciu o dowody zgromadzone w aktach sprawy. Powód zaniechał natomiast kontynuowania inicjatywy dowodowej zawartej w punkcie 8.4. pozwu. Znając stanowisko pozwanego przedstawione w sprzeciwie nie popierał swojego wniosku o zwrócenie się do <xAnon> (...) spółki z o.o.</xAnon> (w trybie <xLexLink xArt="art. 248" xIsapId="WDU19640430296" xTitle="Ustawa z dnia 17 listopada 1964 r. - Kodeks postępowania cywilnego" xAddress="Dz. U. z 1964 r. Nr 43, poz. 296">art. 248 k.p.c.</xLexLink>) o przedstawienie dokumentów zawierających dane pomiarowe i historię odczytów układu pomiarowo – rozliczeniowego zainstalowanego u strony pozwanej. Jak wynika z treści odpowiedzi na apelację, powód uznał prawdopodobnie, że dla stwierdzenia, iż zaszedł błąd w rozliczeniach nie jest konieczne jakiekolwiek potwierdzenie przez osobę trzecią. Pominął jednak, że w przypadku sporu sądowego i kwestionowania wysokości zużycia przez pozwanego takie potwierdzenie historii odczytów z układu pomiarowo – rozliczeniowego mogło stanowić wypełnienie ciężaru, który na powodzie spoczywał na podstawie <xLexLink xArt="art. 6" xIsapId="WDU19640160093" xTitle="Ustawa z dnia 23 kwietnia 1964 r. - Kodeks cywilny" xAddress="Dz. U. z 1964 r. Nr 16, poz. 93">art. 6 k.c.</xLexLink> Byłby to bowiem dowód potwierdzający stanowisko powoda co do faktycznej wielkości zużycia. Oczywiście pozostaje otwarta kwestia dopuszczalności dowodu zgłoszonego w pkt 8.4 pozwu. Korzystając z usług innej firmy przy odczytach z liczników powód powinien bowiem w taki sposób ukształtować swoją sytuację aby samodzielnie dysponować stosowną dokumentacją. Powinien więc niezbędną dokumentację świadczącą o faktycznej ilości zużycia energii przedstawić wraz z pozwem, tym bardziej, że złożył dokumenty pt. <xIx>„szczegółowe rozliczenie punktów poboru…” </xIx>oraz z dokumenty pt. <xIx>„archiwalne dane odczytowe”. </xIx>Nie mniej jednak rezygnacja przez powoda z dowodu zgłoszonego pierwotnie w pkt. 8.4 pozwu pozbawiła go zupełnie możliwość udowodnienia, że pozwany zobowiązany jest zapłacić w spornym okresie za 343.176 kWh, a nie za 178.116 kWh zużytej energii.</xText>
          <xText>Nawet jeśli podstawę roszczenia miałyby stanowić przepisy o bezpodstawnym wzbogaceniu (jak wskazał pozwany w odpowiedzi na sprzeciw k. 171), to faktyczna wielkość zużycia energii przez pozwanego w okresie od stycznia do kwietnia 2011 r. musiał zostać udowodniona. Bez poczynienia ustaleń w tym zakresie nie można przecież uznać, że pozwany zużywając 343.176 kWh, a płacąc za 178.116 stał się bezpodstawnie wzbogacony.</xText>
          <xText>Mając powyższe na uwadze Sąd Apelacyjny, na podstawie <xLexLink xArt="art. 386;art. 386 § 1" xIsapId="WDU19640430296" xTitle="Ustawa z dnia 17 listopada 1964 r. - Kodeks postępowania cywilnego" xAddress="Dz. U. z 1964 r. Nr 43, poz. 296">art. 386 § 1 k.p.c.</xLexLink> zmienił zaskarżony wyrok przez oddalenie powództwa w zakresie kwoty 60.894,30 zł, (stanowiącej należność w wysokości 53.151,63 zł powiększoną o odsetki ustawowe na dzień 13 lipca 2012 r.)</xText>
          <xText>Pozwany odniósł sukces w pierwszej instancji w zakresie kwoty 53.151,63 zł, czyli w 17,6% wartości przedmiotu sporu. Obciążało go zatem 82,4 % ogólnej sumy kosztów. Suma ta zamknęła się kwotą 29.518 zł. Pozwany powinien więc w pierwszej instancji ponieść koszty w wysokości 24.323 zł, skoro zaś poniósł je na poziomie 7.217 zł (wynagrodzenie pełnomocnika), to obciąża go różnica w wysokości 17.106 zł. Do takiej też kwoty Sąd Apelacyjny, stosując zasadę stosunkowego rozliczenia kosztów, zmniejszył zobowiązanie pozwanego.</xText>
          <xText>O kosztach powstępowania odwoławczego Sąd Apelacyjny orzekł na podstawie <xLexLink xArt="art. 98;art. 98 § 1" xIsapId="WDU19640430296" xTitle="Ustawa z dnia 17 listopada 1964 r. - Kodeks postępowania cywilnego" xAddress="Dz. U. z 1964 r. Nr 43, poz. 296">art. 98 § 1 k.p.c.</xLexLink> Uznając, że pozwany odniósł sukces w całości Sąd Apelacyjny obciążył powoda kosztami zastępstwa procesowego strony pozwanej w kwocie 2.700 zł oraz nieuiszczoną opłatą od apelacji w kwocie 3.045 zł.</xText>
        </xUnit>
      </xBlock>
    </xPart>
  </judgement>
<judgement id="154500000003003_VI_ACa_001127_2012_Uz_2013-03-08_001">
    <xPart xEditorFullName="Agnieszka Hydzik" xYear="2012" xLang="PL" xPublisherFullName="Agnieszka Hydzik" xFromPg="1" xEditor="ahydzik" xVolType="15/450000/0003003/ACa" xPublisher="ahydzik" xDocType="Uz" xVolNmbr="001127" xVersion="1.0" xToPage="37" xFlag="published">
      <xName>Wyrok</xName>
      <xBlock>
        <xText>
          <xBx>Sygn. akt VI ACa 1127/12 </xBx>
        </xText>
        <xUnit xIsTitle="true" xBold="true" xType="part">
          <xName>WYROK</xName>
          <xTitle>W IMIENIU RZECZYPOSPOLITEJ POLSKIEJ</xTitle>
          <xText xALIGNx="right">
            <xBx>Dnia 8 marca 2013 r.</xBx>
          </xText>
          
          <xText>
            <xBx>Sąd Apelacyjny w Warszawie VI Wydział Cywilny w składzie:</xBx>
          </xText>
          
          <xText>
            <xBx>
      Przewodniczący - Sędzia SA– Małgorzata Kuracka </xBx>
          </xText>
          <xText>
            <xBx>Sędzia SA– Aldona Wapińska (spr.)</xBx>
          </xText>
          <xText>
            <xBx>
      Sędzia SO (del.) – Jacek Bajak </xBx>
          </xText>
          <xText>
            <xBx>
      Protokolant: – sekr. sądowy Ewelina Murawska </xBx>
          </xText>
          
          <xText>
            <xBx>po rozpoznaniu w dniu 8 marca 2013 r. w Warszawie</xBx>
          </xText>
          <xText>
            <xBx>na rozprawie </xBx>
          </xText>
          <xText>
            <xBx>sprawy z powództwa Skarbu Państwa - Pierwszego Urzędu Skarbowego w <xAnon>G.</xAnon></xBx>
          </xText>
          <xText>
            <xBx>przeciwko <xAnon>A. B. (1)</xAnon> i <xAnon>Z. Ł. (1)</xAnon></xBx>
          </xText>
          <xText>
            <xBx>o zapłatę</xBx>
          </xText>
          <xText>
            <xBx>na skutek apelacji pozwanego <xAnon>A. B. (1)</xAnon></xBx>
          </xText>
          <xText>
            <xBx>od wyroku Sądu Okręgowego w Warszawie</xBx>
          </xText>
          <xText>
            <xBx>z dnia 7 maja 2012 r.</xBx>
          </xText>
          <xText>
            <xBx>sygn. akt XX GC 227/08 </xBx>
          </xText>
          <xText>
            <xBx>I oddala apelację, </xBx>
          </xText>
          <xText>
            <xBx>II zasądza od pozwanego <xAnon>A. B. (1)</xAnon> na rzecz Skarbu Państwa - Pierwszego Urzędu Skarbowego w <xAnon>G.</xAnon> kwotę 5400 (pięć tysięcy czterysta) zł tytułem zwrotu kosztów postępowania apelacyjnego. </xBx>
          </xText>
          
          <xText>
            <xBx>VI ACa 1127/12 U Z A S A D N I E N I E </xBx>
          </xText>
          <xText>Pozwem z dnia 4.01.1999 r. Skarb Państwa - Pierwszy Urząd Skarbowy w <xAnon>G.</xAnon> wniósł o zasądzenie na jego rzecz solidarnie od pozwanych <xAnon>A. B. (1)</xAnon> i <xAnon>Z. Ł. (1)</xAnon> kwoty 924.820,60 zł z ustawowymi odsetkami od dnia wytoczenia powództwa do dnia zapłaty oraz kosztów procesu, w tym kosztów zastępstwa procesowego według norm przepisanych.</xText>
          <xText>W uzasadnieniu podał, iż pozwani byli członkami zarządu <xAnon> (...) spółki z o. o.</xAnon> w <xAnon>W.</xAnon> w okresie, gdy spółka była dłużnikiem powoda z tytułu zobowiązań podatkowych za lata 1992 - 1996. Zaległości podatkowe wraz z należnymi odsetkami zostały objęte wystawionymi przez powoda tytułami wykonawczymi, które stanowiły podstawę wszczęcia postępowania egzekucyjnego. W toku postępowania egzekucyjnego uzyskano od spółki jedynie kwotę 8.405,63 złotych, w pozostałym zaś zakresie egzekucja okazała się bezskuteczna. Skierowane przeciwko pozwanym roszczenie powód wywodził z treści <xLexLink xArt="art. 298;art. 298 § 1" xIsapId="WDU19340570502" xTitle="Rozporządzenie Prezydenta Rzeczypospolitej z dnia 27 czerwca 1934 r. - Kodeks handlowy" xAddress="Dz. U. z 1934 r. Nr 57, poz. 502">art. 298 §1 Kodeksu handlowego</xLexLink></xText>
          <xText>Pozwani <xAnon>A. B.</xAnon> i <xAnon>Z. Ł.</xAnon> wnieśli o oddalenie wytoczonego przeciwko nim powództwa w całości. <xAnon>A. B.</xAnon> podniósł, iż przestał być członkiem zarządu <xAnon> spółki (...)</xAnon> w dniu 10 lutego 1995 roku, zaś w okresie, w którym pełnił obowiązki prezesa zarządu podział kompetencji pomiędzy członkami zarządu był taki, że zajmował się on wyszukiwaniem zleceń, czynnościami związanymi z realizacją zawartych umów, nie odpowiadał zaś za sprawy związane z prowadzeniem finansów i księgowości. Pozwany podniósł również, iż choć <xAnon>(...)</xAnon> nie złożyła wniosku o ogłoszenie upadłości, nie wszczęto również postępowania układowego, to wierzyciel nie poniósł z tego tytułu żadnej szkody. Podniósł on również zarzut przedawnienia dochodzonego od niego w niniejszym postępowaniu roszczenia<xBx>
      .</xBx><xAnon>Z. Ł.</xAnon> zakwestionował natomiast możliwość dochodzenia od niego jako byłego członka zarządu <xAnon> spółki (...)</xAnon> zobowiązań tejże spółki, albowiem powód nie udowodnił, iż egzekucja przeciwko spółce była bezskuteczna. Pozwany podniósł również, iż jest zwolniony od odpowiedzialności za zobowiązania <xAnon> spółki (...)</xAnon>, gdyż nie zgłoszenie wniosku o ogłoszenie upadłości ewentualnie wszczęcie postępowania układowego nastąpiło bez jego winy, bowiem w okresie, w którym, był on członkiem zarządu, był odpowiedzialny jedynie za sprawy techniczne produkcji. Pozwany podniósł również zarzut przedawnienia.</xText>
          <xText>W dniu 29 maja 2006 roku Sąd Okręgowy w Warszawie wydał wyrok, w którym zasądził solidarnie od pozwanych <xAnon>A. B.</xAnon> i <xAnon>Z. Ł.</xAnon> kwotę 758.151,90 zł z ustawowymi odsetkami od dnia 4 stycznia 1999 roku do dnia zapłaty (pkt I), zasądził od pozwanego <xAnon>Z. Ł.</xAnon> na rzecz powoda kwotę 166.668,70 zł z ustawowymi odsetkami od dnia 4 stycznia 1999 r. do dnia zapłaty (pkt II), w pozostałym zakresie w stosunku do pozwanego <xAnon>A. B. (1)</xAnon> powództwo oddalił (pkt III), zasądził solidarnie od pozwanych na rzecz powoda kwotę 7.200 zł tytułem zwrotu kosztów zastępstwa procesowego (pkt IV), nakazał pobrać od pozwanych solidarnie na rzecz Skarbu Państwa kwotę 39.507,60 zł tytułem wpisu, od uiszczenia którego powód był zwolniony (pkt V) oraz nakazał pobrać od pozwanego <xAnon>A. B.</xAnon> na rzecz Skarbu Państwa kwotę 8.334,40 zł tytułem wpisu, od uiszczenia którego powód był zwolniony (pkt VI).</xText>
          <xText>Na skutek apelacji wniesionej przez <xAnon>A. B.</xAnon> Sąd Apelacyjny w Warszawie wyrokiem z dnia 21 grudnia 2007 r. uchylił zaskarżony wyrok Sądu Okręgowego w Warszawie w punktach: pierwszym, czwartym, piątym i szóstym i w tym zakresie przekazał sprawę do ponownego rozpoznania Sądowi Okręgowemu w Warszawie, pozostawiając temu Sądowi rozstrzygnięcie o kosztach postępowania apelacyjnego. W uzasadnieniu Sąd Apelacyjny wskazał, iż Sąd Okręgowy nie przeprowadził żadnych dowodów dla ustalenia przebiegu egzekucji prowadzonej przez powoda przeciwko <xAnon> spółce (...)</xAnon>, co było niezbędne dla prawidłowej oceny podniesionego przez pozwanych zarzutu przedawnienia, ani też nie zbadał czy zachodzi przesłanka pozwalająca na uwolnienie się przez członka zarządu od odpowiedzialności za zobowiązania spółki z <xLexLink xArt="§ 2;art. 289" xIsapId="WDU19340570502" xTitle="Rozporządzenie Prezydenta Rzeczypospolitej z dnia 27 czerwca 1934 r. - Kodeks handlowy" xAddress="Dz. U. z 1934 r. Nr 57, poz. 502">§2 art. 289 k.h.</xLexLink> tj., iż istniejąca w <xAnon> spółce (...)</xAnon> sytuacja uzasadniała wniosek, że pomimo nie zgłoszenia wniosku o ogłoszenie upadłości tej spółki wierzyciel nie poniósł szkody. Sąd Apelacyjny polecił Sądowi pierwszej instancji przy ponownym rozpoznaniu sprawy przeprowadzić postępowanie dowodowe dla ustalenia, czy przewidziana w <xLexLink xArt="art. 298;art. 298 § 2" xIsapId="WDU19340570502" xTitle="Rozporządzenie Prezydenta Rzeczypospolitej z dnia 27 czerwca 1934 r. - Kodeks handlowy" xAddress="Dz. U. z 1934 r. Nr 57, poz. 502">art. 298 §2 k.h.</xLexLink> in fine przesłanka zaistniała. W tym zakresie polecono wysłuchanie biegłego, który złożył opinię przed Sądem Apelacyjnym celem jej ewentualnego uzupełnienia. Sąd Apelacyjny polecił również zbadanie podniesionego przez pozwanych zarzutu przedawnienia z uwzględnieniem, iż doniosłość prawną w tym zakresie ma powzięcie przez poszkodowanego wiadomości o szkodzie, tj. wiedzy, że wyegzekwowanie długu od <xAnon> spółki (...)</xAnon> jest niemożliwe. Sąd drugiej instancji – stwierdzając, iż zarzut, że wierzyciel nie poniósł szkody należy traktować jako zarzut wspólny dla obu pozwanych odpowiadających solidarnie – uznał, że istniała podstawa do uchylenia wyroku w punkcie pierwszym co do kwoty 758.151,90 zł i przekazania sprawy do ponownego rozpoznania również w stosunku do pozwanego <xAnon>Z. Ł. (1)</xAnon>, który wyroku nie zaskarżył (<xLexLink xArt="art. 378;art. 378 § 2" xIsapId="WDU19640430296" xTitle="Ustawa z dnia 17 listopada 1964 r. - Kodeks postępowania cywilnego" xAddress="Dz. U. z 1964 r. Nr 43, poz. 296">art. 378 § 2 k.p.c.</xLexLink>).</xText>
          <xText>W toku ponownego rozpoznania sprawy Sąd pierwszej instancji – z uwagi niemożność przesłuchania biegłego sporządzającego opinię przed Sądem Apelacyjnym – dopuścił dowód z opinii innego biegłego z zakresu księgowości na okoliczność czy stan majątku <xAnon> spółki (...)</xAnon> dawał możliwość zaspokojenia wierzyciela i ewentualnie kiedy i czy możliwość ta istniała w okresie do 15 lutego 1995 r. Opinia taka została sporządzona po uzupełnieniu materiału dowodowego w postaci złożenia akt egzekucyjnych z postępowań prowadzonych przeciwko zobowiązanej Spółce.</xText>
          <xText>Po ponownym rozpoznaniu sprawy wyrokiem z dnia 7 maja 2012 r. Sąd Okręgowy w Warszawie:</xText>
          <xText>1) zasądził solidarnie od pozwanych <xAnon>A. B. (1)</xAnon> i <xAnon>Z. Ł. (1)</xAnon> na rzecz powoda Skarbu Państwa - Pierwszy Urząd Skarbowy w <xAnon>G.</xAnon> kwotę 744.321,40 zł z ustawowymi odsetkami od dnia 4 stycznia 1999 r. do dnia zapłaty;</xText>
          <xText>2) zasądził od pozwanego <xAnon>Z. Ł. (1)</xAnon> na rzecz powoda kwotę 13.830,50 zł z ustawowymi odsetkami od dnia 04 stycznia 1999 r. do dnia zapłaty:</xText>
          <xText>3) w pozostałym zakresie powództwo w stosunku do pozwanego <xAnon>A. B. (1)</xAnon> oddalił;</xText>
          <xText>4) zasądził solidarnie od pozwanych <xAnon>A. B. (1)</xAnon> i <xAnon>Z. Ł. (1)</xAnon> na rzecz powoda kwotę 6.715 zł tytułem zwrotu kosztów procesu;</xText>
          <xText>5) zasądził od pozwanego <xAnon>Z. Ł. (1)</xAnon> na rzecz powoda kwotę 5.885 zł tytułem zwrotu kosztów procesu;</xText>
          <xText>6) nakazał pobrać solidarnie od pozwanych <xAnon>A. B. (1)</xAnon> i <xAnon>Z. Ł. (1)</xAnon> na rzecz Skarbu Państwa - Kasy Sądu Okręgowego w Warszawie kwotę 38.512 zł tytułem wpisu od pozwu, od którego powód był zwolniony;</xText>
          <xText>7) nakazał pobranie od pozwanego <xAnon>Z. Ł. (1)</xAnon> na rzecz Skarbu Państwa - Kasy Sądu Okręgowego w Warszawie kwotę 9.329 zł tytułem wpisu od pozwu, od którego powód był zwolniony.</xText>
          <xText>Podstawą rozstrzygnięcia Sądu Okręgowego były następujące ustalenia: Na podstawie tytułów wykonawczych o numerach: <xAnon>(...)</xAnon>, wystawionych przez Pierwszy Urząd Skarbowy w <xAnon>G.</xAnon> przeciwko <xAnon>(...)</xAnon>, było prowadzone administracyjne postępowanie egzekucyjne celem wyegzekwowania zobowiązań podatkowych tejże spółki w postaci: podatku obrotowego za 1992 rok oraz podatku obrotowego za marzec 1993 r. w wysokości 15.044,50 zł , podatku dochodowego od osób prawnych za 1992 rok w wysokości 126.585,90 zł , podatku dochodowego od osób fizycznych z tytułu umów o pracę za miesiące październik - grudzień 1994 r., styczeń - czerwiec 1995 r., luty - lipiec 1996 r. w łącznej wysokości 9.368,91 zł , podatku dochodowego od osób fizycznych z tytułu umów zlecenia za miesiące sierpień - grudzień 1993 r., maj - grudzień 1994 r. w łącznej wysokości 10.190,60 zł, podatku od towarów i usług za miesiące: grudzień 1994 r., kwiecień - czerwiec, sierpień i grudzień 1995 r., kwiecień - czerwiec 1996 r. w łącznej wysokości 87.079,09 zł.</xText>
          <xText>W toku przeprowadzonych postępowań egzekucyjnych wyegzekwowana została jedynie kwota 8.405,63 złotych, w pozostałym zaś zakresie egzekucja okazała się bezskuteczna. Postanowieniem z dnia 24 listopada 1997 roku postępowanie egzekucyjne zostało umorzone.</xText>
          <xText>W okresie od powstania <xAnon> spółki (...)</xAnon> do 10 lutego 1995 r. <xAnon>A. B.</xAnon> i <xAnon>Z. Ł.</xAnon> pełnili odpowiednio funkcje: prezesa zarządu i zastępcy prezesa zarządu. W tym czasie zaległości podatkowe spółki wyniosły kwotę 744.321,40 zł (65.944,10 zł + 26,10 zł + 547.633,70 zł + 1.929,11 zł + 2.603,60 zł + 2.609,00 zł + 2.562,00 zł + 2.649,60 zł + 1.483,00 zł + 1.919,90 zł + 632,50 zł + 2.103,20 zł + 2.856,80 zł + 2.595,20 zł + 2.190,00 zł + 2.339,10 zł + 2.970,30 zł + 3.568,40 zł + 3.821,90 zł + 4.185,60 zł + 4.165,60 zł + 75.664,19 zł + 7.868,50 zł ). W okresie od 11 lutego 1995 r. do 30 września 1996 r. zarząd spółki <xAnon>(...)</xAnon> pozostawał jednoosobowy i był sprawowany przez <xAnon>Z. Ł.</xAnon>. W tym czasie zaległości podatkowe spółki wobec Skarbu Państwa wyniosły 180.499,20 zł (2.882,70 zł + 331,60 zł + 2.592,40 zł + 2.079,70 zł + 87,40 zł + 1.295,70 zł + 1.274,10 zł + 1.288,90 zł+ 1.008,40 zł + 989,60 zł + 6.005,00 zł + 469,40 zł + 1.338,00 zł + 69.237,20 zł + 41.127,40 zł + 74,00 zł + 9.111,30 zł + 39.306,40 zł).</xText>
          <xText><xAnon> Spółka (...)</xAnon> osiągnęła ujemny wynik finansowy w rozumieniu przewyższenia wartości długów (zobowiązań) ponad wartość jej majątku już w dniu 31 grudnia 1993 roku. Następnie jej sytuacja finansowa stale się pogarszała i sukcesywnie zmniejszała się możliwość zaspokojenia jej wierzycieli. <xAnon>A. B.</xAnon> i <xAnon>Z. Ł.</xAnon>, pomimo powstania okoliczności, o jakich stanowiły <xLexLink xArt="art. 1" xIsapId="WDU19340930834" xTitle="Rozporządzenie Prezydenta Rzeczypospolitej z dnia 24 października 1934 r. - Prawo upadłościowe" xAddress="Dz. U. z 1934 r. Nr 93, poz. 834">art. 1 Prawa upadłościowego z 1934 r.</xLexLink> oraz <xLexLink xArt="art. 1" xIsapId="WDU19340930836" xTitle="Rozporządzenie Prezydenta Rzeczypospolitej z dnia 24 października 1934 r. - Prawo o postępowaniu układowem" xAddress="Dz. U. z 1934 r. Nr 93, poz. 836">art. 1 Prawa o postępowaniu układowym z 1934 r.</xLexLink>, nie zgłosili wniosku o ogłoszenie upadłości lub wniosku o wszczęcie postępowania układowego. Gdyby wniosek ten został zgłoszony we właściwym czasie tj. do 14 stycznia 1994 roku Skarb Państwa - Pierwszy Urząd Skarbowy w <xAnon>G.</xAnon> zostałby zaspokojony w całości.</xText>
          <xText>Powyższy stan faktyczny Sąd Okręgowy ustalił w oparciu o twierdzenia stron wyraźnie przyznane bądź niezaprzeczone przez przeciwnika (<xLexLink xArt="art. 229;art. 230" xIsapId="WDU19640430296" xTitle="Ustawa z dnia 17 listopada 1964 r. - Kodeks postępowania cywilnego" xAddress="Dz. U. z 1964 r. Nr 43, poz. 296">art. 229 i 230 k.p.c.</xLexLink>), złożone w toku postępowania przez strony do akt sprawy dowody z dokumentów, w tym dokumentów znajdujących się w załączonych aktach egzekucyjnych Pierwszego Urzędu Skarbowego w <xAnon>G.</xAnon> oraz w oparciu o opinię biegłego. Sąd pierwszej instancji wskazał, iż wprawdzie dowody z dokumentów zostały złożone przez strony w części kserokopiach, jednakże ich zgodność z oryginałami nie była kwestionowana, Sąd również nie znalazł argumentów pozwalających podważyć ich wiarygodność.</xText>
          <xText>W ocenie Sądu pierwszej instancji roszczenie powoda skierowane przeciwko <xAnon>Z. Ł.</xAnon> jest zasadne i podlegało uwzględnieniu w całości. Natomiast roszczenie przeciwko <xAnon>A. B.</xAnon> należało uwzględnić częściowo tj. za okres, w którym pozwany pozostawał członkiem zarządu <xAnon> spółki (...)</xAnon>.</xText>
          <xText>Sąd Okręgowy wskazał, iż podstawą prawną dochodzonego przez powoda roszczenia był obowiązujący wówczas przepis <xLexLink xArt="art. 298;art. 298 § 1" xIsapId="WDU19340570502" xTitle="Rozporządzenie Prezydenta Rzeczypospolitej z dnia 27 czerwca 1934 r. - Kodeks handlowy" xAddress="Dz. U. z 1934 r. Nr 57, poz. 502">art. 298 §1 k.h.</xLexLink>, zgodnie z którym, jeżeli egzekucja przeciwko spółce (z o. o.) okaże się bezskuteczna, członkowie zarządu odpowiadają solidarnie za jej zobowiązania.  Warunkiem koniecznym, a zarazem wystarczającym do uznania odpowiedzialności członków zarządu jest dysponowanie przez wierzyciela spółki tytułem egzekucyjnym, stwierdzającym istnienie wobec niego zobowiązania spółki oraz udowodnienie, że egzekucja tego zobowiązania przeciwko spółce okazała się bezskuteczna (por. uchwała Sądu Najwyższego z dnia 15 czerwca 1999 r., sygn. III CZP 10/99, opubl w: OSNC 1999, nr 12,poz. 203). Ciężar wykazania tych okoliczności – zgodnie z ogólną regułą rozkładu ciężaru dowodowego wynikającego z <xLexLink xArt="art. 6" xIsapId="WDU19640160093" xTitle="Ustawa z dnia 23 kwietnia 1964 r. - Kodeks cywilny" xAddress="Dz. U. z 1964 r. Nr 16, poz. 93">art. 6 k.c.</xLexLink> - spoczywa na powodzie.</xText>
          <xText>Zdaniem Sądu pierwszej instancji w toku postępowania powód bezsprzecznie wykazał przesłanki odpowiedzialności obydwu pozwanych jako członków zarządu za zobowiązania <xAnon> spółki (...)</xAnon>. Złożył on bowiem do akt sprawy zarówno tytuły egzekucyjne wystawione przeciwko spółce, jak i komplet dokumentacji przedstawiającej przebieg toczonego przeciwko niej postępowania egzekucyjnego, które zakończyło się wydaniem postanowienia o umorzeniu postępowania wobec stwierdzonej niemal w całości bezskuteczności egzekucji. Wprawdzie pozwany <xAnon>Z. Ł.</xAnon> podnosił początkowo, iż powód nie wykazał przesłanki bezskuteczności egzekucji, jednakże wobec zgromadzonego w sprawie materiału dowodowego, zarzut ten okazał się bezzasadny i w toku ponownego rozpoznania sprawy przed Sądem pierwszej instancji zarzutu tego pozwany nie ponawiał.</xText>
          <xText>Wobec skutecznego wykazania przez powoda wszystkich niezbędnych przesłanek jego roszczenia Sąd Okręgowy uznał, iż powództwo wobec pozwanego <xAnon>Z. Ł.</xAnon> należało uwzględnić w całości, zaś wobec pozwanego <xAnon>A. B.</xAnon> w takiej części, jaka odpowiada okresowi, w którym pełnił on w spółce funkcję członka zarządu tj. do dnia 10 lutego 1995 roku. Ze złożonego przez powoda tabelarycznego zestawienia zobowiązań <xAnon> spółki (...)</xAnon>, (nie kwestionowanego przez pozwanych) w okresie, gdy <xAnon>A. B.</xAnon> pełnił funkcję prezesa zarządu spółki <xAnon>(...)</xAnon>, jej zobowiązania względem powoda wynosiły łącznie kwotę 744.321,40 złotych.</xText>
          <xText>Sąd pierwszej instancji podkreślił, iż w razie bezskuteczności egzekucji odpowiedzialność za zobowiązania spółki ponoszą osoby będące członkami zarządu w czasie istnienia tego zobowiązania, nie jest natomiast konieczne, aby zobowiązanie w tym czasie było wymagalne. Od tak ukształtowanej odpowiedzialności członek zarządu mógł się jednak uwolnić, jeśli wykazał spełnienie przesłanek egzoneracyjnych określonych w <xLexLink xArt="art. 298;art. 298 § 2" xIsapId="WDU19340570502" xTitle="Rozporządzenie Prezydenta Rzeczypospolitej z dnia 27 czerwca 1934 r. - Kodeks handlowy" xAddress="Dz. U. z 1934 r. Nr 57, poz. 502">art. 298 § 2 k.h.</xLexLink>, tj., że :</xText>
          <xText>1. we właściwym czasie zgłoszono upadłość lub wszczęto postępowanie zapobiegające upadłości (postępowanie układowe), albo że</xText>
          <xText>2. niezgłoszenie upadłości oraz niewszczęcie zapobiegającego upadłości nastąpiło nie z jego winy, albo że</xText>
          <xText>3. pomimo niezgłoszenia upadłości oraz niewszczęcia postępowania zapobiegającego upadłości wierzyciel nie poniósł szkody.</xText>
          <xText>Ciężar wykazania tych okoliczności spoczywał na członku zarządu, tj. na pozwanych.</xText>
          <xText>Obydwaj pozwani podnosili brak po ich stronie winy w niezgłoszeniu upadłości ew. podania o otwarcie postępowania układowego wobec podziału kompetencji pomiędzy poszczególnych członków zarządu. Zdaniem Sądu Okręgowego okoliczność ta pozostaje prawnie obojętna, albowiem wszelkie tego rodzaju ustalenia mogą odnosić jedynie skutek w stosunkach pomiędzy członkami zarządu, ewentualnie pomiędzy członkiem zarządu a spółką, nie mają zaś znaczenia wobec osób trzecich, w tym powoda jako wierzyciela spółki. Nadto pozwani po przekazaniu niniejszej sprawy przez Sąd Apelacyjny do ponownego rozpoznania na ten argument już się nie powoływali.</xText>
          <xText>Pozwany <xAnon>A. B.</xAnon> próbował wykazać przesłankę egzoneracyjną, iż pomimo niezgłoszenia wniosku o ogłoszenie upadłości oraz niewszczęcia postępowania układowego wierzyciel nie poniósł szkody, wnosząc o dopuszczenie dowodu z opinii biegłego. Sąd Apelacyjny podjął próbę wyjaśnienia tego zarzutu w postępowaniu apelacyjnym, jednakże z uwagi na niemożność przesłuchania biegłego <xAnon>T. J.</xAnon> – wobec zgłoszonych przez strony zastrzeżeń do wydanej opinii – okazało się to niemożliwe. Nie powiodła się również próba przesłuchania tego biegłego przez Sąd Okręgowy i nie było możliwości zażądania wydania opinii uzupełniającej przez tego biegłego. W tej sytuacji koniecznym okazało się dopuszczenie dowodu z opinii innego biegłego do spraw księgowości na okoliczność ustalenia, czy stan majątku <xAnon> spółki (...)</xAnon> dawał możliwość zaspokojenia wierzyciela i ewentualnie kiedy, i czy możliwość ta istniała w okresie do 15 lutego 1995 roku.</xText>
          <xText>W sprawie niniejszej przesłanki uzasadniające zgłoszenie wniosku o ogłoszenie upadłości ewentualnie podania o otwarcie postępowania układowego podlegają ocenie według przepisów <xLexLink xArt="" xIsapId="WDU19340930834" xTitle="Rozporządzenie Prezydenta Rzeczypospolitej z dnia 24 października 1934 r. - Prawo upadłościowe" xAddress="Dz. U. z 1934 r. Nr 93, poz. 834">Rozporządzenia Prezydenta Rzeczpospolitej z dnia 24 października 1934 r. - Prawo upadłościowe</xLexLink> (tekst jednolity Dz.U. z 1991 r., nr 118, poz. 512 ze zm.) i Rozporządzenia Prezydenta Rzeczpospolitej z dnia 24 października 1934 r. - Prawo o postępowaniu układowym (Dz. U. z dnia 27 października 1934 r. nr 93, poz. 836 ze zmianami). W myśl <xLexLink xArt="art. 1;art. 1 § 1;art. 1 § 2;art. 5;art. 5 § 1;art. 5 § 2" xIsapId="WDU19340930834" xTitle="Rozporządzenie Prezydenta Rzeczypospolitej z dnia 24 października 1934 r. - Prawo upadłościowe" xAddress="Dz. U. z 1934 r. Nr 93, poz. 834">art. 1 §1 i 2 i art. 5 §1 i 2 Prawa upadłościowego</xLexLink> spółka prawa handlowego może zostać uznana za upadłą wówczas, gdy jej majątek nie wystarcza na zaspokojenie długów, a także przedsiębiorca będący osobą prawną (...), którego majątek nie wystarcza na zaspokojenie długów (<xLexLink xArt="art. 1 § 2" xIsapId="WDU19340930834" xTitle="Rozporządzenie Prezydenta Rzeczypospolitej z dnia 24 października 1934 r. - Prawo upadłościowe" xAddress="Dz. U. z 1934 r. Nr 93, poz. 834">§2</xLexLink>), a także wtedy, gdy zaprzestanie płacenia długów w sposób trwały. Zgodnie z <xLexLink xArt="art. 5;art. 5 § 1" xIsapId="WDU19340930834" xTitle="Rozporządzenie Prezydenta Rzeczypospolitej z dnia 24 października 1934 r. - Prawo upadłościowe" xAddress="Dz. U. z 1934 r. Nr 93, poz. 834">art. 5 § 1 prawa upadłościowego</xLexLink> przedsiębiorca był zobowiązany, nie później niż w terminie dwóch tygodni od dnia zaprzestania płacenia długów, zgłosić w sądzie wniosek o ogłoszenie upadłości, zaś w myśl <xLexLink xArt="art. 1 § 2" xIsapId="WDU19340930836" xTitle="Rozporządzenie Prezydenta Rzeczypospolitej z dnia 24 października 1934 r. - Prawo o postępowaniu układowem" xAddress="Dz. U. z 1934 r. Nr 93, poz. 836">§2</xLexLink> tego przepisu, reprezentant przedsiębiorcy, o którym mowa w <xLexLink xArt="art. 1;art. 1 § 2" xIsapId="WDU19340930836" xTitle="Rozporządzenie Prezydenta Rzeczypospolitej z dnia 24 października 1934 r. - Prawo o postępowaniu układowem" xAddress="Dz. U. z 1934 r. Nr 93, poz. 836">art. 1 §2</xLexLink>, jest zobowiązany zgłosić wniosek o ogłoszenie upadłości w terminie dwóch tygodni od dnia, w którym majątek spółki nie wystarcza na zaspokojenie długów, chyba, że wcześniej rozpoczął się bieg terminu określonego w <xLexLink xArt="art. 5 § 1" xIsapId="WDU19340930834" xTitle="Rozporządzenie Prezydenta Rzeczypospolitej z dnia 24 października 1934 r. - Prawo upadłościowe" xAddress="Dz. U. z 1934 r. Nr 93, poz. 834">§1</xLexLink>. Stosownie do §3 tego przepisu, terminy określone w <xLexLink xArt="art. 1 § 2;§ 3" xIsapId="WDU19340930836" xTitle="Rozporządzenie Prezydenta Rzeczypospolitej z dnia 24 października 1934 r. - Prawo o postępowaniu układowem" xAddress="Dz. U. z 1934 r. Nr 93, poz. 836">§2 i 3</xLexLink> nie biegną, a jeżeli rozpoczęły bieg, ulegają zawieszeniu, gdy przedsiębiorca złożył podanie o otwarcie postępowania układowego. W przypadku przesłanki zaprzestania płacenia długów chodzi o zobowiązania wymagalne, zaś przesłanka „przewyżki" zobowiązań nad majątkiem dotyczy zobowiązań zarówno wymagalnych, jak i tych, których termin spełnienia świadczenia jeszcze nie nastąpił (por. Komentarz do Prawa upadłościowego i układowego, S. Gurgul, Wydawnictwo C. H. Beck, Warszawa 2003 r., str. 32 - 33). Natomiast w myśl <xLexLink xArt="art. 1" xIsapId="WDU19340930836" xTitle="Rozporządzenie Prezydenta Rzeczypospolitej z dnia 24 października 1934 r. - Prawo o postępowaniu układowem" xAddress="Dz. U. z 1934 r. Nr 93, poz. 836">art. 1 Prawa o postępowaniu układowym</xLexLink>, podmiot, który wskutek wyjątkowych i niezależnych od niego okoliczności zaprzestał płacenia długów lub przewiduje w najbliższej przyszłości zaprzestanie ich płacenia, może żądać otwarcia postępowania układowego celem zawarcia układu z wierzycielami.</xText>
          <xText>Opierając się na opinii <xAnon>J. O.</xAnon> – biegłego sądowego z zakresu rachunkowości oraz zarządzania, organizacji, analizy i wyceny przedsiębiorstw – z dnia 30 lipca 2010 roku, Sąd Okręgowy ustalił, iż <xAnon> spółka (...)</xAnon> była niewypłacalna, w rozumieniu „przewyżki” zobowiązań nad majątkiem spółki, co najmniej od końca 1993 roku. Tym samym jej zarząd miał obowiązek złożenia wniosku o upadłość spółki najpóźniej w dniu 14 stycznia 1994 roku. Gdyby wniosek o upadłość został złożony w terminie, wierzyciel Skarb Państwa mógłby zostać zaspokojony całkowicie, zaś roszczenia za dalsze okresy w ogóle by nie powstały. Począwszy od końca 1993 roku możliwość zaspokojenia wierzycieli spółki systematycznie się pogarszała. Jednakże powód, jako wierzyciel budżetowy na trzy wskazane przez biegłego daty tj. 31 grudnia 1993 roku, 31 grudnia 1994 roku i 17 października 1995 roku, miał w dalszym ciągu możliwość zaspokojenia swoich roszczeń z majątku <xAnon>(...)</xAnon> w całości. Wszczęta zaś i prowadzona w późniejszym okresie egzekucja wobec <xAnon>(...)</xAnon> okazała się bezskuteczna w znacznym stopniu. Zdaniem Sądu pierwszej instancji oznacza to, iż powód bezsprzecznie poniósł szkodę z powodu nie złożenia przez pozwanych wniosku o upadłość lub podania o układ.</xText>
          <xText>Sąd Okręgowy podkreślił, iż pomimo że w toku postępowania nie udało się zgromadzić pełnej dokumentacji finansowo - księgowej <xAnon> spółki (...)</xAnon>, biegły ustalił w sposób nie budzący wątpliwości jej stan majątkowy według wartości księgowych. Biegły w tym celu przeanalizował wartości bilansowe i dokonał zestawienia istotnych danych wynikających z bilansów na trzy możliwe do ustalenia na podstawie dostępnych dokumentów daty: 31 grudnia 1993 roku, 31 grudnia 1994 roku i 17 października 1995 roku. Następnie sporządził tabelaryczne zestawienie zawierające wyniki dokonanego przezeń badania możliwości zaspokojenia wierzycieli spółki odrębnie dla wszystkich wierzycieli oraz odrębnie dla wierzycieli publicznoprawnych. Ze sporządzonego zestawienia wynika, iż na wszystkie przyjęte przez biegłego daty badania występowała przesłanka z <xLexLink xArt="art. 1;art. 1 § 2" xIsapId="WDU19340930834" xTitle="Rozporządzenie Prezydenta Rzeczypospolitej z dnia 24 października 1934 r. - Prawo upadłościowe" xAddress="Dz. U. z 1934 r. Nr 93, poz. 834">art. 1 §2 Prawa upadłościowego</xLexLink>, tj. występował stan, w którym majątek spółki nie wystarczał na zaspokojenie wszystkich wierzycieli. Jednocześnie powód - jako wierzyciel budżetowy - miał możliwość pełnego zaspokojenia swoich roszczeń z majątku <xAnon>(...)</xAnon> w całym badanym okresie. Biegły zbadał też stopień możliwości zaspokojenia powoda w sytuacji, gdyby zarząd spółki <xAnon>(...)</xAnon> dokonał obowiązku złożenia wniosku o upadłość w ustawowym terminie, jednakże – skoro wniosek o ogłoszenie upadłości nie został zgłoszony – musiał przyjąć pewne założenia hipotetyczne, opisane na str. 9 opinii. Z ustaleń biegłego wynika, iż już na 31 grudnia 1993 roku występował stan niewypłacalności <xAnon>(...)</xAnon> w rozumieniu art. 1 §2 Pr. Upadłościowego, skutkujący powstaniem obowiązku zarządu złożenia wniosku o upadłość do dnia 14 stycznia 1994 roku. Wówczas wartość majątku <xAnon>(...)</xAnon> według wartości bilansowych wahałaby się pomiędzy 457.381,46 zł a 476.386,24 zł, zaś wartość zobowiązań wynosiłaby w granicach 492.386,54 zł a 560.169,86 zł. Przy uwzględnieniu przewidywanych kosztów postępowania upadłościowego do podziału pomiędzy wierzycieli przypadałaby kwota pomiędzy 357.000 - 377.000 zł, zaś z przeprowadzonych przez biegłego symulacji wynika, iż powód jako wierzyciel III kategorii (art. 204 Pr.U.) uzyskałby pełne zaspokojenie we wszystkich trzech badanych przez biegłego datach. W ocenie Sądu pierwszej instancji powyższe wyliczenia oraz fakt, iż powód uzyskał w toku przeprowadzonej egzekucji jedynie nieznaczne zaspokojenie, prowadzą do wniosku, że wskutek nie złożenia przez zarząd spółki <xAnon>(...)</xAnon> w ustawowym terminie wniosku o upadłość wierzyciel poniósł szkodę, która z każdym rokiem się zwiększała, bowiem powstawały nowe zobowiązania spółki wobec Skarbu Państwa i to takiego rodzaju, którym powód nie mógł zapobiec, nie może być więc mowy o jakimkolwiek przyczynieniu się powoda do powstania szkody.</xText>
          <xText>W ocenie Sądu pierwszej instancji powyższa opinia biegłego jest wiarygodnym dowodem pozwalającym na jednoznaczną ocenę podnoszonego przez pozwanych zarzutu braku szkody po stronie powoda, pomimo niezgłoszenia wniosku o ogłoszenie upadłości <xAnon> spółki (...)</xAnon>, ewentualnie podania o układ. Uznając powyższy dowód za wiarygodny Sąd ten dowodu kierował się poziomem wiedzy biegłego, sformułowanymi przez niego podstawami teoretycznymi opinii, ocenił także sposób motywowania zajętego stanowiska i nie znalazł żadnych argumentów wskazujących na wadliwość wydanej opinii. Sąd podkreślił, iż biegły w sposób drobiazgowy przeanalizował dostępny mu materiał dowodowy, a po stwierdzeniu jego nie dającej się usunąć niekompletności, częściowo samodzielnie sporządził stosowne zestawienia oraz przyjął założenia umożliwiające przeprowadzenie badania zagadnienia zleconego mu przez Sąd. Zdaniem Sądu opinia ta jest szczegółowa, fachowa i rzetelna, wyczerpująco uzasadniająca przy tym wysnute przez biegłego wnioski końcowe. Dlatego też Sąd uznał ją za w pełni wystarczającą dla rozstrzygnięcia badanego zagadnienia i nie znalazł powodów dla powołania dowodu z innego biegłego.</xText>
          <xText>W ocenie Sądu pierwszej instancji zastrzeżenia do opinii przedstawione przez pozwanego <xAnon>A. B.</xAnon> nie zawierają przekonujących merytorycznych argumentów pozwalających uznać, iż opinia biegłego jest nierzetelna. W szczególności nie można skutecznie czynić biegłemu zarzutu, iż dokonał „matematycznego, czy wręcz mechanicznego" zestawienia sum bilansowych. Pozwany podnosił, iż sprawozdanie finansowe, w tym bilans, to dokumenty stanowiące jedynie dowód tego, iż osoba, która go podpisała złożyła oświadczenie w nim zawarte, nie można zaś uznać, iż stanowi ono rzeczywisty dowód wartości majątku spółki. Sąd przypomniał jednak, iż to zarząd (w tym sam pozwany <xAnon>A. B.</xAnon>) podpisywał sprawozdania finansowe za badany okres. Skoro pozwany twierdzi, iż dane zawarte w analizowanych przez biegłego bilansach pozostają nieprawdziwe, winien w tym zakresie przedstawić Sądowi stosowne dowody, czego jednak nie uczynił. Tymczasem zarówno Sąd Apelacyjny, jak i Sąd pierwszej instancji ponownie rozpoznający sprawę podjęły wszelkie możliwe procesowo środki celem uzyskania dokumentacji <xAnon> (...) spółki (...)</xAnon>. Skoro więc biegły w braku dokumentacji źródłowej nie miał żadnej możliwości dokonania weryfikacji zapisów, które znalazły się w bilansie, to za nieporozumienie Sąd pierwszej instancji uznał czynienie mu zarzutu, iż oparł się na dokumentach, które pozwany podpisał jako polegające na prawdzie.</xText>
          <xText>Zdaniem Sądu Okręgowego błędne jest też przyjęte przez pozwanego założenie, iż biegły winien dokonać badania wartości majątku <xAnon> spółki (...)</xAnon> w oparciu o metodę likwidacyjną tj. według przewidywanej ceny sprzedaży netto, choćby bowiem z tego powodu, iż w braku jakiegokolwiek materiału dowodowego w tym zakresie, wyceny majątku według proponowanej przez pozwanego metody nie dałoby się wykonać. Ponadto metoda likwidacyjna służy właścicielowi przedsiębiorstwa do dokonania jego wyceny pod kątem ustalenia jaka kwota pozostanie mu po sprzedaży przedsiębiorstwa po odjęciu kosztów sprzedaży i spłaceniu zobowiązań, nie stosuje się jej natomiast do tzw. sprzedaży wymuszonej, czyli np. w postępowaniu egzekucyjnym czy upadłościowym.</xText>
          <xText>Sąd pierwszej instancji wskazał, iż zgodnie z <xLexLink xArt="art. 24;art. 24 ust. 1;art. 24 ust. 2" xIsapId="WDU19941210591" xTitle="Ustawa z dnia 29 września 1994 r. o rachunkowości" xAddress="Dz. U. z 1994 r. Nr 121, poz. 591">art. 24 ust. 1 i 2 ustawy z dnia 29 września 1994 r. o rachunkowości</xLexLink> (Dz. U. 09.152.1223 ze zm.) księgi rachunkowe powinny być prowadzone rzetelnie, bezbłędnie, sprawdzalnie i bieżąco, zaś uznaje się je za rzetelne, jeżeli dokonane w nich zapisy odzwierciedlają stan rzeczywisty. Przepis zaś art. 20 ust. 2 tejże ustawy stanowi, iż podstawą zapisów są dowody księgowe stwierdzające dokonanie operacji gospodarczej, tzw. „dowody źródłowe". Tymczasem w sprawie niniejszej dowodów źródłowych w zasadzie nie było. Negatywne skutki niezłożenia tych dowodów obciążają pozwanych, wobec spoczywającego na nich obowiązku wykazania przesłanek egzoneracyjnych wynikających z <xLexLink xArt="art. 298;art. 298 § 2" xIsapId="WDU19340570502" xTitle="Rozporządzenie Prezydenta Rzeczypospolitej z dnia 27 czerwca 1934 r. - Kodeks handlowy" xAddress="Dz. U. z 1934 r. Nr 57, poz. 502">art. 298 §2 k.h.</xLexLink> Z tej przyczyny stanowisko pozwanego co do opinii biegłego Sąd pierwszej instancji uznał za nietrafne, zaś wniosek pozwanego o dopuszczenie dowodu z innego biegłego za niezasadny. Sąd powołał się przy tym na orzecznictwo Sądu Najwyższego, zgodnie z którym sąd rozpoznający sprawę powinien zażądać dodatkowej opinii innych biegłych, jeżeli występuje rozbieżność, niezupełność lub niejasność opinii, a materiał dowodowy nie daje podstawy do oparcia się wyłącznie na opinii jednego biegłego (orzeczenie SN z 18.06.1952 r., C 1108/51, NP. 1953 nr 10 s. 93, postanowienie SN z 29.06.1973 r„ I CR 271/73, LEX nr 7277; wyrok SN z 15.02.1974 r„ II CR 817/73, LEX nr 7404, uzasadnienie wyroku SN z 30.11.1999 r„ II UKN 220/99, OSNP 2001 nr 6 poz. 204; uzasadnienie wyroku SN z 10.02.2000 r„ II UKN 399/99, OSNP 2001 nr 15 poz. 479; uzasadnienie wyroku SN z 08.02.2002 r„ II UKN 112/01, OSNP 2003, nr 23, poz. 580). Zdaniem Sądu pierwszej instancji w sprawie niniejszej sytuacja taka nie miała miejsca, gdyż potrzeba powołania innego biegłego musi wynikać z okoliczności sprawy, a nie z samego niezadowolenia strony z dotychczasowej złożonej opinii (por. wyrok SN z 05.11.1974 r., I CR 562/74, LEX nr 7607; uzasadnienie wyroku SN z 04.08.1999 r. I PKN 20/99, OSNAPiUS 2000, nr 22, poz. 807; uzasadnienie wyroku SN z 10.01.2001 r. II CKN 639/99, LEX nr 53135.</xText>
          <xText>Mając na uwadze powyższe Sąd Okręgowy uznał, iż pozwany nie wykazał podnoszonej przez niego okoliczności, iż pomimo niezgłoszenia wniosku o ogłoszenie upadłości oraz niewszczęcia postępowania układowego wierzyciel nie poniósł szkody. Stan niewypłacalności <xAnon> spółki (...)</xAnon> w rozumieniu przewyżki zobowiązań nad jej majątkiem wystąpił już bowiem w dniu 31 grudnia 2003 roku, zaś gdyby pozwany złożył we właściwym czasie wniosek o ogłoszenie upadłości, wierzyciel uzyskałby zaspokojenie w wysokości 100,00 %. Wniosek o ogłoszenie upadłości nie został złożony, zaś z należnej mu od spółki kwoty powód uzyskał jedynie nieznaczną część swojej wierzytelności. Szkoda poniesiona przez powoda jest zatem – w ocenie Sądu pierwszej instancji – bezsprzeczna.</xText>
          <xText>Za niezasadny Sąd Okręgowy uznał podniesiony przez obydwu pozwanych zarzut przedawnienia dochodzonego od nich w niniejszym postępowaniu roszczenia. Opierając się na poglądzie wyrażonym w uchwale siedmiu sędziów Sądu Najwyższego z dnia 07 listopada 2008 r. (III CZP 72/08 LEX nr 460259), Sąd ten wskazał, iż do przedawnienia roszczeń wierzycieli spółki z ograniczoną odpowiedzialnością przeciwko członkom zarządu mają zastosowanie przepisy o przedawnieniu roszczeń o naprawienie szkody wyrządzonej czynem niedozwolonym. Zgodnie zaś z <xLexLink xArt="art. 442(1);art. 442(1) § 1" xIsapId="WDU19640160093" xTitle="Ustawa z dnia 23 kwietnia 1964 r. - Kodeks cywilny" xAddress="Dz. U. z 1964 r. Nr 16, poz. 93">art. 442<xSUPx>1</xSUPx> § 1 k.c.</xLexLink> (<xLexLink xArt="art. 442(1) zd. 1" xIsapId="WDU19640160093" xTitle="Ustawa z dnia 23 kwietnia 1964 r. - Kodeks cywilny" xAddress="Dz. U. z 1964 r. Nr 16, poz. 93">zdanie pierwsze</xLexLink>) „roszczenie o naprawienie szkody wyrządzonej czynem niedozwolonym ulega przedawnieniu z upływem lat trzech od dnia, w którym poszkodowany dowiedział się o szkodzie i o osobie obowiązanej do jej naprawienia".</xText>
          <xText>W sprawie niniejszej Sąd pierwszej instancji winien był ustalić początek biegu terminu przedawnienia, wiążący się z faktem możliwości stwierdzenia bezskuteczności egzekucji. Odnosząc się do tej kwestii Sąd <xIx>meriti </xIx>podkreślił, iż  ustalenie tej przesłanki może nastąpić na podstawie każdego dowodu, z którego wynika, że spółka nie ma majątku na zaspokojenie wierzyciela pozywającego członków zarządu (wyrok Sądu Najwyższego z dnia 31 stycznia 2007 r. (II CSK 417/06). Sąd podzielił przy tym pogląd pozwanych, iż formalne otrzymanie decyzji organu egzekucyjnego o umorzeniu postępowania nie może być w tym wypadku jednocześnie początkiem biegu terminu przedawnienia, gdyż powód - jako wierzyciel spółki, której byli członkami zarządu i jako organ egzekucyjny miał wcześniej wiedzę o bezskuteczności egzekucji.  Stosując się więc do wskazań  Sądu Apelacyjnego, przy ponownym rozpoznaniu sprawy Sąd dopuścił dowód z dokumentów znajdujących się w aktach egzekucyjnych złożonych przez powoda m. in. na okoliczność zgłoszonego zarzutu przedawnienia.</xText>
          <xText>Powód wytoczył powództwo w dniu 04 stycznia 1999 roku, zatem dla stwierdzenia, iż dochodzone przez niego roszczenie uległo przedawnieniu, koniecznym byłoby ustalenie, iż w dniu 04 stycznia 1996 roku miał on wiedzę odnośnie tego, iż egzekucja z majątku <xAnon> spółki (...)</xAnon> okaże się bezskuteczna. Zdaniem Sądu pierwszej instancji zarówno w aktach niniejszej sprawy, jak również w aktach egzekucyjnych złożonych przez powoda, brak jest dowodów niezbędnych do poczynienia takiego ustalenia.</xText>
          <xText>Z dokumentów znajdujących się w aktach sprawy egzekucyjnej wynika, iż egzekucja została wszczęta 27 września 1994 roku i obejmowała zobowiązania <xAnon> spółki (...)</xAnon> wobec Skarbu Państwa za lata 1992 - 1996. Jednakże faktycznie czynności egzekucyjne były przez powoda podejmowane dopiero w drugiej połowie 2006 roku. Od początku postępowania egzekucyjnego <xAnon> spółka (...)</xAnon> podejmowała bowiem szereg czynności mających na celu wstrzymanie egzekucji. Spółka składała wnioski o rozłożenie na raty zaległości podatkowych, o odroczenie terminów ich płatności, a także o zawieszenie postępowania egzekucyjnego. Egzekucja była dwukrotnie na wniosek <xAnon>(...)</xAnon> zawieszana decyzjami z dnia 07 maja 1996 roku i 16 maja 1996 roku. Spółka uzyskała również ulgi podatkowe, co znalazło odzwierciedlenie w decyzjach: z 20 i 21 grudnia 1995 roku. Od 27 października 1994 roku, zatem praktycznie zaraz po wszczęciu egzekucji, toczone było również postępowanie administracyjne w przedmiocie zarzutów podnoszonych przez <xAnon>(...)</xAnon> na prowadzenie postępowania egzekucyjnego. Postępowanie to było wieloetapowe i wieloinstancyjne, a zakończyło się dopiero w dniu 05 lipca 1996 roku wyrokiem Naczelnego Sądu Administracyjnego, oddalającym skargę w przedmiocie zarzutów na prowadzenie postępowania egzekucyjnego. Praktycznie zatem dopiero od tego momentu możliwe było podjęcie przez powoda czynności zmierzających do uzyskania zaspokojenia, jak również powzięcie wiedzy o ewentualnej bezskuteczności egzekucji. Zdaniem Sądu Okręgowego – licząc nawet od tej daty trzyletni termin przedawnienia ( choć z akt egzekucyjnych nie wynika, aby wówczas już powód wiedział o braku możliwości zaspokojenia roszczenia), należy uznać, iż dochodzone pozwem roszczenie nie uległo przedawnieniu. Działania <xAnon> spółki (...)</xAnon> zmierzające do wstrzymania egzekucji powodowały, iż w czasie od jej wszczęcia aż do dnia 05 lipca 1996 roku praktycznie w ogóle nie była ona prowadzona. Wykluczone było zatem powzięcie przez wierzyciela wiadomości o bezskuteczności egzekucji z tej przyczyny, iż w istocie czynności egzekucyjne wówczas nie miały miejsca. Wprawdzie istotnie, jak wskazywał pozwany <xAnon>A. B.</xAnon>, powód w dniu 04 października 1994 roku uzyskał informację z <xAnon> (...) Banku (...) S. A.</xAnon> Oddział <xAnon>G.</xAnon> o braku środków na rachunku spółki, jednakże brak środków na jednym z rachunków bankowych, którymi dysponowała spółka nie oznacza jeszcze braku możności zaspokojenia. Zajęć zaś w <xAnon> Banku (...)</xAnon> i <xAnon> Banku (...)</xAnon> powód dokonał odpowiednio w dniach 22 marca 1996 roku i 28 października 1996 roku, a więc w datach wykluczających upływ terminu przedawnienia do dnia wniesienia pozwu. Skoro bowiem w dniu 22 marca 1996 roku dokonano zajęcia rachunku bankowego <xAnon>(...)</xAnon> w <xAnon> Banku (...) S. A.</xAnon> Oddział w <xAnon>G.</xAnon> na kwotę 122.608,72 złotych , zaś w dniach 13 marca 1997 roku i 30 lipca 1997 roku sprzedano w drodze licytacji oraz z wolnej ręki maszyny do montażu izolacji produkcji <xAnon> (...)</xAnon> USA oraz środki chemiczne na kwotę 11.000 złotych, zatem we wskazanych datach kwestia bezskuteczności egzekucji nie była jeszcze przesądzona. Na pewno zaś brak jest dowodów na to, aby powód wiedział przed datą 04 stycznia 1996 roku o fakcie bezskuteczności egzekucji, zatem powództwo wytoczone w dniu 4 stycznia 1999 roku nie było jeszcze przedawnione i nie podlegało oddaleniu.</xText>
          <xText>Mając na uwadze powyższe Sąd pierwszej instancji uznał, iż powód wykazał zasadność swojego roszczenia w stosunku do członków zarządu <xAnon> spółki (...)</xAnon>, będących pozwanymi, ci zaś nie wykazali, by w sprawie zachodziły określone w <xLexLink xArt="art. 298;art. 298 § 2" xIsapId="WDU19340570502" xTitle="Rozporządzenie Prezydenta Rzeczypospolitej z dnia 27 czerwca 1934 r. - Kodeks handlowy" xAddress="Dz. U. z 1934 r. Nr 57, poz. 502">art. 298 §2 k.h.</xLexLink> okoliczności wyłączające odpowiedzialność pozwanych za zobowiązania spółki. Wobec tego jednak, iż pozwany <xAnon>A. B.</xAnon> pozostawał członkiem zarządu <xAnon>(...)</xAnon> do dnia 10 lutego 1995 roku, zaś z przedłożonego przez powoda zestawienia wynika, iż do tej daty suma zobowiązań podatkowych spółki wraz z odsetkami wyniosła 744.321,40 zł - pozwany <xAnon>A. B.</xAnon> odpowiada solidarnie z <xAnon>Z. Ł.</xAnon> za zobowiązania <xAnon>(...)</xAnon> do wysokości tej kwoty. Natomiast pozwanego <xAnon>Z. Ł.</xAnon> obciąża całość dochodzonych w niniejszym postępowaniu zobowiązań <xAnon> spółki (...)</xAnon> wobec Skarbu Państwa. Dlatego też, w oparciu o przepis <xLexLink xArt="art. 298;art. 298 § 1" xIsapId="WDU19340570502" xTitle="Rozporządzenie Prezydenta Rzeczypospolitej z dnia 27 czerwca 1934 r. - Kodeks handlowy" xAddress="Dz. U. z 1934 r. Nr 57, poz. 502">art. 298 §1 k.h.</xLexLink>, Sąd Okręgowy zasądził solidarnie od pozwanych na rzecz powoda kwotę 744.321,40 złotych wraz z odsetkami od dnia wytoczenia powództwa tj. 04 stycznia 1999 roku, zaś od <xAnon>Z. Ł.</xAnon> kwotę 13.830,50 złotych (kwota 166.668,70 złotych została zasądzona bowiem wyrokiem Sądu Okręgowego z dnia 29 maja 2006 roku w pkt II, który nie był w toku kontroli apelacyjnej uchylony). W pozostałym zakresie tj. za okres, w którym <xAnon>A. B.</xAnon> nie był już członkiem zarządu <xAnon> spółki (...)</xAnon>, powództwo w stosunku do niego zostało oddalone. O odsetkach Sąd Okręgowy orzekł na podstawie <xLexLink xArt="art. 481;art. 481 § 1;art. 481 § 2;art. 481 § 2 zd. 1" xIsapId="WDU19640160093" xTitle="Ustawa z dnia 23 kwietnia 1964 r. - Kodeks cywilny" xAddress="Dz. U. z 1964 r. Nr 16, poz. 93">art. 481 §1 i §2 zdanie pierwsze k.c.</xLexLink> i <xLexLink xArt="art. 482;art. 482 § 1 k" xIsapId="WDU19640160093" xTitle="Ustawa z dnia 23 kwietnia 1964 r. - Kodeks cywilny" xAddress="Dz. U. z 1964 r. Nr 16, poz. 93">art. 482 §1k</xLexLink>.c., zaś o kosztach postępowania za obie instancje rozstrzygnął stosując zasadę stosunkowego rozdzielenia kosztów postępowania tj. na podstawie <xLexLink xArt="art. 100;art. 100 zd. 1" xIsapId="WDU19640430296" xTitle="Ustawa z dnia 17 listopada 1964 r. - Kodeks postępowania cywilnego" xAddress="Dz. U. z 1964 r. Nr 43, poz. 296">art. 100 zdanie pierwsze k.p.c.</xLexLink> w zw. z <xLexLink xArt="art. 108;art. 108 § 1" xIsapId="WDU19640430296" xTitle="Ustawa z dnia 17 listopada 1964 r. - Kodeks postępowania cywilnego" xAddress="Dz. U. z 1964 r. Nr 43, poz. 296">art. 108 §1 k.p.c.</xLexLink></xText>
          <xText>Powyższy wyrok Sądu Okręgowego w części , tj. w zakresie punktu I, IV i VI, zaskarżył apelacją pozwany <xAnon>A. B. (1)</xAnon>, zarzucając:</xText>
          <xText>1. Nierozpoznanie przez Sąd istoty sprawy, poprzez zaniechanie ustalenia:</xText>
          <xText>a) momentu, w którym wierzyciel utracił możliwość zaspokojenia swoich roszczeń z majątku spółki w postępowaniu egzekucyjnym, przy uwzględnieniu jego uprzywilejowanej pozycji wynikającej z <xLexLink xArt="art. 1025" xIsapId="WDU19640430296" xTitle="Ustawa z dnia 17 listopada 1964 r. - Kodeks postępowania cywilnego" xAddress="Dz. U. z 1964 r. Nr 43, poz. 296">art. 1025 k.p.c.</xLexLink> - a co za tym idzie:</xText>
          <xText>• nieustalenie (wbrew wytycznym Sądu Apelacyjnego), czy wierzyciel poniósł szkodę wywołaną niezgłoszeniem przez pozwanego <xAnon>B.</xAnon> wniosku o upadłość,</xText>
          <xText>• nieustalenie daty granicznej właściwej dla ustania odpowiedzialności <xAnon>A. B. (1)</xAnon> za zobowiązania <xAnon> (...) sp. z o.o.</xAnon> w stosunku do Skarbu Państwa - tj. czy w dniu rezygnacji pozwanego <xAnon>B.</xAnon> z funkcji członka zarządu spółki (10.02.1995r.) warunkiem koniecznym do zaspokojenia roszczeń Skarbu Państwa w całości było zgłoszenie wniosku o upadłość,</xText>
          <xText>b) czy na moment rezygnacji <xAnon>A. B. (1)</xAnon> z funkcji członka zarządu (tj. 10 luty 1995), <xAnon> (...) sp. z o.o.</xAnon> „osiągnęła" wobec Skarbu Państwa stan niewypłacalności (w rozumieniu pkt. a powyżej), w sytuacji gdy:</xText>
          <xText>• powód jako wierzyciel budżetowy na dzień 17 października 1995 miał w dalszym ciągu możliwość zaspokojenia swoich roszczeń w całości,</xText>
          <xText>• jak wynika z opinii biegłej <xAnon>O.</xAnon> „badanie przeprowadzone tylko dla wierzycieli budżetowych, wskazuje że mieli oni możliwość całkowitego zaspokojenia swoich roszczeń z majątku <xAnon> (...) sp. z o.o.</xAnon> w całym badanym okresie''' [tj. również po dacie rezygnacji pozwanego <xAnon>B.</xAnon>], a „egzekucja przeprowadzona z majątku Spółki w badanym okresie powinna zatem dać pozytywne skutki czyli doprowadzić do całkowitego zaspokojenia powoda"</xText>
          <xText>- nadto [gdyby uznać, iż <xAnon> (...) sp. z o.o.</xAnon> osiągnęła stan niewypłacalności przed dniem 10 lutego 1995 r.] pozwany zaskarżonemu orzeczeniu zarzucił:</xText>
          <xText>2. błąd w ustaleniach faktycznych mających wpływ na treść wydanego rozstrzygnięcia polegający na uznaniu, iż:</xText>
          <xText>a) powód powziął wiedzę o bezskuteczności egzekucji przeciwko Spółce najwcześniej z dniem 05 lipca 1996, w sytuacji gdy Spółka już od 1992 roku regularnie nie uiszczała danin publicznoprawnych i przynosiła stratę, a wierzycielowi co roku był dostarczany bilans i sprawozdanie finansowe spółki,</xText>
          <xText>b) powód przed dniem 04 stycznia 1996 roku nie miał świadomości, iż wyegzekwowanie roszczeń od Spółki jest niemożliwe a co za tym idzie nie doszło do przedawnienia roszczeń dochodzonych pozwem,</xText>
          <xText>c) majątek <xAnon> (...) sp. z o.o.</xAnon> dokładnie odzwierciedlał wartość wyrażoną w sprawozdaniach finansowych Spółki - w sytuacji gdy wierzytelności przysługujące spółce okazały się być sporne i nieegzekwowalne a ustalona w postępowaniu egzekucyjnym wartość majątku ruchomego była o ponad 200.000 zł niższa niż to wynikało z w/w dokumentów;</xText>
          <xText>d) spółka stała się niewypłacalna dopiero na koniec 1993 roku, w sytuacji gdy stan ten miał miejsce już od momentu jej zawiązania - a zatem mimo niezgłoszenia wniosku o upadłość spółki wierzyciel nie poniósł szkody,</xText>
          <xText>3. Naruszenie przepisów postępowania, mające wpływ na treść rozstrzygnięcia, poprzez:</xText>
          <xText>a) obrazę przepisu <xLexLink xArt="art. 227 k" xIsapId="WDU19640430296" xTitle="Ustawa z dnia 17 listopada 1964 r. - Kodeks postępowania cywilnego" xAddress="Dz. U. z 1964 r. Nr 43, poz. 296">art. 227 k</xLexLink>.pc. w zw. z <xLexLink xArt="art. 286" xIsapId="WDU19640430296" xTitle="Ustawa z dnia 17 listopada 1964 r. - Kodeks postępowania cywilnego" xAddress="Dz. U. z 1964 r. Nr 43, poz. 296">art. 286 k.p.c.</xLexLink> poprzez uznanie opinii biegłej <xAnon>J. O.</xAnon> „za wystarczającą do rozstrzygnięcia w sprawie", w sytuacji gdy biegły:</xText>
          <xText>• przy wydaniu opinii posłużył się „założeniami hipotetycznymi" sprzecznymi z podstawowymi zasadami logiki i doświadczenia życiowego,</xText>
          <xText>• mimo zastrzeżeń pełnomocnika pozwanego w opinii nie odniósł się do sytuacji, w której wartość bilansowa „majątku ruchomego" spółki różniła się od wartości ustalonej w postępowaniu egzekucyjnym o ponad 200.000 zł,</xText>
          <xText>b) obrazę przepisu <xLexLink xArt="art. 230" xIsapId="WDU19640430296" xTitle="Ustawa z dnia 17 listopada 1964 r. - Kodeks postępowania cywilnego" xAddress="Dz. U. z 1964 r. Nr 43, poz. 296">art. 230 k.p.c.</xLexLink> poprzez uznanie, iż pozwany „nie podjął próby wykazania, które dane zawarte w sprawozdaniach finansowych nie odpowiadały rzeczywistemu stanowi rzeczy", w sytuacji gdy ten w piśmie procesowym z dnia 20.09.2010 r. zgłosił wniosek o powołanie nowego biegłego wskazując metody badawcze, które należałoby zastosować aby (przy wykorzystaniu zebranej w sprawie dokumentacji) ustalić rzeczywistą wartość majątku Spółki na dzień wskazany w postanowieniu o powołaniu biegłego,</xText>
          <xText>c) obrazę przepisu <xLexLink xArt="art. 233;art. 233 § 1" xIsapId="WDU19640430296" xTitle="Ustawa z dnia 17 listopada 1964 r. - Kodeks postępowania cywilnego" xAddress="Dz. U. z 1964 r. Nr 43, poz. 296">art. 233 § 1 k.p.c.</xLexLink> poprzez przekroczenie zasady swobodnej oceny dowodów na skutek uznania, iż:</xText>
          <xText>• zgodne z prawem czynności podejmowane przez <xAnon> (...) sp. z o.o.</xAnon> w postępowaniu egzekucyjnym miały wpływ na powzięcie przez Skarb Państwa wiedzy o bezskuteczności egzekucji „ze znacznym opóźnieniem" (tj. dopiero po dniu 5 lipca 1996 r.),</xText>
          <xText>• fakt podpisania przez pozwanego sprawozdań majątkowych spółki, ma wpływ na dla ustalenia prawidłowości dokonanej przez biegłego „wyceny" majątku spółki w badanym okresie,</xText>
          <xText>d) obrazę przepisu <xLexLink xArt="art. 245" xIsapId="WDU19640430296" xTitle="Ustawa z dnia 17 listopada 1964 r. - Kodeks postępowania cywilnego" xAddress="Dz. U. z 1964 r. Nr 43, poz. 296">art. 245 k.p.c.</xLexLink> poprzez uznanie, iż fakt podpisania sprawozdań finansowych wpływa na ocenę prawdziwości zawartych w nim danych, w sytuacji gdy złożenie przez pozwanego podpisu pod sprawozdaniem dowodzi tylko tego, że złożył on oświadczenie woli tej treści,</xText>
          <xText>Wskazując na powyższe apelujący wnosił o  zmianę zaskarżonego orzeczenia poprzez oddalenie powództwa w całości oraz zasądzenie kosztów postępowania, w tym kosztów postępowania odwoławczego na rzecz pozwanego według norm przepisanych;  względnie – na wypadek uznania, iż Sąd Okręgowy nie rozpoznał istoty sprawy – o uchylenie zaskarżonego orzeczenia i przekazanie sprawy do ponownego rozpoznania, pozostawiając Sądowi pierwszej instancji kwestię rozstrzygnięcia o kosztach postępowania w instancji odwoławczej na zasadzie przepisu <xLexLink xArt="art. 108;art. 108 § 2" xIsapId="WDU19640430296" xTitle="Ustawa z dnia 17 listopada 1964 r. - Kodeks postępowania cywilnego" xAddress="Dz. U. z 1964 r. Nr 43, poz. 296">art. 108 § 2 k.p.c.</xLexLink></xText>
          <xText>Powód Skarb Państwa – Pierwszy Urząd Skarbowy w <xAnon>G.</xAnon>, wnosił o oddalenie apelacji i zasądzenie na jego rzecz kosztów postępowania za obie instancje.</xText>
          <xText>
            <xBx>Sąd Apelacyjny zważył, co następuje: </xBx>
          </xText>
          <xText><xBx>Apelacja nie zasługiwała na uwzględnienie, gdyż zarzuty w niej podniesione są całkowicie bezzasadne. Sąd Okręgowy poczynił bowiem prawidłowe ustalenia faktyczne na podstawie materiału dowodowego zgromadzonego w sprawie i dokonał trafnej oceny prawnej tych ustaleń. </xBx>Jedyny błąd dotyczy wskazania nieprawidłowej daty podjęcia czynności egzekucyjnych przez organ egzekucyjny, jednakże potraktować to należy jako oczywistą omyłkę pisarską. Sąd pierwszej instancji stwierdził bowiem, iż  „faktycznie czynności egzekucyjne były przez powoda podejmowane dopiero w drugiej połowie 2006 roku”, podczas gdy nie może budzić wątpliwości, iż chodzi o rok 1996, bo postępowanie egzekucyjne zostało wówczas podjęte po wydaniu wyroku przez NSA.</xText>
          <xText>Odnosząc się do zarzutów apelacyjnych w pierwszej kolejności należy przypomnieć o rozkładzie ciężaru dowodu. Słusznie Sąd pierwszej instancji podkreślił, iż na powodzie spoczywał obowiązek udowodnienia spełnienia przesłanek odpowiedzialności pozwanych wynikających z <xLexLink xArt="art. 298;art. 298 § 1" xIsapId="WDU19340570502" xTitle="Rozporządzenie Prezydenta Rzeczypospolitej z dnia 27 czerwca 1934 r. - Kodeks handlowy" xAddress="Dz. U. z 1934 r. Nr 57, poz. 502">art. 298 § 1 k.h.</xLexLink>, zaś pozwanych obciążało wykazanie spełnienia przesłanek egzoneracyjnych określonych w <xLexLink xArt="art. 298 § 2" xIsapId="WDU19340570502" xTitle="Rozporządzenie Prezydenta Rzeczypospolitej z dnia 27 czerwca 1934 r. - Kodeks handlowy" xAddress="Dz. U. z 1934 r. Nr 57, poz. 502">§ 2</xLexLink> tegoż artykułu.</xText>
          <xText>Pozwani nie kwestionowali istnienia zobowiązań <xAnon> spółki (...)</xAnon> wobec powoda, ani też ich wysokości. W ramach przesłanek wynikających z <xLexLink xArt="art. 298;art. 298 § 1" xIsapId="WDU19340570502" xTitle="Rozporządzenie Prezydenta Rzeczypospolitej z dnia 27 czerwca 1934 r. - Kodeks handlowy" xAddress="Dz. U. z 1934 r. Nr 57, poz. 502">art. 298 § 1 k.h.</xLexLink> pozwany <xAnon>A. B.</xAnon> kwestionował istnienie stanu niewypłacalności spółki w okresie, gdy pełnił on funkcję członka zarządu tej spółki. Twierdził bowiem, iż skoro Skarb Państwa jeszcze w dacie rezygnacji przez pozwanego <xAnon>A. B.</xAnon> z pełnionej funkcji członka zarządu, mógł uzyskać pełne zaspokojenie swoich wierzytelności, to pozwany zwolniony jest od odpowiedzialności za zobowiązania Spółki istniejące w tamtym okresie. Zauważyć jednak należy, iż pozwany pozostaje w sprzeczności z własnymi twierdzeniami, zapewniając w tej samej apelacji, iż stan niewypłacalności Spółki trwał od samego początku jej istnienia, tj. od 1992 r. (pkt 2 lit. d zarzutów apelacyjnych).</xText>
          <xText>Biorąc pod uwagę wskazany wyżej rozkład ciężaru dowodowego, powód – dochodząc wobec byłych członków zarządu spółki roszczeń na podstawie <xLexLink xArt="art. 298;art. 298 § 1" xIsapId="WDU19340570502" xTitle="Rozporządzenie Prezydenta Rzeczypospolitej z dnia 27 czerwca 1934 r. - Kodeks handlowy" xAddress="Dz. U. z 1934 r. Nr 57, poz. 502">art. 298 § 1 k.h.</xLexLink> – miał jedynie udowodnić, iż przysługuje mu w stosunku do <xAnon> spółki (...)</xAnon> wierzytelność stwierdzona tytułem egzekucyjnym, a ponadto, że egzekucja tej wierzytelności z majątku spółki okazała się bezskuteczna oraz, że wierzytelność powstała w czasie, gdy pozwani pełnili funkcje członków zarządu spółki. Wszystkie powyższe przesłanki – łącznie z bezskutecznością egzekucji – zostały przez powoda wykazane, czemu apelujący nie może zaprzeczyć. Natomiast chcąc się uwolnić od odpowiedzialności za zobowiązania spółki, pozwany winien był wykazać spełnienie choćby jednej z przesłanek wynikających z <xLexLink xArt="art. 298;art. 298 § 2" xIsapId="WDU19340570502" xTitle="Rozporządzenie Prezydenta Rzeczypospolitej z dnia 27 czerwca 1934 r. - Kodeks handlowy" xAddress="Dz. U. z 1934 r. Nr 57, poz. 502">art. 298 § 2 k.h.</xLexLink> Gdyby pozwany temu obowiązkowi podołał – powództwo w stosunku do niego musiałoby zostać oddalone, jednakże konsekwencją nie sprostania temu obowiązkowi jest uwzględnienie powództwa. Formułując zarzuty apelacyjne pozwany pomija zatem zasadę wynikającą z treści <xLexLink xArt="art. 6" xIsapId="WDU19640160093" xTitle="Ustawa z dnia 23 kwietnia 1964 r. - Kodeks cywilny" xAddress="Dz. U. z 1964 r. Nr 16, poz. 93">art. 6 k.c.</xLexLink> i <xLexLink xArt="art. 232" xIsapId="WDU19640430296" xTitle="Ustawa z dnia 17 listopada 1964 r. - Kodeks postępowania cywilnego" xAddress="Dz. U. z 1964 r. Nr 43, poz. 296">art. 232 k.p.c.</xLexLink>, próbując obciążyć powoda negatywnymi skutkami swoich własnych działań i zaniechań, tak w sferze czynności materialnych, jak i procesowych.</xText>
          <xText>Pozwany <xAnon>A. B.</xAnon>, pełniąc funkcję członka zarządu <xAnon> spółki (...)</xAnon>, miał obowiązek nie tylko działania na korzyść spółki, ale winien był przestrzegać także obowiązków wynikających z powszechnie obowiązujących przepisów prawa. Dotyczy to m.in. kwestii prowadzenia rachunkowości i księgowości spółki w sposób wynikający z <xLexLink xArt="" xIsapId="WDU19941210591" xTitle="Ustawa z dnia 29 września 1994 r. o rachunkowości" xAddress="Dz. U. z 1994 r. Nr 121, poz. 591">ustawy o rachunkowości</xLexLink> (na Zarządzie bowiem spoczywał obowiązek terminowego i prawidłowego sporządzania dokumentacji i wysyłania jej do sądu rejestrowego), obowiązku regulowania zobowiązań cywilnoprawnych, jak też – może nawet przede wszystkim – publicznoprawnych. Ogólne wymogi co do sposobu wykonywania obowiązków przez zarząd spółki zawierają <xLexLink xArt="art. 354;art. 355" xIsapId="WDU19640160093" xTitle="Ustawa z dnia 23 kwietnia 1964 r. - Kodeks cywilny" xAddress="Dz. U. z 1964 r. Nr 16, poz. 93">art.354 i 355 kodeksu cywilnego</xLexLink>. Nakładają one na każdą stronę stosunku prawnego obowiązek działania zgodnie z treścią tego stosunku, a więc w tym przypadku umowy spółki, obowiązek działania zgodnie z celem gospodarczym, zasadami współżycia społecznego (wymaganymi zwyczajowo w podmiotach gospodarczych) oraz działania zgodnie z należytą w stosunkach tego rodzaju starannością. Stopień należytej staranności w stosunkach spółki, prowadzącej działalność o charakterze zawodowym, jest określany jako wyższy, uwzględniający profesjonalizm, jakiego normalnie wymaga się od osób pracujących dla podmiotu gospodarczego (<xLexLink xArt="art. 355;art. 355 § 2" xIsapId="WDU19640160093" xTitle="Ustawa z dnia 23 kwietnia 1964 r. - Kodeks cywilny" xAddress="Dz. U. z 1964 r. Nr 16, poz. 93">art. 355 § 2 k.c.</xLexLink>). Określenie należytej staranności staje się podstawą do sformułowania zasady winy, na której opiera się odpowiedzialność członków zarządu. Zarząd odpowiada za szkodę będącą wynikiem obniżenia potencjału majątkowego Spółki skutkującego jej niewypłacalnością (tak: Sąd Najwyższy w uzasadnieniach m.in. uchwały z 19.01.1993r. III CZP 16/92 - OSNCP 1993/6 poz.102; uchwały składu siedmiu sędziów z dnia 15.09.1993r. II UZP 15/93 - OSNCP 1994/3 poz.48; uchwały z 22.09.1995r. III CZP 120/95 OSNC 1995/12 poz.181).</xText>
          <xText>Mając zatem świadomość, iż od początku swego istnienia spółka nie była w stanie wywiązywać się z tych zobowiązań (jak twierdzi pozwany w apelacji) – pozwany nie powinien był podejmować się pełnienia funkcji członka jej zarządu. Skoro jednak przyjął na siebie tę funkcję, to w chwili stwierdzenia utraty możliwości spłaty długów przez spółkę, bądź stwierdzenia, iż stan zadłużenia spółki przekracza wartość jej majątku – pozwany winien był podjąć czynności przewidziane w <xLexLink xArt="" xIsapId="WDU19340930834" xTitle="Rozporządzenie Prezydenta Rzeczypospolitej z dnia 24 października 1934 r. - Prawo upadłościowe" xAddress="Dz. U. z 1934 r. Nr 93, poz. 834">prawie upadłościowym</xLexLink> oraz w prawie układowym w celu ochrony swoich wierzycieli. Żadne z tych czynności nie zostały jednak podjęte, spółka działała nadal, mimo iż traciła ciągle zdolność regulowania swoich zobowiązań i zaprzestała swojej działalności dopiero w 1997 r., nie regulując swoich zobowiązań powstałych w stosunku do Skarbu Państwa. Gdyby pozwany – jako członek zarządu spółki - postępował prawidłowo i zgodnie z obowiązującymi przepisami, to złożenie wniosku o upadłość we właściwym czasie (najpóźniej w styczniu 1994r.) umożliwiłoby zaspokojenie Skarbu Państwa w 100%, a pozostałych wierzycieli - w znacznej części (powyżej 80%).</xText>
          <xText>Wbrew zarzutom apelującego, opinia sporządzona przez biegłą <xAnon>J. O.</xAnon> , w pełni ukazuje istotę sprawy i rozmiar zaniedbań zarządu spółki, jak przedstawia, jaki byłby skutek , gdyby zarząd zachował się w sposób prawidłowy - doszłoby bowiem wówczas do pełnego zaspokojenia powoda, a nadto nie spowodowałoby zwiększenia stanu zadłużenia Spółki. Stawiane przez pozwanego zarzuty w stosunku do wydanej opinii biegłej, a w szczególności zarzucanie jej niewiarygodności i sprzeczności z zasadami logicznego rozumowania oraz dowolności w badaniu majątku Spółki - są całkowicie bezpodstawne. Zauważyć bowiem należy, iż wobec braku materiału źródłowego, opinia ta mogła się opierać jedynie na danych wynikających z dokumentów znajdujących się w aktach postępowania egzekucyjnego – w tym na bilansach i sprawozdaniach finansowych podpisanych przez pozwanych. Z natury rzeczy więc opinia ta musiała mieć charakter w pewnym stopniu hipotetyczny, skoro dane dotyczące majątku spółki odnosiły się przede wszystkim do jego wartości księgowej. Brak dowodów na wykazanie, jakie były konkretnie składniki majątku spółki i jaka była ich rzeczywista wartość, nie może obciążać powoda, bowiem wykazanie składu majątku spółki (a zwłaszcza faktu, iż spółka była zdolna do regulowania swoich zobowiązań) i jego wartości obciążało pozwanego – zgodnie z regułą wynikającą z <xLexLink xArt="art. 6" xIsapId="WDU19640160093" xTitle="Ustawa z dnia 23 kwietnia 1964 r. - Kodeks cywilny" xAddress="Dz. U. z 1964 r. Nr 16, poz. 93">art. 6 k.c.</xLexLink> Stawianie zaś w chwili obecnej zarzutu, iż dane zawarte w bilansach (sprawozdaniach finansowych) nie odpowiadają rzeczywistemu stanowi rzeczy (nie są prawdziwe), stanowi przykład podważania własnej wiarygodności. Nie kto inny bowiem, ale pozwani, składając podpisy pod bilansami i sprawozdaniami finansowymi, składali tym samym oświadczenia, iż dane zawarte w tych dokumentach są zgodne z prawdą. W innym przypadku bowiem pozwani dopuszczaliby się naruszenia prawa, skutkujące odpowiedzialnością prawną. Nie mogą zatem w chwili obecnej – w celu uniknięcia odpowiedzialności na podstawie <xLexLink xArt="art. 298;art. 298 § 1" xIsapId="WDU19340570502" xTitle="Rozporządzenie Prezydenta Rzeczypospolitej z dnia 27 czerwca 1934 r. - Kodeks handlowy" xAddress="Dz. U. z 1934 r. Nr 57, poz. 502">art. 298 § 1 k.h.</xLexLink> – twierdzić, iż dokumenty te zawierają nieprawdziwe dane, bez przedstawienia jakichkolwiek dowodów na poparcie tych twierdzeń. Dlatego też zarzut, iż opinia sporządzona przez biegłego nie przedstawia rzeczywistej sytuacji spółki w tamtym okresie, gdyż opiera się na dokumentach sporządzonych przez pozwanych, jest nie do uwzględnienia. Wniosek pozwanego o dopuszczenie dowodu z innego biegłego były uzasadniony wówczas, gdyby przedstawione przez apelującego zarzutu do opinii były słuszne. Tymczasem zarzuty te sprowadzają się głównie do twierdzenia o sporządzeniu opinii na podstawie niedostatecznych materiałów źródłowych. Skoro pozwani nie przedstawili żadnych innych materiałów, które mogłyby być ocenione przez biegłego i nie wskazali, gdzie takie materiały mogłyby się znajdować, to przeprowadzenie dowodu z opinii innego biegłego jest bezcelowe, gdyż na podstawie istniejących materiałów źródłowych opinie były już sporządzane dwukrotnie, z podobnymi wnioskami. Słusznie zatem Sąd pierwszej instancji nie uwzględnił zgłoszonego przez pozwanego <xAnon>A. B.</xAnon> wniosku o dopuszczenie dowodu z opinii innego biegłego sądowego, bowiem prowadziłoby to jedynie do nieuzasadnionego przedłużania postępowania..</xText>
          <xText>Pozwani nie wykazali, by w okresie sprawowania przez nich zarządu Spółka dysponowała majątkiem wystarczającym na zaspokojenie roszczeń powoda. Z dokonanych zajęć rachunków bankowych i pism banków je prowadzących wynika brak środków finansowych od lutego 1994r. (pismo <xAnon> (...)</xAnon> z 4.10.1994 r.), od marca 1996r. (<xAnon> Bank (...)</xAnon> - pismo z 25.03.1996 r., zajęcie skuteczne co do kwoty 255,84 zł), od kwietnia 1997 r. (informacja <xAnon> Banku (...)</xAnon> z 30.04.1997r. o zamknięciu w dniu 25 kwietnia 1997 r. rachunku). Wierzytelności spółki w stosunku do jej dłużników okazały się wątpliwe, bowiem ich zajęcie nie doprowadziło do uzyskania jakiegokolwiek zaspokojenia w toku egzekucji prowadzonej wobec spółki. Również stan majątku spółki nie wystarczał na zaspokojenie zobowiązań wobec powoda. Z załączonych przez powoda w niniejszej sprawie dokumentów - w tym protokołu zajęcia ruchomości z 1995 r., podpisanego przez pozwanego <xAnon>Z. Ł.</xAnon> jako ówczesnego Prezesa Spółki, nie wynika bowiem znacząca wartość znajdujących się na stanie Spółki ruchomości (o wartości 11.650,-zł), ani tym bardziej informacja, że gdziekolwiek bądź znajdują się inne aktywa Spółki. Stan majątku umożliwiający zaspokojenie zobowiązań nie wynika również z dokumentów księgowych - w bilansie za 1994r. wykazano wartość majątku trwałego (poz. aktywa.B.3) - 10.241,30 zł, a za 1995r. - 8.828 zł, co odpowiada danym z w/w protokołu zajęcia ruchomości. W konsekwencji twierdzenie o tym, że majątek Spółki, zajęty przez powoda, „przewyższał stan zadłużenia wobec Urzędu Skarbowego w <xAnon>G.</xAnon>" w sytuacji, gdy same należności główne zaległości podatkowych (bez odsetek) wynosiły 250.400,40 zł – jest gołosłowne i nie znajduje potwierdzenia w żadnych dowodach, wobec rzeczywiście występujących okoliczności faktycznych wykazanych dokumentami sygnowanymi przez Spółkę, zgromadzonymi w niniejszym postępowaniu. Z bilansu Spółki za 1994r. wynikają nie tylko dane o jej sytuacji na 31 grudzień 1994r., ale i odnoszące się do roku poprzedniego (stan na początek danego roku), a więc za 1993r. W bilansie tym Spółka wykazała ( w kwotach po denominacji):</xText>
          <xText>- stratę z lat ubiegłych w wysokości 52.139 zł (poz. pasywa. A. V. 2),</xText>
          <xText>- stratę za 1994r. - 55.900,24 zł (na początku roku) i 69.230,5 zł (na koniec roku), wzrost zobowiązań z początku roku z kwoty 476.626 zł do 560.169 zł na końcu roku, prawie dwukrotny wzrost zobowiązań wobec budżetu z 35.068 zł na początku roku do 70.834 zł na koniec roku,</xText>
          <xText>- wzrost zadłużenia z tytułu wynagrodzeń z kwoty 10.029,00 zł na początku roku do kwoty 21.095,12 zł na koniec roku,</xText>
          <xText>- spadek przychodów ze sprzedaży,</xText>
          <xText>- wzrost kosztów i strat nadzwyczajnych nie uznawanych za podatkowy koszt uzyskania przychodów z kwoty 3.494,-zł do 8.860 zł.</xText>
          <xText>Natomiast w bilansie na 17.10.1995 r. Spółka wykazała:</xText>
          <xText>- zapasy, które w porównaniu z bilansem za 1994r., wyraźnie wskazują brak rotacji „in minus", co oznacza, iż utraciły one wartość handlową (tzw. towar niechodliwy) bądź z uwagi na ich zużycie w trakcie robót budowlanych, które nie zostały odebrane ze względu na nieterminowość i złą jakość wykonanych robót a) za 1994r. - 202.759 zł na początku roku do 298.034,68 zł na końcu roku, b) za 1995r. - 298.034,68 zł na początku roku do 208.498,40 zł na 17.10.1995r„</xText>
          <xText>- drastyczny spadek kapitałów własnych,</xText>
          <xText>- stratę z lat ubiegłych w wysokości 52.139,01 zł,</xText>
          <xText>- zobowiązania w wysokości 560.169,86 zł na początku roku i 533.847,65 zł na 17.10.1995r.,</xText>
          <xText>- wzrost nieuregulowanych zobowiązań wobec budżetu,</xText>
          <xText>- utrzymywanie się stanu zadłużenia z tytułu wynagrodzeń w wysokości 21.095,12 zł (a więc identycznej jak w bilansie za 1994r.),</xText>
          <xText>- wzrost straty z kwoty 69.230,56 zł na początku roku do kwoty 78.911,95 zł na 17.10.1995r.</xText>
          <xText>Powyższe dane zawarte w dokumentach sporządzonych przez samych pozwanych jednoznacznie wykazują, iż stan majątkowy spółki systematycznie się pogarszał i w czasie sprawowania przez pozwanych funkcji członków zarządu spółka znalazła się w sytuacji, gdy stan jej zobowiązań przewyższał wartość jej majątku, co winno skutkować zgłoszeniem przez Zarząd wniosku o wszczęcie postępowania upadłościowego bądź układowego, aby wierzyciele mogli uzyskać choćby częściowe zaspokojenie swoich należności wobec spółki. Żadne czynności nie zostały jednak podjęte. Tym samym zachowanie pozwanych doprowadziło do powstania szkody po stronie powoda (co prawidłowo ustalił i uzasadnił Sąd pierwszej instancji ), bowiem wobec braku dobrowolnego spełniania zobowiązań publicznoprawnych, jedynie w ramach wymuszonej egzekucji albo w toku postępowania upadłościowego bądź układowego wszczętego w odpowiednim czasie (gdy istniał jeszcze jakikolwiek majątek spółki) wierzyciele (w tym powód) mogliby uzyskać zaspokojenie swoich roszczeń. O ile jednak wszczęcie egzekucji przez wierzyciela jest jego prawem, a nie obowiązkiem, o tyle zgłoszenie wniosku o wszczęcie postępowania upadłościowego lub układowego stanowi obowiązek organu spółki będącej osobą prawną (<xLexLink xArt="art. 5;art. 5 § 2" xIsapId="WDU19340930834" xTitle="Rozporządzenie Prezydenta Rzeczypospolitej z dnia 24 października 1934 r. - Prawo upadłościowe" xAddress="Dz. U. z 1934 r. Nr 93, poz. 834">art. 5 § 2 prawa upadłościowego</xLexLink>) – w sytuacji zaistnienia okoliczności przewidzianych w <xLexLink xArt="art. 1;art. 1 § 1;art. 1 § 2" xIsapId="WDU19340930834" xTitle="Rozporządzenie Prezydenta Rzeczypospolitej z dnia 24 października 1934 r. - Prawo upadłościowe" xAddress="Dz. U. z 1934 r. Nr 93, poz. 834">art. 1 § 1 i 2 prawa upadłościowego</xLexLink>. Brak dobrowolnego regulowania zobowiązań nie zawsze bowiem musi wynikać z obiektywnej sytuacji dłużnika – tj. niemożności spłaty długów – ale może stanowić skutek świadomych decyzji biznesowych. Wierzyciel nie musi znać stanu majątkowego swojego dłużnika i ma prawo uważać, iż kontynuowanie przez dłużnika działalności gospodarczej świadczy o jego dobrej kondycji majątkowej. Może zatem zaczekać ze wszczęciem postępowania egzekucyjnego (np. licząc na dobrowolne uregulowanie zobowiązań) i złożyć wniosek do organu egzekucyjnego o wszczęcie takiego postępowania w każdym czasie – aż do końca terminu przedawnienia danego roszczenia stwierdzonego prawomocnym tytułem wykonawczym – oczywiście, ponosząc ryzyko braku zaspokojenia w przypadku gdyby okazało się, że majątek dłużnika nie wystarcza na pokrycie jego zobowiązań. Jeśli dłużnik jest spółką z ograniczoną odpowiedzialnością – uzyskanie zaspokojenia przez wierzyciela wiąże się wówczas z dodatkowymi utrudnieniami, tj. koniecznością dochodzenia należności od członków zarządu tej spółki na podstawie <xLexLink xArt="art. 298" xIsapId="WDU19340570502" xTitle="Rozporządzenie Prezydenta Rzeczypospolitej z dnia 27 czerwca 1934 r. - Kodeks handlowy" xAddress="Dz. U. z 1934 r. Nr 57, poz. 502">art. 298 k.h.</xLexLink> (obecnie <xLexLink xArt="art. 299" xIsapId="WDU20000941037" xTitle="Ustawa z dnia 15 września 2000 r. - Kodeks spółek handlowych" xAddress="Dz. U. z 2000 r. Nr 94, poz. 1037">art. 299 k.s.h.</xLexLink>). Natomiast członkowie zarządu spółki prawidłowo wypełniający swoją funkcję, winni mieć właściwą orientację co do stanu majątkowego tej spółki i odpowiednio wcześnie reagować w sytuacji zaprzestania spłaty długów bądź osiągnięcia stanu zobowiązań przewyższających majątek spółki – poprzez podjęcie czynności przewidzianych w <xLexLink xArt="" xIsapId="WDU19340930834" xTitle="Rozporządzenie Prezydenta Rzeczypospolitej z dnia 24 października 1934 r. - Prawo upadłościowe" xAddress="Dz. U. z 1934 r. Nr 93, poz. 834">prawie upadłościowym</xLexLink> lub w prawie układowym. Brak dopełnienia tych obowiązków przez pozwanych nie tylko doprowadził do powstania po stronie powoda szkody będącej wynikiem obniżenia potencjału majątkowego <xAnon> spółki (...)</xAnon>, skutkującego jej niewypłacalnością, ale także skutkował powstaniem odpowiedzialności samych pozwanych za zobowiązania spółki na podstawie <xLexLink xArt="art. 298;art. 298 § 1" xIsapId="WDU19340570502" xTitle="Rozporządzenie Prezydenta Rzeczypospolitej z dnia 27 czerwca 1934 r. - Kodeks handlowy" xAddress="Dz. U. z 1934 r. Nr 57, poz. 502">art. 298 § 1 k.h.</xLexLink></xText>
          <xText>Tymczasem treść i sposób formułowania części zarzutów przez pozwanego zdaje się świadczyć o tym , iż apelujący uważa, iż powinien być zwolniony z odpowiedzialności przewidzianej w przepisie <xLexLink xArt="art. 298;art. 298 § 1" xIsapId="WDU19340570502" xTitle="Rozporządzenie Prezydenta Rzeczypospolitej z dnia 27 czerwca 1934 r. - Kodeks handlowy" xAddress="Dz. U. z 1934 r. Nr 57, poz. 502">art. 298 § 1 k.h.</xLexLink> za zobowiązania <xAnon> spółki (...)</xAnon> z tej przyczyny, iż powód zbyt późno wszczął egzekucję celem zaspokojenia swoich wierzytelności publicznoprawnych. Pozwany twierdzi bowiem, iż w czasie, kiedy przestał pełnić funkcję członka zarządu <xAnon> spółki (...)</xAnon> (tj. na początku 1995 r.) jej majątek był wystarczający dla zaspokojenia roszczeń powoda. Takie stanowisko stanowi próbę wprowadzenia dodatkowej, nie przewidzianej przepisem <xLexLink xArt="art. 298;art. 298 § 2" xIsapId="WDU19340570502" xTitle="Rozporządzenie Prezydenta Rzeczypospolitej z dnia 27 czerwca 1934 r. - Kodeks handlowy" xAddress="Dz. U. z 1934 r. Nr 57, poz. 502">art. 298 § 2 k.h.</xLexLink> przesłanki egzoneracyjnej, tj. zwolnienia członków zarządu od odpowiedzialności za zobowiązania spółki z ograniczoną odpowiedzialnością w sytuacji, gdy wierzyciel nie zacznie prowadzić egzekucji we właściwym czasie, czyli gdy spółka posiada jeszcze jakikolwiek majątek mogący służyć zaspokojeniu wierzyciela. Stanowisko to jest również sprzeczne z treścią przepisu <xLexLink xArt="art. 298;art. 298 § 1" xIsapId="WDU19340570502" xTitle="Rozporządzenie Prezydenta Rzeczypospolitej z dnia 27 czerwca 1934 r. - Kodeks handlowy" xAddress="Dz. U. z 1934 r. Nr 57, poz. 502">art. 298 § 1 k.h.</xLexLink>, który wymaga od wierzyciela wykazania bezskuteczności egzekucji wobec spółki, przez co należy rozumieć niemożność uzyskania zaspokojenia wymagalnych wierzytelności w toku egzekucji, gdy jej prowadzenie było możliwe (czyli do końca terminu przedawnienia) – natomiast nie wymaga wykazania, iż wierzyciel wszczął egzekucję w czasie, gdy mógł jeszcze uzyskać zaspokojenie z majątku spółki. Uznanie za słuszny poglądu pozwanego w tej kwestii oznaczałoby w praktyce, iż przepis <xLexLink xArt="art. 298;art. 298 § 1" xIsapId="WDU19340570502" xTitle="Rozporządzenie Prezydenta Rzeczypospolitej z dnia 27 czerwca 1934 r. - Kodeks handlowy" xAddress="Dz. U. z 1934 r. Nr 57, poz. 502">art. 298 § 1 k.h.</xLexLink> (obecnie <xLexLink xArt="art. 299;art. 299 § 1" xIsapId="WDU20000941037" xTitle="Ustawa z dnia 15 września 2000 r. - Kodeks spółek handlowych" xAddress="Dz. U. z 2000 r. Nr 94, poz. 1037">art. 299 § 1 k.s.h.</xLexLink>) stałby się martwy, bowiem członkowie zarządu spółki z o.o. zawsze mogliby bronić się zarzutem, iż wierzyciel mógł wszcząć egzekucję wtedy, gdy spółka miała jeszcze majątek pozwalający na uzyskanie zaspokojenia. Ponadto – w okolicznościach niniejszej sprawy – pozwany pomija fakt, iż pomimo że egzekucja została wszczęta jeszcze w 1994 r., tj. w czasie, gdy pozwany pozostawał jeszcze członkiem zarządu spółki, powód nie zdołał uzyskać w jej toku zaspokojenia przeważającej części swoich roszczeń. Gdyby natomiast pozwany we właściwym czasie (t.j. najpóźniej do 14.01.1994 r.) złożył wniosek o wszczęcie postępowania upadłościowego lub układowego – powód uzyskałby zaspokojenie swoich wierzytelności w całości.</xText>
          <xText>Nie można zgodzić się z zarzutem pozwanego co do błędu w ustaleniach faktycznych polegającego na uznaniu, iż powód powziął wiedzę o bezskuteczności egzekucji przeciwko spółce najwcześniej z dniem 5 lipca 1996 r. Pozwany twierdził bowiem, iż w sytuacji, gdy spółka już od 1992 r. regularnie nie uiszczała danin publicznoprawnych i przynosiła stratę, a wierzycielowi co roku był dostarczany bilans i sprawozdanie finansowe spółki, powód jeszcze przed dniem 4 stycznia 1996 r. powinien mieć świadomość, iż egzekucja przeciwko tej spółce będzie bezskuteczna, co oznacza, iż doszło do przedawnienia roszczeń przeciwko członkom zarządu spółki. Jak jednak wcześniej wskazano – brak dobrowolnego regulowania zobowiązań przez dłużnika nie musi być równoznaczny z osiągnięciem przez niego stanu niewypłacalności, w związku z czym nie można uznać, iż wierzyciel jeszcze przed umorzeniem egzekucji powinien był wiedzieć, iż będzie ona bezskuteczna. Ponadto – skoro sam pozwany w apelacji kwestionował wiarygodność sporządzanych przez niego, jako członka zarządu, dokumentów finansowych, to nie powinien czynić powodowi zarzutu, iż na podstawie tychże „niewiarygodnych” dokumentów powód nie rozeznał właściwie rzeczywistej sytuacji majątkowej spółki.</xText>
          <xText>Twierdzenie apelującego, iż bieg przedawnienia rozpoczyna się od „chwili gdy jest oczywiste, że egzekucja będzie bezskuteczna" - jest niezgodny z orzeczeniem Sądu Najwyższego z 18.01.2004r., IV CK 176/02 (Wokanda 2004/9/7, LEX 120924), w którym to orzeczeniu Sąd Najwyższy uznał, że bieg trzyletniego okresu przedawnienia roszczeń przeciwko członkom zarządu spółki z ograniczoną odpowiedzialnością rozpoczyna się „od dnia bezskuteczności egzekucji wierzytelności objętej prawomocnym tytułem egzekucyjnym wystawionym przeciwko spółce, z reguły bowiem wtedy, gdy egzekucja tej wierzytelności okaże się bezskuteczna, wierzyciele spółki dowiadują się o szkodzie i osobie odpowiedzialnej do jej naprawienia". O tym, czy postępowanie egzekucyjne jest bezskuteczne wierzyciel dowiaduje się dopiero z postanowienia organu egzekucyjnego o stwierdzeniu takiej bezskuteczności i jej przyczynie, a nie wcześniej (np. na podstawie bezskuteczności jednej czynności czy środka egzekucyjnego). Z powołanego przez powoda w odpowiedzi na apelację orzecznictwa administracyjnego wynika, iż podobnie rozstrzygają sądy na podstawie art. 116 Ordynacji podatkowej. Z wyroku Naczelnego Sądu Administracyjnego w Warszawie z dnia 16 lutego 2012 r. II FSK 1564/10 (LEX nr 1121061) wynika, iż „ Przewidzianą w art. 116 § 1 o.p. przesłankę bezskutecznej egzekucji, należy rozumieć jako sytuację, w której nie ma jakichkolwiek wątpliwości, iż nie zachodzi żadna możliwość zaspokojenia egzekwowanej wierzytelności z jakiejkolwiek części majątku spółki. Taką pewność daje zaś tylko stosowny formalny akt organu egzekucyjnego". Dla uznania egzekucji za bezskuteczną nie wystarczy sama okoliczność niezaspokojenia roszczenia podatkowego, gdyż w takiej sytuacji powinno być wydane odrębne postanowienie o bezskuteczności egzekucji (por. także wyrok z dnia 9 grudnia 2010 r., sygn. akt III SA/Wa 631/10, LEX nr 757717).</xText>
          <xText>Pomimo że w sprawie niniejszej wierzyciel był zarazem organem prowadzącym egzekucję, to prawidłowo Sąd pierwszej instancji przyjął, iż przed dniem 4.01.1996 r. powód nie mógł mieć wiadomości o bezskuteczności egzekucji. W tym bowiem czasie postępowanie egzekucyjne było zawieszone z uwagi na konieczność rozstrzygnięcia zarzutów pozwanych zgłoszonych pod adresem organu egzekucyjnego. Podjęcie postępowania nastąpiło dopiero w lipcu 1994 r. i po tej dacie były dokonywane czynności egzekucyjne mające na celu uzyskanie zaspokojenia przez wierzyciela. Szczegółowy przebieg postępowania egzekucyjnego prowadzonego w latach 1994-1997 został przedstawiony w załączonym do pozwu postanowieniu z dnia 24 listopada 1997 r., <xAnon>(...)</xAnon> - umarzającym postępowanie z powodu braku majątku Spółki. Trafnie zatem uznał Sąd pierwszej instancji, iż w chwili wystąpienia z powództwem w niniejszej sprawie roszczenia przeciwko pozwanym nie były jeszcze przedawnione, bowiem licząc trzy lata wstecz od 4.01.1999 r., czyli przed 4.01.1996 r. powód nie mógł mieć jeszcze wiedzy, czy egzekucja będzie bezskuteczna. W okolicznościach niniejszej sprawy prawidłowym będzie natomiast przyjęcie, że o rozpoczęciu biegu przedawnienia dla dochodzenia roszczeń z art. <xLexLink xArt="art. 298" xIsapId="WDU19340570502" xTitle="Rozporządzenie Prezydenta Rzeczypospolitej z dnia 27 czerwca 1934 r. - Kodeks handlowy" xAddress="Dz. U. z 1934 r. Nr 57, poz. 502">art.298 k.h.</xLexLink> można mówić dopiero od stwierdzenia bezskuteczności egzekucji w wydanym przez organ postanowieniu o umorzeniu postępowania egzekucyjnego, gdy nie mogło już budzić wątpliwości, iż żadne czynności tego organu nie doprowadzą do zaspokojenia roszczeń powoda.</xText>
          <xText>
            <xBx>Uznając wszystkie zarzuty pozwanego za bezzasadne, Sąd Apelacyjny na podstawie <xLexLink xArt="art. 385" xIsapId="WDU19640160093" xTitle="Ustawa z dnia 23 kwietnia 1964 r. - Kodeks cywilny" xAddress="Dz. U. z 1964 r. Nr 16, poz. 93">art. 385 k.c.</xLexLink> oddalił apelację pozwanego, o kosztach procesu za drugą instancję rozstrzygając stosownie do wyniku sporu – na podstawie <xLexLink xArt="art. 98;art. 98 § 1;art. 98 § 3;art. 99" xIsapId="WDU19640430296" xTitle="Ustawa z dnia 17 listopada 1964 r. - Kodeks postępowania cywilnego" xAddress="Dz. U. z 1964 r. Nr 43, poz. 296">art. 98 § 1 i 3 oraz art. 99 k.p.c.</xLexLink></xBx>
          </xText>
        </xUnit>
      </xBlock>
    </xPart>
  </judgement>
<judgement id="155000000000503_I_ACa_000160_2013_Uz_2013-03-26_001">
    <xPart xEditorFullName="Monika Kurkowiak" xYear="2013" xLang="PL" xPublisherFullName="Monika Kurkowiak" xFromPg="1" xEditor="mkurkowiak" xVolType="15/500000/0000503/ACa" xPublisher="mkurkowiak" xDocType="Uz" xVolNmbr="000160" xVersion="1.0" xToPage="12" xFlag="published">
      <xName>Wyrok+Uzasadnienie</xName>
      <xBlock>
        <xText>Sygn. akt I ACa 160/13</xText>
        
        <xUnit xIsTitle="true" xType="part" xBold="true">
          <xName>WYROK</xName>
          <xTitle>W IMIENIU RZECZYPOSPOLITEJ POLSKIEJ</xTitle>
          <xText xALIGNx="right">Dnia 8 marca 2013 r.</xText>
          
          <xText>Sąd Apelacyjny we Wrocławiu – Wydział I Cywilny w składzie:</xText>
          <xRows>
            <xCOLGROUPx>
              <xCOLx xWIDTHx="219"/>
              <xCOLx xWIDTHx="398"/>
            </xCOLGROUPx>
            <xRow>
              <xClmn xALIGNx="left" xVALIGNx="middle">
                <xText xALIGNx="right">Przewodniczący:</xText>
              </xClmn>
              <xClmn xALIGNx="left" xVALIGNx="middle">
                <xText>SSA Dariusz Kłodnicki (spr.)</xText>
              </xClmn>
            </xRow>
            <xRow>
              <xClmn xALIGNx="left" xVALIGNx="top">
                <xText xALIGNx="right">Sędziowie:</xText>
              </xClmn>
              <xClmn xALIGNx="left" xVALIGNx="middle">
                <xText>SSA Sławomir Jurkowicz</xText>
                <xText>SSA Walter Komorek</xText>
              </xClmn>
            </xRow>
            <xRow>
              <xClmn xALIGNx="left" xVALIGNx="middle">
                <xText xALIGNx="right">Protokolant:</xText>
              </xClmn>
              <xClmn xALIGNx="left" xVALIGNx="middle">
                <xText>Marta Perucka</xText>
              </xClmn>
            </xRow>
          </xRows>
          
          <xText>po rozpoznaniu w dniu 8 marca 2013 r. we Wrocławiu na rozprawie</xText>
          <xText>sprawy z powództwa <xBx><xAnon> (...) S.A.</xAnon><xAnon>(...)</xAnon>S.A. <xBRx/>w <xAnon>L.</xAnon></xBx></xText>
          <xText>przeciwko <xBx><xAnon>(...)</xAnon> Spółce z o.o. w <xAnon>W.</xAnon> i <xAnon>A. M.</xAnon></xBx></xText>
          <xText>o zapłatę</xText>
          <xText>na skutek apelacji strony powodowej</xText>
          <xText>od wyroku Sądu Okręgowego we Wrocławiu</xText>
          <xText>z dnia 29 października 2012 r. sygn. akt X GC 174/12</xText>
          
          <xUnit xIsTitle="false" xType="none">
            <xName xSffx=".">1</xName>
            <xText>
              <xBx>oddala apelację; </xBx>
            </xText>
          </xUnit>
          <xUnit xIsTitle="false" xType="none">
            <xName xSffx=".">2</xName>
            <xText>
              <xBx>zasądza od strony powodowej na rzecz pozwanej <xAnon>A. M.</xAnon><xBRx/> 5.400 zł tytułem zwrotu kosztów postępowania apelacyjnego. </xBx>
            </xText>
          </xUnit>
        </xUnit>
        <xUnit xIsTitle="true" xType="part" xBold="true">
          <xName>UZASADNIENIE</xName>
          <xText>W dniu 29.03.2012 r. <xAnon> (...) Spółka Akcyjna</xAnon> w <xAnon>G.</xAnon> wniosła o wydanie nakazu zapłaty w postępowaniu upominawczym i orzeczenie nim, aby pozwani Przedsiębiorstwo <xAnon>(...)</xAnon> Spółka z o.o. w <xAnon>W.</xAnon> oraz <xAnon>A. M.</xAnon>, zapłacili na jej rzecz solidarnie kwotę 542.579,30 zł wraz z ustawowymi odsetkami od złożenia pozwu oraz kosztami procesu.</xText>
          <xText>W uzasadnieniu powództwa wskazała, że w piśmie z dnia 9.12.2011 r. złożyła pozwanym oświadczenie o odstąpieniu od umowy zawartej między stronami w dniu 3.12.2009 r., wobec pozostawania przez nich w opóźnieniu w jej realizacji, wskazującym na to, że jej przedmiot nie będzie ukończony w umówionym terminie. W związku z tym naliczyła pozwanym karę umowną w uzgodnionej wysokości, tj. 15% wynagrodzenia ryczałtowego, a po jej potrąceniu z kaucjami zatrzymanymi im tytułem zabezpieczenia należytego wykonania umowy, zażądała zapłaty kwoty objętej żądaniem pozwu. Wezwanie to okazało się bezskuteczne.</xText>
          <xText>Wobec braku podstaw do wydania nakazu zapłaty, zarządzeniem z dnia 12.04.2012 r. sprawa niniejsza została skierowana do rozpoznania w postępowaniu zwykłym.</xText>
          <xText>W złożonych odpowiedziach na pozew, zawierających tożsame treści, pozwani wnieśli o oddalenie powództwa i zasądzenie na ich rzecz od strony powodowej zwrotu kosztów procesu.</xText>
          <xText>W ich uzasadnieniu podnieśli, że złożone przez stroną powodową oświadczenie o odstąpieniu od umowy było bezskuteczne, bowiem nim to nastąpiło, to oni skutecznie odstąpili od niej, w zakresie robót, które do tego momentu nie zostały przez nich wykonane, z powodu braku uregulowania należnego im wynagrodzenia, o którego zapłatę kilkukrotnie bezskutecznie zwracali się do niej, <xBRx/>w tym pod rygorem odstąpienia od umowy.</xText>
          <xText>Na wypadek uznania braku zasadności ich stanowiska w tym zakresie podnieśli, że brak było faktycznych podstaw do złożenia przez stronę powodową oświadczenia o odstąpieniu od umowy.</xText>
          <xText>Zastrzegając, że podnoszą ten zarzut z daleko idącej ostrożności procesowej, wnieśli o miarkowanie żądanej przez stronę powodową kary umownej.</xText>
          <xText>Wyrokiem z dnia 29.10.2012 r. - sygn. akt: XGC 174/12 Sąd Okręgowy we Wrocławiu oddalił powództwo i zasądził od strony powodowej na rzecz pozwanej <xAnon>A. M.</xAnon> kwotę 7.200 zł tytułem zwrotu kosztów zastępstwa procesowego.</xText>
          <xText>Podstawę jego wydania były następujące ustalenia.</xText>
          <xText>W dniu 16.10.2009 r. <xAnon> (...) Sp. z o.o.</xAnon> (obecnie Przedsiębiorstwo <xAnon>(...)</xAnon><xBRx/>Sp. z o.o.) - jako Wykonawcy, zawarli umowę wspólnego wykonawstwa, zgodnie <xBRx/>z którą Partnerzy łączą się razem, w celu wspólnego złożenia oferty dotyczącej „Rekultywacja i zagospodarowanie wyrobiska odkrywkowego <xAnon> Kopalni (...)</xAnon> na terenie Oddziału <xAnon>(...)</xAnon>w którym Zamawiającym jest Oddział <xAnon>(...)</xAnon>, a w przypadku przyjęcia oferty i przyznania kontraktu przez Zamawiającego dla Wykonawcy, do wspólnej realizacji umowy i wszelkich dalszych robót, które Zamawiający może zlecić Wykonawcy w związku z tą umową. Partnerzy uzgodnili, że zakres robót przewidzianych umową będzie realizowany wspólnie przez Wykonawcę. Udział strony umowy określiły następująco: <xAnon>A. M.</xAnon> - 1%, <xAnon> (...) Spółka z o.o.</xAnon> - 99%. Strony powyższej umowy ustaliły, iż płatności Zamawiającego dla Wykonawcy w związku z realizacją umowy będą dokonywane w oparciu o faktury wystawione przez <xAnon> (...) Sp. z o.o.</xAnon></xText>
          <xText>Umowa ta została przez partnerów zmieniona <xAnon>aneksem nr (...)</xAnon> z dnia 14.12.2010 r. i nr <xAnon>(...)</xAnon> z dnia 14.12.2010 r. Na podstawie umów i aneksów, partnerzy określili zakres swojego udziału w sposobie realizowanych robót na rzecz pozwanego oraz zakres udziału w przysługującym im od pozwanego wynagrodzeniu gdzie, powódka miała otrzymywać 99%, a <xAnon> (...) sp. z o.o.</xAnon> 1% wynagrodzenia. Nadto ustalili, że powódka będzie wystawiała faktury dla pozwanego na całość wynagrodzenia, a <xAnon> spółka (...)</xAnon> swoją część wynagrodzenia będzie ujmowała <xBRx/>w fakturach obciążających powódkę. <xAnon>K.</xAnon> ustalili, że ich odpowiedzialność wobec <xAnon> (...)</xAnon> z tytułu wykonania na jej rzecz robót jest solidarna.</xText>
          <xText>W dniu 3.12.2009 r. strona powodowa zawarła z Przedsiębiorstwem <xAnon>(...)</xAnon>Sp. z o.o. (poprzednio: <xAnon> (...) Sp. z o.o.</xAnon>) i <xAnon>A. M.</xAnon><xAnon>umowę o nr (...)</xAnon>. Zgodnie z umową pozwani działający jako konsorcjum reprezentowane przez pozwaną ad 1. zobowiązali się do wykonania na rzecz strony powodowej prac obejmujących rekultywację wyrobiska i zagospodarowanie terenu poprzez wypełnienie wyrobiska masami ziemnymi, żużlem granulowanym oraz wełną żużlową. Szczegółowy <xBRx/>zakres przedmiotu umowy oraz warunki realizacji, w tym, zabezpieczenie przez Zamawiającego materiałów do wypełnienia wyrobiska, określone zostały <xBRx/>w załączniku nr 1 do umowy. Za wykonanie przedmiotu umowy określonego niniejszą umową, Wykonawcy przysługuje wynagrodzenie ryczałtowe w wysokości: 4.915.000 zł plus VAT. Wynagrodzenie za wykonane prace w danym miesiącu stanowić miało część wynagrodzenia za określony zakres prac, o którym mowa w § 5 ust. 1.1- 1.6, wyliczonego w takiej proporcji do wynagrodzenia za określony zakres prac, w jakiej pozostaje powierzchnia/kubatura wykonana do powierzchni/kubatury przed rozpoczęciem/kontynuacją prac.</xText>
          <xText>W treści umowy znalazły się dane identyfikacyjne jedynie pozwanej ad 1 - NIP, regon, nr konta bankowego. Na mocy postanowień Umowy zapłata wynagrodzenia miała zostać uiszczona na rzecz „Wykonawcy" posiadającego numer identyfikacyjny NIP: <xAnon> (...)</xAnon> - a więc pozwanej ad 1.</xText>
          <xText>W treści umowy strony zastrzegły możliwość naliczenia kary umownej jak i ustanowiły zabezpieczenie tytułem należytego wykonania umowy w postaci wystawionych przez pozwanych weksli wraz z deklaracjami wekslowymi oraz wpłaconej przez pozwanych tytułem zabezpieczenia kaucji.</xText>
          <xText>Podstawę do wystawienia faktur VAT przez Wykonawcę stanowić miał obustronnie podpisany protokół odbioru wykonanego zakresu prac/przedmiotu umowy, który stanowić będzie załącznik do faktury VAT.</xText>
          <xText>Strony ustaliły, że wykonawca może być obciążony karą umowną:</xText>
          <xUnit xIsTitle="false" xType="none">
            <xName xSffx=")">a</xName>
            <xText>za opóźnienie w wykonaniu przedmiotu umowy lub etapu zgodnie z harmonogramem, w wysokości 0,5% wynagrodzenia ryczałtowego netto za przedmiot umowy, określonego w § 5 ust. 1, za każdy dzień opóźnienia,</xText>
          </xUnit>
          <xUnit xIsTitle="false" xType="none">
            <xName xSffx=")">b</xName>
            <xText>za opóźnienie w usunięciu wad stwierdzonych przy odbiorze lub w okresie gwarancji i rękojmi za wady - w wysokości 0,2% wynagrodzenia ryczałtowego określonego w § 5 ust. 1, za każdy dzień opóźnienia, licząc od dnia następnego po upływie terminu wyznaczonego na usunięcie wad,</xText>
          </xUnit>
          <xUnit xIsTitle="false" xType="none">
            <xName xSffx=")">c</xName>
            <xText>za odstąpienie przez Zamawiającego od umowy z przyczyn leżących po stronie Wykonawcy, w wysokości 15% wynagrodzenia ryczałtowego określonego <xBRx/>w § 5 ust. 1.</xText>
          </xUnit>
          <xText>Zamawiający mógł być obciążony karą umowną za odstąpienie przez Wykonawcę od umowy z przyczyn leżących po stronie Zamawiającego, w wysokości 15% wynagrodzenia ryczałtowego określonego w § 5 ust. 1.</xText>
          <xText>Zgodnie z postanowieniami umowy jej załącznikiem była umowa wspólnego wykonawstwa zawarta w dniu 16.10.2009 r. pomiędzy <xAnon> (...) Sp. z o.o.</xAnon> (obecnie Przedsiębiorstwo <xAnon>(...)</xAnon><xBRx/>Sp. z o.o.) a <xAnon>A. M.</xAnon>, zgodnie z którą pełnomocnikiem <xAnon> (...)</xAnon> - konsorcjum jest pozwana ad 1, tj. obecnie Przedsiębiorstwo <xAnon>(...)</xAnon>Sp. z o.o.</xText>
          <xText>W dniu 05.01.2011 r. został podpisany <xAnon>Aneks nr (...)</xAnon> do ww umowy, w którym zmienione zostało konto bankowe konsorcjum - na konto należące do pozwanej <xBRx/>ad 2.</xText>
          <xText>W dniu 04.02.2011 r. został podpisany <xAnon>Aneks nr (...)</xAnon> do Umowy, w którym zmieniono adresy siedziby lidera konsorcjum - pozwanej ad 1.</xText>
          <xText>Dnia 11.03.2011 r. strona powodowa dokonała odbioru prac wykonanych przez pozwane na kwotę 131.951,54 zł netto. Na podstawie protokołu odbioru <xAnon>A. M.</xAnon> w dniu 11.03.2011 r. wystawiła <xAnon>fakturę VAT o nr (...)</xAnon>, którą strona powodowa odebrała w dniu 15.03.2011 r. Następnie dnia 31.03.2011 r. strona powodowa odebrała prace wykonane w ramach umowy z dnia 3.12.2009 r. na kwotę 143.464 zł netto. Na podstawie powyższego protokołu dnia 31.03.2011 r. pozwana ad 2 wystawiła <xAnon>fakturę VAT o nr (...)</xAnon> na kwotę 176.460,72 zł brutto. Dnia 26.04.2011 r. strona powodowa dokonała odbioru prac wykonanych przez pozwane na kwotę 255.736 zł netto. Na podstawie powyższego protokołu odbioru pozwana <xAnon>A. M.</xAnon> dnia 27.04.2011 r. wystawiła <xAnon>fakturę VAT o nr (...)</xAnon>.</xText>
          <xText>W piśmie z dnia 2.05.2011 r. strona powodowa zwróciła się do pozwanej ad 2 z prośbą o wystawienie faktur korekt zerujących do w/w faktur za wykonanie prac związanych z rekultywacją i zagospodarowaniem wyrobiska odkrywkowego <xAnon> Kopalni (...)</xAnon> w ramach umowy <xAnon>(...)</xAnon> z dnia 03.12.2009 r.: <xAnon>Faktura VAT Nr (...)</xAnon> z dnia 11.03.2011 r., <xAnon>Faktura VAT Nr (...)</xAnon> z dnia 31.03.2011 r., <xAnon>Faktura VAT Nr (...)</xAnon> z dnia 27.04.2011 r., gdyż występuje wewnętrzna sprzeczność w treści <xAnon>Aneksu Nr (...)</xAnon> z dnia 14.12.2010 r. do Umowy wspólnego wykonawstwa na realizację przedsięwzięcia pod nazwą „Rekultywacja i zagospodarowanie wyrobiska odkrywkowego <xAnon> Kopalni (...)</xAnon>" na terenie <xAnon> Oddziału (...)</xAnon> z dnia 16.10.2009 r. W § 1 ust. 1 lit. b Aneksu została zmieniona treść pkt 4 Umowy wspólnego wykonawstwa. Na mocy tego przepisu w nowym brzmieniu płatności zamawiającego (<xAnon> (...)</xAnon>) dla Wykonawcy (konsorcjum) będą dokonywane w oparciu o faktury wystawione przez <xAnon>A. M.</xAnon>. Jednakże w tym samym przepisie pozostało, w niezmienionej treści, postanowienie, zgodnie z którym Pełnomocnik konsorcjum zapewnił wystawienie faktur na Zamawiającego. Zgodnie zaś z pkt 3 Umowy wspólnego wykonawstwa pełnomocnikiem konsorcjum jest <xAnon> (...) Sp. z o.o.</xAnon> (dalej jako: <xAnon> (...)</xAnon>).</xText>
          <xText>W odpowiedzi na powyższe pismo, w piśmie z dnia 16.05.2011 r., pozwana <xBRx/>ad 2 przedstawiła swoje stanowisko w przedmiotowej sprawie. Zdaniem pozwanej <xBRx/>z treści w/w pisma i informacji przekazanych na spotkaniu pełnomocnikowi pozwanej ad 2 wynika, że <xAnon> (...) Sp. z o.o.</xAnon> nie przekazała <xAnon>Aneksu nr (...)</xAnon> do umowy Wspólnego Wykonawstwa, w którym uzgodnione zostały dalsze (nieuwzględnione <xBRx/>w <xAnon>Aneksie nr (...)</xAnon>) zmiany zasad współpracy partnerów przy wykonywaniu na rzecz strony powodowej zadania pn. Rekultywacja i zagospodarowanie wyrobiska odkrywkowego <xAnon> Kopalni (...)</xAnon>, objętego <xAnon>umową nr (...)</xAnon> z dnia 3.12.2009 r. Pozwana ad 2 wyjaśniła, iż przyczyny nieprzekazania przez <xAnon> (...) Sp. z o.o.</xAnon> stronie powodowej <xAnon>Aneksu nr (...)</xAnon> i udzielonego pozwanej ad 2 pełnomocnictwa, do czego na podstawie uzgodnień zobowiązany był dotychczasowy pełnomocnik, wynikała z winy pracownika - przygotowującego pismo kierowane do strony powodowej, który zapomniał o tych dokumentach. Pozwana ad 2 wyjaśniała również, że faktury zostały wystawione prawidłowo, bowiem od 1.01.2011 r. to pozwana ad 2 pełni funkcję pełnomocnika partnerów i jej firma finansuje wykonanie robót.</xText>
          <xText>Pismem z dnia 3.06.2011 r. strona pozwana złożyła powódce oświadczenie, że w związku z <xLexLink xArt="art. 367;art. 367 § 2" xIsapId="WDU19640160093" xTitle="Ustawa z dnia 23 kwietnia 1964 r. - Kodeks cywilny" xAddress="Dz. U. z 1964 r. Nr 16, poz. 93">art. 367 § 2 k.c.</xLexLink> dokonuje wyboru <xAnon> (...) spółki z o.o.</xAnon> w <xAnon>W.</xAnon> jako wierzyciela solidarnego, na rzecz którego dokona wpłaty wynagrodzenia z wystawionych faktur. Oświadczyła, że należne wynagrodzenie za roboty budowlane zostanie wpłacone na konto komornicze wskazane w dokonywanych zajęciach organu egzekucyjnego.</xText>
          <xText>Pismem z dnia 6.06.2011 r. pozwana ad 2 wezwała stronę powodowa do zapłaty kwoty 491.016 zł wynikającą z <xAnon>faktur VAT nr (...)</xAnon>. Jednocześnie pozwana poinformowała stronę powodową, iż wstrzymuje się z realizacją dalszych robót.</xText>
          <xText>Pozwana ad 2 wystąpiła przeciwko powódce z pozwem o zapłatę wynikającej z wystawionych na podstawie umowy faktur ww. kwoty 491.016 zł. W dniu <xBRx/>23.09.2011 r. Sąd Okręgowy w Legnicy wydał wyrok w sprawie o sygn. akt: <xBRx/>VI GC 156/11 uwzględniający powództwo w całości.</xText>
          <xText>Pismem z dnia 25.08.2011 r. pozwana <xAnon>A. M.</xAnon>, działając również w imieniu drugiego członka konsorcjum, tj. <xAnon> Przedsiębiorstwa (...)</xAnon> i Budowlane Sp. z o.o., wskazując na bezskuteczny upływ wyznaczonego w piśmie z dnia 26.07.2011 r. dodatkowego terminu do zapłaty wynagrodzenia objętego <xAnon>fakturami VAT nr (...)</xAnon>, oświadczyła, że odstępuje od <xAnon>umowy nr (...)</xAnon> z dnia 3.12.2009 r., w zakresie jej niewykonanej do dnia odstąpienia części.</xText>
          <xText>W odpowiedzi na powyższe pismo strona powodowa uznała za nieskuteczne oświadczenie o odstąpieniu od umowy, wskazując na niepodzielność świadczenia wykonawcy.</xText>
          <xText>W piśmie z dnia 26.10.2011 r. strona powodowa wezwała pozwaną ad 1 do natychmiastowej naprawy uszkodzonej instalacji oświetlenia zewnętrznego w rejonie prowadzonych prac rekultywacyjnych, natychmiastowego zabezpieczenia zgodnie z projektem folii zabudowanej na skarpach i w dnie wykopu przed promieniowaniem UV i niezwłocznego przystąpienia do realizacji umowy zgodnie z harmonogramem stanowiącym załącznik do umowy.</xText>
          <xText>Na wniosek pozwanej ad 2 Komornik Sądowy przy Sądzie Rejonowym <xAnon>(...)</xAnon>wszczął postępowanie egzekucyjne o zapłatę należności zasądzonej wyrokiem Sądu Okręgowego w Legnicy z dnia 23.09.2011 r.</xText>
          <xText>W piśmie z dnia 9.12.2011 r. strona powodowa oświadczyła, iż na podstawie <xLexLink xArt="art. 635" xIsapId="WDU19640160093" xTitle="Ustawa z dnia 23 kwietnia 1964 r. - Kodeks cywilny" xAddress="Dz. U. z 1964 r. Nr 16, poz. 93">art. 635 k.c.</xLexLink> w zw. z <xLexLink xArt="art. 656;art. 656 § 1" xIsapId="WDU19640160093" xTitle="Ustawa z dnia 23 kwietnia 1964 r. - Kodeks cywilny" xAddress="Dz. U. z 1964 r. Nr 16, poz. 93">art. 656 § 1 k.c.</xLexLink>, odstępuje od umowy nr <xAnon>(...)</xAnon> z dnia 3.12.2009 r. w całości. Jednocześnie wskazała, iż na podstawie <xBRx/>§ 6 ust. 1 c) ww. umowy nalicza karę umowną w kwocie 15% wynagrodzenia ryczałtowego określonego w § 5 ust. 1 ww. umowy, którą na podstawie § 8 ust. 8 <xBRx/>ww. umowy potrąca z całej kwoty uiszczonej tytułem kaucji wraz z odsetkami uzyskanymi od lokaty bankowej i żąda zapłaty na swoją rzecz kary umownej <xBRx/>w części niepokrytej przez ww. kaucję.</xText>
          <xText>Dnia 13.12.2011 r. strona powodowa poinformowała pozwane, iż w wyniku zaniechania, w miesiącu kwietniu br., realizacji robót wynikających z <xAnon>umowy nr (...)</xAnon> dotyczącej zadania „Rekultywacja i zagospodarowania wyrobiska odkrywkowego <xAnon> Kopalni (...)</xAnon>" <xAnon> (...) S.A.</xAnon> Oddział <xAnon>(...)</xAnon>" nastąpiło szereg szkód, które są niekonsekwencją prowadzenia procesu budowlanego związanego z prowadzeniem prac rekultywacyjnych. Nadto strona powodowa stwierdziła, że prace wykonane <xBRx/>i odebrane protokołami częściowymi, które nie zostały zabezpieczone w okresach braku ciągłości prac, narażając je na destrukcyjne oddziaływanie warunków atmosferycznych, podlegają procedurze gwarancyjnej opisanej w § 4 przedmiotowej umowy. Ponadto strona powodowa ponowiła uwagi, jakie zostały sprecyzowane podczas dwustronnego spotkania jakie miało miejsce w dniu 13.09.2011 r.</xText>
          <xText>Pismem z dnia 12.01.2012 r. pozwana ad 2 odniosła się do w/w pisma powoda zarzucając bezzasadność jego stanowiska, co do bezskuteczności odstąpienia pozwanych od umowy oraz co do odstąpienia od umowy przez powoda, odniosła się też do pozostałych zarzutów powoda, odmawiając jednocześnie zapłaty kwoty żądanej tytułem kary umownej.</xText>
          <xText>W piśmie z dnia 19.01.2012 r. strona powodowa wezwała pozwaną ad 1 do zapłaty należności w kwocie 542.579,30 zł w terminie do 24.01.2012. W piśmie <xBRx/>z dnia 27.02.2012 r. strona powodowa wezwała pozwana ad 2 do zapłaty kwoty 542.579,30 zł, stanowiącej naliczoną na podstawie § 6 ust. 1 c) umowy nr <xBRx/><xAnon>(...)</xAnon>r. karę umowną w wysokości 15% wynagrodzenia ryczałtowego określonego w § 5 ust. 1 Umowy, pomniejszoną <xBRx/>w wyniku dokonanego na podstawie § 8 ust. 6 umowy potrącenia z całej kwoty uiszczonej przez pozwane zgodnie z § 8 ust. 1 b) umowy tytułem kaucji wraz <xBRx/>z odsetkami uzyskanymi od lokaty bankowej.</xText>
          <xText>Pismem z dnia 2.02.2012 r. pozwana ad 2 odpowiedziała na pismo strony powodowej z dnia 25.01.2012 r., informując, iż zawarte w nim twierdzenia stanowią próbę kreacji rzeczywistości w sposób niezgodny z faktycznie istniejącym stanem rzeczy.</xText>
          <xText>W piśmie z dnia 6.02.2012 r. pozwana ad 1 w odpowiedzi na wezwanie <xBRx/>strony powodowej do zapłaty poinformowała, że: odmawia zapłaty oraz, że jej pełnomocnikiem w sprawach związanych z realizacją <xAnon>umowy nr (...)</xAnon> z dnia 3.12.2009 r., w tym z związanych z roszczeniami wynikającymi z odstąpienia od tej umowy, nadal pozostaje <xAnon>A. M.</xAnon>. Nadto pozwana ad 1 wskazała, że żądanie zapłaty kary umownej z tytułu odstąpienia od w/w umowy <xBRx/>z dnia 3.12.2009 r. jest bezzasadne z przyczyn, o których mowa była w piśmie Pani <xAnon>A. M.</xAnon> z dnia 12.01.2012 r. Bezzasadne zatem jest także oświadczenie <xBRx/>o potrąceniu nieistniejącej wierzytelności z naszą wierzytelnością o zwrot zabezpieczenia należytego wykonania umowy. Pozwana ad 1 ponawiała wezwanie do zapłaty kwoty 194.670,70 zł, tytułem zwrotu zabezpieczenia należytego wykonania umowy i kwoty 16.457,04 zł tytułem odszkodowania.</xText>
          <xText>W piśmie z dnia 27.02.2012 r. strona powodowa ponownie wezwała pozwane do zapłaty kwoty 542.579,30 zł.</xText>
          <xText>W oparciu o powyższe ustalenia faktyczne Sąd Okręgowy uznał, iż powództwo nie zasługiwało na uwzględnienie.</xText>
          <xText>W motywach niniejszego rozstrzygnięcia wskazał w szczególności, że wbrew twierdzeniom powoda złożone przez pozwane w ramach pisma z dnia 25.08.2011 r. oświadczenie o odstąpieniu od umowy w zakresie jej niewykonanej części, <xBRx/>było prawnie skuteczne, mając na uwadze upływ wyznaczonego przez nie w piśmie <xBRx/>z dnia 26.07.2011 r., dodatkowego terminu do uregulowania zaległego wynagrodzenia, pod rygorem tego skutku. Podkreślił przy tym, że słuszność domagania się przez pozwaną <xAnon>A. M.</xAnon> zapłaty wynagrodzenia została potwierdzona przez Sąd Okręgowy w Legnicy w wyroku z dnia 23.09.2011 r., uwzględniającym to żądanie.</xText>
          <xText>Za bezzasadny uznał przy tym zarzut strony powodowej o niepodzielności świadczenia pozwanych, a w konsekwencji braku podstaw do złożenia przez nie oświadczenia o odstąpieniu od umowy.</xText>
          <xText>Wobec przyjęcia stanowiska o skutecznym odstąpieniu przez pozwane od części niewykonanej umowy z dnia 3.12.2009 r., oświadczenie złożone przez stronę powodową w dniu 9.12.2011 r., o odstąpieniu od tej umowy, Sąd Okręgowy uznał za bezskuteczne, a tym samym nie dającym prawa do naliczenia kar umownych objętych żądaniem pozwu.</xText>
          <xText>Odnosząc się do zarzutu powoda o braku pełnomocnictwa <xAnon>A. M.</xAnon> do złożenia oświadczenia o odstąpieniu od umowy w imieniu pozwanej ad 1, Sąd uznał, że należało uznać go za spóźniony, a przy tym był on bezzasadny w świetle zebranego w sprawie materiału dowodowego.</xText>
          <xText>Za nieistotny dla rozstrzygnięcia niniejszej sprawy, Sąd uznał zarzut powodowej spółki, co do nienależytego wykonania przedmiotu umowy przez pozwane, skoro przytaczając okoliczności, które miałyby o tym świadczyć, nie wywiodła z tego faktu żadnego, należycie sformułowanego roszczenia.</xText>
          <xText>
            <xBx>W tym kontekście za zbędne uznał przeprowadzanie dowodów z zeznań świadków, stron i dokumentów zgłoszone przez strony na okoliczność nienależytego wykonania umowy. </xBx>
          </xText>
          <xText>O kosztach procesu rozstrzygnął stosownie do jego wyniku.</xText>
          
          <xText>Powód wniósł apelację od niniejszego wyroku i zaskarżając go w całości, zarzucił Sądowi Okręgowemu, że przy jego wydaniu dopuścił się naruszenia prawa materialnego, tj. <xLexLink xArt="art. 491;art. 491 § 2" xIsapId="WDU19640160093" xTitle="Ustawa z dnia 23 kwietnia 1964 r. - Kodeks cywilny" xAddress="Dz. U. z 1964 r. Nr 16, poz. 93">art. 491 § 2 k.c.</xLexLink> w zw. z <xLexLink xArt="art. 379;art. 379 § 2" xIsapId="WDU19640160093" xTitle="Ustawa z dnia 23 kwietnia 1964 r. - Kodeks cywilny" xAddress="Dz. U. z 1964 r. Nr 16, poz. 93">art. 379 § 2 k.c.</xLexLink> poprzez jego niewłaściwe zastosowanie, gdyż świadczenie pozwanych ad 1 i ad 2 wynikające ze <xBRx/>stosunku zobowiązaniowego, którego źródłem była umowa z dnia 3.12.2009 r. <xBRx/>nr <xAnon>(...)</xAnon>, nie może być uznane za podzielone.</xText>
          <xText>W oparciu o powyższy zarzut wnióśł o zmianę zaskarżonego wyroku poprzez uwzględnienie żądania pozwu oraz zasądzenie od pozwanych solidarnie na jego rzecz zwrotu kosztów procesu za obie instancje.</xText>
          <xText>W odpowiedzi pozwana <xAnon>A. M.</xAnon> wniosła o oddalenie apelacji i zasądzenie na jej rzecz od powoda kosztów procesu wg norm przepisanych.</xText>
          
          <xText>
            <xBx>Sąd Apelacyjny zważył, co następuje:</xBx>
          </xText>
          
          <xText>Apelacja nie zasługiwała na uwzględnienie.</xText>
          <xText>Podstawą jej rozpoznania był stan faktyczny ustalony przez Sąd Okręgowy, który znajdował pełne oparcie w zebranym w niniejszej sprawie materiale dowodowym, a przy tym, co istotne nie był on kwestionowany przez żadną ze stron.</xText>
          <xText>Odnosząc się do podniesionego przez apelującego zarzutu, należy na wstępie wskazać, że okolicznością nie budzącą wątpliwości było to, że pozostawał on w opóźnieniu, co do zapłaty należnego <xAnon>A. M.</xAnon> wynagrodzenia za prace zrealizowane przez pozwane w ramach łączącej strony umowy, w łącznej <xBRx/>kwocie 491.016 zł, bowiem kwestia to została prawomocnie rozstrzygnięta wyrokiem <xBRx/>Sądu Okręgowego w Legnicy - sygn. akt: VI GC 156/11. Strona powodowa była kilkukrotnie wzywana przez pozwaną do jej uregulowania, w kolejno wyznaczanych dodatkowych terminach, w tym pod rygorem odstąpienia od umowy, a ostatecznie została ona wyegzekwowana na drodze egzekucji komorniczej. Zanim do tego doszło pozwana, we własnym umieniu oraz w imieniu drugiego z pozwanych, złożyła oświadczenie o odstąpieniu od umowy, w zakresie niezrealizowanym do tego momentu.</xText>
          <xText>W tym miejscu powstał spór, co do możliwości odstąpienia, co do części umowy zakwalifikowanej jako umowa o roboty budowlane, gdy zakres prac został wykonany jedynie w części. Sąd Okręgowy bardzo obszernie odniósł się do tej kwestii, na tle poglądów judykatury i orzecznictwa Sądu Najwyższego, nie pomijając tych, które stanowiły wsparcie twierdzeń strony powodowej, o niedopuszczalności odstąpienia od umowy, w okolicznościach analogicznych jak w niniejszej sprawie. Ostatecznie jednakże wyraził jednoznaczne stanowisko, że w rozważanej sprawie istniała możliwość odstąpienia od umowy w zakresie świadczeń, które do momentu złożenia tego oświadczenia nie zostały wykonane przez pozwane i szczegółowo wyjaśnił jakie argumenty przemawiają za zastosowaniem w niniejszej sprawie takiej dopuszczalności.</xText>
          <xText>Sąd Apelacyjny w pełni podziela ten pogląd, jak również przytoczoną na jego uzasadnienie argumentację, co czyni jej ponowne przytaczanie w tej części uzasadnienia za zbędne. Należy przy tym wskazać, że jak słusznie podnosi apelujący, kwestia niepodzielności świadczenia w umowie o roboty budowlane jest źródłem niesłabnących kontrowersji i zarówno w doktrynie jak i w orzecznictwie, wyrażane były poglądy stanowiące wsparcie stanowiska przeciwnego do tego, które stało się podstawą zapadłego w niniejszej sprawie rozstrzygnięcia. Abstrahując od kwestii, że część z nich zostało wyrażonych na tle zgoła odmiennych stanów faktycznych, aniżeli w niniejszej sprawie, sąd odwoławczy w obecnym składzie, nie uznaje za trafne poglądów, które wykluczają możliwość odstąpienia od umowy <xBRx/>o roboty budowlane, w zakresie robót niezrealizowanych do dnia złożenia oświadczenia w tym przedmiocie, w sytuacji, gdy świadczenia dotychczas zrealizowane przez wykonawcę stanowią zamkniętą całość, która mogłaby być samodzielnym przedmiotem umowy o roboty budowlane. Taki przypadek występował w niniejszej sprawie, bowiem mimo tego, że przedmiot umowy był niepodzielny, <xBRx/>to poszczególne etapy jego realizacji, obejmowały swoim zakresem roboty budowlane, szczegółowo w nich opisane, które miały być zrealizowane w oparciu <xBRx/>o dokumentację projektową, zgodnie z zasadami <xLexLink xArt="" xIsapId="WDU19940890414" xTitle="Ustawa z dnia 7 lipca 1994 r. - Prawo budowlane" xAddress="Dz. U. z 1994 r. Nr 89, poz. 414">prawa budowlanego</xLexLink>, i za które pozwani mieli otrzymać wynagrodzenie, ustalone do każdego z nich oddzielnie. <xBRx/>W okolicznościach niniejszej sprawy, należało zatem uznać, że świadczenie objęte umową zawartą między stronami, miało charakter podzielny, co w sytuacji zaistnienia podstaw do odstąpienia od umowy przez wykonawców, z przyczyn leżących pod stronie powoda, uzasadniało odstąpienie od niej w zakresie robót dotychczas niezrealizowanych.</xText>
          <xText>Już jedynie na marginesie należy wskazać, że podstawą naliczenia przez powodową spółkę umownych za odstawienie przez nią od umowy, miały być przyczyny leżące po stronie wykonawcy. Za takie nie można uznać wstrzymanie się z realizacją robót z przyczyn braku środków na realizację umowy, w związku <xBRx/>z brakiem zapłaty należnej wykonawcom części wynagrodzenia na łączna kwotę 491.016 zł, tj. odpowiadającej około 10% całości wynagrodzenia. Kwota ta jest znacząca, w szczególności, gdy pozwani mieli wykonać roboty w oparciu o materiał przez siebie zakupiony. Należności cząstkowe składające się na to kwotę stały się wymagalne, w dniach 31.03.2011 r. i 27.04.2011 r., a zostały zrealizowana na rzecz pozwanej ad 2 w ramach egzekucji komorniczej, już po odstąpieniu przez nią oraz jej konsorcjanta od umowy, co miało miejsce w dniu 1.09.2011 r. Należy przy tym zwrócić uwagę, że powód twierdząc, że to on skutecznie odstąpił od umowy, nie kwestionuje przy tym okoliczności, które przy przyjęciu zaprezentowanego przez niego w apelacji stanowiska, uzasadniałyby odstąpienie przez pozwane od umowy <xBRx/>w całości. W tym kontekście, wskazanie przez niego, że to po ich stronie leżały przyczyny odstąpienia przez niego od umowy, należało uznać za nieuprawnione.</xText>
          <xText>Reasumując w ocenie Sądu Apelacyjnego, Sąd I instancji dokonał <xBRx/>trafnej oceny, że na tle okoliczności faktycznych niniejszej sprawy, nie było podstaw do uznania za skuteczne złożonego przez powodową spółkę oświadczenia <xBRx/>o odstąpieniu od umowy zawartej między stronami, a w konsekwencji naliczenia przez nią i żądania zapłaty kar umownych w związku z odstąpieniem.</xText>
          <xText>Mając powyższe na uwadze, Sąd Apelacyjny na podstawie <xLexLink xArt="art. 385" xIsapId="WDU19640430296" xTitle="Ustawa z dnia 17 listopada 1964 r. - Kodeks postępowania cywilnego" xAddress="Dz. U. z 1964 r. Nr 43, poz. 296">art. 385 k.p.c.</xLexLink>, oddalił apelację i zgodnie z żądaniem pozwanej <xAnon>A. M.</xAnon>, rozstrzygnął o poniesionych przez nią kosztach na tym etapie postępowania, w oparciu <xBRx/>o <xLexLink xArt="art. 98" xIsapId="WDU19640430296" xTitle="Ustawa z dnia 17 listopada 1964 r. - Kodeks postępowania cywilnego" xAddress="Dz. U. z 1964 r. Nr 43, poz. 296">art. 98 k.p.c.</xLexLink> w zw. <xLexLink xArt="art. 99" xIsapId="WDU19640430296" xTitle="Ustawa z dnia 17 listopada 1964 r. - Kodeks postępowania cywilnego" xAddress="Dz. U. z 1964 r. Nr 43, poz. 296">art. 99 k.p.c.</xLexLink> z <xLexLink xArt="art. 391;art. 391 § 1" xIsapId="WDU19640430296" xTitle="Ustawa z dnia 17 listopada 1964 r. - Kodeks postępowania cywilnego" xAddress="Dz. U. z 1964 r. Nr 43, poz. 296">art. 391 § 1 k.p.c.</xLexLink> w zw. z <xLexLink xArt="art. 391 § 6;art. 391 § 6 ust. 7" xIsapId="WDU19640430296" xTitle="Ustawa z dnia 17 listopada 1964 r. - Kodeks postępowania cywilnego" xAddress="Dz. U. z 1964 r. Nr 43, poz. 296">§ 6 ust. 7</xLexLink> w zw. <xBRx/>z § 12 ust. 1 pkt 2 rozporządzenia Ministra Sprawiedliwości w sprawie opłat za czynności radców prawnych (…)</xText>
          
          <xText>MR-K</xText>
        </xUnit>
      </xBlock>
    </xPart>
  </judgement>
<judgement id="154505250002006_IV_K_000014_2013_Uz_2013-03-11_001">
    <xPart xEditorFullName="Dorota Chodkowska" xYear="2013" xLang="PL" xPublisherFullName="Dorota Chodkowska" xFromPg="1" xEditor="d.chodkowska" xVolType="15/450525/0002006/K" xPublisher="d.chodkowska" xDocType="Uz" xVolNmbr="000014" xVersion="1.0" xToPage="10" xFlag="published">
      <xName>Wyrok</xName>
      <xBlock>
        <xText>Sygn. akt <xBx>IV K 14/13</xBx></xText>
        <xUnit xIsTitle="true" xBold="true" xType="part">
          <xName>WYROK</xName>
          <xTitle>W IMIENIU RZECZYPOSPOLITEJ POLSKIEJ</xTitle>
          <xText xALIGNx="right">Dnia 11 marca 2013 roku</xText>
          <xText>Sąd Rejonowy dla m. st. Warszawy w <xAnon>W.</xAnon> Wydział IV Karny</xText>
          <xText>w składzie</xText>
          <xText>Przewodnicząca: SSR Agnieszka Tyszkiewicz</xText>
          <xText>Protokolant: Małgorzata Kozłowska</xText>
          <xText>przy udziale Prokuratora: Krzysztofa Szczerby</xText>
          <xText>po rozpoznaniu na rozprawie w dniu: 11 marca 2013 roku sprawy:</xText>
          
          <xText><xBx><xAnon>D. N.</xAnon> syna <xAnon>J.</xAnon> i <xAnon>U.</xAnon> z domu Garstka </xBx><xAnon>ur. (...)</xAnon> w <xAnon>N.</xAnon></xText>
          <xText>
            <xBx>oskarżonego o to, że:</xBx>
          </xText>
          
          <xText>w dniu 11 lipca 2012 roku w <xAnon>W.</xAnon> na terenie Dworca <xAnon>(...)</xAnon>, działając wspólnie i w porozumieniu z nieustaloną osobą, używając przemocy wobec <xAnon>L. R.</xAnon> polegającej na przewróceniu pokrzywdzonego na ziemię, zadawaniu ciosów po całym ciele, duszeniu oraz przytrzymywaniu zabrał w celu przywłaszczenia pieniądze w kwocie 2000 zł przy czym łączna wartość strat wyniosła 2000zł na szkodę <xAnon>L. R.</xAnon></xText>
          <xText>
            <xBx>- tj. o przestępstwo określone w <xLexLink xArt="art. 280;art. 280 § 1" xIsapId="WDU19970880553" xTitle="Ustawa z dnia 6 czerwca 1997 r. - Kodeks karny" xAddress="Dz. U. z 1997 r. Nr 88, poz. 553">art. 280§1 kk</xLexLink></xBx>
          </xText>
          
          <xText xALIGNx="center">
            <xBx>orzeka:</xBx>
          </xText>
          
          <xUnit xIsTitle="false" xType="none">
            <xName xSffx=".">I</xName>
            <xText>oskarżonego <xAnon>D. N.</xAnon> uznaje za winnego popełnienia zarzucanego mu czynu, stanowiącego występek z <xLexLink xArt="art. 280;art. 280 § 1" xIsapId="WDU19970880553" xTitle="Ustawa z dnia 6 czerwca 1997 r. - Kodeks karny" xAddress="Dz. U. z 1997 r. Nr 88, poz. 553">art. 280§1 kk</xLexLink> i za to podstawie <xLexLink xArt="art. 280;art. 280 § 1 k" xIsapId="WDU19970880553" xTitle="Ustawa z dnia 6 czerwca 1997 r. - Kodeks karny" xAddress="Dz. U. z 1997 r. Nr 88, poz. 553">art. 280§1k</xLexLink>.k. skazuje go i wymierza mu karę 2 (dwóch) lat pozbawienia wolności;</xText>
          </xUnit>
          
          <xUnit xIsTitle="false" xType="none">
            <xName xSffx=".">II</xName>
            <xText>na podstawie <xLexLink xArt="art. 63;art. 63 § 1" xIsapId="WDU19970880553" xTitle="Ustawa z dnia 6 czerwca 1997 r. - Kodeks karny" xAddress="Dz. U. z 1997 r. Nr 88, poz. 553">art. 63 § 1 k.k.</xLexLink> na poczet orzeczonej kary pozbawienia wolności zalicza oskarżonemu okres rzeczywistego pozbawienia wolności w sprawie od dnia 11 lipca 2012 roku do dnia 11 marca 2013 roku;</xText>
          </xUnit>
          
          <xUnit xIsTitle="false" xType="none">
            <xName xSffx=".">III</xName>
            <xText>na podstawie <xLexLink xArt="art. 46;art. 46 § 1" xIsapId="WDU19970880553" xTitle="Ustawa z dnia 6 czerwca 1997 r. - Kodeks karny" xAddress="Dz. U. z 1997 r. Nr 88, poz. 553">art.46 § 1 k.k.</xLexLink> orzeka wobec oskarżonego obowiązek naprawienia szkody w całości poprzez zapłatę na rzecz pokrzywdzonego <xAnon>L. R.</xAnon> kwoty 2000 zł (dwóch tysięcy złotych);</xText>
          </xUnit>
          
          <xUnit xIsTitle="false" xType="none">
            <xName xSffx=".">IV</xName>
            <xText>na podstawie <xLexLink xArt="art. 44;art. 44 § 2" xIsapId="WDU19970880553" xTitle="Ustawa z dnia 6 czerwca 1997 r. - Kodeks karny" xAddress="Dz. U. z 1997 r. Nr 88, poz. 553">art. 44 § 2 k.k.</xLexLink> orzeka przepadek na rzecz Skarbu Państwa poprzez zniszczenie dowodów rzeczowych opisanych pod pozycją 2 i 3 wykazu dowodów rzeczowych na k. 113 DRZ nr <xAnon> (...)</xAnon> i <xAnon> (...)</xAnon>;</xText>
          </xUnit>
          
          <xUnit xIsTitle="false" xType="none">
            <xName xSffx=".">V</xName>
            <xText>na podstawie <xLexLink xArt="art. 230;art. 230 § 2" xIsapId="WDU19970890555" xTitle="Ustawa z dnia 6 czerwca 1997 r. - Kodeks postępowania karnego" xAddress="Dz. U. z 1997 r. Nr 89, poz. 555">art. 230 § 2 k.p.k.</xLexLink> zwraca oskarżonemu dowód rzeczowy w postaci telefonu komórkowego opisany w wykazie k. 113 pod pozycją 1 DRZ <xAnon> (...)</xAnon>;</xText>
          </xUnit>
          
          <xUnit xIsTitle="false" xType="none">
            <xName xSffx=".">VI</xName>
            <xText>na podstawie <xLexLink xArt="art. 624;art. 624 § 1" xIsapId="WDU19970890555" xTitle="Ustawa z dnia 6 czerwca 1997 r. - Kodeks postępowania karnego" xAddress="Dz. U. z 1997 r. Nr 89, poz. 555">art. 624 § 1 k.p.k.</xLexLink> zwalnia oskarżonego od zapłaty kosztów postępowania, przejmując je w całości na rachunek Skarbu Państwa.</xText>
          </xUnit>
          
          <xText>Sygn. akt <xBx>IVK 14/13  UZASADNIENIE</xBx></xText>
          <xText><xAnon>D. N.</xAnon>stanął pod zarzutem przestępstwa z <xLexLink xArt="art. 280;art. 280 § 1" xIsapId="WDU19970880553" xTitle="Ustawa z dnia 6 czerwca 1997 r. - Kodeks karny" xAddress="Dz. U. z 1997 r. Nr 88, poz. 553">art. 280 § 1 k.k.</xLexLink> polegającego na tym, że w dniu 11.07. 2012 roku w <xAnon>W.</xAnon>, na terenie Dworca<xAnon>(...)</xAnon>, działając wspólnie i w porozumieniu z nieustaloną osobą, używając przemocy wobec <xAnon>L. R.</xAnon> polegającej na przewróceniu na ziemię, zadawaniu ciosów po całym ciele, duszeniu oraz przytrzymywaniu zabrał w celu przywłaszczenia pieniądze w kwocie około 2000 złotych, przy czym wartość strat wyniosła 2000 złotych na szkodę <xAnon>L. R.</xAnon>.</xText>
          <xText>
            <xBx>Na podstawie całokształtu materiału dowodowego ujawnionego w toku rozprawy głównej Sąd Rejonowy ustalił następujący stan faktyczny:</xBx>
          </xText>
          <xText>W dniu 11 lipca 2012r. <xAnon>D. N.</xAnon> w godzinach popołudniowych pojechał na Dworzec <xAnon>(...)</xAnon> w <xAnon>W.</xAnon>, gdzie wspólnie z nieustalonymi dotychczas, a sobie znanymi osobami spożywał piwo. Około godziny 21.00 na Dworzec<xAnon>(...)</xAnon> w <xAnon>W.</xAnon> udał się także <xAnon>L. R.</xAnon>, gdyż miał zamiar pociągiem pojechać do miejsca zamieszkania. Oczekując na przyjazd pociągu, pokrzywdzony poszedł za znajdujący się w pobliżu bar <xAnon> (...)</xAnon>, gdzie usiadł na murku z zamiarem spożywania, wcześniej zakupionego piwa. Po chwili podszedł do niego oskarżony <xAnon>D. N.</xAnon> przysiadł się i doszło do nawiązania rozmowy, z której wynikało, że też oczekuje na przyjazd pociągu. Następnie, oskarżony zaproponował<xAnon>L. R.</xAnon>wspólne wypicie piwa, mówiąc przy tym aby pokrzywdzony sfinansował zakup tego trunku. <xAnon>L. R.</xAnon> nie zgodził się i odszedł na bok, gdyż w tym czasie zadzwoniła do niego znajoma. Po zakończonej rozmowie telefonicznej <xAnon>L. R.</xAnon> wrócił na miejsce, w którym wcześniej siedział i wówczas oskarżony ponownie zażądał od niego pieniędzy mówiąc „dawaj kasę”, po czym nagle zaatakował pokrzywdzonego przewracając go na ziemię i przyciskając do podłoża zaczął zadawać ciosy pięścią w twarz. Po kilku ciosach, do oskarżonego dołączył inny, nieustalony dotychczas mężczyzna, który pomógł przytrzymywać pokrzywdzonego w czasie gdy oskarżony przeszukiwał mu kieszenie. Następnie oskarżony wyciągnął z lewej, przedniej kieszeni spodni <xAnon>L. R.</xAnon>pieniądze w kwocie 2000 złotych, przekazał je temu drugiemu mężczyźnie, który zaraz się oddalił. Oskarżony próbował w tym czasie przeszukać jeszcze tylne kieszenie spodni pokrzywdzonego, co jednak mu się nie udawało, gdyż pokrzywdzony leżał na plecach i się bronił. W pewnym momencie, gdy napastnik zaczął dusić pokrzywdzonego, pokrzywdzony wyczuł obok siebie leżącą na ziemi szklaną butelkę, którą podniósł i uderzył nią kilka razy oskarżonego w głowę. W wyniku tych uderzeń butelka się rozbiła a oskarżony osłabł do tego stopnia, że pokrzywdzonemu udało się oswobodzić i powiadomić ochronę dworca, która z kolei wezwała policję. Oddalając się pokrzywdzony słyszał jeszcze jak oskarżony krzyczał do kogoś, że: „ już idzie”. Około godz. 22. 15 na miejsce zdarzenia przyjechał patrol policji w składzie st. sierż <xAnon>G. K.</xAnon> i sierż szt. <xAnon>A. C.</xAnon>. Pokrzywdzony posiadający liczne zewnętrzne ślady pobicia został przewieziony do szpitala przez karetkę pogotowia.</xText>
          <xText>W miejscu wskazanym jako miejsce rozboju funkcjonariusze ujawnili między innymi telefon komórkowy <xAnon>marki S.</xAnon>, utracony w trakcie zdarzenia przez oskarżonego, szklaną butelkę o pojemności 0,5 l z plamami brunatnej substancji. W czasie oczekiwania na przyjazd ekipy dochodzeniowo – śledczej, około godziny 23. 30 wyżej wskazani funkcjonariusze policji zauważyli wchodzącego na teren dworca mężczyznę, odpowiadającego rysopisowi sprawcy, uzyskanemu wcześniej od pokrzywdzonego. Mężczyzna, którym okazał się następnie <xAnon>D. N.</xAnon>, miał na sobie odzież z brunatnymi plamami krwi oraz opatrunek na głowie. W trakcie legitymowania oskarżony oświadczył policjantom, iż przyszedł poszukać zagubionego w tym dniu telefonu, a po ponownym rozpytaniu potwierdził, iż wspólnie z dwoma innymi mężczyznami dokonał rozboju na osobie pokrzywdzonego. Następnie został zatrzymany i poddany badaniu na zawartość alkoholu w wydychanym powietrzu z wynikiem 0,26 mg/l o godzinie 23.37 oraz 0,28 mg/l o godz. 23. 38. W dniu następnym przeprowadzono w Komisariacie Policji okazanie, w toku którego, wśród osób przybranych, <xAnon>L. R.</xAnon> rozpoznał <xAnon>D. N.</xAnon> jako sprawcę rozboju, który początkowo domagał się od niego pieniędzy na piwo a następnie zaatakował go, i przy pomocy drugiego nieustalonego mężczyzny przeszukał kieszenie i zabrał pieniądze.</xText>
          <xText>Oskarżony był w przeszłości karany sądownie w tym wyrokiem Sądu Rejonowego dla m..st. <xAnon>W.</xAnon> z dnia 25. 06. 2002r. za czyn z art. 280§ 1k.k. na karę dwóch lat i czterech miesięcy pozbawienia wolności; wyrokiem Sądu Rejonowego dla Warszawy Śródmieścia z dnia 29. 09. 2003r. za czyn z art. 286§1k.k. i inne na karę 1 roku pozbawienia wolności z warunkowym zawieszeniem wykonania tej kary na okres próby 2 lat; wyrokiem Sądu Rejonowego dla Warszawy <xAnon>W.</xAnon> z dnia 01.06. 2006r. za czyn z art. 280§1k.k. i inne popełniony na terenie Dworca <xAnon>(...)</xAnon> w sposób podobny do czynu objętego niniejszym postępowaniem na karę 2 lat i sześciu miesięcy pozbawienia wolności . Przedmiotowe wyroki zostały objęte wyrokiem łącznym z dnia 16 lipca 2007 sygn. IV K 2247/06 na mocy którego orzeczono oskarżonemu karę łączna 4 lat pozbawienia wolności, którą odbywał w okresach od 15. 05. Do 16. 05. 2000r., od 01. 08. 2001r. do 25. 06. 2002r, od 19. 01. 2005r. do 18. 08. 2005r. oraz od 28. 12. 2005r. do 4 kwietnia 2007r. /k. 198-199/.</xText>
          <xText><xAnon>D. N.</xAnon> w chwili popełnienia czynu był w pełni poczytalny, znajdował się w stanie nietrzeźwości zwykłej, który to stan umożliwiał mu rozpoznanie znaczenia czynu i pokierowania swoim postępowaniem.</xText>
          <xText><xBx>
    
    
    Powyższych ustaleń Sąd Rejonowy dokonał na podstawie następujących dowodów: </xBx>zeznań pokrzywdzonego <xAnon>L. R.</xAnon> /k.25-26, 32-34/ świadków <xAnon>G. K.</xAnon>/k. 16v-17v/, <xAnon>A. C.</xAnon> /k.18-19/, <xAnon>R. W.</xAnon> /k. 94/, <xAnon>A. B.</xAnon> /k. 97v, <xAnon>N.</xAnon><xAnon>L.</xAnon><xAnon>V.</xAnon> /k. 122v/, dokumentów w postaci: protokołów zatrzymania osoby /k.3, 45/, protokołu z przebiegu badania stanu trzeźwości /k.5/, protokołu oględzin miejsca zdarzenia/k. 6-7/, protokołu przeszukania osoby/k.9-10/, protokołów zatrzymania rzeczy /k. 11-13, 35-36, 86-88/, protokołu oględzin osoby oskarżonego wraz z materiałem poglądowym/k. 14-15/,protokołu okazania rzeczy/k.89-90/, materiału poglądowego /k. 93/, protokołu oględzin osoby <xAnon>D. S.</xAnon> /k. 96/, protokołu oględzin rzeczy/k.116/, opinii z zakresu badań biologicznych /k.162-166/, opinii sądowo psychiatrycznej /k.221-224./, opinii sądowo psychologicznej /k. 221-224/, odpisów wyroków /k. 154, 156-157, 159-160, 183-185,190-191/ oraz częściowo wyjaśnień oskarżonego <xAnon>D. N.</xAnon> /k.58-59, 78,364-365/.</xText>
          <xText>Oskarżony <xAnon>D. N.</xAnon> składając wyjaśnienia w toku postępowania przygotowawczego przyznał się do stawianego mu zarzutu. W trakcie pierwszego przesłuchania wyjaśnił, że w dniu 11 lipca 2012r. ok. godz. 14-15. spotkał się na terenie Dworca <xAnon>(...)</xAnon> ze znajomym <xAnon>D. S.</xAnon> oraz mężczyzną o imieniu <xAnon>M.</xAnon>. Następnie wspólnie spożywali alkohol w pobliskim barku, siedząc przy stolikach na zewnątrz, przy czym pierwszą kolejkę piwa zamówił i opłacił oskarżony. Gdy zapadł już zmrok, <xAnon>S.</xAnon> i <xAnon>M.</xAnon> oddalili się za potrzebą fizjologiczną i nie było ich dłuższy okres czasu. Wtedy oskarżony poszedł ich szukać i zobaczył, że szarpią się z jakimś mężczyzną. Podszedł do nich i zachęcony przez <xAnon>D. S.</xAnon> pomógł przytrzymywać leżącego na ziemi pokrzywdzonego, który następnie uderzył go butelką w głowę. Oskarżony potwierdził, że na miejscu zdarzenia zgubił telefon komórkowy, po który, po opatrzeniu rany wrócił. Pokrzywdzonego, według jego relacji, przeszukał i okradł mężczyzna o imieniu <xAnon>M.</xAnon>, który zaraz potem uciekł. <xAnon>D. N.</xAnon>zaprzeczył aby przed tym zdarzeniem rozmawiał z pokrzywdzonym i domagał się pieniędzy na piwo. /k.59-60/.</xText>
          <xText>Do zarzuconego czynu oskarżony przyznał się także składając krótkie wyjaśnienia w toku posiedzenia w przedmiocie tymczasowego aresztowania /k. 78/.</xText>
          <xText>Składając wyjaśnienia na rozprawie podtrzymał swoje przyznanie się do winy i wskazał, że podszedł do pokrzywdzonego, usiadł obok niego, chciał od niego papierosa a potem go zaatakował i zabrał mu pieniądze w kwocie około 2000zł. Podkreślił jednak, że w trakcie tego zdarzenia był sam. Ostatecznie wyjaśnił, że pobił pokrzywdzonego ale nie zabrał mu pieniędzy choć się ich od pokrzywdzonego domagał. /k. 364-365/</xText>
          <xText>
            <xBx>Sąd Rejonowy zważył co następuje:</xBx>
          </xText>
          <xText>W ocenie Sądu wyjaśnienia oskarżonego <xAnon>D. N.</xAnon> zasługują na wiarę jedynie w części, w której przyznał się on do stosowania przemocy wobec <xAnon>L. R.</xAnon> i zaboru pieniędzy na jego szkodę wspólnie z inną osobą. Wyjaśnienia oskarżonego w powyższym zakresie są co do zasady zgodne z zeznaniami pokrzywdzonego. Znajdują one również potwierdzenie w pozostałym materiale dowodowym zebranym w sprawie, w szczególności w dokumentach w postaci protokołów z czynności okazania oskarżonego, oględzin miejsca zdarzenia, oględzin osoby oskarżonego, okazania rzeczy w postaci utraconego telefonu komórkowego a ponadto także w zeznaniach funkcjonariuszy Policji, interweniujących na terenie dworca.</xText>
          <xText>Sąd nie znalazł zaś podstaw do kwestionowania prawdziwości ww. zeznań oraz rzetelności ww. dokumentów. Również stan oskarżonego w chwili zatrzymania - rana głowy, zakrwawienie odzieży i obuwia - pośrednio potwierdza, że brał udział w zdarzeniu w sposób opisany przez pokrzywdzonego .</xText>
          <xText>Sąd nie dał natomiast wiary wyjaśnieniom oskarżonego w części, w jakiej twierdził on, że, działał sam i nie dokonał zaboru pieniędzy na szkodę pokrzywdzonego. W tym zakresie Sąd uznał je za konsekwencję przyjętej linii obrony, w ramach której z jednej strony oskarżony umniejszał swój udział w zdarzeniu, przerzucając odpowiedzialność za zabór pieniędzy na inne osoby, z drugiej zaś kryjąc drugiego napastnika. Te fragmenty jego wyjaśnień są sprzeczne z pozostałym materiałem dowodowym ujawnionym w sprawie, o czym szczegółowo poniżej, oraz niespójne, nielogiczne i wewnętrznie sprzeczne.</xText>
          <xText>Wnioski o niewiarygodności wyjaśnień <xAnon>D. N.</xAnon> we wskazanej części nasuwają się także przy uwzględnieniu chronologii zdarzeń. Nie bez znaczenia jest okoliczność, że oskarżony wyjaśniając po raz pierwszy od razu przyznał się jedynie do pobicia pokrzywdzonego i podał dane innych uczestników, którzy mieli dokonać kradzieży pieniędzy, licząc na niestosowanie izolacyjnego środka zapobiegawczego. Dopiero gdy został rozpoznany przez pokrzywdzonego, w kolejnych wyjaśnieniach, złożonych już na rozprawie, składając wniosek o wydanie wyroku skazującego bez przeprowadzania rozprawy zaznaczył, że czynu dokonał sam i zabrał pieniądze. Następnie po raz kolejny przeczył wcześniej przedstawionemu przebiegowi wydarzeń. Niezrozumiała jest taka postawa procesowa oskarżonego, choć niewątpliwie stanowi realizację jego prawa do obrony.</xText>
          <xText>Sąd natomiast całkowicie dał wiarę zeznaniom pokrzywdzonego <xAnon>L. R.</xAnon>, który szczegółowo i konsekwentnie, zarówno podczas pierwszych zeznań jak też i kolejnych, składanych w trakcie czynności okazania opisał przebieg zdarzenia, zachowanie się oskarżonego i drugiego sprawcy. Opisał jak w pierwszej fazie zdarzenia i w chwili zaatakowania pokrzywdzonego oskarżony był sam. Najprawdopodobniej drugi z napastników w tym czasie, był w pobliżu, o czym świadczyć może chociażby fakt, iż po przewróceniu pokrzywdzonego na ziemię, niezwłocznie pojawił się drugi mężczyzna, który przytrzymywał pokrzywdzonego uniemożliwiając mu obronę i ułatwiając przeszukiwanie jego odzieży przez oskarżonego <xAnon>D. N.</xAnon>. Po znalezieniu gotówki oskarżony przekazał ją drugiemu sprawcy co niezbicie świadczy o tym, że mężczyźni działali wspólnie i w porozumieniu z zamiarem dokonania rozboju.</xText>
          <xText>Z zeznaniami pokrzywdzonego korelują zeznania funkcjonariuszy Policji oraz wyniki pozostałych czynności procesowych przeprowadzonych w toku postępowania przygotowawczego.</xText>
          <xText>Zeznania funkcjonariuszy Policji st. sierż <xAnon>G. K.</xAnon> i sierż szt. <xAnon>A. C.</xAnon>. –zostały uznane w całości za wiarygodne. W sposób obiektywny, spójny i logiczny przedstawili oni okoliczności interwencji, ujawnienia dowodów na miejscu przestępstwa a następnie zatrzymania oskarżonego, po dokonanym przezeń rozboju, fakt że przyznawał się on do zarzucanego mu czynu.</xText>
          <xText>Zgromadzone w sprawie dokumenty uznano za pełnoprawny materiał dowodowy. Zostały sporządzony w sposób zgodny z właściwymi przepisami, nadto ich wiarygodności nie kwestionował żaden z uczestników postępowania.</xText>
          <xText>Zeznania świadków <xAnon>R. W.</xAnon> /k. 94/, <xAnon>A. B.</xAnon> /k. 97v, <xAnon>N.</xAnon><xAnon>L.</xAnon><xAnon>V.</xAnon> /k. 122v/, niewiele zdołały wnieść do sprawy, odnosiły się bowiem do ewentualnego współudziału w przestępstwie przez <xAnon>D. S.</xAnon>. Niemniej jednak okazały się wiarygodne.</xText>
          <xText>Reasumując analiza ujawnionych na rozprawie dowodów pozwoliła na stwierdzenie, że oskarżony dopuścił się zarzuconego mu czynu.</xText>
          <xText>Wobec powyższych okoliczności Sąd uznał oskarżonego za winnego, zaboru pieniędzy na szkodę<xAnon>L. R.</xAnon> poprzez używanie wobec niego przemocy o znacznym nasileniu. Działanie oskarżonego wypełniło zatem znamiona przestępstwa z <xLexLink xArt="art. 280;art. 280 § 1" xIsapId="WDU19970880553" xTitle="Ustawa z dnia 6 czerwca 1997 r. - Kodeks karny" xAddress="Dz. U. z 1997 r. Nr 88, poz. 553">art. 280 §1 kk</xLexLink>.</xText>
          <xText>Podkreślenia wymaga fakt, że oskarżony dopuścił się przestępstwa działając wspólnie i w porozumieniu z inną osobą. Nie można mieć wątpliwości, że rola obydwu współdziałających sprawców w przestępstwie była znacząca. Choć działanie oskarżonego <xAnon>D. N.</xAnon> było zdecydowanie bardziej intensywne (to on zażądał wydania pieniędzy, zainicjował pobicie pokrzywdzonego, zadawał mu ciosy, przeszukiwał a potem próbował dusić). Oskarżony przyznał się ponadto do bicia pokrzywdzonego, na co wskazuje też stan jego odzieży, która była intensywnie pobrudzona krwią. Zdaniem Sądu, oskarżony zmieniał swoje stanowisko procesowe raz się przyznając do zaboru pieniędzy a następnie odwołując to przyznanie oraz odmiennie relacjonował udział w zdarzeniu innych osób, ze względu na niechęć do ujawnienia danych drugiego sprawcy, który niewątpliwie jest jego znajomym. W ocenie Sądu całokształt okoliczności sprawy wskazuje, że pomiędzy sprawcami istniał zatem podział ról, a obaj mężczyźni obejmowali swoją świadomością wszystkie znamiona przestępstwa, w tym chęć kradzieży. Zgodnie bowiem ze stanowiskiem Sądu Najwyższego z dnia 15 maja 2001 r. w sprawie V KKN 730/98, które Sąd rozpoznający sprawę w pełni podziela, ustawa nie wprowadza żadnych dodatkowych warunków dotyczących formy porozumienia, gdyż może ono dojść do skutku w każdej formie, nawet w sposób dorozumiany. Ważny jest jednak zamiar współdziałania z drugą osobą w wykonywaniu czynu zabronionego. Podobny pogląd zawarł Sąd Najwyższy w wyroku z dnia 12 grudnia 2002 roku w sprawie III KKN 371/2000 wskazując, że ustawa (<xLexLink xArt="art. 18;art. 18 § 1" xIsapId="WDU19970880553" xTitle="Ustawa z dnia 6 czerwca 1997 r. - Kodeks karny" xAddress="Dz. U. z 1997 r. Nr 88, poz. 553">art. 18 § 1 kk</xLexLink>) nie wprowadza żadnych dodatkowych warunków dotyczących formy porozumienia. Może do niego dojść nawet w sposób dorozumiany. Ważny jest zamiar współdziałania z drugą osobą w wykonaniu czynu zabronionego. Współdziałający nie muszą się bezpośrednio kontaktować, natomiast muszą mieć świadomość wspólnego wykonania czynu zabronionego, a zatem przynajmniej wiedzieć o sobie i zdawać sobie sprawę, że podejmowana czynność składa się na realizację wspólnie wykonywanej całości przedsięwzięcia. W ocenie Sądu istotne są również subiektywne odczucia pokrzywdzonego, który ocenił, że oskarżony<xAnon>D. N.</xAnon> działał w zmowie z drugim napastnikiem.</xText>
          <xText>Sąd orzekł wobec <xAnon>D. N.</xAnon> karę 2 lat pozbawienia wolności. W ocenie Sądu kara ta jest sprawiedliwa i adekwatna do stopnia zawinienia. W sprawie istnieje szereg okoliczności obciążających oskarżonego, przemawiających za wymierzeniem mu takiej kary. Podkreślenia wymaga, że oskarżony dopuścił się przestępstwa rozboju wykorzystując fakt, iż pokrzywdzony był sam i siedział na uboczu. Oskarżony, działając w celu popełnienia przestępstwa, nawiązał rozmowę z pokrzywdzonym i zaproponował wspólne spożywanie alkoholu. Wykorzystał w pewien sposób zaufanie pokrzywdzonego. Do realizacji planu dokonania zaboru <xAnon>D. N.</xAnon> wciągnął drugiego sprawcę, swojego znajomego, któremu następnie przekazał pieniądze wyciągnięte z kieszeni pokrzywdzonego. Takie zachowanie świadczy o determinacji oskarżonego w celu osiągnięcia korzyści majątkowej przy jednoczesnym braku szacunku dla drugiego człowieka i całkowitej pogardzie dla obowiązujących norm prawa i zasad współżycia społecznego. Ww. okoliczności a ponadto wykorzystanie przewagi fizycznej wynikające z działania wspólnie i w porozumieniu z inną nieustaloną osobą znacząco wpływają na ocenę Sądu o znacznym stopniu winy oskarżonego i społecznej szkodliwości czynu. Działał przy tym w sposób wybitnie agresywny, wielokrotnie uderzając pięściami oraz dusząc go doprowadzonego tym samym do bezbronności pokrzywdzonego.</xText>
          <xText>Istotną okolicznością obciążającą jest również uprzednia karalność oskarżonego. Oskarżony był już skazany uprzednio za przestępstwa z <xLexLink xArt="art. 280;art. 280 § 1" xIsapId="WDU19970880553" xTitle="Ustawa z dnia 6 czerwca 1997 r. - Kodeks karny" xAddress="Dz. U. z 1997 r. Nr 88, poz. 553">art. 280§1 kk</xLexLink> na karę pozbawienia wolności i pomimo tego popełnił kolejny czyn zabroniony. Świadczy to z jednej strony o demoralizacji oskarżonego, poczuciu bezkarności i pogardzie dla prawa, z drugiej zaś o niepodatności na wychowawcze oddziaływanie kary. Wobec takiej postawy oskarżonego zasadne jest silne uwzględnienie jej celów zapobiegawczych. Sąd nie dopatrzył się w sprawie okoliczności, które wskazywałyby na istnienie pozytywnej prognozy kryminologicznej w stosunku do oskarżonego i nakazywałyby rozważać możliwość warunkowego zawieszenia wykonania orzeczonej kary.</xText>
          <xText>Jako jedyną okoliczność łagodzącą Sąd wziął pod uwagę fakt, <xAnon>D. N.</xAnon> od początku przyznał się popełnienia czynu i nie podejmował działań zmierzających do uniknięcia odpowiedzialności karnej, przyznając się do sprawstwa już w trakcie legitymowania go przez funkcjonariuszy policji na terenie Dworca <xAnon>(...)</xAnon>. Wobec znacznego stopnia winy i społecznej szkodliwości czynu oskarżonego Sąd uznał, że wymierzona mu kara 2 lat pozbawienia wolności pozostaje w zgodzie z zasadami wymiaru kary, wskazanymi w <xLexLink xArt="art. 53;art. 53 § 1;art. 53 § 2" xIsapId="WDU19970880553" xTitle="Ustawa z dnia 6 czerwca 1997 r. - Kodeks karny" xAddress="Dz. U. z 1997 r. Nr 88, poz. 553">art. 53 §1 i 2 k.k.</xLexLink> Jednocześnie Sąd stanął na stanowisku, że należy nałożyć na oskarżonego obowiązek naprawienia szkody wyrządzonej przestępstwem w całości aby dodatkowo wzmóc społeczne oddziaływanie kary oraz uświadomić oskarżonemu konieczność zniwelowania przez niego negatywnych (chociażby tylko materialnych) skutków jego przestępnego działania.</xText>
          <xText>Sąd na podstawie <xLexLink xArt="art. 63;art. 63 § 1" xIsapId="WDU19970880553" xTitle="Ustawa z dnia 6 czerwca 1997 r. - Kodeks karny" xAddress="Dz. U. z 1997 r. Nr 88, poz. 553">art. 63 § 1 k.k.</xLexLink> zaliczył oskarżonemu na poczet kary okres rzeczywistego pozbawienia wolności w sprawie w postaci zatrzymania i tymczasowego aresztowania, a na podstawie <xLexLink xArt="art. 230;art. 230 § 2" xIsapId="WDU19970890555" xTitle="Ustawa z dnia 6 czerwca 1997 r. - Kodeks postępowania karnego" xAddress="Dz. U. z 1997 r. Nr 89, poz. 555">art. 230 § 2 k.p.k.</xLexLink> zwrócił osobom uprawnionym dowody rzeczowe po stwierdzeniu ich zbędności dla postępowania.</xText>
          <xText>Mając na uwadze orzeczenie bezwzględnej kary pozbawienia wolności, Sąd na podstawie <xLexLink xArt="art. 624;art. 624 § 1" xIsapId="WDU19970890555" xTitle="Ustawa z dnia 6 czerwca 1997 r. - Kodeks postępowania karnego" xAddress="Dz. U. z 1997 r. Nr 89, poz. 555">art. 624 § 1 k.p.k.</xLexLink> zwolnił oskarżonego od kosztów sądowych i obciążył nimi Skarb Państwa.</xText>
          <xText>Mając powyższe na uwadze, Sąd Rejonowy orzekł jak w sentencji wyroku.</xText>
        </xUnit>
      </xBlock>
    </xPart>
  </judgement>
<judgement id="150500000001006_II_AKa_000025_2013_Uz_2013-03-12_001">
    <xPart xEditorFullName="Monika Wojno" xYear="2013" xLang="PL" xPublisherFullName="Janina Partyniewicz" xFromPg="1" xEditor="mwojno" xVolType="15/050000/0001006/AKa" xPublisher="jpartyniewicz" xDocType="Uz" xVolNmbr="000025" xVersion="1.0" xToPage="10" xFlag="published">
      <xName>Wyrok+Uzasadnienie</xName>
      <xBlock>
        <xText>Sygn. akt II AKa 25/13</xText>
        
        <xUnit xIsTitle="true" xBold="true" xType="part">
          <xName>WYROK</xName>
          <xTitle>W IMIENIU RZECZYPOSPOLITEJ POLSKIEJ</xTitle>
          <xText xALIGNx="right">       Dnia 12 marca 2013 r.</xText>
          
          <xText>Sąd Apelacyjny w Białymstoku w II Wydziale Karnym w składzie</xText>
          
          <xRows>
            <xCOLGROUPx>
              <xCOLx xWIDTHx="269"/>
              <xCOLx xWIDTHx="441"/>
            </xCOLGROUPx>
            <xRow>
              <xClmn xALIGNx="left" xVALIGNx="top">
                <xText xALIGNx="right">Przewodniczący</xText>
              </xClmn>
              <xClmn xALIGNx="left" xVALIGNx="top">
                <xText>SSA Nadzieja Surowiec</xText>
              </xClmn>
            </xRow>
            <xRow>
              <xClmn xALIGNx="left" xVALIGNx="top">
                <xText xALIGNx="right">Sędziowie</xText>
              </xClmn>
              <xClmn xALIGNx="left" xVALIGNx="top">
                <xText>SSA Halina Czaban</xText>
                <xText>SSA Andrzej Czapka (spr.)</xText>
              </xClmn>
            </xRow>
            <xRow>
              <xClmn xALIGNx="left" xVALIGNx="top">
                <xText xALIGNx="right">Protokolant</xText>
              </xClmn>
              <xClmn xALIGNx="left" xVALIGNx="top">
                <xText>Monika Wojno</xText>
              </xClmn>
            </xRow>
          </xRows>
          
          <xText>przy udziale Małgorzaty Gasińskiej-Werpachowskiej - Prokuratora Prokuratury Apelacyjnej w Białymstoku</xText>
          
          <xText>po rozpoznaniu w dniu 12 marca 2013 r.</xText>
          <xText>sprawy</xText>
          <xUnit xIsTitle="false" xType="none">
            <xName xSffx=")">1</xName>
            <xText>
              <xBx>
                <xAnon>R. K.</xAnon>
              </xBx>
            </xText>
          </xUnit>
          <xText>oskarżonego z <xLexLink xArt="art. 13;art. 13 § 1" xIsapId="WDU19970880553" xTitle="Ustawa z dnia 6 czerwca 1997 r. - Kodeks karny" xAddress="Dz. U. z 1997 r. Nr 88, poz. 553">art. 13 § 1 kk</xLexLink> w zw. z <xLexLink xArt="art. 280;art. 280 § 2" xIsapId="WDU19970880553" xTitle="Ustawa z dnia 6 czerwca 1997 r. - Kodeks karny" xAddress="Dz. U. z 1997 r. Nr 88, poz. 553">art. 280 § 2 kk</xLexLink></xText>
          <xUnit xIsTitle="false" xType="none">
            <xName xSffx=")">2</xName>
            <xText>
              <xBx><xAnon>D. M.</xAnon> s. <xAnon>A.</xAnon></xBx>
            </xText>
          </xUnit>
          <xText>oskarżonego z <xLexLink xArt="art. 13;art. 13 § 1" xIsapId="WDU19970880553" xTitle="Ustawa z dnia 6 czerwca 1997 r. - Kodeks karny" xAddress="Dz. U. z 1997 r. Nr 88, poz. 553">art. 13 § 1 kk</xLexLink> w zw. z <xLexLink xArt="art. 280;art. 280 § 2" xIsapId="WDU19970880553" xTitle="Ustawa z dnia 6 czerwca 1997 r. - Kodeks karny" xAddress="Dz. U. z 1997 r. Nr 88, poz. 553">art. 280 § 2 kk</xLexLink> w zw. z <xLexLink xArt="art. 64;art. 64 § 1" xIsapId="WDU19970880553" xTitle="Ustawa z dnia 6 czerwca 1997 r. - Kodeks karny" xAddress="Dz. U. z 1997 r. Nr 88, poz. 553">art. 64 § 1 kk</xLexLink></xText>
          <xUnit xIsTitle="false" xType="none">
            <xName xSffx=")">3</xName>
            <xText>
              <xBx><xAnon>D. P.</xAnon> s. <xAnon>H.</xAnon></xBx>
            </xText>
          </xUnit>
          <xText>oskarżonego z <xLexLink xArt="art. 13;art. 13 § 1" xIsapId="WDU19970880553" xTitle="Ustawa z dnia 6 czerwca 1997 r. - Kodeks karny" xAddress="Dz. U. z 1997 r. Nr 88, poz. 553">art. 13 § 1 kk</xLexLink> w zw. z <xLexLink xArt="art. 280;art. 280 § 2" xIsapId="WDU19970880553" xTitle="Ustawa z dnia 6 czerwca 1997 r. - Kodeks karny" xAddress="Dz. U. z 1997 r. Nr 88, poz. 553">art. 280 § 2 kk</xLexLink> w zw. z <xLexLink xArt="art. 64;art. 64 § 1" xIsapId="WDU19970880553" xTitle="Ustawa z dnia 6 czerwca 1997 r. - Kodeks karny" xAddress="Dz. U. z 1997 r. Nr 88, poz. 553">art. 64 § 1 kk</xLexLink></xText>
          <xText>z powodu apelacji wniesionych przez prokuratora i obrońcę oskarżonego <xAnon>D. P.</xAnon></xText>
          <xText>od wyroku Sądu Okręgowego w Olsztynie</xText>
          <xText>z dnia 6 grudnia 2012 r. sygn. akt II K 184/12</xText>
          <xUnit xIsTitle="false" xType="none">
            <xName xSffx=".">I</xName>
            <xText>zmienia zaskarżony wyrok:</xText>
            <xUnit xIsTitle="false" xType="none">
              <xName xSffx=")">1</xName>
              <xText>w stosunku do oskarżonego <xAnon>D. P.</xAnon> w ten sposób, że:</xText>
              <xUnit xIsTitle="false" xType="none">
                <xName xSffx=")">a</xName>
                <xText>uchyla karę łączną pozbawienia wolności,</xText>
              </xUnit>
              <xUnit xIsTitle="false" xType="none">
                <xName xSffx=")">b</xName>
                <xText>łagodzi orzeczoną karę w pkt 1 do 3 (trzech) lat pozbawienia wolności,</xText>
              </xUnit>
              <xUnit xIsTitle="false" xType="none">
                <xName xSffx=")">c</xName>
                <xText>na podstawie <xLexLink xArt="art. 85" xIsapId="WDU19970880553" xTitle="Ustawa z dnia 6 czerwca 1997 r. - Kodeks karny" xAddress="Dz. U. z 1997 r. Nr 88, poz. 553">art. 85 kk</xLexLink> i <xLexLink xArt="art. 86;art. 86 § 1" xIsapId="WDU19970880553" xTitle="Ustawa z dnia 6 czerwca 1997 r. - Kodeks karny" xAddress="Dz. U. z 1997 r. Nr 88, poz. 553">86§1 kk</xLexLink> orzeka karę łączną pozbawienia wolności w wysokości 3 (trzech) lat,</xText>
              </xUnit>
            </xUnit>
          </xUnit>
          <xUnit xIsTitle="false" xType="none">
            <xName xSffx=")">2</xName>
            <xText>w <xLexLink xArt="art. 230 § 2 pkt. 7" xIsapId="WDU19970890555" xTitle="Ustawa z dnia 6 czerwca 1997 r. - Kodeks postępowania karnego" xAddress="Dz. U. z 1997 r. Nr 89, poz. 555">pkt 7</xLexLink> w ten sposób, że opisane przedmioty na podstawie <xLexLink xArt="art. 230;art. 230 § 2" xIsapId="WDU19970890555" xTitle="Ustawa z dnia 6 czerwca 1997 r. - Kodeks postępowania karnego" xAddress="Dz. U. z 1997 r. Nr 89, poz. 555">art. 230§2 kpk</xLexLink> nakazuje zwrócić <xAnon>G. K.</xAnon>,</xText>
          </xUnit>
          <xUnit xIsTitle="false" xType="none">
            <xName xSffx=".">II</xName>
            <xText>w pozostałej części zaskarżony wyrok utrzymuje w mocy,</xText>
          </xUnit>
          <xUnit xIsTitle="false" xType="none">
            <xName xSffx=".">III</xName>
            <xText>zasądza od Skarbu Państwa na rzecz adw. <xAnon>A. Z.</xAnon>, adw. <xAnon>M. J.</xAnon> i adw. <xAnon>R. P.</xAnon> kwoty po 738 zł, w tym 138 zł należnego podatku VAT, tytułem wynagrodzenia za obronę oskarżonych z urzędu w postępowaniu odwoławczym oraz na rzecz adw. <xAnon>R. P.</xAnon> kwotę 435 zł, adw. <xAnon>M. J.</xAnon> kwotę 417,90 zł tytułem zwrotu kosztów dojazdu.</xText>
          </xUnit>
          <xUnit xIsTitle="false" xType="none">
            <xName xSffx=".">IV</xName>
            <xText>Zwalnia oskarżonych od kosztów sądowych za II instancję.</xText>
          </xUnit>
        </xUnit>
        <xUnit xIsTitle="true" xBold="true" xType="part">
          <xName>UZASADNIENIE</xName>
          <xText><xBx><xAnon>R. K.</xAnon>, <xAnon>D. M.</xAnon> i <xAnon>D. P.</xAnon></xBx> zostali oskarżeni o to, że:</xText>
          <xText><xBx>
    
    
      I.</xBx> w dniu 04 lipca 2012 r. w <xAnon>L.</xAnon>, woj. <xAnon>(...)</xAnon>, działając wspólnie i w porozumieniu, usiłowali dokonać rozboju w ten sposób, że po uprzednim zastosowaniu przemocy wobec pracownika <xAnon> sklepu (...)</xAnon> polegającej na złapaniu i przytrzymywaniu za rękę oraz posługując się nożem i grożąc ww. pozbawieniem życia i zdrowia poprzez przyłożenie noża do szyi, usiłowali dokonać zaboru w celu przywłaszczenia pieniędzy znajdujących się w kasie wymienionego sklepu w kwocie około 70 zł, lecz zamierzonego celu nie osiągnęli ze względu na postawę obronną pokrzywdzonej, czym działali na szkodę ww. oraz właścicielki <xAnon> sklepu – (...)</xAnon>, przy czym <xAnon>D. M.</xAnon> czynu tego dopuścił się w ciągu pięciu lat po odbyciu co najmniej 6 miesięcy kary pozbawienia wolności orzeczonej za podobne przestępstwo umyślne wyrokiem Sądu Rejonowego w Bartoszycach Roki Sądowe w Lidzbarku Warmińskim z dnia 13 lutego 2004 roku, sygn. akt II K 89/03R, za czyn z <xLexLink xArt="art. 279;art. 279 § 1" xIsapId="WDU19970880553" xTitle="Ustawa z dnia 6 czerwca 1997 r. - Kodeks karny" xAddress="Dz. U. z 1997 r. Nr 88, poz. 553">art. 279 § 1 kk</xLexLink> i <xLexLink xArt="art. 13;art. 13 § 1" xIsapId="WDU19970880553" xTitle="Ustawa z dnia 6 czerwca 1997 r. - Kodeks karny" xAddress="Dz. U. z 1997 r. Nr 88, poz. 553">art. 13 §1 kk</xLexLink> w zw. z <xLexLink xArt="art. 279;art. 279 § 1" xIsapId="WDU19970880553" xTitle="Ustawa z dnia 6 czerwca 1997 r. - Kodeks karny" xAddress="Dz. U. z 1997 r. Nr 88, poz. 553">art. 279 § 1 kk</xLexLink> przy zastosowaniu <xLexLink xArt="art. 12" xIsapId="WDU19970880553" xTitle="Ustawa z dnia 6 czerwca 1997 r. - Kodeks karny" xAddress="Dz. U. z 1997 r. Nr 88, poz. 553">art. 12 kk</xLexLink>, która odbywał w okresie od 18.07.2008 r. do 11.02.2009 r., natomiast <xAnon>D. P.</xAnon> czynu tego dopuścił się w ciągu pięciu lat po odbyciu co najmniej 6 miesięcy kary pozbawienia wolności orzeczonej za podobne przestępstwo umyślne wyrokiem Sądu Rejonowego w Lidzbarku Warmińskim z dnia 11 kwietnia 2005 roku, sygn. akt II K 75/05, za czyn z <xLexLink xArt="art. 278;art. 278 § 1" xIsapId="WDU19970880553" xTitle="Ustawa z dnia 6 czerwca 1997 r. - Kodeks karny" xAddress="Dz. U. z 1997 r. Nr 88, poz. 553">art. 278 § 1 kk</xLexLink>, którą odbywał w okresie od 04.01.2012 r. do 29.06.2012 r., z zaliczeniem okresów od 18.10.2004 r. do 18.10.2004 r. oraz od 16.11.2010 r. do 17.03.2011 r.,</xText>
          <xText>
            <xBx>tj. o czyn:</xBx>
          </xText>
          <xText>
            <xBx>wobec <xAnon>R. K.</xAnon> z <xLexLink xArt="art. 13;art. 13 § 1" xIsapId="WDU19970880553" xTitle="Ustawa z dnia 6 czerwca 1997 r. - Kodeks karny" xAddress="Dz. U. z 1997 r. Nr 88, poz. 553">art. 13 § 1 kk</xLexLink> w zw. z <xLexLink xArt="art. 280;art. 280 § 2" xIsapId="WDU19970880553" xTitle="Ustawa z dnia 6 czerwca 1997 r. - Kodeks karny" xAddress="Dz. U. z 1997 r. Nr 88, poz. 553">art. 280 § 2 k.k.</xLexLink>,</xBx>
          </xText>
          <xText>
            <xBx>a wobec <xAnon>D. M.</xAnon> i <xAnon>D. P.</xAnon> z <xLexLink xArt="art. 13;art. 13 § 1" xIsapId="WDU19970880553" xTitle="Ustawa z dnia 6 czerwca 1997 r. - Kodeks karny" xAddress="Dz. U. z 1997 r. Nr 88, poz. 553">art. 13 § 1 kk</xLexLink> w zw. z <xLexLink xArt="art. 280;art. 280 § 2" xIsapId="WDU19970880553" xTitle="Ustawa z dnia 6 czerwca 1997 r. - Kodeks karny" xAddress="Dz. U. z 1997 r. Nr 88, poz. 553">art. 280 § 2 k.k.</xLexLink> w zw. z <xLexLink xArt="art. 64;art. 64 § 1;art. 64 § 3" xIsapId="WDU19970880553" xTitle="Ustawa z dnia 6 czerwca 1997 r. - Kodeks karny" xAddress="Dz. U. z 1997 r. Nr 88, poz. 553">art. 64 § 1 i 3 kk</xLexLink></xBx>
          </xText>
          
          <xText>
            <xBx>a nadto <xAnon>D. P.</xAnon></xBx>
          </xText>
          <xText>o to, że:</xText>
          <xText><xBx>
      II.</xBx> w dniu 04 lipca 2012 r. w <xAnon>L.</xAnon>, woj. <xAnon>(...)</xAnon>, wykorzystując uchylone okno w domu przy <xAnon>ul. (...)</xAnon> przedostał się do jego wnętrza skąd dokonał zaboru w celu przywłaszczenia koszulki sportowej koloru białego o wartości 50 zł, nóż duński wartości 30 zł, dwa swetry o wartości 140 zł, spodenki wartości 70 zł, ręcznik wartości 10 zł, wszystko o łącznej wartości 300 zł na szkodę <xAnon>G. K.</xAnon>, przy czym czynu tego dopuścił się w ciągu pięciu lat po odbyciu co najmniej 6 miesięcy kary pozbawienia wolności orzeczonej za podobne przestępstwo umyślne wyrokiem Sądu Rejonowego w Lidzbarku Warmińskim z dnia 11 kwietnia 2005 roku, sygn. akt II K 75/05, za czyn z <xLexLink xArt="art. 278;art. 278 § 1" xIsapId="WDU19970880553" xTitle="Ustawa z dnia 6 czerwca 1997 r. - Kodeks karny" xAddress="Dz. U. z 1997 r. Nr 88, poz. 553">art. 278 § 1 kk</xLexLink>, którą odbywał w okresie od 04.01.2012 r. do 29.06.2012 r., z zaliczeniem okresów od 18.10.2004 r. do 18.10.2004 r. oraz od 16.11.2010 r. do 17.03.2011r.,</xText>
          <xText>
            <xBx>tj. o czyn z <xLexLink xArt="art. 278;art. 278 § 1" xIsapId="WDU19970880553" xTitle="Ustawa z dnia 6 czerwca 1997 r. - Kodeks karny" xAddress="Dz. U. z 1997 r. Nr 88, poz. 553">art. 278 § 1 kk</xLexLink> w zw. z <xLexLink xArt="art. 64;art. 64 § 1" xIsapId="WDU19970880553" xTitle="Ustawa z dnia 6 czerwca 1997 r. - Kodeks karny" xAddress="Dz. U. z 1997 r. Nr 88, poz. 553">art. 64 § 1 kk</xLexLink>.</xBx>
          </xText>
          
          <xText>Sąd Okręgowy w Olsztynie wyrokiem z dnia 6 grudnia 2012r. sygn.akt II K 184/12</xText>
          <xUnit xIsTitle="false" xType="none">
            <xName xSffx=".">1</xName>
            <xText>oskarżonych <xBx><xAnon>R. K.</xAnon>, <xAnon>D. M.</xAnon>, <xAnon>D. P.</xAnon></xBx>uznał za winnych popełnienia zarzucanego im w pkt. I czynu i za to:</xText>
          </xUnit>
          <xText>- <xBx><xAnon>R. K.</xAnon></xBx> z mocy <xLexLink xArt="art. 13;art. 13 § 1" xIsapId="WDU19970880553" xTitle="Ustawa z dnia 6 czerwca 1997 r. - Kodeks karny" xAddress="Dz. U. z 1997 r. Nr 88, poz. 553">art. 13 § 1 kk</xLexLink> w zw. z <xLexLink xArt="art. 280;art. 280 § 2" xIsapId="WDU19970880553" xTitle="Ustawa z dnia 6 czerwca 1997 r. - Kodeks karny" xAddress="Dz. U. z 1997 r. Nr 88, poz. 553">art. 280 § 2 k.k.</xLexLink>, opierając wymiar kary o <xLexLink xArt="art. 280;art. 280 § 2" xIsapId="WDU19970880553" xTitle="Ustawa z dnia 6 czerwca 1997 r. - Kodeks karny" xAddress="Dz. U. z 1997 r. Nr 88, poz. 553">art. 280 § 2 k.k.</xLexLink> w zw. z <xLexLink xArt="art. 14;art. 14 § 1" xIsapId="WDU19970880553" xTitle="Ustawa z dnia 6 czerwca 1997 r. - Kodeks karny" xAddress="Dz. U. z 1997 r. Nr 88, poz. 553">art. 14 § 1 k.k.</xLexLink> przy zastosowaniu <xLexLink xArt="art. 60;art. 60 § 2;art. 60 § 6;art. 60 § 6 pkt. 2" xIsapId="WDU19970880553" xTitle="Ustawa z dnia 6 czerwca 1997 r. - Kodeks karny" xAddress="Dz. U. z 1997 r. Nr 88, poz. 553">art. 60 § 2 i § 6 pkt 2 k.k.</xLexLink> skazał go na karę 2 (dwóch) lat pozbawienia wolności,</xText>
          <xText>- <xBx><xAnon>D. M.</xAnon></xBx> z mocy <xLexLink xArt="art. 13;art. 13 § 1" xIsapId="WDU19970880553" xTitle="Ustawa z dnia 6 czerwca 1997 r. - Kodeks karny" xAddress="Dz. U. z 1997 r. Nr 88, poz. 553">art. 13 § 1 kk</xLexLink> w zw. z <xLexLink xArt="art. 280;art. 280 § 2" xIsapId="WDU19970880553" xTitle="Ustawa z dnia 6 czerwca 1997 r. - Kodeks karny" xAddress="Dz. U. z 1997 r. Nr 88, poz. 553">art. 280 § 2 k.k.</xLexLink> w zw. z <xLexLink xArt="art. 64;art. 64 § 1;art. 64 § 3" xIsapId="WDU19970880553" xTitle="Ustawa z dnia 6 czerwca 1997 r. - Kodeks karny" xAddress="Dz. U. z 1997 r. Nr 88, poz. 553">art. 64 § 1 i 3 kk</xLexLink>, opierając wymiar kary o <xLexLink xArt="art. 280;art. 280 § 2" xIsapId="WDU19970880553" xTitle="Ustawa z dnia 6 czerwca 1997 r. - Kodeks karny" xAddress="Dz. U. z 1997 r. Nr 88, poz. 553">art. 280 § 2 kk</xLexLink> w zw. z <xLexLink xArt="art. 14;art. 14 § 1" xIsapId="WDU19970880553" xTitle="Ustawa z dnia 6 czerwca 1997 r. - Kodeks karny" xAddress="Dz. U. z 1997 r. Nr 88, poz. 553">art. 14 § 1 kk</xLexLink> skazał go na karę 3 (trzech) lat pozbawienia wolności,</xText>
          <xText>- <xBx><xAnon>D. P.</xAnon></xBx> z mocy <xLexLink xArt="art. 13;art. 13 § 1" xIsapId="WDU19970880553" xTitle="Ustawa z dnia 6 czerwca 1997 r. - Kodeks karny" xAddress="Dz. U. z 1997 r. Nr 88, poz. 553">art. 13 § 1 kk</xLexLink> w zw. z <xLexLink xArt="art. 280;art. 280 § 2" xIsapId="WDU19970880553" xTitle="Ustawa z dnia 6 czerwca 1997 r. - Kodeks karny" xAddress="Dz. U. z 1997 r. Nr 88, poz. 553">art. 280 § 2 kk</xLexLink> w zw. z <xLexLink xArt="art. 64;art. 64 § 1;art. 64 § 3" xIsapId="WDU19970880553" xTitle="Ustawa z dnia 6 czerwca 1997 r. - Kodeks karny" xAddress="Dz. U. z 1997 r. Nr 88, poz. 553">art. 64 § 1 i 3 kk</xLexLink>, opierając wymiar kary o <xLexLink xArt="art. 280;art. 280 § 2" xIsapId="WDU19970880553" xTitle="Ustawa z dnia 6 czerwca 1997 r. - Kodeks karny" xAddress="Dz. U. z 1997 r. Nr 88, poz. 553">art. 280 § 2 kk</xLexLink> w zw. z <xLexLink xArt="art. 14;art. 14 § 1" xIsapId="WDU19970880553" xTitle="Ustawa z dnia 6 czerwca 1997 r. - Kodeks karny" xAddress="Dz. U. z 1997 r. Nr 88, poz. 553">art. 14 § 1 kk</xLexLink> skazał go na karę 4 (czterech) lat pozbawienia wolności,</xText>
          <xUnit xIsTitle="false" xType="none">
            <xName xSffx=".">2</xName>
            <xText>oskarżonego <xBx><xAnon>D. P.</xAnon></xBx> uznał za winnego popełnienia zarzucanego mu w <xLexLink xArt="art. 278 § 1 pkt. 2" xIsapId="WDU19970880553" xTitle="Ustawa z dnia 6 czerwca 1997 r. - Kodeks karny" xAddress="Dz. U. z 1997 r. Nr 88, poz. 553">pkt. II</xLexLink> czynu i za to z mocy z <xLexLink xArt="art. 278;art. 278 § 1" xIsapId="WDU19970880553" xTitle="Ustawa z dnia 6 czerwca 1997 r. - Kodeks karny" xAddress="Dz. U. z 1997 r. Nr 88, poz. 553">art. 278 § 1 kk</xLexLink> w zw. z <xLexLink xArt="art. 64;art. 64 § 1" xIsapId="WDU19970880553" xTitle="Ustawa z dnia 6 czerwca 1997 r. - Kodeks karny" xAddress="Dz. U. z 1997 r. Nr 88, poz. 553">art. 64 § 1 kk</xLexLink>, opierając wymiar kary o <xLexLink xArt="art. 278;art. 278 § 1" xIsapId="WDU19970880553" xTitle="Ustawa z dnia 6 czerwca 1997 r. - Kodeks karny" xAddress="Dz. U. z 1997 r. Nr 88, poz. 553">art. 278 § 1 kk</xLexLink> skazał go na karę 8 (ośmiu) miesięcy pozbawienia wolności;</xText>
          </xUnit>
          <xUnit xIsTitle="false" xType="none">
            <xName xSffx=".">3</xName>
            <xText>na podstawie <xLexLink xArt="art. 85" xIsapId="WDU19970880553" xTitle="Ustawa z dnia 6 czerwca 1997 r. - Kodeks karny" xAddress="Dz. U. z 1997 r. Nr 88, poz. 553">art.85 k.k.</xLexLink> i <xLexLink xArt="art. 86;art. 86 § 1" xIsapId="WDU19970880553" xTitle="Ustawa z dnia 6 czerwca 1997 r. - Kodeks karny" xAddress="Dz. U. z 1997 r. Nr 88, poz. 553">art.86 § 1 k.k.</xLexLink>, w miejsce jednostkowych kar pozbawienia wolności orzeczonych wobec <xBx><xAnon>D. P.</xAnon></xBx> wymierzył karę łączną 4 (czterech) lat pozbawienia wolności;</xText>
          </xUnit>
          <xUnit xIsTitle="false" xType="none">
            <xName xSffx=".">4</xName>
            <xText>na podstawie <xLexLink xArt="art. 69;art. 69 § 1" xIsapId="WDU19970880553" xTitle="Ustawa z dnia 6 czerwca 1997 r. - Kodeks karny" xAddress="Dz. U. z 1997 r. Nr 88, poz. 553">art. 69 § 1 k.k.</xLexLink>, <xLexLink xArt="art. 70;art. 70 § 2" xIsapId="WDU19970880553" xTitle="Ustawa z dnia 6 czerwca 1997 r. - Kodeks karny" xAddress="Dz. U. z 1997 r. Nr 88, poz. 553">art. 70 § 2 k.k.</xLexLink> i <xLexLink xArt="art. 73;art. 73 § 2" xIsapId="WDU19970880553" xTitle="Ustawa z dnia 6 czerwca 1997 r. - Kodeks karny" xAddress="Dz. U. z 1997 r. Nr 88, poz. 553">art. 73 § 2 k.k.</xLexLink> wykonanie orzeczonej kary pozbawienia wolności warunkowo zawiesił oskarżonemu <xBx><xAnon>R. K.</xAnon></xBx> tytułem próby na okres lat 5 (pięciu), oddając go w tym czasie pod dozór kuratora;</xText>
          </xUnit>
          <xText>na podstawie <xLexLink xArt="art. 63;art. 63 § 1" xIsapId="WDU19970880553" xTitle="Ustawa z dnia 6 czerwca 1997 r. - Kodeks karny" xAddress="Dz. U. z 1997 r. Nr 88, poz. 553">art. 63 § 1 k.k.</xLexLink> na poczet orzeczonej kary łącznej pozbawienia wolności zaliczył oskarżonemu <xBx><xAnon>D. P.</xAnon></xBx> okres zatrzymania i tymczasowego aresztowania od dnia 05 lipca 2012 r. do dnia 06 grudnia 2012 r., a <xBx><xAnon>D. M.</xAnon></xBx> od dnia 02 września 2012 r. do dnia 06 grudnia 2012r.;</xText>
          <xUnit xIsTitle="false" xType="none">
            <xName xSffx=".">5</xName>
            <xText>na podstawie <xLexLink xArt="art. 230;art. 230 § 2" xIsapId="WDU19970890555" xTitle="Ustawa z dnia 6 czerwca 1997 r. - Kodeks postępowania karnego" xAddress="Dz. U. z 1997 r. Nr 89, poz. 555">art. 230 § 2 k.p.k.</xLexLink> nakazał zwrócić <xAnon>G. K.</xAnon> dowody rzeczowe w postaci: spodni dresowych koloru ciemnego marki <xAnon>U.</xAnon>, swetra koloru zielonego z wzorami, ręcznika wykonanego z materiału koloru zielonego - zapisane pod numerem 34/12 księgi przechowywanych przedmiotów Sądu Okręgowego w Olsztynie;</xText>
          </xUnit>
          <xUnit xIsTitle="false" xType="none">
            <xName xSffx=".">6</xName>
            <xText>na podstawie <xLexLink xArt="art. 231;art. 231 § 1" xIsapId="WDU19970890555" xTitle="Ustawa z dnia 6 czerwca 1997 r. - Kodeks postępowania karnego" xAddress="Dz. U. z 1997 r. Nr 89, poz. 555">art. 231 § 1 k.p.k.</xLexLink> dowody rzeczowe w postaci: spodni dresowych koloru szarego, bluzy rozpinanej koloru czarnego z kapturem - zapisane pod numerem 34/12 księgi przechowywanych przedmiotów Sądu Okręgowego w Olsztynie, złożył do depozytu Sądu Okręgowego w Olsztynie;</xText>
          </xUnit>
          <xUnit xIsTitle="false" xType="none">
            <xName xSffx=".">7</xName>
            <xText>na podstawie <xLexLink xArt="art. 44;art. 44 § 2" xIsapId="WDU19970880553" xTitle="Ustawa z dnia 6 czerwca 1997 r. - Kodeks karny" xAddress="Dz. U. z 1997 r. Nr 88, poz. 553">art. 44 § 2 k.k.</xLexLink> orzekł przepadek na rzecz Skarbu Państwa dowodów rzeczowych w postaci: 2 szt. fragmentów koszulki koloru białego, rozdartej koszuli koloru białego - przez zniszczenie - zapisanych pod numerem 34/12 księgi przechowywanych przedmiotów Sądu Okręgowego w Olsztynie;</xText>
          </xUnit>
          <xUnit xIsTitle="false" xType="none">
            <xName xSffx=".">8</xName>
            <xText>na podstawie <xLexLink xArt="art. 46;art. 46 § 1" xIsapId="WDU19970880553" xTitle="Ustawa z dnia 6 czerwca 1997 r. - Kodeks karny" xAddress="Dz. U. z 1997 r. Nr 88, poz. 553">art. 46 § 1 k.k.</xLexLink> zobowiązał oskarżonego <xAnon>D. P.</xAnon> do naprawienia szkody wyrządzonej przestępstwem poprzez zapłatę kwoty 140 zł na rzecz <xAnon>G. K.</xAnon>;</xText>
          </xUnit>
          <xUnit xIsTitle="false" xType="none">
            <xName xSffx=".">9</xName>
            <xText>zasądził od Skarbu Państwa na rzecz adw. <xAnon>A. Z.</xAnon> kwotę 600 (sześćset) zł powiększoną o należny podatek VAT w stawce 23 %, tytułem wynagrodzenia za obronę oskarżonego <xAnon>R. K.</xAnon> wykonywaną z urzędu w postępowaniu sądowym, na rzecz adw. <xAnon>M. J.</xAnon> kwotę 300 (trzysta) zł powiększoną o podatek VAT w stawce 23% za obronę wykonywaną z urzędu w postępowaniu przygotowawczym oraz kwotę 600 (sześćset) zł powiększoną o należny podatek VAT w stawce 23 %, tytułem wynagrodzenia za obronę oskarżonego <xAnon>D. M.</xAnon> wykonywaną z urzędu w postępowaniu sądowym, na rzecz adw. <xAnon>R. P.</xAnon> kwotę 300 (trzysta) zł powiększoną o podatek VAT w stawce 23% za obronę wykonywaną z urzędu w postępowaniu przygotowawczym oraz kwotę 600 (sześćset) zł powiększoną o należny podatek VAT w stawce 23 %, tytułem wynagrodzenia za obronę oskarżonego <xAnon>D. P.</xAnon> wykonywaną z urzędu w postępowaniu sądowym;</xText>
          </xUnit>
          <xUnit xIsTitle="false" xType="none">
            <xName xSffx=".">10</xName>
            <xText>na podstawie <xLexLink xArt="art. 633" xIsapId="WDU19970890555" xTitle="Ustawa z dnia 6 czerwca 1997 r. - Kodeks postępowania karnego" xAddress="Dz. U. z 1997 r. Nr 89, poz. 555">art. 633 k.p.k.</xLexLink>, <xLexLink xArt="art. 627" xIsapId="WDU19970890555" xTitle="Ustawa z dnia 6 czerwca 1997 r. - Kodeks postępowania karnego" xAddress="Dz. U. z 1997 r. Nr 89, poz. 555">627 k.p.k.</xLexLink> i <xLexLink xArt="art. 626;art. 626 § 1" xIsapId="WDU19970890555" xTitle="Ustawa z dnia 6 czerwca 1997 r. - Kodeks postępowania karnego" xAddress="Dz. U. z 1997 r. Nr 89, poz. 555">art. 626 § 1 k.p.k.</xLexLink> i <xLexLink xArt="art. 2;art. 2 ust. 1;art. 2 ust. 1 pkt. 4" xIsapId="WDU19730270152" xTitle="Ustawa z dnia 23 czerwca 1973 r. o opłatach w sprawach karnych" xAddress="Dz. U. z 1973 r. Nr 27, poz. 152">art. 2 ust. 1 pkt 4 ustawy o opłatach w sprawach karnych</xLexLink> (Dz. U. z 1973r, nr 27, poz. 152) zasądził od oskarżonego <xAnon>R. K.</xAnon> na rzecz Skarbu Państwa koszty sądowe w sprawie w 1/3 części i wymierzył opłatę w wysokości 300 zł, a na mocy <xLexLink xArt="art. 624;art. 624 § 1" xIsapId="WDU19970890555" xTitle="Ustawa z dnia 6 czerwca 1997 r. - Kodeks postępowania karnego" xAddress="Dz. U. z 1997 r. Nr 89, poz. 555">art. 624 § 1 k.p.k.</xLexLink> zwolnił pozostałych oskarżonych w całości od zapłaty na rzecz Skarbu Państwa kosztów sądowych.</xText>
          </xUnit>
          
          <xText><xBx>Apelacje</xBx> od powyższego wyroku wnieśli prokurator i obrońca oskarżonego <xAnon>D. P.</xAnon>.</xText>
          
          <xText><xBx>Prokurator </xBx>na podstawie <xLexLink xArt="art. 425;art. 425 § 1;art. 425 § 2" xIsapId="WDU19970890555" xTitle="Ustawa z dnia 6 czerwca 1997 r. - Kodeks postępowania karnego" xAddress="Dz. U. z 1997 r. Nr 89, poz. 555">art. 425§1 i 2 kpk</xLexLink> oraz <xLexLink xArt="art. 444" xIsapId="WDU19970890555" xTitle="Ustawa z dnia 6 czerwca 1997 r. - Kodeks postępowania karnego" xAddress="Dz. U. z 1997 r. Nr 89, poz. 555">art. 444 kpk</xLexLink> zaskarżył wyrok w części dotyczącej orzeczenia o karze na niekorzyść oskarżonych <xAnon>R. K.</xAnon>, <xAnon>D. M.</xAnon> i <xAnon>D. P.</xAnon> i na podstawie <xLexLink xArt="art. 427;art. 427 § 2" xIsapId="WDU19970890555" xTitle="Ustawa z dnia 6 czerwca 1997 r. - Kodeks postępowania karnego" xAddress="Dz. U. z 1997 r. Nr 89, poz. 555">art. 427§2 kpk</xLexLink> i <xLexLink xArt="art. 438;art. 438 pkt. 1;art. 438 pkt. 4" xIsapId="WDU19970890555" xTitle="Ustawa z dnia 6 czerwca 1997 r. - Kodeks postępowania karnego" xAddress="Dz. U. z 1997 r. Nr 89, poz. 555">art. 438 pkt 1 i 4 kpk</xLexLink> zarzucił:</xText>
          <xText>1)obrazę przepisów prawa materialnego, tj. <xLexLink xArt="art. 60;art. 60 § 1" xIsapId="WDU19970880553" xTitle="Ustawa z dnia 6 czerwca 1997 r. - Kodeks karny" xAddress="Dz. U. z 1997 r. Nr 88, poz. 553">art. 60§1 kk</xLexLink> poprzez zastosowanie wobec <xAnon>R. K.</xAnon> nadzwyczajnego złagodzenia kary na podstawie <xLexLink xArt="art. 60;art. 60 § 1;art. 60 § 6;art. 60 § 6 pkt. 2" xIsapId="WDU19970880553" xTitle="Ustawa z dnia 6 czerwca 1997 r. - Kodeks karny" xAddress="Dz. U. z 1997 r. Nr 88, poz. 553">art. 60§1 i §6 pkt 2 kk</xLexLink>, zamiast także na podstawie <xLexLink xArt="art. 60;art. 60 § 1" xIsapId="WDU19970880553" xTitle="Ustawa z dnia 6 czerwca 1997 r. - Kodeks karny" xAddress="Dz. U. z 1997 r. Nr 88, poz. 553">art. 60§1 kk</xLexLink>, w sytuacji gdy jest to sprawca młodociany i przemawiają za tym względy wychowawcze,</xText>
          <xText>2)obrazę przepisów prawa materialnego, tj. <xLexLink xArt="art. 44;art. 44 § 2;art. 44 § 5;art. 44 § 7" xIsapId="WDU19970890555" xTitle="Ustawa z dnia 6 czerwca 1997 r. - Kodeks postępowania karnego" xAddress="Dz. U. z 1997 r. Nr 89, poz. 555">art. 44§2, 5 i 7 kpk</xLexLink>, poprzez orzeczenie na podstawie <xLexLink xArt="art. 44;art. 44 § 2" xIsapId="WDU19970880553" xTitle="Ustawa z dnia 6 czerwca 1997 r. - Kodeks karny" xAddress="Dz. U. z 1997 r. Nr 88, poz. 553">art. 44§2 kk</xLexLink> przepadku na rzecz Skarbu Państwa dowodów rzeczowych w postaci: 2 sztuk fragmentów koszulki koloru białego, rozdartej koszuli koloru białego – przez zniszczenie, w sytuacji gdy prawidłowa wykładnia ww. przepisów prowadzi do wniosku, że nie można było orzec przepadku – przez zniszczeni – rzeczy, które nie stanowiły własności oskarżonych, a stanowiły własność pokrzywdzonego;</xText>
          <xText>3)rażącą niewspółmierność kary poprzez wymierzenie <xAnon>D. P.</xAnon> kary za czyn I – 4 lat pozbawienia wolności oraz kary łącznej – 4 lat pozbawienia wolności na skutek niedostatecznego uwzględnienia wysokiej społecznej szkodliwości czynu, w tym rodzaju i charakteru naruszonego dobra, sposobu i okoliczności popełnienia czynu, jego kierowniczej roli w popełnieniu czynu, uprzedniej wielokrotnej karalności oraz faktu, że ww. zbrodni dopuścił się w niecały tydzień po opuszczeniu zakładu karnego na warunkowe przedterminowe zwolnienie.</xText>
          <xText>Wniósł o:</xText>
          <xText>zmianę wyroku poprzez powołanie w podstawie prawnej nadzwyczajnego złagodzenia kary wobec <xAnon>R. K.</xAnon> także <xLexLink xArt="art. 60;art. 60 § 1" xIsapId="WDU19970880553" xTitle="Ustawa z dnia 6 czerwca 1997 r. - Kodeks karny" xAddress="Dz. U. z 1997 r. Nr 88, poz. 553">art. 60§1 kk</xLexLink> oraz uchylenie orzeczenia o przepadku na rzecz Skarbu Państwa dowodów rzeczowych w postaci: 2 sztuk fragmentów koszulki koloru białego, rozdartej koszuli koloru białego – przez zniszczenie i w tym zakresie przekazanie sprawy do ponownego rozpoznania sądowi pierwszej instancji.</xText>
          <xText>Prokurator apelacyjny na rozprawie zmodyfikował apelację w ten sposób, że poparł ją jedynie w zakresie zarzutu I i II.</xText>
          
          <xText><xBx>Obrońca oskarżonego <xAnon>D. P.</xAnon></xBx> na podstawie <xLexLink xArt="art. 427;art. 427 § 2" xIsapId="WDU19970890555" xTitle="Ustawa z dnia 6 czerwca 1997 r. - Kodeks postępowania karnego" xAddress="Dz. U. z 1997 r. Nr 89, poz. 555">art. 427§2 kpk</xLexLink> i <xLexLink xArt="art. 438;art. 438 pkt. 2;art. 438 pkt. 3;art. 438 pkt. 4" xIsapId="WDU19970890555" xTitle="Ustawa z dnia 6 czerwca 1997 r. - Kodeks postępowania karnego" xAddress="Dz. U. z 1997 r. Nr 89, poz. 555">art. 438 pkt 2, 3 i 4 kpk</xLexLink> zarzucił wyrokowi:</xText>
          <xText>1)błąd w ustaleniach faktycznych przyjętych za podstawę zaskarżonego wyroku, a przy tym mający wpływ na jego treść, a który to błąd polegał na uznaniu, że:</xText>
          <xText>a) oskarżony przykładał nóż do szyi pokrzywdzonej <xAnon>K. A.</xAnon>, a także, iż trzymał wymienioną za rękę w trakcie dokonanego rozboju,</xText>
          <xText>b) oskarżony próbował otworzyć kasetkę z pieniędzmi na terenie <xAnon> sklepu (...)</xAnon> w <xAnon>L.</xAnon> w trakcie dokonanego rozboju,</xText>
          <xText>c) oskarżony przedostał się przez uchylone okno w domu przy <xAnon>ul. (...)</xAnon> w <xAnon>L.</xAnon> do pomieszczeń mieszkalnych <xAnon>G. K.</xAnon> skąd dokonał zaboru określonych rzeczy należących do wymienionego,</xText>
          <xText>a przy tym, zdyskredytowania w powyższym zakresie wyjaśnień samego oskarżonego i to tych złożonych zarówno na etapie postępowania przygotowawczego, jak i sądowego, a tym samym odmówienia im wiary, a który to błąd był efektem przekroczenia granic zasady sędziowskiej swobody w ocenie zebranych dowodów i wkroczeniem w rejon dowolności takich ocen (<xLexLink xArt="art. 7" xIsapId="WDU19970890555" xTitle="Ustawa z dnia 6 czerwca 1997 r. - Kodeks postępowania karnego" xAddress="Dz. U. z 1997 r. Nr 89, poz. 555">art. 7 kpk</xLexLink>)</xText>
          <xText>ewentualnie</xText>
          <xText>2)obrazę przepisów postępowania, a mającą istotny wpływ na treść orzeczenia, tj. <xLexLink xArt="art. 170;art. 170 § 1;art. 170 § 1 pkt. 5" xIsapId="WDU19970890555" xTitle="Ustawa z dnia 6 czerwca 1997 r. - Kodeks postępowania karnego" xAddress="Dz. U. z 1997 r. Nr 89, poz. 555">art. 170§1 pkt 5 kpk</xLexLink>, a polegającą na zaniechaniu dopuszczenia, a następnie przeprowadzenia dowodu z opinii biegłego z zakresu wyceny ruchomości (<xLexLink xArt="art. 193;art. 193 § 1" xIsapId="WDU19970890555" xTitle="Ustawa z dnia 6 czerwca 1997 r. - Kodeks postępowania karnego" xAddress="Dz. U. z 1997 r. Nr 89, poz. 555">art. 193§1 kpk</xLexLink>), celem ustalenia rzeczywistej wartości skradzionych przez oskarżonego przedmiotów opisanych w <xLexLink xArt="art. 4 pkt. 2" xIsapId="WDU19970890555" xTitle="Ustawa z dnia 6 czerwca 1997 r. - Kodeks postępowania karnego" xAddress="Dz. U. z 1997 r. Nr 89, poz. 555">pkt II</xLexLink>, co niewątpliwe może mieć wpływ – nie tylko – na kwalifikację prawną badanego czynu, ale również na zupełnie inne granice przewidzianej z tego tytułu sankcji i bezpośrednio na wymiar orzeczonej wobec niego określonej kary pozbawienia wolności, co w konsekwencji doprowadziło do nie zbadania i nie uwzględnienia okoliczności przemawiającej, nie tylko na niekorzyść, ale również i na korzyść oskarżonego (<xLexLink xArt="art. 4" xIsapId="WDU19970890555" xTitle="Ustawa z dnia 6 czerwca 1997 r. - Kodeks postępowania karnego" xAddress="Dz. U. z 1997 r. Nr 89, poz. 555">art. 4 kpk</xLexLink>), co de facto skutkowało zaprzeczeniu jednej z naczelnych zasad postępowania karnego umiejscowionej w treści <xLexLink xArt="art. 5;art. 5 § 2" xIsapId="WDU19970890555" xTitle="Ustawa z dnia 6 czerwca 1997 r. - Kodeks postępowania karnego" xAddress="Dz. U. z 1997 r. Nr 89, poz. 555">art. 5§2 kpk</xLexLink>, a mianowicie, iż nie dające się usunąć wątpliwości rozstrzyga się na korzyść oskarżonego,</xText>
          <xText>ewentualnie</xText>
          <xText>3)rażącą niewspółmierność kary łącznej orzeczonej wobec <xAnon>D. P.</xAnon> w wymiarze 4 lat pozbawienia wolności, a polegającej na znacznej jej surowości, na co niewątpliwie wpływ miał fakt, iż w niewystarczającym stopniu – przy jej określeniu – wzięto pod uwagę takie okoliczności łagodzące, jak: częściowe przyznanie się przez oskarżonego do winy (zarzut I) oraz złożenie w tym zakresie wyjaśnień w większości mających swoje odzwierciedlenie w ustalonym w niniejszej sprawie stanie faktycznym, a nadto, nie wzięcia pod uwagę faktu wyrażenia przez wymienionego żalu i skruchy w tym zakresie, a także przeproszenia głównego pokrzywdzonego w osobie <xAnon>K. A.</xAnon>, czyli pominięcia czynników determinujących zakres sądowego wymiaru kary (<xLexLink xArt="art. 53" xIsapId="WDU19970880553" xTitle="Ustawa z dnia 6 czerwca 1997 r. - Kodeks karny" xAddress="Dz. U. z 1997 r. Nr 88, poz. 553">art. 53 kk</xLexLink>).</xText>
          <xText>Wniósł o uchylenie zaskarżonego wyroku i przekazanie niniejszej sprawy Sądowi Okręgowemu w Olsztynie celem ponownego rozpoznania.</xText>
          
          <xText xALIGNx="center">
            <xBx>Sąd Apelacyjny zważył, co następuje:</xBx>
          </xText>
          
          <xText>Apelacja prokuratora (po jej modyfikacji) jest w całości uzasadniona i zasługuje na uwzględnienie, apelacja obrońcy zaś oskarżonego <xAnon>D. P.</xAnon> była zasadna w części dotyczącej zarzutu rażącej surowości kary.</xText>
          
          <xText>
            <xUx>Odnośnie apelacji obrońcy oskarżonego <xAnon>D. P.</xAnon>.</xUx>
          </xText>
          <xText>Podniesione zarzuty nie są zasadne, bowiem Sąd Okręgowy poczynił prawidłowe ustalenia faktyczne odnośnie okoliczności dotyczących dokonania przez tegoż oskarżonego zarówno czynu przypisanego mu w <xLexLink xArt="art. 280 § 2 pkt. 1" xIsapId="WDU19970880553" xTitle="Ustawa z dnia 6 czerwca 1997 r. - Kodeks karny" xAddress="Dz. U. z 1997 r. Nr 88, poz. 553">pkt I</xLexLink> jak i II. Swoje ustalenia odnośnie czynu z <xLexLink xArt="art. 280;art. 280 § 2" xIsapId="WDU19970880553" xTitle="Ustawa z dnia 6 czerwca 1997 r. - Kodeks karny" xAddress="Dz. U. z 1997 r. Nr 88, poz. 553">art. 280§2 kk</xLexLink> Sąd poczynił w oparciu o zeznania pokrzywdzonej <xAnon>K. A.</xAnon>, która jednoznacznie i konsekwentnie zeznała, iż sprawca złapał ją za rękę i przystawił nóż do szyi, mówiąc „to jest napad” (k. 3).</xText>
          <xText>Bezpośrednio po tym zdarzeniu pokrzywdzona telefonicznie powiadomiła o napadzie właścicielkę sklepu <xAnon>M. B.</xAnon>, której podobnie zrelacjonowała jego przebieg (k. 1, 402). <xAnon>K. A.</xAnon> uciekając ze sklepu widziała też jak oskarżony <xAnon>D. P.</xAnon> przeszedł za ladę, gdzie znajdowała się kasetka z pieniędzmi, próbując ją otworzyć (k. 2, 3).</xText>
          <xText>W kontekście tych zeznań ustalenia Sądu I instancji w omawianych kwestiach nie budzą zastrzeżeń Sądu Odwoławczego. Słusznie więc w tej części Sąd ten odmówił wiary wyjaśnieniom <xAnon>D. P.</xAnon>, opierając swoje ustalenia faktyczne na zeznaniach wskazanych świadków.</xText>
          <xText>Podkreślić należy, iż powołani świadkowie nie mieli żadnych uzasadnionych powodów by zeznawać nieprawdę. Logiczne zaś jest rozumowanie Sądu meriti, iż oskarżony <xAnon>D. P.</xAnon>, mimo przyznania się do dokonania rozboju, miał interes prawny, aby pominąć w swoich wyjaśnieniach te okoliczności, które bez wątpienia obciążały go.</xText>
          <xText>Nie ma również racji skarżący, gdy zarzuca wyrokowi błąd w ustaleniach faktycznych, przez przyjęcie, iż oskarżony <xAnon>D. P.</xAnon> do mieszkania <xAnon>G. K.</xAnon> wszedł przez okno, skąd zabrał rzeczy należące do niego.</xText>
          <xText>I tak przede wszystkim współoskarżeni <xAnon>R. K.</xAnon> jak i <xAnon>D. M.</xAnon> zgodnie potwierdzili fakt jego wejścia do domu pokrzywdzonego przez okno, skąd przyniósł rzeczy, które posłużyły im później do dokonania rozboju. Również pokrzywdzony <xAnon>G. K.</xAnon> stanowczo zeznał, iż skradzione rzeczy były w mieszkaniu, a nie jak wyjaśniał oskarżony, iż znajdowały się przed domem.</xText>
          <xText>Odpowiadając więc na te zarzuty obrońcy oskarżonego <xAnon>D. P.</xAnon> stwierdzić należy, iż zgromadzony i ujawniony w niniejszej sprawie materiał dowodowy oraz lektura uzasadnienia zaskarżonego wyroku utwierdziła Sąd Apelacyjny w przekonaniu o trafności poczynionych przez Sąd I instancji ustaleń faktycznych, przyjętych za podstawę zaskarżonego wyroku.</xText>
          <xText>Sąd ten dokonał oceny wszystkich dowodów, uzasadniając w sposób logiczny i przekonywujący swoje stanowisko. W motywach zaskarżonego wyroku wskazał, jakie fakty uznał za ustalone jako odpowiadające rzeczywistemu przebiegowi wydarzeń na jakich w tej mierze oparł się dowodach i dlaczego nie uznał dowodów przeciwnych.</xText>
          <xText>Ocena materiału dowodowego przez Sąd Okręgowy dokonana została z uwzględnieniem reguł określonych w <xLexLink xArt="art. 4;art. 7" xIsapId="WDU19970890555" xTitle="Ustawa z dnia 6 czerwca 1997 r. - Kodeks postępowania karnego" xAddress="Dz. U. z 1997 r. Nr 89, poz. 555">art. 4 i 7 kpk</xLexLink>, a więc nie narusza granic swobodnej oceny dowodów oraz jest zgodna z zasadami doświadczenia życiowego i nie zawiera błędów natury faktycznej lub logicznej, wobec czego Sąd Apelacyjny w pełni ją podzielił.</xText>
          <xText>Należy podkreślić przy tym, iż w myśl zasady swobodnej oceny dowodów, Sąd władny jest dać wiarę zeznaniom świadka czy określonym wyjaśnieniom oskarżonego pod warunkiem, że swoje stanowisko w sposób przekonujący uzasadni w konfrontacji z całokształtem zebranego w sprawie materiału dowodowego.</xText>
          <xText>W niniejszej sprawie wszystkie istotne dowody przemawiające zarówno na korzyść, jak i na niekorzyść oskarżonych zostały prawidłowo przeanalizowane w motywach zaskarżonego wyroku, a wymienione wyżej wymogi oraz wskazania zostały zachowane i dlatego zarzuty przedstawione w przedmiotowej apelacji nie są zasadne.</xText>
          <xText>Odnosząc się zaś do zarzutu obrazy przepisów postępowania tj. <xLexLink xArt="art. 170;art. 170 § 1;art. 170 § 1 pkt. 5" xIsapId="WDU19970890555" xTitle="Ustawa z dnia 6 czerwca 1997 r. - Kodeks postępowania karnego" xAddress="Dz. U. z 1997 r. Nr 89, poz. 555">art. 170§1 pkt 5 kpk</xLexLink>, stwierdzić należy, iż Sąd I instancji w swoim postanowieniu z dnia 6 grudnia 2012r. (k. 405) wskazał z jakich powodów i dlaczego oddalił wniosek obrońcy tegoż oskarżonego o przeprowadzenie dowodu z opinii biegłego wskazanej specjalizacji, które to stanowisko zdanie Sądu Apelacyjnego należy w pełni zaaprobować. Podkreślić jedynie można, iż wycena tych rzeczy przez pokrzywdzonego była szczegółowa i konsekwentna a część z tych rzeczy zostało zniszczonych czy też wyrzuconych przez sprawców (co też uniemożliwiłoby ewentualną ich wycenę).</xText>
          <xText>Odnosząc się do apelacji prokuratora stwierdzić należy, iż jak wynika z treści uzasadnienia sądu, podstawą nadzwyczajnego złagodzenia kary wobec <xAnon>R. K.</xAnon> był dotychczasowy tryb jego życia, niekaralność sądowa, wykonywanie stałej pracy zarobkowej a także pozytywna opinia w miejscu zamieszkania i pracy, jak również to, iż wyraził żal, skruchę, przeprosił pokrzywdzoną (k. 17-18 uzasadnienia).</xText>
          <xText>Ze stanowiskiem tym należy w pełni się zgodzić, gdyż w realiach niniejszej sprawy okoliczności te łącznie tworzą „szczególnie uzasadniony wypadek” przemawiający za nadzwyczajnym złagodzeniem kary temuż oskarżonemu, kiedy nawet najniższa kara przewidziana za to przestępstwo (<xLexLink xArt="art. 280;art. 280 § 2" xIsapId="WDU19970880553" xTitle="Ustawa z dnia 6 czerwca 1997 r. - Kodeks karny" xAddress="Dz. U. z 1997 r. Nr 88, poz. 553">art. 280§2 kk</xLexLink>) byłaby niewspółmiernie surowa (<xLexLink xArt="art. 60;art. 60 § 2" xIsapId="WDU19970880553" xTitle="Ustawa z dnia 6 czerwca 1997 r. - Kodeks karny" xAddress="Dz. U. z 1997 r. Nr 88, poz. 553">art. 60§2 kk</xLexLink>).</xText>
          <xText>Postawą takiego złagodzenia kary nie był więc fakt, iż <xAnon>R. K.</xAnon> jest osobą młodocianą, w związku z czym powoływanie przepisu <xLexLink xArt="art. 60;art. 60 § 1" xIsapId="WDU19970880553" xTitle="Ustawa z dnia 6 czerwca 1997 r. - Kodeks karny" xAddress="Dz. U. z 1997 r. Nr 88, poz. 553">art. 60§1 kk</xLexLink>, jako podstawy nadzwyczajnego złagodzenia kary było zbędne.</xText>
          <xText>Faktem, przy tym jest, iż uzasadniając swoje rozstrzygnięcie w zakresie warunkowego zawieszenia orzeczonej kary pozbawienia wolności temuż oskarżonemu, sąd powołał się na okoliczność, iż jest on „sprawcą młodocianym i należy mu wymierzyć karę, która go wychowa”, a więc była to przesłanka do zastosowania probacji a nie nadzwyczajnego złagodzenia kary.</xText>
          <xText>Jednocześnie zgodzić się należy ze stanowiskiem skarżącego, iż orzekając na podstawie <xLexLink xArt="art. 44;art. 44 § 2" xIsapId="WDU19970880553" xTitle="Ustawa z dnia 6 czerwca 1997 r. - Kodeks karny" xAddress="Dz. U. z 1997 r. Nr 88, poz. 553">art. 44§2 kk</xLexLink> przepadek na rzecz Skarbu Państwa dowodów rzeczowych w postaci: 2 sztuk fragmentów koszulki koloru białego, rozdartej koszuli koloru białego – przez zniszczenie, w sytuacji gdy rzeczy te nie stanowiły własności oskarżonych, a własność pokrzywdzonego – sąd dopuścił się obrazy prawa materialnego tj. <xLexLink xArt="art. 44;art. 44 § 2;art. 44 § 5;art. 44 § 7" xIsapId="WDU19970880553" xTitle="Ustawa z dnia 6 czerwca 1997 r. - Kodeks karny" xAddress="Dz. U. z 1997 r. Nr 88, poz. 553">art. 44§2, 5 i 7 kk</xLexLink>. W tym zakresie należało więc przedmiotowy wyrok zmienić, nakazując zwrócić przedmiotowe rzeczy na podstawie <xLexLink xArt="art. 230;art. 230 § 2" xIsapId="WDU19970890555" xTitle="Ustawa z dnia 6 czerwca 1997 r. - Kodeks postępowania karnego" xAddress="Dz. U. z 1997 r. Nr 89, poz. 555">art. 230§2 kpk</xLexLink> właścicielowi tj. pokrzywdzonemu <xAnon>G. K.</xAnon>.</xText>
          <xText>Odnosząc się końcowo do orzeczonej wobec oskarżonego <xAnon>D. P.</xAnon> kary pozbawienia wolności za przestępstwo z <xLexLink xArt="art. 280;art. 280 § 2" xIsapId="WDU19970880553" xTitle="Ustawa z dnia 6 czerwca 1997 r. - Kodeks karny" xAddress="Dz. U. z 1997 r. Nr 88, poz. 553">art. 280§2 kk</xLexLink> stwierdzić należy, iż zdaniem Sądu Apelacyjnego jest ona „rażąco surowa”.</xText>
          <xText>W istocie przyznał się on do dokonania tego przestępstwa, wyraził żal i skruchę. Okoliczności i warunki popełnienia tego czynu nie były też drastyczne i nie należy zapominać, iż zakończyły się na fazie stadialnej „usiłowania”.</xText>
          <xText>Zgodnie z treścią <xLexLink xArt="art. 14;art. 14 § 1" xIsapId="WDU19970880553" xTitle="Ustawa z dnia 6 czerwca 1997 r. - Kodeks karny" xAddress="Dz. U. z 1997 r. Nr 88, poz. 553">art. 14§1 kk</xLexLink> usiłowanie zagrożone jest taką samą karą jak dokonanie to jednak kara wymierzona za usiłowanie powinna w zasadzie być niższa niż za dokonanie przestępstwa (wyrok Sądu Najwyższego z 6 lutego 1976r. Rw 45/76, OSNKW 1976, z. 4-5, poz. 64), wyrok Sądu Apelacyjnego w Krakowie z 16 listopada 2005r. II AKa 183/05, KZS 2006, z. 1, poz. 31).</xText>
          <xText>Mając powyższe na uwadze Sąd Apelacyjny złagodził oskarżonemu <xAnon>D. P.</xAnon> karę orzeczoną za czyn z <xLexLink xArt="art. 13;art. 13 § 1" xIsapId="WDU19970880553" xTitle="Ustawa z dnia 6 czerwca 1997 r. - Kodeks karny" xAddress="Dz. U. z 1997 r. Nr 88, poz. 553">art. 13§1 kk</xLexLink> w zw. z <xLexLink xArt="art. 280;art. 280 § 2" xIsapId="WDU19970880553" xTitle="Ustawa z dnia 6 czerwca 1997 r. - Kodeks karny" xAddress="Dz. U. z 1997 r. Nr 88, poz. 553">art. 280§2 kk</xLexLink> i <xLexLink xArt="art. 60;art. 60 § 1" xIsapId="WDU19970880553" xTitle="Ustawa z dnia 6 czerwca 1997 r. - Kodeks karny" xAddress="Dz. U. z 1997 r. Nr 88, poz. 553">60§1 kk</xLexLink> do 3 lat pozbawienia wolności.</xText>
          <xText>Przy orzekaniu nowej kary łącznej zastosował zasadę absorpcji, kierując się podobnymi okolicznościami jak Sąd I instancji (a więc najbardziej korzystnej).</xText>
          <xText>Z tych wszystkich względów na podstawie <xLexLink xArt="art. 437;art. 437 § 1" xIsapId="WDU19970890555" xTitle="Ustawa z dnia 6 czerwca 1997 r. - Kodeks postępowania karnego" xAddress="Dz. U. z 1997 r. Nr 89, poz. 555">art. 437§1 kpk</xLexLink> Sąd Apelacyjny orzekł jak w części dyspozytywnej.</xText>
          <xText>O kosztach sądowych za II instancję orzeczono na podstawie <xLexLink xArt="art. 624;art. 624 § 1" xIsapId="WDU19970890555" xTitle="Ustawa z dnia 6 czerwca 1997 r. - Kodeks postępowania karnego" xAddress="Dz. U. z 1997 r. Nr 89, poz. 555">art. 624§1 kpk</xLexLink>, o wynagrodzeniu zaś obrońcy z urzędu §14 ust. 2 pkt 5 rozporządzenia Ministra Sprawiedliwości z dnia 28 września 2002r. w sprawie opłat za czynności adwokackie (Dz.U. Nr 163, poz. 1348).</xText>
          
          <xText>
            <xAnon> (...)</xAnon>
            <xAnon>(...)</xAnon>
          </xText>
        </xUnit>
      </xBlock>
    </xPart>
  </judgement>
<judgement id="150500000001006_II_AKa_000023_2013_Uz_2013-03-12_001">
    <xPart xEditorFullName="Agnieszka Rezanow-Stöcker" xYear="2013" xLang="PL" xPublisherFullName="Janina Partyniewicz" xFromPg="1" xEditor="arezanow" xVolType="15/050000/0001006/AKa" xPublisher="jpartyniewicz" xDocType="Uz" xVolNmbr="000023" xVersion="1.0" xToPage="13" xFlag="published">
      <xName>Wyrok+Uzasadnienie</xName>
      <xBlock>
        <xText>Sygn. akt II AKa 23/13</xText>
        
        <xUnit xIsTitle="true" xType="part" xBold="true">
          <xName>WYROK</xName>
          <xTitle>W IMIENIU RZECZYPOSPOLITEJ POLSKIEJ</xTitle>
          <xText xALIGNx="right">       Dnia 12 marca 2013 r.</xText>
          
          <xText>Sąd Apelacyjny w Białymstoku w II Wydziale Karnym w składzie</xText>
          
          <xRows>
            <xCOLGROUPx>
              <xCOLx xWIDTHx="269"/>
              <xCOLx xWIDTHx="441"/>
            </xCOLGROUPx>
            <xRow>
              <xClmn xALIGNx="left" xVALIGNx="top">
                <xText xALIGNx="right">Przewodniczący</xText>
              </xClmn>
              <xClmn xALIGNx="left" xVALIGNx="top">
                <xText>SSA Nadzieja Surowiec</xText>
              </xClmn>
            </xRow>
            <xRow>
              <xClmn xALIGNx="left" xVALIGNx="top">
                <xText xALIGNx="right">Sędziowie</xText>
              </xClmn>
              <xClmn xALIGNx="left" xVALIGNx="top">
                <xText>SSA Halina Czaban (spr.)</xText>
                <xText>SSA Andrzej Czapka</xText>
              </xClmn>
            </xRow>
            <xRow>
              <xClmn xALIGNx="left" xVALIGNx="top">
                <xText xALIGNx="right">Protokolant</xText>
              </xClmn>
              <xClmn xALIGNx="left" xVALIGNx="top">
                <xText>Monika Wojno</xText>
              </xClmn>
            </xRow>
          </xRows>
          
          <xText>przy udziale Andrzeja Grygoruka - Prokuratora Prokuratury Rejonowej w Białymstoku, upoważnionego przez Prokuratora Apelacyjnego w Białymstoku do udziału w sprawie</xText>
          
          <xText>po rozpoznaniu w dniu 12 marca 2013 r.</xText>
          <xText>sprawy <xBx><xAnon>I. B.</xAnon> s. <xAnon>B.</xAnon></xBx></xText>
          <xText>
            <xBx><xAnon>G. G.</xAnon> s. <xAnon>A.</xAnon></xBx>
          </xText>
          <xText>oskarżonych z <xLexLink xArt="art. 267;art. 267 § 3" xIsapId="WDU19970880553" xTitle="Ustawa z dnia 6 czerwca 1997 r. - Kodeks karny" xAddress="Dz. U. z 1997 r. Nr 88, poz. 553">art. 267 § 3 kk</xLexLink> w zw. z <xLexLink xArt="art. 310;art. 310 § 1" xIsapId="WDU19970880553" xTitle="Ustawa z dnia 6 czerwca 1997 r. - Kodeks karny" xAddress="Dz. U. z 1997 r. Nr 88, poz. 553">art. 310 § 1 kk</xLexLink> w zb. z <xLexLink xArt="art. 287;art. 287 § 1" xIsapId="WDU19970880553" xTitle="Ustawa z dnia 6 czerwca 1997 r. - Kodeks karny" xAddress="Dz. U. z 1997 r. Nr 88, poz. 553">art. 287 § 1 kk</xLexLink> w zw. z <xLexLink xArt="art. 11;art. 11 § 2" xIsapId="WDU19970880553" xTitle="Ustawa z dnia 6 czerwca 1997 r. - Kodeks karny" xAddress="Dz. U. z 1997 r. Nr 88, poz. 553">art. 11 § 2 kk</xLexLink> i <xLexLink xArt="art. 12" xIsapId="WDU19970880553" xTitle="Ustawa z dnia 6 czerwca 1997 r. - Kodeks karny" xAddress="Dz. U. z 1997 r. Nr 88, poz. 553">art. 12 kk</xLexLink>, <xLexLink xArt="art. 310;art. 310 § 4" xIsapId="WDU19970880553" xTitle="Ustawa z dnia 6 czerwca 1997 r. - Kodeks karny" xAddress="Dz. U. z 1997 r. Nr 88, poz. 553">art. 310 § 4</xLexLink> w zw. z <xLexLink xArt="§ 1" xIsapId="WDU19970880553" xTitle="Ustawa z dnia 6 czerwca 1997 r. - Kodeks karny" xAddress="Dz. U. z 1997 r. Nr 88, poz. 553">§ 1 kk</xLexLink></xText>
          <xText>z powodu apelacji wniesionych przez prokuratora i obrońców oskarżonych</xText>
          <xText>od wyroku Sądu Okręgowego w Olsztynie</xText>
          <xText>z dnia 18 grudnia 2012 r. sygn. akt II K 218/12</xText>
          <xUnit xIsTitle="false" xType="none">
            <xName xSffx=".">I</xName>
            <xText>Zmienia zaskarżony wyrok w ten sposób, że za podstawę prawną przepadku dowodów rzeczowych w pkt X części dyspozytywnej wyroku przyjmuje <xLexLink xArt="art. 316;art. 316 § 1" xIsapId="WDU19970880553" xTitle="Ustawa z dnia 6 czerwca 1997 r. - Kodeks karny" xAddress="Dz. U. z 1997 r. Nr 88, poz. 553">art. 316§1 kk</xLexLink>.</xText>
          </xUnit>
          <xUnit xIsTitle="false" xType="none">
            <xName xSffx=".">II</xName>
            <xText>W pozostałym zakresie zaskarżony wyrok utrzymuje w mocy.</xText>
          </xUnit>
          <xUnit xIsTitle="false" xType="none">
            <xName xSffx=".">III</xName>
            <xText>Zasądza od Skarbu Państwa na rzecz adw. <xAnon>J. K.</xAnon> kwotę 738 złotych, w tym 138 zł podatku VAT tytułem wynagrodzenia za obronę oskarżonego <xAnon>I. B.</xAnon> przed sądem odwoławczym.</xText>
          </xUnit>
          <xUnit xIsTitle="false" xType="none">
            <xName xSffx=".">IV</xName>
            <xText>Zwalnia oskarżonych od kosztów sądowych za postępowanie odwoławcze.</xText>
          </xUnit>
        </xUnit>
        <xUnit xIsTitle="true" xType="part" xBold="true">
          <xName>UZASADNIENIE</xName>
          <xText><xBx><xAnon>I. B.</xAnon></xBx>został<xBx> o</xBx>skarżony o to, że:</xText>
          <xUnit xIsTitle="false" xType="none">
            <xName xSffx=".">I</xName>
            <xText>w okresie od 22 września 2011 r. do dnia 5 listopada 2011 r. w <xAnon>O.</xAnon> oraz na terenie <xAnon>S.</xAnon> w Republice Bułgarii, działając w krótkich odstępach czasu i z góry powziętym zamiarem, wspólnie i w porozumieniu z innymi osobami, w celu uzyskania informacji, do których nie był uprawniony, zamontował na bankomacie znajdującym się w <xAnon>O.</xAnon> przy <xAnon>ul. (...)</xAnon> urządzenia sczytujące zapis paska magnetycznego oryginalnej karty oraz nagrywające kombinacje klawiszy wybieranych na klawiaturze bankomatu podczas wpisywania numeru PIN, uzyskał dostęp do sekwencji kodów PIN oraz danych identyfikujących poszczególne karty, co umożliwiło podrobienie innych środków płatniczych w postaci kart magnetycznych, w wyniku czego w dniach 5 i 6 listopada 2011 r. w <xAnon>S.</xAnon> w Bułgarii, dokonano 297 przełamań zabezpieczeń szeregu bankomatów i przy użyciu skopiowanych danych z kart o numerach: <xAnon> (...)</xAnon>, <xAnon> (...)</xAnon>, <xAnon> (...)</xAnon>, <xAnon> (...)</xAnon>, <xAnon> (...)</xAnon>, <xAnon> (...)</xAnon>, <xAnon> (...)</xAnon>, <xAnon> (...)</xAnon>, <xAnon> (...)</xAnon>, <xAnon> (...)</xAnon>, <xAnon> (...)</xAnon>, <xAnon> (...)</xAnon>, <xAnon> (...)</xAnon>, <xAnon> (...)</xAnon>, <xAnon> (...)</xAnon>, <xAnon> (...)</xAnon>, <xAnon> (...)</xAnon>, <xAnon> (...)</xAnon>, <xAnon> (...)</xAnon>, <xAnon> (...)</xAnon>, <xAnon> (...)</xAnon>, <xAnon> (...)</xAnon>, <xAnon> (...)</xAnon>, <xAnon> (...)</xAnon>, <xAnon> (...)</xAnon>, <xAnon> (...)</xAnon>, <xAnon> (...)</xAnon>, <xAnon> (...)</xAnon>, <xAnon> (...)</xAnon>, <xAnon> (...)</xAnon>, <xAnon> (...)</xAnon>, <xAnon> (...)</xAnon>, <xAnon> (...)</xAnon>, <xAnon> (...)</xAnon>, <xAnon> (...)</xAnon>, <xAnon> (...)</xAnon>, <xAnon> (...)</xAnon>, <xAnon> (...)</xAnon>, <xAnon> (...)</xAnon>, <xAnon> (...)</xAnon>, <xAnon> (...)</xAnon>, <xAnon> (...)</xAnon>, <xAnon> (...)</xAnon>, <xAnon> (...)</xAnon>, <xAnon> (...)</xAnon>, <xAnon> (...)</xAnon>, <xAnon> (...)</xAnon>, <xAnon> (...)</xAnon>, <xAnon> (...)</xAnon>, <xAnon> (...)</xAnon>, <xAnon> (...)</xAnon>, <xAnon> (...)</xAnon>, <xAnon> (...)</xAnon>, <xAnon> (...)</xAnon>, <xAnon> (...)</xAnon>, <xAnon> (...)</xAnon>, <xAnon> (...)</xAnon>, <xAnon> (...)</xAnon>, <xAnon> (...)</xAnon>, <xAnon> (...)</xAnon>, <xAnon> (...)</xAnon>, <xAnon> (...)</xAnon>, <xAnon> (...)</xAnon>, <xAnon> (...)</xAnon>, <xAnon> (...)</xAnon>, <xAnon> (...)</xAnon>, <xAnon> (...)</xAnon>, w okresie od godz. 17:02:07 w dniu 5 listopada 2011 r. do godziny 07:04:19 w dniu 6 listopada 2011 r. w wielu bankomatach podjęto pieniądze w łącznej kwocie 40.527,49 zł, czym dokonano wpływu na automatyczne przetwarzanie i przekazywanie danych informatycznych zgromadzonych na serwerach <xAnon> banku (...)</xAnon>, działając na szkodę <xAnon> Banku (...) S.A</xAnon> z siedzibą w <xAnon>W.</xAnon>,<xBx>
    
      - tj. o czyn z <xLexLink xArt="art. 267;art. 267 § 3" xIsapId="WDU19970880553" xTitle="Ustawa z dnia 6 czerwca 1997 r. - Kodeks karny" xAddress="Dz. U. z 1997 r. Nr 88, poz. 553">art. 267§3 k.k.</xLexLink> i <xLexLink xArt="art. 310;art. 310 § 1" xIsapId="WDU19970880553" xTitle="Ustawa z dnia 6 czerwca 1997 r. - Kodeks karny" xAddress="Dz. U. z 1997 r. Nr 88, poz. 553">art. 310§1 k.k.</xLexLink> w zb. <xLexLink xArt="art. 287;art. 287 § 1" xIsapId="WDU19970880553" xTitle="Ustawa z dnia 6 czerwca 1997 r. - Kodeks karny" xAddress="Dz. U. z 1997 r. Nr 88, poz. 553">art. 287 § 1 k.k.</xLexLink> w zw. z <xLexLink xArt="art. 11;art. 11 § 2 k" xIsapId="WDU19970880553" xTitle="Ustawa z dnia 6 czerwca 1997 r. - Kodeks karny" xAddress="Dz. U. z 1997 r. Nr 88, poz. 553">art. 11 § 2k</xLexLink>.k. i <xLexLink xArt="art. 12" xIsapId="WDU19970880553" xTitle="Ustawa z dnia 6 czerwca 1997 r. - Kodeks karny" xAddress="Dz. U. z 1997 r. Nr 88, poz. 553">art. 12 k.k.</xLexLink></xBx></xText>
          </xUnit>
          <xText>
            <xBx>nadto, że:</xBx>
          </xText>
          <xText>II. w okresie od 10 grudnia 2011 r. do dnia 2 stycznia 2012 r., w <xAnon>O.</xAnon> oraz na terenie <xAnon>S.</xAnon> w Republice Bułgarii, działając w krótkich odstępach czasu i z góry powziętym zamiarem, wspólnie i w porozumieniu z innymi osobami, w celu uzyskania informacji, do których nie był uprawniony, zamontował na bankomacie znajdującym się w <xAnon>O.</xAnon> przy <xAnon>ul. (...)</xAnon> urządzenia sczytujące zapis paska magnetycznego oryginalnej karty oraz nagrywające kombinacje klawiszy wybieranych na klawiaturze bankomatu podczas wpisywania numeru PIN, uzyskał dostęp do sekwencji kodów PIN oraz danych identyfikujących poszczególne karty, co umożliwiło podrobienie innych środków płatniczych w postaci kart magnetycznych, w wyniku czego w dniu 2 stycznia 2012 r. w <xAnon>S.</xAnon> w Bułgarii, dokonano przełamania zabezpieczenia bankomatu nr <xAnon> (...)</xAnon> oraz nr <xAnon> (...)</xAnon> i przy użyciu skopiowanych danych z karty o numerze <xAnon> (...)</xAnon>, o godz. 19:31:33 oraz w godzinach 17:14:39 – 17:15:08 w wyżej wymienionych bankomatach usiłowano podjąć pieniądze w kwocie 750 BGN, nie uzyskując żądanej kwoty, a także w tym samym dniu w <xAnon>S.</xAnon> w Bułgarii, dokonano przełamania zabezpieczenia bankomatu nr <xAnon> (...)</xAnon> i przy użyciu skopiowanych danych z karty o numerze <xAnon> (...)</xAnon>, w godz. 17:13:15 – 17:14:05 i dokonano wpływu na automatyczne przetwarzanie i przekazywanie danych informatycznych zgromadzonych na serwerach <xAnon> banku (...)</xAnon> poprzez wypłatę, bez autoryzacji, pieniędzy w łącznej kwocie 600 BGN, tj. 1.390,10 zł, działając na szkodę <xAnon> Banku (...) S.A</xAnon> z siedzibą w <xAnon>W.</xAnon>,<xBx>
    
    
    
      - tj. o czyn z <xLexLink xArt="art. 267;art. 267 § 3" xIsapId="WDU19970880553" xTitle="Ustawa z dnia 6 czerwca 1997 r. - Kodeks karny" xAddress="Dz. U. z 1997 r. Nr 88, poz. 553">art. 267§3 k.k.</xLexLink> i <xLexLink xArt="art. 310;art. 310 § 1" xIsapId="WDU19970880553" xTitle="Ustawa z dnia 6 czerwca 1997 r. - Kodeks karny" xAddress="Dz. U. z 1997 r. Nr 88, poz. 553">art. 310§1 k.k.</xLexLink> w zb. <xLexLink xArt="art. 287;art. 287 § 1" xIsapId="WDU19970880553" xTitle="Ustawa z dnia 6 czerwca 1997 r. - Kodeks karny" xAddress="Dz. U. z 1997 r. Nr 88, poz. 553">art. 287 § 1 k.k.</xLexLink> w zw. z <xLexLink xArt="art. 11;art. 11 § 2 k" xIsapId="WDU19970880553" xTitle="Ustawa z dnia 6 czerwca 1997 r. - Kodeks karny" xAddress="Dz. U. z 1997 r. Nr 88, poz. 553">art. 11 § 2k</xLexLink>.k. i <xLexLink xArt="art. 12" xIsapId="WDU19970880553" xTitle="Ustawa z dnia 6 czerwca 1997 r. - Kodeks karny" xAddress="Dz. U. z 1997 r. Nr 88, poz. 553">art. 12 k.k.</xLexLink></xBx></xText>
          <xText>
            <xBx>a nadto, że:</xBx>
          </xText>
          <xText>III. w okresie od 22 marca 2012 r. do dnia 23 marca 2012 r., w <xAnon>O.</xAnon> oraz <xAnon>E.</xAnon>, działając wspólnie i w porozumieniu z innymi osobami, poprzez przyjazd z Republiki Bułgarii do Polski oraz posiadanie urządzenia elektronicznego służącego do zapisu paska magnetycznego kart płatniczych oraz zapisu kombinacji klawiszy wybieranych na klawiaturze bankomatu podczas wpisywania numeru PIN w trakcie procesu wpłaty gotówki przez właściciela karty, czynił przygotowanie do pozyskania tych informacji, które miały następnie posłużyć do podrobienia kart płatniczych i pobrania za ich pomocą środków pieniężnych z kont osób korzystających z bankomatów,-<xBx>
      tj. o czyn z art. 310 § 4 w zw. z § 1k.k. </xBx></xText>
          <xText><xBx><xAnon>G. G.</xAnon></xBx>został oskarżony o to, że:</xText>
          <xText>IV. w okresie od 10 grudnia 2011 r. do dnia 2 stycznia 2012 r., w <xAnon>O.</xAnon> oraz na terenie <xAnon>S.</xAnon> w Republice Bułgarii, działając w krótkich odstępach czasu i z góry powziętym zamiarem, wspólnie i w porozumieniu z innymi osobami, w celu uzyskania informacji, do których nie był uprawniony, zamontował na bankomacie znajdującym się w <xAnon>O.</xAnon> przy <xAnon>ul. (...)</xAnon> urządzenia sczytujące zapis paska magnetycznego oryginalnej karty oraz nagrywające kombinacje klawiszy wybieranych na klawiaturze bankomatu podczas wpisywania numeru PIN, uzyskał dostęp do sekwencji kodów PIN oraz danych identyfikujących poszczególne karty, co umożliwiło podrobienie innych środków płatniczych w postaci kart magnetycznych, w wyniku czego w dniu 2 stycznia 2012 r. w <xAnon>S.</xAnon> w Bułgarii, dokonano przełamania zabezpieczenia bankomatu nr <xAnon> (...)</xAnon> oraz nr <xAnon> (...)</xAnon> i przy użyciu skopiowanych danych z karty o numerze <xAnon> (...)</xAnon>, o godz. 19:31:33 oraz w godzinach 17:14:39 – 17:15:08 w wyżej wymienionych bankomatach usiłowano podjąć pieniądze w kwocie 750 BGN, nie uzyskując żądanej kwoty, a także w tym samym dniu w <xAnon>S.</xAnon> w Bułgarii, dokonano przełamania zabezpieczenia bankomatu nr <xAnon> (...)</xAnon> i przy użyciu skopiowanych danych z karty o numerze <xAnon> (...)</xAnon>, w godz. 17:13:15 – 17:14:05 i dokonano wpływu na automatyczne przetwarzanie i przekazywanie danych informatycznych zgromadzonych na serwerach <xAnon> banku (...)</xAnon> poprzez wypłatę, bez autoryzacji, pieniędzy w łącznej kwocie 600 BGN, tj. 1.390,10 zł, działając na szkodę <xAnon> Banku (...) S.A</xAnon> z siedzibą w <xAnon>W.</xAnon>,<xBx>
    
    
    
      - tj. o czyn z <xLexLink xArt="art. 267;art. 267 § 3" xIsapId="WDU19970880553" xTitle="Ustawa z dnia 6 czerwca 1997 r. - Kodeks karny" xAddress="Dz. U. z 1997 r. Nr 88, poz. 553">art. 267§3 k.k.</xLexLink> i <xLexLink xArt="art. 310;art. 310 § 1" xIsapId="WDU19970880553" xTitle="Ustawa z dnia 6 czerwca 1997 r. - Kodeks karny" xAddress="Dz. U. z 1997 r. Nr 88, poz. 553">art. 310§1 k.k.</xLexLink> w zb. <xLexLink xArt="art. 287;art. 287 § 1" xIsapId="WDU19970880553" xTitle="Ustawa z dnia 6 czerwca 1997 r. - Kodeks karny" xAddress="Dz. U. z 1997 r. Nr 88, poz. 553">art. 287 § 1 k.k.</xLexLink> w zw. z <xLexLink xArt="art. 11;art. 11 § 2 k" xIsapId="WDU19970880553" xTitle="Ustawa z dnia 6 czerwca 1997 r. - Kodeks karny" xAddress="Dz. U. z 1997 r. Nr 88, poz. 553">art. 11 § 2k</xLexLink>.k. i <xLexLink xArt="art. 12" xIsapId="WDU19970880553" xTitle="Ustawa z dnia 6 czerwca 1997 r. - Kodeks karny" xAddress="Dz. U. z 1997 r. Nr 88, poz. 553">art. 12 k.k.</xLexLink></xBx></xText>
          <xText>także, o to, że<xBx>:</xBx></xText>
          <xText>V. w okresie od 22 marca 2012 r. do dnia 23 marca 2012 r., w <xAnon>O.</xAnon> oraz <xAnon>E.</xAnon>, działając wspólnie i w porozumieniu z innymi osobami, poprzez przyjazd z Republiki Bułgarii do Polski oraz posiadanie urządzenia elektronicznego służącego do zapisu paska magnetycznego kart płatniczych oraz zapisu kombinacji klawiszy wybieranych na klawiaturze bankomatu podczas wpisywania numeru PIN w trakcie procesu wpłaty gotówki przez właściciela karty, czynił przygotowanie do pozyskania tych informacji, które miały następnie posłużyć do podrobienia kart płatniczych i pobrania za ich pomocą środków pieniężnych z kont osób korzystających z bankomatów,- <xBx>
      tj. o czyn z art. 310 § 4 w zw. z § 1k.k. </xBx></xText>
          
          <xText>
            <xBx>Sąd Okręgowy w Olsztynie wyrokiem z dnia 18 grudnia 2012r.w sprawie II K 218/12</xBx>
          </xText>
          <xText><xBx> I. </xBx>uznał oskarżonego <xBx><xUx><xAnon>I. B.</xAnon></xUx></xBx> za winnego popełnienia zarzucanego mu czynu <xUx>z pkt I a/o</xUx> z tym ustaleniem, że oskarżony działał w celu osiągnięcia korzyści majątkowej oraz w opisie czynu po słowach: „czym dokonano” dodał słowa: „bez upoważnienia” i za to na podstawie <xLexLink xArt="art. 267;art. 267 § 3" xIsapId="WDU19970880553" xTitle="Ustawa z dnia 6 czerwca 1997 r. - Kodeks karny" xAddress="Dz. U. z 1997 r. Nr 88, poz. 553">art. 267§3 kk</xLexLink> i <xLexLink xArt="art. 310;art. 310 § 1" xIsapId="WDU19970880553" xTitle="Ustawa z dnia 6 czerwca 1997 r. - Kodeks karny" xAddress="Dz. U. z 1997 r. Nr 88, poz. 553">art. 310§1 kk</xLexLink> i <xLexLink xArt="art. 287;art. 287 § 1" xIsapId="WDU19970880553" xTitle="Ustawa z dnia 6 czerwca 1997 r. - Kodeks karny" xAddress="Dz. U. z 1997 r. Nr 88, poz. 553">art. 287§1 kk</xLexLink> w zw z <xLexLink xArt="art. 11;art. 11 § 2" xIsapId="WDU19970880553" xTitle="Ustawa z dnia 6 czerwca 1997 r. - Kodeks karny" xAddress="Dz. U. z 1997 r. Nr 88, poz. 553">art. 11§2 kk</xLexLink> w zw z <xLexLink xArt="art. 12" xIsapId="WDU19970880553" xTitle="Ustawa z dnia 6 czerwca 1997 r. - Kodeks karny" xAddress="Dz. U. z 1997 r. Nr 88, poz. 553">art. 12 kk</xLexLink> skazał go, a na podstawie <xLexLink xArt="art. 310;art. 310 § 1" xIsapId="WDU19970880553" xTitle="Ustawa z dnia 6 czerwca 1997 r. - Kodeks karny" xAddress="Dz. U. z 1997 r. Nr 88, poz. 553">art. 310§1 kk</xLexLink> w zw z <xLexLink xArt="art. 11;art. 11 § 3" xIsapId="WDU19970880553" xTitle="Ustawa z dnia 6 czerwca 1997 r. - Kodeks karny" xAddress="Dz. U. z 1997 r. Nr 88, poz. 553">art. 11§3 kk</xLexLink> wymierzył karę 5 lat i 6 miesięcy pozbawienia wolności oraz na podstawie <xLexLink xArt="art. 33;art. 33 § 2" xIsapId="WDU19970880553" xTitle="Ustawa z dnia 6 czerwca 1997 r. - Kodeks karny" xAddress="Dz. U. z 1997 r. Nr 88, poz. 553">art. 33§2 kk</xLexLink> orzekł karę 100 stawek dziennych grzywny, ustalając wysokość jednej stawki na kwotę 30 zł;</xText>
          <xText><xBx>II.</xBx> uznał za winnego popełnienia zarzucanego mu czynu z <xLexLink xArt="§ 6 pkt. 2" xIsapId="WDU19970880553" xTitle="Ustawa z dnia 6 czerwca 1997 r. - Kodeks karny" xAddress="Dz. U. z 1997 r. Nr 88, poz. 553">pkt II</xLexLink> a/o z tym ustaleniem, że oskarżony działał w celu osiągnięcia korzyści majątkowej oraz w opisie czynu słowa „bez autoryzacji” zastąpił słowami: „bez upoważnienia” i przyjął, że czyn ten stanowi wypadek mniejszej wagi i kwalifikuje go z <xLexLink xArt="art. 267;art. 267 § 3" xIsapId="WDU19970880553" xTitle="Ustawa z dnia 6 czerwca 1997 r. - Kodeks karny" xAddress="Dz. U. z 1997 r. Nr 88, poz. 553">art. 267§3 kk</xLexLink> i <xLexLink xArt="art. 287;art. 287 § 1" xIsapId="WDU19970880553" xTitle="Ustawa z dnia 6 czerwca 1997 r. - Kodeks karny" xAddress="Dz. U. z 1997 r. Nr 88, poz. 553">art. 287§1</xLexLink> w zw z <xLexLink xArt="§ 2" xIsapId="WDU19970880553" xTitle="Ustawa z dnia 6 czerwca 1997 r. - Kodeks karny" xAddress="Dz. U. z 1997 r. Nr 88, poz. 553">§2 kk</xLexLink> i <xLexLink xArt="art. 310;art. 310 § 1" xIsapId="WDU19970880553" xTitle="Ustawa z dnia 6 czerwca 1997 r. - Kodeks karny" xAddress="Dz. U. z 1997 r. Nr 88, poz. 553">art. 310 §1</xLexLink> w zw <xLexLink xArt="§ 3" xIsapId="WDU19970880553" xTitle="Ustawa z dnia 6 czerwca 1997 r. - Kodeks karny" xAddress="Dz. U. z 1997 r. Nr 88, poz. 553">§ 3 kk</xLexLink> w zw z <xLexLink xArt="art. 11;art. 11 § 2" xIsapId="WDU19970880553" xTitle="Ustawa z dnia 6 czerwca 1997 r. - Kodeks karny" xAddress="Dz. U. z 1997 r. Nr 88, poz. 553">art. 11§2 kk</xLexLink> w zw z <xLexLink xArt="art. 12" xIsapId="WDU19970880553" xTitle="Ustawa z dnia 6 czerwca 1997 r. - Kodeks karny" xAddress="Dz. U. z 1997 r. Nr 88, poz. 553">art. 12 kk</xLexLink> i za to na podstawie tych przepisów skazał go , a na podstawie <xLexLink xArt="art. 310;art. 310 § 3" xIsapId="WDU19970880553" xTitle="Ustawa z dnia 6 czerwca 1997 r. - Kodeks karny" xAddress="Dz. U. z 1997 r. Nr 88, poz. 553">art. 310§3 kk</xLexLink> w zw z <xLexLink xArt="art. 11;art. 11 § 3" xIsapId="WDU19970880553" xTitle="Ustawa z dnia 6 czerwca 1997 r. - Kodeks karny" xAddress="Dz. U. z 1997 r. Nr 88, poz. 553">art. 11§3 kk</xLexLink> w zw z <xLexLink xArt="art. 60;art. 60 § 1" xIsapId="WDU19970880553" xTitle="Ustawa z dnia 6 czerwca 1997 r. - Kodeks karny" xAddress="Dz. U. z 1997 r. Nr 88, poz. 553">art. 60§1 kk</xLexLink> w zw z <xLexLink xArt="§ 6;§ 6 pkt. 2" xIsapId="WDU19970880553" xTitle="Ustawa z dnia 6 czerwca 1997 r. - Kodeks karny" xAddress="Dz. U. z 1997 r. Nr 88, poz. 553">§6 pkt 2 kk</xLexLink> wymierzył mu karę 3 lat i 6 miesięcy pozbawienia wolności oraz na podstawie <xLexLink xArt="art. 33;art. 33 § 2" xIsapId="WDU19970880553" xTitle="Ustawa z dnia 6 czerwca 1997 r. - Kodeks karny" xAddress="Dz. U. z 1997 r. Nr 88, poz. 553">art. 33§2 kk</xLexLink> orzekł wobec niego karę 20 stawek dziennych grzywny, ustalając wysokość jednej stawki na kwotę 30 zł ;</xText>
          <xText><xBx>III.</xBx> uznał za winnego popełnienia zarzucanego mu czynu z <xLexLink xArt="art. 310 § 1 pkt. 3" xIsapId="WDU19970880553" xTitle="Ustawa z dnia 6 czerwca 1997 r. - Kodeks karny" xAddress="Dz. U. z 1997 r. Nr 88, poz. 553">pkt III</xLexLink> a/o i za to na podstawie <xLexLink xArt="art. 310;art. 310 § 1" xIsapId="WDU19970880553" xTitle="Ustawa z dnia 6 czerwca 1997 r. - Kodeks karny" xAddress="Dz. U. z 1997 r. Nr 88, poz. 553">art. 310§1</xLexLink> w zw <xLexLink xArt="§ 4" xIsapId="WDU19970880553" xTitle="Ustawa z dnia 6 czerwca 1997 r. - Kodeks karny" xAddress="Dz. U. z 1997 r. Nr 88, poz. 553">§4 kk</xLexLink> skazał go, a na podstawie <xLexLink xArt="art. 310;art. 310 § 4" xIsapId="WDU19970880553" xTitle="Ustawa z dnia 6 czerwca 1997 r. - Kodeks karny" xAddress="Dz. U. z 1997 r. Nr 88, poz. 553">art. 310 §4 kk</xLexLink> wymierzył mu karę 1 roku pozbawienia wolności ;</xText>
          <xText><xBx>IV.</xBx> na podstawie <xLexLink xArt="art. 85" xIsapId="WDU19970880553" xTitle="Ustawa z dnia 6 czerwca 1997 r. - Kodeks karny" xAddress="Dz. U. z 1997 r. Nr 88, poz. 553">art. 85 kk</xLexLink> i <xLexLink xArt="art. 86;art. 86 § 1;art. 86 § 2" xIsapId="WDU19970880553" xTitle="Ustawa z dnia 6 czerwca 1997 r. - Kodeks karny" xAddress="Dz. U. z 1997 r. Nr 88, poz. 553">art. 86§1 i 2 kk</xLexLink> połączył kary jednostkowe i orzekł karę łączną 5 lat i 6 miesięcy pozbawienia wolności oraz karę łączną 110 stawek dziennych grzywny, ustalając wysokość jednej stawki na kwotę 30 zł;</xText>
          
          <xText><xBx>V</xBx>. uznał oskarżonego <xBx><xUx><xAnon>G. G.</xAnon></xUx></xBx> za winnego popełnienia zarzucanego mu czynu z pkt IV a/o z ustaleniem, że oskarżony działał w celu osiągnięcia korzyści majątkowej oraz w opisie czynu słowa „ bez autoryzacji” zastąpił słowami: „bez upoważnienia” i przyjął, że czyn ten stanowił wypadek mniejszej wagi i zakwalifikował go z <xLexLink xArt="art. 267;art. 267 § 3" xIsapId="WDU19970880553" xTitle="Ustawa z dnia 6 czerwca 1997 r. - Kodeks karny" xAddress="Dz. U. z 1997 r. Nr 88, poz. 553">art. 267§3 kk</xLexLink> i <xLexLink xArt="art. 287;art. 287 § 1" xIsapId="WDU19970880553" xTitle="Ustawa z dnia 6 czerwca 1997 r. - Kodeks karny" xAddress="Dz. U. z 1997 r. Nr 88, poz. 553">art. 287§1</xLexLink> w zw z <xLexLink xArt="§ 2" xIsapId="WDU19970880553" xTitle="Ustawa z dnia 6 czerwca 1997 r. - Kodeks karny" xAddress="Dz. U. z 1997 r. Nr 88, poz. 553">§2 kk</xLexLink> i <xLexLink xArt="art. 310;art. 310 § 1" xIsapId="WDU19970880553" xTitle="Ustawa z dnia 6 czerwca 1997 r. - Kodeks karny" xAddress="Dz. U. z 1997 r. Nr 88, poz. 553">art. 310 §1</xLexLink> w zw <xLexLink xArt="§ 3" xIsapId="WDU19970880553" xTitle="Ustawa z dnia 6 czerwca 1997 r. - Kodeks karny" xAddress="Dz. U. z 1997 r. Nr 88, poz. 553">§ 3 kk</xLexLink> w zw z <xLexLink xArt="art. 11;art. 11 § 2" xIsapId="WDU19970880553" xTitle="Ustawa z dnia 6 czerwca 1997 r. - Kodeks karny" xAddress="Dz. U. z 1997 r. Nr 88, poz. 553">art. 11§2 kk</xLexLink> w zw z <xLexLink xArt="art. 12" xIsapId="WDU19970880553" xTitle="Ustawa z dnia 6 czerwca 1997 r. - Kodeks karny" xAddress="Dz. U. z 1997 r. Nr 88, poz. 553">art. 12 kk</xLexLink> i za to na podstawie tych przepisów skazał go, a na podstawie <xLexLink xArt="art. 310;art. 310 § 3" xIsapId="WDU19970880553" xTitle="Ustawa z dnia 6 czerwca 1997 r. - Kodeks karny" xAddress="Dz. U. z 1997 r. Nr 88, poz. 553">art. 310§3 kk</xLexLink> w zw z <xLexLink xArt="art. 11;art. 11 § 3" xIsapId="WDU19970880553" xTitle="Ustawa z dnia 6 czerwca 1997 r. - Kodeks karny" xAddress="Dz. U. z 1997 r. Nr 88, poz. 553">art. 11§3 kk</xLexLink> w zw z <xLexLink xArt="art. 60;art. 60 § 1" xIsapId="WDU19970880553" xTitle="Ustawa z dnia 6 czerwca 1997 r. - Kodeks karny" xAddress="Dz. U. z 1997 r. Nr 88, poz. 553">art. 60§1 kk</xLexLink> w zw z <xLexLink xArt="§ 6;§ 6 pkt. 2" xIsapId="WDU19970880553" xTitle="Ustawa z dnia 6 czerwca 1997 r. - Kodeks karny" xAddress="Dz. U. z 1997 r. Nr 88, poz. 553">§6 pkt 2 kk</xLexLink> wymierzył mu karę 3lait i 6 miesięcy pozbawienia wolności oraz na podstawie <xLexLink xArt="art. 33;art. 33 § 2" xIsapId="WDU19970880553" xTitle="Ustawa z dnia 6 czerwca 1997 r. - Kodeks karny" xAddress="Dz. U. z 1997 r. Nr 88, poz. 553">art. 33§2 kk</xLexLink> orzekł karę 20 stawek dziennych grzywny, ustalając wysokość jednej stawki na kwotę 30 zł;</xText>
          <xText><xBx>VI</xBx>. uznał za winnego popełnienia czynu z <xLexLink xArt="art. 310 § 1 pkt. 5" xIsapId="WDU19970880553" xTitle="Ustawa z dnia 6 czerwca 1997 r. - Kodeks karny" xAddress="Dz. U. z 1997 r. Nr 88, poz. 553">pkt V</xLexLink> a/o i za to na podstawie <xLexLink xArt="art. 310;art. 310 § 1" xIsapId="WDU19970880553" xTitle="Ustawa z dnia 6 czerwca 1997 r. - Kodeks karny" xAddress="Dz. U. z 1997 r. Nr 88, poz. 553">art. 310§1</xLexLink> w zw <xLexLink xArt="§ 4" xIsapId="WDU19970880553" xTitle="Ustawa z dnia 6 czerwca 1997 r. - Kodeks karny" xAddress="Dz. U. z 1997 r. Nr 88, poz. 553">§4 kk</xLexLink> skazał go, na podstawie <xLexLink xArt="art. 310;art. 310 § 4" xIsapId="WDU19970880553" xTitle="Ustawa z dnia 6 czerwca 1997 r. - Kodeks karny" xAddress="Dz. U. z 1997 r. Nr 88, poz. 553">art. 310 §4 kk</xLexLink> wymierzył karę 1 roku pozbawienia wolności;</xText>
          <xText><xBx>VII.</xBx> na podstawie <xLexLink xArt="art. 85" xIsapId="WDU19970880553" xTitle="Ustawa z dnia 6 czerwca 1997 r. - Kodeks karny" xAddress="Dz. U. z 1997 r. Nr 88, poz. 553">art. 85 kk</xLexLink> i <xLexLink xArt="art. 86;art. 86 § 1" xIsapId="WDU19970880553" xTitle="Ustawa z dnia 6 czerwca 1997 r. - Kodeks karny" xAddress="Dz. U. z 1997 r. Nr 88, poz. 553">art. 86§1 kk</xLexLink> połączył kary jednostkowe pozbawienia wolności i orzekł karę łączną 3 lat i 6 miesięcy pozbawienia wolności;</xText>
          <xText><xBx>VIII</xBx>. na podstawie <xLexLink xArt="art. 46;art. 46 § 1" xIsapId="WDU19970880553" xTitle="Ustawa z dnia 6 czerwca 1997 r. - Kodeks karny" xAddress="Dz. U. z 1997 r. Nr 88, poz. 553">art. 46§1 kk</xLexLink> orzeka wobec oskarżonego <xAnon>I. B.</xAnon> obowiązek naprawienia szkody poprzez zapłatę na rzecz <xAnon> Banku (...) S. A.</xAnon> z siedzibą w <xAnon>W.</xAnon> kwoty 40.527,49 zł;</xText>
          <xText><xBx>IX</xBx>. na podstawie <xLexLink xArt="art. 46;art. 46 § 1" xIsapId="WDU19970880553" xTitle="Ustawa z dnia 6 czerwca 1997 r. - Kodeks karny" xAddress="Dz. U. z 1997 r. Nr 88, poz. 553">art. 46§1 kk</xLexLink> orzeka wobec obu oskarżonych obowiązek naprawienia szkody poprzez zapłatę na rzecz <xAnon> Banku (...) S. A.</xAnon> z siedzibą w <xAnon>W.</xAnon> kwoty 1.390,10 zł; <xBx>X</xBx>. na podstawie <xLexLink xArt="art. 44;art. 44 § 2" xIsapId="WDU19970880553" xTitle="Ustawa z dnia 6 czerwca 1997 r. - Kodeks karny" xAddress="Dz. U. z 1997 r. Nr 88, poz. 553">art. 44§2 kk</xLexLink> orzekł przepadek dowodów rzeczowych <xLexLink xArt="art. 44 poz. 1;art. 44 poz. 2;art. 44 poz. 3;art. 44 poz. 4;art. 44 poz. 5;art. 44 poz. 6;art. 44 poz. 7;art. 44 poz. 8;art. 44 poz. 9;art. 44 poz. 10;art. 44 poz. 11;art. 44 poz. 12;art. 44 poz. 13" xIsapId="WDU19970880553" xTitle="Ustawa z dnia 6 czerwca 1997 r. - Kodeks karny" xAddress="Dz. U. z 1997 r. Nr 88, poz. 553">poz 1 -13</xLexLink> opisanych na k. z 882;</xText>
          <xText><xBx>XI</xBx>. na podstawie <xLexLink xArt="art. 63;art. 63 § 1" xIsapId="WDU19970880553" xTitle="Ustawa z dnia 6 czerwca 1997 r. - Kodeks karny" xAddress="Dz. U. z 1997 r. Nr 88, poz. 553">art. 63§1 kk</xLexLink> na poczet orzeczonych wobec oskarżonych kar łącznych pozbawienia wolności zaliczył okres zatrzymania i tymczasowego aresztowania;</xText>
          <xText><xBx>XII- XIII</xBx>. orzekł o kosztach procesu.</xText>
          
          <xText>Apelację od wyroku wnieśli obrońcy obu oskarżonych i prokurator.</xText>
          <xText>Obrońca oskarżonego <xAnon>I. B.</xAnon>, zaskarżając wyrok w zakresie pkt. I, IV i VIII wyroku zarzucił:</xText>
          <xUnit xIsTitle="false" xType="none">
            <xName xSffx=".">1</xName>
            <xText>obrazę przepisów postępowania, która miała wpływ na treść wyroku, a mianowicie <xLexLink xArt="art. 4" xIsapId="WDU19970890555" xTitle="Ustawa z dnia 6 czerwca 1997 r. - Kodeks postępowania karnego" xAddress="Dz. U. z 1997 r. Nr 89, poz. 555">art. 4 kpk</xLexLink>, <xLexLink xArt="art. 7" xIsapId="WDU19970890555" xTitle="Ustawa z dnia 6 czerwca 1997 r. - Kodeks postępowania karnego" xAddress="Dz. U. z 1997 r. Nr 89, poz. 555">7 kpk</xLexLink>, <xLexLink xArt="art. 424;art. 424 § 1" xIsapId="WDU19970890555" xTitle="Ustawa z dnia 6 czerwca 1997 r. - Kodeks postępowania karnego" xAddress="Dz. U. z 1997 r. Nr 89, poz. 555">424§ 1 kpk</xLexLink> poprzez nieobiektywną i fragmentaryczną ocenę materiału dowodowego, poprzez nie danie wiary wyjaśnieniom oskarżonego co do tego, że w trakcie pierwszego wyjazdu nie wykonywał on żadnych czynności związanych z montowaniem i demontowaniem urządzeń skimmingu, pomimo, iż Sąd stanowczo uznał, że wyjaśnienia oskarżonego należy uznać za wiarygodne i logiczne, a nadto, konsekwentne i zgodne z pozostałym materiałem dowodowym, co miało wpływ na kwalifikację prawną czynu z pkt. I wyroku.</xText>
          </xUnit>
          <xUnit xIsTitle="false" xType="none">
            <xName xSffx=".">2</xName>
            <xText>błąd w ustaleniach faktycznych przyjętych za podstawę orzeczenia i mający wpływ na jego treść poprzez ustalenie, iż oskarżony w trakcie pierwszego wyjazdu również wykonywał czynności związane z montowaniem i demontowaniem urządzeń do skimmingu,</xText>
          </xUnit>
          <xUnit xIsTitle="false" xType="none">
            <xName xSffx=".">3</xName>
            <xText>rażącą niewspółmierność kary wymierzonej w stosunku do stopnia winy i społecznej szkodliwości czynu popełnionego przez oskarżonego wskutek niezastosowania wobec oskarżonego nadzwyczajnego złagodzenia kary co do czynu z pkt. I wyroku.</xText>
          </xUnit>
          <xText>Wniósł o zmianę zaskarżonego wyroku poprzez:</xText>
          <xUnit xIsTitle="false" xType="none">
            <xName xSffx=")">a</xName>
            <xText>w <xLexLink xArt="art. 310 § 1 pkt. 1" xIsapId="WDU19970880553" xTitle="Ustawa z dnia 6 czerwca 1997 r. - Kodeks karny" xAddress="Dz. U. z 1997 r. Nr 88, poz. 553">pkt I</xLexLink> poprzez zmianę kwalifikacji prawnej czynu oskarżonego i uznanie, że wypełnia ona znamiona wypadku mniejszej wagi z <xLexLink xArt="art. 310;art. 310 § 1" xIsapId="WDU19970880553" xTitle="Ustawa z dnia 6 czerwca 1997 r. - Kodeks karny" xAddress="Dz. U. z 1997 r. Nr 88, poz. 553">art. 310 §1</xLexLink> w zw. z <xLexLink xArt="§ 3" xIsapId="WDU19970880553" xTitle="Ustawa z dnia 6 czerwca 1997 r. - Kodeks karny" xAddress="Dz. U. z 1997 r. Nr 88, poz. 553">§ 3 kk</xLexLink>, a w konsekwencji zastosowanie nadzwyczajnego złagodzenia kary,</xText>
          </xUnit>
          <xUnit xIsTitle="false" xType="none">
            <xName xSffx=")">b</xName>
            <xText>w pkt IV poprzez wymierzenie kary łącznej z uwzględnieniem ww zmiany kwalifikacji prawnej czynu co do pkt. I wyroku,</xText>
          </xUnit>
          <xUnit xIsTitle="false" xType="none">
            <xName xSffx=")">c</xName>
            <xText>w pkt VIII poprzez orzeczenie obowiązku naprawienia szkody poprzez zapłatę na rzecz <xAnon> (...)</xAnon> kwoty 10.000 złotych.</xText>
          </xUnit>
          
          <xText>Obrońca oskarżonego <xAnon>G. G.</xAnon> zaskarżył wyrok w całości.</xText>
          <xText>Wyrokowi zarzucił:</xText>
          <xUnit xIsTitle="false" xType="none">
            <xName xSffx=".">1</xName>
            <xText>błąd w ustaleniach faktycznych przyjętych za podstawę i mający wpływ na treść orzeczenia polegający na przyjęciu, iż:</xText>
            <xUnit xIsTitle="false" xType="none">
              <xName xSffx=")">a</xName>
              <xText>oskarżony <xAnon>G. G.</xAnon> swoim zachowaniem określonym w pkt V wyroku wyczerpał znamiona przestępstwa określonego w <xLexLink xArt="art. 310;art. 310 § 1" xIsapId="WDU19970880553" xTitle="Ustawa z dnia 6 czerwca 1997 r. - Kodeks karny" xAddress="Dz. U. z 1997 r. Nr 88, poz. 553">art. 310 § 1 kk</xLexLink> w zw. z <xLexLink xArt="§ 3" xIsapId="WDU19970880553" xTitle="Ustawa z dnia 6 czerwca 1997 r. - Kodeks karny" xAddress="Dz. U. z 1997 r. Nr 88, poz. 553">§ 3 kk</xLexLink> podczas gdy jego rzeczywiste działania w postaci wejścia w porozumienie z <xAnon>I. B.</xAnon>, przysposobienia środków i zbierania informacji mają charakter formy stadialnej przygotowania, co winno skutkować przyjęciem kwalifikacji prawnej czynu z <xLexLink xArt="art. 310;art. 310 § 4" xIsapId="WDU19970880553" xTitle="Ustawa z dnia 6 czerwca 1997 r. - Kodeks karny" xAddress="Dz. U. z 1997 r. Nr 88, poz. 553">art. 310 § 4 kk</xLexLink>,</xText>
            </xUnit>
            <xUnit xIsTitle="false" xType="none">
              <xName xSffx=")">b</xName>
              <xText>oskarżony <xAnon>G. G.</xAnon> swoim zachowaniem określonym w pkt VI wyroku wyczerpał znamiona przestępstwa określonego w <xLexLink xArt="art. 310;art. 310 § 1" xIsapId="WDU19970880553" xTitle="Ustawa z dnia 6 czerwca 1997 r. - Kodeks karny" xAddress="Dz. U. z 1997 r. Nr 88, poz. 553">art. 310 § 1 kk</xLexLink> w zw. z <xLexLink xArt="§ 4" xIsapId="WDU19970880553" xTitle="Ustawa z dnia 6 czerwca 1997 r. - Kodeks karny" xAddress="Dz. U. z 1997 r. Nr 88, poz. 553">§ 4 kk</xLexLink> podczas gdy brak jest podstaw do przyjęcia, iż posiadał on urządzenie do skimmingu, a już sam przyjazd do Polski pozwala na uznanie, iż wypełnił on znamiona przygotowania z <xLexLink xArt="art. 310;art. 310 § 4" xIsapId="WDU19970880553" xTitle="Ustawa z dnia 6 czerwca 1997 r. - Kodeks karny" xAddress="Dz. U. z 1997 r. Nr 88, poz. 553">art. 310 § 4 kk</xLexLink>, co winno skutkować uniewinnieniem go od przypisanego mu czynu zabronionego.</xText>
            </xUnit>
          </xUnit>
          
          <xText>Wniósł o zmianę wyroku:</xText>
          <xText>- w <xLexLink xArt="art. 310 § 1 pkt. 5" xIsapId="WDU19970880553" xTitle="Ustawa z dnia 6 czerwca 1997 r. - Kodeks karny" xAddress="Dz. U. z 1997 r. Nr 88, poz. 553">pkt V</xLexLink> poprzez przyjęcie, że oskarżony swoim zachowaniem wyczerpał znamiona przestępstwa z <xLexLink xArt="art. 310;art. 310 § 1" xIsapId="WDU19970880553" xTitle="Ustawa z dnia 6 czerwca 1997 r. - Kodeks karny" xAddress="Dz. U. z 1997 r. Nr 88, poz. 553">art. 310 § 1 kk</xLexLink> w zw. z <xLexLink xArt="§ 4" xIsapId="WDU19970880553" xTitle="Ustawa z dnia 6 czerwca 1997 r. - Kodeks karny" xAddress="Dz. U. z 1997 r. Nr 88, poz. 553">§ 4 kk</xLexLink> i wymierzenie mu znacznie łagodniejszej kary,</xText>
          <xText>- zmianę w pkt VI poprzez uniewinnienie oskarżonego od popełnienia przypisanego mu czynu.</xText>
          
          <xText>Prokurator zaskarżył wyrok w całości na niekorzyść oskarżonych.</xText>
          <xText>Wyrokowi zarzucił</xText>
          <xText>-błąd w ustaleniach faktycznych przyjętych za podstawę i mający wpływ na treść orzeczenia polegający na błędnym ustaleniu, że czyny zarzucane oskarżonym odpowiednio w punktach II i IV a/o stanowią wypadek mniejszej wagi i wypełniają znamiona czynu z <xLexLink xArt="art. 267;art. 267 § 3" xIsapId="WDU19970880553" xTitle="Ustawa z dnia 6 czerwca 1997 r. - Kodeks karny" xAddress="Dz. U. z 1997 r. Nr 88, poz. 553">art. 267 § 3 kk</xLexLink> i <xLexLink xArt="art. 287;art. 287 § 1" xIsapId="WDU19970880553" xTitle="Ustawa z dnia 6 czerwca 1997 r. - Kodeks karny" xAddress="Dz. U. z 1997 r. Nr 88, poz. 553">art. 287 § 1 kk</xLexLink> w zw. z <xLexLink xArt="§ 2" xIsapId="WDU19970880553" xTitle="Ustawa z dnia 6 czerwca 1997 r. - Kodeks karny" xAddress="Dz. U. z 1997 r. Nr 88, poz. 553">§ 2 kk</xLexLink> i <xLexLink xArt="art. 310;art. 310 § 1" xIsapId="WDU19970880553" xTitle="Ustawa z dnia 6 czerwca 1997 r. - Kodeks karny" xAddress="Dz. U. z 1997 r. Nr 88, poz. 553">art. 310 § 1 kk</xLexLink> w zw. z <xLexLink xArt="§ 3" xIsapId="WDU19970880553" xTitle="Ustawa z dnia 6 czerwca 1997 r. - Kodeks karny" xAddress="Dz. U. z 1997 r. Nr 88, poz. 553">§ 3 kk</xLexLink> w zw. z <xLexLink xArt="art. 11;art. 11 § 2" xIsapId="WDU19970880553" xTitle="Ustawa z dnia 6 czerwca 1997 r. - Kodeks karny" xAddress="Dz. U. z 1997 r. Nr 88, poz. 553">art. 11 § 2 kk</xLexLink> w zw. z <xLexLink xArt="art. 12" xIsapId="WDU19970880553" xTitle="Ustawa z dnia 6 czerwca 1997 r. - Kodeks karny" xAddress="Dz. U. z 1997 r. Nr 88, poz. 553">art. 12 kk</xLexLink> podczas gdy prawidłowa ocena zgromadzonego materiału dowodowego prowadzi do wniosku, że zachowanie oskarżonych w części obejmującej <xLexLink xArt="art. 287" xIsapId="WDU19970880553" xTitle="Ustawa z dnia 6 czerwca 1997 r. - Kodeks karny" xAddress="Dz. U. z 1997 r. Nr 88, poz. 553">art. 287 kk</xLexLink> i <xLexLink xArt="art. 310" xIsapId="WDU19970880553" xTitle="Ustawa z dnia 6 czerwca 1997 r. - Kodeks karny" xAddress="Dz. U. z 1997 r. Nr 88, poz. 553">310 kk</xLexLink> wypełnia jego znamiona w typie podstawowym z <xLexLink xArt="art. 310 § 1" xIsapId="WDU19970880553" xTitle="Ustawa z dnia 6 czerwca 1997 r. - Kodeks karny" xAddress="Dz. U. z 1997 r. Nr 88, poz. 553">§ 1</xLexLink> nie zaś z typu kwalifikowanego opisanego odpowiednio w <xLexLink xArt="§ 2;§ 3" xIsapId="WDU19970880553" xTitle="Ustawa z dnia 6 czerwca 1997 r. - Kodeks karny" xAddress="Dz. U. z 1997 r. Nr 88, poz. 553">§ 2 oraz § 3 kk</xLexLink>,</xText>
          <xText>-obrazę przepisów prawa materialnego a mianowicie <xLexLink xArt="art. 316;art. 316 § 1" xIsapId="WDU19970880553" xTitle="Ustawa z dnia 6 czerwca 1997 r. - Kodeks karny" xAddress="Dz. U. z 1997 r. Nr 88, poz. 553">art. 316 § 1 kk</xLexLink> poprzez jego niezastosowanie jako podstawy orzeczonego w pkt X wyroku przepadku dowodów rzeczowych.</xText>
          <xText>Wniósł o zmianę zaskarżonego wyroku poprzez przyjęcie jako podstawy orzeczonego przepadku dowodów rzeczowych <xLexLink xArt="art. 316;art. 316 § 1" xIsapId="WDU19970880553" xTitle="Ustawa z dnia 6 czerwca 1997 r. - Kodeks karny" xAddress="Dz. U. z 1997 r. Nr 88, poz. 553">art. 316§1 kk</xLexLink> oraz przyjęcie, że zarzucane oskarżonym czyny z pkt II i IV a/o stanowią przestępstwo z <xLexLink xArt="art. 267;art. 267 § 3" xIsapId="WDU19970880553" xTitle="Ustawa z dnia 6 czerwca 1997 r. - Kodeks karny" xAddress="Dz. U. z 1997 r. Nr 88, poz. 553">art. 267 § 3 kk</xLexLink> i <xLexLink xArt="art. 310;art. 310 § 1" xIsapId="WDU19970880553" xTitle="Ustawa z dnia 6 czerwca 1997 r. - Kodeks karny" xAddress="Dz. U. z 1997 r. Nr 88, poz. 553">art. 310 § 1 kk</xLexLink> w zw. z <xLexLink xArt="art. 11;art. 11 § 2" xIsapId="WDU19970880553" xTitle="Ustawa z dnia 6 czerwca 1997 r. - Kodeks karny" xAddress="Dz. U. z 1997 r. Nr 88, poz. 553">art. 11 § 2 kk</xLexLink> w zw. z <xLexLink xArt="art. 12" xIsapId="WDU19970880553" xTitle="Ustawa z dnia 6 czerwca 1997 r. - Kodeks karny" xAddress="Dz. U. z 1997 r. Nr 88, poz. 553">art. 12 kk</xLexLink> i skazanie ich za to na kary po 5 lat pozbawienia wolności oraz grzywny w wymiarze 30 stawek dziennych po 30 złotych każda, a także o rozwiązanie orzeczonych w pkt IV i VII wyroku rozstrzygnięć co do kar łącznych i orzeczenie w stosunku do <xAnon>I. B.</xAnon> kary łącznej 5 lat i 6 miesięcy pozbawienia wolności i łącznej kary grzywny w wymiarze 110 stawek dziennych po 30 złotych każda, zaś wobec <xAnon>G. G.</xAnon> orzeczenie kary łącznej 5 lat pozbawienia wolności.</xText>
          
          <xText>Sąd zważył co następuje.</xText>
          <xText>Apelacje obrońców oskarżonych są niezasadne w stopniu oczywistym, a apelacja oskarżyciela publicznego jedynie w części dotyczącej wskazanego naruszenia prawa materialnego.</xText>
          <xText>Co do apelacji obrońcy oskarżonego <xAnon>I. B.</xAnon>.</xText>
          <xText>Nie można było podzielić stanowiska obrońcy, iż zaskarżony wyrok dotknięty jest obrazą przepisów postępowania, tzn. <xLexLink xArt="art. 4;art. 7;art. 424;art. 424 § 1" xIsapId="WDU19970890555" xTitle="Ustawa z dnia 6 czerwca 1997 r. - Kodeks postępowania karnego" xAddress="Dz. U. z 1997 r. Nr 89, poz. 555">art. 4, 7 i 424 § 1 kpk</xLexLink>, a tym samym (bo tak należy odczytywać apelację) doszło do błędnych ustaleń faktycznych.</xText>
          <xText>Z racji przywołania obrazy <xLexLink xArt="art. 4" xIsapId="WDU19970890555" xTitle="Ustawa z dnia 6 czerwca 1997 r. - Kodeks postępowania karnego" xAddress="Dz. U. z 1997 r. Nr 89, poz. 555">art. 4 kpk</xLexLink> należy stwierdzić, że artykuł ten zawiera jedynie ogólną wskazówkę adresowaną do wszystkich organów postępowania i jedynie poprzez określenie, na skutek naruszenia jakiego konkretnego przepisu doszło do uchybienia zasadzie obiektywizmu, jest możliwe weryfikowanie trafności zarzutu obrazy wymienionego przepisu, co w przedmiotowej sprawie autor apelacji zdaje się wykazywać poprzez odwoływanie się do treści <xLexLink xArt="art. 7" xIsapId="WDU19970890555" xTitle="Ustawa z dnia 6 czerwca 1997 r. - Kodeks postępowania karnego" xAddress="Dz. U. z 1997 r. Nr 89, poz. 555">art. 7</xLexLink>.</xText>
          <xText>Przechodząc zatem do sformułowanego w apelacji zarzutu naruszenia <xLexLink xArt="art. 7" xIsapId="WDU19970890555" xTitle="Ustawa z dnia 6 czerwca 1997 r. - Kodeks postępowania karnego" xAddress="Dz. U. z 1997 r. Nr 89, poz. 555">art. 7 kpk</xLexLink> – najogólniej mówiąc reguły swobodnej oceny dowodów będącej efektem rozważań całokształtu ujawnionych w sprawie okoliczności, przemawiających zarówno na korzyść, jak i na niekorzyść oskarżonego należy stwierdzić brak naruszenia tej reguły przez Sąd a quo w zakresie oceny materiału dowodowego, a zatem i brak błędu w ustaleniach faktycznych przyjętych za podstawę orzeczenia.</xText>
          <xText>Akcentowana przez skarżącego okoliczność, że dając wiarę wyjaśnieniom oskarżonego co do zdarzenia I-go Sąd nieprawidłowo ustalił stan faktyczny nie ma miejsca. Sąd wyraźnie stwierdził, cytując wyjaśnienia oskarżonego z k. 545-552 co było udziałem oskarżonego w zdarzeniu historycznym, w konsekwencji przyjął działanie wspólnie i w porozumieniu. O współsprawstwie zgodnie z utrwalonym orzecznictwem rozważał na stronie 11 uzasadnienia w sposób jak najbardziej prawidłowy, w tym przytoczył oczywisty pogląd, że nie jest koniecznym warunkiem współsprawstwa własnoręczne zrealizowanie znamienia czynu zabronionego w postaci czynności czasownikowej.</xText>
          <xText>Zarzut sformułowany w pkt. 3 apelacji jako zarzut rażącej niewspółmierności kary poprzez niezastosowanie nadzwyczajnego złagodzenia kary z uwagi na wskazywany przez skarżącego stopień winy oskarżonego i społecznego niebezpieczeństwa czynu, gdy powiąże się go z uzasadnieniem apelacji prowadzi de facto do próby wykazania, że zachowanie oskarżonego stanowi wypadek mniejszej wagi, a w konsekwencji były podstawy do zastosowania nadzwyczajnego złagodzenia kary.</xText>
          <xText>Oceniając zachowanie oskarżonego <xAnon>I. B.</xAnon> ewidentnie prawidłowo jako współsprawstwo nie można mówić, jak chce tego skarżący o „niezasadnym rozszerzeniu roli” tego oskarżonego „w całym przedsięwzięciu”. Skarżący dopatruje się wypadku mniejszej wagi w zachowaniu oskarżonego przypisanego jako czyn I z uwagi na rolę jaką przypisuje skarżący ww w popełnieniu czynu, co jak wyżej wskazano jest błędnym wywodem, a nadto odwołując się do motywów i pobudek działania oskarżonego. Jak wynika z uzasadnienia orzeczenia Sąd wskazał, że uwzględnił złą sytuację majątkową, rodzinną i zdrowotną oskarżonego stwierdzając, że wobec braku dowodów przeciwnych brak podstaw do zanegowania twierdzeń oskarżonego. Nie dało to powyższe Sądowi, i słusznie, podstaw do rozważania wypadku mniejszej wagi, oceniając okoliczności przedmiotowo - podmiotowe czynu. Sąd wskazał na wysoki stopień społecznej szkodliwości czynu odwołując się m.in. do ilości przełamań zabezpieczeń, wysokości szkody i rodzajów naruszeń dóbr prawnie chronionych. Zasadnie natomiast Sąd uwzględnił okoliczności akcentowane przez skarżącego, a dotyczące sytuacji majątkowej, rodzinnej i zdrowotnej, fakt niekaralności przy wymiarze kary, wymierzając karę za czyn I w granicach dolnego zagrożenia.</xText>
          <xText>W zarzucie apelacji jest wskazane naruszenie <xLexLink xArt="art. 424;art. 424 § 1" xIsapId="WDU19970890555" xTitle="Ustawa z dnia 6 czerwca 1997 r. - Kodeks postępowania karnego" xAddress="Dz. U. z 1997 r. Nr 89, poz. 555">art. 424 § 1 kpk</xLexLink> , ale brak jakiegokolwiek odniesienia do tego artykułu – w tym nie da się tego „wyłowić” z uzasadnienia środka, co tym samym nie daje możliwości jakiegokolwiek odnoszenia się do zarzutu w tym zakresie.</xText>
          <xText>Również nie ma podstaw, aby podzielić stanowisko w zakresie orzeczenia w oparciu o <xLexLink xArt="art. 46;art. 46 § 1" xIsapId="WDU19970880553" xTitle="Ustawa z dnia 6 czerwca 1997 r. - Kodeks karny" xAddress="Dz. U. z 1997 r. Nr 88, poz. 553">art. 46 § 1 kk</xLexLink>. Skarżący de facto nie sformułował w tym zakresie zarzutu, a jedynie wnosił o zmianę wyroku poprzez orzeczenie obowiązku naprawienia szkody jedynie w kwocie 10.000 złotych. Z uzasadnienia apelacji można wyczytać, że w tym wypadku chodzi o obrazę prawa materialnego poprzez orzeczenie obowiązku naprawienia szkody w całości.</xText>
          <xText>W warunkach określonych w <xLexLink xArt="art. 46;art. 46 § 1" xIsapId="WDU19970880553" xTitle="Ustawa z dnia 6 czerwca 1997 r. - Kodeks karny" xAddress="Dz. U. z 1997 r. Nr 88, poz. 553">art. 46 § 1</xLexLink> sąd zobowiązany jest orzec obowiązek naprawienia szkody, jeżeli szkoda wynikająca z przestępstwa została określona i udowodniona. W uchwale Sądu Najwyższego z dnia 13 grudnia 2000 r., I KZP 40/2000, OSNKW 2001, z. 1-2, poz. 2., którą Sąd podziela, Sąd Najwyższy stwierdził, że ustawodawca wprowadzając środek karny określony w <xLexLink xArt="art. 46;art. 46 § 1" xIsapId="WDU19970880553" xTitle="Ustawa z dnia 6 czerwca 1997 r. - Kodeks karny" xAddress="Dz. U. z 1997 r. Nr 88, poz. 553">art. 46 § 1 k.k.</xLexLink> miał na uwadze przede wszystkim interesy pokrzywdzonego. Skoro ustawa pozwala na orzekanie obowiązku naprawienia szkody „w całości albo w części", a więc w istocie uznaniowo, zależnie od oceny okoliczności konkretnej sprawy, mając na uwadze w pełni zabezpieczanie w postępowaniu karnym interesów pokrzywdzonego regułą powinno być całościowe pokrycie szkody. Orzeczeniu obowiązku naprawienia szkody w całości nie sprzeciwia się zasada indywidualizacji środka karnego w sytuacji popełnienia czynu wspólnie i w porozumieniu z innymi, w tym przypadku, nieustalonymi osobami.</xText>
          <xText>Co do apelacji obrońcy oskarżonego <xAnon>G. G.</xAnon>.</xText>
          <xText>Niezasadny jest zarzut błędu w ustaleniach faktycznych. Sąd ustalił prawidłowo ten stan stwierdzając, że zachowanie oskarżonego w zakresie czynu przypisanego w pkt. V wyczerpuje znamiona współsprawstwa w dokonaniu czynu, a nie jak twierdzi obrońca - przygotowania do popełnienia czynu. Sąd I instancji odnosił się do pojęcia współsprawstwa łącznie w relacji do trzech czynów, a więc dwóch przypisanych <xAnon>I. B.</xAnon> (pkt. I i II sentencji orzeczenia) i czynu przypisanego w pkt. V sentencji <xAnon>G. G.</xAnon>. Częściowo stwierdzenia zawarte powyżej w odniesieniu do apelacji obrońcy oskarżonego <xAnon>I. B.</xAnon> w kontekście współsprawstwa wyczerpują zagadnienie. Ponad to co powyżej, w odniesieniu do argumentacji skarżącego trzeba wskazać, że wyraźnie Sąd akcentuje podział ról,  wkład oskarżonego w realizację czynu. Uczestniczenie w podziale dóbr pochodzących z popełnienia przestępstwa nie jest w ustalonym stanie faktycznym jedynym wyznacznikiem przyjęcia współsprawstwa. Sąd wskazuje, że ten fakt, można rzec, dopełnia obraz działania oskarżonego jako współsprawcy, inaczej, nie jest jedynym argumentem za powyższym. Zatem stanowisko Sądu nie pozostaje w niezgodzie z twierdzeniem skarżącego, że w doktrynie wskazuje się, że uczestniczenie w podziale dóbr pochodzących z przestępstwa nie oznacza uczestniczenia w popełnieniu czynu, o czym np. <xAnon>T. B.</xAnon> w komentarzu do <xLexLink xArt="" xIsapId="WDU19970880553" xTitle="Ustawa z dnia 6 czerwca 1997 r. - Kodeks karny" xAddress="Dz. U. z 1997 r. Nr 88, poz. 553">Kodeksu Karnego</xLexLink>, <xAnon>W.</xAnon>, 2006r. Zdecydowanie działanie oskarżonego rozciąga się na wszystkie elementy czynu opisane w czynie mu przypisanym. Stanowisku skarżącego, że w doktrynie prawa karnego istnieje pogląd, że tzw. skimming stanowi jedynie czynności przygotowawcze do popełnienia przestępstwa podrabiania kart płatniczych co do zasady może być uznane za słuszne, ale zwrócić należy uwagę na opis czynności przypisanych oskarżonemu zgodnie z materiałem dowodowym sprawy, które to czynności nie sprowadzają się przecież tylko i wyłącznie do tego wycinka działania podjętego wspólnie i w porozumieniu.</xText>
          <xText>Co do drugiego czynu przypisany oskarżonemu w pkt. VI sentencji wyroku również nie ma wątpliwości, że prawidłowa jest kwalifikacja prawna zachowania z <xLexLink xArt="art. 310;art. 310 § 4" xIsapId="WDU19970880553" xTitle="Ustawa z dnia 6 czerwca 1997 r. - Kodeks karny" xAddress="Dz. U. z 1997 r. Nr 88, poz. 553">art. 310 § 4</xLexLink> w zw. z <xLexLink xArt="§ 1" xIsapId="WDU19970880553" xTitle="Ustawa z dnia 6 czerwca 1997 r. - Kodeks karny" xAddress="Dz. U. z 1997 r. Nr 88, poz. 553">§ 1 kk</xLexLink>. Skarżący wskazuje, że czyn tak kwalifikowany Sąd dostrzega poprzez ustalenie, że oskarżony przyjechał w marcu 2012r. do Polski, a nadto posiadał urządzenie do tzw. skimmingu. Znów jest to niepełny obraz ustaleń Sądu, albowiem Sąd w oparciu o materiał dowodowy ustala w stanie faktycznym następujące po sobie działania, będące udziałem oskarżonych (strona 4 uzasadnienia ostatni akapit i 5) i odwołując się do stwierdzenia biegłego (już w rozważaniach na k. 12 uzasadnienia), że sprzęt do skimmingu był sprawny i przygotowany do pełnego skimmingu w chwili zatrzymania oskarżonych, zasadnie przyjmuje, że są spełnione wszystkie elementy definicji z <xLexLink xArt="art. 16" xIsapId="WDU19970880553" xTitle="Ustawa z dnia 6 czerwca 1997 r. - Kodeks karny" xAddress="Dz. U. z 1997 r. Nr 88, poz. 553">art. 16 kk</xLexLink>. Nic nie zmienia argumentacja skarżącego, że oskarżony nie był posiadaczem urządzenia w cywilistycznym ujęciu tej definicji. W tym stanie faktycznym nie stanowi to w ogóle o istocie problemu tj. czy oskarżony dopuścił się formy stadialnej czynu. Jego zachowanie nie było jedynie „przewożeniem urządzenia”, dodatkowo, co podkreśla skarżący bez a<xIx>nimus</xIx>, ale jedną z czynności faktycznych podejmowanych dla realizacji czynu. Nadto prawidłowo Sąd przyjął, że celem przyjazdu do Polski w marcu 2012r. nie było tylko zabranie sprzętu, o czym świadczą ustalenia o naładowaniu sprzętu, zmiana taśm, wyjazd do <xAnon>E.</xAnon>, a następnie zamiar wyjazdu do <xAnon>T.</xAnon> (wcale nie celem poznania miast), udaremniony na skutek zatrzymania przez Policję. Obraz dopełnia ustalenie co do rodzaju i przeznaczenia sprzętu zabezpieczonego w <xAnon> hotelu (...)</xAnon> w <xAnon>E.</xAnon> w walizce oskarżonego <xAnon>G. G.</xAnon> ( vide m.in. k. 731-735).</xText>
          <xText>Niejako marginalnie (nie formułując zarzutu apelacyjnego) skarżący wskazał na surowość kary, a odniesienie się do powyżej kwestii uzasadnione jest koniecznością totalnej oceny wyroku w przypadku zaskarżenia go w całości na korzyść. Sąd I instancji miał na uwadze dyrektywy wymiaru kary zawarte w <xLexLink xArt="art. 53;art. 53 § 1;art. 53 § 2" xIsapId="WDU19970880553" xTitle="Ustawa z dnia 6 czerwca 1997 r. - Kodeks karny" xAddress="Dz. U. z 1997 r. Nr 88, poz. 553">art. 53 § 1 i 2 k.k.</xLexLink> Katalog tych okoliczności pozwalał Sądowi I instancji na wymierzenie określonych w wyroku kar za czyny przypisane (kara łączna orzeczona na zasadzie pełnej absorpcji). W szczególności Sąd pierwszej instancji nie popełnił błędu polegającego na przewartościowaniu okoliczności odciążających oskarżonego, w związku z czym w połączeniu z argumentacją w tej mierze nadto uwzględnioną – niekaralność oskarżonego, przyznanie się do winy, okazana skrucha i żal i sytuacja rodzinna, nic wskazuje, aby orzeczone kary, w efekcie kara łączna, była surowa.</xText>
          <xText>Co do apelacji oskarżyciela publicznego.</xText>
          <xText>Zasadne jest twierdzenie skutkujące dokonaną w wyroku zmianą orzeczenia. Zagadnienie nie jest sporne, a więc wystarczy wskazać, że podstawę prawną orzeczonego przepadku winien stanowić <xLexLink xArt="art. 316;art. 316 § 1" xIsapId="WDU19970880553" xTitle="Ustawa z dnia 6 czerwca 1997 r. - Kodeks karny" xAddress="Dz. U. z 1997 r. Nr 88, poz. 553">art. 316 § 1 kk</xLexLink>, jako przepis szczególny w zestawieniu z <xLexLink xArt="art. 44;art. 44 § 2" xIsapId="WDU19970880553" xTitle="Ustawa z dnia 6 czerwca 1997 r. - Kodeks karny" xAddress="Dz. U. z 1997 r. Nr 88, poz. 553">art. 44 § 2 kk</xLexLink>.</xText>
          <xText>Co do zarzutu zamykającego się stwierdzeniem, że Sąd nie miał podstaw, aby przyjąć, że czyny z pkt. II i IV stanowią wypadek mniejszej wagi ( pkt. II i V sentencji orzeczenia), Sąd nie podzielił zdania oskarżyciela publicznego, mając na uwadze tok rozumowania Sądu I instancji. Sąd stoi na stanowisku, że o wypadku mniejszej wagi zdecydowanie decydują okoliczności podmiotowo- przedmiotowe. Rzeczywiście trzeba też przyznać, że wypadek mniejszej wagi bezspornie obejmuje identyczny zespół znamion, jak podstawowa postać przestępstwa. Sąd to wykazał, wyrażając pogląd, że elementy przedmiotowe czynu – ilość przełamań zabezpieczeń (3 sytuacje) oraz wielkość szkody (1390,10 złotych), w tym przypadku stanowią tak istotny element „łagodzący”, że pozwalają na uznanie zachowania za wypadek mniejszej wagi. Nie może stanowić przeciwwagi ustaleniu Sądu twierdzenie, że oskarżeni uczynili sobie z popełnienia czynu stałe źródło dochodu, albowiem takiego zachowania ani nie zarzucano oskarżonym, ani nie przypisano. Również okoliczność, że mogła powstać znacznie większa szkoda w sytuacji, gdyby nie doszło do zablokowania kart płatniczych przez bank, nie stanowi trafnego argumentu.</xText>
          <xText>Reasumując, w całokształcie, stosownie do <xLexLink xArt="art. 437" xIsapId="WDU19970890555" xTitle="Ustawa z dnia 6 czerwca 1997 r. - Kodeks postępowania karnego" xAddress="Dz. U. z 1997 r. Nr 89, poz. 555">art. 437 kpk</xLexLink>, zasadna była zmiana wyroku w części dotyczącej podstawy prawnej zastosowanego przepadku, zaś w pozostałym zakresie z uwagi na brak innych uchybień, utrzymanie wyroku w mocy.</xText>
          <xText>O wynagrodzeniu za obronę z urzędu oskarżonego <xAnon>I. B.</xAnon> przed sądem odwoławczym orzeczono na mocy <xLexLink xArt="§ 14;§ 14 ust. 2;§ 14 ust. 2 pkt. 5" xIsapId="WDU20021631348" xTitle="Rozporządzenie Ministra Sprawiedliwości z dnia 28 września 2002 r. w sprawie opłat za czynności adwokackie oraz ponoszenia przez Skarb Państwa kosztów nieopłaconej pomocy prawnej udzielonej z urzędu" xAddress="Dz. U. z 2002 r. Nr 163, poz. 1348">§14 ust. 2 pkt 5 rozporządzenia Ministra Sprawiedliwości z dnia 28 września 2002r. w sprawach opłat za czynności adwokackie oraz ponoszenia przez Skarb Państwa kosztów nieopłaconej pomocy prawnej udzielonej z urzędu</xLexLink> (Dz.U. Nr 163, poz. 1348) a o kosztach sądowych na mocy <xLexLink xArt="art. 624;art. 624 § 1" xIsapId="WDU19970890555" xTitle="Ustawa z dnia 6 czerwca 1997 r. - Kodeks postępowania karnego" xAddress="Dz. U. z 1997 r. Nr 89, poz. 555">art. 624§1 kpk</xLexLink> uznając, że sytuacja majątkowa oskarżonych i wyłączone możliwości zarobkowania z uwagi orzeczone kary uzasadniają przekonanie, że uiszczenie ich byłoby dla oskarżonych zbyt uciążliwe.</xText>
          
          <xText>
            <xIx/>
            <xAnon>H.</xAnon>
          </xText>
        </xUnit>
      </xBlock>
    </xPart>
  </judgement>
<judgement id="151020000003006_VI_Ka_000018_2013_Uz_2013-03-12_001">
    <xPart xEditorFullName="Roksana Rzechtalska" xYear="2013" xLang="PL" xPublisherFullName="Danuta Panfil" xFromPg="1" xEditor="rrzechtalska_so_slupsk" xVolType="15/102000/0003006/Ka" xPublisher="dpanfil_so_slupsk" xDocType="Uz" xVolNmbr="000018" xVersion="1.0" xToPage="1" xFlag="published">
      <xName>Wyrok+Uzasadnienie</xName>
      <xBlock>
        
        <xText>Sygn. akt VI Ka 18/13</xText>
        <xUnit xIsTitle="true" xBold="true" xType="part">
          <xName>WYROK</xName>
          <xTitle>W IMIENIU RZECZYPOSPOLITEJ POLSKIEJ</xTitle>
          <xText xALIGNx="right"> Dnia 12 marca 2013 roku</xText>
          <xText>Sąd Okręgowy w Słupsku VI Wydział Karny Odwoławczy w składzie:</xText>
          <xText>Przewodniczący SSO Jadwiga Miklińska</xText>
          <xText>Sędziowie: SO Robert Rzeczkowski</xText>
          <xText>del. do SO SR Klaudia <xAnon>Ł.</xAnon></xText>
          <xText>Protokolant Katarzyna Gill</xText>
          <xText>przy udziale Prokuratora Prokuratury Okręgowej Katarzyny Mądry</xText>
          <xText>po rozpoznaniu w dniu 12 marca 2013 roku</xText>
          <xText>sprawy <xBx><xAnon>Z. D. (1)</xAnon></xBx></xText>
          <xText>oskarżonego o czyn z <xLexLink xArt="art. 284;art. 284 § 1" xIsapId="WDU19970880553" xTitle="Ustawa z dnia 6 czerwca 1997 r. - Kodeks karny" xAddress="Dz. U. z 1997 r. Nr 88, poz. 553">art. 284 § 1 k.k.</xLexLink></xText>
          <xText>z powodu apelacji wniesionej przez obrońcę oskarżonego</xText>
          <xText>od wyroku Sądu Rejonowego w Słupsku</xText>
          <xText>z dnia 20 listopada 2012 roku w sprawie XIV K 218/12</xText>
          
          <xUnit xIsTitle="false" xType="none">
            <xName xSffx=".">1</xName>
            <xText>zmienia zaskarżony wyrok i oskarżonego <xAnon>Z. D. (1)</xAnon> uniewinnia od popełnienia zarzucanego mu czynu;</xText>
          </xUnit>
          <xUnit xIsTitle="false" xType="none">
            <xName xSffx=".">2</xName>
            <xText>zasądza od Skarbu Państwa na rzecz adw. <xAnon>A. Z.</xAnon> 516,60 zł (pięćset szesnaście złotych sześćdziesiąt groszy) tytułem należności za obronę oskarżonego z urzędu przed Sądem II instancji;</xText>
          </xUnit>
          <xUnit xIsTitle="false" xType="none">
            <xName xSffx=".">3</xName>
            <xText>kosztami procesu obciąża Skarb Państwa.</xText>
          </xUnit>
        </xUnit>
        <xUnit xIsTitle="true" xBold="true" xType="part">
          <xName>UZASADNIENIE</xName>
          <xText><xBx><xAnon>Z. D. (1)</xAnon></xBx> został oskarżony o czyn z <xLexLink xArt="art. 284;art. 284 § 1" xIsapId="WDU19970880553" xTitle="Ustawa z dnia 6 czerwca 1997 r. - Kodeks karny" xAddress="Dz. U. z 1997 r. Nr 88, poz. 553">art. 284§1 kk</xLexLink> polegający na tym, że</xText>
          <xText>w dniu 15 lipca 2011 r. w <xAnon>P.</xAnon> gm. <xAnon>G.</xAnon> przywłaszczył samochód marki <xAnon>V. (...)</xAnon><xAnon>nr rej. (...)</xAnon> wartości 6.000 zł, czym działał na szkodę <xAnon>A. W. (1)</xAnon>.</xText>
          <xText>Sąd Rejonowy w Słupsku wyrokiem z dnia 20 listopada 2012 r. <xAnon> (...)</xAnon> 218/12 uznał oskarżonego za winnego występku z <xLexLink xArt="art. 284;art. 284 § 2" xIsapId="WDU19970880553" xTitle="Ustawa z dnia 6 czerwca 1997 r. - Kodeks karny" xAddress="Dz. U. z 1997 r. Nr 88, poz. 553">art. 284§2 kk</xLexLink> w zw. z <xLexLink xArt="art. 64;art. 64 § 1" xIsapId="WDU19970880553" xTitle="Ustawa z dnia 6 czerwca 1997 r. - Kodeks karny" xAddress="Dz. U. z 1997 r. Nr 88, poz. 553">art. 64§1 kk</xLexLink> polegającego na tym, że</xText>
          <xText>w dniu 15 lipca 2011 r. w <xAnon>P.</xAnon> gm. <xAnon>G.</xAnon>, będąc uprzednio skazanym prawomocnym wyrokiem Sądu Rejonowego w Wejherowie z dnia 2 lutego 2007 r. sygn.. akt IIK 437/06 za przestępstwo z <xLexLink xArt="art. 286;art. 286 § 1" xIsapId="WDU19970880553" xTitle="Ustawa z dnia 6 czerwca 1997 r. - Kodeks karny" xAddress="Dz. U. z 1997 r. Nr 88, poz. 553">art. 286§1 kk</xLexLink> w zw. z <xLexLink xArt="art. 64;art. 64 § 1" xIsapId="WDU19970880553" xTitle="Ustawa z dnia 6 czerwca 1997 r. - Kodeks karny" xAddress="Dz. U. z 1997 r. Nr 88, poz. 553">art. 64§1 kk</xLexLink>, który to wyrok objęto następnie wyrokiem łącznym Sądu Rejonowego w Wejherowie z dnia 19 grudnia 2008 r. sygn. akt IIK 298/08, którym wymierzono mu karę łączną 5 lat pozbawienia wolności i po odbyciu części tej kary łącznej w okresie od 6 kwietnia 2006 r. do 30 lipca 2007 r., od 7 maja 2008 r. do 9 sierpnia 2010 r., działając wspólnie i w porozumieniu z nieustaloną osobą, przywłaszczył powierzony mu przez <xAnon>W. B. (1)</xAnon> samochód marki <xAnon>V. (...)</xAnon><xAnon>nr rej. (...)</xAnon> wartości 5.000 zł wraz z jego zawartością w postaci kurtki skórzanej z kożuchem wartości 350 zł, kurtki zimowej męskiej wartości 50 zł, kurtki sportowej wartości 200 zł, płaszcza damskiego wartości 100 zł, 4 par butów wartości 200 zł, kompletu kluczy samochodowych wartości 300 zł i lewarka wartości 300 zł, czym działał na szkodę <xAnon>A. W. (1)</xAnon>.</xText>
          <xText>Za tak przypisane przestępstwo Sąd Rejonowy wymierzył oskarżonemu, na mocy <xLexLink xArt="art. 284;art. 284 § 2" xIsapId="WDU19970880553" xTitle="Ustawa z dnia 6 czerwca 1997 r. - Kodeks karny" xAddress="Dz. U. z 1997 r. Nr 88, poz. 553">art. 284§2 kk</xLexLink>, karę roku i 8 miesięcy pozbawienia wolności.</xText>
          <xText>Ponadto orzeczony został wobec oskarżonego, na mocy <xLexLink xArt="art. 46;art. 46 § 1" xIsapId="WDU19970880553" xTitle="Ustawa z dnia 6 czerwca 1997 r. - Kodeks karny" xAddress="Dz. U. z 1997 r. Nr 88, poz. 553">art. 46§1 kk</xLexLink>, środek karny – obowiązek naprawienia części szkody poprzez zapłatę na rzecz <xAnon>A. W.</xAnon> 5.000 zł.</xText>
          <xText>Od Skarbu Państwa zasądzona została na rzecz <xAnon>adw. A. Z.</xAnon> należność tytułem obrony oskarżonego z urzędu w I instancji.</xText>
          <xText><xAnon>Z. D.</xAnon> został zwolniony od kosztów sądowych.</xText>
          
          <xText><xUx>Apelację </xUx>wniósł obrońca oskarżonego, który zaskarżył wyrok w całości.</xText>
          <xText>Zarzucił błąd w ustaleniach faktycznych przyjętych za podstawę orzeczenia i mający wpływ na jego treść, polegający na uznaniu, iż materiał dowodowy, a w szczególności zeznania pokrzywdzonego <xAnon>W. B. (1)</xAnon>, świadka <xAnon>D. G. (1)</xAnon> potwierdziły sprawstwo oskarżonego dokonania zarzucanego mu czynu, podczas gdy prawidłowa analiza materiału dowodowego prowadzi do wniosku odmiennego.</xText>
          <xText>Obrońca wniósł o zmianę wyroku i uniewinnienie oskarżonego, bądź o uchylenie wyroku i skierowanie sprawy do ponownego rozpoznania.</xText>
          
          <xText xALIGNx="center">
            <xBx>Sąd Okręgowy zważył:</xBx>
          </xText>
          
          <xText>apelacja jest słuszna, gdyż ponowna analiza zebranych w sprawie dowodów, dokonana w instancji odwoławczej, w porównaniu z pisemnymi motywami zaskarżonego wyroku, prowadzi do wniosku, że Sąd Rejonowy poczynił błędne ustalenia faktyczne przyjęte za podstawę wyroku, wbrew jednoznacznej wymowie zeznań pokrzywdzonego <xAnon>W. B. (1)</xAnon> oraz świadka <xAnon>D. G. (1)</xAnon>, ocenionych właściwie jako wiarygodnych. Sąd I instancji wyciągnął nieprawidłowe i nieuprawnione – na gruncie tego materiału dowodowego - wnioski o sprawstwie i winie <xAnon>Z. D.</xAnon>. Brak jest bowiem dowodów potwierdzających w sposób niewątpliwy popełnienie przez <xAnon>Z. D. (1)</xAnon> przypisanego mu czynu zabronionego ani jakiegokolwiek innego na szkodę <xAnon>W. B.</xAnon> i <xAnon>A. W.</xAnon> – sygnalizowane w uzasadnieniu udzielenie pomocy w przywłaszczeniu rzeczy powierzonej przez inną osobę k. 12.</xText>
          <xText>Wobec tego, że materiał dowodowy został zebrany w sposób wyczerpujący, jest pełny, nie wymaga uzupełnienia ani powtórzenia, to zajęcie stanowiska przez Sąd Okręgowy</xText>
          <xText>w przedmiocie winy oskarżonego było konieczne.</xText>
          <xText>Jak już zaznaczono wyżej nie budzi zastrzeżeń ocena dowodów, jaka została dokonana przez Sąd I instancji. Nie ma żadnych powodów – na gruncie <xLexLink xArt="art. 7" xIsapId="WDU19970890555" xTitle="Ustawa z dnia 6 czerwca 1997 r. - Kodeks postępowania karnego" xAddress="Dz. U. z 1997 r. Nr 89, poz. 555">art. 7 kpk</xLexLink> – do odmówienia wiary zeznaniom <xAnon>W. B.</xAnon> i wspierających je, uzupełniających, zeznań <xAnon>D. G.</xAnon>. Nie ujawniły się też powody – a czyni to obrona w sposób mało przekonujący - do podważenia wiarygodności zeznań <xAnon>R. H. (1)</xAnon>, właściciela warsztatu, skąd oskarżony z inną nieustaloną osobą odebrał przedmiotowy samochód.</xText>
          <xText>Te dowody mają kluczowe znaczenie dla rozstrzygnięcia w sprawie, gdyż <xAnon>A. W. (1)</xAnon> znała okoliczności związane z oddaniem samochodu do naprawy, jak</xText>
          <xText>i odebraniem przez inną osobę wyłącznie z relacji – jak to określiła – swojego przyjaciela <xAnon>W. B. (1)</xAnon>. Zaznaczyła jednak, że oskarżonego <xAnon>Z. D. (1)</xAnon> nie zna, nigdy przed rozprawą nie widziała i nie poznała.</xText>
          <xText>Wbrew temu co przyjął Sąd Rejonowy w podstawie ustaleń faktycznych, <xAnon>W. B. (1)</xAnon> nie powierzał samochodu <xAnon>V. (...)</xAnon><xAnon>nr rej. (...)</xAnon> oskarżonemu <xAnon>Z. D.</xAnon>. O ile w toku postępowania przygotowawczego fakt ten wydawał się być w wysokim stopniu uprawdopodobniony, to już na rozprawie głównej okazało się, że pokrzywdzony, jakim jest też posiadacz zależny, a przecież <xAnon>W. B. (1)</xAnon> użytkował ten pojazd i oddawał do naprawy, nie zna w ogóle oskarżonego, ujrzał go pierwszy raz w Sądzie Rejonowym w Słupsku, nie prowadził z nim żadnych rozmów odnośnie odebrania pojazdu z warsztatu w <xAnon>P.</xAnon>, błędnie łączył imię i nazwisko oskarżonego z inną osobą, z nim spokrewnioną. To pokrzywdzony jest osobą, która najlepiej wie komu powierzył samochód. Skoro okazanego na rozprawie oskarżonego, nie rozpoznał jako sprawcy przestępstwa, to nie ma powodów, by tę relację dwukrotnie składaną w toku rozprawy głównej podważyć. <xAnon>W. B. (1)</xAnon> podtrzymał w całości swoje zeznania składane w toku postępowania przygotowawczego. Wobec stanowiska zaprezentowanego w toku rozprawy głównej zeznania jego nie są sprzeczne. W zgodzie z tymi zeznaniami pozostaje także relacja <xAnon>D. G.</xAnon>, który przecież nie był obecny w trakcie rozmowy prowadzonej przez <xAnon>W. B.</xAnon> z osobą nazywaną przez tego ostatniego <xAnon>Z. D. (1)</xAnon> na temat powierzenia auta, jak i nie wiedział, kto ostatecznie odebrał samochód z warsztatu. Potwierdził on natomiast prowadzenie rozmów</xText>
          <xText>z oskarżonym na temat zwrotu auta. Jak słusznie zauważył Sąd Rejonowy, za każdym razem oskarżony <xAnon>Z. D. (1)</xAnon> oświadczał, że sprawdzi co się dzieje i oddzwoni.</xText>
          <xText>Niewątpliwą okolicznością ustaloną na podstawie zeznań <xAnon>R. H.</xAnon> jest fakt odbioru przedmiotowego samochodu z warsztatu przez oskarżonego i drugą nieustaloną osobę, która za naprawę zapłaciła. Osoby te przywiozły ze sobą olej do silnika, tak jak uzgodnił to pokrzywdzony z mechanikiem. Jednak ta jedyna łączność oskarżonego z samochodem <xAnon>A. W.</xAnon>, nawet w kontekście późniejszych jego rozmów na temat zwrotu auta, nie wystarcza do przypisania oskarżonemu winy w zakresie mu zarzuconym ani żadnym innym. Brak jest bowiem wystarczających dowodów, by uznać, że <xAnon>Z. D. (1)</xAnon> działał umyślnie z zamiarem udzielenia pomocy innej osobie w popełnieniu przywłaszczenia, gdyż stoi temu na przeszkodzie zasada z <xLexLink xArt="art. 5;art. 5 § 2" xIsapId="WDU19970890555" xTitle="Ustawa z dnia 6 czerwca 1997 r. - Kodeks postępowania karnego" xAddress="Dz. U. z 1997 r. Nr 89, poz. 555">art. 5§2 kpk</xLexLink>. Nie ma podstaw dowodowych, by przyjąć, iż miał on wiedzę oraz obejmował swoim zamiarem ułatwienie innej osobie przywłaszczenie samochodu. Tylko przypuszczeniem jest stwierdzenie, że oskarżony i inna nieustalona osoba postąpili z odebraną z warsztatu rzeczą, jak własną. Nie da się też obronić stanowiska doszukującego się dowodu obciążającego w podobnym sposobie działania ustalonego w innej sprawie.</xText>
          <xText>W tym stanie rzeczy Sąd Okręgowy, na podstawie <xLexLink xArt="art. 437;art. 437 § 2" xIsapId="WDU19970890555" xTitle="Ustawa z dnia 6 czerwca 1997 r. - Kodeks postępowania karnego" xAddress="Dz. U. z 1997 r. Nr 89, poz. 555">art. 437§2 kpk</xLexLink>, orzekł odmiennie co do istoty, zmienił zaskarżony wyrok i oskarżonego <xAnon>Z. D. (1)</xAnon> uniewinnił od popełnienia zarzucanego mu czynu.</xText>
          <xText>Kosztami procesu został obciążony Skarb Państwa na podstawie <xLexLink xArt="art. 632;art. 632 pkt. 2" xIsapId="WDU19970890555" xTitle="Ustawa z dnia 6 czerwca 1997 r. - Kodeks postępowania karnego" xAddress="Dz. U. z 1997 r. Nr 89, poz. 555">art. 632 pkt 2 kpk</xLexLink>.</xText>
          <xText>Koszty obrony z urzędu za postępowanie odwoławcze zostały zasądzone na podstawie art. 29 ust. 1 ustawy z ustawy z 29.05.1982 Prawo o adwokaturze w zw. z <xLexLink xArt="§ 2;§ 2 ust. 3;§ 2 ust. 14;§ 2 ust. 2;§ 2 ust. 2 pkt. 4" xIsapId="WDU20021631348" xTitle="Rozporządzenie Ministra Sprawiedliwości z dnia 28 września 2002 r. w sprawie opłat za czynności adwokackie oraz ponoszenia przez Skarb Państwa kosztów nieopłaconej pomocy prawnej udzielonej z urzędu" xAddress="Dz. U. z 2002 r. Nr 163, poz. 1348">§ 2 ust. 3 i 14 ust. 2 pkt 4 rozporządzenia Ministra Sprawiedliwości z 28.09.2002 r. w sprawie opłat za czynności adwokackie oraz ponoszenia przez Skarb Państwa kosztów nieopłaconej pomocy prawnej udzielanej z urzędu</xLexLink>.</xText>
        </xUnit>
      </xBlock>
    </xPart>
  </judgement>
<judgement id="152500000001521_III_AUa_000281_2012_Uz_2012-08-29_001">
    <xPart xEditorFullName="Dorota Szubska" xYear="2012" xLang="PL" xPublisherFullName="Dorota Szubska" xFromPg="1" xEditor="szubdoro" xVolType="15/250000/0001521/AUa" xPublisher="szubdoro" xDocType="Uz" xVolNmbr="000281" xVersion="1.0" xToPage="1" xFlag="published">
      <xName>Wyrok+Uzasadnienie</xName>
      <xBlock>
        <xText>Sygn. akt: III AUa 281/12</xText>
        <xUnit xIsTitle="true" xType="part" xBold="true">
          <xName>WYROK</xName>
          <xTitle>W IMIENIU RZECZYPOSPOLITEJ POLSKIEJ</xTitle>
          <xText xALIGNx="right">Dnia 29 sierpnia 2012 r.</xText>
          
          <xText>Sąd Apelacyjny w Łodzi, III Wydział Pracy i Ubezpieczeń Społecznych</xText>
          <xText>w składzie:</xText>
          <xText>Przewodniczący: SSA Janina Kacprzak</xText>
          <xText>Sędziowie:SSA Jacek Zajączkowski</xText>
          <xText>SSA Anna Szczepaniak-Cicha (spr.)</xText>
          <xText>Protokolant: sekr. sądowy Patrycja Stasiak</xText>
          
          <xText>po rozpoznaniu w dniu 29 sierpnia 2012 r. w Łodzi</xText>
          <xText>sprawy<xBx><xAnon>P. K.</xAnon></xBx></xText>
          <xText>przeciwko <xBx> Zakładowi Ubezpieczeń Społecznych Oddziałowi w <xAnon>T.</xAnon></xBx></xText>
          <xText>o emeryturę,</xText>
          <xText>na skutek apelacji organu rentowego</xText>
          <xText>od wyroku Sądu Okręgowego - Sądu Pracy i Ubezpieczeń Społecznych w Piotrkowie Trybunalskim</xText>
          <xText>z dnia 20 grudnia 2011 r., sygn. akt: V U 1036/11;</xText>
          <xUnit xIsTitle="false" xType="none">
            <xName xSffx=".">1</xName>
            <xText>
              <xBx>oddala apelację; </xBx>
            </xText>
          </xUnit>
          <xUnit xIsTitle="false" xType="none">
            <xName xSffx=".">2</xName>
            <xText>
              <xBx>zasądza od Zakładu Ubezpieczeń Społecznych Oddziału w <xAnon>T.</xAnon> na rzecz <xAnon>P. K.</xAnon> kwotę 120 (sto dwadzieścia) złotych tytułem zwrotu kosztów zastępstwa procesowego za drugą instancję. </xBx>
            </xText>
          </xUnit>
          <xText>Sygn. akt III AUa 281/12</xText>
        </xUnit>
        <xUnit xIsTitle="true" xType="part" xBold="true">
          <xName>UZASADNIENIE</xName>
          <xText>Decyzją z dnia 1 września 2011 roku Zakład Ubezpieczeń Społecznych Oddział w <xAnon>T.</xAnon> odmówił <xAnon>P. K.</xAnon> prawa do emerytury nauczycielskiej wobec braku co najmniej 20 lat stażu pracy w szczególnym charakterze.</xText>
          <xText>W odwołaniu z dnia 28 września 2011 roku <xAnon>P. K.</xAnon> domagał się przyznania prawa do emerytury wskutek zaliczenia do stażu pracy w szczególnym charakterze okresu odbywania zasadniczej służby wojskowej oraz okresu zatrudnienia w charakterze instruktora praktycznej nauki zawodu w latach 1979 - 1981. Oddział ZUS w <xAnon>T.</xAnon> wnosił o oddalenie odwołania.</xText>
          
          <xText>Sąd Okręgowy Sąd Pracy i Ubezpieczeń Społecznych w Piotrkowie Trybunalskim wyrokiem z dnia 20 grudnia 2011 roku zmienił zaskarżoną decyzję i przyznał <xAnon>P. K.</xAnon> prawo do emerytury od dnia 1 sierpnia 2011 roku oraz zasądził koszty procesu na rzecz ubezpieczonego.</xText>
          
          <xText>Sąd Okręgowy ustalił, że <xAnon>P. K.</xAnon>, <xAnon>urodzony (...)</xAnon>, w dniu 1 sierpnia 2011 roku wystąpił z wnioskiem do ZUS o przyznanie prawa do emerytury nauczycielskiej. Ubezpieczony nie przystąpił do otwartego funduszu emerytalnego. Niespornie odwołujący posiada ponad 30 lat okresów zatrudnienia. Organ rentowy nie kwestionował okresu pracy <xAnon>P. K.</xAnon> w szczególnym charakterze w wymiarze 19 lat 5 miesięcy i 2 dni.</xText>
          <xText>Ostatnim miejscem zatrudnienia wnioskodawcy było <xAnon> Centrum (...)</xAnon> w <xAnon>P.</xAnon>, w którym pracował do dnia 31 sierpnia 2011 roku jako nauczyciel praktycznej nauki zawodu, stosunek pracy ustał z mocy art. 23 ust. 1 pkt 1 Karty Nauczyciela.</xText>
          <xText>W trakcie zatrudnienia w szczególnym charakterze od dnia 1 września 1975 roku do dnia 18 września 1978 roku w <xAnon>B.</xAnon> Międzyszkolnej w <xAnon>J.</xAnon> jako wychowawca, <xAnon>P. K.</xAnon> od 27 października 1975 roku do 30 czerwca 1977 roku pełnił czynną zasadniczą służbę wojskową, do pracy w tej szkole powrócił niezwłocznie po odbyciu służby.</xText>
          <xText>W tak ustalonym stanie faktycznym Sąd Okręgowy uznał odwołanie za uzasadnione. Przepis <xLexLink xArt="art. 88" xIsapId="WDU19820030019" xTitle="Ustawa z dnia 26 stycznia 1982 r. Karta Nauczyciela" xAddress="Dz. U. z 1982 r. Nr 3, poz. 19">art. 88 ustawy z dnia 26 stycznia 1982 roku Karta Nauczyciela</xLexLink> (t.j. Dz.U. z 2006r., Nr 97, poz. 674) stanowi, że nauczyciele mający trzydziestoletni okres zatrudnienia, w tym 20 lat wykonywania pracy w szczególnym charakterze, zaś nauczyciele szkół, placówek, zakładów specjalnych oraz zakładów poprawczych i schronisk dla nieletnich - dwudziestopięcioletni okres zatrudnienia, w tym 20 lat wykonywania pracy w szczególnym charakterze w szkolnictwie specjalnym, mogą - po rozwiązaniu na swój wniosek stosunku pracy - przejść na emeryturę.</xText>
          <xText>W przedmiotowym przypadku ZUS odmówił wnioskodawcy prawa do emerytury wobec braku 20. letniego okresu ubezpieczenia. Z powołaniem się na zapatrywania wyrażone w wyroku Sądu Najwyższego z dnia 6 kwietnia 2006 roku w sprawie sygn. akt III UK 5/06 Sąd Okręgowy podzielił stanowisko odwołującego, że do okresu pracy w szczególnym charakterze zaliczyć należy czas odbywania zasadniczej służby wojskowej. W przypadku wnioskodawcy okres ten wynosi 1 rok 8 miesięcy i 3 dni, a więc jest wystarczający do uzupełnienia brakującego stażu. <xAnon>P. K.</xAnon> przed powołaniem do służby wojskowej pracował na stanowisku w warunkach szczególnych i w ustawowym terminie zgłosił swój powrót do tego zatrudnienia. Natomiast okres praktycznej nauki zawodu może być zaliczony nauczycielowi do pracy w szczególnym charakterze dopiero od dnia 1 września 1988 roku, tj. od wejścia w życie rozporządzenia Ministra Edukacji Narodowej z dnia 10 sierpnia 1988 roku w sprawie rozciągnięcia niektórych przepisów Karty Nauczyciela na instruktorów praktycznej nauki zawodu oraz na niektórych innych pracowników uspołecznionych zakładów pracy prowadzących prace pedagogiczne i wychowawcze (Dz.U. Nr 34, poz. 261), toteż zatrudnienie odwołującego w latach 1979-1981 nie może uwzględnione do okresu pracy w warunkach szczególnych. Ponieważ jednak staż pracy <xAnon>P. K.</xAnon> w szczególnym charakterze, z zaliczeniem okresu służby wojskowej, przekracza 20 lat, odwołujący wykazał spełnienie przesłanek z art. 88 ust. 1 Karty Nauczyciela, toteż Sąd Okręgowy orzekł jak w sentencji na podstawie <xLexLink xArt="art. 477(14);art. 477(14) § 2" xIsapId="WDU19640430296" xTitle="Ustawa z dnia 17 listopada 1964 r. - Kodeks postępowania cywilnego" xAddress="Dz. U. z 1964 r. Nr 43, poz. 296">art. 477<xSUPx>14</xSUPx> § 2 k.p.c.</xLexLink></xText>
          
          <xText>Wyrok ten zaskarżył apelacją Zakład Ubezpieczeń Społecznych Oddział w <xAnon>P.</xAnon> formułując zarzut naruszenia prawa materialnego - <xLexLink xArt="art. 1;art. 88;art. 88 ust. 1;art. 88 ust. 2" xIsapId="WDU19820030019" xTitle="Ustawa z dnia 26 stycznia 1982 r. Karta Nauczyciela" xAddress="Dz. U. z 1982 r. Nr 3, poz. 19">art. 1 i art. 88 ust. 1 i 2 ustawy Karta Nauczyciela</xLexLink> oraz art. 32 ust. 3 pkt 5 ustawy o emeryturach i rentach z FUS przez błędne przyjęcie, że okres zasadniczej służby wojskowej odbytej w czasie trwania stosunku pracy w szczególnym charakterze zalicza się do stażu pracy wymaganego do nabycia prawa do emerytury nauczycielskiej, jeżeli pracownik w ustawowym terminie zgłosił swój powrót do tego zatrudnienia i przyznanie ubezpieczonemu prawa do emerytury, podczas gdy nie spełnił on warunków do jej przyznania.</xText>
          <xText>Wskazując ów zarzut apelujący wniósł o zmianę zaskarżonego wyroku i oddalenie odwołania.</xText>
          <xText>Zgodnie z art. 1 Karty Nauczyciela ustawie podlegają nauczyciele, wychowawcy i inni pracownicy pedagogiczni zatrudnieni w placówkach wymienionych w tym przepisie. Także w świetle art. 32 ust. 3 pkt 5 ustawy o emeryturach i rentach z FUS pracownikami zatrudnionymi w szczególnym charakterze są jedynie nauczyciele, wychowawcy lub inni pracownicy pedagogiczni wykonujący prace pedagogiczną wymienioną w art. 1 Karty Nauczyciela. W powołanych przepisach pracownicy odbywający zasadniczą służbę wojskową nie zostali wymienieni, a wszelka interpretacja rozszerzająca powyższe regulacje jest niedopuszczalna. Przepisy art. 88 KN i art. 32 ustawy emerytalnej nie pozostają w bezpośrednim związku normatywnym, ale oba dotyczą instytucji emerytury o wyjątkowym charakterze, a więc wykładnia przesłanek nabycia prawa musi być ścisła. Skarżący podkreślił, że obowiązująca od dnia 29 listopada 1967 roku ustawa o powszechnym obowiązku obrony w art. 108 ust. 1 stanowiła jedynie o zaliczaniu okresu odbytej służby wojskowej do wszelkich uprawnień związanych z zatrudnieniem, przez które rozumieć należy uprawnienia wynikające ze stosunku pracy, a nie z systemu zabezpieczenia społecznego, jak stwierdził Sąd Najwyższy w wyroku z dnia 11 marca 2009 roku, sygn. akt II UK 247/08. W okresie odbywania służby wnioskodawca miał status żołnierza, a nie nauczyciela, toteż nie można skutecznie przyjąć, że w spornym okresie służby wykonywał prace w szczególnym charakterze.</xText>
          
          <xText>
            <xBx>Sąd Apelacyjny Sąd Pracy i Ubezpieczeń Społecznych zważył:</xBx>
          </xText>
          
          <xText>Apelacja organu rentowego nie jest zasadna.</xText>
          <xText>Kontrola instancyjna zaskarżonego rozstrzygnięcia prowadzi do akceptacji ustaleń poczynionych przez Sąd pierwszej instancji oraz uznania, iż z dokonanej analizy prawnej Sąd Okręgowy wyprowadził prawidłowy wniosek o istnieniu podstaw do uwzględnienia odwołania, choć nie pogłębił rozważań na gruncie podstaw prawnych umożliwiających zaliczanie okresów służby wojskowej, odbytej w latach siedemdziesiątych ubiegłego wieku, do stażu pracy nauczyciela w szczególnym charakterze.</xText>
          <xText>Zgodnie z odesłaniem <xLexLink xArt="art. 47" xIsapId="WDU19981621118" xTitle="Ustawa z dnia 17 grudnia 1998 r. o emeryturach i rentach z Funduszu Ubezpieczeń Społecznych" xAddress="Dz. U. z 1998 r. Nr 162, poz. 1118">art. 47 ustawy z dnia 17 grudnia 1998 roku o emeryturach i rentach z Funduszu Ubezpieczeń Społecznych</xLexLink> (t.j. Dz.U. z 2009 r., Nr 153, poz. 1227 ze zm.) zasady przechodzenia na emeryturę nauczycieli bez względu na wiek, urodzonych po dniu 31 grudnia 1948 roku a przed dniem 1 stycznia 1969 roku, określają odrębne przepisy. Przepisem tym jest <xLexLink xArt="art. 88" xIsapId="WDU19820030019" xTitle="Ustawa z dnia 26 stycznia 1982 r. Karta Nauczyciela" xAddress="Dz. U. z 1982 r. Nr 3, poz. 19">art. 88 ustawy z dnia 26 stycznia 1982 roku Karta Nauczyciela</xLexLink> (t.j. Dz.U. z 2006r., Nr 97, poz. 674), który w <xLexLink xArt="art. 88 ust. 1" xIsapId="WDU19820030019" xTitle="Ustawa z dnia 26 stycznia 1982 r. Karta Nauczyciela" xAddress="Dz. U. z 1982 r. Nr 3, poz. 19">ust. 1</xLexLink> stanowi, że nauczyciele mający trzydziestoletni okres zatrudnienia, w tym 20 lat wykonywania pracy w szczególnym charakterze, zaś nauczyciele szkół, placówek, zakładów specjalnych oraz zakładów poprawczych i schronisk dla nieletnich - dwudziestopięcioletni okres zatrudnienia, w tym 20 lat wykonywania pracy w szczególnym charakterze w szkolnictwie specjalnym, mogą - po rozwiązaniu na swój wniosek stosunku pracy - przejść na emeryturę. Przepis ten stwarza więc przywilej przejścia na emeryturę bez względu na wiek nauczycielom, którzy mają dłuższy, niż wymagany przepisami ogólnymi okres zatrudnienia (dla kobiet 30 lat) oraz dłuższy okres pracy w szczególnym charakterze (20 lat, zamiast 15 lat wymaganych powszechnie). Dodać trzeba, że warunki stażowe z <xLexLink xArt="art. 88;art. 88 ust. 1" xIsapId="WDU19820030019" xTitle="Ustawa z dnia 26 stycznia 1982 r. Karta Nauczyciela" xAddress="Dz. U. z 1982 r. Nr 3, poz. 19">art. 88 ust. 1</xLexLink> KN spełnione być muszą przez nauczyciela do dnia 31 grudnia 2008 roku - <xLexLink xArt="art. 88;art. 88 ust. 2 a" xIsapId="WDU19820030019" xTitle="Ustawa z dnia 26 stycznia 1982 r. Karta Nauczyciela" xAddress="Dz. U. z 1982 r. Nr 3, poz. 19">art. 88 ust. 2a</xLexLink> KN. <xAnon>P. K.</xAnon> wywodzi swe roszczenie emerytalne właśnie z normy art. 88 KN. Sąd Apelacyjny podziela stanowisko, że przesłanki z art. 88 KN, jako przepisu szczególnego, odbiegającego od systemu powszechnego, muszą być interpretowane w sposób ścisły (tak SN m.in. w wyroku z dnia 20 listopada 2001 roku, II UKN 626/00, OSNP 2003/16/390).]</xText>
          <xText>Bez wątpienia nie ma bezpośredniego związku pomiędzy art. 88 ust. 1 KN, który przewiduje prawo do emerytury nauczycielskiej bez względu na wiek, a przepisem art. 32 ustawy z dnia 17 grudnia 1998 roku o emeryturach i rentach z FUS, regulującym prawo do emerytury w obniżonym wieku z tytułu pracy w szczególnych warunkach lub szczególnym charakterze, gdyż są to dwa różne uprawnienia. Sąd Apelacyjny akceptuje przy tym stanowisko utrwalone w judykaturze, że przepis art. 88 KN jest regulacją szczególną wobec przepisów ustawy z 1998 roku i w zakresie uprawnień emerytalnych nauczycieli normuje wymagania, których spełnienie uprawnia nauczyciela do emerytury, a więc określenie pracy w szczególnym charakterze, użyte w art. 88 ust. 1 KN, ma charakter autonomiczny i pełny (zob. wyrok SN z dnia 19 października 2010 roku, II UK 108/10, LEX nr 688682).</xText>
          <xText>Zważyć jednak należy, że <xLexLink xArt="§ 15" xIsapId="WDU19830080043" xTitle="Rozporządzenie Rady Ministrów z dnia 7 lutego 1983 r. w sprawie wieku emerytalnego oraz wzrostu emerytur i rent inwalidzkich dla pracowników zatrudnionych w szczególnych warunkach lub w szczególnym charakterze" xAddress="Dz. U. z 1983 r. Nr 8, poz. 43">§ 15 rozporządzenia Rady Ministrów z dnia 7 lutego 1983 roku w sprawie wieku emerytalnego pracowników zatrudnionych w szczególnych warunkach lub w szczególnym charakterze</xLexLink> (Dz.U. Nr 8, poz. 43 ze zm.) przewiduje, iż nauczyciel, wychowawca lub inny pracownik pedagogiczny wykonujący pracę nauczycielską wymienioną w <xLexLink xArt="art. 1;art. 1 pkt. 1;art. 1 pkt. 2;art. 1 pkt. 3;art. 1 pkt. 4;art. 1 pkt. 5;art. 1 pkt. 6;art. 1 pkt. 7" xIsapId="WDU19820030019" xTitle="Ustawa z dnia 26 stycznia 1982 r. Karta Nauczyciela" xAddress="Dz. U. z 1982 r. Nr 3, poz. 19">art. 1 pkt 1-7 ustawy Karta Nauczyciela</xLexLink>, określoną w tej ustawie jako praca zaliczona do I kategorii zatrudnienia, nabywa prawo do emerytury na zasadach określonych w § 4 i jest uważany za wykonującego prace w szczególnym charakterze. Z zestawienia tych przepisów wynika, że przy ocenie warunków nabycia przez nauczycieli prawa do emerytury za pracę w szczególnym charakterze (pierwszą kategorię zatrudnienia) uważa się wyłącznie pracę nauczycieli, wychowawców i pozostałych pracowników wymienionych w art. 1 pkt 1-7 Karty Nauczyciela. Pozwala to na stwierdzenie, że w zakresie uregulowanym Kartą Nauczyciela <xLexLink xArt="" xIsapId="WDU19830080043" xTitle="Rozporządzenie Rady Ministrów z dnia 7 lutego 1983 r. w sprawie wieku emerytalnego oraz wzrostu emerytur i rent inwalidzkich dla pracowników zatrudnionych w szczególnych warunkach lub w szczególnym charakterze" xAddress="Dz. U. z 1983 r. Nr 8, poz. 43">rozporządzenie Rady Ministrów z dnia 7 lutego 1983 roku</xLexLink> nie dotyczy nauczycieli (tak SN już w uchwale z dnia 23 stycznia 1986r., III UZP 56/85, OSNP 1986/12/203). Do konkluzji tej prowadzi również wykładnia historyczna. Karta Nauczyciela jest aktem wcześniejszym od rozporządzenia RM z 1983 roku. Karta z 1982 roku, przed zmianą dokonaną z dniem 6 sierpnia 1996 roku, stanowiła w <xLexLink xArt="art. 86" xIsapId="WDU19830080043" xTitle="Rozporządzenie Rady Ministrów z dnia 7 lutego 1983 r. w sprawie wieku emerytalnego oraz wzrostu emerytur i rent inwalidzkich dla pracowników zatrudnionych w szczególnych warunkach lub w szczególnym charakterze" xAddress="Dz. U. z 1983 r. Nr 8, poz. 43">art. 86</xLexLink>, że do pracowników pierwszej kategorii zatrudnienia zalicza się nauczycieli, o których mowa w art. 1 pkt 1-7, a zatem ustawa wprowadziła własne określenie tego zatrudnienia nawiązując do miejsca wykonywania pracy pedagogicznej, czyli do pracy w konkretnych placówkach. Była to regulacja zupełna i nie odwołująca się do żadnych przesłanek dodatkowych, które zostały przewidziane w rozporządzeniu RM z dnia 7 lutego 1983 roku. Także obecnie zawarte w art. 88 ust. 1 KN oznaczenie, jaka praca nauczycielska jest pracą w szczególnym charakterze, jest wyczerpujące. W orzecznictwie podkreśla się jednak, z czym należy się zgodzić, że przepis art. 88 ust. 1 Karty Nauczyciela nie definiuje wprost samego pojęcia „pracy w szczególnym charakterze” w odniesieniu do pracy nauczyciela, jak i pojęć „okres zatrudnienia” oraz „wykonywanie pracy”. Biorąc pod uwagę, że przepisy art. 88 oraz art. 86 KN, z mocy art. 32 ust. 5 oraz art. 47 ustawy o emeryturach i rentach z FUS, należą do systemu emerytalnego, przy interpretacji tych zwrotów należy odwoływać się do definicji obowiązujących w systemie (zob. wyrok SN z dnia 25 czerwca 2010 roku, II UK 64/10, LEX nr 607446). Nadto możliwość zaliczania okresów „niewykonywania pracy”, których uwzględnienia do pracy nauczycielskiej domaga się nauczyciel przy ocenie warunków nabycia prawa do emerytury, np. okresów nieobecności w pracy spowodowanych czasową niezdolnością do pracy, urlopem macierzyńskim, urlopem dla podratowania zdrowia, okresów odbywania służby wojskowej itp., pozostaje poza regulacją Karty Nauczyciela. Stosowanie art. 32 ustawy o emeryturach i rentach z FUS do tak rozumianych „warunków”, na których nauczycielowi przysługuje prawo do emerytury, jest w pełni uprawnione i potwierdzone bogatym orzecznictwem na gruncie art. 32 ust. 1a ustawy emerytalnej (vide wyroki SN: z dnia 5 maja 2005r., II UK 219/04, OSNP 2005/22/361, z dnia 5 maja 2005r., II UK 215/04, OSNP 2005/22/360, z dnia 3 lutego 2010r., I UK 250/09, LEX nr 585726). Dlatego też sporny „warunek” nabycia prawa do emerytury należało rozpatrywać na gruncie art. 32 ustawy emerytalnej. Nadto pominięcie przepisu art. 32 ust. 1 pkt 5 i ust. 4 ustawy o emeryturach i rentach z FUS, w odniesieniu do możliwości zaliczania nauczycielom służby wojskowej do stażu pracy w szczególnym charakterze, mogłoby zostać uznane za dyskryminujące wobec jednej tylko grupy zawodowej w stosunku do innych pracowników wykonujących szczególne zatrudnienie (por. uzasadnienie wyroku SN z dnia 5 lutego 2009r., II UK 185/08, LEX nr 725047).</xText>
          <xText>Na tle problemu uwzględniania okresu zasadniczej służby wojskowej do stażu, od którego zależy prawo do emerytury z tytułu pracy w szczególnych warunkach lub szczególnym charakterze judykatura wypowiadała się wielokrotnie i niejednolicie. Sąd Apelacyjny, w składzie rozpoznającym przedmiotową sprawę, przychyla się do wykładni zaprezentowanej m.in. w wyroku Sądu Najwyższego z dnia 25 lutego 2010 roku (II UK 215/09, OSNP 2011/15-16/219).</xText>
          <xText>Kluczowe znaczenie prawne ma niewątpliwie wyrażona w art. 32 ust. 4 ustawy emerytalnej zasada, że wiek emerytalny, o którym mowa w ust. 1, rodzaje prac lub stanowisk oraz warunki, na podstawie których osobom wymienionym w ust. 2 i 3 (a więc i nauczycielom) przysługuje prawo do emerytury, ustala się na podstawie „przepisów dotychczasowych”. W uchwale siedmiu sędziów z dnia 13 lutego 2002 roku (III ZP 30/01, OSNP 2002/10/243) Sąd Najwyższy wprost wskazał, że za „przepisy dotychczasowe” należy uważać przepisy <xLexLink xArt="" xIsapId="WDU19830080043" xTitle="Rozporządzenie Rady Ministrów z dnia 7 lutego 1983 r. w sprawie wieku emerytalnego oraz wzrostu emerytur i rent inwalidzkich dla pracowników zatrudnionych w szczególnych warunkach lub w szczególnym charakterze" xAddress="Dz. U. z 1983 r. Nr 8, poz. 43">rozporządzenia Rady Ministrów z dnia 7 lutego 1983 roku w sprawie wieku emerytalnego pracowników zatrudnionych w szczególnych warunkach lub w szczególnym charakterze</xLexLink>, wydanego w wykonaniu upoważnienia zawartego w art. 55 ustawy o z.e.p., która utraciła moc na podstawie art. 195 pkt 5 ustawy o emeryturach i rentach z FUS z dniem 1 stycznia 1999 roku, skutkiem czego odpadła także wynikająca z uchylonej ustawy delegacja ustawowa. Ustawa o emeryturach i rentach z FUS upoważnienia podobnego nie zawiera, toteż jej przepis art. 194 stanowiący, że do czasu wydania nowych przepisów wykonawczych przewidzianych w ustawie pozostają w mocy przepisy wykonawcze wydane na podstawie dotychczasowych przepisów, nie może być podstawą prawną zachowania mocy obowiązującej tego rozporządzenia. Zatem odesłanie do „przepisów dotychczasowych” można odnosić do tych przepisów rozporządzenia, które regulują materię określoną w przepisie art. 32 ustawy, a więc wiek, rodzaje prac i stanowisk oraz warunki, na jakich przysługuje emerytura (§ 2 ust. 1, § 3, § 4-8a, § 9-15 rozp.). Nie ma jednak dostatecznych podstaw do wnioskowania, że w powołanej uchwale wykluczono obowiązywanie § 19 rozporządzenia, takiego stwierdzenia w uchwale nie zamieszczono, przy czym zarówno ust. 1. jak i 2. § 19 gwarantują zachowanie dotychczasowych uprawnień przez wskazanie prac uznawanych za prace w szczególnych warunkach lub szczególnym charakterze, poza wymienionymi w wykazach A i B, a są nimi prace dotychczas zaliczone do pierwszej kategorii zatrudnienia. Zapatrywania takie wyraził Sąd Najwyższy w wielu judykatach już po wydaniu wyroku, na który powołał się apelujący: z dnia 11 marca 2009 roku (II UK 247/08, LEX nr 707422), przy czym wyraźnie zaznaczono w motywach kilku późniejszych orzeczeń, że odstępuje się od wykładni dokonanej w tym wyroku (zob. wyrok SN z dnia 25 lutego 2010 roku, II UK 215/09, OSNP 2011/15-16/219, wyrok z dnia 25 lutego 2010 roku, II UK 219/09, <xAnon>L.</xAnon>, wyrok z dnia 9 marca 2010 roku, I UK 333/09, LEX nr 585739). Stanowisko to jest adekwatne dla okoliczności rozpatrywanej sprawy.</xText>
          <xText><xAnon>P. K.</xAnon> pracę zaliczoną do pierwszej kategorii zatrudnienia niewątpliwie wykonywał, gdyż praca wychowawcy w bursie jest pracą nauczyciela, zaliczoną do pierwszej kategorii zatrudnienia. Jeśli przyjąć, że katalog uprawnień i warunków z art. 32 ust. 3 nie jest zamknięty (poprzez § 19 rozporządzenia z 7 lutego 1983 roku), a ubezpieczony świadczył pracę zaliczoną do pierwszej kategorii zatrudnienia, pozostaje do rozważenia kwestia stosowania regulacji prawnych obowiązujących w okresie odbywania przez wnioskodawcę służby wojskowej, to jest brzmienia przepisów uprawniających do zaliczenia czasu odbywania służby, do okresu zatrudnienia w szczególnym charakterze w rozumieniu przepisów rozporządzenia z 1983 roku.</xText>
          <xText><xAnon>P. K.</xAnon> odbywał zasadniczą służbę wojskową od 27 października 1975 roku do 30 czerwca 1977 roku. W tym czasie nie obowiązywał już <xLexLink xArt="" xIsapId="WDU19540300116" xTitle="Dekret z dnia 25 czerwca 1954 r. o powszechnym zaopatrzeniu emerytalnym pracowników i ich rodzin" xAddress="Dz. U. z 1954 r. Nr 30, poz. 116">dekret z dnia 25 czerwca 1954 roku o powszechnym zaopatrzeniu emerytalnym pracowników i ich rodzin</xLexLink> (Dz.U. z 1958r., Nr 23, poz. 97 ze zm.), lecz - od dnia 1 stycznia 1968 roku - <xLexLink xArt="" xIsapId="WDU19680030006" xTitle="Ustawa z dnia 23 stycznia 1968 r. o powszechnym zaopatrzeniu emerytalnym pracowników i ich rodzin" xAddress="Dz. U. z 1968 r. Nr 3, poz. 6">ustawa z dnia 23 stycznia 1968 roku o powszechnym zaopatrzeniu emerytalnym pracowników i ich rodzin</xLexLink> (Dz.U. Nr 3, poz. 6 ze zm.) oraz rozporządzenie Rady Ministrów z dnia 10 września 1956 roku w sprawie zaliczania pracowników do kategorii zatrudnienia (Dz.U. Nr 39, poz. 176 ze zm.), które stanowiło wprawdzie akt wykonawczy do wyżej wskazanego dekretu z 1954 roku, ale zachowało moc na podstawie <xLexLink xArt="art. 127;art. 127 ust. 3" xIsapId="WDU19680030006" xTitle="Ustawa z dnia 23 stycznia 1968 r. o powszechnym zaopatrzeniu emerytalnym pracowników i ich rodzin" xAddress="Dz. U. z 1968 r. Nr 3, poz. 6">art. 127 ust. 3 ustawy z dnia 23 stycznia 1968 roku</xLexLink>. Przepis <xLexLink xArt="art. 127;art. 127 ust. 3" xIsapId="WDU19680030006" xTitle="Ustawa z dnia 23 stycznia 1968 r. o powszechnym zaopatrzeniu emerytalnym pracowników i ich rodzin" xAddress="Dz. U. z 1968 r. Nr 3, poz. 6">art. 127 ust. 3</xLexLink> regulował bowiem, że do czasu wydania przepisów wykonawczych przewidzianych w ustawie obowiązują przepisy wydane na podstawie <xLexLink xArt="" xIsapId="WDU19540300116" xTitle="Dekret z dnia 25 czerwca 1954 r. o powszechnym zaopatrzeniu emerytalnym pracowników i ich rodzin" xAddress="Dz. U. z 1954 r. Nr 30, poz. 116">dekretu o powszechnym zaopatrzeniu emerytalnym pracowników i ich rodzin</xLexLink>, ze zmianami wynikającymi z ustawy. Natomiast w <xLexLink xArt="§ 5" xIsapId="WDU19560390176" xTitle="Rozporządzenie Rady Ministrów z dnia 10 września 1956 r. w sprawie zaliczenia pracowników do kategorii zatrudnienia" xAddress="Dz. U. z 1956 r. Nr 39, poz. 176">§ 5 rozporządzenia z dnia 10 września 1956 roku</xLexLink> okresy wymienione w art. 8 dekretu zostały zaliczone do wymaganych okresów zatrudnienia tak, jak zatrudnienie w II kategorii, z wyjątkiem okresów służby wojskowej, które z kolei podlegają zaliczeniu do I kategorii zatrudnienia. Jeśli pracownik bezpośrednio przed okresami wymienionymi w art. 8 dekretu wykonywał zatrudnienie w pierwszej kategorii, to okresy te zaliczało się jak zatrudnienie w pierwszej kategorii. Kwestie zaliczania pracowników do kategorii zatrudnienia regulował w dekrecie z 1954 roku przepis art. 10 ust. 1 ustalający dwie kategorie zatrudnienia pracowników. Gdy się porówna owe kategorie z kategoriami zatrudnienia określonymi w art. 11 ust. 1 i 2 ustawy z 1968 roku o powszechnym zaopatrzeniu emerytalnym, to widoczna jest różnica, polegająca na poszerzeniu w ustawie katalogu prac zaliczanych do pierwszej kategorii. Natomiast porównanie przepisów zawierających delegacje do wydania przepisów wykonawczych (w dekrecie i w ustawie) prowadzi do wniosku, że w ustawie delegacja ta uległa zawężeniu. W przypadku dekretu delegacja dotyczyła określenia „rodzajów prac” i „warunków zaliczania pracowników do I kategorii zatrudnienia”, zaś w przypadku ustawy delegacja dotyczyła tylko określenia „rodzajów prac”.</xText>
          <xText>Ta właśnie różnica stanowiła punkt wyjścia do formułowania poglądów (m.in. w powoływanym przez apelującego wyroku SN), że tylko w zakresie określenia rodzajów prac przepisy wykonawcze wydane na podstawie dekretu zachowały moc, tj. <xLexLink xArt="§ 5" xIsapId="WDU19560390176" xTitle="Rozporządzenie Rady Ministrów z dnia 10 września 1956 r. w sprawie zaliczenia pracowników do kategorii zatrudnienia" xAddress="Dz. U. z 1956 r. Nr 39, poz. 176">§ 5 rozporządzenia z dnia 10 września 1956 roku</xLexLink>, zaś w części określającej warunki zaliczania do okresu zatrudnienia m.in. służby wojskowej, ten przepis wykonawczy utracił moc po dniu 31 grudnia 1967 roku. Sąd Apelacyjny w składzie rozpatrującym przedmiotową sprawę zapatrywania tego nie podziela. Ustawowe upoważnienie wynikające z art. 11 ust. 4 ustawy o powszechnym zaopatrzeniu emerytalnym pracowników dotyczy ustalenia prac uzasadniających zaliczenie do pierwszej kategorii zatrudnienia wykonywanych przez pracowników wymienionych w art. 11 ust. 2 pkt 1-6 tej ustawy. W tym miejscu odwołać się należy do <xLexLink xArt="art. 108;art. 108 ust. 1" xIsapId="WDU19670440220" xTitle="Ustawa z dnia 21 listopada 1967 r. o powszechnym obowiązku obrony Polskiej Rzeczypospolitej Ludowej" xAddress="Dz. U. z 1967 r. Nr 44, poz. 220">art. 108 ust. 1 ustawy z dnia 21 listopada 1967 roku o powszechnym obowiązku obrony Rzeczypospolitej Polskiej</xLexLink> (t.j. Dz.U. z 2004r., Nr 241, poz. 2416 ze zm.) w brzmieniu obowiązującym w okresie odbywania zasadniczej służby wojskowej przez <xAnon>P. K.</xAnon>. Przepis ten stanowił, że czas odbywania zasadniczej służby wojskowej wlicza się pracownikowi do okresu zatrudnienia w zakresie „wszelkich uprawnień związanych z tym zatrudnieniem”, jeżeli po odbyciu służby podjął on zatrudnienie w tym samym zakładzie pracy. <xLexLink xArt="" xIsapId="WDU19680440318" xTitle="Rozporządzenie Rady Ministrów z dnia 22 listopada 1968 r. w sprawie szczególnych uprawnień żołnierzy i ich rodzin" xAddress="Dz. U. z 1968 r. Nr 44, poz. 318">Rozporządzenie Rady Ministrów z dnia 22 listopada 1968 roku w sprawie szczególnych uprawnień żołnierzy i ich rodzin</xLexLink> (Dz.U. Nr 44, poz. 318 ze zm.), wydane na podstawie art. 108 ust. 4 powołanej ustawy, uszczegółowiło uprawnienia żołnierza, który w terminie 30 dni podjął pracę, przez wskazanie, że żołnierzowi takiemu wlicza się czas odbywania zasadniczej służby wojskowej do okresu zatrudnienia w tym zakładzie, w którym podjął on zatrudnienie, w zakresie wszelkich uprawnień związanych z zatrudnieniem w tym zakładzie oraz w zakresie szczególnych uprawnień uzależnionych od wykonywania pracy na określonym stanowisku lub w określonym zawodzie (§ 5 ust. 1 rozporządzenia w brzmieniu obowiązującym od 4 kwietnia 1975 roku). Nie chodzi więc tylko o uprawnienia, jak chce apelujący, z zakresu stosunku pracy i prawa pracy. Z przytoczonych regulacji płynie wniosek, że okres zasadniczej służby wojskowej jest okresem zaliczonym do zatrudnienia na takich samych warunkach, jak przed odbywaniem służby. Jeśli było to zatrudnienie wymienione w art. 11 ust. 2 pkt 1-6 ustawy o powszechnym zaopatrzeniu pracowników i ich rodzin (punkt 6. dotyczył nauczycieli), to okres służby wojskowej uznany został za takie właśnie zatrudnienie, a żołnierz traktowany jak pracownik wykonujący pracę w pierwszej kategorii zatrudnienia. Dlatego też Rada Ministrów upoważniona była do zajęcia stanowiska co do odbytej służby wojskowej i odpowiedniego jej zakwalifikowania do pierwszej kategorii zatrudnienia w rozumieniu art. 11 ust. 2 ustawy o p.z.e., co prowadzi do wniosku, że przepis § 5 rozporządzenia RM z dnia 10 września 1956 roku nadal mieści się w ramach ustawowego upoważnienia, także w części określającej warunki zaliczania do okresu zatrudnienia w pierwszej kategorii zasadniczej okresu służby wojskowej.</xText>
          <xText>Zatem stosownie do treści § 5 rozporządzenia z 1956 roku - okres zasadniczej służby wojskowej <xAnon>P. K.</xAnon>, odbytej w trakcie stosunku pracy wychowawcy w <xAnon>B.</xAnon> Międzyszkolnej w <xAnon>J.</xAnon>, zalicza się do pracy w pierwszej kategorii zatrudnienia. W dniu 1 stycznia 1980 roku zaczęło obowiązywać <xLexLink xArt="" xIsapId="WDU19790130086" xTitle="Rozporządzenie Rady Ministrów z dnia 4 maja 1979 r. w sprawie pierwszej kategorii zatrudnienia" xAddress="Dz. U. z 1979 r. Nr 13, poz. 86">rozporządzenie Rady Ministrów z dnia 4 maja 1979 roku w sprawie pierwszej kategorii zatrudnienia</xLexLink> (Dz.U. Nr 13, poz. 86 ze zm.), a jego § 9 stanowił, że pracownicy, którzy z tytułu zaliczenia ich pracy do pierwszej kategorii zatrudnienia nabyli uprawnienia na podstawie przepisów obowiązujących przed dniem wejścia w życie rozporządzenia, zachowują te uprawnienia. Zasadę tę powtórzyło w § 19 ust. 2 obowiązujące z mocy art. 32 ust. 4 ustawy emerytalnej, jako „przepisy dotychczasowe”, rozporządzenie RM z dnia 7 lutego 1983 roku w sprawie wieku emerytalnego pracowników zatrudnionych w szczególnych warunkach lub szczególnym charakterze.</xText>
          <xText>W świetle powyższych wywodów skonstatować należy, że Sąd Okręgowy doszedł do prawidłowego wniosku, że okres zasadniczej służby wojskowej należy zaliczyć wnioskodawcy do stażu pracy w szczególnym charakterze nauczciela. Choć rozporządzenie RM z dnia 7 lutego 1983 roku nie zawiera pozytywnej regulacji stwierdzającej, że okres zasadniczej służby wojskowej jest okresem pracy w szczególnych warunkach lub szczególnym charakterze, to jednak, wskutek zastosowania § 19, istnieje prawna możliwość zaliczenia takiej służby do okresu pracy w szczególnym charakterze, jeśli pracownik świadczący pracę na stanowisku w pierwszej kategorii zatrudnienia odbył służbę wojskową pod rządem art. 108 ust. 1 i 4 o powszechnym obowiązku obrony w zw. z art. 11 ust. 2 ustawy o p.z.e., jak też spełnił wymogi w zakresie terminowego powrotu do zakładu pracy po zakończeniu służby i kontynuacji zatrudnienia w szczególnym charakterze. Powyższe rozważania prowadzą do wniosku, że chybione są apelacyjne zarzuty obrazy prawa materialnego przez zaliczenie czasu pełnienia zasadniczej służby wojskowej przez <xAnon>P. K.</xAnon> do wymaganego okresu zatrudnienia w szczególnym charakterze, jakim jest wykonywanie przez niego pracy nauczycielskiej w wymiarze 20 lat. Skutkiem tego Sąd Apelacyjny oddalił apelację Oddziału ZUS w <xAnon>T.</xAnon> na podstawie <xLexLink xArt="art. 385" xIsapId="WDU19640430296" xTitle="Ustawa z dnia 17 listopada 1964 r. - Kodeks postępowania cywilnego" xAddress="Dz. U. z 1964 r. Nr 43, poz. 296">art. 385 k.p.c.</xLexLink>, jako bezzasadną.</xText>
          <xText>O zwrocie kosztów zastępstwa procesowego za drugą instancję orzeczono z mocy <xLexLink xArt="art. 98;art. 98 § 1;art. 98 § 3" xIsapId="WDU19640430296" xTitle="Ustawa z dnia 17 listopada 1964 r. - Kodeks postępowania cywilnego" xAddress="Dz. U. z 1964 r. Nr 43, poz. 296">art. 98 § 1 i § 3 k.p.c.</xLexLink> oraz <xLexLink xArt="art. 98 § 13;art. 98 § 13 ust. 1;art. 98 § 13 ust. 1 pkt. 2" xIsapId="WDU19640430296" xTitle="Ustawa z dnia 17 listopada 1964 r. - Kodeks postępowania cywilnego" xAddress="Dz. U. z 1964 r. Nr 43, poz. 296">§ 13 ust. 1 pkt 2</xLexLink> w zw. <xLexLink xArt="§ 12;§ 12 ust. 2" xIsapId="WDU20021631348" xTitle="Rozporządzenie Ministra Sprawiedliwości z dnia 28 września 2002 r. w sprawie opłat za czynności adwokackie oraz ponoszenia przez Skarb Państwa kosztów nieopłaconej pomocy prawnej udzielonej z urzędu" xAddress="Dz. U. z 2002 r. Nr 163, poz. 1348">§ 12 ust. 2 rozporządzenia Ministra Sprawiedliwości z dnia 28 września 2002 roku w sprawie opłat za czynności adwokackie oraz ponoszenia przez Skarb Państwa kosztów nieopłaconej pomocy prawnej udzielonej z urzędu</xLexLink> (Dz.U. Nr 163, poz. 1348 ze zm.).</xText>
          
          <xText>Sędziowie: Przewodnicząca:</xText>
        </xUnit>
      </xBlock>
    </xPart>
  </judgement>
<judgement id="153000000001521_III_APa_000009_2012_Uz_2012-08-29_001">
    <xPart xEditorFullName="Bożena Karczmarz" xYear="2012" xLang="PL" xPublisherFullName="Ewa Sidor" xFromPg="1" xEditor="karczmarz" xVolType="15/300000/0001521/APa" xPublisher="sidor" xDocType="Uz" xVolNmbr="000009" xVersion="1.0" xToPage="13" xFlag="published">
      <xName>Wyrok+Uzasadnienie</xName>
      <xBlock>
        <xText>Sygn. akt III APa 9/12</xText>
        
        <xUnit xIsTitle="true" xType="part" xBold="true">
          <xName>WYROK</xName>
          <xTitle>W IMIENIU RZECZYPOSPOLITEJ POLSKIEJ</xTitle>
          <xText>Dnia 29 sierpnia 2012 r.</xText>
          
          <xText>
            <xBx>Sąd Apelacyjny w Lublinie III Wydział Pracy i Ubezpieczeń Społecznych </xBx>
          </xText>
          <xText>w składzie:</xText>
          <xRows>
            <xRow>
              <xClmn xALIGNx="left" xVALIGNx="middle">
                <xText>Przewodniczący - Sędzia</xText>
              </xClmn>
              <xClmn xALIGNx="left" xVALIGNx="middle">
                <xText>SA Elżbieta Gawda</xText>
              </xClmn>
            </xRow>
            <xRow>
              <xClmn xALIGNx="left" xVALIGNx="top">
                <xText>Sędziowie:</xText>
              </xClmn>
              <xClmn xALIGNx="left" xVALIGNx="middle">
                <xText>SA Barbara Mazurkiewicz-Nowikowska</xText>
                <xText>SA Teresa Czekaj (spr.)</xText>
              </xClmn>
            </xRow>
            <xRow>
              <xClmn xALIGNx="left" xVALIGNx="middle">
                <xText>Protokolant: st.prot. sąd. Maciej Mazuryk
        </xText>
              </xClmn>
            </xRow>
          </xRows>
          <xText>po rozpoznaniu w dniu 22 sierpnia 2012 r. w Lublinie</xText>
          <xText>sprawy z powództwa</xText>
          <xUnit xIsTitle="false" xType="none">
            <xName xSffx=".">1</xName>
            <xText><xAnon> Związku Zawodowego (...)</xAnon> w <xAnon>L.</xAnon>,</xText>
          </xUnit>
          <xUnit xIsTitle="false" xType="none">
            <xName xSffx=".">2</xName>
            <xText><xAnon> Związku Zawodowego (...)</xAnon> przy Okręgowym <xAnon> Szpitalu (...)</xAnon> Samodzielnym Publicznym Zakładzie Opieki Zdrowotnej w <xAnon>L.</xAnon>,</xText>
          </xUnit>
          <xUnit xIsTitle="false" xType="none">
            <xName xSffx=".">3</xName>
            <xText><xAnon> (...) Związku Zawodowego (...)</xAnon> Komisji Zakładowej działającej przy Okręgowym <xAnon> Szpitalu (...)</xAnon> Samodzielnym Publicznym Zakładzie Opieki Zdrowotnej w <xAnon>L.</xAnon>,</xText>
          </xUnit>
          <xUnit xIsTitle="false" xType="none">
            <xName xSffx=".">4</xName>
            <xText><xAnon> (...) Związku Zawodowego Lekarzy</xAnon> Oddziału Terenowego przy Okręgowym <xAnon> Szpitalu (...)</xAnon> Samodzielnym Publicznym Zakładzie Opieki Zdrowotnej w <xAnon>L.</xAnon></xText>
          </xUnit>
          <xText>przeciwko Okręgowemu <xAnon> Szpitalowi (...)</xAnon> Samodzielnemu Publicznemu Zakładowi Opieki Zdrowotnej w <xAnon>L.</xAnon></xText>
          <xText>o przekazanie środków na fundusz socjalny</xText>
          <xText>na skutek apelacji powodów: <xAnon> (...) Związku Zawodowego (...)</xAnon> Komisji Zakładowej działającej przy Okręgowym <xAnon> Szpitalu (...)</xAnon> Samodzielnym Publicznym Zakładzie Opieki Zdrowotnej w <xAnon>L.</xAnon>, <xAnon> (...) Związku Zawodowego Lekarzy</xAnon> Oddziału Terenowego przy Okręgowym <xAnon> Szpitalu (...)</xAnon> Samodzielnym Publicznym Zakładzie Opieki Zdrowotnej w <xAnon>L.</xAnon>, <xAnon> Związku Zawodowego (...)</xAnon> przy Okręgowym <xAnon> Szpitalu (...)</xAnon> Samodzielnym Publicznym Zakładzie Opieki Zdrowotnej w <xAnon>L.</xAnon> i <xAnon> Związku Zawodowego (...)</xAnon> w <xAnon>L.</xAnon></xText>
          <xText>od wyroku Sądu Okręgowego - Sądu Pracy w Lublinie
  </xText>
          <xText>z dnia 22 listopada 2010 r. sygn. akt VII P 14/10</xText>
          <xUnit xIsTitle="false" xType="none">
            <xName xSffx=".">I</xName>
            <xText>
              <xBx> zmienia częściowo punkt II wyroku i nakazuje pozwanemu Okręgowemu <xAnon> Szpitalowi (...)</xAnon> Samodzielnemu Publicznemu Zakładowi Opieki Zdrowotnej w <xAnon>L.</xAnon> wypłacić na rzecz Zakładowego Funduszu Świadczeń Socjalnych Okręgowego <xAnon> Szpitala (...)</xAnon> Samodzielnego Publicznego Zakładu Opieki Zdrowotnej<xBRx/> w <xAnon>L.</xAnon> kwotę 524 259,34 (pięćset dwadzieścia cztery tysiące dwieście pięćdziesiąt dziewięć 34/100) złotych; </xBx>
            </xText>
          </xUnit>
          <xUnit xIsTitle="false" xType="none">
            <xName xSffx=".">II</xName>
            <xText>
              <xBx> oddala apelację w pozostałej części; </xBx>
            </xText>
          </xUnit>
          <xUnit xIsTitle="false" xType="none">
            <xName xSffx=".">III</xName>
            <xText>
              <xBx>znosi wzajemnie między stronami koszty postępowania kasacyjnego<xBRx/> i apelacyjnego. </xBx>
            </xText>
          </xUnit>
          
          <xText>Sygn. akt <xBx>III APa 9/12</xBx></xText>
        </xUnit>
        <xUnit xIsTitle="true" xType="part" xBold="true">
          <xName>UZASADNIENIE</xName>
          <xText>Pozwem z dnia 27 maja 2010 r. <xAnon> Związek Zawodowy (...)</xAnon> w <xAnon>L.</xAnon>, <xAnon> Związek Zawodowy (...)</xAnon> przy <xAnon> (...)</xAnon>.P.Z.O.Z. w <xAnon>L.</xAnon>, <xAnon> Związek Zawodowy (...)</xAnon>, Komisja Zakładowa działająca przy <xAnon> (...)</xAnon>.P.Z.O.Z. w <xAnon>L.</xAnon>, <xAnon> (...) Związek Zawodowy Lekarzy</xAnon>, Oddział Terenowy przy <xAnon> (...)</xAnon>.P.Z.O.Z. w <xAnon>L.</xAnon> wnieśli o nakazanie pozwanemu <xAnon> (...)</xAnon>.P.Z.O.Z. w <xAnon>L.</xAnon> przekazania środków na Zakładowy Fundusz Świadczeń Socjalnych. W uzasadnieniu pozwu powodowie wskazali, że pozwany, pomimo obowiązku wynikającego z przepisu art. 3 ust. 1 o zakładowym funduszu świadczeń socjalnych, nie odprowadzał świadczeń na fundusz w latach 2005, 2008 i 2009. Dochodzoną z tego tytułu należność powodowie określili na kwotę 1.357.768,40 zł oraz odsetki na kwotę 390.093,80 zł. Po złożeniu przez pozwanego dokładnych informacji ostatecznie wskazana wyżej kwota została zmodyfikowana i na dzień wyrokowania dochodzona kwota wynosiła 1.847.980,86 zł. Na powyższą należność składały się kwoty: a/ 1.432.219,61 zł odpis funduszu za sporne lata łącznie z odpisem od stażystów, b/ 390.093,80 zł odsetki od odpisu, c/ 25.667,45 zł odsetki od odpisu stażystów.</xText>
          <xText>W odpowiedzi na pozew pozwany szpital uznał powództwo do kwoty 821.532,91 zł i wskazał, iż nie dokonał odpisu na fundusz z powodu złej sytuacji finansowej pozwanego spowodowanej narastającym zadłużeniem. Niemniej jednak pozwany wskazał, że w spornym okresie przekazał na konto funduszu środki finansowe w kwocie 553.239,47 zł. Ostatecznie, po złożeniu przez pozwanego dokładnych informacji, uznał roszczenie do kwoty 907.960,27zł. Uznana kwota wynika z należnego odpisu za lata 2005,2008,2009 wraz z odpisem od stażystów w kwocie 1.432.219,61 zł, pomniejszona o wypłacone w spornych latach środki w kwocie 524.259,34 zł. Strona pozwana podniosła zarzut przedawnienia co do należności powstałych przed 2005 r. oraz zakwestionowała żądanie odsetek od kwot należnego odpisu.</xText>
          <xText>Wyrokiem z dnia 22 listopada 2010 r. Sad Okręgowy w Lublinie - Sąd Pracy nakazał pozwanemu Okręgowemu <xAnon> Szpitalowi (...)</xAnon> Samodzielnemu Publicznemu Zakładowi Opieki Zdrowotnej w <xAnon>L.</xAnon> wypłacić na rzecz Zakładowego Funduszu Świadczeń Socjalnych Okręgowego <xAnon> Szpitala (...)</xAnon> Samodzielnego Publicznego Zakładu Opieki Zdrowotnej w <xAnon>L.</xAnon> kwotę 907.960,27 zł (pkt I), oddalił powództwo w pozostałym zakresie (pkt II), koszty procesu pomiędzy stronami wzajemnie zniósł (pkt III); nieuiszczone koszty sądowy przejął na rachunek Skarbu Państwa (pkt IV) i wyrokowi w pkt I nadał wyrok natychmiastowej wykonalności (pkt V orzeczenia).</xText>
          <xText>Swoje rozstrzygnięcie Sąd Okręgowy oparł na następujących podstawach faktycznych i prawnych.</xText>
          <xText>Pozwany szpital za lata 2005, 2008 i 2009 odprowadzić miał na rachunek zakładowego funduszu świadczeń socjalnych kwotę 1.432.219,61 zł. Pozwany przyznał, że nie odprowadził powyższej kwoty na rachunek funduszu, jednakże wskazał, że w spornym okresie dokonał wypłat należnych środków na rzecz pracowników w kwocie 524.259,34 zł. Powodowie nie kwestionowali ani wysokości zaległego odpisu za sporny okres, ani też faktu dokonania w tym okresie wypłat na rzecz pracowników. Spór w sprawie niniejszej ostatecznie sprowadzał się do żądania odsetek od nieodprowadzonego funduszu w kwocie 390.093,80 zł od odpisu pracowników i 25.667,45 zł od odpisu stażystów. Nadto powodowie żądali, aby wypłaty dokonane w spornym okresie na rzecz pracowników w niespornej kwocie 524.259,34 zł zaliczyć na środki najdawniej wymagalne, a nie na należności za rok, w którym dokonano wypłaty. Uzasadniając powyższe strona powodowa wskazywała na 10 letni okres przedawnienia spornych roszczeń kwestionując wskazywany przez pozwanego 3- letni okres przedawnienia. W ocenie Sądu Okręgowego żądanie odsetek było bezpodstawne. Sąd Okręgowy podzielił stanowisko Sądu Najwyższego, zawarte w wyroku z dnia 13 kwietnia 1999 r. w sprawie sygn. akt I PKN 663/98, że pracodawca nie ma obowiązku uiszczania odsetek od kwot nieprzekazanych w terminie na rachunek bankowy ZFŚS. Sąd Najwyższy analizując przepisy <xLexLink xArt="" xIsapId="WDU19940430163" xTitle="Ustawa z dnia 4 marca 1994 r. o zakładowym funduszu świadczeń socjalnych" xAddress="Dz. U. z 1994 r. Nr 43, poz. 163">ustawy z dnia 4 marca 1994 r. o zakładowym funduszu świadczeń socjalnych</xLexLink> uznał, że analiza ta nie pozwala uznać, że nieprzekazanie przez pracodawcę na rachunek bankowy odpisów na zakładowy fundusz świadczeń socjalnych zrodziło obowiązek zapłaty odsetek na konto tego funduszu. Sąd Najwyższy wskazał, że w myśl art. 10 ustawy, środkami funduszu administruje pracodawca, który w regulaminie uzgodnionym z zakładowymi organizacjami związkowymi ustala „zasady przeznaczania środków funduszu na poszczególne cele i rodzaje działalności socjalnej oraz zasady i warunki korzystania z usług i świadczeń finansowanych z funduszu". Według zaś art. 8 ust. 3 tej ustawy związkom zawodowym przysługuje prawo wystąpienia do sądu pracy z roszczeniem o zwrot funduszowi środków wydatkowanych niezgodnie z przepisami ustawy lub o przekazanie środków na fundusz. Z powyższej regulacji wynika, w ocenie Sądu Okręgowego, że zakładowy fundusz świadczeń socjalnych tworzy się ze środków należących do pracodawcy, a jego utworzenie niczego nie zmienia w sferze własności, fundusz ten nadal bowiem jest własnością pracodawcy i jest również przez niego administrowany. Pracodawca nie ma też możliwości wydatkowania środków funduszu niezgodnie z przepisami ustawy, czyli na inne cele niż te, dla których został utworzony. Ustawa przewiduje sankcje dla pracodawcy za postępowanie naruszające przepisy ustawy. Między innymi daje związkom zawodowym prawo pozwania pracodawcy do sądu pracy o zwrot funduszowi środków wydatkowanych niezgodnie z przepisami ustawy lub o przekazanie należnych środków na fundusz. Sąd Okręgowy wskazał, że przepis <xLexLink xArt="art. 8;art. 8 ust. 3" xIsapId="WDU19940430163" xTitle="Ustawa z dnia 4 marca 1994 r. o zakładowym funduszu świadczeń socjalnych" xAddress="Dz. U. z 1994 r. Nr 43, poz. 163">art. 8 ust. 3 ustawy o zakładowym funduszu świadczeń socjalnych</xLexLink> przyznał związkom zawodowym uprawnienia procesowe do sądowego dochodzenia od pracodawcy dokonania odpisu na zakładowy fundusz świadczeń socjalnych. Uprawnienie to jest jednym ze środków realizacji zadań i uprawnień przyznanych związkom zawodowym, przewidzianych w <xLexLink xArt="" xIsapId="WDU19910550234" xTitle="Ustawa z dnia 23 maja 1991 r. o związkach zawodowych" xAddress="Dz. U. z 1991 r. Nr 55, poz. 234">ustawie z dnia 23 maja 1991 r. o związkach zawodowych</xLexLink> (Dz. U. Nr 55, poz. 234 ze zm.). Nie oznacza jednak, że w razie naruszenia przez pracodawcę przepisów ustawy w sposób dający podstawę do wytoczenia powództwa z przyczyn określonych w <xLexLink xArt="art. 8;art. 8 ust. 3" xIsapId="WDU19940430163" xTitle="Ustawa z dnia 4 marca 1994 r. o zakładowym funduszu świadczeń socjalnych" xAddress="Dz. U. z 1994 r. Nr 43, poz. 163">art. 8 ust. 3</xLexLink>, związek zawodowy staje się poszkodowanym, a więc że między nim i pracodawcą powstaje stosunek zobowiązaniowy, w którym pracodawca jest dłużnikiem a związek zawodowy wierzycielem. Wyposażenie związków zawodowych w legitymację procesową do żądania, by pracodawca przekazał część środków na cele socjalne, nie prowadzi również do zmiany własności tych środków. Ich właścicielem pozostaje nadal pracodawca, a odpis na fundusz jest jedynie przesunięciem majątkowym o charakterze formalnym w obrębie kont, jakie posiada pracodawca. W ocenie Sądu Okręgowego nie można więc przyjąć, że nieprzekazanie ich na ten fundusz rodzi obowiązek przekazania środków pieniężnych, mających postać odsetek, z jednego konta na drugie. Środki funduszu, choć są dzielone i wydatkowane w uzgodnieniu ze związkami zawodowymi, pozostają bowiem w dalszym ciągu własnością pracodawcy, nie ma więc - mimo naruszenia przepisów ustawy - osoby poszkodowanej. Tym samym nie ma osoby, której należałaby się zapłata za korzystanie z jej pieniędzy lub za pozbawienie jej używania własnych pieniędzy. Sąd Okręgowy podniósł nadto, że Sąd Najwyższy w cyt. orzeczeniu zwrócił uwagę na wyniki wykładni gramatycznej wyrażeń, których użył ustawodawca stanowiąc omawiany przepis. Mianowicie stwierdził w nim, że wiązkom zawodowym przysługuje roszczenie do sądu pracy o zwrot „środków wydatkowanych" oraz o przekazanie „należnych środków”. Jest więc niewątpliwe, że w pierwszym przypadku chodzi o konkretne kwoty, które zostały z funduszu pobrane i przekazane na cele niesocjalne, w drugim zaś - o kwoty, które powinny być przekazane na konto funduszu w wysokości odpowiadającej odpisowi ustalonemu w ustawie. Sąd Okręgowy, akceptując przedstawione wyżej argumenty Sądu Najwyższego, doszedł do przekonania, że po stronie pozwanego szpitala nie powstał obowiązek przekazania na konto funduszu odsetek od nieprzekazanej kwoty odpisu. Skoro nie ma dłużnika, nie może mieć również zastosowania w sprawie <xLexLink xArt="art. 451" xIsapId="WDU19640160093" xTitle="Ustawa z dnia 23 kwietnia 1964 r. - Kodeks cywilny" xAddress="Dz. U. z 1964 r. Nr 16, poz. 93">art.451 k.c.</xLexLink>. zgodnie z którym dłużnik mający względem tego samego wierzyciela kilka długów tego samego rodzaju może przy spełnieniu świadczenia wskazać, który dług chce zaspokoić. W braku oświadczenia dłużnika lub wierzyciela spełnione świadczenie zalicza się przede wszystkim na poczet długu wymagalnego, a jeżeli jest kilka długów wymagalnych - na poczet najdawniej wymagalnego. Za niezasadne uznał Sąd Okręgowy żądanie powodów, aby wypłaty dokonane przez pozwanego w spornym okresie na rzecz pracowników w kwocie 524.259,34 zł zaliczyć na środki najdawniej wymagalne, a nie na należności za rok, w którym dokonano wypłaty. Sąd Okręgowy stwierdził też, że nie ma racji strona powodowa wskazując na 10 letni okres przedawnienia spornych roszczeń. Sprawa o przekazanie należnych środków na fundusz świadczeń socjalnych jest sprawą z zakresu prawa pracy. W uzasadnieniu wyroku z dnia 16 sierpnia 2005 r. sygn. akt IPK 12/05 Sąd Najwyższy wskazał, że <xLexLink xArt="art. 8;art. 8 ust. 3" xIsapId="WDU19940430163" xTitle="Ustawa z dnia 4 marca 1994 r. o zakładowym funduszu świadczeń socjalnych" xAddress="Dz. U. z 1994 r. Nr 43, poz. 163">art. 8 ust.3 ustawy o zakładowym funduszu świadczeń socjalnych</xLexLink> stanowi, że sprawę o takie roszczenie rozpoznaje sąd pracy. Sąd Pracy rozpatruje wyłącznie sprawy z zakresu prawa pracy, zatem sprawa o przekazanie środków funduszowi świadczeń socjalnych jest sprawą z zakresu prawa pracy. Z mocy <xLexLink xArt="art. 291" xIsapId="WDU19740240141" xTitle="Ustawa z dnia 26 czerwca 1974 r. - Kodeks pracy" xAddress="Dz. U. z 1974 r. Nr 24, poz. 141">art. 291 kp</xLexLink> jako sprawa z zakresu prawa pracy sporne roszczenie podlega przedawnieniu z upływem 3 lat. Powyższe nie ma jednak, w ocenie Sądu Okręgowego, znaczenia dla rozstrzygnięcia w sprawie niniejszej, bowiem powodowie wprawdzie dochodzą roszczeń za rok 2005, ale pozwany pracodawca uznał to roszczenie. Przedawnienie miałoby jedynie znaczenie przy zaliczeniu dokonanych w spornym okresie wpłat na rzecz pracowników na środki najdawniej wymagalne. Skoro, jak wskazano wyżej, nie ma zastosowania w sprawie <xLexLink xArt="art. 451" xIsapId="WDU19640160093" xTitle="Ustawa z dnia 23 kwietnia 1964 r. - Kodeks cywilny" xAddress="Dz. U. z 1964 r. Nr 16, poz. 93">art. 451 k.c.</xLexLink>, bezzasadne jest żądanie zaliczenia dokonanych w spornym okresie wypłat na rzecz pracowników na poczet niedokonanych odpisów za lata sprzed 2005 r. Powyższe powoduje, że rozważania na temat okresu przedawnienia są bezprzedmiotowe. Mając na względzie powyższe Sąd Okręgowy nakazał pozwanemu szpitalowi wypłacić na rzecz Zakładowego Funduszu Świadczeń Socjalnych <xAnon> (...)</xAnon>.P.Z.O.Z. w <xAnon>L.</xAnon> kwotę 907.960,27zł. Sąd oddalił powództwo w pozostałym zakresie, tj. w zakresie żądania odsetek od nieprzekazanych w terminie należności oraz w zakresie powiększenia zobowiązania o kwoty wypłat dokonanych pracownikom w spornym okresie poprzez uznanie, iż nie zmniejszają one spornych zaległości gdyż winny być zaliczone na poczet zaległości za lata sprzed 2005 r. Wobec uznania żądania roszczenia w zasądzonej kwocie, w oparciu o <xLexLink xArt="art. 331;art. 331 § 1" xIsapId="WDU19640430296" xTitle="Ustawa z dnia 17 listopada 1964 r. - Kodeks postępowania cywilnego" xAddress="Dz. U. z 1964 r. Nr 43, poz. 296">art.331§ 1 k.p.c.</xLexLink> Sąd Okręgowy nadał wyrokowi rygor natychmiastowej wykonalności. Orzeczenie o kosztach Sąd oparł o przepis <xLexLink xArt="art. 100" xIsapId="WDU19640430296" xTitle="Ustawa z dnia 17 listopada 1964 r. - Kodeks postępowania cywilnego" xAddress="Dz. U. z 1964 r. Nr 43, poz. 296">art. 100 k.p.c.</xLexLink></xText>
          <xText>Apelację od powyższego wyroku wnieśli powodowie co do punktu II i III orzeczenia. Wydanemu wyrokowi w zaskarżonej części zarzucili: 1/ naruszenie <xLexLink xArt="art. 353;art. 353 § 1" xIsapId="WDU19640160093" xTitle="Ustawa z dnia 23 kwietnia 1964 r. - Kodeks cywilny" xAddress="Dz. U. z 1964 r. Nr 16, poz. 93">art. 353 § 1 k.c.</xLexLink> w zw. z <xLexLink xArt="art. 10" xIsapId="WDU19940430163" xTitle="Ustawa z dnia 4 marca 1994 r. o zakładowym funduszu świadczeń socjalnych" xAddress="Dz. U. z 1994 r. Nr 43, poz. 163">art. 10 ustawy z dnia 4 marca 1994 r. o zakładowym funduszu świadczeń socjalnych</xLexLink> poprzez nieprawidłowe ich zastosowanie i błędne uznanie, że pracodawca zobowiązany do utworzenia i przekazania środków na zakładowy fundusz świadczeń socjalnych nie staje się dłużnikiem wskutek nieprzekazania środków w terminie, w sytuacji gdy istotą stosunku prawnego o charakterze zobowiązania jest z jednej strony powinność danego podmiotu do określonego zachowania się, z drugiej zaś strony uprawnienie innego podmiotu do żądania określonego zachowania od innego podmiotu; 2/ naruszenie <xLexLink xArt="art. 359" xIsapId="WDU19640160093" xTitle="Ustawa z dnia 23 kwietnia 1964 r. - Kodeks cywilny" xAddress="Dz. U. z 1964 r. Nr 16, poz. 93">art. 359 § k.c.</xLexLink> w zw. z <xLexLink xArt="art. 481;art. 481 § 1" xIsapId="WDU19640160093" xTitle="Ustawa z dnia 23 kwietnia 1964 r. - Kodeks cywilny" xAddress="Dz. U. z 1964 r. Nr 16, poz. 93">art. 481 § 1 k.c.</xLexLink> w zw. z <xLexLink xArt="art. 6" xIsapId="WDU19940430163" xTitle="Ustawa z dnia 4 marca 1994 r. o zakładowym funduszu świadczeń socjalnych" xAddress="Dz. U. z 1994 r. Nr 43, poz. 163">art. 6 ustawy z dnia 4 marca 1994 r. o zakładowym funduszu świadczeń socjalnych</xLexLink> (Dz. U z 1996, Nr 70, poz. 335) w zw. z <xLexLink xArt="art. 476" xIsapId="WDU19640160093" xTitle="Ustawa z dnia 23 kwietnia 1964 r. - Kodeks cywilny" xAddress="Dz. U. z 1964 r. Nr 16, poz. 93">art. 476 k.c.</xLexLink> poprzez nieprawidłowe ich zastosowanie i błędne uznanie, że na fundusz świadczeń socjalnych nie powinny być przekazane odsetki w sytuacji powstania opóźnienia w przekazaniu środków na ten fundusz (niedotrzymanie terminu wynikającego z <xLexLink xArt="art. 6" xIsapId="WDU19940430163" xTitle="Ustawa z dnia 4 marca 1994 r. o zakładowym funduszu świadczeń socjalnych" xAddress="Dz. U. z 1994 r. Nr 43, poz. 163">art. 6 ustawy z dnia 4 marca 1994 r. o zakładowym funduszu świadczeń socjalnych</xLexLink>); 3/ naruszenie <xLexLink xArt="art. 451" xIsapId="WDU19640160093" xTitle="Ustawa z dnia 23 kwietnia 1964 r. - Kodeks cywilny" xAddress="Dz. U. z 1964 r. Nr 16, poz. 93">art. 451 k.c.</xLexLink> w zw. z <xLexLink xArt="art. 6;art. 11" xIsapId="WDU19940430163" xTitle="Ustawa z dnia 4 marca 1994 r. o zakładowym funduszu świadczeń socjalnych" xAddress="Dz. U. z 1994 r. Nr 43, poz. 163">art. 6 i 11 ustawy z dnia 4 marca 1994 r. o zakładowym funduszu świadczeń socjalnych</xLexLink> (Dz. U.96.70.335) w zw. z <xLexLink xArt="art. 353;art. 353 § 1" xIsapId="WDU19640160093" xTitle="Ustawa z dnia 23 kwietnia 1964 r. - Kodeks cywilny" xAddress="Dz. U. z 1964 r. Nr 16, poz. 93">art. 353 § 1 k.c.</xLexLink>, poprzez nieprawidłowe ich zastosowanie i błędne uznanie, że w przedmiotowej sprawie nie jest możliwe zastosowanie reguł zaliczenia dokonywanego przez pracodawcę częściowego przekazywania środków na zakładowy fundusz świadczeń socjalnych, w sytuacji gdy a) ustawa nakłada na pracodawcę zobowiązanie do utworzenia w określonych warunkach funduszu świadczeń socjalnych - tak <xLexLink xArt="art. 3/1" xIsapId="WDU19940430163" xTitle="Ustawa z dnia 4 marca 1994 r. o zakładowym funduszu świadczeń socjalnych" xAddress="Dz. U. z 1994 r. Nr 43, poz. 163">art. 3.1. ustawy z dnia 4 marca 1994 r. o zakładowym funduszu świadczeń socjalnych</xLexLink> (Dz. U.96.70.335), b) ustawa określa termin, w jakim pracodawca zobowiązany jest do przekazania środków na rachunek funduszu - tak <xLexLink xArt="art. 6/2" xIsapId="WDU19940430163" xTitle="Ustawa z dnia 4 marca 1994 r. o zakładowym funduszu świadczeń socjalnych" xAddress="Dz. U. z 1994 r. Nr 43, poz. 163">art. 6.2. ustawy z dnia 4 marca 1994 r. o zakładowym funduszu świadczeń socjalnych</xLexLink> (Dz. U.96.70.335), c) ustawa wskazuje, że środki funduszu niewykorzystane w roku kalendarzowym przechodzą na rok następny i zwiększają saldo środków zgromadzonych na rachunku i należnych pracownikom - tak <xLexLink xArt="art. 11" xIsapId="WDU19940430163" xTitle="Ustawa z dnia 4 marca 1994 r. o zakładowym funduszu świadczeń socjalnych" xAddress="Dz. U. z 1994 r. Nr 43, poz. 163">art. 11 ustawy z dnia 4 marca 1994 r. o zakładowym funduszu świadczeń socjalnych</xLexLink> (Dz. U.96.70.335), d) ustawa określa sposób przekazania środków na odrębny rachunek funduszu - tak <xLexLink xArt="art. 12/1" xIsapId="WDU19940430163" xTitle="Ustawa z dnia 4 marca 1994 r. o zakładowym funduszu świadczeń socjalnych" xAddress="Dz. U. z 1994 r. Nr 43, poz. 163">art. 12.1. ustawy z dnia 4 marca 1994 r. o zakładowym funduszu świadczeń socjalnych</xLexLink> (Dz. U.96.70.335), e) zeznania głównej księgowej pozwanego potwierdziły, że środki nieprzekazane przez zakład pracy na fundusz świadczeń socjalnych powiększają ogólne saldo zobowiązań. A zatem nie sposób w takiej sytuacji uznać, że nie powstał pomiędzy pracodawcą a pracownikami stosunek zobowiązaniowy a pracodawca nie pozostaje dłużnikiem w tak ukształtowanym stosunku prawnym i w takiej sytuacji nie mają zastosowania reguły dokonywana zaliczeń, wynikające z <xLexLink xArt="art. 451" xIsapId="WDU19640160093" xTitle="Ustawa z dnia 23 kwietnia 1964 r. - Kodeks cywilny" xAddress="Dz. U. z 1964 r. Nr 16, poz. 93">art. 451 k.c.</xLexLink> i nie ma możliwości dokonywania zaliczeń pomniejszających zobowiązania najdawniej wymagalne i pomniejszające ogólne saldo zobowiązań; 4/ naruszenie <xLexLink xArt="art. 5" xIsapId="WDU19640160093" xTitle="Ustawa z dnia 23 kwietnia 1964 r. - Kodeks cywilny" xAddress="Dz. U. z 1964 r. Nr 16, poz. 93">art. 5 kodeksu cywilnego</xLexLink> w zw. z <xLexLink xArt="art. 481;art. 481 § 1" xIsapId="WDU19640160093" xTitle="Ustawa z dnia 23 kwietnia 1964 r. - Kodeks cywilny" xAddress="Dz. U. z 1964 r. Nr 16, poz. 93">art. 481 § 1 kodeksu cywilnego</xLexLink> i <xLexLink xArt="art. 6" xIsapId="WDU19940430163" xTitle="Ustawa z dnia 4 marca 1994 r. o zakładowym funduszu świadczeń socjalnych" xAddress="Dz. U. z 1994 r. Nr 43, poz. 163">art. 6 ustawy z dnia 4 marca 1994 r. o zakładowym funduszu świadczeń socjalnych</xLexLink> (Dz. U.96.70.335) ewentualnie <xLexLink xArt="art. 8" xIsapId="WDU19740240141" xTitle="Ustawa z dnia 26 czerwca 1974 r. - Kodeks pracy" xAddress="Dz. U. z 1974 r. Nr 24, poz. 141">art. 8 kodeksu pracy</xLexLink> w zw. z <xLexLink xArt="art. 481;art. 481 § 1" xIsapId="WDU19640160093" xTitle="Ustawa z dnia 23 kwietnia 1964 r. - Kodeks cywilny" xAddress="Dz. U. z 1964 r. Nr 16, poz. 93">art. 481 § 1 kodeksu cywilnego</xLexLink> i <xLexLink xArt="art. 6" xIsapId="WDU19940430163" xTitle="Ustawa z dnia 4 marca 1994 r. o zakładowym funduszu świadczeń socjalnych" xAddress="Dz. U. z 1994 r. Nr 43, poz. 163">art. 6 ustawy z dnia 4 marca 1994 r. o zakładowym funduszu świadczeń socjalnych</xLexLink> (Dz. U.96.70.335) poprzez ich niezastosowanie i w przypadku uznania, że pozwany zakład pracy nie jest zobowiązany do zapłaty odsetek z tytułu nieprzekazania w ustawowo określonym terminie środków na zakładowy fundusz świadczeń socjalnych pominięcie, że zaniechanie pracodawcy przekazywania środków na <xAnon> (...)</xAnon>, godzi w interesy pracowników, którzy nie mogli dysponować należnymi im środkami przez okres ponad 5 lat, pomimo zobowiązania się pracodawcy do przekazania wszystkich należnych środków dla pracowników; 5/ naruszenie <xLexLink xArt="art. 291" xIsapId="WDU19740240141" xTitle="Ustawa z dnia 26 czerwca 1974 r. - Kodeks pracy" xAddress="Dz. U. z 1974 r. Nr 24, poz. 141">art. 291 kodeksu pracy</xLexLink> w zw. z <xLexLink xArt="art. 476;art. 476 § 1" xIsapId="WDU19640160093" xTitle="Ustawa z dnia 23 kwietnia 1964 r. - Kodeks cywilny" xAddress="Dz. U. z 1964 r. Nr 16, poz. 93">art. 476 § 1 k.c.</xLexLink> i <xLexLink xArt="art. 118" xIsapId="WDU19640160093" xTitle="Ustawa z dnia 23 kwietnia 1964 r. - Kodeks cywilny" xAddress="Dz. U. z 1964 r. Nr 16, poz. 93">art. 118 k.c.</xLexLink> poprzez ich nieprawidłowe zastosowanie i błędne uznanie, że przedmiotowa sprawa jest sprawą ze stosunku pracy, do której ma zastosowanie trzyletni okres przedawnienia roszczeń, w sytuacji gdy przedmiotowa sprawa nie jest sprawą <xIx>„ze stosunku pracy",</xIx> bo nie jest sprawą pomiędzy pracownikiem a pracodawcą, stąd nie ma do niej zastosowania trzyletni termin przedawnienia, a jedynie może być uznana za sprawę „z zakresu prawa pracy" oraz błędne uznanie, że niezastosowanie przy określeniu terminu przedawniania <xLexLink xArt="art. 118" xIsapId="WDU19640160093" xTitle="Ustawa z dnia 23 kwietnia 1964 r. - Kodeks cywilny" xAddress="Dz. U. z 1964 r. Nr 16, poz. 93">art. 118 k.c.</xLexLink>, który to termin określa dziesięcioletni termin przedawnienia i jest właściwy do zastosowania w przedmiotowej sprawie, jako sprawie z zakresu prawa pracy, do której nie ma zastosowania trzyletni termin przedawnienia wskazany w <xLexLink xArt="art. 291" xIsapId="WDU19740240141" xTitle="Ustawa z dnia 26 czerwca 1974 r. - Kodeks pracy" xAddress="Dz. U. z 1974 r. Nr 24, poz. 141">art. 291</xLexLink> odpisów na zakładowy fundusz świadczeń socjalnych rozliczył zakład pracy poprzez <xLexLink xArt="" xIsapId="WDU19740240141" xTitle="Ustawa z dnia 26 czerwca 1974 r. - Kodeks pracy" xAddress="Dz. U. z 1974 r. Nr 24, poz. 141">k.p.</xLexLink>; 6/ naruszenie prawa procesowego tj. <xLexLink xArt="art. 233" xIsapId="WDU19640430296" xTitle="Ustawa z dnia 17 listopada 1964 r. - Kodeks postępowania cywilnego" xAddress="Dz. U. z 1964 r. Nr 43, poz. 296">art. 233 k.p.c.</xLexLink> poprzez nie ustalenie, jakie okresy odpisów na zakładowy fundusz świadczeń socjalnych rozliczył zakład pracy poprzez przekazanie kwoty 524.259,34 zł. Wobec powyższego skarżący wnosili o zmianę zaskarżonego wyroku w zakresie pkt. II i III poprzez nakazanie pozwanemu Okręgowemu <xAnon> Szpitalowi (...)</xAnon> Samodzielnemu Publicznemu Zakładowi Opieki Zdrowotnej w <xAnon>L.</xAnon>: 1/ przekazania należnych środków na rachunek bankowy utworzonego w zakładzie pracy Zakładowego Fundusz Świadczeń Socjalnych w wysokości 524.259,34 zł, jako uzupełnienie z punktu 1 wyroku Sądu Okręgowego w Lublinie z dnia 22-11-2010 r., co obejmuje odpis podstawowy na fundusz świadczeń socjalnych za lata 2005, 2008, 2009 wraz odsetkami od dnia wytoczenia powództwa tj. od dnia 27.05.2010 r. do dnia przekazania środków na rachunek bankowy Funduszu; 2/ przekazania należnych środków na rachunek bankowy utworzonego w zakładzie pracy Zakładowego Funduszu Świadczeń Socjalnych w wysokości 415.761,25 zł, co obejmuje odsetki naliczone z tytułu zwłoki w przekazaniu środków na fundusz świadczeń socjalnych za lata 2005, 2008, 2009 (zgodnie ze stanowiskiem podanym w piśmie procesowym powodów z dnia 27-09-2010 r.) wraz z dalszymi odsetkami od tej kwoty liczonymi od kwoty 390.093,80 zł od dnia wytoczenia powództwa tj. od dnia 27 maja 2010 r. do dnia wpłaty środków na rachunek bankowy utworzonego w zakładzie pracy Zakładowego Funduszu Świadczeń Socjalnych i od kwoty 25.667,45 zł od dnia 28 września 2010 r. do dnia przekazania tej kwoty na rachunek bankowy utworzonego w zakładzie pracy Zakładowego Fundusz Świadczeń Socjalnych. Ewentualnie skarżący wnosili o uchylenie wyroku Sądu Okręgowego w Lublinie z dnia 22 listopada 2010 r. w części zaskarżonej, tj. w zakresie punktu II i III, i przekazanie do ponownego rozpoznania celem ustalenia, jakie okresy odpisów na Zakładowy Fundusz Świadczeń Socjalnych rozliczył pozwany zakład pracy poprzez przekazanie na rachunek bankowy utworzonego w zakładzie pracy Zakładowego Funduszu Świadczeń Socjalnych kwoty 524.259,34 zł. Ponadto skarżący domagali się zasądzenia od pozwanego solidarnie na rzecz powodów kosztów procesu, w tym kosztów zastępstwa według norm przepisanych, za obie instancje.</xText>
          <xText>W odpowiedzi na apelację pozwany wnosił o jej oddalenie.</xText>
          <xText>Wyrokiem z dnia 1 marca 2011 roku Sąd Apelacyjny w Lublinie oddalił apelację. Sąd Apelacyjny stwierdził, że Sad Okręgowy dokonał prawidłowych ustaleń faktycznych i wydał trafne, odpowiadające prawu rozstrzygnięcie.</xText>
          <xText>Sąd Apelacyjny uznał, że w sprawie nie doszło do naruszenia <xLexLink xArt="art. 353;art. 353 § 1" xIsapId="WDU19640430296" xTitle="Ustawa z dnia 17 listopada 1964 r. - Kodeks postępowania cywilnego" xAddress="Dz. U. z 1964 r. Nr 43, poz. 296">art. 353 § 1 k.p.c.</xLexLink> w związku z <xLexLink xArt="art. 10" xIsapId="WDU19940430163" xTitle="Ustawa z dnia 4 marca 1994 r. o zakładowym funduszu świadczeń socjalnych" xAddress="Dz. U. z 1994 r. Nr 43, poz. 163">art. 10 ustawy z dnia 4 marca 1994 r. o zakładowym funduszu świadczeń socjalnych</xLexLink>. Pomiędzy stronami sporu nie istnieje bowiem stosunek zobowiązaniowy w rozumieniu <xLexLink xArt="art. 353;art. 353 § 1" xIsapId="WDU19640160093" xTitle="Ustawa z dnia 23 kwietnia 1964 r. - Kodeks cywilny" xAddress="Dz. U. z 1964 r. Nr 16, poz. 93">art. 353 § 1 k.c.</xLexLink> Przepis <xLexLink xArt="art. 8;art. 8 ust. 3" xIsapId="WDU19940430163" xTitle="Ustawa z dnia 4 marca 1994 r. o zakładowym funduszu świadczeń socjalnych" xAddress="Dz. U. z 1994 r. Nr 43, poz. 163">art. 8 ust. 3 ustawy o zakładowym funduszu świadczeń socjalnych</xLexLink> przyznał związkom zawodowym uprawnienia procesowe do sądowego dochodzenia od pracodawcy dokonania odpisu na zakładowy fundusz świadczeń socjalnych. Uprawnienie to jest jednym ze środków realizacji zadań i uprawnień przyznanych związkom zawodowym – przewidzianych w <xLexLink xArt="" xIsapId="WDU19910550234" xTitle="Ustawa z dnia 23 maja 1991 r. o związkach zawodowych" xAddress="Dz. U. z 1991 r. Nr 55, poz. 234">ustawie z dnia 23 maja 1991 r. o związkach zawodowych</xLexLink>. Zdaniem Sądu Apelacyjnego nie oznacza to jednak, że w razie naruszenia przez pracodawcę przepisów ustawy w sposób dający podstawę do wytoczenia powództwa z przyczyn określonych w <xLexLink xArt="art. 8;art. 8 ust. 3" xIsapId="WDU19940430163" xTitle="Ustawa z dnia 4 marca 1994 r. o zakładowym funduszu świadczeń socjalnych" xAddress="Dz. U. z 1994 r. Nr 43, poz. 163">art. 8 ust. 3</xLexLink>, związek zawodowy staje się poszkodowanym, a więc że między nim i pracodawcą powstaje stosunek zobowiązaniowy, w którym pracodawca jest dłużnikiem, a związek zawodowy – wierzycielem. Kiedy nie ma stosunku zobowiązaniowego wynikającego z umowy lub czynu niedozwolonego, nie powstaje również obowiązek zapłaty odsetek. Taka sytuacja ma miejsce w realiach niniejszej sprawy. Nie można przyjąć, że dysponowanie w sposób niezgodny z ustawą środkami istniejącymi na koncie Funduszu bądź nieprzekazanie ich na ten Fundusz rodzi obowiązek przekazania środków pieniężnych, mających postać odsetek, z jednego konta na drugie. Środki Funduszu, choć są dzielone i wydatkowane w uzgodnieniu ze związkami zawodowymi, pozostają bowiem w dalszym ciągu własnością pracodawcy, nie ma więc - mimo naruszenia przepisów ustawy – osoby poszkodowanej (por. wyrok Sądu Najwyższego z dnia 13 kwietnia 1999 r., sygn.. PKN 663/98). W ocenie Sądu Apelacyjnego wyposażenie związków zawodowych w legitymację procesową do żądania, by pracodawca przekazał część środków na cele socjalne, nie prowadzi też do zmiany własności tych środków. Wbrew twierdzeniom skarżących właścicielem przedmiotowych środków pieniężnych pozostaje nadal pracodawca, a odpis na fundusz jest jedynie przesunięciem majątkowym o charakterze formalnym, w obrębie kont, jakie posiada pracodawca. Stąd zupełnie niezasadna jest argumentacja skarżących, że pracodawca – zobowiązany do utworzenia i przekazania środków na zakładowy fundusz świadczeń socjalnych – staje się dłużnikiem wobec związków zawodowych w razie nieprzekazania przedmiotowych środków w terminie, zaś z faktu pozostawania w zwłoce wypływa obowiązek zapłaty odsetek od nieprzekazanej kwoty. Z powyższych względów również zarzut naruszenia <xLexLink xArt="art. 359;art. 359 § 1" xIsapId="WDU19640160093" xTitle="Ustawa z dnia 23 kwietnia 1964 r. - Kodeks cywilny" xAddress="Dz. U. z 1964 r. Nr 16, poz. 93">art. 359 § 1 k.c.</xLexLink> w związku z <xLexLink xArt="art. 481" xIsapId="WDU19640160093" xTitle="Ustawa z dnia 23 kwietnia 1964 r. - Kodeks cywilny" xAddress="Dz. U. z 1964 r. Nr 16, poz. 93">art. 481 k.c.</xLexLink> w zw. z <xLexLink xArt="art. 6" xIsapId="WDU19940430163" xTitle="Ustawa z dnia 4 marca 1994 r. o zakładowym funduszu świadczeń socjalnych" xAddress="Dz. U. z 1994 r. Nr 43, poz. 163">art. 6 cyt. ustawy o zakładowym funduszu świadczeń socjalnych</xLexLink> uznać należy za bezzasadny. Pracodawca nie ma obowiązku uiszczania odsetek od kwot nieprzekazanych w terminie na rachunek bankowy zakładowego funduszu świadczeń socjalnych (tak cyt. Wyrok Sądu Najwyższego z 13 kwietnia 1999 r., sygn.. PKN 663/98).</xText>
          <xText>Sąd Apelacyjny stwierdził, że z uwagi na fakt, iż pomiędzy stronami nie zachodzi stosunek zobowiązaniowy w rozumieniu <xLexLink xArt="art. 353;art. 353 § 1" xIsapId="WDU19640430296" xTitle="Ustawa z dnia 17 listopada 1964 r. - Kodeks postępowania cywilnego" xAddress="Dz. U. z 1964 r. Nr 43, poz. 296">art. 353 § 1 k.p.c.</xLexLink>, za niezasadny uznać należy zarzut braku zastosowania w niniejszej sprawie <xLexLink xArt="art. 451" xIsapId="WDU19640160093" xTitle="Ustawa z dnia 23 kwietnia 1964 r. - Kodeks cywilny" xAddress="Dz. U. z 1964 r. Nr 16, poz. 93">art. 451 k.c.</xLexLink> jak i naruszenia <xLexLink xArt="art. 233;art. 233 § 1" xIsapId="WDU19640430296" xTitle="Ustawa z dnia 17 listopada 1964 r. - Kodeks postępowania cywilnego" xAddress="Dz. U. z 1964 r. Nr 43, poz. 296">art. 233 § 1 k.p.c.</xLexLink> poprzez nieustalenie w toku postepowania, jakie okresy odpisów rozliczył pozwany przekazując ogółem kwotę 524.259,34 zł na fundusz socjalny. W świetle wyżej przedstawionych rozważań odnośnie do natury stosunku, jaki łączył strony w świetle <xLexLink xArt="" xIsapId="WDU19940430163" xTitle="Ustawa z dnia 4 marca 1994 r. o zakładowym funduszu świadczeń socjalnych" xAddress="Dz. U. z 1994 r. Nr 43, poz. 163">ustawy o zakładowym funduszu świadczeń socjalnych</xLexLink>, ustalenia, jakich przyczynienia domaga się strona skarżąca, są zbędne dla rozstrzygnięcia niniejszej sprawy, nie wpływają bowiem w żaden sposób na treść rozstrzygnięcia.</xText>
          <xText>Sąd Apelacyjny uznał za bezzasadny zarzut naruszenia <xLexLink xArt="art. 5" xIsapId="WDU19640160093" xTitle="Ustawa z dnia 23 kwietnia 1964 r. - Kodeks cywilny" xAddress="Dz. U. z 1964 r. Nr 16, poz. 93">art. 5 k.c.</xLexLink> oraz <xLexLink xArt="art. 8" xIsapId="WDU19740240141" xTitle="Ustawa z dnia 26 czerwca 1974 r. - Kodeks pracy" xAddress="Dz. U. z 1974 r. Nr 24, poz. 141">8 k.p.</xLexLink> podkreślił, że pozwany szpital nie dokonał w terminie odpisu na fundusz wyłącznie z powodu złej sytuacji finansowej spowodowanej narastającym zadłużeniem. Niemniej jednak w spornym okresie przekazał na konto funduszu kwotę 553.239,47 zł, co nie było kwestionowane przez skarżących. W tym stanie rzeczy, w ocenie Sądu Apelacyjnego, brak było podstaw do przyjęcia, że doszło do naruszenia zasad współżycia społecznego, czy nadużycia prawa podmiotowego przez pracodawcę.</xText>
          <xText>Sąd Apelacyjny podzielił stanowisko Sadu pierwszej instancji, iż w przedmiotowej sprawie zastosowanie ma 3-letni okres przedawnienia, wynikający z <xLexLink xArt="art. 291" xIsapId="WDU19740240141" xTitle="Ustawa z dnia 26 czerwca 1974 r. - Kodeks pracy" xAddress="Dz. U. z 1974 r. Nr 24, poz. 141">art. 291 k.p.</xLexLink><xLexLink xArt="" xIsapId="WDU19940430163" xTitle="Ustawa z dnia 4 marca 1994 r. o zakładowym funduszu świadczeń socjalnych" xAddress="Dz. U. z 1994 r. Nr 43, poz. 163">Ustawa z 4 marca 1994 r. o zakładowym funduszu świadczeń socjalnych</xLexLink> nie zawiera samodzielnej regulacji w zakresie przedawnienia. Zdaniem Sądu Apelacyjnego występuje tu jednak luka prawna, gdyż ta ustawa jest elementem systemu prawa pracy i taki charakter mają wynikające z niej jej świadczenia, co również determinuje jej przedawnienie. Wyraźnie przesądza o tym powiązanie świadczeń socjalnych z prawem pracy (<xLexLink xArt="art. 94;art. 94 pkt. 8" xIsapId="WDU19740240141" xTitle="Ustawa z dnia 26 czerwca 1974 r. - Kodeks pracy" xAddress="Dz. U. z 1974 r. Nr 24, poz. 141">art. 94 pkt 8 k.p.</xLexLink>), cel tej ustawy, zakres podmiotowy i przedmiotowy. Sprawa o świadczenia z zakładowego funduszu świadczeń socjalnych prawidłowo została rozpoznana jako sprawa z zakresu prawa pracy. Świadczenia z funduszu należne zatrudnionym pracownikom podlegają zatem przedawnieniu według przepisów prawa pracy, a nie przepisów prawa cywilnego. Skoro z prawa cywilnego wydzieliła się dziedzina prawa pracy obejmująca świadczenia socjalne i rządząca się odrębnym przedawnieniem, to nie ma podstaw, aby do tych świadczeń stosować przepisy o przedawnieniu prawa cywilnego. W wyroku z dnia 4 lipca 2007 r., sygn. II PK 25/07 (publ. OSNP 2008/17-18/251) Sąd Najwyższy wyraził pogląd, że sprawa o roszczenie pracownika z zakładowego funduszu świadczeń socjalnych jest sprawą z zakresu prawa pracy. Roszczenie to podlega przedawnieniu jak roszczenie ze stosunku pracy. Stanowisko powyższe spotkało się z pełną akceptacją Sądu Apelacyjnego.</xText>
          <xText>Konkludując, Sąd Apelacyjny stwierdził, że wyrok Sądu pierwszej instancji odpowiada prawu, apelacja nie zawierała żadnej argumentacji przemawiającej za jej uwzględnieniem.</xText>
          <xText>Mając powyższe na uwadze Sąd Apelacyjny orzekł, na podstawie <xLexLink xArt="art. 385" xIsapId="WDU19640430296" xTitle="Ustawa z dnia 17 listopada 1964 r. - Kodeks postępowania cywilnego" xAddress="Dz. U. z 1964 r. Nr 43, poz. 296">art. 385 k.p.c.</xLexLink>, jak w sentencji.</xText>
          <xText>W postepowaniu przed Sądem pierwszej instancji Sąd Okręgowy wzajemnie zniósł koszty procesu pomiędzy stronami z uwagi na częściowe tylko uwzględnienie roszczenia powodów. Wobec oddalenia apelacji w całości żądanie zasądzenia od pozwanego solidarnie na rzecz powodów kosztów procesu, w tym kosztów zastępstwa według norm przepisanych za obie instancje, nie może być zgodnie z <xLexLink xArt="art. 98;art. 98 § 1" xIsapId="WDU19640430296" xTitle="Ustawa z dnia 17 listopada 1964 r. - Kodeks postępowania cywilnego" xAddress="Dz. U. z 1964 r. Nr 43, poz. 296">art. 98 § 1 k.p.c.</xLexLink> uwzględnione.</xText>
          <xText>W skardze kasacyjnej od wyroku Sądu Apelacyjnego powodowie zarzucili naruszenie przepisów prawa materialnego tj. <xLexLink xArt="art. 353;art. 353 § 1" xIsapId="WDU19640160093" xTitle="Ustawa z dnia 23 kwietnia 1964 r. - Kodeks cywilny" xAddress="Dz. U. z 1964 r. Nr 16, poz. 93">art. 353 § 1 kc</xLexLink> w związku z <xLexLink xArt="art. 10" xIsapId="WDU19940430163" xTitle="Ustawa z dnia 4 marca 1994 r. o zakładowym funduszu świadczeń socjalnych" xAddress="Dz. U. z 1994 r. Nr 43, poz. 163">art. 10 ustawy o zakładowym funduszu świadczeń socjalnych</xLexLink>, <xLexLink xArt="art. 359;art. 359 § 1" xIsapId="WDU19640160093" xTitle="Ustawa z dnia 23 kwietnia 1964 r. - Kodeks cywilny" xAddress="Dz. U. z 1964 r. Nr 16, poz. 93">art. 359 § 1 kc</xLexLink> w związku z <xLexLink xArt="art. 481;art. 481 § 1" xIsapId="WDU19640160093" xTitle="Ustawa z dnia 23 kwietnia 1964 r. - Kodeks cywilny" xAddress="Dz. U. z 1964 r. Nr 16, poz. 93">art. 481 § 1 kc</xLexLink> w związku z <xLexLink xArt="art. 6" xIsapId="WDU19940430163" xTitle="Ustawa z dnia 4 marca 1994 r. o zakładowym funduszu świadczeń socjalnych" xAddress="Dz. U. z 1994 r. Nr 43, poz. 163">art. 6 ustawy o zakładowym funduszu świadczeń socjalnych</xLexLink> w związku z <xLexLink xArt="art. 476" xIsapId="WDU19640160093" xTitle="Ustawa z dnia 23 kwietnia 1964 r. - Kodeks cywilny" xAddress="Dz. U. z 1964 r. Nr 16, poz. 93">art. 476 kc</xLexLink>; <xLexLink xArt="art. 451" xIsapId="WDU19640160093" xTitle="Ustawa z dnia 23 kwietnia 1964 r. - Kodeks cywilny" xAddress="Dz. U. z 1964 r. Nr 16, poz. 93">art. 451 kc</xLexLink> w związku z <xLexLink xArt="art. 6;art. 11" xIsapId="WDU19940430163" xTitle="Ustawa z dnia 4 marca 1994 r. o zakładowym funduszu świadczeń socjalnych" xAddress="Dz. U. z 1994 r. Nr 43, poz. 163">art. 6 i 11 ustawy o zakładowym funduszu świadczeń socjalnych</xLexLink> w związku z <xLexLink xArt="art. 353;art. 353 § 1" xIsapId="WDU19640160093" xTitle="Ustawa z dnia 23 kwietnia 1964 r. - Kodeks cywilny" xAddress="Dz. U. z 1964 r. Nr 16, poz. 93">art. 353 § 1 kc</xLexLink>, <xLexLink xArt="art. 5" xIsapId="WDU19640160093" xTitle="Ustawa z dnia 23 kwietnia 1964 r. - Kodeks cywilny" xAddress="Dz. U. z 1964 r. Nr 16, poz. 93">art. 5 kc</xLexLink> we związku z <xLexLink xArt="art. 481;art. 481 § 1" xIsapId="WDU19640160093" xTitle="Ustawa z dnia 23 kwietnia 1964 r. - Kodeks cywilny" xAddress="Dz. U. z 1964 r. Nr 16, poz. 93">art. 481 § 1 kc</xLexLink> i <xLexLink xArt="art. 6" xIsapId="WDU19940430163" xTitle="Ustawa z dnia 4 marca 1994 r. o zakładowym funduszu świadczeń socjalnych" xAddress="Dz. U. z 1994 r. Nr 43, poz. 163">art. 6 ustawy o zakładowym funduszu świadczeń socjalnych</xLexLink> ewentualnie <xLexLink xArt="art. 8" xIsapId="WDU19940430163" xTitle="Ustawa z dnia 4 marca 1994 r. o zakładowym funduszu świadczeń socjalnych" xAddress="Dz. U. z 1994 r. Nr 43, poz. 163">art. 8</xLexLink> w związku z <xLexLink xArt="art. 481;art. 481 § 1" xIsapId="WDU19640160093" xTitle="Ustawa z dnia 23 kwietnia 1964 r. - Kodeks cywilny" xAddress="Dz. U. z 1964 r. Nr 16, poz. 93">art. 481 § 1 kc</xLexLink> i <xLexLink xArt="art. 6" xIsapId="WDU19940430163" xTitle="Ustawa z dnia 4 marca 1994 r. o zakładowym funduszu świadczeń socjalnych" xAddress="Dz. U. z 1994 r. Nr 43, poz. 163">art. 6 ustawy o zakładowym funduszu świadczeń socjalnych</xLexLink> oraz <xLexLink xArt="art. 291" xIsapId="WDU19740240141" xTitle="Ustawa z dnia 26 czerwca 1974 r. - Kodeks pracy" xAddress="Dz. U. z 1974 r. Nr 24, poz. 141">art. 291 kp</xLexLink> w związku z <xLexLink xArt="art. 476;art. 476 § 1" xIsapId="WDU19640160093" xTitle="Ustawa z dnia 23 kwietnia 1964 r. - Kodeks cywilny" xAddress="Dz. U. z 1964 r. Nr 16, poz. 93">art. 476 § 1 kc</xLexLink> w związku z <xLexLink xArt="art. 118" xIsapId="WDU19640160093" xTitle="Ustawa z dnia 23 kwietnia 1964 r. - Kodeks cywilny" xAddress="Dz. U. z 1964 r. Nr 16, poz. 93">art. 118 kc.</xLexLink></xText>
          <xText>Skarżący zarzucili też naruszenie prawa procesowego tj. <xLexLink xArt="art. 233" xIsapId="WDU19640430296" xTitle="Ustawa z dnia 17 listopada 1964 r. - Kodeks postępowania cywilnego" xAddress="Dz. U. z 1964 r. Nr 43, poz. 296">art. 233 kpc</xLexLink> w związku z <xLexLink xArt="art. 451" xIsapId="WDU19640160093" xTitle="Ustawa z dnia 23 kwietnia 1964 r. - Kodeks cywilny" xAddress="Dz. U. z 1964 r. Nr 16, poz. 93">art. 451 kc</xLexLink> w związku z <xLexLink xArt="art. 6;art. 11" xIsapId="WDU19940430163" xTitle="Ustawa z dnia 4 marca 1994 r. o zakładowym funduszu świadczeń socjalnych" xAddress="Dz. U. z 1994 r. Nr 43, poz. 163">art. 6 i 11 ustawy o zakładowym funduszu świadczeń socjalnych</xLexLink> w związku z <xLexLink xArt="art. 353;art. 353 § 1" xIsapId="WDU19640160093" xTitle="Ustawa z dnia 23 kwietnia 1964 r. - Kodeks cywilny" xAddress="Dz. U. z 1964 r. Nr 16, poz. 93">art. 353 § 1 kc.</xLexLink></xText>
          <xText>Powodowie wnieśli o uchylenie zaskarżonego wyroku w całości i przekazanie Sądowi Apelacyjnemu sprawy do ponownego rozpoznania, w tym rozstrzygnięcia o kosztach procesu za obie instancje oraz kosztach postepowania kasacyjnego ewentualnie o uchylenie zaskarżonego wyroku i orzeczenie co do istoty sprawy poprzez nakazanie pozwanemu dodatkowo ponad rozstrzygnięcie zawarte w pkt I wyroku Sądu Okręgowego wpłacenia na rzecz Zakładowego Funduszu Świadczeń Socjalnych Okręgowego <xAnon> Szpitala (...)</xAnon> Samodzielnego Publicznego Zakładu opieki Zdrowotnej w <xAnon>L.</xAnon> kwoty 524.259,34 zł wraz z odsetkami w kwocie 415.761,25 zł z tytułu zwłoki w przekazaniu środków na fundusz za lata 2005, 2008, 2009 wraz z dalszymi odsetkami od tej kwoty 390.093, 80 zł do dnia wytoczenia powództwa do dnia wpłaty środków na rachunek bankowy Funduszu i od kwoty 25.667,45 zł od dnia 28 września 2012 r. do dnia wpłaty środków na rachunek bankowy Funduszu oraz o zasądzenie od pozwanego na rzecz każdego z powodów kosztów procesu za obie instancje oraz kosztów postepowania kasacyjnego.</xText>
          <xText>Wyrokiem z dnia 11 kwietnia 2012 r. Sąd najwyższy uchylił zaskarżony wyrok i sprawę przekazał Sądowi Apelacyjnemu w Lublinie do ponownego rozpoznania i orzeczenia o kosztach postępowania kasacyjnego.</xText>
          <xText>W odniesieniu do obowiązku uiszczania odsetek od kwot nieprzekazanych w terminie na rachunek Funduszu, Sąd Najwyższy podzielił dotychczasowe stanowisko Sądu Najwyższego, wyrażone w postanowieniu z dnia 17 października 1996 r., KAS 2/96, OSNAPiUS Nr 10 z 1997 r., poz. 180 i wyroku z dnia 13 kwietnia 1999 r., I PKN 663/98, OSNAPiUS Nr 14 z 2000 r., poz. 534, że pracodawca nie ma takiego obowiązku. Zgodnie z treścią <xLexLink xArt="art. 359;art. 359 § 1" xIsapId="WDU19640160093" xTitle="Ustawa z dnia 23 kwietnia 1964 r. - Kodeks cywilny" xAddress="Dz. U. z 1964 r. Nr 16, poz. 93">art. 359 § 1 kc</xLexLink> odsetki od sumy pieniężnej nalezą się tylko wtedy, gdy to wynika z czynności prawnej, albo z ustawy, z orzeczenia sądu lub z decyzji innego właściwego organu. Prawa do dochodzenia w niniejszej sprawie odsetek nie ustanawiają ani <xLexLink xArt="" xIsapId="WDU19940430163" xTitle="Ustawa z dnia 4 marca 1994 r. o zakładowym funduszu świadczeń socjalnych" xAddress="Dz. U. z 1994 r. Nr 43, poz. 163">ustawa o zakładowym funduszu świadczeń socjalnych</xLexLink>, ani też inne ustawy. Nie można też wywieść tego prawa z <xLexLink xArt="art. 5" xIsapId="WDU19640160093" xTitle="Ustawa z dnia 23 kwietnia 1964 r. - Kodeks cywilny" xAddress="Dz. U. z 1964 r. Nr 16, poz. 93">art. 5 kc</xLexLink> lub <xLexLink xArt="art. 8" xIsapId="WDU19640160093" xTitle="Ustawa z dnia 23 kwietnia 1964 r. - Kodeks cywilny" xAddress="Dz. U. z 1964 r. Nr 16, poz. 93">art. 8 kc.</xLexLink></xText>
          <xText>Sąd Najwyższy podniósł także, że w sprawie nie ma zastosowania <xLexLink xArt="art. 481" xIsapId="WDU19640160093" xTitle="Ustawa z dnia 23 kwietnia 1964 r. - Kodeks cywilny" xAddress="Dz. U. z 1964 r. Nr 16, poz. 93">art. 481 kc</xLexLink>, gdyż powinność pracodawcy przekazania określonych kwot na rachunek bankowy zakładowego funduszu świadczeń socjalnych nie jest długiem wobec tego Funduszu w rozumieniu przepisów prawa cywilnego. Środki te nie przestają być własnością pracodawcy, jest on jedynie ograniczony w możliwości dysponowania nimi.</xText>
          <xText>Sąd Najwyższy stwierdził, że wobec braku dłużnika i wierzyciela w rozumieniu <xLexLink xArt="art. 353;art. 353 § 1" xIsapId="WDU19640160093" xTitle="Ustawa z dnia 23 kwietnia 1964 r. - Kodeks cywilny" xAddress="Dz. U. z 1964 r. Nr 16, poz. 93">art. 353 § 1 kc</xLexLink> w sprawie nie ma zastosowania <xLexLink xArt="art. 451" xIsapId="WDU19640160093" xTitle="Ustawa z dnia 23 kwietnia 1964 r. - Kodeks cywilny" xAddress="Dz. U. z 1964 r. Nr 16, poz. 93">art. 451 kc.</xLexLink></xText>
          <xText>Niemożność postawienia związku zawodowego w pozycji wierzyciela pracodawcy w rozumieniu prawa cywilnego oznacza, że żądania wymagalnych kwot nie przekazanych w terminie przez pozwanego pracodawcę na rachunek bankowy zakładowego funduszu świadczeń socjalnych nie przedawniają się.</xText>
          <xText>W ocenie Sądu Najwyższego roszczenia o przekazanie środków na Fundusz mają charakter publiczny. W sferze publicznoprawnej przedawnienie istnieje zaś tylko wtedy, gdy konkretny przepis tak stanowi lub odsyła w kwestiach nieuregulowanych w ustawie do stosowania w tym przedmiocie np. przepisów prawa cywilnego. Żaden przepis <xLexLink xArt="" xIsapId="WDU19940430163" xTitle="Ustawa z dnia 4 marca 1994 r. o zakładowym funduszu świadczeń socjalnych" xAddress="Dz. U. z 1994 r. Nr 43, poz. 163">ustawy o zakładowym funduszu świadczeń socjalnych</xLexLink> ani innej ustawy nie odnosi się do przedawnienia roszczeń o przekazanie należnych środków na Fundusz, to należy uznać, że roszczenia nie przedawniają się.</xText>
          <xText>Sąd Najwyższy stwierdził, że jeżeli Sąd Apelacyjny przy ponownym rozpoznaniu sprawy ustali, że pracodawca zalegał z wpłatą na Fundusz także w okresie przed 2005 r. to należy przyjąć, że wpłaconą przez niego w okresie objętym pozwem kwotę 524.259,34 zł należy zaliczyć na poczet salda rachunku Funduszu z tego wcześniejszego okresu.</xText>
          <xText>Sąd Apelacyjny zważył, co następuje:</xText>
          <xText>Zgodnie z <xLexLink xArt="art. 398(20)" xIsapId="WDU19640430296" xTitle="Ustawa z dnia 17 listopada 1964 r. - Kodeks postępowania cywilnego" xAddress="Dz. U. z 1964 r. Nr 43, poz. 296">art. 398<xSUPx>20 </xSUPx>kpc</xLexLink> Sąd Apelacyjny, któremu sprawa została przekazana do ponownego rozpoznania przez Sąd Najwyższy, jest związany wykładnią prawa dokonaną przez Sąd Najwyższy w tej sprawie.</xText>
          <xText>Tak więc zarzuty apelacji dotyczące naruszenia prawa materialnego tj. <xLexLink xArt="art. 353;art. 353 § 1" xIsapId="WDU19640160093" xTitle="Ustawa z dnia 23 kwietnia 1964 r. - Kodeks cywilny" xAddress="Dz. U. z 1964 r. Nr 16, poz. 93">art. 353 § 1 kc</xLexLink> w związku z <xLexLink xArt="art. 10" xIsapId="WDU19940430163" xTitle="Ustawa z dnia 4 marca 1994 r. o zakładowym funduszu świadczeń socjalnych" xAddress="Dz. U. z 1994 r. Nr 43, poz. 163">art. 10 ustawy z dnia 4 marca 1994 r. o zakładowym funduszu świadczeń socjalnych</xLexLink>; <xLexLink xArt="art. 359;art. 359 § 1" xIsapId="WDU19640160093" xTitle="Ustawa z dnia 23 kwietnia 1964 r. - Kodeks cywilny" xAddress="Dz. U. z 1964 r. Nr 16, poz. 93">art. 359 § 1 kc</xLexLink> w związku z <xLexLink xArt="art. 481;art. 481 § 1" xIsapId="WDU19640160093" xTitle="Ustawa z dnia 23 kwietnia 1964 r. - Kodeks cywilny" xAddress="Dz. U. z 1964 r. Nr 16, poz. 93">art. 481 § 1 kc</xLexLink> w związku z <xLexLink xArt="art. 6" xIsapId="WDU19940430163" xTitle="Ustawa z dnia 4 marca 1994 r. o zakładowym funduszu świadczeń socjalnych" xAddress="Dz. U. z 1994 r. Nr 43, poz. 163">art. 6 ustawy o zakładowym funduszu świadczeń socjalnych</xLexLink> w związku z <xLexLink xArt="art. 476" xIsapId="WDU19640160093" xTitle="Ustawa z dnia 23 kwietnia 1964 r. - Kodeks cywilny" xAddress="Dz. U. z 1964 r. Nr 16, poz. 93">art. 476 kc</xLexLink>; <xLexLink xArt="art. 451" xIsapId="WDU19640160093" xTitle="Ustawa z dnia 23 kwietnia 1964 r. - Kodeks cywilny" xAddress="Dz. U. z 1964 r. Nr 16, poz. 93">art. 451 kc</xLexLink> w związku z <xLexLink xArt="art. 6;art. 11" xIsapId="WDU19940430163" xTitle="Ustawa z dnia 4 marca 1994 r. o zakładowym funduszu świadczeń socjalnych" xAddress="Dz. U. z 1994 r. Nr 43, poz. 163">art. 6 i 11 ustawy o zakładowym funduszu świadczeń socjalnych</xLexLink> w związku z <xLexLink xArt="art. 353;art. 353 § 1" xIsapId="WDU19640160093" xTitle="Ustawa z dnia 23 kwietnia 1964 r. - Kodeks cywilny" xAddress="Dz. U. z 1964 r. Nr 16, poz. 93">art. 353 § 1 kc</xLexLink>; <xLexLink xArt="art. 5" xIsapId="WDU19640160093" xTitle="Ustawa z dnia 23 kwietnia 1964 r. - Kodeks cywilny" xAddress="Dz. U. z 1964 r. Nr 16, poz. 93">art. 5 kc</xLexLink> w związku z <xLexLink xArt="art. 481;art. 481 § 1" xIsapId="WDU19640160093" xTitle="Ustawa z dnia 23 kwietnia 1964 r. - Kodeks cywilny" xAddress="Dz. U. z 1964 r. Nr 16, poz. 93">art. 481 § 1 kc</xLexLink> i art. 6 ustawy o zakaldowym funduszu świadczeń socjalnych, ewentualnie <xLexLink xArt="art. 8" xIsapId="WDU19740240141" xTitle="Ustawa z dnia 26 czerwca 1974 r. - Kodeks pracy" xAddress="Dz. U. z 1974 r. Nr 24, poz. 141">art. 8 kp</xLexLink> w związku z <xLexLink xArt="art. 481;art. 481 § 1" xIsapId="WDU19640160093" xTitle="Ustawa z dnia 23 kwietnia 1964 r. - Kodeks cywilny" xAddress="Dz. U. z 1964 r. Nr 16, poz. 93">art. 481 § 1 kc</xLexLink> i <xLexLink xArt="art. 6" xIsapId="WDU19940430163" xTitle="Ustawa z dnia 4 marca 1994 r. o zakładowym funduszu świadczeń socjalnych" xAddress="Dz. U. z 1994 r. Nr 43, poz. 163">art. 6 ustawy o zakładowym funduszu świadczeń socjalnych</xLexLink> oraz <xLexLink xArt="art. 291" xIsapId="WDU19740240141" xTitle="Ustawa z dnia 26 czerwca 1974 r. - Kodeks pracy" xAddress="Dz. U. z 1974 r. Nr 24, poz. 141">art. 291 kp</xLexLink> w związku z <xLexLink xArt="art. 476;art. 476 § 1" xIsapId="WDU19640160093" xTitle="Ustawa z dnia 23 kwietnia 1964 r. - Kodeks cywilny" xAddress="Dz. U. z 1964 r. Nr 16, poz. 93">art. 476 § 1 kc</xLexLink> i <xLexLink xArt="art. 118" xIsapId="WDU19640160093" xTitle="Ustawa z dnia 23 kwietnia 1964 r. - Kodeks cywilny" xAddress="Dz. U. z 1964 r. Nr 16, poz. 93">art. 118 kc</xLexLink> zostały wyraźnie rozstrzygnięte w uzasadnieniu wyroku Sądu Najwyższego.</xText>
          <xText>Dlatego też Sąd Apelacyjny podziela wykładnię prawa dokonaną przez Sąd Najwyższy, że pomiędzy pracodawcą a Funduszem nie istnieje stosunek zobowiązaniowy w rozumieniu <xLexLink xArt="art. 353;art. 353 § 1" xIsapId="WDU19640160093" xTitle="Ustawa z dnia 23 kwietnia 1964 r. - Kodeks cywilny" xAddress="Dz. U. z 1964 r. Nr 16, poz. 93">art. 353 § 1 kc</xLexLink>, brak jest dłużnika i wierzyciela w rozumieniu tego przepisu. Nieprzekazanie określonych kwot na rachunek bankowy zakładowego funduszu świadczeń socjalnych nie jest więc jego długiem w rozumieniu przepisów <xLexLink xArt="" xIsapId="WDU19640160093" xTitle="Ustawa z dnia 23 kwietnia 1964 r. - Kodeks cywilny" xAddress="Dz. U. z 1964 r. Nr 16, poz. 93">kodeksu cywilnego</xLexLink>. Nie będzie więc miał tu zastosowania przepis <xLexLink xArt="art. 481" xIsapId="WDU19640160093" xTitle="Ustawa z dnia 23 kwietnia 1964 r. - Kodeks cywilny" xAddress="Dz. U. z 1964 r. Nr 16, poz. 93">art. 481 kc.</xLexLink></xText>
          <xText>Zgodnie z <xLexLink xArt="art. 359;art. 359 § 1" xIsapId="WDU19640160093" xTitle="Ustawa z dnia 23 kwietnia 1964 r. - Kodeks cywilny" xAddress="Dz. U. z 1964 r. Nr 16, poz. 93">art. 359 § 1 kc</xLexLink> odsetki od sumy pieniężnej należą się tylko wtedy, gdy to wynika z czynności prawnej, ustawy, orzeczenia sądu lub z decyzji innego właściwego organu. <xLexLink xArt="" xIsapId="WDU19940430163" xTitle="Ustawa z dnia 4 marca 1994 r. o zakładowym funduszu świadczeń socjalnych" xAddress="Dz. U. z 1994 r. Nr 43, poz. 163">Ustawa o zakładowym funduszu świadczeń socjalnych</xLexLink> nie zawiera przepisów nakładających obowiązek zapłaty odsetek za opóźnienie w przekazaniu środków pieniężnych pochodzących z odpisów na fundusz socjalny na konto bankowe tego Funduszu. Ustawa ta nie odsyła w tej kwestii także do innych ustaw, w tym do <xLexLink xArt="" xIsapId="WDU19640160093" xTitle="Ustawa z dnia 23 kwietnia 1964 r. - Kodeks cywilny" xAddress="Dz. U. z 1964 r. Nr 16, poz. 93">kodeksu cywilnego</xLexLink>.</xText>
          <xText>W związku z powyższym pracodawca nie ma obowiązku uiszczania odsetek od kwot nieprzekazanych w terminie na rachunek bankowy zakładowego funduszu świadczeń socjalnych.</xText>
          <xText>Zasadnym okazał się zarzut dotyczący przedawnienia żądania wpłat na rachunek bankowy zakładowego funduszu świadczeń socjalnych. W ocenie Sądu Najwyższego roszczenia o przekazanie należnych środków na Fundusz mają charakter publiczny ponieważ związki zawodowe działają na rzecz załogi. Ich zadaniem jest organizowanie działalności socjalnej w interesie zbiorowym, dla dobra wspólnego wszystkich pracowników. Ponieważ roszczenia o przekazanie środków na Fundusz mają charakter publiczny musi istnieć przepis regulujący przedawnienie tych należności. Brak takiego przepisu w <xLexLink xArt="" xIsapId="WDU19940430163" xTitle="Ustawa z dnia 4 marca 1994 r. o zakładowym funduszu świadczeń socjalnych" xAddress="Dz. U. z 1994 r. Nr 43, poz. 163">ustawie o zakładowym funduszu świadczeń socjalnych</xLexLink> ani w innej ustawie odnoszącej się do tej kwestii oznacza, że roszczenia o przekazanie środków na Fundusz nie przedawniają się należało więc ustalić, czy pozwany zalegał z wpłatą na Fundusz w okresie przed 2005 r.</xText>
          <xText>Powodowie dochodzili w pozwem kwotę 1.432.219,61 zł (po zmodyfikowaniu) za lata 2005, 2008 i 2009 w tym 383.070,60 zł za 2005 r., 509.272,86 zł za 2008 r. i 539.876,09 zł za 2009 r.</xText>
          <xText>Pozwany złożył zestawienie zakładowego funduszu świadczeń socjalnych (k. 99), z którego wynika, że saldo na początek roku 2005 wynosiło 1.659.462,05 zł i jak wynika z wyjaśnień pełnomocnika pozwanego na rozprawie apelacyjnej w dniu 22 sierpnia 2012 roku kwota ta nie została nigdy spłacona. Wobec przyznania przez pozwanego faktu zaległości sprzed 2005 r. Sąd Apelacyjny uznał za niezasadne przeprowadzanie innych dowodów w tym przedmiocie.</xText>
          <xText>Wobec tego, że roszczenia funduszu się nie przedawniają, a zaległość sprzed 2005 r. wynosi 1.659.462,05 zł Sąd Apelacyjny zmienił częściowo pkt II wyroku Sądu Okregowego przez nakazanie pozwanemu wpłacenie na rzecz Funduszu kwoty 524.259,34 zł.</xText>
          <xText>Sąd Apelacyjny oddalił apelację w pozostałej części tj. w zakresie żądania odsetek.</xText>
          <xText>Sąd Apelacyjny zniósł wzajemnie między stronami koszty postepowania kasacyjnego i apelacyjnego stosownie do treści <xLexLink xArt="art. 100" xIsapId="WDU19640430296" xTitle="Ustawa z dnia 17 listopada 1964 r. - Kodeks postępowania cywilnego" xAddress="Dz. U. z 1964 r. Nr 43, poz. 296">art. 100 kpc</xLexLink>.</xText>
          <xText>Powodowie zostali zwolnieni od opłaty od pozwu w kwocie 87.393 zł, od opłaty od apelacji w całości, a także od opłaty od skargi kasacyjnej.</xText>
          <xText>Jedyne koszty jakie powodowie ponieśli to koszty zastępstwa procesowego. Zważyć jednak należy, że pozwany szpital jest w bardzo trudnej sytuacji finansowej, jego zadłużenie sięga ponad 30 milionów złotych i dalsze obciążenie finansowe spowoduje dalsze pogłębienie złej sytuacji szpitala. Ponadto strona pozwana poniosła również koszty zastępstwa procesowego.</xText>
          <xText>Mając powyższe na względzie, Sąd Apelacyjny na podstawie <xLexLink xArt="art. 386;art. 386 § 1" xIsapId="WDU19640430296" xTitle="Ustawa z dnia 17 listopada 1964 r. - Kodeks postępowania cywilnego" xAddress="Dz. U. z 1964 r. Nr 43, poz. 296">art. 386 § 1 kpc</xLexLink> i <xLexLink xArt="art. 385" xIsapId="WDU19640430296" xTitle="Ustawa z dnia 17 listopada 1964 r. - Kodeks postępowania cywilnego" xAddress="Dz. U. z 1964 r. Nr 43, poz. 296">385 kpc</xLexLink> orzekł jak w sentencji.</xText>
        </xUnit>
      </xBlock>
    </xPart>
  </judgement>
<judgement id="153000000001521_III_AUa_000640_2012_Uz_2012-08-29_001">
    <xPart xEditorFullName="Bożena Karczmarz" xYear="2012" xLang="PL" xPublisherFullName="Ewa Sidor" xFromPg="1" xEditor="karczmarz" xVolType="15/300000/0001521/AUa" xPublisher="sidor" xDocType="Uz" xVolNmbr="000640" xVersion="1.0" xToPage="font.c" xFlag="published">
      <xName>Wyrok+Uzasadnienie</xName>
      <xBlock>
        <xText>Sygn. akt III AUa 640/12</xText>
        
        <xUnit xIsTitle="true" xBold="true" xType="part">
          <xName>WYROK</xName>
          <xTitle>W IMIENIU RZECZYPOSPOLITEJ POLSKIEJ</xTitle>
          <xText>Dnia 29 sierpnia 2012 r.</xText>
          
          <xText>
            <xBx>Sąd Apelacyjny w Lublinie III Wydział Pracy i Ubezpieczeń Społecznych </xBx>
          </xText>
          
          <xText>w składzie:</xText>
          <xRows>
            <xRow>
              <xClmn xALIGNx="left" xVALIGNx="middle">
                <xText>Przewodniczący - Sędzia</xText>
              </xClmn>
              <xClmn xALIGNx="left" xVALIGNx="middle">
                <xText>SA Teresa Czekaj</xText>
              </xClmn>
            </xRow>
            <xRow>
              <xClmn xALIGNx="left" xVALIGNx="top">
                <xText>Sędziowie:</xText>
              </xClmn>
              <xClmn xALIGNx="left" xVALIGNx="middle">
                <xText>SA Bogdan Świerk (spr.)</xText>
                <xText>SA Barbara Mazurkiewicz-Nowikowska</xText>
              </xClmn>
            </xRow>
            <xRow>
              <xClmn xALIGNx="left" xVALIGNx="middle">
                <xText>Protokolant: st.sekr.sądowy Urszula Goluch-Nikanowicz</xText>
              </xClmn>
            </xRow>
          </xRows>
          <xText>po rozpoznaniu w dniu 29 sierpnia 2012 r. w Lublinie</xText>
          <xText>sprawy <xAnon>W. Z. (1)</xAnon></xText>
          <xText>przeciwko Zakładowi Ubezpieczeń Społecznych Oddziałowi w <xAnon>L.</xAnon></xText>
          <xText>o wysokość emerytury</xText>
          <xText>na skutek apelacji pozwanego Zakładu Ubezpieczeń Społecznych Oddziału <xBRx/>w <xAnon>L.</xAnon></xText>
          <xText>od wyroku Sądu Okręgowego w Lublinie</xText>
          <xText>z dnia 18 kwietnia 2012 r.    sygn. akt VIII U 1416/12</xText>
          
          <xText>
            <xBx>uchyla zaskarżony wyrok oraz poprzedzającą go decyzję Zakładu Ubezpieczeń Społecznych Oddziału w <xAnon>L.</xAnon> z dnia 8 grudnia 2011 roku<xBRx/> i przekazuje sprawę temu organowi do ponownego rozpoznania.</xBx>
          </xText>
          
          <xText>
            <xBx>III AUa 640/12</xBx>
          </xText>
        </xUnit>
        <xUnit xIsTitle="true" xBold="true" xType="part">
          <xName>UZASADNIENIE</xName>
          <xText>Decyzją z dnia 8 grudnia 2011 r. Zakład Ubezpieczeń Społecznych Oddział w <xAnon>L.</xAnon> odmówił <xAnon>W. Z. (1)</xAnon> ponownego obliczenia wysokości emerytury. W uzasadnieniu decyzji wskazano, że przyczyną odmowy jest kwestionowanie zapisów dotyczących wynagrodzeń za pracę <xAnon>W. Z. (1)</xAnon> zawartych w jej legitymacji ubezpieczeniowej a ponadto zapisy dotyczące tych wynagrodzeń nie zostały opatrzone imienną pieczątką osoby dokonującej wpisu.</xText>
          <xText>W odwołaniu od tej decyzji, kwestionując jej prawidłowość, <xAnon>W. Z. (1)</xAnon> podała, że nie dysponuje innymi dokumentami dotyczącymi jej wynagrodzenia otrzymywanego z tytułu zatrudnienia w Rolniczej Spółdzielni Produkcyjnej w <xAnon>K.</xAnon>, poza złożonymi organowi rentowemu.</xText>
          <xText>Po jego rozpoznaniu Sąd Okręgowy w Lublinie wyrokiem z dnia 18 kwietnia 2012 r. zmienił wskazaną na wstępie decyzję w ten sposób, że przyznał <xAnon>W. Z. (1)</xAnon> prawo do ponownego ustalenia wysokości emerytury od dnia 1 września 2011 r. z uwzględnieniem okresu zatrudnienia w Rolniczej Spółdzielni Produkcyjnej w <xAnon>K.</xAnon> od dnia 1 września 1979 r. do dnia 28 lutego 1983 r. z miesięcznym wynagrodzeniem w kwocie 8 050 zł.</xText>
          <xText>Swoje rozstrzygnięcie Sąd Okręgowy oparł na poniższych ustaleniach faktycznych oraz ich ocenie prawnej: od dnia 23 kwietnia 2007 r. <xAnon>W. Z. (1)</xAnon> miała ustalone prawo do emerytury. Wysokość świadczenia została obliczona z zastosowaniem wskaźnika wysokości podstawy jego wymiaru wynoszącego 17,98%. Decyzją z dnia 15 stycznia 2010 r. pozwany przeliczył emeryturę ubezpieczonej z zastosowaniem podstawy wymiaru świadczenia z 20 lat kalendarzowych i wskaźnikiem wysokości tej podstawy wynoszącym 31,70%. Kolejną decyzją – z dnia 20 września 2011 r. emerytura ubezpieczonej została ponownie przeliczona z zastosowaniem wskaźnika wysokości podstawy jej wymiaru wynoszącego 31,82%. W dniu 30 czerwca 2011 r. <xAnon>W. Z. (1)</xAnon> wystąpiła do pozwanego z nowym wnioskiem żądając obliczenia wysokości jej świadczenia w oparciu o podstawę wymiaru składek z 20 lat kalendarzowych wybranych z całego okresu jej zatrudnienia. Decyzją z dnia 8 grudnia 2011 r. pozwany odmówił dokonania takiego obliczenia z uwzględnieniem jej wynagrodzenia uzyskiwanego w Rolniczej Spółdzielni Produkcyjnej w <xAnon>K.</xAnon>.</xText>
          <xText>W ocenie Sądu Okręgowego odmowa przeliczenia emerytury ubezpieczonej jest nieuzasadniona. Jako fakt bezsporny, między stronami, przyjął sąd trwanie stosunku pracy wnioskodawczyni z Rolniczą Spółdzielnią Produkcyjną w <xAnon>K.</xAnon> w okresie od dnia 1 września 1979 r. do dnia 28 lutego 1983 r. Także jej wynagrodzenie wskazane stosownymi zapisami w legitymacji ubezpieczeniowej było w stałej wielkości i zostało potwierdzona dowodami z zeznań świadka <xAnon>M. K.</xAnon> i także zeznaniami wnioskodawczyni. Dowody z tych zeznań uznał sąd za wiarygodne bo <xAnon>M. K.</xAnon> był tych latach wiceprezesem zarządu spółdzielni i miał wiedzę w zakresie zasad wynagradzania jej pracowników. W innej sprawie – dotyczącej męża wnioskodawczyni – <xAnon>W. Z. (2)</xAnon>, w takich samych warunkach zostało przyjęte jego wynagrodzenie za pracę według zapisów zawartych w legitymacji ubezpieczeniowej i pozwany organ rentowy nie kwestionował poprawności takiego rozwiązania.</xText>
          <xText>Stąd w ocenie sądu wnioskodawczyni ma prawo do przeliczenia swojej emerytury od pierwszego dnia miesiąca w którym wystąpiła z wnioskiem o dokonanie takiego przeliczenia i kwestionowaną przez nią decyzję pozwanego należało zmienić.</xText>
          <xText>Apelację od wyroku Sądu Okręgowego wywiódł pozwany organ rentowy wnosząc o jego zmianę przez oddalenie odwołania ubezpieczonej.</xText>
          <xText>Skarżący zarzucił:</xText>
          <xText>- naruszenie prawa materialnego – przepisów: <xLexLink xArt="art. 111;art. 111 ust. 1" xIsapId="WDU19981621118" xTitle="Ustawa z dnia 17 grudnia 1998 r. o emeryturach i rentach z Funduszu Ubezpieczeń Społecznych" xAddress="Dz. U. z 1998 r. Nr 162, poz. 1118">art. 111 ust.1 ustawy z dnia 17 grudnia 1998 r. o emeryturach i rentach z Funduszu Ubezpieczeń Społecznych</xLexLink> (dalej podawanej jako ustawa o FUS) oraz <xLexLink xArt="§ 21" xIsapId="WDU20112371412" xTitle="Rozporządzenie Ministra Pracy i Polityki Społecznej z dnia 11 października 2011 r. w sprawie postępowania o świadczenia emerytalno-rentowe" xAddress="Dz. U. z 2011 r. Nr 237, poz. 1412">§ 21 rozporządzenia Ministra Pracy i Polityki Społecznej z dnia 11 października 2011 r. w sprawie postępowania o świadczenia emerytalno-rentowe</xLexLink>, oraz</xText>
          <xText>- sprzeczność ustaleń sądu z treścią zebranego w sprawie materiału dowodowego poprzez przyjęcie, że wnioskodawczyni udowodniła wysokość wynagrodzenia w kwocie 8 050 zł miesięcznie otrzymywanego w okresie od dnia 1 września 1979 r. do dnia 28 lutego 1983 r. gdy wykonywała zatrudnienie w Rolniczej Spółdzielni Produkcyjnej w <xAnon>K.</xAnon>.</xText>
          <xText>W uzasadnieniu apelacji wskazano, że ze względu na znaczny upływ czasu – ponad 30 lat, zeznania świadka <xAnon>M. K.</xAnon> nie mają wartości dowodowej dla wykazania wysokości wynagrodzenia wnioskodawczyni za pracę wykonywaną w Rolniczej Spółdzielni Produkcyjnej w <xAnon>K.</xAnon>. Ze świadectwa pracy wynika, że wnioskodawczyni ostatnio otrzymywała w tej Spółdzielni wynagrodzenie w kwocie 8 050 zł. Taki wpis nie oznacza, że wielkość wynagrodzenia była taka sama od podjęcia zatrudnienia, tym bardziej, że u poprzedniego pracodawcy – Eksportowym <xAnon> Zakładzie (...)</xAnon> w <xAnon>K.</xAnon> w dniu 31 marca 1978 r. wynagrodzenie wnioskodawczyni wynosiło tylko 2 500 zł. miesięcznie. Ciężar dowodu w wykazaniu wysokości wynagrodzenia spoczywa na wnioskodawczyni i w sposób niewątpliwy ona tego nie dopełniła.</xText>
          <xText>Ponadto pozwany podniósł, że okres od dnia 1 września 1979 r. do dnia 28 lutego 1983 r. jest zaliczony do stażu ubezpieczeniowego wnioskodawczyni zaś z brzmienia zaskarżonego wyroku wynika, że okres ten winien być uwzględniony przy ponownym określaniu wysokości emerytury <xAnon>W. Z. (1)</xAnon>.</xText>
          <xText><xBx> Sąd Apelacyjny zważył co następuje:</xBx> należy przyznać rację skarżącemu gdy kwestionuje on poprawność redakcji sentencji zaskarżonego wyroku. Jednak sam fakt wadliwości tej redakcji nie może skutkować uwzględnieniem apelacji. Istotna jest przecież wartość argumentacji merytorycznej podnoszonej w apelacji oraz możliwość dokonania kontroli instancyjnej zaskarżonego wyroku, co obejmuje także ocenę poprawności rozstrzygnięcia zawartego w decyzji pozwanego, od której wniesione odwołanie zainicjowało kontrolne postępowanie sądowe.</xText>
          <xText>Zacząć należy od motywacji rozstrzygnięcia decyzji. Otóż podstawą odmowy przeliczenia emerytury wnioskodawczyni była negatywna ocena dowodu z zapisów zawartych w legitymacji ubezpieczeniowej <xAnon>W. Z. (1)</xAnon> co do wielkości jej wynagrodzenia za pracę. Pozwany nie kwestionował przy tym, że jakieś wynagrodzenia za pracę świadczoną w Rolniczej Spółdzielni Produkcyjnej w <xAnon>K.</xAnon> wnioskodawczyni otrzymywała (zob. także uzasadnienie apelacji) ale uważał, że wielkość tego wynagrodzenia określona w zapisach zawartych w jej legitymacji ubezpieczeniowej jest nieprawdziwa. Z treści przepisu art. 111 ust. 1 ustawy o FUS, który to przepis bezspornie znajduje zastosowanie do oceny roszczenia wnioskodawczyni, w oczywisty sposób, wynika, że ponowne obliczenie wysokości świadczenia następuje wtedy, gdy wskaźnik wysokości podstawy jego wymiaru jest wyższy od obliczonego poprzednio. Zatem odmowa przeliczenia emerytury wnioskodawczyni mogła nastąpić jedynie wtedy gdyby organ rentowy po przeprowadzeniu stosownych obliczeń, w ramach posiadanego przez siebie materiału dowodowego i wskazywanego przez ubezpieczoną ustalił, że wielkość omawianego wskaźnika jest niższa. Oczywiście, pozwany ma wręcz obowiązek prawny dokonywania oceny tego materiału ale na samej negatywnej ocenie części tego materiału nie może oprzeć rozstrzygnięcia o roszczeniu wnioskodawczyni. Skoro nie jest kwestionowany fakt wykonywania przez <xAnon>W. Z. (1)</xAnon> zatrudnienia w Rolniczej Spółdzielni Produkcyjnej w <xAnon>K.</xAnon> oraz pełny wymiar czasu pracy tego zatrudnienia to organ rentowy mógł i powinien wykonać symulacje w zakresie wielkości wskaźnika wysokości podstawy wymiaru jej emerytury przyjmując chociażby najniższe wynagrodzenie pracownicze za okres jej pracy w tej Spółdzielni. Dopiero wtedy okazało by się, czy przedmiotowy wskaźnik jest niższy czy też wyższy od obliczonego poprzednio. Taki sposób postępowania nie zamykał wnioskodawczyni drogi do kwestionowania wysokości jej wynagrodzenia w tym przedmiocie w kontrolnym procesie sądowym. Dlatego organ rentowy w sposób prawidłowy nie rozpoznał wniosku <xAnon>W. Z. (1)</xAnon> z dnia 30 czerwca 2011 r. Z części II tego wniosku wynika, że ubezpieczona nie występowała wcześniej o ustalenie jej kapitału początkowego, że chce wyliczenia jej emerytury w oparciu o podstawę wymiaru składek z 20 lat kalendarzowych i wnosi o wybranie najkorzystniejszego wariantu tego wyliczenia. Tymczasem pozwany, wbrew wnioskowi ubezpieczonej, przyznał jej emeryturę określoną w art. 24-26 ustawy o FUS – co nastąpiło decyzją z dnia 22 września 2011 r. (k.29 akt emerytalnych). Składając legitymacje ubezpieczeniową przy swoim podaniu złożonym pozwanemu dnia 30 września 2011 r. wnioskodawczyni wyraźnie zaznaczyła, że czyni to w uzupełnieniu swojego wniosku z dnia 30 czerwca 2011 r. Zatem to nowe podanie nie było samodzielnym wnioskiem ale jedynie uzupełnieniem poprzedniego. Wprawdzie w II tomie akt ZUS (na jego końcu) jest decyzja z dnia 20 września 2011 r. przeliczająca od dnia 1 października 2011 r. emeryturę wnioskodawczyni z zastosowaniem podstawy jej wymiaru obliczonej z 20 lat podstawy wymiaru składek ale z jej treści wynika, że została wydana na wniosek z dnia 19 września – którego w aktach ZUS nie ma, a poza tym wskaźnik wysokości podstawy wymiaru świadczenia został obliczony z podstawy wymiaru składek z lat 1990 – 2009, a więc po pierwsze, nie uwzględniał żądania ubezpieczonej w kwestii wyboru najkorzystniejszego wariantu, a po drugie nie została sprawdzona możliwość zastosowania do obliczenia wysokości emerytury wnioskodawczyni podstawa wymiaru składek za okres jej pracy w Rolniczej Spółdzielni Produkcyjnej w <xAnon>K.</xAnon>, w sposób o którym była mowa wyżej.</xText>
          <xText>W tej sytuacji sąd drugiej instancji nie miał żadnego innego wyjścia jak uchylenie zaskarżonego wyroku i poprzedzającej go decyzji i przekazanie sprawy organowi rentowemu do jej ponownego rozpoznania.</xText>
          <xText>Z tych zatem względów i z mocy <xLexLink xArt="art. 477" xIsapId="WDU19640430296" xTitle="Ustawa z dnia 17 listopada 1964 r. - Kodeks postępowania cywilnego" xAddress="Dz. U. z 1964 r. Nr 43, poz. 296">art. 477</xLexLink><xSUPx>14a</xSUPx><xLexLink xArt="" xIsapId="WDU19640430296" xTitle="Ustawa z dnia 17 listopada 1964 r. - Kodeks postępowania cywilnego" xAddress="Dz. U. z 1964 r. Nr 43, poz. 296">kpc</xLexLink> Sąd Apelacyjny orzekł jak w wyroku.</xText>
        </xUnit>
      </xBlock>
    </xPart>
  </judgement>
<judgement id="151500000001521_III_AUa_001960_2011_Uz_2012-08-30_001">
    <xPart xEditorFullName="Edyta Katerwy" xYear="2011" xLang="PL" xPublisherFullName="Lidia Sznurawa" xFromPg="1" xEditor="ekaterwy" xVolType="15/150000/0001521/AUa" xPublisher="lsznurawa" xDocType="Uz" xVolNmbr="001960" xVersion="1.0" xToPage="1" xFlag="published">
      <xName>Wyrok+Uzasadnienie</xName>
      <xBlock>
        <xText>Sygn. akt III AUa 1960/11</xText>
        <xUnit xIsTitle="true" xType="part" xBold="true">
          <xName>WYROK</xName>
          <xTitle>W IMIENIU RZECZYPOSPOLITEJ POLSKIEJ</xTitle>
          <xText xALIGNx="right">Dnia 30 sierpnia 2012 r.</xText>
          
          <xText><xBx>Sąd Apelacyjny w Katowicach</xBx> III Wydział Pracy i Ubezpieczeń Społecznych</xText>
          <xText>w składzie:</xText>
          <xRows>
            <xRow>
              <xClmn xALIGNx="left" xVALIGNx="top">
                <xText>Przewodniczący</xText>
              </xClmn>
              <xClmn xALIGNx="left" xVALIGNx="top">
                <xText>SSA Maria Małek - Bujak (spr.)</xText>
              </xClmn>
            </xRow>
            <xRow>
              <xClmn xALIGNx="left" xVALIGNx="top">
                <xText>Sędziowie</xText>
              </xClmn>
              <xClmn xALIGNx="left" xVALIGNx="top">
                <xText>SSA Alicja Kolonko</xText>
                <xText>SSA Marek Procek</xText>
              </xClmn>
            </xRow>
            <xRow>
              <xClmn xALIGNx="left" xVALIGNx="top">
                <xText>Protokolant</xText>
              </xClmn>
              <xClmn xALIGNx="left" xVALIGNx="top">
                <xText>Agnieszka Turczyńska</xText>
              </xClmn>
            </xRow>
          </xRows>
          <xText>po rozpoznaniu w dniu 30 sierpnia 2012r. w Katowicach</xText>
          <xText>sprawy z odwołania <xAnon>O. G.</xAnon> (<xAnon>O. G.</xAnon>)</xText>
          <xText>przeciwko Zakładowi Ubezpieczeń Społecznych Oddział w <xAnon>C.</xAnon></xText>
          <xText>przy udziale zainteresowanego <xAnon>O. M.</xAnon> (<xAnon>O. M.</xAnon>)</xText>
          <xText>o objęcie ubezpieczeniami społecznymi i ustalenie podstawy wymiaru składek na ubezpieczenie społeczne</xText>
          <xText>na skutek apelacji ubezpieczonego <xAnon>O. G.</xAnon></xText>
          <xText>od wyroku Sądu Okręgowego - Sądu Pracy i Ubezpieczeń Społecznych w Katowicach</xText>
          <xText>z dnia 18 kwietnia 2011r. sygn. akt X U 120/11</xText>
          <xUnit xIsTitle="false" xType="none">
            <xName xSffx=".">1</xName>
            <xText>
              <xBx>oddala apelację, </xBx>
            </xText>
          </xUnit>
          <xUnit xIsTitle="false" xType="none">
            <xName xSffx=".">2</xName>
            <xText>
              <xBx>zasądza od <xAnon>O. G.</xAnon> na rzecz Zakładu Ubezpieczeń Społecznych Oddział w <xAnon>C.</xAnon> kwotę 450 zł (czterysta pięćdziesiąt złotych) tytułem zwrotu kosztów zastępstwa procesowego za II instancję.  </xBx>
            </xText>
          </xUnit>
          
          <xText>/-/ SSA M.Procek /-/ SSA M.Małek – Bujak /-/ SSA A.Kolonko
  </xText>
          <xText>Sędzia Przewodniczący Sędzia</xText>
          
          <xText>Sygn. akt III AUa 1960/11</xText>
        </xUnit>
        <xUnit xIsTitle="true" xType="part" xBold="true">
          <xName>UZASADNIENIE</xName>
          <xText>Decyzją z dnia 18 listopada 2010r. Zakład Ubezpieczeń Społecznych Oddział <xBRx/>w <xAnon>C.</xAnon> na podstawie <xLexLink xArt="art. 68" xIsapId="WDU19981370887" xTitle="Ustawa z dnia 13 października 1998 r. o systemie ubezpieczeń społecznych" xAddress="Dz. U. z 1998 r. Nr 137, poz. 887">art. 68</xLexLink> w związku z <xLexLink xArt="art. 83;art. 6;art. 8;art. 13;art. 18;art. 20;art. 41;art. 46;art. 47" xIsapId="WDU19981370887" xTitle="Ustawa z dnia 13 października 1998 r. o systemie ubezpieczeń społecznych" xAddress="Dz. U. z 1998 r. Nr 137, poz. 887">art. 83 oraz <xBRx/>art. 6, art. 8, art. 13, art. 18, art. 20, art. 41, art. 46 oraz art. 47 ustawy z dnia <xBRx/>13 października 1998r. o systemie ubezpieczeń społecznych</xLexLink> (tekst jednolity: Dz. U. <xBRx/>z 2009r. nr 205, poz. 1585 z późn. zm.), <xLexLink xArt="art. 81" xIsapId="WDU20042102135" xTitle="Ustawa z dnia 27 sierpnia 2004 r. o świadczeniach opieki zdrowotnej finansowanych ze środków publicznych" xAddress="Dz. U. z 2004 r. Nr 210, poz. 2135">art. 81 ustawy z dnia 27 sierpnia 2004r. <xBRx/>o świadczeniach opieki zdrowotnej finansowanych ze środków publicznych</xLexLink> (tekst jednolity: Dz. U. z 2008r. nr 164, poz. 1027 z późn. zm.) i <xLexLink xArt="art. 627" xIsapId="WDU19640160093" xTitle="Ustawa z dnia 23 kwietnia 1964 r. - Kodeks cywilny" xAddress="Dz. U. z 1964 r. Nr 16, poz. 93">art. 627 Kodeksu cywilnego</xLexLink> stwierdził, że ubezpieczony <xAnon>O. M.</xAnon> osiągnął u płatnika składek <xAnon> Wydawnictwo (...)</xAnon> wł. <xAnon>O. G.</xAnon> oprócz wynagrodzenia z tytułu stosunku pracy przychód z tytułu umów cywilnoprawnych - umów autorskich o przeniesienie autorskich praw majątkowych, który stanowi podstawę wymiaru składek na ubezpieczenie społeczne. Ustalił, że wobec powyższego podstawa wymiaru składek na ubezpieczenia społeczne ubezpieczonego wynosi za czerwiec 2007r. - 6.936,00 zł, za lipiec 2007r. - 7.936,00 zł, za grudzień 2007r. - 10.280,80 zł, a na ubezpieczenie zdrowotne wynosi za czerwiec 2007r. - 5.638,28 zł, za lipiec 2007r. - <xBRx/>6.689,26 zł, za grudzień 2007r. - 9.128,56 zł.</xText>
          <xText>W uzasadnieniu organ rentowy wskazał, że ubezpieczony zatrudniony był <xBRx/>u płatnika na podstawie umowy o pracę, a ponadto wykonywał na jego rzecz umowy nazwane i zakwalifikowane przez płatnika jako umowy autorskie - o przeniesienie autorskich praw majątkowych. Podniósł, że analiza czynności wykonywanych przez ubezpieczonego <xBRx/>w ramach poszczególnych umów wskazuje, że charakter umów nosi znamiona umów o dzieło - co wynika z faktu, że umowa taka jest umową rezultatu o wyraźnych cechach, w której przyjmujący zamówienie zobowiązuje się do wykonania określonego dzieła jako świadczenia jednorazowego, jednak nie podlega poleceniom co do czasu, miejsca i sposobu wykonania dzieła. Umowy takie nie stanowią jednokrotnego przeniesienia jedynie praw majątkowych <xBRx/>w stosunku do określonych przedmiotów lub usług lecz wykonawca zobowiązuje się do wykonania określonych czynności. Organ rentowy zaznaczył, że jedynie w przypadku wykonania dzieła, które nie było przedmiotem umowy, lecz pracownik zaoferował sprzedawcy odsprzedanie dzieła (osobiście wykonanego) nie występuje umowa o dzieło lecz przewidziana w przepisach prawa autorskiego umowa o przeniesienie autorskich praw majątkowych lub umowa o korzystanie z utworu, która nie rodzi samoistnie obowiązku objęcia ubezpieczeniem społecznym.</xText>
          <xText>Od decyzji tej odwołał się prowadzący <xAnon> Wydawnictwo (...)</xAnon> - płatnik składek - <xAnon>O. G.</xAnon>. Wniósł o zmianę zaskarżonej decyzji poprzez ustalenie, że ubezpieczony osiągnął u płatnika wyłącznie przychód z wynagrodzenia za pracę, świadczoną na podstawie umowy o pracę i ustalenie podstawy wymiaru składek w oparciu o tę podstawę oraz <xBRx/>o zasądzenie od organu rentowego na rzecz skarżącego kosztów zastępstwa adwokackiego wg norm przepisanych. Wniósł także o połączenie do wspólnego rozpoznania spraw, w których wydano decyzje w zakresie osiąganych przez jego pracowników przychodów oraz <xBRx/>o dopuszczenie dowodu z zeznań ubezpieczonego <xAnon>O. M.</xAnon> na okoliczność rzeczywistego charakteru stosunku umownego łączącego strony i rodzaju zawartej <xBRx/>z płatnikiem umowy.</xText>
          <xText>W uzasadnieniu odwołujący się podniósł, że w jego ocenie organ rentowy dokonał zbyt daleko idącej ingerencji w charakter stosunku prawnego jaki łączył płatnika <xBRx/>z ubezpieczonym i poczynił ustalenia w oparciu o błędną wykładnię zawieranych umów, opierając się wyłącznie na ich dosłownym - literalnym brzmieniu. Podkreślił, że zgodnie z <xLexLink xArt="art. 65;art. 65 § 2" xIsapId="WDU19640160093" xTitle="Ustawa z dnia 23 kwietnia 1964 r. - Kodeks cywilny" xAddress="Dz. U. z 1964 r. Nr 16, poz. 93">art. 65 § 2 Kodeksu cywilnego</xLexLink> prymat przyznany został wykładni subiektywnej zgodnie, z którą</xText>
          <xText>należy badać jaki był rzeczywisty zamiar stron. Wskazał także, iż strony umowy nie są osobami posiadającymi wykształcenie prawnicze i znającymi tym samym specyfikę określonej terminologii oraz wynikające z tego faktu konsekwencje - stąd też zapisane przez nie postanowienia umowne należy oceniać z pewną ostrożnością, która pozwala na korektę dokonanych na jej podstawie oświadczeń woli i ustalenie treści umowy zgodnie <xBRx/>z rzeczywistym zamysłem stron. Powołując się na komentarz do <xLexLink xArt="art. 65" xIsapId="WDU19640160093" xTitle="Ustawa z dnia 23 kwietnia 1964 r. - Kodeks cywilny" xAddress="Dz. U. z 1964 r. Nr 16, poz. 93">art. 65 Kodeksu cywilnego</xLexLink> pod red. A. Kidyby podkreślił, że przy wykładni oświadczeń woli postuluje się życzliwą ich interpretację wspomagającą uznanie czynności prawnej za ważną, a stosowanie tej dyrektywy oznacza preferowanie takiego znaczenia oświadczenia woli, które pozwala na utrzymanie czynności prawnej i uznanie jej za zgodną z prawem oraz skuteczną, niż kwalifikowanie jej jako nieważnej czy nieskutecznej. Zaakcentował, że organ rentowy nie zwrócił należytej uwagi na fakt, że sporne umowy posiadają w głównej mierze charakter umów o przeniesienie praw autorskich. Wskazał, że przepisy <xLexLink xArt="" xIsapId="WDU19940240083" xTitle="Ustawa z dnia 4 lutego 1994 r. o prawie autorskim i prawach pokrewnych" xAddress="Dz. U. z 1994 r. Nr 24, poz. 83">ustawy z dnia 4 lutego 1994r. o prawie autorskim <xBRx/>i prawach pokrewnych</xLexLink> w części dotyczącej umowy o przeniesienie autorskich praw majątkowych nie zawierają zakazu zawierania umowy o przeniesienie autorskich praw majątkowych utworu, który ma powstać już po dniu, w którym umowa została zawarta.</xText>
          <xText>Reasumując podkreślił, że bezpośrednim zamiarem stron było zawarcie umowy <xBRx/>o przeniesienie autorskich praw majątkowych - o czym świadczy analiza sytuacji faktycznej <xBRx/>i analiza treści umów. Stąd też wynagrodzenie z tytułu spornych umów nie podlega składkowaniu na podstawie przepisów <xLexLink xArt="" xIsapId="WDU19981370887" xTitle="Ustawa z dnia 13 października 1998 r. o systemie ubezpieczeń społecznych" xAddress="Dz. U. z 1998 r. Nr 137, poz. 887">ustawy o systemie ubezpieczeń społecznych</xLexLink>.</xText>
          <xText>W odpowiedzi na odwołanie organ rentowy wniósł o oddalenie odwołania, wnioskując nadto o łączne rozpoznanie odwołań płatnika od decyzji w zakresie osiąganych przez jego pracowników przychodów podlegających składkowaniu.</xText>
          <xText>W uzasadnieniu podkreślił, że przedmiotem umowy o dzieło może być również utwór w rozumieniu art. 1 ust. 1 prawa autorskiego. Na podstawie umów autorskich zawartych przez płatnika z ubezpieczonymi - pracownikami, autorzy zobowiązali się do wykonania dzieła „utworu”, umowa wskazuje rodzaj utworu, formę rozporządzenia i pola eksploatacji, utwór jest rezultatem działalności twórczej o indywidualnym charakterze. Zaznaczył, że kwalifikacji spornych umów, jako umów o dzieło autorskie, nie stoi na przeszkodzie nazwanie ich umowami autorskimi o przeniesienie autorskich praw majątkowych. Nie stoi na przeszkodzie również konieczność osobistego wykonania dzieła (utworu) - tym bardziej, że wykonanie dzieła zwykle wymaga określonych kwalifikacji, umiejętności czy środków. Wskazał, że <xBRx/>w umowie o dzieło na przyjmującym zamówienie nie spoczywa zasadniczo obowiązek osobistego wykonania dzieła, jednakże konieczność osobistego wykonania umowy <xBRx/>o dzieło może wynikać z umowy o dzieło lub charakteru dzieła. Wskazał, że przeniesienie praw autorskich do utworu może mieć miejsce także w ramach działalności wykonywanej osobiście - ma to miejsce w przypadku gdy utwory tworzone są na podstawie umów zlecenia czy umów o dzieło, kiedy to twórcy wykonują konkretnie oznaczony (zamówiony utwór) dla danego odbiorcy, na jego zamówienie. Podkreślił, że poza sporem pozostaje, iż umowy, które kwalifikuje jako umowy o dzieło autorskie zostały zawarte pomiędzy stronami związanymi jednocześnie stosunkiem pracy w rozumieniu <xLexLink xArt="art. 22" xIsapId="WDU19740240141" xTitle="Ustawa z dnia 26 czerwca 1974 r. - Kodeks pracy" xAddress="Dz. U. z 1974 r. Nr 24, poz. 141">art. 22 Kodeksu pracy</xLexLink> - co sprawia, że wobec przepisów <xLexLink xArt="" xIsapId="WDU19981370887" xTitle="Ustawa z dnia 13 października 1998 r. o systemie ubezpieczeń społecznych" xAddress="Dz. U. z 1998 r. Nr 137, poz. 887">ustawy o systemie ubezpieczeń społecznych</xLexLink> przychód tytułem tych umów przez ubezpieczonych osiągnięty, stanowi podstawę wymiaru składek na ubezpieczenia społeczne.</xText>
          <xText>Zainteresowany <xAnon>O. M.</xAnon>, wezwany do udziału w sprawie, poparł odwołanie płatnika.</xText>
          
          <xText>
            <xBx>Wyrokiem z dnia 18 kwietnia 2011r. (sygn. akt XU 122/11) Sąd Okręgowy – Sąd Pracy i Ubezpieczeń Społecznych w Katowicach oddalił odwołanie.</xBx>
          </xText>
          
          <xText>Na podstawie wyjaśnień odwołującego się, zainteresowanego, akt osobowych zainteresowanego i akt kontroli ZUS - Sąd ustalił, iż odwołujący się płatnik <xAnon>O. G.</xAnon> prowadzi działalność gospodarczą <xAnon> Wydawnictwo (...)</xAnon> w <xAnon>K.</xAnon>.</xText>
          <xText>Począwszy od dnia 2 kwietnia 2007r. odwołujący się zatrudnia na podstawie umowy <xBRx/>o pracę zainteresowanego <xAnon>O. M.</xAnon> - jako sekretarza - przy czym</xText>
          
          <xText>wynagrodzenie zasadnicze ustalono w kwocie minimalnego wynagrodzenia miesięcznego pracowników (umowa o pracę z dnia 2 kwietnia 2007r. i aneksy do niej - akta osobowe zainteresowanego). Do zakresu obowiązków pracowniczych zainteresowanego należy bieżąca obsługa firmy, fakturowanie i rejestracja klientów, sprzedaż publikacji i programów do księgarń, hurtowni, dużych klientów oraz bibliotek i organizatorów kursów na uprawnienia, rozliczanie i ściąganie należności, wprowadzanie faktur kosztowych, obsługa targów i imprez, obsługa wysyłki aktualizacji do programów, zbieranie ankiet wśród kontrahentów, odbiór przesyłek z Poczty Głównej (zakres obowiązków na stanowisku sekretarza - akta osobowe zainteresowanego). Dodatkowo odwołujący się zawarł z zainteresowanym umowy:</xText>
          <xText>- z dnia 4 kwietnia 2007r. - w której zainteresowany jako autor zobowiązał się do opracowania i wykonania zdjęć w wysokiej rozdzielczości produktów będących w ofercie wydawnictwa do katalogów reklamowych,</xText>
          <xText>- z dnia 18 maja 2007r. - w której zobowiązał się do wykonania serii 20 zdjęć w wysokiej rozdzielczości o tematyce geodezyjnej z możliwością wykorzystania ich na okładkach książek oraz w reklamach,</xText>
          <xText>- z dnia 19 września 2007r. - w której zobowiązał się do wykonania serii 40 zdjęć w wysokiej rozdzielczości o tematyce geodezyjnej, prawnej, bussinesowej z możliwością wykorzystania ich na okładkach książek, w reklamach oraz na stronie WWW.</xText>
          <xText>Autor - zainteresowany <xAnon>O. M.</xAnon> - zobowiązał się do przeniesienia na rzecz wydawcy całości autorskich praw majątkowych do dzieła wraz z wyłącznym prawem zezwalania na wykonywanie zależnego prawa autorskiego. Zamawiający (wydawca - <xAnon>O. G.</xAnon>) zobowiązał się do zapłaty wynagrodzenia. Z tytułu w/w umów cywilno-prawnych zainteresowany osiągnął przychód: w czerwcu 2007r. w kwocie 6.000,00zł, w lipcu 2007r. <xBRx/>w kwocie 7.000,00zł, w grudniu 2007r. w kwocie 10.000,00zł.</xText>
          <xText>W oparciu o wyjaśnienia odwołującego się i zainteresowanego Sąd ustalił, że jako właściciel <xAnon> wydawnictwa (...)</xAnon> zatrudnia 4 osoby, przy czym pracownicy uczestnicząc <xBRx/>w działalności firmy wiedzą o konieczności wykonania pewnych prac na rzecz wydawnictwa - zainteresowany <xAnon>O. M.</xAnon> podjął się wykonania zdjęć dla potrzeb wydawnictwa - co było przedmiotem umowy o przeniesienia praw autorskich. Jak wyjaśnił zainteresowany zawarł z pracodawcą umowy o przeniesienie autorskich praw majątkowych, których przedmiotem było wykonanie fotografii. Były to fotografie publikacji książkowych wydawanych przez wydawnictwo, a także fotografie plenerowe. Fotografie miały być wykorzystywane albo jako ilustracje do publikacji albo miały być umieszczane na stronie internetowej <xAnon> wydawnictwa (...)</xAnon>. Zainteresowany nie zajmuje się fotografiką ani fotografią jako twórca, nie wystawia swoich fotografii, nie wykonuje fotografii dla potrzeb osób trzecich - jest amatorem, ale mając dostęp do dobrego sprzętu fotograficznego mógł podjąć się wykonania zdjęć. Zainteresowany najpierw wykonał zdjęcia, a po dokonaniu selekcji <xBRx/>i zaaprobowaniu ich podpisał z odwołującym się umowę o przeniesienie autorskich praw majątkowych.</xText>
          <xText>Wydawnictwo prowadzi własną stronę internetową, która wymaga aktualizacji, wydaje katalogi, które także są aktualizowane. Wiele czynności związanych <xBRx/>z publikacją książek zleca podmiotom zewnętrznym, współpracuje z autorami <xBRx/>i z recenzentami, osobami zajmującymi się składaniem tekstu, grafiką, informatyką. <xBRx/>Z wszystkimi tymi osobami zawiera umowy o przeniesienie praw autorskich. Wydawnictwo opublikowało także program komputerowy, który został stworzony przez wydawnictwo, <xBRx/>a wykonany na zlecenie przez informatyka - program wymaga stałej modyfikacji technologicznej, przy czym zajmuje się tym informatyk niezatrudniony w wydawnictwie. Nie zajmuje się on natomiast kwestiami merytorycznymi zawartymi w programie, również wymagającymi uzupełnienia czy modyfikacji.</xText>
          <xText>W tak ustalonym stanie faktycznym Sąd wyjaśniał, czy przychody z umów cywilnoprawnych zawartych pomiędzy odwołującym się - płatnikiem a jego pracownikiem -</xText>
          
          <xText>stanowią przychody z umowy o dzieło (autorskie) i tym samym stanowią podstawę wymiaru składek czy też - jak to wywodził pełnomocnik skarżącego - zawarte umowy traktowane winny być jako umowy o przeniesienie autorskich praw majątkowych <xBRx/>i przychody z nich uzyskane nie stanowią podstawy wymiaru składek na ubezpieczenia społeczne i zdrowotne.</xText>
          <xText>Sąd I instancji przypomniał , że stosownie do regulacji zawartej w <xLexLink xArt="art. 9;art. 9 ust. 4 b" xIsapId="WDU19981370887" xTitle="Ustawa z dnia 13 października 1998 r. o systemie ubezpieczeń społecznych" xAddress="Dz. U. z 1998 r. Nr 137, poz. 887">art. 9 ust. 4b ustawy z dnia 13 października 1998r. o systemie ubezpieczeń społecznych</xLexLink> (tekst jednolity: Dz. U. <xBRx/>z 2009r. nr 205, poz. 1585 z późn. zm.) osoby wykonujące pracę na podstawie umowy agencyjnej lub umowy zlecenia albo innej umowy o świadczenie usług, do której zgodnie <xBRx/>z <xLexLink xArt="" xIsapId="WDU19640160093" xTitle="Ustawa z dnia 23 kwietnia 1964 r. - Kodeks cywilny" xAddress="Dz. U. z 1964 r. Nr 16, poz. 93">Kodeksem cywilnym</xLexLink> stosuje się przepisy dotyczące zlecenia podlegają obowiązkowo ubezpieczeniom emerytalnemu i rentowym, jeżeli umowa agencyjna, umowa zlecenia lub inna umowa o świadczenie usług, do której zgodnie z <xLexLink xArt="" xIsapId="WDU19640160093" xTitle="Ustawa z dnia 23 kwietnia 1964 r. - Kodeks cywilny" xAddress="Dz. U. z 1964 r. Nr 16, poz. 93">Kodeksem cywilnym</xLexLink> stosuje się przepisy dotyczące zlecenia, albo umowa o dzieło, została zawarta z pracodawcą, z którym pozostają równocześnie w stosunku pracy, lub jeżeli w ramach takiej umowy wykonują pracę na rzecz pracodawcy, z którym pozostają w stosunku pracy, zaś wedle <xLexLink xArt="art. 627" xIsapId="WDU19640160093" xTitle="Ustawa z dnia 23 kwietnia 1964 r. - Kodeks cywilny" xAddress="Dz. U. z 1964 r. Nr 16, poz. 93">art. 627 Kodeksu cywilnego</xLexLink> przez umowę o dzieło przyjmujący zamówienie zobowiązuje się do wykonania oznaczonego dzieła, a zamawiający do zapłaty wynagrodzenia.</xText>
          <xText>Sąd I instancji stwierdził, że na gruncie <xLexLink xArt="" xIsapId="WDU19940240083" xTitle="Ustawa z dnia 4 lutego 1994 r. o prawie autorskim i prawach pokrewnych" xAddress="Dz. U. z 1994 r. Nr 24, poz. 83">ustawy z dnia 4 lutego 1994r. o prawie autorskim i prawach pokrewnych</xLexLink> (tekst jednolity: Dz. U. z 2006r., nr 90, poz. 631 z późn. zm.) obserwuje się często zjawisko przenikania się regulacji kodeksowej i autorsko-prawnej, <xBRx/>a szeroko określony przedmiot praw autorskich (obejmujących m.in. utwory literackie, naukowe, kartograficzne, plastyczne, architektoniczne, muzyczne, sceniczne, audiowizualne, fotograficzne czy programy komputerowe) jest podstawą do wyodrębnienia - jako szczególnej kategorii - tzw. umów o dzieło autorskie.</xText>
          <xText>Przenosząc powyższe regulacje na stan faktyczny rozpoznawanej sprawy Sąd stwierdził, że sporne umowy zawarte pomiędzy odwołującym się a jego pracownikiem -zainteresowanym <xAnon>O. M.</xAnon> stanowią umowy o dzieło autorskie - zawarte bowiem zostały celem wykonania przez przyjmującego zamówienie określonego dzieła, przy jednoczesnym zawarciu w umowie postanowień dotyczących przeniesienia autorskich praw majątkowych do wykonanego dzieła.</xText>
          <xText>Za taką oceną umów przemawia fakt, że zainteresowany jako pracownik skarżącego nie wykonywał takich dzieł dla innych podmiotów czy też dla nieokreślonego jeszcze odbiorcy, a jak to wynika z wyjaśnień skarżącego i zainteresowanego, podjął się ich wykonania z uwagi na potrzeby swego pracodawcy. Powstanie autorskich praw majątkowych stanowiło następczy skutek uprzedniego wykonania na rzecz dającego zamówienie - jednocześnie pracodawcy - określonego dzieła, dla potrzeb prowadzonego przez skarżącego wydawnictwa. Tym samym spornych umów nie można traktować jedynie jako umów <xBRx/>o przeniesienie autorskich praw majątkowych, ale jako umowy o dzieło autorskie, <xBRx/>z jednoczesnym zastrzeżeniem umownym przeniesienia prawa autorskiego majątkowego do wykonanego utworu na odwołującego się. Zainteresowany wykonał konkretnie oznaczone dzieło autorskie na zamówienie odwołującego się.</xText>
          <xText>Sąd dokonując wykładni interpretacji zawartych między odwołującym się <xBRx/>a zainteresowanym umów, miał na uwadze treść <xLexLink xArt="art. 353(1)" xIsapId="WDU19640160093" xTitle="Ustawa z dnia 23 kwietnia 1964 r. - Kodeks cywilny" xAddress="Dz. U. z 1964 r. Nr 16, poz. 93">art. 353<xSUPx>1</xSUPx> Kodeksu cywilnego</xLexLink>, zgodnie <xBRx/>z którym strony zawierające umowę mogą ułożyć stosunek prawny według swego uznania, byleby jego treść lub cel nie sprzeciwiały się właściwości (naturze) stosunku, ustawie ani zasadom współżycia społecznego i stwierdził, że zawartych umów nie można traktować jako umów o przeniesienie praw autorskich, ale jako umowy o dzieło autorskie. Niezaprzeczalnie, zdaniem Sądu Okręgowego, zamiarem stron było także zawarcie umowy <xBRx/>o przeniesienie autorskich praw majątkowych, jednak aby prawa te powstały i mogły zostać przeniesione, wykonane uprzednio musiało zostać na rzecz odwołującego się dzieło autorskie.</xText>
          
          <xText>Przeniesienie praw autorskich do utworu nastąpiło wskutek stworzenia na podstawie umów <xBRx/>o dzieło utworów, wykonanych przez zainteresowanego jako konkretnie oznaczony (zamówiony utwór) dla danego odbiorcy - odwołującego się na jego zamówienie.</xText>
          <xText>Dlatego w tych okolicznościach Sąd Okręgowy uznał, że zaskarżona decyzja organu rentowego w pełni odpowiada ustalonemu stanowi faktycznemu jak i prawu i na mocy <xBRx/><xLexLink xArt="art. 477(14);art. 477(14) § 1" xIsapId="WDU19640430296" xTitle="Ustawa z dnia 17 listopada 1964 r. - Kodeks postępowania cywilnego" xAddress="Dz. U. z 1964 r. Nr 43, poz. 296">art. 477 <xSUPx>14</xSUPx> § 1 k.p.c.</xLexLink>, orzekł jak w sentencji wyroku.</xText>
          
          <xText xALIGNx="center">
            <xBx>Apelację od wyroku wniósł pełnomocnik odwołującego się.</xBx>
          </xText>
          
          <xText>Zarzucił, że Sąd I instancji naruszył przepisy prawa procesowego nie dokonując wszechstronnego rozważenia zebranego materiału dowodowego, Sąd nieprawidłowo przyjął, że pomiędzy płatnikiem składek, a zainteresowanym zawarta została umowa o dzieło <xBRx/>z jednoczesnym przeniesieniem autorskich praw majątkowych do dzieła, tym samym naruszył przepisy prawa materialnego, tj.: <xLexLink xArt="art. 65" xIsapId="WDU19640160093" xTitle="Ustawa z dnia 23 kwietnia 1964 r. - Kodeks cywilny" xAddress="Dz. U. z 1964 r. Nr 16, poz. 93">art. 65 Kodeksu cywilnego</xLexLink> poprzez błędną jego wykładnię <xBRx/>i uznanie, że oceny stosunku prawnego łączącego strony można dokonywać wyłącznie <xBRx/>z uwzględnieniem spornych jego elementów - z pominięciem całego tekstu oświadczenia oraz celu jakiemu oświadczenie to miało służyć.</xText>
          <xText>Wskazując na powyższe zarzuty wnosił o zmianę zaskarżonego wyroku i ustalenie, że <xAnon>O. M.</xAnon> osiągnął u płatnika składek <xAnon>O. G.</xAnon>, prowadzącego działalność gospodarczą jako <xAnon> Wydawnictwo (...)</xAnon>, wyłącznie przychód z wynagrodzenia za pracę świadczoną na podstawie umowy o pracę i ustalenie podstawy wymiaru składek <xBRx/>w oparciu o tę podstawę, ponadto - o zasądzenie od organu rentowego na rzecz odwołującego kosztów procesu, w tym kosztów zastępstwa adwokackiego według norm przepisanych oraz opłaty skarbowej od pełnomocnictwa w kwocie 17 zł. Ewentualnie o uchylenie zaskarżonego wyroku w całości i przekazanie sprawy do ponownego rozpoznania Sądowi I instancji, pozostawiając temu Sądowi rozstrzygnięcie o kosztach postępowania.</xText>
          <xText>Zdaniem apelującego pomiędzy stronami nie istniała umowa o dzieło autorskie. Stronami umowy jest nie tylko płatnik składek będący przedsiębiorcą, lecz również osoba fizyczna nie prowadząca działalności gospodarczej, a więc osoba, której nie można uznać za profesjonalistę i dlatego treść umowy nie może być oceniana wyłącznie z punktu widzenia jej literalnego brzmienia. Od pracownika płatnika składek nie można wymagać posiadania doświadczenia i jednocześnie umiejętności takiego formułowania myśli, ażeby także literalna treść umowy w pełni uwidoczniała rzeczywistą wolę stron.</xText>
          <xText>Apelujący podkreślił, że strony - kształtując umowę określonej treści miały jedynie na celu uregulowanie sytuacji, w której przeniesieniu podlegają autorskie prawa majątkowe względem utworu, który ma powstać w przyszłości, a co w świetle <xLexLink xArt="art. 41;art. 41 ust. 3" xIsapId="WDU19940240083" xTitle="Ustawa z dnia 4 lutego 1994 r. o prawie autorskim i prawach pokrewnych" xAddress="Dz. U. z 1994 r. Nr 24, poz. 83">art. 41 ust. 3 ustawy z dnia 4 lutego 1994r. o prawie autorskim i prawach pokrewnych</xLexLink> jest dopuszczalne.</xText>
          <xText>Powyższe twierdzenia są istotne zwłaszcza wobec faktu, że szereg okoliczności przemawia za uznaniem przedmiotowej umowy za umowę o przeniesienie autorskich praw majątkowych, a nie umowę mającą charakter mieszany, łączącą wcześniej wymienioną <xBRx/>z umową o dzieło. Dodał, że Sąd - dokonując rozpatrzenia przedmiotowej sprawy nie dokonał ustalenia czy w sprawie występują wszystkie elementy umowy o dzieło, a zwłaszcza - zgodnie z <xLexLink xArt="art. 627" xIsapId="WDU19640160093" xTitle="Ustawa z dnia 23 kwietnia 1964 r. - Kodeks cywilny" xAddress="Dz. U. z 1964 r. Nr 16, poz. 93">art. 627 Kodeksu cywilnego</xLexLink> - zapłaty za wykonane dzieło. Wskazał, że <xBRx/>w przedmiotowych umowach łączących strony, zawarta została wyłącznie wzmianka <xBRx/>o honorarium za przeniesienie autorskich praw majątkowych. Brak jest jakiejkolwiek informacji o zapłacie za dzieło.</xText>
          <xText>Podniósł, że Sąd nie dokonał jakichkolwiek ustaleń w tym przedmiocie, czyniąc jednocześnie stwierdzenia, że przedmiotowa umowa ma charakter mieszany, a więc umowy <xBRx/>o dzieło i umowy o przeniesienie autorskich praw majątkowych, a co - nawet wobec treści <xLexLink xArt="art. 628;art. 628 § 1" xIsapId="WDU19640160093" xTitle="Ustawa z dnia 23 kwietnia 1964 r. - Kodeks cywilny" xAddress="Dz. U. z 1964 r. Nr 16, poz. 93">art. 628 § 1 Kodeksu cywilnego</xLexLink> - jest zbyt daleką i nieuprawnioną ingerencją w stosunek prawny, jaki strony dowolnie ukształtowały.</xText>
          
          <xText>Podkreślił, że umowa o dzieło jest umową konsensualną, dwustronnie zobowiązującą, wzajemną i odpłatną (powołał się przy tym na Komentarz do art. 627 Kodeksu cywilnego (Dz.U. 64.16.93), [w:] Z. Gawlik, A. Janiak, A. Kidyba, K. Kopaczyńska-Pieczniak, <xBRx/>
    G. Kozieł, E. Niezbecka, T.Sokołowski, Kodeks cywilny. Komentarz. Tom III. Zobowiązania - część szczególna, LEX, 2010). Tym samym, zdaniem apelującego, w celu ustalenia jej istnienia należy wykazać istnienie elementu zapłaty za wykonane dzieło. Oczywistym jest, że wobec braku ustalenia wynagrodzenia lub podstaw jego ustalenia zastosowanie będzie miał <xLexLink xArt="art. 628" xIsapId="WDU19640160093" xTitle="Ustawa z dnia 23 kwietnia 1964 r. - Kodeks cywilny" xAddress="Dz. U. z 1964 r. Nr 16, poz. 93">art. 628 Kodeksu cywilnego</xLexLink>, a sam brak w tym zakresie nie wyłącza faktu zawarcia umowy <xBRx/>o dzieło. Jednakże wobec braku jakiejkolwiek zapłaty za dzieło nie można mówić o istnieniu tego typu umowy nazwanej. Podkreślił, że na gruncie <xLexLink xArt="" xIsapId="WDU19940240083" xTitle="Ustawa z dnia 4 lutego 1994 r. o prawie autorskim i prawach pokrewnych" xAddress="Dz. U. z 1994 r. Nr 24, poz. 83">ustawy o prawie autorskim i prawach pokrewnych</xLexLink> istnieje możliwość przeniesienia autorskich praw majątkowych nieodpłatnie.</xText>
          <xText>W dalszej kolejności, zdaniem apelującego, za uznaniem przedmiotowych umów wyłącznie za umowy o przeniesienie autorskich praw majątkowych przemawia fakt, że <xBRx/>w umowie pomiędzy płatnikiem składek a jego pracownikiem została zawarta wzmianka <xBRx/>o konieczności osobistego wykonania utworu oraz brak jest jakichkolwiek elementów świadczących o odpowiedzialności za niewykonanie zamówionego utworu. Oczywistym jest, że w przypadku umowy o dzieło nie istnieje konieczność osobistego wykonania dzieła, jak również istnieje - w przepisie <xLexLink xArt="art. 636" xIsapId="WDU19640160093" xTitle="Ustawa z dnia 23 kwietnia 1964 r. - Kodeks cywilny" xAddress="Dz. U. z 1964 r. Nr 16, poz. 93">art. 636 Kodeksu cywilnego</xLexLink> - odpowiedzialność za sposób wykonania dzieła. Podkreślił nadto, że w przypadku utworów będących przedmiotem umów, o których mowa w niniejszej sprawie nie ma jakiejkolwiek wzmianki o przeniesieniu na powoda prawa własności do wykonanego utworu - umowy te przenoszą wyłącznie prawa autorskie majątkowe do wykonanego utworu. Na jej mocy zamawiający uzyskuje jedynie prawo do konkretnego nośnika materialnego dzieła.</xText>
          <xText>Dalej wskazał, że zawarta w treści umowy wzmianka o wykonaniu dzieła jest tylko jej nieistotnym elementem, której pozostałe detale wskazują na istnienie wyłącznie umowy <xBRx/>o przeniesienie autorskich praw majątkowych, a która ma na celu uregulowanie sytuacji, <xBRx/>w której przeniesieniu podlegają autorskie prawa majątkowe względem ściśle oznaczonego, konkretnego utworu, który ma powstać w przyszłości, a co w świetle <xLexLink xArt="art. 41;art. 41 ust. 3" xIsapId="WDU19940240083" xTitle="Ustawa z dnia 4 lutego 1994 r. o prawie autorskim i prawach pokrewnych" xAddress="Dz. U. z 1994 r. Nr 24, poz. 83">art. 41 ust. 3 ustawy <xBRx/>z dnia 4 lutego 1994r. o prawie autorskim i prawach pokrewnych</xLexLink> jest dopuszczalne.</xText>
          <xText>Bez znaczenia, zdaniem apelującego, dla sprawy pozostaje okoliczność, że pracownik płatnika składek nie wykonywał takich dzieł dla innych podmiotów czy dla nieokreślonego odbiorcy, a której to okoliczności Sąd I instancji poświęcił sporo uwagi. Nie można również uznać, że za przyjęciem wnioskowania Sądu przemawia okoliczność przeniesienia autorskich praw majątkowych na rzecz pracodawcy.</xText>
          <xText>Organ rentowy wniósł o oddalenie apelacji i zasądzenie kosztów zastępstwa procesowego.</xText>
          
          <xText xALIGNx="center">
            <xBx>Sąd Apelacyjny zważył.</xBx>
          </xText>
          <xText xALIGNx="center">
            <xBx>Apelacja płatnika składek nie zasługuje na uwzględnienie.</xBx>
          </xText>
          
          <xText>Bezsporne w sprawie jest, że płatnika składek i zainteresowanego łączyła umowa <xBRx/>o pracę w pełnym wymiarze na stanowisku sekretarza. Równocześnie pomiędzy stronami zostały zawarte trzy umowy o przeniesienie majątkowych praw autorskich dotyczące opracowania i wykonania zdjęć w wysokiej rozdzielczości produktów będących w ofercie wydawnictwa do katalogów reklamowych, wykonania serii 20 zdjęć w wysokiej rozdzielczości o tematyce geodezyjnej z możliwością wykorzystania ich na okładkach książek oraz w reklamach i wykonania serii 40 zdjęć w wysokiej rozdzielczości o tematyce geodezyjnej, prawnej, bussinesowej z możliwością wykorzystania ich na okładkach książek, w reklamach oraz na stronie WWW. Z chwilą dostarczenia dzieła płatnik zobowiązał się do zapłaty honorarium.</xText>
          
          <xText>Sąd Okręgowy stwierdził, że sporne umowy zawarte pomiędzy odwołującym się <xBRx/>a jego pracownikiem - zainteresowanym <xAnon>O. M.</xAnon> stanowią umowy <xBRx/>o dzieło autorskie - zawarte bowiem zostały celem wykonania przez przyjmującego zamówienie określonego dzieła, przy jednoczesnym zawarciu w umowie postanowień dotyczących przeniesienia autorskich praw majątkowych do wykonanego dzieła. Sąd uznał bowiem, że norma art. 8 ust. 2a ustawy systemowej, która dokonała rozszerzenia pojęcia „pracownik” dla celów ubezpieczenia społecznego na osoby wykonujące pracę na podstawie umów: agencyjnej, zlecenia i innej o świadczenie usług dla których, zgodnie z <xLexLink xArt="" xIsapId="WDU19640160093" xTitle="Ustawa z dnia 23 kwietnia 1964 r. - Kodeks cywilny" xAddress="Dz. U. z 1964 r. Nr 16, poz. 93">Kodeksem cywilnym</xLexLink> stosuje się przepisy o zleceniu albo umowy o dzieło w przypadku zawarcia takiej umowy z pracodawcą, z którym wykonawca pozostaje w stosunku pracy lub jeżeli wykonuje prace na jego rzecz - ma zastosowanie w sprawie niniejszej.</xText>
          <xText>Dokonane przez Sąd ustalenia pozwalają przyjąć, że czynności wykonywane przez zainteresowanego wynikające z umowy o pracę są całkowicie odmienne od czynności wynikających z umów o przeniesienie praw autorskich, co wynika z zakresu obowiązków zainteresowanego zawartego w aktach osobowych.</xText>
          <xText>Aby było możliwe rozstrzygnięcie problemu, czy podstawa wymiary składek na ubezpieczenia społeczne zainteresowanego w spornym okresie stanowi przychód ze stosunku pracy oraz umowy o dzieło autorskie wyjaśnienia wymagało, czy zawarte pomiędzy nim, <xBRx/>a odwołującym się umowy były umowami o dzieło, czy też umowami o przeniesienie autorskich praw majątkowych. Istotnym zagadnieniem stała się zatem prawna kwalifikacja tych umów.</xText>
          <xText>Dla właściwego opisu omawianych umów istotne jest wyjaśnienie, na czym polega dzieło, którego powinność wykonania ciąży na przyjmującym zamówienie.</xText>
          <xText>I tak, na mocy <xLexLink xArt="art. 627" xIsapId="WDU19640160093" xTitle="Ustawa z dnia 23 kwietnia 1964 r. - Kodeks cywilny" xAddress="Dz. U. z 1964 r. Nr 16, poz. 93">art. 627 k.c.</xLexLink>, przez umowę o dzieło przyjmujący zamówienie zobowiązuje się do wykonania oznaczonego dzieła, a zamawiający do zapłaty wynagrodzenia, jest to więc umowa, w której przyjmujący zamówienie zobowiązuje się do osiągnięcia w przyszłości określonego rezultatu. Umowa o dzieło wymaga, by starania przyjmującego zamówienia doprowadziły do konkretnego, w przyszłości indywidualnie oznaczonego rezultatu. Inaczej mówiąc, istotą umowy o dzieło jest osiągnięcie określonego, zindywidualizowanego rezultatu w postaci materialnej lub niematerialnej. Dzieło jest <xBRx/>w każdym wypadku wytworem przyszłym, który w momencie zawarcia umowy nie istnieje, natomiast ma powstać w przyszłości ściśle określonej. Przyszły rezultat stanowiący przedmiot umowy o dzieło musi być z góry przewidziany i określony, przy użyciu w szczególności obiektywnych jednostek metrycznych, przez zestawienie z istniejącym wzorem, <xBRx/>z wykorzystaniem planów, rysunków czy też przez opis (zob. A. Brzozowski (w:) System prawa prywatnego, t. 7, 2004, s. 328; K. Zagrobelny (w:) E. Gniewek, Komentarz, 2006, <xBRx/>s. 1039; W. Siuda, Istota..., s. 16).</xText>
          <xText>Przedmiotem umowy o dzieło może być również utwór w rozumieniu art. 1 ust. 1 prawa autorskiego. Umowy o dzieło autorskie posiadają następujące cechy szczególne:</xText>
          <xUnit xIsTitle="false" xType="none">
            <xName xSffx=".">1</xName>
            <xText>przedmiotem umowy o dzieło autorskie jest dzieło szczególne, oznaczone jako „utwór”;</xText>
          </xUnit>
          <xUnit xIsTitle="false" xType="none">
            <xName xSffx=".">2</xName>
            <xText>umowa o dzieło autorskie powinna wskazywać rodzaj utworu, postać jego ustalenia, formę rozporządzania, pola eksploatacji i wynagrodzenie;</xText>
          </xUnit>
          <xUnit xIsTitle="false" xType="none">
            <xName xSffx=".">3</xName>
            <xText>utwór jest prawidłowo oznaczony, jeżeli przedmiotem umowy o dzieło autorskie jest rezultat działalności twórczej o indywidualnym charakterze, ustalony w określonej przez strony postaci;</xText>
          </xUnit>
          <xUnit xIsTitle="false" xType="none">
            <xName xSffx=".">4</xName>
            <xText>zagadnienie ucieleśnienia rezultatów niematerialnych w rzeczy, w szczególności <xBRx/>z punktu widzenia odpowiedzialności za wady przedmiotu tej umowy, nie ma pierwszoplanowego znaczenia w wypadku umowy o dzieło autorskie (zob. A. Brzozowski (w:) System prawa prywatnego, t. 7,2004, s. 333-334).</xText>
          </xUnit>
          
          <xText>Przenosząc powyższe rozważania na grunt niniejszej sprawy, należało stwierdzić, iż słusznie przyjął Sąd I instancji, że zainteresowany <xAnon>O. M.</xAnon> w ramach przedmiotowych umów zawartych z odwołującym, wykonując opisane prace wykonywał świadczenie charakterystyczne dla umowy o dzieło autorskie. Umowy autorskie zawarte przez płatnika składek z pracownikami (ubezpieczonymi) spełniają powyższe kryteria, albowiem: na ich podstawie autor zobowiązuje się do wykonania dzieła „utworu”, umowa wskazuje rodzaj utworu (Artykuł 1 - Przedmiot umowy), formę rozporządzenia i pola eksploatacji (Artykuł 2 - Zakres przenoszonych praw), utwór jest rezultatem działalności twórczej o indywidualnym charakterze (Artykuł 1.4).</xText>
          <xText>Dla kwalifikacji spornych umów jako umów o dzieło autorskie, nie stoi na przeszkodzie nazwanie ich umowami autorskimi o przeniesienie autorskich praw majątkowych, albowiem zgodnie z ogólną regułą interpretacyjną, w umowach należy raczej badać, jaki był zgodny zamiar stron i cel umowy, aniżeli opierać się na jej dosłownym brzmieniu (<xLexLink xArt="art. 65;art. 65 § 2" xIsapId="WDU19640160093" xTitle="Ustawa z dnia 23 kwietnia 1964 r. - Kodeks cywilny" xAddress="Dz. U. z 1964 r. Nr 16, poz. 93">art. 65 § 2 k.c.</xLexLink>). Nie stoi również w sprzeczności z kwalifikacją spornych umów, jako umów o dzieło autorskie konieczność osobistego wykonania dzieła (utworu). Tym bardziej, że wykonanie dzieła zwykle wymaga określonych kwalifikacji, umiejętności <xBRx/>i środków. W umowie o dzieło na przyjmującym zamówienie nie spoczywa zasadniczo obowiązek osobistego wykonania dzieła, jednakże wbrew temu co twierdzi odwołujący, konieczność osobistego wykonania umowy o dzieło może wynikać również z umowy o dzieło lub charakteru dzieła (co dotyczy np. wykonania dzieła autorskiego; zob. W. Czachórski, Zobowiązania, 2007, s. 464).</xText>
          <xText>W rezultacie, skoro zgodnie z <xLexLink xArt="art. 18;art. 18 ust. 1" xIsapId="WDU19981370887" xTitle="Ustawa z dnia 13 października 1998 r. o systemie ubezpieczeń społecznych" xAddress="Dz. U. z 1998 r. Nr 137, poz. 887">art. 18 ust. 1 ustawy o systemie ubezpieczeń społecznych</xLexLink> - podstawę wymiaru składek na ubezpieczenia emerytalne i rentowe ubezpieczonych wymienionych w <xLexLink xArt="art. 6;art. 6 ust. 1;art. 6 ust. 1 pkt. 1" xIsapId="WDU19981370887" xTitle="Ustawa z dnia 13 października 1998 r. o systemie ubezpieczeń społecznych" xAddress="Dz. U. z 1998 r. Nr 137, poz. 887">art. 6 ust. 1 pkt 1</xLexLink> (umowy o pracę) stanowi przychód, <xBRx/>o którym mowa w <xLexLink xArt="art. 4;art. 4 pkt. 9;art. 4 pkt. 10" xIsapId="WDU19981370887" xTitle="Ustawa z dnia 13 października 1998 r. o systemie ubezpieczeń społecznych" xAddress="Dz. U. z 1998 r. Nr 137, poz. 887">art. 4 pkt 9 i 10</xLexLink>, z zastrzeżeniem <xLexLink xArt="art. 18 ust. 1 a;ust. a;art. 18 ust. 1 a;art. 18" xIsapId="WDU19981370887" xTitle="Ustawa z dnia 13 października 1998 r. o systemie ubezpieczeń społecznych" xAddress="Dz. U. z 1998 r. Nr 137, poz. 887">ust. 1a, a ust. 1a art. 18</xLexLink> stanowi, iż <xBRx/>w przypadku ubezpieczonych, o których mowa w <xLexLink xArt="art. 8;art. 8 ust. 2 a" xIsapId="WDU19640160093" xTitle="Ustawa z dnia 23 kwietnia 1964 r. - Kodeks cywilny" xAddress="Dz. U. z 1964 r. Nr 16, poz. 93">art. 8 ust. 2a</xLexLink>, w podstawie wymiaru składek na ubezpieczenia emerytalne i rentowe uwzględnia się również przychód z tytułu umowy agencyjnej, umowy zlecenia lub innej umowy o świadczenie usług, do której zgodnie <xBRx/>z <xLexLink xArt="" xIsapId="WDU19640160093" xTitle="Ustawa z dnia 23 kwietnia 1964 r. - Kodeks cywilny" xAddress="Dz. U. z 1964 r. Nr 16, poz. 93">Kodeksem cywilnym</xLexLink> stosuje się przepisy dotyczące zlecenia albo umowy o dzieło, to przychody osiągane przez pracownika z tytułu stosunku pracy, jak również osiągane przez takiego pracownika z tytułu umowy zlecenia albo umowy o dzieło, jeżeli umowę taką zawarł <xBRx/>z pracodawcą, z którym pozostaje w stosunku pracy, uwzględnia się na podstawie wymiaru składek na ubezpieczenia emerytalne i rentowe pracownika, jeżeli umowa zlecenia lub umowa o dzieło zawarte są z pracodawcą, z którym osoba ta pozostaje w stosunku pracy (<xLexLink xArt="art. 8;art. 8 ust. 2 a" xIsapId="WDU19640160093" xTitle="Ustawa z dnia 23 kwietnia 1964 r. - Kodeks cywilny" xAddress="Dz. U. z 1964 r. Nr 16, poz. 93">art. 8 ust. 2a</xLexLink><xBRx/>w zw. z <xLexLink xArt="art. 18;art. 18 ust. 1 a" xIsapId="WDU19981370887" xTitle="Ustawa z dnia 13 października 1998 r. o systemie ubezpieczeń społecznych" xAddress="Dz. U. z 1998 r. Nr 137, poz. 887">art. 18 ust. 1a ustawy o systemie ubezpieczeń społecznych</xLexLink>).</xText>
          <xText>W ocenie Sądu Apelacyjnego, Sąd Okręgowy interpretując zawarte między stronami umowy, nie dopuścił się naruszenia <xLexLink xArt="art. 353(1)" xIsapId="WDU19640160093" xTitle="Ustawa z dnia 23 kwietnia 1964 r. - Kodeks cywilny" xAddress="Dz. U. z 1964 r. Nr 16, poz. 93">art. 353<xSUPx>1</xSUPx> k.c.</xLexLink>, zgodnie z którym strony zawierające umowę mogą ułożyć stosunek prawny według swego uznania, byleby jego treść lub cel nie sprzeciwiały się właściwości (naturze) stosunku, ustawie ani zasadom współżycia społecznego.</xText>
          <xText>Za chybione uznał Sąd Apelacyjny zarzuty natury procesowej podniesione <xBRx/>w apelacji, w których apelujący kwestionował prawidłowość dokonanych przez Sąd <xBRx/>I instancji ustaleń faktycznych w związku z <xLexLink xArt="art. 233" xIsapId="WDU19640430296" xTitle="Ustawa z dnia 17 listopada 1964 r. - Kodeks postępowania cywilnego" xAddress="Dz. U. z 1964 r. Nr 43, poz. 296">art. 233 k.p.c.</xLexLink></xText>
          <xText>Ocena wiarygodności i mocy dowodów przeprowadzonych w danej sprawie wyraża istotę sądzenia w części obejmującej ustalenie faktów. Obejmuje ona rozstrzygnięcie <xBRx/>o przeciwstawnych twierdzeniach stron na podstawie własnego przekonania sędziego, powziętego w wyniku bezpośredniego zetknięcia się ze środkami dowodowymi. Powinna ona odpowiadać regułom logicznego rozumowania oraz uwzględniać zasady doświadczenia</xText>
          <xText>życiowego wyznaczające granice dopuszczalnych wniosków i stopnia prawdopodobieństwa ich występowania w danej sytuacji. Jeżeli więc z określonego materiału dowodowego sąd</xText>
          
          <xText>wyprowadza wnioski logicznie poprawne i zgodne z doświadczeniem życiowym to ocena sądu nie narusza reguł swobodnej oceny dowodów (<xLexLink xArt="art. 233;art. 233 § 1" xIsapId="WDU19640430296" xTitle="Ustawa z dnia 17 listopada 1964 r. - Kodeks postępowania cywilnego" xAddress="Dz. U. z 1964 r. Nr 43, poz. 296">art. 233 § 1 k.p.c.</xLexLink>) i musi się ona zatem ostać, choćby w równym stopniu, na podstawie tego materiału dowodowego, dawały się wysnuć wnioski odmienne.</xText>
          <xText>W ocenie Sądu Apelacyjnego, wnioskowanie Sądu I instancji nie wykraczało poza schematy logiki formalnej, albo dokonywane było wbrew zasadom doświadczenia życiowego, czy nie uwzględniało nadto jednoznacznych związków przyczynowo-skutkowych, natomiast skuteczność tych zarzutów apelacji zależna była właśnie od wykazania powyższego.</xText>
          <xText>Stwierdzić zatem należało, że ocena prawna przedstawionych umów dokonana przez Sąd Okręgowy w zaskarżonym wyroku była prawidłowa, czego konsekwencją było uznanie, że wynagrodzenie zainteresowanego z tytułu umów cywilno-prawnych zawartych <xBRx/>z pracodawcą - płatnikiem składek stanowi podstawę wymiaru składek na ubezpieczenia społeczne.</xText>
          <xText>Na zakończenie wreszcie podkreślić należy, że zawieranie umów to czynności prawne kauzalne, a zatem w niniejszej sprawie należało ocenić jaka była causa przy zawieraniu przez apelującego i zainteresowanego umów o przeniesienie autorskich praw majątkowych. Niewątpliwie trafnie podkreśla organ rentowy, że jedynym skutkiem przeniesienia praw autorskich, czy też udzielenia koncesji w ramach działalności prowadzonej osobiście, są przysługujące twórcy - podatnikowi - zryczałtowane koszty uzyskania przychodu.</xText>
          <xText>W tym miejscu przypomnieć należy, że zainteresowany z tytułu umowy o pracę osiągał minimalne miesięczne wynagrodzenie, natomiast wynagrodzenie z tytułu zawarcia przedmiotowych umów cywilnoprawnych wielokrotnie je przekraczało, co nie znajduje jakiegokolwiek merytorycznego uzasadnienia zważywszy, że zainteresowany nie wykazał by był artystą fotografikiem o kwalifikacjach i dorobku uzasadniającym tak wysokie wynagrodzenie. O ile z tytułu zawarcia umowy o pracę płatnik odprowadzał składki na ubezpieczenia społeczne, to z tytułu umów cywilnoprawnych zawartych ze swym pracownikiem nie spełniał tego obowiązku , bowiem umowa o przeniesienie autorskich praw majątkowych lub umowa o korzystanie z utworu nie rodzi samoistnie obowiązku objęcia ubezpieczeniem społecznym.</xText>
          <xText>Próba uniknięcia obciążenia w postaci zmniejszenia podstawy wymiaru składek na ubezpieczenia społeczne stanowiła zatem, w ocenie Sądu Apelacyjnego jedyną przyczynę zawarcia umowy o przeniesienie autorskich praw majątkowych. Taka czynność miała na celu obejście ustawy w rozumieniu <xLexLink xArt="art. 58;art. 58 § 1" xIsapId="WDU19640160093" xTitle="Ustawa z dnia 23 kwietnia 1964 r. - Kodeks cywilny" xAddress="Dz. U. z 1964 r. Nr 16, poz. 93">art. 58 § 1 k.c.</xLexLink>, a więc uznać należy ją za nieważną. <xBRx/>W orzecznictwie Sądu Najwyższego wielokrotnie wyrażano pogląd, iż o czynności prawnej sprzecznej z ustawą lub mającej na celu obejście ustawy można mówić tylko wtedy, gdy czynność taka pozwala na uniknięcie zakazów, nakazów lub obciążeń wynikających <xBRx/>z przepisu ustawy i tylko z takim zamiarem została dokonana (vide wyrok SN z dnia <xBRx/>1 czerwca 2010r. II UK 34/10 LEX nr 619639).</xText>
          <xText>Problem podstawy wymiaru składek na ubezpieczenia społeczne od wynagrodzenia za pracę z tytułu nabycia przez pracodawcę z mocy prawa (<xLexLink xArt="art. 12;art. 12 ust. 1;art. 14;art. 14 ust. 2" xIsapId="WDU19940240083" xTitle="Ustawa z dnia 4 lutego 1994 r. o prawie autorskim i prawach pokrewnych" xAddress="Dz. U. z 1994 r. Nr 24, poz. 83">art. 12 ust. 1 lub art. 14 ust. 2 ustawy z dnia 4 lutego 1994r. o prawie autorskim i prawach pokrewnych</xLexLink>, tekst jedn.: Dz. U. <xBRx/>z 2006r. Nr 90, poz. 631 ze zm.) autorskich praw majątkowych do utworu stworzonego przez pracownika w wyniku wykonywania obowiązków ze stosunku pracy podjął Sąd Najwyższy <xBRx/>w związku z przedstawieniem zagadnienia prawnego przez Sąd Apelacyjny w Rzeszowie <xBRx/>(vide uchwała SN z dnia 14 lutego 2012r. III UZP 4/11). Wprawdzie zapadła ona w innym stanie faktycznym, jednakże z uwagi na szerszy zakres problemów faktycznych i prawnych sprawy, które wymagały wyjaśniania i rozstrzygania w ramach zadania Sądu II instancji, Sąd Najwyższy zwrócił uwagę, że do rozstrzygnięcia pozostaje także ocena czynności prawnej stron w świetle <xLexLink xArt="art. 58" xIsapId="WDU19640160093" xTitle="Ustawa z dnia 23 kwietnia 1964 r. - Kodeks cywilny" xAddress="Dz. U. z 1964 r. Nr 16, poz. 93">art. 58 k.c.</xLexLink></xText>
          
          <xText>W ocenie Sądu Apelacyjnego w niniejszym stanie faktycznym zachodziła również konieczność dokonania takiej oceny.</xText>
          <xText>Mając powyższe na uwadze, Sąd Apelacyjny na mocy <xLexLink xArt="art. 385" xIsapId="WDU19640430296" xTitle="Ustawa z dnia 17 listopada 1964 r. - Kodeks postępowania cywilnego" xAddress="Dz. U. z 1964 r. Nr 43, poz. 296">art. 385 k.p.c.</xLexLink>, orzekł <xBRx/>o oddaleniu apelacji, jako nieuzasadnionej.</xText>
          <xText>O kosztach postępowania apelacyjnego Sąd Apelacyjny orzekł na mocy <xLexLink xArt="art. 98;art. 98 § 1" xIsapId="WDU19640430296" xTitle="Ustawa z dnia 17 listopada 1964 r. - Kodeks postępowania cywilnego" xAddress="Dz. U. z 1964 r. Nr 43, poz. 296">art. 98 § 1 k.p.c.</xLexLink> w zw. z <xLexLink xArt="art. 98 § 12;art. 98 § 12 ust. 1;art. 98 § 12 ust. 1 pkt. 2" xIsapId="WDU19640430296" xTitle="Ustawa z dnia 17 listopada 1964 r. - Kodeks postępowania cywilnego" xAddress="Dz. U. z 1964 r. Nr 43, poz. 296">§ 12 ust. 1 pkt 2</xLexLink> w zw. z <xLexLink xArt="§ 6" xIsapId="WDU20021631349" xTitle="Rozporządzenie Ministra Sprawiedliwości z dnia 28 września 2002 r. w sprawie opłat za czynności radców prawnych oraz ponoszenia przez Skarb Państwa kosztów pomocy prawnej udzielonej przez radcę prawnego ustanowionego z urzędu" xAddress="Dz. U. z 2002 r. Nr 163, poz. 1349">§ 6 rozporządzenia Ministra Sprawiedliwości z dnia 28 września 2002r. w sprawie opłat za czynności radców prawnych oraz ponoszenia przez Skarb Państwa kosztów pomocy prawnej udzielonej przez radcę prawnego ustanowionego <xBRx/>z urzędu</xLexLink> (Dz. U. nr 163 poz. 1349 ze zm.).</xText>
          
          <xText>/-/ SSA M. Procek  /-/ SSA M. Małek-Bujak   /-/ SSA A. Kolonko
  </xText>
          <xText>Sędzia Przewodniczący Sędzia</xText>
          
          <xText>JR</xText>
        </xUnit>
      </xBlock>
    </xPart>
  </judgement>
<judgement id="154505250000503_I_C_001024_2011_Uz_2012-09-03_002">
    <xPart xEditorFullName="Małgorzata Kurek" xYear="2011" xLang="PL" xPublisherFullName="Małgorzata Kurek" xFromPg="1" xEditor="m.kurek" xVolType="15/450525/0000503/C" xPublisher="m.kurek" xDocType="Uz" xVolNmbr="001024" xVersion="1.0" xToPage="1" xFlag="published">
      <xName>Wyrok</xName>
      <xBlock>
        
        <xText>Sygn. akt I C 1024/11</xText>
        
        <xUnit xIsTitle="true" xType="part" xBold="true">
          <xName>WYROK</xName>
          <xTitle>W IMIENIU RZECZYPOSPOLITEJ POLSKIEJ</xTitle>
          <xText xALIGNx="right">Dnia 3 września 2012 r.</xText>
          
          <xText>Sąd Rejonowy dla m.st. Warszawy w <xAnon>W.</xAnon> Wydział I Cywilny</xText>
          <xText>w składzie następującym:</xText>
          <xText>Przewodniczący: SSR Piotr Bednarczyk</xText>
          <xText>Protokolant: Kamila Górzyńska</xText>
          <xText>po rozpoznaniu w dniu 3 września 2012 r. w Warszawie na rozprawie</xText>
          <xText>sprawy z powództwa <xAnon>R. S.</xAnon> i <xAnon>A. S.</xAnon></xText>
          <xText>przeciwko <xAnon> Stowarzyszeniu (...)</xAnon></xText>
          <xText>i Słabowidzących <xAnon> (...)</xAnon></xText>
          <xText>o zapłatę</xText>
          
          <xText>zasądza od pozwanego na rzecz powodów kwotę 1 649zł 89gr (tysiąc sześćset czterdzieści dziewięć złotych osiemdziesiąt dziewięć groszy) z ustawowymi odsetkami od dnia 8 sierpnia 2011 r. do dnia zapłaty oraz kwotę 700 zł (siedemset złotych) tytułem zwrotu kosztów procesu, w tym 600 zł (sześćset złotych) tytułem kosztów zastępstwa procesowego.</xText>
        </xUnit>
      </xBlock>
    </xPart>
  </judgement>
<judgement id="155000000000503_I_ACa_000834_2012_Uz_2012-09-21_001">
    <xPart xEditorFullName="Justyna Łupkowska" xYear="2012" xLang="PL" xPublisherFullName="Monika Kurkowiak" xFromPg="1" xEditor="jlupkowska" xVolType="15/500000/0000503/ACa" xPublisher="mkurkowiak" xDocType="Uz" xVolNmbr="000834" xVersion="1.0" xToPage="9" xFlag="published">
      <xName>Wyrok+Uzasadnienie</xName>
      <xBlock>
        
        <xText>Sygn. akt I A Ca 834/12</xText>
        <xUnit xIsTitle="true" xType="part" xBold="true">
          <xName>WYROK</xName>
          <xTitle>W IMIENIU RZECZYPOSPOLITEJ POLSKIEJ</xTitle>
          <xText xALIGNx="right">Dnia 4 września 2012 r.</xText>
          
          <xText>Sąd Apelacyjny we Wrocławiu – Wydział I Cywilny w składzie:</xText>
          <xRows>
            <xCOLGROUPx>
              <xCOLx xWIDTHx="219"/>
              <xCOLx xWIDTHx="398"/>
            </xCOLGROUPx>
            <xRow>
              <xClmn xALIGNx="left" xVALIGNx="middle">
                <xText xALIGNx="right">Przewodniczący:</xText>
              </xClmn>
              <xClmn xALIGNx="left" xVALIGNx="middle">
                <xText>SSA Franciszek Marcinowski (spr.)</xText>
              </xClmn>
            </xRow>
            <xRow>
              <xClmn xALIGNx="left" xVALIGNx="top">
                <xText xALIGNx="right">Sędziowie:</xText>
              </xClmn>
              <xClmn xALIGNx="left" xVALIGNx="middle">
                <xText>SSA Agnieszka Piotrowska</xText>
                <xText>SSA Sławomir Jurkowicz</xText>
              </xClmn>
            </xRow>
            <xRow>
              <xClmn xALIGNx="left" xVALIGNx="middle">
                <xText xALIGNx="right">Protokolant:</xText>
              </xClmn>
              <xClmn xALIGNx="left" xVALIGNx="middle">
                <xText>Katarzyna Rzepecka</xText>
              </xClmn>
            </xRow>
          </xRows>
          
          <xText>po rozpoznaniu w dniu 4 września 2012 r. we Wrocławiu na rozprawie</xText>
          <xText>sprawy z powództwa <xBx><xAnon> (...) spółki z o.o.</xAnon> w <xAnon>O.</xAnon></xBx></xText>
          <xText>przeciwko <xBx><xAnon>T. N.</xAnon></xBx></xText>
          <xText>o zapłatę</xText>
          <xText>na skutek apelacji pozwanego</xText>
          <xText>od wyroku Sądu Okręgowego w Opolu</xText>
          <xText>z dnia 22 lutego 2012 r. sygn. akt VI GC 137/11</xText>
          
          <xUnit xIsTitle="false" xType="none">
            <xName xSffx=".">1</xName>
            <xText>
              <xBx>zmienia zaskarżony wyrok w ten sposób, że zasądza od pozwanego na rzecz powoda kwotę 82.323 zł (osiemdziesiąt dwa tysiące trzysta dwadzieścia trzy złote) z odsetkami ustawowymi od dnia 23 lipca 2011 r. do dnia zapłaty, oddala powództwo w pozostałym zakresie i zasądza od pozwanego na rzecz powoda kwotę 5.661 zł tytułem zwrotu kosztów procesu; </xBx>
            </xText>
          </xUnit>
          <xUnit xIsTitle="false" xType="none">
            <xName xSffx=".">2</xName>
            <xText>
              <xBx>oddala apelację w pozostałym zakresie; </xBx>
            </xText>
          </xUnit>
          <xUnit xIsTitle="false" xType="none">
            <xName xSffx=".">3</xName>
            <xText>
              <xBx>zasądza od powoda na rzecz pozwanego kwotę 395 zł tytułem zwrotu kosztów postępowania apelacyjnego. </xBx>
            </xText>
          </xUnit>
        </xUnit>
        <xUnit xIsTitle="true" xType="part" xBold="true">
          <xName>UZASADNIENIE</xName>
          <xText>Powód – <xAnon> (...)</xAnon><xAnon> Centrum (...) sp. z o.o.</xAnon> w <xAnon>O.</xAnon> – dochodził od pozwanego <xAnon>T. N.</xAnon> kwoty 113.021 zł z odsetkami ustawowymi od dnia 23 lipca 2011 r. tytułem kary umownej za naruszenie zakazu działalności konkurencyjnej, w tym zatrudnienia w firmie konkurencyjnej po rozwiązaniu łączącej strony umowy o świadczenie usług. Sąd Okręgowy w Opolu wyrokiem z dnia 22 lutego 2012 r. uwzględnił powództwo w całości.</xText>
          <xText>Sąd Okręgowy ustalił, że strony łączyła umowa z dnia 2 stycznia 2007 r., w której pozwany, prowadzący działalność gospodarczą w <xAnon>O.</xAnon> pod nazwą <xAnon> (...)</xAnon><xAnon>T. N.</xAnon>, zobowiązał się do dokonywania dla powoda czynności według listy stanowiącej załącznik nr 1 do umowy, a nadto do zachowania tajemnicy wszelkich informacji uzyskanych w związku z jej wykonaniem w czasie trwania umowy oraz w okresie jednego roku po jej rozwiązaniu, w tym do nie prowadzenia działalności konkurencyjnej oraz wykonywania jakiejkolwiek innej pracy w firmie konkurencyjnej. Jako działalność konkurencyjną strony określiły w szczególności serwis, produkcję, sprzedaż ploterów tnących i graficznych oraz oprogramowania do nich, a także materiałów eksploatacyjnych. Zakaz ten dotyczył świadczenia pracy w oparciu o umowę o pracę, jak również pracy wykonywanej w ramach własnej działalności gospodarczej lub na innej podstawie. W przypadku naruszenia tego zobowiązania powód miał prawo żądać kary umownej w wysokości 10-krotnego średniego wynagrodzenia pozwanego liczonego za okres ostatnich 6 miesięcy. W umowie strony postanowiły też, że pozwany samodzielnie ustali sobie czas i miejsce wykonywania zleconych czynności oraz samodzielnie poszuka klientów. W uzasadnionych przypadkach pozwany mógł nawet powierzyć zlecone mu czynności osobom trzecim po uzyskaniu pisemnej zgody od powódki. Wynagrodzenie pozwanego stanowiła prowizja w wysokości od 1 do 5% sprzedanych towarów, w zależności od ich rodzaju. Pozwany miał przedkładać wyliczenia prowizji za dokonaną sprzedaż plotera, materiałów eksploatacyjnych, oprogramowania i za wykonaną naprawę lub usługę dopiero po dokonaniu przez klienta pełnej zapłaty, wówczas wypłata gotówki następowała w terminie 7 dni od dnia otrzymania faktury. Wcześniej strony łączyła podobnej treści umowa z dnia 1 grudnia 2005 r., w której za złamanie zakazu prowadzenia działalności konkurencyjnej przewidziano możliwość żądania przez powoda odszkodowania w wysokości 10-cio krotnego średniego wynagrodzenia liczonego za okres ostatnich 6 miesięcy.</xText>
          <xText>W okresie od września 2010 r. do lutego 2011 r. pozwany wystawił powodowi faktury VAT w łącznej wysokości 67.812,62 zł brutto, z czego kwota 1.280,29 zł nie została zapłacona. W 2007 r. pozwany osiągnął przychód w wysokości 79.211,17 zł oraz 3.560 zł ze współpracy z inną firmą, w 2008 r. jego przychód wyniósł 83.255,12 zł, w 2009 r. 66.788,30 zł, w 2010 r. 69.676.71 zł, natomiast za pierwsze 2 miesiące 2011 r. wyniósł 19.041,30 zł. Regułą było, że pozwany miesięcznie wystawiał powodowi dwie faktury, z których jedna dotyczyła stałych kosztów utrzymania działalności gospodarczej (m.in. najem pomieszczeń, samochód, telefon, za składkę ZUS). Ponieważ jednak przez cały okres współpracy stron, powód wynajmował powierzchnie biurowe mieszczące jegoj oddział prowadzony przez pozwanego, to z tego tytułu powód również wystawiał pozwanemu faktury VAT i w rezultacie pozwany z własnych pieniędzy opłacał tylko podatek dochodowy. Godziny pracy pozwanego w oddziale powoda w <xAnon>K.</xAnon> nie były ściśle określone, niemniej pozwany w razie potrzeby wzięcia urlopu miał o tym informować powoda.</xText>
          <xText>W dniu 31 stycznia 2011 r. pozwany wypowiedział umowę z powodem z zachowaniem dwutygodniowego okresu wypowiedzenia. W dniu 1 marca 2011 r. pozwany nawiązał współpracę z <xAnon> (...) spółką z o.o.</xAnon> w <xAnon>K.</xAnon>. Firma ta jest częścią międzynarodowej <xAnon>(...)</xAnon>i jest jednym z wiodących w Europie oraz w Polsce dystrybutorów mediów, papierów poligraficznych i biurowych oraz materiałów dla reklamy wielkoformatowej i wizualnej - i w tym zakresie jej działalność pokrywa się z działalnością powoda.</xText>
          <xText>Firm o podobnej ofercie jest w Polsce niewiele i utrata kilku procent klientów może przekładać się na bardzo duże straty finansowe. Przedstawiciele takich firmy znają dobrze odbiorców produktów i ich numery tełefonów kontaktowych, w związku z tym przechodząc do konkurencyjnej firmy zabierają ze sobą cenne informacje.</xText>
          <xText><xAnon> (...) spółka z o.o.</xAnon>, która istnieje od ponad 40 lat i obecna jest w 20 krajach Europy i poza nią. Główny asortyment <xAnon> spółki (...)</xAnon> obejmuje: folie prezentacyjne, samoprzylepne, PP, poliestrowe, do druku offsetowego i wielkoformatowego, kartony GC1 i GC2, tektury, samokopie, etykiety, materiały opakowaniowe i materiały do druku wielkoformatowego, rolki papierów ksero, druki atramentowe, papiery fotograficzne, bezdrzewne, samoprzylepne, powlekane, cyfrowe, graficzne, scrolowe, bilboardowe, ozdobne, citylight, kserograficzne, syntetyczne, WFC, offset, a także offset spulchniony, płyty piankowo-kartonowe, banery reklamowe: frontlity powlekane dłużycowe, backlity powlekane, blockouty powlekane i semipowlekane, siatki powlekane oraz tkaniny i laminaty do druku wielkoformatowego. <xAnon>(...)</xAnon> nie zajmuje się sprzedażą materiałów do ploterów, tj. obudowy do ploterów, głowic i części zamiennych.</xText>
          <xText>Pozwany na podstawie umowy o pracę objął w <xAnon> spółce (...)</xAnon> stanowisko regionalnego przedstawiciela sprzedaży i jest odpowiedzialny za sprzedaż produktów oferowanych przez tę spółkę i pozyskiwanie dla niej odbiorców, w tym pozyskiwanie klientów na rynku, na którym wcześniej <xAnon>(...)</xAnon> nie działała, co dotyczy <xAnon>r.</xAnon>, <xAnon>o.</xAnon>, <xAnon>M.</xAnon> i na <xAnon>D.</xAnon><xAnon>Ś.</xAnon>. Zakres jego obowiązków nie obejmował sprzedaży atramentów, materiałów eksploatacyjnych do ploterów oraz samych ploterów, a także folii w szerokim zakresie, niemniej jednak pozwany przedstawiał klientom pozostającym w stałych stosunkach gospodarczych ze <xAnon> spółką (...)</xAnon> ofertę na takie materiały jak: papiery powlekane, banery, folie, roll-up, smooth display, mesh z podkładami, fototapety, laminaty podłogowe, sporadycznie też filtry do atramentów, wycieraczki do głowic i inne.</xText>
          <xText>Analiza za ostatnie 5 lat przychodów <xAnon> firmy (...)</xAnon><xAnon>T. N.</xAnon> w <xAnon>O.</xAnon> i przeciętnego miesięcznego obrotu oddziału powoda w <xAnon>K.</xAnon>, dla którego pozwany świadczył swoje usługi, wskazuje, że po rozwiązaniu umowy przez pozwanego obroty powoda znacznie się zmniejszyły i na przełomie roku 2010 i 2011 zmalały prawie o 50%, a powód z odejściem pozwanego utracił znaczną część kontrahentów.</xText>
          <xText>W okresie obowiązywania umowy pozwany sporządzał dla powoda cotygodniowe tabele osiągnięć, w których wskazywał, że <xAnon> spółka (...)</xAnon> jest poważną konkurencją dla powoda jeśli chodzi o rynek materiałów eksploatacyjnych, konkurencyjnych cen i oferowanych produktów. Informację taką pozwany zamieszczał w danych o „ruchach konkurencji”. <xAnon> Spółka (...)</xAnon> wzmogła swoją działalność na rynku w momencie gdy pozwany zakończył współpracę z powodem.</xText>
          <xText>Powód w dniu 12.07.2011 r. wezwał pozwanego do zapłaty kwoty 113.021 zł tytułem kary umownej przewidzianej w § 10 umowy stron, wskazując, że podstawą jej naliczenia jest podjęcie przez pozwanego działalności konkurencyjnej. Pozwany odmówił zapłaty uznając, że roszczenie powoda pozbawione jest podstawy prawnej.</xText>
          <xText>Sąd Okręgowy uznał, że powództwo zasługuje na uwzględnienie w całości. Nie uwzględnił zarzutu pozwanego, jakoby umowa łącząca strony była w istocie umową o pracę, w związku z czym należało do niej stosować przepis <xLexLink xArt="art. 101(2)" xIsapId="WDU19740240141" xTitle="Ustawa z dnia 26 czerwca 1974 r. - Kodeks pracy" xAddress="Dz. U. z 1974 r. Nr 24, poz. 141">art. 101<xBx><xSUPx>2</xSUPx></xBx> k.p.</xLexLink> nakazujący określić w umowie wysokość odszkodowania przysługującego pracownikowi od pracodawcy za zawarty w niej zakaz konkurencji obowiązujący także ustaniu stosunku pracy. Za nie mającą znaczenia dla rozstrzygnięcia sprawy uznał też okoliczność, że w umowie stron za złamanie zakazu konkurencji nie zastrzeżono odszkodowania lecz karę umowną.</xText>
          <xText>W kwestii czy pozwany złamał zakaz prowadzenia działalności konkurencyjnej Sąd Okręgowy uznał, że <xAnon> (...) sp. z o.o.</xAnon> w <xAnon>K.</xAnon> jest firmą konkurencyjną wobec powoda i pozwany miał w tym pełne rozeznanie, a podejmując zatrudnienie w tej spółce zaraz po rozwiązaniu umowy z powodem naruszył zobowiązanie określone w § 10 tej umowy, co uzasadnia obciążenie go przewidzianą w tym paragrafie karą umowną w wysokości 10-krotnego średniego wynagrodzenia z ostatnich 6 miesięcy. Jako wysokość wynagrodzenia będącego podstawą naliczenia kary Sąd Okręgowy przyjął sumę należności z 11 faktur wystawionych powodowi przez pozwanego w okresie od września 2010 do lutego 2011 r., tj. kwotę 67.812,62 zł brutto i stąd uznał, że średnie wynagrodzenie pozwanego za okres ostatnich 6 miesięcy wynosiło 11.302,10 zł, wobec czego 10-krotność tej kwoty stanowi 113.021 zł. Sąd Okręgowy nie uwzględnił wniosku pozwanego o zmiarkowanie powyższej kary, stwierdzając, że nie jest ona rażąco wygórowana, przy czym miał w szczególności wysokość strat poniesionych przez powoda.</xText>
          <xText>Pozwany zaskarżył powyższy wyrok w całości, zarzucając mu naruszenie:</xText>
          <xUnit xIsTitle="false" xType="none">
            <xName xSffx=")">1</xName>
            <xText><xLexLink xArt="art. 22;art. 22 § 1;art. 22 § 2;art. 22 § 3;art. 22 § 4;art. 22 § 5;art. 22 § 6;art. 22 § 7;art. 22 § 8;art. 22 § 9;art. 22 § 10;art. 22 § 11;art. 22 § 12;art. 101(2)" xIsapId="WDU19740240141" xTitle="Ustawa z dnia 26 czerwca 1974 r. - Kodeks pracy" xAddress="Dz. U. z 1974 r. Nr 24, poz. 141">art. 22 § 1-12 oraz art. 101<xBx><xSUPx>2</xSUPx></xBx> kodeksu pracy</xLexLink>, m.in. przez odmowę uznania że powoda łączył z pozwanym stosunek pracy i w związku z tym zakazane było ustanowienie zakazu konkurencji po ustaniu umowy bez zastrzeżenia na rzecz pozwanego wynagrodzenia,</xText>
          </xUnit>
          <xUnit xIsTitle="false" xType="none">
            <xName xSffx=")">2</xName>
            <xText><xLexLink xArt="art. 353(1)" xIsapId="WDU19640160093" xTitle="Ustawa z dnia 23 kwietnia 1964 r. - Kodeks cywilny" xAddress="Dz. U. z 1964 r. Nr 16, poz. 93">art. 353<xBx><xSUPx>1</xSUPx></xBx> k.c.</xLexLink> w zw. z <xLexLink xArt="art. 58;art. 58 § 2" xIsapId="WDU19640160093" xTitle="Ustawa z dnia 23 kwietnia 1964 r. - Kodeks cywilny" xAddress="Dz. U. z 1964 r. Nr 16, poz. 93">art. 58 § 2 k.c.</xLexLink> w zw. z <xLexLink xArt="art. 5" xIsapId="WDU19640160093" xTitle="Ustawa z dnia 23 kwietnia 1964 r. - Kodeks cywilny" xAddress="Dz. U. z 1964 r. Nr 16, poz. 93">art. 5 k.c.</xLexLink> przez przyjęcie, że wprowadzenie do umowy z dnia 2.01.2007 r. klauzuli o zakazie konkurencji bez odszkodowania za okres trwania zakazu nie narusza wymienionych w tych przepisach kryteriów swobody kontraktowej,</xText>
          </xUnit>
          <xUnit xIsTitle="false" xType="none">
            <xName xSffx=")">3</xName>
            <xText><xLexLink xArt="art. 65" xIsapId="WDU19640160093" xTitle="Ustawa z dnia 23 kwietnia 1964 r. - Kodeks cywilny" xAddress="Dz. U. z 1964 r. Nr 16, poz. 93">art. 65 k.c.</xLexLink> w zakresie określającym sposób wykładni oświadczeń woli, w tym zwłaszcza postanowień umowy pomiędzy stroną powodową a pozwanym odnoszących się do określenia zakresu zakazu prowadzenia działalności konkurencyjnej przewidzianego umową stron,</xText>
          </xUnit>
          <xUnit xIsTitle="false" xType="none">
            <xName xSffx=")">4</xName>
            <xText><xLexLink xArt="art. 764(6);art. 764(6) § 1" xIsapId="WDU19640160093" xTitle="Ustawa z dnia 23 kwietnia 1964 r. - Kodeks cywilny" xAddress="Dz. U. z 1964 r. Nr 16, poz. 93">art. 764<xBx><xSUPx>6</xSUPx></xBx> § 1 k.c.</xLexLink> w zw. z <xLexLink xArt="art. 58;art. 58 § 1;art. 58 § 3" xIsapId="WDU19640160093" xTitle="Ustawa z dnia 23 kwietnia 1964 r. - Kodeks cywilny" xAddress="Dz. U. z 1964 r. Nr 16, poz. 93">art. 58 § 1 i § 3 k.c.</xLexLink> przez ich niezastosowanie w sytuacji, gdy Sąd w uzasadnieniu wyroku stwierdza, że zawarta przez strony umowa była umową oświadczenie usług (tzw. agencyjną),</xText>
          </xUnit>
          <xUnit xIsTitle="false" xType="none">
            <xName xSffx=")">5</xName>
            <xText><xLexLink xArt="art. 764(6);art. 764(6) § 3;art. 764(6) § 4" xIsapId="WDU19640160093" xTitle="Ustawa z dnia 23 kwietnia 1964 r. - Kodeks cywilny" xAddress="Dz. U. z 1964 r. Nr 16, poz. 93">art. 764<xBx><xSUPx>6</xSUPx></xBx> § 3 i § 4 k.c.</xLexLink> w zw. z <xLexLink xArt="art. 488;art. 488 § 1;art. 488 § 2" xIsapId="WDU19640160093" xTitle="Ustawa z dnia 23 kwietnia 1964 r. - Kodeks cywilny" xAddress="Dz. U. z 1964 r. Nr 16, poz. 93">art. 488 § 1 i § 2 k.c.</xLexLink> przez ich niezastosowanie w sytuacji gdy pozwany uprawniony był do powstrzymania się od świadczenia w postaci zaniechania działalności konkurencyjnej z uwagi na brak zapłaty wynagrodzenia przez powoda za przestrzeganie zakazu konkurencji,</xText>
          </xUnit>
          <xUnit xIsTitle="false" xType="none">
            <xName xSffx=")">6</xName>
            <xText><xLexLink xArt="art. 484;art. 484 § 1" xIsapId="WDU19640160093" xTitle="Ustawa z dnia 23 kwietnia 1964 r. - Kodeks cywilny" xAddress="Dz. U. z 1964 r. Nr 16, poz. 93">art. 484 § 1 k.c.</xLexLink> przez uznanie, że powód prawidłowo obliczył wysokość kary umownej,</xText>
          </xUnit>
          <xUnit xIsTitle="false" xType="none">
            <xName xSffx=")">7</xName>
            <xText><xLexLink xArt="art. 484;art. 484 § 2;art. 484 § 2 zd. 2" xIsapId="WDU19640160093" xTitle="Ustawa z dnia 23 kwietnia 1964 r. - Kodeks cywilny" xAddress="Dz. U. z 1964 r. Nr 16, poz. 93">art. 484 § 2 zd. 2 k.c.</xLexLink> przez uznanie, iż zastrzeżona w umowie stron kara umowa nie jest rażąco wygórowana,</xText>
          </xUnit>
          <xUnit xIsTitle="false" xType="none">
            <xName xSffx=")">8</xName>
            <xText><xLexLink xArt="art. 353(1)" xIsapId="WDU19640160093" xTitle="Ustawa z dnia 23 kwietnia 1964 r. - Kodeks cywilny" xAddress="Dz. U. z 1964 r. Nr 16, poz. 93">art. 353<xBx><xSUPx>(
      1)</xSUPx></xBx> k.c.</xLexLink> przez stwierdzenie, że powodowa oraz <xAnon>(...)</xAnon>są przedsiębiorstwami konkurencyjnymi w świetle nieprecyzyjnej klauzuli o zakazie konkurencji zawartej w umowie z dnia 2.01.2007 r.,</xText>
          </xUnit>
          <xUnit xIsTitle="false" xType="none">
            <xName xSffx=")">9</xName>
            <xText><xLexLink xArt="art. 233;art. 233 § 1" xIsapId="WDU19640430296" xTitle="Ustawa z dnia 17 listopada 1964 r. - Kodeks postępowania cywilnego" xAddress="Dz. U. z 1964 r. Nr 43, poz. 296">art. 233 § 1 k.p.c</xLexLink>, w zw. z <xLexLink xArt="art. 217" xIsapId="WDU19640430296" xTitle="Ustawa z dnia 17 listopada 1964 r. - Kodeks postępowania cywilnego" xAddress="Dz. U. z 1964 r. Nr 43, poz. 296">art. 217 k.p.c.</xLexLink> i <xLexLink xArt="art. 227" xIsapId="WDU19640430296" xTitle="Ustawa z dnia 17 listopada 1964 r. - Kodeks postępowania cywilnego" xAddress="Dz. U. z 1964 r. Nr 43, poz. 296">227 k.p.c.</xLexLink> przez pominięcie zeznań świadków <xAnon>M. N.</xAnon> i <xAnon>P. R.</xAnon> oraz pozwanego w zakresie w jakim dowody te wskazują, że pozwany miał określone miejsce pracy a także dokonanie błędnych ustaleń co do urlopów pozwanego i innych okoliczności wskazujących na istnienie stosunku pracy między stronami, a także co do okoliczności wpływających na ocenę, że pozwany naruszył zakaz konkurencji, a powód poniósł w związku z tym szkodę w postaci spadku obrotów i utraty znacznej części kontrahentów</xText>
          </xUnit>
          <xUnit xIsTitle="false" xType="none">
            <xName xSffx=")">10</xName>
            <xText><xLexLink xArt="art. 328;art. 328 § 2" xIsapId="WDU19640430296" xTitle="Ustawa z dnia 17 listopada 1964 r. - Kodeks postępowania cywilnego" xAddress="Dz. U. z 1964 r. Nr 43, poz. 296">art. 328 § 2 k.p.c.</xLexLink> przez niewskazaniu dowodów, na mocy których Sąd ustalił, że kara umowna nie jest rażąco wygórowana; nieodniesienie się do zarzutu pozwanego, że klauzula o zakazie konkurencji po ustaniu umowy cywilnoprawnej bez zastrzeżenia wynagrodzenia z tego tytułu jest sprzeczna z zasadami współżycia społecznego i nieważna; brak stanowiska Sądu I instancji w kwestii nieważności zakazu konkurencji po rozwiązaniu umowy zlecenia bez żadnej odpłatności, a także obowiązku ustalenia wysokości rzeczywiście poniesionej szkody przy rozstrzyganiu czy kara umowna winna być miarkowana.</xText>
          </xUnit>
          <xText>Nadto zarzucił nierozpoznanie istoty sprawy przez brak rozważenia czy nieodpłatny zakaz działalności konkurencyjnej przez rok po rozwiązaniu umowy cywilnoprawnej jest ważny i obowiązuje pozwanego.</xText>
          <xText>Wskazując na te zarzuty pozwany wniósł o zmianę zaskarżonego wyroku i oddalenie powództwa w całości, ewentualnie uchylenie tego wyroku i przekazanie sprawy Sądowi I instancji do ponownego rozpoznania, a także o zasądzenie na jego rzecz od powoda kosztów postępowania za obie instancje.</xText>
          
          <xText>
            <xBx>Sąd Apelacyjny zważył, co następuje:</xBx>
          </xText>
          <xText>Apelacja jest tylko w części uzasadniona.</xText>
          <xText>Sąd Apelacyjny uznał za prawidłowe ustalenia faktyczne Sądu I instancji w zakresie istotnym dla rozstrzygnięcia sprawy i przyjął je jako własne. Dotyczy to w szczególności ustalenia, że przejście pozwanego do <xAnon> firmy (...)</xAnon> było przyczyną znaczącego spadku obrotów powoda i doprowadziło do podebrania jego klientów przez <xAnon> firmę (...)</xAnon>. Ustalenie takie znajduje wystarczające oparcie w zeznaniach świadka <xAnon>M. F.</xAnon> oraz słuchanego w charakterze strony prezesa zarządu powoda <xAnon>M. J.</xAnon>, a także wynika z przedłożonego przez powoda zestawienia przeciętnych miesięcznych obrotów jego oddziału w <xAnon>K.</xAnon> w latach 2006 – 2011, którego rzetelności pozwany nie kwestionował, zarzucając tylko w piśmie procesowym z dnia 14 listopada 2011 r., że jest zbyt ogólny. Sąd Apelacyjny podzielił również ocenę Sądu I instancji co do charakteru prawnego umowy łączącej strony, z tym zastrzeżeniem, że nie była to umowa agencyjna, jak niefortunnie, nawiasem tylko mówiąc, wskazał Sąd na str. 6 uzasadnienia wydanego wyroku, gdzie nazywał ją umową o świadczenie usług, dodatkowo określając ją jako „tzw. agencyjną” (k. 413v.). Łącząca strony umowa z dnia 2 stycznia 2007 r. odpowiadała nazwą i treścią umowie o świadczenie usług, przewidzianej w <xLexLink xArt="art. 750" xIsapId="WDU19640160093" xTitle="Ustawa z dnia 23 kwietnia 1964 r. - Kodeks cywilny" xAddress="Dz. U. z 1964 r. Nr 16, poz. 93">art. 750 k.c.</xLexLink>, nie stanowiła natomiast umowy agencyjnej określonej w <xLexLink xArt="art. 758" xIsapId="WDU19640160093" xTitle="Ustawa z dnia 23 kwietnia 1964 r. - Kodeks cywilny" xAddress="Dz. U. z 1964 r. Nr 16, poz. 93">art. 758 k.c.</xLexLink>, co wynika z innego niż w umowie agencyjnej zakresu obowiązków pozwanego, określonego w załączniku do umowy. Nie można tej umowy również zakwalifikować jako umowy o pracę – jak chciałby to widzieć pozwany, skoro pozwany wykonywał obowiązki wynikające z tej umowy w ramach prowadzonej przez siebie działalności gospodarczej pod <xAnon> firmą (...)</xAnon>, wystawiając w tym charakterze faktury powodowi za świadczone usługi. Dodać też można, że w łączącym strony stosunku prawnym brak było elementu podległości pracowniczej, a pozwany mógł powierzyć wykonywanie zleconych mu czynności osobom trzecim, co też odróżnia ten stosunek od stosunku pracy.</xText>
          <xText>Konsekwencją uznania, że stron nie łączyła umowa o pracę ani umowa agencyjna jest przyjęcie, że nie mogło dojść do naruszenia przez Sąd I instancji przepisów <xLexLink xArt="art. 22;art. 101(2)" xIsapId="WDU19740240141" xTitle="Ustawa z dnia 26 czerwca 1974 r. - Kodeks pracy" xAddress="Dz. U. z 1974 r. Nr 24, poz. 141">art. 22 i art. 101<xSUPx>2 </xSUPx>kodeksu pracy</xLexLink> oraz <xLexLink xArt="art. 764(6)" xIsapId="WDU19640160093" xTitle="Ustawa z dnia 23 kwietnia 1964 r. - Kodeks cywilny" xAddress="Dz. U. z 1964 r. Nr 16, poz. 93">art. 764<xBx><xSUPx>6</xSUPx></xBx> k.c.</xLexLink></xText>
          <xText>Sąd Apelacyjny podziela ocenę Sądu I instancji, że powód i <xAnon> spółka (...)</xAnon> są podmiotami konkurującymi na polskim rynku, co wynika zarówno z pokrywającego się – choć tylko częściowo – asortymentu oferowanych przez nich towarów oraz posiadania tych samych kontrahentów, jaki z faktu, że sam pozwany kilkakrotnie wykazywał <xAnon> firmę (...)</xAnon> w sporządzanych dla powoda informacjach „o ruchach konkurencji”. Podjęcie przez pozwanego zatrudnienia w tej firmie przed upływem jednego roku od rozwiązania umowy z powodem musi być w tej sytuacji ocenione jako naruszenie zakazu przyjętego w § 10 ust. 1 umowy stron i uzasadnia odpowiedzialność pozwanego względem powoda zgodnie z ust. 2 powyższego unormowania umownego.</xText>
          <xText>Uznanie tej odpowiedzialności co do zasady nie oznacza, że roszczenie powoda było uzasadnione również co do wysokości. Apelacja w tym zakresie zasługuje na częściowe uwzględnienie.</xText>
          <xText>Rzeczą powoda było udowodnienie w procesie wysokości dochodzonego roszczenia. Skoro powód dochodził kary umownej, która w myśl umowy liczona jest od średniego wynagrodzenia pozwanego za okres ostatnich 6 miesięcy, a wynagrodzenie miało charakter prowizyjny, to powinien był wykazać rzeczywistą wysokość tego wynagrodzenia. Powód twierdził, że pozwany w okresie ostatnich 6 miesięcy przed rozwiązaniem umowy otrzymał od niego wynagrodzenie na sumę 67.812,62 zł brutto, jednak nie przedstawił odpowiednich dowodów na poparcie tego twierdzenia. Do pozwu dołączył tylko zestawienie jedenastu faktur wystawionych przez pozwanego w okresie od września 2010 do lutego 2011 r. na łączną kwotę 67.812,62 zł. W aktach sprawy znajduje się 6 faktur ujętych w tym zestawieniu, przedłożonych przez pozwanego (k. 51, 54, 57, 59, 64 i 65), obejmujących wynagrodzenie prowizyjne za okres od września 2010 do lutego 2011 r., opiewających łącznie na sumę 49.393,92 zł. Średnie wynagrodzenie z tych 6 faktur stanowi kwotę 8.232,30 zł, a kara umowna wyliczna zgodnie z od tego średniego wynagrodzenia wynosi 82.323 zł. Pozostałych faktur powód nie przedstawił, brak jest zatem podstaw do przyjęcia, że wskazane w tych fakturach należności także stanowiły wynagrodzenie prowizyjne pozwanego.</xText>
          <xText>Sąd Apelacyjny nie znalazł podstaw do miarkowania powyższej kary umownej i nie uwzględnił zarzutu apelacji dotyczącego naruszenia <xLexLink xArt="art. 484;art. 484 § 2" xIsapId="WDU19640160093" xTitle="Ustawa z dnia 23 kwietnia 1964 r. - Kodeks cywilny" xAddress="Dz. U. z 1964 r. Nr 16, poz. 93">art. 484 § 2 k.c.</xLexLink> przez uznanie, że zastrzeżona w umowie stron kara umowa nie jest rażąco wygórowana. W tym zakresie Sąd Apelacyjny w pełni podziela argumentację przedstawioną przez Sąd I instancji. W uzupełnieniu tej argumentacji można wskazać, że odszkodowanie umowne przewidziane w § 10 ust. 2 umowy stron wyłączało, z mocy <xLexLink xArt="art. 484;art. 484 § 1;art. 484 § 1 zd. 2" xIsapId="WDU19640160093" xTitle="Ustawa z dnia 23 kwietnia 1964 r. - Kodeks cywilny" xAddress="Dz. U. z 1964 r. Nr 16, poz. 93">art. 484 § 1 zd. 2 k.c.</xLexLink>, możliwość dochodzenia przez powoda wyrównania szkody przenoszącej wysokość zastrzeżonej kary, co w realiach rozpatrywanej sprawy należy uznać za rozwiązanie korzystne dla pozwanego.</xText>
          <xText>Zarzut nierozpoznania istoty sporu, zgłoszony na końcu długiej listy zarzutów apelacyjnych, jest oczywiście niezasadny. Sąd I instancji w sposób właściwy zbadał materialne podstawy żądania pozwu i odniósł się do merytorycznych zarzutów pozwanego, dając wyraz swoim ocenom w przyjętym rozstrzygnięciu i jego pisemnych motywach.</xText>
          <xText>Kierując się powyższymi względami Sąd Apelacyjny zmienił zaskarżony wyrok na podstawie <xLexLink xArt="art. 386;art. 386 § 1" xIsapId="WDU19640430296" xTitle="Ustawa z dnia 17 listopada 1964 r. - Kodeks postępowania cywilnego" xAddress="Dz. U. z 1964 r. Nr 43, poz. 296">art. 386 § 1 k.p.c.</xLexLink>, Sąd Apelacyjny zmienił zaskarżony wyrok w sposób wskazany w punkcie 1 sentencji, a dalej idącą apelację oddalił na podstawie <xLexLink xArt="art. 385" xIsapId="WDU19640430296" xTitle="Ustawa z dnia 17 listopada 1964 r. - Kodeks postępowania cywilnego" xAddress="Dz. U. z 1964 r. Nr 43, poz. 296">art. 385 k.p.c.</xLexLink> jako bezzasadną.</xText>
          <xText>O kosztach procesu w obu instancjach orzeczono po myśli <xLexLink xArt="art. 100" xIsapId="WDU19640430296" xTitle="Ustawa z dnia 17 listopada 1964 r. - Kodeks postępowania cywilnego" xAddress="Dz. U. z 1964 r. Nr 43, poz. 296">art. 100 k.p.c.</xLexLink>, rozdzielając je między stronami stosownie do wyniku sporu w proporcji 72 : 28, przy uwzględnieniu uiszczonych przez strony opłat sądowych oraz kosztów zastępstwa procesowego ustalonych na podstawie rozporządzenia Ministra Sprawiedliwości z dnia 28 września 2002 r. w sprawie opłat za czynności adwokackie.</xText>
          
          <xText>
            <xIx>bp</xIx>
          </xText>
        </xUnit>
      </xBlock>
    </xPart>
  </judgement>
<judgement id="153500000000503_I_ACa_000561_2012_Uz_2012-09-05_001">
    <xPart xEditorFullName="Ewa Gadomska" xYear="2012" xLang="PL" xPublisherFullName="Danuta Wągrowska" xFromPg="1" xEditor="egadomska" xVolType="15/350000/0000503/ACa" xPublisher="dwagrowska" xDocType="Uz" xVolNmbr="000561" xVersion="1.0" xToPage="6" xFlag="published">
      <xName>Wyrok+Uzasadnienie</xName>
      <xBlock>
        
        <xText>Sygn. akt I A Ca 561/12</xText>
        
        <xUnit xIsTitle="true" xBold="true" xType="part">
          <xName>WYROK</xName>
          <xTitle>W IMIENIU RZECZYPOSPOLITEJ POLSKIEJ</xTitle>
          <xText>Dnia 5 września 2012 r.</xText>
          <xText>Sąd Apelacyjny w Poznaniu Wydział I Cywilny</xText>
          <xText>w składzie następującym:</xText>
          <xText>Przewodniczący: SSA Waldemar Kryślak</xText>
          <xText>Sędziowie: SA Jan Futro (spr.), SA Piotr Górecki
  </xText>
          <xText>Protokolant: st. sekr. sąd. Sylwia Woźniak</xText>
          <xText>po rozpoznaniu w dniu 5 września 2012 r. w Poznaniu</xText>
          <xText>na rozprawie</xText>
          <xText>sprawy z powództwa <xAnon>A. D.</xAnon> i <xAnon>C. D.</xAnon></xText>
          <xText>przeciwko Skarbowi Państwa - Szefowi Wojskowego Zarządu Infrastruktury w <xAnon>P.</xAnon></xText>
          <xText>o zapłatę</xText>
          <xText>na skutek apelacji pozwanego</xText>
          <xText>od wyroku końcowego Sądu Okręgowego w Poznaniu</xText>
          <xText>z dnia 13 kwietnia 2012 r., sygn. akt I C 3719/05</xText>
          
          <xUnit xIsTitle="false" xType="none">
            <xName xSffx=".">1</xName>
            <xText>zmienia zaskarżony wyrok w punkcie I.a. i termin początkowy płatności zasądzonych w nim odsetek określa na dzień 6 września 2011 r. a ponadto powództwo w zakresie zasądzonych odsetek oddala;</xText>
          </xUnit>
          <xUnit xIsTitle="false" xType="none">
            <xName xSffx=".">2</xName>
            <xText>oddala apelację w pozostałej części;</xText>
          </xUnit>
          <xUnit xIsTitle="false" xType="none">
            <xName xSffx=".">3</xName>
            <xText>zasądza od powodów na rzecz pozwanego 1 440 zł tytułem zwrotu części kosztów zastępstwa procesowego w postępowaniu apelacyjnym;</xText>
          </xUnit>
          <xUnit xIsTitle="false" xType="none">
            <xName xSffx=".">4</xName>
            <xText>nakazuje ściągnąć od powodów na rzecz Skarbu Państwa – Sądu Okręgowego w Poznaniu 1 592 zł tytułem części opłaty sądowej od apelacji, od uiszczenia której pozwany był zwolniony.</xText>
          </xUnit>
          
          <xText xALIGNx="center">
    Piotr Górecki  Waldemar Kryślak  Jan Futro
  </xText>
          
          <xText>I A Ca 561/12</xText>
        </xUnit>
        <xUnit xIsTitle="true" xBold="true" xType="part">
          <xName>UZASADNIENIE</xName>
          <xText>Powodowie <xAnon>A. D.</xAnon> i <xAnon>C. D.</xAnon> w pozwie wniesionym w dniu 28 grudnia 2005 r., skierowanym przeciwko Skarbowi Państwa – Szefowi Wojskowego Zarządu Infrastruktury w<xAnon>P.</xAnon>wnieśli o zasądzenie od pozwanego kwoty 80 051,67 zł wraz z ustawowymi odsetkami od dnia wniesienia pozwu i kosztami procesu, w tym 34 351,67 zł tytułem kosztów rewitalizacji akustycznej budynku mieszkalnego i 45 700 zł tytułem odszkodowania za zmniejszenie się wartości nieruchomości powodów w związku z wprowadzeniem obszaru ograniczonego użytkowania dla lotniska wojskowego <xAnon>P.</xAnon> – <xAnon>K.</xAnon> w <xAnon>P.</xAnon>.</xText>
          <xText>Pozwany wniósł o oddalenie powództwa i zasądzenie kosztów postępowania. W szczególności w odpowiedzi na pozew zakwestionował wskazaną w pozwie wysokość szkody.</xText>
          <xText>Prawomocnym wyrokiem częściowym z dnia 21 lipca 2009 r. Sąd Okręgowy w Poznaniu rozstrzygnął sprawę w zakresie roszczeń dotyczących nakładów związanych z zapewnieniem mieszkaniu właściwego klimatu akustycznego.</xText>
          <xText>Na rozprawie w dniu 2 kwietnia 2012 r. powodowie rozszerzyli żądanie pozwu w zakresie roszczenia o odszkodowanie za zmniejszenie wartości nieruchomości o kwotę 14 507 zł jednocześnie wnosząc o zasądzenie odsetek ustawowych od tej kwoty od dnia rozszerzenia powództwa.</xText>
          <xText>Pozwany wniósł o oddalenie powództwa w całości.</xText>
          <xText>Wyrokiem końcowym z dnia 13 kwietnia 2012 r. Sąd Okręgowy w Poznaniu rozpoznając roszczenie o odszkodowanie za zmniejszenie się wartości nieruchomości powodów zasądził od pozwanego na ich rzecz solidarnie kwotę 60 207 zł wraz z ustawowymi odsetkami od kwoty 45 700 zł od dnia 29 grudnia 2005 r. do dnia zapłaty i od kwoty 14 507 zł od dnia 2 kwietnia 2012 r. do dnia zapłaty.</xText>
          <xText>Orzekając o kosztach postępowania zasądził od pozwanego na rzecz powodów solidarnie kwotę 6 273,94 zł, nakazał ściągnąć od pozwanego na rzecz Skarbu Państwa Sądu Okręgowego w Poznaniu kwotę 4 280,25 zł tytułem części nie uiszczonych wydatków, w pozostałym zakresie nie obciążył powodów nie uiszczonymi kosztami procesu.</xText>
          <xText>Z uwagi na fakt, że apelacja skarży jedynie rozstrzygnięcie dotyczące wysokości zasądzonych z tytułu opóźnienia odsetek wskazać należy, że podstawą tego rozstrzygnięcia były następujące ustalenia.</xText>
          <xText>Powodowie <xAnon>A. D.</xAnon> i <xAnon>C. D.</xAnon> są współwłaścicielami na zasadach wspólności majątkowej małżeńskiej, nabytej w 1968 r., nieruchomości położoną w <xAnon>P.</xAnon> przy <xAnon>ul. (...)</xAnon>, stanowiącą <xAnon>działkę nr (...)</xAnon> o powierzchni 0,0520 ha, dla której to nieruchomości Sąd Rejonowy Poznań - Stare Miasto w <xAnon>P.</xAnon> prowadzi obecnie księgę wieczystą Kw. nr <xAnon> (...)</xAnon>.</xText>
          <xText>Wojewoda <xAnon> (...)</xAnon> wydał w dniu 17 grudnia 2003 roku rozporządzenie nr <xAnon>(...)</xAnon> w sprawie utworzenia obszaru ograniczonego użytkowania dla lotniska wojskowego <xAnon>P.</xAnon> - <xAnon>K.</xAnon> w <xAnon>P.</xAnon>. Rozporządzenie zostało wydane na podstawie <xLexLink xArt="art. 135;art. 135 ust. 1;art. 135 ust. 2" xIsapId="WDU20010620627" xTitle="Ustawa z dnia 27 kwietnia 2001 r. Prawo ochrony środowiska" xAddress="Dz. U. z 2001 r. Nr 62, poz. 627">art. 135 ust. 1 i 2 ustawy z 27 kwietnia 2001 roku Prawo ochrony środowiska</xLexLink> (Dz. U. nr 62 poz. 627 ze zmianami).</xText>
          <xText>Na podstawie powyższego rozporządzenia nieruchomość powodów zaliczona została do strefy <xAnon> (...)</xAnon> obszaru ograniczonego użytkowania.</xText>
          <xText>Rozporządzeniem nr<xAnon>(...)</xAnon> dnia 31 grudnia 2007 roku Wojewody <xAnon> (...)</xAnon> zmieniono rozporządzenie w sprawie utworzenia obszaru ograniczonego użytkowania dla lotniska wojskowego <xAnon>P.</xAnon> - <xAnon>K.</xAnon>.</xText>
          <xText>Na podstawie powyższego rozporządzenia nieruchomość powodów zaliczona została do strefy <xAnon> (...)</xAnon> obszaru ograniczonego użytkowania.</xText>
          <xText>Wartość rynkowa nieruchomości nieobciążonej strefą II dla aktualnego sposobu użytkowania nieruchomości wg cen z 6 września 2011 r. wynosi 423 633 zł.</xText>
          <xText>Spadek wartości nieruchomości położonej w strefie II obszaru ograniczonego użytkowania lotniska wojskowego <xAnon>P.</xAnon> - <xAnon>K.</xAnon> wynosi 13% w oparciu o założenie, że zahamowanie obrotu nastąpiło na skutek wprowadzenia stref i gdyby ich nie wprowadzono to cena nieruchomości położonej w strefie ograniczonego użytkowania wzrosłaby tak jak w podobnych lokalizacjach.</xText>
          <xText>Utrata wartości przedmiotowej nieruchomości dla położenia w strefie II wynosi 60 207 zł (463.127 zł x 0,13).</xText>
          <xText>W tak ustalonym stanie faktycznym Sąd Okręgowy wskazał, że podstawę uwzględnienia powództwa stanowi przepis <xLexLink xArt="art. 129" xIsapId="WDU20010620627" xTitle="Ustawa z dnia 27 kwietnia 2001 r. Prawo ochrony środowiska" xAddress="Dz. U. z 2001 r. Nr 62, poz. 627">art. 129 ustawy z dnia 27 kwietnia 2001 r. Prawo ochrony środowiska</xLexLink> (Dz. U. z 2008 r. Nr 25, poz. 150 ze zm.).</xText>
          <xText>Uznając, że roszczenie powodów o zasądzenie odsetek ustawowych jest zasadne w całości, Sąd Okręgowy wskazał, że od kwoty 45 700 zł zasądził ustawowe odsetki z tytułu opóźnienia od dnia 29 grudnia 2005 r., mając na uwadze, że strona powodowa już na początku procesu taką kwotę wskazała jako odszkodowanie z tytułu spadku wartości nieruchomości w oparciu o prywatną wycenę dokonaną przez rzeczoznawcę w październiku 2005 r. W takiej sytuacji, skoro strona powodowa domagała się w pozwie kwoty niższej od kwoty ustalonej przez biegłego i cen z opinii prywatnej z października 2005 r., to zasadnym jest wobec długotrwałości niniejszego procesu i kompensacyjnego charakteru odsetek uznanie zasadności opóźnienia w zapłacie ww. kwoty od dnia 29 grudnia 2005 r. W przeciwnym razie doszłoby do premiowania pozwanego jako dłużnika za uciążliwość i długotrwałość procesu wywołaną jedynie stanowiskiem procesowym strony pozwanej, zgłaszanymi zarzutami co do prawidłowości merytorycznej powództwa. Natomiast od kwoty 14 507 zł, tj. od kwoty rozszerzonej sąd zasądził od dnia 2 kwietnia 2012 r. tj. od dnia dokonania ww. rozszerzenia na rozprawie w dniu 2 kwietnia 2012 r.</xText>
          <xText>Jako podstawę rozstrzygnięcia o kosztach procesu - wskazując, co się na nie składa - Sąd Okręgowy powołał przepisy <xLexLink xArt="art. 100" xIsapId="WDU19640430296" xTitle="Ustawa z dnia 17 listopada 1964 r. - Kodeks postępowania cywilnego" xAddress="Dz. U. z 1964 r. Nr 43, poz. 296">art. 100 k.p.c.</xLexLink>, <xLexLink xArt="art. 108" xIsapId="WDU19640430296" xTitle="Ustawa z dnia 17 listopada 1964 r. - Kodeks postępowania cywilnego" xAddress="Dz. U. z 1964 r. Nr 43, poz. 296">art. 108 k.p.c.</xLexLink>, <xLexLink xArt="art. 102" xIsapId="WDU19640430296" xTitle="Ustawa z dnia 17 listopada 1964 r. - Kodeks postępowania cywilnego" xAddress="Dz. U. z 1964 r. Nr 43, poz. 296">art. 102 k.p.c.</xLexLink> oraz <xLexLink xArt="§ 6;§ 6 pkt. 6" xIsapId="WDU20021631348" xTitle="Rozporządzenie Ministra Sprawiedliwości z dnia 28 września 2002 r. w sprawie opłat za czynności adwokackie oraz ponoszenia przez Skarb Państwa kosztów nieopłaconej pomocy prawnej udzielonej z urzędu" xAddress="Dz. U. z 2002 r. Nr 163, poz. 1348">§ 6 pkt 6 Rozporządzenia Ministra Sprawiedliwości z dnia 28 września 2002 r. w sprawie opłat za czynności adwokackie oraz ponoszenia przez Skarb Państwa kosztów nieopłaconej pomocy prawnej udzielonej z urzędu</xLexLink> (Dz. U. nr 163 poz. 1348 z późn. zm.).</xText>
          <xText>Od wyroku tego apelację wniósł pozwany zaskarżając go w części, a mianowicie w punkcie I.a. w zakresie rozstrzygnięcia o odsetkach ustawowych od kwoty 45 700 zł od dnia 29 grudnia 2005 r. do dnia wyrokowania.</xText>
          <xText>Skarżący zarzucił błędne i sprzeczne z zebranymi w sprawie dowodami ustalenie, że powodowie w dniu 29 grudnia 2005 r. doznali szkody w wysokości 45 700 zł, a w konsekwencji błędne ustalenie terminu, od którego należy naliczyć odsetki, a nadto naruszenie przepisów <xLexLink xArt="" xIsapId="WDU19640160093" xTitle="Ustawa z dnia 23 kwietnia 1964 r. - Kodeks cywilny" xAddress="Dz. U. z 1964 r. Nr 16, poz. 93">Kodeksu cywilnego</xLexLink> przez przyjęcie, że powodom należą się odsetki ustawowe od dnia wytoczenia powództwa, a nie od dnia wyrokowania.</xText>
          <xText>W konsekwencji pozwany wniósł o zmianę wyroku Sądu Okręgowego w zaskarżonej części i zasądzenie na rzecz powodów odsetek ustawowych za opóźnienie od dnia wyrokowania, a nadto zasądzenie na rzecz pozwanego kosztów zastępstwa procesowego w postępowaniu apelacyjnym według norm przepisanych.</xText>
          <xText>Powodowie wnieśli o oddalenie apelacji i zasądzenie kosztów postępowania apelacyjnego według norm przepisanych.</xText>
          
          <xText>
            <xBx>Sąd Apelacyjny zważył, co następuje.</xBx>
          </xText>
          
          <xText>Apelacja okazała się po części zasadna.</xText>
          <xText>Należy podzielić stanowisko skarżącego, że w przypadku ustalenia odszkodowania na podstawie <xLexLink xArt="art. 363;art. 363 § 2" xIsapId="WDU19640160093" xTitle="Ustawa z dnia 23 kwietnia 1964 r. - Kodeks cywilny" xAddress="Dz. U. z 1964 r. Nr 16, poz. 93">art. 363 § 2 k.c.</xLexLink> ustalenie terminu początkowego zasądzenia odsetek w przypadku odpowiedzialności z tytułu czynu niedozwolonego uzależnione jest od okoliczności każdego konkretnego przypadku.</xText>
          <xText>Niewątpliwie według <xLexLink xArt="art. 481" xIsapId="WDU19640160093" xTitle="Ustawa z dnia 23 kwietnia 1964 r. - Kodeks cywilny" xAddress="Dz. U. z 1964 r. Nr 16, poz. 93">art. 481 k.c.</xLexLink> odsetki należą się za samo opóźnienie, choćby wierzyciel nie poniósł żadnej szkody i choćby opóźnienie było następstwem okoliczności, za które dłużnik odpowiedzialności nie ponosi; przysługują one przy tym w zasadzie według stopy ustawowej. Tak ujęte odsetki stanowią rekompensatę uszczerbku doznanego przez wierzyciela wskutek pozbawienia go możliwości czerpania korzyści z należnego mu świadczenia pieniężnego. W odniesieniu do należności pieniężnych można bowiem zawsze przyjąć, że w następstwie opóźnienia wierzyciel doznaje uszczerbku w postaci utraty procentu, na jaki mógłby ulokować otrzymaną w terminie sumę. To niejako ryczałtowe i oparte na uproszczonych zasadach wyrównanie typowego uszczerbku wynikłego z nieotrzymania świadczenia pieniężnego w terminie - jakim jest przyznanie odsetek za opóźnienie - stanowi rekompensatę minimalną. W razie bowiem zwłoki dłużnika wierzyciel może żądać nadto naprawienia szkody na zasadach ogólnych (zob. "Uzasadnienie projektu kodeksu zobowiązań" w opracowaniu głównego referenta projektu prof. Romana Longchamps de Berier, Warszawa 1934, s. 370 i nast.). Jeżeli dłużnik nie płaci odszkodowania w terminie, tj. z reguły niezwłocznie po wezwaniu, o którym mowa w <xLexLink xArt="art. 455" xIsapId="WDU19640160093" xTitle="Ustawa z dnia 23 kwietnia 1964 r. - Kodeks cywilny" xAddress="Dz. U. z 1964 r. Nr 16, poz. 93">art. 455 k.c.</xLexLink>, niekiedy zaś już w dniu wyrządzenia szkody, wierzyciel nie ma możliwości czerpania korzyści z należnego mu świadczenia pieniężnego. Doznany przez niego z tego powodu uszczerbek powinien być pokryty przez przyznanie mu odsetek za opóźnienie w zapłacie wymaganej sumy. Innymi słowy, odszkodowanie w rozmiarze, w jakim ono należy się wierzycielowi w dniu, w którym dłużnik ma je zapłacić, powinno być oprocentowane od tego dnia. Wobec dynamicznego charakteru szkody, wysokość odszkodowania w określonych odcinkach czasu może być jednak różna, a początek opóźnienia co do poszczególnych kwot odszkodowania przypadać na inne daty.</xText>
          <xText>Podkreślić należy, że nie ulega żadnej wątpliwości, iż pozwany Skarb Państwa nie spełniając świadczenia po wezwaniu go do zapłaty popadł w opóźnienie. Jednakże wskazany wyżej obowiązek ogranicza się jedynie do rozmiarów wymagalnego wówczas świadczenia, w tym przypadku szkody istniejącej w momencie wezwania. Dochodzoną kwotę można uznać za należną powodom we wskazanym przez nich dniu, gdy wyraża ona faktyczną szkodę powodów według cen z tego dnia lub - w pewnych szczególnych wypadkach - z oznaczonego wcześniejszego dnia. Innymi słowy zasądzenie odsetek od kwoty 45 700 zł od dnia 29 grudnia 2005 r. byłoby – z uwagi na opóźnienie pozwanego – niewątpliwie zasadne, gdyby Sąd Okręgowy ustalił, że wymagalne we wskazanej dacie, należne od pozwanego świadczenie kształtowało się co najmniej w tej wysokości.</xText>
          <xText>Zebrany w sprawie niniejszej materiał nie pozwala na takie ustalenie. Sąd Okręgowy nie dokonał w tym zakresie żadnych ustaleń stanu faktycznego. Powodowie zresztą też nie próbowali dowodzić, jak kształtowała się wysokość szkody w dniu 29 grudnia 2005 r. Samo powołanie się na zakwestionowaną opinię prywatną dołączoną do pozwu z 2005 r., nie jest wystarczające dla dokonania takich ustaleń. Dokument prywatny – jakim jest ta opinia - stanowi jedynie dowód tego, że osoba, która go podpisała, złożyła oświadczenie zawarte w dokumencie ( <xLexLink xArt="art. 245" xIsapId="WDU19640430296" xTitle="Ustawa z dnia 17 listopada 1964 r. - Kodeks postępowania cywilnego" xAddress="Dz. U. z 1964 r. Nr 43, poz. 296">art. 245 k.p.c.</xLexLink>). Nie jest on natomiast dowodem na prawdziwość treści zawartych w dokumencie i w przypadku – jak niniejszym – zaprzeczenia prawdziwości takich faktów na stronie spoczywa obowiązek wykazania innymi środkami dowodowymi prawdziwości tych treści ( <xLexLink xArt="art. 6" xIsapId="WDU19640160093" xTitle="Ustawa z dnia 23 kwietnia 1964 r. - Kodeks cywilny" xAddress="Dz. U. z 1964 r. Nr 16, poz. 93">art. 6 k.c.</xLexLink>).</xText>
          <xText>Okoliczność, że zgodnie z opinią biegłego <xAnon>C.</xAnon> w dacie 6 września 2011 r. szkoda wynosiła 60 207, co przewyższa kwotę odszkodowania dochodzoną pozwem – szczególnie przy znanych powszechnie fluktuacjach cen na rynkach nieruchomości - nie przesądza o tym, że w grudniu 2005 r. szkoda ta wynosiła co najmniej 45 700 zł. Wysokość szkody ustalono na dzień 6 września 2011 r. (opinia biegłego <xAnon>C.</xAnon> – k. 814-913). Uzasadniało to przyznanie odsetek za opóźnienie od wskazanej kwoty od ustalonej na ten dzień wartości</xText>
          <xText>Nie jest natomiast trafne stanowisko pozwanego, że jego opóźnienie nie mogło powstać przed dniem doręczenia opinii biegłego. Odsetki od odszkodowania pieniężnego należą się od dnia, w którym odszkodowanie to powinno być zapłacone. W wypadku zobowiązań z czynów niedozwolonych, które mają charakter bezterminowy, stan opóźnienia w spełnieniu świadczenia powstaje po wezwaniu dłużnika do świadczenia (<xLexLink xArt="art. 455" xIsapId="WDU19640160093" xTitle="Ustawa z dnia 23 kwietnia 1964 r. - Kodeks cywilny" xAddress="Dz. U. z 1964 r. Nr 16, poz. 93">art. 455 k.c.</xLexLink>). Znaczenie takiego wezwania wierzyciela polega na tym, że z jego chwilą na dłużniku zaczyna ciążyć obowiązek niezwłocznego spełnienia świadczenia i że nie spełniając go popada w opóźnienie, a to uprawnia wierzyciela do żądania odsetek za czas opóźnienia (<xLexLink xArt="art. 481;art. 481 § 1" xIsapId="WDU19640160093" xTitle="Ustawa z dnia 23 kwietnia 1964 r. - Kodeks cywilny" xAddress="Dz. U. z 1964 r. Nr 16, poz. 93">art. 481 § 1 k.c.</xLexLink>). Dłużnik popada w opóźnienie, jeśli nie spełnia świadczenia pieniężnego w terminie, w którym stało się ono wymagalne, także wtedy, gdy kwestionuje istnienie lub wysokość świadczenia. Powodowie wzywali pozwanego do zapłaty już w listopadzie 2005 r.</xText>
          <xText>Wobec powyższego Sąd Apelacyjny na podstawie <xLexLink xArt="art. 386;art. 386 § 1" xIsapId="WDU19640430296" xTitle="Ustawa z dnia 17 listopada 1964 r. - Kodeks postępowania cywilnego" xAddress="Dz. U. z 1964 r. Nr 43, poz. 296">art. 386 § 1 k.p.c.</xLexLink> orzekł jak w punkcie 1 wyroku.</xText>
          <xText>W pozostałej części apelacja okazała się niezasadna i na podstawie <xLexLink xArt="art. 385" xIsapId="WDU19640430296" xTitle="Ustawa z dnia 17 listopada 1964 r. - Kodeks postępowania cywilnego" xAddress="Dz. U. z 1964 r. Nr 43, poz. 296">art. 385 k.p.c.</xLexLink> Sąd ją oddalił.</xText>
          <xText>Zważywszy, że odsetki od kwoty 45 700 zł za okres od 29 grudnia 2005 r. do 5 września 2011 r. wynoszą 31 790,92 zł i apelacja w tym zakresie została uwzględniona należało ustalić, że pozwany wygrał w tej instancji sprawę w 90%.</xText>
          <xText>Uzasadniało to na podstawie <xLexLink xArt="art. 100" xIsapId="WDU19640430296" xTitle="Ustawa z dnia 17 listopada 1964 r. - Kodeks postępowania cywilnego" xAddress="Dz. U. z 1964 r. Nr 43, poz. 296">art. 100 k.p.c.</xLexLink> stosunkowe rozdzielenie kosztów.</xText>
          <xText>Zważywszy, że każda ze stron poniosła zgodnie z <xLexLink xArt="§ 6;§ 6 pkt. 5;§ 13;§ 13 ust. 1;§ 13 ust. 1 pkt. 2" xIsapId="WDU20021631348" xTitle="Rozporządzenie Ministra Sprawiedliwości z dnia 28 września 2002 r. w sprawie opłat za czynności adwokackie oraz ponoszenia przez Skarb Państwa kosztów nieopłaconej pomocy prawnej udzielonej z urzędu" xAddress="Dz. U. z 2002 r. Nr 163, poz. 1348">§ 6 pkt 5 oraz § 13 ust. 1 pkt 2 Rozporządzenia Ministra Sprawiedliwości z dnia 28 września 2002 r. w sprawie opłat za czynności adwokackie oraz ponoszenia przez Skarb Państwa kosztów nieopłaconej pomocy prawnej udzielonej z urzędu</xLexLink> (Dz. U. nr 163 poz. 1348) i <xLexLink xArt="§ 6;§ 6 pkt. 5" xIsapId="WDU20021631348" xTitle="Rozporządzenie Ministra Sprawiedliwości z dnia 28 września 2002 r. w sprawie opłat za czynności adwokackie oraz ponoszenia przez Skarb Państwa kosztów nieopłaconej pomocy prawnej udzielonej z urzędu" xAddress="Dz. U. z 2002 r. Nr 163, poz. 1348">§ 6 pkt 5</xLexLink> w zw. z <xLexLink xArt="§ 12;§ 12 ust. 1;§ 12 ust. 1 pkt. 2" xIsapId="WDU20021631348" xTitle="Rozporządzenie Ministra Sprawiedliwości z dnia 28 września 2002 r. w sprawie opłat za czynności adwokackie oraz ponoszenia przez Skarb Państwa kosztów nieopłaconej pomocy prawnej udzielonej z urzędu" xAddress="Dz. U. z 2002 r. Nr 163, poz. 1348">§ 12 ust. 1 pkt 2 Rozporządzenia Ministra Sprawiedliwości z dnia 28 września 2002 r. w sprawie opłat za czynności radców prawnych oraz ponoszenia przez Skarb Państwa kosztów nieopłaconej pomocy prawnej udzielonej przez radcę prawnego ustanowionego z urzędu</xLexLink> (Dz. U. nr 163 poz. 1349), koszty w wysokości po 1 800 zł, ustalone koszty zastępstwa łącznie wynoszą 3 600 zł i obciążają powodów w 90 % tj. w wysokości 3 240 zł a pozwanego w 10 % tj. 360 zł. Skoro pozwany poniósł je w wysokości 1 800 zł powodowie winni mu zwrócić 1 440 zł.</xText>
          <xText>Pozwany Skarb Państwa z mocy <xLexLink xArt="art. 94" xIsapId="WDU20051671398" xTitle="Ustawa z dnia 28 lipca 2005 r. o kosztach sądowych w sprawach cywilnych" xAddress="Dz. U. z 2005 r. Nr 167, poz. 1398">art. 94 ustawy z dnia 28 lipca 2005 r. o kosztach sądowych w sprawach cywilnych</xLexLink> (Dz. U. nr 167 poz. 1398 z późn. zm.) jest zwolniony od opłat sądowych. Zasądzone na rzecz pozwanych odsetki do dnia wyrokowania wyniosły łącznie 35 371,80 zł. Powodowie przegrali postępowanie apelacyjne co do kwoty 31 790,92 zł, tj. w około 90%. Na podstawie art. 113 ust. 1 powołanej ustawy Sąd Apelacyjny nakazał ściągnąć od powodów część opłaty od apelacji, od uiszczenia której pozwany był zwolniony w tym samym stosunku (cała opłata od apelacji wynosi 5% od kwoty 35 371,80 zł = 1.768,59 zł, po zaokrągleniu do pełnych złotych na podstawie art. 21 u.k.s.c. 1 769 zł, przy czym 90% tej kwoty obciąża powodów, tj. 1 592 zł).</xText>
          
          <xText>
    Piotr Górecki  Waldemar Kryślak Jan Futro
  </xText>
        </xUnit>
      </xBlock>
    </xPart>
  </judgement>
<judgement id="155000000000503_I_ACa_000886_2012_Uz_2012-09-19_001">
    <xPart xEditorFullName="Małgorzata Kurek" xYear="2012" xLang="PL" xPublisherFullName="Monika Kurkowiak" xFromPg="1" xEditor="mkurek" xVolType="15/500000/0000503/ACa" xPublisher="mkurkowiak" xDocType="Uz" xVolNmbr="000886" xVersion="1.0" xToPage="21" xFlag="published">
      <xName>Wyrok+Uzasadnienie</xName>
      <xBlock>
        
        <xText>Sygn. akt I A Ca 886/12</xText>
        
        <xUnit xIsTitle="true" xType="part" xBold="true">
          <xName>WYROK</xName>
          <xTitle>W IMIENIU RZECZYPOSPOLITEJ POLSKIEJ</xTitle>
          <xText xALIGNx="right">Dnia 5 września 2012 r.</xText>
          
          <xText>Sąd Apelacyjny we Wrocławiu – Wydział I Cywilny w składzie:</xText>
          <xRows>
            <xRow>
              <xClmn xALIGNx="left" xVALIGNx="middle">
                <xText xALIGNx="right">Przewodniczący:</xText>
              </xClmn>
              <xClmn xALIGNx="left" xVALIGNx="middle">
                <xText>SSA Iwona Biedroń (spr.)</xText>
              </xClmn>
            </xRow>
            <xRow>
              <xClmn xALIGNx="left" xVALIGNx="top">
                <xText xALIGNx="right">Sędziowie:</xText>
              </xClmn>
              <xClmn xALIGNx="left" xVALIGNx="middle">
                <xText>SSA Beata Wolfke - Kobzar</xText>
                <xText>SSO del. Jolanta Solarz</xText>
              </xClmn>
            </xRow>
            <xRow>
              <xClmn xALIGNx="left" xVALIGNx="middle">
                <xText xALIGNx="right">Protokolant:</xText>
              </xClmn>
              <xClmn xALIGNx="left" xVALIGNx="middle">
                <xText>Katarzyna Stalewska</xText>
              </xClmn>
            </xRow>
          </xRows>
          
          <xText>po rozpoznaniu w dniu 5 września 2012 r. we Wrocławiu na rozprawie</xText>
          <xText>sprawy z powództwa <xBx><xAnon> (...) Państwowych SA</xAnon> w <xAnon>W.</xAnon></xBx></xText>
          <xText>przeciwko <xBx><xAnon>A. Ż.</xAnon></xBx></xText>
          <xText>o zapłatę</xText>
          <xText>na skutek apelacji strony powodowej</xText>
          <xText>od wyroku Sądu Okręgowego w Opolu</xText>
          <xText>z dnia 8 maja 2012 r. sygn. akt VI GC 112/11</xText>
          
          <xUnit xIsTitle="false" xType="none">
            <xName xSffx=".">1</xName>
            <xText>
              <xBx>oddala apelację; </xBx>
            </xText>
          </xUnit>
          <xUnit xIsTitle="false" xType="none">
            <xName xSffx=".">2</xName>
            <xText>
              <xBx>zasądza od strony powodowej na rzecz pozwanego 2.700 zł tytułem zwrotu kosztów postępowania apelacyjnego. </xBx>
            </xText>
          </xUnit>
        </xUnit>
        <xUnit xIsTitle="true" xType="part" xBold="true">
          <xName>UZASADNIENIE</xName>
          <xText>Zaskarżonym wyrokiem Sąd Okręgowy w Opolu oddalił powództwo, którym strona powodowa <xAnon> (...) Państwowe S.A.</xAnon> domagała się od pozwanego <xAnon>A. Ż.</xAnon> zasądzenia kwoty 417.692,29 zł na podstawie subsydiarnej odpowiedzialności pozwanego jako prezesa zarządu <xAnon> (...) spółki z o.o.</xAnon> (będącej dłużnikiem powoda) z tytułu bezskuteczności egzekucji skierowanej do majątku spółki. Nadto wyrokiem tym Sąd zasądził od strony powodowej na rzecz pozwanego kwotę 7.217 zł tytułem zwrotu kosztów procesu.</xText>
          <xText>Istotne dla rozstrzygnięcia ustalenia faktyczne, poczynione przez Sąd Okręgowy, przedstawiały się następująco.</xText>
          <xText>W dniu 27.01.2004 r. pozwany <xAnon>A. Ż.</xAnon> został powołany na stanowisko prezesa zarządu <xAnon> (...) sp. z o.o.</xAnon>, wcześniej nabywając 488 z 500 udziałów o wartości nominalnej 48.800 zł.</xText>
          <xText><xAnon> (...) S.A.</xAnon> Oddział Gospodarowania <xAnon> (...)</xAnon> we <xAnon>W.</xAnon> zawarł ze wspólnikami <xAnon> spółki cywilnej (...)</xAnon> umowę dzierżawy lokalu przy <xAnon>ul. (...)</xAnon> w <xAnon>O.</xAnon>, w którym dzierżawcy rozpoczęli prowadzenie dyskoteki. W 2004 r. w ich miejsce na mocy wzajemnego porozumienia wstąpiła <xAnon> (...) sp. z o.o.</xAnon>, której prezesem był <xAnon>A. Ż.</xAnon>. Zawarcie umowy dzierżawy uwarunkowane zostało przez stronę powodową przystąpieniem przez <xAnon> spółkę (...)</xAnon> do długu dotychczasowych dzierżawców wobec strony powodowej w kwocie 128.778,97 zł., co nastąpiło umową w dniu 29.01.2004 r. Na jej mocy <xAnon> (...) sp. z o.o.</xAnon> zobowiązała się do zapłaty tej kwoty w czterech ratach, z czego zapłaciła jedynie 25.000 zł.</xText>
          <xText>Jeszcze przed zmianą dzierżawcy, wspólnicy spółki cywilnej, rozpoczęli remont lokalu, wykonanie nowych instalacji, remont dachu, instalacji grzewczej, wentylacji, otoczenia. Po zawarciu umowy dzierżawy pomiędzy <xAnon> (...)</xAnon>, spółka ta poddzierżawiła lokal <xAnon> spółce (...)</xAnon>, która w dalszym ciągu prowadziła w nim poprzednią działalność – dyskotekę. <xAnon> Spółka (...)</xAnon> poniosła dalsze nakłady na lokal w postaci pieców do ogrzewania o wartości kilkudziesięciu tysięcy. Poddzierżawa lokalu <xAnon> spółce cywilnej (...)</xAnon> stanowiła jedyną działalność <xAnon> (...) sp. z o.o.</xAnon> W tym czasie przychód <xAnon> (...) sp. z o.o.</xAnon> kształtował się na poziomie 15.000 zł miesięcznie, przy kosztach w granicach 11.000 zł - 12.000 zł, zaś czynsz wobec <xAnon> (...)</xAnon> wynosił około 6.000 zł. Do lipca 2005 r., kiedy to <xAnon> spółka (...)</xAnon> zaczęła zalegać z opłatami, <xAnon> (...) sp. z o.o.</xAnon> na bieżąco regulowała należności czynszowe na rzecz <xAnon> (...)</xAnon>, nie uregulowała natomiast dalszej części zobowiązania z tytułu przystąpienia do długu, co nie powodowało rozwiązania umowy, a jedynie wystosowanie wezwania do zapłaty w dniu 16.01.2006 r. i 16.11.2006 r.</xText>
          <xText>Wobec trudności finansowych, związanych z zaleganiem z opłatami przez <xAnon> (...) s.c.</xAnon>, <xAnon>A. Ż.</xAnon> rozpoczął poszukiwanie nowego inwestora oraz nabywcy udziałów spółki, którym został wykonawca remontu lokalu <xAnon>T. L.</xAnon>. Przed sprzedażą udziałów <xAnon>A. Ż.</xAnon> wraz z <xAnon>T. L.</xAnon> kilkakrotnie uczestniczył w spotkaniach w biurze strony powodowej, co doprowadziło do zaakceptowania przez dyrektorkę oddziału strony powodowej propozycji nowego udziałowca dotyczącej dalszego kontynuowania umowy, co wiązało się z zadeklarowaniem dalszego remontu, pomysłu na prowadzenie przynoszącej zysk działalności oraz ze zobowiązaniem do bieżącego uiszczania należności za media i spłaty części zaległego czynszu w wysokości około 20.000 zł.</xText>
          <xText><xAnon>T. L.</xAnon> kupił od <xAnon>A. Ż.</xAnon> 488 udziałów o wartości nominalnej 48.800 zł. W dniu 29.04.2006 r. odbyło się zgromadzenie wspólników <xAnon> (...) sp. z o.o.</xAnon> Wspólnicy w osobie <xAnon>T. L.</xAnon> podjęli uchwałę o odwołaniu ze stanowiska prezesa <xAnon>A. Ż.</xAnon> oraz o powołaniu na stanowisko <xAnon>T. L.</xAnon>.</xText>
          <xText>Transakcję zbycia udziałów poprzedziło przejęcie w dniu 27.04.2006 r. majątku spółki, w oparciu o sporządzony protokół, w którym przedstawiono sytuację finansową spółki w tym jej zobowiązania na które składały się następujące kwoty: z tytułu składek na ZUS 3.6697,36 zł, z tytułu podatku PIT 4.442,70 zł, z tytułu umowy dzierżawy lokalu wobec <xAnon> (...) S.A.</xAnon> 81.078,07 zł, z tytułu dostaw energii elektrycznej wobec <xAnon> (...)</xAnon> 13.612,03 zł, za usługi księgowe 1.220 zł, z tytułu umowy leasingowej samochodu 5.753,23 zł <xAnon>O.</xAnon><xAnon> (...)</xAnon> 6.792,47 zł, a także zobowiązania wynikające z tytułu poręczeń, w tym w stosunku do <xAnon> (...) S.A.</xAnon> z tytułu przystąpienia do długu 103.778,97 zł oraz w stosunku do <xAnon> (...)</xAnon> poręczenie cywilne umowy leasingu samochodu <xAnon>P.</xAnon>. Wskazano tam również należności spółki wobec <xAnon>P. L.</xAnon> w kwocie 27.654,91 zł oraz P.W. <xAnon>(...)</xAnon> w kwocie 59.016 zł oraz będące własnością spółki urządzenia: projektor multimedialny, zestaw urządzeń świetlnych, nagłaśniających, system laserowy, urządzenia grzewcze, zestaw komputerowy, kserokopiarka, samochód <xAnon>P.</xAnon> w leasingu.</xText>
          <xText><xAnon>T. L.</xAnon> nie złożył wniosku do KRS o zmianę wpisu odnośnie osoby pełniącej funkcję prezesa zarządu. Nie złożone zostały wnioski o ujawnienie w KRS również kolejnych zmian osób pełniących funkcję prezesa, w tym powołanie w krótkim czasie po odwołaniu <xAnon>A. Ż.</xAnon> na stanowisko prezesa <xAnon>A. P.</xAnon>. <xAnon> Spółka (...)</xAnon> nie złożyła również do KRS sprawozdania finansowego za rok 2005 ani za lata następne. Ostatecznie w styczniu 2012 r. sąd rejestrowy z urzędu dokonał wpisu zmiany prezesa dokonując wykreślenia <xAnon>A. Ż.</xAnon></xText>
          <xText>Na przełomie lutego i marca 2007 r. <xAnon>T. L.</xAnon> sprzedał udziały w <xAnon> spółce (...)</xAnon>, który wraz z <xAnon>Z. J.</xAnon> poddzierżawiał lokal od czerwca-lipca 2006 r. <xAnon>W. K.</xAnon> sprzedał majątek <xAnon> spółki (...)</xAnon>.</xText>
          <xText>W dniu 7 listopada 2006 r. strona powodowa uzyskała przeciwko <xAnon>T. K.</xAnon>, <xAnon>P. L.</xAnon> oraz <xAnon> (...) sp. z o.o.</xAnon> nakaz zapłaty w sprawie sygn. akt X GNc 346/06 na kwotę 103.779,97 zł (na która złożyły się należności za czynsz dzierżawny i bezumowne korzystanie z lokalu za 2002 r. oraz 2003 r.). W dniu 5.02.2007 r. na jego podstawie strona powodowa złożyła wniosek o wszczęcie egzekucji. W toku postępowania pismem z dnia 16.02.2007 r. komornik zawiadomił wierzyciela o stanie postępowania szeroko informując o poczynionych ustaleniach wobec <xAnon>P. L.</xAnon> i <xAnon>T. K.</xAnon>. W sprawie z wniosku strony powodowej nie dokonywano czynności w siedzibie <xAnon> spółki (...)</xAnon>, a wierzyciel nie składał żadnych dalszych wniosków w sprawie egzekucji. Postępowanie egzekucyjne zostało umorzone postanowieniem z dnia 15.11.2010 r. doręczonym wierzycielowi w dniu 23.11.2010 r.</xText>
          <xText>W dniu 24 września 2007 r. strona powodowa uzyskała przeciwko <xAnon> (...) sp. z o.o.</xAnon> nakaz zapłaty w sprawie sygn. akt X GNc 274/07 na kwotę 105.097,13 zł (na którą złożyły się należności czynszowe za okres od lipca 2005 r. do października 2006 r.) Na jego podstawie strona powodowa w dniu 14.01.2008 r. złożyła wniosek o wszczęcie egzekucji. Ostatecznie po uzyskaniu niewielkiej kwoty ze sprzedanych ruchomości postanowieniem z dnia 21.11.2008 r. komornik umorzył postępowanie egzekucyjne wobec jego bezskuteczności.</xText>
          <xText>W dniu 26 lutego 2008 r. strona powodowa uzyskała przeciwko <xAnon> (...) sp. z o.o.</xAnon> w sprawie sygn. akt V GNc 414/08 nakaz zapłaty na kwotę 31.759,99 zł (na którą złożyły się należności czynszowe za okres od listopada 2006 r. do marca 2007 r.). Na jego podstawie w dniu 24.02.2010 r. strona powodowa wniosła o wszczęcie egzekucji, która to zakończyła się wydaniem przez komornika w dniu 12.05.2010 r. postanowienia o umorzeniu postępowania wobec bezskuteczności egzekucji.</xText>
          <xText>W lutym 2011 r. powód wezwał pozwanego <xAnon>A. Ż.</xAnon> do uregulowania należności z tytułów wykonawczych przeciwko <xAnon> (...) sp. z o.o.</xAnon> w kwocie 417.692,29 zł.</xText>
          <xText>W oparciu o tak dokonane ustalenia faktyczne Sąd Okręgowy uznał, że powództwo nie zasługuje uwzględnienie.</xText>
          <xText>Sąd Okręgowy uznając za zasadny pogląd o odszkodowawczym charakterze roszczenia z <xLexLink xArt="art. 299;art. 299 § 1" xIsapId="WDU20000941037" xTitle="Ustawa z dnia 15 września 2000 r. - Kodeks spółek handlowych" xAddress="Dz. U. z 2000 r. Nr 94, poz. 1037">art. 299 § 1 k.s.h.</xLexLink>, co determinowało trzyletni okres przedawnienia dochodzonego roszczenia, stanął na stanowisku, że podniesiony przez pozwanego zarzut okazał się nieskuteczny. Uznał bowiem, że niezależnie od efektywności działań komornika i wierzyciela nie można podzielić twierdzenia pozwanego, że już od momentu otrzymania pisma komornika datowanego na 16.02.2008 r. (które dotyczyło skuteczności egzekucji wobec innych dłużników, a nie <xAnon> spółki (...)</xAnon>) rozpoczął dla strony powodowej bieg terminu przedawnienia roszczenia, którego dochodzi niniejszym powództwem. Zdaniem Sądu rozpoczęcie tego terminu w realiach niniejszej sprawy wiązać należało z wydaniem pierwszego postanowienia o umorzeniu egzekucji wobec jej bezskuteczności, co nastąpiło w dniu 21.11.2008 r., co w połączeniu z datą wniesienia pozwu czyniło nieuzasadnionym twierdzenie o upływie terminu przedawnienia.</xText>
          <xText>Sąd Okręgowy stwierdził nadto, że brak podstaw do odpowiedzialności pozwanego za zobowiązania, które powstały w okresie kiedy przestał pełnić funkcję członka zarządu <xAnon> spółki (...)</xAnon>, co w świetle przedstawionych wiarygodnych dowodów tak z dokumentów jak i zeznań świadków, nastąpiło z dniem 29.04.2006 r. Sąd Okręgowy nie podzielił zarzutów strony powodowej, co do prawdziwości dokumentów – tj. protokołów zgromadzeń wspólników <xAnon> spółki (...)</xAnon> - uznając je za nieudowodnione. Za chybione uznał także zarzuty, co do nieważności uchwały o odwołaniu pozwanego z funkcji prezesa spółki, wskazując, że ewentualne wady polegające na braku tajności głosowania, braku zawiadomienia wszystkich wspólników o zgromadzeniu, mogłyby stanowić co najwyżej podstawę do zaskarżenia uchwały na podstawie odpowiednich przepisów <xLexLink xArt="" xIsapId="WDU20000941037" xTitle="Ustawa z dnia 15 września 2000 r. - Kodeks spółek handlowych" xAddress="Dz. U. z 2000 r. Nr 94, poz. 1037">k.s.h.</xLexLink> Wady te, nawet gdyby istniały nie mogły zdaniem Sądu stanowić uzasadnionej podstawy do twierdzenia o nieistnieniu uchwał.</xText>
          <xText>Nadto w ocenie Sądu Okręgowego także żądanie strony powodowej obejmujące wierzytelności wobec <xAnon> spółki (...)</xAnon> powstałe w czasie gdy pozwany był prezesem zarządu, podlegało oddaleniu wobec wykazania przesłanki egzogeneracyjnej wskazanej w <xLexLink xArt="art. 299;art. 299 § 2" xIsapId="WDU20000941037" xTitle="Ustawa z dnia 15 września 2000 r. - Kodeks spółek handlowych" xAddress="Dz. U. z 2000 r. Nr 94, poz. 1037">art. 299 § 2 k.s.h.</xLexLink> Sąd Okręgowy stanął na stanowisku, że pozwany wykazał, iż nawet gdyby wniosek o ogłoszenie upadłości został złożony, nie doszłoby do zaspokojenia strony powodowej (co oznaczało, iż stronie powodowej nie została poprzez niezłożenie wniosku o upadłość wyrządzona szkoda – rozumiana jako uszczerbek dla wierzyciela wynikający z porównania rzeczywiście zaistniałej sytuacji z hipotetyczną sytuacją, w której członkowie zarządu zgłosili we właściwym czasie stosowny wniosek), zaś strona powodowa nie wykazała, że w wyniku zaniechania zgłoszenia we właściwym czasie wniosku o ogłoszenie upadłości spółki zmniejszył się majątek masy upadłości i wskutek tego w podziale funduszów masy nie otrzymał on nic albo otrzymał mniej, niżby na niego przypadało, gdyby wniosek był zgłoszony we właściwym czasie.</xText>
          <xText>Powyższe (brak zaistnienia szkody) Sąd Okręgowy wiązał też z oceną, że ustalony stan majątkowy spółki (gdzie jedynym przychodem spółki był czynsz dzierżawny) świadczył, iż spółka od samego początku współpracy ze stroną powodowa tj. od momentu przystąpienia do długu <xAnon> (...) spółki (...)</xAnon> była praktycznie niewypłacalna. Sąd Okręgowy uznał nadto, że brak możliwości dostępu do dokumentacji księgowej spółki nie pozwalał na precyzyjne ustalenie, czy i w jakiej dacie <xAnon> spółka (...)</xAnon> winna była złożyć wniosek o ogłoszenie upadłości (za które to zaniedbanie pozwany mógłby odpowiadać), co jednak nie mogło obciążać pozwanego.</xText>
          <xText>Nadto Sąd stwierdził, że dochodzenie od pozwanego <xAnon>A. Ż.</xAnon> odszkodowania na podstawie <xLexLink xArt="art. 299" xIsapId="WDU20000941037" xTitle="Ustawa z dnia 15 września 2000 r. - Kodeks spółek handlowych" xAddress="Dz. U. z 2000 r. Nr 94, poz. 1037">art. 299 k.s.h.</xLexLink> przez stronę powodową stanowi nadużycie prawa i jako takie nie może podlegać ochronie zgodnie z <xLexLink xArt="art. 5" xIsapId="WDU19640160093" xTitle="Ustawa z dnia 23 kwietnia 1964 r. - Kodeks cywilny" xAddress="Dz. U. z 1964 r. Nr 16, poz. 93">art. 5 k.c.</xLexLink> Za takim stanowiskiem przemawiał w ocenie Sądu Okręgowego ustalony niezbicie w oparciu o materiał dowodowy fakt, posiadania przez stronę powodową wiedzy (w tym zwłaszcza w okresie zmian własnościowych i zmian na stanowisku prezesa w 2006 r.) o trudnościach <xAnon> (...) spółki (...)</xAnon> (zaleganie z zapłatą czynszu), a mimo to decydowanie się na kontynuowanie współpracy. W kontekście tych działań, zdaniem Sądu Okręgowego nieuzasadnione jest w świetle <xLexLink xArt="art. 5" xIsapId="WDU19640160093" xTitle="Ustawa z dnia 23 kwietnia 1964 r. - Kodeks cywilny" xAddress="Dz. U. z 1964 r. Nr 16, poz. 93">art. 5 k.c.</xLexLink> żądanie obecnie odszkodowania od członka zarządu, który przestał nim być kilka lat temu, a w dodatku nie miał wpływu na możliwość zaspokojenia się przez stronę powodową, w toku prowadzonych egzekucji, w trakcie których wykazywała bierność i brak zainteresowania w uzyskaniu zaspokojenia, co w efekcie doprowadziło od bezskuteczności egzekucji prowadzonych przeciwko spółce.</xText>
          <xText>Orzeczenie o kosztach procesu Sąd pierwszej instancji oparł na przepisach <xLexLink xArt="art. 98" xIsapId="WDU19640430296" xTitle="Ustawa z dnia 17 listopada 1964 r. - Kodeks postępowania cywilnego" xAddress="Dz. U. z 1964 r. Nr 43, poz. 296">art. 98 k.p.c.</xLexLink></xText>
          <xText>Od powyższego wyroku apelację wywiodła strona powodowa, zaskarżając go w części, tj. co do oddalenia powództwa w zakresie kwoty 171.194,56 zł podnosząc zarzut naruszenia:</xText>
          <xText>1. <xLexLink xArt="art. 299;art. 299 § 1" xIsapId="WDU20000941037" xTitle="Ustawa z dnia 15 września 2000 r. - Kodeks spółek handlowych" xAddress="Dz. U. z 2000 r. Nr 94, poz. 1037">art. 299 § 1 k.s.h.</xLexLink> w zw. z <xLexLink xArt="art. 415" xIsapId="WDU19640160093" xTitle="Ustawa z dnia 23 kwietnia 1964 r. - Kodeks cywilny" xAddress="Dz. U. z 1964 r. Nr 16, poz. 93">art. 415 k.c.</xLexLink> poprzez ich niezastosowanie w warunkach, gdy zachodzą przesłanki odpowiedzialności członka zarządu za zobowiązania spółki z tytułu bezskutecznej egzekucji skierowanej do jej majątku,</xText>
          <xText>2. <xLexLink xArt="art. 299;art. 299 § 1;art. 299 § 2" xIsapId="WDU20000941037" xTitle="Ustawa z dnia 15 września 2000 r. - Kodeks spółek handlowych" xAddress="Dz. U. z 2000 r. Nr 94, poz. 1037">art. 299 § 1 i 2 k.s.h.</xLexLink> w zw. z <xLexLink xArt="art. 415" xIsapId="WDU19640160093" xTitle="Ustawa z dnia 23 kwietnia 1964 r. - Kodeks cywilny" xAddress="Dz. U. z 1964 r. Nr 16, poz. 93">art. 415 k.c.</xLexLink> poprzez jego nieprawidłową interpretację i przyjęcie, że powód w warunkach wskazanych norm prawnych winien wykazać, że szkoda powstała wskutek zaniechania złożenia wniosku o ogłoszenie upadłości we właściwym czasie, gdy z przedmiotowych norm prawnych wynika tzw. domniemanie zawinienia członka zarządu w zakresie wyrządzenia szkody w warunkach bezskuteczności egzekucji wobec podmiotu, którym zarządza,</xText>
          <xText>3. <xLexLink xArt="art. 299;art. 299 § 2" xIsapId="WDU20000941037" xTitle="Ustawa z dnia 15 września 2000 r. - Kodeks spółek handlowych" xAddress="Dz. U. z 2000 r. Nr 94, poz. 1037">art. 299 § 2 k.s.h.</xLexLink> poprzez jego nieprawidłowe zastosowanie w warunkach braku wykazania przez pozwanego, że wystąpiły przesłanki wyłączającego jego odpowiedzialnością a zwłaszcza, że nie wystąpiła szkoda po stronie powoda,</xText>
          <xText>4. <xLexLink xArt="art. 5" xIsapId="WDU19640160093" xTitle="Ustawa z dnia 23 kwietnia 1964 r. - Kodeks cywilny" xAddress="Dz. U. z 1964 r. Nr 16, poz. 93">art. 5 k.c.</xLexLink> poprzez jego niezasadne zastosowanie i przyjęcie, że wiedza powoda o problemach <xAnon> (...) sp. z o.o.</xAnon> w <xAnon>O.</xAnon>, w tym nie złożenie wniosku o ogłoszenie upadłości przez wierzyciela, czy nie wskazanie majątku, do którego należy skierować egzekucję stanowią okoliczności uzasadniające uznanie, że żądanie odszkodowawczego wobec członka zarządu za zobowiązania z <xLexLink xArt="art. 299;art. 299 § 1" xIsapId="WDU20000941037" xTitle="Ustawa z dnia 15 września 2000 r. - Kodeks spółek handlowych" xAddress="Dz. U. z 2000 r. Nr 94, poz. 1037">art. 299 § 1 k.s.h.</xLexLink> jest nadużyciem prawa podmiotowego oraz powołanie się przez Sąd na ww. normę w warunkach braku zarzutu strony pozwanej w tym zakresie,</xText>
          <xText>5. <xLexLink xArt="art. 58;art. 58 § 1" xIsapId="WDU19640160093" xTitle="Ustawa z dnia 23 kwietnia 1964 r. - Kodeks cywilny" xAddress="Dz. U. z 1964 r. Nr 16, poz. 93">art. 58 § 1 k.c.</xLexLink> w związku z <xLexLink xArt="art. 247;art. 247 § 2" xIsapId="WDU20000941037" xTitle="Ustawa z dnia 15 września 2000 r. - Kodeks spółek handlowych" xAddress="Dz. U. z 2000 r. Nr 94, poz. 1037">art. 247 § 2 k.s.h.</xLexLink> poprzez jego niezastosowanie, w warunkach, gdy z zeznań świadka <xAnon>T. L.</xAnon> wynika, że dokument w postaci protokołu ze zgromadzenia wspólników z dnia 29.04.2006 r. był już gotowy, świadek jako przewodniczący zgromadzenia jedynie go podpisał oraz nie zachowano formy głosowania tajnego nad wnioskiem o odwołanie członka zarządu,</xText>
          <xText>6. <xLexLink xArt="art. 233;art. 233 § 1" xIsapId="WDU19640430296" xTitle="Ustawa z dnia 17 listopada 1964 r. - Kodeks postępowania cywilnego" xAddress="Dz. U. z 1964 r. Nr 43, poz. 296">art. 233 § 1 k.p.c.</xLexLink> poprzez naruszenie zasady swobodnej oceny dowodów i przyjęcie, że nie wykazano w toku procesu, iż uchwała nr 2 Zgromadzenia Wspólników <xAnon> Spółki (...) sp. z o.o.</xAnon> w <xAnon>O.</xAnon> jest nieważna, w świetle zeznań świadka <xAnon>T. L.</xAnon>, który był udziałowcem i przewodniczącym tegoż zgromadzenia,</xText>
          <xText>7. <xLexLink xArt="art. 233;art. 233 § 1" xIsapId="WDU19640430296" xTitle="Ustawa z dnia 17 listopada 1964 r. - Kodeks postępowania cywilnego" xAddress="Dz. U. z 1964 r. Nr 43, poz. 296">art. 233 § 1 k.p.c.</xLexLink> poprzez naruszenie zasady swobodnej oceny dowodów i sprzeczność ustaleń Sądu z zebranym w sprawie materiałem dowodowym poprzez przyjęcie, że w chwili przejmowania przez <xAnon> firmę (...) sp. z o.o.</xAnon> w <xAnon>O.</xAnon> przedmiotu najmu od poprzednich najemców oraz w chwili zawarcia umowy o przystąpienie do długu <xAnon> (...) sp. z o.o.</xAnon> w <xAnon>O.</xAnon> był już podmiotem niewypłacalnym, nie posiadającym zdolności do uregulowania należności z tytułu przystąpienia do długu oraz dalszych należności czynszowych, gdy zgodnie z ustaleniami Sądu dopiero w połowie 2005 r. doszło do zaległości podnajemcy wobec <xAnon> spółki (...) sp. z o.o.</xAnon> a nadto brak jest wykazania jaki majątek spółka posiadała w chwili zawarcia umowy najmu,</xText>
          <xText>8. <xLexLink xArt="art. 233;art. 233 § 1" xIsapId="WDU19640430296" xTitle="Ustawa z dnia 17 listopada 1964 r. - Kodeks postępowania cywilnego" xAddress="Dz. U. z 1964 r. Nr 43, poz. 296">art. 233 § 1 k.p.c.</xLexLink> poprzez naruszenie zasady swobodnej oceny dowodów i sprzeczność ustaleń Sądu z zebranym w sprawie materiałem dowodowym poprzez przyjęcie, że mimo uzyskiwania przez <xAnon> spółkę (...) sp. z o.o.</xAnon> miesięcznego przychodu w wysokości 15.000 zł przy kosztach 11.000 zł. nie była w stanie uregulować zobowiązań wobec powoda, a nadto pominięcie zeznań pozwanego, który wskazywał, że <xAnon> spółka (...) sp. z o.o.</xAnon> płaciła swoje należności na rzecz <xAnon> (...)</xAnon> na bieżąco oraz że majątek spółki znacznie przewyższał wartość zobowiązań, co warunkuje, że nie zachodziły przesłanki ogłoszenia upadłości tego podmiotu w pierwszym okresie współpracy.</xText>
          <xText>W oparciu o powyższe zarzuty strona powodowa wniosła o:</xText>
          <xText>- zmianę zaskarżonego wyroku w pkt 1 przez zasądzenie na rzecz strony powodowej kwoty 171.194,45 zł wraz z ustawowymi odsetkami od dnia wniesienia pozwu do dnia zapłaty,</xText>
          <xText>- zmianę zaskarżonego wyroku w pkt 2 przez zasądzenie od pozwanego na rzecz strony powodowej kosztów postępowania pierwszo-instancyjnego, w tym kosztów zastępstwa procesowego wg norm przepisanych,</xText>
          <xText>- zasądzenie od pozwanego na swoją rzecz kosztów postępowania apelacyjnego. w tym kosztów zastępstwa procesowego wg norm przepisanych.</xText>
          <xText>W toku rozprawy apelacyjnej strona powodowa sprecyzowała, że na wskazaną apelacją zaskarżoną część wyroku składają się kwoty, które stały się wymagalne przed dniem 29.04.2006 r., tj. przed datą odwołania pozwanego z funkcji prezesa zarządu <xAnon> (...) sp. z o.o.</xAnon></xText>
          <xText>Pozwany wniósł o oddalenie apelacji i o zasądzenie od strony powodowej na swoją rzecz kosztów postępowania apelacyjnego. W uzasadnieniu skarżący wskazał na zasadność wyroku, przy czym zakwestionował stanowisko Sądu I instancji w zakresie braku uwzględnienia zarzutu przedawnienia roszczenia.</xText>
          
          <xText>
            <xBx>Sąd Apelacyjny zważył, co następuje:</xBx>
          </xText>
          
          <xText>Apelacja strony powodowej nie zasługiwała na uwzględnienie.</xText>
          <xText>Podkreślenia wymaga, że w ocenie Sądu Apelacyjnego powództwo podlegało oddaleniu, lecz z innych motywów niż te wyeksponowane przez Sąd I instancji.</xText>
          <xText>Na wstępie wskazać należało, że Sąd Apelacyjny podzielił ustalenia faktyczne (które wyraźnie oddzielić należało od ich ocen i interpretacji) dokonane w sprawie przez Sąd Okręgowy czyniąc je podstawą swojego orzeczenia. W ocenie Sądu Apelacyjnego poczynione przez Sąd Okręgowy ustalenia były pełne i wystarczające, dla rozstrzygnięcia przedmiotowej sprawy, a tym samym nie wymagały w żadnej mierze uzupełnienia. Jednocześnie Sąd Apelacyjny doszedł do przekonania, że na podstawie przeprowadzonego postępowania dowodowego i zgromadzonych dowodów, Sąd Okręgowy wywiódł w części błędne wnioski, które w konsekwencji doprowadziły go do wskazania jako podstaw oddalenia powództwa niewłaściwych okoliczności i nieuzasadnionych twierdzeń.</xText>
          <xText>W pierwszej kolejności ustosunkowania się przez Sąd Apelacyjny wymagały zarzuty dotyczące naruszenia przepisów prawa procesowego, gdyż ocena prawidłowości zastosowanych przepisów prawa materialnego może zostać dokonana jedynie po uprzednim stwierdzeniu, że ustalenia faktyczne, stanowiące podstawę wydania zaskarżonego wyroku, zostały poczynione zgodnie z obowiązującą procedurą. Przy czym rozpoznanie tych zarzutów wymagało uprzedniego poczynienia uwag natury ogólnej. Zarzuty naruszenia przepisów postępowania - zasady naruszenia swobodnej (<xLexLink xArt="art. 233;art. 233 § 1" xIsapId="WDU19640430296" xTitle="Ustawa z dnia 17 listopada 1964 r. - Kodeks postępowania cywilnego" xAddress="Dz. U. z 1964 r. Nr 43, poz. 296">art. 233 § 1 k.p.c.</xLexLink>) oceny dowodów koncentrowały się w istocie na dwóch kwestiach: błędnej oceny przez Sąd Okręgowy, że nie wykazano w toku procesu, że uchwała odwołująca pozwanego z funkcji prezesa zarządu była nieważna oraz przyjęcia wbrew poczynionym ustaleniem, że w chwili przejęcia przez <xAnon> (...) sp. z o.o.</xAnon> dzierżawy lokalu, a także w okresie późniejszym <xAnon> spółka (...)</xAnon> nie była w stanie regulować swoich zobowiązań. Podkreślenia wymaga, że w ocenie Sądu Apelacyjnego zarzuty te stanowiły w istocie rozwinięcie zarzutów naruszenia prawa materialnego, tj. naruszenia <xLexLink xArt="art. 58;art. 58 § 1" xIsapId="WDU19640160093" xTitle="Ustawa z dnia 23 kwietnia 1964 r. - Kodeks cywilny" xAddress="Dz. U. z 1964 r. Nr 16, poz. 93">art. 58 § 1 k.c.</xLexLink> w zw. z <xLexLink xArt="art. 247;art. 247 § 2" xIsapId="WDU20000941037" xTitle="Ustawa z dnia 15 września 2000 r. - Kodeks spółek handlowych" xAddress="Dz. U. z 2000 r. Nr 94, poz. 1037">art. 247 § 2 k.s.h.</xLexLink> oraz <xLexLink xArt="art. 299;art. 299 § 1;art. 299 § 2" xIsapId="WDU20000941037" xTitle="Ustawa z dnia 15 września 2000 r. - Kodeks spółek handlowych" xAddress="Dz. U. z 2000 r. Nr 94, poz. 1037">299 § 1 i 2 k.s.h.</xLexLink> i <xLexLink xArt="art. 5" xIsapId="WDU19640160093" xTitle="Ustawa z dnia 23 kwietnia 1964 r. - Kodeks cywilny" xAddress="Dz. U. z 1964 r. Nr 16, poz. 93">art. 5 k.c.</xLexLink>, zwłaszcza że skarżący nie podważał oceny dowodów dokonanej przez Sąd I instancji, a jedynie ocenę ustalonych faktów. Tak postawione zarzuty nie mogły odnieść zamierzonego skutku w postaci uznania, że poczynione przez Sąd Okręgowy ustalenia faktyczne dokonane zostały z naruszeniem przepisów postępowania. Przy czym w przypadku pierwszego z nich, dodatkowym argumentem były wskazane przez stronę powodową granice zaskarżenia (z których wynikało, zaakceptowanie faktu skutecznego odwołania powoda funkcji prezesa). W przypadku zaś drugiego zarzutu (wadliwa ocena stanu majątkowego <xAnon> (...) sp. z o.o.</xAnon>) niebagatelnego znaczenia nabierał fakt, że oceny zaprezentowanej (będącej jednak wynikiem prawidłowych ustaleń faktycznych) przez Sąd Okręgowy Sąd Apelacyjny nie podzielił. Nie mniej jednak, mimo wadliwie podniesionego zarzutu konieczne było skontrolowanie dokonanych przez Sąd ustaleń faktycznych i dokonanej oceny zgromadzonego materiału dowodowego. W ocenie Sądu Apelacyjnego nie sposób było dostrzec w działaniu Sądu I instancji naruszenia przepisu <xLexLink xArt="art. 233;art. 233 § 1" xIsapId="WDU19640430296" xTitle="Ustawa z dnia 17 listopada 1964 r. - Kodeks postępowania cywilnego" xAddress="Dz. U. z 1964 r. Nr 43, poz. 296">art. 233 § 1 k.p.c.</xLexLink> poprzez dowolną ocenę dowodów zgromadzonych w sprawie. Podkreślenia w tym miejscu wymaga, że <xLexLink xArt="art. 233;art. 233 § 1" xIsapId="WDU19640430296" xTitle="Ustawa z dnia 17 listopada 1964 r. - Kodeks postępowania cywilnego" xAddress="Dz. U. z 1964 r. Nr 43, poz. 296">art. 233 § 1 k.p.c.</xLexLink> przyznaje sądowi swobodę w ocenie zebranego w sprawie materiału dowodowego, a zarzut naruszenia tego uprawnienia tylko wtedy może być uznany za usprawiedliwiony, jeżeli sąd zaprezentuje rozumowanie sprzeczne z regułami logiki, z zasadami wiedzy, bądź z doświadczeniem życiowym. Takich uchybień w zakresie oceny zgromadzonego materiału dowodowego i poczynionych w oparciu o tą ocenę ustaleń faktycznych w niniejszej sprawie dostrzec nie sposób (nie wskazał ich w istocie również skarżący), a tym samym ocena zgromadzonych dowodów pozostawała pod ochroną zasady swobodnej oceny dowodów wyrażonej w treści <xLexLink xArt="art. 233;art. 233 § 1" xIsapId="WDU19640430296" xTitle="Ustawa z dnia 17 listopada 1964 r. - Kodeks postępowania cywilnego" xAddress="Dz. U. z 1964 r. Nr 43, poz. 296">art. 233 § 1 k.p.c.</xLexLink></xText>
          <xText>Następnie jako w pierwsza w kolejności, przed zarzutami naruszenia prawa materialnego, rozważenia wymagała kwestia prawidłowości oceny przez Sąd Okręgowy skuteczności zarzutu przedawnienia roszczenia podniesionego przez pozwanego w toku procesu jako najdalej idącego. Ewentualne bowiem skuteczne podniesienie zarzutu przedawnienia rodziło konieczność oddalenia powództwa, bez konieczności analizowania przesłanek odpowiedzialności członków zarządu, domniemań z nią związanych oraz weryfikowania wysokości kwotowej roszczenia objętego pozwem. Sąd Apelacyjny podzielił w pełni stanowisko Sądu Okręgowego o braku skuteczności zarzutu przedawnienia, jako znajdujące oparcie tak w okolicznościach sprawy, jak i stanowisku doktryny i judykatury. Bezspornym był fakt, że strona powodowa wywiodła swe roszczenie z przepisu <xLexLink xArt="art. 299;art. 299 § 1" xIsapId="WDU20000941037" xTitle="Ustawa z dnia 15 września 2000 r. - Kodeks spółek handlowych" xAddress="Dz. U. z 2000 r. Nr 94, poz. 1037">art. 299 § 1 k.s.h.</xLexLink>, zgodnie z którym, jeżeli egzekucja przeciwko spółce okaże się bezskuteczna, członkowie zarządu odpowiadają solidarnie za jej zobowiązania. Jak wypowiedział się Sąd Najwyższy (uchwała 7 sędziów z dnia 07.11.2008 r., III CZP 72/08, OSNC 2009/2/20), które to stanowisko Sąd Apelacyjny w pełni podziela, do roszczeń wierzycieli spółki z ograniczoną odpowiedzialnością przeciwko członkom jej zarządu (<xLexLink xArt="art. 299" xIsapId="WDU20000941037" xTitle="Ustawa z dnia 15 września 2000 r. - Kodeks spółek handlowych" xAddress="Dz. U. z 2000 r. Nr 94, poz. 1037">art. 299 k.s.h.</xLexLink>) mają zastosowanie przepisy o przedawnieniu roszczeń o naprawienie szkody wyrządzonej czynem niedozwolonym. Konsekwencją powyższego musi być zatem to, że początek terminu przedawnienia roszczenia opartego na <xLexLink xArt="art. 299;art. 299 § 1" xIsapId="WDU20000941037" xTitle="Ustawa z dnia 15 września 2000 r. - Kodeks spółek handlowych" xAddress="Dz. U. z 2000 r. Nr 94, poz. 1037">art. 299 § 1 k.s.h.</xLexLink>, mając na uwadze treść <xLexLink xArt="art. 442(1);art. 442(1) § 1" xIsapId="WDU19640430296" xTitle="Ustawa z dnia 17 listopada 1964 r. - Kodeks postępowania cywilnego" xAddress="Dz. U. z 1964 r. Nr 43, poz. 296">art. 442<xSUPx>1 </xSUPx>§ 1 k.p.c.</xLexLink> wiązać należy z dniem dowiedzenia się uprawnionego o szkodzie, którą utożsamiać należy z bezskutecznością egzekucji wobec spółki. Nie budzi wątpliwości, w świetle stanowiska doktryny i judykatury, iż „<xIx>Bezskuteczność egzekucji jako przesłanka odpowiedzialności członków zarządu spółki z ograniczoną odpowiedzialnością za jej zobowiązania może być wykazana za pomocą różnych środków dowodowych i nie jest konieczne jej stwierdzenie w postępowaniu egzekucyjnym</xIx> (po r. wyrok Sądu Najwyższego z dnia 26 sierpnia 2009 r. I CSK 34/09 opubl. OSNC - <xLexLink xArt="art. 442(1) zd. 2010/2" xIsapId="WDU19640430296" xTitle="Ustawa z dnia 17 listopada 1964 r. - Kodeks postępowania cywilnego" xAddress="Dz. U. z 1964 r. Nr 43, poz. 296">ZD 2010/2</xLexLink>/57), co odnosić należy także do powzięcia wiedzy przez wierzyciela o bezskuteczności egzekucji. Przyjąć należy również, że informacje wskazujące na niemożność uzyskania zaspokojenia z majątku dłużnej spółki (a więc na ową bezskuteczność), uzyskane przed umorzeniem postępowania z powodu bezskuteczności egzekucji, muszą być na tyle istotne, by z obiektywnego punktu widzenia stwarzały wierzycielowi podstawę do odpowiedniej konkluzji odnośnie wyrządzenia szkody w jego mieniu. Reasumując stwierdzić trzeba, że postanowienie organu egzekucyjnego o umorzeniu postępowania stanowić będzie w większości wypadków dowód powzięcia przez wierzyciela wiedzy o bezskuteczności egzekucji, jednak wydanie takiego postanowienia nie stanowi warunku niezbędnego do przyjęcia, iż wierzyciel dowiedział się o szkodzie, a możliwe jest wykazanie, że wiedzę taką wierzyciel powziął wcześniej na podstawie innych okoliczności.</xText>
          <xText>Przenosząc powyższe rozważania na realia niniejszej sprawy wskazać należało, że słusznie Sąd Okręgowy nie uwzględnił podniesionego zarzutu przedawnienia. Jak trafnie Sąd Okręgowy zauważył, z wskazywanych przez pozwanego okoliczności nie sposób było skutecznie wywodzić, że strona powodowa powzięła wiedzę o swojej szkodzie (bezskuteczności egzekucji) już z otrzymaniem pisma komornika datowanego na 16.02.2007 r. Zgodzić się należało z Sądem Okręgowym, że zawarta w tym piśmie informacja (kierowana do strony powodowej) o stanie postępowania egzekucyjnego w sprawie GNc 346/09, w zakresie jego skuteczności, dotyczyła nie <xAnon> (...) sp. z o.o.</xAnon> a będących również dłużnikami strony powodowej, na podstawie tego samego tytułu wykonawczego, <xAnon>P. L.</xAnon> i <xAnon>T. K.</xAnon>, o czym dobitnie świadczył fakt, że wskazywano tam na toczące się postępowania egzekucyjne w zakresie obowiązku alimentacyjnego. Niewystarczające dla przyjęcia, że od tego momentu strona pozwana miała wiedzę o bezskuteczności egzekucji wobec <xAnon>G.</xAnon>, było zawarte we wskazanym piśmie zdanie, informujące o zwróceniu się przez komornika do urzędu skarbowego o informacje o <xAnon> spółce (...)</xAnon>. Podobnie za niewystarczające do przyjęcia wiedzy wierzyciela o szkodzie były wskazywane przez pozwanego, a także akcentowane przez Sąd Okręgowy, bierność komornika i strony powodowej w toku egzekucji. Skoro zatem pozwany nie przedstawił przekonujących dowodów świadczących, o wcześniejszej wiedzy strony powodowej o bezskuteczności egzekucji wobec <xAnon> (...) sp. z o.o.</xAnon>, zasadne było przyjęcie, że wiedzę tą strona powodowa powzięła dopiero w chwili wydania przez organ egzekucyjny pierwszego postanowienia o umorzeniu egzekucji wobec jej bezskuteczności wobec <xAnon> (...) sp. z o.o.</xAnon>, co nastąpiło w dniu 21.11.2008 r. (w sprawie Km 115/08). Złożenie zatem przez stronę powodową pozwu w dniu 19.07.2011 r. nastąpiło niewątpliwie przed upływem 3-letniego terminu i czyniło zarzut pozwanego o przedawnieniu roszczenia nieuzasadnionym.</xText>
          <xText>Jako następne w kolejności rozważenia wymagały zarzuty naruszenia prawa materialnego a to <xLexLink xArt="art. 299;art. 299 § 1;art. 299 § 2" xIsapId="WDU20000941037" xTitle="Ustawa z dnia 15 września 2000 r. - Kodeks spółek handlowych" xAddress="Dz. U. z 2000 r. Nr 94, poz. 1037">art. 299 § 1 i 2 k.s.h.</xLexLink> oraz <xLexLink xArt="art. 58;art. 58 § 1" xIsapId="WDU19640160093" xTitle="Ustawa z dnia 23 kwietnia 1964 r. - Kodeks cywilny" xAddress="Dz. U. z 1964 r. Nr 16, poz. 93">art. 58 § 1 k.c.</xLexLink> w zw. z <xLexLink xArt="art. 247;art. 247 § 2" xIsapId="WDU20000941037" xTitle="Ustawa z dnia 15 września 2000 r. - Kodeks spółek handlowych" xAddress="Dz. U. z 2000 r. Nr 94, poz. 1037">art. 247 § 2 k.s.h.</xLexLink> Podkreślenia wymagało, że zarzut naruszenia <xLexLink xArt="art. 58;art. 58 § 1" xIsapId="WDU19640160093" xTitle="Ustawa z dnia 23 kwietnia 1964 r. - Kodeks cywilny" xAddress="Dz. U. z 1964 r. Nr 16, poz. 93">art. 58 § 1 k.c.</xLexLink> w zw. z <xLexLink xArt="art. 247;art. 247 § 2" xIsapId="WDU20000941037" xTitle="Ustawa z dnia 15 września 2000 r. - Kodeks spółek handlowych" xAddress="Dz. U. z 2000 r. Nr 94, poz. 1037">art. 247 § 2 k.s.h.</xLexLink> był nie tylko niezrozumiały, ale i w istocie, w świetle wskazanych przez stronę powodową granic zaskarżenia, bezprzedmiotowy skoro na zaskarżoną część orzeczenia złożyła się, jak wskazał na rozprawie pełnomocnik strony powodowej, jedynie ta część roszczenia odnosząca się do wierzytelności bezspornie powstałych w czasie, kiedy pozwany faktycznie sprawował funkcję prezesa zarządu <xAnon> (...) sp. z o.o.</xAnon> Zakres zaskarżenia czynił więc w pełni uzasadnionym twierdzenie, że strona powodowa w istocie na obecnym etapie sprawy nie kwestionowała faktu skutecznego zaprzestania z dniem 29.04.2006 r. pełnienia przez pozwanego funkcji prezesa zarządu.</xText>
          <xText>Abstrahując jednak od wyżej wskazanej niekonsekwencji strony powodowej, zarzut ten nie był uzasadniony. Godzi się zauważyć, że podważenie uchwały zgromadzenia wspólników może nastąpić w dwojakiej formie: albo przez powództwo o jej uchylenie (<xLexLink xArt="art. 249;art. 249 § 1" xIsapId="WDU20000941037" xTitle="Ustawa z dnia 15 września 2000 r. - Kodeks spółek handlowych" xAddress="Dz. U. z 2000 r. Nr 94, poz. 1037">art. 249 §1 k.s.h.</xLexLink>) lub też powództwo o stwierdzenie jej nieważności (<xLexLink xArt="art. 252" xIsapId="WDU20000941037" xTitle="Ustawa z dnia 15 września 2000 r. - Kodeks spółek handlowych" xAddress="Dz. U. z 2000 r. Nr 94, poz. 1037">art. 252 k.s.h.</xLexLink>). Oznacza to, że bez uchylenia lub unieważnienia ich w przewidzianym prawem trybie, skutecznie funkcjonują w obrocie i wywołują skutki prawne (po r. wyrok SN z dnia 28.09.2011 r., I CSK 710/10, Biul. SN 2011/12/10). Sąd Apelacyjny podziela także, wyrażone w przywołanym orzeczeniu stanowisko Sądu Najwyższego, z którego wynika, że: „<xIx>Zawarte w <xLexLink xArt="" xIsapId="WDU20000941037" xTitle="Ustawa z dnia 15 września 2000 r. - Kodeks spółek handlowych" xAddress="Dz. U. z 2000 r. Nr 94, poz. 1037">k.s.h.</xLexLink> przepisy dotyczące zaskarżania uchwał organów właścicielskich spółek kapitałowych (<xLexLink xArt="art. 249;art. 250;art. 251;art. 252;art. 253;art. 254" xIsapId="WDU20000941037" xTitle="Ustawa z dnia 15 września 2000 r. - Kodeks spółek handlowych" xAddress="Dz. U. z 2000 r. Nr 94, poz. 1037">art. 249-254 k.s.h.</xLexLink> w odniesieniu do uchwał zgromadzenia wspólników spółki z o.o. oraz <xLexLink xArt="art. 422;art. 423;art. 424;art. 425;art. 426;art. 427" xIsapId="WDU20000941037" xTitle="Ustawa z dnia 15 września 2000 r. - Kodeks spółek handlowych" xAddress="Dz. U. z 2000 r. Nr 94, poz. 1037">art. 422-427 k.s.h.</xLexLink> w odniesieniu do uchwał walnego zgromadzenia akcjonariuszy) w sposób kompleksowy pod względem podmiotowym i przedmiotowych ujmują regulację kwestionowania prawidłowości uchwał organów stanowiących spółek kapitałowych, zarówno pod kątem ich zgodności z umową (statutem) spółki bądź dobrymi obyczajami (powództwo o uchylenie uchwały), jak i zgodności z przepisami ustawy (powództwo o stwierdzenie nieważności uchwały). Konstatacja, iż <xLexLink xArt="" xIsapId="WDU20000941037" xTitle="Ustawa z dnia 15 września 2000 r. - Kodeks spółek handlowych" xAddress="Dz. U. z 2000 r. Nr 94, poz. 1037">k.s.h.</xLexLink> w sposób kompleksowy określa skutki sprzeczności uchwały organu stanowiącego spółki kapitałowej z ustawą, wbrew odmiennym twierdzeniom skarżącego, <xUx>wyklucza możliwość stosowania wprost do oceny takich uchwał <xLexLink xArt="art. 58;art. 58 § 1" xIsapId="WDU19640160093" xTitle="Ustawa z dnia 23 kwietnia 1964 r. - Kodeks cywilny" xAddress="Dz. U. z 1964 r. Nr 16, poz. 93">art. 58§1 k.c.</xLexLink> w oparciu o odesłanie wynikające z </xUx><xLexLink xArt="art. 2" xIsapId="WDU20000941037" xTitle="Ustawa z dnia 15 września 2000 r. - Kodeks spółek handlowych" xAddress="Dz. U. z 2000 r. Nr 94, poz. 1037"><xUx>art. 2 k.s.h. </xUx>Kodeks spółek handlowych</xLexLink> w <xLexLink xArt="art. 252;art. 252 § 1" xIsapId="WDU20000941037" xTitle="Ustawa z dnia 15 września 2000 r. - Kodeks spółek handlowych" xAddress="Dz. U. z 2000 r. Nr 94, poz. 1037">art. 252 § 1 k.s.h.</xLexLink> oraz w <xLexLink xArt="art. 425;art. 425 § 1" xIsapId="WDU20000941037" xTitle="Ustawa z dnia 15 września 2000 r. - Kodeks spółek handlowych" xAddress="Dz. U. z 2000 r. Nr 94, poz. 1037">art. 425 § 1 k.s.h.</xLexLink> statuuje bowiem Samodzielną podstawę materialnoprawną stwierdzenia nieważności uchwał organów właścicielskich spółek kapitałowych w przypadku ich sprzeczności z ustawą</xIx>”. Wskazać wreszcie należy, że zarzut ten, sprowadzający się do próby wykazania nieważności uchwały o odwołaniu pozwanego z funkcji prezesa zarządu <xAnon> (...) sp. z o.o.</xAnon> z uwagi na uchybienia tajności głosowania był niezasadny z dalszych względów. Bezsporne jest bowiem, że wszelkie nieprawidłowości w zwołaniu zgromadzenia wspólników, podobnie jak i inne uchybienia w podejmowaniu uchwały, mające charakter wyłącznie formalny (takim niewątpliwie są zachowanie tajności czy sposób protokołowania zgromadzenia wspólników), mogą stanowić skuteczną podstawę żądania stwierdzenia nieważności uchwały tylko wtedy, gdy wpłynęły na jej treść. Mając na uwadze realia sprawy, w świetle których bezspornym było, że w <xAnon> spółce (...)</xAnon> występował w istocie jeden aktywy wspólnik, posiadający absolutną większość udziałów, nie sposób było uznać, że uzasadnione było twierdzenie, iż brak dochowania tajności głosownia, czy wadliwości w zawiadomieniu wspólników, czy wreszcie nieprawidłowe prowadzenie protokołu zgromadzenia wspólników pozwala na zasadne przyjęcie, że tego rodzaju uchybienia miały jakikolwiek wpływ na ich treść podjętych uchwał.</xText>
          <xText>Rozważenia wreszcie wymagały zarzuty naruszenia <xLexLink xArt="art. 299;art. 299 § 1;art. 299 § 2" xIsapId="WDU20000941037" xTitle="Ustawa z dnia 15 września 2000 r. - Kodeks spółek handlowych" xAddress="Dz. U. z 2000 r. Nr 94, poz. 1037">art. 299 § 1 i 2 k.s.h.</xLexLink></xText>
          <xText>Choć zgodzić należało się ze skarżącym, że Sąd Okręgowy w części błędnie zinterpretował ustalony stan faktyczny w kontekście przesłanek <xLexLink xArt="art. 299;art. 299 § 1;art. 299 § 2" xIsapId="WDU20000941037" xTitle="Ustawa z dnia 15 września 2000 r. - Kodeks spółek handlowych" xAddress="Dz. U. z 2000 r. Nr 94, poz. 1037">art. 299 § 1 i 2 k.s.h.</xLexLink> to jednak w ocenie Sądu Apelacyjnego prawidłowa subsumcja ustalonego stanu faktycznego w kontekście przesłanek wskazanych norm prawnych prowadziła do zbieżnego z Sądem I instancji wniosku, iż nie zachodziły podstawy odpowiedzialności pozwanego z <xLexLink xArt="art. 299;art. 299 § 1" xIsapId="WDU19970880553" xTitle="Ustawa z dnia 6 czerwca 1997 r. - Kodeks karny" xAddress="Dz. U. z 1997 r. Nr 88, poz. 553">art. 299 § 1 k.k.</xLexLink> a ty samym do uwzględnienia powództwa strony powodowej w zakresie objętym apelacją.</xText>
          <xText>Przesłankami odpowiedzialności członka zarządu przewidzianej w <xLexLink xArt="art. 299;art. 299 § 1" xIsapId="WDU20000941037" xTitle="Ustawa z dnia 15 września 2000 r. - Kodeks spółek handlowych" xAddress="Dz. U. z 2000 r. Nr 94, poz. 1037">art. 299 § 1 k.s.h.</xLexLink> są: istnienie określonego zobowiązania spółki z ograniczoną odpowiedzialnością powstałego w czasie, kiedy dana osoba była członkiem zarządu spółki, oraz bezskuteczność egzekucji tego zobowiązania przeciwko spółce, czy to w czasie pozostawania przez tę osobę członkiem zarządu, czy to już po jej odwołaniu z zarządu (po r. wyrok SN z dnia 16.05.2002 r., IV CKN 933/00, LEX nr 55500). Odpowiedzialność ta, choć posiada bezspornie odszkodowawczy charakter, stanowi również sankcję za kierowanie sprawami spółki w sposób prowadzący do bezskuteczności egzekucji przeciwko spółce. Syntetycznym wyrazem kierowania sprawami spółki we wspomniany, wadliwy sposób jest nie złożenie we właściwym czasie wniosku o ogłoszenie upadłości. Ustawodawca przewidział również przesłanki ekskulpujące członka zarządu od odpowiedzialności, w sytuacji bezskuteczności egzekucji wobec spółki. Pierwszą z nich jest wykazanie przez członka zarządu, że wniosek o ogłoszenie upadłości spółki został złożony we właściwym czasie w rozumieniu <xLexLink xArt="art. 299;art. 299 § 2" xIsapId="WDU20000941037" xTitle="Ustawa z dnia 15 września 2000 r. - Kodeks spółek handlowych" xAddress="Dz. U. z 2000 r. Nr 94, poz. 1037">art. 299 § 2 k.s.h.</xLexLink>, co oznacza stwierdzenie nieistnienia związku przyczynowego pomiędzy sprawowaniem funkcji przez członków zarządu, a szkodą doznaną przez wierzyciela spółki. Na równi z wykazaniem, że wniosek o ogłoszenie upadłości spółki został złożony we właściwym czasie, należy potraktować wykazanie przez członków zarządu, iż podczas pełnienia przez nich swych funkcji w ogóle nie było podstaw do wystąpienia z wnioskiem o ogłoszenie upadłości lub wszczęcie postępowania układowego albo iż pomimo nie zgłoszenia wniosku o ogłoszenie upadłości wierzyciel nie poniósł szkody. Udowodnienie również tych okoliczności oznacza stwierdzenie nieistnienia związku przyczynowego pomiędzy sprawowaniem funkcji przez członków zarządu, a szkodą doznaną przez wierzyciela spółki (po r. wyrok Sądu Najwyższego z dnia 28.09.1999 r., II CKN 608/98, OSNC 2000, nr 4, poz. 67).</xText>
          <xText>Obowiązek udowodnienia wskazanych wyżej okoliczności spoczywa na pozwanym członku zarządu spółki z o.o., zaś na stronie powodowej, z racji charakteru odpowiedzialności z <xLexLink xArt="art. 299;art. 299 § 1" xIsapId="WDU20000941037" xTitle="Ustawa z dnia 15 września 2000 r. - Kodeks spółek handlowych" xAddress="Dz. U. z 2000 r. Nr 94, poz. 1037">art. 299 § 1 k.s.h.</xLexLink> i płynących z niej domniemań spoczywa jedynie ciężar wykazania faktu istnienia wierzytelności w okresie, kiedy pozwany był członkiem zarządu oraz bezskuteczności egzekucji. W ocenie Sądu Apelacyjnego niewątpliwie z ciężącego na niej obowiązku strona powodowa w znacznym stopniu się wywiązała wskazując istnienie tytułów wykonawczych przeciwko spółce. Wbrew stanowisku Sądu Okręgowego nie mogło zaś obciążać strony powodowej wykazanie innych okoliczności, w tym powstania szkody rozumianej jako pogorszenie możliwości zaspokojenia wskutek braku zgłoszenia we właściwym czasie wniosku o ogłoszenie upadłości.</xText>
          <xText>Sąd Apelacyjny podzielił stanowisko Sądu Okręgowego, że ustalony stan faktyczny wskazywał, iż pozwany <xAnon>A. Ż.</xAnon> piastował funkcję prezesa zarządu <xAnon> (...) sp. z o.o.</xAnon> jedynie do 29.04.2006 r., co czyniło uzasadnionym twierdzenie, że jedynie w stosunku do powstałych przed tą datą wierzytelności strony powodowej wobec spółki, można było w ogóle skutecznie rozpatrywać jego odpowiedzialność w świetle <xLexLink xArt="art. 299;art. 299 § 1" xIsapId="WDU20000941037" xTitle="Ustawa z dnia 15 września 2000 r. - Kodeks spółek handlowych" xAddress="Dz. U. z 2000 r. Nr 94, poz. 1037">art. 299 § 1 k.s.h.</xLexLink> Stanowiska tego nie podważyła (a co więcej w istocie zaakceptowała, o czym świadczą niewątpliwie granice zaskarżenia) skutecznie strona powodowa. Przy czym w ocenie zarzutów strony powodowej dotyczących tej kwestii odwołać się wprost należy, bez potrzeby powielania przyjętej argumentacji do rozważań przyczynionych już przez Sąd Apelacyjny przy rozpoznaniu zarzutu naruszenia prawa materialnego w postaci <xLexLink xArt="art. 58;art. 58 § 1" xIsapId="WDU19970880553" xTitle="Ustawa z dnia 6 czerwca 1997 r. - Kodeks karny" xAddress="Dz. U. z 1997 r. Nr 88, poz. 553">art. 58 § 1 k.k.</xLexLink> w zw. <xLexLink xArt="art. 247" xIsapId="WDU20000941037" xTitle="Ustawa z dnia 15 września 2000 r. - Kodeks spółek handlowych" xAddress="Dz. U. z 2000 r. Nr 94, poz. 1037">art. 247 k.s.h.</xLexLink></xText>
          <xText>Zdaniem Sądu Apelacyjnego nie budzi obecnie wątpliwości w doktrynie i judykaturze (tak Sąd Najwyższy w wyroku z dnia 28.09.1999 r. II CKN 608/98 (OSNC 2000/4/67); z dnia 25.09.2003 r. V CK 198/02 (Wokanda 2004/6/7); z dnia 7.07.2005 r. V CK 198/02 (nie publ.); z dnia 28.04. 2006 r., sygn. akt V CSK 39/06, nie publ.; z dnia 2.02.2007 r. sygn. akt IV CSK 370/06, nie publ.), że wpis członków zarządu do rejestru ma charakter deklaratoryjny (nie decyduje zatem o byciu lub niebyciu członkiem organu spółki), a zatem konieczne jest w kontekście odpowiedzialności na gruncie <xLexLink xArt="art. 299;art. 299 § 1" xIsapId="WDU20000941037" xTitle="Ustawa z dnia 15 września 2000 r. - Kodeks spółek handlowych" xAddress="Dz. U. z 2000 r. Nr 94, poz. 1037">art. 299 § 1 k.s.h</xLexLink> ustalenie osób odpowiedzialnych nie na podstawie wpisu, lecz w oparciu o rzeczywiste piastowanie funkcji członka zarządu. Nie budzi też wątpliwości to, że niewykreślenie byłego członka zarządu z rejestru nie uzasadnia jego odpowiedzialności, dla wierzycieli bez znaczenia jest bowiem przekonanie (dobra wiara), że określone osoby są nadal członkami zarządu. Niewiele zmienia tu fakt istnienia domniemań związanych z wpisem do rejestru, albowiem chronią one osoby trzecie względem spółki a nie względem członków jej zarządu.</xText>
          <xText>Niewątpliwe jest przecież to, że po odwołaniu były członek zarządu nie ma prawa reprezentować spółki i nie skutecznego wpływu na prowadzenie jej spraw, brak zatem uzasadnionych podstaw do oczekiwania od niego tak skutecznego złożenia wniosku o wpis do KRS, a tym bardziej złożenia wniosku o ogłoszenie upadłości czy o wszczęcie postępowania układowego, które to obowiązki obciążają spółkę reprezentowaną przez aktualnych członków jej organów. (podobnie na Sąd Najwyższy w wyroku z dnia 8.12.2010 r. V CSK 172/10). Przekładając powyższe na realia niniejszej sprawy, stwierdzić należało, że zgromadzony w sprawie materiał dowodowy, wskazywał w sposób jednoznaczny, że w dniu 29.04.2006 r. pozwany <xAnon>Ż.</xAnon> został skutecznie odwołany z funkcji prezesa zarządu <xAnon> (...) sp. z o.o.</xAnon>, a w jego miejsce powołany został <xAnon>T. L.</xAnon>. To zaś czyniło uzasadnionym twierdzenie, że jego odpowiedzialność jako byłego członka zarządu ograniczała się do wierzytelności powstałych jedynie do tej daty. Nie sposób było zdaniem Sądu Apelacyjnego z bezspornego faktu długotrwałego braku wykreślenia powoda z rejestru (KRS) wysuwać wniosków o fikcyjności jego odwołania, czy też czynić to przesłanką jego odpowiedzialności, skoro wykreślenie wpisu nie leżało w już w kompetencji pozwanego i tym samym go nie obciążało.</xText>
          <xText>Wreszcie rozważenia wymagało czy w świetle zasad rozkładu ciężaru dowodu i ustalonego stanu faktycznego doszło do ekskulpowania się pozwanego od odpowiedzialności z <xLexLink xArt="art. 299;art. 299 § 1" xIsapId="WDU19970880553" xTitle="Ustawa z dnia 6 czerwca 1997 r. - Kodeks karny" xAddress="Dz. U. z 1997 r. Nr 88, poz. 553">art. 299 § 1 k.k.</xLexLink> Sąd Apelacyjny stanął na stanowisku, że ujawniony w sprawie materiał dowodowy prowadził do wniosku, że pozwany skutecznie wykazał wyłączenie swojej odpowiedzialności. Przy czym zgodzić się należało ze skarżącym, że błędne było stanowisko Sądu Okręgowego, który w ujawnionym stanie faktycznym dopatrzył się wykazania przez pozwanego <xAnon>Ż.</xAnon> okoliczności ekskulpacyjnej w postaci wykazania, że nawet w wypadku zgłoszenia przez niego wniosku o ogłoszenie upadłości, nie doszłoby do zaspokojenia strony powodowej, co Sąd Okręgowy powiązał z brakiem możliwości ustalenia faktycznego stanu majątkowego <xAnon> spółki (...)</xAnon> (co nie mogło w ocenie Sądu I instancji obciążać pozwanego), a także z oceną, że ujawniony materiał dowodowy wskazywał, iż w istocie już w chwili zawierania umowy ze stroną powodową, <xAnon> (...) sp. z o.o.</xAnon> była niewypłacalna, przez co rozumieć należało, jak się wydaje, brak możliwości pogorszenia tego stanu wskutek zaniechania złożenia wniosku o upadłość. Trafnie wskazywał skarżący, że w ustalonym przez siebie stanie faktycznym, Sąd Okręgowy nie był uprawniony do tego rodzaju twierdzeń i na tego rodzaju oceny ustalenia te w istocie nie pozwalały. Zdaniem Sądu Apelacyjnego, zgromadzony w sprawie materiał dowodowy prowadził jednak do konstatacji, że pozwany mimo to skutecznie wykazał okoliczności ekskulpujące go od odpowiedzialności, a to w postaci braku podstaw do zgłoszenia wniosku o ogłoszenie upadłości w chwili piastowania przez niego funkcji prezesa zarządu. Uzasadniając powyższe stanowisko odwołać się trzeba do interpretacji pojęcia „istnienia podstaw do złożenia wniosku o ogłoszenie upadłości”, co niewątpliwie pozostaje w silnym związku z wykładnią pojęcia „właściwego czasu” do złożenia wniosku o ogłoszenie upadłości. Niewątpliwie w ocenie Sądu Apelacyjnego na interpretację obu tych pojęć rzutować co do zasady muszą przepisy <xLexLink xArt="" xIsapId="WDU20030600535" xTitle="Ustawa z dnia 28 lutego 2003 r. - Prawo upadłościowe i naprawcze" xAddress="Dz. U. z 2003 r. Nr 60, poz. 535">ustawy z dnia 28.02.2003 r. Prawo upadłościowe i naprawcze</xLexLink> (Dz. U. Nr 60, poz. 535 ze zm.) zgodnie z którymi, upadłość ogłasza się w stosunku do dłużnika, który stał się niewypłacalny (<xLexLink xArt="art. 10" xIsapId="WDU20030600535" xTitle="Ustawa z dnia 28 lutego 2003 r. - Prawo upadłościowe i naprawcze" xAddress="Dz. U. z 2003 r. Nr 60, poz. 535">art. 10</xLexLink>), co oznacza, ze nie wykonuje on swoich wymagalnych zobowiązań (art. 11 ust. 1), a w odniesieniu do dłużnika będącego osobą prawną albo jednostką organizacyjną nie posiadającą osobowości prawnej, której odrębna ustawa przyznaje zdolność prawną, także wtedy gdy jego zobowiązania przekroczą wartość majątku, nawet wówczas, gdy na bieżąco te zobowiązania wykonuje (art. 11 ustęp 2). Podzielić jednak należy, zaprezentowany tak w doktrynie i judykaturze pogląd, wyrażony na tle interpretacji pojęcia „właściwego czasu”, że zastosowanie przepisów <xLexLink xArt="" xIsapId="WDU19340930834" xTitle="Rozporządzenie Prezydenta Rzeczypospolitej z dnia 24 października 1934 r. - Prawo upadłościowe" xAddress="Dz. U. z 1934 r. Nr 93, poz. 834">prawa upadłościowego</xLexLink> na gruncie ustalenia odpowiedzialności z <xLexLink xArt="art. 299" xIsapId="WDU20000941037" xTitle="Ustawa z dnia 15 września 2000 r. - Kodeks spółek handlowych" xAddress="Dz. U. z 2000 r. Nr 94, poz. 1037">art. 299 k.s.h.</xLexLink> nie może mieć charakteru czysto mechanicznego (co wiązać należy nie tylko niedookreślonym charakterem użytego na gruncie <xLexLink xArt="art. 299" xIsapId="WDU20000941037" xTitle="Ustawa z dnia 15 września 2000 r. - Kodeks spółek handlowych" xAddress="Dz. U. z 2000 r. Nr 94, poz. 1037">art. 299</xLexLink> sformułowania, ale również z różnicami w charakterze odpowiedzialności przewidzianej a tym przepisie i charakterze postępowania upadłościowego), lecz musi uwzględniać realia konkretnej sprawy. (po r. wy r. SN z 18.10.2000 r. VCKN 109/00 niepubl. Z 6.06.1997 r. III CKN 65/97 opubl. <xIx>OSNC 1997/11/181</xIx>). Oznacza to, że nie może zostać uznane za właściwe i uzasadnione, dla oceny tak właściwego czasu złożenia wniosku i istnienia podstaw zgłoszenia wniosku o ogłoszenie upadłości, nieuwzględniające ujawnionych okoliczności konkretnej sprawy czyste przełożenie pojęć (w tym zwłaszcza niewypłacalności) wskazanych w przepisach <xLexLink xArt="" xIsapId="WDU20030600535" xTitle="Ustawa z dnia 28 lutego 2003 r. - Prawo upadłościowe i naprawcze" xAddress="Dz. U. z 2003 r. Nr 60, poz. 535">ustawy z dnia 28.02.2003 r. Prawo upadłościowe i naprawcze</xLexLink>. Podkreślenia przy tym wymaga, że ocena uwzględniająca okoliczności konkretnej sprawy prowadzić niewątpliwie może do wniosku, jak słusznie wypowiedział się Sąd Najwyższy w wyroku z dnia 19.01.2011 r. V CSK 211/10, że nie każde nie płacenie długów stanowi uzasadnioną podstawę do złożenia wniosku o ogłoszenie upadłości. Tymczasem ustalony w sprawie stan faktyczny, wskazywał zdaniem Sądu Apelacyjnego jednoznacznie i w sposób niezbity, że w czasie pełnienia przez pozwanego funkcji prezesa zarządu brak było, zwłaszcza z punktu widzenia wzorca racjonalnego postępowania (co również ma istotne znaczenie w kontekście odszkodowawczego charakteru odpowiedzialności z <xLexLink xArt="art. 299" xIsapId="WDU20000941037" xTitle="Ustawa z dnia 15 września 2000 r. - Kodeks spółek handlowych" xAddress="Dz. U. z 2000 r. Nr 94, poz. 1037">art. 299 k.s.h.</xLexLink>), podstaw do występowania z wnioskiem o ogłoszenie upadłości. W świetle bowiem zeznań przesłuchanych w sprawie świadków (zwłaszcza <xAnon>L. S.</xAnon> - pracownika strony powodowej, <xAnon>T. L.</xAnon>, <xAnon>Z. T.</xAnon>, <xAnon>M. Ś.</xAnon>), oraz przesłuchania pozwanego wynikało w sposób bezsporny, że od chwili podjęcia przez spółkę, której pozwany był prezesem zarządu, współpracy ze stroną powodową, do chwili jego odwołania, strona powodowa akceptowała istniejącą między nią a spółka sytuację – utrzymującego się zadłużenia, spłacanego jedynie w części. W szczególności ową akceptację wiązać należy z momentem, w którym pozwany ustępował z funkcji prezesa, co zbiegło się ze znalezieniem dla <xAnon> spółki (...)</xAnon> nowego inwestora w osobie <xAnon>T. L.</xAnon>. Choć pozwany nie przedstawił na okoliczność akceptacji przez stronę powodową zaproponowanego przez nowego inwestora planu naprawczego dowodu z dokumentu, to jednak okoliczność ta w świetle korespondujących ze sobą zeznań świadków, a w tym także pracownika strony powodowej (którego trudno podejrzewać o stronniczość w interesie pozwanego) zdaniem Sądu Apelacyjnego nie mogła budzić najmniejszych wątpliwości. Nie bez znaczenia dla właściwej oceny akceptacji ze strony powodowej stanu zadłużenia i przedstawianych (tak w trakcie pełnienia przez pozwanego funkcji prezesa zarządu <xAnon> (...) sp. z o.o.</xAnon> oraz w czasie poprzedzającym bezpośrednio odwołanie z tej funkcji) planów naprawczych, są zdaniem Sądu Apelacyjnego także inne ujawnione okoliczności. Ową akceptację, tak dla planów naprawczych (w tym proponowanego przez nowego inwestora w okresie poprzedzającym odwołanie pozwanego z funkcji prezesa) jak też istniejącego stanu zadłużenia, potwierdzał niewątpliwie fakt, że strona powodowa nie podjęła żadnych działań (wypowiedzenia umowy, eksmisji) mogących świadczących w sposób przekonujący o braku akceptacji dla istniejącej sytuacji. Podkreślić przy tym trzeba, że jak wynika ze sporządzonego w chwili przejmowania spółki przez <xAnon>T. L.</xAnon> protokołu, zobowiązania wobec strony powodowej stanowiły główne i w istocie najpoważniejsze zobowiązania <xAnon> (...) sp. z o.o.</xAnon> Akceptacja głównego wierzyciela przedstawionych planów naprawczych dotyczących <xAnon> spółki (...)</xAnon>, w tym akceptacja dla zmiany wspólnika w spółce prowadzić musi do jednoznacznej konstatacji, że w tej szczególnej konfiguracji i sytuacji nie było podstaw do występowania przez pozwanego z wnioskiem o ogłoszenie upadłości. Niewątpliwie sytuacja spółki wobec bezspornie istniejących zobowiązań była skomplikowana, jednakże wobec podjęcia rozmów z głównym jej wierzycielem, który w sposób wyraźny zaakceptował przedstawione propozycje naprawcze, nie czyniła uzasadnionym występowanie przez pozwanego z wnioskiem o ogłoszenie upadłości. Skierowanie takiego wniosku, w kontekście podjętych rozmów i ich rezultatu byłoby w istocie nieracjonalne i niecelowe. Nie można zatem obecnie obciążać pozwanego konsekwencjami zaniechania działania, którego w istocie wierzyciel nie oczekiwał. Wszystko to zaś prowadzić musiało do wniosku, że pozwany skutecznie udowodnił okoliczności wyłączające jego odpowiedzialność z <xLexLink xArt="art. 299" xIsapId="WDU20000941037" xTitle="Ustawa z dnia 15 września 2000 r. - Kodeks spółek handlowych" xAddress="Dz. U. z 2000 r. Nr 94, poz. 1037">art. 299 k.s.h.</xLexLink> Wskazać należało, co również posiada niebagatelne znaczenie dla oceny okoliczności niniejszej sprawy, na akceptowane szeroko w orzecznictwie stanowisko (po r. wyrok Sądu Najwyższego z 16.11.2011 r. V CSK515/10 i przytoczone w nim dalsze orzeczenia), zgodnie z którym: „<xIx>Nieuzyskanie przez wierzyciela zaspokojenia ze względu na niepodjęcie w stosownym czasie egzekucji przeciwko spółce, choć egzekucja była możliwa, zwalnia członka zarządu od odpowiedzialności na podstawie <xLexLink xArt="art. 299" xIsapId="WDU20000941037" xTitle="Ustawa z dnia 15 września 2000 r. - Kodeks spółek handlowych" xAddress="Dz. U. z 2000 r. Nr 94, poz. 1037">art. 299 k.s.h.</xLexLink>, albowiem wierzyciel nie wykazał, iż egzekucja przeciwko spółce okazała się bezskuteczna</xIx>.” Jeśli zatem bezsporne jest, że wyłączyć odpowiedzialność może już sam fakt niepodjęcia odpowiednich działań przez wierzyciela, to nie może budzić wątpliwości, że wyłączenie odpowiedzialności powoduje także akceptowanie przez wierzyciela sytuacji, w której osoby reprezentujące dłużnika nie podejmują działań zmierzających do wszczęcia postępowania upadłościowego, lecz podejmują działania mające doprowadzić do spłaty zadłużenia w oparciu o kontynuowaną działalność gospodarczą.</xText>
          <xText>Powyższe stanowisko Sądu Apelacyjnego, o skutecznym wykazaniu przez pozwanego okoliczności ekskulpującej i uznaniu jej za główną, w ustalonym stanie faktycznym, podstawę do nieuwzględnienia powództwa (pominąwszy kwestie daty odwołania powoda z funkcji prezesa zarządu) czyniło uprawnionym brak szerszego odnoszenia się do podniesionego przez stronę powodową zarzutu naruszenia przez Sąd Okręgowy <xLexLink xArt="art. 5" xIsapId="WDU19640160093" xTitle="Ustawa z dnia 23 kwietnia 1964 r. - Kodeks cywilny" xAddress="Dz. U. z 1964 r. Nr 16, poz. 93">art. 5 k.c.</xLexLink> poprzez przyjęcie, że domaganie się od pozwanego przez stronę powodową, w sytuacji świadomości i akceptowania trudnej sytuacji <xAnon> spółki (...)</xAnon> i bierności w egzekucji stanowi nadużycie prawa i jako takie nie podlega ochronie. Zdaniem Sądu Apelacyjnego wobec zaistnienia w niniejszej sprawie okoliczności ekskulpacyjnej, niezasadne i w istocie bezcelowe było w realiach sprawy odwoływanie się do treści <xLexLink xArt="art. 5" xIsapId="WDU19640160093" xTitle="Ustawa z dnia 23 kwietnia 1964 r. - Kodeks cywilny" xAddress="Dz. U. z 1964 r. Nr 16, poz. 93">art. 5 k.c.</xLexLink> Wskazać bowiem należy, że ustalenie istnienia okoliczność ekskulpującej skutkować musiało uznaniem powództwa za nieuzasadnione i jego oddaleniem (jak też apelacji) bez badania czy zachowanie strony powodowej nie stanowi nadużycia prawa, z tej też przyczyny merytoryczna analiza zarzutu naruszenia przepisów <xLexLink xArt="art. 5" xIsapId="WDU19640160093" xTitle="Ustawa z dnia 23 kwietnia 1964 r. - Kodeks cywilny" xAddress="Dz. U. z 1964 r. Nr 16, poz. 93">art. 5 k.c.</xLexLink> pozostawała w postępowaniu apelacyjnym bezprzedmiotowe.</xText>
          <xText>Mając na uwadze powyższe okoliczności, Sąd Apelacyjny oddalił apelację jako bezzasadną (<xLexLink xArt="art. 385" xIsapId="WDU19640430296" xTitle="Ustawa z dnia 17 listopada 1964 r. - Kodeks postępowania cywilnego" xAddress="Dz. U. z 1964 r. Nr 43, poz. 296">art. 385 k.p.c.</xLexLink>).</xText>
          <xText>Z uwagi na to, że pozwany postępowanie apelacyjne wygrał w całości, należał mu się zwrot kosztów od przegrywającej sprawę strony powodowej (<xLexLink xArt="art. 98;art. 98 § 1" xIsapId="WDU19640430296" xTitle="Ustawa z dnia 17 listopada 1964 r. - Kodeks postępowania cywilnego" xAddress="Dz. U. z 1964 r. Nr 43, poz. 296">art. 98 § 1 k.p.c.</xLexLink> i <xLexLink xArt="art. 98;art. 98 § 3" xIsapId="WDU19640430296" xTitle="Ustawa z dnia 17 listopada 1964 r. - Kodeks postępowania cywilnego" xAddress="Dz. U. z 1964 r. Nr 43, poz. 296">art. 98 § 3 k.p.c.</xLexLink> w zw. z <xLexLink xArt="art. 391;art. 391 § 1;art. 391 § 1 zd. 1" xIsapId="WDU19640430296" xTitle="Ustawa z dnia 17 listopada 1964 r. - Kodeks postępowania cywilnego" xAddress="Dz. U. z 1964 r. Nr 43, poz. 296">art. 391 § 1 zd. 1 k.p.c.</xLexLink>). Zasądzona z tego tytułu na rzecz pozwanego od strony powodowej kwota 2.700 zł obejmowała wynagrodzenie pełnomocnika, obliczone na podstawie przepisu <xLexLink xArt="art. 391 § 6;art. 391 § 6 pkt. 6" xIsapId="WDU19640430296" xTitle="Ustawa z dnia 17 listopada 1964 r. - Kodeks postępowania cywilnego" xAddress="Dz. U. z 1964 r. Nr 43, poz. 296">§ 6 pkt 6</xLexLink> w zw. z <xLexLink xArt="§ 13;§ 13 ust. 1;§ 13 ust. 1 pkt. 2" xIsapId="WDU20021631348" xTitle="Rozporządzenie Ministra Sprawiedliwości z dnia 28 września 2002 r. w sprawie opłat za czynności adwokackie oraz ponoszenia przez Skarb Państwa kosztów nieopłaconej pomocy prawnej udzielonej z urzędu" xAddress="Dz. U. z 2002 r. Nr 163, poz. 1348">§ 13 ust. 1 pkt 2 Rozporządzenia Ministra Sprawiedliwości z dnia 28.09.2002 r. w sprawie opłat za czynności adwokackie oraz ponoszenia przez Skarb Państwa kosztów nieopłaconej pomocy prawnej udzielonej z urzędu</xLexLink> (Dz. U. Nr 163, poz. 1348).</xText>
          
          <xText>MR</xText>
        </xUnit>
      </xBlock>
    </xPart>
  </judgement>
<judgement id="155000000001006_II_AKa_000253_2012_Uz_2012-09-05_001">
    <xPart xEditorFullName="Joanna Bernakiewicz" xYear="2012" xLang="PL" xPublisherFullName="Joanna Bernakiewicz" xFromPg="1" xEditor="jbernakiewicz" xVolType="15/500000/0001006/AKa" xPublisher="jbernakiewicz" xDocType="Uz" xVolNmbr="000253" xVersion="1.0" xToPage="3" xFlag="published">
      <xName>Wyrok+Uzasadnienie</xName>
      <xBlock>
        <xText>Sygn. akt II AKa 253/12</xText>
        <xUnit xIsTitle="true" xBold="true" xType="part">
          <xName>WYROK</xName>
          <xTitle>W IMIENIU RZECZYPOSPOLITEJ POLSKIEJ</xTitle>
          <xText xALIGNx="right">Dnia 5 września 2012 r.</xText>
          
          <xText>Sąd Apelacyjny we Wrocławiu w II Wydziale Karnym w składzie:</xText>
          <xRows>
            <xRow>
              <xClmn xALIGNx="left" xVALIGNx="middle">
                <xText xALIGNx="right">Przewodniczący:</xText>
              </xClmn>
              <xClmn xALIGNx="left" xVALIGNx="middle">
                <xText>SSA Stanisław Rączkowski</xText>
              </xClmn>
            </xRow>
            <xRow>
              <xClmn xALIGNx="left" xVALIGNx="top">
                <xText xALIGNx="right">Sędziowie:</xText>
              </xClmn>
              <xClmn xALIGNx="left" xVALIGNx="middle">
                <xText>SSA Tadeusz Kiełbowicz</xText>
                <xText>SSA Edward Stelmasik (spr.)</xText>
              </xClmn>
            </xRow>
            <xRow>
              <xClmn xALIGNx="left" xVALIGNx="middle">
                <xText xALIGNx="right">Protokolant:</xText>
              </xClmn>
              <xClmn xALIGNx="left" xVALIGNx="middle">
                <xText>Beata Sienica</xText>
              </xClmn>
            </xRow>
          </xRows>
          
          <xText>przy udziale Prokuratora Prokuratury Apelacyjnej Ludwika Uciurkiewicza</xText>
          <xText>po rozpoznaniu w dniu 5 września 2012 r.</xText>
          <xText>sprawy <xBx><xAnon>M. D.</xAnon></xBx></xText>
          <xText>oskarżonej z <xLexLink xArt="art. 148;art. 148 § 1" xIsapId="WDU19970880553" xTitle="Ustawa z dnia 6 czerwca 1997 r. - Kodeks karny" xAddress="Dz. U. z 1997 r. Nr 88, poz. 553">art. 148 § 1 kk</xLexLink></xText>
          <xText>z powodu apelacji wniesionej przez oskarżoną</xText>
          <xText>od wyroku Sądu Okręgowego w Legnicy</xText>
          <xText>z dnia 31 maja 2012 r. sygn. akt III K 158/11</xText>
          <xText>
            <xBx>I.  zaskarżony wyrok wobec oskarżonej <xAnon>M. D.</xAnon> utrzymuje w mocy;</xBx>
          </xText>
          <xText>
            <xBx>II.  zasądza od Skarbu Państwa na rzecz adw. <xAnon>M. B.</xAnon> 600 zł tytułem kosztów nieopłaconej obrony z urzędu w postępowaniu odwoławczym oraz 138 zł tytułem zwrotu VAT;</xBx>
          </xText>
          <xText>
            <xBx>III.  zwalnia oskarżoną od ponoszenia kosztów sądowych za postępowanie odwoławcze.</xBx>
          </xText>
        </xUnit>
        <xUnit xIsTitle="true" xBold="true" xType="part">
          <xName>UZASADNIENIE</xName>
          <xText>Sąd Okręgowy w Legnicy, wyrokiem z dnia 31.05.2012 r. uznał osk. <xAnon>M. D.</xAnon> za winną tego, że w dniu 8 września 2011 r. w <xAnon>R.</xAnon> działając w zamiarze bezpośrednim pozbawienia życia noworodka – swego syna <xAnon>J. D.</xAnon>, po jego urodzeniu, nałożyła mu na głowę foliową reklamówkę, po czym zawiązała ją wokół jego głowy, powodując zamknięcie dopływu powietrza, czym spowodowała jego śmierć w wyniku uduszenia tj. przestępstwa z <xLexLink xArt="art. 148;art. 148 § 1" xIsapId="WDU19970880553" xTitle="Ustawa z dnia 6 czerwca 1997 r. - Kodeks karny" xAddress="Dz. U. z 1997 r. Nr 88, poz. 553">art. 148 § 1 kk</xLexLink> i za to na podstawie tego przepisu wymierzył jej karę 15 lat pozbawienia wolności z zaliczeniem okresu rzeczywistego pozbawienia wolności od 12.09.2011 r. do 31.05.2012 r. (sygn. akt III K 158/11).</xText>
          <xText>Wyrok ten zaskarżył obrońca oskarżonej, zarzucając rażącą surowość orzeczonej kary, wynikającą z niedostatecznego uwzględnienia przez Sąd trudnej sytuacji życiowej tej oskarżonej, jej stanu psychicznego oraz sposobu życia przed popełnieniem przestępstwa.</xText>
          <xText>Powołując się na tak sformułowany zarzut wniósł apelujący obrońca o zmianę zaskarżonego wyroku przez obniżenie kary wymierzonej <xAnon>osk. M. D.</xAnon>.</xText>
          
          <xText xALIGNx="center">
            <xBx>Sąd Apelacyjny zważył co następuje.</xBx>
          </xText>
          
          <xText>Apelacja jest niezasadna.</xText>
          <xText>Tak oceniając wniesiony środek odwoławczy, zauważyć na wstępie należy, że przepis <xLexLink xArt="art. 148;art. 148 § 1" xIsapId="WDU19970880553" xTitle="Ustawa z dnia 6 czerwca 1997 r. - Kodeks karny" xAddress="Dz. U. z 1997 r. Nr 88, poz. 553">art. 148 § 1 kk</xLexLink> przewiduje alternatywne zagrożenie 3 rodzajami kar, a mianowicie:</xText>
          <xUnit xIsTitle="false" xType="none">
            <xName xSffx=")">a</xName>
            <xText>karą od 8 do 15 lat pozbawienia wolności,</xText>
          </xUnit>
          <xUnit xIsTitle="false" xType="none">
            <xName xSffx=")">b</xName>
            <xText>karą 25 lat pozbawienia wolności,</xText>
          </xUnit>
          <xUnit xIsTitle="false" xType="none">
            <xName xSffx=")">c</xName>
            <xText>karą dożywotniego pozbawienia wolności.</xText>
          </xUnit>
          <xText>Fakt skazania <xAnon>M. D.</xAnon> na 15 lat pozbawienia wolności wskazuje, że Sąd Okręgowy zastosował wobec tej oskarżonej karę najłagodniejszego rodzaju. Choćby więc z tego powodu, nie sposób uznać by orzeczona kara raziła surowością nieadekwatną do stopnia zawinienia oskarżonej oraz społecznej szkodliwości popełnionej zbrodni. To prawda, że karę tę wymierzono w rozmiarze najwyższym z możliwych, ale też były ku temu uzasadnione podstawy. Przede wszystkim karę tę uzasadniają wysoki stopień zawinienia oskarżonej oraz znaczny stopień jej demoralizacji. Okoliczności te dostrzegł Sąd Okręgowy w pisemnych motywach zaskarżonego wyroku (patrz: strony 15 i 16). Wprawdzie niektóre z nich są dyskusyjne (np. eksponowanie faktu, że czyn oskarżonej był skierowany przeciwko życiu człowieka, skoro należy to do znamion zbrodni z <xLexLink xArt="art. 148;art. 148 § 1" xIsapId="WDU19970880553" xTitle="Ustawa z dnia 6 czerwca 1997 r. - Kodeks karny" xAddress="Dz. U. z 1997 r. Nr 88, poz. 553">art. 148 § 1 kk</xLexLink>), ale większość tych okoliczności stanowi należyte wsparcie dla uzasadnienia wymierzonej kary. Porządkując więc te okoliczności, dowodzące znacznego stopnia zdemoralizowania oraz zawinienia oskarżonej, zwrócić należy uwagę na:</xText>
          <xText>1) Po pierwsze – długi czas trwania u oskarżonej postanowienia o pozbawieniu życia noworodka. Z zeznań jej koleżanki tj. <xAnon>A. G.</xAnon> wynika bowiem, że już z chwilą, gdy <xAnon>M. D.</xAnon> zorientowała się, iż jest w ciąży, podjęła decyzję, że dziecko zabije. W postanowieniu tym trwała przez cały czas trwania ciąży, mimo, że <xAnon>A. G.</xAnon> próbowała ją od tego zamiaru odwieźć.</xText>
          <xText>2) Po drugie – obciążają tę oskarżoną podejmowane w trakcie trwania ciąży rozmaite metody, mające na celu ukrycie tego stanu przed innymi osobami. M.in. nosiła tego rodzaju odzież, która maskowała ciążę, unikała badań lekarskich. Natomiast w sytuacji, gdy ktoś w sposób zdecydowany stwierdzał, iż jest ona w ciąży, to sugerowała, iż nosi w łonie martwy płód.</xText>
          <xText>3) Po trzecie – o stopniu zdemoralizowania tej oskarżonej świadczy również brak reakcji na przekazywane jej przez <xAnon>A. G.</xAnon> sposoby postępowania z dzieckiem, które się urodzi. Sugerowano jej możliwość pozostawienia dziecka w szpitalu, wyjaśniając, iż takie zachowanie nie wywoła dla niej żadnych negatywnych konsekwencji.</xText>
          <xText>4) Po czwarte – przy wymiarze kary nie może być pomijany także sposób zachowania <xAnon>M. D.</xAnon> w dniu porodu. Przecież jeszcze, tego dnia, przed rozwiązaniem, gdy <xAnon>A. G.</xAnon> zorientowała się, że oskarżona będzie rodzić poleciła jej by wezwała pogotowie. Tego jednak nie uczyniła. Sugestie tej oskarżonej, jakoby zwróciła się w tej sprawie do świadka <xAnon>P. K.</xAnon>, nie znalazły potwierdzenia w materiale dowodowym (patrz: <xAnon>P. K.</xAnon> k. 686 - 687).</xText>
          <xText>5) Po piąte – o stopniu demoralizacji osk. <xAnon>M. D.</xAnon> świadczy także dotychczasowy sposób jej życia, w tym m.in. stosunek do dzieci. Brak zainteresowania zachowaniem najstarszego syna doprowadził do tego, że został skazany na zakład poprawczy. Dwie córki ze związku z <xAnon>A. Ł.</xAnon> pozostawiła temu konkubentowi i nie przejawiała żadnego zainteresowania ich losem.</xText>
          <xText>Zasadnie w tej sytuacji uznał Sąd Okręgowy, że cele kary określone w <xLexLink xArt="art. 53" xIsapId="WDU19970880553" xTitle="Ustawa z dnia 6 czerwca 1997 r. - Kodeks karny" xAddress="Dz. U. z 1997 r. Nr 88, poz. 553">art. 53 kk</xLexLink> zostaną osiągnięte przez wymierzenie <xAnon>osk. M. D.</xAnon> 15 lat pozbawienia wolności.</xText>
          <xText>W konsekwencji, przy braku przesłanek, uzasadniających podjęcie rozstrzygnięć przewidzianych w <xLexLink xArt="art. 439;art. 440;art. 454" xIsapId="WDU19970890555" xTitle="Ustawa z dnia 6 czerwca 1997 r. - Kodeks postępowania karnego" xAddress="Dz. U. z 1997 r. Nr 89, poz. 555">art. 439, 440 i 454 kpk</xLexLink>, zaskarżony wyrok utrzymano w mocy.</xText>
        </xUnit>
      </xBlock>
    </xPart>
  </judgement>
<judgement id="150525000001521_III_U_001074_2013_Uz_2013-11-07_001">
    <xPart xEditorFullName="Małgorzata Stępek" xYear="2013" xLang="PL" xPublisherFullName="Małgorzata Stępek" xFromPg="1" xEditor="m.stepek" xVolType="15/052500/0001521/U" xPublisher="m.stepek" xDocType="Uz" xVolNmbr="001074" xVersion="1.0" xToPage="6" xFlag="published">
      <xName>Wyrok+Uzasadnienie</xName>
      <xBlock>
        <xText><xBx>Sygn. akt:</xBx> III U 1074/13</xText>
        
        <xUnit xIsTitle="true" xBold="true" xType="part">
          <xName>WYROK</xName>
          <xTitle>W IMIENIU RZECZYPOSPOLITEJ POLSKIEJ</xTitle>
          <xText xALIGNx="right">Dnia 7 listopada 2013 r.</xText>
          
          <xText>
            <xBx>Sąd Okręgowy w Ostrołęce III Wydział Pracy i Ubezpieczeń Społecznych </xBx>
          </xText>
          <xText>
            <xBx>w składzie:</xBx>
          </xText>
          
          <xRows>
            <xCOLGROUPx>
              <xCOLx xWIDTHx="169"/>
              <xCOLx xWIDTHx="547"/>
            </xCOLGROUPx>
            <xRow>
              <xClmn xALIGNx="left" xVALIGNx="top">
                <xText>Przewodniczący:</xText>
              </xClmn>
              <xClmn xALIGNx="left" xVALIGNx="top">
                <xText>SSO Grażyna Załęska-Bartkowiak</xText>
              </xClmn>
            </xRow>
            <xRow>
              <xClmn xALIGNx="left" xVALIGNx="top">
                
              </xClmn>
              <xClmn xALIGNx="left" xVALIGNx="top">
                
              </xClmn>
            </xRow>
            <xRow>
              <xClmn xALIGNx="left" xVALIGNx="top">
                <xText>Protokolant:</xText>
              </xClmn>
              <xClmn xALIGNx="left" xVALIGNx="top">
                <xText>sekretarz sądowy Emilia Kowalczyk</xText>
              </xClmn>
            </xRow>
          </xRows>
          
          <xText><xBx>po rozpoznaniu w dniu</xBx> 7 listopada 2013 r. w Ostrołęce</xText>
          <xText>
            <xBx>sprawy z odwołania</xBx>
            <xAnon>W. R.</xAnon>
          </xText>
          <xText><xBx>przeciwko</xBx> Zakładowi Ubezpieczeń Społecznych Oddziałowi w <xAnon>P.</xAnon></xText>
          <xText><xBx>o</xBx> prawo do emerytury</xText>
          <xText>
            <xBx>na skutek odwołania</xBx>
            <xAnon>W. R.</xAnon>
          </xText>
          <xText><xBx>od decyzji</xBx> Zakładu Ubezpieczeń Społecznych Oddziału w <xAnon>P.</xAnon></xText>
          <xText><xBx>z dnia</xBx> 21.06.2013r. <xBx>znak</xBx><xAnon> (...)</xAnon></xText>
          
          <xText xALIGNx="center">
            <xBx>orzeka:</xBx>
          </xText>
          
          <xUnit xIsTitle="false" xType="none">
            <xName xSffx=".">1</xName>
            <xText>zmienia zaskarżoną decyzję w ten sposób, że przyznaje <xAnon>W. R.</xAnon> prawo do emerytury począwszy od dnia 01.05.2013r.;</xText>
          </xUnit>
          <xUnit xIsTitle="false" xType="none">
            <xName xSffx=".">2</xName>
            <xText>stwierdza brak odpowiedzialności organu rentowego za nieustalenie ostatniej okoliczności niezbędnej do wydania decyzji.</xText>
          </xUnit>
        </xUnit>
        <xUnit xIsTitle="true" xBold="true" xType="part">
          <xName>UZASADNIENIE</xName>
          <xText>Decyzją z dnia 21.06.2013r. Zakład Ubezpieczeń Społecznych Oddział w <xAnon>P.</xAnon> odmówił <xAnon>W. R.</xAnon> prawa do emerytury.</xText>
          
          <xText><xAnon>W. R.</xAnon> wniósł odwołanie od tej decyzji. Stwierdził, że przez ponad 15 lat wykonywał zawód palacza.</xText>
          
          <xText>W odpowiedzi na odwołanie organ rentowy wniósł o jego oddalenie. Wskazał, że <xAnon>W. R.</xAnon> nie spełnia warunków do przyznania wcześniejszej emerytury, o których mowa w <xLexLink xArt="art. 184" xIsapId="WDU19981621118" xTitle="Ustawa z dnia 17 grudnia 1998 r. o emeryturach i rentach z Funduszu Ubezpieczeń Społecznych" xAddress="Dz. U. z 1998 r. Nr 162, poz. 1118">art.184 ustawy z dnia 17.12.1998r. o emeryturach i rentach z Funduszu Ubezpieczeń Społecznych</xLexLink>, gdyż pomimo osiągnięcia wymaganego wieku emerytalnego 60 lat i legitymowania się ponad 25-letnim ogólnym stażem pracy, nie posiada wymaganego 15-letniego okresu pracy w szczególnych warunkach.</xText>
          
          <xText xALIGNx="center">
            <xBx>Sąd ustalił i zważył, co następuje:</xBx>
          </xText>
          
          <xText>w dniu 29.05.2013r. <xAnon>W. R.</xAnon> złożył w Oddziale ZUS wniosek o emeryturę z tytułu pracy w warunkach szczególnych. Po rozpoznaniu tego wniosku ZUS uznał, że <xAnon>W. R.</xAnon> osiągnął wymagany wiek emerytalny 60 lat, na dzień 01.01.1999r. legitymuje się on łącznym stażem pracy 25 lat okresów składkowych i nieskładkowych, lecz nie przepracował 15 lat w szczególnych warunkach. Organ rentowy zaliczył odwołującemu się do pracy w szczególnych warunkach okres w wymiarze 3 miesięcy i 28 dni.</xText>
          
          <xText><xAnon>W. R.</xAnon>urodził się dnia <xAnon>(...)</xAnon>., zatem podstawą ubiegania się przez niego o prawo do emerytury jest <xBx>art.184 </xBx>ustawy <xBx>o emeryturach i rentach z Funduszu Ubezpieczeń </xBx>(tekst jedn. Dz. U. z 2009r., Nr 153, poz.1227 ze zm.) w zw. z <xLexLink xArt="§ 4" xIsapId="WDU19830080043" xTitle="Rozporządzenie Rady Ministrów z dnia 7 lutego 1983 r. w sprawie wieku emerytalnego oraz wzrostu emerytur i rent inwalidzkich dla pracowników zatrudnionych w szczególnych warunkach lub w szczególnym charakterze" xAddress="Dz. U. z 1983 r. Nr 8, poz. 43"><xBx>§4</xBx> rozporządzenia Rady Ministrów z dnia 07.02.1983r. <xBx>w sprawie wieku emerytalnego pracowników zatrudnionych w szczególnych warunkach lub w szczególnym charakterze</xBx></xLexLink> (Dz. U. Nr 8, poz. 43 ze zm.). Zgodnie z tymi przepisami prawo do emerytury przysługuje ubezpieczonemu urodzonemu po 31.12.1948r., jeżeli:</xText>
          <xText>- osiągnął wiek emerytalny wynoszący 60 lat dla mężczyzn,</xText>
          <xText>- nie przystąpił do otwartego funduszu emerytalnego lub złożył wniosek o przekazanie środków zgromadzonych na rachunku w OFE, za pośrednictwem Zakładu na dochody budżetu państwa,</xText>
          <xText>- w dniu 01.01.1999r. udowodnił 25-letni okres składkowy i nieskładkowy, w tym co najmniej 15 lat pracy w szczególnych warunkach.</xText>
          
          <xText>W przedmiotowej sprawie spór sprowadzał się do rozstrzygnięcia, czy odwołujący zgromadził 15 lat pracy w szczególnych warunkach, a w szczególności czy pracował w szczególnych warunkach w <xAnon> Przedsiębiorstwie (...)</xAnon> w <xAnon>O.</xAnon> w okresie od dnia 01.04.1979r. do dnia 18.09.1993r.</xText>
          
          <xText>Na okoliczność pracy w tym zakładzie Witold Ruszkowski złożył do ZUS świadectwo pracy z dnia 20.09.1993r., z którego wynika, iż w okresie od dnia 01.04.1979r. do dnia 18.09.1993r. pracował na stanowisku palacz - dozorca (k.15 a.e.). Ponadto <xAnon>W. R.</xAnon>złożył świadectwo wykonywania prac w szczególnych warunkach poświadczające, iż w ww. okresie stale i w pełnym wymiarze czasu pracy wykonywał prace palacza CO na stanowisku palacza CO wymienionym w wykazie A dziale XIV pkt stanowiącym załącznik do Zarządzenia Ministra Budownictwa i Przemysłu Materiałów Budowlanych z dnia 10.12.1983r. w sprawie wykonywanych prac w szczególnych warunkach w jednostkach nadzorowanych przez Ministra Budownictwa i Przemysłu Materiałów Budowlanych.</xText>
          
          <xText>ZUS nie zaliczył tego okresu <xAnon>W. R.</xAnon> do pracy wykonywanej w szczególnych warunkach z uwagi na błędy formalne świadectwa pracy z dnia 20.09.1993r., w którym wymieniono stanowisko pracy palacz - dozorca.</xText>
          
          <xText>Z zeznań świadków <xAnon>J. B.</xAnon>(k.31-32), <xAnon>T. R.</xAnon>(k.32) oraz odwołującego <xAnon>W. R.</xAnon>(k.32) wynika, że <xAnon>W. R.</xAnon>bezpośrednio po zatrudnieniu się przez dwa pierwsze miesiące pracował jako betoniarz, a następnie jako palacz centralnego ogrzewania. Praca jego polegała na zapewnieniu pary do wyparzania betonów – procesu technologicznego wykorzystywanego przy produkcji betonu w <xAnon>P.</xAnon>, a dodatkowo – na ogrzaniu budynku zakładu. Tzw. wyparzanie betonów polegało na tym, że na formy, w których zalewano beton, kierowano parę o odpowiednim ciśnieniu. Palacz musiał osiągnąć odpowiednią temperaturę, dzięki której tworzyła się para o właściwym ciśnieniu. Nadto do ich obowiązków należało przełożenie węża na placu, na którym było parowanie betonu, by para była kierowana na odpowiednie partie betonu. Z zeznań świadków wynika, że odwołujący jako palacz pracował w pełnym wymiarze czasu pracy. Przy czym pod koniec zatrudnienia odwołującego w <xAnon>P.</xAnon> doszło do redukcji zatrudnienia dozorców i ich obowiązki okresowo przydzielono palaczom. Wówczas oprócz swych normalnych obowiązków zobowiązani byli do skontrolowania placu, na którym wytwarzano beton. Czynili to przy okazji wykonywania przez siebie obowiązków palacza, na które składało się m.in. sprawdzenie, czy na beton kierowana jest odpowiednia para i przekładanie węży z parą. Przebywali oni wówczas na placu i przy tej okazji – musieli także zwrócić uwagę, czy nie ma kradzieży. Stan taki trwał około roku, a następnie zaczęto na nowo zatrudniać dozorców. Zazwyczaj były to osoby będące rencistami, co było korzystne finansowo dla pracodawcy. Po zatrudnieniu dozorców palacze znów zajmowali się wyłącznie paleniem.</xText>
          <xText>Sąd dał wiarę zeznaniom tych świadków i odwołującego co do tego, że w okresie od dnia 26.04.1979r. do dnia 18.09.1993r. odwołujący pracował jako betoniarz, a następnie jako palacz. Są to osoby, które pracowały z odwołującym w tym samym okresie. Świadkowie także byli palaczami. Nadto ich zeznania w tym zakresie znajdują potwierdzenie w dokumentach znajdujących się w aktach osobowych odwołującego.</xText>
          <xText>Z umowy o pracę znajdującej się w aktach osobowych odwołującego wynika, że <xAnon>W. R.</xAnon> został zatrudniony od dnia 26.04.1979r. do 11.05.1979r. na okres próbny jako betoniarz. Następnie w umowie o pracę zawartą na czas nieokreślony od dnia 11.05.1979r. także stwierdzono, że będzie pracował na stanowisku betoniarza. W aktach osobowych znajduje się także zaświadczenie kwalifikacyjne w zakresie urządzeń energetycznych, uzyskane dnia 21.09.1983r., z którego wynika, że odwołujący mógł być zatrudniony jako palacz kotłów parowych i wodnych do 5 atmosfer. Przy czym już w angażu z dnia 01.07.1982r. jest on określany mianem „palacza”. Z wszystkich kolejnych dokumentów znajdujących się w aktach osobowych wynika, że był palaczem kotłów wysokoprężnych. W aktach osobowych nie ma żadnego dokumentu, z którego wynikałoby, że pracował także na stanowisku dozorcy. Jedynym dokumentem, z którego to wynika, jest pismo rozwiązujące umowę o pracę oraz świadectwo pracy z dnia 20.09.1993r. (k.11 a.e.), w których napisano, że ostatnim stanowiskiem, na którym pracował odwołujący, jest stanowisko: palacz-dozorca.</xText>
          
          <xText>W oparciu o materiał dowodowy zgromadzony w sprawie Sąd uznał, że odwołujący pracował w szczególnych warunkach w okresie od dnia 26.04.1979r. do dnia 18.09.1993r. Jako początkową datę Sąd przyjął dzień 26.04.1979r., a nie dzień 01.04.1979r., który wynika ze świadectwa pracy. Sąd miał bowiem na uwadze, że świadectwo pracy w tym zakresie nie znajduje potwierdzenia w dokumentach znajdujących się w aktach osobowych. Z umowy o pracę na okres próbny wynika bowiem, że stosunek pracy został nawiązany dopiero dnia 26.04.1979r. i taką też datę Sąd przyjął jako rozpoczęcie pracy.</xText>
          <xText>Sąd uznał, że początkowo odwołujący był betoniarzem, które to stanowisko jest wyszczególnione w wykazie A, dziale V, poz. 4 w/w rozporządzenia. Następnie odwołujący przeszedł na stanowisko palacza, które jest wymienione w wykazie A, dziale XIV, poz.1 w/w rozporządzenia.</xText>
          <xText>Sąd uznał, że należy zaliczyć odwołującemu cały okres do pracy w szczególnych warunkach – również wtedy, gdy pracował dodatkowo jako dozorca. Wprawdzie zasadą jest, że nie jest dopuszczalne uwzględnianie do okresów pracy w szczególnych warunkach lub w szczególnym charakterze wykonywanej stale i w pełnym wymiarze czasu pracy, wymaganych do nabycia prawa do emerytury w niższym wieku emerytalnym, innych równocześnie wykonywanych prac w ramach dobowej miary czasu pracy, które nie oddziaływały szkodliwie na organizm pracownika. Jednakże od tej reguły tej istnieją odstępstwa. Pierwsze z nich dotyczy sytuacji, kiedy inne równocześnie wykonywane prace stanowią integralną część (immanentną cechę) większej całości dającej się zakwalifikować pod określoną pozycję załącznika do <xLexLink xArt="" xIsapId="WDU19830080043" xTitle="Rozporządzenie Rady Ministrów z dnia 7 lutego 1983 r. w sprawie wieku emerytalnego oraz wzrostu emerytur i rent inwalidzkich dla pracowników zatrudnionych w szczególnych warunkach lub w szczególnym charakterze" xAddress="Dz. U. z 1983 r. Nr 8, poz. 43">rozporządzenia z dnia 7 lutego 1983 r. w sprawie wieku emerytalnego pracowników zatrudnionych w szczególnych warunkach lub w szczególnym charakterze</xLexLink> (Dz. U. Nr 8, poz. 43 ze zm.). Drugie odstępstwo dotyczy przypadków, kiedy czynności wykonywane w warunkach nienarażających na działanie czynników szkodliwych dla zdrowia mają charakter incydentalny, krótkotrwały, uboczny (tak SA w Katowicach w wyroku z dnia 16.05.2013r. III AUa 1722/12). W przedmiotowej sprawie Sąd uznał, że odwołujący wykonywał dodatkowe obowiązki dozorcy w sposób uboczny, przy okazji wykonywania swych obowiązków palacza. Na wykonanie obowiązków dozorcy, które polegały jedynie na rozejrzeniu się po placu, na którym się znajdował w związku z parzeniem betonów – odwołujący poświęcał krótkotrwale swój dobowy czas pracy. Dlatego zdaniem Sądu fakt pełnienia dodatkowych obowiązków dozorcy przez okres około 1 roku, nie odbiera odwołującemu prawa do zaliczenia także tego okresu do pracy wykonywanej w szczególnych warunkach.</xText>
          
          <xText>W oparciu o powyższe dowody, Sąd uznał, że <xAnon>W. R.</xAnon> w okresie od dnia 26.04.1979r. do dnia 18.09.1993r. pracował w warunkach szczególnych. Jest to okres wynoszący 14 lat, 4 miesiące i 23 dni.</xText>
          
          <xText>Ponadto z dokumentów znajdujących się w aktach osobowych odwołującego z jego zatrudnienia w <xAnon> (...)</xAnon> w <xAnon>K.</xAnon> wynika, że został tam przyjęty od dnia 25.01.1974r. na stanowisko betoniarza i pracował tam do dnia powołania do odbycia zasadniczej służby wojskowej, czyli do dnia 22.04.1976r. Zdaniem Sądu zachodzą także podstawy do zaliczenia tego okresu jako pracy wykonywanej w szczególnych warunkach, jako wyszczególnionej w wykazie A, dziale V poz.4 tj. prace zbrojarskie i betoniarskie. Był to stosunkowo krótki okres, a z dokumentów znajdujących się w aktach osobowych nie wynika, aby stanowisko odwołującego uległo zmianie. Dlatego Sąd dał wiarę zeznaniom odwołującego, że przez cały okres pracował jako betoniarz-zbrojarz. Okres ten wynosi 2 lata, 2 miesiące i 29 dni.</xText>
          
          <xText>ZUS zaliczył odwołującemu okres wykonywania pracy w szczególnych warunkach w rozmiarze 3 miesiące i 28 dni z tytułu pracy w <xAnon> (...)</xAnon> w <xAnon>O.</xAnon><xAnon>M.</xAnon>. (k.18 a.e.). Sąd w niniejszym postępowaniu uznał dodatkowy okres 16 lat, 7 miesięcy i 22 dni. Zatem na dzień 01.01.1999r. odwołujący zgromadził 16 lat, 11 miesięcy i 20 dni pracy w szczególnych warunkach. Odwołujący spełnia także pozostałe warunki konieczne do uzyskania emerytury – ma staż ogólny wynoszący 25 lat, nie jest członkiem OFE i dnia 16.02.2012r. ukończył 60 lat.</xText>
          
          <xText>Z tych względów Sąd uznał, że <xAnon>W. R.</xAnon> spełnił wszystkie przesłanki do uzyskania prawa do emerytury w oparciu o art.184 powoływanej na wstępie ustawy i przyznał mu prawo do emerytury począwszy od dnia 01.05.2013r. stosownie do treści art.129 ust.1 ustawy z dnia 17.12.1998r. o emeryturach i rentach z FUS.</xText>
          
          <xText>Mając to na uwadze, Sąd Okręgowy zmienił zaskarżoną decyzję na mocy <xBx><xLexLink xArt="art. 477(14);art. 477(14) § 2" xIsapId="WDU19640430296" xTitle="Ustawa z dnia 17 listopada 1964 r. - Kodeks postępowania cywilnego" xAddress="Dz. U. z 1964 r. Nr 43, poz. 296">art.477<xSUPx>14</xSUPx>§2 k.p.c.</xLexLink></xBx></xText>
          
          <xText>Stosownie do treści art.118 ust.1 a w/w ustawy – Sąd, orzekając o prawie do emerytury, ma obowiązek stwierdzenia, czy organ rentowy ponosi lub nie ponosi odpowiedzialności za nieustalenie ostatniej okoliczności niezbędnej do wydania decyzji i przyznanie tego prawa na etapie postępowania administracyjnego. Sąd uznał, że w przedmiotowej sprawie ZUS nie ponosi takiej odpowiedzialności. Odwołujący się <xAnon>W. R.</xAnon>nie złożył do ZUS świadectwa wykonywania pracy w szczególnych warunkach w <xAnon>(...)</xAnon><xAnon>K.</xAnon>oraz istniały rozbieżności w treści świadectwa pracy i świadectwa wykonywania pracy w szczególnych warunkach w <xAnon>P.</xAnon> w <xAnon>O.</xAnon>. Ocena, czy odwołującemu należy zaliczyć do pracy w szczególnych warunkach sporny okres wymagała przeprowadzenia szerszego postępowania dowodowego, co możliwe było dopiero przed Sądem.</xText>
          
          <xText>Wobec powyższego w tym zakresie Sąd orzekł na mocy <xBx>art.118 ust.1 a </xBx>w/w ustawy.</xText>
        </xUnit>
      </xBlock>
    </xPart>
  </judgement>
<judgement id="150505000002521_V_U_001395_2013_Uz_2013-12-02_001">
    <xPart xClassifier="joakon" xEditorFullName="Joanna Konopko" xYear="2013" xLang="PL" xPublisherFullName="Celina Waszczeniuk" xFromPg="1" xEditor="joakon" xVolType="15/050500/0002521/U" xClassified="false" xPublisher="celwas" xDocType="Uz" xClassifierFullName="Joanna Konopko" xVolNmbr="001395" xVersion="1.0" xToPage="3" xFlag="published">
      <xName>Wyrok+Uzasadnienie</xName>
      <xBlock>
        <xText>
          <xBx>Sygn. akt V U 1395/13 </xBx>
        </xText>
        <xUnit xIsTitle="true" xBold="true" xType="part">
          <xName>WYROK</xName>
          <xTitle>W IMIENIU RZECZYPOSPOLITEJ POLSKIEJ</xTitle>
          <xText xALIGNx="right">Dnia 7 listopada 2013 roku</xText>
          
          <xText>Sąd Okręgowy w Białymstoku</xText>
          <xText>V Wydział Pracy i Ubezpieczeń Społecznych</xText>
          <xText>w składzie:</xText>
          
          <xText>Przewodniczący: SSO Elżbieta Krupińska</xText>
          <xText>Protokolant: Anna Matwiejuk</xText>
          
          <xText>po rozpoznaniu w dniu 7 listopada 2013 roku w Białymstoku</xText>
          <xText>na rozprawie</xText>
          <xText>sprawy <xAnon>D. P.</xAnon></xText>
          <xText>przeciwko Prezesowi Kasy Rolniczego Ubezpieczenia Społecznego</xText>
          <xText>o datę wypłaty części uzupełniającej renty rolniczej</xText>
          <xText>na skutek odwołania <xAnon>D. P.</xAnon></xText>
          <xText>od decyzji Prezesa Kasy Rolniczego Ubezpieczenia Społecznego</xText>
          <xText>z dnia 8 lipca 2013 roku Nr <xAnon>(...)</xAnon></xText>
          
          <xText xALIGNx="center">oddala odwołanie.</xText>
          
          <xText>
            <xBx>Sygn. akt V U 1395/13</xBx>
          </xText>
        </xUnit>
        <xUnit xIsTitle="true" xBold="true" xType="part">
          <xName>UZASADNIENIE</xName>
          <xText>Decyzją z dnia 08 lipca 2013 roku wydaną na podstawie <xLexLink xArt="" xIsapId="WDU19910070024" xTitle="Ustawa z dnia 20 grudnia 1990 r. o ubezpieczeniu społecznym rolników" xAddress="Dz. U. z 1991 r. Nr 7, poz. 24">ustawy z dnia 20 grudnia 1990 roku o ubezpieczeniu społecznym rolników</xLexLink> /Dz. U. 2008 Nr 50, poz. 291 z późn. zm./ Prezes Kasy Rolniczego Ubezpieczenia Społecznego załatwiając wniosek <xAnon>D. P.</xAnon> z dnia 04 lipca 2013 roku przeliczył rentę rolniczą z tytułu niezdolności do pracy od dnia 01 lipca 2013 roku – bezterminowo – w kwocie przysługującej do wypłaty wynoszącej 947,89 zł. W uzasadnieniu wskazał m.in., że część uzupełniająca renty nie podlega zawieszeniu, jeśli małżonek podlega ubezpieczeniu emerytalno-rentowemu z mocy ustawy.</xText>
          <xText>Od powyższej decyzji <xAnon>D. P.</xAnon> złożyła odwołanie, w którym wskazała, iż organ rentowy powinien rozpocząć wypłatę części uzupełniającej renty w całości z urzędu począwszy od dnia wejścia w życie znowelizowanych przepisów, czyli od dnia 01 stycznia 2013 roku. W związku z tym domagała się takiej wypłaty właśnie od tej daty.</xText>
          <xText>W odpowiedzi na odwołanie organ rentowy podtrzymał swoje stanowisko w sprawie i wniósł o oddalenie odwołania podnosząc, iż podjął wypłatę części uzupełniającej renty od dnia miesiąca złożenia wniosku przez odwołującą, co pozostawało w zgodzie ze wskazanymi w odpowiedzi regulacjami.</xText>
          
          <xText>
            <xBx>Sąd Okręgowy ustalił i zważył, co następuje:</xBx>
          </xText>
          <xText>Bezspornym ustaleniem jest, iż decyzją z dnia 17 marca 2006 roku, wydaną na podstawie wyroku Sądu Okręgowego w <xAnon>B.</xAnon>z dnia 11 stycznia 2006 roku w sprawie V U 1451/05, Prezes Kasy Rolniczego Ubezpieczenia Społecznego przyznał <xAnon>D. P.</xAnon>prawo do renty rolniczej z tytułu niezdolności do pracy z jednoczesnym zawieszeniem wypłaty części uzupełniającej świadczenia z uwagi na prowadzenie działalności rolniczej z małżonkiem, który podlegał ubezpieczeniu emerytalno-rentowemu z mocy ustawy. Następnie decyzją z dnia 06 czerwca 2006 roku podjęto wypłatę części uzupełniającej renty w 75 % w związku z tym, iż gospodarstwo rolne małżonka odwołującej położone jest w <xAnon>(...)</xAnon><xAnon>(...)</xAnon>.</xText>
          <xText>Poza sporem jest też, że w dniu 01 stycznia 2013 roku weszła w życie ustawa z dnia 11 maja 2012 roku o zmianie ustawy o emeryturach i rentach z Funduszu Ubezpieczeń Społecznych oraz niektórych innych ustaw /Dz.U. 2012, poz. 637/. Regulacja ta – w <xLexLink xArt="art. 3;art. 3 pkt. 3;art. 3 pkt. 3 lit. c" xIsapId="WDU19910070024" xTitle="Ustawa z dnia 20 grudnia 1990 r. o ubezpieczeniu społecznym rolników" xAddress="Dz. U. z 1991 r. Nr 7, poz. 24">art. 3 pkt 3 lit. c</xLexLink> – zmieniała też <xLexLink xArt="" xIsapId="WDU19910070024" xTitle="Ustawa z dnia 20 grudnia 1990 r. o ubezpieczeniu społecznym rolników" xAddress="Dz. U. z 1991 r. Nr 7, poz. 24">ustawę z dnia 20 grudnia 1990 roku o ubezpieczeniu społecznym rolników</xLexLink> /Dz. U. 2008 Nr 50, poz. 291 z późn. zm./ dodając do art. 28 tej ustawy ustęp 11.</xText>
          <xText>Tym samym, zgodnie z <xLexLink xArt="art. 28;art. 28 ust. 11" xIsapId="WDU19910070024" xTitle="Ustawa z dnia 20 grudnia 1990 r. o ubezpieczeniu społecznym rolników" xAddress="Dz. U. z 1991 r. Nr 7, poz. 24">art. 28 ust. 11 ustawy z dnia 20 grudnia 1990 roku o ubezpieczeniu społecznym rolników</xLexLink>, w przypadku, gdy rencista lub emeryt uprawniony do emerytury z art. 19 ust. 1 prowadzi działalność rolniczą z małżonkiem podlegającym ubezpieczeniu emerytalno-rentowemu z mocy ustawy, wypłata nie ulega zawieszeniu.</xText>
          <xText>Jednocześnie art. 4 ust. 5 tej ustawy stanowi, że wznowienie zawieszonej lub wstrzymanej wypłaty świadczenia bądź jego części następuje na wniosek.</xText>
          <xText>W ocenie Sądu należy zauważyć, że generalną zasadą prawa emerytalno-rentowego jest, że świadczenia wypłaca się na wniosek zainteresowanego, poczynając od dnia powstania prawa do emerytury lub renty (tj. spełnienia ustawowych warunków), lecz nie wcześniej niż od miesiąca, w którym zgłoszono wniosek o świadczenie. Reguła powyższa wyklucza możliwość wstecznego wypłacania świadczeń, tj. za okres po nabyciu prawa, a przed złożeniem wniosku, co w literaturze przedmiotu uzasadnia się zapobieganiem powstawaniu zjawiska kapitalizacji świadczeń (zob. I. Jędrasik-Jankowska, Prawo..., s. 185; T. Zieliński, Ubezpieczenia..., s. 212).</xText>
          <xText>Innymi słowy zatem, o ile odwołująca istotnie nabyła prawo do wypłaty części uzupełniającej renty z chwilą wejścia w życie znowelizowanych przepisów – co nie było przedmiotem niniejszego postępowania – o tyle wiążąca i tak pozostaje data złożenia wniosku o emeryturę. Pozostawało to zaś wyłącznie w gestii samej zainteresowanej. W przypadku odwołującej wiążąca pozostawała bezsporna data złożenia wniosku w dniu 04 lipca 2013 roku, wskutek czego zwiększone świadczenie przysługiwało jej od początku tego miesiąca, a zatem od dnia 01 lipca 2013 roku. Nie ma też żadnych podstaw do przyjęcia, że <xAnon>D. P.</xAnon> należało wypłacać świadczenie z urzędu, jako że tego typu sytuacje mają miejsce wyłącznie w szczególnych, dokładnie określonych prawem okolicznościach. Decyzja organu rentowego w niniejszej sprawie pozostawała więc prawidłowa.</xText>
          <xText>W tym stanie rzeczy, mając na uwadze powyższe, na mocy <xLexLink xArt="art. 477(14);art. 477(14) § 1" xIsapId="WDU19640430296" xTitle="Ustawa z dnia 17 listopada 1964 r. - Kodeks postępowania cywilnego" xAddress="Dz. U. z 1964 r. Nr 43, poz. 296">art. 477<xSUPx>14</xSUPx> § 1 kpc</xLexLink> orzeczono jak w sentencji.</xText>
        </xUnit>
      </xBlock>
    </xPart>
  </judgement>
<judgement id="150500000001521_III_APa_000014_2013_Uz_2013-11-07_001">
    <xPart xEditorFullName="Edyta Radziwońska" xYear="2013" xLang="PL" xPublisherFullName="Romualda Stroczkowska" xFromPg="1" xEditor="eradziwonska" xVolType="15/050000/0001521/APa" xPublisher="rstroczkowska" xDocType="Uz" xVolNmbr="000014" xVersion="1.0" xToPage="30" xFlag="published">
      <xName>Wyrok+Uzasadnienie</xName>
      <xBlock>
        <xText>Sygn.akt III APa 14/13</xText>
        <xUnit xIsTitle="true" xBold="true" xType="part">
          <xName>WYROK</xName>
          <xTitle>W IMIENIU RZECZYPOSPOLITEJ POLSKIEJ</xTitle>
          <xText xALIGNx="right">Dnia 7 listopada 2013r.</xText>
          <xText>Sąd Apelacyjny w Białymstoku, III Wydział Pracy i Ubezpieczeń Społecznych</xText>
          <xText>w składzie:</xText>
          <xText>
            <xBx> Przewodniczący: SSA Marek Szymanowski (spr.)</xBx>
          </xText>
          <xText>
            <xBx>  Sędziowie:  SO del. Sławomir Bagiński</xBx>
          </xText>
          <xText>
            <xBx>SA Alicja Sołowińska</xBx>
          </xText>
          <xText>
            <xBx>  Protokolant:  Agnieszka Charkiewicz</xBx>
          </xText>
          
          <xText>po rozpoznaniu na rozprawie w dniu 7 listopada 2013 r. w <xAnon>B.</xAnon></xText>
          <xText>
            <xBx>sprawy z powództwa <xAnon>M. W. (1)</xAnon></xBx>
          </xText>
          <xText>przeciwko Uniwersytetowi <xAnon> (...)</xAnon> w <xAnon>O.</xAnon></xText>
          <xText>o ochronę dóbr osobistych</xText>
          <xText>
            <xBx>na skutek apelacji powódki <xAnon>M. W. (1)</xAnon></xBx>
          </xText>
          <xText>od wyroku Sądu Okręgowego w Olsztynie IV Wydziału Pracy i Ubezpieczeń Społecznych z dnia 2 lipca 2013 r. sygn. akt IV P 30/12</xText>
          <xUnit xIsTitle="false" xType="none">
            <xName xSffx=".">I</xName>
            <xText>
              <xBx>
                <xIx>odrzuca apelację powódki w zakresie dotyczącym roszczeń wymienionych w piśmie powódki z dnia 27 września 2012 r. (k. 211) dotyczących: </xIx>
              </xBx>
            </xText>
          </xUnit>
          <xUnit xIsTitle="false" xType="none">
            <xName xSffx=".">1</xName>
            <xText>
              <xBx>
                <xIx>nakazania pozwanemu uporządkowania i prowadzenia akt osobowych powódki w określony sposób;</xIx>
              </xBx>
            </xText>
          </xUnit>
          <xUnit xIsTitle="false" xType="none">
            <xName xSffx=".">2</xName>
            <xText>
              <xBx>
                <xIx>zakazania pozwanemu wykorzystywania w ocenie pracy powódki określonych przez nią dokumentów; </xIx>
              </xBx>
            </xText>
          </xUnit>
          <xUnit xIsTitle="false" xType="none">
            <xName xSffx=".">3</xName>
            <xText>
              <xBx>
                <xIx>nakazania bezpośredniemu przełożonemu <xAnon>A. J. (1)</xAnon> ustnego przeproszenia powódki; </xIx>
              </xBx>
            </xText>
          </xUnit>
          <xUnit xIsTitle="false" xType="none">
            <xName xSffx=".">II</xName>
            <xText>
              <xBx>
                <xIx>oddala apelację w pozostałym zakresie; </xIx>
              </xBx>
            </xText>
          </xUnit>
          <xUnit xIsTitle="false" xType="none">
            <xName xSffx=".">III</xName>
            <xText>
              <xBx>
                <xIx>odstępuje od obciążania powódki kosztami zastępstwa prawnego pozwanego za drugą instancję. </xIx>
              </xBx>
            </xText>
          </xUnit>
        </xUnit>
        <xUnit xIsTitle="true" xBold="true" xType="part">
          <xName>UZASADNIENIE</xName>
          <xText><xBx>Powódka <xAnon>M. W. (1)</xAnon> wystąpiła</xBx> z pozwem przeciwko pozwanemu Uniwersytetowi <xAnon> (...)- (...)</xAnon> w <xAnon>O.</xAnon> o ochronę dóbr osobistych z tego tytułu domagała się w stosunku do pozwanego:</xText>
          <xUnit xIsTitle="false" xType="none">
            <xName xSffx=".">1</xName>
            <xText>zasądzenie kwoty 20 000 zł na rzecz <xAnon> Stowarzyszenia Hospicjum (...)</xAnon>. <xAnon>W.</xAnon> w <xAnon>G.</xAnon>;</xText>
          </xUnit>
          <xUnit xIsTitle="false" xType="none">
            <xName xSffx=".">2</xName>
            <xText>nakazanie pozwanemu uchylenie ocen pracy powódki wydanych przez Wydziałową Komisję Oceniającą z dnia 17 lutego 2009 r., 5 października 2010 r. i 11 kwietnia 2012 r., decyzji dotyczących oceny pracy wydanych przez Uczelnianą Komisję Oceniającą z dnia 25 września 2009 r., 18 listopada 2010 r. i 24 maja 2012 r. oraz wszystkich decyzji wydanych na podstawie ocen i decyzji wymienionych wyżej,</xText>
          </xUnit>
          <xUnit xIsTitle="false" xType="none">
            <xName xSffx=".">3</xName>
            <xText>nakazanie pozwanemu usunięcie z akt osobowych powódki wszystkich dokumentów dotyczących wyżej wymienionych ocen i decyzji,</xText>
          </xUnit>
          <xUnit xIsTitle="false" xType="none">
            <xName xSffx=".">4</xName>
            <xText>nakazanie pozwanemu wyłączenie ze składów komisji oceniających prace powódki wszystkich członków Wydziałowej Komisji Oceniającej i Uczelnianej Komisji Oceniającej wraz z przedstawicielami wydziału wskazanymi w § 2 ust. 2 pkt 8 decyzji <xAnon>(...)</xAnon><xAnon> (...)</xAnon> z dnia 16 grudnia 2008 r., którzy uczestniczyli w wydaniu ocen i decyzji wyżej wymienionych,</xText>
          </xUnit>
          <xUnit xIsTitle="false" xType="none">
            <xName xSffx=".">5</xName>
            <xText>nakazanie pozwanemu zaprzestanie powoływania się w ocenach pracy powódki na dokumenty obwiniające powódkę, które pozwany przedstawił w postępowaniu przed Komisją Dyscyplinarną ds. nauczycieli akademickich <xAnon> (...)</xAnon> zakończonym orzeczeniem uniewinniającym z dnia 1 czerwca 2010 r.,</xText>
          </xUnit>
          <xUnit xIsTitle="false" xType="none">
            <xName xSffx=".">6</xName>
            <xText>nakazanie pozwanemu zniszczenie wszystkich ankiet dotyczących pracy dydaktycznej powódki przeprowadzonych wśród studentów z naruszeniem obowiązującej na Wydziale Nauk <xAnon> (...)</xAnon> ankietyzacji określonej w dokumencie „<xIx>Program doskonalenia i oceny jakości kształcenia"</xIx> przyjętym przez Radę Wydziału w dniu 26 kwietnia 2006 r.,</xText>
          </xUnit>
          <xUnit xIsTitle="false" xType="none">
            <xName xSffx=".">7</xName>
            <xText>nakazanie pozwanemu zamieszczenie na formularzach ankiet przeprowadzanych w przyszłości wśród studentów na temat pracy dydaktycznej powódki następujących informacji: daty przeprowadzenia badania, nazwy przedmiotu, semestru i roku akademickiego, w którym odbywały się oceniane zajęcia, formy zajęć (wykład, ćwiczenia), nazwy kierunku oraz roku, typu i stopnia studiów,</xText>
          </xUnit>
          <xUnit xIsTitle="false" xType="none">
            <xName xSffx=".">8</xName>
            <xText>zasądzenie od pozwanego na rzecz powódki kosztów procesu.</xText>
          </xUnit>
          <xText>W uzasadnieniu pozwu powódka wskazała, że posiada bardzo dobre przygotowanie do pracy naukowej i dydaktycznej w dziedzinie metod ilościowych w naukach ekonomicznych, jako absolwentka <xAnon> (...)</xAnon><xAnon>G.</xAnon>. Tam uzyskała doktorat, ukończyła <xAnon> Studium (...)</xAnon> na Uniwersytecie <xAnon>M. K. (1)</xAnon> w <xAnon>T.</xAnon>. W swoim dorobku ma 12 artykułów opublikowanych w Przeglądzie Statystycznym. Na <xAnon> (...)</xAnon> pracuje od 1 lipca 2003 r. i do dnia 25 kwietnia 2006 r. była pozytywnie oceniana przez Wydziałową Komisję Oceniającą. Po tej dacie na podstawie bezzasadnych zarzutów przedstawionych przez <xAnon>prof. M. G.</xAnon> powódka została poddana ocenie w dniu 16 października 2007r. Na skutek negatywnej oceny całokształtu jej pracy, ocena została zaskarżona do Uczelnianej Komisji Oceniającej. Wydawane oceny były kolejno uchylane i zaskarżane, a w okresie od 16 października 2007r. do 24 maja 2012 r. komisje oceniające zajmowały się oceną pracy powódki dwunastokrotnie.</xText>
          <xText>Zasady przeprowadzania ocen nauczycieli akademickich określa <xLexLink xArt="art. 132" xIsapId="WDU20051641365" xTitle="Ustawa z dnia 27 lipca 2005 r. Prawo o szkolnictwie wyższym" xAddress="Dz. U. z 2005 r. Nr 164, poz. 1365">art. 132 ustawy Prawo o szkolnictwie wyższym</xLexLink> i zasady te w przypadku powódki były w jej ocenie wielokrotnie łamane przez pozwanego. W 2009 r. , powódka została ukarana upomnieniem z inicjatywy prof. <xAnon>G.</xAnon>, zarzuty wobec niej nie potwierdziły się, a Komisja Dyscyplinarna ds. <xAnon> (...)</xAnon> Akademickich <xAnon> (...)</xAnon> w dniu 1 czerwca 2010 r. uniewinniła powódkę. Mimo wszystko zdaniem powódki upomnienie to było podstawą kolejnej negatywnej oceny.</xText>
          <xText>W dniu 1 grudnia 2010 roku wręczono powódce wypowiedzenie umowy o pracę podając, a jako przyczynę wypowiedzenia wskazano dwie kolejne oceny negatywne. Sąd Rejonowy w Olsztynie IV Wydział Pracy i Ubezpieczeń Społecznych przywrócił powódkę do pracy na dotychczasowych warunkach (sygn. akt: IV P 559/10), uznając, że działanie pozwanego w zakresie przeprowadzenia ankiet wśród studentów były nierzetelne co skutkowało negatywną opinią o pracy dydaktycznej. Powódka oczekiwała, że po uprawomocnieniu się wyroku, zostanie przeprowadzone w <xAnon> (...)</xAnon> wewnętrzne postępowanie wyjaśniające skutkujące uchyleniem negatywnych ocen. Tak się nie stało, powódka została poddana kolejnej ocenie i w dniu 11 kwietnia 2012 r. Wydziałowa Komisja Oceniająca wydała negatywną ocenę całokształtu działalności powódki za okres 6 października 2010 - 11 kwietnia 2012 r., a z uwagi na wielokrotnie powtarzające się oceny negatywne komisja postawiła „ocenianą" do dyspozycji Rektora.</xText>
          <xText>Uczelniana Komisja Oceniająca w dniu 24 maja 2012 r. podjęła decyzję o zmianie oceny negatywnej na ocenę warunkowo-pozytywną. Warunki tej oceny wraz z zaleceniami do realizacji określone przez przewodniczącego komisji <xAnon>prof. T. R.</xAnon> powódka odebrała jako degradujące i poniżające. Powódka została skierowana na kurs dydaktyczno-pedagogiczny, zobowiązana do przedstawienia konspektu wykładu Kierownikowi Katedry, oraz miała zostać poddana dodatkowym hospitacjom. Na skutek prośby powódki anulowano obowiązek ukończenia kursu dydaktyczno-pedagogicznego, pozostały w mocy prawa dwa pozostałe zalecenia.</xText>
          <xText>Powódka zarzuciła pozwanemu łamanie § 5 ust. 3 załącznika statutu <xAnon> (...)</xAnon>, dotyczącego <xAnon> składu (...)</xAnon>, ponieważ członek komisji dr hab. <xAnon>A. O.</xAnon>-<xAnon>K.</xAnon> nie ma tytułu profesora.</xText>
          <xText>Powódka podniosła również, że w całym okresie ocenianym negatywnie, pozwany przydzielał jej zajęcia dydaktyczne w wymiarze przekraczającym pensum, chociaż nigdy nie wyrażała na podwyższenie zgody.</xText>
          <xText>Wszystkie te działania pozwanego zdaniem powódki naruszają dobra osobiste powódki, godzą w jej dobre imię, cześć, pozycję zawodową i prestiż.</xText>
          <xText><xBx>Pozwany <xAnon> (...) (...)- (...)</xAnon></xBx> w <xAnon>O.</xAnon> wniósł o oddalenie powództwa w całości i zasądzenie kosztów postępowania.</xText>
          <xText>Pozwany wyjaśnił, że zgodnie ze statutem uczelni, oceny pracownika dydaktycznego dokonuje się co 4 lata lub w innym terminie na wniosek kierownika jednostki organizacyjnej. Jeżeli jest ocena negatywna, ocenę przeprowadza się po upływie roku.</xText>
          <xText>Statut uczelni określa również zasady powoływania Komisji Oceniających Wydziałowej i Uczelnianej oraz ich skład, wobec czego brak jest podstaw do wyłączenia ze składu określonych osób. Oceny pracy powódki były dokonywane: za okres 26 kwietnia 2006 do 24 września 2009 r. we wrześniu 2009 r.; za okres 25 września 2009 r. do 5 października 2010 r. w październiku 2010 r., oraz za okres od 6 października 2010 r. do 11 kwietnia 2012 r. w kwietniu 2012 r. i były one przeprowadzone zgodnie z zapisami ustawy i statutu.</xText>
          <xText>Pozwany wskazał, że brak jest podstaw do usunięcia dokumentów z akt osobowych pracownika dotyczących oceny nauczyciela. Pozwany podkreślił, że wyrok Sądu Pracy uznający bezskuteczność wypowiedzenia umowy o pracę wskazał na błędy popełnione przez pozwanego przy dokonywaniu ankietyzacji studentów, natomiast nie uchylał negatywnej oceny pracy powódki. Podkreślił także, że całościowe oceny pracy nauczyciela akademickiego nie może być uznane za naruszenie dóbr osobistych. Ponadto odnosząc się do zwiększonej ilości godzin pracy pozwany wyjaśnił, że każdy nauczyciel <xAnon> (...)</xAnon> przekracza swoje pensum z uwagi na zbyt małą kadrę naukową wobec ilości studentów.</xText>
          <xText><xBx>Wyrokiem z dnia 2 lipca 2013 r</xBx>. Sąd Okręgowy w Olsztynie powództwo oddalił, odstępując jednocześnie od obciążania powódki kosztami procesu na rzecz pozwanego.</xText>
          <xText>U podstaw tego wyroku legły następujące ustalenia faktyczne:</xText>
          <xText>Powódka <xAnon>M. W. (1)</xAnon> podjęła zatrudnienie na Uniwersytecie <xAnon> (...)- (...)</xAnon> od 1 września 2000 r. jako adiunkt na <xAnon> (...)</xAnon> (obecnie Wydział Nauk <xAnon> (...)</xAnon>). Ocenę pracy powódki sporządzoną za okres od 1 września 2000 r. do 25 kwietnia 2006 r. ustalono na pozytywną, chociaż kierownik Katedry <xAnon>K. K. (2)</xAnon> po przeprowadzeniu hospitacji zajęć powódki w dniu 7 kwietnia 2006 r. wystawił ocenę niezadowalającą. W dniu 16 października 2007 r. Wydziałowa Komisja Oceniająca dokonała oceny pracy powódki za okres od 25 kwietnia 2006 r., gdzie działalność dydaktyczna została oceniona negatywnie, działalność naukowa warunkowo-pozytywnie, a działalność organizacyjna negatywnie. Ocena ta została anulowana przez Uczelnianą Komisję i jej przewodniczący w piśmie z 23 stycznia 2008 r. skierowanym do dziekana <xAnon> (...)</xAnon> prof. <xAnon>N.</xAnon> prosił o ponowną ocenę działalności naukowej i dydaktycznej powódki z uwzględnieniem opinii studentów studiów stacjonarnych.</xText>
          <xText>Kolejna ocena Komisji Wydziałowej z 4 lipca 2008 r. została odesłana przez Uczelnianą Komisję w dniu 30 lipca 2008r., ponieważ w części V pkt II arkusza nie dokonano jednoznacznej oceny działalności adiunkta (na działalność dydaktyczną - negatywna, na naukową - pozytywna, na działalność organizacyjną - warunkowo-pozytywna). Przy ponownej ocenie dokonanej 5 sierpnia 2008 r. uchwała Komisji Wydziałowej nie zapadła wymaganą bezwzględną większością głosów, a po odwołaniu się powódki do Uczelnianej Komisji jej przewodniczący Prorektor prof. <xAnon>T. R.</xAnon> skierował w dniu 30 stycznia 2009 r. pismo do Dziekana Wydziału Nauk <xAnon> (...)</xAnon> prof. <xAnon>G.</xAnon> o ponowne dokonanie oceny.</xText>
          <xText>Ocenę tę Komisja Wydziałowa przeprowadziła w dniu 19 lutego 2009 r., po zapoznaniu się z arkuszem hospitacyjnym z dnia 13 lutego 2009 r. sporządzonym przez Kierownika Katedry Metod Ilościowych <xAnon>prof. K. K.</xAnon>. Ocena za całokształt działalności adiunkta - negatywna.</xText>
          <xText>Odwołanie powódki do Uczelnianej Komisji nie zostało uwzględnione o czym poinformowano ją pismem z 25 września 2009 r. Również negatywna ocena Komisji Wydziałowej z dnia 5 października 2010 r. została utrzymana przez Uczelnianą Komisję w dniu 18 listopada 2010 r. W dniu 1 grudnia 2010 r. pozwany wręczył powódce wypowiedzenie umowy o pracę, podając jako przyczynę uzyskanie dwóch ocen negatywnych .</xText>
          <xText>Sąd Rejonowy w Olsztynie IV Wydział Pracy i ubezpieczeń Społecznych wyrokiem z dnia 6 lipca 2011 r. sygn. akt: IV P 559/10 uznał wypowiedzenie za bezskuteczne. W uzasadnieniu wskazał, że ankietyzacja studentów mająca znaczenie dla oceny pracy dydaktycznej powódki przeprowadzona była nierzetelnie, bez uwzględnienia standardów obowiązujących w tym zakresie.</xText>
          <xText>W dniu 11 kwietnia 2012 r. została przeprowadzona kolejna ocena pracy powódki, obejmująca okres od 7 października 2010 r. do 11 kwietnia 2012 r. Za całokształt działalności dydaktycznej i naukowej Komisja Wydziałowa wystawiła ocenę negatywną, nie oceniała działalności organizacyjnej, za całokształt działalności adiunkta wystawiono ocenę negatywną. Komisja z uwagi na wielokrotne powtarzające się oceny negatywne, postawiła powódkę do dyspozycji Rektora.</xText>
          <xText>W piśmie z dnia 21 maja 2012 r. skierowanym przez Zespół przy przedstawicielu Wydziału Nauk <xAnon> (...)</xAnon> w Uczelnianej Komisji Oceniającej do Rektora ds. Kadr <xAnon> (...)</xAnon><xAnon>prof. T. R.</xAnon>, oceniono całokształt sfery naukowo-dydaktycznej powódki jako warunkowo - pozytywny z zastrzeżeniem potrzeby realizacji zaleceń Komisji.</xText>
          <xText>Zespół zalecił podjęcie następujących działań:</xText>
          <xEnum>
            <xBullet>-</xBullet>
            <xEnumElem>
              <xText>skierować powódkę na kurs dydaktyczno-pedagogiczny;</xText>
            </xEnumElem>
          </xEnum>
          <xText>- zobowiązać do przedstawiania konspektu wykładów do akceptacji Kierownika Katedry przed rozpoczęciem zajęć ;</xText>
          <xText>- zastosować dodatkowe hospitacje zajęć pozwalające na konfrontacje przyjętych założeń w konspekcie z rzeczywistym ich prowadzeniem.</xText>
          <xText>W dniu 24 maja 2012 r. decyzją Rektora zmieniono ocenę z negatywnej na warunkowo-pozytywną (dowód - akta osobowe powódki).</xText>
          <xText>W dniu 26 stycznia 2009 r. na wniosek rzecznika dyscyplinarnego, Rektor <xAnon> (...)</xAnon> nałożył na powódkę karę dyscyplinarną upomnienia za nieprawidłowe relacje ze studentami studiów niestacjonarnych.</xText>
          <xText>W dniu 18 listopada 2009 r. Komisja Dyscyplinarna ds. <xAnon> (...)</xAnon> Akademickich <xAnon> (...)</xAnon> podjęła decyzję o odstąpieniu od ukarania, wskazując, że zebrany w sprawie materiał dowodowy nie wykazał, by powódka uchybiła obowiązkom nauczyciela akademickiego. Powódka wniosła o uniewinnienie jej od zarzutów i Komisja Dyscyplinarna przy Radzie Głównej Szkolnictwa Wyższego uchyliła w całości zaskarżone orzeczenie do ponownego rozpoznania, bowiem orzeczenie nie zostało podpisane przez pełny skład Komisji.</xText>
          <xText>Po ponownym rozpoznaniu przez Komisję Dyscyplinarną <xAnon> (...)</xAnon>, orzeczeniem z 1 czerwca 2010 r. uniewinniono dr <xAnon>M. W.</xAnon> od zarzutu popełnienia przewinienia dyscyplinarnego. W związku z powyższym powódka pismem z 27 września 2010 r. zwróciła się do Rektora o usunięcie z akt osobowych oceny negatywnej Wydziałowej Komisji Oceniającej z dnia 17 lutego 2009 r. oraz Uczelnianej Komisji Oceniającej z 25 września 2009 r. Rektor prof.<xAnon>T. R.</xAnon>pismem z 30 września 2010r. odmówił usunięcia ocen z akt osobowych wyjaśniając, że usunięciu z akt podlegają jedynie dokumenty dotyczące postępowania dyscyplinarnego i żądanie powódki pozbawione jest podstaw prawnych (dowód - akta osobowe).</xText>
          <xText>Kryteria i tryb okresowej oceny nauczycieli akademickich został określony w załączniku nr 7 statutu <xAnon> (...) (...)- (...)</xAnon>, wprowadzonego uchwałą Senatu z dnia 25 listopada 2011 r. obowiązującego od 1 grudnia 2011 r. (k. - 174-198), przed tą datą obowiązywał statut uchwalony w dniu 19 czerwca 2006 r. (k. - 201).</xText>
          <xText>Stosownie do postanowień ww. załącznika nr 7 Komisje Oceniające powołuje Rektor na okres kadencji, uchwały Komisji zapadają w głosowaniu tajnym, bezwzględną większością głosów przy obecności co najmniej połowy ogólnej liczby członków.</xText>
          <xText>Paragrafy 4-6 załącznika określają skład Komisji, rozdział 3 załącznika określa kryteria oceny działalności nauczyciela akademickiego, na które składają się kształcenie studentów, działalność naukowa, kształcenie kadr oraz działalność organizacyjna.</xText>
          <xText>Komisja Oceniająca Wydziałowa przedstawia nauczycielowi akademickiemu treść oceny, od której nauczycielowi przysługuje prawo wniesienia odwołania w terminie 14 dni do Uczelnianej Komisji Oceniającej. Komisja ta rozpatruje odwołanie w terminie 30 dni od daty złożenia. Komisja utrzymuje zakwestionowaną ocenę w mocy lub zmienia ją na korzyść odwołującego. Ocena taka jest ostateczna i zostaje złożona do akt osobowych nauczyciela (k. 197 - 199).</xText>
          <xText>Nauczyciele akademiccy podlegają ocenie co 4 lata lub na wniosek kierownika jednostki organizacyjnej (wg poprzedniego statutu §87), obecnie co 2 lata (§85). W przypadku uzyskania przez nauczyciela akademickiego oceny negatywnej, dodatkowe oceny jego działalności naukowo-dydaktycznej lub dydaktycznej przeprowadza się po upływie roku ( statuty <xAnon> (...)</xAnon>, k. 174- 199).</xText>
          <xText>Przygotowaniem kwestionariuszy do oceny zajmują się kadry. Komisja Wydziałowa liczy 9 osób, a w jej skład wchodzą przedstawiciele wydziału, związki zawodowe, przedstawiciele studentów i doktorantów. Na posiedzenie Komisji Wydziałowej wzywani są oceniani nauczyciele.</xText>
          <xText>Komisja Uczelniana wydaje ponownie ocenę na podstawie akt i dokumentów zebranych przez Komisję Wydziałową. Z posiedzenia Komisji sporządzane są protokoły, ale najczęściej zawierają tylko oceny i nie są protokołowane opinie, głosy czy dyskusje w czasie narady ( zeznania świadków :<xAnon>M. G.</xAnon> k. 252-254, <xAnon>M. M.</xAnon> k. 261 261v., <xAnon>J. K.</xAnon> k. 533-534, <xAnon>Z. K.</xAnon> k. 534 odwrót - 535)</xText>
          <xText><xAnon> Skład (...)</xAnon> na Wydziale Nauk <xAnon> (...)</xAnon> w liczbie 9 osób oraz Uczelnianej Komisji Oceniającej w liczbie 19 osób, także zespołu przedstawicieli nauczycieli akademickich z Wydziału Nauk <xAnon> (...)</xAnon> na 4-letnią kadencję, zostały powołane decyzją nr 44 2008 Rektora <xAnon> (...)</xAnon> w dniu 16 grudnia 2008 r. (k. 150-153).</xText>
          <xText>Z protokołu posiedzenia Uczelnianej Komisji Oceniającej w dniu 24 września 2009 r. wynika, że w głosowaniu tajnym nad oceną powódki 3 głosy były warunkowo-pozytywne, a 12 negatywnych ( protokół. K. 169).</xText>
          <xText>W dniu 18 listopada 2010 r., gdzie w posiedzeniu Uczelnianej Komisji uczestniczyli również przedstawiciele <xAnon> Zespołu (...)</xAnon> przygotowujących stanowisko w sprawie oceny powódki (w składzie W. <xAnon>O.</xAnon>, M. <xAnon>M.</xAnon> i <xAnon>K. R.</xAnon>) wynik głosowania tajnego był następujący: 3 głosy warunkowo-pozytywne, 9 głosów negatywnych (protokół k. 171).</xText>
          <xText>Zespół przygotował swoje stanowisko w piśmie przedstawionym Komisji Uczelnianej, gdzie odniósł się do wszystkich zarzutów powódki wobec negatywnej oceny Komisji Wydziałowej, dołączając również protokół z hospitacji Kierownika Katedry Metod Ilościowych <xAnon>M. K. (2)</xAnon> ( stanowisko zespołu k. 172, podpisane przez <xAnon>E. K.</xAnon>, <xAnon>W. O.</xAnon>, <xAnon>M. M.</xAnon> i <xAnon>K. R.</xAnon>, protokół hospitacji k. 173 oraz ostatnia ocena powódki Uczelnianej Komisji Oceniającej odbyła się w dniu 24 maja 2012 r. <xAnon> Zespół (...)</xAnon> w składzie <xAnon>A. O. K.</xAnon>, <xAnon>M. M.</xAnon> i <xAnon>K. R.</xAnon> po przedstawieniu hospitacji Kierownika Katedry Metod Ilościowych <xAnon>A. J.</xAnon> (k. 301,302) oraz pisma dotyczącego hospitacji skierowanego do Komisji Zatrudnienia <xAnon> (...)</xAnon> (k. 168) . Zespół zasugerował zmianę oceny z negatywnej na warunkowo-pozytywną z zaleceniem spełnienia trzech warunków wyżej wspomnianych (stanowisko zespołu k. 167).</xText>
          <xText>W wyniku tajnego głosowania, w którym uczestniczyło 12 osób, liczbą 11 głosów zmieniono ocenę na warunkowo-pozytywną (protokół k. 165- 166). Osoby biorące udział w głosowaniu nie miały wątpliwości co do zasadności merytorycznej oceny negatywnej Komisji Wydziałowej, uznały jednak, że dla dobra powódki i dobrej współpracy zmiana oceny oraz zaproponowanie dodatkowych działań będzie korzystne dla niej i studentów.</xText>
          <xText>Świadkowie <xAnon>M. M.</xAnon>, <xAnon>A. O. K.</xAnon>oraz <xAnon>K. R.</xAnon> odnieśli się do działalności naukowej powódki, publikacji naukowych, pracy ze studentami, dużej ilości nie zdanych przez nich egzaminów, skarg studentów na niezrozumiałe wykłady z wnioskowania statystycznego, godzin przepracowanych przez powódkę ponad pensum, gdzie nie stwierdzono większych obciążeń niż pozostali pracownicy, nie dopatrując się naruszenia przepisów, ( zeznania ww. świadków k. 257 odwrót - 260, k. 262, 263, zestawienie godzin ponadwymiarowych za lata 2006-2012 w aktach IV P 559/10 oraz k. 200).</xText>
          <xText>Powódka poddana była hospitacji przez kierowników Katedry Metod Ilościowych w 2009 r. przez <xAnon>K. K.</xAnon> (protokół hospitacji w aktach osobowych), <xAnon>M. K.</xAnon> w 2010 r. (protokół k. 173), oraz <xAnon>A. J.</xAnon> w 2012 r. (protokół hospitacji k. 301, 302).</xText>
          <xText><xAnon>M. K.</xAnon> wystawiła powódce ocenę pozytywną, chociaż miała pewne zastrzeżenia co do sposobu prowadzenia zajęć, komunikacji ze studentami, dużej niezdawalności egzaminów, skarg studentów na niezrozumiałe wykłady z wnioskowania statystycznego i brak pomocy powódki w zakresie dodatkowych konsultacji. Świadek jako kierownik Katedry osobiście uczestniczyła w rozdawaniu ankiet studentom na zajęciach prowadzonych przez powódkę (zeznania świadek <xAnon>M. K.</xAnon> k. 337-339).</xText>
          <xText>Świadek <xAnon>A. J.</xAnon> wystawił z hospitacji ocenę negatywną mając zastrzeżenia do formy prowadzenia zajęć ze studentami, jako kierownik katedry wskazał, że powódka kwestionowała jego polecenia i ustalenia, co utrudniało porozumienie i współpracę. Miał również uwagi do poziomu przygotowania studentów ze statystyki, skarżyli się, że nic nie rozumieją, nie potrafią zrobić notatek, a ich brak wiedzy jest wynikiem złego nauczania. Odebrał powódce wykłady i ćwiczenia z wnioskowania statystycznego i powierzył je częściowo dr <xAnon>M.</xAnon>, który będzie uprawniony do zaliczania zajęć i egzaminów (zeznania świadka <xAnon>A. J.</xAnon> k. 254-256).</xText>
          <xText>Powódka podnosiła, że wnioskowanie statystyczne jest trudnym przedmiotem, a przyjmowanie studentów na II stopień studentów niezależnie po jakim są kierunku skutkuje dużym wskaźnikiem niezdawalności i ta okoliczność nie jest zależna tylko od powódki.</xText>
          <xText>W związku z tym kwestionowała formę przeprowadzenia egzaminów komisyjnych w 2010 r., pisząc w tej sprawie do Kierownika Katedry <xAnon>M. K.</xAnon> oraz Prorektora <xAnon> (...)</xAnon><xAnon>J. W.</xAnon>, wnosząc o anulowanie łych egzaminów k. 364 - 378).</xText>
          <xText>Sąd Okręgowy ustalił również, iż w 2007 r. powódka uzyskała grant uczelniany na badania i działalność habilitacyjną. Pozytywną opinię o postępie prac wystawił powódce <xAnon>prof. B. G.</xAnon> z <xAnon> Akademii (...)</xAnon> w <xAnon>P.</xAnon> (k. 84). Ocena kierowników Katedry Metod Ilościowych (<xAnon>K. K.</xAnon>, <xAnon>M. K.</xAnon>; A <xAnon>J.</xAnon>) oraz dziekana <xAnon> (...)</xAnon><xAnon>M. G.</xAnon> o zakresie i tempie pracy habilitacyjnej były negatywne (k. 252 - 256 oraz 337odwrót - 339).</xText>
          
          <xText>Rozważając powyższe ustalenia pod kątem przepisów prawa materialnego Sąd Okręgowy wskazał, iż powódka opierała swoje żądania na <xLexLink xArt="art. 23;art. 24;art. 448" xIsapId="WDU19640160093" xTitle="Ustawa z dnia 23 kwietnia 1964 r. - Kodeks cywilny" xAddress="Dz. U. z 1964 r. Nr 16, poz. 93">art. 23, 24 i 448 kodeksu cywilnego</xLexLink> w zw. z <xLexLink xArt="art. 11(1)" xIsapId="WDU19740240141" xTitle="Ustawa z dnia 26 czerwca 1974 r. - Kodeks pracy" xAddress="Dz. U. z 1974 r. Nr 24, poz. 141">art. 11<xSUPx>1</xSUPx> kodeksu pracy</xLexLink> twierdząc, iż w latach 2007-2012 pozwany podejmował działania naruszające jej dobra osobiste w szczególności dobre imię, pozycję zawodową i prestiż. Pozwany bowiem z naruszeniem przepisów dotyczących ocen nauczyciela akademickiego, poddawał ją jej ocenom dwunastokrotnie, co było „zamierzonym działaniem na szkodę dobrego imienia powódki"</xText>
          <xText>W związku z powyższym nakazanie pozwanemu uchylenie wszystkich decyzji dotyczących oceny pracy powódki w ww. okresie stanowiłoby niematerialną rekompensatę za naruszenie jej godności i dobrego imienia. W ocenie Sądu Okręgowego zauważyć należało, iż oceny pracy powódki były przeprowadzane przez Komisję Wydziałową i Uczelnianą w składach osobowych powołanych w 2008 r. przez Rektora <xAnon> (...)</xAnon> na czteroletnią kadencję, stosownie do uprawnień nadanych ustawą o szkolnictwie wyższym <xIx>(DZ. U, nr 164 z 2005r. poz. 1365 ze zm.) </xIx>oraz statutów z 2008 r. i 2011 r. <xAnon> (...) (...)- (...)</xAnon> w <xAnon>O.</xAnon>. Kadencja trwa 4 lata i istotnie ocen pracy powódki dokonywały te same osoby, ale Sąd rozpoznający niniejszą sprawę nie jest uprawniony do zmiany składu osobowego komisji i wyłączenia wszystkich członków Komisji Wydziałowej i Uczelnianej uczestniczących w ocenach pracy powódki.</xText>
          <xText>Uniwersytet jest autonomiczny we wszystkich obszarach swego działania na zasadach określonych w ustawie, a nadzór nad jego działalnością w zakresie zgodności z prawem sprawuje właściwy minister (art. 8 statutu). Legalność składu komisji oceniających w żaden sposób nie została podważona, zatem osoby uczestniczące w ocenach pracy powódki działały w ramach uprawnień nadanych przez statuty i Rektora.</xText>
          <xText>Z posiedzeń Komisji Uczelnianej w dniach 24 września 2009 r., 18 listopada 2010 r. oraz 24 maja 2012 r. przedstawiono protokoły, gdzie uczestniczyło odpowiednio: 16 osób, 13 osób oraz 12 osób. Protokoły odzwierciedlają przebieg tajnego głosowania, a jego wyniki są jednoznaczne. Przesłuchani świadkowie, członkowie komisji oraz zespołu przedstawicieli (<xAnon>A. O.</xAnon>-<xAnon>K.</xAnon>, <xAnon>M. M.</xAnon>, <xAnon>K. R.</xAnon>, <xAnon>W. O.</xAnon>) podkreślali, że w orzeczeniach komisji nikt nie kierował się uprzedzeniami czy kryteriami pozanaukowymi, a jedynie związanymi bezpośrednio z wykonywaną pracą i działalnością na uczelni. Ocenie musi być poddawany każdy nauczyciel akademicki, a na jego ocenę składają się różne czynniki, nie tylko ankiety przeprowadzone wśród studentów, na które taki nacisk kładzie powódka.</xText>
          <xText>Kryteria i tryb okresowej oceny nauczycieli akademickich określa załącznik nr 7 do statutu. Okresowa ocena obejmuje wyniki pracy w zakresie kształcenia studentów, działalności naukowej, kształcenia kadr, działalności organizacyjnej (§8 i następne), precyzujące ww. kryteria cząstkowe oceny w tym zakresie uwzględnione są w części V kwestionariusza oceny adiunkta.</xText>
          <xText>Kwestionariusz w części II wypełnia oceniany nauczyciel i w przypadku powódki poza grantem habilitacyjnym dotychczas niezrealizowanym, brak danych o działalności na uczelni, uczestnictwie w zjazdach, sympozjach, stażach i stypendiach, nagrodach i wyróżnieniach. Trudno Sądowi odnieść się do oceny dorobku naukowego, czy 12 publikacji w okresie 7 lat, to dużo czy mało. Komisje oceniające uznały to za niewielki dorobek naukowy, mając przecież skalę porównawczą z własną działalnością naukową oraz pozostałych pracowników dydaktyczno-naukowych <xAnon> (...)</xAnon>. Sąd Okręgowy dał wiarę przełożonym powódki Kierownikowi Katedry świadkowi <xAnon>J.</xAnon> oraz dziekanowi <xAnon> (...)</xAnon><xAnon>M. G.</xAnon>, także świadkom, którzy pracują na uczelni na takich samych zasadach jak powódka, podlegają takim samym nakazom, zakazom i obowiązkom (zeznania świadków <xAnon>M. M.</xAnon>, <xAnon>A. O.</xAnon>-<xAnon>K.</xAnon>, <xAnon>M. M.</xAnon>, <xAnon>K. R.</xAnon>, <xAnon>M. K.</xAnon>).</xText>
          <xText>Istotnie za dziwne uznał Sąd Okręgowy ilość ocen przeprowadzanych na przestrzeni 5 lat, jednak jest to zgodne z zapisem statutu, który stanowi, że w przypadku oceny negatywnej ponownej oceny dokonuje się po roku (§ 87). Ponadto powódka odwoływała się od każdej oceny, które częściowo były uchylone, uzupełnione stosownie do obowiązujących procedur, o czym świadczy bogata korespondencja powódki z przełożonymi, organami uczelni oraz prorektorem, a to przyczyniło się do powstania tak licznych ocen.</xText>
          <xText>Ankietyzacja opinii wśród studentów jest elementem informacji o procesie dydaktycznym uczelni, a jednocześnie jednym z wielu czynników mających wpływ na ostateczną ocenę pracy nauczyciela. „Program doskonalenia i oceny jakości kształcenia" Wydziału Nauk <xAnon> (...)</xAnon> określa organizację zajęć dydaktycznych, pakiet informacyjny dla studentów, zasady prowadzenia hospitacji zajęć dydaktycznych, zasady przeprowadzania egzaminów dyplomowych. Sąd Rejonowy w sprawie IV P 559/10 uznał ankietyzację studentów za nierzetelną, bowiem prowadzona była bez obecności powódki, koperty byłe nie zaklejone, co naruszało standardy określone w Programie. Z tych względów uznał, że przyczyna wypowiedzenia nie była obiektywna i zgodna z rzeczywistością, co skutkowało uznaniem wypowiedzenia za bezskuteczne. W żadnym wypadku jednak wyrok ten nie uchylił ocen negatywnych powódki sporządzanych przez uprawnione do tego organy uczelni, a w dodatku obejmujących całokształt pracy nauczycieli, a niejeden z jego elementów.</xText>
          <xText>Wymieniony wyżej Program <xAnon> (...)</xAnon> i Oceny Jakości <xAnon> (...)</xAnon> ma charakter pomocniczy i jak zeznali świadkowie <xAnon>M. G.</xAnon>, <xAnon>M. K.</xAnon> i <xAnon>A. O.</xAnon>-<xAnon>K.</xAnon>, również w przypadku innych nauczycieli, których w Wydziale Nauk <xAnon> (...)</xAnon> jest ok. 120, zdarzały się odstępstwa od terminu ankietyzacji. Zdaniem Sądu Okręgowego dla nauczyciela akademickiego termin przeprowadzenia ankietyzacji nie ma większego znaczenia, albowiem nauczyciele mają świadomość, że ich praca dydaktyczna ze studentami podlega ocenie każdego dnia i są z niej rozliczani.</xText>
          <xText>Sąd Okręgowy rozważając podnoszoną przez powódkę bezprawność pozwanego, przywołał wyrok Sądu Najwyższego z dnia 15 czerwca 2005 r., II PK 270/04 stwierdzający, że ocena dydaktycznych i metodologicznych umiejętności nauczyciela jest działaniem w ramach obowiązującego porządku prawnego i nie może stanowić podstawy zasądzenia odszkodowania z tytułu naruszenia dóbr osobistych. W tym zakresie odwołał się też do orzeczenia SN z 30 października 1981 r., II CR 384/81 stwierdzającego, że negatywne oceny profesjonalne, pochodzące od osób kompetentnych w określonej hierarchii zawodowej, nie mają charakteru bezprawnego.</xText>
          <xText>Sąd Okręgowy zaakcentował, iż wszystkie oceny pracy powódki zostały dokonane przez uprawnione komisje powołane przez Rektora na podstawie obowiązującego statutu. W skład tych komisji wchodziły osoby wybrane z kadry naukowej Uniwersytetu, przedstawicieli związków zawodowych oraz samorządu studenckiego firmują oceny swoim nazwiskiem i autorytetem, trudno zatem uznać, że oceny przez nich wystawiane są niezgodne z prawdą i przyjętymi standardami. Wszyscy świadkowie podkreślali, że nie pozostają z powódką w konflikcie, że traktowana jest jak każdy inny nauczyciel akademicki, a zmieniając ostatnie oceny z maja 2012 r. na warunkowo-pozytywną, mieli na uwadze zakończenie długoletniego postępowania odwoławczego z życzliwości dla powódki. Jednocześnie podkreślili, że gdyby kierowali się tylko merytoryczną oceną pracy, to nadal byłaby ona negatywna. Niewątpliwym jest, iż powódka ma poczucie niesprawiedliwości, zarzuca wszystkim komisjom „<xIx>determinację w wydawaniu kolejnych ocen negatywnych"</xIx>. Kolejnym kierownikom Katedry Metod Ilościowych <xAnon>K. K.</xAnon>, <xAnon>M. K.</xAnon> i <xAnon>A. J.</xAnon> zarzuca celowe i uporczywe działania zmierzające do naruszenia jej dobrego imienia i poniżanie w oczach studentów, celowe utrudnianie habilitacji (zeznania powódki k. 535 ). Należy wskazać, że przesłankami zadośćuczynienia pieniężnego lub zapłaty odpowiedniej sumy pieniężnej na wskazany cel społeczny (<xLexLink xArt="art. 24;art. 24 § 1" xIsapId="WDU19640160093" xTitle="Ustawa z dnia 23 kwietnia 1964 r. - Kodeks cywilny" xAddress="Dz. U. z 1964 r. Nr 16, poz. 93">art. 24 § 1 k.c.</xLexLink>), są naruszenia dobra osobistego oraz bezprawność działania w postaci naruszenia tego dobra. Oceny naruszenia dobra osobistego należy zawsze dokonywać w oparciu o przeciętne oceny społeczne powszechnie przyjęte, a nie indywidualne odczucia osoby domagającej się ochrony przewidzianej w <xLexLink xArt="art. 24" xIsapId="WDU19640160093" xTitle="Ustawa z dnia 23 kwietnia 1964 r. - Kodeks cywilny" xAddress="Dz. U. z 1964 r. Nr 16, poz. 93">art. 24 k.c.</xLexLink> Chodzi o to, by ocena naruszenia dobra osobistego odnosiła się do zobiektywizowanych ocen, a nie subiektywnego odczucia osoby pokrzywdzonej. Ponadto działania podmiotu przeciwko któremu kierowane jest roszczenie, jest bezprawne.</xText>
          <xText>W świetle zebranego materiału dowodowego, nie można w postępowaniu pozwanego dopatrzeć się stosowania wobec powódki odmiennych kryteriów oceny aniżeli pozostałych pracowników <xAnon> (...)</xAnon>. Każdy nauczyciel akademicki podlega ocenie w terminach i trybie ustalonym w ustawie o szkolnictwie wyższym (art. 132), oraz w statucie uczelni (§85 i następne). Na całokształt oceny o czym wspomniano wyżej, składają się oprócz dorobku naukowego, opinie studentów, nie tylko na podstawie ankietyzacji, opinie współpracowników, przełożonych, wzajemne relacje powstające każdego dnia w czasie pracy na uczelni. Ocen wszystkich nauczycieli dokonują komisje wydziałowe i uczelniana powołane na 4-letnią kadencję, oceniają w tym samym składzie osobowym i wg tych samych kryteriów. Nauczyciel akademicki wchodzący w skład katedry podporządkowany jest jej kierownikowi (§39 statutu), za wydział odpowiada dziekan, który jest przełożonym wszystkich pracowników, studentów i doktorantów (§25 i następne statutu). Działalnością Uniwersytetu kieruje Rektor przy pomocy Prorektorów (§17 i następne statutu). W związku z powyższym nie można kwestionować decyzji wydanych przez te organy, albowiem to one ponoszą odpowiedzialność za działania podległych im jednostek organizacyjnych i zgodności tych działań z obowiązującym na uczelni prawem. Ponosząc odpowiedzialność za katedrę i wydział, kierownik i dziekan ustalili, że najpierw będą odbywać się ćwiczenia, później wykłady, na studia II stopnia na kierunki ekonomia i zarządzanie można przyjmować studentów innych kierunków studiów, część zajęć powódki przekazana została dr <xAnon>M.</xAnon>, podjęta została również decyzja o egzaminach komisyjnych dla studentów powódki z wnioskowania statystycznego. Powódka kwestionowała zasadność takich rozwiązań jako niezgodne z prawem. Zdaniem Sądu, są to wewnętrzne sprawy uczelni, która posiada pełną autonomię, a nadzór nad działalnością Uniwersytetu w zakresie zgodności z prawem sprawuje minister właściwy ds. szkolnictwa wyższego (§1 ust. 7 i 8 statutu).</xText>
          <xText>Wszystko to powoduje zdaniem Sądu Okręgowego , iż nie może nakazać pozwanemu zniszczenia ocen pracy powódki, ankiet dotyczących pracy dydaktycznej, czy wyłączenia ze składów komisji osób powołanych przez Rektora na 4 letnią kadencję i powołania nowych komisji celem przeprowadzenia oceny pracy powódki. Sąd nie może również ingerować w wewnętrzne sprawy uczelni i nakazać, jaką formę mają mieć formularze ankiet, jakie zapisy mają zawierać, w jaki sposób mają być przeprowadzane ankietyzacje studentów dotyczące oceny pracy dydaktycznej powódki w przyszłości.</xText>
          <xText>W tym stanie rzeczy Sąd Okręgowy powództwo oddalił orzekając o kosztach procesu na zasadzie art. <xLexLink xArt="art. 102" xIsapId="WDU19640430296" xTitle="Ustawa z dnia 17 listopada 1964 r. - Kodeks postępowania cywilnego" xAddress="Dz. U. z 1964 r. Nr 43, poz. 296">art. 102 k.p.c.</xLexLink></xText>
          <xText><xBx>Powódka wywiodła apelację od</xBx> powyżej przedstawionego wyroku Sądu Okręgowego zaskarżając go punkcie  punkt I powyższego wyroku ( co do oddalenia powództwa)i zarzucając mu:</xText>
          <xUnit xIsTitle="false" xType="none">
            <xName xSffx=".">1</xName>
            <xText>naruszenie prawa materialnego<xBx> przez:</xBx></xText>
          </xUnit>
          <xUnit xIsTitle="false" xType="none">
            <xName xSffx=".">a</xName>
            <xText>błędną interpretację statusu przepisów statutu <xAnon> (...)</xAnon> w systemie prawnym przez przyjęcie, że przepisy statutu <xAnon> (...)</xAnon> nie podlegają ocenie Sądu w zakresie gwarantowania przestrzegania <xLexLink xArt="art. 11(1);art. 94;art. 94 ust. 9" xIsapId="WDU19740240141" xTitle="Ustawa z dnia 26 czerwca 1974 r. - Kodeks pracy" xAddress="Dz. U. z 1974 r. Nr 24, poz. 141">art.11 <xSUPx>1</xSUPx> i art. 94 ust 9 k.p.</xLexLink>;</xText>
          </xUnit>
          <xUnit xIsTitle="false" xType="none">
            <xName xSffx=".">b</xName>
            <xText>naruszenie <xLexLink xArt="art. 365;art. 366" xIsapId="WDU19640430296" xTitle="Ustawa z dnia 17 listopada 1964 r. - Kodeks postępowania cywilnego" xAddress="Dz. U. z 1964 r. Nr 43, poz. 296">art. 365-366 k.p.c.</xLexLink> przez nieprzyjęcie, że nierzetelność całościowych ocen pracy powódki z dnia 17 lutego <xAnon> (...)</xAnon>. i 5 października 2010 r., dokonanych przez wydziałową komisję oceniającą ma powagę rzeczy osądzonej;</xText>
          </xUnit>
          <xUnit xIsTitle="false" xType="none">
            <xName xSffx=".">c</xName>
            <xText>niezastosowanie <xLexLink xArt="art. 8" xIsapId="WDU19740240141" xTitle="Ustawa z dnia 26 czerwca 1974 r. - Kodeks pracy" xAddress="Dz. U. z 1974 r. Nr 24, poz. 141">art. 8 k.p.</xLexLink> przy ocenie sposobu dokonywania ocen i podejmowanych przez pozwanego decyzji dotyczących powódki;</xText>
          </xUnit>
          <xUnit xIsTitle="false" xType="none">
            <xName xSffx=".">d</xName>
            <xText>błędną wykładnię <xLexLink xArt="art. 24" xIsapId="WDU19640160093" xTitle="Ustawa z dnia 23 kwietnia 1964 r. - Kodeks cywilny" xAddress="Dz. U. z 1964 r. Nr 16, poz. 93">art. 24 k.c.</xLexLink> przez wadliwą oceną braku bezprawności działania pozwanego;</xText>
          </xUnit>
          <xUnit xIsTitle="false" xType="none">
            <xName xSffx=".">e</xName>
            <xText>błędną wykładnię, obowiązującej na Wydziale Nauk <xAnon> (...)</xAnon> na mocy <xLexLink xArt="art. 68;art. 68 ust. 3" xIsapId="WDU20051641365" xTitle="Ustawa z dnia 27 lipca 2005 r. Prawo o szkolnictwie wyższym" xAddress="Dz. U. z 2005 r. Nr 164, poz. 1365">art. 68 ust. 3 ustawy prawo o szkolnictwie wyższym</xLexLink> i § 23 ust. 1, pkt 1, 7-8 Statutu <xAnon> (...)</xAnon> w związku z art. 68 ust.2 w/w ustawy, procedury ankietyzacji studentów, określonej uchwałą Rady Wydziału z dnia 26 kwietnia 2006 r. w dokumencie pt. "Program doskonalenia i oceny jakości kształcenia", przez przyjęcie, że program ten miał tylko „charakter pomocniczy";</xText>
          </xUnit>
          <xUnit xIsTitle="false" xType="none">
            <xName xSffx=".">f</xName>
            <xText>naruszenie <xLexLink xArt="art. 94;art. 94 ust. 9" xIsapId="WDU19740240141" xTitle="Ustawa z dnia 26 czerwca 1974 r. - Kodeks pracy" xAddress="Dz. U. z 1974 r. Nr 24, poz. 141">art. 94 ust 9 k.p.</xLexLink> przez nieuznanie za nieuprawnione</xText>
          </xUnit>
          <xEnum>
            <xBullet>-</xBullet>
            <xEnumElem>
              <xText>naruszania przez pozwanego obowiązującej na Wydziale procedury ankietyzacji studentów przy ocenie pracy powódki,</xText>
            </xEnumElem>
            <xEnumElem>
              <xText>niezamieszczania w ankietach przeprowadzanych przez pozwanego wśród studentów informacji o tym, jakich konkretnie zajęć, z jakiego przedmiotu i kiedy realizowanych dotyczy badanie,</xText>
            </xEnumElem>
            <xEnumElem>
              <xText>naruszenia przez pozwanego elementarnych zasad metodologii badań sondażowych przy określaniu na podstawie badań ankietowych, przedstawianej w arkuszach ocen, struktury opinii całej populacji studentów powódki o jej pracy dydaktycznej,</xText>
            </xEnumElem>
            <xEnumElem>
              <xText>niezdefiniowanie przez pozwanego zasad, które w sposób jednoznaczny przypisywałyby wynikom badania ankietowego ściśle określone oceny pracy dydaktycznej,</xText>
            </xEnumElem>
            <xEnumElem>
              <xText>niedopuszczenie przez pozwanego możliwości wyłączenia z komisji oceniających osób, które nie gwarantują bezstronności w ocenie pracy powódki, tj. na przykład osób biorących udział w przeszłości w dokonywaniu ocen pracy powódki, które zostały uchylone następnie w postępowaniu odwoławczym <xAnon> (...)</xAnon> lub uznane za nierzetelne w prawomocnym wyroku Sądu;</xText>
            </xEnumElem>
          </xEnum>
          <xText><xBx>g) </xBx>naruszenie <xLexLink xArt="art. 11(2)" xIsapId="WDU19740240141" xTitle="Ustawa z dnia 26 czerwca 1974 r. - Kodeks pracy" xAddress="Dz. U. z 1974 r. Nr 24, poz. 141">art. 11<xSUPx>2</xSUPx> k.p.</xLexLink> przez nieuznanie za bezprawne nierównego traktowania</xText>
          <xText>przez pozwanego powódki i innych adiunktów w sprawie terminu dokonywania oceny przez wydziałową komisję oceniającą (zamiast w kwietniu 2008 r. ocena pracy powódki została dokonana w lipcu 2008 r. w ostatni dzień roboczy poprzedzający urlop wypoczynkowy powódki);</xText>
          <xText><xBx>h)</xBx> naruszenie <xLexLink xArt="art. 11(1)" xIsapId="WDU19740240141" xTitle="Ustawa z dnia 26 czerwca 1974 r. - Kodeks pracy" xAddress="Dz. U. z 1974 r. Nr 24, poz. 141">art. 11<xSUPx>1 </xSUPx>k.p.</xLexLink> przez nieuznanie za bezprawne wykorzystywanie ocen pracy powódki dokonanych przez Wydziałową Komisję Oceniającą w dniu 17 lutego 2009 r. i 5 października 2010 r., bez jednoczesnego podawania informacji, że oceny te zostały uznane za nierzetelne w zakończonym prawomocnym wyrokiem postępowaniu przed Sądem Rejonowym w Olsztynie;</xText>
          <xText><xBx>i)</xBx> naruszenie <xLexLink xArt="art. 11(1)" xIsapId="WDU19740240141" xTitle="Ustawa z dnia 26 czerwca 1974 r. - Kodeks pracy" xAddress="Dz. U. z 1974 r. Nr 24, poz. 141">art. 11<xSUPx>1</xSUPx> k.p.</xLexLink> przez nieuznanie za bezprawne wykorzystywanie ocen pracy powódki dokonanych przez Wydziałową Komisję Oceniającą w latach 2007-2008, bez jednoczesnego podawania informacji, że oceny te zostały uchylone w wewnętrznym postępowaniu odwoławczym <xAnon> (...)</xAnon>;</xText>
          <xText><xBx>j)</xBx> naruszenie <xLexLink xArt="art. 2" xIsapId="WDU19740240141" xTitle="Ustawa z dnia 26 czerwca 1974 r. - Kodeks pracy" xAddress="Dz. U. z 1974 r. Nr 24, poz. 141">art. II</xLexLink><xSUPx>1</xSUPx><xLexLink xArt="" xIsapId="WDU19740240141" xTitle="Ustawa z dnia 26 czerwca 1974 r. - Kodeks pracy" xAddress="Dz. U. z 1974 r. Nr 24, poz. 141">k.p.</xLexLink> przez nieuznanie za bezprawne podawanie informacji, że w 2008 r. Rektor przekazał rzecznikowi dyscyplinarnemu sprawę powódki, bez jednoczesnego podawania informacji, o tym, że powódka została uniewinniona w postępowaniu przed komisją dyscyplinarną;</xText>
          <xText><xBx>k)</xBx> naruszenie <xLexLink xArt="art. 11(1)" xIsapId="WDU19740240141" xTitle="Ustawa z dnia 26 czerwca 1974 r. - Kodeks pracy" xAddress="Dz. U. z 1974 r. Nr 24, poz. 141">art. 11<xSUPx>1</xSUPx> k.p.</xLexLink> przez nieuznanie za bezprawne poniżania powódki na</xText>
          <xText>zebraniach Katedry w czerwcu i we wrześniu 2012 r. przez bezpośredniego przełożonego dr. hab. <xAnon>A. J. (1)</xAnon>:</xText>
          <xText><xBx>l)</xBx> naruszenie § 3 ust 3 załącznika 6 Statutu <xAnon> (...)</xAnon> w brzmieniu obowiązującym do</xText>
          <xText>dnia 30 listopada 2011 r. przez niewskazanie, że działaniem bezprawnym było wydanie oceny powódki pracy w dniu 5 sierpnia 2008 r. przez Dziekana Wydziału prof. <xAnon>E. N.</xAnon> w imieniu Wydziałowej Komisji Oceniającej bez zwoływania Komisji i podanie w uzasadnieniu nieprawdziwej informacji, że przy dokonywaniu oceny przez Komisję w dniu 4 lipca 2008 r. wśród członków Komisji przeważały negatywne oceny pracy powódki;</xText>
          <xText><xBx>m) </xBx>naruszenie § 14 ust 2 załącznika 6 Statutu <xAnon> (...)</xAnon> w brzmieniu obowiązującym do dnia 30 listopada 2011 r. przez niewskazanie, że działaniem bezprawnym było rozpatrzenie odwołania powódki oceny, złożonego dnia 19 września 2008 r., nie po 30 dniach, ale dopiero w styczniu 2009 r.;</xText>
          <xText><xBx>n)</xBx> naruszenie § 5 ust 3 załącznika 7 Statutu <xAnon> (...)</xAnon> w brzmieniu obowiązującym od dnia 1 grudnia 2011 r. przez niewskazanie, że działaniem bezprawnym było uczestnictwo dr hab. <xAnon>A. K.</xAnon> w posiedzeniach Uczelnianej Komisji Oceniającej w roli członka tej komisji jako przedstawiciela wydziału mimo iż nie została powołana do tej komisji decyzją Rektora opublikowaną w <xAnon> (...)</xAnon> i nie posiadała tytułu naukowego profesora;</xText>
          <xText><xBx>o)</xBx> naruszenie § 2 ust 2 decyzji Rektora nr <xAnon>(...)</xAnon> z dnia 16 grudnia 2008 r. w zw. z <xLexLink xArt="art. 132;art. 132 ust. 2" xIsapId="WDU20051641365" xTitle="Ustawa z dnia 27 lipca 2005 r. Prawo o szkolnictwie wyższym" xAddress="Dz. U. z 2005 r. Nr 164, poz. 1365">art. 132 ust 2 ustawy Prawo o szkolnictwie wyższymi</xLexLink> i § 3 ust 1 załącznika 6 statutu <xAnon> (...)</xAnon> (patrz akta sprawy k. 150-153) przez niewskazanie, że działaniem bezprawnym było nieudzielenie głosu przedstawicielowi <xAnon> zespołu (...)</xAnon> przy rozpatrywaniu odwołania powódki na posiedzeniu Uczelnianej Komisji Oceniającej w dniu 24 września 2009 r</xText>
          <xText><xBx>p)</xBx> naruszenie § 35 ust. 1 Regulaminu <xAnon> Studiów (...)</xAnon> w brzmieniu obowiązującym od 1 października 2012 r. w zw. z <xLexLink xArt="art. 160;art. 161;art. 162" xIsapId="WDU20051641365" xTitle="Ustawa z dnia 27 lipca 2005 r. Prawo o szkolnictwie wyższym" xAddress="Dz. U. z 2005 r. Nr 164, poz. 1365">art. 160-162 ustawy Prawo o szkolnictwie wyższym</xLexLink> przez niewskazanie, że bezprawna była decyzja bezpośredniego przełożonego powódki prof. <xAnon>A. J. (1)</xAnon> nakazania dr. <xAnon>L. M.</xAnon> wystawiania studentom powódki ocen zaliczenia ćwiczeń;</xText>
          <xText><xBx>q)</xBx> naruszenie <xLexLink xArt="art. 131;art. 131 ust. 1;art. 131 ust. 2" xIsapId="WDU20051641365" xTitle="Ustawa z dnia 27 lipca 2005 r. Prawo o szkolnictwie wyższym" xAddress="Dz. U. z 2005 r. Nr 164, poz. 1365">art. 131 ust 1-2 ustawy Prawo o szkolnictwie wyższym</xLexLink> przez niewskazanie, że przydzielenie przez prof. <xAnon>A. J. (1)</xAnon> powódce bez jej zgody do realizacji w roku akademickim zajęć dydaktycznych w wymiarze ponad 300 godzin, jest bezprawne;</xText>
          <xText><xBx>r)</xBx> naruszenie art. 4 ust 3 ustawy Prawo szkolnictwie wyższym przez niewskazanie, że uczelnia zobowiązana jest zapewnienia odpowiednich warunków do pracy naukowej;</xText>
          <xText><xBx>s)</xBx> niezastosowanie do oceny wartości dorobku naukowego powódki i znaczenia tego dorobku dla Wydziału kryteriów punktowych określonych w przepisach dotyczących finansowania nauki (akta sprawy k. 291-293);</xText>
          <xText><xBx>t)</xBx> naruszenie uchwały nr 501/2008 Prezydium Państwowej Komisji Akredytacyjnej w zw. z <xLexLink xArt="art. 49;art. 49 ust. 1" xIsapId="WDU20051641365" xTitle="Ustawa z dnia 27 lipca 2005 r. Prawo o szkolnictwie wyższym" xAddress="Dz. U. z 2005 r. Nr 164, poz. 1365">art. 49 ust. 1 ustawy Prawo o szkolnictwie wyższym</xLexLink> przez niewskazanie, że nieuprawnione jest naruszanie w procesie dydaktycznym właściwej sekwencji przedmiotów i właściwej relacji między różnymi formami dydaktycznymi, np. wykładami i ćwiczeniami.</xText>
          <xText><xBx>2. naruszenie przepisów postępowania,</xBx> które miało istotny wpływ na wynik sprawy,</xText>
          <xText>przez:</xText>
          <xUnit xIsTitle="false" xType="none">
            <xName xSffx=")">a</xName>
            <xText>naruszenie <xLexLink xArt="art. 328;art. 328 § 2" xIsapId="WDU19640430296" xTitle="Ustawa z dnia 17 listopada 1964 r. - Kodeks postępowania cywilnego" xAddress="Dz. U. z 1964 r. Nr 43, poz. 296">art. 328 § 2 k.p.c.</xLexLink> przez niepodanie w uzasadnieniu wyroku jakichkolwiek informacji o</xText>
          </xUnit>
          <xEnum>
            <xBullet>-</xBullet>
            <xEnumElem>
              <xText>dodatkowych żądaniach powódki zgłoszonych w trakcie procesu pismem procesowym powódki z dnia 27 września 2012 r. (akta sprawy k. 211-212),</xText>
            </xEnumElem>
            <xEnumElem>
              <xText>podstawach oddalenia żądania 4 pozwu, co świadczy o nierozpatrzeniu przez Sąd wszystkich żądań powódki;</xText>
            </xEnumElem>
          </xEnum>
          <xUnit xIsTitle="false" xType="none">
            <xName xSffx=")">b</xName>
            <xText>naruszenie <xLexLink xArt="art. 328;art. 328 § 2" xIsapId="WDU19640430296" xTitle="Ustawa z dnia 17 listopada 1964 r. - Kodeks postępowania cywilnego" xAddress="Dz. U. z 1964 r. Nr 43, poz. 296">art. 328 § 2 k.p.c.</xLexLink> przez błędy w ustaleniach faktycznych przyjętych za</xText>
          </xUnit>
          <xText>podstawę orzeczenia, w tym w szczególności polegające na ustaleniu przez Sąd iż:</xText>
          <xEnum>
            <xBullet>-</xBullet>
            <xEnumElem>
              <xText>Sąd Okręgowy ( w <xIx>istocie był to Sąd Rejonowy</xIx> ) w <xAnon>O.</xAnon> rozpatrujący sprawę IVP 559/10 nie wypowiedział się w sprawie rzetelności ocen całokształtu pracy powódki, a tylko jednego z elementów tych ocen, w sytuacji, gdy w uzasadnieniu wyroku w sposób jednoznaczny mowa jest o nierzetelności ocen całokształtu pracy powódki wydanych przez wydziałową komisję oceniającą dnia 17 lutego 2009 r. i 5 października 2010 r.;</xText>
            </xEnumElem>
            <xEnumElem>
              <xText>komisje oceniające uznały dorobek naukowy powódki za niewielki, w sytuacji, gdy powódka uzyskała ocenę pozytywną w zakresie pracy naukowej w ocenach Wydziałowej Komisji Oceniającej z dnia 4 lipca 2008 r. (akta sprawy k. 39v), 17 lutego 2009 r. (akta sprawy k. 70v) i 5 października 2009 r. (akta sprawy k. 96);</xText>
            </xEnumElem>
            <xEnumElem>
              <xText>w posiedzeniu Uczelnianej Komisji Oceniającej w dniu 18 listopada 2010 r. brali udział przedstawiciele <xAnon> zespołu (...)</xAnon> przygotowujących stanowisko w sprawie oceny powódki <xAnon>M. M.</xAnon> i <xAnon>K. R.</xAnon>, w sytuacji gdy nie potwierdza tego protokół tego posiedzenia (akta sprawy k. 171);</xText>
            </xEnumElem>
            <xEnumElem>
              <xText>przy ocenie dokonanej w dniu 5 sierpnia 2008 r. uchwala Wydziałowej Komisji Oceniającej nie zapadła wymaganą bezwzględną liczba głosów, w sytuacji gdy w tym dniu nie odbyło się żadne posiedzenie tej komisji (akta sprawy k. 51);</xText>
            </xEnumElem>
          </xEnum>
          <xUnit xIsTitle="false" xType="none">
            <xName xSffx=")">c</xName>
            <xText>naruszenie <xLexLink xArt="art. 233" xIsapId="WDU19640430296" xTitle="Ustawa z dnia 17 listopada 1964 r. - Kodeks postępowania cywilnego" xAddress="Dz. U. z 1964 r. Nr 43, poz. 296">art. 233 k.p.c.</xLexLink> przez przekroczenie granic swobodnej oceny dowodów polegającej m.in. na tym, że Sąd w uzasadnieniu wyroku</xText>
          </xUnit>
          <xEnum>
            <xBullet>-</xBullet>
            <xEnumElem>
              <xText>podanie informacje o negatywnych ocenach pracy powódki przez jej bezpośrednich przełożonych, ignoruje przy tym wskazane przez powódkę w pozwie, pismach i zeznaniach dowody i twierdzenia, że opinie te nie posiadają cech profesjonalnej rzeczowości i rzetelności, zawierają pomówienia i nieprawdę, występują w nich obraźliwe określenia dotyczące powódki;</xText>
            </xEnumElem>
            <xEnumElem>
              <xText>podanie informacji o negatywnych ocenach całokształtu pracy powódki, wydanych przez komisje oceniające, jednocześnie całkowicie ignorując przedstawione przez powódkę w pozwie i pismach procesowych dowody dokonywania tych ocen z naruszeniem obowiązujących przepisów i procedur.</xText>
            </xEnumElem>
          </xEnum>
          <xText>
            <xBx> Czyniąc powyższe zarzuty apelacja wnosiła o:</xBx>
          </xText>
          <xText>zmianę wyroku w zaskarżonej części, tj. pkt. I wyroku, poprzez uwzględnienie żądań pozwu i dodatkowych żądań zgłoszonych w trakcie procesu pismem procesowym powódki z dnia 27 września 2012 r. lub o uchylenie wyroku w zaskarżonej części, tj. pkt. I wyroku, i przekazanie sprawy do ponownego rozpatrzenia Sądowi pierwszej instancji.</xText>
          <xText>
            <xBx>Sąd Apelacyjny zważył co następuje:</xBx>
          </xText>
          <xText>Przede wszystkim zdaniem Sądu Apelacyjnego apelacja podlegała odrzuceniu w części dotyczącej roszczeń zgłoszonych przez powódkę w piśmie procesowym z dnia 27 września 2012 r. (k. 211). Sąd Okręgowy w tym zakresie nie tyle uchybił przepisowi <xLexLink xArt="art. 328;art. 328 § 2" xIsapId="WDU19640430296" xTitle="Ustawa z dnia 17 listopada 1964 r. - Kodeks postępowania cywilnego" xAddress="Dz. U. z 1964 r. Nr 43, poz. 296">art. 328 §2 k.p.c.</xLexLink> dotyczącym wymogów sporządzanego przez Sąd uzasadnienia, co o roszczeniach tych w ogóle nie orzekł. Roszczeń tych nie wymienił bowiem we wstępnej części uzasadnienia wskazującej jakie roszczenia w sprawie powódka zgłosiła, ani nie nawiązał do nich w dalszej części tego uzasadnienia. Wypada przy tym zauważyć, iż z przedmiotowych roszczeń zgłoszonych przez powódkę (k. 211) 2 były skierowane przeciwko pozwanemu tj. o nakazanie pozwanemu uporządkowania w określny w tym żądaniu sposób akt osobowych powódki, oraz zakazanie pozwanemu wykorzystywania w ocenie powódki określonych w tym żądaniu dokumentów. Trzecie żądanie nie było skierowane przeciwko pozwanemu lecz bezpośredniemu przełożonemu powódki <xAnon>A. J. (1)</xAnon>, w stosunku do którego powódka domagała się ustnego przeproszenia powódki. Zważywszy na fakt, iż <xAnon>A. J. (1)</xAnon> w wyniku zgłoszenia tego żądania nie został uznany przez Sąd za dopozwanego (<xIx>został przesłuchany w dniu 4 grudnia 2012 r. k. 254 jako świadek</xIx>) – tym bardziej uprawnionym jest pogląd, że powyższe żądania określone przez powódkę jako żądania dodatkowe (k.211) nie były przedmiotem rozstrzygnięcia Sądu Okręgowego, co oznacza, że nie mogą być one również przedmiotem merytorycznego rozstrzygnięcia Sądu odwoławczego. Z dekretacji przy przedmiotowym piśmie również nie wynika, aby nadano temu pismu charakter pisma rozszerzającego pozew przedmiotowo lub podmiotowo (k. 208). W utrwalonym orzecznictwie przyjmuje się jednolicie, że jeżeli sąd nie orzekł o całości żądania strona może złożyć w terminie 2 tygodni od ogłoszenia wyroku wniosek o uzupełnienie orzeczenia (<xLexLink xArt="art. 351;art. 351 § 1" xIsapId="WDU19640430296" xTitle="Ustawa z dnia 17 listopada 1964 r. - Kodeks postępowania cywilnego" xAddress="Dz. U. z 1964 r. Nr 43, poz. 296">art. 351 § 1 k.p.c.</xLexLink>). Jeżeli jednak strona nie skorzystała z możliwości wnioskowania o uzupełnienie wyroku i wniosła środek odwoławczy dotyczący przedmiotu nieobjętego rozstrzygnięciem w sentencji orzeczenia, to środek ten podlega odrzuceniu jako niedopuszczalny z powodu braku substratu zaskarżenia (por. postanowienie SN z dnia 2 czerwca 1964 r. I PR 10/63 - OSNC 1965 nr 5 poz. 80, postanowienie SN z dnia 25 lutego 1997 r. II CKN 15/97 - OSNC 1997, nr 6-7, poz. 89, postanowienie z dnia 8 lipca 1997 r. I Cz 76/97 niepubl., postanowienie SN z dnia 21 kwietnia 1998 r. III Cz 43/98 niepubl., postanowienie SN z dnia 28 maja 1998 r. III CKN 409/98 niepubl., z dnia 4 listopada 1998 r. I CKN 703/98 niepubl., postanowienie SN z dnia 19 lipca 2006 r. I CZ 35/06<xIx> LEX nr 584195 ). </xIx>Z tych przyczyn apelację powódki w zakresie roszczeń zgłoszonych w piśmie z dnia 27 września 2012 r. ( 1 października 2012 r. data wpływu do Sądu k. 208) na zasadzie <xLexLink xArt="art. 370" xIsapId="WDU19640430296" xTitle="Ustawa z dnia 17 listopada 1964 r. - Kodeks postępowania cywilnego" xAddress="Dz. U. z 1964 r. Nr 43, poz. 296">art. 370 k.p.c.</xLexLink> jako niedopuszczalną Sąd Apelacyjny odrzucił.</xText>
          
          <xText>
            <xBx>Apelacja powódki w pozostałym zakresie podlegała oddaleniu.</xBx>
          </xText>
          <xText>Wprawdzie apelacja w pierwszej kolejności podnosi zarzuty naruszenia prawa materialnego to rozważania Sądu Apelacyjnego wypada rozpocząć od oceny trafności zarzutów prawa procesowego. Przestrzeganie bowiem przepisów prawa procesowego przez Sąd pierwszej instancji ma wpływ na prawidłowe ustalenie stanu faktycznego. Nie bez znaczenia jest też to, że tylko prawidłowo ustalony stan faktyczny może stanowić podstawę do oceny poprawności zastosowania prawa materialnego. Sąd Apelacyjny stoi wręcz na stanowisku, iż zarzut naruszenia prawa materialnego w zasadzie można skutecznie podnosić jedynie wówczas, gdy nie kwestionuje się dokonanych przez Sąd pierwszej instancji ustaleń faktycznych. Zarzut naruszenia prawa materialnego winien być bowiem odnoszony do określonego stanu faktycznego - który skarżący akceptuje – a do którego to stanu faktycznego wadliwie zastosowano prawo materialne. Analizując podniesione zarzuty o charakterze procesowym Sąd Apelacyjny generalnie nie podzielił ich zasadności. Podniesiony w apelacji zarzut obrazy <xLexLink xArt="art. 233;art. 233 § 1" xIsapId="WDU19640430296" xTitle="Ustawa z dnia 17 listopada 1964 r. - Kodeks postępowania cywilnego" xAddress="Dz. U. z 1964 r. Nr 43, poz. 296">art. 233 § 1 k.p.c.</xLexLink> trudno uznać za zasadny. Skarżąca kwestionuje w nim bowiem prawo Sądu do tego, do czego przepis ten właśnie uprawnia czyli do swobodnej oceny dowodów zgromadzonych w sprawie. Zarzuca bowiem Sądowi, że podaje informacje o negatywnych ocenach pracy powódki przez jej bezpośrednich przełożonych i negatywnych ocenach całokształtu pracy powódki, ignorując twierdzenia powódki w tym zakresie co do nierzetelności tych ocen. Jak wiadomo zasada swobodnej oceny dowodów przez sąd orzekający z jednej strony uprawnia sąd do oceny tychże dowodów ,,według własnego przekonania‘’ z drugiej natomiast strony zobowiązuje sąd do ,,wszechstronnego rozważenia zebranego materiału ‘’. Uprawnienie sądu do oceny dowodów według własnego przekonania nie oznacza oczywiście dowolności w tej ocenie, bowiem poza sporem winno być, iż dokonując tej oceny sąd nie może ignorować zasad logiki, osiągnięć nauki, doświadczenia czy też wyciągać wniosków nie wynikających z materiału dowodowego. Dopuszczenie się obrazy <xLexLink xArt="art. 233;art. 233 § 1" xIsapId="WDU19640430296" xTitle="Ustawa z dnia 17 listopada 1964 r. - Kodeks postępowania cywilnego" xAddress="Dz. U. z 1964 r. Nr 43, poz. 296">art. 233 § 1 k.p.c.</xLexLink> przez sąd może więc polegać albo na przekroczeniu granic swobody oceny wyznaczonej logiką, doświadczeniem, zasadami nauki albo też na nie dokonaniu przez sąd wszechstronnego rozważania sprawy. W tym drugim przypadku wyciągnięte przez sąd wnioski mogą być logiczne i zgodne z doświadczeniem życiowym, jednakże sąd czyni je w oparciu o część materiału dowodowego, a pozostałą część tego materiału, która pozwoliłaby na wyciągnięcie innych wniosków, pomija. Jak wspomniano swobodna ocena dowodów rozumiana jak wyżej jest prawem sądu orzekającego – stąd kontrola prawidłowości te oceny dokonywana przez sąd odwoławczy musi być z reguły ostrożna, pamiętać bowiem należy o tym, iż sąd odwoławczy w tym zakresie dokonuje prawidłowości oceny dowodów, których sam nie przeprowadził. Podobną wykładnię <xLexLink xArt="art. 233;art. 233 § 1" xIsapId="WDU19640430296" xTitle="Ustawa z dnia 17 listopada 1964 r. - Kodeks postępowania cywilnego" xAddress="Dz. U. z 1964 r. Nr 43, poz. 296">art. 233 §1 k.p.c.</xLexLink> była przedmiotem licznych orzeczeń Sądu Najwyższego ( por. m.in. wyrok SN 27.09.2002 r. II CKN 817/00; wyrok SN z 16.04.2002 r. V CKN 1446/00; wyrok SN z 14.03.2002 r. IV CKN 859/00 i inne). Odnosząc to do niniejszej sprawy stwierdzić należy, iż nie jest naruszeniem zasady swobodnej oceny dowodów przez Sąd Okręgowy przyjęcie, iż ocena pracy powódki przez jej przełożonych była negatywna, skoro Sąd Okręgowy przesłuchał osoby te w charakterze świadków i takie wnioski wyprowadzili wprost z tych zeznań , którym dał wiarę ( por. k. 252-254 <xAnon>M. G. (2)</xAnon>; k.254-256 <xAnon>A. J. (1)</xAnon>). Fakt, iż powódka ma inną oceną własnej pracy w pozwanej uczelni nie oznacza jeszcze, że ocena Sądu Okręgowego w tym zakresie jest wadliwa.</xText>
          <xText>W zakresie czynienia przez Sąd Okręgowy ustaleń faktycznych nie można podzielić zarzutów obrazy przez Sąd Okręgowy <xLexLink xArt="art. 365;art. 366" xIsapId="WDU19640430296" xTitle="Ustawa z dnia 17 listopada 1964 r. - Kodeks postępowania cywilnego" xAddress="Dz. U. z 1964 r. Nr 43, poz. 296">art. 365 i 366 k.p.c.</xLexLink>, zarzuty są przy tym zarzutami prawa procesowego, a nie materialnego jak określa je apelacja. Czyniąc powyższe zarzuty skarżąca wyprowadza błędne wnioski z mocy wiążącej wyroku Sądu Rejonowego w Olsztynie wydanego w sprawie IV P 559/10, którym to wyrokiem uznano wypowiedzenie powódce umowy o pracę za bezskuteczne. Winno być oczywistym, że o naruszeniu <xLexLink xArt="art. 366" xIsapId="WDU19640430296" xTitle="Ustawa z dnia 17 listopada 1964 r. - Kodeks postępowania cywilnego" xAddress="Dz. U. z 1964 r. Nr 43, poz. 296">art. 366 k.p.c.</xLexLink> w ogóle nie może być mowy, bowiem zgodnie z jego już literalną treścią - wyrok prawomocny ma powagę rzeczy osądzonej tylko co do tego, co w związku z podstawą sporu stanowiło przedmiot rozstrzygnięcia, a ponadto tylko między tymi samymi stronami. Powaga rzeczy osądzonej zachodziłby zatem jedynie wtedy gdyby przedmiotem żądania w sprawie było ponownie rozstrzyganie o tym samym wypowiedzeniu umowy o pracę, o jakim już rozstrzygnięto wyrokiem z dnia 6 lipca 2011 r. W niniejszej natomiast sprawie powódka wystąpiła z całkowicie innymi roszczeniami, z których żadne nie jest tożsame z roszczeniem rozstrzygniętym wspomnianym wyrokiem. Wypada przy tym zauważyć, że gdyby Sąd Okręgowy czy Apelacyjny uznał za zasadny zarzut naruszenia powagi rzeczy osądzonej, to pozew powódki stosownie do <xLexLink xArt="art. 199;art. 199 § 1;art. 199 § 1 pkt. 2" xIsapId="WDU19640430296" xTitle="Ustawa z dnia 17 listopada 1964 r. - Kodeks postępowania cywilnego" xAddress="Dz. U. z 1964 r. Nr 43, poz. 296">art. 199 §1 pkt 2 k.p.c.</xLexLink> musiałby zostać odrzucony <xIx>a limine</xIx> .</xText>
          <xText>Nietrafnie powódka interpretuje również <xLexLink xArt="art. 365" xIsapId="WDU19640430296" xTitle="Ustawa z dnia 17 listopada 1964 r. - Kodeks postępowania cywilnego" xAddress="Dz. U. z 1964 r. Nr 43, poz. 296">art. 365 k.p.c.</xLexLink> w aspekcie zakresem związania tym wyrokiem sądów orzekających w niniejszej sprawie. Zgodnie z <xLexLink xArt="art. 365;art. 365 § 1" xIsapId="WDU19640430296" xTitle="Ustawa z dnia 17 listopada 1964 r. - Kodeks postępowania cywilnego" xAddress="Dz. U. z 1964 r. Nr 43, poz. 296">art. 365 § 1 k.p.c.</xLexLink> orzeczenie prawomocne wiąże nie tylko strony i sąd, który je wydał, lecz również inne sądy oraz inne organy państwowe i organy administracji publicznej, a w wypadkach w ustawie przewidzianych także inne osoby. Prawidłowe rozumienie mocy wiążącej tego wyroku winno zamykać się stwierdzeniem, iż sądy orzekające winny przyjąć za wiążące jedynie to, że prawomocnym wyrokiem Sądu Rejonowego w Olsztynie z dnia 6 lipca 2011 r. uznano wypowiedzenie stosunku pracy za bezskuteczne. Ani podstawa faktyczna, ani wywody uzasadnienia Sądu Rejonowego nie wiązały Sądu Okręgowego w niniejszej sprawie jak i nie wiążą Sądu Apelacyjnego. Zakres związania wyrokiem odnosi się tylko do ostatecznego rezultatu rozstrzygnięcia sądowego wyrażone w sentencji wyroku ( por. w tym zakresie np. wyrok Sądu Najwyższego z dnia 23 czerwca 2009 r., II PK 302/08, Lex nr 513001; wyrok SN z dnia 19 października 2010 r., II BU 4/10 ,OSNP 2012/1-2/24, wyrok SN z dnia 20 stycznia 2011 r. ,I UK 239/10, Lex nr 738532 ; wyrok SN z dnia 18 czerwca 2009 r., II CSK 12/09, Lex nr 515722). Inaczej mówiąc związania sądów w niniejszej sprawie wyrokiem Sądu Rejonowego uznającym wypowiedzenie umowy o pracę powódki za bezskuteczne oznacza związanie samym rozstrzygnięciem i jednocześnie nie oznacza związania argumentacją i wywodami tego Sądu zawartymi w sporządzonym uzasadnieniu.</xText>
          <xText>Nie można podzielić podnoszonych w apelacji zarzutów nierównego traktowania powódki ( 11<xSUPx>2</xSUPx><xLexLink xArt="" xIsapId="WDU19740240141" xTitle="Ustawa z dnia 26 czerwca 1974 r. - Kodeks pracy" xAddress="Dz. U. z 1974 r. Nr 24, poz. 141">k.p.</xLexLink>) czy też naruszenia godności przez organy uczelni (<xLexLink xArt="art. 11(1)" xIsapId="WDU19740240141" xTitle="Ustawa z dnia 26 czerwca 1974 r. - Kodeks pracy" xAddress="Dz. U. z 1974 r. Nr 24, poz. 141">art. 11<xSUPx>1 </xSUPx>k.p.</xLexLink>). Co się tyczy naruszania godności powódki, to poza sporem jest, iż stosownie do <xLexLink xArt="art. 11(1)" xIsapId="WDU19740240141" xTitle="Ustawa z dnia 26 czerwca 1974 r. - Kodeks pracy" xAddress="Dz. U. z 1974 r. Nr 24, poz. 141">art. 11<xSUPx>1 </xSUPx> k.p.</xLexLink> pracodawca jest obowiązany szanować godność i inne dobra osobiste pracownika. Naruszaniem jednak godności pracownika nie jest jednak ani wypowiedzenie stosunku pracy ani dokonywanie ocen powódki przewidzianych przepisami ustawy o szkolnictwie wyższym i statucie, nawet jeżeli oceny te są negatywne. W wyroku z dnia 16 listopada 2000r. Sąd Najwyższy ( I PKN 537/00 OSNP 2002/11/269) Sąd ten wskazał, iż nawet wadliwe rozwiązanie stosunku pracy z pracownikiem nie daje podstaw do stosowania przepisów o ochronie dóbr osobistych ( <xLexLink xArt="art. 23" xIsapId="WDU19640160093" xTitle="Ustawa z dnia 23 kwietnia 1964 r. - Kodeks cywilny" xAddress="Dz. U. z 1964 r. Nr 16, poz. 93">art. 23 k.c.</xLexLink> 24 <xLexLink xArt="" xIsapId="WDU19640160093" xTitle="Ustawa z dnia 23 kwietnia 1964 r. - Kodeks cywilny" xAddress="Dz. U. z 1964 r. Nr 16, poz. 93">k.c.</xLexLink> 448 <xLexLink xArt="" xIsapId="WDU19640160093" xTitle="Ustawa z dnia 23 kwietnia 1964 r. - Kodeks cywilny" xAddress="Dz. U. z 1964 r. Nr 16, poz. 93">k.c.</xLexLink>), jeżeli rozwiązaniem tym pracodawca nie naruszył dobra osobistego poza zakresem stosunku pracy. Samo rozwiązanie stosunku pracy co do zasady nie narusza godności pracownika. W przypadku naruszenia dobór osobistych istotna jest bezprawność działania podmiotu naruszającego dobra osobiste. Tymczasem prawidłowe ustalenia faktyczne Sądu Okręgowego nie prowadzą do wniosku, aby ocena pracy powódki przez uprawnione organy uczelni była bezprawna.</xText>
          <xText>W świetle ukształtowanego orzecznictwa nie są bezprawnymi działania podejmowane w stosunku do nauczyciela akademickiego podejmowane ani w ramach postępowania dyscyplinarnego ( por. wyrok Sądu Najwyższego z dnia 21 października 2003 r. I PK 414/02 OSNP 2004/20/344 ; wyrok SN z 17 lipca 2003 r., II PK 393/04 OSNP 2006/11-12/176) jak też nie są bezprawnymi dokonywane przez uprawnione organ uczelni oceny okresowe. Orzecznictwo dopuszcza możliwość spowodowania przez pracownika kontroli sądu powszechnego pod kątem rzetelności tych ocen jak też odniesienia tych oceny do dóbr osobistych tj. czy oceny ten wkraczają ponad potrzebę w sferę dóbr osobistych (por. wyroki Sądu Najwyższego z dnia 28 kwietnia 1997 r., I PKN 116/97, OSNAPiUS 1998 nr 5, poz. 148, Radca Prawny 2000 nr 5, z glosą P. Kucharskiego; z dnia 9 grudnia 1998 r., I PKN 500/98, OSNAPiUS 2000 nr 3, poz. 106 oraz z dnia 29 czerwca 2000 r., I PKN 710/99, OSNAPiUS 2002 nr 1, poz. 6). Możliwość kontroli sądowej ocen okresów nie musi przy tym następować tylko w kontekście tych ocen jako podstawy wypowiedzenia stosunku pracy, ale możliwym jest skonstruowanie roszczeń w zakresie dóbr osobistych (por. postanowienie SN z dnia 16 marca 2000 r., I PKN 723/99, OSNAPiUS 2001 nr 17, poz. 535). Podstawę roszczeń w zakresie dobór osobistych nie może być jednak sam fakt otrzymania negatywnej oceny czy ocen, bo sama negatywna ocena z reguły jest ingerencją w jakieś dobro osobiste co najmniej w subiektywnym odczuciu, lecz dopiero kwalifikacja takiej oceny jako bezprawnej. Ciężar wykazania , iż ingerencja w dobro osobiste nie był bezprawna spoczywa na tym, kto ingeruje. W niniejszej sprawie Sąd Okręgowy prawidłowo przyjął , iż oceny okresowe powódki, choć nie wolne od mankamentów w zakresie sposobu przeprowadzenia ankietyzacji – to nie było bezprawne ani nie przekraczały granic dozwolonej ustawą i statutem ingerencji w dobra osobiste powódki.</xText>
          <xText>W zakresie ocen okresowych nauczycieli akademickich w orzecznictwie podkreśla się autonomię szkół wyższych gwarantowaną im przez <xLexLink xArt="art. 70;art. 70 ust. 5" xIsapId="WDU19970780483" xTitle="Konstytucja Rzeczypospolitej Polskiej z dnia 2 kwietnia 1997 r." xAddress="Dz. U. z 1997 r. Nr 78, poz. 483">art. 70 ust. 5 Konstytucji Rzeczypospolitej Polskiej z dnia 2 kwietnia 1997 r.</xLexLink> (Dz. U. z 1997 r. Nr 78 , poz. 483 ze zm. ) stanowiący, że szkołom wyższym zapewnia się autonomię na zasadach określonych w ustawie. W tym zakresie Art. 4 ust. 1 ustawy z dnia z dnia 27 lipca 2005 r. Prawo o szkolnictwie wyższym wypełnia normą konstytucyjną i stanowi, że uczelnia jest autonomiczna we wszystkich obszarach swojego działania na zasadach określonych w ustawie. Autonomia ta przede wszystkim polega na niezależności w tworzeniu programów nauczania, zakazie wkraczania służb państwowych na teren uczelni, kształceniu na określonych kierunkach, ale też samodzielności przy wyborze władz uczelni oraz kadry kształcącej, jak i oceny jej pracy w granicach wytyczonych ustawą i statutem ( por. wyrok Sądu Apelacyjnego w Szczecinie z dnia 19 grudnia 2012 r. III A Pa 7/12 LEX nr 1324773).</xText>
          <xText>W świetle art. 132 ust. 1 ustawy z dnia z dnia 27 lipca 2005 r. Prawa o szkolnictwie wyższym ( Dz.U. z 2012r. poz. 572 j.t.) wszyscy nauczyciele akademiccy podlegają okresowej ocenie, w szczególności w zakresie należytego wykonywania obowiązków, o których mowa w art. 111, oraz przestrzegania prawa autorskiego i praw pokrewnych, a także <xLexLink xArt="" xIsapId="WDU20010490508" xTitle="Ustawa z dnia 30 czerwca 2000 r. - Prawo własności przemysłowej" xAddress="Dz. U. z 2001 r. Nr 49, poz. 508">prawa własności przemysłowej</xLexLink>. Zgodnie z ust. 2. art. 132 oceny dokonuje podmiot wskazany w statucie uczelni, nie rzadziej niż raz na dwa lata lub na wniosek kierownika jednostki organizacyjnej, w której nauczyciel akademicki jest zatrudniony. Przed 1 października 2011 r. przepis ten nakazywał dokonywać oceny nie rzadziej niż raz na 4 lata. Nie bez znaczenia w sprawie jest też, iż art. 132 ust.3 zobowiązuje podmiot dokonujący oceny nauczyciela akademickiego w zakresie wypełniania przez niego obowiązków dydaktycznych uwzględniać ocenę przedstawianą przez studentów i doktorantów, po zakończeniu każdego cyklu zajęć dydaktycznych. Sięganie zatem przez pozwanego do opinii studentów, nie było przejawem wymysłu pozwanego ale stanowiło realizację obowiązku ustawowego. Z powołanego przepisu ustawy nie wynika w jakiej formie tej opinii ma nastąpić, a jedynie art. 132 ust. 3 odsyła w tym względzie do regulacji statutu. W świetle §87 ust.1-7 statutu pozwanej uczelni z dnia 19 czerwca 2006 r. obowiązującego do końca listopada 2011 r. nauczyciele akademiccy podlegali ocenia okresowej przeprowadzanej co 4 lata lub w innym terminie na wniosek kierownika jednostki organizacyjnej. W przypadku uzyskania oceny negatywnej dodatkową ocenę przeprowadza się po upływie roku. Okresowej oceny dokonują wydziałowe komisje oceniające i uczelniane komisje oceniające. Tryb powoływania komisji i kryteria oceny , a także tryb pracy miał określać załącznik Nr 6 do statutu. W świetle § 8 pkt ust.2 Załącznika Nr 6 opinie studentów miałby być wyrażane w anonimowej ankiecie, przy czym tryb jej przeprowadzania nie został wyraźnie określony ( statut k.201). W statucie obowiązującym od 1 grudnia 2011 r. kwestię ocen reguluje § 85, który dostosował częstotliwość ocen do nowego brzmienia ustawy ( co 2 lata ) , przeniesiono też to statutu przepis ustawy nakazujący przy ocenie nauczyciela akademickiego w zakresie wypełniania przez niego obowiązków dydaktycznych uwzględniania oceny przedstawianej przez studentów i doktorantów. Przy czym statut podobnie jak ustawa nie określał procedery zebrania opinii studentów , odsyłając generalnie do załącznika Nr 7 do Statutu, który miał określać zasady dokonywania oceny i sposób jej wykorzystania. W Załączniku tym w §9 pkt 2 (k.198) w istocie powtórzono zapis poprzedniego załącznika Nr 6 , że opinie studentów są wyrażane w anonimowej ankiecie ,ale nie uregulowano procedury przeprowadzania ankiet. W istocie zatem w świetle powyższych regulacji zasady przeprowadzenia ankiet nie były przedmiotem regulacji ani ustawy ani statutu ani załącznika do statutu. Regulację w tym zakresie zawiera ,,Program doskonalenie i oceny jakości kształcenia ‘’, który to program przyjęła Rada Wydziału Nauk <xAnon> (...)</xAnon> w <xAnon>O.</xAnon> w dniu 26 kwietnia 2006 r. , a zatem jest to nie tyle akt prawny uczelni ,co dokument wydziałowy zawierający określone zalecenia lub cele. Jak się zdaje przedmiotowy program nie był nawet uważany za wiążący akt prawny przez świadka <xAnon>M. G. (3)</xAnon> - prodziekana od 2002 r. (k. 127kat <xAnon> (...)</xAnon>). Tak czy inaczej niewątpliwym winno być , iż naruszenie przy zbieraniu ankiet zasad postępowania opisanych w przedmiotowym programie nie może być traktowane jako naruszanie ustawy czy statutu, bo ani statut ani ustawa do tego dokumentu nie odsyłają.</xText>
          <xText>Nie jest pozbawiony znaczenia w tym kontekście jest fakt, iż naruszenia programu w zakresie procedury składania ankiet dotyczyły nie tylko powódki (zeznanie <xAnon>M. G.</xAnon> k.253), ale dotyczyły też pozostałych ocenianych pracowników, co wskazuje na to, iż takie postępowanie w przypadku powódki nie było zamierzone, i nie było zatem ani selektywnym ani nierównym traktowaniem powódki przy ankietyzacji. Naruszenia w tym zakresie były raczej skutkiem pewnej pragmatycznej praktyki, odbiegającej od jej opisu we wspomnianym wyżej Programie, której to praktyki poza powódką nikt nie podważał .</xText>
          <xText>W kontekście przynajmniej pośredniego podważania przez powódkę negatywnego wydźwięku tych ankiet trzeba stwierdzić, iż fakt wadliwości trybu przeprowadzenia przedmiotowych ankiet nie podważa bynajmniej tego, iż studenci przychodzili do przełożonych powódki skarżąc się na sposób prowadzenia zajęć przez powódki (zeznania <xAnon>M. G.</xAnon> k. i <xAnon>M. K.</xAnon> k 337-v-338), co wymagało nawet większej determinacji, niż wyrażenia oceny w anonimowej ankiecie.</xText>
          <xText>Istota równego traktowanie sprowadza się do tego, że podmioty o podobnych cechach traktuje się podobnie, co nie oznacza, że należy podobnie traktować podmioty, jeżeli posiadają one istotnie różne cechy. Jeżeli zatem powódka podnosi, iż była ona częściej poddawana ocenom, to nie można nie zauważyć ,iż wiązało się to z uzyskiwanymi przez nią ocenami negatywnymi lub warunkowo-pozytywnymi . W świetle zeznań <xAnon>M. G. (2)</xAnon> (k.253) w ciągu kilkunastu lat pracy na stanowisku prodziekana i dziekana nie zdarzyły się przypadki, aby pracownik naukowy miał tyle negatywnych opinii co powódka. W ocenie Sądu Apelacyjnego - w sytuacji pewnego napięcia związanego z złą oceną pracy powódki , powódka mylnie interpretowała niektóre decyzje władz uczelni z regułę dopatrując się w nich cech złośliwości i szykanowania jej, wykluczając <xIx>a priori</xIx>, iż niektóre działania komisji oceniających powódkę zmierzały do pomocy jej w powstałej sytuacji. Tak przykładowo odebrała ona warunek oceny warunkowo-pozytywnej skierowanie jej na kurs, podczas gdy w świetle zeznań <xAnon>M. M. (4)</xAnon> (pracującego w innej katedrze) członka zespołu przedstawicieli wydziału nauk ekonomicznych uczelnianej komisji oceniającej – to on był pomysłodawca tego warunku. U podstaw dodania tego warunku było założenie, iż powódce z racji innego wykształcenia niż humanistyczne taki kurs umożliwi lepsze prowadzenie zajęć, od dłuższego już bowiem czasu miała opinię, że przekazuje wiedzę w sposób niezrozumiały. Świadek nie widział w tym warunku elementów złośliwości, wręcz przeciwnie uważał to za przejaw życzliwego podejścia do problemów powódki. Fakt ukończenia kursu pedagogicznego przez powódkę jak podał świadek <xAnon>M.</xAnon> był zespołowi znany, ale kurs ten powódka odbyła 20 lat temu, a nowe czasy wymagają nowego podejścia. Zeznanie tego świadka w tym zakresie koresponduje z zeznaniem świadka <xAnon>K. R. (2)</xAnon> (k.262), która podała, że przy ocenie powódki przez zespół przy uczelnianej komisji oceniającej prof. <xAnon>M.</xAnon> zaproponował aby powódki <xIx>nie krzywdzić</xIx> i skierować ją na kurs dydaktyczny , który miałby uzupełnić brakujące kwalifikacje.</xText>
          <xText>Trudno się też dopatrzeć szykany w podejściu do powódki, jeżeli zauważymy fakt zmiany negatywnej opinii na warunkowo-pozytywną, co w świetle zeznań świadka <xAnon>M. M.</xAnon> było skutkiem nie tylko przywrócenia powódki do pracy (od którego to orzeczenia pozwana nie wniosła apelacji) ,ale również wejściem powódki w wiek około emerytalny oraz chęcią poprawy komfortu pracy powódki.</xText>
          <xText>W świetle zeznań <xAnon>A. K.</xAnon> przy rozpoznawaniu odwołania powódki rozmawiała z wszystkim 9 członkami komisji żadna z nich nie wyraziła pozytywnej opinii, a nawet związki zawodowe nie broniły powódki. Przedstawiciel związku zawodowego miał powiedzieć, że nie ma żadnego argumentu do głosownia za powódką. Świadek ta przyznała , iż zmiana oceny z negatywnej na warunkowo-pozytywną nie tyle miała charakter merytoryczny, co kierowano się ,,sercem’’ i chciano cały problem wyciszyć.</xText>
          <xText>Prawdą jest, iż powódkę ocenianą częściej, niż innych porównywalnych pracowników, ale tylko ona była w takiej sytuacji, iż uzyskiwała negatywne oceny , i dotyczyły jej skargi studentów. Na ilość i częstotliwość ocen miał też istotny wpływ uruchamiany przez powódkę tryb odwoławczy, co skutkowało np. anulowaniem oceny i jej powtarzaniem. Trzeba przy tym nawiązać do treści ustawy tj. art. 132 ust. 2 przewidującej , iż oceny dokonuje się ,,nie rzadziej’’, co <xIx>a contrario</xIx> daje podstawy do przeprowadzania oceny częściej, jeżeli zachodzą uzasadnione podstawy w tym zakresie, a takowe w przypadku powódki od 2006 r. istniały. Nie jest rzeczą Sądu oceniać dorobek naukowy powódki, w świetle jednak zgromadzonego w sprawie materiału dowodowego i wyjaśnień samej powódki w pismach składanych do władz uczelni( np. pismo z 31 grudnia 2007 r. k. 29) wskazywała ona , iż od września 2007 posiada odpowiedni sprzęt i oprogramowanie do pracy habilitacyjnej i wskazywała pracę nad rozprawą habilitacyjną zgodna z programem. Mimo upływu 6-lat praca habilitacyjna nie została złożona.</xText>
          <xText>Większość pozostałych zarzutów sformowanych przez powódkę dotyczących naruszenia przez Sąd Okręgowy aktów prawa wewnętrznego uczelni ( statutu, załączników do niego regulaminu studiów, jest o tyle nietrafna, iż Sąd Okręgowy w istocie nie stosował tych przepisów, a jedynie czynił ustalania faktyczne z punktu widzenia roszczeń zgłoszonych przed powódkę. Przepisy te stosowały w stosunku do powódki uprawnione organy uczelni, a Sąd Okręgowy mógł w tym zakresie jedynie wadliwe ustalić, czy przyjąć, iż dane ewentualne naruszenie tych regulacji nie prowadzi do bezprawnego naruszenia dóbr osobistych. Trudno w kontekście dochodzonych roszczeń dopatrzyć się naruszeń innych przepisów prawa materialnego. Tak np. podnoszony zarzut <xLexLink xArt="art. 4;art. 4 ust. 3" xIsapId="WDU20051641365" xTitle="Ustawa z dnia 27 lipca 2005 r. Prawo o szkolnictwie wyższym" xAddress="Dz. U. z 2005 r. Nr 164, poz. 1365">art. 4 ust. 3 ustawy Prawo o szkolnictwie wyższym</xLexLink>, polegający na niewskazaniu przez Sąd , iż uczelnia winna zapewnić odpowiednie warunki do pracy naukowej jest niezrozumiały. Wedle brzmienia tego przepisu - uczelnie, pełniąc misję odkrywania i przekazywania prawdy poprzez prowadzenie badań i kształcenie studentów, stanowią integralną część narodowego systemu edukacji i nauki. Sąd Okręgowy nigdzie nie wyraził poglądu podważającego brzmienie tego przepisu. Z przepisu tego przy tym nie wynika wprost taki obowiązek jaki wywodzi powódka, przepis ten mówi raczej o misji uczelni i choć niewątpliwe uczelnia winna służyć pomocą w zapewnieniu warunków do pracy naukowej – to trudno w tym zakresie stworzyć po stronie prawo powódki (czy innego pracownika nauki) do określonych roszczeń zwłaszcza, że warunki dydaktyczne i naukowe każdej uczelni zależą od posiadanych środków. Jak wcześniej wskazano od 2007 r. powódka dysponowała odpowiednim sprzętem komputerowym do prowadzonej pracy naukowej. Również zarzut obrazy art. 131 ust. 1-2 ustawy poprzez przydzielanie bez jej zgody do realizacji w roku akademickim zajęć dydaktycznych ponad 300 godzin jest w kontekście dochodzonych roszczeń chybiony, a nadto powódka z reguły miała mniej godzin dydaktycznych, niż inni pracownicy w świetle ustaleń Sądu Okręgowego w niniejszej sprawie i Sądu Rejonowego w sprawie IV P 559/10. Zeznając w dniu 4 grudnia 2012 r. <xAnon>A. J. (1)</xAnon> (k.255v. ) wskazał, iż wszyscy pracownicy mają za dużo pracy, jednakże powódka nie ma więcej niż 300 godzin, choć w poprzednim roku miała 360. Niektórzy pracownicy mieli jednak nawet 720 godzin (k.256). Trudno zatem w tych okolicznościach nawet czasowe przekroczenie liczby godzin uznać za naruszanie dobór osobistych bądź szykanę, ze strony pozwanego, w istocie bowiem to realne potrzeby uczelni pociągały za sobą prowadzenie większej liczby godzin przez powódkę i innych pracowników. Żaden z tych pracowników nie dopatrywał się przy tym w większej liczby godzin dydaktycznych innych niż realne potrzeby pozwanego motywacji.</xText>
          <xText>Nie można podzielić zarzutu obrazy <xLexLink xArt="art. 8" xIsapId="WDU19740240141" xTitle="Ustawa z dnia 26 czerwca 1974 r. - Kodeks pracy" xAddress="Dz. U. z 1974 r. Nr 24, poz. 141">art. 8 k.p.</xLexLink> Jak wiadomo <xLexLink xArt="art. 8" xIsapId="WDU19740240141" xTitle="Ustawa z dnia 26 czerwca 1974 r. - Kodeks pracy" xAddress="Dz. U. z 1974 r. Nr 24, poz. 141">art. 8 k.p.</xLexLink> jest pewną klauzulą generalną, która podobnie jak <xLexLink xArt="art. 5" xIsapId="WDU19640160093" xTitle="Ustawa z dnia 23 kwietnia 1964 r. - Kodeks cywilny" xAddress="Dz. U. z 1964 r. Nr 16, poz. 93">art. 5 k.c.</xLexLink> ma zapobiegać nadużyciu prawa przez uprawniony podmiot i odwołuje się przy ocenie tego nadużycia do zasad współżycia społecznego. W orzecznictwie zdaje się dominować pogląd, iż zarzut nadużycia prawa jest zarzutem obronnym, co oznacza że nie można w zasadzie w oparciu o taki przepis dochodzić swoich roszczeń. Istota bowiem tego przepisu w procesie sprowadza się przede wszystkim do obrony przez pozwanego przed roszczeniami strony przeciwnej, które choć w świetle prawa podmiotowego mogłyby być zasadne, to ich uwzględnienie byłoby nie do pogodzenia z zasadami współżycia społecznego (por. wyrok z 7 listopada 2003 r., V CK 399/02, niepubl.; wyrok SN z 16 listopada 2005 r., V CK 349/05, Prawo i Medycyna 2007, nr 1, s. 133; wyrok z 11 maja 2007 r., I CSK 48/07, niepubl.). Stopień skompilowania konkretnych stanów faktycznych może wprawdzie przemawiać wyjątkowo za odwołaniem się do również do zasad współżycia społecznego po stronie powodowej (por. w tym zakresie postanowienie Sądu Najwyższego wydane w sprawie z powództwa przeciwegzkcyjcynego postanowienie Sądu Najwyższego z dnia 27 listopada 2003 r. III CZP 78/03; Prok.i Pr.-wkł. <xAnon> (...)</xAnon> ), ale w niniejszej sprawie takich okoliczności takich Sąd Apelacyjny nie dostrzega, stąd podniesiony zarzut naruszenia klauzuli generalnej z <xLexLink xArt="art. 8" xIsapId="WDU19740240141" xTitle="Ustawa z dnia 26 czerwca 1974 r. - Kodeks pracy" xAddress="Dz. U. z 1974 r. Nr 24, poz. 141">art. 8 k.p.</xLexLink> jest nietrafny.</xText>
          <xText>Reasumując rozważania w sprawie - obiektywna analiza materiału dowodowego zgromadzonego w sprawie potwierdza w zakresie faktów istotnych dla rozstrzygnięcia prawidłowość poczynionych przez Sąd Okręgowy i Sąd Apelacyjny ustalenia te wsparte powyższymi uwagi przyjmuje za podstawę również swego rozstrzygnięcia w rozumieniu <xLexLink xArt="art. 382" xIsapId="WDU19640430296" xTitle="Ustawa z dnia 17 listopada 1964 r. - Kodeks postępowania cywilnego" xAddress="Dz. U. z 1964 r. Nr 43, poz. 296">art. 382 k.p.c.</xLexLink> Ustalenia powyższe odniesione do przepisów prawa materialnego tj. <xLexLink xArt="art. 23;art. 24" xIsapId="WDU19640160093" xTitle="Ustawa z dnia 23 kwietnia 1964 r. - Kodeks cywilny" xAddress="Dz. U. z 1964 r. Nr 16, poz. 93">art. 23 i 24 k.c.</xLexLink> w zw. z 300 <xLexLink xArt="" xIsapId="WDU19740240141" xTitle="Ustawa z dnia 26 czerwca 1974 r. - Kodeks pracy" xAddress="Dz. U. z 1974 r. Nr 24, poz. 141">k.p.</xLexLink> nie prowadzą do przyjęcia, iż pozwany dopuszczał się bezprawnego naruszenia dobór osobistych powódki, co przesądza o niezasadności roszczeń dotyczących usunięcia skutków naruszeń jak i dochodzonego w oparciu o <xLexLink xArt="art. 448" xIsapId="WDU19640160093" xTitle="Ustawa z dnia 23 kwietnia 1964 r. - Kodeks cywilny" xAddress="Dz. U. z 1964 r. Nr 16, poz. 93">art. 448 k.c.</xLexLink> zadośćuczynienia.</xText>
          <xText>Zgodnie z utrwalonym orzecznictwem Europejskiego Trybunału Praw Człowieka w Strasburgu zakres obowiązku podawania uzasadnienia może różnić się w zależności od rodzaju orzeczenia, i musi zostać określony w świetle okoliczności danej sprawy (por. <xAnon>R. T.</xAnon> przeciwko Hiszpanii, 9 grudnia 1994, § 29, <xAnon>Seria (...)</xAnon> nr 303 A; <xAnon>H. B.</xAnon> przeciwko Hiszpanii, 9 grudnia 1994, § 27, <xAnon>Seria (...)</xAnon> nr 303-B; <xAnon>H.</xAnon> i Inni przeciwko Francji, 19 lutego 1998, § 42, <xAnon> (...)</xAnon> 1998-I; oraz <xAnon>G. R.</xAnon> przeciwko Hiszpanii [GC], nr <xAnon> (...)</xAnon>, § 26, <xAnon> (...)</xAnon> 1999-I). W sprawach, w których sąd odwoławczy oddala apelację wystarczającym może być jednak nawet odwołanie się do uzasadnienia sądu niższej instancji (por. § 59-60 orzeczenia Trybunału z dnia 19 grudnia 1997 <xAnon>H.</xAnon> przeciwko Finlandii; §45 uzasadnienie postanowienia Trybunału z dnia 20 marca 2012 r. <xAnon>D.</xAnon> przeciwko Polsce, skarga nr <xAnon> (...)</xAnon>). Mając na uwadze powyższe stanowisku Trybunału, oraz dbałość o to by nadmierne rozbudowanie poszczególnych wątków uzasadnienia nie uczyniło go niezrozumiałym dla stron - Sąd Apelacyjny z przyczyn wyżej wskazanych nie podzielił podniesionych zarzutów apelacyjnych uznając je za niezasadne.</xText>
          <xText>W tym stanie rzeczy Sąd Apelacyjny na zasadzie <xLexLink xArt="art. 385" xIsapId="WDU19640430296" xTitle="Ustawa z dnia 17 listopada 1964 r. - Kodeks postępowania cywilnego" xAddress="Dz. U. z 1964 r. Nr 43, poz. 296">art. 385 k.p.c.</xLexLink> apelację w części w jakiej uznał ją za dopuszczalną oddalił.</xText>
          <xText>O kosztach postępowania odwoławczego orzeczono na zasadzie <xLexLink xArt="art. 102" xIsapId="WDU19640430296" xTitle="Ustawa z dnia 17 listopada 1964 r. - Kodeks postępowania cywilnego" xAddress="Dz. U. z 1964 r. Nr 43, poz. 296">art. 102 k.p.c.</xLexLink> podobnie jak wcześniej postąpił Sąd Okręgowy co do kosztów procesu w pierwszej instancji. Sąd Apelacyjny świadom jest, iż regulacja ta ma charakter szczególny, to biorąc jednak pod uwagą, iż na rozprawę apelacyjną nikt się nie stawił, a pozwany nie skarżył takiego rozstrzygnięcia w pierwszej instancji – uprawnionym jest zastosowanie tego przepisu także w drugiej instancji. Nie bez znaczenia jest to, iż ewentualne zasądzenie od powódki dość znacznych kosztów procesu , liczonych od wartości dochodzonego przez nią roszczenia majątkowego mogłoby być dodatkowym elementem konfliktogennym, związanym z subiektywnym przekonaniem powódki o swoich racjach , w oderwaniu od realnej i obiektywnej oceny materiału dowodowego zgromadzonego w niniejszej sprawie.</xText>
        </xUnit>
      </xBlock>
    </xPart>
  </judgement>
<judgement id="151500000002503_V_ACa_000338_2013_Uz_2013-11-07_001">
    <xPart xEditorFullName="Agnieszka Jasińska-Łuszczkiewicz" xYear="2013" xLang="PL" xPublisherFullName="Elżbieta Pieknik-Tkacz" xFromPg="1" xEditor="ajasinska" xVolType="15/150000/0002503/ACa" xPublisher="etkacz" xDocType="Uz" xVolNmbr="000338" xVersion="1.0" xToPage="13" xFlag="published">
      <xName>Wyrok+Uzasadnienie</xName>
      <xBlock>
        <xText>Sygn. akt V ACa 338/13</xText>
        <xUnit xIsTitle="true" xBold="true" xType="part">
          <xName>WYROK</xName>
          <xTitle>W IMIENIU RZECZYPOSPOLITEJ POLSKIEJ</xTitle>
          <xText xALIGNx="right">     Dnia 7 listopada 2013 r.</xText>
          <xText>Sąd Apelacyjny w Katowicach V Wydział Cywilny</xText>
          <xText>w składzie:</xText>
          <xRows>
            <xCOLGROUPx>
              <xCOLx xWIDTHx="214"/>
              <xCOLx xWIDTHx="498"/>
            </xCOLGROUPx>
            <xRow>
              <xClmn xALIGNx="left" xVALIGNx="top">
                <xText xALIGNx="right">Przewodniczący :</xText>
              </xClmn>
              <xClmn xALIGNx="left" xVALIGNx="top">
                <xText>SSA Tomasz Pidzik</xText>
              </xClmn>
            </xRow>
            <xRow>
              <xClmn xALIGNx="left" xVALIGNx="top">
                <xText xALIGNx="right">Sędziowie :</xText>
              </xClmn>
              <xClmn xALIGNx="left" xVALIGNx="top">
                <xText>SA Zofia Kołaczyk</xText>
                <xText>SA Urszula Bożałkińska (spr.)</xText>
              </xClmn>
            </xRow>
            <xRow>
              <xClmn xALIGNx="left" xVALIGNx="top">
                <xText xALIGNx="right">Protokolant :</xText>
              </xClmn>
              <xClmn xALIGNx="left" xVALIGNx="top">
                <xText>Barbara Knop</xText>
              </xClmn>
            </xRow>
          </xRows>
          <xText>po rozpoznaniu w dniu 7 listopada 2013 r. w Katowicach</xText>
          <xText>na rozprawie</xText>
          <xText>sprawy z powództwa <xAnon>A. M.</xAnon></xText>
          <xText>przeciwko <xAnon>(...)</xAnon>Spółce Akcyjnej w <xAnon>W.</xAnon></xText>
          <xText>o zapłatę</xText>
          <xText>na skutek apelacji pozwanej</xText>
          <xText>od wyroku Sądu Okręgowego w Gliwicach</xText>
          <xText>z dnia 21 lutego 2013 r., sygn. akt I C 233/12</xText>
          
          <xUnit xIsTitle="false" xType="none">
            <xName xSffx=".">1</xName>
            <xText>zmienia zaskarżony wyrok:</xText>
          </xUnit>
          <xText>- w punkcie 1 o tyle, że kwotę 174.133,45 złotych obniża do kwoty 124.133,45 (sto dwadzieścia cztery tysiące sto trzydzieści trzy i 45/100) złotych z odsetkami od kwoty 24.133,45 (dwadzieścia cztery tysiące sto trzydzieści trzy i 45/100) złotych od dnia 18 października 2012r. i od kwoty 100.000 (sto tysięcy) złotych od dnia 21 lutego 2013r., a w pozostałej części powództwo oddala,</xText>
          <xText>- w punkcie 3 o tyle, że kwotę 405 złotych obniża do kwoty 263 (dwieście sześćdziesiąt trzy) złotych, a w pozostałej części powództwo oddala,</xText>
          <xText>- w punkcie 5 o tyle, że kwotę 6.700 złotych obniża do kwoty 3.655,48 (trzy tysiące sześćset pięćdziesiąt pięć i 48/100) złotych,</xText>
          <xText>- w punkcie 6 w ten sposób, że nakazuje pobrać na rzecz Skarbu Państwa (Sądu Okręgowego w Gliwicach) od powoda z zasądzonego roszczenia 2.104,72 (dwa tysiące sto cztery i 72/100) złotych i od pozwanego 5.412,15 (pięć tysięcy czterysta dwanaście i 15/100) złotych tytułem nieuiszczonych kosztów sądowych;</xText>
          <xUnit xIsTitle="false" xType="none">
            <xName xSffx=".">2</xName>
            <xText>oddala apelację w pozostałej części;</xText>
          </xUnit>
          <xUnit xIsTitle="false" xType="none">
            <xName xSffx=".">3</xName>
            <xText>zasądza od powoda na rzecz pozwanego 4.217 (cztery tysiące dwieście siedemnaście) złotych tytułem kosztów postępowania apelacyjnego.</xText>
          </xUnit>
          
          <xText>Sygn. akt VACa 338/13</xText>
        </xUnit>
        <xUnit xIsTitle="true" xBold="true" xType="part">
          <xName>UZASADNIENIE</xName>
          <xText>Pozwem z dnia 28 stycznia 2011r. powód <xAnon>A. M.</xAnon> wniósł o zasądzenie na jego rzecz od <xAnon> (...) S.A.</xAnon> w <xAnon>W.</xAnon> kwoty 50.000,- zł tytułem zadośćuczynienia za krzywdę doznaną w wypadku z dnia 29 września 2007r. wraz z odsetkami od dnia wniesienia pozwu oraz ustalenia na przyszłość odpowiedzialności pozwanego za skutki tegoż wypadku, a także zasądzenia kosztów procesu. W uzasadnieniu powód podał, że w dniu 29 września 2007r. uległ wypadkowi samochodowemu, którego sprawca był ubezpieczony przez pozwanego. Powód dokonał zgłoszenia szkody, a pozwany uznał swoją odpowiedzialność i wypłacił powodowi kwotę 50.000 zł. obejmującą zadośćuczynienie i zwrot poniesionych przez powoda kosztów związanych z leczeniem i opieką osób trzecich.</xText>
          <xText>Pismem z dnia 18 października 2012r. powód rozszerzył żądanie pozwu, domagając się zasądzenia od pozwanego kwoty łącznie 150.000 zł. tytułem zadośćuczynienia z ustawowymi odsetkami od kwoty 50.000 zł. od dnia wniesienia pozwu i od kwoty 100.000 zł. od daty rozszerzenia powództwa, 24.133,45 zł. tytułem skapitalizowanej renty wyrównawczej za okres od 1.01.2010 do 30.09.2012r. wraz z ustawowymi odsetkami od dnia rozszerzenia powództwa, zasądzenia od pozwanego na rzecz powoda kwoty po 638,25 zł miesięcznie tytułem renty wyrównawczej począwszy od dnia 1.10.2012r. oraz zasądzenia od pozwanego na rzecz powoda kwoty 405,- zł miesięcznie tytułem renty na zaspokojenie zwiększonych potrzeb.</xText>
          <xText>W grudniu 2012r. doszło do przejęcia <xAnon> (...) S.A.</xAnon> w <xAnon>W.</xAnon> przez <xAnon>(...)</xAnon>S.A. w <xAnon>W.</xAnon>. <xAnon>(...)</xAnon> przejęła wszystkie zobowiązania przejmowanej spółki. W tej sytuacji pełnomocnik powoda na rozprawie w dniu 21 lutego 2013r. wskazał jak o pozwanego <xAnon>(...)</xAnon>S.A.
</xText>
          
          <xText>
            <xBx>Po przeprowadzeniu postępowania dowodowego Sąd Okręgowy ustalił następujący stan faktyczny:</xBx>
          </xText>
          <xText>W dniu 29 września 2007r. na <xAnon>drodze nr (...)</xAnon> w okolicach <xAnon>K.</xAnon> doszło do wypadku, w którym <xAnon>P. C.</xAnon> kierujący samochodem marki <xAnon>V. (...)</xAnon><xAnon>nr rej. (...)</xAnon> doprowadził do czołowego zderzenia z prawidłowo jadącym samochodem <xAnon>S. (...)</xAnon>, którego kierowcą był powód . W wypadku zginęła matka powoda, a powód doznał rozległych obrażeń ciała. Stwierdzone u powoda bezpośrednio po wypadku obrażenia to stłuczenie klatki piersiowej ze złamaniem żeber, stłuczenie płuc, złamanie łopatki prawej i wieloodłamowe złamanie panewki stawu biodrowego lewego. Od dnia 30 września do 17 grudnia 2007r. powód był hospitalizowany- początkowo od 30 września do 11 października 2007r. w Oddziale Chirurgii Ogólnej <xAnon>(...)</xAnon> w <xAnon>K.</xAnon> –gdzie stosowano leczenie na wyciągu osiowym, następnie od 11 października do 29 października 2007r. na Oddziale Urazowo – Ortopedycznym <xAnon>(...)</xAnon>         Szpitala <xAnon>(...)</xAnon> w <xAnon>P.</xAnon>, gdzie dodatkowo rozpoznano stan zapalny tkanek miękkich w okolicy prawego pośladka z wytworzeniem ropnia – zastosowano leczenie zachowawcze – wyciąg szkieletowy, nacięcie ropnia i sączkowanie rany, a następnie od 29 października do 17 grudnia 2007r. na Oddziale Septycznym <xAnon>(...)</xAnon> Szpitala <xAnon>(...)</xAnon> w <xAnon>P.</xAnon> z rozpoznaniem stanu po wieloodłamowym złamaniu panewki lewego stanu biodrowego z miernym przemieszczeniem odłamów kostnych powikłany rozległym podpowięziowym ropniem prawego pośladka i procesem zapalnym bliższej nasady lewej kości piszczelowej oraz stanu po złamaniu prawej łopatki i stłuczeniu klatki piersiowej ze złamaniem żeber. Trzykrotnie w tym okresie zastosowano leczenie operacyjne: 2 listopada 2007r. chirurgiczne opracowanie rozległego podpowięziowego ropnia prawego pośladka i drenaż przepływowy, 20 listopada 2007r. chirurgiczne opracowanie odleżyny na stronie bocznej podudzia lewego i 27 listopada 2007r. resekcję tkanek martwiczych oraz zmienionych zapalnie w obrębie rany owrzodzeniowej na powierzchni uda lewego i pokrycie ubytku tkanek płatami uszypułowanymi przesuniętymi z sąsiedztwa. Następnie powód był rehabilitowany od dnia 23 stycznia do 12 lutego 2008r. w <xAnon>(...)</xAnon>Szpitalu <xAnon>(...)</xAnon> w <xAnon>P.</xAnon> – zastosowano leczenie usprawniające, a potem od 12 maja do 4 czerwca 20108r. przebywał na rehabilitacji w warunkach sanatoryjnych – ponownie stosowano leczenie usprawniające. Następnie powód ponownie był hospitalizowany i poddawany zabiegom operacyjnym, i tak: od dnia 3 do 16 kwietnia 2009r. przebywał w <xAnon>(...)</xAnon> Szpitalu <xAnon>(...)</xAnon> w <xAnon>P.</xAnon>, gdzie w dniu 6 kwietnia 2009r. poddany został zabiegowi <xAnon>T.</xAnon> bezcementowa lewego stawu biodrowego sposobem <xAnon>Z.</xAnon><xAnon>P.</xAnon>, a następnie w okresie od 20 do 29 lipca 2009r. ponownie przebywał w tym samym szpitalu, gdzie dokonano zabiegu <xAnon>T.</xAnon> rewizyjna stawu lewego biodrowego – usunięcie obluzowanego wkładu oraz obluzowanej panewki <xAnon>Z.</xAnon><xAnon>P.</xAnon>, obszernej spongiozoplastyki ubytków ściany tylnej oraz przedniej wiórami gąbczastymi z banku tkanek, osadzenia panewki bezcementowej <xAnon>J.</xAnon><xAnon>(...)</xAnon> 64mm ze stabilizacją trzema wkrętami panewkowymi, wkładu <xAnon>B.</xAnon> ceramicznego, adapteru <xAnon>(...)</xAnon>, <xAnon>g.</xAnon><xAnon>(...)</xAnon>średnica 36 mm. Następnie powód leczył się ambulatoryjnie.</xText>
          <xText>Powołany w sprawie biegły ortopeda ustalił, że powód na skutek wypadku doznał obrażeń wielomiejscowych i wielonarządowych, a mianowicie: stłuczenia klatki piersiowej ze złamaniem łopatki prawej , żeber prawych oraz obustronnego stłuczenia płuc, wieloodłamowego złamania panewki lewego stawu biodrowego z przemieszczeniem odłamów kostnych, stłuczenia tkanej miękkich obręczy miedniczej z wytworzeniem się ropnia pośladka prawego i stłuczenia kolana lewego. Biegły ortopeda ocenił uszczerbek na zdrowiu jakiego doznał powód na 75% i uznał, że stopień nasilenia cierpień fizycznych przez okres trzech miesięcy można określić jako znaczny, następnie malejący do średniego i umiarkowanego, przy czym utrzymuje się on w dalszym ciągu. Zdaniem biegłego powód przez okres dwóch miesięcy po wypadku był osobą całkowicie niezdolną do samodzielnej egzystencji i wymagał pomocy przy wszystkich najprostszych nawet czynnościach życia codziennego, a do końca życia będzie wymagał doraźnej pomocy osób drugich przy wymagających wysiłku czynnościach życia codziennego tj. sprzątanie, naprawy, zakupy itd. Rokowania zdrowotne powoda biegły określił jako zdecydowanie negatywne . Zdaniem biegłego stwierdzona u powoda dysfunkcja stawu biodrowego i kończyny dolnej jako całości będzie pogłębiała się i prowadziła do zmian przeciążeniowych i zwyrodnieniowych w pozostałych stawach kończyn dolnych i kręgosłupa na skutek patologicznego wzorca poruszania się ( poruszania się przy pomocy kul).</xText>
          <xText>Z kolei w opinii biegłego neurologa wynikało, iż powód doznał częściowego uszkodzenia włókien czuciowych i ruchowych lewego nerwu strzałkowego, co spowodowało u niego uszczerbek na zdrowiu w wysokości 10%. Zdaniem biegłego neurologa nie jest wykluczone, że odpowiednie leczenie mogłoby zmniejszyć neurologiczne objawy czuciowe i ruchowe powoda, niemniej ból i cierpienia doznawane powoda związane są raczej ze schorzeniami typu ortopedycznego.</xText>
          <xText>Obecnie powód nadal pozostaje w leczeniu. Porusza się wyłącznie przy pomocy dwóch kul łokciowych. Odczuwa silne bóle przy poruszaniu się, w sytuacjach kiedy na skutek podejmowanego wysiłku czuje się zmęczony, a także podczas dłuższego chodzenia lub siedzenia. Bóle pojawiają się przede wszystkim w okolicy lewego kolana, biodra i miednicy. Powód odczuwa także silne bolesne skurcze nogi oraz bóle w klatce piersiowej, zwłaszcza podczas skrętu tułowia. Odczuwa niestabilność lewego kolana i jego blokowanie się – szczególnie podczas wchodzenia po schodach. Dolegliwości powoda są na tyle silne, że cały czas pozostaje on pod opieką poradni leczenia bólu i codziennie zażywa środki przeciwbólowe, bez których nie jest w stanie funkcjonować. Tabletki przeciwbólowe powód zażywa regularnie dwa razy na dobę, a niejednokrotnie częściej z uwagi na nasilenie dolegliwości. Powód nie może spać w nocy – co godzinę się budzi pod wpływem bólu, musi wstać lub usiąść aby choć na chwilę zmienić pozycję. Nawet proste czynności życia codziennego wymagają od powoda znacznego wysiłku, a niektórych w ogóle nie jest w stanie sam wykonać. Samodzielnie jest w stanie zrobić tylko najbardziej podstawowe zakupy, przenosi je w siatce wieszanej na kuli. Konieczność zejścia po schodach, dojścia do sklepu i powrotu jest okupiona znacznymi dolegliwościami bólowymi. Z uwagi na konieczność poruszania się o dwóch kulach powód nie jest w stanie samodzielnie niemal niczego przenieść. Nie potrafi np. przenieść płynnych posiłków czy napojów z kuchni na stół . Niektóre rzeczy na terenie mieszkania potrafi przenieść poruszając się na odległość około 2 metrów o jednej kuli, jest to jednak połączone z nasileniem dolegliwości bólowych. Powód nie oddala się samodzielnie od miejsca zamieszkania na odległość dalszą niż około jeden kilometr, w okresie zimowym kiedy jest ślisko w zasadzie w ogóle nie wychodzi z domu objawiając się upadku. Dolegliwości związane z niekontrolowanymi skurczami nogi nie pozwalają mu także prowadzić samochodu. W tej sytuacji powód jest w znacznym stopniu uzależniony od pomocy drugiej osoby, wymaga takiej pomocy w wielu czynnościach życia codziennego, a także w przemieszczaniu się, dojazdach do lekarzy itp.</xText>
          <xText>Przed wypadkiem powód był człowiekiem zdrowym i w pełni sprawnym. Opisane wyżej problemy zdrowotne są wyłącznie wynikiem wypadku.</xText>
          <xText>Do chwili wypadku powód pracował – zatrudniony był od 1978r na kolei –początkowo w <xAnon>(...)</xAnon>w <xAnon>G.</xAnon>, ostatnio w <xAnon> (...) SA</xAnon> . Średnie miesięczne wynagrodzenie powoda przed wypadkiem wynosiło 2385,36 zł. Po wypadku powód pobierał zasiłek chorobowy i rehabilitacyjny, a następnie przeszedł na rentę z tytułu całkowitej niezdolności do pracy. Renta powoda wynosiła w miesiącach styczniu i lutym 2010r. 1189,09 zł netto, od 1 marca 2010r. do 28 lutego 2011r. 1640,79 zł. netto, od 1 marca 2011r. do 28 lutego 2012r. 1690,50 zł. netto i od 1 marca 2012r. do chwili orzekania 1747,11 zł. netto. Dokonane na podstawie powyższych danych wyliczenie powoda odnośnie skapitalizowanej renty wyrównawczej za okres od 1 stycznia 2010 do 30 września 2012r. na kwotę 24 133,45 i dalszej renty wyrównawczej na kwotę 638,25 zł. jest prawidłowe.</xText>
          <xText>Skutkiem inwalidztwa powoda jest konieczność korzystania z pomocy osoby drugiej przy tak podstawowych czynnościach jak zakupy, sprzątanie, przygotowanie i przeniesienie posiłków. Powód uznał, ze potrzebuje opieki co najmniej przez 30 minut dziennie i zważywszy na stan zdrowia powoda i stopień jego inwalidztwa nie można uznać , że czas ten jest zawyżony. Przyjmując, że godzina opieki kosztuje 10 zł. powód określił koszty miesięcznej opieki na 150 zł. Koszty transportu na leczenie i rehabilitację powód określił na kwotę 125 zł. miesięcznie przy przyjęciu, że odległość jaką pokonuje wynosi 150 kilometrów, co jest całkowicie wiarygodne, zważywszy na to, że powód leczy się m.in. w specjalistycznej placówce w <xAnon>P.</xAnon>. Dodatkowo powód wskazał na koszty zakupu leków w wysokości 130 zł., które udokumentował fakturami. Suma kosztów opieki, przejazdów i zakupu leków daje miesięcznie kwotę 405 zł., której to kwoty powód zażądał tytułem zwiększonych potrzeb.</xText>
          <xText>Pozwany przed wytoczeniem powództwa wypłacił już powodowi kwotę 50 000,- zł. tytułem zadośćuczynienia za doznaną krzywdę i cierpienia fizyczne.</xText>
          <xText>
            <xBx>Czyniąc powyższe ustalenia Sąd Okręgowy zważył, co następuje: </xBx>
          </xText>
          <xText>Odpowiedzialność pozwanego jako ubezpieczyciela posiadacza pojazdu, którego kierowca spowodował wypadek jakiemu uległ powód nie była w niniejszej sprawie sporna.</xText>
          <xText>Poza sporem jest, że powód otrzymał już kwotę 50 000 zł. zadośćuczynienia, a w toku postępowania domagał się dalszych 150 000 zł. z tego tytułu. Zważywszy na stopień uszczerbku na zdrowiu jakiego powód doznał na skutek wypadku, czas trwania hospitalizacji i leczenia, ilość przebytych zabiegów operacyjnych, znaczne inwalidztwo powoda, które w wielu sprawach życia codziennego czyni go zależnym od pomocy innych osób, a także znaczne i ciągle występujące dolegliwości bólowe oraz negatywne rokowania na przyszłość Sąd uznał, że żądania powoda co do zadośćuczynienia nie są wygórowane. Rozmiar krzywdy ujmowanej jako cierpienie fizyczne (ból) i cierpienia psychiczne związane zarówno z doznawanym cierpieniem fizycznym, jak i innymi następstwami zdarzenia w postaci inwalidztwa pociągającego za sobą konieczność korzystania z pomocy innych osób, ograniczenie możliwości samodzielnego poruszania się, wyłączenie z normalnego życia , uzależnienie od innych osób, jest znaczny i to tym bardziej, że wskazane przez biegłego negatywne rokowania na przyszłość nie polegają wyłącznie na spodziewanym braku poprawy ale także na przewidywaniu pogarszania się stanu zdrowia powoda. Skutki wypadku są tym bardziej ciężkie dla powoda, że w chwili wypadku był on człowiekiem w sile wieku, sprawnym fizycznie i niezależnym, a doznane obrażenia i związana z nimi konieczność poruszania się o kulach diametralnie zmieniła jego życie. Powyższe okoliczności powodują, że żądanie przez powoda obok już wypłaconych 50 000 zł. dalszej kwoty 150 000 zł. jest uzasadnione, a łączna kwota 200 000,- zł stanowi odpowiednią sumę zadośćuczynienia za doznaną krzywdę w rozumieniu <xLexLink xArt="art. 445;art. 445 § 1" xIsapId="WDU19640160093" xTitle="Ustawa z dnia 23 kwietnia 1964 r. - Kodeks cywilny" xAddress="Dz. U. z 1964 r. Nr 16, poz. 93">art. 445 § 1 k.c.</xLexLink></xText>
          <xText>Powód – jak opisano w części ustalającej - w sposób dostateczny wykazał fakt i rozmiar utraconych dochodów na skutek utraty zdolności zarobkowej, a także wysokość jego zwiększonych potrzeb. Uznając żądania powoda za usprawiedliwione Sąd na zasadzie <xLexLink xArt="art. 444;art. 444 § 2" xIsapId="WDU19640160093" xTitle="Ustawa z dnia 23 kwietnia 1964 r. - Kodeks cywilny" xAddress="Dz. U. z 1964 r. Nr 16, poz. 93">art. 444 § 2 k.c.</xLexLink> zasądził od pozwanego na rzecz powoda 24 133,45 zł tytułem renty wyrównawczej skapitalizowanej za okres od 1 stycznia 2010r. do 30 września 2012r. oraz kwotę 638, 25 zł. miesięcznie począwszy od października 2012r. Kwoty te stanowią różnicę pomiędzy wysokością średnich miesięcznych dochodów powoda przed wypadkiem, a wysokością pobieranej renty inwalidzkiej. Niezależnie od tego Sąd opierając się na tej samej podstawie prawnej zasądził od pozwanego na rzec powoda kwotę 405,- zł. miesięcznie tytułem zwiększonych potrzeb obejmujących koszty opieki, transportu i leczenia.</xText>
          <xText>Jako, że proces leczenia i rehabilitacji woda ciągle trwa, a zgodnie z opinią biegłego ortopedy stan zdrowia powoda na skutek następstw wypadku może ulegać w przyszłości pogorszeniu Sąd uznał żądanie ustalenia odpowiedzialności pozwanego za skutki wypadku na przyszłość za uzasadnione i na zasadzie <xLexLink xArt="art. 189" xIsapId="WDU19640430296" xTitle="Ustawa z dnia 17 listopada 1964 r. - Kodeks postępowania cywilnego" xAddress="Dz. U. z 1964 r. Nr 43, poz. 296">art. 189 k.p.c.</xLexLink> takiego ustalenia dokonał.</xText>
          <xText>Orzeczenie o odsetkach oparto o przepis <xLexLink xArt="art. 481" xIsapId="WDU19640160093" xTitle="Ustawa z dnia 23 kwietnia 1964 r. - Kodeks cywilny" xAddress="Dz. U. z 1964 r. Nr 16, poz. 93">art. 481 k.c.</xLexLink></xText>
          
          <xText>Od powyższego wyroku wniósł apelację pozwany zaskarżając go w punkcie 1 w zakresie, w jakim Sąd zasądził na rzecz powoda kwotę powyżej 124133,45 zł tj. w zakresie kwoty 50.000 zł) oraz w zakresie początkowej daty odsetek za opóźnienie, a także w punktach 3,5 i 6 wyroku.</xText>
          <xText>Zaskarżonemu wyrokowi zarzucano:</xText>
          <xUnit xIsTitle="false" xType="none">
            <xName xSffx=")">1</xName>
            <xText>naruszenie prawa materialnego przez błędną jego wykładnię i niewłaściwe zastosowanie, a w szczególności:</xText>
            <xUnit xIsTitle="false" xType="none">
              <xName xSffx=")">a</xName>
              <xText>przepisu <xLexLink xArt="art. 445;art. 445 § 1" xIsapId="WDU19640160093" xTitle="Ustawa z dnia 23 kwietnia 1964 r. - Kodeks cywilny" xAddress="Dz. U. z 1964 r. Nr 16, poz. 93">art. 445§1 k.c.</xLexLink> poprzez zasądzenie rażąco wysokiej kwoty zadośćuczynienia za doznaną krzywdę,</xText>
            </xUnit>
            <xUnit xIsTitle="false" xType="none">
              <xName xSffx=")">b</xName>
              <xText>naruszenie przepisu <xLexLink xArt="art. 444;art. 444 § 2" xIsapId="WDU19640160093" xTitle="Ustawa z dnia 23 kwietnia 1964 r. - Kodeks cywilny" xAddress="Dz. U. z 1964 r. Nr 16, poz. 93">art. 444§2 k.c.</xLexLink> w związku z przepisem <xLexLink xArt="art. 6" xIsapId="WDU19640160093" xTitle="Ustawa z dnia 23 kwietnia 1964 r. - Kodeks cywilny" xAddress="Dz. U. z 1964 r. Nr 16, poz. 93">art. 6 k.c.</xLexLink> poprzez przyjęcie, że powód wykazał i udowodnił, iż na skutek zdarzenia z dnia 29.09.2007r. zaszły przesłanki do przyznania powodowi renty z tytułu zwiększonych potrzeb,</xText>
            </xUnit>
            <xUnit xIsTitle="false" xType="none">
              <xName xSffx=")">c</xName>
              <xText>naruszenie przepisu <xLexLink xArt="art. 481" xIsapId="WDU19640160093" xTitle="Ustawa z dnia 23 kwietnia 1964 r. - Kodeks cywilny" xAddress="Dz. U. z 1964 r. Nr 16, poz. 93">art. 481 k.c.</xLexLink> i <xLexLink xArt="art. 817" xIsapId="WDU19640160093" xTitle="Ustawa z dnia 23 kwietnia 1964 r. - Kodeks cywilny" xAddress="Dz. U. z 1964 r. Nr 16, poz. 93">art. 817 k.c.</xLexLink> poprzez ich niewłaściwą wykładnię i przyjęcie, że pozwany pozostawał w opóźnieniu ze spełnieniem świadczenia na rzecz powoda, podczas gdy wysokość zadośćuczynienia ustalona jest na dzień zamknięcia rozprawy, pozwany pozostaje w zwłoce od dnia w którym ustalono wysokość świadczenia,</xText>
            </xUnit>
            <xUnit xIsTitle="false" xType="none">
              <xName xSffx=")">d</xName>
              <xText>naruszenia przepisu <xLexLink xArt="art. 817" xIsapId="WDU19640160093" xTitle="Ustawa z dnia 23 kwietnia 1964 r. - Kodeks cywilny" xAddress="Dz. U. z 1964 r. Nr 16, poz. 93">art. 817 k.c.</xLexLink></xText>
            </xUnit>
          </xUnit>
          <xUnit xIsTitle="false" xType="none">
            <xName xSffx=")">2</xName>
            <xText>naruszenie prawa procesowego, a to <xLexLink xArt="art. 233;art. 233 § 1;art. 328;art. 328 § 2" xIsapId="WDU19640430296" xTitle="Ustawa z dnia 17 listopada 1964 r. - Kodeks postępowania cywilnego" xAddress="Dz. U. z 1964 r. Nr 43, poz. 296">art. 233§1 i art. 328§2 k.p.c.</xLexLink>, przekroczenie granic swobodnej oceny dowodów, a także poprzez niewnioskowanie w uzasadnieniu wyroku podstaw przyjęcia jako daty początkowej od którego naliczać należy daty wcześniejszej niż dzień wyrokowania.</xText>
          </xUnit>
          <xText>Wskazując na powyższe zarzuty pozwany wniósł o zmianę wyroku w zaskarżonej części, poprzez oddalenie powództwa co do części zaskarżonej oraz zmianę orzeczenie w przedmiocie kosztów procesu, ewentualnie o uchylenie wyroku w zaskarżonej części i przekazanie sprawy do ponownego rozpoznania Sądowi pierwszej instancji.</xText>
          
          <xText>
            <xBx>Rozpoznając przedmiotową apelację Sąd Apelacyjny zważył, co następuje:</xBx>
          </xText>
          <xText>Za niezasadny uznać należało zarzut naruszenia prawa procesowego, a to <xLexLink xArt="art. 233;art. 233 § 1" xIsapId="WDU19640430296" xTitle="Ustawa z dnia 17 listopada 1964 r. - Kodeks postępowania cywilnego" xAddress="Dz. U. z 1964 r. Nr 43, poz. 296">art. 233§1 k.p.c.</xLexLink> i <xLexLink xArt="art. 328;art. 328 § 2" xIsapId="WDU19640430296" xTitle="Ustawa z dnia 17 listopada 1964 r. - Kodeks postępowania cywilnego" xAddress="Dz. U. z 1964 r. Nr 43, poz. 296">art. 328§2 k.p.c.</xLexLink>, gdy należało wyjść od stwierdzenia, że dla skuteczności zarzutu naruszenia <xLexLink xArt="art. 233;art. 233 § 1" xIsapId="WDU19640430296" xTitle="Ustawa z dnia 17 listopada 1964 r. - Kodeks postępowania cywilnego" xAddress="Dz. U. z 1964 r. Nr 43, poz. 296">art. 233§1 k.p.c.</xLexLink> konieczne jest wskazanie przyczyn dla których ocena dowodów nie spełnia kryteriów określonych w ustawie.</xText>
          <xText>Skarżący powinien więc określić jakie dowody i z naruszeniem jakich kryteriów, sąd błędnie uznał za wiarygodne i mające moc dowodową lub pozbawione takiej mocy i niewiarygodne. Wymogów tych nie spełnia apelacja, w której poprzestano na stwierdzeniu wadliwości oceny dowodów, tak jak to miało miejsce w stanie faktycznym sprawy bez wskazania niezbędnej argumentacji jurydycznej (por. wyrok Sądu Najwyższego z 9 lipca 2003 roku, IV CKN 305/04, OSNC 2004/7-8/130).</xText>
          <xText>Uwagi Sądu Apelacyjnemu nie mogło ujść równocześnie to, ze apelujący podnosząc zarzut obrazy <xLexLink xArt="art. 233;art. 233 § 1;art. 233 § 328;art. 233 § 2" xIsapId="WDU19640430296" xTitle="Ustawa z dnia 17 listopada 1964 r. - Kodeks postępowania cywilnego" xAddress="Dz. U. z 1964 r. Nr 43, poz. 296">art. 233§1 i 328§2 k.p.c.</xLexLink> kwestionuje w istocie wniosek prawny Sądu Okręgowego co do daty początkowej odsetek od kwoty zadośćuczynienia, gdy Sąd Okręgowy nie czyniąc bliższych rozważań w tym przedmiocie stwierdził jedynie, że o odsetkach orzeczono na podstawie <xLexLink xArt="art. 481" xIsapId="WDU19640160093" xTitle="Ustawa z dnia 23 kwietnia 1964 r. - Kodeks cywilny" xAddress="Dz. U. z 1964 r. Nr 16, poz. 93">art. 481 k.c.</xLexLink> W związku z powyższym zarzut podniesiony w apelacji, a dotyczący początkowej daty odsetek od zadośćuczynienia rozpoznany został przez Sąd Apelacyjny jako zarzut naruszenia prawa materialnego, gdy w pierwszej kolejności Sąd Apelacyjny rozpoznał ten zarzut w odniesieniu do kwoty zadośćuczynienia z <xLexLink xArt="art. 445;art. 445 § 1" xIsapId="WDU19640160093" xTitle="Ustawa z dnia 23 kwietnia 1964 r. - Kodeks cywilny" xAddress="Dz. U. z 1964 r. Nr 16, poz. 93">art. 445§1 k.c.</xLexLink> czyniąc rozważania, w przedmiocie czy kwota 180.000 złotych zadośćuczynienia obok wypłaconego w postępowaniu likwidacyjnym zadośćuczynienia w wysokości 50.000 zł była kwotą rażąco zawyżoną.</xText>
          <xText>Zgodnie bowiem z utrwalonym orzecznictwem Sądu Najwyższego ustalenie odpowiedniej sumy zadośćuczynienia jest kwestią sądu meriti, zaś odwoławczy kwotę z tego tytułu zasądzoną może korygować wyłącznie w sytuacji, gdy jest do kwota rażąco nieodpowiednia, tj. rażąco zaniżona lub gdy apelującym jest pozwany, jest to kwota rażąco wysoka, a ocena taka zostaje dokonana przy uwzględnieniu wszystkich okoliczności sprawy mających wpływ na jego wysokość.</xText>
          <xText>Jak zasadnie wskazał Sąd Najwyższy w wyroku z 8 sierpnia 2012r., I CSK 2/12 (LEX nr 1228578) postawienie skutecznego zarzutu naruszenia <xLexLink xArt="art. 445;art. 445 § 1" xIsapId="WDU19640160093" xTitle="Ustawa z dnia 23 kwietnia 1964 r. - Kodeks cywilny" xAddress="Dz. U. z 1964 r. Nr 16, poz. 93">art. 445§1 k.c.</xLexLink> ma miejsce zarówno wówczas, gdy nieprawidłowo określone zostały przesłanki decydujące o rozmiarze odpowiedniej sum, jak też, gdy dochodzi do dysonansu pomiędzy poprawnie sformułowanymi przesłankami w ujęciu ogólnym, a zindywidualizowanymi przesłankami dotyczącymi konkretnego poszkodowanego.</xText>
          <xText>Kompensacyjny charakter zadośćuczynienia jako sposób naprawienia szkody niemajątkowej, wyrażającą się krzywdą w postaci doznanych cierpień fizycznych i psychicznych, przy jego jednorazowości nakazującej uwzględnienie prawdopodobnej w stopniu wysokim krzywdy przyszłej powodował, że poprzez pominięcie pewnych okoliczności dotyczących osoby poszkodowanego zadośćuczynienie w łącznej kwocie 200.000 zł uznać należało za rażąco nieodpowiednie. Nie zostały bowiem w odpowiedni sposób uwzględnione czynniki obiektywne, jak czas trwania oraz stopień intensywności cierpień fizycznych i psychicznych, a także czynniki subiektywne związane z warunkami życia i funkcjonowania powoda.</xText>
          <xText>Biegły <xAnon>J. J.</xAnon> wskazał zaś, że cierpienia, ból, mogły mieć charakter znaczny przez okres sumaryczny około trzech miesięcy, w kolejnych okresach dwumiesięcznych zmalały do natężenia średniego i umiarkowanego, które na dzień badania przez biegłego (14 listopada 2011r.) występowały nadal i oprócz cierpień natury fizycznej biegły wskazywał na cierpienia natury psychicznej w związku ze znacznym ograniczeniem aktywnej rekreacji i uczestnictwa w życiu społeczności lokalnej.</xText>
          <xText>Negatywne rokowania na przyszłość wiązał biegły z dysfunkcją nie tylko stawu biodrowego dla kończyny dolnej jako całości, nie przewidując konieczności dalszych zabiegów operacyjnych wiążących się niewątpliwie z bólem, gdy co do nasilenia tegoż w przyszłości wskazywał na celowość wydania opinii przez biegłego neurologa.</xText>
          <xText>Biegły neurolog – dr <xAnon>A. K.</xAnon> w swojej opinii z 30 lipca 2012r. (k. 382-356) podkreślił, że uszkodzenie nerwu strzałkowego było wynikiem wyłącznie powikłań w trakcie leczenia. Ponieważ jest częściowe, pomimo dość długiego trwania, nie można wykluczyć, że na skutek odpowiedniego leczenia i rehabilitacji, objawy zarówno czuciowe jaki ruchowe zmniejszą się.</xText>
          <xText>Równocześnie, dopiero przesłuchanie powoda, po rozszerzeniu powództwa (ze skutkiem od 18 listopada 2012r.) na rozprawie w dniu 31 stycznia 2013r. (k. 465-470) pozwoliło na dokładne określenie rozmiaru krzywdy powoda w stopniu umożliwiającym zasądzenie odpowiedniego zadośćuczynienia, na co zdaje się wskazywać charakter rozważań Sądu. Jednocześnie w ustaleniach Sądu zabrakło ustaleń co do warunków życia powoda, gdy te niewątpliwie rzutują na rozmiar krzywdy podlegającej kompensacji.</xText>
          <xText>Z jednej strony powód zeznaje, że mieszka w domku jednorodzinnym, ale czasowo jest u konkubiny, która mieszka na pierwszym piętrze. Podaje też, że mieszka z bratem, który chodzi do pracy i cały dzień byłby sam. Chodzi na zakupy, ale nie podaje, czy są to stałe czynności, czy też okazjonalne, bo zeznaje też, że w obiedzie i zrobieniu większych zakupów pomagają mu inne osoby (syn, konkubina, siostra jak przyjedzie). Mimo, że nie może jak wcześniej spacerować po lesie czy jeździć samochodem nie uważał za konieczne korzystanias z pomocy psychologa przy niwelowaniu przykrości życia z ograniczeniami fizycznymi.</xText>
          <xText>Te dodatkowe ustalenia Sądu Apelacyjnego nakazywały przyjąć, ze przyjęte na datę orzekania, kompensujące w pełni krzywdę powoda będzie zadośćuczynienie w kwocie 150.000 złotych z odsetkami za opóźnienie liczonymi od daty wyrokowania (por. wyrok Sądu Najwyższego z 18 lutego 2011r., I CSK 243/10, LEX nr 848109).</xText>
          <xText>Powód rozszerzając powództwo pod sam koniec procesu, po wydaniu już opinii przez biegłych wskazał, że dopiero badania biegłych uzmysłowiły mu rozmiar krzywdy.</xText>
          <xText>W ocenie Sądu Apelacyjnego ze względów wskazanych wyżej apelację pozwanego uznać należało za zasadną co do kwoty zadośćuczynienia i daty początkowej odsetek. Dlatego też na podstawie <xLexLink xArt="art. 386;art. 386 § 1" xIsapId="WDU19640430296" xTitle="Ustawa z dnia 17 listopada 1964 r. - Kodeks postępowania cywilnego" xAddress="Dz. U. z 1964 r. Nr 43, poz. 296">art. 386§1 k.p.c.</xLexLink> Sąd Apelacyjny zmienił zaskarżony wyrok w punkcie 1 o tyle, że kwotę 174.133, 45 złotych obniżył o 50.000 złotych zadośćuczynienia do kwoty 124.133, 45 złotych z ustawowymi odsetkami od kwoty 100.000 złotych od 22 lutego 2013r., a w pozostałej części powództwo oddalił.</xText>
          <xText>W stanie faktycznym sprawy nieuprawnionym było w świetle okoliczności wskazanych wyżej łączenie przyznania odsetek ustawowych z wymagalnością roszczenia o zadośćuczynienie, do której dochodzi niezwłocznie po wezwaniu dłużnika do zapłaty, stosowanie do <xLexLink xArt="art. 455" xIsapId="WDU19640160093" xTitle="Ustawa z dnia 23 kwietnia 1964 r. - Kodeks cywilny" xAddress="Dz. U. z 1964 r. Nr 16, poz. 93">art. 455 k.c.</xLexLink> (por. wyroki Sądu Najwyższego z 27 lutego 2007r., I CSK 433/06, LEX nr 274209i z 28 czerwca 2008r., I CK 7/05, niepubl.). Warunki do przyjęcia takiej regulacji w zakresie roszczenia odsetkowego przedstawił szczegółowo Sąd Najwyższy w wyroku z 6 lutego 2012r., V CSK 57/11 (LEX nr 1147804), a w stanie faktycznym sprawy owe okoliczności nie zaistniały.</xText>
          <xText>Stąd uprawnionym był pogląd, że skoro ustalono wysokość zadośćuczynienia według stanu rzeczy istniejącego w chwili zamknięcia rozprawy, uzasadnione jest przyznanie odsetek dopiero od daty wyrokowania (por. wyroki Sądu Najwyższego z 8 grudnia 1990r., I CKN 361/97, LEX nr 477638 i z 9 stycznia 1998r., III CKN 30/97 niepubl., z 18 lutego 2010r., II CSK 434/09, LEX nr 602683).</xText>
          <xText>Odnosząc się zaś do żądania renty z tytułu zwiększonych potrzeb należało wyjść od stwierdzenia, że renta z <xLexLink xArt="art. 444;art. 444 § 2" xIsapId="WDU19640160093" xTitle="Ustawa z dnia 23 kwietnia 1964 r. - Kodeks cywilny" xAddress="Dz. U. z 1964 r. Nr 16, poz. 93">art. 444§2 k.c.</xLexLink> ma charakter kompensacyjny, stanowi bowiem naprawienie szkody, co nie oznacza, ze może pokrywać tylko te wydatki, które poszkodowany faktycznie poniósł. Dla jej zasądzenia wystarcza bowiem samo istnienie zwiększonych potrzeb, bez względu na to, czy pokrzywdzony poniósł koszty ich pokrycia. Renta przysługuje, zatem także w sytuacji, w której opiekę sprawowali nieodpłatnie członkowie rodziny jako, że roszczenie poszkodowanego nie ma charakteru regresowego i nie zależy od ponoszenia wydatków, a jedynie od uznania, że były konieczne (por. wyroki Sądu Najwyższego z 22 czerwca 2005r., III CK 392/04 i z 15 lutego 2007r., II CSK 120/00 – niepubl.).</xText>
          <xText>Jednocześnie Sąd ustalający wysokość renty z tytułu zwiększonych potrzeb nie jest zobowiązany do drobiazgowej dokładności w tym zakresie, może zatem kierować się wskazaniami zawartymi w <xLexLink xArt="art. 322" xIsapId="WDU19640430296" xTitle="Ustawa z dnia 17 listopada 1964 r. - Kodeks postępowania cywilnego" xAddress="Dz. U. z 1964 r. Nr 43, poz. 296">art. 322 k.p.c.</xLexLink> (por. wyrok Sądu Najwyższego z 7 lipca 2011r., II CSK 682/10, LEX nr 951296).</xText>
          <xText>Zasądzając rentę z tytułu zwiększonych potrzeb w kwocie po 405 złotych miesięcznie Sąd Okręgowy kierując się opinią biegłego chirurga traumatologa oraz zeznaniami powoda zasadnie ustalił potrzebę opiekuńczą w wymiarze 0,5 godziny dziennie, licząc 10 złotych za godzinę. Przyjmując taką stawkę godzinową opierał się na informacjach pochodzących z Internetu oraz cenie usług przyjętej w uchwale nr <xAnon>(...)</xAnon>Rady Miejskiej w <xAnon>S.</xAnon> (k. 318-403) i tym samym kwotę 150 złotych miesięcznie z tego tytułu uznać należało za uzasadnioną.</xText>
          <xText>Koszt dojazdów samochodem do Poradni <xAnon>(...)</xAnon> w <xAnon>P.</xAnon> podawał powód na kwotę 125 złotych i kwota ta nie była kwestionowana przez stronę pozwaną. Jednocześnie powód podał, że do Poradni tej jeździ co 3 miesiące, co pokrywało się z przedłożonymi do akt danymi z kartoteki Poradni (karta 414-420).</xText>
          <xText>Z tego względu kosztów dojazdów do <xAnon>P.</xAnon> w skali miesiąca wynosił kwotę 41,50 złotych (125:3), jako 1/3 kwoty wykazywanej na jednorazowy przejazd.</xText>
          <xText>Udokumentowane fakturami (k. 404- k. 416) wydatki na leczenie za 20 m-cy wynosiły kwotę 1518, 36 złotych. Strona pozwana zakwestionowała zakupy na kwotę 88,33 złotych. Stąd do rozliczenia pozostawała różnica w wysokości 1430, 03 złotych, która podzielona przez 20 miesięcy dawała koszty 71,50 złotych przeznaczone na leczenie w skali miesiąca.</xText>
          <xText>Ponad tę kwotę Sąd Apelacyjny uznał, że są to wydatki nie mające pokrycia w potrzebie dalszego leczenia. Stąd na podstawie <xLexLink xArt="art. 386;art. 386 § 1" xIsapId="WDU19640430296" xTitle="Ustawa z dnia 17 listopada 1964 r. - Kodeks postępowania cywilnego" xAddress="Dz. U. z 1964 r. Nr 43, poz. 296">art. 386§1 k.p.c.</xLexLink> zmienił zaskarżony wyrok w punkcie 3 o tyle, że zasądzoną w nim kwotę 405 złotych obniżył do kwoty 2163 złotych miesięcznie, a ponad tę kwotę powództwo o rentę z tytułu zwiększonych potrzeb oddalił.</xText>
          <xText>Przy zmianie wyroku Sądu Okręgowego w kierunku wskazanym wyżej przyjąć należało, że powód wygrał proces w 72% i w takich granicach procentowych należało rozliczyć koszty sądowe i koszty procesu.</xText>
          <xText>Całe koszty sądowe wynosiły kwotę 11216,87 zł i składały się na nie opłata sądowa w wysokości 9333 złotych oraz należności biegłych stanowiące sumę kwot 931, 95 złotych 237,37 złotych i 724,55 złotych.</xText>
          <xText>Powód pokrył te koszty do wysokości 3100 złotych (2500 złotych opłata sądowa od pozwu + 600 złotych zaliczka na opinię biegłego). Gdy pozwany pokrył tylko 600 złotych (zaliczka na opinię biegłego) do rozliczenia pozostała różnica w wysokości 7516,87 złotych (11216,87 złotych – 3100 złotych – 600 złotych).</xText>
          <xText>Z kwoty tej 72% ma pokryć pozwany i jest to kwota 5412,15 złotych, gdy na powoda z zasądzonego roszczenia przypada kwota 2104,72 złotych i w tym kierunku Sąd Apelacyjny dokonał zmiany punktu 6 wyroku (<xLexLink xArt="art. 113;art. 113 ust. 1;art. 113 ust. 2;art. 113 ust. 2 pkt. 1" xIsapId="WDU20051671398" xTitle="Ustawa z dnia 28 lipca 2005 r. o kosztach sądowych w sprawach cywilnych" xAddress="Dz. U. z 2005 r. Nr 167, poz. 1398">art. 113 ust. 1 i ust. 2 pkt 1 ustawy z dnia 28 lipca 2005r. o kosztach sądowych w sprawach cywilnych</xLexLink> – (tj. Dz.U. z 2010r., nr 90, póź. 594 ze zm.).</xText>
          <xText>Rozliczenie kosztów procesu przedstawia się następująco.</xText>
          <xText>Powód poniósł te koszty w łącznej kwocie 6717 złotych (25000 złotych opłata od pozwu, 600 złotych zaliczka na biegłego, 3617 zł – wynagrodzenie pełnomocnika).</xText>
          <xText>Pozwany poniósł koszty w wysokości 4217 złotych (600 złotych biegły i 3617 złotych wynagrodzenie pełnomocnika). Łącznie koszty te wynosiły 10934 złotych (6717 zł + 4217 zł).</xText>
          <xText>Pozwany ma pokryć 72% kosztów procesu – czyli kwotę 7842, 48 złotych. Gdy poniósł 4217 zł. Do zasadzenia na podstawie <xLexLink xArt="art. 100" xIsapId="WDU19640430296" xTitle="Ustawa z dnia 17 listopada 1964 r. - Kodeks postępowania cywilnego" xAddress="Dz. U. z 1964 r. Nr 43, poz. 296">art. 100 k.p.c.</xLexLink> pozostaje dla powoda kwota 3655,48 złotych.</xText>
          <xText>Wartość przedmiotu zaskarżenia podano na kwotę 71589 złotych, podczas gdy prawidłowo była to kwota 54860 złotych (50000 złotych zadośćuczynienie plus 405 złotych renty z tytułu zwiększonych potrzeb pomnożone przez 12 miesięcy, co dało kwotę 4860 złotych).</xText>
          <xText>Pozwany wygrał apelację co do kwoty zadośćuczynienia 50.000 złotych oraz początkowej daty odsetek od całej kwoty 100.000 złotych zasądzonego zadośćuczynienia, a także co do kwoty 1704 złotych. Rentę z tytułu zwiększonych potrzeb obniżono bowiem z kwoty 408 złotych do kwoty 263 złotych czyli o 142 złotych, co pomnożone przez 12 miesięcy dało kwotę 1704 złotych.</xText>
          <xText>Ponieważ pozwany przegrał apelację tylko w nieznacznej części, na podstawie <xLexLink xArt="art. 108;art. 108 § 1;art. 108 § 98;art. 108 § 99" xIsapId="WDU19640430296" xTitle="Ustawa z dnia 17 listopada 1964 r. - Kodeks postępowania cywilnego" xAddress="Dz. U. z 1964 r. Nr 43, poz. 296">art. 108§1, 98, 99 k.p.c.</xLexLink> zasądzono od powoda na jego rzecz koszty postępowania apelacyjnego w pełnej wysokości liczonej od prawidłowo określonej wartości przedmiotu zaskarżenia.</xText>
        </xUnit>
      </xBlock>
    </xPart>
  </judgement>
<judgement id="152015000003021_IV_U_000557_2013_Uz_2013-11-07_001">
    <xPart xEditorFullName="Małgorzata Olesiak" xYear="2013" xLang="PL" xPublisherFullName="Jadwiga Kiełbasa" xFromPg="1" xEditor="molesiak" xVolType="15/201500/0003021/U" xPublisher="jkielbasa" xDocType="Uz" xVolNmbr="000557" xVersion="1.0" xToPage="7" xFlag="published">
      <xName>Wyrok+Uzasadnienie</xName>
      <xBlock>
        <xText>Sygn. akt IV U 557/13</xText>
        
        <xUnit xIsTitle="true" xType="part" xBold="true">
          <xName>WYROK</xName>
          <xTitle>W IMIENIU RZECZYPOSPOLITEJ POLSKIEJ</xTitle>
          <xText xALIGNx="right">Dnia 07 listopada 2013 roku</xText>
          
          <xText>Sąd Okręgowy w Nowym Sączu Wydział IV Pracy i Ubezpieczeń Społecznych</xText>
          <xText>w składzie:</xText>
          
          <xText>
            <xBx>Przewodniczący: SSO Ewa Czernecka-Kozak </xBx>
          </xText>
          <xText>Protokolant: Małgorzata Olesiak</xText>
          
          <xText>po rozpoznaniu w dniu 07 listopada 2013 roku w Nowym Sączu</xText>
          <xText>na rozprawie</xText>
          <xText>odwołania <xAnon>M. N.</xAnon></xText>
          <xText>od decyzji Zakładu Ubezpieczeń Społecznych Oddział w <xAnon>N.</xAnon></xText>
          <xText>z dnia 13 marca 2013 roku  znak:<xAnon>(...)</xAnon></xText>
          <xText>w sprawie <xAnon>M. N.</xAnon></xText>
          <xText>przeciwko Zakładowi Ubezpieczeń Społecznych Oddział w <xAnon>N.</xAnon></xText>
          <xText>o wypłatę wyrównania emerytury</xText>
          
          <xText>
            <xBx>I. zmienia zaskarżoną decyzję w ten sposób, że przyznaje odwołującej się <xAnon>M. N.</xAnon> prawo do wypłaty emerytury za okres od 01 października 2011 roku do 21 listopada 2012 roku wraz z ustawowymi odsetkami od kwot emerytury należnych do wypłaty za ten okres - od dnia 11 stycznia 2013 roku do dnia zapłaty;</xBx>
          </xText>
          <xText>
            <xBx>II. oddala odwołanie w pozostałym zakresie. </xBx>
          </xText>
          
          <xText>Sygn. akt IV U 557/13</xText>
        </xUnit>
        <xUnit xIsTitle="true" xType="part" xBold="true">
          <xName>UZASADNIENIE</xName>
          <xText xALIGNx="center">
            <xBx>wyroku z dnia 7 listopada 2013 roku</xBx>
          </xText>
          
          <xText>Decyzją z dnia 13 marca 2013 roku; znak: <xAnon>(...)</xAnon> Zakład Ubezpieczeń Społecznych Oddział w <xAnon>N.</xAnon> - działając na podstawie przepisów <xLexLink xArt="" xIsapId="WDU19600300168" xTitle="Ustawa z dnia 14 czerwca 1960 r. - Kodeks postępowania administracyjnego" xAddress="Dz. U. z 1960 r. Nr 30, poz. 168">kodeksu postępowania administracyjnego</xLexLink> – odmówił <xAnon>M. N.</xAnon> uchylenia decyzji z dnia 26 września 2011 roku, znak: <xAnon>(...)</xAnon> w części w jakiej decyzja ta zawiesza prawo do emerytury na okres od 1 października 2011 roku do 21 listopada 2012 roku na podstawie art. 28 ustawy o zmianie ustawy o finansach publicznych oraz niektórych innych ustaw (Dz. U. z 2010 r., nr 257, poz. 1726) w zw. z art. 103a ustawy z dnia 17 grudnia 1998 r. o emeryturach i rentach z FUS. Uzasadniając decyzję organ rentowy wskazał, że w związku z wyrokiem Trybunału Konstytucyjnego z dnia 13 listopada 2012 roku, sygn. akt K 2/2012, z dniem 22 listopada 2012 roku podjęto <xAnon>M. N.</xAnon> wypłatę wstrzymanej emerytury. Wyrok TK został ogłoszony w dniu 22 listopada 2012 roku, w związku z czym tego dnia utracił moc art. 103a ustawy o emeryturach i rentach z FUS będący podstawą zawieszenia emerytury. Trybunał Konstytucyjny nie wskazał innej daty utraty mocy obowiązującej tego przepisu. Wobec powyższego - zdaniem ZUS - wyrok TK z 13 listopada 2012 roku nie ma zastosowania do przypadającego przed dniem 22 listopada 2012 roku okresu zawieszenia emerytury na podstawie art. 28 ustawy o zmianie ustawy o finansach publicznych oraz niektórych innych ustaw w zw. z art. 103a ustawy o emeryturach i rentach z FUS. W tym stanie rzeczy – w ocenie organu rentowego - brak jest podstaw do wypłaty wyrównania emerytury za cały okres zawieszenia.</xText>
          <xText>Od powyższej decyzji odwołała się <xAnon>M. N.</xAnon> zarzucając, że nie zgadza się <xBRx/>z decyzją w części, w której odmówiono jej wyrównania zawieszonej emerytury za okres od dnia 01 października 2011 roku do 21 listopada 2012 roku. Powołała się na wyrok Trybunału Konstytucyjnego z dnia 13 listopada 2012 roku. Odwołująca podkreśliła, że przepisy na podstawie których zawieszono jej emeryturę były niekonstytucyjne od daty ich wejścia w życie. Odwołująca wniosła o uchylenie zaskarżonej decyzji i nakazanie wypłaty zaległych kwot wraz z odsetkami.</xText>
          <xText>W odpowiedzi na odwołanie organ rentowy wniósł o jego oddalenie podnosząc argumentację, którą posłużył się w zaskarżonej decyzji.</xText>
          
          <xText xALIGNx="center">
            <xBx>Stan faktyczny w niniejszej sprawie był w całości bezsporny i przedstawiał się następująco:</xBx>
          </xText>
          
          <xText>Odwołująca się <xAnon>M. N.</xAnon> urodziła się <xAnon>(...)</xAnon>. Decyzją z dnia 9 kwietnia 2009 roku, znak: <xAnon>(...)</xAnon>Zakład Ubezpieczeń Społecznych Oddział <xBRx/>w <xAnon>N.</xAnon> przyznał <xAnon>M. N.</xAnon> emeryturę od dnia 1 marca 2009 roku, z terminem płatności ustalonym na dzień 10 każdego miesiąca. Odwołująca od dnia 15 sierpnia 1975 roku jest nieprzerwanie zatrudniona w Szkole Podstawowej w <xAnon>T.</xAnon>.</xText>
          <xText>Decyzją z dnia 26 września 2011 roku, znak: <xAnon>(...)</xAnon> Zakład Ubezpieczeń Społecznych Oddział w <xAnon>N.</xAnon> - działając na podstawie przepisów <xLexLink xArt="" xIsapId="WDU19981621118" xTitle="Ustawa z dnia 17 grudnia 1998 r. o emeryturach i rentach z Funduszu Ubezpieczeń Społecznych" xAddress="Dz. U. z 1998 r. Nr 162, poz. 1118">ustawy z dnia <xBRx/>17 grudnia 1998 roku o emeryturach i rentach z Funduszu Ubezpieczeń Społecznych</xLexLink> (Dz. U. z 2009 r., nr 153, poz. 1227, z późn. zm.) oraz na podstawie art. 28 ustawy o zmianie ustawy o finansach publicznych oraz niektórych innych ustaw (Dz. U. z 2010 r., nr 257, poz. 1726) - od dnia 1 października 2011 roku wstrzymał <xAnon>M. N.</xAnon> wypłatę emerytury z uwagi na kontynuowanie przez nią zatrudnienia.</xText>
          <xText>Dnia 4 grudnia 2012 roku odwołująca się - powołując się na wyrok TK z dnia 13 listopada 2012 roku, K 2/12 - złożyła do ZUS wniosek o wypłatę zaległej emerytury za okres od 1 października 2011 roku do 21 listopada 2012 roku wraz z odsetkami. Decyzją z dnia 7 stycznia 2013 roku ZUS wznowił <xAnon>M. N.</xAnon> wypłatę emerytury od dnia 22 listopada 2012 roku.</xText>
          
          <xText xALIGNx="center">
            <xBx>Sąd zważył, co następuje:</xBx>
          </xText>
          
          <xText>Odwołanie <xAnon>M. N.</xAnon> zasługuje na częściowe uwzględnienie.</xText>
          <xText>Niniejsza sprawa dotyczyła decyzji, w której organ rentowy wstrzymał wypłatę emerytury z uwagi na fakt, że odwołująca się po wejściu w życie <xLexLink xArt="art. 103 a" xIsapId="WDU19981621118" xTitle="Ustawa z dnia 17 grudnia 1998 r. o emeryturach i rentach z Funduszu Ubezpieczeń Społecznych" xAddress="Dz. U. z 1998 r. Nr 162, poz. 1118">art. 103a ustawy z dnia <xBRx/>17 grudnia 1998 roku o emeryturach i rentach z Funduszu Ubezpieczeń Społecznych</xLexLink> (Dz. U. z 2009 r., nr 153, poz. 1227, z późn. zm.) nie rozwiązała stosunku pracy i kontynuowała zatrudnienie posiadając prawo do emerytury. Powyższy przepis – dodany do <xLexLink xArt="" xIsapId="WDU19981621118" xTitle="Ustawa z dnia 17 grudnia 1998 r. o emeryturach i rentach z Funduszu Ubezpieczeń Społecznych" xAddress="Dz. U. z 1998 r. Nr 162, poz. 1118">ustawy o emeryturach i rentach z Funduszu Ubezpieczeń Społecznych</xLexLink> na podstawie art. 6 pkt 2 ustawy zmieniającej z 16 grudnia 2010 roku - zniósł możliwość pobierania emerytury bez rozwiązywania umowy o pracę z dotychczasowym pracodawcą, na rzecz którego była wykonywana praca bezpośrednio przed dniem nabycia prawa do emerytury, ustalonym w decyzji organu rentowego. Przepis ten objął wszystkich emerytów, a więc nie tylko tych, którzy prawo do emerytury uzyskają od momentu jego wejścia w życie, ale również tych, którzy przeszli na emeryturę wcześniej. Ci emeryci, którzy nabyli prawo do emerytury przed 1 stycznia 2011 roku - na podstawie art. 28 ustawy zmieniającej z 16 grudnia 2010 roku mogli ją pobierać bez rozwiązania umowy o pracę jeszcze przez 9 miesięcy od daty wejścia w życie zmiany, czyli do 30 września 2011 roku. Jeżeli do tego momentu stosunek pracy nie ustał, wypłata emerytury podlegała wstrzymaniu poczynając od 1 października 2011 roku. Regulacja ta nie wyłączała możliwości łączenia emerytury z dochodami z pracy zarobkowej, lecz uzależniała wypłatę emerytury od rozwiązania stosunku pracy z pracodawcą (pracodawcami), u którego dana osoba była zatrudniona bezpośrednio przed złożeniem wniosku o emeryturę. Emeryt mógł wrócić do pracy do tego samego lub innego pracodawcy (oczywiście, o ile zostałby zatrudniony) i pobierać zarówno wynagrodzenie, jak i emeryturę. Przy tym, osoby, które osiągnęły powszechny wiek emerytalny mogły bez ograniczeń łączyć emeryturę z zarobkiem, gdyż nie stosowało się do nich zasad zmniejszenia oraz wstrzymania wypłaty świadczenia ze względu na wysokość osiąganych zarobków.</xText>
          <xText>Rozwiązanie przyjęte przez ustawodawcę w art. 28 ustawy zmieniającej z 16 grudnia 2010 roku spowodowało, że osoby, które już skutecznie nabyły i zrealizowały prawo do emerytury w okresie od 8 stycznia 2009 roku do 31 grudnia 2010 roku musiały - na podstawie art. 28 ustawy zmieniającej z 16 grudnia 2010 roku w związku z art. 103a ustawy o emeryturach i rentach z FUS - poddać się nowej -mniej korzystnej dla nich - treści ryzyka emerytalnego. Oznacza to, że ubezpieczeni, którzy prawo do emerytury uzyskali po spełnieniu jedynie warunku osiągnięcia wieku (oraz odpowiedniego stażu ubezpieczeniowego), musieli ponownie zrealizować swoje prawo do emerytury według nowej treści ryzyka, czyli spełnić także warunek rozwiązania stosunku pracy, aby emeryturę nadal pobierać od 1 października 2011 roku. Oznaczało to dla nich, że – chcąc nadal pracować i jednocześnie pobierać emeryturę musieli rozwiązać stosunek pracy i raz jeszcze go nawiązać – oczywiście, jeśli znaleźli nowego pracodawcę albo dotychczasowy zgodził się ponownie ich zatrudnić.</xText>
          <xText>Zakład Ubezpieczeń Społecznych - wobec wejścia w życie omówionej wyżej regulacji oraz wobec faktu, iż <xAnon>M. N.</xAnon> kontynuowała zatrudnienie - decyzją z dnia 26 września 2011 roku wstrzymał wypłatę emerytury od 1 października 2011 roku.</xText>
          <xText>Trybunał Konstytucyjny w wyroku z dnia 13 listopada 2012 roku, sygn. K 2/12 stwierdził, że <xLexLink xArt="art. 28" xIsapId="WDU20102571726" xTitle="Ustawa z dnia 16 grudnia 2010 r. o zmianie ustawy o finansach publicznych oraz niektórych innych ustaw" xAddress="Dz. U. z 2010 r. Nr 257, poz. 1726">art. 28. ustawy z dnia 16 grudnia 2010 roku o zmianie ustawy o finansach publicznych oraz niektórych innych ustaw</xLexLink> (Dz. U. Nr 257, poz. 1726 oraz z 2011 r. Nr 291, poz. 1707) w związku z <xLexLink xArt="art. 103 a" xIsapId="WDU19981621118" xTitle="Ustawa z dnia 17 grudnia 1998 r. o emeryturach i rentach z Funduszu Ubezpieczeń Społecznych" xAddress="Dz. U. z 1998 r. Nr 162, poz. 1118">art. 103a ustawy z dnia 17 grudnia 1998 roku o emeryturach i rentach z Funduszu Ubezpieczeń Społecznych</xLexLink> (Dz. U.z 2009 r. Nr 153, poz. 1227, z późn. zm.), dodanym przez <xLexLink xArt="art. 6;art. 6 pkt. 2" xIsapId="WDU20102571726" xTitle="Ustawa z dnia 16 grudnia 2010 r. o zmianie ustawy o finansach publicznych oraz niektórych innych ustaw" xAddress="Dz. U. z 2010 r. Nr 257, poz. 1726">art. 6 pkt 2 ustawy z 16 grudnia 2010 roku</xLexLink>, w zakresie, w jakim znajduje zastosowanie do osób, które nabyły prawo do emerytury przed 1 stycznia <xBRx/>2011 roku, bez konieczności rozwiązania stosunku pracy, jest niezgodny z zasadą ochrony zaufania obywatela do państwa i stanowionego przez nie prawa wynikającą z <xLexLink xArt="art. 2" xIsapId="WDU19970780483" xTitle="Konstytucja Rzeczypospolitej Polskiej z dnia 2 kwietnia 1997 r." xAddress="Dz. U. z 1997 r. Nr 78, poz. 483">art. <xBRx/>2 Konstytucji Rzeczypospolitej Polskiej</xLexLink>. W uzasadnieniu orzeczenia Trybunał Konstytucyjny wskazał, że z chwilą ogłoszenia sentencji wyroku utraci moc art. 28 ustawy zmieniającej z 16 grudnia 2010 roku w zakresie, w jakim przewiduje stosowanie art. 103a ustawy o emeryturach i rentach z FUS do osób, które nabyły prawo do emerytury przed 1 stycznia 2011 roku, bez konieczności rozwiązania stosunku pracy. Oznacza to, że obowiązek rozwiązania stosunku pracy z dotychczasowym pracodawcą – jako warunek realizacji nabytego prawa do emerytury – nie będzie miał zastosowania do osób, które nabyły to prawo w okresie od 8 stycznia 2009 roku do 31 grudnia 2010 roku. Trybunał zakwestionował zatem możliwość zastosowania art. 28 ustawy tylko w zakresie, w jakim dotyczy to osób, które nabyły prawo do emerytury w okresie od 8 stycznia 2009 roku do 31 grudnia 2010 roku, czyli w okresie po uchyleniu art. 103 ust. 2a ustawy o emeryturach i rentach z FUS, a przed wejściem w życie art. 103 a tej ustawy, dodanego ustawą z dnia 16 grudnia 2010 roku o zmianie ustawy o finansach publicznych oraz zmianie niektórych innych ustaw – tj. w czasie gdy obowiązywała regulacja nie zawierająca wymogu rozwiązania stosunku pracy z dotychczasowym pracodawcą.</xText>
          <xText><xAnon>M. N.</xAnon> – powołując się na powyższy wyrok Trybunału Konstytucyjnego – wniosła w dniu 4 grudnia 2012 roku wniosek o wypłatę emerytury wstrzymanej decyzją <xBRx/>z dnia 26 września 2011 roku. Odwołująca zachowała miesięczny termin od dnia wejścia <xBRx/>w życie orzeczenia TK do wniesienia skargi o wznowienie postępowania administracyjnego przewidziany w <xLexLink xArt="art. 145 a" xIsapId="WDU19600300168" xTitle="Ustawa z dnia 14 czerwca 1960 r. - Kodeks postępowania administracyjnego" xAddress="Dz. U. z 1960 r. Nr 30, poz. 168">art. 145a kodeksu postępowania administracyjnego</xLexLink> (powyższe orzeczenie zostało opublikowane w Dzienniku Ustaw z dnia 22 listopada 2012 roku – Dz.U. 2012.1285).</xText>
          <xText>W niniejszej sprawie bezspornym było, że <xAnon>M. N.</xAnon> nabyła prawo do emerytury od 1 marca 2009 roku (czyli w okresie, który wskazał Trybunał Konstytucyjny w cytowanym wyżej wyroku), a zatem nie ma do niej zastosowania art. 103 a ustawy o emeryturach i rentach z FUS. Skoro zatem powyższy przepis nie ma zastosowania do skarżącej – brak było podstaw do wstrzymania przez organ rentowy wypłaty świadczenia od dnia 1 października 2011 roku. Należy podkreślić, że Sąd Najwyższy w wyroku z dnia 18 maja 2010 roku (III UK 2/10) stwierdził, że skutkiem utraty domniemania konstytucyjności ustawy w konsekwencji wydania przez Trybunał Konstytucyjny wyroku stwierdzającego jej niezgodność z <xLexLink xArt="" xIsapId="WDU19970780483" xTitle="Konstytucja Rzeczypospolitej Polskiej z dnia 2 kwietnia 1997 r." xAddress="Dz. U. z 1997 r. Nr 78, poz. 483">Konstytucją</xLexLink>, jest obowiązek zapewnienia przez sądy orzekające w sprawach, w których przepis ten ma zastosowanie, stanu zgodnego z <xLexLink xArt="" xIsapId="WDU19970780483" xTitle="Konstytucja Rzeczypospolitej Polskiej z dnia 2 kwietnia 1997 r." xAddress="Dz. U. z 1997 r. Nr 78, poz. 483">Konstytucją</xLexLink> wynikającego z wyroku Trybunału Konstytucyjnego.</xText>
          <xText>Biorąc pod uwagę powyższe – w ocenie Sądu istnieją podstawy do wznowienia wypłaty świadczenia emerytalnego skarżącej od daty jego wstrzymania tj. od 1 października 2011 roku. Późniejsza publikacja wyroku jest bez znaczenia, istotna dla rozstrzygnięcia jest okoliczność, że przepis, w oparciu o który organ rentowy wstrzymał skarżącej wypłatę świadczenia od początku obowiązywania był niekonstytucyjny i nie mógł stanowić podstawy do wstrzymania wypłaty świadczeń. Stanowisko takie zostało potwierdzone w wyrokach Sądu Najwyższego z dnia 24 kwietnia 2013 roku - II UK 299/12, z 7 marca 2013 roku - I UK 519/12 oraz z 25 kwietnia 2013 roku - I UK 593/12.</xText>
          <xText>Wobec powyższego, Sąd - na podstawie <xLexLink xArt="art. 477(14);art. 477(14) § 2" xIsapId="WDU19640430296" xTitle="Ustawa z dnia 17 listopada 1964 r. - Kodeks postępowania cywilnego" xAddress="Dz. U. z 1964 r. Nr 43, poz. 296">art. 477<xSUPx>14 </xSUPx>§ 2 k.p.c.</xLexLink> i powołanych wyżej przepisów - zmienił zaskarżoną decyzję w ten sposób, że przyznał <xAnon>M. N.</xAnon> prawo do wypłaty emerytury za okres od dnia 1 października 2011 roku do 21 listopada 2012 roku z ustawowymi odsetkami od kwot należnych za ten okres do wypłaty - od dnia 11 stycznia 2013 roku do dnia zapłaty.</xText>
          <xText>Odwołująca się zarówno we wniosku, złożonym do ZUS, jak i w odwołaniu od zaskarżonej decyzji żądała zasądzenia należności wraz z odsetkami za cały okres wstrzymania wypłaty świadczenia. Powyższe żądanie zasługuje częściowo na uwzględnienie. W ocenie Sądu istnieją podstawy do zasądzenia odsetek ustawowych od kwot emerytury należnych do wypłaty za okres od 11 stycznia 2013 roku. Bezspornym <xBRx/>w sprawie było, że termin płatności emerytury odwołującej był wyznaczony na dzień 10-go każdego miesiąca. <xAnon>M. N.</xAnon> złożyła wniosek o wypłatę wstrzymanej emerytury dnia <xBRx/>4 grudnia 2012 roku. Zatem - skoro żadne okoliczności nie wymagały wyjaśnienia - zgodnie z treścią <xLexLink xArt="art. 118;art. 118 ust. 1" xIsapId="WDU19981621118" xTitle="Ustawa z dnia 17 grudnia 1998 r. o emeryturach i rentach z Funduszu Ubezpieczeń Społecznych" xAddress="Dz. U. z 1998 r. Nr 162, poz. 1118">art. 118 ust. 1 ustawy o emeryturach i rentach z Funduszu Ubezpieczeń Społecznych</xLexLink> 30-dniowy termin do wydania decyzji w tej sprawie upłynął dnia 4 stycznia <xBRx/>2013 roku. W związku z tym – stosownie do art. 118 ust. 5 ustawy – wypłata świadczenia powinna nastąpić w najbliższym możliwym terminie płatności tj. 10 stycznia 2013 roku. Organ rentowy nie wydał decyzji o podjęciu emerytury za sporny okres i nie dokonał wypłaty świadczenia w powyższym terminie, a zatem od dnia 11 stycznia 2013 roku istnieje opóźnienie w wypłacie świadczenia należnego odwołującej się.</xText>
          <xText>Nie zasługiwało natomiast na uwzględnienie żądanie zasądzenia odsetek za cały okres wstrzymania emerytury. Zgodnie z <xLexLink xArt="art. 85;art. 85 ust. 1" xIsapId="WDU19981370887" xTitle="Ustawa z dnia 13 października 1998 r. o systemie ubezpieczeń społecznych" xAddress="Dz. U. z 1998 r. Nr 137, poz. 887">art. 85 ust. 1 ustawy z dnia 13 października <xBRx/>1998 roku o systemie ubezpieczeń społecznych</xLexLink> jeżeli Zakład - w terminach przewidzianych w przepisach określających zasady przyznawania i wypłacania świadczeń pieniężnych z ubezpieczeń społecznych lub świadczeń zleconych do wypłaty na mocy odrębnych przepisów albo umów międzynarodowych - nie ustalił prawa do świadczenia lub nie wypłacił tego świadczenia, jest obowiązany do wypłaty odsetek od tego świadczenia w wysokości odsetek ustawowych określonych przepisami prawa cywilnego. Nie dotyczy to przypadku, gdy opóźnienie w przyznaniu lub wypłaceniu świadczenia jest następstwem okoliczności, za które Zakład nie ponosi odpowiedzialności.</xText>
          <xText>W ocenie Sądu w niniejszej sprawie nie można uznać, by wstrzymanie wypłaty świadczenia odwołującej nastąpiło na skutek okoliczności, za które ponosi odpowiedzialność organ rentowy. Należy wskazać, że ZUS prawidłowo zastosował obowiązującą wówczas regulację ustawową. Zakład Ubezpieczeń Społecznych - jako organ administracji - jest zobowiązany do stosowania obowiązujących przepisów i nie ma możliwości wystąpienia do Trybunału Konstytucyjnego o ewentualne stwierdzenie zgodności określonych przepisów z <xLexLink xArt="" xIsapId="WDU19970780483" xTitle="Konstytucja Rzeczypospolitej Polskiej z dnia 2 kwietnia 1997 r." xAddress="Dz. U. z 1997 r. Nr 78, poz. 483">Konstytucją</xLexLink>. W związku z tym - zdaniem Sądu - w tym przypadku nie można mówić o odpowiedzialności organu rentowego za stosowanie regulacji, uznanej następnie za niezgodną z <xLexLink xArt="" xIsapId="WDU19970780483" xTitle="Konstytucja Rzeczypospolitej Polskiej z dnia 2 kwietnia 1997 r." xAddress="Dz. U. z 1997 r. Nr 78, poz. 483">Konstytucją</xLexLink>. Taką sytuację należy natomiast traktować jako błąd ustawodawczy, który nie jest objęty regulacją <xLexLink xArt="art. 85" xIsapId="WDU19981370887" xTitle="Ustawa z dnia 13 października 1998 r. o systemie ubezpieczeń społecznych" xAddress="Dz. U. z 1998 r. Nr 137, poz. 887">art. 85 ustawy z dnia 13 października 1998 roku o systemie ubezpieczeń społecznych</xLexLink>.</xText>
          <xText>W związku z powyższym Sąd na podstawie <xLexLink xArt="art. 477(14);art. 477(14) § 1" xIsapId="WDU19640430296" xTitle="Ustawa z dnia 17 listopada 1964 r. - Kodeks postępowania cywilnego" xAddress="Dz. U. z 1964 r. Nr 43, poz. 296">art. 477<xSUPx>14 </xSUPx>§ 1 k.p.c.</xLexLink> i powołanych wyżej przepisów oddalił odwołanie w zakresie żądania odsetek za okres przypadający przed dniem 11 stycznia 2013 roku.</xText>
        </xUnit>
      </xBlock>
    </xPart>
  </judgement>
<judgement id="152515000002521_V_U_000102_2012_Uz_2013-11-07_001">
    <xPart xEditorFullName="Marcelina Machera" xYear="2012" xLang="PL" xPublisherFullName="Marcelina Machera" xFromPg="1" xEditor="machera.m" xVolType="15/251500/0002521/U" xPublisher="machera.m" xDocType="Uz" xVolNmbr="000102" xVersion="1.0" xToPage="3" xFlag="published">
      <xName>Wyrok+Uzasadnienie</xName>
      <xBlock>
        <xText>Sygn. akt VU 102/12</xText>
        <xUnit xIsTitle="true" xType="part" xBold="true">
          <xName>WYROK</xName>
          <xTitle>W IMIENIU RZECZYPOSPOLITEJ POLSKIEJ</xTitle>
          <xText xALIGNx="right">Dnia 7 listopada 2013 roku</xText>
          
          <xText>Sąd Okręgowy w Piotrkowie Trybunalskim, Wydział V Pracy i Ubezpieczeń Społecznych w składzie:</xText>
          <xText>Przewodniczący SSO Agnieszka Leżańska</xText>
          <xText>Protokolant Cezary Jarocki</xText>
          
          <xText>po rozpoznaniu w dniu 7 listopada 2013 roku w Piotrkowie Trybunalskim na rozprawie</xText>
          
          <xText>sprawy z wniosku <xAnon>M. M. (1)</xAnon></xText>
          
          <xText>przeciwko Zakładowi Ubezpieczeń Społecznych Oddział w <xAnon>T.</xAnon><xAnon>M.</xAnon>.</xText>
          
          <xText>o prawo do renty rodzinnej</xText>
          
          <xText>na skutek odwołania <xAnon>M. M. (1)</xAnon></xText>
          <xText>od decyzji Zakładu Ubezpieczeń Społecznych Oddział w <xAnon>T.</xAnon><xAnon>M.</xAnon>.</xText>
          <xText>z dnia 30 listopada 2011r. sygn. <xAnon>(...)</xAnon></xText>
          
          <xText>
            <xBx> oddala odwołanie. </xBx>
          </xText>
          
          <xText>
            <xBx>
              <xIx>Sygn. akt VU 102/12</xIx>
            </xBx>
          </xText>
        </xUnit>
        <xUnit xIsTitle="true" xType="part" xBold="true">
          <xName>UZASADNIENIE</xName>
          <xText>Decyzją z dnia 30 listopada 2011 roku, Zakład Ubezpieczeń Społecznych Oddział w <xAnon>T.</xAnon><xAnon>M.</xAnon>. odmówił <xAnon>M. M. (1)</xAnon> prawa do renty rodzinnej po zmarłym w dniu 27 lipca 1991 roku mężu <xAnon>M. M. (3)</xAnon>. W uzasadnieniu organ rentowy wskazał, iż wnioskodawczyni jest zdolna do pracy zarobkowej, a zatem brak jest podstaw do przyznania jej żądanego prawa.</xText>
          <xText>Od powyższej decyzji wnioskodawczyni złożyła odwołanie w dniu 10 stycznia 2012 roku.</xText>
          <xText>ZUS wnosił o oddalenie odwołania.</xText>
          
          <xText>
            <xBx>Sąd Okręgowy ustalił, co następuje:</xBx>
          </xText>
          
          <xText><xAnon>M. M. (1)</xAnon> urodziła się w dniu <xAnon>(...)</xAnon>. Ma wykształcenie techniczne – technik- włókiennik- operator maszyn ceramicznych.</xText>
          <xText>Aktualnie wnioskodawczyni kontynuuje pracę w <xAnon> Fabryce (...)</xAnon> w <xAnon>O.</xAnon> na stanowisku operator maszyn i urządzeń ceramicznych <xIx>(okoliczności niesporne).</xIx></xText>
          <xText>W dniu 28 kwietnia 2011 roku, <xAnon>M. M. (1)</xAnon> złożyła wniosek o ustalenie prawa do renty rodzinnej po zmarłym w dniu <xAnon>(...)</xAnon>roku mężu <xAnon>M. M. (4)</xAnon><xIx>(dowód: wniosek o rentę rodzinną k.593-600 w aktach organu rentowego.)</xIx></xText>
          <xText>Wnioskodawczyni posiada dwójkę dzieci: córkę <xAnon>J. M.</xAnon>, <xAnon>urodzoną w dniu (...)</xAnon> oraz syna <xAnon>D. M.</xAnon>, <xAnon>urodzonego w dniu (...)</xAnon><xIx>(dowód: zeznania wnioskodawczyni <xAnon>M. M. (1)</xAnon> k.39 w aktach sprawy, notatka k. 611 w aktach organu rentowego).</xIx></xText>
          <xText>Orzeczeniem z dnia 18 maja 2011 roku lekarz orzecznik ZUS stwierdził, iż wnioskodawczyni jest zdolna do pracy zarobkowej <xIx>( dowód: orzeczenie LO z dnioa18 maja2011roku k.30 w aktach organu rentowego).</xIx></xText>
          <xText>Wnioskodawczyni <xAnon>M. M. (1)</xAnon> wniosła sprzeciw od powyższego orzeczenia, w wyniku czego sprawę skierowano na Komisję lekarską ZUS, która w dniu 8 czerwca 2011roku, wydała orzeczenie zgodne z opinią lekarza orzecznika ZUS. Po ponownym badaniu zdiagnozowano u wnioskodawczyni: <xUx>ograniczenie sprawności kolana prawego, zmiany zwyrodnieniowe, przebyte uszkodzenie łękotki bocznej, leczonej artroskopowo, nadciśnienie tętnicze uregulowane farmakologicznie </xUx><xIx>(dowód: orzeczenie lekarza orzecznika ZUS z dnia 8 czerwca 2011 roku k 34 z dokumentacją medyczną k. 43-87, sprzeciw z dnia 19 maja 2011roku k.2011roku k.42 w aktach organu rentowego) </xIx></xText>
          
          <xText>
            <xBx>Aktualnie u wnioskodawczyni występują następujące schorzenia: </xBx>
          </xText>
          <xText>- zespół bólowy przeciążeniowy bioder kolan, gównie prawego;</xText>
          <xText>-  zwyrodnienie kolana prawego I/II stop.;</xText>
          <xText>- stan po skręceniu kolana prawego z częściowym uszkodzeniem łękotki bocznej chondropoatią kłykcia przyśrodkowego uda prawego i chondromalazją rzepki prawej, stan po artroskopii z częściowym usunięciem łękotki bocznej;</xText>
          <xText>- nadciśnienie tętnicze;</xText>
          <xText>- stan po operacyjnym (3x)leczeniu żylaków kończyn dolnych;</xText>
          <xText>- żylaki nawrotowe;</xText>
          <xText>- przykurcz stawu kolanowego prawego;</xText>
          <xText>- stan po 2 x artroskopii prawego stawu kolanowego;</xText>
          <xText>- wole guzowate obojętne.</xText>
          
          <xText>Stopień zaawansowania powyższych schorzeń <xBx>nie czyni wnioskodawczyni niezdolną do pracy zarobkowej. </xBx><xUx>W aktualnym stanie zdrowia wnioskodawczyni jest zdolna do wszelkiego rodzaju prac biurowych odpowiednich dla posiadanego wykształcenia oraz każdego rodzaju lekkiej pracy fizycznej, szczególnie w przeważającej pozycji siedzącej.</xUx></xText>
          <xText>Ze względów profilaktycznych dla <xAnon>M. M. (1)</xAnon> przeciwwskazana jest ciężka praca fizyczna długotrwale obciążająca narząd ruchu, a ze względu na odczuwane zawroty głowy także praca kierowcy, prace na wysokości i przy niebezpiecznych maszynach będących w ruchu<xIx> (dowód: dowód opinia biegłych lekarzy ortopedy <xAnon>R.</xAnon><xAnon>E.</xAnon> k.24-25 wraz z opinią uzupełniającą k.64-65, kardiologa <xAnon>L. D.</xAnon> k.33 wraz z opinia uzupełniająca k.79, angiologia <xAnon>A. P. (1)</xAnon> k.42 wraz z opinia uzupełniającą k.70, endokrynologa <xAnon>E. K.</xAnon>.46-47, psychiatry <xAnon>B. J.</xAnon> k.98-100 ,opinia biegłego medycyny pracy <xAnon>J. G.</xAnon> k.121-124 w aktach sprawy).</xIx></xText>
          
          <xText>
            <xBx>Sąd Okręgowy zważył, co następuje:</xBx>
          </xText>
          
          <xText>
            <xBx>
              <xUx>Odwołanie nie zasługuje na uwzględnienie.</xUx>
            </xBx>
          </xText>
          
          <xText>Zgodnie z treścią <xLexLink xArt="art. 65;art. 65 ust. 1;art. 65 ust. 2" xIsapId="WDU19981621118" xTitle="Ustawa z dnia 17 grudnia 1998 r. o emeryturach i rentach z Funduszu Ubezpieczeń Społecznych" xAddress="Dz. U. z 1998 r. Nr 162, poz. 1118">art. 65 ust. 1 i 2 ustawy z dnia 17 grudnia 1998 roku o emeryturach i rentach z Funduszu Ubezpieczeń Społecznych</xLexLink> (tekst jedn.Dz. U. z 2009r. Nr 153, poz. 1227 ze zm.) renta rodzinna przysługuje uprawnionym członkom rodziny osoby, która w chwili śmierci miała ustalone prawo do emerytury lub renty z tytułu niezdolności do pracy lub spełniała warunki wymagane do uzyskania jednego z tych świadczeń, przy czym przy ocenie prawa do renty przyjmuje się, że osoba zmarła była całkowicie niezdolna do pracy. Z kolei stosownie do art. 70 ust. 1 ww. ustawy wdowa ma prawo do renty rodzinnej, jeżeli:</xText>
          <xText>1) w chwili śmierci męża osiągnęła wiek 50 lat lub była niezdolna do pracy albo</xText>
          <xText>2) wychowuje co najmniej jedno z dzieci, wnuków lub rodzeństwa uprawnione do renty rodzinnej po zmarłym mężu, które nie osiągnęło 16 lat, a jeżeli kształci się w szkole – 18 lat życia, lub jeżeli sprawuje pieczę nad dzieckiem całkowicie niezdolnym do pracy oraz do samodzielnej egzystencji lub całkowicie niezdolnym do pracy, uprawnionym do renty rodzinnej.</xText>
          <xText>Prawo do renty rodzinnej nabywa również wdowa, która osiągnęła wiek 50 lat lub stała się niezdolna do pracy po śmierci męża, nie później jednak niż w ciągu 5 lat od jego śmierci lub od zaprzestania wychowywania osób wymienionych w ust. 1 pkt 2.</xText>
          <xText>W świetle powyższych regulacji istota sporu w przedmiotowej sprawie sprowadzała się do ustalenia, czy wnioskodawczyni spełnia przesłanki do nabycia renty rodzinnej określone w art. 70 ust. 2 ww. ustawy a zatem, <xBx>
    czy stała się niezdolna do pracy nie później niż w ciągu 5 lat od ukończenia 18 lat przez syna <xAnon>D. M.</xAnon> ur.<xAnon>(...)</xAnon> roku, tj. <xUx>
      do <xAnon>(...)</xAnon>roku.</xUx></xBx></xText>
          <xText>W myśl art. 12 ust. 1 ustawy z dnia 17 grudnia 1998 roku o emeryturach i rentach z FUS niezdolną do pracy jest osoba, która całkowicie lub częściowo utraciła zdolność do pracy zarobkowej z powodu naruszenia sprawności organizmu i nie rokuje odzyskania zdolności do pracy po przekwalifikowaniu. Całkowicie niezdolną do pracy jest osoba, która utraciła zdolność do wykonywania jakiejkolwiek pracy, zaś częściowo niezdolną do pracy jest osoba, która w znacznym stopniu utraciła zdolność do pracy zgodnej z poziomem posiadanych kwalifikacji (art. 12 ust. 2 i 3). Przy ocenie stopnia i trwałości niezdolności do pracy oraz rokowania co do odzyskania zdolności do pracy uwzględnia się po pierwsze stopień naruszenia sprawności organizmu oraz możliwości przywrócenia niezbędnej sprawności w drodze leczenia i rehabilitacji oraz po drugie możliwości wykonywania dotychczasowej pracy lub podjęcia innej pracy oraz celowość przekwalifikowania zawodowego, biorąc pod uwagę rodzaj i charakter dotychczas wykonywanej pracy, poziom wykształcenia, wiek i predyspozycje psychofizyczne (art. 13 ust. 1).</xText>
          <xText>Dla ustalenia, czy wnioskodawczyni <xAnon>M. M. (1)</xAnon> jest niezdolna do pracy w rozumieniu przepisów cyt. Ustawy, Sąd dopuścił dowód z pisemnych opinii biegłych lekarzy: ortopedy, kardiologa, angiologia, endokrynologa i psychiatry, to jest biegłych z zakresu dziedzin medycyny, w ramach których mieszczą się rozpoznane u niej schorzenia. Nadto Sąd dopuścił dowód z opinii biegłego medycyny pracy <xAnon>J. G.</xAnon>, którego zadaniem było sporządzenie opinii w oparciu o całokształt zgromadzonego sprawie materiału dowodowego, w tym schorzenia zdiagnozowane u wnioskodawczyni przez wszystkich biegłych.</xText>
          <xText>Opinie opracowane przez biegłych tj.: <xBx>ortopedę <xAnon>R.</xAnon><xAnon>E.</xAnon></xBx>, <xBx>kardiologa <xAnon>L. D.</xAnon>, angiologa <xAnon>A. P. (1)</xAnon>, endokrynologa <xAnon>E. K.</xAnon>, psychiatrę <xAnon>B. J.</xAnon> oraz biegłego medycyny pracy <xAnon>J. G.</xAnon></xBx> - Sąd ocenia jako jasne, pełne, logiczne i należycie uzasadnione. Biegli sporządzili opinie po zapoznaniu się z dokumentacją medyczną wnioskodawczyni i wynikami badań dodatkowych, jak również po przeprowadzeniu jej osobistego badania i określili w opiniach, na jakie schorzenia cierpi obecnie wnioskodawczyni.</xText>
          <xText>Z opinii wskazanych wyżej biegłych wynika jednoznacznie, iż wnioskodawczyni nie spełnia przesłanek do nabycia prawa do renty rodzinnej określonych w art. 70 ust. 2 ustawy o emeryturach i rentach z FUS. W zgodnej ocenie biegłych stopień zaawansowania stwierdzonych u niej schorzeń nie czyni ją bowiem niezdolną do pracy zarobkowej.</xText>
          <xText>Biegły <xBx>ortopeda <xAnon>R.</xAnon><xAnon>E.</xAnon></xBx> uznał, że zmiany zwyrodnieniowe w stawach biodrowych wnioskodawczyni i okolicy lędźwiowo-krzyżowej kręgosłupa są niewielkiego stopnia i powodują dolegliwości bólowe jedynie typu wysiłkowego i przeciążeniowego. Przebiegają one z okresami zaostrzeń, jednakże nie upośledzają w znacznym stopniu sprawności statyczno-dynamicznej narządu ruchu wnioskodawczyni.Nadto biegły ortopeda uznał, że zaostrzenia bólowe zmian zwyrodnieniowych narządu ruchu u <xAnon>M. M. (1)</xAnon> mogą być przez nią leczone w ramach krótkotrwałych zasiłków chorobowych i <xBx>nie uzasadniają uznania jej za niezdolną do pracy.</xBx> Swoje stanowisko ortopeda podtrzymał także w swej opinii uzupełniającej .</xText>
          <xText>Biegły <xBx>kardiolog <xAnon>L. D.</xAnon></xBx> rozpoznała u wnioskodawczyni jedynie nadciśnienie tętnicze- źle kontrolowane farmakologicznie – jednakże nie powodujące jak dotąd powikłań narządowych. Z tych też względów w ocenie kardiologa nadciśnienie tętnicze na które cierpi wnioskodawczyni <xBx>nie upośledza jej zdolności do pracy.</xBx></xText>
          <xText>Biegły <xBx>chirurg-angiolog <xAnon>A. P. (2)</xAnon></xBx> rozpoznał u wnioskodawczyni stan po trzykrotnym leczeniu chirurgicznym żylaków kończyn dolnych oraz żylaki nawrotowe. Biegły uznał, że różnice w obwodach kończyn dolnych spowodowane są niewielkimi zanikami mięśni kończyny prawej kończyny dolnej, a nie są one następstwem zaburzeń żylnych kończyny lewej. W ocenie biegłego angiologia nawracające żylaki kończyn dolnych <xBx>nie ograniczają jej zdolności do pracy zarobkowe</xBx>j. Stanowisko to biegły podtrzymał również w swej opinii uzupełniającej.</xText>
          <xText>Kolejny biegły <xBx>endokrynolog <xAnon>E. K.</xAnon></xBx> potwierdziła rozpoznane już wcześniej u wnioskodawczyni wole guzowate obojętne, które z powodu eutyreozy nie wymagają obecnie leczenia farmakologicznego. Tym samym biegła uznała, iż z przyczyn endokrynologicznych wnioskodawczyni <xBx>nie jest niezdolna do pracy</xBx>.</xText>
          <xText>Tożsame stanowisko w sprawie zajął również biegły <xBx>psychiatra <xAnon>B. J.</xAnon>,</xBx> który po rozpoznaniu u <xAnon>M. M. (1)</xAnon> epizodu depresyjnego łagodnego, towarzyszącego chorobom somatycznym i podtrzymywany rzez trudną sytuację rodzinną stwierdził, że <xBx>wnioskodawczyni jest zdolna do pracy zarobkowej.</xBx></xText>
          <xText>Wszystkie wyżej wskazane opinie znajdują potwierdzenie w opinii biegłego medycyny pracy <xBx><xAnon>J. G.</xAnon></xBx>, który po zapoznaniu się z aktami sprawy, opiniami wydanymi przez wszystkich wskazanych biegłych: ortopedę, kardiologa, chirurga- angiologa, endokrynologa, psychiatrę oraz na podstawie osobistego badania wnioskodawczyni doszedł do przekonania, że <xBx>wnioskodawczyni jest osobą zdolną do pracy zarobkowej zgodnie z poziomem posiadanych kwalifikacji</xBx>. Nadto biegły profilaktycznie określił dla wnioskodawczyni przeciwwskazania do ciężkiej pracy fizycznej, długotrwale obciążająca narząd ruchu, a ze względu na odczuwalne zawroty głowy także praca kierowcy, praca na wysokości i przy niebezpiecznych maszynach będących w ruchu.</xText>
          <xText>Sąd podzielił stanowisko wszystkich lekarzy opiniujących w przedmiotowej sprawie i doszedł do przekonania, że schorzenia rozpoznane u wnioskodawczyni, w ich aktualnym stopniu zaawansowania nie ograniczają zdolności <xAnon>M. M. (1)</xAnon> do pracy.</xText>
          <xText>Należy przy tym wskazać, że dowód z opinii biegłych nie został w sposób skuteczny zakwestionowany w toku postępowania.</xText>
          <xText>Podkreślenia wymaga, że zgodnie z przepisami art. 12 i nast. powołanej na wstępie ustawy – renta przysługuje osobom, które całkowicie lub częściowo utraciły zdolność do pracy, przy czym częściowa utrata zdolności do pracy zarobkowej nie jest równoznaczna z niemożnością wykonywania dotychczasowego zatrudnienia. Występuje ona dopiero wówczas, gdy ubezpieczony utracił w znacznym stopniu zdolność do pracy zgodnej z poziomem posiadanych kwalifikacji. Dopiero zatem zmiana zawodu w ramach posiadanych kwalifikacji i brak rokowań odzyskania zdolności do pracy po przekwalifikowaniu dają podstawę do przyznania renty z tytułu częściowej niezdolności do pracy (por. Sąd Najwyższy w wyrokach z dnia 13 października 2009 roku, II UK 106/09, LEX nr 558589, z dnia 8 maja 2008 roku, I UK 356/07, OSNP 2009/17-18/238, z dnia 11 stycznia 2007 roku, II UK 156/06, OSNP 2008/3-4/45 i z dnia 25 listopada 1998 roku, II UKN 326/98, OSNAP 2000/1/36).</xText>
          <xText>Występujące u 52-letniej wnioskodawczyni schorzenia, na obecnym etapie zaawansowania, nie prowadzą do istotnego naruszenia sprawności organizmu będącego przesłanką orzeczenia niezdolności do pracy. Mimo ich występowania <xAnon>M. M. (1)</xAnon> ma zachowaną zdolność do wykonywania pracy zarobkowej na poziomie posiadanych kwalifikacji. Wnioskodawczyni posiada wykształcenie średnie-techniczne, a na marginesie należy dodać, że aktualnie wykonuje pracę zarobkową- fizyczną.</xText>
          <xText>W związku z powyższym uznać należało, że wnioskodawczyni nie spełnia przesłanek do nabycia prawa do renty rodzinnej i na podstawie <xLexLink xArt="art. 477(14);art. 477(14) § 1" xIsapId="WDU19640430296" xTitle="Ustawa z dnia 17 listopada 1964 r. - Kodeks postępowania cywilnego" xAddress="Dz. U. z 1964 r. Nr 43, poz. 296">art. 477<xSUPx>14</xSUPx> § 1 k.p.c.</xLexLink>, orzec jak w sentencji.</xText>
        </xUnit>
      </xBlock>
    </xPart>
  </judgement>
<judgement id="154000000000503_I_ACa_000360_2013_Uz_2013-11-29_001">
    <xPart xEditorFullName="Aleksandra Szubert" xYear="2013" xLang="PL" xPublisherFullName="Maria Baryła" xFromPg="1" xEditor="Szubert_Aleksandra" xVolType="15/400000/0000503/ACa" xPublisher="Baryla_Maria" xDocType="Uz" xVolNmbr="000360" xVersion="1.0" xToPage="2" xFlag="published">
      <xName>Wyrok+Uzasadnienie</xName>
      <xBlock>
        <xText>Sygn. akt. I ACa 360/13</xText>
        <xUnit xIsTitle="true" xBold="true" xType="part">
          <xName>WYROK</xName>
          <xTitle>W IMIENIU RZECZYPOSPOLITEJ POLSKIEJ</xTitle>
          <xText xALIGNx="right">Dnia 7 listopada 2013 r.</xText>
          
          <xText>Sąd Apelacyjny w Rzeszowie Wydział I Cywilny w składzie:</xText>
          
          <xRows>
            <xCOLGROUPx>
              <xCOLx xWIDTHx="208"/>
              <xCOLx xWIDTHx="413"/>
            </xCOLGROUPx>
            <xRow>
              <xClmn xALIGNx="left" xVALIGNx="top">
                <xText>
                  <xUx>Przewodniczący</xUx>
                </xText>
              </xClmn>
              <xClmn xALIGNx="left" xVALIGNx="top">
                <xText>
                  <xBx>SSA Marek Klimczak</xBx>
                </xText>
              </xClmn>
            </xRow>
            <xRow>
              <xClmn xALIGNx="left" xVALIGNx="top">
                <xText>
                  <xBx>Sędziowie:</xBx>
                </xText>
                
              </xClmn>
              <xClmn xALIGNx="left" xVALIGNx="top">
                <xText>
                  <xBx>SA Jan Sokulski</xBx>
                </xText>
                <xText>
                  <xBx>SA Dariusz Mazurek (spraw.)</xBx>
                </xText>
              </xClmn>
            </xRow>
            <xRow>
              <xClmn xALIGNx="left" xVALIGNx="top">
                <xText>
                  <xBx>Protokolant:</xBx>
                </xText>
              </xClmn>
              <xClmn xALIGNx="left" xVALIGNx="top">
                <xText>
                  <xBx>st. sekr. sądowy Aleksandra Szubert </xBx>
                </xText>
              </xClmn>
            </xRow>
          </xRows>
          <xText>po rozpoznaniu w dniu 7 listopada 2013 r. na rozprawie</xText>
          <xText>sprawy z powództwa <xBx><xAnon>K. R.</xAnon></xBx></xText>
          <xText>przeciwko <xBx><xAnon>A. K.</xAnon></xBx></xText>
          <xText>o zachowek</xText>
          <xText>na skutek apelacji powódki</xText>
          <xText>od wyroku Sądu Okręgowego w Przemyślu</xText>
          <xText>z dnia 27 marca 2013 r., sygn. akt I C 861/12</xText>
          
          <xUnit xIsTitle="false" xType="none">
            <xName xSffx=".">I</xName>
            <xText><xBx> o d d a l a</xBx> apelację,</xText>
          </xUnit>
          <xUnit xIsTitle="false" xType="none">
            <xName xSffx=".">II</xName>
            <xText><xBx> z a s ą d z a</xBx> od powódki na rzecz pozwanego kwotę 2.700 zł (dwa tysiące siedemset) tytułem kosztów postępowania apelacyjnego.</xText>
          </xUnit>
        </xUnit>
        <xUnit xIsTitle="true" xBold="true" xType="part">
          <xName>UZASADNIENIE</xName>
          <xText>Powódka <xAnon>K. R.</xAnon> w pozwie skierowanym przeciwko <xAnon>A. K.</xAnon> domagała się zasądzenia od pozwanego kwoty 100 000 zł z odsetkami ustawowymi od dnia wniesienia pozwu tytułem zachowku należnego powódce po zmarłych rodzicach.</xText>
          <xText>Pozwany wnosił o oddalenie powództwa argumentując, że roszczenie powódki uległo przedawnieniu.</xText>
          <xText>Sąd Okręgowy w Przemyślu rozstrzygając o żądaniu pozwu wyrokiem z dnia 27 marca 2013r. powództwo oddalił i zasądził od powódki na rzecz pozwanego kwotę 3 600 zł tytułem kosztów procesu.</xText>
          <xText>W uzasadnieniu wyroku wskazał, że oparł rozstrzygnięcie o następujące ustalenia faktyczne: <xAnon>K. R.</xAnon> jest córką <xAnon>M. K.</xAnon>, która zmarła a spadek po niej nabył w całości na podstawie testamentu pozwany <xAnon>A. K.</xAnon> – syn spadkodawczyni. Spadkodawczyni przed śmiercią darowała pozwanemu gospodarstwo rolne położone w <xAnon>R.</xAnon> o łącznej powierzchni 0,7115 ha. Jak ustalił Sąd Okręgowy na skutek pozwu wniesionego przez <xAnon>K. R.</xAnon> przed Sądem Okręgowym w Przemyślu toczyło się pomiędzy stronami postępowanie o zachowek, które jednak zostało zawieszone na zgodny wniosek stron, a następnie umorzone prawomocnym postanowieniem z dnia 8 czerwca 2011r. Według ustaleń Sądu Okręgowego poczynionych na podstawie akt sprawy Sądu Rejonowego w Przemyślu o sygnaturze I Ns 588/08 o stwierdzenie nabycie spadku po <xAnon>M. K.</xAnon>, otwarcie testamentu nastąpiło w dniu 21 października 2008r. Sąd Okręgowy ocenił, że powództwo w niniejszej sprawie powódka wniosła w dniu 14 grudnia 2012r. i nastąpiło to po upływie 3 letniego terminu do wytoczenia powództwa o zachowek wyznaczonego w <xLexLink xArt="art. 1007;art. 1007 § 1" xIsapId="WDU19640160093" xTitle="Ustawa z dnia 23 kwietnia 1964 r. - Kodeks cywilny" xAddress="Dz. U. z 1964 r. Nr 16, poz. 93">art. 1007 § 1 k.c.</xLexLink> W ocenie Sądu Okręgowego na skutek umorzenia postępowania na podstawie <xLexLink xArt="art. 182;art. 182 § 2" xIsapId="WDU19640430296" xTitle="Ustawa z dnia 17 listopada 1964 r. - Kodeks postępowania cywilnego" xAddress="Dz. U. z 1964 r. Nr 43, poz. 296">art. 182 § 2 k.p.c.</xLexLink> w sprawie I C 741/08 nie nastąpił skutek w postaci przerwy biegu przedawnienia. Sad Okręgowy rozważył też okoliczność, że ustawą z dnia 18 marca 2011r. o zmianie <xLexLink xArt="" xIsapId="WDU19640160093" xTitle="Ustawa z dnia 23 kwietnia 1964 r. - Kodeks cywilny" xAddress="Dz. U. z 1964 r. Nr 16, poz. 93">ustawy kodeks cywilny</xLexLink> i niektórych innych ustaw zmianie uległ termin przedawnienia roszczenia o zachowek określony w <xLexLink xArt="art. 1007;art. 1007 § 1;art. 1007 § 2" xIsapId="WDU19640160093" xTitle="Ustawa z dnia 23 kwietnia 1964 r. - Kodeks cywilny" xAddress="Dz. U. z 1964 r. Nr 16, poz. 93">art. 1007 § 1 i 2</xLexLink>, który obecnie wynosi 5 lat. Jednak powołując się na treść art. 8 wskazanej ustawy i fakt, że przedawnienie roszczenia powódki według dotychczasowych przepisów nastąpiło w dniu 21 października 2011r. t.j. przed wejściem w życie przepisów ustawy z dnia 18 marca 2011r. Sąd Okręgowy stwierdził brak podstaw do zastosowania w niniejszej sprawie wydłużonego terminu przedawnienia roszczenia.</xText>
          <xText>Sąd Okręgowy ocenił podniesiony przez pozwanego zarzut z punktu widzenia zasad współżycia społecznego. Wziął pod uwagę, że w obu sprawach strony reprezentowane były przez profesjonalnych pełnomocników oraz, że reprezentujący powódkę pełnomocnik nie złożył wniosku o podjęcie postępowania zawieszonego w sprawie I C 741/08.</xText>
          <xText>Powódka zaskarżając w całości wyrok Sądu Okręgowego w Przemyślu zarzuciła naruszenie prawa materialnego <xLexLink xArt="art. 123;art. 123 § 1;art. 123 § 1 pkt. 1;art. 123 § 1 pkt. 124;art. 123 § 2" xIsapId="WDU19640160093" xTitle="Ustawa z dnia 23 kwietnia 1964 r. - Kodeks cywilny" xAddress="Dz. U. z 1964 r. Nr 16, poz. 93">art. 123 § 1 punkt 1 i 124 § 2 k.c.</xLexLink> poprzez ich nie zastosowanie i błędną ocenę, że nie doszło do przerwania biegu przedawnienia roszczenia o zachowek na skutek złożenia przez powódkę pozwu w sprawie I C 741/08. Zarzuciła też naruszenie <xLexLink xArt="art. 182;art. 182 § 2" xIsapId="WDU19640430296" xTitle="Ustawa z dnia 17 listopada 1964 r. - Kodeks postępowania cywilnego" xAddress="Dz. U. z 1964 r. Nr 43, poz. 296">art. 182 § 2 k.p.c.</xLexLink> poprzez niewłaściwą wykładnię przepisu polegającą na przyjęciu, że skutki określone tym przepisem obejmują też skutki prawa materialnego określone w <xLexLink xArt="art. 123" xIsapId="WDU19640160093" xTitle="Ustawa z dnia 23 kwietnia 1964 r. - Kodeks cywilny" xAddress="Dz. U. z 1964 r. Nr 16, poz. 93">art. 123 k.c.</xLexLink></xText>
          <xText>Wskazując na powyższe zarzuty apelująca domagała się uchylenia zaskarżonego wyroku i przekazania sprawy do ponownego rozpoznania Sądowi I instancji pozostawiając temu sądowi rozstrzygnięcie o kosztach procesu.</xText>
          <xText>W uzasadnieniu apelacji powódka podtrzymała treść zarzutów zgłoszonych przeciwko zaskarżonemu wyrokowi.</xText>
          <xText>Pozwany w piśmie procesowym z dnia 4 listopada 2013r. domagał się oddalenia apelacji powódki i zasądzenia od powódki na jego rzecz kosztów postępowania.</xText>
          
          <xText>
            <xBx>
              <xIx> Sąd Apelacyjny w Rzeszowie rozpoznając apelację powódki zważył, co następuje:</xIx>
            </xBx>
          </xText>
          
          <xText>Apelacja jest nieuzasadniona.</xText>
          <xText>Sąd Apelacyjny w Rzeszowie w całości podziela ustalenia faktyczne Sądu Okręgowego, przyjmując je za własne jak i dokonaną w oparciu o te ustalenia ocenę prawną. Stanowisko jakie zaprezentował Sąd Okręgowy dokonując oceny, że z punktu widzenia treści <xLexLink xArt="art. 123;art. 123 § 1;art. 123 § 1 pkt. 1" xIsapId="WDU19640160093" xTitle="Ustawa z dnia 23 kwietnia 1964 r. - Kodeks cywilny" xAddress="Dz. U. z 1964 r. Nr 16, poz. 93">art. 123 § 1 punkt 1 k.c.</xLexLink>, postepowanie sądowe które toczyło się pomiędzy stronami o zachowek w sprawie sygn. akt I C 741/08 nie doprowadziło do skutku w postaci przerwy biegu terminu przedawnienia jest powszechnie akceptowane w orzecznictwie, w tym orzeczeniach Sądu Najwyższego. Dla przykładu należy wskazać wyrok Sądu Najwyższego10 października 2003 r. II CK 113/02 i postanowienie Sądu Najwyższego z dnia 4 września 2008r. sygn. akt IV CSK 213/08. przerwę biegu terminu przedawnienia należy badać pod kątem czy określona czynność może doprowadzić do skutku wymienionego w <xLexLink xArt="art. 123;art. 123 § 1;art. 123 § 1 pkt. 1" xIsapId="WDU19640160093" xTitle="Ustawa z dnia 23 kwietnia 1964 r. - Kodeks cywilny" xAddress="Dz. U. z 1964 r. Nr 16, poz. 93">art. 123 § 1 pkt 1 k.c.</xLexLink> Unormowania prawa procesowego sprawiają bowiem, że w niektórych sytuacjach czynności procesowe, pierwotnie podjęte, zostają następnie uznane za bezskuteczne ex tunc. Wówczas upada, także ex tunc, przerwa biegu przedawnienia. Jednym z takich unormowań jest <xLexLink xArt="art. 182;art. 182 § 2" xIsapId="WDU19640430296" xTitle="Ustawa z dnia 17 listopada 1964 r. - Kodeks postępowania cywilnego" xAddress="Dz. U. z 1964 r. Nr 43, poz. 296">art. 182 § 2 k.p.c.</xLexLink> Skutek określony w tym przepisie następuje w przypadku wszystkich czynności, które w myśl <xLexLink xArt="art. 123;art. 123 § 1" xIsapId="WDU19640160093" xTitle="Ustawa z dnia 23 kwietnia 1964 r. - Kodeks cywilny" xAddress="Dz. U. z 1964 r. Nr 16, poz. 93">art. 123 § 1 k.c.</xLexLink> przerwały bieg przedawnienia czy zasiedzenia Przerwa biegu przedawnienia polega na tym, że cały okres od rozpoczęcia biegu przedawnienia do chwili jego przerwania nie podlega wliczeniu do okresu przedawnienia. To, czy przerwanie biegu przedawnienia (zasiedzenia) utrzyma się, czy też zostanie uznane za niebyłe (upadnie), jest konsekwencją dalszych zdarzeń. Do zdarzeń, które wywołują skutek w prawie materialnym w postaci "upadku przerwy" w biegu przedawnienia zaliczyć należy zwrot pozwu (<xLexLink xArt="art. 130;art. 130 § 2" xIsapId="WDU19640430296" xTitle="Ustawa z dnia 17 listopada 1964 r. - Kodeks postępowania cywilnego" xAddress="Dz. U. z 1964 r. Nr 43, poz. 296">art. 130 § 2</xLexLink> zd. drugie <xLexLink xArt="" xIsapId="WDU19640430296" xTitle="Ustawa z dnia 17 listopada 1964 r. - Kodeks postępowania cywilnego" xAddress="Dz. U. z 1964 r. Nr 43, poz. 296">k.p.c.</xLexLink>), cofnięcie pozwu (<xLexLink xArt="art. 203;art. 203 § 2" xIsapId="WDU19640430296" xTitle="Ustawa z dnia 17 listopada 1964 r. - Kodeks postępowania cywilnego" xAddress="Dz. U. z 1964 r. Nr 43, poz. 296">art. 203 § 2 k.p.c.</xLexLink>), umorzenie zawieszonego postępowania (<xLexLink xArt="art. 182;art. 182 § 2" xIsapId="WDU19640430296" xTitle="Ustawa z dnia 17 listopada 1964 r. - Kodeks postępowania cywilnego" xAddress="Dz. U. z 1964 r. Nr 43, poz. 296">art. 182 § 2 k.p.c.</xLexLink>).</xText>
          <xText>We wszystkich wskazanych sytuacjach pozew nie wywołuje żadnych skutków, jakie ustawa wiąże z wytoczeniem powództwa. Wspólną ich cechą jest to, że postępowanie w sprawie nie może zakończyć się wydaniem orzeczenia rozstrzygającego jej istotę. Innymi słowy - nawiązując do treści <xLexLink xArt="art. 123;art. 123 § 1;art. 123 § 1 pkt. 1" xIsapId="WDU19640430296" xTitle="Ustawa z dnia 17 listopada 1964 r. - Kodeks postępowania cywilnego" xAddress="Dz. U. z 1964 r. Nr 43, poz. 296">art. 123 § 1 pkt 1 in fine k.p.c.</xLexLink> - można stwierdzić, że postępowanie nie jest w stanie doprowadzić do "dochodzenia, ustalenia, zaspokojenia i zabezpieczenia roszczenia". Konkluzja ta prowadzi do wniosku, że we wskazanych sytuacjach procesowych bieg przedawnienia nie został przerwany. Z perspektywy przedstawionego wyżej poglądu akceptowanego w całości również przez Sąd Apelacyjny stwierdzić należy, że podniesione w apelacji zarzuty naruszenia prawa materialnego okazały się nieuzasadnione.</xText>
          <xText>W ramach podniesionego przez apelującą zarzutu naruszenia prawa materialnego Sąd Apelacyjny ocenił jako prawidłową przedstawioną przez Sąd I instancji argumentację świadczącą o braku podstaw do stwierdzenia, że podniesienie przez pozwanego zarzutu przedawnienia w okolicznościach niniejszej sprawy naruszało zasady współżycia społecznego (<xLexLink xArt="art. 5" xIsapId="WDU19640160093" xTitle="Ustawa z dnia 23 kwietnia 1964 r. - Kodeks cywilny" xAddress="Dz. U. z 1964 r. Nr 16, poz. 93">art. 5 k.c.</xLexLink>). Obecnie, pomimo istniejących w tym zakresie kontrowersji, przyjmuje się powszechnie, że nieuwzględnienie zarzutu przedawnienia w oparciu o przepis <xLexLink xArt="art. 5" xIsapId="WDU19640160093" xTitle="Ustawa z dnia 23 kwietnia 1964 r. - Kodeks cywilny" xAddress="Dz. U. z 1964 r. Nr 16, poz. 93">art. 5 k.c.</xLexLink> jest dopuszczalne (zob. m.in. wyr. SN z dnia 16 lutego 2006 r., IV CK 380/05, Lex nr 179977: "Powołanie się na <xLexLink xArt="art. 5" xIsapId="WDU19640160093" xTitle="Ustawa z dnia 23 kwietnia 1964 r. - Kodeks cywilny" xAddress="Dz. U. z 1964 r. Nr 16, poz. 93">art. 5 k.c.</xLexLink> w związku z zarzutem przedawnienia może mieć miejsce tylko w wypadkach wyjątkowych, niemniej wyjątkowość ta może być związana z przyczynami dotyczącymi osoby dochodzącej roszczenia", a także wyr. SN z dnia 7 listopada 2003 r., V CK 399/02, Lex nr 175965: "Przy ocenie możliwości zastosowania <xLexLink xArt="art. 5" xIsapId="WDU19640160093" xTitle="Ustawa z dnia 23 kwietnia 1964 r. - Kodeks cywilny" xAddress="Dz. U. z 1964 r. Nr 16, poz. 93">art. 5 k.c.</xLexLink> należy mieć na uwadze - ze względu na charakter tego przepisu - wszystkie okoliczności sprawy występujące tak po stronie wierzyciela, jak i dłużnika.”</xText>
          <xText>Sąd Okręgowy dokonał prawidłowej oceny, czy podniesiony przez pozwanego zarzut, nie jest sprzeczny z zasadami współżycia społecznego.</xText>
          <xText>Niezależnie od ocenionych przez Sąd Okręgowy kwestii związanej ze zmianą przepisów i dość niefortunnym dla powódki upływem terminu przedawnienia na kilka dni przed wejściem w życie przepisów wydłużających termin przedawnienia, Sąd Apelacyjny miał na uwadze, że powódka wystąpiła ponownie o ochronę prawną dopiero w grudniu 2012r., a więc znacznie po upływie okresu w jakim doszło do przedawnienia roszczenia. Biorąc pod uwagę, że to wola stron zdecydowała o umorzeniu postępowania w sprawie sygn. akt I C 741/08 powódka nie może obecnie powoływać się na okoliczność, że to działania strony przeciwnej doprowadziły do przedawnienia roszczenia.</xText>
          <xText>Z tych wszystkich względów nie znajdując podstaw faktycznych i prawnych do uwzględnienia apelacji, Sąd Apelacyjny na podstawie <xLexLink xArt="art. 385" xIsapId="WDU19640430296" xTitle="Ustawa z dnia 17 listopada 1964 r. - Kodeks postępowania cywilnego" xAddress="Dz. U. z 1964 r. Nr 43, poz. 296">art. 385 k.p.c.</xLexLink> oddalił apelację powódki.</xText>
          <xText>O kosztach postępowania apelacyjnego orzeczono na podstawie zasady odpowiedzialności za wynik sprawy (<xLexLink xArt="art. 98;art. 98 § 1" xIsapId="WDU19640430296" xTitle="Ustawa z dnia 17 listopada 1964 r. - Kodeks postępowania cywilnego" xAddress="Dz. U. z 1964 r. Nr 43, poz. 296">art. 98 § 1 k.p.c.</xLexLink>). Wysokość zasądzonej tytułem kosztów kwoty wynika z § 13 ust. 2 i § 6 punkt 6 rozporządzenia Ministra Sprawiedliwości z dnia 28 września 2002r. w sprawie opłat za czynności adwokackie (…).</xText>
          <xText>.</xText>
        </xUnit>
      </xBlock>
    </xPart>
  </judgement>
<judgement id="155025250000503_I_C_000616_2013_Uz_2013-11-29_001">
    <xPart xEditorFullName="Agnieszka Tomaszewska" xYear="2013" xLang="PL" xPublisherFullName="Agnieszka Walaszczyk" xFromPg="1" xEditor="agnieszka.tomaszewska" xVolType="15/502525/0000503/C" xPublisher="agnieszka.walaszczyk" xDocType="Uz" xVolNmbr="000616" xVersion="1.0" xToPage="4" xFlag="published">
      <xName>Wyrok+Uzasadnienie</xName>
      <xBlock>
        <xText>Sygn. akt I C upr 616/13</xText>
        <xUnit xIsTitle="true" xType="part" xBold="true">
          <xName>WYROK</xName>
          <xTitle>W IMIENIU RZECZYPOSPOLITEJ POLSKIEJ</xTitle>
          <xText>Dnia 7 listopada 2013 r.</xText>
          <xText>
            <xBx>Sąd Rejonowy w Środzie Śląskiej Wydział I Cywilny</xBx>
          </xText>
          <xText>w składzie następującym:</xText>
          <xText>Przewodniczący: SSR Bartłomiej Rajca</xText>
          <xText>Protokolant: Mirosława Mękarska</xText>
          <xText>po rozpoznaniu w dniu 7 listopada 2013 r. w Środzie Śląskiej na rozprawie</xText>
          <xText>sprawy z powództwa Gminy <xAnon>W.</xAnon></xText>
          <xText>przeciwko <xAnon>J. Ł.</xAnon></xText>
          <xText>o zapłatę</xText>
          
          <xUnit xIsTitle="false" xType="none">
            <xName xSffx=".">I</xName>
            <xText>powództwo oddala;</xText>
          </xUnit>
          <xUnit xIsTitle="false" xType="none">
            <xName xSffx=".">II</xName>
            <xText>przyznaje adw. <xAnon>U. T.</xAnon> prowadzącej Kancelarię Adwokacką w <xAnon>Ś.</xAnon> kwotę 73,80 zł tytułem wynagrodzenia za pełnienie funkcji kuratora dla pozwanego <xAnon>J. Ł.</xAnon>, płatną z zaliczki uiszczonej przez stronę powodową.</xText>
          </xUnit>
          
          <xText>Zarządzenia:</xText>
          <xUnit xIsTitle="false" xType="none">
            <xName xSffx=".">1</xName>
            <xText>
              <xAnon>(...)</xAnon>
            </xText>
          </xUnit>
          <xUnit xIsTitle="false" xType="none">
            <xName xSffx=".">2</xName>
            <xText><xAnon>(...)</xAnon>;</xText>
          </xUnit>
          <xUnit xIsTitle="false" xType="none">
            <xName xSffx=".">3</xName>
            <xText>
              <xAnon>(...)</xAnon>
            </xText>
          </xUnit>
          <xText>7.11.2013 r.</xText>
        </xUnit>
        <xUnit xIsTitle="true" xType="part" xBold="true">
          <xName>UZASADNIENIE</xName>
          <xText>Strona powodowa Gmina <xAnon>W.</xAnon> wniosła w dniu 26 października 2012 r. do Sądu Rejonowego Lublin-Zachód w Lublinie pozew w elektronicznym postępowaniu upominawczym przeciwko pozwanemu <xAnon>J. Ł.</xAnon> o zapłatę kwoty 121,20 zł wraz z ustawowymi odsetkami od dnia 08 sierpnia 2011 r. do dnia zapłaty oraz o zasądzenie kosztów procesu, w tym opłaty sądowej od pozwu oraz kosztów zastępstwa procesowego w kwocie 60 zł.</xText>
          <xText>W dniu 05 czerwca 2013 r. Sąd Rejonowy Lublin-Zachód w Lublinie uchylił wydany uprzednio w dniu 12.11.2012 r. nakaz zapłaty w elektronicznym postępowaniu upominawczym uwzględniający powództwo z uwagi na ustalenie, że pozwany nie pod adresem wskazanym w pozwie, i przekazał sprawę do rozpoznania tut. Sądowi na podstawie <xLexLink xArt="art. 505(34)" xIsapId="WDU19640430296" xTitle="Ustawa z dnia 17 listopada 1964 r. - Kodeks postępowania cywilnego" xAddress="Dz. U. z 1964 r. Nr 43, poz. 296">art. 505<xSUPx>34</xSUPx> Kpc</xLexLink>. W pozwie, po usunięciu jego braków formalnych przed tut. Sądem, strona powodowa twierdziła, że jest organizatorem odpłatnych usług przewozowych środkami lokalnej komunikacji publicznej i powierzyła <xAnon> spółce (...) sp. z o.o.</xAnon> zadania z zakresu kontroli dokumentów przewozu osób lub bagażu środkami lokalnego transportu zbiorowego i w dniu 24 lipca 2011 r. kontroler stwierdził, że pozwany jadąc tymi środkami – linią 7 nie posiadał ważnego biletu na przejazd.</xText>
          <xText>W odpowiedzi na pozew kurator pozwanego nieznanego z miejsca pobytu wniósł o oddalenie powództwa i o zasądzenie na rzecz kuratora kosztów zastępstwa procesowego według norm przepisanych. Kurator zaprzeczył wszelkim twierdzeniom strony powodowej za wyjątkiem wyraźnie przyznanych, wskazał że pomimo spoczywającego na stronie powodowej ciężaru dowodu nie wykazał zasadności wysokości dochodzonego roszczenia, a nawet przyjmując że wskazane przez stronę powodową zdarzenia miały miejsce, to na podstawie <xLexLink xArt="art. 778" xIsapId="WDU19640160093" xTitle="Ustawa z dnia 23 kwietnia 1964 r. - Kodeks cywilny" xAddress="Dz. U. z 1964 r. Nr 16, poz. 93">art. 778 Kc</xLexLink> podniósł z ostrożności procesowej zarzut przedawnienia roszczenia z dniem 09.08.2012 r. z uwagi na upływ roku od dnia 08.08.2011 r. kiedy to upłynął z kolei 14-dniowy terminu do zapłaty należności strony powodowej wyznaczony wezwaniem do zapłaty, a strona powodowa nie wykazała, że nastąpiło przerwanie biegu przedawnienia.</xText>
          <xText>W ustosunkowaniu się do tego strona powodowa zaprzeczyła jakoby miało miejsce przedawnienie roszczenia wskazując, że w niniejszej sprawie ma zastosowanie <xLexLink xArt="" xIsapId="WDU19840530272" xTitle="Ustawa z dnia 15 listopada 1984 r. - Prawo przewozowe" xAddress="Dz. U. z 1984 r. Nr 53, poz. 272">ustawa z dnia 15.11.1984 r. – Prawo przewozowe</xLexLink>, z której wynikają inne reguły liczenia terminu przedawnienia niż w <xLexLink xArt="" xIsapId="WDU19640160093" xTitle="Ustawa z dnia 23 kwietnia 1964 r. - Kodeks cywilny" xAddress="Dz. U. z 1964 r. Nr 16, poz. 93">Kodeksie cywilnym</xLexLink>.</xText>
          
          <xText><xBx>Sąd ustalił w sprawie następujący stan faktyczny</xBx>:</xText>
          
          <xText>W dniu 24 lipca 2011 r. pozwany <xAnon>J. Ł.</xAnon> jechał środkami lokalnej komunikacji publicznej strony powodowej – linią 7 bez ważnego biletu na przejazd, co stwierdził kontroler <xAnon> spółki (...) sp. z o.o.</xAnon> działającej w imieniu strony powodowej, doręczając jednocześnie z tego tytułu pozwanemu wezwanie do zapłaty kwoty 121,20 zł, na którą składała się opłata przewozowa w kwocie 1,20 zł i opłata dodatkowa w kwocie 120 zł.</xText>
          <xText>Dowód: - wezwanie do zapłaty nr <xAnon> (...)</xAnon> – k.26,</xText>
          
          <xText>Strona powodowa ponownie wezwała pozwanego do zapłaty ww. kwoty przedsądowym wezwaniem do zapłaty z dnia 17.01.2012 r., które nie zostało doręczone przez pocztę pozwanemu z uwagi na ustalenie, że nie mieszka on pod adresem wskazanym przez stronę powodową.</xText>
          <xText>Dowód: - odpis przedsądowego wezwania do zapłaty z dnia 17.01.2012 r. wraz z odpisem zwrotnego potwierdzenia odbioru – k.27-28</xText>
          
          <xText>
            <xBx>W tak ustalonym stanie faktycznym Sąd zważył, co następuje:</xBx>
          </xText>
          
          <xText>Powództwo okazało się niezasadne.</xText>
          <xText>Zgodnie z § 8 ust. 2 załącznika do uchwały nr <xAnon>(...)</xAnon><xAnon>W.</xAnon>z dnia 15.05.2008 r. w sprawie zmiany uchwały nr <xAnon>(...)</xAnon><xAnon>W.</xAnon>w sprawie zasad odpłatności za usługi przewozowe świadczone środkami lokalnego transportu zbiorowego – zasady odpłatności za przejazdy środkami komunikacji zbiorowej organizowanej przez Gminę <xAnon>W.</xAnon>(Dz. U. Woj. <xAnon>(...)</xAnon>z 10.06.2008 r., nr 158, poz.1831) w razie stwierdzenia braku ważnego biletu na przejazd osoby lub przewóz bagażu pasażer jest zobowiązany do uiszczenia należności przewozowej wraz z opłatą dodatkową, które wynosiły w niniejszej sprawie odpowiednio 1,20 zł i 120 zł.</xText>
          <xText>Obowiązkiem procesowym obciążającym stronę powodową było zatem wykazanie istnienia roszczenia względem pozwanego z tytułu przejazdu przez pozwanego środkami komunikacji publicznej strony powodowej bez ważnego biletu. Zdaniem Sądu strona powodowa wykazała istnienie ww. roszczenia względem pozwanego, albowiem z ustalonego stanu faktycznego wynika, że pozwany taki przejazd w dniu 24 lipca 2011 r. odbył, a nadto doręczono mu jednocześnie wezwanie do zapłaty żądanej przez stronę pozwaną kwoty, której to pozwany dotychczas nie uiścił. Jednakże zarzut przedawnienia roszczenia strony powodowej okazał się zasadny, choć nie na podstawie prawnej wskazanej przez kuratora pozwanego. W sprawie nie ma bowiem zastosowania <xLexLink xArt="art. 778" xIsapId="WDU19640160093" xTitle="Ustawa z dnia 23 kwietnia 1964 r. - Kodeks cywilny" xAddress="Dz. U. z 1964 r. Nr 16, poz. 93">art. 778 Kc</xLexLink> wskazany przez kuratora pozwanego, lecz na zasadzie przepisów szczególnych odpowiednie uregulowania <xLexLink xArt="" xIsapId="WDU19840530272" xTitle="Ustawa z dnia 15 listopada 1984 r. - Prawo przewozowe" xAddress="Dz. U. z 1984 r. Nr 53, poz. 272">ustawy z dnia 15.11.1984 r. – Prawo przewozowe</xLexLink>. Zgodnie bowiem z art. 1 ust.1 tej ustawy reguluje ona przewóz osób i rzeczy, wykonywany odpłatnie na podstawie umowy, przez uprawnionych do tego przewoźników, z wyjątkiem transportu morskiego, lotniczego i konnego. Zgodnie z art. 33a. ust 3 ww. ustawy, w razie stwierdzenia braku odpowiedniego dokumentu przewozu przewoźnik lub organizator publicznego transportu zbiorowego albo osoba przez niego upoważniona pobiera właściwą należność za przewóz i opłatę dodatkową albo wystawia wezwanie do zapłaty. Zgodnie z art. 77. ust. 1 i ust. 3 pkt 4 roszczenia z tytułu należności przewozowych przedawniają się z upływem roku. Jednakże zgodnie z art. 75. ust. 1 ww. ustawy dochodzenie roszczeń w postępowaniu sądowym na podstawie ustawy lub przepisów wydanych w jej wykonaniu przysługuje uprawnionemu po bezskutecznym wyczerpaniu drogi reklamacji, przewoźnikowi zaś - po bezskutecznym wezwaniu zobowiązanego do zapłaty. Zgodnie zaś z ust. 2 tego przepisu wezwanie do zapłaty uważa się za bezskuteczne, jeżeli dłużnik nie zapłacił dochodzonych należności w terminie 3 miesięcy od dnia doręczenia wezwania do zapłaty. Z przepisem tym związany jest art. 77. ust. 4 ww. ustawy zgodnie z którym, bieg przedawnienia zawiesza się na okres od dnia wezwania do zapłaty do dnia udzielenia odpowiedzi na wezwanie do zapłaty, najwyżej jednak na okres przewidziany do załatwienia wezwania do zapłaty.</xText>
          <xText>Skoro w niniejszej sprawie wezwanie pozwanego do zapłaty należności przewozowej zostało dokonane w dniu 24 lipca 2011 r. to termin do załatwienia wezwania do zapłaty upłynął bezskutecznie bez zapłaty należności po 3 miesiącach tj. w dniu 24 października 2011 r., a zatem od dnia następnego tj. od dnia 25 października zaczęło biec przedawnienie roszczenia strony powodowej (wynoszący rok czasu, zgodnie z art. 77 ww. ustawy) którego termin upłynął w dniu 25 października 2012 r. (zgodnie z <xLexLink xArt="art. 112" xIsapId="WDU19640160093" xTitle="Ustawa z dnia 23 kwietnia 1964 r. - Kodeks cywilny" xAddress="Dz. U. z 1964 r. Nr 16, poz. 93">art. 112 Kc</xLexLink>). Tymczasem czynność, którą można by uznać za czynność przerywającą bieg przedawnienia roszczenia w rozumieniu <xLexLink xArt="art. 123;art. 123 § 1;art. 123 § 1 pkt. 1" xIsapId="WDU19640160093" xTitle="Ustawa z dnia 23 kwietnia 1964 r. - Kodeks cywilny" xAddress="Dz. U. z 1964 r. Nr 16, poz. 93">art. 123 § 1 pkt 1 Kc</xLexLink>, tj. wniesienie pozwu do sądu, strona powodowa dokonała dopiero w dniu następnym tj. 26 października 2012 r. co do przerwania biegu przedawnienia doprowadzić nie mogło, wobec wcześniejszego upływu jego terminu. Słusznie też kurator podniósł, że strona powodowa nie wykazała, że nastąpiło jakieś zdarzenie, które spowodowałoby wcześniejsze przerwanie biegu przedawnienia. Z uwagi na powyższe powództwo ulegało oddaleniu.</xText>
          <xText>Mając na uwadze wynik procesu i zasadę obciążenia kosztami procesu strony przegrywającej – <xLexLink xArt="art. 98" xIsapId="WDU19640430296" xTitle="Ustawa z dnia 17 listopada 1964 r. - Kodeks postępowania cywilnego" xAddress="Dz. U. z 1964 r. Nr 43, poz. 296">art. 98 Kpc</xLexLink> – Sąd przyznał kuratorowi pozwanego – adw. <xAnon>U. T.</xAnon> prowadzącej Kancelarię Adwokacką w <xAnon>Ś.</xAnon> wynagrodzenie za pełnienie tej funkcji w kwocie 60 zł (<xLexLink xArt="§ 3;§ 3 ust. 2" xIsapId="WDU19820270197" xTitle="Rozporządzenie Ministra Sprawiedliwości z dnia 28 sierpnia 1982 r. w sprawie stawek, warunków przyznawania i wypłaty ryczałtu przysługującego sędziom i pracownikom sądowym za dokonanie oględzin oraz stawek należności kuratorów" xAddress="Dz. U. z 1982 r. Nr 27, poz. 197">§ 3 ust. 2 Rozporządzenia Ministra Sprawiedliwości z dnia 28.08.1982 r.</xLexLink> w sprawie m.in. stawek należności kuratorów w zw. z <xLexLink xArt="§ 6;§ 6 pkt. 1" xIsapId="WDU20021631348" xTitle="Rozporządzenie Ministra Sprawiedliwości z dnia 28 września 2002 r. w sprawie opłat za czynności adwokackie oraz ponoszenia przez Skarb Państwa kosztów nieopłaconej pomocy prawnej udzielonej z urzędu" xAddress="Dz. U. z 2002 r. Nr 163, poz. 1348">§ 6 pkt 1 Rozporządzenia Ministra Sprawiedliwości z dnia 28.09.2002 r. w sprawie opłat za czynności adwokackie oraz ponoszenia przez Skarb Państwa kosztów nieopłaconej pomocy prawnej udzielonej z urzędu</xLexLink>) powiększone o 13,80 zł tytułem obowiązującej stawki podatku VAT (23 %), płatne z zaliczki uiszczonej na ten cel przez stronę powodową (§ 21 ww. Rozporządzenia z 28.09.2002 r.).</xText>
          <xText>.</xText>
        </xUnit>
      </xBlock>
    </xPart>
  </judgement>
<judgement id="155005300000503_I_C_001182_2013_Uz_2013-11-25_001">
    <xPart xEditorFullName="Dagmara Nieścierowicz" xYear="2013" xLang="PL" xPublisherFullName="Dagmara Nieścierowicz" xFromPg="1" xEditor="niesda00m" xVolType="15/500530/0000503/C" xPublisher="niesda00m" xDocType="Uz" xVolNmbr="001182" xVersion="1.0" xToPage="1" xFlag="published">
      <xName>Wyrok+Uzasadnienie</xName>
      <xBlock>
        
        <xText>Sygn. akt I C 1182/13</xText>
        
        <xUnit xIsTitle="true" xBold="true" xType="part">
          <xName>WYROK ZAOCZNY</xName>
          <xTitle>W IMIENIU RZECZYPOSPOLITEJ POLSKIEJ</xTitle>
          <xText xALIGNx="right">Dnia 7 listopada 2013 r.</xText>
          
          <xText>Sąd Rejonowy w Zgorzelcu Wydział I Cywilny</xText>
          <xText>w składzie:</xText>
          <xText>Przewodniczący: SSR Maciej Dubrowski</xText>
          <xText>Protokolant: Ewelina Pługowska</xText>
          <xText>na rozprawie po rozpoznaniu w dniu 7 listopada 2013 r. w Zgorzelcu sprawy</xText>
          <xText>z powództwa <xBx><xAnon> (...) S.a</xAnon><xAnon>(...)</xAnon> w <xAnon>(...)</xAnon></xBx></xText>
          <xText>przeciwko <xBx><xAnon>T. Z.</xAnon></xBx></xText>
          <xText>o zapłatę</xText>
          
          <xText>powództwo oddala</xText>
          
          <xText>Sygn. akt I C 1182/13-upr</xText>
        </xUnit>
        <xUnit xIsTitle="true" xBold="true" xType="part">
          <xName>UZASADNIENIE</xName>
          <xText>Powód <xAnon> (...)</xAnon><xAnon>(...)</xAnon>z siedzibą w <xAnon>L.</xAnon> w dniu 11-06-2013r. wniósł do Sądu Rejonowego Lublin-Zachód w Lublinie pozew w elektronicznym postępowaniu upominawczym przeciwko <xAnon>T. Z.</xAnon> o zapłatę kwoty 289,00 zł z ustawowymi odsetkami od poszczególnych kwot i dat wymagalności do dnia zapłaty oraz o zwrot kosztów procesu. W uzasadnieniu pozwu wskazał, że na podstawie umowy cesji nabył od <xAnon> firmy (...) S.A.</xAnon> prawa do wierzytelności wobec pozwanego z tytułu niepopłaconego abonamentu, a kwota dochodzona pozwem wynika z częściowego wykazu wierzytelności do umowy o przelew wierzytelności z dnia 03-07-2012r.</xText>
          <xText>Postanowieniem z dnia 10-07-2013r. Sąd Rejonowy Lublin-Zachód w Lublinie o sygn. VI Nc-e 1411541/13 stwierdził brak podstaw do wydania nakazu w elektronicznym postępowaniu upominawczymi przekazał rozpoznanie sprawy do tutejszego Sądu. (k.-7)</xText>
          <xText>Powód uzupełniając pozew do potrzeb obecnego trybu postępowania podtrzymał pozew w całości przedkładając ksero umowy sprzedaży wierzytelności i ksero częściowego wykazu wierzytelności.</xText>
          <xText>Pozwany na rozprawie w dniu 07-11-2013r. nie stawił się i nie złożył też odpowiedzi na pozew.</xText>
          <xText xALIGNx="center">
            <xBx>Sąd ustalił następujący stan faktyczny :</xBx>
          </xText>
          <xText>Umową z 3 lipca 2012 roku <xAnon> (...) S.A.</xAnon> w <xAnon>W.</xAnon> zbył swoje wierzytelności na rzecz <xAnon> (...)</xAnon>.<xAnon>(...)</xAnon></xText>
          <xText>(dowód: umowa ramowa przelewu wierzytelności – k. 14v-15)</xText>
          <xText xALIGNx="center">
            <xBx>Sąd zważył, co następuje:</xBx>
          </xText>
          <xText>Powództwo jako nieuzasadnione i nieudowodnione, należało oddalić.</xText>
          <xText>Warunkiem bowiem otrzymania należności przez nabywcę długu jest udowodnienie, że takie prawo przysługiwało pierwotnemu wierzycielowi [<xLexLink xArt="art. 509" xIsapId="WDU19640160093" xTitle="Ustawa z dnia 23 kwietnia 1964 r. - Kodeks cywilny" xAddress="Dz. U. z 1964 r. Nr 16, poz. 93">art. 509 kc</xLexLink>]. Pozew natomiast nie zawierał żadnego dowodu na istnienie zobowiązań pozwanego wobec <xAnon> (...) S.A.</xAnon> w <xAnon>W.</xAnon>.</xText>
          <xText>Powód nie powołał się na treść ani nie przedłożył -umowy pomiędzy zbywcą a pozwanym, nie przedłożył również powoływanych w pozwie faktur -ograniczając swoje twierdzenia faktyczne i załączając dowody ograniczające się w zasadzie do stwierdzenia samego faktu cesji wierzytelności. Nie wiadomo więc czego dotyczą faktury, co było podstawą ich wystawienia, a tym samym Sąd nie miał możliwości ustalenia istnienia i zasadności roszczenia. /<xLexLink xArt="art. 505(5);art. 505(5) § 1" xIsapId="WDU19640430296" xTitle="Ustawa z dnia 17 listopada 1964 r. - Kodeks postępowania cywilnego" xAddress="Dz. U. z 1964 r. Nr 43, poz. 296">art 505 <xSUPx>5</xSUPx>§1 k.p.c.</xLexLink>/.</xText>
          <xText>W przypadku nie podjęcia obrony przez pozwanego stosownie do <xLexLink xArt="art. 339;art. 339 § 2" xIsapId="WDU19640430296" xTitle="Ustawa z dnia 17 listopada 1964 r. - Kodeks postępowania cywilnego" xAddress="Dz. U. z 1964 r. Nr 43, poz. 296">art. 339 § 2 k.p.c.</xLexLink> w którym określono podstawę formalną wyroku zaocznego, sąd - jeżeli nie ma uzasadnionych wątpliwości - zobligowany jest do uznania podanej przez powoda podstawy faktycznej (tj. twierdzeń powoda o okolicznościach faktycznych) za zgodną z prawdą bez przeprowadzania postępowania dowodowego. Niezależnie od ustalenia podstawy faktycznej sąd zawsze jest zobowiązany rozważyć, czy żądanie pozwu jest zasadne w świetle norm prawa materialnego. Negatywny wynik takiej analizy powoduje wydanie wyroku zaocznego oddalającego powództwo (por. m.in. wyrok SN z dnia 7 czerwca 1972 r., III CRN 30/72, LEX nr 7094).</xText>
          <xText>Opis stanu faktycznego przedstawiony w pozwie przez zawodowego pełnomocnika materialno-prawną podstawę wskazuje w sposób nienadający się do odtworzenia jej treści jak również nieznana jest daty powstania takiej normy. Powód nie wyjaśnił dlaczego faktury były wystawione w jednego dnia płatne miałyby być dwa lata później w różnych terminach i wysokościach. Nie wskazał również jakiego okresu dotyczyły te płatności. Należy więc uznać, iż pozew nie opiera się o materialno-prawnej podstawie rozumianej jako indywidualno-konkretna norma prawna wynikająca z określonego stosunku obligacyjnego, z którego wynika obowiązek świadczenia dłużnika, określonego zobowiązania pieniężnego. Wysokość roszczeń powoda również budzi wątpliwości.</xText>
          <xText>Braki, niedokładności, przemilczenia w zakresie podstawy faktycznej i prawnej pozwu obciążają powoda reprezentowanego z resztą przez zawodowego pełnomocnika. [<xLexLink xArt="art. 6" xIsapId="WDU19640160093" xTitle="Ustawa z dnia 23 kwietnia 1964 r. - Kodeks cywilny" xAddress="Dz. U. z 1964 r. Nr 16, poz. 93">art 6 k.c.</xLexLink> i <xLexLink xArt="art. 3" xIsapId="WDU19640430296" xTitle="Ustawa z dnia 17 listopada 1964 r. - Kodeks postępowania cywilnego" xAddress="Dz. U. z 1964 r. Nr 43, poz. 296">3 k.p.c.</xLexLink>] Podkreślanie wymaga, iż zgodnie z obowiązującymi obecnie zasadami postępowania dowodowego zakładającymi prekluzję dowodową [<xLexLink xArt="art. 207" xIsapId="WDU19640430296" xTitle="Ustawa z dnia 17 listopada 1964 r. - Kodeks postępowania cywilnego" xAddress="Dz. U. z 1964 r. Nr 43, poz. 296">art 207</xLexLink> &amp; 6 <xLexLink xArt="" xIsapId="WDU19640430296" xTitle="Ustawa z dnia 17 listopada 1964 r. - Kodeks postępowania cywilnego" xAddress="Dz. U. z 1964 r. Nr 43, poz. 296">k.p.c.</xLexLink>] ostatnim momentem na poprawienie pozwu było jego uzupełnienia do potrzeb trybu uproszczonego po stwierdzeniu braku podstaw przez sąd do wydanie upominawczego nakazu w elektronicznym postępowaniu upominawczym. Decyzja e-sądu powinna dla powoda stanowić ostrzeżenie, że jego pozew nawet nie uprawdopodobnia zgłoszonego roszczenia. Powód nie uzupełniając, nieuściślająca swoich twierdzeń, albo robiąc to w nie w całości, nie powinien być zdziwiony, tym że sąd w postępowaniu uproszczonym podzieli ocenę e-sądu w całości. Zwłaszcza, że późniejsze zgłoszenie przez powoda dowodów na podstawowe okoliczności, na których oparty był pozew, byłoby już bezskuteczne i podlegałoby oddaleniu.</xText>
          <xText>Mając powyższe na uwadze roszczenie powoda jako co do zasady bezzasadne lub nieudowodnione podlegało oddaleniu.</xText>
          <xText>. Mając na uwadze powyższe orzeczono jak w sentencji</xText>
        </xUnit>
      </xBlock>
    </xPart>
  </judgement>
<judgement id="155010000002521_V_U_000689_2013_Uz_2013-11-25_001">
    <xPart xEditorFullName="Elżbieta Smektała" xYear="2013" xLang="PL" xPublisherFullName="Elżbieta Smektała" xFromPg="1" xEditor="e.smektala" xVolType="15/501000/0002521/U" xPublisher="e.smektala" xDocType="Uz" xVolNmbr="000689" xVersion="1.0" xToPage="5" xFlag="published">
      <xName>Wyrok+Uzasadnienie</xName>
      <xBlock>
        <xText xALIGNx="left">
          <xBx>Sygn. akt : VU 689/13 </xBx>
        </xText>
        <xUnit xIsTitle="true" xBold="true" xType="part">
          <xName>WYROK</xName>
          <xTitle>W IMIENIU RZECZYPOSPOLITEJ POLSKIEJ</xTitle>
          <xText>Dnia 7 listopada 2013 roku</xText>
          
          <xText>
            <xBx>Sąd Okręgowy - Sąd Pracy i Ubezpieczeń Społecznych w Legnicy</xBx>
          </xText>
          
          <xText>w składzie:</xText>
          
          <xText>
            <xBx>Przewodniczący: SSO Regina Stępień</xBx>
          </xText>
          
          <xText><xBx>Protokolant</xBx>: Klaudia Treter</xText>
          
          <xText xALIGNx="left">
            <xBx>
              <xUx>po rozpoznaniu w dniu 7 listopada 2013 r. w Legnicy</xUx>
            </xBx>
          </xText>
          
          <xText>
            <xBx>sprawy z wniosku</xBx>
            <xAnon>K. C.</xAnon>
          </xText>
          
          <xText><xBx>przeciwko</xBx> Zakładowi Ubezpieczeń Społecznych Oddział w <xAnon>L.</xAnon></xText>
          
          <xText><xBx>o</xBx> wyrównanie emerytury</xText>
          
          <xText>
            <xBx>na skutek odwołania</xBx>
            <xAnon>K. C.</xAnon>
          </xText>
          
          <xText><xBx>od decyzji</xBx> Zakładu Ubezpieczeń Społecznych Oddział w <xAnon>L.</xAnon></xText>
          
          <xText><xBx>z dnia </xBx>21 marca 2013  roku</xText>
          
          <xText>
            <xBx>znak</xBx>
            <xAnon> (...)</xAnon>
          </xText>
          
          <xText xALIGNx="center">
            <xBx>
              <xIx>oddala odwołanie.</xIx>
            </xBx>
          </xText>
          
          <xText>
            <xBx>sygn. akt VU 689/13</xBx>
          </xText>
        </xUnit>
        <xUnit xIsTitle="true" xBold="true" xType="part">
          <xName>UZASADNIENIE</xName>
          <xText>Wnioskiem z dnia 29 listopada 2012r. <xAnon>K. C.</xAnon> domagała się wznowienia wypłaty emerytury zawieszonej na mocy decyzji z dni 20 września 2011r. oraz wypłaty wyrównania za okres od 1 października 2011r. związku z orzeczeniem Trybunału Konstytucyjnego z dnia 13 listopada 2012r. zapadłym w sprawie o sygn. akt K 2/12.</xText>
          <xText>Decyzją z 4 stycznia 2013r. Zakład Ubezpieczeń Społecznych Oddział w <xAnon>L.</xAnon> podjął wypłatę emerytury na rzecz wnioskodawczyni od 22 listopada 2012 r. tj. od dnia opublikowania wyroku Trybunału Konstytucyjnego.</xText>
          <xText>W decyzji z dnia 21 marca 2013r. Zakład Ubezpieczeń Społecznych Oddział w <xAnon>L.</xAnon> odmówił wnioskodawczyni uchylenia decyzji z dnia 20 września 2011r. w części, w jakiej decyzja ta zawiesza, na podstawie <xLexLink xArt="art. 28" xIsapId="WDU20102571726" xTitle="Ustawa z dnia 16 grudnia 2010 r. o zmianie ustawy o finansach publicznych oraz niektórych innych ustaw" xAddress="Dz. U. z 2010 r. Nr 257, poz. 1726">art. 28 ustawy z dnia 16 grudnia 2010r. o zmianie ustawy o finansach publicznych oraz niektórych innych ustaw</xLexLink> w związku z <xLexLink xArt="art. 103 a" xIsapId="WDU19981621118" xTitle="Ustawa z dnia 17 grudnia 1998 r. o emeryturach i rentach z Funduszu Ubezpieczeń Społecznych" xAddress="Dz. U. z 1998 r. Nr 162, poz. 1118">art. 103a ustawy z dnia 17 grudnia 1998r. o emeryturach i rentach z Funduszu Ubezpieczeń Społecznych</xLexLink>, prawo do emerytury za okres od dnia 1 października 2011r. do dnia 21 listopada 2012 r.</xText>
          <xText>W uzasadnieniu decyzji organ rentowy wskazał, iż na skutek decyzji z dnia 20 września 2011r. wnioskodawczyni wstrzymano wypłatę emerytury od dnia 1 października 2011r. Po rozpoznaniu wniosku z dnia 29 listopada 2012r., organ rentowy podjął wypłatę emerytury od dnia 22 listopada 2012r. z uwagi na treść wyroku Trybunału Konstytucyjnego z dnia 13 listopada 2012r., zgodnie z którym <xLexLink xArt="art. 28" xIsapId="WDU20102571726" xTitle="Ustawa z dnia 16 grudnia 2010 r. o zmianie ustawy o finansach publicznych oraz niektórych innych ustaw" xAddress="Dz. U. z 2010 r. Nr 257, poz. 1726">art. 28 ustawy z dnia 16 grudnia 2010 r. o zmianie ustawy o finansach publicznych oraz niektórych innych ustaw w zw. z art. 103a ustawy z dnia 17 grudnia 1998r.</xLexLink> o emeryturach i rentach z Funduszu Ubezpieczeń Społecznych jest niezgodny z zasadą ochrony zaufania obywatela do państwa i stanowionego przez nie prawa wynikającą z <xLexLink xArt="art. 2" xIsapId="WDU19970780483" xTitle="Konstytucja Rzeczypospolitej Polskiej z dnia 2 kwietnia 1997 r." xAddress="Dz. U. z 1997 r. Nr 78, poz. 483">art. 2 Konstytucji Rzeczypospolitej Polskiej</xLexLink>. Organ rentowy zauważył, iż przedmiotowy wyrok wszedł w życie z chwilą ogłoszenia w Dzienniku Ustaw, tj. z dniem 22 listopada 2012r. Zatem nie jest zasadne uchylenie decyzji z dnia 20 września 2011r. w części, w jakiej decyzja ta dotyczy zawieszenia prawa do emerytury za okres od dnia 1 października 2011r. do dnia 21 listopada 2012r., co oznacza brak podstaw do wypłaty wyrównania za wskazany okres.</xText>
          <xText>Odwołanie od powyższej decyzji wniosła <xAnon>K. C.</xAnon> domagając się przyznania wyrównania należnej emerytury za okres od 01 października 2011 r. do dnia 21 listopada 2012 r.</xText>
          <xText>W odpowiedzi na odwołanie organ rentowy wnosił o jej oddalenie, argumentując jak w zaskarżonej decyzji.</xText>
          
          <xText xALIGNx="center">
            <xBx>Sąd ustalił:</xBx>
          </xText>
          
          <xText>Decyzją z dnia 9 czerwca 2008r. Zakład Ubezpieczeń Społecznych Oddział w <xAnon>L.</xAnon>przyznał wnioskodawczyni prawo do emerytury od 1 sierpnia 2008r. Na dzień przyznania emerytury wnioskodawczyni była zatrudniona w <xAnon>(...)</xAnon> Inspektoracie <xAnon>(...)</xAnon>we <xAnon>W.</xAnon>. Organ rentowy wstrzymał wypłatę świadczenia wskazując, że wypłata emerytury podlega zawieszeniu, gdyż wnioskodawczyni kontynuowała zatrudnienie u pracodawcy, na rzecz którego praca ta była wykonywana bezpośrednio przed dniem nabycia prawa do emerytury.</xText>
          <xText>Decyzją z dnia 8 czerwca 2010r. Zakład Ubezpieczeń ustalił ponownie wysokość emerytury należnej wnioskodawczyni od 8 maja 2010r. (po osiągnięciu powszechnego wieku emerytalnego). Wobec faktu, iż tak ustalona emerytura była niższa od dotychczas wypłacanej – kontynuowano wypłatę emerytury przyznanej decyzją z 9 czerwca 2008r.</xText>
          <xText>Decyzją z 20 września 2011r. organ rentowy, na podstawie <xLexLink xArt="art. 28" xIsapId="WDU20102571726" xTitle="Ustawa z dnia 16 grudnia 2010 r. o zmianie ustawy o finansach publicznych oraz niektórych innych ustaw" xAddress="Dz. U. z 2010 r. Nr 257, poz. 1726">art. 28 ustawy z dnia 16 grudnia 2010 r. o zmianie ustawy o finansach publicznych oraz niektórych innych ustaw</xLexLink> (Dz. U. z 2010 r., nr 257, poz. 1726) z urzędu wstrzymał wypłatę emerytury od 1 października 2011 r. Wskazał, iż prawo do świadczenia podlega zawieszeniu, bowiem wnioskodawczyni pozostaje w zatrudnieniu.</xText>
          <xText>W dniu 29 listopada 2012 r. <xAnon>K. C.</xAnon> złożyła wniosek o podjęcie wypłaty świadczenia emerytalnego oraz o wypłatę zaległych świadczeń emerytalnych wnioskodawczyni, w następstwie którego organ rentowy wydał decyzje opisane w części wstępnej niniejszego uzasadnienia.</xText>
          <xText>
            <xIx>/bezsporne/</xIx>
          </xText>
          <xText xALIGNx="center">
            <xBx>Sąd zważył:</xBx>
          </xText>
          
          <xText>Odwołanie wnioskodawczyni jest nie uzasadnione.</xText>
          
          <xText>Wyrokiem z dnia 13 listopada 2012 r. Trybunał Konstytucyjny w sprawie sygn. akt K 2/12 orzekł, iż <xLexLink xArt="art. 28" xIsapId="WDU20102571726" xTitle="Ustawa z dnia 16 grudnia 2010 r. o zmianie ustawy o finansach publicznych oraz niektórych innych ustaw" xAddress="Dz. U. z 2010 r. Nr 257, poz. 1726">art. 28 ustawy z dnia 16 grudnia 2010r. o zmianie ustawy o finansach publicznych oraz niektórych innych ustaw w związku z art. 103a ustawy o emeryturach i rentach</xLexLink> z FUS dodanym przez <xLexLink xArt="art. 6;art. 6 pkt. 2" xIsapId="WDU20102571726" xTitle="Ustawa z dnia 16 grudnia 2010 r. o zmianie ustawy o finansach publicznych oraz niektórych innych ustaw" xAddress="Dz. U. z 2010 r. Nr 257, poz. 1726">art. 6 pkt 2 ustawy z dnia 16 grudnia 2010 r.</xLexLink>, w zakresie, w jakim znajduje zastosowanie do osób, które nabyły prawo do emerytury przed 1 stycznia 2011r., bez konieczności rozwiązania stosunku pracy, jest niezgodny z zasadą ochrony zaufania obywatela do państwa i stanowionego przez nie prawa wynikającą z <xLexLink xArt="art. 2" xIsapId="WDU19970780483" xTitle="Konstytucja Rzeczypospolitej Polskiej z dnia 2 kwietnia 1997 r." xAddress="Dz. U. z 1997 r. Nr 78, poz. 483">art. 2 Konstytucji Rzeczypospolitej Polskiej</xLexLink>. Sentencja wyroku została ogłoszona w dniu 22 listopada 2012 r. (Dz. U. poz. 1285).</xText>
          <xText>Podstawowy problem w rozpatrywanej przez Trybunał Konstytucyjny sprawie dotyczył oceny czy ustawodawca, rozciągając obowiązek rozwiązania stosunku pracy z dotychczasowym pracodawcą jako jeden z warunków nabycia prawa do emerytury na osoby, które skutecznie nabyły prawo do przedmiotowego świadczenia w okresie od 8 stycznia 2009 r. do 31 grudnia 2010 r., nie naruszył zasady zaufania do państwa i stanowionego przez nie prawa. W tym okresie nabycie prawa do emerytury następowało niezależnie od pozostawaniu przez ubezpieczonego w zatrudnieniu. Trybunał podkreślił, że zasada ochrony zaufania do państwa i stanowionego przez nie prawa przejawia się w takim stanowieniu i stosowaniu prawa przez państwo, by obywatela mógł realizować swoje prawa w zaufaniu, że nie naraża się na skutki, których nie był w stanie przewidzieć. Trybunał Konstytucyjny uznał, że rozwiązanie przyjęte przez ustawodawcę w art. 28 ustawy z 16 grudnia 2010 r. spowodowało, że osoby, które skutecznie nabyły i zrealizowały prawo do emerytury w okresie od 8 stycznia 2009 r. do 31 grudnia 2010 r. zostały objęte nową, mniej korzystną dla nich treścią ryzyka emerytalnego, co naruszyło konstytucyjną zasadę zaufania obywateli do państwa.</xText>
          <xText>Przenosząc powyższe na grunt niniejszej sprawy należy zauważyć, iż przedmiotowe rozstrzygnięcie Trybunału Konstytucyjnego nie znajduje zastosowania do skarżącej, skoro prawo do emerytury zostało jej przyznane decyzją <xUx>z dnia 9 czerwca 2008r.,</xUx> tj. w stanie prawnym, w którym obowiązywał przepis art. 103 ust. 2 a ustawy emerytalnej, będący w swej treści odpowiednikiem aktualnie obowiązującego art. 103 a ustawy emerytalnej. Przepis ten stanowił, że prawo do emerytury ulega zawieszeniu bez względu na wysokość przychodu uzyskiwanego przez emeryta z tytułu zatrudnienia kontynuowanego bez uprzedniego rozwiązania stosunku pracy z pracodawcą, na rzecz którego wykonywał ją bezpośrednio przed dniem nabycia prawa do emerytury, ustalonym w decyzji organu rentowego. Z powyższego wynika, że w porządku prawnym, w którym ubezpieczona nabyła prawo do świadczenia emerytalnego nie było możliwości pobierania tego świadczenia bez rozwiązania stosunku pracy z ostatnim pracodawcą, na rzecz którego ubezpieczona wykonywała zatrudnienie po wydaniu decyzji ustalającej prawo do emerytury.</xText>
          <xText>Bez znaczenia dla rozstrzygnięcia niniejszej sprawy pozostaje też okoliczność przeliczenia wnioskodawczyni emerytury w związku z osiągnięciem powszechnego wieku emerytalnego na mocy decyzji organu rentowego z dnia 8 czerwca 2010r.</xText>
          
          <xText>Mając powyższe na uwadze, sąd na podstawie <xLexLink xArt="art. 477(14);art. 477(14) § 1" xIsapId="WDU19640430296" xTitle="Ustawa z dnia 17 listopada 1964 r. - Kodeks postępowania cywilnego" xAddress="Dz. U. z 1964 r. Nr 43, poz. 296">art. 477<xSUPx>14</xSUPx> § 1 k.p.c.</xLexLink> orzekł jak w sentencji wyroku.</xText>
        </xUnit>
      </xBlock>
    </xPart>
  </judgement>
<judgement id="150505000004006_VIII_Ka_000359_2013_Uz_2013-07-04_001">
    <xPart xEditorFullName="Ewa Fiedorczuk" xYear="2013" xLang="PL" xPublisherFullName="Iwona Sacharewicz" xFromPg="1" xEditor="ewafie" xVolType="15/050500/0004006/Ka" xPublisher="iwosac" xDocType="Uz" xVolNmbr="000359" xVersion="1.0" xToPage="2" xFlag="published">
      <xName>Wyrok+Uzasadnienie</xName>
      <xBlock>
        <xText>
          <xBx>Sygn. akt VIII Ka 359/13</xBx>
        </xText>
        <xUnit xIsTitle="true" xBold="true" xType="part">
          <xName>WYROK</xName>
          <xTitle>W IMIENIU RZECZYPOSPOLITEJ POLSKIEJ</xTitle>
          <xText>Dnia 04 lipca 2013 roku</xText>
          <xText>Sąd Okręgowy w Białymstoku VIII Wydział Karny Odwoławczy w składzie:</xText>
          <xText>Przewodniczący <xBx> SSO Przemysław Wasilewski </xBx></xText>
          <xText>Protokolant Aneta Chardziejko</xText>
          <xText>przy udziale Prokuratora Prokuratury Okręgowej w Białymstoku Wiesławy Sawośko-Grębowskiej</xText>
          <xText>po rozpoznaniu w dniu 04 lipca 2013 roku</xText>
          <xText>sprawy <xAnon>B. Ł.</xAnon></xText>
          <xText>oskarżonego o czyny z <xLexLink xArt="art. 278;art. 278 § 1" xIsapId="WDU19970880553" xTitle="Ustawa z dnia 6 czerwca 1997 r. - Kodeks karny" xAddress="Dz. U. z 1997 r. Nr 88, poz. 553">art. 278 § 1 k.k.</xLexLink> w zw. z <xLexLink xArt="art. 64;art. 64 § 1" xIsapId="WDU19970880553" xTitle="Ustawa z dnia 6 czerwca 1997 r. - Kodeks karny" xAddress="Dz. U. z 1997 r. Nr 88, poz. 553">art. 64 § 1 k.k.</xLexLink>, <xLexLink xArt="art. 278;art. 278 § 1" xIsapId="WDU19970880553" xTitle="Ustawa z dnia 6 czerwca 1997 r. - Kodeks karny" xAddress="Dz. U. z 1997 r. Nr 88, poz. 553">art. 278 § 1 k.k.</xLexLink> w zw. z <xLexLink xArt="art. 64;art. 64 § 1" xIsapId="WDU19970880553" xTitle="Ustawa z dnia 6 czerwca 1997 r. - Kodeks karny" xAddress="Dz. U. z 1997 r. Nr 88, poz. 553">art. 64 § 1 k.k.</xLexLink> w zw. z <xLexLink xArt="art. 12" xIsapId="WDU19970880553" xTitle="Ustawa z dnia 6 czerwca 1997 r. - Kodeks karny" xAddress="Dz. U. z 1997 r. Nr 88, poz. 553">art. 12 k.k.</xLexLink>;</xText>
          <xText>na skutek apelacji wniesionej przez oskarżonego</xText>
          <xText>od wyroku Sądu Rejonowego w Białymstoku</xText>
          <xText>z dnia 28 stycznia 2013 roku, sygnatura akt XV K 1790/12</xText>
          
          <xUnit xIsTitle="false" xType="none">
            <xName xSffx=".">I</xName>
            <xText>
              <xBx>Zaskarżony wyrok utrzymuje w mocy uznając apelację za oczywiście bezzasadną.</xBx>
            </xText>
          </xUnit>
          <xUnit xIsTitle="false" xType="none">
            <xName xSffx=".">II</xName>
            <xText>
              <xBx>Zwalnia oskarżonego od ponoszenia kosztów sądowych za postępowanie odwoławcze.</xBx>
            </xText>
          </xUnit>
        </xUnit>
        <xUnit xIsTitle="true" xBold="true" xType="part">
          <xName>UZASADNIENIE</xName>
          <xText><xBx><xAnon>B. Ł.</xAnon></xBx>został oskarżony o to, że:</xText>
          <xText>1. W dniu 8 września 2012 roku w <xAnon>(...)</xAnon>ze <xAnon>sklepu (...)</xAnon>przy <xAnon>ul. (...)</xAnon>dokonał zaboru w celu przywłaszczenia mienia w postaci 6 słoików kawy <xAnon>(...)</xAnon>o masie 200g każde i 3 słoików kawy <xAnon>(...)</xAnon>o masie 200g każde o łącznej wartości 289,89 zł w ten sposób, że ww. towar wystawiony na półkach sklepowych zapakował do torby i bez uiszczenia zapłaty opuścił sklep, czym działał na szkodę <xAnon>(...) S.A.</xAnon>w <xAnon>(...)</xAnon>, przy czym zarzucanego mu czynu dopuścił się w ciągu 5 lat po odbyciu kary 6 miesięcy pozbawienia wolności orzeczonej za podobne przestępstwo umyślne, tj. o czyn z <xLexLink xArt="art. 278;art. 278 § 1" xIsapId="WDU19970880553" xTitle="Ustawa z dnia 6 czerwca 1997 r. - Kodeks karny" xAddress="Dz. U. z 1997 r. Nr 88, poz. 553">art. 278 § 1 k.k.</xLexLink> w zw. z <xLexLink xArt="art. 64;art. 64 § 1" xIsapId="WDU19970880553" xTitle="Ustawa z dnia 6 czerwca 1997 r. - Kodeks karny" xAddress="Dz. U. z 1997 r. Nr 88, poz. 553">art. 64 § 1 k.k.</xLexLink></xText>
          <xText>2. W okresie od dnia 20 września 2012 roku do 22 września 2012 roku w <xAnon>(...)</xAnon>, działając w krótkich odstępach czasu oraz w realizacji z góry powziętego zamiaru, ze <xAnon>sklepu (...)</xAnon>przy <xAnon>ul. (...)</xAnon>dokonał zaboru w celu przywłaszczenia mienia w postaci środków czystości o łącznej wartości 562,81 zł i tak:</xText>
          <xText>- w dniu 20 września 2012 roku zabrał w celu przywłaszczenia sześć sztuk proszku <xAnon> (...)</xAnon>, siedem płynów do prania dywanów <xAnon> (...)</xAnon> wartości 307,93 zł w ten sposób, że ww. towar wystawiony na pólkach sklepowych włożył do torby, a następnie bez uiszczenia zapłaty opuścił sklep,</xText>
          <xText>- w dniu 22 września 2012 roku zabrał w celu przywłaszczenia sześć płynów do prania firanek <xAnon> (...)</xAnon> i sześć sztuk płynów do prania dywanów <xAnon> (...)</xAnon> wartości 254,88 zł w ten sposób, że ww. towar wystawiony na pólkach sklepowych włożył do torby, a następnie bez uiszczenia zapłaty opuścił sklep, czym działał na szkodę <xAnon>A. K.</xAnon>, przy czym zarzucanego mu czynu dopuścił się w ciągu 5 lat po odbyciu kary 6 miesięcy pozbawienia wolności orzeczonej za podobne przestępstwo umyślne, tj. o czyn z <xLexLink xArt="art. 278;art. 278 § 1" xIsapId="WDU19970880553" xTitle="Ustawa z dnia 6 czerwca 1997 r. - Kodeks karny" xAddress="Dz. U. z 1997 r. Nr 88, poz. 553">art. 278 § 1 k.k.</xLexLink> w zw. z <xLexLink xArt="art. 64;art. 64 § 1" xIsapId="WDU19970880553" xTitle="Ustawa z dnia 6 czerwca 1997 r. - Kodeks karny" xAddress="Dz. U. z 1997 r. Nr 88, poz. 553">art. 64 § 1 k.k.</xLexLink> w zw. z <xLexLink xArt="art. 12" xIsapId="WDU19970880553" xTitle="Ustawa z dnia 6 czerwca 1997 r. - Kodeks karny" xAddress="Dz. U. z 1997 r. Nr 88, poz. 553">art. 12 k.k.</xLexLink></xText>
          <xText>3. W okresie od dnia 9 października do 17 października 2012 roku w <xAnon>(...)</xAnon>, działając w krótkich odstępach czasu oraz w realizacji z góry powziętego zamiaru, ze <xAnon>sklepu (...)</xAnon>przy <xAnon>ul. (...)</xAnon>dokonał zaboru w celu przywłaszczenia mienia w postaci kawy <xAnon>(...)</xAnon>o łącznej wartości 282,85 zł i tak:</xText>
          <xText>- w dniu 9 października 2012 roku zabrał w celu przywłaszczenia 7 opakowań kawy <xAnon>(...)</xAnon>o masie 500g każde o wartości 174,93 zł w ten sposób, że ww. towar wystawiony na pólkach sklepowych włożył do torby, a następnie bez uiszczenia zapłaty opuścił sklep,</xText>
          <xText>- w dniu 17 października 2012 roku zabrał w celu przywłaszczenia cztery opakowania kawy <xAnon>(...)</xAnon>o masie 250g każde i 4 opakowania kawy <xAnon>(...)</xAnon><xAnon>(...)</xAnon>o masie 500g każde o wartości 107,92 zł w ten sposób, że ww. towar wystawiony na pólkach sklepowych włożył do torby, a następnie bez uiszczenia zapłaty opuścił sklep, czym działał na szkodę <xAnon>(...)</xAnon>s. j. <xAnon>F.</xAnon>i Wspólnicy, przy czym zarzucanego mu czynu dopuścił się w ciągu 5 lat po odbyciu kary 6 miesięcy pozbawienia wolności orzeczonej za podobne przestępstwo umyślne, tj. o czyn z <xLexLink xArt="art. 278;art. 278 § 1" xIsapId="WDU19970880553" xTitle="Ustawa z dnia 6 czerwca 1997 r. - Kodeks karny" xAddress="Dz. U. z 1997 r. Nr 88, poz. 553">art. 278 § 1 k.k.</xLexLink> w zw. z <xLexLink xArt="art. 64;art. 64 § 1" xIsapId="WDU19970880553" xTitle="Ustawa z dnia 6 czerwca 1997 r. - Kodeks karny" xAddress="Dz. U. z 1997 r. Nr 88, poz. 553">art. 64 § 1 k.k.</xLexLink> w zw. z <xLexLink xArt="art. 12" xIsapId="WDU19970880553" xTitle="Ustawa z dnia 6 czerwca 1997 r. - Kodeks karny" xAddress="Dz. U. z 1997 r. Nr 88, poz. 553">art. 12 k.k.</xLexLink></xText>
          <xText>4. W okresie od dnia 7 listopada do 13 listopada 2012 roku w <xAnon>(...)</xAnon>, działając w krótkich odstępach czasu oraz w realizacji z góry powziętego zamiaru oraz wspólnie i w porozumieniu z nieustaloną osobą ze <xAnon>sklepu (...)</xAnon>przy <xAnon>ul. (...)</xAnon>, dokonał zaboru w celu przywłaszczenia mienia w postaci środków czystości i spożywczych o łącznej wartości 1041,03 zł i tak:</xText>
          <xText>- w dniu 7 listopada 2012 roku zabrał w celu przywłaszczenia 40 sztuk szamponów do włosów, 15 sztuk łososia norweskiego, jednej sztuki polędwiczki, 38 sztuk czekolad, 16 sztuk kapsułek kawy <xAnon>E.</xAnon>, 2 toreb termoizolacyjnych o wartości 935,55 zł, w ten sposób, że ww. towar wystawiony na pólkach sklepowych włożył do torby, a następnie wykorzystując nieuwagę pracowników sklepu bez uiszczenia zapłaty opuścił sklep,</xText>
          <xText>- w dniu 13 listopada 2012 roku usiłował zabrać w celu przywłaszczenia 20 sztuk żelu do kąpieli o wartości 95,48 zł w ten sposób, że ww. towar wystawiony na pólkach sklepowych włożył do torby, a następnie bez uiszczenia zapłaty usiłował opuścić sklep, lecz zamierzonego celu nie osiągnął, bowiem został zatrzymany przez sprzedawcę, czym działał na szkodę <xAnon> (...) S.A.</xAnon> z/s w <xAnon>K.</xAnon>, przy czym zarzucanego mu czynu dopuścił się w ciągu 5 lat po odbyciu kary 6 miesięcy pozbawienia wolności orzeczonej za podobne przestępstwo umyślne, tj. o czyn z <xLexLink xArt="art. 278;art. 278 § 1" xIsapId="WDU19970880553" xTitle="Ustawa z dnia 6 czerwca 1997 r. - Kodeks karny" xAddress="Dz. U. z 1997 r. Nr 88, poz. 553">art. 278 § 1 k.k.</xLexLink> w zw. z <xLexLink xArt="art. 64;art. 64 § 1" xIsapId="WDU19970880553" xTitle="Ustawa z dnia 6 czerwca 1997 r. - Kodeks karny" xAddress="Dz. U. z 1997 r. Nr 88, poz. 553">art. 64 § 1 k.k.</xLexLink> w zw. z <xLexLink xArt="art. 12" xIsapId="WDU19970880553" xTitle="Ustawa z dnia 6 czerwca 1997 r. - Kodeks karny" xAddress="Dz. U. z 1997 r. Nr 88, poz. 553">art. 12 k.k.</xLexLink></xText>
          
          <xText>Sąd Rejonowy w Białymstoku wyrokiem z dnia 28 stycznia 2013 r w sprawie XV K 1790/12;</xText>
          <xUnit xIsTitle="false" xType="none">
            <xName xSffx=".">I</xName>
            <xText>Oskarżonego <xBx><xAnon>B. Ł.</xAnon></xBx>uznał za winnego popełnienia zarzucanych mu czynów w <xLexLink xArt="art. 278 § 1 pkt. 1;art. 278 § 1 pkt. 2;art. 278 § 1 pkt. 3;art. 278 § 1 pkt. 4" xIsapId="WDU19970880553" xTitle="Ustawa z dnia 6 czerwca 1997 r. - Kodeks karny" xAddress="Dz. U. z 1997 r. Nr 88, poz. 553">pkt 1-4</xLexLink> i za to na podstawie <xLexLink xArt="art. 278;art. 278 § 1" xIsapId="WDU19970880553" xTitle="Ustawa z dnia 6 czerwca 1997 r. - Kodeks karny" xAddress="Dz. U. z 1997 r. Nr 88, poz. 553">art. 278 § 1 k.k.</xLexLink> w zw. z <xLexLink xArt="art. 64;art. 64 § 1" xIsapId="WDU19970880553" xTitle="Ustawa z dnia 6 czerwca 1997 r. - Kodeks karny" xAddress="Dz. U. z 1997 r. Nr 88, poz. 553">art. 64 § 1 k.k.</xLexLink> w zw. z <xLexLink xArt="art. 12" xIsapId="WDU19970880553" xTitle="Ustawa z dnia 6 czerwca 1997 r. - Kodeks karny" xAddress="Dz. U. z 1997 r. Nr 88, poz. 553">art. 12 k.k.</xLexLink> skazał go, zaś na podstawie <xLexLink xArt="art. 278;art. 278 § 1" xIsapId="WDU19970880553" xTitle="Ustawa z dnia 6 czerwca 1997 r. - Kodeks karny" xAddress="Dz. U. z 1997 r. Nr 88, poz. 553">art. 278 § 1 k.k.</xLexLink> w zw. z <xLexLink xArt="art. 64;art. 64 § 1" xIsapId="WDU19970880553" xTitle="Ustawa z dnia 6 czerwca 1997 r. - Kodeks karny" xAddress="Dz. U. z 1997 r. Nr 88, poz. 553">art. 64 § 1 k.k.</xLexLink> w zw. z <xLexLink xArt="art. 91;art. 91 § 1" xIsapId="WDU19970880553" xTitle="Ustawa z dnia 6 czerwca 1997 r. - Kodeks karny" xAddress="Dz. U. z 1997 r. Nr 88, poz. 553">art. 91 § 1 k.k.</xLexLink> wymierzył mu karę 3 (trzech) lat pozbawienia wolności,</xText>
          </xUnit>
          <xUnit xIsTitle="false" xType="none">
            <xName xSffx=".">II</xName>
            <xText>Na podstawie <xLexLink xArt="art. 63;art. 63 § 1" xIsapId="WDU19970880553" xTitle="Ustawa z dnia 6 czerwca 1997 r. - Kodeks karny" xAddress="Dz. U. z 1997 r. Nr 88, poz. 553">art. 63 § 1 k.k.</xLexLink> zaliczył oskarżonemu na poczet orzeczonej kary pozbawienia wolności okres jego tymczasowego aresztowania od dnia 13.11.2012 r. do dnia 28.01.2013 r.</xText>
          </xUnit>
          <xUnit xIsTitle="false" xType="none">
            <xName xSffx=".">III</xName>
            <xText>Zwolnił oskarżonego od ponoszenia kosztów sądowych w całości.</xText>
          </xUnit>
          <xText>Apelację od powyższego orzeczenia wniósł oskarżony. W środku zaskarżenia w/w wskazał, że „wyrok jest niewspółmierny do dokonanych przestępstw oraz niepełnych dowodów winy, a Sąd Rejonowy oparł się na przypuszczeniach”.</xText>
          <xText><xAnon>B. Ł.</xAnon> wniósł o uchylenie wyroku i ponowne rozpoznanie sprawy.</xText>
          
          <xText>
            <xBx>Sąd Okręgowy zważył, co następuje:</xBx>
          </xText>
          <xText>Apelacja oskarżonego <xAnon>B. Ł.</xAnon> jest niezasadna w stopniu oczywistym i nie zasługuje na uwzględnienie.</xText>
          <xText>Na początku podkreślić należy, że zarówno na etapie postępowania przygotowawczego (po zgromadzeniu całości materiału dowodowego) oraz przed Sądem oskarżony przyznał się w całości do postawionych zarzutów (k. 220-221, 243-244, 314). Następnie złożył wniosek o wydanie wyroku skazującego bez przeprowadzenia postępowania dowodowego i wymierzenie kary 2 lat pozbawienia wolności. Prokurator zgodził się z propozycją w/w, co do zasady, lecz wskazał, że winna być wymierzona kara pozbawienia wolności w wymiarze 3 lat. Oskarżony wyraził zgodę na powyższą propozycję (k. 314). Oczywiście samo przyznanie się do winy nie jest wystarczającym warunkiem do zakończenia sprawy i wydania wyroku skazującego. Zgodnie z <xLexLink xArt="art. 387;art. 387 § 2" xIsapId="WDU19970890555" xTitle="Ustawa z dnia 6 czerwca 1997 r. - Kodeks postępowania karnego" xAddress="Dz. U. z 1997 r. Nr 89, poz. 555">art. 387 § 2 k.p.k.</xLexLink> podstawowym warunkiem zakończenia postępowania w powyższym trybie jest, aby okoliczności popełnienia przestępstw nie budziły wątpliwości.</xText>
          <xText>W ocenie Sądu Odwoławczego powyższy warunek został spełniony. Trudno odnieść się do apelacji skarżącego, albowiem nie zawiera ona żadnego uzasadnienia zarzutów. Z kontekstu zapisów wynika jedynie, że w ocenie <xAnon>B. Ł.</xAnon> Sąd nieprawidłowo ustalił stan faktyczny przyjęty za podstawę orzeczenia i powyższe mogło mieć wpływ na treść rozstrzygnięcia (<xLexLink xArt="art. 438;art. 438 pkt. 3" xIsapId="WDU19970890555" xTitle="Ustawa z dnia 6 czerwca 1997 r. - Kodeks postępowania karnego" xAddress="Dz. U. z 1997 r. Nr 89, poz. 555">art. 438 pkt 3 k.p.k.</xLexLink>), naruszył zasadę swobodnej oceny dowodów w stopniu mającym wpływ na rozstrzygnięcie (<xLexLink xArt="art. 438;art. 438 pkt. 2" xIsapId="WDU19970890555" xTitle="Ustawa z dnia 6 czerwca 1997 r. - Kodeks postępowania karnego" xAddress="Dz. U. z 1997 r. Nr 89, poz. 555">art. 438 pkt 2 k.p.k.</xLexLink>), a orzeczona kara jest rażąco niewspółmierna (<xLexLink xArt="art. 438;art. 438 pkt. 4" xIsapId="WDU19970890555" xTitle="Ustawa z dnia 6 czerwca 1997 r. - Kodeks postępowania karnego" xAddress="Dz. U. z 1997 r. Nr 89, poz. 555">art. 438 pkt 4 k.p.k.</xLexLink>). Skarżący nie wskazał na czym polegało „oparcie się przez Sąd na przypuszczeniach”.</xText>
          <xText>Sąd Okręgowy w wyniku przeprowadzonej kontroli odwoławczej nie dopatrzył się w zaskarżonym wyroku żadnego błędu w ustaleniach faktycznych. Stan faktyczny został ustalony prawidłowo w oparciu o całokształt ujawnionych dowodów, a w wyniku ich wszechstronnej analizy Sąd Rejonowy wywiódł logiczny i trafny wniosek, co do braku wątpliwości w zakresie winy oskarżonego w zakresie przypisanych mu przestępstw oraz okoliczności popełnienia czynów.</xText>
          <xText>Wbrew stanowisku skarżącego uznać należy, iż Sąd I Instancji na podstawie zebranego i wszechstronnie ocenionego materiału dowodowego poczynił trafne ustalenia faktyczne, zgodne z zasadami logicznego rozumowania oraz wskazaniami wiedzy i doświadczenia życiowego (<xLexLink xArt="art. 7" xIsapId="WDU19970890555" xTitle="Ustawa z dnia 6 czerwca 1997 r. - Kodeks postępowania karnego" xAddress="Dz. U. z 1997 r. Nr 89, poz. 555">art. 7 k.p.k.</xLexLink>). Wyrazem sędziowskiego przekonania w wymienionej kwestii pozostaje uzasadnienie zaskarżonego orzeczenia. Sąd Rejonowy szczegółowo ustosunkował się do każdego z dowodów wskazując, które z faktów uznał za udowodnione i na jakich w tej mierze oparł się dowodach oraz dlaczego nie uznał dowodów przeciwnych (<xLexLink xArt="art. 424;art. 424 § 1" xIsapId="WDU19970890555" xTitle="Ustawa z dnia 6 czerwca 1997 r. - Kodeks postępowania karnego" xAddress="Dz. U. z 1997 r. Nr 89, poz. 555">art. 424 § 1 k.p.k.</xLexLink>). W oparciu o tak ustalony stan faktyczny prawidłowo wywiódł o winie oskarżonego, kwalifikacji prawnej przypisanych mu czynów, jak też orzeczonej wobec w/w karze.</xText>
          <xText>Odnosząc się do naruszenia przez Sąd I Instancji zasady swobodnej oceny dowodów zaznaczyć należy, że zarzut naruszenia <xLexLink xArt="art. 7" xIsapId="WDU19970890555" xTitle="Ustawa z dnia 6 czerwca 1997 r. - Kodeks postępowania karnego" xAddress="Dz. U. z 1997 r. Nr 89, poz. 555">art. 7 k.p.k.</xLexLink> wymaga wykazania wad w ocenie konkretnych dowodów dokonanej przez Sąd I Instancji, prowadzących do wniosku, iż przekracza ona granice swobodnej oceny. Skarżący nie wykazał, że rozumowanie Sądu Rejonowego jest nielogiczne i wadliwe.</xText>
          <xText>Należy bowiem pamiętać o tym, że przekonanie sądu orzekającego o wiarygodności jednych dowodów i niewiarygodności innych pozostaje pod ochroną przepisu <xLexLink xArt="art. 7" xIsapId="WDU19970890555" xTitle="Ustawa z dnia 6 czerwca 1997 r. - Kodeks postępowania karnego" xAddress="Dz. U. z 1997 r. Nr 89, poz. 555">art. 7 k.p.k.</xLexLink> wtedy, gdy:</xText>
          <xEnum>
            <xBullet>-</xBullet>
            <xEnumElem>
              <xText>jest poprzedzone ujawnieniem w toku rozprawy głównej całokształtu okoliczności sprawy (<xLexLink xArt="art. 410" xIsapId="WDU19970890555" xTitle="Ustawa z dnia 6 czerwca 1997 r. - Kodeks postępowania karnego" xAddress="Dz. U. z 1997 r. Nr 89, poz. 555">art. 410 k.p.k.</xLexLink>) i to w sposób podyktowany obowiązkiem dochodzenia prawdy (<xLexLink xArt="art. 2;art. 2 § 2" xIsapId="WDU19970890555" xTitle="Ustawa z dnia 6 czerwca 1997 r. - Kodeks postępowania karnego" xAddress="Dz. U. z 1997 r. Nr 89, poz. 555">art. 2 § 2 k.p.k.</xLexLink>),</xText>
            </xEnumElem>
            <xEnumElem>
              <xText>stanowi wynik rozważenia wszystkich okoliczności przemawiających zarówno na korzyść, jak i niekorzyść oskarżonego (<xLexLink xArt="art. 4" xIsapId="WDU19970890555" xTitle="Ustawa z dnia 6 czerwca 1997 r. - Kodeks postępowania karnego" xAddress="Dz. U. z 1997 r. Nr 89, poz. 555">art. 4 k.p.k.</xLexLink>),</xText>
            </xEnumElem>
            <xEnumElem>
              <xText>jest wyczerpujące i logiczne – z uwzględnieniem wskazań wiedzy i doświadczenia życiowego umotywowane w uzasadnieniu wyroku (<xLexLink xArt="art. 424" xIsapId="WDU19970890555" xTitle="Ustawa z dnia 6 czerwca 1997 r. - Kodeks postępowania karnego" xAddress="Dz. U. z 1997 r. Nr 89, poz. 555">art. 424 k.p.k.</xLexLink>) (por. też wyrok Sądu Najwyższego z 03 marca 1998 roku, V KKN 104/98, Prokuratura i Prawo 1999/2/6, LEX 35095; wyrok Sądu Najwyższego z 28 kwietnia 1997 roku, IV KKN 58/97, Prokuratura i Prawo 1997/11/1, LEX 31393).</xText>
            </xEnumElem>
          </xEnum>
          <xText>Należy przy tym podkreślić, iż w uzasadnieniu swojego orzeczenia Sąd Rejonowy szczegółowo wskazał, które fakty i okoliczności uznał za udowodnione, na jakich dowodach oparł swe przekonania. Sąd Odwoławczy w całości podziela rozważania Sądu Rejonowego, co do dowodów i wyciągnięte z nich wnioski. Nie ma potrzeby kolejnego powielania argumentów przytoczonych przez Sąd I Instancji i wystarczającym jest odesłanie w tym zakresie do pisemnych motywów rozstrzygnięcia tegoż sądu. Można jedynie podkreślić, że uwadze skarżącego uszedł fakt, że jego działania zostały utrwalone przez kamery monitorujące sklepy, gdzie rozgrywały się zdarzenia objęte poszczególnymi zarzutami, a oprócz powyższych dowodów jego winę potwierdzają źródła osobowe – przesłuchani w sprawie świadkowie.</xText>
          <xText>W ocenie Sądu Okręgowego orzeczona względem oskarżonego kara 3 lat pozbawienia wolności nie nosi cech rażącej niewspółmierności w rozumieniu <xLexLink xArt="art. 438;art. 438 pkt. 4" xIsapId="WDU19970890555" xTitle="Ustawa z dnia 6 czerwca 1997 r. - Kodeks postępowania karnego" xAddress="Dz. U. z 1997 r. Nr 89, poz. 555">art. 438 pkt 4 k.p.k.</xLexLink> Wymaga podkreślenia, iż nie każda różnica w ocenie wymiaru kary może uzasadniać zarzut rażącej jej niewspółmierności, ale tylko taka, która jest natury zasadniczej, to znaczy jest niewspółmierna w stopniu niedającym się zaakceptować. Niewspółmierność rażąca to znaczna, "bijąca w oczy" różnica między karą wymierzoną, a karą sprawiedliwą, zasłużoną (por. wyrok Sądu Apelacyjnego we Wrocławiu z dnia 30 maja 2003 r., II AKa 163/03, OSA 2003/11/113, LEX 81392). Nie może być zatem w ramach tej przyczyny odwoławczej dokonywana korekta w każdej sytuacji, w której sąd odwoławczy dochodzi do wniosku, że karę należałoby ukształtować nieco odmiennie, tj. że kara jest po prostu zbyt surowa lub zbyt łagodna. Chodzi jedynie o różnicę ocen o zasadniczym charakterze, sprowadzającą się do znacznej dysproporcji. W orzecznictwie podnosi się również, iż zarzut rażącej niewspółmierności kary, jako zarzut z kategorii ocen, można podnosić jedynie wówczas, gdy kara jakkolwiek mieści się w granicach ustawowego zagrożenia, nie uwzględnia w sposób właściwy okoliczności popełnionego przestępstwa, jak i osobowości sprawcy, innymi słowy – gdy w społecznym odczuciu jest karą niesprawiedliwą (por. m.in. wyrok Sądu Najwyższego z 11 kwietnia 1985 r., V KRN 178/85, OSNKW 7-8/1985, poz. 60, LEX 20053).</xText>
          <xText>W pierwszym rzędzie stwierdzić należy, iż w pisemnych motywach zaskarżonego wyroku Sąd Rejonowy w sposób szczegółowy i wyczerpujący ustosunkował się do wszystkich okoliczności, które stosownie do <xLexLink xArt="art. 53" xIsapId="WDU19970880553" xTitle="Ustawa z dnia 6 czerwca 1997 r. - Kodeks karny" xAddress="Dz. U. z 1997 r. Nr 88, poz. 553">art. 53 k.k.</xLexLink> składają się na dyrektywy sądowego wymiaru kary. W szczególności Sąd Rejonowy zasadnie zaakcentował znaczny stopień winy oskarżonego oraz stopień społecznej szkodliwości czynów, działanie przemedytowane, z ustalonym i powtarzającym się schematem działania. Słusznie Sąd I Instancji wskazał, że w/w był uprzednio wielokrotnie karany za przestępstwa podobne, był poddawany oddziaływaniu resocjalizacyjnemu w warunkach nieizolacyjnych i pełnej izolacji. Sąd Odwoławczy zauważył przy tym, że <xAnon>B. Ł.</xAnon> odpowiadał za popełnianie przestępstw przeciwko mieniu zarówno w warunkach recydywy specjalnej podstawowej i multirecydywy. Powyższe nie zmieniło jego sposobu zachowania. Dopóki oskarżony nie zrozumie, że jeżeli nie zostanie przerwany krąg – popełnienie przestępstwa, wyrok skazujący, kara pozbawienia wolności, opuszczenie zakładu karnego, popełnienie kolejnego przestępstwa, dopóty godzenie w cudzą własność będzie oznaczać pełną izolację na coraz dłuższy okres. Istotną okolicznością jest ukształtowanie wysokości kary w drodze negocjacji podjętych przez samego oskarżonego z prokuratorem w obecności Sądu. Oskarżony jest dorosłą osobą, w pełni ukształtowaną pod względem społecznym, zdającą sobie sprawę ze wszystkich skutków godzenia w cudzą własność.</xText>
          <xText>Całokształt powyższych okoliczności świadczy o wysokim stopniu zdemoralizowania oskarżonego i rażącym lekceważeniu przez niego obowiązującego porządku prawnego.</xText>
          <xText>Mając na uwadze powyższe apelacja oskarżonego nie zasługiwała na uwzględnienie.</xText>
          <xText>Zaskarżony wyrok nie jest dotknięty innymi wadami, które powinny być brane przez Sąd Odwoławczy z urzędu.</xText>
          <xText>Z tych wszystkich względów Sąd Okręgowy orzekł jak w sentencji wyroku.</xText>
          <xText>Na mocy <xLexLink xArt="art. 624;art. 624 § 1" xIsapId="WDU19970880553" xTitle="Ustawa z dnia 6 czerwca 1997 r. - Kodeks karny" xAddress="Dz. U. z 1997 r. Nr 88, poz. 553">art. 624 § 1 k.k.</xLexLink> w zw. z <xLexLink xArt="art. 634" xIsapId="WDU19970890555" xTitle="Ustawa z dnia 6 czerwca 1997 r. - Kodeks postępowania karnego" xAddress="Dz. U. z 1997 r. Nr 89, poz. 555">art. 634 k.p.k.</xLexLink> Sąd Okręgowy zwolnił oskarżonego od kosztów sądowych za postępowanie odwoławcze uznając, iż przemawiają za tym zasady słuszności.</xText>
        </xUnit>
      </xBlock>
    </xPart>
  </judgement>
<judgement id="150515000001006_II_K_000093_2013_Uz_2013-07-04_002">
    <xPart xEditorFullName="Marta Jakowicz" xYear="2013" xLang="PL" xPublisherFullName="Iwona Urban" xFromPg="1" xEditor="marta.jakowicz@olsztyn.so.gov.pl" xVolType="15/051500/0001006/K" xPublisher="karny@olsztyn.so.gov.pl" xDocType="Uz" xVolNmbr="000093" xVersion="1.0" xToPage="1" xFlag="published">
      <xName>Wyrok+Uzasadnienie</xName>
      <xBlock>
        <xText>Sygn. akt II K 93/13</xText>
        
        <xUnit xIsTitle="true" xBold="true" xType="part">
          <xName>WYROK</xName>
          <xTitle>W IMIENIU RZECZYPOSPOLITEJ POLSKIEJ</xTitle>
          <xText>
            <xBx> Dnia 04 lipca 2013 r. </xBx>
          </xText>
          
          <xText>Sąd Okręgowy w Olsztynie w II Wydziale Karnym</xText>
          <xText>w składzie:</xText>
          
          <xText>Przewodniczący: Sędzia S.O. Olgierd Dąbrowski-Żegalski</xText>
          <xText>Sędzia: S.O. Piotr Zbierzchowski</xText>
          <xText>Ławnicy: Janina Chamot, Jadwiga Iwaniec, Bogusław Pachniewicz</xText>
          <xText>Protokolant: sekr. sąd. Marta Jakowicz</xText>
          <xText>w obecności Prokuratora Prok. Rejonowej w Nidzicy – Małgorzaty Abucewicz-Pena,</xText>
          <xText>po rozpoznaniu w dniu 04 lipca 2013r.</xText>
          <xText>sprawy:</xText>
          <xText><xBx><xUx><xAnon>K. M.</xAnon></xUx>, </xBx>s. <xAnon>A.</xAnon>i <xAnon>E.</xAnon>z domu <xAnon>K.</xAnon>, <xAnon>urodzonego (...)</xAnon>w <xAnon>M.</xAnon>,</xText>
          <xText>oskarżonego o to, że:</xText>
          <xText>w dniu 02 października 2005r., nad <xAnon>jeziorem K.</xAnon>, w pobliżu miejscowości <xAnon>J.</xAnon>, gm. <xAnon>K.</xAnon>, woj. <xAnon>(...)- (...)</xAnon>, działając wspólnie i w porozumieniu z inną osobą, z zamiarem pozbawienia życia <xAnon>J. L.</xAnon>oraz dokonania zaboru należącego do niego samochodu marki <xAnon>A. (...)</xAnon><xAnon>nr rej. (...)</xAnon>, pieniędzy i innych rzeczy osobistych, używając przemocy poprzez kilkukrotne uderzenie siekierą w głowę <xAnon>J. L.</xAnon>spowodowali u niego liczne rany rąbane i tłuczone z rozległymi podbiegnięciami krwawymi powłok miękkich głowy i twarzy, liczne i wieloodłamowe złamania kości pokrywy i podstawy czaszki, wymóżdżenie lewego płata czołowego i skroniowego, liczne wybroczyny i wylewy krwawe w tkance mózgowej lewej półkuli mózgu, wieloodłamowe złamanie lewej kości jarzmowej, złamanie wszystkich ścian lewego oczodołu, złamanie lewej kości szczękowej, złamanie lewej kości nosowej, przemieszczenia i wgłębienia odłamów kostnych kości twarzoczaszki oraz krwiak podtwardówkowy, podpajęczynówkowy oraz w komorach mózgu, które to obrażenia skutkowały śmiercią pokrzywdzonego, po czym zabrali mu w celu przywłaszczenia wyżej wymieniony samochód o wartości 18.000 zł, pieniądze w kwocie 300 złotych, dowód osobisty, prawo jazdy, dowód rejestracyjny, dowód ubezpieczenia pojazdu, etui koloru bordowego z logo <xAnon>(...)</xAnon>oraz etui koloru niebieskiego z logo <xAnon>(...)</xAnon>wraz z dokumentami wędkarskimi, trzy kompletne wędki teleskopowe, w tym dwie gruntowe i jedna spinningowa o wartości 400 zł każda, plastykowe pudełko koloru szarego z akcesoriami wędkarskimi o wartości 300 zł, dwa drewniane wiosła do łódki typu <xAnon>N.</xAnon>o wartości 100 zł, śpiwór i siekierkę z drewnianym trzonkiem, o łącznej wartości co najmniej 19.900 zł na jego szkodę,</xText>
          <xText>
            <xBx>tj. o przestępstwo z <xLexLink xArt="art. 148;art. 148 § 2;art. 148 § 2 pkt. 2" xIsapId="WDU19970880553" xTitle="Ustawa z dnia 6 czerwca 1997 r. - Kodeks karny" xAddress="Dz. U. z 1997 r. Nr 88, poz. 553">art.148 § 2 pkt 2 kk</xLexLink>. (w brzmieniu ustalonym przepisem art.1 pkt 15 ustawy z dnia 27.07.2005r. o zmianie ustawy – Kodeks karny …, Dz.U Nr 163, poz. 1363) w zb. z <xLexLink xArt="art. 275;art. 275 § 1" xIsapId="WDU19970880553" xTitle="Ustawa z dnia 6 czerwca 1997 r. - Kodeks karny" xAddress="Dz. U. z 1997 r. Nr 88, poz. 553">art.275 § 1 kk</xLexLink> w zw. z <xLexLink xArt="art. 11;art. 11 § 2" xIsapId="WDU19970880553" xTitle="Ustawa z dnia 6 czerwca 1997 r. - Kodeks karny" xAddress="Dz. U. z 1997 r. Nr 88, poz. 553">art.11 § 2 kk</xLexLink></xBx>
          </xText>
          
          <xText xALIGNx="center">
            <xBx>orzeka</xBx>
          </xText>
          <xUnit xIsTitle="false" xType="none">
            <xName xSffx=".">1</xName>
            <xText>przy uznaniu, że oskarżony <xBx><xAnon>K. M.</xAnon></xBx>dopuścił się dokonania zarzucanego mu czynu przyjmuje, że czyn ten stanowi zbrodnię określoną w <xLexLink xArt="art. 148;art. 148 § 1" xIsapId="WDU19970880553" xTitle="Ustawa z dnia 6 czerwca 1997 r. - Kodeks karny" xAddress="Dz. U. z 1997 r. Nr 88, poz. 553">art.148 § 1 kk</xLexLink> w zb. z <xLexLink xArt="art. 280;art. 280 § 2" xIsapId="WDU19970880553" xTitle="Ustawa z dnia 6 czerwca 1997 r. - Kodeks karny" xAddress="Dz. U. z 1997 r. Nr 88, poz. 553">art.280 § 2 kk</xLexLink> w zb. z <xLexLink xArt="art. 275;art. 275 § 1" xIsapId="WDU19970880553" xTitle="Ustawa z dnia 6 czerwca 1997 r. - Kodeks karny" xAddress="Dz. U. z 1997 r. Nr 88, poz. 553">art.275 § 1 kk</xLexLink> w zw. z <xLexLink xArt="art. 11;art. 11 § 2" xIsapId="WDU19970880553" xTitle="Ustawa z dnia 6 czerwca 1997 r. - Kodeks karny" xAddress="Dz. U. z 1997 r. Nr 88, poz. 553">art.11 § 2 kk</xLexLink> w zw. z <xLexLink xArt="art. 4;art. 4 § 1" xIsapId="WDU19970880553" xTitle="Ustawa z dnia 6 czerwca 1997 r. - Kodeks karny" xAddress="Dz. U. z 1997 r. Nr 88, poz. 553">art.4 § 1 kk</xLexLink> i za to na tej podstawie skazuje go, a na podstawie <xLexLink xArt="art. 148;art. 148 § 1" xIsapId="WDU19970880553" xTitle="Ustawa z dnia 6 czerwca 1997 r. - Kodeks karny" xAddress="Dz. U. z 1997 r. Nr 88, poz. 553">art.148 § 1 kk</xLexLink> w zw. z <xLexLink xArt="art. 11;art. 11 § 3" xIsapId="WDU19970880553" xTitle="Ustawa z dnia 6 czerwca 1997 r. - Kodeks karny" xAddress="Dz. U. z 1997 r. Nr 88, poz. 553">art.11 § 3 kk</xLexLink> wymierza mu karę dożywotniego pozbawienia wolności<xBx> ,</xBx></xText>
          </xUnit>
          <xUnit xIsTitle="false" xType="none">
            <xName xSffx=".">2</xName>
            <xText>na podstawie <xLexLink xArt="art. 63;art. 63 § 1" xIsapId="WDU19970880553" xTitle="Ustawa z dnia 6 czerwca 1997 r. - Kodeks karny" xAddress="Dz. U. z 1997 r. Nr 88, poz. 553">art.63 § 1 kk</xLexLink> na poczet orzeczonej kary pozbawienia wolności zalicza <xAnon>K. M.</xAnon>okres zatrzymania i tymczasowego aresztowania od dnia 09 października 2005r. do dnia 22 grudnia 2005r. i od 31 grudnia 2008r. do dnia 15 kwietnia 2013r.,</xText>
          </xUnit>
          <xUnit xIsTitle="false" xType="none">
            <xName xSffx=".">3</xName>
            <xText>na podstawie <xLexLink xArt="art. 29;art. 29 ust. 1" xIsapId="WDU19820160124" xTitle="Ustawa z dnia 26 maja 1982 r. - Prawo o adwokaturze" xAddress="Dz. U. z 1982 r. Nr 16, poz. 124">art.29 ust.1 ustawy Prawo o adwokaturze</xLexLink> i <xLexLink xArt="§ 14;§ 14 ust. 1;§ 14 ust. 1 pkt. 5" xIsapId="WDU20021631348" xTitle="Rozporządzenie Ministra Sprawiedliwości z dnia 28 września 2002 r. w sprawie opłat za czynności adwokackie oraz ponoszenia przez Skarb Państwa kosztów nieopłaconej pomocy prawnej udzielonej z urzędu" xAddress="Dz. U. z 2002 r. Nr 163, poz. 1348">§ 14 ust. 1 pkt 5 rozporządzenia Ministra Sprawiedliwości z dnia 28 września 2002 r. w sprawie opłat za czynności adwokackie oraz ponoszenia przez Skarb Państwa kosztów nieopłaconej pomocy prawnej udzielonej z urzędu</xLexLink> (Dz. U. Nr 163, poz. 1348 z p. zm.) zasądza od Skarbu Państwa na rzecz adw. <xAnon>L. S.</xAnon> kwotę 738 złotych, w tym 23% VAT w kwocie 138 złotych tytułem nieuiszczonych opłat za obronę oskarżonego wykonywaną z urzędu w postępowaniu sądowym,</xText>
          </xUnit>
          <xUnit xIsTitle="false" xType="none">
            <xName xSffx=".">4</xName>
            <xText>na podstawie <xLexLink xArt="art. 624;art. 624 § 1" xIsapId="WDU19970890555" xTitle="Ustawa z dnia 6 czerwca 1997 r. - Kodeks postępowania karnego" xAddress="Dz. U. z 1997 r. Nr 89, poz. 555">art. 624 § 1 kpk</xLexLink> zwalnia oskarżonego w całości od zapłaty na rzecz Skarbu Państwa kosztów sądowych.</xText>
          </xUnit>
          
          <xText>
            <xBx>Sygn. akt: II K 93/13 </xBx>
          </xText>
        </xUnit>
        <xUnit xIsTitle="true" xBold="true" xType="part">
          <xName>UZASADNIENIE</xName>
          <xText>Sąd Najwyższy wyrokiem z dnia 11 kwietnia 2013 r. (sygn. akt III KO <xAnon>(...)</xAnon>) wznowił postępowanie zakończone wyrokiem Sądu Apelacyjnego w <xAnon>B.</xAnon>z dnia 25 kwietnia 2007 r. (sygn. akt II AKa <xAnon>(...)</xAnon>) i uchylił ów wyrok w stosunku do <xAnon>K. M.</xAnon>oraz częściowo nim zmieniony wyrok Sądu Okręgowego w <xAnon>O.</xAnon>z dnia 15 listopada 2006 r. (sygn. akt II K <xAnon>(...)</xAnon>) w części dotyczącej kwalifikacji prawnej czynu z <xLexLink xArt="art. 148;art. 148 § 2;art. 148 § 2 pkt. 2" xIsapId="WDU19970880553" xTitle="Ustawa z dnia 6 czerwca 1997 r. - Kodeks karny" xAddress="Dz. U. z 1997 r. Nr 88, poz. 553">art. 148 § 2 pkt 2 k.k.</xLexLink> w zb. z <xLexLink xArt="art. 275;art. 275 § 1" xIsapId="WDU19970880553" xTitle="Ustawa z dnia 6 czerwca 1997 r. - Kodeks karny" xAddress="Dz. U. z 1997 r. Nr 88, poz. 553">art. 275 § 1 k.k.</xLexLink> w zw. z <xLexLink xArt="art. 11;art. 11 § 2" xIsapId="WDU19970880553" xTitle="Ustawa z dnia 6 czerwca 1997 r. - Kodeks karny" xAddress="Dz. U. z 1997 r. Nr 88, poz. 553">art. 11 § 2 k.k.</xLexLink> oraz wymierzonej skazanemu za ten czyn kary i przekazał w tym zakresie sprawę do ponownego rozpoznania Sądowi Okręgowemu w <xAnon>O.</xAnon>.</xText>
          <xText>Mając na uwadze, iż Sąd Najwyższy dokonał uchylenia wyroku Sądu Okręgowego w <xAnon>O.</xAnon>jedynie co do kwalifikacji prawnej czynu i kary za ten czyn wymierzonej, zaś w pozostałym zakresie wyrok ten uprawomocnił się, zbędne stało się przytaczanie w przedmiotowym uzasadnieniu ustalonego już prawomocnie stanu faktycznego w sprawie oraz przytaczanie dokonanej już oceny dowodów, na podstawie których ów stan faktyczny został ustalony – bo niewątpliwie mając na uwadze zakres uchylenia wyroku Sądu Apelacyjnego i w <xAnon>B.</xAnon>i Sądu Okręgowego w <xAnon>O.</xAnon>z dnia 15.11.2006 r., czynienie nowych ustaleń jest niedopuszczalne (co do stanu faktycznego i analizy dowodów zob. wyrok Sądu Okręgowego z dnia 15 listopada 2006 r. wraz z uzasadnieniem, k. 1451-1454, 1501-1515).</xText>
          <xText>Ograniczając zatem rozważania co do kwalifikacji prawnej czynu oskarżonego oraz wymiaru kary w pierwszej kolejności należy odnieść się do wyroku Trybunału Konstytucyjnego z dnia 16 kwietnia 2009 r. wydanego w sprawie P 11/08 (Dz. U. z 2009 r., Nr 63, poz. 49), a na kanwie którego to wyroku Sąd Najwyższy uchylił wskazane orzeczenia.</xText>
          <xText>Mocą przedmiotowego wyroku Trybunału stwierdzono niezgodność przepisu art. 1 pkt 15 ustawy z dnia 27 lipca 2005 r. o zmianie ustawy – Kodeks karny, ustawy - Kodeks postępowania karnego i ustawy - Kodeks karny wykonawczy (Dz. U. Nr 163, poz. 1363) z <xLexLink xArt="art. 118;art. 118 ust. 1;art. 119;art. 119 ust. 1;art. 119 ust. 2" xIsapId="WDU19970780483" xTitle="Konstytucja Rzeczypospolitej Polskiej z dnia 2 kwietnia 1997 r." xAddress="Dz. U. z 1997 r. Nr 78, poz. 483">art. 118 ust. 1 i art. 119 ust. 1 i 2 Konstytucji Rzeczypospolitej Polskiej</xLexLink> przez to, że wskazany przepis został uchwalony przez Sejm bez dochowania trybu wymaganego do jego wydania. Wskazany przepis art. 1 pkt 15 ustawy wprowadził do <xLexLink xArt="" xIsapId="WDU19970880553" xTitle="Ustawa z dnia 6 czerwca 1997 r. - Kodeks karny" xAddress="Dz. U. z 1997 r. Nr 88, poz. 553">kodeksu karnego</xLexLink> nowy wymiar kary za przestępstwo zabójstwa typu kwalifikowanego. Do dnia 25 września 2005 r., stypizowane w <xLexLink xArt="art. 148;art. 148 § 2" xIsapId="WDU19970880553" xTitle="Ustawa z dnia 6 czerwca 1997 r. - Kodeks karny" xAddress="Dz. U. z 1997 r. Nr 88, poz. 553">art. 148 § 2 k.k.</xLexLink> zabójstwo zagrożone było karą pozbawienia wolności na czas nie krótszy niż 12 lat, karą 25 lat pozbawienia wolności albo karą dożywotniego pozbawienia wolności. Od dnia 26 września 2005 r., to jest od dnia wejścia w życie w/w <xLexLink xArt="" xIsapId="WDU20051641365" xTitle="Ustawa z dnia 27 lipca 2005 r. Prawo o szkolnictwie wyższym" xAddress="Dz. U. z 2005 r. Nr 164, poz. 1365">ustawy z dnia 27 lipca 2005 r.</xLexLink> przepis <xLexLink xArt="art. 148;art. 148 § 2" xIsapId="WDU19970880553" xTitle="Ustawa z dnia 6 czerwca 1997 r. - Kodeks karny" xAddress="Dz. U. z 1997 r. Nr 88, poz. 553">art. 148 § 2 k.k.</xLexLink> uzyskał nowe brzmienie, a mianowicie przewidywał w sankcji jedynie dwie kary - karę 25 lat pozbawienia wolności oraz karę dożywotniego pozbawienia wolności. W takim brzmieniu obowiązywał ten przepis do dnia wejścia w życie przedmiotowego wyroku Trybunału Konstytucyjnego, a więc do dnia 23 kwietnia 2009 r., kiedy to utracił moc obowiązującą.</xText>
          <xText>W przedmiotowej sprawie zarówno popełnienie przypisanej oskarżonemu zbrodni (bo w dniu 2 października 2005 r.), jak i orzekanie o odpowiedzialności karnej za jej popełnienie przez Sądy obu instancji (w dniu 15 listopada 2006 r. zapadł wyrok w I instancji, zaś w dniu 25 kwietnia 2007 r. wyrok drugoinstancyjny Sądu Apelacyjnego w <xAnon>B.</xAnon>) miały miejsce w czasie obowiązywania <xLexLink xArt="art. 148;art. 148 § 2" xIsapId="WDU19970880553" xTitle="Ustawa z dnia 6 czerwca 1997 r. - Kodeks karny" xAddress="Dz. U. z 1997 r. Nr 88, poz. 553">art. 148 § 2 k.k.</xLexLink> w brzmieniu nadanym mu przez art. 1 pkt 15 w/w ustawy, uznany następnie za niezgodny z <xLexLink xArt="" xIsapId="WDU19970780483" xTitle="Konstytucja Rzeczypospolitej Polskiej z dnia 2 kwietnia 1997 r." xAddress="Dz. U. z 1997 r. Nr 78, poz. 483">Konstytucją</xLexLink>. Jak wynika z uzasadnienia wyroku Trybunału Konstytucyjnego, konsekwencją uznania tego przepisu za niezgodny z <xLexLink xArt="" xIsapId="WDU19970780483" xTitle="Konstytucja Rzeczypospolitej Polskiej z dnia 2 kwietnia 1997 r." xAddress="Dz. U. z 1997 r. Nr 78, poz. 483">Konstytucją</xLexLink> była derogacja z porządku prawnego, oprócz wskazanego przepisu art. 1 ust. 15, także <xLexLink xArt="art. 148;art. 148 § 2" xIsapId="WDU19970880553" xTitle="Ustawa z dnia 6 czerwca 1997 r. - Kodeks karny" xAddress="Dz. U. z 1997 r. Nr 88, poz. 553">art. 148 § 2 k.k.</xLexLink>, stanowiącego trzon kwalifikacji prawnej czynu przypisanego oskarżonemu <xAnon>K. M.</xAnon>. Trybunał uznał, że po ustaniu mocy obowiązującej przepisu <xLexLink xArt="art. 148;art. 148 § 2" xIsapId="WDU19970880553" xTitle="Ustawa z dnia 6 czerwca 1997 r. - Kodeks karny" xAddress="Dz. U. z 1997 r. Nr 88, poz. 553">art. 148 § 2 k.k.</xLexLink> pozostaje kwalifikacja prawna zabójstw popełnionych w okresie od dnia 26 września 2005 r. do dnia 23 kwietnia 2009 r. (a zatem i w przedmiotowej sprawie), jako czynów wyczerpujących znamiona <xLexLink xArt="art. 148;art. 148 § 1" xIsapId="WDU19970880553" xTitle="Ustawa z dnia 6 czerwca 1997 r. - Kodeks karny" xAddress="Dz. U. z 1997 r. Nr 88, poz. 553">art. 148 § 1 k.k.</xLexLink> W rezultacie Sąd ma możliwość wymierzania kary za zabójstwo nie tylko 25 lat pozbawienia wolności albo dożywotniego pozbawienia wolności, ale też kary od 8 lat do 15 lat pozbawienia wolności. Stosowanie przepisu <xLexLink xArt="art. 148;art. 148 § 1" xIsapId="WDU19970880553" xTitle="Ustawa z dnia 6 czerwca 1997 r. - Kodeks karny" xAddress="Dz. U. z 1997 r. Nr 88, poz. 553">art. 148 § 1 k.k.</xLexLink> co do czynów popełnionych w czasie, kiedy <xLexLink xArt="art. 148;art. 148 § 2" xIsapId="WDU19970880553" xTitle="Ustawa z dnia 6 czerwca 1997 r. - Kodeks karny" xAddress="Dz. U. z 1997 r. Nr 88, poz. 553">art. 148 § 2 k.k.</xLexLink> nie mógł być stosowany, znajduje uzasadnienie także w treści <xLexLink xArt="art. 4;art. 4 § 1" xIsapId="WDU19970880553" xTitle="Ustawa z dnia 6 czerwca 1997 r. - Kodeks karny" xAddress="Dz. U. z 1997 r. Nr 88, poz. 553">art. 4 § 1 k.k.</xLexLink>, nakazujący stosowanie ustawy względniejszej dla sprawcy.</xText>
          <xText>Mając na uwadze wiążące w niniejszej sprawie ustalenia faktyczne dokonane przez Sąd Okręgowy w Olsztynie w sprawie II K <xAnon>(...)</xAnon>, a jednocześnie wskazany wyrok Trybunału Konstytucyjnego, Sąd orzekający w przedmiotowej sprawie uznał, iż <xAnon>K. M.</xAnon>swym zachowaniem, polegającym na tym, że w dniu 2 października 2005 r., nad <xAnon>jeziorem K.</xAnon>, w pobliżu miejscowości <xAnon>J.</xAnon>, gm. <xAnon>K.</xAnon>, woj. <xAnon>(...)- (...)</xAnon>, działając wspólnie i w porozumieniu z inną osobą, z zamiarem pozbawienia życia <xAnon>J. L.</xAnon>oraz dokonania zaboru należącego do niego samochodu marki <xAnon>A. (...)</xAnon><xAnon>nr rej. (...)</xAnon>, pieniędzy i innych rzeczy osobistych, używając przemocy poprzez kilkukrotne uderzenie siekierą w głowę <xAnon>J. L.</xAnon>spowodowali u niego liczne rany rąbane i tłuczone z rozległymi podbiegnięciami krwawymi powłok miękkich głowy i twarzy, liczne i wieloodłamowe złamania kości pokrywy i podstawy czaszki, wymóżdżenie lewego płata czołowego i skroniowego, liczne wybroczyny i wylewy krwawe w tkance mózgowej lewej półkuli mózgu, wieloodłamowe złamanie lewej kości jarzmowej, złamanie wszystkich ścian lewego oczodołu, złamanie lewej kości szczękowej, złamanie lewej kości nosowej, przemieszczenia i wgłębienia odłamów kostnych kości twarzoczaszki oraz krwiak podtwardówkowy, podpajęczynówkowy oraz w komorach mózgu, które to obrażenia skutkowały śmiercią pokrzywdzonego, po czym zabrali mu w celu przywłaszczenia wyżej wymieniony samochód o wartości 18.000 zł, pieniądze w kwocie 300 złotych, dowód osobisty, prawo jazdy, dowód rejestracyjny, dowód ubezpieczenia pojazdu, etui koloru bordowego z logo <xAnon>(...)</xAnon>oraz etui koloru niebieskiego z logo <xAnon>(...)</xAnon>wraz z dokumentami wędkarskimi, trzy kompletne wędki teleskopowe, w tym dwie gruntowe i jedna spinningowa o wartości 400 zł każda, plastykowe pudełko koloru szarego z akcesoriami wędkarskimi o wartości 300 zł, dwa drewniane wiosła do łódki typu <xAnon>N.</xAnon>o wartości 100 zł, śpiwór i siekierkę z drewnianym trzonkiem, o łącznej wartości co najmniej 19.900 zł na jego szkodę, wyczerpał znamiona przestępstwa z <xLexLink xArt="art. 148;art. 148 § 1" xIsapId="WDU19970880553" xTitle="Ustawa z dnia 6 czerwca 1997 r. - Kodeks karny" xAddress="Dz. U. z 1997 r. Nr 88, poz. 553">art. 148 § 1 k.k.</xLexLink> w zb. z <xLexLink xArt="art. 280;art. 280 § 2" xIsapId="WDU19970880553" xTitle="Ustawa z dnia 6 czerwca 1997 r. - Kodeks karny" xAddress="Dz. U. z 1997 r. Nr 88, poz. 553">art. 280 § 2 k.k.</xLexLink> i w zb. z <xLexLink xArt="art. 275;art. 275 § 1" xIsapId="WDU19970880553" xTitle="Ustawa z dnia 6 czerwca 1997 r. - Kodeks karny" xAddress="Dz. U. z 1997 r. Nr 88, poz. 553">art. 275 § 1 k.k.</xLexLink> w zw. z <xLexLink xArt="art. 11;art. 11 § 2" xIsapId="WDU19970880553" xTitle="Ustawa z dnia 6 czerwca 1997 r. - Kodeks karny" xAddress="Dz. U. z 1997 r. Nr 88, poz. 553">art. 11 § 2 k.k.</xLexLink>, przy zastosowaniu <xLexLink xArt="art. 4;art. 4 § 1" xIsapId="WDU19970880553" xTitle="Ustawa z dnia 6 czerwca 1997 r. - Kodeks karny" xAddress="Dz. U. z 1997 r. Nr 88, poz. 553">art. 4 § 1 k.k.</xLexLink> Sąd zastosował <xLexLink xArt="art. 148;art. 148 § 1" xIsapId="WDU19970880553" xTitle="Ustawa z dnia 6 czerwca 1997 r. - Kodeks karny" xAddress="Dz. U. z 1997 r. Nr 88, poz. 553">art. 148 § 1 k.k.</xLexLink> jako przepis względniejszy dla sprawcy (<xLexLink xArt="art. 4;art. 4 § 1" xIsapId="WDU19970880553" xTitle="Ustawa z dnia 6 czerwca 1997 r. - Kodeks karny" xAddress="Dz. U. z 1997 r. Nr 88, poz. 553">art. 4 § 1 k.k.</xLexLink>) w sytuacji popełnienia czynu w czasie, kiedy <xLexLink xArt="art. 148;art. 148 § 2" xIsapId="WDU19970880553" xTitle="Ustawa z dnia 6 czerwca 1997 r. - Kodeks karny" xAddress="Dz. U. z 1997 r. Nr 88, poz. 553">art. 148 § 2 k.k.</xLexLink> nie mógł być stosowany.</xText>
          <xText>Jednocześnie należy podkreślić, że niezgodność z <xLexLink xArt="" xIsapId="WDU19970780483" xTitle="Konstytucja Rzeczypospolitej Polskiej z dnia 2 kwietnia 1997 r." xAddress="Dz. U. z 1997 r. Nr 78, poz. 483">Konstytucją</xLexLink><xLexLink xArt="art. 1;art. 1 pkt. 15" xIsapId="WDU20051641365" xTitle="Ustawa z dnia 27 lipca 2005 r. Prawo o szkolnictwie wyższym" xAddress="Dz. U. z 2005 r. Nr 164, poz. 1365">art. 1 pkt 15 ustawy z dnia 27 lipca 2005 r.</xLexLink> związana była wyłącznie z trybem jej uchwalenia. Nie dotyczyła więc ani sposobu procedowania w sprawach o zabójstwa, ani całej sfery ustaleń faktycznych, a wyłącznie subsumcji takich czynów. Subsumcji prowadzącej do kwalifikacji z <xLexLink xArt="art. 148;art. 148 § 2" xIsapId="WDU19970880553" xTitle="Ustawa z dnia 6 czerwca 1997 r. - Kodeks karny" xAddress="Dz. U. z 1997 r. Nr 88, poz. 553">art. 148 § 2 k.k.</xLexLink>, z którą nierozerwalnie związana była także sankcja przewidziana w tym przepisie, a ograniczona wyłącznie do kary 25 lat pozbawienia wolności bądź kary dożywotniego pozbawienia wolności.</xText>
          <xText>Zgodnie z treścią przepisu <xLexLink xArt="art. 148;art. 148 § 1" xIsapId="WDU19970880553" xTitle="Ustawa z dnia 6 czerwca 1997 r. - Kodeks karny" xAddress="Dz. U. z 1997 r. Nr 88, poz. 553">art. 148 § 1 k.k.</xLexLink>, kto zabija człowieka, podlega karze pozbawienia wolności na czas nie krótszy od lat 8, karze 25 lat pozbawienia wolności albo karze dożywotniego pozbawienia wolności.</xText>
          <xText>Dla przypisania zbrodni o której mowa we wskazanym przepisie konieczne jest wykazanie, iż sprawca działał z zamiarem (czy to bezpośrednim, czy ewentualnym) zabójstwa człowieka. W przedmiotowej sprawie niewątpliwie <xAnon>K. M.</xAnon>swym zachowaniem dążył bezpośrednio do pozbawienia życia <xAnon>J. L.</xAnon>. O istnieniu bezpośredniego zamiaru pozbawienia życia pokrzywdzonego można wnioskować na podstawie szeregu okoliczności podmiotowych jak i przedmiotowych sprawy.</xText>
          <xText>Trzeba zauważyć, iż udając się na miejsce zbrodni <xAnon>K. M.</xAnon>zabrał ze sobą siekierę, którą wcześniej pożyczył od drugiego współsprawcy zabójstwa – <xAnon>A. A.</xAnon>, która miała posłużyć do realizacji przestępczego celu. Udając się na miejsce zdarzenia z zamiarem zaboru cudzego samochodu oskarżony miał już gotowy plan uprzedniego pozbawienia życia pokrzywdzonego. Już na miejscu zdarzenia <xAnon>K. M.</xAnon>konsekwentnie realizował swój zamysł i nie dał się odwieść od niego skierowanymi doń słowami <xAnon>A. A.</xAnon> – „nie zabijaj go”. Odpowiedź, jaką wówczas dał oskarżony („już za późno”) niewątpliwie świadczy o jego determinacji w realizacji celu, a to z kolei o zamiarze bezpośrednim dokonania zabójstwa <xAnon>J. L.</xAnon>.</xText>
          <xText>Należy też zauważyć, iż o bezpośredniości zamiaru oskarżonego co do dokonania zabójstwa świadczą okoliczności przedmiotowe popełnienia czynu, a przede wszystkim charakter użytego narzędzia (siekiery), siła i umiejscowienie ciosów. <xAnon>K. M.</xAnon>kilkukrotnie uderzył pokrzywdzonego obuchem siekiery w głowę (a zatem część ciała, w której zlokalizowany jest mózg, organ newralgiczny dla życia człowieka), a moc uderzeń była bardzo duża – trzeba zauważyć, iż oskarżony uderzał pokrzywdzonego oburącz, będąc przy tym w pozycji stojącej pochylonej, podczas gdy pokrzywdzony leżał na plecach.</xText>
          <xText>W świetle powyższego zamiar <xAnon>K. M.</xAnon>co do zabójstwa <xAnon>J. L.</xAnon>nie budził najmniejszych wątpliwości Sądu.</xText>
          <xText>Sprawca działał przy tym wspólnie i w porozumieniu z <xAnon>A. A.</xAnon>. Niewątpliwym jest, że działanie <xAnon>K. M.</xAnon>i <xAnon>A. A.</xAnon>spełniało istotę współsprawstwa. W tym zakresie, z uwagi na zakres, w jakim wyrok Sądu Okręgowego w <xAnon>O.</xAnon>z dnia 15 listopada 2006 r. (sygn. akt II K <xAnon>(...)</xAnon>) został uchylony przekazany do ponownego rozpoznania, zbędne jest tu powielanie argumentacji przedstawionej w uzasadnieniu w/w wyroku co do kwestii współsprawstwa (zresztą, z uwagi na niewątpliwość sprawstwa co do <xAnon>K. M.</xAnon>, Sąd skupił swe rozważania na współsprawstwie <xAnon>A. A.</xAnon>).</xText>
          <xText>Zabójstwo pokrzywdzonego <xAnon>J. L.</xAnon> stanowiło środek do realizacji głównego celu, jakim był zabór pojazdu pokrzywdzonego – co w sposób niewątpliwy wynika z materiału dowodowego.</xText>
          <xText>W ocenie Sądu oskarżony swym zachowaniem wyczerpał – obok znamion zbrodni z <xLexLink xArt="art. 148;art. 148 § 1" xIsapId="WDU19970880553" xTitle="Ustawa z dnia 6 czerwca 1997 r. - Kodeks karny" xAddress="Dz. U. z 1997 r. Nr 88, poz. 553">art. 148 § 1 k.k.</xLexLink> także znamiona przestępstwa (skądinąd również zbrodni) z <xLexLink xArt="art. 280;art. 280 § 2" xIsapId="WDU19970880553" xTitle="Ustawa z dnia 6 czerwca 1997 r. - Kodeks karny" xAddress="Dz. U. z 1997 r. Nr 88, poz. 553">art. 280 § 2 k.k.</xLexLink>, a więc przestępstwa rozboju kwalifikowanego poprzez użycie niebezpiecznego przedmiotu, o jakim mowa w tym przepisie.</xText>
          <xText>Jak wynika z treści <xLexLink xArt="art. 280;art. 280 § 1" xIsapId="WDU19970880553" xTitle="Ustawa z dnia 6 czerwca 1997 r. - Kodeks karny" xAddress="Dz. U. z 1997 r. Nr 88, poz. 553">art. 280 § 1 k.k.</xLexLink>, przestępstwo rozboju polega na kradzieży popełnionej przy użyciu przemocy wobec osoby lub groźby natychmiastowego jej użycia albo przez doprowadzenie człowieka do stanu nieprzytomności lub bezbronności. Rozbój jest przestępstwem złożonym, sprawca zmierza bowiem do dokonania kradzieży, atakując integralność cielesną człowieka, jego wolność, zdrowie, a nawet życie. Tak więc z jednej strony pod ochroną tego przepisu jest zarówno mienie (tzw. bliższy przedmiot ochrony) jak i nietykalność człowieka, jego wolność i zdrowie (tzw. dalszy przedmiot ochrony). Kwalifikowanym typem rozboju (<xLexLink xArt="art. 280;art. 280 § 2" xIsapId="WDU19970880553" xTitle="Ustawa z dnia 6 czerwca 1997 r. - Kodeks karny" xAddress="Dz. U. z 1997 r. Nr 88, poz. 553">art. 280 § 2</xLexLink>) jest natomiast posługiwanie się przez sprawcę przy jego popełnieniu bronią palną, nożem lub innym podobnie niebezpiecznym przedmiotem lub środkiem obezwładniającym albo współdziałanie z osobą, która takim przedmiotem posługuje się. Typem kwalifikowanym rozboju jest także działanie w każdy inny sposób, który bezpośrednio zagraża życiu pokrzywdzonego.</xText>
          <xText>Rozbój jest przestępstwem, które charakteryzuje się kierunkowością działania sprawcy. Musi on zmierzać do dokonania kradzieży, używając do realizacji tego celu przemocy wobec osoby, groźby natychmiastowego jej użycia albo doprowadzając człowieka do stanu nieprzytomności lub bezbronności. Jest to więc przestępstwo umyślne, które można popełnić jedynie z zamiarem bezpośrednim, tak co do celu działania, jak i używanych środków.</xText>
          <xText>W przedmiotowej sprawie <xAnon>K. M.</xAnon>niewątpliwie zmierzał do kradzieży pojazdu pokrzywdzonemu i niewątpliwie zamierzał to uczynić poprzez stosowanie przemocy wobec właściciela pojazdu. Z materiału dowodowego wynika bezspornie, iż zabójstwo pokrzywdzonego stanowiło środek do realizacji celu, jakim był zabór pojazdu, przy czym zarówno przemoc stosowana względem pokrzywdzonego jak i dokonanie zaboru pojazdu były objęte bezpośrednim zamiarem oskarżonego. Oskarżony poprzez zadawanie pokrzywdzonemu uderzeń siekierą niewątpliwie stosował przemoc, o jakiej mowa we wskazanym przepisie. Przez przemoc wobec osoby należy rozumieć zastosowanie bezpośredniej przemocy fizycznej skierowanej na ciało człowieka w celu uniemożliwienia lub pokonania oporu, aby następnie dokonać kradzieży – co bezsprzecznie miało miejsce w okolicznościach niniejszej sprawy. Co więcej, oskarżony <xAnon>K. M.</xAnon>dokonując przemocy posługiwał się siekierą, które to narzędzie z pewnością jest „innym podobnie niebezpiecznym narzędziem” w rozumieniu <xLexLink xArt="art. 280;art. 280 § 2" xIsapId="WDU19970880553" xTitle="Ustawa z dnia 6 czerwca 1997 r. - Kodeks karny" xAddress="Dz. U. z 1997 r. Nr 88, poz. 553">art. 280 § 2 k.k.</xLexLink> (zob. np. wyrok Sądu Apelacyjnego w Katowicach z dnia 31 października 2012 r., sygn. akt I AKa 314/12, LEX nr 1236416, w którym wprost wskazano, że siekiera jest przedmiotem, którego wykorzystanie zwykłych funkcji przeciwko człowiekowi spowoduje powstanie realnego zagrożenia o równowartości odpowiadającej użyciu broni palnej lub noża).</xText>
          <xText>W ocenie Sądu spowodowanie przez oskarżonego śmierci ofiary rozboju (co więcej – z zamiarem bezpośrednim) wymaga kumulatywnej kwalifikacji jego czynu na podstawie <xLexLink xArt="art. 148;art. 148 § 1" xIsapId="WDU19970880553" xTitle="Ustawa z dnia 6 czerwca 1997 r. - Kodeks karny" xAddress="Dz. U. z 1997 r. Nr 88, poz. 553">art. 148 § 1 k.k.</xLexLink> w zw. z <xLexLink xArt="art. 280;art. 280 § 2" xIsapId="WDU19970880553" xTitle="Ustawa z dnia 6 czerwca 1997 r. - Kodeks karny" xAddress="Dz. U. z 1997 r. Nr 88, poz. 553">art. 280 § 2 k.k.</xLexLink> Kumulatywna kwalifikacja jest tutaj konieczna, gdyż w znamionach rozboju nie zostało uwzględnione spowodowanie efektywnych skutków w zakresie życia człowieka (a można dokonać rozboju bez spowodowania jakichkolwiek skutków w tym zakresie). Dla oddanie pełnej zawartości kryminalnej zachowania oskarżonego kumulatywna kwalifikacja jest niezbędna.</xText>
          <xText>Należy w tym miejscu podkreślić, iż kumulatywna kwalifikacja byłaby zbędna, gdyby można było zakwalifikować czyn oskarżonego z <xLexLink xArt="art. 148;art. 148 § 2" xIsapId="WDU19970880553" xTitle="Ustawa z dnia 6 czerwca 1997 r. - Kodeks karny" xAddress="Dz. U. z 1997 r. Nr 88, poz. 553">art. 148 § 2 k.k.</xLexLink>, który przewiduje kwalifikowany typ zabójstwa (m.in. z uwagi na jego dokonanie w związku z rozbojem). Taka kwalifikacja jest jednak w niniejszej sprawie wykluczona – o czym była już mowa wyżej przy okazji omawiania wyroku Trybunału Konstytucyjnego z dnia 16 kwietnia 2009 r.</xText>
          <xText>Nie ulega wątpliwości, że <xAnon>K. M.</xAnon>dokonał również m.in. kradzieży dowodu osobistego należącego do pokrzywdzonego <xAnon>J. L.</xAnon>, czym wyczerpał znamiona czynu z <xLexLink xArt="art. 275;art. 275 § 1" xIsapId="WDU19970880553" xTitle="Ustawa z dnia 6 czerwca 1997 r. - Kodeks karny" xAddress="Dz. U. z 1997 r. Nr 88, poz. 553">art. 275 § 1 k.k.</xLexLink>, penalizującego tego rodzaju zachowanie. Należy podkreślić, iż pominięcie w kwalifikacji prawnej tego przepisu nie byłoby zasadne. Wskazanym zachowaniem oskarżony dopuścił się przestępstwa przeciwko wiarygodności dokumentów, a zatem poprzez pominięcie tego przepisu w podstawie skazania zachowanie oskarżonego nie byłoby wystarczająco napiętnowane.</xText>
          <xText>Mając na uwadze powyższe Sąd zakwalifikował czyn oskarżonego z <xLexLink xArt="art. 148;art. 148 § 1" xIsapId="WDU19970880553" xTitle="Ustawa z dnia 6 czerwca 1997 r. - Kodeks karny" xAddress="Dz. U. z 1997 r. Nr 88, poz. 553">art. 148 § 1 k.k.</xLexLink> w zb. z <xLexLink xArt="art. 280;art. 280 § 2" xIsapId="WDU19970880553" xTitle="Ustawa z dnia 6 czerwca 1997 r. - Kodeks karny" xAddress="Dz. U. z 1997 r. Nr 88, poz. 553">art. 280 § 2 k.k.</xLexLink> w zb. z <xLexLink xArt="art. 275;art. 275 § 1" xIsapId="WDU19970880553" xTitle="Ustawa z dnia 6 czerwca 1997 r. - Kodeks karny" xAddress="Dz. U. z 1997 r. Nr 88, poz. 553">art. 275 § 1 k.k.</xLexLink> w zw. z <xLexLink xArt="art. 11;art. 11 § 2" xIsapId="WDU19970880553" xTitle="Ustawa z dnia 6 czerwca 1997 r. - Kodeks karny" xAddress="Dz. U. z 1997 r. Nr 88, poz. 553">art. 11 § 2 k.k.</xLexLink> i w zw. z <xLexLink xArt="art. 4" xIsapId="WDU19970880553" xTitle="Ustawa z dnia 6 czerwca 1997 r. - Kodeks karny" xAddress="Dz. U. z 1997 r. Nr 88, poz. 553">art. 4 § k.k.</xLexLink>, za co wymierzył oskarżonemu karę dożywotniego pozbawienia wolności.</xText>
          <xText>W ocenie Sądu jedynie taka kara spełni swoje cele zapobiegawcze i wychowawcze względem skazanego.</xText>
          <xText>Wymierzając wskazaną karę Sąd miał na uwadze niezwykle wysoki stopień społecznej szkodliwości popełnionego czynu. Czyn <xAnon>K. M.</xAnon>został skierowany przeciwko najważniejszemu dobru prawnemu, jakim jest życie ludzkie. Należy podkreślić, iż dokonując zabójstwa sprawca naruszył nie tylko wskazane dobro, przysługujące bezpośrednio pokrzywdzonemu, ale też wyrządził niewymowną krzywdę najbliższej rodzinie ofiary.</xText>
          <xText>Co więcej, o znacznym stopniu społecznej szkodliwości popełnionego przez oskarżonego czynu świadczy również to, że <xAnon>K. M.</xAnon>planował zabójstwo i dokonał go z pełną premedytacją. Nie bez znaczenia pozostaje również sposób działania oskarżonego, który przy pierwszym bezpośrednim kontakcie z pokrzywdzonym nawiązał z nim uprzejmą rozmowę, oferując pomoc w przeniesieniu łódki, po czym, gdy pokrzywdzony stanął tyłem do oskarżonego, ten bezlitośnie uderzył siekierą w głowę <xAnon>J. L.</xAnon>. Oskarżony nie zawahał się, a konsekwentnie, „z zimną krwią”, realizował swój cel.</xText>
          <xText>Należy też podkreślić, iż ofiarą oskarżonego była obca, przypadkowa osoba, z którą oskarżony nie pozostawał w żadnym konflikcie – mógł to być każdy z nas, gdyby tego dnia znalazł się na miejscu pokrzywdzonego - co niewątpliwie negatywnie wpływa na stopień winy oskarżonego i stopień społecznej szkodliwości czynu. Nagannie należy ocenić także motywację sprawcy, który działając z zamiarem zaboru cudzego mienia nie wahał się użyć wszelkich możliwych środków (w tym zabójstwa innej osoby) do zrealizowania tego celu.</xText>
          <xText>Na stopień winy oskarżonego wpływa również to, iż to on był organizatorem całego zajścia, angażując w nie kolegę <xAnon>A. A.</xAnon>, a już po dokonaniu zbrodni niejako zaangażował w nią również swojego wujka <xAnon>M. K.</xAnon>, prosząc go o udzielenie pomocy w ukryciu się przed organami ścigania.</xText>
          <xText>W ocenie Sądu także postawa oskarżonego na rozprawie oraz zachowanie w warunkach izolacji w trakcie stosowania wobec niego środka zapobiegawczego, a następnie w czasie odbywania kary pozbawienia wolności, wskazują, że jest on osobą wysoce zdemoralizowaną. Wypowiedź oskarżonego w ostatnim słowie (k. 1999), iż żałuje tego, co zrobił, nie wynikała w ocenie Sądu z rzeczywistego żalu i zrozumienia zaistniałej sytuacji, ale miała na celu uzyskanie jak najkorzystniejszego orzeczenia w zakresie kary. Zdaniem Sądu uczucie żalu jest oskarżonemu obce – co potwierdza treść jego listu do osoby, którą – jak by się mogło wydawać – darzył uczuciem (zob. list, k. 1157-1158). Taki wniosek potwierdza też ustna opinia biegłych psychiatrów, w świetle której oskarżony <xAnon>K. M.</xAnon>jest pozbawiony uczuciowości wyższej, zaś cechy osobowości dyssocjalnej występujące u niego są cechami trwałymi, nie ulegającymi korekcji. Innymi słowy żadne oddziaływanie ani psychiatrów, ani psychologów nie spowoduje, aby oskarżony uczuciowość wyższą nabył. Ponadto cechy osobowości <xAnon>K. M.</xAnon>pozwalają na dokonanie przez niego zabójstwa z zimna krwią i nie wywołują u niego żadnych przeżyć emocjonalnych. Oskarżony ten nie wyciąga też praktycznych wniosków z dotychczasowych doświadczeń życiowych.</xText>
          <xText>Zdaniem Sądu wymierzeniu oskarżonemu kary dożywotniego pozbawienia wolności nie sprzeciwia się treść opinii z Zakładu Karnego w <xAnon>B.</xAnon>, nadesłanej do Sądu w dniu 19 czerwca 2013 r. (k. 1975). Z opinii tej wprawdzie wynika, że <xAnon>K. M.</xAnon>od 2007 r. zmienił swoje zachowanie (z wcześniejszego nagannego). W ocenie Sądu opinia zawiera omyłkę, gdyż z jednej strony wynika z niej, że „w początkowym okresie izolacji zachowanie osadzonego było naganne. Wielokrotnie karany dyscyplinarnie, ostatni raz w dniu 30.06.2009 r. za niedozwolone kontakty z innymi osadzonymi”, a z drugiej strony, że od 2007 r. zachowanie osadzonego uległo poprawie. Nagradzany kodeksowo wielokrotnie, ostatni raz w dniu 8 kwietnia 2013 r.”. Z zestawienia powyższych informacji wynika, że zachowanie <xAnon>K. M.</xAnon>uległo poprawie najwcześniej od drugiej połowy 2009 r., a nie od 2007 r. Niemniej, w ocenie Sądu zmiana na lepsze zachowanie oskarżonego, jaka nastąpiła w warunkach izolacji, nie jest bynajmniej okolicznością, która miałaby zaważyć na orzeczeniu względem oskarżonego łagodniejszej kary niż kara dożywotniego pozbawienia wolności. Poprawa zachowania oskarżonego może świadczyć jedynie o tym, że <xAnon>K. M.</xAnon>przystosował się do warunków panujących w zakładzie karnym, a jednocześnie ukierunkowana jest na doraźne korzyści płynące z poprawnego zachowania w zakładzie karnym w postaci nagród (o których mowa w <xLexLink xArt="art. 137" xIsapId="WDU19970900557" xTitle="Ustawa z dnia 6 czerwca 1997 r. - Kodeks karny wykonawczy" xAddress="Dz. U. z 1997 r. Nr 90, poz. 557">art. 137 i nast. k.k.w.</xLexLink>, np. dodatkowe lub dłuższe widzenie, nagrody rzeczowe czy pieniężne). Trzeba też zauważyć, iż <xAnon>K. M.</xAnon>deklaruje przynależność do podkultury przestępczej grypsujących i choć nie odnotowano na tym tle żadnych negatywnych zachowań oskarżonego, okoliczność ta świadczy o tym, że oskarżony odnalazł się w tym środowisku i kultywuje kryminalne praktyki.</xText>
          <xText>Do okoliczności obciążających <xAnon>K. M.</xAnon>należy niewątpliwie jego uprzednia karalność (wyrokiem Sądu Rejonowego w <xAnon>N.</xAnon>z dnia 23 listopada 2004 r. w sprawie II K <xAnon>(...)</xAnon><xAnon>K. M.</xAnon>został skazany za popełnienie przestępstwa z <xLexLink xArt="art. 278;art. 278 § 1" xIsapId="WDU19970880553" xTitle="Ustawa z dnia 6 czerwca 1997 r. - Kodeks karny" xAddress="Dz. U. z 1997 r. Nr 88, poz. 553">art. 278 §1 k.k.</xLexLink> na karę 1 roku pozbawienia wolności, której wykonanie zawieszono tytułem próby na okres 3 lat, przy czym karę tę odwieszono postanowieniem tego Sądu z dnia 20 lutego 2006 r.; wyrokiem Sądu Rejonowego w <xAnon>N.</xAnon>z dnia 8 grudnia 2005 r. w sprawie II K <xAnon>(...)</xAnon><xAnon>K. M.</xAnon>został skazany za popełnienie przestępstwa z <xLexLink xArt="art. 279;art. 279 § 1" xIsapId="WDU19970880553" xTitle="Ustawa z dnia 6 czerwca 1997 r. - Kodeks karny" xAddress="Dz. U. z 1997 r. Nr 88, poz. 553">art. 279 §1 k.k.</xLexLink> w zw. z <xLexLink xArt="art. 91;art. 91 § 1" xIsapId="WDU19970880553" xTitle="Ustawa z dnia 6 czerwca 1997 r. - Kodeks karny" xAddress="Dz. U. z 1997 r. Nr 88, poz. 553">art. 91 § 1 k.k.</xLexLink> i z <xLexLink xArt="art. 263;art. 263 § 2" xIsapId="WDU19970880553" xTitle="Ustawa z dnia 6 czerwca 1997 r. - Kodeks karny" xAddress="Dz. U. z 1997 r. Nr 88, poz. 553">art. 263 § 2 k.k.</xLexLink> na karę łączną 2 lat pozbawienia wolności – zob. informacja z KRK, k. 1961).</xText>
          <xText>Ponadto z przeprowadzonego wywiadu środowiskowego wynika, że <xAnon>K. M.</xAnon>miał negatywną opinię w miejscu zamieszkania. Często spożywał alkohol, po którym stawał się agresywny, wdawał się w bójki.</xText>
          <xText>W kontekście powyższej zbrodni okolicznością szczególnie łagodzącą nie jest również młody wiek oskarżonego w chwili popełnienia czynu (niespełna 19 lat). Wręcz przeciwnie - wysoki stopień demoralizacji oskarżonego (o czym była mowa wyżej) w tak młodym wieku budzi niepokój i tym bardziej przemawia za odizolowaniem <xAnon>K. M.</xAnon>na długi czas od reszty społeczeństwa.</xText>
          <xText>Kara dożywotniego pozbawienia wolności wymierzona <xAnon>K. M.</xAnon>jest z pewnością karą surową, lecz w ocenie Sądu w tym przypadku jest to kara sprawiedliwa i adekwatna zarówno do stopnia winy oskarżonego jak i stopnia społecznej szkodliwości popełnionego przez niego czynu.</xText>
          <xText>Dodać również należy, że mając na uwadze dyrektywę szczególną opisaną w <xLexLink xArt="art. 54;art. 54 § 1" xIsapId="WDU19970880553" xTitle="Ustawa z dnia 6 czerwca 1997 r. - Kodeks karny" xAddress="Dz. U. z 1997 r. Nr 88, poz. 553">art. 54 § 1 k.k.</xLexLink> jedynie ta kara będzie w stanie realizować cele wychowawcze wobec oskarżonego, będącego sprawcą młodocianym. Trzeba tu zauważyć, że zawarte w <xLexLink xArt="art. 115;art. 115 § 10" xIsapId="WDU19970880553" xTitle="Ustawa z dnia 6 czerwca 1997 r. - Kodeks karny" xAddress="Dz. U. z 1997 r. Nr 88, poz. 553">art. 115 § 10 k.k.</xLexLink> sformułowanie "w czasie orzekania w pierwszej instancji" dotyczy czasu orzekania w tej instancji po raz pierwszy w sprawie. Sprawca, który zatem w tym czasie był młodocianym w rozumieniu <xLexLink xArt="art. 115;art. 115 § 10" xIsapId="WDU19970880553" xTitle="Ustawa z dnia 6 czerwca 1997 r. - Kodeks karny" xAddress="Dz. U. z 1997 r. Nr 88, poz. 553">art. 115 § 10 k.k.</xLexLink>, zachowuje ten status do zakończenia postępowania prawomocnym orzeczeniem (uchwała Sądu Najwyższego z dnia 20 czerwca 2012 r., sygn. akt I KZP 5/12, LEX nr 1168857).</xText>
          <xText>Zgodnie z dyspozycją <xLexLink xArt="art. 63;art. 63 § 1" xIsapId="WDU19970880553" xTitle="Ustawa z dnia 6 czerwca 1997 r. - Kodeks karny" xAddress="Dz. U. z 1997 r. Nr 88, poz. 553">art. 63 §1 k.k.</xLexLink> na poczet wymierzonej oskarżonym kary pozbawienia wolności Sąd zaliczył oskarżonym okres tymczasowego aresztowania odpowiednio w stosunku do: <xAnon>K. M.</xAnon> od dnia 09 października 2005 r. do dnia 22 grudnia 2005r. i od dnia 31 grudnia 2008 r. do dnia 15 kwietnia 2013 r. (pkt 2 wyroku).</xText>
          <xText>O wynagrodzeniu dla obrońcy z urzędu orzeczono jak w pkt.3 wyroku.</xText>
          <xText>Mając na uwadze sytuację majątkową oskarżonego Sąd w oparciu o <xLexLink xArt="art. 624;art. 624 § 1" xIsapId="WDU19970890555" xTitle="Ustawa z dnia 6 czerwca 1997 r. - Kodeks postępowania karnego" xAddress="Dz. U. z 1997 r. Nr 89, poz. 555">art. 624 §1 k.p.k.</xLexLink> zwolnił go w całości od zapłaty na rzecz Skarbu Państwa należnych kosztów sądowych, uznając iż nie będzie ich w stanie ponieść (pkt 4 wyroku).</xText>
        </xUnit>
      </xBlock>
    </xPart>
  </judgement>
<judgement id="150500000001006_II_AKa_000122_2013_Uz_2013-07-04_001">
    <xPart xEditorFullName="Magdalena Suchocka" xYear="2013" xLang="PL" xPublisherFullName="Beata Zielińska" xFromPg="1" xEditor="msuchocka01" xVolType="15/050000/0001006/AKa" xPublisher="bzielinska" xDocType="Uz" xVolNmbr="000122" xVersion="1.0" xToPage="15" xFlag="published">
      <xName>Wyrok+Uzasadnienie</xName>
      <xBlock>
        <xText>Sygn. akt II AKa 122/13</xText>
        
        <xUnit xIsTitle="true" xBold="true" xType="part">
          <xName>WYROK</xName>
          <xTitle>W IMIENIU RZECZYPOSPOLITEJ POLSKIEJ</xTitle>
          <xText xALIGNx="right">       Dnia 4 lipca 2013 r.</xText>
          
          <xText>Sąd Apelacyjny w Białymstoku w II Wydziale Karnym w składzie</xText>
          
          <xRows>
            <xCOLGROUPx>
              <xCOLx xWIDTHx="269"/>
              <xCOLx xWIDTHx="441"/>
            </xCOLGROUPx>
            <xRow>
              <xClmn xALIGNx="left" xVALIGNx="top">
                <xText xALIGNx="right">Przewodniczący</xText>
              </xClmn>
              <xClmn xALIGNx="left" xVALIGNx="top">
                <xText>SSA Andrzej Ulitko</xText>
              </xClmn>
            </xRow>
            <xRow>
              <xClmn xALIGNx="left" xVALIGNx="top">
                <xText xALIGNx="right">Sędziowie</xText>
              </xClmn>
              <xClmn xALIGNx="left" xVALIGNx="top">
                <xText>SSA Andrzej Czapka (spr.)</xText>
                <xText>SSA Alina Kamińska</xText>
              </xClmn>
            </xRow>
            <xRow>
              <xClmn xALIGNx="left" xVALIGNx="top">
                <xText xALIGNx="right">Protokolant</xText>
              </xClmn>
              <xClmn xALIGNx="left" xVALIGNx="top">
                <xText>Barbara Mosiej</xText>
              </xClmn>
            </xRow>
          </xRows>
          
          <xText>przy udziale Janusza Kordulskiego - Prokuratora Prokuratury Apelacyjnej w Białymstoku</xText>
          
          <xText>po rozpoznaniu w dniu 4 lipca 2013 r.</xText>
          <xText>sprawy:</xText>
          <xUnit xIsTitle="false" xType="none">
            <xName xSffx=".">1</xName>
            <xText><xBx><xAnon>K. H. (1)</xAnon></xBx>oskarżonego z <xLexLink xArt="art. 278;art. 278 § 1" xIsapId="WDU19970880553" xTitle="Ustawa z dnia 6 czerwca 1997 r. - Kodeks karny" xAddress="Dz. U. z 1997 r. Nr 88, poz. 553">art.278§1 kk</xLexLink> w zw. z <xLexLink xArt="art. 290;art. 290 § 1" xIsapId="WDU19970880553" xTitle="Ustawa z dnia 6 czerwca 1997 r. - Kodeks karny" xAddress="Dz. U. z 1997 r. Nr 88, poz. 553">art. 290§1 kk</xLexLink> w zw. z <xLexLink xArt="art. 294;art. 294 § 1" xIsapId="WDU19970880553" xTitle="Ustawa z dnia 6 czerwca 1997 r. - Kodeks karny" xAddress="Dz. U. z 1997 r. Nr 88, poz. 553">art. 294§1 kk</xLexLink> w zw. z <xLexLink xArt="art. 12" xIsapId="WDU19970880553" xTitle="Ustawa z dnia 6 czerwca 1997 r. - Kodeks karny" xAddress="Dz. U. z 1997 r. Nr 88, poz. 553">art. 12 kk</xLexLink></xText>
          </xUnit>
          <xUnit xIsTitle="false" xType="none">
            <xName xSffx=".">2</xName>
            <xText><xBx><xAnon>A. H. (1)</xAnon></xBx>oskarżonego z <xLexLink xArt="art. 278;art. 278 § 1" xIsapId="WDU19970880553" xTitle="Ustawa z dnia 6 czerwca 1997 r. - Kodeks karny" xAddress="Dz. U. z 1997 r. Nr 88, poz. 553">art. 278§1 kk</xLexLink> w zw. z <xLexLink xArt="art. 290;art. 290 § 1" xIsapId="WDU19970880553" xTitle="Ustawa z dnia 6 czerwca 1997 r. - Kodeks karny" xAddress="Dz. U. z 1997 r. Nr 88, poz. 553">art. 290§1 kk</xLexLink> w zw. z <xLexLink xArt="art. 294;art. 294 § 1" xIsapId="WDU19970880553" xTitle="Ustawa z dnia 6 czerwca 1997 r. - Kodeks karny" xAddress="Dz. U. z 1997 r. Nr 88, poz. 553">art. 294§1 kk</xLexLink> w zw. z <xLexLink xArt="art. 12" xIsapId="WDU19970880553" xTitle="Ustawa z dnia 6 czerwca 1997 r. - Kodeks karny" xAddress="Dz. U. z 1997 r. Nr 88, poz. 553">art. 12 kk</xLexLink></xText>
          </xUnit>
          <xUnit xIsTitle="false" xType="none">
            <xName xSffx=".">3</xName>
            <xText><xBx><xAnon>H. S.</xAnon></xBx>oskarżonego z <xLexLink xArt="art. 18;art. 18 § 3" xIsapId="WDU19970880553" xTitle="Ustawa z dnia 6 czerwca 1997 r. - Kodeks karny" xAddress="Dz. U. z 1997 r. Nr 88, poz. 553">art.18§3 kk</xLexLink> w zw. z <xLexLink xArt="art. 290;art. 290 § 1" xIsapId="WDU19970880553" xTitle="Ustawa z dnia 6 czerwca 1997 r. - Kodeks karny" xAddress="Dz. U. z 1997 r. Nr 88, poz. 553">art. 290§1 kk</xLexLink> w zw. z <xLexLink xArt="art. 278;art. 278 § 1" xIsapId="WDU19970880553" xTitle="Ustawa z dnia 6 czerwca 1997 r. - Kodeks karny" xAddress="Dz. U. z 1997 r. Nr 88, poz. 553">art. 278§1 kk</xLexLink></xText>
          </xUnit>
          <xText>z powodu apelacji wniesionych przez obrońców oskarżonych</xText>
          <xText>od wyroku Sądu Okręgowego w Białymstoku</xText>
          <xText>z dnia 22 marca 2013 r. sygn. akt III K 48/12</xText>
          <xText>uchyla zaskarżony wyrok i sprawę przekazuje do ponownego rozpoznania Sądowi Okręgowemu w Białymstoku.</xText>
        </xUnit>
        <xUnit xIsTitle="true" xBold="true" xType="part">
          <xName>UZASADNIENIE</xName>
          <xUnit xIsTitle="false" xType="none">
            <xName xSffx=".">1</xName>
            <xText>
              <xAnon>K. H. (1)</xAnon>
            </xText>
          </xUnit>
          <xUnit xIsTitle="false" xType="none">
            <xName xSffx=".">2</xName>
            <xText>
              <xAnon>A. H. (1)</xAnon>
            </xText>
          </xUnit>
          <xText>zostali oskarżeni o to, że w okresie od października 2009 r. do dnia 25 marca 2010 r. w <xAnon>B.</xAnon>, działając w celu przywłaszczenia, wspólnie i w porozumieniu, jako właściciele <xAnon> firm (...)</xAnon> oraz PW <xAnon>H.</xAnon> dokonali wyrębu drzewa w lesie w <xAnon> (...)</xAnon><xAnon>K.</xAnon>, na <xAnon>działkach (...)</xAnon> w ilości 2.213 m3 o łącznej wartości 286.811 zł, co stanowi mienie znacznej wartości, na szkodę Gminy <xAnon>B.</xAnon>, przy czym 90% tej ilości drzewa o wartości 258.130 zł wywieźli z terenu lasu i przywłaszczyli,</xText>
          <xText>tj. o czyn z <xLexLink xArt="art. 278;art. 278 § 1" xIsapId="WDU19970880553" xTitle="Ustawa z dnia 6 czerwca 1997 r. - Kodeks karny" xAddress="Dz. U. z 1997 r. Nr 88, poz. 553">art. 278 § 1 kk</xLexLink>. w zw. z <xLexLink xArt="art. 290;art. 290 § 1" xIsapId="WDU19970880553" xTitle="Ustawa z dnia 6 czerwca 1997 r. - Kodeks karny" xAddress="Dz. U. z 1997 r. Nr 88, poz. 553">art. 290 § 1 kk</xLexLink> w zw. z <xLexLink xArt="art. 294;art. 294 § 1" xIsapId="WDU19970880553" xTitle="Ustawa z dnia 6 czerwca 1997 r. - Kodeks karny" xAddress="Dz. U. z 1997 r. Nr 88, poz. 553">art. 294 § 1 kk</xLexLink></xText>
          
          <xUnit xIsTitle="false" xType="none">
            <xName xSffx=".">3</xName>
            <xText><xAnon>H. S.</xAnon> został oskarżony o to, że :</xText>
          </xUnit>
          <xText>w okresie od 4 października 2009 r. do dnia 25 marca 2010 r. w <xAnon>B.</xAnon>, pełniąc funkcję Dyrektora<xAnon>Aeroklubu (...)</xAnon>, działając w celu osiągnięcia korzyści majątkowej ułatwił <xAnon>K. H. (1)</xAnon>i <xAnon>A. H. (1)</xAnon>dokonanie wyrębu drzewa w lesie w <xAnon>(...)</xAnon><xAnon>K.</xAnon>, na <xAnon>działkach (...)</xAnon>w ilości 2.213 m3 o łącznej wartości 286.811 zł na szkodę Gminy <xAnon>B.</xAnon>, w ten sposób, że zlecił im wykonanie tej czynności, mając przy tym świadomość, że na powyższe nie uzyskał zgody od właściciela tj. Gminy <xAnon>B.</xAnon>,</xText>
          <xText>tj. o czyn z <xLexLink xArt="art. 18;art. 18 § 3" xIsapId="WDU19970880553" xTitle="Ustawa z dnia 6 czerwca 1997 r. - Kodeks karny" xAddress="Dz. U. z 1997 r. Nr 88, poz. 553">art. 18 § 3 kk</xLexLink> w zw. z <xLexLink xArt="art. 290;art. 290 § 1" xIsapId="WDU19970880553" xTitle="Ustawa z dnia 6 czerwca 1997 r. - Kodeks karny" xAddress="Dz. U. z 1997 r. Nr 88, poz. 553">art. 290 § 1 kk</xLexLink> w zw. z <xLexLink xArt="art. 278;art. 278 § 1" xIsapId="WDU19970880553" xTitle="Ustawa z dnia 6 czerwca 1997 r. - Kodeks karny" xAddress="Dz. U. z 1997 r. Nr 88, poz. 553">art. 278 § 1 kk</xLexLink></xText>
          
          <xText>Sąd Okręgowy w Białymstoku wyrokiem z dnia 22 marca 2013 r. w sprawie III K 48/12:</xText>
          <xUnit xIsTitle="false" xType="none">
            <xName xSffx=".">I</xName>
            <xText>Oskarżonych <xAnon>K. H. (1)</xAnon>i <xAnon>A. H. (1)</xAnon>uznał za winnych tego, że w okresie od października 2009 r. do dnia 26 marca 2010 r. w <xAnon>B.</xAnon>, działając wspólnie i w porozumieniu, w krótkich ostępach czasu w wykonaniu z góry powziętego zamiaru oraz w celu przywłaszczenia, jako właściciel <xAnon>firm (...)</xAnon>oraz PW <xAnon>H.</xAnon><xAnon>A. H. (1)</xAnon>dokonali wyrębu drzewa w lesie w <xAnon>(...)</xAnon><xAnon>K.</xAnon>, na <xAnon>działkach (...)</xAnon>w ilości 2102 m3 o łącznej wartości 272.470 zł, co stanowi mienie znacznej wartości, na szkodę Gminy <xAnon>B.</xAnon>, przy czym 90% tej ilości drzewa o wartości 245.223 zł wywieźli z terenu lasu i przywłaszczyli, tj. popełnienia czynu <xLexLink xArt="art. 278;art. 278 § 1" xIsapId="WDU19970880553" xTitle="Ustawa z dnia 6 czerwca 1997 r. - Kodeks karny" xAddress="Dz. U. z 1997 r. Nr 88, poz. 553">art. 278 § 1 kk</xLexLink> w zw. z <xLexLink xArt="art. 290;art. 290 § 1" xIsapId="WDU19970880553" xTitle="Ustawa z dnia 6 czerwca 1997 r. - Kodeks karny" xAddress="Dz. U. z 1997 r. Nr 88, poz. 553">art. 290 § 1 kk</xLexLink> w zw. z <xLexLink xArt="art. 294;art. 294 § 1" xIsapId="WDU19970880553" xTitle="Ustawa z dnia 6 czerwca 1997 r. - Kodeks karny" xAddress="Dz. U. z 1997 r. Nr 88, poz. 553">art. 294 § 1 kk</xLexLink> w zw. z <xLexLink xArt="art. 12" xIsapId="WDU19970880553" xTitle="Ustawa z dnia 6 czerwca 1997 r. - Kodeks karny" xAddress="Dz. U. z 1997 r. Nr 88, poz. 553">art. 12 kk</xLexLink> i za to na podstawi <xLexLink xArt="art. 278;art. 278 § 1" xIsapId="WDU19970880553" xTitle="Ustawa z dnia 6 czerwca 1997 r. - Kodeks karny" xAddress="Dz. U. z 1997 r. Nr 88, poz. 553">art. 278 § 1 kk</xLexLink> w zw. z <xLexLink xArt="art. 290;art. 290 § 1" xIsapId="WDU19970880553" xTitle="Ustawa z dnia 6 czerwca 1997 r. - Kodeks karny" xAddress="Dz. U. z 1997 r. Nr 88, poz. 553">art. 290 § 1 kk</xLexLink> w zw. z <xLexLink xArt="art. 294;art. 294 § 1" xIsapId="WDU19970880553" xTitle="Ustawa z dnia 6 czerwca 1997 r. - Kodeks karny" xAddress="Dz. U. z 1997 r. Nr 88, poz. 553">art. 294 § 1 kk</xLexLink> w zw. z <xLexLink xArt="art. 12" xIsapId="WDU19970880553" xTitle="Ustawa z dnia 6 czerwca 1997 r. - Kodeks karny" xAddress="Dz. U. z 1997 r. Nr 88, poz. 553">art. 12 kk</xLexLink> w zw. z <xLexLink xArt="art. 4;art. 4 § 1" xIsapId="WDU19970880553" xTitle="Ustawa z dnia 6 czerwca 1997 r. - Kodeks karny" xAddress="Dz. U. z 1997 r. Nr 88, poz. 553">art. 4 § 1 kk</xLexLink> skazał każdego z tych oskarżonych, zaś na mocy <xLexLink xArt="art. 294;art. 294 § 1" xIsapId="WDU19970880553" xTitle="Ustawa z dnia 6 czerwca 1997 r. - Kodeks karny" xAddress="Dz. U. z 1997 r. Nr 88, poz. 553">art. 294 § 1 kk</xLexLink> w zw. z <xLexLink xArt="art. 33;art. 33 § 2" xIsapId="WDU19970880553" xTitle="Ustawa z dnia 6 czerwca 1997 r. - Kodeks karny" xAddress="Dz. U. z 1997 r. Nr 88, poz. 553">art. 33 § 2 kk</xLexLink> wymierzył każdemu z tych oskarżonych kary po 2 (dwa) lata pozbawienia wolności oraz grzywnę w wymiarze po 150 (sto pięćdziesiąt) stawek dziennych przyjmując wysokość jednej stawki dziennej za równoważną kwocie 50 (pięćdziesięciu) złotych.</xText>
          </xUnit>
          <xUnit xIsTitle="false" xType="none">
            <xName xSffx=".">II</xName>
            <xText>Oskarżonego <xAnon>H. S.</xAnon>uznał za winnego tego, że w dniu 4 listopada 2009 r. pełniąc funkcję dyrektora <xAnon>Aeroklubu (...)</xAnon>, działając w celu osiągnięcia korzyści majątkowej, ułatwił <xAnon>K. H. (1)</xAnon>i <xAnon>A. H. (1)</xAnon>dokonanie wyrębu i kradzieży drzewa w lesie do którego doszło w okresie od 4 października 2009 r. do 26 marca 2010 r. w <xAnon>(...)</xAnon><xAnon>K.</xAnon>, na <xAnon>działkach (...)</xAnon>, w ilości 2102 m3 o łącznej wartości 272.470 zł na szkodę Gminy <xAnon>B.</xAnon>, w ten sposób, że zlecił <xAnon>K. H. (1)</xAnon>prowadzącemu <xAnon>firmę (...)</xAnon>wykonanie prac na tym terenie polegających m.in. na usunięciu drzew, zaś jako zapłatę za tę czynność wskazując uzyskaną przy okazji tych prac biomasę, mając przy tym świadomość, że nie uzyskał na to zgody od właściciela lasu tj. Gminy <xAnon>B.</xAnon>, tj. popełnienia czynu z <xLexLink xArt="art. 18;art. 18 § 3" xIsapId="WDU19970880553" xTitle="Ustawa z dnia 6 czerwca 1997 r. - Kodeks karny" xAddress="Dz. U. z 1997 r. Nr 88, poz. 553">art. 18 § 3 kk</xLexLink> w zw. z <xLexLink xArt="art. 290;art. 290 § 1" xIsapId="WDU19970880553" xTitle="Ustawa z dnia 6 czerwca 1997 r. - Kodeks karny" xAddress="Dz. U. z 1997 r. Nr 88, poz. 553">art. 290 §1 kk</xLexLink> w zw. z <xLexLink xArt="art. 278;art. 278 § 1" xIsapId="WDU19970880553" xTitle="Ustawa z dnia 6 czerwca 1997 r. - Kodeks karny" xAddress="Dz. U. z 1997 r. Nr 88, poz. 553">art. 278 § 1 kk</xLexLink> i za to na podstawie <xLexLink xArt="art. 18;art. 18 § 3" xIsapId="WDU19970880553" xTitle="Ustawa z dnia 6 czerwca 1997 r. - Kodeks karny" xAddress="Dz. U. z 1997 r. Nr 88, poz. 553">art. 18 § 3 kk</xLexLink> w zw. z <xLexLink xArt="art. 290;art. 290 § 1" xIsapId="WDU19970880553" xTitle="Ustawa z dnia 6 czerwca 1997 r. - Kodeks karny" xAddress="Dz. U. z 1997 r. Nr 88, poz. 553">art. 290 § 1 kk</xLexLink> w zw. z <xLexLink xArt="art. 278;art. 278 § 1" xIsapId="WDU19970880553" xTitle="Ustawa z dnia 6 czerwca 1997 r. - Kodeks karny" xAddress="Dz. U. z 1997 r. Nr 88, poz. 553">art. 278 § 1 kk</xLexLink> w zw. z <xLexLink xArt="art. 4;art. 4 § 1" xIsapId="WDU19970880553" xTitle="Ustawa z dnia 6 czerwca 1997 r. - Kodeks karny" xAddress="Dz. U. z 1997 r. Nr 88, poz. 553">art. 4 § 1 kk</xLexLink> skazał oskarżonego, zaś na mocy <xLexLink xArt="art. 19;art. 19 § 1" xIsapId="WDU19970880553" xTitle="Ustawa z dnia 6 czerwca 1997 r. - Kodeks karny" xAddress="Dz. U. z 1997 r. Nr 88, poz. 553">art. 19 § 1 kk</xLexLink>, w zw. z <xLexLink xArt="art. 278;art. 278 § 1" xIsapId="WDU19970880553" xTitle="Ustawa z dnia 6 czerwca 1997 r. - Kodeks karny" xAddress="Dz. U. z 1997 r. Nr 88, poz. 553">art. 278 § 1 kk</xLexLink> w zw. z <xLexLink xArt="art. 33;art. 33 § 2" xIsapId="WDU19970880553" xTitle="Ustawa z dnia 6 czerwca 1997 r. - Kodeks karny" xAddress="Dz. U. z 1997 r. Nr 88, poz. 553">art. 33 § 2 kk</xLexLink> wymierzył mu karę 1 (jednego) roku i 6 (sześciu) miesięcy pozbawienia wolności oraz grzywnę w wymiarze 100 (stu) stawek dziennych przyjmując wysokość jednej stawki dziennej za równoważną kwocie 50 (pięćdziesięciu) złotych.</xText>
          </xUnit>
          <xUnit xIsTitle="false" xType="none">
            <xName xSffx=".">III</xName>
            <xText>Na mocy <xLexLink xArt="art. 69;art. 69 § 1;art. 69 § 2" xIsapId="WDU19970880553" xTitle="Ustawa z dnia 6 czerwca 1997 r. - Kodeks karny" xAddress="Dz. U. z 1997 r. Nr 88, poz. 553">art. 69 § 1 i 2 kk</xLexLink> i <xLexLink xArt="art. 70;art. 70 § 1;art. 70 § 1 pkt. 1" xIsapId="WDU19970880553" xTitle="Ustawa z dnia 6 czerwca 1997 r. - Kodeks karny" xAddress="Dz. U. z 1997 r. Nr 88, poz. 553">art. 70 § 1 pkt. 1 kk</xLexLink> wykonanie orzeczonej wobec wszystkich oskarżonych kary pozbawienia wolności warunkowo zawiesił na okres próby wynoszący 4 (cztery) lata wobec oskarżonych <xAnon>K. H. (1)</xAnon> i <xAnon>A. H. (1)</xAnon> i wynoszący 3 (trzy) lata wobec oskarżonego <xAnon>H. S.</xAnon>.</xText>
          </xUnit>
          <xUnit xIsTitle="false" xType="none">
            <xName xSffx=".">IV</xName>
            <xText>Na mocy <xLexLink xArt="art. 290;art. 290 § 2" xIsapId="WDU19970880553" xTitle="Ustawa z dnia 6 czerwca 1997 r. - Kodeks karny" xAddress="Dz. U. z 1997 r. Nr 88, poz. 553">art. 290 § 2 kk</xLexLink> orzekł od każdego z oskarżonych <xAnon>K. H. (1)</xAnon>, <xAnon>A. H. (1)</xAnon> i <xAnon>H. S.</xAnon> nawiązkę na rzecz pokrzywdzonego Gminy <xAnon>B.</xAnon> w kwocie 544.940 zł (pięćset czterdzieści cztery tysiące dziewięćset czterdzieści złotych) od każdego z tych oskarżonych.</xText>
          </xUnit>
          <xUnit xIsTitle="false" xType="none">
            <xName xSffx=".">V</xName>
            <xText>Uwzględnił powództwo cywilne w całości w zasądził od <xAnon>K. H. (1)</xAnon> na rzecz Gminy <xAnon>B.</xAnon> kwotę 272.470 zł (dwieście siedemdziesiąt dwa tysiące czterysta siedemdziesiąt złotych) z odsetkami ustawowymi od dnia 17.09.2012 r. do dnia zapłaty.</xText>
          </xUnit>
          <xUnit xIsTitle="false" xType="none">
            <xName xSffx=".">VI</xName>
            <xText>Zasądził od <xAnon>K. H. (1)</xAnon> na rzecz Gminy <xAnon>B.</xAnon> kwotę 600 zł (sześćset złotych) tytułem zwrotu kosztów zastępstwa procesowego udzielonego powodowi cywilnemu przez radcę prawnego.</xText>
          </xUnit>
          <xUnit xIsTitle="false" xType="none">
            <xName xSffx=".">VII</xName>
            <xText>Zasądził od oskarżonych na rzecz Skarbu Państwa opłaty:</xText>
          </xUnit>
          <xText>- w kwocie 15.423 złotych (piętnaście tysięcy czterysta dwadzieścia trzy złote) od oskarżonego <xAnon>K. H. (1)</xAnon>,</xText>
          <xText>- w kwocie 1.800 zł (jeden tysiąc osiemset złotych) od oskarżonego <xAnon>A. H. (1)</xAnon>,</xText>
          <xText>- w kwocie 1.300 zł (jeden tysiąc trzysta złotych) od oskarżonego <xAnon>H. S.</xAnon></xText>
          <xText>oraz obciążył ich pozostałymi kosztami sądowymi w częściach równych tj. w kwotach po 1722,28 złotych (jeden tysiąc siedemset dwadzieścia dwa złote 28/100) od każdego z oskarżonych.</xText>
          
          <xText>Wyrok powyższy zaskarżyli obrońcy oskarżonych.</xText>
          
          <xText><xBx>Obrońca oskarżonego <xAnon>A. H. (1)</xAnon></xBx>na podstawie <xLexLink xArt="art. 438;art. 438 pkt. 1;art. 438 pkt. 2;art. 438 pkt. 3" xIsapId="WDU19970890555" xTitle="Ustawa z dnia 6 czerwca 1997 r. - Kodeks postępowania karnego" xAddress="Dz. U. z 1997 r. Nr 89, poz. 555">art. 438 pkt 1,2 i 3 kpk</xLexLink> zarzucił wyrokowi:</xText>
          <xUnit xIsTitle="false" xType="none">
            <xName xSffx=".">1</xName>
            <xText>Błąd w ustaleniach faktycznych przyjętych za podstawę orzeczenia i mający wpływ na jego treść polegający na uznaniu, że oskarżony <xAnon>A. H. (1)</xAnon> działając z zamiarem bezpośrednim dokonał wyrębu drzewa w celu jego przywłaszczenia w sytuacji, gdy:</xText>
            <xUnit xIsTitle="false" xType="none">
              <xName xSffx=")">a</xName>
              <xText>Firma <xAnon>A. H. (1)</xAnon>działała na podstawie umowy z firmą oskarżonego <xAnon>K. H. (1)</xAnon>, a ta z kolei na podstawie umowy ze stowarzyszeniem Aeroklub<xAnon>B.</xAnon>;</xText>
            </xUnit>
            <xUnit xIsTitle="false" xType="none">
              <xName xSffx=")">b</xName>
              <xText>Prace wykonywane przez pracowników firm oskarżonych były nadzorowane przez pracownika Nadleśnictwa <xAnon>D.</xAnon> w <xAnon>B.</xAnon><xAnon>J. S.</xAnon>, który przynajmniej kilka razy w tygodniu przebywał na terenie prowadzonych prac wycinkowych oraz ponad osiemdziesiąt razy kontaktował się telefonicznie z oskarżonym <xAnon>K. H. (1)</xAnon> w okresie objętym zarzutem;</xText>
            </xUnit>
            <xUnit xIsTitle="false" xType="none">
              <xName xSffx=")">c</xName>
              <xText>Przedstawiciele zleceniodawcy stowarzyszenia Aeroklub <xAnon>(...)</xAnon>byli codziennie obecni na miejscu wycinki i nie mieli zastrzeżeń do prowadzonych przez firmy oskarżonych prac;</xText>
            </xUnit>
            <xUnit xIsTitle="false" xType="none">
              <xName xSffx=")">d</xName>
              <xText>Prace były prowadzone przez prawie sześć miesięcy na dużym obszarze, wielokrotnie na miejscu pojawili się strażnicy miejscy, a także <xAnon>M. S.</xAnon>– urzędniczka Departamentu <xAnon>(...)</xAnon>Urzędu Miejskiego w <xAnon>B.</xAnon>i nie kwestionowali legalności dokonywanej wycinki.</xText>
            </xUnit>
            <xUnit xIsTitle="false" xType="none">
              <xName xSffx=".">2</xName>
              <xText>Obrazę przepisów prawa procesowego, która miała wpływ na treść rozstrzygnięcia tj.:</xText>
              <xUnit xIsTitle="false" xType="none">
                <xName xSffx=")">a</xName>
                <xText>196 <xLexLink xArt="§ 3" xIsapId="WDU19970890555" xTitle="Ustawa z dnia 6 czerwca 1997 r. - Kodeks postępowania karnego" xAddress="Dz. U. z 1997 r. Nr 89, poz. 555">§ 3 kpk</xLexLink> poprzez jego niezastosowanie, podczas gdy biegły sporządzający opinię w sprawie wykonywał operaty szacunkowe na zlecenie strony postępowania tj. powoda cywilnego Gminy <xAnon>B.</xAnon> co rodzi uzasadnione wątpliwości co do bezstronności biegłego;</xText>
              </xUnit>
              <xUnit xIsTitle="false" xType="none">
                <xName xSffx=")">b</xName>
                <xText><xLexLink xArt="art. 7" xIsapId="WDU19970890555" xTitle="Ustawa z dnia 6 czerwca 1997 r. - Kodeks postępowania karnego" xAddress="Dz. U. z 1997 r. Nr 89, poz. 555">Art. 7 kpk</xLexLink> w zw. z <xLexLink xArt="art. 201" xIsapId="WDU19970890555" xTitle="Ustawa z dnia 6 czerwca 1997 r. - Kodeks postępowania karnego" xAddress="Dz. U. z 1997 r. Nr 89, poz. 555">art. 201 kpk</xLexLink> polegającą na uznaniu opinii biegłego <xAnon>M. A.</xAnon> za spójną, logiczną i pełną, co w konsekwencji było podstawą do oddalenia wniosku obrońcy oskarżonego <xAnon>A. H. (1)</xAnon> o dopuszczenie dowodu z opinii innego biegłego, w sytuacji gdy:</xText>
              </xUnit>
            </xUnit>
          </xUnit>
          <xText>- opinia została sporządzona na podstawie operatu urządzeniowego dla lasów położonych na terenie miasta <xAnon>B.</xAnon> powstałego w 2003 r. i nie uwzględnia, iż od daty sporządzenia operatu do daty rozpoczęcia wycinki mogło dojść do powaleń drzew na skutek anomalii pogodowych lub złego stanu zdrowotnego ewentualnie do nielegalnej wycinki drzew;</xText>
          <xText>- opinia nie wskazuje ile drzew wycięto, biegły nie sporządził szacunku metodą posztuczną, która pozwoliłaby na dokładne określenie ilości wyciętych drzew, ich stanu zdrowotnego oraz całkowitej masy pozyskanego drzewa oraz jej wartości;</xText>
          <xText>- opinia jest nielogiczna – np. w wydzieleniu 20 a (k. 159 akt sprawy) biegły określa wiek drzewa na 35 lat wg stanu na grudzień 2009 r., a wg stanu na dzień 26 marca 2010 . określa wiek drzewa już na 45 lat, mimo, że od daty rozpoczęcia prac do ich zakończenia upłynęło niespełna 6 miesięcy;</xText>
          <xText>- biegły błędnie przyjął, że nie można było zastosować metody posztusznej bowiem mierzenie i liczenie pni porą zimową było niemożliwe na skutek pokrywy śnieżnej natomiast późną wiosną z uwagi na ulistnione zwarte kępy odrośli i samosiewów (k. 158), podczas gdy posłużyć metodą posztuczną mógł się wczesną wiosną, po ustąpieniu pokrywy śnieżnej;</xText>
          <xText>- operat szacunkowy z 2003 r. będący podstawą opinii jest sprzeczny z opisami taksacyjnymi dokonanymi przez biegłego na podstawie oględzin miejsca wycinki – np. w wydzieleniu 205 (k. 159) operat szacunkowy wskazuje na skład gatunkowy: 4 Osika – 50 lat, 3 Osika 35 lat, 2 Brzoza 35 lat, zaś po taksacji biegłego na tym wydzieleniu stwierdzono: 8 Olcha 45 lat, 2 Brzoza 45 lat;</xText>
          <xText>- ilość pozyskanego drzewa przyjęta w opinii jest ponad dwukrotnie większa niż drzewa pozyskanego z terenu bezpośrednio sąsiedniego, o porównywalnej powierzchni i zadrzewieniu, gdzie dokonano wyrębu zupełnego drzewa i na podstawie świadectw legalności pozyskania drewna ustalono, że wycięto łącznie jedynie 921,54 m3 drzewa (k. 646);</xText>
          <xUnit xIsTitle="false" xType="none">
            <xName xSffx=".">3</xName>
            <xText>Obrazę przepisu prawa materialnego tj. <xLexLink xArt="art. 290;art. 290 § 2" xIsapId="WDU19970880553" xTitle="Ustawa z dnia 6 czerwca 1997 r. - Kodeks karny" xAddress="Dz. U. z 1997 r. Nr 88, poz. 553">art. 290 § 2 kk</xLexLink> poprzez błędną jego wykładnię polegającą na uznaniu, że nawiązkę na rzecz pokrzywdzonego orzeka się w podwójnej wysokości wartości drzewa od każdego ze współsprawców i pomocników, w sytuacji gdy taka interpretacja przepisu prowadzi do bezpodstawnego wzbogacenia pokrzywdzonego i jest sprzeczna z kompensacyjnym charakterem środka karnego w postaci nawiązki.</xText>
          </xUnit>
          
          <xText>Mając na powyższe na uwadze, na podstawie art. 427 § 1 obrońca wniósł o:</xText>
          <xUnit xIsTitle="false" xType="none">
            <xName xSffx=".">1</xName>
            <xText>Zmianę zaskarżonego wyroku poprzez uniewinnienie oskarżonego <xAnon>A. H. (1)</xAnon>od popełnienia zarzucanego mu czynu;</xText>
          </xUnit>
          <xText>ewentualnie</xText>
          <xUnit xIsTitle="false" xType="none">
            <xName xSffx=".">2</xName>
            <xText>Uchylenie zaskarżonego wyroku i przekazanie sprawy do ponownego rozpoznania Sądowi Okręgowemu w Białymstoku.</xText>
          </xUnit>
          
          <xText><xBx>Obrońca oskarżonego <xAnon>K. H. (1)</xAnon></xBx> na podstawie <xLexLink xArt="art. 438;art. 438 pkt. 1;art. 438 pkt. 2;art. 438 pkt. 3" xIsapId="WDU19970890555" xTitle="Ustawa z dnia 6 czerwca 1997 r. - Kodeks postępowania karnego" xAddress="Dz. U. z 1997 r. Nr 89, poz. 555">art. 438 pkt 1,2 i 3 kpk</xLexLink> zarzucił wyrokowi:</xText>
          <xUnit xIsTitle="false" xType="none">
            <xName xSffx=".">1</xName>
            <xText>błąd w ustaleniach faktycznych przyjętych za podstawę orzeczenia i mający wpływ na jego treść polegający na uznaniu, iż oskarżony <xAnon>K. H. (1)</xAnon>działając z zamiarem bezpośrednim dokonał wyrębu drzewa w celu jego przywłaszczenia w sytuacji, gdy firma <xAnon>K. H. (1)</xAnon>działała na podstawie umowy ze stowarzyszeniem Aeroklub <xAnon>(...)</xAnon> zaś prace, jak i ich postęp był nadzorowany przez pracownika Nadleśnictwa <xAnon>D.</xAnon>– <xAnon>J. S.</xAnon>oraz przedstawicieli stowarzyszenia Aeroklubu, jak również przedstawicielki Urzędu Miasta <xAnon>B.</xAnon>– <xAnon>M. S.</xAnon>.</xText>
          </xUnit>
          <xUnit xIsTitle="false" xType="none">
            <xName xSffx=".">2</xName>
            <xText>Obrazę przepisów prawa procesowego, która miała wpływ na treść rozstrzygnięcia tj:</xText>
            <xUnit xIsTitle="false" xType="none">
              <xName xSffx=")">a</xName>
              <xText>196 <xLexLink xArt="§ 3" xIsapId="WDU19970890555" xTitle="Ustawa z dnia 6 czerwca 1997 r. - Kodeks postępowania karnego" xAddress="Dz. U. z 1997 r. Nr 89, poz. 555">§ 3 kpk</xLexLink> poprzez jego niezastosowanie, podczas gdy biegły sporządzający opinię w sprawie wykonywał operaty szacunkowe na zlecenie strony postępowania tj. powoda cywilnego Gminy <xAnon>B.</xAnon> co rodzi uzasadnione wątpliwości co do bezstronności biegłego;</xText>
            </xUnit>
            <xUnit xIsTitle="false" xType="none">
              <xName xSffx=")">b</xName>
              <xText><xLexLink xArt="art. 7" xIsapId="WDU19970890555" xTitle="Ustawa z dnia 6 czerwca 1997 r. - Kodeks postępowania karnego" xAddress="Dz. U. z 1997 r. Nr 89, poz. 555">Art. 7 kpk</xLexLink> w zw. z <xLexLink xArt="art. 201" xIsapId="WDU19970890555" xTitle="Ustawa z dnia 6 czerwca 1997 r. - Kodeks postępowania karnego" xAddress="Dz. U. z 1997 r. Nr 89, poz. 555">art. 201 kpk</xLexLink> polegającą na uznaniu opinii biegłego <xAnon>M. A.</xAnon> za spójną, logiczną i pełną, podczas gdy:</xText>
            </xUnit>
          </xUnit>
          <xText>- opinia została sporządzona na podstawie operatu urządzeniowego dla lasów położonych na terenie miasta <xAnon>B.</xAnon> powstałego w 2003 r. i nie uwzględnia, iż od daty sporządzenia operatu do daty rozpoczęcia wycinki mogło dojść do powaleń drzew na skutek anomalii pogodowych lub złego stanu zdrowotnego ewentualnie do nielegalnej wycinki drzew;</xText>
          <xText>- opinia nie wskazuje ile drzew wycięto, biegły nie sporządził szacunku metodą posztuczną, która pozwoliłaby na dokładne określenie ilości wyciętych drzew, ich stanu zdrowotnego oraz całkowitej masy pozyskanego drzewa oraz jej wartości;</xText>
          <xText>- opinia jest nielogiczna – np. w wydzieleniu 20a (k. 159 akt sprawy) biegły określa wiek drzewa na 35 lat wg stanu na grudzień 2009 r., a wg stanu na dzień 26 marca 2010 r. określa wiek drzewa już na 45 lat, mimo, że od daty rozpoczęcia prac do ich zakończenia upłynęło niespełna 6 miesięcy.</xText>
          <xText>- biegły błędnie przyjął, że nie można było zastosować metody posztusznej bowiem mierzenie i liczenie pni porą zimową było niemożliwe na skutek pokrywy śnieżnej natomiast późną wiosną z uwagi na ulistnione zwarte kępy odrośli i samosiewów (k. 158), podczas gdy posłużyć metodą posztuczną mógł się wczesną wiosną, po ustąpieniu pokrywy śnieżnej;</xText>
          <xText>- operat szacunkowy z 2003 r. będący podstawą opinii jest sprzeczny z opisami taksacyjnymi dokonanymi przez biegłego na podstawie oględzin miejsca wycinki – np. w wydzieleniu 20b (k. 159) operat szacunkowy wskazuje na skład gatunkowy: 4 Osika – 50 lat, 3 Osika 35 lat, 2 Brzosa 35 lat, zaś po taksacji biegłego na tym wydzieleniu stwierdzono: 8 Olcha 45 lat, 2 Brzoza 45 lat;</xText>
          <xUnit xIsTitle="false" xType="none">
            <xName xSffx=".">2</xName>
            <xText>Obrazę przepisu <xLexLink xArt="art. 415" xIsapId="WDU19970890555" xTitle="Ustawa z dnia 6 czerwca 1997 r. - Kodeks postępowania karnego" xAddress="Dz. U. z 1997 r. Nr 89, poz. 555">art. 415 kpk</xLexLink> albowiem w razie orzeczenia obowiązku naprawienia szkody lub zadośćuczynienia albo nawiązki na rzecz pokrzywdzonego, nie można w tym samym zakresie uwzględnić powództwa cywilnego.</xText>
          </xUnit>
          <xUnit xIsTitle="false" xType="none">
            <xName xSffx=".">3</xName>
            <xText>Obrazę przepisu <xLexLink xArt="art. 290" xIsapId="WDU19970880553" xTitle="Ustawa z dnia 6 czerwca 1997 r. - Kodeks karny" xAddress="Dz. U. z 1997 r. Nr 88, poz. 553">art. 290 § kk</xLexLink> poprzez błędną jego wykładnię polegającą na uznaniu, że nawiązkę na rzecz pokrzywdzonego orzeka się w podwójnej wysokości wartości drzewa od każdego ze współsprawców i pomocników, w sytuacji gdy taka interpretacja przepisu prowadzi do bezpodstawnego wzbogacenia pokrzywdzonego i jest sprzeczna z kompensacyjnym charakterem środka karnego w postaci nawiązki.</xText>
          </xUnit>
          
          <xText>Mając powyższe na uwadze, na podstawie art. 427 § 1 obrońca wniósł o zmianę zaskarżonego wyroku poprzez uniewinnienie oskarżonego <xAnon>K. H. (1)</xAnon>od pełnienia zarzucanego mu czynu.</xText>
          
          <xText><xBx>Obrońca oskarżonego <xAnon>H. S.</xAnon></xBx> na podstawie <xLexLink xArt="art. 427;art. 427 § 1;art. 427 § 2" xIsapId="WDU19970890555" xTitle="Ustawa z dnia 6 czerwca 1997 r. - Kodeks postępowania karnego" xAddress="Dz. U. z 1997 r. Nr 89, poz. 555">art. 427 § 1 i 2 kpk</xLexLink> oraz <xLexLink xArt="art. 438;art. 438 pkt. 1;art. 438 pkt. 2;art. 438 pkt. 3" xIsapId="WDU19970890555" xTitle="Ustawa z dnia 6 czerwca 1997 r. - Kodeks postępowania karnego" xAddress="Dz. U. z 1997 r. Nr 89, poz. 555">art. 438 pkt 1, 2 i 3</xLexLink> zarzucił wyrokowi:</xText>
          <xUnit xIsTitle="false" xType="none">
            <xName xSffx=".">1</xName>
            <xText>obrazę prawa materialnego, a mianowicie <xLexLink xArt="art. 18;art. 18 § 3" xIsapId="WDU19970880553" xTitle="Ustawa z dnia 6 czerwca 1997 r. - Kodeks karny" xAddress="Dz. U. z 1997 r. Nr 88, poz. 553">art. 18 § 3 kk</xLexLink> w zw. z <xLexLink xArt="art. 290;art. 290 § 1" xIsapId="WDU19970880553" xTitle="Ustawa z dnia 6 czerwca 1997 r. - Kodeks karny" xAddress="Dz. U. z 1997 r. Nr 88, poz. 553">art. 290 § 1 kk</xLexLink> w zw. z <xLexLink xArt="art. 278;art. 278 § 1" xIsapId="WDU19970880553" xTitle="Ustawa z dnia 6 czerwca 1997 r. - Kodeks karny" xAddress="Dz. U. z 1997 r. Nr 88, poz. 553">art. 278 § 1 kk</xLexLink> poprzez ich niewłaściwe zastosowanie i przyjęcie za podstawę skazania w sytuacji, gdy czyn przypisany oskarżonemu <xAnon>H. S.</xAnon> nie zawiera ustawowych znamion pomocnictwa do czynu zabronionego (a mianowicie działania w zamiarze, aby <xAnon>K.</xAnon> i <xAnon>A. H. (1)</xAnon> dokonali wyrębu i kradzieży drzewa) skutkiem czego został on skazany za czyn nie będący przestępstwem;</xText>
          </xUnit>
          <xText>a nadto:</xText>
          <xUnit xIsTitle="false" xType="none">
            <xName xSffx=".">2</xName>
            <xText>błąd w ustaleniach faktycznych przyjętych za podstawę zaskarżonego wyroku i mający wpływ na jego treść, a polegający na przyjęciu, że do zlecenia prac porządkowych ( w tym sanitarnej wycinki drzew) na terenie lotniska <xAnon>K.</xAnon> wymagana była zgoda Gminy <xAnon>B.</xAnon> w sytuacji, gdy zgodnie z <xLexLink xArt="" xIsapId="WDU19911010444" xTitle="Ustawa z dnia 28 września 1991 r. o lasach" xAddress="Dz. U. z 1991 r. Nr 101, poz. 444">ustawą z dnia 28 września 1991 r. o lasach</xLexLink>, status właściciela lasu przysługuje również dzierżawcy terenu, tj. <xAnon> Aeroklubowi (...)</xAnon>, na którym spoczywają obowiązki m.in. w zakresie pielęgnowania i ochrony lasu, co sprawia, że tenże podmiot był również uprawniony do decydowania o wykonaniu wycinki na terenie lotniska,</xText>
          </xUnit>
          <xUnit xIsTitle="false" xType="none">
            <xName xSffx=".">3</xName>
            <xText>błąd w ustaleniach faktycznych przyjętych za podstawę zaskarżonego wyroku i mający wpływ na jego treść, polegający na przyjęciu, że <xAnon>H. S.</xAnon> zawierając umowę z <xAnon>K. H. (1)</xAnon> na prace porządkowe (w tym sanitarną wycinkę drzew), działał z zamiarem pomocy temu ostatniemu w przestępstwie wyrębu i kradzieży drzewa, w sytuacji gdy zebrany materiał dowodowy, w tym w szczególności zeznania <xAnon>A. S.</xAnon> (przedstawiciel władz Aeroklubu) oraz <xAnon>J. S.</xAnon> (przedstawiciel Nadleśnictwa <xAnon>D.</xAnon>) wskazują, że intencją oskarżonego <xAnon>H. S.</xAnon> było jedynie uprzątnięcie – w sposób legalny – zaniedbanego fragmentu lasu;</xText>
          </xUnit>
          <xUnit xIsTitle="false" xType="none">
            <xName xSffx=".">4</xName>
            <xText>błąd w ustaleniach faktycznych przyjętych za podstawę zaskarżonego wyroku i mający wpływ na jego treść, polegający na uznaniu, że oskarżony <xAnon>H. S.</xAnon> działał ze świadomością, co do braku zgody właściciela lasu tj. Gminy <xAnon>B.</xAnon>, na zlecenie prac polegających na pracach porządkowych (w tym sanitarnej wycinki drzew) na terenie zajmowanym przez <xAnon> Aeroklub (...)</xAnon> w sytuacji, gdy ujawnione okoliczności w postaci:</xText>
            <xUnit xIsTitle="false" xType="none">
              <xName xSffx=")">a</xName>
              <xText>obowiązywania Porozumienia pomiędzy Prezydentem Miasta <xAnon>B.</xAnon>, a Nadleśniczym Nadleśnictwa <xAnon>D.</xAnon> w <xAnon>B.</xAnon> z dnia 18.12.2000 r. dotyczącego pełnienia nadzoru nad gospodarką leśną w obrębie miasta <xAnon>B.</xAnon> dotyczącego m.in. gruntu leśnego będącego przedmiotem niniejszej sprawy,</xText>
            </xUnit>
            <xUnit xIsTitle="false" xType="none">
              <xName xSffx=")">b</xName>
              <xText>zachowania przedstawiciela Nadleśnictwa <xAnon>D.</xAnon><xAnon>J. S.</xAnon>, realizującego zapisy ww. Porozumienia, który widział wypis z rejestru gruntów, a mimo tego nie zażądał przed rozpoczęciem prac zgody Urzędu Miasta na wykonanie wycinki, nie wstrzymał tych prac, a wręcz legalizował pozyskane z wycinki drewno,</xText>
            </xUnit>
            <xUnit xIsTitle="false" xType="none">
              <xName xSffx=")">c</xName>
              <xText>uzyskania zgody dyrektora Departamentu <xAnon>(...)</xAnon>na wykonanie prac porządkowych, która w opinii nawet Nadleśniczego mogła być rozumiana jako zgoda na wykonanie „przecinki” sanitarnej,</xText>
            </xUnit>
            <xUnit xIsTitle="false" xType="none">
              <xName xSffx=")">d</xName>
              <xText>aprobowaniu takich prac przez pracowników Urzędu Miasta, w tym zwłaszcza <xAnon>M. S.</xAnon>, będącą na miejscu prowadzenia prac, uprawniały oskarżonego do bycia przekonanym o legalności wykonywanych na terenie lotniska prac porządkowych (w tym sanitarnej wycinki) i zachowania procedur z nią związanych;</xText>
            </xUnit>
            <xUnit xIsTitle="false" xType="none">
              <xName xSffx=".">2</xName>
              <xText>obrazę przepisów postępowania, a mianowicie <xLexLink xArt="art. 7" xIsapId="WDU19970890555" xTitle="Ustawa z dnia 6 czerwca 1997 r. - Kodeks postępowania karnego" xAddress="Dz. U. z 1997 r. Nr 89, poz. 555">art. 7 kpk</xLexLink> w zw. z <xLexLink xArt="art. 410" xIsapId="WDU19970890555" xTitle="Ustawa z dnia 6 czerwca 1997 r. - Kodeks postępowania karnego" xAddress="Dz. U. z 1997 r. Nr 89, poz. 555">art. 410 kpk</xLexLink> poprzez dokonanie wybiórczej oceny dowodów, w sposób sprzeczny z zasadami logiki i życiowego doświadczenia, a przez to oparcie orzeczenia jedynie na części zgromadzonego materiału dowodowego, co przejawiło się w uznaniu, iż pismo sporządzone przez dyrektora Departamentu <xAnon>(...)</xAnon>Urzędu Miasta w <xAnon>B.</xAnon>, wyrażającego zgodę na dokonanie prac porządkowych na terenie lotniska <xAnon>K.</xAnon>, a dzierżawionego przez <xAnon>Aeroklub (...)</xAnon>, nie dawało podstaw do twierdzenia o zgodzie na zlecenie wycinki sanitarnej na tym terenie, w sytuacji gdy:</xText>
              <xUnit xIsTitle="false" xType="none">
                <xName xSffx=")">a</xName>
                <xText>logicznym jest, że wykonanie prac porządkowych (sprzątnięcie śmieci) na dzierżawionym terenie nie wymaga żadnej zgody właściciela terenu i należy do normalnych obowiązków dzierżawcy,</xText>
              </xUnit>
              <xUnit xIsTitle="false" xType="none">
                <xName xSffx=")">b</xName>
                <xText>prowadzone były rozmowy z pracownikami Urzędu Miasta na temat wycinki sanitarnej na terenie lotniska,</xText>
              </xUnit>
              <xUnit xIsTitle="false" xType="none">
                <xName xSffx=")">c</xName>
                <xText>pismo takie, nawet w ocenie Nadleśniczego Nadleśnictwa <xAnon>D.</xAnon><xAnon>J. S.(1)</xAnon> (k. 175) oraz pracownika Nadleśnictwa <xAnon>J. S.</xAnon>(k. 411) mogło być potraktowane jako zgoda na dokonanie wycinki;</xText>
              </xUnit>
            </xUnit>
            <xUnit xIsTitle="false" xType="none">
              <xName xSffx=".">3</xName>
              <xText>obrazę przepisów postępowania, która miała wpływ na treść zaskarżonego wyroku, a mianowicie <xLexLink xArt="art. 366;art. 366 § 1" xIsapId="WDU19970890555" xTitle="Ustawa z dnia 6 czerwca 1997 r. - Kodeks postępowania karnego" xAddress="Dz. U. z 1997 r. Nr 89, poz. 555">art. 366 § 1 kpk</xLexLink> w zw. z <xLexLink xArt="art. 410" xIsapId="WDU19970890555" xTitle="Ustawa z dnia 6 czerwca 1997 r. - Kodeks postępowania karnego" xAddress="Dz. U. z 1997 r. Nr 89, poz. 555">art. 410 kpk</xLexLink> i <xLexLink xArt="art. 7" xIsapId="WDU19970890555" xTitle="Ustawa z dnia 6 czerwca 1997 r. - Kodeks postępowania karnego" xAddress="Dz. U. z 1997 r. Nr 89, poz. 555">art. 7 kpk</xLexLink> poprzez całkowity brak wyjaśnienia istotnych okoliczności sprawy:</xText>
              <xUnit xIsTitle="false" xType="none">
                <xName xSffx=")">a</xName>
                <xText>zaniechanie ustalenia, jaki charakter miało pomocnictwo przypisane oskarżonemu <xAnon>H. S.</xAnon> (pomocnictwo fizyczne i psychiczne);</xText>
              </xUnit>
              <xUnit xIsTitle="false" xType="none">
                <xName xSffx=")">b</xName>
                <xText>na ile przypisane „ułatwienie” decydowało o popełnieniu czynu zabronionego przez pozostałych oskarżonych;</xText>
              </xUnit>
              <xUnit xIsTitle="false" xType="none">
                <xName xSffx=")">c</xName>
                <xText>w czym pomocnictwo się zamanifestowało jako konieczne całkowite solidaryzowanie się z zamiarem pozostałych oskarżonych;</xText>
              </xUnit>
              <xUnit xIsTitle="false" xType="none">
                <xName xSffx=")">d</xName>
                <xText>czy i na ile pozostali oskarżeni przekroczyli zakres uzgodnień z oskarżonym <xAnon>H. S.</xAnon> co do rozmiaru prac i kiedy te prace przeistoczyły się w nielegalny wyrąb;</xText>
              </xUnit>
              <xUnit xIsTitle="false" xType="none">
                <xName xSffx=")">e</xName>
                <xText>jaki był motyw aby stwarzać pozostałym oskarżonym udogodnienia w popełnieniu przestępstwa;</xText>
              </xUnit>
              <xUnit xIsTitle="false" xType="none">
                <xName xSffx=")">f</xName>
                <xText>czy i jakie były formy oraz treść ich wzajemnych kontaktów oraz jakiego typu były ich relacje.</xText>
              </xUnit>
            </xUnit>
            <xUnit xIsTitle="false" xType="none">
              <xName xSffx=".">4</xName>
              <xText>obrazę prawa materialnego, a mianowicie <xLexLink xArt="art. 290;art. 290 § 2" xIsapId="WDU19970880553" xTitle="Ustawa z dnia 6 czerwca 1997 r. - Kodeks karny" xAddress="Dz. U. z 1997 r. Nr 88, poz. 553">art. 290 § 2 kk</xLexLink> poprzez orzeczenie wobec oskarżonego <xAnon>H. S.</xAnon> nawiązki na rzecz Gminy <xAnon>B.</xAnon> w podwójnej wysokości ogólnej wartości skradzionego drzewa, w sytuacji skazania podsądnego „jedynie” za podstawową postać przestępstwa, nie kwalifikowaną znamieniem kradzieży mienia znacznej wartości, co sprawa, że tak wymierzony środek karny przekracza stopień zawinienia podsądnego wyznaczony jego zamiarem i przyjętą kwalifikacją prawną w podstawie skazania.</xText>
            </xUnit>
          </xUnit>
          
          <xText>Mając na uwadze powyższe, obrońca wniósł o:</xText>
          <xText>- zmianę zaskarżonego wyroku poprzez uniewinnienie <xAnon>H. S.</xAnon> od popełnienia zarzucanego mu czynu.</xText>
          <xText>ewentualnie:</xText>
          <xText>- uchylenie wyroku w zaskarżonej części i przekazanie sprawy w tym zakresie Sadowi Okręgowemu w Białymstoku do ponownego rozpoznania.</xText>
          
          <xText xALIGNx="center">
            <xBx>Sąd Apelacyjny zważył, co następuje:</xBx>
          </xText>
          
          <xText>Wszystkim apelacjom, w mniejszym lub większym stopniu nie można odmówić słuszności, w związku z czym wniosek skarżących o uchylenie zaskarżonego wyroku i przekazanie sprawy do ponownego rozpoznania zasługuje na uwzględnienie.</xText>
          <xText>Rozważając zarzuty apelacyjne w pierwszej części uzasadnienia należy stwierdzić, iż faktem niebudzącym żadnych wątpliwości jest to, iż firmy prowadzone przez oskarżonych <xAnon>A. H. (1)</xAnon>i <xAnon>K. H. (1)</xAnon>dokonały wyrębu drzewa stanowiącego własność Gminy <xAnon>B.</xAnon>i częściowo wywieźli je z lasu, bez zgody właściciela Urzędu Gminy <xAnon>B.</xAnon>. Dokonali tego na zlecenie <xAnon>H. S.</xAnon> - Dyrektora<xAnon>Aeroklubu (...)</xAnon>(k. 8 i 9), jak i udzielonej zgody przez Departament <xAnon>(...)</xAnon>Urzędu Miejskiego w <xAnon>B.</xAnon>. Jednocześnie jednak wskazać należy, iż zlecenie wystawione przez Aeroklub obejmowało jedynie „zlecenie wykonania prac polegających na usunięciu chorych, zbędnych i zagrażających bezpieczeństwu drzew, wiatrołomów i podszycia na terenie lotniska <xAnon>K.</xAnon>...” (k. 8). Zgoda zaś Urzędu Miejskiego „.. na prace porządkowe … polegające na utrzymaniu czystości i porządku wskazywanych terenów…” (k. 8).</xText>
          <xText>Oskarżeni <xAnon>K. H. (1)</xAnon> i <xAnon>A. H. (1)</xAnon> dokonali zaś zrębu zupełnego lasu na obszarze ok. 15 ha, w ilości 2102 m<xSUPx>3</xSUPx> o łącznej wartości 272.470 zł (wyliczenia biegłego). Oczywistym jest, iż prace przez nich wykonane znacznie wykraczały poza wskazane w zleceniu.</xText>
          <xText>Podkreślić należy, iż oskarżeni <xAnon>K. H. (1)</xAnon> i <xAnon>A. H. (1)</xAnon> prowadzą działalność gospodarczą polegającą na pozyskiwaniu drzewa i musieli wiedzieć jak i zdawać sobie sprawę z zakresu udzielonego zlecenia.</xText>
          <xText>Prawdą przy tym jest, iż jak wynika z w/w zlecenia prace te miały się odbywać pod nadzorem Nadleśnictwa <xAnon>D.</xAnon>, które reprezentował leśniczy <xAnon>J. S.</xAnon>. Nadleśnictwo <xAnon>D.</xAnon>, które jak już wcześniej wskazano, nie było jednak właścicielem tego terenu. Na podstawie bowiem umowy zawartej z właścicielem tj. Gminą <xAnon>B.</xAnon>z dnia 18 grudnia 2000 r., powierzono Nadleśnictwu nadzór nad gospodarką leśną tego areału (k. 38-40). Leśniczy <xAnon>J. S.</xAnon>kilkakrotnie był na miejscu wycinki, kilkanaście razy kontaktował się też telefonicznie z oskarżonymi, żadnych jednak zastrzeżeń co do wykonywanych prac nie zgłaszał. Również z ramienia Urzędu Miejskiego na miejscu wycinki kilkakrotnie była też inspektor <xAnon>M. S.</xAnon>, która m.in. podpisała zgodę Urzędu na prace porządkowe (k. 129v). Oczywistym jest, iż wskazane osoby, a w szczególności leśniczy <xAnon>J. S.</xAnon>nie wywiązali się należycie ze swoich obowiązków.</xText>
          <xText>Nie znaczy to rzecz oczywista, iż brak odpowiedniej reakcji wskazanych osób, (a w szczególności <xAnon>S.</xAnon>) powinien ekskulpować od odpowiedzialności karnej oskarżonych.</xText>
          <xText>Odnosząc się zaś do zarzutów stawianych opinii sporządzonej przez biegłego sądowego z zakresu leśnictwa, mechanoskopii drewna i ochrony przyrody <xAnon>M. A.</xAnon> zgodzić się należy ze skarżącymi, iż nie jest ona w pełni spójna i wyczerpująca, tak jak wskazał w swoim uzasadnieniu sąd, w związku z czym należało rozważyć możliwość jej uzupełnienia we wskazanym kierunku lub nawet powołania innego biegłego ( <xLexLink xArt="art. 201" xIsapId="WDU19970890555" xTitle="Ustawa z dnia 6 czerwca 1997 r. - Kodeks postępowania karnego" xAddress="Dz. U. z 1997 r. Nr 89, poz. 555">art. 201 kpk</xLexLink>). Nie negując stanowiska biegłego, iż odpowiednią metodą do wyliczenia wartości drewna była „metoda taksacyjna”, stwierdzić należy, iż do tych wyliczeń przyjęto błędne dane. I tak, jak wskazał sam biegły na k. 549-551, masę przyrostu drzewa określił na 9 lat, podczas gdy w rzeczywistości upłynęło tylko 7 lat od sporządzenia operatu, co na pewno miało wpływ na obliczenie wartości pozyskanego drewna. Również sporządzone przez niego wykresy z k. 159-160 nie są jasne i zrozumiałe, a zawierają błędy m.in. odnośnie wieku drzewostanu. Masa wyciętego drzewa jest też procentowo inna jak wynikałoby to z drugiej części przedmiotowej opinii (miało pozostać 20% drzewostanu). Uzupełniając swoją opinię na rozprawie w dniu 28 listopada 2012 r. (k. 550) biegły stwierdził, iż opinia sporządzona przez niego przy zastosowaniu metody taksacyjnej może odbiegać od wyliczeń dokonanych metodą posztuczną ±5-10%. Na rozprawie zaś w dniu 22 marca 2013 r. (k. 778) stwierdził, iż różnice te mogą wynosić tylko 5%. Rozbieżności tych sąd nie wyjaśnił, przyjmując, margines błędu na 5%, (stosowanie do treści <xLexLink xArt="art. 5;art. 5 § 2" xIsapId="WDU19970890555" xTitle="Ustawa z dnia 6 czerwca 1997 r. - Kodeks postępowania karnego" xAddress="Dz. U. z 1997 r. Nr 89, poz. 555">art. 5 § 2 kpk</xLexLink>. – powstaje pytanie dlaczego nie 10%).</xText>
          <xText>Wskazać też należy, iż przedmiotową opinię można było zweryfikować poprzez zażądanie informacji dotyczącej ilości wyciętego przez oskarżonych <xAnon>H.</xAnon> drewna, a pozostawionego w lesie przez oskarżonych, tj. czy dokonano obliczenia jego masy i wartości przez inny podmiot i za jaką cenę ewentualnie je sprzedano.</xText>
          <xText>Nie wiadomo też czy od dokonanych wyliczeń przez biegłego <xAnon>M. A.</xAnon> została odjęta masa drzewa, którą oskarżeni pozyskali w ramach dozwolonej wycinki (uprzątnięcia terenu).</xText>
          <xText>Przedmiotowe ustalenia faktyczne sąd więc poczynił nie na podstawie całości zgromadzonego i ujawnionego materiału dowodowego, lecz na podstawie dowolnie wybranych fragmentów, czego w świetle przepisów <xLexLink xArt="art. 410" xIsapId="WDU19970890555" xTitle="Ustawa z dnia 6 czerwca 1997 r. - Kodeks postępowania karnego" xAddress="Dz. U. z 1997 r. Nr 89, poz. 555">art. 410 kpk</xLexLink> w zw. z <xLexLink xArt="art. 424;art. 424 § 1;art. 424 § 1 pkt. 1" xIsapId="WDU19970890555" xTitle="Ustawa z dnia 6 czerwca 1997 r. - Kodeks postępowania karnego" xAddress="Dz. U. z 1997 r. Nr 89, poz. 555">art. 424 § 1 pkt 1 kpk</xLexLink> czynić Sądowi Okręgowemu nie wolno. Wprawdzie sąd meriti z zespołu ujawnionych w toku rozprawy okoliczności ma prawo dokonać wyboru takich, które uznaje za prawdziwe i przyjmuje za podstawę ustaleń faktycznych, tym niemniej wybór taki musi być poprzedzony wnikliwą i wszechstronną analizą wszystkich ujawnionych w toku rozprawy, a istotnych dla rozstrzygnięcia okoliczności.</xText>
          <xText>Jak też wyżej wskazano opinia sporządzona przez biegłego <xAnon>A.</xAnon> nie była, tak jak wskazał sąd, oczywista i pełna i należało rozważyć możliwość jej uzupełnienia we wskazanym kierunku (<xLexLink xArt="art. 201" xIsapId="WDU19970890555" xTitle="Ustawa z dnia 6 czerwca 1997 r. - Kodeks postępowania karnego" xAddress="Dz. U. z 1997 r. Nr 89, poz. 555">art. 201 kpk</xLexLink>).</xText>
          <xText>Odnosząc się zaś do apelacji obrońcy oskarżonego <xAnon>H. S.</xAnon>, stwierdzić należy, iż wobec zmiany opisu przypisanego mu przestępstwa, jego sytuacja prawna jest odmienna jak współoskarżonych.</xText>
          <xText>Z sentencji wyroku wynika bowiem, iż przypisanego mu czynu dopuścił się „w dniu 4 listopada 2009 r.”, a więc na tę datę należałoby ustalić czy spełnione są znamiona strony przedmiotowej i podmiotowej (a zwłaszcza podmiotowej) – przestępstwa z <xLexLink xArt="art. 18;art. 18 § 3" xIsapId="WDU19970880553" xTitle="Ustawa z dnia 6 czerwca 1997 r. - Kodeks karny" xAddress="Dz. U. z 1997 r. Nr 88, poz. 553">art. 18 § 3 kk</xLexLink> w zw. z <xLexLink xArt="art. 290;art. 290 § 1" xIsapId="WDU19970880553" xTitle="Ustawa z dnia 6 czerwca 1997 r. - Kodeks karny" xAddress="Dz. U. z 1997 r. Nr 88, poz. 553">art. 290 § 1 kk</xLexLink> w zw. z <xLexLink xArt="art. 278;art. 278 § 1" xIsapId="WDU19970880553" xTitle="Ustawa z dnia 6 czerwca 1997 r. - Kodeks karny" xAddress="Dz. U. z 1997 r. Nr 88, poz. 553">art. 278 § 1 kk</xLexLink> ( a nie w późniejszym okresie – co wynika z treści uzasadnienia).</xText>
          <xText>Wskazanych ustaleń zaskarżone orzeczenie więc nie zawiera, w związku z czym w istocie nie wiadomo czym kierował się sąd uznając tegoż oskarżonego za winnego popełnienia tak zmodyfikowanego czynu .</xText>
          <xText>W uzasadnieniu wyroku – jak stwierdził Sąd Najwyższy – musi być przeprowadzony tok rozumowania sądu i to w taki sposób, żeby można było skontrolować słuszność tego rozumowania i jego zgodność z materiałem dowodowym … uzasadnienie wyroku ma dać wyczerpującą i logiczną odpowiedź na pytanie, dlaczego właśnie taki, a nie inny wyrok został wydany (m.in. wyrok Sądu Najwyższego z dnia 22 II 1982 r., II KR 337/81, OSNPG 1983, nr 2, poz. 22).</xText>
          <xText>Zauważyć przy tym należy, iż oskarżony <xAnon>H. S.</xAnon>pełniąc funkcję Dyrektora<xAnon>Aeroklubu (...)</xAnon>, chociażby z racji zajmowanego stanowiska był zobligowany do zawiadomienia odpowiednich organów ścigania i właściciela terenu tj. Gminy <xAnon>B.</xAnon>, o nielegalnym wyrębie lasu, o czym - jak sam wyjaśnił, zorientował się już w trakcie wycinki. Nie podejmując tego rodzaju działania w pewnym stopniu ułatwił więc popełnienie przestępstwa kradzieży. Wydaje się jednak, iż na obecnym etapie postępowania – wobec braku apelacji prokuratora – dokonanie tego rodzaju modyfikacji będzie niemożliwe (zakaz reformationis in peius – <xLexLink xArt="art. 443" xIsapId="WDU19970890555" xTitle="Ustawa z dnia 6 czerwca 1997 r. - Kodeks postępowania karnego" xAddress="Dz. U. z 1997 r. Nr 89, poz. 555">art. 443 kpk</xLexLink>).</xText>
          <xText>Nie wdając się jednak bliżej w tego rodzaju rozważania wskazać jeszcze należy sądowi I instancji, iż wyliczona kwota odszkodowania jest błędna. Oczywistym jest bowiem, iż uwzględniając w całości powództwo cywilne, należało zasądzić na rzecz Gminy <xAnon>B.</xAnon> odszkodowanie równe poniesionej szkodzie tj. 245.223 zł, a nie jak błędnie wskazano 272.470 zł – wobec odzyskania części drewna w lesie, którego sprawcy nie zabrali.</xText>
          <xText>Zgodnie z treścią <xLexLink xArt="art. 436" xIsapId="WDU19970890555" xTitle="Ustawa z dnia 6 czerwca 1997 r. - Kodeks postępowania karnego" xAddress="Dz. U. z 1997 r. Nr 89, poz. 555">art. 436 kpk</xLexLink> Sąd Apelacyjny ograniczył rozpoznanie apelacji do wskazanych wyżej uchybień uznając, iż rozpoznanie pozostałych zarzutów byłoby przedwczesne dla dalszego toku postępowania.</xText>
          <xText>Reasumując stwierdzić należy, iż wobec zaistniałych uchybień, zaskarżony wyrok należało uchylić i sprawę przekazać Sądowi Okręgowemu do ponownego rozpoznania. Podkreślić należy, iż Sąd Okręgowy ponownie rozpatrując sprawę winien przeprowadzić postępowanie dowodowe w sposób wnikliwy i wszechstronny, dążąc do maksymalnego poszerzenia płaszczyzny dowodowej i eliminując opisane wyżej uchybienia, w tym rozważenia zasadności skorzystania z unormowania przepisu <xLexLink xArt="art. 442;art. 442 § 2" xIsapId="WDU19970890555" xTitle="Ustawa z dnia 6 czerwca 1997 r. - Kodeks postępowania karnego" xAddress="Dz. U. z 1997 r. Nr 89, poz. 555">art. 442 § 2 kpk</xLexLink> ( co m.in. wiąże się z uzupełnieniem sporządzonej opinii przez dotychczasowego biegłego). Całość materiału dowodowego ujawnionego na rozprawie Sąd Okręgowy ma obowiązek poddać wszechstronnej analizie, uwzględniającej zasady logicznego rozumowania, wskazania wiedzy i doświadczenia życiowego, prowadzącej do spójnych wewnętrznie wniosków w zakresie ustaleń faktycznych. Jednocześnie w wypadku konieczności sporządzenia uzasadnienia sąd I instancji winien dochować wymogów wynikających m.in. z wyroku Sądu Najwyższego z dnia 28 II 1983 r. – II KR 25/83, OSNPG 1984/3/17.</xText>
          <xText>Dopiero skrupulatne i wnikliwe wyjaśnienie wszystkich wskazanych wyżej kwestii i okoliczności pozwoli sądowi I instancji na zajęcie właściwego stanowiska w przedmiotowej sprawie.</xText>
          <xText>Z tych wszystkich względów na podstawie <xLexLink xArt="art. 437;art. 437 § 2" xIsapId="WDU19970890555" xTitle="Ustawa z dnia 6 czerwca 1997 r. - Kodeks postępowania karnego" xAddress="Dz. U. z 1997 r. Nr 89, poz. 555">art. 437 § 2 kpk</xLexLink> Sąd Apelacyjny orzekł jak w sentencji.</xText>
          
          <xText>ACz/ms</xText>
        </xUnit>
      </xBlock>
    </xPart>
  </judgement>
<judgement id="151500000001006_II_AKa_000220_2013_Uz_2013-07-04_001">
    <xPart xEditorFullName="Magdalena Gierszner" xYear="2013" xLang="PL" xPublisherFullName="Renata Kopiec" xFromPg="1" xEditor="mgierszner" xVolType="15/150000/0001006/AKa" xPublisher="rkopiec" xDocType="Uz" xVolNmbr="000220" xVersion="1.0" xToPage="1" xFlag="published">
      <xName>Wyrok+Uzasadnienie</xName>
      <xBlock>
        <xText>
          <xBx>
            <xUx>Sygn. akt : II AKa 220/13</xUx>
          </xBx>
        </xText>
        <xUnit xIsTitle="true" xBold="true" xType="part">
          <xName>WYROK</xName>
          <xTitle>W IMIENIU RZECZYPOSPOLITEJ POLSKIEJ</xTitle>
          <xText xALIGNx="right">Dnia 4 lipca 2013 r.</xText>
          
          <xText>Sąd Apelacyjny w Katowicach w II Wydziale Karnym w składzie:</xText>
          <xRows>
            <xCOLGROUPx>
              <xCOLx xWIDTHx="172"/>
              <xCOLx xWIDTHx="539"/>
            </xCOLGROUPx>
            <xRow>
              <xClmn xALIGNx="left" xVALIGNx="top">
                <xText xALIGNx="right">Przewodniczący</xText>
              </xClmn>
              <xClmn xALIGNx="left" xVALIGNx="top">
                <xText>SSA Aleksander Sikora (spr.)</xText>
              </xClmn>
            </xRow>
            <xRow>
              <xClmn xALIGNx="left" xVALIGNx="top">
                <xText xALIGNx="right">Sędziowie</xText>
              </xClmn>
              <xClmn xALIGNx="left" xVALIGNx="top">
                <xText>SSA Gwidon Jaworski</xText>
                <xText>SSA Piotr Pośpiech</xText>
              </xClmn>
            </xRow>
            <xRow>
              <xClmn xALIGNx="left" xVALIGNx="top">
                <xText xALIGNx="right">Protokolant</xText>
              </xClmn>
              <xClmn xALIGNx="left" xVALIGNx="top">
                <xText>Agnieszka Przewoźnik</xText>
              </xClmn>
            </xRow>
          </xRows>
          <xText>przy udziale Prokuratora Prok. Apel. Adama Rocha</xText>
          <xText>po rozpoznaniu w dniu 4 lipca 2013 r. sprawy</xText>
          <xText><xBx><xAnon>I. L.</xAnon></xBx> s. <xAnon>S.</xAnon> i <xAnon>J.</xAnon>, <xAnon>ur. (...)</xAnon> w <xAnon>P.</xAnon></xText>
          <xText>oskarżonego z <xLexLink xArt="art. 13;art. 13 § 1" xIsapId="WDU19970880553" xTitle="Ustawa z dnia 6 czerwca 1997 r. - Kodeks karny" xAddress="Dz. U. z 1997 r. Nr 88, poz. 553">art. 13 § 1 kk</xLexLink> w zw. z <xLexLink xArt="art. 148;art. 148 § 1" xIsapId="WDU19970880553" xTitle="Ustawa z dnia 6 czerwca 1997 r. - Kodeks karny" xAddress="Dz. U. z 1997 r. Nr 88, poz. 553">art. 148 § 1 kk</xLexLink> i <xLexLink xArt="art. 156;art. 156 § 1;art. 156 § 1 pkt. 2" xIsapId="WDU19970880553" xTitle="Ustawa z dnia 6 czerwca 1997 r. - Kodeks karny" xAddress="Dz. U. z 1997 r. Nr 88, poz. 553">art. 156 § 1 pkt 2 kk</xLexLink> przy zast. <xLexLink xArt="art. 11;art. 11 § 2" xIsapId="WDU19970880553" xTitle="Ustawa z dnia 6 czerwca 1997 r. - Kodeks karny" xAddress="Dz. U. z 1997 r. Nr 88, poz. 553">art. 11 § 2 kk</xLexLink></xText>
          <xText>na skutek apelacji obrońcy</xText>
          <xText>od wyroku Sądu Okręgowego w Gliwicach z dnia 11 marca 2013 r.</xText>
          <xText>sygn. akt. IV K 113/12</xText>
          
          <xUnit xIsTitle="false" xType="none">
            <xName xSffx=".">1</xName>
            <xText>utrzymuje w mocy zaskarżony wyrok;</xText>
          </xUnit>
          <xUnit xIsTitle="false" xType="none">
            <xName xSffx=".">2</xName>
            <xText>zwalnia oskarżonego od ponoszenia kosztów sądowych za postępowanie odwoławcze, którymi obciąża Skarb Państwa.</xText>
          </xUnit>
          <xText>Sygn. akt II AKa 220/13</xText>
        </xUnit>
        <xUnit xIsTitle="true" xBold="true" xType="part">
          <xName>UZASADNIENIE</xName>
          <xText>Sąd Okręgowy w Gliwicach wyrokiem z dnia 11 marca 2013 roku w sprawie o sygnaturze IV K 113/12 uznał oskarżonego <xAnon>I. L.</xAnon> za winnego tego, że w dniu 25 kwietnia 2012 roku, w <xAnon>P.</xAnon>, działając w zamiarze ewentualnym pozbawienia życia <xAnon>R. Ł.</xAnon>, jednokrotnie ugodził go nożem kuchennym w okolice lewego łuku żebrowego, wskutek czego doznał on rany kłutej przedniej ściany klatki piersiowej, penetrującej kanałem o długości około 10 cm do jamy otrzewnej, uszkadzającej worek osierdziowy i koniuszek serca, przeszywającej mięśnie przepony po stronie lewej, płat wątroby i ścianę żołądka, skutkującą krwawieniem do wolnej jamy otrzewnej i odmą opłucną lewostronną, a obrażenia te spowodowały ciężki uszczerbek na zdrowiu w postaci choroby realnie zagrażającej życiu, lecz zamierzonego skutku nie osiągnął z uwagi na udzieloną pomoc medyczną tj. popełnienia przestępstwa wyczerpującego znamiona ustawowe <xLexLink xArt="art. 13;art. 13 § 1" xIsapId="WDU19970880553" xTitle="Ustawa z dnia 6 czerwca 1997 r. - Kodeks karny" xAddress="Dz. U. z 1997 r. Nr 88, poz. 553">art. 13 § 1 kk</xLexLink> w zw. z <xLexLink xArt="art. 148;art. 148 § 1" xIsapId="WDU19970880553" xTitle="Ustawa z dnia 6 czerwca 1997 r. - Kodeks karny" xAddress="Dz. U. z 1997 r. Nr 88, poz. 553">art. 148 § 1 kk</xLexLink> i <xLexLink xArt="art. 156;art. 156 § 1;art. 156 § 1 pkt. 2" xIsapId="WDU19970880553" xTitle="Ustawa z dnia 6 czerwca 1997 r. - Kodeks karny" xAddress="Dz. U. z 1997 r. Nr 88, poz. 553">art. 156 § 1 pkt 2 kk</xLexLink> przy zast. <xLexLink xArt="art. 11;art. 11 § 2" xIsapId="WDU19970880553" xTitle="Ustawa z dnia 6 czerwca 1997 r. - Kodeks karny" xAddress="Dz. U. z 1997 r. Nr 88, poz. 553">art. 11 § 2 kk</xLexLink> i za to na mocy <xLexLink xArt="art. 14;art. 14 § 1" xIsapId="WDU19970880553" xTitle="Ustawa z dnia 6 czerwca 1997 r. - Kodeks karny" xAddress="Dz. U. z 1997 r. Nr 88, poz. 553">art. 14 § 1 kk</xLexLink> w zw. z <xLexLink xArt="art. 148;art. 148 § 1" xIsapId="WDU19970880553" xTitle="Ustawa z dnia 6 czerwca 1997 r. - Kodeks karny" xAddress="Dz. U. z 1997 r. Nr 88, poz. 553">art. 148 § 1 kk</xLexLink> przy zast. <xLexLink xArt="art. 11;art. 11 § 3" xIsapId="WDU19970880553" xTitle="Ustawa z dnia 6 czerwca 1997 r. - Kodeks karny" xAddress="Dz. U. z 1997 r. Nr 88, poz. 553">art. 11 § 3 kk</xLexLink> wymierzył mu karę 9 lat pozbawienia wolności.</xText>
          <xText>Na mocy <xLexLink xArt="art. 63;art. 63 § 1" xIsapId="WDU19970880553" xTitle="Ustawa z dnia 6 czerwca 1997 r. - Kodeks karny" xAddress="Dz. U. z 1997 r. Nr 88, poz. 553">art. 63 § 1 kk</xLexLink> Sąd zaliczył oskarżonemu na poczet orzeczonej kary pozbawienia wolności okres rzeczywistego pozbawienia wolności w sprawie od dnia 25 kwietnia 2012 roku do dnia 30 lipca 2012 roku i od dnia 30 grudnia 2012 roku do dnia 11 marca 2013 roku.</xText>
          <xText>Na zasadzie <xLexLink xArt="art. 44;art. 44 § 2" xIsapId="WDU19970880553" xTitle="Ustawa z dnia 6 czerwca 1997 r. - Kodeks karny" xAddress="Dz. U. z 1997 r. Nr 88, poz. 553">art. 44 § 2 kk</xLexLink> orzeczono o przepadku dowodu rzeczowego w postaci noża, zaś na zasadzie <xLexLink xArt="art. 230;art. 230 § 2" xIsapId="WDU19970890555" xTitle="Ustawa z dnia 6 czerwca 1997 r. - Kodeks postępowania karnego" xAddress="Dz. U. z 1997 r. Nr 89, poz. 555">art. 230 § 2 kpk</xLexLink> zarządzono zwrot oskarżonemu innych zabezpieczonych w sprawie przedmiotów.</xText>
          <xText>Na mocy <xLexLink xArt="art. 624" xIsapId="WDU19970890555" xTitle="Ustawa z dnia 6 czerwca 1997 r. - Kodeks postępowania karnego" xAddress="Dz. U. z 1997 r. Nr 89, poz. 555">art. 624 kpk</xLexLink> i <xLexLink xArt="art. 17;art. 17 ust. 1" xIsapId="WDU19730270152" xTitle="Ustawa z dnia 23 czerwca 1973 r. o opłatach w sprawach karnych" xAddress="Dz. U. z 1973 r. Nr 27, poz. 152">art. 17 ust. 1 ustawy o opłatach w sprawach karnych</xLexLink> zwolniono oskarżonego od ponoszenia kosztów sądowych, obciążając nimi Skarb Państwa.</xText>
          
          <xText>Apelację od wyroku złożył obrońca oskarżonego, zaskarżając orzeczenie w całości i zarzucając rozstrzygnięciu:</xText>
          <xUnit xIsTitle="false" xType="none">
            <xName xSffx=".">1</xName>
            <xText>Błąd w ustaleniach faktycznych w zakresie, w jakim Sąd I instancji uznał, iż oskarżony nie działał w obronie koniecznej, gdy tymczasem Sąd I instancji uznał, iż w niniejszej sprawie brak tych przesłanek, przy czym nie wyjaśnił w żaden sposób swojej tezy, a nadto nie przeprowadził w tym zakresie szczegółowego postępowania, celem wyjaśnienia czy pomiędzy pokrzywdzonym a oskarżonym doszło do konfliktu, w efekcie czego mógł pojawić się zamach ze strony pokrzywdzonego, przed którym oskarżony podjął działania obronne;</xText>
          </xUnit>
          <xUnit xIsTitle="false" xType="none">
            <xName xSffx=".">2</xName>
            <xText>Naruszenie przepisów procesowych, mające wpływ na treść wyroku tj. <xLexLink xArt="art. 5;art. 5 § 2" xIsapId="WDU19970890555" xTitle="Ustawa z dnia 6 czerwca 1997 r. - Kodeks postępowania karnego" xAddress="Dz. U. z 1997 r. Nr 89, poz. 555">art. 5 § 2 kpk</xLexLink> i <xLexLink xArt="art. 7" xIsapId="WDU19970890555" xTitle="Ustawa z dnia 6 czerwca 1997 r. - Kodeks postępowania karnego" xAddress="Dz. U. z 1997 r. Nr 89, poz. 555">art. 7 kpk</xLexLink> poprzez dowolną, a nie swobodną ocenę dowodów, a zwłaszcza odmowę uznania za wiarygodne wyjaśnień oskarżonego i tym samym uznanie za wiarygodne zeznań pokrzywdzonego w zakresie, w jakim Sąd uznał, iż to oskarżony pierwszy zaatakował pokrzywdzonego nożem, gdy tymczasem kwestia ta jest wątpliwa, albowiem jak wynika z zeznań świadka <xAnon>S. P.</xAnon> w chwili, gdy przybył on na miejsce zdarzenia z przekazanej mu informacji wynikało, iż doszło do sprzeczki pomiędzy osobą leżącą, a inną osobą, która zadała cios nożem i oddaliła się, a z zeznań świadka <xAnon>C. K.</xAnon> wynikało, że gdy oskarżony podchodził do pokrzywdzonego nic się nie działo, a jak do niego podszedł, to się oboje przewrócili; tym samym Sąd I instancji nie wyjaśnił w sposób pewny, czy pomiędzy pokrzywdzonym i oskarżonym nie doszło do sprzeczki i bezprawnego zamachu ze strony pokrzywdzonego tuż przed zadaniem przez oskarżonego ciosu nożem, co w konsekwencji implikować mogło konieczność oceny zdarzenia przez pryzmat regulacji <xLexLink xArt="art. 25" xIsapId="WDU19970880553" xTitle="Ustawa z dnia 6 czerwca 1997 r. - Kodeks karny" xAddress="Dz. U. z 1997 r. Nr 88, poz. 553">art. 25 kk</xLexLink>.</xText>
          </xUnit>
          
          <xText>Z ostrożności procesowej obrońca zarzucił również naruszenie prawa materialnego w postaci <xLexLink xArt="art. 13;art. 13 § 1" xIsapId="WDU19970880553" xTitle="Ustawa z dnia 6 czerwca 1997 r. - Kodeks karny" xAddress="Dz. U. z 1997 r. Nr 88, poz. 553">art. 13 § 1 kk</xLexLink> w zw. z <xLexLink xArt="art. 148;art. 148 § 1" xIsapId="WDU19970880553" xTitle="Ustawa z dnia 6 czerwca 1997 r. - Kodeks karny" xAddress="Dz. U. z 1997 r. Nr 88, poz. 553">art. 148 § 1 kk</xLexLink> poprzez ich zastosowanie w sytuacji, gdy z okoliczności sprawy wynika, iż przedmiotowe zdarzenie winno być kwalifikowane wyłącznie przez pryzmat <xLexLink xArt="art. 156;art. 156 § 1" xIsapId="WDU19970880553" xTitle="Ustawa z dnia 6 czerwca 1997 r. - Kodeks karny" xAddress="Dz. U. z 1997 r. Nr 88, poz. 553">art. 156 § 1 kk</xLexLink>.</xText>
          
          <xText>Opierając się na tych zarzutach obrońca wniósł o zmianę zaskarżonego wyroku i uniewinnienie oskarżonego od zarzucanego mu czynu, zaś z ostrożności procesowej wniósł o zmianę wyroku poprzez uznanie, iż czyn oskarżonego stanowi przestępstwo z <xLexLink xArt="art. 156;art. 156 § 1" xIsapId="WDU19970880553" xTitle="Ustawa z dnia 6 czerwca 1997 r. - Kodeks karny" xAddress="Dz. U. z 1997 r. Nr 88, poz. 553">art. 156 § 1 kk</xLexLink>.</xText>
          
          <xText>
            <xBx>Sąd Apelacyjny zważył, co następuje:</xBx>
          </xText>
          
          <xText>Zarzuty apelacji nie są uzasadnione, a w części sugerującej konieczność przyjęcia, iż oskarżony działał w ramach obrony koniecznej należy je uznać za oczywiście bezzasadne. Wbrew twierdzeniom skarżącego Sąd I instancji nie dopuścił się żadnego naruszenia przepisów prawa procesowego. Nie ma żadnych przesłanek, aby stwierdzić w procedowaniu Sądu Okręgowego naruszenie przepisu gwarancyjnego zawartego w dyspozycji <xLexLink xArt="art. 5;art. 5 § 2" xIsapId="WDU19970890555" xTitle="Ustawa z dnia 6 czerwca 1997 r. - Kodeks postępowania karnego" xAddress="Dz. U. z 1997 r. Nr 89, poz. 555">art. 5 § 2 kpk</xLexLink>. Jak wynika z pisemnego uzasadnienia wyroku, Sąd I instancji nie stwierdził w sprawie istnienia nie dających się usunąć wątpliwości, a skoro tak, to nie mógł tychże wątpliwości rozstrzygnąć na niekorzyść oskarżonego. Pamiętać zaś należy o tym, że wątpliwości, o których mowa w powołanym wyżej przepisie, mają być udziałem sądu orzekającego nie zaś strony podnoszącej, że takowe istnieją. Co więcej w ocenie Sądu Apelacyjnego zebrany w sprawie materiał dowodowy w żadnym zakresie nie powodował, iżby takie wątpliwości należało powziąć.</xText>
          <xText>Równie nietrafny jest zarzut naruszenia przez Sąd I instancji zasady swobody oceny dowodów. Na wstępie stwierdzić należy, iż cały proces oceniania wszystkich zebranych w sprawie dowodów przedstawił Sąd I instancji w starannie sporządzonym pisemnym uzasadnieniu zaskarżonego wyroku. W zakresie kryteriów oceny, logiki wywodów i rzeczowości wniosków oraz ich pełnej koherencji z zasadami wiedzy i doświadczenia życiowego działania Sądu I instancji pozbawione są jakichkolwiek mankamentów. Nie sposób zgodzić się ze skarżącym, że odmowa uznania za wiarygodne wyjaśnień oskarżonego złożonych na rozprawie naruszyło dyspozycję <xLexLink xArt="art. 7" xIsapId="WDU19970890555" xTitle="Ustawa z dnia 6 czerwca 1997 r. - Kodeks postępowania karnego" xAddress="Dz. U. z 1997 r. Nr 89, poz. 555">art. 7 kpk</xLexLink>. Jak to zaakcentował Sąd I instancji, wyjaśnienia oskarżonego były zmienne w czasie postępowania, nierzeczowe, a wielu fragmentach pozbawione logiki i sprzeczne z zasadami doświadczenia życiowego. Dodatkowo nie znajdowały żadnego potwierdzenia w jakimkolwiek innym przeprowadzonym w sprawie dowodzie. Z drugiej strony w pełni zaakceptować należy, wbrew osnowie apelacji, oceny, jakich dokonał Sąd I instancji w stosunku do zeznań pokrzywdzonego. Relacja <xAnon>R. Ł.</xAnon> o przebiegu zdarzenia jest bowiem, w przeciwieństwie do wyjaśnień oskarżonego, w całym postępowaniu konsekwentna, wewnętrznie spójna i logiczna. Nadto znajduje oparcie w innych dowodach, a to zeznaniach osób, które zbieżnie z pokrzywdzonym relacjonowały różne fazy widzianego przez siebie zdarzenia. Wskazać więc należy, tak jak uczynił to Sąd I instancji, na zeznania świadków <xAnon>J. B.</xAnon> i <xAnon>C. K.</xAnon>, w takim zakresie, w jakim zeznania tego ostatniego zostały przez Sąd uwzględnione. Tak więc, realizując zasadę swobodnej oceny dowodów Sąd I instancji w pełni uprawniony był, idąc za wskazaniami logiki i doświadczenia życiowego, aby zeznania pokrzywdzonego w całości uwzględnić, a wyjaśnieniom oskarżonego, zarówno złożonym na rozprawie, jak i pochodzącym z drugiej części postepowania przygotowawczego, nie dać wiary. Całkowicie chybione jest wskazywanie przez obrońcę na wyrwany z całości zeznań świadka <xAnon>S. P.</xAnon> fragment o sprzeczce między pokrzywdzonym a oskarżonym tuż przed zadaniem ciosu nożem. Po pierwsze bowiem relacja ta ma jedynie pośredni charakter, bo opiera się na tym, co ów świadek miał usłyszeć po przybyciu na miejsce zdarzenia, po drugie zaś należy pamiętać o tym, iż zeznania <xAnon>S. P.</xAnon> tworzą jedną całość obejmującą jego depozycje pochodzące zarówno z postępowania przygotowawczego, jak i z rozprawy. Tymczasem zeznając w toku śledztwa świadek ten podał (tak samo zresztą jak drugi z policjantów <xAnon>A. F.</xAnon>), iż po przybyciu na miejsce zdarzenia w rozmowie z <xAnon>J. B.</xAnon> i <xAnon>C. K.</xAnon> ustalił, że do pokrzywdzonego podszedł oskarżony, zadał mu cios nożem i oddalił się. Nie sposób zatem było w oparciu o ten fragment zeznań świadka czynić ustaleń, sprzecznych zresztą z relacją <xAnon>C. K.</xAnon> i <xAnon>J. B.</xAnon>, że mieliby oni widzieć jakąkolwiek sprzeczkę pomiędzy oskarżonym a pokrzywdzonym przed zadaniem ciosu. Takie hipotetyczne ustalenie, gdyby Sąd I instancji je poczynił, stałoby również w rażącej sprzeczności z zeznaniami pokrzywdzonego i równałoby się z niedaniem im wiary w najistotniejszej ich części, ku czemu nie było żadnych przesłanek.</xText>
          <xText>Przechodząc do oceny zarzutu błędu w ustaleniach faktycznych polegającego na nieprzyjęciu przez Sąd I instancji, iż oskarżony działał w obronie koniecznej należy stwierdzić, iż zarzut ten jest czysto polemiczny i zbudowany na hipotezie, której w żaden sposób nie da się oprzeć na jakimkolwiek wiarygodnym dowodzie w sprawie. Dodać trzeba, że kwestia ewentualnej obrony koniecznej była w polu widzenia Sądu I instancji, jako że argument taki pojawił się już w wystąpieniu obrońcy w czasie rozprawy. Zwięzłą, lecz rzeczową ocenę, jakiej dokonał Sąd I instancji w tym zakresie w pełni należy podzielić. Wywody obrońcy jaskrawo i całkowicie abstrahują od treści zebranych w sprawie dowodów. Nawet przy hipotetycznym przyjęciu, że ze strony pokrzywdzonego doszło do słownej zaczepki oskarżonego (chociaż słów wypowiadanych rzekomo przez <xAnon>R. Ł.</xAnon> i cytowanych przez oskarżonego nie sposób obiektywnie uznać za zaczepne) to w żadnej mierze nie można byłoby uznać, iż stanowiły one podstawę do podjęcia działań obronnych przez oskarżonego o takim charakterze, jak to w sprawie ustalono. Przypomnieć zaś należy obrońcy, iż nawet w tej części wyjaśnień, w których tą hipotetyczną zaczepkę oskarżony opisywał, nie podawał równocześnie, aby pokrzywdzony podjął jakąkolwiek próbę zamachu na niego. Nie można zgodzić się ze skarżącym, iż błędem Sądu I instancji było nie poczynienie szczegółowych ustaleń, co do tego, czy nie doszło do sprzeczki między oskarżonym a pokrzywdzonym. Jak wynika z pisemnego uzasadnienia zaskarżonego wyroku Sąd I instancji poczynił jednoznaczne ustalenie, że nie było żadnej sprzeczki, a oskarżony po podejściu do pokrzywdzonego i złapaniu go jedną ręką za ramię drugą zadał mu cios nożem. Równie chybiony jest argument, iż okoliczność taka miałaby być uwiarygodniona fragmentem zeznań <xAnon>C. K.</xAnon>, w którym mowa o tym, że po podejściu do pokrzywdzonego zarówno oskarżony jak i pokrzywdzony przewrócili się. Obrońca zdaje się nie zauważać tego, iż Sąd I instancji oceniając zeznania świadka <xAnon>C. K.</xAnon> nie dał im wiary w tej części, która obejmuje zmienioną relację tej osoby na temat rzekomej sytuacji przewrócenia się oskarżonego i pokrzywdzonego. Argumenty za takim rozstrzygnięciem szczegółowo Sąd I instancji przedstawił i prawidłowość tejże oceny nie może budzić wątpliwości Sądu Apelacyjnego.</xText>
          <xText>Równie nieuzasadniony jest podniesiony z ostrożności procesowej ewentualny zarzut naruszenia prawa materialnego. W istocie sprowadza się on do kwestionowania prawidłowości ustaleń Sądu I instancji w zakresie istnienia u oskarżonego zamiaru pozbawienia życia pokrzywdzonego. Tymczasem wbrew stanowisku obrońcy również i te ustalenia zasługują na pełną akceptację Sądu Apelacyjnego. Wywód, jaki zaprezentował w tym zakresie Sąd I instancji w pisemnym uzasadnieniu wyroku jest nie do podważenia, zarówno biorąc pod uwagę argumenty natury prawnej jak i faktycznej. W pełni zgodzić należy się z Sądem Okręgowym, że zarówno okoliczności przedmiotowe popełnionego czynu, jak i podmiotowe elementy zachowania oskarżonego przekonują, iż działał on z zamiarem pozbawienia życia pokrzywdzonego, a skutku tego nie osiągnął jedynie dlatego, że <xAnon>R. Ł.</xAnon> bezzwłocznie i skutecznie udzielono pomocy lekarskiej. Zarówno użyte narzędzie w postaci noża, jego rozmiary, a zwłaszcza długość ostrza, ustalona znaczna siła ciosu, część ciała, w jaką został zadany, ale i wypowiadane po zadaniu uderzenia słowa przez oskarżonego jednoznacznie świadczą o tym, iż przewidywał on i godził się z możliwością pozbawienia życia <xAnon>R. Ł.</xAnon>. Wbrew twierdzeniom obrońcy nie sposób uznać, że wypowiedzi oskarżonego o zadźganiu człowieka Sąd I instancji nadał zbyt istotną wagę. W świetle bezpośrednio poprzedzających te słowa działań oskarżonego uznać należało, tak jak to uczynił Sąd Okręgowy, że słowa te stanowiły zewnętrze zwerbalizowanie zamiaru zabójstwa.</xText>
          <xText>Reasumując należy wskazać, iż procedowanie Sądu I instancji było w pełni prawidłowe, respektujące wszelkie rygory procesowe i gwarancje, jakie dla oskarżonego przewiduje prawo. Zebrano w sprawie pełny materiał dowodowy, poddano go prawidłowej ocenie, a wyciągnięte wnioski należycie uzasadniono. Informacje zawarte w dowodach logicznie przetworzono na zrekonstruowany stan faktyczny, który następnie w logiczny i nie budzący wątpliwości sposób zanalizowano, dokonując trafnej subsumpcji. Nie było zatem żadnych powodów, aby w treść zaskarżonego wyroku, również poza zakresem zaskarżenia, ingerować.</xText>
          <xText>Wymierzona oskarżonemu kara 9 lat pozbawienia wolności nie jest karą rażąco surową. Represja karna została przez Sąd I instancji jedynie nieznacznie podniesiona ponad dolny próg ustawowego zagrożenia. Taki sposób skonstruowania kary został przez Sąd Okręgowy wystarczająco uzasadniony w pisemnych motywach wyroku. Zgodzić się należy z ocenami tam zawartymi, iż wielokrotna wcześniejsza karalność <xAnon>I. L.</xAnon> mimo, iż za inne przestępstwa niż przeciwko życiu i zdrowiu, ale już na kary pozbawienia wolności, z których jedną, po uprzednim warunkowym zawieszeniu, zarządzono do wykonania, działanie w stanie nietrzeźwości i bez żadnego powodu muszą implikować wymierzenie kary, która nieznacznie, lecz przekracza dolne ustawowe zagrożenie z <xLexLink xArt="art. 148;art. 148 § 1" xIsapId="WDU19970880553" xTitle="Ustawa z dnia 6 czerwca 1997 r. - Kodeks karny" xAddress="Dz. U. z 1997 r. Nr 88, poz. 553">art. 148 § 1 kk</xLexLink>. W polu widzenia Sądu I instancji były również okoliczności natury podmiotowej, które uznane zostały za mające łagodzący wpływ na wymiar kary. W tej sytuacji oceną Sądu Apelacyjnego było, iż wymierzona przez Sąd I instancji kara w pełni realizuje dyrektywy zawarte w <xLexLink xArt="art. 53" xIsapId="WDU19970880553" xTitle="Ustawa z dnia 6 czerwca 1997 r. - Kodeks karny" xAddress="Dz. U. z 1997 r. Nr 88, poz. 553">art. 53 kk</xLexLink>.</xText>
          <xText>Konsekwencją takich ustaleń, dokonanych w toku kontroli odwoławczej zaskarżonego wyroku, było utrzymanie orzeczenia w mocy.</xText>
          <xText>Z uwagi na trudną sytuację materialną oskarżonego, który pozbawiony jest wolności i stoi prze perspektywą odbywania wieloletniej kary, Sąd Apelacyjny na zasadzie <xLexLink xArt="art. 634" xIsapId="WDU19970890555" xTitle="Ustawa z dnia 6 czerwca 1997 r. - Kodeks postępowania karnego" xAddress="Dz. U. z 1997 r. Nr 89, poz. 555">art. 634 kpk</xLexLink> w zw. z <xLexLink xArt="art. 624;art. 624 § 1" xIsapId="WDU19970890555" xTitle="Ustawa z dnia 6 czerwca 1997 r. - Kodeks postępowania karnego" xAddress="Dz. U. z 1997 r. Nr 89, poz. 555">art. 624 § 1 kpk</xLexLink> zwolnił <xAnon>I. L.</xAnon> od ponoszenia kosztów sądowych za postepowanie odwoławcze, obciążając nimi Skarb Państwa.</xText>
        </xUnit>
      </xBlock>
    </xPart>
  </judgement>
<judgement id="152515000001003_II_Ca_000407_2013_Uz_2013-07-04_001">
    <xPart xEditorFullName="Justyna Dolata" xYear="2013" xLang="PL" xPublisherFullName="Zofia Filipczak" xFromPg="1" xEditor="dolata.j" xVolType="15/251500/0001003/Ca" xPublisher="filipczak.z" xDocType="Uz" xVolNmbr="000407" xVersion="1.0" xToPage="14" xFlag="published">
      <xName>Wyrok+Uzasadnienie</xName>
      <xBlock>
        <xText>Sygn. akt II Ca 407/13</xText>
        
        <xUnit xIsTitle="true" xType="part" xBold="true">
          <xName>WYROK</xName>
          <xTitle>W IMIENIU RZECZYPOSPOLITEJ POLSKIEJ</xTitle>
          <xText xALIGNx="right">Dnia 4 lipca 2013 roku</xText>
          
          <xText>Sąd Okręgowy w Piotrkowie Tryb. Wydział II Cywilny Odwoławczy w składzie:</xText>
          
          <xRows>
            <xCOLGROUPx>
              <xCOLx xWIDTHx="158"/>
              <xCOLx xWIDTHx="449"/>
            </xCOLGROUPx>
            <xRow>
              <xClmn xALIGNx="left" xVALIGNx="top">
                <xText>Przewodniczący</xText>
              </xClmn>
              <xClmn xALIGNx="left" xVALIGNx="top">
                <xText>SSO Grzegorz Ślęzak</xText>
              </xClmn>
            </xRow>
            <xRow>
              <xClmn xALIGNx="left" xVALIGNx="top">
                <xText>Sędziowie</xText>
              </xClmn>
              <xClmn xALIGNx="left" xVALIGNx="top">
                <xText>SSO Paweł Hochman</xText>
                <xText>SSO Jarosław Gołębiowski (spr.)</xText>
              </xClmn>
            </xRow>
            <xRow>
              <xClmn xALIGNx="left" xVALIGNx="top">
                <xText>Protokolant</xText>
              </xClmn>
              <xClmn xALIGNx="left" xVALIGNx="top">
                <xText>st. sekr. sąd. Beata Gosławska</xText>
              </xClmn>
            </xRow>
          </xRows>
          
          <xText>po rozpoznaniu w dniu 4 lipca 2013 roku w Piotrkowie Trybunalskim</xText>
          <xText>na rozprawie sprawy z powództwa <xAnon>K. W.</xAnon></xText>
          <xText>przeciwko <xAnon> (...) Spółce Akcyjnej</xAnon> w <xAnon>Ł.</xAnon></xText>
          <xText>o zadośćuczynienie i odszkodowanie</xText>
          <xText>na skutek apelacji powoda</xText>
          <xText>od wyroku Sądu Rejonowego w Radomsku z dnia 28 lutego 2013 roku, sygn. akt I C 268/12</xText>
          <xText>1. zmienia zaskarżony wyrok w punktach: pierwszym i drugim sentencji w ten sposób, że zasądzoną od pozwanego <xAnon> (...) Spółki Akcyjnej</xAnon> w <xAnon>Ł.</xAnon> na rzecz powoda <xAnon>K. W.</xAnon> kwotę 30.000 złotych tytułem zadośćuczynienia podwyższa do kwoty 40.000 (czterdzieści tysięcy ) złotych a nadto zasądza od pozwanego <xAnon> (...) Spółki Akcyjnej</xAnon> w <xAnon>Ł.</xAnon> na rzecz powoda <xAnon>K. W.</xAnon> kwotę 1.992 (jeden tysiąc dziewięćset dziewięćdziesiąt dwa ) złotych tytułem odszkodowania z ustawowymi odsetkami od dnia 1 marca 2013 roku oraz w punkcie trzecim sentencji w ten sposób, że nie obciąża powoda brakującą opłatą sądową a w pozostałej części apelację oddala;</xText>
          <xText>2. znosi między stronami koszty procesu za instancję odwoławczą.</xText>
          <xText xALIGNx="right"> Na oryginale właściwe podpisy</xText>
          <xText>Sygn. akt II Ca 407/13</xText>
        </xUnit>
        <xUnit xIsTitle="true" xType="part" xBold="true">
          <xName>UZASADNIENIE</xName>
          <xText>Zaskarżonym wyrokiem z dnia 28 lutego 2013 r. Sąd Rejonowy w Radomsku po rozpoznaniu sprawy z powództwa <xAnon>K. W.</xAnon> przeciwko pozwanej <xAnon> (...) S.A.</xAnon> w <xAnon>Ł.</xAnon> o zapłatę zadośćuczynienia w kwocie 45.000,00 zł. oraz odszkodowania w kwocie 1.992,00 zł.</xText>
          <xText>I. zasądza od pozwanej <xAnon> (...) S.A.</xAnon> w <xAnon>Ł.</xAnon> na rzecz powoda <xAnon>K. W.</xAnon> kwotę 30.000,00 zł. z ustawowymi odsetkami w stosunku rocznym w wysokości 13 % od dnia 01 marca 2013. - do dnia zapłaty - przy uwzględnieniu ustawowej zmiany wysokości odsetek, a nadto kwotę 4.117,00 zł. tytułem kosztów procesu - w tym 2.417,00 zł. kosztów zastępstwa radcy prawnego;</xText>
          <xText>II. w pozostałej części oddala powództwo;</xText>
          <xText>III. nakazuje ściągnąć tytułem kosztów sądowych na rzecz Skarbu Państwa - kasa Sądu Rejonowego w Radomsku od:</xText>
          <xText>1/ pozwanej <xAnon> (...) S.A.</xAnon> w <xAnon>Ł.</xAnon> kwotę 1.135,10 zł,</xText>
          <xText>2/ powoda <xAnon>K. W.</xAnon> kwotę 750,00 zł. - z zasądzonego roszczenia;</xText>
          <xText>IV. ustala odpowiedzialność pozwanej <xAnon> (...) S.A.</xAnon> w <xAnon>Ł.</xAnon> za skutki wypadku z dnia 04 sierpnia 2011 r. na przyszłość.</xText>
          <xText>Podstawę powyższego rozstrzygnięcia stanowiły przytoczone poniżej ustalenia i rozważania Sądu Rejonowego.</xText>
          <xText>Wyrokiem z dnia 15 listopada 2011 r. postępowanie karne w stosunku do <xAnon>J. P.</xAnon>oskarżonego o to, że w dniu 04 sierpnia 2011 r. nieumyślnie naruszy! zasady bezpieczeństwa w ruchu drogowym w ten sposób, że jadąc jako kierujący samochodem osobowym marki <xAnon>(...)</xAnon>nie zachował należytej ostrożności i nie udzielił pierwszeństwa na prawidłowo oznakowanym przejściu dla pieszych i doprowadził do potrącenia pieszego <xAnon>K. W.</xAnon>- zostało warunkowo umorzone.</xText>
          <xText>Niespornym jest między stronami, że w dniu 4 sierpnia 2011r. powód został potrącony na przejściu dla pieszych przez <xAnon>J. P.</xAnon>, kierującego samochodem osobowym marki <xAnon>(...)</xAnon>. Sprawca był ubezpieczony od odpowiedzialności cywilnej przez pozwane towarzystwo. W wyniku tego zdarzenia doznał złamania kompresyjnego trzonów kręgów LI, T'hl2, Thll, złamania podgłowowego kości strzałkowej prawej, skręcenia kręgosłupa szyjnego i stłuczenia miednicy.</xText>
          <xText>W dniach 4-10 sierpnia 2011 r. był hospitalizowany na Oddziale<xAnon>(...)</xAnon><xAnon>Szpitala (...)</xAnon>w <xAnon>R.</xAnon>, a następnie w dniach 7-13 września 2011 r. przebywał na tym Oddziale, celem oceny zrostu kręgosłupa i spionizowania. Od września 201 lr. do stycznia 2012r. powód był leczony w Poradni <xAnon>(...)</xAnon>w <xAnon>R.</xAnon>.</xText>
          <xText>Po przebytym urazie narządu ze złamaniem kręgosłupa, rozpoznanie lekarskie wykazało u powoda <xAnon>K. W.</xAnon>:</xText>
          <xText>- złamanie kompresyjne 1° trzonu 11 i 12 - tego kręgu piersiowego ( Thll i Th 12 ) oraz - złamanie górnej płytki granicznej 1 - go kręgu lędźwiowego (LI) odcinka lędźwiowego,</xText>
          <xText>- zespół bólowy wysiłkowo - przeciążeniowy kręgosłupa odcinka piersiowego ( Th) i lędźwiowo - krzyżowego ( L - S ),</xText>
          <xText>- złamanie podgłowowe strzałki prawej,</xText>
          <xText>- skręcenie odcinka szyjnego kręgosłupa, stłuczenie miednicy.</xText>
          <xText>Nie odzyskał dość zadowalającej wydolności dynamicznej kręgosłupa w zakresie zgięcia rotacji i nachylenia odcinka TH/L/S. Występują u niego bóle wysiłkowo -przeciążeniowe okolicy pleców i lędźwiowej. Badanie RTG na płycie DVD wykazuje zrost kostny ze sklinowaceniem nieznacznego stopnia /I0/ trzonu Th 11, 12 i 12 LI. Chodzi sprawnie bez zaopatrzenia ortopedycznego kolana prawego i kręgosłupa.</xText>
          <xText>Trwały uszczerbek wynosi u powoda 15 % według punktu 90b Tabeli Uszczerbków Ministerstwa Pracy i Polityki Społecznej z dnia 18 grudnia 2002 r., w związku z ograniczeniem rotacji powyżej 20° i zgięcia do 50 cm. Ponieważ nie stwierdzono u powoda całkowitego usztywnienia kręgosłupa, brak jest podstaw do orzeczenia uszczerbku na wyższym poziomie procentowym.</xText>
          <xText>Złamanie strzałki z małą, dyskretną niestabilnością boczną bez ubytków ruchowych kolana prawego, spowodowało trwały uszczerbek według punktu 159 w wysokości 3%, a odcinek szyjny z małymi ubytkami ruchowymi szyi, spowodował trwały uszczerbek w wysokości 1 %.</xText>
          <xText>Suma trwałego uszczerbku na zdrowiu powoda wyniosła 19%. Nie obejmuje on dolegliwości bólowych tj. urazowych zespołów bólowych korzeniowych.</xText>
          <xText>Przebyte przez powoda obrażenia spowodowały u niego cierpienia psychofizyczne dużego stopnia przez okres 1 miesiąca, kiedy zmuszony był leżeć w domu zgodnie z zaleceniem poszpitalnym. Po tym okresie, w czasie początkowej pionizacji i przez okres zalecenia oszczędzającego trybu życia, występowały u niego średnie cierpienia przez okres 6 miesięcy od urazu. Od 7 - go miesiąca stopień cierpień jest lekki. Rozmiar odchyleń statyczno - dynamicznych, ubytki ruchowe dużego stopnia, bez znieksztaceń zarysów stawów i bez zaników mięśniowych i utrwaloną małą kompresją 3 kręgów oraz zgłaszane obecnie bóle odcinka piersiowego i niewielkie lędźwiowego, pozwalają uznać, że cierpienia pozostaną na poziomie lekkim.</xText>
          <xText>Przez okres 1 - go miesiąca powód potrzebował pomocy innych osób w zaspokajaniu potrzeb dnia codziennego w wymiarze 10 godzin dziennie, gdyż był osobą leżącą z zakazem wstawania i chodzenia. Od 2 - ego do 6 - tego miesiąca potrzebował pomocy w wymiarze 2 godzin dziennie. Po tym okresie pomocy już nie potrzebował.</xText>
          <xText>Rokowania co do stanu zdrowia na przyszłość są stabilne. Nie należy się spodziewać znacznego kalectwa. Jednak z powodu utrzymujących się dolegliwości, utrwalonej, małej kompresji 3 kręgów, zaznaczonych ubytków ruchowych należy przyjąć, że rokowania nie są w pełni pomyślne. Pełny powrót do sprawności jak przed wypadkiem nie jest możliwy. Utrudnienia w normalnym funkcjonowaniu są trwałe i ograniczają powoda w normalnym trybie życia, a w tym w uprawianiu zajęć sportowych i wykonywaniu czynności nadmiernie przeciążających. Okres leczenia czynnego został zakończony, lecz ograniczenia ruchowe powoda i ewentualne pogorszenie sprawności powodują, że w przebiegu przyśpieszonych zmian zwyrodnieniowych będzie musiał korzystać z okresowej rehabilitacji i farmakoterapii.</xText>
          <xText>Leczenie farmakologiczne zwiększy potrzeby powoda na leki przeciwbólowe i rozkurczowe, kosztujące miesięcznie 50,00 zł.</xText>
          <xText>Zgłaszane dolegliwości bólowe i duże ubytki dynamiczno - statyczne mogą skutkować częściową, okresową niezdolnością do pracy. Z powodu naruszenia sprawności narządu ruchu, powód jest osobą częściowo niezdolną do pracy.</xText>
          <xText>Powód nigdy nie wymagał w związku z wypadkiem specjalnego odżywiania i nie będzie go wymagał go w przyszłości. Korzystanie z zabiegów rehabilitacyjnych i wizyt w gabinetach lekarskich jest refundowane przez NFZ.</xText>
          <xText>Neurologicznie rozpoznano u powoda zespół bólowy odcinka szyjnego kręgosłupa, ze słabo wyrażoną rwą barkową po urazie skrętnym, a nadto stan po złamaniu trzonów kręgów Thl 1 i LI, bez zespołu korzeniowego.</xText>
          <xText>Przebyty uraz spowodował 5 % uszczerbku na zdrowiu zgodnie z pkt. 94a Tabeli Uszczerbków Ministerstwa Pracy i Polityki Społecznej z dnia 18 grudnia 2002 r.</xText>
          <xText>Neurologiczne skutki urazu w niewielkim stopniu wpływały na zakres cierpień fizycznych powoda. Jego cierpienia spowodowane były głównie ortopedycznymi skutkami urazu. Doznany przez niego neurologiczny uszczerbek na zdrowiu, rokuje dobrze po zastosowaniu dalszej rehabilitacji i ewentualnego leczenia farmakologicznego.</xText>
          <xText>Stan neurologiczny nie wpływa w sposób znaczący na uprawianie sportów, pracy twórczej, artystycznej lub zawodowej.</xText>
          <xText>Sąd Rejonowy zważył, iż przepis <xLexLink xArt="art. 444;art. 444 § 1" xIsapId="WDU19640160093" xTitle="Ustawa z dnia 23 kwietnia 1964 r. - Kodeks cywilny" xAddress="Dz. U. z 1964 r. Nr 16, poz. 93">art. 444 § 1 k.c.</xLexLink> stanowi, że w razie uszkodzenia ciała lub wywołania rozstroju zdrowia naprawienie szkody obejmuje wszelkie wynikłe z tego powodu koszty. Na żądanie poszkodowanego zobowiązany do naprawienia szkody powinien wyłożyć z góry sumę potrzebną na koszty leczenia, a jeżeli poszkodowany stał się inwalidą, także sumę potrzebną na koszty przygotowania do innego zawodu.</xText>
          <xText>W wypadkach przewidzianych w artykule poprzedzającym, sąd może przyznać poszkodowanemu odpowiednią sumę tytułem zadośćuczynienia pieniężnego za doznaną krzywdę na podstawie przepisu <xLexLink xArt="art. 445;art. 445 § 1" xIsapId="WDU19640160093" xTitle="Ustawa z dnia 23 kwietnia 1964 r. - Kodeks cywilny" xAddress="Dz. U. z 1964 r. Nr 16, poz. 93">art. 445 § 1 k.c.</xLexLink></xText>
          <xText>W przepisie <xLexLink xArt="art. 24;art. 24 § 1" xIsapId="WDU19640160093" xTitle="Ustawa z dnia 23 kwietnia 1964 r. - Kodeks cywilny" xAddress="Dz. U. z 1964 r. Nr 16, poz. 93">art. 24 § 1 k.c.</xLexLink>, ustawodawca przewidział możliwość żądania przez osobę, której dobra osobiste zostały naruszone, zadośćuczynienia pieniężnego na zasadach przewidzianych w kodeksie. W obecnym stanie prawnym istnieją dwie podstawy normatywne domagania się zadośćuczynienia pieniężnego przez pokrzywdzonego, zawarte w przepisach <xLexLink xArt="art. 445;art. 448" xIsapId="WDU19640160093" xTitle="Ustawa z dnia 23 kwietnia 1964 r. - Kodeks cywilny" xAddress="Dz. U. z 1964 r. Nr 16, poz. 93">art. 445 i 448 k.c.</xLexLink></xText>
          <xText>Zadośćuczynienie za krzywdę jest swoistą postacią odszkodowania, którego celem jest rekompensowanie uszczerbku w dobrach osobistych (szkody niemajątkowej), oczywiście w takim zakresie, w jakim taka rekompensata, ze względu na szczególny charakter tych dóbr, jest możliwa za pomocą świadczeń pieniężnych. Zadośćuczynienie ma na celu kompensatę nie tylko cierpień fizycznych, ale również niekorzystnych następstw zdarzenia w sferze psychiki poszkodowanego i przywrócić ma poszkodowanemu równowagę emocjonalną naruszoną przez doznane cierpienia psychiczne. Ma łagodzić szkody z tytułu cierpień fizycznych i psychicznych.</xText>
          <xText>W literaturze podkreśla się fakultatywny i tym samym uznaniowy charakter zadośćuczynienia. Zadośćuczynienie pieniężne za doznaną krzywdę pełni przede wszystkim funkcję kompensacyjną, gdyż stanowi przybliżony ekwiwalent za doznaną przez pokrzywdzonego szkodę niemajątkową (krzywdę). Powszechnie uważa się, że powinno ono wynagrodzić doznane przez pokrzywdzonego cierpienia, utratę radości życia oraz ułatwić mu przezwyciężenie ujemnych przeżyć psychicznych. W orzecznictwie podkreśla się, że zadośćuczynienie pieniężne, o którym mowa w <xLexLink xArt="art. 445;art. 445 § 1" xIsapId="WDU19640160093" xTitle="Ustawa z dnia 23 kwietnia 1964 r. - Kodeks cywilny" xAddress="Dz. U. z 1964 r. Nr 16, poz. 93">art. 445 § 1 k.c</xLexLink>, ma na celu naprawienie szkody niemajątkowej wyrażającej się krzywdą w postaci cierpień fizycznych i psychicznych. Dlatego ustalając kwotę zadośćuczynienia, należy mieć na uwadze rozmiar cierpień fizycznych związanych z zaistnieniem wypadku, jak i dolegliwości bólowe powstałe w następstwie urazu oraz długotrwałego leczenia ( por. wyrok SN z 18.11.2004 r., I CK 219/04).</xText>
          <xText>Przesłanki do wystąpienia z roszczeniem o zadośćuczynienie pieniężne są w zasadzie analogiczne jak przesłanki dochodzenia naprawienia szkody majątkowej. Wynika to z faktu, iż przepisy regulujące kwestie zadośćuczynienia nie wprowadzają odrębnych przesłanek uzasadniających domaganie się tegoż zadośćuczynienia. Dlatego przyjmuje się, że w tym zakresie należy odwołać się do ogólnych podstaw odpowiedzialności z tytułu czynów niedozwolonych.</xText>
          <xText>Podstawową przesłanką domagania się zadośćuczynienia jest doznanie szkody niemajątkowej (krzywdy) wynikającej z określonych faktów, z którymi norma prawna wiąże obowiązek jej naprawienia (czynów niedozwolonych). Utożsamiana jest ona z negatywnymi przeżyciami w sferze psychicznej i musi być konsekwencją naruszenia dóbr osobistych, a nie majątkowych. Podstawą żądania rekompensaty za doznaną krzywdę jest naruszenie dobra osobistego i wynikająca z tego faktu szkoda niemajątkowa. Pomiędzy nimi musi zaistnieć związek przyczynowy o charakterze adekwatnym, czyli szkoda musi być normalnym następstwem określonego działania, czy też zaniechania. Związek przyczynowy nie tylko jest przesłanką odpowiedzialności za krzywdę, ale również rozstrzyga o granicach tejże odpowiedzialności. Zgodnie z zasadą wyrażoną w przepisie <xLexLink xArt="art. 6" xIsapId="WDU19640160093" xTitle="Ustawa z dnia 23 kwietnia 1964 r. - Kodeks cywilny" xAddress="Dz. U. z 1964 r. Nr 16, poz. 93">art. 6 k.c</xLexLink>, ciężar dowodu w tym zakresie spoczywa na pokrzywdzonym.</xText>
          <xText>Zadośćuczynienie na podstawie przepisu <xLexLink xArt="art. 445;art. 445 § 1" xIsapId="WDU19640160093" xTitle="Ustawa z dnia 23 kwietnia 1964 r. - Kodeks cywilny" xAddress="Dz. U. z 1964 r. Nr 16, poz. 93">art. 445 § 1 k.c.</xLexLink> może być przyznane pokrzywdzonemu tylko w przypadku wyrządzenia mu krzywdy poprzez naruszenie wskazanych w nim dóbr osobistych. Dlatego zasądzenie stosownej sumy pieniężnej możliwe jest tylko w razie uszkodzenia ciała, wywołania rozstroju zdrowia, pozbawienia wolności czy też skłonienia za pomocą podstępu, gwałtu lub nadużycia stosunku zależności do poddania się czynowi nierządnemu.</xText>
          <xText>Najczęstszą podstawą żądania zadośćuczynienia za doznaną krzywdę jest spowodowanie uszkodzenia ciała lub rozstroju zdrowia. Szkoda niemajątkowa polega tu na naruszeniu integralności cielesnej oraz zdrowia poszkodowanego. Chodzi więc o cierpienia fizyczne w postaci bólu czy też innych dolegliwości, oraz cierpienia psychiczne, będące konsekwencja naruszenia wskazanych dóbr osobistych. Jednak nie można zapomnieć o cierpieniach moralnych (psychicznych). W orzecznictwie sądowym zadośćuczynienie pieniężne obejmuje zarówno cierpienia fizyczne, jak i cierpienia psychiczne ( por. wyrok SN z 11.7.2000 r., II CKN 1119/98, niepublikowany).</xText>
          <xText>Cierpienia fizyczne i psychiczne występują z reguły razem i wzajemnie na siebie wpływają. Zadośćuczynienie przysługuje nie tylko osobom, które doznają cierpień fizycznych i psychicznych z powodu uszkodzenia ich ciała lub doznania rozstroju zdrowia, ale również tym osobom, które nie są w stanie odczuć tych naruszeń. Orzecznictwo sądowe uznało, że pokrzywdzonemu przysługuje z tytułu cierpień fizycznych i psychicznych tylko jedno roszczenie (por. wyr. SN z 3.2.2000 r., I CKN 969/98).</xText>
          <xText>Przyznanie zadośćuczynienia pieniężnego pokrzywdzonemu ma charakter fakultatywny. Oznacza to, iż uznaniu sądu pozostawiono rozstrzygnięcie kwestii, czy w konkretnym przypadku naruszenia wskazanych w komentowanym przepisie dóbr osobistych zasądzi zadośćuczynienie oraz w jakiej wysokości. Przyznana sądowi ustawowo swoboda w tym zakresie nie oznacza, że sąd może orzekać na zasadach dowolności (por. wyr. SN z 17.1.2001 r., II KKN 351/99, Prok. i Pr. 2001, Nr 6, s. 11). Jeżeli zostaną spełnione ustawowo określone przesłanki uzasadniające roszczenie o zadośćuczynienie, to odmowa jego zasądzenia będzie musiała mieć charakter wyjątkowy, kiedy okoliczności towarzyszące wyrządzeniu szkody niemajątkowej będą przemawiały przeciwko takiemu orzeczeniu.</xText>
          <xText>Wysokość zadośćuczynienia spełnia funkcję kompensacyjną, a więc powinno ono być pochodną wielkości doznanej krzywdy. Przyznana suma pieniężna powinna być utrzymana w rozsądnych granicach i dostosowana do aktualnych stosunków majątkowych i powinna być umiarkowana. Krzywda wynagradzana zadośćuczynieniem pieniężnym jest szkodą niemajątkową. Charakter takiej szkody decyduje o jej niewymierności. Przyznanego poszkodowanemu zadośćuczynienia nie należy zatem traktować na zasadzie ekwiwalentności, którą charakteryzuje wynagrodzenie szkody majątkowej. Odpowiedniość kwoty zadośćuczynienia, o której stanowi <xLexLink xArt="art. 445;art. 445 § 1" xIsapId="WDU19640160093" xTitle="Ustawa z dnia 23 kwietnia 1964 r. - Kodeks cywilny" xAddress="Dz. U. z 1964 r. Nr 16, poz. 93">art. 445 § 1 k.c</xLexLink>, ma służyć złagodzeniu doznanej krzywdy, a jednocześnie nie być źródłem wzbogacenia (por. wyrok SN z 9.2.2000 r., III CKN 582/98). Pojęcie "sumy odpowiedniej" użyte w <xLexLink xArt="art. 445;art. 445 § 1" xIsapId="WDU19640160093" xTitle="Ustawa z dnia 23 kwietnia 1964 r. - Kodeks cywilny" xAddress="Dz. U. z 1964 r. Nr 16, poz. 93">art. 445 § 1 k.c.</xLexLink> ma charakter niedookreślony. W judykaturze wskazane są kryteria, którymi należy się kierować przy ustalaniu wysokości zadośćuczynienia. Zadośćuczynienie ma mieć przede wszystkim charakter kompensacyjny, wobec czego jego wysokość nie może stanowić zapłaty symbolicznej, lecz musi przedstawiać jakąś ekonomicznie odczuwalną wartość. Jednocześnie wysokość ta nie może być nadmierną w stosunku do doznanej krzywdy, ale musi być "odpowiednia" w tym znaczeniu, że powinna być - przy uwzględnieniu krzywdy poszkodowanego - utrzymana w rozsądnych granicach, odpowiadających aktualnym warunkom i przeciętnej stopie życiowej społeczeństwa (por. wyrok SN z 28.9.2001 r., III CKN 427/00 ) Suma odpowiednia w rozumieniu <xLexLink xArt="art. 445" xIsapId="WDU19640160093" xTitle="Ustawa z dnia 23 kwietnia 1964 r. - Kodeks cywilny" xAddress="Dz. U. z 1964 r. Nr 16, poz. 93">art. 445 k.c.</xLexLink> nie oznacza sumy dowolnej, określonej wyłącznie według uznania sądu, gdyż jej prawidłowe ustalenie wymaga uwzględnienia wszystkich okoliczności, mogących mieć w danym przypadku znaczenie; zadośćuczynienie powinno mieć charakter kompensacyjny, a więc przedstawiać ekonomicznie odczuwalną wartość i być tak ukształtowane, by stanowić ekwiwalent doznanej krzywdy; z drugiej strony należy utrzymać wysokość zadośćuczynienia w rozsądnych granicach, odpowiadających aktualnym warunkom i przeciętnej stopie życiowej społeczeństwa, co nie może podważać kompensacyjnej funkcji zadośćuczynienia.</xText>
          <xText>Można ogólnie stwierdzić, że określając wysokość zadośćuczynienia, sąd powinien brać pod uwagę wszystkie okoliczności, które dotyczą rodzaju chronionego dobra, rozmiaru doznanej krzywdy, charakteru następstw naruszenia, stosunków majątkowych zobowiązanego, stopnia jego winy.</xText>
          <xText>Zadośćuczynienie należne osobie pokrzywdzonej deliktem ma na celu złagodzenie doznanych cierpień fizycznych i moralnych. Wysokość zadośćuczynienia musi zatem pozostawać w zależności od intensywności tych cierpień, czasu ich trwania, ujemnych skutków zdrowotnych, jakie osoba poszkodowana będzie zmuszona znosić w przyszłości. W dążeniu do określenia wysokości zadośćuczynienia nie da się natomiast uzasadnić stosowania takich kryteriów ocennych, które są właściwe szacowaniu szkód rzeczowych. Nie można zatem mierzyć wysokości zadośćuczynienia potrzebą dostępności do określonych dóbr: samochodu, konta bankowego, mieszkania itp. (por. wyr. SN z 29.9.2004 r., II CK 531/03).</xText>
          <xText>Nie bez znaczenia dla wysokości zadośćuczynienia ma kwestia stopnia zawinienia po stronie sprawcy. W orzecznictwie sformułowano tezę, że intensywność winy sprawcy naruszenia dobra osobistego, może być czynnikiem zwiększającym zakres doznanej krzywdy.</xText>
          <xText>Z wyroku zaległego w aktach szkody wynika, że postępowanie karne w stosunku do w stosunku do <xAnon>J. P.</xAnon>oskarżonego o to, że w dniu 04 sierpnia 2011 r. nieumyślnie naruszył zasady bezpieczeństwa w mchu drogowym w ten sposób, że jadąc jako kierujący samochodem osobowym marki<xAnon>(...)</xAnon>nie zachował należytej ostrożności i nie udzielił pierwszeństwa na prawidłowo oznakowanym przejściu dla pieszych i doprowadził do potrącenia pieszego <xAnon>K. W.</xAnon>- zostało warunkowo umorzone.</xText>
          <xText>Sprawca wypadku <xAnon>J. P.</xAnon>, był ubezpieczony w ramach OC w pozwanym <xAnon> (...) Spółka Akcyjna</xAnon>.</xText>
          <xText>Zgodnie z <xLexLink xArt="art. 436;art. 436 § 1" xIsapId="WDU19640160093" xTitle="Ustawa z dnia 23 kwietnia 1964 r. - Kodeks cywilny" xAddress="Dz. U. z 1964 r. Nr 16, poz. 93">art. 436 § 1</xLexLink> w zw. z <xLexLink xArt="art. 435" xIsapId="WDU19640160093" xTitle="Ustawa z dnia 23 kwietnia 1964 r. - Kodeks cywilny" xAddress="Dz. U. z 1964 r. Nr 16, poz. 93">art. 435 k.c.</xLexLink> odpowiedzialność cywilną za szkodą na osobie wyrządzoną ruchem mechanicznego środka komunikacji poruszanego za pomocą sil przyrody, ponosi min. posiadacz samoistny. Artykuł 23 ustawy o ubezpieczeniach obowiązkowych nakłada na posiadacza pojazdu mechanicznego obowiązek zawarcia umowy obowiązkowego ubezpieczenia OC, za szkody powstałe w związku z ruchem posiadanego pojazdu.</xText>
          <xText>Istota umowy ubezpieczenia odpowiedzialności cywilnej, to obowiązek zakładu ubezpieczeń zapłacenia odszkodowania za szkody wyrządzone osobom trzecim, względem których odpowiedzialność za szkodę ponosi min. ubezpieczający.</xText>
          <xText>Pozwana <xAnon> (...) Spółka Akcyjna</xAnon>, uznało swoją odpowiedzialność i wypłaciło powodowi kwotę 15.000,00 zł tytułem zadośćuczynienia, kwotę 51,44 zł tytułem zwrotu kosztów leczenia i kwotę 1.344,00 zł tytułem zwrotu kosztów opieki, tj. 1.008zł za 28 dni x 6 godz. / dziennie x 6 zł oraz 366 zł za 14 dni po 4 godz. / dziennie x 6 zł/godz.</xText>
          <xText>Spór dotyczył wysokości zadośćuczynienia oraz wysokości odszkodowania, za poniesione koszty wywołane uszkodzeniem ciała, wskutek zdarzenia z dnia 4 sierpnia 2011 r.</xText>
          <xText>W sprawie zostały złożone dwie opinie biegłych lekarzy ortopedów , a to <xAnon>J. B.</xAnon> i <xAnon>R.</xAnon><xAnon>E.</xAnon> Pierwszy ustalił wysokość trwałego uszczerbku na zdrowiu na 10 %, tj. niżej niż lekarz orzecznik, który ustalił ją na 15 %, a drugi na 19 %.</xText>
          <xText>Opinia biegłego lekarza ortopedy <xAnon>R.</xAnon><xAnon>E.</xAnon> była obszerniejsza i bardziej profesjonalna, poparta dokumentacją lekarską oraz szczegółowa analizą Drobiazgowo ocenia uszczerbek na zdrowiu powoda i jego skutki. Dlatego Sąd uznał, że to opinia biegłego <xAnon>R.</xAnon><xAnon>E.</xAnon> powinna być podstawą wyroku w sprawie jako bardziej przekonywująca.</xText>
          <xText>W wyniku potrącenia powód <xAnon>K. W.</xAnon>doznał złamania kompresyjnego trzonów kręgów LI, T'hl2, Thll, złamania podgłowowego kości strzałkowej prawej, skręcenia kręgosłupa szyjnego i stłuczenia miednicy. W dniach 4-10 sierpnia 2011 r. był hospitalizowany na Oddziale<xAnon>(...)</xAnon>w <xAnon>R.</xAnon>, a następnie w dniach 7-13 września 2011 r. przebywał na tym oddziale celem oceny zrostu kręgosłupa i spionizowania. Od września 2011r. do stycznia 2012r. był leczony w <xAnon>(...)</xAnon>w <xAnon>R.</xAnon>.</xText>
          <xText>Po przebytym urazie narządu ze złamaniem kręgosłupa, rozpoznanie lekarskie wykazało u powoda <xAnon>K. W.</xAnon>:</xText>
          <xText>- złamanie kompresyjne 1° trzonu 11 i 12 - tego kręgu piersiowego (Thll i Th 12 ) oraz złamanie górnej płytki granicznej 1 - go kręgu lędźwiowego (LI) odcinka lędźwiowego,</xText>
          <xText>- zespół bólowy wysiłkowo - przeciążeniowy kręgosłupa odcinka piersiowego ( Th) i lędźwiowo - krzyżowego ( L - S ),</xText>
          <xText>- złamanie podglowowe strzałki prawej,</xText>
          <xText>- skręcenie odcinka szyjnego kręgosłupa, stłuczenie miednicy.</xText>
          <xText>Nie odzyskał zadowalającej wydolności dynamicznej kręgosłupa w zakresie zgięcia rotacji i nachylenia odcinka TH/L/S. Występują u niego bóle wysiłkowo - przeciążeniowe okolicy pleców i lędźwiowej. Badanie RTG na płycie DVD wykazuje zrost kostny ze sklinowaceniem nieznacznego stopnia 11°I trzonu Th 11, 12 i 12 LI. Chodzi sprawnie bez zaopatrzenia ortopedycznego kolana prawego i kręgosłupa.</xText>
          <xText>Trwały uszczerbek wynosi u powoda 15 % według punktu 90b Tabeli Uszczerbków Ministerstwa Pracy i Polityki Społecznej z dnia 18 grudnia 2002 r., w związku z ograniczeniem rotacji powyżej 20° i zgięcia do 50 cm. Ponieważ nie stwierdzono u powoda całkowitego usztywnienia kręgosłupa, brak jest podstaw do orzeczenia uszczerbku na wyższym poziomie procentowym.</xText>
          <xText>Złamanie strzałki z małą, dyskretną niestabilnością boczną bez ubytków ruchowych kolana prawego, spowodowało trwały uszczerbek według punktu 159 w wysokości 3%, a odcinek szyjny z małymi ubytkami ruchowymi szyi, spowodował trwały uszczerbek w wysokości 1 %.</xText>
          <xText>Suma trwałego uszczerbku na zdrowiu powoda wyniosła 19 %. Nie obejmuje dolegliwości bólowych tj. urazowych zespołów bólowych korzeniowych.</xText>
          <xText>Przebyte przez powoda obrażenia spowodowały u niego cierpienia psychofizyczne dużego stopnia przez okres 1 miesiąca, kiedy zmuszony był leżeć w domu zgodnie z zaleceniem poszpitalnym. Po tym okresie, w czasie początkowej pionizacji i przez okres zalecenia oszczędzającego trybu życia, występowały u niego średnie cierpienia przez okres 6 miesięcy od urazu, a od 7 - go miesiąca stopień cierpień jest lekki. Rozmiar odchyleń statyczno - dynamicznych, ubytki ruchowe dużego stopnia bez znieksztaceń zarysów stawów i bez zaników mięśniowych, utrwaloną małą kompresją 3 kręgów oraz zgłaszane obecnie bóle odcinka piersiowego i niewielkie lędźwiowego pozwalają uznać, że cierpienia pozostaną na poziomie lekkim.</xText>
          <xText>Przez okres 1 - go miesiąca powód potrzebował pomocy innych osób w zaspokajaniu potrzeb dnia codziennego w wymiarze 10 godzin dziennie, gdyż był osobą leżącą z zakazem wstawania i chodzenia, a od 2 - ego do 6 - tego miesiąca potrzebował pomocy w wymiarze 2 godzin dziennie. Po tym okresie pomocy już nie potrzebował.</xText>
          <xText>Rokowania co do stanu zdrowia na przyszłość są stabilne. Nie należy się spodziewać znacznego kalectwa. Jednak z powodu utrzymujących się dolegliwości, utrwalonej, małej kompresji 3 kręgów, zaznaczonych ubytków ruchowych należy przyjąć, że rokowania nie są w pełni pomyślne. Pełny powrót do sprawności jak przed wypadkiem, nie jest możliwy. Utrudnienia w normalnym funkcjonowaniu są trwałe i ograniczają powoda w normalnym trybie życia, a w tym w uprawianiu zajęć sportowych i wykonywaniu czynności nadmiernie przeciążających. Okres leczenia czynnego został zakończony, lecz ograniczenia ruchowe powoda i ewentualne pogorszenie sprawności powodują, że w przebiegu przyśpieszonych zmian zwyrodnieniowych, będzie musiał korzystać z okresowej rehabilitacji i farmakoterapii.</xText>
          <xText>Leczenie farmakologiczne zwiększy potrzeby powoda na leki przeciwbólowe i rozkurczowe, kosztujące miesięcznie 50,00 zł.</xText>
          <xText>Zgłaszane dolegliwości bólowe i duże ubytki dynamiczno - statyczne mogą skutkować częściową, okresową niezdolnością do pracy. Z powodu naruszenia sprawności narządu ruchu, powód jest osobą częściowo niezdolną do pracy.</xText>
          <xText>Powód nigdy nie wymagał w związku z wypadkiem specjalnego odżywiania i nie będzie go wymagał go w przyszłości. Korzystanie z zabiegów rehabilitacyjnych i wizyt w gabinetach lekarskich jest refundowane przez NFZ.</xText>
          <xText>Nie do przyjęcia jest kwota zadośćuczynienia w kwocie 60.000,00 zł. lansowana przez pełnomocnika powoda, który wyliczył ją mnożąc 24 % trwały uszczerbek na zdrowiu przez 2.500,00 zł. jako wartość 1 %. Przeliczanie w taki sposób wartości zadośćuczynienia wielokrotnie poddane zostało krytyce Sądu Najwyższego.</xText>
          <xText>Wyrokiem z dnia 15 listopada 2011 r. postępowanie karne w stosunku do <xAnon>J. P.</xAnon> oskarżonego o to, że w dniu 04 sierpnia 2011 r. nieumyślnie naruszył zasady bezpieczeństwa w ruchu drogowym, zostało warunkowo umorzone.</xText>
          <xText>Określając wysokość zadośćuczynienia na kwotę 45.000,00 zł. sąd brał pod uwagę wszystkie okoliczności, które dotyczą rodzaju chronionego dobra, rozmiaru doznanej krzywdy, charakteru następstw naruszenia i stopnia jego winy wynikającego z wyroku karnego. Mała intensywność winy sprawcy naruszenia dobra osobistego, potraktowana została jako czynnik zmniejszający zakres doznanej krzywdy.</xText>
          <xText>Ponieważ powodowi wypłacona została już kwota 15.000,00 zł., należało zasądzić na jego rzecz kwotę 30.000,00 zł.</xText>
          <xText>Zasądzenie zadośćuczynienia według cen z daty wyrokowania może uzasadniać przyznanie odsetek dopiero od tej daty (tak wyrok Sądu Najwyższego - Izba Cywilna z 2000-02-10, II CKN 725/98, publ. min. Orzecznictwo Sądu Najwyższego Izba Cywilna rok 2000, Nr 9, poz. 158, str. 33). Powód dwukrotnie rozszerzał swoje żądanie. Zasady ustalania zadośćuczynienia i jego kompensacyjny charakter zobowiązują Sąd do ustalania kwoty zadośćuczynienia w nawiązaniu do cen z daty orzekania. Dlatego Sąd określił odsetki od daty orzeczenia końcowego w sprawie i nie uwzględnił żądania powoda co do daty ich wymagalności.</xText>
          <xText>Sąd oddalił żądanie powoda zasądzenia dodatkowo kwoty 1.992,00 zł. zwrotu kosztów opieki. Z tego tytułu została wypłacona powodowi kwota 1.344,00 zł. Powód nie udowodnił, jaką kwotę zapłacił opiekunce. Fakt konieczności sprawowania opieki został wykazany przez powołanych w sprawie biegłych. Powód argumentował, że wypłacił opiekunce kwotę 3.000,00 zł., na podstawie Zarządzenia Prezydenta Miasta <xAnon>R.</xAnon>Nr <xAnon>(...)</xAnon>z dnia <xAnon>(...)</xAnon>r., zgodnie z którym wynosi ona 12,70 zł. za roboczogodzinę. Stawka ta może być podstawą wyliczenia zapłaty, lecz obowiązkiem powoda było wykazać, ile roboczogodzin pracowała opiekunka.</xText>
          <xText>O kosztach Sąd orzekł za przepisem <xLexLink xArt="art. 98" xIsapId="WDU19640430296" xTitle="Ustawa z dnia 17 listopada 1964 r. - Kodeks postępowania cywilnego" xAddress="Dz. U. z 1964 r. Nr 43, poz. 296">art. 98 k.p.c.</xLexLink> Na zasądzoną z tego tytułu kwotę 4.117,00 zł. składają się: kwota 2.417,00 zł. kosztów zastępstwa radcy prawnego, naliczona zgodnie za <xLexLink xArt="§ 6;§ 6 pkt. 5" xIsapId="WDU20021631349" xTitle="Rozporządzenie Ministra Sprawiedliwości z dnia 28 września 2002 r. w sprawie opłat za czynności radców prawnych oraz ponoszenia przez Skarb Państwa kosztów pomocy prawnej udzielonej przez radcę prawnego ustanowionego z urzędu" xAddress="Dz. U. z 2002 r. Nr 163, poz. 1349">§ 6 pkt 5 rozporządzenia Ministra Sprawiedliwości z dnia 28 września 2002r. w sprawie opłat za czynności radców prawnych oraz ponoszenia przez Skarb Państwa kosztów pomocy prawnej udzielonej z urzędu</xLexLink> ( Dz. U. z 2002 r., Nr 163, poz. 1349 z późn. zm.) oraz opłata skarbowa od pełnomocnictwa na podstawie przepisu <xLexLink xArt="art. 1;art. 1 ust. 1;art. 1 ust. 1 pkt. 2" xIsapId="WDU20062251635" xTitle="Ustawa z dnia 16 listopada 2006 r. o opłacie skarbowej" xAddress="Dz. U. z 2006 r. Nr 225, poz. 1635">art. 1 ust. 1 pkt. 2 ustawy z dnia 16 listopada 2006 r. o opłacie skarbowej</xLexLink> ( Dz. U. z 2006, Nr 225, poz. 1635 z późn. zm. w zw. z cz. IV załącznika do tej ustaw}7), 1.200,00 zł. uiszczonej zaliczki na wynagrodzenie biegłych oraz 500,00 zł. opłaty sądowej naliczonej od zasądzonej kwoty 10.000,00 zł., za którą powód uiścił opłatę sądową.</xText>
          <xText>Tytułem zaliczki na wydatki powód <xAnon>K. W.</xAnon> uiścił kwotę 1.200,00 zł. Powołanym biegłym Sąd przysądził wynagrodzenie w kwocie łącznej 1.335,10 zł.</xText>
          <xText>Na podstawie przepisu <xLexLink xArt="art. 113;art. 113 ust. 1" xIsapId="WDU20051671398" xTitle="Ustawa z dnia 28 lipca 2005 r. o kosztach sądowych w sprawach cywilnych" xAddress="Dz. U. z 2005 r. Nr 167, poz. 1398">art. 113 ust. 1 ustawy z dnia 28 lipca 2005 r. o kosztach sądowych w sprawach cywilnych</xLexLink> (Dz. U Nr 167 , poz. 1398 z późn. zm.) sąd nakazał ściągnąć od pozwanego <xAnon> (...) Spółka Akcyjna</xAnon> na rzecz Skarbu Państwa - kasa Sądu Rejonowego w Radomsku kwotę 1.000,00 zł. opłaty sądowej od której powód by zwolniony ( 20.000,00 zł. ) oraz kwotę 135,10 zł. brakującej części zaliczki na wynagrodzenie biegłych. Na podstawie art. 113 ust. 2 pkt. 1 ustawy o kosztach sądowych w sprawach cywilnych Sąd nakazał ściągnąć od powoda z zasądzonego roszczenia kwotę 750,00 zł. opłaty od oddalonej części żądania powoda.</xText>
          <xText>Z opinii biegłego lekarza medycyny wynika, że z powodu utrzymujących się dolegliwości, utrwalonej, małej kompresji 3 kręgów, zaznaczonych ubytków ruchowych, należy przyjąć, że rokowania nie są w pełni pomyślne. Pełny powrót do sprawności jak przed wypadkiem nie jest możliwy. Utrudnienia w normalnym funkcjonowaniu są trwałe i ograniczają powoda w normalnym trybie życia, a w tym w uprawianiu zajęć sportowych i wykonywaniu czynności nadmiernie przeciążających. Okres leczenia czynnego został zakończony, lecz ograniczenia ruchowe powoda i ewentualne pogorszenie sprawności powodują, że w przebiegu przyśpieszonych zmian zwyrodnieniowych będzie musiał korzystać z okresowej rehabilitacji i farmakoterapii.</xText>
          <xText>Dlatego Sąd ustalił odpowiedzialność pozwanej <xAnon> (...) S.A.</xAnon> w <xAnon>Ł.</xAnon> za skutki wypadku z dnia 04 sierpnia 2011 r. na przyszłość (tak SN w uchwale składu 7 sędziów z dnia 12 kwietnia 1970 r., III RZP 34/69,OSN 1970, poz. 217) .</xText>
          <xText>Apelację od powyższego wyroku wniósł powód zaskarżając go w części tj. w pkt II i III.</xText>
          <xText>Zaskarżonemu wyrokowi zarzucił:</xText>
          <xText>1) obrazę przepisów postępowania, tj.:</xText>
          <xText>a. naruszenie <xLexLink xArt="art. 233;art. 233 § 1" xIsapId="WDU19640430296" xTitle="Ustawa z dnia 17 listopada 1964 r. - Kodeks postępowania cywilnego" xAddress="Dz. U. z 1964 r. Nr 43, poz. 296">art. 233 § 1 k.p.c</xLexLink>, poprzez niedostateczne rozważenie<xBRx/>całokształtu okoliczności sprawy przy ocenie rozmiaru krzywdy doznanej<xBRx/>przez powoda;</xText>
          <xText>b. naruszenie <xLexLink xArt="art. 232" xIsapId="WDU19640430296" xTitle="Ustawa z dnia 17 listopada 1964 r. - Kodeks postępowania cywilnego" xAddress="Dz. U. z 1964 r. Nr 43, poz. 296">art. 232 k.p.c.</xLexLink> w zw. z <xLexLink xArt="art. 233;art. 233 § 1" xIsapId="WDU19640430296" xTitle="Ustawa z dnia 17 listopada 1964 r. - Kodeks postępowania cywilnego" xAddress="Dz. U. z 1964 r. Nr 43, poz. 296">art. 233 § 1 k.p.c.</xLexLink> poprzez pominięcie<xBRx/>części materiału dowodowego, tj. oświadczenia Pani <xAnon>E. K.</xAnon> się na karcie 122 akt sprawy, a tym samym uznanie<xBRx/>roszczenia o odszkodowanie za nieudowodnione.</xText>
          <xText>2) obrazę przepisów prawa materialnego:</xText>
          <xText>a. przez niewłaściwe zastosowanie <xLexLink xArt="art. 445" xIsapId="WDU19640160093" xTitle="Ustawa z dnia 23 kwietnia 1964 r. - Kodeks cywilny" xAddress="Dz. U. z 1964 r. Nr 16, poz. 93">art. 445 k.c</xLexLink>, poprzez nieprawidłowe<xBRx/>ustalenie wysokości zadośćuczynienia w oparciu o zebrany w sprawie<xBRx/>materiał dowodowy,</xText>
          <xText>b. naruszenie <xLexLink xArt="art. 455" xIsapId="WDU19640160093" xTitle="Ustawa z dnia 23 kwietnia 1964 r. - Kodeks cywilny" xAddress="Dz. U. z 1964 r. Nr 16, poz. 93">art. 455 k.c.</xLexLink> i <xLexLink xArt="art. 481;art. 481 § 1" xIsapId="WDU19640160093" xTitle="Ustawa z dnia 23 kwietnia 1964 r. - Kodeks cywilny" xAddress="Dz. U. z 1964 r. Nr 16, poz. 93">art. 481 § 1 k.c</xLexLink>, poprzez nieprawidłowe oznaczenie terminu początkowego naliczania odsetek od zasądzonej kwoty zadośćuczynienia.</xText>
          <xText>W związku z powyższym wnosił o zmianę zaskarżonego wyroku i:</xText>
          <xText>1. zasądzenie od pozwanego na rzecz powoda kwot:</xText>
          <xText>a. kwoty 15.000 zł. tytułem zadośćuczynienia wraz z ustawowymi odsetkami liczonymi :</xText>
          <xText>- Od kwoty 5.000 zł. od dnia 7 października 2011r. do dnia zapłaty;</xText>
          <xText>- Od kwoty 10.000 zł. od dnia 20 grudnia 2012r. do dnia zapłaty;</xText>
          <xText>b. kwoty 1.992 zł. tytułem odszkodowania wraz z ustawowymi odsetkami od dnia 7 października 2011r. do dnia zapłaty;</xText>
          <xText>c. odsetek od dnia 7 października 2011r. do dnia 28 lutego 2013r. w kwocie 5.460 zł.;</xText>
          <xText>2. zasądzenie od pozwanego kosztów procesu za obie instancje według norm przepisanych, w tym kosztów zastępstwa procesowego,</xText>
          <xText>Ewentualnie wnoszę o uchylenie wyroku Sądu I instancji i przekazanie sprawy do ponownego rozpoznania z uwzględnieniem kosztów procesu za obie instancje.</xText>
          <xText>Wnoszę również o zwolnienie powoda z opłaty od apelacji.</xText>
          
          <xText>Sąd Okręgowy zważył, co następuje:</xText>
          
          <xText>Apelacja jest częściowo uzasadniona.</xText>
          <xText>W oparciu o zgromadzony w sprawie materiał dowodowy Sąd Rejonowy poczynił prawidłowe ustalenia.</xText>
          <xText>Wnioski wysnute na ich podstawie są jednakże częściowo błędne, co w konsekwencji doprowadziło do obrazy prawa materialnego.</xText>
          <xText>Bezspornym jest, że powód doznał uszkodzenia ciała wskutek wypadku drogowego, który miał miejsce w dniu 4 sierpnia 2011r. Zakres obrażeń wynika ze złożonej do akt sprawy dokumentacji medycznej oraz z opinii biegłych sądowych z zakresu ortopedii i neurologii ( por. k. 101 i 105 oraz k. 139 - 139v).</xText>
          <xText>Wskazany zakres uszczerbku na zdrowiu w łącznym wymiarze 24% nie był kwestionowany.</xText>
          <xText>Z opinii w/w biegłych wynika znaczny rozmiar i zakres cierpień fizycznych oraz psychicznych autora apelacji. Stopień ich nasilenia był znaczny. Związane to było z szeregiem obrażeń ciała. Pokrzywdzony był hospitalizowany dwukrotnie a następnie leczony w poradni <xAnon>(...)</xAnon> w <xAnon>R.</xAnon>.</xText>
          <xText>Pomimo prawidłowego leczenia nie odzyskał zadawalającej wydolności dynamicznej kręgosłupa, zaś bóle wysiłkowo - przeciążeniowe okolicy pleców i lędźwiowej nadal występują.</xText>
          <xText>Pełny powrót do sprawności jak przed wypadkiem nie jest możliwy. Utrudnienia w normalnym funkcjonowaniu są trwałe i ograniczają powoda w codziennym życiu.</xText>
          <xText>Okoliczności te były znane Sądowi I instancji, który nie przypisał im odpowiedniego znaczenia. Powyższe skutkowało naruszeniem <xLexLink xArt="art. 445" xIsapId="WDU19640160093" xTitle="Ustawa z dnia 23 kwietnia 1964 r. - Kodeks cywilny" xAddress="Dz. U. z 1964 r. Nr 16, poz. 93">art. 445 kc.</xLexLink> Sąd meriti dokonując wykładni powołanego przepisu przytoczył stanowisko judykatury wypracowanej w tym zakresie. Rozważania Sądu mają walor teoretyczny i są oderwane od realiów rozpoznanej sprawy.</xText>
          <xText>Nie można zgodzić się ze stwierdzeniem, iż odpowiednią sumą zadośćuczynienia ( uwzględniając kwotę 15.000 złotych wypłaconą w postępowaniu likwidacyjnym) jest 30.000 złotych. Rozmiar i zakres cierpień powoda uzasadnia tezę, iż rekompensata zamyka się w kwocie łącznej 55.000 złotych. Po zaliczeniu sumy już wypłaconej powodowi należy się kwota 40.000 złotych. Odpowiada ona wymogom, o których mowa w w/w przepisie.</xText>
          <xText>Ma również rację apelant zaskarżając bezpodstawne oddalenie powództwa w części dotyczącej odszkodowania obejmującego zwrot kosztów opieki. Sąd całkowicie pominął dokument prywatny ( por. k.122) oraz wyjaśnienia powoda i treść opinii biegłego ortopedy. Żądanie z tego tytułu kwoty 1992 złotych nie jest wygórowane i uwzględnia sumę wypłaconą w postępowaniu przedsądowym.</xText>
          <xText>Z tych więc przyczyn i na podstawie <xLexLink xArt="art. 386;art. 386 § 1" xIsapId="WDU19640430296" xTitle="Ustawa z dnia 17 listopada 1964 r. - Kodeks postępowania cywilnego" xAddress="Dz. U. z 1964 r. Nr 43, poz. 296">art. 386 § 1 kpc</xLexLink> należało zmienić zaskarżony wyrok podwyższając zasądzone zadośćuczynienie do kwoty 40.000 złotych i przyznając skarżącemu odszkodowanie w w/w wysokości.</xText>
          <xText>Powyższe skutkowało także korektą pkt III 2 poprzez nieobciążenie powoda brakującą opłatą sądową.</xText>
          <xText>Nie ma natomiast racji autor apelacji kwestionując datę wymagalności zasądzonego świadczenia. Stanowisko Sądu w tej mierze jest prawidłowe i uwzględnia treść <xLexLink xArt="art. 481" xIsapId="WDU19640160093" xTitle="Ustawa z dnia 23 kwietnia 1964 r. - Kodeks cywilny" xAddress="Dz. U. z 1964 r. Nr 16, poz. 93">art. 481 kc</xLexLink> i powołane w uzasadnieniu stanowisko judykatury.</xText>
          <xText>Z przyczyn podanych wyżej brak jest podstaw do zasądzenia zadośćuczynienia w żądanej wysokości. Prowadziłoby to do zachwiania równowagi pomiędzy zakresem i rozmiarem cierpień a wysokością zadośćuczynienia.</xText>
          <xText>Rozstrzygnięcie o kosztach procesu jest prawidłowe i przyznanie wynagrodzenia pełnomocnikowi odpowiada treści <xLexLink xArt="art. 98" xIsapId="WDU19640430296" xTitle="Ustawa z dnia 17 listopada 1964 r. - Kodeks postępowania cywilnego" xAddress="Dz. U. z 1964 r. Nr 43, poz. 296">art. 98 kpc</xLexLink>.</xText>
          <xText>Z przedstawionych względów apelacja w pozostałej części podlegała oddaleniu ( <xLexLink xArt="art. 385" xIsapId="WDU19640430296" xTitle="Ustawa z dnia 17 listopada 1964 r. - Kodeks postępowania cywilnego" xAddress="Dz. U. z 1964 r. Nr 43, poz. 296">art.385 kpc</xLexLink>)</xText>
          <xText>O kosztach procesu za instancję odwoławczą orzeczono na podstawie <xLexLink xArt="art. 100" xIsapId="WDU19640430296" xTitle="Ustawa z dnia 17 listopada 1964 r. - Kodeks postępowania cywilnego" xAddress="Dz. U. z 1964 r. Nr 43, poz. 296">art. 100 kpc</xLexLink> stosując zasadę w nim wyrażoną - zniesienie między stronami kosztów procesu skoro apelacja była zasadna jedynie w części.</xText>
          
          <xText xALIGNx="right">Na oryginale właściwe podpisy</xText>
        </xUnit>
      </xBlock>
    </xPart>
  </judgement>
<judgement id="154000000001521_III_AUa_000356_2013_Uz_2013-07-04_005">
    <xPart xEditorFullName="Anna Budzińska" xYear="2013" xLang="PL" xPublisherFullName="Maria Domaradzka" xFromPg="1" xEditor="Budzinska_Anna" xVolType="15/400000/0001521/AUa" xPublisher="Domaradzka_Maria" xDocType="Uz" xVolNmbr="000356" xVersion="1.0" xToPage="5" xFlag="published">
      <xName>Wyrok+Uzasadnienie</xName>
      <xBlock>
        
        <xText xALIGNx="center">
          <xBx>
            <xText>
              <xBx>
                <xRows>
                  <xCOLGROUPx>
                    <xCOLx xWIDTHx="101"/>
                    <xCOLx xWIDTHx="293"/>
                  </xCOLGROUPx>
                  <xRow>
                    <xClmn xALIGNx="left" xVALIGNx="middle">
                      <xText>
                        <xBx>Sygn. akt </xBx>
                      </xText>
                    </xClmn>
                    <xClmn xALIGNx="left" xVALIGNx="top">
                      <xText>
                        <xBx>III AUa 356/13</xBx>
                      </xText>
                    </xClmn>
                  </xRow>
                </xRows>
              </xBx>
            </xText>
          </xBx>
        </xText>
        <xUnit xIsTitle="true" xBold="true" xType="part">
          <xName>WYROK</xName>
          <xTitle>W IMIENIU RZECZYPOSPOLITEJ POLSKIEJ</xTitle>
          <xText xALIGNx="right">Dnia <xBx>4 lipca 2013 r.</xBx></xText>
          
          <xText>
            <xBx>Sąd Apelacyjny w Rzeszowie, III Wydział Pracy i Ubezpieczeń Społecznych</xBx>
          </xText>
          <xText>w składzie:</xText>
          <xRows>
            <xCOLGROUPx>
              <xCOLx xWIDTHx="103"/>
              <xCOLx xWIDTHx="187"/>
              <xCOLx xWIDTHx="486"/>
            </xCOLGROUPx>
            <xRow>
              <xClmn xALIGNx="left" xVALIGNx="middle">
                
              </xClmn>
              <xClmn xALIGNx="left" xVALIGNx="middle">
                <xText>Przewodniczący:</xText>
              </xClmn>
              <xClmn xALIGNx="left" xVALIGNx="middle">
                <xText>
                  <xBx>SSA Mirosław Szwagierczak (spr.)</xBx>
                </xText>
              </xClmn>
            </xRow>
            <xRow>
              <xClmn xALIGNx="left" xVALIGNx="middle">
                
              </xClmn>
              <xClmn xALIGNx="left" xVALIGNx="middle">
                <xText>Sędziowie:</xText>
              </xClmn>
              <xClmn xALIGNx="left" xRowSpan="2" xVALIGNx="middle">
                <xText>
                  <xBx>SSA Roman Skrzypek</xBx>
                </xText>
                <xText>
                  <xBx>SSO del.  Ewa Preneta-Ambicka</xBx>
                </xText>
              </xClmn>
            </xRow>
            <xRow>
              <xClmn xALIGNx="left" xVALIGNx="middle">
                
              </xClmn>
              <xClmn xALIGNx="left" xVALIGNx="middle">
                
              </xClmn>
            </xRow>
            <xRow>
              <xClmn xALIGNx="left" xVALIGNx="middle">
                
              </xClmn>
              <xClmn xALIGNx="left" xVALIGNx="middle">
                <xText>Protokolant</xText>
              </xClmn>
              <xClmn xALIGNx="left" xVALIGNx="middle">
                <xText>st.sekr.sądowy Elżbieta Stachowicz
        </xText>
              </xClmn>
            </xRow>
          </xRows>
          
          <xText>po rozpoznaniu w dniu <xBx>4 lipca 2013 r. </xBx></xText>
          <xText>na rozprawie</xText>
          <xText>sprawy z wniosku <xBx><xAnon>(...)</xAnon> Szpitala <xAnon>(...)</xAnon> w <xAnon>K.</xAnon></xBx></xText>
          <xText><xBx>
    
      z udziałem zainteresowanych: </xBx>Niepublicznego ZOZ <xAnon> (...) Sp. z o.o.</xAnon><xBRx/>w <xAnon>K.</xAnon>, Niepublicznego ZOZ <xAnon> (...) Sp. z o.o.</xAnon>, <xAnon>K. M.</xAnon></xText>
          <xText>przeciwko <xBx> Zakładowi Ubezpieczeń Społecznych Oddziałowi w <xAnon>J.</xAnon></xBx></xText>
          <xText>
            <xBx>o ustalenie podstawy wymiaru składek</xBx>
          </xText>
          <xText>na skutek apelacji <xAnon>(...)</xAnon> Szpitala <xAnon>(...)</xAnon> w <xAnon>K.</xAnon></xText>
          <xText>od wyroku <xBx>Sądu Okręgowego w Krośnie</xBx></xText>
          <xText>z dnia <xBx>26 listopada 2012 r. </xBx>sygn. akt <xBx>IV U 912/12</xBx></xText>
          
          <xText>
            <xBx>
              <xIx> uchyla zaskarżony wyrok oraz poprzedzającą go decyzję Zakładu Ubezpieczeń Społecznych Oddziału w <xAnon>J.</xAnon> z dnia 22 marca 2012 r. <xBRx/>i sprawę przekazuje do ponownego rozpoznania bezpośrednio temu organowi rentowemu.</xIx>
            </xBx>
          </xText>
          
          <xText>
            <xBx>Sygn. akt III AUa 356/13 </xBx>
          </xText>
        </xUnit>
        <xUnit xIsTitle="true" xBold="true" xType="part">
          <xName>UZASADNIENIE</xName>
          <xText>Decyzją z dnia 22 marca 2012 r. ZUS Oddział w <xAnon>J.</xAnon> na podstawie <xLexLink xArt="art. 83;art. 83 ust. 1;art. 83 ust. 1 pkt. 3;art. 4;art. 4 pkt. 2 a;art. 8;art. 8 ust. 2 a;art. 17;art. 17 ust. 1;art. 18;art. 18 ust. 1;art. 18 ust. 1 a;art. 18 ust. 2;art. 18 ust. 3;art. 19;art. 19 ust. 1;art. 20;art. 20 ust. 1" xIsapId="WDU19981370887" xTitle="Ustawa z dnia 13 października 1998 r. o systemie ubezpieczeń społecznych" xAddress="Dz. U. z 1998 r. Nr 137, poz. 887">art. 83 ust. 1 pkt. 3, art. 4 pkt. 2a, art. 8 ust 2a, art. 17 ust. 1, art. 18 ust 1, 1a, 2 oraz 3, art. 19 ust. 1, art. 20 ust. 1 ustawy z dnia 13 października 1998 r. o systemie ubezpieczeń społecznych</xLexLink> ( Dz. U. z 2009 r. Nr 205 poz. 1585 ) oraz <xLexLink xArt="art. 81;art. 81 ust. 1;art. 81 ust. 5;art. 81 ust. 6" xIsapId="WDU20042102135" xTitle="Ustawa z dnia 27 sierpnia 2004 r. o świadczeniach opieki zdrowotnej finansowanych ze środków publicznych" xAddress="Dz. U. z 2004 r. Nr 210, poz. 2135">art. 81 ust. 1, 5 i 6 ustawy z dnia 27 sierpnia 2004 r. o świadczeniach opieki zdrowotnej finansowanych ze środków publicznych</xLexLink> ( Dz. U. z 2008 r., nr 164, poz. 1027 ) stwierdził, że podstawę wymiaru składki na ubezpieczenia: emerytalne i rentowe, chorobowe, wypadkowe oraz zdrowotne za miesiące: od kwietnia do października 2009 r. oraz za luty 2010 r. dla <xAnon>K. M.</xAnon> podlegającej ubezpieczeniom jako pracownik u płatnika składek <xAnon>(...)</xAnon> Szpitala <xAnon>(...)</xAnon> w <xAnon>K.</xAnon>, stanowią kwoty wskazane w decyzji .</xText>
          <xText>W uzasadnieniu decyzji organ rentowy podał, że <xAnon>K. M.</xAnon> w okresie objętym decyzją była zatrudniona na podstawie umowy o pracę u płatnika składek <xAnon>(...)</xAnon> Szpitala <xAnon>(...)</xAnon>w <xAnon>K.</xAnon> i z tego tytułu została zgłoszona do ubezpieczeń społecznych i ubezpieczenia zdrowotnego. Ponadto na podstawie umów zlecenia zawartych z NZOZ <xAnon>(...)</xAnon> Sp. z o.o. w <xAnon>K.</xAnon> oraz z NZOZ <xAnon>(...)</xAnon> sp. z o.o. w <xAnon>K.</xAnon> świadczyła pracę na rzecz własnego pracodawcy tj. <xAnon>(...)</xAnon> Szpitala <xAnon>(...)</xAnon> w <xAnon>K.</xAnon>. Jak ustalił organ rentowy od przychodów osiągniętych z tytułu wykonywania tych umów, w okresach podanych w decyzji, <xAnon> Szpital (...)</xAnon> w <xAnon>K.</xAnon> nie deklarował składek na ubezpieczenia społeczne i ubezpieczenie zdrowotne, deklarował jedynie składki na ubezpieczenia społeczne i ubezpieczenie zdrowotne od przychodów osiągniętych przez <xAnon>K. M.</xAnon> z tytułu stosunku pracy.</xText>
          <xText>W odwołaniu od w/w decyzji <xAnon>(...)</xAnon>Szpital <xAnon>(...)</xAnon> w <xAnon>K.</xAnon> wniósł o jej zmianę i stwierdzenie, że nie jest płatnikiem składek na ubezpieczenia: emerytalne, rentowe, chorobowe i wypadkowe dla <xAnon>K. M.</xAnon> z tytułu umów zlecenia zawartych z NZOZ ,<xAnon>(...)</xAnon> Sp. z o.o. w <xAnon>K.</xAnon> oraz z NZOZ<xAnon>(...)</xAnon> sp. z o.o. w <xAnon>K.</xAnon>, a przychodu z w/w umów nie uwzględnia się w podstawie wymiaru składek z tytułu stosunku pracy w <xAnon> Szpitalu (...)</xAnon> w <xAnon>K.</xAnon>. Ponadto wniósł o zasądzenie od organu rentowego na jego rzecz kosztów postępowania według norm przypisanych.</xText>
          <xText>Odwołujący się wskazał, że Zakład Ubezpieczeń Społecznych nie powinien w przedmiotowej sprawie stosować wykładni <xLexLink xArt="art. 8;art. 8 ust. 2 a" xIsapId="WDU19981370887" xTitle="Ustawa z dnia 13 października 1998 r. o systemie ubezpieczeń społecznych" xAddress="Dz. U. z 1998 r. Nr 137, poz. 887">art. 8 ust 2 a ustawy z dnia 13 października 1998 r. o systemie ubezpieczeń społecznych</xLexLink> zawartej w uchwale Sądu Najwyższego z dnia 2 września 2009 r. sygn. akt II UPZ 6/09, bowiem została ona dokonana w innym stanie faktycznym. Odwołujący zarzucił , że zgodnie z umowami jakie zawarł <xAnon>(...)</xAnon> Szpital<xAnon>(...)</xAnon> z NZOZ <xAnon>(...)</xAnon> Sp. z o.o. w <xAnon>K.</xAnon> oraz z NZOZ <xAnon>(...)</xAnon> sp. z o.o. w <xAnon>K.</xAnon>, do obowiązków tych podmiotów jako przyjmujących zamówienie należy zgłoszenie swojej działalności do ZUS celem rozliczenia z tytułu ubezpieczenia społecznego oraz ubezpieczenia zdrowotnego. Zdaniem Szpitala przerzucił on obowiązek opłacania składek na ubezpieczenia społeczne i ubezpieczenia zdrowotne na swoich podwykonawców.</xText>
          <xText>
    ZUS Oddział w <xAnon>J.</xAnon> w odpowiedzi na odwołanie wniósł o jego oddalenie.</xText>
          <xText>Wyrokiem z dnia 26 listopada 2012 r., sygn. akt IV U 912/12, Sąd Okręgowy Sąd Pracy i Ubezpieczeń Społecznych w Krośnie oddalił odwołanie.</xText>
          <xText>Sąd ustalił, że <xAnon>(...)</xAnon>Szpital <xAnon>(...)</xAnon>w <xAnon>K.</xAnon> zawierał umowy o udzielenie zamówienia na świadczenia medyczne i pielęgniarskie z NZOZ <xAnon>(...)</xAnon> Sp. z o.o. w <xAnon>K.</xAnon> oraz z NZOZ <xAnon>(...)</xAnon>sp. z o.o. w <xAnon>K.</xAnon>. Zgodnie z warunkami tych umów miejscem udzielenia świadczeń były poszczególne oddziały Szpitala w <xAnon>K.</xAnon>, przy wykorzystaniu sprzętu i całej infrastruktury szpitala. Dla realizacji umowy szpital zobowiązał się zabezpieczyć obsługę pielęgniarską, administracyjną i gospodarczą.</xText>
          <xText><xAnon>K. M.</xAnon> była zatrudniona na podstawie umowy o pracę w <xAnon>(...)</xAnon> Szpitalu <xAnon>(...)</xAnon>w <xAnon>K.</xAnon> i z tego tytułu została zgłoszona do ubezpieczenia społecznego i ubezpieczenia zdrowotnego. Równocześnie zawarła z zainteresowanymi umowy zlecenia, których przedmiotem było świadczenie pracy na rzecz <xAnon> Szpitala (...)</xAnon> w <xAnon>K.</xAnon>.</xText>
          <xText>W ocenie Sądu Okręgowego płatnikiem składek dla <xAnon>K. M.</xAnon> pozostającej w stosunku pracy z <xAnon>(...)</xAnon> Szpitalem <xAnon>(...)</xAnon> i jednocześnie wykonującej na jego rzecz pracę w ramach umów cywilnoprawnych zawartych z zainteresowanymi jest <xAnon> Szpital (...)</xAnon> w <xAnon>K.</xAnon>. Podstawę wymiaru składek na ubezpieczenia społeczne zainteresowanej, stanowi łączny przychód uzyskany przez nią z tytułu zatrudnienia w ramach stosunku pracy i umów zlecenia. Sąd Okręgowy wskazał na konstrukcję szeroko rozumianego pojęcia pracownika, wynikającą z art. 8 ust 2a ustawy systemowej, a także szeroką definicję pracowniczego tytułu obowiązkowych ubezpieczeń społecznych. Tytułem tym jest – zdaniem Sądu Okręgowego – łączący pracodawcę z pracownikiem stosunek pracy oraz dodatkowo umowa cywilnoprawna zawarta przez pracownika z pracodawcą lub zawarta z osobą trzecią, ale wykonywana na rzecz pracodawcy.</xText>
          <xText>W apelacji od powyższego wyroku płatnik składek zarzucił naruszenie prawa materialnego przez błędną wykładnię i niewłaściwe zastosowanie:</xText>
          <xText>- <xLexLink xArt="art. 4;art. 4 ust. 2 a" xIsapId="WDU19981370887" xTitle="Ustawa z dnia 13 października 1998 r. o systemie ubezpieczeń społecznych" xAddress="Dz. U. z 1998 r. Nr 137, poz. 887">art. 4 ust. 2a ustawy z dnia 13 października 1998 r. o systemie ubezpieczeń społecznych</xLexLink> przez przyjęcie, iż płatnikiem składek w stosunku do osób świadczących pracę na rzecz swojego pracodawcy w ramach zawartych umów cywilnoprawnych z innym niż pracodawca podmiotem jest tenże pracodawca;</xText>
          <xText>- <xLexLink xArt="art. 8;art. 8 ust. 2 a" xIsapId="WDU19981370887" xTitle="Ustawa z dnia 13 października 1998 r. o systemie ubezpieczeń społecznych" xAddress="Dz. U. z 1998 r. Nr 137, poz. 887">art. 8 ust. 2 a ustawy o systemie ubezpieczeń społecznych</xLexLink> przez przyjęcie, że pracodawca jest płatnikiem składek dla osób świadczących na jego rzecz pracę w ramach umów cywilnoprawnych zawartych z innym podmiotem. Ponadto apelujący zarzucił również błąd w ustaleniach faktycznych przyjętych za podstawę rozstrzygnięcia, polegający na błędnym uznaniu, że umowa cywilnoprawna łącząca <xAnon>(...)</xAnon> Szpital <xAnon>(...)</xAnon>w <xAnon>K.</xAnon> i podmiot trzeci jest umową cywilnoprawną, do której zgodnie z <xLexLink xArt="" xIsapId="WDU19640160093" xTitle="Ustawa z dnia 23 kwietnia 1964 r. - Kodeks cywilny" xAddress="Dz. U. z 1964 r. Nr 16, poz. 93">kodeksem cywilnym</xLexLink> stosuje się przepisy dotyczące zlecenia.</xText>
          <xText><xAnon>(...)</xAnon>Szpital <xAnon>(...)</xAnon> w <xAnon>K.</xAnon> wniósł o zmianę zaskarżonego wyroku poprzez zmianę zaskarżonej decyzji i stwierdzenie, że <xAnon>(...)</xAnon>Szpital <xAnon>(...)</xAnon> nie jest płatnikiem składek na ubezpieczenia emerytalne, rentowe, chorobowe i wypadkowe dla zainteresowanej z tytułu umów cywilnoprawnych zawartych z NZOZ <xAnon>(...)</xAnon> Sp. z o.o. w <xAnon>K.</xAnon> oraz z NZOZ <xAnon>(...)</xAnon> sp. z o.o. w <xAnon>K.</xAnon>, a przychodu z w/w umów cywilnoprawnych nie uwzględnia się w podstawie wymiaru składek z tytułu stosunku pracy w <xAnon>(...)</xAnon>Szpitalu <xAnon>(...)</xAnon> w <xAnon>K.</xAnon>, ewentualnie o uchylenie zaskarżonego wyroku i przekazanie sprawy do ponownego rozpatrzenia.</xText>
          <xText>W obszernym uzasadnieniu apelacji wskazano w szczególności, że zgodnie z umowami jakie zawarł <xAnon>(...)</xAnon> Szpital <xAnon>(...)</xAnon> w <xAnon>K.</xAnon> z podmiotami trzecimi, do obowiązków tych podmiotów należało zgłoszenie swojej działalności do ZUS celem rozliczenia z tytułu ubezpieczenia społecznego oraz ubezpieczenia zdrowotnego. Ponadto w ocenie apelującego Sąd I instancji nie powinien w niniejszej sprawie stosować wykładni <xLexLink xArt="art. 8;art. 8 ust. 2 a" xIsapId="WDU19981370887" xTitle="Ustawa z dnia 13 października 1998 r. o systemie ubezpieczeń społecznych" xAddress="Dz. U. z 1998 r. Nr 137, poz. 887">art. 8 ust 2a ustawy z dnia 13 października 1998 r. o systemie ubezpieczeń społecznych</xLexLink> zawartej w uchwale Sądu Najwyższego z dnia 2 września 2009 r. sygn. akt II UZP 6/09, ponieważ dotyczy innego stanu faktycznego.</xText>
          <xText xALIGNx="center">
            <xBx>Sąd Apelacyjny ustalił i rozważył, co następuje:</xBx>
          </xText>
          <xText>Apelacja jest zasadna – o ile domaga się wyeliminowania zaskarżonego wyroku oraz poprzedzającej go decyzji z obrotu prawnego, jako przedwczesnych.</xText>
          <xText>1. Zainteresowana <xAnon>K. M.</xAnon> była zatrudniona na podstawie umowy o pracę w <xAnon> Szpitalu (...)</xAnon> w <xAnon>K.</xAnon> i z tego tytułu była zgłoszona do ubezpieczeń społecznych i ubezpieczenia zdrowotnego. Jako pracownica rzeczonego Szpitala zawarła umowy zlecenia z NZOZ <xAnon>(...)</xAnon>Sp. z o.o. w <xAnon>K.</xAnon> oraz z NZOZ <xAnon>(...)</xAnon> sp. z o.o. w <xAnon>K.</xAnon>, zaś ich przedmiotem było świadczenie pracy na rzecz <xAnon> Szpitala (...)</xAnon> w <xAnon>K.</xAnon>, który z niepublicznymi zakładami opieki zdrowotnej łączyła umowa o świadczenia zdrowotne. Niniejsze okoliczności – w świetle prezentowanych stanowisk stron – można uznać za niekwestyjne.</xText>
          <xText>2. W „Poradniku ZUS z 2008 roku” (Rozdział III „Zbieg tytułów do ubezpieczeń społecznych - umowa zlecenia i inne tytuły) Zakład wyjaśnia: „Również osoby, które w ramach umowy zlecenia zawartej z innym podmiotem niż własny pracodawca, wykonują pracę na rzecz swojego pracodawcy, podlegają z tytułu umowy zlecenia ubezpieczeniom społecznym, tak jak z umowy o pracę, tj. obowiązkowo ubezpieczeniom emerytalnemu, rentowemu, chorobowemu i wypadkowemu, z tym, że w takim przypadku zleceniodawca dokonuje zgłoszenia zleceniobiorcy do tych ubezpieczeń na druku ZUS ZUA, z kodem tytułu ubezpieczenia właściwym dla pracownika (01 XX XX)”.</xText>
          
          <xText>3. Tymczasem za ugruntowany w judykaturze (patrz np. uchwała SN <xBRx/>z 2 IX 2009 r. – II UZP 6/09 czy wyrok S.A. w Rzeszowie z 23.08.2012 III AUa 647/12) należy przyjąć pogląd, iż płatnikiem składek na ubezpieczenia emerytalne, rentowe, chorobowe i wypadkowe z tytułu umowy cywilnej zawartej z osobą trzecią (jak umowa o dzieło czy zlecenie) jest pracodawca, którego pracownik wykonuje pracę na jego rzecz w ramach tej umowy. <xLexLink xArt="art. 8;art. 8 ust. 2 a" xIsapId="WDU19981370887" xTitle="Ustawa z dnia 13 października 1998 r. o systemie ubezpieczeń społecznych" xAddress="Dz. U. z 1998 r. Nr 137, poz. 887">Art. 8 ust. 2a ustawy o systemie ubezpieczeń społecznych</xLexLink> rozszerza pojęcie pracownika i zgodnie z literalną wykładnią tego przepisu należy przyjąć, że wówczas płatnikiem składek, za tego pracownika, jest pracodawca (<xLexLink xArt="art. 4;art. 4 pkt. 2;art. 4 pkt. 2 lit. a;art. 18;art. 18 ust. 1 a" xIsapId="WDU19981370887" xTitle="Ustawa z dnia 13 października 1998 r. o systemie ubezpieczeń społecznych" xAddress="Dz. U. z 1998 r. Nr 137, poz. 887">art. 4 pkt. 2 lit. a) oraz art. 18 ust. 1a</xLexLink> – s.u.s.).</xText>
          <xText>Inaczej mówiąc; w rezultacie uznania za pracownika osoby, z którą zawarto umowę zlecenia (lub inną umowę o świadczenie usług, do której zgodnie z <xLexLink xArt="" xIsapId="WDU19640160093" xTitle="Ustawa z dnia 23 kwietnia 1964 r. - Kodeks cywilny" xAddress="Dz. U. z 1964 r. Nr 16, poz. 93">Kodeksem cywilnym</xLexLink> stosuje się przepisy dotyczące zlecenia), jeżeli w ramach takiej umowy wykonuje ona pracę na rzecz pracodawcy, z którym pozostaje w stosunku pracy, powstaje obowiązek pracodawcy opłacenia składek na ubezpieczenia społeczne: emerytalne i rentowe (z których jest zwolniona umowa zlecenia występująca obok umowy o pracę) oraz chorobowe (które jest dobrowolne dla umowy zlecenia) i wypadkowe (także obowiązkowe dla umowy zlecenia)..</xText>
          <xText>4. W świetle treści art. 8 ust. 2a s.u.s., wbrew supozycjom apelanta, nie ma problemu czyim pracownikiem jest osoba uznana za „pracownika”. Nie ma też wątpliwości kto w takim wypadku ma opłacić należne składki.</xText>
          <xText>Jednak apelacja słusznie podnosi, iż organ rentowy przede wszystkim nie rozstrzygnął sporu dotyczącego obowiązku ubezpieczenia p. <xAnon>K. M.</xAnon> – z racji umowy zawartej z umów zlecenia zawartych z NZOZ <xAnon>(...)</xAnon> Sp. z o.o. w <xAnon>K.</xAnon> oraz z NZOZ <xAnon>(...)</xAnon> sp. z o.o. w <xAnon>K.</xAnon> (v. – apelacja k. 29). Co z natury rzeczy winno być pierwotne względem wymiaru składek.</xText>
          <xText><xLexLink xArt="" xIsapId="WDU19981370887" xTitle="Ustawa z dnia 13 października 1998 r. o systemie ubezpieczeń społecznych" xAddress="Dz. U. z 1998 r. Nr 137, poz. 887">Ustawa z dnia 13 października 1998 r. o systemie ubezpieczeń społecznych</xLexLink> (t.j. Dz. U. z 2009 r. Nr 205, poz. 1585 ze zm.) w <xLexLink xArt="rozdział 2" xIsapId="WDU19981370887" xTitle="Ustawa z dnia 13 października 1998 r. o systemie ubezpieczeń społecznych" xAddress="Dz. U. z 1998 r. Nr 137, poz. 887">Rozdziale 2</xLexLink> reguluje podleganie ubezpieczeniom społecznym, zaś w <xLexLink xArt="rozdział 4" xIsapId="WDU19981370887" xTitle="Ustawa z dnia 13 października 1998 r. o systemie ubezpieczeń społecznych" xAddress="Dz. U. z 1998 r. Nr 137, poz. 887">Rozdziale 4</xLexLink> zasady zgłaszania do ubezpieczenia i rozliczania składek. Normodawca w <xLexLink xArt="rozdział 4 art. 83;rozdział 4 art. 83 ust. 1" xIsapId="WDU19981370887" xTitle="Ustawa z dnia 13 października 1998 r. o systemie ubezpieczeń społecznych" xAddress="Dz. U. z 1998 r. Nr 137, poz. 887">art. 83 ust. 1 p</xLexLink>. 1 s.u.s. wprost nakłada na Zakład obowiązek wydania decyzji w zakresie indywidualnej sprawy dotyczącej zgłoszenia do ubezpieczenia.</xText>
          <xText>Powoływanie się przez Zakład na rozstrzygnięcia zapadłe w innej sprawie (jak to uczyniono) może być argumentem na rzecz wykładni czy też stosowania prawa, ale bynajmniej jednak nie zwalnia organu rentowego od obowiązku przeprowadzenia prawidłowego postępowania w rozpoznawanej sprawie – a to z następujących zasadniczych powodów:</xText>
          <xText>- po pierwsze; w tym postępowaniu o objęcie ubezpieczeniami społecznymi <xBRx/>i zdrowotnym zbadany powinien być charakter umowy zawartej przez zainteresowanych, co (jak powiedziano wyżej) będzie decydować o tytule do objęcia zainteresowanej obowiązkowymi ubezpieczeniami (ale i o wysokości składek),</xText>
          <xText>- po drugie; strony rzeczonej umowy cywilnej, jak również pracodawca – <xAnon> Szpital (...)</xAnon> w <xAnon>K.</xAnon>, mają interes prawny udziału w tym postępowaniu o ustalenie podlegania ubezpieczeniom, gdyż bezpośrednio dotyka ono ich istotnych interesów indywidualnych – wymagających ochrony prawnej (zwłaszcza w sytuacji rozbieżnego stanowiska stron) oraz kontrowersyjnej praktyki prezentowanej w poradnikach ZUS jeszcze w 2008 roku (v. – uwagi przedstawione w pkt 2),</xText>
          <xText>- po trzecie; czym innym jest kwestia objęcia ubezpieczeniami społecznymi <xBRx/>i zdrowotnym, a czym innym obowiązek płacenia składek na te ubezpieczenia <xBRx/>(z punktu widzenia procesowego wypadnie przypomnieć, że o wadze spraw „o objecie obowiązkiem ubezpieczenia społecznego” świadczy chociażby to, iż są to sprawy tzw. kasatoryjne – v. <xLexLink xArt="art. 398(2);art. 398(2) § 1" xIsapId="WDU19640430296" xTitle="Ustawa z dnia 17 listopada 1964 r. - Kodeks postępowania cywilnego" xAddress="Dz. U. z 1964 r. Nr 43, poz. 296">art. 398<xSUPx>2</xSUPx> § 1 kpc</xLexLink>),</xText>
          <xText>- po czwarte; przepisy ubezpieczeń społecznych mają charakter bezwzględnie obowiązujący, oznacza to, że muszą one być stosowane przez organ rentowy <xBRx/>w sposób ścisły. Dotyczy to nie tylko przepisów materialnych, ale i formalnych, gdyż charakter procesowy przepisów ubezpieczeniowych bynajmniej nie uchyla ich deklaratoryjności i schematyzmu zastosowania oraz ochrony ubezpieczeniowej (ipso iure) wykluczającej dowolność stosowania przepisów prawa ubezpieczeń społecznych,</xText>
          <xText>- po piąte; obowiązkowi ubezpieczenia zdrowotnego podlegają osoby, które są pracownikami w rozumieniu <xLexLink xArt="" xIsapId="WDU19981370887" xTitle="Ustawa z dnia 13 października 1998 r. o systemie ubezpieczeń społecznych" xAddress="Dz. U. z 1998 r. Nr 137, poz. 887">ustawy o systemie ubezpieczeń społecznych</xLexLink> (<xLexLink xArt="art. 66;art. 66 ust. 1;art. 66 ust. 1 pkt. 1 a" xIsapId="WDU20042102135" xTitle="Ustawa z dnia 27 sierpnia 2004 r. o świadczeniach opieki zdrowotnej finansowanych ze środków publicznych" xAddress="Dz. U. z 2004 r. Nr 210, poz. 2135">art. 66 ust. 1 pkt 1a</xLexLink> – <xLexLink xArt="" xIsapId="WDU20042102135" xTitle="Ustawa z dnia 27 sierpnia 2004 r. o świadczeniach opieki zdrowotnej finansowanych ze środków publicznych" xAddress="Dz. U. z 2004 r. Nr 210, poz. 2135">ustawy z dnia 27 sierpnia 2004 r. o świadczeniach opieki zdrowotnej finansowanych ze środków publicznych</xLexLink> – tj. Dz.U. z 2008 r. Nr 164, poz. 1027 ze zm.). Jednak to organy Funduszu (v. – art. 109 ust. 1 i 5 oraz art. 110 cyt. wyżej ustawy), a nie ZUS, rozpatrują indywidualne sprawy z zakresu ubezpieczenia zdrowotnego, do których niewątpliwie zalicza się sprawę o objęcie ubezpieczeniem zdrowotnym. Dlatego też dopiero przesądzenie, że p. <xAnon>K. M.</xAnon> podlega obowiązkowi ubezpieczenia zdrowotnego (oraz z jakiego tytułu) spowoduje, iż płatnik składki na ubezpieczenie zdrowotne zobowiązany będzie, na podstawie art. 87 ust. 1 ustawy o świadczeniach, opłacić i rozliczyć składki na to ubezpieczenie (patrz również art. 85 ust. 4 tej ustawy).</xText>
          <xText>W tym wypadku rola Zakładu Ubezpieczeń Społecznych sprowadza się więc li tylko do czynności technicznych, a nie merytorycznych (v. – art. 81 i 85 ust. 1 w/w ustawy oraz art. 68 ust. 1 pkt 1 lit. c. s.u.s.).</xText>
          <xText>5. Skoro Pani <xAnon>K. M.</xAnon> w okresie objętym zaskarżoną decyzją została zgłoszona przez płatnika/pracodawcę <xAnon>(...)</xAnon> Szpital <xAnon>(...)</xAnon> w <xAnon>K.</xAnon> do ubezpieczeń społecznych i ubezpieczenia zdrowotnego, dokonywanie ponownego zgłoszenia, w przypadku jedynie przedmiotowego poszerzenia zakresu tych ubezpieczeń o umowy cywilnoprawne, nie byłoby konieczne. Konieczne jest jednak rozstrzygnięcie sporu dotyczącego obowiązku ubezpieczenia społecznego wynikającego z tej umowy, miedzy potencjalnymi płatnikami składek i przy udziale zainteresowanej – na podstawie art. 38 ust. 1 s.u.s. – skoro, co wykazano wyżej, kwestia objęcia ubezpieczeniami ma w tym wypadku znaczenie przesądzające o obowiązku opłacenia składek. Decyzja taka może być zaskarżona zgodnie z art. 83 ust. 2 s.u.s.</xText>
          <xText>6. Reasumując; skoro istotą sprawy jest rozstrzygnięcie sporu dotyczącego obowiązku ubezpieczenia społecznego i zdrowotnego ubezpieczonej <xAnon>K. M.</xAnon>, to przed wydaniem zaskarżonej decyzji wymiarowej koniecznym było prawomocne rozstrzygnięcie tej kwestii.</xText>
          <xText>7. Decyzja z dnia 22 marca 2012 r. wymagała skasowania i dlatego, iż nie poddaje się kontroli rachunkowo – rozliczeniowej. Nie sposób dokonać weryfikacji podawanych przez ZUS wielkości podstawy wymiaru składek w sytuacji, gdy nie tylko brak jakichkolwiek danych wyjściowych (źródłowych), ale nawet nie przedstawiono protokołu kontroli (v. – art. 91 ust. 5 s.u.s.), na który powołano się w uzasadnieniu decyzji. Odtworzenie sposobu wyliczenia kwot ustalonych przez ZUS jest niemożliwe. Podanych kwot nie tłumaczy też uzasadnienie. Stan ten przesądza o istotnej wadliwości tejże decyzji.</xText>
          <xText>Z tych wszystkich względów zarówno zaskarżony wyrok jak i poprzedzająca go decyzja nie mogły się ostać i stosownie do <xLexLink xArt="art. 477" xIsapId="WDU19640430296" xTitle="Ustawa z dnia 17 listopada 1964 r. - Kodeks postępowania cywilnego" xAddress="Dz. U. z 1964 r. Nr 43, poz. 296">art. 477</xLexLink><xSUPx>14a</xSUPx><xLexLink xArt="" xIsapId="WDU19640430296" xTitle="Ustawa z dnia 17 listopada 1964 r. - Kodeks postępowania cywilnego" xAddress="Dz. U. z 1964 r. Nr 43, poz. 296">kpc</xLexLink> podlegały uchyleniu.</xText>
          <xText>W toku ponownego rozpoznania sprawy Oddział Zakładu Ubezpieczeń Społecznych w <xAnon>J.</xAnon> winien uwzględnić poczynione uwagi i wskazania; dbając o przestrzeganie procedur.</xText>
        </xUnit>
      </xBlock>
    </xPart>
  </judgement>
<judgement id="154505000005127_XVII_AmC_003851_2012_Uz_2013-07-04_001">
    <xPart xEditorFullName="Beata Gonera" xYear="2012" xLang="PL" xPublisherFullName="Beata Gonera" xFromPg="1" xEditor="bgonera" xVolType="15/450500/0005127/AmC" xPublisher="bgonera" xDocType="Uz" xVolNmbr="003851" xVersion="1.0" xToPage="2" xFlag="published">
      <xName>Wyrok</xName>
      <xBlock>
        <xText>
          <xBx>Sygn. akt XVII AmC 3851/12</xBx>
        </xText>
        
        <xUnit xIsTitle="true" xBold="true" xType="part">
          <xName>WYROK</xName>
          <xTitle>W IMIENIU RZECZYPOSPOLITEJ POLSKIEJ</xTitle>
          <xText xALIGNx="right">        Dnia 04 lipca 2013 r.</xText>
          <xText>Sąd Okręgowy w Warszawie Sąd Ochrony Konkurencji i Konsumentów</xText>
          <xText>w składzie:</xText>
          <xText>Przewodniczący: SSO Jolanta de Heij – Kaplińska
  </xText>
          <xText>Protokolant: sekretarz sądowy Jadwiga Skrzyńska</xText>
          <xText>po rozpoznaniu w dniu 04 lipca 2013 roku w Warszawie na rozprawie</xText>
          <xText>sprawy z powództwa Stowarzyszenia <xAnon>(...)</xAnon> z siedzibą w <xAnon>K.</xAnon></xText>
          <xText>przeciwko <xAnon>H. G.</xAnon></xText>
          <xText>o uznanie postanowień wzorca umowy za niedozwolone</xText>
          
          <xUnit xIsTitle="false" xType="none">
            <xName xSffx=".">I</xName>
            <xText>uznaje za niedozwolone i zakazuje <xAnon>H. G.</xAnon> wykorzystywania w obrocie z konsumentami postanowienia wzorca umownego o nazwie: „Regulamin sklepu internetowego” o treści: „Zwrotowi nie podlega opłata udziału w kosztach wysyłki i obsługi o ile taka miała miejsce.”;</xText>
          </xUnit>
          <xUnit xIsTitle="false" xType="none">
            <xName xSffx=".">II</xName>
            <xText>oddala powództwo w pozostałej części;</xText>
          </xUnit>
          <xUnit xIsTitle="false" xType="none">
            <xName xSffx=".">III</xName>
            <xText>zasądza od pozwanego <xAnon>H. G.</xAnon>na rzecz powoda Stowarzyszenia <xAnon>(...)</xAnon>z siedzibą w <xAnon>K.</xAnon>180,00 (sto osiemdziesiąt) złotych tytułem kosztów zastępstwa procesowego;</xText>
          </xUnit>
          <xUnit xIsTitle="false" xType="none">
            <xName xSffx=".">IV</xName>
            <xText>zasądza od pozwanego <xAnon>H. G.</xAnon> na rzecz Skarbu Państwa – Sądu Okręgowego w Warszawie kwotę 300,00 (trzysta) złotych tytułem opłaty sądowej od pozwu, od uiszczenia której powód był zwolniony z mocy prawa;</xText>
          </xUnit>
          <xUnit xIsTitle="false" xType="none">
            <xName xSffx=".">V</xName>
            <xText>przejmuje na rzecz Skarbu Państwa kwotę 300,00 (trzysta) złotych tytułem nieuciszonej części opłaty sądowej od pozwu;</xText>
          </xUnit>
          <xUnit xIsTitle="false" xType="none">
            <xName xSffx=".">VI</xName>
            <xText>zarządza publikację prawomocnego pkt I wyroku w Monitorze Sądowym i Gospodarczym na koszt pozwanego <xAnon>H. G.</xAnon>.</xText>
          </xUnit>
          
          <xText xALIGNx="right">       SSO Jolanta de Heij - Kaplińska
  </xText>
        </xUnit>
      </xBlock>
    </xPart>
  </judgement>
<judgement id="152500000001521_III_AUa_001615_2012_Uz_2013-07-05_001">
    <xPart xEditorFullName="Dorota Szubska" xYear="2012" xLang="PL" xPublisherFullName="Dorota Szubska" xFromPg="1" xEditor="szubdoro" xVolType="15/250000/0001521/AUa" xPublisher="szubdoro" xDocType="Uz" xVolNmbr="001615" xVersion="1.0" xToPage="6" xFlag="published">
      <xName>Wyrok+Uzasadnienie</xName>
      <xBlock>
        <xText>Sygn. akt: III AUa 1615/12</xText>
        <xUnit xIsTitle="true" xBold="true" xType="part">
          <xName>WYROK</xName>
          <xTitle>W IMIENIU RZECZYPOSPOLITEJ POLSKIEJ</xTitle>
          <xText xALIGNx="right">Dnia 5 lipca 2013 r.</xText>
          
          <xText>Sąd Apelacyjny w Łodzi, III Wydział Pracy i Ubezpieczeń Społecznych</xText>
          <xText>w składzie:</xText>
          <xText>Przewodniczący: SSA Maria Padarewska - Hajn</xText>
          <xText>Sędziowie: SSA Mirosław Godlewski (spr.)</xText>
          <xText>SSA Anna Szczepaniak-Cicha</xText>
          <xText>Protokolant: sekr. sądowy Patrycja Stasiak</xText>
          
          <xText>po rozpoznaniu w dniu 5 lipca 2013 r. w Łodzi</xText>
          <xText>sprawy<xBx><xAnon>B. S. (1)</xAnon></xBx></xText>
          <xText>przeciwko <xBx> Zakładowi Ubezpieczeń Społecznych I Oddziałowi w <xAnon>Ł.</xAnon></xBx></xText>
          <xText>o ustalenie podlegania ubezpieczeniom,</xText>
          <xText>na skutek apelacji wnioskodawczyni</xText>
          <xText>od wyroku Sądu Okręgowego w Łodzi</xText>
          <xText>z dnia 2 sierpnia 2012 r., sygn. akt: VIII U 1938/12;</xText>
          
          <xText xALIGNx="center">
            <xBx>oddala apelację.</xBx>
          </xText>
          
          <xText>Sygn. akt III AUa 1615/12</xText>
        </xUnit>
        <xUnit xIsTitle="true" xBold="true" xType="part">
          <xName>UZASADNIENIE</xName>
          <xText>Decyzją z dnia 18 kwietnia 2012 r. Zakład Ubezpieczeń Społecznych I Oddział w <xAnon>Ł.</xAnon> na podstawie <xLexLink xArt="art. 83;art. 83 ust. 1;art. 83 ust. 1 pkt. 2" xIsapId="WDU19981370887" xTitle="Ustawa z dnia 13 października 1998 r. o systemie ubezpieczeń społecznych" xAddress="Dz. U. z 1998 r. Nr 137, poz. 887">art. 83 ust. 1 pkt 2</xLexLink> w zw. z <xLexLink xArt="art. 38" xIsapId="WDU19981370887" xTitle="Ustawa z dnia 13 października 1998 r. o systemie ubezpieczeń społecznych" xAddress="Dz. U. z 1998 r. Nr 137, poz. 887">art. 38</xLexLink>, w zw. z <xLexLink xArt="art. 6;art. 6 ust. 1;art. 6 ust. 1 pkt. 5;art. 8;art. 8 ust. 6;art. 8 ust. 6 pkt. 1;art. 9;art. 9 ust. 2;art. 12;art. 12 ust. 1;art. 13;art. 13 pkt. 4;art. 18;art. 18 ust. 8;art. 20;art. 20 ust. 1;art. 20 ust. 2;art. 22;art. 22 ust. 1;art. 22 ust. 2;art. 31;art. 32;art. 36;art. 36 ust. 1;art. 36 ust. 3;art. 36 ust. 4;art. 36 ust. 11;art. 36 ust. 14;art. 47" xIsapId="WDU19981370887" xTitle="Ustawa z dnia 13 października 1998 r. o systemie ubezpieczeń społecznych" xAddress="Dz. U. z 1998 r. Nr 137, poz. 887">art. 6 ust 1 pkt 5, art. 8 ust 6 pkt 1, art. 9 ust 2, art. 12 ust 1, art. 13 pkt 4, art. 18 ust 8, art. 20 ust 1 i 2, art. 22 ust 1 i 2 , art. 31, art. 32, art. 36 ust 1, ust 3, ust 4, ust 11 i 14, art. 47 ustawy z dnia 13 października 1998 r. o systemie ubezpieczeń społecznych</xLexLink>, <xLexLink xArt="art. 104;art. 104 ust. 1;art. 107;art. 107 ust. 1" xIsapId="WDU20040991001" xTitle="Ustawa z dnia 20 kwietnia 2004 r. o promocji zatrudnienia i instytucjach rynku pracy" xAddress="Dz. U. z 2004 r. Nr 99, poz. 1001">art. 104 ust 1, art. 107 ust 1 ustawy z 20 kwietnia 2004 r. o promocji zatrudnienia i instytucjach rynku pracy</xLexLink> stwierdził, że <xAnon>B. S. (1)</xAnon> z tytułu prowadzenia pozarolniczej działalności gospodarczej podlegała obowiązkowym ubezpieczeniom społecznym, tj. emerytalnemu, rentowym, wypadkowemu od 1 listopada 2005 r. do 29 lutego 2008 r. Organ rentowy ustalił, że miesięczne podstawy wymiaru składek wynoszą: na obowiązkowe ubezpieczenia społeczne, tj. emerytalne, rentowe i wypadkowe za miesiące: listopad 2005 r. - 1.391,12 zł, od grudnia 2005 r. do lutego 2006 r. - 1.408,34 zł, od marca 2006 r. do maja 2006 r. 1.517,17 zł, od czerwca 2006 r. do sierpnia 2006 r. - 1.518,11 zł, od września 2006 r. do listopada 2006 r. - 1.456,36 zł, od grudnia 2006 r. do lutego 2007 r. - 1.478,80 zł, od marca 2007 r. do maja 2007r. - 1.597,51 zł, od czerwca 2007 r. do sierpnia 2007 r. - 1.625,48 zł, od września 2007 r. do listopada 2007 r. - 1.586,60 zł, od grudnia 2007 r. do lutego 2008 r. - 1.622,05 zł; na Fundusz Pracy za miesiące: listopad 2005 r. - 1.391,12 zł, od grudnia 2005 r. do lutego 2006 r. - 1.408,34 zł, od marca 2006 r. do maja 2006 r. - 1.517,17 zł, od czerwca 2006r. do sierpnia 2006 r. - 1.518,11 zł, od września 2006 r. do listopada 2006 r. - 1.456,36 zł, od grudnia 2006 r. do lutego 2007 r. - 1.478,80 zł, od marca 2007 r. do maja 2007r. - 1.597,51 zł, od czerwca 2007 r. do sierpnia 2007 r. - 1.625,48 zł, od września 2007 r. do listopada 2007 r. - 1.586,60 zł, od grudnia 2007 r. do lutego 2008 r. - 1.622,05 zł.</xText>
          <xText>W dniu 10 maja 2012 odwołanie od powyższej decyzji ZUS złożyła <xAnon>B. S. (1)</xAnon>. Odwołująca uznała decyzję za krzywdzącą niezgodną z obowiązującymi przepisami i twierdziła, że nie podlega obowiązkowym ubezpieczeniom z pozarolniczej działalności gospodarczej od 1 listopada 2005 r. do 29 lutego 2008 r. <xAnon>B. S. (1)</xAnon> wskazała, że podlegała obowiązkowemu ubezpieczeniu w wyniku zawartej umowy o pracę nakładczą ponieważ dokonała takiego wyboru ubezpieczenia i dodatkowo opłacała składki na ubezpieczenie zdrowotne z tytułu działalności gospodarczej<xIx>.</xIx></xText>
          <xText>
            <xIx>Wyrokiem z dnia 2 sierpnia 2012 roku Sad Okręgowy w Łodzi , VIII Wydział Pracy i Ubezpieczeń Społecznych oddalił odwołanie.</xIx>
          </xText>
          
          <xText>
            <xIx>Wydając powyższe rozstrzygnięcie Sąd Okręgowy ustalił następujący stan faktyczny:</xIx>
          </xText>
          <xText>Decyzjami z dnia 23 lipca 2009 r. Zakład Ubezpieczeń Społecznych I Oddział w <xAnon>Ł.</xAnon> Inspektorat w <xAnon>Z.</xAnon> wyłączył <xAnon>B. S. (1)</xAnon> z ubezpieczeń społecznych z tytułu wykonywania pracy jako nakładca w <xAnon> firmie (...)</xAnon><xAnon>R. M.</xAnon> w okresie od 1 listopada 2005 r. do 31 stycznia 2007 r. oraz w <xAnon> firmie (...)</xAnon><xAnon>H. P.</xAnon> w okresie od 1 lutego 2007 r. do 29 lutego 2008 r.. Analiza konta w Kompleksowym Systemie Informatycznym ZUS wskazała, że w okresie od 1 listopada 2005 r. do 29 lutego 2008 r. ubezpieczona prowadziła działalność pozarolniczą. Z tytułu prowadzenia działalności gospodarczej wnioskodawczym podlegała tylko ubezpieczeniu zdrowotnemu z uwagi na podleganie ubezpieczeniom społecznym z tytułu wykonywania pracy nakładczej.</xText>
          <xText>
            <xIx> Pismem z dnia 28 grudnia 2011 r. ZUS Inspektorat w <xAnon>K.</xAnon> wszczął postępowanie, którym poinformował ubezpieczoną o konieczności złożenia dokumentów zgłoszeniowych i rozliczeniowych za wskazany okres.</xIx>
          </xText>
          <xText>Wnioskodawczyni do daty wydania zaskarżonej decyzji nie wywiązała się z obowiązku złożenia prawidłowych dokumentów ubezpieczeniowych i rozliczeniowych.</xText>
          
          <xText>W tak ustalony stanie faktycznym Sad Okręgowy uznał odwołanie za nieuzasadnione.</xText>
          <xText>Wskazując na treść art. 6 ust. 1 pkt 5, art. 9 ust 2, art. 12 ust 1, art. 13 pkt 4 ustawy oraz <xLexLink xArt="art. 18;art. 18 ust. 8" xIsapId="WDU19981370887" xTitle="Ustawa z dnia 13 października 1998 r. o systemie ubezpieczeń społecznych" xAddress="Dz. U. z 1998 r. Nr 137, poz. 887">art. 18 ust 8 ustawy o systemie ubezpieczeń społecznych</xLexLink> w brzmieniu obowiązującym do 26 grudnia 2008 r., a także <xLexLink xArt="art. 20;art. 20 ust. 1;art. 47;art. 47 ust. 1;art. 47 ust. 1 pkt. 1" xIsapId="WDU20040991001" xTitle="Ustawa z dnia 20 kwietnia 2004 r. o promocji zatrudnienia i instytucjach rynku pracy" xAddress="Dz. U. z 2004 r. Nr 99, poz. 1001">art. 20 ust 1 i art. 47 ust 1 pkt 1</xLexLink> o systemie ubezpieczeń społecznych z dnia 13 października 1998 r. oraz <xLexLink xArt="art. 104;art. 107" xIsapId="WDU20040991001" xTitle="Ustawa z dnia 20 kwietnia 2004 r. o promocji zatrudnienia i instytucjach rynku pracy" xAddress="Dz. U. z 2004 r. Nr 99, poz. 1001">art. 104 i art. 107 ustawy z dnia 20 kwietnia 2004 r. o promocji zatrudnienia i instytucjach rynku pracy</xLexLink> zważył, że z uwagi ma prawomocne decyzje z dnia 23 lipca 2009 r. o wyłączeniu wnioskodawczyni z ubezpieczeń społecznych u powyższych płatników przy jednoczesnym prowadzeniu działalności gospodarczej, oraz brakiem innego tytułu rodzącego obowiązek <xUx>ubezpieczeń społecznych, wnioskodawc</xUx>zyni powinna w okresie, od 1 <xUx>listo</xUx>p<xUx>a</xUx>da 2005 r. <xUx>do 29</xUx> l<xUx>utego</xUx> 2008 r. podlegać ubezpieczeniom społecznym z <xUx>tytułu prowadzenia tej działalnośc</xUx>i.</xText>
          
          <xText>
            <xBx>Powyższe orzeczenie zaskarżyła apelacją <xAnon>B. S. (2)</xAnon> reprezentowana przez profesjonalnego pełnomocnika zarzucając obrazę <xLexLink xArt="art. 9;art. 9 ust. 2" xIsapId="WDU19981370887" xTitle="Ustawa z dnia 13 października 1998 r. o systemie ubezpieczeń społecznych" xAddress="Dz. U. z 1998 r. Nr 137, poz. 887">art. 9 ust. 2 ustawy o systemie ubezpieczeń społecznych</xLexLink> oraz nieprzestrzeganie prawa, gdyż wnioskodawczyni miała prawo zawrzeć umowę o pracę nakładczą i wybrać tytuł ubezpieczenia z wykonywanej pracy nakładczej.</xBx>
          </xText>
          <xText>
            <xBx>Wskazując na powyższe skarżąca wniosła o zmianę zaskarżonego wyroku, uwzględnienie odwołania i uchylenie decyzji z dnia 18 kwietnia 2012 r. Zakładu Ubezpieczeń Społecznych w <xAnon>Ł.</xAnon> poprzez uznanie, że wnioskodawczyni nie podlega obowiązkowemu ubezpieczeniu społecznemu z tytułu prowadzenia działalności gospodarczej w okresach od 01.11.2005 r. - 29.02.2008 r. Ubezpieczona wniosła także o zasądzenie od pozwanego na jej rzecz kosztów procesu.</xBx>
          </xText>
          <xText>W ocenie apelantki sporna decyzja jest niesłuszna i niezgodna z prawem bowiem w sytuacji równoczesnego prowadzenia pozarolniczej działalności gospodarczej oraz wykonania pracy na podstawie umowy o pracę nakładczą mamy do czynienia z tzw. zbiegiem tytułów do ubezpieczenia. Natomiast wnioskodawczyni wybrała – jako tytuł ubezpieczenia umowę o pracę nakładczą zamiast umowy z działalności gospodarczej i w jej ocenie miała do tego takie prawo, a Sąd i organ rentowy nie może jej zmuszać do sposobu ubezpieczenia i wydawać wyroków dla niej krzywdzących.</xText>
          
          <xText xALIGNx="center">
            <xBx>Sąd Apelacyjny zważył, co następuje:</xBx>
          </xText>
          
          <xText>Apelacja podlega oddaleniu jako bezzasadna, bowiem Sąd Okręgowy wydał prawidłowe orzeczenie znajdujące uzasadnienie w okolicznościach faktycznych sprawy jak i trafnie zastosowanych przepisach prawa materialnego.</xText>
          <xText>W niniejszej sprawie ubezpieczona kwestionuje prawidłowość wydanej decyzji z dnia 18 kwietnia 2012 r. powołując się na prawo wyboru systemu ubezpieczenia przy zbiegu tytułów do ubezpieczenia i wskazując że to wybrana przez nią umowa o pracę nakładczą, a nie prowadzenia działalność gospodarcza powinna stanowić tytuł ubezpieczenia społecznego.</xText>
          <xText>Stwierdzenia jednakże zauważenia wymaga, że wnioskodawczyni nie może skorzystać z powyższego prawa wyboru bowiem prawomocnymi decyzjami z dnia 23 lipca 2009 roku <xAnon>B. S. (3)</xAnon> została wyłączona z ubezpieczenia społecznego jako osoba wykonująca pracę na podstawie umów o pracę nakładczą na rzecz płatnika składek <xAnon> (...)</xAnon><xAnon>R. M.</xAnon> z siedzibą w <xAnon>Z.</xAnon> od 1 listopada 2005 r. do 31 stycznia 2007 r. oraz w <xAnon> firmie (...)</xAnon><xAnon>H. P.</xAnon> w okresie od 1 lutego 2007 r. do 29 lutego 2008 r. Powyższe decyzje były przedmiotem analizy Sądów obu instancji, w których zarówno Sąd Okręgowy w wyroku z dnia 3 marca 2010 roku jak i Sąd Apelacyjny w wyroku z dnia 8 grudnia 2010 r. potwierdził pozorność zawieranych przez wnioskodawczynię umów o prace nakładczą i w konsekwencji organy orzekające uznały, nie mogły one stanowić podstawy do objęcia ubezpieczonej ubezpieczeniami społecznymi z tego tytułu.</xText>
          <xText>Prawomocny wyrok Sądu przesądził w sposób definitywny o możliwość objęcia wnioskodawczyni w sporym okresie ubezpieczeniami społecznymi z tytułu zawieranych przez nią umów o prace nakładczą. Konsekwencje procesowe tego wyroku korzystającego z powagi rzeczy osądzonej wyznacza treść przepisów <xLexLink xArt="art. 365;art. 366" xIsapId="WDU19640430296" xTitle="Ustawa z dnia 17 listopada 1964 r. - Kodeks postępowania cywilnego" xAddress="Dz. U. z 1964 r. Nr 43, poz. 296">art. 365 i art. 366 k.p.c.</xLexLink> Odwołanie do Sądu od decyzji organu rentowego wszczynające postępowanie sądowe pełni rolę pozwu, stąd też w sytuacji w której kwestia podlegania ubezpieczeniu społecznemu z tytułu umów o pracę nakładczą została już prawomocnie osądzona Sad rozpoznając niniejszą sprawę jest związany tym stanowiskiem i musi uwzględnić ustalenia zawarte w prawomocnym wyroku w swoich rozważaniach.</xText>
          <xText>W związku z tym nie kwestionując co do zasady prawa wyboru ubezpieczonej do wskazania tytułu ubezpieczenia społecznego na podstawie <xLexLink xArt="art. 9;art. 9 ust. 2" xIsapId="WDU19981370887" xTitle="Ustawa z dnia 13 października 1998 r. o systemie ubezpieczeń społecznych" xAddress="Dz. U. z 1998 r. Nr 137, poz. 887">art. 9 ust 2 ustawy z dnia 13 października 1998 roku o systemie ubezpieczeń społecznych</xLexLink>, podnieść należy, iż ubezpieczona w spornym okresie mogła podlegać ubezpieczeniom społecznym tylko na podstawie jednego tytułu tj. na podstawie prowadzonej przez siebie działalności gospodarczej.</xText>
          <xText>Ponadto zauważenia wymaga, że ubezpieczona poza powyższą kwestią nie kwestionowała ani faktu prowadzenia działalności gospodarczej w okresie od 1 listopada 2005 roku do 29 lutego 2008 roku, ani wysokości ustalonych przez organ rentowy podstaw wymiaru składek na ubezpieczenia społeczne.</xText>
          <xText>Ponieważ organ rentowy dokonał prawidłowego wyliczenia miesięcznych podstaw wymiaru składek na ubezpieczenia społeczne tj emerytalne, rentowe wypadkowe i Fundusz Pracy na podstawie wskazanych w zaskarżonej decyzji przepisów prawa Sąd Apelacyjny podziela stanowisko Sadu pierwszej instancji co do objęcia wnioskodawczyni obowiązkiem ubezpieczeń społecznych w spornym okresie z tytułu prowadzonej działalności gospodarczej.</xText>
          
          <xText>Na marginesie podnieść należy, że podnoszone w apelacji kwestie dotyczące abolicji należności z ZUS nie mają znaczenia dla rozstrzygnięcia w niniejszej sprawie. W sporze była bowiem decyzja obejmująca ubezpieczoną obowiązkowymi ubezpieczeniami społecznymi z tytuły prowadzonej działalności gospodarczej. Natomiast wszelkie prawa wynikając z wejścia w życie w dniu 15 stycznia 2013 r. ustawy z dnia 9 listopada 2012 r. o umorzeniu należności powstałych z tytułu nieopłaconych składek przez osoby prowadzące pozarolniczą działalność (Dz. U. z 2012 r., poz. 1551) będą dopiero przedmiotem ewentualnej oceny organu rentowego w postępowaniu wywołanym złożeniem odpowiedniego wniosku w przewidzianym do tego terminie.</xText>
          
          <xText>W związku z tym Sąd Apelacyjny uznał, że zaskarżony wyrok oparty na prawidłowych ustaleniach, nie narusza przepisów prawa materialnego i apelacja wnioskodawczyni, jako bezzasadna podlega oddaleniu na podstawie <xLexLink xArt="art. 385" xIsapId="WDU19640430296" xTitle="Ustawa z dnia 17 listopada 1964 r. - Kodeks postępowania cywilnego" xAddress="Dz. U. z 1964 r. Nr 43, poz. 296">art. 385 k.p.c.</xLexLink></xText>
        </xUnit>
      </xBlock>
    </xPart>
  </judgement>
<judgement id="152500000001521_III_AUa_001359_2012_Uz_2013-06-26_001">
    <xPart xEditorFullName="Dorota Szubska" xYear="2012" xLang="PL" xPublisherFullName="Dorota Szubska" xFromPg="1" xEditor="szubdoro" xVolType="15/250000/0001521/AUa" xPublisher="szubdoro" xDocType="Uz" xVolNmbr="001359" xVersion="1.0" xToPage="7" xFlag="published">
      <xName>Wyrok+Uzasadnienie</xName>
      <xBlock>
        <xText>Sygn. akt: III AUa 1359/12</xText>
        <xUnit xIsTitle="true" xBold="true" xType="part">
          <xName>WYROK</xName>
          <xTitle>W IMIENIU RZECZYPOSPOLITEJ POLSKIEJ</xTitle>
          <xText xALIGNx="right">Dnia 5 lipca 2013 r.</xText>
          
          <xText>Sąd Apelacyjny w Łodzi, III Wydział Pracy i Ubezpieczeń Społecznych</xText>
          <xText>w składzie:</xText>
          <xText>Przewodniczący: SSA Ewa Naze</xText>
          <xText>Sędziowie: SSA Maria Padarewska - Hajn</xText>
          <xText>SSA Iwona Szybka (spr.)</xText>
          <xText>Protokolant: sekr. sądowy Aleksandra Słota</xText>
          
          <xText>po rozpoznaniu w dniu 26 czerwca 2013 r. w Łodzi</xText>
          <xText>sprawy<xBx><xAnon>M. K.</xAnon> i „K.J. <xAnon> (...)</xAnon> z ograniczoną odpowiedzialnością w <xAnon>Ł.</xAnon></xBx></xText>
          <xText>przeciwko <xBx> Zakładowi Ubezpieczeń Społecznych I Oddziałowi w <xAnon>Ł.</xAnon></xBx></xText>
          <xText>o podleganie obowiązkowi ubezpieczenia,</xText>
          <xText>na skutek apelacji organu rentowego</xText>
          <xText>od wyroku Sądu Okręgowego w Łodzi</xText>
          <xText>z dnia 25 maja 2012 r., sygn. akt: VIII U 801/11;</xText>
          
          <xText>
            <xBx>uchyla zaskarżony wyrok i sprawę przekazuje Sądowi Okręgowemu w Łodzi do ponownego rozpoznania, pozostawiając temu Sądowi rozstrzygnięcie o kosztach postępowania za drugą instancję.</xBx>
          </xText>
          
          <xText>
            <xBx>Sygn. akt: III AUa 1359/12</xBx>
          </xText>
        </xUnit>
        <xUnit xIsTitle="true" xBold="true" xType="part">
          <xName>UZASADNIENIE</xName>
          <xText>Decyzją z dnia 11 kwietnia 2011 roku Zakład Ubezpieczeń Społecznych I Oddział <xBRx/>w <xAnon>Ł.</xAnon> stwierdził, iż <xAnon>M. K.</xAnon>, nie podlega od dnia 1 grudnia 2010 roku ubezpieczeniom społecznym, w tym ubezpieczeniu emerytalnemu, rentowemu, chorobowemu i wypadkowemu, jako pracownik <xIx>„K. J. <xAnon> (...)</xAnon></xIx>spółka z o. o. z siedzibą <xBRx/>w <xAnon>Ł.</xAnon>.</xText>
          <xText>Od powyższej decyzji odwołania wnieśli ubezpieczony <xAnon>M. K.</xAnon> oraz płatnik składek <xIx>„K. J. <xAnon> (...)</xAnon></xIx>spółka z o.o. z siedzibą w <xAnon>Ł.</xAnon>. Odwołujący się podnieśli, iż umowa o pracę zawarta pomiędzy ubezpieczonym a spółką, wbrew twierdzeniom organu rentowego, nie była umową pozorną. O pozorności umowy nie może bowiem świadczyć przyznane ubezpieczonemu wysokie wynagrodzenie, słaba kondycja finansowa firmy, ani też krótki okres pomiędzy podjęciem zatrudnienia a zaistniałą niezdolnością do pracy <xAnon>M. K.</xAnon>. W związku z powyższym odwołujący się wnieśli <xBRx/>o zmianę zaskarżonej decyzji w całości i uznanie, że ubezpieczony podlegał od dnia 1 grudnia 2010 roku ubezpieczeniom społecznym, jako pracownik <xAnon> spółki K</xAnon><xIx>. J. <xAnon> (...)</xAnon></xIx>.</xText>
          <xText>W odpowiedzi na odwołania Zakład Ubezpieczeń Społecznych wniósł o ich oddalenie. Zdaniem organu rentowego ubezpieczony zatrudniony został na specjalnie utworzonym stanowisku. Celem zawarcia umowy było wyłącznie uzyskanie przez <xAnon>M. K.</xAnon> ubezpieczenia społecznego. Wnioskodawca został zatrudniony, jako dyrektor ds. rozwoju od dnia 10 grudnia 2010 roku. Od dnia 10 stycznia 2011 roku <xAnon>M. K.</xAnon> legitymował się już zaświadczeniem o niezdolności do pracy w okresie od 10 stycznia 2011 roku do 19 kwietnia 2011 roku. Mimo absencji ubezpieczonego, <xAnon> firma K</xAnon><xIx>. J. <xAnon> (...)</xAnon></xIx>nie zatrudniła w tym czasie innego pracownika. Obowiązki <xAnon>M. K.</xAnon> przejęła wówczas <xAnon>J. J.</xAnon> – właścicielka spółki. Poza dokumentacją kadrowo – płacową brak innych dokumentów potwierdzających działania wnioskodawcy, jako pracownika.</xText>
          <xText>Zaskarżonym wyrokiem z dnia 25 maja 2012 roku Sąd Okręgowy w Łodzi, VIII Wydział Pracy i Ubezpieczeń Społecznych, zmienił decyzję Zakładu Ubezpieczeń Społecznych I Oddziału w <xAnon>Ł.</xAnon> i ustalił, że <xAnon>M. K.</xAnon> podlega od 1 grudnia 2010 roku obowiązkowym ubezpieczeniom społecznym tj. emerytalnemu, rentowemu, chorobowemu i wypadkowemu z tytułu zatrudnienia w charakterze pracownika w <xAnon> firmie K</xAnon><xIx>. J. <xAnon> (...)</xAnon></xIx> spółce z ograniczoną odpowiedzialnością w <xAnon>Ł.</xAnon>.</xText>
          <xText>Powyższe orzeczenie zapadło na podstawie następujących ustaleń faktycznych:</xText>
          <xText>W dniu l grudnia 2010 roku pomiędzy <xIx>„K. J. <xAnon> (...)</xAnon></xIx> spółką z o.o. <xBRx/>a <xAnon>M. K.</xAnon> została zawarta umowę o pracę, na podstawie której <xAnon>M. K.</xAnon> został zatrudniony od dnia l grudnia 2010 roku na czas nieokreślony na stanowisku dyrektora ds. rozwoju na pełen etat za wynagrodzeniem 15 000 złotych brutto. Do ubezpieczeń społecznych i ubezpieczenia zdrowotnego został zgłoszony w dniu 3 grudnia 2010 roku od dnia 1 grudnia 2010 roku.</xText>
          <xText>Przedmiotem działalności <xAnon> firmy K</xAnon><xIx>. J. <xAnon> (...)</xAnon></xIx> spółką z o.o. są roboty budowlane, związane ze wznoszeniem budynków i innych obiektów, realizacja projektów budowlanych. Na dzień 23 listopada 2011 roku spółka zatrudniała, poza <xAnon>M. K.</xAnon>, 10 pracowników.</xText>
          <xText>Do obowiązków pracowniczych <xAnon>M. K.</xAnon> należało samodzielne pozyskiwanie zleceń i koordynowanie pracy, współpraca z producentami, dystrybutorami oraz dostawcami od strony handlowej, pielęgnowanie dobrych relacji ze zleceniodawcami, kalkulacje ofertowe skutkujące pozyskiwaniem nowych zleceń, przygotowywanie realizacji <xBRx/>i rozliczenie kontraktów, ocena i rozwój nowych możliwości dla oferowanych przez spółkę usług, opracowywanie strategii marketingowej i inwestycyjnej firmy, monitorowanie i analiza danych rynkowych dotyczących branży budowlanej oraz działań konkurencji, wspieranie <xBRx/>i wdrażanie inicjatyw mających na celu pozyskiwanie nowych inwestycji, odpowiedzialność za tworzenie działu od podstaw, łącznie z rekrutacją pracowników oraz opracowanie strategii organizacji pracy.</xText>
          <xText><xAnon>M. K.</xAnon> zajmował się przede wszystkim pozyskiwaniem kontrahentów. Posiadał bowiem rozległe kontakty z firmami budowlanymi z czasów pełnienia funkcji wiceprezydenta Miasta <xAnon>Ł.</xAnon>. <xAnon>M. K.</xAnon> przychodził do pracy codziennie około godziny 9.00. Podpisywał listę obecności. Następnie udawał się do swojego gabinetu. Zwykle spotykał się z <xAnon>A. G.</xAnon>. Wspólnie omawiali bieżące sprawy spółki, strategie firmy, sposoby pozyskania kontrahentów. Wynagrodzenie <xAnon>M. K.</xAnon> miał płacone <xIx>„do ręki”</xIx>, co kwitował podpisem na liście płac.</xText>
          <xText>Podczas zatrudnienia w <xAnon> spółce K</xAnon><xIx>. J. <xAnon> (...)</xAnon></xIx>, do chwili choroby tj. do dnia 10 stycznia 2011 roku, ubezpieczony odbył spotkania biznesowe m.in. <xBRx/>z: <xAnon>A. N.</xAnon> (prezesem zarządu spółki <xIx><xAnon> (...)</xAnon></xIx> oraz <xAnon> (...) spółki Grupa (...)</xAnon>), <xAnon>S. F.</xAnon> (przedstawicielem <xAnon> firmy (...)</xAnon>), <xAnon>T. B.</xAnon> (właścicielem <xAnon> firmy (...)</xAnon>), <xAnon>K. J.</xAnon> (prezesem zarządu <xAnon> firmy (...)</xAnon>).</xText>
          <xText>Od dnia 10 stycznia 2011 roku <xAnon>M. K.</xAnon> uzyskiwał zaświadczenia <xBRx/>o niezdolności do pracy. Od dnia 24 stycznia 2011 roku pobierał zasiłek chorobowy. W roku 2001 u <xAnon>M. K.</xAnon> zdiagnozowano cukrzycę typu 2. Leczył się diabetologicznie, kardiologicznie i neurologicznie. Był kilkukrotnie hospitalizowany. W dniu 20 stycznia 2011 roku wnioskodawca stawił się u specjalisty medycyny przemysłowej zgłaszając: bóle <xBRx/>w okolicy mostka, od kliku dni nasilające się, ucisk, kołatanie serca, łatwe męczenie się bóle brzucha, bóle kręgosłupa. Otrzymał wtedy zaświadczenie o niezdolności do pracy na okres od 10 do 20 stycznia 2011 r. W dniach od 21 do 25 stycznia 2011 roku wnioskodawca był hospitalizowany <xIx>z </xIx>powodu dolegliwości zamostkowych powysiłkowych. Postawiono rozpoznanie: choroba wieńcowa III klasa wg <xAnon> (...)</xAnon>, nadciśnienie tętnicze kontrolowane farmakologicznie, cukrzyca typu 2 w trakcie insulinoterapii, hiperlipidemia, hiperurykemia. <xBRx/>U wnioskodawcy wykonano zabieg koronarografii. Ze szpitala został wypisany w stanie optymalnej poprawy z zaleceniem dalszej opieki w POZ oraz okresowej kontroli w Poradni Kardiologicznej i Diabetologicznej.</xText>
          <xText>W świetle tak poczynionych ustaleń faktycznych Sąd Okręgowy doszedł do przekonania, iż umowa o pracę zawarta pomiędzy <xAnon>M. K.</xAnon> a <xAnon> spółką K</xAnon><xIx>. J. <xAnon> (...)</xAnon></xIx> nie była umową pozorną, a w związku tym odwołujący się podlegał w spornym okresie ubezpieczeniu społecznemu, w tym ubezpieczeniu emerytalnemu, rentowemu, chorobowemu i wypadkowemu. Przeprowadzone w sprawie postępowanie dowodowe nie dało podstaw do kwestionowania prawidłowości zawiązanego stosunku pracy oraz uznania, że celem działania stron było wyłącznie uzyskiwanie przez <xAnon>M. K.</xAnon> świadczeń z ubezpieczenia społecznego. W chwili zatrudnienia stan zdrowia odwołującego się pozwalał na wykonywanie przez niego obowiązków pracowniczych. Fakt świadczenia pracy przez ubezpieczonego potwierdziły zeznania stron umowy oraz zeznania świadków. W związku z powyższym Sąd I instancji, uznając zasadność odwołań, na podstawie <xLexLink xArt="art. 477(14);art. 477(14) § 2" xIsapId="WDU19640430296" xTitle="Ustawa z dnia 17 listopada 1964 r. - Kodeks postępowania cywilnego" xAddress="Dz. U. z 1964 r. Nr 43, poz. 296">art. 477 <xSUPx>14</xSUPx> § 2 k.p.c.</xLexLink>, zmienił zaskarżoną decyzję Zakładu Ubezpieczeń Społecznych i orzekł, że <xAnon>M. K.</xAnon> od 1 grudnia 2010 roku podlegał ubezpieczeniom społecznym z tytułu zatrudnienia w <xAnon> spółce K</xAnon><xIx>. J. <xAnon> (...)</xAnon></xIx>.</xText>
          <xText>Powyższe orzeczenie zaskarżył w całości apelacją Zakład Ubezpieczeń Społecznych zarzucając mu:</xText>
          <xUnit xIsTitle="false" xType="none">
            <xName xSffx=".">1</xName>
            <xText>naruszenie przepisów prawa procesowego tj. <xLexLink xArt="art. 233" xIsapId="WDU19640430296" xTitle="Ustawa z dnia 17 listopada 1964 r. - Kodeks postępowania cywilnego" xAddress="Dz. U. z 1964 r. Nr 43, poz. 296">art. 233 k.p.c.</xLexLink> poprzez naruszenie zasady swobodnej oceny dowodów oraz dokonanie oceny zgromadzonego materiału w sposób nasuwający zastrzeżenia z punktu widzenia zasad logicznego rozumowania i <xLexLink xArt="art. 477(9);art. 477(9) § 3" xIsapId="WDU19640430296" xTitle="Ustawa z dnia 17 listopada 1964 r. - Kodeks postępowania cywilnego" xAddress="Dz. U. z 1964 r. Nr 43, poz. 296">art. 477 <xSUPx>9 </xSUPx>§ 3 k.p.c.</xLexLink> poprzez jego niezastosowanie;</xText>
          </xUnit>
          <xUnit xIsTitle="false" xType="none">
            <xName xSffx=".">2</xName>
            <xText>naruszenie przepisów prawa materialnego tj. art. 22 poprzez błędne uznanie, iż strony łączył stosunek pracy.</xText>
          </xUnit>
          <xText>W uzasadnieniu apelacji organ rentowy, kwestionując prawidłowość rozstrzygnięcia Sądu Okręgowego podniósł dodatkowo, iż zarówno odwołanie <xAnon>M. K.</xAnon>, jak <xBRx/>i odwołanie płatnika składek - <xIx>„K. J. <xAnon> (...)</xAnon>, </xIx>od decyzji Zakładu Ubezpieczeń Społecznych wniesione zostały z uchybieniem ustawowego terminu miesięcznego i jako takie powinny zostać odrzucone.</xText>
          <xText>W związku z tym skarżący wniósł o zmianę wyroku Sądu I instancji poprzez odrzucenie odwołania złożonego przez <xAnon>M. K.</xAnon>, ewentualnie oddalenie odwołania oraz odrzucenie, ewentualnie oddalenie odwołania złożonego przez płatnika, ewentualnie uchylenie zaskarżonego wyroku i przekazanie sprawy do ponownego rozpoznania Sądowi Okręgowemu.</xText>
          
          <xText>
            <xBx>Sąd Apelacyjny zważył, co następuje:</xBx>
          </xText>
          
          <xText>Apelacja organu rentowego wywołała ten skutek, że zaskarżony wyrok musiał zostać uchylony.</xText>
          <xText>Zgodnie z <xLexLink xArt="art. 477(9);art. 477(9) § 1" xIsapId="WDU19640430296" xTitle="Ustawa z dnia 17 listopada 1964 r. - Kodeks postępowania cywilnego" xAddress="Dz. U. z 1964 r. Nr 43, poz. 296">art. 477 <xSUPx>9</xSUPx> § 1 k.p.c.</xLexLink> odwołania od decyzji organów rentowych wnosi się na piśmie do organu, który wydał decyzję lub do protokołu sporządzonego przez ten organ, <xBRx/>w terminie miesiąca od doręczenia odpisu decyzji. W myśl § 3 ww. przepisu, sąd odrzuci odwołanie wniesione po upływie terminu, chyba że przekroczenie terminu nie jest nadmierne i nastąpiło z przyczyn niezależnych od odwołującego się.</xText>
          <xText>W przedmiotowej sprawie sporna decyzja Zakładu Ubezpieczeń Społecznych <xBRx/>I Oddziału w <xAnon>Ł.</xAnon> z dnia 11 kwietnia 2011 roku doręczona została ubezpieczonemu <xAnon>M. K.</xAnon> w dniu 13 kwietnia 2011 roku (tj. w środę) oraz płatnikowi składek <xAnon> spółce K</xAnon><xIx>. J. <xAnon> (...)</xAnon></xIx>w dniu 18 kwietnia 2011 roku (tj. w poniedziałek).  Zgodnie z treścią <xLexLink xArt="art. 477(9);art. 477(9) § 1" xIsapId="WDU19640430296" xTitle="Ustawa z dnia 17 listopada 1964 r. - Kodeks postępowania cywilnego" xAddress="Dz. U. z 1964 r. Nr 43, poz. 296">art. 477 <xSUPx>9</xSUPx> § 1 k.p.c.</xLexLink> odwołanie od decyzji organu rentowego powinno zostać wniesione w terminie miesiąca od doręczenia odpisu decyzji. Stosownie do <xLexLink xArt="art. 112" xIsapId="WDU19640160093" xTitle="Ustawa z dnia 23 kwietnia 1964 r. - Kodeks cywilny" xAddress="Dz. U. z 1964 r. Nr 16, poz. 93">art. 112 k.c.</xLexLink> termin oznaczony w tygodniach, miesiącach lub latach kończy się z upływem dnia, który nazwą lub datą odpowiada początkowemu dniowi terminu, a gdyby takiego dnia w ostatnim miesiącu nie było - w ostatnim dniu tego miesiąca.</xText>
          <xText>Przenosząc powyższe rozważania na grunt niniejszej sprawy, odwołania od przedmiotowej decyzji organu rentowego z dnia 11 kwietnia 2011 roku powinny zostać wniesione odpowiednio przez ubezpieczonego - do dnia 13 maja 2011 roku (piątek) oraz przez płatnika składek - do dnia 18 maja 2011 roku (środa). Ubezpieczony natomiast nadał odwołanie w placówce pocztowej w dniu 14 maja 2011 roku tj. dzień po upływie miesięcznego terminu. Płatnik składek - <xAnon> spółka K</xAnon><xIx>. J. <xAnon> (...)</xAnon>, </xIx>wniosła zaś odwołanie bezpośrednio do Zakładu Ubezpieczeń Społecznych w dniu 20 maja 2011 roku tj. dwa dni po upływie miesięcznego terminu. Bezspornie więc termin do wniesienia odwołania, tak przez ubezpieczonego, jak i płatnika składek, został przekroczony. Stosownie więc do treści <xLexLink xArt="art. 477(9);art. 477(9) § 3" xIsapId="WDU19640430296" xTitle="Ustawa z dnia 17 listopada 1964 r. - Kodeks postępowania cywilnego" xAddress="Dz. U. z 1964 r. Nr 43, poz. 296">art. 477<xSUPx>9</xSUPx> § 3 k.p.c.</xLexLink> odwołanie wniesione z uchybieniem ustawowego terminu podlega odrzuceniu.</xText>
          <xText>Niemniej jednak, dopuszczalne jest merytoryczne rozpoznanie przez sąd odwołania wniesionego po upływie terminu. W tym celu niezbędnym jest łączne spełnienie dwóch warunków tj. przekroczenie terminu nie może być nadmierne i przyczyna tego musi być niezależna od odwołującego się. Ocena, czy przekroczenie terminu nastąpiło z przyczyn niezależnych od odwołującego się, jest pozostawiona uznaniu sądu<xIx>. </xIx>Dodać przy tym należy, iż to Sąd, do którego organ rentowy przesłał odwołanie decyduje, czy mimo przekroczenia terminu rozpatrzyć merytorycznie odwołanie, czy też je odrzucić jako spóźnione<xIx>.</xIx></xText>
          <xText>Niewątpliwie ubezpieczony <xAnon>M. K.</xAnon> oraz płatnik składek <xAnon> spółka K</xAnon><xIx>. J. <xAnon> (...)</xAnon></xIx>wnieśli swoje odwołania od decyzji Zakładu Ubezpieczeń Społecznych <xBRx/>z dnia 11 kwietnia 2011 roku uchybiając przy tym przewidzianemu w przepisie <xLexLink xArt="art. 477(9);art. 477(9) § 1" xIsapId="WDU19640430296" xTitle="Ustawa z dnia 17 listopada 1964 r. - Kodeks postępowania cywilnego" xAddress="Dz. U. z 1964 r. Nr 43, poz. 296">art. 477 <xSUPx>9</xSUPx> § 1 k.p.c.</xLexLink> miesięcznemu terminowi. Przekroczenie terminu do wniesienia odwołania przyznał <xBRx/>w piśmie procesowym z dnia 14 maja 2013 roku pełnomocnik ubezpieczonego <xAnon>M. K.</xAnon>. Pełnomocnik płatnika nie ustosunkował się do zarzutu apelacji, że płatnik wniósł odwołanie po terminie, pomimo wezwania go do tego przez Sąd Apelacyjny (wezwanie <xBRx/>k. 180, doręczenie k. 183). Należy więc uznać, że jest to okoliczność niesporna.</xText>
          <xText>Przekroczenie terminu wyniosło w przypadku ubezpieczonego - 1 dzień, w przypadku płatnika składek - 2 dni. Uchybienie to ocenić należy niewątpliwie, jako uchybienie które nie jest nadmierne. Niemniej, do rozpoznania odwołania wniesionego po terminie, konieczne jest spełnienie jeszcze jednej przesłanki, a mianowicie przekroczenie terminu musi nastąpić <xBRx/>z przyczyn niezależnych od odwołującego się. Sąd Okręgowy rozpoznał odwołanie wniesione po terminie, jednakże ani w toku postępowania, ani w uzasadnieniu wyroku, nie poczynił ustaleń odnośnie przekroczenia terminu.</xText>
          <xText>Rozpoznając sprawę ponownie, Sąd Okręgowy, kierując się dyrektywą <xLexLink xArt="art. 477(9);art. 477(9) § 3" xIsapId="WDU19640430296" xTitle="Ustawa z dnia 17 listopada 1964 r. - Kodeks postępowania cywilnego" xAddress="Dz. U. z 1964 r. Nr 43, poz. 296">art. 477<xSUPx>9</xSUPx> § 3 k.p.c.</xLexLink>, poczyni ustalenia odnośnie przyczyn przekroczenia terminu do wniesienia odwołania, zarówno przez ubezpieczonego, jak i przez płatnika składek. Dopiero po tych ustaleniach możliwe będzie wydanie, stosownego do wyniku tych ustaleń, orzeczenia.</xText>
          <xText>Mając powyższe na uwadze, Sąd Apelacyjny, na podstawie <xLexLink xArt="art. 386;art. 386 § 4" xIsapId="WDU19640430296" xTitle="Ustawa z dnia 17 listopada 1964 r. - Kodeks postępowania cywilnego" xAddress="Dz. U. z 1964 r. Nr 43, poz. 296">art. 386 § 4 k.p.c.</xLexLink>, uchylił zaskarżony wyrok i przekazał sprawę do ponownego rozpoznania Sądowi I instancji.</xText>
        </xUnit>
      </xBlock>
    </xPart>
  </judgement>
<judgement id="152500000001521_III_AUa_001634_2012_Uz_2013-07-05_001">
    <xPart xEditorFullName="Dorota Szubska" xYear="2012" xLang="PL" xPublisherFullName="Dorota Szubska" xFromPg="1" xEditor="szubdoro" xVolType="15/250000/0001521/AUa" xPublisher="szubdoro" xDocType="Uz" xVolNmbr="001634" xVersion="1.0" xToPage="7" xFlag="published">
      <xName>Wyrok+Uzasadnienie</xName>
      <xBlock>
        <xText>Sygn. akt: III AUa 1634/12</xText>
        <xUnit xIsTitle="true" xBold="true" xType="part">
          <xName>WYROK</xName>
          <xTitle>W IMIENIU RZECZYPOSPOLITEJ POLSKIEJ</xTitle>
          <xText xALIGNx="right">Dnia 5 lipca 2013 r.</xText>
          
          <xText>Sąd Apelacyjny w Łodzi, III Wydział Pracy i Ubezpieczeń Społecznych</xText>
          <xText>w składzie:</xText>
          <xText>Przewodniczący: SSA Maria Padarewska - Hajn</xText>
          <xText>Sędziowie: SSA Mirosław Godlewski</xText>
          <xText>SSA Anna Szczepaniak-Cicha (spr.)</xText>
          <xText>Protokolant: sekr. sądowy Patrycja Stasiak</xText>
          <xText>po rozpoznaniu w dniu 5 lipca 2013 r. w Łodzi</xText>
          <xText>sprawy<xBx><xAnon>I. Z.</xAnon></xBx></xText>
          <xText>przeciwko <xBx> Zakładowi Ubezpieczeń Społecznych II Oddziałowi w <xAnon>Ł.</xAnon></xBx></xText>
          <xText>o emeryturę,</xText>
          <xText>na skutek apelacji wnioskodawcy</xText>
          <xText>od wyroku Sądu Okręgowego w Łodzi</xText>
          <xText>z dnia 10 października 2012 r., sygn. akt: VIII U 2970/12;</xText>
          <xUnit xIsTitle="false" xType="none">
            <xName xSffx=".">1</xName>
            <xText>
              <xBx>zmienia zaskarżony wyrok oraz poprzedzającą go decyzję organu rentowego i przyznaje <xAnon>I. Z.</xAnon> prawo do emerytury od dnia 15 października 2012 r.;</xBx>
            </xText>
          </xUnit>
          <xUnit xIsTitle="false" xType="none">
            <xName xSffx=".">2</xName>
            <xText>
              <xBx>oddala apelację w pozostałej części; </xBx>
            </xText>
          </xUnit>
          <xUnit xIsTitle="false" xType="none">
            <xName xSffx=".">3</xName>
            <xText>
              <xBx>zasądza od Zakładu Ubezpieczeń Społecznych II Oddziału w <xAnon>Ł.</xAnon> na rzecz <xAnon>I. Z.</xAnon> kwotę 30 (trzydzieści) złotych tytułem zwrotu kosztów procesu za druga instancję.</xBx>
            </xText>
          </xUnit>
          <xText>Sygn. akt III AUa 1634/12</xText>
        </xUnit>
        <xUnit xIsTitle="true" xBold="true" xType="part">
          <xName>UZASADNIENIE</xName>
          <xText>Decyzją z dnia 17 lipca 2012 roku Zakład Ubezpieczeń Społecznych I Oddział w <xAnon>Ł.</xAnon> odmówił <xAnon>I. Z.</xAnon> prawa do emerytury z uwagi na brak dowodów na okoliczność wykonywania pracy w szczególnych warunkach przez wymagany normatywnie okres 15 lat. Decyzja została wydana wskutek rozpoznania wniosku z dnia 29 czerwca 2012 roku.</xText>
          <xText>W odwołaniu od tej decyzji z dnia 31 lipca 2012 roku <xAnon>I. Z.</xAnon> wniósł o i zaliczenie do stażu pracy w szczególnych warunkach okresu zatrudnienia w <xAnon> Przedsiębiorstwie (...)</xAnon> w <xAnon>Ł.</xAnon> na stanowisku maszynisty żurawia wieżowego i w konsekwencji o przyznanie prawa do emerytury. Organ rentowy domagał się oddalenia odwołania.</xText>
          
          <xText>Sąd Okręgowy w Łodzi wyrokiem z dnia 10 października 2012 roku oddalił odwołanie ubezpieczonego.</xText>
          
          <xText>Sąd Okręgowy ustalił, że <xAnon>I. Z.</xAnon>, <xAnon>urodzony (...)</xAnon>, udowodnił na dzień l stycznia 1999 roku ogółem ponad 25 lat okresów podlegania ubezpieczeniom społecznym, tj. 31 lat 2 miesiące i 27 dni okresów składkowych i nieskładkowych. Wykazał też niekwestionowany przez organ rentowy staż 14 lat 7 miesięcy i 16 dni pracy w szczególnych warunkach. Od 1 czerwca 1983 roku odwołujący pozostaje w zatrudnieniu w <xAnon> (...) Spółce z ograniczoną odpowiedzialnością</xAnon> w <xAnon>K.</xAnon> i tego stosunku pracy nie rozwiązał do daty wyrokowania. <xAnon>I. Z.</xAnon> nie przystąpił do OFE. Nie jest także osobą całkowicie niezdolną do pracy.</xText>
          <xText>Stan faktyczny Sąd Okręgowy ustalił na podstawie dowodów z dokumentów. Sąd nie uwzględnił wniosku <xAnon>I. Z.</xAnon> o dopuszczenie dowodu z zeznań świadków na okoliczność wykonywania pracy w warunkach w <xAnon> firmie (...)</xAnon>, gdyż wnioskodawca nie rozwiązał stosunku pracy, toteż za niecelowe Sąd uznał przeprowadzanie dowodów w celu ustalenia odpowiednio długiego stażu pracy w warunkach szczególnych.</xText>
          <xText>Czyniąc rozważania prawne Sąd pierwszej instancji powołał przepisy <xLexLink xArt="art. 184;art. 32;art. 32 ust. 1" xIsapId="WDU19981621118" xTitle="Ustawa z dnia 17 grudnia 1998 r. o emeryturach i rentach z Funduszu Ubezpieczeń Społecznych" xAddress="Dz. U. z 1998 r. Nr 162, poz. 1118">art. 184 i 32 ust. 1 ustawy z dnia 17 grudnia 1998 roku o emeryturach i rentach z Funduszu Ubezpieczeń Społecznych</xLexLink> oraz <xLexLink xArt="" xIsapId="WDU19830080043" xTitle="Rozporządzenie Rady Ministrów z dnia 7 lutego 1983 r. w sprawie wieku emerytalnego oraz wzrostu emerytur i rent inwalidzkich dla pracowników zatrudnionych w szczególnych warunkach lub w szczególnym charakterze" xAddress="Dz. U. z 1983 r. Nr 8, poz. 43">rozporządzenia Rady Ministrów z dnia 7 lutego 1983 roku w sprawie wieku emerytalnego pracowników zatrudnionych w szczególnych warunkach lub w szczególnym charakterze</xLexLink> - i uznał odwołanie za nieuzasadnione. <xAnon>I. Z.</xAnon> nie wykazał bowiem, że spełnił przesłankę wskazaną w art. 184 ustawy emerytalnej, w postaci rozwiązania stosunku pracy, ani na datę decyzji, ani na datę wyroku. Tymczasem ustawa wymaga od osoby ubiegającej się o emeryturę w obniżonym wieku z tytułu pracy w warunkach szczególnych, kumulatywnego spełnienia wszystkich przesłanek, zarówno stażowych, jak i rozwiązania stosunku pracy w przypadku bycia pracownikiem oraz nieprzystąpienia do OFE. Ponieważ <xAnon>I. Z.</xAnon> pozostaje w stosunku pracy prawo do emerytury nie może być mu przyznane, jak też nie jest celowe badanie charakteru pracy w spornym okresie, co może stanowić przedmiot ustaleń dopiero w postępowaniu wywołanym nowym wnioskiem. W tym stanie rzeczy Sąd Okręgowy odwołanie oddalił na podstawie <xLexLink xArt="art. 477(14);art. 477(14) § 1" xIsapId="WDU19640430296" xTitle="Ustawa z dnia 17 listopada 1964 r. - Kodeks postępowania cywilnego" xAddress="Dz. U. z 1964 r. Nr 43, poz. 296">art. 477<xSUPx>14</xSUPx> § 1 k.p.c.</xLexLink></xText>
          
          <xText>Wyrok ten zakwestionowany został w całości apelacją ubezpieczonego, w której wniósł o zmianę wyroku i uwzględnienie odwołania, ponieważ jego stosunek pracy został rozwiązany z dniem 14 października 2012 roku. Podniósł, że stosunek pracy rozwiązał za porozumieniem stron niezwłocznie po wydaniu wyroku w dniu 10 października 2012 roku. W uzupełnieniu apelacji podkreślił nadto, że nie został pouczony przez Sąd o konieczności rozwiązania stosunku pracy, jako przesłanki warunkującej przeprowadzenie postępowania dowodowego na okoliczność stażu pracy w warunkach szczególnych.</xText>
          
          <xText><xBx>Sąd Apelacyjny ustalił</xBx> dodatkowo, że <xAnon>I. Z.</xAnon> w trakcie zatrudnienia w <xAnon> (...) Sp. z o.o.</xAnon> w <xAnon>K.</xAnon> - pomiędzy 14 listopada 1991 roku a 31 grudnia 1998 roku - korzystał ze zwolnień lekarskich z tytułu niezdolności do pracy w okresach: 16.12.1991 - .03.1992, 12.11.1992 - 04.01.1993, 15.03.1993 - 07.04.1993, 13.04.1993 - 05.06.1993, 03.01.1994 - 11.03.1994, 18.05.1994 - 22.05.1994, 05.04.1995 - 14.04.1995, 10.06.1997 - 17.06.1997, 13.10.1997 - 27.10.1997 (zaświadczenie pracodawcy k. 9 akt emerytalnych). Łącznie okresy te wynoszą 10 miesięcy i 29 dni (raport uprawnień k. 21 akt emerytalnych). <xAnon> W (...) Sp. z o.o.</xAnon> w <xAnon>K.</xAnon><xAnon>I. Z.</xAnon> był zatrudniony od 1 czerwca 1983 roku jako maszynista żurawia wieżowego oraz monter urządzeń i konstrukcji metalowych i pracę na tych stanowiskach organ rentowy zaliczył do stażu pracy w warunkach szczególnych, z wyłączeniem okresów zasiłkowych (niesporne). Ubezpieczony rozwiązał stosunek pracy z wymienioną spółką za porozumieniem z dniem w dniu 14 października 2012 roku (świadectwo pracy k. 41).</xText>
          
          <xText>
            <xBx>Sąd Apelacyjny w Łodzi zważył, co następuje:</xBx>
          </xText>
          
          <xText>Apelacja wnioskodawcy odnosi swój skutek prowadząc do reformacji zaskarżonego wyroku.</xText>
          <xText>Zawarty w przepisach przejściowych ustawy z dnia <xLexLink xArt="" xIsapId="WDU19981621118" xTitle="Ustawa z dnia 17 grudnia 1998 r. o emeryturach i rentach z Funduszu Ubezpieczeń Społecznych" xAddress="Dz. U. z 1998 r. Nr 162, poz. 1118">ustawy z dnia 17 grudnia 1998 roku o emeryturach i rentach z Funduszu Ubezpieczeń Społecznych</xLexLink> (t.j. Dz.U. z 2009r., Nr 153, poz. 1227 ze zm.) przepis <xLexLink xArt="art. 184" xIsapId="WDU19981621118" xTitle="Ustawa z dnia 17 grudnia 1998 r. o emeryturach i rentach z Funduszu Ubezpieczeń Społecznych" xAddress="Dz. U. z 1998 r. Nr 162, poz. 1118">art. 184</xLexLink> dotyczy tych ubezpieczonych, urodzonych po 31 grudnia 1948 roku, którzy w dniu wejścia w życie ustawy (1 stycznia 1999 roku) osiągnęli: 1/ okres zatrudnienia w szczególnych warunkach lub szczególnym charakterze (15 lat) wymagany w przepisach dotychczasowych do nabycia emerytury w wieku niższym, niż 65 lat w przypadku mężczyzn; 2/ okres składkowy i nieskładkowy, o którym mowa w art. 27 (25 lat dla mężczyzn). Takim ubezpieczonym emerytura przysługuje w przypadku nieprzystąpienia do otwartego funduszu emerytalnego oraz rozwiązania stosunku pracy w razie bycia pracownikiem, przy czym wymóg rozwiązania stosunku pracy istniał do 31 grudnia 2012 roku, po tej dacie przepis uległ zmianie (zob. Dz.U. z 2012r., Nr 637).</xText>
          <xText>Prawo do emerytury w obniżonym wieku z tytułu pracy w szczególnych warunkach lub szczególnym charakterze stanowi w systemie emerytalnym uprawnienie wyjątkowe, związane z ujemnym oddziaływaniem zdrowotnym warunków pracy na pracownika, co uzasadnia przyjęcie wcześniejszego wieku emerytalnego. Zgodnie z § 4 rozporządzenia Rady Ministrów z dnia 7 lutego 1983 roku w sprawie wieku emerytalnego pracowników zatrudnionych w szczególnych warunkach lub szczególnym charakterze (Dz.U. Nr 8, poz. 43 ze zm.) prawo do takiej emerytury nabywa pracownik, który wykonywał prace w szczególnych warunkach wymienione w wykazie A, stanowiącym załącznik do rozporządzenia. Natomiast w myśl § 2 rozporządzenia z dnia 7 lutego 1983 roku - okresy pracy uzasadniające prawo do świadczenia emerytalnego to okresy, w których praca w szczególnych warunkach lub w szczególnym charakterze wykonywana jest stale i w pełnym wymiarze czasu pracy.</xText>
          <xText><xAnon>I. Z.</xAnon> do wniosku o emeryturę załączył zaświadczenie od swego pracodawcy <xAnon> (...) Spółki z ograniczoną odpowiedzialnością</xAnon> w <xAnon>K.</xAnon> stwierdzające, że w okresie od 1 czerwca 1983 roku do 31 marca 1994 roku ubezpieczony stale i w pełnym wymiarze czasu pracy wykonywał prace w szczególnych warunkach jako maszynista żurawia wieżowego, tj. na stanowisku wymienionym w wykazie A dział V: „W budownictwie i przemyśle materiałów budowlanych” pod poz. 3 i 5 oraz w okresie od 1 kwietnia 1994 roku do 1 stycznia 2006 roku jako monter urządzeń i konstrukcji metalowych, tj. na stanowisku wymienionym w tym dziale pod poz. 2. Łączny okres zatrudnienia odwołującego w tym zakładzie do dnia 31 grudnia 1998 roku wyniósł 15 lat 6 miesięcy i 12 dni, z tym, że ZUS ograniczył staż pracy wnioskodawcy w warunkach szczególnych o okresy zasiłkowe (10 miesięcy i 29 dni), co dało 14 lat 7 miesięcy i 16 dni - wskazane w decyzji odmownej jako niekwestionowany okres pracy w warunkach szczególnych.</xText>
          <xText>Sąd Okręgowy okoliczności tej nie dostrzegł i nie ujął w ustaleniach faktycznych stwierdzając, że zbędne jest prowadzenie postępowania dowodowego, w tym przesłuchiwanie świadków, na okoliczność czy wnioskodawca pracował w warunkach szczególnych także w <xAnon> (...)</xAnon> w <xAnon>Ł.</xAnon>. W istocie nie było potrzeby badania, czy ubezpieczony posiada dodatkowy okres pracy w szczególnych warunkach, gdyż <xAnon>I. Z.</xAnon> wykazał 15 lat stażu pracy w warunkach szczególnych na dzień 1 stycznia 1999 roku już w postępowaniu przed organem rentowym za pomocą dowodów z dokumentów, których wartość nie była przez ZUS negowana. Jednakże organ rentowy wadliwie zastosował prawo materialne, albowiem bezpodstawnie pominął przy ustalaniu okoliczności spornej okresy pobierania przez <xAnon>I. Z.</xAnon> zasiłków chorobowych w wymiarze 10 miesięcy i 29 dni. Stanowisko to wynika z błędnego rozumienia wzajemnego stosunku art. 184 i art. 32 ust. 1a ustawy o emeryturach i rentach z FUS. Ten ostatni przepis wprowadzony został ustawą zmieniającą z dnia 20 kwietnia 2004 roku i wszedł w życie z dniem 1 lipca 2004 roku (Dz.U. Nr 121, poz. 1264). Zgodnie z brzmieniem wskazanej normy okresów niewykonywania pracy, za które pracownik otrzymał wynagrodzenie lub świadczenia z ubezpieczenia społecznego w razie choroby, nie wlicza się do ustalania okresów zatrudnienia w warunkach szczególnych lub szczególnym charakterze. Zasada ta nie ma jednak zastosowania do oceny nabycia prawa do emerytury przed dniem 1 lipca 2004 roku (por. wyroki SN z dnia 5 maja 2005r., II UK 219/04, OSNP 2005/22/361, z dnia 7 lutego 2006r., I UK 154/05, LEX nr 272581) i dotyczy sytuacji osób wymienionych w art. 184 ustawy. W przepisie tym ustawodawca zapewnił ochronę ekspektatywy prawa podmiotowego dla osób, które w dniu 1 stycznia 1999 roku wypełniły warunki dotyczące stażu ogólnego i szczególnego. Ochrona tej ekspektatywy nie wygasła wskutek regulacji, dotyczącej ustalania okresu zatrudnienia w warunkach szczególnych od dnia 1 lipca 2004 roku w inny sposób. Toteż wykazanie na dzień 1 stycznia 1999 roku okresu wykonywania pracy w szczególnych warunkach, wymaganego przepisem art. 184 ustawy, wyłącza ustalanie tego okresu po osiągnięciu wieku emerytalnego według zasad wynikających z art. 32 ust. 1a ustawy (zob. wyroki SN: z dnia 23 kwietnia 2010r., II UK 313/09, OSNP 2011/19-20/260, z dnia 13 lipca 2011r., I UK 12/11, LEX nr 989126). Sytuacja taka zachodzi w sprawie niniejszej. <xAnon>I. Z.</xAnon> w dniu 1 stycznia 1999 roku legitymował się wymaganym zatrudnieniem w warunkach szczególnych w <xAnon> (...) Spółce z ograniczoną odpowiedzialnością</xAnon> w <xAnon>K.</xAnon>, poczynając od 1 czerwca 1983 roku. Z wyłączeniem okresów urlopu bezpłatnego (29.12.1993 - 31.12.1993, 12.12.1995 - 15.12.1995) na dzień 31 grudnia 1998 roku posiadał staż pracy w warunkach szczególnych w tym zakładzie w wymiarze 15 lat 6 miesięcy i 12 dni, zatem nie jest dopuszczalne obliczanie tego stażu ponownie, przez pomijanie okresów niezdolności do pracy z powodu choroby na podstawie <xLexLink xArt="art. 32;art. 32 ust. 1 a" xIsapId="WDU19981621118" xTitle="Ustawa z dnia 17 grudnia 1998 r. o emeryturach i rentach z Funduszu Ubezpieczeń Społecznych" xAddress="Dz. U. z 1998 r. Nr 162, poz. 1118">art. 32 ust. 1a ustawy o emeryturach i rentach z Funduszu Ubezpieczeń Społecznych</xLexLink>. Z tych względów przyjąć należało, że ubezpieczony należycie wykazał przesłankę 15 lat stażu pracy w warunkach szczególnych już w postępowaniu przed organem rentowym. W postępowaniu sądowym w istocie niespełniona była tylko przesłanka rozwiązania stosunku pracy, gdyż wymagany wiek wnioskodawca osiągnął w dniu 31 lipca 2012 roku.</xText>
          <xText>Z przepisu <xLexLink xArt="art. 316;art. 316 § 1" xIsapId="WDU19640430296" xTitle="Ustawa z dnia 17 listopada 1964 r. - Kodeks postępowania cywilnego" xAddress="Dz. U. z 1964 r. Nr 43, poz. 296">art. 316 § 1 k.p.c.</xLexLink> wynika ogólna zasada obowiązująca w postępowaniu cywilnym, nakazująca brać pod uwagę stan rzeczy istniejący w chwili zamknięcia rozprawy, przy czym ów „stan rzeczy” obejmuje także stan faktyczny. W sprawach z zakresu ubezpieczeń społecznych reguła ta doznaje modyfikacji o tyle, że przedmiotem postępowania z odwołania od decyzji jest badanie zgodności z prawem tej decyzji. Nie znaczy to jednak, że przepis <xLexLink xArt="art. 316;art. 316 § 1" xIsapId="WDU19640430296" xTitle="Ustawa z dnia 17 listopada 1964 r. - Kodeks postępowania cywilnego" xAddress="Dz. U. z 1964 r. Nr 43, poz. 296">art. 316 § 1 k.p.c.</xLexLink> nie ma szerokiego zastosowania w sprawach z zakresu ubezpieczeń społecznych i zabezpieczenia emerytalnego. W orzecznictwie Sądu Najwyższego niejednokrotnie podkreślano, z czym należy się zgodzić, że odwołanie się do <xLexLink xArt="art. 316;art. 316 § 1" xIsapId="WDU19640430296" xTitle="Ustawa z dnia 17 listopada 1964 r. - Kodeks postępowania cywilnego" xAddress="Dz. U. z 1964 r. Nr 43, poz. 296">art. 316 § 1 k.p.c.</xLexLink> nie może wypaczać charakteru postępowania w tych sprawach prowadząc do pozbawienia znaczenia postępowania administracyjnego poprzedzającego postępowanie sądowe. Jeśli jednak w toku postępowania odwoławczego dojdzie do niewątpliwego spełnienia ostatniej z przesłanek prawa do świadczenia, to odstępstwo od zasady badania legalności decyzji na dzień jej wydania jest dopuszczalne, a szczególnie uzasadnione, gdy w toku procesu dojdzie do rozwiązania stosunku pracy (tak Sąd Najwyższy m.in. w wyroku z dnia 12 kwietnia 2012r., II UK 235/11, LEX nr 1216853). Ma to również związek z deklaratywnym charakterem decyzji w przedmiocie prawa do emerytury, gdyż prawo do tego świadczenia nabywa się ispo iure, z chwilą spełnienia wszystkich przesłanek wymaganych do nabycia prawa - art. 100 ust. 1 ustawy o emeryturach i rentach z FUS. Jeśli więc rozwiązanie stosunku pracy jest ostatnim warunkiem nabycia prawa do emerytury, a ubezpieczony spełni ten warunek w toku postępowania odwoławczego, gdy jego wniosek nie jest jeszcze objęty prawomocną decyzją, to nie ma prawnych przeszkód, aby przyznać mu prawo do emerytury w toku procesu, od momentu nabycia prawa w związku ze złożonym wnioskiem o świadczenie.</xText>
          <xText>Dodać należy, że zapatrywania wyrażone przez Sąd Okręgowy o braku potrzeby prowadzenia postępowania dowodowego na okoliczność, czy wnioskodawca jeszcze w innym zakładzie świadczył pracę w szczególnych warunkach, ponieważ nie rozwiązał stosunku pracy, co do zasady zasługują na akceptację w sytuacji, gdy nowych ustaleń faktycznych wymaga badanie spełnienia przesłanki stażu pracy w warunkach szczególnych, a więc gdy rozwiązanie stosunku pracy nie stanowi ostatniej okoliczności uzasadniającej prawo do świadczenia. W sprawie niniejszej warunek stażu ubezpieczony należycie wykazał jednak już w postępowaniu przed organem rentowym. Rozwiązanie stosunku pracy było zatem ostatnią i jedyną niespełnioną przesłanką warunkującą prawo do świadczenia, w stanie prawnym obowiązującym w czasie postępowania przed Sądem pierwszej instancji.</xText>
          <xText>Przepis <xLexLink xArt="art. 316;art. 316 § 1" xIsapId="WDU19640430296" xTitle="Ustawa z dnia 17 listopada 1964 r. - Kodeks postępowania cywilnego" xAddress="Dz. U. z 1964 r. Nr 43, poz. 296">art. 316 § 1 k.p.c.</xLexLink> ma także zastosowanie w postępowaniu apelacyjnym. Ponieważ <xAnon>I. Z.</xAnon> rozwiązał stosunek pracy z dniem 14 października 2012 roku Sąd Apelacyjny, na zasadzie <xLexLink xArt="art. 386;art. 386 § 1" xIsapId="WDU19640430296" xTitle="Ustawa z dnia 17 listopada 1964 r. - Kodeks postępowania cywilnego" xAddress="Dz. U. z 1964 r. Nr 43, poz. 296">art. 386 § 1 k.p.c.</xLexLink>, zmienił zaskarżony wyrok oraz poprzedzającą go decyzję organu rentowego i przyznał ubezpieczonemu prawo do emerytury w związku ze spełnieniem ostatniej przesłanki nabycia prawa do emerytury w postępowaniu sądowym - od dnia 15 października 2012 roku. W zakresie prawa do emerytury za wcześniejszy okres apelacja uległa oddaleniu z mocy <xLexLink xArt="art. 385" xIsapId="WDU19640430296" xTitle="Ustawa z dnia 17 listopada 1964 r. - Kodeks postępowania cywilnego" xAddress="Dz. U. z 1964 r. Nr 43, poz. 296">art. 385 k.p.c.</xLexLink> O zwrocie kosztów procesu, na które złożyła się poniesiona opłata apelacyjna, Sąd drugiej instancji orzekł na podstawie <xLexLink xArt="art. 98;art. 98 § 1;art. 98 § 2" xIsapId="WDU19640430296" xTitle="Ustawa z dnia 17 listopada 1964 r. - Kodeks postępowania cywilnego" xAddress="Dz. U. z 1964 r. Nr 43, poz. 296">art. 98 § 1 i 2 k.p.c.</xLexLink> i <xLexLink xArt="art. 109;art. 109 § 1;art. 109 § 1 zd. 2" xIsapId="WDU19640430296" xTitle="Ustawa z dnia 17 listopada 1964 r. - Kodeks postępowania cywilnego" xAddress="Dz. U. z 1964 r. Nr 43, poz. 296">art. 109 § 1 zd. 2 k.p.c.</xLexLink></xText>
        </xUnit>
      </xBlock>
    </xPart>
  </judgement>
<judgement id="155000000000503_I_ACa_001222_2012_Uz_2013-01-03_001">
    <xPart xEditorFullName="Irena Szpytko" xYear="2012" xLang="PL" xPublisherFullName="Irena Szpytko" xFromPg="1" xEditor="iszpytko" xVolType="15/500000/0000503/ACa" xPublisher="iszpytko" xDocType="Uz" xVolNmbr="001222" xVersion="1.0" xToPage="11" xFlag="published">
      <xName>Wyrok+Uzasadnienie</xName>
      <xBlock>
        <xText>Sygn. akt I ACa 1222/12</xText>
        
        <xUnit xIsTitle="true" xBold="true" xType="part">
          <xName>WYROK</xName>
          <xTitle>W IMIENIU RZECZYPOSPOLITEJ POLSKIEJ</xTitle>
          <xText xALIGNx="right">Dnia 21 grudnia 2012 r.</xText>
          
          <xText>Sąd Apelacyjny we Wrocławiu – Wydział I Cywilny w składzie:</xText>
          <xRows>
            <xCOLGROUPx>
              <xCOLx xWIDTHx="219"/>
              <xCOLx xWIDTHx="398"/>
            </xCOLGROUPx>
            <xRow>
              <xClmn xALIGNx="left" xVALIGNx="middle">
                <xText xALIGNx="right">Przewodniczący:</xText>
              </xClmn>
              <xClmn xALIGNx="left" xVALIGNx="middle">
                <xText>SSA Tadeusz Nowakowski</xText>
              </xClmn>
            </xRow>
            <xRow>
              <xClmn xALIGNx="left" xVALIGNx="top">
                <xText xALIGNx="right">Sędziowie:</xText>
              </xClmn>
              <xClmn xALIGNx="left" xVALIGNx="middle">
                <xText>SSA Franciszek Marcinowski</xText>
                <xText>SSA Walter Komorek (spr.)</xText>
              </xClmn>
            </xRow>
            <xRow>
              <xClmn xALIGNx="left" xVALIGNx="middle">
                <xText xALIGNx="right">Protokolant:</xText>
              </xClmn>
              <xClmn xALIGNx="left" xVALIGNx="middle">
                <xText>Teresa Wróbel - Płatek</xText>
              </xClmn>
            </xRow>
          </xRows>
          
          <xText>po rozpoznaniu w dniu 21 grudnia 2012 r. we Wrocławiu na rozprawie</xText>
          <xText>sprawy z powództwa <xBx><xAnon>R. P.</xAnon></xBx></xText>
          <xText>przeciwko <xBx><xAnon> Spółdzielni Mieszkaniowej (...)</xAnon> we <xAnon>W.</xAnon></xBx></xText>
          <xText>o nakazanie złożenia oświadczenia woli</xText>
          <xText>na skutek apelacji powoda</xText>
          <xText>od wyroku Sądu Okręgowego we Wrocławiu</xText>
          <xText>z dnia 5 września 2012 r. sygn. akt I C 964/11</xText>
          
          <xText>
            <xBx>oddala apelację.</xBx>
          </xText>
        </xUnit>
        <xUnit xIsTitle="true" xBold="true" xType="part">
          <xName>UZASADNIENIE</xName>
          <xText>Zaskarżonym wyrokiem Sąd Okręgowy oddalił powództwo <xBRx/><xAnon>R. P.</xAnon> przeciwko <xAnon> Spółdzielni Mieszkaniowej (...)</xAnon> o nakazanie złożenia oświadczenia woli odnośnie przeniesienia na powoda prawa własności lokalu w postaci pracowni plastycznej <xBRx/>o pow. 40 m<xSUPx>2</xSUPx> położonej w budynku przy <xAnon>ul. (...)</xAnon> we <xAnon>W.</xAnon>, wraz <xBRx/>z tarasem i udziałem w nieruchomości wspólnej, oraz o określenie pracowni plastycznej jako przedmiotu odrębnej własności przez jej oznaczenie, w tym m.in. określenie rodzaju, położenia i powierzchni tego lokalu, oraz wielkości udziałów <xBRx/>we współwłasności nieruchomości wspólnej.</xText>
          <xText>Powyższe rozstrzygnięcie Sąd ten wydał w oparciu o następujące, istotne ustalenia faktyczne.</xText>
          <xText>W dniu 10.01.1978 r. Związek Polskich Artystów Plastyków (dalej jako ZPAP) zawarł z poprzedniczką prawną strony pozwanej, <xAnon> Spółdzielnią Mieszkaniową (...)</xAnon> we <xAnon>W.</xAnon> (dalej jako Spółdzielnia) porozumienie. Zgodnie z jego treścią, ZPAP zobowiązał się do powołania zespołu artystów plastyków, w skład którego wchodził m.in. powód <xAnon>R. P.</xAnon>, w celu opracowania koncepcji architektonicznego zagospodarowania <xAnon>osiedla (...)</xAnon>. Spółdzielnia zobowiązała się do pokrycia kosztów opracowania koncepcji architektonicznej, jeżeli przekroczą one sumę 400.000 zł (przed denominacją), realizacji technicznej zatwierdzonych projektów uprzednio uzgodnionych <xBRx/>ze Spółdzielnią, oraz przydzielenia lokali na pracownie na zasadzie najmu pomieszczeń mieszkalnych każdemu z członków zespołu zatrudnionemu przy realizacji tego porozumienia.</xText>
          <xText>W dniu 20.07.1979 r. ZPAP i Zakłady Artystyczne <xAnon>(...)</xAnon> we <xAnon>W.</xAnon> zawarły ze Spółdzielnią <xAnon>umowę nr (...)</xAnon>, zgodnie z którą Zakłady Artystyczne <xAnon>(...)</xAnon>zobowiązały się do wykonania na rzecz Spółdzielni dzieła polegającego <xBRx/>na plastycznym zagospodarowaniu <xAnon>osiedla (...)</xAnon> we <xAnon>W.</xAnon> w terminie <xBRx/>do 30.07.1980 r. W dniu 24.09.1979 r. <xAnon>R. P.</xAnon>, jako Wykonawca, zawarł <xBRx/>z Zakładami Artystycznymi Związku Artystów Plastyków <xAnon>(...)</xAnon>we <xAnon>W.</xAnon> umowę, zgodnie z którą zobowiązał się do wykonania części prac plastycznych <xBRx/>o wartości wynoszącej 115.400 zł (przed denominacją). Powód wykonał w/w prace <xBRx/>w ramach pomocy społecznej i zrzekł się całości wynagrodzenia na rzecz Spółdzielni w zamian za przydzielenie mu pomieszczenia pracowni przy <xAnon>ul. (...)</xAnon><xBRx/>we <xAnon>W.</xAnon>.</xText>
          <xText>W dniu 1.07.1985 r. Spółdzielnia zawarła z powodem <xAnon>R. P.</xAnon> umowę najmu lokalu znajdującego się w budynku przy <xAnon>ul. (...)</xAnon><xBRx/>we <xAnon>W.</xAnon> z przeznaczeniem na pracownię plastyczną. Pomieszczenie to powód zobowiązał się nakładem własnych środków zaadoptować na pracownię plastyczną. Powód wielokrotnie zabiegał u strony pozwanej (i jej poprzedniczki) o przyznanie <xBRx/>mu spornego lokalu pracowni plastycznej przy <xAnon>ul. (...)</xAnon> we <xAnon>W.</xAnon><xBRx/>na zasadach spółdzielczego prawa do lokalu mieszkalnego. Zarząd spółdzielni pozwanej nie przychylił się do wniosku powoda, a wytoczone przeciwko <xBRx/><xAnon> (...)</xAnon> powództwo o nakazanie przyznania powodowi spółdzielczego prawa do lokalu mieszkalnego obejmującego lokal przy <xAnon>ul. (...)</xAnon> zostało prawomocnie oddalone wyrokiem z dnia 27.11.1996 r.</xText>
          <xText>W dniu 18.09.2001 r. powód ponownie bezskutecznie zwrócił się do Spółdzielni z żądaniem zawarcia z nim umowy przeniesienia prawa własności lokalu przy <xAnon>ul. (...)</xAnon> we <xAnon>W.</xAnon>. Z uwagi na zaległości czynszowe strona pozwana odmówiła zawarcia z powodem w/w umowy.</xText>
          <xText>W dniu 23.11.2004 r. Spółdzielnia, działając na podstawie art. 42 ustawy <xBRx/>o spółdzielniach mieszkaniowych, podjęła uchwałę nr <xAnon>(...)</xAnon> w sprawie określenia przedmiotu własności lokali w nieruchomości oznaczonej w ewidencji gruntów <xBRx/>i budynków, obręb <xAnon>P.</xAnon>, numerami <xAnon>działek (...)</xAnon>, obejmującej budynki przy <xAnon>ul. (...)</xAnon> we <xAnon>W.</xAnon>.</xText>
          <xText>W związku z zaległościami czynszowymi Spółdzielnia w piśmie z dnia <xBRx/>12.05. 2005 r. wypowiedziała powodowi umowę najmu lokalu pracowni plastycznej położonego we <xAnon>W.</xAnon> przy <xAnon>ul. (...)</xAnon>.</xText>
          <xText>W wyroku z dnia 1.09.2008 r. Sąd Rejonowy dla <xAnon>W.</xAnon><xBRx/>we <xAnon>W.</xAnon> Wydział XIV Cywilny w sprawie o sygn. XIV C 281/06, z powództwa <xAnon> Spółdzielni Mieszkaniowej (...)</xAnon> we <xAnon>W.</xAnon> przeciwko <xAnon>R. P.</xAnon> nakazał pozwanemu, aby opuścił, opróżnił <xBRx/>i wydał stronie powodowej lokal użytkowy – pracownię plastyczną w piwnicy <xBRx/>– położony we <xAnon>W.</xAnon> przy <xAnon>ul. (...)</xAnon>. Od powyższego wyroku <xBRx/><xAnon>R. P.</xAnon> wniósł apelację. Postępowanie odwoławcze, prowadzone przez <xBRx/>Sąd Okręgowy pod sygn. II Ca 1015/08, zostało zawieszone do czasu rozstrzygnięcia początkowo sprawy XIV C 568/08, a obecnie do czasu rozpoznania niniejszej sprawy.</xText>
          <xText>W wyroku z dnia 27.05.2010 r. Sąd Rejonowy dla <xAnon>W.</xAnon><xBRx/>we <xAnon>W.</xAnon> Wydział XIV Cywilny w sprawie o sygn. XIV C 568/08 oddalił powództwo <xAnon>R. P.</xAnon> przeciwko <xAnon> Spółdzielni Mieszkaniowej (...)</xAnon> we <xAnon>W.</xAnon> o ustalenie, czy czynsz najmu pracowni plastycznej przy <xAnon>ul. (...)</xAnon> we <xAnon>W.</xAnon> został przez Spółdzielnię kiedykolwiek umówiony z najemcą i czy pozwana w tym względzie dochowała warunków umowy najmu z dnia 1 lipca 1985 r., oraz uznania, na podstawie <xBRx/><xLexLink xArt="art. 58;art. 58 § 1;art. 58 § 2" xIsapId="WDU19640160093" xTitle="Ustawa z dnia 23 kwietnia 1964 r. - Kodeks cywilny" xAddress="Dz. U. z 1964 r. Nr 16, poz. 93">art. 58 § 1 i 2 k.c.</xLexLink>, wypowiedzenia umowy najmu z dnia 12.05.2005 r., za nieważną czynność prawną sprzeczną z ustawowym obowiązkiem spółdzielni do przeniesienia prawa własności, wyrażonym w art. 39 ust. 3 i art. 42 ustawy o spółdzielniach mieszkaniowych i zmierzającą o obejścia prawa w zakresie przeniesienia prawa własności.</xText>
          <xText>Od powyższego wyroku <xAnon>R. P.</xAnon> wniósł apelację, którą <xBRx/>Sąd Okręgowy we <xAnon>W.</xAnon> II Wydział Cywilny Odwoławczy oddalił w wyroku z dnia 10.02.2011 r., w sprawie II Ca 1441/10. Sąd odwoławczy wskazał m.in., <xBRx/>że bezspornym w sprawie było, iż powód nie opłacał w terminie czynszu, <xBRx/>co spowodowało powstanie zadłużenia w wysokości przekraczającej 19.000 zł, <xBRx/>co skutkowało wypowiedzeniem umowy najmu lokalu.</xText>
          <xText>Mając powyższe na uwadze oraz treść art. 39 ust. 1 u.s.m. oraz art. 42 u.s.m., Sąd I instancji stwierdził, że żądania powoda dochodzone w niniejszej sprawie <xBRx/>nie zasługują na uwzględnienie. Z uwagi bowiem na zaległości powoda wobec pozwanej spółdzielni z tytułu najmu lokalu, a także nie wykazanie przez niego, <xBRx/>iż poniósł w pełni koszty budowy tego lokalu, nie jest zasadne żądanie powoda <xBRx/>o przeniesienie przez pozwaną spółdzielnię na niego własności lokalu przy <xBRx/><xAnon>ul. (...)</xAnon> we <xAnon>W.</xAnon>. Sąd ten wskazał przy tym, iż z dowodów <xBRx/>w postaci protokołu zdawczo – odbiorczego oraz noty księgowej wynika, że powód wykonał prace na rzecz pozwanej spółdzielni w ramach pomocy społecznej i zrzekł się całości wynagrodzenia w zamian za przydzielenie mu pomieszczenia pracowni przy <xAnon>ul. (...)</xAnon> we <xAnon>W.</xAnon> na zasadzie najmu, co też miało miejsce, gdyż strony umowę najmu tego lokalu zawarły.</xText>
          <xText>Następnie Sąd Okręgowy zważył, iż nie zasługiwało także na uwzględnienie żądanie powoda o wydanie orzeczenia, które zastąpi uchwałę zarządu pozwanej spółdzielni w zakresie objętym art. 42 u.s.m., odnośnie określenia pracowni plastycznej jako przedmiotu odrębnej własności przez jej oznaczenie, w tym m.in. określenie rodzaju, położenia i powierzchni lokalu oraz wielkości udziałów <xBRx/>we współwłasności nieruchomości wspólnej. Powyższe żądanie Sąd ten uznał <xBRx/>za bezprzedmiotowe, gdyż pozwana spółdzielnia podjęła uchwałę w sprawie określenia przedmiotu własności lokali w nieruchomości oznaczonej w ewidencji gruntów i budynków, obręb <xAnon>P.</xAnon>, numerami <xAnon>działek (...)</xAnon>, obejmującej budynki przy <xAnon>ul. (...)</xAnon> we <xAnon>W.</xAnon>. Uchwała ta zaś obejmowała sporny lokal, oznaczony w wykazie jako lokal użytkowy - pracownia plastyczna o powierzchni 38,10m<xSUPx>2</xSUPx> położony w przyziemiu budynku przy <xBRx/><xAnon>ul. (...)</xAnon> we <xAnon>W.</xAnon>.</xText>
          <xText>Apelację od powyższego wyroku wywiódł powód, skarżąc go w całości <xBRx/>i zarzucając:</xText>
          <xText>1.  Błąd w ustaleniach faktycznych przyjętych za podstawę orzeczenia <xBRx/>i dokonanie sprzecznych ustaleń z zebranym materiałem dowodowym, przez:</xText>
          <xText>-  uznanie, iż powód nie poniósł w pełni kosztów budowy pracowni plastycznej, gdy wskazana przez stronę pozwaną uchwała w ogóle nie wskazuje, jakiej wielkości to były koszty;</xText>
          <xText>-  wskazanie, że pozwana zobowiązała się w porozumieniu z 10.01.1978 r. <xBRx/>do przydzielenia lokali na pracownie plastyczne na zasadzie najmu, gdy <xBRx/>w załączonym do akt sprawy porozumieniu nie ma takiego sformułowania;</xText>
          <xText>-  uznanie, że strona pozwana, podejmując uchwałę nr <xAnon>(...)</xAnon> z dnia 23.11.2004 r., wywiązała się z obowiązków zawartych w art. 42 u.s.m., <xBRx/>gdy uchwała ta nie wymienia w przypadku spornego lokalu osoby i tytułu prawnego do lokalu, prawa do lokalu i zobowiązania do spłaty przypadających na lokal kredytów i kosztów wykupu lokalu;</xText>
          <xText>-  uznanie, że zaległości powoda z tytułu umowy najmu opiewają na kwotę 19.000 zł, gdy realne zadłużenie powoda to 4.918,47 zł;</xText>
          <xText>2.  Naruszenie prawa procesowego, tj.:</xText>
          <xText>-  <xLexLink xArt="art. 233;art. 233 § 1" xIsapId="WDU19640430296" xTitle="Ustawa z dnia 17 listopada 1964 r. - Kodeks postępowania cywilnego" xAddress="Dz. U. z 1964 r. Nr 43, poz. 296">art. 233 § 1 k.p.c.</xLexLink>, przez: wybiórcze traktowanie dowodów i twierdzeń stron; nieuzasadnione nazwanie prac plastycznych wykonanych przez powoda <xBRx/>na rzecz pozwanej, jako wykonanych „w czynie społecznym” <xBRx/>oraz nieuzasadnione przyjęcie, że powód „zrzekł” się honorarium, podczas gdy z dokumentów zgromadzonych w sprawie wynika, że prace te wykonane były „w zamian za przydział lokalu”; nieuzasadnione uznanie, że powód nie poniósł w pełnym zakresie kosztów lokalu, gdy koszty te nie zostały zdefiniowane w uchwale nr <xAnon>(...)</xAnon>;</xText>
          <xText>-  <xLexLink xArt="art. 227" xIsapId="WDU19640430296" xTitle="Ustawa z dnia 17 listopada 1964 r. - Kodeks postępowania cywilnego" xAddress="Dz. U. z 1964 r. Nr 43, poz. 296">art. 227 k.p.c.</xLexLink> w zw. z <xLexLink xArt="art. 232" xIsapId="WDU19640430296" xTitle="Ustawa z dnia 17 listopada 1964 r. - Kodeks postępowania cywilnego" xAddress="Dz. U. z 1964 r. Nr 43, poz. 296">art. 232 k.p.c.</xLexLink>, przez nie wyjaśnienie całości okoliczności sprawy i nie uzasadnienie odmowy przeprowadzenia dowodów zawnioskowanych przez powoda;</xText>
          <xText>-  <xLexLink xArt="art. 328;art. 328 § 2" xIsapId="WDU19640430296" xTitle="Ustawa z dnia 17 listopada 1964 r. - Kodeks postępowania cywilnego" xAddress="Dz. U. z 1964 r. Nr 43, poz. 296">art. 328 § 2 k.p.c.</xLexLink> przez nie wyjaśnienie podstawy faktycznej rozstrzygnięcia, tj. nie wskazanie dowodów na których Sąd się oparł i przyczyn dla których innym dowodom odmówił wiarygodności i mocy dowodowej, co w ocenie skarżącego, uniemożliwia kontrolę instancyjną;</xText>
          <xText>3.  Nie rozpoznanie istoty sprawy na podstawie zmienionego powództwa, gdyż Sąd Okręgowy nie przeprowadził analizy podstawy prawnej ani faktycznej, zgłaszanej przez powoda w piśmie zmieniającym powództwo;</xText>
          <xText>4.  Naruszenie prawa materialnego, tj. art. 39 ust. 1 u.s.m., przez przyjęcie, <xBRx/>że powód nie jest osobą, która winna być wskazana w uchwale nr <xAnon>(...)</xAnon><xBRx/>z dnia 23.11.2004 r., jako osoba uprawniona do żądania przeniesienia <xBRx/>na niego prawa własności spornego lokalu, z uwagi na utrzymujące <xBRx/>się zadłużenie z tytułu najmu, podczas gdy czym innym jest uprawnienie najemcy do złożenia żądania przeniesienia prawa własności, a czym innym obowiązek spółdzielni do przeniesienia własności – obowiązek ten powstaje bowiem dopiero po spłacie zadłużenia.</xText>
          <xText>Wskazując na powyższe, powód wniósł o uchylenie zaskarżonego wyroku <xBRx/>i przekazanie sprawy do ponownego rozpoznania Sądowi I instancji.</xText>
          
          <xText>
            <xBx>Sąd Apelacyjny zważył, co następuje:</xBx>
          </xText>
          
          <xText>Apelacja, jako nieuzasadniona, podlegała oddaleniu.</xText>
          <xText>Na wstępie wskazać należy, iż ustalenia faktyczne dokonane w niniejszej sprawie przez Sąd I instancji są prawidłowe i znajdują odzwierciedlenie <xBRx/>w zgromadzonym w sprawie materiale dowodowym. Podkreślić trzeba, iż ustalenia <xBRx/>te poczynione zostały przede wszystkim w oparciu o treść dokumentów zgromadzonych w niniejszej sprawie, jak również orzeczeń sądowych zapadłych pomiędzy stronami w innych postępowaniach. Ustalenia te Sąd Apelacyjny w całości podziela i przyjmuje za podstawę własnego rozstrzygnięcia. Wskazać również należy, iż Sąd Okręgowy w oparciu o dokonane ustalenia faktyczne wyciągnął również co do zasady poprawne wnioski i oceny, które znajdowały uzasadnienie <xBRx/>w przytoczonych przepisach prawa.</xText>
          <xText>Odnosząc się już do zarzutów skarżącego, w pierwszej kolejności ocenić należało te najdalej idące, tj. m.in. dotyczące naruszenia <xLexLink xArt="art. 328;art. 328 § 2" xIsapId="WDU19640430296" xTitle="Ustawa z dnia 17 listopada 1964 r. - Kodeks postępowania cywilnego" xAddress="Dz. U. z 1964 r. Nr 43, poz. 296">art. 328 § 2 k.p.c.</xLexLink><xBRx/>Powód naruszenie powyższego przepisu upatrywał w nie wyjaśnieniu przez <xBRx/>Sąd Okręgowy podstawy faktycznej rozstrzygnięcia, tj. nie wskazaniu dowodów <xBRx/>na których Sąd się oparł i przyczyn dla których innym dowodom odmówił wiarygodności i mocy dowodowej. Zważyć jednak należy, iż o skutecznym postawieniu zarzutu naruszenia <xLexLink xArt="art. 328;art. 328 § 2" xIsapId="WDU19640430296" xTitle="Ustawa z dnia 17 listopada 1964 r. - Kodeks postępowania cywilnego" xAddress="Dz. U. z 1964 r. Nr 43, poz. 296">art. 328 § 2 k.p.c.</xLexLink> można mówić tylko wtedy, <xBRx/>gdy uzasadnienie wyroku nie zawiera elementów pozwalających na weryfikację stanowiska Sądu, a braki uzasadnienia w zakresie poczynionych ustaleń faktycznych i oceny prawnej muszą być tak znaczne, że sfera motywacyjna orzeczenia pozostaje nieujawniona, bądź ujawniona w sposób uniemożliwiający poddanie jej ocenie instancyjnej. Zarzut ten może zatem znaleźć zastosowanie jedynie w tych wyjątkowych sytuacjach, w których treść uzasadnienia orzeczenia Sądu I instancji uniemożliwia całkowicie dokonanie oceny toku wywodu, który doprowadził <xBRx/>do wydania zaskarżonego orzeczenia. W niniejszej zaś sprawie z powyższą sytuacją nie mamy do czynienia. Z uzasadnienia Sądu I instancji wyraźnie bowiem wynikają motywy, jakimi Sąd ten kierował się, oddalając przedmiotowe powództwo. <xBRx/>Sąd ten wskazał, jakie fakty uznał za udowodnione i uczynił je podstawą swoich ustaleń oraz na jakich dowodach w tym zakresie się oparł. Dowodach, które jak już wyżej wskazano, wynikają z treści przedstawionych w sprawie przez strony dokumentów i orzeczeń. Sąd Okręgowy wyjaśnił również przy tym podstawę prawną swojego rozstrzygnięcia, przytaczając w tym zakresie właściwe i znajdujące zastosowanie w sprawie przepisy prawa. Z tych też względów powyższy zarzut skarżącego nie mógł znaleźć uzasadnienia. Podobnie jak ten dotyczący <xBRx/>nie rozpoznania istoty niniejszej sprawy przez Sąd I instancji. <xBRx/>Zważyć bowiem należy, iż do „nierozpoznania istoty sprawy” dochodzi w sytuacji nie zbadania przez Sąd podstawy merytorycznej dochodzonego roszczenia, tj. gdy <xBRx/>Sąd nie wniknął w ogóle w całokształt okoliczności sprawy, gdyż pozostając <xBRx/>w mylnym przekonaniu ograniczył się do zbadania jedynie określonego zagadnienia, jak na przykład legitymacji procesowej jednej ze stron, prekluzji, przedawnienia, czego skutkiem było przedwczesne oddalenie powództwa. W realiach analizowanej sprawy powyższe okoliczności nie zaistniały. Sąd I instancji bowiem poczynione ustalenia faktyczne w prawidłowy sposób odniósł i ocenił na gruncie właściwych <xBRx/>i mających w sprawie zastosowanie przepisów prawa, tj. art. 39 u.s.m. <xBRx/>i art. 42 u.s.m., czemu dał wyraz w uzasadnieniu swojego rozstrzygnięcia. <xBRx/>Podkreślić trzeba, iż Sąd Okręgowy rozpoznał zarówno pierwotnie zgłoszone przez powoda żądanie, jak i to zmodyfikowane przez niego w piśmie procesowym datowanym na dzień 21.11.2011 r. (k. 37). Powód bowiem w niniejszej sprawie nie cofnął swojego pierwotnego żądania.</xText>
          <xText>Odnosząc się natomiast do zarzutów skarżącego dotyczących kwestii związanych z podjęciem przez pozwaną spółdzielnię uchwały, o której mowa <xBRx/>w art. 42 u.s.m. stwierdzić należy, iż okazały się one chybione. W pierwszej kolejności w tym zakresie zważyć należy, że nie zasługiwało na uwzględnienie roszczenie powoda o treści jak w piśmie z dnia 21.11.2011 r., tj. o „orzeczenie zastępujące uchwałę zarządu pozwanej spółdzielni w zakresie objętym przez dyspozycję art. 42 u.s.m., tj. uchwałę, która określi pracownię plastyczną przy <xBRx/><xAnon>ul. (...)</xAnon> jako przedmiot odrębnej własności...”. Powód bowiem, <xBRx/>co najwyżej na podstawie art. 49<xSUPx>1</xSUPx> u.s.m. (który w niniejszej sprawie ma zastosowanie na podstawie normy intertemporalnej zawartej w art. 7 ust. 5 ustawy z dnia 14.06.2007 r., zgodnie z którą, zgłoszone na piśmie roszczenia<xBx>, </xBx>o których mowa <xBRx/>w art. 12, art. 15, art. 17<xSUPx>14</xSUPx>, art. 17<xSUPx>15</xSUPx>, art. 39, art. 48 oraz art. 48<xSUPx>1</xSUPx> u.s.m. niezrealizowane do dnia wejścia w życie ustawy z 14 czerwca 2007 r., <xBRx/>są rozpatrywane na podstawie tej ustawy) mógł wnosić o zobowiązanie strony pozwanej do ustanowienia odrębnej własności lokalu przy <xAnon>ul. (...)</xAnon>, <xBRx/>a następnie o nakazanie (zobowiązanie) pozwanej do przeniesienia prawa własności do tego lokalu na jego rzecz.</xText>
          <xText>Niezależnie jednak od powyższego wskazać należy, jak prawidłowo zauważył to Sąd Okręgowy, iż strona pozwana podjęła uchwałę o której mowa w art. 42 u.s.m., tj. uchwałę nr<xAnon>(...)</xAnon>z dnia 23.11.2004 r. Zważyć należy, że zarząd spółdzielni mieszkaniowej, na podstawie art. 42 u.s.m., nie jest uprawniony do podjęcia uchwały zmieniającej uchwałę określającą przedmiot odrębnej własności wszystkich lokali mieszkalnych i udziały właścicieli lokali w nieruchomości wspólnej (por. uchwała <xBRx/>SN z 22.10.2010 r., III CZP 77/10, OSNC 2011/5/56). Treść bowiem prawomocnej uchwały, o której mowa w art. 42 u.s.m., jest wiążąca dla osób ubiegających się <xBRx/>o przeniesienie na ich rzecz własności lokalu (por. wyrok S.A. w Poznaniu <xBRx/>z 14.01.2009 r., I ACa 916/08, Lex nr 518056). Zatem, po wejściu w życie uchwały zarządu spółdzielni, o której mowa w art. 42 u.s.m., postanowienia tej uchwały obowiązują przy sprzedaży (ustanawianiu odrębnej własności lokali i przenoszeniu własności tych lokali) dla wszystkich lokali w tej nieruchomości. Natomiast osoby uprawnione, których uchwała dotyczy, a których wniosków nie uwzględniono, mogą na podstawie art. 43 u.s.m. zaskarżyć uchwałę do sądu z powodu jej niezgodności <xBRx/>z prawem lub jeśli narusza ona ich interes prawny lub uprawnienia <xBRx/>(vide: A. Doliwa, Prawo mieszkaniowe. Komentarz. Legalis). Uchwała zaś podjęta przez spółdzielnię w trybie art. 42 u.s.m. ukształtuje na trwałe stosunki własnościowe w obrębie poszczególnych nieruchomości, a także decydować będzie o sposobie zaspokojenia roszczeń, jakie z mocy przepisów u.s.m. przysługują członkom spółdzielni i innym osobom. Po wejściu w życie tej uchwały (od dnia, kiedy stała <xBRx/>się ona obowiązująca) niczego już w niej nie można zmienić. <xBRx/>(tak E. Bończak-Kucharczyk w Komentarzu do <xLexLink xArt="" xIsapId="WDU20010040027" xTitle="Ustawa z dnia 15 grudnia 2000 r. o spółdzielniach mieszkaniowych" xAddress="Dz. U. z 2001 r. Nr 4, poz. 27">ustawy o spółdzielniach mieszkaniowych</xLexLink>, Lex). Natomiast błąd w uchwale wymagający jej sprostowania lub zmiany (choćby w niewielkiej części) może zostać skorygowany w trybie <xBRx/>i z zachowaniem procedury z art. 43 (por. R. Dziczek, Spółdzielnie mieszkaniowe. Komentarz, LexisNexis, W-wa 2009, str. 328).</xText>
          <xText>Reasumując zatem wskazać należy, iż w sytuacji, gdy pozwana spółdzielnia podjęła uchwałę o której mowa w art. 42 u.s.m., to jedyną drogą do jej zmiany jest zaskarżenie tej uchwały w trybie art. 43 u.s.m. Tej treści żądanie nie było zaś przedmiotem rozpoznania niniejszej sprawy. Tym samym wszelkie zarzuty powoda zawarte w apelacji, w których kwestionował on prawidłowość trybu podjęcia powyższej uchwały jak i jej treść, nie miały znaczenia dla rozpoznania niniejszej sprawy, która nie została wszczęta celem zaskarżenia powyższej uchwały, a jedynie celem zobowiązania pozwanej spółdzielni do podjęcia nowej uchwały <xBRx/>(o treści korzystnej dla powoda) w trybie art. 42 u.s.m. Zważyć zaś należy, że tak sformułowane przez powoda żądanie podlegało oddaleniu, z uwagi na to, <xBRx/>że pozwana spółdzielnia, na podstawie art. 42 u.s.m., podjęła w 2004 r. stosowną uchwałę, którą objęła także sporny lokal. Uchwała ta zaś, do czasu jej skutecznego sądowego podważenia w trybie art. 43 u.s.m., jest wiążąca i nie podlega zmianie.</xText>
          <xText>Co się zaś tyczy pierwotnie zgłoszonego przez powoda roszczenia opartego na treści art. 39 u.s.m., to ono również nie zasługiwało na uwzględnienie. <xBRx/>Odnosząc się w tym zakresie do poszczególnych podniesionych przez skarżącego zarzutów, stwierdzić należy, że prawidłowo ustalił i przyjął Sąd Okręgowy, <xBRx/>że pozwana zobowiązała się w porozumieniu z 10.01.1978 r. do przydzielenia plastykom (w tym powodowi) lokali na pracownie plastyczne na zasadzie najmu. Powyższe wynika bowiem wyraźnie z treści § 7 powyższego porozumienia (k. 44). <xBRx/>Z kolei zarzuty ponoszone przez skarżącego w ramach polemiki z wnioskami zaprezentowanymi przez Sąd I instancji odnośnie tego, czy powód poniósł (czy nie) koszty budowy pracowni plastycznej, nie posiadają istotnego znaczenia <xBRx/>dla rozstrzygnięcia niniejszej sprawy, w oparciu o treść art. 39 u.s.m. <xBRx/>Jak słusznie bowiem wskazał Sąd Okręgowy, dla uwzględnienia żądania opartego na powyższym przepisie (w brzmieniu obowiązującym tak na datę złożenia przez powoda wniosku do pozwanej, jak i na chwilę orzekania w niniejszej sprawie) konieczne jest wykazanie nie tylko tego, że najemca poniósł w pełni koszty budowy danego lokalu, ale również tego, iż nie zalega on ze spłatą świadczeń wynikających <xBRx/>z umowy najmu. W niniejszej zaś sprawie poza sporem jest, iż powód posiada wobec pozwanej spółdzielni niespłacone zadłużenie z tytułu umowy najmu, bez znaczenia pozostaje przy tym sama wysokość tego zadłużenia, tj. w szczególności czy wynosi ono 19.000 zł, czy 4.918,47 zł. Tym samym już z tego względu roszczenie powoda nie mogło zostać uwzględnione. Z tych też względów nie zachodziła zatem potrzeba zobowiązywania pozwanej do wykazania, jakie były koszty budowy spornego lokalu, celem ustalenia czy powód poniósł te koszty w pełnej wysokości. <xBRx/>Z uwagi bowiem na nie zaistnienie jednej z kumulatywnie wymaganych przesłanek (brak zaległości w spłacie należności z tytułu najmu spornego lokalu), roszczenie powoda musiało ulec oddaleniu. Dla oceny powyższego bez znaczenia pozostawała zatem kwestia zaistnienia drugiej z przesłanek wskazanych w art. 39 u.s.m., tj. tego, czy powód poniósł (czy nie) koszty budowy pracowni plastycznej w pełnej wysokości.</xText>
          <xText>Wskazać również należy, iż wbrew twierdzeniom skarżącego, roszczenie oparte na treści art. 39 u.s.m.– tj. o nakazanie (zobowiązanie) pozwanej spółdzielni do przeniesienia na powoda spornego lokalu – może zostać uwzględnione wyłącznie po spełnieniu przez powoda wszystkich przesłanek wskazanych w powyższym przepisie. Orzeczenie takie bowiem będzie zastępować oświadczenie strony, w tym wypadku pozwanej spółdzielni. Nieuzasadnione są zatem wywody skarżącego, <xBRx/>w których różnicuje on swoje uprawnienie do złożenia żądania o przeniesienie prawa własności z obowiązkiem pozwanej spółdzielni do tego przeniesienia. <xBRx/>W przypadku bowiem wywiedzenia roszczenia w oparciu o treść art. 39 ust. 1 u.s.m., Sąd zobligowany jest zbadać, czy powód posiada stosowne uprawnienie <xBRx/>do wystąpienia z tym roszczeniem, jak również czy uprawnieniu temu odpowiada określony obowiązek pozwanej spółdzielni. W świetle treści art. 39 ust. 1 u.s.m., roszczenie o zawarcie umowy o przeniesienie własności lokalu powstaje wskutek pisemnego żądania, skierowanego przez osoby, o których mowa w ust. 1, <xBRx/>do spółdzielni, <xBx>po dokonaniu przez zainteresowanych spłaty wszelkich długów związanych z tym lokalem</xBx>, a w szczególności spłaty przypadającego na dany lokal uzupełnienia wkładu z tytułu modernizacji budynku, spłaty przypadających na lokal zobowiązań spółdzielni z tytułu kredytów i pożyczek zaciągniętych na sfinansowanie kosztów remontów nieruchomości, w której znajduje się lokal, spłaty zadłużenia <xBRx/>z tytułu świadczeń wynikających z umowy najmu. W niniejszej zaś sprawie powód nadal zalega z zapłatą na rzecz pozwanej należności z tytułu najmu spornego lokalu. Stan ten zaś, zgodnie z treścią <xLexLink xArt="art. 316;art. 316 § 1" xIsapId="WDU19640430296" xTitle="Ustawa z dnia 17 listopada 1964 r. - Kodeks postępowania cywilnego" xAddress="Dz. U. z 1964 r. Nr 43, poz. 296">art. 316 § 1 k.p.c.</xLexLink>, Sąd Apelacyjny zobowiązany był wziąć pod uwagę orzekając w niniejszej sprawie.</xText>
          <xText>Nietrafnie również podnosi skarżący, iż brak było podstaw do przyjęcia, jak uczynił to Sąd I instancji, iż powód prace plastyczne na rzecz pozwanej spółdzielni wykonał częściowo w czynie społecznym, jak również, iż zrzekł się wynagrodzenia za te praca w zamian za przydzielenie mu na zasadach najmu lokalu na pracownię plastyczną. Wnioski Sądu Okręgowego w tym zakresie uzasadnione są bowiem treściami zawartymi w Porozumieniu z dnia 10.01.1978 r. (§ 3 i § 7).</xText>
          <xText>Mając na uwadze powyższe, Sąd Odwoławczy, na podstawie <xBRx/><xLexLink xArt="art. 385" xIsapId="WDU19640430296" xTitle="Ustawa z dnia 17 listopada 1964 r. - Kodeks postępowania cywilnego" xAddress="Dz. U. z 1964 r. Nr 43, poz. 296">art. 385 k.p.c.</xLexLink>, oddalił apelację powoda, jako nieuzasadnioną. Jednocześnie z uwagi na treść art. 49<xSUPx>1</xSUPx> u.s.m. Sąd nie obciążył powoda kosztami postępowania apelacyjnego.</xText>
          
          <xText>MW</xText>
        </xUnit>
      </xBlock>
    </xPart>
  </judgement>
<judgement id="155000000000503_I_ACa_001157_2012_Uz_2013-01-24_001">
    <xPart xEditorFullName="Małgorzata Kurek" xYear="2012" xLang="PL" xPublisherFullName="Irena Szpytko" xFromPg="1" xEditor="mkurek" xVolType="15/500000/0000503/ACa" xPublisher="iszpytko" xDocType="Uz" xVolNmbr="001157" xVersion="1.0" xToPage="18" xFlag="published">
      <xName>Wyrok+Uzasadnienie</xName>
      <xBlock>
        
        <xText>Sygn. akt I ACa 1157/12</xText>
        
        <xUnit xIsTitle="true" xType="part" xBold="true">
          <xName>WYROK</xName>
          <xTitle>W IMIENIU RZECZYPOSPOLITEJ POLSKIEJ</xTitle>
          <xText xALIGNx="right">Dnia 21 grudnia 2012 r.</xText>
          
          <xText>Sąd Apelacyjny we Wrocławiu – Wydział I Cywilny w składzie:</xText>
          <xRows>
            <xCOLGROUPx>
              <xCOLx xWIDTHx="219"/>
              <xCOLx xWIDTHx="398"/>
            </xCOLGROUPx>
            <xRow>
              <xClmn xALIGNx="left" xVALIGNx="middle">
                <xText xALIGNx="right">Przewodniczący:</xText>
              </xClmn>
              <xClmn xALIGNx="left" xVALIGNx="middle">
                <xText>SSA Aleksandra Marszałek</xText>
              </xClmn>
            </xRow>
            <xRow>
              <xClmn xALIGNx="left" xVALIGNx="top">
                <xText xALIGNx="right">Sędziowie:</xText>
                
              </xClmn>
              <xClmn xALIGNx="left" xVALIGNx="middle">
                <xText>SSA Grażyna Matuszek</xText>
                <xText>SSA Iwona Biedroń (spr.)</xText>
              </xClmn>
            </xRow>
            <xRow>
              <xClmn xALIGNx="left" xVALIGNx="middle">
                <xText xALIGNx="right">Protokolant:</xText>
              </xClmn>
              <xClmn xALIGNx="left" xVALIGNx="middle">
                <xText>Katarzyna Stalewska</xText>
              </xClmn>
            </xRow>
          </xRows>
          
          <xText>po rozpoznaniu w dniu 19 grudnia 2012 r. we Wrocławiu na rozprawie</xText>
          <xText>sprawy z powództwa <xBx><xAnon>W. L.</xAnon></xBx></xText>
          <xText>przeciwko <xBx> Wojskowej Agencji Mieszkaniowej w </xBx><xAnon>W.</xAnon> zapłatę</xText>
          <xText>na skutek apelacji obu stron</xText>
          <xText>od wyroku Sądu Okręgowego w Legnicy</xText>
          <xText>z dnia 31 sierpnia 2012 r. sygn. akt VI GC 3/11</xText>
          
          <xUnit xIsTitle="false" xType="none">
            <xName xSffx=".">1</xName>
            <xText>
              <xBx>prostuje sentencję zaskarżonego wyroku w ten sposób, że w miejsce określenia strony pozwanej ”Skarb Państwa – Wojskowa Agencja Mieszkaniowa <xAnon> Oddział (...)</xAnon> we <xAnon>W.</xAnon>” wpisuje „Wojskowa Agencja Mieszkaniowa w <xAnon>W.</xAnon>”; </xBx>
            </xText>
          </xUnit>
          <xUnit xIsTitle="false" xType="none">
            <xName xSffx=".">2</xName>
            <xText>
              <xBx>oddala obie apelacje; </xBx>
            </xText>
          </xUnit>
          <xUnit xIsTitle="false" xType="none">
            <xName xSffx=".">3</xName>
            <xText>
              <xBx>znosi wzajemnie między stronami koszty postępowania apelacyjnego.  </xBx>
            </xText>
          </xUnit>
        </xUnit>
        <xUnit xIsTitle="true" xType="part" xBold="true">
          <xName>UZASADNIENIE</xName>
          <xText>Powód <xAnon>W. L.</xAnon> domagał się zasądzenia od strony pozwanej <xBRx/>Skarbu Państwa Wojskowej Agencji Mieszkaniowej <xAnon> Oddział (...)</xAnon><xBRx/>we <xAnon>W.</xAnon> kwoty 714.578,55 zł tytułem zwrotu nakładów poniesionych <xBRx/>na przedmiot najmu. Zaskarżonym wyrokiem Sąd Okręgowy w Legnicy zasądził <xBRx/>od strony pozwanej Skarbu Państwa Wojskowej Agencji Mieszkaniowej <xBRx/><xAnon> Oddział (...)</xAnon> we <xAnon>W.</xAnon> na rzecz powoda <xAnon>W. L.</xAnon> kwotę 295.000 zł z ustawowymi odsetkami od dnia 1 października 2010 r. oraz kosztami procesu w kwocie 16.632 zł, dalej idące powództwo oddalił oraz nakazał stronom <xBRx/>aby uiściły na rzecz Skarbu Państwa Sądu Okręgowego w Legnicy brakujące koszty wynagrodzenia biegłego wypłacone tymczasowo ze środków Skarbu Państwa.</xText>
          <xText>Istotne dla rozstrzygnięcia sprawy ustalenia faktyczne poczynione przez <xBRx/>Sąd Okręgowy przedstawiały się następująco:</xText>
          <xText>W dniu 23 czerwca 1998 r. (w uzasadnieniu Sąd Okręgowy omyłkowo wskazał rok 1009 r.) strony zawarły umowę, w oparciu o którą pozwana oddała powodowi <xBRx/>w najem Willę <xAnon>Z.</xAnon> wraz z budynkiem gospodarczym, zaś grunt w dzierżawę <xBRx/>w zamian za czynsz w wysokości 2.440 zł miesięcznie, na czas określony, <xBRx/>tj. od 1.07.1998 r. do 31.06.2013 r. Nieruchomość miała zostać zagospodarowana <xBRx/>i wyremontowana przez powoda na jego koszt, zgodnie z dokumentacją architektoniczną, w terminie 3 lat od podpisania umowy. Podstawą uznania prac miał być protokół odbioru. W przypadku korzystania z nieruchomości przez powoda przez okres 15 lat lub dłużej, wynajmujący nie był zobowiązany do zwrotu najemcy poniesionych nakładów na remont i adaptację obiektu. W przypadku wcześniejszego rozwiązania umowy strona pozwana zobowiązana była do zwrotu nakładów, przy zaktualizowaniu ich wartości zgodnie z cenami obowiązującymi w dniu rozwiązania umowy, pomniejszonymi o amortyzację.</xText>
          <xText>Powód w oparciu o dostarczony przez stronę pozwaną projekt <xBRx/>techniczny prowadził w obiekcie prace adaptacyjne i remontowe. <xBRx/>W dniu 2.04.1999 r. zgłosił w Urzędzie Miejskim rozpoczęcie prac budowlanych, uzyskał też zgodę Wojewódzkiego Oddziału Służby Ochrony Zabytków na naprawę dachu, elewacji, rynien i rur spustowych.</xText>
          <xText>W zakres wykonanych przez powoda na swój koszt prac adaptacyjnych, modernizacyjnych i remontowych wchodziły min. prace remontowe piwnic, częściowa renowacja stolarki okiennej i drzwiowej, przełożenie pokrycia dachowego i położenie częściowo nowej dachówki, budowa kominów, uzupełnienie rynien, kładzenie posadzek i glazury, budowanie ścianek działowych, malowanie ścian i sufitów, prace z zakresu naprawy tynków, wymiana kotła co, doprowadzenie czynnika grzewczego do pomieszczeń, doprowadzenie instalacji wodnej i kanalizacyjnej do nowo wykonanych pomieszczeń, częściowa jej wymiana, wykonanie instalacji elektrycznych, zamontowanie nowych urządzeń sanitarnych w łazienkach, prace przy naprawie elewacji i ogrodzenia, położenie wykładzin dywanowych na II piętrze, prace przy ociepleniu jednej ze ścian budynku.</xText>
          <xText>Strona pozwana na bieżąco kontrolowała wykonywanie prac remontowych przez powoda.</xText>
          <xText>Do połowy 2001 r. wykonano większość wyżej opisanych prac remontowych. W dniu 30.06.2001 r. dokonano odbioru prac remontowych wykonanych przez powoda. W odbiorze nie uczestniczyła strona pozwana. Sporządzono wykaz wykonanych prac.</xText>
          <xText>W dniu 6 marca 2002r. strony podpisały <xAnon>aneks nr (...)</xAnon> do umowy z dnia 6.03.2002r., w którym stwierdzono, że nieruchomość zostanie zagospodarowana <xBRx/>i wyremontowana przez firmę powoda na jego koszt i własnym staraniem, zgodnie <xBRx/>z wykazem prac stanowiącym załącznik nr 1 do aneksu (po uzyskaniu na to zgody wynajmującego), w terminie do dnia 28 czerwca 2003r. Podstawą uznania wykonanych prac miał być protokół ich odbioru sporządzony w obecności pracownika WAM. Pozwany był uprawniony do rozwiązania umowy najmu bez zachowania okresu wypowiedzenia min. w przypadku zwłoki przez najemcę w zapłacie czynszu <xBRx/>i pozostałych opłat przez okres dwóch miesięcy. Postanowiono, że w przypadku wcześniejszego rozwiązania umowy strona pozwana dokona zwrotu poniesionych nakładów na remont, które zostaną wykonane za jej zgodą przy czym wartość remontu zostanie ustalona na podstawie cen obowiązujących w dniu rozwiązania umowy, przy uwzględnieniu stopnia zużycia. W załączniku nr 1 do aneksu wskazano na prace polegające na: naprawie zniszczonego w czasie odśnieżania ogrodzenia wzdłuż <xAnon>ulicy (...)</xAnon>, naprawie dachu i obróbek blacharskich uszkodzonych w czasie zimy i remoncie łazienki na II piętrze.</xText>
          <xText>W dniu 31.10.2003 r. doszło do odbioru wykonanych w willi <xBRx/><xAnon>Z.</xAnon> prac remontowych, z udziałem przedstawicieli strony pozwanej. <xBRx/>W Notatce służbowej stwierdzono, że prace wynikające z załącznika do <xAnon>aneksu nr (...)</xAnon> do <xAnon>umowy nr (...)</xAnon> zostały przez najemcę wykonane. Po przeglądzie potwierdzono też wykonanie prac opisanych w wykazie załączonym do niniejszej notatki. Wykaz obejmował wszystkie prace opisane w wykazie z 30.06.2001 r. <xBRx/>oraz dodatkowe prace. Wykaz podpisali reprezentanci strony pozwanej.</xText>
          <xText>W piśmie z dnia 30.06.2005 r. strona pozwana potwierdziła fakt poniesienia przez powoda pewnych nakładów i wykonania prac remontowych i wezwała <xBRx/>go do przedłożenia dokumentacji obrazującej wykonanie prac zgodnie ze sztuką budowlaną i z przepisami prawa.</xText>
          <xText>W piśmie z dnia 21.06.2010r. strona pozwana złożyła powodowi oświadczenie o wypowiedzeniu umowy z winy najemcy, ze względu na zaległości czynszowe <xBRx/>w łącznej kwocie 8.555,50 zł.</xText>
          <xText>W dniu 22 września 2010r. strony podpisały protokół przejęcia- przekazania nieruchomości zabudowanej położonej przy <xAnon>ul. (...)</xAnon> w <xAnon>S.</xAnon>. <xBRx/> Nakłady poniesione przez powoda na nieruchomość zostały wykonane częściowo ze złej jakości materiałów, niedbale, niezgodnie ze sztuką <xBRx/>budowlaną co powodowało ich niszczenie i szybsze zużywanie się. <xBRx/>Część prac, takich jak ocieplenie ścian czy remont i renowacja podbitki na dachu nie została ukończona, co powodowało, że poniesione w tym celu nakłady pozostawały bez wartości. Na zużycie prac wpływała również ich wieloletnia eksploatacja przez najemcę i brak odpowiedniej konserwacji. Z powyższych względów, całkowitemu zużyciu na moment zwrotu obiektu uległy powłoki malarskie i tapety, wykładziny dywanowe i z tworzywa sztucznego, różne roboty zewnętrzne (w tym ogrodzenie). Instalacja elektryczna, jako zupełnie niesprawna, na moment zwrotu nie posiadała żadnej wartości (100% zużycia). Podobnie prace przy elewacji, wykonaniu instalacji odgromowej, budowie kominów nie podnosiły na moment zwrotu nieruchomości <xBRx/>w wartości obiektu, gdyż zostały wykonane wadliwie i uległy zużyciu. <xBRx/>Niektóre nakłady uległy dewastacji lub demontażowi, tak jak urządzenia sanitarne czy nakłady poczynione w piwnicy. Wadliwie położono posadzki, wykonano instalacje CO czy kotłownię. Powodowało to, że tynki i oblicowania wykonane przez powoda uległy 20% zużyciu, podłoża i posadzki 60% zużyciu, instalacja wodociągowa <xBRx/>z przyłączami i urządzeniami 60% zużyciu, podobnie jak kanalizacja i przyłącza <xBRx/>oraz instalacja centralnego ogrzewania. Istotnemu, 40% zużyciu uległy ścianki działowe wykonane z nietrwałego regipsu. W 80% zużyły się elementy ślusarsko <xBRx/>- malarskie. Biegła sądowa wartość nakładów poniesionych w budynku przez powoda, według stanu na dzień 22.09.2010r., przy uwzględnieniu stopnia zużycia tych nakładów, oszacowała na kwotę 295.000,00 zł, stwierdzając, że powód poniósł w budynku 18,94 % nakładów z uwzględnieniem ich zużycia.</xText>
          <xText>Przy takich ustaleniach faktycznych Sąd Okręgowy uznał, że roszczenie powoda zasługuje na uwzględnienie jedynie w części.</xText>
          <xText>Sąd Okręgowy wskazał, że strony w umowie najmu z dnia 23 czerwca 1998 r. odmiennie niż przewiduje to <xLexLink xArt="art. 676" xIsapId="WDU19640160093" xTitle="Ustawa z dnia 23 kwietnia 1964 r. - Kodeks cywilny" xAddress="Dz. U. z 1964 r. Nr 16, poz. 93">art. 676 k.c.</xLexLink>, ustaliły zasady zwrotu nakładów na rzecz najętą. Strona pozwana zobowiązała się do zwrotu nakładów na remont i adaptację w przypadku rozwiązania umowy przed upływem 15 lat od chwili zawarcia umowy najmu, potwierdzając swoje zobowiązanie także w zawartym do umowy aneksie.</xText>
          <xText>Sąd Okręgowy uznał, że powód mógł domagać się zwrotu poczynionych nakładów, skoro strona pozwana wypowiedziała umowę najmu przed upływem terminu 15 lat od chwili zawarcia umowy.</xText>
          <xText>Sąd Okręgowy wskazał, że powód wykonywał prace na podstawie projektu technicznego, dostarczonego mu przez pozwaną, większość prac została wykonana w terminie 3 lat od podpisania umowy najmu.</xText>
          <xText>W ocenie Sądu Okręgowego umowa łącząca strony nie przewidywała, <xBRx/>że protokół odbioru prac ma być sporządzony przy udziale pozwanej, z tego względu Sąd ten przyjął, że protokół odbioru z dnia 30.06.2001 r. (jednostronny) <xBRx/>był wystarczający aby powód mógł domagać się rozliczenia wymienionych <xBRx/>w nim nakładów. Sąd Okręgowy wskazał, że i tak doszło do protokolarnego odebrania prac wymienionych w jednostronnym protokole <xBRx/>z dnia 30.06.2001 r., co wynika jednoznacznie z treści protokołu sporządzonego <xBRx/>w dniu 31.10.2003 r. przy udziale przedstawicieli strony pozwanej. <xBRx/>Protokół ten obejmował zarówno prace wymienione w załączniku do aneksu <xBRx/>do umowy jak i prace wymienione w protokole z dnia 30.06.2001 r.</xText>
          <xText>Sąd Okręgowy przyjął, że wyliczenie zwrotu nakładów winno uwzględniać <xBRx/>czy poczynione nakłady zwiększają wartość lub użyteczność rzeczy, skoro <xBRx/>z umowy stron wynika, że zwrot nakładów miał uwzględniać amortyzację. <xBRx/>Z tego względu Sąd Okręgowy przyjął, że nie wysokość kosztów remontu poniesionych przez powoda lecz wartość jaką przedstawiają nakłady <xBRx/>przy uwzględnieniu stopnia ich zużycia stanowi podstawę do określenia <xBRx/>kwoty jaką z tego tytułu winna zwrócić powodowi strona pozwana. <xBRx/>Wartość nakładów została przyjęta przez Sąd Okręgowy w oparciu o opinię biegłej sądowej, którą poprzedziły oględziny i obmiary dokonane w trybie zabezpieczenia dowodu. Sąd Okręgowy uznał sposób wyliczenia wartości nakładów przez biegłą <xBRx/>za prawidłowy, podkreślając, że zarzuty stron okazały się bezzasadne w świetle ustnych wyjaśnień złożonych przez biegłą na rozprawie.</xText>
          <xText>Sąd Okręgowy nie uwzględnił zarzutu pozwanej, iż wykonane przez powoda prace stanowiły samowolę budowlaną, wskazując, że organ nadzoru budowlanego samowoli budowlanej nie stwierdził.</xText>
          <xText>Sąd Okręgowy wskazał, że podnosząc twierdzenia o pogorszeniu rzeczy <xBRx/>w chwili jej zwrotu, strona pozwana nie sformułowała z tego tytułu żadnego zarzutu który mogły być przedmiotem oceny Sądu.</xText>
          <xText>Sąd Okręgowy uwzględnił w części powództwo do kwoty 295.000 zł <xBRx/>z odsetkami od 1.10.2010 r. na podstawie <xLexLink xArt="art. 676" xIsapId="WDU19640160093" xTitle="Ustawa z dnia 23 kwietnia 1964 r. - Kodeks cywilny" xAddress="Dz. U. z 1964 r. Nr 16, poz. 93">art. 676 k.c.</xLexLink>, <xLexLink xArt="art. 694" xIsapId="WDU19640160093" xTitle="Ustawa z dnia 23 kwietnia 1964 r. - Kodeks cywilny" xAddress="Dz. U. z 1964 r. Nr 16, poz. 93">art. 694 k.c.</xLexLink>, <xLexLink xArt="art. 481" xIsapId="WDU19640160093" xTitle="Ustawa z dnia 23 kwietnia 1964 r. - Kodeks cywilny" xAddress="Dz. U. z 1964 r. Nr 16, poz. 93">art. 481 k.c.</xLexLink><xBRx/>i <xLexLink xArt="art. 455" xIsapId="WDU19640160093" xTitle="Ustawa z dnia 23 kwietnia 1964 r. - Kodeks cywilny" xAddress="Dz. U. z 1964 r. Nr 16, poz. 93">art. 455 k.c.</xLexLink> oraz postanowień umowy z dnia 23.06.1998 r. i aneksu do umowy, oddalając powództwo w pozostałej części.</xText>
          <xText>Orzeczenie o kosztach procesu Sąd Okręgowy wydał w oparciu <xBRx/>o <xLexLink xArt="art. 100" xIsapId="WDU19640430296" xTitle="Ustawa z dnia 17 listopada 1964 r. - Kodeks postępowania cywilnego" xAddress="Dz. U. z 1964 r. Nr 43, poz. 296">art. 100 k.p.c.</xLexLink> rozdzielając je stosunkowo, oraz w oparciu o <xLexLink xArt="art. 83;art. 83 ust. 2" xIsapId="WDU19640430296" xTitle="Ustawa z dnia 17 listopada 1964 r. - Kodeks postępowania cywilnego" xAddress="Dz. U. z 1964 r. Nr 43, poz. 296">art. 83 ust. 2</xLexLink> w zw. <xBRx/>z art. 113 ust. 1 u.k.s.c. w zakresie kosztów opinii biegłej.</xText>
          <xText>Powyższy wyrok zaskarżyły obie strony.</xText>
          <xText>Powód zaskarżył wyrok w części tj w pkt II, III i IV zarzucając naruszenie <xBRx/><xLexLink xArt="art. 676" xIsapId="WDU19640160093" xTitle="Ustawa z dnia 23 kwietnia 1964 r. - Kodeks cywilny" xAddress="Dz. U. z 1964 r. Nr 16, poz. 93">art. 676 k.c.</xLexLink> poprzez jego niewłaściwe zastosowanie i przyjęcie przez Sąd Okręgowy, że zasadny jest zwrot tylko części kwoty odpowiadającej podniesionym nakładom <xBRx/>na nieruchomość, naruszenie <xLexLink xArt="art. 227;art. 227 § 1" xIsapId="WDU19640430296" xTitle="Ustawa z dnia 17 listopada 1964 r. - Kodeks postępowania cywilnego" xAddress="Dz. U. z 1964 r. Nr 43, poz. 296">art. 227 § 1 k.p.c.</xLexLink> poprzez nieprzeprowadzenie dowodu z kolejnej opinii biegłego z zakresu budownictwa na okoliczność wysokości kosztów poniesionych przez powoda w zakresie nakładów ulepszających <xBRx/>na wynajętą nieruchomość, <xLexLink xArt="art. 233;art. 233 § 1" xIsapId="WDU19640430296" xTitle="Ustawa z dnia 17 listopada 1964 r. - Kodeks postępowania cywilnego" xAddress="Dz. U. z 1964 r. Nr 43, poz. 296">art. 233 § 1 k.p.c.</xLexLink> w zw. z <xLexLink xArt="art. 328;art. 328 § 2" xIsapId="WDU19640430296" xTitle="Ustawa z dnia 17 listopada 1964 r. - Kodeks postępowania cywilnego" xAddress="Dz. U. z 1964 r. Nr 43, poz. 296">art. 328 § 2 k.p.c.</xLexLink> poprzez przekroczenie przez Sąd Okręgowy granic swobodnej oceny dowodów i oparcie <xBRx/>się na opinii budzącej zasadnicze zastrzeżenia w przedmiocie kryteriów zgodności <xBRx/>z zasadami logiki, i wiedzy powszechnej, poziomu wiedzy biegłego, podstaw teoretycznych opinii, a także sposobu motywowania oraz stopnia stanowczości wyrażonych w niej wniosków, <xLexLink xArt="art. 217;art. 217 § 1" xIsapId="WDU19640430296" xTitle="Ustawa z dnia 17 listopada 1964 r. - Kodeks postępowania cywilnego" xAddress="Dz. U. z 1964 r. Nr 43, poz. 296">art. 217 § 1 k.p.c.</xLexLink> w zw. z <xLexLink xArt="art. 380" xIsapId="WDU19640430296" xTitle="Ustawa z dnia 17 listopada 1964 r. - Kodeks postępowania cywilnego" xAddress="Dz. U. z 1964 r. Nr 43, poz. 296">art. 380 k.p.c.</xLexLink> i <xLexLink xArt="art. 162" xIsapId="WDU19640430296" xTitle="Ustawa z dnia 17 listopada 1964 r. - Kodeks postępowania cywilnego" xAddress="Dz. U. z 1964 r. Nr 43, poz. 296">art. 162 k.p.c.</xLexLink> poprzez ich niezastosowanie i pominięcie wniosku powoda o dopuszczenie dowodu z kolejnej opinii biegłego z zakresu budownictwa w sytuacji, gdy sporządzona opinia budzi zasadnicze wątpliwości, a opinia uzupełniająca nie wyjaśniła zastrzeżeń powoda do opinii.</xText>
          <xText>W oparciu o powyższe zarzuty powód wniósł o zmianę zaskarżonego wyroku <xBRx/>i zasądzenie od pozwanego na rzecz powoda dalszej kwoty 244.924 zł <xBRx/>z ustawowymi odsetkami od dnia 1.10.2010 r. wraz z kosztami procesu <xBRx/>za obie instancje.</xText>
          <xText>Ponadto powód wniósł o dopuszczenie dowodu z kolejnej opinii biegłego <xBRx/>z zakresu budownictwa na okoliczność wartości nakładów poczynionych przez powoda na przedmiot najmu według wartości na dzień zwrotu budynku <xBRx/>przy uwzględnieniu stopnia zużycia tych nakładów.</xText>
          <xText>Strona pozwana zaskarżyła wyrok w części tj w zakresie pkt I, III i IV zarzucając naruszenie <xLexLink xArt="art. 38" xIsapId="WDU19640160093" xTitle="Ustawa z dnia 23 kwietnia 1964 r. - Kodeks cywilny" xAddress="Dz. U. z 1964 r. Nr 16, poz. 93">art. 38 k.c.</xLexLink> poprzez przyjęcie, że osoby podpisujące protokół <xBRx/>z dnia 31.10.2003 r. były uprawnione do złożenia oświadczenia woli w imieniu pozwanej, naruszenie <xLexLink xArt="art. 60" xIsapId="WDU19640160093" xTitle="Ustawa z dnia 23 kwietnia 1964 r. - Kodeks cywilny" xAddress="Dz. U. z 1964 r. Nr 16, poz. 93">art. 60 k.c.</xLexLink> poprzez przyjęcie, że pozwany wyraził zgodę <xBRx/>na dokonywanie przez powoda nakładów na nieruchomość poprzez skwitowanie robót budowlanych, naruszenie <xLexLink xArt="art. 65;art. 65 § 2" xIsapId="WDU19640160093" xTitle="Ustawa z dnia 23 kwietnia 1964 r. - Kodeks cywilny" xAddress="Dz. U. z 1964 r. Nr 16, poz. 93">art. 65 § 2 k.c.</xLexLink> poprzez niewłaściwe zastosowanie <xBRx/>i błędną wykładnię polegającą na przekroczeniu zasad wykładni, umowy najmu łączącej strony i przyjęciu, że sposób rozliczenia nakładów <xBRx/>na nieruchomość dotyczył wszystkich nakładów poniesionych przez powoda <xBRx/>w każdym czasie, bez konieczności uzyskania zgody pozwanej, jak również ze zapis ten dotyczył wszelkich kosztów poniesionych przez powoda – tj zarówno kosztów ulepszeń, napraw koniecznych jak i kosztów związanych z utrzymaniem przedmiotu najmu, naruszenie <xLexLink xArt="art. 662;art. 662 § 2" xIsapId="WDU19640160093" xTitle="Ustawa z dnia 23 kwietnia 1964 r. - Kodeks cywilny" xAddress="Dz. U. z 1964 r. Nr 16, poz. 93">art. 662 § 2 k.c.</xLexLink> poprzez jego niezastosowanie i przyjęcie, <xBRx/>że drobne nakłady poczynione przez najemcę winny zostać rozliczone jak nakłady ulepszające, naruszenie <xLexLink xArt="art. 663" xIsapId="WDU19640160093" xTitle="Ustawa z dnia 23 kwietnia 1964 r. - Kodeks cywilny" xAddress="Dz. U. z 1964 r. Nr 16, poz. 93">art. 663 k.c.</xLexLink> poprzez jego niezastosowanie i przyjęcie, <xBRx/>że nakłady konieczne powinny zostać rozliczone jak nakłady ulepszające, naruszenie <xLexLink xArt="art. 675;art. 675 § 1" xIsapId="WDU19640160093" xTitle="Ustawa z dnia 23 kwietnia 1964 r. - Kodeks cywilny" xAddress="Dz. U. z 1964 r. Nr 16, poz. 93">art. 675 § 1 k.c.</xLexLink> poprzez jego niezastosowanie i nieuwzględnienie faktu, <xBRx/>że nieruchomość nie została zwrócona w stanie niepogorszonym, naruszenie <xBRx/><xLexLink xArt="art. 5" xIsapId="WDU19640160093" xTitle="Ustawa z dnia 23 kwietnia 1964 r. - Kodeks cywilny" xAddress="Dz. U. z 1964 r. Nr 16, poz. 93">art. 5 k.c.</xLexLink> poprzez jego niezastosowanie podczas gdy umowa stron została rozwiązana z wyłącznej winy powoda i jego roszczenie związane z trwaniem umowy przez okres krótszy niż 15 lat w świetle <xLexLink xArt="art. 5" xIsapId="WDU19640160093" xTitle="Ustawa z dnia 23 kwietnia 1964 r. - Kodeks cywilny" xAddress="Dz. U. z 1964 r. Nr 16, poz. 93">art. 5 k.c.</xLexLink> nie zasługuje na uwzględnienie, naruszenie <xLexLink xArt="art. 233;art. 233 § 1" xIsapId="WDU19640430296" xTitle="Ustawa z dnia 17 listopada 1964 r. - Kodeks postępowania cywilnego" xAddress="Dz. U. z 1964 r. Nr 43, poz. 296">art. 233 § 1 k.p.c.</xLexLink> poprzez nierozważenie całokształtu zebranego materiału a także sprzeczność ustaleń z zebranym materiałem w zakresie okoliczności opisanych jako naruszenie prawa materialnego w tym w szczególności w zakresie charakteru poniesionych przez powoda nakładów jako koniecznych, użytecznych i bieżących. Pozwana podniosła również zarzut przedawnienia <xBRx/>w oparciu o <xLexLink xArt="art. 118" xIsapId="WDU19640160093" xTitle="Ustawa z dnia 23 kwietnia 1964 r. - Kodeks cywilny" xAddress="Dz. U. z 1964 r. Nr 16, poz. 93">art. 118 k.c.</xLexLink></xText>
          <xText>W oparciu o powyższe zarzuty pozwana wniosła o zmianę zaskarżonego wyroku w zaskarżonej części poprzez oddalenie powództwa i zasądzenie na rzecz pozwanej kosztów procesu za obie instancje ewentualnie uchylenie zaskarżonego wyroku w zaskarżonej części i przekazanie sprawy do ponownego rozpoznania Sądowi pierwszej instancji.</xText>
          <xText>W toku postępowania apelacyjnego strona pozwana złożyła wniosek <xBRx/>o odrzucenie pozwu z uwagi na brak legitymacji biernej.</xText>
          
          <xText>
            <xBx>Sąd Apelacyjny zważył, co następuje:</xBx>
          </xText>
          
          <xText>Apelacje obu stron nie zasługiwały na uwzględnienie.</xText>
          <xText>W pierwszej kolejności rozważenia wymaga kwestia oznaczenia strony pozwanej.</xText>
          <xText>Zgodnie z <xLexLink xArt="art. 8;art. 8 ust. 3" xIsapId="WDU19950860433" xTitle="Ustawa z dnia 22 czerwca 1995 r. o zakwaterowaniu Sił Zbrojnych Rzeczypospolitej Polskiej" xAddress="Dz. U. z 1995 r. Nr 86, poz. 433">art. 8 ust. 3 ustawy z dnia 22 czerwca 1995 r. o zakwaterowaniu <xBRx/>Sił Zbrojnych Rzeczypospolitej Polskiej</xLexLink> (jedn. tekst: Dz. U. z 2010 r. Nr 206, <xBRx/>poz. 1367 ze zm. - dalej: "u.z.S.Z.R.P.") Wojskowa Agencja Mieszkaniowa jest osobą prawną a nie jednostką organizacyjną Skarbu Państwa. Jako osoba prawna Wojskowa Agencja Mieszkaniowa ma zdolność prawną, zdolność do czynności prawnych oraz zdolność sądową i procesową. Tym samym uznać trzeba, że stroną postępowania jest w niniejszej sprawie Wojskowa Agencja Mieszkaniowa <xBRx/>a nie Skarb Państwa przez tę Agencję reprezentowany.</xText>
          <xText>W toku postępowania przed Sądem pierwszej instancji strona pozwana <xBRx/>była oznaczona jako Skarb Państwa – Wojskowa Agencja Mieszkaniowa. Pełnomocnictwo dla pełnomocników procesowych zostało udzielone do działania <xBRx/>w imieniu i na rzecz Skarbu Państwa. W toku postępowania apelacyjnego pełnomocnik procesowy złożył pełnomocnictwo udzielne przez <xBRx/>Dyrektora Oddziału Regionalnego Wojskowej Agencji Mieszkaniowej (k.928), działającego w oparciu o pełnomocnictwo Prezesa Wojskowej Agencji Mieszkaniowej (k.929), do działania w imieniu i na rzecz Wojskowej Agencji Mieszkaniowej. <xBRx/>Ponadto Dyrektor Oddziału Regionalnego Wojskowej Agencji Mieszkaniowej zatwierdził wszystkie czynności dokonane w sprawie przez działających pełnomocników procesowych.</xText>
          
          <xText>Sąd Apelacyjny podziela pogląd wyrażony w wyroku Sądu Najwyższego <xBRx/>z dnia 4 kwietnia 2012 r. (sygn. akt I CSK 8/12), w sprawie o analogicznym stanie faktycznym, o dopuszczalności w takiej sytuacji sprostowania oznaczenia strony <xBRx/>w oparciu o <xLexLink xArt="art. 350" xIsapId="WDU19640430296" xTitle="Ustawa z dnia 17 listopada 1964 r. - Kodeks postępowania cywilnego" xAddress="Dz. U. z 1964 r. Nr 43, poz. 296">art. 350 k.p.c.</xLexLink></xText>
          <xText>Nie ma przy tym znaczenia, że Sąd Okręgowy jedynie powielił błędne określenie strony pozwanej podane przez powoda, skoro w toku całego postępowania jasnym było, że powód swoje roszczenia kieruje wobec Wojskowej Agencji Mieszkaniowej, z którą łączyła go umowa najmu. Błędne określenie przez powoda Agencji jako <xIx>stationes fisci</xIx> w rozumieniu <xLexLink xArt="art. 67;art. 67 § 2" xIsapId="WDU19640430296" xTitle="Ustawa z dnia 17 listopada 1964 r. - Kodeks postępowania cywilnego" xAddress="Dz. U. z 1964 r. Nr 43, poz. 296">art. 67 § 2 k.p.c.</xLexLink> nie może zmienić oceny, że swoje roszczenia powód kierował wobec Agencji jako wynajmującego, odwołując się do postanowień umowy najmu łączącej strony. <xBRx/>W ocenie Sądu Apelacyjnego w sytuacji, gdy w toku całego postępowania przed Sądem Okręgowym kwestia ta nie była sporna, Wojskowa Agencja Mieszkaniowa podjęła obronę (odwołując się do własnych czynności prawnych) a co więcej <xBRx/>w toku postępowania apelacyjnego Agencja udzieliła prawidłowego pełnomocnictwa procesowego i zatwierdziła wszystkie czynności pełnomocników procesowych dokonane w toku dotychczasowego postępowania, zasadnym było uznanie, <xBRx/>że pozwaną w sprawie była w istocie Wojskowa Agencja Mieszkaniowa, błędnie oznaczona jako <xIx>stationes fisci</xIx>, co pozwalało na dokonanie sprostowania oznaczenia strony pozwanej przez Sąd Apelacyjny.</xText>
          <xText>Przechodząc do oceny zarzutów apelacyjnych na wstępie rozważyć należy zarzut strony pozwanej, która domagała się odrzucenia pozwu z uwagi na brak legitymacji biernej.</xText>
          <xText>Zarzut ten jest bezzasadny. Przesłanki odrzucenia pozwu wymienia <xBRx/><xLexLink xArt="art. 199" xIsapId="WDU19640430296" xTitle="Ustawa z dnia 17 listopada 1964 r. - Kodeks postępowania cywilnego" xAddress="Dz. U. z 1964 r. Nr 43, poz. 296">art. 199 k.p.c.</xLexLink> Zaliczyć do nich trzeba także brak jurysdykcji krajowej <xBRx/>(<xLexLink xArt="art. 1099;art. 1105" xIsapId="WDU19640430296" xTitle="Ustawa z dnia 17 listopada 1964 r. - Kodeks postępowania cywilnego" xAddress="Dz. U. z 1964 r. Nr 43, poz. 296">art. 1099 i 1105 k.p.c.</xLexLink>) oraz niezłożenie przez powoda-cudzoziemca kaucji <xBRx/>na zabezpieczenie kosztów procesu, tzw. kaucji aktorycznej (<xLexLink xArt="art. 1124;art. 1124 § 3" xIsapId="WDU19640430296" xTitle="Ustawa z dnia 17 listopada 1964 r. - Kodeks postępowania cywilnego" xAddress="Dz. U. z 1964 r. Nr 43, poz. 296">art. 1124 § 3 k.p.c.</xLexLink>).</xText>
          <xText>Legitymacja procesowa (bierna lub czynna) należy do przesłanek materialnych (merytorycznych), przez które należy rozumieć okoliczności stanowiące w świetle norm prawa materialnego warunki poszukiwania ochrony prawnej <xBRx/>na drodze sądowej. Skoro legitymacja procesowa jest przesłanką merytoryczną, <xBRx/>o której istnieniu przesądzają przepisy prawa materialnego, mające zastosowanie <xBRx/>w konkretnym stanie faktycznym, nie zaś przepisy procesowe, jej brak nie prowadzi do odrzucenia pozwu lecz do oddalenia powództwa.</xText>
          <xText>Gdyby rozważać zarzut strony pozwanej jako zarzut braku legitymacji biernej mający prowadzić do oddalenia powództwa, to zauważyć trzeba, że treść umowy najmu a w szczególności zapisy § 1 pkt 3 umowy „Wojskowa Agencja Mieszkaniowa oddaje w najem….” jednoznacznie wskazuje, że choć właścicielem nieruchomości jest Skarb Państwa to stroną umowy najmu była Wojskowa Agencja Mieszkaniowa <xBRx/>a zatem roszczenia mające podstawę w umowie najmu winny być kierowane właśnie do Agencji jako pozwanej, co przesądza legitymację bierną pozwanej w niniejszej sprawie. Dodać trzeba, że Agencja jest odrębnym od Skarbu Państwa podmiotem prawa, któremu powołana wyżej ustawa przyznała osobowość prawną (<xLexLink xArt="art. 33" xIsapId="WDU19640160093" xTitle="Ustawa z dnia 23 kwietnia 1964 r. - Kodeks cywilny" xAddress="Dz. U. z 1964 r. Nr 16, poz. 93">art. 33 k.c.</xLexLink>) <xBRx/>i już chociażby z tego względu nie można jej przypisać statusu <xIx>stationes fisci</xIx><xBRx/>w rozumieniu <xLexLink xArt="art. 67;art. 67 § 2" xIsapId="WDU19640430296" xTitle="Ustawa z dnia 17 listopada 1964 r. - Kodeks postępowania cywilnego" xAddress="Dz. U. z 1964 r. Nr 43, poz. 296">art. 67 § 2 k.p.c.</xLexLink> Agencja wyposażona została w samodzielność gospodarczą (<xLexLink xArt="art. 19" xIsapId="WDU19640430296" xTitle="Ustawa z dnia 17 listopada 1964 r. - Kodeks postępowania cywilnego" xAddress="Dz. U. z 1964 r. Nr 43, poz. 296">art. 19</xLexLink> u.z.S.Z.R.P, realizuje zadania własne, do których należy przede wszystkim gospodarowanie powierzonym jej mieniem Skarbu Państwa i występuje na zewnątrz z mocy <xLexLink xArt="art. 15;art. 15 ust. 1" xIsapId="WDU19640430296" xTitle="Ustawa z dnia 17 listopada 1964 r. - Kodeks postępowania cywilnego" xAddress="Dz. U. z 1964 r. Nr 43, poz. 296">art. 15 ust. 1</xLexLink> u.z.S.Z.R.P jako dysponent określonego prawa, <xBRx/>z tego względu uznać należy, że Wojskowa Agencja Mieszkaniowa posiada legitymację bierną w niniejszej sprawie (tak też Sąd Najwyższy w wyroku <xBRx/>z dnia 13.01.2010 r., sygn. akt II CSK 323/09)</xText>
          <xText>Następnie rozważyć należało podniesione w obu apelacjach zarzuty naruszenia prawa procesowego, których konsekwencją miały być w ocenie skarżących błędne lub niepełne ustalenia faktyczne Sądu Okręgowego, gdyż jedynie w prawidłowo ustalonym stanie faktycznym możliwa jest ocena poprawności zastosowania prawa materialnego.</xText>
          <xText>Zarzuty apelacji powoda polegają na próbie podważenia sporządzonej <xBRx/>w sprawie opinii biegłej i w konsekwencji na domaganiu się dopuszczenia dowodu <xBRx/>z opinii innego biegłego, którego to wniosku Sąd Okręgowy nie uwzględnił.</xText>
          <xText>Potrzeba przeprowadzenia dowodu z opinii biegłego dla oszacowania <xBRx/>wartości nakładów na przedmiot najmu nie budziła żadnych wątpliwości, <xBRx/>gdyż ocena tej okoliczności niewątpliwie wymagała wiadomości specjalnych. <xBRx/>Przeprowadzony dowód w postaci sporządzonej przez biegłą opinii został właściwe oceniony przez Sąd Okręgowy, który zasadnie przyjął, że opinia biegłej w sposób rzetelny i wyczerpujący określa wartość nakładów podlegających zwrotowi przez wynajmującego.</xText>
          <xText>Powód w apelacji powiela zarzuty jakie do opinii zgłosił w piśmie procesowym z dnia 31.05.2012 r., co do których biegła ustosunkowała się w opinii ustnej uzupełniającej na rozprawie w dniu17.08.2012 r. (e-protokół, k. 866), <xBRx/>a Sąd Okręgowy uznał, że stanowisko biegłej w sposób wyczerpujący i przekonujący zastrzeżenia te wyjaśnia. Ponowne zgłoszenie w postępowaniu apelacyjnym <xBRx/>tych samych zarzutów jakie strona podniosła przed Sądem Okręgowym nie może być uznane za wystarczające do podważenia stanowiska Sądu Okręgowego, który uznał opinię za prawidłową. Strona chcąc skutecznie stanowisko Sądu Okręgowego zakwestionować winna zatem nie tyle powielić te same zarzuty które <xBRx/>już były przedmiotem ustosunkowania się biegłego i oceny Sądu Okręgowego, <xBRx/>co w sposób wyraźny wskazać dlaczego uważa, że biegła ustosunkowując <xBRx/>się do zarzutów powoda do opinii, w sposób logiczny i zgodny z powszechnymi zasadami wiedzy zarzutów tych nie wyjaśniła. Ograniczenie się przez powoda <xBRx/>do „przeskanowania” w apelacji treści pisma procesowego z dnia 31.05.2012 r., które było już przedmiotem oceny biegłej i Sądu Okręgowego, pozwala <xBRx/>na stwierdzenie, że zarzuty powoda stanowią jedynie polemikę ze stanowiskiem Sądu Okręgowego, która nie może odnieść zamierzonego skutku. <xBRx/>Powtarzanie tych samych zarzutów, zamiast zgłoszenia zarzutów do opinii uzupełniającej złożonej przez biegłą na rozprawie, w żadnym razie nie jest wystarczające do podważenia tez opinii uzupełniającej, w której biegła w sposób wyczerpujący i szczegółowy odniosła się do każdego podniesionego przez powoda zarzutu.</xText>
          <xText>I tak zasadniczy zarzut powoda do opinii bieglej, polegający na przyjęciu stopnia zużycia nakładów odbiegającego od norm przewidzianych w instrukcji <xAnon> (...)</xAnon> biegła trafnie wyjaśniła wskazując, że stopień zużycia nakładów opierała na ustalonym - w opinii sporządzonej w trybie zabezpieczenia dowodu <xBRx/>- stanie nieruchomości, a nie na normach szacunkowych przewidzianych <xBRx/>we wskazanej instrukcji. Biegła w trakcie ustnych wyjaśnień na rozprawie szczegółowo uzasadniała przyczyny dla których przyjęła znaczny stopień zużycia nakładów, wskazując, że prace budowlane były źle wykonane, a użyte materiały były złej jakości. W odniesieniu do wielu prac wykonanych przez powoda stopień zużycia wynosił 100 % - np. instalacja elektryczna. Nieuznanie wielu prac wykonanych <xBRx/>przez powoda spowodowane było przyjęciem przez biegłą, że prace <xBRx/>wykonane były wadliwie bądź tym, że powód nie wykazał aby prace faktycznie zostały wykonane co dotyczy np. użycia rusztowań przy remoncie dachu, wykonania gąsiorów. Część zarzutów powoda, dotycząca nieuznania prac, stoi w oczywistej sprzeczności z treścią opinii np. koszty wymiany krokwi zostały w opinii uwzględnione. Powód podniósł też zarzuty błędów rachunkowych opinii, do czego <xBRx/>w opinii uzupełniającej biegła przekonująco się odniosła. Biegła wskazała, że brak było podstaw do zastosowania innego niż przyjęty w opinii wzoru obliczania nakładów, czy też do stosowania narzutów wskazanych przez powoda. Ponoszone ponownie przez powoda zarzuty związane z zestawieniem ujętym w tabeli nr 4 <xBRx/>do opinii, świadczą o niezrozumieniu opinii biegłej – przyjęte przez biegłą proporcje wykonanych robót odnoszą się do całości wykonanych prac a nie do ich poszczególnych elementów, np. udział dachu 23% nie odnosi się do prac polegających na naprawie dachu. lecz do kosztów wszystkich prac wykonanych przez powoda. Było to na tyle jasno wytłumaczone przez biegłą, że ponowne podnoszenie w postępowaniu apelacyjnym tych samych zarzutów ocenić trzeba jako nieporozumienie.</xText>
          <xText>Reasumując przyjąć należy, że dokonując oceny dowodu z opinii biegłej <xBRx/>Sąd Okręgowy nie naruszył reguł przewidzianych w <xLexLink xArt="art. 233;art. 233 § 1" xIsapId="WDU19640430296" xTitle="Ustawa z dnia 17 listopada 1964 r. - Kodeks postępowania cywilnego" xAddress="Dz. U. z 1964 r. Nr 43, poz. 296">art. 233 § 1 k.p.c.</xLexLink><xBRx/>Zauważyć przy tym trzeba, że z uwagi na specyfikę dowodu z opinii biegłego, ocena tego dowodu jest o tyle ograniczona, ze nie może wkraczać w zakres wymagający wiedzy specjalnej. Opinia biegłego podlega ocenie według kryteriów zgodności <xBRx/>z zasadami logiki i wiedzy powszechnej, poziomu wiedzy biegłego, podstaw teoretycznych opinii a także sposobu motywowania oraz stopnia stanowczości wyrażonych w opinii wniosków. Stosując powyższe kryteria nie sposób podważyć stanowiska Sądu Okręgowego, który uznał opinię biegłej za rzetelnie i właściwie wyjaśniającą okoliczności na jakie dowód ten był powołany, a powołane przez powoda ponownie te same argumenty w sposób przekonujący tego stanowiska <xBRx/>nie podważają.</xText>
          <xText>W kontekście powyższego, nie podlegał uwzględnieniu wniosek powoda <xBRx/>o dopuszczenie dowodu z opinii innego biegłego, jak też wiążący <xBRx/>się z powyższym wnioskiem zarzut naruszenia <xLexLink xArt="art. 217;art. 217 § 1" xIsapId="WDU19640430296" xTitle="Ustawa z dnia 17 listopada 1964 r. - Kodeks postępowania cywilnego" xAddress="Dz. U. z 1964 r. Nr 43, poz. 296">art. 217 § 1 k.p.c.</xLexLink> w zw. <xBRx/>z <xLexLink xArt="art. 380" xIsapId="WDU19640430296" xTitle="Ustawa z dnia 17 listopada 1964 r. - Kodeks postępowania cywilnego" xAddress="Dz. U. z 1964 r. Nr 43, poz. 296">art. 380 k.p.c.</xLexLink> i <xLexLink xArt="art. 162" xIsapId="WDU19640430296" xTitle="Ustawa z dnia 17 listopada 1964 r. - Kodeks postępowania cywilnego" xAddress="Dz. U. z 1964 r. Nr 43, poz. 296">art. 162 k.p.c.</xLexLink> oraz <xLexLink xArt="art. 227" xIsapId="WDU19640430296" xTitle="Ustawa z dnia 17 listopada 1964 r. - Kodeks postępowania cywilnego" xAddress="Dz. U. z 1964 r. Nr 43, poz. 296">art. 227 k.p.c.</xLexLink> Sąd ma obowiązek dopuszczenia dowodu z innej opinii gdy zachodzi taka potrzeba (<xLexLink xArt="art. 286" xIsapId="WDU19640430296" xTitle="Ustawa z dnia 17 listopada 1964 r. - Kodeks postępowania cywilnego" xAddress="Dz. U. z 1964 r. Nr 43, poz. 296">art. 286 k.p.c.</xLexLink>), a wiec gdy opinia którą dysponuje zawiera istotne luki, nie odpowiada na postawione pytania jest niejasna czy nieweryfikowalna tj gdy przedstawione tezy opinii nie pozwalają <xBRx/>na kontrolę toku rozumowania, który doprowadził do wniosków końcowych <xBRx/>(zob. postanowienie Sadu Najwyższego z dnia 19.08.2009 r., III CSK 7/09). <xBRx/>W żadnym razie nie można przyjąć, aby treść <xLexLink xArt="art. 217;art. 217 § 1" xIsapId="WDU19640430296" xTitle="Ustawa z dnia 17 listopada 1964 r. - Kodeks postępowania cywilnego" xAddress="Dz. U. z 1964 r. Nr 43, poz. 296">art. 217 § 1 k.p.c.</xLexLink> zobowiązywała <xBRx/>sąd do dopuszczenia dowodu z opinii innego biegłego, wtedy gdy opinia jest niekorzystna dla strony wnoszącej o to lub gdy strona nie uznaje argumentacji biegłego. W świetle powyższych uwag, wniosek powoda o dopuszczenie dowodu <xBRx/>z opinii innego biegłego nie zasługiwał na uwzględnienie, gdyż zarzuty powoda <xBRx/>do opinii stanowiły powielenie zarzutów podniesionych w postępowaniu przed <xBRx/>Sądem Okręgowym, do zarzutów tych biegła się odniosła w sposób przekonujący <xBRx/>w opinii ustnej, a w apelacji powód skutecznie opinii uzupełniającej nie podważył.</xText>
          <xText>Z kolei strona pozwana kwestionowała ustalenia faktyczne w sprawie wskazując, że w opinii biegłej jako nakłady podlegające rozliczeniu ujęto także nakłady bieżące obciążające najemcę oraz nakłady konieczne. Jeżeli chodzi <xBRx/>o nakłady bieżące obciążające najemcę, to zauważyć trzeba, że w apelacji strona pozwana nawet nie wskazywała jakie konkretnie nakłady tego rodzaju zostały uwzględnione przez biegłą w sporządzonej opinii. Wbrew ogólnikowym twierdzeniom pozwanej, biegła takich nakładów nie uwzględniła o czym przekonuje zawarta <xBRx/>w opinii pisemnej tabela nr 5 (k. 709) oraz ustna opinia uzupełniająca biegłej. <xBRx/>I tak nakłady polegające na malowaniu ścian nie zostały uwzględnione <xBRx/>w ostatecznym rozliczeniu z uwagi na ich całkowite zużycie, zatem nie wpłynęły <xBRx/>na wysokość uwzględnionego przez Sąd Okręgowy roszczenia. <xBRx/>Biegła stanowczo wykluczyła aby pozostałe, uwzględnione nakłady miały charakter napraw bieżących.</xText>
          <xText>Podkreślić też trzeba, że umowa najmu przewidywała jednakowy sposób rozliczenia nakładów ulepszających przedmiot najmu i nakładów koniecznych <xBRx/>(o czym będzie mowa w dalszej części uzasadnienia), z tego względu odrębne kwalifikowanie nakładów poniesionych przez powoda na nakłady konieczne <xBRx/>i ulepszenia nie było konieczne dla rozstrzygnięcia niniejszej sprawy.</xText>
          <xText>Wobec powyższych uwag, uznać należało, że dokonane przez Sąd Okręgowy ustalenia faktyczne są zgodne z materiałem sprawy i opierają się na prawidłowej ocenie dowodów przy dokonywaniu której Sąd Okręgowy nie naruszył reguł przewidzianych w <xLexLink xArt="art. 233;art. 233 § 1" xIsapId="WDU19640430296" xTitle="Ustawa z dnia 17 listopada 1964 r. - Kodeks postępowania cywilnego" xAddress="Dz. U. z 1964 r. Nr 43, poz. 296">art. 233 § 1 k.p.c.</xLexLink> Z tego względu Sąd Apelacyjny przyjął <xBRx/>je za podstawę swojego rozstrzygnięcia.</xText>
          <xText>Przechodząc do oceny zarzutów naruszenia prawa materialnego w pierwszej kolejności rozważyć należy jako zarzuty dalej idące zarzuty podniesione w apelacji strony pozwanej.</xText>
          <xText>Strona pozwana podnosząc zarzut naruszenia <xLexLink xArt="art. 65;art. 65 § 2" xIsapId="WDU19640160093" xTitle="Ustawa z dnia 23 kwietnia 1964 r. - Kodeks cywilny" xAddress="Dz. U. z 1964 r. Nr 16, poz. 93">art. 65 § 2 k.c.</xLexLink> wskazała <xBRx/>na błędną wykładnię umowy stron, dokonaną przez Sąd Okręgowy. <xBRx/>Zarzutu tego nie można podzielić. Prawidłowa wykładnia umowy powinna – zgodnie z <xLexLink xArt="art. 65;art. 65 § 2" xIsapId="WDU19640160093" xTitle="Ustawa z dnia 23 kwietnia 1964 r. - Kodeks cywilny" xAddress="Dz. U. z 1964 r. Nr 16, poz. 93">art. 65 § 2 k.c.</xLexLink> uwzględniać w pierwszym rzędzie badanie zgodnego zamiaru stron <xBRx/>i celu umowy. Nie może też pomijać tekstu umowy, którego sens należy ustalać <xBRx/>za pomocą językowych reguł znaczeniowych. Należy przy tym brać pod uwagę <xBRx/>nie tylko kontrowersyjny fragment tekstu, lecz także inne postanowienia umowy <xBRx/>i uwzględniać związki treściowe pomiędzy poszczególnymi postanowieniami <xBRx/>a zarazem pozatekstowe okoliczności np. rokowania poprzedzające <xBRx/>zawarcie umowy, zgodne rozumienie jej postanowień i ich wykonywanie <xBRx/>(zob. też wyrok Sądu Najwyższego z dnia 25 marca 2011 r., IV CSK 377/10).</xText>
          <xText>Wbrew stanowisku pozwanej umowa, przed zmianą dokonaną aneksem, <xBRx/>nie przewidywała aby na wykonanie prac remontowych nieruchomości powód miał uzyskiwać odrębną zgodę wynajmującego. Pozwana ogólną zgodę na wykonywanie przez powoda prac remontowych wyraziła w § 5 pkt 1 umowy najmu, przekazała <xBRx/>też powodowi dokumentację techniczną według której parce remontowe były przez powoda wykonywane. Trafnie więc, wobec nie budzącej wątpliwości treści umowy uznał Sąd Okręgowy, że powód do czasu podpisania aneksu do umowy nie musiał uzyskiwać odrębnej zgody strony pozwanej na wykonanie poszczególnych prac remontowych. Także wprowadzona aneksem zmiana pkt 1 § 5 umowy wskazuje, <xBRx/>że do wejścia w życie aneksu strony nie przewidywały potrzeby uzyskiwania odrębnej zgody - gdyby było inaczej sporządzanie aneksu byłoby zbędne. <xBRx/>Jak wynika z ustaleń faktycznych na prace wykonane już po podpisaniu aneksu powód zgodę uzyskał, o czym świadczy załącznik nr 1 do aneksu czy pismo <xBRx/>z dnia 30.09.2005 r.</xText>
          <xText>Zgodnie z § 5 pkt 1 umowy najmu (w jej pierwotnym brzmieniu) podstawą uznania wykonanych prac remontowych miał być protokół odbioru. <xBRx/>Sformułowanie „protokół odbioru” jakiego użyto w umowie jest niejednoznaczne, może bowiem chodzić o protokół odbioru jaki z reguły sporządza się przy robotach budowlanych pomiędzy inwestorem a wykonawcą robót (czyli w realiach niniejszej sprawy bez udziału wynajmującego) bądź o protokół sporządzony z udziałem pozwanej jako wynajmującego. Sąd Okręgowy przyjął, że umowa nie przewidywała aby protokół miał być sporządzony z udziałem przedstawicieli pozwanej, kierując <xBRx/>się - jak należy przypuszczać - tym, że dopiero w aneksie do umowy wprowadzono zapis, że protokół ma być sporządzony przy udziale przedstawicieli pozwanej. Niezależnie od tego jakie znaczenie należy przypisać zapisom pkt 1 § 5 umowy najmu (w jej pierwotnym brzmieniu), podkreślić trzeba, że protokół z udziałem przedstawicieli pozwanej obejmujący także wszystkie prace ujęte w jednostronnym protokole z dnia 30.06.2001 r. został sporządzony w dniu 31.10.2003 r.</xText>
          <xText>Niezasadny jest zarzut pozwanej, dotyczący naruszenia <xLexLink xArt="art. 38" xIsapId="WDU19640160093" xTitle="Ustawa z dnia 23 kwietnia 1964 r. - Kodeks cywilny" xAddress="Dz. U. z 1964 r. Nr 16, poz. 93">art. 38 k.c.</xLexLink> poprzez uznanie, przez Sąd Okręgowy, że osoby biorące z ramienia pozwanej udział <xBRx/>w sporządzeniu protokołu z dnia 31.10.2003 r. były upoważnione do składania oświadczeń woli. Sąd Okręgowy nie przyjął wszakże protokół z dnia 31.10.2003 r. zawiera oświadczenia woli. Protokół ten dokumentował w sposób przewidziany umową pewien stan faktyczny, a mianowicie zakres robót wykonanych przez powoda. W żadnym razie Sąd Okręgowy nie przyjął, aby w protokole składane były oświadczenia woli co czyni zarzut naruszenia <xLexLink xArt="art. 38" xIsapId="WDU19640160093" xTitle="Ustawa z dnia 23 kwietnia 1964 r. - Kodeks cywilny" xAddress="Dz. U. z 1964 r. Nr 16, poz. 93">art. 38 k.c.</xLexLink> bezzasadnym. <xBRx/>Okoliczność, że sporządzenie protokołu zgodnie z zapisami umowy stanowiło podstawę rozliczenia między stronami prac ujętych w protokole nie oznacza, <xBRx/>że osoby podpisujące protokół składały oświadczenie woli. <xBRx/>Powoływanie w tym kontekście przez stronę pozwaną zarzutu naruszenia <xBRx/><xLexLink xArt="art. 60" xIsapId="WDU19640160093" xTitle="Ustawa z dnia 23 kwietnia 1964 r. - Kodeks cywilny" xAddress="Dz. U. z 1964 r. Nr 16, poz. 93">art. 60 k.c.</xLexLink> także nie może odnieść zamierzonego skutku, skoro jak już wyżej wskazano protokół oświadczeń woli nie zawierał.</xText>
          <xText>Obecnie strona pozwana twierdzi, że prace wykonywane przez powoda przed zawarciem <xAnon>aneksu nr (...)</xAnon> były wykonywane samowolnie, bez jej zgody. <xBRx/>Jak już wyżej wskazano, umowa (w jej pierwotnym brzmieniu) takiego wymogu <xBRx/>nie przewidywała, zawierając ogólną zgodę na wykonywanie prac budowlanych <xBRx/>i odsyłając do protokołu odbioru prac jako podstawy do ich rozliczenia. <xBRx/>Skarżąca pomija także zeznania świadków <xAnon>M.</xAnon> i <xAnon>C.</xAnon>, którzy zeznali, że pozwana na bieżąco kontrolowała wykonywanie prac remontowych przez powoda, pomija też fakt przekazania powodowi dokumentacji technicznej <xBRx/>w oparciu o którą prace były prowadzone a nawet treść własnych pism <xBRx/>kierowanych do powoda (pismo pozwanej z dnia 30.06.2005 r. k. 242). <xBRx/>Co więcej, z zeznań słuchanego w charakterze strony pozwanej <xAnon>L. G.</xAnon> (k. 675) wynika, że odbiór robót w 2003 r. był przez niego zainicjowany, tym samym osoby biorące udział w odbiorze niewątpliwie były umocowane do dokonania <xBRx/>tej czynności. Jednocześnie wskazać należy, że kwestionowanie przez pozwaną protokołu z 2003 r. jako dokumentu z którego nie wynika ani jakość robót <xBRx/>ani ich obmiar, jest bezprzedmiotowe w sytuacji, gdy szczegółowy zakres prac wykonanych przez powoda został ustalony w drodze opinii biegłej sporządzonej <xBRx/>w trybie zabezpieczenia dowodu, przy czym biegła uwzględniała tylko te prace, które były wskazane w protokole z 2003 r.</xText>
          <xText>W świetle wyżej wskazanych dowodów uznać należało iż zarzut, wykonywania przez powoda prac remontowych „samowolnie” oraz zarzut niewykazania zakresu wykonanych przez powoda prac, nie ma oparcia w materiale sprawy.</xText>
          <xText>Nie można też podzielić zarzutów pozwanej, iż powód winien dokonać kwalifikacji wykonanych robót jako nakładów użytecznych, koniecznych <xBRx/>czy też bieżących, obciążających najemcę. Jedynie w przypadku gdyby umowa stron nie zawierała postanowień odmiennych od regulacji kodeksowych uzasadnione byłoby dokonywanie kwalifikacji nakładów w sposób wskazany przez pozwaną. Umowa najmu łącząca strony przewidując sposób rozliczenia nakładów nie dokonywała rozróżnienia sposobu rozliczenia nakładów koniecznych i użytecznych. <xBRx/>Warunkiem rozliczenia nakładów było sporządzenie protokołu odbioru wykonanych prac, niezależnie od tego czy chodziło o nakłady konieczne czy użyteczne. <xBRx/>Z tego względu dokonywanie kwalifikacji nakładów na konieczne i użyteczne, <xBRx/>w warunkach niniejszej sprawy było bezprzedmiotowe, a zarzut naruszenia <xBRx/><xLexLink xArt="art. 663" xIsapId="WDU19640160093" xTitle="Ustawa z dnia 23 kwietnia 1964 r. - Kodeks cywilny" xAddress="Dz. U. z 1964 r. Nr 16, poz. 93">art. 663 k.c.</xLexLink> bezzasadny. Jeżeli natomiast chodzi o nakłady bieżące, obciążające najemcę, to takie nakłady nie zostały uwzględnione przez biegłą w jej opinii, gdyż <xBRx/>w odniesieniu do prac, które podlegały zakwalifikowaniu w ten sposób biegła przyjęła 100 % stopień zużycia, a zatem koszt ich wykonania nie wpłynął na wysokość kwoty jaką pozwana zobowiązana jest zwrócić powodowi. Tym samym zarzut naruszenia <xLexLink xArt="art. 662;art. 662 § 2" xIsapId="WDU19640160093" xTitle="Ustawa z dnia 23 kwietnia 1964 r. - Kodeks cywilny" xAddress="Dz. U. z 1964 r. Nr 16, poz. 93">art. 662 § 2 k.c.</xLexLink> nie mógł zostać uwzględniony.</xText>
          <xText>Także dla potrzeb rozpoznania zgłoszonego przez stronę pozwaną <xBRx/>zarzutu przedawnienia kwestia rozróżnienia nakładów jest bez znaczenia. <xBRx/>Zgodnie z hipotezą <xLexLink xArt="art. 677" xIsapId="WDU19640160093" xTitle="Ustawa z dnia 23 kwietnia 1964 r. - Kodeks cywilny" xAddress="Dz. U. z 1964 r. Nr 16, poz. 93">art. 677 k.c.</xLexLink> przedawnieniu z upływem roku od dnia zwrotu rzeczy ulegają roszczenia najemcy wobec wynajmującego o zwrot wszelkich nakładów na rzecz, a więc zarówno mających charakter ulepszeń, jak również nakładów koniecznych (zob. wyroki Sądu Najwyższego z dnia 4 listopada 1980 r., <xBRx/>II CR 394/80, OSNCP 1981, nr 7, poz. 134, z dnia 30 listopada 2000 r., <xBRx/>I CKN 924/98, OSNC 2001, nr 6, poz. 92, z dnia 21 stycznia 2004 r., IV CK 362/02, nie publ., z dnia 15.10.2009 r., I CSK 84/09, OSNC 2010, nr 4, poz.60). <xBRx/>Przemawia za tym przede wszystkim brzmienie <xLexLink xArt="art. 677" xIsapId="WDU19640160093" xTitle="Ustawa z dnia 23 kwietnia 1964 r. - Kodeks cywilny" xAddress="Dz. U. z 1964 r. Nr 16, poz. 93">art. 677 k.c.</xLexLink>, który inaczej niż jego poprzednik w <xLexLink xArt="" xIsapId="WDU19330820598" xTitle="Rozporządzenie Prezydenta Rzeczypospolitej z dnia 27 października 1933 r. - Kodeks zobowiązań" xAddress="Dz. U. z 1933 r. Nr 82, poz. 598">kodeksie zobowiązań</xLexLink>, mówi ogólnie o roszczeniach najemcy o zwrot nakładów; nie wyodrębnia zatem tylko nakładów jednego, oznaczonego rodzaju (koniecznych, obciążających wynajmującego) i nie poddaje jedynie ich określonej regulacji w zakresie przedawnienia roszczeń o zwrot. Stąd wniosek o objęciu tym przepisem roszczeń najemcy o zwrot wszelkich nakładów, zarówno koniecznych jak<xBRx/>i użytecznych w postaci ulepszeń rzeczy. Powód wystąpił z pozwem w niniejszej sprawie przed upływem terminu przedawnienia określonego w <xLexLink xArt="art. 677" xIsapId="WDU19640160093" xTitle="Ustawa z dnia 23 kwietnia 1964 r. - Kodeks cywilny" xAddress="Dz. U. z 1964 r. Nr 16, poz. 93">art. 677 k.c.</xLexLink> a zatem zarzut pozwanej nie mógł zostać uwzględniony. Wobec powyższych uwag zarzut naruszenia <xLexLink xArt="art. 118" xIsapId="WDU19640160093" xTitle="Ustawa z dnia 23 kwietnia 1964 r. - Kodeks cywilny" xAddress="Dz. U. z 1964 r. Nr 16, poz. 93">art. 118 k.c.</xLexLink> nie był trafny, skoro przepis ten nie miał w sprawie zastosowania.</xText>
          <xText>Jeżeli chodzi o zarzut pozwanej dotyczący naruszenia <xLexLink xArt="art. 675;art. 675 § 1" xIsapId="WDU19640160093" xTitle="Ustawa z dnia 23 kwietnia 1964 r. - Kodeks cywilny" xAddress="Dz. U. z 1964 r. Nr 16, poz. 93">art. 675 § 1 k.c.</xLexLink> poprzez jego niezastosowanie i nie uwzględnienie, że nieruchomość nie została wydana w stanie niepogorszonym, to zauważyć trzeba, że w toku całego postępowania – także apelacyjnego – strona pozwana nie przedstawiła z tego tytułu żadnych zarzutów mogących podlegać rozpoznaniu.</xText>
          <xText>Nie można też podzielić zarzutu pozwanej naruszenia <xLexLink xArt="art. 5" xIsapId="WDU19640160093" xTitle="Ustawa z dnia 23 kwietnia 1964 r. - Kodeks cywilny" xAddress="Dz. U. z 1964 r. Nr 16, poz. 93">art. 5 k.c.</xLexLink> poprzez jego niezastosowanie. Strona pozwana upartuje uzasadnienia tego zarzutu w tym, <xBRx/>ze do zakończenia umowy stron doszło na skutek wypowiedzenia jej przez pozwaną wobec niepłacenia przez powoda czynszu. Zauważyć trzeba, że umowa stron <xBRx/>nie rozróżniała znaczenia przyczyn rozwiązania umowy najmu dla kwestii rozliczenia nakładów na rzecz najętą. Zapis § 3 umowy definiuje co strony rozumieją przez rozwiązanie umowy – „Rozwiązanie wcześniejsze umowy może nastąpić stosownie do przepisów <xLexLink xArt="" xIsapId="WDU19640160093" xTitle="Ustawa z dnia 23 kwietnia 1964 r. - Kodeks cywilny" xAddress="Dz. U. z 1964 r. Nr 16, poz. 93">kodeksu cywilnego</xLexLink> o najmie lokali - <xLexLink xArt="art. 659" xIsapId="WDU19640160093" xTitle="Ustawa z dnia 23 kwietnia 1964 r. - Kodeks cywilny" xAddress="Dz. U. z 1964 r. Nr 16, poz. 93">art. 659 k.c.</xLexLink> i następne, <xBRx/>oraz przepisów o umowie dzierżawy – <xLexLink xArt="art. 693" xIsapId="WDU19640160093" xTitle="Ustawa z dnia 23 kwietnia 1964 r. - Kodeks cywilny" xAddress="Dz. U. z 1964 r. Nr 16, poz. 93">art. 693 i nast. k.c.</xLexLink>”. Z kolei w § 7 pkt 3 umowy najmu, mowa jest o wcześniejszym rozwiązaniu umowy, przez co należy rozumieć wszystkie przypadki prowadzące do zakończenia stosunku prawnego o charterze <xBRx/>trwałym, w tym również wypowiedzenie umowy z winy najemcy. <xBRx/>Potwierdza powyższe treść aneksu do umowy, gdzie w § 3 aneksu dokonując zmiany § 6 ust 6 umowy wyraźnie wskazano, że rozwiązaniem umowy jest także <xBRx/>jej wypowiedzenie w przypadku zwłoki w zapłacie czynszu, natomiast zmieniony aneksem § 7 pkt 3 umowy odwołuje się ogólnie do rozwiązania umowy, przez <xBRx/>co w kontekście wyraźnych postanowień umownych należy rozumieć także wypowiedzenie umowy z powodu niepłacenia czynszu najmu.</xText>
          <xText>Można mieć wątpliwości czy zawarta w takim kształcie umowa najmu <xBRx/>w sposób właściwy zabezpiecza interesy ekonomiczne wynajmującego. <xBRx/>Jednak mając na uwadze, że to właśnie pozwana jest profesjonalistą jeżeli chodzi <xBRx/>o zarząd nieruchomościami, trudno konsekwencje niewłaściwej, z punktu widzenia interesów ekonomicznych pozwanej, redakcji umowy przerzucać na powoda. <xBRx/>Nic nie stało na przeszkodzie, aby pozwana wyłączyła w umowie możliwość domagania się przez najemcę zwrotu nakładów w przypadku rozwiązania umowy <xBRx/>z winy najemcy. Skoro pozwana będąc profesjonalistą w zarządzie nieruchomościami nie skorzystała z możliwości dokonania w umowie stosownych zapisów, odwoływanie się obecnie do <xLexLink xArt="art. 5" xIsapId="WDU19640160093" xTitle="Ustawa z dnia 23 kwietnia 1964 r. - Kodeks cywilny" xAddress="Dz. U. z 1964 r. Nr 16, poz. 93">art. 5 k.c.</xLexLink> nie może zostać uwzględnione. Szczególnie, że pozwana nie wykazała (<xLexLink xArt="art. 6" xIsapId="WDU19640160093" xTitle="Ustawa z dnia 23 kwietnia 1964 r. - Kodeks cywilny" xAddress="Dz. U. z 1964 r. Nr 16, poz. 93">art. 6 k.c.</xLexLink>) okoliczności, które mogłyby uzasadniać tezę, że działania powoda świadomie zmierzały do zakończenia stosunku najmu jedynie w celu odzyskania nakładów na rzecz. Wreszcie zauważyć trzeba, że decyzja o wypowiedzeniu umowy jako prawokształtujące uprawnienie pozwanej, zależała wyłącznie od pozwanej, która powinna przed jej podjęciem zważyć należycie jej ekonomiczne konsekwencje.</xText>
          <xText>Jeżeli chodzi o podniesiony w apelacji powoda zarzut naruszenia <xBRx/><xLexLink xArt="art. 676" xIsapId="WDU19640160093" xTitle="Ustawa z dnia 23 kwietnia 1964 r. - Kodeks cywilny" xAddress="Dz. U. z 1964 r. Nr 16, poz. 93">art. 676 k.c.</xLexLink> poprzez jego niezastosowanie, to zauważyć należy, że wobec dokonanych ustaleń faktycznych, przyjętych przez Sąd Apelacyjny za podstawę rozstrzygnięcia powyższy zarzut jest oczywiście bezzasadny.</xText>
          <xText>Mając powyższe na uwadze należało podzielając stanowisko <xBRx/>Sądu Okręgowego apelacje obu stron oddalić jako, że nie mają one uzasadnionych podstaw (<xLexLink xArt="art. 385" xIsapId="WDU19640430296" xTitle="Ustawa z dnia 17 listopada 1964 r. - Kodeks postępowania cywilnego" xAddress="Dz. U. z 1964 r. Nr 43, poz. 296">art. 385 k.p.c.</xLexLink>)</xText>
          <xText>Orzeczenie w przedmiocie kosztów procesu za instancję odwoławczą wydano w oparciu o <xLexLink xArt="art. 100" xIsapId="WDU19640430296" xTitle="Ustawa z dnia 17 listopada 1964 r. - Kodeks postępowania cywilnego" xAddress="Dz. U. z 1964 r. Nr 43, poz. 296">art. 100 k.p.c.</xLexLink>, wzajemnie je znosząc, z uwagi na porównywalną wartość przedmiotu zaskarżenia.</xText>
          
          <xText>MW</xText>
        </xUnit>
      </xBlock>
    </xPart>
  </judgement>
<judgement id="155015150001512_III_RC_000310_2012_Uz_2012-12-21_001">
    <xPart xEditorFullName="Irena Minkiewicz" xYear="2012" xLang="PL" xPublisherFullName="Irena Minkiewicz" xFromPg="1" xEditor="i.minkiewicz" xVolType="15/501515/0001512/RC" xPublisher="i.minkiewicz" xDocType="Uz" xVolNmbr="000310" xVersion="1.0" xToPage="4" xFlag="published">
      <xName>Wyrok+Uzasadnienie</xName>
      <xBlock>
        <xText>
          <xBx>Sygn. akt III RC 310/12 </xBx>
        </xText>
        <xUnit xIsTitle="true" xType="part" xBold="true">
          <xName>WYROK</xName>
          <xTitle>W IMIENIU RZECZYPOSPOLITEJ POLSKIEJ</xTitle>
          <xText xALIGNx="right">Dnia 21 grudnia 2012r.</xText>
          
          <xText>Sąd Rejonowy w Kędzierzynie-Koźlu Wydział III Rodzinny i Nieletnich</xText>
          
          <xText>Przewodnicząca: Sędzia Sądu Rejonowego Bogna Witek</xText>
          <xText>Protokolant: starszy sekretarz sądowy Jolanta Lipert</xText>
          
          <xText>po rozpoznaniu na rozprawie w dniu 10 grudnia 2012r. w Kędzierzynie– Koźlu</xText>
          <xText>sprawy</xText>
          <xText>z powództwa <xAnon>A. K. (1)</xAnon></xText>
          <xText>przeciwko <xAnon>A. K. (2)</xAnon> i małoletniej <xAnon>K. K. (1)</xAnon> reprezentowanej przez <xAnon>D. K. (1)</xAnon></xText>
          <xText>
            <xBx>o obniżenie alimentów</xBx>
          </xText>
          
          <xUnit xIsTitle="false" xType="none">
            <xName xSffx=")">1</xName>
            <xText>obniża alimenty do zapłaty, których powód <xAnon>A. K. (1)</xAnon> zobowiązany był na podstawie wyroku Sądu Rejonowego w Kędzierzynie- Koźlu z dnia 17 czerwca 2011r. w sprawie III RC 545/10 na rzecz małoletniej <xAnon>K. K. (1)</xAnon><xAnon>ur. (...)</xAnon> z kwoty 530 (pięćset trzydzieści) złotych miesięcznie do kwoty 450zł (czterysta pięćdziesiąt ) złotych miesięcznie, płatne z góry do rąk matki małoletniej pozwanej <xAnon>D. K. (1)</xAnon> do dnia 15 - go każdego miesiąca wraz z ustawowymi odsetkami w razie opóźnienia w płatności którejkolwiek z rat, poczynając od dnia 21 grudnia 2012r. ,</xText>
          </xUnit>
          <xUnit xIsTitle="false" xType="none">
            <xName xSffx=")">2</xName>
            <xText>obniża alimenty do zapłaty, których powód <xAnon>A. K. (1)</xAnon> zobowiązany był na podstawie wyroku Sądu Rejonowego w Kędzierzynie- Koźlu z dnia 17 czerwca 2011r. w sprawie III RC 545/10 na rzecz <xAnon>A. K. (2)</xAnon><xAnon>ur. (...)</xAnon> z kwoty 500 (pięćset) złotych miesięcznie do kwoty 450 (czterysta pięćdziesiąt ) złotych miesięcznie, płatne z góry do dnia 15 - go każdego miesiąca wraz z ustawowymi odsetkami w razie opóźnienia w płatności którejkolwiek z rat, poczynając od dnia 21 grudnia 2012r. ,</xText>
          </xUnit>
          <xUnit xIsTitle="false" xType="none">
            <xName xSffx=")">3</xName>
            <xText>odstępuje od obciążenia stron kosztami postępowania, które w całości zalicza na rachunek Skarbu Państwa.</xText>
          </xUnit>
          
          <xText xALIGNx="left">
            <xBx>Sygn. akt R III C 27/07</xBx>
          </xText>
        </xUnit>
        <xUnit xIsTitle="true" xType="part" xBold="true">
          <xName>UZASADNIENIE</xName>
          <xText>Powód <xAnon>A. K. (1)</xAnon>wniósł o obniżenie alimentów na rzecz małoletnich pozwanych <xAnon>A. K. (2)</xAnon>z kwoty 500 zł. miesięcznie do kwoty po 300 zł. miesięcznie i na rzecz <xAnon>K. K. (1)</xAnon>z kwoty 530 zł. miesięcznie do kwoty po 300 zł. miesięcznie . W uzasadnieniu żądania pozwu wskazał, że alimenty ustalone w dotychczasowych kwotach przekraczają jego możliwości finansowe tym bardziej, że obecnie jest osoba bezrobotną i nie ma żadnych dochodów. Ponadto podniósł ,że do dnia 31.12.2010r zatrudniony był w <xAnon>Zakładach (...)</xAnon>w <xAnon>K.</xAnon>, z uwagi na stan zdrowia utracił zdolność wykonywania pracy , która została potwierdzona przez Komisję Lekarską Zakładu Ubezpieczeń Społecznych  w <xAnon>O.</xAnon>oraz lekarza medycyny pracy .</xText>
          <xText>W odpowiedzi na pozew przedstawicielka małoletnich pozwanych <xAnon>D. K. (1)</xAnon> wniosła o oddalenia powództwa w całości . Uzasadniła swoje stanowisko tym że powód dobrowolnie odszedł z pracy , z wydanego w jego przypadku orzeczenia wynika , że został zaliczony do osób niepełnosprawnych w stopniu lekkim i może podjąć pracę. Podniosła również , że sytuacja materialna pozwanych nie jest łatwa , ponieważ powód nie płaci alimentów ,a na rzecz małoletnich nie zostały przyznane świadczenia z funduszu alimentacyjnego ani zasiłki rodzinne.</xText>
          <xText>W toku postępowania pozwana <xAnon>A. K. (2)</xAnon> osiągnęła pełnoletniość i na rozprawie w dniu 26.11.2012r. oświadczyła, iż wnosi o oddalenie powództwa w całości.</xText>
          
          <xText xALIGNx="center">Sąd ustalił następujący stan faktyczny:</xText>
          
          <xText>Dnia 17 czerwca 2011r. w sprawie o sygn. akt II RC 545/10 wyrokiem Sądu Rejonowego w Kędzierzynie-Koźlu zasądzono od pozwanego <xAnon>A. K. (1)</xAnon> tytułem alimentów na rzecz małoletnich <xAnon>A. K. (2)</xAnon> kwoty po 500 zł miesięcznie i <xAnon>K. K. (1)</xAnon> kwoty po 530 zł miesięcznie.</xText>
          
          <xText>Dowód:</xText>
          <xText>-wyrok SR w Kędzierzynie-Koźlu z dnia 17 czerwca 2011r. w sprawie o sygn. akt II RC 545/10.</xText>
          
          <xText>Powód <xAnon>A. K. (1)</xAnon> od 13.08.1996r. do 31.12.2010r. zatrudniony był w <xAnon> Zakładach (...)</xAnon> w <xAnon>K.</xAnon> , gdzie zarabiał ok. 2500 zł. netto. Stosunek pracy pozwanego ustał w wyniku rozwiązania na mocy porozumienia stron w oparciu o Ustawę z dn. 13.03.2003r. o szczególnych zasadach rozwiązywania z pracownikami stosunków pracy z przyczyn nie dotyczących pracowników. W 2010r. przeszedł operację kręgosłupa, po której przez sześć miesięcy przebywał na zwolnieniu lekarskim i przez następne sześć miesięcy otrzymywał świadczenie rehabilitacyjne w wysokości ok. 2500 zł. netto .</xText>
          <xText>W tamtym okresie powód tworzył gospodarstwo domowe wraz z żoną <xAnon>B. K.</xAnon>.</xText>
          <xText>Dowód :</xText>
          <xText>-zeznania pozwanego <xAnon>A. K.</xAnon> w sprawie III R C 545/10 k.77</xText>
          <xText>- akta sprawy III R C 545/10.</xText>
          
          <xText>W toku poprzedniej sprawy o alimenty pozwana <xAnon>A. K. (2)</xAnon> uczęszczała do I klasy liceum , a pozwana <xAnon>K. K. (1)</xAnon> do III klasy gimnazjum . Poza podstawowymi wydatkami takimi jak wyżywienie ok. 20 zł dziennie , ubrania 100 zł miesięcznie , środki higieniczne kosmetyki ok. 50 zł miesięcznie na rzecz każdej z córek, matka pozwanych ponosiła koszty leczenia małoletniej <xAnon>A.</xAnon> 80 zł miesięcznie i małoletniej <xAnon>K.</xAnon> 40 zł kilka razy w roku . Ponadto obie dziewczynki uczęszczały na korepetycje w przypadku <xAnon>K.</xAnon> to był wydatek 20 zł miesięcznie , zaś <xAnon>A.</xAnon> 30 zł miesięcznie. Dochody <xAnon>K. K. (2)</xAnon> wynosiły około 1300 zł. netto miesięcznie. Miesięczne koszty utrzymania mieszkania <xAnon>D. K. (1)</xAnon> były są następujące : czynsz 250zł, energia elektryczna 140zł, opłata za zużycie gazu 300zł, Internet 60zł.</xText>
          <xText>Dowód:</xText>
          <xText>- zeznania powódki <xAnon>D. K.</xAnon> w sprawie III R C 545/10 k.70 .</xText>
          
          <xText>Orzeczeniem <xAnon> (...) Zespołu (...)</xAnon> o Niepełnosprawności w <xAnon>K.</xAnon> z dnia 18.05.2011r. <xAnon>A. K. (1)</xAnon> został uznany za osobę niepełnosprawną w stopniu lekkim. Od dnia 14.10.2011r. powód jest osobą bezrobotną . Przez pierwsze trzy miesiące otrzymywał zasiłek dla bezrobotnych w wysokości 913,70 zł. miesięcznie , a przez następne trzy miesiące 717,50 zł. miesięcznie. Od stycznia 2013r. ma rozpocząć kurs agenta pracownika ochrony pierwszego stopnia , który będzie trwać ok. 4 tygodni. Potem otrzyma zatrudnienie w <xAnon> Agencji (...)</xAnon> sp. zoo w <xAnon>K.</xAnon> za wynagrodzeniem 1500zł. netto miesięcznie.</xText>
          <xText>Dowód:</xText>
          <xText>- zeznania powoda <xAnon>A. K. (1)</xAnon> k.69,</xText>
          <xText>- oświadczenie <xAnon> Agencji (...)</xAnon> o możliwości zatrudnienia powoda po ukończeniu kursu. K. 67</xText>
          <xEnum>
            <xBullet>-</xBullet>
            <xEnumElem>
              <xText>kserokopia świadectwa pracy <xAnon>A. K. (1)</xAnon> k.4-5,</xText>
            </xEnumElem>
            <xEnumElem>
              <xText>orzeczenie o niepełnosprawności <xAnon>A. K. (1)</xAnon> k.6,</xText>
            </xEnumElem>
            <xEnumElem>
              <xText>decyzja Zakładu Ubezpieczeń Społecznych k.7,</xText>
            </xEnumElem>
            <xEnumElem>
              <xText>kserokopia orzeczenia komisji lekarskiej ZUS k. 8,</xText>
            </xEnumElem>
            <xEnumElem>
              <xText>zaświadczenie o wypłaconych zasiłkach i świadczeniach k.9,</xText>
            </xEnumElem>
            <xEnumElem>
              <xText>decyzja Powiatowego Urzędu Pracy w <xAnon>K.</xAnon>k. 10-11,</xText>
            </xEnumElem>
          </xEnum>
          
          <xText>Powód obecnie mieszka sam w mieszkaniu należącym do jego ciotki .W 2012r. rozwiódł się z żoną. Opłaty za mieszkanie zajmowane przez niego wynoszą : 470 zł. miesięcznie czynsz , 49 zł. miesięcznie energia elektryczna , 72 zł. opłata za zużycie gazu raz na dwa miesiące. Opłaty za mieszkanie pokrywa jego właścicielka . <xAnon>A. K. (1)</xAnon> bardzo rzadko spotyka się z córkami. W chwili obecnej się stara te kontakty odbudować.</xText>
          <xText>Dowód:</xText>
          <xText>- zeznania powoda <xAnon>A. K. (1)</xAnon> k.69.</xText>
          
          <xText>Obecnie pozwane mieszkają razem z matką . <xAnon>A. K. (4)</xAnon>w dniu <xAnon>(...)</xAnon>osiągnęła pełnoletniość i obecnie uczęszcza do III klasy liceum . Koszt jej studniówki będzie wynosił 300 zł , na ten cel od ojca otrzymała 100 zł. Małoletnia <xAnon>K. K. (1)</xAnon>uczęszcza do I klasy liceum . Dolegliwości <xAnon>A.</xAnon>związane z żołądkiem ustały i nie jest już z tego powodu leczona , natomiast <xAnon>K. K. (1)</xAnon>nie choruje na astmę. Na wyżywienie córek <xAnon>K. K. (1)</xAnon>wydaje wydaję ok. 20zł. dziennie, na ubrania 100 zł.miesięcznie , na środki higieniczne kosmetyki ok. 50 zł. miesięcznie na każdą córkę. <xAnon>D. K. (1)</xAnon>pracuje jako księgowa, zarabia miesięcznie 1800zł. netto. Koszty utrzymania mieszkania które zajmuje z córkami co miesiąc kształtują się następująco: czynsz 341 zł., energia elektryczna 144zł., gaz 307zł., telewizor, telefon i Internet 170zł.</xText>
          <xText>Alimenty zasądzone na rzecz pozwanych są egzekwowane przez komornika. Od ubiegłego roku komornik egzekwuje kwoty 150zł. - 170 zł. miesięcznie, we wrześniu 2012r. matka pozwanych otrzymała 1000zł. Pozwanym nie przysługują świadczenia z funduszu alimentacyjnego ani zasiłki rodzinne <xAnon>D. K. (1)</xAnon> jest osobą niepełnosprawną, ma orzeczony lekki stopień niepełnosprawności. Około 80 zł. miesięcznie wydaje na lekarstwa.</xText>
          <xText>Dowód :</xText>
          <xText>- zeznania pozwanej <xAnon>D. K. (1)</xAnon> k.69</xText>
          <xEnum>
            <xBullet>-</xBullet>
            <xEnumElem>
              <xText>zaświadczenia Komornika o bezskuteczności egzekucji świadczeń alimentacyjnych k. 12, 29, 44,</xText>
            </xEnumElem>
            <xEnumElem>
              <xText>decyzja Miejskiego Ośrodka Pomocy Społecznej K-<xAnon>K.</xAnon> k. 23-24,27-28, 49-50,</xText>
            </xEnumElem>
            <xEnumElem>
              <xText>zaświadczenie o wynagrodzeniu <xAnon>D. K. (1)</xAnon> k. 26,</xText>
            </xEnumElem>
            <xEnumElem>
              <xText>zawiadomienie o wysokości opłat za lokal mieszkalny k. 31,</xText>
            </xEnumElem>
            <xEnumElem>
              <xText>zawiadomienie <xAnon> (...)</xAnon> o rozliczeniu kosztów zarządcy nieruchomości k. 32,</xText>
            </xEnumElem>
            <xEnumElem>
              <xText>rachunki i faktury VAT k. 33-35,</xText>
            </xEnumElem>
            <xEnumElem>
              <xText>potwierdzeń przelewów na rzecz <xAnon>D. K. (1)</xAnon> k. 45-48,</xText>
            </xEnumElem>
            <xEnumElem>
              <xText>kserokopia wpłaty dokonanej przez powoda do Komornika k. 51,</xText>
            </xEnumElem>
          </xEnum>
          <xText>- zaświadczenie o kontynuowaniu nauki przez <xAnon>A. K. (2)</xAnon> k. 68</xText>
          
          <xText xALIGNx="center">Sąd zważył co następuje:</xText>
          
          <xText>
            <xBx> Powództwo należało częściowo oddalić.</xBx>
          </xText>
          <xText>Żądanie zmiany wysokości należnych alimentów swoją podstawę znajduje w treści <xLexLink xArt="art. 138" xIsapId="WDU19640090059" xTitle="Ustawa z dnia 25 lutego 1964 r. - Kodeks rodzinny i opiekuńczy" xAddress="Dz. U. z 1964 r. Nr 9, poz. 59">art. 138 ustawy z dnia 25 lutego 1964r.-Kodeks rodzinny i opiekuńczy</xLexLink>(Dz. U. Nr 9, poz. 59 ze zm.-dalej <xLexLink xArt="" xIsapId="WDU19500340308" xTitle="Ustawa z dnia 27 czerwca 1950 r. - Kodeks rodzinny" xAddress="Dz. U. z 1950 r. Nr 34, poz. 308">k.r.</xLexLink> i op)., który stanowi , iż w razie zmiany stosunków można żądać zmiany orzeczenia dotyczącego obowiązku alimentacyjnego. Stąd też dla rozstrzygnięcia niniejszej sprawy należało odnieść uzasadnione potrzeby uprawnionych oraz możliwości zarobkowe i finansowe pozwanego istniejące w chwili obecnej do potrzeb pozwanych i możliwości alimentacyjnych zobowiązanego w momencie zapadania poprzedniego rozstrzygnięcia dotyczącego alimentów, posługując się w tym zakresie dyspozycją <xLexLink xArt="art. 135;art. 135 § 1;art. 135 § 2" xIsapId="WDU19500340308" xTitle="Ustawa z dnia 27 czerwca 1950 r. - Kodeks rodzinny" xAddress="Dz. U. z 1950 r. Nr 34, poz. 308">art. 135 § 1 i 2 k. r</xLexLink> i op.</xText>
          <xText>Ustalając stan faktyczny w sprawie Sąd oparł się na dokumentach przedstawionych przez strony oraz zeznaniach stron w takim zakresie, w jakim nie były one oczywiście sprzeczne z pozostałymi dowodami w sprawie.</xText>
          <xText>W ocenie Sądu po stronie uprawnionych doszło do takich zmian , które pozwalałby zmniejszyć uzasadnione koszty ich utrzymania. Wydatki na wyżywienie zarówno małoletniej <xAnon>K. K. (1)</xAnon> jak i pełnoletniej już <xAnon>A. K. (2)</xAnon> , która pozostaje nadal na utrzymaniu matki, wynoszą tak jak i poprzednio ok. 20 zł dziennie w przypadku każdej z nich. Podobnie nie wzrosły od poprzedniego orzeczenia wydatki szkolne uprawnionych oraz koszty utrzymania mieszkania ich matki .  Za zawyżone Sąd natomiast uznał podane przez <xAnon>D. K. (1)</xAnon> koszty ponoszone przez nią na zakup odzieży – ok. 300 zł miesięcznie na rzecz obu córek , gdy półtora roku wcześniej wskazała na rozprawie ,że na ten cel wydaje ok. 200 zł miesięcznie. W tak krótkim okresie czasu koszty nabycia odzieży nie mogły , aż tak znacznie wzrosnąć , ponadto wzrost tych wydatków nie został przez pozwane wykazany żadnymi dowodami . Z tych samych powodów zdaniem Sądu za niewiarygodny należy uznać podany przez <xAnon>D. K. (1)</xAnon> wzrost wydatków na zakup środków higienicznych i kosmetyków z kwoty 50 zł. miesięcznie do kwoty 100 zł. miesięcznie na rzecz każdej z córek . Z uwagi na powyższe Sąd uznał ,że podstawowe koszty utrzymania pozwanych kształtują się na tym samym poziomie co poprzednio, zmniejszeniu natomiast uległy inne wydatki. Obecnie <xAnon>A. K. (5)</xAnon> nie cierpi na dolegliwości związane z żołądkiem , a małoletnia <xAnon>K. K. (1)</xAnon> nie choruje na astmę oskrzelową. Matka pozwanych na ich leczenie wydawała poprzednio w przypadku <xAnon>A.</xAnon> 80 zł. miesięcznie , a w przypadku <xAnon>K.</xAnon> 40 zł. kilka razy w roku. Obie pozwane nie uczęszczają również na korepetycje , a na ten cel poprzednio ich matka wydawała łącznie ok. 50 zł. miesięcznie. W przypadku <xAnon>A. K. (2)</xAnon> doszły co prawda wydatki związane z pokryciem kosztów studniówki, jest to jednak wydatek jednorazowy i nie ma większego znaczenia dla ustalenia miesięcznych kosztów jej utrzymania .</xText>
          <xText>Analizując zebrany w sprawie materiał dowodowy Sąd uznał również , że po stronie powoda doszło do zmiany stosunków obniżającej w istotny sposób jego możliwości zarobkowe i finansowe. Podczas poprzedniego postępowania w sprawie o alimenty powód utrzymywał się z zasiłku rehabilitacyjnego w wysokości 2800 zł netto . Obecnie jest osobą bezrobotną bez prawa do zasiłku i z pracy którą w najbliższym czasie podejmie będzie otrzymywał wynagrodzenie ok. 1500 zł. miesięcznie.</xText>
          <xText>W tych warunkach uznać należało, że w sprawie doszło do zmiany w zakresie kosztów utrzymania uprawnionych jak i możliwości zarobkowych i majątkowych zobowiązanego, która uzasadnia zmianę wysokości jego obowiązków alimentacyjnych, jednakże nie w takim zakresie jak tego domagał się powód. Biorąc pod uwagę z jednej strony bardzo wysokie koszty utrzymania pozwanych , z drugiej zaś aktualną sytuację materialną powoda Sąd obniżył alimenty do zapłaty , których <xAnon>A. K. (1)</xAnon> był zobowiązany na podstawie wyroku Sądu Rejonowego w Kędzierzynie – Koźlu z dnia 17.06.2012r. w sprawie o sygn . akt III R C 545/10 do kwot po 450 zł miesięcznie na rzecz zarówno <xAnon>A. K. (2)</xAnon> jak i małoletniej <xAnon>K. K. (1)</xAnon> , poczynając od dnia 21.12.2012r.</xText>
          <xText>W pozostałym zakresie powództwo jako niezasadne należało oddalić.</xText>
          
          <xText>Rozstrzygnięcie o kosztach uzasadnia <xLexLink xArt="art. 102" xIsapId="WDU19640430296" xTitle="Ustawa z dnia 17 listopada 1964 r. - Kodeks postępowania cywilnego" xAddress="Dz. U. z 1964 r. Nr 43, poz. 296">art. 102 kpc</xLexLink>.</xText>
        </xUnit>
      </xBlock>
    </xPart>
  </judgement>
<judgement id="154505000005127_XVII_AmC_001115_2012_Uz_2012-12-27_001">
    <xPart xEditorFullName="Beata Sierpińska" xYear="2012" xLang="PL" xPublisherFullName="Beata Sierpińska" xFromPg="1" xEditor="bsierpinska" xVolType="15/450500/0005127/AmC" xPublisher="bsierpinska" xDocType="Uz" xVolNmbr="001115" xVersion="1.0" xToPage="1" xFlag="published">
      <xName>Wyrok</xName>
      <xBlock>
        <xText>
          <xBx>Sygn. akt XVII AmC 1115/12</xBx>
        </xText>
        <xUnit xIsTitle="true" xType="part" xBold="true">
          <xName>WYROK</xName>
          <xTitle>W IMIENIU RZECZYPOSPOLITEJ POLSKIEJ</xTitle>
          <xText xALIGNx="right"> Dnia 27 grudnia 2012 r.</xText>
          
          <xText><xBx>Sąd Okręgowy w Warszawie – Sąd Ochrony Konkurencji i Konsumentów </xBx>w składzie następującym:</xText>
          <xText><xBx>Przewodniczący:</xBx> SSR (del.) Anna Maria Kowalik</xText>
          <xText>Protokolant: Piotr Hołyś</xText>
          <xText>po rozpoznaniu na rozprawie w dniu 27 grudnia 2012 r. w Warszawie
  </xText>
          <xText>sprawy z powództwa <xBx><xIx>Stowarzyszenia <xAnon>(...)</xAnon> z siedzibą w <xAnon>P.</xAnon></xIx></xBx></xText>
          <xText>przeciwko <xBx><xAnon>E. C.</xAnon> prowadzącej działalność gospodarczą pod nazwą <xAnon>(...)</xAnon></xBx></xText>
          <xText>o uznanie postanowień wzorca umowy za niedozwolone</xText>
          <xText xALIGNx="center">
            <xBx>orzeka:</xBx>
          </xText>
          <xUnit xIsTitle="false" xType="none">
            <xName xSffx=".">1</xName>
            <xText>uznaje za niedozwolone i zakazuje pozwanej wykorzystywania w umowach z konsumentami postanowienia wzorca umowy o treści:<xBx> „Pośrednik jest uprawniony także do udostępniania i przetwarzania danych osobowych Zamawiającego również w ramach sieci teleinformatycznej podmiotom, którym informacje te są niezbędne w celu sfinalizowania transakcji obrotu nieruchomości.”;</xBx></xText>
          </xUnit>
          <xUnit xIsTitle="false" xType="none">
            <xName xSffx=".">2</xName>
            <xText>nakazuje pobrać od <xBx><xAnon>E. C.</xAnon></xBx>na rzecz Skarbu Państwa – Sądu Okręgowego w Warszawie kwotę 600,00 zł (sześćset złotych) tytułem opłaty od pozwu od uiszczenia której powód był zwolniony</xText>
          </xUnit>
          <xUnit xIsTitle="false" xType="none">
            <xName xSffx=".">3</xName>
            <xText>zasądza od <xBx><xAnon>E. C.</xAnon></xBx>na rzecz<xBx> Stowarzyszenia <xAnon>(...)</xAnon></xBx>z siedzibą w <xAnon>P.</xAnon>kwotę 360,00 zł (trzysta sześćdziesiąt złotych) tytułem zwrotu kosztów zastępstwa procesowego;</xText>
          </xUnit>
          <xUnit xIsTitle="false" xType="none">
            <xName xSffx=".">4</xName>
            <xText>zarządza publikację prawomocnego wyroku w Monitorze Sądowym i Gospodarczym na koszt pozwanej.</xText>
          </xUnit>
          
          <xText xALIGNx="right">
            <xBx>
              <xIx>SSR Anna Maria Kowalik</xIx>
            </xBx>
          </xText>
        </xUnit>
      </xBlock>
    </xPart>
  </judgement>
<judgement id="154505000005127_XVII_AmC_001099_2012_Uz_2012-12-27_001">
    <xPart xEditorFullName="Beata Sierpińska" xYear="2012" xLang="PL" xPublisherFullName="Beata Sierpińska" xFromPg="1" xEditor="bsierpinska" xVolType="15/450500/0005127/AmC" xPublisher="bsierpinska" xDocType="Uz" xVolNmbr="001099" xVersion="1.0" xToPage="1" xFlag="published">
      <xName>Wyrok</xName>
      <xBlock>
        <xText>
          <xBx>Sygn. akt XVII AmC 1099/12</xBx>
        </xText>
        <xUnit xIsTitle="true" xType="part" xBold="true">
          <xName>WYROK</xName>
          <xTitle>W IMIENIU RZECZYPOSPOLITEJ POLSKIEJ</xTitle>
          <xText xALIGNx="right"> Dnia 27 grudnia 2012 r.</xText>
          
          <xText><xBx>Sąd Okręgowy w Warszawie – Sąd Ochrony Konkurencji i Konsumentów </xBx>w składzie następującym:</xText>
          <xText><xBx>Przewodniczący:</xBx> SSR (del.) Anna Maria Kowalik</xText>
          <xText>Protokolant: Piotr Hołyś</xText>
          <xText>po rozpoznaniu na rozprawie w dniu 27 grudnia 2012 r. w Warszawie
  </xText>
          <xText>sprawy z powództwa <xBx><xIx>Stowarzyszenia <xAnon>(...)</xAnon> z siedzibą w <xAnon>P.</xAnon></xIx></xBx></xText>
          <xText>przeciwko <xBx><xIx><xAnon> (...) sp. z o.o.</xAnon> z siedzibą w <xAnon>W.</xAnon></xIx></xBx></xText>
          <xText>o uznanie postanowień wzorca umowy za niedozwolone</xText>
          
          <xText xALIGNx="center">
            <xBx>orzeka:</xBx>
          </xText>
          <xUnit xIsTitle="false" xType="none">
            <xName xSffx=".">1</xName>
            <xText>odmawia odrzucenia pozwu;</xText>
          </xUnit>
          <xUnit xIsTitle="false" xType="none">
            <xName xSffx=".">2</xName>
            <xText>uznaje za niedozwolone i zakazuje pozwanej wykorzystywania w umowach z konsumentami postanowienia wzorca umowy o treści:<xBx> „Strony zgodnie ustalają, że w przypadku zmiany powszechnie obowiązujących przepisów prawnych w zakresie stawek podatku od towarów i usług w trakcie obowiązywania niniejszej umowy, cena określona w § 2 może ulec zmianie odpowiednio do skutków zmian podatków od towarów i usług”;</xBx></xText>
          </xUnit>
          <xUnit xIsTitle="false" xType="none">
            <xName xSffx=".">3</xName>
            <xText>oddala powództwo w pozostałej części;</xText>
          </xUnit>
          <xUnit xIsTitle="false" xType="none">
            <xName xSffx=".">4</xName>
            <xText>zarządza publikację prawomocnego wyroku w Monitorze Sądowym i Gospodarczym na koszt pozwanego.</xText>
          </xUnit>
          
          <xText xALIGNx="right">
            <xBx>SSR (del.) Anna Maria Kowalik</xBx>
          </xText>
        </xUnit>
      </xBlock>
    </xPart>
  </judgement>
<judgement id="151000000001521_III_AUa_001027_2012_Uz_2012-12-28_001">
    <xPart xEditorFullName="Aleksandra Pastuszak" xYear="2012" xLang="PL" xPublisherFullName="Aleksandra Pastuszak" xFromPg="1" xEditor="apastuszak" xVolType="15/100000/0001521/AUa" xPublisher="apastuszak" xDocType="Uz" xVolNmbr="001027" xVersion="1.0" xToPage="1" xFlag="published">
      <xName>Wyrok+Uzasadnienie</xName>
      <xBlock>
        <xText>Sygn. akt III AUa 1027/12</xText>
        
        <xUnit xIsTitle="true" xType="part" xBold="true">
          <xName>WYROK</xName>
          <xTitle>W IMIENIU RZECZYPOSPOLITEJ POLSKIEJ</xTitle>
          <xText xALIGNx="right">Dnia 28 grudnia 2012 r.</xText>
          
          <xText>Sąd Apelacyjny - III Wydział Pracy i Ubezpieczeń Społecznych w <xAnon>G.</xAnon></xText>
          <xText>w składzie:</xText>
          
          <xRows>
            <xCOLGROUPx>
              <xCOLx xWIDTHx="170"/>
              <xCOLx xWIDTHx="449"/>
            </xCOLGROUPx>
            <xRow>
              <xClmn xALIGNx="left" xVALIGNx="top">
                <xText>Przewodniczący:</xText>
              </xClmn>
              <xClmn xALIGNx="left" xVALIGNx="top">
                <xText>SSA Jerzy Andrzejewski</xText>
              </xClmn>
            </xRow>
            <xRow>
              <xClmn xALIGNx="left" xVALIGNx="top">
                <xText>Sędziowie:</xText>
              </xClmn>
              <xClmn xALIGNx="left" xVALIGNx="top">
                <xText>SSA Michał Bober</xText>
                <xText>SSA Małgorzata Węgrzynowska - Czajewska (spr.)</xText>
              </xClmn>
            </xRow>
            <xRow>
              <xClmn xALIGNx="left" xVALIGNx="top">
                <xText>Protokolant:</xText>
              </xClmn>
              <xClmn xALIGNx="left" xVALIGNx="top">
                <xText>Lidia Pedynkowska</xText>
              </xClmn>
            </xRow>
          </xRows>
          
          <xText>po rozpoznaniu w dniu 14 grudnia 2012 r. w Gdańsku</xText>
          <xText>sprawy <xAnon>S. R.</xAnon></xText>
          <xText>przeciwko Zakładowi Ubezpieczeń Społecznych Oddział w <xAnon>T.</xAnon></xText>
          <xText>o prawo do emerytury</xText>
          <xText>na skutek apelacji <xAnon>S. R.</xAnon></xText>
          <xText>od wyroku Sądu Okręgowego w Toruniu IV Wydziału Pracy i Ubezpieczeń Społecznych</xText>
          <xText>z dnia 3 stycznia 2012 r., sygn. akt IV U 1809/11</xText>
          
          <xText xALIGNx="center">oddala apelację.</xText>
          
          <xText>Sygn. Akt III AUa 1027/12</xText>
        </xUnit>
        <xUnit xIsTitle="true" xType="part" xBold="true">
          <xName>UZASADNIENIE</xName>
          <xText>Decyzją z dnia 20 lipca 2011 roku Zakład Ubezpieczeń Społecznych Oddział w <xAnon>T.</xAnon> na podstawie art. 184 w związku z art. 32 ustawy z dnia 17 grudnia 1998 roku o emeryturach i retach z Funduszu Ubezpieczeń Społecznych (dz. U. z 2009 roku, Nr 153, poz. 1227 ze zm.) oraz <xLexLink xArt="" xIsapId="WDU19830080043" xTitle="Rozporządzenie Rady Ministrów z dnia 7 lutego 1983 r. w sprawie wieku emerytalnego oraz wzrostu emerytur i rent inwalidzkich dla pracowników zatrudnionych w szczególnych warunkach lub w szczególnym charakterze" xAddress="Dz. U. z 1983 r. Nr 8, poz. 43">rozporządzenia Rady Ministrów z dnia 7 lutego 1983 roku w sprawie wieku emerytalnego pracowników zatrudnionych w szczególnych warunkach lub w szczególnym charakterze</xLexLink> (Dz. U. z 1983 roku, Nr 8, poz. 43 ze zm.) odmówił <xAnon>S. R.</xAnon> prawa do emerytury.</xText>
          <xText><xAnon>S. R.</xAnon> w odwołaniu od powyższej decyzji zażądał jej zmiany i przyznania mu prawa do emerytury w warunkach szczególnych.</xText>
          <xText>W odpowiedzi na odwołanie organ rentowy wniósł o jego oddalenie podtrzymując dotychczasowe stanowisko w sprawie.</xText>
          <xText>W trakcie rozprawy w dniu 31 października 2011 roku <xAnon>S. R.</xAnon> złożył do protokołu nowy wniosek o przyznanie prawa do emerytury wobec rozwiązania umowy o pracę z dniem 198 października 2011 roku. Przy czym nie cofnął odwołania od decyzji z dnia 20 lipca 2011 roku.</xText>
          <xText>Sąd postanowieniem z dnia 31 października 2011 roku przekazał nowy wniosek o przyznanie prawa do emerytury <xAnon> Zakładowi (...) Oddział</xAnon> w <xAnon>T.</xAnon> celem rozpoznania.</xText>
          <xText>Po rozpoznaniu wniosku organ rentowy decyzją z dnia 28 listopada 2011 roku ponownie odmówił stanisławowi <xAnon>R.</xAnon> przyznania prawa do em,erytury ze względu na brak 15 lat pracy w warunkach szczególnych.</xText>
          <xText><xAnon>S. R.</xAnon> zaskarżył również tę decyzję organu rentowego wnosząc o jej zmianę i przyznanie prawda do emerytury z identycznym uzasadnieniem jak w sprawie dotyczącej odwołania od decyzji z 20 lipca 2011 roku.</xText>
          <xText>Pozwany wniósł o oddalenie odwołania z tożsamym uzasadnieniem jak w sprawie wszczętej z odwołania od decyzji odmownej z 20 lipca 2011 roku.</xText>
          <xText>Sąd zarządzeniem z dnia 27 grudnia 2011 roku połączył do wspólnego rozpoznania i rozstrzygnięcia obie sprawy na mocy <xLexLink xArt="art. 219" xIsapId="WDU19640430296" xTitle="Ustawa z dnia 17 listopada 1964 r. - Kodeks postępowania cywilnego" xAddress="Dz. U. z 1964 r. Nr 43, poz. 296">art. 219 k.p.c.</xLexLink></xText>
          <xText>Sąd Okręgowy Sąd Pracy i Ubezpieczeń Społecznych w Toruniu wyrokiem z dnia 3 stycznia 2012 roku oddalił odwołanie.</xText>
          
          <xText xALIGNx="center">
            <xBx>
              <xUx>Sąd ustalił co następuje:</xUx>
            </xBx>
          </xText>
          
          <xText><xAnon>S. R.</xAnon>urodził się <xAnon>(...)</xAnon>roku.</xText>
          <xText>W okresie od 1 września 1966 roku do października 1973 roku zatrudniony był na stanowisku montera samochodowego w Wojewódzkim Przedsiębiorstwie <xAnon>(...)</xAnon>Oddział w <xAnon>T.</xAnon>. W czasie tego zatrudnienia ukończył w 1969 roku – <xAnon>(...) Szkołę Zawodową</xAnon>w zawodzie mechanik pojazdów samochodowych i odbył zasadniczą służbę wojskową w okresie od 27 października 1970 roku do 16 października 1972 roku.</xText>
          <xText>Z dniem 12 listopada 1973 roku <xAnon>S. R.</xAnon> rozpoczął pracę w <xAnon> (...)</xAnon><xAnon> Przędzalni (...)</xAnon> w <xAnon>T.</xAnon> na podstawie umowy o pracę na 7-dniowy okres próbny, a następnie na czas nieokreślony na stanowisku ślusarza w <xAnon>D.</xAnon> Głównego Mechanika w pełnym wymiarze czasu pracy. Z działu tego wyodrębniono Wydział <xAnon>N.</xAnon><xAnon> (...)</xAnon> i Środków <xAnon> (...)</xAnon> i od l czerwca 1976 roku <xAnon>S. R.</xAnon> pracował w wyodrębnionym wydziale na stanowisku ślusarza remontowego aż do 31 lipca 1976 roku. Od l sierpnia 1976 roku znowu pracował w <xAnon>D.</xAnon> Głównego Mechanika jako ślusarz remontowy do 28 lutego 1977 roku. Od l marca 1977 roku przeszedł na stanowisko ślusarza remontowego w <xAnon>D.</xAnon><xAnon> (...)</xAnon> i zatrudniony był tam do 31 sierpnia 1978 roku.</xText>
          <xText>W czasie zatrudnienia od 12 listopada 1973 roku do 31 sierpnia 1978 roku <xAnon>S. R.</xAnon> zajmował się naprawami autobusów, samochodów, spychaczy pojazdów transportu wewnętrznego i lokomotywy należących do pracodawcy, który posiadał ponad 150 pojazdów. Wykonywał wyłącznie naprawy mechaniczne oraz bieżące przeglądy i konserwację środków transportu. Praca wykonywana była w kanałach, na poziomie zerowym i w warsztacie zakładowym naprzemiennie i dotyczyła zarówno naprawy silników jak i wszystkich pozostałych mechanizmów i podzespołów w tym oświetlenia, ogumienia, akumulatorów, hydrauliki, pomp ciśnieniowych i wtryskowych, hamulców, klocków hamulcowych, zbiorników paliwa i oleju i innych najdrobniejszych elementów wymagających naprawy bądź przeglądu mechanicznego. Transport wewnętrzny korzystał z wózków elektrycznych i spalinowych oraz ręcznych i wszystkie one były naprawiane również przez wnioskodawcę.</xText>
          <xText>W okresie od 1 września 1978 roku do 30 listopada 1984 roku <xAnon>S. R.</xAnon> zatrudniony był w Oddziale <xAnon>(...)</xAnon>jako ślusarz remontowy.</xText>
          <xText>Wydział ten zajmował się wykańczaniem i uszlachetnianiem przędzy. Na tym oddziale <xAnon>S. R.</xAnon> zajmował się faktycznie naprawami maszyn i pośrednio ich nastawianiem bo dokonywał regulacji w czasie napraw. Częściowo pracował na terenie Oddziału, a częściowo w przyległym warsztacie. Bieżącą konserwacją maszyn zajmował się inny wyznaczony pracownik.</xText>
          <xText>Z uwagi na uszkodzenie słuchu i przeciwwskazanie do pracy w hałasie przeniesiono <xAnon>S. R.</xAnon> do pracy w magazynie części zamiennych na okres od l grudnia 1984 roku do 31 marca 1985 roku. W tym magazynie wnioskodawca wydawał rożnego rodzaju części do maszyn i wykonywał też prace ślusarskie np. przygotowywał wałki, łożyska.</xText>
          <xText>W tym czasie na potrzeby uznania choroby zawodowej zakład pracy szczegółowo ustalił okresy zatrudnienia <xAnon>S. R.</xAnon> od początku zatrudnienia i opisał je w aktach osobowych wnioskodawcy w następujący sposób:</xText>
          <xUnit xIsTitle="false" xType="none">
            <xName xSffx=".">1</xName>
            <xText>od l września 1966 roku do 27 listopada 1973 roku w <xAnon>(...)</xAnon> w charakterze mechanika samochodowego</xText>
          </xUnit>
          <xUnit xIsTitle="false" xType="none">
            <xName xSffx=".">2</xName>
            <xText>od 12 listopada 1973 roku do 31 maja 1976 roku w TPCz <xAnon> (...)</xAnon> Wydział <xAnon>(...)</xAnon> jako ślusarz</xText>
          </xUnit>
          <xUnit xIsTitle="false" xType="none">
            <xName xSffx=".">3</xName>
            <xText>od I czerwca 1976 roku do 31 lipca 1976 roku w TPCz <xAnon> (...)</xAnon> Warsztat <xAnon>N.</xAnon><xAnon> (...)</xAnon> jako ślusarz remontowy</xText>
          </xUnit>
          <xUnit xIsTitle="false" xType="none">
            <xName xSffx=".">4</xName>
            <xText>od l sierpnia 1976 roku do 28 lutego 1977 roku w TPCz <xAnon> (...)</xAnon><xIx>-</xIx><xAnon>D.</xAnon> Głównego Mechanika jako ślusarz remontowy</xText>
          </xUnit>
          <xUnit xIsTitle="false" xType="none">
            <xName xSffx=".">5</xName>
            <xText>od l marca 1977 roku do 31 sierpnia 1978 roku w TPCz <xAnon> (...)</xAnon>- <xAnon>D.</xAnon><xAnon> (...)</xAnon> jako ślusarz remontowy</xText>
          </xUnit>
          <xUnit xIsTitle="false" xType="none">
            <xName xSffx=".">6</xName>
            <xText>od l września 1978 roku do 30 listopada 1984 roku w TPCz <xAnon> (...)</xAnon>-Wydział Mechaniczny - Oddział Przeglądu i <xAnon> (...)</xAnon> jako ślusarz remontowy</xText>
          </xUnit>
          <xUnit xIsTitle="false" xType="none">
            <xName xSffx=".">7</xName>
            <xText>od l grudnia 1984 roku do 31 marca 1985 roku w TPCz <xAnon> (...)</xAnon> -<xAnon> Magazyn (...)</xAnon> jako ślusarz</xText>
          </xUnit>
          <xUnit xIsTitle="false" xType="none">
            <xName xSffx=".">8</xName>
            <xText>od 1 kwietnia 1985 roku do chwili obecnej w TPCz <xAnon> (...)</xAnon> -</xText>
          </xUnit>
          <xText>Wydział <xAnon>(...)</xAnon> – O/<xAnon>(...)</xAnon> jako ślusarz remontowy.</xText>
          <xText>Z dniem 1 kwietnia 1985 roku <xAnon>S. R.</xAnon> zatrudniony był w Wydziale <xAnon>(...)</xAnon> – Oddział <xAnon>(...)</xAnon>najpierw jako ślusarz remontowy, a od 1 marca 1989 roku jako mechanik urządzeń cieplno-mechanicznych.</xText>
          <xText>W dniu 21 maja 1985 roku <xAnon>S. R.</xAnon> zdał egzamin kwalifikacyjny w zakresie prac remontowo-konserwacyjnych i montażowych przy urządzeniach przygotowania wody w kotłach parowych i wodnych, odbioru pary i wody gorącej oraz ciśnienia parowego i wody i wentylatorów.</xText>
          <xText>Na stanowisku mechanika w elektrociepłowni wnioskodawca pracował aż do ustania zatrudnienia. Wykonywał tam prace polegające na smarowaniu maszyn smarami i olejami, a gdy nie wykonywał tej pracy brał udział w remontach mechanicznych maszyn <xAnon>(...)</xAnon>. <xAnon>(...)</xAnon> wytwarzała prąd oraz energię cieplną dla zakładu i na potrzeby miasta <xAnon>T.</xAnon>.</xText>
          <xText>Wnioskodawca konserwował przekładnie, odżużlacze, transportery taśmowe, kotły i pompy.</xText>
          <xText>Nie zajmował się turbiną i nie robił izolacji.</xText>
          <xText>Zatrudnienie w TPCz <xAnon> (...)</xAnon> ustało z dniem 30 listopada 1991 roku.</xText>
          <xText>W czasie zatrudnienia w TPCz <xAnon> (...)</xAnon> wnioskodawca korzystał dwukrotnie z urlopu bezpłatnego: od 28 grudnia 1990 roku do 29 grudnia 1990 roku i o 23 września 1991 roku do 15 października 1991 roku.</xText>
          <xText>W okresie od 9 marca 1992 roku do 30 czerwca 2001 roku <xAnon>S. R.</xAnon> zatrudniony był w <xAnon> (...) S.A.</xAnon><xAnon> (...)</xAnon> na stanowisku rzemieślnika.</xText>
          <xText>W dniu 28 lutego 2011 r. <xAnon>S. R.</xAnon> wystąpił z wnioskiem o przyznanie prawa do emerytury. We wniosku zawarł oświadczenie o braku członkostwa w otwartym funduszu emerytalnym oraz pozostawaniu w stosunku pracy. Na dzień wydania zaskarżonej decyzji z 20 lipca 2011 roku wnioskodawca nadal pozostawał w stosunku pracy. Umowa o pracę rozwiązana została z dniem 19 października 2011 roku.</xText>
          <xText>Decyzjami z 20 lipca 2011 roku i 28 listopada 2011 roku wydanymi na podstawie art. 184 ustawy z dnia 17 grudnia 1998 roku o emeryturach i rentach z FUS (Dz. U. z 2004 roku Nr 39, poz. 353 ze zm.) oraz <xLexLink xArt="" xIsapId="WDU19830080043" xTitle="Rozporządzenie Rady Ministrów z dnia 7 lutego 1983 r. w sprawie wieku emerytalnego oraz wzrostu emerytur i rent inwalidzkich dla pracowników zatrudnionych w szczególnych warunkach lub w szczególnym charakterze" xAddress="Dz. U. z 1983 r. Nr 8, poz. 43">rozporządzenia Rady Ministrów z dnia 7 lutego 1983 roku w sprawie wieku emerytalnego pracowników zatrudnionych w szczególnych warunkach lub w szczególnym charakterze</xLexLink> (Dz. U. z 1983 roku, Nr 8, poz. 43 ze zm.), Zakład Ubezpieczeń Społecznych odmówił wnioskodawcy prawa do emerytury z uwagi na niewykazanie 15-lat stażu pracy w warunkach szczególnych wykonywanej stale i w pełnym wymiarze czasu pracy. Przy czym w pierwszej wskazano także na brak rozwiązania umowy o prace. Organ rentowy przyjął za udowodnione na dzień 31 grudnia 1998 roku 32 lata, 2 miesiące i 28 dni okresów składkowych i nieskładkowych.</xText>
          <xText>Organ rentowy nie uznał natomiast jakiegokolwiek okresu pracy w warunkach szczególnych ubezpieczonego na podstawie świadectwa wykonywania pracy w szczególnych warunkach.</xText>
          <xText>Zakład pracy wystawił wnioskodawcy dwa różne świadectwa wykonywania pracy w warunkach szczególnych.</xText>
          <xText>Pierwsze z 4 grudnia 2000 roku o treści, z której wynikało, że <xAnon>S. R.</xAnon> pracował w warunkach szczególnych:</xText>
          <xEnum>
            <xBullet>-</xBullet>
            <xEnumElem>
              <xText>od l września 1978 roku do 30 listopada 1984 roku,</xText>
            </xEnumElem>
            <xEnumElem>
              <xText>od l kwietnia 1985 roku do 27 grudnia 1990 roku,</xText>
            </xEnumElem>
            <xEnumElem>
              <xText>od 30 grudnia 1990 roku do 22 września 1991 roku,</xText>
            </xEnumElem>
            <xEnumElem>
              <xText>od 16 października 1991 roku do 30 listopada 1991 roku</xText>
            </xEnumElem>
          </xEnum>
          <xText>stale i w pełnym wymiarze czasu pracy przy obróbce surowców włókienniczych i ich przędzenie oraz wykonywał prace przy wytwarzaniu i przesyłaniu energii elektrycznej i cieplnej oraz przy montażu, remoncie i eksploatacji urządzeń elektroenergetycznych i cieplnych na stanowisku ślusarz remontowy, ślusarz, mechanik urządzeń cieplno-mechanicznych wymienionym w wykazie A. dziale VII, II póz. 1,1 pkt 34 wykazu stanowiącego załącznik nr l do zarządzenia Ministra Przemysłu Chemicznego i Lekkiego w sprawie prac wykonywanych w szczególnych warunkach w zakładach pracy resortu przemysłu chemicznego i lekkiego (Dz. Urz. Nr 7/87 z dnia 7 lipca 1987 roku).</xText>
          <xText>Drugie z 19 lipca 2001 roku, z którego wynikał dłuższy okres pracy w warunkach szczególnych tj.</xText>
          <xEnum>
            <xBullet>-</xBullet>
            <xEnumElem>
              <xText>od l czerwca 1976 roku do 30 listopada 1984 roku</xText>
            </xEnumElem>
            <xEnumElem>
              <xText>od l kwietnia 1985 roku do 27 grudnia 1990 roku</xText>
            </xEnumElem>
            <xEnumElem>
              <xText>od 30 grudnia 1990 roku do 22 września 1991 roku</xText>
            </xEnumElem>
            <xEnumElem>
              <xText>od 16 października 1991 roku do 30 listopada 1991 roku.</xText>
            </xEnumElem>
          </xEnum>
          <xText>Rozbieżności podyktowane były jedynie przypuszczeniem, że praca od l czerwca 1976 roku do 31 sierpnia 1978 roku mogła być zaliczona do pracy wykonywanej w warunkach szczególnych, bez dokładnego przeprowadzenia postępowania dowodowego na tę okoliczność.</xText>
          <xText>W dniu 14 stycznia 2011 roku zakład pracy wystawił kolejne świadectwo odpowiadające treścią świadectwa wystawionym 19 lipca 2001 roku.</xText>
          
          <xText xALIGNx="center">
            <xBx>
              <xUx>Sąd zważył, co następuje:</xUx>
            </xBx>
          </xText>
          
          <xText>Powyższy stan faktyczny ustalono na podstawie dokumentów zgromadzonych w aktach sądowych, w tym w aktach ZUS i aktach osobowych wnioskodawcy z <xAnon> (...)</xAnon><xAnon> Przędzalni (...)</xAnon> w <xAnon>T.</xAnon> (k. 78 akt sądowych), a także częściowo w oparciu o dowód z przesłuchania wnioskodawcy i świadków: <xAnon>J. Ć. (1)</xAnon>, <xAnon>K. J.</xAnon>, <xAnon>P. K.</xAnon>, <xAnon>A. K.</xAnon>. <xAnon>S. K. (1)</xAnon>, <xAnon>M. O.</xAnon> i <xAnon>E. Z.</xAnon>.</xText>
          <xText>Sąd dał wiarę dowodom z dokumentów, gdyż były jasne, pełne, rzetelne, a nadto żadna ze stron nie kwestionowała ich autentyczności i mocy dowodowej, co nie budziło także wątpliwości Sądu.</xText>
          <xText>Akta osobowe Sąd pozyskał od przechowawcy i uznał za rzetelny i wiarygodny dowód. Były one systematycznie prowadzone przez pracodawcę i nie zawierały luk.</xText>
          <xText>Sąd dał wiarę zeznaniom przesłuchanych w sprawie świadków w zakresie w jakim zeznawali oni na okoliczność rodzaju pracy ubezpieczonego przez cały okres zatrudnienia od 12 listopada 1973 roku do 30 listopada 1991 roku, gdyż były one spójne, logiczne i nie sprzeczne ze sobą oraz z pozostałym materiałem dowodowym w sprawie w postaci dokumentów z akt osobowych wnioskodawcy. Świadkowie pracowali z wnioskodawcą na poszczególnych etapach jego zatrudnienia w różnych wydziałach i oddziałach i mogli potwierdzić rodzaj jego obowiązków.</xText>
          <xText>Na okoliczność pracy przy naprawie samochodów, spychaczy, wózków, autobusów i lokomotywy w okresie od 12 listopada 1973 roku do 31 sierpnia 1978 roku niekwestionowaną wiedzę mieli świadkowie bezpośrednio pracujący z ubezpieczonym tj. <xAnon>P. K.</xAnon> i <xAnon>A. K.</xAnon>.</xText>
          <xText>Ostatecznie także wnioskodawca przyznał przed Sądem, że w wyżej wymienionym okresie pracował przy naprawie środków transportu w różnych warunkach (w kanałach, warsztacie i na poziomie zerowym) i wykonywał każdą konieczną naprawę mechaniczną w niczym się nie specjalizując.</xText>
          <xText>Trzeba w tym miejscu wskazać, iż pierwsze dowodowe przesłuchanie wnioskodawcy na te okoliczności było odmienne, gdyż utrzymywał, iż pracował wyłącznie na produkcji. W aktach osobowych wnioskodawcy jest jednak pismo jego autorstwa z dnia 4 kwietnia 2001 roku, które wyraźnie wskazuje, że ubezpieczony miał świadomość wykonywania w okresie od początku zatrudnienia do 31 sierpnia 1978 roku tylko pracy w warsztacie samochodowym.</xText>
          <xText>Na okoliczność okresu pracy na Oddziale <xAnon>(...)</xAnon>zeznawali świadkowie <xAnon>J. Ć. (1)</xAnon>, <xAnon>S. K. (1)</xAnon> i <xAnon>M. O.</xAnon>, którzy byli bezpośrednimi współpracownikami ubezpieczonego i ich zeznania były zbieżne z zeznaniami wnioskodawcy. Wnioskodawca i świadek <xAnon>J. Ć. (1)</xAnon> opisali pracę wykonywaną w magazynie części zamiennych. Natomiast rodzaj czynności wypełnianych przez <xAnon>S. R.</xAnon> w <xAnon>(...)</xAnon> opisali zgodnie świadkowie <xAnon>K. J.</xAnon> i <xAnon>E. Z.</xAnon>. Ich zeznania potwierdził wnioskodawca. Prawo do wcześniejszej emerytury z tytułu zatrudnienia w warunkach szczególnych reguluje <xLexLink xArt="art. 184" xIsapId="WDU19981621118" xTitle="Ustawa z dnia 17 grudnia 1998 r. o emeryturach i rentach z Funduszu Ubezpieczeń Społecznych" xAddress="Dz. U. z 1998 r. Nr 162, poz. 1118">art. 184 ustawy <xIx>
    
      z </xIx>dnia 17.12.1998 roku o emeryturach i rentach z Funduszu Ubezpieczeń Społecznych</xLexLink> (Dz. U. z 2009 roku. Nr 153, póz. 1227 ze zm.), zgodnie z którym ubezpieczonym urodzonym po 31.12.1948 roku przysługuje emerytura po osiągnięciu wieku - w przypadku mężczyzn - 60 lat, jeżeli w dniu l stycznia</xText>
          <xText>1999 r. spełnili łącznie niżej wymienione warunki:</xText>
          <xText>-osiągnęli okres składkowy nieskładkowy wynoszący co najmniej 25 lat,</xText>
          <xText>-posiadają co najmniej 15 - letni okres wykonywania pracy w szczególnych warunkach lub w szczególnym charakterze zgodnie z rozporządzeniem Rady</xText>
          <xText>Ministrów z dnia 7 lutego 1983 r. w sprawie wieku emerytalnego pracowników zatrudnionych w szczególnych warunkach lub w szczególnym charakterze, a nadto:</xText>
          <xText>-nie przystąpili do otwartego funduszu emerytalnego, a w przypadku przystąpienia złożyli wniosek, o wykreślenie z funduszu i przekazanie środków zgromadzonych na rachunku w otwartym funduszu emerytalnym, za pośrednictwem Zakładu Ubezpieczeń Społecznych, na dochody budżetu państwa,</xText>
          <xText>-rozwiązali stosunek pracy-w przypadku ubezpieczonych będących pracownikami.</xText>
          <xText>Stosowne regulacje w przedmiocie wieku emerytalnego, rodzajów prac lub stanowisk oraz warunków, na podstawie których przysługuje prawo do wcześniejszej emerytury znajdują się w <xLexLink xArt="" xIsapId="WDU19830080043" xTitle="Rozporządzenie Rady Ministrów z dnia 7 lutego 1983 r. w sprawie wieku emerytalnego oraz wzrostu emerytur i rent inwalidzkich dla pracowników zatrudnionych w szczególnych warunkach lub w szczególnym charakterze" xAddress="Dz. U. z 1983 r. Nr 8, poz. 43">rozporządzeniu Rady Ministrów z dnia 7 lutego 1983 roku w sprawie wieku emerytalnego oraz wzrostu emerytur i rent inwalidzkich dla pracowników zatrudnionych w szczególnych warunkach lub w szczególnym charakterze</xLexLink> (Dz. U. 1983 roku Nr 8, poz. 43 ze zm.). Natomiast wykazy prac wykonywanych w szczególnych warunkach lub w szczególnym charakterze zostały zawarte w wykazach A i B stanowiących załącznik do w/w rozporządzenia. Nadto w §1 ust. 2 tegoż rozporządzenia w przedmiocie sprecyzowania stanowisk pracy, na których są wykonywane prace w szczególnych warunkach ustawodawca odsyła do odpowiednich przepisów resortowych.</xText>
          <xText>Istotny w niniejszej sprawie jest również § 2 ust. 1 rozporządzenia z dnia 7 lutego 1983 roku, w myśl którego okresami pracy uzasadniającymi prawo do wcześniejszej emerytury są okresy, w których praca w szczególnych warunkach lub o szczególnym charakterze jest wykonywana stale i w pełnym wymiarze czasu pracy, ustalonym dla danego stanowiska. Pod pojęciem pracy wykonywanej stale należy rozumieć pracę wykonywaną na danym stanowisku pracy, zgodnie z rozkładem czasu pracy i w pełnym wymiarze czasu pracy, ustalonym dla danego stanowiska. W związku z powyższym nie będzie uznawana za taką pracę praca, wykonywana, np. w połowie wymiaru czasu pracy lub tylko kilka lub kilkanaście dni w miesiącu.</xText>
          <xText>W sprawie poza sporem była okoliczność, iż <xAnon>S. R.</xAnon> osiągnął z dniem 8 września 2010 roku przewidywany przepisami prawa wiek emerytalny oraz, że posiada wymagany staż ubezpieczeniowy. Organ rentowy w celu ustalenia uprawnień do emerytury uwzględnił na dzień 1 stycznia 1999 roku 32 lata, 2 miesiące i 28 dni okresów składkowych i nieskładkowych. Organ rentowy nie kwestionował także faktu nie przystąpienia przez wnioskodawcę do otwartego funduszu emerytalnego oraz ostatecznie nie pozostawania w stosunku pracy od dnia 20 października 2011 roku.</xText>
          
          <xText>Istota sporu w niniejszym postepowaniu koncentrowała się natomiast wokół ustalenia czy praca świadczona przez <xAnon>S. R.</xAnon> w <xAnon> (...)</xAnon><xAnon> Przędzalni (...)</xAnon> w <xAnon>T.</xAnon> była pracą w szczególnych warunkach wykonywaną stale i w pełnym wymiarze czasu pracy, a w konsekwencji czy wnioskodawca spełnił ostatnią przesłankę do przyznania prawa do wcześniejszej emerytury.</xText>
          <xText>W tym miejscu wskazać należy, iż zgodnie z § 2 ust. 2 w/w rozporządzenia z dnia 7 lutego 1983 roku okresy pracy w warunkach szczególnych lub w szczególnym charakterze stwierdza zakład pracy, na podstawie posiadanej dokumentacji, w świadectwie wykonywania prac w szczególnych warunkach, wystawionym według wzoru stanowiącego załącznik do przepisów wydanych na podstawie § 1 ust. 2 rozporządzenia, lub w świadectwie pracy.</xText>
          <xText>Niemniej w wypadku - braku bądź zakwestionowania przez organ rentowy powyższych środków dowodowych - zainteresowany może dochodzić ustalenia tych okoliczności w postępowaniu sądowym, w którym w myśl <xLexLink xArt="art. 472;art. 473" xIsapId="WDU19640430296" xTitle="Ustawa z dnia 17 listopada 1964 r. - Kodeks postępowania cywilnego" xAddress="Dz. U. z 1964 r. Nr 43, poz. 296">art. 472 i 473 k.p.c.</xLexLink> obostrzenia dowodowe nie obowiązują. Sąd nie jest bowiem związany środkami dowodowymi określonymi dla dowodzenia przed organem rentowym. W postępowaniu o świadczenie emerytalno - rentowe dopuszczalne jest -jak wyjaśnił Sąd Najwyższy w uchwale z 27 maja 1985 roku (III UZP 5/85) - przeprowadzenie przed sądem pracy i ubezpieczeń społecznych dowodu <xIx>z </xIx>zeznań świadków na okoliczność zatrudnienia w szczególnych warunkach lub w szczególnym charakterze, jeżeli zainteresowany wykaże, iż nie może przedstawić zaświadczenia zakładu pracy z powodu jego likwidacji lub zniszczenia dokumentów dotyczących zatrudnienia. Okres pracy w warunkach szczególnych można również ustalić w postępowaniu sądowym na podstawie akt osobowych pracownika (umowy o pracę, świadectwa pracy, angaży, innych dokumentów). Zaliczenie nie udokumentowanych, spornych okresów pracy w szczególnych warunkach do stażu pracy uprawniającego do wcześniejszej emerytury wymaga przy tym dowodów nie budzących wątpliwości, spójnych i precyzyjnych.</xText>
          <xText>W ocenie Sądu Okręgowego zgromadzony w sprawie materiał dowodowy - spełniający powyższe kryteria - nie pozwolił jednoznacznie ustalić, iż w okresach zatrudnienia wskazanych w świadectwie z 14 stycznia 2011 roku w TPCz <xAnon> (...)</xAnon><xSUPx/> w <xAnon>T.</xAnon><xAnon>S. R.</xAnon> wykonywał stale i w pełnym wymiarze czasu zatrudnienia prace zaliczone do prac w szczególnych warunkach.</xText>
          <xText>W okresie pracy od 12 listopada 1973 roku do 31 sierpnia 1978 roku <xAnon>S. R.</xAnon> tylko częściowo wykonywał prace wymienione w wykazach dotyczących pracy w warunkach szczególnych. Do tych prac należały prace w kanałach remontowych i przy naprawie pomp wtryskowych i wtryskiwaczy. Prace te wymienione zostały w wykazie A załącznika do rozporządzenia Rady Ministrów z 1983 roku - prace w szczególnych warunkach, których wykonywania uprawnia do niższego wieku emerytalnego, w dziale XIV Prace Różne pod poz. 14 i 16.</xText>
          <xText>W przepisach resortowych tj. w zarządzeniu nr 7 ministra Przemysłu Chemicznego i Lekkiego z dnia 7 lipca 1987 roku (Dz. Urz. MPChiL z dnia 3 sierpnia 1987 roku, Nr 4) zamieszczono jako prace w warunkach szczególnych zatrudnienie przy naprawie pomp wtryskowych i wtryskiwaczy poz. 14 Dział XIV i prace wykonywane u kanałach remontowych przy naprawie pojazdów mechanicznych lub szynowych – mechanik – monter, ślusarz zatrudniony <xUx>wyłącznie</xUx> w kanale remontowym poz. 16 Dział XIV Wykaz A.</xText>
          <xText>Pozostałe naprawy mechaniczne wykonywane przy innych częściach i podzespołach oraz na poziomie zerowym i w warsztacie nie mogły być zaliczone do pracy w warunkach szczególnych.</xText>
          <xText>Dlatego słuszne były pierwotne ustalenia pracodawcy, iż dopiero okres pracy od l września 1978 roku może podlegać zaliczeniu do pracy w warunkach szczególnych. Zakład pracy pod naciskiem ubezpieczonego ostatecznie wydał mu świadectwo potwierdzające wymagany 15-letni okres zatrudnienia w warunkach szczególnych. W aktach osobowych opisano jednak wątpliwości w tym zakresie. W ocenie Sadu były pracodawca chciał udzielić ubezpieczonemu pomocy w zdobyciu prawa do emerytury doliczając brakujący do 15 lat okres, gdyż niczym innym nie da się uzasadnić przyjęcia zatrudnienia od l czerwca 1976 roku do pracy w warunkach szczególnych z pominięciem okresu zatrudnienia od 12 listopada 1973 roku do 31 maja 1976 roku kiedy obowiązki wnioskodawcy z dnia l czerwca 1976 roku nie uległy żadnej zmianie.</xText>
          <xText>Praca wnioskodawcy w okresie od 12 listopada 1973 roku do 31 sierpnia 1978 roku nie może być więc uznana za wykonywaną stale i w pełnym wymiarze czasu pracy w warunkach szczególnych, gdyż obowiązki wykonywane w zwykłych warunkach jedynie przeplatały się z praca w warunkach szczególnych. Trzeba też zaznaczyć, że żaden świadek nie potwierdził wykonywania przez wnioskodawcę remontów blacharsko-lakierniczych, o których wspominał <xAnon>S. R.</xAnon> w swoich zeznaniach, jednak te prace gdyby występowały to tak jak praca w kanałach i przy naprawie pomp, byłaby jednym z rodzajów prac i też nie mogłaby przesądzić o stałości i pełnym wymiarze pracy w warunkach szczególnych.</xText>
          <xText>W okresie od l września 1978 roku do 30 listopada 1984 roku wnioskodawca wykonywał prace zaliczone do pracy w warunkach szczególnych na mocy Zarządzenia Ministra Przemysłu Chemicznego i Lekkiego Nr 7 z dnia 7 lipca 1987 roku w sprawie prac wykonywanych w szczególnych warunkach lub w szczególnym charakterze w zakładach pracy resortu chemicznego i lekkiego (Dz. Urz. Nr 4). Praca wnioskodawcy w tym okresie polegała na naprawach i regulacji maszyn na wydziałach produkcyjnych i odpowiadała w istocie stanowisku konserwatora maszyn i urządzeń. Stanowisko to zostało o opisane w Dziale VII w przemyśle lekkim zarówno pod pozycja l pkt. 12 jak i pod poz. 4 pkt 47. Przy czym punkt 1 dotyczył prac wykonywanych przy obróbce surowców włókienniczych i ich przędzeniu, a punkt <xIx>4 </xIx>prac przy produkcji i wykończeniu wyrobów włókienniczych. Mając na uwadze, iż wnioskodawca pracował na wydziałach produkcji końcowej zastosowanie do jego pracy ma pkt 47 poz. 4 Działu VII.</xText>
          <xText>W tym miejscu warto wskazać na treść Działu VII dotyczącego przemysłu lekkiego określonego załącznikiem Nr l do rozporządzenia Rady Ministrów z dnia 8 lutego1983 roku w sprawie wieku emerytalnego oraz wzrostu emerytur i rent inwalidzkich dla pracowników zatrudnionych w szczególnych warunkach lub w szczególnym charakterze (Dz. U. Nr 8, poz. 43 ze zm.), który pod pozycją 1 „obróbka surowców włókienniczych i ich przędzenie” zawiera tylko stanowisko operatora urządzeń, zaś w pozycji 4 „prace przy produkcji i wykańczaniu wyrobów włókienniczych: wskazuje na dwa stanowiska pracy tj. cewiaczka i tkaczka.</xText>
          <xText>Zgodnie z art. 32 ust. 1 w związku z art. 46 ustawy emerytalnej, ubezpieczonym urodzonym po dniu 31 grudnia 1948 roku, a przed dniem 1 stycznia 1969 roku, będącym pracownikami, o których mowa w art. 32 st. 2-3 ustawy, zatrudnionymi w szczególnych warunkach lub w szczególnym charakterze, przysługuje emerytura w wieku niższym niż określony w art. 27 pkt. 1 ustawy emerytalnej. W myśl art. 32 ust. 2 ustawy emerytalnej, dla celów ustalenia uprawnień. O których mowa w ust. 1, za pracowników zatrudnionych w szczególnych warunkach uważa się pracowników zatrudnionych przy pracach o znacznej szkodliwości dla zdrowia oraz o znacznym stopniu uciążliwości lub wymagających wysokiej sprawności psychofizycznej ze względu na bezpieczeństwo własne i otoczenia. Natomiast stosownie do art. 32 ust. 4, wiek emerytalny, o którym mowa w ust. 1, rodzaje prac lub stanowisk oraz warunki, na podstawie których osobom wymienionym w ust. 2 i 3 przysługuje prawo do emerytury, ustala się na podstawie przepisów dotychczasowych. Sąd Najwyższy w uchwale z dnia 13 lutego 2002 roku, III ZP 30/01OSNP 2002 nr 10, poz. 243) wskazał jako nadal stosowane „przepisy dotychczasowe ”tylko niektóre przepisy rozporządzenia, wyłączając dalsze obowiązywanie tych, które zawierały upoważnienie dla ministrów, kierowników urzędów centralnych i centralnych związków spółdzielczych do ustalenia wykazu stanowisk pracy w podległych im zakładach pracy. Stwierdził, że odesłanie do wykazów obejmujących zaświadczenie pracy w warunkach szczególnych nie obejmuje przepisów kompetencyjnych § 1 ust. 2-3 rozporządzenia. To pozwala na wniosek, że ustanowione przed dniem wejścia w życie ustawy o emeryturach i rentach przepisy, o których mowa w odesłaniu, to tylko przepisy rozporządzenia, a wśród nich § 2 ust. 1 stanowiący, iż okresami pracy uzasadniającymi prawo do świadczeń na zasadach określonych w rozporządzeniu są okresy, w których praca w szczególnych warunkach lub w szczególnym charakterze jest wykonywana stale iw pełnym wymiarze czasu pracy obowiązującym na danym stanowisku pracy, § 4-8a, określające wiek emerytalny i staż wymagany od pracowników wykonujących prace wyszczególnione w wykazach A i B stanowiących załącznik do rozporządzenia oraz te wykazy. Oznacza to tyle, że zarządzenia resortowe co prawda nie mogą być samodzielną podstawą prawną indywidualnych decyzji, jednakże – mając swoje umocowanie w ustawie i rozporządzeniu i nie odnosząc się do praw podmiotowych obywateli – nadal obowiązują jako wykazy prac świadczonych w szczególnych warunkach, o skutkach wykonywania których stanowi ustawa emerytalna i utrzymane jej mocą rozporządzenie. W konsekwencji w judykaturze Sądu Najwyższego przyjmuje się, że wykazy resortowe mają charakter informacyjny, techniczno-porządkujący i uściślający, w szczególności wówczas, gdy w wykazie stanowiącym załącznik do rozporządzenia nie wymienia się określonych stanowisk, lecz operuje się pojęciem ogólnym</xText>
          <xText>W tej sytuacji Sąd uznał posłużenie się wykazem resortowym za uzasadnione.</xText>
          <xText>Zakład pracy wskazał w świadectwie wykonywania pracy w warunkach szczególnych z dnia 19 lipca 2001 roku jedynie Dział VII poz. l zarządzenia resortowego dla stanowisk ślusarz remontowy co okazało się nieprawidłowe, gdyż nie wskazano właściwego punktu, a stanowiska ślusarz remontowy nie ma w wykazie Działu VII poz.1. Nieprawidłowo wystawione było też świadectwo z dnia 14 stycznia 2011 roku, które wskazywało za Dział XIV rozporządzenia Rady Ministrów z 7 lutego 1983 roku i zarządzenia resortowego, gdzie wadliwie powołano się na pozycje i punkt określony w dokumencie.</xText>
          <xText>Bezspornie nie można było zaliczyć do pracy w warunkach szczególnych okresu zatrudnienia wnioskodawcy od l grudnia 1984 roku do 31 marca 1985 roku w magazynie części zamiennych, albowiem nie zostało wykazane, że w tym okresie <xAnon>S. R.</xAnon> wykonywał jakikolwiek rodzaj pracy zamieszczony w wykazach pracy w warunkach szczególnych. Zajmował się wydawaniem części maszyn, a także ślusarską obróbką części.</xText>
          <xText>Możliwe jest zaliczenie do pracy w warunkach szczególnych okresu zatrudnienia <xAnon>S. R.</xAnon> w <xAnon>(...)</xAnon> od l kwietnia 1985 roku do 30 listopada 1991 roku z wyłączeniem okresu urlopów bezpłatnych.</xText>
          <xText>Jak ustalono w postępowaniu sądowym ubezpieczony wykonywał w tym czasie prace polegającą na codziennym smarowaniu urządzeń cieplno-mechanicznych oraz pomagał u czasie remontów tych urządzeń.</xText>
          <xText>Jego stanowisko początkowo określano jako ślusarz remontowy, a następnie mechanik urządzeń cieplno-mechanicznych. <xAnon> Zakład (...)</xAnon> ,<xAnon>M.</xAnon>", który miał własną<xAnon>(...)</xAnon>, wytwarzał energię na potrzeby własne i miasta <xAnon>T.</xAnon>, dlatego zasadne jest przyjęcie, że praca wnioskodawcy w tym okresie może być kwalifikowana jako praca wykonywana w energetyce.</xText>
          <xText>W rozporządzeniu Rady Ministrów z dnia 7 lutego 1983 roku (Dz. U, Nr 8, poz. 43) w Wykazie A Dziale II poz. l wymienia się prace przy wytwarzaniu, przesłaniu energii elektrycznej i cieplnej oraz montażu, remoncie i eksploatacji urządzeń elektroenergetycznych.</xText>
          <xText>W punkcie 10 jako stanowisko pracy w warunkach szczególnych wskazuje się montera urządzeń ciepłowniczych. Natomiast w zarządzeniu resortowym Ministra Przemysłu Chemicznego i Lekkiego z dnia 7 lipca 1987 roku (Dz. Urz. Nr 4) w Dziale II Wykazu A wśród prac w energetyce wymienia się mechanika urządzeń cieplno-mechanicznych (poz. 1 pkt. 34). W ocenie Sądu praca wnioskodawcy polegająca na naprawach i smarowaniu urządzeń cieplno-mechanicznych była pracą opisaną w w/w przepisach ogólnych i resortowych.</xText>
          <xText>Prawidłowo określił ją też zakład pracy w świadectwie wykonywania pracy w warunkach szczególnych z dnia 19 lipca 2001 roku, a nieprawidłowo w świadectwie z 14 stycznia 2011 roku.</xText>
          <xText>W tym stanie sprawy ubezpieczony na dzień 1 stycznia 1999 roku wykazał 12 lat, 10 miesięcy i 7 dni okresów zatrudnienia w warunkach szczególnych (01.09.1978 – 30.11.1984 = 6 lat i 3 miesiące, 01.04.1985 – 27.12.1990 = 5 lat, 8 miesięcy i 27 dni, 30.12.1990 – 22.09.1991 = 8 miesięcy i 24 dni, 16.10.1991 – 30.11.1991 = 1 miesiąc, 16 dni).</xText>
          <xText>Stąd też Sąd na mocy <xLexLink xArt="art. 477(14);art. 477(14) § 1" xIsapId="WDU19640430296" xTitle="Ustawa z dnia 17 listopada 1964 r. - Kodeks postępowania cywilnego" xAddress="Dz. U. z 1964 r. Nr 43, poz. 296">art. 477 <xSUPx>14 </xSUPx>§ 1 k.p.c.</xLexLink> w oparciu o art. 184 ust. 1 ustawy o emeryturach i rentach z FUS a contrario – oddalił odwołania wnioskodawcy <xAnon>S. R.</xAnon> jako bezzasadne.</xText>
          <xText>Apelację od wyroku wywiódł wnioskodawca.</xText>
          <xText>Zaskarżonemu orzeczeniu zarzucił:</xText>
          <xText>1. naruszenie przepisu prawa materialnego, tj. Działu VII poz. l pkt 13 <xIx>Załącznik nr l do zarządzenia Nr 7 Ministra Przemysłu Chemicznego i Lekkiego z dnia 7 lipca 1987 r., </xIx>poprzez jego nieuwzględnienie, w sytuacji gdy na podstawie świadectwa pracy z dnia 14.01.2011 r. oraz z zeznań świadka <xAnon>S. K. (1)</xAnon> oraz <xAnon>J. Ć. (1)</xAnon>, wynika, że ubezpieczony wykonywał pracę w szczególnych warunkach, jako nastawiacz maszyn;</xText>
          <xText>2. naruszenie przepisu prawa materialnego, tj. Działu VII poz. 1 pkt 13 Załącznik nr l do zarządzenia Nr 7 Ministra Przemysłu Chemicznego i Lekkiego z dnia 7 lipca 1987 r., poprzez jego błędną wykładnię, polegającą na przyjęciu, że ślusarz remontowy nie jest tożsamy ze stanowiskiem nastawiacza maszyn, w sytuacji gdy wykonywana przez <xAnon>S. R.</xAnon> praca odpowiadała stanowisku nastawiacza maszyn, które było w ówczesnych latach tożsame ze ślusarzem remontowym;</xText>
          <xUnit xIsTitle="false" xType="none">
            <xName xSffx=".">3</xName>
            <xText>naruszenie przepisu postępowania cywilnego, tj. <xLexLink xArt="art. 233;art. 233 § 1" xIsapId="WDU19640430296" xTitle="Ustawa z dnia 17 listopada 1964 r. - Kodeks postępowania cywilnego" xAddress="Dz. U. z 1964 r. Nr 43, poz. 296">art. 233 § l kpc</xLexLink>, polegające na uchybieniu przez Sąd podstawowym regułom oceny dowodów, poprzez odmowę przyznania waloru wiarygodności świadectwu pracy <xIx>z </xIx>dnia 19.07.2001r. w zakresie okresu zatrudnienia w szczególnych warunkach od roku 01.06.1976 r. oraz sprostowanego świadectwa pracy z dnia 14.01.2011 r. w zakresie okresu zatrudnienia w szczególnych warunkach od roku 01.06.1976 r. oraz wykonywanego przez niego zawodu, tj. dział VII <xLexLink xArt="art. 233 pkt. 13 poz. 1;art. 233 pkt. 13" xIsapId="WDU19640430296" xTitle="Ustawa z dnia 17 listopada 1964 r. - Kodeks postępowania cywilnego" xAddress="Dz. U. z 1964 r. Nr 43, poz. 296">poz. l pkt 13</xLexLink>, na podstawie których ubezpieczony spełnia warunki do otrzymania przedmiotowego prawa;</xText>
          </xUnit>
          <xUnit xIsTitle="false" xType="none">
            <xName xSffx=".">4</xName>
            <xText>sprzeczność istotnych ustaleń Sądu z treścią zebranego w sprawie materiału skutkująca bezzasadnym przyjęciem przez Sąd, iż:</xText>
          </xUnit>
          
          <xUnit xIsTitle="false" xType="none">
            <xName xSffx=")">a</xName>
            <xText>ubezpieczony tylko częściowo wykonywał prace w szczególnych warunkach od 12 listopada 1973 r. do 31 sierpnia 1978 <xIx>
      r., </xIx>w sytuacji gdy ubezpieczony wykonywał ją stale i w pełnym wymiarze czasu, co wynika z zeznań <xAnon>S. R.</xAnon> oraz z dokumentów znajdujących się w akt sprawy Sądu Okręgowego w Toruniu V Wydziału Ubezpieczeń Społecznych (sygn. Akt VU 1106/00), tj,: pisma <xAnon> (...) S.A.</xAnon>” z dnia 22.12.1998 r. o nr <xAnon>(...)</xAnon>dot. zaliczenia okresu zatrudnienia; świadectwa pracy z dnia 23.05.2000r. <xAnon>R. N.</xAnon>; pisma <xAnon> (...) S.A</xAnon>” z dnia 22.05.2000 r. dot. Zaliczenia okresu zatrudnienia, na podstawie których ustalono, że ubezpieczony <xAnon>R. N.</xAnon>, pracujący na identycznych stanowiskach i w takim samym wymiarze czasu pracy, wnioskodawca spełnia warunki do otrzymania wcześniejszej emerytury ze względu na szczególne warunki pracy;</xText>
          </xUnit>
          <xUnit xIsTitle="false" xType="none">
            <xName xSffx=")">b</xName>
            <xText>ubezpieczony nie wykonywał zawodu nastawiacz maszyn, w sytuacji gdy ze świadectwa pracy z dnia 14.01.201 1 r. oraz zeznań świadków explicite wynika, że zawód ten był przez niego wykonywany.</xText>
          </xUnit>
          <xText>Wskazując na powyższe podstawy wnosił o:</xText>
          <xText>1. zmianę zaskarżonego wyroku i przyznania prawa do emerytury z tytułu pracy w warunkach szczególnych;</xText>
          <xText>2. dopuszczenie, na podstawie przepisu <xLexLink xArt="art. 368;art. 368 § 1;art. 368 § 1 pkt. 4" xIsapId="WDU19640430296" xTitle="Ustawa z dnia 17 listopada 1964 r. - Kodeks postępowania cywilnego" xAddress="Dz. U. z 1964 r. Nr 43, poz. 296">art. 368 § l pkt 4 kpc</xLexLink>, dowodów z następujących dokumentów, nadmieniając jednocześnie, że potrzeba powołania się na nie, zaistniała dopiero po zapoznaniu się z uzasadnieniem przedmiotowego wyroku:</xText>
          <xUnit xIsTitle="false" xType="none">
            <xName xSffx=")">a</xName>
            <xText>pisma <xAnon> (...) S.A.</xAnon>” z dnia 22.12.1998 r. o nr <xAnon>(...)</xAnon> dot. zaliczenia okresu zatrudnienia; świadectwa pracy z dnia 23.03.2000r. <xAnon>R. N.</xAnon>; pisma <xAnon> (...) S.A.</xAnon>” z dnia 22.05.2000 r. dot. zaliczenia okresu zatrudnienia znajdujących się w aktach sprawy akt sprawy Sądu Okręgowego w Toruniu V Wydziału Ubezpieczeń Społecznych (sygn. akt</xText>
          </xUnit>
          <xText>VU <xAnon> (...)</xAnon>) na okoliczność ustalonego podczas postępowania, że praca wykonywana w T.P.<xAnon>C. M.</xAnon> w <xAnon>T.</xAnon> na stanowisku ślusarz samochodowy, ślusarz remontowy, mechanik samochodowy, tj. wykaz A dz. XIV poz. 14 pkt l i 2 poz. 16 pkt 1, była wykonywana stale i w pełnym wymiarze czasu pracy;</xText>
          <xUnit xIsTitle="false" xType="none">
            <xName xSffx=")">b</xName>
            <xText>świadectwa pracy z dnia 10.01.2012 r. wraz z załącznikami, na okoliczność wykonywania przez wnioskodawcę pracy w wwarunkach szczególnych w latach od 05.09.1969 r. 26.10.1970 r. oraz od 06.11.1972 r. do 27.10.1973 r.;</xText>
          </xUnit>
          <xUnit xIsTitle="false" xType="none">
            <xName xSffx=")">c</xName>
            <xText>pisma ubezpieczonego z dnia 4.04.2001 r. na okoliczność składania wniosków do zakładu pracy w celu sprostowania błędnego świadectwa pracy;</xText>
          </xUnit>
          <xUnit xIsTitle="false" xType="none">
            <xName xSffx=")">d</xName>
            <xText>pisma ubezpieczonego z dnia 22.05.2001 r. na okoliczność składania wniosków do zakładu pracy w celu sprostowania błędnego świadectwa pracy;</xText>
          </xUnit>
          <xUnit xIsTitle="false" xType="none">
            <xName xSffx=")">e</xName>
            <xText>oświadczenia <xAnon>J. N.</xAnon> z dnia 15.05.20 12 na okoliczność treści w niej zawartej ;</xText>
          </xUnit>
          <xUnit xIsTitle="false" xType="none">
            <xName xSffx=")">f</xName>
            <xText>oświadczenia <xAnon>A. Z.</xAnon> z dnia 15.05.2012 na okoliczność treści w niej zawartej;</xText>
          </xUnit>
          <xUnit xIsTitle="false" xType="none">
            <xName xSffx=")">g</xName>
            <xText>oświadczenia <xAnon>F. P.</xAnon> z dnia 03.11.2011 r. na okoliczność treści w niej zawartej;</xText>
          </xUnit>
          <xText>3. zasądzenie od organu rentowego na rzecz <xAnon>S. R.</xAnon> zwrotu kosztów postępowania, w tym zastępstwa procesowego, za obie instancje, według norm przepisanych.</xText>
          <xText>Niezależnie od powyższych wniosków apelacyjnych, ewentualnie wnosił o uchylenie zaskarżonego wyroku w całości i przekazanie sprawy do ponownego rozpoznania Sądowi I Instancji z uwagi na nowe dowody dołączone do niniejszej apelacji, które mają istotne znaczenie dla rozstrzygnięcia sprawy.</xText>
          <xText>W uzasadnieniu apelacji podniesiono, że stanowisko ślusarza remontowego odpowiadało stanowisku nastawiacza maszyn. Godnie z zeznaniami świadków (vide zaznania świadków <xAnon>J. Ć. (1)</xAnon>, <xAnon>S. K. (1)</xAnon>) oraz oświadczeniami, znajdującymi się w aktach sprawy, tj. <xAnon>T. J.</xAnon> z dnia 29.07.2011 r., <xAnon>S. K. (1)</xAnon> z dnia 29.07.2011r., <xAnon>B. G.</xAnon> z dnia 29.07.2011r., <xAnon>M. O.</xAnon> z dnia 30.07.2011 r. oraz <xAnon>J. Ć. (1)</xAnon> z dnia 29.07.2011 r., praca na stanowisku ślusarza remontowego pod względem wykonywania pracy była w pełni tożsama z obowiązkami nastawiacza maszyn w świetle pracy w warunkach szczególnych wiąże się tylko i wyłącznie z nazewnictwem poszczególnych stanowisk przyjętych w tamtym okresie przez pracodawcę ubezpieczonego. Zastosowana przez organ rentowy, a następnie przez Sąd, wyłącznie wykładnia językowa, przy jednoczesnym pominięciu wykładni funkcjonalnej, w tym szczególności historycznej, budzi poważne wątpliwości i zastrzeżenia.</xText>
          <xText>Oświadczenia <xAnon>F. P.</xAnon> z dnia 3.11.2011r., <xAnon>J. N.</xAnon> z dnia 15.05.2012r. oraz <xAnon>A. Z.</xAnon> z dnia 15.05.2012r., jednoznacznie potwierdzają stanowisko <xAnon>S. R.</xAnon>, co do okresu i wykonywanych prac w warunkach szczególnych (dot. Działu XIV Prace Różne pod poz. 14 i 16).</xText>
          <xText>We wniosku z dnia 3.06.2011r. wnioskodawca uwzględnił również lata pracy w <xAnon> Wojewódzkim Przedsiębiorstwie Państwowej (...)</xAnon> w <xAnon>T.</xAnon> (lata od 1.09.1966 r. do 27.10.1973 r.), jednakże będąc przekonany, że świadectwo z dnia 19.07.2011r. w zupełności wystarczy do otrzymania przedmiotowych praw, nie złożył stosownego świadectwa dokumentującego powyższą pracę ( vide świadectwo pracy z dnia 10.01.2012r.). Dopiero po zapoznaniu się z uzasadnieniem Sądu meriti , zaistniała potrzeba przedłożenia nowego dowodu, zgodnie z <xLexLink xArt="art. 368;art. 368 § 1;art. 368 § 1 pkt. 4" xIsapId="WDU19640430296" xTitle="Ustawa z dnia 17 listopada 1964 r. - Kodeks postępowania cywilnego" xAddress="Dz. U. z 1964 r. Nr 43, poz. 296">art. 368 § 1 pkt 4 kpc</xLexLink>.</xText>
          <xText>Sad Apelacyjny zważył co następuje.</xText>
          <xText>Apelacja jest nieuzasadniona.</xText>
          <xText>Przedmiotem sprawy jest prawo do emerytury z tytułu pracy w szczególnych warunkach, której organ rentowy odmówił z uwagi na niespełnienie przesłanki posiadania 15-letniego stażu pracy w warunkach szczególnych. Pozwany ZUS nie zaliczył okresu pracy od l czerwca 1976 r. do 30 listopada 1984 r.; od l kwietnia 1985 r. do 27 grudnia 1990 r.; od 30 grudnia 1990 r. do 22 września 1991 r.; od 16 października 1991 r. do 30 listopada 1991 r.<xIx> - </xIx>w <xAnon> (...)</xAnon><xAnon> Przędzalni (...)</xAnon> - na stanowiskach ślusarz, ślusarz remontowy, mechanik urządzeń cieplnych i mechanicznych.</xText>
          <xText>Sąd I instancji oddalił odwołanie uznając jednocześnie, że można wnioskodawcy zaliczyć okres pracy od l września 1978 r. do 30 listopada 1984 r.; od l kwietnia 1985 r. do 27 grudnia 1990 r.; od 30 grudnia 1990 r. do 22 września 1991 r.; od 16 października 1991 r. do 30 listopada 1991 r. (12,10,7) jako okres pracy w szczególnych warunkach u <xAnon> (...)</xAnon><xAnon> Przędzalni (...)</xAnon>, Sąd nie zaliczył okresu od l czerwca 1976 r. do 31 sierpnia 1978 r., gdyż wnioskodawca w tym okresie przeplatał obowiązki wykonywane w zwykłych warunkach z pracą w szczególnych warunkach (prace w kanałach remontowych i przy naprawie pomp wtryskowych i wtryskiwaczy (wykaz A, dział XIV, poz.14.16 <xIx>- </xIx>załącznika do rozporządzenia Rady Ministrów z 7 lutego 1983 r.; wykaz A. dział XIV, poz.14,16 -załącznika nr l do zarządzenia nr 7 Ministra Przemysłu Chemicznego i Lekkiego z 7 lipca 1987 r.).</xText>
          <xText>W apelacji od wyroku wnioskodawca zarzucił naruszenie prawa materialnego -załącznika nr l do zarządzenia nr 7 Ministra Przemysłu Chemicznego i lekkiego z 7 lipca 1987 r. - wykaz A, dział VII. poz. l pkt 13 - przez przyjęcie, że wnioskodawca nie pracował jako nastawiacz maszyn, że stanowisko ślusarz remontowy nie jest tożsame z nastawiaczem maszyn; naruszenie prawa procesowego <xLexLink xArt="art. 233" xIsapId="WDU19640430296" xTitle="Ustawa z dnia 17 listopada 1964 r. - Kodeks postępowania cywilnego" xAddress="Dz. U. z 1964 r. Nr 43, poz. 296">art. 233 KPC</xLexLink> - przez odmowę dania wiary świadectwu wykonywania pracy w szczególnych warunkach z 14 stycznia 2011 r.; sprzeczność istotnych ustaleń Sądu z treścią zebranego w sprawie materiału dowodowego przez przyjęcie, że wnioskodawca do 31 sierpnia 1978 r. nie pracował w szczególnych warunkach, podczas gdy co innego wynika z jego zeznań, oraz z dokumentów znajdujących się w sprawie VU 1106/00 dotyczącej <xAnon>R. N.</xAnon>. W uzasadnieniu apelacji podniesiono dodatkowo, że prócz spornych lat zatrudnienia w szczególnych warunkach wnioskodawca pracował w nich jeszcze w okresie od 5 września 1969 r. do 26 października 1970 r. oraz od 6 listopada 1972 r. do 27 października 1973 r.- będąc zatrudniony w <xAnon> Wojewódzkim Przedsiębiorstwie Państwowej (...)</xAnon> w <xAnon>T.</xAnon>, na którą to okoliczność dołączono świadectwo pracy z dnia 10 stycznia 2012 r.</xText>
          <xText>Odnosząc się do ostatniego zarzutu apelacji dotyczącego zatrudnienia w szczególnych warunkach od 5 września 1969 r. do 26 października 1970 r. oraz od 6 listopada 1972 r. do 27 października 1973 r. w <xAnon> Wojewódzkim Przedsiębiorstwie Państwowej (...)</xAnon> w <xAnon>T.</xAnon>, wskazać trzeba, że postępowanie zarówno przed organem rentowym, jak i przed Sądem I instancji, nie było w tym zakresie prowadzone bowiem okoliczność ta nie była przez wnioskodawcę podnoszona. W myśl <xLexLink xArt="art. 381" xIsapId="WDU19640430296" xTitle="Ustawa z dnia 17 listopada 1964 r. - Kodeks postępowania cywilnego" xAddress="Dz. U. z 1964 r. Nr 43, poz. 296">art. 381 KPC</xLexLink> Sąd drugiej instancji może pominąć nowe fakty i dowody, jeżeli strona mogła je podołać w postępowaniu przed sądem pierwszej instancji, chyba że potrzeba powołania się na nie wynikła później. Zasadą jest skoncentrowanie materiału procesowego przed Sądem I instancji, co w systemie pełnej apelacji prowadzi do ograniczenia „prawa nowości", której daje wyraz <xLexLink xArt="art. 381" xIsapId="WDU19640430296" xTitle="Ustawa z dnia 17 listopada 1964 r. - Kodeks postępowania cywilnego" xAddress="Dz. U. z 1964 r. Nr 43, poz. 296">art. 381 KPC</xLexLink>. Unormowanie, pozostawiające kwestie dopuszczenia „nowości" (nowych faktów i dowodów) w postępowaniu apelacyjnym swobodnemu uznaniu Sądu, ma zapobiegać przesuwaniu punktu ciężkości rozpoznawanej sprawy z Sądu I instancji na Sąd II instancji oraz działaniu stron procesowych na zwłokę. Wykładnia <xLexLink xArt="art. 381" xIsapId="WDU19640430296" xTitle="Ustawa z dnia 17 listopada 1964 r. - Kodeks postępowania cywilnego" xAddress="Dz. U. z 1964 r. Nr 43, poz. 296">art.381 KPC</xLexLink> powinna wychodzić z założenia, że uprawnienie Sądu II instancji do pominięcia spóźnionych nowych faktów i dowodów jest wyrazem dążenia do koncentracji dowodów i sprawności postępowania. Na wnoszącym apelacje spoczywa ciężar wykazania, że nie mógł przytoczyć tych faktów i powołać dowodów w postępowaniu przed Sądem I instancji, albo, że nie było wówczas potrzeby ich przytoczenia lub powołania. Występując o ustalenie prawa do emerytury wnioskodawca zobowiązany był do przedłożenia wszelkich dowodów uzasadniających przyznanie prawa do tego świadczenia. Wynika to z treści art. 116 ust. 5 ustawy emerytalnej (wnioskodawcy zobowiązani są przedkładać dowody uzasadniające prawo do świadczeń oraz ich wysokość, określone rozporządzeniem ministra właściwego do spraw zabezpieczenia społecznego). Po negatywnej decyzji pozwanego z dnia 20 lipca 2011 r. i z dnia 28 listopada 2011 r. (wydanej w związku z wnioskiem o emeryturę po rozwiązaniu stosunku pracy), ubezpieczony był świadomy tego, że kwestionowane jest jego zatrudnienie w <xAnon> (...)</xAnon> w kontekście pracy w szczególnych warunkach, zatem winien był najpóźniej w Sądzie Okręgowym dowodzić, ze pracował w tych warunkach także w innych okresach, w tym w okresie przywołanym w apelacji (od 5 września 1969 r. do 26 października 1970 r. oraz od 6 listopada 1972 r. do 27 października 1973 r. w <xAnon> Wojewódzkim Przedsiębiorstwie Państwowej (...)</xAnon> w <xAnon>T.</xAnon>) - tak aby umożliwić pozwanemu organowi rentowemu zajęcie stanowiska w tym przedmiocie, a nadto aby zostało to objęte kontrolą Sądu I instancji. Na marginesie wskazać trzeba, że ewentualne uwzględnienie okresu wskazanego w apelacji w połączeniu z uznanym przez Sad I instancji, nadal nie daje wymaganych 15 w szczególnych warunkach (12,10,7+2,1,12-14,11,19).</xText>
          <xText>Przechodząc do zarzutu naruszenia prawa materialnego - załącznika nr l do zarządzenia nr 7 Ministra Przemysłu Chemicznego i Lekkiego z 7 lipca 1987 r. -wykaz A, dział VII, poz. l pkt 13 - przez przyjęcie, że wnioskodawca nie pracował jako nastawiacz maszyn, że stanowisko ślusarz remontowy nie jest tożsame z nastawiaczem maszyn Sąd Apelacyjny zauważa, że zarówno świadkowie, jak i wnioskodawca wskazywali, że tego rodzaju praca występowała w przypadku wnioskodawcy na oddziale końcowym (d: zeznania świadka <xAnon>J. Ć.</xAnon> k- 93-93v; <xAnon>S. K.</xAnon> k- 94: przesłuchanie wnioskodawcy k- 95-95v). Na oddziale końcowym wnioskodawca pracował od 1 września 1978 r., od której to daty Sad I instancji zaliczył ubezpieczonemu okres pracy w szczególnych warunkach. (d: akta osobowe wnioskodawcy k- 78). Sąd Okręgowy uznał bowiem, że wnioskodawca od l września 1978 r. do 30 listopada 1984 r. pracował przy naprawach i regulacji maszyn na wydziałach produkcyjnych i ta praca odpowiadała w istocie stanowisku konserwatora maszyn i urządzeń (wykaz A, dział VII, poz. 1 pkt 12, poz. 4 pkt 47 załącznika nr l do zarządzenia nr 7 Ministra Przemysłu Chemicznego i Lekkiego z 7 lipca 1987 r.). Dlatego zarzut apelacji dotyczący przyjęcia, że wnioskodawca nie pracował jako nastawiacz maszyn, że stanowisko ślusarz remontowy nie jest tożsame z nastawiaczem maszyn, uznać należy za pozostający bez wpływu na prawa ubezpieczonego. Na marginesie podnieść należy, że stanowisko ślusarza remontowego nie było w pełni tożsame ze stanowiskiem nastawiacza maszyn, gdyż jedynie w pewnym stopniu obejmowało czynności zwykle wykonywane przez nastawiacza maszyn, a mianowicie regulacje po wykonanym remoncie (d: zeznania świadka <xAnon>S. K.</xAnon> k- 94v).</xText>
          <xText>Co do dokumentów znajdujących się w sprawie VU 1106/00 dotyczącej <xAnon>R. N.</xAnon>, stwierdzić trzeba, że odnoszą się one do konkretnej sprawy i konkretnego pracownika dlatego nie można przenosić ich wprost do innej sprawy. Jak wynika ze sprawy VU 1106/00 - <xAnon>R. N.</xAnon> był zatrudniony w <xAnon> (...)</xAnon> jako ślusarz-mechanik/mechanik samochodowy w <xAnon>D.</xAnon><xAnon> (...)</xAnon> i początkowo sam zakład pracy nie uznawał tej pracy za wykonywaną w szczegółach warunkach. Wnioskodawca rozpoczął prace w <xAnon> (...)</xAnon> od stanowiska ślusarza w dziale Głównego Mechanika. W <xAnon>D.</xAnon><xAnon> (...)</xAnon> pracował od l sierpnia 1976 do 14 sierpnia 1978 r. Zgodnie z zarządzeniem wewnętrznym nr 36/84 Dyrektora <xAnon> (...)</xAnon><xAnon> Przędzalni (...)</xAnon> z dnia 20 lipca 1984 r. w sprawie prac zaliczanych do I kategorii zatrudnienia - stanowiska ślusarza w <xAnon>D.</xAnon> Głównego Mechanika, ślusarza remontowego w <xAnon>D.</xAnon> Głównego Mechanika-Warsztacie <xAnon>N.</xAnon><xAnon> (...)</xAnon>, ślusarza remontowego Oddziału <xAnon>N.</xAnon> Środków <xAnon> (...)</xAnon>, ślusarza w <xAnon> Magazynie (...)</xAnon> - nie były do tej kategorii zaliczane. W piśmie z dnia l grudnia 2000 r. proponuje się zaliczać wnioskodawcy jako pracę w szczególnych warunkach od l września 1978 r. (ślusarz remontowy O/PiK). (d: akta osobowe wnioskodawcy). Pracodawca odrębnie analizował konkretnych pracowników, dlatego powoływanie się wprost na jego pismo z 22 maja 2000 r. w sprawie <xAnon>R. N.</xAnon>, jest nieuprawnione bo dotyczy konkretnego (innego) pracownika. Zarówno świadkowie, jak i sam wnioskodawca wskazywali, że pojazdy naprawiało się w kanałach i na powietrzu, na poziomie zero. W pkt 1 poz. 16, działu XIV, wykazu A zarządzenia nr 7 Ministra Przemysłu Chemicznego i Lekkiego z 7 lipca 1987 r. wskazane są prace wykonywane w kanałach remontowych przy naprawie pojazdów mechanicznych lub szynowych - na stanowisku mechanika-montera (ślusarz) zatrudniony WYŁĄCZNIE w kanałach remontowych.</xText>
          <xText>Mając na uwadze powyższe Sąd Apelacyjny podzielił stanowisko i argumentacje Sądu Okręgowego.</xText>
          <xText>Na mocy <xLexLink xArt="art. 385" xIsapId="WDU19640430296" xTitle="Ustawa z dnia 17 listopada 1964 r. - Kodeks postępowania cywilnego" xAddress="Dz. U. z 1964 r. Nr 43, poz. 296">art. 385 KPC</xLexLink> Sąd Apelacyjny orzekł jak w sentencji.</xText>
        </xUnit>
      </xBlock>
    </xPart>
  </judgement>
<judgement id="152500000000503_I_ACa_000988_2012_Uz_2012-12-20_001">
    <xPart xEditorFullName="Małgorzata Galińska" xYear="2012" xLang="PL" xPublisherFullName="Jakub Głowiński" xFromPg="1" xEditor="galimalg" xVolType="15/250000/0000503/ACa" xPublisher="glowjaku" xDocType="Uz" xVolNmbr="000988" xVersion="1.0" xToPage="13" xFlag="published">
      <xName>Wyrok+Uzasadnienie</xName>
      <xBlock>
        <xText>
          <xBx>Sygn. akt: I ACa 988/12</xBx>
        </xText>
        <xUnit xIsTitle="true" xBold="true" xType="part">
          <xName>WYROK</xName>
          <xTitle>W IMIENIU RZECZYPOSPOLITEJ POLSKIEJ</xTitle>
          <xText xALIGNx="right">Dnia 28 grudnia 2012r.</xText>
          
          <xText>Sąd Apelacyjny w Łodzi I Wydział Cywilny</xText>
          <xText>w składzie:</xText>
          <xRows>
            <xCOLGROUPx>
              <xCOLx xWIDTHx="173"/>
              <xCOLx xWIDTHx="438"/>
            </xCOLGROUPx>
            <xRow>
              <xClmn xALIGNx="left" xVALIGNx="top">
                <xText>
                  <xBx>Przewodniczący:</xBx>
                </xText>
              </xClmn>
              <xClmn xALIGNx="left" xVALIGNx="top">
                <xText>
                  <xBx>SSA Dorota Ochalska - Gola (spr.)</xBx>
                </xText>
              </xClmn>
            </xRow>
            <xRow>
              <xClmn xALIGNx="left" xVALIGNx="top">
                <xText>
                  <xBx>Sędziowie:</xBx>
                </xText>
              </xClmn>
              <xClmn xALIGNx="left" xVALIGNx="top">
                <xText>
                  <xBx>SSA Anna Miastkowska</xBx>
                </xText>
                <xText>
                  <xBx>SSA Tomasz Szabelski</xBx>
                </xText>
              </xClmn>
            </xRow>
            <xRow>
              <xClmn xALIGNx="left" xVALIGNx="top">
                <xText>Protokolant:</xText>
              </xClmn>
              <xClmn xALIGNx="left" xVALIGNx="top">
                <xText>st.sekr.sądowy Grażyna Michalska</xText>
              </xClmn>
            </xRow>
          </xRows>
          
          <xText>po rozpoznaniu w dniu 20 grudnia 2012r. w Łodzi</xText>
          <xText>na rozprawie</xText>
          <xText>sprawy z powództwa <xBx><xAnon> (...) Spółki Akcyjnej</xAnon> w <xAnon>K.</xAnon></xBx></xText>
          <xText>przeciwko <xBx><xAnon> (...) Spółce z ograniczoną odpowiedzialnością</xAnon> w <xAnon>Ł.</xAnon></xBx></xText>
          <xText>o zapłatę</xText>
          <xText>na skutek apelacji strony powodowej</xText>
          <xText>od wyroku Sądu Okręgowego w Łodzi</xText>
          <xText>z dnia 17 grudnia 2010r. sygn. akt X GC 325/09</xText>
          <xText>uchyla zaskarżony wyrok i przekazuje sprawę do ponownego rozpoznania Sądowi Okręgowemu w Łodzi, pozostawiając temu Sądowi rozstrzygnięcie o kosztach postępowania kasacyjnego i apelacyjnego.</xText>
          <xText>Sygn. akt I ACa 988/12</xText>
        </xUnit>
        <xUnit xIsTitle="true" xBold="true" xType="part">
          <xName>UZASADNIENIE</xName>
          <xText>W pozwie z dnia 17 września 2009 r. <xAnon> (...) Spółka Akcyjna</xAnon> z siedzibą w <xAnon>K.</xAnon> wniosła o zasądzenie od pozwanej <xAnon> (...) Spółki z ograniczoną odpowiedzialnością</xAnon> z siedzibą w <xAnon>Ł.</xAnon> kwoty 1.946.893 zł wraz z ustawowymi odsetkami od dnia 20 lutego 2009 r. oraz zwrotu kosztów procesu. Dochodzona pozwem kwota stanowiła premię pieniężną za 2008 r. związaną z osiągnięciem poziomu obrotów danego produktu, określoną w § 5 ust. 3 <xIx>Generalnej umowy dostawy produktów</xIx> z dnia 14 grudnia 2004 r. Do pozwu załączono m.in. dowody z dokumentów w postaci faktur VAT i korespondencji elektronicznej między stronami na okoliczność wysokości tego rodzaju premii i jej wypłacenia w 2007 r. i zaliczkowo w 2008 r. Powodowa <xAnon> Spółka (...)</xAnon> powoływała się także na uznanie roszczenia przez stronę pozwaną.</xText>
          <xText><xAnon> (...) Spółka z o.o.</xAnon> z siedzibą w <xAnon>Ł.</xAnon> wnosiła o oddalenie powództwa. W jej ocenie, postanowienia <xIx>Generalnej umowy dostawy produktów z dnia 14 grudnia 2004 r. </xIx>zostały skutecznie zmienione podpisanym przez strony w kwietniu 2005 r. <xIx>Regulaminem premiowania, </xIx>który nadał premii charakter uznaniowy<xIx>. </xIx>Po stronie powódki nie powstało zatem roszczenie o jej wypłatę, a  zapłata zaliczki na premię w 2008 r. nie miała charakteru uznania długu.</xText>
          <xText>Zaskarżonym wyrokiem z dnia 17 grudnia 2010 r. Sąd Okręgowy w Łodzi X Wydział Gospodarczy oddalił powództwo i zasądził od <xAnon> (...) S.A.</xAnon> z siedzibą w <xAnon>K.</xAnon> na rzecz <xAnon> (...) Spółki z o.o.</xAnon> w <xAnon>Ł.</xAnon> kwotę 7.217 zł tytułem zwrotu kosztów procesu.</xText>
          <xText>Powyższe rozstrzygnięcie Sąd I instancji oparł na następujących ustaleń faktycznych:</xText>
          <xText>W imieniu pozwanej Spółki działa dwuosobowy zarząd, w skład którego wchodzą: <xAnon>S. M.</xAnon> i <xAnon>A. S.</xAnon>; z kolei jej prokurentem jest <xAnon>M. K.</xAnon>. Do składania oświadczeń woli i podpisywania w imieniu spółki, upoważniony jest prezes zarządu łącznie z innym członkiem zarządu lub z prokurentem.</xText>
          <xText>
            <xBx> Strony w październiku 2004 roku rozpoczęły negocjowanie zapisów generalnej umowy dostawy<xIx>. W dniu </xIx>14 grudnia 2004 r. strony zawarły umowę nazwaną <xIx>Generalną umową dostawy produktów.</xIx> Na mocy tej umowy dostawca-pozwana zobowiązała się do stałej sprzedaży na rzez odbiorcy-powódki produktów (urządzeń) branży sanitarnej i instalacyjnej (§ 1 ust. 1 umowy). Zgodnie z § 5 ust. 3 umowy w przypadku, gdy pozwana otrzymała od swojego dostawcy-producenta premię pieniężną związaną z osiągnięciem poziomu obrotów danego produktu (określonego regulaminem przyznawania tej premii), powódka nabywa roszczenie do pozwanej o część tej premii - w zakresie, w jakim przyczyniła się do jej otrzymania przez pozwaną. Wreszcie - zgodnie z § 15 ust 3 tej umowy - jej zmiany, uzupełnienia oraz jakiekolwiek oświadczenia składane przez strony w związku z umową pod rygorem nieważności, winny być dokonane w formie pisemnej i podpisane przez należycie upoważnionych przedstawicieli każdej ze stron<xIx>. </xIx>Zawarcie tej umowy wiązało się z przystąpieniem przez powódkę do grupy zakupowej zorganizowanej przez pozwaną<xIx>.</xIx></xBx>
          </xText>
          <xText>
            <xBx> Z uwagi na zmiany w zakresie podatku od towarów i usług, w listopadzie 2004 roku, pozwana zleciła kancelarii prawnej przeprowadzenie audytów wszystkich umów dostawy i sprzedaży tej spółki. Podczas tego audytu dostrzeżono wątpliwości w zakresie § 5 ust. 3 generalnych umów dostaw i w tym zakresie postanowiono wzmocnić pozycję pozwanej w stosunku do partnerów i wprowadzić uznaniowość wypłacania wszelkich premii. Projekt regulaminu wprowadzającego uznaniowość premii sporządzono pod koniec 2004 r.</xBx>
          </xText>
          <xText>
            <xBx> W konsekwencji pozwana w marcu 2005 roku przesłała wszystkim swoim odbiorcom, w tym powódce, projekt regulaminu<xIx>. </xIx>Przywołując § 5 ust. 3 powyższej <xIx>Generalnej umowy dostaw produktów,</xIx> strony zawarły <xIx>Regulamin premiowania obowiązujący w <xAnon> spółce (...)</xAnon>.</xIx> Zgodnie z § 1 tegoż regulaminu, określał on zasady i warunki premiowania w pozwanej spółce za zakup towarów oraz za wykonanie na rzecz pozwanej innych usług w zakresie nawiązanego stosunku prawnego. Natomiast w § 2 strony postanowiły, że premia na charakter uznaniowy, co oznacza, że powódka nie dysponuje roszczeniem o przyznanie i wypłatę premii, a jej przyznanie i wypłacenie zależy wyłącznie od decyzji pozwanej. W § 3 tegoż regulaminu określono przesłanki przyznania przez pozwaną premii, zaznaczając jednocześnie, że następuje to z zastrzeżeniem treści § 2 regulaminu. Zgodnie z § 4 ust. 1 regulaminu w przypadku uzyskania prawa do premii, wysokość premii miała być określona w stawce procentowej, która miała wynosić część przyczynienia się do uzyskanej przez pozwaną premii. Zgodnie zaś z § 5 ust. 3 pozwana miała poinformować powódkę o rozstrzygnięciu jej zastrzeżeń do wysokości przyznanej premii. Natomiast w § 6 uregulowano postępowanie, na wypadek gdyby z kolei pozwana została pozbawiona premii przez swojego dostawcę. Wreszcie w § 8 tegoż regulaminu postanowiono, że wchodzi on w życie z dniem podpisania umowy o współpracy<xIx>. </xIx>Powyższy <xIx>Regulamin premiowania,</xIx> w imieniu pozwanej, podpisał jedynie członek zarządu pozwanej - <xAnon>S. M.</xAnon><xIx>. W</xIx> kwietniu 2005 roku, powódka odesłała pozwanej podpisany przez siebie <xIx>Regulamin. A</xIx>nalogiczne w treści do tego regulaminu umowy pozwana zawarła z pozostałymi podmiotami uczestniczącymi w ramach przedmiotowej grupy zakupowej.</xBx>
          </xText>
          <xText>
            <xBx> W piśmie z 17 października 2008 r. adresowanym do powódki, pozwana oświadczyła, że nie jest jeszcze w stanie oszacować bonusów rocznych bez wyników ostatniego kwartału. Pozwana mogła jedynie oświadczyć, że bonusy dla powódki będą naliczone i wypłacone na takich samych zasadach, jak dla pozostałych partnerów pozwanej, co regulują odpowiednie umowy między stronami. W kolejnym piśmie stanowiącym odpowiedź na pismo powódki z 18 października 2008 r., pozwana podtrzymała stanowisko, zgodnie z którym wszelkie należne bonusy, nagrody i prowizje itp., należne ustępującym wspólnikom, wypłacone im zostaną na identycznych zasadach, na jakich należności te wypłacane będą wspólnikom pozostającym w pozwanej spółce. Pozwana wezwała pozwaną do spłaty zaległych zobowiązań, które przewyższały wartość zabezpieczeń<xIx>.</xIx></xBx>
          </xText>
          <xText>
            <xBx> Pismem z 9 lutego 2009 r., doręczonym 12 lutego 2009 r., powódka wezwała pozwaną do wydania wszelkich dokumentów niezbędnych do ustalenia należnych powódce: premii pieniężnej i innych gratyfikacji za 2008 rok<xIx>.</xIx></xBx>
          </xText>
          <xText>
            <xBx> Pismem z 5 czerwca 2009 r., nadanym do pozwanej listem poleconym 9 czerwca 2009 r., powódka wezwała ją do zapłaty m.in. premii pieniężnych z tytułu obrotów handlowych w 2008 roku, uzyskanych za pośrednictwem <xAnon>(...)</xAnon>, w nieprzekraczalnym terminie 7 dni liczonym od daty odbioru tego wezwania. W załączniku do tego pisma wskazano, że szacunkowy bonus roczny wynosi 2.166.835,38 zł<xIx>.</xIx></xBx>
          </xText>
          <xText>
            <xBx> W czwartym kwartale 2008 roku powódka nie przyczyniała się do pozyskania premii przez pozwaną, gdyż zawiesiła zakupy<xIx>.</xIx></xBx>
          </xText>
          <xText>W toku postępowania Sąd Okręgowy postanowieniem z 9 listopada 2010 r. oddalił wnioski dowodowe strony powodowej nakierowane na wykazanie wysokości należnej premii. W uzasadnieniu zaskarżonego wyroku wskazał, iż z uwagi na to, że dochodzone roszczenie podlegało oddaleniu jako nieusprawiedliwione co do zasady, ustalenie wysokości roszczenia nie było istotne z punktu widzenia merytorycznego rozstrzygnięcia. Niezależnie od tego, Sąd I instancji wskazał, że pozwana Spółka nie kwestionowała wysokości roszczenia. Gdyby więc nawet uznać roszczenie za usprawiedliwione co do zasady, w sytuacji braku jakichkolwiek zarzutów co do jego wysokości, przeprowadzenie dowodów na okoliczność wysokości premii było także zbędne.</xText>
          <xText>
            <xBx> W tym stanie rzeczy Sąd Okręgowy oddalił powództwo o zapłatę premii uznając, że postanowienia <xIx>Generalnej umowy dostaw produktów z dnia 14 grudnia 2004 r. w zakresie zasad przyznawania premii, został skutecznie zmienione późniejszym Regulaminem premiowania</xIx>, który ma charakter lex specialis. Z mocy <xLexLink xArt="art. 103 § 2" xIsapId="WDU19640160093" xTitle="Ustawa z dnia 23 kwietnia 1964 r. - Kodeks cywilny" xAddress="Dz. U. z 1964 r. Nr 16, poz. 93">§ 2</xLexLink> wiążącego strony <xIx>Regulaminu premiowania</xIx> premia miała charakter uznaniowy i pozwana mogła odmówić jej wypłaty. Okoliczność podpisania <xIx>Regulaminu</xIx> przez jednego tylko członka zarządu pozwanej, pomimo wymogu jej reprezentacji łącznej, została sanowana w ten sposób, że pozwana potwierdziła ten <xIx>Regulamin,</xIx> składając oświadczenie o związaniu treścią <xIx>Regulaminu</xIx> w odpowiedzi na pozew, co znajdowało usprawiedliwienie zastosowaniem <xLexLink xArt="art. 103;art. 103 § 1;art. 103 § 2" xIsapId="WDU19640160093" xTitle="Ustawa z dnia 23 kwietnia 1964 r. - Kodeks cywilny" xAddress="Dz. U. z 1964 r. Nr 16, poz. 93">art. 103 § 1 i 2 k.c.</xLexLink> Regulamin był więc ważny, a z mocy postanowienia <xLexLink xArt="art. 103 § 2" xIsapId="WDU19640160093" xTitle="Ustawa z dnia 23 kwietnia 1964 r. - Kodeks cywilny" xAddress="Dz. U. z 1964 r. Nr 16, poz. 93">§ 2</xLexLink> premia za obrót zależała od uznania pozwanej. Sąd Okręgowy odniósł się także do twierdzeń pozwu o uznaniu długu, uznając ostatecznie, iż tego rodzaju skutków nie wywiera ani częściowa zaliczkowa zapłata premii za 2008 r., ani też pisma kierowane przez pozwaną Spółkę do strony powodowej, w których zapewniała ona o naliczeniu premii na analogicznych zasadach jak w przypadku pozostałych członków grupy zakupowej. </xBx>
          </xText>
          
          <xText>Apelację od powyższego wyroku wniosła strona powodowa, zaskarżając go w całości i zarzucając mu:</xText>
          <xText>- naruszenie przepisów prawa materialnego, a to <xLexLink xArt="art. 103;art. 103 § 1;art. 103 § 2" xIsapId="WDU19640160093" xTitle="Ustawa z dnia 23 kwietnia 1964 r. - Kodeks cywilny" xAddress="Dz. U. z 1964 r. Nr 16, poz. 93">art. 103 § 1 i 2 k.c.</xLexLink> poprzez jego niewłaściwe zastosowanie przejawiające się w zastosowaniu powyższych przepisów dotyczących działania rzekomego pełnomocnika przez analogię do działania organu osoby prawnej - spółki kapitałowej,</xText>
          <xText>- naruszenie przepisów prawa materialnego, a to <xLexLink xArt="art. 58" xIsapId="WDU19640160093" xTitle="Ustawa z dnia 23 kwietnia 1964 r. - Kodeks cywilny" xAddress="Dz. U. z 1964 r. Nr 16, poz. 93">art. 58 k.c.</xLexLink> poprzez niezastosowanie sankcji bezwzględnej nieważności czynności prawnej zawarcia <xIx>Regulaminu Premiowania</xIx>,</xText>
          <xText>- naruszenie przepisów prawa procesowego poprzez naruszenie zasad swobodnej oceny dowodów (błąd dowodzenia), a tym samym, naruszenie przepisu <xLexLink xArt="art. 233;art. 233 § 1" xIsapId="WDU19640430296" xTitle="Ustawa z dnia 17 listopada 1964 r. - Kodeks postępowania cywilnego" xAddress="Dz. U. z 1964 r. Nr 43, poz. 296">art. 233 § 1 k.p.c.</xLexLink> poprzez uznanie przez Sąd ważności <xIx>Regulaminu premiowania</xIx>,</xText>
          <xText>- naruszenie przepisu prawa procesowego, a to <xLexLink xArt="art. 479(14);art. 479(14) § 2" xIsapId="WDU19640430296" xTitle="Ustawa z dnia 17 listopada 1964 r. - Kodeks postępowania cywilnego" xAddress="Dz. U. z 1964 r. Nr 43, poz. 296">art. 479<xSUPx>14</xSUPx> § 2 k.p.c.</xLexLink> poprzez orzekanie co do zarzutu nie zgłoszonego przez pozwaną tj. odnośnie zaistnienia faktu potwierdzenia przez pozwaną zawarcia <xIx>Regulaminu Premiowania</xIx>,</xText>
          <xText>- naruszenie przepisów prawa procesowego poprzez naruszenie zasad swobodnej oceny dowodów (błąd dowodzenia), a tym samym, naruszenie przepisu <xLexLink xArt="art. 233;art. 233 § 1" xIsapId="WDU19640430296" xTitle="Ustawa z dnia 17 listopada 1964 r. - Kodeks postępowania cywilnego" xAddress="Dz. U. z 1964 r. Nr 43, poz. 296">art. 233 § 1 k.p.c.</xLexLink> poprzez sprzeczne z zasadami logiki i doświadczenia życiowego określenie daty zawarcia <xIx>Regulaminu Premiowania</xIx>,</xText>
          <xText>- naruszenie przepisów prawa procesowego poprzez naruszenie zasad swobodnej oceny dowodów (błąd dowodzenia), a tym samym, naruszenie przepisu <xLexLink xArt="art. 233;art. 233 § 1" xIsapId="WDU19640430296" xTitle="Ustawa z dnia 17 listopada 1964 r. - Kodeks postępowania cywilnego" xAddress="Dz. U. z 1964 r. Nr 43, poz. 296">art. 233 § 1 k.p.c.</xLexLink> poprzez sprzeczne z zasadami logiki i doświadczenia życiowego określenie intencji stron przy zawieraniu <xIx>Regulaminu Premiowania</xIx>,</xText>
          <xText>- naruszenie przepisów prawa procesowego poprzez naruszenie zasad swobodnej oceny dowodów (błąd dowodzenia), a tym samym, naruszenie przepisu <xLexLink xArt="art. 233;art. 233 § 1" xIsapId="WDU19640430296" xTitle="Ustawa z dnia 17 listopada 1964 r. - Kodeks postępowania cywilnego" xAddress="Dz. U. z 1964 r. Nr 43, poz. 296">art. 233 § 1 k.p.c.</xLexLink> poprzez sprzeczne z zasadami logiki i doświadczenia życiowego uznanie, że pozwana nie przyznała powódce premii z tytułu osiągniętych obrotów i nie uznała z tego tytułu długu.</xText>
          <xText>W uzasadnieniu apelacji powódka wskazała, że strona pozwana nie kwestionowała wysokości roszczenia i nie przedstawiła na tę okoliczność żadnych dowodów. Na tej podstawie wywiodła, iż jej twierdzenia w tym zakresie należy uznać za ustalone prawidłowo i przyznane przez pozwaną.</xText>
          <xText>
            <xBx> W konkluzji skarżąca wniosła o zmianę zaskarżonego wyroku poprzez uwzględnienie powództwa w całości, <xIx>ewentualnie</xIx> o uchylenie zaskarżonego wyroku i przekazanie sprawy Sądowi I instancji do ponownego rozpoznania i zasądzenie od pozwanej na rzecz powódki kosztów postępowania za obie instancje.</xBx>
          </xText>
          <xText>Po rozpoznaniu sprawy na skutek apelacji powódki Sąd Apelacyjny w Łodzi I Wydział Cywilny wyrokiem z dnia 6 czerwca 2011 r. w sprawie sygn. I ACa 259/11 zmienił zaskarżony wyrok w ten sposób, że uwzględnił powództwo w zakresie kwoty 1.946.893 zł z ustawowymi odsetkami od 20 października 2009 r., oddalił powództwo w pozostałym zakresie, zasądził od pozwanej na rzecz powódki kwotę 104.562 zł tytułem zwrotu kosztów procesu, zasądził od pozwanej na rzecz powódki kwotę 102.745 zł z tytułu kosztów postępowania apelacyjnego oraz oddalił apelację w pozostałym zakresie.</xText>
          <xText>Sąd Apelacyjny zakwestionował pogląd Sądu I instancji, że czynności prawnej, w postaci wydania <xIx>Regulaminu</xIx>, dokonał organ osoby prawnej, podczas gdy faktycznie czynności tej dokonała jedna osoba wchodząca w skład tego organu pozwanej Spółki. W ocenie Sądu drugiej instancji czynność dokonana przez „fałszywy organ” jest bezwzględnie nieważna i nie podlega konwalidacji wobec niedopuszczalności zastosowania <xLexLink xArt="art. 103" xIsapId="WDU19640160093" xTitle="Ustawa z dnia 23 kwietnia 1964 r. - Kodeks cywilny" xAddress="Dz. U. z 1964 r. Nr 16, poz. 93">art. 103 k.c.</xLexLink> nawet w drodze analogii. Ustawodawca świadomie pominął w <xLexLink xArt="art. 39" xIsapId="WDU19640160093" xTitle="Ustawa z dnia 23 kwietnia 1964 r. - Kodeks cywilny" xAddress="Dz. U. z 1964 r. Nr 16, poz. 93">art. 39 k.c.</xLexLink> możliwość potwierdzania umowy na wzór <xLexLink xArt="art. 103" xIsapId="WDU19640160093" xTitle="Ustawa z dnia 23 kwietnia 1964 r. - Kodeks cywilny" xAddress="Dz. U. z 1964 r. Nr 16, poz. 93">art. 103 k.c.</xLexLink>, znajdującego zastosowanie jedynie do pełnomocnika osoby prawnej, a nie do jej organu. W tej sytuacji pozwana Spółka nie mogła potwierdzić działania prezesa swego zarządu, chociażby stanowiskiem wyartykułowanym w odpowiedzi na pozew. Sąd Apelacyjny nie podzielił też stanowiska strony pozwanej, że prezes jej zarządu działał jako pełnomocnik <xAnon> Spółki (...)</xAnon> z mocy upoważnienia uzyskanego od spółki, ponieważ „upoważnienie” to nie zostało udzielone przez dwóch członków zarządu, a więc nie pochodziło od organu spółki reprezentowanej z zachowaniem wymogu reprezentacji łącznej. Wobec braku podstaw do uznania prezesa zarządu za pełnomocnika pozwanej spółki czynności dokonane przez niego uznać należało za bezwzględnie nieważne na podstawie <xLexLink xArt="art. 58" xIsapId="WDU19640160093" xTitle="Ustawa z dnia 23 kwietnia 1964 r. - Kodeks cywilny" xAddress="Dz. U. z 1964 r. Nr 16, poz. 93">art. 58 k.c.</xLexLink> W tej sytuacji <xIx>Regulamin premiowania</xIx>, podpisany jedynie przez prezesa zarządu pozwanej, był bezwzględnie nieważny i jedyną podstawą przyznania premii były postanowienia <xIx>Generalnej umowy dostawy produktów</xIx>, której § 5 ust. 3 przewidywał roszczenie o wypłatę premii nie mającej charakteru uznaniowego. W tej sytuacji Sąd Apelacyjny uwzględnił dochodzone przez powódkę roszczenie. W dalszych rozważaniach przyjął, że strona pozwana w toku postępowania nie kwestionowała wysokości dochodzonego roszczenia, a jedynie samą zasadę odpowiedzialności, przeto przedstawione przez <xAnon> (...) S.A.</xAnon> dowody – dokumenty załączone do pozwu - określające wysokość roszczenia z tego tytułu należy uznać za wystarczające.</xText>
          <xText>Na skutek skargi kasacyjnej strony pozwanej Sąd Najwyższy wyrokiem z dnia 11 lipca 2012 r. w sprawie sygn. II CSK 744/11 odrzucił skargę kasacyjną w części zaskarżającej wyrok w punkcie III (trzecim), a w pozostałym zakresie uchylił zaskarżony wyrok i przekazał sprawę Sądowi Apelacyjnemu w Łodzi do ponownego rozpoznania i orzeczenia o kosztach postępowania kasacyjnego.</xText>
          <xText>W uzasadnieniu powyższego wyroku Sąd Najwyższy nie podzielił zarzutów skargi kasacyjnej opartych na naruszeniu prawa materialnego tj. <xLexLink xArt="art. 58;art. 58 § 1" xIsapId="WDU19640160093" xTitle="Ustawa z dnia 23 kwietnia 1964 r. - Kodeks cywilny" xAddress="Dz. U. z 1964 r. Nr 16, poz. 93">art. 58 § 1 k.c.</xLexLink> oraz <xLexLink xArt="art. 103;art. 103 § 1;art. 103 § 2" xIsapId="WDU19640160093" xTitle="Ustawa z dnia 23 kwietnia 1964 r. - Kodeks cywilny" xAddress="Dz. U. z 1964 r. Nr 16, poz. 93">art. 103 § 1 i 2 k.c.</xLexLink> w związku z <xLexLink xArt="art. 39" xIsapId="WDU19640160093" xTitle="Ustawa z dnia 23 kwietnia 1964 r. - Kodeks cywilny" xAddress="Dz. U. z 1964 r. Nr 16, poz. 93">art. 39 k.c.</xLexLink> Przyjął, że bezzasadność wskazanego zarzutu naruszenia prawa materialnego oznacza w konsekwencji przesądzenie o samej zasadności żądania strony powodowej, ale nie o jego wysokości. W tym zakresie za trafny Sąd Najwyższy uznał zarzut naruszenia <xLexLink xArt="art. 230" xIsapId="WDU19640430296" xTitle="Ustawa z dnia 17 listopada 1964 r. - Kodeks postępowania cywilnego" xAddress="Dz. U. z 1964 r. Nr 43, poz. 296">art. 230 k.p.c.</xLexLink> w stopniu mogącym mieć istotny wpływ na wynik sprawy, który obejmuje swym zakresem także przesądzenie o wysokości dochodzonego roszczenia. Zgodził się ze stanowiskiem strony pozwanej , że zwalczanie powództwa w całości, a więc co do zasady, nie może być w takiej sytuacji potraktowane jako równoznaczne z milczącym przyznaniem faktów, mających rozstrzygać o wysokości dochodzonego roszczenia. Oczywistym jest, że stanowcze kwestionowanie powództwa co do zasady zwalnia z obowiązku wypowiadania się co do twierdzeń strony przeciwnej o faktach dotyczących samej wysokości dochodzonego roszczenia. Nie uzasadnia to jednak zastosowania <xLexLink xArt="art. 230" xIsapId="WDU19640430296" xTitle="Ustawa z dnia 17 listopada 1964 r. - Kodeks postępowania cywilnego" xAddress="Dz. U. z 1964 r. Nr 43, poz. 296">art. 230 k.p.c.</xLexLink> i uznania, że w takiej sytuacji doszło do milczącego przyznania faktów. Przepis ten wymaga do jego zastosowania wzięcia przez Sąd pod uwagę wyników całej rozprawy, a więc m. in. konsekwentnego stanowiska prezentowanego przez stronę pozwaną, bez względu na ostateczny rezultat oceny co do jego zasadności. W tej sytuacji stanowisko Sądu Apelacyjnego, który przedstawione przez powódkę dowody (dokumenty) określające wysokość roszczenia uznał za wystarczające, nie jest możliwe do zaakceptowania w postępowaniu kasacyjnym, bez bliższego wskazania tych dowodów, które przesądziły o wysokości kwoty zasądzonej od strony pozwanej wyrokiem reformatoryjnym. Zasadność zarzutów naruszenia <xLexLink xArt="art. 230" xIsapId="WDU19640430296" xTitle="Ustawa z dnia 17 listopada 1964 r. - Kodeks postępowania cywilnego" xAddress="Dz. U. z 1964 r. Nr 43, poz. 296">art. 230 k.p.c.</xLexLink> i <xLexLink xArt="art. 386;art. 386 § 1" xIsapId="WDU19640430296" xTitle="Ustawa z dnia 17 listopada 1964 r. - Kodeks postępowania cywilnego" xAddress="Dz. U. z 1964 r. Nr 43, poz. 296">art. 386 § 1 k.p.c.</xLexLink> przesądziła c o uwzględnieniu skargi kasacyjnej we wskazanej w sentencji części, ponieważ sprawa nie dojrzała jeszcze do ostatecznego rozstrzygnięcia wobec konieczności poczynienia udokumentowanych ustaleń odnośnie wysokości dochodzonego przez powódkę roszczenia.</xText>
          <xText>W toku ponownego rozpoznania sprawy przed Sądem Apelacyjnym strona pozwana wskazywała na związanie w świetle dyspozycji <xLexLink xArt="art. 378;art. 378 § 1" xIsapId="WDU19640430296" xTitle="Ustawa z dnia 17 listopada 1964 r. - Kodeks postępowania cywilnego" xAddress="Dz. U. z 1964 r. Nr 43, poz. 296">art. 378 § 1 k.p.c.</xLexLink> granicami wniesionej przez powódkę apelacji, w której zabrakło zarzutów naruszenia prawa procesowego nakierowanych na podważenie postanowienia Sądu I instancji z dnia 9 listopada 2010 r. o oddaleniu wszystkich wniosków dowodowych zmierzających do wykazania wysokości dochodzonego pozwem roszczenia. <xAnon> Spółka (...)</xAnon> zwróciła ponadto uwagę, że apelujący nie zgłosił stosownych zastrzeżeń co do naruszenia przepisów procedury w trybie <xLexLink xArt="art. 162" xIsapId="WDU19640430296" xTitle="Ustawa z dnia 17 listopada 1964 r. - Kodeks postępowania cywilnego" xAddress="Dz. U. z 1964 r. Nr 43, poz. 296">art. 162 k.p.c.</xLexLink> Dodatkowo przedstawiła argumentację, która w jej ocenie wskazuje na niedopuszczalność części zgłaszanych przez powódkę środków dowodowych , którą wywodziła z możliwości naruszenia postanowienia § 15 pkt 1 i 3 <xIx>Generalnej umowy dostawy produktów.</xIx></xText>
          <xText>Strona powodowa popierając apelację , w piśmie procesowym z dnia 19 grudnia 2012 r. wniosła o dopuszczenie na podstawie <xLexLink xArt="art. 380" xIsapId="WDU19640430296" xTitle="Ustawa z dnia 17 listopada 1964 r. - Kodeks postępowania cywilnego" xAddress="Dz. U. z 1964 r. Nr 43, poz. 296">art. 380 k.p.c.</xLexLink> i przeprowadzenie przez Sąd Apelacyjny wszystkich dowodów zgłoszonych w pozwie oraz zawnioskowanych w tym piśmie. Wskazywała, że jej dotychczasowe stanowisko procesowe podyktowane było treścią orzeczeń Sądu Okręgowego, który w sposób korzystny dla powódki konsekwentnie uznawał, że wysokość dochodzonego pozwem roszczenia jest niesporna i istnieją przesłanki dla uznania tej okoliczności za przyznaną.</xText>
          
          <xText>Sąd Apelacyjny zważył, co następuje:</xText>
          
          <xText>Apelacja strony powodowej jest uzasadniona.</xText>
          <xText>Rozważania dotyczące argumentów apelującego należy poprzedzić ogólną konstatacją dotyczącą zakresu związania Sądu Apelacyjnego stanowiskiem przedstawionym w uzasadnieniu wyroku Sądu Najwyższego z dnia 11 lipca 2012 r. w sprawie sygn. II CSK 744/11. Zgodnie z <xLexLink xArt="art. 398(20)" xIsapId="WDU19640430296" xTitle="Ustawa z dnia 17 listopada 1964 r. - Kodeks postępowania cywilnego" xAddress="Dz. U. z 1964 r. Nr 43, poz. 296">art. 398<xSUPx>20 </xSUPx>k.p.c.</xLexLink> sąd, któremu sprawa została przekazana, związany jest wykładnią prawa dokonaną w tej sprawie przez Sąd Najwyższy. W świetle powszechnie przyjmowanego w judykaturze poglądu , użyte w powołanym przepisie pojęcie „wykładnia prawa” powinno być interpretowane wąsko, jako wyjaśnienie treści przepisów prawa. Tym samym związanie wykładnią Sądu Najwyższego w rozumieniu <xLexLink xArt="art. 398(20)" xIsapId="WDU19640430296" xTitle="Ustawa z dnia 17 listopada 1964 r. - Kodeks postępowania cywilnego" xAddress="Dz. U. z 1964 r. Nr 43, poz. 296">art. 398<xSUPx>20</xSUPx> k.p.c.</xLexLink> oznacza, że sąd, któremu sprawa została przekazana do ponownego rozpoznania, nie może przepisów prawa interpretować odmiennie niż to wynika z uzasadnienia orzeczenia Sądu Najwyższego wydanego w rozpoznawanej sprawie ( tak SN m.in. w wyroku z dnia 6 maja 2010 r. w sprawie II CSK 626/09, Lex nr 585769; w wyroku z dnia 13 stycznia 2010 r. w sprawie II CSK 374/09, Lex nr 677771) . Przy ponownym rozpoznaniu sprawy Sąd Apelacyjny kieruje się ogólnymi regułami postępowania apelacyjnego, bowiem przy przekazaniu sprawy przez Sąd Najwyższy do ponownego rozpoznania , związanie sądu niższej instancji wynikające z <xLexLink xArt="art. 398(20)" xIsapId="WDU19640430296" xTitle="Ustawa z dnia 17 listopada 1964 r. - Kodeks postępowania cywilnego" xAddress="Dz. U. z 1964 r. Nr 43, poz. 296">art. 398<xSUPx>20 </xSUPx> k.p.c.</xLexLink> nie obejmuje wskazań co do dalszego toku procesu ( vide wyrok SN z dnia 6 maja 2009 r. w sprawie II CSK 668/08 , Lex nr 510961). Przy uwzględnieniu powołanych dyrektyw, interpretacja stanowiska Sądu Najwyższego zawartego w uzasadnieniu wyroku z dnia 11 lipca 2012 r. prowadzi do wniosku o konieczności wykluczenia w realiach sporu odpowiedniego stosowania <xLexLink xArt="art. 103;art. 103 § 1;art. 103 § 2" xIsapId="WDU19640160093" xTitle="Ustawa z dnia 23 kwietnia 1964 r. - Kodeks cywilny" xAddress="Dz. U. z 1964 r. Nr 16, poz. 93">art. 103 § 1 i 2 k.c.</xLexLink> w związku z <xLexLink xArt="art. 39" xIsapId="WDU19640160093" xTitle="Ustawa z dnia 23 kwietnia 1964 r. - Kodeks cywilny" xAddress="Dz. U. z 1964 r. Nr 16, poz. 93">art. 39 k.c.</xLexLink> Odrzucenie przez Sąd Najwyższy przywołanego w skardze kasacyjnej zarzutu naruszenia <xLexLink xArt="art. 58;art. 58 § 1" xIsapId="WDU19640160093" xTitle="Ustawa z dnia 23 kwietnia 1964 r. - Kodeks cywilny" xAddress="Dz. U. z 1964 r. Nr 16, poz. 93">art. 58 § 1 k.c.</xLexLink> poprzez jego niewłaściwe zastosowanie przy ocenie <xIx>Regulaminu premiowania </xIx>( vide strona 4 uzasadnienia wyroku z dnia 11 lipca 2012 r.) i wprost wyrażone stanowisko o istnieniu samej zasady odpowiedzialności strony pozwanej, zamykają także drogę dla dalszych rozważań o skuteczności pełnomocnictwa udzielonego <xAnon>S. M.</xAnon> przez drugiego członka zarządu pozwanej Spółki. Sąd Apelacyjny akceptuje przy tym w pełni rozważania przedstawione uprzednio w uzasadnieniu zaskarżonego wyroku oraz wyroku z dnia 6 czerwca 2011 r. w sprawie sygn. I ACa 259/11 co do obalenia domniemania prawdziwości tego dokumentu, poprzez nie złożenie jego oryginału, mimo zastrzeżeń podniesionych przez przeciwnika procesowego. Uzupełniająco wypada także zgodzić się ze stanowiskiem o niedopuszczalności ustanowienia członka zarządu pełnomocnikiem Spółki w drodze czynności innego członka zarządu zdziałanej niezgodnie z obowiązującą zasadą reprezentacji ( vide uzasadnienie uchwały SN z dnia 23 sierpnia 2006 r. w sprawie III CZP 68/06, OSNC 2007/6/82; podobnie wyrok SN z dnia 4 lutego 2010 r. w sprawie IV CSK 416/09; Lex nr 577698). W okolicznościach sporu należy również uznać za niedopuszczalne ustanowienie członka zarządu pełnomocnikiem innego członka zarządu ( osoby fizycznej) ze skutkiem uprawniającym do sprawowania w jego imieniu mandatu, w tym do dokonywania czynności w zakresie reprezentacji spółki kapitałowej prawa handlowego. W przekonaniu Sądu Apelacyjnego tego rodzaju czynność prowadziłaby nie tylko do obejścia ustalonej w umowie spółki ( ze skutkiem konstytutywnym z <xLexLink xArt="art. 205;art. 205 § 1" xIsapId="WDU20000941037" xTitle="Ustawa z dnia 15 września 2000 r. - Kodeks spółek handlowych" xAddress="Dz. U. z 2000 r. Nr 94, poz. 1037">art. 205 § 1 k.s.h.</xLexLink>) zasady łącznej reprezentacji strony pozwanej, ale narusza także fundamentalną zasadę osobistego charakteru uprawnień i odpowiedzialności za sprawowanie mandatu członka zarządu wyrażoną m.in. w <xLexLink xArt="art. 203;art. 203 § 1;art. 204;art. 208;art. 208 § 2;art. 208 § 3" xIsapId="WDU20000941037" xTitle="Ustawa z dnia 15 września 2000 r. - Kodeks spółek handlowych" xAddress="Dz. U. z 2000 r. Nr 94, poz. 1037">art. 203 § 1 , art. 204, art. 208 § 2 i 3</xLexLink> czy <xLexLink xArt="art. 299" xIsapId="WDU20000941037" xTitle="Ustawa z dnia 15 września 2000 r. - Kodeks spółek handlowych" xAddress="Dz. U. z 2000 r. Nr 94, poz. 1037">art. 299 k.s.h.</xLexLink> Reasumując , w świetle przedstawionych wywodów czynność prawna w postaci podpisania <xIx>Regulaminu premiowania </xIx>przez fałszywy organ osoby prawnej musi być uznana za bezwzględnie nieważną, co w konsekwencji prowadzi do odrzucenia prezentowanej przez stronę pozwaną koncepcji o uznaniowości premii z tytułu osiągnięcia określonych obrotów, wywiedzionej z postanowień § 2 tego <xIx>Regulaminu.</xIx> Tym samym bezprzedmiotowe stało się szczegółowe rozważanie przywołanych w apelacji zarzutów naruszenia prawa materialnego tj. <xLexLink xArt="art. 58" xIsapId="WDU19640160093" xTitle="Ustawa z dnia 23 kwietnia 1964 r. - Kodeks cywilny" xAddress="Dz. U. z 1964 r. Nr 16, poz. 93">art. 58 k.c.</xLexLink> oraz <xLexLink xArt="art. 103;art. 103 § 1;art. 103 § 2" xIsapId="WDU19640160093" xTitle="Ustawa z dnia 23 kwietnia 1964 r. - Kodeks cywilny" xAddress="Dz. U. z 1964 r. Nr 16, poz. 93">art. 103 § 1 i 2 k.c.</xLexLink>, a także zarzutów naruszenia prawa procesowego tj. <xLexLink xArt="art. 479(14);art. 479(14) § 2" xIsapId="WDU19640430296" xTitle="Ustawa z dnia 17 listopada 1964 r. - Kodeks postępowania cywilnego" xAddress="Dz. U. z 1964 r. Nr 43, poz. 296">art. 479<xSUPx>14 </xSUPx>§ 2 k.p.c.</xLexLink> i <xLexLink xArt="art. 233;art. 233 § 1" xIsapId="WDU19640430296" xTitle="Ustawa z dnia 17 listopada 1964 r. - Kodeks postępowania cywilnego" xAddress="Dz. U. z 1964 r. Nr 43, poz. 296">art. 233 § 1 k.p.c.</xLexLink> w zakresie , w jakim nakierowane były one wyłącznie na zakwestionowanie stanowiska Sądu I instancji o obowiązywaniu postanowień powołanego <xIx>Regulaminu premiowania.</xIx> Wykładnia przepisów prawa przyjęta w wyroku z dnia 11 lipca 2012 r. sprawia, że nie można <xIx>a priori</xIx> wykluczyć zasadności zarzutu naruszenia <xLexLink xArt="art. 233;art. 233 § 1" xIsapId="WDU19640430296" xTitle="Ustawa z dnia 17 listopada 1964 r. - Kodeks postępowania cywilnego" xAddress="Dz. U. z 1964 r. Nr 43, poz. 296">art. 233 § 1 k.p.c.</xLexLink> , który wyraża się w sprzecznym z zasadami logiki i doświadczenia życiowego uznaniu, iż strona pozwana nie uznała długu z tytułu dochodzonej pozwem premii. Stanowisko Sądu Okręgowego w tej kwestii opierało się bowiem na założeniu, że premia ta ma charakter uznaniowy. Po stronie pozwanej nie powstał dług, którego istnienie mogłaby uznać. W świetle uzasadnienia wyroku Sądu Najwyższego teza ta musi ulec weryfikacji, a oświadczenie strony pozwanej z dnia 17 października 2008 r. ( złożone zgodnie z zasadą reprezentacji) winno podlegać stosownej wykładni w kontekście przesłanek uznania długu.</xText>
          <xText>Zaprezentowana przez Sąd Najwyższy wykładnia przepisu prawa procesowego tj. <xLexLink xArt="art. 230" xIsapId="WDU19640430296" xTitle="Ustawa z dnia 17 listopada 1964 r. - Kodeks postępowania cywilnego" xAddress="Dz. U. z 1964 r. Nr 43, poz. 296">art. 230 k.p.c.</xLexLink> skutkuje z kolei przyjęciem tezy o wadliwości stanowiska - dotychczas konsekwentnie prezentowanego przez Sądy obu instancji - w przedmiocie uznania przez stronę pozwaną wysokości roszczenia wywodzonego z § 5 ust. 3 <xIx>Generalnej umowy dostawy produktów, </xIx>co aktualizuje potrzebę wykazania tych faktów z zachowaniem ciężaru dowodu z <xLexLink xArt="art. 6" xIsapId="WDU19640160093" xTitle="Ustawa z dnia 23 kwietnia 1964 r. - Kodeks cywilny" xAddress="Dz. U. z 1964 r. Nr 16, poz. 93">art. 6 k.c.</xLexLink></xText>
          <xText>Podsumowanie dotychczasowych wywodów prowadzi do wniosku, że rozstrzygnięcie Sądu Apelacyjnego w rozpatrywanej sprawie warunkowane jest odpowiedzią na dwa podstawowe zagadnienia, z których jedno sprowadza się do oceny, czy błędna teza Sądu I instancji o uznaniowości premii, a tym samym o braku po stronie powoda roszczenia o jej wypłatę, skutkuje uznaniem, iż Sąd Okręgowy uchylił się od rozpoznania istoty sporu, zaś drugie - do rozważenia kwestii zasygnalizowanej w piśmie procesowym strony pozwanej z dnia 18 października 2012 r. , a dotyczącej związania granicami apelacji w rozumieniu <xLexLink xArt="art. 378;art. 378 § 1" xIsapId="WDU19640430296" xTitle="Ustawa z dnia 17 listopada 1964 r. - Kodeks postępowania cywilnego" xAddress="Dz. U. z 1964 r. Nr 43, poz. 296">art. 378 § 1 k.p.c.</xLexLink> przy braku zarzutów nakierowanych na oddalenie przez Sąd Okręgowy wszystkich wniosków dowodowych powodowej Spółki zmierzających do wykazania wysokości dochodzonej należności. W tej materii analizy wymaga ponadto możliwość przeprowadzenia postępowania dowodowego przez Sąd Apelacyjny, o co wnioskowała apelująca.</xText>
          <xText>W orzecznictwie Sądu Najwyższego zgodnie przyjmuje się, że do nierozpoznania istoty sprawy dochodzi wówczas, gdy rozstrzygnięcie sądu I instancji nie odnosi się do tego, co było przedmiotem sporu, gdy zaniechał on zbadania materialnej podstawy żądania albo merytorycznych zarzutów strony, bezpodstawnie przyjmując, że istnieje przesłanka materialnoprawna lub procesowa unicestwiająca roszczenie (tak SN m.in. w postanowieniu z dnia 23 września 1998 r. w sprawie II CKN 897/97, OSNC 1999/1/22; w wyroku z dnia 12 lutego 2002 r. w sprawie I CKN 486/00, OSP 2003/3/36; w wyroku z dnia 21 października 2005 r. w sprawie III CK 161/05, Lex nr 178635). Innymi słowy „nierozpoznanie istoty sprawy” odnosi się do nierozpoznania roszczenia będącego podstawą powództwa. W piśmiennictwie jako egzemplifikację omawianego pojęcia przywołuje się sytuacje, w których sąd I instancji oddala powództwo z uwagi na przyjęcie przedawnienia roszczenia, prekluzji lub braku legitymacji procesowej strony, której to oceny sąd II instancji nie podziela. Chodzi zatem o takie sytuacje, w których w błędnym przekonaniu sądu I instancji istnieją przyczyny niweczące zasadność roszczenia pozwu bez potrzeby jego merytorycznego badania. W ocenie Sądu Apelacyjnego, z dalece zbliżonym przypadkiem mamy do czynienia w rozpatrywanej sprawie, gdyż Sąd Okręgowy uchylił się od badania roszczenia o premię , błędnie przyjmując , że takowe po stronie powodowej w ogóle nie powstaje z uwagi na skuteczną zmianę umowy, z której <xAnon> Spółka (...)</xAnon> je wywodziła. Warto w tym miejscu przywołać tezy tych orzeczeń Sądu Najwyższego , w których nierozpoznania istoty sprawy upatrywano w niewyjaśnieniu i pozostawieniu poza oceną okoliczności faktycznych, stanowiących przesłanki zastosowania normy prawa materialnego, będącej podstawą roszczenia ( tak w orzeczeniu z dnia 11 marca 1998 r. w sprawie III CKN 411/97 powołanym w Kodeksie postępowania cywilnego. Komentarzu pod red. T. Erecińskiego , Wydawnictwo LexisNexis W-wa 2012, Wydanie 4 s. 263), czy też wskazywano, że oddalenie powództwa nie zawsze oznacza rozpoznanie istoty sprawy, bowiem sprawę może zakończyć tylko orzeczenie, które poprzedza postępowanie dowodowe, w zakresie koniecznym do ustalenia podstawy rozstrzygnięcia ( tak w wyroku z dnia 6 kwietnia 2011 r. w sprawie II PK 274/10, Lex nr 829121). W okolicznościach sporu Sąd I instancji skupił się na zagadnieniu skutecznej zmiany postanowień § 5 ust. 3 <xIx>Generalnej umowy dostawy produktów</xIx>, poza sferą ustaleń i rozważań pozostawiając wykładnię tego postanowienia umowy i wszelkie okoliczności dotyczące momentu powstania wywodzonego z tej klauzuli umownej roszczenia, jego wymagalności, a wreszcie sposobu i trybu ustalenia jego wysokości. Tym samym istnieją podstawy dla uznania, że nie rozpoznał istoty sprawy.</xText>
          <xText>W przekonaniu Sądu Apelacyjnego w rozpatrywanej sprawie zachodzi także druga z przesłanek zastrzeżonych w <xLexLink xArt="art. 386;art. 386 § 4" xIsapId="WDU19640430296" xTitle="Ustawa z dnia 17 listopada 1964 r. - Kodeks postępowania cywilnego" xAddress="Dz. U. z 1964 r. Nr 43, poz. 296">art. 386 § 4 k.p.c.</xLexLink> Z przepisu <xLexLink xArt="art. 378;art. 378 § 1" xIsapId="WDU19640430296" xTitle="Ustawa z dnia 17 listopada 1964 r. - Kodeks postępowania cywilnego" xAddress="Dz. U. z 1964 r. Nr 43, poz. 296">art. 378 § 1 k.p.c.</xLexLink> wynika związanie Sądu II instancji granicami apelacji, te zaś wyznaczane są przez oznaczenie zaskarżonego wyroku oraz zakres zaskarżenia wyroku Sądu I instancji ( tak powołany wyżej Kodeks postępowania cywilnego. Komentarz pod red. T. Erecińskiego - teza 3 do art. 378 , x. 218). W obecnym modelu postępowania cywilnego, postępowanie apelacyjne choć jest postępowaniem odwoławczym i kontrolnym, to jednak zachowuje charakter postępowania rozpoznawczego i nakłada na Sąd Apelacyjny obowiązek dokonania własnych ustaleń faktycznych. W niniejszym postępowaniu zasadność zarzutów naruszenia prawa materialnego, potwierdzona wykładnią prawa przyjętą przez Sąd Najwyższy, wskazuje na potrzebę dokonania ustaleń faktycznych dotyczących wymagalności i wysokości dochodzonej należności. Jak wyżej wskazano, Sąd Okręgowy nie przeprowadził w tym zakresie żadnego z wnioskowanych przez powodową Spółkę dowodów. Istotnie, strona powodowa nie powołała w apelacji zarzutów naruszenia prawa procesowego, które kwestionowałyby decyzję proceduralną Sądu I instancji o oddaleniu wszystkich zgłoszonych przez nią wniosków dowodowych i nie skorzystała z trybu przewidzianego w <xLexLink xArt="art. 162" xIsapId="WDU19640430296" xTitle="Ustawa z dnia 17 listopada 1964 r. - Kodeks postępowania cywilnego" xAddress="Dz. U. z 1964 r. Nr 43, poz. 296">art. 162 k.p.c.</xLexLink>, co jednak - wbrew stanowisku pozwanej Spółki – nie wyklucza prowadzenia postępowania dowodowego w zakresie wnioskowanym w pozwie oraz w piśmie procesowym powódki z dnia 19 grudnia 2012 r. Jak podkreśla się w orzecznictwie , sąd nie musi przeprowadzić dowodu zgłoszonego przez stronę, jeżeli uzna, że okoliczności sporne zostały już dostatecznie wyjaśnione (<xLexLink xArt="art. 217;art. 217 § 2" xIsapId="WDU19640430296" xTitle="Ustawa z dnia 17 listopada 1964 r. - Kodeks postępowania cywilnego" xAddress="Dz. U. z 1964 r. Nr 43, poz. 296">art. 217 § 2 k.p.c.</xLexLink>). Kontrola trafności tej oceny jest możliwa w postępowaniu odwoławczym i nie jest zależna od zgłoszenia zastrzeżenia w trybie <xLexLink xArt="art. 162" xIsapId="WDU19640430296" xTitle="Ustawa z dnia 17 listopada 1964 r. - Kodeks postępowania cywilnego" xAddress="Dz. U. z 1964 r. Nr 43, poz. 296">art. 162 k.p.c.</xLexLink> Sąd I instancji może nie uwzględnić wniosków dowodowych, co nie oznacza, iż sąd II instancji jest tym związany, gdy strona nie wniesie zastrzeżeń w trybie 162 <xLexLink xArt="" xIsapId="WDU19640430296" xTitle="Ustawa z dnia 17 listopada 1964 r. - Kodeks postępowania cywilnego" xAddress="Dz. U. z 1964 r. Nr 43, poz. 296">k.p.c.</xLexLink> ( tak SN w wyroku z dnia 2 lipca 2009 r. w sprawie I UK 37/09, Lex nr 529678). Postanowienie dowodowe nie korzysta bowiem z przymiotu prawomocności i w myśl <xLexLink xArt="art. 240;art. 240 § 1" xIsapId="WDU19640430296" xTitle="Ustawa z dnia 17 listopada 1964 r. - Kodeks postępowania cywilnego" xAddress="Dz. U. z 1964 r. Nr 43, poz. 296">art. 240 § 1 k.p.c.</xLexLink> , sąd , który je wydał , może je stosownie do okoliczności uchylić lub zmienić nawet na posiedzeniu niejawnym. Co więcej, zgodnie z przepisem <xLexLink xArt="art. 232;art. 232 zd. 2" xIsapId="WDU19640430296" xTitle="Ustawa z dnia 17 listopada 1964 r. - Kodeks postępowania cywilnego" xAddress="Dz. U. z 1964 r. Nr 43, poz. 296">art. 232 zdanie drugie k.p.c.</xLexLink> ustawodawca dopuszcza możliwość skorzystania przez sąd z inicjatywy dowodowej z urzędu. Przekładając powyższe rozważania na grunt rozpoznawanej sprawy, nie sposób pominąć przyczyn, które zadecydowały o oddaleniu wszystkich wniosków dowodowych strony powodowej zgłoszonych na okoliczność wysokości dochodzonego roszczenia, a w konsekwencji przełożyły się na określone stanowisko procesowe apelującej. Z uzasadnienia zaskarżonego wyroku wprost wynika, że u podstaw postanowienia wydanego na rozprawie w dniu 9 listopada 2010 r. legło stanowisko Sądu I instancji o braku samej zasady żądania i związanej z tym bezprzedmiotowości dowodzenia jego wysokości. Sąd Okręgowy wprost wyraził także pogląd o istnieniu przesłanek dla zastosowania <xLexLink xArt="art. 230" xIsapId="WDU19640430296" xTitle="Ustawa z dnia 17 listopada 1964 r. - Kodeks postępowania cywilnego" xAddress="Dz. U. z 1964 r. Nr 43, poz. 296">art. 230 k.p.c.</xLexLink> i uznania okoliczności dotyczących wysokości żądania za przyznane. W tym stanie rzeczy, strona powodowa nie miała żadnego interesu prawnego w powoływaniu się na uchybienie przepisom procedury w trybie <xLexLink xArt="art. 162" xIsapId="WDU19640430296" xTitle="Ustawa z dnia 17 listopada 1964 r. - Kodeks postępowania cywilnego" xAddress="Dz. U. z 1964 r. Nr 43, poz. 296">art. 162 k.p.c.</xLexLink>, czy też w formułowaniu zarzutów apelacji opartych na naruszeniu <xLexLink xArt="art. 227" xIsapId="WDU19640430296" xTitle="Ustawa z dnia 17 listopada 1964 r. - Kodeks postępowania cywilnego" xAddress="Dz. U. z 1964 r. Nr 43, poz. 296">art. 227 k.p.c.</xLexLink> w związku z <xLexLink xArt="art. 217;art. 217 § 2" xIsapId="WDU19640430296" xTitle="Ustawa z dnia 17 listopada 1964 r. - Kodeks postępowania cywilnego" xAddress="Dz. U. z 1964 r. Nr 43, poz. 296">art. 217 § 2 k.p.c.</xLexLink> Drogę dla sprecyzowania tego rodzaju zarzutów otworzyła dopiero wykładnia przepisu <xLexLink xArt="art. 230" xIsapId="WDU19640430296" xTitle="Ustawa z dnia 17 listopada 1964 r. - Kodeks postępowania cywilnego" xAddress="Dz. U. z 1964 r. Nr 43, poz. 296">art. 230 k.p.c.</xLexLink> przyjęta przez Sąd Najwyższy w wyroku z dnia 11 lipca 2012 r. W rezultacie na uchybienia na etapie procesu dowodzenia apelująca wskazała dopiero w piśmie procesowym z 19 grudnia 2012 r. , zasadnie domagając się weryfikacji postanowienia dowodowego Sądu I instancji w trybie <xLexLink xArt="art. 380" xIsapId="WDU19640430296" xTitle="Ustawa z dnia 17 listopada 1964 r. - Kodeks postępowania cywilnego" xAddress="Dz. U. z 1964 r. Nr 43, poz. 296">art. 380 k.p.c.</xLexLink> Odmienna interpretacja <xLexLink xArt="art. 230" xIsapId="WDU19640430296" xTitle="Ustawa z dnia 17 listopada 1964 r. - Kodeks postępowania cywilnego" xAddress="Dz. U. z 1964 r. Nr 43, poz. 296">art. 230 k.p.c.</xLexLink> zaprezentowana przez Sąd Najwyższy uzasadnia także potrzebę zgłoszenia nowych dowodów, powołanych przez skarżącą na etapie postępowania apelacyjnego. Na taki aspekt przyjętej przez Sąd Najwyższy wykładni przepisów prawa materialnego zwrócono także uwagę w orzecznictwie ( vide wyrok SN z dnia 22 listopada 2007 r. w sprawie III CSK 141/07, Lex nr 621147). W przekonaniu Sądu Apelacyjnego , wadliwa interpretacja przepisów prawa materialnego przełożyła się na błędną decyzję Sądu I instancji o oddaleniu wniosków dowodowych, która w tej sytuacji podlega eliminacji w ramach kontroli przeprowadzonej w trybie <xLexLink xArt="art. 380" xIsapId="WDU19640430296" xTitle="Ustawa z dnia 17 listopada 1964 r. - Kodeks postępowania cywilnego" xAddress="Dz. U. z 1964 r. Nr 43, poz. 296">art. 380 k.p.c.</xLexLink> W rozpatrywanej sprawie zachodzi zatem potrzeba przeprowadzenia całego postępowania dowodowego zmierzającego do ustalenia okoliczności faktycznych dotyczących wysokości i wymagalności roszczenia <xAnon> (...) S.A.</xAnon> z tytułu premii pieniężnej za 2008 r. związanej z osiągnięciem poziomu obrotów danego produktu.</xText>
          <xText>Istnienie obu podstaw uchylenia zaskarżonego wyroku zastrzeżonych w <xLexLink xArt="art. 386;art. 386 § 4" xIsapId="WDU19640430296" xTitle="Ustawa z dnia 17 listopada 1964 r. - Kodeks postępowania cywilnego" xAddress="Dz. U. z 1964 r. Nr 43, poz. 296">art. 386 § 4 k.p.c.</xLexLink> nie zwalnia Sądu Apelacyjnego od analizy zasadności takiej decyzji procesowej. Powołany przepis daje bowiem jedynie możliwość uchylenia zaskarżonego wyroku i przekazania sprawy do ponownego rozpoznania Sądowi I instancji. W doktrynie podkreśla się przy tego rodzaju ocenie wagę kryterium stanu sprawy i sprawności postępowania, przy jednoczesnym uwzględnieniu potrzeby zapewnienia co do zasady instancyjności postępowania cywilnego i uwzględnienia interesów obu stron procesu. W przekonaniu Sądu Apelacyjnego w rozpatrywanej sprawie zbieg obu podstaw wymienionych w <xLexLink xArt="art. 386;art. 386 § 4" xIsapId="WDU19640430296" xTitle="Ustawa z dnia 17 listopada 1964 r. - Kodeks postępowania cywilnego" xAddress="Dz. U. z 1964 r. Nr 43, poz. 296">art. 386 § 4 k.p.c.</xLexLink> , a także zakres koniecznego postępowania dowodowego , które wymagać będzie szeregu czynności także z udziałem biegłych sądowych, wskazują na potrzebę wydania orzeczenia kasatoryjnego.</xText>
          <xText>Mając powyższe na uwadze, Sąd Apelacyjny na podstawie <xLexLink xArt="art. 386;art. 386 § 4" xIsapId="WDU19640430296" xTitle="Ustawa z dnia 17 listopada 1964 r. - Kodeks postępowania cywilnego" xAddress="Dz. U. z 1964 r. Nr 43, poz. 296">art. 386 § 4 k.p.c.</xLexLink> uchylił zaskarżony wyrok i przekazał sprawę do ponownego rozpoznania Sądowi Okręgowemu w Łodzi, pozostawiając temu Sądowi na zasadzie <xLexLink xArt="art. 108;art. 108 § 2" xIsapId="WDU19640430296" xTitle="Ustawa z dnia 17 listopada 1964 r. - Kodeks postępowania cywilnego" xAddress="Dz. U. z 1964 r. Nr 43, poz. 296">art. 108 § 2 k.p.c.</xLexLink> rozstrzygnięcie o kosztach postępowania kasacyjnego i apelacyjnego.</xText>
          <xText>Przy ponownym rozpoznaniu sprawy Sąd I instancji rozważy wnioski dowodowe strony powodowej zgłoszone w pozwie i zmodyfikowane w piśmie procesowym z dnia 19 grudnia 2012 r. , a także oceni zastrzeżenia co do ich dopuszczalności zgłoszone w piśmie procesowym strony pozwanej z dnia 18 października 2012 r., a następni przeprowadzi w niezbędnym zakresie postępowanie dowodowe celem ustalenia wysokości i wymagalności należnej powodowej Spółce premii pieniężnej za 2008 r. związanej z osiągnięciem poziomu obrotów danego produktu. Dopiero po zakreśleniu wskazane podstawy faktycznej , oceni zasadność roszczenia objętego żądaniem pozwu.</xText>
        </xUnit>
      </xBlock>
    </xPart>
  </judgement>
<judgement id="155025000003515_VII_Pa_000327_2012_Uz_2013-02-05_001">
    <xPart xEditorFullName="Dorota Murawska" xYear="2012" xLang="PL" xPublisherFullName="Dorota Murawska" xFromPg="1" xEditor="dmurawska" xVolType="15/502500/0003515/Pa" xPublisher="dmurawska" xDocType="Uz" xVolNmbr="000327" xVersion="1.0" xToPage="3" xFlag="published">
      <xName>Wyrok+Uzasadnienie</xName>
      <xBlock>
        
        <xUnit xIsTitle="true" xType="part" xBold="true">
          <xName>WYROK</xName>
          <xTitle>W IMIENIU RZECZYPOSPOLITEJ POLSKIEJ</xTitle>
          <xText>Dnia 31 grudnia 2012r.</xText>
          
          <xText xALIGNx="left">
            <xBx>Sąd Okręgowy we Wrocławiu Wydział VII Pracy</xBx>
          </xText>
          <xText>w składzie:</xText>
          <xText>Przewodniczący: SSO Wacława Macińska</xText>
          
          <xText>po rozpoznaniu w dniu 31 grudnia 2012r. we Wrocławiu</xText>
          <xText>na posiedzeniu niejawnym</xText>
          <xText>sprawy z powództwa <xAnon> (...) Unii Budowlanej Sp. z o.o.</xAnon> z siedzibą w <xAnon>M.</xAnon></xText>
          <xText>przeciwko <xAnon>K. G.</xAnon></xText>
          <xText>o zwrot kosztów poniesionych przez pracodawcę w związku z podnoszeniem kwalifikacji zawodowych pracowników</xText>
          <xText>na skutek apelacji pozwanego</xText>
          <xText>od wyroku Sądu Rejonowego dla Wrocławia – Śródmieścia IV Wydziału Pracy i Ubezpieczeń Społecznych</xText>
          <xText>z dnia 30 sierpnia 2012r. sygn. akt IV Ppm 7/12</xText>
          
          <xText>
            <xBx>oddala apelację.</xBx>
          </xText>
        </xUnit>
        <xUnit xIsTitle="true" xType="part" xBold="true">
          <xName>UZASADNIENIE</xName>
          <xText>Wyrokiem z dnia 30 sierpnia 2012r. Sąd Rejonowy dla Wrocławia – Śródmieścia Wydział IV Pracy i Ubezpieczeń Społecznych zasądził od pozwanego <xAnon>K. G.</xAnon> na rzecz strony powodowej <xAnon> (...) Unii Budowlanej Sp. z o.o.</xAnon> z siedzibą w <xAnon>M.</xAnon> kwotę 1.499 zł tytułem zwrotu kosztów poniesionych przez pracodawcę w związku z podnoszeniem kwalifikacji zawodowych.</xText>
          <xText>W pozostałym zakresie powództwo zostało oddalone (strona powodowa domagała się zasądzenia 4.100 zł) jak również umorzone w zakresie cofniętego powództwa koszty postępowania zostały wzajemnie zniesione.</xText>
          <xText>Sąd Rejonowy na podstawie zebranego materiału dowodowego tj. umowy o podnoszeniu kwalifikacji zawodowych, zaświadczenia o ukończeniu kursu operatora koparko – ładowarki przez pozwanego, świadectwa pracy oraz zeznań słuchanych w charakterze świadków <xAnon>P. S.</xAnon> i <xAnon>P. B.</xAnon> (którym to zeznaniom Sąd I instancji dał wiarę) uznał, że w oparciu o <xLexLink xArt="art. 103(5)" xIsapId="WDU19740240141" xTitle="Ustawa z dnia 26 czerwca 1974 r. - Kodeks pracy" xAddress="Dz. U. z 1974 r. Nr 24, poz. 141">art. 103<xSUPx>5</xSUPx> kp</xLexLink> oraz łączącą strony umowę z dnia 14.01.2011r. pozwany zobowiązany jest do zwrotu kosztów poniesionych przez pracodawcę.</xText>
          <xText>Co do wysokości zwrotu poniesionych kosztów szkolenia, to w ocenie Sądu Rejonowego nie mogą one obejmować kosztów w części przekraczającej 1.680 zł, a zatem roszczenie o zwrot kosztów z tytułu „odszkodowania na wypadek porzucenia pracy przez pracownika” nie znajduje uzasadnienia w obowiązujących przepisach (1<xLexLink xArt="art. 103(5)" xIsapId="WDU19740240141" xTitle="Ustawa z dnia 26 czerwca 1974 r. - Kodeks pracy" xAddress="Dz. U. z 1974 r. Nr 24, poz. 141">art. 103<xSUPx>5</xSUPx> kp</xLexLink>).</xText>
          <xText>Pozwany w ocenie Sądu Rejonowego zobowiązany jest jedynie do zwrotu rzeczywiście poniesionych przez pracodawcę kosztów świadczeń w wysokości proporcjonalnej do okresu zatrudnienia po ukończeniu podnoszenia kwalifikacji co daje kwotę zasądzoną wyrokiem w wysokości 1.499 zł (1.680 zł rzeczywiste koszty – wobec przepracowania 1 miesiąca i 23 dni do zwrotu pozostaje kwota 1.649 zł minus 150 zł, którą to kwotę pozwany spłacił stronie powodowej = 1.499 zł).</xText>
          <xText>Ponadto Sąd Rejonowy nie uwzględnił podnoszonego przez pozwanego zarzutu potrącenia dotyczącego niewypłaconego wynagrodzenia za okres od 1 marca 2011r. do 18 marca 2011r. w kwocie 1.800 zł. Wobec przedstawionej przez stronę pozwaną listę płac wraz z pokwitowaniem odbioru wynagrodzenia przez pozwanego.</xText>
          <xText>Także za bezskuteczne Sąd Rejonowy uznał uchylenie się od skutków oświadczenia woli pozwanego.</xText>
          <xText>Koszty postępowania zostały wzajemnie zniesione w oparciu o <xLexLink xArt="art. 100" xIsapId="WDU19640430296" xTitle="Ustawa z dnia 17 listopada 1964 r. - Kodeks postępowania cywilnego" xAddress="Dz. U. z 1964 r. Nr 43, poz. 296">art. 100 kpc</xLexLink>.</xText>
          <xText>Apelacje od powyższego wyroku złożyła strona powodowa i pozwany.</xText>
          <xText>Strona powodowa wniosła apelację w części oddalającej powództwo oraz dotyczącej wzajemnego zniesienia kosztów postępowania i zarzuciła:</xText>
          <xUnit xIsTitle="false" xType="none">
            <xName xSffx=".">1</xName>
            <xText>naruszenie przepisów prawa procesowego tj. <xLexLink xArt="art. 233;art. 233 § 1" xIsapId="WDU19640430296" xTitle="Ustawa z dnia 17 listopada 1964 r. - Kodeks postępowania cywilnego" xAddress="Dz. U. z 1964 r. Nr 43, poz. 296">art. 233 § 1 kpc</xLexLink> w zw. z <xLexLink xArt="art. 328;art. 328 § 2" xIsapId="WDU19640430296" xTitle="Ustawa z dnia 17 listopada 1964 r. - Kodeks postępowania cywilnego" xAddress="Dz. U. z 1964 r. Nr 43, poz. 296">art. 328 § 2 kpc</xLexLink> zarzucając dowolną ocenę zebranego materiału dowodowego</xText>
          </xUnit>
          <xUnit xIsTitle="false" xType="none">
            <xName xSffx=".">2</xName>
            <xText>naruszenie prawa materialnego tj. <xLexLink xArt="art. 103(5)" xIsapId="WDU19740240141" xTitle="Ustawa z dnia 26 czerwca 1974 r. - Kodeks pracy" xAddress="Dz. U. z 1974 r. Nr 24, poz. 141">art. 103<xSUPx>5</xSUPx> kp</xLexLink> przez jego błędne zastosowanie i <xLexLink xArt="art. 353(1)" xIsapId="WDU19640160093" xTitle="Ustawa z dnia 23 kwietnia 1964 r. - Kodeks cywilny" xAddress="Dz. U. z 1964 r. Nr 16, poz. 93">art. 353<xSUPx>1</xSUPx> kc</xLexLink> poprzez jego niezastosowanie w uwzględnieniu treści umowy z 14 stycznia 2011 roku.</xText>
          </xUnit>
          <xText>Wskazując na powyższe podstawy apelacyjne strona powodowa domagała się zmiany zaskarżonego wyroku i uwzględnienia powództwa w całości ewentualnie uchylenie zaskarżonego wyroku i przekazanie sprawy do ponownego rozpoznania i zasądzenia kosztów zastępstwa procesowego.</xText>
          <xText>Pozwany w swojej apelacji zarzucił:</xText>
          <xUnit xIsTitle="false" xType="none">
            <xName xSffx=".">1</xName>
            <xText>nierozpoznanie istoty sprawy sprzecznie z przepisami <xLexLink xArt="" xIsapId="WDU19740240141" xTitle="Ustawa z dnia 26 czerwca 1974 r. - Kodeks pracy" xAddress="Dz. U. z 1974 r. Nr 24, poz. 141">kodeksu pracy</xLexLink> i nie zbadanie zarzutu potrącenia</xText>
          </xUnit>
          <xUnit xIsTitle="false" xType="none">
            <xName xSffx=".">2</xName>
            <xText>naruszenie przepisów prawa materialnego tj. <xLexLink xArt="art. 58;art. 58 § 1" xIsapId="WDU19640160093" xTitle="Ustawa z dnia 23 kwietnia 1964 r. - Kodeks cywilny" xAddress="Dz. U. z 1964 r. Nr 16, poz. 93">art. 58 § 1 kc</xLexLink> w zw. z <xLexLink xArt="art. 300" xIsapId="WDU19740240141" xTitle="Ustawa z dnia 26 czerwca 1974 r. - Kodeks pracy" xAddress="Dz. U. z 1974 r. Nr 24, poz. 141">art. 300 kp</xLexLink> w zw. z <xLexLink xArt="art. 103(1);art. 103(1) § 3" xIsapId="WDU19740240141" xTitle="Ustawa z dnia 26 czerwca 1974 r. - Kodeks pracy" xAddress="Dz. U. z 1974 r. Nr 24, poz. 141">art. 103<xSUPx>1</xSUPx> § 3 kp</xLexLink>, <xLexLink xArt="art. 84;art. 84 § 1" xIsapId="WDU19640160093" xTitle="Ustawa z dnia 23 kwietnia 1964 r. - Kodeks cywilny" xAddress="Dz. U. z 1964 r. Nr 16, poz. 93">art. 84 § 1 kc</xLexLink> w zw. z <xLexLink xArt="art. 300" xIsapId="WDU19740240141" xTitle="Ustawa z dnia 26 czerwca 1974 r. - Kodeks pracy" xAddress="Dz. U. z 1974 r. Nr 24, poz. 141">art. 300 kp</xLexLink>, <xLexLink xArt="art. 499;art. 499 § 1;art. 499 § 2" xIsapId="WDU19640160093" xTitle="Ustawa z dnia 23 kwietnia 1964 r. - Kodeks cywilny" xAddress="Dz. U. z 1964 r. Nr 16, poz. 93">499 § 1 i § 2 kc</xLexLink> w zw. z <xLexLink xArt="art. 300" xIsapId="WDU19740240141" xTitle="Ustawa z dnia 26 czerwca 1974 r. - Kodeks pracy" xAddress="Dz. U. z 1974 r. Nr 24, poz. 141">art. 300 kp</xLexLink> i <xLexLink xArt="art. 6;art. 6 § 1;art. 6 § 2" xIsapId="WDU19640160093" xTitle="Ustawa z dnia 23 kwietnia 1964 r. - Kodeks cywilny" xAddress="Dz. U. z 1964 r. Nr 16, poz. 93">art. 6 i § 1 i § 2 kc</xLexLink> w zw. z <xLexLink xArt="art. 300" xIsapId="WDU19740240141" xTitle="Ustawa z dnia 26 czerwca 1974 r. - Kodeks pracy" xAddress="Dz. U. z 1974 r. Nr 24, poz. 141">art. 300 kp</xLexLink> – poprzez przyjęcie że umowy o podnoszenie kwalifikacji miały na celu obejście przepisów prawa pracy, błędne przyjęcie że pozwany nie działał pod wpływem błędu i pominięcie woli stron.</xText>
          </xUnit>
          <xUnit xIsTitle="false" xType="none">
            <xName xSffx=".">3</xName>
            <xText>naruszenie przepisów prawa procesowego tj. <xLexLink xArt="art. 227" xIsapId="WDU19640430296" xTitle="Ustawa z dnia 17 listopada 1964 r. - Kodeks postępowania cywilnego" xAddress="Dz. U. z 1964 r. Nr 43, poz. 296">art. 227 kpc</xLexLink> w zw. z <xLexLink xArt="art. 217" xIsapId="WDU19640430296" xTitle="Ustawa z dnia 17 listopada 1964 r. - Kodeks postępowania cywilnego" xAddress="Dz. U. z 1964 r. Nr 43, poz. 296">art. 217 kpc</xLexLink>, <xLexLink xArt="art. 233;art. 233 § 1" xIsapId="WDU19640430296" xTitle="Ustawa z dnia 17 listopada 1964 r. - Kodeks postępowania cywilnego" xAddress="Dz. U. z 1964 r. Nr 43, poz. 296">233 § 1 kpc</xLexLink> i <xLexLink xArt="art. 328;art. 328 § 2" xIsapId="WDU19640430296" xTitle="Ustawa z dnia 17 listopada 1964 r. - Kodeks postępowania cywilnego" xAddress="Dz. U. z 1964 r. Nr 43, poz. 296">328 § 2 kpc</xLexLink> oraz 505<xSUPx> 5</xSUPx><xLexLink xArt="§ 2" xIsapId="WDU19640430296" xTitle="Ustawa z dnia 17 listopada 1964 r. - Kodeks postępowania cywilnego" xAddress="Dz. U. z 1964 r. Nr 43, poz. 296">§ 2 kpc</xLexLink> w zw. z <xLexLink xArt="art. 230" xIsapId="WDU19640430296" xTitle="Ustawa z dnia 17 listopada 1964 r. - Kodeks postępowania cywilnego" xAddress="Dz. U. z 1964 r. Nr 43, poz. 296">art. 230 kpc</xLexLink>.</xText>
          </xUnit>
          <xText>Wskazując na powyższe podstawy apelacyjne pozwany domagał się zmiany zaskarżonego wyroku i oddalenia powództwa ewentualnie uchylenia zaskarżonego wyroku i przekazania sprawy Sądowi Rejonowemu do ponownego rozpoznania z uwzględnieniem kosztów postępowania w tym kosztów zastępstwa prawnego w/g norm przepisanych.</xText>
          <xText>Ponadto podniósł zarzut naruszenia <xLexLink xArt="art. 100" xIsapId="WDU19640430296" xTitle="Ustawa z dnia 17 listopada 1964 r. - Kodeks postępowania cywilnego" xAddress="Dz. U. z 1964 r. Nr 43, poz. 296">art. 100 kpc</xLexLink> poprzez wzajemne zniesienie kosztów.</xText>
          
          <xText>
            <xBx>
              <xIx>Sąd Okręgowy zważył.</xIx>
            </xBx>
          </xText>
          
          <xText>Obie apelacje zarówno strony powodowej jak i pozwanego nie zasługują na uwzględnienie.</xText>
          <xText>W ocenie Sądu Okręgowego, Sąd I instancji dokonał prawidłowych i wyczerpujących ustaleń faktycznych, które w konsekwencji skutkowały wyprowadzeniem logicznie poprawnych, a przy tym trafnych i niesprzecznych wniosków.</xText>
          <xText>Ustalenia te i ocenę prawną Sąd Okręgowy w pełni aprobuje i przyjmuje za własne.</xText>
          <xText>Sąd orzekający wskazał dowody, na których się oparł, a ponadto wyjaśnił podstawy prawne wyroku z przytoczeniem prawa.</xText>
          <xText>Wbrew odmiennym twierdzeniom apelujących Sąd Rejonowy zebrał dostateczny materiał dowodowy do prawidłowego rozstrzygnięcia sprawy i starannie go rozważył. Zarzutu uchybienia w szczególności <xLexLink xArt="art. 233;art. 233 § 1" xIsapId="WDU19640430296" xTitle="Ustawa z dnia 17 listopada 1964 r. - Kodeks postępowania cywilnego" xAddress="Dz. U. z 1964 r. Nr 43, poz. 296">art. 233 § 1 kpc</xLexLink> nie może uzasadniać jedynie odmienna od poczynionej przez Sąd, subiektywna ocena dowodów strony niezadowolonej z niekorzystnego dla niej wyroku. Uzasadnienie obu apelacji w odniesieniu do tego zarzutu jest tylko polemiką z ustaleniami Sądu.</xText>
          <xText>W oparciu o zebrany materiał dowodowy Sąd Rejonowy zasadnie przyjął, że pozwany zobowiązany był do zwrotu kosztów poniesionych przez pracodawcę w kwocie zasądzonej wyrokiem.</xText>
          <xText>Ponadto należy podkreślić, że stosownie do <xLexLink xArt="art. 227" xIsapId="WDU19640430296" xTitle="Ustawa z dnia 17 listopada 1964 r. - Kodeks postępowania cywilnego" xAddress="Dz. U. z 1964 r. Nr 43, poz. 296">art. 227 kpc</xLexLink> przedmiotem dowodu są fakty mające dla rozstrzygnięcia sprawy istotne znaczenie, a nie wszelkie okoliczności podnoszone przez strony (por. wyrok SN z 19.05.1997r. I PKN 179/97 Wokanda 1998/3/18).</xText>
          <xText>Zgodnie z <xLexLink xArt="art. 217;art. 217 § 2" xIsapId="WDU19640430296" xTitle="Ustawa z dnia 17 listopada 1964 r. - Kodeks postępowania cywilnego" xAddress="Dz. U. z 1964 r. Nr 43, poz. 296">art. 217 § 2 kpc</xLexLink> Sąd pominie środki dowodowe, jeżeli okoliczności sporne zostały już dostatecznie wyjaśnione lub jeżeli strona powołuje je jedynie dla zwłoki. Okoliczności sporne w rozumieniu <xLexLink xArt="art. 217;art. 217 § 2" xIsapId="WDU19640430296" xTitle="Ustawa z dnia 17 listopada 1964 r. - Kodeks postępowania cywilnego" xAddress="Dz. U. z 1964 r. Nr 43, poz. 296">art. 217 § 2 kpc</xLexLink> jak wskazano wyżej dotyczą zaś faktów „mających dla rozstrzygnięcia sprawy istotne znaczenie” a nie wszelkich okoliczności podnoszonych przez strony.</xText>
          <xText>Nie nastąpiło również naruszenie <xLexLink xArt="art. 328;art. 328 § 2" xIsapId="WDU19640430296" xTitle="Ustawa z dnia 17 listopada 1964 r. - Kodeks postępowania cywilnego" xAddress="Dz. U. z 1964 r. Nr 43, poz. 296">art. 328 § 2 kpc</xLexLink> a apelujący nie wykazali na czym miałoby polegać naruszenie treści tego artykułu, ani tym bardziej nie wykazali rzekomego wpływu tego naruszenia na wynik sprawy. Uzasadnienie zaskarżonego wyroku zawiera wszystkie elementy wskazane w tym przepisie, a sposób powołania dowodów i ocena prawna umożliwia Sądowi Okręgowemu dokonanie kontroli zaskarżonego wyroku.</xText>
          <xText>Nie zasługuje na uwzględnienie zarzut apelacyjny dotyczący naruszenia prawa materialnego, w szczególności art. 103<xSUPx>5</xSUPx>.</xText>
          <xText>Sąd Okręgowy w pełni podziela stanowisko Sądu Rejonowego, że pozwany zobowiązany był do zwrotu kosztów szkolenia w wysokości określonej w sentencji wyroku (pkt I).</xText>
          <xText>Nie budzi wątpliwości fakt, że pozwany porzucił pracę i został zwolniony w trybie <xLexLink xArt="art. 52" xIsapId="WDU19740240141" xTitle="Ustawa z dnia 26 czerwca 1974 r. - Kodeks pracy" xAddress="Dz. U. z 1974 r. Nr 24, poz. 141">art. 52 kp</xLexLink> i w tej sytuacji został on zobowiązany do zwrotu kosztów szkolenia poniesionych przez powoda, co znajdowało uzasadnienie w treści łączącej strony umowy z dnia 14.01.2011r. o podnoszeniu kwalifikacji zawodowych przez pozwanego pracownika w formach pozaszkolnych.</xText>
          <xText>Należy podkreślić, jak trafnie ujął to w motywach swojego uzasadnienia Sąd Rejonowy, że <xLexLink xArt="art. 103(5)" xIsapId="WDU19740240141" xTitle="Ustawa z dnia 26 czerwca 1974 r. - Kodeks pracy" xAddress="Dz. U. z 1974 r. Nr 24, poz. 141">art. 103<xSUPx>5</xSUPx></xLexLink> określa sytuacje, w których na pracowniku ciąży obowiązek zwrotu całości lub części poniesionych przez pracodawcę kosztów świadczeń dodatkowych o których jest mowa w <xLexLink xArt="art. 103(3)" xIsapId="WDU19740240141" xTitle="Ustawa z dnia 26 czerwca 1974 r. - Kodeks pracy" xAddress="Dz. U. z 1974 r. Nr 24, poz. 141">art. 103<xSUPx>3</xSUPx> kp</xLexLink>, jednakże regulacja zawarta w <xLexLink xArt="art. 103(5)" xIsapId="WDU19740240141" xTitle="Ustawa z dnia 26 czerwca 1974 r. - Kodeks pracy" xAddress="Dz. U. z 1974 r. Nr 24, poz. 141">art. 103<xSUPx>5</xSUPx></xLexLink> ma charakter jednostronnie bezwzględnie obowiązujący i umowa o podnoszenie kwalifikacji przez pracownika nie może zawierać regulacji mniej korzystnych dla pracownika.</xText>
          <xText>Słuszna i prawidłowa jest także teza Sądu Rejonowego, że ewentualne roszczenia kwalifikacji zawodowych nie mogą wykraczać poza roszczenie o zwrot kosztów poniesionych przez pracodawcę z tytułu świadczeń dodatkowych, o których mowa w <xLexLink xArt="art. 103(3)" xIsapId="WDU19740240141" xTitle="Ustawa z dnia 26 czerwca 1974 r. - Kodeks pracy" xAddress="Dz. U. z 1974 r. Nr 24, poz. 141">art. 103<xSUPx>3</xSUPx></xLexLink>, w sytuacjach enumeratywnie wyliczonych w <xLexLink xArt="art. 103(5);art. 103(5) pkt. 1;art. 103(5) pkt. 2;art. 103(5) pkt. 3;art. 103(5) pkt. 4" xIsapId="WDU19740240141" xTitle="Ustawa z dnia 26 czerwca 1974 r. - Kodeks pracy" xAddress="Dz. U. z 1974 r. Nr 24, poz. 141">art. 103<xSUPx>5</xSUPx> pkt 1 – 4 kodeksu pracy</xLexLink>.</xText>
          <xText>Domaganie się zatem przez stronę powodową roszczenia w części przewyższającej kwotę 1.680 zł tj. z tytułu „odszkodowania na wypadek porzucenia pracy przez pracownika” nie znajduje uzasadnienia w obowiązujących przepisach i nie zasługuje na uwzględnienie.</xText>
          <xText>Sąd Okręgowy w pełni podziela interpretację Sądu Rejonowego w spornej sprawie.</xText>
          <xText>Również prawidłowo Sąd Rejonowy nie uwzględnił zarzutu potrącenia podnoszonego przez pozwanego jak i braku podstaw do uchylenia się od skutków oświadczenia woli z przyczyn przytoczonych w motywach uzasadnienia.</xText>
          <xText>Orzeczenie o kosztach znajduje uzasadnienie w treści <xLexLink xArt="art. 100" xIsapId="WDU19640430296" xTitle="Ustawa z dnia 17 listopada 1964 r. - Kodeks postępowania cywilnego" xAddress="Dz. U. z 1964 r. Nr 43, poz. 296">art. 100 kpc</xLexLink> zgodnie z oceną Sądu.</xText>
          <xText>Apelacje obu stron jako nieuzasadnione stanowiące w istocie polemikę z ustaleniami i rozstrzygnięciem Sądu Rejonowego podlegały oddaleniu na mocy <xLexLink xArt="art. 385" xIsapId="WDU19640430296" xTitle="Ustawa z dnia 17 listopada 1964 r. - Kodeks postępowania cywilnego" xAddress="Dz. U. z 1964 r. Nr 43, poz. 296">art. 385 kpc</xLexLink>.</xText>
        </xUnit>
      </xBlock>
    </xPart>
  </judgement>
<judgement id="155515000004027_VIII_Ga_000337_2012_Uz_2012-12-31_001">
    <xPart xEditorFullName="Monika Ziębakowska" xYear="2012" xLang="PL" xPublisherFullName="Joanna Witkowska" xFromPg="1" xEditor="mziebakowska" xVolType="15/551500/0004027/Ga" xPublisher="jwitkowska" xDocType="Uz" xVolNmbr="000337" xVersion="1.0" xToPage="9" xFlag="published">
      <xName>Wyrok+Uzasadnienie</xName>
      <xBlock>
        <xText>
          <xBx>Sygnatura akt VIII Ga 337/12</xBx>
        </xText>
        
        <xUnit xIsTitle="true" xBold="true" xType="part">
          <xName>WYROK</xName>
          <xTitle>W IMIENIU RZECZYPOSPOLITEJ POLSKIEJ</xTitle>
          <xText xALIGNx="right">Dnia 31 grudnia 2012 roku</xText>
          
          <xText><xBx>Sąd Okręgowy w Szczecinie, </xBx>VIII Wydział Gospodarczy</xText>
          <xText>w składzie następującym:</xText>
          
          <xText>Przewodniczący: SSO Krzysztof Górski</xText>
          
          <xText>po rozpoznaniu w dniu 31 grudnia 2012 roku, w <xAnon>S.</xAnon>,</xText>
          <xText>na posiedzeniu niejawnym w postępowaniu uproszczonym</xText>
          <xText>sprawy z powództwa <xAnon> (...) spółki z ograniczoną odpowiedzialnością</xAnon> w <xAnon>L.</xAnon></xText>
          <xText>przeciwko <xAnon> (...) spółce z ograniczoną odpowiedzialnością</xAnon> w <xAnon>S.</xAnon></xText>
          <xText>o zapłatę</xText>
          
          <xText>na skutek apelacji pozwanego <xAnon> (...) spółki z ograniczoną odpowiedzialnością</xAnon> w <xAnon>S.</xAnon> od wyroku Sądu Rejonowego Szczecin Centrum w <xAnon>S.</xAnon> z dnia 12 lipca 2012r. sygnatura akt XI GC 669/12.</xText>
          
          <xText xALIGNx="center">oddala apelację.</xText>
          
          <xText>Sygn. akt VIII Ga 337/12</xText>
        </xUnit>
        <xUnit xIsTitle="true" xBold="true" xType="part">
          <xName>UZASADNIENIE</xName>
          <xText>W dniu 16 stycznia 2012 r. powódka <xAnon> (...)</xAnon> sp. o. o. w <xAnon>L.</xAnon> wniosła o zasądzenie na jej rzecz od pozwanego <xAnon> (...) spółki z ograniczoną odpowiedzialnością</xAnon> w <xAnon>S.</xAnon> kwoty 8312,28 zł z ustawowymi odsetkami od wskazanych szczegółowo kwot i dat i kosztami procesu. W uzasadnieniu wskazano, że powódka wykonała dla pozwanej przewozy, za co pozwana nie zapłaciła.</xText>
          <xText>W dniu 2 kwietnia 2012 r. został wydany w sprawie nakaz zapłaty w postępowaniu upominawczym.</xText>
          <xText>Pozwana zaskarżyła nakaz w całości, żądając oddalenia powództwa i zasądzenia na swoją rzecz kosztów procesu. W uzasadnieniu wskazano, że roszczenie powoda wygasło na skutek potrącenia – pozwana potrąciła kwotę 8312,28 zł tytułem szkody w przesyłce, powstałej w czasie jednego z przewozów wykonywanych przez powoda oraz kwotę 1107 zł wynikającą z wystawionej przez pozwaną faktury.</xText>
          <xText>W odpowiedzi na sprzeciw powódka podniosła, iż pozwana nie wykazała w sposób zgodny z przepisami wysokości szkody i nie wyczerpała trybu reklamacji.</xText>
          
          <xText>Wyrokiem z dnia 12 lipca 2012 roku Sąd Rejonowy Szczecin – Centrum w Szczecinie zasądził od pozwanej na rzecz powódki kwotę 8.312,28 zł wraz z ustawowymi odsetkami od kwot i dat wskazanych w wyroku oraz zasądził od pozwanej na rzecz powódki kwotę 1517 zł tytułem zwrotu kosztów procesu.</xText>
          
          <xText>Wyrok powyższy Sąd oparł na ustaleniu, że pozwana w grudniu 2010 r., styczniu i lutym 2011 r. zleciła powódce 9 przewozów krajowych. Powódka wykonała przewozy, w związku z czym wystawiła <xAnon>faktury: nr (...)</xAnon> na kwotę 1219,08 zł z terminem płatności 4.04.2011 r., nr FV/C/259/02/11 na kwotę 847,47 zł z terminem płatności 17.04.2011 r., nr FV/D/7/02/11 na kwotę 848,70 zł z terminem płatności 4.04.2011 r., nr FV/D/10/02/11 na kwotę 848,70 zł z terminem płatności 4.04.2011 r., nr FV/D//168/01/11 na kwotę 1825,81 zł z terminem płatności 1.04.2011 r., nr FV/D/167/02/11 na kwotę 615 zł z terminem płatności 19.04.2011 r., nr FV/D/179/02/11 na kwotę 738 zł z terminem płatności 19.04.2011 r., nr FV/C/244/01/11 na kwotę 1107 zł z terminem płatności 27.03.2011 r., nr FV/D/53/02/11 na kwotę 615 zł z terminem płatności 9.04.2011 r.</xText>
          
          <xText>Pismem z 16 sierpnia 2011 r. powódka wezwała pozwaną do zapłaty ww. faktur.</xText>
          <xText>Ponadto pozwana zleciła powódce zleceniem nr <xAnon> (...)</xAnon> przewóz dachówek na trasie <xAnon>O.</xAnon> – <xAnon>K.</xAnon>, za wynagrodzeniem 610 zł netto w dniach 24-25.02.2011 r. Zlecenie tego przewozu pozwana dostała od <xAnon> firmy (...) s.c.</xAnon>, a ta z kolei od <xAnon> (...) sp. z o. o.</xAnon></xText>
          <xText>Przy rozładunku okazało się, że towar jest uszkodzony, transport został odesłany do magazynu w <xAnon>O.</xAnon>, gdzie sporządzono protokół stłuczek transportowych. W protokole stwierdzono, że ładunek przesunął się do czoła naczepy, wg wyjaśnień kierowcy wskutek nagłego hamowania, towar rozładowano i pozostawiono do oględzin, po sprawdzeniu określono szacunkowe straty: RO/d. podstawowa/<xAnon>C.</xAnon>/ceglany 1400 szt, CE/d. podstawowa/<xAnon>L.</xAnon> /ceglany 1400 szt, RO/d. szczytowa 8.8L/<xAnon>C.</xAnon>/ceglany 30 szt, RO/d. szczytowa 8.8P/<xAnon>C.</xAnon>/ceglany 15 szt, palety 16 szt. W protokole dopisano, że nie jest możliwe pełne oszacowanie strat ze względu na sposób pakowania dachówek. Protokół podpisał pracownik magazyny i kierowca, <xAnon>S. S.</xAnon>. W załączniku do protokołu wskazane były ceny dachówek i koszty transportu.</xText>
          <xText>Pozwana została obciążona przez <xAnon> (...) s.c.</xAnon> notą nr 1/2011 na kwotę 8312,28 zł tytułem uszkodzenia dachówki, ze wskazaniem, że sposobem płatności będzie kompensata. Taką samą kwotą została obciążona <xAnon> (...) s.c.</xAnon> przez <xAnon>M.</xAnon> sp. o. o .Pozwana wystawiła powódce notę nr 3/2001 na tożsamą kwotę w dniu 22 marca 2011 r.</xText>
          <xText>Oświadczeniem z 13 kwietnia 2011 r. pozwana potrąciła należność z ww. noty z fakturami powódki o numerach.244,168, 7,10, 15, 53,167, 179,259 i wskazała, że z <xAnon>faktury (...)</xAnon> pozostaje do zapłaty dla powódki 352,48 zł. Oświadczeniem z dnia 28 kwietnia 2011 r. pozwana wskazała, że potrąca pozostałą część należności z <xAnon>faktury (...)</xAnon> i inne należności powódki z własnymi fakturami, m. in. nr 62/2 na kwotę 1107 zł.</xText>
          <xText>Oświadczenia składała księgowa pozwanego, zajmująca się tego typu sprawami w ramach obowiązków pracowniczych.</xText>
          <xText>Powódka nie zgodziła się na obciążenie notą, wskazując, że przyczyną uszkodzenia było załadowanie dachówek na nieodpowiednich paletach (mniej wytrzymałych niż palety Euro) i brak zamocowania paczek do palet, a więc wadliwe opakowanie. Pozwana wskazywała, że przewoźnik nie zgłosił zastrzeżeń do sposobu opakowania i przyjął towar do przewozu.</xText>
          
          <xText>Przystępując do rozważań Sąd stwierdził, że powództwo, oparte o <xLexLink xArt="art. 774" xIsapId="WDU19640160093" xTitle="Ustawa z dnia 23 kwietnia 1964 r. - Kodeks cywilny" xAddress="Dz. U. z 1964 r. Nr 16, poz. 93">art. 774 k.c</xLexLink>, okazało się uzasadnione.</xText>
          
          <xText>Pozwana nie kwestionowała zawarcia i wykonania umów, jednak powołała się na potrącenie z frachtów powódki odszkodowania za uszkodzenie przesyłki oraz należności z bliżej niesprecyzowanej <xAnon>faktury nr (...)</xAnon>.</xText>
          <xText>Sąd odwołał się do instytucji potrącenia (<xLexLink xArt="art. 498" xIsapId="WDU19640160093" xTitle="Ustawa z dnia 23 kwietnia 1964 r. - Kodeks cywilny" xAddress="Dz. U. z 1964 r. Nr 16, poz. 93">art. 498 k.c.</xLexLink>) oraz możliwości podniesienia zarzutu potrącenia w postępowaniu gospodarczym (<xLexLink xArt="art. 479(14);art. 479(14) § 4" xIsapId="WDU19640430296" xTitle="Ustawa z dnia 17 listopada 1964 r. - Kodeks postępowania cywilnego" xAddress="Dz. U. z 1964 r. Nr 43, poz. 296">art. 479<xSUPx>14</xSUPx> § 4 k.p.c.</xLexLink>), jak również do przepisów <xLexLink xArt="" xIsapId="WDU19840530272" xTitle="Ustawa z dnia 15 listopada 1984 r. - Prawo przewozowe" xAddress="Dz. U. z 1984 r. Nr 53, poz. 272">ustawy Prawo przewozowe</xLexLink> (art. 65 ust 1) i wskazał, że powódka nie zakwestionowała, że doszło do uszkodzenia przesyłki w przewozie, jednak wskazywała na wyłączenie swojej odpowiedzialności z racji nienależytego opakowania przesyłki (art. 65 ust 3 pkt 2 ustawy). Tym niemniej w procesie nie podniosła w tym zakresie żadnych argumentów i nie zgłosiła dowodów. Co do zasady oznacza to, że powódka odpowiada za szkodę w przesyłce. Jednakże przepisy <xLexLink xArt="" xIsapId="WDU19840530272" xTitle="Ustawa z dnia 15 listopada 1984 r. - Prawo przewozowe" xAddress="Dz. U. z 1984 r. Nr 53, poz. 272">Prawa przewozowego</xLexLink> w sposób ścisły określają, jak należy ustalić wysokość odszkodowania za utratę lub ubytek przesyłki, a także za uszkodzenie przesyłki. Powołując się na treść <xLexLink xArt="art. 80;art. 80 ust. 1;art. 80 ust. 2;art. 81" xIsapId="WDU19840530272" xTitle="Ustawa z dnia 15 listopada 1984 r. - Prawo przewozowe" xAddress="Dz. U. z 1984 r. Nr 53, poz. 272">art. 80 ust 1 i 2 i art. 81 ustawy Prawo przewozowe</xLexLink>, Sąd wskazał, że skoro uszkodzeniu uległa część dachówek, to pozwana winna wykazać dokładną ilość uszkodzonych dachówek, a także ich wartość wg wskazań przepisu <xLexLink xArt="art. 80" xIsapId="WDU19840530272" xTitle="Ustawa z dnia 15 listopada 1984 r. - Prawo przewozowe" xAddress="Dz. U. z 1984 r. Nr 53, poz. 272">art. 80</xLexLink>. Dla wykazania wysokości szkody pozwana przedłożyła protokół stłuczek, który stwierdza, że podane w nim ilości są wyłącznie szacunkowe. Świadek nie potrafiła przy tym określić, czy słowo „szacunkowe” oznacza, że jest to maksymalna, minimalna, czy dokładna ilość uszkodzonych dachówek. Nie wykazano też w żaden sposób wartości uszkodzonych dachówek. W trakcie przesłuchiwania świadka okazało się, że do protokołu stłuczek istniał załącznik, którego pozwana nie przedstawiła jako dowodu. W załączniku tym wg zeznań świadka były ceny dachówek, ale świadek nie potrafiła powiedzieć, z czego one wynikały, ponad to, że zostały podane przez <xAnon> firmę (...)</xAnon>. Nie sposób więc zweryfikować, czy wysokość szkody ustalono w zgodzie z przytoczonymi wyżej przepisami. Ponadto po okazaniu owego załącznika okazało się, że do wartości uszkodzonego towaru doliczono koszt transportu, co nie jest zgodne z przepisami. Stosownie bowiem do <xLexLink xArt="art. 82" xIsapId="WDU19840530272" xTitle="Ustawa z dnia 15 listopada 1984 r. - Prawo przewozowe" xAddress="Dz. U. z 1984 r. Nr 53, poz. 272">art. 82 Prawa przewozowego</xLexLink> przewoźnik ma obowiązek zwrócić przewoźne i inne koszty związane z przewozem przesyłki w razie uszkodzenia w wysokości odpowiadającej procentowemu obniżenia wartości przesyłki. Procent uszkodzenia nie jest wiadomy, a fracht za przewóz, w trakcie którego doszło do powstania szkody, wynosił 610 zł netto, tymczasem kwota doliczona jako koszty transportu opiewała na ponad 1500 zł.</xText>
          <xText>Z powyższych względów Sąd uznał, że pozwana nie wykazała wysokości szkody, powstałej w trakcie przewozu wykonywanego przez pozwaną. Jeśli idzie o <xAnon>fakturę nr (...)</xAnon>, to pozwana nie przedstawiła ani samej faktury, ani nie wskazała (i nie wykazała) z czego miałaby wynikać ujęta w niej należność. Wobec tego zarzut umorzenia należności powódki w drodze potrącenia nie mógł być uznany za skuteczny. W konsekwencji żądanie pozwu uwzględniono w całości, przyjmując (z braku zarzutów w tym zakresie), że żądane kwoty i wskazane terminy płatności odpowiadają umowom stron.</xText>
          <xText>O kosztach procesu orzeczono przy zastosowaniu <xLexLink xArt="art. 98" xIsapId="WDU19640430296" xTitle="Ustawa z dnia 17 listopada 1964 r. - Kodeks postępowania cywilnego" xAddress="Dz. U. z 1964 r. Nr 43, poz. 296">art. 98 k.p.c.</xLexLink></xText>
          
          <xText>Wyrok powyższy zaskarżyła w całości pozwana, zarzucając:</xText>
          
          <xText>1. naruszenie przepisu postępowania, które miało istotny wpływ na wynik sprawy, a mianowicie przepisu <xLexLink xArt="art. 233;art. 233 § 1" xIsapId="WDU19640430296" xTitle="Ustawa z dnia 17 listopada 1964 r. - Kodeks postępowania cywilnego" xAddress="Dz. U. z 1964 r. Nr 43, poz. 296">art. 233 § 1 k.p.c.</xLexLink> w zw. z <xLexLink xArt="art. 6" xIsapId="WDU19640160093" xTitle="Ustawa z dnia 23 kwietnia 1964 r. - Kodeks cywilny" xAddress="Dz. U. z 1964 r. Nr 16, poz. 93">art. 6 k.c.</xLexLink>, poprzez nierozważenie w sposób wszechstronny materiału dowodowego zebranego w przedmiotowej sprawie oraz przekroczenie granic swobodnej oceny dowodów, w szczególności w zakresie przyjęcia, że w niniejszym postępowaniu pozwana nie wykazała wysokości szkody poniesionej w trakcie przewozu (tj. ilości i wartości uszkodzonych dachówek), podczas gdy pozwana naprowadziła dowody na okoliczność przedmiotowej szkody w postaci protokołu stłuczek transportowych z dnia 01.03.2011 r. oraz dowodu z zeznań w charakterze świadka pracownika pozwanej - <xAnon>A. K.</xAnon>,</xText>
          <xText>2. naruszenie przepisu postępowania, które miało istotny wpływ na wynik sprawy, a mianowicie przepisu <xLexLink xArt="art. 232;art. 232 zd. 1" xIsapId="WDU19640430296" xTitle="Ustawa z dnia 17 listopada 1964 r. - Kodeks postępowania cywilnego" xAddress="Dz. U. z 1964 r. Nr 43, poz. 296">art. 232 zd. 1 k.p.c.</xLexLink>, poprzez naruszenie zasady kontradyktoryjności (sporności) postępowania w niniejszej sprawie, w szczególności poprzez zastąpienie własnym działaniem bezczynności strony powodowej;</xText>
          <xText>3. naruszenie przepisu postępowania, które miało istotny wpływ na wynik sprawy, a mianowicie przepisu <xLexLink xArt="art. 505(6);art. 3" xIsapId="WDU19640430296" xTitle="Ustawa z dnia 17 listopada 1964 r. - Kodeks postępowania cywilnego" xAddress="Dz. U. z 1964 r. Nr 43, poz. 296">art. 505<xSUPx>6</xSUPx> 3 k.p.c.</xLexLink>, poprzez jego niezastosowanie w niniejszej sprawie, pomimo zaistnienia przesłanek do jego stosowania,</xText>
          <xText>4. naruszenie przepisu postępowania, które miało istotny wpływ na wynik sprawy, a mianowicie przepisu <xLexLink xArt="art. 230" xIsapId="WDU19640430296" xTitle="Ustawa z dnia 17 listopada 1964 r. - Kodeks postępowania cywilnego" xAddress="Dz. U. z 1964 r. Nr 43, poz. 296">art. 230 k.p.c.</xLexLink>, poprzez jego niezastosowanie w niniejszej sprawie, pomimo zaistnienia przesłanek do jego stosowania,</xText>
          <xText>5. naruszenie przepisu postępowania, które miało istotny wpływ na wynik sprawy, a mianowicie przepisu <xLexLink xArt="art. 328;art. 2" xIsapId="WDU19640430296" xTitle="Ustawa z dnia 17 listopada 1964 r. - Kodeks postępowania cywilnego" xAddress="Dz. U. z 1964 r. Nr 43, poz. 296">art. 328 2 k.p.c.</xLexLink>, poprzez jego niezastosowanie, polegające na niewskazaniu w uzasadnieniu przedmiotowego wyroku przyczyn, dla których odmówił wiarygodności dowodom przedłożonym przez pozwaną, tj. w szczególności dokumentowi postaci protokołu stłuczek transportowych oraz zeznaniom świadka,</xText>
          <xText>6. naruszenie przepisów prawa materialnego, tj. przepisu <xLexLink xArt="art. 2" xIsapId="WDU19970780483" xTitle="Konstytucja Rzeczypospolitej Polskiej z dnia 2 kwietnia 1997 r." xAddress="Dz. U. z 1997 r. Nr 78, poz. 483">art. 2 Konstytucji RP z 1997 r.</xLexLink> w związku z przepisem <xLexLink xArt="art. 175;art. 175 ust. 1" xIsapId="WDU19970780483" xTitle="Konstytucja Rzeczypospolitej Polskiej z dnia 2 kwietnia 1997 r." xAddress="Dz. U. z 1997 r. Nr 78, poz. 483">art. 175 ust.1 Konstytucji RP</xLexLink>, poprzez wydanie wyroku rażąco niesprawiedliwego, polegającego na uwzględnieniu powództwa w sytuacji, gdy bezsporny jest fakt powstania przedmiotowej szkody, a nadto pozwana wykazała kalkulację szkody, zaś powódka jej nie zakwestionowała.</xText>
          
          <xText>Podnosząc powyższe zarzuty skarżąca wniosła o zmianę zaskarżonego wyroku poprzez oddalenie powództwa w całości, zasądzenie od powódki, na rzecz pozwanej, kosztów postępowania, w tym kosztów zastępstwa procesowego według norm przepisanych, za obie instancje, ewentualnie o uchylenie zaskarżonego wyroku i przekazanie sprawy do ponownego rozpoznania Sądowi I instancji.</xText>
          <xText>Pozwana zaznaczyła, że fakt powstania szkody w niniejszej sprawie jest okolicznością bezsporną. W sytuacji zatem powódka nie kwestionowała rozmiaru i wysokości poniesionej przez pozwaną szkody, wykazanej za pomocą stosownych dokumentów, nie sposób przyjąć, że pozwana nie sprostała ciężarowi dowodu w niniejszej sprawie. Wydanie przez Sąd wyroku zasądzającego w sytuacji, gdy pozwany wykazał, iż roszczenie powódki wygasło, świadczy o tym, iż Sąd nie rozważył w sposób wszechstronny materiału dowodowego oraz przekroczył granice swobodnej oceny dowodów, naruszając tym samym przepis <xLexLink xArt="art. 233" xIsapId="WDU19640430296" xTitle="Ustawa z dnia 17 listopada 1964 r. - Kodeks postępowania cywilnego" xAddress="Dz. U. z 1964 r. Nr 43, poz. 296">art. 233 k.p.c.</xLexLink> w zw. z <xLexLink xArt="art. 6" xIsapId="WDU19640160093" xTitle="Ustawa z dnia 23 kwietnia 1964 r. - Kodeks cywilny" xAddress="Dz. U. z 1964 r. Nr 16, poz. 93">art. 6 k.c.</xLexLink></xText>
          <xText>Marginalnie pozwana wskazała, że sporządzając uzasadnienie wyroku Sąd nie wskazał przyczyn, dla których odmówił wiarygodności dowodowi z dokumentu, przedłożonemu przez pozwaną, protokołowi stłuczek transportowych. Nie wykazał także, dlaczego uznał za niewiarygodne zeznania świadka - <xAnon>A. K.</xAnon>, zawnioskowanego przez pozwaną.</xText>
          <xText>Pozwana podkreśliła również, że wydając wyrok w niniejszej sprawie, Sąd I instancji dopuścił się również rażącego naruszenia przepisu <xLexLink xArt="art. 232;art. 232 zd. 1" xIsapId="WDU19640430296" xTitle="Ustawa z dnia 17 listopada 1964 r. - Kodeks postępowania cywilnego" xAddress="Dz. U. z 1964 r. Nr 43, poz. 296">art. 232 zd. 1 k.p.c.</xLexLink> W sytuacji, gdy obie strony były reprezentowane przez profesjonalnych pełnomocników, a sprawa miała charakter sprawy gospodarczej, brak jest uzasadnienia dla działania Sądu z urzędu, w zastępstwie strony powodowej, przyjmującej bierną postawę w procesie.</xText>
          <xText>Z ostrożności procesowej pozwana wskazała również, że Sąd nie zastosował w niniejszej sprawie przepisu <xLexLink xArt="art. 505(6);art. 505(6) § 3" xIsapId="WDU19640430296" xTitle="Ustawa z dnia 17 listopada 1964 r. - Kodeks postępowania cywilnego" xAddress="Dz. U. z 1964 r. Nr 43, poz. 296">art. 505<xSUPx>6 </xSUPx>§ 3 k.p.c.</xLexLink>, pomimo zaistnienia przesłanek do jego stosowania. Niezależnie od powyższego, pozwana podniosła, że wyrok Sądu I instancji jest rażąco niesprawiedliwy. Owa niesprawiedliwość sprawia, że wyrok ten nie może się ostać w obrocie prawnym.</xText>
          
          <xText><xBx><xBRx/>Sąd Okręgowy zważył, co następuje</xBx>:</xText>
          
          <xText>Apelacja podlegała oddaleniu. Sprawa była rozpoznawana w postępowaniu uproszczonym, w związku z czym zastosowanie znajduje norma <xLexLink xArt="art. 505(13);art. 505(13) § 2" xIsapId="WDU19640430296" xTitle="Ustawa z dnia 17 listopada 1964 r. - Kodeks postępowania cywilnego" xAddress="Dz. U. z 1964 r. Nr 43, poz. 296">art. 505<xSUPx>13</xSUPx>  § 2 k.p.c.</xLexLink>, zgodnie z którą jeżeli sąd drugiej instancji rozpoznając apelację nie przeprowadził postępowania dowodowego, uzasadnienie wyroku powinno zawierać jedynie wyjaśnienie podstawy prawnej wyroku z przytoczeniem przepisów prawa.</xText>
          <xText>W niniejszej sprawie Sąd I instancji dokonał prawidłowej analizy materiału dowodowego i wyprowadził z niej prawidłowe ustalenia faktyczne, które Sąd odwoławczy aprobuje. Trafnie również Sąd zakwalifikował stosunek prawny łączący poszkodowanego z pozwanym oraz stanowiący podstawę prawną żądań powoda. Sąd odwoławczy nie znajduje potrzeby powtarzania wywodów prawnych Sądu Rejonowego .</xText>
          
          <xText>Odnosząc się do zarzutów apelacji stwierdzić należy po pierwsze, że uzasadnienie zarzutu naruszenia normy <xLexLink xArt="art. 233" xIsapId="WDU19640430296" xTitle="Ustawa z dnia 17 listopada 1964 r. - Kodeks postępowania cywilnego" xAddress="Dz. U. z 1964 r. Nr 43, poz. 296">art. 233 k.p.c.</xLexLink> nie zawiera argumentów wymaganych w utrwalonym orzecznictwie Sądu Najwyższego dla wykazania tego rodzaju naruszenia prawa przez sąd I instancji. W szczególności nie wykazano, by w jakiejkolwiek części wywód Sądu w niniejszej sprawie popadał w sprzeczność z zasadami logiki lub doświadczenia życiowego albo też - by wnioski przeciwne do ustalonych przez Sąd wynikały z dowodów błędnie pominiętych.</xText>
          <xText>Nie wykazano zwłaszcza z jakich przyczyn błędna miałaby być dokonana przez Sąd I instancji ocena zeznań świadka <xAnon>K.</xAnon> i protokołu stłuczek transportowych. Niewątpliwie z obu tych dowodów nie wynika bowiem choćby w przybliżonym zakresie liczba uszkodzonych w transporcie dachówek czy też ich wartość. Wprost wynika bowiem z protokołu, że zapakowany podczas protokołowanej czynności towar poddano jedynie oględzinom zewnętrznym (nie rozpakowywano palet i nie dokonywano weryfikacji uszkodzeń) i określono jedynie „szacunkowe straty”. Nie wyjaśniono natomiast w ogóle sposobu ustalenia owej straty (a więc przede wszystkim nie wskazano, w jaki sposób obliczono liczbę uszkodzonych elementów wymieniona w protokole), co przy uwzględnieniu wzmianki o braku możliwości rozpakowania i braku możliwości „pełnego oszacowania”, czyni w sposób oczywisty nieuzasadnionym twierdzenie o istnieniu podstaw do choćby przybliżonego (szacunkowego) ustalenia rozmiaru szkody na podstawie tego dokumentu. Nadto z dokumentu tego nie wynikają też jednostkowe ceny poszczególnych uszkodzonych i wymienionych w nim elementów, co także nie pozwala w oparciu o jego treść ustalić np. wartości rynkowej (ceny) tych elementów.</xText>
          <xText>Nie przedstawiono też innych dowodów pozwalających na weryfikację sposobu ustalenia wysokości szkody przez kontrahenta pozwanego poprzestając wyłącznie na przedstawieniu samej noty pochodzącej od tego podmiotu.</xText>
          <xText>Zeznania świadka <xAnon>K.</xAnon> natomiast w ogóle nie zawierają danych dotyczących czynności polegających na ustaleniu liczby uszkodzonych elementów. Świadek poprzestaje bowiem na opisie czynności księgowych polegających na obciążeniu powoda kwotą, którą z kolei pozwana została obciążona przez <xAnon> spółkę (...) s.c.</xAnon></xText>
          <xText>Zatem na podstawie tych dowodów ustalić jedynie można (co uczynił Sąd Rejonowy), iż doszło do uszkodzenia przewożonego towaru. Dowody te są natomiast nieprzydatne dla ustalenia choćby przybliżonego zakresu szkody (za taki wobec braku możliwości weryfikacji metodologii przyjętej dla ustalenia liczby uszkodzonych elementów), nie może być bowiem uznany protokół, o którym mowa wyżej. Nie ma zatem racji skarżący sugerując, że Sąd wspomniane dowody ocenił błędnie. Stąd też zarzut naruszenia normy <xLexLink xArt="art. 233;art. 233 § 1" xIsapId="WDU19640430296" xTitle="Ustawa z dnia 17 listopada 1964 r. - Kodeks postępowania cywilnego" xAddress="Dz. U. z 1964 r. Nr 43, poz. 296">art. 233 §1 k.p.c.</xLexLink> uznać należy za bezzasadny.</xText>
          <xText>Zarzucając naruszenie normy <xLexLink xArt="art. 232" xIsapId="WDU19640430296" xTitle="Ustawa z dnia 17 listopada 1964 r. - Kodeks postępowania cywilnego" xAddress="Dz. U. z 1964 r. Nr 43, poz. 296">art. 232 k.p.c.</xLexLink>, skarżący nie wskazuje, na czym miało dokładnie polegać zastąpienie przez Sąd własnym działaniem bezczynności drugiej strony. Sąd I instancji nie prowadził zaś w niniejszej sprawie postępowania dowodowego z urzędu ani też nie zaprezentował (w ramach ustaleń faktycznych) okoliczności nie powoływanych w procesie przez strony.</xText>
          <xText>Argumentacja skarżącego wobec braku ścisłego uzasadnienia nie pozwala w związku z tym na szczegółowe odniesienie się przez Sąd odwoławczy. Przypomnieć zatem jedynie wypada, że dokonanie oceny prawnomaterialnej materiału procesowego zaprezentowanego przez strony jest dokonywane przez Sąd z urzędu (niezależnie od stanowisk stron). Zatem Sąd z urzędu miał obowiązek stosować normę <xLexLink xArt="art. 6" xIsapId="WDU19640160093" xTitle="Ustawa z dnia 23 kwietnia 1964 r. - Kodeks cywilny" xAddress="Dz. U. z 1964 r. Nr 16, poz. 93">art. 6 k.c.</xLexLink> oraz <xLexLink xArt="art. 363" xIsapId="WDU19640160093" xTitle="Ustawa z dnia 23 kwietnia 1964 r. - Kodeks cywilny" xAddress="Dz. U. z 1964 r. Nr 16, poz. 93">art. 363 k.c.</xLexLink> i w perspektywie tych przepisów po pierwsze dokonywać oceny czy szkoda została wykazana co do wysokości , oraz po wtóre - która ze stron winna być obciążona prawnymi skutkami niewykazania tejże okoliczności.</xText>
          <xText>Nie znajduje uzasadnienia w ocenie Sądu odwoławczego również zarzut naruszenia normy <xLexLink xArt="art. 505(6);art. 505(6) § 3" xIsapId="WDU19640430296" xTitle="Ustawa z dnia 17 listopada 1964 r. - Kodeks postępowania cywilnego" xAddress="Dz. U. z 1964 r. Nr 43, poz. 296">art. 505<xSUPx>6</xSUPx> §3 k.p.c.</xLexLink> Pozwany podniósł ten zarzut z ostrożności procesowej, jednak zaznaczyć trzeba, że skoro stał na stanowisku, iż wykazał wysokość swojego roszczenia, to zarzucanie naruszenia przepisu stwarzającego możliwość przyznania stronie określonej kwoty według oceny Sądu w razie nadmiernych trudności w zakresie ścisłego udowodnienia wysokości żądania, jest obarczone swoistą niekonsekwencją. Skoro bowiem powód twierdzi w innym fragmencie swoich wywodów, że udowodnił wysokość roszczenia, a co więcej na twierdzeniu tym buduje apelację, to nie wydaje się trafne wywodzenie z drugiej strony, że ścisłe udowodnienie wysokości żądania nie było możliwe (a zatem wskazanie że de facto wysokość szkody jednak nie została udowodniona).</xText>
          <xText>Ustosunkowując się merytorycznie do tego zarzutu, wskazać należy wstępnie, że norma <xLexLink xArt="art. 505(6);art. 505(6) § 3" xIsapId="WDU19640430296" xTitle="Ustawa z dnia 17 listopada 1964 r. - Kodeks postępowania cywilnego" xAddress="Dz. U. z 1964 r. Nr 43, poz. 296">art. 505<xSUPx>6</xSUPx> §3 k.p.c.</xLexLink> jak trafnie wskazuje skarżący, statuuje instytucję analogiczną do przewidzianej w treści <xLexLink xArt="art. 322" xIsapId="WDU19640430296" xTitle="Ustawa z dnia 17 listopada 1964 r. - Kodeks postępowania cywilnego" xAddress="Dz. U. z 1964 r. Nr 43, poz. 296">art. 322 k.p.c.</xLexLink> Odwołując się do dorobku orzecznictwa i nauki prawa w zakresie wykładni tego przepisu stwierdzić zaś należy, że Sąd nie posiada kompetencji do dowolnego ustalania wartości świadczenia w sytuacji gdy wysokość ta nie została w ogóle wykazana. Zastosowanie tego przepisu jest możliwe jedynie wówczas, gdy istnieją podstawy do przybliżonego (w znacznym stopniu) ustalenia wartości świadczenia odszkodowawczego a poważna trudność dotyczy wyłącznie ścisłego ustalenia tej wartości. Przepis ten nie pozwala zatem na ustalanie przez Sąd wysokości świadczenia w sytuacji niewykazania przesłanek kształtujących jego przybliżoną wysokość. Przepis nie znajduje zastosowania także w przypadku, gdy strona posiadała możność dowodzenia wysokości szkody a jedynie zaniechała w procesie przedstawienia odpowiednich wniosków dowodowych (w orzecznictwie wyrażono np. pogląd, że przepis ten nie może mieć zastosowania w sytuacji, gdy wykazanie wysokości świadczenia nie może nastąpić dlatego że wnioski dowodowe służące udowodnieniu tej okoliczności uległy prekluzji (por. np. wyrok SN z 15 czerwca 2010 II CSK 27/10, OSNC –<xLexLink xArt="art. 322 zd. 2010/4" xIsapId="WDU19640430296" xTitle="Ustawa z dnia 17 listopada 1964 r. - Kodeks postępowania cywilnego" xAddress="Dz. U. z 1964 r. Nr 43, poz. 296">ZD 2010/4</xLexLink>/118 i tam cytowane orzecznictwo).</xText>
          <xText>W niniejszej sprawie ścisłe udowodnienie wysokości żądania nie było w ocenie Sądu Okręgowego nadmiernie utrudnione. Wymagało bowiem jedynie przedstawiania dowodów obrazujących stan towaru po usunięciu opakowania opisywanego w protokole jako przeszkoda dla pełnego oszacowania strat oraz przedstawienia cen jednostkowych poszczególnych uszkodzonych elementów (np. w oparciu o cenniki sprzedawcy czy też faktury VAT). Biorąc pod uwagę realia obrotu o raz przeznaczenie transportowanego towaru oczywistym się wydaje, że odbiorca usunął opakowanie i posiadał wiedzę na temat cen towarów. Z żadnego dowodu przeprowadzonego w sprawie (ani też ze stanowiska procesowego pozwanego) nie wynika, by do dokonania tych czynności nie doszło i nie było możliwe (z jakichkolwiek przyczyn) zweryfikowanie rzeczywistej liczby uszkodzonych elementów. Zatem w gestii pozwanego pozostawało poszukiwanie i przedstawienie dowodów obrazujących stan towaru po usunięciu opakowania oraz cen jednostkowych uszkodzonych produktów (procesowy ciężar sformułowania przytoczeń i przedstawienia dowodów spoczywał w tym zakresie na pozwanym).</xText>
          <xText>Zaniechanie przedstawienia dowodów w sytuacji, gdy było to faktycznie możliwe (niebyło w żaden sposób utrudnione), obciąża zatem pozwanego i nie może być konwalidowane przez odwołanie się do treści <xLexLink xArt="art. 505(6);art. 505(6) § 3" xIsapId="WDU19640430296" xTitle="Ustawa z dnia 17 listopada 1964 r. - Kodeks postępowania cywilnego" xAddress="Dz. U. z 1964 r. Nr 43, poz. 296">art. 505<xSUPx>6</xSUPx> §3 k.p.c.</xLexLink></xText>
          <xText>Zatem i w tej części argumentacja skarżącego nie podlega uwzględnieniu.</xText>
          
          <xText>Zarzucając naruszenie normy <xLexLink xArt="art. 230" xIsapId="WDU19640430296" xTitle="Ustawa z dnia 17 listopada 1964 r. - Kodeks postępowania cywilnego" xAddress="Dz. U. z 1964 r. Nr 43, poz. 296">art. 230 k.p.c.</xLexLink> skarżący w ogóle nie wskazuje uzasadnienia tego zarzutu. Wobec tego nie sposób odnieść się do twierdzenia, które okoliczności miałyby zostać przez Sąd przy zastosowaniu tej normy ustalone. W odniesieniu do kwestii wysokości szkody nie było podstaw do tzw. bezdowodowego ustalenia wysokości szkody, skoro w odpowiedzi na sprzeciw strona powodowa zakwestionowała wyraźnie wyliczenie roszczenia przedstawionego do potrącenia.</xText>
          <xText>Zatem zarzut naruszenia normy art. 230 również jawi się w świetle uzasadnienia apelacji i materiału procesowego jako niezasadny.</xText>
          <xText>Odnosząc się z kolei do zarzutu naruszenia przepisu <xLexLink xArt="art. 328;art. 328 § 2" xIsapId="WDU19640430296" xTitle="Ustawa z dnia 17 listopada 1964 r. - Kodeks postępowania cywilnego" xAddress="Dz. U. z 1964 r. Nr 43, poz. 296">art.328 §2 k.p.c.</xLexLink> wskazać należy, że zarzut ten może uzasadniać wnioski apelacji jedynie w sytuacji, kiedy sposób redakcji (braki) uzasadnienia nie pozwala na odtworzenie sposobu wnioskowania Sądu, który doprowadził do kwestionowanego rozstrzygnięcia. W niniejszej sprawie takie wadliwości nie zachodzą. Sąd odniósł się w uzasadnieniu w sposób wystarczający do zeznań świadka <xAnon>K.</xAnon> wskazując dobitnie na ich nadmierną ogólnikowość dla poczynienia na ich podstawie ustaleń co do wysokości szkody, oraz wykazał na wynikające z zeznań świadka wątpliwości co do sposobu obliczenia należności (doliczenia do należności kwot szczegółowo wymienionych w posiadanym przez świadka dokumencie, który <xIx>nota bene</xIx> nie został dołączony do akt). Sąd odniósł się też do wartości dowodowej protokołu stłuczek złożonego do akt sprawy dostrzegając wskazane wyżej mankamenty tego dokumentu dla możności ustalenia w oparciu o jego treść zakresu uszkodzeń.</xText>
          <xText>Stąd też również w tym zakresie nie można podzielić argumentów apelacji.</xText>
          <xText>Za chybione uznać należy zarzuty naruszenia przepisów <xLexLink xArt="art. 2" xIsapId="WDU19970780483" xTitle="Konstytucja Rzeczypospolitej Polskiej z dnia 2 kwietnia 1997 r." xAddress="Dz. U. z 1997 r. Nr 78, poz. 483">art. 2</xLexLink> w zw. z <xLexLink xArt="art. 175;art. 175 ust. 1" xIsapId="WDU19970780483" xTitle="Konstytucja Rzeczypospolitej Polskiej z dnia 2 kwietnia 1997 r." xAddress="Dz. U. z 1997 r. Nr 78, poz. 483">art. 175 ust. 1 Konstytucji RP</xLexLink>. Stwierdzić należy, że w niniejszej sprawie wydany wyrok stanowi wyraz prawidłowego zastosowania przepisów prawa procesowego (a więc przepisów prawa publicznego) i prawidłowego rozstrzygnięcie sporu w płaszczyźnie materialnoprawnej.</xText>
          <xText>Pomijając kwestię (sugerowanej przez skarżącego) dopuszczalności wydania wyroku samoistnie w oparciu o przepisy <xLexLink xArt="" xIsapId="WDU19970780483" xTitle="Konstytucja Rzeczypospolitej Polskiej z dnia 2 kwietnia 1997 r." xAddress="Dz. U. z 1997 r. Nr 78, poz. 483">Konstytucji</xLexLink> z pominięciem przepisów <xLexLink xArt="" xIsapId="WDU19640430296" xTitle="Ustawa z dnia 17 listopada 1964 r. - Kodeks postępowania cywilnego" xAddress="Dz. U. z 1964 r. Nr 43, poz. 296">k.p.c.</xLexLink> i reguł prawnych dotyczących ciężarów procesowych w zakresie przytaczania faktów i dowodów (które to reguły są wszak wyrazem implementacji przez ustawę konstytucyjnych reguł sprawiedliwości proceduralnej, o których mowa w <xLexLink xArt="art. 175" xIsapId="WDU19970780483" xTitle="Konstytucja Rzeczypospolitej Polskiej z dnia 2 kwietnia 1997 r." xAddress="Dz. U. z 1997 r. Nr 78, poz. 483">art. 175 Konstytucji RP</xLexLink>), stwierdzić należy, że skarżący zapomina, iż obowiązkiem Sądu wynikającym z przywoływanych w apelacji przepisów <xLexLink xArt="" xIsapId="WDU19970780483" xTitle="Konstytucja Rzeczypospolitej Polskiej z dnia 2 kwietnia 1997 r." xAddress="Dz. U. z 1997 r. Nr 78, poz. 483">Konstytucji RP</xLexLink> jest nade wszystko zapewnienie prawidłowego zastosowania norm prawa materialnego. Jedną zaś z podstawowych norm prawa materialnego cywilnego jest norma <xLexLink xArt="art. 6" xIsapId="WDU19640160093" xTitle="Ustawa z dnia 23 kwietnia 1964 r. - Kodeks cywilny" xAddress="Dz. U. z 1964 r. Nr 16, poz. 93">art. 6 k.c.</xLexLink>, która wprost obciąża twierdzącego (powołującego się na dany fakt) skutkami prawnymi (prawnomaterialnymi) zaniechania przedstawienia dowodów faktów z których twierdzący wywodzi skutki prawne.</xText>
          <xText>Jeśli więc wyrok w niniejszej sprawie został wydany po przeprowadzeniu rzetelnego i zgodnego z przepisami proceduralnymi postępowania procesowego i umożliwieniu stronie pozwanej przedstawienia i wykazania swoich racji oraz po prawidłowym ustaleniu stanu faktycznego, to skoro nieuwzględnienie zarzutu potrącenia nastąpiło w wyniku właściwego zastosowania normy <xLexLink xArt="art. 6" xIsapId="WDU19640160093" xTitle="Ustawa z dnia 23 kwietnia 1964 r. - Kodeks cywilny" xAddress="Dz. U. z 1964 r. Nr 16, poz. 93">art. 6 k.c.</xLexLink> nie sposób uznać, że wyrok jest rażąco niesprawiedliwy. Przeciwnie – stwierdzić należy, że zarówno postępowanie w niniejszej sprawie odpowiada konstytucyjnemu paradygmatowi sprawiedliwości proceduralnej, zaś wyrok w sposób prawidłowy ucieleśnia normę prawa materialnego znajdującą zastosowanie w niniejszej sprawie stosownie do wyników postępowania.</xText>
          <xText>Jedynie zatem dla uzupełnienia argumentacji dodać należy, że wbrew twierdzeniom skarżącego, nie przedstawił on w toku procesu stanowiska procesowego, które mogłoby zostać zakwalifikowane jako kalkulacja wysokości szkody (jak twierdzi uzasadniając zarzut naruszenia przepisów <xLexLink xArt="" xIsapId="WDU19970780483" xTitle="Konstytucja Rzeczypospolitej Polskiej z dnia 2 kwietnia 1997 r." xAddress="Dz. U. z 1997 r. Nr 78, poz. 483">Konstytucji RP</xLexLink>), ani też nie złożył do kat dokumentu z którego wynikało w jaki sposób szkodę ta wyliczał jego kontrahent (a który to dokument posiadała świadek <xAnon>K.</xAnon> choćby w czasie jej przesłuchania przed Sądem I instancji – protokół rozprawy - k. 108 akt ). Utwierdza to w przekonaniu, że wyrok w niniejszej sprawie jest wynikiem dokonania przez Sąd prawidłowej oceny uchybienia przez stronę pozwaną ciężarom procesowym dotyczącym formułowania przytoczeń faktycznych i przedstawiania dowodów.</xText>
          
          <xText>Z przedstawionych przyczyn na podstawie <xLexLink xArt="art. 385" xIsapId="WDU19640430296" xTitle="Ustawa z dnia 17 listopada 1964 r. - Kodeks postępowania cywilnego" xAddress="Dz. U. z 1964 r. Nr 43, poz. 296">art. 385 k.p.c.</xLexLink> oddalono apelację</xText>
        </xUnit>
      </xBlock>
    </xPart>
  </judgement>
<judgement id="152500000001521_III_APa_000026_2011_Uz_2012-12-19_001">
    <xPart xEditorFullName="Dorota Szubska" xYear="2011" xLang="PL" xPublisherFullName="Dorota Szubska" xFromPg="1" xEditor="szubdoro" xVolType="15/250000/0001521/APa" xPublisher="szubdoro" xDocType="Uz" xVolNmbr="000026" xVersion="1.0" xToPage="26" xFlag="published">
      <xName>Wyrok+Uzasadnienie</xName>
      <xBlock>
        <xText>Sygn. akt: III APa 26/11</xText>
        <xUnit xIsTitle="true" xBold="true" xType="part">
          <xName>WYROK</xName>
          <xTitle>W IMIENIU RZECZYPOSPOLITEJ POLSKIEJ</xTitle>
          <xText xALIGNx="right">Dnia 2 stycznia 2013 r.</xText>
          
          <xText>Sąd Apelacyjny w Łodzi, III Wydział Pracy i Ubezpieczeń Społecznych</xText>
          <xText>w składzie:</xText>
          <xText>Przewodniczący: SSA Lucyna Guderska</xText>
          <xText>Sędziowie:SSA Jolanta Wolska</xText>
          <xText>SSA Mirosław Godlewski (spr.)</xText>
          <xText>Protokolant: stażysta Agata Jóźwiak
  </xText>
          
          <xText>po rozpoznaniu w dniu 19 grudnia 2012 r. w Łodzi</xText>
          <xText>sprawy<xBx><xAnon>P. O.</xAnon> przy udziale interwenienta ubocznego <xAnon> (...) SA</xAnon><xAnon> (...) Oddziału</xAnon> w <xAnon>P.</xAnon></xBx></xText>
          <xText>przeciwko <xBx><xAnon> Przedsiębiorstwu Produkcyjno - Handlowemu (...) Spółki z ograniczoną odpowiedzialnością</xAnon> w <xAnon>K.</xAnon></xBx></xText>
          <xText>o odszkodowanie i zadośćuczynienie z tytułu wypadku przy pracy,</xText>
          <xText>na skutek obustronnej apelacji</xText>
          <xText>od wyroku Sądu Okręgowego - Sądu Pracy i Ubezpieczeń Społecznych w Sieradzu</xText>
          <xText>z dnia 13 czerwca 2011 r., sygn. akt: IV P 4/10;</xText>
          
          <xUnit xIsTitle="false" xType="none">
            <xName xSffx=".">I</xName>
            <xText>
              <xBx>z apelacji powoda zmienia zaskarżony wyrok w punkcie 1 i 3 w ten sposób że: </xBx>
            </xText>
          </xUnit>
          <xUnit xIsTitle="false" xType="none">
            <xName xSffx=")">a</xName>
            <xText>
              <xBx>zasądzoną na rzecz powoda <xAnon>P. O.</xAnon> kwotę zadośćuczynienia podwyższa do kwoty 78.000,00 (siedemdziesiąt osiem tysięcy) złotych; zasądzając w miejsce zasądzonych odsetek, odsetki ustawowe od kwoty 30.000,00 (trzydzieści tysięcy) złotych za okres od 9 grudnia 2009 r. i od kwoty 48.000,00 ( czterdzieści osiem tysięcy ) złotych za okres od 10 maja 2010 r. </xBx>
            </xText>
          </xUnit>
          <xUnit xIsTitle="false" xType="none">
            <xName xSffx=")">b</xName>
            <xText>
              <xBx>zasądza od <xAnon> Przedsiębiorstwa Produkcyjno - Handlowego (...) Spółki z ograniczoną odpowiedzialnością</xAnon> w <xAnon>K.</xAnon> na rzecz <xAnon>P. O.</xAnon> tytułem zwrotu kosztów leczenia kwotę 5.500,00 ( pięć tysięcy pięćset ) złotych z ustawowymi odsetkami od dnia 10 maja 2010 r.;</xBx>
            </xText>
          </xUnit>
          <xUnit xIsTitle="false" xType="none">
            <xName xSffx=".">II</xName>
            <xText>
              <xBx>oddala apelację powoda w pozostałej części; </xBx>
            </xText>
          </xUnit>
          <xUnit xIsTitle="false" xType="none">
            <xName xSffx=".">III</xName>
            <xText>
              <xBx>oddala apelację pozwanego; </xBx>
            </xText>
          </xUnit>
          <xUnit xIsTitle="false" xType="none">
            <xName xSffx=".">IV</xName>
            <xText>
              <xBx>wzajemnie znosi koszty procesu za II instancję. </xBx>
            </xText>
          </xUnit>
          
          <xText>Sygn. akt III APa 26/11</xText>
        </xUnit>
        <xUnit xIsTitle="true" xBold="true" xType="part">
          <xName>UZASADNIENIE</xName>
          <xText><xAnon>P. O.</xAnon>, zastąpiony przez profesjonalnego pełnomocnika, w pozwie złożonym 26 marca 2010 roku żądał zasądzenia od pozwanego <xAnon> Przedsiębiorstwa Produkcyjno - Handlowego (...) Sp. z o.o.</xAnon> w <xAnon>K.</xAnon> na swoją rzecz kwoty 146.350 zł tytułem odszkodowania i zadośćuczynienia z ustawowymi odsetkami od 9.12.2009 r. za skutki wypadku przy pracy, ustalenia odpowiedzialności pozwanego na przyszłość, a także zasądzenia kosztów procesu, w tym kosztów zastępstwa procesowego według norm przepisanych.</xText>
          <xText>Motywując zgłoszone żądania powód wywodził, że odszkodowanie <xBRx/>i zadośćuczynienie w żądanej wysokości obejmuje odszkodowanie za stały uszczerbek na zdrowiu w kwocie 90.200 zł liczony po 2.200 zł za 1 % uszczerbku przy przyjęciu 41 % uśrednionej wysokości uszczerbku i przy uwzględnieniu otrzymanego świadczenia powypadkowego w kwocie 21.793 zł, oraz zadośćuczynienie za krzywdę w kwocie 30.000 zł i koszt protezy w kwocie 30.000 zł wynikający z faktury pro forma <xAnon> firmy (...) Sp. z o.o.</xAnon></xText>
          <xText>Strona pozwana nie uznała powództwa, wnosiła o jego oddalenie oraz zasądzenie na jej rzecz zwrotu kosztów procesu.</xText>
          <xText>Argumentując stanowisko zajęte w odpowiedzi na pozew strona pozwana, przyznając że zdarzenie zaistniałe 10.04.2008 r. było wypadkiem przy pracy, wskazywała na zachowanie powoda, brak dostatecznej koncentracji przy wykonywaniu pracy i nadmierne zbliżenie osłoniętej rękawicą roboczą dłoni do strefy niebezpiecznej, co doprowadziło do wypadku. Ponadto akcentowała fakt zaproponowania powodowi po zakończeniu rehabilitacji pracy na innym stanowisku, zgodnym z kwalifikacjami powoda, której tenże nie przyjął.</xText>
          <xText>Interwenient uboczny <xAnon> - Towarzystwo (...) S.A.</xAnon><xAnon>V.</xAnon><xAnon> (...) Oddział</xAnon> w <xAnon>P.</xAnon> wnosiło o oddalenie powództwa w całości, z żądaniem zasądzenia kosztów procesu, w tym kosztów zastępstwa procesowego.</xText>
          <xText>Interwenient uboczny, podnosząc że wiąże go ze stroną pozwaną umowa ubezpieczenia odpowiedzialności cywilnej z okresem ochrony ubezpieczeniowej obejmującym datę wypadku, przyłączając się do stanowiska pozwanej, podniósł zarzut przyczynienia się powoda do szkody (brak dostatecznej koncentracji powoda przy pracy),wskazując ponadto na brak podstaw do przyjęcia wystąpienia szkody we wskazywanej wysokości oraz brak interesu prawnego dla żądania ustalenia odpowiedzialności na przyszłość.</xText>
          <xText>W odpowiedzi na stanowisko interwenienta ubocznego pełnomocnik powoda zmodyfikował żądanie pozwu, wnosząc ostatecznie o zasądzenie od pozwanego odszkodowania w kwocie 26.150 zł jako kosztu protezy, na podstawie <xLexLink xArt="art. 444" xIsapId="WDU19640160093" xTitle="Ustawa z dnia 23 kwietnia 1964 r. - Kodeks cywilny" xAddress="Dz. U. z 1964 r. Nr 16, poz. 93">art. 444 k.c.</xLexLink>, a nadto zadośćuczynienia w kwocie 120.200 zł, na podstawie <xLexLink xArt="art. 445" xIsapId="WDU19640160093" xTitle="Ustawa z dnia 23 kwietnia 1964 r. - Kodeks cywilny" xAddress="Dz. U. z 1964 r. Nr 16, poz. 93">art. 445 k.c.</xLexLink></xText>
          <xText>Sąd Okręgowy – Sąd Pracy i Ubezpieczeń Społecznych w Sieradzu wyrokiem z dnia 13 czerwca 2011 roku uwzględnił powództwo w części, zasądzając od pozwanego na rzecz powoda kwotę 65.000 zł tytułem zadośćuczynienia za doznaną krzywdę wskutek wypadku przy pracy zaistniałego 10 kwietnia 2008 roku z ustawowymi odsetkami od dnia 10 maja 2010 roku oraz ustalił odpowiedzialność na przyszłość pozwanego za szkody z wypadku. W pozostałym zakresie Sąd pierwszej instancji powództwo jako niezasadne oddalił. O kosztach procesu orzekł w oparciu o przepis <xLexLink xArt="art. 100" xIsapId="WDU19640430296" xTitle="Ustawa z dnia 17 listopada 1964 r. - Kodeks postępowania cywilnego" xAddress="Dz. U. z 1964 r. Nr 43, poz. 296">art. 100 k.p.c.</xLexLink></xText>
          <xText>Wydając przedmiotowy wyrok Sąd pierwszej instancji przyjął za podstawę rozstrzygnięcia następujące ustalenia faktyczne:</xText>
          <xText><xAnon>P. O.</xAnon>, <xAnon>urodzony (...)</xAnon>, z zawodu technik mechanik, posiadający nadto licencjat z administracji, był zatrudniony u strony pozwanej od 22 września 2003 r. do 31 lipca 2008 r. na całym etacie na stanowisku operatora pras. Według świadectwa pracy umowa rozwiązała się na podstawie <xLexLink xArt="art. 30;art. 30 § 1;art. 30 § 1 pkt. 4" xIsapId="WDU19740240141" xTitle="Ustawa z dnia 26 czerwca 1974 r. - Kodeks pracy" xAddress="Dz. U. z 1974 r. Nr 24, poz. 141">art. 30 § 1 pkt 4 k.p.</xLexLink>, z upływem czasu, na jaki była zawarta. W dniu wypadku powód posiadał ważne zaświadczenie lekarskie co do tego, że nie istnieją przeciwwskazania lekarskie do pracy na stanowisku operatora pras. Powód odbył szkolenie wstępne we wrześniu 2003 r. w zakresie BHP na stanowisku operatora pras przeprowadzone przez <xAnon>J. S.</xAnon> i <xAnon>J. M. (1)</xAnon>. Ukończył w grudniu 2004 r. i w czerwcu 2007 r. jednodniowe szkolenia z zakresu BHP.</xText>
          <xText><xAnon> Przedsiębiorstwo (...)</xAnon> zatrudnia do 60 pracowników, zajmuje się produkcją zespołów do maszyn rolniczych. W procesie produkcji przedsiębiorstwo wykorzystuje około 50 maszyn, wprawianych w ruch energią elektryczną.</xText>
          <xText>Dnia 10 kwietnia 2008 r. w trakcie pracy, w godzinach popołudniowych (od 14:00), powód uległ wypadkowi przy pracy. Obsługiwał wówczas tzw. zwijarkę do blach typ WL-2,5A, gdzie miał za zadanie wyginać detale będące kwadratowym kawałkiem blachy o wymiarach 204 x 204mm i grubości 3mm. Po wygięciu ok. 10 detali w czasie dalszej pracy przy maszynie podczas wkładania detalu prawa ręka powoda w rękawicy dostała się między obracające się walce. W zaistniałej sytuacji powód puścił pedał maszyny załączający napęd maszyny i wcisnął przycisk bezpieczeństwa. Współpracownik <xAnon>W. K.</xAnon> wyjął wtyczkę z sieci zasilającej maszynę, a pozostali koledzy uwolnili rękę powoda z walców. Następnie powód samochodem brygadzisty został zawieziony na stację pogotowia ratunkowego i kolejno karetką - do <xAnon> szpitala (...)</xAnon> w <xAnon>Ł.</xAnon>.</xText>
          <xText>
    Detal wykonywany przez powoda na zwijarce do blach w momencie wypadku, miał małe rozmiary (204 x 204 mm). Pracownik służby BHP pozwanego, <xAnon>J. M. (1)</xAnon>, jednocześnie członek zespołu powypadkowego, zawarł w protokole powypadkowym stwierdzenie, że na przedmiotowej zwijarce nie powinno się wykonywać tak małych detali, tj. mniejszych niż 500 x 500 mm. Detale takie winno się wykonywać na prasie hydraulicznej z użyciem matrycy i stempla. Zespół powypadkowy przyjął, że bezpośrednią przyczyną wypadku przy pracy, jakiemu uległ powód w dniu 10 kwietnia 2008 r. było pochwycenie palca rękawicy nałożonej na rękę powoda przez obracające się walce maszyny a nie wiadomo, czy owe rękawice były należycie dopasowane, czy też dłuższe od palców. Do wypadku przyczyniły się też małe wymiary wykonywanego detalu. Nie stwierdzono w szczególności, żeby wyłączną przyczyną wypadku było naruszenie przez pracownika przepisów dot. ochrony życia i zdrowia, spowodowane przez niego umyślnie lub wskutek rażącego niedbalstwa, bądź by pracownik przyczynił się do wypadku poprzez stan nietrzeźwości.</xText>
          <xText>Powód był zatrudniony u pozwanego na stanowisku operatora pras. <xBRx/>W dniu wypadku obsługiwał zwijarkę do blach. Pracownicy zatrudnieni na produkcji u strony pozwanej pracują najczęściej na co najmniej dwóch maszynach, ponieważ firma nie jest duża. Powód na zwijarce do blach pracował już wcześniej, po raz - dwa razy w miesiącu, wykonując do 30 - 60 detali miesięcznie. Zasadą u pozwanego było, że pracownicy zatrudniani na danych maszynach przechodzili wcześniej instruktaż stanowiskowy, prowadzony przez mistrza, na dowód czego podpisywali stosowny dokument. Nie jest kwestionowane przez żadną ze stron, że w aktach powoda nie ma dokumentu świadczącego o odbyciu przez powoda instruktażu stanowiskowego na zwijarce do blach. Powód twierdzi, że takiego szkolenia nie przechodził, natomiast świadek <xAnon>J. M. (2)</xAnon>, zatrudniony u pozwanego w okresie wypadku powoda w charakterze mistrza produkcji podał, że to on w tym okresie przeprowadzał instruktaże stanowiskowe do obsługi maszyn przez pracowników, wszakże nie pamięta, czy fizycznie instruktaż pracowników zatrudnionych na zwijarce przeprowadzał sam, czy przez wyznaczonego pracownika. Twierdził, że każdy przyjmowany pracownik miał przeprowadzany instruktaż stanowiskowy do obsługi maszyn. Raczej wykluczył sytuację, by nie sporządził dokumentu na dowód przeprowadzonego instruktażu stanowiskowego. Mistrz produkcji zatrudniony później, <xAnon>M. J.</xAnon>, wiedział jacy pracownicy „przypisani" są do jakich maszyn - powód pracował u pozwanego na prasie hydraulicznej <xBRx/>i mimośrodowej oraz na zwijarce; świadek wiedział, że powód przechodził szkolenie do pracy na prasie i wózku widłowym, natomiast nie mógł się wypowiedzieć co do tego, czy powód przechodził szkolenie stanowiskowe do obsługi zwijarki. Każda maszyna, w tym zwijarka miała w stosownej kieszeni instrukcję BHP na użytek pracowników, zawarte są tam ogólne zasady postępowania z daną maszyną.</xText>
          <xText>Na przełomie kwietnia i maja 2008 roku Państwowa Inspekcja Pracy przeprowadziła u pozwanego kontrolę w związku z koniecznością sprawdzenia wykonania poprzednich nakazów pokontrolnych i – przede wszystkim – w związku z koniecznością ustalenia okoliczności i przyczyn wypadku przy pracy, jakiemu uległ powód w dniu 10 kwietnia 2008 r. Podkreślono w wyniku kontroli, że w żadnym z programów prowadzonych szkoleń, obejmujących instruktaże stanowiskowe, nie zawarto szczegółowej tematyki odnoszącej się bezpośrednio do obsługi zwijarki do blach. W odniesieniu do przedmiotowego wypadku – nie opracowano w zakładzie planu technologicznego obróbki takich detali, jakie wykonywał powód, a poszczególne operacje wykonywane były na podstawie ustnych poleceń, wydawanych przez pracowników nadzoru technicznego. Pracodawca posiadał opracowaną przez producenta maszyny dokumentację techniczno - ruchową zwijarki, jednak nie opracował instrukcji dotyczącej bezpiecznego użytkowania tej maszyny na użytek pracowników. <xBRx/>W punkcie 9 dokumentacji - k. 119 - producent podkreślił, że nie należy włączać silnika elektrycznego przy wprowadzaniu i ustawieniu blachy pomiędzy walce ciągnące, a nadto w czasie zwijania blach pracownik obsługujący maszynę winien znajdować się z boku maszyny, przy wyłączniku napędu mechanicznego. Maszyna w momencie kontroli była zużyta i wymagała remontu, a pracodawca nie udokumentował przeprowadzania okresowych jej przeglądów technicznych co pół roku, zgodnie z zobowiązaniem producenta. Inspekcja zaznaczyła, że w dokumentacji technicznej zawarta jest uwaga producenta dotycząca potrzeby zamontowania dodatkowego urządzenia zabezpieczającego przed wypadkiem (k. 128) w postaci linki stalowej na wysokości zasięgu nogi obsługującego, której naciśnięcie w wypadku niebezpieczeństwa wciągnięcia palców między walce powoduje natychmiastową zmianę kierunku obrotów walców. Jako przyczyny przedmiotowego wypadku wskazano: dostanie się palców powoda między walce na skutek chwilowego braku koncentracji, na co wpłynął mały rozmiar giętego detalu i brak urządzeń pomocniczych zabezpieczających przed wciągnięciem dłoni między walce (podajnik, szczypce itp.), nieopracowanie przez pracodawcę w dokumentacji sposobu podawania do walców tak małych elementów, brak dowodu na przeszkolenie stanowiskowe powoda na zwijarce, brak instrukcji BHP dotyczącej obsługi zwijarki do blach, tolerowanie przez nadzór techniczny pozwanego wkładania detalu między obracające się walce i obróbka tak małych elementów przy jednoczesnym zaleceniu producenta, by miały one wymiar co najmniej 500 mm, a nadto niewyposażenie maszyny w linkę bezpieczeństwa, której naciśnięcie spowodowałoby natychmiastowe włączenie przeciwnych obrotów walców. Postulowano rozważenie zastosowania na zwijarce do blach linki bezpieczeństwa, której naciśnięcie powodowałoby natychmiastowe włączenie przeciwnych obrotów walców, aczkolwiek przyznano jednocześnie, że producent nie wyposażył maszyny w taką linkę. Podkreślono, że zespół powypadkowy nie ustalił, czy pracownik pracował we właściwych rękawicach ochronnych a jedynie zaznaczył, że jak wiadomo z praktyki nie są one ściśle dopasowane, wobec czego posiadają dłuższe palce, niż wynikałoby to z potrzeby użytkownika. Do protokołu kontroli przeprowadzonej przez PIP pracodawca nie złożył zastrzeżeń.</xText>
          <xText>
    Zwijarka do blach charakteryzowała się niskim poziomem technicznym, odpowiadającym koncepcji lat 60/70 ubiegłego wieku. Na przełomie 2005/2006 roku przeprowadzono modernizację zwijarki poprzez zmianę sposobu załączania i wyłączania maszyny oraz dodatkowego zabezpieczenia w razie kolizji - zainstalowano podwójny pedał nożny do włączania i wyłączania obrotów walców w prawą lub lewą stronę (zdjęcie nogi z pedału powoduje zatrzymanie maszyny) oraz zainstalowano na skrajnych korpusach maszyny w najbardziej widocznym miejscu dwóch wyłączników bezpieczeństwa obsługiwanych ręcznie (tzw. zbijakowych), których naciśnięcie powoduje prawie natychmiastowe zatrzymanie obrotów walców. Biegły stwierdził, że przy takiej wersji systemu sterowania maszyną wyłączanie maszyny poprzez zamontowanie wyłączającej linki bezpieczeństwa nie zwiększa bezpieczeństwa. Ewentualna linka, w przypadku jej zainstalowania, spełniałaby takie same funkcje jak zabezpieczenia opisane wyżej. Ponadto, przy obrabianiu arkuszy blachy dużej wielkości obsługujący maszynę nie miałby kontaktu z ową linką tymczasem pedał nożny jest przesuwny, idzie za pracownikiem. Zamontowanie pedału nożnego idącego za pracownikiem spowodowało, że linka wyłączająca jest zbędna. Już puszczenie pedału powoduje zatrzymanie maszyny. Przyciski zbijakowe są dodatkowym elementem zabezpieczającym pracownika na wypadek, gdyby z jakichś powodów nastąpiło zacięcie, zablokowanie pedałów. Tylko w sytuacji, gdyby maszyna nie miała zamontowanych pedałów nożnych, zastosowanie linki miałoby uzasadnienie. Przy działaniu każdego z tych trzech urządzeń zabezpieczających należy uwzględnić również element bezwładności walców. Oznacza to, że walec górny i dolny całkowicie zatrzymują się (przy pracy maszyny bez obciążenia) pokonując siłą bezwładności, zarówno przy zwolnieniu pedału nożnego, jak i naciśnięciu wyłącznika zbijakowego - po ok. 1/3/4 obrotu, co przekładając na centymetry oznacza ok. 10-16 cm. Biegły podkreślił, że ewentualna hipotetyczna zmiana kierunku obrotu walców (bez możliwości ich rozsunięcia) byłaby niecelowa i niewłaściwa, bowiem powodowałaby powtórne uszkodzenia ciała, nadto zmiana kierunku obrotów bez określenia czasu ich trwania mogłaby być niebezpieczna w przypadku wtórnego nawinięcia części garderoby. Biegły stwierdził nadto, że obroty walców w analizowanym przez niego przypadku zostały wyłączone po zwolnieniu przez powoda pedału nożnego, lewego lub prawego (co jest najbardziej naturalną reakcją obsługującego maszynę). Wykorzystanie wyłącznika zbijakowego jest dodatkowym zabezpieczeniem. Wyłączenie przewodu z gniazda zasilającego nie miało w tym kontekście znaczenia dla unieruchomienia maszyny. Powód miał za zadanie obrabiać małe elementy (204x204mm). Włożenie tak małego elementu między walce powinno następować zdaniem biegłego przy wyłączonej maszynie i po regulacji walców. Biegły ocenił, że popychanie tak małych obrabianych elementów zarówno rękawicą, jak i gołą ręką jest niebezpieczne, lepsze już byłoby zastosowanie jakichś narzędzi „do popychania". Każdorazowa regulacja walców mogłaby poza tym skutkować tym, iż popychanie zwijanych elementów mogłoby być zbędne. Podkreślił potrzebę odpowiedniego szkolenia pracowników w zakresie obsługi maszyny i w związku z tym ich odpowiedni poziom świadomości.</xText>
          <xText>Powód przedstawił do akt sprawy fakturę pro forma co do kosztu zakupu protezy II i V palca na łączna kwotę 26.150 zł, wystawioną w dniu 19 listopada 2009 r. przez <xAnon> (...) Sp.z o.o.</xAnon> i zeznał, że od 2009 r. oczekuje na zabieg operacyjny prawej dłoni w <xAnon> szpitalu (...)</xAnon> w <xAnon>Ł.</xAnon>, gdzie ma skierowanie. Czas oczekiwania wydłuża się, ponieważ ewentualny zabieg nie jest spowodowany zagrożeniem życia. Powód jest zdecydowany poddać się temu zabiegowi, nawet gdyby był to jedynie zabieg kosmetyczny, bowiem stan ręki krępuje go w obecności innych osób, bywa że rękę z tego powodu bandażuje. Stąd nie podejmuje działań w kierunku oprotezowania, ponieważ na tym etapie jest to niecelowe. Powód może chwytać prawą ręką, ale tylko lekkie przedmioty, chwyt ręki pozostał, ponieważ ma kciuk. Zgięcie palców prawej ręki jest ograniczone, chwyt nie jest należyty, wobec czego pisanie, krojenie chleba itp. nastręcza trudności. Odczuwa dolegliwości bólowe na zmianę pogody, może prawą ręką wykonywać tylko nieobciążające czynności.</xText>
          <xText>Krótko po wypadku prezes zarządu pozwanej <xAnon> spółki (...)</xAnon> zaproponował powodowi zatrudnienie po zakończeniu leczenia i rehabilitacji. Ostatecznie powodowi zaproponowano zatrudnienie na stanowisku dostosowanym do jego możliwości fizycznych i zgodnym z doświadczeniem zawodowym (stanowisko kontrolera jakości), ustalając proponowane wynagrodzenie w dotychczasowej wysokości (sprzed wypadku). Rozpoczęcie pracy miało mieć miejsce w dniu 2 listopada 2009 r. Powód tej propozycji ostatecznie nie przyjął i do pracy się nie stawił uznając, że pozwany winien zaproponować mu wynagrodzenie wyższe z uwagi na kilkuletnie zatrudnienie w tej firmie oraz fakt, że nie pracowałby już na produkcji. Strona pozwana natomiast uważała, że powód otrzymał propozycję pracy z zarobkami takimi, jakie otrzymują inni kontrolerzy jakości, ponadto na nowym stanowisku powód musiałby się dopiero sprawdzić.</xText>
          <xText>W związku z wypadkiem przy pracy powód otrzymał jednorazowe odszkodowanie wypadkowe z ZUS z tytułu 37 % stałego uszczerbku na zdrowiu w wysokości 21.793 zł.</xText>
          <xText><xAnon> Z Państwowego Zakładu (...) S.A.</xAnon> powód otrzymał z tytułu posiadania stosownej polisy i odprowadzania składek od wynagrodzenia odszkodowanie wypadkowe w wysokości łącznie 12.600 zł wobec uznania 45 % trwałego uszczerbku na zdrowiu.</xText>
          <xText>Biegła ortopeda i traumatolog, badając powoda w kwietniu 2011 r., rozpoznała u niego stan po zmiażdżeniu i amputacji częściowej palców II i V oraz usztywnienie palca III ręki prawej. Powód był leczony operacyjnie w okresie 10 - 18.04.2008 r. w <xAnon> szpitalu (...)</xAnon> w <xAnon>Ł.</xAnon> po wypadku zaistniałym 10.04.2008 r. Podczas kolejnego pobytu w szpitalu w dniach 9 - 10.07.2008 r. z powodu zapalenia ropnego i martwicy przeprowadzono amputację paliczka obwodowego i częściowo podstawnego palca II ręki prawej. Leczenie powód kontynuował w poradni rehabilitacyjnej, następnie w sanatorium, leczenie zakończono we wrześniu 2009 r. Uszczerbek na zdrowiu wynosi łącznie 35 %, rokowanie co do możliwości poprawy obecnej sprawności ręki prawej są wątpliwe, nie ma możliwości operacyjnej poprawy sprawności tej ręki, niemożliwa jest ocena celowości ewentualnego zabiegu operacyjnego na ręce, bowiem nie ma jakichkolwiek informacji co do rodzaju i zakresu ewentualnego zabiegu, obecny stan anatomiczny i czynnościowy ręki nie wymaga jej protezowania. Możliwe jest rozważenie celowości zastosowania protezy kosmetycznej, ukrywającej kalectwo, bez poprawy czynności ręki. Zdolność powoda do pracy w wyuczonym zawodzie technika mechanika jest w znacznym stopniu ograniczona. Zdolny jest on natomiast do wykonywanej aktualnej pracy magazyniera. Może pracować zgodnie z wykształceniem administracyjnym na poziomie licencjata. Możliwe są też do wykonywania zawody zgodne z III poziomem kwalifikacji zawodowych, jeżeli nie będą wymagały pełnej sprawności obu rąk. Biegła podkreśliła, że powód zaadaptował się do kalectwa <xBRx/>i potrafi względnie sprawnie posługiwać się uszkodzoną ręką.</xText>
          <xText>Powód przed wypadkiem zatrudniony był u pozwanego na stanowisku operatora pras i zarabiał średnio 1.700 zł netto. Po wypadku pobierał zasiłek chorobowy w wysokości generalnie zarobków z okresu wypadku, a następnie świadczenie rehabilitacyjne (łącznie ok. 1,5 roku). Następnie ubiegał się o przyznanie świadczenia rentowego z ZUS, jednak bezskutecznie, bowiem ZUS uznał, że jest on zdolny do pracy. Odwołanie od decyzji zostało oddalone również przez Sąd Pracy i Ubezpieczeń Społecznych. Kolejno był zarejestrowany jako bezrobotny w PUP, a od 15.02.2011 r. podjął zatrudnienie zaproponowane przez Urząd Pracy dla osoby niepełnosprawnej (w stopniu lekkim), zatrudnienie w związku z tym wykonuje w wymiarze 7/8 etatu. Pracuje jako magazynier, umowa jest na czas określony - do 2013 r. W okresie wypadku powód mieszkał już samodzielnie, natomiast po wypadku wrócił do rodziców z powodów finansowych, tj. z uwagi na to, iż rodzice otrzymują jedynie świadczenia przedemerytalne, wobec czego łatwiej jest prowadzić gospodarstwo domowe w trójkę przy dochodach trzech osób, a ponadto powód po wypadku potrzebował pomocy przy codziennych czynnościach.</xText>
          <xText>W tak ustalonym stanie faktycznym Sąd pierwszej instancji uznał powództwo za częściowo zasadne. Zdaniem tego Sądu, pozwany jest niewątpliwie zakładem wprawianym w ruch za pomocą sił przyrody <xBRx/>i odpowiedzialność jego za szkody wyrządzone komukolwiek, w tym <xBRx/>i pracownikowi, kształtuje przepis <xLexLink xArt="art. 435" xIsapId="WDU19640160093" xTitle="Ustawa z dnia 23 kwietnia 1964 r. - Kodeks cywilny" xAddress="Dz. U. z 1964 r. Nr 16, poz. 93">art. 435 kodeksu cywilnego</xLexLink>. Zwolnienie z odpowiedzialności mogłoby nastąpić jedynie przy wykazaniu, że szkoda nastąpiła w wyniku działania siły wyższej, bądź wyłącznie z winy poszkodowanego, lub osoby trzeciej, za którą pozwany nie odpowiada. Pozwana nie wykazała zaistnienia przesłanki egzoneracyjnej, która zwalniałaby ją od odpowiedzialności na zasadzie ryzyka wobec powoda za skutki zaistniałego wypadku przy pracy. Zaistnienie takich okoliczności nie wynika też z protokołu powypadkowego.</xText>
          <xText>Roszczenie w zakresie odszkodowania jest nieuzasadnione. Zgodnie z przepisem <xLexLink xArt="art. 444;art. 444 § 1" xIsapId="WDU19640160093" xTitle="Ustawa z dnia 23 kwietnia 1964 r. - Kodeks cywilny" xAddress="Dz. U. z 1964 r. Nr 16, poz. 93">art. 444 §1 k.c.</xLexLink> „w razie uszkodzenia ciała... naprawienie szkody obejmuje wszelkie wynikłe z tego powodu koszty". Strona powodowa takich kosztów nie wykazała w żadnym stopniu. Żądanie ostatecznie z tego tytułu kwoty 26.150 zł jako koszt protezy według faktury pro forma - nie może być uznane za udowodnienie poniesionych kosztów. Powód do końca procesu twierdził, że oczekuje na kolejny zabieg operacyjny ręki, wobec czego niecelowe jest ewentualne zamawianie protezy. Wymaga zauważenia, że również zabieg operacyjny uszkodzonej w wyniku wypadku ręki nie został do końca uprawdopodobniony, bowiem nie złożono na tę okoliczność jakichkolwiek dowodów. Biegła ortopeda - traumatolog zaznaczyła, że w jej ocenie aktualny stan anatomiczny i czynnościowy prawej ręki powoda nie wymaga jej protezowania, a rokowanie co do możliwości poprawy obecnej sprawności ręki jest wątpliwe. Dopuściła wszakże możliwość protezowania ręki typu kosmetycznego, tj. ukrywającego kalectwo. Żadnych innych kosztów jako poniesionych wskutek wypadku strona powodowa nie zgłosiła.</xText>
          <xText>Żądanie zasądzenia zadośćuczynienia Sąd pierwszej instancji uznał za uzasadnione co do zasady. Brak też było, w ocenie Sądu pierwszej instancji podstaw do przyjęcia, że powód przyczynił się do zaistniałego w dniu <xBRx/>10 kwietnia 2008 r. wypadku przy pracy, a fakt wcześniejszej pracy powoda na przedmiotowej maszynie, w wymiarze przeciętnie 1-2 razy w miesiącu, niczego w tej kwestii nie zmienia. Z dokumentacji techniczno - ruchowej maszyny wynika, że dopuszczane były przez producenta do zwijania rur elementy o wymiarach co najmniej 500 mm (k. 116). Zdaniem Sądu jednak, również zlecenie powodowi gięcia na tej maszynie elementów o wymiarach 204x204mm, a więc elementów w istocie bardzo małych, bez wcześniejszego opracowania technologii gięcia takich detali i przy wykorzystaniu odpowiednich do tego (ewentualnie) rękawic oraz dodatkowych przyrządów, bądź bez wprowadzenia w praktyce zasady, zgodnie z dokumentacją techniczno - ruchową, iż elementy do gięcia wprowadza się między walce przy wyłączonym silniku (k. 119), było błędem, który ostatecznie doprowadził do wypadku. Powód nie był przeszkolony stanowiskowo do pracy na zwijarce, a powierzone czynności wykonywał zgodnie z przyjętą na tym stanowisku pracy praktyką w oparciu o ustne polecenia pracowników nadzoru. Podnoszony przez pozwanego fakt, że każda maszyna, w tym zwijarka miała w stosownej kieszeni instrukcję BHP na użytek pracowników i tam zawarte były ogólne zasady postępowania z daną maszyną - nie zwalnia pozwanego z obowiązku przeprowadzenia szkolenia stanowiskowego pracownika, zatrudnionego na danej maszynie. Określając wysokość zadośćuczynienia, Sąd uwzględnił, że powód otrzymał już z tytułu uszczerbku na zdrowiu z ZUS kwotę 21.793 zł oraz z <xAnon> (...) S.A.</xAnon> z tytułu nieszczęśliwego wypadku z ubezpieczenia kwotę 12.600 zł, aczkolwiek należy spostrzec, że odszkodowanie powypadkowe ze strony Państwowego Zakładu Ubezpieczeń wypłacone zostało w związku z faktem ubezpieczenia się powoda od skutków ewentualnego wypadku i opłacania z tego tytułu składek. Zasądzając wysokość zadośćuczynienia, Sąd uwzględnił również postawę pozwanego, który zaproponował powodowi zatrudnienie na stanowisku dostosowanym do jego możliwości fizycznych i zgodnym z doświadczeniem zawodowym (stanowisko kontrolera jakości), ustalając proponowane wynagrodzenie w dotychczasowej wysokości (sprzed wypadku), jakiej to propozycji powód nie przyjął uznając, że pozwany winien zaproponować mu wynagrodzenie wyższe. Zasądzając wskazaną w wyroku kwotę zadośćuczynienia Sąd kierował się przede wszystkim tym, że wypadek jakiemu uległ powód spowodował określone konsekwencje zarówno w zakresie jego zatrudnienia, jak i w życiu osobistym powoda. Spowodował przerwę w zatrudnieniu, ostatecznie zmniejszenie wynagrodzenia, jak i szans na wybór zatrudnienia w przyszłości, kłopoty funkcjonowaniu w codziennym życiu. Powód ma istotne ograniczenia uprawianiu sportów, a należy zauważyć, że jest młodym i do wypadku był sprawnym człowiekiem. Odczuwał i odczuwa nadal ból w związku z urazem dłoni przebytymi zabiegami operacyjnymi. Rokowania po I-ej operacji okazały się niekorzystne, konieczna była druga, bardziej radykalna operacja związana amputacją palców. Istniejąca niepełnosprawność powoduje, że perspektywy pracy powoda w wyuczonym przez niego zawodzie technika mechanika są znacznie ograniczone. Oceniając powyższe okoliczności łącznie, Sąd uznał, że powód winien trzymać od pozwanej tytułem zadośćuczynienia za doznaną krzywdę kwotę 65.000 z ustawowymi odsetkami od dnia doręczenia powództwa stronie przeciwnej.</xText>
          <xText>Uwzględniając powództwo w zakresie żądania ustalenia odpowiedzialności pozwanego na przyszłość za ewentualne szkody wynikłe dla powoda wskutek wypadku przy pracy zaistniałego 10 kwietnia 2008 r., Sąd pierwszej instancji miał przede wszystkim na uwadze to ,że nie jest możliwe przewidzenie, czy i jakie inne skutki dla zdrowia powoda ujawnią się w przyszłości w związku z tym wypadkiem. Powód planuje poddanie się zabiegowi operacyjnemu w zakresie prawej ręki i ewentualnie dopiero potem zasadne będzie rozważenie, czy i w jakim zakresie celowe będzie zastosowanie w jego przypadku protezy ręki.</xText>
          <xText>Wyrok Sądu Okręgowego zaskarżyły apelacjami obie strony.</xText>
          <xText>Pozwana zaskarżyła wyrok w części uwzględniającej powództwo oraz orzekającej o obowiązku zwrotu kosztów procesu. W apelacji zarzuciła wyrokowi: a) naruszenie <xLexLink xArt="art. 435;art. 435 § 1" xIsapId="WDU19640160093" xTitle="Ustawa z dnia 23 kwietnia 1964 r. - Kodeks cywilny" xAddress="Dz. U. z 1964 r. Nr 16, poz. 93">art. 435 § 1 k.c.</xLexLink> poprzez przyjęcie, że pozwany ponosi odpowiedzialność na zasadzie ryzyka, podczas gdy szkoda nastąpiła z winy poszkodowanego na skutek rażącego niedbalstwa; b) naruszenie prawa procesowego poprzez niewłaściwe zastosowanie <xLexLink xArt="art. 233;art. 233 § 1" xIsapId="WDU19640430296" xTitle="Ustawa z dnia 17 listopada 1964 r. - Kodeks postępowania cywilnego" xAddress="Dz. U. z 1964 r. Nr 43, poz. 296">art. 233 § 1 k.p.c.</xLexLink> w związku z <xLexLink xArt="art. 316;art. 316 § 1" xIsapId="WDU19640430296" xTitle="Ustawa z dnia 17 listopada 1964 r. - Kodeks postępowania cywilnego" xAddress="Dz. U. z 1964 r. Nr 43, poz. 296">art. 316 § 1 k.p.c.</xLexLink> z uwagi na sprzeczności ustaleń Sądu z treścią zebranego w sprawie materiału dowodowego oraz zasady orzekania o stanie rzeczy istniejącym w chwili zamknięcia rozprawy polegające na przyjęciu, że elementy obrabiane na zwijarce muszą mieć wymiar co najmniej 500x500mm, a z opinii biegłego wynika, że dokumentacja techniczno - ruchowa nie określa minimalnych wymiarów giętych materiałów, a jedynie wynika to z możliwości maszyny i kwalifikacji technologicznych. Odnośnie wyroku w części ustalającej odpowiedzialność na przyszłość apelujący nie sformułował zarzutu, ani nie przytoczył uzasadnienia, ograniczając się do stwierdzenia, że zaskarża wyrok także w tej części.</xText>
          <xText>W konkluzji apelacji, strona pozwana wniosła o oddalenie powództwa w zaskarżonej części i zasądzenie od powoda na rzecz pozwanego kosztów procesu, w tym kosztów zastępstwa procesowego za obie instancje.</xText>
          <xText>Powód zaskarżył wyrok apelacją w części oddalającej powództwo. W apelacji zarzucił wyrokowi: a) naruszenie prawa materialnego przez błąd subsumcji i jego niewłaściwe zastosowanie, w szczególności <xLexLink xArt="art. 444;art. 444 § 1;art. 445;art. 445 § 1" xIsapId="WDU19640160093" xTitle="Ustawa z dnia 23 kwietnia 1964 r. - Kodeks cywilny" xAddress="Dz. U. z 1964 r. Nr 16, poz. 93">art. 444 § 1 i art. 445 § 1 k.c.</xLexLink> prowadzące do odmowy przyznania powodowi zadośćuczynienia za doznaną krzywdę ponad kwotę 65.000,00 zł oraz do odmowy zasądzenia kwoty 26.150,00 zł na koszty leczenia w postaci protezowania kikuta zmiażdżonej ręki a nadto przez zasądzenie odsetek ustawowych za zwłokę w zapłacie od daty doręczenia pozwu powodowi zamiast od daty wezwania pozwanego do zapłaty; b) niewyjaśnienie wszystkich okoliczności faktycznych w wyniku oddalenia wniosku o dopuszczenie dowodu z opinii biegłego z zakresu medycyny pracy na podane w pozwie okoliczności i nie zobowiązanie biegłej ortopedy do wypowiedzenia się co do rozmiaru cierpień psychicznych i fizycznych powoda wywołanych wypadkiem.</xText>
          <xText>Wskazując na powyższe powód wnosił o zmianę zaskarżonego wyroku w części oddalającej powództwo i zasądzenie od pozwanego kwoty 81.350,00 zł. z ustawowymi odsetkami od 9 grudnia 2009 roku oraz o zasądzenie od pozwanego na rzecz powoda odsetek ustawowych od zasądzonej kwoty 65.000 zł od 9 grudnia 2009 roku. Nadto o zasądzenie od pozwanej na rzecz powoda kosztów procesu, w tym kosztów zastępstwa procesowego, za obie instancje.</xText>
          <xText>Interwenient uboczny <xAnon> (...) S.A.</xAnon><xAnon>V.</xAnon><xAnon> (...) Oddział</xAnon> w <xAnon>P.</xAnon> wniosła o oddalenie apelacji powoda, podzielając argumentację Sądu pierwszej instancji.</xText>
          <xText>Sąd drugiej instancji uzupełnił postępowanie dowodowego przeprowadzając dowody z opinii biegłych, uzupełniającej pisemnej opinii biegłego ortopedy - traumatologa <xAnon>A. F.</xAnon> oraz pisemnej opinii biegłego z zakresu ortopedii i rehabilitacji dr <xAnon>E. B.</xAnon> na okoliczność rozmiaru cierpień fizycznych <xBRx/>i ujemnych doznań psychicznych powoda związanych z wypadkiem oraz leczeniem, jak również celowości zaprotezowania protezą, o której mowa w przedłożonej przez powoda fakturze pro forma ( k. 431 akt i k. 458 akt ). Przeprowadzone uzupełniające postępowanie dowodowe, wyjaśniło iż proces leczenia uszkodzonej ręki nie został zakończony co powoduje, że na obecnym etapie niecelowe jest protezowanie czynnościowe. Konieczne wręcz jest natomiast wykonanie protezy kosmetycznej i takiej protezy dotyczy przedłożona faktura pro forma. Tyle tylko, że protezy kosmetyczne wykonują różne laboratoria w różnych technologiach i w różnych cenach. W laboratorium, które wystawiło fakturę, możliwe jest wykonanie protezy kosmetycznej dla powoda z gotowych rękawic wykonanych z PCV lub silikonu w cenie od 2 500 do około 5 500 złotych. Wskazana w fakturze proteza kosmetyczna jest protezą wykonywaną po pobraniu miary zdrowej ręki, wykonaniu odlewu palca i jego odbicie wraz z doborem płytki paznokciowej. Koszt tak wykonanej protezy wynosiłby około 26 000 złotych. W związku z doznanymi w wypadku obrażeniami przez okres pierwszych 14 dni rozmiar cierpień fizycznych powoda był znaczny. Następnie w okresie do końca sierpnia 2008 roku, do kiedy trwało gojenie ran, nasilenie cierpień fizycznych było średnie. Lekkie nasilenie cierpień fizycznych utrzymało się do końca 2008 roku. Cierpnie psychiczne w okresie pierwszych 6 miesięcy było znaczne przez następne 12 miesięcy było ono umiarkowane, a następnie przeszło w lekkie, które trwa nadal. Deformacja i pozbawienie pełnej czynności prawej ręki u młodego praworęcznego mężczyzny było i jest trudne do zaakceptowania.</xText>
          
          <xText>
            <xUx>Sąd Apelacyjny w Łodzi zważył co następuje .</xUx>
          </xText>
          
          <xText>Apelacja strony pozwanej jest bezzasadna, a apelacja powoda jedynie w części zasługuje na uwzględnienie.</xText>
          <xText>W sprawie poza sporem pozostaje, że wypadek z dnia 10 kwietnia 2008 roku jakiemu uległ powód był wypadkiem przy pracy. Treść apelacji strony pozwanej jednoznacznie także wskazuje, że strona pozwana nie kwestionuje tego, że jest przedsiębiorstwem wprawianym w ruch za pomocą sił przyrody <xBRx/>i ma do niej zastosowanie reżim odpowiedzialności deliktowej określony w przepisie <xLexLink xArt="art. 435" xIsapId="WDU19640160093" xTitle="Ustawa z dnia 23 kwietnia 1964 r. - Kodeks cywilny" xAddress="Dz. U. z 1964 r. Nr 16, poz. 93">art. 435 k.c.</xLexLink> W związku z czym, mając także na uwadze pozostałe okoliczności stanu faktycznego występujące w sprawie, należy w tym względzie poprzestać na zaaprobowaniu stanowiska Sądu pierwszej instancji, co do analizy podstaw odpowiedzialności pozwanej w płaszczyźnie odpowiedzialności na zasadzie ryzyka (<xLexLink xArt="art. 435" xIsapId="WDU19640160093" xTitle="Ustawa z dnia 23 kwietnia 1964 r. - Kodeks cywilny" xAddress="Dz. U. z 1964 r. Nr 16, poz. 93">art. 435 k.c.</xLexLink>), skoro dla stwierdzenia istnienia związku przyczynowego pomiędzy ruchem przedsiębiorstwa, a szkodą w rozumieniu <xLexLink xArt="art. 435;art. 435 § 1" xIsapId="WDU19640160093" xTitle="Ustawa z dnia 23 kwietnia 1964 r. - Kodeks cywilny" xAddress="Dz. U. z 1964 r. Nr 16, poz. 93">art. 435 § 1 k.c.</xLexLink> wystarczające jest aby uszczerbek powstał na skutek zdarzenia funkcjonalnie powiązanego z działalnością przedsiębiorstwa. Pozwany, jak wynika z treści apelacji, nie negując wystąpienia przesłanek odpowiedzialności (ruch przedsiębiorstwa, szkoda <xBRx/>i związek przyczynowy między ruchem przedsiębiorstwa a szkodą) dopatruje się w okolicznościach sprawy okoliczności egzoneracyjnej, podnosząc że do powstania szkody doszło z wyłącznej winy poszkodowanego. W związku z treścią argumentacji apelacji, przypomnieć należy, że aby zachowanie poszkodowanego mogło być podstawą wyłączenia odpowiedzialności z <xLexLink xArt="art. 435" xIsapId="WDU19640160093" xTitle="Ustawa z dnia 23 kwietnia 1964 r. - Kodeks cywilny" xAddress="Dz. U. z 1964 r. Nr 16, poz. 93">art. 435 k.c.</xLexLink> musi być ono zawinione i stanowić wyłączną przyczynę szkody w rozumieniu adekwatnego związku przyczynowego. Wina poszkodowanego jako okoliczność wyłączająca odpowiedzialność sprawcy przy zasadzie ryzyka jest pojęciem trudnym do precyzyjnego ujęcia, chociażby ze względu na brak jej ustawowej definicji. Przy wykładni pojęcia „szkoda nastąpiła wyłącznie z winy poszkodowanego„ mieć należy na uwadze, że sformułowanie „wyłącznie z „ odnosi się do przyczyny, a nie winy poszkodowanego. Dlatego też ocena winy poszkodowanego jako okoliczności uwalniającej od odpowiedzialności musi być dokonywana w płaszczyźnie adekwatnego związku przyczynowego. Skutkiem czego, dla wyłączenia odpowiedzialności nie wystarcza wykazanie, że wina może być przypisana wyłącznie poszkodowanemu, konieczne jest nadto wykazanie, iż równocześnie nie wystąpiły inne, choćby niezawinione przyczyny szkody w rozumieniu adekwatnego związku przyczynowego, leżące po stronie odpowiedzialnego. ( patrz - SN wyrok z 3 sierpnia 2007 roku I UK 367/08 OSNIAPiUS 2008 roku Nr 19-20 poz.838). Ciężar udowodnienia przesłanki egzoneracyjnej obciąża powołującego się na tę okoliczność ( <xLexLink xArt="art. 6" xIsapId="WDU19640160093" xTitle="Ustawa z dnia 23 kwietnia 1964 r. - Kodeks cywilny" xAddress="Dz. U. z 1964 r. Nr 16, poz. 93">art.6 k.c.</xLexLink> ) w związku z czym to on musi wykazać także, że brak jest jakiejkolwiek przyczyny leżącej po jego stronie i wyłączną przyczyną szkody było zachowanie poszkodowanego.</xText>
          <xText>W okolicznościach faktycznych niniejszej sprawy brak jest podstaw do przyjęcia, jak chce tego w apelacji strona pozwana, że w sprawie wystąpiła okoliczność uwalniająca ją od odpowiedzialności. Niezależnie bowiem od zachowania poszkodowanego, <xBx>równocześnie występowały przyczyny leżące po stronie pozwanej, które były przyczyną szkody. Jak prawidłowo ustalił Sąd pierwszej instancji, poszkodowany nie przeszedł przeszkolenia stanowiskowego i nie było opracowanej technologii pracy na maszynie. Sąd pierwszej instancji ustalając powyższe, wskazał na jakich dowodach się oparł i jak ocenił zebrany materiał dowodowy. We wskazanym aspekcie odniósł się także do zeznań przywoływanych w apelacji świadków <xAnon>J. M. (2)</xAnon> i <xAnon>M. J.</xAnon>. W świetle powyższego, argumentacja apelacji oparta jedynie o tezę, że apelujący inaczej ocenia zebrany materiał dowody i wyprowadza inne wnioski nie mogły doprowadzić do zmiany ustaleń faktycznych. Aby bowiem skutecznie podnieść zarzut naruszenia przepisu <xLexLink xArt="art. 233;art. 233 § 1" xIsapId="WDU19640430296" xTitle="Ustawa z dnia 17 listopada 1964 r. - Kodeks postępowania cywilnego" xAddress="Dz. U. z 1964 r. Nr 43, poz. 296">art. 233 § 1 k.p.c.</xLexLink> poprzez przekroczenie granic swobodnej oceny dowodów wykazać należy, że Sąd pierwszej instancji oceniając dowody dopuścił się rażącego naruszenia kryteriów oceny takich jak zasady logicznego rozumowania, prawidłowego formułowania wniosków czy zasady doświadczenia życiowego. Apelacja pozwanego, nie zawiera nawet próby przeprowadzenia powyższego wywodu. Ponadto, jak ustalono w postępowaniu przed Sądem pierwszej instancji przyczyną, która doprowadziła do wypadku oraz szkody, była także przyjęta </xBx><xBRx/><xBx>u strony pozwanej organizacja pracy w szczególności obrabianie na przedmiotowej maszynie małych elementów bez uprzedniego opracowania technologii pracy z takimi elementami. Przy czym, mnie chodziło tu o to czy takie elementy mogły być na tej maszynie obrabiane lecz o to, że obróbka tak małych elementów wymagała opracowania technologii pracy. Problem nie dotyczył bowiem możliwości technologicznych maszyny, lecz technologii pracy na niej przy obrabianiu tak małych elementów jak te, które były obrabiane w dacie wypadku. Właśnie na ten element zwracał uwagę także w opinii biegły, na opinię którego powołuje się w apelacji strona pozwana. W opinii biegły, wskazał rzeczywiście tak jak to podnosi apelant, że „wg kryteriów wytrzymałościowych„ detal kwalifikował się do obróbki, ale dokumentacja techniczno - ruchowa nie określa minimalnych wymiarów giętych materiałów, powyższe wynika z możliwości maszyny i kwalifikacji technologicznych. Technolodzy i nadzór produkcyjny powinni oceniać nie tylko możliwości technologiczne maszyny, ale również i bezpieczeństwo pracy. Do tego i do treści opinii ustnej z k. 293 - 294, nawiązuje Sąd, wskazując także jako przyczynę szkody leżącą po stronie pozwanej, fakt zlecenia pracownikowi wykonywania obróbki elementów, bez uprzedniego opracowania technologii ich bezpiecznej obróbki. </xBx></xText>
          <xText>
            <xBx>Uwzględnienie powyższego, skoro wśród przyczyn powstania szkody są także przyczyny leżące po stronie pozwanej, prowadzi do wniosku, że podniesiony zarzut wyłączenia odpowiedzialności z uwagi na zachowanie poszkodowanego, nie jest zasadny. </xBx>
          </xText>
          <xText>
            <xBx> Nie ma też racji pozwany kwestionując rozstrzygnięcie dotyczące ustalenia odpowiedzialności pozwanego na przyszłość. Apelacja w tym zakresie sprowadziła się w zasadzie do wskazania zakresu zaskarżenia i wyrażenia niezadowolenia ze wskazanego rozstrzygnięcia. Motywacja Sądu pierwszej instancji także nie była rozbudowana, ograniczając się do wskazania w podstawie faktycznej tego, że nie zostało zakończone leczenie.</xBx>
          </xText>
          <xText><xBx>W związku z powyższym przypomnieć należy, że </xBx>podstawę prawną zaskarżonego orzeczenia ustalającego odpowiedzialność na przyszłość stanowi przepis <xLexLink xArt="art. 189" xIsapId="WDU19640430296" xTitle="Ustawa z dnia 17 listopada 1964 r. - Kodeks postępowania cywilnego" xAddress="Dz. U. z 1964 r. Nr 43, poz. 296">art. 189 k.p.c.</xLexLink> Dopuszczalność ustalenia w wyroku odpowiedzialności pozwanego za szkody mogące powstać w przyszłości z tego samego zdarzenia była aprobowana tak w orzecznictwie, jak i w doktrynie ( patrz –S N (7) z 17 kwietnia 1970 roku III CZP 34/69 OSP 1970/5/94). Wskazany pogląd zachował aktualność także obecnie, po wprowadzeniu przepisu <xLexLink xArt="art. 442/1" xIsapId="WDU19640430296" xTitle="Ustawa z dnia 17 listopada 1964 r. - Kodeks postępowania cywilnego" xAddress="Dz. U. z 1964 r. Nr 43, poz. 296">art. 442/1</xLexLink>/<xLexLink xArt="§ 3" xIsapId="WDU19640160093" xTitle="Ustawa z dnia 23 kwietnia 1964 r. - Kodeks cywilny" xAddress="Dz. U. z 1964 r. Nr 16, poz. 93">§ 3 k.c.</xLexLink>, mającego zastosowanie w niniejszej sprawie. Przywołać tu należy treść wyroku Sądu Najwyższego z dnia 24 lutego 2009 roku wydanego w sprawie <xBRx/>III CZP 2/09, w którym tenże Sąd stwierdził „ Pod rządem <xLexLink xArt="art. 442" xIsapId="WDU19640160093" xTitle="Ustawa z dnia 23 kwietnia 1964 r. - Kodeks cywilny" xAddress="Dz. U. z 1964 r. Nr 16, poz. 93">art. 442</xLexLink>[1] <xLexLink xArt="§ 3" xIsapId="WDU19640160093" xTitle="Ustawa z dnia 23 kwietnia 1964 r. - Kodeks cywilny" xAddress="Dz. U. z 1964 r. Nr 16, poz. 93">§ 3 KC</xLexLink> powód dochodzący naprawienia szkody na osobie może mieć interes prawny w ustaleniu odpowiedzialności pozwanego za szkody mogące powstać w przyszłości. „Motywując wydany wyrok Sąd Najwyższy przeprowadził pogłębioną analizę problemu, wyrażając pogląd, że uchwała (7) SN z <xBRx/>17 kwietnia 1970 roku III CZP 34/69 zachowała aktualność. Wprowadzenie przepisu <xLexLink xArt="art. 442/1" xIsapId="WDU19640430296" xTitle="Ustawa z dnia 17 listopada 1964 r. - Kodeks postępowania cywilnego" xAddress="Dz. U. z 1964 r. Nr 43, poz. 296">art. 442/1</xLexLink>/<xLexLink xArt="§ 3" xIsapId="WDU19640160093" xTitle="Ustawa z dnia 23 kwietnia 1964 r. - Kodeks cywilny" xAddress="Dz. U. z 1964 r. Nr 16, poz. 93">§ 3 k.c.</xLexLink> wyeliminowało wprawdzie zasadność przywoływanego w niej argumentu dotyczącego upływu terminu przedawnienia, ale jednocześnie wzmocnieniu uległ argument drugi dotyczący wyeliminowania lub co najmniej złagodzenia trudności mogących wystąpić w kolejnym procesie odszkodowawczym. Podzielając przedstawioną wykładnię przepisów, zaakceptować należało stanowisko Sądu pierwszej instancji ustalającego istnienie interesu prawnego powoda w ustaleniu odpowiedzialności pozwanego na szkody mogące powstać w przyszłości w sytuacji, gdy proces leczenia nie został jeszcze zakończony, tym bardziej, jeżeli uwzględnimy to, że pozwany w tym zakresie nie podniósł jakichkolwiek zarzutów.</xText>
          <xText>Przedstawiona argumentacja przemawiała za uznaniem apelacji strony pozwanej za bezzasadną.</xText>
          <xText>Powód zasadnie w apelacji podnosił konieczność uzupełnienia materiału dowodowego w zakresie niezbędnym do prawidłowego rozpoznania roszczeń o zadośćuczynienie oraz odszkodowanie.</xText>
          <xText>Oddalając powództwo w części dotyczącej roszczenia z <xLexLink xArt="art. 444;art. 444 § 1" xIsapId="WDU19640160093" xTitle="Ustawa z dnia 23 kwietnia 1964 r. - Kodeks cywilny" xAddress="Dz. U. z 1964 r. Nr 16, poz. 93">art. 444 § 1 k.c.</xLexLink> ograniczonego do zasadzenia kwoty 26 150 złotych na koszty leczenia w postaci protezowania kikuta zmiażdżonej ręki, Sąd pierwszej instancji, wyprowadził błędne wnioski z opinii biegłego, utożsamiając wniosek o niecelowości protezowania czynnościowego na tym etapie leczenia z brakiem przesłanek do za protezowania kosmetycznego. Przeprowadzone dodatkowo dowody, nie pozostawiają w tym zakresie wątpliwości. W okolicznościach przedmiotowej sprawy mimo nie zakończenia procesu leczenia, wykonanie protezy kosmetycznej jest całkowicie zasadne. Mimo bowiem , że omawiana proteza kosmetyczna nie powoduje przywrócenia naruszonej sprawności ręki to ma wpływ na poprawę komfortu życia poszkodowanego, zmniejszając poziom cierpień w szczególności w sferze życia prywatnego, na co wskazuje opinia biegłego ortopedy. Niezakończony proces leczenia, oczekiwanie na kolejny zabieg operacyjny, nakazuje jednakże rozważyć celowość zaliczenia do kosztów o jakich mowa w <xLexLink xArt="art. 444;art. 444 § 1" xIsapId="WDU19640160093" xTitle="Ustawa z dnia 23 kwietnia 1964 r. - Kodeks cywilny" xAddress="Dz. U. z 1964 r. Nr 16, poz. 93">art. 444 § 1 k.c.</xLexLink>, kosztów protezy wskazanej w fakturze pro forma. Protezy bardzo drogiej, która jak wynika z opinii biegłych ortopedów k. 431, k. 458 może stać się bezużyteczną po zmianie warunków anatomicznych uszkodzonej ręki wskutek przeprowadzonego zabiegu. Celowość i potrzeba zaprotezowania kosmetycznego, przy uwzględnieniu wskazanych powyżej uwarunkowań, przemawia za uwzględnieniem innych, tańszych metod zaprotezowania wskazanych w opinii biegłej z zakresu ortopedii i rehabilitacji dr <xAnon>E. B.</xAnon>. Obowiązek pokrycia przez sprawcę szkody określonych wydatków musi uwzględniać indywidualną sytuację poszkodowanego i jego rzeczywiste potrzeby. Wskazane kryterium, wyklucza obciążenie zobowiązanego do naprawienia szkody obowiązkiem poniesienia wydatku na zakup drogiej protezy kosmetycznej, która może stać się bezużyteczną po przeprowadzeniu zabiegu, na który oczekuje poszkodowany. Zakup takiej protezy mógłby być rozważany po zakończeniu procesu leczenia, gdy wskazana proteza byłaby rozwiązaniem jedynym i ostatecznym. W realiach niniejszej sprawy obowiązek pozwanego, nie może wykraczać poza koszty zakupy tańszej, spełniającej tę samą funkcję protezy wskazywanej powyżej .</xText>
          <xText>Prawidłowo też podnosi w apelacji powód, że nie można zaakceptować poglądu Sądu pierwszej instancji, który zdaje się legł u podstaw oddalenia powództwa we wskazanym zakresie, a mianowicie, iż obowiązek naprawienia szkody, o którym mowa w <xLexLink xArt="art. 444;art. 444 § 1" xIsapId="WDU19640160093" xTitle="Ustawa z dnia 23 kwietnia 1964 r. - Kodeks cywilny" xAddress="Dz. U. z 1964 r. Nr 16, poz. 93">art. 444 § 1 k.c.</xLexLink> dotyczy tylko zwrotu poniesionych kosztów. Jak zasadnie podnosi apelujący przepis <xLexLink xArt="art. 444;art. 444 § 1;art. 444 § 1 zd. 2" xIsapId="WDU19640160093" xTitle="Ustawa z dnia 23 kwietnia 1964 r. - Kodeks cywilny" xAddress="Dz. U. z 1964 r. Nr 16, poz. 93">art. 444 § 1 zdanie drugie k.c.</xLexLink> modyfikuje ogólną regułę płatności odszkodowania, zgodnie z którą roszczenie odszkodowawcze staje się wymagalne w chwili powstania szkody <xBRx/>i daje osobie, która doznała uszkodzenia ciała lub rozstroju zdrowia prawo do żądania odszkodowania z góry. Przy czym przesłanką uwzględnienia żądania, <xBRx/>o którym mowa w <xLexLink xArt="art. 444;art. 444 § 1;art. 444 § 1 zd. 2" xIsapId="WDU19640160093" xTitle="Ustawa z dnia 23 kwietnia 1964 r. - Kodeks cywilny" xAddress="Dz. U. z 1964 r. Nr 16, poz. 93">art. 444 § 1 zdanie drugie k.c.</xLexLink> jest wyłącznie wykazanie przez poszkodowanego, że suma której wyłożenia z góry domaga się od zobowiązanego do naprawienia szkody jest sumą potrzebną na koszty leczenia. W okolicznościach niniejszej sprawy zgłoszone roszczenie dotyczy pokrycia z góry kosztów zakupu przedmiotu należącego do kategorii środków restytucji zastępczej, co mieści się w szeroko rozumianym w świetle przepisu <xLexLink xArt="art. 444;art. 444 § 1" xIsapId="WDU19640160093" xTitle="Ustawa z dnia 23 kwietnia 1964 r. - Kodeks cywilny" xAddress="Dz. U. z 1964 r. Nr 16, poz. 93">art. 444 § 1 k.c.</xLexLink> pojęciu kosztów leczenia, które to koszty nie ograniczają się tylko do kosztów zabiegów leczniczych. Tym bardziej, że wskazana proteza kosmetyczna w istocie wywołuje skutki tożsame z efektami zabiegu z dziedziny medycyny estetycznej, poprawiając jak wynika z treści opinii biegłych komfort życia poszkodowanego.</xText>
          <xText>Zasadnie również, powód w apelacji kwestionuje wysokość zasądzonego w oparciu o przepis <xLexLink xArt="art. 445" xIsapId="WDU19640160093" xTitle="Ustawa z dnia 23 kwietnia 1964 r. - Kodeks cywilny" xAddress="Dz. U. z 1964 r. Nr 16, poz. 93">art. 445 k.c.</xLexLink> zadośćuczynienia. Jak wynika z treści pisemnych motywów, Sąd przy określaniu wysokości zadośćuczynienia, uwzględnił <xBRx/>i rozważał wszystkie okoliczności rzutujące na wysokość zadośćuczynienia. Uwzględniał rozmiar cierpień, skutki wypadku tak w sferze życia zawodowego jaki i osobistego oraz zachowanie strony pozwanej po wypadku. Ma rację autor apelacji, podnosząc że powód w dacie wypadku był osobą młodą, nie ma jednak racji wywodząc, iż Sąd pierwszej instancji pominął tę okoliczność i nie uwzględnił rzeczywistego rozmiaru cierpień. Uzupełniające postępowanie dowodowe nie potwierdziło stawianej tezy o ogromnej skali doznanych cierpień. W zakresie cierpień psychicznych, brak jakichkolwiek podstaw do przyjmowania, iż taki rozmiar one osiągnęły. Nie ma w tym zakresie żadnej dokumentacji wskazującej na taki rozmiar cierpień i konieczności prowadzenia leczenia. Brak dokumentacji wyklucza też możliwość czynienia dalszych bardziej szczegółowych ustaleń. Rozmiar cierpień fizycznych został określony przez biegłą, opinia ta nie dostarczyła przesłanek do zakwestionowania oceny Sądu pierwszej instancji. Mimo to, zasądzoną kwotę zadośćuczynienia należało uznać za rażąco zaniżoną. Sąd pierwszej instancji, zasądzając zadośćuczynienie w kwocie 65 000 złotych pomniejszył je o kwotę wypłaconego przez Zakład Ubezpieczeń Społecznych jednorazowego odszkodowania ( 21 793 złotych ) oraz o kwotę odszkodowania z tytułu nieszczęśliwych wypadków jakie powód otrzymał z tytułu finansowanego przez siebie ubezpieczenia wypadkowego. Zgodzić należy się z apelującym, że uwzględniając przy określaniu wysokości zadośćuczynienia kwotę odszkodowania wypłaconego z tytułu nieszczęśliwych wypadków, Sąd nadmierną wagę przypisał temu faktowi. Nie negując kompensacyjnego charakteru wypłaconego odszkodowania z <xAnon> (...) S.A.</xAnon>, mieć należy na uwadze to, że fakt pozyskania odszkodowania z racji osobiście ponoszonych przez powoda kosztów ubezpieczenia, nie wpływa w takim stopniu jak odszkodowanie wypłacone z ubezpieczenia zawieranego na koszt sprawcy, na kompensatę przeżytych cierpień i przywrócenie równowagi emocjonalnej.</xText>
          <xText>Uwzględnienie powyższego, przy uwzględnieniu młodego wieku poszkodowanego w dacie wypadku, rozmiar doznanych cierpień, trwałość kalectwa w zakresie ograniczeń ruchowych jak i poczucia dyskomfortu związanego z zakresem występujących zniekształceń ręki, przy przyjęciu kompensacyjnego charakteru zadośćuczynienia, należało zasądzone zadośćuczynienie podwyższyć do kwoty 78 000 złotych. Zadośćuczynienie w takiej wysokości będzie odpowiednią rekompensatą cierpień fizycznych <xBRx/>i niekorzystnych następstw zdarzenia w sferze psychiki poszkodowanego. Tak określone zadośćuczynienie, które przy uwzględnieniu odszkodowania wypłaconego przez organ rentowy wyniesie około 100 000 złotych nie jest także zadośćuczynieniem nadmiernym przy uwzględnieniu konieczności zapewnienia, aby świadczenie to, z racji swego kompensacyjnego charakteru miało realną wartość ekonomiczną. Prawidłowo, także w apelacji powoda zarzuca się wadliwe zasądzenie odsetek. Jak wynika z treści pozwu, powód przed wytoczeniem powództwa wzywał stronę pozwaną do naprawienia szkody, zgłoszone żądanie obejmowało także zapłatę zadośćuczynienia w wysokości 30 000 złotych. Zakreślony termin upłynął, jak właściwie podaje w apelacji powód 8 grudnia 2009 roku. Zgodnie z utrwalonym orzecznictwem Sądu Najwyższego w razie wyrządzenia szkody czynem niedozwolonym odsetki należą się poszkodowanemu już od chwili zgłoszenia przezeń roszczenia o zapłatę zadośćuczynienia. Zgodnie bowiem z <xLexLink xArt="art. 455" xIsapId="WDU19640160093" xTitle="Ustawa z dnia 23 kwietnia 1964 r. - Kodeks cywilny" xAddress="Dz. U. z 1964 r. Nr 16, poz. 93">art. 455 k.c.</xLexLink> w tej bowiem chwili staje się wymagalny obowiązek sprawcy szkody do spełnienia świadczenia. Termin spełnienia świadczenia przez dłużnika powinna nastąpić niezwłocznie. Funkcja odszkodowawcza odsetek dominuje nad ich funkcją waloryzacyjną, a orzeczenie Sądu przyznające zadośćuczynienie ma charakter rozstrzygnięcia deklaratoryjnego, a nie konstytutywnego (por. wyrok SN z dnia 18 lutego 2010 r. II CSK 434/09, wyrok SN z dnia 11 lutego 2010 r. I CSK 262/09, wyrok SN z dnia 22 lutego 2007 r., I CSK 433/06). W tym stanie rzeczy kwotę zadośćuczynienia do zapłaty, której powód wezwał stronę pozwaną należało zasądzić od daty, w której upłynął termin zakreślony przez powoda termin, w którym realnie mogło nastąpić spełnienie świadczenia przez stronę pozwaną.</xText>
          <xText>Dalszy zakres roszczenia o odsetki wynika jednakże, ze zmiany powództwa dokonanego już w toku postępowania sądowego, powództwo które ostatecznie zostało sprecyzowane w toku procesu po zajęciu stanowiska przez interwenienta ubocznego. W związku z powyższym nie ma podstaw do kwestionowana wyrażonego w tym zakresie poglądu Sądu pierwszej instancji zasądzają odsetki od daty doręczenia odpisu pozwu.</xText>
          <xText>Kierując się wskazaną argumentacją Sąd Apelacyjny na podstawie <xLexLink xArt="art. 386;art. 386 § 1" xIsapId="WDU19640430296" xTitle="Ustawa z dnia 17 listopada 1964 r. - Kodeks postępowania cywilnego" xAddress="Dz. U. z 1964 r. Nr 43, poz. 296">art. 386 § 1 k.p.c.</xLexLink> i <xLexLink xArt="art. 385" xIsapId="WDU19640430296" xTitle="Ustawa z dnia 17 listopada 1964 r. - Kodeks postępowania cywilnego" xAddress="Dz. U. z 1964 r. Nr 43, poz. 296">art. 385 k.p.c.</xLexLink> orzekł jak w sentencji wyroku. O kosztach procesu orzeczono na podstawie <xLexLink xArt="art. 100" xIsapId="WDU19640430296" xTitle="Ustawa z dnia 17 listopada 1964 r. - Kodeks postępowania cywilnego" xAddress="Dz. U. z 1964 r. Nr 43, poz. 296">art. 100 k.p.c.</xLexLink> Za zniesieniem kosztów procesu zakres zmiany orzeczenia do tego w jakim zakresie obie apelacje okazały się bezzasadne oraz zbliżony wymiar kosztów poniesionych przez każdą ze stron.</xText>
        </xUnit>
      </xBlock>
    </xPart>
  </judgement>
</judgements>