<?xml version="1.0" encoding="UTF-8"?>
<judgements>
<judgement id="155500000001521_III_AUa_000758_2013_Uz_2014-03-18_001">
    <xPart xEditorFullName="Katarzyna Kaźmierczak" xYear="2013" xLang="PL" xPublisherFullName="Magdalena Beker" xFromPg="1" xEditor="kkazmierczak" xVolType="15/550000/0001521/AUa" xPublisher="mbeker" xDocType="Uz" xVolNmbr="000758" xVersion="1.0" xToPage="5" xFlag="published">
      <xName>Wyrok+Uzasadnienie</xName>
      <xBlock>
        <xText>Sygn. akt III AUa 758/13</xText>
        
        <xUnit xIsTitle="true" xBold="true" xType="part">
          <xName>WYROK</xName>
          <xTitle>W IMIENIU RZECZYPOSPOLITEJ POLSKIEJ</xTitle>
          <xText>Dnia 18 marca 2014 r.</xText>
          
          <xText>Sąd Apelacyjny w Szczecinie - Wydział III Pracy i Ubezpieczeń Społecznych</xText>
          <xText>w składzie:</xText>
          <xRows>
            <xCOLGROUPx>
              <xCOLx xWIDTHx="219"/>
              <xCOLx xWIDTHx="465"/>
            </xCOLGROUPx>
            <xRow>
              <xClmn xALIGNx="left" xVALIGNx="middle">
                <xText xALIGNx="right">Przewodniczący:</xText>
              </xClmn>
              <xClmn xALIGNx="left" xVALIGNx="middle">
                <xText>SSA Urszula Iwanowska</xText>
              </xClmn>
            </xRow>
            <xRow>
              <xClmn xALIGNx="left" xVALIGNx="top">
                <xText xALIGNx="right">Sędziowie:</xText>
              </xClmn>
              <xClmn xALIGNx="left" xVALIGNx="middle">
                <xText>SSA Jolanta Hawryszko (spr.)</xText>
                <xText>SSA Anna Polak</xText>
              </xClmn>
            </xRow>
            <xRow>
              <xClmn xALIGNx="left" xVALIGNx="middle">
                <xText xALIGNx="right">Protokolant:</xText>
              </xClmn>
              <xClmn xALIGNx="left" xVALIGNx="middle">
                <xText>St. sekr. sąd. Edyta Rakowska</xText>
              </xClmn>
            </xRow>
          </xRows>
          
          <xText>po rozpoznaniu w dniu 18 marca 2014 r. w Szczecinie</xText>
          <xText>sprawy <xAnon>E. L.</xAnon></xText>
          <xText>przeciwko Zakładowi Ubezpieczeń Społecznych Oddział w <xAnon>S.</xAnon></xText>
          <xText>o podjęcie wypłaty świadczenia</xText>
          <xText>na skutek apelacji organu rentowego</xText>
          <xText>od wyroku Sądu Okręgowego w Szczecinie VI Wydział Pracy i Ubezpieczeń Społecznych</xText>
          <xText>z dnia 11 czerwca 2013 r. sygn. akt VI U 524/13</xText>
          
          <xText xALIGNx="center">oddala apelację.</xText>
          
          <xText>SSA Anna Polak  SSA Urszula Iwanowska SSA Jolanta Hawryszko</xText>
          
          <xText>Sygn. III AUa 758/13</xText>
        </xUnit>
        <xUnit xIsTitle="true" xBold="true" xType="part">
          <xName>UZASADNIENIE</xName>
          <xText>Decyzją z 12.03.2013 r. Zakład Ubezpieczeń Społecznych Oddział w <xAnon>S.</xAnon> odmówił <xAnon>E. L.</xAnon> uchylenia decyzji z 3.10.2011 r. w części, w jakiej decyzja zawieszała prawo do emerytury w okresie 1.10.2011 /21.11.2012. Zdaniem organu rentowego brak podstaw do podjęcia wypłaty świadczenia od 1.10.2011 r., bowiem wyrok Trybunału Konstytucyjnego z 13.11.2012 r., stwierdzający niezgodność z <xLexLink xArt="" xIsapId="WDU19970780483" xTitle="Konstytucja Rzeczypospolitej Polskiej z dnia 2 kwietnia 1997 r." xAddress="Dz. U. z 1997 r. Nr 78, poz. 483">Konstytucją</xLexLink> przepisów powodujących zawieszenie, nie ma skutków retroaktywnych.</xText>
          <xText><xAnon>E. L.</xAnon> wnioskowała o zmianę decyzji z 3.10.2011 r. w części zawieszającej prawo do emerytury. Organ rentowy wniósł o oddalenie odwołania.</xText>
          <xText>Wyrokiem z 11.06.2013 r. Sąd Okręgowy w Szczecinie VI Wydział Pracy i Ubezpieczeń Społecznych zmienił zaskarżoną decyzję w ten sposób, że podjął wypłatę emerytury za okres od 1.10.2011 r. do 21.11.2012 r. oraz stwierdził odpowiedzialność organu rentowego za nieustalenie ostatniej okoliczności.</xText>
          <xText>Sąd pierwszej instancji ustalił, że <xAnon>E. L.</xAnon> (<xAnon>ur. w (...)</xAnon> roku) od 1.09.1986 r. jest nieprzerwanie zatrudniona na podstawie umowy o pracę w <xAnon>(...)</xAnon> w <xAnon>S.</xAnon>. Decyzją z 17.04.2009 r. organ rentowy przyznał ubezpieczonej prawo do emerytury od 1.03.2009 r.; decyzją z 3.10.2011 r. z urzędu wstrzymano wypłatę świadczenia, z uwagi na kontynuację zatrudnienia. Wyrokiem z 13.11.2012 r. Trybunał Konstytucyjny orzekł, że <xLexLink xArt="art. 28" xIsapId="WDU20102571726" xTitle="Ustawa z dnia 16 grudnia 2010 r. o zmianie ustawy o finansach publicznych oraz niektórych innych ustaw" xAddress="Dz. U. z 2010 r. Nr 257, poz. 1726">art. 28 ustawy z 16.12.2010 r. o zmianie ustawy o finansach publicznych oraz niektórych innych ustaw</xLexLink> (Dz.U. nr 257, poz. 1726 oraz z 2011 r. nr 291, poz. 1707) w związku z <xLexLink xArt="art. 103 a" xIsapId="WDU19981621118" xTitle="Ustawa z dnia 17 grudnia 1998 r. o emeryturach i rentach z Funduszu Ubezpieczeń Społecznych" xAddress="Dz. U. z 1998 r. Nr 162, poz. 1118">art. 103 a ustawy z 17.12.1998 r. o emeryturach i rentach z Funduszu Ubezpieczeń Społecznych</xLexLink> (t.j. z 2009 r. Dz.U. nr 153, poz. 1227 ze zm.) dodanym przez art. 6 pkt 2 ustawy z.u.f.p., w zakresie, w jakim znajduje zastosowanie do osób, które nabyły prawo do emerytury przed 1.01.2011 r., bez konieczności rozwiązania stosunku pracy, jest niezgodny z zasadą ochrony zaufania obywatela do państwa i stanowionego przez nie prawa, wynikającą z <xLexLink xArt="art. 2" xIsapId="WDU19970780483" xTitle="Konstytucja Rzeczypospolitej Polskiej z dnia 2 kwietnia 1997 r." xAddress="Dz. U. z 1997 r. Nr 78, poz. 483">art. 2 Konstytucji Rzeczypospolitej Polskiej</xLexLink>. Wyrok został opublikowany w Dzienniku Ustaw z 22.11.2012 r., poz. 1285. W dniu 16.11.2012 r. ubezpieczona złożyła w organie rentowym wniosek o wznowienie wypłaty zawieszonych świadczeń od 1.10.2011 r. Decyzją z 16.01.2013 r. organ rentowy podjął wypłatę emerytury od 22.10.2012 r., od daty opublikowania wyroku Trybunału Konstytucyjnego, jednocześnie uchylił decyzję z 3.10.2011 r. w części dotyczącej zawieszenia emerytury.</xText>
          <xText>Sąd okręgowy uwzględnił odwołanie. Zwrócił bowiem uwagę, że badając zgodność z <xLexLink xArt="" xIsapId="WDU19970780483" xTitle="Konstytucja Rzeczypospolitej Polskiej z dnia 2 kwietnia 1997 r." xAddress="Dz. U. z 1997 r. Nr 78, poz. 483">Konstytucją</xLexLink> przepisów art. 28 ustawy z.u.f.p. i art. 103a F.U.S. Trybunał Konstytucyjny wskazał, że nie znajdują one zastosowania do osób, które nabyły prawo do emerytury przed 1.01.2011 r. bez konieczności rozwiązania stosunku pracy. Doprecyzował przy tym, że obowiązek rozwiązania stosunku pracy z dotychczasowym pracodawcą, jako warunek realizacji nabytego prawa do emerytury, nie będzie miał zastosowania do osób, które nabyły to prawo w okresie od 8.01.2009 r. do 31.12.2010 r. W stosunku do tych osób przepis art. 28 ustawy z.u.f.p. w zakresie w jakim przewiduje stosowanie art. 103a F.U.S. utracił moc z chwilą ogłoszenia sentencji wyroku w Dzienniku Ustaw, czyli 22.11.2012 r. Sąd Okręgowy podkreślił, że zgodnie z <xLexLink xArt="art. 190;art. 190 ust. 1" xIsapId="WDU19970780483" xTitle="Konstytucja Rzeczypospolitej Polskiej z dnia 2 kwietnia 1997 r." xAddress="Dz. U. z 1997 r. Nr 78, poz. 483">art. 190 ust. 1 Konstytucji</xLexLink> orzeczenia Trybunału Konstytucyjnego mają moc powszechnie obowiązującą i są ostateczne. Utrata mocy obowiązującej przepisu z powodu jego niezgodności z <xLexLink xArt="" xIsapId="WDU19970780483" xTitle="Konstytucja Rzeczypospolitej Polskiej z dnia 2 kwietnia 1997 r." xAddress="Dz. U. z 1997 r. Nr 78, poz. 483">Konstytucją</xLexLink> oznacza więc, że przepis ten nie może być stosowany poczynając od daty jego uchwalenia. Wyrok Trybunału ma skutki retroaktywne, a przez to zachodzi konieczność ponownego rozpoznania sprawy z pominięciem już niekonstytucyjnego przepisu. Kierując się tymi względami sąd pierwszej instancji zmienił zaskarżoną decyzję w ten sposób, że podjął wypłatę emerytury ubezpieczonej od 1.10.2011 r. do 21.11.2012 r. Ponadto na podstawie <xLexLink xArt="art. 118;art. 118 ust. 1 a" xIsapId="WDU19970780483" xTitle="Konstytucja Rzeczypospolitej Polskiej z dnia 2 kwietnia 1997 r." xAddress="Dz. U. z 1997 r. Nr 78, poz. 483">art. 118 ust. 1a</xLexLink> F.U.S. stwierdził odpowiedzialność organu rentowego za nieustalenie ostatniej okoliczności niezbędnej do wydania decyzji. Opóźnienie w ustaleniu prawa do świadczenia było następstwem okoliczności, za które organ rentowy ponosi odpowiedzialność, bowiem dokonał błędnej interpretacji przepisów prawa.</xText>
          <xText>Apelację od wyroku złożył organ rentowy, który zaskarżył rozstrzygnięcie w zakresie dotyczącym daty od jakiej sąd okręgowy przyznał prawo do dalszej wypłaty dotychczas zawieszonej emerytury, zarzucając naruszenie art. 28 w zw. z art. 103a u.z.f.p. dodanym przez art.6 pkt 2 u.z.f.p. poprzez przyjęcie, że przepis art. 28 był niekonstytucyjny w dacie wydania zaskarżonej decyzji, pomimo treści wyroku Trybunału Konstytucyjnego z 13.11.2012 r. sygn. K 2/12, a tym samym przyznanie ubezpieczonej prawa do dalszej wypłaty emerytury od chwili zawieszenia.</xText>
          <xText>Sąd Apelacyjny rozważył.</xText>
          <xText>Apelacja organu rentowego jest nieuzasadniona. Należy podkreślić, że z chwilą ogłoszenia w Dzienniku Ustaw wyroku Trybunału Konstytucyjnego co do art. 28 ustawy zmieniającej z 16 grudnia 2010 r., jedynie potwierdzono niekonstytucyjność przyjętej przez ustawodawcę regulacji prawnej. Sąd apelacyjny wskazuje przy tym na utrwaloną linię orzecznictwa: orzeczenia Trybunału Konstytucyjnego stwierdzające niezgodność aktu normatywnego lub jego części z <xLexLink xArt="" xIsapId="WDU19970780483" xTitle="Konstytucja Rzeczypospolitej Polskiej z dnia 2 kwietnia 1997 r." xAddress="Dz. U. z 1997 r. Nr 78, poz. 483">Konstytucją</xLexLink>, wchodzące w życie z dniem ogłoszenia, mają skutki retrospektywne, tj. działają wstecz (zob. wyrok z dnia 6.04.2006r., sygn. III AUa 996/05, OSA 2008r. nr 3, str. 6, LEX nr 357749, wyrok z dnia 16.01.2013r. LEX nr 1264372; zob. uchwała składu siedmiu sędziów z dnia 7 grudnia 2006 r., III CZP 99/06, OSNC 2007, nr 6, poz. 79, uchwały z dnia 23 stycznia 2001 r., III ZP 30/00, OSNP 2001, nr 23, poz. 685, z dnia 3 lipca 2003 r., III CZP 45/03, OSNC 2004, nr 9, poz. 136, z dnia 23 stycznia 2004 r. III CZP 112/03, OSNC 2005, nr 4, poz. 61, z dnia 23 czerwca 2005 r., III CZP 35/05, OSNC 2006, nr 5, poz. 81 i z dnia 19 maja 2006 r. III CZP 26/06, OSNC 2007, nr 3, poz. 39 oraz szereg wyroków Sądu Najwyższego). Od zasady skuteczności wyroku Trybunału Konstytucyjnego <xIx>ex tunc</xIx> istnieją co prawda wyjątki mające podstawę w przepisach <xLexLink xArt="" xIsapId="WDU19970780483" xTitle="Konstytucja Rzeczypospolitej Polskiej z dnia 2 kwietnia 1997 r." xAddress="Dz. U. z 1997 r. Nr 78, poz. 483">Konstytucji</xLexLink>, ale nie zachodzą one w okolicznościach sprawy. Przypadkiem wyłączenia retroaktywności wyroku Trybunału Konstytucyjnego jest wyraźne stwierdzenie w tym zakresie zawarte w sentencji wyroku Trybunału, w której wyłącza retroaktywność w pełnym zakresie, tzn. określa jego skutki na przyszłość. Zgodnie z orzecznictwem Sądu Najwyższego (wyrok Sądu Najwyższego z dnia 26 stycznia 2011 r., sygn. II CSK 335/10, Biuletyn SN z 2011, nr 4, s. 8), wyrok Trybunału Konstytucyjnego nie jest skuteczny <xIx>ex tunc</xIx>, również w takim zakresie, w jakim naruszałoby to zasadę ochrony praw słusznie nabytych (<xLexLink xArt="art. 2" xIsapId="WDU19970780483" xTitle="Konstytucja Rzeczypospolitej Polskiej z dnia 2 kwietnia 1997 r." xAddress="Dz. U. z 1997 r. Nr 78, poz. 483">art. 2 Konstytucji RP</xLexLink>). <xIx>A contrario</xIx>, w przypadku przyznanej emerytury, a ściślej przyznanego prawa do emerytury, wskutek spełniania przez ubezpieczoną wszystkich ustawowych przesłanek, według stanu prawnego obowiązującego na dzień wydania decyzji, a więc w sytuacji prawa słusznie nabytego, ochrona realizacji tego prawa, czyli wypłaty rozciąga się na cały okres. Charakterystyczny zaś przykład wyłączenia skuteczności <xIx>ex tunc</xIx> wyroku Trybunału Konstytucyjnego wynikający z odroczenia utraty mocy obowiązującej zakwestionowanego przepisu (<xLexLink xArt="art. 190;art. 190 ust. 3" xIsapId="WDU19970780483" xTitle="Konstytucja Rzeczypospolitej Polskiej z dnia 2 kwietnia 1997 r." xAddress="Dz. U. z 1997 r. Nr 78, poz. 483">art. 190 ust. 3 Konstytucji</xLexLink>) nie dotyczy niniejszej sprawy, jak też nie może być tłumaczone inaczej niż jego pozostawienie przez oznaczony czas w porządku prawnym i oznacza, że Trybunał Konstytucyjny, mimo stwierdzenia niezgodności aktu z przepisami wyższego rzędu, działając w granicach kompetencji, utrzymuje w mocy normę prawną. Do wskazanej zatem w wyroku Trybunału Konstytucyjnego daty utraty mocy obowiązującej przepis musi być uznany za zgodny z <xLexLink xArt="" xIsapId="WDU19970780483" xTitle="Konstytucja Rzeczypospolitej Polskiej z dnia 2 kwietnia 1997 r." xAddress="Dz. U. z 1997 r. Nr 78, poz. 483">Konstytucją</xLexLink>, a tym samym wyłączony jest skutek retrospektywny takiego wyroku (zob. uchwały Sądu Najwyższego z dnia 3 lipca 2003 r., III CZP 45/03, OSNC 2004, nr 9, poz. 136, z dnia 24 stycznia 2004 r., III CZP 112/03, OSNC 2005, nr 4, poz. 61 i z dnia 23 czerwca 2005 r., III CZP 35/05, OSNC 2006, nr 5, poz. 81, wyrok Sądu Najwyższego z dnia 20 kwietnia 2006 r., IV CSK 28/06, OSNC 2007, nr 2, poz. 31 oraz postanowienie Sądu Najwyższego z dnia 14 listopada 2008 r., V CZ 73/08, nie publ.). Ustawodawca nie mógł zatem, na podstawie art. 28 ustawy zmieniającej z 16 grudnia 2010 r. rozciągnąć stosowanie art. 103a ustawy emerytalnej – przepisu ustalającego nową treść ryzyka emerytalnego – na sytuacje przeszłe, tj. wobec osób, takich jak ubezpieczona, które już nabyły prawo do emerytury w okresie od 8 stycznia 2009 r. do 31 grudnia 2010 r., czyli w czasie obowiązywania regulacji niezawierającej wymogu rozwiązania stosunku pracy z dotychczasowym pracodawcą dla uzyskania świadczenia emerytalnego. Określając skutki wyroku Trybunał wyjaśnił, że z chwilą ogłoszenia sentencji wyroku w Dzienniku Ustaw utraci moc art. 28 ustawy zmieniającej z 16 grudnia 2010 r. w zakresie, w jakim przewiduje stosowanie art. 103a ustawy emerytalnej do osób, które nabyły prawo do emerytury przed 1 stycznia 2011 r., bez konieczności rozwiązania stosunku pracy. Oznacza to, że analizowany przepis pozostaje nadal w obrocie prawnym i znajduje zastosowanie do osób, które nabyły prawo do emerytury w momencie jego wejścia w życie i później, tj. od 1 stycznia 2011 r. Przenosząc powyższe rozważania na grunt sprawy, niewątpliwe <xAnon>E. L.</xAnon> znajduje się w kręgu beneficjentów omawianego orzeczenia Trybunału Konstytucyjnego z uwagi na treść przepisów obowiązujących w dacie wydania decyzji organu rentowego przyznającego jej prawo do świadczenia emerytalnego.</xText>
          <xText>Stąd też sąd apelacyjny na podstawie <xLexLink xArt="art. 385" xIsapId="WDU19640430296" xTitle="Ustawa z dnia 17 listopada 1964 r. - Kodeks postępowania cywilnego" xAddress="Dz. U. z 1964 r. Nr 43, poz. 296">art. 385 kpc</xLexLink> oddalił apelację organu rentowego.</xText>
        </xUnit>
      </xBlock>
    </xPart>
  </judgement>
<judgement id="150520000001521_III_U_000001_2014_Uz_2014-03-19_001">
    <xPart xEditorFullName="Izabela Chilińska" xYear="2014" xLang="PL" xPublisherFullName="Elżbieta Sklizmunt" xFromPg="1" xEditor="izabela.chilinska" xVolType="15/052000/0001521/U" xPublisher="elzbieta.sklizmunt" xDocType="Uz" xVolNmbr="000001" xVersion="1.0" xToPage="2" xFlag="published">
      <xName>Wyrok+Uzasadnienie</xName>
      <xBlock>
        <xText>Sygn. akt III U 1/14</xText>
        
        
        <xUnit xIsTitle="true" xType="part" xBold="true">
          <xName>WYROK</xName>
          <xTitle>W IMIENIU RZECZYPOSPOLITEJ POLSKIEJ</xTitle>
          <xText xALIGNx="right">Dnia 19 marca 2014r.</xText>
          
          <xText>Sąd Okręgowy w Suwałkach III Wydział Pracy i Ubezpieczeń Społecznych</xText>
          <xText>w składzie:</xText>
          <xRows>
            <xCOLGROUPx>
              <xCOLx xWIDTHx="185"/>
              <xCOLx xWIDTHx="440"/>
            </xCOLGROUPx>
            <xRow>
              <xClmn xALIGNx="left" xVALIGNx="top">
                <xText>
                  <xBx>Przewodniczący:</xBx>
                </xText>
              </xClmn>
              <xClmn xALIGNx="left" xVALIGNx="top">
                <xText>
                  <xBx>SSO Danuta Poniatowska</xBx>
                </xText>
              </xClmn>
            </xRow>
            <xRow>
              <xClmn xALIGNx="left" xVALIGNx="top">
                <xText>
                  <xBx>Protokolant:</xBx>
                </xText>
              </xClmn>
              <xClmn xALIGNx="left" xVALIGNx="top">
                <xText>
                  <xBx>st. sekr. sądowy Marta Majewska-Wronowska</xBx>
                </xText>
              </xClmn>
            </xRow>
          </xRows>
          
          <xText>po rozpoznaniu na rozprawie w dniu 19 marca 2014r. w Suwałkach</xText>
          <xText>sprawy<xBx><xAnon>M. Ż.</xAnon></xBx></xText>
          <xText>przeciwko Zakładowi Ubezpieczeń Społecznych Oddział w <xAnon>B.</xAnon></xText>
          <xText>o wcześniejszą emeryturę</xText>
          <xText>w związku z odwołaniem <xAnon>M. Ż.</xAnon></xText>
          <xText>od decyzji Zakładu Ubezpieczeń Społecznych Oddział w <xAnon>B.</xAnon></xText>
          <xText>z dnia 19 listopada 2013 r. znak <xAnon> (...)</xAnon></xText>
          
          <xText>
            <xBx>
              <xIx>zmienia zaskarżoną decyzję i przyznaje <xAnon>M. Ż.</xAnon> prawo do emerytury od dnia 22 października 2013r.</xIx>
            </xBx>
          </xText>
        </xUnit>
        <xUnit xIsTitle="true" xType="part" xBold="true">
          <xName>UZASADNIENIE</xName>
          <xText>Decyzją z dnia 19.11.2013r. Zakład Ubezpieczeń Społecznych Oddział <xBRx/>w <xAnon>B.</xAnon> powołując się na przepisy <xLexLink xArt="" xIsapId="WDU19981621118" xTitle="Ustawa z dnia 17 grudnia 1998 r. o emeryturach i rentach z Funduszu Ubezpieczeń Społecznych" xAddress="Dz. U. z 1998 r. Nr 162, poz. 1118">ustawy z dnia 17.12.1998r. o emeryturach i rentach z Funduszu Ubezpieczeń Społecznych</xLexLink> (t.j. Dz. U. z 2013r. poz.1440) i <xLexLink xArt="" xIsapId="WDU19830080043" xTitle="Rozporządzenie Rady Ministrów z dnia 7 lutego 1983 r. w sprawie wieku emerytalnego oraz wzrostu emerytur i rent inwalidzkich dla pracowników zatrudnionych w szczególnych warunkach lub w szczególnym charakterze" xAddress="Dz. U. z 1983 r. Nr 8, poz. 43">rozporządzenia Rady Ministrów z dnia 7.02.1983r. w sprawie wieku emerytalnego pracowników zatrudnionych w szczególnych warunkach lub w szczególnym charakterze</xLexLink> (Dz.U. Nr 8 poz. 43 ze zm.) odmówił <xAnon>M. Ż.</xAnon> prawa do wcześniejszej emerytury, z uwagi na brak 15 lat pracy w warunkach szczególnych. W tym zakresie organ rentowy nie uwzględnił zatrudnienia w <xAnon> Zakładach (...)</xAnon> w <xAnon>S.</xAnon> od 17.08.1983r. do 31.12.1998r., ponieważ zajmowane stanowiska pomocnika w produkcji i sterownika skrawarki nie zostały uwzględnione w przepisach resortowych. Ponadto w okresie od 01.01.1988r. do 31.10.1992r. wnioskodawca pracował jako ustawiacz maszyn i urządzeń oraz pełnił obowiązki brygadzisty, co wyklucza, aby stale wykonywał obowiązki ustawiacza maszyn i urządzeń.</xText>
          <xText>W odwołaniu <xAnon>M. Ż.</xAnon> domagał się zmiany decyzji i przyznania prawa do wcześniejszej emerytury. Podniósł, iż pełniąc obowiązki brygadzisty również pracował w warunkach szczególnych.</xText>
          <xText>W odpowiedzi na odwołanie organ rentowy wniósł o jego oddalenie. Podtrzymał podstawy skarżonej decyzji.</xText>
          <xText>
            <xBx>
              <xUx>Sąd ustalił, co następuje:</xUx>
            </xBx>
          </xText>
          <xText><xAnon>M. Ż.</xAnon> (<xAnon>ur. (...)</xAnon>) w dniu 23.10.2013r. wystąpił z wnioskiem o emeryturę.</xText>
          <xText>Na dzień 01.01.1999r. wykazał 26 lat 9 miesięcy 15 dni okresów składkowych i nieskładkowych. Do stażu pracy w warunkach szczególnych organ rentowy uwzględnił 14 lat 4 miesiące 9 dni, zaliczając następujące okresy zatrudnienia:</xText>
          <xText>- w <xAnon> (...)</xAnon><xAnon> Zakładzie (...)</xAnon> w <xAnon>S.</xAnon> od 16.12.1971r. do 09.01.1973r. na stanowisku agregatorowego (świadectwo pracy w warunkach szczególnych k. 8 akt ZUS), od 11.01.1975r. do 28.02.1982r. na stanowisku magazyniera surowców pasz i paszy gotowej (świadectwo pracy w warunkach szczególnych k. 9 akt ZUS) i od 01.03.1982r. do 22.06.1982r. na stanowisku ładowacza (świadectwo pracy w warunkach szczególnych k. 10 akt ZUS);</xText>
          <xText>- w <xAnon> (...) Przedsiębiorstwie Produkcyjno – Handlowym S.A.</xAnon> w <xAnon>S.</xAnon> od 02.01.1993r. do 31.12.1998r. na stanowisku stolarza (świadectwo pracy w warunkach szczególnych k. 27 akt ZUS).</xText>
          <xText>W okresie od 17.08.1983r. do 31.10.1992r. odwołujący był zatrudniony stale i w pełnym wymiarze czasu pracy w <xAnon> Zakładach (...)</xAnon> w <xAnon>S.</xAnon>. Z akt osobowych wynika, iż od 17.08.1983r. do 31.12.1983r. pracował jako pomoc w produkcji drzewnej, od 01.01.1984r. do 31.12.1987r. jako sterowniczy skrawarki i od 01.01.1988r. do 31.10.1992r. jako ustawiacz maszyn i brygadzista (akta osobowe koperta k. 9). Za ten okres odwołujący nie posiadał świadectwa pracy w warunkach szczególnych.</xText>
          <xText>Przez cały okres zatrudnienia odwołujący pracował w I grupie, w skład której wchodzili pracownicy, którzy zajmowali się przygotowaniem materiałów do produkcji płyt wiórowych, natomiast produkcją zajmowała się II grupa. Na stanowisku sterowniczego skrawarki odwołujący obsługiwał urządzenie rozdrabniające drewno na mniejsze kawałki. W trakcie rozdrabniania odwołujący musiał kontrolować wilgotność kawałków czy wiór, gdyż miało to znaczenie przy późniejszym suszeniu. Rozdrabnianie bali odbywało się mechanicznie. Z akt osobowych nie wynika, aby w trakcie zatrudnienia na tym stanowisku odwołujący przebywał na dłuższych zwolnieniach lekarskich lub korzystał z urlopu bezpłatnego. Natomiast od 01.01.1988r. jako ustawiacz maszyn (w aktach osobowych znajdują się również angaże z zapisem „nastawiacz”, jednak należało uznać, iż chodzi o to samo stanowisko) wnioskodawca zajmował się obsługą wszystkich urządzeń rozdrabniających drewno. Proces ten odbywał się etapami na przemian z suszeniem. W efekcie bele rozdrabniano na coraz mniejsze kawałki. Na tym stanowisku obsługiwał wszystkie skrawarki oraz domielacze i balmany. W momencie przejścia na stanowisko ustawiacza odwołującemu powierzono obowiązki brygadzisty. W tym zakresie nadzorował prace całego zespołu grupy I tzn. wszystkich obsługujących urządzenia rozdrabniające oraz suszarnię wiór. Jego zwierzchnikiem był mistrz zmiany. Jako brygadzista bezpośrednio nadzorował etap rozdrabniania drewna oraz zastępował nieobecnych pracowników. Kwestiami administracyjnymi zajmował się jego zwierzchnik. Jako brygadzista musiał umieć obsłużyć wszystkie urządzenia rozdrabniające, gdyż zakład był w ciągłym ruchu (zeznania świadków <xAnon>W. P.</xAnon> 13:34-20:00 k. 26 odwr. i <xAnon>R. R.</xAnon> 20:45 – 24:30 k. 26 odwr.)</xText>
          <xText>Do stażu pracy w warunkach szczególnych uwzględniono okres pracy na stanowisku sterowniczego skrawarki (4 lata).</xText>
          <xText>
            <xBx>
              <xUx>Sąd zważył, co następuje :</xUx>
            </xBx>
          </xText>
          <xText>Prawo do emerytury w obniżonym wieku zgodnie z treścią <xLexLink xArt="art. 184;art. 184 ust. 1;art. 184 ust. 2" xIsapId="WDU19981621118" xTitle="Ustawa z dnia 17 grudnia 1998 r. o emeryturach i rentach z Funduszu Ubezpieczeń Społecznych" xAddress="Dz. U. z 1998 r. Nr 162, poz. 1118">art. 184 ust.1 i 2</xLexLink><xBRx/>w zw. z <xLexLink xArt="art. 32;art. 32 ust. 1" xIsapId="WDU19981621118" xTitle="Ustawa z dnia 17 grudnia 1998 r. o emeryturach i rentach z Funduszu Ubezpieczeń Społecznych" xAddress="Dz. U. z 1998 r. Nr 162, poz. 1118">art. 32 ust. 1 ustawy z dnia 17.12.1998r. o emeryturach i rentach z Funduszu Ubezpieczeń Społecznych</xLexLink> (t.j. Dz. U. z 2013r. poz.1440) przysługuje ubezpieczonym urodzonym - tak jak wnioskodawca – po 31.12.1948r., jeżeli pracowali <xBRx/>w szczególnych warunkach lub w szczególnym charakterze, posiadają staż ubezpieczeniowy w wymiarze 25 lat (w przypadku mężczyzn), ukończyli 60 rok życia, nie przystąpili do otwartego funduszu emerytalnego albo złożyli wniosek <xBRx/>o przekazanie środków zgromadzonych na rachunku w otwartym funduszu emerytalnym, za pośrednictwem Zakładu, na dochody budżetu państwa.</xText>
          <xText>Ilość lat pracy warunkach szczególnych oraz wymaganych okresów składkowych i nieskładkowych jest badana na dzień wejścia w życie ustawy <xBRx/>o emeryturach i rentach z FUS, czyli 01.01.1999r.</xText>
          <xText>Zgodnie z dyspozycją art. 32 ust.2 ustawy o emeryturach i rentach z FUS <xBRx/>za pracowników zatrudnionych w warunkach szczególnych uważa się osoby, które były zatrudnione przy pracach o znacznej szkodliwości dla zdrowia oraz o znacznym stopniu uciążliwości lub wymagającej wysokiej sprawności psychofizycznej, ze względu na bezpieczeństwo własne lub otoczenia w podmiotach, w których obowiązują wykazy stanowisk ustalone na podstawie przepisów dotychczasowych.</xText>
          <xText>Przepis art. 32 ust. 4 ustawy o emeryturach i rentach z FUS odnośnie wieku, stażu pracy oraz charakteru wykonywanej pracy, uprawnionych do emerytury odsyła do <xLexLink xArt="" xIsapId="WDU19830080043" xTitle="Rozporządzenie Rady Ministrów z dnia 7 lutego 1983 r. w sprawie wieku emerytalnego oraz wzrostu emerytur i rent inwalidzkich dla pracowników zatrudnionych w szczególnych warunkach lub w szczególnym charakterze" xAddress="Dz. U. z 1983 r. Nr 8, poz. 43">rozporządzenia Rady Ministrów z dnia 7.02.1983r. w sprawie wieku emerytalnego pracowników zatrudnionych w szczególnych warunkach lub w szczególnym charakterze</xLexLink> (Dz. U. z 1983r. Nr 8, poz. 43 ze zm.). §3 i 4 rozporządzenia, prawo do emerytury uzależniają od spełniania łącznie następujących warunków: posiadanie 25-letniego okresu zatrudnienia, w tym 15 lat pracy w szczególnych warunkach <xBRx/>i ukończenie 60 roku życia. Zgodnie z §2 ust.1 rozporządzenia w sprawie wieku…, zaliczeniu do okresów pracy w warunkach szczególnych podlegają te, w których praca była świadczona stale i w pełnym wymiarze czasu pracy obowiązującym na danym stanowisku pracy.</xText>
          <xText>Okresy uwzględnione przez organ rentowy nie budziły zastrzeżeń. W toku niniejszego postępowania udało się uzupełnić ten okres do wymaganych 15 lat. W oparciu o dokumentację zawartą w aktach osobowych oraz zeznania świadków uwzględniano również okres pracy w <xAnon> Zakładach (...)</xAnon> w <xAnon>S.</xAnon> od 01.01.1984r. do 31.12.1987r., gdy odwołujący zajmował stanowisko sterowniczego skrawarki. Rodzaj wykonywanych czynności na tym stanowisku budził najmniej wątpliwości w aspekcie pracy w warunkach szczególnych. Biorąc pod uwagę materiał dowodowy zgromadzony w niniejszej sprawie należało mieć na uwadze, że dla oceny, czy pracownik pracował w szczególnych warunkach, nie ma istotnego znaczenia nazwa zajmowanego przez niego stanowiska, tylko rodzaj powierzonej mu pracy - rzeczywiście wykonywanych zadań pracowniczych (tak wyrok Sądu Najwyższego z dnia 24.03.2009r., sygn. I PK 194/2008, LEX 653420). Jako sterowniczy skrawarki odwołujący wykonywał prace uwzględnione w Wykazie A Dziale VI poz. 3 dot. obsługi urządzeń do mechanicznego rozdrabniania drewna (produkcja rębków). Na tym stanowisku odwołujący pracował stale i w pełnym wymiarze czasu pracy, co potwierdza dokumentacja osobowa oraz zeznania byłych współpracowników odwołującego.</xText>
          <xText>Uwzględniony okres był wystarczający do wykazania przez wnioskodawcę 15 lat pracy w warunkach szczególnych i dlatego nie był potrzeby szczegółowego rozważania pozostałego okresu pracy na stanowisku nastawiacza maszyn i urządzeń i brygadzisty. Zaznaczyć jednak należy, iż również na tym stanowisku praca była pracą w warunkach szczególnych, gdyż obsługując wszystkie urządzenia do mechanicznego rozdrabiania drewna odwołujący wykonywał czynności przewidziane w Wykazie A Dz. VI poz. 3. Natomiast jako brygadzista nadzorował pracowników obsługujących maszyny rozdrabiające oraz suszarnie wiór i jednoczenie sam obsługiwał maszyny rozdrabniające. W tym przypadku również należy wskazać na pracę w warunkach szczególnych i zapis w powołanym wyżej Dziale oraz dodatkowo zapis w Wykazie A Dziale XIV poz. 24. Nie miało to jednak wpływu na przedmiot sprawy.</xText>
          <xText>Konkludując, uwzględniony okres pracy w warunkach szczególnych wyniósł ponad wymagane 15 lat i uprawnia <xAnon>M. Ż.</xAnon> do uzyskania prawa do emerytury w obniżonym wieku od daty złożenia wniosku.</xText>
          <xText>W związku z powyższym, na podstawie <xLexLink xArt="art. 477(14);art. 477(14) § 2" xIsapId="WDU19640430296" xTitle="Ustawa z dnia 17 listopada 1964 r. - Kodeks postępowania cywilnego" xAddress="Dz. U. z 1964 r. Nr 43, poz. 296">art. 477<xSUPx>14</xSUPx> §2 kpc</xLexLink> orzeczono, jak <xBRx/>w sentencji.</xText>
          <xText>mt</xText>
        </xUnit>
      </xBlock>
    </xPart>
  </judgement>
<judgement id="150515250001006_II_K_001165_2013_Uz_2014-03-19_002">
    <xPart xEditorFullName="Anna Dymidowska" xYear="2013" xLang="PL" xPublisherFullName="Anna Chodor" xFromPg="1" xEditor="adymidowska" xVolType="15/051525/0001006/K" xPublisher="achodor" xDocType="Uz" xVolNmbr="001165" xVersion="1.0" xToPage="9" xFlag="published">
      <xName>Wyrok+Uzasadnienie</xName>
      <xBlock>
        <xText xALIGNx="left">
          <xBx>Sygn. akt II K 1165/13</xBx>
        </xText>
        <xText>1 Ds. 2412/13</xText>
        
        <xUnit xIsTitle="true" xType="part" xBold="true">
          <xName>WYROK</xName>
          <xTitle>W IMIENIU RZECZYPOSPOLITEJ POLSKIEJ</xTitle>
          <xText xALIGNx="right">
            <xBx>Dnia 19 marca 2014 roku</xBx>
          </xText>
          
          <xText>
            <xBx>Sąd Rejonowy w Olsztynie  II   Wydziale Karnym</xBx>
          </xText>
          <xText>w składzie :</xText>
          <xText>Przewodniczący: SSR Lucyna Brzoskowska</xText>
          <xText>Protokolant: sekr. sąd. Emilia Krawczyk,</xText>
          <xText>Przy udziale Prokuratora Prokuratury Rejonowej – nieobecny,</xText>
          
          <xText xALIGNx="left">
            <xBx>po rozpoznaniu na rozprawie w dniach 8 stycznia 2014r., 12 lutego 2014r., 14 marca 2014r,</xBx>
          </xText>
          <xText xALIGNx="left">
            <xBx>sprawy:</xBx>
          </xText>
          
          <xUnit xIsTitle="false" xType="none">
            <xName xSffx=".">III</xName>
            <xText xALIGNx="left">
              <xBx><xAnon>R. K.</xAnon>, </xBx>
            </xText>
          </xUnit>
          <xText xALIGNx="left">
            <xBx>syna <xAnon>Z.</xAnon> i <xAnon>E.</xAnon> z domu <xAnon>K.</xAnon>,</xBx>
          </xText>
          <xText xALIGNx="left">
            <xBx><xAnon>urodzonego (...)</xAnon> w <xAnon>O.</xAnon>,</xBx>
          </xText>
          
          <xText xALIGNx="center">
            <xBx>oskarżonego o to, że:</xBx>
          </xText>
          <xUnit xIsTitle="false" xType="none">
            <xName xSffx=".">I</xName>
            <xText>w dniu 24 sierpnia 2013 r. w miejscowości <xAnon> (...)</xAnon>, gm. <xAnon>G.</xAnon> wspólnie i w porozumieniu z <xAnon>D. K. (1)</xAnon> dokonał zaboru w celu przywłaszczenia mienia w postaci części zamiennej formy do wyrobu pustaków ceramicznych wartości 2000 zł i dwóch metalowych osłon silników wartości 50 zł powodując straty o łącznej wartości 2050 zł na szkodę <xAnon> firmy (...)</xAnon> z siedzibą w <xAnon>W.</xAnon><xAnon>ul. (...)</xAnon>,</xText>
          </xUnit>
          <xText>tj. o czyn z art. 278§1k.k.</xText>
          
          <xUnit xIsTitle="false" xType="none">
            <xName xSffx=".">II</xName>
            <xText>w sierpniu 2013 r. w miejscowości <xAnon> (...)</xAnon>, gm. <xAnon>G.</xAnon> dokonał zaboru w celu przywłaszczenia mienia w postaci 25 metrów przewodu elektrycznego i włącznika prądu powodując straty o łącznej wartości 631,81 zł na szkodę <xAnon> Zakładu (...)</xAnon> w <xAnon>G.</xAnon>, <xAnon>ul. (...)</xAnon>,</xText>
          </xUnit>
          <xText>tj. o czyn z <xLexLink xArt="art. 278;art. 278 § 1" xIsapId="WDU19970880553" xTitle="Ustawa z dnia 6 czerwca 1997 r. - Kodeks karny" xAddress="Dz. U. z 1997 r. Nr 88, poz. 553">art. 278§1 k.k.</xLexLink></xText>
          
          <xUnit xIsTitle="false" xType="none">
            <xName xSffx=".">2</xName>
            <xText>
              <xBx><xAnon>D. K. (1)</xAnon>, </xBx>
            </xText>
          </xUnit>
          <xText>syna <xAnon>A.</xAnon> i <xAnon>D.</xAnon> z domu <xAnon>K.</xAnon>,</xText>
          <xText><xAnon>urodzonego (...)</xAnon> w <xAnon>O.</xAnon>,</xText>
          
          <xText xALIGNx="center">
            <xBx>oskarżonego o to, że:</xBx>
          </xText>
          <xUnit xIsTitle="false" xType="none">
            <xName xSffx=".">IV</xName>
            <xText>w dniu 24 sierpnia 2013 r. w miejscowości <xAnon> (...)</xAnon>, gm. <xAnon>G.</xAnon> wspólnie i w porozumieniu z <xAnon>R. K.</xAnon> dokonał zaboru w celu przywłaszczenia mienia w postaci części zamiennej formy do wyrobu pustaków ceramicznych wartości 2000zł i dwóch metalowych osłon silników wartości 50 zł powodując straty o łącznej wartości 2050 zł na szkodę <xAnon> firmy (...)</xAnon> z siedzibą w <xAnon>W.</xAnon><xAnon>ul. (...)</xAnon>,</xText>
          </xUnit>
          <xText>tj. o czyn z <xLexLink xArt="art. 278;art. 278 § 1" xIsapId="WDU19970880553" xTitle="Ustawa z dnia 6 czerwca 1997 r. - Kodeks karny" xAddress="Dz. U. z 1997 r. Nr 88, poz. 553">art. 278§1 k.k.</xLexLink></xText>
          
          <xText xALIGNx="center">
            <xBx>ORZEKA</xBx>
          </xText>
          
          <xUnit xIsTitle="false" xType="none">
            <xName xSffx=".">I</xName>
            <xText>oskarżonego <xBx><xAnon>R. K.</xAnon></xBx>uznaje za winnego popełnienia zarzucanych mu czynów i za to:</xText>
          </xUnit>
          <xText>– za czyn z <xLexLink xArt="art. 278 § 1 pkt. 1" xIsapId="WDU19970880553" xTitle="Ustawa z dnia 6 czerwca 1997 r. - Kodeks karny" xAddress="Dz. U. z 1997 r. Nr 88, poz. 553">punktu I</xLexLink> a/o na mocy <xLexLink xArt="art. 278;art. 278 § 1" xIsapId="WDU19970880553" xTitle="Ustawa z dnia 6 czerwca 1997 r. - Kodeks karny" xAddress="Dz. U. z 1997 r. Nr 88, poz. 553">art. 278 § 1 k.k.</xLexLink> skazuje go na karę 6 (sześciu) miesięcy pozbawienia wolności,</xText>
          <xText>- za czyn z punktu II a/o z tym ustaleniem, że czynu dopuścił się nie później niż 23 sierpnia 2013r. i za to na mocy art. 278§1k.k. skazuje go na karę 6 (sześciu) miesięcy pozbawienia wolności,</xText>
          
          <xUnit xIsTitle="false" xType="none">
            <xName xSffx=".">II</xName>
            <xText>na podstawie <xLexLink xArt="art. 85" xIsapId="WDU19970880553" xTitle="Ustawa z dnia 6 czerwca 1997 r. - Kodeks karny" xAddress="Dz. U. z 1997 r. Nr 88, poz. 553">art. 85 kk</xLexLink>., <xLexLink xArt="art. 86;art. 86 § 1" xIsapId="WDU19970880553" xTitle="Ustawa z dnia 6 czerwca 1997 r. - Kodeks karny" xAddress="Dz. U. z 1997 r. Nr 88, poz. 553">art. 86 § 1 k.k.</xLexLink> łączy orzeczone wobec oskarżonego <xAnon>R. K.</xAnon> jednostkowe kary pozbawienia wolności i wymierza karę łączną 8 (ośmiu) miesięcy pozbawienia wolności,</xText>
          </xUnit>
          
          <xUnit xIsTitle="false" xType="none">
            <xName xSffx=".">III</xName>
            <xText>oskarżonego <xBx><xAnon>D. K. (1)</xAnon></xBx>uznaje za winnego popełnienia zarzucanego mu w pkt III a/o czynu z tym ustaleniem, że czynu dopuścił się nie później niż 23 sierpnia 2013r. i za to na mocy art. 278§1k.k. skazuje go na karę 6 (sześciu) miesięcy pozbawienia wolności,</xText>
          </xUnit>
          
          <xUnit xIsTitle="false" xType="none">
            <xName xSffx=".">IV</xName>
            <xText>na podstawie <xLexLink xArt="art. 69;art. 69 § 1;art. 69 § 2" xIsapId="WDU19970880553" xTitle="Ustawa z dnia 6 czerwca 1997 r. - Kodeks karny" xAddress="Dz. U. z 1997 r. Nr 88, poz. 553">art. 69§ 1 i 2 k.k.</xLexLink>, <xLexLink xArt="art. 70;art. 70 § 2 k" xIsapId="WDU19970880553" xTitle="Ustawa z dnia 6 czerwca 1997 r. - Kodeks karny" xAddress="Dz. U. z 1997 r. Nr 88, poz. 553">art. 70§2k</xLexLink>.k., <xLexLink xArt="art. 73;art. 73 § 2 k" xIsapId="WDU19970880553" xTitle="Ustawa z dnia 6 czerwca 1997 r. - Kodeks karny" xAddress="Dz. U. z 1997 r. Nr 88, poz. 553">art. 73§2k</xLexLink>.k. wykonanie orzeczonej wobec oskarżonego <xAnon>D. K. (1)</xAnon> kary pozbawienia wolności warunkowo zawiesza na okres próby 3 (trzech) lat oraz oddaje go pod dozór kuratora,</xText>
          </xUnit>
          
          <xUnit xIsTitle="false" xType="none">
            <xName xSffx=".">V</xName>
            <xText>na podstawie <xLexLink xArt="art. 46;art. 46 § 1" xIsapId="WDU19970880553" xTitle="Ustawa z dnia 6 czerwca 1997 r. - Kodeks karny" xAddress="Dz. U. z 1997 r. Nr 88, poz. 553">art. 46 § 1 k.k.</xLexLink> orzeka wobec oskarżonego <xAnon>R. K.</xAnon> obowiązek naprawienia szkody:</xText>
          </xUnit>
          <xText>- w całości na rzecz pokrzywdzonego <xAnon> firmy (...)</xAnon> z siedzibą w <xAnon>W.</xAnon> w kwocie 25,00 złotych,</xText>
          <xText>- w całości na rzecz pokrzywdzonego <xAnon> Zakładu (...)</xAnon> w <xAnon>G.</xAnon> w kwocie 631,81 złotych,</xText>
          
          <xUnit xIsTitle="false" xType="none">
            <xName xSffx=".">VI</xName>
            <xText>na podstawie <xLexLink xArt="art. 46;art. 46 § 1" xIsapId="WDU19970880553" xTitle="Ustawa z dnia 6 czerwca 1997 r. - Kodeks karny" xAddress="Dz. U. z 1997 r. Nr 88, poz. 553">art. 46 § 1 k.k.</xLexLink> orzeka wobec oskarżonego <xAnon>D. K. (1)</xAnon> obowiązek naprawienia szkody w całości na rzecz pokrzywdzonego <xAnon> firmy (...)</xAnon> z siedzibą w <xAnon>W.</xAnon> w kwocie 25,00 złotych,</xText>
          </xUnit>
          
          <xUnit xIsTitle="false" xType="none">
            <xName xSffx=".">VII</xName>
            <xText>zasądza od Skarbu Państwa na rzecz Kancelarii Adwokackiej adw. <xAnon>E. N.</xAnon> wynagrodzenie za wykonywanie obrony z urzędu oskarżonego <xAnon>R. K.</xAnon> w kwocie 432,00 złotych (oraz 23% podatku VAT),</xText>
          </xUnit>
          
          <xUnit xIsTitle="false" xType="none">
            <xName xSffx=".">VIII</xName>
            <xText>zasądza od Skarbu Państwa na rzecz Kancelarii Adwokackiej adw. <xAnon>J. U.</xAnon> wynagrodzenie za wykonywanie obrony z urzędu oskarżonego <xAnon>D. K. (1)</xAnon> w kwocie 360,00 złotych (oraz 23% podatku VAT),</xText>
          </xUnit>
          
          <xUnit xIsTitle="false" xType="none">
            <xName xSffx=".">IX</xName>
            <xText>na podstawie <xLexLink xArt="art. 624;art. 624 § 1" xIsapId="WDU19970890555" xTitle="Ustawa z dnia 6 czerwca 1997 r. - Kodeks postępowania karnego" xAddress="Dz. U. z 1997 r. Nr 89, poz. 555">art. 624 § 1 k.p.k.</xLexLink> zwalnia oskarżonego od zapłaty na rzecz Skarbu Państwa kosztów sądowych w całości.</xText>
          </xUnit>
        </xUnit>
        <xUnit xIsTitle="true" xType="part" xBold="true">
          <xName>UZASADNIENIE</xName>
          <xText>
            <xIx>W związku z wnioskiem obrońcy oskarżonego o uzasadnienie wyroku odnoszącej się do oskarżonego <xAnon>D. K. (1)</xAnon>, Sąd na podstawie <xLexLink xArt="art. 423;art. 423 § 1 a" xIsapId="WDU19970890555" xTitle="Ustawa z dnia 6 czerwca 1997 r. - Kodeks postępowania karnego" xAddress="Dz. U. z 1997 r. Nr 89, poz. 555">art. 423 § 1a k.p.k.</xLexLink> ograniczył zakres uzasadnienia do tych części wyroku, których wniosek dotyczy.</xIx>
          </xText>
          
          <xText>
            <xBx>Sąd ustalił następujący stan faktyczny:</xBx>
          </xText>
          
          <xText><xAnon>Z. J.</xAnon>, pracownik ochrony, pełnił służbę w dniu 24.08.2013 r. w <xAnon> (...)</xAnon>, gmina <xAnon>G.</xAnon>, na terenie nieczynnego zakładu produkcyjnego należącego do <xAnon> (...) Budowlana Sp. z o.o.</xAnon></xText>
          <xText>W tym dniu <xAnon>R. K.</xAnon> spotkał na dworcu PKP w <xAnon>U.</xAnon> oskarżonego <xAnon>D. K. (1)</xAnon>. Dworzec PKP znajdował się naprzeciwko <xAnon> zakładu (...)</xAnon> w <xAnon>U.</xAnon>. Oskarżony <xAnon>R. K.</xAnon> namówił oskarżonego <xAnon>D. K. (1)</xAnon>, aby poszedł z nim do <xAnon> zakładu (...)</xAnon> po kradzież złomu. Oskarżony <xAnon>D. K. (1)</xAnon> został na czatach przy ogrodzeniu zakładu, zaś oskarżony <xAnon>R. K.</xAnon> wszedł do budynku magazynowego wszedł przez okno pomiędzy kątownikami. W środku był duży nieład, wszędzie było dużo różnorodnego żelastwa. Oskarżony <xAnon>R. K.</xAnon> wziął ciężki metalowy element – formę do produkcji pustaków oraz kilka metalowych osłon od silnika. Oskarżony <xAnon>R. K.</xAnon> włożył te przedmioty do dwóch toreb. Torby z zawartością oskarżony <xAnon>R. K.</xAnon> przeniósł do ogrodzenia i dalej pomógł mu je nieść oskarżony <xAnon>D. K. (1)</xAnon>. Oskarżeni poszli w kierunku dworca PKP w celu zawiezienia przedmiotów na skup złomu.</xText>
          <xText>Około godziny 12:10 podczas patrolowania obiektu zauważył, że drzwi magazynu znajdującego się z tyłu głównej hali są lekko uchylone. <xAnon>O.</xAnon> je i zobaczył leżącą przy wyjściu po lewej stronie formę do cegieł. Podejrzewając, iż to złodzieje przygotowali ją do wyniesienia, obszedł budynek, by zajść ich od tyłu, gdy będą po nią wracać. Kiedy po około 10 minutach ponownie zajrzał do magazynku, stwierdził, że forma została już zabrana. W niedługim czasie, obserwując teren, zobaczył dwóch młodych mężczyzn niosących dwie duże torby, kierujących się w stronę dworca PKP. Podszedł więc do nich i skontrolował zawartość toreb w wyniku czego ujawnił formę do produkcji cegieł oraz elementy metalowych osłon silników elektrycznych, pochodzące z terenu zakładu. Z uwagi na fakt, iż mężczyźni odmówili podania personaliów, wezwał <xAnon> (...)</xAnon>. Pracownicy patrolu zawiadomili policję oraz sprawdzili tożsamość wymienionych. Ustalili, że mężczyźni, to: <xAnon>R. K.</xAnon> i <xAnon>D. K. (1)</xAnon>. Po przybyciu funkcjonariuszy, mężczyźni zostali przekazani do ich dyspozycji.</xText>
          
          <xText>
            <xBx>
              <xIx>(dowód: wyjaśnienia <xAnon>R. K.</xAnon> k.30, k. 69v, k.70, wyjaśnienia <xAnon>D. K. (1)</xAnon> k.34 – w części, k.69v-70 – w części, zeznania świadków <xAnon>J. P.</xAnon> k.3-3v, k. 81v – 82, <xAnon>Z. J.</xAnon> k. 22v – 23, 70v - 71v; <xAnon>K. W.</xAnon> k.25v, k.71v, <xAnon>J. K.</xAnon> k.13v, k.70v, <xAnon>D. K. (2)</xAnon> k.81v, <xAnon>D. K. (3)</xAnon> k.81v, odpis faktury VAT k.10, k.11)</xIx>
            </xBx>
          </xText>
          
          <xText>Oskarżony był uprzednio karany sądownie.</xText>
          <xText>
            <xBx>
              <xIx> (dowód: informacja o osobie z <xAnon>K.</xAnon> – k. 2)</xIx>
            </xBx>
          </xText>
          
          <xText>Oskarżony <xAnon>D. K. (1)</xAnon> w toku postępowania przygotowawczego przyznał się do popełnienia zarzucanego mu czynu. Będąc przesłuchanym w charakterze podejrzanego wyjaśnił, że współoskarżony <xAnon>R. K.</xAnon> w dniu 24 sierpnia 2013r. poszedł na teren zakładu ukraść żelastwo, natomiast jego rola sprowadzała się do stania na czatach przy ogrodzeniu. Podał, że wymieniony wyniósł przedmioty z budynku w torbach, zaś on pomógł mu je nieść dalej na dworzec PKP. Wskazał, że obaj zostali zatrzymani na dworcu. Jednocześnie stwierdził, iż żałuje tego, co zrobił (k. 34).</xText>
          <xText>W toku postępowania sądowego oskarżony przyznał się nie do końca do popełnienia zarzucanego mu czynu i przedstawił nieco inny przebieg zdarzeń, przecząc tym samym swoim wyjaśnieniom złożonym w toku dochodzenia. Wyjaśnił, że jechał ze swoim złomem, który miał w torbie i <xAnon>R.</xAnon> dołożył mi złom do jego torby. Podjechał wózkiem i on dołożył mu złom, następnie przeładował ten wózek. Wyjaśnił, że wziął jego torbę, pomógł mu ją nieść, i nie wiedziałem co jest w środku torby. Podał, że pan <xAnon>Z.</xAnon> widział ich, że niosą torby. Stwierdził, że na żadnych czatach nie stał. Wyjaśnił, że to co powiedział <xAnon>R.</xAnon> to nieprawda. Zaznaczył przy tym, że nie jest skonfliktowany z <xAnon>R. K.</xAnon>. Nie wiem dlaczego policjant przesłuchujący mnie miał wpisać do protokołu że stałem na czatach i że się przyznaję. Oskarżony podał, że nie wie  dlaczego policjant wpisał, że on stał na czatach. (k.69v-70)</xText>
          <xText xALIGNx="center">
            <xBx>Sąd zważył, co następuje:</xBx>
          </xText>
          
          <xText>Sąd nie dał wiary wyjaśnieniom oskarżonego <xAnon>D. K. (1)</xAnon> złożonym na rozprawie przed Sądem, gdzie nie przyznaje się do popełnienia zarzucanego mu czynu. W ocenie Sądu wyjaśnienia w tej części stanowią jedynie przyjętą przez oskarżonego linię obrony, mającą na celu uniknięcie odpowiedzialności karnej i kary. Przede wszystkim należy zauważyć, że wyjaśnienia oskarżonego <xAnon>D. K. (1)</xAnon> były wewnętrznie niespójne, wręcz sprzeczne. Oskarżony w pierwszych wyjaśnieniach przyznał się do popełnienia zarzucanego mu czynu i opisał szczegółowo i jasno swój udział i rolę w kradzieży. Następnie w wyjaśnieniach złożonych w postępowaniu sądowym wskazał, iż nie posiadał wiedzy na temat zawartości torby współoskarżonego <xAnon>R. K.</xAnon>. Jednocześnie jednak podniósł, że pozwolił wymienionemu dołożyć do swojej torby ze złomem część skradzionych rzeczy. Wynika z tego, że widział co wkłada do jego torby współoskarżony oraz obejmował swoją świadomością, że przedmioty te pochodzą z kradzieży. Przyznał również, iż nie pozostaje w konflikcie z <xAnon>R. K.</xAnon>, a więc ten nie miał powodów, aby go obciążyć składając fałszywe wyjaśnienia. Co prawda, fakt posiadania przez oskarżonego własnej torby ze złomem przeznaczonym na sprzedaż potwierdzana przesłuchana w charakterze świadka jego matka, <xAnon>D. K. (3)</xAnon> (k. v81), jednakże w ocenie Sądu jej zeznania miały na celu wyłącznie zamiar polepszenia sytuacji procesowej oskarżonego.</xText>
          <xText>Przede wszystkim wyjaśnienia oskarżonego <xAnon>D. K. (1)</xAnon>, gdzie przyznaje się do popełnienia kradzieży, potwierdzają wyjaśnienia współoskarżonego <xAnon>R. K.</xAnon>. Sąd dał wiarę wyjaśnieniom oskarżonego <xAnon>R. K.</xAnon>, gdyż są konsekwentne i zgodne co do zasady oraz szczegółów w kolejnych relacjach składanych w różnych fazach postępowania. Nie przerzuca on jednocześnie odpowiedzialności na współoskarżonego, by siebie uchronić przed odpowiedzialnością. Nie jest z nim w żaden sposób skonfliktowany, co zresztą potwierdził podczas konfrontacji obu oskarżonych sam <xAnon>D. K. (1)</xAnon>. Już w postępowaniu przygotowawczym <xAnon>R. K.</xAnon> jednoznacznie i bez żadnych wątpliwości wyjaśnił, iż to on namówił <xAnon>D. K. (1)</xAnon>, którego wcześniej znał, by pójść na teren zakładu i ukraść złom. Potwierdził, że to <xAnon>D. K. (1)</xAnon> miał stać przy ogrodzeniu na czatach, skazując tym samym jaką rolę miał odegrać oskarżony <xAnon>D. K. (1)</xAnon> w popełnieniu przestępstwa. Jednoczenie opisując jasno i konkretnie na czym polegało jego działanie przestępcze. <xAnon>R. K.</xAnon> konsekwentnie wyjaśniał, że skradzione przedmioty pomógł mu nieść właśnie oskarżony <xAnon>D. K. (1)</xAnon>.</xText>
          <xText>Sąd dał wiarę zeznaniom świadka <xAnon>Z. J.</xAnon>. Świadek jasno, szczegółowo opisał okoliczności ujawnienia kradzieży oraz jej sprawców. Świadek wiarygodnie i przekonywująco podał, że to właśnie oskarżony widział, jak szli w kierunku dworca od strony zakładu niosąc ciężkie torby. To ten świadek przyłapał ich na posiadaniu w torbach skradzionych przedmiotów pochodzących z zakładu.</xText>
          <xText>Sąd dał wiarę zeznaniom świadków, gdyż nie zawierały one sprzeczności, które powodowałyby ich dyskredytację. Nadto, wymienieni są dla oskarżonych osobami obcymi i nie mają interesu, by obciążać ich poprzez złożenie fałszywych zeznań. Z powyższych przyczyn brak jest jakichkolwiek podstaw do podważenia wiarygodności wskazanych dowodów.</xText>
          <xText>Świadek <xAnon>J. P.</xAnon> zeznał wiarygodnie na okoliczności dotyczące szkód jakie wynikły na skutek kradzieży oraz odnośnie ich wysokości i w jakiej części została naprawiona. Potwierdził, że została odzyskana forma do wyrobu pustaków o wartości 2000 złotych.</xText>
          <xText>Odnośnie zeznań świadków <xAnon>J. K.</xAnon> i <xAnon>K. W.</xAnon>, Sąd dał im wiarę, choć ich wyjaśnienia nie wniosły istotnych elementów do ustaleń stanu faktycznego. Świadek <xAnon>J. K.</xAnon> wiarygodnie zeznał, że stwierdził kradzież kabla, jednak nie wiedział, kto był sprawcą. Z kolei świadek <xAnon>K. W.</xAnon> zeznał wiarygodnie, iż ujawnił awarię maszyn, które zostały naprawione.</xText>
          <xText>Świadek <xAnon>D. K. (2)</xAnon> został przesłuchany na okoliczność przesłuchania oskarżonego <xAnon>D. K. (1)</xAnon> w postępowaniu przygotowawczym, jednak wiarygodnie stwierdził, że nie pamiętał szczegółów okoliczności dotyczących przesłuchania.</xText>
          <xText>Świadek <xAnon>D. K. (3)</xAnon> – matka oskarżonego <xAnon>D. K. (1)</xAnon>, potwierdziła, że syn w tym dniu miał przy sobie złom, który wiózł na sprzedaż na skup złomu.</xText>
          <xText>Nie ma również podstaw do podważania wiarygodności danych osobopoznawczych zgromadzonych co do oskarżonych, tak więc i te dane mogły stanowić podstawę poczynionych w sprawie ustaleń faktycznych.</xText>
          <xText>W tym stanie rzeczy Sąd uznał oskarżonego <xAnon>D. K. (1)</xAnon> za winnego tego, że w dniu 24.08.2013 r. w miejscowości <xAnon> (...)</xAnon>, gm. <xAnon>G.</xAnon> wspólnie i w porozumieniu z <xAnon>R. K.</xAnon> dokonał zaboru w celu przywłaszczenia mienia w postaci części zamiennej formy do wyrobu pustaków ceramicznych wartości 2.000 zł i dwóch metalowych osłon silników wartości 50 zł powodując straty o łącznej wartości 2.050 zł na szkodę <xAnon> firmy (...)</xAnon> z siedzibą w <xAnon>W.</xAnon><xAnon>ul. (...)</xAnon>, tj. czynu z <xLexLink xArt="art. 278;art. 278 § 1" xIsapId="WDU19970880553" xTitle="Ustawa z dnia 6 czerwca 1997 r. - Kodeks karny" xAddress="Dz. U. z 1997 r. Nr 88, poz. 553">art. 278 § 1 k.k.</xLexLink></xText>
          <xText>Zgodnie z <xLexLink xArt="art. 278;art. 278 § 1" xIsapId="WDU19970880553" xTitle="Ustawa z dnia 6 czerwca 1997 r. - Kodeks karny" xAddress="Dz. U. z 1997 r. Nr 88, poz. 553">art. 278 § 1 k.k.</xLexLink>, kto zabiera w celu przywłaszczenia cudzą rzecz ruchomą, podlega karze pozbawienia wolności od 3 miesięcy do lat 5. Przez zabór należy rozumieć wyjęcie rzeczy spod władztwa osoby nią władającej (właściciela, posiadacza lub dzierżyciela) i objęcie we własne władanie. Chodzi tutaj o faktyczne władztwo nad rzeczą, które w wyniku zaboru zostaje wbrew woli posiadacza naruszone. W swych konsekwencjach jednak zabór taki godzi w prawo własności, gdyż sprawca zaboru działa w celu przywłaszczenia zabranej rzeczy, tj. włączenia jej do swego stanu posiadania lub bezprawnego rozporządzenia nią na rzecz innej osoby. Należy podkreślić, że stanowiący istotę kradzieży zabór następuje bezprawnie, bez żadnej ku temu podstawy i bez zgody właściciela lub osoby, której mienie (rzecz) zabrano (wyrok SN z dnia 18 grudnia 1998 r., IV KKN 98/98, Orz. Prok. i Pr. 1999, nr 7-8).</xText>
          <xText>Strona podmiotowa polega w tym przypadku na umyślności i to w zamiarze bezpośrednim kierunkowym, z uwagi na użycie we wspomnianym przepisie wyrażenia „w celu”.</xText>
          <xText>Biorąc pod uwagę okoliczności sprawy oraz treść powyższego wywodu, nie ulega wątpliwości, iż oskarżony <xAnon>D. K. (1)</xAnon> wypełnił swoim zachowaniem znamiona przestępstwa stypizowanego w <xLexLink xArt="art. 278;art. 278 § 1" xIsapId="WDU19970880553" xTitle="Ustawa z dnia 6 czerwca 1997 r. - Kodeks karny" xAddress="Dz. U. z 1997 r. Nr 88, poz. 553">art. 278 § 1 k.k.</xLexLink> Bowiem nie dysponując żadnym tytułem prawnym do wyżej wymienionych przedmiotów, dokonał ich zaboru celem rozporządzenia nimi następnie jak właściciel, w tym przypadku mającego postać sprzedaży. <xAnon>D. K. (1)</xAnon> obejmował więc swoim zamiarem wszystkie znamiona stypizowanego w <xLexLink xArt="art. 278;art. 278 § 1" xIsapId="WDU19970880553" xTitle="Ustawa z dnia 6 czerwca 1997 r. - Kodeks karny" xAddress="Dz. U. z 1997 r. Nr 88, poz. 553">art. 278 §1 k.k.</xLexLink> czynu.</xText>
          <xText>Współsprawstwo zachodzi, gdy dwie lub więcej osób, działając w porozumieniu wspólnie dokonują czynu zabronionego. Warunkiem sine qua non współsprawstwa jest istnienie porozumienia, które musi nastąpić przed lub w trakcie realizacji czynu zabronionego, przy czym jego forma jest dowolna, a istotę wyczerpuje uzgodnienie popełnienia wspólnie przestępstwa. Z istoty współsprawstwa wynika, że każdy ze współsprawców ponosi odpowiedzialność za całość uzgodnionego przestępstwa, a więc także w tej jego części, w której znamiona czynu zabronionego zostały zrealizowane zachowaniem innego lub innych współsprawców (postanowienie SN z dnia 1 marca 2005 r., III KK 249/04, OSNKW 2005, nr 7-8, poz. 63).</xText>
          <xText>Objęty treścią porozumienia zamiar wspólnego popełnienia przestępstwa stanowi podstawę przypisania wszystkim współsprawcom odpowiedzialności za "całość" wspólnie zrealizowanego przestępstwa.</xText>
          <xText>Współsprawcą jest nie tylko ten, kto wykonuje całość lub część znamion wykonawczych, lecz także ten, którego zachowanie "dopełniało" zachowanie innych uczestników porozumienia w stopniu, który zgodnie z porozumieniem i podziałem ról współdecydował o popełnieniu przestępstwa (A. Wąsek (w:) O. Górniok i in., Komentarz, t. I, s. 268). Przy czym należy podkreślić, iż do przyjęcia współsprawstwa nie jest konieczne "własnoręczne" realizowanie znamion czynu zabronionego (np. "zabieranie"), gdyż decyduje wspólne popełnienie przestępstwa według uzgodnionego podziału ról (wyrok SN z dnia 19 czerwca 1978 r., I KR 120/78, OSNKW 1978, nr 10, poz. 110).</xText>
          <xText>W związku z powyższym nie ma wątpliwości co do tego, iż oskarżony <xAnon>D. K. (1)</xAnon> był współsprawcą. Pomysł wejścia na teren zakładu w celu dokonania zaboru elementów metalowych nie wyszedł od niego. Jednakże przystał on na propozycję współoskarżonego przed przystąpieniem przez niego do realizacji zamierzonego czynu. Co więcej, wyraził zgodę na zaproponowany przez <xAnon>R. K.</xAnon> podział ról. Mając więc na uwadze przytoczone okoliczności stwierdzić więc należy, iż <xAnon>D. K. (1)</xAnon> działał z nim właśnie „wspólnie i w porozumieniu”.</xText>
          <xText>Jako podstawę wymiaru kary przyjęto <xLexLink xArt="art. 278;art. 278 § 1" xIsapId="WDU19970880553" xTitle="Ustawa z dnia 6 czerwca 1997 r. - Kodeks karny" xAddress="Dz. U. z 1997 r. Nr 88, poz. 553">art. 278 § 1 k.k.</xLexLink> Sąd wymierzył oskarżonemu <xAnon>D. K. (1)</xAnon> karę 6 (sześciu) miesięcy pozbawienia wolności.</xText>
          <xText>Wymierzając karę pozbawienia wolności w tej wysokości Sąd miał na uwadze następujące okoliczności łagodzące: trudną sytuację rodzinną i finansową, uczęszczanie do technikum samochodowego, a w związku z tym jego starania o zdobycie zawodu oraz wiek sprawcy.</xText>
          <xText>Sąd uznał, że wymierzona kara sześciu miesięcy pozbawienia wolności odpowiadać będzie stopniowi winy oskarżonego, społecznej szkodliwości czynu, racjom prewencji indywidualnej i generalnej (<xLexLink xArt="art. 53;art. 53 § 1;art. 53 § 2" xIsapId="WDU19970880553" xTitle="Ustawa z dnia 6 czerwca 1997 r. - Kodeks karny" xAddress="Dz. U. z 1997 r. Nr 88, poz. 553">art. 53 § 1 i 2 k.k.</xLexLink>). Ponadto, z uwagi na fakt, iż oskarżony jest sprawcą młodocianym, Sąd wymierzając mu karę kierował się przede wszystkim tym, aby go wychować (<xLexLink xArt="art. 54;art. 54 § 1" xIsapId="WDU19970880553" xTitle="Ustawa z dnia 6 czerwca 1997 r. - Kodeks karny" xAddress="Dz. U. z 1997 r. Nr 88, poz. 553">art. 54 § 1 k.k.</xLexLink>).</xText>
          <xText>Jednocześnie mając na uwadze pozytywną prognozę kryminologiczną istniejącą co do oskarżonego (trudna sytuacja tak rodzinna, jak i majątkowa, uczęszczanie do technikum, a tym samym przygotowywanie się do wykonywania zawodu, wiek sprawcy) Sąd na podstawie <xLexLink xArt="art. 69;art. 69 § 1;art. 69 § 2" xIsapId="WDU19970880553" xTitle="Ustawa z dnia 6 czerwca 1997 r. - Kodeks karny" xAddress="Dz. U. z 1997 r. Nr 88, poz. 553">art. 69 § 1 i 2 k.k.</xLexLink> i <xLexLink xArt="art. 70;art. 70 § 2" xIsapId="WDU19970880553" xTitle="Ustawa z dnia 6 czerwca 1997 r. - Kodeks karny" xAddress="Dz. U. z 1997 r. Nr 88, poz. 553">art. 70 § 2 k.k.</xLexLink> wykonanie orzeczonej wobec oskarżonego <xAnon>D. K. (1)</xAnon> kary pozbawienia wolności warunkowo zawiesił na okres próby 3 (trzech) lat.</xText>
          <xText>Z uwagi zaś na treść <xLexLink xArt="art. 73;art. 73 § 2" xIsapId="WDU19970880553" xTitle="Ustawa z dnia 6 czerwca 1997 r. - Kodeks karny" xAddress="Dz. U. z 1997 r. Nr 88, poz. 553">art. 73 § 2 k.k.</xLexLink>, zgodnie z którą dozór jest obligatoryjny wobec młodocianego sprawcy przestępstwa umyślnego, Sąd oddał oskarżonego pod dozór kuratora.</xText>
          <xText>Na podstawie zaś <xLexLink xArt="art. 46;art. 46 § 1" xIsapId="WDU19970880553" xTitle="Ustawa z dnia 6 czerwca 1997 r. - Kodeks karny" xAddress="Dz. U. z 1997 r. Nr 88, poz. 553">art. 46 § 1 k.k.</xLexLink> orzekł wobec oskarżonego <xAnon>D. K. (1)</xAnon> obowiązek naprawienia szkody na rzecz pokrzywdzonego <xAnon> firmy (...)</xAnon> z siedzibą w <xAnon>W.</xAnon> w kwocie 25,00 zł. Co prawda szkoda wynosiła łącznie kwotę 2050, 00 złotych, jednak świadek <xAnon>J. P.</xAnon> jednoznacznie potwierdził, że szkoda na kwotę 2000 złotych została naprawiona poprzez odzyskanie skradzionego przedmiotu. Przesłankę orzeczenia wskazanego środka karnego stanowi skazanie oskarżonego oraz wyrządzenie przestępstwem szkody. Na gruncie niniejszej sprawy zaś niewątpliwie doszło do realizacji wymienionych warunków jego orzeczenia. Mimo iż obowiązek naprawienia szkody nie jest w tym przypadku obligatoryjny, to zważywszy na okoliczności popełnienia czynu, a przede wszystkim cele w zakresie prewencji indywidualnej, ze szczególnym uwzględnieniem uświadomienia oskarżonemu, iż naruszając prawo winien zawsze liczyć się z możliwymi konsekwencjami tego faktu, jego orzeczenie jest słuszne.</xText>
          <xText>Biorąc pod uwagę obecną, trudną sytuację majątkową oskarżonego (nie pracuje – pozostaje na utrzymaniu rodziców, nie ma wyuczonego zawodu, a dopiero się do niego przygotowuje; nie posiada żadnych składników majątkowych) Sąd uznał, że obciążenie go kosztami sądowymi (w tym opłatą) byłoby dla niego zbyt uciążliwe. Dlatego zwolnił oskarżonego od tych kosztów w myśl <xLexLink xArt="art. 624;art. 624 § 1" xIsapId="WDU19970890555" xTitle="Ustawa z dnia 6 czerwca 1997 r. - Kodeks postępowania karnego" xAddress="Dz. U. z 1997 r. Nr 89, poz. 555">art. 624 § 1 k.p.k.</xLexLink></xText>
        </xUnit>
      </xBlock>
    </xPart>
  </judgement>
<judgement id="151025000004003_VIII_Ca_000036_2014_Uz_2014-03-19_001">
    <xPart xEditorFullName="Izabela Bagińska" xYear="2014" xLang="PL" xPublisherFullName="Izabela Bagińska" xFromPg="1" xEditor="izabagsoto" xVolType="15/102500/0004003/Ca" xPublisher="izabagsoto" xDocType="Uz" xVolNmbr="000036" xVersion="1.0" xToPage="4" xFlag="published">
      <xName>Wyrok+Uzasadnienie</xName>
      <xBlock>
        <xText>
          <xBx>Sygn. akt VIII Ca 36/14 </xBx>
        </xText>
        <xUnit xIsTitle="true" xBold="true" xType="part">
          <xName>WYROK</xName>
          <xTitle>W IMIENIU RZECZYPOSPOLITEJ POLSKIEJ</xTitle>
          <xText xALIGNx="left">
            <xBx> Dnia 19 marca 2014 r. </xBx>
          </xText>
          
          <xText>
            <xBx>Sąd Okręgowy w Toruniu VIII Wydział Cywilny Odwoławczy </xBx>
          </xText>
          <xText>w składzie:</xText>
          <xRows>
            <xCOLGROUPx>
              <xCOLx xWIDTHx="250"/>
              <xCOLx xWIDTHx="460"/>
            </xCOLGROUPx>
            <xRow>
              <xClmn xALIGNx="left" xVALIGNx="top">
                <xText>Przewodniczący:</xText>
              </xClmn>
              <xClmn xALIGNx="left" xVALIGNx="top">
                <xText>SSO Rafał Krawczyk (spr.)</xText>
              </xClmn>
            </xRow>
            <xRow>
              <xClmn xALIGNx="left" xVALIGNx="top">
                <xText>Sędziowie:</xText>
              </xClmn>
              <xClmn xALIGNx="left" xVALIGNx="top">
                <xText>SSO Jadwiga Siedlaczek</xText>
                <xText>SSO Marek Lewandowski</xText>
              </xClmn>
            </xRow>
            <xRow>
              <xClmn xALIGNx="left" xVALIGNx="top">
                <xText>Protokolant:</xText>
              </xClmn>
              <xClmn xALIGNx="left" xVALIGNx="top">
                <xText>st. sekr. sądowy Izabela Bagińska</xText>
              </xClmn>
            </xRow>
          </xRows>
          <xText>po rozpoznaniu w dniu 19 marca 2014 r. w Toruniu</xText>
          <xText>na rozprawie</xText>
          <xText>sprawy z powództwa <xBx><xAnon>T. P.</xAnon></xBx></xText>
          <xText>przeciwko <xBx><xAnon>(...)</xAnon>Spółce Akcyjnej w <xAnon>W.</xAnon></xBx></xText>
          <xText>
            <xBx>o zapłatę</xBx>
          </xText>
          <xText>na skutek apelacji pozwanego</xText>
          <xText>od wyroku Sądu Rejonowego w Grudziądzu</xText>
          <xText>z dnia 30 października 2013 r.</xText>
          <xText>sygn. akt I C 1731/13</xText>
          <xUnit xIsTitle="false" xType="none">
            <xName xSffx=".">1</xName>
            <xText>
              <xBx>oddala apelację; </xBx>
            </xText>
          </xUnit>
          <xUnit xIsTitle="false" xType="none">
            <xName xSffx=".">2</xName>
            <xText>
              <xBx>
    
    zasądza od pozwanego <xAnon>(...)</xAnon>Spółki Akcyjnej w <xAnon>W.</xAnon>  na rzecz powoda <xAnon>T. P.</xAnon> kwotę 1.200 (jeden tysiąc dwieście) złotych tytułem zwrotu kosztów procesu za instancję odwoławczą.</xBx>
            </xText>
          </xUnit>
          
          <xText>
            <xBx>Sygn. akt VIII Ca 36/14</xBx>
          </xText>
        </xUnit>
        <xUnit xIsTitle="true" xBold="true" xType="part">
          <xName>UZASADNIENIE</xName>
          <xText>Powód <xAnon>T. P.</xAnon> wniósł o zasądzenie od <xAnon>(...)</xAnon>S.A. w <xAnon>W.</xAnon> tytułem tzw. renty odroczonej po 4.938,60 zł miesięcznie poczynając od 1 kwietnia 2013 r. , z ustawowymi odsetkami w razie opóźnienia w płatności którejkolwiek z rat. Wyrokiem z dnia 30 października 2013 r. Sąd Rejonowy w Grudziądzu: zasądził od pozwanego na rzecz powoda tytułem tzw. renty odroczonej po 4938,60 zł miesięcznie, płatnej do 15 dnia każdego miesiąca, z ustawowymi odsetkami na wypadek opóźnienia w płatności (pkt I), oddalił powództwo w pozostałej części (pkt II) oraz zasądził od pozwanego na rzecz powoda kwotę 6.581 zł tytułem zwrotu kosztów procesu (pkt III).</xText>
          <xText>Podstawą tego rozstrzygnięcia były następujące ustalenia faktyczne i oceny prawne: w dniu 1 grudnia 1978 r. powód zawarł z <xAnon>(...)</xAnon>umowę ubezpieczenia renty odroczonej, wpłacając składkę w kwocie 100.000 zł. W umowie określono wysokość renty miesięcznej na 4.444 zł i początek jej płatności na 24 listopada 2012 r. Zakupione raty renty miesięcznej w okresie odroczenia terminu ich płatności miały być zwiększane corocznie o 6% renty obliczonej na podstawie obowiązującej taryfy XII. W dniu 14 sierpnia 1979 r. powód zapłacił dalszą składkę w kwocie 100.000 zł, na skutek czego określono rentę miesięczną wynikającą z tej składki na kwotę 4.186 zł, a łączną rentę na 8.630 zł. Po upływie umówionego okresu ubezpieczenia strony nie doszły do porozumienia co do wysokości renty.</xText>
          <xText>Spór dotyczył tego, jaka kwota powinna podlegać waloryzacji i jaka kwota renty powinna być ustalona na skutek waloryzacji. Sąd I instancji uznał, że przedmiotem waloryzacji jest renta nominalna wraz z jej oprocentowaniem przewidzianym w umowie, bez późniejszego podwyższania tego oprocentowania związanego ze zwiększającą się inflacją, które nie było połączone z obowiązkiem ubezpieczonego do zapłaty dodatkowej składki. Jako miernik waloryzacyjny Sąd przyjął średnią płacę w gospodarce narodowej netto. W chwili zawarcia umowy przeciętne miesięczne wynagrodzenie netto wynosiło 4887 zł, a w dniu dopłacenia składki 5.327 st. zł. Przewidziane przez strony świadczenie, po podwyższeniu o oprocentowanie 6% renty rocznie, stanowiło: w 1978 r. 2,764–krotność, a w 1979 r. 2,342–krotność przeciętnego miesięcznego wynagrodzenia z tego roku. Łączny wskaźnik waloryzacyjny wynosi więc 5,106.</xText>
          <xText>W II kwartale 2013 r. przeciętne wynagrodzenie miesięczne brutto wyniosło 3.612,51 zł, a po odliczeniu kosztów pracy wynagrodzenie netto wyniosło 2.583,68 zł. Po pomnożeniu tak uzyskanej wysokości przez wskazaną wyżej wielokrotność (5,106) otrzymujemy kwotę 13.192,27 zł, która stanowi pełną zwaloryzowaną równowartość świadczenia.</xText>
          <xText>Zdaniem Sądu strony powinny w równym stopniu ponieść ryzyko deprecjacji umówionej kwoty. Zasadniczo więc powodowi należy się po waloryzacji renta miesięczna w kwocie 6.596,14 zł, która przewyższa żądanie pozwu. Sąd zasądził rentę na przyszłość z uwagi na konstytutywny charakter wyrok waloryzującego świadczenie ubezpieczeniowe, zaś za okres wcześniejszy powództwo zostało oddalone.</xText>
          <xText>Pozwany zaskarżył powyższy wyrok w zakresie pkt. I i III, zarzucając naruszenie:</xText>
          <xEnum>
            <xBullet>-</xBullet>
            <xEnumElem>
              <xText><xLexLink xArt="art. 358(1);art. 358(1) § 3" xIsapId="WDU19640160093" xTitle="Ustawa z dnia 23 kwietnia 1964 r. - Kodeks cywilny" xAddress="Dz. U. z 1964 r. Nr 16, poz. 93">art. 358<xSUPx>1</xSUPx> § 3 k.c.</xLexLink> przez dokonanie zmiany świadczenia pieniężnego z umowy ubezpieczenia w sposób nie uwzględniający interesów obu stron i niezgodnie z zasadami współżycia społecznego</xText>
            </xEnumElem>
            <xEnumElem>
              <xText><xLexLink xArt="art. 65;art. 65 § 2" xIsapId="WDU19640160093" xTitle="Ustawa z dnia 23 kwietnia 1964 r. - Kodeks cywilny" xAddress="Dz. U. z 1964 r. Nr 16, poz. 93">art. 65 § 2 k.c.</xLexLink> poprzez zaniechanie stosunków ekonomicznych, w których strony zawierały umowę ubezpieczenia oraz ich wpływu na treść umowy oraz poprzez oparcie się na dosłownym brzmieniu umowy, a w konsekwencji pominięcie zamiaru i celu jaki strony miały w dacie zawarcia umowy</xText>
            </xEnumElem>
          </xEnum>
          <xText>Wniósł o zmianę wyroku w części zasądzającej rentę ponad kwotę 3.120 zł miesięcznie oraz w zakresie kosztów procesu poprzez orzeczenie odpowiednio do jego wyniku, ewentualnie o uchylenie wyroku w zaskarżonej części i przekazanie sprawy do ponownego rozpoznania sądowi I instancji z uwzględnieniem kosztów procesu za obie instancję.</xText>
          <xText>W odpowiedzi na apelację powód wniósł o jej oddalenie oraz o zasądzenie na jego rzecz od pozwanego kosztów procesu za II instancję.</xText>
          
          <xText xALIGNx="center">
            <xBx>Sąd Okręgowy zważył, co następuje.</xBx>
          </xText>
          <xText>
            <xBx>Apelacja jako bezzasadna podlegała oddaleniu, a podniesione w niej zarzuty były nieskuteczne.</xBx>
          </xText>
          <xText>Okoliczności faktyczne ustalone przez Sąd Rejonowy znajdują odzwierciedlenie w przeprowadzonych dowodach, nie były one zresztą źródłem sporu między stronami i nie są kwestionowane w apelacji, zatem Sąd Okręgowy ustalenia Sądu I instancji przyjmuje za swoje i czyni je podstawą własnego rozstrzygnięcia.</xText>
          <xText><xLexLink xArt="art. 3581;art. 3581 § 1" xIsapId="WDU19640160093" xTitle="Ustawa z dnia 23 kwietnia 1964 r. - Kodeks cywilny" xAddress="Dz. U. z 1964 r. Nr 16, poz. 93">Art. 3581 § 1 k.c.</xLexLink> zawiera zasadę nominalizmu, odnoszącą się do zobowiązań pieniężnych, których przedmiotem od chwili ich powstania jest suma pieniężna. Oznacza ona, że spełnienie takiego świadczenia następuje przez zapłatę objętej umową sumy nominalnej, bez względu na spadek lub wzrost siły nabywczej pieniądza i bez wyrównania powstałego na skutek tego uszczerbku majątkowego, ponoszonego przez jedną ze stron umowy. Odstępstwem od zasady nominalizmu jest przewidziana w <xLexLink xArt="art. 3581;art. 3581 § 3" xIsapId="WDU19640160093" xTitle="Ustawa z dnia 23 kwietnia 1964 r. - Kodeks cywilny" xAddress="Dz. U. z 1964 r. Nr 16, poz. 93">art. 3581 § 3 k.c.</xLexLink> waloryzacja sądowa. Materialnoprawną przesłankę jej stosowania stanowi istotna zmiana siły nabywczej pieniądza po powstaniu zobowiązania, a zatem taka zmiana, która nie mieści się w zakresie normalnego ryzyka umownego. Ustalenie to jest dokonywane jest przez sąd przez porównanie siły nabywczej pieniądza w chwili powstania zobowiązania oraz w chwili orzekania. Istotna zmiana otwiera możliwość domagania się przez stronę zmiany wysokości świadczenia (uchwała Sądu Najwyższego z dnia 21 października 1994 r., III CZP 135/94, OSNC 1995/2/37). Celem waloryzacji sądowej jest usunięcie negatywnych konsekwencji zaistniałej zmiany przez przywrócenie świadczeniu jego pierwotnej siły nabywczej.</xText>
          <xText>Postępowanie sądowe w sprawie o waloryzację zmierza do ustalenia pierwotnej wartości świadczenia, następnie ustalenia kwoty, która odpowiada w chwili orzekania tej pierwotnej wartości oraz rozważenia interesów stron zgodnie z zasadami współżycia społecznego.</xText>
          <xText>Przedmiotem waloryzacji jest określone sumą pieniężną świadczenie pieniężne, będące przedmiotem zobowiązania od chwili jego powstania, obejmujące zarówno nominalną sumę, jak i jej podwyższanie przewidziane od początku postanowieniami umowy (por. wyroki Sądu Najwyższego z dnia 29 listopada 2001 r., V CKN 489/00, OSNC 2002/7-8/104; z dnia 16 maja 2002 r., IV CK 107/02, Lex nr 564818 ; z dnia 12 lutego 2003 r., I CKN 1/01, Lex nr 78275; postanowienie z dnia 6 stycznia 2005 r., III CZP 76/04, Lex 157157). Jak wyjaśnił Sąd Najwyższy w wyroku z 19 października 2011 r. (II CSK 30/11, Lex nr 1103003) przywołanym już przez Sąd <xIx>a quo,</xIx> podwyższenie nominalnej sumy ubezpieczenia wprowadzone do umowy już po jej zawarciu, bez dodatkowej składki, wywołane wyższą inflacją, stanowi w istocie waloryzację umowną, której nie można uwzględniać przy dokonywaniu waloryzacji sądowej.. W sprawie niniejszej jednak z taką sytuacją nie mamy do czynienia. Skoro według treści polisy oraz stanowiących jej integralną część klauzul specjalnych (k. 11) świadczenie ubezpieczyciela stanowiły zakupione raty renty miesięcznej powiększone o 6% coroczne w okresie odroczenia płatności, to już tylko z literalnego punktu widzenia nie można takiego mechanizmu uznawać za jakąkolwiek formę waloryzacji, lecz jedynie za określenie wielkości pierwotnego świadczenia.</xText>
          <xText>Nietrafny jest podniesiony w opisanym wyżej kontekście zarzut naruszenia <xLexLink xArt="art. 65;art. 65 § 2" xIsapId="WDU19640160093" xTitle="Ustawa z dnia 23 kwietnia 1964 r. - Kodeks cywilny" xAddress="Dz. U. z 1964 r. Nr 16, poz. 93">art. 65 § 2 k.c.</xLexLink>, zgodnie z którym przy interpretacji umów należy raczej badać, jaki był zgodny zamiar stron i cel umowy, aniżeli opierać się na dosłownym brzmieniu. Twierdzenie skarżącego, iż klauzula specjalna zawarta w umowie ubezpieczenia zakładająca coroczne zwiększanie raty renty w okresie odroczenia terminu płatności o 6%, według stron miała kompensować skutki inflacji, jest tylko jego hipotezą, niepopartą jakąkolwiek argumentacją.</xText>
          <xText>Nie można też zgodzić się z zarzutem naruszenia <xLexLink xArt="art. 358(1);art. 358(1) § 3" xIsapId="WDU19640160093" xTitle="Ustawa z dnia 23 kwietnia 1964 r. - Kodeks cywilny" xAddress="Dz. U. z 1964 r. Nr 16, poz. 93">art. 358<xSUPx>1</xSUPx> § 3 k.c.</xLexLink> wskutek nieuwzględnienia interesu obu stron umowy i dokonania waloryzacji niezgodnie z zasadami współżycia społecznego. Dysproporcja świadczeń, jaka zdaniem skarżącego nastąpiła wskutek waloryzacji, w rzeczywistości nie istnieje. W toku postępowania została ustalona pierwotna wartość świadczenia ubezpieczyciela (z uwzględnieniem umówionego oprocentowania), a następnie ustalono kwotę, która odpowiada jej w chwili obecnej. Określenie zatem wartości świadczenia przez odniesienie go do wysokości przeciętnego wynagrodzenia, stanowiącego powszechnie aprobowane kryterium waloryzacji, wbrew skarżącemu nie tylko nie narusza istoty zobowiązania, ale ją przywraca.</xText>
          <xText>Z przepisu <xLexLink xArt="art. 358(1);art. 358(1) § 3" xIsapId="WDU19640160093" xTitle="Ustawa z dnia 23 kwietnia 1964 r. - Kodeks cywilny" xAddress="Dz. U. z 1964 r. Nr 16, poz. 93">art. 358<xSUPx>1</xSUPx> § 3 k.c</xLexLink> wynika obowiązek uwzględniania przez sąd przy waloryzacji zasad współżycia społecznego oraz wyważenia interesów obu stron. Zaskarżony wyrok niewątpliwe czyni zadość tym wymaganiom. Przypomnieć trzeba, że składki uiszczane przez powoda stanowiły kilkudziesięciokrotność przeciętnego ówczesnego wynagrodzenia, a w zamian za ich zapłatę powód miał prawo oczekiwać, że umówione świadczenie zapewni mu dobry standard życia w późniejszym wieku. Powód co trzeba podkreślić, zawierając umowę zamierzał nie tylko zyskać źródło dochodu ale zapewnić sobie możliwie najlepszą emeryturę Zwaloryzowane świadczenie powinno z założenia temu celowi odpowiadać. Nie ma więc żadnego znaczenia to, że powód już otrzymuje świadczenie emerytalne z ZUS, jest właścicielem domu jednorodzinnego.</xText>
          <xText>Rozłożenie skutków deprecjacji pierwotnego świadczenia między strony po połowie nie narusza zasad współżycia społecznego, a co więcej trzeba odczytywać je nawet jako korzystniejsze dla ubezpieczyciela, i to nie tylko z uwagi na oczywistą nierównowagę finansową stron. Pozwany bowiem, mimo hiperinflacji z początku lat 90. nie zaoferował powodowi dopłaty składki, która mogłaby choćby w części uchronić go przed deprecjacją świadczenia. Z podanych względów Sąd Okręgowy oddalił apelację (<xLexLink xArt="art. 385" xIsapId="WDU19640430296" xTitle="Ustawa z dnia 17 listopada 1964 r. - Kodeks postępowania cywilnego" xAddress="Dz. U. z 1964 r. Nr 43, poz. 296">art. 385 k.p.c.</xLexLink>) oraz zasądził od pozwanego na rzecz powoda koszty zastępstwa adwokackiego w II instancji (<xLexLink xArt="art. 98;art. 98 § 1;art. 98 § 3" xIsapId="WDU19640430296" xTitle="Ustawa z dnia 17 listopada 1964 r. - Kodeks postępowania cywilnego" xAddress="Dz. U. z 1964 r. Nr 43, poz. 296">art. 98 § 1 i 3 k.p.c.</xLexLink> w zw. z <xLexLink xArt="art. 98 § 6;art. 98 § 6 pkt. 5" xIsapId="WDU19640430296" xTitle="Ustawa z dnia 17 listopada 1964 r. - Kodeks postępowania cywilnego" xAddress="Dz. U. z 1964 r. Nr 43, poz. 296">§ 6 pkt 5</xLexLink> w zw. z <xLexLink xArt="§ 13;§ 13 ust. 1;§ 13 ust. 1 pkt. 1" xIsapId="WDU20021631348" xTitle="Rozporządzenie Ministra Sprawiedliwości z dnia 28 września 2002 r. w sprawie opłat za czynności adwokackie oraz ponoszenia przez Skarb Państwa kosztów nieopłaconej pomocy prawnej udzielonej z urzędu" xAddress="Dz. U. z 2002 r. Nr 163, poz. 1348">§ 13 ust. 1 pkt 1 rozporządzenia Ministra Sprawiedliwości z dnia 28 września 2002 r. w sprawie opłat za czynności adwokackie oraz ponoszenia przez Skarb Państwa kosztów nieopłaconej pomocy prawnej udzielonej z urzędu</xLexLink> t.j. Dz.U. z 2013 r. poz. 461).</xText>
          <xRows>
            <xCOLGROUPx>
              <xCOLx xWIDTHx="62"/>
            </xCOLGROUPx>
            <xRow>
              <xClmn xALIGNx="left" xVALIGNx="middle">
                
              </xClmn>
            </xRow>
          </xRows>
        </xUnit>
      </xBlock>
    </xPart>
  </judgement>
<judgement id="152510000001503_III_Ca_001298_2013_Uz_2014-03-19_001">
    <xPart xEditorFullName="Sabina Szwed" xYear="2013" xLang="PL" xPublisherFullName="Sabina Szwed" xFromPg="1" xEditor="sabina.szwed" xVolType="15/251000/0001503/Ca" xPublisher="sabina.szwed" xDocType="Uz" xVolNmbr="001298" xVersion="1.0" xToPage="1" xFlag="published">
      <xName>Wyrok</xName>
      <xBlock>
        <xText>
          <xBx>Sygn. akt III Ca 1298/13</xBx>
        </xText>
        <xUnit xIsTitle="true" xBold="true" xType="part">
          <xName>WYROK</xName>
          <xTitle>W IMIENIU RZECZYPOSPOLITEJ POLSKIEJ</xTitle>
          <xText xALIGNx="right"> Dnia 19 marca 2014 r.</xText>
          
          <xText>
            <xBx>Sąd Okręgowy w Łodzi III Wydział Cywilny Odwoławczy</xBx>
          </xText>
          <xText>w składzie następującym:</xText>
          
          <xText>Przewodniczący:<xBx> SSO Krzysztof Kacprzak</xBx></xText>
          <xText>Sędziowie: <xBx>SO Radosław Olewczyński </xBx></xText>
          <xText>
            <xBx>SR (del.) Dorota Drab </xBx>
          </xText>
          <xText>Protokolant:<xBx> Anna Paradowska</xBx></xText>
          
          <xText>po rozpoznaniu w dniu 19 marca 2014 r. w Łodzi</xText>
          <xText>na rozprawie</xText>
          <xText>sprawy z powództwa<xBx><xAnon>G. M.</xAnon></xBx></xText>
          <xText>przeciwko<xBx><xAnon>P. K.</xAnon></xBx></xText>
          <xText>o wydanie nieruchomości</xText>
          <xText>na skutek apelacji powódki</xText>
          <xText>od wyroku Sądu Rejonowego w Łowiczu z dnia 5 lipca 2013 r. wydanego w sprawie I C 24/07</xText>
          
          <xUnit xIsTitle="false" xType="none">
            <xName xSffx=".">1</xName>
            <xText>oddala apelację;</xText>
          </xUnit>
          <xUnit xIsTitle="false" xType="none">
            <xName xSffx=".">2</xName>
            <xText>zasądza od <xAnon>G. M.</xAnon> na rzecz <xAnon>P. K.</xAnon> kwotę 180 (sto osiemdziesiąt) złotych tytułem zwrotu kosztów zastępstwa procesowego w postępowaniu apelacyjnym.</xText>
          </xUnit>
        </xUnit>
      </xBlock>
    </xPart>
  </judgement>
<judgement id="153005000001003_II_Ca_000953_2013_Uz_2014-03-19_002">
    <xPart xEditorFullName="Katarzyna Gustaw" xYear="2013" xLang="PL" xPublisherFullName="Agnieszka Kędra" xFromPg="1" xEditor="kgustaw01" xVolType="15/300500/0001003/Ca" xPublisher="akedra01" xDocType="Uz" xVolNmbr="000953" xVersion="1.0" xToPage="17" xFlag="published">
      <xName>Wyrok+Uzasadnienie</xName>
      <xBlock>
        <xText>Sygn. akt II Ca 953/13</xText>
        <xUnit xIsTitle="true" xBold="true" xType="part">
          <xName>WYROK</xName>
          <xTitle>W IMIENIU RZECZYPOSPOLITEJ POLSKIEJ</xTitle>
          <xText xALIGNx="right">Dnia 19 marca 2014 roku</xText>
          <xText>Sąd Okręgowy w Lublinie II Wydział Cywilny Odwoławczy w składzie następującym:</xText>
          <xText>Przewodniczący Sędzia Sądu Okręgowego Ewa Bazelan (spr.)<xBRx/>Sędziowie: Sędzia Sądu Okręgowego Grzegorz Grymuza</xText>
          <xText>Sędzia Sądu Rejonowego Marta Postulska-Siwek (del.) Protokolant Sekretarz sądowy Katarzyna Gustaw</xText>
          <xText>po rozpoznaniu w dniu 20 lutego 2014 roku w Lublinie</xText>
          <xText>na rozprawie</xText>
          <xText>sprawy z powództwa <xAnon>L. W.</xAnon> i <xAnon>Z. W.</xAnon></xText>
          <xText>przeciwko <xAnon>P. T.</xAnon> i Wspólnocie <xAnon>(...)</xAnon><xAnon> (...)</xAnon> w <xAnon>K.</xAnon></xText>
          <xText>o ustalenie i zapłatę</xText>
          <xText>na skutek apelacji powodów</xText>
          <xText>od wyroku Sądu Rejonowego Lublin-Zachód w Lublinie z dnia 23 maja 2013 roku, sygn. akt II C 1361/11</xText>
          <xText>I. oddala apelację;</xText>
          <xText>II. zasądza od powodów <xAnon>L. W.</xAnon> i <xAnon>Z. W.</xAnon> na rzecz pozwanego <xAnon>P. T.</xAnon> kwoty po 600 zł (trzysta złotych) tytułem zwrotu kosztów procesu za drugą instancję.</xText>
          <xText>Sygn. akt II Ca 953/13</xText>
        </xUnit>
        <xUnit xIsTitle="true" xBold="true" xType="part">
          <xName>UZASADNIENIE</xName>
          <xText>W pozwie z dnia 22 grudnia 2011 roku skierowanym przeciwko pozwanym <xAnon>P. T.</xAnon> i Wspólnocie <xAnon>(...)</xAnon><xAnon> (...)</xAnon> w <xAnon>K.</xAnon> powodowie <xAnon>L. W.</xAnon> i <xAnon>Z. W.</xAnon> domagali się ustalenia nieważności umowy najmu nieruchomości gruntowej zawartej pomiędzy pozwanymi w dniu 26 kwietnia 2008 roku, w wyniku której pozwany <xAnon>P. T.</xAnon> działając jako zarządca sądowy nieruchomości w postępowaniu egzekucyjnym, oddał w najem pozwanej Wspólnocie <xAnon>(...)</xAnon><xAnon> (...)</xAnon> w <xAnon>K.</xAnon>, oznaczoną w umowie część nieruchomości należącą do <xAnon> (...) Spółki z ograniczoną odpowiedzialnością</xAnon> w <xAnon>K.</xAnon> a stanowiącej <xAnon>działkę nr (...)</xAnon>, dla której Sąd Rejonowy w Malborku prowadzi <xAnon>księgę wieczystą nr (...)</xAnon>.</xText>
          <xText>W piśmie z dnia 11 grudnia 2012 roku powodowie dokonali modyfikacji powództwa w ten sposób, że obok dotychczas zgłoszonego roszczenia domagali się również zasądzenia od pozwanych <xAnon>P. T.</xAnon> i Wspólnoty <xAnon>(...)</xAnon><xAnon> (...)</xAnon> w <xAnon>K.</xAnon> solidarnie kwoty 10.000 zł, jako odszkodowania z tytułu szkody poniesionej przez powodów w 2008 roku, a wynikającej z zawarcia umowy najmu części nieruchomości - <xAnon>działki nr (...)</xAnon> w <xAnon>K.</xAnon> z naruszeniem interesu powodów wynikającego z posiadania nieruchomości na mocy wcześniej zawartej umowy z właścicielem nieruchomości.</xText>
          <xText>Powodowie wskazali, że ich szkoda polega na tym, że na skutek zawarcia umowy z dnia 26 kwietnia 2008 roku pozwana Wspólnota dokonała wypłaty czynszu z tytułu użytkowania nieruchomości na rzecz pozwanego <xAnon>P. T.</xAnon> jako nieuprawnionego, zamiast do rąk powodów.</xText>
          
          <xText>Wyrokiem z dnia 23 maja 2013 roku Sąd Rejonowy Lublin – Zachód w Lublinie:</xText>
          <xText>I. oddalił powództwo;</xText>
          <xText>II. zasądził od powodów <xAnon>L. W.</xAnon> i <xAnon>Z. W.</xAnon> solidarnie na rzecz pozwanego <xAnon>P. T.</xAnon> kwotę 2417 zł tytułem zwrotu kosztów procesu;</xText>
          <xText>III. nakazał ściągnąć od powodów <xAnon>L. W.</xAnon> i <xAnon>Z. W.</xAnon> solidarnie na rzecz Skarbu Państwa (Sąd Rejonowy Lublin - Zachód w Lublinie) kwotę 500 zł tytułem nieuiszczonej opłaty od pozwu.</xText>
          <xText>W uzasadnieniu powyższego Sąd Rejonowy ustalił, że w dniu 20 marca 2007 roku w <xAnon>L.</xAnon> została zawarta umowa najmu pomiędzy <xAnon> (...) Spółką z ograniczoną odpowiedzialnością</xAnon> w <xAnon>B.</xAnon>, jako wynajmującym a <xAnon> (...) s.c.</xAnon> Agencja <xAnon>(...)</xAnon> w <xAnon>L.</xAnon> reprezentowaną przez <xAnon>L. W.</xAnon>, jako najemcą. Przedmiotem umowy najmu były nieruchomości w <xAnon>K.</xAnon> przy <xAnon>ul. (...)</xAnon>, obejmujące następujące działki gruntu z naniesieniami:</xText>
          <xText>a) <xAnon>(...)</xAnon> nr <xAnon>księgi wieczystej KW (...)</xAnon> zabudowana budynkiem <xAnon>W.</xAnon></xText>
          <xText>b) <xAnon>(...)</xAnon>nr <xAnon>księgi wieczystej KW (...)</xAnon> zabudowana budynkiem <xAnon>W.</xAnon></xText>
          <xText>c) <xAnon>(...)</xAnon> nr <xAnon>księgi wieczystej KW (...)</xAnon> zabudowana budynkiem gospodarczym oraz elementami małej architektury;</xText>
          <xText>d) <xAnon>(...)</xAnon> nr <xAnon>księgi wieczystej KW (...)</xAnon>; w części obejmującej należące do wynajmującego, usytuowane w budynku mieszkalnym <xAnon>M.</xAnon>, <xAnon>mieszkania nr (...)</xAnon>.</xText>
          <xText>Powyższe nieruchomości stanowiły własność <xAnon> (...) Spółki z ograniczoną odpowiedzialnością</xAnon> z siedzibą w <xAnon>B.</xAnon></xText>
          <xText>Do dnia 31 grudnia 2007 roku z przedmiotu umowy wyłączona została część <xAnon>działki (...)</xAnon> w postaci pasa o szerokości 6 metrów okalającego <xAnon>działkę nr (...)</xAnon>, który został wynajęty <xAnon> firmie (...)</xAnon> na czas prowadzonej budowy budynku <xAnon>A.</xAnon> jako plac budowy.</xText>
          <xText>Umowa najmu została zawarta na czas określony tj. od 20 marca 2007 roku do dnia 31 sierpnia 2008 roku. Najemca wziął w najem nieruchomość celem prowadzenia na niej działalności gospodarczej. Strony ustaliły, iż główną, ale nie jedyną formą prowadzenia działalności przez najemcę będzie wynajmowanie wyposażonej przez niego bazy turystycznej. Za korzystanie z nieruchomości najemca miał płacić miesięczny czynsz zgodnie z fakturą VAT wystawioną przez wynajmującego z dołu ostatniego dnia miesiąca, za który przypada płatność. Wysokość miała być ustalana na podstawie tabeli opłat stanowiącej <xAnon>aneks nr (...)</xAnon> do umowy.</xText>
          <xText>Na postawie <xAnon>aneksu nr (...)</xAnon> do powyższej umowy ustalono miesięczny czynsz najmu za nieruchomość wymienioną w § 2 pkt a,b,c i d umowy najmu z dnia 20 marca 2007r. w wysokości:</xText>
          <xText>- w okresie od dnia wydania przedmiotu najmu do dnia 30 czerwca 2007 roku – 300 zł;</xText>
          <xText>- od dnia 01 lipca 2007 roku do dnia 31 sierpnia 2007 roku – 1000 zł;</xText>
          <xText>- od dnia 01 września 2007 roku do dnia 30 czerwca 2008r. – 300 zł;</xText>
          <xText>- od dnia 01 lipca 2007 roku do dnia 31 sierpnia 2008 roku – 1000 zł, jako stawki netto.</xText>
          <xText>Na podstawie <xAnon>aneksu nr (...)</xAnon> z dnia 31 marca 2007 roku strony zmieniły treść § 4 umowy w ten sposób, ze okres wynajmu nieruchomości określono od 20 marca 2007 roku do 31 sierpnia 2014 roku.</xText>
          <xText>Postanowieniem z dnia 23 kwietnia 2007 roku Sądu Rejonowego w Malborku z dnia 23 kwietnia 2007 roku sygn. akt I Co 1390/02 <xAnon> (...) Sp. z o.o.</xAnon> w <xAnon>B.</xAnon> został odjęty zarząd <xAnon> (...)</xAnon> Sp z o.o. w <xAnon>B.</xAnon> ww. wymienionych nieruchomości, a ustanowionym zarządcą został <xAnon>P. T.</xAnon>.</xText>
          <xText><xAnon>P. T.</xAnon> został powiadomiony o zawartej umowie z dnia 20 marca 2007r. w dniu 24 stycznia 2008 roku.</xText>
          <xText>W dniu 26 kwietnia 2008 roku została zawarta umowa najmu pomiędzy <xAnon> (...) Spółką z ograniczoną odpowiedzialnością</xAnon> w <xAnon>B.</xAnon><xAnon>P.</xAnon>, <xAnon>T.</xAnon> jako wynajmującym, a Wspólnotą <xAnon>(...)</xAnon><xAnon> (...)</xAnon> w <xAnon>K.</xAnon>. Jej przedmiotem był najem części nieruchomości gruntowej należącej do <xAnon> (...) Spółki z ograniczoną odpowiedzialnością</xAnon> w <xAnon>B.</xAnon> (nr dz. 674/8 dla której Sąd Rejonowy w Malborku IX Zamiejscowy Wydział Ksiąg Wieczystych w <xAnon>N.</xAnon> prowadzi księgę wieczystą o numerze <xAnon>KW (...)</xAnon>), która to nieruchomość okala nieruchomość najemcy i zostały na niej urządzone miejsca parkingowe. W zamian za korzystanie z przedmiotu najmu ustalono czynsz roczny w kwocie 10.000 zł brutto, płatny do 15 stycznia danego roku, przy czym za rok 2008 roku do 31 maja 2008 roku. Umowa została zawarta na czas nieokreślony. Aneksem do powyższej umowy najmu sporządzonym w dniu 6 listopada 2008 roku postanowiono, że czynsz najmu w roku 2009 wyniesie 8.000 zł, został pomniejszony o 2.000 zł w związku z poniesieniem przez najemcę nakładów na nieruchomość gruntową w postaci naprawy ogrodzenia oraz jego zabezpieczenia przed zniszczeniami przez dziki.</xText>
          <xText><xAnon>Działka nr (...)</xAnon> otacza trzy budynki <xAnon> (...)</xAnon>, <xAnon> (...)</xAnon> i <xAnon> (...)</xAnon>, stanowi ona drogę dojazdową z wyznaczonymi miejscami parkingowymi. Parkowanie pojazdów odbywa się odpłatnie.</xText>
          <xText>W okresie od 01 maja 2007 roku do 30 czerwca 2010 roku zarządca <xAnon>P. T.</xAnon> pobierał należność z tytułu czynszu najmu wynikającą z wyżej wymienionej umowy od Wspólnoty.</xText>
          <xText>W dniu 14 września 2010 roku <xAnon>P. T.</xAnon> skierował do powodów pismo w treści, którego wypowiedział ze skutkiem natychmiastowym umowę najmu nieruchomości zawartej w dniu 20 marca 2007 roku pomiędzy <xAnon> (...) Spółką z ograniczoną odpowiedzialnością</xAnon> z siedzibą w <xAnon>B.</xAnon> i wezwał do wydania ich w terminie do 08 października 2010 roku Powyższe pismo zostało doręczone powodom w dniu 16 września 2010 roku.</xText>
          <xText>Pismem z dnia 17 września 2009 roku powodowie wezwali <xAnon>P. T.</xAnon> m.in. do zwrotu kwot uzyskanych z tytułu bezprawnie zawartych umów najmu ze Wspólnotą <xAnon>(...)</xAnon><xAnon> (...)</xAnon> w <xAnon>K.</xAnon>.</xText>
          <xText>Powyższy stan faktyczny Sąd ustalił w oparciu dowody z dokumentów oraz zeznania stron powodów <xAnon>L. W.</xAnon> i <xAnon>Z. W.</xAnon> oraz pozwanego <xAnon>P. T.</xAnon>.</xText>
          <xText>Sąd pierwszej instancji w pierwszej kolejności przytoczył treść przepisu <xLexLink xArt="art. 189" xIsapId="WDU19640430296" xTitle="Ustawa z dnia 17 listopada 1964 r. - Kodeks postępowania cywilnego" xAddress="Dz. U. z 1964 r. Nr 43, poz. 296">art. 189 k.p.c.</xLexLink> oraz wskazał, że interes prawny powoda musi istnieć obiektywnie aby uzasadniać żądanie ustalenia prawa lub stosunku prawnego, gdyż jest on warunkiem sine qua non umożliwiającym dalsze badanie w zakresie istnienia lub nieistnienia ustalonego prawa lub stosunku prawnego.</xText>
          <xText>W ocenie Sądu Rejonowego skonkretyzowanie interesu prawnego w dochodzeniu powództwa z <xLexLink xArt="art. 189" xIsapId="WDU19640430296" xTitle="Ustawa z dnia 17 listopada 1964 r. - Kodeks postępowania cywilnego" xAddress="Dz. U. z 1964 r. Nr 43, poz. 296">art. 189 k.p.c.</xLexLink> poprzez wskazanie, że interes prawny w żądaniu ustalenia w niniejszej sprawie wywodzą z konieczności uzyskania orzeczenia sądowego po to aby mogli dochodzić przeciwko obu pozwanym należności z tytułu wykorzystywania nieruchomości, w sposób jednoznaczny wskazuje, że powodowie nie wykazali istnienia interesu prawnego. Istotne jest bowiem to, że na drodze innego postępowania (o zapłatę) mogą osiągnąć pełną ochronę swoich praw. Natomiast połączenie w jednym postępowaniu żądania ustalenia i zasądzenia odszkodowania nie zmienia powyższej oceny. W takiej sytuacji ewentualnie kwestia ważności umowy może być rozstrzygana jako przesłanka do rozstrzygnięcia powództwa o zapłatę. Z tego względu Sąd Rejonowy powództwo o ustalenie oddalił.</xText>
          <xText>W stosunku zaś do żądania powodów zasądzenia odszkodowania solidarnie od obu pozwanych w kwocie 10.000 zł z tytułu szkody poniesionej przez powodów w 2008 roku, a wynikającej z zawarcia umowy najmu części nieruchomości – <xAnon>działki nr (...)</xAnon> w <xAnon>K.</xAnon> z naruszeniem interesu powodów wynikającego z posiadania nieruchomości na mocy wcześniej zawartej umowy właścicielem nieruchomość, Sąd pierwszej instancji doszedł do wniosku, że powództwo podlega oddaleniu z powodu niewykazania roszczenia co do zasady ani co do wysokości, zaś w stosunku do pozwanego <xAnon>P. T.</xAnon> również z uwagi na podniesiony zarzut przedawnienia.</xText>
          <xText>Sąd przytoczył treść przepisu <xLexLink xArt="art. 415" xIsapId="WDU19640160093" xTitle="Ustawa z dnia 23 kwietnia 1964 r. - Kodeks cywilny" xAddress="Dz. U. z 1964 r. Nr 16, poz. 93">art. 415 k.c.</xLexLink>, a następnie wskazał, że w sformułowaniu żądania pozwu brak jest adekwatnego związku przyczynowego pomiędzy zdarzeniem – zawarciem umowy z dnia 26 kwietnia 2008 roku a szkodą powodów, gdyż brak jest jakichkolwiek podstaw do wnioskowania, że w przypadku gdyby zarządca nie zawarł umowy najmu ze Wspólnotą<xAnon>(...)</xAnon><xAnon> (...)</xAnon> w <xAnon>K.</xAnon>, to Wspólnota zawarłaby tę umowę z powodami i to na kwotę czynszu 10.000 zł rocznie. W tym zakresie Sąd uznał, że nie tylko brak jest adekwatnego związku przyczynowego pomiędzy zawarciem umowy z dnia 26 kwietnia 2008 roku a zaistnieniem szkody, ale również nie została wykazana jej wysokość.</xText>
          <xText>Odnosząc się do podniesionego zarzutu przedawnienia Sąd odwołał się do przepisu <xLexLink xArt="art. 442(1);art. 442(1) § 1" xIsapId="WDU19640160093" xTitle="Ustawa z dnia 23 kwietnia 1964 r. - Kodeks cywilny" xAddress="Dz. U. z 1964 r. Nr 16, poz. 93">art. 442<xSUPx>1</xSUPx> § 1 k.c.</xLexLink> i uznał, że skoro powodowie jako zdarzenie wywołujące szkodę wskazali zawarcie umowy dnia 26 kwietnia 2008 roku, a z pisma kierowanego przez powodów w dniu 04 czerwca 2008 roku do członków Wspólnoty <xAnon>(...)</xAnon><xAnon> (...)</xAnon> w <xAnon>K.</xAnon> w dacie sporządzenia pisma była im znana okoliczność zawarcia umowy z dnia 26 kwietnia 2008 roku to w tej dacie wiedzieli zarówno o szkodzie jak i o osobach obowiązanych do jej naprawienia. W tym stanie rzeczy trzyletni okres przedawnienia roszczenia upłynął więc z dniem 26 kwietnia 2011 roku, z zatem przed wytoczeniem powództwa w niniejszej sprawie.</xText>
          <xText>Orzeczenie o kosztach wydane zostało na zasadzie <xLexLink xArt="art. 98;art. 98 § 1" xIsapId="WDU19640430296" xTitle="Ustawa z dnia 17 listopada 1964 r. - Kodeks postępowania cywilnego" xAddress="Dz. U. z 1964 r. Nr 43, poz. 296">art. 98 § 1 k.p.c.</xLexLink>, zaś na zasadzie <xLexLink xArt="art. 130(3);art. 130(3) § 2" xIsapId="WDU19640430296" xTitle="Ustawa z dnia 17 listopada 1964 r. - Kodeks postępowania cywilnego" xAddress="Dz. U. z 1964 r. Nr 43, poz. 296">art. 130<xSUPx>3 </xSUPx>§ 2 k.p.c.</xLexLink> w zw. z art. 113 ust.1 ustawy z dnia 25 lipca 2005r. o kosztach sądowych w sprawach cywilnych (Dz. U. Nr 167, poz. 1398 z p. zm.) Sąd nakazał ściągnąć od powodów solidarnie na rzecz Skarbu Państwa – Sąd Rejonowy Lublin – Zachód w Lublinie kwotę 500 zł tytułem nieuiszczonej opłaty od pozwu.</xText>
          <xText>Apelację od powyższego wyroku wnieśli powodowie <xAnon>L. W.</xAnon> i <xAnon>Z. W.</xAnon>, zarzucając zaskarżonemu orzeczeniu:</xText>
          <xUnit xIsTitle="false" xType="none">
            <xName xSffx=".">1</xName>
            <xText>brak oceny ważności umowy z dnia 26 kwietnia 2008 roku;</xText>
          </xUnit>
          <xUnit xIsTitle="false" xType="none">
            <xName xSffx=".">2</xName>
            <xText>wadliwe ustalenie stanu faktycznego i błędną jego ocenę;</xText>
          </xUnit>
          <xUnit xIsTitle="false" xType="none">
            <xName xSffx=".">3</xName>
            <xText>niezasadne uwzględnienie zarzutu przedawnienia.</xText>
          </xUnit>
          <xText>Skarżący domagali się:</xText>
          <xText>- zmiany wyroku Sądu Rejonowego Lublin - Zachód z dnia 23 maja 2013 roku i uwzględnienia powództwo w całości;</xText>
          <xText>- zasądzenia od pozwanych solidarnie na rzecz powodów koszty postępowania.</xText>
          <xText>W uzasadnieniu apelacji powodowie wskazali, że w ich ocenie Sąd Rejonowy powinien był zbadać, czy umowa z dnia 26 kwietnia 2008 roku jest ważna, nawet jeśli doszedł do przekonania, iż powództwo o zapłatę podlega oddaleniu z innych przyczyn. Zdaniem skarżących Sąd winien był dostrzec, że umowa została zawarta w złej wierze i w celu uniknięcia przez pozwaną Wspólnotę odpowiedzialności za bezumowne korzystanie z nieruchomości, czyli bezprawnie.</xText>
          <xText>Ponadto powodowie wskazali, że wyraźnie określili na czym polegała szkoda, wskazując, że jest to uszczerbek w ich majątku o charakterze utraconych korzyści, jakie nie weszły do ich majątku na skutek zdarzenia wyrządzającego szkodę, którym było zawarcie umowy między pozwanymi.</xText>
          <xText>W odpowiedzi na apelację pozwany <xAnon>P. T.</xAnon> wnosił o jej oddalenie oraz zasądzenie od powodów na jego rzecz kosztów postępowania przed Sądem drugiej instancji, w tym kosztów zastępstwa procesowego według norm prawem przepisanych.</xText>
          
          <xText>
            <xBx>Sąd Okręgowy zważył, co następuje:</xBx>
          </xText>
          <xText>Apelacja jest bezzasadna i nie zasługuje na uwzględnienie.</xText>
          <xText>Sąd Okręgowy podziela stanowisko Sądu pierwszej instancji, iż roszczenie ustalenia nieważności umowy zawartej przez pozwanych <xAnon>P. T.</xAnon> oraz Wspólnotę <xAnon>(...)</xAnon><xAnon> (...)</xAnon> w <xAnon>K.</xAnon> w dniu 26 kwietnia 2008 roku nie zasługiwało na uwzględnienie. Słusznie w tym zakresie badanie kwestii interesu prawnego przez Sąd pierwszej instancji poprzedziło badanie materialnoprawnych przesłanek żądania powodów, a więc podstaw nieważności kwestionowanej czynności prawnej.</xText>
          <xText>Powodowie wystąpili z powództwem opartym na przepisie <xLexLink xArt="art. 189" xIsapId="WDU19640430296" xTitle="Ustawa z dnia 17 listopada 1964 r. - Kodeks postępowania cywilnego" xAddress="Dz. U. z 1964 r. Nr 43, poz. 296">art. 189 k.p.c.</xLexLink> Według tego przepisu, warunkiem koniecznym skuteczności powództwa o ustalenie istnienia lub nieistnienia stosunku prawnego lub prawa jest występowanie interesu prawnego w jego ustaleniu. Należało zatem w pierwszej kolejności rozważyć, czy niniejsze powództwo jest dopuszczalne, to znaczy - czy istnieje interes prawny powoda w uzyskaniu wyroku żądanej treści.</xText>
          <xText>Ponieważ powodowie twierdzili, że interesu prawnego w wytoczeniu powyższego powództwa upatrują w zamiarze udaremnienia obrony podjętej przez pozwanych w procesie o zapłatę przez legitymowanie się orzeczeniem unieważniającym umowę najmu, na mocy której Wspólnota <xAnon>(...)</xAnon><xAnon> (...)</xAnon> w <xAnon>K.</xAnon> uiszcza czynsz za działkę o <xAnon>numerze ewidencyjnym (...)</xAnon> do rąk zarządcy nieruchomości, zamiast do rąk powodów, należało wykluczyć posiadanie przez powodów interesu prawnego w uzyskaniu wyroku ustalającego. Zgodnie z utrwalonym orzecznictwem, brak interesu prawnego w rozumieniu <xLexLink xArt="art. 189" xIsapId="WDU19640430296" xTitle="Ustawa z dnia 17 listopada 1964 r. - Kodeks postępowania cywilnego" xAddress="Dz. U. z 1964 r. Nr 43, poz. 296">art. 189 k.p.c.</xLexLink> ma miejsce wówczas, gdy stan niepewności prawnej może być usunięty w drodze dalej idącego powództwa o świadczenie. Tymczasem na gruncie niniejszej sprawy powodowie w dniu 11 grudnia 2012 roku dokonali rozszerzenia powództwa i wystąpili z roszczeniem o zapłatę odszkodowania z tytułu nieuiszczonego im czynszu najmu w kwocie 10.000 zł, wpłaconej, ich zdaniem na podstawie nieważnej umowy, do rąk podmiotu nieuprawnionego. Jest to żądanie dalej idące, bo umożliwia nie tylko zdobycie pewności istnienia danego stosunku prawnego, ale - w razie uwzględnienia - uzyskanie tytułu egzekucyjnego przeciwko pozwanym.</xText>
          <xText>Brak interesu prawnego powodów w żądaniu ustalenia nieważności umowy z dnia 26 kwietnia 2008 roku –podstawowej przesłanki z <xLexLink xArt="art. 189" xIsapId="WDU19640430296" xTitle="Ustawa z dnia 17 listopada 1964 r. - Kodeks postępowania cywilnego" xAddress="Dz. U. z 1964 r. Nr 43, poz. 296">art. 189 k.p.c.</xLexLink>, słusznie skutkował oddaleniem powództwa, czyniąc zbędnymi rozważania na temat jego zasadności.</xText>
          <xText>Sąd pierwszej instancji słusznie również oddalił roszczenie powodów w zakresie zasądzenia solidarnie od pozwanych na ich rzecz odszkodowania w kwocie 10.000 zł z tytułu szkody jakoby poniesionej przez powodów za 2008 roku, a wynikającej z zawarcia umowy najmu części nieruchomości – <xAnon>działki numer (...)</xAnon> w <xAnon>K.</xAnon>, aczkolwiek w ocenie Sądu Okręgowego podstawę takiego rozstrzygnięcia winny stanowić inne motywy, aniżeli te które przyjął Sąd Rejonowy w uzasadnieniu zaskarżonego wyroku.</xText>
          <xText>W pierwszej kolejności należało bowiem zwrócić uwagę, że w okolicznościach niniejszej sprawy umowa najmu nieruchomości gruntowej zawarta w dniu 20 marca 2007 roku pomiędzy <xAnon> (...) Spółką z ograniczoną odpowiedzialnością</xAnon> a powodami (z której wywodzą swoje roszczenia) stanowi w istocie w umowę dzierżawy. Z treści dokumentu zatytułowanego „umowa najmu” z dnia 20 marca 2007 roku jasno bowiem wynika, że najemcy <xAnon> (...) spółka cywilna</xAnon> Agencja <xAnon>(...)</xAnon> w <xAnon>L.</xAnon> (powodowie) zostali uprawnieni przede wszystkim do wynajmowania nieruchomości będących przedmiotem umowy oraz prowadzenia na nich każdej, nie będącej w sprzeczności z prawem, działalności gospodarczej. Główną, choć nie jedyną formą prowadzenia działalności przez najemcę miało być wynajmowanie wyposażonej przez niego bazy turystycznej (§ 5 umowy z dnia 20 marca 2007 roku), co oznacza, że celem i istotą tej umowy było pobieranie przez „najemcę” pożytków z nieruchomości.</xText>
          <xText>Stosownie natomiast do <xLexLink xArt="art. 693;art. 693 § 1" xIsapId="WDU19640160093" xTitle="Ustawa z dnia 23 kwietnia 1964 r. - Kodeks cywilny" xAddress="Dz. U. z 1964 r. Nr 16, poz. 93">art. 693 § 1 k.c.</xLexLink> przez umowę dzierżawy wydzierżawiający zobowiązuje się oddać rzecz dzierżawcy do używania i pobierania pożytków przez czas oznaczony lub nieoznaczony, a dzierżawca zobowiązuje się płacić wydzierżawiającemu umówiony czynsz. Wynikające z powołanego przepisu uprawnienie dzierżawcy do pobierania pożytków stanowi najważniejszą cechę odróżniającą dzierżawę od najmu (vide: <xLexLink xArt="art. 659;art. 659 § 1" xIsapId="WDU19640160093" xTitle="Ustawa z dnia 23 kwietnia 1964 r. - Kodeks cywilny" xAddress="Dz. U. z 1964 r. Nr 16, poz. 93">art. 659 § 1 k.c.</xLexLink>).</xText>
          <xText>Mimo określenia umowy jako umowy najmu realne uprawnienie strony umowy do pobierania z tego tytułu pożytków, które ma fundamentalne znaczenie dla umowy dzierżawy, czym w istotny sposób różni ją od umowy najmu, przesądza o innej, niż nadana przez strony, kwalifikacji stosunku prawnego.</xText>
          <xText>W konsekwencji Sąd Okręgowy przyjął, iż umowę z dnia 20 marca 2007 roku, aczkolwiek nazywaną przez strony „umową najmu”, należało z punktu widzenia prawnego zakwalifikować do umów dzierżawy.</xText>
          <xText>Biorąc natomiast pod uwagę, że w stosunku do nieruchomości m.in. stanowiącej działkę gruntu położoną w <xAnon>M.</xAnon> o <xAnon>numerze ewidencyjnym (...)</xAnon>, (będącej przedmiotem zarówno umowy z dnia 20 marca 2007 roku jak i umowy z dnia 26 kwietnia 2008 roku), toczyło się postępowanie egzekucyjne w ramach którego, nieruchomość ta była zajęta przez Komornika Sądowego, a zarząd nad nią pierwotnie powierzony został <xAnon> (...) Spółce z ograniczoną odpowiedzialnością</xAnon> w <xAnon>B.</xAnon>, należy stwierdzić, że zawarta w dniu 20 marca 2007 roku umowa dzierżawy nazwaną „umową najmu”, jako czynność prawna sprzeczna z prawem (a co najmniej zmierzająca do obejścia ustawy) jest nieważna i nie może stanowić podstawy materialnoprawnej roszczenia powodów w niniejszej sprawie.</xText>
          <xText>Wynika to z <xLexLink xArt="art. 936" xIsapId="WDU19640430296" xTitle="Ustawa z dnia 17 listopada 1964 r. - Kodeks postępowania cywilnego" xAddress="Dz. U. z 1964 r. Nr 43, poz. 296">art. 936 zdanie trzecie k.p.c.</xLexLink>, który stanowi, że do wydzierżawienia nieruchomości zajętej w postępowaniu egzekucyjnym wymagana jest zgoda stron, a w jej braku - zezwolenie sądu. Wydzierżawiający, będąc jednocześnie zarządcą nieruchomości w rozumieniu <xLexLink xArt="art. 936" xIsapId="WDU19640430296" xTitle="Ustawa z dnia 17 listopada 1964 r. - Kodeks postępowania cywilnego" xAddress="Dz. U. z 1964 r. Nr 43, poz. 296">art. 936 k.p.c.</xLexLink>, zawarł w sposób niedopuszczalny na gruncie tego przepisu umowę dzierżawy, nie uzyskując na powyższe zezwolenia wierzycieli czy też zgody sądu.</xText>
          
          <xText>Wymagania określone w wymienionych przepisach - zawarcie umowy dzierżawy przez zarządcę nieruchomości, uzyskanie uprzedniej zgody stron postępowania (wierzyciele i dłużnicy), a w razie jej braku zezwolenie sądu nadzorującego postępowanie egzekucyjne - zawierają warunki prawne zawarcia ważnej umowy dzierżawy zajętej nieruchomości. Przepisy te, jak podniesiono w doktrynie, zawierają normy kompetencyjne, które określają zarządcę jako podmiot uprawniony do zawarcia określonej umowy (dzierżawy zajętej nieruchomości) oraz uprawnienie innych podmiotów (stron) oraz sądu nadzorującego postępowanie egzekucyjne z nieruchomości do wyrażenia zgody bądź zezwolenia na zawarcie takiej umowy. Naruszenie tych norm o charakterze bezwzględnie obowiązującym skutkuje nieważnością czynności prawnej (<xLexLink xArt="art. 58;art. 58 § 1" xIsapId="WDU19640160093" xTitle="Ustawa z dnia 23 kwietnia 1964 r. - Kodeks cywilny" xAddress="Dz. U. z 1964 r. Nr 16, poz. 93">art. 58 § 1 k.c.</xLexLink>) (por. uchwała składu całej Izby Cywilnej Sądu Najwyższego z dnia 24 czerwca 1961 r., 1 CO 16/61, OSNCP 1963, nr 9, poz. 187, uzasadnienie uchwały składu całej Izby Cywilnej Sądu Najwyższego z dnia 30 kwietnia 1977 r., III CZP 73/76, OSNCP 1978, nr 2, poz. 19 oraz uchwała Sądu Najwyższego z dnia 4 lutego 1997 r., III CZP 127/96, OSNC 1997, nr 5, poz. 50). Należy podkreślić, że nieważność tego rodzaju Sąd uwzględnia z urzędu, w każdym stanie sprawy, gdy ma ona wpływ na wynik sprawy (wyrok Sądu Najwyższego z dnia 5 lipca 2000 roku, I CKN 290/00, LEX nr 303347), niezależnie od stanowiska, wniosków i zarzutów stron.</xText>
          <xText>W świetle powyższego Sąd obowiązany był z urzędu zbadać, czy czynność dyspozytywna stron w postaci zawarcia umowy najmu z dnia 20 marca 2007 roku nie naruszała prawa czy też zasad współżycia społecznego. Z uwagi na to, że powyższa umowa jako sprzeczna z przepisem prawa (<xLexLink xArt="art. 936" xIsapId="WDU19640430296" xTitle="Ustawa z dnia 17 listopada 1964 r. - Kodeks postępowania cywilnego" xAddress="Dz. U. z 1964 r. Nr 43, poz. 296">art. 936 k.p.c.</xLexLink>) z mocy <xLexLink xArt="art. 58;art. 58 § 1" xIsapId="WDU19640160093" xTitle="Ustawa z dnia 23 kwietnia 1964 r. - Kodeks cywilny" xAddress="Dz. U. z 1964 r. Nr 16, poz. 93">art. 58 §1 k.c.</xLexLink> jest nieważna, a w konsekwencji powodom nie przysługuje ochrona sądowa opartego na niej roszczenia zgłoszonego w pozwie – nie ponieśli oni szkody, której upatrywali w nieuzyskaniu korzyści, które przysługiwałyby im z nieważnej umowy.</xText>
          <xText>Bez znaczenia jest przy tym okoliczność, że pozwany <xAnon>P. T.</xAnon> w sprawie o sygnaturze akt II C 449/08 wszczętej przed Sądem Rejonowym w Lublinie cofnął powództwo o ustalenie nieważności powyższej umowy najmu z dnia 20 marca 2007 roku oraz zrzekł się roszczenia, w wyniku czego Sąd Rejonowy w Lublinie postanowieniem z dnia 03 listopada 2010 roku umorzył postępowanie w tamtejszej sprawie.</xText>
          <xText>W tym miejscu należy wyjaśnić, że przedmiotem procesu jest roszczenie procesowe, z którym może, lecz nie musi być powiązane funkcjonalnie roszczenie materialnoprawne. Sąd Najwyższy wielokrotnie podkreślał, że zrzeczenie się roszczenia, o którym mowa w <xLexLink xArt="art. 203;art. 203 § 1" xIsapId="WDU19640430296" xTitle="Ustawa z dnia 17 listopada 1964 r. - Kodeks postępowania cywilnego" xAddress="Dz. U. z 1964 r. Nr 43, poz. 296">art. 203 § 1 k.p.c.</xLexLink>, dotyczy zrzeczenia się roszczenia w znaczeniu procesowym. Oznacza to niemożność skutecznego dochodzenia w przyszłości mogącego istnieć roszczenia materialno-prawnego, (por. wyrok Sądu Najwyższego z dnia 26 września 2012 r. II CSK 3/12). W niniejszym przypadku zrzeczenie się przez <xAnon>P. T.</xAnon> roszczenia o ustalenie nieważności powyższej umowy nie zrodziło skutków w sferze prawa materialnoprawnego, a jedynie wywołało skutki procesowe w postaci umorzenia postępowania w sprawie o sygnaturze akt II C 449/08.</xText>
          <xText>Ponadto, nawet gdyby przyjąć stanowisko odmienne, a powodowie wykazali przesłanki odpowiedzialności odszkodowawczej pozwanego <xAnon>P. T.</xAnon>, należy pamiętać, że pozwany w piśmie z dnia 18 grudnia 2012 roku podniósł zarzut przedawnienia, a zgodnie z <xLexLink xArt="art. 117;art. 117 § 2" xIsapId="WDU19640160093" xTitle="Ustawa z dnia 23 kwietnia 1964 r. - Kodeks cywilny" xAddress="Dz. U. z 1964 r. Nr 16, poz. 93">art. 117 § 2 k.c.</xLexLink> po upływie terminu przedawnienia ten, przeciwko komu przysługuje roszczenie, może uchylić się od jego zaspokojenia, chyba że zrzeka się korzystania z zarzutu przedawnienia.</xText>
          <xText>Zgodnie z <xLexLink xArt="art. 442(1);art. 442(1) § 1" xIsapId="WDU19640160093" xTitle="Ustawa z dnia 23 kwietnia 1964 r. - Kodeks cywilny" xAddress="Dz. U. z 1964 r. Nr 16, poz. 93">art. 442<xSUPx>1</xSUPx> § 1 k.c.</xLexLink>: roszczenie o naprawienie szkody wyrządzonej czynem niedozwolonym ulega przedawnieniu z upływem lat trzech od dnia, w którym poszkodowany dowiedział się o szkodzie i o osobie obowiązanej do jej naprawienia.</xText>
          <xText>Z akt sprawy wynika, że w dniu 04 czerwca 2008 roku powodowie wystosowali pismo do członków Wspólnoty <xAnon>(...)</xAnon><xAnon> (...)</xAnon> w <xAnon>K.</xAnon>, z którego wynika, iż wówczas posiadali oni wiedzę o zawarciu przez pozwanych w dniu 26 kwietnia 2008 roku umowy najmu nieruchomości, stanowiącej <xAnon>działkę o numerze (...)</xAnon> położonej w <xAnon>K.</xAnon>, (k. 147). Powyższą okoliczność powodowie wskazali jako zdarzenie wywołujące szkodę, z którego wywodzili oni w niniejszej sprawie roszczenie o zapłatę (pismo procesowe rozszerzające powództwo, k. 144-145).</xText>
          <xText>Co do zasady apelujący mają rację, że przepis <xLexLink xArt="art. 442(1)" xIsapId="WDU19640160093" xTitle="Ustawa z dnia 23 kwietnia 1964 r. - Kodeks cywilny" xAddress="Dz. U. z 1964 r. Nr 16, poz. 93">art. 442<xSUPx>1</xSUPx> k.c.</xLexLink> rozróżnia pojęcie „szkody” i „zdarzenia wywołującego szkodę”, w związku z czym początek biegu terminu przedawnienia w niniejszej sprawie winien być liczony od chwili powstania szkody. Powyższe pozostaje jednak bez wpływu na treść zaskarżonego rozstrzygnięcia, bowiem jeśli nawet przyjąć, że szkoda w majątku powodów wystąpiła na początku 2009 roku, kiedy to mogliby już domagać się należności za 2008 rok, to trzyletni termin przedawnienia roszczenia upłynął z początkiem 2012 roku, natomiast powodowie wystąpili z nowym roszczeniem o odszkodowanie obok roszczenia pierwotnego (<xLexLink xArt="art. 193;art. 193 § 3" xIsapId="WDU19640430296" xTitle="Ustawa z dnia 17 listopada 1964 r. - Kodeks postępowania cywilnego" xAddress="Dz. U. z 1964 r. Nr 43, poz. 296">art. 193 § 3 k.p.c.</xLexLink>) dopiero na rozprawie w dniu 11 grudnia 2012 roku.</xText>
          <xText>Jednocześnie w niniejszej sprawie brak jest podstaw do stwierdzenia, iż miały miejsce zdarzenia powodujące przerwanie bądź zawieszenie biegu przedawnienia. Nie można z pewnością uznać, że bieg terminu przedawnienia został przerwany wniesieniem pozwu o ustalenia nieważności umowy z dnia 26 kwietnia 2008 roku – w grudniu 2011 roku.</xText>
          <xText>Przepis <xLexLink xArt="art. 123" xIsapId="WDU19640160093" xTitle="Ustawa z dnia 23 kwietnia 1964 r. - Kodeks cywilny" xAddress="Dz. U. z 1964 r. Nr 16, poz. 93">art. 123 k.c.</xLexLink> przewiduje, że bieg przedawnienia przerywa się:</xText>
          <xText>1. przez każdą czynność przed sądem lub innym organem powołanym do rozpoznawania spraw lub egzekwowania roszczeń danego rodzaju albo przed sądem polubownym, przedsięwziętą bezpośrednio w celu dochodzenia lub ustalenia albo zaspokojenia lub zabezpieczenia roszczenia;</xText>
          <xText>2. przez uznanie roszczenia przez osobę, przeciwko której roszczenie przysługuje;</xText>
          <xText>3. przez wszczęcie mediacji.</xText>
          <xText>Wystąpienie tego rodzaju okoliczności nie miało miejsca w stanie faktycznym rozpoznawanej sprawy, bowiem czynność, o jakiej mowa w <xLexLink xArt="art. 123;art. 123 pkt. 1" xIsapId="WDU19640160093" xTitle="Ustawa z dnia 23 kwietnia 1964 r. - Kodeks cywilny" xAddress="Dz. U. z 1964 r. Nr 16, poz. 93">art. 123 pkt 1 k.c.</xLexLink>, przerywająca bieg terminu przedawnienia powoduje ten skutek tylko w odniesieniu do roszczenia, którego dana czynność dotyczy, nie zaś w stosunku do wszelkich roszczeń mogących wynikać z danego stosunku prawnego, czy też zgłoszonych później. Z natury rzeczy wynika bowiem, że przerwanie następuje w podmiotowych i przedmiotowych granicach czynności podjętej przez wierzyciela: dotyczy ono roszczenia, które jest dochodzone i jest skuteczne przeciwko osobie, wobec której kieruje się czynność. Na gruncie niniejszej sprawy jedynie przedmiotowa zmiana powództwa, polegająca na tym, że powodowie wystąpiliby z nowym roszczeniem obok roszczenia pierwotnego (<xLexLink xArt="art. 193;art. 193 § 3" xIsapId="WDU19640430296" xTitle="Ustawa z dnia 17 listopada 1964 r. - Kodeks postępowania cywilnego" xAddress="Dz. U. z 1964 r. Nr 43, poz. 296">art. 193 § 3 k.p.c.</xLexLink>) przed końcem 2011 roku, mogłaby prowadzić do przerwania biegu przedawnienia w odniesieniu do roszczenia o odszkodowanie. Taka sytuacja nie miała jednak miejsca w niniejsze sprawie, a pierwotne wniesienie pozwu o ustalenie nieważności umowy pozostaje bez wpływu na bieg terminu przedawnienia w stosunku do roszczenia o odszkodowanie.</xText>
          <xText>W konsekwencji również z tego względu powództwo skierowane wobec <xAnon>P. T.</xAnon> podlegałoby oddaleniu, nawet w przypadku uznania, że cofnięcie pozwu i zrzeczenie się roszczenia w sprawie II C 449/08 uniemożliwia analizę ważności umowy z 20 marca 2007 roku w niniejszej spawie (czego Sąd Okręgowy nie przyjął).</xText>
          <xText>Z powyższych względów Sąd Okręgowy uznał rozstrzygnięcie Sądu Rejonowego za prawidłowe, zaś apelację powodów za bezzasadną i na mocy <xLexLink xArt="art. 385" xIsapId="WDU19640430296" xTitle="Ustawa z dnia 17 listopada 1964 r. - Kodeks postępowania cywilnego" xAddress="Dz. U. z 1964 r. Nr 43, poz. 296">art. 385 k.p.c.</xLexLink> ją oddalił.</xText>
          <xText>Na marginesie należy zwrócić uwagę, że wbrew wywodom odpowiedzi na apelację złożonej przez pozwanego <xAnon>P. T.</xAnon> prowadzącym do wniosku, iż Sąd w niniejszej sprawie jest związany prawomocnym wyrokiem Sąd Rejonowego w Malborku z dnia 03 kwietnia 2013 roku, wydanym w sprawie o sygnaturze akt I C 142/09, w którym to wyroku ustalona została nieważność umowy z dnia 20 marca 2007 roku zawartej pomiędzy <xAnon> (...) spółką z ograniczoną odpowiedzialnością</xAnon> w <xAnon>L.</xAnon> a <xAnon>Z. W.</xAnon> i <xAnon>L. W.</xAnon>, działającymi jako <xAnon> (...) spółką cywilną</xAnon> Agencją <xAnon>(...)</xAnon> w <xAnon>L.</xAnon>, należy wskazać, że tego rodzaju związanie nie zachodzi na gruncie niniejszej sprawy.</xText>
          <xText>Stwierdzenie, że <xLexLink xArt="art. 365;art. 365 § 1" xIsapId="WDU19640430296" xTitle="Ustawa z dnia 17 listopada 1964 r. - Kodeks postępowania cywilnego" xAddress="Dz. U. z 1964 r. Nr 43, poz. 296">art. 365 § 1 k.p.c.</xLexLink> przypisuje prawomocnemu orzeczeniu sądu moc wiążącą nie tylko wobec stron i sądu, który je wydał, lecz również innych sądów, organów państwowych oraz organów administracji publicznej, a w wypadkach prawem przewidzianych także innych osób, oznacza jedynie tyle, że żaden z wymienionych podmiotów nie może negować faktu istnienia prawomocnego orzeczenia i jego treści, niezależnie od tego, czy był, czy nie był stroną tego postępowania. Jednakże mocy wiążącej prawomocnego wyroku w rozumieniu <xLexLink xArt="art. 365;art. 365 § 1" xIsapId="WDU19640430296" xTitle="Ustawa z dnia 17 listopada 1964 r. - Kodeks postępowania cywilnego" xAddress="Dz. U. z 1964 r. Nr 43, poz. 296">art. 365 § 1 k.p.c.</xLexLink> nie można rozpatrywać w oderwaniu od <xLexLink xArt="art. 366" xIsapId="WDU19640430296" xTitle="Ustawa z dnia 17 listopada 1964 r. - Kodeks postępowania cywilnego" xAddress="Dz. U. z 1964 r. Nr 43, poz. 296">art. 366 k.p.c.</xLexLink>, który przymiot powagi rzeczy osądzonej odnosi tylko "do tego, co w związku z podstawą sporu stanowiło przedmiot rozstrzygnięcia, a ponadto tylko między tymi samymi stronami". Granice przedmiotowe powagi rzeczy osądzonej określa przedmiot rozstrzygnięcia i jego podstawa faktyczna, natomiast jej granice podmiotowe obejmują tożsamość obydwu stron procesu, a więc powoda i pozwanego, a także ich następców prawnych. Zatem związanie sądu prawomocnym orzeczeniem, zapadłym w innej sprawie, na podstawie <xLexLink xArt="art. 365;art. 365 § 1" xIsapId="WDU19640430296" xTitle="Ustawa z dnia 17 listopada 1964 r. - Kodeks postępowania cywilnego" xAddress="Dz. U. z 1964 r. Nr 43, poz. 296">art. 365 § 1 k.p.c.</xLexLink> (rozumiane jako rozstrzygnięcie kwestii prejudycjalnej) występuje w zasadzie przy tożsamości nie tylko przedmiotowej, ale i podmiotowej obu tych spraw. Prawomocne przesądzenie określonej kwestii między tymi samymi stronami tworzy indywidualną i konkretną normę prawną wywiedzioną przez sąd z norm generalnych i abstrakcyjnych zawartych w przepisach prawnych, (por. wyrok Sądu Najwyższego z dnia 27 stycznia 2011 roku, I UK 191/10).</xText>
          <xText>Z uwagi na to, że pomiędzy stronami postępowania w sprawie o sygnaturze akt I C 142/09 oraz stronami niniejszej sprawy nie zachodzi tożsamość podmiotowa, nie może być mowy o związaniu Sądu w przedmiotowym postępowaniu treścią prawomocnego wyroku zapadłego przed Sądem Rejonowym w Malborku w sprawie I C 142/09 w znaczeniu prejudycjalnym.</xText>
          <xText>Niemniej jednak, jak już wskazano, kwestię bezwzględnej nieważności umowy sąd bierze pod uwagę z urzędu, co Sąd Okręgowy uczynił w niniejszym przypadku niezależnie od orzeczeń zapadłych w innych Sądach.</xText>
          <xText>Orzeczenie o kosztach postępowania odwoławczego wydane zostało w oparciu o przepis <xLexLink xArt="art. 98;art. 98 § 1;art. 98 § 3" xIsapId="WDU19640430296" xTitle="Ustawa z dnia 17 listopada 1964 r. - Kodeks postępowania cywilnego" xAddress="Dz. U. z 1964 r. Nr 43, poz. 296">art. 98 § 1 i 3 k.p.c.</xLexLink> zw. z <xLexLink xArt="art. 391;art. 391 § 1;art. 391 § 1 zd. 1" xIsapId="WDU19640430296" xTitle="Ustawa z dnia 17 listopada 1964 r. - Kodeks postępowania cywilnego" xAddress="Dz. U. z 1964 r. Nr 43, poz. 296">art. 391 § 1 zdanie pierwsze k.p.c.</xLexLink> Apelacja powodów została oddalona w całości, a zatem pozwani są uznawani za stronę wygrywającą postępowanie apelacyjne i przysługuje im zwrot kosztów od powodów. W związku tym , że po stronie pozwanej Wspólnoty <xAnon>(...)</xAnon><xAnon> (...)</xAnon> nie powstały żadne koszty postępowanie, Sąd Okręgowy zasądził od powodów <xAnon>L. W.</xAnon> i <xAnon>Z. W.</xAnon> jedynie na rzecz pozwanego <xAnon>P. T.</xAnon> kwoty po 600 zł – łącznie 1200 zł, która stanowi wynagrodzenie pełnomocnika pozwanego – adwokata, wyliczone w oparciu o przepis § 2 ust. 1 i § 6 pkt 4 w zw. z § 10 pkt 3 w zw. z § 13 ust. 1 pkt 1 Rozporządzenia Ministra Sprawiedliwości z dnia 28 września 2002 roku w sprawie opłat za czynności adwokackie oraz ponoszenia przez Skarb Państwa kosztów pomocy prawnej udzielonej z urzędu.</xText>
        </xUnit>
      </xBlock>
    </xPart>
  </judgement>
<judgement id="155025151023506_VII_K_000532_2013_Uz_2014-04-03_001">
    <xPart xEditorFullName="Elżbieta Pilch" xYear="2013" xLang="PL" xPublisherFullName="Elżbieta Pilch" xFromPg="1" xEditor="epilch" xVolType="15/502515/1023506/K" xPublisher="epilch" xDocType="Uz" xVolNmbr="000532" xVersion="1.0" xToPage="4" xFlag="published">
      <xName>Wyrok+Uzasadnienie</xName>
      <xBlock>
        
        <xText>
          <xBx>Sygn. akt VII K 532/13</xBx>
        </xText>
        
        <xUnit xIsTitle="true" xType="part" xBold="true">
          <xName>WYROK</xName>
          <xTitle>W IMIENIU RZECZYPOSPOLITEJ POLSKIEJ</xTitle>
          <xText xALIGNx="right">Dnia 19 marca 2014 r.</xText>
          
          <xText>Sąd Rejonowy w <xAnon>O.</xAnon>VII Zamiejscowy Wydział Karny z siedzibą w <xAnon>S.</xAnon> w składzie:</xText>
          
          <xText xALIGNx="left">
            <xBx>Przewodniczący SSR Izabela Nowak </xBx>
          </xText>
          <xText>Protokolant Katarzyna Kudzia</xText>
          <xText>w obecności Prokuratora Barbary Szczepańskiej</xText>
          
          <xText>po rozpoznaniu dnia 19 marca 2014 r.</xText>
          <xText>sprawy <xAnon>K. B.</xAnon></xText>
          <xText>syna <xAnon>H.</xAnon> i <xAnon>D.</xAnon> zd. <xAnon>B.</xAnon></xText>
          <xText><xAnon>ur. (...)</xAnon> w <xAnon>S.</xAnon></xText>
          
          <xText>oskarżonego o to, że:</xText>
          <xText>w dniu 19 listopada 2012 r. w <xAnon>S.</xAnon> w celu użycia za autentyczną podrobił umowę kupna sprzedaży samochodu osobowego marki <xAnon>F. (...)</xAnon><xAnon>nr rej. (...)</xAnon> w ten sposób, że wpisał do przedmiotowej umowy dane swojej córki <xAnon>P. B. (1)</xAnon> i podpisał się na umowie jej imieniem i nazwiskiem, przy czym czynu tego dopuścił się będąc uprzednio skazany wyrokiem łącznym Sądu Rejonowego w <xAnon>S.</xAnon> z dnia 21 kwietnia 2011 r. sygn.. akt II K 7/11 obejmującym między innymi wyrok Sądu Rejonowego w <xAnon>S.</xAnon> sygn.. akt II K 62/1 za przestępstwo z <xLexLink xArt="art. 286;art. 286 § 1" xIsapId="WDU19970880553" xTitle="Ustawa z dnia 6 czerwca 1997 r. - Kodeks karny" xAddress="Dz. U. z 1997 r. Nr 88, poz. 553">art. 286 § 1 kk</xLexLink> w zw. z <xLexLink xArt="art. 270;art. 270 § 1" xIsapId="WDU19970880553" xTitle="Ustawa z dnia 6 czerwca 1997 r. - Kodeks karny" xAddress="Dz. U. z 1997 r. Nr 88, poz. 553">art. 270 § 1 kk</xLexLink> w zw. z <xLexLink xArt="art. 11;art. 11 § 2" xIsapId="WDU19970880553" xTitle="Ustawa z dnia 6 czerwca 1997 r. - Kodeks karny" xAddress="Dz. U. z 1997 r. Nr 88, poz. 553">art. 11 § 2 kk</xLexLink> oraz wyrok Sądu Rejonowego w <xAnon>S.</xAnon> z dnia 16 lipca 2003 r. sygn.. akt 114/03 za przestępstwo z <xLexLink xArt="art. 286;art. 286 § 1" xIsapId="WDU19970880553" xTitle="Ustawa z dnia 6 czerwca 1997 r. - Kodeks karny" xAddress="Dz. U. z 1997 r. Nr 88, poz. 553">art. 286 § 1 kk</xLexLink> w zw. z <xLexLink xArt="art. 270;art. 270 § 1" xIsapId="WDU19970880553" xTitle="Ustawa z dnia 6 czerwca 1997 r. - Kodeks karny" xAddress="Dz. U. z 1997 r. Nr 88, poz. 553">art. 270 § 1 kk</xLexLink> w zw. z <xLexLink xArt="art. 11;art. 11 § 2" xIsapId="WDU19970880553" xTitle="Ustawa z dnia 6 czerwca 1997 r. - Kodeks karny" xAddress="Dz. U. z 1997 r. Nr 88, poz. 553">art. 11 § 2 kk</xLexLink> na karę łączną 1 roku 6 miesięcy pozbawienia wolności, którą odbył w okresach od 1.08.2007 r. do 23.06.2008 r., od 25.11.2009 r. do 19.04.2010 r. i od 23.01.2012 r. do 7.04.2012 r.</xText>
          
          <xText>
            <xBx>tj. o czyn z <xLexLink xArt="art. 270;art. 270 § 1" xIsapId="WDU19970880553" xTitle="Ustawa z dnia 6 czerwca 1997 r. - Kodeks karny" xAddress="Dz. U. z 1997 r. Nr 88, poz. 553">art. 270 § 1 kk</xLexLink> w zw. z <xLexLink xArt="art. 64;art. 64 § 1" xIsapId="WDU19970880553" xTitle="Ustawa z dnia 6 czerwca 1997 r. - Kodeks karny" xAddress="Dz. U. z 1997 r. Nr 88, poz. 553">art. 64 § 1 kk</xLexLink></xBx>
          </xText>
          
          <xUnit xIsTitle="false" xType="none">
            <xName xSffx=".">I</xName>
            <xText>uznaje oskarżonego <xBx><xAnon>K. B.</xAnon></xBx> za winnego popełnienia zarzucanego mu czynu opisanego w części wstępnej wyroku tj. przestępstwa z <xLexLink xArt="art. 270;art. 270 § 1" xIsapId="WDU19970880553" xTitle="Ustawa z dnia 6 czerwca 1997 r. - Kodeks karny" xAddress="Dz. U. z 1997 r. Nr 88, poz. 553">art. 270 § 1 kk</xLexLink> w zw. z <xLexLink xArt="art. 64;art. 64 § 1" xIsapId="WDU19970880553" xTitle="Ustawa z dnia 6 czerwca 1997 r. - Kodeks karny" xAddress="Dz. U. z 1997 r. Nr 88, poz. 553">art. 64 § 1 kk</xLexLink> i za to na podstawie <xLexLink xArt="art. 270;art. 270 § 1" xIsapId="WDU19970880553" xTitle="Ustawa z dnia 6 czerwca 1997 r. - Kodeks karny" xAddress="Dz. U. z 1997 r. Nr 88, poz. 553">art. 270 § 1 kk</xLexLink> w zw. z <xLexLink xArt="art. 64;art. 64 § 1" xIsapId="WDU19970880553" xTitle="Ustawa z dnia 6 czerwca 1997 r. - Kodeks karny" xAddress="Dz. U. z 1997 r. Nr 88, poz. 553">art. 64 § 1 kk</xLexLink> wymierza mu karę 6 (sześciu) miesięcy pozbawienia wolności,</xText>
          </xUnit>
          <xUnit xIsTitle="false" xType="none">
            <xName xSffx=".">II</xName>
            <xText>zasądza od Skarbu Państwa na rzecz Kancelarii Adwokackiej adw. <xAnon>E. M.</xAnon> wynagrodzenie w kwocie 516,60 zł. brutto tytułem nieopłaconej obrony udzielonej oskarżonemu z urzędu,</xText>
          </xUnit>
          <xUnit xIsTitle="false" xType="none">
            <xName xSffx=".">III</xName>
            <xText>na podstawie <xLexLink xArt="art. 624;art. 624 § 1" xIsapId="WDU19970890555" xTitle="Ustawa z dnia 6 czerwca 1997 r. - Kodeks postępowania karnego" xAddress="Dz. U. z 1997 r. Nr 89, poz. 555">art. 624 § 1 kpk</xLexLink> i <xLexLink xArt="art. 17" xIsapId="WDU19730270152" xTitle="Ustawa z dnia 23 czerwca 1973 r. o opłatach w sprawach karnych" xAddress="Dz. U. z 1973 r. Nr 27, poz. 152">art. 17 ustawy z dnia 23 czerwca 1973r. o opłatach w sprawach karnych</xLexLink> zwalnia oskarżonego od kosztów sądowych w sprawie, w tym opłaty zaliczając je na rachunek Skarbu Państwa.</xText>
          </xUnit>
          
          <xText>Sygn. akt VII K 532/13</xText>
        </xUnit>
        <xUnit xIsTitle="true" xType="part" xBold="true">
          <xName>UZASADNIENIE</xName>
          <xText xALIGNx="center">
            <xBx>
              <xIx>
                <xUx>W wyniku przeprowadzonego postępowania dowodowego Sąd ustalił następujący stan faktyczny:</xUx>
              </xIx>
            </xBx>
          </xText>
          
          <xText><xAnon>Z. B.</xAnon> i <xAnon>D. Ś.</xAnon> byli współwłaścicielami samochodu osobowego marki <xAnon>F. (...)</xAnon><xAnon>nr rej (...)</xAnon>. <xAnon>D. Ś.</xAnon> postanowił sprzedać ten samochód. <xAnon>Z. B.</xAnon> jako współwłaściciel podpisał wcześniej umowę kupna – sprzedaży i nie był obecny przy samej transakcji.</xText>
          
          <xText>
            <xIx>/dowód: zeznania świadka <xAnon>Z. B.</xAnon> – k. 37v, 165;</xIx>
          </xText>
          <xText>
            <xIx> umowa kupna – sprzedaży z dnia 19.11.2012 r. – k. 52/</xIx>
          </xText>
          
          <xText>W dniu 19 listopada 2012 r. <xAnon>K. B.</xAnon> razem z <xAnon>D. B.</xAnon> spotkali się z <xAnon>D. Ś.</xAnon> w <xAnon>S.</xAnon> na <xAnon>ul. (...)</xAnon>, gdzie doszło do zawarcia umowy kupna – sprzedaży samochodu osobowego marki <xAnon>F. (...)</xAnon><xAnon>nr rej. (...)</xAnon>. Jako dane osoby kupującej <xAnon>K. B.</xAnon> podał dane swojej córki <xAnon>P. B. (2)</xAnon> (zd. <xAnon>B.</xAnon>). <xAnon>K. B.</xAnon> zadzwonił wtedy do swojej córki <xAnon>P. B. (2)</xAnon> zd. <xAnon>B.</xAnon> i przez telefon poprosił o jej dane tłumacząc, iż są potrzebne <xAnon>D. B.</xAnon> do umowy. W tamtym okresie <xAnon>P. B. (2)</xAnon> zd. <xAnon>B.</xAnon> pracowała u <xAnon>D. B.</xAnon>. Następnie w miejscu na podpis kupującego <xAnon>K. B.</xAnon> podpisał się imieniem i nazwiskiem swojej córki <xAnon> (...)</xAnon>.</xText>
          
          <xText>
            <xIx>/dowód: wyjaśnienia oskarżonego <xAnon>K. B.</xAnon> (częściowo) – k. 164v;</xIx>
          </xText>
          <xText>
            <xIx>zeznania świadka <xAnon>P. B. (2)</xAnon> – k. 3, 45v, 81v, 164v;</xIx>
          </xText>
          <xText>
            <xIx>zeznania świadka <xAnon>D. B.</xAnon> (częściowo) – k. 43, 82, 83, 165;</xIx>
          </xText>
          <xText>
            <xIx> umowa kupna – sprzedaży z dnia 19.11.2012 r. – k. 52/</xIx>
          </xText>
          
          <xText>Oskarżony <xAnon>K. B.</xAnon> ma 42 lata. Posiada wykształcenie podstawowe, z zawodu jest piekarzem, cukiernikiem. Jest rozwiedziony, ma na utrzymaniu dwoje dzieci. Przed osadzeniem w Zakładzie karnym pracował w punkcie skupu złomu, jego miesięczny dochód wynosił 1.400-1.600 złotych. <xAnon>K. B.</xAnon> był wielokrotnie karany sądownie. Między innymi wyrokiem Sądu Rejonowego w <xAnon>S.</xAnon> z dnia 12 czerwca 2001 r., sygn. akt II K 62/01 za czyn z <xLexLink xArt="art. 270;art. 270 § 1" xIsapId="WDU19970880553" xTitle="Ustawa z dnia 6 czerwca 1997 r. - Kodeks karny" xAddress="Dz. U. z 1997 r. Nr 88, poz. 553">art. 270 § 1 k.k.</xLexLink> i <xLexLink xArt="art. 286;art. 286 § 1" xIsapId="WDU19970880553" xTitle="Ustawa z dnia 6 czerwca 1997 r. - Kodeks karny" xAddress="Dz. U. z 1997 r. Nr 88, poz. 553">art. 286 § 1 k.k.</xLexLink> w zw. z <xLexLink xArt="art. 11;art. 11 § 2" xIsapId="WDU19970880553" xTitle="Ustawa z dnia 6 czerwca 1997 r. - Kodeks karny" xAddress="Dz. U. z 1997 r. Nr 88, poz. 553">art. 11 § 2 k.k.</xLexLink> skazany został na karę 1 roku pozbawienia wolności, wyrokiem Sądu Rejonowego w <xAnon>S.</xAnon> z dnia 16 lipca 2003 r., sygn. akt II K 114/03 za czyn z <xLexLink xArt="art. 270;art. 270 § 1" xIsapId="WDU19970880553" xTitle="Ustawa z dnia 6 czerwca 1997 r. - Kodeks karny" xAddress="Dz. U. z 1997 r. Nr 88, poz. 553">art. 270 § 1 k.k.</xLexLink> i <xLexLink xArt="art. 286;art. 286 § 1" xIsapId="WDU19970880553" xTitle="Ustawa z dnia 6 czerwca 1997 r. - Kodeks karny" xAddress="Dz. U. z 1997 r. Nr 88, poz. 553">art. 286 § 1 k.k.</xLexLink> w zw. z <xLexLink xArt="art. 11;art. 11 § 2" xIsapId="WDU19970880553" xTitle="Ustawa z dnia 6 czerwca 1997 r. - Kodeks karny" xAddress="Dz. U. z 1997 r. Nr 88, poz. 553">art. 11 § 2 k.k.</xLexLink> skazany został na karę 6 miesięcy pozbawienia wolności. Wyroki te objęte zostały wyrokiem łącznym Sądu Rejonowego w <xAnon>S.</xAnon> z dnia 21 kwietnia 2011 r., sygn. akt II K 7/11, na mocy którego orzeczono wobec <xAnon>K. B.</xAnon> karę łączną 1 roku i 6 miesięcy pozbawienia wolności, którą odbył w okresie od 1 sierpnia 2007 r. do 23 czerwca 2008 r., od 25 listopada 2009 r. do 19 kwietnia 2010., i od 23 stycznia 2012 r. do 7 kwietnia 2012 r.</xText>
          
          <xText>
            <xIx>/dowód: dane dotyczące oskarżonego – k. 107, 164;</xIx>
          </xText>
          <xText>
            <xIx> karta karna – k. 93-94;</xIx>
          </xText>
          <xText>
            <xIx>odpisy wyroków – k. 95-102/</xIx>
          </xText>
          
          <xText>Oskarżony <xAnon>K. B.</xAnon> w toku całego postępowania przyznał się do popełnienia zarzucanego mu czynu. Wyjaśnił, iż córka wiedziała o kupnie samochodu, nie mogła być jednak przy podpisaniu umowy więc skontaktował się z nią telefonicznie. Podał także, iż córka wyraziła zgodę na podpisanie umowy. Wyjaśnił ponadto, iż nie pomyślał żeby pojechać do córki z tą umową.</xText>
          
          <xText>
            <xIx>/dowód: wyjaśnienia oskarżonego <xAnon>K. B.</xAnon> – k. 164v/</xIx>
          </xText>
          
          <xText xALIGNx="center">
            <xBx>
              <xIx>
                <xUx>Na podstawie tak ustalonego stanu faktycznego Sąd zważył, co następuje:</xUx>
              </xIx>
            </xBx>
          </xText>
          
          <xText>Na podstawie całokształtu materiału dowodowego zgromadzonego w przedmiotowej sprawie, Sąd uznał, iż wina oraz sprawstwo oskarżonego <xAnon>K. B.</xAnon> w zakresie popełnienia zarzucanego mu czynu, nie budzą żadnych wątpliwości. Ustalając stan faktyczny Sąd oparł się przede wszystkim na zeznaniach świadków <xAnon>P. B. (2)</xAnon>, <xAnon>Z. B.</xAnon> oraz dowodach z dokumentów w postaci umowy kupna - sprzedaży z dnia 19.11.2012 r. Częściowo Sąd uwzględnił także wyjaśnienia oskarżonego <xAnon>K. B.</xAnon> oraz zeznania świadka <xAnon>D. B.</xAnon>.</xText>
          <xText>Za w pełni wiarygodne Sąd uznał zeznania świadka <xAnon>P. B. (2)</xAnon>. Zdaniem Sądu były one wiarygodne, logiczne i korelowały z całością pozostałego materiału dowodowego zgromadzonego w aktach sprawy. Ponadto świadek zeznawała szczerze, obiektywnie i starała się przedstawić cały przebieg zdarzenia, na tyle na ile pozwalała jej pamięć. <xAnon>P. B. (2)</xAnon> konsekwentnie podawała, iż nie wyrażała zgody na zakup w jej imieniu przez ojca samochodu marki <xAnon>F. (...)</xAnon><xAnon>nr rej. (...)</xAnon>.</xText>
          <xText>Podobnie Sąd odniósł się do zeznań <xAnon>Z. B.</xAnon>. Zdaniem Sądu zasługiwały one w całości na przymiot wiarygodności i uwzględnienie z uwagi na fakt, iż były spójne i znalazły potwierdzenie w pozostałym materiale dowodowym zgromadzonym w sprawie. W tym miejscu wskazać należy, iż miały one mniejsze znaczenie dla sprawy albowiem świadek nie był obecny przy podpisywaniu umowy przez <xAnon>K. B.</xAnon>.</xText>
          <xText>Sąd dał także częściowo wiarę wyjaśnieniem oskarżonego <xAnon>K. B.</xAnon>. Za wiarygodne Sąd uznał te wyjaśnienia w zakresie faktów: podpisania się imieniem i nazwiskiem swojej córki, rozmowy telefonicznej z córką. W pozostałym zakresie tj. w części, w której oskarżony podniósł, iż córka wiedziała, iż zamierza kupić na nią samochód i wyraziła na to zgodę, Sąd uznał te wyjaśnienia za całkowicie niewiarygodne. Po pierwsze wskazać należy, iż w tym zakresie wyjaśnienia oskarżonego pozostawały w wyraźnej sprzeczności z wiarygodnymi zeznaniami świadka <xAnon>P. B. (2)</xAnon>, po drugie były całkowicie nielogiczne. Sam oskarżony nie był w stanie wyjaśnić dlaczego nie zawiózł tej umowy córce do podpisu tylko sam się za nią podpisał.</xText>
          <xText>Podobnie Sąd odniósł się do zeznań świadka <xAnon>D. B.</xAnon>. Sąd dał im wiarę w zakresie w jakim świadek opisał przebieg transakcji zakupu samochodu marki <xAnon>F. (...)</xAnon><xAnon>nr rej. (...)</xAnon>. W ocenie Sądu niewiarygodne były jego wyjaśnienia w zakresie w jakim podał, iż <xAnon>K. B.</xAnon> poinformował telefonicznie córkę o tym, iż kupuje na nią samochód. Jak wynika z zeznań tego świadka - k. 43v - oskarżony dzwonił do swojej córki po nr PESEL i inne dane. Jak wynika natomiast z umowy z dnia 19 listopada 2012 r. nie ma tam wpisanego nr PESEL kupującego. Ponadto zeznania tego świadka były także wewnętrznie sprzeczne. W trakcie zeznań z dnia 23 lipca 2013 r. (k.43v) <xAnon>D. B.</xAnon> podał, iż oskarżony mówił <xAnon>P. B. (2)</xAnon>, że kupuje na nią auto. Natomiast w trakcie zeznań w dniu 17 września 2013 r. (k.82v) podał, iż nie słyszał ich rozmowy, ale widział, że <xAnon>K. B.</xAnon> słuchając telefonu podawał jej dane do umowy. Okoliczność ta znajduje potwierdzenie w zeznaniach <xAnon>P. B. (2)</xAnon>, z których wynika, iż oskarżony dzwonił do niej po dane, które były potrzebne <xAnon>D. B.</xAnon> do umowy, gdyż w tamtym czasie <xAnon>P. B. (2)</xAnon> pracował u niego w <xAnon>W.</xAnon>. Okoliczność tą potwierdził także <xAnon>D. B.</xAnon>. W ocenie Sądu zeznania <xAnon>D. B.</xAnon> w zakresie w jakim podał, iż oskarżony informował córkę o kupnie na nią samochodu miały na celu zmniejszenie odpowiedzialności <xAnon>K. B.</xAnon>. Jak wynika z zeznań <xAnon>D. B.</xAnon> od lat znają się z oskarżonym, byli kiedyś sąsiadami, oskarżony pracował u <xAnon>D. B.</xAnon> w punkcie skupu złomu.</xText>
          <xText>Sąd nie przydał znaczenia zeznaniom świadka <xAnon>A. M.</xAnon> albowiem dotyczyły one okoliczności drugorzędnych, nie mających znaczenia dla sprawy.</xText>
          <xText>Osobowy materiał dowodowy znalazł także potwierdzenie w dowodach z dokumentów w postaci umowy kupna – sprzedaży z dnia 19 listopada 2012 r.</xText>
          <xText>Konkludując należy stwierdzić, że kompleksowa ocena wiarygodności wyjaśnień oskarżonego i zeznań poszczególnych świadków oraz całości pozostałego materiału dowodowego, na którego podstawie Sąd ustalił stan faktyczny, dokonywana w świetle zasad doświadczenia życiowego pozwoliła na niewątpliwe stwierdzenie sprawstwa i winy oskarżonego <xAnon>K. B.</xAnon> w zakresie zarzucanego mu czynu z <xLexLink xArt="art. 270;art. 270 § 1" xIsapId="WDU19970880553" xTitle="Ustawa z dnia 6 czerwca 1997 r. - Kodeks karny" xAddress="Dz. U. z 1997 r. Nr 88, poz. 553">art. 270 §1 kk</xLexLink>.</xText>
          <xText>Przedmiotem ochrony przepisu <xLexLink xArt="art. 270;art. 270 § 1" xIsapId="WDU19970880553" xTitle="Ustawa z dnia 6 czerwca 1997 r. - Kodeks karny" xAddress="Dz. U. z 1997 r. Nr 88, poz. 553">art. 270 § 1 k.k.</xLexLink> jest dokument i jego wiarygodność. Przepis ten chroni publiczne zaufanie do dokumentów, do ich autentyczności i rzetelności. Jeżeli chodzi o pojęcie dokumentu to jego definicję ustawową zawiera <xLexLink xArt="art. 115;art. 115 § 14" xIsapId="WDU19970880553" xTitle="Ustawa z dnia 6 czerwca 1997 r. - Kodeks karny" xAddress="Dz. U. z 1997 r. Nr 88, poz. 553">art. 115 § 14 k.k.</xLexLink> W świetle tej definicji oczywistym jest, iż umowa – kupna sprzedaży samochodu osobowego marki <xAnon>F. (...)</xAnon><xAnon>nr rej. (...)</xAnon> stanowi dokument albowiem stanowi dowód prawa i okoliczności mającej znaczenie prawne – przeniesienie własności pojazdu.</xText>
          <xText>Przestępstwo stypizowane w <xLexLink xArt="art. 270;art. 270 § 1" xIsapId="WDU19970880553" xTitle="Ustawa z dnia 6 czerwca 1997 r. - Kodeks karny" xAddress="Dz. U. z 1997 r. Nr 88, poz. 553">art. 270 § 1 k.k.</xLexLink>, zwane inaczej fałszerstwem materialnym dokumentu, obejmuje trzy czynności sprawcze: podrobienie dokumenty, jego przerobienie albo używanie jako autentycznego dokumentu podrobionego lub przerobionego. Przez podrobienie należy rozumieć sporządzenie dokumenty, który ma imitować dokument autentyczny. Podrobienie może dotyczyć także nieistniejących części autentycznego dokumentu, np. dopisanie treści, której autentyczny dokument nie zawiera. Przerobienie dokumentu polega natomiast na bezprawnym dokonaniu przekształceń w autentycznym dokumencie, nadaniu mu innej treści niż pierwotnie posiadał. Przerobienie polegać może na dokonaniu skreśleń, wymazaniu, uczynieniu dopisków, wywabieniu.</xText>
          <xText>Przestępstwa z <xLexLink xArt="art. 270" xIsapId="WDU19970880553" xTitle="Ustawa z dnia 6 czerwca 1997 r. - Kodeks karny" xAddress="Dz. U. z 1997 r. Nr 88, poz. 553">art. 270 k.k.</xLexLink> mają charakter czynów umyślnych, kierunkowych. Co oznacza, iż mogą być popełnione tylko z zamiarem bezpośrednim.</xText>
          <xText>W świetle powyższego, zdaniem Sądu nie ulega wątpliwości, iż swoim zachowaniem <xAnon>K. B.</xAnon> wyczerpał ustawowe znamiona czynu zabronionego typizowanego w <xLexLink xArt="art. 270;art. 270 § 1" xIsapId="WDU19970880553" xTitle="Ustawa z dnia 6 czerwca 1997 r. - Kodeks karny" xAddress="Dz. U. z 1997 r. Nr 88, poz. 553">art. 270 § 1 k.k.</xLexLink> Podrobił bowiem umowę kupna – sprzedaży w ten sposób, iż podpisał się imieniem i nazwiskiem swojej córki <xAnon>P. B. (2)</xAnon> zd. <xAnon>B.</xAnon>. Przy czym wskazać należy, iż oskarżony, jako osoba dorosła, musiał mieć pełną świadomość tego, iż podpisując się na umowie imieniem i nazwiskiem innej osoby dopuszcza się jej podrobienia. W tym miejscu wskazać należy, iż fakt ewentualnej zgody na podpisanie się cudzym imieniem i nazwiskiem nie wyłącza bezprawności takiego zachowania.</xText>
          <xText>Tym samym oskarżony zrealizował ustawowe znamiona przestępstwa typizowanego w <xLexLink xArt="art. 270;art. 270 § 1" xIsapId="WDU19970880553" xTitle="Ustawa z dnia 6 czerwca 1997 r. - Kodeks karny" xAddress="Dz. U. z 1997 r. Nr 88, poz. 553">art. 270 § 1 k.k.</xLexLink></xText>
          <xText>Nadto, jak wynika z ustaleń faktycznych oskarżony <xAnon>K. B.</xAnon> czynu tego dopuścił się działając w warunkach powrotu do przestępstwa, będąc już skazany wyrokiem Sądu Rejonowego w <xAnon>S.</xAnon> z dnia 12 czerwca 2001 r., sygn. akt II K 62/01 za czyn z <xLexLink xArt="art. 270;art. 270 § 1" xIsapId="WDU19970880553" xTitle="Ustawa z dnia 6 czerwca 1997 r. - Kodeks karny" xAddress="Dz. U. z 1997 r. Nr 88, poz. 553">art. 270 § 1 k.k.</xLexLink> i <xLexLink xArt="art. 286;art. 286 § 1" xIsapId="WDU19970880553" xTitle="Ustawa z dnia 6 czerwca 1997 r. - Kodeks karny" xAddress="Dz. U. z 1997 r. Nr 88, poz. 553">art. 286 § 1 k.k.</xLexLink> w zw. z <xLexLink xArt="art. 11;art. 11 § 2" xIsapId="WDU19970880553" xTitle="Ustawa z dnia 6 czerwca 1997 r. - Kodeks karny" xAddress="Dz. U. z 1997 r. Nr 88, poz. 553">art. 11 § 2 k.k.</xLexLink> na karę 1 roku pozbawienia wolności oraz wyrokiem Sądu Rejonowego w <xAnon>S.</xAnon> z dnia 16 lipca 2003 r., sygn. akt II K 114/03 za czyn z <xLexLink xArt="art. 270;art. 270 § 1" xIsapId="WDU19970880553" xTitle="Ustawa z dnia 6 czerwca 1997 r. - Kodeks karny" xAddress="Dz. U. z 1997 r. Nr 88, poz. 553">art. 270 § 1 k.k.</xLexLink> i <xLexLink xArt="art. 286;art. 286 § 1" xIsapId="WDU19970880553" xTitle="Ustawa z dnia 6 czerwca 1997 r. - Kodeks karny" xAddress="Dz. U. z 1997 r. Nr 88, poz. 553">art. 286 § 1 k.k.</xLexLink> w zw. z <xLexLink xArt="art. 11;art. 11 § 2" xIsapId="WDU19970880553" xTitle="Ustawa z dnia 6 czerwca 1997 r. - Kodeks karny" xAddress="Dz. U. z 1997 r. Nr 88, poz. 553">art. 11 § 2 k.k</xLexLink> na karę 6 miesięcy pozbawienia wolności. Wyroki te objęte zostały wyrokiem łącznym Sądu Rejonowego w <xAnon>S.</xAnon> z dnia 21 kwietnia 2011 r., sygn. akt II K 7/11, na mocy którego orzeczono wobec <xAnon>K. B.</xAnon> karę łączną 1 roku i 6 miesięcy pozbawienia wolności, którą oskarżony odbył w okresie od 1 sierpnia 2007 r. do 23 czerwca 2008 r., od 25 listopada 2009 r. do 19 kwietnia 2010., i od 23 stycznia 2012 r. do 7 kwietnia 2012 r.</xText>
          <xText>Tym samym oskarżony wypełnił dyspozycję <xLexLink xArt="art. 64;art. 64 § 1" xIsapId="WDU19970880553" xTitle="Ustawa z dnia 6 czerwca 1997 r. - Kodeks karny" xAddress="Dz. U. z 1997 r. Nr 88, poz. 553">art. 64 § 1 k.k.</xLexLink> albowiem skazany za przestępstwo umyślne na karę pozbawienia wolności popełnił w ciągu 5 lat po odbyciu co najmniej 6 miesięcy kary umyślne przestępstwo podobne do przestępstwa, za które był już skazany.</xText>
          <xText>Uznając zatem oskarżonego za winnego popełnienia zarzucanego mu czynu Sąd, wymierzył mu karę 6 miesięcy pozbawienia wolności.</xText>
          <xText>Przy wymiarze kary Sąd miał na względzie wysoką społeczną szkodliwość przestępstwa popełnionego przez oskarżonego, które godzi w dokument i jego wiarygodność. Jako okoliczność obciążająca Sąd przyjął działanie w warunkach powrotu do przestępstwa. Podkreślić należy, iż <xAnon>K. B.</xAnon> był kilkanaście razy karany sądownie, w tym dwukrotnie za przestępstwa przeciwko wiarygodności dokumentów. Mimo pobytów w Zakładzie Karnym nie wyciągnął żadnych wniosków ze swojego dotychczasowego zachowania.</xText>
          <xText>Przy uwzględnieniu wszystkich tych okoliczności, w ocenie Sądu, orzeczona kara jest adekwatna do stopnia winy oskarżonego, a kara w wyższym wymiarze byłaby już - przy uwzględnieniu wszystkich okoliczności podmiotowych i przedmiotowych inkryminowanego czynu – karą zbyt surową o charakterze odwetowym.</xText>
          <xText>Wymierzona oskarżonemu kara odpowiada nie tylko stopniowi jego winy, ale realizuje też w stosunku do niego cele zapobiegawcze i wychowawcze. Zapobiegawczy sens wymierzonej kary pozbawienia wolności ma bowiem na celu odstraszenie sprawcy od ponownego wejścia na drogę przestępstwa, natomiast jej cel wychowawczy realizuje się poprzez kształtowanie postawy oskarżonego zarówno wobec własnego czynu, jak i przestępstwa w ogóle. Jednocześnie kara orzeczona wobec oskarżonego czyni zadość społecznemu poczuciu sprawiedliwości, a także spełnia swoje zadania w zakresie prewencji generalnej, polegające na kształtowaniu w społeczeństwie postawy poszanowania prawa.</xText>
          <xText>Przy wymiarze kary Sąd kierował się szczegółowymi dyrektywami wymiaru kary wskazanymi w <xLexLink xArt="art. 53" xIsapId="WDU19970880553" xTitle="Ustawa z dnia 6 czerwca 1997 r. - Kodeks karny" xAddress="Dz. U. z 1997 r. Nr 88, poz. 553">art. 53 kk</xLexLink>. Sąd analizował więc motywację sprawcy i uznał, że czyn oskarżonego cechowało natężeniem złej woli. <xAnon>K. B.</xAnon> nawet nie pomyślał aby zawieźć umowę swojej córce do podpisu. Uwadze Sądu nie uszedł fakt, iż czyn popełniony przez oskarżonego należy do przestępstw umyślnych.</xText>
          <xText>Sąd oceniał także postawę oskarżonego, jego warunki i właściwości osobiste oraz dotychczasowy sposób życia. W tej mierze Sąd uwzględnił stopień rozwoju psychospołecznego <xAnon>K. B.</xAnon>, jego warunki materialne, rodzinne i stan zdrowia.</xText>
          <xText>W tym miejscu podkreślić należy, iż brak było możliwości wymierzenia oskarżonemu kary pozbawienia wolności z dobrodziejstwem warunkowego zawieszenia jej wykonania. Sąd przeanalizował kwestię braku poprawy <xAnon>K. B.</xAnon> wobec wcześniejszego popełniania czynów zabronionych i orzekanych wobec niego kar. Z zachowania oskarżonego wywnioskować można, iż dotychczas orzekane kary, nie uświadomiły mu naganności postępowania, nie spowodowały zmiany zachowania, a tym samym kara nie spełniła postawionych jej celów resocjalizacyjnych. Podkreślić należy, iż wobec oskarżonego orzekano już kary pozbawienia wolności z dobrodziejstwem warunkowego zawieszenia ich wykonania, które następnie zostały zarządzone, kary grzywny oraz kary bezwzględne. Mimo pobytu w Zakładzie Karnym i odbyciu kar, oskarżony, jak można wywnioskować z jego zachowania, nie uświadomił sobie naganności własnego postępowania. Zdaniem Sądu ponowny powrót oskarżonego na drogę przestępstwa jest nieprzekraczalną przeszkodą do wysnucia pozytywnej prognozy kryminologicznej odnośnie postępowania <xAnon>K. B.</xAnon> w przyszłości. Jak wynika z karty karnej oskarżony w dniu 29 maja 2012 r. został warunkowo przedterminowo zwolniony z Zakładu Karnego, a już 19 listopada 2012 r., a zatem 6 miesięcy po opuszczeniu Zakładu Karnego, ponownie złamał praco. Z dotychczasowego swojego nagannego zachowania oskarżony nie wyciągnął żadnych wniosków i zdaniem Sądu, w swoim zachowaniu nie widzi nic złego. Jak sam wyjaśnił nawet nie pomyślał aby zawieźć umowę córce do podpisania i „nie wiedział, że to aż tak będzie”.</xText>
          <xText>Zdaniem Sądu powrót <xAnon>K. B.</xAnon> na drogę przestępstwa i to w warunkach recydywy jest nieprzekraczalną przeszkodą do wysnucia pozytywnej prognozy kryminologicznej odnośnie postępowania w przyszłości i przestrzegania porządku prawnego.</xText>
          <xText>Mając powyższe okoliczności na uwadze Sąd uznał, iż tylko kara bezwzględna pozbawienia wolności spełni wobec oskarżonego swoje cele. <xAnon>K. B.</xAnon> tylko w pełni odczuwając dolegliwość orzeczonej kary będzie się w przyszłości zastanawiał, zanim ponowienie wstąpi na drogę przestępstwa.</xText>
          <xText>Zgodnie z <xLexLink xArt="art. 29;art. 29 ust. 1" xIsapId="WDU19820160124" xTitle="Ustawa z dnia 26 maja 1982 r. - Prawo o adwokaturze" xAddress="Dz. U. z 1982 r. Nr 16, poz. 124">art. 29 ust. 1 ustawy z dnia 26 maja 1982 roku <xIx>Prawo o adwokaturze</xIx></xLexLink> w związku z § 14 i ust. 2 pkt 1 i § 16 Rozporządzenia Ministra Sprawiedliwości w sprawie opłat za czynności adwokackie oraz ponoszenia przez Skarb Państwa kosztów nieopłaconej pomocy prawnej udzielonej z urzędu Sąd zasadził od Skarbu Państwa na rzecz Kancelarii Adwokackiej adw. <xAnon>E. M.</xAnon> kwotę 516,60 złotych brutto tytułem nieopłaconej pomocy prawnej udzielonej oskarżonemu z urzędu.</xText>
          <xText>Uwzględniając aktualną sytuację materialną oskarżonego, pobyt w Zakładzie Karnym, na podstawie <xLexLink xArt="art. 624;art. 624 § 1" xIsapId="WDU19970890555" xTitle="Ustawa z dnia 6 czerwca 1997 r. - Kodeks postępowania karnego" xAddress="Dz. U. z 1997 r. Nr 89, poz. 555">art. 624 § 1kpk</xLexLink> i <xLexLink xArt="art. 17;art. 17 ust. 1" xIsapId="WDU19730270152" xTitle="Ustawa z dnia 23 czerwca 1973 r. o opłatach w sprawach karnych" xAddress="Dz. U. z 1973 r. Nr 27, poz. 152">art. 17 ust.1 <xIx>ustawy z dnia 23 czerwca 1973 roku o opłatach w sprawach karnych</xIx></xLexLink> Sąd zwolnił go od ponoszenia kosztów sądowych w całości, w tym odstąpił od opłaty.</xText>
          
          <xText>Zarządzenie:</xText>
          <xUnit xIsTitle="false" xType="none">
            <xName xSffx=".">1</xName>
            <xText>odnotować;</xText>
          </xUnit>
          <xUnit xIsTitle="false" xType="none">
            <xName xSffx=".">2</xName>
            <xText>odpis wyroku wraz z uzasadnieniem doręczyć obrońcy oskarżonego;</xText>
          </xUnit>
          <xUnit xIsTitle="false" xType="none">
            <xName xSffx=".">3</xName>
            <xText>kal. 14 dni.</xText>
          </xUnit>
          
          <xText>3.04.2014 r.</xText>
          <xText>SSR Izabela Nowak</xText>
        </xUnit>
      </xBlock>
    </xPart>
  </judgement>
<judgement id="151520000004018_X_U_003453_2013_Uz_2014-04-10_001">
    <xPart xEditorFullName="Magdalena Stachurska" xYear="2013" xLang="PL" xPublisherFullName="Magdalena Stachurska" xFromPg="1" xEditor="Magsta1" xVolType="15/152000/0004018/U" xPublisher="Magsta1" xDocType="Uz" xVolNmbr="003453" xVersion="1.0" xToPage="8" xFlag="published">
      <xName>Wyrok+Uzasadnienie</xName>
      <xBlock>
        <xText>
          <xBx>Sygn. akt: X U 3453/13</xBx>
        </xText>
        <xUnit xIsTitle="true" xBold="true" xType="part">
          <xName>WYROK</xName>
          <xTitle>W IMIENIU RZECZYPOSPOLITEJ POLSKIEJ</xTitle>
          <xText>
            <xBx>Dnia 20 marca 2014 roku</xBx>
          </xText>
          
          <xText>Sąd Okręgowy – Sąd Ubezpieczeń Społecznych w Katowicach</xText>
          <xText>X Wydział Ubezpieczeń Społecznych</xText>
          <xText>w składzie:</xText>
          <xRows>
            <xCOLGROUPx>
              <xCOLx xWIDTHx="189"/>
              <xCOLx xWIDTHx="419"/>
            </xCOLGROUPx>
            <xRow>
              <xClmn xALIGNx="left" xVALIGNx="top">
                <xText>Przewodniczący:</xText>
              </xClmn>
              <xClmn xALIGNx="left" xVALIGNx="top">
                <xText>
                  <xBx>SSO Beata Torbus</xBx>
                </xText>
              </xClmn>
            </xRow>
            <xRow>
              <xClmn xALIGNx="left" xVALIGNx="top">
                <xText>Protokolant:</xText>
              </xClmn>
              <xClmn xALIGNx="left" xVALIGNx="top">
                <xText>
                  <xBx> Małgorzata Sujka</xBx>
                </xText>
              </xClmn>
            </xRow>
          </xRows>
          
          <xText>po rozpoznaniu w dniu 13 marca 2014 roku w Katowicach</xText>
          <xText>sprawy <xBx><xAnon>H. K.</xAnon> (<xAnon>H. K.</xAnon> )</xBx></xText>
          <xText>przeciwko Zakładowi Ubezpieczeń Społecznych Oddział w <xAnon>C.</xAnon></xText>
          <xText>o prawo do emerytury pomostowej</xText>
          <xText>na skutek odwołania <xBx><xAnon>H. K.</xAnon></xBx></xText>
          <xText>od decyzji Zakładu Ubezpieczeń Społecznych Oddział w <xAnon>C.</xAnon></xText>
          <xText>z dnia 12 września 2013 roku Nr: <xAnon> (...)</xAnon></xText>
          
          <xText xALIGNx="center">
            <xBx>Oddala odwołanie.</xBx>
          </xText>
          
          <xText xALIGNx="center">
            <xBx>SSO Beata Torbus</xBx>
          </xText>
          <xText xALIGNx="center">
            <xBx>Przewodniczący</xBx>
          </xText>
          
          <xText>Sygn. akt X U 3453)13</xText>
        </xUnit>
        <xUnit xIsTitle="true" xBold="true" xType="part">
          <xName>UZASADNIENIE</xName>
          <xText>Ubezpieczony <xAnon>H. K.</xAnon> wniósł odwołanie od decyzji Zakładu Ubezpieczeń Społecznych Oddział w <xAnon>C.</xAnon> z dnia 12 września 2013r. o odmowie przyznania mu prawa do emerytury pomostowej. Ubezpieczony domagał się zaliczenia do pracy w warunkach szczególnych okresu pracy w <xAnon>T.</xAnon> (k. 3,9, e-protokół k. 57a.s.).</xText>
          
          <xText>Organ rentowy w odpowiedzi na odwołanie wniósł o jego oddalenie wskazując, iż ubezpieczony nie udowodnił 15 lat pracy w warunkach szczególnych. (k.4).</xText>
          
          <xText>
            <xBx>Sąd ustalił, co następuje :</xBx>
          </xText>
          
          <xText>Ubezpieczony <xAnon>H. K.</xAnon><xAnon>urodził się dnia (...)</xAnon></xText>
          
          <xText>W okresie od 1 września 1968r. do 15 października 1971r. był zatrudniony w <xAnon> Przedsiębiorstwie (...)</xAnon>, przy czym od 1 września 1968r. do 25 czerwca 1971r. jako uczeń <xAnon> (...)</xAnon>, od 26 czerwca 1971r. jako mechanik samochodowy i od 1 września 1971r. do 15 października 1971r. jako kierowca samochodowy.</xText>
          <xText>(świadectwo pracy w aktach kapitałowych, opinia, zaświadczenie o ukończeniu praktycznej nauki zawodu, świadectwo ukończenia zasadniczej szkoły zawodowej k.41-45 akt o świadczenie przedemerytalne).</xText>
          
          <xText>W kwestionariuszu z 26 października 1971r. ubezpieczony wskazał, że w <xAnon> (...)</xAnon> w <xAnon>K.</xAnon> pracował jako kierowca mechanik.</xText>
          <xText>Od 2 listopada 1971r. ubezpieczony został zatrudniony w <xAnon> Przedsiębiorstwie (...)</xAnon> w <xAnon>C.</xAnon> na stanowisku kierowcy samochodowego. W karcie obiegowej przy przyjęciu odnotowano zatrudnienie ubezpieczonego na stanowisku kierowcy z II kategorią. 8 listopada 1972r. wystąpił z wnioskiem o przeniesienie z samochodu ciężarowego na osobowy. Na wniosku uczyniono zapis, że prowadzi samochód osobowy <xAnon>F. (...)</xAnon>SM od 30 października 1972r.</xText>
          <xText>W okresie od 25 kwietnia 1973r. do 11 kwietnia 1975r. ubezpieczony odbywał zasadniczą służbę wojskową.</xText>
          <xText>Następnie ponownie pracował w <xAnon> Przedsiębiorstwie (...)</xAnon> w <xAnon>C.</xAnon> od 2maja 1975r. do 31 stycznia 1991r. jako kierowca samochodowy. Z umowy o pracę wynika, że 2 maja 1975r. podjął pracę jako kierowca z I kategorią prawa jazdy. Od 1 grudnia 1979r. ubezpieczony na swój wniosek został przeniesiony na stanowisko kierowcy samochodu osobowego.</xText>
          <xText>Od 1 lutego 1980r. do 31 grudnia 1980r. pracował jako mechanik samochodowy, a od 1 stycznia 1981r. do 31 stycznia 1991r. na stanowisku kierowcy samochodowego.</xText>
          <xText>Z angaży z dnia 31października 1980r., 10 marca 1988r.,4 lipca 1988r.,22 maja 1989r., 10 lutego 1989r. wynika, że ubezpieczony pracował na stanowisku kierowcy samochodu osobowego.</xText>
          <xText>(akta osobowe ubezpieczonego z <xAnon> (...)</xAnon>, świadectwo pracy w aktach kapitałowych, odpis książeczki wojskowej w aktach kapitałowych).</xText>
          <xText><xAnon> Przedsiębiorstwo (...)</xAnon> dysponowało autobusami, samochodami ciężarowymi, osobowymi, dostawczymi, ciężarowymi transportowymi, wywrotkami, cysternami i sanitarkami. Ubezpieczony jeździł cysterną, autobusem o liczbie miejsc około 50, samochodami osobowymi i dostawczymi. Cysterną przewoził paliwo i produkty płynne. Autobusem dowoził pracowników do pracy do kopalń. W czasie gdy świadczyli oni pracę, to wracał do bazy i naprawiał autobus lub wykonywał inne zlecenia.</xText>
          <xText>Ubezpieczony nie był przypisany do konkretnego auta. Nie było tak aby przez cały czas ubezpieczony jeździł jednym autem. W bazie transportowej pracowało wówczas około 500 kierowców, w tym m.in. <xAnon>M. K.</xAnon>. Na stanowisku kierowcy mechanika pracował tam <xAnon>E. C.</xAnon>.</xText>
          <xText>Świadcząc pracę jako mechanik ubezpieczony wymieniał opony w pojazdach.</xText>
          
          <xText>(zeznania świadków <xAnon>M. K.</xAnon>, <xAnon>E. C.</xAnon>, ubezpieczonego e-protokół k. 57 a.s.).</xText>
          
          <xText>W okresie od 1 lutego 1991r. do 9 lutego 1992r. ubezpieczony pracował w <xAnon> (...) Klubie Sportowym (...)</xAnon> w <xAnon>K.</xAnon> jako kierowca, palacz CO(świadectwo pracy w aktach kapitałowych, akta osobowe ubezpieczonego z <xAnon> (...)</xAnon> k. 29-46 a.s.).</xText>
          <xText>W czasie zatrudnienia w <xAnon> (...)</xAnon> ubezpieczony zimą pracował jako palacz i ochraniał obiekt, latem ochraniał obiekt. Poza sezonem grzewczym wykonywał też prace porządkowe. W kotłowni były trzy kotły. W ciągu dniówki roboczej praca przy piecu zajmowała mu około 4 godzin Ubezpieczony jeździł też z zawodnikami autobusem na zgrupowania. W czasie gdy zawodnicy trenowali, to ubezpieczony czekał w autobusie lub coś przy nim naprawiał (zeznania ubezpieczonego e-protokół k. 57a.s.).</xText>
          <xText>W okresie od 11 lutego 1992r. do 30 listopada 2002r. ubezpieczony był zatrudniony w <xAnon> (...) S.A.</xAnon><xAnon> KWK (...)</xAnon> w pełnym wymiarze czasu pracy, przy czym od 11 lutego 1992r. do 5 września 1994r. jako ślusarz na powierzchni, od 6 września 1994r. do 28 lutego 1995r. jako łazienny na powierzchni, od 1 marca 1995r. do 30 listopada 1999r. jako pracownik przy załadunku w transporcie na powierzchni, od 1 grudnia 1999r. do 30 listopada 2002r. jako zwrotniczy na powierzchni.</xText>
          <xText>Za okres zatrudnienia od 1 grudnia 1999r. do 30 listopada 2002r. na stanowisku zwrotniczego ubezpieczony uzyskał świadectwo pracy w warunkach szczególnych.</xText>
          <xText>(zaświadczenie pracy k. 2 akt kapitałowych, świadectwo wykonywania pracy w warunkach szczególnych w aktach kapitałowych i k. 17 akt o emeryturę, zeznania ubezpieczonego e-protokół k. 57 a.s.)</xText>
          <xText>Od 1 grudnia 2002r. do 30 listopada 2004r. ubezpieczony pracował w <xAnon> Zakładach Produkcyjno- (...)</xAnon> i <xAnon> (...)</xAnon> M. <xAnon> (...) sp. jawnej</xAnon> w <xAnon>D.</xAnon> jako zwrotniczy.</xText>
          <xText>Za okres zatrudnienia od 1 grudnia 2002r. do 30 listopada 2004r. ubezpieczony uzyskał świadectwo pracy w warunkach szczególnych. Ubezpieczony pobierał wynagrodzenie chorobowe z okres od 16 do 27 stycznia 2003r. i od 23 do 26 września 2003r.</xText>
          <xText>W dniu 22 września 2003r. był nieobecny w pracy i za ten okres nie otrzymał wynagrodzenia za czas choroby, nie korzystał z urlopu wypoczynkowego (świadectwo pracy k. 9,15 akt o świadczenie przedemerytalne, świadectwo wykonywania prac w szczególnych warunkach k. 19 akt o emeryturę, zał. do zaświadczenia o zatrudnieniu i wynagrodzeniu k. 23 akt o emeryturę, akta osobowe ubezpieczonego z <xAnon>K.</xAnon><xAnon> KWK (...)</xAnon>. <xAnon>D.</xAnon> sp. j.).</xText>
          
          <xText>W okresie od 1 grudnia 2004r. do 31 marca 2007r. ubezpieczony był zatrudniony w <xAnon> (...) S.A.</xAnon>, a od 1 kwietnia 2007r. do 31 sierpnia 2010r. <xAnon> (...)</xAnon><xAnon> KWK (...)</xAnon> w pełnym wymiarze czasu pracy jako płuczkarz na powierzchni.</xText>
          <xText>Za okres zatrudnienia od 1 grudnia 2004r. do 31 sierpnia 2010r. ubezpieczony uzyskał świadectwa wykonywania pracy w warunkach szczególnych(świadectwo pracy k. 19, świadectwo wykonywania pracy w warunkach szczególnych k. 25,27 akt o świadczenie przedemerytalne, k. 25-27 akt o emeryturę, zeznania ubezpieczonego e-protokół k. 57a.s.).</xText>
          
          <xText>Od 7 kwietnia 2011r. ubezpieczony pobiera świadczenie przedemerytalne.</xText>
          <xText>20 maja 2013r. ubezpieczony wystąpił z wnioskiem o emeryturę do organu rentowego. Prawomocną decyzją z dnia 19 czerwca 2013r. organ rentowy odmówił ubezpieczonemu prawa do emerytury z tytułu pracy w warunkach szczególnych w związku z nieudowodnieniem 15letniego pracy w warunkach szczególnych.</xText>
          
          <xText>23 sierpnia 2013r. ubezpieczony złożył wniosek o emeryturę pomostową. Na dzień złożenia wniosku ubezpieczony wykazał 44 lata 9 miesięcy i 19 dni okresów składkowych i nieskładkowych.</xText>
          <xText>Organ rentowy zaliczył ubezpieczonemu do pracy w warunkach szczególnych okres od 1 grudnia 1999r. do 30 listopada 2002r., od 1 grudnia 2002r. do 3 września 2003r. i od 5 września 2003r. do 31 sierpnia 2010r. (z wyłączeniem okresów nieskładkowych od 6 do 13 kwietnia 2000r., od 11 do 17 lipca 2000r., od 21 czerwca 2001r. do 9 lipca 2001r., od 9 sierpnia 2001r. do 24 sierpnia 2001r., od 25 kwietnia 2002r. do 2 maja 2002r., od 6 do 14 maja 2002r., od 16 do 27 stycznia 2003r., od 22 do 26 września 2006r., od 23 do 29 listopada 2005r., od 23 listopada 2006r. do 31 stycznia 2007r., od 12 do 16 lutego 2007r., od 25 września 2007r. do 5 października 2007r., od 10 do 22 stycznia 2008r., od 5 do 9 maja 2008r., od 15 do 30 września 2008r., od 10 do 24 grudnia 2008r., 16 stycznia 2009r., od 20 do 31 lipca 2009r., od 19 do 25 sierpnia 2009r., od 2 do 16 listopada 2009r., od 14 do 23 grudnia 2009r., od 15 do 19 marca 2010r., od 6 do 15 kwietnia 2010r.) tj. w wymiarze 7 lat 4 dni.</xText>
          <xText>( wniosek w aktach o emeryturę pomostową, karta przebiegu zatrudnienia k. 69 w aktach o emeryturę pomostową, zaskarżona decyzja k. 71 akt o emeryturę pomostową).</xText>
          
          <xText>Ubezpieczony uzyskał uprawnienia do kierowania pojazdami kat. B i C</xText>
          <xText>17 sierpnia 1971r., D i BE oraz CE i DE 14 października 1974r.(e-protokół k. 57).</xText>
          
          <xText>
            <xBx>Sąd zważył, co następuje:</xBx>
          </xText>
          
          <xText>Odwołanie nie zasługuje na uwzględnienie.</xText>
          <xText>Zgodnie z treścią <xLexLink xArt="art. 4" xIsapId="WDU20082371656" xTitle="Ustawa z dnia 19 grudnia 2008 r. o emeryturach pomostowych" xAddress="Dz. U. z 2008 r. Nr 237, poz. 1656">art. 4 ustawy z dnia 19 grudnia 2008r. o emeryturach pomostowych</xLexLink> (Dz. U. 237, poz. 1656) prawo do emerytury pomostowej przysługuje pracownikowi, który spełnia łącznie następujące warunki:</xText>
          <xText>1)urodził się po dniu 31 grudnia 1948r.;</xText>
          <xText>2)ma okres pracy w szczególnych warunkach lub o szczególnym charakterze wynoszący co najmniej 15 lat;</xText>
          <xText>3)osiągnął wiek wynoszący co najmniej 55 lat dla kobiet i co najmniej 60 lat dla mężczyzn;</xText>
          <xText>4)ma okres składkowy i nieskładkowy, ustalony na zasadach określonych w art. 5-9 i art. 11 ustawy o emeryturach i rentach z FUS, wynoszący co najmniej 20 lat dla kobiet i co najmniej 25 lat dla mężczyzn;</xText>
          <xText>5)przed dniem 1 stycznia 1999r. wykonywał prace w szczególnych warunkach lub prace w szczególnym charakterze, w rozumieniu art. 3 ust. 1 i 3 ustawy lub art. 32 i art. 33 ustawy o emeryturach i rentach z FUS;</xText>
          <xText>6)po dniu 31 grudnia 2008r. wykonywał pracę w szczególnych warunkach lub o szczególnym charakterze, w rozumieniu art. 3 ust. 1 i 3;</xText>
          <xText>7)nastąpiło z nim rozwiązanie stosunku pracy.</xText>
          
          <xText><xLexLink xArt="" xIsapId="WDU20082371656" xTitle="Ustawa z dnia 19 grudnia 2008 r. o emeryturach pomostowych" xAddress="Dz. U. z 2008 r. Nr 237, poz. 1656">Ustawa o emeryturach pomostowych</xLexLink> uznaje za pracowników wykonujących pracę w pełnym wymiarze czasu pracy po dniu wejścia jej w życie tj. od 1 stycznia 2009r.</xText>
          <xText>- w szczególnych warunkach,o których mowa w ust. 1(art. 3 ust.4),</xText>
          <xText>- o szczególnym charakterze, w ust. 3(art. 3 ust. 5),</xText>
          <xText>- w szczególnych warunkach lub o szczególnym charakterze również osoby wykonujące przed dniem wejścia w życie ustawy prace w szczególnych warunkach lub w szczególnym charakterze, w rozumieniu art. 3 ust. 1 i 3 ustawy lub art. 32 i art. 33 ustawy o emeryturach i rentach z FUS(art. 3 ust.7).</xText>
          <xText>Z mocy <xLexLink xArt="art. 3;art. 3 ust. 1" xIsapId="WDU20082371656" xTitle="Ustawa z dnia 19 grudnia 2008 r. o emeryturach pomostowych" xAddress="Dz. U. z 2008 r. Nr 237, poz. 1656">art. 3 ust. 1 ustawy o emeryturach pomostowych</xLexLink>, prace w szczególnych warunkach to prace związane z czynnikami ryzyka, które z wiekiem mogą z dużym prawdopodobieństwem spowodować trwałe uszkodzenie zdrowia, wykonywane w szczególnych warunkach środowiska pracy, determinowanych siłami natury lub procesami technologicznymi, które mimo zastosowania środków profilaktyki technicznej, organizacyjnej i medycznej stawiają przed pracownikami wymagania przekraczające poziom ich możliwości, ograniczony w wyniku procesu starzenia się jeszcze przed osiągnięciem wieku emerytalnego, w stopniu utrudniającym ich pracę na dotychczasowym stanowisku; wykaz prac w szczególnych warunkach określa załącznik nr 1 do ustawy.</xText>
          <xText>Na podstawie <xLexLink xArt="art. 3;art. 3 ust. 3" xIsapId="WDU20082371656" xTitle="Ustawa z dnia 19 grudnia 2008 r. o emeryturach pomostowych" xAddress="Dz. U. z 2008 r. Nr 237, poz. 1656">art. 3 ust. 3 ustawy o emeryturach pomostowych</xLexLink>, prace o szczególnym charakterze to prace wymagające szczególnej odpowiedzialności oraz szczególnej sprawności psychofizycznej, których możliwość należytego wykonywania w sposób niezagrażający bezpieczeństwu publicznemu, w tym zdrowiu lub życiu innych osób, zmniejsza się przed osiągnięciem wieku emerytalnego na skutek pogorszenia sprawności psychofizycznej, związanego z procesem starzenia się; wykaz prac o szczególnym charakterze określa załącznik nr 2 do ustawy.</xText>
          
          <xText>Ubezpieczony po 31 grudnia 2008r. ubezpieczony wykonywał jako pracownik pracę w szczególnych warunkach w rozumieniu <xLexLink xArt="art. 3;art. 3 ust. 1" xIsapId="WDU20082371656" xTitle="Ustawa z dnia 19 grudnia 2008 r. o emeryturach pomostowych" xAddress="Dz. U. z 2008 r. Nr 237, poz. 1656">art. 3 ust. 1 ustawy o emeryturach pomostowych</xLexLink> tzn. wymienioną w załączniku nr 1, świadcząc pracę w <xAnon>K.</xAnon><xAnon>M.</xAnon><xAnon>S.</xAnon> na stanowisku płuczkarza do 31 sierpnia 2010r. Także w okresie od 1 grudnia 1999r. do 3 września 2003r. i od 5 września 2003r. do 31 grudnia 2008r. ubezpieczony wykonywał pracę w warunkach szczególnych w <xAnon>K.</xAnon><xAnon>K.</xAnon><xAnon>K.</xAnon>, i <xAnon> (...)</xAnon><xAnon>T.</xAnon><xAnon>M. D.</xAnon> sp. j. jako zwrotniczy i <xAnon> (...)</xAnon> Węglu jako płuczkarz w rozumieniu <xLexLink xArt="art. 3;art. 3 ust. 7" xIsapId="WDU20082371656" xTitle="Ustawa z dnia 19 grudnia 2008 r. o emeryturach pomostowych" xAddress="Dz. U. z 2008 r. Nr 237, poz. 1656">art. 3 ust. 7 ustawy o emeryturach pomostowych</xLexLink>. Organ rentowy zaliczył ten okres zatrudnienia ubezpieczonego do pracy w warunkach szczególnych. Ten okres zatrudnienia to 10 lat 8 miesięcy i 29 dni. Organ rentowy zasadnie odliczył ubezpieczonemu od tego okresu okresy nieskładkowe, przy czym nieprawidłowo je ustalił, wskazując, że ubezpieczony posiadał okres nieskładkowy od 22 września 2003r. do 26 września 2006r., podczas gdy było to od 22 do 26 września 2003r. Okres zaliczony przez organ rentowy do pracy w warunkach szczególnych to 7 lat i 4 dni, podczas gdy prawidłowo powinno być 9 lat 11 miesięcy i 15 dni. Okresy nieskładkowe ubezpieczonego wynosiły bowiem w tym czasie 9 miesięcy i 14 dni. Powyższa okoliczność nie zmienia jednak sytuacji ubezpieczonego.</xText>
          <xText>Z mocy bowiem art. 32 ust. 2 z dnia 17 grudnia 1998r. o emeryturach i rentach z Funduszu Ubezpieczeń Społecznych (tj. Dz.U. z 2013r., poz. 1440), zwanej dalej ustawą emerytalną, za pracowników zatrudnionych w szczególnych warunkach uważa się pracowników zatrudnionych przy pracach o znacznej szkodliwości dla zdrowia oraz o znacznym stopniu uciążliwości lub wymagających wysokiej sprawności psychofizycznej ze względu na bezpieczeństwo własne lub otoczenia.</xText>
          <xText>Na podstawie art. 32 ust. 4 tej ustawy rodzaje prac lub stanowisk oraz warunki, na podstawie których osobom zatrudnionym w szczególnych warunkach przysługuje prawo do emerytury ustala się na podstawie przepisów dotychczasowych. Do przepisów tych należy zaliczyć <xLexLink xArt="" xIsapId="WDU19830080043" xTitle="Rozporządzenie Rady Ministrów z dnia 7 lutego 1983 r. w sprawie wieku emerytalnego oraz wzrostu emerytur i rent inwalidzkich dla pracowników zatrudnionych w szczególnych warunkach lub w szczególnym charakterze" xAddress="Dz. U. z 1983 r. Nr 8, poz. 43">rozporządzenie Rady Ministrów z dnia 7 lutego 1983r. w sprawie wieku emerytalnego pracowników zatrudnionych w szczególnych warunkach lub w szczególnym charakterze</xLexLink> (Dz. U. nr 8, poz. 43 z późn. zm.) zawierające wykaz prac wykonywanych w warunkach szczególnych, na których w myśl § 2 ust. 1 rozporządzenia praca wykonywana stale i w pełnym wymiarze czasu pracy obowiązującym na danym stanowisku pracy uzasadnia nabycie prawa do świadczeń. W Dziale VIII wykazu A stanowiącego załącznik do powołanego rozporządzenia w punkcie 2 wymieniono prace kierowców samochodów ciężarowych o dopuszczalnym ciężarze całkowitym powyżej 3,5 tony i autobusów o liczbie miejsc powyżej 15 jako wykonywane w warunkach szczególnych.</xText>
          <xText>Jak wynika z przeprowadzonego postępowania dowodowego w okresie zatrudnienia w <xAnon> (...)</xAnon> od 2 listopada 1971r. do 31 stycznia 1991r. pracował na stanowisku kierowcy samochodowego, mechanika samochodowego, zaś w okresie od 25 kwietnia 1973r. do 11 kwietnia 1975r. odbywał zasadniczą służbę wojskową. Akta osobowe ubezpieczonego wskazują, że niewątpliwie w okresie od 30 października 1972r. do czasu powołania do odbycia zasadniczej służby wojskowej pracował jako kierowca samochodu osobowego. Na takim samym stanowisku świadczył też pracę od 1 grudnia 1979r. do 31 stycznia 1980r. i od 1 grudnia 1980r. do końca okresu zatrudnienia tj. do 31 stycznia 1991r.W okresie zaś od 1 lutego 1980r. do 30 listopada 1980r. pracował na stanowisku mechanika samochodowego. Wynika to z angaży ubezpieczonego i jego wniosków o przeniesienie na stanowisko kierowcy pojazdu osobowego i mechanika samochodowego. Brak było zatem podstaw do zaliczenia tych okresów pracy ubezpieczonego do pracy w warunkach szczególnych w rozumieniu przepisów rozporządzenia Rady Ministrów z 7 lutego 1983r. powołanego wyżej.</xText>
          <xText>Jeśli chodzi o pozostałe okresy zatrudnienia w <xAnon> przedsiębiorstwie (...)</xAnon> tj. od 2 listopada 1971r do 29 października 1972r. i od 2 maja 1975r. do 30 listopada 1979r., to wskazać należy, że z karty obiegowej przyjęcia do pracy wynika, że ubezpieczony został zatrudniony na stanowisku kierowcy z II kategorią prawa jazdy. Brak było podstaw do uznania, że w tym czasie stale i w pełnym wymiarze czasu pracy pracował jako kierowca samochodu ciężarowego powyżej 3,5 tony, bądź kierowca autobusu o liczbie miejsc powyżej 15.</xText>
          <xText>Odnosząc się do okresu od 2 maja 1975r. do 30 listopada 1979r. Sąd uznał, że także tego okresu nie można zaliczyć ubezpieczonemu do pracy w warunkach szczególnych. Z umowy z 2 maja 1979r. wynika wprawdzie, że ubezpieczony został zatrudniony jako kierowca I kategorii zatrudnienia. Świadkowie zatrudnieni w <xAnon>T.</xAnon><xAnon>M. K.</xAnon> jako kierowca mechanik i <xAnon>E. C.</xAnon> podawali, że ubezpieczony kierował wszystkimi rodzajami pojazdów ciężarowymi, cysternami, autobusami, dostawczymi i osobowymi. Nie byli w stanie wskazać w jakim okresie czasu ubezpieczony kierował poszczególnymi rodzajami pojazdów. Zeznali, że ubezpieczony nie był przypisany do konkretnego auta. Podobnie świadek <xAnon>M. K.</xAnon>, który jaki kierowca prowadził zarówno samochody ciężarowe, dostawcze i autobusy. Ponadto dowożąc pracowników do pracy autobusem, w czasie gdy świadczyli oni pracę, ubezpieczony wracał do bazy i naprawiał pojazd lub wykonywał inne zlecenia. Nie stale więc prowadził autobus.</xText>
          <xText>Dla stwierdzenia zaś szczególnego charakteru zatrudnienia niezbędne jest udowodnienie, że praca wykonywana była stale i w pełnym wymiarze czasu pracy obowiązującym na danym stanowisku pracy(por. wyrok Sądu Najwyższego z dnia z dnia 6 czerwca 2013r.,II UK 358/12,Lex 1331294).</xText>
          <xText>Sąd nie dał wiary zeznaniom świadka <xAnon>A. P.</xAnon>. Świadek ten bowiem nie był zatrudniony w <xAnon>T.</xAnon>, tylko w <xAnon> (...)</xAnon>, wskazał, że ubezpieczony stale i w pełnym wymiarze czasu pracy pracował jako kierowca samochodu ciężarowego powyżej 3,5 tony wożąc węgiel lub kamienia z Kopalń. Zeznania tego świadka pozostają w sprzeczności z dokumentacją zawartą w aktach osobowych ubezpieczonego, z których wynika, że od 1 grudnia 1979r. ubezpieczony pracował jako kierowca samochodu osobowego, następnie jako mechanik i później znów jako kierowca samochodu osobowego. <xAnon>S.</xAnon> ten jest szwagrem ubezpieczonego, a zatem jest zainteresowany korzystnym dla ubezpieczonego rozstrzygnięciem sprawy.</xText>
          
          <xText>Ubezpieczony nie wykazał, że jeszcze w innym okresie czasu faktycznie stale i w pełnym wymiarze czasu pracy wykonywał prace w warunkach szczególnych. Tymczasem jak wynika z wyroku Sądu Najwyższego z dnia 8 stycznia 2008r. (I UK 193/07; OSNP z 2009r., z. 1-2, poz. 52) w postępowaniu z zakresu ubezpieczeń społecznych obowiązuje zasada kontradyktoryjności i związany z nią ciężar udowodnienia przez ubezpieczonego podnoszonych przez niego twierdzeń.</xText>
          <xText>Odnosząc się do okresu zatrudnienia w ramach nauki zawodu stwierdzić należy, że okres ten nie był pracą w szczególnych warunkach w rozumieniu cytowanych wyżej przepisów <xLexLink xArt="" xIsapId="WDU19830080043" xTitle="Rozporządzenie Rady Ministrów z dnia 7 lutego 1983 r. w sprawie wieku emerytalnego oraz wzrostu emerytur i rent inwalidzkich dla pracowników zatrudnionych w szczególnych warunkach lub w szczególnym charakterze" xAddress="Dz. U. z 1983 r. Nr 8, poz. 43">rozporządzenia Rady Ministrów z dnia 7 lutego 1983 r.</xLexLink> Sąd podziela w pełni wyrażony w omawianej materii pogląd Sądu Najwyższego, że okres nauki zawodu odbywanej przed dniem 1 stycznia 1975 r. w ramach umowy zawartej na podstawie przepisów <xLexLink xArt="" xIsapId="WDU19580450226" xTitle="Ustawa z dnia 2 lipca 1958 r. o nauce zawodu, przyuczaniu do określonej pracy i warunkach zatrudniania młodocianych w zakładach pracy oraz o wstępnym stażu pracy" xAddress="Dz. U. z 1958 r. Nr 45, poz. 226">ustawy z dnia 2 lipca 1958 r. o nauce zawodu, przyuczaniu do określonej pracy i warunkach zatrudniania młodocianych w zakładach pracy oraz o wstępnym stażu pracy</xLexLink> (Dz. U. Nr 45, poz. 226) był w rozumieniu prawa ubezpieczeń społecznych okresem zatrudnienia w ramach stosunku pracy. Nie jest to jednak wystarczające do uznania tych okresów za okresy wykonywania pracy w szczególnych warunkach w myśl <xLexLink xArt="§ 2;§ 2 ust. 1" xIsapId="WDU19830080043" xTitle="Rozporządzenie Rady Ministrów z dnia 7 lutego 1983 r. w sprawie wieku emerytalnego oraz wzrostu emerytur i rent inwalidzkich dla pracowników zatrudnionych w szczególnych warunkach lub w szczególnym charakterze" xAddress="Dz. U. z 1983 r. Nr 8, poz. 43">§ 2 ust. 1 rozporządzenia Rady Ministrów z dnia 7 lutego 1983 r. w sprawie wieku emerytalnego pracowników zatrudnionych w szczególnych warunkach lub w szczególnym charakterze</xLexLink> (Dz. U. Nr 8, poz. 43 z późn. zm.) (wyrok z dnia 22 sierpnia 2012 r., I UK 130)12 -LEX nr 1265553).</xText>
          
          <xText>Co się tyczy jego zatrudnienia <xAnon> Przedsiębiorstwie (...)</xAnon> w <xAnon>K.</xAnon> od 1 września 1971r. do 15 października 1971r., to w tym czasie jak wynika ze świadectwa pracy, ubezpieczony pracował do 31 sierpnia 1971r. jako mechanik samochodowy, a od 1 września do 15 października 1971r. jako kierowca samochodowy. Brak dowodów aby ubezpieczony w okresie od 1 września 1971r. do 15 października 1971r. stale i w pełnym wymiarze czasu pracy świadczył pracę jako kierowca samochodu ciężarowego powyżej 3,5 tony. W kwestionariuszu osobowym złożonym w <xAnon>T.</xAnon> przed podjęciem zatrudnienia wskazał natomiast, że w <xAnon> (...)</xAnon> pracował jako kierowca mechanik.</xText>
          <xText>Jeśli chodzi o okres zatrudnienia w <xAnon> (...)</xAnon>, to również ubezpieczony nie wykazał aby stale i w pełnym wymiarze czasu pracy świadczył pracę jako kierowca autobusu. Ze świadectwa pracy wynika, że pracował tam jako kierowca I kategorii zatrudnienia i palacz co. Zeznania samego ubezpieczonego wskazują jednak, że w okresie zimowym przez 4 godziny w ciągu dniówki roboczej pracował jako palacz co, a w pozostałym czasie ochraniał obiekt i wykonywał prace porządkowe. Przewoził też zawodników na zgrupowania autobusem, przy czym nie czynił tego stale i w pełnym wymiarze czasu pracy.</xText>
          <xText>Brak było też podstaw do zaliczenia do pracy w warunkach szczególnych okresu zatrudnienia ubezpieczonego od 11 lutego 1992r. do 30 listopada 1999r. w <xAnon>K.</xAnon><xAnon> KWK (...)</xAnon>, gdyż ubezpieczony w tym czasie pracował jako palacz c.o., łazienny, pracownik przy załadunku w transporcie na powierzchni. Praca tego rodzaju nie jest bowiem kwalifikowana do pracy w warunkach szczególnych, zważywszy, że ubezpieczony nie udowodnił, aby jako palacz c.o. stale i w pełnym wymiarze czasu pracy wykonywał prace niezautomatyzowane palaczy i rusztowych kotłów parowych lub wodnych typu przemysłowego, o których mowa pod poz. 1 działu XIV wykazu A załącznika do rozporządzenia z 7 lutego 1983r. Szczególnego okresu zatrudnienia w tym czasie nie potwierdził także pracodawca ubezpieczonego.</xText>
          
          <xText>Nie bez znaczenia jest też okoliczność, że decyzją z dnia 19 czerwca 2013r. organ rentowy odmówił ubezpieczonemu prawa do emerytury z tytułu pracy w warunkach szczególnych. Od tej decyzji ubezpieczony nie składał odwołania. Zgodził się więc ze stanowiskiem organu rentowego, że na dzień 1 stycznia 1999r. nie wykazał 15-letniego okresu pracy w warunkach szczególnych wykonywanej stale i w pełnym wymiarze czasu pracy.</xText>
          <xText>Reasumując Sąd uznał, że ubezpieczony spełnia warunki określone w wymienionym na wstępie <xLexLink xArt="art. 4;art. 4 pkt. 1;art. 4 pkt. 3;art. 4 pkt. 4;art. 4 pkt. 6;art. 4 pkt. 7" xIsapId="WDU20082371656" xTitle="Ustawa z dnia 19 grudnia 2008 r. o emeryturach pomostowych" xAddress="Dz. U. z 2008 r. Nr 237, poz. 1656">art. 4 pkt 1, 3, 4, 6 i 7 ustawy o emeryturach pomostowych</xLexLink>. Urodził się po 31 grudnia 1948r., osiągnął 60 lat, ma ponad 25-letni okres składkowy i nieskładkowy, po dniu 31 grudnia 2008r. wykonywał pracę w warunkach szczególnych i nie pozostaje w stosunku pracy. Nie ma jednak okresu pracy w szczególnych warunkach lub o szczególnym charakterze wynoszącego co najmniej 15 lat.Wykonywał bowiem pracę w szczególnych warunkach w rozumieniu <xLexLink xArt="art. 3;art. 3 ust. 1;art. 3 ust. 7" xIsapId="WDU20082371656" xTitle="Ustawa z dnia 19 grudnia 2008 r. o emeryturach pomostowych" xAddress="Dz. U. z 2008 r. Nr 237, poz. 1656">art. 3 ust.1 i 7 ustawy o emeryturach pomostowych</xLexLink> w wymiarze 9 lat 11 miesięcy i 15 dni. Ubezpieczony nie spełnił zatem warunków do przyznania mu emerytury pomostowej.</xText>
          
          <xText>Mając powyższe na względzie na mocy powołanych przepisów i <xLexLink xArt="art. 477(14);art. 477(14) § 1" xIsapId="WDU19640430296" xTitle="Ustawa z dnia 17 listopada 1964 r. - Kodeks postępowania cywilnego" xAddress="Dz. U. z 1964 r. Nr 43, poz. 296">art.477<xSUPx>14</xSUPx> § 1 k.p.c.</xLexLink> orzeczono jak w sentencji wyroku.</xText>
          <xText>SSO Beata Torbus</xText>
        </xUnit>
      </xBlock>
    </xPart>
  </judgement>
<judgement id="151500000002503_V_ACa_000807_2013_Uz_2014-03-20_001">
    <xPart xEditorFullName="Agnieszka Jasińska-Łuszczkiewicz" xYear="2013" xLang="PL" xPublisherFullName="Marta Zdrodowska" xFromPg="1" xEditor="ajasinska" xVolType="15/150000/0002503/ACa" xPublisher="mzdrodowska" xDocType="Uz" xVolNmbr="000807" xVersion="1.0" xToPage="9" xFlag="published">
      <xName>Wyrok+Uzasadnienie</xName>
      <xBlock>
        <xText>Sygn. akt V ACa 807/13</xText>
        
        <xUnit xIsTitle="true" xBold="true" xType="part">
          <xName>WYROK</xName>
          <xTitle>W IMIENIU RZECZYPOSPOLITEJ POLSKIEJ</xTitle>
          <xText xALIGNx="right">      Dnia 20 marca 2014 r.</xText>
          
          <xText>Sąd Apelacyjny w Katowicach V Wydział Cywilny</xText>
          <xText>w składzie:</xText>
          <xRows>
            <xCOLGROUPx>
              <xCOLx xWIDTHx="214"/>
              <xCOLx xWIDTHx="498"/>
            </xCOLGROUPx>
            <xRow>
              <xClmn xALIGNx="left" xVALIGNx="top">
                <xText xALIGNx="right">Przewodniczący :</xText>
              </xClmn>
              <xClmn xALIGNx="left" xVALIGNx="top">
                <xText>SSA Tomasz Pidzik</xText>
              </xClmn>
            </xRow>
            <xRow>
              <xClmn xALIGNx="left" xVALIGNx="top">
                <xText xALIGNx="right">Sędziowie :</xText>
              </xClmn>
              <xClmn xALIGNx="left" xVALIGNx="top">
                <xText>SA Zofia Kołaczyk</xText>
                <xText>SA Urszula Bożałkińska (spr.)</xText>
              </xClmn>
            </xRow>
            <xRow>
              <xClmn xALIGNx="left" xVALIGNx="top">
                <xText xALIGNx="right">Protokolant :</xText>
              </xClmn>
              <xClmn xALIGNx="left" xVALIGNx="top">
                <xText>Barbara Knop</xText>
              </xClmn>
            </xRow>
          </xRows>
          <xText>po rozpoznaniu w dniu 20 marca 2014 r. w Katowicach</xText>
          <xText>na rozprawie</xText>
          <xText>sprawy z powództwa <xAnon>B. T.</xAnon> i <xAnon>R.</xAnon><xAnon>T.</xAnon></xText>
          <xText>przeciwko <xAnon>(...)</xAnon> w <xAnon>R.</xAnon></xText>
          <xText>o uchylenie uchwały Wspólnoty Mieszkaniowej</xText>
          <xText>na skutek apelacji pozwanej</xText>
          <xText>od wyroku Sądu Okręgowego w Gliwicach</xText>
          <xText>z dnia 20 marca 2013 r., sygn. akt II C 246/12</xText>
          
          <xUnit xIsTitle="false" xType="none">
            <xName xSffx=".">1</xName>
            <xText>zmienia zaskarżony wyrok w ten sposób, że powództwo oddala;</xText>
          </xUnit>
          <xUnit xIsTitle="false" xType="none">
            <xName xSffx=".">2</xName>
            <xText>zasądza od powodów na rzecz pozwanej kwotę 240 (dwieście czterdzieści) złotych tytułem kosztów postępowania apelacyjnego.</xText>
          </xUnit>
          
          <xText>Sygn. akt VACa 807/13</xText>
        </xUnit>
        <xUnit xIsTitle="true" xBold="true" xType="part">
          <xName>UZASADNIENIE</xName>
          <xText>Uchylając uchwałę <xAnon>(...)</xAnon>w <xAnon>R.</xAnon> numer <xAnon>(...)</xAnon> z dnia 2 sierpnia 2012 roku <xBx>
    
    
    
    Sąd Okręgowy ustalił następujący stan faktyczny: </xBx></xText>
          <xText>Bezspornym jest, że właściciel <xAnon>lokali oznaczonych numerami (...)</xAnon> w budynku położonym w <xAnon>R.</xAnon> przy <xAnon>(...)</xAnon> – <xAnon>(...)</xAnon> spółka z o.o. z siedzibą w <xAnon>O.</xAnon> pismem z dnia 24 lipca 2012 roku , powołując się na treść <xLexLink xArt="art. 31;art. 31 pkt. b" xIsapId="WDU19940850388" xTitle="Ustawa z dnia 24 czerwca 1994 r. o własności lokali" xAddress="Dz. U. z 1994 r. Nr 85, poz. 388">art. 31 punkt b) ustawy z dnia 24 czerwca 1994 roku o własności lokali</xLexLink> zawiadomił właścicieli pozostałych lokali budynku o zebraniu właścicieli lokali, przedmiotem którego miało być głosowanie nad projektem uchwały w sprawie wyboru i powołania Zarządu <xAnon>(...)</xAnon>, dołączając do zawiadomienia projekt uchwały. Na zebraniu tym, pod nieobecność właścicieli lokali mieszkalnych, podjęto skarżoną Uchwałę, mocą której powołany został jednoosobowy Zarząd Wspólnoty ,a wybrana nim została <xAnon>M. K.</xAnon>. Uchwałą udzielono <xAnon>M. K.</xAnon> wyłącznego pełnomocnictwa do reprezentowania Wspólnoty, w tym wyłącznego pełnomocnictwa/upoważnienia do dysponowania rachunkami bankowymi Wspólnoty odwołując i cofając wszelkie dotychczas udzielone w tym zakresie pełnomocnictwa, zobowiązano Zarząd do wypowiedzenia i rozwiązania umowy o zarządzanie nieruchomością zawartej z Przedsiębiorstwem <xAnon>M. K. (1)</xAnon>, którego z dniem podjęcia Uchwały zwolniono z zarządzania nieruchomością, cofając udzielone mu wcześniej pełnomocnictwa, ale też zakazano podejmowania jakichkolwiek czynności z tym związanych, w szczególności czynności związanych z dysponowaniem rachunkami bankowymi Wspólnoty.</xText>
          <xText>Nie jest też sporne, że <xAnon>(...)</xAnon>w <xAnon>R.</xAnon> posiada dwa wyodrębnione lokale mieszkalne, których właścicielami są: <xAnon>R.</xAnon><xAnon>T.</xAnon>i jej mąż <xAnon>B. T.</xAnon> z mocy umowy ustanowienia odrębnej własności lokalu oraz sprzedaży lokalu i udziału w prawie własności gruntu z dnia 28 stycznia 210 roku, <xBRx/>(drugiego) <xAnon>S.</xAnon> i <xAnon>M.</xAnon> małżonkowie <xAnon>N.</xAnon> (analogiczna umowa z dnia 8 grudnia 2009 roku) oraz lokale użytkowe których właścicielem jest <xAnon> (...) Spółka z o.o.</xAnon> z siedzibą w <xAnon>O.</xAnon> (umową z dnia 20 października 2010 roku).</xText>
          <xText>Lokale użytkowe oznaczone są numerami <xAnon>(...)</xAnon> i<xAnon>(...)</xAnon>, co stanowi o łącznej liczbie lokali – dziewięć i wynika wprost z Uchwały przedstawionej przy pozwie.</xText>
          <xText><xAnon>R.</xAnon><xAnon>T.</xAnon> i jej mąż posiadają lokal, stanowiący o ich udziale we Wspólnocie w wysokości 4,1%, <xAnon>S. N.</xAnon> i <xAnon>M. N.</xAnon>– 2,9 % udziałów we Wspólnocie. 7 pozostałych lokali, w tym niewyodrębnionych, zajmowanych jest przez <xAnon> Spółkę (...)</xAnon> z przeznaczeniem na cele użytkowe , daje jej udział we Wspólnocie w wysokości 93%, co stanowi niewątpliwie o jej dominacji w każdej czynności podejmowanej przez członków Wspólnoty, przy której głosy liczy się odpowiednio do wartości udziałów.</xText>
          <xText>Taką też dominującą rolę <xAnon> Spółka (...)</xAnon> prezentowała i prezentuje nadal, co uniemożliwia lokatorom mieszkań w budynku na swobodne, nieskrępowanie korzystanie ze swojego prawa do lokalu.</xText>
          <xText>Lokatorzy mieszkań odprowadzają na bieżąco należności związane z opłatami za media oraz kosztami zarządu częścią wspólną nieruchomości, przy czym jak stwierdzono wyżej, stanowi to w sumie zaledwie 7% kosztów ,jakie winny wpływać do kasy Wspólnoty. <xAnon> Spółka (...)</xAnon> zaniedbuje swoje obowiązki w tym zakresie , skutkiem czego ,w postępowaniu upominawczym przed Sądem Rejonowym w Raciborzu w dniu 13 października 2011 roku nakazano, aby zapłaciła na rzecz Wspólnoty Mieszkaniowej kwotę 25.517, 69 zł.</xText>
          <xText>Do czasu podjęcia skarżonej Uchwały zarząd Wspólnotą sprawował przez 1,5 roku <xAnon>J. K.</xAnon>, będący licencjonowanym zarządcą nieruchomości. Umowa o zarządzanie podpisana była z firmą, którą ten reprezentuje. Dwukrotnie zwoływał on zebranie Wspólnoty w sprawie podjęcia podstawowych uchwał dotyczących jej funkcjonowania, a to wobec stwierdzenia braku płynności zarządzania nieruchomością z braku uchwały dotyczącej pobierania zaliczek na fundusz remontowy jak i podziału nieruchomości na część wspólną i część stanowiącą odrębną własność lokali. Uchwały, podjęte w czasie zarządzania przez niego Wspólnotą, podjęte zostały jednogłośnie przez wszystkich właścicieli lokali. W przeświadczeniu ówczesnego zarządcy problemy zaczęły się, gdy upłynął termin płatności zaliczek na koszty zarządu częścią wspólną nieruchomości oraz funduszu remontowego i mediów. Właściciele lokali mieszkalnych płacili terminowo, podczas gdy Spółka <xAnon>(...)</xAnon>nie płaciła nic. Mimo nakazu zapłaty wydanego przeciwko Spółce, większościowemu udziałowcowi w nieruchomości wspólnej, nie przystąpiła ona do płatności, wobec czego nakaz zapłaty skierowany został do egzekucji, a komornik ustalił plan spłaty należności Spółki oraz w części należność zabezpieczył. Spółka <xAnon>(...)</xAnon> niewątpliwie zachowywała się jako monopolista, nie liczący się z interesem pozostałych członków Wspólnoty. Wykonując remonty własnych lokali doprowadzała do chwilowych zastojów z dostawą prądu, CO i wody do pozostałych lokali, utrudniała ówczesnemu zarządcy administrowanie obiektem nie dopuszczając go do wejścia do swoich lokali w celu dokonania przeglądów instalacji wentylacyjnej, czy elektrycznej, co konieczne jest z uwagi na wymogi dotyczące bezpieczeństwa osób i mienia wchodzącego w skład Wspólnoty, stosownie do przepisów <xLexLink xArt="" xIsapId="WDU19940890414" xTitle="Ustawa z dnia 7 lipca 1994 r. - Prawo budowlane" xAddress="Dz. U. z 1994 r. Nr 89, poz. 414">prawa budowlanego</xLexLink>. Wobec braków w kasie Wspólnoty 93% należnych opłat, zarządca nie posiadał dostatecznych środków nie tylko dla zapewnienia płynnego zarządzania nieruchomością, ale również dla ubezpieczenia części wspólnych od odpowiedzialności cywilnej czy od ognia, co standardowo Wspólnoty czynią. Skutkiem tego, Wspólnota w ogóle nie była ubezpieczona, nie były regulowane jakiekolwiek opłaty związane z jej funkcjonowaniem, w tym, opłaty z tytułu dzierżawy boksu śmietnikowego, wywozu śmieci, usług związanych ze sprzątaniem nieruchomości – chodnika i to w sytuacji, gdy budynek położony jest w ścisłym miejscu miasta <xAnon>R.</xAnon>. Wobec braków wpływu dostatecznych środków na konto Wspólnoty, zarządca zarządzał nieruchomością, nie pobierając w ogóle dla siebie należnego wynagrodzenia, aby nie odbyło się to kosztem opłat za media. Z trudem udawało mu się nie dopuścić, by ewentualnie ,wierzyciele Wspólnoty zajęli jej rachunek bankowy. <xAnon> Spółka (...)</xAnon> uzurpowała sobie prawo do traktowania jako wyłącznej własności ,części elewacji budynku na której umieszczała reklamy czerpiąc z tego zysk, podczas gdy ściana stanowiąca część wspólną Wspólnoty, winna była w tej sytuacji przynosić dochód odprowadzany na rachunek Wspólnoty. Podobnie rzecz się miała z zawłaszczeniem przez Spółkę <xAnon>(...)</xAnon> zysków z tytułu dzierżawy powierzchni bankowi, który umieścił na ścianie budynku bankomat W chwili zwolnienia <xAnon>J. K.</xAnon> z funkcji zarządcy, a zatem podjęcia uchwały o zmianie zarządu Spółka <xAnon> (...)</xAnon> miała zaległość wobec Wspólnoty na kwotę około 100. 000 zł.</xText>
          <xText>Wobec takiej sytuacji powodowie mają uzasadnioną obawę, że wykorzystując swój większościowy udział w nieruchomości wspólnej, <xAnon> Spółka (...)</xAnon> dokonała zmiany Zarządu również po to, by egzekwowane w oparciu o nakaz zapłaty środki, nie trafiły do kasy Wspólnoty.</xText>
          
          <xText>
            <xBx>Czyniąc powyższe ustalenia Sąd Okręgowy zważył co następuje :</xBx>
          </xText>
          <xText>Właściciele lokali przystępując do umów ustanowienia odrębnej własności lokali oraz sprzedaży lokalu i udziału w prawie własności gruntu powzięli informację, iż nie został dotąd określony sposób zarządu nieruchomością wspólną i postanowili , że do czasu zawarcia odrębnej umowy, w której określony zostanie sposób zarządu nieruchomością wspólną, zarząd nią podlega zasadom uregulowanym przepisami <xLexLink xArt="art. 18;art. 19;art. 20;art. 21;art. 22;art. 23;art. 24;art. 25;art. 26;art. 27;art. 28;art. 29;art. 30;art. 31;art. 32;art. 33" xIsapId="WDU19940850388" xTitle="Ustawa z dnia 24 czerwca 1994 r. o własności lokali" xAddress="Dz. U. z 1994 r. Nr 85, poz. 388">art. 18 – 33 ustawy o własności lokali</xLexLink>.</xText>
          <xText>Mając na uwadze ten zapis umów, wbrew stanowisku powodów, Sąd uznał, że pozwana Wspólnota jest wspólnotą dużą. Bezspornym bowiem jest, że liczy ona trzech udziałowców, jednakże <xAnon> Spółka (...)</xAnon> posiada faktycznie 7 lokali niewyodrębnionych. Po myśli <xLexLink xArt="art. 19" xIsapId="WDU19940850388" xTitle="Ustawa z dnia 24 czerwca 1994 r. o własności lokali" xAddress="Dz. U. z 1994 r. Nr 85, poz. 388">art. 19 ustawy z dnia 24 czerwca 1994 roku o własności lokali</xLexLink>, jeżeli liczba lokali wyodrębnionych i niewyodrębnionych ,należących nadal do dotychczasowego właściciela , nie jest większa niż siedem ,to do zarządu nieruchomością wspólną mają odpowiednie zastosowanie przepisy <xLexLink xArt="" xIsapId="WDU19640160093" xTitle="Ustawa z dnia 23 kwietnia 1964 r. - Kodeks cywilny" xAddress="Dz. U. z 1964 r. Nr 16, poz. 93">kodeksu cywilnego</xLexLink> i <xLexLink xArt="" xIsapId="WDU19640430296" xTitle="Ustawa z dnia 17 listopada 1964 r. - Kodeks postępowania cywilnego" xAddress="Dz. U. z 1964 r. Nr 43, poz. 296">kodeksu postępowania cywilnego</xLexLink> o współwłasności. Jeżeli natomiast wyodrębnionych lokali wraz z lokalami niewyodrębnionymi , jest więcej niż siedem, właściciele lokali są obowiązani podjąć uchwałę o wyborze jednoosobowego lub kilkuosobowego zarządu ( art. 20 ustawy ).</xText>
          <xText>Pomiędzy członkami Wspólnoty istnieje spór co do sposobu zarządu nieruchomością wspólną, ale też co do określenia ,jakie elementy nieruchomości stanowią część wspólną, skoro – zdaniem powodów – udziałowiec większościowy zawłaszczył sobie prawo czerpania pożytków z dzierżawy elewacji budynku , co skutkuje również zakresem sprawowania zarządu.</xText>
          <xText>Z ustaleń Sądu wynika, że <xAnon> Spółka (...)</xAnon>, posiadająca 93 % udziałów w nieruchomości wspólnej nie odprowadzała do kasy Wspólnoty należności z tytułu zarządu nieruchomością, co spowodowało utratę płynności finansowej wspólnoty, zaleganiem z opłatami wobec wierzycieli, narażenie osób i mienia Wspólnoty poprzez niemożność ubezpieczenia nieruchomości. Zachowanie Spółki uniemożliwiło też ówczesnemu administratorowi dokonywanie przeglądów funkcjonowania kominów i wentylacji w lokalach do niej należących, co również stanowiło zagrożenie dla obiektu i osób w nim zamieszkujących, czy przebywających., a także utrudniało mieszkańcom realizowanie swojego prawa do lokalu w sposób nieskrepowany, czyniąc je niekiedy wręcz uciążliwym.</xText>
          <xText>Dominujące zachowanie się <xAnon> Spółki (...)</xAnon> skutkujące powyższymi dolegliwościami, a nawet niebezpieczeństwem wobec pozostałych członków Wspólnoty legło u podstaw wytoczenia przez powodów powództwa o uchylenie Uchwały Wspólnoty, którą powołany został jednoosobowy Zarząd, a funkcja ta – ze wskazania Spółki – powierzona została osobie dotąd z nią niepowiązaną, z równoczesnym natychmiastowym odsunięciem od podejmowania jakichkolwiek czynności przez dotychczasowego zarządcę, który sprawnie administrował Wspólnotą, jednakże doprowadził w ramach swych kompetencji , do skierowania przeciwko Spółce egzekucji należności zasądzonych na rzecz Wspólnoty nakazem zapłaty.</xText>
          <xText>Jakkolwiek zarzut powodów ,co do braku kompetencji członka Wspólnoty (nawet większościowego udziałowca w niej) do zwołania zebrania jest uzasadniony, bowiem ten – w określonych warunkach – może zwołanie takie jedynie zainicjować, to zważyć należy, że zarząd jest związany tym wnioskiem (art. 31 lit. 6 ustawy) .<xAnon>(...)</xAnon> w <xAnon>R.</xAnon> nie posiadała do tej pory Zarządu, jedynie podejmowała decyzje i czynności związane z powierzeniem osobom trzecim zarządzania Wspólnotą ( PU <xAnon> (...)</xAnon> , M. <xAnon>K.</xAnon>). Zgodnie z obowiązującym orzecznictwem zarzuty formalne mogą stanowić podstawę uchylenia uchwały tylko wtedy, gdy wadliwość postępowania miała lub mogła mieć wpływ na treść uchwały. Skoro <xAnon> Spółka (...)</xAnon> posiada <xBRx/>93% udziałów, a uchwały zapadają większością głosów właścicieli lokali liczoną według wielkości udziałów, chyba, że w umowie lub uchwale podjętej w tym trybie postanowiono, że w określonej sprawie na każdego właściciela przypada (art. 13pkt.2 ustawy), to oczywistym jest, że niezależnie od sposobu zwołania zebrania, większość głosów zawsze przypadać będzie Spółce. Zarzut ten, nie może zatem odnieść skutków.</xText>
          <xText>Zasadnym natomiast jest zarzut powodów, że okoliczności, w jakich podjęta została Uchwała, a przez to jej treść, naruszają zasady prawidłowego zarządzania nieruchomością wspólną, a przez to naruszają istotne interesy, a nawet krzywdzą, właścicieli lokali mieszkalnych. <xAnon> Spółka (...)</xAnon>, doprowadzając do podjęcia skarżonej Uchwały uniemożliwiła bowiem dotychczasowemu administratorowi podejmowanie dalszych czynności zmierzających do wyegzekwowania należności na rzecz Wspólnoty , odsuwając go też od podejmowania dalszych czynności uniemożliwiających Spółce utrudnianie lokatorom budynku korzystania z nieruchomości , narażając ich na niebezpieczeństwo wobec niemożliwości kontroli wentylacji i kominów w części nieruchomości należącej do Spółki, ubezpieczenie nieruchomości z braku środków. Skarżona Uchwala godzi wbrew dobrym obyczajom w interesy pozostałych właścicieli lokali ,,a nawet ma na celu ich pokrzywdzenie.</xText>
          <xText>Zgodnie z <xLexLink xArt="art. 25" xIsapId="WDU19940850388" xTitle="Ustawa z dnia 24 czerwca 1994 r. o własności lokali" xAddress="Dz. U. z 1994 r. Nr 85, poz. 388">art. 25 ustawy o własności lokali</xLexLink> właściciel lokalu może zaskarżyć uchwałę do sądu z powodu jej niezgodności z przepisami prawa (..) albo jeśli narusza ona zasady prawidłowego zarządzania nieruchomością wspólną lub w inny sposób narusza jego interesy (art.25 ust.1 ustawy). Powyższe przesłanki skutkujące uchyleniem uchwały powodowie wykazali w toku postępowania, co skutkowało uwzględnieniem powództwa w całości.</xText>
          
          <xText>Od powyższego wyroku wniosła apelację pozwana zaskarżając go w całości i wnosząc o jego zmianę w kierunku oddalenie powództwa w całości.</xText>
          <xText>Zarzuciła naruszenie przepisów:</xText>
          <xUnit xIsTitle="false" xType="none">
            <xName xSffx=")">1</xName>
            <xText><xLexLink xArt="art. 20;art. 20 ust. 1" xIsapId="WDU19940850388" xTitle="Ustawa z dnia 24 czerwca 1994 r. o własności lokali" xAddress="Dz. U. z 1994 r. Nr 85, poz. 388">art. 20 ust. 1 ustawy z dnia 24 czerwca 1994 roku o własności lokali</xLexLink> (tj. Dz.U. z 2000 roku, Nr 80, poz. 903 z późn. zm.) poprzez jego niewłaściwe niezastosowanie, gdy tymczasem pozwana ma obowiązek wybrać zarząd składający się z jednego lub kilku osób fizycznych,</xText>
          </xUnit>
          <xUnit xIsTitle="false" xType="none">
            <xName xSffx=")">2</xName>
            <xText><xLexLink xArt="art. 25;art. 25 ust. 1" xIsapId="WDU19940850388" xTitle="Ustawa z dnia 24 czerwca 1994 r. o własności lokali" xAddress="Dz. U. z 1994 r. Nr 85, poz. 388">art. 25 ust. 1 ustawy o własności lokali</xLexLink> poprzez błędną wykładnię, skutkującą przyjęciem, iż podstawą uchylenia uchwały może być okoliczność inna niż wskazane w przywołanym przepisie,</xText>
          </xUnit>
          <xUnit xIsTitle="false" xType="none">
            <xName xSffx=")">3</xName>
            <xText><xLexLink xArt="art. 25;art. 25 ust. 1" xIsapId="WDU19940850388" xTitle="Ustawa z dnia 24 czerwca 1994 r. o własności lokali" xAddress="Dz. U. z 1994 r. Nr 85, poz. 388">art. 25 ust. 1 ustawy o własności lokali</xLexLink> poprzez uznanie, że przedmiotowa uchwała narusza zasady prawidłowego zarządzania nieruchomością wspólną i zaskarżona uchwała narusza uzasadniony interes członków wspólnoty,</xText>
          </xUnit>
          <xUnit xIsTitle="false" xType="none">
            <xName xSffx=")">4</xName>
            <xText>sprzeczność istotnych ustaleń sądu z treścią zebranego w sprawie materiału dowodowego polegająca na błędnym przyjęciu, że zaskarżona uchwała uniemożliwia dotychczasowemu administratorowi podjęcia czynności zmierzających d wyegzekwowania należności na rzecz Wspólnoty, gdy tymczasem umowa z dnia <xAnon> (...)</xAnon> na zarządzanie nieruchomością została podpisana przez powoda <xAnon>B. T.</xAnon>, bez upoważnienia w tym zakresie, gdyż brak jest uchwały właścicieli lokali nieruchomości położonej w <xAnon>R.</xAnon> przy <xAnon>ulicy (...)</xAnon> upoważniającej do podpisania i zawarcia w imieniu pozwanej umowy z panem <xAnon>M. K.</xAnon>oraz błędne przyjęcie, iż pozwana nie wyegzekwowała zasądzonych należności w postępowaniu egzekucyjnym w sprawie o sygn. KM 2447/11 Komornika Sądowego przy Sądzie Rejonowym w Raciborzu Rafał Majewski Kancelaria Komornicza w <xAnon>R.</xAnon><xAnon>ul. (...)</xAnon>, <xAnon>(...)-(...) R.</xAnon> (vide: akta komornicze o sygn. KM 2447/11 Komornika Sądowego przy Sądzie Rejonowym w Raciborzu Rafał Majewski Kancelaria Komornicza w <xAnon>R.</xAnon>, <xAnon>ul. (...)</xAnon>, <xAnon>(...)-(...) R.</xAnon>).</xText>
          </xUnit>
          
          <xText>Rozpoznając apelację pozwanej Sąd Apelacyjny w pierwszej kolejności odniósł się do zarzutów naruszenia prawa procesowego ponieważ prawidłowość zastosowania prawa materialnego może być rozumiana dopiero po stwierdzeniu, że w toku właściwie przeprowadzonego postępowania dokonano ustaleń zezwalających na zastosowanie norm prawa materialnego.</xText>
          <xText>Odnosząc się przeto w pierwszej kolejności do zarzutu sprzeczności istotnych ustaleń Sądu z treścią zebranego w sprawie materiału należało mieć na uwadze, że zachodzi ona wtedy, gdy powstaje dysharmonia pomiędzy materiałem zgromadzonym w sprawie a konkluzją do jakiej dochodzi sąd na podstawie tego materiału.</xText>
          <xText>Nie będzie zatem tak rozumianej sprzeczności, jeżeli ustalenia faktyczne są identyczne tylko z częścią zebranego materiału, a sąd w sposób prawidłowy wyjaśnił, dlaczego ustalenia swe oparł tylko na tej części materiału dowodowego. Jeżeli bowiem w sprawie istnieją dwie grupy przeciwstawnych dowodów, ustalenia faktyczne z konieczności muszą pozostawać w sprzeczności z jedną z nich. Nie o taką jednak sprzeczność chodzi w omawianym zarzucie. W granicach swobodnej oceny dowodów sąd ma prawo eliminować pewne dowody, tzn. nie dawać im wiary, albo uznać je za nieistotne. Jeżeli stanowisko swoje uzasadni w sposób zgodny z intencją <xLexLink xArt="art. 233;art. 233 § 1" xIsapId="WDU19640430296" xTitle="Ustawa z dnia 17 listopada 1964 r. - Kodeks postępowania cywilnego" xAddress="Dz. U. z 1964 r. Nr 43, poz. 296">art. 233§1 k.p.c.</xLexLink> to nie dopuszcza się uchybienia i nie doprowadza do owej sprzeczności.</xText>
          <xText>Tak rozumianej sprzeczności istotnych ustaleń Sądu z treścią zebranego w sprawie materiału trudno się dopatrzyć. Sąd Okręgowy dopuścił i przeprowadził bowiem dowód z uchwały Wspólnoty z 22.12.2010 roku (k. 87) na podstawie której Wspólnota (punkt 1 uchwały) postanowiła rozwiązać umowę o zarządzanie nieruchomością wspólną z Przedsiębiorcą Usługowym <xAnon> (...)</xAnon>, dając to tego pełnomocnictwo <xAnon>M. N.</xAnon>, właścicielowi lokalu mieszkalnego zlokalizowanego przy <xAnon>ulicy (...)</xAnon> w <xAnon>R.</xAnon> (pkt 3 uchwały).</xText>
          <xText>Jednocześnie (punkt 2 uchwały) udzielono powodowi, jako właścicielowi lokalu <xAnon>(...)</xAnon> w budynku przy <xAnon>ulicy (...)</xAnon> w <xAnon>R.</xAnon> upoważnienia do zerwania umowy o zarządzanie z firmą P.P.H.U. <xAnon>(...)</xAnon>, co też miało miejsce, gdy czynności zarządu wykonywał z ramienia tej firmy <xAnon>J. K.</xAnon> (vide: zeznania świadka <xAnon>J. K.</xAnon> – k. 137-138).</xText>
          <xText>On też napotykał szereg przeszkód, wskazanych w uzasadnieniu wyroku i przedstawionych w zeznaniach tego świadka, a podjęte działania naprawcze przez natychmiastowe działania nowego zarządcy do których został upoważniony w uchwale unicestwiły wpływ środków z egzekucji komorniczej do Wspólnoty. O tym właśnie zeznawał świadek podając, że nie ma informacji, czy środki z egzekucji przeciwko <xAnon> spółce (...)</xAnon> wpłynęły na konto Wspólnoty, albowiem przekazał wszystkie dokumenty nowemu Zarządcy. Sprzeczność ustaleń nie kreuje równocześnie okoliczności czy wyegzekwowano należność, bo egzekucja była wszczęta i prowadzona. Mogłoby chodzić o sprzeczność, gdyby Sąd ustalił, że należność od Spółki nie wpłynęła na konto Wspólnoty, a pozwana dysponowała przedłożonym w postępowaniu apelacyjnym dowodem wpłaty, że było inaczej. Gdy zaś takich ustaleń nie było (przy równoczesnym braku dowodu wpłaty na konto Wspólnoty) samo wskazanie, który komornik prowadzi egzekucję nie mogło czynić zasadnym zarzutu sprzeczności istotnych ustaleń Sądu z treścią zebranego w sprawie materiale.</xText>
          <xText>Za zasadny uznać należało równocześnie zarzut naruszenia prawa materialnego tak w odniesieniu do art. 20 jak i art. 25 ustawy z dnia 24 czerwca 1994r., o własności lokali (t.j. Dz.U. z 2000r., Nr 80, poz. 903 z późn. zm. – dalej: „u.w.l.”).</xText>
          <xText>Z ustaleń Sądu Okręgowego wynikało bowiem, że Wspólnota była wspólnotą dużą, która nie posiadała zarządu, w związku z czym właściciele lokali byli zobowiązani podjąć uchwałę o wyborze jednoosobowego lub kilkoosobowego zarządu, zgodnie z dyspozycją art. 20 u.w.l. (por. postanowienie Sądu Najwyższego z 15 czerwca 2012r., II CSK 582/11, LEX nr 1217207).</xText>
          <xText>Według twierdzeń pozwu nielegalne zebranie <xAnon> spółki (...)</xAnon>, jako większościowego współwłaściciela nieruchomości wspólnej doprowadziło do samodzielnego dokonania wyboru jednoosobowego zarządu. Takie działanie jest według powodów działaniem niezgodnym z przepisami prawa, narusza zasady prawidłowego zarządzania nieruchomością wspólną oraz interesy pozostałych współwłaścicieli.</xText>
          <xText>W ocenie Sądu Apelacyjnego zarzutu tego nie można było podzielić, gdy równocześnie zasadnym było stanowisko Sądu Okręgowego co do tego, że Wspólnota której dotyczyła zaskarżona uchwała była wspólnotą dużą, w której zgodnie z dysproporcją art. 20 ust. 1 u.w.l. obowiązany był działać, jako organ tej Wspólnoty zarząd.</xText>
          <xText>Gdy ten do chwili powzięcia uchwały nie działał, rozważenia wymagała, w jaki sposób może dojść do wyboru zarządu, jako że przepisy u.w.l. zawierają w tej materii lukę. Jednocześnie obowiązek ten nakładają na właścicieli lokali, stąd w doktrynie, z powołaniem się na regulację z art. 30 ust. 1a u.w.l. zasadnie, zdaniem składu orzekającego, przyjęto, że zebranie wspólnoty celem wybrania zarządu może zwołać każdy z właścicieli.</xText>
          <xText>Dokonując zatem zawiadomienia o zebraniu właścicieli na którym mogła, a jednocześnie musiała być podjęta uchwała o wyborze zarządu spółka<xAnon>(...)</xAnon>działała w granicach obowiązującego prawa, a to art. 20 u.w.l. Tym samym działanie właścicieli nie naruszało zasad prawidłowego zarządu oraz interesów pozostałych współwłaścicieli, które nie mogą pozostawać w sprzeczności z interesem całej wspólnoty, szeroko przy tym rozumianym. Nie zaistniały przeto w tak zakreślonych przesłankach, powiązanych równocześnie z przywołanym w pozwie stanem faktycznym podstawy prawne do uwzględnienia powództwa i uchybienia uchwały, jako woli wspólnoty co do powołania zarządu.</xText>
          <xText>Jak wynika z umowy sprzedaży z dnia 20.10.2010r. (k. 35) na <xAnon> spółkę (...)</xAnon> przeniesiona została własność lokali niewyodrębnionych, (gdy do chwili sprzedaży nie został określony sposób zarządu nieruchomością wspólną i nastąpiło to w części pozostałej po wyodrębnieniu dwóch lokali mieszkalnych. Z tego względu <xAnon> spółce (...)</xAnon> przysługiwały co do woli powołania zarządu w drodze uchwały z mocy art. 4 ust. 1 u.w.l. takie same uprawnienia i obciążały ją takie same obowiązki jak właścicieli lokali wyodrębnionych. Skoro nie nastąpiło (w pierwszej i kolejnych umowach sprzedaży) ustanowienie zarządcy (w znaczeniu funkcjonalnym), na podstawie art. 18 u.w.l., powstała konieczność powołania zarządu (w znaczeniu podmiotowym), według postanowień art. 20 ustawy (por. postanowienie Sądu Najwyższego z 14 września 2005 roku, III CZP 62/05, LEX nr 171751).</xText>
          <xText>Zwołanie zebrania właścicieli przez <xAnon> spółkę (...)</xAnon> było działaniem zgodnym z prawem, a równocześnie doprowadziło do powołania organu koniecznego w dużej wspólnocie. Powyższe przekłada się na stwierdzenie, że uchwała w tej części była zgodna z przepisami prawa i w żaden sposób nie naruszał zasad prawidłowego zarządzania nieruchomością wspólną jako, ze pod adresem powołanej do zarządu osoby nie zostały przywołane w pozwie żadne zarzuty, aby można było twierdzić, wywodząc to z samego faktu wskazania tej osoby przez <xAnon> spółkę (...)</xAnon>, iż zarząd sprawowany przez tę osobę będzie zarządem naruszającym zasady prawidłowego zarządzania nieruchomością wspólną oraz interesy pozostałych współwłaścicieli, z racji koniecznych do wykonywania zarządu aktów decyzyjnych określonych w §2, 3 i 4 uchwał. Ich konieczność wynikała wprost z art. 21, 22, 29 i 30 u.w.l., gdy zarząd powołany uchwałą właścicieli lokali na podstawie art. 20 u.g.n. jest organem wewnętrznym wspólnoty do którego stosuje się odpowiednio przepisy o organach osoby prawnej (<xLexLink xArt="art. 33(2)" xIsapId="WDU19640160093" xTitle="Ustawa z dnia 23 kwietnia 1964 r. - Kodeks cywilny" xAddress="Dz. U. z 1964 r. Nr 16, poz. 93">art. 33<xSUPx>2</xSUPx> k.c.</xLexLink>) i jego działanie oparte na uprawnieniu wynikającym wprost z ustawy jest działaniem samej wspólnoty.</xText>
          <xText>Skoro członek zarządu wspólnoty wykonujący czynności zarządu nieruchomością wspólnoty jest piastunem organu wspólnoty, niedopuszczalne było jednocześnie ograniczanie jego uprawnień poprzez ingerencję sądu w jego prawa z bliżej nieokreślonego, zakładanego niewłaściwego zarządzania nieruchomością wspólną lub z racji, tak samo nieskonkretyzowanego interesu jej członka (por. uchwała Sądu Najwyższego z 16 lutego 2012r., III CZP 96/11 OSNC 2012, nr 7-8, poz. 88).</xText>
          
          <xText>Z uwagi na powyższe zaskarżony wyrok nie mógł się ostać i podlegał zmianie na podstawie <xLexLink xArt="art. 386;art. 386 § 1" xIsapId="WDU19640430296" xTitle="Ustawa z dnia 17 listopada 1964 r. - Kodeks postępowania cywilnego" xAddress="Dz. U. z 1964 r. Nr 43, poz. 296">art. 386§1 k.p.c.</xLexLink>, zaś powództwo o uchylenie uchwały oddaleniu.</xText>
          <xText>O kosztach postępowania apelacyjnego orzeczono na podstawie <xLexLink xArt="art. 108;art. 108 § 1;art. 108 § 98;art. 108 § 99" xIsapId="WDU19640430296" xTitle="Ustawa z dnia 17 listopada 1964 r. - Kodeks postępowania cywilnego" xAddress="Dz. U. z 1964 r. Nr 43, poz. 296">art. 108§1, 98 i 99 k.p.c.</xLexLink> gdy składały się na nie opłata sądowa od apelacji w kwocie 200 złotych (k. 225) i od zażalenia – 40 złotych (k. 191).</xText>
        </xUnit>
      </xBlock>
    </xPart>
  </judgement>
<judgement id="151515001012506_V_Ka_000023_2014_Uz_2014-03-20_001">
    <xPart xEditorFullName="Monika Szymik" xYear="2014" xLang="PL" xPublisherFullName="Barbara Janecka" xFromPg="1" xEditor="szymikm" xVolType="15/151500/1012506/Ka" xPublisher="janeckab" xDocType="Uz" xVolNmbr="000023" xVersion="1.0" xToPage="1" xFlag="published">
      <xName>Wyrok+Uzasadnienie</xName>
      <xBlock>
        <xText>
          <xBx>Sygn. akt V  Ka 23/14 </xBx>
        </xText>
        <xUnit xIsTitle="true" xBold="true" xType="part">
          <xName>WYROK</xName>
          <xTitle>W IMIENIU RZECZYPOSPOLITEJ POLSKIEJ</xTitle>
          <xText xALIGNx="right">
            <xBx>Dnia 20 marca 2014 r.</xBx>
          </xText>
          
          <xText xALIGNx="center">
            <xBx>Sąd Okręgowy w Gliwicach</xBx>
          </xText>
          <xText xALIGNx="center"> V<xBx>
     Wydział Karny Ośrodek Zamiejscowy w Rybniku </xBx></xText>
          <xText>
            <xBx>w składzie:</xBx>
          </xText>
          
          <xText><xBx>Przewodniczący: </xBx> SSO Janusz Chmiel</xText>
          <xText><xBx> Sędziowie: </xBx> SSR del. Anna Górny</xText>
          <xText>SSO Olga Nocoń (spr.)</xText>
          
          <xText><xBx>Protokolant</xBx>:  Justyna Napiórkowska</xText>
          
          <xText>w obecności Janusza Smagi Prokuratora Prokuratury Okręgowej</xText>
          <xText>po rozpoznaniu w dniu 20 marca 2014 r.</xText>
          <xText>sprawy:</xText>
          <xText>
            <xBx>
              <xIx>skazanego <xAnon>G. N.</xAnon> /<xAnon>N.</xAnon>/</xIx>
            </xBx>
          </xText>
          <xText>
            <xBx>
              <xIx>s. <xAnon>K.</xAnon> i <xAnon>J.</xAnon></xIx>
            </xBx>
          </xText>
          <xText>
            <xBx>
              <xIx><xAnon>ur. (...)</xAnon> w <xAnon>D.</xAnon></xIx>
            </xBx>
          </xText>
          <xText>
            <xBx>
              <xIx>w sprawie o wyrok łączny</xIx>
            </xBx>
          </xText>
          
          <xText>na skutek apelacji, wniesionej przez skazanego</xText>
          <xText>od wyroku Sądu Rejonowego w Rybniku</xText>
          <xText>z dnia 31 października 2013r. sygn. akt IX K 544/13</xText>
          
          <xText>I.utrzymuje w mocy zaskarżony wyrok;</xText>
          <xText>II. zasądza od Skarbu Państwa na rzecz adwokata <xAnon>P. M.</xAnon> kwotę 120 (sto dwadzieścia) złotych oraz 23 % podatku VAT w kwocie 27,60 złotych (dwadzieścia siedem złotych i sześćdziesiąt groszy), łącznie kwotę 147,60 złotych (sto czterdzieści siedem złotych i sześćdziesiąt groszy) tytułem zwrotu kosztów obrony z urzędu w postępowaniu odwoławczym;</xText>
          <xText>III.zwalnia skazanego od ponoszenia kosztów postępowania odwoławczego, obciążając nimi Skarb Państwa.</xText>
          
          <xText>Sygn. akt V Ka 23/14</xText>
        </xUnit>
        <xUnit xIsTitle="true" xBold="true" xType="part">
          <xName>UZASADNIENIE</xName>
          <xText>Sąd Rejonowy w Rybniku w postępowaniu w sprawie IX K 544/13 wydał w dniu 31 października 2013 r. wyrok łączny wobec <xAnon>G. N.</xAnon>, skazanego prawomocnymi wyrokami:</xText>
          <xUnit xIsTitle="false" xType="none">
            <xName xSffx=".">1</xName>
            <xText>Sądu Rejonowego w Rybniku z dnia 28 kwietnia 2010 r. w sprawie IX K 537/10 za czyn z <xLexLink xArt="art. 157;art. 157 § 1" xIsapId="WDU19970880553" xTitle="Ustawa z dnia 6 czerwca 1997 r. - Kodeks karny" xAddress="Dz. U. z 1997 r. Nr 88, poz. 553">art.157§1 k.k.</xLexLink> popełniony w dniu 6 lipca 2009 r. na karę 10 miesięcy pozbawienia wolności z warunkowym zawieszeniem jej wykonania na okres próby 3 lat;</xText>
          </xUnit>
          <xUnit xIsTitle="false" xType="none">
            <xName xSffx=".">2</xName>
            <xText>Sądu Rejonowego w Rybniku z dnia 6 kwietnia 2011 r. w sprawie IX K 1959/10 za czyny z <xLexLink xArt="art. 209;art. 209 § 1" xIsapId="WDU19970880553" xTitle="Ustawa z dnia 6 czerwca 1997 r. - Kodeks karny" xAddress="Dz. U. z 1997 r. Nr 88, poz. 553">art.209§1 k.k.</xLexLink> popełnione w warunkach ciągu przestępstw w okresie od miesiąca października 2008 r. do miesiąca maja 2009 r., od miesiąca listopada 2009 r. do miesiąca maja 2010 r. oraz w okresie od miesiąca marca 2009 r. do miesiąca maja 2009 r., od listopada 2009 r. do miesiąca maja 2010 r. na jedna karę 8 miesięcy pozbawienia wolności z warunkowym zawieszeniem jej wykonania na okres próby 3 lat, przy czym postanowieniem Sądu Rejonowego w Rybniku z dnia 10 grudnia 2012 r. zarządzono wykonanie wobec <xAnon>G. N.</xAnon> warunkowo zawieszonej kary;</xText>
          </xUnit>
          <xUnit xIsTitle="false" xType="none">
            <xName xSffx=".">3</xName>
            <xText>Sądu Rejonowego w Rybniku z dnia 19 kwietnia 2011 r. w sprawie IX K 903/10 za czyn z <xLexLink xArt="art. 207;art. 207 § 1" xIsapId="WDU19970880553" xTitle="Ustawa z dnia 6 czerwca 1997 r. - Kodeks karny" xAddress="Dz. U. z 1997 r. Nr 88, poz. 553">art.207§1 k.k.</xLexLink> ,popełniony w okresie od stycznia 2009 r. do dnia 2 października 2009 r. na karę 1 roku pozbawienia wolności oraz za czyn z <xLexLink xArt="art. 178 a;art. 178 a § 1" xIsapId="WDU19970880553" xTitle="Ustawa z dnia 6 czerwca 1997 r. - Kodeks karny" xAddress="Dz. U. z 1997 r. Nr 88, poz. 553">art.178a§1 k.k.</xLexLink> popełniony w dniu 22 maja 2009 r. na karę 8 miesięcy pozbawienia wolności, które to kary zostały objęte karą łączną 2 lat pozbawienia wolności z warunkowym zawieszeniem jej wykonania na okres próby 5 lat, przy czym postanowieniem Sądu Rejonowego w Rybniku z dnia 7 stycznia 2013 r. zarządzono wykonanie wobec <xAnon>G. N.</xAnon> warunkowo zawieszonej kary.</xText>
          </xUnit>
          <xText>Na podstawie <xLexLink xArt="art. 91;art. 91 § 2" xIsapId="WDU19970880553" xTitle="Ustawa z dnia 6 czerwca 1997 r. - Kodeks karny" xAddress="Dz. U. z 1997 r. Nr 88, poz. 553">art.91§2 k.k.</xLexLink> i <xLexLink xArt="art. 86;art. 86 § 1" xIsapId="WDU19970880553" xTitle="Ustawa z dnia 6 czerwca 1997 r. - Kodeks karny" xAddress="Dz. U. z 1997 r. Nr 88, poz. 553">art.86§1 k.k.</xLexLink> w miejsce kar pozbawienia wolności orzeczonych wobec <xAnon>G. N.</xAnon> wyrokiem Sądu Rejonowego w Rybniku z dnia 6 kwietnia 2011 r. w sprawie IX K 1959/10 oraz wyrokiem Sądu Rejonowego w Rybniku z dnia 19 kwietnia 2011 r. w sprawie IX K 903/10 Sąd wymierzył skazanemu karę łączną 2 lat i 4 miesięcy pozbawienia wolności.</xText>
          <xText>Na podstawie <xLexLink xArt="art. 577" xIsapId="WDU19970890555" xTitle="Ustawa z dnia 6 czerwca 1997 r. - Kodeks postępowania karnego" xAddress="Dz. U. z 1997 r. Nr 89, poz. 555">art.577 k.p.k.</xLexLink> na poczet orzeczonej kary łącznej pozbawienia wolności Sąd zaliczył skazanemu okres odbywania kary pozbawienia wolności w sprawie IX K 903/10 od 3 października 2009 r. do 4 października 2009 r. , od 13 października 2010 r. do 14 października 2010 r., od 24 lutego 2011 r. do 19 kwietnia 2011 r. i od 15 czerwca 2013 r. do 31 października 2013 r., a nadto ustalił, iż pozostałe rozstrzygnięcia zawarte w wyrokach objętych wyrokiem łącznym podlegają odrębnemu wykonaniu.</xText>
          <xText>Na podstawie <xLexLink xArt="art. 572" xIsapId="WDU19970890555" xTitle="Ustawa z dnia 6 czerwca 1997 r. - Kodeks postępowania karnego" xAddress="Dz. U. z 1997 r. Nr 89, poz. 555">art.572 k.p.k.</xLexLink> umorzył postępowanie o wydanie wyroku łącznego co do wyroku Sądu Rejonowego w Rybniku z dnia 28 kwietnia 2010 r. w sprawie IX K 537/10.</xText>
          <xText>Na zasadzie <xLexLink xArt="art. 29;art. 29 ust. 1" xIsapId="WDU19820160124" xTitle="Ustawa z dnia 26 maja 1982 r. - Prawo o adwokaturze" xAddress="Dz. U. z 1982 r. Nr 16, poz. 124">art.29 ust.1 ustawy Prawo o adwokaturze</xLexLink> zasądził od Skarbu Państwa na rzecz adw. <xAnon>P. M.</xAnon> kwotę 120 zł tytułem zwrotu kosztów nieopłaconej pomocy prawnej udzielonej z urzędu na rzecz skazanego <xAnon>G. N.</xAnon> i kwotę 27,60 zł stanowiącą stawkę podatku od towarów i usług przewidzianą dla tego rodzaju czynności.</xText>
          <xText>Na podstawie <xLexLink xArt="art. 624;art. 624 § 1" xIsapId="WDU19970890555" xTitle="Ustawa z dnia 6 czerwca 1997 r. - Kodeks postępowania karnego" xAddress="Dz. U. z 1997 r. Nr 89, poz. 555">art.624§1 k.p.k.</xLexLink> zwolnił skazanego w całości od zapłaty na rzecz Skarbu Państwa kosztów sądowych.</xText>
          
          <xText>Apelację od powyższego wyroku łącznego wywiódł skazany, zaskarżając wyrok w całości. Orzeczeniu temu zarzucił rażącą surowość orzeczonej kary łącznej. W uzasadnieniu wskazał, iż posiada zadłużenie z tytułu alimentów, które w przypadku wykonania wymierzonej kary łącznej będzie w dalszym ciągu wzrastało. W konkluzji środka odwoławczego skazany wniósł o zmianę zaskarżonego wyroku poprzez obniżenie wymiaru kary łącznej.</xText>
          
          <xText>
            <xBx>Sąd Okręgowy zważył, co następuje:</xBx>
          </xText>
          
          <xText>Apelacja skazanego nie mogła zostać uwzględniona, choć nie zdecydowała o tym kwestia zasadności bądź bezzasadności podniesionego zarzutu.</xText>
          <xText>Należy zwrócić uwagę, że zaskarżony wyrok łączny zapadł z obrazą przepisu <xLexLink xArt="art. 85" xIsapId="WDU19970880553" xTitle="Ustawa z dnia 6 czerwca 1997 r. - Kodeks karny" xAddress="Dz. U. z 1997 r. Nr 88, poz. 553">art.85 k.k.</xLexLink>. Analiza dat wyroków skazujących zapadłych wobec <xAnon>G. N.</xAnon> oraz dat popełnienia czynów przypisanych tymi wyrokami wskazuje, że w odniesieniu do skazanego dopuszczalne jest wyodrębnienie tylko jednego zbiegu realnego przestępstw.</xText>
          <xText>Zgodnie z brzmieniem <xLexLink xArt="art. 85" xIsapId="WDU19970880553" xTitle="Ustawa z dnia 6 czerwca 1997 r. - Kodeks karny" xAddress="Dz. U. z 1997 r. Nr 88, poz. 553">art.85 k.k.</xLexLink>, karę łączną orzeka się wówczas, gdy sprawca popełnił dwa lub więcej przestępstw, zanim zapadł pierwszy, choćby nieprawomocny wyrok co do któregokolwiek z tych przestępstw, a zarazem wymierzono za nie kary tego samego rodzaju albo inne podlegające łączeniu. Zawarty w powołanym przepisie zwrot „zanim zapadł pierwszy wyrok” odnosi się przy tym do pierwszego chronologicznie wyroku, który zapadł przed popełnieniem przez sprawcę kolejnego przestępstwa lub kolejnych przestępstw (uchwała SN z 25 lutego 2005 r., I KZP 36/04, OSNKW 2005/2/13). Realny zbieg przestępstw jest kategorią obiektywną i istnieje niezależnie od tego, jakie kary za poszczególne przestępstwa zostały orzeczone. Kształtowanie kary łącznej w oparciu o kary jednostkowe wchodzi w grę dopiero w dalszej kolejności, jako czynność następująca po ustaleniu, które z czynów objętych postępowaniem o wydanie wyroku łącznego pozostają w zbiegu rzeczywistym. Granicą, która upoważnia i zarazem obliguje do orzeczenia kary łącznej jest pierwszy wyrok, chociażby nieprawomocny i nie jest możliwe połączenie kar orzeczonych za przestępstwa popełnione po dacie wydania pierwszego wyroku z karami orzeczonymi za przestępstwa, które zostały popełnione przed jego wydaniem.</xText>
          <xText>W rozstrzyganym przypadku pierwszym chronologicznie wyrokiem, który zgodnie z <xLexLink xArt="art. 85" xIsapId="WDU19970880553" xTitle="Ustawa z dnia 6 czerwca 1997 r. - Kodeks karny" xAddress="Dz. U. z 1997 r. Nr 88, poz. 553">art.85 k.k.</xLexLink> pozwalał tworzyć realny zbieg przestępstw, był wyrok Sądu Rejonowego w Rybniku z dnia 28 kwietnia 2010 r. w sprawie IX K 537/10. Przed datą jego wydania zostały popełnione oba przestępstwa (z <xLexLink xArt="art. 207;art. 207 § 1" xIsapId="WDU19970880553" xTitle="Ustawa z dnia 6 czerwca 1997 r. - Kodeks karny" xAddress="Dz. U. z 1997 r. Nr 88, poz. 553">art.207§1 k.k.</xLexLink> i z <xLexLink xArt="art. 178 a;art. 178 a § 1" xIsapId="WDU19970880553" xTitle="Ustawa z dnia 6 czerwca 1997 r. - Kodeks karny" xAddress="Dz. U. z 1997 r. Nr 88, poz. 553">art.178a§1 k.k.</xLexLink>) objęte skazaniem w sprawie IX K 903/10 Sądu Rejonowego w Rybniku. Sąd Rejonowy wprawdzie dostrzegł tę okoliczność, jednak zarazem – uznając, iż nie ma możliwości połączenia kary pozbawienia wolności z warunkowym zawieszeniem wykonania oraz kary pozbawienia wolności w postaci bezwzględnej z uwagi na brak podstaw do warunkowego zawieszenia wykonania kary łącznej (<xLexLink xArt="art. 89;art. 89 § 1" xIsapId="WDU19970880553" xTitle="Ustawa z dnia 6 czerwca 1997 r. - Kodeks karny" xAddress="Dz. U. z 1997 r. Nr 88, poz. 553">art.89§1 k.k.</xLexLink>) – stwierdził, że wyrok Sądu Rejonowego w Rybniku w sprawie IX K 1959/10 jest wobec tego następnym chronologicznie pierwszym wyrokiem i przyjął, że przestępstwa objęte tym wyrokiem pozostają w zbiegu realnym z czynami przypisywanymi <xAnon>G. N.</xAnon> wyrokiem w sprawie IX K 903/10. Zabieg ten był nieprawidłowy, niedopuszczalne jest bowiem przyjęcie, że jedno przestępstwo pozostaje w zbiegu realnym z więcej niż jedną grupą przestępstw. Jak podkreśla się w orzecznictwie, „granicę czasową zbiegu realnego przestępstw, za które wymierzana jest kara łączna, stanowi data wydania pierwszego, choćby nieprawomocnego wyroku. Jeśli dane przestępstwo zostało popełnione przed tą datą, to nie może być uznane za popełnione w innym zbiegu realnym z przestępstwem popełnionym po dacie wydania tegoż wyroku, chociażby nawet taka konfiguracja byłaby dla skazanego korzystniejsza” (wyrok SN z 14 lutego 2013 r., II KK 191/12, Lex nr 1292219; analogicznie: wyrok SN z 28 lutego 2013 r., V KK 234/12). Konsekwentnie, skoro czyny objęte wyrokiem skazującym w sprawie IX K 903/10 zostały popełnione przed datą wydania wyroku Sądu Rejonowego w Rybniku w sprawie IX K 537/10, to nie mogą pozostawać jednocześnie w zbiegu z przestępstwami, za które <xAnon>G. N.</xAnon> został skazany wyrokiem Sądu Rejonowego w Rybniku w sprawie IX K 1959/10, bowiem te ostatnie zostały popełnione już po dacie wyrokowania w sprawie IX K 537/10. Ustawa daje możliwość tworzenia więcej niż jednego zbiegu realnego w ramach wyroku łącznego, jednak wyraźnie wskazać należy, że pierwszy chronologicznie wyrok dla danej grupy przestępstw stanowi granicę realnego zbiegu – odgradza zbiegi przestępstw popełnionych przed i po tym wyroku. Dopiero zatem spośród przestępstw osądzonych kolejnymi wyrokami, które nie pozostają w pierwszym zbiegu realnym, można utworzyć kolejną grupę obejmującą skazania za czyny, które zostały popełnione zanim zapadł kolejny pierwszy wyrok z punktu widzenia kolejnej grupy przestępstw. Postępowanie w przedmiocie wydania wyroku łącznego jest trybem subsydiarnym wymiaru kary łącznej, a trybem podstawowym jest sytuacja jednoczesnego sądzenia przestępstw. Istota wyroku łącznego polega na połączeniu kar orzeczonych różnymi wyrokami w taki sposób, jaki miałby miejsce, gdyby wszystkie popełnione przez sprawcę i pozostające w zbiegu realnym przestępstwa zostały ujawnione i osądzone w jednym postępowaniu oraz zachodziły warunki do orzekania w wyroku skazującym kary łącznej.</xText>
          <xText>Ponieważ w rozstrzyganym przypadku wobec skazanego zachodziły podstawy do utworzenia tylko jednego rzeczywistego zbiegu przestępstw, a nie było możliwości połączenia kar wymierzonych za przestępstwa pozostające w zbiegu, prawidłowym rozstrzygnięciem winno być umorzenie postępowania w przedmiocie wydania wyroku łącznego w całości.</xText>
          <xText>Mimo stwierdzonego uchybienia w zakresie naruszenia prawa materialnego, Sąd Okręgowy nie był władny wydać w postępowaniu odwoławczym ani orzeczenia reformatoryjnego, ani rozstrzygnięcia o charakterze kasatoryjnym. Sąd II instancji był związany działaniem zakazu <xIx>reformationis in peius</xIx> (<xLexLink xArt="art. 434;art. 434 § 1" xIsapId="WDU19970890555" xTitle="Ustawa z dnia 6 czerwca 1997 r. - Kodeks postępowania karnego" xAddress="Dz. U. z 1997 r. Nr 89, poz. 555">art.434§1 k.p.k.</xLexLink>), albowiem wyrok został zaskarżony wyłącznie na korzyść skazanego, zaś umorzenie postępowania w przedmiocie wydania wyroku łącznego byłoby orzeczeniem mniej korzystnym dla skazanego aniżeli wymierzenie mu – tak jak uczyniono w zaskarżonym wyroku – kary łącznej poniżej sumy kar jednostkowych. Dolegliwość, która wynikałaby dla skazanego z konieczności odbywania kolejno kar z wyroków jednostkowych oczywiście przewyższa tę, która wynika z kary łącznej orzeczonej na zasadzie asperacji. Rygory zakazu <xIx>reformationis in peius</xIx> wiązałyby także sąd ponownie rozpoznający sprawę w razie uchylenia zaskarżonego wyroku (<xLexLink xArt="art. 443" xIsapId="WDU19970890555" xTitle="Ustawa z dnia 6 czerwca 1997 r. - Kodeks postępowania karnego" xAddress="Dz. U. z 1997 r. Nr 89, poz. 555">art.443 k.p.k.</xLexLink>), wobec czego i ten sąd nie mógłby naprawić uchybienia, którego dopuszczono się przy pierwszym rozpoznaniu sprawy.</xText>
          <xText>Mając na uwadze ograniczenia wynikające z zakresu i kierunku zaskarżenia, Sąd odwoławczy zaskarżony wyrok utrzymał w mocy.</xText>
          <xText>Ze względu na powody wydania niniejszego rozstrzygnięcia w instancji odwoławczej, odnoszenie się do zarzutu rażącej niewspółmierności kary, podnoszonego przez skarżącego, jest oczywiście bezprzedmiotowe.</xText>
          <xText>W związku z korzystaniem przez skazanego z pomocy obrońcy z urzędu, zasądzono od Skarbu Państwa na rzecz wyznaczonego obrońcy zwrot kosztów nieopłaconej obrony w postępowaniu odwoławczym, zgodnie z <xLexLink xArt="art. 29;art. 29 ust. 1" xIsapId="WDU19820160124" xTitle="Ustawa z dnia 26 maja 1982 r. - Prawo o adwokaturze" xAddress="Dz. U. z 1982 r. Nr 16, poz. 124">art.29 ust.1 ustawy – Prawo o adwokaturze</xLexLink> oraz <xLexLink xArt="§ 14;§ 14 ust. 5" xIsapId="WDU20021631348" xTitle="Rozporządzenie Ministra Sprawiedliwości z dnia 28 września 2002 r. w sprawie opłat za czynności adwokackie oraz ponoszenia przez Skarb Państwa kosztów nieopłaconej pomocy prawnej udzielonej z urzędu" xAddress="Dz. U. z 2002 r. Nr 163, poz. 1348">§14 ust.5 rozporządzenia Ministra Sprawiedliwości z dnia 28 września 2002 r. w sprawie opłat za czynności adwokackie oraz ponoszenia przez Skarb Państwa kosztów nieopłaconej pomocy prawnej udzielonej z urzędu</xLexLink>.</xText>
          <xText>Mając z kolei na względzie sytuację materialną skazanego, zwolniono go od ponoszenia kosztów sądowych za postępowanie odwoławcze, obciążając wskazanymi należnościami Skarb Państwa.</xText>
        </xUnit>
      </xBlock>
    </xPart>
  </judgement>
<judgement id="155010000000503_I_C_000345_2012_Uz_2013-08-30_001">
    <xPart xEditorFullName="Anna Wolter" xYear="2012" xLang="PL" xPublisherFullName="Maja Świechowska" xFromPg="1" xEditor="a.wolter" xVolType="15/501000/0000503/C" xPublisher="m.swiechowska" xDocType="Uz" xVolNmbr="000345" xVersion="1.0" xToPage="8" xFlag="published">
      <xName>Wyrok+Uzasadnienie</xName>
      <xBlock>
        <xText><xBx><xUx>Sygn. akt</xUx></xBx> I C 345/12</xText>
        
        <xUnit xIsTitle="true" xBold="true" xType="part">
          <xName>WYROK</xName>
          <xTitle>W IMIENIU RZECZYPOSPOLITEJ POLSKIEJ</xTitle>
          <xText>Dnia 30 sierpnia 2013 roku</xText>
          
          <xText>Sąd Okręgowy w Legnicy I Wydział Cywilny</xText>
          
          <xText>w składzie następującym:</xText>
          
          <xText>Przewodniczący: SSO Mirosława Polak - Pawlaczek</xText>
          
          <xText>Protokolant:   st. sekr. sądowy Katarzyna Wojciechowska</xText>
          
          <xText>po rozpoznaniu w dniu 30 sierpnia 2013r. w Legnicy</xText>
          
          <xText>sprawy z powództwa <xAnon>A. T.</xAnon></xText>
          
          <xText>przeciwko <xAnon> Towarzystwu (...) S.A.</xAnon> z/s w <xAnon>W.</xAnon></xText>
          
          <xText>o zapłatę</xText>
          
          <xUnit xIsTitle="false" xType="none">
            <xName xSffx=".">I</xName>
            <xText>
              <xBx>zasądza od pozwanego <xAnon> Towarzystwa (...) S.A.</xAnon> z/s w <xAnon>W.</xAnon> na rzecz powoda <xAnon>A. T.</xAnon> kwotę 40.000 zł (czterdzieści tysięcy złotych) z ustawowymi odsetkami od dnia 08 grudnia 2011 roku do dnia zapłaty,  </xBx>
            </xText>
          </xUnit>
          <xUnit xIsTitle="false" xType="none">
            <xName xSffx=".">II</xName>
            <xText>
              <xBx>dalej idące powództwo oddala, </xBx>
            </xText>
          </xUnit>
          <xUnit xIsTitle="false" xType="none">
            <xName xSffx=".">III</xName>
            <xText>
              <xBx>zasądza od powoda na rzecz strony pozwanej kwotę 792 zł tytułem zwrotu kosztów zastępstwa procesowego, </xBx>
            </xText>
          </xUnit>
          <xUnit xIsTitle="false" xType="none">
            <xName xSffx=".">IV</xName>
            <xText>
              <xBx>nakazuje stronie pozwanej, aby wpłaciła na rzecz Skarbu Państwa (kasa Sądu Okręgowego w Legnicy) kwotę 2.001 zł tytułem brakującej opłaty od uwzględnionej części roszczenia, </xBx>
            </xText>
          </xUnit>
          <xUnit xIsTitle="false" xType="none">
            <xName xSffx=".">V</xName>
            <xText>
              <xBx>nakazuje powodowi, aby wpłacił na rzecz Skarbu Państwa (kasa Sądu Okręgowego w Legnicy) kwotę 2.629 zł tytułem brakującej opłaty od oddalonej części roszczenia, cofając udzielone powodowi zwolnienie od kosztów sądowych,</xBx>
            </xText>
          </xUnit>
          <xUnit xIsTitle="false" xType="none">
            <xName xSffx=".">VI</xName>
            <xText>
              <xBx>zasądza od strony pozwanej na rzecz powoda kwotę 139,16 zł tytułem zwrotu wydatków od uwzględnionej części roszczenia.  </xBx>
            </xText>
          </xUnit>
          
          <xText>Sygn. akt IC 345/12</xText>
        </xUnit>
        <xUnit xIsTitle="true" xBold="true" xType="part">
          <xName>UZASADNIENIE</xName>
          <xText>Powód <xAnon>A. T.</xAnon> w pozwie skierowanym przeciwko <xAnon> (...) S.A.</xAnon> z siedzibą w <xAnon>W.</xAnon> domagał się zadośćuczynienia za doznaną krzywdę wskutek śmierci syna w kwocie 60.000 zł z ustawowymi odsetkami liczonymi od dnia 8 grudnia 2011 roku do dnia zapłaty, odszkodowania w kwocie 22.597,20 zł z ustawowymi odsetkami od dnia 29 kwietnia 2012 roku do dnia zapłaty oraz zasądzenia od strony pozwanej kosztów procesu według norm przepisanych, w tym kosztów zastępstwa procesowego wraz z opłatą skarbową od pełnomocnictwa w kwocie 17 zł.</xText>
          <xText>W uzasadnieniu żądania powód podniósł, że wskutek wypadku drogowego w dniu 12 marca 2011 roku zginął tragicznie jego syn <xAnon>B. T.</xAnon>. Sprawca zdarzenia był ubezpieczony w <xAnon> Towarzystwie (...)</xAnon> strony pozwanej. Powód w dniu 28 października 2011 roku wystąpił o zadośćuczynienie co skutkowało przyznaniem mu kwoty 15.000 zł z tego tytułu. Zdaniem powoda wypłacona kwota jest nieadekwatna do szkody, jaką poniósł w związku ze śmiercią syna i z tego powodu zdecydował się dochodzić dalszych roszczeń na drodze postępowania sądowego, uznając za odpowiednie dalsze zadośćuczynienie w wysokości 60.000 zł.</xText>
          <xText>Żądanie odszkodowania w kwocie 22.597,20 zł dotyczy zwrotu kosztów postawienia nagrobka dla syna powoda. Powód przedłożył pozwanej fakturę na kwotę 30.097,20 zł, a decyzją z dnia 29 marca 2012 roku przyznano mu z tego tytułu kwotę 7.500 zł. Dochodzona kwota stanowi różnicę pomiędzy rzeczywiście poniesionymi przez powoda kosztami postawienia nagrobka, a przyznaną mu z tego tytułu sumą odszkodowania.</xText>
          <xText>Następnie w toku procesu powód rozszerzył żądanie pozwu w ten sposób, że kwotę żądanego zadośćuczynienia za doznaną krzywdę wskutek śmierci syna określił na 80.000 zł z ustawowymi odsetkami od dnia 8 grudnia 2011 roku do dnia zapłaty.</xText>
          <xText>W uzasadnieniu rozszerzonego żądania powód podniósł, że wynika to z powstania trwałego uszczerbku na jego zdrowiu oraz braku pozytywnych rokowań odnośnie poprawy stanu jego zdrowiu psychicznego w przyszłości.</xText>
          <xText>Strona pozwana <xAnon> Towarzystwo (...)</xAnon> z siedzibą w <xAnon>W.</xAnon> jako następca prawny <xAnon> (...) S.A</xAnon> z siedzibą w <xAnon>W.</xAnon> nie uznała żądania pozwu, wniosła o oddalenie powództwa w całości i zasądzenie od powoda na rzecz pozwanego kosztów procesu według norm przepisanych, w tym kosztów zastępstwa procesowego oraz opłaty skarbowej od pełnomocnictwa w kwocie 17 zł. W odpowiedzi na pozew strona pozwana podniosła, iż kwestionuje datę wymagalności roszczeń powoda, od której w pozwie żąda odsetek ustawowych zarzucając, że zasądzenie odsetek ustawowych jest uzasadnione dopiero od chwili wyrokowania. Pozwana zarzuciła również, że wypłacone dotychczas zadośćuczynienie w kwocie 15.000 zł jest odpowiednie, a wysokość odszkodowania za postawienie nagrobka w kwocie 7.500 zł odpowiada przyjętym zwyczajom i oznacza, że koszt nagrobka poniesiony przez powoda w wysokości 30.097,20 zł jest nadmiernie wygórowany.</xText>
          <xText>W odniesieniu do rozszerzonego żądania powoda strona pozwana nie uznała tego roszczenia, wniosła o jego oddalenie w całości zarzucając, że nie wskazano na żadne nowe okoliczności faktyczne, które mogłyby ewentualnie uzasadniać powziętą przez powoda decyzję o rozszerzeniu powództwa.</xText>
          
          <xText>Sąd ustalił:</xText>
          
          <xText>W dniu 12 marca 2011 roku małoletni syn powoda <xAnon>B. T.</xAnon> podróżował jako pasażer pojazdem marki <xAnon>M. (...)</xAnon><xAnon>nr rej. (...)</xAnon> kierowanym przez <xAnon>K. J.</xAnon>. <xAnon>K. J.</xAnon> podczas manewru wyprzedzania, nie zachowując należytej ostrożności i przekraczając dozwoloną prędkość zderzył się z prawidłowo jadącym z naprzeciwka samochodem <xAnon>O.</xAnon>. W wyniku zderzenia <xAnon>B. T.</xAnon> doznał obrażeń skutkujących jego śmiercią. Sprawcą wypadku był <xAnon>K. J.</xAnon>, którego pojazd był ubezpieczony w pozwanym zakładzie ubezpieczeń.</xText>
          <xText>(dowód: akta szkody, notatka k. 29)</xText>
          <xText>W chwili wypadku <xAnon>B. T.</xAnon> liczył niespełna 15 lat, uczęszczał do gimnazjum. Mieszkał z rodzicami i siostrą. Nie sprawiał trudności wychowawczych. Był lubiany w szkole i w środowisku. Po jego tragicznej śmierci powód rozwiódł się z żoną. Odizolował się od ludzi. Nadal przeżywa śmierć syna. <xAnon>A. T.</xAnon> przebywa niemal codziennie na cmentarzu, przy grobie dziecka. Powód po śmierci syna korzystał z pomocy osób duchownych. Przez kilka miesięcy był niezdolny do pracy.</xText>
          <xText>(dowód: opinie k. 15,16, 17, dyplomy i zaświadczenia k. 20-27, akt zgonu</xText>
          <xText>k. 28, wpisy i zdjęcia k. 30-52, historia choroby k. 18-19,</xText>
          <xText>zeznania świadka <xAnon>E. K.</xAnon>, zeznania powoda).</xText>
          <xText>Powód zgłosił szkodę stronie pozwanej w dniu 23 maja 2011 roku. W wyniku postępowania likwidacyjnego <xAnon>A. T.</xAnon> otrzymał zadośćuczynienie w kwocie 15.000 zł. Wypłacono również pełny zwrot kosztów pogrzebu w łącznej kwocie 10.569,72 zł, zgodnie z dołączonymi rachunkami.</xText>
          <xText>(dowód: akta szkody)</xText>
          <xText>W dniu 28 października 2011 roku powód wystąpił do ubezpieczyciela o wypłatę dalszego odszkodowania w kwocie 50.000 zł oraz dalszego zadośćuczynienia w kwocie 200.000 zł miesięcznie. W odpowiedzi na wezwanie strona pozwana odmówiła dalszej wypłaty.</xText>
          <xText>(dowód; akta szkody, wezwanie k. 57-59, pismo pozwanej k. 61-64)</xText>
          <xText>W dniu 19 marca 2012 roku powód (wraz z żoną) wezwał stronę pozwaną do zapłaty odszkodowania w kwocie 30.097,20 zł tytułem zwrotu kosztów postawienia nagrobka dla zmarłego syna. Koszt postawienia nagrobka wyniósł 30.000 zł plus koszty wjazdu na cmentarz w celu montażu w wysokości 97,20 zł. Pozwana decyzją z dnia 29 marca 2012 roku przyznała powodowi (i jego żonie) odszkodowanie w kwocie 7.500 zł z tego tytułu.</xText>
          <xText>(dowód: faktury k.54,55, wezwanie do zapłaty k. 53, decyzja k. 133</xText>
          <xText>akt szkody)</xText>
          <xText>Aktualnie u powoda zdiagnozowano utrwalone zaburzenia depresyjno-lękowe, które powodują uszczerbek na jego zdrowiu psychicznym w wysokości 5%.</xText>
          <xText>(dowód: opinia biegłej k. 134-135)</xText>
          
          <xText>Sąd uznał:</xText>
          
          <xText>Żądania powoda zasługują na częściowe uwzględnienie.</xText>
          
          <xText>Powód w niniejszym postępowaniu zgłosił następujące roszczenia:</xText>
          <xText>1/ żądanie zadośćuczynienia w kwocie 80.000 zł za doznaną krzywdę wskutek śmierci syna – na podstawie <xLexLink xArt="art. 446;art. 446 § 4" xIsapId="WDU19640160093" xTitle="Ustawa z dnia 23 kwietnia 1964 r. - Kodeks cywilny" xAddress="Dz. U. z 1964 r. Nr 16, poz. 93">art. 446§4 k.c.</xLexLink></xText>
          <xText>2/ żądanie odszkodowania w kwocie 22.597,20 zł z tytułu zwrotu poniesionych kosztów wykonania i montażu nagrobka – na podstawie <xLexLink xArt="art. 446;art. 446 § 1" xIsapId="WDU19640160093" xTitle="Ustawa z dnia 23 kwietnia 1964 r. - Kodeks cywilny" xAddress="Dz. U. z 1964 r. Nr 16, poz. 93">art. 446§1 k.c.</xLexLink></xText>
          
          <xText>
            <xUx>W odniesieniu do żądania zadośćuczynienia w trybie <xLexLink xArt="art. 446;art. 446 § 4" xIsapId="WDU19640160093" xTitle="Ustawa z dnia 23 kwietnia 1964 r. - Kodeks cywilny" xAddress="Dz. U. z 1964 r. Nr 16, poz. 93">art. 446§4 k.c.</xLexLink> Sąd uznał:</xUx>
          </xText>
          
          <xText>Bezspornym między stronami pozostawał fakt, iż na skutek tragicznego wypadku z dnia 12 marca 2011 roku, w którym poniósł śmierć syn powoda ma on prawo domagać się zadośćuczynienia, o którym mowa w <xLexLink xArt="art. 446;art. 446 § 4" xIsapId="WDU19640160093" xTitle="Ustawa z dnia 23 kwietnia 1964 r. - Kodeks cywilny" xAddress="Dz. U. z 1964 r. Nr 16, poz. 93">art. 446§4 k.c.</xLexLink></xText>
          <xText>Zgodnie z <xLexLink xArt="art. 446;art. 446 § 4" xIsapId="WDU19640160093" xTitle="Ustawa z dnia 23 kwietnia 1964 r. - Kodeks cywilny" xAddress="Dz. U. z 1964 r. Nr 16, poz. 93">art. 446§4 k.c.</xLexLink> osobom najbliższym przysługuje zadośćuczynienie, jeżeli wskutek uszkodzenia ciała lub rozstroju zdrowia nastąpiła śmierć poszkodowanego. Zgłoszone przez powoda u ubezpieczyciela roszczenie z tytułu zadośćuczynienia w wysokości 200.000 zł zostało przez pozwaną zaspokojone do wysokości 15.000 zł. W toku postępowania sądowego powód początkowo określił żądanie dalszego zadośćuczynienia na kwotę 60.000 zł, a następnie rozszerzył je do kwoty 80.000 zł, powołując się na szczególne cierpienia doznane wskutek śmierci syna. Strona pozwana w toku postępowania sądowego wniosła o oddalenie roszczeń powoda jako wygórowanych.</xText>
          <xText>Istota sporu sprowadza się do ustalenia wysokości należnego powodowi zadośćuczynienia.</xText>
          <xText>Zgodnie z treścią cytowanego <xLexLink xArt="art. 446;art. 446 § 4" xIsapId="WDU19640160093" xTitle="Ustawa z dnia 23 kwietnia 1964 r. - Kodeks cywilny" xAddress="Dz. U. z 1964 r. Nr 16, poz. 93">art. 446§4 k.c.</xLexLink> zadośćuczynienie ma rekompensować szkodę niemajątkową – krzywdę, której istotą jest naruszenie subiektywnych przeżyć człowieka. Wysokości zadośćuczynienia nie da się jednoznacznie wyliczyć. W tych okolicznościach jako odpowiednie należy uznać zadośćuczynienie: z jednej strony - adekwatne do poniesionej przez poszkodowanego krzywdy przy rozważeniu wszystkich okoliczności konkretnej sprawy, a z drugiej – odpowiadające stosunkom społecznym i majątkowym oraz stopie życiowej społeczeństwa. Zadośćuczynienie ma bowiem mieć jednocześnie charakter kompensacyjny i tym samym jego wysokość musi przedstawiać ekonomicznie odczuwalną wartość.</xText>
          <xText>Przenosząc powyższe rozważania na grunt postępowania w niniejszej sprawie uznał Sąd, że w świetle całokształtu poczynionych w sprawie ustaleń faktycznych rozmiar krzywdy w sferze psychicznej doznanych przez powoda w związku ze śmiercią syna jest wysoki. Jak wynika z zeznań powoda i świadka <xAnon>E. K.</xAnon> relacje powoda ze zmarłym synem były bardzo zażyłe, a przeżycia wynikłe z jego śmierci – bardzo głębokie. Śmierć 15-letniego syna, zwłaszcza tak niespodziewana, była i jest dla niego ogromną tragedią. Po śmierci syna powód stracił radość życia. Upływ czasu od tragicznego zdarzenia nie złagodził cierpień psychicznych i poczucia krzywdy doznanych przez powoda. <xAnon>A. T.</xAnon> nie może pogodzić się ze śmiercią syna. Jak wynika z opinii biegłych, którą Sąd akceptuje bez zastrzeżeń, u powoda rozpoznano utrwalone zaburzenia depresyjno-lękowe, a <xAnon>A. T.</xAnon> wymaga specjalistycznego leczenia. Uszczerbek na zdrowiu psychicznym powoda w związku ze śmiercią syna wyniósł 5%.</xText>
          <xText>Wszystkie podniesione wyżej okoliczności pozwalają uznać, iż rozmiar doznanej przez powoda krzywdy w związku ze śmiercią syna jest wysoki. Zdaniem Sądu zadośćuczynienie przyznane przez stronę pozwaną w toku postępowania likwidacyjnego w wysokości 15.000 zł ma wymiar symboliczny i w żadnym stopniu nie spełnia funkcji kompensacyjnej. Mając na uwadze rozmiar cierpień psychicznych oraz doznany przez powoda uszczerbek na zdrowiu psychicznym, a także wskazane wyżej okoliczności mające wpływ na wymiar zadośćuczynienia, Sąd zasądził na rzecz powoda dalszą kwotę 40.000 zł, uznając, że łącznie z wypłaconą już kwotą 15.000 zł będzie ona stanowić odpowiednią sumę zadośćuczynienia w rozumieniu <xLexLink xArt="art. 446;art. 446 § 4" xIsapId="WDU19640160093" xTitle="Ustawa z dnia 23 kwietnia 1964 r. - Kodeks cywilny" xAddress="Dz. U. z 1964 r. Nr 16, poz. 93">art. 446§4 k.c.</xLexLink> W tych okolicznościach dalej idące żądanie powoda, jako zbyt wygórowane, podlegało oddaleniu. W szczególności – zdaniem Sądu – rozszerzenie powództwa w toku postępowania o dalszą kwotę zadośćuczynienia było nieuprawnione. Nie wystąpiły bowiem żadne dodatkowe okoliczności, które uzasadniałyby zmianę stanowiska powoda w zakresie określenia kwoty zadośćuczynienia. Zważywszy na to, że wymiar szkody w przypadku śmierci bliskiej osoby nie jest wymierny, a kwota zadośćuczynienia pozostaje ocenna, należało uznać, że zasądzona kwota 40.000 zł wraz z otrzymaną wcześniej przez powoda kwotą 15.000 zł, tj. łączne zadośćuczynienie w wysokości 55.000 zł jest odpowiednie.</xText>
          
          <xText>
            <xUx>W zakresie żądania odszkodowania w trybie <xLexLink xArt="art. 446;art. 446 § 1" xIsapId="WDU19640160093" xTitle="Ustawa z dnia 23 kwietnia 1964 r. - Kodeks cywilny" xAddress="Dz. U. z 1964 r. Nr 16, poz. 93">art. 446§1 k.c.</xLexLink> Sąd uznał:</xUx>
          </xText>
          
          <xText>Podstawę roszczenia powoda o zapłatę odszkodowania w wysokości 22.597, 20 zł stanowi przepis <xLexLink xArt="art. 446;art. 446 § 1" xIsapId="WDU19640160093" xTitle="Ustawa z dnia 23 kwietnia 1964 r. - Kodeks cywilny" xAddress="Dz. U. z 1964 r. Nr 16, poz. 93">art. 446§1 k.c.</xLexLink> Zgodnie z dyspozycją tego przepisu jeżeli wskutek uszkodzenia ciała lub wywołania rozstroju zdrowia nastąpiła śmierć poszkodowanego, zobowiązany do naprawienia szkody powinien zwrócić koszty leczenia i pogrzebu temu kto je poniósł.</xText>
          <xText>Powód w toku postępowania domagał się przyznania odszkodowania w kwocie 22.597,20 zł stanowiącej różnicę pomiędzy poniesionymi przez niego kosztami postawienia nagrobka dla zmarłego syna w wysokości 30.097,20 zł, a wypłaconą z tego tytułu kwotą 7.500 zł tytułem odszkodowania. Strona pozwana odmówiła przyznania dalszego świadczenia zarzucając, że wydatki na pomnik zmarłego syna powoda są wygórowane i odbiegają od zwyczajowo przyjętych wydatków w tym zakresie.</xText>
          <xText>W tych okolicznościach sporna pozostaje kwestia zakresu odpowiedzialności odszkodowawczej strony pozwanej oraz ewentualna wysokość odszkodowania z tego tytułu.</xText>
          <xText>Rozważając zasadność roszczenia powoda w kontekście przepisu <xLexLink xArt="art. 446;art. 446 § 1" xIsapId="WDU19640160093" xTitle="Ustawa z dnia 23 kwietnia 1964 r. - Kodeks cywilny" xAddress="Dz. U. z 1964 r. Nr 16, poz. 93">art. 446§1 k.c.</xLexLink> należy uwzględnić, że koszt wystawienia nagrobka mieści się w kosztach pogrzebu i strona pozwana nie kwestionowała swojej odpowiedzialności w tym zakresie, wypłacając z tego tytułu należność w kwocie 7.500 zł. Wypłacono również w pełnym zakresie pozostałe koszty pogrzebu w wysokości 10.569,72 zł.</xText>
          <xText>Zgodnie z obowiązującą linią orzecznictwa Sądu Najwyższego granicę obowiązku z <xLexLink xArt="art. 446" xIsapId="WDU19640160093" xTitle="Ustawa z dnia 23 kwietnia 1964 r. - Kodeks cywilny" xAddress="Dz. U. z 1964 r. Nr 16, poz. 93">art. 446 k.c.</xLexLink> wyznaczają zwyczaje obowiązujące w danym środowisku, a wydatki na postawienie pomnika powinny zostać zwrócone przez ubezpieczyciela w całości, chyba że sąd dojdzie do przekonania, że koszty te są rażąco wygórowane w zestawieniu z normalnymi wydatkami przyjętymi w podobnych przypadkach.</xText>
          <xText>Przenosząc powyższe na grunt niniejszego postępowania uznał Sąd, ze powód miał prawo do wystawienia nagrobka dla syna nie licząc się z poniesionymi z tego tytułu kosztami, ponieważ miał taką potrzebę i jego sytuacja majątkowa na to pozwalała. Nie oznacza to jednak, że ubezpieczyciela obciąża obowiązek zwrotu pełnej wydatkowanej na ten cel kwoty. Jak trafnie podniósł pozwany przeciętny koszt wystawienia nagrobka stanowi w dzisiejszych realiach rynkowych kwota od 7.500 do 10.000 zł. W ocenie Sądu, jako fakt notoryjny należy przyjąć, że na naszym terenie ten koszt w przypadku pojedynczego nagrobka kształtuje się od 4.000 do 10.000 zł. W tych okolicznościach za trafne należało przyjąć stanowisko strony pozwanej, że należne powodowi odszkodowanie z tytułu postawienia nagrobka w kwocie 7.500 zł jest odpowiednie. Tym samym jego żądanie przewyższające powyższą sumę z tego tytułu nie mogło być uwzględnione. Wprawdzie powód udokumentował wydatek na postawienie pomnika w dochodzonej kwocie, ale poniesione przez niego wydatki są znacznie wyższe niż przeciętne i typowe w tego rodzaju okolicznościach. Powód nie wykazał, że ten wydatek mieści się w granicach obowiązujących w jego środowisku zwyczajów, a to powoduje oddalenie żądania w tym zakresie.</xText>
          <xText>Z powyższych względów dalsze żądania pozwu zostały oddalone.</xText>
          <xText>Nadto Sąd uwzględnił żądanie powoda w zakresie przyznania mu odsetek ustawowych od dnia wymagalności roszczenia w postępowaniu likwidacyjnym.</xText>
          <xText>W zakresie wymagalności roszczenia o szkodę niemajątkową, a tym samym daty przyznania odsetek ustawowych istnieją rozbieżne stanowiska doktryny i orzecznictwa. Sąd w niniejszej sprawie, podziela stanowisko, że orzeczenie Sądu przyznające zadośćuczynienie ma charakter rozstrzygnięcia deklaratoryjnego, a zobowiązanie do zapłaty przekształca się w zobowiązanie terminowe po skutecznym wezwaniu do spełnienia świadczenia. Skoro zatem pozwany ma 30 dni od wezwania (lub wyjaśnienia ostatniej okoliczności) do spełnienia świadczenia, roszczenia powoda uznano za uzasadnione od daty wskazanej w pozwie.</xText>
          <xText>Mając powyższe na względzie Sąd przyznał powodowi stosowną kwotę zadośćuczynienia z ustawowymi odsetkami od dnia 8 grudnia 2011 roku.</xText>
          <xText>Orzeczenie o kosztach wynika z treści <xLexLink xArt="art. 100" xIsapId="WDU19640430296" xTitle="Ustawa z dnia 17 listopada 1964 r. - Kodeks postępowania cywilnego" xAddress="Dz. U. z 1964 r. Nr 43, poz. 296">art. 100 k.p.c.</xLexLink></xText>
          <xText>Zważywszy, iż powód wygrał sprawę w 39%, a pozwany w 61% Sąd obciążył każdą ze stron proporcjonalnie do jej wygranej. Wpis stosunkowy od pozwu wyniósł 5.130 zł. Z tej kwoty powoda obciąża należność w wysokości 3.129 zł, a stronę pozwaną w kwocie 2001 zł. Uwzględniając wpis 500 zł uiszczony przez powoda – obciążono go kwotą 2.629 zł z tego tytułu. Sąd cofnął powodowi zwolnienie od kosztów z uwagi na jego aktualną sytuację majątkową. Rozdzielono proporcjonalnie koszty zastępstwa procesowego i z tego tytułu powód ma obowiązek zwrócić stronie pozwanej 792 zł . Koszty opinii, rozdzielone między stronami w tym samym zakresie, zostały w całości poniesione przez powoda, a zatem pozwana ma obowiązek zwrócić powodowi kwotę 139,16 zł z tego tytułu.</xText>
        </xUnit>
      </xBlock>
    </xPart>
  </judgement>
<judgement id="155025500005021_X_P_000196_2013_Uz_2013-09-20_001">
    <xPart xEditorFullName="Renata Wesołowska" xYear="2013" xLang="PL" xPublisherFullName="Barbara Syndonin" xFromPg="1" xEditor="rwesolowska" xVolType="15/502550/0005021/P" xPublisher="bsyndonin" xDocType="Uz" xVolNmbr="000196" xVersion="1.0" xToPage="12" xFlag="published">
      <xName>Wyrok+Uzasadnienie</xName>
      <xBlock>
        <xText>Sygn. akt <xBx>X P 196/13</xBx></xText>
        <xUnit xIsTitle="true" xBold="true" xType="part">
          <xName>WYROK</xName>
          <xTitle>W IMIENIU RZECZYPOSPOLITEJ POLSKIEJ</xTitle>
          <xText xALIGNx="right">   Dnia 30 sierpnia 2013 r.</xText>
          
          <xText>Sąd Rejonowy dla Wrocławia-Śródmieścia we Wrocławiu, Wydział X Pracy i Ubezpieczeń Społecznych</xText>
          <xText>w składzie następującym:</xText>
          
          <xText>Przewodniczący: SSR Agata Masłowska</xText>
          <xText>Ławnicy: Zofia Kotowicz, Stefan Majka</xText>
          <xText>Protokolant:   Iwona Markiewicz</xText>
          
          <xText>po rozpoznaniu w dniu 30 sierpnia 2013 r. we Wrocławiu</xText>
          <xText>na rozprawie</xText>
          <xText>sprawy z powództwa <xBx><xAnon>M. W.</xAnon></xBx></xText>
          <xText>przeciwko <xBx><xAnon>P.</xAnon><xAnon>(...)</xAnon>z siedzibą we <xAnon>W.</xAnon></xBx></xText>
          <xText>o odszkodowanie w związku z wypowiedzeniem umowy o pracę</xText>
          
          <xUnit xIsTitle="false" xType="none">
            <xName xSffx=".">I</xName>
            <xText>
              <xBx>zasądza od strony pozwanej <xAnon>P.</xAnon><xAnon>(...)</xAnon>z siedzibą we <xAnon>W.</xAnon>na rzecz powódki <xAnon>M. W.</xAnon>kwotę 16.668,60 zł (słownie: szesnaście tysięcy sześćset sześćdziesiąt osiem złotych sześćdziesiąt groszy), z ustawowymi odsetkami od dnia 5 kwietnia 2013 r. do dnia zapłaty; </xBx>
            </xText>
          </xUnit>
          
          <xUnit xIsTitle="false" xType="none">
            <xName xSffx=".">II</xName>
            <xText>
              <xBx>dalej idące powództwo oddala; </xBx>
            </xText>
          </xUnit>
          
          <xUnit xIsTitle="false" xType="none">
            <xName xSffx=".">III</xName>
            <xText>
              <xBx>wyrokowi w punkcie I nadaje rygor natychmiastowej wykonalności do kwoty 5.556,20 zł; </xBx>
            </xText>
          </xUnit>
          
          <xUnit xIsTitle="false" xType="none">
            <xName xSffx=".">IV</xName>
            <xText>
              <xBx>zasądza od strony pozwanej <xAnon>P.</xAnon><xAnon>(...)</xAnon>z siedzibą we <xAnon>W.</xAnon>na rzecz powódki <xAnon>M. W.</xAnon>kwotę 60 zł tytułem zwrotu kosztów zastępstwa procesowego;</xBx>
            </xText>
          </xUnit>
          
          <xUnit xIsTitle="false" xType="none">
            <xName xSffx=".">V</xName>
            <xText>
              <xBx>nakazuje stronie pozwanej <xAnon>P.</xAnon><xAnon>(...)</xAnon>z siedzibą we <xAnon>W.</xAnon>, aby uiściła na rzecz Skarbu Państwa (Kasa Sądu Rejonowego dla Wrocławia-Śródmieścia we Wrocławiu) kwotę 834 zł tytułem opłaty sądowej od pozwu, od której powódka była z mocy ustawy zwolniona. </xBx>
            </xText>
          </xUnit>
        </xUnit>
        <xUnit xIsTitle="true" xBold="true" xType="part">
          <xName>UZASADNIENIE</xName>
          <xText><xIx>Pozwem z 18 lutego 2013 r.</xIx> (k.2-4) powódka <xAnon>M. W.</xAnon>wniosła o zasądzenie na swoją rzecz od strony pozwanej <xAnon>P.</xAnon><xAnon>(...)</xAnon>kwoty 16.668,60 zł wraz z ustawowymi odsetkami liczonymi od dnia wniesienia pozwu do dnia zapłaty oraz o zasądzenie kosztów procesu, w tym kosztów zastępstwa procesowego. W uzasadnieniu pozwu wskazała, że była zatrudniona u strony pozwanej od 8 stycznia 2007 r., a od 2009 r. była redaktorem naczelnym miesięcznika <xAnon>(...)</xAnon>, będącego pismem informacyjnym <xAnon>P.</xAnon><xAnon>(...)</xAnon>. Ostatnio zatrudniona była na podstawie umowy o pracę na czas nieokreślony na stanowisku głównego specjalisty kierującego sekcją redakcji <xAnon>(...)</xAnon>, ze średnim miesięcznym wynagrodzeniem 5.556,20 zł brutto. Oświadczeniem z 28 stycznia 2013 r. pozwana rozwiązała z powódką umowę o pracę z zastosowaniem skróconego okresu wypowiedzenia, zgodnie z <xLexLink xArt="art. 36(1);art. 36(1) § 1" xIsapId="WDU19740240141" xTitle="Ustawa z dnia 26 czerwca 1974 r. - Kodeks pracy" xAddress="Dz. U. z 1974 r. Nr 24, poz. 141">art. 36<xSUPx> 1</xSUPx> § 1 k.p.</xLexLink> Jako przyczynę wypowiedzenia wskazano reorganizację związaną ze zmianą struktury organizacyjnej, skutkującą likwidacją stanowiska pracy zajmowanego przez powódkę. W dalszej części uzasadnienia powódka wskazała, że podana przez stronę pozwaną przyczyna wypowiedzenia jest nieprawdziwa i niekonkretna. Zdaniem powódki w oświadczeniu o wypowiedzeniu stosunku pracy nie wskazano, jaka reorganizacja czy też zmiana struktury organizacyjnej była przyczyną rozwiązania z powódką stosunku pracy i na czym miała ona polegać. Podkreśliła, że w <xAnon>D.</xAnon><xAnon>(...)</xAnon>i <xAnon>(...)</xAnon>w Sekcji Redakcji <xAnon>(...)</xAnon>nie była przeprowadzana ani planowana żadna reorganizacja czy zmiana struktury organizacyjnej powodująca konieczność rozwiązania stosunków pracy z pracownikami. Ponadto powódka wskazała, że od 1 lutego 2013 r. w redakcji pisma <xAnon>(...)</xAnon>zatrudniony został na jej miejsce nowy pracownik – <xAnon>D. P.</xAnon>. Podniosła, że w oświadczeniu o rozwiązaniu umowy o pracę wskazano, że zostało zlikwidowane stanowisko głównego specjalisty kierującego Sekcją Redakcji <xAnon>(...)</xAnon>, które wiązało się z pełnieniem funkcji redaktora naczelnego przedmiotowego pisma, co świadczyłoby, iż likwidacji ulega również stanowisko redaktora naczelnego pisma. Likwidacja funkcji redaktora naczelnego pisma winna zaś prowadzić do likwidacji pisma, co nie nastąpiło. Zdaniem powódki okoliczności jej zwolnienia wskazują, iż prawdziwą przyczyną wypowiedzenia powódce umowy o pracę była chęć zatrudnienia na jej miejsce innej osoby – znajomej kierownika <xAnon>D.</xAnon><xAnon>(...)</xAnon>i <xAnon>(...)</xAnon>.</xText>
          
          <xText>W <xIx>odpowiedzi na pozew</xIx> (k.20-21) strona pozwana Politechnika <xAnon> (...)</xAnon> wniosła o oddalenie powództwa i zasądzenie od powódki na swoją rzecz kosztów zastępstwa procesowego. Wskazała, że reorganizacja, o której mowa w oświadczeniu pracodawcy, została faktycznie dokonana, gdyż Sekcja Redakcji <xAnon> (...)</xAnon> została przekształcona w Sekcję Redakcji <xAnon> (...)</xAnon>, co stanowiło zmianę o charakterze zasadniczym, bowiem wydawnictwo z analogowego (wydawanego w formie papierowej) stało się internetowym, a czasopismo publikowane w internecie determinuje zupełnie inny sposób pracy dziennikarza, gdyż ten musi pracować w czasie rzeczywistym. Redakcja jako sekcja stała się częścią <xAnon>D.</xAnon><xAnon> (...)</xAnon> i <xAnon> (...)</xAnon>. Strona pozwana zaznaczyła, że <xAnon>D. P.</xAnon> nie została zatrudniona na stanowisku kierowniczym i nie zatrudniono jej na miejsce powódki, jest bowiem koordynatorem do spraw projektu internetowo-wydawniczego, a <xAnon> zespół (...)</xAnon> został podporządkowany bezpośrednio Dyrektorowi <xAnon>D.</xAnon><xAnon> (...)</xAnon> i <xAnon> (...)</xAnon>. Pozwana zaznaczyła, że zatrudnienie koordynatora projektu internetowego nie miało związku z osobą powódki.</xText>
          
          <xText>W dalszym toku postępowania strony w całości podtrzymały swoje stanowiska w sprawie.</xText>
          
          <xText xALIGNx="center">
            <xBx>
              <xIx>Sąd ustalił następujący stan faktyczny:</xIx>
            </xBx>
          </xText>
          
          <xText><xAnon>M. W.</xAnon> została zatrudniona przez Politechnikę <xAnon> (...)</xAnon> w dniu 8 stycznia 2007 r. na stanowisku samodzielnego referenta ds. administracyjnych, na podstawie umowy o pracę zawartej na okres próbny od 8 stycznia 2007 r. do 31 marca 2007 r. Następnie na podstawie umowy o pracę na czas określony jej zatrudnienie zostało przedłużone na okres od 1 kwietnia 2007 r. do 31 marca 2008 r. Od 1 września 2007 r. powierzono jej stanowisko specjalisty pełniącego funkcję redaktora naczelnego miesięcznika <xAnon> (...)</xAnon>.</xText>
          <xText>Umową z 17 marca 2008 r. powódka została zatrudniona na stanowisku specjalisty pełniącego funkcję redaktora naczelnego miesięcznika <xAnon> (...)</xAnon>, na czas nieokreślony, w pełnym wymiarze czasu pracy. Z dniem 1 lipca 2009 r. powierzono jej stanowisko Kierownika <xAnon>D.</xAnon> Redakcji <xAnon> (...)</xAnon> pełniącego funkcję redaktora naczelnego miesięcznika <xAnon> (...)</xAnon>. Od 1 czerwca 2012 r. w związku ze zmianami organizacyjnymi u strony pozwanej, powódka została przeniesiona (wraz z całością redakcji) do <xAnon>D.</xAnon><xAnon> (...)</xAnon> i <xAnon> (...)</xAnon>, gdzie była zatrudniona jako główny specjalista kierujący Sekcją Redakcji <xAnon> (...)</xAnon>.</xText>
          
          <xText>
            <xBx>Dowody:</xBx>
          </xText>
          <xEnum>
            <xBullet></xBullet>
            <xEnumElem>
              <xText>dokumenty w aktach osobowych powódki, w szczególności umowa o pracę z 8.01.2007 r., umowa o pracę z 22.03.2007 r., pismo z 10.09.2007 r., umowa o pracę z 17.03.2008 r. (kopia: k.5), aneks z 30.06.2009 r. (kopia: k.8), aneks z 15.06.2012 r. (kopia: k.7)</xText>
            </xEnumElem>
          </xEnum>
          
          <xText>Na podstawie postanowienia Sądu Okręgowego we Wrocławiu z 24 września 2007 r. powódka wpisana została do rejestru dzienników i czasopism jako redaktor naczelny czasopisma <xAnon> (...)</xAnon>.</xText>
          
          <xText>
            <xBx>Dowody:</xBx>
          </xText>
          <xEnum>
            <xBullet></xBullet>
            <xEnumElem>
              <xText>postanowienie Sądu Okręgowego we Wrocław z 24.09.2007 r. (w aktach I Ns Rej.Pr. 196/96, kopia odpisu k.9)</xText>
            </xEnumElem>
          </xEnum>
          
          <xText>Od 2007 r. działała strona internetowa na której publikowane były numery <xAnon> (...)</xAnon> w wersji elektronicznej (format pdf), jak również umieszczane były ogłoszenia i patronaty.</xText>
          
          <xText>
            <xBx>Dowody:</xBx>
          </xText>
          <xEnum>
            <xBullet></xBullet>
            <xEnumElem>
              <xText>zeznania <xAnon>J. S.</xAnon> (k.54)</xText>
            </xEnumElem>
            <xEnumElem>
              <xText>przesłuchanie <xAnon>M. W.</xAnon> w charakterze powódki (k.54)</xText>
            </xEnumElem>
          </xEnum>
          
          <xText>W związku ze zmianą zakresu obowiązków komórek organizacyjnych uczelni, z dniem 1 lipca 2009 r. utworzono <xAnon>D.</xAnon> Redakcji <xAnon> (...)</xAnon>, który podlegał bezpośrednio Rektorowi. Funkcję kierownika działu pełnił redaktor naczelny.</xText>
          
          <xText>
            <xBx>Dowody:</xBx>
          </xText>
          <xEnum>
            <xBullet></xBullet>
            <xEnumElem>
              <xText>zarządzenie wewnętrzne <xAnon> (...)</xAnon> z dnia 22.06.2009 r. w sprawie zmian organizacyjnych w administracji centralnej Uczelni wynikających ze zmiany zakresu działania komórek organizacyjnych (k. 10-11)</xText>
            </xEnumElem>
          </xEnum>
          
          <xText>W dniu 1 czerwca 2012 r. zniesiony został <xAnon>D.</xAnon> Redakcji <xAnon> (...)</xAnon> podlegający bezpośrednio Rektorowi. W miejsce zniesionego <xAnon>D.</xAnon> utworzona została Sekcja Redakcji <xAnon> (...)</xAnon>, która to Sekcja stała się częścią <xAnon>D.</xAnon><xAnon> (...)</xAnon> i <xAnon> (...)</xAnon>. Pracownicy zatrudnieni uprzednio w <xAnon>D.</xAnon> Redakcji <xAnon> (...)</xAnon> stali się pracownikami <xAnon>D.</xAnon><xAnon> (...)</xAnon> i <xAnon> (...)</xAnon>. Poza Sekcją Redakcji <xAnon> (...)</xAnon> w <xAnon> skład (...)</xAnon> weszły dwa media studenckie, tj. <xAnon> telewizja (...)</xAnon> i <xAnon> radio (...)</xAnon>. Stanowisko Dyrektora <xAnon>D.</xAnon><xAnon> (...)</xAnon> i <xAnon> (...)</xAnon> powierzono <xAnon>E. M.</xAnon>.</xText>
          
          <xText>
            <xBx>Dowody:</xBx>
          </xText>
          <xEnum>
            <xBullet></xBullet>
            <xEnumElem>
              <xText>zarządzenie wewnętrzne <xAnon> (...)</xAnon> z dnia 04.06.2012 r. w sprawie zmian organizacyjnych dotyczących komórek organizacyjnych podległych bezpośrednio Rektorowi (k. 12-13)</xText>
            </xEnumElem>
            <xEnumElem>
              <xText>przesłuchanie <xAnon>M. W.</xAnon> w charakterze powódki (k.54)</xText>
            </xEnumElem>
          </xEnum>
          
          <xText>Jako redaktor naczelny i kierownik sekcji redakcji <xAnon> (...)</xAnon> powódka odpowiadała za całokształt pracy działu redakcji (ustalenie budżetu, rozdzielenie zadań pomiędzy pracownikami, prowadzenie spraw administracyjnych i personalnych); podpisywała umowy z podmiotami zewnętrznymi współpracującymi z <xAnon> (...)</xAnon>; uczestniczyła w oficjalnych zebraniach; odpowiadała za kontakty z przełożonymi; czuwała nad gromadzeniem materiału do czasopisma, jego szatą graficzną, poziomem materiałów prasowych; dokonywała stosownych korekt merytorycznych; sporządzała artykuły m.in. w formie wywiadów i felietonów; reprezentowała uczelnię na konferencjach; prowadziła kolegia redakcyjne; nadzorowała pismo i pracę całego zespołu.</xText>
          
          <xText>
            <xBx>Dowody:</xBx>
          </xText>
          <xEnum>
            <xBullet></xBullet>
            <xEnumElem>
              <xText>zeznania <xAnon>M. K.</xAnon> (k.34)</xText>
            </xEnumElem>
            <xEnumElem>
              <xText>zeznania <xAnon>K. M.</xAnon> (k.34)</xText>
            </xEnumElem>
            <xEnumElem>
              <xText>zeznania <xAnon>I. S.</xAnon> (k.54)</xText>
            </xEnumElem>
            <xEnumElem>
              <xText>zeznania <xAnon>M. J.</xAnon> (k.54)</xText>
            </xEnumElem>
            <xEnumElem>
              <xText>zeznania <xAnon>J. S.</xAnon> (k.54)</xText>
            </xEnumElem>
            <xEnumElem>
              <xText>zeznania <xAnon>E. W.</xAnon> (k.54)</xText>
            </xEnumElem>
            <xEnumElem>
              <xText>przesłuchanie <xAnon>M. W.</xAnon> w charakterze powódki (k.54)</xText>
            </xEnumElem>
          </xEnum>
          
          <xText>Po dokonanej w czerwcu 2012 r. reorganizacji decyzje dotyczące finansów i kwestii pracowniczych zostały przejęte przez Dyrektora <xAnon>D.</xAnon><xAnon> (...)</xAnon> i <xAnon> (...)</xAnon><xAnon>E. M.</xAnon>. W pozostałym zakresie obowiązki powódki nie uległy zmianie.</xText>
          
          <xText>
            <xBx>Dowody:</xBx>
          </xText>
          <xEnum>
            <xBullet></xBullet>
            <xEnumElem>
              <xText>zeznania <xAnon>M. K.</xAnon> (k.34)</xText>
            </xEnumElem>
            <xEnumElem>
              <xText>przesłuchanie <xAnon>M. W.</xAnon> w charakterze powódki (k.54)</xText>
            </xEnumElem>
          </xEnum>
          
          <xText>Zgodnie z zakresem czynności z 1 lipca 2009 r. do czynności pracownika zatrudnionego na stanowisku kierownika działu/redaktora naczelnego należały: nadzór i kierowanie pracą <xAnon>D.</xAnon> Redakcji <xAnon> (...)</xAnon>, w tym sprawy pracownicze i finansowe; realizacja planu wydawniczego pisma; planowanie i zatwierdzanie zawartości merytorycznej kolejnych numerów pisma; tworzenie, opracowanie redakcyjne, korekta merytoryczna artykułów swojego autorstwa; kontakt z autorami tekstów, w tym ustalanie ostatecznych wersji artykułów; opracowanie redakcyjne i korekta merytoryczna tekstów dziennikarskich autorów zewnętrznych zamieszczanych w wydaniach pisma; korekta techniczna wszystkich tekstów ukazujących się w piśmie; ostateczne opracowanie redakcyjne (przed łamaniem) wszystkich materiałów danego numeru czasopisma, w tym korekta (merytoryczna i techniczna), adiustacja, nadzór nad technicznym przygotowaniem artykułów, fotoedycja oraz zatwierdzanie pisma do druku; uczestniczenie i reprezentowanie działu oraz uczelni w wydarzeniach i imprezach uczelnianych i zewnętrznych. Po przeprowadzeniu w czerwcu 2012 r. zmian organizacyjnych powódka nie otrzymała nowego zakresu obowiązków.</xText>
          
          <xText>
            <xBx>Dowody:</xBx>
          </xText>
          <xEnum>
            <xBullet></xBullet>
            <xEnumElem>
              <xText>dokumenty w aktach osobowych, w tym w szczególności zakres czynności z 1.07.2009 r.</xText>
            </xEnumElem>
          </xEnum>
          
          <xText>Pismem z 28 stycznia 2013 r. pracodawca złożył powódce oświadczenie o rozwiązaniu z nią umowy o pracę z zachowaniem skróconego okresu wypowiedzenia, który wynosił jeden miesiąc i upływał w dniu 28 lutego 2013 r. Jako przyczynę wypowiedzenia umowy o pracę podał reorganizację związaną ze zmianą struktury organizacyjnej, a w związku z tym likwidacją zajmowanego przez powódkę stanowiska.</xText>
          
          <xText>
            <xBx>Dowody:</xBx>
          </xText>
          <xEnum>
            <xBullet></xBullet>
            <xEnumElem>
              <xText>pismo z 28.01.2013 r. (akta osobowe, kopia: k.6)</xText>
            </xEnumElem>
          </xEnum>
          
          <xText>W dniu 28 stycznia 2013 r. strona pozwana zawarła umowę o pracę z <xAnon>D. P.</xAnon>, która zatrudniona została na stanowisku specjalisty – koordynatora projektu internetowo-wydawniczego, w pełnym wymiarze czasu pracy, na okres próbny od 1 lutego 2013 r. do 30 kwietnia 2013 r.</xText>
          
          <xText>
            <xBx>Dowody:</xBx>
          </xText>
          <xEnum>
            <xBullet></xBullet>
            <xEnumElem>
              <xText>kopia umowy o pracę z dnia 28.01.2013 r. (k. 23)</xText>
            </xEnumElem>
            <xEnumElem>
              <xText>informacja o stanie zatrudnienia w sekcji E-Redakcji <xAnon> (...)</xAnon> (k.25)</xText>
            </xEnumElem>
          </xEnum>
          
          <xText>W dniu 1 marca 2013 r. zmianie uległa struktura organizacyjna oraz zakres działań <xAnon>D.</xAnon><xAnon> (...)</xAnon> i <xAnon> (...)</xAnon> poprzez zniesienie Sekcji Redakcji <xAnon> (...)</xAnon> i utworzenie w jej miejsce Sekcji E-Redakcji <xAnon> (...)</xAnon>. Nadzór merytoryczny nad działalnością Sekcji sprawować miał Koordynator projektu internetowo-wydawniczego, tj. <xAnon>D. P.</xAnon>.</xText>
          
          <xText>
            <xBx>Dowody:</xBx>
          </xText>
          <xEnum>
            <xBullet></xBullet>
            <xEnumElem>
              <xText>zarządzenie wewnętrzne <xAnon> (...)</xAnon> w sprawie zmian organizacyjnych dotyczących <xAnon>D.</xAnon><xAnon> (...)</xAnon> i <xAnon> (...)</xAnon> (k.26-27)</xText>
            </xEnumElem>
          </xEnum>
          
          <xText><xAnon>D. P.</xAnon> zajmuje się przeprowadzeniem zebrań zespołu redakcyjnego; nadzorowaniem pracy całego zespołu; redagowaniem materiałów przekazywanych jej przez pozostałych pracowników; podejmowaniem decyzji o treści publikowanych materiałów; planowaniem i koordynowaniem całości czynności związanych z projektem internetowo-wydawniczym, takich jak podejmowanie decyzji o publikowanych tekstach i ich szacie graficznej, dobór zdjęć do artykułów. Ponadto rozdziela obowiązki pomiędzy poszczególnych pracowników, podejmuje decyzje związane z kwestiami urlopowymi i zajmuje się publikacją tekstów na stronie internetowej. Jej czynności w zakresie, w jakim kieruje redakcją i nadzoruje jej działalność, nie różnią się od czynności powódki, z tą jedynie różnicą, że zebrania zespołu redakcyjnego odbywają się częściej z uwagi na odmienny cykl wydawniczy. Ponadto w przeciwieństwie do powódki nie przygotowuje własnych publikacji prasowych.</xText>
          <xText>Pracownicy zatrudnieni w redakcji nie byli informowani o tym, że od marca 2013 r. <xAnon> (...)</xAnon> będzie wydawany wyłącznie w formie publikacji internetowej. Przeciwnie, byli zapewniani, że <xAnon> (...)</xAnon> nadal będzie wydawany w formie papierowego czasopisma, z tym że cykl wydawniczy ulegnie zmianie (będzie ono wydawane rzadziej). Dopiero w połowie 2013 r. pracownikom redakcji przekazano, że kolejny numer czasopisma się nie ukaże.</xText>
          
          <xText>
            <xBx>Dowody:</xBx>
          </xText>
          <xEnum>
            <xBullet></xBullet>
            <xEnumElem>
              <xText>zeznania <xAnon>M. K.</xAnon> (k.34)</xText>
            </xEnumElem>
            <xEnumElem>
              <xText>zeznania <xAnon>K. M.</xAnon> (k.34)</xText>
            </xEnumElem>
            <xEnumElem>
              <xText>zeznania <xAnon>I. S.</xAnon> (k.54)</xText>
            </xEnumElem>
            <xEnumElem>
              <xText>zeznania <xAnon>M. J.</xAnon> (k.54)</xText>
            </xEnumElem>
            <xEnumElem>
              <xText>zeznania <xAnon>J. S.</xAnon> (k.54)</xText>
            </xEnumElem>
            <xEnumElem>
              <xText>zeznania <xAnon>E. W.</xAnon> (k.54)</xText>
            </xEnumElem>
          </xEnum>
          
          <xText>Powódka wniosła o rozpatrzenie złożonego przez nią odwołania od wypowiedzenia umowy o pracę przez Komisję Pojednawczą powołaną u strony pozwanej. W toku czynności wyjaśniających Komisja uzyskała od przełożonej powódki (<xAnon>E. M.</xAnon>) oraz od rektora uczelni informację, że realizowany projekt internetowo-prasowy wymagał podjęcia nowych obowiązków, którym powódka nie mogła sprostać, z uwagi na brak doświadczenia, brak dobrej woli i chęci współpracy. Obowiązki związane z kierowaniem projektem miał w związku z tym przejąć koordynator (redaktor prowadzący). Przeprowadzone postępowanie pojednawcze nie doprowadziło do zawarcia ugody z powodu stanowiska pracodawcy.</xText>
          
          <xText>
            <xBx>Dowody:</xBx>
          </xText>
          <xEnum>
            <xBullet></xBullet>
            <xEnumElem>
              <xText>kopia pisma powódki (k.41)</xText>
            </xEnumElem>
            <xEnumElem>
              <xText>kopia notatki służbowej (k.45-46)</xText>
            </xEnumElem>
            <xEnumElem>
              <xText>kopia protokołu posiedzenia Komisji Pojednawczej przy <xAnon>P.</xAnon><xAnon>(...)</xAnon>(k.39-40)</xText>
            </xEnumElem>
          </xEnum>
          
          <xText>Stosunek pracy powódki uległ rozwiązaniu z dniem 28 lutego 2013 r.</xText>
          
          <xText>
            <xBx>Dowody:</xBx>
          </xText>
          <xEnum>
            <xBullet></xBullet>
            <xEnumElem>
              <xText>zaświadczenie z 22.03.2013 r. (k. 24)</xText>
            </xEnumElem>
          </xEnum>
          
          <xText>W dniu 10 maja 2013 r. <xAnon>P.</xAnon><xAnon>(...)</xAnon>złożyła w Sądzie Okręgowym we Wrocławiu wniosek o wyrejestrowanie czasopisma <xAnon>(...)</xAnon>, z uwagi na zaprzestanie wydawania go. Postanowieniem z 15 maja 2013 r. Sąd Okręgowy we Wrocławiu wykreślił z rejestru dzienników i czasopism czasopismo <xAnon>(...)</xAnon>, zarejestrowane za numerem Rej. Pr 734.</xText>
          
          <xText>
            <xBx>Dowody:</xBx>
          </xText>
          <xEnum>
            <xBullet></xBullet>
            <xEnumElem>
              <xText>dokumenty w aktach sprawy Sądu Okręgowego we Wrocławiu o sygn. I Ns Rej. Pr. 196/96, w szczególności wniosek z 10.05.2013 r. o wyrejestrowanie czasopisma (k.25), postanowienie z 15.05.2013 r. (k.27)</xText>
            </xEnumElem>
          </xEnum>
          
          <xText>W okresie poprzedzającym rozwiązanie stosunku pracy, wynagrodzenie powódki liczone jak do ekwiwalentu za urlop wypoczynkowy, wynosiło 5.556,20 zł brutto miesięcznie.</xText>
          
          <xText>
            <xBx>Dowody:</xBx>
          </xText>
          <xEnum>
            <xBullet></xBullet>
            <xEnumElem>
              <xText>zaświadczenie z 22.03.2013 r. (k. 24)</xText>
            </xEnumElem>
          </xEnum>
          
          <xText xALIGNx="center">
            <xBx>
              <xIx>Sąd zważył, co następuje:</xIx>
            </xBx>
          </xText>
          
          <xText>Powództwo było w całości zasadne co do roszczenia głównego oraz w części co do odsetek, i jako takie zasługiwało na uwzględnienie we wskazanym poniżej zakresie.</xText>
          
          <xText>Czyniąc ustalenia faktyczne w sprawie Sąd oparł się dowodach w postaci zeznań świadków, przesłuchania powódki oraz dowodach z dokumentów, w postaci dokumentacji pracowniczej powódki, jak również dokumentacji związanej ze zmianami organizacyjnymi przeprowadzanymi u strony pozwanej. Dowody te były niesprzeczne, wzajemnie się uzupełniały i potwierdzały. Jeśli chodzi o przedstawione dokumenty, strony nie kwestionowały autentyczności przedmiotowych dowodów ani nie podważały treści w nich wskazanych. Sąd przy ustalaniu stanu faktycznego w pełni dał wiarę zeznaniom świadków, którzy będąc pracownikami strony pozwanej nie mieli interesu w zeznawaniu w sposób nieobiektywny i nierzetelny na korzyść powódki. Nie łączyły ich również z powódką relacje tego rodzaju, że rodziłyby obawy co do stronniczości i braku obiektywizmu świadków. Na uwagę zasługuje również fakt, że w toku postępowania dowodowego Sąd przesłuchał w praktyce niemal wszystkich pracowników redakcji <xAnon> (...)</xAnon> (por. zaświadczenie z k.25); osoby te w identyczny sposób relacjonowały okoliczności sprawy, co świadczy o tym, że ich zeznania odpowiadają prawdziwemu stanowi rzeczy. Zdaniem Sądu wiarygodne były również zeznania złożone przez powódkę, gdyż w sposób spójny i logiczny korelowały z zebranym w sprawie materiałem dowodowym, znajdując w całości potwierdzenie w zeznaniach świadków.</xText>
          <xText>Sąd przyjął również za podstawę ustaleń dokumentację postępowania prowadzonego przez Komisję Pojednawczą strony pozwanej, czyniąc na jej podstawie ustalenia co do motywów pracodawcy przy podejmowaniu decyzji o zwolnieniu powódki. Co prawda ustalenia te czynione były w oparciu o zapiski i relacje pośrednie, nie zaś w oparciu o przesłuchanie osób, które decyzję podjęły (<xAnon>E. M.</xAnon> oraz rektora strony pozwanej), niemniej jednak inicjatywa w zakresie tych dowodów osobowych powinna należeć do strony pozwanej. Skoro strona pozwana świadomie odstąpiła od powoływania się w postępowaniu na dowód z zeznań bezpośredniej przełożonej powódki oraz na dowód z przesłuchania samej strony pozwanej (por. k.52), nie było rolą Sądu przeprowadzanie tych dowodów z urzędu w celu weryfikacji stwierdzeń w/w osób, odnotowanych w dokumentach Komisji Pojednawczej.</xText>
          
          <xText>Żądanie powódki znajdowało oparcie w <xLexLink xArt="art. 45;art. 45 § 1" xIsapId="WDU19740240141" xTitle="Ustawa z dnia 26 czerwca 1974 r. - Kodeks pracy" xAddress="Dz. U. z 1974 r. Nr 24, poz. 141">art. 45 § 1 kodeksu pracy</xLexLink> [dalej: <xLexLink xArt="" xIsapId="WDU19740240141" xTitle="Ustawa z dnia 26 czerwca 1974 r. - Kodeks pracy" xAddress="Dz. U. z 1974 r. Nr 24, poz. 141">k.p.</xLexLink>]. Zgodnie z dyspozycją wskazanego przepisu <xIx>„w razie ustalenia, że wypowiedzenie umowy o pracę zawartej na czas nie określony jest nieuzasadnione lub narusza przepisy o wypowiadaniu umów o pracę, sąd pracy - stosownie do żądania pracownika - orzeka o bezskuteczności wypowiedzenia, a jeżeli umowa uległa już rozwiązaniu - o przywróceniu pracownika do pracy na poprzednich warunkach albo o odszkodowaniu.”</xIx> Z treści przytoczonego przepisu w sposób jednoznaczny wynika, że wypowiedzenie umowy o pracę przez pracodawcę musi być uzasadnione, a nadto powinno spełniać wymagane przepisami prawa wymogi formalne. Obowiązek wskazania przyczyny wypowiedzenia umowy o pracę na czas nieokreślony wynikający z <xLexLink xArt="art. 30;art. 30 § 4" xIsapId="WDU19740240141" xTitle="Ustawa z dnia 26 czerwca 1974 r. - Kodeks pracy" xAddress="Dz. U. z 1974 r. Nr 24, poz. 141">art. 30 § 4 k.p.</xLexLink> ma nie tylko formalny charakter; związany jest również z oceną zasadności dokonanego wypowiedzenia. Przyczyna wypowiedzenia pracownikowi umowy o pracę ma dwojakie znaczenie: jedno występuje w aspekcie zgodności z prawem czynności pracodawcy a drugie - jej zasadności. W myśl <xLexLink xArt="art. 45;art. 45 § 1" xIsapId="WDU19740240141" xTitle="Ustawa z dnia 26 czerwca 1974 r. - Kodeks pracy" xAddress="Dz. U. z 1974 r. Nr 24, poz. 141">art. 45 § 1 k.p.</xLexLink> są to niezależne od siebie przesłanki oceny żądania uznania wypowiedzenia za bezskuteczne, przywrócenia do pracy albo odszkodowania. W płaszczyźnie zachowania wymaganej prawem formy wypowiedzenia (<xLexLink xArt="art. 30;art. 30 § 4" xIsapId="WDU19740240141" xTitle="Ustawa z dnia 26 czerwca 1974 r. - Kodeks pracy" xAddress="Dz. U. z 1974 r. Nr 24, poz. 141">art. 30 § 4 k.p.</xLexLink>) obowiązek pracodawcy sprowadza się do podania przyczyny wypowiedzenia w piśmie zawierającym jego oświadczenie w taki sposób, by jego adresat poznał motywy leżące u podstaw takiej decyzji. Sprostanie wymaganiom określonym w <xLexLink xArt="art. 30;art. 30 § 4" xIsapId="WDU19740240141" xTitle="Ustawa z dnia 26 czerwca 1974 r. - Kodeks pracy" xAddress="Dz. U. z 1974 r. Nr 24, poz. 141">art. 30 § 4 k.p.</xLexLink> polega zatem na wskazaniu przyczyny w sposób jasny, zrozumiały i dostatecznie konkretne. W drugiej płaszczyźnie chodzi natomiast o to, by wskazana przyczyna mogła być uznana za uzasadniającą wypowiedzenie umowy o pracę (tak: wyrok Sądu Najwyższego z 19.02.2009 r., II PK 156/08, Lex nr 736723).</xText>
          <xText>W rozpoznawanej sprawie powódka domagała się odszkodowania. Swoje roszczenie oparła na zarzucie nieprawdziwości przyczyn wskazanych w wypowiedzeniu. Zgodnie z oświadczeniem powódki podana przez pracodawcę przyczyna rozwiązania stosunku pracy, związana z likwidacją tego stanowiska, nie odpowiadała rzeczywistości, bowiem na miejsce powódki zatrudniona została inna osoba z takim samym jak powódka zakresem obowiązków. Strona pozwana w toku postępowania podniosła natomiast, że w związku z przeprowadzeniem zmian organizacyjnych, zmieniły się zasady wydawania czasopisma (tzn. nastąpiło przejście z formy papierowej na formę elektroniczną), co stanowiło podstawę likwidacji stanowiska powódki oraz utworzenia nowego (odmiennego) stanowiska koordynatora projektu internetowo-wydawniczego z obowiązkami innymi niż obowiązki wykonywane przez powódkę.</xText>
          <xText>Odnosząc się do kwestii prawdziwości i zasadności przyczyn wypowiedzenia, warto przypomnieć, że ich ocena jest dokonywana przez Sąd jedynie w granicach podanych pracownikowi przez pracodawcę w piśmie rozwiązującym umowę o pracę (por. wyroki Sądu Najwyższego z dnia 10.11.1998 r., I PKN 434/98, OSNAPiUS 1999/21/688, albo z 21.10.1999 r., I PKN 319/99, OSNAPiUS 2011/5/152). Pracodawca pozbawiony jest więc możliwości powoływania się przed sądem pracy na inne, niż wskazane w wypowiedzeniu, przyczyny przemawiające za słusznością wypowiedzenia umowy o pracę (tak: Sąd Najwyższy w wyroku z 1.10.1998 r., I PKN 315/97, OSNAPiUS 1998/14/427), nawet jeśli faktycznie one zachodziły i uzasadniałyby – w razie wskazania ich w oświadczeniu pracodawcy – wypowiedzenie stosunku pracy. Oznacza to, że w rozpoznawanej sprawie Sąd przy badaniu prawidłowości wypowiedzenia umowy o pracę ograniczył się do ustalenia, czy u strony pozwanej doszło do „reorganizacji związanej ze zmianą struktury organizacyjnej”, skutkującej likwidacją zajmowanego przez powódkę stanowiska.</xText>
          <xText>Sąd podzielił argumentację przedstawioną przez powódkę, iż wskazana w wypowiedzeniu umowy o pracę przyczyna rozwiązania stosunku pracy, nie stanowiła przyczyny rzeczywistej. Sąd ustalił w pierwszej kolejności, że u strony pozwanej istotnie miały miejsce zmiany organizacyjne – nastąpiły one jednak w czerwcu 2012 r., a więc na długo przed zwolnieniem powódki. W ramach tych zmian zmianie uległa treść stosunku pracy powódki, nie doszło natomiast do likwidacji jej stanowiska pracy. Dalsze zmiany organizacyjne nastąpiły z dniem 1 marca 2013 r., a więc bezzwłocznie po rozwiązaniu stosunku pracy z powódką, i to właśnie w ramach tych zmian – jak podnosiła strona pozwana – doszło do likwidacji stanowiska pracy powódki oraz utworzenia stanowiska koordynatora projektu internetowo-wydawniczego. Strona pozwana wywodziła, że wraz z likwidacją czasopisma w sensie wydawnictwa drukowanego i powołaniem w jego miejsce projektu wyłącznie internetowego, radykalnej zmianie uległ zakres obowiązków osoby kierującej redakcją, wobec czego stanowisko powódki stało się zbędne, zaś nowe obowiązki wynikające z realizowanego projektu powierzone zostały koordynatorowi.</xText>
          <xText>W toku prowadzonego postępowania strona pozwana wskazywała, że zmiany organizacyjne, na które się powołała, dotyczyły zasad wydawania czasopisma <xAnon> (...)</xAnon>, czyli przejścia z trybu wydawania czasopisma w formie papierowej na formę wydawania czasopisma w formie internetowej. Na podstawie treści przedłożonych przez pozwaną dokumentów w postaci umowy o pracę z <xAnon>D. P.</xAnon> (k.23) i zarządzenia wewnętrznego <xAnon> (...)</xAnon> z 26.02.2013 r. (k.26-27) nie można jednoznacznie stwierdzić, że właśnie wówczas doszło do zaprzestania wydawania czasopisma w dotychczasowej formie. Wynika z nich jedynie, że <xAnon> (...)</xAnon> miał być od tego momentu wydawany w formie projektu internetowo-wydawni-czego, a nie wyłącznie w formie „papierowej”. Wszyscy przesłuchani w toku postępowania pracownicy strony pozwanej, współpracujący z powódką, wskazali zgodnie, że na etapie pojawienia się przedmiotowego zarządzenia strona pozwana nie wskazała, że realizowany projekt będzie miał charakter czysto elektroniczny. Przeciwnie, pracownicy zapewniani byli, że czasopismo będzie ukazywało się jako drukowany kwartalnik, jak również w formie elektronicznej. Ponadto należy wskazać, że z zeznań powódki oraz z zakresu zadań Sekcji Redakcji <xAnon> (...)</xAnon>, stanowiącego załącznik do zarządzenia wewnętrznego nr <xAnon> (...)</xAnon>, wynika, że już wcześniej położony został nacisk na aspekt internetowy czasopisma – w postaci prowadzenia strony internetowej, na której umieszczane były numery czasopisma, jak również ogłoszenia i patronaty. W czasie, gdy zwalniano powódkę, pracodawca zakomunikował wyłącznie zamiar rozszerzenia tej części czasopisma, natomiast nie wskazywał na całkowitą likwidację czasopisma w wersji papierowej. Gdyby istotnie intencją pracodawcy było w tym czasie dokonanie radykalnej zmiany w charakterze wydawanego periodyku, z pewnością informacja taka zostałaby od razu przekazana osobom, które to wydawnictwo faktycznie tworzyły. Skoro żaden z pracowników nie potwierdził oświadczenia pracodawcy, że już w pierwszym kwartale 2013 r. podjęto decyzję o przejściu w całości na system publikacji internetowej, Sąd nie miał podstaw, aby dać wiarę stronie pozwanej, że już w marcu 2013 r. strona pozwana zaniechała wydawania <xAnon> (...)</xAnon> w dotychczasowej postaci.</xText>
          <xText>Na marginesie wspomnieć można, że skoro dla wszystkich pracowników redakcji przyczyny zwolnienia powódki były – jak wynika z ich zeznań – nieczytelne i niezrozumiałe, zaś „zmiany organizacyjne”, na które powołuje się pracodawca, nie były im w sposób czytelny zakomunikowane (gdyż nawet w toku procesu część świadków miała poważne wątpliwości co do momentu likwidacji papierowej wersji <xAnon> (...)</xAnon>), to z dużą dozą prawdopodobieństwa przypuszczać można, że także i dla powódki przyczyny jej zwolnienia – przedstawione w taki sposób, jak uczynił to pracodawca w swoim oświadczeniu – nie były zrozumiałe i jasne. Okoliczność ta sama w sobie wskazuje na wadliwość tego oświadczenia.</xText>
          <xText>Dalej wskazać należy, że z porównania zadań Sekcji Redakcji <xAnon> (...)</xAnon> z czerwca 2012 r. (k.13) oraz Sekcji E-Redakcji <xAnon> (...)</xAnon> z lutego 2013 r. (k.27) nie wynika, aby zadania realizowane przez redakcję (a więc i przez osobę nią kierującą) uległy istotnej zmianie. Przeciwnie, zadania te są niemal identyczne, z tą jedynie różnicą, że opracowane materiały publikowane miały być nie tylko w formie druku, lecz przede wszystkim – w formie elektronicznej.</xText>
          <xText>Na marginesie godzi się też wspomnieć, że teza jakoby już w lutym 2013 r. podjęta została ostateczna decyzja o likwidacji czasopisma i zaprzestaniu edycji „papierowej”, a tym samym aby zlikwidowano stanowisko redaktora naczelnego, nie znajduje potwierdzenia w aktach Sądu rejestrującego czasopisma. Wniosek o wykreślenie <xAnon> (...)</xAnon> z rejestru czasopism zgłoszony został dopiero w maju 2013 r. – co więcej, zgłoszony został dopiero po tym, jak powódka wprost zarzuciła, że za pozornością likwidacji jej stanowiska przemawia fakt, że czasopismo, zgodnie z obowiązującymi przepisami, musi mieć redaktora naczelnego, a więc likwidacja jej stanowiska w praktyce oznaczałaby likwidację <xAnon> (...)</xAnon> jako czasopisma w rozumieniu ustawy.</xText>
          <xText>Z faktyczną likwidacją stanowiska pracy mamy do czynienia w sytuacji, gdy zadania związane z zajmowanym przez pracownika stanowiskiem przestają być wykonywane – bądź z uwagi na rozdzielenie obowiązków pomiędzy innych pracowników, bądź w związku z połączeniem tych obowiązków z innymi obowiązkami, bądź wobec zaniechania wykonywania tych obowiązków w ogóle. Z pozorną likwidacją stanowiska pracy mamy natomiast do czynienia wówczas, gdy konkretne stanowisko jest wprawdzie likwidowane, ale w jego miejsce jest tworzone inne stanowisko (o innej nazwie), które w istotnych elementach nie różni się od zlikwidowanego; z tego względu ocena, czy wystąpiła pozorna likwidacja stanowiska pracy, polega na porównaniu warunków zatrudnienia (treści stosunku pracy) na nowym stanowisku z tymi warunkami na stanowisku zlikwidowanym (wyrok Sądu Najwyższego z 4.09.2007 r., I PK 92/07, OSNP 2008/19-20/286). Powyższa sytuacja zaistniała w niniejszej sprawie. Wszyscy przesłuchani świadkowie zgodnie potwierdzili, że obowiązki wykonywane uprzednio przez powódkę obecnie wykonywane są przez nowozatrudnionego pracownika (<xAnon>D. P.</xAnon>) i sprowadzają się do nadzorowania pracy czasopisma poprzez przydzielanie pracy, dobór publikowanych materiałów prasowych, dobór fotografii, czy prowadzenie zebrań zespołu redakcyjnego. Jedyną różnicą pomiędzy obowiązkami <xAnon>D. P.</xAnon> i powódki jest to, że <xAnon>D. P.</xAnon> w przeciwieństwie do powódki nie przygotowuje sama publikacji prasowych. W tym miejscu jednakże należy zwrócić uwagę, że wskazany element pracy nie został <xIx>expressis verbis</xIx> wyartykułowany jako wyznacznik stanowiska powódki i jak wynika z argumentacji strony pozwanej nie był w ogóle w ocenie pracodawcy elementem decydującym o zlikwidowaniu stanowiska piastowanego przez powódkę. W związku z tym kwestia ta miała dla Sądu przy rozstrzygnięciu przedmiotowej sprawy znaczenie drugorzędne.</xText>
          <xText>Jak już wcześniej wskazano, za wiarygodnością twierdzeń świadków przemawia fakt, że w ten sam sposób, spójnie i logicznie, zakres obowiązków na „nowym” stanowisku koordynatora projektu internetowo-wydawniczego opisali niemal wszyscy pracownicy redakcji <xAnon> (...)</xAnon>. Ich relacja jest o tyle miarodajna i warta uwagi, że są oni bezpośrednimi podwładnymi koordynatora (a przedtem powódki), to ich pracę ta osoba nadzoruje i koordynuje, zaś przy realizowaniu swoich obowiązków mają stały, bieżący kontakt z nowym pracownikiem, mogą więc porównać zakres zadań <xAnon>D. P.</xAnon> z zakresem zadań powódki, zwłaszcza w tych kwestiach, które bezpośrednio wiążą się z ich czynnościami jako członków zespołu redakcyjnego.</xText>
          <xText>Z zebranego w sprawie materiału dowodowego nie wynika przy tym, by – jak to wywodziła strona pozwana – zmiana w charakterze pisma doprowadziła do faktycznego pojawienia się jakościowo nowych obowiązków przyznanych <xAnon>D. P.</xAnon>. Ciężar wykazania tej okoliczności spoczywał na pracodawcy, skoro to on wywodził, że nowe stanowisko utworzono wobec pojawienia się nowych obowiązków, których nie mogła realizować powódka w ramach swego stanowiska. Wszyscy świadkowie zaprzeczyli temu, aby koordynator objął jakiekolwiek nowe, istotne obowiązki. W ich odczuciu czynności wykonywane przez <xAnon>D. P.</xAnon> są tożsame z wykonywanymi uprzednio przez powódkę, z tym jedynie, że zmieniła się organizacja pracy, gdyż spotkania zespołu redakcyjnego są częstsze, a materiały publikowane są na bieżąco, a nie w określonym cyklu wydawniczym. Sąd wziął pod uwagę okoliczność, że wskazane fakty są przypuszczeniami pracowników, formułowanymi w oparciu o obserwację tego, jak <xAnon>D. P.</xAnon> z nimi współpracuje – jednakże strona pozwana nie przedstawiła dowodów, które potwierdzałyby, że istotnie doszło do zmiany zakresu wykonywanych czynności. Sam fakt zmiany formy realizowanego projektu poprzez położenie nacisku na publikację w formie elektronicznej nie zmienia jeszcze w radykalny sposób zakresu obowiązków kierownika redakcji, skoro to nie on zajmuje się technicznymi aspektami obsługi strony internetowej, publikowaniem materiałów w formie elektronicznej i obróbką poszczególnych elementów publikacji internetowej. Obowiązki kierownika redakcji nadal mają charakter organizacyjny, dotyczą koordynacji i technicznego oraz merytorycznego nadzoru nad publikowanymi materiałami, a także decydowania o tym, jakie materiały i w jakiej postaci są publikowane.</xText>
          <xText>Jak wskazano powyżej, podana w wypowiedzeniu umowy o pracę przyczyna rozwiązania stosunku pracy musi być przyczyną rzeczywistą w tym sensie, że to właśnie ona determinuje rozwiązanie umowy o pracę i nie jest jedynie pretekstem do zwolnienia pracownika. W toku postępowania pojawiły się natomiast dowody wskazujące na to, że pracodawca wypowiadając powódce umowę o pracę kierował się przyczynami innymi, niż te które wskazał w wypowiedzeniu. Z treści dokumentacji sporządzonej w postępowaniu prowadzonym przed Komisją Pojednawczą wynika, że <xAnon>E. M.</xAnon> (Dyrektor <xAnon>D.</xAnon><xAnon> (...)</xAnon> i <xAnon> (...)</xAnon>) wyraźnie wskazała (k.39, k.45), że powódkę zwolniono, gdyż w jej ocenie realizacja nowego projektu wymagała realizowania obowiązków, którym powódka nie będzie mogła sprostać, co jej zdaniem miało wynikać miało z braku doświadczenia w realizacji internetowych wydań czasopism, jak również z braku dobrej woli i chęci współpracy podczas wdrażania nowego projektu. <xAnon>E. M.</xAnon> wskazała również na zamiar zatrudnienia osoby koordynatora, który będzie w stanie przejąć obowiązki związane z planowanymi zmianami organizacyjnymi. Stanowisko prezentowane przez <xAnon>E. M.</xAnon> potwierdzone zostało również przez Rektora Politechniki <xAnon> (...)</xAnon><xAnon>T. W.</xAnon>, który wskazał (k.46), że nowe obowiązki związane z reorganizacją Sekcji <xAnon> (...)</xAnon> i przekształceniem dotychczasowej formy jego wydawania pełnić będzie osoba zatrudniona na stanowisku koordynatora. Jednocześnie Rektor oświadczył, że w jego ocenie powódka nie posiada wymaganych kompetencji, gdyż brakuje jej doświadczenia i umiejętności w tym zakresie. Oświadczenia te wskazują w sposób niebudzący wątpliwości, że podstawą wypowiedzenia umowy o pracę była nie tyle likwidacja stanowiska pracy, lecz raczej potrzeba zatrudnienia osoby posiadającej inne niż powódka kwalifikacje zawodowe oraz deklarującej większe zaangażowanie w realizację koncepcji projektu internetowo-wydawniczego pracodawcy. Przełożeni powódki co prawda wskazywali na „nowe obowiązki”, którym powódka nie będzie w stanie sprostać, ale jak już wyjaśniono wcześniej, w toku postępowania istnienie tego typu nowych obowiązków nie zostało wykazane. Sąd nie neguje uprawnienia pracodawcy do zatrudnienia na stanowisku kierownika redakcji osoby posiadającej inne niż powódka kwalifikacje zawodowe, czy też odmienne doświadczenie, potrzebne przy realizacji innego formatu wydawania czasopisma, jednakże oczekiwania te powinny zostać wyrażone wprost przez stronę pozwaną w wypowiedzeniu. Oświadczenia <xAnon>E. M.</xAnon> oraz Rektora Politechniki <xAnon> (...)</xAnon>, w których osoby te akcentują brak doświadczenia, kompetencji powódki oraz brak istnienia po jej stronie woli współpracy, wskazują iż faktyczne przyczyny wypowiedzenia umowy o pracę nie były zbieżne z przyczynami wskazanymi w pisemnym wypowiedzeniu. W związku zaś z tym, że powódka w wytoczonym powództwie nie domagała się przywrócenia do pracy, a jedynie odszkodowania, poza zakresem zainteresowania Sądu pozostawała kwestia zbadania, czy powódka sprawdziłaby się na stanowisku po zmianie formuły wydawniczej <xAnon> (...)</xAnon>.</xText>
          <xText>Z uwagi na powyższe Sąd uznał, że powództwo co do zasady zasługiwało na uwzględnienie, gdyż przyczyna wypowiedzenia stosunku pracy, wskazana w oświadczeniu pracodawcy, nie odpowiadała rzeczywistości, bowiem zmiany organizacyjne, na które powołał się pracodawca, nie skutkowały likwidacją stanowiska pracy powódki.</xText>
          
          <xText>Wysokość zasądzonego od strony pozwanej na rzecz powódki odszkodowania jest zbieżna z kwotą powołaną w żądaniu pozwu. Zgodnie z <xLexLink xArt="art. 47(1)" xIsapId="WDU19740240141" xTitle="Ustawa z dnia 26 czerwca 1974 r. - Kodeks pracy" xAddress="Dz. U. z 1974 r. Nr 24, poz. 141">art. 47<xSUPx>1</xSUPx> k.p.</xLexLink> odszkodowanie o którym mowa w <xLexLink xArt="art. 45" xIsapId="WDU19740240141" xTitle="Ustawa z dnia 26 czerwca 1974 r. - Kodeks pracy" xAddress="Dz. U. z 1974 r. Nr 24, poz. 141">art. 45</xLexLink>, przysługuje w wysokości wynagrodzenia za okres od 2 tygodni do 3 miesięcy, nie niższej jednak od wynagrodzenia za okres wypowiedzenia. Z uwagi na okres zatrudnienia powódki, okres wypowiedzenia w jej przypadku wynosił 3 miesiące (<xLexLink xArt="art. 36;art. 36 § 1;art. 36 § 1 pkt. 3" xIsapId="WDU19740240141" xTitle="Ustawa z dnia 26 czerwca 1974 r. - Kodeks pracy" xAddress="Dz. U. z 1974 r. Nr 24, poz. 141">art. 36 § 1 pkt 3 k.p.</xLexLink>). Powódka podczas pozostawania z pozwaną w stosunku pracy otrzymywała wynagrodzenie w wysokości 5.556,20 zł miesięcznie brutto, co potwierdzone zostało zaświadczeniem o zarobkach przedłożonym przez stronę pozwaną (k.24). Kwota odszkodowania odpowiadającego trzymiesięcznemu wynagrodzeniu powódki wynosiła zatem 16.668,60 zł. Taką też kwotę Sąd przyznał powódce w punkcie I wyroku.</xText>
          <xText>Rozstrzygając o odsetkach Sąd uznał, że roszczenie powódki nie stało się wymagalne w dacie wskazanej w żądaniu pozwu, a więc w dacie wniesienia pozwu. Ani z obowiązujących przepisów, ani też z natury samego odszkodowania należnego na podstawie <xLexLink xArt="art. 47(1)" xIsapId="WDU19740240141" xTitle="Ustawa z dnia 26 czerwca 1974 r. - Kodeks pracy" xAddress="Dz. U. z 1974 r. Nr 24, poz. 141">art. 47<xSUPx>1</xSUPx> k.p.</xLexLink> w zw. z <xLexLink xArt="art. 45" xIsapId="WDU19740240141" xTitle="Ustawa z dnia 26 czerwca 1974 r. - Kodeks pracy" xAddress="Dz. U. z 1974 r. Nr 24, poz. 141">art. 45 k.p.</xLexLink> nie wynika termin, w którym pracodawca powinien przedmiotowe odszkodowanie uiścić na rzecz pracownika. Powyższa wierzytelność staje się więc wymagalna dopiero wskutek wezwanie pracodawcy do zapłaty odszkodowania. Zgodnie z <xLexLink xArt="art. 455" xIsapId="WDU19640160093" xTitle="Ustawa z dnia 23 kwietnia 1964 r. - Kodeks cywilny" xAddress="Dz. U. z 1964 r. Nr 16, poz. 93">art. 455 k.c.</xLexLink> w zw. z <xLexLink xArt="art. 300" xIsapId="WDU19740240141" xTitle="Ustawa z dnia 26 czerwca 1974 r. - Kodeks pracy" xAddress="Dz. U. z 1974 r. Nr 24, poz. 141">art. 300 k.p.</xLexLink> spełnienie świadczenia przez dłużnika (pracodawcę) powinno nastąpić niezwłocznie po wezwaniu go przez wierzyciela (pracownika) do wykonania. Zwrot „niezwłocznie” należy rozumieć jako w realnym, uzasadnionym terminie, tj. w terminie, w którym dłużnik przy uwzględnieniu okoliczności miejsca i czasu oraz regulacji <xLexLink xArt="art. 354" xIsapId="WDU19640160093" xTitle="Ustawa z dnia 23 kwietnia 1964 r. - Kodeks cywilny" xAddress="Dz. U. z 1964 r. Nr 16, poz. 93">art. 354 k.c.</xLexLink> i <xLexLink xArt="art. 355" xIsapId="WDU19640160093" xTitle="Ustawa z dnia 23 kwietnia 1964 r. - Kodeks cywilny" xAddress="Dz. U. z 1964 r. Nr 16, poz. 93">art. 355 k.c.</xLexLink> będzie w stanie dokonać zapłaty. Sąd uznał, że w okolicznościach sprawy wezwanie pracodawcy do zapłaty nastąpiło w dniu doręczenia stronie pozwanej odpisu pozwu (a zatem 21.03.2013 r., k.28). Strona pozwana miała możliwość podjęcia decyzji dotyczącej wdania się w spór (wniesienia odpowiedzi na pozew) bądź dobrowolnego spełnienia świadczenia w ciągu 14 dni od dnia doręczenia odpisu pozwu, wobec czego Sąd ustalił, że po upływie tego terminy należność stała się wymagalna i w związku z tym zasądził odsetki od 5.04.2013 r., w pozostałej części powództwo o zapłatę odsetek oddalając.</xText>
          <xText>Mając powyższe na uwadze Sąd orzekł jak w punkcie I i II sentencji wyroku.</xText>
          
          <xText>Kierując się <xLexLink xArt="art. 477(2);art. 477(2) § 1" xIsapId="WDU19640430296" xTitle="Ustawa z dnia 17 listopada 1964 r. - Kodeks postępowania cywilnego" xAddress="Dz. U. z 1964 r. Nr 43, poz. 296">art. 477<xSUPx>2</xSUPx> § 1 k.p.c.</xLexLink>, zgodnie z którym zasądzając należność pracownika w sprawach z zakresu prawa pracy, sąd z urzędu nada wyrokowi przy jego wydaniu rygor natychmiastowej wykonalności w części nie przekraczającej pełnego jednomiesięcznego wynagrodzenia pracownika, Sąd w punkcie III sentencji nadał wyrokowi rygor natychmiastowej wykonalności do kwoty 5.556,20 zł, a więc kwoty równej jednomiesięcznemu wynagrodzeniu powódki.</xText>
          <xText>O kosztach postępowania Sąd orzekł na podstawie <xLexLink xArt="art. 100;art. 100 zd. 2" xIsapId="WDU19640430296" xTitle="Ustawa z dnia 17 listopada 1964 r. - Kodeks postępowania cywilnego" xAddress="Dz. U. z 1964 r. Nr 43, poz. 296">art. 100 zd. 2 k.p.c.</xLexLink>, obciążając stronę pozwaną obowiązkiem zwrócenia powódce całości poniesionych przez nią kosztów procesu, a to z uwagi na fakt, że powódka spór przegrała tylko w nieznacznej części (co do niewielkiej części roszczenia odsetkowego). Na koszty te złożyło się wynagrodzenie pełnomocnika w kwocie 60 zł, wynikające z § 11 ust. 1 pkt 1 w zw. z <xLexLink xArt="§ 2" xIsapId="WDU20021631349" xTitle="Rozporządzenie Ministra Sprawiedliwości z dnia 28 września 2002 r. w sprawie opłat za czynności radców prawnych oraz ponoszenia przez Skarb Państwa kosztów pomocy prawnej udzielonej przez radcę prawnego ustanowionego z urzędu" xAddress="Dz. U. z 2002 r. Nr 163, poz. 1349">§ 2 rozporządzenia Ministra Sprawiedliwości z 28.09.2002 r. w sprawie opłat za czynności radców prawnych oraz ponoszenia przez Skarb Państwa kosztów pomocy prawnej udzielonej przez radcę prawnego ustanowionego z urzędu</xLexLink> (Dz.U. z 2002 r., nr 163, poz. 1349 ze zm.). Za uznaniem, że koszty zastępstwa powinny być określone w oparciu o § 11 ust. 1 pkt 1 w/w rozporządzenia, nie zaś w oparciu o § 11 ust. 1 pkt 2 w zw. z § 6, przemawiał zdaniem Sądu fakt, iż sprawa o odszkodowanie za wypowiedzenie umowy na czas nieokreślony jest na tyle zbliżona do sprawy o przywrócenie do pracy (uznanie wypowiedzenia za bezskuteczne), że w świetle wykładni systemowej i celowościowej nie ma podstaw, by różnicować wynagrodzenie pełnomocnika w zależności o tego, jakie orzeczenie ostatecznie w sprawie zapadnie.</xText>
          
          <xText>O nieuiszczonych kosztach sądowych (punkt V wyroku) Sąd orzekł na podstawie art. 113 ust. 1 u.k.s.c., obciążając stronę pozwaną obowiązkiem uiszczenia opłaty sądowej od pozwu, od której powódka była zwolniona z mocy ustawy tj. kwoty 834 zł.</xText>
        </xUnit>
      </xBlock>
    </xPart>
  </judgement>
<judgement id="155025300522503_V_C_000188_2013_Uz_2013-10-31_001">
    <xPart xEditorFullName="Małgorzata Sofińska" xYear="2013" xLang="PL" xPublisherFullName="Małgorzata Sofińska" xFromPg="1" xEditor="msofinska" xVolType="15/502530/0522503/C" xPublisher="msofinska" xDocType="Uz" xVolNmbr="000188" xVersion="1.0" xToPage="3" xFlag="published">
      <xName>Wyrok+Uzasadnienie</xName>
      <xBlock>
        <xText>
          <xBx>Sygn. akt V C 188/13</xBx>
        </xText>
        
        <xUnit xIsTitle="true" xBold="true" xType="part">
          <xName>WYROK</xName>
          <xTitle>W IMIENIU RZECZYPOSPOLITEJ POLSKIEJ</xTitle>
          <xText xALIGNx="right">Dnia 30 sierpnia 2013 r.</xText>
          <xText>
            <xBx>Sąd Rejonowy w Trzebnicy V Zamiejscowy Wydział Cywilny z siedzibą w Miliczu </xBx>
          </xText>
          <xText>w składzie następującym:</xText>
          <xText>Przewodniczący: SSR Grażyna Wójcik</xText>
          <xText>Protokolant: Agnieszka Hasiak</xText>
          <xText>po rozpoznaniu w dniu 30 sierpnia 2013 r. w Miliczu</xText>
          <xText>sprawy z powództwa <xAnon>J. O.</xAnon> i <xAnon>C. O.</xAnon></xText>
          <xText>przeciwko <xAnon>A. N. R.</xAnon> w <xAnon>W.</xAnon>Oddział Terenowy we <xAnon>W.</xAnon></xText>
          <xText>o pozbawienie tytułu wykonawczego wykonalności</xText>
          
          <xUnit xIsTitle="false" xType="none">
            <xName xSffx=".">I</xName>
            <xText>pozbawia wykonalności w części ponad kwotę 418,37 zł, poczynając od dnia 1 marca 2013 r., tytuł wykonawczy w postaci wyroku Sądu Rejonowego w Miliczu wydanego w dniu 28 stycznia 2011 r. w sprawie I C 183/10, zaopatrzonego w klauzulę wykonalności z dnia 30 października 2012 r., w którym zasądzono od powoda <xAnon>J. O.</xAnon>na rzecz strony pozwanej <xAnon>A. N. R.</xAnon> w <xAnon>W.</xAnon>kwotę 6.894,89 zł (sześć tysięcy osiemset dziewięćdziesiąt cztery i 89/100) zł z ustawowymi odsetkami od dnia 23 sierpnia 2010 r. do dnia zapłaty oraz koszty postępowania w kwocie 1.458,00 zł.;</xText>
          </xUnit>
          <xUnit xIsTitle="false" xType="none">
            <xName xSffx=".">II</xName>
            <xText>umarza postępowanie w zakresie powództwa <xAnon>C. O.</xAnon>;</xText>
          </xUnit>
          <xUnit xIsTitle="false" xType="none">
            <xName xSffx=".">III</xName>
            <xText>zasądza od strony pozwanej na rzecz powoda <xAnon>J. O.</xAnon> kwotę 2.945,00 zł tytułem zwrotu kosztów procesu;</xText>
          </xUnit>
          <xUnit xIsTitle="false" xType="none">
            <xName xSffx=".">IV</xName>
            <xText>nie obciąża kosztami postępowania powódki <xAnon>C. O.</xAnon>.</xText>
          </xUnit>
          
          <xText>Sygn. akt V C 188/13</xText>
        </xUnit>
        <xUnit xIsTitle="true" xBold="true" xType="part">
          <xName>UZASADNIENIE</xName>
          <xText>Powodowie <xAnon>J. O.</xAnon>i <xAnon>C. O.</xAnon>w pozwie złożonym przeciwko <xAnon>A. N. R.</xAnon> w <xAnon>W.</xAnon>Oddział Terenowy we <xAnon>W.</xAnon>wnieśli <xBRx/>ostatecznie o pozbawienie wykonalności w całości tytułu wykonawczego w postaci wyroku Sądu Rejonowego w Miliczu wydanego w dniu 28 stycznia 2011 r. w sprawie o sygn. akt <xBRx/>I C 183/10, zaopatrzonego w klauzulę wykonalności z dnia 30 października 2012 r.</xText>
          <xText>Uzasadniając żądanie objęte pozwem podnieśli, iż uregulowali względem strony pozwanej należność wynikającą z wyżej wskazanego tytułu wykonawczego.</xText>
          <xText>Ponadto <xAnon>C. O.</xAnon> domagała się zwolnienia od egzekucji ruchomości <xBRx/>w postaci samochodu osobowego marki <xAnon>F. (...)</xAnon> o <xAnon>numerze rejestracyjnym (...)</xAnon>, którego jest współwłaścicielem. Zarządzeniem z dnia 26 marca 2013 r. żądanie w tym zakresie zostało wyłączone do odrębnego postępowania.</xText>
          <xText>Postanowieniem z dnia 8 kwietnia 2013 r. sprawdzono z urzędu i ustalono wartość przedmiotu sporu na kwotę 10.559,00 zł, która zaokrąglona w górę do pełnego złotego obejmuje: należność główną w wysokości 6.894,89 zł, odsetki ustawowe liczone od należności głównej od dnia 23 sierpnia 2010 r. do dnia złożenia niniejszego pozwu tj. 5 lutego 2013 r. w kwocie 2.205,23 zł oraz koszty procesu w wysokości 1.458,00 zł.</xText>
          <xText>W odpowiedzi na pozew strona pozwana <xAnon>A. N. R.</xAnon> Oddział Terenowy we <xAnon>W.</xAnon>, działając przez pełnomocnika w osobie radcy prawnego, wniosła <xBRx/>o oddalenie powództwa oraz o zasądzenie od powodów na jej rzecz kosztów postępowania, <xBRx/>w tym kosztów zastępstwa procesowego według norm przepisanych.</xText>
          <xText>Uzasadniając swoje stanowisko podniosła, iż zarówno na dzień złożenia wniosku <xBRx/>o wszczęcie egzekucji jak i w chwili obecnej powód pozostaje jej dłużnikiem. Przedstawiając w sposób szczegółowy sposób rozliczenia poszczególnych wpłat dokonanych przez powoda w łącznej wysokości 8.131,72 zł wskazała, iż na dzień skierowania do komornika wniosku egzekucyjnego tj. 14 listopada 2012 r. do zapłaty pozostała kwota należności głównej <xBRx/>w wysokości 706,52 zł wraz z odsetkami ustawowymi liczonymi od dnia 12 marca 2011 r. do dnia wystąpienia z wnioskiem egzekucyjnym w kwocie 154,51 zł, a także kosztami postępowania klauzulowego w wysokości 66,00 zł. Ponadto podała, iż po wszczęciu egzekucji organ egzekucyjny przekazał jej świadczenie w łącznej wysokości 695,81 zł, które w pierwszej kolejności zostało zarachowane na koszty zaliczki komorniczej, a następnie na należność główną i odsetki. Jednocześnie wskazała, iż na dzień 21 maja 2013 r. zadłużenie powoda składa się z należności głównej w wysokości 418,47 zł, odsetek ustawowych <xBRx/>w kwocie 12,22 zł naliczonych od powyższej kwoty od dnia 1 marca 2013 r. do dnia 21 maja 2013 r. oraz kosztów zastępstwa w postępowaniu egzekucyjnym w wysokości 300,00 zł <xBRx/>i w postępowaniu klauzulowym w kwocie 60,00 zł.</xText>
          <xText>Na rozprawie w dniu 14 czerwca 2013 r. powódka <xAnon>C. O.</xAnon> cofnęła pozew, a pełnomocnik strony pozwanej się temu nie sprzeciwił.</xText>
          <xText>Na rozprawie w dniu 21 sierpnia 2013 r. powód zanegował sposób rozliczenia wpłat dokonany przez stronę pozwaną. Jednocześnie zaznaczył, iż dokonując przedmiotowych wpłat wyraźnie wskazywał, że wpłaca je na poczet należności głównej.</xText>
          
          <xText xALIGNx="center">
            <xBx>Sąd ustalił następujący stan faktyczny:</xBx>
          </xText>
          
          <xText>W dniu 28 stycznia 2011 r. Sąd Rejonowy w Miliczu w sprawie o sygnaturze akt <xBRx/>I C 183/10 wydał wyrok, w którym zasądził od pozwanego <xAnon>J. O.</xAnon>na rzecz strony pozwanej <xAnon>A. N.</xAnon><xAnon>R.</xAnon> z siedzibą w <xAnon>W.</xAnon>kwotę 6.894,89 zł wraz <xBRx/>z odsetkami ustawowymi liczonymi od dnia 23 sierpnia 2010 r. do dnia zapłaty oraz kosztami postępowania w wysokości 1.458,00 zł.</xText>
          <xText>Świadczenie objęte niniejszym tytułem wykonawczym wynikało z łączącej strony <xAnon>umowy dzierżawy nr (...)- (...)</xAnon>.</xText>
          <xText>Powyższe orzeczenie uprawomocniło się w dniu 10 czerwca 2011 r.</xText>
          <xText>Wyżej wskazany tytuł egzekucyjny został zaopatrzony w klauzulę wykonalności <xBRx/>w dniu 30 października 2012 r.</xText>
          
          <xText>(okoliczności bezsporne, a ponadto akta Sądu Rejonowego w Miliczu, sygn. akt <xBRx/> I C 183/10)</xText>
          
          <xText>W dniu 15 listopada 2012 r. Komornik Sądowy przy Sądzie Rejonowym w Miliczu <xAnon>M. N.</xAnon> w oparciu o powyższy tytuł wykonawczy wszczął postępowanie egzekucyjne w sprawie o sygn. akt KM 1596/12.</xText>
          <xText>Egzekucja została skierowana do rachunku bankowego dłużnika, wierzytelności przysługujących dłużnikowi z różnych tytułów, ruchomości, nieruchomości oraz innych składników majątku dłużnika ustalonych przez komornika i ma na celu wyegzekwowanie następujących należności: należność główna w kwocie 6.894,89 zł, odsetki wyliczone na dzień 15 listopada 2012 r. w wysokości 2.001,72 zł oraz koszty procesu i klauzuli <xBRx/>w kwocie 1.458,00 zł, a także koszty postępowania egzekucyjnego.</xText>
          <xText>Postanowieniem wydanym w dniu 15 listopada 2012 r. organ egzekucyjny ustalił koszty zastępstwa prawnego w postępowaniu egzekucyjnym w kwocie 300,00 zł.</xText>
          
          <xText>(okoliczności bezsporne, a ponadto akta egzekucyjne KM 1596/12)</xText>
          
          <xText>Powód, tytułem spłaty przedmiotowego zobowiązania w dniu 2, 4, 11 i 16 marca <xBRx/>2011 r. dokonał na rzecz <xAnon>A. N. R.</xAnon>Oddział Terenowy we <xAnon>W.</xAnon>czterech wpłat w łącznej kwocie 8.131,72 zł.</xText>
          <xText>W tytule każdego przelewu wskazywał sygn. akt I C 183/10. Ponadto przy wpłatach na sumę 2.954,56 zł, 692,43 zł i 3.026,73 zł podał numer faktury, z której wynika zobowiązanie.</xText>
          
          <xText>(okoliczności bezsporne, a ponadto dowody wpłat k. 4)</xText>
          
          <xText>W związku z zakończeniem i rozliczeniem <xAnon>umowy dzierżawy nr (...)- (...)</xAnon><xAnon>A.</xAnon><xAnon>N. R.</xAnon>Oddział Terenowy we <xAnon>W.</xAnon>w dniu <xBRx/>13 marca 2013 r. dokonała zwrotu weksla in blanco.</xText>
          
          <xText>(okoliczności bezsporne, a ponadto protokół zwrotu weksla in blanco k. 47;</xText>
          <xText>pismo strony pozwanej z dnia 25 lutego 2013 r. k. 46)</xText>
          
          <xText xALIGNx="center">
            <xBx>Sąd zważył, co następuje:</xBx>
          </xText>
          
          <xText>Żądanie powoda w przeważającej części zasługuje na uwzględnienie.</xText>
          <xText>W przedmiotowej sprawie okoliczności faktyczne pozostawały bezsporne. Spór dotyczył kwestii prawnych związanych ze sposobem zarachowania przez <xAnon>A. N. R.</xAnon> poszczególnych wpłat dokonanych przez <xAnon>J. O.</xAnon>na poczet należności głównych i należności ubocznych, w sytuacji, gdy spełniając poszczególne świadczenia dłużnik oznaczył na poczet jakiego długu dokonuje spłaty. W konsekwencji <xBRx/>w przekonaniu powoda doszło do uregulowania świadczenia wynikającego z przedmiotowego tytułu wykonawczego w całości.</xText>
          <xText>Na wstępie wskazać należy, że ustalając stan faktyczny w sprawie Sąd oparł się na dokumentach zaoferowanych przez powoda albowiem brak było jakichkolwiek podstaw, by odmówić im przymiotu wiarygodności. Jednocześnie Sąd pominął dowód z przesłuchania stron uznając go za zbędny do wydania rozstrzygnięcia w niniejszej sprawie.</xText>
          <xText>Zgodnie z treścią <xLexLink xArt="art. 840;art. 840 § 1;art. 840 § 1 pkt. 2" xIsapId="WDU19640430296" xTitle="Ustawa z dnia 17 listopada 1964 r. - Kodeks postępowania cywilnego" xAddress="Dz. U. z 1964 r. Nr 43, poz. 296">art. 840 § 1 pkt 2 k.p.c.</xLexLink> dłużnik może w drodze powództwa żądać pozbawienia tytułu wykonawczego wykonalności w całości lub części albo ograniczenia, jeżeli po powstaniu tytułu egzekucyjnego nastąpiło zdarzenie, wskutek którego zobowiązanie wygasło albo nie może być egzekwowane. Jeżeli tytułem wykonawczym jest orzeczenie sądowe, dłużnik może także oprzeć powództwo na zdarzeniach, które nastąpiły po zamknięciu rozprawy, jak również na zarzucie spełnienia świadczenia, jeżeli zarzut ten nie był przedmiotem rozpoznania w sprawie.</xText>
          <xText>Powyższy przepis stwarza podstawę do zwalczania tytułu wykonawczego w przypadku, gdy już po powstaniu tytułu egzekucyjnego zaszły zdarzenia prowadzące do wygaśnięcia zobowiązania lub wskutek których zobowiązanie nie może być egzekwowane, np.: spełnienie świadczenia, potrącenie, odnowienie, zwolnienie z długu, odroczenie spełnienia świadczenia czy też przedawnienie roszczenia.</xText>
          <xText>Zasady zaliczania zapłaty na poczet poszczególnych długów zostały uregulowane<xBRx/>w przepisie <xLexLink xArt="art. 451" xIsapId="WDU19640160093" xTitle="Ustawa z dnia 23 kwietnia 1964 r. - Kodeks cywilny" xAddress="Dz. U. z 1964 r. Nr 16, poz. 93">art. 451 k.c.</xLexLink> Stosownie do treści <xLexLink xArt="art. 451;art. 451 § 1" xIsapId="WDU19640160093" xTitle="Ustawa z dnia 23 kwietnia 1964 r. - Kodeks cywilny" xAddress="Dz. U. z 1964 r. Nr 16, poz. 93">art. 451 § 1 k.c.</xLexLink> dłużnik mający względem tego samego wierzyciela kilka długów tego samego rodzaju może przy spełnieniu świadczenia wskazać, który dług chce zaspokoić. Jednakże to, co przypada na poczet danego długu, wierzyciel może przede wszystkim zaliczyć na związane z tym długiem zaległe należności uboczne oraz na zalegające świadczenia główne.</xText>
          <xText>Z powyższego przepisu wynika, że w zasadzie o sposobie zarachowania wpłaty na poczet długu decyduje wola dłużnika, wyrażona przy zapłacie w sytuacji, gdy ma kilka długów wobec tego samego wierzyciela. Może on w takiej sytuacji, spełniając świadczenie, wskazać, który z długów przez swoje świadczenia zamierza zaspokoić. Dłużnik, o ile <xBRx/>w ramach zaspokajanego długu nie występują zaległe należności uboczne (np. odsetki) czy zalegające świadczenia główne, nie jest ograniczony w zakresie dokonanego wyboru. Prawo dłużnika jest tamowane uprawnieniami wierzyciela, który ma prawo zaspokojenia z tego, co przypada na rachunek danego długu, przede wszystkim zaległych należności ubocznych oraz zalegających świadczeń głównych. W stosunku do sposobu zarachowania dokonanego przez wierzyciela dłużnikowi nie przysługuje prawo sprzeciwu. Głównym motywem przyznania wierzycielowi przywileju modyfikowania oczekiwanego przez dłużnika sposobu zarachowania wpłat jest wzgląd na okoliczność, że świadczenia, co do których wierzycielowi przyznano prawo decydowania o sposobie zarachowania, przedawniają się w krótszym czasie niż świadczenia główne.</xText>
          <xText><xLexLink xArt="art. 451;art. 451 § 1;art. 451 § 1 zd. 2" xIsapId="WDU19640160093" xTitle="Ustawa z dnia 23 kwietnia 1964 r. - Kodeks cywilny" xAddress="Dz. U. z 1964 r. Nr 16, poz. 93">Artykuł 451 § 1 zdanie drugie k.c.</xLexLink> stosuje się także wtedy, gdy dłużnik spełniający świadczenie ma wobec wierzyciela jeden tylko dług złożony z należności głównej oraz odsetek. Wierzyciel zatem decyduje o zarachowaniu spełnionego świadczenia na poczet należnych odsetek. Uprawnienia wierzyciela w tym względzie nie wyłącza odmienna wola dłużnika wyrażona przy spełnianiu świadczenia. Wierzyciel nie jest zobowiązany informować dłużnika o zaliczeniu spełnionego świadczenia na poczet należności z tytułu odsetek; nie jest także zobowiązany do wystawienia pokwitowania, z którego treści wynika, że dokonał takiego zaliczenia. <xLexLink xArt="art. 462;art. 462 § 1" xIsapId="WDU19640160093" xTitle="Ustawa z dnia 23 kwietnia 1964 r. - Kodeks cywilny" xAddress="Dz. U. z 1964 r. Nr 16, poz. 93">Artykuł 462 § 1 k.c.</xLexLink> daje dłużnikowi uprawnienie do żądania od wierzyciela pokwitowania, ale obowiązek wystawienia takiego pokwitowania, obwarowany sankcjami (por. <xLexLink xArt="art. 463" xIsapId="WDU19640160093" xTitle="Ustawa z dnia 23 kwietnia 1964 r. - Kodeks cywilny" xAddress="Dz. U. z 1964 r. Nr 16, poz. 93">art. 463 k.c.</xLexLink>), powstaje dopiero po zgłoszeniu przez dłużnika takiego żądania (tak Sąd Najwyższy w wyroku z dnia 09.02.2005 r., sygn. II CK 433/04, LEX nr 284127 <xBRx/>i w wyroku z dnia 07.04.2004 r., sygn. IV CK 211/03, LEX nr 182076). Zatem w wypadku istnienia jednego długu wraz z należnościami ubocznymi wierzyciel nie jest związany wyborem sposobu zaliczenia zapłaty dokonanym przez dłużnika. Nawet wtedy, gdy dłużnik, spełniając świadczenie, wyraźnie stwierdzi, że spłaca należność główną, wierzyciel nie jest wyborem związany i może zaliczyć wpłatę na należności uboczne.</xText>
          <xText>Powyższy przepis nie znajduje zastosowania w toku postępowania egzekucyjnego, kiedy to o sposobie zaliczenia długu decyduje wyłącznie wierzyciel.</xText>
          <xText>Jednocześnie należy wskazać, że koszty egzekucyjne nie są należnością uboczną <xBRx/>w rozumieniu <xLexLink xArt="art. 451" xIsapId="WDU19640160093" xTitle="Ustawa z dnia 23 kwietnia 1964 r. - Kodeks cywilny" xAddress="Dz. U. z 1964 r. Nr 16, poz. 93">art. 451 k.c.</xLexLink>, lecz odrębnym długiem, który powstaje w związku z podjęciem czynności egzekucyjnych (tak Sąd Najwyższy w wyroku z dnia 8 marca 2002 r., III CKN 548/00, LEX nr 74799).</xText>
          <xText>W niniejszym postępowaniu mamy do czynienia z długiem składającym się z pretensji głównej oraz należności ubocznych w postaci odsetek za opóźnienie i kosztów postępowania. Pozwany w dowodach wpłat wskazywał w tytule zapłaty sygnaturę akt postępowania <xBRx/>w którym wydano przedmiotowy tytuł wykonawczy, a ponadto numer faktury z których wynikało roszczenie. Jednocześnie należy zaznaczyć, iż powołane w tytule przelewu faktury opiewały na znacznie wyższe kwoty aniżeli dokonywane wpłaty, a z potwierdzenia przelewu w żaden sposób nie wynika, iż powód dokonując poszczególnych wpłat, chciał zaspokoić należność główną. <xAnon>J. O.</xAnon> nie przedłożył też pokwitowania z którego wynikałby sposób zaliczenia przez stronę pozwana jego wpłat. Oświadczenie w tym zakresie strona pozwana złożyła w odpowiedzi na pozew wskazując, iż wpłacane kwoty zarachowała na poczet należności głównej i odsetek, a wpłatę w wysokości 1.458,00 zł zaliczyła w całości na koszty procesu.</xText>
          <xText>Mając powyższe na uwadze należy wskazać, iż rozliczenie świadczenia objętego przedmiotowym tytułem wykonawczym powinno nastąpić w przedstawiony poniżej sposób. Powód dokonał pierwszej wpłaty w dniu 2 marca 2011 r., a więc należne na ten dzień odsetki ustawowe (liczone od kwoty 6.894,89 zł od dnia 23 sierpnia 2010 r.) stanowią kwotę 471,40 zł. Wpłacona kwota w wysokości 692,43 zł powinna zostać zarachowana w pierwszej kolejności na poczet odsetek ustawowych (471,40 zł.), a jej pozostała część na należność główną (221,03 zł). W tej sytuacji do zapłaty pozostaje należność główna w wysokości 6.673,86 zł (6.894,89 zł – 221,03 zł) oraz odsetki ustawowe liczone od tej kwoty od dnia <xBRx/>3 marca 2011 r.</xText>
          <xText>Kolejna wpłata dokonana w dniu 4 marca 2011 r. w kwocie 3.026,73 zł powinna zostać zaliczona na poczet odsetek ustawowych wyliczonych na dzień zapłaty (4,80 zł) oraz na pretensję główną (3.021,98 zł). Do zapłaty pozostaje więc należność główna w kwocie 3.651,93 zł (6.673,86 zł - 3.021,98 zł) oraz odsetki ustawowe liczone od tej kwoty od dnia <xBRx/>5 marca 2011 r. do dnia zapłaty.</xText>
          <xText>Trzecią wpłatę dokonaną przez powoda w dniu 11 marca 2011 r. w wysokości 2.954,56 zł zarachowano w następujący sposób: odsetki ustawowe wyliczone na dzień zapłaty (9,10 zł) oraz kwota główna 2.945,46 zł Do zapłaty pozostaje należność główna w wysokości 706,47 zł (3.651,93 zł - 2.945,46 zł) wraz z odsetkami ustawowymi liczonymi od tej kwoty od dnia 12 marca 2011 r. do dnia zapłaty.</xText>
          <xText>Ostatnia wpłata z dnia 16 marca 2011 r. w kwocie 1.458,00 zł zarachowano w całości na koszty procesu.</xText>
          <xText>Na dzień wszczęcia postępowania egzekucyjnego tj. 15 listopada 2012 r. zaległość powoda względem strony pozwanej wynosiła łączną kwotę 861,17 zł (należność główna 706,47 zł wraz z odsetkami ustawowymi naliczonymi od tej kwoty od dnia 12 marca 2012 r. do dnia wszczęcia egzekucji w wysokości 154,70 zł). W dniu 16 stycznia 2013 r. komornik przekazał wierzycielowi świadczenie w wysokości 624,04 zł. Kwota ta powinna zostać rozliczona w następujący sposób: kwota 224,01 zł na poczet zaliczki uiszczonej przez wierzyciela komornikowi, kwota 6,00 zł tytułem kosztów opłaty kancelaryjnej poniesionej <xBRx/>w związku z zaopatrzeniem tytułu egzekucyjnego w klauzulę wykonalności oraz kwota 170,30 zł na poczet odsetek ustawowych. Pozostała część świadczenia przekazanego wierzycielowi tj. kwota 223,73 należało zaliczyć na poczet należności głównej. Wobec powyższego kwota pretensji głównej, która pozostała do zapłaty wynosi 482,74 zł (706,47 zł – 223,73 zł) wraz z odsetkami ustawowymi liczonymi od tej kwoty od dnia 17 stycznia <xBRx/>2013 r. do dnia zapłaty.</xText>
          <xText>Kolejnej wpłaty na rzecz <xAnon>A. N. R.</xAnon> komornik dokonał w dniu 28 lutego 2013 r. w wysokości 71,77 zł. Świadczenie to powinno zostać zarachowane na należność odsetkową (7,40 zł), a pozostała część na należność główną (64,37 zł). W tej sytuacji do zapłaty pozostaje należność główna w kwocie 418,37 zł wraz z odsetkami ustawowymi należnymi od tej kwoty od dnia 1 marca 2013 r.</xText>
          <xText>Skoro doszło do częściowego wykonania zobowiązania (<xLexLink xArt="art. 450" xIsapId="WDU19640160093" xTitle="Ustawa z dnia 23 kwietnia 1964 r. - Kodeks cywilny" xAddress="Dz. U. z 1964 r. Nr 16, poz. 93">art. 450 k.c.</xLexLink>), zobowiązanie w tej części wygasło i dlatego w oparciu o <xLexLink xArt="art. 840;art. 840 § 1;art. 840 § 1 pkt. 2" xIsapId="WDU19640430296" xTitle="Ustawa z dnia 17 listopada 1964 r. - Kodeks postępowania cywilnego" xAddress="Dz. U. z 1964 r. Nr 43, poz. 296">art. 840 § 1 pkt 2 k.p.c.</xLexLink> pozbawiono tytuł wykonawczy wykonalności w części jak w pkt I sentencji wyroku.</xText>
          <xText>W pozostałym zakresie powództwo podlegało oddaleniu, przy czym nie zostało to uwzględnione w sentencji wyroku.</xText>
          <xText>W <xLexLink xArt="art. 355 § 2 pkt. 2" xIsapId="WDU19640430296" xTitle="Ustawa z dnia 17 listopada 1964 r. - Kodeks postępowania cywilnego" xAddress="Dz. U. z 1964 r. Nr 43, poz. 296">pkt II</xLexLink> w oparciu o przepis <xLexLink xArt="art. 355;art. 355 § 1;art. 355 § 2" xIsapId="WDU19640430296" xTitle="Ustawa z dnia 17 listopada 1964 r. - Kodeks postępowania cywilnego" xAddress="Dz. U. z 1964 r. Nr 43, poz. 296">art. 355 § 1 i 2 k.p.c.</xLexLink> orzeczono o umorzeniu postępowania w zakresie powództwa <xAnon>C. O.</xAnon> uznając, iż pozew został skutecznie wycofany.</xText>
          <xText>Orzeczenie o kosztach procesu w pkt III sentencji wyroku Sąd oparł o <xLexLink xArt="art. 98" xIsapId="WDU19640430296" xTitle="Ustawa z dnia 17 listopada 1964 r. - Kodeks postępowania cywilnego" xAddress="Dz. U. z 1964 r. Nr 43, poz. 296">art. 98 k.p.c.</xLexLink><xBRx/>i <xLexLink xArt="art. 100" xIsapId="WDU19640430296" xTitle="Ustawa z dnia 17 listopada 1964 r. - Kodeks postępowania cywilnego" xAddress="Dz. U. z 1964 r. Nr 43, poz. 296">art. 100 k.p.c.</xLexLink> Mając na uwadze fakt, iż powód przegrał proces tylko w nieznacznej części (3,9 %), Sąd obciążył stronę pozwaną w całości kosztami sądowymi poniesionymi przez <xAnon>J. O.</xAnon>, tj.: opłatą sądową w wysokości 528,00 zł oraz kosztami zastępstwa procesowego w kwocie 2.417,00 zł.</xText>
          <xText>Wynagrodzenie pełnomocnika powoda zostało ustalone w oparciu o § 2 ust. 1 i § 6 pkt 5 rozporządzenia Ministra Sprawiedliwości z dnia 28 września 2002 r. w sprawie opłat za czynności adwokackie oraz ponoszenia przez Skarb Państwa kosztów nieopłaconej pomocy prawnej z urzędu (Dz. U. Nr 163, poz. 1348 z późn. zm.).</xText>
          <xText>Orzeczenie o kosztach w pkt IV wyroku opiera się na przepisie <xLexLink xArt="art. 102" xIsapId="WDU19640430296" xTitle="Ustawa z dnia 17 listopada 1964 r. - Kodeks postępowania cywilnego" xAddress="Dz. U. z 1964 r. Nr 43, poz. 296">art. 102 k.p.c.</xLexLink> Wprawdzie w odniesieniu do odpowiedzialności z tytułu kosztów postępowania, stronę cofającą pozew należy uznać za stronę przegrywającą proces w rozumieniu <xLexLink xArt="art. 98;art. 98 § 1" xIsapId="WDU19640430296" xTitle="Ustawa z dnia 17 listopada 1964 r. - Kodeks postępowania cywilnego" xAddress="Dz. U. z 1964 r. Nr 43, poz. 296">art. 98 § 1 k.p.c.</xLexLink> Jednakże Sąd wziął pod uwagę okoliczność, iż powódka w istocie domagała się wyłącznie wyłączenia od egzekucji ruchomości w postaci samochodu osobowego, a ujecie tego żądania w niniejszym pozwie wynikało z jej nieporadności.</xText>
          
          <xText>
            <xBx>Zarządzenia:</xBx>
          </xText>
          
          <xUnit xIsTitle="false" xType="none">
            <xName xSffx=".">1</xName>
            <xText>
              <xAnon>(...)</xAnon>
            </xText>
          </xUnit>
          <xUnit xIsTitle="false" xType="none">
            <xName xSffx=".">2</xName>
            <xText><xAnon>(...)</xAnon><xBRx/><xAnon>(...)</xAnon>. <xAnon>A. K.</xAnon>,</xText>
          </xUnit>
          <xUnit xIsTitle="false" xType="none">
            <xName xSffx=".">3</xName>
            <xText>
              <xAnon>(...)</xAnon>
            </xText>
          </xUnit>
          <xUnit xIsTitle="false" xType="none">
            <xName xSffx=".">4</xName>
            <xText>
              <xAnon>(...)</xAnon>
            </xText>
          </xUnit>
          
          <xText><xAnon>M.</xAnon>, <xAnon>(...)</xAnon></xText>
        </xUnit>
      </xBlock>
    </xPart>
  </judgement>
<judgement id="155015350001006_II_K_000338_2012_Uz_2013-09-02_002">
    <xPart xEditorFullName="Bożena Porcz" xYear="2012" xLang="PL" xPublisherFullName="Bożena Porcz" xFromPg="1" xEditor="bporc_sropole" xVolType="15/501535/0001006/K" xPublisher="bporc_sropole" xDocType="Uz" xVolNmbr="000338" xVersion="1.0" xToPage="11" xFlag="published">
      <xName>Wyrok+Uzasadnienie</xName>
      <xBlock>
        <xText>Sygn. akt<xBx> II K 338/12</xBx></xText>
        <xText>( 2 Ds. 332/12 )</xText>
        <xUnit xIsTitle="true" xBold="true" xType="part">
          <xName>WYROK</xName>
          <xTitle>W IMIENIU RZECZYPOSPOLITEJ POLSKIEJ</xTitle>
          <xText xALIGNx="right"> Dnia 2 września 2013 r.</xText>
          
          <xText><xBx>Sąd Rejonowy w Opolu w II Wydziale Karnym</xBx> w składzie:</xText>
          <xText>Przewodniczący SSR Małgorzata Marciniak</xText>
          <xText>Protokolant sekr. sąd. Bożena Dybała</xText>
          <xText>Prokurator Prokuratury Rejonowej w Opolu Przemysław Grzesiak</xText>
          <xText>po rozpoznaniu w dniach: 6 sierpnia 2012 r., 19 listopada 2012 r., 25 lutego 2013 r., 18 marca 2013 r., 22 kwietnia 2013 r., 20 maja 2013 r., 27 czerwca 2013 r. i 2 września 2013 r. sprawy:</xText>
          
          <xText>
            <xBx><xAnon>J. K. (1)</xAnon> (<xAnon>K.</xAnon>), s. <xAnon>R.</xAnon> i <xAnon>J.</xAnon> z domu <xAnon>W.</xAnon>, <xAnon>ur. (...)</xAnon> w miejscowości <xAnon>G.</xAnon></xBx>
          </xText>
          
          <xText>oskarżonego o to, że:</xText>
          <xText>w okresie od początku marca 2009r. do 29 marca 2009r. i od początku czerwca 2011 r. do 23 grudnia 2011r. w <xAnon>O.</xAnon> przy <xAnon>ul. (...)</xAnon> znęcał się psychicznie i fizycznie nad swoją matką <xAnon>J. K. (2)</xAnon>, w ten sposób że wszczynał awantury domowe, zakłócał spokój i ciszę nocną groził w/w pozbawieniem zdrowia i życia, wielokrotnie popychał ją na urządzenia domowe, używał wobec niej słów powszechnie używanych za obelżywe, a ponadto 29 marca 2009r. dusząc rękoma za szyję, szarpiąc za ramiona, rzucając na podłogę i kopiąc w/w po całym ciele, spowodował u swojej matki <xAnon>J. K. (2)</xAnon> obrażenia ciała w postaci powierzchniowego otarcia naskórka na twarzy, ranę tłuczoną okolicy łuku brwiowego prawego, podbiegnięć krwawych na przedramionach oraz płatowe otarcia naskórka na przedramieniu, a powyższe obrażenia spowodowały naruszenie czynności narządów ciała i rozstrój zdrowia trwający nie dłużej niż dni 7, co stanowi skutek o jakim mowa w <xLexLink xArt="art. 157;art. 157 § 2" xIsapId="WDU19970880553" xTitle="Ustawa z dnia 6 czerwca 1997 r. - Kodeks karny" xAddress="Dz. U. z 1997 r. Nr 88, poz. 553">art. 157§2kk</xLexLink></xText>
          <xText>
            <xBx>tj. o przestępstwo z <xLexLink xArt="art. 207;art. 207 § 1" xIsapId="WDU19970880553" xTitle="Ustawa z dnia 6 czerwca 1997 r. - Kodeks karny" xAddress="Dz. U. z 1997 r. Nr 88, poz. 553">art. 207§1kk</xLexLink> w zw. z <xLexLink xArt="art. 157;art. 157 § 2" xIsapId="WDU19970880553" xTitle="Ustawa z dnia 6 czerwca 1997 r. - Kodeks karny" xAddress="Dz. U. z 1997 r. Nr 88, poz. 553">art. 157§2kk</xLexLink> przy zast. <xLexLink xArt="art. 11;art. 11 § 2" xIsapId="WDU19970880553" xTitle="Ustawa z dnia 6 czerwca 1997 r. - Kodeks karny" xAddress="Dz. U. z 1997 r. Nr 88, poz. 553">art. 11§2kk</xLexLink></xBx>
          </xText>
          
          <xUnit xIsTitle="false" xType="none">
            <xName xSffx=".">I</xName>
            <xText>uznaje oskarżonego <xBx><xAnon>J. K. (1)</xAnon></xBx> za winnego popełnienia zarzucanego mu czynu, opisanego w części wstępnej wyroku z tym, że przyjmuje imię pokrzywdzonej <xAnon>J.</xAnon> w miejsce błędnie wpisanego w zarzucie aktu oskarżenia imienia <xAnon>J.</xAnon>, tj. występku z <xLexLink xArt="art. 207;art. 207 § 1" xIsapId="WDU19970880553" xTitle="Ustawa z dnia 6 czerwca 1997 r. - Kodeks karny" xAddress="Dz. U. z 1997 r. Nr 88, poz. 553">art. 207 § 1 kk</xLexLink> w zw. z <xLexLink xArt="art. 157;art. 157 § 2" xIsapId="WDU19970880553" xTitle="Ustawa z dnia 6 czerwca 1997 r. - Kodeks karny" xAddress="Dz. U. z 1997 r. Nr 88, poz. 553">art. 157 § 2 kk</xLexLink> przy zast. <xLexLink xArt="art. 11;art. 11 § 2" xIsapId="WDU19970880553" xTitle="Ustawa z dnia 6 czerwca 1997 r. - Kodeks karny" xAddress="Dz. U. z 1997 r. Nr 88, poz. 553">art. 11 § 2 kk</xLexLink> i za to na podstawie 207 <xLexLink xArt="§ 1" xIsapId="WDU19970880553" xTitle="Ustawa z dnia 6 czerwca 1997 r. - Kodeks karny" xAddress="Dz. U. z 1997 r. Nr 88, poz. 553">§ 1 kk</xLexLink> przy zast. <xLexLink xArt="art. 11;art. 11 § 3" xIsapId="WDU19970880553" xTitle="Ustawa z dnia 6 czerwca 1997 r. - Kodeks karny" xAddress="Dz. U. z 1997 r. Nr 88, poz. 553">art. 11 § 3 kk</xLexLink> orzeka karę 1 (jednego) roku pozbawienia wolności,</xText>
          </xUnit>
          <xUnit xIsTitle="false" xType="none">
            <xName xSffx=".">II</xName>
            <xText>
              <xBx>na podstawie <xLexLink xArt="art. 69;art. 69 § 1" xIsapId="WDU19970880553" xTitle="Ustawa z dnia 6 czerwca 1997 r. - Kodeks karny" xAddress="Dz. U. z 1997 r. Nr 88, poz. 553">art. 69 § 1 k.k.</xLexLink> i <xLexLink xArt="art. 70;art. 70 § 1;art. 70 § 1 pkt. 1" xIsapId="WDU19970880553" xTitle="Ustawa z dnia 6 czerwca 1997 r. - Kodeks karny" xAddress="Dz. U. z 1997 r. Nr 88, poz. 553">art. 70 § 1 pkt 1 k.k.</xLexLink> wykonanie orzeczonej oskarżonemu kary pozbawienia wolności warunkowo zawiesza na okres próby 2 (dwóch) lat,  </xBx>
            </xText>
          </xUnit>
          <xUnit xIsTitle="false" xType="none">
            <xName xSffx=".">III</xName>
            <xText>na podstawie <xLexLink xArt="art. 63;art. 63 § 1" xIsapId="WDU19970880553" xTitle="Ustawa z dnia 6 czerwca 1997 r. - Kodeks karny" xAddress="Dz. U. z 1997 r. Nr 88, poz. 553">art. 63 § 1 kk</xLexLink> na poczet orzeczonej kary pozbawienia wolności zalicza oskarżonemu okres zatrzymania w dniu 21 marca 2012 r.,</xText>
          </xUnit>
          <xUnit xIsTitle="false" xType="none">
            <xName xSffx=".">IV</xName>
            <xText>na podstawie <xLexLink xArt="art. 72;art. 72 § 1;art. 72 § 1 pkt. 5" xIsapId="WDU19970880553" xTitle="Ustawa z dnia 6 czerwca 1997 r. - Kodeks karny" xAddress="Dz. U. z 1997 r. Nr 88, poz. 553">art. 72 § 1 pkt 5 kk</xLexLink> zobowiązuje oskarżonego do powstrzymania się od nadużywania alkoholu,</xText>
          </xUnit>
          <xUnit xIsTitle="false" xType="none">
            <xName xSffx=".">V</xName>
            <xText>
              <xBx>na podstawie <xLexLink xArt="art. 46;art. 46 § 2" xIsapId="WDU19970880553" xTitle="Ustawa z dnia 6 czerwca 1997 r. - Kodeks karny" xAddress="Dz. U. z 1997 r. Nr 88, poz. 553">art. 46 § 2 kk</xLexLink> zasądza od oskarżonego na rzecz pokrzywdzonej <xAnon>J. K. (3)</xAnon> nawiązkę w kwocie 500 zł, </xBx>
            </xText>
          </xUnit>
          <xUnit xIsTitle="false" xType="none">
            <xName xSffx=".">VI</xName>
            <xText>
              <xBx>na podstawie <xLexLink xArt="§ 14;§ 14 ust. 2;§ 14 ust. 2 pkt. 3;§ 16" xIsapId="WDU20021631348" xTitle="Rozporządzenie Ministra Sprawiedliwości z dnia 28 września 2002 r. w sprawie opłat za czynności adwokackie oraz ponoszenia przez Skarb Państwa kosztów nieopłaconej pomocy prawnej udzielonej z urzędu" xAddress="Dz. U. z 2002 r. Nr 163, poz. 1348">§14 ust. 2 pkt 3 i §16 Rozporządzenia Ministra Sprawiedliwości z dnia 28 września 2002 r. w sprawie opłat za czynności adwokackie oraz ponoszenia przez Skarb Państwa kosztów nieopłaconej pomocy prawnej udzielonej z urzędu</xLexLink> (Dz. U. Nr 163, poz. 1348, z późn. zm.) zasądza od Skarbu Państwa na rzecz adw. <xAnon>M. Ś.</xAnon> z Kancelarii Adwokackiej w <xAnon>O.</xAnon>, kwotę 929,88 (dziewięćset dwadzieścia dziewięć 88/100) zł w tym podatek VAT w kwocie 173,88 (sto siedemdziesiąt trzy 88/100) zł, tytułem obrony z urzędu, </xBx>
            </xText>
          </xUnit>
          <xUnit xIsTitle="false" xType="none">
            <xName xSffx=".">VII</xName>
            <xText>na podstawie <xLexLink xArt="art. 624;art. 624 § 1" xIsapId="WDU19970890555" xTitle="Ustawa z dnia 6 czerwca 1997 r. - Kodeks postępowania karnego" xAddress="Dz. U. z 1997 r. Nr 89, poz. 555">art. 624 § 1 k.p.k.</xLexLink> i <xLexLink xArt="art. 17;art. 17 ust. 1" xIsapId="WDU19730270152" xTitle="Ustawa z dnia 23 czerwca 1973 r. o opłatach w sprawach karnych" xAddress="Dz. U. z 1973 r. Nr 27, poz. 152">art. 17 ust 1 ustawy z dnia 23 czerwca 1973 r. o opłatach w sprawach karnych</xLexLink> (tekst jednolity Dz. U. 1983 r. Nr 49, poz. 223 z późn. zm.) zwalnia oskarżonego w całości od zapłaty na rzecz Skarbu Państwa kosztów sądowych.</xText>
          </xUnit>
          
          <xText>Sygn. akt II K 338/12</xText>
        </xUnit>
        <xUnit xIsTitle="true" xBold="true" xType="part">
          <xName>UZASADNIENIE</xName>
          <xText>
            <xBx>W toku przeprowadzonego postępowania dowodowego Sąd ustalił następujący stan faktyczny:</xBx>
          </xText>
          <xText>Od początku marca 2009 r. do dnia 29 marca 2009 r. pokrzywdzona <xAnon>J. K. (3)</xAnon> zamieszkiwała wraz z synem – oskarżonym <xAnon>J. K. (1)</xAnon>, w mieszkaniu przy <xAnon>ul. (...)</xAnon> w <xAnon>O.</xAnon>. Stosunki pomiędzy w/w nie układały się poprawnie. Oskarżony bowiem nadużywał alkoholu, wielokrotnie wszczynał awantury, podczas których wyzywał matkę, szarpał, popychał, groził jej.</xText>
          <xText>W dniu 29 marca 2009 r. około godz. 20.00 pokrzywdzona udała się do toalety. Oskarżony chwycił ją rękami za gardło, zaczął dusić. Następnie szarpał ją trzymając za ramiona i uderzył głową o ścianę, rozbijając skroń. Po pewnym czasie pokrzywdzona zdołała się wyrwać i wybiegła do przedpokoju, chcąc uciec z mieszkania. Przy drzwiach wyjściowych oskarżony złapał ją ponownie, zaczął szarpać, przewrócił na podłogę, kopał z całej siły. <xAnon>J. K. (3)</xAnon> krzyczała wzywając pomocy: „ratunku on chce mnie zabić”. Po jakim czasie oskarżony opuścił mieszkanie krzycząc: „żebyś zdechła stara kurwo”. Pokrzywdzona zadzwoniła na policję. Miała całą koszulę nocną we krwi. Pogotowie zabrało ją do szpitala.</xText>
          <xText>
            <xBx>Dowód:</xBx>
          </xText>
          <xText>- zeznania <xAnon>J. K. (3)</xAnon> k. 102-103</xText>
          <xText>- zeznania świadka <xAnon>A. K. (1)</xAnon> k. 166-167, 21</xText>
          <xText>- zeznania świadka <xAnon>R. T.</xAnon> k. 177-178, 39</xText>
          <xText>- zeznania świadka <xAnon>R. W.</xAnon> k. 178- 41-42</xText>
          <xText>- zeznania świadka <xAnon>D. K.</xAnon> k. 189, 31-32</xText>
          <xText>W wyniku tego zdarzenia pokrzywdzona <xAnon>J. K. (3)</xAnon> doznała obrażeń ciała w postaci w postaci powierzchniowego otarcia naskórka na twarzy, ranę tłuczoną okolicy łuku brwiowego prawego, podbiegnięć krwawych na przedramionach oraz płatowe otarcia naskórka na przedramieniu, a powyższe obrażenia spowodowały naruszenie czynności narządów ciała i rozstrój zdrowia trwający nie dłużej niż dni 7.</xText>
          <xText>
            <xBx>Dowód:</xBx>
          </xText>
          <xText>- karta wypisowa z izby przyjęć k. 4</xText>
          <xText>- opinia medyczna k. 33</xText>
          <xText>- historia choroby oddziału ratunkowego k. 111-113</xText>
          <xText>Po tym zdarzeniu oskarżony wyprowadził się z mieszkania pokrzywdzonej. Nie mieszkał z nią aż do początku czerwca 2011 r. Wtedy to pokrzywdzona, po wielokrotnych prośbach i zapewnieniach oskarżonego, iż zmieni swoje postępowanie, zgodziła się syna z powrotem przyjąć do domu. Oskarżony jednak zachowania nie zmienił. Wyzywał i groził matce pozbawieniem życia i zdrowia. Jednoczenie oskarżony nadużywał alkoholu, popychał pokrzywdzoną na urządzenia domowe, wszczynał awantury, zakłócał spokój i ciszę nocną. Pokrzywdzona wzywała na interwencję funkcjonariuszy Policji. Taka sytuacja trwała do 23 grudnia 2011 r.</xText>
          <xText>
            <xBx>Dowód:</xBx>
          </xText>
          <xText>- zeznania <xAnon>J. K. (3)</xAnon> k. 102-103</xText>
          <xText>- pismo <xAnon> (...)</xAnon> k. 37</xText>
          <xText>- zeznania świadka <xAnon>A. K. (1)</xAnon> k. 166-167, 21</xText>
          <xText>- zeznania świadka <xAnon>R. T.</xAnon> k. 177-178, 39</xText>
          <xText>- zeznania świadka <xAnon>R. W.</xAnon> k. 178- 41-42</xText>
          <xText>- zeznania świadka <xAnon>D. K.</xAnon> k. 189, 31-32</xText>
          <xText>
            <xBx> W toku postępowania przygotowawczego oskarżony <xAnon>J. K. (1)</xAnon> nie przyznał się do popełnienia zarzucanego mu czynu oraz skorzystał z przysługującego mu prawa do odmowy składania wyjaśnień. </xBx>
          </xText>
          <xText>W toku postępowania sądowego oskarżony również nie przyznał się do popełnienia zarzucanego mu czynu prócz jednej rzeczy, tj. podduszania mamy. W tym dniu – jak wyjaśnił oskarżony – miał zwidy, widział faceta w kapeluszu, w czarnym długim płaszczu, który powiedział, że oskarżonego zabije i zaczął go dusić. Złapał wtedy za gardło matkę. Raczej nie używał w stosunku do niej słów wulgarnych, bo najczęściej kłóci się z bratem. Wódki oskarżony nie pije bo – jak stwierdził - „nie może pozwolić żeby szatan w niego wszedł i nim rządził”. Zdaniem oskarżonego kłótnie to są sprawy intymne i rodzinne.</xText>
          <xText>
            <xBx>Dowód:</xBx>
          </xText>
          <xText>- wyjaśnienia oskarżonego k. 62, 103-104, 165</xText>
          <xText>
            <xBx> Oskarżony <xAnon>J. K. (1)</xAnon> urodził się 16 maja 1959 r. w miejscowości <xAnon>G.</xAnon>. Posiada wykształcenie średnie, jest kawalerem, nie ma dzieci. Jest osobą bezrobotną, nie posiada majątku. Nie był karany sądownie. Został zatrzymany w dniu 21 marca 2012 r. Z opinii sądowo – psychiatrycznej wynika, iż oskarżony nie jest chory psychicznie ani upośledzony umysłowo. Biegli stwierdzili u niego nieprawidłowe cechy osobowości oraz objawy zespołu zależności alkoholowej. Brak podstaw by kwestionować jego poczytalność w odniesieniu do zarzucanego mu czynu, w rozumieniu <xLexLink xArt="art. 31;art. 31 § 1" xIsapId="WDU19970880553" xTitle="Ustawa z dnia 6 czerwca 1997 r. - Kodeks karny" xAddress="Dz. U. z 1997 r. Nr 88, poz. 553">art. 31 § 1 lub 2 kk</xLexLink>.</xBx>
          </xText>
          <xText>
            <xBx>Dowód:</xBx>
          </xText>
          <xText>
            <xBx>- dane osobowe k. 103, 63</xBx>
          </xText>
          <xText>- protokół zatrzymania osoby k. 60</xText>
          <xText>- dane o karalności k. 64, 170</xText>
          <xText>- dokumentacja medyczna oskarżonego k. 124-136</xText>
          <xText>- opinia sądowo – psychiatryczna k. 141-144</xText>
          
          <xText>
            <xBx> Wobec powyższego Sąd zważył co następuje:</xBx>
          </xText>
          <xText>Oskarżony <xAnon>J. K. (1)</xAnon> stanął pod zarzutem tego, że w okresie od początku marca 2009r. do 29 marca 2009r. i od początku czerwca 2011 r. do 23 grudnia 2011r. w <xAnon>O.</xAnon> przy <xAnon>ul. (...)</xAnon> znęcał się psychicznie i fizycznie nad swoją matką <xAnon>J. K. (2)</xAnon>, w ten sposób że wszczynał awantury domowe, zakłócał spokój i ciszę nocną groził w/w pozbawieniem zdrowia i życia, wielokrotnie popychał ją na urządzenia domowe, używał wobec niej słów powszechnie używanych za obelżywe, a ponadto 29 marca 2009r. dusząc rękoma za szyję, szarpiąc za ramiona, rzucając na podłogę i kopiąc w/w po całym ciele, spowodował u swojej matki <xAnon>J. K. (2)</xAnon> obrażenia ciała w postaci powierzchniowego otarcia naskórka na twarzy, ranę tłuczoną okolicy łuku brwiowego prawego, podbiegnięć krwawych na przedramionach oraz płatowe otarcia naskórka na przedramieniu, a powyższe obrażenia spowodowały naruszenie czynności narządów ciała i rozstrój zdrowia trwający nie dłużej niż dni 7, co stanowi skutek o jakim mowa w <xLexLink xArt="art. 157;art. 157 § 2" xIsapId="WDU19970880553" xTitle="Ustawa z dnia 6 czerwca 1997 r. - Kodeks karny" xAddress="Dz. U. z 1997 r. Nr 88, poz. 553">art. 157§2kk</xLexLink>, tj. o przestępstwo z <xLexLink xArt="art. 207;art. 207 § 1" xIsapId="WDU19970880553" xTitle="Ustawa z dnia 6 czerwca 1997 r. - Kodeks karny" xAddress="Dz. U. z 1997 r. Nr 88, poz. 553">art. 207§1kk</xLexLink> w zw. z <xLexLink xArt="art. 157;art. 157 § 2" xIsapId="WDU19970880553" xTitle="Ustawa z dnia 6 czerwca 1997 r. - Kodeks karny" xAddress="Dz. U. z 1997 r. Nr 88, poz. 553">art. 157§2kk</xLexLink> przy zast. <xLexLink xArt="art. 11;art. 11 § 2" xIsapId="WDU19970880553" xTitle="Ustawa z dnia 6 czerwca 1997 r. - Kodeks karny" xAddress="Dz. U. z 1997 r. Nr 88, poz. 553">art. 11§2kk</xLexLink></xText>
          <xText>
            <xBx>  Zebrany w sprawie materiał dowodowy dał podstaw do uznania oskarżonego za winnego popełnienia zarzucanego mu czynu. Sąd jednak przyjął, iż pokrzywdzona ma na imię <xBRx/><xAnon>J.</xAnon> a nie <xAnon>J.</xAnon>, jak zapewne przez omyłkę, wpisano w zarzucie aktu oskarżenia. </xBx>
          </xText>
          <xText>Sąd dał wiarę dowodom tj.:  zeznania <xAnon>J. K. (3)</xAnon> k. 102-103, zeznania świadka <xAnon>A. K. (1)</xAnon> k. 166-167, 21, zeznania świadka <xAnon>R. T.</xAnon> k. 177-178, 39, zeznania świadka <xAnon>R. W.</xAnon> k. 178- 41-42, zeznania świadka <xAnon>D. K.</xAnon> k. 189, 31-32, karta wypisowa z izby przyjęć k. 4, opinia medyczna k. 33, historia choroby oddziału ratunkowego k. 111-113, pismo k. 37.</xText>
          <xText>Powyższe dowody są bowiem jasne, logiczne, spójne oraz wzajemnie ze sobą korespondują. Wersja wydarzeń przedstawiona przez pokrzywdzoną znalazła potwierdzenie w dokumentacji medycznej oraz w zeznaniach świadków.</xText>
          <xText>Świadek <xAnon>A. K. (2)</xAnon> widziała pobitą pokrzywdzoną, która miała ślady duszenia, pokrwawione ręce, wołała pomocy. Świadek potwierdziła, iż awantury w mieszkaniu pokrzywdzonej słyszała 2-3 razy w miesiącu, słyszała słowa wulgarne padające wobec matki z ust oskarżonego, który nadużywa alkoholu. Pokrzywdzona żaliła się na syna. k. 166</xText>
          <xText>Kolejna sąsiadka <xAnon>R. T.</xAnon> zeznała m.in., że pani <xAnon>K.</xAnon> przyszła do niej pobita i zakrwawiona, płakała, była roztrzęsiona, powiedziała, że pobił ją syn <xAnon>J.</xAnon>. Sytuację, iż oskarżony był agresywny bił matkę, awanturował się, wyzywał, sytuacje kiedy pokrzywdzona krzyczała „pomocy” zdarzały się więcej razy. k. 178</xText>
          <xText>O nieprzerwanej agresji oskarżonego wobec matki zeznał świadek <xAnon>R. W.</xAnon>. k. 178</xText>
          <xText>Awantury, wzywanie pomocy przez pokrzywdzoną słyszał też świadek <xAnon>D. K.</xAnon>. k. 189</xText>
          <xText>Inne dowody nie miały istotnego znaczenia dla rozstrzygnięcia, dotyczyły innej sprawy, będącej w toku.</xText>
          <xText>Sąd nie dał wiary wyjaśnieniom oskarżonego i uznał je za przyjętą linię obrony. W szczególności w kontekście opinii sądowo- psychiatrycznej, której Sąd również dał wiarę, a z której wynika, iż nie zaszły przesłanki z <xLexLink xArt="art. 31;art. 31 § 1" xIsapId="WDU19970880553" xTitle="Ustawa z dnia 6 czerwca 1997 r. - Kodeks karny" xAddress="Dz. U. z 1997 r. Nr 88, poz. 553">art. 31 § 1 lub 2 kk</xLexLink>, wyjaśnienia oskarżonego, iż nie robił pokrzywdzonej krzywdy, należało uznać za niewiarygodne, z wyjątkiem tego, iż istotnie dusił on pokrzywdzoną.</xText>
          <xText>
            <xBx>  Omawiając stan prawny podnieść należy, że głównym przedmiotem ochrony przestępstwa z <xLexLink xArt="art. 207;art. 207 § 1" xIsapId="WDU19970880553" xTitle="Ustawa z dnia 6 czerwca 1997 r. - Kodeks karny" xAddress="Dz. U. z 1997 r. Nr 88, poz. 553">art. 207 § 1 kk</xLexLink> jest rodzina. Ubocznym przedmiotem ochrony może być życie, zdrowie, nietykalność cielesna, godność.</xBx>
          </xText>
          <xText>Z uwagi na stronę podmiotową jest to przestępstwo umyślne, które może być popełnione jedynie z zamiarze bezpośrednim. Wskazują na to liczne orzeczenia sądowe.</xText>
          <xText>
            <xBx>Stosownie np. do wyroku Sądu Najwyższego z dnia 23.02.1995 r. który pozostaje aktualny również na gruncie obowiązującego <xLexLink xArt="" xIsapId="WDU19970880553" xTitle="Ustawa z dnia 6 czerwca 1997 r. - Kodeks karny" xAddress="Dz. U. z 1997 r. Nr 88, poz. 553">kodeksu karnego</xLexLink>, przestępstwa z <xLexLink xArt="art. 184;art. 184 § 1" xIsapId="WDU19970880553" xTitle="Ustawa z dnia 6 czerwca 1997 r. - Kodeks karny" xAddress="Dz. U. z 1997 r. Nr 88, poz. 553">art. 184 § 1 k.k.</xLexLink> można dopuścić się tylko z zamiarem bezpośrednim. Znęcanie się bowiem ze swej istoty polega na tym, że sprawca chce zadać pokrzywdzonemu cierpienia fizyczne lub moralne. Dlatego też godzenie się sprawcy na taki charakter zachowania się nie jest wystarczające do przypisania popełnienia występku z <xLexLink xArt="art. 184;art. 184 § 1" xIsapId="WDU19970880553" xTitle="Ustawa z dnia 6 czerwca 1997 r. - Kodeks karny" xAddress="Dz. U. z 1997 r. Nr 88, poz. 553">art. 184 § 1 k.k.</xLexLink> (II KRN 6/95). W podobnym duchu wypowiedział się Sąd Apelacyjny w Białymstoku w wyroku z dnia 28.05.1997 r. ( II AKa44/97) oraz Sąd Najwyższy w wyroku z dnia 03.01.1986 r. ( Rw 1180/85).</xBx>
          </xText>
          <xText>Z uwagi na stronę przedmiotową przestępstwa znęcania ważne jest to, że z istoty znęcania wynika przewaga sprawcy nad pokrzywdzonym oraz że nie może być mowy z znęcaniu wzajemnym. Same wyzwiska i naruszenia nietykalności cielesnej nie wyczerpują znamiona przestępstwa z <xLexLink xArt="art. 207;art. 207 § 1" xIsapId="WDU19970880553" xTitle="Ustawa z dnia 6 czerwca 1997 r. - Kodeks karny" xAddress="Dz. U. z 1997 r. Nr 88, poz. 553">art. 207 § 1 kk</xLexLink>.</xText>
          <xText>W wyroku z dnia 06.08.1996 r. Sąd Najwyższy wypowiedział się, że: ”Istota przestępstwa określonego w <xLexLink xArt="art. 184;art. 184 § 1" xIsapId="WDU19970880553" xTitle="Ustawa z dnia 6 czerwca 1997 r. - Kodeks karny" xAddress="Dz. U. z 1997 r. Nr 88, poz. 553">art. 184 § 1 k.k.</xLexLink> polega na jakościowo innym zachowaniu się sprawcy, aniżeli na zwyczajnym znieważeniu lub naruszeniu nietykalności osoby pokrzywdzonej”.</xText>
          <xText>O uznaniu za „znęcanie się” zachowania sprawiającego ból fizyczny lub "dotkliwe cierpienia moralne ofiary" powinna decydować ocena obiektywna, a nie subiektywne odczucie pokrzywdzonej. Pewne jest to, że za "znęcanie się" w rozumieniu <xLexLink xArt="art. 184;art. 184 § 1" xIsapId="WDU19970880553" xTitle="Ustawa z dnia 6 czerwca 1997 r. - Kodeks karny" xAddress="Dz. U. z 1997 r. Nr 88, poz. 553">art. 184 § 1 k.k.</xLexLink> nie można uznać zachowania się sprawcy, które nie powoduje u ofiary "poważnego bólu fizycznego lub cierpienia moralnego", ani sytuacji, gdy między osobą oskarżoną a pokrzywdzoną dochodzi do wzajemnego "znęcania się".</xText>
          <xText>Kryterium przedmiotowo-podmiotowe zachowania się sprawcy, wyczerpującego znamiona czynu określonego w <xLexLink xArt="art. 184;art. 184 § 1" xIsapId="WDU19320600571" xTitle="Rozporządzenie Prezydenta Rzeczypospolitej z dnia 11 lipca 1932 r. - Kodeks karny" xAddress="Dz. U. z 1932 r. Nr 60, poz. 571">art. 184 § 1 d.k.k.</xLexLink>, na pewno nie może ograniczać się do systematyczności lub zwartego czasowo i miejscowo zdarzenia, jeśli nie towarzyszy temu intensywność, dotkliwość i poniżanie w eskalacji ponad miarę oraz cel przewidziany w pojedynczych czynnościach naruszających różne dobra chronione prawem (np. nietykalność ciała, godność osobista, mienie).</xText>
          <xText>Przez "znęcanie się" w rozumieniu <xLexLink xArt="art. 184;art. 184 § 1" xIsapId="WDU19320600571" xTitle="Rozporządzenie Prezydenta Rzeczypospolitej z dnia 11 lipca 1932 r. - Kodeks karny" xAddress="Dz. U. z 1932 r. Nr 60, poz. 571">art. 184 § 1 d.k.k.</xLexLink> należy rozumieć także umyślne zachowanie się sprawcy, które polega na intensywnym i dotkliwym naruszeniu nietykalności fizycznej lub zadawaniu cierpień moralnych osobie pokrzywdzonej w celu jej udręczenia, poniżenia lub dokuczenia albo wyrządzenia jej innej przykrości, bez względu na rodzaj pobudek.” (WR 102/96).</xText>
          <xText>
            <xBx>  W podobnym duchu jest wyrok z dnia 16.11.1997 r. wydany przez Sąd Apelacyjny w Krakowie podkreślił, że: „Dla przestępczego znęcania się nie jest wystarczające wypowiadanie słów obelżywych czy ordynarnych, nie wystarcza po temu naruszanie nietykalności cielesnej, ograniczanie swobody osobistej itd. Są sytuacje, w których takie zachowania wynikają z wyzywającego zachowania się rzekomych ofiar; są inne gdy ofiary odpowiadają czynami tego samego rodzaju (<xLexLink xArt="art. 181;art. 181 § 2" xIsapId="WDU19970880553" xTitle="Ustawa z dnia 6 czerwca 1997 r. - Kodeks karny" xAddress="Dz. U. z 1997 r. Nr 88, poz. 553">art. 181 § 2 kk</xLexLink> i <xLexLink xArt="art. 182;art. 182 § 2" xIsapId="WDU19970880553" xTitle="Ustawa z dnia 6 czerwca 1997 r. - Kodeks karny" xAddress="Dz. U. z 1997 r. Nr 88, poz. 553">art. 182 § 2 kk</xLexLink>). Są i takie zaszłości, gdy owe zachowania spełniają znamiona stanu wyższej konieczności, są bowiem dyktowane dążeniem do ocalenia małżeństwa czy dobrem dzieci lub dobrem rzekomej ofiary, bądź jeszcze innymi dobrami ważniejszymi od wątpliwej godności ofiar nagannie się prowadzących. W takich sytuacjach nawet wypełnienie znamion przedmiotowych znęcania może nie wystarczać do przypisania przestępstwa z <xLexLink xArt="art. 184;art. 184 § 1" xIsapId="WDU19970880553" xTitle="Ustawa z dnia 6 czerwca 1997 r. - Kodeks karny" xAddress="Dz. U. z 1997 r. Nr 88, poz. 553">art. 184 § 1 kk</xLexLink>, bowiem brak będzie w nich złego zamiaru sprawcy, dążenia do wyrządzenia niezasłużonej dolegliwości ofierze, krzywdzenia z powodu posiadanej przewagi, zależności itp. W tych sytuacjach słuszne być może bądź to uniewinnienie oskarżonego, bądź stwierdzenie przestępstwa prywatnoskargowego i odstąpienie od wymierzenia kary. (II AKa 198/97, KZS1997/11-12/49).</xBx>
          </xText>
          <xText>Podkreślić należy, iż przedmiotem wykonawczym przestępstwa znęcania się, a więc przedmiotem na którym dokonuje się czynu zabronionego, może być tylko osoba najbliższa, o której mowa w <xLexLink xArt="art. 115;art. 115 § 11" xIsapId="WDU19970880553" xTitle="Ustawa z dnia 6 czerwca 1997 r. - Kodeks karny" xAddress="Dz. U. z 1997 r. Nr 88, poz. 553">art. 115 § 11 kk</xLexLink>. albo inna osoba pozostająca w stałym lub przemijającym stosunku zależności od sprawcy, czy też osoba małoletnia albo osoba nieporadna ze względu na jej stan psychiczny lub fizyczny.</xText>
          <xText>
            <xBx> Przedmiotem przestępstwa z <xLexLink xArt="art. 157" xIsapId="WDU19970880553" xTitle="Ustawa z dnia 6 czerwca 1997 r. - Kodeks karny" xAddress="Dz. U. z 1997 r. Nr 88, poz. 553">art. 157 kk</xLexLink> jest zdrowie. Jest to przestępstwo materialne. Skutkiem stanowiącym znamię przestępstwa z <xLexLink xArt="art. 157" xIsapId="WDU19970880553" xTitle="Ustawa z dnia 6 czerwca 1997 r. - Kodeks karny" xAddress="Dz. U. z 1997 r. Nr 88, poz. 553">art. 157 k.k.</xLexLink> jest "inne" niż w <xLexLink xArt="art. 156;art. 156 § 1" xIsapId="WDU19970880553" xTitle="Ustawa z dnia 6 czerwca 1997 r. - Kodeks karny" xAddress="Dz. U. z 1997 r. Nr 88, poz. 553">art. 156 § 1 k.k.</xLexLink> naruszenie czynności ciała lub rozstrój zdrowia, trwające dłużej niż siedem dni, czyli do jego znamion należy skutek w postaci spowodowania średniego (<xLexLink xArt="art. 156 § 1" xIsapId="WDU19970880553" xTitle="Ustawa z dnia 6 czerwca 1997 r. - Kodeks karny" xAddress="Dz. U. z 1997 r. Nr 88, poz. 553">§ 1</xLexLink>) i lekkiego (<xLexLink xArt="art. 157 § 2" xIsapId="WDU19970880553" xTitle="Ustawa z dnia 6 czerwca 1997 r. - Kodeks karny" xAddress="Dz. U. z 1997 r. Nr 88, poz. 553">§ 2</xLexLink>) uszczerbku na zdrowiu. Kategorię "innych" niż w <xLexLink xArt="art. 156;art. 156 § 1" xIsapId="WDU19970880553" xTitle="Ustawa z dnia 6 czerwca 1997 r. - Kodeks karny" xAddress="Dz. U. z 1997 r. Nr 88, poz. 553">art. 156 § 1 k.k.</xLexLink> uszczerbków ciała ustawodawca podzielił na dwie grupy, według kryterium czasu ich trwania - powyżej siedmiu dni (średnie) i poniżej siedmiu dni (lekkie). Osoba ofiary i jej stosunek do sprawcy nie ma znaczenia dla samego bytu przestępstwa z <xLexLink xArt="art. 157" xIsapId="WDU19970880553" xTitle="Ustawa z dnia 6 czerwca 1997 r. - Kodeks karny" xAddress="Dz. U. z 1997 r. Nr 88, poz. 553">art. 157 kk</xLexLink>. Ustawodawca nie uzależnia od istnienia i rodzaju tego stosunku bytu czynu zabronionego ani łagodniejszego lub surowszego potraktowania sprawcy. Jest to przestępstwo powszechne. Przestępstwo z <xLexLink xArt="art. 157;art. 157 § 1;art. 157 § 2" xIsapId="WDU19970880553" xTitle="Ustawa z dnia 6 czerwca 1997 r. - Kodeks karny" xAddress="Dz. U. z 1997 r. Nr 88, poz. 553">art. 157 § 1 i 2 kk</xLexLink> może zostać popełnione umyślnie, w obu postaciach zamiaru. ( zob. Budyn-Kulik Magdalena, Kozłowska-Kalisz Patrycja, Kulik Marek, Mozgawa Marek: Komentarz do art.157 kodeksu karnego (Dz.U.97.88.553), [w:] M. Mozgawa (red.), M. Budyn-Kulik, P. Kozłowska-Kalisz, M. Kulik, Kodeks karny. Komentarz praktyczny, Oficyna, 2010, wyd. III). Ścigane przestępstwa określonego w <xLexLink xArt="art. 157;art. 157 § 2" xIsapId="WDU19970880553" xTitle="Ustawa z dnia 6 czerwca 1997 r. - Kodeks karny" xAddress="Dz. U. z 1997 r. Nr 88, poz. 553">art. 157 § 2 kk</xLexLink> odbywa się z oskarżenia prywatnego, chyba że pokrzywdzonym jest osoba najbliższa zamieszkująca wspólnie ze sprawcą, a tak właśnie jest w przedmiotowej sprawie.</xBx>
          </xText>
          <xText>W przedmiotowej sprawie oskarżony <xAnon>J. K. (1)</xAnon> swoim zachowaniem wyczerpał ustawowe znamion przestępstwa z <xLexLink xArt="art. 207;art. 207 § 1" xIsapId="WDU19970880553" xTitle="Ustawa z dnia 6 czerwca 1997 r. - Kodeks karny" xAddress="Dz. U. z 1997 r. Nr 88, poz. 553">art. 207 § 1 kk</xLexLink> w zw. z <xLexLink xArt="art. 157;art. 157 § 2" xIsapId="WDU19970880553" xTitle="Ustawa z dnia 6 czerwca 1997 r. - Kodeks karny" xAddress="Dz. U. z 1997 r. Nr 88, poz. 553">art. 157 § 2 kk</xLexLink> przy zast. <xLexLink xArt="art. 11;art. 11 § 2" xIsapId="WDU19970880553" xTitle="Ustawa z dnia 6 czerwca 1997 r. - Kodeks karny" xAddress="Dz. U. z 1997 r. Nr 88, poz. 553">art. 11 § 2 kk</xLexLink></xText>
          <xText>Dokonując subsumpcji stanu faktycznego pod odpowiedni przepis prawa – zdaniem Sądu - oskarżony <xAnon>J. K. (1)</xAnon> w okresie od początku marca 2009 r. do 29 marca 2009r. i od początku czerwca 2011 r. do 23 grudnia 2011r. w <xAnon>O.</xAnon> przy <xAnon>ul. (...)</xAnon> znęcając się psychicznie i fizycznie nad swoją matką <xAnon>J. K. (2)</xAnon>, w ten sposób że wszczynał awantury domowe, zakłócał spokój i ciszę nocną groził w/w pozbawieniem zdrowia i życia, wielokrotnie popychał ją na urządzenia domowe, używał wobec niej słów powszechnie używanych za obelżywe, a ponadto 29 marca 2009 r. dusząc rękoma za szyję, szarpiąc za ramiona, rzucając na podłogę i kopiąc w/w po całym ciele, spowodował u swojej matki <xAnon>J. K. (2)</xAnon> obrażenia ciała w postaci powierzchniowego otarcia naskórka na twarzy, ranę tłuczoną okolicy łuku brwiowego prawego, podbiegnięć krwawych na przedramionach oraz płatowe otarcia naskórka na przedramieniu, a powyższe obrażenia spowodowały naruszenie czynności narządów ciała i rozstrój zdrowia trwający nie dłużej niż dni 7, co stanowi skutek o jakim mowa w <xLexLink xArt="art. 157;art. 157 § 2" xIsapId="WDU19970880553" xTitle="Ustawa z dnia 6 czerwca 1997 r. - Kodeks karny" xAddress="Dz. U. z 1997 r. Nr 88, poz. 553">art. 157§2 kk</xLexLink>, wyczerpał swoim zachowaniem ustawowe znamiona przestępstwa z <xLexLink xArt="art. 207;art. 207 § 1" xIsapId="WDU19970880553" xTitle="Ustawa z dnia 6 czerwca 1997 r. - Kodeks karny" xAddress="Dz. U. z 1997 r. Nr 88, poz. 553">art. 207§1kk</xLexLink> w zw. z <xLexLink xArt="art. 157;art. 157 § 2" xIsapId="WDU19970880553" xTitle="Ustawa z dnia 6 czerwca 1997 r. - Kodeks karny" xAddress="Dz. U. z 1997 r. Nr 88, poz. 553">art. 157§2kk</xLexLink> przy zast. <xLexLink xArt="art. 11;art. 11 § 2" xIsapId="WDU19970880553" xTitle="Ustawa z dnia 6 czerwca 1997 r. - Kodeks karny" xAddress="Dz. U. z 1997 r. Nr 88, poz. 553">art. 11§2kk</xLexLink>.</xText>
          <xText>Według Sądu okarżony działał umyślnie w zamiarze bezpośrednim, w celu poniżenia matki, wyrządzenia jej krzywdy, wzbudzenia w niej strachu i obawy o własne życie. Zdarzenie z dnia 29 marca 2009 r. miało charakter szczególnie drastyczny. Jest rzeczą niewyobrażalną, aby syn mógł w tak okrutny sposób potraktować własną matkę. Absolutnie nic takiego zachowania nie usprawiedliwia. Oskarżony nadużywając alkoholu, w okresie kiedy mieszkał razem z matką, wszczynał awantury, groził jej popełnieniem przestępstw, wyzywał, zakłócał spoczynek, popychał, szarpał. Niewątpliwie jako osoba młodsza i sprawniejsza, z premedytacją znęcał się fizycznie i psychicznie nad słabszą, starszą, schorowaną matką, która się go bała. W obawie o własne życie i zdrowie wzywała na pomoc sąsiadów i funkcjonariuszy Policji. Była zastraszana, roztrzęsiona, załamana. Oskarżony nie poprzestawał na wyzwiskach i naruszeniu nietykalności cielesnej. Spowodował też u pokrzywdzonej uszkodzenie ciała. Pobił matkę tak bardzo, iż zakrwawioną pogotowie odwiozło do szpitala.</xText>
          <xText>Sąd uznał oskarżonego <xAnon>J. K. (1)</xAnon> za winnego popełnienia zarzucanego mu czynu, opisanego w części wstępnej wyroku z tym, że przyjął imię pokrzywdzonej <xAnon>J.</xAnon> w miejsce błędnie wpisanego w zarzucie aktu oskarżenia imienia <xAnon>J.</xAnon>, tj. występku z <xLexLink xArt="art. 207;art. 207 § 1" xIsapId="WDU19970880553" xTitle="Ustawa z dnia 6 czerwca 1997 r. - Kodeks karny" xAddress="Dz. U. z 1997 r. Nr 88, poz. 553">art. 207 § 1 kk</xLexLink> w zw. z <xLexLink xArt="art. 157;art. 157 § 2" xIsapId="WDU19970880553" xTitle="Ustawa z dnia 6 czerwca 1997 r. - Kodeks karny" xAddress="Dz. U. z 1997 r. Nr 88, poz. 553">art. 157 § 2 kk</xLexLink> przy zast. <xLexLink xArt="art. 11;art. 11 § 2" xIsapId="WDU19970880553" xTitle="Ustawa z dnia 6 czerwca 1997 r. - Kodeks karny" xAddress="Dz. U. z 1997 r. Nr 88, poz. 553">art. 11 § 2 kk</xLexLink> i za to na podstawie 207 <xLexLink xArt="§ 1" xIsapId="WDU19970880553" xTitle="Ustawa z dnia 6 czerwca 1997 r. - Kodeks karny" xAddress="Dz. U. z 1997 r. Nr 88, poz. 553">§ 1 kk</xLexLink> przy zast. <xLexLink xArt="art. 11;art. 11 § 3" xIsapId="WDU19970880553" xTitle="Ustawa z dnia 6 czerwca 1997 r. - Kodeks karny" xAddress="Dz. U. z 1997 r. Nr 88, poz. 553">art. 11 § 3 kk</xLexLink> orzekł karę 1 (jednego) roku pozbawienia wolności.</xText>
          <xText>Na podstawie <xLexLink xArt="art. 69;art. 69 § 1" xIsapId="WDU19970880553" xTitle="Ustawa z dnia 6 czerwca 1997 r. - Kodeks karny" xAddress="Dz. U. z 1997 r. Nr 88, poz. 553">art. 69 § 1 k.k.</xLexLink> i <xLexLink xArt="art. 70;art. 70 § 1;art. 70 § 1 pkt. 1" xIsapId="WDU19970880553" xTitle="Ustawa z dnia 6 czerwca 1997 r. - Kodeks karny" xAddress="Dz. U. z 1997 r. Nr 88, poz. 553">art. 70 § 1 pkt 1 k.k.</xLexLink> wykonanie orzeczonej oskarżonemu kary pozbawienia wolności Sąd warunkowo zawiesił na okres próby 2 (dwóch) lat.</xText>
          <xText>Na podstawie <xLexLink xArt="art. 63;art. 63 § 1" xIsapId="WDU19970880553" xTitle="Ustawa z dnia 6 czerwca 1997 r. - Kodeks karny" xAddress="Dz. U. z 1997 r. Nr 88, poz. 553">art. 63 § 1 kk</xLexLink> na poczet orzeczonej kary pozbawienia wolności Sąd zaliczył oskarżonemu okres zatrzymania w dniu 21 marca 2012 r.</xText>
          <xText>Na podstawie <xLexLink xArt="art. 72;art. 72 § 1;art. 72 § 1 pkt. 5" xIsapId="WDU19970880553" xTitle="Ustawa z dnia 6 czerwca 1997 r. - Kodeks karny" xAddress="Dz. U. z 1997 r. Nr 88, poz. 553">art. 72 § 1 pkt 5 kk</xLexLink> Sąd zobowiązał oskarżonego do powstrzymania się od nadużywania alkoholu.</xText>
          <xText>Na podstawie <xLexLink xArt="art. 46;art. 46 § 2" xIsapId="WDU19970880553" xTitle="Ustawa z dnia 6 czerwca 1997 r. - Kodeks karny" xAddress="Dz. U. z 1997 r. Nr 88, poz. 553">art. 46 § 2 kk</xLexLink> Sąd zasądził od oskarżonego na rzecz pokrzywdzonej <xAnon>J. K. (3)</xAnon> nawiązkę w kwocie 500 zł.</xText>
          <xText>Na podstawie <xLexLink xArt="§ 14;§ 14 ust. 2;§ 14 ust. 2 pkt. 3;§ 16" xIsapId="WDU20021631348" xTitle="Rozporządzenie Ministra Sprawiedliwości z dnia 28 września 2002 r. w sprawie opłat za czynności adwokackie oraz ponoszenia przez Skarb Państwa kosztów nieopłaconej pomocy prawnej udzielonej z urzędu" xAddress="Dz. U. z 2002 r. Nr 163, poz. 1348">§14 ust. 2 pkt 3 i §16 Rozporządzenia Ministra Sprawiedliwości z dnia 28 września 2002 r. w sprawie opłat za czynności adwokackie oraz ponoszenia przez Skarb Państwa kosztów nieopłaconej pomocy prawnej udzielonej z urzędu</xLexLink> (Dz. U. Nr 163, poz. 1348, z późn. zm.) Sąd zasądził od Skarbu Państwa na rzecz adw. <xAnon>M. Ś.</xAnon> z Kancelarii Adwokackiej w <xAnon>O.</xAnon>, kwotę 929,88 (dziewięćset dwadzieścia dziewięć 88/100) zł w tym podatek VAT w kwocie 173,88 (sto siedemdziesiąt trzy 88/100) zł, tytułem obrony z urzędu.</xText>
          <xText>Na podstawie <xLexLink xArt="art. 624;art. 624 § 1" xIsapId="WDU19970890555" xTitle="Ustawa z dnia 6 czerwca 1997 r. - Kodeks postępowania karnego" xAddress="Dz. U. z 1997 r. Nr 89, poz. 555">art. 624 § 1 k.p.k.</xLexLink> i <xLexLink xArt="art. 17;art. 17 ust. 1" xIsapId="WDU19730270152" xTitle="Ustawa z dnia 23 czerwca 1973 r. o opłatach w sprawach karnych" xAddress="Dz. U. z 1973 r. Nr 27, poz. 152">art. 17 ust 1 ustawy z dnia 23 czerwca 1973 r. o opłatach w sprawach karnych</xLexLink> (tekst jednolity Dz. U. 1983 r. Nr 49, poz. 223 z późn. zm.) Sąd zwolnił oskarżonego w całości od zapłaty na rzecz Skarbu Państwa kosztów sądowych.</xText>
          <xText>Sąd wymierzył karę według swojego uznania, w granicach określonych przez ustawę, bacząc, by jej dolegliwość nie przekraczała stopnia winy, uwzględniając stopień społecznej szkodliwości czynu oraz biorąc pod uwagę cele zapobiegawcze i wychowawcze, które ma osiągnąć w stosunku do skazanego, a także potrzeby w zakresie kształtowania świadomości prawnej społeczeństwa.</xText>
          <xText>Sąd warunkowo zawiesił jej wykonanie kary łącznej pozbawienia wolności na okres próby. Orzekł jednak dodatkowe środki karne, które będą stanowiły dodatkową dolegliwość wobec oskarżonego.</xText>
          <xText>Jako okoliczność obciążającą Sąd wziął pod uwagę fakt, iż oskarżony nadużywa alkoholu oraz szczególną drastyczność zdarzenia.</xText>
          <xText>Jedyną okolicznością łągodzącą była – zdaniem Sądu – dotychczasowa niekaralność sprawcy.</xText>
          <xText>Instytucja warunkowego zawieszenia wykonania kary weszła na stałe do ustawodawstwa z chwilą, gdy karę przestano ujmować w kategoriach odpłaty za wyrządzone przestępstwem zło, a zaczęto postrzegać jako środek polityki karnej, za pomocą którego można osiągnąć określone cele, w szczególności polegające na zapobiegnięciu popełnienia przestępstwa w przyszłości. Zapobieżenie powrotowi do przestępstwa jest minimalnym zadaniem kary, ale wystarczającym dla oceny, czy można zastosować warunkowe zawieszenie wykonania kary. Zadaniem bardziej ambitnym jest takie oddziaływanie na postawę skazanego aby przyjęte w porządku prawnym normy postępowania uznał za normy, którymi kieruje się we własnym postępowaniu. W ocenie Sądu w odniesieniu do osoby oskarżonego można przyjąć pozytywną prognozę kryminologiczną, które następnie będzie podlegała weryfikacji.</xText>
          <xText>Biorąc pod uwagę społeczną szkodliwość czynu, którego dopuścił się oskarżony Sąd zdecydował o wymierzeniu mu kary najsurowszej rodzajowo, a więc kary pozbawienia wolności, w wymiarze określonym wyżej.</xText>
          <xText>Biorąc pod uwagę jednak fakt, iż oskarżony nie był karany sądownie Sąd uznał, iż zasługuje on na danie mu jeszcze jednej szansy życia na wolności, pod warunkiem poszanowania prawa i porządku prawnego. Jeżeli oczywiście oskarżony z tej szansy nie skorzysta, można będzie rozważać podjęcie do wykonania kary warunkowo zawieszonej.</xText>
          <xText>O kosztach procesu Sąd orzekł jak wyżej biorąc pod uwagę, iż oskarżony jest bezrobotny i nie posiada majątku.</xText>
        </xUnit>
      </xBlock>
    </xPart>
  </judgement>
<judgement id="150500000001521_III_AUa_000216_2013_Uz_2013-09-03_001">
    <xPart xEditorFullName="Edyta Radziwońska" xYear="2013" xLang="PL" xPublisherFullName="Romualda Stroczkowska" xFromPg="1" xEditor="eradziwonska" xVolType="15/050000/0001521/AUa" xPublisher="rstroczkowska" xDocType="Uz" xVolNmbr="000216" xVersion="1.0" xToPage="10" xFlag="published">
      <xName>Wyrok+Uzasadnienie</xName>
      <xBlock>
        <xText>Sygn.akt III AUa 216/13</xText>
        <xUnit xIsTitle="true" xBold="true" xType="part">
          <xName>WYROK</xName>
          <xTitle>W IMIENIU RZECZYPOSPOLITEJ POLSKIEJ</xTitle>
          <xText xALIGNx="right">Dnia 3 września 2013r.</xText>
          <xText>Sąd Apelacyjny w Białymstoku, III Wydział Pracy i Ubezpieczeń Społecznych</xText>
          <xText>w składzie:</xText>
          
          <xText>
            <xBx> Przewodniczący: SSA Bożena Szponar - Jarocka (spr.)</xBx>
          </xText>
          <xText>
            <xBx> Sędziowie: SO del. Bohdan Bieniek</xBx>
          </xText>
          <xText>
            <xBx>SA Dorota Elżbieta Zarzecka</xBx>
          </xText>
          <xText>
            <xBx>  Protokolant:  Agnieszka Charkiewicz</xBx>
          </xText>
          
          <xText>po rozpoznaniu na rozprawie w dniu 3 września 2013 r. w <xAnon>B.</xAnon></xText>
          <xText>
            <xBx>sprawy z odwołania <xAnon>W. L.</xAnon></xBx>
          </xText>
          <xText>przeciwko Dyrektorowi Zakładu Emerytalno - Rentowemu MSW w <xAnon>W.</xAnon></xText>
          <xText>o wysokość emerytury policyjnej</xText>
          <xText>
            <xBx>na skutek apelacji pozwanego Dyrektora Zakładu Emerytalno - Rentowego MSW w <xAnon>W.</xAnon></xBx>
          </xText>
          <xText>od wyroku Sądu Okręgowego w Olsztynie IV Wydziału Pracy i Ubezpieczeń Społecznych z dnia 21 grudnia 2012 r. sygn. akt IV U 3097/12</xText>
          
          <xText xALIGNx="center">
            <xBx>
              <xIx>oddala apelację. </xIx>
            </xBx>
          </xText>
          
          <xText>Sygn. akt III AUa 216/13</xText>
        </xUnit>
        <xUnit xIsTitle="true" xBold="true" xType="part">
          <xName>UZASADNIENIE</xName>
          <xText>Dyrektor Zakładu Emerytalno – Rentowego Ministerstwa Spraw Wewnętrznych i Administracji w <xAnon>W.</xAnon> decyzją z dnia 17 grudnia 2009 roku, wydaną na podstawie przepisów <xLexLink xArt="" xIsapId="WDU20090240145" xTitle="Ustawa z dnia 23 stycznia 2009 r. o zmianie ustawy o zaopatrzeniu emerytalnym żołnierzy zawodowych oraz ich rodzin oraz ustawy o zaopatrzeniu emerytalnym funkcjonariuszy Policji, Agencji Bezpieczeństwa Wewnętrznego, Agencji Wywiadu, Służby Kontrwywiadu Wojskowego, Służby Wywiadu Wojskowego, Centralnego Biura Antykorupcyjnego, Straży Granicznej, Biura Ochrony Rządu, Państwowej Straży Pożarnej i Służby Więziennej oraz ich rodzin" xAddress="Dz. U. z 2009 r. Nr 24, poz. 145">ustawy z dnia 23 stycznia 2009 roku o zmianie ustawy o zaopatrzeniu emerytalnym żołnierzy zawodowych oraz ich rodzin oraz ustawy o zaopatrzeniu emerytalnym funkcjonariuszy Policji, Agencji Bezpieczeństwa Wewnętrznego, Agencji Wywiadu, Służby Kontrwywiadu Wojskowego, Służby Wywiadu Wojskowego, Centralnego Biura Antykorupcyjnego, Straży Granicznej, Biura Ochrony Rządu, Państwowej Straży Pożarnej i Służby Więziennej oraz ich rodzin</xLexLink> (Dz. U. z 2009 roku, Nr 24, poz.145), w wyniku obniżenia wskaźnika podstawy wymiaru za okres od dnia 16 grudnia 1984 roku do dnia 31 stycznia 1988 roku z 2,6 % do 0,7% za każdy rok służby we wskazanym okresie ponownie ustalił <xAnon>W. L.</xAnon> wysokość emerytury policyjnej od dnia 1 stycznia 2010 roku na kwotę 1.317,67 złotych.</xText>
          <xText><xAnon>W. L.</xAnon> w odwołaniu od powyższej decyzji domagał się jej zmiany poprzez przyznanie emerytury policyjnej obliczonej według dotychczasowych zasad. Nadto wnosił o zawieszenie postępowania do czasu rozstrzygnięcia przez Trybunał Konstytucyjny sprawy w przedmiocie zgodności z <xLexLink xArt="" xIsapId="WDU19970780483" xTitle="Konstytucja Rzeczypospolitej Polskiej z dnia 2 kwietnia 1997 r." xAddress="Dz. U. z 1997 r. Nr 78, poz. 483">Konstytucją</xLexLink> przepisów ustawy, na podstawie których wydano niniejszą decyzję, toczącej się pod sygnaturą akt K 6/09.</xText>
          <xText>Sąd Okręgowy w Olsztynie IV Wydział Pracy i Ubezpieczeń Społecznych po rozpoznaniu powyższego odwołania, wyrokiem z dnia 21 grudnia 2012 roku zmienił zaskarżoną decyzję w ten sposób, że za okres od dnia 27 czerwca 1987 roku do dnia 31 stycznia 1988 roku ustalił podstawę wymiaru emerytury przy uwzględnieniu wskaźnika wysokości 2,6 % za każdy rok służby (pkt I), w pozostałej części odwołanie oddalił (pkt II) oraz zasądził od wnioskodawcy na rzecz Dyrektora Zakładu Emerytalno-Rentowego Ministerstwa Spraw Wewnętrznych i Administracji kwotę 60 złotych tytułem zwrotu kosztów zastępstwa procesowego (pkt III). Z ustaleń Sądu I instancji wynikało, że <xAnon>W. L.</xAnon> nabył prawo do emerytury policyjnej na podstawie decyzji z dnia 29 lutego 1988 roku. Do wysługi emerytalnej zaliczono mu służbę w Wojsku Polskim od dnia 1 października 1968 roku do dnia 5 grudnia 1984 roku oraz służbę w organach Milicji Obywatelskiej od dnia 16 grudnia 1984 roku do dnia 31 stycznia 1988 roku. Na podstawie decyzji Dyrektora Zakładu Emerytalno – Rentowego Ministerstwa Spraw Wewnętrznych i Administracji w <xAnon>W.</xAnon> z dnia 27 lutego 2009 roku ustalono wnioskodawcy wysokość emerytury policyjnej na kwotę 1.498,68 złotych. Aktualnie zaskarżoną decyzją w/w organu rentowego z dnia 17 grudnia 2009 roku ponownie ustalono wysokość emerytury policyjnej <xAnon>W. L.</xAnon>. Podstawą do wydania tej decyzji była informacja uzyskana z Instytutu Pamięci Narodowej o przebiegu służby, z której wynikało, że wnioskodawca w okresie od dnia 16 grudnia 1984 roku do dnia 31 stycznia 1988 roku pełnił służbę w organach bezpieczeństwa państwa, o których mowa w <xLexLink xArt="art. 2" xIsapId="WDU20062181592" xTitle="Ustawa z dnia 18 października 2006 r. o ujawnianiu informacji o dokumentach organów bezpieczeństwa państwa z lat 1944-1990 oraz treści tych dokumentów" xAddress="Dz. U. z 2006 r. Nr 218, poz. 1592">art. 2 ustawy z dnia 18 października 2006 roku o ujawnianiu informacji o dokumentach organów bezpieczeństwa państwa z lat 1944-1990 oraz treści tych dokumentów</xLexLink> (Dz. U. z 2007 roku, Nr 63, poz. 425 ze zm.). Zgodnie z informacją IPN <xAnon>W. L.</xAnon> od dnia 16 grudnia 1984 roku do dnia 30 września 1987 roku pełnił służbę w Wojewódzkim Urzędzie Spraw Wewnętrznych w <xAnon>S.</xAnon> Wydziale V Służby Bezpieczeństwa na stanowisku inspektora na wolnym etacie starszego inspektora, zaś od dnia 1 października 1987 roku do dnia 31 stycznia 1988 roku był Dowódcą Kompanii Pododdziałów Szkolnych w <xAnon> Wyższej Szkole (...)</xAnon> Ministerstwa Spraw Wewnętrznych im. <xAnon>F. D.</xAnon> w <xAnon>L.</xAnon>, przy czym w okresie od dnia 14 października 1986 roku do dnia 26 czerwca 1987 roku był zaliczony w nieetatowy stan słuchaczy Stacjonarnego <xAnon> Studium (...)</xAnon> w <xAnon>L.</xAnon>. W ocenie Sądu I instancji odwołanie zasługiwało na uwzględnienie jedynie w części dotyczącej zaliczenia do okresu służby w organach bezpieczeństwa państwa okresu od dnia 27 czerwca 1987 roku do dnia 31 stycznia 1988 roku, tj. okresu kiedy wnioskodawca był etatowym słuchaczem <xAnon> (...)</xAnon><xAnon>L.</xAnon> jako dowódca Kompanii Pododdziałów <xAnon> (...)</xAnon>. Stosownie do treści <xLexLink xArt="art. 2;art. 2 ust. 1" xIsapId="WDU20062181592" xTitle="Ustawa z dnia 18 października 2006 r. o ujawnianiu informacji o dokumentach organów bezpieczeństwa państwa z lat 1944-1990 oraz treści tych dokumentów" xAddress="Dz. U. z 2006 r. Nr 218, poz. 1592">art. 2 ust. 1 ustawy z dnia 18 października 2006 roku o ujawnianiu informacji o dokumentach organów bezpieczeństwa państwa z lat 1944-1990 oraz treści tych dokumentów</xLexLink>, organami bezpieczeństwa państwa w rozumieniu tejże ustawy, są: 1) Resort <xAnon> (...) Komitetu (...)</xAnon>; 2) Ministerstwo Bezpieczeństwa Publicznego; 3) Komitet do <xAnon> (...)</xAnon>; 4) jednostki organizacyjne podległe organom, o których mowa w pkt 1-3, a w szczególności jednostki Milicji Obywatelskiej w okresie do dnia 14 grudnia 1954 r.; 5) instytucje centralne Służby Bezpieczeństwa Ministerstwa Spraw Wewnętrznych oraz podległe im jednostki terenowe w wojewódzkich, powiatowych i równorzędnych komendach Milicji Obywatelskiej oraz w wojewódzkich, rejonowych i równorzędnych urzędach spraw wewnętrznych; 6) Akademia Spraw Wewnętrznych; 7) Zwiad Wojsk Ochrony <xAnon>P.</xAnon>; 8) Zarząd Główny Służby Wewnętrznej jednostek wojskowych Ministerstwa Spraw Wewnętrznych oraz podległe mu komórki; 9) Informacja Wojskowa; 10) Wojskowa Służba Wewnętrzna; 11) <xAnon> Zarząd (...)</xAnon><xAnon>S.</xAnon> Generalnego Wojska Polskiego; 12) inne służby Sił Zbrojnych prowadzące działania operacyjno-rozpoznawcze lub dochodzeniowo-śledcze, w tym w rodzajach broni oraz w okręgach wojskowych. Zdaniem Sądu Okręgowego <xAnon> Wyższa Szkoła (...)</xAnon> w <xAnon>L.</xAnon> nie mieści się w katalogu organów wymienionych w art. 2 ust. 1 w/w ustawy, w szczególności zaś w katalogu organów wskazanych w art. 2 ust. 1 pkt 5 w/w ustawy, zatem nie może być uznana za organ bezpieczeństwa państwa w kontekście przepisu art. 2 ust. 1 w/w ustawy. Zgodnie zaś z art. 2 ust. 3 w/w ustawy jednostkami Służby Bezpieczeństwa, w rozumieniu ustawy, są te jednostki Ministerstwa Spraw Wewnętrznych, które z mocy prawa podlegały rozwiązaniu w chwili zorganizowania Urzędu Ochrony Państwa, oraz te jednostki, które były ich poprzedniczkami. Zgodnie z dalszymi ustaleniami Sądu Okręgowego <xAnon> Wyższa Szkoła (...)</xAnon> w <xAnon>L.</xAnon> została powołana rozporządzeniem Rady Ministrów z dnia 1 września 1972 roku w sprawie utworzenia wyższej szkoły oficerskiej resortu spraw wewnętrznych (Dz. U. z 1972 roku, Nr 38, poz. 248), wydanym na podstawie przepisów ustawy z dnia 5 listopada 1958 roku o szkolnictwie wyższym (Dz. U. z 1973 roku, Nr 32, poz. 191 ze zm.). Z przepisów w/w rozporządzenia nie wynikało, aby była ona jednostką służby bezpieczeństwa. Co więcej, <xAnon> Wyższa Szkoła (...)</xAnon> w <xAnon>L.</xAnon> nie została z mocy prawa rozwiązana z chwilą utworzenia <xAnon> (...)</xAnon>, albowiem została ona zniesiona wcześniej, na podstawie <xLexLink xArt="art. 3" xIsapId="WDU19650140102" xTitle="Ustawa z dnia 31 marca 1965 r. o wyższym szkolnictwie wojskowym" xAddress="Dz. U. z 1965 r. Nr 14, poz. 102">art. 3 ustawy z dnia 31 marca 1965 roku o wyższym szkolnictwie wojskowym</xLexLink> (Dz. U. z 1965 roku, Nr 14, poz. 102 ze zm.). Sąd I instancji wskazał również, iż ocena prawna <xAnon> Wyższej Szkoły (...)</xAnon> w <xAnon>L.</xAnon> w kontekście możliwości uznania jej za organ bezpieczeństwa państwa w rozumieniu <xLexLink xArt="art. 2" xIsapId="WDU20062181592" xTitle="Ustawa z dnia 18 października 2006 r. o ujawnianiu informacji o dokumentach organów bezpieczeństwa państwa z lat 1944-1990 oraz treści tych dokumentów" xAddress="Dz. U. z 2006 r. Nr 218, poz. 1592">art. 2 ustawy z dnia 18 października 2006 roku o ujawnianiu informacji o dokumentach organów bezpieczeństwa państwa z lat 1944-1990 oraz treści tych dokumentów</xLexLink> zawarta została w wyroku Sądu Apelacyjnego w Gdańsku z dnia 18 listopada 2009 roku w sprawie o sygn. akt II AKa 322/09 (lex numer 563028), orzeczeniu Sądu Apelacyjnego w Warszawie z dnia 14 maja 2010 roku w sprawie o sygn. akt II AKa 108/10 (lex numer 832778) oraz postanowieniu Sądu Najwyższego z dnia 9 grudnia 2011 roku w sprawie o sygn. akt II UZP 10/11 (OSNP 2012/23-24/298, lex numer 1230289). Sąd Okręgowy w pełni podzielił ocenę prawną zaprezentowaną w powyższych orzeczeniach. Reasumując, Sąd I instancji stwierdził, że okres od dnia 27 czerwca 1987 roku do dnia 31 stycznia 1988 roku, tj. okres kiedy wnioskodawca był etatowym słuchaczem <xAnon> Wyższej Szkoły (...)</xAnon> w <xAnon>L.</xAnon> winien zostać wyłączony ze służby w organach bezpieczeństwa państwa. W konsekwencji powyższego podstawę wymiaru świadczeń za wyżej wskazany okres należało, stosownie do <xLexLink xArt="art. 15 b;art. 15 b ust. 1;art. 15 b ust. 1 pkt. 2" xIsapId="WDU19940530214" xTitle="Ustawa z dnia 18 lutego 1994 r. o zaopatrzeniu emerytalnym funkcjonariuszy Policji, Urzędu Ochrony Państwa, Straży Granicznej, Państwowej Straży Pożarnej i Służby Więziennej oraz ich rodzin" xAddress="Dz. U. z 1994 r. Nr 53, poz. 214">art. 15b ust. 1 pkt 2 ustawy z dnia 18 lutego 1994 roku o zaopatrzeniu emerytalnym funkcjonariuszy Policji, Agencji Bezpieczeństwa Wewnętrznego, Agencji Wywiadu, Służby Kontrwywiadu Wojskowego, Służby Wywiadu Wojskowego, Centralnego Biura Antykorupcyjnego, Straży Granicznej, Biura Ochrony Rządu, Państwowej Straży Pożarnej i Służby Więziennej oraz ich rodzin</xLexLink>, obliczyć przy uwzględnieniu wskaźnika po 2,6 % podstawy wymiaru za każdy rok służby. W pozostałym zakresie odwołanie podlegało oddaleniu. W tym stanie rzeczy, Sąd Okręgowy orzekł na podstawie <xLexLink xArt="art. 477(14);art. 477(14) § 2" xIsapId="WDU19640430296" xTitle="Ustawa z dnia 17 listopada 1964 r. - Kodeks postępowania cywilnego" xAddress="Dz. U. z 1964 r. Nr 43, poz. 296">art. 477<xSUPx>(
      14 )</xSUPx>§ 2 k.p.c.</xLexLink> (pkt I sentencji wyroku), na podstawie <xLexLink xArt="art. 477(14);art. 477(14) § 1" xIsapId="WDU19640430296" xTitle="Ustawa z dnia 17 listopada 1964 r. - Kodeks postępowania cywilnego" xAddress="Dz. U. z 1964 r. Nr 43, poz. 296">art. 477<xSUPx>(
      14 )</xSUPx>§ 1 k.p.c.</xLexLink> (pkt II sentencji wyroku) oraz na podstawie <xLexLink xArt="art. 98;art. 108" xIsapId="WDU19640430296" xTitle="Ustawa z dnia 17 listopada 1964 r. - Kodeks postępowania cywilnego" xAddress="Dz. U. z 1964 r. Nr 43, poz. 296">art. 98, 108 k.p.c.</xLexLink> w zw. z <xLexLink xArt="§ 2;§ 11;§ 11 ust. 2" xIsapId="WDU20021631349" xTitle="Rozporządzenie Ministra Sprawiedliwości z dnia 28 września 2002 r. w sprawie opłat za czynności radców prawnych oraz ponoszenia przez Skarb Państwa kosztów pomocy prawnej udzielonej przez radcę prawnego ustanowionego z urzędu" xAddress="Dz. U. z 2002 r. Nr 163, poz. 1349">§ 2 oraz § 11 ust. 2 rozporządzenia Ministra Sprawiedliwości z dnia 28 września 2002 roku w sprawie opłat za czynności radców prawnych oraz ponoszenia przez Skarb Państwa kosztów pomocy prawnej udzielonej przez radcę prawnego ustanowionego z urzędu</xLexLink> (Dz. U. z 2002 roku, Nr 163 poz. 1349 ze zm.) – pkt III sentencji wyroku.</xText>
          <xText>Dyrektor Zakładu Emerytalno – Rentowego Ministerstwa Spraw Wewnętrznych i Administracji w <xAnon>W.</xAnon> zaskarżył powyższy wyrok w części pkt I, zarzucając mu naruszenie <xLexLink xArt="art. 15 b;art. 15 b ust. 1" xIsapId="WDU19940530214" xTitle="Ustawa z dnia 18 lutego 1994 r. o zaopatrzeniu emerytalnym funkcjonariuszy Policji, Urzędu Ochrony Państwa, Straży Granicznej, Państwowej Straży Pożarnej i Służby Więziennej oraz ich rodzin" xAddress="Dz. U. z 1994 r. Nr 53, poz. 214">art. 15b ust. 1 ustawy z dnia 18 lutego 1994 roku o zaopatrzeniu emerytalnym funkcjonariuszy Policji, Agencji Bezpieczeństwa Wewnętrznego, Agencji Wywiadu, Służby Kontrwywiadu Wojskowego, Służby Wywiadu Wojskowego, Centralnego Biura Antykorupcyjnego, Straży Granicznej, Biura Ochrony Rządu, Państwowej Straży Pożarnej i Służby Więziennej oraz ich rodzin</xLexLink> poprzez niezastosowanie tego przepisu do obliczenia wysokości emerytury policyjnej <xAnon>W. L.</xAnon> za okres od dnia 27 czerwca 1987 roku do dnia 31 stycznia 1988 roku.</xText>
          <xText>Wskazując na powyższy zarzut, Dyrektor Zakładu Emerytalno – Rentowego Ministerstwa Spraw Wewnętrznych i Administracji w <xAnon>W.</xAnon> domagał się zmiany wyroku w zaskarżonej części i oddalenia odwołania od decyzji z dnia 17 grudnia 2009 roku, ewentualnie o uchylenie zaskarżonego wyroku i przekazanie sprawy Sądowi I instancji do ponownego rozpoznania oraz zasądzenia kosztów zastępstwa procesowego według norm przepisanych.</xText>
          <xText xALIGNx="center">Sąd Apelacyjny zważył, co następuje:</xText>
          <xText>Apelacja nie jest zasadna.</xText>
          <xText>Sąd Okręgowy dokonał prawidłowych ustaleń faktycznych i na ich podstawie wywiódł trafne wnioski. Sąd Apelacyjny w całości aprobuje stanowisko Sądu I instancji wyrażone w uzasadnieniu zaskarżonego wyroku i ustalenia poczynione przez Sąd Okręgowy przyjmuje za swoje.</xText>
          <xText>W pierwszej kolejności należy wskazać, że zgodnie z <xLexLink xArt="art. 15 b" xIsapId="WDU19940530214" xTitle="Ustawa z dnia 18 lutego 1994 r. o zaopatrzeniu emerytalnym funkcjonariuszy Policji, Urzędu Ochrony Państwa, Straży Granicznej, Państwowej Straży Pożarnej i Służby Więziennej oraz ich rodzin" xAddress="Dz. U. z 1994 r. Nr 53, poz. 214">art. 15b</xLexLink> ust. <xLexLink xArt="" xIsapId="WDU19940530214" xTitle="Ustawa z dnia 18 lutego 1994 r. o zaopatrzeniu emerytalnym funkcjonariuszy Policji, Urzędu Ochrony Państwa, Straży Granicznej, Państwowej Straży Pożarnej i Służby Więziennej oraz ich rodzin" xAddress="Dz. U. z 1994 r. Nr 53, poz. 214">ustawy z dnia 18 lutego 1994 roku o zaopatrzeniu emerytalnym funkcjonariuszy Policji, Agencji Bezpieczeństwa Wewnętrznego, Agencji Wywiadu, Służby Kontrwywiadu Wojskowego, Służby Wywiadu Wojskowego, Centralnego Biura Antykorupcyjnego, Straży Granicznej, Biura Ochrony Rządu, Państwowej Straży Pożarnej i Służby Więziennej oraz ich rodzin</xLexLink> (Dz. U. z 2013 roku, poz. 667 ze zm.) w przypadku osoby, która pełniła służbę w organach bezpieczeństwa państwa, o których mowa w <xLexLink xArt="art. 2" xIsapId="WDU20062181592" xTitle="Ustawa z dnia 18 października 2006 r. o ujawnianiu informacji o dokumentach organów bezpieczeństwa państwa z lat 1944-1990 oraz treści tych dokumentów" xAddress="Dz. U. z 2006 r. Nr 218, poz. 1592">art. 2 ustawy z dnia 18 października 2006 roku o ujawnianiu informacji o dokumentach organów bezpieczeństwa państwa z lat 1944-1990 oraz treści tych dokumentów</xLexLink> (Dz. U. z 2007 roku, Nr 63, poz. 425 ze zm.), i która pozostawała w służbie przed dniem 2 stycznia 1999 roku, emerytura wynosi:</xText>
          <xText>1) 0,7 % podstawy wymiaru - za każdy rok służby w organach bezpieczeństwa państwa w latach 1944-1990;</xText>
          <xText>2) 2,6 % podstawy wymiaru - za każdy rok służby lub okresów równorzędnych ze służbą, o których mowa w art. 13 ust. 1 pkt 1, 1a oraz pkt 2-4.</xText>
          <xText>Na obecnym etapie postępowania okolicznością sporną było to, czy okres od dnia 27 czerwca 1987 roku do dnia 31 stycznia 1988 roku, tj. okres kiedy wnioskodawca był etatowym słuchaczem <xAnon> Wyższej Szkoły (...)</xAnon> w <xAnon>L.</xAnon> należy kwalifikować jako okres służby w organach bezpieczeństwa państwa, o których mowa w <xLexLink xArt="art. 2" xIsapId="WDU20062181592" xTitle="Ustawa z dnia 18 października 2006 r. o ujawnianiu informacji o dokumentach organów bezpieczeństwa państwa z lat 1944-1990 oraz treści tych dokumentów" xAddress="Dz. U. z 2006 r. Nr 218, poz. 1592">art. 2 ustawy z dnia 18 października 2006 roku o ujawnianiu informacji o dokumentach organów bezpieczeństwa państwa z lat 1944-1990 oraz treści tych dokumentów</xLexLink>, zaś w konsekwencji, czy przy ustaleniu wysokości świadczenia w odniesieniu do tego okresu winien znaleźć zastosowanie <xLexLink xArt="art. 15 b;art. 15 b ust. 1;art. 15 b ust. 1 pkt. 1" xIsapId="WDU19940530214" xTitle="Ustawa z dnia 18 lutego 1994 r. o zaopatrzeniu emerytalnym funkcjonariuszy Policji, Urzędu Ochrony Państwa, Straży Granicznej, Państwowej Straży Pożarnej i Służby Więziennej oraz ich rodzin" xAddress="Dz. U. z 1994 r. Nr 53, poz. 214">art. 15b ust.1 pkt 1 ustawy z dnia 18 lutego 1994 roku o zaopatrzeniu emerytalnym funkcjonariuszy Policji, Agencji Bezpieczeństwa Wewnętrznego, Agencji Wywiadu, Służby Kontrwywiadu Wojskowego, Służby Wywiadu Wojskowego, Centralnego Biura Antykorupcyjnego, Straży Granicznej, Biura Ochrony Rządu, Państwowej Straży Pożarnej i Służby Więziennej oraz ich rodzin</xLexLink>, czy też art. 15b ust. 1 pkt 2 w/w ustawy.</xText>
          <xText>Jak wielokrotnie wypowiadał się Sąd Najwyższy przepisy o systemie ubezpieczeń społecznych mają charakter norm bezwzględnie obowiązujących, stąd niedopuszczalne są jakiekolwiek odstępstwa, poza wyraźnie określonymi wyjątkami, od zasad objęcia systemem ubezpieczeń społecznych, obowiązku opłacania składek i obliczania wysokości składek na ubezpieczenie społeczne, a także ich wypłaty. Oznacza to, że niedopuszczalne jest swobodne kształtowanie warunków, na jakich następuje wyliczenie wysokości emerytury. Zgodnie z utrwalonym orzecznictwem Sądu Najwyższego i jednolitym stanowiskiem doktryny prawa ubezpieczeń społecznych, przepisy prawa ubezpieczeń społecznych powinny być wykładane ściśle (por. uchwałę składu 7 sędziów Sądu Najwyższego z dnia 11 grudnia 2008 roku w sprawie o sygn. akt I UZP 6/08, OSNP 2009/9-10/120, lex numer 468627 i orzecznictwo tam cytowane), co oznacza w zasadzie prymat dyrektyw wykładni językowej w odniesieniu do pozostałych metod wykładni, w tym wykładni systemowej i wykładni historycznej lub celowościowej.</xText>
          <xText>Z wykładni językowej <xLexLink xArt="art. 15 b" xIsapId="WDU19940530214" xTitle="Ustawa z dnia 18 lutego 1994 r. o zaopatrzeniu emerytalnym funkcjonariuszy Policji, Urzędu Ochrony Państwa, Straży Granicznej, Państwowej Straży Pożarnej i Służby Więziennej oraz ich rodzin" xAddress="Dz. U. z 1994 r. Nr 53, poz. 214">art. 15b ustawy z dnia 18 lutego 1994 roku o zaopatrzeniu emerytalnym funkcjonariuszy Policji, Agencji Bezpieczeństwa Wewnętrznego, Agencji Wywiadu, Służby Kontrwywiadu Wojskowego, Służby Wywiadu Wojskowego, Centralnego Biura Antykorupcyjnego, Straży Granicznej, Biura Ochrony Rządu, Państwowej Straży Pożarnej i Służby Więziennej oraz ich rodzin</xLexLink>, odsyłającego do <xLexLink xArt="art. 2" xIsapId="WDU20062181592" xTitle="Ustawa z dnia 18 października 2006 r. o ujawnianiu informacji o dokumentach organów bezpieczeństwa państwa z lat 1944-1990 oraz treści tych dokumentów" xAddress="Dz. U. z 2006 r. Nr 218, poz. 1592">art. 2 ustawy z dnia 18 października 2006 roku o ujawnianiu informacji o dokumentach organów bezpieczeństwa państwa z lat 1944-1990 oraz treści tych dokumentów</xLexLink> wynika wprost, które z organów należy traktować jako ograny bezpieczeństwa państwa.</xText>
          <xText>Jak słusznie wskazał Sąd Okręgowy w uzasadnieniu zaskarżonego wyroku, <xAnon> Wyższa Szkoła (...)</xAnon> w <xAnon>L.</xAnon> nie mieści się w katalogu organów wymienionych w art. 2 ust. 1 w/w ustawy, w szczególności zaś w katalogu organów wskazanych w art. 2 ust. 1 pkt 5 w/w ustawy, zatem nie może być uznana za organ bezpieczeństwa państwa w kontekście przepisu art. 2 ust. 1 w/w ustawy.</xText>
          <xText>Z prawidłowych ustaleń Sądu I instancji wynikało, iż <xAnon> Wyższa Szkoła (...)</xAnon> w <xAnon>L.</xAnon> została powołana rozporządzeniem Rady Ministrów z dnia 1 września 1972 roku w sprawie utworzenia wyższej szkoły oficerskiej resortu spraw wewnętrznych (Dz. U. z 1972 roku, Nr 38, poz. 248), wydanym na podstawie przepisów ustawy z dnia 5 listopada 1958 roku o szkolnictwie wyższym (Dz. U. z 1973 roku, Nr 32, poz. 191 ze zm.). Zniesiona została natomiast z dniem 30 września 1989 roku na podstawie <xLexLink xArt="" xIsapId="WDU19890370204" xTitle="Rozporządzenie Rady Ministrów z dnia 10 czerwca 1989 r. w sprawie zniesienia wyższych szkół oficerskich nadzorowanych przez Ministra Spraw Wewnętrznych" xAddress="Dz. U. z 1989 r. Nr 37, poz. 204">rozporządzenia Rady Ministrów z dnia 10 czerwca 1989 roku w sprawie zniesienia wyższych szkół oficerskich nadzorowanych przez Ministra Spraw Wewnętrznych</xLexLink> (Dz. U. z 1989 roku , Nr 37, poz. 204), wydanego na podstawie <xLexLink xArt="art. 3" xIsapId="WDU19650140102" xTitle="Ustawa z dnia 31 marca 1965 r. o wyższym szkolnictwie wojskowym" xAddress="Dz. U. z 1965 r. Nr 14, poz. 102">art. 3 ustawy z dnia 31 marca 1965 roku o wyższym szkolnictwie wojskowym</xLexLink> (Dz. U. z 1965 roku, Nr 14, poz. 102 ze zm.).</xText>
          <xText>Tym samym Sąd Okręgowy doszedł do prawidłowego wniosku, że szkoła ta nie wypełnia również dyspozycji <xLexLink xArt="art. 2;art. 2 ust. 3" xIsapId="WDU20062181592" xTitle="Ustawa z dnia 18 października 2006 r. o ujawnianiu informacji o dokumentach organów bezpieczeństwa państwa z lat 1944-1990 oraz treści tych dokumentów" xAddress="Dz. U. z 2006 r. Nr 218, poz. 1592">art. 2 ust. 3 ustawy z dnia 18 października 2006 roku o ujawnianiu informacji o dokumentach organów bezpieczeństwa państwa z lat 1944-1990 oraz treści tych dokumentów</xLexLink>, zgodnie z którym jednostkami Służby Bezpieczeństwa, w rozumieniu ustawy, są te jednostki Ministerstwa Spraw Wewnętrznych, które z mocy prawa podlegały rozwiązaniu w chwili zorganizowania Urzędu Ochrony Państwa, oraz te jednostki, które były ich poprzedniczkami.</xText>
          <xText>Reasumując, Sąd Apelacyjny podziela stanowisko Sądu I instancji, iż <xAnon> Wyższa Szkoła (...)</xAnon> w <xAnon>L.</xAnon> nie jest organem bezpieczeństwa państwa w rozumieniu <xLexLink xArt="art. 2" xIsapId="WDU20062181592" xTitle="Ustawa z dnia 18 października 2006 r. o ujawnianiu informacji o dokumentach organów bezpieczeństwa państwa z lat 1944-1990 oraz treści tych dokumentów" xAddress="Dz. U. z 2006 r. Nr 218, poz. 1592">art. 2 ustawy z dnia 18 października 2006 roku o ujawnianiu informacji o dokumentach organów bezpieczeństwa państwa z lat 1944-1990 oraz treści tych dokumentów</xLexLink>.</xText>
          <xText>W dalszej kolejności należało odnieść się do podnoszonej w apelacji okoliczności, że Instytut Pamięci Narodowej, działając w trybie <xLexLink xArt="art. 13 a;art. 13 a ust. 1;art. 13 a ust. 5" xIsapId="WDU19940530214" xTitle="Ustawa z dnia 18 lutego 1994 r. o zaopatrzeniu emerytalnym funkcjonariuszy Policji, Urzędu Ochrony Państwa, Straży Granicznej, Państwowej Straży Pożarnej i Służby Więziennej oraz ich rodzin" xAddress="Dz. U. z 1994 r. Nr 53, poz. 214">art. 13a ust. 1 i 5 ustawy z dnia 18 lutego 1994 roku o zaopatrzeniu emerytalnym funkcjonariuszy Policji, Agencji Bezpieczeństwa Wewnętrznego, Agencji Wywiadu, Służby Kontrwywiadu Wojskowego, Służby Wywiadu Wojskowego, Centralnego Biura Antykorupcyjnego, Straży Granicznej, Biura Ochrony Rządu, Państwowej Straży Pożarnej i Służby Więziennej oraz ich rodzin</xLexLink>, przedstawił informację o przebiegu służby z dnia 17 września 2009 roku, z której wynikało, że <xAnon>W. L.</xAnon> w spornym okresie pełnił służbę w organach bezpieczeństwa państwa, o których mowa w <xLexLink xArt="art. 2" xIsapId="WDU20062181592" xTitle="Ustawa z dnia 18 października 2006 r. o ujawnianiu informacji o dokumentach organów bezpieczeństwa państwa z lat 1944-1990 oraz treści tych dokumentów" xAddress="Dz. U. z 2006 r. Nr 218, poz. 1592">art. 2 ustawy z dnia 18 października 2006 roku o ujawnianiu informacji o dokumentach organów bezpieczeństwa państwa z lat 1944-1990 oraz treści tych dokumentów</xLexLink>. Dokument ten był podstawą wydania zaskarżonej decyzji Dyrektora Zakładu Emerytalno – Rentowego Ministerstwa Spraw Wewnętrznych i Administracji w Warszawie z dnia 17 grudnia 2009 roku. Zdaniem Sądu II instancji dokument ten nie był wiążący dla tego organu, jak i dla weryfikujących w/w decyzję sądów co do faktu (przebiegu służby), jak i co do oceny prawnej, czy praca we wskazanych w nim okresach w wyszczególnionych jednostkach stanowiła służbę w organach bezpieczeństwa państwa, w rozumieniu <xLexLink xArt="art. 2" xIsapId="WDU20062181592" xTitle="Ustawa z dnia 18 października 2006 r. o ujawnianiu informacji o dokumentach organów bezpieczeństwa państwa z lat 1944-1990 oraz treści tych dokumentów" xAddress="Dz. U. z 2006 r. Nr 218, poz. 1592">art. 2 ustawy z dnia 18 października 2006 roku o ujawnianiu informacji o dokumentach organów bezpieczeństwa państwa z lat 1944-1990 oraz treści tych dokumentów</xLexLink>. Na zasadę niezwiązania organu rentowego i sądu powszechnego informacją IPN wskazał również Trybunał Konstytucyjny. W uzasadnieniu wyroku z dnia 11 stycznia 2012 roku (K 36/09, OTK-A 2012/1/3, lex numer 1102085), stwierdził bowiem, że informacja o przebiegu służby byłego funkcjonariusza organów bezpieczeństwa PRL, mimo braku możliwości bezpośredniego zakwestionowania jej treści w postępowaniu przed IPN przez funkcjonariusza, którego informacja dotyczy, podlega nie tylko weryfikacji w postępowaniu przed właściwym organem emerytalnym, ale przede wszystkim podlega wszechstronnej kontroli sądowej w postępowaniu wyjaśniającym. W razie bowiem zaskarżenia decyzji organu emerytalnego o ostatecznym ukształtowaniu praw emerytalnych funkcjonariusza rozstrzyga co do istoty sąd powszechny, który nie jest prawnie związany treścią tej informacji. Zobligowany jest on jednak do respektowania kwalifikacji tego dowodu jako dokumentu urzędowego (<xLexLink xArt="art. 244;art. 244 § 1" xIsapId="WDU19640430296" xTitle="Ustawa z dnia 17 listopada 1964 r. - Kodeks postępowania cywilnego" xAddress="Dz. U. z 1964 r. Nr 43, poz. 296">art. 244 § 1 k.p.c.</xLexLink>), sporządzonego w przepisanej formie przez powołany do tego organ państwowy, w zakresie działania tego organu (<xLexLink xArt="art. 244;art. 244 § 1" xIsapId="WDU19640430296" xTitle="Ustawa z dnia 17 listopada 1964 r. - Kodeks postępowania cywilnego" xAddress="Dz. U. z 1964 r. Nr 43, poz. 296">art. 244 § 1 k.p.c.</xLexLink>). Wystawiający taki dokument Instytut Pamięci Narodowej jest organem państwowym, działającym na podstawie przepisów <xLexLink xArt="" xIsapId="WDU19981551016" xTitle="Ustawa z dnia 18 grudnia 1998 r. o Instytucie Pamięci Narodowej - Komisji Ścigania Zbrodni przeciwko Narodowi Polskiemu" xAddress="Dz. U. z 1998 r. Nr 155, poz. 1016">ustawy z dnia 18 grudnia 1998 roku o Instytucie Pamięci Narodowej - Komisji Ścigania Zbrodni przeciwko Narodowi Polskiemu</xLexLink> (Dz. U. z 2007 roku, Nr 63, poz. 424 ze zm.). W zakresie działania tego organu na podstawie <xLexLink xArt="art. 13 a;art. 13 a ust. 1" xIsapId="WDU19940530214" xTitle="Ustawa z dnia 18 lutego 1994 r. o zaopatrzeniu emerytalnym funkcjonariuszy Policji, Urzędu Ochrony Państwa, Straży Granicznej, Państwowej Straży Pożarnej i Służby Więziennej oraz ich rodzin" xAddress="Dz. U. z 1994 r. Nr 53, poz. 214">art. 13a ust. 1 ustawy z dnia 18 lutego 1994 roku o zaopatrzeniu emerytalnym funkcjonariuszy Policji, Agencji Bezpieczeństwa Wewnętrznego, Agencji Wywiadu, Służby Kontrwywiadu Wojskowego, Służby Wywiadu Wojskowego, Centralnego Biura Antykorupcyjnego, Straży Granicznej, Biura Ochrony Rządu, Państwowej Straży Pożarnej i Służby Więziennej oraz ich rodzin</xLexLink> ustawodawca przewidział, sporządzanie na wniosek organu emerytalnego informacji o przebiegu służby wskazanych funkcjonariuszy w organach bezpieczeństwa państwa, o których mowa w <xLexLink xArt="art. 2" xIsapId="WDU20062181592" xTitle="Ustawa z dnia 18 października 2006 r. o ujawnianiu informacji o dokumentach organów bezpieczeństwa państwa z lat 1944-1990 oraz treści tych dokumentów" xAddress="Dz. U. z 2006 r. Nr 218, poz. 1592">art. 2 ustawy z dnia 18 października 2006 roku o ujawnianiu informacji o dokumentach organów bezpieczeństwa państwa z lat 1944-1990 oraz treści tych dokumentów</xLexLink>.</xText>
          <xText>Wspomniana informacja IPN ma charakter zaświadczenia. Przemawia za tym nie tylko jednoznaczne brzmienie <xLexLink xArt="art. 13 a;art. 13 a ust. 5" xIsapId="WDU19940530214" xTitle="Ustawa z dnia 18 lutego 1994 r. o zaopatrzeniu emerytalnym funkcjonariuszy Policji, Urzędu Ochrony Państwa, Straży Granicznej, Państwowej Straży Pożarnej i Służby Więziennej oraz ich rodzin" xAddress="Dz. U. z 1994 r. Nr 53, poz. 214">art. 13a ust. 5 ustawy z dnia 18 lutego 1994 roku o zaopatrzeniu emerytalnym funkcjonariuszy Policji, Agencji Bezpieczeństwa Wewnętrznego, Agencji Wywiadu, Służby Kontrwywiadu Wojskowego, Służby Wywiadu Wojskowego, Centralnego Biura Antykorupcyjnego, Straży Granicznej, Biura Ochrony Rządu, Państwowej Straży Pożarnej i Służby Więziennej oraz ich rodzin</xLexLink> nakazujące powyższą informację traktować jako równoważną z zaświadczeniem o przebiegu służby wydawanym na podstawie akt osobowych przez właściwe organy służb, ale również treść tej informacji nawiązująca do dokumentacji osobowej o zatrudnieniu niezbędnej przy ustalaniu prawa do emerytury. Mamy tu do czynienia z urzędowym potwierdzeniem faktów dotyczących przebiegu służby funkcjonariuszy organów bezpieczeństwa PRL, wynikających z danych znajdujących się w posiadaniu IPN, tj.: 1) danych osobowych funkcjonariusza; 2) wskazania okresów służby w organach bezpieczeństwa państwa, o których mowa w <xLexLink xArt="art. 2" xIsapId="WDU20062181592" xTitle="Ustawa z dnia 18 października 2006 r. o ujawnianiu informacji o dokumentach organów bezpieczeństwa państwa z lat 1944-1990 oraz treści tych dokumentów" xAddress="Dz. U. z 2006 r. Nr 218, poz. 1592">art. 2 ustawy z dnia 18 października 2006 roku o ujawnianiu informacji o dokumentach organów bezpieczeństwa państwa z lat 1944-1990 oraz treści tych dokumentów</xLexLink> oraz 3) informacji, czy z dokumentów zgromadzonych w archiwach IPN wynika, że funkcjonariusz w tym okresie, bez wiedzy przełożonych, podjął współpracę i czynnie wspierał osoby lub organizacje działające na rzecz niepodległości Państwa Polskiego (<xLexLink xArt="art. 13 a;art. 13 a ust. 4" xIsapId="WDU19940530214" xTitle="Ustawa z dnia 18 lutego 1994 r. o zaopatrzeniu emerytalnym funkcjonariuszy Policji, Urzędu Ochrony Państwa, Straży Granicznej, Państwowej Straży Pożarnej i Służby Więziennej oraz ich rodzin" xAddress="Dz. U. z 1994 r. Nr 53, poz. 214">art. 13a ust. 4 ustawy z dnia 18 lutego 1994 roku o zaopatrzeniu emerytalnym funkcjonariuszy Policji, Agencji Bezpieczeństwa Wewnętrznego, Agencji Wywiadu, Służby Kontrwywiadu Wojskowego, Służby Wywiadu Wojskowego, Centralnego Biura Antykorupcyjnego, Straży Granicznej, Biura Ochrony Rządu, Państwowej Straży Pożarnej i Służby Więziennej oraz ich rodzin</xLexLink>). Podobne stanowisko również wynika z uzasadnienia w/w wyroku Trybunału Konstytucyjnego z dnia 11 stycznia 2012 roku. Trybunał w tym orzeczeniu wyraźnie traktuje informację IPN jako dokument urzędowy, co nakazuje uznać jego treść za udowodnioną, nie przesądzając znaczenia tego dokumentu dla wyniku sprawy.</xText>
          <xText>Należy bowiem podkreślić – za doktryną i orzecznictwem - że dokument urzędowy, odpowiadający wymaganiom z <xLexLink xArt="art. 244;art. 244 § 1" xIsapId="WDU19640430296" xTitle="Ustawa z dnia 17 listopada 1964 r. - Kodeks postępowania cywilnego" xAddress="Dz. U. z 1964 r. Nr 43, poz. 296">art. 244 § 1 k.p.c.</xLexLink>, korzysta z domniemania prawdziwości (autentyczności) oraz domniemania zgodności z prawdą tego, co zostało w nim urzędowo zaświadczone. Domniemania te mogą być obalone w sposób przewidziany w <xLexLink xArt="art. 252" xIsapId="WDU19640430296" xTitle="Ustawa z dnia 17 listopada 1964 r. - Kodeks postępowania cywilnego" xAddress="Dz. U. z 1964 r. Nr 43, poz. 296">art. 252 k.p.c.</xLexLink>, tj. przez zaprzeczenie prawdziwości dokumentu i udowodnienie, że oświadczenie organu zawarte w danym dokumencie urzędowym, wystawionym przez ten organ, jest niezgodne z prawdą (Kodeks postępowania cywilnego. Komentarz. Jędrzejewska Maria, Grzegorczyk Paweł, Weitz Karol, Ereciński Tadeusz, Gudowski Jacek [w:] Ereciński Tadeusz Część pierwsza, tyt. VI dz. III rozdz. 2 oddz. 2 art. 244). Przepis <xLexLink xArt="art. 252" xIsapId="WDU19640430296" xTitle="Ustawa z dnia 17 listopada 1964 r. - Kodeks postępowania cywilnego" xAddress="Dz. U. z 1964 r. Nr 43, poz. 296">art. 252 k.p.c.</xLexLink> nie zawiera żadnych ograniczeń dotyczących rodzaju dowodów, za pomocą których strona powinna wykazać prawdziwość swoich twierdzeń w przedmiocie kwestionowania wartości dowodowej dokumentu urzędowego (postanowienie Sądu Najwyższego z dnia 24 kwietnia 2003 roku w sprawie o sygn. akt I CKN 256/01, lex numer 78889).</xText>
          <xText>W przedmiotowej sprawie, w ocenie Sądu Apelacyjnego, analiza przepisu <xLexLink xArt="art. 2" xIsapId="WDU20062181592" xTitle="Ustawa z dnia 18 października 2006 r. o ujawnianiu informacji o dokumentach organów bezpieczeństwa państwa z lat 1944-1990 oraz treści tych dokumentów" xAddress="Dz. U. z 2006 r. Nr 218, poz. 1592">art. 2 ustawy z dnia 18 października 2006 roku o ujawnianiu informacji o dokumentach organów bezpieczeństwa państwa z lat 1944-1990 oraz treści tych dokumentów</xLexLink> prowadziła do wniosku, iż okres, w którym <xAnon>W. L.</xAnon> był etatowym słuchaczem <xAnon> Wyższej Szkoły (...)</xAnon> w <xAnon>L.</xAnon> nie jest okresem służby w organach bezpieczeństwa państwa w rozumieniu tego przepisu, pomimo treści powyższego zaświadczenia wystawionego przez IPN.</xText>
          <xText>Reasumując, Sąd I instancji prawidłowo stwierdził, że okres od dnia 27 czerwca 1987 roku do dnia 31 stycznia 1988 roku, tj. okres kiedy wnioskodawca był etatowym słuchaczem <xAnon> Wyższej Szkoły (...)</xAnon> w <xAnon>L.</xAnon> winien zostać wyłączony ze służby w organach bezpieczeństwa państwa. W konsekwencji powyższego podstawę wymiaru świadczeń za wyżej wskazany okres należało, stosownie do <xLexLink xArt="art. 15 b;art. 15 b ust. 1;art. 15 b ust. 1 pkt. 2" xIsapId="WDU19940530214" xTitle="Ustawa z dnia 18 lutego 1994 r. o zaopatrzeniu emerytalnym funkcjonariuszy Policji, Urzędu Ochrony Państwa, Straży Granicznej, Państwowej Straży Pożarnej i Służby Więziennej oraz ich rodzin" xAddress="Dz. U. z 1994 r. Nr 53, poz. 214">art. 15b ust. 1 pkt 2 ustawy z dnia 18 lutego 1994 roku o zaopatrzeniu emerytalnym funkcjonariuszy Policji, Agencji Bezpieczeństwa Wewnętrznego, Agencji Wywiadu, Służby Kontrwywiadu Wojskowego, Służby Wywiadu Wojskowego, Centralnego Biura Antykorupcyjnego, Straży Granicznej, Biura Ochrony Rządu, Państwowej Straży Pożarnej i Służby Więziennej oraz ich rodzin</xLexLink>, obliczyć przy uwzględnieniu wskaźnika po 2,6 % podstawy wymiaru za każdy rok służby.</xText>
          <xText>Wobec powyższego, Sąd Apelacyjny na podstawie <xLexLink xArt="art. 385" xIsapId="WDU19640430296" xTitle="Ustawa z dnia 17 listopada 1964 r. - Kodeks postępowania cywilnego" xAddress="Dz. U. z 1964 r. Nr 43, poz. 296">art. 385 k.p.c.</xLexLink> orzekł jak w sentencji wyroku.</xText>
        </xUnit>
      </xBlock>
    </xPart>
  </judgement>
<judgement id="151015000004021_VIII_U_001255_2013_Uz_2013-09-03_001">
    <xPart xEditorFullName="Iwona Lawrenc" xYear="2013" xLang="PL" xPublisherFullName="Katarzyna Pocobej" xFromPg="1" xEditor="ilawrenc" xVolType="15/101500/0004021/U" xPublisher="kpocobej" xDocType="Uz" xVolNmbr="001255" xVersion="1.0" xToPage="4" xFlag="published">
      <xName>Wyrok+Uzasadnienie</xName>
      <xBlock>
        <xText>Sygn. akt VIII U 1255/13</xText>
        
        <xUnit xIsTitle="true" xType="part" xBold="true">
          <xName>WYROK</xName>
          <xTitle>W IMIENIU RZECZYPOSPOLITEJ POLSKIEJ</xTitle>
          <xText xALIGNx="center"> Dnia 3 września 2013 r.</xText>
          
          <xText>Sąd Okręgowy w Gdańsku</xText>
          <xText>VIII Wydział Pracy i Ubezpieczeń Społecznych</xText>
          <xText>w składzie:</xText>
          <xText>Przewodniczący: SSA w SO w Gdańsku Hanna Witkowska-Zalewska
  </xText>
          
          <xText>Protokolant: st. sekr. sądowy Iwona Lawrenc</xText>
          
          <xText>po rozpoznaniu w dniu 3 września 2013 r. w Gdańsku</xText>
          <xText>sprawy <xAnon>M. W.</xAnon></xText>
          <xText>przeciwko Zakładowi Ubezpieczeń Społecznych Oddział w <xAnon>G.</xAnon></xText>
          <xText>o wysokość świadczenia</xText>
          <xText>na skutek odwołania <xAnon>M. W.</xAnon></xText>
          <xText>od decyzji Zakładu Ubezpieczeń Społecznych Oddział w <xAnon>G.</xAnon></xText>
          <xText>z dnia 17 czerwca 2013r. i 16 lipca 2013 r. nr <xAnon> (...)</xAnon></xText>
          
          <xText>oddala odwołania</xText>
          <xText>/na oryginale właściwy podpis/</xText>
        </xUnit>
        <xUnit xIsTitle="true" xType="part" xBold="true">
          <xName>UZASADNIENIE</xName>
          <xText>Decyzją z dnia 17 czerwca 2013 roku Zakład Ubezpieczeń Społecznych Oddział w <xAnon>G.</xAnon> odmówił ubezpieczonemu <xAnon>M. W.</xAnon> ponownego ustalenia wysokości emerytury w oparciu o <xLexLink xArt="art. 108" xIsapId="WDU19981621118" xTitle="Ustawa z dnia 17 grudnia 1998 r. o emeryturach i rentach z Funduszu Ubezpieczeń Społecznych" xAddress="Dz. U. z 1998 r. Nr 162, poz. 1118">art. 108 ustawy z dnia 17 grudnia 1998 roku o emeryturach i rentach z Funduszu Ubezpieczeń Społecznych</xLexLink> (t.j. Dz. U. z 2009 r. Nr 153, poz. 1227 ze zm.).</xText>
          <xText>Decyzją z dnia 16 lipca 2013 roku pozwany odmówił ponownego ustalenia wysokości emerytury ubezpieczonego, z przyczyn tych samych jak w decyzji z 17 czerwca 2013 roku.</xText>
          <xText>Odwołania od powyższych decyzji złożył ubezpieczony <xAnon>M. W.</xAnon>, domagając się ponownego ustalenia wysokości emerytury z uwagi na kontynuowanie zatrudnienia i dalsze opłacanie składek.</xText>
          <xText>Organ rentowy w odpowiedzi na odwołania wniósł o ich oddalenie, podtrzymując stanowisko zawarte w zaskarżonych decyzjach.</xText>
          <xText>Zarządzeniem z dnia 30 sierpnia 2013 r. zarządzono o połączeniu sprawy o sygn akt VIII U 1352/13 ze sprawą VIII U 1255/13 i o prowadzeniu ich dalej pod wspólną sygnaturą akt VIII U 1255/13.</xText>
          <xText>Na rozprawie w dniu 03 września 2013 r. ubezpieczony podniósł, iż domaga się ponownego przeliczenia emerytury, nie zaś jedynie doliczenia stażu pracy oraz składek, powołując się na treść zacytowanego fragmentu wyroku Sądu Najwyższego, w myśl którego, jak wskazał ubezpieczony, „zgodnie z przepisami można kilka razy przechodzić na emeryturę i ubiegać się o wyższe wypłaty, jeśli pracowało się po przejściu na wcześniejszą emeryturę i dalej opłacało składki”.</xText>
          
          <xText>
            <xBx>Sąd ustalił następujący stan faktyczny:</xBx>
          </xText>
          
          <xText>Decyzją z dnia 28 stycznia 2011 roku organ rentowy przyznał ubezpieczonemu <xAnon>M. W.</xAnon> prawo do emerytury od dnia 28 grudnia 2010 r. Wysokość świadczenia pozwany ustalił poprzez przyjęcie podstawy wymiaru z 10 lat kalendarzowych, tj. z lat 1990 – 1999. Wskaźnik wysokości podstawy wymiaru wyniósł 117,15% <xIx>(niesporne vide: decyzja – k. 55-56 akt ubezpieczeniowych).</xIx></xText>
          <xText>W dniu 25 stycznia 2013 r. ubezpieczony złożył wniosek o doliczenie stażu pracy oraz składek na podstawie przedłożonego zaświadczenia. Decyzją z dnia 08 lutego 2013 r. organ rentowy ponownie ustalił wysokość świadczenia ubezpieczonego.</xText>
          <xText>Kolejny wniosek o doliczenie stażu pracy oraz składek skarżący złożył 21 maja 2013 r., składając jednocześnie świadectwo pracy, z którego wynika, iż do dnia 30 kwietnia 2013 r. pozostawał w stosunku pracy z <xAnon> (...) S.A.</xAnon></xText>
          <xText>Z informacji w systemie informatycznym US wynika, iż od dnia 01 maja 2013r. ubezpieczony został ponownie zgłoszony do ubezpieczeń społecznych jako pracownik w <xAnon> (...) – Ochrona Sp. z o.o.</xAnon></xText>
          <xText>Zaskarżoną w niniejszym postępowaniu decyzją z dnia 17 czerwca 2013 roku Zakład Ubezpieczeń Społecznych Oddział w <xAnon>G.</xAnon> odmówił ubezpieczonemu <xAnon>M. W.</xAnon> ponownego ustalenia wysokości emerytury.</xText>
          <xText>W dniu 09 lipca ubezpieczony ponownie złożył wniosek o doliczenie składek. Zaskarżoną decyzją z dnia 16 lipca 2013 roku pozwany odmówił ponownego ustalenia wysokości emerytury z przyczyn tych samych jak w decyzji z dnia 17 czerwca 2013 roku. Ubezpieczony nadal pozostaje w stosunku pracy <xIx>(niesporne, vide: wniosek: k.138 akt ubezpieczeniowych, decyzja – k. 152 akt ubezpieczeniowych,k.1 akt zastępczych, k.178, zaświadczenie k.142, 170, odwołanie – k.2,20).</xIx></xText>
          <xText>Niesporny stan faktyczny Sąd ustalił na podstawie dokumentów znajdujących się w aktach organu rentowego, których wiarygodności oraz autentyczności nie kwestionowała żadna ze stron procesu. Sąd również nie znalazł podstaw do podważenia ich wiarygodności z urzędu.</xText>
          
          <xText>
            <xBx>Sąd zważył, co następuje:</xBx>
          </xText>
          
          <xText>Odwołania ubezpieczonego <xAnon>M. W.</xAnon> należało oddalić. Zgodnie z <xLexLink xArt="art. 108;art. 108 ust. 3" xIsapId="WDU19981621118" xTitle="Ustawa z dnia 17 grudnia 1998 r. o emeryturach i rentach z Funduszu Ubezpieczeń Społecznych" xAddress="Dz. U. z 1998 r. Nr 162, poz. 1118">art. 108 ust. 3 ustawy z dnia 17 grudnia 1998 r. o emeryturach i rentach z Funduszu Ubezpieczeń Społecznych</xLexLink> ( Dz. U. z 2009 r. Nr 153, poz. 1227 ze zm.) ponowne ustalenie wysokości emerytury następuje na wniosek zgłoszony nie wcześniej niż po upływie roku kalendarzowego lub po ustaniu ubezpieczeń emerytalnego i rentowych.</xText>
          <xText>Przedmiotem postępowania jest prawidłowość decyzji organu rentowego z dnia 17 czerwca 2013 roku i 16 lipca 2013, dotycząca odmowy ponownego ustalenia ubezpieczonemu wysokości emerytury na podstawie przepisu <xLexLink xArt="art. 108" xIsapId="WDU19981621118" xTitle="Ustawa z dnia 17 grudnia 1998 r. o emeryturach i rentach z Funduszu Ubezpieczeń Społecznych" xAddress="Dz. U. z 1998 r. Nr 162, poz. 1118">art. 108 ustawy z dnia 17 grudnia 1998 roku o emeryturach i rentach z Funduszu Ubezpieczeń Społecznych</xLexLink> (t.j. Dz. U. z 2009 r. Nr 153, poz. 1227 ze zm.).</xText>
          <xText>Jak wynika z poczynionych w sprawie ustaleń faktycznych decyzją z dnia 08 lutego 2013r. organ rentowy, rozpoznając wniosek z dnia 25 stycznia 2013 r., ponownie ustalił wysokość świadczenia ubezpieczonego. Na dzień złożenia wniosków o doliczenie stażu pracy oraz składek z dnia 21 maja 2013 r, i 09 lipca 2013 r. ubezpieczony nadal pozostawał w stosunku pracy. Biorąc powyższe ustalenia pod uwagę wskazać za pozwanym należy, iż w myśl cytowanego wyżej <xLexLink xArt="art. 108;art. 108 ust. 3" xIsapId="WDU19981621118" xTitle="Ustawa z dnia 17 grudnia 1998 r. o emeryturach i rentach z Funduszu Ubezpieczeń Społecznych" xAddress="Dz. U. z 1998 r. Nr 162, poz. 1118">art. 108 ust. 3 ustawy z dnia 17 grudnia 1998 r. o emeryturach i rentach z Funduszu Ubezpieczeń Społecznych</xLexLink>, ponowne ustalenie wysokości świadczenia możliwe będzie dopiero na wniosek zgłoszony nie wcześniej niż po upływie roku kalendarzowego od poprzedniego wniosku tj. od dnia 25 stycznia 2013 r.</xText>
          <xText>Podnieść przy tym należy, iż okoliczności podnoszone przez wnioskodawcę na rozprawie w dniu 03 września 2013 r., powołującego się jak ustalił Sąd na uchwałę Sądu Najwyższego z dnia 4 lipca 2013 r., sygn. akt II UZP 4/13 <xIx>(LEX nr 1342169),</xIx> nie mają znaczenia w sprawie. Odnośnie wskazanej uchwały nadmienić należy, iż wątpliwości Sądu Apelacyjnego w Gdańsku, który zwrócił się do Sądu Najwyższego z zapytaniem prawnym pojawiły się w stanie faktycznym dotyczącym ubezpieczonego urodzonego przed 1949 r. mającego ustalone prawo do emerytury na starych zasadach, której wypłata była zawieszona z uwagi na wysokość osiąganego przychodu. Ubezpieczony po osiągnięciu powszechnego wieku emerytalnego kontynuował zatrudnienie, a z ponownym wnioskiem o świadczenie emerytalne wystąpił po 31 grudnia 2008 r. Zagadnienie prawne dotyczyło tego, czy w takim przypadku, na mocy art. 55 ustawy emerytalnej, ubezpieczony mógł skorzystać z przywileju ustalenia emerytury w oparciu o art. 27 ustawy emerytalnej, tj. na nowych zasadach? Sąd Najwyższy w uchwale z dnia 4 lipca 2013 r., sygn. akt II UZP 4/13, uznał, że ubezpieczony urodzony przed dniem 31 grudnia 1948 r., który po osiągnięciu powszechnego wieku emerytalnego kontynuował ubezpieczenie i wystąpił o emeryturę po dniu 31 grudnia 2008 r., ma prawo do jej wyliczenia na podstawie art. 27 w związku z <xLexLink xArt="art. 55" xIsapId="WDU19981621118" xTitle="Ustawa z dnia 17 grudnia 1998 r. o emeryturach i rentach z Funduszu Ubezpieczeń Społecznych" xAddress="Dz. U. z 1998 r. Nr 162, poz. 1118">art. 55 ustawy o emeryturach i rentach z Funduszu Ubezpieczeń Społecznych</xLexLink>, niezależnie od tego czy wcześniej złożył wniosek o emeryturę w niższym wieku emerytalnym lub o emeryturę wcześniejszą. W uchwale tej wskazano m.in., iż w utrwalonych poglądach judykatury, przyjmuje się, że emerytura w niższym i w powszechnym wieku emerytalnym to odrębne rodzaje emerytur. Sąd zważył, iż w przywołanej uchwale Sądu Najwyższego nie wyrażono poglądu, iż na emeryturę można przechodzić kilka razy, w znaczeniu jakie nadaje temu ubezpieczony.</xText>
          <xText>W sytuacji ubezpieczonego, który pozostaje w stosunku pracy, ponowne ustalenie wysokości świadczenia możliwe jest dopiero na wniosek zgłoszony nie wcześniej niż po upływie roku kalendarzowego od poprzedniego wniosku lub po ustaniu ubezpieczeń emerytalnego i rentowego.</xText>
          <xText>Mając powyższe na względzie, uznać należało, iż zaskarżone decyzje ZUS są prawidłowe. Zatem Sąd, na podstawie <xLexLink xArt="art. 477(14);art. 477(14) § 1" xIsapId="WDU19640430296" xTitle="Ustawa z dnia 17 listopada 1964 r. - Kodeks postępowania cywilnego" xAddress="Dz. U. z 1964 r. Nr 43, poz. 296">art. 477<xSUPx>14</xSUPx> § 1 k.p.c.</xLexLink> w związku z powołanymi wyżej przepisami, orzekł jak wyroku.</xText>
          
          <xText>SSA w SO H. Witkowska-Zalewska
  </xText>
        </xUnit>
      </xBlock>
    </xPart>
  </judgement>
<judgement id="152515000001003_II_Ca_000584_2013_Uz_2013-09-03_001">
    <xPart xEditorFullName="Justyna Dolata" xYear="2013" xLang="PL" xPublisherFullName="Justyna Dolata" xFromPg="1" xEditor="dolata.j" xVolType="15/251500/0001003/Ca" xPublisher="dolata.j" xDocType="Uz" xVolNmbr="000584" xVersion="1.0" xToPage="1" xFlag="published">
      <xName>Wyrok+Uzasadnienie</xName>
      <xBlock>
        <xText>Sygn. akt II Ca 584/13</xText>
        <xUnit xIsTitle="true" xBold="true" xType="part">
          <xName>WYROK</xName>
          <xTitle>W IMIENIU RZECZYPOSPOLITEJ POLSKIEJ</xTitle>
          <xText xALIGNx="right">Dnia 3 września 2013 roku</xText>
          
          <xText>Sąd Okręgowy w Piotrkowie Trybunalskim Wydział II Cywilny Odwoławczy</xText>
          <xText>w składzie następującym:</xText>
          
          <xText>Przewodniczący: Sędzia S.O. J. Gołębiowski</xText>
          
          <xText>po rozpoznaniu w dniu 3 września 2013 roku na posiedzeniu niejawnym w postępowaniu uproszczonym</xText>
          <xText>sprawy z powództwa <xAnon>E. H.</xAnon></xText>
          <xText>przeciwko <xAnon>(...)</xAnon></xText>
          <xText>o zapłatę</xText>
          <xText>na skutek apelacji powódki</xText>
          <xText>od wyroku Sądu Rejonowego w Bełchatowie z dnia 5 lutego 2013 roku, sygn. akt I C upr 228/12</xText>
          
          <xText>
            <xBx>oddala apelacje.</xBx>
          </xText>
          
          <xText>Sygn. akt II Ca 584/13</xText>
        </xUnit>
        <xUnit xIsTitle="true" xBold="true" xType="part">
          <xName>UZASADNIENIE</xName>
          <xText>Zaskarżonym wyrokiem z dnia 5 lutego 2013 r. Sąd Rejonowy w Bełchatowie zasądził od pozwanego <xAnon>J. K. (1)</xAnon> na rzecz powódki <xAnon>E. H.</xAnon> kwotę 4.100 złotych wraz z odsetkami ustawowymi od dnia 17 listopada 2011 r. do dnia zapłaty oraz orzekł o kosztach procesu.</xText>
          <xText>Podstawę powyższego rozstrzygnięcia stanowiły następujące ustalenia i rozważania Sądu Rejonowego:</xText>
          <xText>Powódka <xAnon>E. H.</xAnon> zakupiła u pozwanego <xAnon>J. K. (1)</xAnon> prowadzącego <xAnon>(...)</xAnon> w <xAnon>P.</xAnon> krzewy ozdobne.</xText>
          <xText>W dniu 21 kwietnia 2011 r. pozwany sprzedał powódce dwa migdałowce po 75,00 zł za sztukę, dwie sztuki chojny kanadyjskiej po 350,00 zł za sztukę, jeden wiąz płaczący po 300,00 zł za sztukę, pięć sztuk świerka omorica po 150,00 zł za sztukę. Następnie w dniu 22 kwietnia 2011 r. pozwany sprzedał powódce dziesięć sztuk świerka omorica po 150,00 zł za sztukę, dwie sztuki chojny kanadyjskiej po 350,00 zł sztuka.</xText>
          <xText>Pozwany wskazał powódce, iż jego firma musi dokonać nasadzenia z wykorzystaniem własnej ziemi. To było warunkiem gwarancji przyjęcia się roślin. W momencie zakupu pozwany udzielił powódce pouczenia, że rośliny należy podlewać raz na dwa tygodnie, a jak będzie sucho to częściej, w zależności od opadów. Pozwany dał powódce ustną gwarancję przyjęcia się zakupionych roślin.</xText>
          <xText>Rośliny na teren posesji powódki przywiózł pracownik pozwanego <xAnon>P. N.</xAnon>. Rośliny znajdowały się w donicach o średnicy około 80 cm.</xText>
          <xText>Firma pozwanego dokonała nasadzenia roślin. Do czasu wykonania nasadzenia zakupionych roślin, krzewy stały w donicach na posesji powódki. Krzewy stały przez około trzy miesiące w donicach zanim firma pozwanego dokonała ich wsadzenia do gruntu. Powódka nie chciała dokonać samodzielnego wysadzenia roślin do gruntu z obawy utraty gwarancji.</xText>
          <xText>Powódka nie posiada na swojej nieruchomości systemu automatycznego nawadniania.</xText>
          <xText>Pozwany prowadzi działalność rolniczą w zakresie <xAnon>(...)</xAnon></xText>
          <xText>Pismem z dnia 9 listopada 2011 r. pełnomocnik powódki wezwał pozwanego do uiszczenia kwoty 5.435 zł tytułem zwrotu wartości zakupu obumarłych krzewów ozdobnych oraz ich nasadzenia w terminie do dnia 16 listopada 2011 r.</xText>
          <xText xALIGNx="left">W odpowiedzi na wezwanie pozwany odmówił zapłaty.</xText>
          <xText xALIGNx="left">Powództwo zasługuje częściowo na uwzględnienie.</xText>
          <xText>Strony łączyły dwie umowy sprzedaży, które były podstawą żądania pozwu. Podstawą żądania zwrotu ceny sprzedaży przez powódkę były przepisy o rękojmi za wady.</xText>
          <xText>Dostarczona przez sprzedawcę kupującemu rzecz powinna odpowiadać treści umowy. Za rzecz wadliwą w ujęciu <xLexLink xArt="art. 556;art. 556 § 1" xIsapId="WDU19640160093" xTitle="Ustawa z dnia 23 kwietnia 1964 r. - Kodeks cywilny" xAddress="Dz. U. z 1964 r. Nr 16, poz. 93">art. 556 §1 k.c.</xLexLink> należy uznać zatem rzecz, która nie posiada wartości lub użyteczności zgodnych z celem umowy, przeznaczeniem rzeczy wynikającym z okoliczności lub przeznaczenia rzeczy. Wada fizyczna wystąpi także wtedy, gdy rzecz nie ma właściwości, o których istnieniu sprzedawca zapewnił kupującego.</xText>
          <xText>Sąd uznał, że sprzedane przez pozwanego rośliny ozdobne posiadały wady fizyczne; pozwany zapewnił powódkę o właściwości sprzedanych roślin ozdobnych w zakresie przyjęcia się roślin po wsadzeniu do gruntu. Sprzedawca wiedząc o wadzie rzeczy sprzedanej , o czym był wielokrotnie przez powódkę informowany, nie dokonał wymiany rzeczy na wolną od wad, dlatego też należało uznać, że powódce przysługiwało prawo odstąpienia od umów sprzedaży zawartych z pozwanym.</xText>
          <xText>W tej sytuacji stosownie do <xLexLink xArt="art. 560;art. 560 § 2" xIsapId="WDU19640160093" xTitle="Ustawa z dnia 23 kwietnia 1964 r. - Kodeks cywilny" xAddress="Dz. U. z 1964 r. Nr 16, poz. 93">art. 560 §2 k.c.</xLexLink> strony powinny sobie nawzajem zwrócić otrzymane świadczenia według przepisów o odstąpieniu od umowy wzajemnej.</xText>
          <xText>Tym samym powódce należał się zwrot uiszczonej ceny. W zakresie ceny powstał spór między stronami. Pozwany zakwestionował łączną wartość zakupionych przez powódkę roślin ozdobnych. W tej sytuacji to na powódce ciążył dowód wykazania uiszczonej ceny sprzedaży za zakupione rośliny ozdobne na podstawie ogólnej zasady przewidzianej w <xLexLink xArt="art. 6" xIsapId="WDU19640160093" xTitle="Ustawa z dnia 23 kwietnia 1964 r. - Kodeks cywilny" xAddress="Dz. U. z 1964 r. Nr 16, poz. 93">art. 6 k.c</xLexLink> Dokonując oceny materiału dowodowego Sąd uznał, że powódka nie wykazała całości roszczenia dochodzonego pozwem; roszczenie o zwrot ceny uzasadnione jest do kwoty 4.100 zł, tj. łącznej wartości roślin ozdobnych przyznanych przez pozwanego. W pozostałym zakresie roszczenie jako nieudowodnione należało oddalić. Podkreślić należy, że powódka jest osobą wykształconą i winna domagać się przy zakupie roślin i spełnianiu swojego świadczenia pokwitowania uiszczenia ceny. Rezygnując z swojego uprawnienia powódka utraciła możliwość dokładnego wykazania uiszczonej ceny za zakupione u pozwanego rośliny ozdobne.</xText>
          <xText>W pozostałym zakresie powództwo jako nieuzasadnione należało oddalić</xText>
          
          <xText>
            <xUx>Sąd Okręgowy zważył, co następuje:</xUx>
          </xText>
          
          <xText>Apelacja pozwanego nie jest uzasadniona.</xText>
          <xText>Nie jest trafny zarzut obrazy zaskarżonym wyrokiem prawa procesowego tj. akt 233 <xLexLink xArt="" xIsapId="WDU19640430296" xTitle="Ustawa z dnia 17 listopada 1964 r. - Kodeks postępowania cywilnego" xAddress="Dz. U. z 1964 r. Nr 43, poz. 296">kpc</xLexLink>. Sąd Rejonowy przeprowadził dowody zaoferowane przez obie strony i na ich podstawie dokonał prawidłowych ustaleń. Zgromadzony w sprawie materiał dowodowy został poddany rzetelnej i wnikliwej ocenie zgodnie z zasadami logicznego rozumowania. Ustalenia te upoważniały Sąd I instancji do uwzględnienia powództwa w zakresie kwoty 4.100 złotych.</xText>
          <xText>Wbrew twierdzeniom skarżącego autorka pozwu wykazała (por. <xLexLink xArt="art. 6" xIsapId="WDU19640160093" xTitle="Ustawa z dnia 23 kwietnia 1964 r. - Kodeks cywilny" xAddress="Dz. U. z 1964 r. Nr 16, poz. 93">art. 6 kc</xLexLink>) zasadę odpowiedzialności umownej zobowiązanego jak również wysokość zasądzonej przez Sąd meriti kwoty pieniężnej.</xText>
          <xText>Nie ma racji apelant twierdząc, że ustaleniom Sądu Rejonowego przeczą zeznania świadka <xAnon>S. S.</xAnon>. Treść motywów pisemnych zaskarżonego wyroku wskazuje, iż zasądzona w nim kwota 4.100 złotych stanowi równowartość nabytych przez powódkę drzewek, które jak trafnie wskazano były dotknięte wadami fizycznymi. W/w świadek podał informacje dotyczące treści umowy kupna – sprzedaży oraz okoliczności jej towarzyszących. Zeznania tego świadka pomimo twierdzeń autora apelacji stanowiły środek dowodowy w oparciu o który poczynione zostały w sprawie ustalenia faktyczne stanowiące podstawę rozstrzygnięcia. Świadek ten podał jednakże wielce nieprecyzyjnie wysokość wynagrodzenia za sadzonki, iż wyniosła ona ponad 5.000 złotych. W tym zakresie twierdzenia te są obarczone błędem, skoro z przeprowadzonych w sprawie dowodów (por. zeznania świadków <xAnon>J. K.</xAnon> k. 33 – 34, zestawienia – koperta k. 31) wynika, iż łącznie samo wynagrodzenie to kwota 4.100 złotych. Powyższe prowadzi do wniosku, iż wiedza w/w świadka odnośnie szczegółów umowy i jej realizacji jest niepełna. W zaistniałej sytuacji dowód z zeznań świadka należało potraktować jako dowód posiłkowy, którego zestawienie z innymi dowodami w sprawie – przytoczonymi w uzasadnieniu zaskarżonego wyroku dawały podstawę do częściowego uwzględnienia powództwa.</xText>
          <xText>Reasumując, należało zgodzić się z Sądem Rejonowym, że wadliwość nabytych przez powódkę sadzonek musiała skutkować odpowiedzialnością kontraktową przewidzianą w <xLexLink xArt="art. 560" xIsapId="WDU19640160093" xTitle="Ustawa z dnia 23 kwietnia 1964 r. - Kodeks cywilny" xAddress="Dz. U. z 1964 r. Nr 16, poz. 93">art. 560 kc.</xLexLink></xText>
          <xText>Z tych więc przyczyn i na podstawie <xLexLink xArt="art. 385" xIsapId="WDU19640430296" xTitle="Ustawa z dnia 17 listopada 1964 r. - Kodeks postępowania cywilnego" xAddress="Dz. U. z 1964 r. Nr 43, poz. 296">art. 385 kpc</xLexLink>. należało orzec jak w sentencji.</xText>
        </xUnit>
      </xBlock>
    </xPart>
  </judgement>
<judgement id="150525000001521_III_U_000352_2012_Uz_2013-09-04_001">
    <xPart xEditorFullName="Małgorzata Stępek" xYear="2012" xLang="PL" xPublisherFullName="Małgorzata Stępek" xFromPg="1" xEditor="m.stepek" xVolType="15/052500/0001521/U" xPublisher="m.stepek" xDocType="Uz" xVolNmbr="000352" xVersion="1.0" xToPage="19" xFlag="published">
      <xName>Wyrok+Uzasadnienie</xName>
      <xBlock>
        <xText><xBx>Sygn. akt:</xBx> III U 352/12</xText>
        
        <xUnit xIsTitle="true" xType="part" xBold="true">
          <xName>WYROK</xName>
          <xTitle>W IMIENIU RZECZYPOSPOLITEJ POLSKIEJ</xTitle>
          <xText xALIGNx="right">Dnia 04 września 2013 r.</xText>
          
          <xText>
            <xBx>Sąd Okręgowy w Ostrołęce III Wydział Pracy i Ubezpieczeń Społecznych </xBx>
          </xText>
          <xText>
            <xBx> w składzie:</xBx>
          </xText>
          
          <xRows>
            <xCOLGROUPx>
              <xCOLx xWIDTHx="187"/>
              <xCOLx xWIDTHx="529"/>
            </xCOLGROUPx>
            <xRow>
              <xClmn xALIGNx="left" xVALIGNx="top">
                <xText>Przewodniczący:</xText>
              </xClmn>
              <xClmn xALIGNx="left" xVALIGNx="top">
                <xText>SSO Bożena Beata Bielska</xText>
              </xClmn>
            </xRow>
            <xRow>
              <xClmn xALIGNx="left" xVALIGNx="top">
                
              </xClmn>
              <xClmn xALIGNx="left" xVALIGNx="top">
                
              </xClmn>
            </xRow>
            <xRow>
              <xClmn xALIGNx="left" xVALIGNx="top">
                <xText>Protokolant:</xText>
              </xClmn>
              <xClmn xALIGNx="left" xVALIGNx="top">
                <xText>sekretarz sądowy Ewelina Asztemborska</xText>
              </xClmn>
            </xRow>
          </xRows>
          
          <xText>po rozpoznaniu na rozprawie w dniu 04 września 2013 r. w <xAnon>O.</xAnon></xText>
          <xText>
            <xBx>sprawy z odwołania</xBx>
            <xAnon>H. Ś. (1)</xAnon>
          </xText>
          <xText><xBx>przeciwko</xBx> Zakładowi Ubezpieczeń Społecznych Oddziałowi w <xAnon>P.</xAnon></xText>
          <xText>o wysokość emerytury</xText>
          <xText>
            <xBx>na skutek odwołania</xBx>
            <xAnon>H. Ś. (1)</xAnon>
          </xText>
          <xText><xBx>od decyzji</xBx> Zakładu Ubezpieczeń Społecznych Oddziału w <xAnon>P.</xAnon></xText>
          <xText><xBx>z dnia</xBx> 10.03.2012r. <xBx>znak </xBx><xAnon> (...)- (...)</xAnon></xText>
          <xText><xBx>i z dnia</xBx> 20.04.2012r. <xBx>znak</xBx><xAnon> (...)</xAnon></xText>
          
          <xText xALIGNx="center">
            <xBx>orzeka:</xBx>
          </xText>
          
          <xUnit xIsTitle="false" xType="none">
            <xName xSffx=".">1</xName>
            <xText>oddala odwołanie od decyzji z dnia 10 marca 2012 roku,</xText>
          </xUnit>
          <xUnit xIsTitle="false" xType="none">
            <xName xSffx=".">2</xName>
            <xText>odrzuca odwołanie z dnia 20 kwietnia 2012 roku.</xText>
          </xUnit>
          
          <xText>
            <xBx>Sygn. akt  III U 352/12</xBx>
          </xText>
        </xUnit>
        <xUnit xIsTitle="true" xType="part" xBold="true">
          <xName>UZASADNIENIE</xName>
          <xText>Pismem z dnia 24.04.2012r. <xAnon>H. Ś. (1)</xAnon> wniosła odwołanie od decyzji z dnia 10.03.2012r., którą Zakład Ubezpieczeń Społecznych Oddział w <xAnon>P.</xAnon> dokonał od dnia 1.03.2012r. waloryzacji przysługującej jej emerytury.</xText>
          <xText>W odwołaniu nie wskazała konkretnych zarzutów.</xText>
          
          <xText>W odpowiedzi na odwołanie ZUS wniósł o jego oddalenie. W uzasadnieniu podniósł, iż decyzją z dnia 17.12.1990r. przyznano <xAnon>H. Ś. (1)</xAnon> prawo do wcześniejszej emerytury, w oparciu o przepisy <xLexLink xArt="" xIsapId="WDU19900040027" xTitle="Rozporządzenie Ministra Pracy i Polityki Socjalnej z dnia 26 stycznia 1990 r. w sprawie wcześniejszych emerytur dla pracowników zwalnianych z pracy z przyczyn dotyczących zakładów pracy" xAddress="Dz. U. z 1990 r. Nr 4, poz. 27">Rozporządzenia Ministra Pracy i Polityki Socjalnej z dnia 26.01.1990r. w sprawie wcześniejszych emerytur dla pracowników zwalnianych z pracy z przyczyn dotyczących zakładów pracy</xLexLink>.</xText>
          <xText>Podstawa wymiaru renty została ustalona z wynagrodzenia za okres 4 kwartałów kalendarzowych uzyskanego w <xAnon> Spółdzielni Pracy (...)</xAnon> w <xAnon>P.</xAnon>, tj. od IV kwartału 1989r. do III kwartału 1990r. i wyniosła 287.490 zł. Wyliczony z tego okresu wskaźnik wysokości podstawy wymiaru wyniósł 27,38%. Do obliczenia wysokości świadczenia przyjęto 36 lat zatrudnienia.</xText>
          <xText>Następnie decyzją z dnia 27.07.1999r. dokonano przeliczenia emerytury od dnia 01.07.1999r. uwzględniając wskaźnik wysokości podstawy wymiaru obliczony z 20 lat wybranych z całego okresu podlegania ubezpieczeniu (tj. z lat 1959-1978), który wyniósł 95,93%.Do ustalenia podstawy wymiaru przyjęto kwotę bazową wynoszącą 666,96 zł.</xText>
          
          <xText>ZUS wskazał również, że decyzją z dnia 06.01.2009r. dokonano kolejnego przeliczenia wysokości emerytury od 01.12.2008r. Do ustalenia wysokości emerytury przyjęto wskaźnik wysokości podstawy wymiaru emerytury wynoszący 96,02%.</xText>
          <xText>Przysługująca ubezpieczonej emerytura poddawana była następnie waloryzacji zgodnie z obowiązującymi wskaźnikami waloryzacji w latach 2009- 2011 na podstawie <xLexLink xArt="" xIsapId="WDU19981621118" xTitle="Ustawa z dnia 17 grudnia 1998 r. o emeryturach i rentach z Funduszu Ubezpieczeń Społecznych" xAddress="Dz. U. z 1998 r. Nr 162, poz. 1118">ustawy o emeryturach i rentach z Funduszu Ubezpieczeń Społecznych</xLexLink>.</xText>
          
          <xText>ZUS wskazał, iż zaskarżoną decyzją z dnia 10.03.2012r. dokonano natomiast waloryzacji emerytury w oparciu o zasady przewidziane w <xLexLink xArt="" xIsapId="WDU20120210118" xTitle="Ustawa z dnia 13 stycznia 2012 r. o zmianie ustawy o emeryturach i rentach z Funduszu Ubezpieczeń Społecznych oraz niektórych innych ustaw" xAddress="Dz. U. z 2012 r. Nr 21, poz. 118">ustawie z dnia 13 stycznia 2012r. o zmianie ustawy o emeryturach i rentach z Funduszu Ubezpieczeń Społecznych oraz niektórych innych ustaw</xLexLink>. Na podstawie art. 4 ust. 1 oraz art. 5 ust. 1 pkt 1 tej ustawy, w 2012r. waloryzacja od dnia 1 marca polega na dodaniu do kwoty świadczenia, w wysokości przysługującej w dniu 29 lutego 2012r., kwoty waloryzacji w wysokości 71zł. Na podstawie art. 4 ust. 2 powołanej ustawy, waloryzacji od dnia 1 marca 2012r. podlega również podstawa wymiaru emerytur i rent. Waloryzacja ta polega na pomnożeniu podstawy wymiaru ustalonej na dzień 29.02.2012r. przez wskaźnik stanowiący iloraz zwaloryzowanej kwoty świadczenia i kwoty tego świadczenia ustalonej na dzień poprzedzający termin waloryzacji.</xText>
          <xText>ZUS podniósł, iż wysokość zwaloryzowanej emerytury odwołującej w decyzji z dnia 10.03.2012r. ustalono przez dodanie do kwoty świadczenia przysługującego na dzień 29.02.2012r., tj. 1287,26 zł, kwoty waloryzacji, tj. 71zł, w związku z czym emerytura po waloryzacji od 01.03.2012r. wynosi 1358,26 zł. Do emerytury przysługuje ubezpieczonej ryczałt energetyczny w kwocie 157,67 zł oraz dodatek kompensacyjny w kwocie 29,35 zł. Po odliczeniu zaliczki na podatek oraz składki na ubezpieczenie zdrowotne od 01.03.2012r. wysokość świadczenia do wypłaty wynosi miesięcznie 1330,04 zł. Podstawa wymiaru emerytury po waloryzacji od 1 marca 2012r. wynosi zaś 1891,82zł, dlatego nie ma podstaw do zmiany decyzji.</xText>
          
          <xText>W toku postępowania <xAnon>H. Ś. (1)</xAnon> ostatecznie sprecyzowała żądania w ten sposób, że domagała się przyjęcia do obliczenia wysokości emerytury kwoty bazowej z dnia 22.07.1999r., przyjęcia zarobków za miesiące październik-grudzień 1958r. w wysokości wynikającej ze złożonych przez nią angaży, wyliczenia emerytury w sposób prawidłowy, wypłacenia wyrównania emerytury oraz wskazania w decyzji prawidłowego numeru pobieranego przez nią świadczenia.</xText>
          
          <xText>Na ostatniej rozprawie pełnomocnik <xAnon>H. Ś. (1)</xAnon> oświadczył, że odwołanie dotyczy także decyzji ZUS z dnia 20.04.2012r. Wniósł o uchylenie tej decyzji wobec faktu, iż nie uwzględnia ona wniosków odwołującej o przeliczenie emerytury.</xText>
          
          <xText>
            <xBx> Sąd ustalił i zważył, co następuje:</xBx>
          </xText>
          
          <xText>Z akt rentowych odwołującej wynika, że decyzją ZUS z dnia 17.12.1990r. Nr EW90 <xAnon> (...)</xAnon>, przyznano <xAnon>H. Ś. (1)</xAnon> prawo do wcześniejszej emerytury, w oparciu o przepisy <xLexLink xArt="" xIsapId="WDU19900040027" xTitle="Rozporządzenie Ministra Pracy i Polityki Socjalnej z dnia 26 stycznia 1990 r. w sprawie wcześniejszych emerytur dla pracowników zwalnianych z pracy z przyczyn dotyczących zakładów pracy" xAddress="Dz. U. z 1990 r. Nr 4, poz. 27">Rozporządzenia Ministra Pracy i Polityki Socjalnej z dnia 26.01.1990r. w sprawie wcześniejszych emerytur dla pracowników zwalnianych z pracy z przyczyn dotyczących zakładów pracy</xLexLink> (k. 16 t. I a.e.).</xText>
          <xText>Podstawa wymiaru renty została ustalona z wynagrodzenia za okres 4 kwartałów kalendarzowych, uzyskanego w <xAnon> Spółdzielni Pracy (...)</xAnon> w <xAnon>P.</xAnon>, tj. od IV kwartału 1989r. do III kwartału 1990r. i wyniosła 287.490 zł. Wyliczony z tego okresu <xAnon> (...)</xAnon> wyniósł 27,38%. Do obliczenia wysokości świadczenia przyjęto 36 lat zatrudnienia.</xText>
          
          <xText>W dniu 19.07.1999r. <xAnon>H. Ś. (1)</xAnon> złożyła w organie rentowym wniosek o przeliczenie podstawy wymiaru świadczenia z 20 lat kalendarzowych, do wniosku załączając legitymację ubezpieczeniową i zaświadczenie Rp-7, wskazujące zarobki odwołującej z 1959r. (k. 29 t. I a.e.). Po jego rozpoznaniu ZUS decyzją z dnia 27.07.1999r. Nr <xAnon> (...)- (...)</xAnon>, przeliczył emeryturę odwołującej od dnia 01.07.1999r., uwzględniając wskaźnik wysokości podstawy wymiaru obliczony z 20 lat wybranych z całego okresu podlegania ubezpieczeniu (tj. z lat 1959-1978), który wyniósł 95,93%. Do ustalenia podstawy wymiaru przyjęto kwotę bazową wynoszącą 666,96 zł Obliczona podstawa wymiaru wyniosła 639,81 zł, a po waloryzacji od 01.06.1999r. - 1031,93 zł (k. 34 t. I a.e.).</xText>
          
          <xText>W dniu 19.11.2008r. <xAnon>H. Ś. (1)</xAnon> zwróciła się do ZUS z wnioskiem o ponowne ustalenie wysokości emerytury i przyjęcie wariantu najkorzystniejszego.</xText>
          <xText>Rozpatrując ten wniosek ZUS decyzją z dnia 2.12.2008r. Nr <xAnon> (...)</xAnon>-1/10/E1 ustalił jej uprawnienia do emerytury na podstawie <xLexLink xArt="art. 27" xIsapId="WDU19981621118" xTitle="Ustawa z dnia 17 grudnia 1998 r. o emeryturach i rentach z Funduszu Ubezpieczeń Społecznych" xAddress="Dz. U. z 1998 r. Nr 162, poz. 1118">art. 27 ustawy o emeryturach i rentach z Funduszu Ubezpieczeń Społecznych</xLexLink>. Do ustalenia jej wysokości przyjęto 33 lata i 4 miesiące okresów składkowych, kwotę bazową podwyższoną z dniem 01.03.2008r. do 717,16zł i <xAnon> (...)</xAnon> 95,93%. Nowo wyliczona emerytura okazała się jednak mniej korzystna, dlatego nadal była wypłacana emerytura wcześniejsza (k. 166 t. I a.e.).</xText>
          
          <xText>W dniu 29.12.2008r. odwołująca złożyła do ZUS kartę zasiłkową za 1978r. Uwzględniając zawarte tam kwoty, decyzją z dnia 06.01.2009r. Nr <xAnon> (...)- (...)</xAnon>, ZUS dokonał kolejnego przeliczenia wysokości wcześniejszej emerytury od 01.12.2008r. Do ustalenia wysokości emerytury przyjęto wskaźnik wysokości podstawy wymiaru emerytury wynoszący 96,02%. Obliczona ponownie podstawa wymiaru świadczenia z uwzględnieniem waloryzacji od 01.03.2008r. wyniosła 1566,59 zł. Świadczenie zostało wyliczone przy przyjęciu kwoty bazowej w wysokości 717,16 zł. Ustalona wysokość emerytury od 01.12.2008r. wyniosła 1124,80zł (k. 66 t. I a.e.).</xText>
          
          <xText>W dniu 21.01.2009r. <xAnon>H. Ś. (1)</xAnon> złożyła do ZUS wniosek o przyjęcie do ustalenia podstawy emerytury zarobków z listopada i grudnia 1958r. w wysokości minimalnego wynagrodzenia (k. 68 t. I a.e.).</xText>
          <xText>Następnie w dniu 27.01.2009r. odwołująca złożyła do ZUS dodatkowe dokumenty, otrzymane z <xAnon> (...)</xAnon> Urzędu Wojewódzkiego w <xAnon>W.</xAnon> Archiwum w <xAnon>O.</xAnon>, dotyczące jej zarobków w <xAnon> Zakładach (...)</xAnon> w <xAnon>P.</xAnon>: kserokopię świadectwa pracy i karty zarobkowej za 1963r. (k. 72-82 t. I a.e.).</xText>
          
          <xText>W dniu 04.02.2009r. do ZUS wpłynęły zaś kopie angaży odwołującej z w/w zakładu pracy za 1958r., nadesłane przez <xAnon> (...)</xAnon> Urząd Wojewódzki w <xAnon>W.</xAnon> Archiwum w <xAnon>O.</xAnon>, w odpowiedzi na pismo ZUS z dnia 22.01.2009r. (k. 70 i k. 88-92 t. I a.e.).</xText>
          
          <xText>Po otrzymaniu tych dokumentów organ rentowy w dniu 27.02.2009r. wydał decyzję Nr 4045828/E, którą odmówił jej przeliczenia wysokości wcześniejszej emerytury wskazując, iż przyjęty dotychczas <xAnon> (...)</xAnon> 96,02% jest korzystniejszy od <xAnon> (...)</xAnon> wyliczonego z 20 lat, który wynosi 92,85% (k. 102 t. I a.e.). Organ rentowy wydając decyzję z dnia 27.02.2009r. faktycznie uwzględnił minimalne wynagrodzenie odwołującej za miesiące październik-grudzień 1958r., nie uwzględnił zaś kwot wynikających z angaży za 1958r.</xText>
          
          <xText><xAnon>H. Ś. (1)</xAnon> od powyższej decyzji wniosła odwołanie do Sądu. W odwołaniu wniosła o przyjęcie minimalnego wynagrodzenia za miesiące listopad i grudzień 1958r., przyjęcie kwoty bazowej z lipca 1999r. oraz wyjaśnienie kwestii zmiany numerów decyzji emerytalnych. Po rozpoznaniu tego odwołania w sprawie IIIU 302/09 Sąd Okręgowy w Ostrołęce wyrokiem z dnia 26.06.2009r. oddalił odwołanie. Wyrok w tej sprawie jest prawomocny.</xText>
          
          <xText>Z akt emerytalnych wynika, iż mimo wydania w/w wyroku <xAnon>H. Ś. (1)</xAnon> w dalszym ciągu składała do ZUS pisma wnosząc o przyjęcie kwoty bazowej z 1999r., wyjaśnienie kwestii numeracji decyzji i podstawy wymiaru emerytury, bowiem nie zgadzała się z wyjaśnieniami ZUS zawartymi w pismach nadsyłanych przez organ rentowy. Na potwierdzenie swego stanowiska w dalszym ciągu składała kserokopie swoich wcześniejszych pism, dokumentacji pracowniczej oraz pism i decyzji ZUS.</xText>
          <xText>W piśmie datowanym na 16.12.2009r. <xAnon>H. Ś. (1)</xAnon>wniosła „Zażalenie” na Inspektorat ZUS w sprawie przeliczania jej świadczeń emerytalnych, w dalszym ciągu podnosząc w/w kwestie (k. 246-252 t. I a.e.). Pismo to zostało potraktowane jako odwołanie i przekazane do Sądu. Sprawa z tego odwołania toczyła się pod sygn. akt IIIU 20/10. W toku tego postępowania <xAnon>H. Ś. (1)</xAnon>oświadczyła, że jej pismo datowane na 26.12.2009r. należy potraktować jako odwołanie od decyzji ZUS z dnia 27.02.2009r. (k. 16 akt IIIU 20/10).</xText>
          <xText>Postanowieniem z dnia 3.02.2010r. Sąd Okręgowy w Ostrołęce odrzucił odwołanie <xAnon>H. Ś. (1)</xAnon> od decyzji ZUS z dnia 27.02.2009r. wskazując, że kwestia przyjęcia kwoty bazowej z 1999r., kwestia numeracji decyzji i przyjęcia do podstawy wymiaru emerytury minimalnego wynagrodzenia została już prawomocnie rozstrzygnięta a odwołująca nie składała żadnych nowych dowodów. Zażalenie <xAnon>H. Ś. (1)</xAnon> na to postanowienie zostało oddalone przez Sąd Apelacyjny w Warszawie.</xText>
          
          <xText>Decyzją z dnia 10.03.2010r. ZUS odmówił wznowienia postępowania w przedmiocie przeliczenia emerytury. Odwołanie <xAnon>H. Ś. (1)</xAnon> od tej decyzji zostało oddalone wyrokiem Sądu Okręgowego w Ostrołęce z dnia 22.06.2010r., wydanym w sprawie IIIU 1076/10 (k. 18 akt IIIU 1076/10).</xText>
          
          <xText><xAnon>H. Ś. (1)</xAnon> w dalszym ciągu składała do ZUS pisma w kwestiach przyjęcia kwoty bazowej z 1999r., wyjaśnienia kwestii numeracji decyzji i podstawy wymiaru emerytury. Nadto dwukrotnie złożyła do Sądu Okręgowego w Ostrołęce skargę o wznowienie postępowania w sprawie IIIU 302/09. Skarga ta została odrzucona postanowieniami z dnia 16.07.2010r. (k. 10 akt IIIU 1234/10) i z dnia 21.05.2012r. (k. 44 akt IIIU 315/12). Podobnie została odrzucona skarga o wznowienie postępowania w sprawie IIIU 1076/10 (k. 44 akt IIIU 315/12).</xText>
          
          <xText>Przysługująca ubezpieczonej wcześniejsza emerytura w latach 2009-2011 poddawana była waloryzacji zgodnie z obowiązującymi wskaźnikami waloryzacji na podstawie <xLexLink xArt="" xIsapId="WDU19981621118" xTitle="Ustawa z dnia 17 grudnia 1998 r. o emeryturach i rentach z Funduszu Ubezpieczeń Społecznych" xAddress="Dz. U. z 1998 r. Nr 162, poz. 1118">ustawy o emeryturach i rentach z Funduszu Ubezpieczeń Społecznych</xLexLink>. Emerytura i po waloryzacji od 01.03.2011r. wynosiła 1287,26zł, odwołująca otrzymywała też ryczał energetyczny w kwocie 146,40 zł i dodatek kompensacyjny w kwocie 28,01zł.</xText>
          
          <xText><xBx>Zaskarżoną decyzją z dnia 10.03.2012r. Nr <xAnon> (...)- (...)</xAnon> dokonano waloryzacji emerytury od dnia 1.03.2012r. (k. 729 t. IV a.e.).</xBx> Waloryzacja polegała na dodaniu do kwoty świadczenia, w wysokości przysługującej w dniu 29.02.2012r., kwoty waloryzacji w wysokości 71zł. Waloryzacji od dnia 1 marca 2012r. podlegała również podstawa wymiaru emerytur i rent. Waloryzacja ta polegała zaś na pomnożeniu podstawy wymiaru ustalonej na dzień 29.02.2012r. przez wskaźnik stanowiący iloraz zwaloryzowanej kwoty świadczenia i kwoty tego świadczenia ustalonej na dzień poprzedzający termin waloryzacji. Wysokość zwaloryzowanej emerytury w decyzji z dnia 10.03.2012r. ustalono przez dodanie do kwoty świadczenia przysługującego na dzień 29.02.2012r., tj. 1287,26 zł, kwoty waloryzacji, tj. 71zł, w związku z czym emerytura po waloryzacji od 01.03.2012r. wyniosła 1358,26zł. Do emerytury przysługiwał odwołującej ryczałt energetyczny w kwocie 157,67zł oraz dodatek kompensacyjny w kwocie 29,35zł. Po odliczeniu zaliczki na podatek oraz składki na ubezpieczenie zdrowotne od 01.03.2012r. wysokość świadczenia do wypłaty wynosiła miesięcznie 1330,04zł. Podstawa wymiaru emerytury po waloryzacji od 1 marca 2012r. wynosiła 1891,82zł.</xText>
          
          <xText>
            <xBx>Odwołująca zakwestionowała wysokość przyznanej jej emerytury i obecnie zaskarżyła decyzję z dnia 10.03.2012r. </xBx>
          </xText>
          
          <xText>W dniu 26.03.2012r. <xAnon>H. Ś. (1)</xAnon> ponownie złożyła do ZUS wniosek o wyjaśnienie kwestii wysokości emerytury, po raz kolejny wnosząc o przyjęcie kwoty bazowej z 1999r., wyjaśnienie kwestii numeracji decyzji i podstawy wymiaru emerytury. Do wniosku po raz kolejny załączyła kserokopie swojej dokumentacji pracowniczej, która już wcześniej składała (k. 807-831 t. IV a.e.).</xText>
          
          <xText>
            <xBx>W odpowiedzi ZUS zaskarżoną decyzją z dnia 20.04.2012r. Nr <xAnon> (...)</xAnon> odmówił jej przeliczenia emerytury wskazując, iż nie przedłożyła nowych dowodów w sprawie, które mogłyby zmienić wysokość emerytury (k. 857 t. IV a.e.).</xBx>
          </xText>
          <xText><xAnon>H. Ś. (1)</xAnon> pismem datowanym na 28.04.2012r. odesłała do organu rentowego w/w decyzję z dnia 20.04.2012r. podnosząc, że nie składała wniosku, o którym mowa w decyzji a nadto numer przysługującego jej świadczenia jest inny niż numer wskazany w tej decyzji (k. 858-860 t. IV a.e.).</xText>
          
          <xText>
            <xBx>Mając na uwadze w/w stan faktyczny i żądania <xAnon>H. Ś. (1)</xAnon> należało uznać, że przedmiotem badania w niniejszej sprawie były dwie decyzje ZUS: z dnia 10.03.2012r. i z dnia 20.04.2012r.</xBx>
          </xText>
          
          <xText>Zdaniem Sądu odwołanie od decyzji ZUS z 20.04.2012r. podlegało odrzuceniu, jako wniesione po terminie.</xText>
          
          <xText>Zgodnie z <xLexLink xArt="art. 477(9);art. 477(9) § 1" xIsapId="WDU19640430296" xTitle="Ustawa z dnia 17 listopada 1964 r. - Kodeks postępowania cywilnego" xAddress="Dz. U. z 1964 r. Nr 43, poz. 296">art. 477<xSUPx>9</xSUPx> § 1 kpc</xLexLink> odwołania od decyzji organów rentowych wnosi się na piśmie do organu, który wydał decyzję, lub do protokołu sporządzonego przez ten organ, w terminie miesiąca od doręczenia odpisu decyzji.</xText>
          <xText>Zgodnie zaś z <xLexLink xArt="art. 477(9);art. 477(9) § 3" xIsapId="WDU19640430296" xTitle="Ustawa z dnia 17 listopada 1964 r. - Kodeks postępowania cywilnego" xAddress="Dz. U. z 1964 r. Nr 43, poz. 296">art. 477<xSUPx>9</xSUPx> § 3 kpc</xLexLink> Sąd odrzuci odwołanie wniesione po upływie terminu, chyba że przekroczenie terminu nie jest nadmierne i nastąpiło z przyczyn niezależnych od odwołującego się.</xText>
          
          <xText>Zdaniem Sądu w niniejszej sprawie brak jest przesłanek do przywrócenia uchybionego terminu.</xText>
          
          <xText>Zaskarżona decyzja została wydana w dniu 20.04.2012r. Odwołanie zostało natomiast wniesione dopiero w dniu 4.09.2013r., a więc po ponad 1,5 roku, co jest dużym opóźnieniem.</xText>
          
          <xText>Jednocześnie należy uznać, że spóźnione wniesienie odwołania było wynikiem przyczyn leżących po stronie <xAnon>H. Ś. (1)</xAnon>.</xText>
          
          <xText>Wskazać bowiem trzeba, że w dniu 24.04.2013r. (k. 5a.s.) wniosła ona odwołanie od decyzji ZUS z dnia 10.03.2012r. i w toku postępowania dopiero w dniu 4.09.2013r. oświadczyła, iż odwołuje się także od decyzji ZUS z 20.04.2012r.</xText>
          <xText><xAnon>H. Ś. (1)</xAnon> nie potrafiła wyjaśnić, dlaczego dopiero w dniu 4.09.2012r. wskazała, iż odwołuje się również od decyzji z 20.04.2012r., co już świadczy o tym, że uchybienie terminu jest przez nią zawinione.</xText>
          
          <xText>Zdaniem Sądu okoliczności niniejszej sprawy nie pozwalają na przyjęcie, iż w dacie wnoszenia odwołania od decyzji z 10.03.2012r. jej zamiarem było także wniesienie odwołania od decyzji z 20.04.2012r. Przeczy temu treść pisma datowanego na 24.04.2012r. w którym odwołująca wyraźnie wymienia tylko decyzję z dnia 10.03.2012r. Ponieważ treść tego pisma składa się tylko z jednego zdania, należy przyjąć, iż odzwierciedla ono rzeczywiste intencje odwołującej co do zakresu zaskarżenia decyzji ZUS. Wniosek ten jest uzasadniony również całością okoliczności niniejszej sprawy. Z akt emerytalnych wynika bowiem, iż <xAnon>H. Ś. (1)</xAnon>jest osobą potrafiącą wyraźnie sprecyzować własne stanowisko i dążącą do realizacji własnych zamierzeń i wniosków kierowanych do ZUS i Sądu. Świadczy o tym ilość i charakter jej pism składanych do ZUS i zajmujących IV tomy akt oraz treść jej pism składanych dotychczas do Sądu w toku spraw: IIIU 302/09, IIIU 20/10, IIIU 1076/10, IIIU 1234/10 i IIIU 315/12.</xText>
          <xText>Powyższe prowadzi do wniosku, że gdyby <xAnon>H. Ś. (1)</xAnon> w dacie 24.04.2012r. chciała odwołać się również od decyzji ZUS z 20.04.2012r., uczyniłaby to i także tę decyzję wskazała w tym piśmie. Odwołująca nie wspomniała o decyzji z dnia 20.04.2012r. także w pierwszym piśmie procesowym składanym w niniejszej sprawie, tj. piśmie datowanym na 6.08.2012r. (k. 14 a.s.), chociaż wymieniała w nim także inne decyzje ZUS. Nawet gdyby odwołująca wymieniła decyzję z 20.04.2012r. w piśmie z dnia 6.08.2012r. to i tak odwołanie w tym zakresie byłoby już spóźnione.</xText>
          
          <xText>Należy zauważyć, iż <xAnon>H. Ś. (1)</xAnon> wprawdzie nie potrafiła wskazać dokładnie, kiedy dostała decyzję z dnia 20.04.2012r., lecz z akt ZUS wynika, że na pewno decyzję tę dostała już przed 28.04.2012r. i co więcej, nie miała zamiaru się od niej odwoływać do Sądu.</xText>
          <xText>Jak już bowiem wskazano wyżej, z akt emerytalnych odwołującej wynika, iż <xAnon>H. Ś. (1)</xAnon> pismem datowanym na 28.04.2012r. odesłała do organu rentowego w/w decyzję z dnia 20.04.2012r. podnosząc, że nie składała wniosku, o którym mowa w decyzji a nadto numer przysługującego jej świadczenia jest inny niż numer wskazany w tej decyzji (k. 858-860 t. IV a.e.). Treść tego pisma odwołującej jednoznacznie wskazuje, iż <xAnon>H. Ś. (1)</xAnon> już w kwietniu 2012r. znała treść decyzji z 20.04.2012r., a jedynie nie przyjmowała faktu jej istnienia do wiadomości, realizując swoją koncepcję stosowania przez ZUS błędnego numeru decyzji.</xText>
          <xText>Zdaniem Sądu zasady logiki wskazują, iż decyzja z 20.04.2012r. dotyczyła właśnie odwołującej. Świadczy o tym już sam fakt, iż kierowana była do odwołującej i przesłana na jej adres domowy. Nadto wbrew stanowisku odwołującej, zawartym w piśmie z dnia 28.04.2012r., <xAnon>H. Ś. (1)</xAnon> składała w dniu 26.03.2012r. wnioski do ZUS. W dniu 26.03.2012r. po raz kolejny złożyła bowiem do ZUS wniosek o wyjaśnienie kwestii wysokości emerytury, po raz kolejny wnosząc o przyjęcie kwoty bazowej z 1999r., wyjaśnienie kwestii numeracji decyzji i podstawy wymiaru emerytury (k. 807-831 t. IV a.e.). W dniu 26.03.2012r. skierowała w tej kwestii także pismo do Dyrektora Inspektoratu ZUS w <xAnon>P.</xAnon> (k. 816831 t. IV a.e.). Decyzja z 20.04.2012r. była więc odpowiedzią na w/w pisma i rozstrzygała zawarte w nich wnioski.</xText>
          
          <xText>Podkreślić też należy, że <xAnon>H. Ś. (1)</xAnon> w toku postępowania była reprezentowana przez profesjonalnego pełnomocnika, który dopiero na rozprawie w dniu 4.09.2013r. oświadczył, iż odwołanie dotyczy również decyzji z 20.04.2012r., a we wcześniej składanych pismach nie wskazywał tej decyzji jako przedmiotu odwołania.</xText>
          
          <xText>Mając powyższe na uwadze Sąd uznał, że <xAnon>H. Ś. (1)</xAnon> uchybiła terminowi do wniesienia odwołania od decyzji ZUS z dnia 20.04.2012r. z przyczyn leżących po jej stronie i brak jest podstaw do przywrócenia uchybionego terminu.</xText>
          <xText>Odwołanie w tym zakresie zostało wobec tego odrzucone w oparciu o <xLexLink xArt="art. 477(9);art. 477(9) § 3" xIsapId="WDU19640430296" xTitle="Ustawa z dnia 17 listopada 1964 r. - Kodeks postępowania cywilnego" xAddress="Dz. U. z 1964 r. Nr 43, poz. 296">art. 477<xSUPx>9</xSUPx> § 3 kpc</xLexLink>.</xText>
          
          <xText>Merytorycznemu badaniu podlegało natomiast odwołanie od decyzji ZUS z dnia 10.03.2012r.</xText>
          
          <xText><xAnon>H. Ś. (2)</xAnon> ostatecznie sprecyzowała żądania w ten sposób, że domagała się zmiany decyzji i przyjęcia do obliczenia wysokości emerytury kwoty bazowej z dnia 22.07.1999r., przyjęcia zarobków za miesiące październik-grudzień 1958r. w wysokości wynikającej ze złożonych przez nią angaży, wyliczenia emerytury w sposób prawidłowy, wypłacenia wyrównania emerytury oraz wskazania w decyzji prawidłowego numeru pobieranego przez nią świadczenia.</xText>
          
          <xText>Biorąc po uwagę w/w żądania zauważyć trzeba, że rozpoznając odwołanie od tej decyzji Sąd w istocie musiał rozważyć, czy wysokość emerytury odwołującej na 29.02.2012r. jest obliczona prawidłowo, a więc w istocie odnieść się do kwestii prawidłowości <xAnon> (...)</xAnon> przyjętego przy wyliczaniu tej emerytury, a tym samym faktycznie odnieść się do kwestii poruszanych również w decyzji z 20.04.2012r.</xText>
          
          <xText>Pełnomocnik ZUS w toku postępowania podnosił, że skoro zaskarżona decyzja z 10.03.2012r. dokonuje jedynie waloryzacji emerytury ustalonej na 29.02.2012r., to Sąd nie może badać zarobków i podstawy emerytury. Sąd nie zgadza się jednak z takim stanowiskiem.</xText>
          <xText>Zgodnie z <xLexLink xArt="art. 88;art. 88 ust. 1;art. 88 ust. 2" xIsapId="WDU19981621118" xTitle="Ustawa z dnia 17 grudnia 1998 r. o emeryturach i rentach z Funduszu Ubezpieczeń Społecznych" xAddress="Dz. U. z 1998 r. Nr 162, poz. 1118">art. 88 ust. 1 i 2 ustawy o emeryturach i rentach z Funduszu Ubezpieczeń Społecznych</xLexLink> emerytury i renty podlegają corocznie waloryzacji od dnia 1 marca. Waloryzacja polega na pomnożeniu kwoty świadczenia i podstawy jego wymiaru przez wskaźnik waloryzacji.</xText>
          <xText>Waloryzacji podlega kwota świadczenia i podstawa jego wymiaru w wysokości przysługującej ostatniego dnia lutego roku kalendarzowego, w którym przeprowadza się waloryzację (art. 88 ust. 3 w/w ustawy).</xText>
          
          <xText>Z powyższego przepisu wynika więc, że ocena, czy waloryzacja została dokonana prawidłowo, wymaga uprzedniego ustalenia prawidłowej wysokości emerytury odwołującej w dacie 29.02.2012r. Zadaniem Sądu była wobec tego m.in. ocena, czy decyzja z 10.03.2012r. przyjmuje prawidłową wysokość emerytury odwołującej, obowiązującą na 29.02.2012r., a w szczególności prawidłową podstawę wymiaru świadczenia i kwotę emerytury.</xText>
          
          <xText>Zgodnie z <xLexLink xArt="art. 4;art. 4 ust. 1" xIsapId="WDU20120210118" xTitle="Ustawa z dnia 13 stycznia 2012 r. o zmianie ustawy o emeryturach i rentach z Funduszu Ubezpieczeń Społecznych oraz niektórych innych ustaw" xAddress="Dz. U. z 2012 r. Nr 21, poz. 118">art. 4 ust. 1 ustawy z dnia 13 stycznia 2012r. o zmianie ustawy o emeryturach i rentach z Funduszu Ubezpieczeń Społecznych oraz niektórych innych ustaw</xLexLink> w 2012r. waloryzacja od dnia 1 marca polegała na dodaniu do kwoty świadczenia, w wysokości przysługującej w dniu 29 lutego 2012r., kwoty waloryzacji w wysokości 71 zł.</xText>
          <xText>Taki sposób waloryzacji, przez dodanie kwoty 71zł, został uznany za zgodny z <xLexLink xArt="" xIsapId="WDU19970780483" xTitle="Konstytucja Rzeczypospolitej Polskiej z dnia 2 kwietnia 1997 r." xAddress="Dz. U. z 1997 r. Nr 78, poz. 483">konstytucją</xLexLink> przez Trybunał Konstytucyjny w wyroku z dnia 19 grudnia 2012r. (sygn. akt K 9/12, opubl. w dn. 31.12.2012 r. w Dz. U. z 2012r. poz. 1555), jest więc prawidłowy.</xText>
          
          <xText>W ocenie Sądu organ rentowy wydając zaskarżoną decyzję przyjął również prawidłową wysokość emerytury odwołującej, wyliczoną na 29.02.2012r.</xText>
          
          <xText><xAnon>H. Ś. (1)</xAnon> domagała się przyjęcia do obliczenia wysokości emerytury kwoty bazowej z dnia 22.07.1999r., przyjęcia zarobków za miesiące październik-grudzień 1958r. w wysokości wynikającej ze złożonych przez nią angaży, wyliczenia emerytury w sposób prawidłowy, wypłacenia wyrównania emerytury oraz wskazania w decyzji prawidłowego numeru pobieranego przez nią świadczenia.</xText>
          
          <xText>Na wstępie trzeba wskazać, iż niezasadne są zarzuty odwołującej co do wskazywania przez ZUS błędnych numerów decyzji.</xText>
          <xText>W toku postępowania Sąd zobowiązał ZUS do wskazania, dlaczego w decyzji z dnia 3.03.2004r. znak decyzji odwołującej został wskazany jako <xAnon> (...)</xAnon>-1/10/EW, a zaś w decyzji z dnia. 10.03.2006r. znak ten zmieniono na <xAnon> (...)</xAnon>-1/10/EW90 oraz z czego wynika zmiana znaku w niektórych decyzjach w ten sposób, że zamiast /10/ wskazywane jest /20/.</xText>
          
          <xText>W odpowiedzi organ rentowy w piśmie z dnia 28.09.2012r. (k. 49a.s.) podniósł, iż różnice we wskazanych decyzjach waloryzacyjnych wynikają ze zmian w systemie informatycznym EMIR-SEKS/AD, jakie zostały wprowadzone dla potrzeb poszczególnych Inspektoratów dla Oddziału ZUS w <xAnon>P.</xAnon>. Dla każdego z Inspektoratów została przydzielona inna cyfra zamiast początkowej „0”, w tym dla inspektoratu w <xAnon>P.</xAnon> cyfra „4”. Ponadto we wszystkich decyzjach emitowanych przez system EMIR podany jest symbol świadczenia EW90 oraz termin płatności „10” a różnice w zapisie <xAnon> (...)</xAnon> lub „20” w decyzjach pisanych za pomocą programu <xAnon>M. W.</xAnon> wynikają z omyłek pisarskich i nie mają żadnego wpływu dla merytorycznego uzasadnienia decyzji.</xText>
          
          <xText>Wyjaśnienia te zdaniem Sądu są wiarygodne. Analiza akt emerytalnych wskazuje bowiem, iż wszystkie decyzje kierowane do odwołującej dotyczyły jej osoby. Wszystkie odnoszą się do wniosków składanych przez <xAnon>H. Ś. (1)</xAnon> i rozstrzygają te wnioski merytorycznie lub odmawiają wznowienia postępowania. Nadto każda z tych decyzji zawiera częściowo tę samą sekwencję liter: <xAnon> (...)</xAnon>-1 i oznaczenie literowe <xAnon> (...)</xAnon>. Stanowisko odwołującej co do błędnej numeracji decyzji jest więc niczym nie poparte i jest wynikiem jej subiektywnej oceny.</xText>
          
          <xText>Rozpoznając merytorycznie żądania <xAnon>H. Ś. (1)</xAnon>, dotyczące wysokości emerytury Sąd uznał, iż są one zasadne tylko co do żądania przyjęcia zarobków za miesiące październik-grudzień 1958r. w wysokości wynikającej ze złożonych przez nią angaży.</xText>
          
          <xText>Rozpoznając pozostałe żądania, a w szczególności żądanie przyjęcia innej kwoty bazowej, Sąd Okręgowy nie może pominąć orzeczeń w sprawach dotyczących odwołującej, a zapadłych na skutek kwestionowania wcześniejszych decyzji ZUS, dotyczących wysokości emerytury.</xText>
          
          <xText>Zgodnie z <xLexLink xArt="art. 365;art. 365 § 1" xIsapId="WDU19640430296" xTitle="Ustawa z dnia 17 listopada 1964 r. - Kodeks postępowania cywilnego" xAddress="Dz. U. z 1964 r. Nr 43, poz. 296">art. 365 § 1 kpc</xLexLink> orzeczenie prawomocne wiąże nie tylko strony i sąd, który je wydał, lecz również inne sądy oraz inne organy państwowe i organy administracji publicznej.</xText>
          
          <xText>W wyroku z dnia 13 stycznia 2000r. (II CKN 655/98, Lex nr 51062) Sąd Najwyższy przyjął, że istota mocy wiążącej prawomocnego orzeczenia sądu wyraża się w tym, że także inne sądy, inne organy państwowe, a w przypadkach przewidzianych w ustawie także inne osoby muszą brać pod uwagę fakt istnienia i treść prawomocnego orzeczenia sądu. Wynikający z niej stan związania ograniczony jest jednak, co do zasady, tylko do rozstrzygnięcia zawartego w sentencji orzeczenia i nie obejmuje jego motywów. W wyroku z dnia 12 lipca 2002r. (V CKN 1110/00, Lex nr 74492), Sąd Najwyższy wyraził zaś pogląd, że skutkiem zasady mocy wiążącej prawomocnego wyroku jest to, że przesądzenie we wcześniejszym wyroku kwestii o charakterze prejudycjalnym oznacza, że w procesie późniejszym ta kwestia nie może być już w ogóle badana. Zachodzi tu zatem ograniczenie dowodzenia faktów, objętych prejudycjalnym orzeczeniem, a nie tylko ograniczenie poszczególnego środka dowodowego.</xText>
          <xText>Wskazać też trzeba, że zawarte w uzasadnieniu orzeczenia motywy rozstrzygnięcia mogą mieć znaczenie dla ustalenia zakresu mocy wiążącej prawomocnego orzeczenia, czyli granic prawomocności materialnej orzeczenia w rozumieniu <xLexLink xArt="art. 365;art. 365 § 1" xIsapId="WDU19640430296" xTitle="Ustawa z dnia 17 listopada 1964 r. - Kodeks postępowania cywilnego" xAddress="Dz. U. z 1964 r. Nr 43, poz. 296">art. 365 § 1 kpc</xLexLink> (tak wyrok SN z dnia 15 lutego 2007r., II CSK 452/06, OSNC-<xLexLink xArt="art. 365 zd. 2008" xIsapId="WDU19640430296" xTitle="Ustawa z dnia 17 listopada 1964 r. - Kodeks postępowania cywilnego" xAddress="Dz. U. z 1964 r. Nr 43, poz. 296">ZD 2008</xLexLink>, nr A, poz. 20).</xText>
          
          <xText>Odnosząc powyższe rozważania na grunt niniejszej sprawy wskazać należy, iż znajdą one zastosowanie co do żądania <xAnon>H. Ś. (1)</xAnon> przyjęcia do obliczenia wysokości emerytury kwoty bazowej z dnia 22.07.1999r.</xText>
          
          <xText>Jak już wskazano wyżej, <xAnon>H. Ś. (1)</xAnon> w sprawie IIIU 302/09 domagała się m.in. przyjęcia kwoty bazowej z lipca 1999r. Po rozpoznaniu tego odwołania w sprawie IIIU 302/09 Sąd Okręgowy w Ostrołęce wyrokiem z dnia 26.06.2009r. oddalił odwołanie. Wyrok w tej sprawie jest prawomocny.</xText>
          <xText>Powyższe oznacza, iż Sąd w sprawie IIIU 302/09 za niezasadne uznał żądanie przyjęcia wskazywanej przez odwołującą kwoty bazowej. W sprawie tej przedmiotem badania była decyzja z dnia 27.02.2009r., tj. decyzja waloryzacyjna, a Sąd uznał wówczas, iż wysokość emerytury przyjęta przez ZUS do dokonania waloryzacji jest prawidłowa, w tym prawidłowa była kwota bazowa przyjęta do wyliczania wysokości emerytury na datę waloryzacji.</xText>
          <xText>Ponieważ wyrok w sprawie IIIU 302/09 jest prawomocny, przesądził w/w kwestie co oznacza, iż obecnie Sąd nie może ponownie ich badać.</xText>
          
          <xText>Już tylko na marginesie należy wskazać, iż <xAnon>H. Ś. (1)</xAnon> domaga się przyjęcia kwoty bazowej z lipca 1999r., tj. kwoty 1327,44zł. Odwołująca pobiera emeryturę wcześniejszą, przyznaną jej w 1990r. przy przyjęciu kwoty bazowej obowiązującej w tej dacie, dlatego nie ma podstaw do uwzględnienia tego żądania. <xAnon>H. Ś. (1)</xAnon> nie przedłożyła żadnych nowych dowodów dotyczących kwoty bazowej.</xText>
          
          <xText>Zaskarżona decyzja waloryzacyjna również dotyczy w/w emerytury wcześniejszej. Przedmiotem badania w niniejszej sprawie nie jest zaś decyzja z dnia 2.12.2008r., przyznająca odwołującej emeryturę na podstawie <xLexLink xArt="art. 27" xIsapId="WDU19981621118" xTitle="Ustawa z dnia 17 grudnia 1998 r. o emeryturach i rentach z Funduszu Ubezpieczeń Społecznych" xAddress="Dz. U. z 1998 r. Nr 162, poz. 1118">art. 27 ustawy o emeryturach i rentach z Funduszu Ubezpieczeń Społecznych</xLexLink>.</xText>
          
          <xText>W niniejszej sprawie <xAnon>H. Ś. (1)</xAnon> domagała się przyjęcia do podstawy wymiaru zarobków za miesiące październik-grudzień 1958r. w wysokości wynikającej ze złożonych przez nią angaży. Zdaniem Sądu należy odwołującej zaliczyć te zarobki, nie powoduje to jednak zmiany zaskarżonej decyzji, gdyż nawet po zaliczeniu tych zarobków wyliczony przy ich przyjęciu <xAnon> (...)</xAnon> będzie mniejszy od dotychczas przyjętego przez ZUS.</xText>
          
          <xText>Poza sporem jest, iż odwołująca w okresie od 22.10.1958r. do 31.10.1978r. była zatrudniona w <xAnon> Zakładach (...)</xAnon> w <xAnon>P.</xAnon> na stanowisku dziewiarza (świadectwo k. 11 a.e.).</xText>
          <xText>Na okoliczność zarobków w miesiącach październik-grudzień 1958r. odwołująca aż do 2009r. nie złożyła żadnych dokumentów, zarobków za ten okres nie zawiera też legitymacja ubezpieczeniowa.</xText>
          
          <xText>Z akt emerytalnych wynika, iż w dniu 04.02.2009r. do ZUS wpłynęła kopia angażu odwołującej z w/w zakładu pracy za 1958r., nadesłana przez <xAnon> (...)</xAnon> Urząd Wojewódzki w <xAnon>W.</xAnon> Archiwum w <xAnon>O.</xAnon>, w odpowiedzi na pismo ZUS z dnia 22.01.2009r. (k. 70 i k. 88-92 t. I a.e.), a więc uzyskana przez organ rentowy w urzędu.</xText>
          
          <xText>Po otrzymaniu tych dokumentów organ rentowy w dniu 27.02.2009r. wydał decyzję Nr 4045828/E, którą odmówił przeliczenia wysokości wcześniejszej emerytury odwołującej wskazując, iż przyjęty dotychczas <xAnon> (...)</xAnon> 96,02% jest korzystniejszy od <xAnon> (...)</xAnon> wyliczonego z 20 lat, który wynosi 92,85% (k. 102 t. I a.e.). Organ rentowy wydając decyzję z dnia 27.02.2009r. faktycznie uwzględnił jednak minimalne wynagrodzenie za miesiące październik-grudzień 1958r., nie uwzględnił zaś kwot wynikających z angażu za 1958r.</xText>
          
          <xText>Obecnie <xAnon>H. Ś. (1)</xAnon> domaga się przyjęcia zarobków za miesiące październik-grudzień 1958r., w wysokości wynikającej z angażu.</xText>
          
          <xText>W tym zakresie Sąd dopuścił dowód z opinii biegłej z zakresu księgowości, <xAnon>H. G.</xAnon>, celem wyliczenia wynagrodzenia uzyskiwanego przez <xAnon>H. Ś. (1)</xAnon> w czasie zatrudnienia w <xAnon> Zakładach (...)</xAnon> w <xAnon>P.</xAnon> w okresie od 22.10.1958r. do 31.12.1958r. – w oparciu o angaże znajdujące się w aktach ZUS i wskazane tam stawki godzinowe oraz nominalny czas pracy pracowników obowiązujący w w/w okresie.</xText>
          
          <xText>W opinii z dnia 28.12.2012r. biegła wskazała, iż zgodnie z angażami załączonymi do akt ZUS wynagrodzenie odwołującej w okresie zatrudnienia w <xAnon> Zakładach (...)</xAnon> w <xAnon>P.</xAnon> od 22.10.1958r. do 31.12.1958r. wynosiło na okres pracy próbnej od dnia 22.10.1958r. do 05.11.1958r. - 4,10 zł/godz. Biegła zwróciła uwagę, iż w aktach ZUS oraz aktach sprawy brak jest angażu ze stawką wynagrodzenia obowiązującą od 06.11.1958r. i dlatego przyjęła, że wynagrodzenie to nie było niższe aniżeli wynagrodzenie przyznane w okresie próbnym. Od 01.10.1959r. wynagrodzenie odwołującej wynosiło 4,60 zł/godz., co wynika z kopii angażu z k. 90 a.e.</xText>
          
          <xText>Biegła zaznaczyła, iż czas pracy wszystkich pracowników zatrudnionych na mocy umowy wynosił bez wliczenia przerw odpoczynkowych najwyżej 8 godzin na dobę, w sobotę 6 godzin na dobę i nie mógł przekraczać 46 godzin na tydzień.</xText>
          <xText>Zgodnie z przepisami w okresie od 22.10.1958r. do 31.12.1958r. dniami wolnymi od pracy były: 1 listopada - Wszystkich Świętych, 25 grudnia - pierwszy dzień Bożego Narodzenia, 26 grudnia - drugi dzień Bożego Narodzenia oraz niedziele.</xText>
          
          <xText>Biorąc powyższe pod uwagę biegła wyliczyła nominalny czas pracy odwołującej i uwzględniając w/w stawki godzinowe wskazała, iż wynagrodzenie to stanowi kwoty: w październiku 1958r. kwotę 287zł, w listopadzie 1958r. kwotę 754,40zł i w grudniu 1958r. kwotę 787,20zł.</xText>
          
          <xText>Do tej opinii żadna ze stron nie wniosła zastrzeżeń. Także Sąd w niniejszej sprawie podziela wnioski biegłej <xAnon>H. G.</xAnon>. Biegła oparła się na dokumentacji znajdującej się w aktach emerytalnych odwołującej, tj. angażu i legitymacji ubezpieczeniowej, z której nie wynika, aby odwołująca w spornym okresie miała nieobecności z powodu niezdolności do pracy, przebywała na urlopie bezpłatnym lub wychowawczym. Należy więc uznać, iż w w/w miesiącach odwołująca faktycznie świadczyła pracę i było jej wypłacane wynagrodzenie. Biegła uwzględniła również dni wolne od pracy i obowiązujący odwołującą nominalny czas pracy.</xText>
          
          <xText>Po ustaleniu wysokości zarobków <xAnon>H. Ś. (1)</xAnon> w miesiącach październik-grudzień 1958r. Sąd podjął dalsze czynności w celu ustalenia prawidłowej wysokości emerytury odwołującej na datę 29.02.2012r.</xText>
          <xText>W tym celu Sąd dopuścił dowód z opinii uzupełniającej biegłej z zakresu rachunkowości <xAnon>H. G.</xAnon>, celem wyliczenia podstawy i wysokości emerytury przysługującej <xAnon>H. Ś. (1)</xAnon> na datę 29.02.2012r. – przy uwzględnieniu kwot zarobków wynikających z dokumentów znajdujących się w aktach ZUS oraz przy uwzględnieniu zarobków za miesiące październik i listopad 1958r., wyliczonych przez biegłą w opinii z 28.12.2012r. Nadto biegła miała wyliczyć <xAnon> (...)</xAnon> z lat 1958-1977 oraz 1959-1978 i <xAnon> (...)</xAnon> wg wszystkich wersji i wskazać najkorzystniejszą a w zakresie kwoty bazowej biegła miała uwzględnić wyniki wcześniejszego postępowania sądowego, prowadzonego w sprawie IIIU 302/09, w którym odwołująca domagała się przyjęcia innej kwoty bazowej. Po ustaleniu wysokości emerytury odwołującej na datę 29.02.2012r. biegła miała dokonać waloryzacji tej emerytury wg zasad przyjętych w decyzji ZUS z 10.03.2012r.</xText>
          
          <xText>W opinii z dnia 23.04.2013r. biegła <xAnon>H. G.</xAnon> wskazała, iż odwołująca była zatrudniona:</xText>
          <xText>- w okresie od 1.06.1957r. do 21.10.1958r. w <xAnon> (...)</xAnon> w <xAnon>P.</xAnon>, zgodnie z umową załączoną do akt ZUS, zawartą 1 października 1957r. odwołująca była zatrudniona na zasadach prowizyjnych (3% obrotu), w związku z zawartą umową nie nabywała uprawnień pracownika przedsiębiorstwa, a w szczególności nie miała prawa do ubezpieczeń społecznych i urlopów,</xText>
          <xText>- w okresie od 22.10.1958r. do 31.10.1978r. w <xAnon> (...)</xAnon> w <xAnon>P.</xAnon>, wynagrodzenia odwołującej za lata 1959- 1978 zawarte są we wpisach w legitymacji ubezpieczeniowej, Rp-7 i kartach płac,</xText>
          <xText>- w okresie od 02.11.1978r. do 30.09.1990r. odwołująca była zatrudniona w <xAnon> Spółdzielni Pracy Usług (...)</xAnon> w <xAnon>P.</xAnon>, otrzymywała wynagrodzenie zryczałtowane, z zaświadczenia o zatrudnieniu i wynagrodzeniach wynika, że zakład był prowadzony na podstawie umowy na zryczałtowanym rozrachunku, do akt załączono za powyższy okres kartę płac, w której wskazano wynagrodzenie za okres listopad-grudzień 1978r. i styczeń-luty 1979r. Ponadto zaświadczenie Rp-7 wskazuje kwotę za okres od 01.10.1989r. do 30.09.1990r.</xText>
          
          <xText>Z opinii biegłej <xAnon>H. G.</xAnon> wynika jednak, że przyjęcie zarobków z angaży z okresu październik-grudzień 1958r. nie wpłynie na zwiększenie wysokości emerytury odwołującej.</xText>
          
          <xText>Biegła biorąc pod uwagę w/w dokumentację i wyliczone przez siebie uprzednio kwoty wynagrodzeń odwołującej za okres październik-grudzień 1958r. wyliczyła wskaźniki dochodu:</xText>
          
          <xRows>
            <xCOLGROUPx>
              <xCOLx xWIDTHx="51"/>
              <xCOLx xWIDTHx="60"/>
              <xCOLx xWIDTHx="148"/>
              <xCOLx xWIDTHx="145"/>
              <xCOLx xWIDTHx="172"/>
              <xCOLx xWIDTHx="154"/>
            </xCOLGROUPx>
            <xRow>
              <xClmn xALIGNx="left" xVALIGNx="top">
                <xText>Lp.</xText>
              </xClmn>
              <xClmn xALIGNx="left" xVALIGNx="top">
                <xText>Rok</xText>
              </xClmn>
              <xClmn xALIGNx="left" xVALIGNx="top">
                <xText>Ogółem wynagrodzenie za rok</xText>
              </xClmn>
              <xClmn xALIGNx="left" xVALIGNx="top">
                <xText>Przeciętne wynagrodzenie</xText>
                <xText>dla celów</xText>
                <xText>emerytalnych</xText>
              </xClmn>
              <xClmn xALIGNx="left" xVALIGNx="top">
                <xText>Stosunek dochodu do przeciętnego wynagrodzenia za rok kalendarzowy w %</xText>
              </xClmn>
              <xClmn xALIGNx="left" xVALIGNx="top">
                <xText>Wskaźnik z 10 kolejnych lat kalendarzowych</xText>
                
              </xClmn>
            </xRow>
          </xRows>
          
          <xRows>
            <xCOLGROUPx>
              <xCOLx xWIDTHx="50"/>
              <xCOLx xWIDTHx="64"/>
              <xCOLx xWIDTHx="142"/>
              <xCOLx xWIDTHx="155"/>
              <xCOLx xWIDTHx="167"/>
              <xCOLx xWIDTHx="153"/>
            </xCOLGROUPx>
            <xRow>
              <xClmn xALIGNx="left" xVALIGNx="top">
                
              </xClmn>
              <xClmn xALIGNx="left" xVALIGNx="top">
                <xText>1957</xText>
              </xClmn>
              <xClmn xALIGNx="left" xVALIGNx="top">
                
              </xClmn>
              <xClmn xALIGNx="left" xVALIGNx="top">
                <xText>15 348,00</xText>
              </xClmn>
              <xClmn xALIGNx="left" xVALIGNx="top">
                <xText>-</xText>
              </xClmn>
              <xClmn xALIGNx="left" xVALIGNx="top">
                
              </xClmn>
            </xRow>
            <xRow>
              <xClmn xALIGNx="left" xVALIGNx="top">
                
              </xClmn>
              <xClmn xALIGNx="left" xVALIGNx="top">
                <xText>1958</xText>
              </xClmn>
              <xClmn xALIGNx="left" xVALIGNx="top">
                <xText>1 829,00</xText>
              </xClmn>
              <xClmn xALIGNx="left" xVALIGNx="top">
                <xText>16 176,00</xText>
              </xClmn>
              <xClmn xALIGNx="left" xVALIGNx="top">
                <xText>11,31</xText>
              </xClmn>
              <xClmn xALIGNx="left" xVALIGNx="top">
                
              </xClmn>
            </xRow>
            <xRow>
              <xClmn xALIGNx="left" xVALIGNx="top">
                
              </xClmn>
              <xClmn xALIGNx="left" xVALIGNx="top">
                <xText>1959</xText>
              </xClmn>
              <xClmn xALIGNx="left" xVALIGNx="top">
                <xText>19 375,00</xText>
              </xClmn>
              <xClmn xALIGNx="left" xVALIGNx="top">
                <xText>17 436,00</xText>
              </xClmn>
              <xClmn xALIGNx="left" xVALIGNx="top">
                <xText>111,12</xText>
              </xClmn>
              <xClmn xALIGNx="left" xVALIGNx="top">
                
              </xClmn>
            </xRow>
            <xRow>
              <xClmn xALIGNx="left" xVALIGNx="top">
                
              </xClmn>
              <xClmn xALIGNx="left" xVALIGNx="top">
                <xText>1960</xText>
              </xClmn>
              <xClmn xALIGNx="left" xVALIGNx="top">
                <xText>17 500,00</xText>
              </xClmn>
              <xClmn xALIGNx="left" xVALIGNx="top">
                <xText>18 720,00</xText>
              </xClmn>
              <xClmn xALIGNx="left" xVALIGNx="top">
                <xText>93,48</xText>
              </xClmn>
              <xClmn xALIGNx="left" xVALIGNx="top">
                
              </xClmn>
            </xRow>
            <xRow>
              <xClmn xALIGNx="left" xVALIGNx="top">
                
              </xClmn>
              <xClmn xALIGNx="left" xVALIGNx="top">
                <xText>1961</xText>
              </xClmn>
              <xClmn xALIGNx="left" xVALIGNx="top">
                <xText>19 200,00</xText>
              </xClmn>
              <xClmn xALIGNx="left" xVALIGNx="top">
                <xText>19 500,00</xText>
              </xClmn>
              <xClmn xALIGNx="left" xVALIGNx="top">
                <xText>98,46</xText>
              </xClmn>
              <xClmn xALIGNx="left" xVALIGNx="top">
                
              </xClmn>
            </xRow>
            <xRow>
              <xClmn xALIGNx="left" xVALIGNx="top">
                
              </xClmn>
              <xClmn xALIGNx="left" xVALIGNx="top">
                <xText>1962</xText>
              </xClmn>
              <xClmn xALIGNx="left" xVALIGNx="top">
                <xText>20 168,00</xText>
              </xClmn>
              <xClmn xALIGNx="left" xVALIGNx="top">
                <xText>20 160,00</xText>
              </xClmn>
              <xClmn xALIGNx="left" xVALIGNx="top">
                <xText>100,04</xText>
              </xClmn>
              <xClmn xALIGNx="left" xVALIGNx="top">
                
              </xClmn>
            </xRow>
            <xRow>
              <xClmn xALIGNx="left" xVALIGNx="top">
                
              </xClmn>
              <xClmn xALIGNx="left" xVALIGNx="top">
                <xText>1963</xText>
              </xClmn>
              <xClmn xALIGNx="left" xVALIGNx="top">
                <xText>21 506,00</xText>
              </xClmn>
              <xClmn xALIGNx="left" xVALIGNx="top">
                <xText>21 156,00</xText>
              </xClmn>
              <xClmn xALIGNx="left" xVALIGNx="top">
                <xText>101,65</xText>
              </xClmn>
              <xClmn xALIGNx="left" xVALIGNx="top">
                
              </xClmn>
            </xRow>
            <xRow>
              <xClmn xALIGNx="left" xVALIGNx="top">
                
              </xClmn>
              <xClmn xALIGNx="left" xVALIGNx="top">
                <xText>1964</xText>
              </xClmn>
              <xClmn xALIGNx="left" xVALIGNx="top">
                <xText>17 584,00</xText>
              </xClmn>
              <xClmn xALIGNx="left" xVALIGNx="top">
                <xText>21 792,00</xText>
              </xClmn>
              <xClmn xALIGNx="left" xVALIGNx="top">
                <xText>80,69</xText>
              </xClmn>
              <xClmn xALIGNx="left" xVALIGNx="top">
                
              </xClmn>
            </xRow>
            <xRow>
              <xClmn xALIGNx="left" xVALIGNx="top">
                
              </xClmn>
              <xClmn xALIGNx="left" xVALIGNx="top">
                <xText>1965</xText>
              </xClmn>
              <xClmn xALIGNx="left" xVALIGNx="top">
                <xText>19 894,00</xText>
              </xClmn>
              <xClmn xALIGNx="left" xVALIGNx="top">
                <xText>22 404,00</xText>
              </xClmn>
              <xClmn xALIGNx="left" xVALIGNx="top">
                <xText>88,80</xText>
              </xClmn>
              <xClmn xALIGNx="left" xVALIGNx="top">
                
              </xClmn>
            </xRow>
            <xRow>
              <xClmn xALIGNx="left" xVALIGNx="top">
                
              </xClmn>
              <xClmn xALIGNx="left" xVALIGNx="top">
                <xText>1966</xText>
              </xClmn>
              <xClmn xALIGNx="left" xVALIGNx="top">
                <xText>19 638,00</xText>
              </xClmn>
              <xClmn xALIGNx="left" xVALIGNx="top">
                <xText>23 208,00</xText>
              </xClmn>
              <xClmn xALIGNx="left" xVALIGNx="top">
                <xText>84,62</xText>
              </xClmn>
              <xClmn xALIGNx="left" xVALIGNx="top">
                
              </xClmn>
            </xRow>
            <xRow>
              <xClmn xALIGNx="left" xVALIGNx="top">
                
              </xClmn>
              <xClmn xALIGNx="left" xVALIGNx="top">
                <xText>1967</xText>
              </xClmn>
              <xClmn xALIGNx="left" xVALIGNx="top">
                <xText>19 958,00</xText>
              </xClmn>
              <xClmn xALIGNx="left" xVALIGNx="top">
                <xText>24 192,00</xText>
              </xClmn>
              <xClmn xALIGNx="left" xVALIGNx="top">
                <xText>82,50</xText>
              </xClmn>
              <xClmn xALIGNx="left" xVALIGNx="top">
                
              </xClmn>
            </xRow>
            <xRow>
              <xClmn xALIGNx="left" xVALIGNx="top">
                
              </xClmn>
              <xClmn xALIGNx="left" xVALIGNx="top">
                <xText>1968</xText>
              </xClmn>
              <xClmn xALIGNx="left" xVALIGNx="top">
                <xText>27 342,00</xText>
              </xClmn>
              <xClmn xALIGNx="left" xVALIGNx="top">
                <xText>25 272,00</xText>
              </xClmn>
              <xClmn xALIGNx="left" xVALIGNx="top">
                <xText>108,19</xText>
              </xClmn>
              <xClmn xALIGNx="left" xVALIGNx="top">
                
              </xClmn>
            </xRow>
            <xRow>
              <xClmn xALIGNx="left" xVALIGNx="top">
                
              </xClmn>
              <xClmn xALIGNx="left" xVALIGNx="top">
                <xText>1969</xText>
              </xClmn>
              <xClmn xALIGNx="left" xVALIGNx="top">
                <xText>28 109,00</xText>
              </xClmn>
              <xClmn xALIGNx="left" xVALIGNx="top">
                <xText>26 088,00</xText>
              </xClmn>
              <xClmn xALIGNx="left" xVALIGNx="top">
                <xText>107,75</xText>
              </xClmn>
              <xClmn xALIGNx="left" xVALIGNx="top">
                
              </xClmn>
            </xRow>
            <xRow>
              <xClmn xALIGNx="left" xVALIGNx="top">
                <xText>1.</xText>
              </xClmn>
              <xClmn xALIGNx="left" xVALIGNx="top">
                <xText>1970</xText>
              </xClmn>
              <xClmn xALIGNx="left" xVALIGNx="top">
                <xText>29 541,00</xText>
              </xClmn>
              <xClmn xALIGNx="left" xVALIGNx="top">
                <xText>26 820,00</xText>
              </xClmn>
              <xClmn xALIGNx="left" xVALIGNx="top">
                <xText>110,15</xText>
              </xClmn>
              <xClmn xALIGNx="left" xVALIGNx="top">
                
              </xClmn>
            </xRow>
            <xRow>
              <xClmn xALIGNx="left" xVALIGNx="top">
                <xText>2.</xText>
              </xClmn>
              <xClmn xALIGNx="left" xVALIGNx="top">
                <xText>1971</xText>
              </xClmn>
              <xClmn xALIGNx="left" xVALIGNx="top">
                <xText>27 137,00</xText>
              </xClmn>
              <xClmn xALIGNx="left" xVALIGNx="top">
                <xText>28 296,00</xText>
              </xClmn>
              <xClmn xALIGNx="left" xVALIGNx="top">
                <xText>95,90</xText>
              </xClmn>
              <xClmn xALIGNx="left" xVALIGNx="top">
                
              </xClmn>
            </xRow>
            <xRow>
              <xClmn xALIGNx="left" xVALIGNx="top">
                <xText>3.</xText>
              </xClmn>
              <xClmn xALIGNx="left" xVALIGNx="top">
                <xText>1972</xText>
              </xClmn>
              <xClmn xALIGNx="left" xVALIGNx="top">
                <xText>32 889,00</xText>
              </xClmn>
              <xClmn xALIGNx="left" xVALIGNx="top">
                <xText>30 108,00</xText>
              </xClmn>
              <xClmn xALIGNx="left" xVALIGNx="top">
                <xText>109,24</xText>
              </xClmn>
              <xClmn xALIGNx="left" xVALIGNx="top">
                
              </xClmn>
            </xRow>
            <xRow>
              <xClmn xALIGNx="left" xVALIGNx="top">
                <xText>4.</xText>
              </xClmn>
              <xClmn xALIGNx="left" xVALIGNx="top">
                <xText>1973</xText>
              </xClmn>
              <xClmn xALIGNx="left" xVALIGNx="top">
                <xText>31 115,00</xText>
              </xClmn>
              <xClmn xALIGNx="left" xVALIGNx="top">
                <xText>33 576,00</xText>
              </xClmn>
              <xClmn xALIGNx="left" xVALIGNx="top">
                <xText>92,67</xText>
              </xClmn>
              <xClmn xALIGNx="left" xVALIGNx="top">
                
              </xClmn>
            </xRow>
            <xRow>
              <xClmn xALIGNx="left" xVALIGNx="top">
                <xText>5.</xText>
              </xClmn>
              <xClmn xALIGNx="left" xVALIGNx="top">
                <xText>1974</xText>
              </xClmn>
              <xClmn xALIGNx="left" xVALIGNx="top">
                <xText>27 022,00</xText>
              </xClmn>
              <xClmn xALIGNx="left" xVALIGNx="top">
                <xText>38 220,00</xText>
              </xClmn>
              <xClmn xALIGNx="left" xVALIGNx="top">
                <xText>70,70</xText>
              </xClmn>
              <xClmn xALIGNx="left" xVALIGNx="top">
                
              </xClmn>
            </xRow>
            <xRow>
              <xClmn xALIGNx="left" xVALIGNx="top">
                <xText>6.</xText>
              </xClmn>
              <xClmn xALIGNx="left" xVALIGNx="top">
                <xText>1975</xText>
              </xClmn>
              <xClmn xALIGNx="left" xVALIGNx="top">
                <xText>49 936,00</xText>
              </xClmn>
              <xClmn xALIGNx="left" xVALIGNx="top">
                <xText>46 956,00</xText>
              </xClmn>
              <xClmn xALIGNx="left" xVALIGNx="top">
                <xText>106,35</xText>
              </xClmn>
              <xClmn xALIGNx="left" xVALIGNx="top">
                
              </xClmn>
            </xRow>
            <xRow>
              <xClmn xALIGNx="left" xVALIGNx="top">
                <xText>7.</xText>
              </xClmn>
              <xClmn xALIGNx="left" xVALIGNx="top">
                <xText>1976</xText>
              </xClmn>
              <xClmn xALIGNx="left" xVALIGNx="top">
                <xText>56 192,00</xText>
              </xClmn>
              <xClmn xALIGNx="left" xVALIGNx="top">
                <xText>51 372,00</xText>
              </xClmn>
              <xClmn xALIGNx="left" xVALIGNx="top">
                <xText>109,38</xText>
              </xClmn>
              <xClmn xALIGNx="left" xVALIGNx="top">
                
              </xClmn>
            </xRow>
            <xRow>
              <xClmn xALIGNx="left" xVALIGNx="top">
                <xText>8.</xText>
              </xClmn>
              <xClmn xALIGNx="left" xVALIGNx="top">
                <xText>1977</xText>
              </xClmn>
              <xClmn xALIGNx="left" xVALIGNx="top">
                <xText>52 853,00</xText>
              </xClmn>
              <xClmn xALIGNx="left" xVALIGNx="top">
                <xText>55 152,00</xText>
              </xClmn>
              <xClmn xALIGNx="left" xVALIGNx="top">
                <xText>95,83</xText>
              </xClmn>
              <xClmn xALIGNx="left" xVALIGNx="top">
                
              </xClmn>
            </xRow>
            <xRow>
              <xClmn xALIGNx="left" xVALIGNx="top">
                <xText>9.</xText>
              </xClmn>
              <xClmn xALIGNx="left" xVALIGNx="top">
                <xText>1978</xText>
              </xClmn>
              <xClmn xALIGNx="left" xVALIGNx="top">
                <xText>42 778,00</xText>
              </xClmn>
              <xClmn xALIGNx="left" xVALIGNx="top">
                <xText>58 644,00</xText>
              </xClmn>
              <xClmn xALIGNx="left" xVALIGNx="top">
                <xText>72,95</xText>
              </xClmn>
              <xClmn xALIGNx="left" xVALIGNx="top">
                
              </xClmn>
            </xRow>
            <xRow>
              <xClmn xALIGNx="left" xVALIGNx="top">
                <xText>10.</xText>
              </xClmn>
              <xClmn xALIGNx="left" xVALIGNx="top">
                <xText>1979</xText>
              </xClmn>
              <xClmn xALIGNx="left" xVALIGNx="top">
                <xText>2 520,00</xText>
              </xClmn>
              <xClmn xALIGNx="left" xVALIGNx="top">
                <xText>63 924,00</xText>
              </xClmn>
              <xClmn xALIGNx="left" xVALIGNx="top">
                <xText>3,94</xText>
              </xClmn>
              <xClmn xALIGNx="left" xVALIGNx="top">
                <xText>86,71</xText>
              </xClmn>
            </xRow>
            <xRow>
              <xClmn xALIGNx="left" xVALIGNx="top">
                <xText>11.</xText>
              </xClmn>
              <xClmn xALIGNx="left" xVALIGNx="top">
                <xText>1980</xText>
              </xClmn>
              <xClmn xALIGNx="left" xVALIGNx="top">
                
              </xClmn>
              <xClmn xALIGNx="left" xVALIGNx="top">
                <xText>72 480,00</xText>
              </xClmn>
              <xClmn xALIGNx="left" xVALIGNx="top">
                <xText>-</xText>
              </xClmn>
              <xClmn xALIGNx="left" xVALIGNx="top">
                <xText>75,70</xText>
              </xClmn>
            </xRow>
            <xRow>
              <xClmn xALIGNx="left" xVALIGNx="top">
                <xText>12.</xText>
              </xClmn>
              <xClmn xALIGNx="left" xVALIGNx="top">
                <xText>1981</xText>
              </xClmn>
              <xClmn xALIGNx="left" xVALIGNx="top">
                
              </xClmn>
              <xClmn xALIGNx="left" xVALIGNx="top">
                <xText>92 268,00</xText>
              </xClmn>
              <xClmn xALIGNx="left" xVALIGNx="top">
                <xText>-</xText>
              </xClmn>
              <xClmn xALIGNx="left" xVALIGNx="top">
                <xText>66,11</xText>
              </xClmn>
            </xRow>
            <xRow>
              <xClmn xALIGNx="left" xVALIGNx="top">
                <xText>13.</xText>
              </xClmn>
              <xClmn xALIGNx="left" xVALIGNx="top">
                <xText>1982</xText>
              </xClmn>
              <xClmn xALIGNx="left" xVALIGNx="top">
                
              </xClmn>
              <xClmn xALIGNx="left" xVALIGNx="top">
                <xText>139 572,00</xText>
              </xClmn>
              <xClmn xALIGNx="left" xVALIGNx="top">
                <xText>-</xText>
              </xClmn>
              <xClmn xALIGNx="left" xVALIGNx="top">
                <xText>55,18</xText>
              </xClmn>
            </xRow>
            <xRow>
              <xClmn xALIGNx="left" xVALIGNx="top">
                <xText>14.</xText>
              </xClmn>
              <xClmn xALIGNx="left" xVALIGNx="top">
                <xText>1983</xText>
              </xClmn>
              <xClmn xALIGNx="left" xVALIGNx="top">
                
              </xClmn>
              <xClmn xALIGNx="left" xVALIGNx="top">
                <xText>173 700,00</xText>
              </xClmn>
              <xClmn xALIGNx="left" xVALIGNx="top">
                <xText>-</xText>
              </xClmn>
              <xClmn xALIGNx="left" xVALIGNx="top">
                <xText>45,92</xText>
              </xClmn>
            </xRow>
            <xRow>
              <xClmn xALIGNx="left" xVALIGNx="top">
                <xText>15.</xText>
              </xClmn>
              <xClmn xALIGNx="left" xVALIGNx="top">
                <xText>1984</xText>
              </xClmn>
              <xClmn xALIGNx="left" xVALIGNx="top">
                
              </xClmn>
              <xClmn xALIGNx="left" xVALIGNx="top">
                <xText>202 056,00</xText>
              </xClmn>
              <xClmn xALIGNx="left" xVALIGNx="top">
                <xText>-</xText>
              </xClmn>
              <xClmn xALIGNx="left" xVALIGNx="top">
                <xText>38,85</xText>
              </xClmn>
            </xRow>
            <xRow>
              <xClmn xALIGNx="left" xVALIGNx="top">
                <xText>16.</xText>
              </xClmn>
              <xClmn xALIGNx="left" xVALIGNx="top">
                <xText>1985</xText>
              </xClmn>
              <xClmn xALIGNx="left" xVALIGNx="top">
                
              </xClmn>
              <xClmn xALIGNx="left" xVALIGNx="top">
                <xText>240 060,00</xText>
              </xClmn>
              <xClmn xALIGNx="left" xVALIGNx="top">
                <xText>-</xText>
              </xClmn>
              <xClmn xALIGNx="left" xVALIGNx="top">
                <xText>28,21</xText>
              </xClmn>
            </xRow>
            <xRow>
              <xClmn xALIGNx="left" xVALIGNx="top">
                <xText>17.</xText>
              </xClmn>
              <xClmn xALIGNx="left" xVALIGNx="top">
                <xText>1986</xText>
              </xClmn>
              <xClmn xALIGNx="left" xVALIGNx="top">
                
              </xClmn>
              <xClmn xALIGNx="left" xVALIGNx="top">
                <xText>289 140,00</xText>
              </xClmn>
              <xClmn xALIGNx="left" xVALIGNx="top">
                <xText>-</xText>
              </xClmn>
              <xClmn xALIGNx="left" xVALIGNx="top">
                <xText>17,27</xText>
              </xClmn>
            </xRow>
            <xRow>
              <xClmn xALIGNx="left" xVALIGNx="top">
                <xText>18.</xText>
              </xClmn>
              <xClmn xALIGNx="left" xVALIGNx="top">
                <xText>1987</xText>
              </xClmn>
              <xClmn xALIGNx="left" xVALIGNx="top">
                
              </xClmn>
              <xClmn xALIGNx="left" xVALIGNx="top">
                <xText>350 208,00</xText>
              </xClmn>
              <xClmn xALIGNx="left" xVALIGNx="top">
                <xText>-</xText>
              </xClmn>
              <xClmn xALIGNx="left" xVALIGNx="top">
                <xText>7,69</xText>
              </xClmn>
            </xRow>
            <xRow>
              <xClmn xALIGNx="left" xVALIGNx="top">
                <xText>19.</xText>
              </xClmn>
              <xClmn xALIGNx="left" xVALIGNx="top">
                <xText>1988</xText>
              </xClmn>
              <xClmn xALIGNx="left" xVALIGNx="top">
                
              </xClmn>
              <xClmn xALIGNx="left" xVALIGNx="top">
                <xText>637 080,00</xText>
              </xClmn>
              <xClmn xALIGNx="left" xVALIGNx="top">
                <xText>-</xText>
              </xClmn>
              <xClmn xALIGNx="left" xVALIGNx="top">
                <xText>0,39</xText>
              </xClmn>
            </xRow>
            <xRow>
              <xClmn xALIGNx="left" xVALIGNx="top">
                <xText>20.</xText>
              </xClmn>
              <xClmn xALIGNx="left" xVALIGNx="top">
                <xText>1989</xText>
              </xClmn>
              <xClmn xALIGNx="left" xVALIGNx="top">
                <xText>228 000,00</xText>
              </xClmn>
              <xClmn xALIGNx="left" xVALIGNx="top">
                <xText>2 481 096,00</xText>
              </xClmn>
              <xClmn xALIGNx="left" xVALIGNx="top">
                <xText>9,19</xText>
              </xClmn>
              <xClmn xALIGNx="left" xVALIGNx="top">
                <xText>0,92</xText>
              </xClmn>
            </xRow>
            <xRow>
              <xClmn xALIGNx="left" xVALIGNx="top">
                
              </xClmn>
              <xClmn xALIGNx="left" xVALIGNx="top">
                <xText>1990</xText>
              </xClmn>
              <xClmn xALIGNx="left" xVALIGNx="top">
                <xText>2 472 000,00</xText>
              </xClmn>
              <xClmn xALIGNx="left" xVALIGNx="top">
                <xText>12 355 644,00</xText>
              </xClmn>
              <xClmn xALIGNx="left" xVALIGNx="top">
                <xText>20,01</xText>
              </xClmn>
              <xClmn xALIGNx="left" xVALIGNx="top">
                <xText>X</xText>
              </xClmn>
            </xRow>
          </xRows>
          
          <xText>Biegła wskazała, iż wskaźnik wysokości z 10 najkorzystniejszych kolejnych lat kalendarzowych wybranych z ostatnich 20 lat kalendarzowych przypadających przed rokiem złożenia wniosku o emeryturę wynosi 86,71%.</xText>
          
          <xText>Według opinii biegłej wyliczenie wskaźnika z 20 najkorzystniejszych lat kalendarzowych z całego okresu zatrudnienia przedstawia się zaś następująco:</xText>
          
          <xRows>
            <xCOLGROUPx>
              <xCOLx xWIDTHx="38"/>
              <xCOLx xWIDTHx="75"/>
              <xCOLx xWIDTHx="159"/>
              <xCOLx xWIDTHx="147"/>
              <xCOLx xWIDTHx="169"/>
              <xCOLx xWIDTHx="149"/>
            </xCOLGROUPx>
            <xRow>
              <xClmn xALIGNx="left" xVALIGNx="top">
                
                <xText>Lp.</xText>
                
              </xClmn>
              <xClmn xALIGNx="left" xVALIGNx="top">
                
                <xText>Rok</xText>
                
              </xClmn>
              <xClmn xALIGNx="left" xVALIGNx="top">
                
                <xText>Ogółem wynagrodzenie za rok</xText>
                
              </xClmn>
              <xClmn xALIGNx="left" xVALIGNx="top">
                
                <xText>Przeciętne wynagrodzenie dla celów emerytalnych</xText>
                
              </xClmn>
              <xClmn xALIGNx="left" xVALIGNx="top">
                
                <xText>Stosunek dochodu do przeciętnego wynagrodzenia za rok kalendarzowy w %</xText>
                
              </xClmn>
              <xClmn xALIGNx="left" xVALIGNx="top">
                
                <xText>Wskaźnik z 10 kolejnych lat kalendarzowych</xText>
                
              </xClmn>
            </xRow>
            <xRow>
              <xClmn xALIGNx="left" xVALIGNx="top">
                <xText>1.</xText>
              </xClmn>
              <xClmn xALIGNx="left" xVALIGNx="top">
                <xText>1959</xText>
              </xClmn>
              <xClmn xALIGNx="left" xVALIGNx="top">
                <xText>19 375,00</xText>
              </xClmn>
              <xClmn xALIGNx="left" xVALIGNx="top">
                <xText>17 436,00</xText>
              </xClmn>
              <xClmn xALIGNx="left" xVALIGNx="top">
                <xText>111,12</xText>
              </xClmn>
              <xClmn xALIGNx="left" xVALIGNx="top">
                
              </xClmn>
            </xRow>
            <xRow>
              <xClmn xALIGNx="left" xVALIGNx="top">
                <xText>2.</xText>
              </xClmn>
              <xClmn xALIGNx="left" xVALIGNx="top">
                <xText>1960</xText>
              </xClmn>
              <xClmn xALIGNx="left" xVALIGNx="top">
                <xText>17 500,00</xText>
              </xClmn>
              <xClmn xALIGNx="left" xVALIGNx="top">
                <xText>18 720,00</xText>
              </xClmn>
              <xClmn xALIGNx="left" xVALIGNx="top">
                <xText>93,48</xText>
              </xClmn>
              <xClmn xALIGNx="left" xVALIGNx="top">
                
              </xClmn>
            </xRow>
            <xRow>
              <xClmn xALIGNx="left" xVALIGNx="top">
                <xText>3.</xText>
              </xClmn>
              <xClmn xALIGNx="left" xVALIGNx="top">
                <xText>1961</xText>
              </xClmn>
              <xClmn xALIGNx="left" xVALIGNx="top">
                <xText>19 200,00</xText>
              </xClmn>
              <xClmn xALIGNx="left" xVALIGNx="top">
                <xText>19 500,00</xText>
              </xClmn>
              <xClmn xALIGNx="left" xVALIGNx="top">
                <xText>98,46</xText>
              </xClmn>
              <xClmn xALIGNx="left" xVALIGNx="top">
                
              </xClmn>
            </xRow>
            <xRow>
              <xClmn xALIGNx="left" xVALIGNx="top">
                <xText>4.</xText>
              </xClmn>
              <xClmn xALIGNx="left" xVALIGNx="top">
                <xText>1962</xText>
              </xClmn>
              <xClmn xALIGNx="left" xVALIGNx="top">
                <xText>20 168,00</xText>
              </xClmn>
              <xClmn xALIGNx="left" xVALIGNx="top">
                <xText>20 160,00</xText>
              </xClmn>
              <xClmn xALIGNx="left" xVALIGNx="top">
                <xText>100,04</xText>
              </xClmn>
              <xClmn xALIGNx="left" xVALIGNx="top">
                
              </xClmn>
            </xRow>
            <xRow>
              <xClmn xALIGNx="left" xVALIGNx="top">
                <xText>5.</xText>
              </xClmn>
              <xClmn xALIGNx="left" xVALIGNx="top">
                <xText>1963</xText>
              </xClmn>
              <xClmn xALIGNx="left" xVALIGNx="top">
                <xText>21 506,00</xText>
              </xClmn>
              <xClmn xALIGNx="left" xVALIGNx="top">
                <xText>21 156,00</xText>
              </xClmn>
              <xClmn xALIGNx="left" xVALIGNx="top">
                <xText>101,65</xText>
              </xClmn>
              <xClmn xALIGNx="left" xVALIGNx="top">
                
              </xClmn>
            </xRow>
            <xRow>
              <xClmn xALIGNx="left" xVALIGNx="top">
                <xText>6.</xText>
              </xClmn>
              <xClmn xALIGNx="left" xVALIGNx="top">
                <xText>1964</xText>
              </xClmn>
              <xClmn xALIGNx="left" xVALIGNx="top">
                <xText>17 584,00</xText>
              </xClmn>
              <xClmn xALIGNx="left" xVALIGNx="top">
                <xText>21 792,00</xText>
              </xClmn>
              <xClmn xALIGNx="left" xVALIGNx="top">
                <xText>80,69</xText>
              </xClmn>
              <xClmn xALIGNx="left" xVALIGNx="top">
                
              </xClmn>
            </xRow>
            <xRow>
              <xClmn xALIGNx="left" xVALIGNx="top">
                <xText>7.</xText>
              </xClmn>
              <xClmn xALIGNx="left" xVALIGNx="top">
                <xText>1965</xText>
              </xClmn>
              <xClmn xALIGNx="left" xVALIGNx="top">
                <xText>19 894,00</xText>
              </xClmn>
              <xClmn xALIGNx="left" xVALIGNx="top">
                <xText>22 404,00</xText>
              </xClmn>
              <xClmn xALIGNx="left" xVALIGNx="top">
                <xText>88,80</xText>
              </xClmn>
              <xClmn xALIGNx="left" xVALIGNx="top">
                
              </xClmn>
            </xRow>
            <xRow>
              <xClmn xALIGNx="left" xVALIGNx="top">
                <xText>8.</xText>
              </xClmn>
              <xClmn xALIGNx="left" xVALIGNx="top">
                <xText>1966</xText>
              </xClmn>
              <xClmn xALIGNx="left" xVALIGNx="top">
                <xText>19 638,00</xText>
              </xClmn>
              <xClmn xALIGNx="left" xVALIGNx="top">
                <xText>23 208,00</xText>
              </xClmn>
              <xClmn xALIGNx="left" xVALIGNx="top">
                <xText>84,62</xText>
              </xClmn>
              <xClmn xALIGNx="left" xVALIGNx="top">
                
              </xClmn>
            </xRow>
            <xRow>
              <xClmn xALIGNx="left" xVALIGNx="top">
                <xText>9.</xText>
              </xClmn>
              <xClmn xALIGNx="left" xVALIGNx="top">
                <xText>1967</xText>
              </xClmn>
              <xClmn xALIGNx="left" xVALIGNx="top">
                <xText>19 958,00</xText>
              </xClmn>
              <xClmn xALIGNx="left" xVALIGNx="top">
                <xText>24 192,00</xText>
              </xClmn>
              <xClmn xALIGNx="left" xVALIGNx="top">
                <xText>82,50</xText>
              </xClmn>
              <xClmn xALIGNx="left" xVALIGNx="top">
                
              </xClmn>
            </xRow>
            <xRow>
              <xClmn xALIGNx="left" xVALIGNx="top">
                <xText>10.</xText>
              </xClmn>
              <xClmn xALIGNx="left" xVALIGNx="top">
                <xText>1968</xText>
              </xClmn>
              <xClmn xALIGNx="left" xVALIGNx="top">
                <xText>27 342,00</xText>
              </xClmn>
              <xClmn xALIGNx="left" xVALIGNx="top">
                <xText>25 272,00</xText>
              </xClmn>
              <xClmn xALIGNx="left" xVALIGNx="top">
                <xText>108,19</xText>
              </xClmn>
              <xClmn xALIGNx="left" xVALIGNx="top">
                
              </xClmn>
            </xRow>
            <xRow>
              <xClmn xALIGNx="left" xVALIGNx="top">
                <xText>11.</xText>
              </xClmn>
              <xClmn xALIGNx="left" xVALIGNx="top">
                <xText>1969</xText>
              </xClmn>
              <xClmn xALIGNx="left" xVALIGNx="top">
                <xText>28 109,00</xText>
              </xClmn>
              <xClmn xALIGNx="left" xVALIGNx="top">
                <xText>26 088,00</xText>
              </xClmn>
              <xClmn xALIGNx="left" xVALIGNx="top">
                <xText>107,75</xText>
              </xClmn>
              <xClmn xALIGNx="left" xVALIGNx="top">
                
              </xClmn>
            </xRow>
            <xRow>
              <xClmn xALIGNx="left" xVALIGNx="top">
                <xText>12.</xText>
              </xClmn>
              <xClmn xALIGNx="left" xVALIGNx="top">
                <xText>1970</xText>
              </xClmn>
              <xClmn xALIGNx="left" xVALIGNx="top">
                <xText>29 541,00</xText>
              </xClmn>
              <xClmn xALIGNx="left" xVALIGNx="top">
                <xText>26 820,00</xText>
              </xClmn>
              <xClmn xALIGNx="left" xVALIGNx="top">
                <xText>110,15</xText>
              </xClmn>
              <xClmn xALIGNx="left" xVALIGNx="top">
                
              </xClmn>
            </xRow>
            <xRow>
              <xClmn xALIGNx="left" xVALIGNx="top">
                <xText>13.</xText>
              </xClmn>
              <xClmn xALIGNx="left" xVALIGNx="top">
                <xText>1971</xText>
              </xClmn>
              <xClmn xALIGNx="left" xVALIGNx="top">
                <xText>27 137,00</xText>
              </xClmn>
              <xClmn xALIGNx="left" xVALIGNx="top">
                <xText>28 296,00</xText>
              </xClmn>
              <xClmn xALIGNx="left" xVALIGNx="top">
                <xText>95,90</xText>
              </xClmn>
              <xClmn xALIGNx="left" xVALIGNx="top">
                
              </xClmn>
            </xRow>
            <xRow>
              <xClmn xALIGNx="left" xVALIGNx="top">
                <xText>14.</xText>
              </xClmn>
              <xClmn xALIGNx="left" xVALIGNx="top">
                <xText>1972</xText>
              </xClmn>
              <xClmn xALIGNx="left" xVALIGNx="top">
                <xText>32 889,00</xText>
              </xClmn>
              <xClmn xALIGNx="left" xVALIGNx="top">
                <xText>30 108,00</xText>
              </xClmn>
              <xClmn xALIGNx="left" xVALIGNx="top">
                <xText>109,24</xText>
              </xClmn>
              <xClmn xALIGNx="left" xVALIGNx="top">
                
              </xClmn>
            </xRow>
            <xRow>
              <xClmn xALIGNx="left" xVALIGNx="top">
                <xText>15.</xText>
              </xClmn>
              <xClmn xALIGNx="left" xVALIGNx="top">
                <xText>1973</xText>
              </xClmn>
              <xClmn xALIGNx="left" xVALIGNx="top">
                <xText>31 115,00</xText>
              </xClmn>
              <xClmn xALIGNx="left" xVALIGNx="top">
                <xText>33 576,00</xText>
              </xClmn>
              <xClmn xALIGNx="left" xVALIGNx="top">
                <xText>92,67</xText>
              </xClmn>
              <xClmn xALIGNx="left" xVALIGNx="top">
                
              </xClmn>
            </xRow>
            <xRow>
              <xClmn xALIGNx="left" xVALIGNx="top">
                <xText>16.</xText>
              </xClmn>
              <xClmn xALIGNx="left" xVALIGNx="top">
                <xText>1974</xText>
              </xClmn>
              <xClmn xALIGNx="left" xVALIGNx="top">
                <xText>27 022,00</xText>
              </xClmn>
              <xClmn xALIGNx="left" xVALIGNx="top">
                <xText>38 220,00</xText>
              </xClmn>
              <xClmn xALIGNx="left" xVALIGNx="top">
                <xText>70,70</xText>
              </xClmn>
              <xClmn xALIGNx="left" xVALIGNx="top">
                
              </xClmn>
            </xRow>
            <xRow>
              <xClmn xALIGNx="left" xVALIGNx="top">
                <xText>17.</xText>
              </xClmn>
              <xClmn xALIGNx="left" xVALIGNx="top">
                <xText>1975</xText>
              </xClmn>
              <xClmn xALIGNx="left" xVALIGNx="top">
                <xText>49 936,00</xText>
              </xClmn>
              <xClmn xALIGNx="left" xVALIGNx="top">
                <xText>46 956,00</xText>
              </xClmn>
              <xClmn xALIGNx="left" xVALIGNx="top">
                <xText>106,35</xText>
              </xClmn>
              <xClmn xALIGNx="left" xVALIGNx="top">
                
              </xClmn>
            </xRow>
            <xRow>
              <xClmn xALIGNx="left" xVALIGNx="top">
                <xText>18.</xText>
              </xClmn>
              <xClmn xALIGNx="left" xVALIGNx="top">
                <xText>1976</xText>
              </xClmn>
              <xClmn xALIGNx="left" xVALIGNx="top">
                <xText>56 192,00</xText>
              </xClmn>
              <xClmn xALIGNx="left" xVALIGNx="top">
                <xText>51 372,00</xText>
              </xClmn>
              <xClmn xALIGNx="left" xVALIGNx="top">
                <xText>109,38</xText>
              </xClmn>
              <xClmn xALIGNx="left" xVALIGNx="top">
                
              </xClmn>
            </xRow>
            <xRow>
              <xClmn xALIGNx="left" xVALIGNx="top">
                <xText>19.</xText>
              </xClmn>
              <xClmn xALIGNx="left" xVALIGNx="top">
                <xText>1977</xText>
              </xClmn>
              <xClmn xALIGNx="left" xVALIGNx="top">
                <xText>52 853,00</xText>
              </xClmn>
              <xClmn xALIGNx="left" xVALIGNx="top">
                <xText>55 152,00</xText>
              </xClmn>
              <xClmn xALIGNx="left" xVALIGNx="top">
                <xText>95,83</xText>
              </xClmn>
              <xClmn xALIGNx="left" xVALIGNx="top">
                
              </xClmn>
            </xRow>
            <xRow>
              <xClmn xALIGNx="left" xVALIGNx="top">
                <xText>20.</xText>
              </xClmn>
              <xClmn xALIGNx="left" xVALIGNx="top">
                <xText>1978</xText>
              </xClmn>
              <xClmn xALIGNx="left" xVALIGNx="top">
                <xText>42 778,00</xText>
              </xClmn>
              <xClmn xALIGNx="left" xVALIGNx="top">
                <xText>58 644,00</xText>
              </xClmn>
              <xClmn xALIGNx="left" xVALIGNx="top">
                <xText>72,95</xText>
              </xClmn>
              <xClmn xALIGNx="left" xVALIGNx="top">
                
              </xClmn>
            </xRow>
          </xRows>
          <xText>Ogółem 1 920,47 X</xText>
          <xText>1/20 ogółem 96,02 X</xText>
          <xText>Kwota bazowa 717,16</xText>
          <xText>Podstawa wymiaru 688,62</xText>
          
          <xText>Biegła zaznaczyła, że wskaźnik wysokości podstawy wymiaru ustalony z 20 lat z całego okresu ubezpieczenia wynosi 96,02%. Podstawa wymiaru wynosi zatem na dzień ustalenia prawa do świadczenia 688,62 zł.</xText>
          
          <xText>Biegła dodała, że wysokość emerytury oblicza się ponownie, od podstawy wymiaru ustalonej w myśl art. 15, jeżeli wskaźnik wysokości podstawy wymiaru jest wyższy od poprzednio obliczonego.</xText>
          <xText>Ponieważ wyliczony wskaźnik wysokości podstawy wymiaru zgodny jest ze wskaźnikiem ustalonym decyzją ZUS, zdaniem biegłej brak jest możliwości przeliczenia świadczenia odwołującej się.</xText>
          
          <xText>Biegła wskazała też, że wskaźnik wysokości podstawy wymiaru ustalony z lat 1958-1977 wynosiłby:</xText>
          
          <xRows>
            <xCOLGROUPx>
              <xCOLx xWIDTHx="44"/>
              <xCOLx xWIDTHx="64"/>
              <xCOLx xWIDTHx="139"/>
              <xCOLx xWIDTHx="139"/>
              <xCOLx xWIDTHx="148"/>
              <xCOLx xWIDTHx="201"/>
            </xCOLGROUPx>
            <xRow>
              <xClmn xALIGNx="left" xVALIGNx="top">
                <xText>Lp.</xText>
              </xClmn>
              <xClmn xALIGNx="left" xVALIGNx="top">
                <xText>Rok</xText>
              </xClmn>
              <xClmn xALIGNx="left" xVALIGNx="top">
                <xText>Ogółem wynagrodzenie za rok</xText>
              </xClmn>
              <xClmn xALIGNx="left" xVALIGNx="top">
                <xText>Przeciętne wynagrodzenie dla celów emerytalnych</xText>
              </xClmn>
              <xClmn xALIGNx="left" xVALIGNx="top">
                <xText>Stosunek dochodu do przeciętnego wynagrodzenia za rok kalendarzowy w %</xText>
              </xClmn>
              <xClmn xALIGNx="left" xVALIGNx="top">
                <xText>Wskaźnik z 10 kolejnych lat kalendarzowych</xText>
              </xClmn>
            </xRow>
            <xRow>
              <xClmn xALIGNx="left" xVALIGNx="top">
                <xText>1.</xText>
              </xClmn>
              <xClmn xALIGNx="left" xVALIGNx="top">
                <xText>1958</xText>
              </xClmn>
              <xClmn xALIGNx="left" xVALIGNx="top">
                <xText>1 829,00</xText>
              </xClmn>
              <xClmn xALIGNx="left" xVALIGNx="top">
                <xText>16 176,00</xText>
              </xClmn>
              <xClmn xALIGNx="left" xVALIGNx="top">
                <xText>11,31</xText>
              </xClmn>
              <xClmn xALIGNx="left" xVALIGNx="top">
                
              </xClmn>
            </xRow>
            <xRow>
              <xClmn xALIGNx="left" xVALIGNx="top">
                <xText>2.</xText>
              </xClmn>
              <xClmn xALIGNx="left" xVALIGNx="top">
                <xText>1959</xText>
              </xClmn>
              <xClmn xALIGNx="left" xVALIGNx="top">
                <xText>19 375,00</xText>
              </xClmn>
              <xClmn xALIGNx="left" xVALIGNx="top">
                <xText>17 436,00</xText>
              </xClmn>
              <xClmn xALIGNx="left" xVALIGNx="top">
                <xText>111,12</xText>
              </xClmn>
              <xClmn xALIGNx="left" xVALIGNx="top">
                
              </xClmn>
            </xRow>
            <xRow>
              <xClmn xALIGNx="left" xVALIGNx="top">
                <xText>3.</xText>
              </xClmn>
              <xClmn xALIGNx="left" xVALIGNx="top">
                <xText>1960</xText>
              </xClmn>
              <xClmn xALIGNx="left" xVALIGNx="top">
                <xText>17 500,00</xText>
              </xClmn>
              <xClmn xALIGNx="left" xVALIGNx="top">
                <xText>18 720,00</xText>
              </xClmn>
              <xClmn xALIGNx="left" xVALIGNx="top">
                <xText>93,48</xText>
              </xClmn>
              <xClmn xALIGNx="left" xVALIGNx="top">
                
              </xClmn>
            </xRow>
            <xRow>
              <xClmn xALIGNx="left" xVALIGNx="top">
                <xText>4.</xText>
              </xClmn>
              <xClmn xALIGNx="left" xVALIGNx="top">
                <xText>1961</xText>
              </xClmn>
              <xClmn xALIGNx="left" xVALIGNx="top">
                <xText>19 200,00</xText>
              </xClmn>
              <xClmn xALIGNx="left" xVALIGNx="top">
                <xText>19 500,00</xText>
              </xClmn>
              <xClmn xALIGNx="left" xVALIGNx="top">
                <xText>98,46</xText>
              </xClmn>
              <xClmn xALIGNx="left" xVALIGNx="top">
                
              </xClmn>
            </xRow>
            <xRow>
              <xClmn xALIGNx="left" xVALIGNx="top">
                <xText>5.</xText>
              </xClmn>
              <xClmn xALIGNx="left" xVALIGNx="top">
                <xText>1962</xText>
              </xClmn>
              <xClmn xALIGNx="left" xVALIGNx="top">
                <xText>20 168,00</xText>
              </xClmn>
              <xClmn xALIGNx="left" xVALIGNx="top">
                <xText>20 160,00</xText>
              </xClmn>
              <xClmn xALIGNx="left" xVALIGNx="top">
                <xText>100,04</xText>
              </xClmn>
              <xClmn xALIGNx="left" xVALIGNx="top">
                
              </xClmn>
            </xRow>
            <xRow>
              <xClmn xALIGNx="left" xVALIGNx="top">
                <xText>6.</xText>
              </xClmn>
              <xClmn xALIGNx="left" xVALIGNx="top">
                <xText>1963</xText>
              </xClmn>
              <xClmn xALIGNx="left" xVALIGNx="top">
                <xText>21 506,00</xText>
              </xClmn>
              <xClmn xALIGNx="left" xVALIGNx="top">
                <xText>21 156,00</xText>
              </xClmn>
              <xClmn xALIGNx="left" xVALIGNx="top">
                <xText>101,65</xText>
              </xClmn>
              <xClmn xALIGNx="left" xVALIGNx="top">
                
              </xClmn>
            </xRow>
            <xRow>
              <xClmn xALIGNx="left" xVALIGNx="top">
                <xText>7.</xText>
              </xClmn>
              <xClmn xALIGNx="left" xVALIGNx="top">
                <xText>1964</xText>
              </xClmn>
              <xClmn xALIGNx="left" xVALIGNx="top">
                <xText>17 584,00</xText>
              </xClmn>
              <xClmn xALIGNx="left" xVALIGNx="top">
                <xText>21 792,00</xText>
              </xClmn>
              <xClmn xALIGNx="left" xVALIGNx="top">
                <xText>80,69</xText>
              </xClmn>
              <xClmn xALIGNx="left" xVALIGNx="top">
                
              </xClmn>
            </xRow>
            <xRow>
              <xClmn xALIGNx="left" xVALIGNx="top">
                <xText>8.</xText>
              </xClmn>
              <xClmn xALIGNx="left" xVALIGNx="top">
                <xText>1965</xText>
              </xClmn>
              <xClmn xALIGNx="left" xVALIGNx="top">
                <xText>19 894,00</xText>
              </xClmn>
              <xClmn xALIGNx="left" xVALIGNx="top">
                <xText>22 404,00</xText>
              </xClmn>
              <xClmn xALIGNx="left" xVALIGNx="top">
                <xText>88,80</xText>
              </xClmn>
              <xClmn xALIGNx="left" xVALIGNx="top">
                
              </xClmn>
            </xRow>
            <xRow>
              <xClmn xALIGNx="left" xVALIGNx="top">
                <xText>9.</xText>
              </xClmn>
              <xClmn xALIGNx="left" xVALIGNx="top">
                <xText>1966</xText>
              </xClmn>
              <xClmn xALIGNx="left" xVALIGNx="top">
                <xText>19 638,00</xText>
              </xClmn>
              <xClmn xALIGNx="left" xVALIGNx="top">
                <xText>23 208,00</xText>
              </xClmn>
              <xClmn xALIGNx="left" xVALIGNx="top">
                <xText>84,62</xText>
              </xClmn>
              <xClmn xALIGNx="left" xVALIGNx="top">
                
              </xClmn>
            </xRow>
            <xRow>
              <xClmn xALIGNx="left" xVALIGNx="top">
                <xText>10.</xText>
              </xClmn>
              <xClmn xALIGNx="left" xVALIGNx="top">
                <xText>1967</xText>
              </xClmn>
              <xClmn xALIGNx="left" xVALIGNx="top">
                <xText>19 958,00</xText>
              </xClmn>
              <xClmn xALIGNx="left" xVALIGNx="top">
                <xText>24 192,00</xText>
              </xClmn>
              <xClmn xALIGNx="left" xVALIGNx="top">
                <xText>82,50</xText>
              </xClmn>
              <xClmn xALIGNx="left" xVALIGNx="top">
                
              </xClmn>
            </xRow>
            <xRow>
              <xClmn xALIGNx="left" xVALIGNx="top">
                <xText>11.</xText>
              </xClmn>
              <xClmn xALIGNx="left" xVALIGNx="top">
                <xText>1968</xText>
              </xClmn>
              <xClmn xALIGNx="left" xVALIGNx="top">
                <xText>27 342,00</xText>
              </xClmn>
              <xClmn xALIGNx="left" xVALIGNx="top">
                <xText>25 272,00</xText>
              </xClmn>
              <xClmn xALIGNx="left" xVALIGNx="top">
                <xText>108,19</xText>
              </xClmn>
              <xClmn xALIGNx="left" xVALIGNx="top">
                
              </xClmn>
            </xRow>
            <xRow>
              <xClmn xALIGNx="left" xVALIGNx="top">
                <xText>12.</xText>
              </xClmn>
              <xClmn xALIGNx="left" xVALIGNx="top">
                <xText>1969</xText>
              </xClmn>
              <xClmn xALIGNx="left" xVALIGNx="top">
                <xText>28 109,00</xText>
              </xClmn>
              <xClmn xALIGNx="left" xVALIGNx="top">
                <xText>26 088,00</xText>
              </xClmn>
              <xClmn xALIGNx="left" xVALIGNx="top">
                <xText>107,75</xText>
              </xClmn>
              <xClmn xALIGNx="left" xVALIGNx="top">
                
              </xClmn>
            </xRow>
            <xRow>
              <xClmn xALIGNx="left" xVALIGNx="top">
                <xText>13.</xText>
              </xClmn>
              <xClmn xALIGNx="left" xVALIGNx="top">
                <xText>1970</xText>
              </xClmn>
              <xClmn xALIGNx="left" xVALIGNx="top">
                <xText>29 541,00</xText>
              </xClmn>
              <xClmn xALIGNx="left" xVALIGNx="top">
                <xText>26 820,00</xText>
              </xClmn>
              <xClmn xALIGNx="left" xVALIGNx="top">
                <xText>110,15</xText>
              </xClmn>
              <xClmn xALIGNx="left" xVALIGNx="top">
                
              </xClmn>
            </xRow>
            <xRow>
              <xClmn xALIGNx="left" xVALIGNx="top">
                <xText>14.</xText>
              </xClmn>
              <xClmn xALIGNx="left" xVALIGNx="top">
                <xText>1971</xText>
              </xClmn>
              <xClmn xALIGNx="left" xVALIGNx="top">
                <xText>27 137,00</xText>
              </xClmn>
              <xClmn xALIGNx="left" xVALIGNx="top">
                <xText>28 296,00</xText>
              </xClmn>
              <xClmn xALIGNx="left" xVALIGNx="top">
                <xText>95,90</xText>
              </xClmn>
              <xClmn xALIGNx="left" xVALIGNx="top">
                
              </xClmn>
            </xRow>
            <xRow>
              <xClmn xALIGNx="left" xVALIGNx="top">
                <xText>15.</xText>
              </xClmn>
              <xClmn xALIGNx="left" xVALIGNx="top">
                <xText>1972</xText>
              </xClmn>
              <xClmn xALIGNx="left" xVALIGNx="top">
                <xText>32 889,00</xText>
              </xClmn>
              <xClmn xALIGNx="left" xVALIGNx="top">
                <xText>30 108,00</xText>
              </xClmn>
              <xClmn xALIGNx="left" xVALIGNx="top">
                <xText>109,24</xText>
              </xClmn>
              <xClmn xALIGNx="left" xVALIGNx="top">
                
              </xClmn>
            </xRow>
            <xRow>
              <xClmn xALIGNx="left" xVALIGNx="top">
                <xText>16.</xText>
              </xClmn>
              <xClmn xALIGNx="left" xVALIGNx="top">
                <xText>1973</xText>
              </xClmn>
              <xClmn xALIGNx="left" xVALIGNx="top">
                <xText>31 115,00</xText>
              </xClmn>
              <xClmn xALIGNx="left" xVALIGNx="top">
                <xText>33 576,00</xText>
              </xClmn>
              <xClmn xALIGNx="left" xVALIGNx="top">
                <xText>92,67</xText>
              </xClmn>
              <xClmn xALIGNx="left" xVALIGNx="top">
                
              </xClmn>
            </xRow>
            <xRow>
              <xClmn xALIGNx="left" xVALIGNx="top">
                <xText>17.</xText>
              </xClmn>
              <xClmn xALIGNx="left" xVALIGNx="top">
                <xText>1974</xText>
              </xClmn>
              <xClmn xALIGNx="left" xVALIGNx="top">
                <xText>27 022,00</xText>
              </xClmn>
              <xClmn xALIGNx="left" xVALIGNx="top">
                <xText>38 220,00</xText>
              </xClmn>
              <xClmn xALIGNx="left" xVALIGNx="top">
                <xText>70,70</xText>
              </xClmn>
              <xClmn xALIGNx="left" xVALIGNx="top">
                
              </xClmn>
            </xRow>
            <xRow>
              <xClmn xALIGNx="left" xVALIGNx="top">
                <xText>18.</xText>
              </xClmn>
              <xClmn xALIGNx="left" xVALIGNx="top">
                <xText>1975</xText>
              </xClmn>
              <xClmn xALIGNx="left" xVALIGNx="top">
                <xText>49 936,00</xText>
              </xClmn>
              <xClmn xALIGNx="left" xVALIGNx="top">
                <xText>46 956,00</xText>
              </xClmn>
              <xClmn xALIGNx="left" xVALIGNx="top">
                <xText>106,35</xText>
              </xClmn>
              <xClmn xALIGNx="left" xVALIGNx="top">
                
              </xClmn>
            </xRow>
            <xRow>
              <xClmn xALIGNx="left" xVALIGNx="top">
                <xText>19.</xText>
              </xClmn>
              <xClmn xALIGNx="left" xVALIGNx="top">
                <xText>1976</xText>
              </xClmn>
              <xClmn xALIGNx="left" xVALIGNx="top">
                <xText>56 192,00</xText>
              </xClmn>
              <xClmn xALIGNx="left" xVALIGNx="top">
                <xText>51 372,00</xText>
              </xClmn>
              <xClmn xALIGNx="left" xVALIGNx="top">
                <xText>109,38</xText>
              </xClmn>
              <xClmn xALIGNx="left" xVALIGNx="top">
                
              </xClmn>
            </xRow>
            <xRow>
              <xClmn xALIGNx="left" xVALIGNx="top">
                <xText>20.</xText>
              </xClmn>
              <xClmn xALIGNx="left" xVALIGNx="top">
                <xText>1977</xText>
              </xClmn>
              <xClmn xALIGNx="left" xVALIGNx="top">
                <xText>52 853,00</xText>
              </xClmn>
              <xClmn xALIGNx="left" xVALIGNx="top">
                <xText>55 152,00</xText>
              </xClmn>
              <xClmn xALIGNx="left" xVALIGNx="top">
                <xText>95,83</xText>
              </xClmn>
              <xClmn xALIGNx="left" xVALIGNx="top">
                
              </xClmn>
            </xRow>
          </xRows>
          <xText>Ogółem 1858,83</xText>
          <xText>1/20 ogółem 92,94 x</xText>
          <xText>Kwota bazowa 717,16</xText>
          <xText>Podstawa wymiaru 666,53</xText>
          
          <xText>Z w/w wyliczeń wynika, że <xAnon> (...)</xAnon> wyliczony z lat 1958-1977 byłby niższy niż ustalony z lat 1959-1978. i wynosiłby 92,94%. Podstawa wymiaru ustalona na podstawie powyższego wskaźnika wynosiłaby zatem na dzień ustalenia prawa do świadczenia 666,53 zł.</xText>
          
          <xText>Biegła zaznaczyła, że odwołującej uznano staż pracy w ilości 36 lat, tj. 432 miesiące okresów składkowych. Sąd podziela ten wniosek, bowiem ZUS uwzględnił wszystkie okresy zatrudnienia <xAnon>H. Ś. (1)</xAnon>.</xText>
          
          <xText>Mając powyższe na względzie emerytura odwołującej się na dzień przyznania prawa do świadczenia wynosi brutto:</xText>
          <xText>717,16 x 24,00% = 172,12zł</xText>
          <xText>432 miesięcy składkowych x 1,30% /12 x 688,62 = 322,27zł</xText>
          <xText>Ogółem 494,39zł</xText>
          
          <xText>Biegła dokonała również waloryzacji emerytury odwołującej i wskazała, że świadczenie po waloryzacji od 01.03.2011r. wynosi 1.287,17zł a po waloryzacji od 01.03.2012r. wynosi 1.358,17zł.</xText>
          
          <xText>Biegła zaznaczyła, iż wysokość emerytury ustalona decyzją ZUS z 10.03.2012r. wynosi 1.358,26 zł i wskazała, iż różnica w kwocie 0,09 zł może wynikać z innych zaokrągleń zastosowanych przez ZUS w trakcie wielokrotnych, wieloletnich waloryzacji.</xText>
          
          <xText>Ustalenie wskaźnika waloryzacji podstawy będzie przedstawiać się następująco:</xText>
          <xText>Świadczenie po waloryzacji od 01.03.2011 wynosi 1 287,17zł</xText>
          <xText>Świadczenie po waloryzacji od 01.03.2012 wynosi 1 358,17zł</xText>
          <xText>Wskaźnik waloryzacji podstawy wynosi 105,52</xText>
          
          <xText>Podstawa wymiaru po waloryzacji od dnia 01 marca 2012r. wynosi: 1.782,95 x 105,52%= 1.891,82 zł.</xText>
          <xText>Powyższa wysokość podstawy zgodna jest więc z kwotą ustaloną zaskarżoną decyzją ZUS z dnia 10.03.2012r.</xText>
          
          <xText>Reasumując biegła wskazała, że uwzględnieniu do wyliczeń świadczenia wynagrodzeń uzyskiwanych przez odwołującą w okresie zatrudnienia w <xAnon> Zakładach (...)</xAnon> w <xAnon>P.</xAnon> w okresie od 22.10.1958r. do 31.12.1958r. wskaźnik wysokości podstawy wymiaru nie ulegnie zmianie.</xText>
          
          <xText>Z w/w opinii biegłej wynika więc, że zaskarżona decyzja z dnia 10.03.2012r. w sposób prawidłowy dokonuje waloryzacji emerytury <xAnon>H. Ś. (1)</xAnon> i jako punkt wyjściowy do wyliczeń przyjmuje prawidłową wysokość emerytury na dzień 29.02.2012r.</xText>
          
          <xText>Co do zasady Sąd podziela wnioski w/w opinii biegłej. Jej wyliczenia opierają się na dokumentacji znajdującej się w aktach emerytalnych odwołującej, biegła wskazuje konkretne wyliczenia, z których wysnuwa te wnioski. Są one logiczne. Wyliczenia te uwzględniają też niesporne wynagrodzenie za październik-grudzień 1958r.</xText>
          
          <xText>Do opinii biegłej należy zgłosić tylko jedną uwagę. Biegła wyliczając <xAnon> (...)</xAnon> z 20 lat z całego okresu ubezpieczenia, z uwzględnieniem 1958r., przyjęła m.in. rok 1974, w którym wskaźnik wynosi 70,70%. Organ rentowy słusznie wskazał w piśmie datowanym na 22.05.2013r. (k. 176a.s.), iż zamiast roku 1974 należy przyjąć rok 1978, w którym wskaźnik był wyższy i wynosił 72,95%. Zmiana ta nie wpływa jednak na zmianę decyzji, gdyż przy przyjęciu roku 1978 <xAnon> (...)</xAnon> wyliczony z 20 lat będzie wynosił 93,05%, a więc i tak będzie niższy od przyjętego przez <xAnon> (...)</xAnon> 96,02%.</xText>
          
          <xText>Na rozprawie w dniu 4.09.2013r. pełnomocnik obwołującej wniósł o sporządzenie opinii uzupełniającej i ustosunkowanie się biegłej do uwag ZUS zgłoszonych w w/w piśmie datowanym na 22.05.2013r.</xText>
          <xText>Po wskazaniu, iż rok 1978 został ujęty przy wyliczeniu wskaźnika 96,02 %, co wynika z wyliczenia str. 8 opinii, a nie został ujęty do wyliczenia wskaźnika 92,94 %, co wynika ze str. 10 opinii, pełnomocnik odwołującej cofnął jednak ten wniosek. Zdaniem Sądu cofnięcie tego wniosku nie jest niekorzystne dla odwołującej, bowiem różnica między wskaźnikiem za rok 1974 i za rok 1978 jest tak mała, że jak wskazano wyżej, nawet przyjęcie wskaźnika z 1978r. nie spowoduje przyjęcia <xAnon> (...)</xAnon> z 20 lat (1958-1977), gdyż wskaźnik ten i tak będzie mniejszy od przyjętego przez ZUS przy wyliczaniu wysokości emerytury odwołującej na datę 29.02.2012r.</xText>
          
          <xText>Z w/w opinii biegłej <xAnon>H. G.</xAnon> wynika, że nawet przyjęcie zarobków z angaży z okresu październik-grudzień 1958r. nie wpłynie na zwiększenie wysokości emerytury odwołującej na datę 29.02.2012r., bowiem najkorzystniejszy jest dla odwołującej <xAnon> (...)</xAnon> przyjęty z 20 lat, tj. z lat 1959-1978 wynoszący 96,02%, a który obejmuje już także i 1978r. Wskaźnik w roku 1958 przy przyjęciu wyliczonych przez biegłą zarobków z okresu październik-grudzień 1958r. wzrósłby wprawdzie do 11,31%, lecz i tak byłby niższy od wskaźników z innych lat.</xText>
          
          <xText>Sąd na podstawie <xLexLink xArt="art. 217;art. 217 § 3" xIsapId="WDU19640430296" xTitle="Ustawa z dnia 17 listopada 1964 r. - Kodeks postępowania cywilnego" xAddress="Dz. U. z 1964 r. Nr 43, poz. 296">art. 217 § 3 kpc</xLexLink> oddalił natomiast wniosek pełnomocnika odwołującej o dopuszczenie dowodu z kolejnej opinii uzupełniającej biegłej <xAnon>H. G.</xAnon>, który został sprecyzowany w jego piśmie datowanym na 20.05.2013r.</xText>
          
          <xText>W piśmie tym pełnomocnik odwołującej wskazał, iż w opinii biegła dokonała jedynie symulacji wg wersji 10 - letniej i dwóch wersji 20 – letnich, w opinii brak jest natomiast wszystkich możliwych wersji <xAnon> (...)</xAnon> i podania, czy możliwa jest korzystniejsza wersja.</xText>
          <xText>W konsekwencji wniósł o dopuszczenie dowodu z opinii uzupełniającej celem udzielenia pełnej odpowiedzi na wszystkie pytania Sądu. Nadto wniósł, aby w opinii uzupełniającej biegła wskazała, jaką kwotę bazową zgodnie z zasadami rachunkowości należy przyjąć w odniesieniu do <xAnon>H. Ś. (1)</xAnon> i obliczyła emeryturę wymienionej według tejże kwoty bazowej.</xText>
          <xText>Podniósł również, że Sąd w postanowieniu dowodowym z dnia 31.01.2013r. powołał się na sprawę U 301/09, zaś biegła opiera się na sprawie U 302/09.</xText>
          
          <xText>Odnosząc się do tej ostatniej uwagi zauważyć należy, iż w postanowieniu z dnia 31.01.2013r. nastąpiła oczywista omyłka pisarska, gdyż Sąd miał na myśli sprawę IIIU 302/09, która jest załączona do akt niniejszej sprawy, zaś sprawa IIIU 301/09 dotyczy nie <xAnon>H. Ś. (1)</xAnon>, lecz innej osoby.</xText>
          
          <xText>Sąd oddalając wnioski dowodowe pełnomocnika odwołującej zawarte w piśmie datowanym na 20.05.2013r. miał na uwadze fakt, iż biegła w sposób prawidłowy wykonała postanowienie Sądu z dnia 31.01.2013r. Biegła w opinii przyjęła konkretne kwoty wynagrodzenia i wyliczyła <xAnon> (...)</xAnon>, dokonała waloryzacji emerytury. Dokonała również wyliczenia <xAnon> (...)</xAnon> z lat 10 i 20 i wskazała wersję najkorzystniejszą.</xText>
          
          <xText>Nadto wskazać trzeba, iż przedmiotem merytorycznego rozstrzygnięcia nie była decyzja odmawiająca przeliczenia emerytury, lecz decyzja waloryzacyjna, dlatego w sprawie nie miał znaczenia przepis <xLexLink xArt="art. 110;art. 111" xIsapId="WDU19981621118" xTitle="Ustawa z dnia 17 grudnia 1998 r. o emeryturach i rentach z Funduszu Ubezpieczeń Społecznych" xAddress="Dz. U. z 1998 r. Nr 162, poz. 1118">art. 110 i art. 111 ustawy o emeryturach i rentach z Funduszu Ubezpieczeń Społecznych</xLexLink>.</xText>
          <xText>Ponieważ wysokość kwoty bazowej przyjętej do wyliczania wysokości emerytury odwołującej została już prawomocnie rozstrzygnięta w sprawie IIIU 302/09, Sąd nie może ponownie badać tej kwestii. Jak jednak Sąd już zauważył we wcześniejszej części uzasadnienia, kwotę bazową przyjętą przez ZUS uznaje za prawidłową biorąc pod uwagę także treść <xLexLink xArt="art. 15" xIsapId="WDU19981621118" xTitle="Ustawa z dnia 17 grudnia 1998 r. o emeryturach i rentach z Funduszu Ubezpieczeń Społecznych" xAddress="Dz. U. z 1998 r. Nr 162, poz. 1118">art. 15 ustawy o emeryturach i rentach z Funduszu ubezpieczeń Społecznych</xLexLink>. Odwołująca cały czas pobiera emeryturę wcześniejszą, przyznaną jej decyzją z dnia 17.12.1990r., dlatego nie ma podstaw do przyjmowania kwot bazowych obowiązujących w późniejszych latach, zwłaszcza, iż w okresie pobierania emerytury już nie pracowała.</xText>
          <xText>Nadto zauważyć należy, iż wniosek pełnomocnika odwołującej zmierzał do zobowiązania biegłej, aby wskazała prawidłową wysokość kwoty bazowej a tak sformułowana teza dowodowa wkracza już w zakres rozstrzygnięcia przewidziany tylko dla Sądu, gdyż zmierza do dokonania wyboru kwoty bazowej z konkretnej daty. Nie ma natomiast potrzeby wyliczania wysokości kwoty bazowej, ponieważ jej wysokość określają stosowne przepisy.</xText>
          
          <xText>Z opinii biegłej <xAnon>H. G.</xAnon> wynika, iż przy przyjęciu uwzględnionych przez Sąd zarobków z okresu październik-grudzień 1958r. emerytura odwołującej nie będzie większa, gdyż rok 1958 nie jest przyjęty przy wyliczeniu <xAnon> (...)</xAnon> z 20 lat (1959-1978) wynoszącego 96,02%.</xText>
          
          <xText>Aby ocenić, czy decyzja z 10.03.2012r. jest prawidłowa, Sąd faktycznie musiał zbadać, czy ZUS przyjął najkorzystniejszy <xAnon> (...)</xAnon> i w oparciu o w/w opinię biegłej <xAnon>H. G.</xAnon> stwierdził również, że nie było podstaw do przyjmowania innego <xAnon> (...)</xAnon>, bowiem przyjęty <xAnon> (...)</xAnon> jest prawidłowy. Faktycznie więc Sąd pośrednio musiał wypowiedzieć się, czy w sprawie były podstawy do przeliczania emerytury odwołującej się, a więc zbadać kwestie podnoszone w decyzji z 20.04.2012r. – jednak tylko na potrzeby odwołania od decyzji z 10.03.2012r.</xText>
          
          <xText>Ponieważ odwołanie od decyzji odmawiającej przeliczenia emerytury, z dnia 20.04.2012r., było spóźnione, Sąd na podstawie <xLexLink xArt="art. 477(9);art. 477(9) § 3" xIsapId="WDU19640430296" xTitle="Ustawa z dnia 17 listopada 1964 r. - Kodeks postępowania cywilnego" xAddress="Dz. U. z 1964 r. Nr 43, poz. 296">art. 477<xSUPx>9</xSUPx> § 3 kpc</xLexLink> odrzucił to odwołanie.</xText>
          
          <xText>Na marginesie należy zauważyć, iż na ostatniej rozprawie w mowie końcowej pełnomocnik <xAnon>H. Ś. (1)</xAnon> początkowo wskazywał, że odwołanie dotyczy tylko decyzji odmawiającej przeliczenia emerytury, a dopiero na pytanie Sądu oświadczył, że dotyczy również decyzji z dnia 10.03.2012r. (vide protokół w formie elektronicznej).</xText>
          
          <xText>Biorąc pod uwagę całość zebranego w sprawie materiału dowodowego i opinię biegłej <xAnon>H. G.</xAnon> Sąd uznał, że ponieważ wysokość emerytury na dzień 29.02.2012r. jest wyliczona przez ZUS prawidłowo, również prawidłowa jest decyzja waloryzacyjna z dnia 10.03.2012r. Przyjęcie dodatkowych zarobków <xAnon>H. Ś. (1)</xAnon> z okresu październik-grudzień 1958r. faktycznie nie wpłynie na zwiększenie kwoty wypłacanej jej emerytury, ustalonej na 29.02.2012r., dlatego odwołanie od decyzji z dnia 10.03.2012r. zostało oddalone.</xText>
          
          <xText>Z tych względów w oparciu o <xLexLink xArt="art. 477(14);art. 477(14) § 1" xIsapId="WDU19640430296" xTitle="Ustawa z dnia 17 listopada 1964 r. - Kodeks postępowania cywilnego" xAddress="Dz. U. z 1964 r. Nr 43, poz. 296">art. 477<xSUPx>14</xSUPx> § 1 kpc</xLexLink> orzeczono jak w sentencji.</xText>
        </xUnit>
      </xBlock>
    </xPart>
  </judgement>
<judgement id="150515000000503_I_C_000433_2013_Uz_2013-09-30_001">
    <xPart xEditorFullName="Natalia Anielska" xYear="2013" xLang="PL" xPublisherFullName="Martyna Pankowska" xFromPg="1" xEditor="natalia.anielska@olsztyn.so.gov.pl" xVolType="15/051500/0000503/C" xPublisher="martyna.pankowska@olsztyn.so.gov.pl" xDocType="Uz" xVolNmbr="000433" xVersion="1.0" xToPage="13" xFlag="published">
      <xName>Wyrok</xName>
      <xBlock>
        <xText>Sygn. akt: I C 433/13</xText>
        
        <xUnit xIsTitle="true" xBold="true" xType="part">
          <xName>WYROK</xName>
          <xTitle>W IMIENIU RZECZYPOSPOLITEJ POLSKIEJ</xTitle>
          <xText xALIGNx="right">      Dnia 4 września 2013 r.</xText>
          
          <xText>Sąd Okręgowy w Olsztynie I Wydział Cywilny</xText>
          <xText>w składzie następującym:</xText>
          <xRows>
            <xCOLGROUPx>
              <xCOLx xWIDTHx="270"/>
              <xCOLx xWIDTHx="441"/>
            </xCOLGROUPx>
            <xRow>
              <xClmn xALIGNx="left" xVALIGNx="top">
                <xText xALIGNx="right"> Przewodniczący:</xText>
              </xClmn>
              <xClmn xALIGNx="left" xVALIGNx="top">
                <xText>SSO Wojciech Wacław</xText>
              </xClmn>
            </xRow>
            <xRow>
              <xClmn xALIGNx="left" xVALIGNx="top">
                <xText xALIGNx="right">Protokolant:</xText>
              </xClmn>
              <xClmn xALIGNx="left" xVALIGNx="top">
                <xText>sekr. sądowy Agnieszka Lankowska</xText>
              </xClmn>
            </xRow>
          </xRows>
          
          <xText>po rozpoznaniu w dniu 28 sierpnia 2013 r. w Olsztynie</xText>
          <xText>sprawy z powództwa <xAnon>P. N.</xAnon></xText>
          <xText>przeciwko <xAnon> Towarzystwu (...) SA</xAnon> w <xAnon>W.</xAnon></xText>
          <xText>o zapłatę</xText>
          
          <xText>I zasądza od pozwanego <xAnon> Towarzystwa (...) SA</xAnon> w <xAnon>W.</xAnon> na rzecz powoda <xAnon>P. N.</xAnon> kwotę 75 000,- zł (siedemdziesiąt pięć tysięcy ) wraz z ustawowymi odsetkami od dnia 3 sierpnia 2012 r.;</xText>
          
          <xText>II w pozostałej części oddala powództwo</xText>
          
          <xText>III zasądza od pozwanego <xAnon> Towarzystwa (...) SA</xAnon> w <xAnon>W.</xAnon> na rzecz powoda <xAnon>P. N.</xAnon> kwotę 2713,- zł tytułem zwrotu kosztów procesu ;</xText>
          
          <xText>IV nakazuje ściągnąć od pozwanego na rzecz Skarbu Państwa (Sąd Okręgowy w Olsztynie) kwotę: 3750,- tytułem częściowej opłaty od pozwu, nadto 798,- zł tytułem wyłożonych wydatków.</xText>
          
          <xText>V nie obciąża powoda kosztami sądowymi na rzecz Skarbu Państwa</xText>
          
          <xText>I C 433/13 Uzasadnienie</xText>
          
          <xText>Powód <xAnon>P. N.</xAnon> wniósł o zasądzenie na jego rzecz kwoty 75 000,- zł tytułem zadośćuczynienia za doznaną krzywdę z <xLexLink xArt="art. 445" xIsapId="WDU19640160093" xTitle="Ustawa z dnia 23 kwietnia 1964 r. - Kodeks cywilny" xAddress="Dz. U. z 1964 r. Nr 16, poz. 93">art. 445 kc</xLexLink> wraz z ustawowymi odsetkami od dnia doręczenia pozwanemu odpisu pozwu., nadto o ustalenie , iż pozwany ponosi odpowiedzialność za dalsze mogące wystąpić w przyszłości skutki wypadku</xText>
          <xText>W uzasadnieniu swego żądania powód wskazał , iż w dniu 18 kwietnia 2011 r. był poszkodowany w wypadku samochodowym , którego sprawca <xAnon>J. P.</xAnon> miał wykupioną polisę OC u pozwanej <xAnon> (...) SA</xAnon> w <xAnon>W.</xAnon>.</xText>
          <xText>W wyniku wypadku powód doznał obrażeń i przebywał w jednostkach lecznictwa szczegółowo opisanych w pozwie, w okresach również tam wymienionych .</xText>
          <xText>Całokształt negatywnych skutków wypadku, w tym rzutujących na stan zdrowia oraz codzienne życie powoda ( również w sferze psychicznej) uzasadnia wysokość żądanego zadośćuczynienia.</xText>
          <xText>Żądanie ustalenia uzasadnione jest niemożliwością definitywnego przesądzenia o rozmiarach szkody , bowiem leczenie i rehabilitacja powoda trwa w dalszym ciągu na chwilę wniesienia powództwa.</xText>
          <xText>Pozwany <xAnon> (...) SA</xAnon> w <xAnon>W.</xAnon> wniosło o odrzucenie pozwu z uwagi na brak zdolności sądowej jednostki wskazanej w pozwie albowiem regionalna jednostka w <xAnon>G.</xAnon> wskazana w pozwie jako jednostka organizacyjna Spółki Akcyjnej nie posiada odrębnej podmiotowości procesowej.</xText>
          <xText>Wniosku tego (o odrzucenie pozwu ) Sąd nie uwzględnił, mając na uwadze , iż dodatkowe wskazanie podanej w pozwie jednostki stanowi co najwyżej doprecyzowanie pozwu w zakresie tego oddziału pozwanego, z którego działaniem lub zaniechaniem wiąże się dochodzone pozwem żądanie, dając temu wyraz w dalszym procedowaniu w sprawie.</xText>
          <xText>Podejmując dalej merytoryczną obronę w sprawie pozwany podniósł, iż generalnie żądane zadośćuczynienie, zważywszy na kryteria ustalania jego wysokości oraz dotychczasową linię orzeczniczą Sądu Najwyższego oraz sądów powszechnych jest wygórowane, wobec czego wypłacona dotychczas powodowi kwota jest odpowiednią w rozumieniu <xLexLink xArt="art. 445" xIsapId="WDU19640160093" xTitle="Ustawa z dnia 23 kwietnia 1964 r. - Kodeks cywilny" xAddress="Dz. U. z 1964 r. Nr 16, poz. 93">art. 445 kc.</xLexLink></xText>
          <xText>Jeśli chodzi o żądane ustalenie odpowiedzialności w ocenie pozwanego aktualne brzmienie przepisu <xLexLink xArt="art. 442(1);art. 442(1) § 3" xIsapId="WDU19640160093" xTitle="Ustawa z dnia 23 kwietnia 1964 r. - Kodeks cywilny" xAddress="Dz. U. z 1964 r. Nr 16, poz. 93">art. 442(1) §3 kc</xLexLink> w sposób wystarczający zabezpiecza uprawnienie powoda do dochodzenia przyszłych dodatkowych roszczeń, co wyłącza interes prawny po stronie powoda. (k. 42-46)</xText>
          <xText>Pismem z dnia 12 czerwca 2013 r. powód rozszerzył żądanie pieniężne do kwoty 100 000,- zł. (k. 142).</xText>
          <xText>Ostatecznie w miejsce pozwanego wstąpiła <xAnon>W.</xAnon><xAnon> (...)</xAnon> w <xAnon>W.</xAnon> jako sukcesor pierwotni pozwanego podmiotu.</xText>
          
          <xText xALIGNx="center">
            <xBx>Sąd ustalił, co następuje:</xBx>
          </xText>
          <xText>W dniu 18 kwietnia 2011 r. w miejscowości <xAnon>K.</xAnon> doszło do wypadku komunikacyjnego, w którym poszkodowany został powód <xAnon>P. N.</xAnon>. Sprawcą wypadku był <xAnon>J. P.</xAnon>, który kierował pojazdem ubezpieczonym w pozwanym towarzystwie.</xText>
          <xText>
            <xIx>(ok. bezsporne; kopia wyroku – k. 9)</xIx>
          </xText>
          <xText>Z miejsca zdarzenia powód został przewieziony na Oddziału Urazowo – Ortopedycznego <xAnon> Szpitala (...)</xAnon> w <xAnon>O.</xAnon> , gdzie przebywał do 4 maja 2011 r. z rozpoznaniem: złamania kręgów C1-C2, złamania trójkostnego podudzia prawego, złamania nasady bliższej piszczeli lewej oraz urazu głowy.</xText>
          <xText>W dniu 21 kwietnia 2011 r. powód przeszedł zabieg operacyjny stabilizacji potyliczno szyjnej systemem Globus, otwartego nastawienia i zespolenia kostki przyśrodkowej prawego stawu skokowego śrubą kostkową i drutem <xAnon>K.</xAnon>.</xText>
          <xText>Ponadto dokonano unieruchomienia gipsowego na 6 tygodni i założono kołnierz na okres 1 miesiąca.</xText>
          <xText>Wtedy też zdiagnozowano złamanie przynasady bliższej lewej kości piszczelowej oraz złamania dwukostkowego podudzia prawego.</xText>
          <xText>Od dnia 5 maja do 8 czerwca 2011 r. powód przebywał na Oddziale Chirurgicznym <xAnon> Szpitala (...)</xAnon> w <xAnon>M.</xAnon>, gdzie prócz leczenia zachowawczego rozpoczął rehabilitację.</xText>
          <xText>Od 7 lipca d 11 sierpnia 2011 r. powód przebywał w <xAnon> Wojewódzkim Szpitalu (...)</xAnon> w <xAnon>G.</xAnon>, zaś od 21 października do 10 listopada 2011 r. w <xAnon> Sanatorium (...)</xAnon> w <xAnon>A.</xAnon>.</xText>
          <xText>W dniu 1 grudnia 2011 r. powód przeszedł operację usunięcia zespolenia i <xAnon> Szpitalu (...)</xAnon> w <xAnon>M.</xAnon> i w dniu 2 grudnia 2011 . został wypisany do domu.</xText>
          <xText>W dniu 28 grudnia 2011 r. powodowi operacyjnie usunięto stabilizator protex.</xText>
          <xText>(okol. bezsporne, dokumentacja medyczna z k12-31, 82-91)</xText>
          <xText>W wyniku wypadku powód został uznany za niezdolnego do samodzielnej egzystencji z datą zdarzenia (bezsporne k. 32-33).</xText>
          <xText>Jednocześnie został zaliczony do znacznego stopnia niepełnosprawności, przy czym niesprawność jako taka datuje się od dzieciństwa, zaś ustalona o stopniu znacznym od dnia wypadku.</xText>
          <xText>W chwili obecnej powód w zakresie możliwości zatrudnienia ma wskazanie zakładu pracy chronionej. (dow. kopia orzeczenia z k. 63)</xText>
          <xText>Uszczerbek na zdrowiu powoda związany z ortopedycznymi obrażeniami doznanymi w wyniku wypadku wyniósł 55 %.</xText>
          <xText>Powoduje to na chwilę obecną upośledzenie funkcji lokomocyjnych, znaczenie upośledzenie ruchomości kręgosłupa szyjnego, wiązało sę też ze znacznymi dolegliwościami bólowymi.</xText>
          <xText>Obecnie dolegliwości te nie wymagają interwencji specjalistycznych, choć sam proces leczenia nie zakończył się., bowiem planowane są zabiegi operacyjne oraz wymagane jest kontynuowanie leczenia usprawniającego ukierunkowane na poprawę motoryki i wydolności chodu. (dow. opinia biegłego <xAnon>S. D.</xAnon> –k. 94).</xText>
          <xText>Wskutek wypadku powód psychiatrycznie nie doznał trwałego uszczerbku na zdrowiu, natomiast doznał uszczerbku długotrwałego w rozmiarze 10 %.</xText>
          <xText>Wywołane to jest epizodem depresyjnym , który rzutuje i zmniejsza aktywność życiową sprzed wypadku.</xText>
          <xText>Fakt nieukończenia procesu lecenia w tej płaszczyźnie związany jest częściowo z brakiem podjęcia leczenia antydepresyjnego.</xText>
          <xText>Jednocześnie powód nie doznał uszkodzeń i zmian organicznych w Centralnym Układzie Nerwowym.</xText>
          <xText>(dow. opinia biegłego <xAnon>L. G.</xAnon> k. 118-121)</xText>
          <xText>Przed wypadkiem powód nie był osobą w pełni sprawną, bowiem miał przyznany umiarkowany stopień niepełnosprawności. Mieszkał i nadal mieszka z matką.</xText>
          <xText>Niepełnosprawność związana była dziecięcym porażeniem mózgowym.</xText>
          <xText>Na rok przed wypadem zatrudniony był w ramach programu zatrudniania osób niepełnosprawnych w jednostkach samorządowych.</xText>
          <xText>W tym to czasie miał problemy z poruszaniem się , co było związane z częściowym, spastycznym niedowładem kończyn dolnych .</xText>
          <xText>Pomimo tego był osoba aktywną o tyle, iż uprawiał żeglarstwo , uprawiał też turystykę motocyklową.</xText>
          <xText>Obecnie po wypadku w razie potrzeby potrafi i może nadal prowadzić samochód.</xText>
          <xText>Z uwagi na ograniczoną ruchomość kręgosłupa ma trudności z higieną osobistą.</xText>
          <xText>Może jeździć trójkołowym rowerem, przedtem prowadził samodzielnie jacht, obecnie pływa jedynie w charakterze załoganta.</xText>
          <xText>(dow. zeznania powoda w char. strony k. 192).</xText>
          <xText>Pozwany tytułem zadośćuczynienia wypłacił powodowi już 22 tys. zł (ok. bezsporna).</xText>
          
          <xText>Sąd zważył co następuje:</xText>
          <xText>Żądanie powoda zasługiwało na uwzględnienie w znacznej jego części.</xText>
          <xText>Na wstępie wskazać należy, że podstawę prawną roszczenia o uzupełnienie zadośćuczynienia powoda stanowią przepisy <xLexLink xArt="art. 445;art. 445 § 1" xIsapId="WDU19640160093" xTitle="Ustawa z dnia 23 kwietnia 1964 r. - Kodeks cywilny" xAddress="Dz. U. z 1964 r. Nr 16, poz. 93">art. 445 § 1 kc</xLexLink> oraz <xLexLink xArt="art. 805" xIsapId="WDU19640160093" xTitle="Ustawa z dnia 23 kwietnia 1964 r. - Kodeks cywilny" xAddress="Dz. U. z 1964 r. Nr 16, poz. 93">art. 805 kc</xLexLink> Pozwany przy tym nie kwestionował podstawy swej odpowiedzialności, czyli faktu zawarcia przez poprzednika prawnego pozwanego ze sprawcą przedmiotowego wypadku komunikacyjnego umowy ubezpieczenia odpowiedzialności cywilnej i ostatecznie zasady swej odpowiedzialności płynącej z zawartej umowy.</xText>
          <xText>Bezsporne między stronami pozostawały również okoliczności związane ze zgłoszeniem szkody przez powoda oraz wysokością kwot wypłaconych powodowi w toku postępowania likwidacyjnego tytułem zadośćuczynienia za doznaną krzywdę.</xText>
          <xText>Co prawda pozwany nie kwestionował zasady samego zadośćuczynienia, jednakże wnosząc o oddalenie dochodzonego roszczenia o jego uzupełnienie , kwestionował tym samym wysokość łącznego żądania twierdząc, że wypłacona powodowi kwota zadośćuczynienia w wysokości 22.000 zł jest w pełni adekwatna do rozmiaru krzywd jakich doznał on w wyniku przedmiotowego wypadku, przy uwzględnieniu stanu zdrowia powoda sprzed wypadku oraz rozmiaru doznanej przezeń krzywdy.</xText>
          <xText>W ocenie Sądu w tym zakresie ostateczne stanowisko pozwanego w nieznacznej jedynie części znajduje potwierdzenie w zebranym w sprawie materiale dowodowym, w szczególności w odniesieniu do elementu wpływu stanu zdrowia powoda sprzed wypadku na wysokość przyznanego zadośćuczynienia.</xText>
          <xText>W myśl <xLexLink xArt="art. 445;art. 445 § 1" xIsapId="WDU19640160093" xTitle="Ustawa z dnia 23 kwietnia 1964 r. - Kodeks cywilny" xAddress="Dz. U. z 1964 r. Nr 16, poz. 93">art. 445 § 1 kc</xLexLink> w wypadku uszkodzenia ciała lub rozstroju zdrowia sąd może przyznać poszkodowanemu odpowiednią sumę pieniężną tytułem zadośćuczynienia pieniężnego za doznaną krzywdę, przy czym suma pieniężna stanowić ma ekwiwalent szkody niemajątkowej. Ekwiwalent ten z założenia ma charakter ocenny, w jego ramach bowiem wynagrodzeniu podlegają cierpienia, zarówno fizyczne jak i psychiczne, trwałe i przemijające.</xText>
          <xText>Zgodnie z utrwalonym już stanowiskiem Sądu Najwyższego, przy ocenie wysokości zadośćuczynienia należy uwzględnić przede wszystkim nasilenie cierpień, długotrwałość choroby, rozmiar kalectwa, trwałość następstw zdarzenia oraz konsekwencje uszczerbku na zdrowiu w życiu osobistym i społecznym (tak Sąd Najwyższy m. in. w wyroku z dnia 10 czerwca 1999 r., UKN 681/98, OSNAP 2000/16/626 oraz w wyroku z dnia 24 października 1968r., I CR 383/68, LEX nr 6407).</xText>
          
          <xText>Analizując zebrany w niniejszej sprawie materiał dowodowy należało dojść do przekonania, iż w zasadzie wszystkie przywołane wyżej kryteria oceny rozmiaru krzywdy, rozpatrywane w kontekście skali negatywnych dla powoda następstw wypadku mogą przemawiać za tym , by wysokość zadośćuczynienia plasowała się wyższych granicach kwot, które winny być brane pod uwagę w tego rodzaju wypadkach.</xText>
          <xText>Niewątpliwie w niniejszej sprawie spośród okoliczności mających wpływ na wysokość zadośćuczynienia wymienić należy stopień uszczerbku, rozległość trwałych skutków i całokształt cierpień fizycznych jakich doznał powód, które to z całą pewnością ocenić można jako znaczne , co szerszego uzasadnienia nie wymaga.</xText>
          <xText>Dość jedynie wskazać, iż powód został przebył szereg operacji , opisanych już wcześniej, przy czym operacje te wiązały się z wprowadzaniem ciał obcych do ciała, koniecznych dla dodatkowej stabilizacji miejsc podlegających bezpośrednio operacjom.</xText>
          <xText>Również powód przebywał w kilku jednostkach lecznictwa, co niewątpliwie potęgowało skalę cierpień i uciążliwości związanych z procesem leczenia.</xText>
          <xText>Jednocześnie nie sposób tu nie pominąć trwałych skutków jakie wywarł na obecnym życiu powoda przebyty wypadek.</xText>
          <xText>Dla określenia rozmiaru krzywdy doznanej przez powoda w tej płaszczyźnie koniecznym stało się też ustalenie rozmiaru doznanych przez niego obrażeń ciała i trwałych bądź nietrwałych powyższego następstw, które niewątpliwie na rozmiar doznanej krzywdy wpływ wywierają.</xText>
          <xText>W tym celu Sąd dopuścił dowód z opinii biegłych lekarzy z zakresu ortopedii i .psychiatrii</xText>
          <xText>Wszystkie opinie złożone w niniejszej sprawie przez biegłych lekarzy stanowią w pełni miarodajne źródło wiedzy nie tylko co do stopnia i trwałości uszczerbku na zdrowiu powoda związane z wypadkiem lecz również co do wpływu na czynności życia codziennego u powoda jako jasne, rzetelne i nie budzące wątpliwości.</xText>
          <xText>Do tych opinii zastrzeżenia nie zostały w zakreślonym terminie złożone , co w zasadzie winno zamykać procesowo kwestię ustalenia skali uszczerbku związanego z wypadkiem.</xText>
          <xText>Co prawda po rozszerzeniu powództwa przez powoda do kwoty 100 000,- zł pozwany złożył wniosek o opinię uzupełniającą, jednakże w tym zakresie wniosek podlegał oddaleniu z niezależnych od siebie przyczyn.</xText>
          <xText>W pierwszej bowiem kolejności należy zauważyć , iż jest to wniosek spóźniony i jako taki w ocenie Sądu spowodowałby przewleczenie postępowania, spóźnienie zaś nie było uzasadnione wyjątkowymi okolicznościami.</xText>
          <xText>W szczególności okolicznością tą nie jest rozszerzenie powództwa jako takie, skoro powód nie przytoczył nowych faktów , (prócz kontynuowanego leczenia) które miałyby stanowić okoliczności nie zawarte w opinii , a wymagające opinii uzupełniającej w kierunku podanym przez pozwanego</xText>
          <xText>Przeciwnie , pozwanemu stan zdrowia powoda sprzed wypadku był znany , co wynika z pism powoda w toku postępowania likwidacyjnego.</xText>
          <xText>Po wtóre, samej opinii nie sposób uznać za niejasną , skoro biegli w sposób jednoznaczny i nie budzący wątpliwości wskazali , iż ustalony uszczerbek jest ściśle i nierozerwalnie związany z wypadkiem , co wynika wprost z treści opinii.</xText>
          <xText>Stąd też stan zdrowia sprzed wypadku jakkolwiek będzie miał wpływ na ustalenie wysokości krzywdy, nie pociągał za sobą obiektywnie konieczności dodatkowej opinii biegłego.</xText>
          <xText>Ustalony bowiem uszczerbek w łącznym rozmiarze 65 % wiąże się właśnie z wypadkiem.</xText>
          <xText>W rezultacie przyjąć należało, że całokształt skutków jak również cierpień i niedogodności związanych z leczeniem został ponad wszelką wątpliwość ustalony, co jawi się zrozumiałym, zważywszy na wnioski końcowe wszystkich wydanych w sprawie opinii, również na oczywiste fakty, które wynikają choćby z zeznań przesłuchanego w sprawie powoda, a także dołączonej do sprawy niekwestionowanej dokumentacji medycznej.</xText>
          <xText>Powód bowiem w swych zeznaniach wskazał jakich czynności wykonywać, bądź sportów i zajęć uprawiać nie może , co znajduje pełne odzwierciedlenie w złożonych w sprawie opiniach.</xText>
          <xText>Warto jedynie dodatkowo wskazać, że skala rozmiaru ustalonego uszczerbku , choć oczywiście nieprzekładalna wprost na wysokość zadośćuczynienia, niewątpliwie pośrednio musi rzutować na ocenę wysokości wyjściowo ustalanej kwoty zadośćuczynienia.</xText>
          <xText>Z drugiej jednakże strony i dla pewnej równowagi , stwierdzić należy ,iż istnieją okoliczności, które musza siłą rzecz rzutować na odpowiednie zmiarkowanie przyznanej kwoty zadośćuczynienia.</xText>
          <xText>Tak też wskazać należy , iż powód w chwili zdarzenia nie był osobą bardzo młodą i wyjątkowo aktywną zawodowo, bowiem w chwili wypadku nie świadczył stałej i wysokopłatnej pracy.</xText>
          <xText>Jak wynika z jego zeznań przed wypadkiem (choć nie bezpośrednio przed nim) był czasowo zatrudniony w ramach prac oferowanych osobom niepełnosprawnym, nie wymagających wyjątkowej wiedzy specjalistycznej i doświadczenia.</xText>
          <xText>Takie też zasadniczo jak się wydaje prace w chwili obecnej może (choć w sposób ograniczony ) wykonywać, co wynika z orzeczenia o niepełnosprawności (w zakładach pracy chronionej) .</xText>
          <xText>Nie sposób zatem uznać , by skutki wypadku w sposób wyjątkowo dotkliwy pozbawiły go lub ograniczyły jego perspektywy życiowe oraz widoki na przyszłość, w szczególności jeśli chodzi o aktywne życie zawodowe. (niejednokrotnie w orzecznictwie podkreślano, iż to młody wiek i utracona niemożność prowadzenia aktywnego trybu życia jest tym elementem , który wpływa dodatnio na wysokość zasądzanego zadośćuczynienia).</xText>
          <xText>Istotnym też elementem , który nakazuje odpowiednio kwotę zadośćuczynienia zmiarkować jest sygnalizowany wcześniej i niesporny pomiędzy stronami stan zdrowia powoda sprzed wypadku.</xText>
          <xText>Jakkolwiek bowiem wskazać należy , iż zadośćuczynienie żadną miarą nie jest wynikiem stosowania jakichkolwiek stawek i wskaźników które miałyby stanowić składową dla wyliczenia przysługującego poszkodowanemu zadośćuczynienia , podobnie jak nie sposób z punktu widzenia zasad miarkowania zadośćuczynienia ustalać „efektywnego” uszczerbku jako arytmetycznej różnicy uszczerbku sprzed i po wypadku , jednakże nie ulega wątpliwości, iż istniejąca przed wypadkiem niepełnosprawność siłą rzeczy musi wpływać na miarę efektywnej, spowodowanej wypadkiem krzywdy, skoro niewątpliwie określone możliwości np. w zakresie realizacji planów życiowych , w tym zawodowych były już przed wypadkiem ograniczone, podobnie jak nie były nieograniczone w przypadku powoda możliwości spędzania wolnego czasu , uprawiania sportów czy szerzej różnych rodzajów hobby , co szerszego uzasadnienia nie wymaga i poparte jest nie tylko treścią zeznań powoda, lecz również treścią pisma samego powoda z k. 6 akt szkodowych, gdzie powód wprost wzmiankuje o swojej drugiej grupie inwalidzkiej sprzed wypadku jak też jedynie o „zwiększeniu poziomu swej niepełnosprawności”</xText>
          <xText>Stąd należy uznać , iż jakkolwiek Sąd uznał za zbyteczne dopuszczanie dowodu z opinii biegłego na okoliczność uszczerbku sprzed wypadku , skoro po pierwsze ustalony uszczerbek dotyczył wyłącznie skutków wypadku, co zostało wyraźnie w opiniach wskazane , po wtóre stan zdrowia sprzed wypadku został uwzględniony w stanie faktycznym niniejszej sprawy jako wpływający „odpowiednio” na wysokość przyznanego zadośćuczynienia.</xText>
          <xText>Biorąc pod uwagę powyższe rozważania Sąd uznał, że kwotą zadośćuczynienia wyjściową odpowiednią dla powoda w realiach niniejszej sprawy byłaby w kwota 97 000,- zł jako ta która stanowiła punkt wyjścia przy sformułowaniu żądania w jego pierwotnej wersji , przez rozszerzeniem.</xText>
          <xText>W ocenie Sądu kwota ta w pełni odzwierciedla wskazane wcześniej kryteria <xLexLink xArt="art. 445" xIsapId="WDU19640160093" xTitle="Ustawa z dnia 23 kwietnia 1964 r. - Kodeks cywilny" xAddress="Dz. U. z 1964 r. Nr 16, poz. 93">art. 445 kc</xLexLink> i jest do nich w pełni przystawalna, zważywszy na niematerialne skutki wypadku jakh powód doznał i nie może ona być wyjściowo uznana za wygórowaną.</xText>
          <xText>Zauważyć zresztą należy , iż powód pozwem krzywdę tę ocenił w pełni racjonalnie i w sposób niewygórowany , natomiast jak się wydaje w istocie rozszerzenie żądania jest wynikiem oceny uszczerbku na zdrowiu , która to obiektywnie sama przez się rozmiaru cierpień i krzywdy nie powiększyła , co najwyżej była wyrazem odmiennej oceny czy fachowego i specjalistycznego sklasyfikowania obrażeń - co należy podkreślić- jedynie w kategoriach stypologizowanych i ujętych w ramy normatywne kategorii obrażeń i przypisanych im normatywnie uszczerbków, które to jednak mają co najmniej luźny związek z ostateczną oceną skali krzywdy i wynikłej stąd wysokości przysługującego zadośćuczynienia.</xText>
          <xText>Mając powyższe na względzie, a także bezsporny fakt, iż pozwany wypłacił powodowi kwotę 22 000,- zł z mocy powołanych wcześniej przepisów Sąd orzekł jak w pkt. I wyroku, w pozostałej części oddalając powództwo.</xText>
          <xText>Co do żądania ustalenia odpowiedzialności - Sąd podzielił w pełni stanowisko pozwanego dotyczące fatycznego braku interesu w tym zakresie.</xText>
          <xText>Podkreślenia dodatkowego jedynie wymaga, iż jak wynika z samej treści pozwu sprawca wypadku został prawomocnie skazany, co odpowiednio wydłuża termin przedawnienia , zaś w istocie to właśnie obawa przedawnienia stanowi jak się wydaje podstawę wskazywanego interesu , przy konsekwentnym niekwestionowaniu zasady swej odpowiedzialności przez pozwanego w toku niniejszego postępowania.</xText>
          <xText>Powód zresztą do argumentacji zawartej w tej mierze w odpowiedzi na pozew w ogóle się nie odniósł, co winno zamykać potrzebę dodatkowego uzasadnienia dla wzmiankowanego braku interesu.</xText>
          
          <xText>O kosztach procesu orzeczono po myśli <xLexLink xArt="art. 100" xIsapId="WDU19640430296" xTitle="Ustawa z dnia 17 listopada 1964 r. - Kodeks postępowania cywilnego" xAddress="Dz. U. z 1964 r. Nr 43, poz. 296">art. 100 k.p.c.</xLexLink> mając na uwadze częściowe uwzględnienie żądań pozwu przy uznaniu, iż pozwany uległ żądaniu w ¾, zaś strony poniosły jedynie koszty wynagrodzenia profesjonalnych pełnomocników reprezentujących ich w postępowaniu.</xText>
        </xUnit>
      </xBlock>
    </xPart>
  </judgement>
<judgement id="150515000003506_VII_Ka_000694_2013_Uz_2013-09-04_003">
    <xPart xEditorFullName="Rafał Banaszewski" xYear="2013" xLang="PL" xPublisherFullName="Wioletta Suraj" xFromPg="1" xEditor="rafal.banaszewski@olsztyn.so.gov.pl" xVolType="15/051500/0003506/Ka" xPublisher="wioletta.suraj@olsztyn.so.gov.pl" xDocType="Uz" xVolNmbr="000694" xVersion="1.0" xToPage="5" xFlag="published">
      <xName>Wyrok+Uzasadnienie</xName>
      <xBlock>
        <xText>Sygn. akt VII Ka 694/13</xText>
        
        <xUnit xIsTitle="true" xType="part" xBold="true">
          <xName>WYROK</xName>
          <xTitle>W IMIENIU RZECZYPOSPOLITEJ POLSKIEJ</xTitle>
          <xText xALIGNx="right">Dnia 4 września 2013 r.</xText>
          
          <xText>Sąd Okręgowy w Olsztynie w VII Wydziale Karnym Odwoławczym</xText>
          <xText>w składzie:</xText>
          
          <xText>Przewodniczący:  SSO Remigiusz Chmielewski</xText>
          <xText>Sędziowie  SO Małgorzata Tomkiewicz (spr.)</xText>
          <xText>SO Dariusz Firkowski</xText>
          
          <xText>Protokolant  sekr.sądowy Elżbieta Łotowska</xText>
          
          <xText>przy udziale Prokuratora Prokuratury Okręgowej Małgorzaty Stypułkowskiej</xText>
          <xText>po rozpoznaniu w dniu 4 września 2013r.</xText>
          <xText>sprawy skazanego <xBx><xAnon>T. S. (1)</xAnon></xBx></xText>
          <xText>o wydanie wyroku łącznego w sprawach: 1) SR Biskupiec Roki Sądowe Mrągowo II K 103/09/R, 2) SR Biskupiec II K 236/01, 3) SR Biskupiec II K 391/02, 4) SR Biskupiec II K 183/07, 5) SR Biskupiec II K 498/07, 6) SR Biskupiec II K 397/07, 7) SR Biskupiec II K 93/10, 8) SR Biskupiec II K 222/10, 9) SR Biskupiec II K 506/10.</xText>
          <xText>na skutek apelacji wniesionej przez prokuratora i obrońcę</xText>
          <xText>od wyroku Sądu Rejonowego w Mrągowie VI Zamiejscowego Wydziału Karnego z/s w Biskupcu</xText>
          <xText>z dnia 15 maja 2013r. sygn. akt VI K 214/13</xText>
          
          <xUnit xIsTitle="false" xType="none">
            <xName xSffx=".">I</xName>
            <xText>zaskarżony wyrok uchyla i przekazuje sprawę Sądowi Rejonowemu w Mrągowie VI Zamiejscowemu Wydziałowi Karnemu z/s w Biskupcu do ponownego jej rozpoznania;</xText>
          </xUnit>
          <xUnit xIsTitle="false" xType="none">
            <xName xSffx=".">II</xName>
            <xText>zasądza od Skarbu Państwa na rzecz <xAnon>adw. K. S.</xAnon> kwotę 120 zł. tytułem opłaty za obronę urzędu wykonywaną w postępowaniu odwoławczym oraz 27,60zł. tytułem podatku VAT od tej nalezności.</xText>
          </xUnit>
        </xUnit>
        <xUnit xIsTitle="true" xType="part" xBold="true">
          <xName>UZASADNIENIE</xName>
          <xText>
            <xBx>
              <xIx>
                <xUx>
                  <xAnon>T. S. (1)</xAnon>
                </xUx>
              </xIx>
            </xBx>
            <xIx> został skazany prawomocnymi wyrokami:</xIx>
          </xText>
          <xUnit xIsTitle="false" xType="none">
            <xName xSffx=".">I</xName>
            <xText>
              <xIx>Sądu Rejonowego w Biskupcu Roki Sądowe w Mrągowie z dnia 28 kwietnia 1999 r. w sprawie II K 103/09/R, </xIx>
            </xText>
          </xUnit>
          <xUnit xIsTitle="false" xType="none">
            <xName xSffx=".">II</xName>
            <xText>
              <xIx>Sądu Rejonowego w Biskupcu z dnia 28 czerwca 2001 r. w sprawie II K 236/01  </xIx>
            </xText>
          </xUnit>
          <xUnit xIsTitle="false" xType="none">
            <xName xSffx=".">III</xName>
            <xText>
              <xIx>Sądu Rejonowego w Biskupcu z dnia 29 grudnia 2004 r. w sprawie II K 391/02  </xIx>
            </xText>
          </xUnit>
          <xUnit xIsTitle="false" xType="none">
            <xName xSffx=".">IV</xName>
            <xText>
              <xIx>Sądu Rejonowego w Biskupcu z dnia 5 lipca 2007 r. w sprawie II K 183/07  </xIx>
            </xText>
          </xUnit>
          <xUnit xIsTitle="false" xType="none">
            <xName xSffx=".">V</xName>
            <xText>
              <xIx>Sądu Rejonowego w Biskupcu z dnia 25 lutego 2008 r. w sprawie II K 498/07  </xIx>
            </xText>
          </xUnit>
          <xUnit xIsTitle="false" xType="none">
            <xName xSffx=".">VI</xName>
            <xText>
              <xIx>Sądu Rejonowego w Biskupcu z dnia 5 marca 2008 r. w sprawie II K 397/07  </xIx>
            </xText>
          </xUnit>
          <xUnit xIsTitle="false" xType="none">
            <xName xSffx=".">VII</xName>
            <xText>
              <xIx>Sądu Rejonowego w Biskupcu z dnia 27 października 2010 r. w sprawie II K 93/10  </xIx>
            </xText>
          </xUnit>
          <xUnit xIsTitle="false" xType="none">
            <xName xSffx=".">VIII</xName>
            <xText>
              <xIx>Sądu Rejonowego w Biskupcu z dnia 21 września 2010 r. w sprawie II K 222/10  </xIx>
            </xText>
          </xUnit>
          <xUnit xIsTitle="false" xType="none">
            <xName xSffx=".">IX</xName>
            <xText>
              <xIx>Sądu Rejonowego w Biskupcu z dnia 9 lutego 2011 r. w sprawie II K 506/10 zmienionego wyrokiem Sądu Okręgowego w Olsztynie z dnia 5 lipca 2011 r. sygn. VII Ka 468/11.  </xIx>
            </xText>
          </xUnit>
          <xText>
            <xBx>
              <xIx>
                <xUx>Sąd Rejonowy w Mrągowie w VI Zamiejscowym Wydziale Karnym z siedzibą w Biskupcu,</xUx>
              </xIx>
            </xBx>
            <xIx>wyrokiem z dnia 15 maja 2013 roku, w sprawie o sygn. akt VI K 214/13 orzekł:</xIx>
          </xText>
          <xText>
            <xIx>I. rozwiązał karę łączną orzeczoną w pkt II wyroku Sądu Rejonowego w Biskupcu z dnia 5 marca 2008 roku w sprawie II K 397/07,</xIx>
          </xText>
          <xText>
            <xIx>II. na podstawie <xLexLink xArt="art. 569;art. 569 § 1" xIsapId="WDU19970890555" xTitle="Ustawa z dnia 6 czerwca 1997 r. - Kodeks postępowania karnego" xAddress="Dz. U. z 1997 r. Nr 89, poz. 555">art. 569 § 1 k.p.k.</xLexLink> w zw. z <xLexLink xArt="art. 85" xIsapId="WDU19970880553" xTitle="Ustawa z dnia 6 czerwca 1997 r. - Kodeks karny" xAddress="Dz. U. z 1997 r. Nr 88, poz. 553">art. 85 k.k.</xLexLink>, <xLexLink xArt="art. 86;art. 86 § 1" xIsapId="WDU19970880553" xTitle="Ustawa z dnia 6 czerwca 1997 r. - Kodeks karny" xAddress="Dz. U. z 1997 r. Nr 88, poz. 553">art. 86 § 1 k.k.</xLexLink>, <xLexLink xArt="art. 87" xIsapId="WDU19970880553" xTitle="Ustawa z dnia 6 czerwca 1997 r. - Kodeks karny" xAddress="Dz. U. z 1997 r. Nr 88, poz. 553">art. 87 k.k.</xLexLink> połączył karę 1 roku pozbawienia wolności orzeczoną wyrokiem Sądu Rejonowego w Biskupcu w sprawie II K 397/07 i karę 6 miesięcy ograniczenia wolności orzeczoną wyrokiem Sądu Rejonowego w Biskupcu w sprawie II K 183/07 i wymierzył skazanemu <xAnon>T. S. (1)</xAnon> karę łączną 1 roku pozbawienia wolności, </xIx>
          </xText>
          <xText>
            <xIx>III. na podstawie <xLexLink xArt="art. 577" xIsapId="WDU19970890555" xTitle="Ustawa z dnia 6 czerwca 1997 r. - Kodeks postępowania karnego" xAddress="Dz. U. z 1997 r. Nr 89, poz. 555">art. 577 k.p.k.</xLexLink> na poczet orzeczonej łącznej kary pozbawienia wolności zaliczył skazanemu okres kary ograniczenia wolności wykonanej w całości w sprawie II K 183/07 i uznał, iż stanowi ona 3 (trzy) miesiące pozbawienia wolności,</xIx>
          </xText>
          <xText>
            <xIx>IV. na podstawie <xLexLink xArt="art. 572" xIsapId="WDU19970890555" xTitle="Ustawa z dnia 6 czerwca 1997 r. - Kodeks postępowania karnego" xAddress="Dz. U. z 1997 r. Nr 89, poz. 555">art. 572 k.p.k.</xLexLink> postępowanie w pozostałej części umorzył,</xIx>
          </xText>
          <xText>
            <xIx>V. zasądził od Skarbu Państwa na rzecz adw. <xAnon>K. S.</xAnon> kwotę 120 (sto dwadzieścia złotych) tytułem obrony wykonywanej z urzędu oraz kwotę 27,60 zł tytułem podatku VAT od wynagrodzenia za wykonywana obronę z urzędu;</xIx>
          </xText>
          <xText>
            <xIx>VI. na podstawie <xLexLink xArt="art. 624;art. 624 § 1" xIsapId="WDU19970890555" xTitle="Ustawa z dnia 6 czerwca 1997 r. - Kodeks postępowania karnego" xAddress="Dz. U. z 1997 r. Nr 89, poz. 555">art. 624 § 1 k.p.k.</xLexLink> zwolnił skazanego od kosztów sądowych.</xIx>
          </xText>
          <xText>
            <xBx>
              <xIx>
                <xUx>Od powyższego wyroku apelacje wnieśli Prokurator Rejonowy w Biskupcu oraz obrońca</xUx>
              </xIx>
            </xBx>
            <xIx>z urzędu skazanego <xAnon>T. S. (1)</xAnon>.</xIx>
          </xText>
          <xText>
            <xIx><xUx>Prokurator</xUx>
          zaskarżył przedmiotowy wyrok na korzyść <xAnon>T. S. (1)</xAnon> w części dotyczącej orzeczenia o karze łącznej.</xIx>
          </xText>
          <xText>
            <xIx>Wyrokowi temu skarżący na podstawie <xLexLink xArt="art. 427;art. 427 § 2" xIsapId="WDU19970890555" xTitle="Ustawa z dnia 6 czerwca 1997 r. - Kodeks postępowania karnego" xAddress="Dz. U. z 1997 r. Nr 89, poz. 555">art. 427 § 2 k.p.k.</xLexLink> i <xLexLink xArt="art. 438;art. 438 pkt. 1" xIsapId="WDU19970890555" xTitle="Ustawa z dnia 6 czerwca 1997 r. - Kodeks postępowania karnego" xAddress="Dz. U. z 1997 r. Nr 89, poz. 555">art. 438 pkt 1 k.p.k.</xLexLink> zarzucił obrazę przepisów prawa materialnego, tj. <xLexLink xArt="art. 85" xIsapId="WDU19970880553" xTitle="Ustawa z dnia 6 czerwca 1997 r. - Kodeks karny" xAddress="Dz. U. z 1997 r. Nr 88, poz. 553">art. 85 k.k.</xLexLink> oraz <xLexLink xArt="art. 86;art. 86 § 1;art. 86 § 2" xIsapId="WDU19970880553" xTitle="Ustawa z dnia 6 czerwca 1997 r. - Kodeks karny" xAddress="Dz. U. z 1997 r. Nr 88, poz. 553">art. 86  § 1 i 2 k.k.</xLexLink> poprzez nie orzeczenie kary łącznej w sytuacji, gdy czyny ze spraw II K 498/07 i II K 397/07 (czyn drugi) oraz ze spraw II K 93/10 i II K 506/10 tworzą zbiegi realne i orzeczone tymi wyrokami kary podlegają łączeniu na mocy powołanego przepisu – <xLexLink xArt="art. 85" xIsapId="WDU19970880553" xTitle="Ustawa z dnia 6 czerwca 1997 r. - Kodeks karny" xAddress="Dz. U. z 1997 r. Nr 88, poz. 553">art. 85 k.k.</xLexLink></xIx>
          </xText>
          <xText>
            <xIx>Podnosząc powyższy zarzut oskarżyciel publiczny wniósł o uchylenie zaskarżonego wyroku i przekazanie sprawy Sądowi Rejonowemu do ponownego rozpoznania.</xIx>
          </xText>
          <xText>
            <xIx><xUx> Obrońca skazanego </xUx>zaskarżył przedmiotowy wyrok w całości na korzyść <xAnon>T. S. (1)</xAnon>.</xIx>
          </xText>
          <xText>
            <xIx>Wyrokowi temu skarżący w oparciu o <xLexLink xArt="art. 427;art. 427 § 2" xIsapId="WDU19970890555" xTitle="Ustawa z dnia 6 czerwca 1997 r. - Kodeks postępowania karnego" xAddress="Dz. U. z 1997 r. Nr 89, poz. 555">art. 427 § 2 k.p.k.</xLexLink> i <xLexLink xArt="art. 438;art. 438 pkt. 1;art. 438 pkt. 2" xIsapId="WDU19970890555" xTitle="Ustawa z dnia 6 czerwca 1997 r. - Kodeks postępowania karnego" xAddress="Dz. U. z 1997 r. Nr 89, poz. 555">art. 438 pkt 1 i 2 k.p.k.</xLexLink> zarzucił:</xIx>
          </xText>
          <xText>
            <xIx>- obrazę przepisów prawa materialnego, a mianowicie <xLexLink xArt="art. 85" xIsapId="WDU19970880553" xTitle="Ustawa z dnia 6 czerwca 1997 r. - Kodeks karny" xAddress="Dz. U. z 1997 r. Nr 88, poz. 553">art. 85 k.k.</xLexLink> oraz <xLexLink xArt="art. 86;art. 86 § 1;art. 86 § 2" xIsapId="WDU19970880553" xTitle="Ustawa z dnia 6 czerwca 1997 r. - Kodeks karny" xAddress="Dz. U. z 1997 r. Nr 88, poz. 553">art. 86  § 1 i 2 k.k.</xLexLink> poprzez nie orzeczenie kary łącznej w sytuacji, gdy czyny ze spraw Sądu Rejonowego w Biskupcu o sygn. II K 397/07 i II K 498/07 oraz ze spraw II K 506/10 i II K 93/10 tworzą zbiegi realne i orzeczone tymi wyrokami kary podlegają łączeniu na mocy <xLexLink xArt="art. 85" xIsapId="WDU19970880553" xTitle="Ustawa z dnia 6 czerwca 1997 r. - Kodeks karny" xAddress="Dz. U. z 1997 r. Nr 88, poz. 553">art. 85 k.k.</xLexLink></xIx>
          </xText>
          <xText>
            <xIx>- obrazę przepisów postępowania, która miała wpływ na treść orzeczenia – <xLexLink xArt="art. 69" xIsapId="WDU19970880553" xTitle="Ustawa z dnia 6 czerwca 1997 r. - Kodeks karny" xAddress="Dz. U. z 1997 r. Nr 88, poz. 553">art. 69 k.k.</xLexLink> poprzez uznanie, iż wobec skazanego  <xAnon>T. S. (1)</xAnon> brak jest podstaw do przyjęcia pozytywnej prognozy kryminologicznej w sytuacji, gdy analiza całokształtu sprawy prowadzi do przeciwnego wniosku </xIx>
          </xText>
          <xText>
            <xIx>Podnosząc powyższy zarzut wniósł o uchylenie zaskarżonego wyroku i przekazanie sprawy Sądowi Rejonowemu w Mrągowie VI Zamiejscowy Wydział Karny z siedzibą w Biskupcu do ponownego rozpoznania.</xIx>
          </xText>
          
          <xText>
            <xBx>
              <xIx> Sąd Okręgowy zważył, co następuje : </xIx>
            </xBx>
          </xText>
          
          <xText>
            <xIx>Obie apelacje zasługują na uwzględnienie w zakresie, w jakim wskazują na konieczność uchylenia przedmiotowej sprawy i przekazania jej Sądowi Rejonowemu do ponownego rozpoznania.</xIx>
          </xText>
          <xText>
            <xIx> Pomimo ponownego przeprowadzenia postępowania w przedmiocie wydania wyroku łącznego dokonana przez Sąd I-szej instancji analiza przesłanek określonych w <xLexLink xArt="art. 85" xIsapId="WDU19970880553" xTitle="Ustawa z dnia 6 czerwca 1997 r. - Kodeks karny" xAddress="Dz. U. z 1997 r. Nr 88, poz. 553">art. 85 kk</xLexLink> po raz wtóry nie jest pełna, co czyni wydane orzeczenie wadliwym. O ile bowiem tym razem Sąd Rejonowy rozważał możliwość orzeczenia kary łącznej obejmującej jednostkowe kary pozbawienia wolności orzeczone z warunkowym zawieszeniem ich wykonania oraz w wymiarze bezwzględnym : w sprawie IIK 397/07 i IIK 498/07 a także IIK 222/10 i II 93/10), o tyle w sposób niepełny ustalił ilość realnych zbiegów przestępstw, które w niniejszej sprawie zachodzą. Uwadze Sądu Rejonowego umknął fakt, iż realny zbieg przestępstw zachodzi również w przypadku czynów określonych w sprawie IIK 93/10 i IIK 506/10. Skoro bowiem wyrok w sprawie IIK 93/10 wydany został </xIx>
            <xBx>
              <xIx>27.10.2010r</xIx>
            </xBx>
            <xIx>. zaś czyn objęty wyrokiem w sprawie IIK 506/10 miał miejsce w okresie od </xIx>
            <xBx>
              <xIx>28.05.2008r. do 4.10.2010r</xIx>
            </xBx>
            <xIx>., to tym samym stwierdzić należy, iż czyn określony w sprawie IIK 506/10 popełniony został przed wydaniem wyroku w sprawie IIK 93/10 a zatem również w tej konfiguracji zachodzą przesłanki realnego zbiegu przestępstw, o którym mowa w <xLexLink xArt="art. 85" xIsapId="WDU19970880553" xTitle="Ustawa z dnia 6 czerwca 1997 r. - Kodeks karny" xAddress="Dz. U. z 1997 r. Nr 88, poz. 553">art. 85 kk</xLexLink>. Ten wariant połączenia kar nie był przedmiotem analizy Sądu Rejonowego i do tej kwestii Sąd nie odniósł się w pisemnych motywach wyroku. Taki stan rzeczy uniemożliwia- jak słusznie podniósł to prokurator- weryfikację w postępowaniu odwoławczym przyczyn, które legły u podstaw nieobjęcia wskazanego zbiegu przestępstw wyrokiem łącznym. </xIx>
          </xText>
          <xText>
            <xIx>Mając zatem powyższe na uwadze, zaskarżony wyrok należało uchylić a sprawę tę przekazać Sądowi Rejonowemu do ponownego jej rozpoznania (<xLexLink xArt="art. 437" xIsapId="WDU19970890555" xTitle="Ustawa z dnia 6 czerwca 1997 r. - Kodeks postępowania karnego" xAddress="Dz. U. z 1997 r. Nr 89, poz. 555">art. 437</xLexLink> &amp; 1 <xLexLink xArt="" xIsapId="WDU19970890555" xTitle="Ustawa z dnia 6 czerwca 1997 r. - Kodeks postępowania karnego" xAddress="Dz. U. z 1997 r. Nr 89, poz. 555">kpk</xLexLink> ). Przy powtórnym rozpoznaniu sprawy Sąd I-szej instancji winien ponownie przeanalizować przesłanki kary łącznej w odniesieniu do przestępstw za któe <xAnon>T. S. (1)</xAnon>został skazany.</xIx>
          </xText>
          <xText>
            <xIx> O wynagrodzeniu za obronę z urzędu wykonywaną w postępowaniu odwoławczym orzeczono na podstawie <xLexLink xArt="art. 29;art. 29 ust. 1" xIsapId="WDU19820160124" xTitle="Ustawa z dnia 26 maja 1982 r. - Prawo o adwokaturze" xAddress="Dz. U. z 1982 r. Nr 16, poz. 124">art. 29 ust.1 ustawy Prawo o adwokaturze</xLexLink>. </xIx>
          </xText>
        </xUnit>
      </xBlock>
    </xPart>
  </judgement>
<judgement id="153500000001521_III_AUa_001478_2012_Uz_2013-02-19_001">
    <xPart xEditorFullName="Beata Tonak" xYear="2012" xLang="PL" xPublisherFullName="Danuta Stachowiak" xFromPg="1" xEditor="btonak" xVolType="15/350000/0001521/AUa" xPublisher="dstachowiak" xDocType="Uz" xVolNmbr="001478" xVersion="1.0" xToPage="1" xFlag="published">
      <xName>Wyrok+Uzasadnienie</xName>
      <xBlock>
        <xText>Sygn. akt III AUa 1478/12</xText>
        
        <xUnit xIsTitle="true" xBold="true" xType="part">
          <xName>WYROK</xName>
          <xTitle>W IMIENIU RZECZYPOSPOLITEJ POLSKIEJ</xTitle>
          <xText xALIGNx="right">Dnia 19 lutego 2013 r.</xText>
          
          <xText>
            <xBx>Sąd Apelacyjny w Poznaniu, III Wydział Pracy i Ubezpieczeń Społecznych</xBx>
          </xText>
          <xText>w składzie:</xText>
          <xRows>
            <xCOLGROUPx>
              <xCOLx xWIDTHx="219"/>
              <xCOLx xWIDTHx="398"/>
            </xCOLGROUPx>
            <xRow>
              <xClmn xALIGNx="left" xVALIGNx="middle">
                <xText xALIGNx="right">Przewodniczący:</xText>
              </xClmn>
              <xClmn xALIGNx="left" xVALIGNx="middle">
                <xText>SSA Marta Sawińska (spr.)</xText>
              </xClmn>
            </xRow>
            <xRow>
              <xClmn xALIGNx="left" xVALIGNx="top">
                <xText xALIGNx="right">Sędziowie:</xText>
              </xClmn>
              <xClmn xALIGNx="left" xVALIGNx="middle">
                <xText>SSA Iwona Niewiadowska-Patzer</xText>
                <xText>SSA Katarzyna Wołoszczak</xText>
              </xClmn>
            </xRow>
            <xRow>
              <xClmn xALIGNx="left" xVALIGNx="middle">
                <xText xALIGNx="right">Protokolant:</xText>
              </xClmn>
              <xClmn xALIGNx="left" xVALIGNx="middle">
                <xText>st.sekr.sądowy Emilia Wielgus</xText>
              </xClmn>
            </xRow>
          </xRows>
          
          <xText>po rozpoznaniu w dniu 19 lutego 2013 r. w Poznaniu</xText>
          <xText>sprawy ze skargi <xBx><xAnon>A. K.</xAnon></xBx></xText>
          <xText>przeciwko <xBx> Zakładowi Ubezpieczeń Społecznych Oddział w <xAnon>P.</xAnon></xBx></xText>
          <xText>o wznowienie postępowania sądowego zakończonego wyrokiem Sądu Apelacyjnego w Poznaniu z dnia 2 sierpnia 2012r. (III AUa 227/12)</xText>
          
          <xUnit xIsTitle="false" xType="none">
            <xName xSffx=".">1</xName>
            <xText>wznawia postępowanie sądowe zakończone wyrokiem Sądu Apelacyjnego w Poznaniu z dnia 2 sierpnia 2012r. w sprawie III AUa 227/12;</xText>
          </xUnit>
          <xUnit xIsTitle="false" xType="none">
            <xName xSffx=".">2</xName>
            <xText>zmienia wyrok Sądu Okręgowego w Poznaniu z dnia 20 grudnia 2011r. oraz poprzedzającą go decyzję i podejmuje wypłatę na rzecz odwołującej świadczenia emerytalnego począwszy od 1 października 2011r. przyznając ustawowe odsetki za okres od 6 stycznia 2013 do dnia zapłaty.</xText>
          </xUnit>
        </xUnit>
        <xUnit xIsTitle="true" xBold="true" xType="part">
          <xName>UZASADNIENIE</xName>
          <xText>Pismem z dnia 26 listopada 2012 r. <xAnon>A. K.</xAnon> wniosła skargę o wznowienie postępowania sądowego zakończonego wyrokiem Sądu Apelacyjnego w Poznaniu z dnia 2 sierpnia 2012 r., jako podstawę skargi wskazując <xLexLink xArt="art. 401(1)" xIsapId="WDU19640430296" xTitle="Ustawa z dnia 17 listopada 1964 r. - Kodeks postępowania cywilnego" xAddress="Dz. U. z 1964 r. Nr 43, poz. 296">art.401<xSUPx>(
      1)</xSUPx>k.p.c.</xLexLink> Domagała się uchylenia wskazanego wyroku w całości oraz zobowiązania pozwanego ZUS Oddział w <xAnon>P.</xAnon> do podjęcia wypłaty świadczenia emerytalnego od dnia 1 października 2011 r. wraz z odsetkami.</xText>
          
          <xText>
            <xUx>Sąd Apelacyjny ustalił następujący stan faktyczny bezsporny między stronami:</xUx>
          </xText>
          <xText>Decyzją z dnia 30 grudnia 2010 r. pozwany ZUS Oddział w <xAnon>P.</xAnon> wstrzymał od 1.10.2010 r. na rzecz odwołującej wypłatę świadczenia emerytalnego przyznanego decyzją z 13.12.2010 r. a to wobec nierozwiązania stosunku pracy .</xText>
          <xText>Od decyzji tej ubezpieczona odwołała się do Sądu Okręgowego Sądu Pracy i Ubezpieczeń Społecznych w Poznaniu. Wyrokiem z dnia 20 grudnia 2011 r. odwołanie oddalono.</xText>
          <xText>Apelację od powyższego rozstrzygnięcia wywiodła <xAnon>A. K.</xAnon> , w jej rozpoznaniu Sąd Apelacyjny w Poznaniu wyrokiem z dnia 2 sierpnia 2012 r. oddalił apelację.</xText>
          <xText>Sąd wskazywał na następującą argumentację prawną: zgodnie z <xLexLink xArt="art. 103 a" xIsapId="WDU19981621118" xTitle="Ustawa z dnia 17 grudnia 1998 r. o emeryturach i rentach z Funduszu Ubezpieczeń Społecznych" xAddress="Dz. U. z 1998 r. Nr 162, poz. 1118">art.103 a ustawy z dnia 17 grudnia 1998 r. o emeryturach i rentach z Funduszu Ubezpieczeń Społecznych</xLexLink> dodanym przez <xLexLink xArt="art. 6;art. 6 pkt. 2" xIsapId="WDU20102571726" xTitle="Ustawa z dnia 16 grudnia 2010 r. o zmianie ustawy o finansach publicznych oraz niektórych innych ustaw" xAddress="Dz. U. z 2010 r. Nr 257, poz. 1726">art.6 pkt 2 ustawy z dnia 16.12.2010 r. o zmianie ustawy o finansach publicznych oraz niektórych innych ustaw</xLexLink> (Dz.U. z 2010 r. Nr 257 poz.1726) z dniem 1 stycznia 2011 r. prawo do emerytury ulega zawieszeniu bez względu na wysokość przychodu uzyskiwanego przez emeryta z tytułu zatrudnienia kontynuowanego bez uprzedniego rozwiązania stosunku pracy z pracodawcą, na rzecz którego wykonywał je bezpośrednio przed dniem nabycia prawa do emerytury. Takie też warunki spełnione zostały wobec odwołującej.</xText>
          
          <xText>
            <xUx>Wniesiona skarga o wznowienie postępowania jest w pełni usprawiedliwiona :</xUx>
          </xText>
          <xText>Skarga <xAnon>A. K.</xAnon> oparta jest na dyspozycji <xLexLink xArt="art. 401(1)" xIsapId="WDU19640430296" xTitle="Ustawa z dnia 17 listopada 1964 r. - Kodeks postępowania cywilnego" xAddress="Dz. U. z 1964 r. Nr 43, poz. 296">art.401<xSUPx>1 </xSUPx>kodeksu postępowania cywilnego</xLexLink>.</xText>
          <xText>Zgodnie z brzmieniem powołanej normy orzeczenie Trybunału Konstytucyjnego o niezgodności z <xLexLink xArt="" xIsapId="WDU19970780483" xTitle="Konstytucja Rzeczypospolitej Polskiej z dnia 2 kwietnia 1997 r." xAddress="Dz. U. z 1997 r. Nr 78, poz. 483">Konstytucją</xLexLink>, umową międzynarodową lub ustawą aktu normatywnego, na podstawie którego zostało wydane prawomocne orzeczenie sądowe, ostateczna decyzja administracyjna lub rozstrzygnięcie w innych sprawach, stanowi podstawę do wznowienia postępowania, uchylenia decyzji lub innego rozstrzygnięcia na zasadach i w trybie określonych w przepisach właściwych dla danego postępowania.</xText>
          <xText><xLexLink xArt="art. 401(1)" xIsapId="WDU19970780483" xTitle="Konstytucja Rzeczypospolitej Polskiej z dnia 2 kwietnia 1997 r." xAddress="Dz. U. z 1997 r. Nr 78, poz. 483">Artykuł 401<xSUPx>1</xSUPx></xLexLink> ma więc zastosowanie do tych orzeczeń, dla których podstawą ich wydania był akt normatywny zakwestionowany przez Trybunał Konstytucyjny. W postanowieniu z dnia 20 czerwca 2007 r., V CNP 45/07 (Lex nr 347227) Sąd Najwyższy wyraził pogląd, że skutkiem wyroku Trybunału Konstytucyjnego, stwierdzającego niezgodność z <xLexLink xArt="" xIsapId="WDU19970780483" xTitle="Konstytucja Rzeczypospolitej Polskiej z dnia 2 kwietnia 1997 r." xAddress="Dz. U. z 1997 r. Nr 78, poz. 483">Konstytucją</xLexLink> nieobowiązującego już przepisu ustawy, jest umożliwienie wznowienia postępowań sądowych, w których taki przepis stanowił podstawę prawną rozstrzygnięcia. Co do zasady wznowienie na tej podstawie może dotyczyć tych orzeczeń, które uprawomocniły się przed datą opublikowania orzeczenia Trybunału Konstytucyjnego. Wskazuje na to brzmienie <xLexLink xArt="art. 407;art. 407 § 2" xIsapId="WDU19640430296" xTitle="Ustawa z dnia 17 listopada 1964 r. - Kodeks postępowania cywilnego" xAddress="Dz. U. z 1964 r. Nr 43, poz. 296">art. 407 § 2 k.p.c.</xLexLink></xText>
          <xText>Skarżąca powołuje orzeczenie Trybunału Konstytucyjnego z dnia z dnia 13 listopada 2012 r. K 2/12 , w którym rozstrzygnięto iż <xLexLink xArt="art. 28" xIsapId="WDU20102571726" xTitle="Ustawa z dnia 16 grudnia 2010 r. o zmianie ustawy o finansach publicznych oraz niektórych innych ustaw" xAddress="Dz. U. z 2010 r. Nr 257, poz. 1726">art. 28. ustawy z dnia 16 grudnia 2010 r. o zmianie ustawy o finansach publicznych oraz niektórych innych ustaw</xLexLink> (Dz. U. Nr 257, poz. 1726 oraz z 2011 r. Nr 291, poz. 1707) w związku z <xLexLink xArt="art. 103 a" xIsapId="WDU19981621118" xTitle="Ustawa z dnia 17 grudnia 1998 r. o emeryturach i rentach z Funduszu Ubezpieczeń Społecznych" xAddress="Dz. U. z 1998 r. Nr 162, poz. 1118">art. 103a ustawy z dnia 17 grudnia 1998 r. o emeryturach i rentach z Funduszu Ubezpieczeń Społecznych</xLexLink> (Dz. U. z 2009 r. Nr 153, poz. 1227, z 2010 r. Nr 40, poz. 224, Nr 134, poz. 903, Nr 205, poz. 1365, Nr 238, poz. 1578 i Nr 257, poz. 1726, z 2011 r. Nr 75, poz. 398, Nr 149, poz. 887, Nr 168, poz. 1001, Nr 187, poz. 1112 i Nr 205, poz. 1203 oraz z 2012 r. poz. 118 i 251), dodanym przez <xLexLink xArt="art. 6;art. 6 pkt. 2" xIsapId="WDU20102571726" xTitle="Ustawa z dnia 16 grudnia 2010 r. o zmianie ustawy o finansach publicznych oraz niektórych innych ustaw" xAddress="Dz. U. z 2010 r. Nr 257, poz. 1726">art. 6 pkt 2 ustawy z 16 grudnia 2010 r.</xLexLink>, w zakresie, w jakim znajduje zastosowanie do osób, które nabyły prawo do emerytury przed 1 stycznia 2011 r., bez konieczności rozwiązania stosunku pracy, jest niezgodny z zasadą ochrony zaufania obywatela do państwa i stanowionego przez nie prawa wynikającą z <xLexLink xArt="art. 2" xIsapId="WDU19970780483" xTitle="Konstytucja Rzeczypospolitej Polskiej z dnia 2 kwietnia 1997 r." xAddress="Dz. U. z 1997 r. Nr 78, poz. 483">art. 2 Konstytucji Rzeczypospolitej Polskiej</xLexLink>. (<xIx>Dz.U.2012/1285).</xIx></xText>
          <xText>Powołane orzeczenie wyczerpuje przesłanki dla wznowienia postępowania sądowego opisane w <xLexLink xArt="art. 401(1)" xIsapId="WDU19640430296" xTitle="Ustawa z dnia 17 listopada 1964 r. - Kodeks postępowania cywilnego" xAddress="Dz. U. z 1964 r. Nr 43, poz. 296">art.401<xSUPx>1</xSUPx>k.p.c.</xLexLink> Niewątpliwie zarówno decyzja pozwanego jak i orzeczenie Sądu I i II instancji oparte zostało na uregulowaniu art.103 a ustawy emerytalnej uznanym za sprzeczny z ustawą zasadniczą.</xText>
          <xText>Powyższe prowadzić musi do zmiany wyroku Sądu Okręgowego w Poznaniu z dnia 20 grudnia 2011 r. oraz poprzedzającej go decyzji pozwanego i w efekcie podjęcia wypłaty na rzecz odwołującej świadczenia emerytalnego od daty zawieszenia jego wypłaty to jest od 1 października 2011 r.</xText>
          <xText>Odnośnie żądania przyznania od pozwanego ustawowych odsetek zawartym w skardze Sąd Apelacyjny wskazuje, co następuje:</xText>
          <xText>Zgodnie z brzmieniem <xLexLink xArt="art. 85;art. 85 ust. 1" xIsapId="WDU19981370887" xTitle="Ustawa z dnia 13 października 1998 r. o systemie ubezpieczeń społecznych" xAddress="Dz. U. z 1998 r. Nr 137, poz. 887">art.85 ust.1 ustawy z dnia 13.10.1998 r. o systemie ubezpieczeń społecznych</xLexLink> jeżeli Zakład - w terminach przewidzianych w przepisach określających zasady przyznawania i wypłacania świadczeń pieniężnych z ubezpieczeń społecznych lub świadczeń zleconych do wypłaty na mocy odrębnych przepisów albo umów międzynarodowych - nie ustalił prawa do świadczenia lub nie wypłacił tego świadczenia, jest obowiązany do wypłaty odsetek od tego świadczenia w wysokości odsetek ustawowych określonych przepisami prawa cywilnego. <xUx>Nie dotyczy to przypadku, gdy opóźnienie w przyznaniu lub wypłaceniu świadczenia jest następstwem okoliczności, za które Zakład nie ponosi odpowiedzialności.</xUx></xText>
          <xText>W uznaniu sądu brzmienie tego przepisu, zwłaszcza ostatniego jego zdania prowadzić musi do wniosku, iż do daty publikacji orzeczenia Trybunału Konstytucyjnego (ta zaś nastąpiła w Dzienniku Ustaw z dnia 22 listopada 2012 r.) pozwany nie ponosi odpowiedzialności – ma bowiem miejsce stosowanie przez niego norm prawa obowiązującego porządku prawnego. Dopiero orzeczenie TK uznające daną normę za sprzeczną z ustawą zasadniczą winno wywołać odpowiednie działania ze strony pozwanego .</xText>
          <xText>Zgodnie z art.118 ust.1 ustawy emerytalnej organ rentowy wydaje decyzję w sprawie prawa do świadczenia lub ustalenia jego wysokości po raz pierwszy w ciągu 30 dni od wyjaśnienia ostatniej okoliczności niezbędnej do wydania tej decyzji. W myśl ust.5 wypłata świadczenia wynikająca z decyzji, o której mowa w ust. 4, następuje w najbliższym terminie płatności świadczenia albo w następnym terminie płatności, jeżeli okres między datą wyjaśnienia ostatniej okoliczności niezbędnej do wydania tej decyzji a najbliższym terminem płatności jest krótszy niż 30 dni.</xText>
          <xText>Z kolei zgodnie z treścią uregulowań <xLexLink xArt="§ 2" xIsapId="WDU19990120104" xTitle="Rozporządzenie Ministra Pracy i Polityki Socjalnej z dnia 1 lutego 1999 r. w sprawie szczegółowych zasad wypłacania odsetek za opóźnienie w ustaleniu lub wypłacie świadczeń z ubezpieczeń społecznych" xAddress="Dz. U. z 1999 r. Nr 12, poz. 104">§2 Rozporządzenia Ministra Pracy i Polityki Socjalnej z dnia 1 lutego 1999 r.</xLexLink> w sprawie szczegółowych zasad wypłacania odsetek za opóźnienie w ustaleniu lub wypłacie świadczeń z ubezpieczeń odsetki wypłaca się za okres od dnia następującego po upływie terminu na ustalenie prawa do świadczeń lub ich wypłaty, przewidzianego w przepisach określających zasady przyznawania i wypłacania świadczeń - do dnia wypłaty świadczeń, z uwzględnieniem <xLexLink xArt="§ 2 ust. 2;§ 2 ust. 3;§ 2 ust. 4;§ 2 ust. 5" xIsapId="WDU19990120104" xTitle="Rozporządzenie Ministra Pracy i Polityki Socjalnej z dnia 1 lutego 1999 r. w sprawie szczegółowych zasad wypłacania odsetek za opóźnienie w ustaleniu lub wypłacie świadczeń z ubezpieczeń społecznych" xAddress="Dz. U. z 1999 r. Nr 12, poz. 104">ust. 2-5</xLexLink>. Okres opóźnienia w ustaleniu prawa do świadczeń i ich wypłacie, dla których przepisy określające zasady ich przyznawania i wypłacania przewidują termin na wydanie decyzji, liczy się od dnia następującego po upływie terminu na wydanie decyzji. Okres opóźnienia w wypłaceniu świadczeń okresowych liczy się od dnia następującego po ustalonym terminie ich płatności.</xText>
          <xText>Przenosząc powyższe unormowania na grunt niniejszej sprawy uznać należy, iż 30-dniowy termin na wydanie decyzji rozpoczął swój bieg 23 listopada 2012 r. , zakończył w dniu 23 grudnia 2012 r., zaś najbliższy termin płatności po tej dacie przypadał na 5 stycznia 2013 r., toteż odsetki należne są od dnia następnego.</xText>
          
          <xText>Mając na uwadze całość zaprezentowanej argumentacji orzeczono jak w sentencji na podstawie <xLexLink xArt="art. 412;art. 412 § 1;art. 412 § 2" xIsapId="WDU19640430296" xTitle="Ustawa z dnia 17 listopada 1964 r. - Kodeks postępowania cywilnego" xAddress="Dz. U. z 1964 r. Nr 43, poz. 296">art.412 §1 i 2 k.p.c.</xLexLink> oraz <xLexLink xArt="art. 386;art. 386 § 1" xIsapId="WDU19640430296" xTitle="Ustawa z dnia 17 listopada 1964 r. - Kodeks postępowania cywilnego" xAddress="Dz. U. z 1964 r. Nr 43, poz. 296">art.386§ 1 k.p.c.</xLexLink></xText>
          
          <xText>SSA Katarzyna Wołoszczak SSA Marta Sawińska SSA Iwona Niewiadowska-Patzer</xText>
        </xUnit>
      </xBlock>
    </xPart>
  </judgement>
<judgement id="153500000001521_III_AUa_001093_2012_Uz_2013-02-19_001">
    <xPart xEditorFullName="Krystyna Kałużna" xYear="2012" xLang="PL" xPublisherFullName="Gabriela Taciak" xFromPg="1" xEditor="kkaluzna" xVolType="15/350000/0001521/AUa" xPublisher="gtaciak" xDocType="Uz" xVolNmbr="001093" xVersion="1.0" xToPage="1" xFlag="published">
      <xName>Wyrok+Uzasadnienie</xName>
      <xBlock>
        <xText>Sygn. akt III AUa 1093/12</xText>
        
        <xUnit xIsTitle="true" xBold="true" xType="part">
          <xName>WYROK</xName>
          <xTitle>W IMIENIU RZECZYPOSPOLITEJ POLSKIEJ</xTitle>
          <xText xALIGNx="right">Dnia 19 lutego 2013 r.</xText>
          
          <xText>
            <xBx>Sąd Apelacyjny w Poznaniu, III Wydział Pracy i Ubezpieczeń Społecznych</xBx>
          </xText>
          <xText>w składzie:</xText>
          <xRows>
            <xCOLGROUPx>
              <xCOLx xWIDTHx="219"/>
              <xCOLx xWIDTHx="398"/>
            </xCOLGROUPx>
            <xRow>
              <xClmn xALIGNx="left" xVALIGNx="middle">
                <xText xALIGNx="right">Przewodniczący:</xText>
              </xClmn>
              <xClmn xALIGNx="left" xVALIGNx="middle">
                <xText>SSA Hanna Hańczewska-Pawłowska</xText>
              </xClmn>
            </xRow>
            <xRow>
              <xClmn xALIGNx="left" xVALIGNx="top">
                <xText xALIGNx="right">Sędziowie:</xText>
              </xClmn>
              <xClmn xALIGNx="left" xVALIGNx="middle">
                <xText>SSA Katarzyna Wołoszczak</xText>
                <xText>SSA Marta Sawińska (spr.)</xText>
              </xClmn>
            </xRow>
            <xRow>
              <xClmn xALIGNx="left" xVALIGNx="middle">
                <xText xALIGNx="right">Protokolant:</xText>
              </xClmn>
              <xClmn xALIGNx="left" xVALIGNx="middle">
                <xText>st.sekr.sądowy Emilia Wielgus</xText>
              </xClmn>
            </xRow>
          </xRows>
          
          <xText>po rozpoznaniu w dniu 12 lutego 2013 r. w Poznaniu</xText>
          <xText>sprawy z wniosku <xBx><xAnon>J. L.</xAnon>, <xAnon>W. Ł.</xAnon>, <xAnon>M. M. (1)</xAnon>, <xAnon>L. P.</xAnon>, <xAnon>W. R.</xAnon>, <xAnon>Z. R.</xAnon>, </xBx></xText>
          <xText>
            <xBx><xAnon>M. S.</xAnon>, <xAnon>A. T.</xAnon>, <xAnon>K. Z.</xAnon>, <xAnon>L. S.</xAnon>, <xAnon>J. B. (1)</xAnon>, <xAnon>A. B.</xAnon>, <xAnon>M. B.</xAnon>, <xAnon>J. B. (2)</xAnon>, <xAnon>W. G.</xAnon>, <xAnon>J. G. (1)</xAnon>, <xAnon>P. B.</xAnon>, <xAnon>M. W.</xAnon>, <xAnon>D. W.</xAnon>, <xAnon>J. W.</xAnon>, <xAnon>J. J.</xAnon>, <xAnon>J. K. (1)</xAnon>, <xAnon>W. K.</xAnon>, <xAnon>S. K.</xAnon>, <xAnon>R. K.</xAnon>, <xAnon>A. K.</xAnon>, <xAnon>A. G.</xAnon>, <xAnon>J. G. (2)</xAnon>, <xAnon>K. J.</xAnon>, <xAnon>E. W.</xAnon>, </xBx>
          </xText>
          <xText>
            <xBx><xAnon> Zakładu (...)</xAnon><xAnon>B.</xAnon>&amp;<xAnon>K.</xAnon> i wspólnicy sp.j. w <xAnon>Ż.</xAnon></xBx>
          </xText>
          <xText>przeciwko <xBx> Zakładowi Ubezpieczeń Społecznych Oddział w <xAnon>Z.</xAnon></xBx></xText>
          <xText>o podstawę wymiaru składek</xText>
          <xText>na skutek apelacji pozwanego Zakładu Ubezpieczeń Społecznych Oddział w <xAnon>Z.</xAnon></xText>
          <xText>od wyroku Sądu Okręgowego - Sądu Pracy i Ubezpieczeń Społecznych w Zielonej Górze</xText>
          <xText>z dnia 29 czerwca 2012 r. sygn. akt IV U 4122/11</xText>
          
          <xText>uchyla zaskarżony wyrok i sprawę przekazuje Sądowi Okręgowemu – Sądowi Pracy i Ubezpieczeń Społecznych w Zielonej Górze do ponownego rozpoznania.</xText>
        </xUnit>
        <xUnit xIsTitle="true" xBold="true" xType="part">
          <xName>UZASADNIENIE</xName>
          <xText>Decyzjami z dnia 28 września 2011 r. pozwany Zakład Ubezpieczeń Społecznych Oddział w <xAnon>Z.</xAnon> stwierdził, że kwoty przychodów uzyskanych przez odwołujących <xAnon>J. B. (1)</xAnon>, <xAnon>A. B.</xAnon>, <xAnon>M. B.</xAnon>, <xAnon>J. B. (2)</xAnon>, <xAnon>P. B.</xAnon>, <xAnon>W. G.</xAnon>, <xAnon>J. G. (1)</xAnon>, <xAnon>A. G.</xAnon>, <xAnon>J. G. (2)</xAnon>, <xAnon>K. J.</xAnon>, <xAnon>J. J.</xAnon>, <xAnon>J. K. (1)</xAnon>, <xAnon>W. K.</xAnon>, <xAnon>S. K.</xAnon>, <xAnon>R. K.</xAnon>, <xAnon>A. K.</xAnon>, <xAnon>J. L.</xAnon>, <xAnon>W. Ł.</xAnon>, <xAnon>M. M. (1)</xAnon>, <xAnon>L. P.</xAnon>, <xAnon>W. R.</xAnon>, <xAnon>Z. R.</xAnon>, <xAnon>M. S.</xAnon>, <xAnon>A. T.</xAnon>, <xAnon>E. W.</xAnon>, <xAnon>M. W.</xAnon>, <xAnon>D. W.</xAnon>, <xAnon>J. W.</xAnon>, <xAnon>K. Z.</xAnon>, <xAnon>L. S.</xAnon> stanowią podstawę wymiaru składek na ubezpieczenia emerytalne i rentowe, chorobowe, wypadkowe i zdrowotne.</xText>
          <xText>Od decyzji powyższych do Sądu Okręgowego w Zielonej Górze odwołał się płatnik składek oraz odwołujący będący jego pracownikami, zarządzeniami z dnia 23.12.2011 połączono sprawy wszystkich odwołujących do wspólnego rozpoznania .</xText>
          <xText>Wyrokiem z dnia 29 czerwca 2012 r. zmieniono zaskarżone decyzje w ten sposób, iż stwierdzono, że wypłaty dokonane z Zakładowego Funduszu Świadczeń Socjalnych przez płatnika składek na rzecz odwołujących w wysokościach i za okresy wymienione szczegółowo w zaskarżonych decyzjach nie stanowią podstawy wymiaru składek na ubezpieczenia emerytalne i rentowe, chorobowe, wypadkowe i zdrowotne.</xText>
          
          <xText>
            <xUx>U podstaw powołanego rozstrzygnięcia legły następujące ustalenia faktyczne i rozważania prawne:</xUx>
          </xText>
          <xText>Płatnik składek <xAnon> Zakład (...)</xAnon> i wspólnicy spółka jawna w <xAnon>Ż.</xAnon> zatrudnia około 32 pracowników przy czym w sezonie zimowym liczba ta jest mniejsza. Firma zajmuje się zakładaniem instalacji wodnych i kanalizacyjnych.</xText>
          <xText>U płatnika w spornym okresie tworzony był Zakładowy Fundusz Świadczeń Socjalnych , obowiązywał regulamin gospodarowania jego środkami.</xText>
          <xText>W regulaminie tym przyjęto, że zasady przyznawania ulgowych usług i świadczeń oraz wysokość dopłat z funduszu uzależniona jest od sytuacji życiowej, rodzinnej i materialnej osoby uprawnionej do korzystania ze środków funduszu. Rozdziału środków dokonywać mają właściciele zakładu , środki niewykorzystane w danym roku przechodzą na rok następny. Zgodnie z rozdziałem IV regulaminu środki funduszu przeznaczane są min.na dopłatę do wczasów, sanatoriów, wycieczek krajowych i zagranicznych; dopłatę do kosztów obozów, kolonii i zimowisk dzieci pracowników; zakup biletów na imprezy sportowe i kulturalne organizowane przez zakład dla pracowników; indywidualną pomoc dla pracowników gdy ich sytuacja materialna będzie tego wymagała; zakup paczek lub talonów świątecznych dla pracowników; inne wydatki na cele socjalne w tym wypłaty z okazji Świąt Bożego Narodzenia (<xAnon> (...)</xAnon>) oraz Wielkanocy (<xAnon> (...)</xAnon>).</xText>
          <xText>W myśl zapisów rozdziału VII regulaminu osoba występująca o przyznanie świadczenia lub pomocy z funduszu winna złożyć podanie .</xText>
          <xText>Zgodnie z potrzebami zgłaszanymi przez pracowników do <xAnon>A. W.</xAnon> – pracownika administracyjno biurowego płatnika – pomoc z funduszu udzielana była dwa razy w roku przy okazji Świąt Bożego Narodzenia oraz Wielkanocy.</xText>
          <xText>Przyjęto w zakładzie zasadę, że wówczas w ramach wypłacanych świadczeń udzielano pracownikom ogólnej pomocy socjalnej według indywidualnych potrzeb każdego pracownika. Kwoty wypłat objęte zaskarżonymi decyzjami zawierały więc w sobie jednocześnie zapomogi, dofinansowanie do wypoczynku, wczasów i pomoc na święta.</xText>
          <xText>W ten sposób realizowano potrzeby socjalne pracowników zgłaszane w ciągu całego roku <xAnon>A. W.</xAnon>. Pracownicy wiedzieli o takim rozdziale środków i sami o to wnioskowali przy tworzeniu funduszu. Kwoty były wypłacane w zróżnicowanej wysokości.</xText>
          <xText>Podziałem środków zajmowała się w 90% <xAnon>A. W.</xAnon>, mająca największy kontakt z pracownikami. Pomagała ona im w sprawach prywatnych i urzędowych. Znała sytuację rodzinną wszystkich pracowników nawet sezonowych bowiem na bieżąco w rozmowach informowali oni ją o tym które dzieci idą do szkoły, rozpoczynają pracę, kto wyjeżdża do pracy za granicę, kto choruje. Mówili, że dziecko potrzebuje obuwia ortopedycznego, albo że brakuje 200 zł. na kolonię , podręczniki czy na wycieczkę szkolną. Aby pracownicy mogli skorzystać z pomocy <xAnon>A. W.</xAnon> w załatwieniu spraw urzędowych w poniedziałki rozpoczynała ona pracę o godzinie 6.00. a czwartki pozostawała w zakładzie do 17.00. o czym pracownicy wiedzieli. Pracownicy tak planowali swoje wydatki, że uwzględniali, iż przed świętami uzyskają pomoc w gotówce. Podziału środków z funduszu <xAnon>A. W.</xAnon> dokonywała w ten sposób, że przed świętami ustalała jaką kwotą dysponuje a następnie dzieliła środki uwzględniając sytuację życiową, rodzinną i finansową poszczególnych pracowników.</xText>
          <xText>Świadek wiedziała kto jest samotny, kto otrzymuje alimenty na dzieci, a kto alimenty takie płaci. Dokonywała podziału przyjmując minimalną kwotę pomocy a następnie oceniając sytuację rodzinną i majątkową pracownika dokładała odpowiednie środki np. w razie choroby żony, posiadania niepełnosprawnego dziecka , spłonięcia samochodu czy innego zdarzenia powodującego zwiększenie wydatków w rodzinie.</xText>
          <xText>Zdarzało się, że pracownik nie otrzymał pomocy jeśli dochód na członka rodziny był powyżej najniższej płacy chyba że pomoc uzasadniona była nadzwyczajną sytuacją ( choroba, śmierć matki lub ojca, przeprowadzka itp.). <xAnon>A. W.</xAnon> nie wymagała składania dodatkowo pisemnych podań o pomoc socjalną bowiem wystarczała jej ustna sygnalizacja problemów występujących u poszczególnych pracowników . Objęta decyzjami pomoc różniła się kwotowo, a pracownicy nigdy nie zgłaszali zastrzeżeń. Według takich zasad dokonywano wypłat z ZFŚS w latach 2009-2010.</xText>
          <xText>W tak ustalonym – na podstawie akt spraw, dokumentów kontroli ZUS, zeznań <xAnon>A. W.</xAnon> oraz <xAnon>J. K. (2)</xAnon> – stanie faktycznym Sąd I instancji uznał odwołania za uzasadnione.</xText>
          <xText>Sąd przywołał brzmienie <xLexLink xArt="§ 2;§ 2 ust. 1;§ 2 ust. 1 pkt. 19" xIsapId="WDU19981611106" xTitle="Rozporządzenie Ministra Pracy i Polityki Socjalnej z dnia 18 grudnia 1998 r. w sprawie szczegółowych zasad ustalania podstawy wymiaru składek na ubezpieczenia emerytalne i rentowe" xAddress="Dz. U. z 1998 r. Nr 161, poz. 1106">par2 ust.1 pkt 19 rozporządzenia Ministra Pracy i Polityki Socjalnej z dnia 18 grudnia 1998 r. w sprawie szczegółowych zasad ustalania podstawy wymiaru składek na ubezpieczenia emerytalne i rentowe</xLexLink> (Dz.U. 1998 nr 161 poz.1106) . Środki na cele socjalne definiować zdaniem sądu należy zgodnie z ustawą z dnia 4 marca 2004 r. o zakładowym funduszu świadczeń socjalnych (Dz.U. 1996, Nr 70 poz.3335), przepis art.8 ust.2 tej ustawy stanowi z kolei, że przyznawanie ulgowych usług i świadczeń oraz wysokość dopłat z Funduszu uzależnia się od sytuacji życiowej, rodzinnej i materialnej osoby uprawnionej do korzystania z Funduszu.</xText>
          <xText>Art.2 pkt 1 definiuje działalność socjalną jako usługi świadczone przez pracodawców na rzecz różnych form wypoczynku, działalności kulturalno-oświatowej, sportowo-rekreacyjnej, opieki nad dziećmi w żłobkach, klubach dziecięcych, przedszkolach oraz innych formach wychowania przedszkolnego, udzielanie pomocy materialnej - rzeczowej lub finansowej, a także zwrotnej lub bezzwrotnej pomocy na cele mieszkaniowe na warunkach określonych umową.</xText>
          <xText>Zdaniem sądu sporne kwoty wydatkowane zostały zgodnie z zapisami ustawy z 4 marca 2004 r. cytowanej wyżej oraz regulaminem obowiązującym u odwołującego .</xText>
          <xText>Pozwany – zdaniem sądu – nie przedstawił żadnego dowodu przeciwnego.</xText>
          <xText>Spełniona została także przesłanka źródła finansowania – płatnik gospodarował środkami pochodzącymi z funduszu socjalnego.</xText>
          <xText>Sporna pozostawała kwestia uzależnienia pomocy od sytuacji rodzinnej, życiowej i materialnej pracowników. Zdaniem sądu odwołujący wykazał, iż mimo braku oświadczeń pracowników o sytuacji rodzinnej i materialnej, ta była pracodawcy dobrze znana i to ona decydowała o wysokości przyznanego świadczenia socjalnego . Z literalnego brzmienia rozdziału VII regulaminu nie wynika że zakład pracy obligował pracowników kategorycznie do składania pisemnych podań o pomoc z funduszu . Skoro ukształtowała się w zakładzie praktyka ustnego występowania przez pracowników do <xAnon>A. W.</xAnon> czy właścicieli firmy z prośbami o pomoc socjalną i te potrzeby były brane pod uwagę przy rozdziale środków dwa razy w roku to warunki ustawy i regulaminu uznać należy zdaniem sądu za spełnione.</xText>
          <xText>Sąd za wiarygodne bo logiczne i zgodne z zasadami doświadczenia życiowego uznał argumenty <xAnon>A. W.</xAnon> iż pracownicy chcieli by pomoc komasować dwa razy w roku bo chodziło też o to by była ona w miarę znacząca. W regulaminie brak zapisu (podobnie jak w ustawie ) iż w razie niezłożenia wniosku nie można udzielić pomocy socjalnej. Sytuacja pracowników była weryfikowana w sposób opisany przez świadka i odwołującego a sposób taki jest prawnie dopuszczalny. Pomoc wypłacana była w różnych kwotach. <xAnon>A. W.</xAnon> przyznała, że miała największy kontakt z pracownikami , pomagała im w sprawach prywatnych i urzędowych. Znała sytuację rodzinną pracowników bo ci informowali ja na bieżąco o swych potrzebach i nadzwyczajnych zdarzeniach, dyżurowała w tym celu dwa razy w tygodniu. Świadek wiedziała ilu członków liczy każda rodzina, jaki jest dochód w zakładzie i czy współmałżonek lub konkubent mają jakieś dochody. Pomagała pracownikom w 99% w rozliczeniach podatkowych, pismach do pomocy społecznej. Wiedziała który z pracowników jest samotny, kto posiada obciążenia alimentacyjne. Podziału środków dokonywała w ten sposób, że ustalała minimalną kwotę pomocy a następnie oceniała sytuację majątkową i rodzinną każdego z pracowników i dokładała określone kwoty . Zawsze dzieliła znaną jej wysokość dochodu na członka rodziny pracownika , wymagane było także przepracowanie w zakładzie przynajmniej jednego miesiąca . Świadek zeznała także, iż taki model podziału środków był akceptowany przez załogę. Nie były wymagane dodatkowe pisemne oświadczenia gdyż ustne sygnalizacje problemów były wystarczające.</xText>
          <xText>Sąd dał wiarę wyjaśnieniom świadka albowiem brak było przeciwdowodu a nadto były one zgodne z zasadami logiki i doświadczenia życiowego. Podobne zeznania zaprezentował <xAnon>J. K. (2)</xAnon> .</xText>
          <xText>Sąd I instancji wskazywał, że wbrew zarzutom pozwanego brak jest podstaw by przyjmować jako jedyne prawidłowe kryterium rozdziału środków kryterium dochodu na 1 osobę w rodzinie – nie wynika to z przepisów prawa, a o ostatecznym sposobie rozdziału środków winni decydować sami zainteresowani . Niedopuszczalne jest zdaniem sądu doprecyzowywanie pojęć ustawowych w sposób jakiego domaga się organ rentowy w sytuacjach pozostawienia tych kwestii woli stron danego stosunku prawnego.</xText>
          <xText>Organ rentowy – w uznaniu sądu – nie wykazał, że sporne świadczenia nie miały charakteru socjalnego. Zostały wypłacone z właściwego funduszu, uzależnione były od sytuacji materialnej i życiowej pracowników znanej <xAnon>A. W.</xAnon> zajmującej się rozdziałem środków. Płatnik także wykazał że mimo braku pisemnych oświadczeń znana mu była sytuacja majątkowa i rodzinna całej załogi.</xText>
          <xText>Zdaniem sądu tak zastosowane kryterium spełnia wymóg kryterium socjalnego albowiem wysokość otrzymywanego wynagrodzenia oraz okoliczność czy pracownik ma jeszcze inne źródła dochodu wyznaczały jego sytuację majątkową. Przyznawana pomoc była zróżnicowana , a pracownicy uznawali podział środków za sprawiedliwy. Pozwany nie wykazał wbrew zasadzie dowodowej z <xLexLink xArt="art. 6" xIsapId="WDU19640160093" xTitle="Ustawa z dnia 23 kwietnia 1964 r. - Kodeks cywilny" xAddress="Dz. U. z 1964 r. Nr 16, poz. 93">art.6 k.c.</xLexLink> i <xLexLink xArt="art. 232" xIsapId="WDU19640430296" xTitle="Ustawa z dnia 17 listopada 1964 r. - Kodeks postępowania cywilnego" xAddress="Dz. U. z 1964 r. Nr 43, poz. 296">art.232 k.p.c.</xLexLink>, aby zastosowane przez płatnika kryteria przyznawania świadczeń socjalnych były niewłaściwe i nie odzwierciedlały rzeczywistej sytuacji materialnej pracowników. Pozwany nie pokusił się także o sprawdzenie czy rzeczywiście osoby które otrzymały pomoc nie mają uzasadnionej sytuacji materialnej a jedynie z góry założył, że tak nie jest. Pozwany nie wykazał także zdaniem sądu w jaki jeszcze dodatkowy sposób przedmiotowe świadczenie miałoby być zróżnicowane.</xText>
          <xText>Sąd wskazywał dodatkowo na brak podstaw działania z urzędu przy zasadzie równouprawnienia stron procesu kontradyktoryjnego.</xText>
          
          <xText>
            <xUx>Apelację od powołanego orzeczenia wywiódł pozwany organ rentowy, domagając się zmiany zaskarżonego wyroku i oddalenia odwołań, ewentualnie- uchylenia orzeczenia i przekazania sprawy Sądowi I instancji do ponownego rozpoznania.</xUx>
          </xText>
          
          <xText>Zarzuty apelacji objęły: naruszenie prawa materialnego to jest <xLexLink xArt="§ 2;§ 2 ust. 1;§ 2 ust. 1 pkt. 19" xIsapId="WDU19981611106" xTitle="Rozporządzenie Ministra Pracy i Polityki Socjalnej z dnia 18 grudnia 1998 r. w sprawie szczegółowych zasad ustalania podstawy wymiaru składek na ubezpieczenia emerytalne i rentowe" xAddress="Dz. U. z 1998 r. Nr 161, poz. 1106">§2 ust.1 pkt 19 rozporządzenia Ministra Pracy i Polityki Socjalnej z dnia 18 grudnia 1998 r. w sprawie szczegółowych zasad ustalania podstawy wymiaru składek na ubezpieczenia emerytalne i rentowe</xLexLink> (Dz.U. 1998 nr 161 poz.1106) w związku z <xLexLink xArt="art. 2;art. 2 pkt. 1;art. 8;art. 8 ust. 1;art. 8 ust. 2" xIsapId="WDU19940430163" xTitle="Ustawa z dnia 4 marca 1994 r. o zakładowym funduszu świadczeń socjalnych" xAddress="Dz. U. z 1994 r. Nr 43, poz. 163">art.2 pkt 1 i art.8 ust.1 i 2 ustawy z dnia 4 marca 1994 r. o zakładowym funduszu świadczeń socjalnych</xLexLink> (Dz.U. 1996 Nr 70 poz.335 ze zm.) poprzez błędną ich wykładnię a przez to przyjęcie, że wypłacone zatrudnionym pracownikom świadczenia mogą być traktowane jako działalność socjalna w rozumieniu ustawy a przez to nie podlegają oskładkowaniu; nadto - błędną ocenę zebranego w sprawie materiału dowodowego a przez to naruszenie zasad <xLexLink xArt="art. 233" xIsapId="WDU19640430296" xTitle="Ustawa z dnia 17 listopada 1964 r. - Kodeks postępowania cywilnego" xAddress="Dz. U. z 1964 r. Nr 43, poz. 296">art.233 k.p.c.</xLexLink></xText>
          
          <xText>
            <xUx>Odwołujący płatnik składek wniósł o oddalenie apelacji pozwanego organu rentowego.</xUx>
          </xText>
          
          <xText>
            <xBx>Sąd Apelacyjny zważył, co następuje:</xBx>
          </xText>
          <xText>Apelacja jest zasadna i prowadzić musi do uchylenia zaskarżonego wyroku oraz przekazania sprawy Sądowi I instancji do ponownego rozpoznania.</xText>
          <xText>W uznaniu Sądu Apelacyjnego w sprawie nie jest możliwe przeprowadzenie kontroli instancyjnej wobec braku niezbędnego dla merytorycznego rozstrzygnięcia postępowania dowodowego , oraz dokonania oceny przeprowadzonego w minimalnym zakresie tego postępowania z pogwałceniem zasad wynikających z <xLexLink xArt="art. 233;art. 233 § 1" xIsapId="WDU19640430296" xTitle="Ustawa z dnia 17 listopada 1964 r. - Kodeks postępowania cywilnego" xAddress="Dz. U. z 1964 r. Nr 43, poz. 296">art.233§1 k.p.c.</xLexLink> , jak i sformułowania uzasadnienia wydanego sprawie rozstrzygnięcia z pominięciem zasad ujętych w <xLexLink xArt="art. 328" xIsapId="WDU19640430296" xTitle="Ustawa z dnia 17 listopada 1964 r. - Kodeks postępowania cywilnego" xAddress="Dz. U. z 1964 r. Nr 43, poz. 296">art.328 k.p.c.</xLexLink></xText>
          <xText>W niniejszej sprawie wydanych zostało 30 decyzji mających za swój przedmiot ustalenie wysokości przychodu stanowiącego podstawę wymiaru składek każdego z odwołujących się pracowników. Sporem objęte zostało, czy kwoty ujęte do przychodu jako pomoc świąteczna z okazji Świąt Bożego Narodzenia i Wielkanocy na przestrzeni lat 2009-2010 powinny być zwolnione z oskładkowania jako świadczenia z zakładowego funduszu świadczeń socjalnych.</xText>
          <xText>
    Materialno prawne podstawy decyzji zaskarżonej w niniejszym postępowaniu prawidłowo zostały wskazane przez sąd I instancji.</xText>
          <xText>Sąd I instancji przywołał brzmienie <xLexLink xArt="§ 2;§ 2 ust. 1;§ 2 ust. 1 pkt. 19" xIsapId="WDU19981611106" xTitle="Rozporządzenie Ministra Pracy i Polityki Socjalnej z dnia 18 grudnia 1998 r. w sprawie szczegółowych zasad ustalania podstawy wymiaru składek na ubezpieczenia emerytalne i rentowe" xAddress="Dz. U. z 1998 r. Nr 161, poz. 1106">par.2 ust.1 pkt 19 rozporządzenia Ministra Pracy i Polityki Socjalnej z dnia 18 grudnia 1998 r. w sprawie szczegółowych zasad ustalania podstawy wymiaru składek na ubezpieczenie emerytalne i rentowe</xLexLink> (Dz.U. nr 161, poz.1106 ) zgodnie z zapisem którego podstawy wymiaru składek nie stanowią świadczenia finansowane ze środków przeznaczonych na cele socjalne w ramach zakładowego funduszu świadczeń socjalnych. Sąd odwołał się także do przepisów <xLexLink xArt="" xIsapId="WDU19940430163" xTitle="Ustawa z dnia 4 marca 1994 r. o zakładowym funduszu świadczeń socjalnych" xAddress="Dz. U. z 1994 r. Nr 43, poz. 163">ustawy z dnia 4 marca 1994 r. o zakładowym funduszu świadczeń socjalnych</xLexLink> (Dz.U. z 1996 r., Nr 70, poz.335).<xLexLink xArt="art. 2;art. 2 pkt. 1" xIsapId="WDU19940430163" xTitle="Ustawa z dnia 4 marca 1994 r. o zakładowym funduszu świadczeń socjalnych" xAddress="Dz. U. z 1994 r. Nr 43, poz. 163">Art.2 pkt 1</xLexLink> wskazuje, że działalność socjalna to usługi świadczone przez pracodawców na rzecz różnych form wypoczynku, działalności kulturalno-oświatowej, sportowo-rekreacyjnej, opieki nad dziećmi w żłobkach, klubach dziecięcych, przedszkolach oraz innych formach wychowania przedszkolnego, udzielanie pomocy materialnej - rzeczowej lub finansowej, a także zwrotnej lub bezzwrotnej pomocy na cele mieszkaniowe na warunkach określonych umową.</xText>
          <xText>Art.8 ust.1 powołanej wyżej ustawy wskazuje co następuje: przyznawanie ulgowych usług i świadczeń oraz wysokość dopłat z Funduszu uzależnia się od sytuacji życiowej, rodzinnej i materialnej osoby uprawnionej do korzystania z Funduszu.</xText>
          <xText>W rozpoznawanej sprawie mieliśmy do czynienia wyłącznie z wypłatami na rzecz zatrudnionych u płatnika składek pracowników mającymi charakter dofinansowania pieniężnego z Zakładowego Funduszu Świadczeń Socjalnych z tytułu Świąt Bożego Narodzenia, Świąt Wielkanocy oraz urlopu wypoczynkowego i zapomóg w wysokościach i za okresy szczegółowo wskazane w każdej z zaskarżonych decyzji . Niewątpliwie dotyczyły one wspomożenia materialnego w okresach wzmożonych, nadzwyczajnych wydatków związanych z obchodzeniem Świąt oraz korzystania z wypoczynku w ramach urlopu, czy też nagłego pogorszenia sytuacji majątkowej i życiowej pracownika.</xText>
          <xText>Są to zdaniem sądu II instancji wydatki służące zaspokojeniu potrzeb całej rodziny ale też obciążające dochody całej rodziny.</xText>
          <xText>Powyższe determinować musi zastosowanie kryterium socjalnego w rozumieniu <xLexLink xArt="art. 8;art. 8 ust. 1" xIsapId="WDU19940430163" xTitle="Ustawa z dnia 4 marca 1994 r. o zakładowym funduszu świadczeń socjalnych" xAddress="Dz. U. z 1994 r. Nr 43, poz. 163">art.8 ust.1 ustawy o zakładowym funduszu świadczeń socjalnych</xLexLink>. Musi tu znaleźć zastosowanie analiza sytuacji życiowej, materialnej i osobistej <xUx>każdego pracownika</xUx>. Nie musi to przy tym wiązać się – jak wskazuje sąd I instancji – z podejmowaniem nadzwyczajnych działań ze strony pracodawcy, generowaniem dodatkowych sił i środków. Zdaniem Sądu Apelacyjnego wystarczające byłoby wykazanie przez każdą z osób dochodu na jednego członka rodziny ze wskazaniem ile osób i w jakim wieku składa się na rodzinę pracownika. Powyższe obrazuje zarówno sytuację osobistą, rodzinną jak i materialną jak tego wymaga ustawa. Stanowisko takie jest prezentowane zarówno w orzecznictwie Sądu Najwyższego jak i literaturze przedmiotu.</xText>
          <xText>Sąd Najwyższy w wyroku z 6 lutego 2008 r. IIPK 156/07 (OSNP 2009/7-8/96) wskazywał w uzasadnieniu :”Możliwe jest przyjęcie średniego dochodu na członka rodziny jako usprawiedliwionego kryterium oceny sytuacji życiowej, rodzinnej i materialnej osoby ubiegającej się o przyznanie ulgowych usług i świadczeń oraz wysokości dopłat z funduszu świadczeń socjalnych bo jest to obiektywnie czytelny i miarodajny sposób oceny zasadności ubiegania się o świadczenia z tego funduszu”.</xText>
          <xText>Z kolei w literaturze ujęto następujące poglądy doktryny:</xText>
          <xText>- Fyszemberg Danuta wyjaśnienia Sł.Pracow.1997.2.20</xText>
          <xText>Określając sytuację materialną [art. 8 ustawy z 1994 r. o zakładowym funduszu świadczeń socjalnych] zakład pracy powinien uwzględnić nie tylko wynagrodzenie otrzymywane przez pracownika w danym zakładzie.</xText>
          <xText>- Mrozowska Monika artykuł Pr.Pracy.2001.11.10</xText>
          <xText>Ustalając regulamin dysponowania funduszem trzeba pamiętać o podstawowej zasadzie: przyznawanie ulgowych świadczeń i wysokość dopłat z funduszu powinno być uzależnione od sytuacji życiowej, rodzinnej i materialnej osoby korzystającej z funduszu. [...]</xText>
          <xText>Przy ocenie sytuacji materialnej pracownika należy brać pod uwagę dochody pracownika osiągane poza zakładem pracy, a także dochody członków rodziny, pozostających we wspólnym gospodarstwie z pracownikiem.</xText>
          <xText>- Sobczyk Arkadiusz artykuł PiZS.1996.8-9.85</xText>
          <xText>Wydatkowanie kwot z Funduszu niezgodnie z ustawą będzie miało miejsce zarówno wtedy, gdy pracodawca przeznaczy je na cele ekonomiczne swojego zakładu, jak również wtedy, gdy ulegnie naciskom związków i wypłaci wszystkim pracownikom premie świąteczne lub na cele o podobnym niesocjalnym charakterze, nie stosując kryteriów z art. 8 ustawy.</xText>
          <xText>- Stefaniak Jadwiga wyjaśnienia Sł.Pracow.2001.4.14</xText>
          <xText>Na podstawie art. 8 ust. 1 ustawy [o zakładowym funduszu świadczeń socjalnych] - przyznanie świadczenia oraz jego wysokość uzależnia się od spełniania przez osobę uprawnioną kryteriów socjalnych, z których najważniejszym jest sytuacja materialna. Ponieważ przepisy ustawy nie określają sposobu dokumentowania dochodów pracowników do celów socjalnych, pracodawca może i powinien, według zasad przyjętych w wewnętrznym regulaminie, poprosić o oświadczenie o sytuacji dochodowej pracownika i członków jego rodziny. Bowiem o sytuacji materialnej pracownika decydują nie tylko jego zarobki w firmie, ale także sytuacja dochodowa osób, które wraz z pracownikiem prowadzą wspólne gospodarstwo domowe. Informacje podane przez pracownika posłużą ustaleniu wysokości dofinansowania z Funduszu.</xText>
          <xText>- Stefaniak Jadwiga artykuł Sł.Pracow.2008.10.33</xText>
          <xText>Jednym ze sposobów pozyskiwania informacji o sytuacji socjalnej osoby uprawnionej i jej rodziny może być jej oświadczenie.</xText>
          <xText>Ostatecznie stanowisko znalazło także wyraz w wyroku Sądu Najwyższego z dnia 16 września 2009 r. I UK 121/09, gdzie w tezie postanowiono:</xText>
          <xText>1. Pomoc z zakładowego funduszu świadczeń socjalnych musi być uzależniona od sytuacji życiowej, rodzinnej i materialnej pracownika. Jeżeli wszyscy pracownicy otrzymali bony towarowe o jednakowej wartości, to bony te trzeba ocenić jako świadczenie dodatkowe pracodawcy.</xText>
          <xText>2. Wypłata bonów towarowych niemająca charakteru socjalnego jest przychodem pracownika w rozumieniu <xLexLink xArt="art. 12;art. 12 ust. 1" xIsapId="WDU19910800350" xTitle="Ustawa z dnia 26 lipca 1991 r. o podatku dochodowym od osób fizycznych" xAddress="Dz. U. z 1991 r. Nr 80, poz. 350">art. 12 ust. 1 ustawy z dnia 26 lipca 1991 r. o podatku dochodowym od osób fizycznych</xLexLink> (jednolity tekst: Dz.U. z 2010 r. Nr 51, poz. 307 ze zm.), który stanowi podstawę wymiaru składek na ubezpieczenie społeczne. <xIx>OSNP 2011/9-10/133</xIx></xText>
          <xText>Przyznawanie ulgowych świadczeń i wysokość dopłat z zakładowego funduszu świadczeń socjalnych powinny być uzależnione od sytuacji życiowej, rodzinnej i materialnej osoby korzystającej z funduszu. Nie ma w tym zakresie wyjątków. Nawet regulamin zakładowego funduszu świadczeń socjalnych nie może zmienić tej zasady.</xText>
          <xText>Jeżeli wypłata bonów towarowych nie ma charakteru socjalnego, gdyż nie wiąże otrzymania bonów z kryterium socjalnym, to bony należy uznać za przychód w rozumieniu art. 12 ust. 1 ustawy z 1991 r. o podatku dochodowym od osób fizycznych, który to przychód stanowi podstawę wymiaru składek (art. 18 ust. 1 ustawy z 1998 r. o systemie ubezpieczeń społecznych, w zw. z <xLexLink xArt="§ 1" xIsapId="WDU19981611106" xTitle="Rozporządzenie Ministra Pracy i Polityki Socjalnej z dnia 18 grudnia 1998 r. w sprawie szczegółowych zasad ustalania podstawy wymiaru składek na ubezpieczenia emerytalne i rentowe" xAddress="Dz. U. z 1998 r. Nr 161, poz. 1106">§ 1 rozporządzenia z dnia 18 grudnia 1998 r. w sprawie szczegółowych zasad ustalania podstawy wymiaru składek na ubezpieczenie emerytalne i rentowe</xLexLink> (Dz. U. Nr 161, poz. 1106) oraz art. 81 ust. 1 ustawy z 2004 r. o świadczeniach opieki zdrowotnej finansowanych ze środków publicznych).<xIx>LEX nr 537030</xIx></xText>
          <xText>Sąd Najwyższy podkreślał w uzasadnieniu orzeczenia, że <xLexLink xArt="" xIsapId="WDU19940430163" xTitle="Ustawa z dnia 4 marca 1994 r. o zakładowym funduszu świadczeń socjalnych" xAddress="Dz. U. z 1994 r. Nr 43, poz. 163">ustawa o zakładowym funduszu świadczeń socjalnych</xLexLink> realizuje postulat i zarazem zasadę prawa pracy, by pracodawca w miarę możliwości zaspokajał bytowe, kulturalne i socjalne potrzeby pracujących.</xText>
          <xText>Podstawowa zasada dysponowania środkami funduszu została określona w <xLexLink xArt="art. 8;art. 8 ust. 2" xIsapId="WDU19940430163" xTitle="Ustawa z dnia 4 marca 1994 r. o zakładowym funduszu świadczeń socjalnych" xAddress="Dz. U. z 1994 r. Nr 43, poz. 163">art. 8 ust. 2 ustawy o zakładowym funduszu świadczeń socjalnych</xLexLink>. Zasada ta stanowi, że przyznawanie ulgowych świadczeń i wysokość dopłat z funduszu powinno być uzależnione od sytuacji życiowej, rodzinnej i materialnej osoby korzystającej z funduszu. Nie ma w tym zakresie wyjątków. Nawet regulamin zakładowego funduszu świadczeń socjalnych nie może zmienić tej zasady. Stąd świadczenia wypłacone przez pracodawcę z pominięciem owej zasady podstawowej nie mogą być ocenione w sensie prawnym jako świadczenia socjalne, a jeżeli tak, to nie mogą korzystać z uprawnień przyznanych tym świadczeniom przez system ubezpieczeń społecznych. Innymi słowy pomoc z funduszu może być dokonywana jedynie wówczas, gdy uzależnia się jej przyznawanie od sytuacji życiowej, rodzinnej i materialnej pracownika.</xText>
          <xText>Tożsame zasady stosować należy w wypadku dofinansowania do świąt czy wypoczynku w ramach urlopu.</xText>
          <xText>Tymczasem w niniejszej sprawie sąd przyjął, iż w stosunku do każdego z odwołujących pracowników badane było kryterium socjalne i od wyników tego badania uzależniono pomoc finansową. Na poparcie tej tezy sądu brak jest – jak słusznie wskazuje apelujący – jakiegokolwiek materiału dowodowego. Skoro – jak przyjął sąd – badanie to odbywało się wyłącznie w formie ustnej, bez dokumentów na piśmie rzeczą sadu było poczynienie ustaleń <xUx>w stosunku do każdego z odwołujących pracowników z osobna </xUx> jakie dane odnośnie jego sytuacji życiowej, materialnej i rodzinnej brane były pod uwagę przy wypłacie określonej wysokości świadczeń z ZFŚS w danym czasie.</xText>
          <xText>Niedopuszczalne jest formułowanie przez sąd tez ogólnych : „Sytuacja pracowników była weryfikowana w sposób opisany przez świadka i odwołującego a sposób taki jest prawnie dopuszczalny. Pomoc wypłacana była w różnych kwotach. <xAnon>A. W.</xAnon> przyznała, że miała największy kontakt z pracownikami , pomagała im w sprawach prywatnych i urzędowych. Znała sytuację rodzinną pracowników bo ci informowali ja na bieżąco o swych potrzebach i nadzwyczajnych zdarzeniach, dyżurowała w tym celu dwa razy w tygodniu. Świadek wiedziała ilu członków liczy każda rodzina, jaki jest dochód w zakładzie i czy współmałżonek lub konkubent mają jakieś dochody. Pomagała pracownikom w 99% w rozliczeniach podatkowych, pismach do pomocy społecznej. Wiedziała który z pracowników jest samotny, kto posiada obciążenia alimentacyjne. Podziału środków dokonywała w ten sposób, że ustalała minimalną kwotę pomocy a następnie oceniała sytuację majątkową i rodzinna każdego z pracowników i dokładała określone kwoty .”</xText>
          <xText>Sąd Apelacyjny jeszcze raz w tym miejscu wyraźnie podkreśla : badaniu co do legalności podlegało w niniejszej sprawie 30 odrębnych decyzji.</xText>
          <xText>Rzeczą sądu przy ponownym rozpoznaniu sprawy będzie ( jako logiczna konsekwencja podjętej decyzji o połączeniu spraw) poczynienie szczegółowych ustaleń jakie dane co do sytuacji życiowej, rodzinnej i materialnej zebrano <xUx>co do każdego z pracowników i co do każdej z udzielonych mu wypłat ujętych decyzją. </xUx></xText>
          <xText>W podstawowym zakresie niezbędne jest przeprowadzenie dowodu z przesłuchania <xAnon>A. W.</xAnon> oraz każdego z odwołujących się pracowników płatnika składek.</xText>
          <xText>Złożenie w tym zakresie ewentualnie dalszych wniosków dowodowych należeć będzie do odwołującego płatnika składek – błędnie bowiem sąd przyjmuje iż ciężar dowodowy obciąża tu organ rentowy. To płatnik składek korzysta z dobrodziejstwa zwolnienia określonych wypłat na rzecz pracowników od obciążenia składkowego i on właśnie jako wywodzący z tego skutki prawne obciążony jest obowiązkami wynikającymi z <xLexLink xArt="art. 6" xIsapId="WDU19640160093" xTitle="Ustawa z dnia 23 kwietnia 1964 r. - Kodeks cywilny" xAddress="Dz. U. z 1964 r. Nr 16, poz. 93">art.6 k.c.</xLexLink></xText>
          
          <xText>Mając na uwadze całość zaprezentowanej argumentacji orzeczono jak w sentencji kierując się brzmieniem <xLexLink xArt="art. 386;art. 386 § 4" xIsapId="WDU19640430296" xTitle="Ustawa z dnia 17 listopada 1964 r. - Kodeks postępowania cywilnego" xAddress="Dz. U. z 1964 r. Nr 43, poz. 296">art.386 par.4 k.p.c.</xLexLink></xText>
          
          <xText>SSA Katarzyna Wołoszczak SSA Hanna Hańczewska-Pawłowska SSA Marta Sawińska</xText>
        </xUnit>
      </xBlock>
    </xPart>
  </judgement>
<judgement id="153500000001521_III_AUa_001116_2012_Uz_2013-02-19_001">
    <xPart xEditorFullName="Krystyna Kałużna" xYear="2012" xLang="PL" xPublisherFullName="Gabriela Taciak" xFromPg="1" xEditor="kkaluzna" xVolType="15/350000/0001521/AUa" xPublisher="gtaciak" xDocType="Uz" xVolNmbr="001116" xVersion="1.0" xToPage="1" xFlag="published">
      <xName>Wyrok+Uzasadnienie</xName>
      <xBlock>
        <xText>Sygn. akt III AUa 1116/12</xText>
        
        <xUnit xIsTitle="true" xType="part" xBold="true">
          <xName>WYROK</xName>
          <xTitle>W IMIENIU RZECZYPOSPOLITEJ POLSKIEJ</xTitle>
          <xText xALIGNx="right">Dnia 19 lutego 2013 r.</xText>
          
          <xText>
            <xBx>Sąd Apelacyjny w Poznaniu, III Wydział Pracy i Ubezpieczeń Społecznych</xBx>
          </xText>
          <xText>w składzie:</xText>
          <xRows>
            <xCOLGROUPx>
              <xCOLx xWIDTHx="219"/>
              <xCOLx xWIDTHx="398"/>
            </xCOLGROUPx>
            <xRow>
              <xClmn xALIGNx="left" xVALIGNx="middle">
                <xText xALIGNx="right">Przewodniczący:</xText>
              </xClmn>
              <xClmn xALIGNx="left" xVALIGNx="middle">
                <xText>SSA Marta Sawińska</xText>
              </xClmn>
            </xRow>
            <xRow>
              <xClmn xALIGNx="left" xVALIGNx="top">
                <xText xALIGNx="right">Sędziowie:</xText>
              </xClmn>
              <xClmn xALIGNx="left" xVALIGNx="middle">
                <xText>SSA Iwona Niewiadowska-Patzer (spr.)</xText>
                <xText>SSA Katarzyna Wołoszczak</xText>
              </xClmn>
            </xRow>
            <xRow>
              <xClmn xALIGNx="left" xVALIGNx="middle">
                <xText xALIGNx="right">Protokolant:</xText>
              </xClmn>
              <xClmn xALIGNx="left" xVALIGNx="middle">
                <xText>st.sekr.sądowy Emilia Wielgus</xText>
              </xClmn>
            </xRow>
          </xRows>
          
          <xText>po rozpoznaniu w dniu 19 lutego 2013 r. w Poznaniu</xText>
          <xText>sprawy z wniosku <xBx><xAnon>A. B.</xAnon></xBx></xText>
          <xText>przeciwko <xBx> Zakładowi Ubezpieczeń Społecznych I Oddział w <xAnon>P.</xAnon></xBx></xText>
          <xText>o emeryturę</xText>
          <xText>na skutek apelacji wnioskodawcy <xAnon>A. B.</xAnon></xText>
          <xText>od wyroku Sądu Okręgowego w Poznaniu</xText>
          <xText>z dnia 18 lipca 2012 r. sygn. akt VIII U 1579/12</xText>
          
          <xText>uchyla zaskarżony wyrok i przekazuje sprawę Sądowi Okręgowemu w Poznaniu do ponownego rozpoznania.</xText>
        </xUnit>
        <xUnit xIsTitle="true" xType="part" xBold="true">
          <xName>UZASADNIENIE</xName>
          <xText>Decyzją z dnia 14 marca 2012r. Zakład Ubezpieczeń Społecznych I Oddział w <xAnon>P.</xAnon> odmówił <xAnon>A. B.</xAnon> prawa do emerytury, albowiem wnioskodawca nie spełnił ustawowych warunków: nie posiada wymaganego 15-letniego okresu pracy w szczególnych warunkach oraz nie rozwiązał stosunku pracy z dotychczasowym pracodawcą.</xText>
          <xText>Sąd Okręgowy w Poznaniu –VIII Wydział Ubezpieczeń Społecznych wyrokiem z dnia 18 lipca 2012r. oddalił odwołanie ubezpieczonego od powyższej decyzji.</xText>
          <xText>Sąd ustalił, że <xAnon>A. B.</xAnon> urodził się <xAnon>(...)</xAnon></xText>
          <xText>W dniu 8 marca 2012r. odwołujący złożył wniosek o przyznanie prawa do emerytury, podając, że nadal pozostaje w stosunku pracy.</xText>
          <xText>Ubezpieczony <xAnon>A. B.</xAnon> posiada na dzień 1.01.1999r. 25-letni staż pracy.</xText>
          <xText>Na rozprawie w dniu 18 lipca 2012r. odwołujący oświadczył, że pracuje zawodowo od 1993r. do chwili obecnej i nie zamierza rozwiązać stosunku pracy.</xText>
          <xText>Analizując zasadność odwołania Sąd Okręgowy przytoczył <xLexLink xArt="art. 184;art. 184 ust. 1" xIsapId="WDU19981621118" xTitle="Ustawa z dnia 17 grudnia 1998 r. o emeryturach i rentach z Funduszu Ubezpieczeń Społecznych" xAddress="Dz. U. z 1998 r. Nr 162, poz. 1118">art. 184 ust.1 ustawy z dnia 17 grudnia 1998r. o emeryturach i rentach z Funduszu Ubezpieczeń Społecznych</xLexLink>. Kolejne przesłanki do przyznania wcześniejszej emerytury z uwagi na zatrudnienie w szczególnych warunkach są zawarte w przepisie art.184 ust.2 ustawy emerytalnej. Zgodnie z treścią tego przepisu emerytura, o której mowa w <xLexLink xArt="art. 184 ust. 1" xIsapId="WDU19981621118" xTitle="Ustawa z dnia 17 grudnia 1998 r. o emeryturach i rentach z Funduszu Ubezpieczeń Społecznych" xAddress="Dz. U. z 1998 r. Nr 162, poz. 1118">ust.1</xLexLink>, przysługuje pod warunkiem nieprzystąpienia do otwartego funduszu emerytalnego albo złożenia wniosku o przekazanie środków zgromadzonych na rachunku w otwartym funduszu emerytalnym, za pośrednictwem Zakładu, na dochody budżetu państwa oraz rozwiązania stosunku pracy- w przypadku ubezpieczonego będącego pracownikiem.</xText>
          <xText>Przyznanie praw do świadczenia emerytalnego w postępowaniu sądowym może mieć miejsce tylko, gdy Sąd ustali spełnienie wszystkich przesłanek warunkujących nabycie tego prawa.</xText>
          <xText>W ocenie Sądu Okręgowego, po stwierdzeniu, że odwołujący nie rozwiązał stosunku pracy nie był zobligowany do prowadzenia dalszego postępowania dowodowego na okoliczność wykonywania przez niego zatrudnienia w szczególnych warunkach. Odwołujący bowiem wyraźnie przyznał na rozprawie, że od 1993r. do nadal pozostaje w stosunku pracy i nie zamierza go rozwiązać. Niespełnienie warunku rozwiązania stosunku pracy, o którym mowa w przepisie art.184 ustawy o emeryturach i rentach z FUS powoduje, że odwołujący nie zrealizował wszystkich wymogów koniecznych do przyznania prawa do emerytury.</xText>
          <xText>Z tych powodów Sąd na podstawie <xLexLink xArt="art. 477(14);art. 477(14) § 1" xIsapId="WDU19640430296" xTitle="Ustawa z dnia 17 listopada 1964 r. - Kodeks postępowania cywilnego" xAddress="Dz. U. z 1964 r. Nr 43, poz. 296">art.477<xSUPx>14</xSUPx> §1 k.p.c.</xLexLink> , a także powołanych przepisów prawa materialnego oddalił odwołanie.</xText>
          <xText>Od wyroku apelację złożył wnioskodawca przedkładając świadectwo pracy potwierdzające rozwiązanie stosunku pracy z dotychczasowym pracodawcą z dniem 20 lipca 2012r.</xText>
          <xText>Apelujący wniósł o zmianę zaskarżonego wyroku w całości poprzez orzeczenie o przyznaniu prawa do emerytury zgodnie z obowiązującymi przepisami dotyczącymi świadczeń emerytalnych dla pracowników zatrudnionych w szczególnych warunkach lub szczególnym charakterze, zgodnie z odwołaniem z dnia 2.02.2012r. ewentualnie o przekazanie sprawy do ponownego rozpoznania przez Sąd I instancji. Nadto apelujący wniósł o przeprowadzenie dowodu z dokumentu- świadectwa pracy z dnia 20.07.2012r.</xText>
          
          <xText>
            <xBx>
              <xIx>
                <xUx>Sąd Apelacyjny zważył, co następuje:</xUx>
              </xIx>
            </xBx>
          </xText>
          <xText>Emerytura na podstawie <xLexLink xArt="art. 184" xIsapId="WDU19981621118" xTitle="Ustawa z dnia 17 grudnia 1998 r. o emeryturach i rentach z Funduszu Ubezpieczeń Społecznych" xAddress="Dz. U. z 1998 r. Nr 162, poz. 1118">art.184 ustawy o emeryturach i rentach z Funduszu Ubezpieczeń Społecznych</xLexLink> przysługuje, urodzonym po dniu 31 grudnia 1948r., którzy w dniu 1 stycznia 1999r. legitymowali się okresem zatrudnienia w szczególnych warunkach lub w szczególnym charakterze wymaganym w przepisach dotychczasowych do nabycia prawa do emerytury w wieku niższym niż 60 lat-dla kobiet i 65 lat-dla mężczyzn, a także okresem składkowym i nieskładkowym, o którym mowa w art.27 ustawy oraz – po tej dacie – osiągnęli wiek przewidziany w art.32,33,39 i 40 ustawy i rozwiązali stosunek pracy oraz nie przystąpili do otwartego funduszu emerytalnego albo złożyli wniosek o przekazanie środków zgromadzonych na rachunku w otwartym funduszu emerytalnym, za pośrednictwem Zakładu, na dochody państwa (stan prawny obowiązujący do 31.12.2012r.).</xText>
          <xText>W rozpoznawanej sprawie spór dotyczył tego, czy na dzień 1 stycznia 1999r. wnioskodawca spełnił warunek pracy w szczególnych warunkach w wymiarze 15 lat, którego Sąd I instancji nie rozstrzygnął. Stwierdził on bowiem, że wnioskodawca nie rozwiązał stosunku pracy, a tym samym nie zostały spełnione wszystkie wymaganie przesłanki do przyznania prawa do emerytury.</xText>
          <xText>Stanowisko Sądu I instancji było bezsprzecznie trafne.</xText>
          <xText>Jednakże w apelacji skarżący wskazał na zmianę stanu faktycznego, albowiem z dniem 20 lipca 2012r. rozwiązał stosunek pracy z dotychczasowym pracodawcą<xAnon> - (...) Sp. z o.o.</xAnon> w <xAnon>P.</xAnon>. Jako dowód przedstawił świadectwo pracy z dnia 20 lipca 2012r. potwierdzające rozwiązanie stosunku pracy z dniem 20 lipca 2012r (k.12).</xText>
          <xText>W tym miejscu należy zauważyć, że z treści przepisu <xLexLink xArt="art. 316;art. 316 § 1" xIsapId="WDU19640430296" xTitle="Ustawa z dnia 17 listopada 1964 r. - Kodeks postępowania cywilnego" xAddress="Dz. U. z 1964 r. Nr 43, poz. 296">art.316§1 k.p.c.</xLexLink> wynika ogólna zasada obowiązująca w postępowaniu cywilnym, zgodnie z którą podstawą rozstrzygnięcia roszczenia jest stan rzeczy istniejący w chwili zamknięcia rozprawy, przy czym nie może budzić wątpliwości, że sformułowanie „stan rzeczy” obejmuje także stan faktyczny.</xText>
          <xText>Co prawda na gruncie spraw z zakresu ubezpieczeń społecznych reguła ta doznaje ograniczenia z tego względu, że postępowanie sądowe w tych sprawach wszczynane jest na skutek odwołania wniesionego od decyzji Zakładu Ubezpieczeń Społecznych, które zastępuje pozew. Postępowanie to ma charakter odwoławczy, a jego przedmiotem jest ocena zgodności z prawem wydanej decyzji. W orzecznictwie Sadu Najwyższego przyjmuje się jednak, że zasada ta nie ma charakteru absolutnego. Ma ona bowiem uzasadnienie tylko wtedy, kiedy odwołanie się do <xLexLink xArt="art. 316;art. 316 § 1" xIsapId="WDU19640430296" xTitle="Ustawa z dnia 17 listopada 1964 r. - Kodeks postępowania cywilnego" xAddress="Dz. U. z 1964 r. Nr 43, poz. 296">art.316 §1 k.p.c.</xLexLink> wypaczałoby charakter postępowania w sprawach z zakresu ubezpieczeń społecznych i prowadziłoby do oczywistego pominięcia odrębności tego postępowania poprzez całkowite pozbawienie znaczenia postępowania administracyjnego poprzedzającego postępowanie sądowe.</xText>
          <xText>Odstępstwo od zasady badania legalności decyzji na dzień jej wydania jest szczególnie uzasadnione w przypadku oceny prawa do świadczenia emerytalnego uzależnionego między innymi od warunku rozwiązania stosunku pracy np. na podstawie art.184 ustawy o emeryturach i rentach z FUS (por. wyrok SN z 12.04.2012r. II UK 235/11, wyrok SN z 5.04.2011r. III UK 106/10).</xText>
          <xText>Z tych też względów, wobec zmiany stanu faktycznego w rozpoznawanej sprawie, apelacja okazała się skuteczna.</xText>
          <xText>Skoro została spełniona kolejna przesłanka wymagana do przyznania prawa do emerytury w obniżonym wieku, jedyną kwestią sporną pozostało wyjaśnienie, czy apelujący legitymuje się wymaganym 15 letnim okresem zatrudnienia w warunkach szczególnych.</xText>
          <xText>Z uwagi na fakt, że w tym kierunku Sąd I instancji nie przeprowadził ( zresztą zasadnie) żadnego postępowania dowodowego i nie wyjaśnił tej kwestii, zachodzi konieczność przeprowadzenia postępowania dowodowego w całości w celu jej wyjaśnienia..</xText>
          <xText>Mając powyższe na uwadze zachodzi konieczność uchylenia zaskarżonego wyroku i przekazania sprawy do ponownego rozpoznania Sądowi Okręgowemu w Poznaniu (<xLexLink xArt="art. 386;art. 386 § 4" xIsapId="WDU19640430296" xTitle="Ustawa z dnia 17 listopada 1964 r. - Kodeks postępowania cywilnego" xAddress="Dz. U. z 1964 r. Nr 43, poz. 296">art.386§4 k.p.c.</xLexLink>).</xText>
          <xText>Przy ponownym rozpoznaniu rzeczą Sądu I instancji będzie przeprowadzenie starannego postępowania dowodowego na okoliczność czy wnioskodawca na dzień 1 stycznia 1999r. posiadał 15- letni okres wykonywania pracy w warunkach szczególnych, a w konsekwencji czy spełnił wszystkie konieczne przesłanki do przyznania mu prawa do emerytury w obniżonym wieku (art. 184 ustawy emerytalnej).</xText>
          <xText>Z tych względów Sąd Apelacyjny na podstawie <xLexLink xArt="art. 386;art. 386 § 4" xIsapId="WDU19640430296" xTitle="Ustawa z dnia 17 listopada 1964 r. - Kodeks postępowania cywilnego" xAddress="Dz. U. z 1964 r. Nr 43, poz. 296">art. 386§4 k.p.c.</xLexLink> orzekł jak w sentencji wyroku.</xText>
          
          <xText>/SSA Iwona Niewiadowska-Patzer/ /SSA Marta Sawińska/ /SSA Katarzyna Wołoszczak/</xText>
        </xUnit>
      </xBlock>
    </xPart>
  </judgement>
<judgement id="155000000000503_I_ACa_001422_2012_Uz_2013-03-11_001">
    <xPart xEditorFullName="Małgorzata Kurek" xYear="2012" xLang="PL" xPublisherFullName="Monika Kurkowiak" xFromPg="1" xEditor="mkurek" xVolType="15/500000/0000503/ACa" xPublisher="mkurkowiak" xDocType="Uz" xVolNmbr="001422" xVersion="1.0" xToPage="17" xFlag="published">
      <xName>Wyrok+Uzasadnienie</xName>
      <xBlock>
        <xText>Sygn. akt I ACa 1422/12</xText>
        <xUnit xIsTitle="true" xType="part" xBold="true">
          <xName>WYROK</xName>
          <xTitle>W IMIENIU RZECZYPOSPOLITEJ POLSKIEJ</xTitle>
          <xText xALIGNx="right">Dnia 19 lutego 2013 r.</xText>
          
          <xText>Sąd Apelacyjny we Wrocławiu – Wydział I Cywilny w składzie:</xText>
          <xRows>
            <xCOLGROUPx>
              <xCOLx xWIDTHx="219"/>
              <xCOLx xWIDTHx="398"/>
            </xCOLGROUPx>
            <xRow>
              <xClmn xALIGNx="left" xVALIGNx="middle">
                <xText xALIGNx="right">Przewodniczący:</xText>
              </xClmn>
              <xClmn xALIGNx="left" xVALIGNx="middle">
                <xText>SSA Małgorzata Lamparska (spr.)</xText>
              </xClmn>
            </xRow>
            <xRow>
              <xClmn xALIGNx="left" xVALIGNx="top">
                <xText xALIGNx="right">Sędziowie:</xText>
              </xClmn>
              <xClmn xALIGNx="left" xVALIGNx="middle">
                <xText>SSA Sławomir Jurkowicz</xText>
                <xText>SSO del. Magdalena Cichocka</xText>
              </xClmn>
            </xRow>
            <xRow>
              <xClmn xALIGNx="left" xVALIGNx="middle">
                <xText xALIGNx="right">Protokolant:</xText>
              </xClmn>
              <xClmn xALIGNx="left" xVALIGNx="middle">
                <xText>Katarzyna Stalewska</xText>
              </xClmn>
            </xRow>
          </xRows>
          
          <xText>po rozpoznaniu w dniu 19 lutego 2013 r. we Wrocławiu na rozprawie</xText>
          <xText>sprawy z powództwa <xBx><xAnon>D. S.</xAnon>, <xAnon>K. S.</xAnon>, <xAnon>S. S.</xAnon></xBx></xText>
          <xText>przeciwko<xBx><xAnon> (...) S.A.</xAnon><xAnon>V.</xAnon><xAnon> (...)</xAnon></xBx></xText>
          <xText>
            <xBx>w <xAnon>W.</xAnon></xBx>
          </xText>
          <xText>o zapłatę</xText>
          <xText>na skutek apelacji strony pozwanej</xText>
          <xText>od wyroku Sądu Okręgowego w Opolu</xText>
          <xText>z dnia 19 października 2012 r. sygn. akt I C 203/11</xText>
          
          <xUnit xIsTitle="false" xType="none">
            <xName xSffx=".">1</xName>
            <xText>
              <xBx>oddala apelację; </xBx>
            </xText>
          </xUnit>
          <xUnit xIsTitle="false" xType="none">
            <xName xSffx=".">2</xName>
            <xText>
              <xBx>zasądza od strony pozwanej na rzecz każdego z powodów po 1.800 zł kosztów postępowania apelacyjnego. </xBx>
            </xText>
          </xUnit>
        </xUnit>
        <xUnit xIsTitle="true" xType="part" xBold="true">
          <xName>UZASADNIENIE</xName>
          <xText>Zaskarżonym orzeczeniem Sąd I Instancji uwzględnił częściowo powództwo zasądzając od strony pozwanej na rzecz powodów zadośćuczynienie i odszkodowanie z tytułu znacznego pogorszenia się ich sytuacji życiowej z powodu śmierci męża i ojca odpowiednio: na rzecz <xAnon>S. S.</xAnon> kwotę 23 000 zł i 34 500 zł, na rzecz <xAnon>K.</xAnon><xAnon>S.</xAnon> kwotę 17 500 zł i 15 500 zł, na rzecz <xAnon>D. S.</xAnon> kwoty 22 000 zł i 18 600 zł.</xText>
          <xText>Swoje rozstrzygniecie oparł na następujących ustaleniach:</xText>
          <xText>W dniu 13 grudnia 2008 r. w godzinach wieczornych zmarły <xAnon>Z. S.</xAnon> przebywał w <xAnon> barze (...)</xAnon> w <xAnon>Ś.</xAnon>, skąd przed godziną 21.00 wyszedł w towarzystwie znajomego <xAnon>C. C.</xAnon>. Obaj mężczyźni znajdowali się wówczas w stanie nietrzeźwości – chemiczne badanie krwi na zawartość alkoholu przeprowadzone po wypadku w przypadku <xAnon>Z. S.</xAnon> wykazało wynik 2,74 promila, a w przypadku <xAnon>C. C.</xAnon> 4,18 promila. Obaj piesi znajdując się naprzeciwko baru stali na jezdni (w odległości ok. 2,5 m od jej prawej krawędzi w kierunku <xAnon>N.</xAnon>), sprawiając wrażenie dla wychodzącej właśnie z baru (kilka minut po nich) świadek <xAnon>I. B.</xAnon>, iż jeden z nich podtrzymuje, względnie podnosi drugiego.</xText>
          <xText>W tym momencie nadjechał od strony miejscowości <xAnon>Ś.</xAnon> samochód osobowy marki <xAnon>M.</xAnon> o <xAnon>nr rej. (...)</xAnon>, kierowany przez <xAnon>M. T.</xAnon>, który uderzył w <xAnon>Z. S.</xAnon> i <xAnon>C. C.</xAnon>, czego następstwem były poważne obrażenia obu pieszych i ich śmierć na miejscu zdarzenia.</xText>
          <xText>W chwili zdarzenia piesi ci nie poruszali się (nie byli w ruchu postępowym), a stali pochyleni powodując zagrożenie bezpieczeństwa ruchu. Nie zachowywali oni szczególnej ostrożności, w szczególności nie obserwowali jezdni ani też nie udzielili pierwszeństwa nadjeżdżającemu pojazdowi.</xText>
          <xText>Z kolei kierujący samochodem osobowym marki <xAnon>M.</xAnon><xAnon>M. T.</xAnon>, również znajdujący się w stanie nietrzeźwości (u którego po wypadku stwierdzono 1, następnie 1,2 i 0,8 promila alkoholu), umyślnie naruszył zasady bezpieczeństwa w ruchu drogowym w ten sposób, że jadąc z prędkością ok. 70 km/h, przekraczającą prędkość dopuszczalną w miejscu zdarzenia wynoszącą 50 km/h, a jednocześnie niedostosowaną do miejsca i warunków jazdy (pora nocna, droga wilgotna) oraz nie zachowując należytej ostrożności i nie obserwując należycie przedpola jazdy potrącił przebywających na jezdni pieszych, po czym zbiegł z miejsca zdarzenia, nie udzielając poszkodowanym pomocy. W szczególności nie zareagował on w żaden sposób na okrzyk pasażera pojazdu, który spostrzegł pieszych, nie podejmując próby manewru obronnego w postaci hamowania pojazdu (co mogło zwiększyć szanse przeżycia pieszych), czy też ominięcia pieszych. Przy prędkości samochodu wynoszącej 70km/h, co pozwalało kierującemu zauważyć pieszych z odległości 39 metrów (możliwość ich dostrzeżenia w światłach mijania w istniejących warunkach drogowo-ruchowych), podjęcie przez kierującego reakcji w postaci hamowania nie mogło zapobiec zderzeniu (co mogłoby nastąpić przy maksymalnej prędkości pojazdu wynoszącej 58 km/h), ale mogło spowodować, że skutki wypadku byłyby jednak mniej dotkliwe (przy podjęciu hamowania przy prędkości <xAnon>M.</xAnon> odpowiadającej realiom niniejszej sprawy prawdopodobieństwo przeżycia pieszych wynosiłoby 50 %, natomiast bez podjęcia takiego hamowania wynosiło 25 %).</xText>
          <xText>Piesi spowodowali stan zagrożenia w ruchu i w decydującym stopniu (w przeważającej mierze) przyczynili się do zaistnienia wypadku (tj. w ocenie Sądu I Instancji w 55 %), przy czym ich zachowanie było bezprawne i zawinione. Z kolei kierujący samochodem marki <xAnon>M.</xAnon> również w istotnym, znacznym stopniu przyczynił się do zaistnienia wypadku (tj. w ocenie Sądu I Instancji w 45 %). Gdyby zaś którykolwiek z uczestników zdarzenia – kierujący pojazdem mechanicznym bądź piesi zachowali się w sposób prawidłowy, zgodny z zasadami określonymi w <xLexLink xArt="" xIsapId="WDU19970980602" xTitle="Ustawa z dnia 20 czerwca 1997 r. - Prawo o ruchu drogowym" xAddress="Dz. U. z 1997 r. Nr 98, poz. 602">Prawie o ruchu drogowym</xLexLink>, znajdującymi zastosowanie w zaistniałej sytuacji, to do wypadku w ogóle by nie doszło.</xText>
          <xText>Prawomocnym wyrokiem Sądu Rejonowego w Nysie z dnia 6 października 2009 r. o sygn. akt II K 138/09 <xAnon>M. T.</xAnon> został uznany za winnego tego, że w dniu 13 grudnia 2008 r. w <xAnon>Ś.</xAnon>, kierując w stanie nietrzeźwości samochodem osobowym marki <xAnon>M.</xAnon> o <xAnon>nr rej. (...)</xAnon>, umyślnie naruszył zasady bezpieczeństwa w ruchu drogowym w ten sposób, że jadąc z prędkością 70 km/h, tj. prędkością przekraczającą prędkość dopuszczalną, a jednocześnie niedostosowaną do miejsca i warunków jazdy, oraz nie zachowując należytej ostrożności i nie obserwując należycie przedpola jazdy, potrącił przebywających na jezdni pieszych <xAnon>C. C.</xAnon> i <xAnon>Z. S.</xAnon>, którzy ponieśli śmierć na miejscu zdarzenia, a następnie zbiegł z miejsca wypadku, tj. popełnienia przestępstwa z <xLexLink xArt="art. 177;art. 177 § 1;art. 177 § 2" xIsapId="WDU19970880553" xTitle="Ustawa z dnia 6 czerwca 1997 r. - Kodeks karny" xAddress="Dz. U. z 1997 r. Nr 88, poz. 553">art. 177 § 1 i § 2 kk</xLexLink> w związku z <xLexLink xArt="art. 178" xIsapId="WDU19970880553" xTitle="Ustawa z dnia 6 czerwca 1997 r. - Kodeks karny" xAddress="Dz. U. z 1997 r. Nr 88, poz. 553">art. 178 kk</xLexLink>, za co wymierzono mu karę 10 lat pozbawienia wolności oraz zakaz prowadzenia pojazdów mechanicznych na zawsze, przy czym jako okoliczność łagodzącą Sąd przyjął przyczynienie się pieszych do zaistnienia wypadku.</xText>
          <xText><xAnon>Z. S.</xAnon> (<xAnon>ur. (...)</xAnon>) w chwili śmierci pozostawał w związku małżeńskim z powódką <xAnon>S. S.</xAnon>. Z małżeństwa tego pochodzi dwoje dzieci – powodowie <xAnon>K.</xAnon> (<xAnon>ur. (...)</xAnon>) i <xAnon>D. S.</xAnon> (<xAnon>ur. (...)</xAnon>), którzy w chwili śmierci ojca nie byli jeszcze usamodzielnieni, kontynuując naukę. Zmarły popierał przy tym plany swoich dzieci w zakresie studiów wyższych, których kierunki zostały już wybrane i były przez niego w pełni akceptowane, a które zamierzał również finansować, w szczególności jeśli chodzi o kształcenie syna w zawodzie pilota.</xText>
          <xText>W chwili wypadku od wielu lat rodzina <xAnon>S.</xAnon> zamieszkiwała na terenie Niemiec w miejscowości <xAnon>E.</xAnon>, prowadząc wspólne gospodarstwo domowe w ich nowo wybudowanym domu, przy czym jej status materialny był średni. Wszelkie potrzeby życiowe jej członków były zaspokojone na satysfakcjonującym ich poziomie</xText>
          <xText>Przed śmiercią męża i ojca powodów <xAnon>S.</xAnon> tworzyli normalną, przeciętną rodzinę, której członkowie byli ze sobą związani emocjonalnie, a nie było w niej żadnych poważniejszych problemów, nieporozumień czy konfliktów (wykraczających poza typowe sprzeczki w przeciętnej rodzinie, przy czym wszelkie problemy starano się tam wspólnie rozwiązywać), w szczególności pomiędzy małżonkami (nigdy nie pozostającymi w separacji, w tym faktycznej), którzy zdecydowali się zaciągnąć wspólnie znaczny kredyt, za który wybudowali dom (od 2006 r.), w którym następnie <xAnon>S.</xAnon> wspólnie zamieszkali. Rodzina spędzała ze sobą zawsze tradycyjnie wszystkie święta (w domu rodzinnym, a czasami wspólnie u rodziny w Polsce) oraz uroczystości typu urodziny, a także wyjeżdżała razem na wypoczynek, co najmniej raz do roku, np. do Chorwacji, w góry czy do Polski.</xText>
          <xText><xAnon>Z. S.</xAnon> był głównym żywicielem rodziny, uzyskiwał zarobki rzędu średnio 30.000 Euro netto rocznie, jego żona również pracowała zawodowo na ½ etatu, uzyskując z tego tytułu znacznie mniejsze od męża pobory rzędu 800 euro miesięcznie. W 2008 r. pobory brutto zmarłego wyniosły natomiast 47.545,98 euro. Był zatrudniony na umowę na czas nieokreślony, przy czym w miarę upływu kolejnych okresów zatrudnienia miał on możliwość uzyskania podwyżki poborów. Niezależnie od powyższego, zmarły dorywczo naprawiał (bądź instalował) znajomym komputery oraz anteny satelitarne, z czego osiągał dochody rzędu 30-40 euro miesięcznie.</xText>
          <xText>Zmarły był zdrowym, aktywnym, dbającym o bliskich i ich potrzeby, zaangażowanym w sprawy rodziny człowiekiem, który był zawsze przy swoich bliskich i ich wspierał zgodnie z oczekiwaniami, gdy tego potrzebowali, w szczególności zależało mu na zaspokojeniu wszelkich potrzeb dzieci, co starał się czynić (jak np. zakup oczekiwanego przez dzieci odpowiedniego sprzętu komputerowego, zapewnienie żonie wymarzonego domu, 3 samochody osobowe do dyspozycji domowników w chwili jego zgonu itp.). Z charakteru był on spokojną i uczynną, a jednocześnie towarzyską osobą, o wesołym i miłym usposobieniu ze skłonnością do żartów, a w konsekwencji także powszechnie lubianą i łatwo nawiązującą kontakty osobą, co przekładało się na bogate relacje towarzyskie całej rodziny. Z kolei alkohol spożywał on okazyjnie, w weekendy podczas spotkań ze znajomymi (głównie w postaci piwa), przy czym nie powodowało to żadnych większych problemów, w tym w zakresie jego funkcjonowania rodzinnego, zawodowego czy społecznego.</xText>
          <xText>Zmarły osobiście wykonywał szereg prac na budowie domu rodzinnego, w szczególności w zakresie robót związanych z instalacją elektryczną i wykończeniem wnętrz (malowanie, tapetowanie, położenie paneli i laminatu), jak również wykonywał wszelkie drobne naprawy usterek domowych, a także pomagał żonie w pracach domowych.</xText>
          <xText>Po śmierci <xAnon>Z. S.</xAnon> dotychczasowa stopa materialna jego rodziny uległa znacznemu obniżeniu. Żona zmarłego musiała sprzedać budowany dom a z uwagi na niekorzystną koniunkturę na rynku uzyskała z tego tytułu jedynie ok. 220.000 euro, w sytuacji gdy kredyt bankowy wynosił 260.000 euro, co musiała uregulować z własnych środków. Rodzina musiała zrezygnować z użytkowania dwóch z trzech wcześniej posiadanych samochodów (które sprzedano), a także z przyczyn finansowych zaprzestała dotychczasowych wspólnych wyjazdów wypoczynkowych, w tym wakacyjnych. Żona zmarłego musiała też samodzielnie spłacić zaciągnięty wspólnie przez małżonków kredyt konsumpcyjny w kwocie ok. 6.000 euro. W związku z powyższym rodzina musiała też ograniczyć swoje dotychczasowe bieżące wydatki, <xAnon>S. S.</xAnon> nie było już stać na wypłacanie dzieciom dotychczasowego kieszonkowego, jak również finansowanie w dotychczasowym zakresie ich wszelkich potrzeb, np. w zakresie zakupu nowego sprzętu komputerowego. Rodzina <xAnon>S.</xAnon> zmuszona była prowadzić bardziej oszczędny styl życia, dzieląc pomiędzy siebie dotychczasowe obowiązki zmarłego, w tym w gospodarstwie domowym.</xText>
          <xText>Po śmierci ojca zmianie uległy też plany życiowe dzieci zmarłego, w szczególności <xAnon>K. S.</xAnon> z uwagi na trudną sytuację materialną rodziny zmuszona była zaciągnąć kredyt w kwocie 6.000 euro na sfinansowanie dalszych studiów, natomiast <xAnon>D. S.</xAnon> z przyczyn materialnych zrezygnował z planów swojego kształcenia w zawodzie pilota, podejmując od 2010 r. zatrudnienie i jednocześnie uczęszczając na studia w zakresie techniki informatycznej, które finansuje ze swoich poborów rzędu 8.000-9.000 euro.</xText>
          <xText>Zgon <xAnon>Z. S.</xAnon> był szokiem dla jego bliskich, którzy mocno przeżyli jego odejście. W szczególności przez pół roku od śmierci męża <xAnon>S. S.</xAnon> przyjmowała we własnym zakresie środki uspokajające zakupione w aptece bez recepty, natomiast nikt z członków rodziny zmarłego nie korzystał z pomocy psychologa bądź psychiatry. Wszyscy powodowie nadal odczuwają cierpienia związane z utratą ich męża i ojca, za którym tęsknią i którego im nadal brakuje, zwłaszcza <xAnon>S. S.</xAnon> przy podejmowaniu wszelkich ważnych decyzji życiowych, co uprzednio czynili wspólnie z mężem, który okazywał jej również swoje wsparcie w trudnych sytuacjach, przy czym okres intensywnej „ciężkiej” żałoby trwał w przypadku żony zmarłego ok. 7 miesięcy. Z kolei <xAnon>K. S.</xAnon> przez 3 miesiące po zgonie swojego ojca przyjmowała leki nasenne, a przez rok od tego wydarzenia dużo płakała, przy czym nadal brakuje jej wsparcia ojca, boleśnie odczuwa brak możliwości zwrócenia się do niego w każdej wymagającej tego sprawie, na co uprzednio zawsze mogła liczyć, żałuje też, iż ojciec nie będzie na jej ślubie. W przypadku natomiast syna zmarłego żałoba po ojcu trwała około roku, przy czym <xAnon>D. S.</xAnon> nadal myśli o zmarłym i brakuje mu go.</xText>
          <xText>Po śmierci <xAnon>Z. S.</xAnon> znacznemu ograniczeniu uległo dotychczasowe wspólne życie towarzyskie rodziny, którą z czasem przestali odwiedzać jego znajomi, co również negatywnie odczuli jego bliscy.</xText>
          <xText>Aktualnie <xAnon>S. S.</xAnon> sama prowadzi gospodarstwo domowe (po śmierci męża nie związała się z nikim innym), przy czym kontynuując swoje wcześniejsze zatrudnienie, w większym jednak wymiarze czasowym, uzyskuje obecnie pobory rzędu 1.200 euro miesięcznie. Ponadto przez okres 2 lat od zgonu męża powódka otrzymywała tzw. „małą” rentę wdowią w kwocie po 242,47 euro miesięcznie.</xText>
          <xText>Z kolei dzieci zmarłego od jego śmierci otrzymują rentę w kwocie po ok. 190 Euro miesięcznie, która przysługuje im w czasie kontynuowania nauki, maksymalnie do 27-go roku życia.</xText>
          <xText><xAnon>M. T.</xAnon> nie kontaktował się z rodziną <xAnon>Z. S.</xAnon>, w szczególności nie próbował przeprosić jej członków ani w żaden inny sposób złagodzić im poniesionej straty.</xText>
          <xText>Z tytułu opłacanego we własnym zakresie ubezpieczenia na życie męża <xAnon>S. S.</xAnon> otrzymała kwotę 150.000 euro, natomiast dzieci zmarłego nie uzyskały z tego tytułu żadnych kwot. Rodzina nie otrzymała natomiast żadnych innych świadczeń socjalnych, w szczególności zasiłku pogrzebowego, oprócz zwyczajowego wsparcia ze strony uczestników pogrzebu rzędu 100-200 Euro.</xText>
          <xText>Pismami z dnia 3 czerwca 2009 r., otrzymanymi przez pozwanego w dniu 8 czerwca 2009 r., powodowie wnieśli o wypłatę na rzecz <xAnon>S. S.</xAnon> stosownego odszkodowania w kwocie 150.000 zł, zadośćuczynienia w kwocie 250.000 zł oraz zwrotu kosztów pogrzebu odpowiadających równowartości sumy 1.374 euro, na rzecz <xAnon>K. S.</xAnon> stosownego odszkodowania w kwocie 100.000 zł i zadośćuczynienia w kwocie 250.000 zł i na rzecz <xAnon>D. S.</xAnon> stosownego odszkodowania w kwocie 100.000 zł i zadośćuczynienia w kwocie 250.000 zł.</xText>
          <xText>W trakcie postępowania likwidacyjnego pozwany wypłacił już:</xText>
          <xText>-  na rzecz <xAnon>S. S.</xAnon> odszkodowanie w kwocie 10.500 zł i zadośćuczynienie w kwocie 17.500 zł, a ponadto z tytułu zwrotu kosztów pogrzebu kwotę 3.847,20 zł,</xText>
          <xText>-  na rzecz <xAnon>K. S.</xAnon> odszkodowanie w kwocie 7.000 zł i zadośćuczynienie w kwocie 14.000 zł,</xText>
          <xText>-  na rzecz <xAnon>D. S.</xAnon> odszkodowanie w kwocie 8.400 zł i zadośćuczynienie w kwocie 14.000 zł,</xText>
          <xText>- co nastąpiło przy założeniu 30% przyczynienia się do wypadku zmarłego <xAnon>Z. S.</xAnon>.</xText>
          <xText>Następnie Sąd I Instancji szczegółowo omawia dowody, które stały się podstawą oceny w szczególności dowód z pisemnej opinii <xAnon> Stowarzyszenia (...)</xAnon> i Ruchu Drogowego w <xAnon>W.</xAnon> (w powiązaniu z opinią tegoż Instytutu z akt karnych) wraz z uzupełniającą ustną opinią biegłych <xAnon>S. M.</xAnon> i <xAnon>W. M.</xAnon> w jej ostatecznej wersji wskazując, że korespondują treściowo z przywołanymi wcześniej opiniami.</xText>
          <xText>Sąd I Instancji wskazuje, że jeśli chodzi o samą przyczynę zaistnienia wypadku z dnia 13 grudnia 2008 r. w postaci zawinionego naruszenia przepisów ruchu drogowego przez kierującego samochodem marki <xAnon>M.</xAnon><xAnon>M. T.</xAnon>, to Sąd był tu związany prawomocnym wyrokiem Sądu Rejonowego w Nysie z dnia 6 października 2009 r. o sygn. akt II K 138/09, gdyż stosownie do <xLexLink xArt="art. 11;art. 11 zd. 1" xIsapId="WDU19640430296" xTitle="Ustawa z dnia 17 listopada 1964 r. - Kodeks postępowania cywilnego" xAddress="Dz. U. z 1964 r. Nr 43, poz. 296">art. 11 zdanie pierwsze k.p.c.</xLexLink> ustalenia wydanego w postępowaniu karnym prawomocnego wyroku skazującego co do popełnienia przestępstwa wiążą sąd w postępowaniu cywilnym. Z kolei nie budziło wątpliwości Sądu I Instancji, że ewentualne przyczynienie się poszkodowanego do powstania szkody stanowi kwestię podlegającą uwzględnieniu przez sąd zawsze wtedy, gdy ustalony w sprawie stan faktyczny uzasadnia pozytywną ocenę w tym zakresie, nawet w sytuacji, gdy istnieje prawomocny wyrok skazujący sprawcę zdarzenia za popełnienie przestępstwa. Związanie sądu cywilnego ustaleniami wyroku skazującego sprawcę (<xLexLink xArt="art. 11" xIsapId="WDU19640430296" xTitle="Ustawa z dnia 17 listopada 1964 r. - Kodeks postępowania cywilnego" xAddress="Dz. U. z 1964 r. Nr 43, poz. 296">art. 11 k.p.c.</xLexLink>) za przestępstwo nie zwalniało Sądu od ustaleń, w jakim zakresie zmarły przyczynił się do śmiertelnego dlań wypadku, jak też czy i w jakim ewentualnie stopniu z tej przyczyny obowiązek naprawienia szkody przez pozwanego uległa zmniejszeniu stosownie do <xLexLink xArt="art. 362" xIsapId="WDU19640160093" xTitle="Ustawa z dnia 23 kwietnia 1964 r. - Kodeks cywilny" xAddress="Dz. U. z 1964 r. Nr 16, poz. 93">art. 362 k.c.</xLexLink>. Sąd I Instancji wskazuje, że w niniejszej sprawie, co do zasady sama kwestia przyczynienia się zmarłego <xAnon>Z. S.</xAnon> do zaistnienia jego zgonu nie była sporna pomiędzy stronami, podstawowy spór pomiędzy nimi zaistniał natomiast co do oceny stopnia tego przyczynienia się do zdarzenia.</xText>
          <xText>Sąd I Instancji powołując się na przeprowadzone w niniejszym postępowaniu opinie biegłych, w szczególności ustną opinię uzupełniającą wskazuje, że biegli wnikliwie i w konsekwencji przekonująco odnieśli się do podniesionego przez pozwanego zarzutu przyczynienia się <xAnon>Z. S.</xAnon> do zaistnienia wypadku (i jego stopnia), wyjaśniając dlaczego jest on w konkretnych okolicznościach niniejszej sprawy uzasadniony, w szczególności dlaczego uważają, iż piesi w istocie spowodowali tu sam stan zagrożenia w ruchu i w decydującym stopniu przyczynili się do zaistnienia wypadku, przy czym zgodność wniosków obu opinii potwierdza ich trafność.</xText>
          <xText>Przy tak poczynionych ustaleniach powództwo zostało przez Sąd I Instancji ocenione jako częściowo zasadne.</xText>
          <xText>Sąd I Instancji wskazuje, że <xAnon>M. T.</xAnon>, w następstwie zawinionego i bezprawnego zachowania się doprowadził do zaistnienia przedmiotowego zdarzenia. Naruszył bowiem w szczególności <xLexLink xArt="art. 3" xIsapId="WDU19970980602" xTitle="Ustawa z dnia 20 czerwca 1997 r. - Prawo o ruchu drogowym" xAddress="Dz. U. z 1997 r. Nr 98, poz. 602">art. 3 ustawy z dnia 20 czerwca 1997 r. Prawo o ruchu drogowym</xLexLink> stosownie do którego uczestnik ruchu jest obowiązany zachować ostrożność albo gdy ustawa tego wymaga - szczególną ostrożność czyli zgodnie z art. 2 pkt 22 ostrożność polegającą na zwiększeniu uwagi i dostosowaniu zachowania uczestnika ruchu do warunków i sytuacji zmieniających się na drodze, w stopniu umożliwiającym odpowiednio szybkie reagowanie, unikanie wszelkiego działania, które mogłoby spowodować zagrożenie bezpieczeństwa lub porządku ruchu drogowego, ruch ten utrudnić albo w związku z ruchem zakłócić spokój lub porządek publiczny oraz narazić kogokolwiek na szkodę, a jeżeli uczestnik ruchu lub inna osoba spowodowała jednak zagrożenie bezpieczeństwa ruchu drogowego, jest obowiązana przedsięwziąć niezbędne środki w celu niezwłocznego usunięcia zagrożenia, a gdyby nie mogła tego uczynić, powinna o zagrożeniu uprzedzić innych uczestników ruchu, w związku z art. 20 – art. 21, art. 25, art. 30 i art. 45 ust. 1 pt 1 tej ustawy. W następstwie zatem wypadku z dnia 13 grudnia 2008 r., za który odpowiedzialność ponosi <xAnon>M. T.</xAnon>, a w konsekwencji pozwany, zginął <xAnon>Z. S.</xAnon>, czego skutkiem jest szkoda powodów, a jednocześnie przy uwzględnieniu całokształtu okoliczności sprawy i zasad doświadczenia życiowego pomiędzy zachowaniem sprawcy a zgonem męża i ojca powodów zachodzi normalny związek przyczynowy w rozumieniu <xLexLink xArt="art. 361;art. 361 § 1" xIsapId="WDU19640160093" xTitle="Ustawa z dnia 23 kwietnia 1964 r. - Kodeks cywilny" xAddress="Dz. U. z 1964 r. Nr 16, poz. 93">art. 361 § 1 k.c.</xLexLink></xText>
          <xText>Niezależnie jednak od powyższego, w ocenie Sądu I Instancji, przy uwzględnieniu w szczególności treści powołanych powyżej jednoznacznych i konsekwentnych opinii, zachodziły w niniejszej sprawie przesłanki do zastosowania <xLexLink xArt="art. 362" xIsapId="WDU19640160093" xTitle="Ustawa z dnia 23 kwietnia 1964 r. - Kodeks cywilny" xAddress="Dz. U. z 1964 r. Nr 16, poz. 93">art. 362 k.c.</xLexLink>, Sąd I Instancji uznaje, że w niniejszej sprawie zachodzą pełne podstawy do przyjęcia, iż <xAnon>Z. S.</xAnon> istotnie przyczynił się do wypadku naruszając także dyspozycję powołanego powyżej <xLexLink xArt="art. 3" xIsapId="WDU19970980602" xTitle="Ustawa z dnia 20 czerwca 1997 r. - Prawo o ruchu drogowym" xAddress="Dz. U. z 1997 r. Nr 98, poz. 602">art. 3</xLexLink>, jak również <xLexLink xArt="art. 11" xIsapId="WDU19970980602" xTitle="Ustawa z dnia 20 czerwca 1997 r. - Prawo o ruchu drogowym" xAddress="Dz. U. z 1997 r. Nr 98, poz. 602">art. 11 Prawa o ruchu drogowym</xLexLink>, stosownie do którego pieszy jest obowiązany korzystać z chodnika lub drogi dla pieszych, a w razie ich braku - z pobocza, a jeżeli nie ma pobocza lub czasowo nie można z niego korzystać, pieszy może korzystać z jezdni, pod warunkiem zajmowania miejsca jak najbliżej jej krawędzi i ustępowania miejsca nadjeżdżającemu pojazdowi, przy czym pieszy idący po poboczu lub jezdni jest obowiązany iść lewą stroną drogi, a piesi idący jezdnią są obowiązani iść jeden za drugim, a tylko na drodze o małym ruchu, w warunkach dobrej widoczności, dwóch pieszych może iść obok siebie, jak też art. 13 tej ustawy, zgodnie z którym pieszy, przechodząc przez jezdnię lub torowisko, jest obowiązany zachować szczególną ostrożność oraz korzystać z przejścia dla pieszych, a przechodzenie przez jezdnię poza przejściem dla pieszych jest dozwolone, gdy odległość od przejścia przekracza 100 m, przy czym takie przechodzenie przez jezdnię poza przejściem dla pieszych jest dozwolone tylko pod warunkiem, że nie spowoduje zagrożenia bezpieczeństwa ruchu lub utrudnienia ruchu pojazdów, a pieszy jest obowiązany ustąpić pierwszeństwa pojazdom i do przeciwległej krawędzi jezdni iść drogą najkrótszą, prostopadle do osi jezdni oraz <xLexLink xArt="art. 14" xIsapId="WDU19970980602" xTitle="Ustawa z dnia 20 czerwca 1997 r. - Prawo o ruchu drogowym" xAddress="Dz. U. z 1997 r. Nr 98, poz. 602">art. 14 Prawa o ruchu drogowym</xLexLink>, zgodnie z którym zabrania się wchodzenia na jezdnię bezpośrednio przed jadący pojazd, w tym również na przejściu dla pieszych, jak również zwalniania kroku lub zatrzymywania się bez uzasadnionej potrzeby podczas przechodzenia przez jezdnię lub torowisko. Zachodzą zatem podstawy do postawienia zmarłemu uzasadnionego zarzutu naruszenia przepisów ruchu drogowego, tzn. iż faktycznie mógł on zachować się w okolicznościach zdarzenia w sposób oczekiwany przez prawo, a jego zachowanie było nie tylko obiektywnie nieprawidłowe, ale wręcz zawinione. W konsekwencji, Sąd I Instancji wskazuje, że zachodzą podstawy do stwierdzenia w przypadku <xAnon>Z. S.</xAnon> obiektywnej bezprawności zachowania, a także indywidualnego zawinienia. Samo przyczynienie nie przesądza zaś zmniejszenia obowiązku naprawienia szkody, a jego stopień nie jest bezpośrednim wyznacznikiem zakresu tego zmniejszenia, natomiast wszystkie inne czynniki poza normalnym związkiem przyczynowym mają znaczenie na etapie oceny pod kątem zbadania potrzeby i skali obniżenia odszkodowania. Dalej Sąd I Instancji wskazuje, że samo przyczynienie się poszkodowanego nie prowadzi automatycznie do obowiązkowego zmniejszenia odszkodowania, gdyż rozważenie wszystkich okoliczności sprawy jest powinnością sądu, a decyzja o jego obniżeniu jest jego uprawnieniem wynikającym z normy kompetencyjnej, nie zawierającej nakazu. Dalej Sąd I Instancji wskazuje, że ustalone powyżej okoliczności niniejszej sprawy, zdecydowanie przemawiają za obniżeniem należnych powodom świadczeń, skoro zachowanie się zmarłego było nie tylko obiektywnie nieprawidłowe, ale też zawinione.</xText>
          <xText>W konsekwencji, w konkretnych okolicznościach niniejszej sprawy Sąd i Instancji w pełni podziela zapatrywanie wyrażane konsekwentnie przez biegłych, iż to sami piesi, w tym mąż i ojciec powodów, znajdując się w stanie nietrzeźwości, swoim niezgodnym z przywołanymi powyżej przepisami <xLexLink xArt="" xIsapId="WDU19970980602" xTitle="Ustawa z dnia 20 czerwca 1997 r. - Prawo o ruchu drogowym" xAddress="Dz. U. z 1997 r. Nr 98, poz. 602">Prawa o ruchu drogowym</xLexLink> i zawinionym zachowaniem w istocie spowodowali stan zagrożenia w ruchu drogowym i w decydującym stopniu (przeważającej mierze) przyczynili się do zaistnienia wypadku, a w konsekwencji własnej śmierci, co uzasadnia stwierdzenie, że przyczynili się do tego w stopniu nawet większym niż kierujący pojazdem mechanicznym. Sąd I Instancji wskazuje dalej, że przy uwzględnieniu również wagi oraz stopnia zawinionego – umyślnego naruszenia także przez <xAnon>M. T.</xAnon>, znajdującego się także w stanie nietrzeźwości, przepisów <xLexLink xArt="" xIsapId="WDU19970980602" xTitle="Ustawa z dnia 20 czerwca 1997 r. - Prawo o ruchu drogowym" xAddress="Dz. U. z 1997 r. Nr 98, poz. 602">Prawa o ruchu drogowym</xLexLink>, w szczególności wobec braku podjęcia przez niego – pomimo ostrzegawczego okrzyku pasażera – jakichkolwiek manewrów obronnych, w postaci hamowania (co przy prędkości pojazdu nie mogło zapobiec samemu wypadkowi, ale mogło zmniejszyć jego ewentualne skutki, zwiększając szanse na przeżycie pieszych w stopniu wskazanym wcześniej) oraz jego ucieczki z miejsca wypadku, brak było też w sprawie uzasadnionych podstaw do bagatelizowania jego zachowania, a przeciwnie w realiach sprawy należało uznać, iż choć w mniejszym zakresie, to również w istotnym (znacznym) stopniu przyczynił się on do zaistnienia wypadku. Reasumując, Sąd I Instancji ocenia, że przy uwzględnieniu w szczególności odpowiednio wagi naruszonych przez pieszych i kierującego <xAnon>M.</xAnon> zasad <xLexLink xArt="" xIsapId="WDU19970980602" xTitle="Ustawa z dnia 20 czerwca 1997 r. - Prawo o ruchu drogowym" xAddress="Dz. U. z 1997 r. Nr 98, poz. 602">Prawa o ruchu drogowym</xLexLink> i poważnego stopnia ich naruszenia przez każdą ze stron, jak również z drugiej strony stopnia nietrzeźwości <xAnon>Z. S.</xAnon> oraz <xAnon>M. T.</xAnon> oraz obiektywnie większych możliwości uniknięcia wypadku przez pieszych, z racji chociażby ustalonych powyżej lepszych obiektywnych możliwości zauważenia nadjeżdżającego na światłach samochodu, co dawało im więcej czasu na podjęcie odpowiedniej reakcji, niż w przypadku odwrotnym, jak również przy uwzględnieniu, że jezdnia jest zasadniczo przeznaczona do ruchu pojazdów, a piesi mogą z niej korzystać jedynie w ściśle określonych warunkach (w szczególności pod warunkiem ustępowania miejsca nadjeżdżającemu pojazdowi, a przy przechodzeniu przez jezdnię poza przejściem dla pieszych pod warunkiem niespowodowania przez to zagrożenia bezpieczeństwa w ruchu i ustąpienia pierwszeństwa pojazdom, a zabronione jest zatrzymywanie się na niej bez uzasadnionej potrzeby, za którą obiektywnie nie może być uznany stan nietrzeźwości i trudności z poruszaniem się nim spowodowane, podczas przechodzenia przez jezdnię) w ocenie Sądu I Instancji zachodziły podstawy do uznania, iż piesi przyczynili się w istocie w większym zakresie, tj. w ok. 55 %, do zaistnienia wypadku, co w konsekwencji uzasadnia zmniejszenie w takim właśnie stopniu obowiązku naprawienia szkody przez pozwanego.</xText>
          <xText>Przy uwzględnieniu zatem pozostałych wskazanych powyżej konkretnych okoliczności tej sprawy, gdyby nie przyczynienie się zmarłego <xAnon>Z. S.</xAnon>, w ocenie Sądu I Instancji w świetle <xLexLink xArt="art. 446;art. 446 § 3;art. 446 § 4" xIsapId="WDU19640160093" xTitle="Ustawa z dnia 23 kwietnia 1964 r. - Kodeks cywilny" xAddress="Dz. U. z 1964 r. Nr 16, poz. 93">art. 446 § 3 i § 4 kc</xLexLink> zachodziłyby podstawy do przyznania powodom odszkodowania i zadośćuczynienia w kwotach odpowiednio 100.000 zł i 90.000 zł (w przypadku żony zmarłego), 50.000 zł i 70.000 zł (w przypadku jego córki) oraz 60.000 zł i 80.000 zł (w przypadku jego syna, z uwagi na jego młodszy wiek oraz bliższe relacje z ojcem ) co po uwzględnieniu dokonanych już uprzednio przez pozwanego wypłat z tego tytułu i pomniejszeniu należnych kwot o 55 % dało kwoty zasądzone.</xText>
          <xText>Dalej Sąd I Instancji wskazuje na rolę zadośćuczynienia jak i odszkodowania z tytułu znaczącego pogorszenia się sytuacji życiowej powodów odnosząc je do realiów niniejszej sprawy.</xText>
          <xText>O kosztach procesu Sąd I Instancji orzekł na podstawie <xLexLink xArt="art. 100" xIsapId="WDU19640430296" xTitle="Ustawa z dnia 17 listopada 1964 r. - Kodeks postępowania cywilnego" xAddress="Dz. U. z 1964 r. Nr 43, poz. 296">art. 100 k.p.c.</xLexLink> poprzez ich wzajemne zniesienie, skoro żądania powodów zostało częściowo uwzględnione (ogółem w 37 %), a w przypadku stosunkowego rozdzielenia poniesionych faktycznie przez strony w sprawie kosztów winny sobie one zwrócić zbliżone kwoty (w szczególności <xAnon>S. S.</xAnon> powinna otrzymać od pozwanego z tytułu zwrotu kosztów kwotę zbliżoną do tej, którą winni z kolei uiścić łącznie <xAnon>K.</xAnon> i <xAnon>D. S.</xAnon> na rzecz pozwanego), co powoduje, iż za zastosowaniem wskazanej powyżej zasady rozliczenia kosztów przemawiały tu względy słuszności.O pobraniu od stron brakujących kosztów sądowych orzeczono na mocy <xLexLink xArt="art. 113;art. 113 ust. 1;art. 113 ust. 2" xIsapId="WDU20051671398" xTitle="Ustawa z dnia 28 lipca 2005 r. o kosztach sądowych w sprawach cywilnych" xAddress="Dz. U. z 2005 r. Nr 167, poz. 1398">art. 113 ust. 1 i ust. 2 ustawy z dnia 28 lipca 2005 r. o kosztach sądowych w sprawach cywilnych</xLexLink>.</xText>
          <xText>Na powyższe rozstrzygnięcie apelację wniosła strona pozwana zaskarżając niniejszy wyrok w części i wnosząc o :</xText>
          <xText>-  o oddalenie powództwa ponad kwotę 18.000 zł tytułem zasądzonego odszkodowania i ponad kwotę 10.000 zł tytułem zadośćuczynienia na rzecz powoda <xAnon>S. S.</xAnon>;</xText>
          <xText>-  o oddalenie powództwa ponad kwotę 7.750 zł tytułem zasądzonego odszkodowania i ponad kwotę 8.750 zł tytułem zadośćuczynienia na rzecz powoda <xAnon>K. S.</xAnon>;</xText>
          <xText>-  o oddalenie powództwa ponad kwotę 9.800 zł tytułem zasądzonego odszkodowania i ponad kwotę 10.500 zł tytułem zadośćuczynienia na rzecz powoda <xAnon>D. S.</xAnon>.</xText>
          <xText>Wyrokowi Sądu Okręgowego w Opolu strona pozwana zarzuciła:</xText>
          <xText>- naruszenie prawa procesowego i materialnego a to:</xText>
          <xText>1/ przepisu <xLexLink xArt="art. 362" xIsapId="WDU19640160093" xTitle="Ustawa z dnia 23 kwietnia 1964 r. - Kodeks cywilny" xAddress="Dz. U. z 1964 r. Nr 16, poz. 93">art. 362 k.c.</xLexLink> przez jego błędne zastosowanie poprzez przyjęcie, że zmarły przyczynił się do szkody w 55%,</xText>
          <xText>2/ przepisu <xLexLink xArt="art. 446;art. 446 § 3" xIsapId="WDU19640160093" xTitle="Ustawa z dnia 23 kwietnia 1964 r. - Kodeks cywilny" xAddress="Dz. U. z 1964 r. Nr 16, poz. 93">art. 446 § 3 k.c.</xLexLink> przez zasądzenie na rzecz powodów kwot tytułem odszkodowania w wysokości określonym zaskarżonym orzeczeniem,</xText>
          <xText>3/ przepisu <xLexLink xArt="art. 446;art. 446 § 4" xIsapId="WDU19640160093" xTitle="Ustawa z dnia 23 kwietnia 1964 r. - Kodeks cywilny" xAddress="Dz. U. z 1964 r. Nr 16, poz. 93">art. 446 § 4 k.c.</xLexLink> przez zasądzenie na rzecz powodów kwot tytułem zadośćuczynienia w wysokości określonym zaskarżonym orzeczeniem,</xText>
          <xText>4/ naruszenie przepisu <xLexLink xArt="art. 233;art. 233 § 1" xIsapId="WDU19640430296" xTitle="Ustawa z dnia 17 listopada 1964 r. - Kodeks postępowania cywilnego" xAddress="Dz. U. z 1964 r. Nr 43, poz. 296">art. 233 § 1 k.p.c.</xLexLink> poprzez błędną ocenę materiału dowodowego a mającą wpływ na ustalenie stopnia przyczynienia się zmarłego poszkodowanego do wypadku a skutkujące zasądzenia dla powodów odszkodowania i zadośćuczynienia w zakresie zaskarżonym apelacją.</xText>
          <xText>Wskazując na powyższe zarzuty, apelujący wniósł o zmianę zaskarżonego wyroku w zaskarżonej części i oddalenie powództwa w zaskarżonej części oraz o zasądzenie od powodów na rzecz pozwanego kosztów procesu według norm przepisanych w tym kosztów postępowania apelacyjnego.</xText>
          
          <xText>
            <xBx> Sąd Apelacyjny zważył:</xBx>
          </xText>
          
          <xText>Apelacja nie jest zasadna.</xText>
          <xText>Ocenę jej zarzutów rozpocząć należy od związanych z naruszeniem prawa procesowego.</xText>
          <xText>Dopiero bowiem przesądzenie, czy w procesie gromadzenia i oceny materiału dowodowego nie doszło do żadnych uchybień przekładających się na ustalenia stanu faktycznego, można ocenić czy Sąd I Instancji zastosował prawidłowe normy prawa materialnego.</xText>
          <xText>Zgodnie z zasadą swobodnej oceny dowodów wyrażoną w przepisie <xLexLink xArt="art. 233" xIsapId="WDU19640430296" xTitle="Ustawa z dnia 17 listopada 1964 r. - Kodeks postępowania cywilnego" xAddress="Dz. U. z 1964 r. Nr 43, poz. 296">art. 233 k.p.c.</xLexLink> sąd ocenia wiarygodność i moc dowodów według własnego przekonania, na podstawie „wszechstronnego rozważenia zebranego materiału”, czyli jak to się podkreśla się w orzecznictwie, z uwzględnieniem wszystkich dowodów przeprowadzonych w postępowaniu, jak również wszelkich okoliczności towarzyszących przeprowadzaniu poszczególnych dowodów i mających znaczenie dla oceny ich mocy i wiarygodności. Jak ujmuje się w literaturze, moc dowodowa oznacza siłę przekonania uzyskaną przez sąd wskutek przeprowadzenia określonych środków dowodowych na potwierdzenie prawdziwości lub nieprawdziwości twierdzeń na temat okoliczności faktycznych istotnych dla rozstrzygnięcia sprawy. Zaś wiarygodność decyduje o tym, czy określony środek dowodowy, ze względu na jego indywidualne cechy i obiektywne okoliczności, zasługuje na wiarę.</xText>
          <xText>Przyjmuje się, że ramy swobodnej oceny dowodów muszą być zakreślone wymaganiami prawa procesowego, doświadczenia życiowego, regułami logicznego myślenia oraz pewnego poziomu świadomości prawnej, według których sąd w sposób bezstronny, racjonalny i wszechstronny rozważa materiał dowodowy jako całość, dokonuje wyboru określonych środków dowodowych i ważąc ich moc oraz wiarygodność odnosi je do pozostałego materiału dowodowego</xText>
          <xText>Poprawność rozumowania sądu (sędziego) powinna być możliwa do skontrolowania.</xText>
          <xText>Apelujący nie uzasadnia w jakim zakresie Sąd I Instancji zasady oceny materiału dowodowego naruszył, trudno zatem podejmować z tym zarzutem polemikę.</xText>
          <xText>Jak można domyślić się z zachowania strony pozwanej, podczas postępowania przed Sądem I Instancji jej zarzuty związane były z oceną zakresu przyczynienia się ojca i męża powodów do zaistniałego zdarzenia.</xText>
          <xText>Sąd I Instancji ocenę postępowania dowodowego w zakresie dokonanych przez siebie ustaleń co do przebiegu zdarzenia oraz przyczyn śmierci <xAnon>Z. S.</xAnon> dokonał z uwzględnieniem zasad opisanych wyżej, czemu dał wyraz w swoim wyjątkowo obszernym, choć nieco chaotycznym uzasadnieniu.</xText>
          <xText>Sąd I Instancji odwołuje się zarówno do pisemnej opinii Stowarzyszenia <xAnon>(...)</xAnon> w <xAnon>W.</xAnon>, do opinii złożonej w sprawie karnej a w szczególności do opinii uzupełniającej ustnej biegłych <xAnon>S. M.</xAnon> i <xAnon>W. M.</xAnon>. Ich przydatność do oceny przebiegu zdarzenia a przede wszystkim kwestii przyczynienia się <xAnon>Z. S.</xAnon> do zdarzenia, akcentuje wskazując na ich rzetelność i ostatecznie zgodne wnioski.</xText>
          <xText>Rozumowaniu Sądu w tym przedmiocie apelujący nie przeczy i nie wskazuje jakie to zasady logicznego myślenia czy też zasady doświadczenia życiowego zostały naruszone i jaki mają wpływ na ostatecznie przyjętą wersje zdarzeń. Sąd I Instancji przecież za tymi biegłymi przyjmuje, że to piesi spowodowali sam stan zagrożenia na drodze. Sąd Okręgowy oceniając ten dowód odwołuje się także do ugruntowanej wiedzy, wieloletniego doświadczenia biegłych. Wskazuje, że ostateczne wnioski zostały podjęte po przeanalizowaniu konkretnych aspektów sprawy, po zapoznaniu się z dokumentacją zgromadzoną w aktach jak i aktach karnych.</xText>
          <xText>Pełnomocnik strony pozwanej opinii tej nie kwestionował.</xText>
          <xText>W ocenie Sądu Apelacyjnego zarzuty, zresztą niesprecyzowane, w tym zakresie ostać się nie mogą.</xText>
          <xText>Sąd I Instancji ustala i ocenia zarówno okoliczność, że stopień nietrzeźwości ojca i męża powód wynosił 2,74 % a u kierującego 1 %, ale prowadzenie samochodu pod wpływem alkoholu jest zawsze kwalifikowane jako czyn karalny. Różnica w wysokości stopnia trzeźwości nie może być interpretowana na korzyść sprawcy czynu, który, jak sam zeznawał, nawet nie zauważył, że potrącił pieszych. Percepcja każdej osoby po spożyciu alkoholu może być bowiem różna. Dalej Sąd I Instancji ustala i ocenia, obszernie opisując jakie zasady ruchu drogowego piesi naruszyli. Okoliczność tą dostrzega i bierze pod rozwagę przy ocenie stopnia przyczynienia. Co zaś do faktu, że piesi leżeli na drodze, to wskazać należy, że zebrany materiał dowodowy tej okoliczności nie potwierdził, piesi niewątpliwie stali pochyleni na jezdni, przy czym ich postawa, jak to za biegłymi wskazuje Sąd I Instancji, była bez znaczenia, gdyż na okoliczność zaistnienia wypadku wpływ miało zatrzymanie się na jezdni i brak obserwowania drogi.</xText>
          <xText>Nie słuszny jest także zarzut naruszenia <xLexLink xArt="art. 362" xIsapId="WDU19640160093" xTitle="Ustawa z dnia 23 kwietnia 1964 r. - Kodeks cywilny" xAddress="Dz. U. z 1964 r. Nr 16, poz. 93">art. 362 k.c.</xLexLink></xText>
          <xText>Obszerne, teoretyczne uzasadnienie Sądu I Instancji kwestię przyczynienia wyjaśniły i nie jest rolą Sądu Apelacyjnego, aby to powtarzać.</xText>
          <xText>Spór sprowadza się zatem do oceny, co dostrzega także Sąd I Instancji, czy przyjęty stopień przyczynienia się męża i ojca powodów jest odpowiedni.</xText>
          <xText>Okoliczności, które winny być wzięte pod rozwagę przy ocenie przyczynienia, to jak podkreśla się w orzecznictwie i piśmiennictwie: stopień winy obu stron, stopień przyczynienia się obu stron, wiek poszkodowanego, stopień naruszenia obiektywnych reguł postępowania przez poszkodowanego, ich konfrontacja z zarzutami stawianymi odpowiedzialnemu za szkodę, pobudki, motywy jakimi kierował się poszkodowany, podejmując działanie nieprawidłowe (np. altruizm),ciężar naruszonych przez sprawcę obowiązków i stopień ich naruszenia, szczególne okoliczności danego wypadku, np. działanie poszkodowanego ze szlachetnych pobudek, specyficzne cechy osobiste, rozmiar i waga uchybień po stronie poszkodowanego, ocena samej przyczyny wyrządzającej szkodę, ocena zachowania się poszkodowanego.</xText>
          <xText>Wszystkie te okoliczności Sąd I instancji bierze zatem pod rozwagę prezentując ocenę, że stopień przyczynienia się powoda do zaistnienia wypadku wyniósł 55 %.</xText>
          <xText>Stopień ten Sąd I Instancji ostatecznie ocenia jako wyższy niż kierującego pojazdem.</xText>
          <xText>Podkreśla jednak, że nie można marginalizować zachowania sprawcy zdarzenia w stosunku do zachowania ofiar.</xText>
          <xText>Ocena wysokości stopnia przyczynienia pozostawiona została ocenie Sądu I Instancji. Ingerencja Sąd Odwoławczego może mieć zatem miejsce przy drastycznym naruszeniu zasad ustalania wysokości przyczynienia.</xText>
          <xText>Apelujący nie zdołał wykazać, że ocena Sądu I Instancji w tym zakresie była nieprawidłowa.</xText>
          <xText>Dalej wskazać trzeba, że wprawdzie apelujący zarzuca naruszenie <xLexLink xArt="art. 446;art. 446 § 3;art. 446 § 4" xIsapId="WDU19640160093" xTitle="Ustawa z dnia 23 kwietnia 1964 r. - Kodeks cywilny" xAddress="Dz. U. z 1964 r. Nr 16, poz. 93">art. 446 § 3 i 4 k.c.</xLexLink>, ale nie wskazuje na czym naruszenie to ma polegać.</xText>
          <xText>Analizując treść uzasadnienia apelacji strony pozwanej, można wnioskować, że nie dotyczy to wysokości kwot uznanych przez Sąd I Instancji za właściwe do spełnienia funkcji zadośćuczynienia i odszkodowania z tytułu pogorszenia się sytuacji życiowej rodziny zmarłego. Brak jest bowiem w tym przedmiocie jakiejkolwiek polemiki z poczynionymi ustaleniami i ich oceną. Apelujący skarży zatem te kwoty, jak można się domyślić, ponieważ zastosowano w stosunku do nich nieprawidłowy stopień przyczynienia.</xText>
          <xText>Zakres zaskarżenia jest jednakże matematycznie trudny do ogarnięcia.</xText>
          <xText>Za właściwą, odpowiednio z tytułu odszkodowania i zadośćuczynienia kwotę przysługującą żonie zmarłego uznano 100.000 zł i 90 000 zł. 30 % z tej kwoty to odpowiednio 30 000 zł i 27 000 zł. Po pomniejszeniu o wypłacone kwoty daje to 19 500 zł i 9 500 zł. Przy przyjęciu zadośćuczynienia w wysokości 75 % odpowiednio 14 500 zł i 5 000 zł.</xText>
          <xText>Podobnie przebiega wyliczenie co do wysokości zasadzonych kwot na rzecz dzieci zmarłego.</xText>
          <xText>Ostatecznie zatem na podstawie zakresu zaskarżenia można jedynie ustalić, że rzeczywiście strona pozwana uważa, że przyczynienie to wynosiło „około 70 %”.</xText>
          <xText>Nie miało to jednak większego znaczenia, skoro ostatecznie Sąd II Instancji podzielił stanowisko Sądu Okręgowego co do zakresu przyczynienia.</xText>
          <xText>Mając na rozwadze powyższe, apelację jako niezasadną należało oddalić <xBRx/>(<xLexLink xArt="art. 385" xIsapId="WDU19640430296" xTitle="Ustawa z dnia 17 listopada 1964 r. - Kodeks postępowania cywilnego" xAddress="Dz. U. z 1964 r. Nr 43, poz. 296">art. 385 k.p.c.</xLexLink>).</xText>
          <xText>Orzeczenie o kosztach postępowania apelacyjnego znajduje uzasadnienie w treści <xLexLink xArt="art. 98" xIsapId="WDU19640430296" xTitle="Ustawa z dnia 17 listopada 1964 r. - Kodeks postępowania cywilnego" xAddress="Dz. U. z 1964 r. Nr 43, poz. 296">art. 98 k.p.c.</xLexLink>, <xLexLink xArt="art. 391;art. 391 § 1" xIsapId="WDU19640430296" xTitle="Ustawa z dnia 17 listopada 1964 r. - Kodeks postępowania cywilnego" xAddress="Dz. U. z 1964 r. Nr 43, poz. 296">art.391 § 1 k.p.c.</xLexLink> i <xLexLink xArt="§ 6;§ 6 pkt. 4;§ 12;§ 12 ust. 1;§ 12 ust. 1 pkt. 2" xIsapId="WDU20021631348" xTitle="Rozporządzenie Ministra Sprawiedliwości z dnia 28 września 2002 r. w sprawie opłat za czynności adwokackie oraz ponoszenia przez Skarb Państwa kosztów nieopłaconej pomocy prawnej udzielonej z urzędu" xAddress="Dz. U. z 2002 r. Nr 163, poz. 1348">§ 6 pkt 4, § 12 ust.1 pkt 2 rozporządzenia Ministra Sprawiedliwości z dnia 28 września 2002 r. w sprawie opłat za czynności radców prawnych oraz ponoszenia przez Skarb Państwa kosztów nieopłaconej pomocy prawnej udzielonej przez radcę prawnego ustanowionego z urzędu</xLexLink>, przy złożeniu, że koszty należne są każdemu z powodów z osobna.</xText>
          
          <xText>
            <xIx>bp</xIx>
          </xText>
        </xUnit>
      </xBlock>
    </xPart>
  </judgement>
<judgement id="155025100000503_I_C_001571_2012_Uz_2013-02-19_001">
    <xPart xEditorFullName="Ewelina Grudzień" xYear="2012" xLang="PL" xPublisherFullName="Dorota Stochła" xFromPg="1" xEditor="egrudzien" xVolType="15/502510/0000503/C" xPublisher="dstochla" xDocType="Uz" xVolNmbr="001571" xVersion="1.0" xToPage="3" xFlag="published">
      <xName>Wyrok+Uzasadnienie</xName>
      <xBlock>
        <xText>Sygnatura akt I C 1571/12</xText>
        
        <xUnit xIsTitle="true" xBold="true" xType="part">
          <xName>WYROK</xName>
          <xTitle>W IMIENIU RZECZYPOSPOLITEJ POLSKIEJ</xTitle>
          <xText xALIGNx="right">Dnia, 19 lutego 2013r.</xText>
          
          <xText>Sąd Rejonowy w Oleśnicy, Wydział I Cywilny w składzie:</xText>
          <xText>Przewodniczący <xBx><xIx>SSR Ryszard Jaworski</xIx></xBx></xText>
          <xText>Protokolant <xIx>Agnieszka Gierus</xIx></xText>
          <xText>po rozpoznaniu w dniu 19 lutego 2013r. w Oleśnicy sprawy</xText>
          <xText>przy udziale stron:</xText>
          <xText>powód <xBx><xIx><xAnon> (...) Finanse S.A.</xAnon> z siedzibą we <xAnon>W.</xAnon></xIx></xBx></xText>
          <xText>pozwany <xBx><xIx><xAnon>M. K.</xAnon></xIx></xBx></xText>
          <xText>
            <xIx>o zapłatę</xIx>
          </xText>
          
          <xText>powództwo oddala .</xText>
          
          <xText>
            <xIx>Z.</xIx>
          </xText>
          <xText>
            <xIx>kal 21 dni</xIx>
          </xText>
          <xText>
            <xIx>19 lutego 2013r.</xIx>
          </xText>
          
          <xText>I C 1571/12</xText>
        </xUnit>
        <xUnit xIsTitle="true" xBold="true" xType="part">
          <xName>UZASADNIENIE</xName>
          <xText>Strona powodowa wniosła o zasądzenie od pozwanego na swoją rzecz kwoty 215,17zł tytułem kary umownej związanej z umową wiążącą pozwanego z firmą telekomunikacyjną – którą to wierzytelność powódka nabyła.</xText>
          
          <xText>Pozwany wniósł sprzeciw od nakazu zapłaty wydanego w elektronicznym postępowaniu upominawczym i zarzucił, że kara umowna została naliczona bezpodstawnie.</xText>
          
          <xText>Pozwany wskazał, że istotnie wiązała go umowa z <xAnon> firmą (...) SA</xAnon><xBRx/>o świadczenie usług telekomunikacyjnych i umowa ta była wielokrotnie przedłużana na podstawie odrębnych aneksów. W ramach tych umów pozwany zwrócił się o zmianę lokalizacji świadczenia usługi co okazało się niemożliwe z przyczyn technicznych. To było przyczyną uznania przez operatora, że nastąpiło zerwanie umowy skutkujące naliczenie kary.</xText>
          
          <xText>Zdaniem pozwanego naliczenie tej kary nie było jednak zasadne z uwagi na unormowania regulaminowe – tym bardziej, że pozwany uzyskał początkowo korzystną dla siebie interpretację tych unormowań dokonaną przez pracowników operatora.</xText>
          
          <xText>W toku postępowania ustalono następujący stan faktyczny:</xText>
          
          <xText>W istocie niesporne między stronami jest, że pozwany był abonamentem operatora telekomunikacyjnego, który dokonał naliczenia kary umownej objętej żądaniem pozwu. Wierzytelność ta została zbyta powodowej firmie, a pozwany wezwany do jej zapłaty nie uiścił należności.</xText>
          
          <xText>odpisy dokumentacji k. 29 i nast.</xText>
          
          <xText xALIGNx="center">
            <xBx>X X X</xBx>
          </xText>
          
          <xText>Przechodząc do omówienia kwestii dotyczącej oceny zgłoszonego przez powódkę żądania należy wskazać, że postępowanie dotyczy roszczenia wynikającego z umowy, a zatem prowadzone było w postępowaniu uproszczonym, unormowanym w <xLexLink xArt="art. 505(1)" xIsapId="WDU19640430296" xTitle="Ustawa z dnia 17 listopada 1964 r. - Kodeks postępowania cywilnego" xAddress="Dz. U. z 1964 r. Nr 43, poz. 296">art. 505<xSUPx>1</xSUPx> i nast. kpc</xLexLink>.</xText>
          
          <xText>Zatem, zgodne z <xLexLink xArt="art. 505(5);art. 505(5) § 1" xIsapId="WDU19640430296" xTitle="Ustawa z dnia 17 listopada 1964 r. - Kodeks postępowania cywilnego" xAddress="Dz. U. z 1964 r. Nr 43, poz. 296">art. 505<xSUPx>5</xSUPx> § 1 kpc</xLexLink> wnioski dowodowe nie zgłoszone w pozwie, odpowiedzi na pozew lub pierwszym terminie rozprawy w zasadzie nie mogą być rozpoznawane. To unormowanie nie zmienia przy tym ogólnej zasady dotyczącej rozkładu ciężaru dowodu wyrażonej w <xLexLink xArt="art. 6" xIsapId="WDU19640160093" xTitle="Ustawa z dnia 23 kwietnia 1964 r. - Kodeks cywilny" xAddress="Dz. U. z 1964 r. Nr 16, poz. 93">art. 6 kc.</xLexLink></xText>
          
          <xText>W niniejszej sprawie w istocie rozstrzygnięcie zależne powinno być od interpretacji unormowań łączącej strony umowy (regulaminów) w kontekście przyjęcia, czy kara była naliczona zasadnie.</xText>
          
          <xText>W tym też zakresie pozwany powołał (na terminie rozprawy) szereg wniosków dowodowych, wykazując na brak podstaw do naliczenia kary. Wskazana wyżej zasada wyrażona w <xLexLink xArt="art. 6" xIsapId="WDU19640160093" xTitle="Ustawa z dnia 23 kwietnia 1964 r. - Kodeks cywilny" xAddress="Dz. U. z 1964 r. Nr 16, poz. 93">art. 6 kc</xLexLink> przewiduje jednak, że wnioski dowodowe pozwalające na poczynienie ustaleń uzasadniających żądanie pozwu – obciążają powoda. Nie do przyjęcia jest zatem, by prowadzić postępowanie dowodowe na wnioski pozwanego w takim zakresie, w jakim powód nie udowodnił swego roszczenia.</xText>
          
          <xText>Postępowanie uproszczone prowadzone jest w oparciu o pozew wnoszony na formularzu, gdzie zawarte też muszą być wszystkie wnioski dowodowe niezbędne do wykazania zasadności powództwa.</xText>
          
          <xText>Takie wnioski są zawarte na k. 26v akt i dotyczą:</xText>
          <xText>- nałożenia kary umownej;</xText>
          <xText>- noty odsetkowej;</xText>
          <xText>- wezwanie do zapłaty;</xText>
          <xText>- przelewu wierzytelności;</xText>
          <xText>- umowy o świadczenie usług</xText>
          
          <xText>Dowody z tych dokumentów zostały przeprowadzone i w ich wyniku ustalono (co było zresztą niesporne), że operator telekomunikacyjny wystawił notę obciążeniową dotyczącą kary umownej, a potem notę odsetkową, a także, że pozwany był wzywany do zapłaty. Wykazane też zostało, że poprzednika powoda i pozwanego łączyła umowa o świadczenie usług telekomunikacyjnych i że wierzytelność jaką operator wykazywał w swojej dokumentacji księgowej wobec pozwanego została zbyta powódce.</xText>
          
          <xText>Z żadnego z tych dowodów nie wynika jednak by zaszły okoliczności uzasadniające naliczenie kary umownej. Brak jest postanowień regulaminowych przewidujących taką karę jak też nie wykazano, by zaistniały okoliczności faktyczne zastosowanie tej kary uzasadniające.</xText>
          
          <xText>Z tego też powodu nie było podstaw dowodowych do ustalenia istnienia wymagalnego zobowiązania obejmującego dochodzoną pozwem należność – a to uzasadniało oddalenie pozwu.</xText>
          
          <xText>Brak było procesowych przesłanek to tego by ocenić dowody przedstawione przez pozwanego. Wprawdzie z ich analizy można by było dokonywać oceny roszczenia – ale nie jest rolą pozwanego przedstawienie dowodów, które by np. prowadzić miały do uwzględnienia powództwa przeciwko niemu skierowanego.</xText>
          
          <xText>Natomiast ocenianie ich w aspekcie niezasadności powództwa – jest bezprzedmiotowe, gdy z twierdzeń pozwu (wniosków dowodowych tam zawartych) nie wynika, by roszczenie było zasadne. Wnioski (i stanowisko interpretacyjne) pozwanego były by zatem omawiane dopiero wtedy, gdyby z twierdzeń pozwu wynikały okoliczności dotyczące odstąpienia od umowy, unormowań powodujących zasadność naliczenia kary umownej i jej wysokości oraz zasadny jej naliczenia.</xText>
          
          <xText>Brak tego rodzaju przesłanek powodował, że wnioski dowodowe pozwanego uznano za nieistotne dla rozstrzygnięcia.</xText>
          
          <xText>Brak orzeczenie o kosztach wynika z faktu, że pozwany, wygrywający proces, kosztów takich nie poniósł.</xText>
          
          <xText>
            <xIx>Z/</xIx>
          </xText>
          <xUnit xIsTitle="false" xType="none">
            <xName xSffx=".">1</xName>
            <xText>
              <xIx>odpis dor. pełn. pow; </xIx>
            </xText>
          </xUnit>
          <xUnit xIsTitle="false" xType="none">
            <xName xSffx=".">2</xName>
            <xText>
              <xIx>kal. 10 dni </xIx>
            </xText>
          </xUnit>
          <xText>
            <xIx>22.02.2013r.</xIx>
          </xText>
        </xUnit>
      </xBlock>
    </xPart>
  </judgement>
<judgement id="150500000000503_I_ACa_000206_2012_Uz_2013-02-20_001">
    <xPart xEditorFullName="Izabela Lach" xYear="2012" xLang="PL" xPublisherFullName="Barbara Basiel" xFromPg="1" xEditor="ilach" xVolType="15/050000/0000503/ACa" xPublisher="bbasiel" xDocType="Uz" xVolNmbr="000206" xVersion="1.0" xToPage="13" xFlag="published">
      <xName>Wyrok+Uzasadnienie</xName>
      <xBlock>
        <xText>Sygn. akt I A Ca 206/12</xText>
        <xUnit xIsTitle="true" xBold="true" xType="part">
          <xName>WYROK</xName>
          <xTitle>W IMIENIU RZECZYPOSPOLITEJ POLSKIEJ</xTitle>
          <xText xALIGNx="right"> Dnia 20 lutego 2013 r.</xText>
          
          <xText>Sąd Apelacyjny w Białymstoku I Wydział Cywilny</xText>
          <xText>w składzie:</xText>
          
          <xRows>
            <xCOLGROUPx>
              <xCOLx xWIDTHx="164"/>
              <xCOLx xWIDTHx="22"/>
              <xCOLx xWIDTHx="438"/>
            </xCOLGROUPx>
            <xRow>
              <xClmn xALIGNx="left" xVALIGNx="top">
                <xText>Przewodniczący</xText>
              </xClmn>
              <xClmn xALIGNx="left" xVALIGNx="top">
                <xText>:</xText>
              </xClmn>
              <xClmn xALIGNx="left" xVALIGNx="top">
                <xText>SSA Krzysztof Chojnowski</xText>
              </xClmn>
            </xRow>
            <xRow>
              <xClmn xALIGNx="left" xVALIGNx="top">
                <xText>Sędziowie</xText>
              </xClmn>
              <xClmn xALIGNx="left" xVALIGNx="top">
                <xText>:</xText>
              </xClmn>
              <xClmn xALIGNx="left" xVALIGNx="top">
                <xText>SA Elżbieta Bieńkowska (spr.)</xText>
                <xText>SA Jarosław Marek Kamiński</xText>
              </xClmn>
            </xRow>
            <xRow>
              <xClmn xALIGNx="left" xVALIGNx="top">
                <xText>Protokolant</xText>
              </xClmn>
              <xClmn xALIGNx="left" xVALIGNx="top">
                <xText>:</xText>
              </xClmn>
              <xClmn xALIGNx="left" xVALIGNx="top">
                <xText>
          Iwona Aldona Zakrzewska
        </xText>
              </xClmn>
            </xRow>
          </xRows>
          
          <xText>po rozpoznaniu w dniu 6 lutego 2013 r. w Białymstoku</xText>
          <xText>na rozprawie</xText>
          <xText>sprawy z powództwa <xBx><xAnon>K. S.</xAnon></xBx></xText>
          <xText>przeciwko<xBx><xAnon> (...) Spółce Akcyjnej</xAnon><xAnon>V.</xAnon><xAnon> (...)</xAnon> w <xAnon>W.</xAnon></xBx></xText>
          <xText>
            <xBx>o zapłatę</xBx>
          </xText>
          <xText>na skutek apelacji <xBx>obu stron</xBx></xText>
          <xText>od wyroku Sądu Okręgowego w Olsztynie</xText>
          <xText>z dnia 18 stycznia 2012 r. sygn. akt I C 103/10</xText>
          
          <xUnit xIsTitle="false" xType="none">
            <xName xSffx=".">I</xName>
            <xText>
              <xBx>oddala obie apelacje; </xBx>
            </xText>
          </xUnit>
          <xUnit xIsTitle="false" xType="none">
            <xName xSffx=".">II</xName>
            <xText>
              <xBx>znosi wzajemnie między stronami koszty procesu za drugą instancję; </xBx>
            </xText>
          </xUnit>
          <xUnit xIsTitle="false" xType="none">
            <xName xSffx=".">III</xName>
            <xText>
              <xBx>nakazuje ściągnąć od pozwanego na rzecz Skarbu Państwa - Sądu Okręgowego w Olsztynie kwotę 94 złotych tytułem nieuiszczonych kosztów sądowych. </xBx>
            </xText>
          </xUnit>
        </xUnit>
        <xUnit xIsTitle="true" xBold="true" xType="part">
          <xName>UZASADNIENIE</xName>
          <xText><xAnon>K. S.</xAnon> wnosiła o zasądzenie od <xAnon> (...) S.A.</xAnon><xAnon>V.</xAnon><xAnon> (...)</xAnon> w <xAnon>W.</xAnon> (spółka została następnie przejęta, w trybie <xLexLink xArt="art. 492;art. 492 § 1;art. 492 § 1 pkt. 1" xIsapId="WDU20000941037" xTitle="Ustawa z dnia 15 września 2000 r. - Kodeks spółek handlowych" xAddress="Dz. U. z 2000 r. Nr 94, poz. 1037">art. 492 § 1 pkt 1 k.s.h.</xLexLink>, przez <xAnon> (...) S.A.</xAnon><xAnon>V.</xAnon><xAnon> (...)</xAnon> w <xAnon>W.</xAnon> /k. 857-860/, która stała się podmiotem legitymowanym biernie na dalszym etapie postępowania) kwoty 126.502,90 zł z ustawowymi odsetkami od dnia 15 stycznia 2010 r. do dnia zapłaty, tytułem naprawienia szkody powstałej w wyniku pożaru budynku gospodarczego znajdującego się na jej nieruchomości. Na dochodzoną pozwem sumę składał się koszt robót rozbiórkowych i koszt odbudowy budynku gospodarczego - w wysokości 90.000 zł oraz wartość zniszczonego w pożarze wyposażenia budynku, wynosząca 36.502,90 zł. Ostatecznie, w piśmie z 19 maja 2011 r., powódka określiła wartość zniszczonego mienia ruchomego na kwotę 35.661,33 zł.</xText>
          <xText>Pozwany wnosił o oddalenie powództwa. Kwestionując swoją odpowiedzialność co do zasady, wskazał na brak dowodów, z których wynikałoby, że do pożaru doszło na skutek samozapłonu pojazdu, objętego ubezpieczeniem OC. Pozwany podniósł także, że nieudowodniona została wysokość szkody w zakresie wyposażenia budynku gospodarczego.</xText>
          <xText>Wyrokiem z 18 stycznia 2012 r. Sąd Okręgowy w Olsztynie zasądził od pozwanego na rzecz powódki kwotę 64.273,42 zł z ustawowymi odsetkami od 16 stycznia 2010 r. do dnia zapłaty i oddalił powództwo w pozostałym zakresie, znosząc wzajemnie między stronami poniesione przez nie koszty procesu.</xText>
          <xText>Sąd I instancji ustalił, że powódka jest właścicielką nieruchomości gruntowej, położonej w <xAnon>T.</xAnon>, na której posadowiony jest dom mieszkalny oraz na której wzniesiony był budynek gospodarczy z garażem. Powódka i <xAnon>A. C.</xAnon>, z którym pozostaje w związku konkubenckim, na prośbę ich wspólnego znajomego <xAnon>W. Z.</xAnon>, udostępnili mu grzecznościowo garaż. <xAnon>W. Z.</xAnon> przygotowywał w nim, do rajdów terenowych, swój samochód marki <xAnon>R. (...)</xAnon>. W dniu 10 grudnia 2009 r. <xAnon>A. C.</xAnon>, na prośbę <xAnon>W. Z.</xAnon>, zamierzał wymienić płyn chłodniczy w ww. samochodzie. W tym celu pojechał nim na stację benzynową w <xAnon>O.</xAnon>, gdzie zakupił płyn i wrócił do <xAnon>T.</xAnon>. Po powrocie, gdy wjechał samochodem do garażu, zauważył, że spod maski oraz z prawego boku pojazdu wydobywa się duży ogień. Wówczas szybko opuścił samochód i z pomocą syna powódki wyniósł z budynku butle z gazem i kanistry z paliwem. Następnie wezwał Straż Pożarną. W tym czasie ogień objął już strop garażu. Całkowitemu spaleniu uległ samochód oraz wyposażenie znajdujące się w garażu i budynku gospodarczym. Zniszczenia objęły również sam budynek.</xText>
          <xText>Sąd Okręgowy zważył, że na podstawie <xLexLink xArt="art. 34;art. 34 ust. 1;art. 34 ust. 2;art. 34 ust. 2 pkt. 3" xIsapId="WDU20031241152" xTitle="Ustawa z dnia 22 maja 2003 r. o ubezpieczeniach obowiązkowych, Ubezpieczeniowym Funduszu Gwarancyjnym i Polskim Biurze Ubezpieczycieli Komunikacyjnych" xAddress="Dz. U. z 2003 r. Nr 124, poz. 1152">art. 34 ust. 1 i 2 pkt. 3 ustawy z dnia 22 maja 2003 r. o ubezpieczeniach obowiązkowych, Ubezpieczeniowym Funduszu Gwarancyjnym i Polskim Biurze Ubezpieczycieli Komunikacyjnych</xLexLink> (Dz.U. Nr 124, poz. 1152 ze zm. – dalej: <xIx>u.ubezp.obow.</xIx>), z ubezpieczenia OC posiadaczy pojazdów mechanicznych, ubezpieczyciel odpowiada za szkodę wyrządzoną w związku z ruchem pojazdu; z kolei za szkodę powstałą w związku z ruchem pojazdu mechanicznego uważa się również szkodę powstałą podczas zatrzymania, postoju i garażowania auta. Ustalając następnie, na podstawie opinii biegłego z zakresu pożarnictwa, że przyczyną powstania pożaru samochodu osobowego <xAnon>R. (...)</xAnon> i budynku było zapalenie się par benzyny wyciekających z rozszczelnionego układu paliwowego pojazdu od rozgrzanych elementów układu wydechowego samochodu, Sąd uznał, że pozwany ponosi co do zasady odpowiedzialność za szkodę powódki.</xText>
          <xText>W oparciu o wnioski zawarte w opinii biegłego z zakresu budownictwa, Sąd ustalił, że zniszczenia budynku gospodarczego obejmują konstrukcję dachową, stolarkę drzwiową i okienną, ocieplenie budynku, tynki, ściany osłonowe i instalację elektryczną. Uszkodzeniu nie uległy jedynie fundamenty i elementy konstrukcyjne na poziomie posadzki budynku. Wartość robót niezbędnych do doprowadzenia obiektu do stanu przed zdarzeniem (łącznie z kosztem wywozu gruzu) wynosiła 58.176,77 zł.</xText>
          <xText>Sąd uznał także za częściowo uzasadnione żądanie zapłaty odszkodowania za zniszczone w wyniku pożaru mienie ruchome, znajdujące się w garażu i budynku gospodarczym. Częściowe uwzględnienie żądań wynikało z faktu, że powódka nie udowodniła szkody w dochodzonej wysokości. Przede wszystkim nie przedłożyła protokołu z inwentaryzacji zniszczonych przedmiotów, mimo że, jak twierdziła, taki protokół został sporządzony. Wnioski dowodowe, m.in. na okoliczność sporządzenia tego protokołu oraz wykazu zniszczeń w wyposażeniu garażu, złożone na rozprawie w dniu 11 stycznia 2012 r. Sąd oddalił jako spóźnione. W konsekwencji Sąd wskazał, że na podstawie materiału dowodowego trudno jest ustalić, czy wskazane w zestawieniu samej powódki ruchomości faktycznie znajdowały się w budynku podczas pożaru, czy stanowiły jej własność i jaka była ich wartość. Dlatego, przy ustaleniu wysokości szkody w mieniu ruchomym Sąd I instancji uwzględnił wyłącznie te przedmioty, które były udokumentowane dowodami ich zakupu. Zestawienie to objęło następujące przedmioty: śrubokręty krzyżakowe - 24,57 zł; tarczki do cięcia metalu i betonu i listkowa - 75,96 zł; przewód, złączka do urządzeń pneumatycznych i kompresor - 645,90 zł; przedłużacz - 98,35 zł; skrzynka na narzędzia - 114,72 zł; prostownik - 131,15 zł; migotam + reduktor + butlal - 580,31 zł; opaski zaciskowe - 30,13 zł; aluminiowa taśma klejąca - 4,75 zł; kanister z rozpuszczalnikiem - 20,49 zł; piec gazowy z reduktorem - 342,21 zł; zestaw nitów - 9,80 zł; myjka ciśnieniowa - 204,10 zł; wąż do myjki - 51,23 zł; lakier samochodowy - 327,88 zł; klej butapren - 12,44 zł; silikon - 7,37 zł; cztery poziomice - 23,30 zł; drzwi wejściowe - 171,31 zł; komoda - 310,66 zł; wkręty - 2,83 zł; farba emulsyjna - 141,72 zł; grabie - 32,78 zł; sekator - 6,62 zł; pompa do szamba - 65,57 zł; pompa hydroforowa - 269,67 zł; regał - 171,31 zł; dywaniki samochodowe - 114,74 zł; ościeżnice drewniane - 147,50 zł; lina pleciona - 26,84 zł; trzy miotły - 10,66 zł; taśmy papierowe - 7,23 zł; przewody rozruchowe - 12,29 zł; olej silnikowy - 231,96 zł; olej do przekładni hydraulicznych - 124,08 zł; kit - 47,46 zł; komplet świec do samochodu <xAnon>S. (...)</xAnon> - 143,02 zł; klucz przestawny - 83,20 zł; wiertarka udarowa - 97,51 zł; pistolet <xAnon>D.</xAnon> - 17,71 zł. Łącznie 6.096,65 zł.</xText>
          <xText>W rezultacie Sąd Okręgowy uwzględnił roszczenie powódki co do kwoty 64.273,42 zł (58.176,77 + 6.096,65), zaś w pozostałym zakresie, powództwo jako nieudowodnione zostało oddalone.</xText>
          <xText>Apelację od tego wyroku wniosły obie strony.</xText>
          
          <xText>Pozwany zaskarżył wyrok w części uwzględniającej powództwo, zarzucając Sądowi I instancji naruszenie:</xText>
          <xUnit xIsTitle="false" xType="none">
            <xName xSffx=".">1</xName>
            <xText>art. 34 ust. 1 i 2 pkt 3 u.ubezp.obow. poprzez jego niewłaściwe zastosowanie,</xText>
          </xUnit>
          <xUnit xIsTitle="false" xType="none">
            <xName xSffx=".">2</xName>
            <xText><xLexLink xArt="art. 361;art. 361 § 2" xIsapId="WDU19640160093" xTitle="Ustawa z dnia 23 kwietnia 1964 r. - Kodeks cywilny" xAddress="Dz. U. z 1964 r. Nr 16, poz. 93">art. 361 § 2 k.c.</xLexLink> poprzez jego niewłaściwe zastosowanie i zasądzenie na rzecz powódki odszkodowania za straty, których nie poniosła,</xText>
          </xUnit>
          <xUnit xIsTitle="false" xType="none">
            <xName xSffx=".">3</xName>
            <xText><xLexLink xArt="art. 233;art. 233 § 1" xIsapId="WDU19640430296" xTitle="Ustawa z dnia 17 listopada 1964 r. - Kodeks postępowania cywilnego" xAddress="Dz. U. z 1964 r. Nr 43, poz. 296">art. 233 § 1 k.p.c.</xLexLink> poprzez dokonanie oceny dowodów w postaci opinii biegłego ds. pożarnictwa, zeznań świadka <xAnon>A. C.</xAnon>, zeznań świadka <xAnon>K. R.</xAnon>, zaświadczenia Komendy Powiatowej Państwowej Straży Pożarnej w <xAnon>O.</xAnon> z 14 grudnia 2009 r. z pominięciem wszechstronnego rozważenia materiału dowodowego oraz wbrew zasadom logicznego rozumowania,</xText>
          </xUnit>
          <xUnit xIsTitle="false" xType="none">
            <xName xSffx=".">4</xName>
            <xText><xLexLink xArt="art. 227" xIsapId="WDU19640430296" xTitle="Ustawa z dnia 17 listopada 1964 r. - Kodeks postępowania cywilnego" xAddress="Dz. U. z 1964 r. Nr 43, poz. 296">art. 227</xLexLink> w zw. z <xLexLink xArt="art. 278" xIsapId="WDU19640430296" xTitle="Ustawa z dnia 17 listopada 1964 r. - Kodeks postępowania cywilnego" xAddress="Dz. U. z 1964 r. Nr 43, poz. 296">art. 278</xLexLink> w zw. z <xLexLink xArt="art. 286" xIsapId="WDU19640430296" xTitle="Ustawa z dnia 17 listopada 1964 r. - Kodeks postępowania cywilnego" xAddress="Dz. U. z 1964 r. Nr 43, poz. 296">art. 286</xLexLink> w zw. z <xLexLink xArt="art. 290" xIsapId="WDU19640430296" xTitle="Ustawa z dnia 17 listopada 1964 r. - Kodeks postępowania cywilnego" xAddress="Dz. U. z 1964 r. Nr 43, poz. 296">art. 290 k.p.c.</xLexLink> poprzez oddalenie wniosku dowodowego pozwanego w zakresie sporządzenia dodatkowej opinii pożarniczej przez instytuty naukowy.</xText>
          </xUnit>
          <xText>W oparciu o powyższe zarzuty pozwany wnosił o zmianę zaskarżonego wyroku i oddalenie powództwa; ewentualnie o uchylenie zaskarżonego wyroku i przekazanie sprawy Sądowi I instancji do ponownego rozpoznania.</xText>
          
          <xText>Powódka zaskarżyła wyrok w części oddalającej powództwo, zarzucając naruszenie:</xText>
          <xUnit xIsTitle="false" xType="none">
            <xName xSffx=".">1</xName>
            <xText><xLexLink xArt="art. 16;art. 16 ust. 1" xIsapId="WDU20031241151" xTitle="Ustawa z dnia 22 maja 2003 r. o działalności ubezpieczeniowej" xAddress="Dz. U. z 2003 r. Nr 124, poz. 1151">art. 16 ust. 1 ustawy z dnia 22 maja 2003 r. o działalności ubezpieczeniowej</xLexLink> (t.j. Dz.U. z 2010 r. Nr 11, poz. 66 ze zm. – dalej: <xIx>u.dział.ubezp.</xIx>) poprzez jego niezastosowanie w sprawie, wyrażające się w przyjęciu, że powódka nie udowodniła w pełni wysokości swego roszczenia w sytuacji, gdy posługiwała się ona w tym zakresie dowodami zgromadzonymi przez pozwany zakład ubezpieczeń w ramach przeprowadzonego postępowania likwidacyjnego,</xText>
          </xUnit>
          <xUnit xIsTitle="false" xType="none">
            <xName xSffx=".">2</xName>
            <xText><xLexLink xArt="art. 361" xIsapId="WDU19640160093" xTitle="Ustawa z dnia 23 kwietnia 1964 r. - Kodeks cywilny" xAddress="Dz. U. z 1964 r. Nr 16, poz. 93">art. 361</xLexLink> w zw. z <xLexLink xArt="art. 363" xIsapId="WDU19640160093" xTitle="Ustawa z dnia 23 kwietnia 1964 r. - Kodeks cywilny" xAddress="Dz. U. z 1964 r. Nr 16, poz. 93">art. 363 k.c.</xLexLink> poprzez ich niewłaściwe zastosowanie wyrażające się pominięciem zasady pełnego odszkodowania,</xText>
          </xUnit>
          <xUnit xIsTitle="false" xType="none">
            <xName xSffx=".">3</xName>
            <xText><xLexLink xArt="art. 231" xIsapId="WDU19640430296" xTitle="Ustawa z dnia 17 listopada 1964 r. - Kodeks postępowania cywilnego" xAddress="Dz. U. z 1964 r. Nr 43, poz. 296">art. 231</xLexLink> w zw. z <xLexLink xArt="art. 233;art. 233 § 1" xIsapId="WDU19640430296" xTitle="Ustawa z dnia 17 listopada 1964 r. - Kodeks postępowania cywilnego" xAddress="Dz. U. z 1964 r. Nr 43, poz. 296">art. 233 § 1 k.p.c.</xLexLink> poprzez ich błędne zastosowanie wyrażające się w przyjęciu, że zgromadzony w sprawie materiał dowodowy, w tym opinia biegłego sądowego <xAnon>J. L.</xAnon> oraz dokumenty pochodzące z postępowania likwidacyjnego, nie uzasadniają wysokości roszczenia powódki w zakresie odszkodowania za spalony budynek oraz za znajdujące się w nim ruchomości,</xText>
          </xUnit>
          <xUnit xIsTitle="false" xType="none">
            <xName xSffx=".">4</xName>
            <xText><xLexLink xArt="art. 6" xIsapId="WDU19640430296" xTitle="Ustawa z dnia 17 listopada 1964 r. - Kodeks postępowania cywilnego" xAddress="Dz. U. z 1964 r. Nr 43, poz. 296">art. 6 k.p.c.</xLexLink> poprzez jego błędną wykładnię wyrażającą się w przyjęciu, że czynności podejmowane w celu przeciwdziałania przewlekaniu postępowania mogą prowadzić do uszczerbku dla rzetelnego wyjaśnienia sprawy,</xText>
          </xUnit>
          <xUnit xIsTitle="false" xType="none">
            <xName xSffx=".">5</xName>
            <xText><xLexLink xArt="art. 207;art. 207 § 3" xIsapId="WDU19640430296" xTitle="Ustawa z dnia 17 listopada 1964 r. - Kodeks postępowania cywilnego" xAddress="Dz. U. z 1964 r. Nr 43, poz. 296">art. 207 § 3 k.p.c.</xLexLink> poprzez pominięcie dowodów zgłoszonych w piśmie procesowym z 11 grudnia 2012 r.</xText>
          </xUnit>
          
          <xText>Z uwagi na powyższe powódka wnosiła o zmianę wyroku w zaskarżonej części i zasądzenie od pozwanego dodatkowo kwoty 64.273,42 zł; ewentualnie o uchylenie skarżonego orzeczenia i przekazanie sprawy Sądowi I instancji do ponownego rozpoznania.</xText>
          
          <xText>
            <xBx>Sąd Apelacyjny ustalił i zważył, co następuje:</xBx>
          </xText>
          <xText>
            <xBx>Obie apelacje nie były zasadne.</xBx>
          </xText>
          
          <xText>Analizę zarzutów apelacji należało rozpocząć od tych najdalej idących, tj. od zarzutów pozwanego zmierzających w kierunku wyłączenia jego odpowiedzialności za skutki pożaru, co do zasady. Skarżący zawarł je w punkcie 1 i 4 apelacji i nadał im jednocześnie formę zarzutu naruszenia prawa materialnego i procesowego. Jako, że meritum apelacji koncentrowało się wokół ustaleń faktycznych, które dawały dopiero podstawy do subsumcji stanu faktycznego pod normę wskazaną w art. 34 ust. 1 i ust. 2 pkt 3 u.ubezp.obow. (ustalenia co do przyczyn pożaru), zarzut naruszenia tego przepisu był chybiony. Prawidłowy i jednocześnie zasadny okazał się natomiast zarzut procesowy wskazujący na wadliwe pominięcie wniosku dowodowego pozwanego w przedmiocie dopuszczenia dodatkowego dowodu z opinii instytutu naukowego (<xLexLink xArt="art. 286" xIsapId="WDU19640430296" xTitle="Ustawa z dnia 17 listopada 1964 r. - Kodeks postępowania cywilnego" xAddress="Dz. U. z 1964 r. Nr 43, poz. 296">art. 286</xLexLink> w zw. z <xLexLink xArt="art. 290;art. 290 § 1" xIsapId="WDU19640430296" xTitle="Ustawa z dnia 17 listopada 1964 r. - Kodeks postępowania cywilnego" xAddress="Dz. U. z 1964 r. Nr 43, poz. 296">art. 290 § 1 k.p.c.</xLexLink>).</xText>
          <xText>Ustalenie przyczyn i przebiegu pożaru w należącym do powódki budynku gospodarczym, wymagało niewątpliwie zasięgnięcia wiadomości specjalnych. Sąd I instancji dopuścił dowód z opinii biegłego z zakresu pożarnictwa, a ten, dysponując materiałem zgormadzonym w aktach sprawy oraz własną wiedzą i doświadczeniem, przedstawił i szczegółowo uzasadnił najbardziej prawdopodobny przebieg zdarzenia. Biegły przyjął możliwość wystąpienia uszkodzenia przewodów paliwowych biegnących wzdłuż podwozia z prawej strony pojazdu i w konsekwencji parowanie paliwa w pobliżu gorących elementów układu wydechowego. Biegły wyjaśnił także dlaczego do zapalenia paliwa mogło dojść dopiero w garażu, wskazując na obniżenie w pomieszczeniu poziomu cyrkulacji powietrza. Intensywność i tempo rozprzestrzeniania się ognia wzmagał wzrost temperatury oraz będące jego skutkiem szybsze parowanie benzyny (k. 309-316, 351-354, 393). Zważywszy na wyjątkowość tego rodzaju zdarzenia, wynikające z braku dowodów bezpośrednich oparcie wniosków opinii na rozważaniach w istocie teoretycznych oraz na to, że sam biegły wskazał na niemożność jednoznacznego określenia przyczyny pożaru, należało uznać, że w sprawie zaistniała uzasadniona potrzeba do zasięgnięcia opinii dodatkowej (<xLexLink xArt="art. 286" xIsapId="WDU19640430296" xTitle="Ustawa z dnia 17 listopada 1964 r. - Kodeks postępowania cywilnego" xAddress="Dz. U. z 1964 r. Nr 43, poz. 296">art. 286 k.p.c.</xLexLink>).</xText>
          <xText>W związku z powyższym, na podstawie <xLexLink xArt="art. 382" xIsapId="WDU19640430296" xTitle="Ustawa z dnia 17 listopada 1964 r. - Kodeks postępowania cywilnego" xAddress="Dz. U. z 1964 r. Nr 43, poz. 296">art. 382 k.p.c.</xLexLink>, Sąd Apelacyjny  dopuścił dowód uzupełniający z opinii Szkoły Głównej <xAnon> (...)</xAnon> Pożarniczej. Opiniujący przedstawił i szczegółowo scharakteryzował potencjalne przyczyny powstania pożaru (podpalenie, awaryjny stan pracy instalacji elektrycznej, zaprószenie ognia, awaria pieca grzewczego, zapalenie się gazu z butli, nieszczelność przewodu paliwowego pojazdu) i stwierdził, że przyczyną jego powstania w tym przypadku był zapłon par benzyny wydostającej się z uszkodzonej instalacji paliwowej pojazdu. Wnioski tej opinii są zatem zbieżne z wnioskami opinii sporządzonej w postępowaniu pierwszoinstancyjnym. Podobnie jak przy pierwszej opinii, pozwany zakwestionował zasadność takiej tezy, wskazując na brak materiału dowodowego, który umożliwiałby jej postawienie za pomocą badań empirycznych, a w szczególności na brak dowodu, że przewód paliwowy w pojeździe faktycznie był nieszczelny (uszkodzony). Na rozprawie biegły wyjaśnił, że ustalenie przyczyn pożaru oraz określenie miejsca i kierunku jego rozprzestrzenienia się, wymagało właściwego zabezpieczenia i udokumentowania miejsca zdarzenia, czego w niniejszej sprawie zabrakło. Biegły podkreślił, że po zdarzeniu nie sporządzono protokołu oględzin pogorzeliska oraz nie wykonano w sposób należyty dokumentacji fotograficznej miejsca zdarzenia bezpośrednio po zakończeniu akcji gaśniczej. Obraz stanu pogorzeliska, zamieszczony częściowo w materiale zdjęciowym, został dodatkowo zniekształcony przez zalegający śnieg. W tej sytuacji, jak wskazał biegły, w zasadzie jedynym materiałem dowodowym, pozwalającym na odtworzenie przebiegu zdarzeń, były zeznania naocznego świadka – <xAnon>A. C.</xAnon>. Opinia musiała zatem bazować na tych zeznaniach, korygowanych i uzupełnianych wiedzą i doświadczeniem biegłego (zapis audio z rozprawy: 00.04’.09’’ – 00.04’.16’’; 00.08’.16’’ – 00.08’.42’’; 00.09’.02’’ – 00.09’.57’’; 00.11’.16’’ – 00.12’.00’’; 00.12’08’’ – 00.12’.24’’). Mając powyższe na względzie należało uznać, że obecnie uzupełniająca opinia biegłego wyczerpywała środki dowodowe, za pomocą których można by było ustalić przyczynę pożaru. Wniosek ten uzasadnia dodatkowo pismo <xAnon> Państwowego Instytutu (...)</xAnon>, w którym Instytut ten (mający opiniować w pierwszej kolejności) wskazał, że sporządzone ewentualnie opracowanie nie dostarczy innych wniosków niż te, które zostały dotychczas w sprawie zaprezentowane (por. pismo z 25 lipca 2012 r. – k. 835).</xText>
          <xText>W ocenie Sądu Apelacyjnego nie było uzasadnionych podstaw, aby mimo braku dowodów bezpośrednich (empirycznych) dyskwalifikować wnioski kolejnego biegłego. Po pierwsze, brak jest podstaw do odmówienia wiarygodności konsekwentnym i spójnym zeznaniom świadka, w oparciu o które obaj powołani w sprawie biegli konstruowali wnioski co do przyczyny pożaru. Na takowe nie wskazał również sam biegły z <xAnon> (...)</xAnon>, który oceniając zeznania <xAnon>A. C.</xAnon> z punktu widzenia danych określających fizykę pojawienia się i rozwoju pożaru, nie dostrzegł jakichkolwiek sprzeczności, ani treści, które wykluczałby podtrzymywaną przez stronę powodową tezę o „samozapłonie” pojazdu (zapis audio z rozprawy: 00.12’.44’’ – 00.13’.18’’). W oparciu o te zeznania i zawarty w nich opis gwałtownego przebiegu zdarzenia biegły w sposób kategoryczny wskazał, że do pożaru musiało doprowadzić zapalenie wydostających się par paliwa, ponieważ tak szybko, jak to opisał świadek, spalają się tyko paliwa (zapis audio z rozprawy: 00.07’.26’’ – 00.07’.50’’). Na powyższe wskazuje również miejsce pojawienia się ognia, tj. po tej stronie pojazdu, po której zlokalizowana była instalacja paliwowa (k. 871). Strona pozwana podjęła próbę zdyskredytowania wniosków biegłego skupiając się również na zespole opiniującym, w składzie którego, zdaniem pozwanego, niezbędne było uczestnictwo osoby posiadającej wiedzę specjalistyczną z zakresu budowy samochodów. Biegły przyznał, że sporządził opinię samodzielnie, bez udziału osób zajmujących się zawodowo mechaniką pojazdową, jednakże podkreślił też, że posiada doświadczenie w sprawach określania przyczyn pożarów pojazdów mechanicznych (zapis audio z rozprawy: 00.06’.00’’ – 00.06’.10’’; 00.06’.28’’ – 00.06’.50’’). Mając na uwadze powyższe oraz logiczne i należycie umotywowane wnioski opinii, podparte specjalistyczną wiedzą i doświadczeniem biegłego, Sąd Apelacyjny uznał je za w pełni miarodajne dla rozstrzygnięcia sprawy.</xText>
          <xText>Końcowo należało się jeszcze odnieść do pisma Komendanta Powiatowego <xAnon> (...)</xAnon> w <xAnon>O.</xAnon>, do której odwoływał się również pozwany, negujący za jego pomocą fakt swej odpowiedzialności. W piśmie tym Komendant Powiatowy <xAnon> (...)</xAnon> wskazał mianowicie, że przyczyna pożaru nie została ustalona (pismo z 14 grudnia 2009 r. - k. 31). Treści tego pisma nie można jednak traktować jako decydującej, bowiem odzwierciedla ono wyłącznie tryb działania straży pożarnej, która jako taka, jak wyjaśnił biegły z <xAnon> (...)</xAnon>, nie ma w swoich kompetencjach ustalenia przyczyn pożaru. Biegły podkreślił, że strażacy uczestniczący na co dzień w akcjach gaśniczych, w sposób autorytatywny, nie ustalają tych przyczyn, ponieważ nie dysponują na tyle specjalistyczną wiedzą w tym przedmiocie (zapis audio z rozprawy: 00.10’.06’’ – 00.10’.49’’). Z tego też względu, jak wynika z końcowej części pisma z 14 grudnia 2009 r., postępowanie wyjaśniające scedowano na organy ścigania – KPP w <xAnon>O.</xAnon>.</xText>
          <xText>W świetle powyższego prawidłowe jest stanowisko Sądu I instancji, że skoro źródłem pożaru był ruch pojazdu mechanicznego, to na podstawie art. 34 ust. 1 i ust. 2 pkt 3 u.ubezp.obow., pozwany ponosi odpowiedzialność za wynikłą z tego szkodę powódki.</xText>
          <xText>W dalszej części zarzuty obu apelacji dotyczyły przedmiotowego zakresu tej szkody.</xText>
          <xText>Odnośnie szkody związanej z uszkodzeniem samego budynku gospodarczego powódka zarzuciła w apelacji, że przy oszacowaniu wysokości szkody biegły nie zastosował metody odtworzeniowej, lecz rzeczywistą. Zarzuty w tym zakresie były chybione, bowiem w opinii oraz w kolejnych wyjaśnieniach uzupełniających biegły wyliczył koszt odtworzenia budynku, podkreślając jednakże, że chodzi o koszt odtworzenia budynku, który został spalony, nie zaś, jak tego chciała powódka, koszt wzniesienia nowego budynku o parametrach podobnych do obiektu uszkodzonego, lecz o odmiennych rozwiązaniach konstrukcyjnych i materiałowych. Jeśli chodzi o sam zakres prac i materiałów niezbędnych do odtworzenia obiektu powódka zarzucała biegłemu nieuwzględnienie kosztów związanych z wymianą posadzki i fundamentów budynku. Zarzut ten nie był uzasadniony. Biegły, który samodzielnie nie przeprowadzał oględzin miejsca pożaru, słusznie oparł się przede wszystkim na udokumentowanym przez same strony zakresie szkody (k. 415, 473, 475, 549). Dokumentacja ta, na którą składa się protokół szkody, raport wstępny likwidacji szkody oraz końcowy raport likwidacji szkody nie wskazuje, że zakres uszkodzeń budynku powiększa uszkodzenie posadzki i fundamentów. W uzupełniającej opinii sądowej biegły wskazał, że nie było konieczności skucia posadzki betonowej jako całości, a tylko jej zmatowienie celem nałożenia na nią wyrównawczej warstwy betonowej (k. 576 - pkt 7). Wyjaśnił przy tym, że wniosek ten oparł na danych dotyczących panującej podczas pożaru temperatury, na których podstawie przyjął konieczność wykonania jedynie wylewki betonowej o grubości 25 mm (k. 583v). Biegły wyjaśnił także, że przy prawidłowo wykonanej posadzce, nie mogła jej uszkodzić ani zamarzająca woda pozostała po akcji gaśniczej, ani woda z roztapiającego się śniegu, zwłaszcza, że obiekt (poprzez wypalone drzwi) był otwarty i nie było możliwości nagromadzenia się wody, która zamarzając mogłaby uszkodzić posadzkę i fundament (k. 584v). W tym stanie rzeczy określenie szkody na poziomie 58.176,77 zł było prawidłowe.</xText>
          <xText>Jeśli chodzi o szkodę w ruchomościach, należało wstępnie podkreślić, że spór w tym przedmiocie utrzymywał się wyłącznie na płaszczyźnie ustaleń faktycznych, stąd też niezasadne były zarzuty naruszenia przepisów prawa materialnego normujących granice odpowiedzialności odszkodowawczej oraz formy naprawienia szkody (<xLexLink xArt="art. 361;art. 363" xIsapId="WDU19640160093" xTitle="Ustawa z dnia 23 kwietnia 1964 r. - Kodeks cywilny" xAddress="Dz. U. z 1964 r. Nr 16, poz. 93">art. 361 i 363 k.c.</xLexLink>). Chybiony był również zarzut naruszenia <xLexLink xArt="art. 16;art. 16 ust. 1 u" xIsapId="WDU19640160093" xTitle="Ustawa z dnia 23 kwietnia 1964 r. - Kodeks cywilny" xAddress="Dz. U. z 1964 r. Nr 16, poz. 93">art. 16 ust. 1 u</xLexLink>.dział.ubezp., regulujący obowiązki zakładu ubezpieczeń po otrzymaniu zawiadomienia o zajściu zdarzenia losowego objętego ochroną ubezpieczeniową. Niedochowanie tych obowiązków może ewentualnie wpływać na ciężar dowodu, który w niniejszej sprawie rozkładał się tak, jak to prawidłowo przyjął Sąd I instancji.</xText>
          <xText>Zarzuty powódki koncentrowały się wokół zakresu materiału dowodowego, którego fragmenty, z przyczyn leżących po stronie pozwanego, nie zostały załączone do akt szkody, a następnie do akt sprawy. Chodziło mianowicie o protokół, sporządzony z udziałem pracownika firmy, której pozwany zlecił przeprowadzenie likwidacji szkody. Według twierdzeń powódki protokół ten zawierał, potwierdzony przez likwidatora szkody, wykaz przedmiotów (częściowo wydobytych z pogorzeliska), które w chwili pożaru znajdowały w budynku i które uległy zniszczeniu. Protokół ten miał być podpisany przez likwidatora – <xAnon>W. S.</xAnon> oraz przez powódkę. Na okoliczność ustalenia jego treści powódka złożyła stosowne wnioski dowodowe, które zawarła w piśmie procesowym z 11 grudnia 2012 r. (k. 687-709), złożonym na rozprawie w dniu 11 stycznia 2012 r. (k. 726). Wnioski te Sąd Okręgowy uznał za spóźnione i z tym stanowiskiem należy się zgodzić. W pierwszej kolejności wskazać trzeba, że nie może zyskać aprobaty zarzut naruszenia <xLexLink xArt="art. 207;art. 207 § 3" xIsapId="WDU19640430296" xTitle="Ustawa z dnia 17 listopada 1964 r. - Kodeks postępowania cywilnego" xAddress="Dz. U. z 1964 r. Nr 43, poz. 296">art. 207 § 3 k.p.c.</xLexLink> poprzez zakreślenie już na rozprawie w dniu 26 maja 2010 r. terminu do zgłaszania wszelkich środków dowodowych pod rygorem ich pominięcia. Przepis ten, służący zachowaniu sprawności przy koncentracji materiału dowodowego może zostać bowiem zastosowany już na początkowym etapie sprawy. Kontroli podlega co najwyżej zasadność uznania wniosków dowodowych, zgłoszonych po terminie, za spóźnione. W niniejszej sprawie wnioski dowodowe powódki były odpowiedzią na niepełny, w jej ocenie, materiał dowodowy w stosunku do tego, który faktycznie był zebrany. Powódka zwracała na to uwagę już wcześniej, lecz jak słusznie podkreślił pozwany (w piśmie z 30 września 2011 r. stanowiącym odpowiedź na pismo powódki z 8 września 2011 r. – k. 621-622, 650-654) akta szkody zostały załączone do akt sprawy już na początku, tj. 20 maja 2010 r. (k. 57), w związku z czym powódka mogła zareagować na ewentualne braki w dokumentacji szkody na znacznie wcześniejszym etapie. Powołanie stosownych dowodów dopiero na rozprawie w dniu 11 stycznia 2012 r. słusznie zostało zatem ocenione jako spóźnione.</xText>
          <xText>W konsekwencji, w aktach sprawy zamieszczone są zasadniczo dwa rodzaje zestawień rzeczy ruchomych, które miały ulec zniszczeniu w pożarze. Pierwszy jest to niepodpisany wykaz, zatytułowany „przedmioty które znajdowały się w budynku gospodarczym <xAnon> (...)</xAnon>”. Wykaz ten zamieszczony jest w dokumentacji szkodowej <xAnon> przedsiębiorstwa (...)</xAnon> bezpośrednio po protokole szkody, w którym odnotowano, że „poszkodowany przedstawił wykaz strat, wyposażenie wraz z dokumentami potwierdzającymi ich posiadanie”. Z powyższego wynika, że zestawienie to, zawierające 223 pozycje, sporządziła powódka. Potwierdziła to na rozprawie, wskazując po okazaniu, że przedmiotowy spis wykonywali: pan <xAnon>C.</xAnon>, pan <xAnon>S.</xAnon> i jego znajomy oraz syn powódki, a ta przepisała to potem na komputerze (k. 727v). Drugi komplet dokumentów stanowi wykaz przedstawiony w formie tabeli, podzielonej na: „zestawienie zniszczonego wyposażenia udokumentowanego fakturami i rachunkami” - na kwotę 11.482 zł oraz „zestawienie zniszczonego wyposażenia bez udokumentowania rachunkami i fakturami” - na kwotę 24.178,49 zł (zestawienia są zamieszczone w dokumentacji szkodowej <xAnon>E.</xAnon><xAnon> (...)</xAnon>, w dokumentacji szkodowej pozwanego oraz w aktach sprawy – k. 599-600, 601-606). Z zestawień tych wynika, że zawierają one pozycje przeniesione z wcześniej opisanego dokumentu, tyle, że z rozdzieleniem na udokumentowane i nieudokumentowane. Oba zestawienia nie są wprawdzie podpisane, ale zawierają pieczęć <xAnon>W. S.</xAnon>. W związku z tym, że dochodzona pozwem kwota odpowiada sumie kwot wskazanych w ww. zestawieniach należy wnosić, że wiernie odzwierciedla wszystkie ruchomości, których dotyczy roszczenie odszkodowawcze. Innymi słowy brak jest podstaw do przyjęcia, że podpisany przez powódkę i likwidatora szkody protokół, jeżeli faktycznie istniał, wymieniał inne lub nie wszystkie przedmioty skatalogowane w opisanych wyżej dokumentach.</xText>
          <xText>Z zestawień tych nie wynika jednakże, że wszystkie wymienione w nich przedmioty, jak twierdzi powódka, zostały zakwalifikowane do odszkodowania już na etapie likwidacji szkody. W raporcie końcowym z likwidacji szkody wskazano wyraźnie, że w wyniku pożaru spaleniu uległo całe wyposażenie znajdujące się w budynku gospodarczym i nie ma możliwości zweryfikowania, jakie mienie oraz w jakiej ilości zostało zniszczone. W związku z tym <xAnon> przedsiębiorstwo (...)</xAnon> zasugerowało wypłatę odszkodowania jedynie za mienie, którego posiadanie zostało udokumentowane dowodami zakupu (w tym również kartami gwarancyjnymi), oraz mienie którego pozostałości, są widoczne na zdjęciach wykonanych w trakcie oględzin szkody. Podobnej treści zeznania złożyła <xAnon>G. Z.</xAnon>, która podała, że przy wycenie szkody opierano się wyłącznie na dokumentach przedstawionych przez poszkodowaną oraz na podstawie dokumentacji fotograficznej. Przy jej pomocy można było natomiast ustalić jedynie kilka przedmiotów, np. taczka i młotek (k. 252-253). W związku z powyższym likwidator sporządził tabelę, z której wynika, że na 223 zgłoszone przez powódkę przedmioty (zbiory przedmiotów) ustalonych zostało jedynie 50 - 42 przedmioty udokumentowane były dowodami zakupu, do 3 przedmiotów załączono karty gwarancyjne, a posiadanie 5 odnotowano na podstawie oględzin. Mając na uwadze powyższe brak jest podstaw do przyjęcia, czy i jakie jeszcze przedmioty uległy zniszczeniu w pożarze. Należy jedynie wyrazić przekonanie, że gdyby stwierdzono zniszczenie również innych przedmiotów zostałyby one wymienione w końcowym raporcie szkody sporządzonym przez podmiot, z ramienia którego działał likwidator, na czynności którego powołuje się powódka. W obrębie wykazu zawartego w raporcie końcowym poruszał się również Sąd Okręgowy, który przy ustaleniu zakresu szkody uwzględnił większość przedmiotów (co do których powódka posiadała dowód zakupu). Z rozwiązaniem tym należy się zgodzić, bowiem powódka nie wykazała, że pozostałe przedmioty do niej należały, zaś w przypadku przedmiotów uwidocznionych na zdjęciach, nie wykazała ich wartości. W katalogu rzeczy uwzględnionych przez Sąd I instancji były wprawdzie także takie, które ulegają zużyciu (tarczki do szlifierki, taśma klejąca, lakier, silikon itp.), jednak udowodnienie faktu ich zużycia obciążało pozwanego, który temu obowiązkowi nie sprostał.</xText>
          <xText>Podsumowując, ustalenia Sądu I instancji, co do wysokości szkody i określenie jej na poziomie 64.273,42 zł (58.176,77 + 6.096,65), było prawidłowe.</xText>
          <xText>Z uwagi na powyższe, na podstawie <xLexLink xArt="art. 385" xIsapId="WDU19640430296" xTitle="Ustawa z dnia 17 listopada 1964 r. - Kodeks postępowania cywilnego" xAddress="Dz. U. z 1964 r. Nr 43, poz. 296">art. 385 k.p.c.</xLexLink>, Sąd Apelacyjny orzekł jak w sentencji.</xText>
          <xText>Mając na uwadze wynik postępowania odwoławczego, na podstawie <xLexLink xArt="art. 100;art. 100 zd. 1" xIsapId="WDU19640430296" xTitle="Ustawa z dnia 17 listopada 1964 r. - Kodeks postępowania cywilnego" xAddress="Dz. U. z 1964 r. Nr 43, poz. 296">art. 100 zd. 1 k.p.c.</xLexLink>, Sąd Apelacyjny zniósł wzajemnie pomiędzy stronami koszty procesu za drugą instancję.</xText>
          <xText>Na podstawie art. 83 ust. 2 ustawy o kosztach sądowy w sprawach cywilnych Sąd Apelacyjny nakazał ściągnąć od pozwanego na rzecz Skarbu Państwa kwotę 94 zł wypłaconą biegłemu tymczasowo z sum budżetowych. Obciążenie pozwanego całością tych kosztów związane było z tym, że to od niego pochodził wniosek o dopuszczenie dowodu z dodatkowej opinii oraz wniosek o uzupełniające wysłuchanie biegłego na rozprawie.</xText>
        </xUnit>
      </xBlock>
    </xPart>
  </judgement>
<judgement id="152500000000503_I_ACa_000969_2012_Uz_2013-02-20_001">
    <xPart xEditorFullName="Małgorzata Galińska" xYear="2012" xLang="PL" xPublisherFullName="Jakub Głowiński" xFromPg="1" xEditor="galimalg" xVolType="15/250000/0000503/ACa" xPublisher="glowjaku" xDocType="Uz" xVolNmbr="000969" xVersion="1.0" xToPage="26" xFlag="published">
      <xName>Wyrok+Uzasadnienie</xName>
      <xBlock>
        <xText>
          <xBx>Sygn. akt: I ACa 969/12</xBx>
        </xText>
        <xUnit xIsTitle="true" xType="part" xBold="true">
          <xName>WYROK</xName>
          <xTitle>W IMIENIU RZECZYPOSPOLITEJ POLSKIEJ</xTitle>
          <xText xALIGNx="right">Dnia 20 lutego 2013r.</xText>
          
          <xText>Sąd Apelacyjny w Łodzi I Wydział Cywilny</xText>
          <xText>w składzie:</xText>
          <xRows>
            <xCOLGROUPx>
              <xCOLx xWIDTHx="173"/>
              <xCOLx xWIDTHx="438"/>
            </xCOLGROUPx>
            <xRow>
              <xClmn xALIGNx="left" xVALIGNx="top">
                <xText>
                  <xBx>Przewodniczący:</xBx>
                </xText>
              </xClmn>
              <xClmn xALIGNx="left" xVALIGNx="top">
                <xText>
                  <xBx>SSA Anna Miastkowska (spr.)</xBx>
                </xText>
              </xClmn>
            </xRow>
            <xRow>
              <xClmn xALIGNx="left" xVALIGNx="top">
                <xText>
                  <xBx>Sędziowie:</xBx>
                </xText>
              </xClmn>
              <xClmn xALIGNx="left" xVALIGNx="top">
                <xText>
                  <xBx>SA Wincenty Ślawski</xBx>
                </xText>
                <xText>
                  <xBx>SO del. Marta Witoszyńska</xBx>
                </xText>
              </xClmn>
            </xRow>
            <xRow>
              <xClmn xALIGNx="left" xVALIGNx="top">
                <xText>Protokolant:</xText>
              </xClmn>
              <xClmn xALIGNx="left" xVALIGNx="top">
                <xText>st.sekr.sądowy Grażyna Michalska</xText>
              </xClmn>
            </xRow>
          </xRows>
          
          <xText>po rozpoznaniu w dniu 8 lutego 2013r. w Łodzi</xText>
          <xText>na rozprawie</xText>
          <xText>sprawy z powództwa <xBx><xAnon>M. P.</xAnon></xBx></xText>
          <xText>przeciwko<xBx><xAnon> Towarzystwu (...) Spółce Akcyjnej</xAnon> w <xAnon>W.</xAnon></xBx></xText>
          <xText>o zapłatę</xText>
          <xText>na skutek apelacji obu stron</xText>
          <xText>od wyroku Sądu Okręgowego w Łodzi</xText>
          <xText>z dnia 17 maja 2012r. sygn. akt II C 1550/09</xText>
          <xText>
            <xBx>I. z apelacji powódki zmienia zaskarżony wyrok na następujący:</xBx>
          </xText>
          <xText>
            <xBx>„1. zasądza od pozwanego <xAnon> Towarzystwa (...) Spółki Akcyjnej</xAnon> w <xAnon>W.</xAnon> na rzecz powódki <xAnon>M. P.</xAnon> kwotę 100.000 (sto tysięcy) złotych z ustawowymi odsetkami: </xBx>
          </xText>
          <xUnit xIsTitle="false" xType="none">
            <xName xSffx=")">a</xName>
            <xText>
              <xBx>od kwoty 60.000 (sześćdziesiąt tysięcy) złotych poczynając od dnia 1 października 2006r., </xBx>
            </xText>
          </xUnit>
          <xUnit xIsTitle="false" xType="none">
            <xName xSffx=")">b</xName>
            <xText>
              <xBx>od kwoty 40.000 (czterdzieści tysięcy) złotych poczynając od dnia 22 października 2009r.; </xBx>
            </xText>
          </xUnit>
          <xText>
            <xBx>2. oddala powództwo w pozostałej części;</xBx>
          </xText>
          <xText>
            <xBx>3. zasądza od pozwanego <xAnon> Towarzystwa (...) Spółki Akcyjnej</xAnon> w <xAnon>W.</xAnon> na rzecz powódki <xAnon>M. P.</xAnon> kwotę 12.150,25 (dwanaście tysięcy sto pięćdziesiąt 25/100) złotych z tytułu zwrotu kosztów procesu;</xBx>
          </xText>
          <xText>
            <xBx>4. nakazuje pobrać od pozwanego <xAnon> Towarzystwa (...) Spółki Akcyjnej</xAnon> w <xAnon>W.</xAnon> na rzecz Skarbu Państwa – Sądu Okręgowego w Łodzi kwotę 1.098,01 (jeden tysiąc dziewięćdziesiąt osiem 01/100) złotych tytułem zwrotu kosztów sądowych.”;</xBx>
          </xText>
          <xText>
            <xBx>II. oddala apelację powódki w pozostałej części oraz w całości apelację pozwanego;</xBx>
          </xText>
          <xText>
            <xBx>III. zasądza od pozwanego <xAnon> Towarzystwa (...) Spółki Akcyjnej</xAnon> w <xAnon>W.</xAnon> na rzecz powódki <xAnon>M. P.</xAnon> kwotę 5.887 (pięć tysięcy osiemset osiemdziesiąt siedem) złotych tytułem zwrotu kosztów procesu za drugą instancję;</xBx>
          </xText>
          <xText>
            <xBx>IV. nakazuje ściągnąć od pozwanego <xAnon> Towarzystwa (...) Spółki Akcyjnej</xAnon> w <xAnon>W.</xAnon> na rzecz Skarbu Państwa – Sądu Apelacyjnego w Łodzi kwotę 267,90 (dwieście sześćdziesiąt siedem 90/100) złotych z tytułu zwrotu nieopłaconych kosztów sądowych.</xBx>
          </xText>
          
          <xText>I A Ca 969/12</xText>
        </xUnit>
        <xUnit xIsTitle="true" xType="part" xBold="true">
          <xName>UZASADNIENIE</xName>
          <xText>Wyrokiem z dnia 17 maja 2012 roku wydanym w sprawie z powództwa <xAnon>M. P.</xAnon> przeciwko <xAnon> Towarzystwu (...) Spółce Akcyjnej</xAnon> w <xAnon>W.</xAnon> o zapłatę, Sąd Okręgowy w Łodzi zasądził na rzecz powódki kwotę 36.265,75 zł. wraz z odsetkami od dnia 1 października 2006 roku oddalając powództwo w pozostałej części. Sąd zasądził nadto od powódki na rzecz pozwanego kwotę 5.505,56 zł. tytułem kosztów procesu, nakazał pobrać od stron na rzecz Skarbu Państwa koszty sądowe oraz ustalił, iż strona pozwana ponosi odpowiedzialność do sumy ubezpieczenia 100.000 zł. pomniejszonej o udział własny.</xText>
          <xText>Uzasadniając to orzeczenie Sąd I instancji ustalił między innymi, iż powódka od 2003 roku prowadzi działalność gospodarczą w zakresie chowu kur. W 2002 roku w gospodarstwie powódki została przeprowadzona modernizacja instalacji elektrycznej. Pracownicy <xAnon> (...) Zakładu (...)</xAnon> w <xAnon>Ł.</xAnon> nie zgłosili zastrzeżeń co do prawidłowości i jakości wykonanej instalacji. Mąż powódki <xAnon>G. P.</xAnon> kilkakrotnie informował <xAnon> Zakład (...)</xAnon> o iskrzeniu przy transformatorze. <xAnon> Zakład (...)</xAnon> informował mieszkańców <xAnon>ul. (...)</xAnon> o planowanych przerwach w ciągłości zasilania w energię elektryczną a dniach od 7 do 10 sierpnia 2006 roku.</xText>
          <xText>W dniu 9 sierpnia nastąpiły wahania napięcia dostarczanej go gospodarstwa powódki energii elektrycznej. Powódka i jej mąż nie słyszeli syreny alarmowej, jednak <xAnon>G. P.</xAnon> obudziły w nocy dźwięki włączającej się i wyłączającej lodówki. Kiedy <xAnon>G. P.</xAnon> udał się do budynków gospodarczych okazało się, że w budynku fermy doszło do znacznego wzrostu temperatury i padnięcia kur.</xText>
          <xText>Po spostrzeżeniu awarii powódka wraz z mężem otworzyła drzwi kurnika i włączyła agregat prądotwórczy, zawiadomiła też <xAnon> Zakład (...)</xAnon> o awarii. <xAnon> Oddział (...)</xAnon><xAnon>(...)</xAnon><xAnon>Z.</xAnon> w dniu 9 sierpnia 2006 roku, o godzinie 7:20 zarejestrował reklamację dotyczącą iskrzenia na odłączniku 15 kV przed stacją transformatorową zasilającą kurniki w <xAnon>(...)</xAnon>. <xAnon> Pogotowie (...)</xAnon> stwierdziło wypalenie styków na dwóch fazach odłącznika 15 kV przed tą stacją. Styki wymieniono tego samego dnia. Podobne zgłoszenie odnotowano w dniu 2 lipca 2006 roku, w którym doszło do iskrzenia na tym samym odłączniku.</xText>
          <xText>W dniu awarii na fermie powódki doszło do padnięcia 5267 sztuk kur niosek.</xText>
          <xText>Budynek w którym utrzymywano nioski był wyposażony w automatyczne urządzenia do zadawania paszy i wody. Budynek ten był też wyposażony w szafy sterujące mające za zadanie utrzymanie na odpowiednim poziomie wentylację i temperaturę wewnątrz kurnika,, jak również w urządzenia alarmujące w przypadku wystąpienia nieprawidłowych warunków środowiskowych panujących w budynku. W 2006 roku powódka dysponowała agregatem prądotwórczym na wypadek awarii.</xText>
          <xText>Umowy na podstawie której ferma była zaopatrywana w energię elektryczną podpisywał teść powódki wtedy gdy osobiście prowadził hodowlę. Ujawnił wówczas, że prowadzi fermę drobiu. Po przejęciu gospodarstwa przez powódkę nie doszło do zmiany umowy o dostarczanie energii elektrycznej.</xText>
          <xText>Powódka nie informowała <xAnon> Zakładu (...)</xAnon>, że prowadzi fermę drobiu, ale ferma ta istnieje od lat siedemdziesiątych a nadto położona jest w pobliżu transformatora i wszyscy wiedzieli o jej istnieniu. Pracownicy <xAnon> Zakładu (...)</xAnon> bywali na fermie spisując stan liczników.</xText>
          <xText>Produkcja jaj konsumpcyjnych w gospodarstwie powódki była prowadzona w oparciu rasę kur o nazwie <xAnon>(...)</xAnon>. W dniu 9 sierpnia 2006 roku nioski były w 46 tygodniu życia. Warunki ich utrzymywania były prawidłowe a stado znajdowało się w dobrej kondycji zdrowotnej. Ferma była pod kontrolą <xAnon>(...)</xAnon> Lekarza Weterynarii w <xAnon>Z.</xAnon>.</xText>
          <xText>Optymalna temperatura dla kur w tym czasie powinna wynosić 18 – 20 stopni C. Istniał bardzo duży stopień prawdopodobieństwa, że podczas awarii,, w wyniku ustania pracy urządzeń wentylacyjnych, już po 1 – 2 godzinach temperatura w budynku wynosiła ok. 40 stopni C. a więc była dwukrotnie wyższa od temperatury optymalnej. Działanie wysokiej temperatury wewnętrznej było spotęgowane stłoczeniem kur wynikającym z klatkowego systemu chowu. Brak wentylacji skutkował także wzrostem wilgotności i zwiększeniem stężenia szkodliwych gazów.</xText>
          <xText>W sytuacji gdyby przerwa w działaniu urządzeń wentylacyjnych trwałaby krócej niż dwie godziny w znacznym stopniu udałoby się ograniczyć liczbę upadku kur. Było wysoce prawdopodobne, w stopniu graniczącym z pewnością, że występujący do około dwóch tygodni po awarii wzrost śmiertelności kur, postępujący spadek nieśności jak i obniżenie jakości jaj ( niedomineralizowane skorupy, stłuczki, jaja w błonach ), miał bezpośredni związek z przegrzaniem organizmu ptaków które przeżyły szok termiczny. Pośrednim skutkiem przebytego stresu cieplnego było osłabienie odporności ptaków. W sytuacji gdyby przerwa w działaniu urządzeń wentylacyjnych była krótsza niż dwie godziny, mogłoby nie dojść do zaburzeń funkcjonowania układu immunologicznego ptaków, objawiającego się zaostrzeniem przebiegu niektórych infekcji wirusowych czy bakteryjnych. Przy krótkotrwałym szoku termicznym skutki te byłyby mniejsze o ok. 10 – 30 %. Cięższy przebieg infekcji <xAnon>(...)</xAnon>wiązał się z immunosupresyjnym działaniem stresu termicznego.</xText>
          <xText>Przyczyną śmierci kur w dacie przedmiotowego zdarzenia był stres cieplny.</xText>
          <xText>Prowadzone przez powódkę leczenie ptaków po awarii było prawidłowe.</xText>
          <xText>Opierając się na opinii biegłej z zakresu drobiarstwa, Sąd I Okręgowy określił wysokość strat wynikłych w hodowli drobiu na kwotę 127.117,20 zł. z tytułu nie uzyskanej nieśności, oraz na kwotę 7.500 zł. z tytuły nie uzyskanego przychodu ze sprzedaży kur, które osiągnęłyby 80 tydzień życia. Koszty związane z utylizacją uduszonych niosek wyniosły 4.322,80 zł. Straty wywołane spadkiem nieśności kur które przeżyły awarię wyniosły 3.807,30 zł. Powódka podniosła dodatkowe koszty w wysokości 1.827,41 zł. na co złożyły się koszty leczenia w kwocie 406,60 zł. koszty dokonania przeglądu stada w kwocie 331,70 zł. koszt zakupu preparatów witaminowo- mineralnych w kwocie 556,25 zł. koszt przeprowadzonej sekcji kur w kwocie 128,40 zł. koszt badania krwi kur w kwocie 224,70 zł. oraz koszt wykonania aglutynacji płytowej krwi w kwocie 179,76 zł.</xText>
          <xText>Sąd podkreślił, iż w przedmiocie dostarczania energii elektrycznej do nieruchomości powódki zostały zawarte z <xAnon> (...) Zakładem (...)</xAnon> dwie umowy: <xAnon>umowa nr (...)</xAnon> zawarta w dniu 5 stycznia 2001 roku z <xAnon>J. P. (1)</xAnon> oraz <xAnon>umowa nr (...)</xAnon> zawarta w dniu 9 marca z <xAnon>J. P. (1)</xAnon>.</xText>
          <xText>Według pierwszej umowy odbiorca został zaliczony do V grupy przyłączeniowej, miejscem dostarczania energii miały być podstawy bezpiecznikowe <xAnon> (...)</xAnon> w złączu kablowym, odbiorca miał prawo do maksymalnego poboru mocy w wysokości 39 kW, przy zabezpieczeniu przelicznikowym 63 A. Odbiorca zobowiązywał się do odbioru energii w ilości 3200 kWh i był zaliczony do grupy taryfowej <xAnon> (...)</xAnon>.</xText>
          <xText>Drugą umową odbiorca został zaliczony do V przyłączeniowej z określeniem miejsca dostarczania energii na zaciski prądowe przyłącza linii napowietrznej, przy zachowaniu prawa do maksymalnego poboru mocy w wysokości 12 kW, z zabezpieczeniem przelicznikowym 20 A.</xText>
          <xText>Wskazany w umowie z dnia 5 stycznia sposób dostarczania energii w złączu kablowym był niezgodny z rzeczywistością,, ponieważ przedmiotowa nie ruchomość jest zasilana przyłączem linii napowietrznej. W obu umowach znajdował się błędny zapis odnośnie taryfy – taryfa powinna być określona na G11 a nie na G11F. W umowie z dnia 9 marca nieprawidłowo wskazano zabezpieczenie przelicznikowe na 20 A. Najmniejsza dopuszczalna wartość zabezpieczenia przelicznikowego powinna mieć prąd znamionowy 50 A i takie zabezpieczenie było założone. Wartość zabezpieczenia przelicznikowego ustala dostawca energii biorąc pod uwagę wartość mocy zapisanej w umowie. Zabezpieczenie to jest plombowane przez dystrybutora energii elektrycznej, dystrybutor odpowiada też za prawidłowy dobór zabezpieczenia.</xText>
          <xText>Przedmiotowa nieruchomość jest zasilana ze słupa linią trójfazową 15 kV, na słupie tym znajduje się odłącznik z zamkniętą na kłódkę rączką do zamykania i otwierania odłącznika. Na odłączniku było widoczne zjawisko łuku elektrycznego wynikające z wypalenia się styków. Odłącznik został naprawiony w dniu 9 sierpnia 2006 roku.</xText>
          <xText>Palący się łuk między wypalonymi stykami odłącznika powoduje brak stabilności i obniżenie napięcia zasilającego odbiorcy. Za mała moc transformatora w stosunku do obciążenia również skutkuje obniżeniem napięcia zasilającego odbiorcę ze względu na przeciążenie transformatora. Prawidłowa naprawa odłącznika i wymiana transformatora doprowadziły do właściwego zasilania nieruchomości. System zasilania tej nieruchomości i instalacja elektryczna kurnika została wykonana zgodnie z obowiązującymi przepisami.</xText>
          <xText>W dniu 6 maja 2005 roku miało miejsce badanie instalacji pod kątem ochrony przeciwpożarowej. Stwierdzono, że instalacja nadaje się do eksploatacji. Brak w tej instalacji zabezpieczeń różnicowoprądowych których zadaniem jest ochrona przeciwporażeniowa nie miał związku z powstałą sytuacją awaryjną w dniu 9 sierpnia 2006 roku.</xText>
          <xText>Nie ma możliwości zapewnienia 100 % zasilania w energię elektryczną, co wiąże się z wyłączeniami awaryjnymi na skutek czynników atmosferycznych i wyłączeniami związanymi z czynnościami eksploatacyjnymi i konserwacyjnymi.</xText>
          <xText>Sposobami zasilania awaryjnego są: zasilanie rezerwowe, prowadzone z innego transformatora zasilającego, zastosowanie agregatu prądotwórczego i zasilanie z UPS.</xText>
          <xText>Możliwość zasilania rezerwowego z innej linii zasilającej zależy od tego czy dana miejscowość posiada drugą linię zasilającą, zastosowanie agregatu prądotwórczego możliwe jest do zastosowania w każdej sytuacji należy się jedynie liczyć z czasem niezbędnym do jego uruchomienia, zasilanie z UPS jest praktycznie bezprzerwowe, podlegające załączaniu automatycznemu po zaniku zasilania podstawowego. Wybór odpowiedniego zasilania awaryjnego zależy od możliwości technicznych oraz od wymaganego czasu włączenia po zaniku zasilania podstawowego. W przypadku przedmiotowej nieruchomości, przy sprawnie działającym systemie powiadamiania właściwym sposobem rezerwowego zasilania pozostawał agregat prądotwórczy.</xText>
          <xText>W dniu zdarzenia nie został przekroczony limit poboru mocy 39 kW przy zabezpieczeniu przelicznikowym 63 A. W nieruchomości powódki prawidłowo założono zabezpieczenie przelicznikowe 50 A.</xText>
          <xText>Syrena alarmowa zainstalowana w gospodarstwie nie działała z powodu zbyt niskiego napięcia sieci i rozładowania akumulatora jako źródła awaryjnego zasilania syreny alarmowej. Jeśli syrena alarmowa podłączona jest do sieci z możliwością przełączenia na zasilanie akumulatorowe, wówczas każde z tych źródeł zasilania działa alternatywnie. W pierwszej kolejności działa zasilanie sieciowe a w przypadku braku takiego zasilania następuje przełączenie na zasilanie akumulatorowe. Gdyby w dniu 9 sierpnia 2006 roku akumulator zasilania syreny alarmowej był naładowany to wówczas nastąpiłoby przełączenie syreny na zasilanie akumulatorowe i syrena by działała.</xText>
          <xText>W przypadku prawidłowej wartości napięcia zasilającego, zastosowany system powiadamiania o zaniku napięcia za pomocą syreny jest wystarczający. W toku postępowania likwidacyjnego szkodę powódki pozwane Towarzystwo Ubezpieczeń ustaliło wartość szkody na kwotę 59.234,25 zł. i dokonało wypłaty na rzecz powódki odszkodowania w tej wysokości.</xText>
          <xText>Ustalając stan faktyczny w sprawie Sąd I instancji oparł się głównie na opiniach biegłych sądowych – z zakresu drobiarstwa, z zakresu weterynarii, oraz z zakresu instalacji i urządzeń elektrycznych. Sąd uznał opinie te za w pełni miarodajne i nie znalazł podstaw do przeprowadzenia dowodu z kolejnych biegłych sądowych z tych samych dziedzin. Dlatego oddalił wnioski dowodowe pozwanego w tej mierze. Sąd zaznaczył, iż przyczyny wystąpienia awarii i jej skutki znajdowały potwierdzenie w zeznaniach świadków i w treści przedstawionych dokumentów, podkreślił nadto, że zawarte w 2001 roku umowy na dostawę energii elektrycznej z <xAnon>J. P. (1)</xAnon> świadczyły o zaniedbaniach ze strony zakładu energetycznego co do przygotowania warunków umowy, pouczenia odbiorcy o jego powinnościach w zakresie wniosku o określenie warunków przyłączenia czy też wniosku o zmianę rozliczenia w grupie taryfowej. Do faktycznej dostawy energii doszło na zupełnie innych warunkach niż w umowach pisemnych.</xText>
          <xText>Na podstawie powyższych okoliczności Sąd I instancji uznał powództwo za częściowo uzasadnione. W ocenie Sądu nie ulegało wątpliwości, że <xAnon> Zakład (...)</xAnon> odpowiadał za szkodę w mieniu powódki, zaistniałą na skutek braku dostawy prądu o odpowiednich parametrach. Podmiot ten ponosi bowiem odpowiedzialność za utrzymanie w należytym stanie urządzeń energetycznych i gdyby stan tych urządzeń był prawidłowy to nie doszłoby do iskrzenia na odłączniku 15 kV przed stacją transformatorową zasilającą budynki gospodarcze powódki a pogotowie energetyczne nie stwierdziłoby wypalonych styków na dwóch fazach odłącznika. Przed dniem awarii zgłaszano spadki napięcia prądu i iskrzenie przy stacji transformatorowej. Prawidłowa naprawa odłącznika i wymiana transformatora doprowadziłaby do właściwego zasilania nieruchomości. Nie zmieniał tego fakt, iż <xAnon> Zakład (...)</xAnon> dotrzymał terminu naprawy awarii w ciągu 48 godzin.</xText>
          <xText>Zdaniem Sądu okoliczności sprawy pozwalały na przyjęcie, że pracownicy <xAnon> Zakładu (...)</xAnon> posiadali wiedzę na temat tego, że na posesji powódki jest prowadzona od kilku lat ferma drobiu. Zakład wykonywał usługę dostawy prądu o odpowiednich parametrach do tego rodzaju odbiorcy i przyjmował świadczenia w postaci zapłaty za dostarczaną energię. W tej sytuacji można było przyjąć, jak podkreślił to Sąd Okręgowy, że doszło do zawarcia między powódką a <xAnon> Zakładem (...)</xAnon> umowy o dostawę energii elektrycznej per facta concludentia ( <xLexLink xArt="art. 60" xIsapId="WDU19640160093" xTitle="Ustawa z dnia 23 kwietnia 1964 r. - Kodeks cywilny" xAddress="Dz. U. z 1964 r. Nr 16, poz. 93">art. 60 k. c.</xLexLink> i <xLexLink xArt="art. 65;art. 65 § 1" xIsapId="WDU19640160093" xTitle="Ustawa z dnia 23 kwietnia 1964 r. - Kodeks cywilny" xAddress="Dz. U. z 1964 r. Nr 16, poz. 93">art. 65 par. 1 k. c.</xLexLink> ). <xAnon> Zakład (...)</xAnon> odpowiadałby wówczas na zasadzie <xLexLink xArt="art. 471" xIsapId="WDU19640160093" xTitle="Ustawa z dnia 23 kwietnia 1964 r. - Kodeks cywilny" xAddress="Dz. U. z 1964 r. Nr 16, poz. 93">art. 471 k. c.</xLexLink> w zw. z <xLexLink xArt="art. 750" xIsapId="WDU19640160093" xTitle="Ustawa z dnia 23 kwietnia 1964 r. - Kodeks cywilny" xAddress="Dz. U. z 1964 r. Nr 16, poz. 93">art. 750 k. c.</xLexLink> za nienależyte wykonanie zobowiązania. Sąd powołał się przy tym na błędy jakimi były obarczone umowy zawarte z <xAnon>J. P. (1)</xAnon>, na które zwrócił uwagę biegły sądowy co do sposobu dostarczania energii czy też podanej wartości zabezpieczenia przelicznikowego i zastosowanej taryfy. Powódka miała zatem legitymację do dochodzenia odszkodowania z podstawy kontraktowej a Sąd doszedł nadto do przekonania, że w rachubę wchodzi również odpowiedzialność deliktowa <xAnon> Zakładu (...)</xAnon> na zasadzie <xLexLink xArt="art. 435;art. 435 § 1" xIsapId="WDU19640160093" xTitle="Ustawa z dnia 23 kwietnia 1964 r. - Kodeks cywilny" xAddress="Dz. U. z 1964 r. Nr 16, poz. 93">art. 435 par. 1 k. c.</xLexLink></xText>
          <xText><xAnon> Zakład (...)</xAnon> jest podmiotem prowadzącym przedsiębiorstwo wprowadzane za pomocą sił przyrody ponosząc z tego tytułu odpowiedzialność na zasadzie ryzyka. W ocenie Sądu w niniejszej sprawie nie zachodziły jakiekolwiek okoliczności wyłączające odpowiedzialność Zakładu.</xText>
          <xText>Sąd miał tu przede wszystkim na uwadze wyposażenie fermy w automatyczne urządzenia zapewniające właściwą wentylację oświetlenie i zadawanie paszy, budynek był też wyposażony w alarm który komunikował o braku prądu czy zbyt wysokiej temperaturze. Podkreślił nadto, że instalacja elektryczna i system sterowniczy zostały wykonane prawidłowo, w dniu zdarzenia nie został przekroczony limit poboru mocy 39 kW a w nieruchomości założono właściwe zabezpieczenie przelicznikowe 50 A, w przypadku prawidłowej wartości napięcia zasilającego zastosowany system powiadamiania o zaniku napięcia za pomocą syreny był wystarczający, brak było związku przyczynowego między brakiem zabezpieczeń różnicowoprądowych a zaistniałym zdarzeniem, syrena alarmowa zainstalowana w gospodarstwie w dniu awarii nie działała prawidłowo z powodu zbyt niskiego napięcia w sieci i rozładowania akumulatora stanowiącego źródło awaryjnego zasilania syreny alarmowej, właściwym sposobem rezerwowego zasilania nieruchomości, przy sprawnie działającym systemie powiadamiania był agregat prądotwórczy.</xText>
          <xText>W tej sytuacji Sąd nie podzielił stanowiska pozwanego, iż szkoda powstała z wyłącznej winy powódki bądź, że powódka przyczyniła się do powstania szkody rozumieniu <xLexLink xArt="art. 362" xIsapId="WDU19640160093" xTitle="Ustawa z dnia 23 kwietnia 1964 r. - Kodeks cywilny" xAddress="Dz. U. z 1964 r. Nr 16, poz. 93">art. 362 k. c.</xLexLink> Powódka posiadała drugi wariant zasilania w energię elektryczną. System ten nie zadziałał wobec rozładowania akumulatora syreny na skutek spadków napięcia. Po stwierdzeniu spadków napięcia powódka i jej mąż natychmiast udali się do zabudowań gospodarczych, pootwierali drzwi kurnika i uruchomili agregat prądotwórczy. Nie można więc było stwierdzić, że powódka źle nadzorowała fermę, czy też nie posiadała wystarczającego zabezpieczenia w urządzenia prądotwórcze bądź że zbyt późno zareagowała na spadek temperatury w kurniku a po ujawnieniu awarii nie podjęła wszystkich wymaganych działań w celu zmniejszenia szkody. Sąd odrzucił też zarzuty strony pozwanej, iż wysokość szkody uległa zwiększeniu z uwagi na chorobę kur. Powołując się na opinię biegłej z zakresu weterynarii zaznaczył, iż zakażenia bakteryjne nie stanowiły przyczyny zwiększonych upadków i spadku nieśności kur. Skutki te były spowodowane przegrzaniem organizmu ptaków i osłabienia ich odporności.</xText>
          <xText>Ostatecznie Sąd okręgowy przyjął odpowiedzialność pozwanego za szkodę na podstawie <xLexLink xArt="art. 805" xIsapId="WDU19640160093" xTitle="Ustawa z dnia 23 kwietnia 1964 r. - Kodeks cywilny" xAddress="Dz. U. z 1964 r. Nr 16, poz. 93">art. 805 k. c.</xLexLink> Uwzględniając ograniczenie odpowiedzialności pozwanego z polisy ubezpieczeniowej za jedno zdarzenie jednostkowe do kwoty 100.000 zł. oraz wypłaconą w toku postępowania likwidacyjnego kwotę 59.234,25 zł. zasądził na rzecz powódki pozostałą należność w wysokości 36.265,75 zł. W pozostałej części powództwo zostało oddalone.</xText>
          <xText>Apelacje od powyższego orzeczenia złożyły obie strony.</xText>
          <xText>Zaskarżając wyrok w części oddalającej powództwo oraz w zakresie rozstrzygnięć zawartych w pkt. 3, 4 i 5 sentencji pełnomocnik powódki zarzucił</xText>
          <xText>obrazę przepisów prawa materialnego, to jest <xLexLink xArt="art. 65;art. 65 § 1;art. 65 § 2" xIsapId="WDU19640160093" xTitle="Ustawa z dnia 23 kwietnia 1964 r. - Kodeks cywilny" xAddress="Dz. U. z 1964 r. Nr 16, poz. 93">art. 65 par. 1 i 2 k. c.</xLexLink> w zw. z <xLexLink xArt="art. 805;art. 805 § 1" xIsapId="WDU19640160093" xTitle="Ustawa z dnia 23 kwietnia 1964 r. - Kodeks cywilny" xAddress="Dz. U. z 1964 r. Nr 16, poz. 93">art. 805 par. 1 i nast. k. c.</xLexLink> w zw. z par. 42 ust. 1 umowy generalnego ubezpieczenia poprzez błędną wykładnię skutkującą niewłaściwym zastosowaniem i niesłusznym przyjęciem, że zakres odpowiedzialności ubezpieczyciela z polisy ubezpieczeniowej ograniczony jest do kwoty 100.000 zł. podczas gdy z treści par. 42 ust. 1 wynika, że zakres ten wyznacza suma gwarancyjna wynosząca w tym przypadku 1.000. 000 zł.</xText>
          <xText>Na tej podstawie skarżący domagał się zmiany wyroku przez uwzględnienie powództwa w całości oraz stosownego do tego rozstrzygnięcia orzeczenia o kosztach procesu.</xText>
          <xText>Strona pozwana zaskarżyła wyrok w pkt.1 sentencji – w części zasądzającej roszczenie oraz w pkt. 4 i 5 zarzucając naruszenie;</xText>
          <xUnit xIsTitle="false" xType="none">
            <xName xSffx=".">1</xName>
            <xText>naruszenie przepisów <xLexLink xArt="art. 233;art. 233 § 1" xIsapId="WDU19640430296" xTitle="Ustawa z dnia 17 listopada 1964 r. - Kodeks postępowania cywilnego" xAddress="Dz. U. z 1964 r. Nr 43, poz. 296">art. 233 par. 1 k. p. c.</xLexLink> i <xLexLink xArt="art. 278" xIsapId="WDU19640430296" xTitle="Ustawa z dnia 17 listopada 1964 r. - Kodeks postępowania cywilnego" xAddress="Dz. U. z 1964 r. Nr 43, poz. 296">art. 278 k. p. c.</xLexLink> poprzez niewłaściwe zastosowanie w postaci wadliwej oceny dowodu z opinii biegłego z zakresu instalacji i urządzeń elektrycznych przez pominięcie istotnej części zawartych w niej wniosków w zakresie:</xText>
            <xUnit xIsTitle="false" xType="none">
              <xName xSffx=".">a</xName>
              <xText>postawionego przez biegłego warunku sprawności działania instalacji alarmowej i akumulatora dla oceny wystarczalności zabezpieczenia gospodarstwa powódki na wypadek nieprawidłowości działania sieci energetycznej dla oceny przyczynienia się powódki do zaistnienia i rozmiaru szkody</xText>
            </xUnit>
            <xUnit xIsTitle="false" xType="none">
              <xName xSffx=".">b</xName>
              <xText>oceny biegłego co do braku wpływu zasilania sieciowego na stan zasilania alternatywnego wobec odrębnego schematu instalacji elektrycznych rozdzielonych przełącznikiem – a w konsekwencji poczynienie błędnego ustalenia o rozładowania akumulatora syreny alarmowej wskutek nieprawidłowości zasilaniu sieciowego.</xText>
            </xUnit>
          </xUnit>
          <xUnit xIsTitle="false" xType="none">
            <xName xSffx=".">2</xName>
            <xText>naruszenie przepisów <xLexLink xArt="art. 233;art. 233 § 1" xIsapId="WDU19640430296" xTitle="Ustawa z dnia 17 listopada 1964 r. - Kodeks postępowania cywilnego" xAddress="Dz. U. z 1964 r. Nr 43, poz. 296">art. 233 par. 1 k. p. c.</xLexLink> i <xLexLink xArt="art. 278" xIsapId="WDU19640430296" xTitle="Ustawa z dnia 17 listopada 1964 r. - Kodeks postępowania cywilnego" xAddress="Dz. U. z 1964 r. Nr 43, poz. 296">art. 278 k. p. c.</xLexLink> poprzez niewłaściwe zastosowanie w postaci wadliwej oceny dowodu z opinii biegłego <xAnon>J. S.</xAnon> i pominięcie oceny biegłego, iż gdyby w gospodarstwie powódki było zapewnione bezprzerwowe zasilania, to nie doszłoby do stresu cieplnego stada a w konsekwencji pominięcia zarzutu wyłącznej winy powódki w spowodowanie szkody,</xText>
          </xUnit>
          <xUnit xIsTitle="false" xType="none">
            <xName xSffx=".">3</xName>
            <xText>naruszenie przepisów <xLexLink xArt="art. 233;art. 233 § 1" xIsapId="WDU19640430296" xTitle="Ustawa z dnia 17 listopada 1964 r. - Kodeks postępowania cywilnego" xAddress="Dz. U. z 1964 r. Nr 43, poz. 296">art. 233 par. 1 k. p. c.</xLexLink> oraz <xLexLink xArt="art. 232;art. 232 § 1" xIsapId="WDU19640430296" xTitle="Ustawa z dnia 17 listopada 1964 r. - Kodeks postępowania cywilnego" xAddress="Dz. U. z 1964 r. Nr 43, poz. 296">art. 232 par.1 k. p. c.</xLexLink> w zw. z <xLexLink xArt="art. 6" xIsapId="WDU19640160093" xTitle="Ustawa z dnia 23 kwietnia 1964 r. - Kodeks cywilny" xAddress="Dz. U. z 1964 r. Nr 16, poz. 93">art. 6 k.c.</xLexLink> poprzez niewłaściwe zastosowanie, skutkujące brakiem wszechstronnego rozważenia materiału dowodowego a zwłaszcza zeznań powódki i zeznań <xAnon>G. P.</xAnon> a w konsekwencji bezpodstawne przyjęcie, iż powódka zawarła z <xAnon> Zakładem (...)</xAnon> umowę o dostarczanie energii elektrycznej per facta concludentia,</xText>
          </xUnit>
          <xUnit xIsTitle="false" xType="none">
            <xName xSffx=".">4</xName>
            <xText>naruszenie przepisu <xLexLink xArt="art. 321;art. 321 § 1" xIsapId="WDU19640430296" xTitle="Ustawa z dnia 17 listopada 1964 r. - Kodeks postępowania cywilnego" xAddress="Dz. U. z 1964 r. Nr 43, poz. 296">art. 321 par. 1 k. p. c.</xLexLink> poprzez niewłaściwe zastosowanie skutkujące wyrokowaniem co do roszczenia opartego na biegunowo odmiennej podstawie faktycznej powództwa aniżeli podstawa sformułowana przez powódkę a w konsekwencji skutkujące wyrokowaniem c do przedmiotu, który nie był objęty żądaniem.</xText>
          </xUnit>
          <xUnit xIsTitle="false" xType="none">
            <xName xSffx=".">5</xName>
            <xText>naruszenie przepisu <xLexLink xArt="art. 60;art. 65;art. 65 § 1" xIsapId="WDU19640160093" xTitle="Ustawa z dnia 23 kwietnia 1964 r. - Kodeks cywilny" xAddress="Dz. U. z 1964 r. Nr 16, poz. 93">art. 60 i 65 par. 1 k. c.</xLexLink> poprzez niewłaściwe zastosowanie skutkujące bezpodstawnym ustaleniem, iż powódka zawarła per facta concludentia z <xAnon> Zakładem (...)</xAnon> umowę o dostarczenie energii na określonych warunkach podczas gdy strona powodowa nie zgłosił żadnych twierdzeń ani dowodów w zakresie rzekomej woli stron w jej zawarciu jak i co do postaci zachowania, które miało wolę tę wyrażać, podczas gdy przeprowadzone dowody taką ocenę wykluczały,</xText>
          </xUnit>
          <xUnit xIsTitle="false" xType="none">
            <xName xSffx=".">6</xName>
            <xText>naruszenie przepisów <xLexLink xArt="§ 3;§ 5;§ 6;§ 7;§ 8;§ 9;§ 10;§ 11;§ 13;§ 14" xIsapId="WDU20050020006" xTitle="Rozporządzenie Ministra Gospodarki i Pracy z dnia 20 grudnia 2004 r. w sprawie szczegółowych warunków przyłączenia podmiotów do sieci elektroenergetycznych, ruchu i eksploatacji tych sieci" xAddress="Dz. U. z 2005 r. Nr 2, poz. 6">par. 3 par. 5 – 11 oraz par. 13 i 14 rozporządzenia Ministra Gospodarki i Pracy z dnia 20 grudnia 2004 roku</xLexLink> poprzez niewłaściwe zastosowanie w postaci pominięcia tej regulacji przy ocenie faktu i skuteczności rzekomego zawarcia przez powódkę per facta concludentia umowy o dostawę energii elektrycznej bez określenia jej treści,</xText>
          </xUnit>
          <xUnit xIsTitle="false" xType="none">
            <xName xSffx=".">7</xName>
            <xText>naruszenie przepisu <xLexLink xArt="art. 471;art. 471 § 1" xIsapId="WDU19640160093" xTitle="Ustawa z dnia 23 kwietnia 1964 r. - Kodeks cywilny" xAddress="Dz. U. z 1964 r. Nr 16, poz. 93">art. 471 par. 1 k. c.</xLexLink> poprzez niewłaściwe zastosowanie skutkujące bezpodstawnym uznaniem co do nienależytego wykonania przez <xAnon> Zakład (...)</xAnon> umowy zwartej rzekomo per facta concludentia z powódką, pomimo braku poczynienia prawidłowych ustaleń co do faktu zawarcia takiej umowy i nie dokonania ustaleń co do jej treści a w konsekwencji braku ustalenia postanowień rzekomo nienależycie wykonanych,</xText>
          </xUnit>
          <xUnit xIsTitle="false" xType="none">
            <xName xSffx=".">8</xName>
            <xText>naruszenie przepisu <xLexLink xArt="art. 471;art. 471 § 1" xIsapId="WDU19640160093" xTitle="Ustawa z dnia 23 kwietnia 1964 r. - Kodeks cywilny" xAddress="Dz. U. z 1964 r. Nr 16, poz. 93">art. 471 par. 1 k. c.</xLexLink> w zw. z <xLexLink xArt="art. 355;art. 355 § 2" xIsapId="WDU19640160093" xTitle="Ustawa z dnia 23 kwietnia 1964 r. - Kodeks cywilny" xAddress="Dz. U. z 1964 r. Nr 16, poz. 93">art. 355 par. 2 k. c.</xLexLink> oraz <xLexLink xArt="§ 36;§ 36 ust. 2" xIsapId="WDU20050020006" xTitle="Rozporządzenie Ministra Gospodarki i Pracy z dnia 20 grudnia 2004 r. w sprawie szczegółowych warunków przyłączenia podmiotów do sieci elektroenergetycznych, ruchu i eksploatacji tych sieci" xAddress="Dz. U. z 2005 r. Nr 2, poz. 6">par. 36 ust. 2 rozporządzenia Ministra Gospodarki i Pracy z dnia 20 grudnia 2004 roku</xLexLink> poprzez niewłaściwe zastosowanie skutkujące bezpodstawnym uznaniem co do zawinionego nienależytego wykonania przez <xAnon> Zakład (...)</xAnon> umowy rzekomo zawartej z powódką, pomimo jednoczesnego ustalenia, że przez Sąd, że <xAnon> Zakład (...)</xAnon> dotrzymał warunków prawidłowego dostarczania energii określonych w obowiązujących przepisach,</xText>
          </xUnit>
          <xUnit xIsTitle="false" xType="none">
            <xName xSffx=".">9</xName>
            <xText>naruszenie przepisu <xLexLink xArt="art. 435;art. 435 § 1" xIsapId="WDU19640160093" xTitle="Ustawa z dnia 23 kwietnia 1964 r. - Kodeks cywilny" xAddress="Dz. U. z 1964 r. Nr 16, poz. 93">art. 435 par. 1 k. c.</xLexLink> w zw. z <xLexLink xArt="art. 361" xIsapId="WDU19640160093" xTitle="Ustawa z dnia 23 kwietnia 1964 r. - Kodeks cywilny" xAddress="Dz. U. z 1964 r. Nr 16, poz. 93">art. 361 k. c.</xLexLink> poprzez niewłaściwe zastosowanie skutkujące bezpodstawnym ustaleniem, że szkoda powódki pozostawała w normalnym związku przyczynowym z ruchem Zakładu energetycznego a nie z wyłączną winą powódki, która bezumownie przyłączyła do sieci energetycznej przedsiębiorstwo niewłaściwie do tego przygotowane,</xText>
          </xUnit>
          <xUnit xIsTitle="false" xType="none">
            <xName xSffx=".">10</xName>
            <xText>naruszenie przepisu <xLexLink xArt="art. 362" xIsapId="WDU19640160093" xTitle="Ustawa z dnia 23 kwietnia 1964 r. - Kodeks cywilny" xAddress="Dz. U. z 1964 r. Nr 16, poz. 93">art. 362 k. c.</xLexLink> w zw. z <xLexLink xArt="art. 355;art. 355 § 2" xIsapId="WDU19640160093" xTitle="Ustawa z dnia 23 kwietnia 1964 r. - Kodeks cywilny" xAddress="Dz. U. z 1964 r. Nr 16, poz. 93">art. 355 par. 2 k. c.</xLexLink> poprzez niewłaściwe zastosowanie skutkujące bezpodstawnym pominięciem ustalenia przyczynienia się powódki do powstania szkody i zwiększenia jej rozmiarów, przy uwzględnieniu profesjonalnego miernika staranności wymaganej od powódki prowadzącej działalność gospodarczą i brzmienia wniosków opinii biegłych <xAnon>P. K.</xAnon> i <xAnon>J. S.</xAnon>.</xText>
          </xUnit>
          <xText>Na podstawie tych zarzutów pełnomocnik pozwanego wniósł o zmianę orzeczenia poprzez oddalenie powództwa w całości i rozstrzygnięcie o kosztach postępowania za obie instancje.</xText>
          <xText>W postępowaniu apelacyjnym został przeprowadzony dowód z uzupełniającej opinii biegłego do spraw instalacji elektrycznych. Na podstawie tej opinii dokonano następujących, dodatkowych ustaleń odnośnie działania systemu alarmowego i przyczyn dla których nie doszło do jego właściwego uruchomienia w dniu zdarzenia:</xText>
          <xText>Urządzenie alarmowe zainstalowane w gospodarstwie powódki było wyposażone w akumulator stanowiący alternatywne zasilanie syreny alarmowej. Akumulator doładowywany jest napięciem z sieci które musi mieć napięcie 230 V. Naładowany akumulator ma napięcie 12 V. Jeżeli spada napięcie sieciowe, akumulator nie jest ładowany. Przy spadku napięcia do 145 V akumulator najpewniej nie był ładowany. Przy zbyt niskim napięciu sieciowym, trwającym przez pewien czas, możliwe jest rozładowanie akumulatora z jednoczesnym brakiem zadziałania syreny alarmowej bądź jej niepełnym dźwiękiem. Przeprowadzane prace <xAnon> Zakładu (...)</xAnon> w dniach poprzedzających awarię, polegające na wyłączaniu energii mogły również na stan akumulatora i zmniejszenie jego doładowania.</xText>
          <xText>Akumulator był sprawny a przyczyną jego niedoładowania była zbyt mała moc transformatora który został następnie wymieniony.</xText>
          <xText>Transformator został wymieniony w dniu 24 sierpnia 2006 roku (wykaz prac remontowych i napraw linii zasilającej stację <xAnon> (...)</xAnon><xAnon>P.</xAnon> w 2006 roku, akta likwidacyjne szkody).</xText>
          <xText xALIGNx="center">
            <xBx>Sąd Apelacyjny zważył co następuje:</xBx>
          </xText>
          <xText>Za zasadną prawie w całości należało uznać apelację powódki.</xText>
          <xText>Sąd II instancji podzielił bowiem zarzuty związane z interpretacją generalnej umowy ubezpieczenia z dnia 31 maja 2006 roku, zawartej między pozwany zakładem ubezpieczeń a <xAnon> Zakładem (...) SA</xAnon> w <xAnon>Ł.</xAnon>.</xText>
          <xText>Pomniejszając należną powódce kwotę z tytułu odszkodowania, Sąd I instancji powołał się na ograniczenie odpowiedzialności pozwanego z polisy ubezpieczeniowej a jedno zdarzenie jednostkowe do 100.000 zł.</xText>
          <xText>Tego rodzaju ograniczenie nie znajdowało jednakże potwierdzenia w treści tejże umowy.</xText>
          <xText>Zgodnie z treścią par. 42 ust. 1 umowy suma gwarancyjna wynosi 1.000.000 zł. za jedni i wszystkie zdarzenia odjęte ubezpieczeniem. Suma ta, jak słusznie zauważył skarżący, obowiązuje dla całego zakresu ubezpieczenia, za wyjątkiem ryzyk enumeratywnie wymienionych w par. 42 ust. 2, które nie miały zastosowania w niniejszej sprawie. Na sumę gwarancyjną w powyższej wysokości powołała się strona pozwana w odpowiedzi na pozew, wskazując z ostrożności procesowej na konieczność uwzględnienia właściwej franszyzy redukcyjnej po myśli par. 44 umowy.</xText>
          <xText>Przepis ten normuje kwestie udziału własnego i franszyzy, przewidując franszyzę redukcyjną między innymi w przypadku odpowiedzialności cywilnej za szkody wynikłe z niewykonania lub nienależytego wykonania zobowiązania, przy czym dla szkód o jednostkowej wartości ponad 100.000 zł. franszyza obowiązuje w wysokości 10 % szkody nie mniej niż 1.000 zł.</xText>
          <xText>Przy odpowiedzialności cywilnej za szkody wyrządzone w związku z niedostarczaniem energii lub z dostarczaniem energii o niewłaściwych parametrach franszyza została wykupiona.</xText>
          <xText>Franszyza oznacza zastrzeżone umownie ograniczenie sumy odszkodowania o określoną kwotę albo o określony procent szkody.</xText>
          <xText>Wymienione w par. 44 ust. kwoty w wysokości 100.000 zł. nie były zatem tożsame z sumą gwarancyjną.</xText>
          <xText>Ostatecznie należało uznać, iż podstawą do wyliczenia odszkodowania podlegającego zasądzeniu w niniejszej sprawie powinna być wartość poniesionych przez powódkę strat, z nawiązaniu do sumy gwarancyjnej w wysokości 1.000.000 zł. przy ewentualnym zastosowaniu franszyzy, co w praktyce oznaczało uwzględnienie żądania głównego w całości, niezależnie od przyjętego reżimu <xAnon> odpowiedzialności Zakładu (...)</xAnon>.</xText>
          <xText>Straty poniesione przez powódkę zostały oszacowane przez biegłą z zakresu drobiarstwa <xAnon>H. S.</xAnon> na łączną kwotę 180.573,91 zł. ( opinia biegłej k. 239 ).</xText>
          <xText>Sąd Apelacyjny przychylił się do stanowiska, że <xAnon> odpowiedzialność Zakładu (...)</xAnon> miała związek z wymienioną w par. 44 ust. 2 pkt. 2 umowy ubezpieczenia, odpowiedzialnością za szkody wynikłe na skutek dostarczenia energii o niewłaściwych parametrach, w przypadku których franszyza została wykupiona. Dlatego od podanej wyżej wartości szkody należało odliczyć jedynie kwotę 59.234,25 zł. wypłaconą powódce w postępowaniu likwidacyjnym. Różnica w wysokości 121.339,66 zł. wykraczała ponad żądaną w pozwie kwotę 100.000 zł. Ponad żądanie wykracza również kwota uzyskana w wyniku zastosowania franszyzy redukcyjnej w wysokości 10 %, przy założeniu, że odpowiedzialność strony pozwanej wynika z tytułu odpowiedzialności za nienależyte wykonanie zobowiązania. W takim przypadku franszyza powoduje obniżenie odszkodowania do kwoty 162.516,52 zł. co po odliczeniu sumy wypłaconej przez ubezpieczyciela daje kwotę 103.282,27 zł.</xText>
          <xText>W związku z powyższym powódka mogła skutecznie domagać się zasądzenia kwoty 100.000 zł. tytułem częściowego wyrównania poniesionych strat.</xText>
          <xText>Dlatego Sąd Apelacyjny działając na podstawie <xLexLink xArt="art. 386;art. 386 § 1" xIsapId="WDU19640430296" xTitle="Ustawa z dnia 17 listopada 1964 r. - Kodeks postępowania cywilnego" xAddress="Dz. U. z 1964 r. Nr 43, poz. 296">art. 386 par. 1 k. p. c.</xLexLink> zmienił zaskarżony wyrok w ten sposób, że zasądził od pozwanego na rzecz powódki kwotę 100.000 zł. z ustawowymi odsetkami: od kwoty 60.000 zł. poczynając od dnia 1 października 2006 roku i od kwoty 40.000 zł. poczynając od dnia 22 października 2009 roku, oddalił powództwo w pozostałej części oraz obciążył stronę pozwaną kosztami procesu na rzecz powódki i kosztami sądowymi na rzecz Skarbu Państwa – Sądu Okręgowego w Łodzi w całości (wysokość kosztów procesu poniesionych przez stronę powodową i wielkość kosztów sądowych została wskazana przez Sąd I instancji w wyroku i w jego uzasadnieniu ). Powództwo podlegało oddaleniu jedynie w zakresie odsetek od kwoty 40.000 zł. za okres od 1 października 2006 roku do dnia 22 października 2009 roku. W pozwie strona pozwana domagała się zasądzenia kwoty 60.000 zł, powództwo zostało rozszerzone do wysokości 100.000 zł. na rozprawie w dniu 21 października 2009 roku. Odsetki od kwoty 40.000 zł. należały się zatem od następnego dnia, to jest od 22 października 2009 roku.</xText>
          <xText>W związku z powyższym nie była również zasadna apelacja w części dotyczącej odsetek - skarżąca wnosiła bowiem o zmianę wyroku przez dodatkowe zasądzenie kwoty 63.734,25 zł. wraz z odsetkami od całej tej sumy poczynając od dnia 1 października 2006 roku, podczas gdy odsetki podlegały zasądzeniu w sposób określony powyżej.</xText>
          <xText>Odnosząc się do apelacji strony pozwanej, Sąd Apelacyjny uznał ją za nieuzasadnioną.</xText>
          <xText>Kwestia odpowiedzialności strony pozwanej została rozpatrzona przez Sąd I instancji w dwóch płaszczyznach – na płaszczyźnie odpowiedzialności kontraktowej i na płaszczyźnie odpowiedzialności deliktowej przy czym , jak się wydaje, Sąd ten uznał, iż w niniejszej sprawie zachodzi możliwość zastosowania obu tych reżimów odpowiedzialności.</xText>
          <xText>Podnosząc, iż <xAnon> Zakład (...)</xAnon> nie ponosi odpowiedzialności za szkodę co do zasady, skarżący zakwestionował przede wszystkim tezę, iż miedzy powódką a <xAnon> Zakładem (...)</xAnon> doszło do zawarcia umowy o dostawę energii elektrycznej per facta concludentia, co miało wyłączać odpowiedzialność ex kontraktu. Zagadnienie to istotnie było kontrowersyjne, aczkolwiek można było w niniejszej sprawie wyróżnić okoliczności przemawiające za stanowiskiem Sądu Okręgowego. Bezspornym pozostawał fakt, iż dostawa energii do nieruchomości miała miejsce w oparciu o dwie umowy o dostawę energii elektrycznej, zawarte z teściem powódki <xAnon>J. P. (1)</xAnon> z dnia 5 stycznia i 9 marca 2001 roku. Wprawdzie powódka nie poinformowała dostawcy o przejęciu gospodarstwa i nie zawarła omowy o dostawę energii na swoje nazwisko ale z niekwestionowanych przez stronę pozwaną ustaleń Sądu wynikało, iż pracownicy <xAnon> Zakładu (...)</xAnon> bywali na fermie drobiu prowadzonej od 2003 roku przez powódkę, spisywali stan liczników, powódka regulowała nadto należności za energię.</xText>
          <xText>Można więc było założyć, że <xAnon> Zakład (...)</xAnon> miał wiedzę na temat zmiany podmiotu korzystającego z energii i akceptował tę zmianę nie nakładając na powódkę jakichkolwiek powinności z tym związanych. Mogło to stanowić podstawę do założenia, tak jak to wywiódł Sąd I instancji powołując się na treść przepisów <xLexLink xArt="art. 60;art. 65;art. 65 § 1" xIsapId="WDU19640160093" xTitle="Ustawa z dnia 23 kwietnia 1964 r. - Kodeks cywilny" xAddress="Dz. U. z 1964 r. Nr 16, poz. 93">art. 60 i 65 par. 1 k. c.</xLexLink> iż doszło przez fakty dokonane do zawarcia umowy o dostawę energii z powódką. Jakkolwiek Sąd nie przytoczył treści tej umowy ale w ustaleniach faktycznych odwołał się do faktycznych warunków na jakich dostawa energii miała miejsce, określając miejsce dostarczania energii, moc poboru, sposób zabezpieczenia przelicznikowego oraz ilość energii do której odbioru był zobowiązany odbiorca.</xText>
          <xText>Przytoczone w apelacji <xLexLink xArt="" xIsapId="WDU20050020006" xTitle="Rozporządzenie Ministra Gospodarki i Pracy z dnia 20 grudnia 2004 r. w sprawie szczegółowych warunków przyłączenia podmiotów do sieci elektroenergetycznych, ruchu i eksploatacji tych sieci" xAddress="Dz. U. z 2005 r. Nr 2, poz. 6">rozporządzenie Ministra Gospodarki i Pracy z dnia 20 grudnia 2004 roku</xLexLink> istotnie przewiduje wymienione przez skarżącego regulacje w zakresie warunków przyłączenia odbiorcy do sieci energetycznej oraz warunki dostawy energii i zawierania umów w tym przedmiocie. Sąd Okręgowy słusznie jednakże zauważył, że wymogi tego rozporządzenia nie zostały dotrzymane przy zawieraniu umów z <xAnon>J. P. (1)</xAnon>.</xText>
          <xText>Potwierdzała to opinia biegłego z zakresu instalacji i urządzeń elektrycznych <xAnon>P. K. (2)</xAnon>, w której omówiono nieprawidłowości tych umów, przy czym biegły nieprawidłowościami tymi obciążył <xAnon> Zakład (...)</xAnon>, który tego rodzaju umowy skonstruował i nie widział potrzeby, będąc wysokiej rangi profesjonalistą, dokonania jakichkolwiek zmian i faktycznie od 2001 roku dostarczał energię o parametrach dostosowanych do potrzeb gospodarstwa powódki i prowadzonej w nim działalności gospodarczej, mimo, że nie miały pokrycia w każdej z umów. Umowy te, mimo wadliwości, były ocenione przez stronę pozwaną jako obowiązujące między <xAnon>J. P. (1)</xAnon> a <xAnon> Zakładem (...)</xAnon>. Przytoczone w apelacji argumenty nie mogły więc zanegować skuteczności czynności prawnej zawartej per facta concludentia, nawet jeżeli <xAnon>M. P.</xAnon> nie znała szczegółowo warunków dostarczania energii a jedynie akceptowała fakt wykonywania usługi na tych samych zasadach jak w przypadku <xAnon>J. P. (1)</xAnon> i regulowała należności z tego tytułu.</xText>
          <xText>Strona pozwana nie kwestionowała ustaleń na temat zachowań urządzeń energetycznych zasilających nieruchomość powódki, przed dniem 8 sierpnia 2006 roku i w dniu zdarzenia oraz ustaleń co do przyczyn awaryjności tych urządzeń i sposobu ich naprawiania. Z ustaleń tych wynikało, iż awaria podobnego typu jak w dniu 9 sierpnia 2006 roku, miała miejsce wcześniej, w dniu 2 lipca 2006 roku, a nadto, że pomimo naprawy urządzeń transformatora po pierwszej awarii nadal były obserwowane spadki napięcia oraz iskrzenie przy transformatorze. Spadek napięcia jaki miał miejsce w nocy z 8 na 9 sierpnia 2006 roku był związany z wypaleniem styków na dwóch fazach odłącznika 15 kV przed stacją transformatorową. Spadki napięcia wynikały również z przeciążenia transformatora który miał za małą moc. Prawidłowa naprawa urządzeń po wystąpieniu kolejnej awarii w dniu 8 sierpnia 2006 roku polegająca na zapewnieniu właściwego zasilania w energię elektryczną nastąpiła dopiero na skutek naprawy odłącznika i wymiany transformatora dniu 24 sierpnia 2006 roku ( opinia biegłego k. 298).</xText>
          <xText><xAnon> Zakład (...)</xAnon> jest obowiązany do dostarczania w ramach umowy energii elektrycznej o określonych parametrach przy normalnej eksploatacji i konserwacji sieci przesyłowej. Z racji specyfiki prowadzonej działalności, Zakład nie może zatem odpowiadać ex kontraktu za skutki nagłych awarii którym nie można zapobiec. O ile w niniejszej sprawie można było mówić o nagłości awarii odłącznika przy transformatorze w dniu 2 lipca 2006 roku, to wobec dalej utrzymujących się niedomogów w działaniu transformatora i pojawiających się spadków napięcia trudno było przyjąć, że awaria która doprowadziła do wystąpienia szkody miała nieprzewidywalny charakter, zwalniający <xAnon> Zakład (...)</xAnon> z odpowiedzialności kontraktowej. Przeciwnie, należało uznać, tak jak to uczynił Sąd I instancji, iż wypalenie styków na fazach odłącznika i głęboki spadek napięcia jaki miał miejsce w nocy z 8 na 9 sierpnia 2006 roku (do 145 V) był związany z niewystarczającą naprawą instalacji w lipcu 2006 roku, nie zapewniającą utrzymania właściwego napięcia i z brakiem reakcji na dalsze wadliwości w działaniu transformatora, wymagającego wymiany na nowe urządzenie, nie awaryjne i dostosowane do odpowiedniego poboru mocy przez przyłączonych odbiorców. Tego rodzaju działanie <xAnon> Zakładu (...)</xAnon> słusznie zostało potraktowane przez Sąd jako nienależyte wywiązanie się z obowiązku utrzymania urządzeń energetycznych w odpowiednim stanie, a konstatacji tej nie negował fakt doraźnych napraw dokonywanych w ciągu 48 godzin. Rodziło to <xAnon> odpowiedzialność Zakładu (...)</xAnon> po myśli <xLexLink xArt="art. 471" xIsapId="WDU19640160093" xTitle="Ustawa z dnia 23 kwietnia 1964 r. - Kodeks cywilny" xAddress="Dz. U. z 1964 r. Nr 16, poz. 93">art. 471 k. c.</xLexLink> przy założeniu, że powódkę i <xAnon> Zakład (...)</xAnon> łączyła umowa o dostawę energii elektrycznej, zawarta przez fakty dokonane.</xText>
          <xText>Sąd Apelacyjny nie podzielił przy tym podniesionego w apelacji zarzutu naruszenia <xLexLink xArt="art. 321;art. 321 § 1" xIsapId="WDU19640160093" xTitle="Ustawa z dnia 23 kwietnia 1964 r. - Kodeks cywilny" xAddress="Dz. U. z 1964 r. Nr 16, poz. 93">art. 321 par. 1 k. c.</xLexLink> Strona powodowa podała zarówno w pozwie jak i w trakcie dalszego postępowania okoliczności faktyczne będące podstawą powództwa w niniejszej sprawie, sprowadzające się do przedstawienia przyczyn dla których doszło do powstania szkody i sposobu dostarczania energii elektrycznej do nieruchomości. Do Sądu I instancji należało zastosowanie przepisów prawa materialnego do ustalonego stanu faktycznego sprawy. W rozpatrywanym przypadku zasada ta nie została złamana. W świetle sformułowanych przez stronę powodową ustaleń możliwe było rozpatrzenie <xAnon> odpowiedzialności Zakładu (...)</xAnon> na tle przepisów o odpowiedzialności kontraktowej a podjęcie tego rodzaju rozważań nie stanowiło o wyrokowaniu co do przedmiotu który nie był objęty żądaniem.</xText>
          <xText>Dodać też należy, iż ustaleń na temat sposobu dostarczania energii do nieruchomości powódki i jej parametrów oraz przyczyn nieprawidłowości urządzeń przesyłowych i zakresu dokonywanych napraw, Sąd Okręgowy dokonał, przede wszystkim w oparciu o opinie biegłego energetyka.</xText>
          <xText>0pinia ta nie była kwestionowana przez strony. W tej sytuacji nie można było podzielić zarzutu, iż w powyższym zakresie Sąd dopuścił się niewłaściwej oceny zebranego materiału dowodowego.</xText>
          <xText>Niezależnie od powyższych rozważań odnośnie odpowiedzialności kontraktowej <xAnon> Zakładu (...)</xAnon>, należało, w ocenie Sądu Apelacyjnego, w pełni podzielić stanowisko, iż Zakład ten ponosił za szkodę powódki odpowiedzialność deliktową na zasadzie ryzyka, określoną w <xLexLink xArt="art. 435" xIsapId="WDU19640430296" xTitle="Ustawa z dnia 17 listopada 1964 r. - Kodeks postępowania cywilnego" xAddress="Dz. U. z 1964 r. Nr 43, poz. 296">art. 435 k. p. c.</xLexLink></xText>
          <xText>Dla przyjęcia tego rodzaju odpowiedzialności konieczne jest wykazanie przesłanek unormowanych powyższym przepisem, w postaci ruchu przedsiębiorstwa prowadzonego za pomocą sił przyrody, szkody oraz związku przyczynowego między ruchem przedsiębiorstwa a szkodą.</xText>
          <xText>Nie ulega wątpliwości, że <xAnon> Zakład (...)</xAnon> jest przedsiębiorstwem wprawianym w ruch za pomocą sił przyrody, bezsporny był również fakt, iż powódka poniosła szkodę, zaistniał nadto związek przyczynowy w rozumieniu <xLexLink xArt="art. 361;art. 361 § 1" xIsapId="WDU19640160093" xTitle="Ustawa z dnia 23 kwietnia 1964 r. - Kodeks cywilny" xAddress="Dz. U. z 1964 r. Nr 16, poz. 93">art. 361 par. 1 k. c.</xLexLink> pomiędzy działaniem przedsiębiorstwa i dostarczeniem energii o zbyt niskim napięciu, powodującym zaprzestanie działania urządzeń wentylacyjnych w pomieszczeniach przeznaczonych do hodowli kur, a szkodą polegająca na upadku kur i innych stratach w hodowli.</xText>
          <xText>Sąd Okręgowy wykluczył zaistnienie podstaw prowadzących do zwolnienia się <xAnon> Zakładu (...)</xAnon> z odpowiedzialności, w szczególności Sąd ten odrzucił zarzut, iż szkoda powstała z wyłącznej winy powódki. Sąd Apelacyjny zgodził się z powyższym poglądem.</xText>
          <xText>Wina poszkodowanego, stanowiąca jedną z przyczyn egzoneracyjnych wyłączających odpowiedzialność prowadzącego przedsiębiorstwo wprawiane w ruch za pomocą sił przyrody, związana jest z wymogiem aby „ szkoda nastąpiła wyłącznie z winy poszkodowanego” , przy czym zwrot ten, użyty w <xLexLink xArt="art. 435;art. 435 § 1" xIsapId="WDU19640160093" xTitle="Ustawa z dnia 23 kwietnia 1964 r. - Kodeks cywilny" xAddress="Dz. U. z 1964 r. Nr 16, poz. 93">art. 435 par. 1 k. c.</xLexLink> odnosi się nie do winy, ale do przyczyny szkody, gdyż konstrukcja tego przepisu została oparta na przeciwstawieniu przyczyn powstania szkody w płaszczyźnie przyczynowości a nie winy.</xText>
          <xText>Wynika stąd, że odpowiedzialność z <xLexLink xArt="art. 435" xIsapId="WDU19640160093" xTitle="Ustawa z dnia 23 kwietnia 1964 r. - Kodeks cywilny" xAddress="Dz. U. z 1964 r. Nr 16, poz. 93">art. 435 k. c.</xLexLink> nie zachodzi wówczas gdy wina poszkodowanego jest wyłączną przyczyną szkody.</xText>
          <xText>Podnosząc, że szkoda nastąpiła z wyłącznej winy powódki, bądź, że strona ta przyczyniła się wydatnie do powstania szkody ( ten ostatni zarzut odnosił się do obu reżimów <xAnon> odpowiedzialności Zakładu (...)</xAnon> ), pozwany upatrywał tego w bezumownym przyłączeniu do sieci energetycznej nieprzygotowanego przedsiębiorstwa, ponadto, w ocenie pozwanego, nie zachodził adekwatny związek przyczynowy między ruchem <xAnon> Zakładu (...)</xAnon> a szkodą. W łańcuch przyczynowo skutkowy weszły, według skarżącego, konkurencyjne przyczyny bez których zaistnienia nie doszłoby do szkody, przede wszystkim w postaci niestarannego prowadzenia działalności gospodarczej i braku przewidzenia negatywnych skutków podłączenia do sieci energetycznej fermy bez odpowiedniego zabezpieczenia oraz w postaci nie poinformowania <xAnon> Zakładu (...)</xAnon> o charakterze prowadzonej działalności gospodarczej.</xText>
          <xText>Z tego rodzaju argumentacją nie można się było zgodzić.</xText>
          <xText>Wbrew twierdzeniom pozwanego, nieruchomość powódki, na której była prowadzona hodowla drobiu zostało w sposób wystarczający wyposażone w urządzenie alarmowe na wypadek braków w dostawie energii elektrycznej oraz w urządzenie dostarczające zastępczo energię do budynku gospodarczego. Dokonując w tym względzie ustaleń faktycznych Sąd I instancji nie dopuścił się zarzucanej w apelacji obrazy przepisów <xLexLink xArt="art. 233;art. 233 § 1" xIsapId="WDU19640430296" xTitle="Ustawa z dnia 17 listopada 1964 r. - Kodeks postępowania cywilnego" xAddress="Dz. U. z 1964 r. Nr 43, poz. 296">art.233 par. 1 k. p. c.</xLexLink> i <xLexLink xArt="art. 278" xIsapId="WDU19640430296" xTitle="Ustawa z dnia 17 listopada 1964 r. - Kodeks postępowania cywilnego" xAddress="Dz. U. z 1964 r. Nr 43, poz. 296">art. 278 k. p. c.</xLexLink> poprzez wadliwą ocenę dowodu z opinii biegłych - z zakresu instalacji i urządzeń elektrycznych <xAnon>P. K.</xAnon> i z zakresu weterynarii <xAnon>J. S.</xAnon>, z tym, że opinia biegłego <xAnon>P. K.</xAnon> wymagała, zdaniem Sądu Apelacyjnego, pewnego uzupełnienia w przedmiocie sposobu działania urządzenia alarmowego i przyczyn dla których urządzenie to nie funkcjonowało właściwie w dniu zdarzenia. Dokonane na tej podstawie ustalenia zostały powołane wyżej. Ostatecznie, w świetle wypowiedzi obu biegłych, nie można było przypisać powódce zaniedbań w omawianym przedmiocie.</xText>
          <xText>Bezspornym pozostawał fakt, iż powódka nie posiadała takich urządzeń zasilania alternatywnego jak UPS czy SZR, nie ulegało też wątpliwości, iż szkoda nie wystąpiłaby bądź byłaby niewielka gdyby doszło do uruchomienia zasilania alternatywnego w czasie krótszym niż 30 minut. Jednakże biegły <xAnon>J. S.</xAnon> w opinii z dnia 23 marca 2012 roku ( k. 470 – 482), zaznaczył wprawdzie, iż urządzenie UPS zapewnia ciągłość zasilania w przypadku spadku napięcia sieciowego ale podniósł też, że na fermach drobiu nie jest konieczne ograniczenie braku zasilania do zera. Przy zastosowaniu urządzenia SZR lub syreny alarmowej przerwa w dostawie prądu wynosi ok. 5 minut, stanowiącej czas potrzebny na załączenie agregatu. Dostrzegając zalety systemu SZR , biegły pokreślił, iż każdy inny system uruchomiania zasilania alternatywnego, przykładowo w postaci syreny alarmowej, zabezpiecza przed brakiem zasilania. Dlatego biegły nie widział konieczności zapewnienia bezprzerwowego zasilania w gospodarstwie powódki ( k. 482 ).</xText>
          <xText>Powódka posiadała agregat prądotwórczy zapewniający pracę urządzeń elektrycznych na wypadek spadku napięcia sieciowego czy braku zasilania oraz urządzenie alarmowe zaopatrzone w syrenę informującą o tychże brakach w dostawie prądu.</xText>
          <xText>Posiadanie agregatu prądotwórczego z urządzeniem alarmowym, przewidzianego dla typowych awarii skutkujących zanikiem napięcia w sieci, wskazywało na zachowanie przez powódkę staranności wyższej od staranności wymaganej od rolnika, dostosowanej do charakteru prowadzonej działalności. Powódka nie mogła przewidzieć uszkodzeń transformatora i jego niewydolności, nie mogła nadto zakładać konieczności dokonywania kilkakrotnych napraw tego urządzenia. Stąd brak urządzeń zapewniających nieprzerwany przekaz energii nie mógł obciążać strony powodowej.</xText>
          <xText>Inną kwestią, podlegającą osobnemu omówieniu, była sprawność urządzenia alarmowego w dniu zdarzenia. Zapewnienie należytej jakości systemu alarmowego i jego właściwego działania na terenie gospodarstwa, spoczywała na użytkowniku. Nie można więc było, co do zasady, zanegować tezy apelacji, iż w przypadku gdyby urządzenie alarmowe nie zadziałało prawidłowo w postaci sygnału dźwiękowego w razie spadku zasilania poniżej poziomu bezpieczeństwa, z przyczyn leżących po stronie powódki, to okoliczność ta przemawiałaby co najmniej za przyczynieniem się tej strony do powstania szkody. Jak wynikało z wypowiedzi biegłego <xAnon>P. K.</xAnon> przed Sądem I instancji, urządzenie alarmowe było wyposażone w zasilanie awaryjne w postaci akumulatora, które miało za zadanie zasilenie w energię urządzenia alarmowego przy braku odpowiedniego zasilania sieciowego. Opinia biegłego istotnie zawierała stwierdzenie, na które powołał się skarżący, iż gdyby w dniu 9 sierpnia 2006 roku akumulator zasilania syreny alarmowej był naładowany, to wówczas nastąpiłoby przełączenie urządzenia alarmowego na zasilanie akumulatorowe i syrena by działała. Brak zadziałania syreny był wywołany rozładowaniem akumulatora.</xText>
          <xText>Opinia biegłego nie określała jednakże, co uszło uwadze Sądowi Okręgowemu, przyczyn dla których mogło dojść do rozładowania akumulatora a tym samym do braku właściwego zadziałania systemu alarmowego.</xText>
          <xText>W tej sytuacji Sąd Apelacyjny przeprowadził dowód z uzupełniającej opinii biegłego na rozprawie apelacyjnej w dniu 8 lutego 2006 roku, w celu wyjaśnienia powyższych kwestii. W świetle tejże opinii nie można było uznać, że przyczyny rozładownia akumulatora, stanowiącego awaryjne zasilanie urządzenia alarmowego, leżały po stronie powódki.</xText>
          <xText>Biegły wyjaśnił, iż przy zbyt niskim napięciu zasilania sieciowego, trwającym przez pewien czas możliwe jest rozładowanie akumulatora z jednoczesnym brakiem zadziałania syreny alarmowej bądź jej niepełnym dźwiękiem, na stan akumulatora mogły mieć również wpływ prace <xAnon> Zakładu (...)</xAnon> w dniach poprzedzających szkodę. Ostatecznie biegły stwierdził, iż akumulator był sprawny a przyczyną jego niedoładowania była zbyt mała moc transformatora który został następnie wymieniony.</xText>
          <xText>Strony nie zgłosiły zastrzeżeń do tejże opinii. Nie było więc powodów do uznania wypowiedzi biegłego za niemiarodajnej.</xText>
          <xText>Jak zaznaczono wyżej, awarie transformatora i jego zbyt mała moc były nie do przewidzenia przez odbiorcę energii elektrycznej, powódka nie mogła więc zapobiec, przy dołożeniu należytej staranności, niewłaściwemu działaniu urządzenia alarmowego. Zwalniało to powódkę od zarzutu nieodpowiedniego zabezpieczenia hodowli przed szkodą, wywołaną brakiem właściwej dostawy energii elektrycznej. Powódka nie mogła mieć wiedzy na temat skutków zbyt małej mocy transformatora, nie można też było od niej wymagać, by zdawała sobie sprawę ze skutków utrzymujących się niewłaściwości w działaniu transformatora po dniu 2 lipca 2006 roku, skoro <xAnon> Zakład (...)</xAnon> dokonał w tej dacie naprawy tego urządzenia. Wymaga też podkreślenia, że do ostatecznego rozładowania akumulatora zasilającego awaryjnie syrenę alarmową, w stopniu uniemożliwiającym odpowiednie zadziałanie syreny, mogło dojść w czasie bezpośrednio poprzedzającym zdarzenie, trudno więc było przypisać powódce winę za brak wcześniejszego sprawdzenia prawidłowości działania systemu alarmowego.</xText>
          <xText>Przyczynienia się powódki do powstania szkody nie można było również upatrywać w nie zgłoszeniu w sposób oficjalny rodzaju prowadzonej działalności gospodarczej do <xAnon> Zakładu (...)</xAnon>, czy też w nie zawarciu przez powódkę osobnej umowy na dostawę energii.</xText>
          <xText>Jak zaznaczono wyżej, <xAnon> Zakład (...)</xAnon> był świadomy, że powódka prowadzi fermę drobiu, czego dowodziły wizyty pracowników Zakładu sprawdzających stan liczników oraz parametry dostarczanej energii i wielkość zabezpieczenia przelicznikowego a nadto wystawianie faktur za energię dostarczaną według wyższych stawek. Akceptacja przez <xAnon> Zakład (...)</xAnon> treści takich umów jak zawarte z <xAnon>J. P.</xAnon>, pozbawiała stronę pozwaną możliwości skutecznego podniesienia zarzutu co do zaniechań powódki w powyższym zakresie. Dotyczyło to również zarzutu związanego z brakiem umowy zawartej przez powódkę.</xText>
          <xText>Ostatecznie Sąd Apelacyjny, podobnie jak Sąd Okręgowy, nie znalazł podstaw do ekskulpowania <xAnon> Zakładu (...)</xAnon> z przyczyn wskazanych w <xLexLink xArt="art. 435;art. 435 § 1" xIsapId="WDU19640160093" xTitle="Ustawa z dnia 23 kwietnia 1964 r. - Kodeks cywilny" xAddress="Dz. U. z 1964 r. Nr 16, poz. 93">art. 435 par. 1 k. c</xLexLink>, nie widział też okoliczności przemawiających za przyjęciem przyczynienia się <xAnon>M. P.</xAnon> do powstania szkody. Tym samym nie zaistniały sugerowane w apelacji elementy przerywające związek przyczynowy między działaniem <xAnon> Zakładu (...)</xAnon> a szkodą. Przesądzając tę kwestię Sąd I instancji nie dopuścił się naruszenia wskazanych w apelacji przepisów prawa materialnego i prawa procesowego.</xText>
          <xText>Ostatecznie, z omówionych wyżej względów, Sąd Apelacyjny oddalił apelację powódki w nieuwzględnionej części oraz w całości apelację strony pozwanej stosownie do treści <xLexLink xArt="art. 385" xIsapId="WDU19640430296" xTitle="Ustawa z dnia 17 listopada 1964 r. - Kodeks postępowania cywilnego" xAddress="Dz. U. z 1964 r. Nr 43, poz. 296">art. 385 k. p. c.</xLexLink> O kosztach postępowania apelacyjnego Sąd ten rozstrzygnął w oparciu o treść przepisów <xLexLink xArt="art. 98;art. 98 § 1" xIsapId="WDU19640430296" xTitle="Ustawa z dnia 17 listopada 1964 r. - Kodeks postępowania cywilnego" xAddress="Dz. U. z 1964 r. Nr 43, poz. 296">art. 98 par. 1 k. p. c</xLexLink> w zw. z <xLexLink xArt="art. 108;art. 108 § 1" xIsapId="WDU19640430296" xTitle="Ustawa z dnia 17 listopada 1964 r. - Kodeks postępowania cywilnego" xAddress="Dz. U. z 1964 r. Nr 43, poz. 296">art. 108 par. 1 k. p. c.</xLexLink> i <xLexLink xArt="art. 391" xIsapId="WDU19640430296" xTitle="Ustawa z dnia 17 listopada 1964 r. - Kodeks postępowania cywilnego" xAddress="Dz. U. z 1964 r. Nr 43, poz. 296">art. 391</xLexLink> par, 1 <xLexLink xArt="" xIsapId="WDU19640430296" xTitle="Ustawa z dnia 17 listopada 1964 r. - Kodeks postępowania cywilnego" xAddress="Dz. U. z 1964 r. Nr 43, poz. 296">k. p. c.</xLexLink></xText>
        </xUnit>
      </xBlock>
    </xPart>
  </judgement>
<judgement id="154500000003003_VI_ACa_001182_2012_Uz_2013-02-20_001">
    <xPart xEditorFullName="Agnieszka Hydzik" xYear="2012" xLang="PL" xPublisherFullName="Agnieszka Hydzik" xFromPg="1" xEditor="ahydzik" xVolType="15/450000/0003003/ACa" xPublisher="ahydzik" xDocType="Uz" xVolNmbr="001182" xVersion="1.0" xToPage="15" xFlag="published">
      <xName>Wyrok+Uzasadnienie</xName>
      <xBlock>
        <xText>
          <xBx>Sygn. akt  VI ACa 1182/12 </xBx>
        </xText>
        <xUnit xIsTitle="true" xType="part" xBold="true">
          <xName>WYROK</xName>
          <xTitle>W IMIENIU RZECZYPOSPOLITEJ POLSKIEJ</xTitle>
          <xText xALIGNx="right">
            <xBx>Dnia 20 lutego 2013 r.</xBx>
          </xText>
          
          <xText>Sąd Apelacyjny w Warszawie VI Wydział Cywilny w składzie:</xText>
          <xText>Przewodniczący – SSA Krzysztof Tucharz</xText>
          <xText>Sędziowie:  SA Ewa Stefańska</xText>
          <xText>SO (del.) Beata Waś (spr.)</xText>
          <xText>Protokolant: sekr. sądowy Mariola Frąckiewicz</xText>
          
          <xText>po rozpoznaniu w dniu 20 lutego 2013 r. w Warszawie</xText>
          <xText>na rozprawie sprawy z powództwa <xAnon>(...)</xAnon> Sp. z o.o. z siedzibą w <xAnon>S.</xAnon></xText>
          <xText>przeciwko <xAnon>A. M.</xAnon></xText>
          <xText>o zapłatę</xText>
          <xText>na skutek apelacji powoda</xText>
          <xText>od wyroku Sądu Okręgowego w Warszawie</xText>
          <xText>z dnia 8 maja 2012 r.</xText>
          <xText>sygn. akt XXV C 620/10</xText>
          <xUnit xIsTitle="false" xType="none">
            <xName xSffx=".">I</xName>
            <xText>oddala apelację;</xText>
          </xUnit>
          <xUnit xIsTitle="false" xType="none">
            <xName xSffx=".">II</xName>
            <xText>zasądza od <xAnon>(...)</xAnon> Sp. z o.o. z siedzibą</xText>
          </xUnit>
          <xText>w <xAnon>S.</xAnon> na rzecz <xAnon>A. M.</xAnon> kwotę 1800 zł (jeden tysiąc osiemset złotych) tytułem zwrotu kosztów zastępstwa procesowego w postępowaniu apelacyjnym.</xText>
          
          <xText>
            <xBx>Sygn. akt VI ACa 1182/12</xBx>
          </xText>
        </xUnit>
        <xUnit xIsTitle="true" xType="part" xBold="true">
          <xName>UZASADNIENIE</xName>
          <xText>Pozwem z dnia 21 maja 2010 r. <xAnon>(...)</xAnon> Sp. z o.o. z siedzibą w <xAnon>S.</xAnon> wniósł o uznanie za bezskuteczną w stosunku do powoda umowę darowizny z dnia 28 listopada 2009 r. zawartą przed notariuszem <xAnon>A. P.</xAnon> za nr rep. <xAnon> (...)</xAnon> na mocy której małżonkowie <xAnon>R.</xAnon> i <xAnon>M. M. (1)</xAnon> darowali pozwanemu <xAnon>A. M.</xAnon> użytkowanie wieczyste zabudowanej nieruchomości gruntowej położonej w miejscowości <xAnon>K.</xAnon>, gmina <xAnon>S.</xAnon>, powiat <xAnon> (...)</xAnon>, obejmującej <xAnon>działkę ewidencyjną o nr (...)</xAnon> wraz z własnością usytuowanego na niej budynku i urządzeń stanowiących odrębny od gruntu przedmiot własności, dla której to nieruchomości Sąd Rejonowy w Mławie Wydział IV Ksiąg Wieczystych prowadzi księgę wieczystą o numerze <xAnon>(...)</xAnon> do wartości sumy wierzytelności w kwocie 150 000 zł., stanowiącej część należności głównej stwierdzonej prawomocnym nakazem zapłaty w postępowaniu nakazowym z dnia 15 stycznia 2010r. wydanym przez Sąd Okręgowy w Płocku Wydział I Cywilny , sygn. akt I Nc 120/09. Ponadto powód wniósł o zasądzenie na jego rzecz od pozwanego kosztów postępowania , w tym kosztów zastępstwa procesowego w kwocie 3600 zł i kwoty 17 zł tytułem opłaty skarbowej od pełnomocnictwa.</xText>
          
          <xText>Pozwany <xAnon>A. M.</xAnon> powództwa nie uznał i wniósł o jego oddalenie, podnosząc, iż nie przysługuje mu prawo użytkowania wieczystego do przedmiotowej nieruchomości.</xText>
          
          <xText>Pismem procesowym z dnia 11 maja 2011 r., złożonym na rozprawie w dniu 12 maja 2011 r., powód dokonał modyfikacji powództwa wnosząc o zasądzenie na swoją rzecz od pozwanego <xAnon>A. M.</xAnon> kwoty 150 000 zł z ustawowymi odsetkami od dnia 12 maja 2011 r. do dnia zapłaty oraz kosztów procesu w kwocie 3617 zł. W oświadczeniu ustnym pełnomocnik powoda stwierdził ,iż wystąpił z nowym roszczeniem zamiast żądania zgłoszonego w trybie <xLexLink xArt="art. 527" xIsapId="WDU19640160093" xTitle="Ustawa z dnia 23 kwietnia 1964 r. - Kodeks cywilny" xAddress="Dz. U. z 1964 r. Nr 16, poz. 93">art. 527 k.c.</xLexLink></xText>
          
          <xText>Na rozprawie w dniu 12 lipca 2011 r. powód cofnął pozew ze zrzeczeniem się roszczenia ponad kwotę 16 499,70 zł.</xText>
          
          <xText>Postanowieniem z dnia 8 września 2011 r. Sąd umorzył postępowanie w części, a mianowicie co do żądania uznania czynności prawnej za bezskuteczną stosunku do powoda oraz w zakresie żądania zapłaty ponad kwotę 16 499,70 zł.</xText>
          <xText>Ostatecznie więc żądanie powoda dotyczyło zasądzenie od pozwanego na jego rzecz kwoty 16 499,70 zł.</xText>
          
          <xText>Wyrokiem z dnia 8 maja 2012 r. Sąd Okręgowy w Warszawie oddalił powództwo oraz zasądził od powoda na rzecz pozwanego kwotę 5400 zł tytułem zwrotu kosztów zastępstwa procesowego.</xText>
          
          <xText>Powyższe rozstrzygnięcie zapadło na podstawie następujących ustaleń i rozważań.</xText>
          <xText>Powódka <xAnon> (...)</xAnon> z o.o. z siedzibą w <xAnon>S.</xAnon> pozostawała ze <xAnon> spółką (...) Spółka Jawna</xAnon> w stałych stosunkach gospodarczych , w ramach których spółka ta nabywała od powódki paliwa płynne. Od dnia 9 grudnia 2009r. <xAnon> (...)</xAnon> Sp. j. zaprzestała regulowania swoich zobowiązań finansowych względem powoda. W dniu 21 grudnia 2009 r. powódka wypełniła weksel in blanco i wezwała dłużnika do jego wykupu wskazując termin zapłaty. Po bezskutecznym upływie tego terminu powódka wystąpiła w dniu 24 grudnia 2009 r. do Sądu Okręgowego w Płocku z pozwem z postępowaniu nakazowym przeciwko <xAnon> (...)</xAnon> Sp. j. oraz <xAnon>G. M.</xAnon> i <xAnon>R. M.</xAnon>. Sąd Okręgowy w Płocku Wydział I Cywilny nakazem zapłaty z dnia 15 stycznia 2010r. nakazał pozwanym <xAnon> (...)</xAnon> Sp.j., <xAnon>G. M.</xAnon> i <xAnon>R. M.</xAnon>, aby zapłacili powodowi kwotę 1442.828,88 zł wraz z ustawowymi odsetkami od dnia 24 grudnia 2009 r. do dnia zapłaty oraz kwotę 11 726 zł. tytułem kosztów zastępstwa procesowego. Nakaz zapłaty uprawomocnił się w dniu 13 lutego 2010 r. Następnie powód złożył do komornika wniosek o wszczęcie postępowania zabezpieczającego , a w dniu 11 marca 2010r. wniosek o wszczęcie postępowania egzekucyjnego. W toku postępowania egzekucyjnego komornik ustalił ,iż dłużnik <xAnon>R. M.</xAnon> w 2008r. darował nieruchomości wchodzące w skład jego majątku innym członkom rodziny. W dniu 28 listopada 2009 r. <xAnon>R. M.</xAnon> wraz z żoną <xAnon>M.</xAnon><xAnon>M.</xAnon> umową darowizny, zawartą w formie aktu notarialnego darowali synowi <xAnon>A. M.</xAnon> prawo użytkowania wieczystego nieruchomości położonej w miejscowości <xAnon>K.</xAnon>, gmina <xAnon>S.</xAnon>, powiat <xAnon> (...)</xAnon>, obejmującej <xAnon>działkę ewidencyjną nr (...)</xAnon> o pow. 0,1895 ha , dla której Sąd Rejonowy w Mławie IV Wydział Ksiąg Wieczystych prowadzi <xAnon>księgę wieczystą o nr (...)</xAnon>.</xText>
          <xText>W dniu 22 października 2009 r. Wojewoda <xAnon> (...)</xAnon> na wniosek <xAnon> (...)</xAnon> wydał decyzję o ustaleniu lokalizacji linii kolejowej, która miała między innymi przebiegać przez nieruchomość będącą w użytkowaniu wieczystym małżonków <xAnon>R.</xAnon> i <xAnon>M.</xAnon><xAnon>M.</xAnon>. Decyzja ta stała się ostateczne z dniem 29 grudnia 2009 r. Pozwanemu <xAnon> (...) S.A.</xAnon> zaproponowała odszkodowanie za przejęcie praw do nieruchomości decyzją o ustaleniu lokalizacji linii kolejowej w trybie przepisów rozdziału 28 ustawy o transporcie kolejowym w kwocie 16 499,70 zł. Pozwany wydal <xAnon> (...) S.A.</xAnon> wyżej opisaną nieruchomość w dniu 25 stycznia 2010r. Odszkodowanie pozwany otrzymał w lipcu 2010 r. W dniu 30 czerwca 2010r. pozwany zakupił w <xAnon> sklepie (...)</xAnon> w <xAnon>W.</xAnon> instrument muzyczny klawiszowy <xAnon>(...)</xAnon> za cenę 6 220 zł. Pozwany <xAnon>A. M.</xAnon> jest zatrudniony w Samodzielnym <xAnon> Wojewódzkim Zespole Publicznych Zakładów (...)</xAnon> w <xAnon>W.</xAnon> na stanowisku zastępcy dyrektora ds. technicznych i otrzymuje wynagrodzenie netto w wysokości 4377,36 zł.</xText>
          <xText>Mając powyższe na uwadze Sąd Okręgowy uznał, że powództwo nie zasługiwało na uwzględnienie.</xText>
          <xText>Na wstępie Sąd Okręgowy zaznaczył, że powód ostatecznie wniósł, cofając pozew ze skargi paulińskiej, o zapłatę od pozwanego na swoją rzecz kwoty 16 499,70 zł z ustawowymi odsetkami tytułem bezpodstawnego wzbogacenia.</xText>
          <xText>Powołując się na treść <xLexLink xArt="art. 405" xIsapId="WDU19640160093" xTitle="Ustawa z dnia 23 kwietnia 1964 r. - Kodeks cywilny" xAddress="Dz. U. z 1964 r. Nr 16, poz. 93">art. 405 k.c.</xLexLink> a także <xLexLink xArt="art. 527" xIsapId="WDU19640160093" xTitle="Ustawa z dnia 23 kwietnia 1964 r. - Kodeks cywilny" xAddress="Dz. U. z 1964 r. Nr 16, poz. 93">art. 527 k.c.</xLexLink> Sąd I instancji stwierdził, że żądanie powoda o zapłatę na podstawie <xLexLink xArt="art. 405" xIsapId="WDU19640160093" xTitle="Ustawa z dnia 23 kwietnia 1964 r. - Kodeks cywilny" xAddress="Dz. U. z 1964 r. Nr 16, poz. 93">art. 405 k.c.</xLexLink>, bez uprzedniego uzyskania wyroku uwzględniającego powództwo na podstawie <xLexLink xArt="art. 527" xIsapId="WDU19640160093" xTitle="Ustawa z dnia 23 kwietnia 1964 r. - Kodeks cywilny" xAddress="Dz. U. z 1964 r. Nr 16, poz. 93">art. 527 k.c.</xLexLink>, nie mogło być uznane za zasadne.</xText>
          <xText>Jak wskazał Sąd Okręgowy podstawową bowiem przesłanką odpowiedzialności z tytułu bezpodstawnego wzbogacenia jest uzyskanie korzyści bez podstawy prawnej, co oznacza, że uzyskanie korzyści majątkowej nie znajduje usprawiedliwienia w przepisie ustawy, ważnej czynności prawnej, prawomocnym orzeczeniu sądowym albo w akcie administracyjnym, natomiast w niniejszej sprawie taka sytuacja nie miała miejsca.</xText>
          <xText>Sąd Okręgowy stwierdził, że utrata przez pozwanego prawa użytkowania wieczystego nieruchomości nie nastąpiła na skutek czynności prawnej zawartej w złej wierze, lecz jej genezą była decyzja Wojewody <xAnon> (...)</xAnon> z dnia 22 X 2009 r. o ustaleniu lokalizacji linii kolejowej, zatem ważny akt administracyjny, który spowodował z mocy prawa pozbawienie pozwanego prawa użytkowania wieczystego gruntu na rzecz <xAnon> (...) S.A.</xAnon> Czynności te były niezależne od woli pozwanego.</xText>
          <xText>Odnosząc się natomiast do czynności prawnej - umowy darowizny przedmiotowego prawa użytkowania wieczystego wyżej opisanej nieruchomości, zawartej w dniu 28 listopada 2009 r. pomiędzy <xAnon>R. M.</xAnon> i jego żoną a pozwanym, to zdaniem Sądu Okręgowego nie można uznać jej za dokonaną bez podstawy prawnej. Jest to skuteczna i ważna czynność prawna. Sąd Okręgowy podkreślił bowiem, że skarga paulińska zmierza jedynie do ustalenia, że przy spełnieniu przesłanek wynikających z przepisu <xLexLink xArt="art. 527" xIsapId="WDU19640160093" xTitle="Ustawa z dnia 23 kwietnia 1964 r. - Kodeks cywilny" xAddress="Dz. U. z 1964 r. Nr 16, poz. 93">art. 527 k.c.</xLexLink> i nast., czynność prawna dokonana przez dłużnika z osobą trzecią, z pokrzywdzeniem wierzyciela jest bezskuteczna w stosunku do niego. Oznacza to, że wierzyciel może zaspokoić się z nieruchomości będącej przedmiotem tej czynności prawnej , a osoba trzecia musi znosić prowadzoną do tej nieruchomości egzekucję, nie powoduje to jednak nieważności czynności prawnej.</xText>
          <xText>Ponadto Sąd Okręgowy wskazał, że podziela stanowisko, iż wierzyciel nie traci prawa do żądania uznania za bezskuteczną czynności prawnej dokonanej z jego pokrzywdzeniem przez dłużnika z osoba trzecią w wypadku, gdy osoba trzecia rozporządziła odpłatnie uzyskaną korzyścią na rzecz osoby działającej w dobrej wierze. Odmienny pogląd niezasadnie wiązałby skargę z przedmiotem, który zbył dłużnik i w razie jego dalszego zbycia pozbawiłby ją całkowicie znaczenia prawnego. Dla pozbawienia wierzyciela jego uprawnienia wystarczyłoby bowiem dalsze zbycie rzeczy osobie w dobrej wierze. Jeżeli więc osoba trzecia wyzbyła się odpłatnie przedmiotu uzyskanego od dłużnika z pokrzywdzeniem wierzyciela, wierzyciel może domagać się w procesie przeciwko tej osobie uznania czynności prawnej zdziałanej przez nią z dłużnikiem za bezskuteczną w odniesieniu do przysługującej mu realnej i skonkretyzowanej wierzytelności, której wysokość w zakresie tego żądania podlega badaniu pod kątem przesłanek z <xLexLink xArt="art. 527" xIsapId="WDU19640160093" xTitle="Ustawa z dnia 23 kwietnia 1964 r. - Kodeks cywilny" xAddress="Dz. U. z 1964 r. Nr 16, poz. 93">art. 527 k.c.</xLexLink> oraz zgłosić , mające źródło w skardze paulińskiej, zaś podstawę w przepisach o bezpodstawnym wzbogaceniu, żądanie zwrotu wysokości korzyści utraconej przez osobę trzecią, a uzyskanej kosztem wierzyciela, w granicach, w jakich wierzyciel zaspokoiłby się z rzeczy, zgodnie z <xLexLink xArt="art. 532" xIsapId="WDU19640160093" xTitle="Ustawa z dnia 23 kwietnia 1964 r. - Kodeks cywilny" xAddress="Dz. U. z 1964 r. Nr 16, poz. 93">art. 532 k.c.</xLexLink> Za nieuzasadnione uznał natomiast Sąd Okręgowy stanowisko, że powód mógł wystąpić jedynie z roszczeniem o zapłatę, natomiast jego żądanie uznania bezskuteczności czynności prawnej powinno być oddalone.</xText>
          <xText>W ocenie Sądu I instancji w sprawie o uznanie czynności prawnej dłużnika za bezskuteczną, osoba trzecia która wskutek tej czynności uzyskała korzyść majątkową zachowuje legitymację bierną także wtedy, gdy przed doręczeniem pozwu rozporządziła uzyskaną korzyścią na rzecz innej osoby.</xText>
          <xText>Sąd Okręgowy stwierdził zatem, że osoba trzecia, która przez czynność prawną z dłużnikiem dokonaną z złej wierze w rozumieniu <xLexLink xArt="art. 527" xIsapId="WDU19640160093" xTitle="Ustawa z dnia 23 kwietnia 1964 r. - Kodeks cywilny" xAddress="Dz. U. z 1964 r. Nr 16, poz. 93">art. 527 k.c.</xLexLink> uzyskała korzyść majątkową, a następnie korzyść tę zbyła, nie tylko może być pozwana przez wierzyciela paulińskiego, ale wręcz musi być pozwana i musi zostać wydany przeciwko niej prawomocny wyrok. Po zbyciu przedmiotu czynności prawnej z dłużnikiem osoba trzecia nie przestaje być współsprawcą szkody wierzyciela ani nie może bronić się zarzutem, iż nie jest wzbogacona. Oznacza to, że wierzyciel może poszukiwać ochrony przed niewypłacalnością dłużnika przez bezpośrednie żądanie zasądzenia od osoby trzeciej sumy, jaką by uzyskał w wyniku egzekucji prowadzonej z majątku dłużnika . Warunkiem sine qua non jest w tym przypadku uprzednie uzyskanie przez wierzyciela prawomocnego wyroku, w którym czynność prawna osoby trzeciej z dłużnikiem zostanie uznana wobec niego za bezskuteczną. Wyrok taki ma charakter konstytutywny i nie może go zastąpić przestankowe ustalenie bezskuteczności w procesie przeciwko osobie trzeciej o zapłatę. Z powyższego wynika, że nie ma przeszkód, aby wierzyciel, obok zaskarżenia czynności prawnej dłużnika z osoba trzecią, wystąpił przeciwko tej osobie także o zasądzenie na jego rzecz odpowiedniej kwoty. Może też z powołaniem się na prawomocny wyrok uwzględniający powództwo ze skargi paulińskiej wystąpić przeciwko osobie trzeciej o zapłatę.</xText>
          <xText>Tym samym wobec cofnięcia przez powoda pozwu żądającego ustalenia bezskuteczności czynności prawnej dokonanej przez dłużnika z osobą trzecią z pokrzywdzeniem wierzyciela opartego na actio pauliana, Sąd Okręgowy nie badał przesłanek wynikających z przepisu <xLexLink xArt="art. 527" xIsapId="WDU19640160093" xTitle="Ustawa z dnia 23 kwietnia 1964 r. - Kodeks cywilny" xAddress="Dz. U. z 1964 r. Nr 16, poz. 93">art. 527 k.c.</xLexLink> i w tym zakresie postępowaniu umorzył, co z kolei determinowało oddalenie powództwa o zapłatę na podstawie na podstawie <xLexLink xArt="art. 405" xIsapId="WDU19640160093" xTitle="Ustawa z dnia 23 kwietnia 1964 r. - Kodeks cywilny" xAddress="Dz. U. z 1964 r. Nr 16, poz. 93">art. 405 k.c.</xLexLink> O kosztach procesu Sąd I instancji orzekł na podstawie <xLexLink xArt="art. 98" xIsapId="WDU19640430296" xTitle="Ustawa z dnia 17 listopada 1964 r. - Kodeks postępowania cywilnego" xAddress="Dz. U. z 1964 r. Nr 43, poz. 296">art. 98 k.p.c.</xLexLink></xText>
          
          <xText>Apelację od powyższego wyroku złożyła powódka, która zaskarżając przedmiotowe orzeczenie w całości, zarzuciła:</xText>
          <xText>1) naruszenie przepisów prawa materialnego tj. <xLexLink xArt="art. 405" xIsapId="WDU19640160093" xTitle="Ustawa z dnia 23 kwietnia 1964 r. - Kodeks cywilny" xAddress="Dz. U. z 1964 r. Nr 16, poz. 93">art. 405 k.c.</xLexLink>, poprzez jego błędną wykładnię i uznanie, że korzyść majątkowa uzyskana przez pozwanego w postaci odszkodowania wypłaconego przez <xAnon> (...) S.A</xAnon> miała podstawę prawną w umowie darowizny z dnia 28 listopada 2009 roku oraz w decyzji Wojewody <xAnon> (...)</xAnon> z dnia 22 października 2009 roku, gdy czynności te stanowiły jedynie podstawę prawną dla przesunięć majątkowych w relacji dłużnik - pozwany, pozwany <xAnon> - (...) S.A.</xAnon>, a nie w relacji pozwany – powódka;</xText>
          <xText>2) naruszenie przepisów prawa materialnego tj. art. 405 w zw. z <xLexLink xArt="art. 527" xIsapId="WDU19640160093" xTitle="Ustawa z dnia 23 kwietnia 1964 r. - Kodeks cywilny" xAddress="Dz. U. z 1964 r. Nr 16, poz. 93">art. 527 k.c.</xLexLink> i <xLexLink xArt="art. 531" xIsapId="WDU19640160093" xTitle="Ustawa z dnia 23 kwietnia 1964 r. - Kodeks cywilny" xAddress="Dz. U. z 1964 r. Nr 16, poz. 93">531 k.c.</xLexLink>, poprzez ich błędną wykładnię i uznanie, że roszczenie o zwrot przez pozwanego korzyści w postaci ekwiwalentu za prawo użytkowania wieczystego zabudowanej nieruchomości gruntowej położonej w miejscowości <xAnon>K.</xAnon> wraz z własnością usytuowanego na niej budynku i urządzeń stanowiących odrębny od grunt przedmiot własności, dla której to nieruchomości Sąd Rejonowy w Mławie, IV Wydział Ksiąg Wieczystych prowadzi <xAnon>księgę wieczystą nr (...)</xAnon> może nastąpić jedynie po uprzednim uzyskaniu przez powódkę prawomocnego orzeczenia stwierdzającego bezskuteczność umowy darowizny z dnia 28 listopada 2009 roku, gdy taka wykładnia nie znajduje uzasadnienia w przepisach prawa oraz pozostaje w sprzeczności z wykładnią celowościową <xLexLink xArt="art. 527;art. n" xIsapId="WDU19640160093" xTitle="Ustawa z dnia 23 kwietnia 1964 r. - Kodeks cywilny" xAddress="Dz. U. z 1964 r. Nr 16, poz. 93">art. 527 i n</xLexLink>, z brzmieniem <xLexLink xArt="art. 531" xIsapId="WDU19640160093" xTitle="Ustawa z dnia 23 kwietnia 1964 r. - Kodeks cywilny" xAddress="Dz. U. z 1964 r. Nr 16, poz. 93">art. 531 k.c.</xLexLink> i z zasadą ekonomii procesowej,</xText>
          <xText>3) naruszenie przepisów postępowania mających wpływ na rozstrzygnięcie tj. <xLexLink xArt="art. 233;art. 233 § 1" xIsapId="WDU19640430296" xTitle="Ustawa z dnia 17 listopada 1964 r. - Kodeks postępowania cywilnego" xAddress="Dz. U. z 1964 r. Nr 43, poz. 296">art. 233 § 1 k.p.c.</xLexLink> w zw. z <xLexLink xArt="art. 227" xIsapId="WDU19640430296" xTitle="Ustawa z dnia 17 listopada 1964 r. - Kodeks postępowania cywilnego" xAddress="Dz. U. z 1964 r. Nr 43, poz. 296">art. 227 k.p.c.</xLexLink> poprzez brak rozważenia materiału dowodowego sprawy pod kątem istnienia przesłanek z <xLexLink xArt="art. 527" xIsapId="WDU19640160093" xTitle="Ustawa z dnia 23 kwietnia 1964 r. - Kodeks cywilny" xAddress="Dz. U. z 1964 r. Nr 16, poz. 93">art. 527 k.c.</xLexLink>, co skutkowało ostatecznie naruszeniem <xLexLink xArt="art. 527" xIsapId="WDU19640160093" xTitle="Ustawa z dnia 23 kwietnia 1964 r. - Kodeks cywilny" xAddress="Dz. U. z 1964 r. Nr 16, poz. 93">art. 527 k.c.</xLexLink> poprzez jego niezastosowanie w niniejszej sprawie.</xText>
          <xText>Podnosząc powyższe skarżąca wniosła o zmianę zaskarżonego wyroku i zasądzenie od pozwanego na rzecz powódki kwoty 16 499,70 zł wraz z odsetkami ustawowymi od dnia 12 maja 2011 roku do dnia zapłaty oraz kosztami postępowania według norm przepisanych, w tym kosztami zastępstwa procesowego oraz o zasądzenie od pozwanego na rzecz powódki kosztów postępowania za drugą instancję według norm przepisanych, w tym kosztów zastępstwa procesowego.</xText>
          <xText>Natomiast z ostrożność procesowej, skarżąca wniosła o przedstawienie Sądowi Najwyższemu przez Sąd II instancji, w trybie <xLexLink xArt="art. 390;art. 390 § 1" xIsapId="WDU19640430296" xTitle="Ustawa z dnia 17 listopada 1964 r. - Kodeks postępowania cywilnego" xAddress="Dz. U. z 1964 r. Nr 43, poz. 296">art. 390 § 1 k.p.c.</xLexLink>, następujących zagadnień prawnych do rozstrzygnięcia:</xText>
          <xText>1. „Jeżeli doszło do rozporządzenia korzyścią majątkową uzyskaną przez osobę trzecią w warunkach określonych w <xLexLink xArt="art. 527" xIsapId="WDU19640160093" xTitle="Ustawa z dnia 23 kwietnia 1964 r. - Kodeks cywilny" xAddress="Dz. U. z 1964 r. Nr 16, poz. 93">art. 527 k.c.</xLexLink> przed prawomocnym uznaniem czynności prawnej za bezskuteczną w stosunku do wierzyciela, czy uprzednie uzyskanie prawomocnego wyroku uznającego czynność za bezskuteczną jest warunkiem koniecznym wystąpienia przez wierzyciela przeciwko osobie trzeciej z roszczeniem o zwrot korzyści uzyskanych w zamian tej korzyści w oparciu o <xLexLink xArt="art. 405" xIsapId="WDU19640160093" xTitle="Ustawa z dnia 23 kwietnia 1964 r. - Kodeks cywilny" xAddress="Dz. U. z 1964 r. Nr 16, poz. 93">art. 405 k.c.</xLexLink></xText>
          <xText>2. W przypadku odpowiedzi negatywnej: „Czy w takim wypadku wystarczającym jest wystąpienie jedynie z roszczeniem o zwrot korzyści w oparciu <xLexLink xArt="art. 405" xIsapId="WDU19640160093" xTitle="Ustawa z dnia 23 kwietnia 1964 r. - Kodeks cywilny" xAddress="Dz. U. z 1964 r. Nr 16, poz. 93">art. 405 k.c.</xLexLink>, bez jednoczesnego występowania z roszczeniem o uznanie czynności prawnej za bezskuteczną w oparciu o <xLexLink xArt="art. 527" xIsapId="WDU19640160093" xTitle="Ustawa z dnia 23 kwietnia 1964 r. - Kodeks cywilny" xAddress="Dz. U. z 1964 r. Nr 16, poz. 93">art. 527 k.c.</xLexLink>"</xText>
          
          <xText>Pozwany w odpowiedzi na apelację wniósł o jej oddalenie oraz o zasądzenie kosztów postępowania.</xText>
          
          <xText xALIGNx="center">
            <xBx>Sąd Apelacyjny zważył, co następuje.</xBx>
          </xText>
          <xText>
            <xBx>Apelacja jest niezasadna a podniesione w niej zarzuty chybione.</xBx>
          </xText>
          <xText>Sąd Apelacyjny podzielił ustalenia faktyczne oraz zasadnicze motywy oceny prawnej powództwa dokonane przez Sąd I instancji.</xText>
          
          <xText>Rozważając w pierwszej kolejności zarzut procesowy tj. <xLexLink xArt="art. 233;art. 233 § 1" xIsapId="WDU19640430296" xTitle="Ustawa z dnia 17 listopada 1964 r. - Kodeks postępowania cywilnego" xAddress="Dz. U. z 1964 r. Nr 43, poz. 296">art. 233 § 1 kpc</xLexLink>. w zw. z <xLexLink xArt="art. 227" xIsapId="WDU19640430296" xTitle="Ustawa z dnia 17 listopada 1964 r. - Kodeks postępowania cywilnego" xAddress="Dz. U. z 1964 r. Nr 43, poz. 296">art. 227 kpc</xLexLink>. poprzez brak rozważenia materiału dowodowego sprawy pod kątem istnienia przesłanek z <xLexLink xArt="art. 527" xIsapId="WDU19640160093" xTitle="Ustawa z dnia 23 kwietnia 1964 r. - Kodeks cywilny" xAddress="Dz. U. z 1964 r. Nr 16, poz. 93">art. 527 kc.</xLexLink> , podkreślić należy , że pismem z dnia 11 maja 2011 powód , z uwagi na zbycie przez pozwanego nieruchomości , powód cofnął pozew złożony w trybie <xLexLink xArt="art. 527" xIsapId="WDU19640160093" xTitle="Ustawa z dnia 23 kwietnia 1964 r. - Kodeks cywilny" xAddress="Dz. U. z 1964 r. Nr 16, poz. 93">art. 527 kc</xLexLink> , występując z nowym powództwem w trybie <xLexLink xArt="art. 405" xIsapId="WDU19640160093" xTitle="Ustawa z dnia 23 kwietnia 1964 r. - Kodeks cywilny" xAddress="Dz. U. z 1964 r. Nr 16, poz. 93">art. 405kc.</xLexLink> Na rozprawie następnego dnia stanowisko to zostało potwierdzone przez pełnomocnika powoda. W tym stanie rzeczy Sąd I instancji prawidłowo odstąpił od badania istnienia przesłanek określonych w <xLexLink xArt="art. 527" xIsapId="WDU19640160093" xTitle="Ustawa z dnia 23 kwietnia 1964 r. - Kodeks cywilny" xAddress="Dz. U. z 1964 r. Nr 16, poz. 93">art. 527 kc.</xLexLink></xText>
          <xText>Kwestia rodzaju odpowiedzialności osoby trzeciej – strony czynności prawnej dokonanej przez dłużnika w celu pokrzywdzenia wierzyciela , która rozporządziła uzyskaną korzyścią na rzecz osoby „ czwartej „ oraz sposób dochodzenia roszczenia zostaną omówione poniżej.</xText>
          <xText>Rozważając podniesione w apelacji zarzuty naruszenia prawa materialnego w pierwszej kolejności należy zastanowić nad charakterem powództwa z <xLexLink xArt="art. 527" xIsapId="WDU19640160093" xTitle="Ustawa z dnia 23 kwietnia 1964 r. - Kodeks cywilny" xAddress="Dz. U. z 1964 r. Nr 16, poz. 93">art. 527 kc.</xLexLink></xText>
          <xText>Na ogół przyjmowaną w doktrynie i orzecznictwie koncepcją , z którą Sąd Apelacyjny się utożsamia jest stanowisko , że powództwo to ma charakter powództwa o ukształtowanie (W. Popiołek (w:) K. Pietrzykowski, <xIx>Komentarz</xIx>, t. II, 2009, s. 221; P. Machnikowski (w:) E. Gniewek, <xIx>Komentarz</xIx>, 2008, s. 952) Albowiem zdeterminowane jest to określeniem rodzaju bezskuteczności jaką wywołuje akcja pauliańska. Bezskuteczność ta nie powstaje z mocy prawa lecz – jak to wynika expressis verbis z <xLexLink xArt="art. 527;art. 527 § 1" xIsapId="WDU19640160093" xTitle="Ustawa z dnia 23 kwietnia 1964 r. - Kodeks cywilny" xAddress="Dz. U. z 1964 r. Nr 16, poz. 93">art. 527 par 1 kc.</xLexLink> wierzycielowi przysługuje żądanie uznania czynności za bezskuteczną. Efektem rozpoznania sprawy w tym trybie jest wyrok o charakterze konstytutywnym gdyż kształtuje stosunek obligacyjny zmieniając stosunek istniejący pomiędzy dłużnikiem a osobą trzecią w ten sposób , że ogranicza jego skuteczność. Wyrok ten ubezskutecznia czynność ab initio , od chwili jej dokonania ( M. Ożóg , glosa do orzeczenia SN z 11 września 1980r. 1982r. OSPIKA 1983, poz.83 , str 201 ). Przyjęcie mocy wstecznej wyroku pauliańskiego zapewnia skuteczną ochronę wierzyciela.</xText>
          <xText>Istotą skargi pauliańskiej jest żądanie ubezskutecznienia w stosunku do wierzyciela czynności prawnej dokonanej przez dłużnika z osobą trzecią, celem zaś skargi pauliańskiej jest umożliwienie wierzycielowi zaspokojenia się z majątku osoby trzeciej w zakresie, w jakim byłoby to skuteczne w stosunku do dłużnika, gdyby ten nie pozbył się swego majątku lub nie zrezygnował z jego powiększenia.</xText>
          <xText>W przedmiotowej sprawie kwestią do rozstrzygnięcia pozostawała kwestia czy osoba trzecia, która wskutek czynności prawnej dłużnika dokonanej z pokrzywdzeniem wierzyciela uzyskała korzyść majątkową, jest legitymowana biernie w sprawie o uznanie tej czynności za bezskuteczną, jeżeli rozporządziła uzyskaną korzyścią na rzecz innej osoby.</xText>
          <xText>Wśród przepisów regulujących skargę pauliańską legitymacji biernej dotyczy <xLexLink xArt="art. 531" xIsapId="WDU19640160093" xTitle="Ustawa z dnia 23 kwietnia 1964 r. - Kodeks cywilny" xAddress="Dz. U. z 1964 r. Nr 16, poz. 93">art. 531 k.c.</xLexLink>, stanowiący, że uznanie za bezskuteczną czynności prawnej dłużnika dokonanej z pokrzywdzeniem wierzycieli następuje w drodze powództwa lub zarzutu przeciwko osobie trzeciej, która wskutek tej czynności uzyskała korzyść majątkową. W wypadku zaś gdy osoba trzecia rozporządziła uzyskaną korzyścią, wierzyciel może wystąpić bezpośrednio przeciwko osobie, na której rzecz rozporządzenie nastąpiło ale tylko wtedy gdy osoba ta wiedziała o okolicznościach uzasadniających uznanie czynności dłużnika za bezskuteczną albo jeżeli rozporządzenie było nieodpłatne. W przedmiotowej sprawie taka sytuacja nie miała miejsca. Natomiast ugruntowany w judykaturze jest pogląd (wyrok Sądu Najwyższego z dnia 27 lutego 2004 r., V CK 272/03, niepubl. oraz z dnia 13 maja 1974 r., III CRN 88/74, OSPiKA 1975 nr 6, poz. 138), że wierzyciel nie traci prawa do żądania uznania za bezskuteczną czynności prawnej dokonanej z jego pokrzywdzeniem przez dłużnika z osobą trzecią w wypadku, gdy osoba trzecia rozporządziła odpłatnie uzyskaną korzyścią na rzecz osoby działającej w dobrej wierze. Mimo , że takie uprawnienie wierzyciela nie wynika wprost z przepisów o skardze pauliańskiej, w szczególności z <xLexLink xArt="art. 531;art. 531 § 2" xIsapId="WDU19640160093" xTitle="Ustawa z dnia 23 kwietnia 1964 r. - Kodeks cywilny" xAddress="Dz. U. z 1964 r. Nr 16, poz. 93">art. 531 § 2</xLexLink>.  Odmienny pogląd niezasadnie wiązałby skargę z przedmiotem, który zbył dłużnik, i w razie jego dalszego zbycia pozbawiałby ją całkowicie znaczenia prawnego. Dla pozbawienia wierzyciela jego uprawnienia wystarczyłoby bowiem dalsze zbycie rzeczy osobie w dobrej wierze. Jeżeli więc osoba trzecia wyzbyła się odpłatnie przedmiotu uzyskanego od dłużnika z pokrzywdzeniem wierzyciela, wierzyciel może domagać w procesie przeciwko tej osobie uznania czynności prawnej zdziałanej przez nią z dłużnikiem za bezskuteczną w odniesieniu do przysługującej mu realnej i skonkretyzowanej wierzytelności, której wysokość w zakresie tego żądania podlega badaniu pod kątem przesłanek z <xLexLink xArt="art. 527" xIsapId="WDU19640160093" xTitle="Ustawa z dnia 23 kwietnia 1964 r. - Kodeks cywilny" xAddress="Dz. U. z 1964 r. Nr 16, poz. 93">art. 527 k.c</xLexLink></xText>
          
          <xText>Wyrok sądu uwzględniający powództwo stanowi materialnoprawną przesłankę powstania po stronie osoby trzeciej obowiązku takiego zachowania się, które pozwala wierzycielowi na uzyskanie tego, na co mógł liczyć w przypadku realizacji wierzytelności z majątku dłużnika. W razie odpłatnej czynności, podlegającej względnemu ubezskutecznieniu, powyższy obowiązek osoby trzeciej znajduje uzasadnienie zarówno w koncepcji czynu niedozwolonego (<xLexLink xArt="art. 415" xIsapId="WDU19640160093" xTitle="Ustawa z dnia 23 kwietnia 1964 r. - Kodeks cywilny" xAddress="Dz. U. z 1964 r. Nr 16, poz. 93">art. 415 k.c.</xLexLink>), jak i w koncepcji bezpodstawnego wzbogacenia (<xLexLink xArt="art. 409" xIsapId="WDU19640160093" xTitle="Ustawa z dnia 23 kwietnia 1964 r. - Kodeks cywilny" xAddress="Dz. U. z 1964 r. Nr 16, poz. 93">art. 409 k.c.</xLexLink>) , i w tym zakresie rozważań Sądu I instancji zaaprobować nie można. Osoba trzecia, działająca w złej wierze, może być postrzegana jako współwinna wyrządzenia wierzycielowi szkody przez udaremnienie mu możliwości zaspokojenia się z majątku dłużnika, względnie jako wzbogacona w stosunku do wierzyciela bezpodstawnie jego kosztem o przedmiot lub wartość, które, jako służące pokrzywdzeniu wierzyciela, nie powinny były znaleźć się w jej majątku i ze zwrotem których powinna się liczyć. Wyzbycie się przez osobę trzecią ww. przedmiotu lub wartości niczego w kwestii jej odpowiedzialności nie zmienia. Wprawdzie zaspokojenie się wierzyciela w wyniku egzekucji skierowanej do majątku osoby trzeciej nie jest w takiej sytuacji możliwe, ale oznacza to jedynie niemożność skorzystania przez wierzyciela z określonego sposobu przymuszenia osoby trzeciej do wyrównania straty wynikłej z pozbawienia wierzyciela możności egzekwowania wierzytelności od dłużnika. Nie oznacza natomiast, że osoba trzecia zostaje zwolniona z odpowiedzialności wobec wierzyciela. Po zbyciu przedmiotu czynności prawnej z dłużnikiem osoba trzecia nie przestaje być współsprawcą szkody wierzyciela ani nie może się zasłaniać zarzutem, że nie jest już wzbogacona. Szkoda, która powstała m.in. w wyniku jej nagannego działania, nadal istnieje i nadal osoba trzecia znajduje się w sytuacji, o której mowa w <xLexLink xArt="art. 409" xIsapId="WDU19640160093" xTitle="Ustawa z dnia 23 kwietnia 1964 r. - Kodeks cywilny" xAddress="Dz. U. z 1964 r. Nr 16, poz. 93">art. 409 k.c.</xLexLink> in fine. Sprawia to, że wierzyciel może poszukiwać ochrony przed niewypłacalnością dłużnika przez bezpośrednie żądanie zasądzenia od osoby trzeciej sumy, jaką by pozyskał w wyniku egzekucji prowadzonej z majątku dłużnika. Jednak warunkiem sine qua non jest w tym przypadku uprzednie uzyskanie przez wierzyciela prawomocnego wyroku, w którym czynność prawna osoby trzeciej z dłużnikiem zostanie uznana wobec niego za bezskuteczną ( powództwo w tym trybie zostało jednak przez powoda cofnięte ). Wyrok taki ma charakter konstytutywny i nie może go zastąpić przesłankowe ustalenie bezskuteczności w procesie przeciwko osobie trzeciej o zapłatę.</xText>
          <xText>Jeśli zaś idzie o wniosek skarżącego o przedstawienie Sądowi Najwyższemu zagadnienia prawnego w trybie <xLexLink xArt="art. 390;art. 390 § 1" xIsapId="WDU19640430296" xTitle="Ustawa z dnia 17 listopada 1964 r. - Kodeks postępowania cywilnego" xAddress="Dz. U. z 1964 r. Nr 43, poz. 296">art. 390§ 1 k.p.c</xLexLink> trzeba przypomnieć, że, zgodnie z utrwalonym orzecznictwem Sądu Najwyższego, zagadnienie prawne przedstawione do rozstrzygnięcia na podstawie <xLexLink xArt="art. 390;art. 390 § 1" xIsapId="WDU19640430296" xTitle="Ustawa z dnia 17 listopada 1964 r. - Kodeks postępowania cywilnego" xAddress="Dz. U. z 1964 r. Nr 43, poz. 296">art. 390 § 1 k.p.c.</xLexLink> musi obejmować poważną wątpliwość prawną, której wyjaśnienie jest niezbędne do rozpoznania środka odwoławczego. Oznacza to, że dopuszczalności wystąpienia z pytaniem prawnym nie przesądza sama doniosłość podniesionego w nim problemu, lecz to, czy sąd drugiej instancji ma rzeczywiście wątpliwości co do sposobu rozstrzygnięcia przedstawionego zagadnienia i czy jego rozstrzygniecie jest konieczne do rozpoznania środka odwoławczego (zob. postanowienia Sądu Najwyższego z dnia 19 listopada 2008 r., III CZP 21/08, niepubl., z dnia 5 grudnia 2008 r., III CZP 121/08, niepubl., z dnia 9 lipca 2009 r., III CZP 38/09, niepubl. , z dnia 12 sierpnia 2009 r., II PZP 8/09, OSNP 2011, nr 3-4, poz. 37 i z dnia 17 listopada 2009 r. Sąd Apelacyjny nie powziął żadnych wątpliwości co do sposobu rozstrzygnięcia w niniejszej sprawie albowiem zagadnienie prawne , które należało w przedmiotowej sprawie rozstrzygnąć było przedmiotem szeregu rozstrzygnięć Sądu Najwyższego , w tym najnowszego z dnia 25 października 2012r. sygn. Akt I CSK 139 / 12</xText>
          <xText>Z tych względów należało apelację na podstawie <xLexLink xArt="art. 385" xIsapId="WDU19640430296" xTitle="Ustawa z dnia 17 listopada 1964 r. - Kodeks postępowania cywilnego" xAddress="Dz. U. z 1964 r. Nr 43, poz. 296">art. 385 kpc</xLexLink> oddalić o kosztach rozstrzygając na zasadzie odpowiedzialności za wynik sporu stosownie do przepisu <xLexLink xArt="art. 98;art. 98 § 1;art. 98 § 3" xIsapId="WDU19640430296" xTitle="Ustawa z dnia 17 listopada 1964 r. - Kodeks postępowania cywilnego" xAddress="Dz. U. z 1964 r. Nr 43, poz. 296">art. 98 § 1 i § 3 k.p.c.</xLexLink> oraz <xLexLink xArt="art. 98 § 6;art. 98 § 6 pkt. 5" xIsapId="WDU19640430296" xTitle="Ustawa z dnia 17 listopada 1964 r. - Kodeks postępowania cywilnego" xAddress="Dz. U. z 1964 r. Nr 43, poz. 296">§ 6 pkt 5</xLexLink> w zw. z § 12 ust 1 pkt 2 Rozporządzenia Ministra Sprawiedliwości z dnia 28 września 2002 roku w sprawie opłat za czynności radców prawnych oraz ponoszenia przez Skarb Państwa kosztów pomocy prawnej udzielonej przez radcę prawnego z urzędu (Dz. U. z 2002 roku Nr 163, poz. 1349 ze zm).</xText>
        </xUnit>
      </xBlock>
    </xPart>
  </judgement>
<judgement id="154500000001006_II_AKa_000031_2013_Uz_2013-02-20_001">
    <xPart xEditorFullName="Renata Sieradzan" xYear="2013" xLang="PL" xPublisherFullName="Renata Sieradzan" xFromPg="1" xEditor="rsieradz" xVolType="15/450000/0001006/AKa" xPublisher="rsieradz" xDocType="Uz" xVolNmbr="000031" xVersion="1.0" xToPage="6" xFlag="published">
      <xName>Wyrok+Uzasadnienie</xName>
      <xBlock>
        <xText>
          <xBx>Sygn. akt II AKa 31/13</xBx>
        </xText>
        <xUnit xIsTitle="true" xBold="true" xType="part">
          <xName>WYROK</xName>
          <xTitle>W IMIENIU RZECZYPOSPOLITEJ POLSKIEJ</xTitle>
          <xText xALIGNx="right">
            <xBx>Dnia 20 lutego 2013r.</xBx>
          </xText>
          
          <xText>
            <xBx>
    
      Sąd Apelacyjny w Warszawie II Wydział Karny w składzie: </xBx>
          </xText>
          
          <xText>
            <xBx>
      Przewodniczący: SSA – Paweł Rysiński
    </xBx>
          </xText>
          <xText>
            <xBx>
      Sędziowie: SA – Rafał Kaniok
    </xBx>
          </xText>
          <xText>
            <xBx> SA – Maria Żłobińska (spr.)</xBx>
          </xText>
          <xText>
            <xBx>
      Protokolant: – st. sekr. sąd. Marzena Brzozowska
    </xBx>
          </xText>
          
          <xText>
            <xBx>przy udziale Prokuratora Jacka Pergałowskiego</xBx>
          </xText>
          <xText>
            <xBx>po rozpoznaniu w dniu 20 lutego 2013 r.</xBx>
          </xText>
          <xText>
            <xBx>sprawy <xAnon>P. K.</xAnon> i <xAnon>T. W.</xAnon></xBx>
          </xText>
          <xText>
            <xBx>oskarżonych z <xLexLink xArt="art. 280;art. 280 § 2" xIsapId="WDU19970880553" xTitle="Ustawa z dnia 6 czerwca 1997 r. - Kodeks karny" xAddress="Dz. U. z 1997 r. Nr 88, poz. 553">art. 280 § 2 k.k.</xLexLink> w zb. z <xLexLink xArt="art. 157;art. 157 § 2" xIsapId="WDU19970880553" xTitle="Ustawa z dnia 6 czerwca 1997 r. - Kodeks karny" xAddress="Dz. U. z 1997 r. Nr 88, poz. 553">art. 157 § 2 k.k.</xLexLink> w zw. z <xLexLink xArt="art. 11;art. 11 § 2" xIsapId="WDU19970880553" xTitle="Ustawa z dnia 6 czerwca 1997 r. - Kodeks karny" xAddress="Dz. U. z 1997 r. Nr 88, poz. 553">art. 11 § 2 k.k.</xLexLink></xBx>
          </xText>
          <xText>
            <xBx>na skutek apelacji, wniesionych przez prokuratora oraz obrońcę oskarżonego <xAnon>P. K.</xAnon></xBx>
          </xText>
          <xText>
            <xBx>
      od wyroku Sądu Okręgowego <xAnon>w. W.</xAnon></xBx>
          </xText>
          <xText>
            <xBx>z dnia 17 września 2012 r. sygn. akt  VIII K 28/12</xBx>
          </xText>
          <xUnit xIsTitle="false" xType="none">
            <xName xSffx=".">1</xName>
            <xText>
              <xBx>utrzymuje w mocy zaskarżony wyrok wobec oskarżonych <xAnon>P. K.</xAnon> i <xAnon>T. W.</xAnon>, uznając apelacje prokuratora <xBRx/>i obrońcy za oczywiście bezzasadne; </xBx>
            </xText>
          </xUnit>
          <xUnit xIsTitle="false" xType="none">
            <xName xSffx=".">2</xName>
            <xText>
              <xBx>zwalnia oskarżonego <xAnon>P. K.</xAnon> od przypadających na niego kosztów postępowania odwoławczego, obciążając wydatkami od obu apelacji w całości Skarb Państwa. </xBx>
            </xText>
          </xUnit>
        </xUnit>
        <xUnit xIsTitle="true" xBold="true" xType="part">
          <xName>UZASADNIENIE</xName>
          <xText><xBx><xAnon>T. W.</xAnon></xBx> został oskarżony o to, że: w dniu 21 marca 2011 r. w <xAnon>W.</xAnon>, działając wspólnie i w porozumieniu z <xAnon>P. K.</xAnon> użyli przemocy na osobie <xAnon>M. G.</xAnon>, posługując się niebezpiecznym narzędziem w postaci noża, przystawiając go do szyi pokrzywdzonego i powodując nacięcia naskórka na dłoniach w/w pokrzywdzonego, powodując jednocześnie obrażenia w postaci ran szarpanych powierzchni grzbietowej palców III-V dłoni lewej skutkujące rozstrojem zdrowia na okres poniżej siedmiu dni w rozumieniu <xLexLink xArt="art. 157;art. 157 § 2" xIsapId="WDU19970880553" xTitle="Ustawa z dnia 6 czerwca 1997 r. - Kodeks karny" xAddress="Dz. U. z 1997 r. Nr 88, poz. 553">art. 157 § 2 k.k.</xLexLink>, a następnie dokonali zaboru w celu przywłaszczenia telefonu komórkowego <xAnon>marki S. (...)</xAnon> o wartości 400 zł i srebrnej obrączki o wartości 100 zł, czym działali na skodę w/w pokrzywdzonego,</xText>
          <xText>
            <xBx>tj. o czyn z <xLexLink xArt="art. 280;art. 280 § 2" xIsapId="WDU19970880553" xTitle="Ustawa z dnia 6 czerwca 1997 r. - Kodeks karny" xAddress="Dz. U. z 1997 r. Nr 88, poz. 553">art. 280 § 2 k.k.</xLexLink> w zb. z <xLexLink xArt="art. 157;art. 157 § 2" xIsapId="WDU19970880553" xTitle="Ustawa z dnia 6 czerwca 1997 r. - Kodeks karny" xAddress="Dz. U. z 1997 r. Nr 88, poz. 553">art. 157 § 2 k.k.</xLexLink> w zw. z <xLexLink xArt="art. 11;art. 11 § 2" xIsapId="WDU19970880553" xTitle="Ustawa z dnia 6 czerwca 1997 r. - Kodeks karny" xAddress="Dz. U. z 1997 r. Nr 88, poz. 553">art. 11 § 2 k.k.</xLexLink></xBx>
          </xText>
          <xText>Sąd Okręgowy <xAnon>w. W.</xAnon> wyrokiem z 17 września 2012 r. uniewinnił oskarżonego od dokonania zarzucanego mu czynu.</xText>
          <xText>Od tego wyroku wniósł apelację prokurator. Zaskarżając wyrok w całości na niekorzyść <xAnon>T. W.</xAnon>, zarzucił: błąd w ustaleniach faktycznych przyjętych za podstawę orzeczenia i mający wpływ na jego treść, a polegający na dowolnej ocenie zgromadzonego materiału dowodowego, poprzez wyciągnięcie sprzecznych z zasadami logiki i doświadczenia życiowego wniosków, iż oskarżonemu <xAnon>T. W.</xAnon> nie można przypisać winy popełnienia zarzucanego mu czynu, podczas gdy prawidłowo dokonane ustalenia faktyczne pozwoliłyby na uznanie w/w oskarżonego winnym popełnienia zarzucanego mu czynu.</xText>
          <xText>Prokurator wnosił o uchylenie wyroku i przekazanie sprawy do ponownego rozpoznania Sądowi I instancji.</xText>
          <xText>
            <xBx>Sąd Apelacyjny zważył, co następuje:</xBx>
          </xText>
          <xText>
            <xBx> Apelacja prokuratora nie zasługuje na uwzględnienie.</xBx>
          </xText>
          <xText>Zarzucając wyrokowi błąd w ustaleniach faktycznych przyjętych za podstawę rozstrzygnięcia, prokurator w istocie kwestionuje ocenę materiału dowodowego, jakiej dokonał Sąd orzekający.</xText>
          <xText>Aby zarzut taki okazał się uzasadniony, to skarżący musiałby wykazać, iż Sąd w rozważaniach swoich nie uwzględnił wszystkich dowodów zebranych w sprawie albo ocena ta była dokonana wbrew zasadom logicznego rozumowania albo niezgodnie z wiedzą lub doświadczeniem życiowym.</xText>
          <xText>Analiza uzasadnienia apelacji nie daje podstaw do przyjęcia, aby skarżący wskazywał na dowody, których Sąd nie przeprowadził albo na dowody, które pominął w rozważaniach jako podstawę ustaleń faktycznych.</xText>
          <xText>Prokurator polemizuje jedynie z oceną dowodów twierdząc, że rozumowanie Sądu jest nielogiczne, gdyż zbyt dużą wagę przypisuje do zeznań pokrzywdzonego złożonych na rozprawie, nie konfrontując ich treści z zeznaniami złożonymi w śledztwie.</xText>
          <xText>Odnosząc się do tego zarzutu, przypomnieć należy, iż pokrzywdzony <xAnon>M. G.</xAnon> w dniu zdarzenia nie znał języka polskiego w stopniu umożliwiającym należyte porozumienie. Ma to znaczenie dla oceny samego zdarzenia a także decyduje o sposobie analizy jego zeznań w kolejnych etapach postępowania.</xText>
          <xText>Z treści protokołu przyjęcia ustnego zawiadomienia o przestępstwie wynika, iż dokument ten, zawierający pierwsze zeznania pokrzywdzonego, był sporządzony z udziałem tłumacza języka arabskiego; tłumaczem tym był znajomy pokrzywdzonego, który posługuje się językiem polskim tylko w mowie.</xText>
          <xText>Protokoły okazania nie wskazują dokładnie, kim była osoba uczestnicząca w czynnościach jako tłumacz.</xText>
          <xText>Dopiero w dniu 19 października 2011 r. do udziału w śledztwie dopuszczono tłumacza przysięgłego, który miał uczestniczyć w odczytaniu pokrzywdzonemu powyższych, wcześniej sporządzonych protokołów.</xText>
          <xText>Na rozprawie w obecności tłumacza <xAnon>M. G.</xAnon> zeznał, iż to oskarżony <xAnon>P. K.</xAnon> podszedł do niego, wyciągnął nóż i zażądał wydania telefonu. Po oddaniu telefonu oskarżony zażądał karty płatniczej i pieniędzy, a wtedy pokrzywdzony oddał mu srebrną obrączkę. Broniąc się przed atakiem <xAnon>P. K.</xAnon>, doznał obrażeń ręki.</xText>
          <xText>Przez całą drogę miał do czynienia tylko z jednym napastnikiem. Dopiero jak wysiadali z tramwaju, to obydwaj mężczyźni coś mówili do niego.</xText>
          <xText>Składając spontaniczne zeznania, pokrzywdzony dodał, iż obydwaj mężczyźni próbowali go wyciągnąć z tramwaju ale ich odepchnął i pojechał dalej a oni zostali na zewnątrz. Na pytania pokrzywdzony jednakże zmienił wersję zdarzenia, stwierdzając, iż „prowokowali mnie, żebym wysiadł. Ja ich zrozumiałem, że we dwóch chcą mnie wyciągnąć z tramwaju. Udałem, że wysiadam z nimi. Popchnąłem ich i tramwaj odjechał”. Działo się to w końcowej fazie zdarzenia, po tym, jak <xAnon>P. K.</xAnon> zabrał pokrzywdzonemu telefon i obrączkę.</xText>
          <xText>Mija się z prawdą prokurator, podnosząc w apelacji, iż Sąd nie wezwał pokrzywdzonego do tego, aby ustosunkował się do zeznań złożonych w śledztwie.</xText>
          <xText>Otóż Sąd na rozprawie w dniu 25 maja 2012 r. dwukrotnie odczytał protokół zeznań pokrzywdzonego z postępowania przygotowawczego, wzywając do uściślenia relacji.</xText>
          <xText>Wtedy pokrzywdzony nie potwierdził zeznań w tym zakresie, w jakim były sprzeczne z zeznaniami złożonymi na rozprawie. Pytany o przyczynę, podał, iż w dniu 19 października 2011 r. nie odczytano mu w całości protokołów a jedynie tłumacz streścił je; dlatego wtedy potwierdził ich treść.</xText>
          <xText>Wbrew zarzutom skarżącego , Sąd I instancji w uzasadnieniu wyroku dokonał szczegółowej analizy zeznań pokrzywdzonego złożonych w toku śledztwa oraz na rozprawie a następnie w logiczny sposób wywiódł, iż zeznania te dają podstawę do przypisani zbrodni jedynie <xAnon>P. K.</xAnon>.</xText>
          <xText>Swoje stanowisko Sąd wyczerpująco uzasadnił, powołując się dodatkowo na wyjaśnienia współoskarżonego, który konsekwentnie twierdził, iż <xAnon>T. W.</xAnon> nie brał udziału w zdarzeniu.</xText>
          <xText>Niezależnie od tego, podkreślenia wymaga fakt, iż przedmiotowy telefon stanowiący własność pokrzywdzonego miał przy sobie w chwili zatrzymania <xAnon>P. K.</xAnon>. Dlatego rację ma Sąd kwestionując wiarygodność wersji zeznań pokrzywdzonego ze śledztwa, w których twierdził on, iż telefon ten <xAnon>K.</xAnon> oddał <xAnon>W.</xAnon>.</xText>
          <xText>Także fakt, iż na odzieży <xAnon>T. W.</xAnon> nie było plam z krwi pokrzywdzonego, potwierdza wersję, iż między mężczyznami, nie doszło do szarpaniny. Z opinii lekarskiej jasno wynika, iż <xAnon>M. G.</xAnon> miał mnogie rany szarpane nadgarstka i trzech palców lewej dłoni, które wymagały zaopatrzenia chirurgicznego.</xText>
          <xText>Zgodne z doświadczeniem życiowym jest rozumowanie prowadzące do wniosku, iż broniąc się, pokrzywdzony zostawiłby ślady krwi na odzieży oskarżonego.</xText>
          <xText>Poza ogólnikową polemiką ze stanowiskiem Sądu I instancji, prokurator nie przedstawił żadnego argumentu podważającego ocenę materiału dowodowego, jakiej dokonał Sąd I instancji.</xText>
          <xText>Dlatego brak jest podstaw do kwestionowania wniosków wyprowadzonych przez Sąd w zakresie tej oceny. Ustalenia faktyczne oparte na prawidłowej analizie dowodów nie zostały w żadnym razie podważone w toku kontroli instancyjnej rozstrzygnięcia.</xText>
          <xText>
            <xBx>Mając powyższe na uwadze, Sąd Apelacyjny orzekł jak w wyroku.</xBx>
          </xText>
        </xUnit>
      </xBlock>
    </xPart>
  </judgement>
<judgement id="154500000001006_II_AKa_000032_2013_Uz_2013-02-20_001">
    <xPart xEditorFullName="Renata Sieradzan" xYear="2013" xLang="PL" xPublisherFullName="Renata Sieradzan" xFromPg="1" xEditor="rsieradz" xVolType="15/450000/0001006/AKa" xPublisher="rsieradz" xDocType="Uz" xVolNmbr="000032" xVersion="1.0" xToPage="6" xFlag="published">
      <xName>Wyrok+Uzasadnienie</xName>
      <xBlock>
        <xText>
          <xBx>Sygn. akt II AKa 32/13</xBx>
        </xText>
        <xUnit xIsTitle="true" xBold="true" xType="part">
          <xName>WYROK</xName>
          <xTitle>W IMIENIU RZECZYPOSPOLITEJ POLSKIEJ</xTitle>
          <xText xALIGNx="right">
            <xBx>Dnia 20 lutego 2013r.</xBx>
          </xText>
          
          <xText>
            <xBx>
    
      Sąd Apelacyjny w Warszawie II Wydział Karny w składzie: </xBx>
          </xText>
          
          <xText>
            <xBx>
      Przewodniczący: SSA – Paweł Rysiński
    </xBx>
          </xText>
          <xText>
            <xBx>
      Sędziowie: SA – Maria Żłobińska
    </xBx>
          </xText>
          <xText>
            <xBx> SA – Rafał Kaniok (spr.)</xBx>
          </xText>
          <xText>
            <xBx>
      Protokolant: – st. sekr. sąd. Marzena Brzozowska
    </xBx>
          </xText>
          
          <xText>
            <xBx>przy udziale Prokuratora Jacka Pergałowskiego</xBx>
          </xText>
          <xText>
            <xBx>po rozpoznaniu w dniu 20 lutego 2013 r.</xBx>
          </xText>
          <xText>
            <xBx>sprawy <xAnon>T. B.</xAnon></xBx>
          </xText>
          <xText>
            <xBx>w przedmiocie zadośćuczynienia i odszkodowania za niewątpliwie niesłuszne tymczasowe aresztowanie </xBx>
          </xText>
          <xText>
            <xBx>na skutek apelacji, wniesionej przez pełnomocnika wnioskodawcy</xBx>
          </xText>
          <xText>
            <xBx>
      od wyroku Sądu Okręgowego <xAnon>w. W.</xAnon></xBx>
          </xText>
          <xText>
            <xBx>z dnia 14 listopada 2012 r. sygn. akt  VIII Ko 570/12</xBx>
          </xText>
          <xUnit xIsTitle="false" xType="none">
            <xName xSffx=".">I</xName>
            <xText>
              <xBx>zmienia wyrok w zaskarżonej części w ten sposób, że:  </xBx>
            </xText>
          </xUnit>
          <xUnit xIsTitle="false" xType="none">
            <xName xSffx=")">1</xName>
            <xText>
              <xBx>zasądzone na rzecz <xAnon>T. B.</xAnon> w pkt 1) wyroku odszkodowanie za poniesioną szkodę, podwyższa do kwoty 1000 (jeden tysiąc) złotych, </xBx>
            </xText>
          </xUnit>
          <xUnit xIsTitle="false" xType="none">
            <xName xSffx=")">2</xName>
            <xText>
              <xBx>zasądza od Skarbu Państwa na rzecz <xAnon>T. B.</xAnon> kwotę 120 złotych tytułem zwrotu wyłożonych kosztów zastępstwa procesowego przed Sądem I instancji, </xBx>
            </xText>
          </xUnit>
          <xUnit xIsTitle="false" xType="none">
            <xName xSffx=".">II</xName>
            <xText>
              <xBx>w pozostałej zaskarżonej części utrzymuje wyrok w mocy, </xBx>
            </xText>
          </xUnit>
          <xUnit xIsTitle="false" xType="none">
            <xName xSffx=".">III</xName>
            <xText>
              <xBx>zasądza od Skarbu Państwa na rzecz <xAnon>T. B.</xAnon> kwotę 120 złotych tytułem zwrotu wyłożonych kosztów zastępstwa procesowego w postępowaniu odwoławczym, </xBx>
            </xText>
          </xUnit>
          <xUnit xIsTitle="false" xType="none">
            <xName xSffx=".">IV</xName>
            <xText>
              <xBx>kosztami procesu za postępowanie odwoławcze obciąża Skarb Państwa. </xBx>
            </xText>
          </xUnit>
        </xUnit>
        <xUnit xIsTitle="true" xBold="true" xType="part">
          <xName>UZASADNIENIE</xName>
          <xText><xBx>
      Pełnomocnik <xAnon>T. B.</xAnon></xBx> wystąpił w jego imieniu z wnioskiem o odszkodowanie w wysokości 20.000 zł i zadośćuczynienie w kwocie 180.000 zł w związku ze szkodą i krzywdą doznanymi w wyniku tymczasowego aresztowania w okresie od 11 sierpnia do 12 września <xBRx/>2011 roku w sprawie prowadzonej przez Prokuraturę Rejonową <xAnon>w. P.</xAnon> pod sygn. akt 3 Ds 654/11, zakończonej postanowieniem o umorzeniu śledztwa z 10 listopada 2011 roku (wniosek: k. 2).</xText>
          <xText>Wyrokiem z 14 listopada 2012 r. Sąd Okręgowy <xAnon>w. W.</xAnon> sygn. akt VIII Ko 570/12 na podstawie <xLexLink xArt="art. 552;art. 552 § 4" xIsapId="WDU19970890555" xTitle="Ustawa z dnia 6 czerwca 1997 r. - Kodeks postępowania karnego" xAddress="Dz. U. z 1997 r. Nr 89, poz. 555">art. 552 § 4 k.p.k.</xLexLink> i <xLexLink xArt="art. 554;art. 554 § 2" xIsapId="WDU19970890555" xTitle="Ustawa z dnia 6 czerwca 1997 r. - Kodeks postępowania karnego" xAddress="Dz. U. z 1997 r. Nr 89, poz. 555">art. 554 § 2 k.p.k.</xLexLink>:</xText>
          <xText>1) zasądził od Skarbu Państwa na rzecz <xAnon>T. B.</xAnon> 300 (trzysta) złotych tytułem odszkodowania za poniesioną szkodę, wraz z ustawowymi odsetkami od dnia uprawomocnienia się niniejszego wyroku do dnia zapłaty;</xText>
          <xText>2) w pozostałym zakresie wniosek o odszkodowanie oddalił;</xText>
          <xText>3) zasądził od Skarbu Państwa na rzecz <xAnon>T. B.</xAnon> 6.000 (sześć tysięcy) złotych tytułem zadośćuczynienia za doznaną krzywdę, wraz z ustawowymi odsetkami od dnia uprawomocnienia się niniejszego wyroku do dnia zapłaty;</xText>
          <xText>4) w pozostałym zakresie wniosek o zadośćuczynienie oddalił;</xText>
          <xText>5) kosztami postępowania obciążył Skarb Państwa.</xText>
          
          <xText>Od powyższego wyroku apelację wniósł pełnomocnik wnioskodawcy zarzucając mu:</xText>
          <xText>1. naruszenie <xLexLink xArt="art. 552;art. 552 § 4" xIsapId="WDU19970890555" xTitle="Ustawa z dnia 6 czerwca 1997 r. - Kodeks postępowania karnego" xAddress="Dz. U. z 1997 r. Nr 89, poz. 555">art. 552 § 4 k.p.k.</xLexLink> poprzez jego niewłaściwą wykładnię i uznanie, że przyznana przez Sąd I Instancji kwota 6 000 zł zadośćuczynienia za doznaną krzywdę jest sumą odpowiednią w rozumieniu tego przepisu, w sytuacji kiedy zasądzona kwota jest rażąco niska i dalece nieodzwierciedlająca stopnia pokrzywdzenia wnioskodawcy oraz pominięcie przez Sąd I instancji utraty przez wnioskodawcę dobrego imienia na skutek zastosowania wobec niego tymczasowego aresztowania i konsekwencji z tego faktu wynikających, w sytuacji kiedy jest to jeden z najistotniejszych czynników na którym wnioskodawca opiera swoje roszczenie, a który stanowi nadto element składowy pojęcia pokrzywdzenia we wskazanym przepisie,</xText>
          <xText>2. naruszenie <xLexLink xArt="art. 552;art. 552 § 1;art. 552 § 4" xIsapId="WDU19970890555" xTitle="Ustawa z dnia 6 czerwca 1997 r. - Kodeks postępowania karnego" xAddress="Dz. U. z 1997 r. Nr 89, poz. 555">art. 552 § 1 i 4 k.p.k.</xLexLink> w zw. z <xLexLink xArt="art. 361;art. 361 § 2" xIsapId="WDU19640160093" xTitle="Ustawa z dnia 23 kwietnia 1964 r. - Kodeks cywilny" xAddress="Dz. U. z 1964 r. Nr 16, poz. 93">art. 361 § 2 k.c.</xLexLink> przez przyjęcie, że przy niesłusznym tymczasowym aresztowaniu obowiązek naprawienia szkody przez Skarb Państwa ogranicza się jedynie do tej części zarobków, które nie były przeznaczone na konsumpcję.</xText>
          <xText>Mając powyższe na uwadze, wnosił:</xText>
          <xText>1. o zmianę wyroku w zaskarżonej części i podwyższenie zasądzonego zadośćuczynienia i odszkodowania do kwot żądanych przez wnioskodawcę <xAnon>T. B.</xAnon>,</xText>
          <xText>względnie:</xText>
          <xText>2. o uchylenie zaskarżonego wyroku i przekazanie sprawy Sądowi I instancji do ponownego rozpoznania.</xText>
          <xText>W konkluzji skarżący wniósł o zasądzenie na rzecz <xAnon>T. B.</xAnon> kosztów zastępstwa adwokackiego, według norm przepisanych, za obie instancje.</xText>
          <xText>
            <xBx>Sąd Apelacyjny zważył, co następuje:</xBx>
          </xText>
          <xText>Wniesiona apelacja zasługuje na uwzględnienie, w zakresie dotyczącym podniesienia wysokości odszkodowania za poniesioną przez wnioskodawcę szkodę – do kwoty 1 tys. zł – oraz co do zwrotu wyłożonych przez niego kosztów zastępstwa procesowego.</xText>
          <xText>Dalej idące żądania wnioskodawcy nie są uzasadnione, co doprowadziło do nieuwzględniania wniosków apelacyjnych o zmianę zaskarżonego wyroku, poprzez przyznanie mu całości dochodzonych kwot – tj. 20 tys. zł tytułem odszkodowania i 180 tys. zł tytułem zadośćuczynienia lub też o uchylenie tegoż wyroku.</xText>
          <xText>W pierwszej kolejności odnosząc się do zarzutu naruszenia <xLexLink xArt="art. 552;art. 552 § 4" xIsapId="WDU19970890555" xTitle="Ustawa z dnia 6 czerwca 1997 r. - Kodeks postępowania karnego" xAddress="Dz. U. z 1997 r. Nr 89, poz. 555">art. 552 § 4 k.p.k.</xLexLink>, w aspekcie uznania kwoty 6 tys. zł zadośćuczynienia za odpowiednią podczas gdy, zdaniem skarżącego, jest ona rażąco niska, stwierdzić należy, że Sąd I instancji nie dopuścił się w tym zakresie błędów natury logicznej i faktycznej lub też prawnej. Wskazać trzeba, że wszystkie elementy dotyczące kwestii ustalenia wysokości zadośćuczynienia zostały przez Sąd I instancji uwzględnione i podane wszechstronnej analizie. Nie ulega wątpliwości, że zasądzona na rzecz wnioskodawcy z tego tytułu kwota 6.000 zł stanowi dla niego adekwatną wartość ekonomiczną. Pozostaje ona też we właściwych proporcjach do aktualnych warunków życia i przeciętnej stopy życiowej społeczeństwa, a także do subiektywnego poczucia krzywdy i stopnia dolegliwości, z jakim wiązało się dla wnioskodawcy zastosowanie wobec niego niesłusznego tymczasowego aresztowania.</xText>
          <xText>W szczególności, wszystkie okoliczności przedstawione w ramach argumentacji skarżącego akcentującej dolegliwości, których doznał wnioskodawca, były przedmiotem wnikliwych rozważań Sądu I instancji i zostały w należytym stopniu uwzględnione przy określeniu wysokości należnej mu rekompensaty z tytułu zadośćuczynienia. Wynika to wprost z pisemnych motywów wyroku, i powtarzanie w tym miejscu trafnych rozważań Sądu I instancji byłoby zbyteczne. Odnotować jedynie wypada, iż Sąd I instancji miał w tym przypadku w polu widzenia, eksponowane w apelacji okoliczności, że wnioskodawca po raz pierwszy w życiu znajdował się w warunkach więziennej izolacji, że został oderwany ze środowiska rodzinnego i że jest człowiekiem przewlekle chorym, co musiało uczynić jego pobyt w areszcie uciążliwszym, niż w przypadku człowieka w pełni zdrowego (str. 13-14 uzasadnienia).</xText>
          <xText>Nie umknęły też uwadze Sądu kwestie związane z dobrym imieniem wnioskodawcy, w powiązaniu z faktami upublicznienia informacji o jego tymczasowym aresztowaniu. Sąd I instancji trafnie zauważył, że fakt ten skutkował dodatkowym pokrzywdzeniem wnioskodawcy, skoro informacja o aresztowaniu, dzięki mediom, dotarła do szerszego kręgu osób, wywołując silniejszy ostracyzm (str. 16).</xText>
          <xText>Nie można w tej sytuacji, wbrew oczekiwaniom skarżącego, uznać, że Sąd zbagatelizował fakt nagłośnienia informacji o tymczasowym aresztowaniu wnioskodawcy w mediach, tym bardziej, że (jak słusznie wskazano w pisemnych motywach orzeczenia) – to nie sam fakt tymczasowego aresztowania stawiał wnioskodawcę w najgorszym świetle, ale powody z jakich nastąpiło jego zatrzymanie - tj. w związku z zarzutem udziału w pobiciu.</xText>
          <xText>Podzielić przy tym należy stanowisko Sądu I instancji, że sam fakt postawienia tego rodzaju zarzutów i prowadzenia przeciwko danej osobie postępowania karnego, w związku z ich postawieniem, nie jest przesłanką dochodzenia roszczeń na podstawie <xLexLink xArt="rozdział 58" xIsapId="WDU19970890555" xTitle="Ustawa z dnia 6 czerwca 1997 r. - Kodeks postępowania karnego" xAddress="Dz. U. z 1997 r. Nr 89, poz. 555">rozdziału 58 k.p.k.</xLexLink></xText>
          <xText>Reasumując stwierdzić należy, że Sąd I instancji w odniesieniu do kwestii wysokości zadośćuczynienia, poczynił prawidłowe ustalenia w zakresie stanu faktycznego i jego prawnej oceny, zaś wniesiona apelacja nie przedstawiła tego rodzaju argumentów, które wskazywałyby na potrzebę określenia należnej wnioskodawcy kwoty pieniężnej z tego tytułu na wyższym poziomie, niż kwota zasądzona na jego rzecz w pkt 3 zaskarżonego wyroku.</xText>
          <xText>Warto dodać, że zarzut nieodpowiedniego ustalenia kwoty zadośćuczynienia może być skuteczny tylko wtedy, gdyby zaskarżone orzeczenie, w sposób oczywisty naruszyło zasady ustalania wysokości tego zadośćuczynienia – co jak wyżej wykazano, w niniejszej sprawie, nie miało miejsca. O rażącym naruszeniu tych zasad mogłoby świadczyć przyznanie zadośćuczynienia „symbolicznego”, bądź też kwoty wygórowanej, prowadzącej do niestosownego wzbogacenia.</xText>
          <xText>Tymczasem, o czym już mowa, zasądzona w przedmiotowym postępowaniu kwota 6 000 zł, stanowi odczuwalną wartość ekonomiczną w stosunku do doznanej przez wnioskodawcę krzywdy, a z drugiej strony, w sposób odpowiedni odzwierciedla poziom dolegliwości tak psychicznych jak i fizycznych związanych z jego niesłusznym tymczasowym aresztowaniem.</xText>
          <xText>Co do zarzutu z pkt 2 apelacji, w którym zakwestionowano wysokość zasądzonego na rzecz wnioskodawcy odszkodowania, stwierdzać należy, że jest on po części zasadny.</xText>
          <xText>Sąd I instancji wskazał, że przy ustalaniu wysokości szkody oparł się na dyferencyjnej metodzie jej wyliczania. Sąd ten, powołując trafne stanowisko orzecznictwa Sądu Najwyższego w tym zakresie, przyjął, że szkoda wynikła z tymczasowego aresztowania nie jest sumą utraconych zarobków lecz różnicą stanu majątkowego poszkodowanego, który by istniał gdyby go nie uwięziono, a stanem rzeczywistym , który zaistniał w chwili odzyskania wolność.</xText>
          <xText>Należy jednak zaznaczyć, że, zgodnie z w/w metodą dyferencyjną, wyliczona szkoda winna obejmować pełen uszczerbek w prawnie chronionych dobrach poszkodowanego, a zatem powinna również uwzględnić uzasadnione zobowiązania pieniężne, w których pokryciu poszkodowany musi obecnie uczestniczyć – zaciągnięte przez członków jego rodziny, których to zobowiązań by nie było, gdyby nie został on tymczasowo aresztowany.</xText>
          <xText>W uzasadnieniu omawianej apelacji wskazano, że, zgodnie z wiarygodnymi zeznaniami wnioskodawcy, po powrocie z zakładu karnego został on postawiony przed koniecznością zwrotu dalszej rodzinie pożyczek w kwocie 7500 zł, zaciągniętych przez jego żonę na potrzeby rodziny, w szczególności na pokrycie kosztów ustanowionego w sprawie karnej obrońcy – co nie zostało objęte szkodą ustaloną przez Sąd I instancji.</xText>
          <xText>Stanowisko skarżącego w tym zakresie zasługuje na częściowe uwzględnienie.</xText>
          <xText>Istotnie bowiem, z ujawnionych w toku postępowania dokumentów wynika, że w okresie tymczasowego aresztowania członkowie rodziny wnioskodawcy - rodzice i brat cioteczny – udzielili jego żonie pożyczek w kwocie łącznie 7.500 zł.</xText>
          <xText>Zgodnie z niezakwestionowanymi w tej mierze zeznaniami wnioskodawcy, kwota ta została przeznaczona „na adwokata” i na „ życie”, a wnioskodawca będzie zobowiązany ją zwrócić.</xText>
          <xText>Z kolei ustalenia Sądu I instancji wskazują jednoznacznie, że <xAnon>T. B.</xAnon> zaciągnął w <xAnon> (...)</xAnon> Banku kredyt, który miał spłacać w comiesięcznych ratach po 319,29 zł. zaś w okresie izolacji przypadał jeden termin płatności raty - 15 sierpnia 2011 r. Zadłużenie w okresie tymczasowego aresztowania było spłacane (k. 95).</xText>
          <xText>W tej sytuacji jest oczywiste, że, ustalony w ramach metody dyferencyjnej, stan majątkowy wnioskodawcy w chwili zwolnienia, musi uwzględniać obciążenie go kwotami zaciągniętymi przez jego żonę, w zakresie przeznaczonym na spłatę zobowiązań kredytowych. Między powstaniem zobowiązania do ich zwrotu a tymczasowym aresztowaniem zachodzi związek przyczynowy o jakim mowa w <xLexLink xArt="art. 361" xIsapId="WDU19640160093" xTitle="Ustawa z dnia 23 kwietnia 1964 r. - Kodeks cywilny" xAddress="Dz. U. z 1964 r. Nr 16, poz. 93">art. 361 k.c.</xLexLink></xText>
          <xText>Mając powyższe na uwadze, Sąd odwoławczy - uwzględniając przeszło 1 – miesięczny okres tymczasowego aresztowania, który rzutował na zdolność pokrycia z zarobków poszkodowanego dwóch rat kredytu bankowego oraz (trafnie określoną w zaskarżonym wyroku) kwotę, którą poszkodowany mógłby przez okres tymczasowego aresztowania zaoszczędzić (300zł) – uznał, że realna szkoda, wyliczona, przy zastosowaniu reguły z <xLexLink xArt="art. 322" xIsapId="WDU19640430296" xTitle="Ustawa z dnia 17 listopada 1964 r. - Kodeks postępowania cywilnego" xAddress="Dz. U. z 1964 r. Nr 43, poz. 296">art. 322 k.p.c.</xLexLink>, mogła się kształtować co najwyżej na poziomie 1.000 zł.</xText>
          <xText>Uwzględniając żądanie wnioskodawcy w powyższym zakresie Sąd Apelacyjny uznał jednocześnie, że brak jest podstaw do zasądzenia na jego rzecz, z tytułu odszkodowania, kwoty przekraczającej 1.000 zł. Wbrew twierdzeniom skarżącego, Sąd I instancji trafnie wykazał, że wnioskodawca - na którym stosownie do <xLexLink xArt="art. 6" xIsapId="WDU19640160093" xTitle="Ustawa z dnia 23 kwietnia 1964 r. - Kodeks cywilny" xAddress="Dz. U. z 1964 r. Nr 16, poz. 93">art. 6 k.c.</xLexLink> spoczywa (także w postępowaniu z <xLexLink xArt="rozdział 58" xIsapId="WDU19970890555" xTitle="Ustawa z dnia 6 czerwca 1997 r. - Kodeks postępowania karnego" xAddress="Dz. U. z 1997 r. Nr 89, poz. 555">rozdziału 58 k.p.k.</xLexLink>) ciężar udowodnienia wysokości szkody - nie udowodnił, iż w jego majątku powstała szkoda w wyższym niż w/w rozmiarze, będąca adekwatnym następstwem zastosowania tymczasowego aresztowania.</xText>
          <xText>Wszelkie (przytoczone w apelacji) okoliczności z tym związane, były przedmiotem wszechstronnych rozważań Sądu I instancji, zaś argumentacja Sądu w tym zakresie jest na tyle przekonująca, że jej przytaczanie byłoby w tym miejscu zbędne. Przy tym apelujący nie przedstawił takich argumentów, które podważałyby oceny i ustalenia zaskarżonego wyroku, w zakresie wskazującym na konieczność zmiany wyroku, poprzez zasądzenie kwoty przewyższającej w/w sumę 1.000 zł. Wystarczy wskazać, że skarżący, powołując się na nagłe obarczenie wnioskodawcy kwotami zaciągniętymi przez żonę na utrzymanie rodziny w trakcie tymczasowego aresztowania, zupełnie pominął okoliczność, iż sam wnioskodawca nie wspomniał w swoich zeznaniach o jakichkolwiek dodatkowych kwotach przeznaczonych na utrzymanie rodziny, które mogłyby wynikać z jego tymczasowego aresztowania. Z jego zeznań wynika natomiast, że przed tymczasowym aresztowaniem zamieszkiwali razem z żoną w mieszkaniu rodziców i wspólnie ponosili koszty utrzymania, a zarobki żony wynosiły w tym czasie, jak i w czasie jego aresztowania, ok. 2.000 zł. Z kolei pożyczki zaciągnięte przez żonę od najbliższych członków rodziny, zamykały się łącznie kwotą 7500 zł, z czego 7 000 zł zostało przeznaczone na wynagrodzenie adwokata.</xText>
          <xText>W tym miejscu należy podkreślić, aprobując tym samym stanowisko Sądu I instancji, że ewentualne szkody doznane przez członków rodziny wnioskodawcy, w związku z koniecznością pokrycia kosztów adwokackich, nie mogą być dochodzone w przedmiotowym postępowaniu, na podstawie <xLexLink xArt="art. 552;art. 552 § 4" xIsapId="WDU19970890555" xTitle="Ustawa z dnia 6 czerwca 1997 r. - Kodeks postępowania karnego" xAddress="Dz. U. z 1997 r. Nr 89, poz. 555">art. 552 § 4 k.p.k.</xLexLink>, nawet, jeżeli (jak twierdzi wnioskodawca), obciąża go w tej chwili obowiązek zwrotu równowartości tych kosztów osobom które je wyłożyły.</xText>
          <xText>W obowiązującym stanie prawnym, zasada zwrotu kosztów związanych z udziałem obrońcy wyboru w przypadku uniewinnienia oskarżonego, czy (tak jak w niniejszej sprawie) w przypadku umorzenia postępowania, nie budzi żadnych wątpliwości. Koszty te ponosi Skarb Państwa, z wyjątkami o których mowa w <xLexLink xArt="pkt. 2;art. 632" xIsapId="WDU19970890555" xTitle="Ustawa z dnia 6 czerwca 1997 r. - Kodeks postępowania karnego" xAddress="Dz. U. z 1997 r. Nr 89, poz. 555">pkt 2 art. 632 k.p.k.</xLexLink></xText>
          <xText>Jak trafnie uznał Sąd I instancji, postępowanie uregulowane w rozdziale <xLexLink xArt="art. 58" xIsapId="WDU19970890555" xTitle="Ustawa z dnia 6 czerwca 1997 r. - Kodeks postępowania karnego" xAddress="Dz. U. z 1997 r. Nr 89, poz. 555">art. 58 k.p.k.</xLexLink> nie może służyć dochodzeniu kosztów wynagrodzenia adwokackiego, gdyż stanowi ono składnik kosztów procesu karnego, o których rozstrzyga się - w orzeczeniu kończącym postępowanie lub w orzeczeniu uzupełniającym - w trybie <xLexLink xArt="art. 626;art. 626 § 1" xIsapId="WDU19970890555" xTitle="Ustawa z dnia 6 czerwca 1997 r. - Kodeks postępowania karnego" xAddress="Dz. U. z 1997 r. Nr 89, poz. 555">art. 626 § 1 lub 2 k.p.k.</xLexLink> Wnioskodawca, który chciałby odzyskać koszty poniesione z tytułu wynagrodzenia adwokackiego powinien więc zgłosić swoje roszczenie, oparte o <xLexLink xArt="art. 632;art. 632 § 2" xIsapId="WDU19970890555" xTitle="Ustawa z dnia 6 czerwca 1997 r. - Kodeks postępowania karnego" xAddress="Dz. U. z 1997 r. Nr 89, poz. 555">art. 632 § 2 k.p.k.</xLexLink>, w ramach postępowania, w którym doszło do niewątpliwie niesłusznego tymczasowego aresztowania, a nie w postępowaniu odszkodowawczym, prowadzonym w trybie <xLexLink xArt="art. 552" xIsapId="WDU19970890555" xTitle="Ustawa z dnia 6 czerwca 1997 r. - Kodeks postępowania karnego" xAddress="Dz. U. z 1997 r. Nr 89, poz. 555">art. 552 k.p.k.</xLexLink></xText>
          <xText>Mając powyższe na uwadze Sąd Apelacyjny utrzymał zaskarżony wyrok w mocy w pozostałym zakresie czyli w części oddalającej wniosek o odszkodowanie co do kwoty przewyższającej 1.000 zł oraz w części oddalającej wniosek o zadośćuczynienie co do kwoty przewyższającej <xBRx/>6.000 zł.</xText>
          <xText>Jednocześnie Sąd Apelacyjny uznał, że, na gruncie aktualnie obowiązującego stanu prawnego, w sytuacji nawet częściowego uwzględnienia roszczeń, dochodzonych w oparciu o przepisy <xLexLink xArt="rozdział 58" xIsapId="WDU19970890555" xTitle="Ustawa z dnia 6 czerwca 1997 r. - Kodeks postępowania karnego" xAddress="Dz. U. z 1997 r. Nr 89, poz. 555">rozdziału <xBRx/>58 k.p.k.</xLexLink>, kwestie zwrotu kosztów związanych z ustanowieniem pełnomocnika z urzędu przez wnioskodawcę, który w postępowaniu zasadniczym został uniewinniony lub co do którego umorzono postępowanie, winien regulować przepis <xLexLink xArt="art. 632;art. 632 § 2" xIsapId="WDU19970890555" xTitle="Ustawa z dnia 6 czerwca 1997 r. - Kodeks postępowania karnego" xAddress="Dz. U. z 1997 r. Nr 89, poz. 555">art. 632 § 2 k.p.k.</xLexLink></xText>
          <xText>Wobec powyższego, na akceptację zasługuje wyrażone w uzasadnieniu apelacji stanowisko, że wnioskodawcy w podmiotowej sprawie należy się zwrot kosztów zastępstwa procesowego wyłożonych, zarówno w toku postępowania przed Sądem I instancji, jak i w postępowaniu odwoławczym.</xText>
          <xText>Ponieważ pełnomocnik wnioskodawcy nie sprecyzował żądania w tym zakresie i nie przedstawił stosownego spisu kosztów, wnosząc jedynie o zasądzenie na rzecz wnioskodawcy kosztów według norm przepisanych, Sąd odwoławczy określił wysokości tych kosztów, przy zastosowaniu stawek minimalnych, wynikających z § 2 ust. 2 w zw. z § 14 ust. 6 rozporządzenia Ministra Sprawiedliwości z 28 września 2002 r. w spawie opłat za czynności adwokackie … (Dz. U. Nr 163 poz. 1348 ze zm.).</xText>
          <xText>
            <xBx>Z tych względów Sąd Apelacyjny orzekł jak na wstępie.</xBx>
          </xText>
        </xUnit>
      </xBlock>
    </xPart>
  </judgement>
<judgement id="154500000003003_VI_ACa_000321_2013_Uz_2013-10-22_002">
    <xPart xEditorFullName="Agnieszka Hydzik" xYear="2013" xLang="PL" xPublisherFullName="Agnieszka Hydzik" xFromPg="1" xEditor="ahydzik" xVolType="15/450000/0003003/ACa" xPublisher="ahydzik" xDocType="Uz" xVolNmbr="000321" xVersion="1.0" xToPage="6" xFlag="published">
      <xName>Wyrok+Uzasadnienie</xName>
      <xBlock>
        <xText>
          <xBx>
            <xIx>Sygn. akt VI A Ca 321/13 </xIx>
          </xBx>
        </xText>
        <xUnit xIsTitle="true" xBold="true" xType="part">
          <xName>WYROK</xName>
          <xTitle>W IMIENIU RZECZYPOSPOLITEJ POLSKIEJ</xTitle>
          <xText xALIGNx="right">
            <xBx>Dnia 22 października 2013 r.</xBx>
          </xText>
          
          <xText>
            <xBx>Sąd Apelacyjny w Warszawie VI Wydział Cywilny w składzie:</xBx>
          </xText>
          
          <xText>
            <xBx>Przewodniczący - Sędzia SA – Maciej Kowalski (spr.)</xBx>
          </xText>
          <xText>
            <xBx>Sędzia SA – Agata Zając</xBx>
          </xText>
          <xText>
            <xBx>Sędzia SO del. – Marcin Strobel</xBx>
          </xText>
          <xText>
            <xBx>Protokolant: sekr. sądowy Katarzyna Kędzierska</xBx>
          </xText>
          
          <xText>
            <xBx>po rozpoznaniu w dniu 22 października 2013r. w Warszawie</xBx>
          </xText>
          <xText>
            <xBx>na rozprawie </xBx>
          </xText>
          <xText>
            <xBx>sprawy z powództwa <xAnon>A. K.</xAnon></xBx>
          </xText>
          <xText>
            <xBx>przeciwko <xAnon>G. F. (1)</xAnon></xBx>
          </xText>
          <xText>
            <xBx>o zapłatę</xBx>
          </xText>
          <xText>
            <xBx>na skutek apelacji powoda </xBx>
          </xText>
          <xText>
            <xBx>od wyroku Sądu Okręgowego w Warszawie</xBx>
          </xText>
          <xText>
            <xBx>z dnia 16 listopada 2012 r., sygn. akt III C 1366/11</xBx>
          </xText>
          <xUnit xIsTitle="false" xType="none">
            <xName xSffx=".">I</xName>
            <xText>
              <xBx>oddala apelację; </xBx>
            </xText>
          </xUnit>
          <xUnit xIsTitle="false" xType="none">
            <xName xSffx=".">II</xName>
            <xText>
              <xBx>zasądza od <xAnon>A. K.</xAnon> na rzecz <xAnon>G. F. (1)</xAnon> kwotę 2.700 (dwa tysiące siedemset) złotych tytułem zwrotu kosztów zastępstwa procesowego za instancję odwoławczą. </xBx>
            </xText>
          </xUnit>
        </xUnit>
        <xUnit xIsTitle="true" xBold="true" xType="part">
          <xName>UZASADNIENIE</xName>
          <xText>Powód <xAnon>A. K.</xAnon> domagał się zasądzenia od pozwanego <xAnon>G. F. (1)</xAnon> kwot 120 000 i 15117 złotych wraz z ustawowymi odsetkami od dnia wniesienia pozwu do dnia zapłaty.</xText>
          <xText>W dniu 20 września 2011 r. Sąd Okręgowy w Warszawie w sprawie III Nc 187/11 wydał nakaz zapłaty w postępowaniu upominawczym uwzględniający żądania pozwu.</xText>
          <xText>Pozwany <xAnon>G. F. (1)</xAnon> w sprzeciwie od nakazu zapłaty wnosił o oddalenie powództwa.</xText>
          <xText>Powód wnosił o odrzucenie sprzeciwu od nakazu zapłaty jako wniesionego po terminie ewentualnie o oddalenie powództwa.</xText>
          <xText>Sąd Okręgowy w Warszawie wyrokiem z dnia 16 listopada 2012 r. oddalił powództwo i obciążył powoda kosztami procesu.</xText>
          <xText>Sąd ten ustalił, że w dniu 23 lutego 2009 r. pomiędzy stronami w formie pisemnej z podpisami notarialnie poświadczonymi zawarta została umowa sprzedaży udziałów <xAnon> spółki (...) Sp. z o. o.</xAnon> w <xAnon>W.</xAnon>. Powód nabył od pozwanego 120 udziałów o wartości nominalnej 500 złotych każdy za łączną kwotę 60.000 złotych. Częścią integralną umowy był <xAnon>Aneks nr (...)</xAnon> z dnia 23 lutego 2009 r., do którego załączone zostało oświadczenie pozwanego, iż wszystkie operacje gospodarcze <xAnon> spółki (...) Sp. z o.o.</xAnon> zostały ujęte w księgach rachunkowych, a spółka nie posiada żadnych operacji gospodarczych, jak i zobowiązań, które nie byłyby zaksięgowane. W § 2 Aneksu strony ustaliły, że gdyby powyższe oświadczenie było niezgodne z prawdą, pozwany zapłaci powodowi karę umowną, stanowiącą sumę udokumentowanych różnic pomiędzy stanem rzeczywistym, a stanem nie wykazanym w oświadczeniu w zakresie zobowiązań, należności oraz stanu kasy i rachunków bankowych. Kara miała być powiększona o sumę wartości nieujawnionych w załączniku nr <xAnon>(...)</xAnon> umów, jakie zawarła spółka. Nadto strony w dniu 23 lutego 2009 r. złożyły oświadczenie o braku zobowiązań i zwolnieniu z długów przyszłych, z wyjątkiem roszczeń mogących wyniknąć z umowy sprzedaży udziałów z dnia 23 lutego 2009 r.</xText>
          <xText>W dniu 29 listopada 2007 r. <xAnon> (...) Spółka Jawna</xAnon> wniosła pozew przeciwko <xAnon> spółce (...) Sp. z o. o.</xAnon> o wydanie nakazu zapłaty na kwotę 120.000 złotych wraz z ustawowymi odsetkami od dnia 12 grudnia 2003 r. i kosztami procesu w kwocie 5117 złotych. Od wydanego w sprawie X GNc 287/07 nakazu zapłaty wniesiono zarzuty. Sąd Okręgowy Warszawa Praga w Warszawie w dniu 15 czerwca 2009 r. wydał wyrok, na mocy którego, na skutek uznania powództwa przez <xAnon> spółkę (...)</xAnon> w nowym składzie - już bez udziału pozwanego <xAnon>G. F.</xAnon>, zasądził od <xAnon> spółki (...) Sp. z o. o.</xAnon> na rzecz <xAnon>(...)</xAnon> S.j. kwotę 120.000 złotych z odsetkami od dnia 12 grudnia 2003 r. oraz koszty procesu w kwocie 5117 złotych. <xAnon>A. K.</xAnon> w postępowaniu tym został przesłuchany w charakterze świadka.</xText>
          <xText>Powództwo w powyższej sprawie dotyczyło zadłużenia <xAnon> spółki (...)</xAnon> wynikającego z umowy o przelew wierzytelności, które oświadczeniem z dnia 1 grudnia 2005 r. zostało uznane przez <xAnon>A. K.</xAnon>, pełniącego wówczas funkcję członka zarządu <xAnon> spółki (...)</xAnon>. Oświadczenie z 1 grudnia 2005 r., zdaniem <xAnon>(...)</xAnon> s.j., spowodowało przerwanie biegu przedawnienia roszczenia.</xText>
          <xText>W ocenie Sądu Okręgowego oświadczenie z 23 lutego 2009 r. złożone zostało w celu zabezpieczenia powoda, jako kupującego udziały <xAnon> spółki (...) Sp. z o. o.</xAnon>, przed skutkami istnienia nieznanych nabywcy, a utajnionych przez zbywcę zobowiązań, za które powód w przyszłości ponosiłby odpowiedzialność. Zobowiązanie <xAnon> spółki (...)</xAnon> wobec <xAnon>(...)</xAnon> S.j. było natomiast znane powodowi - powód sam oświadczeniem z 1 grudnia 2005 r. uznał to roszczenie, a następnie, już po ustąpieniu pozwanego z funkcji członka zarządu, co nastąpiło w dniu 23 lutego 2009 r., roszczenie to zostało uznane przez <xAnon> spółkę (...)</xAnon> w nowym składzie zarządu, co skutkowało wydaniem wyroku uwzględniającego powództwo. Pozwany reprezentując <xAnon> spółkę (...)</xAnon> w powyższym postępowaniu do czasu ustąpienia z funkcji prezesa zarządu, kwestionował roszczenie <xAnon>(...)</xAnon> s.j. W chwili sprzedaży udziałów umową z dnia 23 lutego 2009 r. powód wiedział więc, że takie potencjalne zobowiązanie istnieje. Powoływanie się w chwili obecnej na brak o nim informacji w oświadczeniu złożonym przez pozwanego przy podpisywaniu umowy, stanowi w ocenie Sądu nadużycie prawa. Z okoliczności sprawy wynika, iż nie umieszczenie tego zobowiązania w oświadczeniu nie było spowodowane złą wolą pozwanego lub chęcią jego zatajenia, tylko decyzją obu stron. Powyższe wynika również z zeznań świadka <xAnon>M.</xAnon>.</xText>
          <xText>Sąd Okręgowy wskazał, że celem składania oświadczeń takich jak z dnia 23 lutego 2009 r., z punktu widzenia zasad doświadczenia życiowego i obrotu gospodarczego jest ochrona kupującego przed odpowiedzialnością za roszczenia nieznane bądź utajnione. Na podstawie materiału zebranego w aktach sprawy należy wnioskować, iż odpowiedzialność pozwanego miała dotyczyć jedynie zobowiązań nieznanych powodowi, przed którymi chciał się zabezpieczyć.</xText>
          <xText>Ponadto Sąd Okręgowy zauważył, że w sytuacji gdy przedmiotowe zobowiązanie wymagalne było już, jak twierdzi powód, w 2003 r. to niezrozumiałym jest jego zarzut nieumieszczenia go przez pozwanego w dokumentach rachunkowo-księgowych spółki. Powód będąc w 2003 r. prezesem zarządu spółki <xAnon>(...)</xAnon>, sam takiego wpisu nie dokonał, uczestniczył we wszystkich spotkaniach stron dotyczących sprzedaży udziałów przez powoda pozwanemu i podczas tych negocjacji poruszana była kwestia wierzytelności <xAnon> spółki (...)</xAnon> wobec <xAnon>(...)</xAnon> s.j., co do której powód miał świadomość, iż nie jest ona wpisana w księgi rachunkowe spółki.</xText>
          <xText>W ocenie Sądu Okręgowego właściwym w sprawie było zarządzenie dokonania ponownego doręczenia odpisu nakazu zapłaty pozwanemu na prawidłowo wskazany adres i termin do wniesienia sprzeciwu od nakazu zapłaty rozpoczął bieg w dniu 19 listopada 2011 r.</xText>
          <xText>W apelacji od powyższego wyroku powód zarzucił nieważność postępowania spowodowaną tym, iż sprawa ta już została prawomocnie osądzona i wniósł o uchylenie w całości zaskarżonego wyroku i umorzenie postępowania względnie odrzucenie sprzeciwu pozwanego od nakazu zapłaty oraz o zasądzenie od pozwanego na rzecz powoda zwrotu kosztów procesu za obydwie instancje, z wyodrębnieniem kosztów zastępstwa procesowego według norm przepisanych.</xText>
          <xText>W przypadku uznania zarzutu nieważności postępowania za nieuzasadniony, zaskarżył wyrok Sądu Okręgowego w Warszawie w całości, zarzucając mu:</xText>
          <xUnit xIsTitle="false" xType="none">
            <xName xSffx=".">I</xName>
            <xText>naruszenie przepisów prawa materialnego:</xText>
            <xUnit xIsTitle="false" xType="none">
              <xName xSffx=".">1</xName>
              <xText><xLexLink xArt="art. 5" xIsapId="WDU19640160093" xTitle="Ustawa z dnia 23 kwietnia 1964 r. - Kodeks cywilny" xAddress="Dz. U. z 1964 r. Nr 16, poz. 93">art. 5 k.c.</xLexLink> w zw. z <xLexLink xArt="art. 483;art. 483 § 1" xIsapId="WDU19640160093" xTitle="Ustawa z dnia 23 kwietnia 1964 r. - Kodeks cywilny" xAddress="Dz. U. z 1964 r. Nr 16, poz. 93">art. 483 § 1 k.c.</xLexLink>, a to w skutek uznania, że powód nadużył prawa powołując się na brak informacji o zobowiązaniu <xAnon> spółki (...) Sp. z o.o.</xAnon> wobec <xAnon> spółki (...)</xAnon> sp. j. w oświadczeniu złożonym przez pozwanego, chociaż Sąd nie podjął próby skonkretyzowania jaka zasada współżycia społecznego została naruszona, ani w jaki sposób doszło do naruszenia społecznego gospodarczego uprawnienia powoda wynikającego z zastrzeżonej kary umownej,</xText>
            </xUnit>
            <xUnit xIsTitle="false" xType="none">
              <xName xSffx=".">2</xName>
              <xText><xLexLink xArt="art. 65;art. 65 § 1" xIsapId="WDU19640160093" xTitle="Ustawa z dnia 23 kwietnia 1964 r. - Kodeks cywilny" xAddress="Dz. U. z 1964 r. Nr 16, poz. 93">art. 65 § 1 k.c.</xLexLink>, a to w skutek dokonania błędnej wykładni oświadczenia woli złożonego przez pozwanego, poprzez przyjęcie, że zastrzeżenie dotyczące kary umownej dotyczyło tylko zobowiązań <xAnon> spółki (...)</xAnon>. z o.o., o których powód nie wiedział,</xText>
            </xUnit>
          </xUnit>
          <xUnit xIsTitle="false" xType="none">
            <xName xSffx=".">II</xName>
            <xText>naruszenie przepisów postępowania:</xText>
            <xUnit xIsTitle="false" xType="none">
              <xName xSffx=".">1</xName>
              <xText><xLexLink xArt="art. 233;art. 233 § 1" xIsapId="WDU19640430296" xTitle="Ustawa z dnia 17 listopada 1964 r. - Kodeks postępowania cywilnego" xAddress="Dz. U. z 1964 r. Nr 43, poz. 296">art. 233 § 1 k.p.c.</xLexLink> poprzez nadużycie zasady swobodnej oceny dowodów i nierozważenie w sposób wszechstronny całego zebranego materiału dowodowego, a w szczególności:</xText>
            </xUnit>
          </xUnit>
          <xText>- niewłaściwą ocenę przeprowadzonych w sprawie dowodów i w konsekwencji błędne ustalenie, że zastrzeżenie dotyczące kary umownej dotyczyło tylko zobowiązań <xAnon> spółki (...)</xAnon>. z o.o., o których powód nie wiedział,</xText>
          <xText>- błędną ocenę materiału dowodowego zgromadzonego w sprawie i w konsekwencji błędne uznanie, że nie umieszczenie informacji o zobowiązaniu <xAnon> spółki (...) Sp. z o.o.</xAnon> wobec <xAnon> spółki (...)</xAnon> sp. j. w oświadczeniu złożonym przez pozwanego, było decyzją powoda oraz pozwanego,</xText>
          <xText>- pominięcie, że pozwany miał nieskrępowaną możliwość kształtowania treści swojego oświadczenia o zobowiązaniach <xAnon> spółki (...) Sp. z o.o.</xAnon>,</xText>
          <xText>2. <xLexLink xArt="art. 328;art. 328 § 2" xIsapId="WDU19640430296" xTitle="Ustawa z dnia 17 listopada 1964 r. - Kodeks postępowania cywilnego" xAddress="Dz. U. z 1964 r. Nr 43, poz. 296">art. 328 § 2 k.p.c.</xLexLink>, a to poprzez nie zawarcie w uzasadnieniu zaskarżonego wyroku podstawy prawnej wyroku wraz z przytoczeniem przepisów prawa, a także poprzez nie wskazanie dlaczego dowodom z przesłuchania stron odmówił wiarygodności i mocy dowodowej, skoro oparł się wyłącznie na zeznaniach świadka <xAnon>J. M.</xAnon> sprzecznych z zeznaniami stron.</xText>
          <xText>Wniósł o zmianę zaskarżonego wyroku i orzeczenie zgodnie z żądaniem powoda i zasądzenie od pozwanego na rzecz powoda kosztów procesu za obydwie instancje, z wyodrębnieniem kosztów zastępstwa procesowego według norm przepisanych.</xText>
          <xText>W uzasadnieniu zarzutu nieważności postępowania wskazał, że sprzeciw od nakazu zapłaty został wniesiony przez pozwanego po terminie, a tym samym nakaz zapłaty wydany przez Sąd Okręgowy w Warszawie w dniu 20 września 2011 roku nie stracił mocy i ma skutki prawomocnego wyroku. W dniu 17 października 2011 roku nastąpiło bowiem zastępcze doręczenie pozwanemu nakazu zapłaty wraz z pozwem. Określony w <xLexLink xArt="art. 502;art. 502 § 1" xIsapId="WDU19640430296" xTitle="Ustawa z dnia 17 listopada 1964 r. - Kodeks postępowania cywilnego" xAddress="Dz. U. z 1964 r. Nr 43, poz. 296">art. 502 § 1 k.p.c.</xLexLink> termin do wniesienia sprzeciwu upływał zatem w dniu 31 października 2011 r. Brak było podstaw uznania tego doręczenia za nieskuteczne albowiem, jak wynika z odpowiedzi udzielonej przez operatora pocztowego na pytanie Sądu Okręgowego z dnia 2 lipca 2012 roku, przesyłka sądowa z dnia 26 września 2011 roku wraz z nakazem zapłaty oraz pozwem adresowana do pozwanego, była awizowana w dniu 30 września 2011 roku pod adresem zamieszkania pozwanego wskazanym w pozwie tj. <xAnon>C.</xAnon>, <xAnon>ul. (...)</xAnon>. Nie zaszły zatem żadne błędy w doręczeniu tej przesyłki.</xText>
          
          <xText>
            <xBx>Sąd Apelacyjny zważył co następuje:</xBx>
          </xText>
          
          <xText>Podnoszony w apelacji zarzut nieważności postępowania nie jest uzasadniony. Brak jest podstaw do uznania, że nastąpiło zastępcze doręczenie pozwanemu odpisu nakazu zapłaty z dnia 20 września 2011 r. wysłanego w dniu 26 września 2011 r. Niezależnie bowiem od nieprawidłowego zaadresowania przesyłki nie mogła być ona załączona do akt ze skutkiem doręczenia z uwagi na niezachowanie przez operatora pocztowego wymogu § 7 ust. 2 rozporządzenia Ministra Sprawiedliwości z dnia 12 października 2010 r. w sprawie szczegółowego trybu i sposobu doręczenia pism sądowych w postępowaniu cywilnym. Przepis ten przewiduje, że po pozostawieniu zawiadomienia o możliwości odbioru przesyłki, oddanie przesyłki do właściwej placówki pocztowej operatora winno być potwierdzone przez umieszczenie na przesyłce odcisku datownika i podpisu przyjmującego pracownika. Tymczasem oddanie przesyłki do placówki operatora nie zostało potwierdzane podpisem pracownika. Znajduje się na niej jedynie adnotacja doręczyciela „Awizowano 30.09.2011” opatrzona podpisem doręczyciela. Przy odcisku datownika (30.09.2011 r.) brak jest natomiast podpisu przyjmującego pracownika.</xText>
          <xText>Zgodnie z ukształtowaną linią orzeczniczą Sądu Najwyższego, której wyrazem jest m.in. postanowienie z dnia 3 lipca 2008 r. wydane w sprawie IV CZ 51/08 dotkliwe skutki procesowe doręczenia zastępczego wymagają rygorystycznego przestrzegania wymogów przewidzianych w <xLexLink xArt="art. 139" xIsapId="WDU19640430296" xTitle="Ustawa z dnia 17 listopada 1964 r. - Kodeks postępowania cywilnego" xAddress="Dz. U. z 1964 r. Nr 43, poz. 296">art. 139 k.p.c.</xLexLink> oraz rozporządzenia Ministra Sprawiedliwości określającego szczegółowy tryb i sposób doręczenia pism sądowych. Naruszenie tych wymogów czyni doręczenie nieskutecznym.</xText>
          <xText>Z powyższego względu prawidłowo zarządzeniem z 3 listopada 2011 r. w sprawie nakazano ponowne doręczenie odpisu nakazu zapłaty. Doręczenie nastąpiło w dniu 18 listopada 2011 r. Sprzeciw od nakazu zapłaty został natomiast wniesiony 1 grudnia 2011 r. a zatem z zachowaniem ustawowego terminu.</xText>
          <xText>Również pozostałe zarzuty apelacji nie zasługują na uwzględnienie.</xText>
          <xText>Zobowiązanie wynikające z <xAnon>§ 2 Aneksu Nr (...)</xAnon> do umowy sprzedaży udziałów z 23 lutego 2009 r. nie ma charakteru kary umownej (nie określano jej wysokości ani kwotowo ani procentowo oraz nie dotyczy ono niewykonania lub nienależytego wykazania zobowiązania) lecz jest dodatkowym zobowiązaniem umownym o charakterze gwarancyjnym. Tego rodzaju zastrzeżenie nie podlegają wykładni rozszerzającej.</xText>
          <xText>Nie ulega wątpliwości, że zgodnie z <xLexLink xArt="art. 65;art. 65 § 1;art. 65 § 2" xIsapId="WDU19640160093" xTitle="Ustawa z dnia 23 kwietnia 1964 r. - Kodeks cywilny" xAddress="Dz. U. z 1964 r. Nr 16, poz. 93">art. 65 § 1 i 2 k.c.</xLexLink> oświadczenie woli należy tak tłumaczyć, jak tego wymagają z względu na okoliczności, w których złożone zostało, zasady współżycia społecznego oraz ustalone zwyczaje. Natomiast umowach należy raczej badać, jaki był zgodny zamiar stron i cel umowy, aniżeli opierać się na jej dosłownym brzmieniu Wprawdzie podstawową rolę przy dokonywaniu wykładni oświadczeń woli złożonych w formie pisemnej stanowi dokument, w którym nadano określone brzmienie interpretowanym oświadczeniom woli, jednakże odwołanie się do reguł językowych nie może stanowić wyłącznej podstawy ustalenia sensu złożonych przez strony oświadczeń woli. Wykładnia umowy wymaga bowiem analizy zgodnego zamiaru stron i celu umowy, której dokonuje się z uwzględnieniem całego kontekst oświadczeń badanego w aspekcie treści, jak i okoliczności w których zostały złożone (zob. m.in. uzasadnienia wyroków Sądu Najwyższego z dnia 23 kwietnia 2009, sygn. akt IV CSK 558/08, publ. Biul. SN 2009, Nr 7, poz. 11; z dnia 1 października 2003 r., sygn. akt II CK 104/02; z dnia 14 listopada 2008 r., sygn. akt V CSK 174/08; z dnia 13 stycznia 200 r.. sygn. akt IV CK 448/04).</xText>
          <xText>Oznacza to, że sąd kierując się wynikającymi z <xLexLink xArt="art. 65" xIsapId="WDU19640160093" xTitle="Ustawa z dnia 23 kwietnia 1964 r. - Kodeks cywilny" xAddress="Dz. U. z 1964 r. Nr 16, poz. 93">art. 65 k.c.</xLexLink> dyrektywami wykładni umowy, powinien brać pod uwagę nie tylko postanowienie spornego fragmentu umowy, lecz również uwzględniać inne związane z nim postanowieni umowy, a także kontekst faktyczny, w którym projekt umowy uzgodniono i z uwzględnieniem którego ją zawierano (tak wyrok Sądu Najwyższego z dnia 8 lipca 2004 r., sygn. akt IV CK 582/03).</xText>
          <xText>Z zeznań świadka <xAnon>J. M.</xAnon> wynikało, że w toku negocjacji prowadzonych przez strony przed zawarciem umowy oraz aneksu do umowy problem wierzytelności, której dotyczył spór w niniejszej sprawie był podniesiony - „było mówione, że ta wierzytelność nie istnieje w księgach i że Pan <xAnon>K.</xAnon> bierze to na siebie”.</xText>
          <xText>Zeznania świadka w powyższym zakresie w pełni korespondują z zeznaniami pozwanego przesłuchanego w charakterze strony, który zeznał, iż na pytanie co z tą wierzytelnością powód oświadczył, że to on kupuje udziały i jest to jego sprawa, którą „bierze na siebie”.</xText>
          <xText>W ocenie Sądu Apelacyjnego, w przedmiotowej sprawie stan faktyczny został zatem ustalony przez Sąd pierwszej instancji prawidłowo, zgodnie z zasadą swobodnej oceny dowodów, która wymaga, aby sąd oceniał materiał dowodowy w sposób logiczny, spójny i zgodny z zasadami doświadczenia życiowego. Należy podzielić utrwalony w orzecznictwie pogląd, że do naruszenia przepisu <xLexLink xArt="art. 233;art. 233 § 1" xIsapId="WDU19640430296" xTitle="Ustawa z dnia 17 listopada 1964 r. - Kodeks postępowania cywilnego" xAddress="Dz. U. z 1964 r. Nr 43, poz. 296">art. 233 § 1 k.p.c.</xLexLink> mogłoby dojść tylko wówczas, gdyby skarżący wykazał uchybienie podstawowym regułom służącym ocenie wiarygodności i mocy poszczególnych dowodów, tj. regułom logicznego myślenia zasadzie doświadczenia życiowego i właściwego kojarzenia faktów (por. m.in. uzasadnienie wyroku Sądu Najwyższego dnia 16 maja 2005 r., sygn. III CK 314/05, Lex nr 172176).</xText>
          <xText>Dlatego skuteczne postawienie zarzutu naruszenia przez sąd przepisu <xLexLink xArt="art. 233;art. 233 § 1" xIsapId="WDU19640430296" xTitle="Ustawa z dnia 17 listopada 1964 r. - Kodeks postępowania cywilnego" xAddress="Dz. U. z 1964 r. Nr 43, poz. 296">art. 233 § 1 k.p.c.</xLexLink> wymaga wykazania, iż ten uchybił zasadom logicznego rozumowania lub doświadczenia życiowego, to bowiem może być jedynie przeciwstawione uprawnieniu sądu do dokonywania swobodnej oceny dowodów. Nie jest natomiast wystarczające przekonanie o innej niż przyjął sąd wadze (doniosłości) poszczególnych dowodów i ich odmiennej ocenie, niż ocena sądu (por. m.in. uzasadnienie wyroku Sądu Apelacyjnego w Poznaniu z dnia 27 kwietnia 2006 r., sygn. I ACa 1303/05, Lex nr 214251). Tymczasem powód w apelacji ograniczył się do polemiki z ocenami Sądu pierwszej instancji, nie stawiając im żadnych konkretnych zarzutów mogących stać się podstawą uznania rozumowania Sądu Okręgowego za nielogiczne bądź niezgodne z zasadami doświadczenia życiowego, a przez to wadliwe.</xText>
          <xText>Okoliczność, że świadek <xAnon>M.</xAnon> jest teściem pozwanego nie oznacza, że jego zeznania nie zasługują na wiarę. Wiarygodność zeznań świadka nie przekreśla również wskazywane w apelacji, wynikające z błędnego przekonania zeznanie świadka dotyczące zawarcia umowy cesji.</xText>
          <xText>Podnoszone w apelacji zarzuty naruszenia <xLexLink xArt="art. 233" xIsapId="WDU19640430296" xTitle="Ustawa z dnia 17 listopada 1964 r. - Kodeks postępowania cywilnego" xAddress="Dz. U. z 1964 r. Nr 43, poz. 296">artykułu 233 k.p.c.</xLexLink> nie zasługują zatem na uwzględnienie, podobnie jak zarzut naruszenia <xLexLink xArt="art. 65" xIsapId="WDU19640160093" xTitle="Ustawa z dnia 23 kwietnia 1964 r. - Kodeks cywilny" xAddress="Dz. U. z 1964 r. Nr 16, poz. 93">art. 65 k.c.</xLexLink></xText>
          <xText>Oświadczenie pozwanego z dnia 23 lutego 2009 r. odnosiło się do zobowiązań podlegających księgowaniu w księgach rachunkowych. Zgodnie z <xLexLink xArt="" xIsapId="WDU19941210591" xTitle="Ustawa z dnia 29 września 1994 r. o rachunkowości" xAddress="Dz. U. z 1994 r. Nr 121, poz. 591">ustawą z dnia 29 września 1994 r. o rachunkowości</xLexLink> poprzez zobowiązanie rozumie się wynikający z przeszłych zdarzeń obowiązek wykonania świadczeń o wiarygodnie określonej wartości, które spowodują wykorzystanie już posiadanych lub przyszłych aktywów jednostki.</xText>
          <xText>Prawidłowo Sąd Okręgowy wskazał, że w sytuacji gdy zobowiązanie wobec <xAnon>(...)</xAnon> s.j. było, według twierdzeń powoda, wymagalne już w 2003 r. to niezrozumiały jest jego zarzut dotyczący nieumieszczenia zobowiązania w dokumentach rachunkowo-księgowych spółki w sytuacji gdy w <xAnon> spółce (...)</xAnon> w 2003 r. to powód był Prezesem Zarządu.</xText>
          <xText>Prawidłowo Sąd Okręgowy w uzasadnieniu wyroku wskazał, że powoływanie się przez powoda na brak informacji o zobowiązaniu w oświadczeniu złożonym przez pozwanego stanowi nadużycie prawa w sytuacji gdy posiadał on informacje o jego istnieniu i świadomy był stanowiska pozwanego, który konsekwentnie zobowiązanie to uważał za niewiarygodne a w konsekwencji nie podlegające księgowaniu. Takie postępowanie podlega negatywnej ocenie na podstawie norm pozaprawnych regulujących zasady moralne funkcjonujące również w obrocie gospodarczym.</xText>
          <xText>Nie można też uznać za zasadny zarzutu skarżącego dotyczącego naruszenia przez Sąd Okręgowy <xLexLink xArt="art. 328;art. 328 § 2" xIsapId="WDU19640430296" xTitle="Ustawa z dnia 17 listopada 1964 r. - Kodeks postępowania cywilnego" xAddress="Dz. U. z 1964 r. Nr 43, poz. 296">art. 328 § 2</xLexLink> poprzez niewskazanie podstawy prawnej rozstrzygnięcia i przytoczenie przepisów prawa materialnego. Wskazany przepis prawa procesowego określa wymagania stawiane uzasadnieniu wyroku, a w jego ramach przewiduje konieczność wyjaśnienia podstawy prawnej wyroku z przytoczeniem przepisów prawa. W orzecznictwie sądowym wskazuje się, że obraza <xLexLink xArt="art. 328;art. 328 § 2" xIsapId="WDU19640430296" xTitle="Ustawa z dnia 17 listopada 1964 r. - Kodeks postępowania cywilnego" xAddress="Dz. U. z 1964 r. Nr 43, poz. 296">art. 328 § 2 k.p.c.</xLexLink> może być uznana za skuteczną podstawę apelacji tylko wtedy gdy uzasadnienie z uwagi na swoje braki nie może być poddane kontroli instancyjnej. Tego rodzaju okoliczność w niniejszej sprawie nie zachodzi.</xText>
          <xText>
            <xBx>Z powyższych względów Sąd Apelacyjny uznając, że wniesiona apelacja nie zawiera uzasadnionych podstaw działając na zasadzie <xLexLink xArt="art. 387" xIsapId="WDU19640430296" xTitle="Ustawa z dnia 17 listopada 1964 r. - Kodeks postępowania cywilnego" xAddress="Dz. U. z 1964 r. Nr 43, poz. 296">art. 387 k.p.c.</xLexLink> orzekł jak w sentencji wyroku.</xBx>
          </xText>
          <xText>O kosztach postępowania za instancję odwoławczą orzeczono po myśli <xLexLink xArt="art. 98;art. 98 § 1" xIsapId="WDU19640430296" xTitle="Ustawa z dnia 17 listopada 1964 r. - Kodeks postępowania cywilnego" xAddress="Dz. U. z 1964 r. Nr 43, poz. 296">art. 98 § 1 k.p.c.</xLexLink> 99 <xLexLink xArt="" xIsapId="WDU19640430296" xTitle="Ustawa z dnia 17 listopada 1964 r. - Kodeks postępowania cywilnego" xAddress="Dz. U. z 1964 r. Nr 43, poz. 296">k.p.c.</xLexLink> w zw. z <xLexLink xArt="art. 108;art. 108 § 1" xIsapId="WDU19640430296" xTitle="Ustawa z dnia 17 listopada 1964 r. - Kodeks postępowania cywilnego" xAddress="Dz. U. z 1964 r. Nr 43, poz. 296">art. 108 § 1 k.p.c.</xLexLink> wzwz<xLexLink xArt="§ 6;§ 6 pkt. 6;§ 12;§ 12 ust. 1;§ 12 ust. 1 pkt. 2" xIsapId="WDU20021631349" xTitle="Rozporządzenie Ministra Sprawiedliwości z dnia 28 września 2002 r. w sprawie opłat za czynności radców prawnych oraz ponoszenia przez Skarb Państwa kosztów pomocy prawnej udzielonej przez radcę prawnego ustanowionego z urzędu" xAddress="Dz. U. z 2002 r. Nr 163, poz. 1349">§6 pkt 6, § 12 ust. 1 pkt 2 rozporządzenia Ministra Sprawiedliwości z dnia 28 września 2002 w sprawie opłat za czynności radców prawnych oraz ponoszenia przez Skarb Państwa kosztów pomocy prawnej udzielonej przez radcę prawnego ustanowionego z urzędu</xLexLink> (Dz. U. z 2002 Nr 163, poz. 1349 ze zm.).</xText>
          
          <xText>bk</xText>
        </xUnit>
      </xBlock>
    </xPart>
  </judgement>
<judgement id="154500000003003_VI_ACa_000320_2013_Uz_2013-10-22_002">
    <xPart xEditorFullName="Agnieszka Hydzik" xYear="2013" xLang="PL" xPublisherFullName="Agnieszka Hydzik" xFromPg="1" xEditor="ahydzik" xVolType="15/450000/0003003/ACa" xPublisher="ahydzik" xDocType="Uz" xVolNmbr="000320" xVersion="1.0" xToPage="5" xFlag="published">
      <xName>Wyrok+Uzasadnienie</xName>
      <xBlock>
        <xText>
          <xBx>
            <xIx>Sygn. akt VI A Ca 320/13 </xIx>
          </xBx>
        </xText>
        <xUnit xIsTitle="true" xBold="true" xType="part">
          <xName>WYROK</xName>
          <xTitle>W IMIENIU RZECZYPOSPOLITEJ POLSKIEJ</xTitle>
          <xText xALIGNx="right">
            <xBx>Dnia 22 października 2013 r.</xBx>
          </xText>
          
          <xText>
            <xBx>Sąd Apelacyjny w Warszawie VI Wydział Cywilny w składzie:</xBx>
          </xText>
          
          <xText>
            <xBx>Przewodniczący - Sędzia SA – Maciej Kowalski (spr.)</xBx>
          </xText>
          <xText>
            <xBx>Sędzia SA – Agata Zając</xBx>
          </xText>
          <xText>
            <xBx>Sędzia SO del. – Marcin Strobel</xBx>
          </xText>
          <xText>
            <xBx>Protokolant: sekr. sądowy Katarzyna Kędzierska</xBx>
          </xText>
          
          <xText>
            <xBx>po rozpoznaniu w dniu 22 października 2013r. w Warszawie</xBx>
          </xText>
          <xText>
            <xBx>na rozprawie </xBx>
          </xText>
          <xText>
            <xBx>sprawy z powództwa <xAnon> (...) Spółdzielni Mieszkaniowej (...)</xAnon> w <xAnon>W.</xAnon></xBx>
          </xText>
          <xText>
            <xBx>przeciwko <xAnon> Spółdzielni (...)</xAnon> w <xAnon>W.</xAnon></xBx>
          </xText>
          <xText>
            <xBx>o zapłatę</xBx>
          </xText>
          <xText>
            <xBx>na skutek apelacji powoda</xBx>
          </xText>
          <xText>
            <xBx>od wyroku Sądu Okręgowego w Warszawie</xBx>
          </xText>
          <xText>
            <xBx>z dnia 13 grudnia 2012 r., sygn. akt XX GC 638/09</xBx>
          </xText>
          <xUnit xIsTitle="false" xType="none">
            <xName xSffx=".">I</xName>
            <xText>
              <xBx>oddala apelację; </xBx>
            </xText>
          </xUnit>
          <xUnit xIsTitle="false" xType="none">
            <xName xSffx=".">II</xName>
            <xText>
              <xBx>zasądza od <xAnon> (...) Spółdzielni Mieszkaniowej (...)</xAnon> w <xAnon>W.</xAnon> na rzecz <xAnon> Spółdzielni (...)</xAnon> w <xAnon>W.</xAnon> kwotę 5.400 (pięć tysięcy czterysta) złotych tytułem zwrotu kosztów zastępstwa procesowego za instancję odwoławczą. </xBx>
            </xText>
          </xUnit>
        </xUnit>
        <xUnit xIsTitle="true" xBold="true" xType="part">
          <xName>UZASADNIENIE</xName>
          <xText>Powódka <xAnon> (...) Spółdzielnia Mieszkaniowa (...)</xAnon> w <xAnon>W.</xAnon> domagała się od pozwanej <xAnon>(...)</xAnon><xAnon> Spółdzielni (...)</xAnon> w <xAnon>W.</xAnon> zasądzenia kwoty 210 514,97 zł wraz z odsetkami ustawowymi od dnia 7 stycznia 2009 roku do dnia zapłaty oraz kosztami postępowania, w tym kosztami zastępstwa procesowego według norm przepisanych tytułem obniżenia wynagrodzenia za wykonanie umowy, ewentualne domagała się naprawienia szkody wynikłej z nieprawidłowego wykonania zobowiązania (<xLexLink xArt="art. 471" xIsapId="WDU19640160093" xTitle="Ustawa z dnia 23 kwietnia 1964 r. - Kodeks cywilny" xAddress="Dz. U. z 1964 r. Nr 16, poz. 93">art. 471 k.c.</xLexLink>).</xText>
          <xText>Nakazem zapłaty z dnia 28 sierpnia 2009 roku wydanym w postępowaniu upominawczym (sygn. akt XX GNc 497/09) Sąd Okręgowy w Warszawie uwzględnił powództwo w całości.</xText>
          <xText>W sprzeciwie od nakazu zapłaty pozwana wnosiła o oddalenie powództwa w całości.</xText>
          <xText>Sąd Okręgowy w Warszawie wyrokiem z dnia 13 grudnia 2013 r. oddalił powództwo i zasądził od powódki <xAnon> (...) Spółdzielni Mieszkaniowej (...)</xAnon> w <xAnon>W.</xAnon> na rzecz pozwanej <xAnon>(...)</xAnon><xAnon> Spółdzielni (...)</xAnon> w <xAnon>W.</xAnon> kwotę 7217 zł tytułem zwrotu kosztów zastępstwa procesowego oraz kwotę 17 zł tytułem opłaty skarbowej od pełnomocnictwa.</xText>
          <xText>Sąd Okręgowy ustalił, że na podstawie umowy o roboty budowlane z dnia 23 kwietnia 2001 roku wraz z jej aneksami z dnia 7 czerwca 2002 roku oraz z dnia 21 sierpnia 2003 roku powódka <xAnon> (...) Spółdzielnia Mieszkaniowa (...)</xAnon> w <xAnon>W.</xAnon> zleciła pozwanej <xAnon>(...)</xAnon><xAnon> Spółdzielni (...)</xAnon> w <xAnon>W.</xAnon> wybudowanie budynku mieszkalnego wraz z infrastrukturą na działce położonej w <xAnon>W.</xAnon> przy <xAnon>ulicy (...)</xAnon>.</xText>
          <xText>Projekt przewidywał wykonanie płyt balkonowych bez warstwy spadkowej. Brak było w nim prawidłowo zaprojektowanej izolacji przeciwwodnej płyty balkonowej. Przewidziano izolację z folii PCV ułożonej luźno na gładzi cementowej i na obróbce blacharskiej. Nie określono grubości folii. Nic określono sposobu jej łączenia na zakładach ani jak ma łączyć się z obróbką blacharską. Nie zaprojektowano też kapinosa na spodzie płyty balkonowej, wskutek czego woda spływająca pionowo po płaszczyźnie czołowej płyty balkonowej, zamiast z kapinosa z dolnej części płyty spadać w dół, przenikała pod spód balkonu pod tynk płyty balkonowej.</xText>
          <xText>Pozwana ułożyła folię w sposób pofałdowany, na niedokładnie oczyszczonym podłożu. Obróbka blacharska została wykonana w poziomie bez spadku, a nawet z odwrotnym spadkiem. Poszczególne etapy robót wykończenia balkonów przedstawiane były do akceptacji inspektorowi nadzoru, który był reprezentantem inwestora na budowie. Inspektor nadzoru dokonał w dzienniku budowy zaledwie jednego wpisu w zakresie balkonów. W dniu 28 listopada 2002 roku stwierdził, iż balustrady balkonowe zostały wykonane niezgodnie z projektem. Skutkiem takiego wykonania były wykwity na balkonach. Wykwity te pojawiły się z powodu błędów projektowych, błędów wykonawczych i niedostatecznego nadzoru technicznego ze strony powoda przez inspektora nadzoru będącego reprezentantem powódki.</xText>
          <xText>W dniu 9 września 2003 roku dokonano ostatecznego odbioru budynku. W protokole odbioru stwierdzono, że okres gwarancyjny liczony będzie od dnia 30 kwietnia 2003 r.</xText>
          <xText>W dniu 6 maja 2004 roku po upływie roku gwarancji komisja dokonująca przeglądu budynku stwierdziła szereg wad, w tym m.in. zacieki na balkonach. Ustalono, że wady te będą usunięte po przeglądzie w drugim roku rękojmi. Również w dniu 23 listopada 2005 roku komisja stwierdziła przebarwienia płyt balkonowych i zaleciła ich usunięcie.</xText>
          <xText>W dniu 27 kwietnia 2006 roku pozwana przedstawiła powódce harmonogram usunięcia usterek, zaś pismem z dnia 9 sierpnia 2006 roku poinformowała, iż do końca sierpnia 2006 roku zostaną pomalowane balkony . W dniu 27 września 2006 roku pozwana zwróciła się do powódki o wykonania malowania balkonów we własnym zakresie, zobowiązując się do przekazania należności ze tę czynność po przedstawieniu zakresu robót.</xText>
          <xText>W piśmie z dnia 19 listopada 2007 roku powódka oświadczyła, iż zrzeka się roszczeń z tytułu nie usunięcia przez pozwaną wad ujętych w protokole z dnia 23 listopada 2005 roku w sprawie komisyjnego przeglądu części wspólnych, pod warunkiem wpłacenia na rzecz powódki kwoty 5 500,00 zł. Po uiszczeniu przez pozwaną powyższej kwoty powódka dokonała zwrotu posiadanego weksla stanowiącego zabezpieczenie usunięcia wad.</xText>
          <xText>Pismem z dnia 20 listopada 2008 roku powódka uchyliła się od skutków prawnych oświadczenia z dnia 19 listopada 2007 roku z uwagi na to, że działała pod wpływem błędu co do czynności prawnej.</xText>
          <xText>W oparciu o dowód z opinii biegłego sadowego z zakresu budownictwa i wyceny nieruchomości, Sąd Okręgowy ustalił, że przyczynami powstania wad balkonów były błędy w projekcie dostarczonym przez powoda, błędy wykonawcze pozwanego oraz niedostateczny nadzór techniczny ze strony powoda - inwestora.</xText>
          <xText>Sąd Okręgowy stwierdził, że <xLexLink xArt="art. 656;art. 656 § 1" xIsapId="WDU19640160093" xTitle="Ustawa z dnia 23 kwietnia 1964 r. - Kodeks cywilny" xAddress="Dz. U. z 1964 r. Nr 16, poz. 93">art. 656 § 1 k.c.</xLexLink> w zw. z <xLexLink xArt="art. 638" xIsapId="WDU19640160093" xTitle="Ustawa z dnia 23 kwietnia 1964 r. - Kodeks cywilny" xAddress="Dz. U. z 1964 r. Nr 16, poz. 93">art. 638 k.c.</xLexLink> w zw. z <xLexLink xArt="art. 568;art. 568 § 1" xIsapId="WDU19640160093" xTitle="Ustawa z dnia 23 kwietnia 1964 r. - Kodeks cywilny" xAddress="Dz. U. z 1964 r. Nr 16, poz. 93">art. 568 § 1 k.c.</xLexLink>, jak i łącząca strony umowa uprawniały powódkę do dochodzenia roszczeń z tytułu wad budynku z tytułu rękojmi w ciągu trzech lat od jego wydania.</xText>
          <xText>W niniejszej sprawie prace budowlane wykonano w okresie od dnia 23 kwietnia 2001 roku do dnia 30 kwietnia 2003 roku. W protokole z dnia 9 września 2003 roku stwierdzono, że roboty zrealizowano zgodnie z umową oraz późniejszymi aneksami i ustalono, że okres gwarancji liczony będzie od dnia 30 kwietnia 2003 roku. Powyższe w ocenie Sądu wskazuje, że dochodzone roszczenie uległo przedawnieniu w dniu 30 kwietnia 2006 roku. Z pozwem powódka wystąpiła w dniu 3 sierpnia 2009 roku.</xText>
          <xText>Ponadto Sąd Okręgowy wskazał, że pozwany jest zwolniony od odpowiedzialności z tytułu rękojmi ponieważ wady były widoczne na każdym etapie realizacji balkonów i nie były wadami ukrytymi.</xText>
          <xText>Również roszczenie ewentualne z <xLexLink xArt="art. 471" xIsapId="WDU19640160093" xTitle="Ustawa z dnia 23 kwietnia 1964 r. - Kodeks cywilny" xAddress="Dz. U. z 1964 r. Nr 16, poz. 93">art. 471 k.c.</xLexLink> w ocenie Sadu nie zasługiwało na uwzględnienie ponieważ to powódka dostarczyła pozwanej projekt przedmiotu umowy, w oparciu o który ta realizowała inwestycję. Nadto wiedząc o istnieniu wad na każdym etapie realizacji balkonów, powódka mogła domagać się naprawy stwierdzanych uchybień, tudzież żądać wprowadzenia poprawek do projektu. Domaganie się odszkodowania za szkody poniesione wskutek niewłaściwego wykonania przedmiotu umowy nie znalazło aprobaty Sądu, także na skutek przedawnienia tych roszczeń.</xText>
          <xText>Sąd nie odnosił się do skuteczności prawnej zrzeczenia się roszczeń powódki z tytułu nieusunięcia z 19 listopada 2007 r. oraz uchylenia się od skutków prawnych tego oświadczenia z dnia 20 listopada 2008 roku - gdyż oba te oświadczenia nie miały żadnego znaczenia prawnego z uwagi na to, że złożone zostały już po wpływie terminu przedawnienia, tak roszczeń wynikających z rękojmi, jak i roszczeń wynikających z nienależytego wykonania umowy.</xText>
          <xText>Apelację od całości powyższego wyroku wywiodła powódka.</xText>
          <xText>Wyrokowi zarzuciła:</xText>
          <xUnit xIsTitle="false" xType="none">
            <xName xSffx=".">I</xName>
            <xText>Naruszenie przepisów postępowania, które mogło mieć wpływ na wynik sprawy, to jest:</xText>
            <xUnit xIsTitle="false" xType="none">
              <xName xSffx=")">a</xName>
              <xText>sprzeczność istotnych ustaleń sądu z treścią zebranego w sprawie materiału dowodowego wskutek naruszenia <xLexLink xArt="art. 233" xIsapId="WDU19640430296" xTitle="Ustawa z dnia 17 listopada 1964 r. - Kodeks postępowania cywilnego" xAddress="Dz. U. z 1964 r. Nr 43, poz. 296">art. 233 k.p.c.</xLexLink> poprzez przyjęcie, że poszczególne etapy wykończenia balkonów przedstawiane były do akceptacji inspektorowi nadzoru, który był reprezentantem inwestora w sytuacji, gdy w dzienniku budowy nie ma żadnego wpisu zawierającego zgłoszenia kierownika budowy o gotowości do odbioru, któregokolwiek z elementów balkonów ulegających zakryciu, z treści opinii biegłego wynika, że zgłoszeń takich nie było, jak też brak jest w materiale dowodowym jakichkolwiek protokołów odbiorów częściowych balkonów, czy też odbiorów przez powódkę elementów balkonów ulegających zakryciu i w efekcie bezpodstawne przyjęcie, że wady balkonów były wadami jawnymi znanymi powódce w toku realizacji procesu budowlanego;</xText>
            </xUnit>
            <xUnit xIsTitle="false" xType="none">
              <xName xSffx=")">b</xName>
              <xText>naruszenie <xLexLink xArt="art. 328;art. 328 § 2" xIsapId="WDU19640430296" xTitle="Ustawa z dnia 17 listopada 1964 r. - Kodeks postępowania cywilnego" xAddress="Dz. U. z 1964 r. Nr 43, poz. 296">art. 328 § 2 k.p.c.</xLexLink> poprzez nie wskazanie w uzasadnieniu, z jaką datę sądu ustalił jako datę, w której powódka dowiedziała się o powstaniu szkody (jej wystąpieniu i rozmiarze) wynikającej z nieprawidłowego wykonania balkonów, a tym samym z jaką datą rozpoczął się bieg terminu roszczenia o naprawienie szkody;</xText>
            </xUnit>
            <xUnit xIsTitle="false" xType="none">
              <xName xSffx=")">c</xName>
              <xText>naruszenie <xLexLink xArt="art. 244" xIsapId="WDU19640430296" xTitle="Ustawa z dnia 17 listopada 1964 r. - Kodeks postępowania cywilnego" xAddress="Dz. U. z 1964 r. Nr 43, poz. 296">art. 244 k.p.c.</xLexLink> oraz <xLexLink xArt="art. 233" xIsapId="WDU19640430296" xTitle="Ustawa z dnia 17 listopada 1964 r. - Kodeks postępowania cywilnego" xAddress="Dz. U. z 1964 r. Nr 43, poz. 296">art. 233 k.p.c.</xLexLink> poprzez:</xText>
            </xUnit>
          </xUnit>
          <xText>- uznanie zeznań świadka <xAnon>W. B. (1)</xAnon> za wiarygodne w sytuacji gdy zeznania te pozostają w sprzeczności z treścią dziennika budowy będącego dokumentem urzędowym w rozumieniu <xLexLink xArt="art. 45;art. 45 ust. 1" xIsapId="WDU19940890414" xTitle="Ustawa z dnia 7 lipca 1994 r. - Prawo budowlane" xAddress="Dz. U. z 1994 r. Nr 89, poz. 414">art. 45 ust. 1 Prawa budowlanego</xLexLink> (brak wpisów potwierdzających zgłoszenie do odbioru robót dotyczących balkonów oraz wpisów potwierdzających dokonanie odbioru przez inspektora nadzoru) oraz w sprzeczności z treścią opinii biegłego oraz pominięcie, że żaden inny dowód nie potwierdza podnoszonych przez nią okoliczności;</xText>
          <xText>- nie dokonanie oceny wiarygodności dowodu w postaci zeznań świadka <xAnon>W. B. (2)</xAnon> zgodnie z zasadami doświadczenia życiowego w sytuacji, gdy świadek, który na budowie pełnił obowiązki inspektora nadzoru inwestorskiego jest osobiście zainteresowany w wykazaniu prawidłowości podejmowanych przez siebie działań i tym samym w uwolnieniu siebie od ewentualnej odpowiedzialności cywilnej bądź zawodowej,</xText>
          <xText>- ustalenie, na podstawie zeznań świadka <xAnon>W. B. (1)</xAnon>, że powódka wiedziała o nieprawidłowym wykonaniu balkonów (wady jawne) w sytuacji gdy z zeznań świadka wynika, że roboty w zakresie balkonów w tym zakresie izolacji były wykonane prawidłowo;</xText>
          <xText>d) <xLexLink xArt="art. 328;art. 328 § 2" xIsapId="WDU19640430296" xTitle="Ustawa z dnia 17 listopada 1964 r. - Kodeks postępowania cywilnego" xAddress="Dz. U. z 1964 r. Nr 43, poz. 296">art. 328 § 2 k.p.c.</xLexLink> w zw. z <xLexLink xArt="art. 284" xIsapId="WDU19640430296" xTitle="Ustawa z dnia 17 listopada 1964 r. - Kodeks postępowania cywilnego" xAddress="Dz. U. z 1964 r. Nr 43, poz. 296">art. 284 k.p.c.</xLexLink>, <xLexLink xArt="art. 236" xIsapId="WDU19640430296" xTitle="Ustawa z dnia 17 listopada 1964 r. - Kodeks postępowania cywilnego" xAddress="Dz. U. z 1964 r. Nr 43, poz. 296">236 k.p.c.</xLexLink> i <xLexLink xArt="art. 233" xIsapId="WDU19640430296" xTitle="Ustawa z dnia 17 listopada 1964 r. - Kodeks postępowania cywilnego" xAddress="Dz. U. z 1964 r. Nr 43, poz. 296">233 k.p.c.</xLexLink> poprzez:</xText>
          <xText>- nie wskazano w treści uzasadnienia, czy sąd dokonał oceny dowodu w postaci dziennika budowy oraz pozostałych) dokumentów złożonych zgodnie z zarządzeniem z dnia 11 marca 2010 r., które znajdują się w aktach sprawy, a pomimo tego sąd dokonanie ustaleń faktycznych z powołaniem się na wpisy w dzienniku budowy:</xText>
          <xText>- w aktach sprawy brak jest postanowienia sądu o dopuszczeniu jakichkolwiek dowodów z dokumentów w tym dowodu z dziennika budowy oraz pozostałych dowodów złożonych zgodnie z zarządzeniem zapadłym na rozprawie w dniu 11 marca 2010 r. i w związku z tym niejasnym jest czy dokumenty ten zostały zaliczone w poczet materiału dowodowego. Pomimo nie wydania postanowienia dowodowego w zakresie dowodów z dokumentów sąd dokonał ustaleń na podstawie dowodów z dokumentów w tym również z dziennika budowy;</xText>
          <xText>- brak możliwości ustalenia, czy opinia biegłego została sporządzona na podstawie dowodów zaliczonych w poczet materiału dowodowego zgromadzonego w sprawie. Zasadnicze ustalenia opinii biegłego opierają na treści dziennika budowy oraz projekcie, które to dowody złożone zostały zgodnie z zarządzeniem z dnia 11 marca 2010 r., a jak wskazano wyżej nie wiadomo czy dokumenty te zostały zaliczone w poczet materiału dowodowego;</xText>
          <xText>Naruszenie przepisów prawa materialnego poprzez:</xText>
          <xUnit xIsTitle="false" xType="none">
            <xName xSffx=")">a</xName>
            <xText>nie zastosowanie <xLexLink xArt="art. 651" xIsapId="WDU19640160093" xTitle="Ustawa z dnia 23 kwietnia 1964 r. - Kodeks cywilny" xAddress="Dz. U. z 1964 r. Nr 16, poz. 93">art. 651 k.c.</xLexLink> a w konsekwencji przyjęcie, że powódka ponosi odpowiedzialność za błędy projektowe w zakresie płyt balkonów, w sytuacji gdy nieprawidłowości projektu balkonów były widoczne dla profesjonalnego wykonawcy, jakim jest pozwana i mogły być wykryte przy dołożeniu należytej staranności przez pozwaną, co jednoznacznie wynika z treści opinii biegłego;</xText>
          </xUnit>
          <xUnit xIsTitle="false" xType="none">
            <xName xSffx=")">b</xName>
            <xText>nie zastosowanie <xLexLink xArt="art. 568;art. 568 § 2" xIsapId="WDU19640160093" xTitle="Ustawa z dnia 23 kwietnia 1964 r. - Kodeks cywilny" xAddress="Dz. U. z 1964 r. Nr 16, poz. 93">art. 568 § 2 k.c.</xLexLink> i przyjęcie, że wady balkonów nie były wadami ukrytymi w sytuacji, gdy:</xText>
          </xUnit>
          <xText>- w świetle opinii biegłego powódka nie była informowana przez pozwaną o sposobie wykonania balkonów i balkony nie były przedmiotem odbiorów częściowych,</xText>
          <xText>- pominięcie, że w okresie rękojmi powódka zgłosiła wady w wykonaniu balkonów (zacieki) a pozwana swoją odpowiedzialność z tego tytułu uznała (6.05.2004, 23.11.2005, 27.04.2006, 9.08.2006, 27.09.2006) przy czym ostatnie uznanie odpowiedzialności za wady balkonów miało miejsce po dniu 19.11.2007 r. tj. w dniu zapłaty przez pozwaną kwoty 5.500 zł tytułem zwolnienia z obowiązku odmalowania balkonów,</xText>
          <xText>- w okresie realizacji robót kierownik budowy zatrudniony przez pozwaną nie zgłaszał do odbioru robót zanikających balkonów, co wskazuje na podstępne zatajenie wady,</xText>
          <xText>- przez okres rękojmi pozwana zapewniała powódkę, że dla usunięcia wad wystarczające jest odmalowanie balkonów co jest działaniem zmierzającym do ukrycia rzeczywistej skali problemu i świadczy o podstępnym zatajeniu wady przez pozwaną;</xText>
          <xText>c) wadliwe zastosowanie <xLexLink xArt="art. 568;art. 568 § 1" xIsapId="WDU19640160093" xTitle="Ustawa z dnia 23 kwietnia 1964 r. - Kodeks cywilny" xAddress="Dz. U. z 1964 r. Nr 16, poz. 93">art. 568 § 1 k.c.</xLexLink> i przyjęcie, że przepis ten stanowi podstawę do uwzględnienia zarzutu przedawnienia roszczeń powódki. Pozwana nie zgłosiła zarzutu przedawnienia, gdyż z treści sprzeciwu wynika, że pozwana w istocie zgłosiła zarzut wygaśnięcia uprawnień z tytułu rękojmi;</xText>
          <xText>d) wadliwe zastosowanie <xLexLink xArt="art. 120;art. 120 § 1" xIsapId="WDU19640160093" xTitle="Ustawa z dnia 23 kwietnia 1964 r. - Kodeks cywilny" xAddress="Dz. U. z 1964 r. Nr 16, poz. 93">art. 120 § 1 k.c.</xLexLink> w sytuacji, gdy sąd nie ustalił daty z jaką rozpoczął się bieg terminu przedawnienia roszczeń odszkodowawczych powódki oraz pominiecie, że roszczenie powódki nie mogło stać się wcześniej wymagalne niż w dacie powzięcia przez powódkę o szkodzie i osobie obowiązanej do jej naprawienia, co miało miejsce dopiero w maju 2009 r.;</xText>
          <xText>e) niezastosowanie <xLexLink xArt="art. 474" xIsapId="WDU19640160093" xTitle="Ustawa z dnia 23 kwietnia 1964 r. - Kodeks cywilny" xAddress="Dz. U. z 1964 r. Nr 16, poz. 93">art. 474 k.c.</xLexLink> w zw. z <xLexLink xArt="art. 22;art. 22 pkt. 3;art. 22 pkt. 7" xIsapId="WDU19940890414" xTitle="Ustawa z dnia 7 lipca 1994 r. - Prawo budowlane" xAddress="Dz. U. z 1994 r. Nr 89, poz. 414">art. 22 pkt 3 i 7 Prawa budowlanego</xLexLink> w efekcie czego przyjęcie, że to powódka ponosi odpowiedzialność za wady balkonów w sytuacji, gdy to kierownik budowy nieprawidłowo wywiązał się z ciążących na nim obowiązków - wykonał balkony niezgodnie z zasadami wiedzy technicznej jak również nie zgłaszał inwestorowi (powódce) do sprawdzenia lub odbioru robót zanikających lub ulegających zakryciu w zakresie wykonania izolacji balkonów;</xText>
          <xText>f) niezastosowanie <xLexLink xArt="art. 5" xIsapId="WDU19640160093" xTitle="Ustawa z dnia 23 kwietnia 1964 r. - Kodeks cywilny" xAddress="Dz. U. z 1964 r. Nr 16, poz. 93">art. 5 k.c.</xLexLink> w stosunku do zgłoszonego przez pozwaną zarzutu przedawnienia dla oceny ewentualnej (<xLexLink xArt="art. 5 pkt. 2;art. 5 pkt. 2 lit. c;art. 5 pkt. 2 lit. d" xIsapId="WDU19640160093" xTitle="Ustawa z dnia 23 kwietnia 1964 r. - Kodeks cywilny" xAddress="Dz. U. z 1964 r. Nr 16, poz. 93">pkt II lit c i d</xLexLink> powyżej) bezczynności powódki w dochodzeniu roszczeń, w sytuacji gdy pozwana uznawała swoją odpowiedzialność za wady balkonów - zapewniała, że wady usunie, oraz zapewniała powódkę, że do usunięcia wad wystarczające jest przemalowanie balkonów.</xText>
          <xText>Powódka wniosła o zmianę zaskarżonego wyroku i zasądzenie od pozwanej kwoty 210.514,97 zł wraz z ustawowymi odsetkami od dnia 7 stycznia 2009 r. oraz zasądzenie kosztów postępowania ewentualnie uchylenie zaskarżonego wyroku i przekazanie sprawy sądowi pierwszej instancji do ponownego rozpatrzenia.</xText>
          
          <xText>
            <xBx>Sąd Apelacyjny zważył, co następuje:</xBx>
          </xText>
          <xText>
            <xBx> Apelacja powoda nie zasługuje na uwzględnienie.</xBx>
          </xText>
          <xText>Uwzględnienie powództwa w oparciu o przepisy <xLexLink xArt="" xIsapId="WDU19640160093" xTitle="Ustawa z dnia 23 kwietnia 1964 r. - Kodeks cywilny" xAddress="Dz. U. z 1964 r. Nr 16, poz. 93">kodeksu cywilnego</xLexLink> dotyczące rękojmi za wady nie było możliwe. Roszczenia te bowiem wygasły wobec zrzeczenia się przez powoda pismem z dnia 19 listopada 2007 r. „roszczeń z tytułu nie usunięcia przez <xAnon> Spółdzielnię (...)</xAnon> usterek ujętych w Protokole z dnia 23 listopada 2005 r. w sprawie komisyjnego przeglądu części wspólnych”. Brak jest podstaw do uznania, że oświadczeniem zawartym w piśmie z dnia 20 listopada 2008 r. powód skutecznie uchylił się od skutków prawnych powyższego oświadczenia woli jako złożonego pod wpływem błędu ponieważ błąd nie dotyczył treści czynności prawnej (<xLexLink xArt="art. 84;art. 84 § 1" xIsapId="WDU19640160093" xTitle="Ustawa z dnia 23 kwietnia 1964 r. - Kodeks cywilny" xAddress="Dz. U. z 1964 r. Nr 16, poz. 93">art. 84 § 1 k.c.</xLexLink>) lecz dotyczył charakteru usterek, ich przyczyn, zakresu koniecznych napraw oraz kosztów w celu usunięcia. W sprawie brak jest podstaw do twierdzenia, że w powyższym zakresie powód wprowadzony został przez pozwanego w błąd w sposób podstępny, co uniemożliwia zastosowanie w sprawie przepisu <xLexLink xArt="art. 86" xIsapId="WDU19640160093" xTitle="Ustawa z dnia 23 kwietnia 1964 r. - Kodeks cywilny" xAddress="Dz. U. z 1964 r. Nr 16, poz. 93">art. 86 k.c.</xLexLink> Powyższego nie uzasadniają same tylko twierdzenia pozwanej, nie poparte przy tym dowodami, iż powód został zapewniony, że dla usuniecie usterki wystarczające jest jedynie dokonanie malowania.</xText>
          <xText>Niezależnie od powyższego należy wskazać, iż nawet gdyby powód nie zrzekł się uprawnienia z tytułu rękojmi to i tak wygasłyby one wobec upływu terminu z <xLexLink xArt="art. 568;art. 568 § 1" xIsapId="WDU19640160093" xTitle="Ustawa z dnia 23 kwietnia 1964 r. - Kodeks cywilny" xAddress="Dz. U. z 1964 r. Nr 16, poz. 93">art. 568 § 1 k.c.</xLexLink> Z żądaniem obniżenia ceny powód wystąpił bowiem po upływie trzech lat od wydania budynku, który to termin należało liczyć od dnia 30 kwietnia 2003 r.</xText>
          <xText>W sprawie nieuzasadnione jest twierdzenie, że pozwany wady balkonów podstępnie zataił. Dla przyjęcia powyższego nie wystarcza sama tylko wiedza pozwanego o wadzie i niepoinformowanie o niej powoda. Działania pozwanego, które mogłyby uzasadniać twierdzenie o podstępnym zatajeniu wady nie zostały przedstawione.</xText>
          <xText>Wbrew jednak stanowisku Sądu Okresowego wyrażonym w uzasadnieniu zaskarżonego wyroku wady te, w ocenie Sądu Apelacyjnego, nie miały charakteru wad jawnych lecz ukrytych jako że dotyczyły robót ulegających zakryciu. W tym zakresie twierdzenia apelacji uznać należy za uzasadnione.</xText>
          <xText>Również żądanie zasądzenia odszkodowania wynikającego z nieprawidłowego wykonania przez pozwanego zobowiązania w oparciu o przepis <xLexLink xArt="art. 471" xIsapId="WDU19640160093" xTitle="Ustawa z dnia 23 kwietnia 1964 r. - Kodeks cywilny" xAddress="Dz. U. z 1964 r. Nr 16, poz. 93">art. 471 k.c.</xLexLink> nie zasługiwało na uwzględnienie z uwagi na zasadność podnoszonego przez pozwanego zarzutu przedawnienia. Użyte w sprzeciwie od nakazu zapłaty stwierdzenie dotyczące przedawnienia odnosi się do całości roszczenia powódki a nie jedynie do roszczeń z tytułu rękojmi. Podniesienie tego zarzutu bezpośrednio po wywodach dotyczących rękojmi nie oznacza, że zarzut ten odnosi się wyłącznie wygaśnięcia uprawnień z tytułu rękojmi. Wyrażana przez pozwanego gotowość usunięcia wad balkonów nie może być przy tym traktowana jako uznanie niewłaściwe skutkujące przerwaniem biegu przedawnienia. Pozwany wyrażał bowiem jedynie gotowość usunięcia wad nie zaś gotowość zapłaty odszkodowania z tytułu nienależytego wykonania zobowiązania.</xText>
          <xText>Brak podstaw do kwalifikowania podniesionego przez pozwanego zarzutu przedawnienia jako nadużycia prawa w sytuacji, gdy powód w istocie przez okres wielu lat (usterki balkonów wykryto 6 maja 2004 r.) pozostawał bezczynny poprzestając na zapewnieniach pozwanego, że ten usunie wady. Roszczenie odszkodowawcze przedawniło się zatem z upływem 6 maja 2007 r. Pozew wniesiony został natomiast w sierpniu 2009 r.</xText>
          <xText>Nie jest uzasadnione twierdzenie apelacji, iż termin przedawnienia należy liczyć dopiero od maja 2009 r. Powód o zaciekach na balkonach powziął wiadomość w maju 2004 r. Zaniechał przy tym działań mających na celu ustalenie przyczyny zacieków oraz kosztu ich usunięcia. Z roszczeniami o obniżenie ceny i odszkodowanie wystąpił dopiero w 2009 r. przy czym sformułował je w wezwaniu do zapłaty z 23 grudnia 2008 r. (k.123-124 akt).</xText>
          <xText>Podniesione w apelacji zarzuty naruszenia prawa procesowego oraz <xLexLink xArt="art. 651" xIsapId="WDU19640160093" xTitle="Ustawa z dnia 23 kwietnia 1964 r. - Kodeks cywilny" xAddress="Dz. U. z 1964 r. Nr 16, poz. 93">art. 651 k.c.</xLexLink>, <xLexLink xArt="art. 474" xIsapId="WDU19640160093" xTitle="Ustawa z dnia 23 kwietnia 1964 r. - Kodeks cywilny" xAddress="Dz. U. z 1964 r. Nr 16, poz. 93">474 k.c.</xLexLink> i <xLexLink xArt="art. 22;art. 22 pkt. 3;art. 22 pkt. 7" xIsapId="WDU19940890414" xTitle="Ustawa z dnia 7 lipca 1994 r. - Prawo budowlane" xAddress="Dz. U. z 1994 r. Nr 89, poz. 414">22 pkt 3 i 7 Prawa budowlanego</xLexLink> nie miały zatem znaczenia dla rozstrzygnięcia stąd nie zachodzi potrzeba odnoszenia się do nich.</xText>
          <xText>
            <xBx>Z powyższych względów Sąd Apelacyjny, działając na zasadzie <xLexLink xArt="art. 385" xIsapId="WDU19640430296" xTitle="Ustawa z dnia 17 listopada 1964 r. - Kodeks postępowania cywilnego" xAddress="Dz. U. z 1964 r. Nr 43, poz. 296">art. 385 k.p.c.</xLexLink>, uznając, że wniesiona apelacja nie zawiera uzasadnionych podstaw a zaskarżony wyrok, pomimo częściowo błędnego uzasadnienia odpowiada prawu, orzekł jak w sentencji wyroku.</xBx>
          </xText>
          <xText>O kosztach postępowania za instancję odwoławczą orzeczono po myśli <xLexLink xArt="art. 98;art. 98 § 1" xIsapId="WDU19640430296" xTitle="Ustawa z dnia 17 listopada 1964 r. - Kodeks postępowania cywilnego" xAddress="Dz. U. z 1964 r. Nr 43, poz. 296">art. 98 § 1 k.p.c.</xLexLink> 99 <xLexLink xArt="" xIsapId="WDU19640430296" xTitle="Ustawa z dnia 17 listopada 1964 r. - Kodeks postępowania cywilnego" xAddress="Dz. U. z 1964 r. Nr 43, poz. 296">k.p.c.</xLexLink> w zw. z <xLexLink xArt="art. 108;art. 108 § 1" xIsapId="WDU19640430296" xTitle="Ustawa z dnia 17 listopada 1964 r. - Kodeks postępowania cywilnego" xAddress="Dz. U. z 1964 r. Nr 43, poz. 296">art. 108 § 1 k.p.c.</xLexLink> w zw. z <xLexLink xArt="§ 6;§ 6 pkt. 7;§ 12;§ 12 ust. 1;§ 12 ust. 1 pkt. 2" xIsapId="WDU20021631349" xTitle="Rozporządzenie Ministra Sprawiedliwości z dnia 28 września 2002 r. w sprawie opłat za czynności radców prawnych oraz ponoszenia przez Skarb Państwa kosztów pomocy prawnej udzielonej przez radcę prawnego ustanowionego z urzędu" xAddress="Dz. U. z 2002 r. Nr 163, poz. 1349">§ 6 pkt 7, § 12 ust. 1 pkt 2 rozporządzenia Ministra Sprawiedliwości z dnia 28 września 2002 r. w sprawie opłat za czynności radców prawnych oraz ponoszenia przez Skarb Państwa kosztów pomocy prawnej udzielonej przez radcę prawnego ustanowionego z urzędu</xLexLink> (Dz. U. z 2002 r. Nr 163, poz. 1349 ze zm.).</xText>
          
          <xText>bk</xText>
        </xUnit>
      </xBlock>
    </xPart>
  </judgement>
<judgement id="154505000005127_XVII_AmE_000076_2012_Uz_2013-10-22_001">
    <xPart xEditorFullName="Anna Dżuła" xYear="2012" xLang="PL" xPublisherFullName="Anna Dżuła" xFromPg="1" xEditor="adzula" xVolType="15/450500/0005127/AmE" xPublisher="adzula" xDocType="Uz" xVolNmbr="000076" xVersion="1.0" xToPage="1" xFlag="published">
      <xName>Wyrok</xName>
      <xBlock>
        <xText>Sygn. akt: <xBx>XVII AmE 76/12</xBx></xText>
        <xUnit xIsTitle="true" xBold="true" xType="part">
          <xName>WYROK</xName>
          <xTitle>W IMIENIU RZECZYPOSPOLITEJ POLSKIEJ</xTitle>
          <xText>Dnia 22 października 2013 r.</xText>
          <xText>Sąd Okręgowy w Warszawie - Sąd Ochrony Konkurencji i Konsumentów w składzie:</xText>
          <xText>Przewodniczący: <xBx>SSO Ewa Malinowska</xBx></xText>
          <xText>Protokolant: protokolant sądowy – stażysta Piotr Hołyś</xText>
          <xText>po rozpoznaniu w dniu 22 października 2013 roku w Warszawie na rozprawie</xText>
          <xText>sprawy z powództwa <xBx><xAnon>R. O.</xAnon></xBx></xText>
          <xText>przeciwko <xBx>Prezesowi Urzędu Regulacji Energetyki</xBx></xText>
          <xText>z udziałem <xBx><xAnon>(...) spółki z ograniczoną odpowiedzialnością</xAnon>Oddział<xAnon>(...)</xAnon>w <xAnon>B.</xAnon></xBx></xText>
          <xText>o <xBx>nałożenie kary pieniężnej</xBx></xText>
          <xText>na skutek odwołania powoda od decyzji Prezesa Urzędu Regulacji Energetyki z dnia 30 grudnia 2011 roku nr <xAnon>(...)</xAnon></xText>
          
          <xUnit xIsTitle="false" xType="none">
            <xName xSffx=".">I</xName>
            <xText>oddala odwołanie;</xText>
          </xUnit>
          <xUnit xIsTitle="false" xType="none">
            <xName xSffx=".">II</xName>
            <xText>zasądza od <xAnon>R. O.</xAnon> na rzecz Prezesa Urzędu Regulacji Energetyki kwotę 360 zł (trzysta sześćdziesiąt złotych) tytułem zwrotu kosztów zastępstwa procesowego.</xText>
          </xUnit>
          <xText>SSO Ewa Malinowska</xText>
        </xUnit>
      </xBlock>
    </xPart>
  </judgement>
<judgement id="155025500005021_X_U_000494_2013_Uz_2013-11-05_001">
    <xPart xEditorFullName="Renata Wesołowska" xYear="2013" xLang="PL" xPublisherFullName="Barbara Syndonin" xFromPg="1" xEditor="rwesolowska" xVolType="15/502550/0005021/U" xPublisher="bsyndonin" xDocType="Uz" xVolNmbr="000494" xVersion="1.0" xToPage="2" xFlag="published">
      <xName>Wyrok+Uzasadnienie</xName>
      <xBlock>
        <xText>Sygn. akt: XU-494/13</xText>
        <xUnit xIsTitle="true" xType="part" xBold="true">
          <xName>WYROK</xName>
          <xTitle>W IMIENIU RZECZYPOSPOLITEJ POLSKIEJ</xTitle>
          <xText xALIGNx="right">Dnia 22 października 2013r.</xText>
          
          <xText>Sąd Rejonowy dla Wrocławia-Śródmieścia X Wydział Pracy i Ubezpieczeń Społecznych we <xAnon>W.</xAnon></xText>
          <xText>w składzie:</xText>
          
          <xText>
            <xBx> Przewodniczący: SSR Barbara Bonczar</xBx>
          </xText>
          <xText>Protokolant: Grażyna Mazurkiewicz</xText>
          
          <xText>po rozpoznaniu na posiedzeniu jawnym w dniu 22 października 2013r. we <xAnon>W.</xAnon></xText>
          <xText>sprawy z odwołania <xBx><xAnon>A. Ż.</xAnon></xBx></xText>
          <xText>od decyzji Zakładu Ubezpieczeń Społecznych Oddział we <xAnon>W.</xAnon></xText>
          <xText>z dnia 19 czerwca 2013r. znak: <xAnon>(...)</xAnon></xText>
          <xText>w sprawie <xBx><xAnon>A. Ż.</xAnon></xBx></xText>
          <xText>przeciwko Zakładowi Ubezpieczeń Społecznych Oddział we <xAnon>W.</xAnon></xText>
          <xText>o <xBx>zasiłek pogrzebowy</xBx></xText>
          <xText>zmienia zaskarżoną decyzję Zakładu Ubezpieczeń Społecznych Oddział we <xAnon>W.</xAnon> i przyznaje wnioskodawcy <xAnon>A. Ż.</xAnon> prawo do zasiłku pogrzebowego po zmarłym w dniu 11 listopada 2012r. <xAnon>Z. S.</xAnon>.</xText>
          
          <xText>
            <xBx>Sygn. akt X U 494/13</xBx>
          </xText>
        </xUnit>
        <xUnit xIsTitle="true" xType="part" xBold="true">
          <xName>UZASADNIENIE</xName>
          <xText>Wnioskodawca <xAnon>A. Ż.</xAnon> wniósł odwołanie od decyzji Zakładu Ubezpieczeń Społecznych Oddział we <xAnon>W.</xAnon> z dnia 19 czerwca 2013r. odmawiającej przyznania prawa do zasiłku pogrzebowego po zmarłym w dniu 11 listopada 2012r. dziadku <xAnon>Z. S.</xAnon>. Zdaniem strony pozwanej zasiłek pogrzebowy nie przysługuje, gdyż dziadek nie jest członkiem rodziny wymienionym w <xLexLink xArt="art. 67" xIsapId="WDU19981621118" xTitle="Ustawa z dnia 17 grudnia 1998 r. o emeryturach i rentach z Funduszu Ubezpieczeń Społecznych" xAddress="Dz. U. z 1998 r. Nr 162, poz. 1118">art.67 ustawy z dnia 17 grudnia 1998r. o emeryturach i rentach z Funduszu Ubezpieczeń Społecznych</xLexLink> – Dz.U. z 2009r. Nr 153, poz.1227 ze zm. W uzasadnieniu odwołania wnioskodawca podniósł, że strona pozwana dokonała błędnej analizy art.67 i 77 cyt. ustawy, gdyż wnuk jest wymieniony w tym przepisie i w przypadku śmierci członka jego rodziny przysługuje mu zasiłek pogrzebowy.</xText>
          <xText>Strona pozwana w odpowiedzi na złożone odwołanie wniosła o jego oddalenie, gdyż zgodnie z <xLexLink xArt="art. 67" xIsapId="WDU19981621118" xTitle="Ustawa z dnia 17 grudnia 1998 r. o emeryturach i rentach z Funduszu Ubezpieczeń Społecznych" xAddress="Dz. U. z 1998 r. Nr 162, poz. 1118">art.67 ustawy z dnia 17 grudnia 1998r. o emeryturach i rentach z Funduszu Ubezpieczeń Społecznych</xLexLink> – dziadek nie jest członkiem rodziny wymienionym w tym przepisie.</xText>
          
          <xText>
            <xBx>Sąd Rejonowy ustalił następujący stan faktyczny:</xBx>
          </xText>
          
          <xText>Zmarły w dniu 11 listopada 2012r. <xAnon>Z. S.</xAnon> nie był osobą ubezpieczoną, nie otrzymywał świadczenia emerytalno – rentowego. Źródłem jego utrzymania był zasiłek z Miejskiego Ośrodka Pomocy Społecznej. Z wnioskiem o wypłatę zasiłku pogrzebowego po zmarłym wystąpił do strony pozwanej wnioskodawca <xAnon>A. Ż.</xAnon>, który jest wnukiem zmarłego. Do wniosku dołączył rachunki na pokrycie kosztów pogrzebu oraz oświadczenie, że pokrył całkowity jego koszt. Wnioskodawca jest osoba pozostającą w zatrudnieniu od dnia 06 lipca 2012r. i z tego tytułu podlega ubezpieczeniu społecznemu.</xText>
          
          <xText>Dowód: 1) akta zasiłkowe strony pozwanej,</xText>
          <xText>2) zeznania świadka <xAnon>I. S.</xAnon> – akta k. 9.</xText>
          <xText>3) przesłuchanie wnioskodawcy – akta k. 10.</xText>
          
          <xText>
            <xBx>Sąd zważył, co następuje:</xBx>
          </xText>
          
          <xText>Odwołanie wnioskodawcy zasługuje na uwzględnienie.</xText>
          <xText>W pierwszej kolejność należy wskazać, że oceniając zebrany w sprawie materiał dowodowy Sąd dał wiarę w całości przedstawionym w sprawie dowodom z dokumentów, jako że żadna ze stron w toku postępowania nie podważyła skutecznie ich autentyczności i wiarygodności.</xText>
          <xText>Zasiłek pogrzebowy jest jednorazowym świadczeniem przysługującym w razie śmierci osób wymienionych w ustawie o emeryturach i rentach i związaną z tym koniecznością urządzenia pogrzebu. Ideą przyświecającą ustawodawcy przy tworzeniu instytucji zasiłku pogrzebowego było zrekompensowanie kosztów pogrzebu osobom lub instytucjom, które je poniosły</xText>
          <xText>Zgodnie z <xLexLink xArt="art. 77;art. 77 ust. 1;art. 77 ust. 1 pkt. 4" xIsapId="WDU19981621118" xTitle="Ustawa z dnia 17 grudnia 1998 r. o emeryturach i rentach z Funduszu Ubezpieczeń Społecznych" xAddress="Dz. U. z 1998 r. Nr 162, poz. 1118">art.77 ust. 1 pkt.4 ustawy z 17 grudnia 1998r. o emeryturach i rentach z Funduszu Ubezpieczeń Społecznych</xLexLink> – Dz. U. z 2009r. Nr 153,poz.1227 ze zm. zasiłek pogrzebowy przysługuje w razie śmierci:</xText>
          <xText>1) ubezpieczonego.</xText>
          <xText>2) osoby pobierającej emeryturę lub rentę.</xText>
          <xText>3) osoby, która w dniu śmierci nie miała ustalonego prawa do emerytury lub renty, lecz spełniała warunki do jej uzyskania i pobierania.</xText>
          <xText>4) członka rodziny osoby wymienionej w pkt 1 i 2.</xText>
          <xText>Pojecie członków rodziny konkretyzuje art.77 ust. 2. Członkami rodziny zgodnie z art. 67 cyt. ustawy są:</xText>
          <xText>1) dzieci własne, dzieci drugiego małżonka oraz dzieci przysposobione.</xText>
          <xText>2) inne dzieci, w tym w ramach rodziny zastępczej.</xText>
          <xText>3) wnuki i rodzeństwo.</xText>
          <xText>4) rodzice w tym ojczym, macocha oraz osoby przysposabiające.</xText>
          <xText>Z literalnego brzmienia cyt. art.67 wynika, że wnuki zostały wymienione jako członkowie rodziny, którzy mogą ubiegać się o prawo do zasiłku pogrzebowego w przypadku zgonu osoby wymienionej w art.77. Z brzmienia cyt. przepisu wynika, że wolą ustawodawcy było pokrycie kosztów pogrzeby osób, które pozostawały ze sobą w stosunku pokrewieństwa lub powinowactwa. Niewątpliwie wnuk i dziadek pozostają ze sobą w stosunku pokrewieństwa.</xText>
          <xText>Zasiłek pogrzebowy jest jednorazowym świadczeniem przysługującym w razie ziszczenia się ryzyka śmierci i związanej z nią konieczności urządzenia zwyczajowo przyjętych w danej kulturze obrzędów. Wnioskodawca pokrył koszty pogrzebu swego dziadka i niewątpliwie ma prawo do zasiłku pogrzebowego po zmarłym w dniu 11 listopada 2012r. <xAnon>Z. S.</xAnon>.</xText>
          <xText>Dlatego też na podstawie <xLexLink xArt="art. 477(14);art. 477(14) § 2" xIsapId="WDU19640430296" xTitle="Ustawa z dnia 17 listopada 1964 r. - Kodeks postępowania cywilnego" xAddress="Dz. U. z 1964 r. Nr 43, poz. 296">art. 477<xSUPx>14 </xSUPx>§ 2 Kpc</xLexLink> Sąd orzekł jak w sentencji.</xText>
          
          <xText>.</xText>
        </xUnit>
      </xBlock>
    </xPart>
  </judgement>
<judgement id="150525000001521_III_U_000833_2013_Uz_2013-10-23_001">
    <xPart xEditorFullName="Małgorzata Stępek" xYear="2013" xLang="PL" xPublisherFullName="Małgorzata Stępek" xFromPg="1" xEditor="m.stepek" xVolType="15/052500/0001521/U" xPublisher="m.stepek" xDocType="Uz" xVolNmbr="000833" xVersion="1.0" xToPage="4" xFlag="published">
      <xName>Wyrok+Uzasadnienie</xName>
      <xBlock>
        <xText>Sygn. akt III U 833/13</xText>
        
        <xUnit xIsTitle="true" xType="part" xBold="true">
          <xName>WYROK</xName>
          <xTitle>W IMIENIU RZECZYPOSPOLITEJ POLSKIEJ</xTitle>
          <xText xALIGNx="right">Dnia 23 października 2013r.</xText>
          
          <xText>Sąd Okręgowy Sąd Pracy i Ubezpieczeń Społecznych w Ostrołęce Wydział III</xText>
          <xText>w składzie:</xText>
          
          <xText><xBx>Przewodnicząca:</xBx> SSO Bożena Bielska</xText>
          <xText><xBx>Protokolant:</xBx> sekr. sądowy Ewelina Asztemborska</xText>
          <xText><xBx>po rozpoznaniu na rozprawie</xBx> w dniu 23 października 2013r. w <xAnon>O.</xAnon></xText>
          <xText>
            <xBx>sprawy z odwołania</xBx>
            <xAnon>J. G.</xAnon>
          </xText>
          <xText><xBx>przeciwko</xBx> Zakładowi Ubezpieczeń Społecznych Oddziałowi w <xAnon>P.</xAnon></xText>
          <xText>o wyrównanie emerytury</xText>
          <xText>
            <xBx>na skutek odwołania</xBx>
            <xAnon>J. G.</xAnon>
          </xText>
          <xText><xBx>od decyzji</xBx> Zakładu Ubezpieczeń Społecznych Oddziału w <xAnon>P.</xAnon></xText>
          <xText><xBx>z dnia</xBx> 8 kwietnia 2013  r. <xBx>nr</xBx><xAnon> (...)</xAnon></xText>
          
          <xText xALIGNx="center">
            <xBx>orzeka:</xBx>
          </xText>
          
          <xUnit xIsTitle="false" xType="none">
            <xName xSffx=".">1</xName>
            <xText>zmienia zaskarżoną decyzję i decyzję Zakładu Ubezpieczeń Społecznych Odział w <xAnon>B.</xAnon> z dnia 16 września 2011 roku znak: E/6/001003812 w części, w jakiej decyzja ta zawiesza wypłatę emerytury za okres od 01 października 2011 roku do dnia 21 listopada 2012 roku i stwierdza, że <xAnon>J. G.</xAnon> ma prawo do wypłaty emerytury za okres od dnia 01 października 2011 roku do dnia 21 listopada 2012 roku,</xText>
          </xUnit>
          <xUnit xIsTitle="false" xType="none">
            <xName xSffx=".">2</xName>
            <xText>wniosek o wypłatę odsetek przekazuje do rozpoznania Zakładowi Ubezpieczeń Społecznych Oddziałowi w <xAnon>P.</xAnon>.</xText>
          </xUnit>
        </xUnit>
        <xUnit xIsTitle="true" xType="part" xBold="true">
          <xName>UZASADNIENIE</xName>
          <xText>W piśmie z dnia 11.05.2013r. <xAnon>J. G.</xAnon> wniosła odwołanie od decyzji ZUS z dnia 8.04.2013r., którą to decyzją ZUS odmówił uchylenia swojej decyzji z dnia 16.09.2011r., w części w jakiej decyzja ta zawiesza prawo do emerytury za okres od dnia 01.10.2011r. do dnia 21.11.2012r.</xText>
          <xText>Odwołująca podniosła, że wstrzymanie wypłaty emerytury jest niezgodne z <xLexLink xArt="" xIsapId="WDU19970780483" xTitle="Konstytucja Rzeczypospolitej Polskiej z dnia 2 kwietnia 1997 r." xAddress="Dz. U. z 1997 r. Nr 78, poz. 483">Konstytucją</xLexLink> i orzeczeniem Trybunału Konstytucyjnego z dnia 13 listopada 2012r. w sprawie sygn. akt K 2/12.</xText>
          <xText>Nadto wniosła o nakazanie organowi rentowemu wypłaty zaległej emerytury od dnia 01.10.2011r. do dnia 21.11.2012r. wraz z ustawowymi odsetkami od każdej zaległej miesięcznej raty.</xText>
          <xText>W odpowiedzi na odwołanie ZUS wniósł o jego oddalenie wskazując, że o ustaniu przyczyny zawieszenia świadczenia emerytalnego odwołującej decyduje data opublikowania wyroku Trybunału Konstytucyjnego oraz data złożenia wniosku o podjęcie wypłaty świadczenia. Ponieważ wyrok Trybunału Konstytucyjnego z dnia 13.11.2012r. został opublikowany w Dzienniku Ustaw z dnia 22.11.2012r., a Trybunał nie wskazał ani w wyroku, ani w jego uzasadnieniu innej daty utraty mocy prawnej <xLexLink xArt="art. 28" xIsapId="WDU20102571726" xTitle="Ustawa z dnia 16 grudnia 2010 r. o zmianie ustawy o finansach publicznych oraz niektórych innych ustaw" xAddress="Dz. U. z 2010 r. Nr 257, poz. 1726">art. 28 ustawy z dnia 16 grudnia 2010r. o zmianie ustawy o finansach publicznych oraz niektórych innych ustaw w związku z art. 103a ustawy o emeryturach i rentach</xLexLink> z FUS, przepisy te z dniem 22.11.2012r. utraciły moc obowiązującą w stosunku do osób, które nabyły prawo do emerytury przed 1 stycznia 2011r.</xText>
          <xText>
            <xBx>Sąd ustalił, co następuje: </xBx>
          </xText>
          <xText>Decyzją z dnia 18.03.2009r. <xAnon>J. G.</xAnon> przyznano prawo do emerytury od dnia 1.03.2009r. Na dzień przyznania odwołująca pozostawała w zatrudnieniu.</xText>
          <xText>W związku ze zmianą przepisów emerytalnych, ZUS decyzją z dnia 16.09.2011r., począwszy od dnia 01.10.2011r. wstrzymał wypłatę jej emerytury, ponieważ ubezpieczona kontynuowała zatrudnienie u pracodawcy, u którego pracowała przed dniem nabycia prawa do emerytury.</xText>
          <xText>W dniu 28.11.2012r. odwołująca złożyła wniosek o wznowienie wypłaty zawieszonych świadczeń emerytalnych począwszy od 01.10.2011r. W uzasadnieniu powołała się na treść wyroku Trybunału Konstytucyjnego z 13.11.2012r. wydany w sprawie sygn. akt K 2/12.</xText>
          <xText>Po rozpoznaniu tego wniosku decyzją z dnia 31.12.2012r. ZUS podjął odwołującej wypłatę emerytury od dnia 22.11.2012r. Następnie zaskarżoną decyzją z dnia 8.04.2013r. odmówił uchylenia decyzji z dnia 16.09.2011r. w części, w jakiej decyzja ta dotyczy zawieszenia prawa do emerytury za okres od dnia 01.10.2011r. do dnia 21.11.2012r. Zdaniem organu rentowego dopiero z chwilą wejścia w życie wyroku Trybunału Konstytucyjnego z dnia 13.11.2012r. tj. od dnia 22.11.2012r. (dnia publikacji w Dzienniku Ustaw) możliwa jest wypłata należnej emerytury dla odwołującej.</xText>
          <xText>
            <xBx> Sąd Okręgowy zważył, co następuje: </xBx>
          </xText>
          <xText>Wyrokiem z dnia 13.11.2012r. Trybunał Konstytucyjny w sprawie o sygn. akt K 2/12 orzekł, iż <xLexLink xArt="art. 28" xIsapId="WDU20102571726" xTitle="Ustawa z dnia 16 grudnia 2010 r. o zmianie ustawy o finansach publicznych oraz niektórych innych ustaw" xAddress="Dz. U. z 2010 r. Nr 257, poz. 1726">art. 28 ustawy z dnia 16 grudnia 2010r. o zmianie ustawy o finansach publicznych oraz niektórych innych ustaw w związku z art. 103a ustawy o emeryturach i rentach</xLexLink> z FUS, dodanym przez <xLexLink xArt="art. 6;art. 6 pkt. 2" xIsapId="WDU20102571726" xTitle="Ustawa z dnia 16 grudnia 2010 r. o zmianie ustawy o finansach publicznych oraz niektórych innych ustaw" xAddress="Dz. U. z 2010 r. Nr 257, poz. 1726">art. 6 pkt 2 ustawy z dnia 16 grudnia 2010r.</xLexLink>, w zakresie, w jakim znajduje zastosowanie do osób, które nabyły prawo do emerytury przed 1 stycznia 2011r., bez konieczności rozwiązania stosunku pracy, jest niezgodny z zasadą ochrony zaufania obywatela do państwa i stanowionego przez nie prawa wynikającą z <xLexLink xArt="art. 2" xIsapId="WDU19970780483" xTitle="Konstytucja Rzeczypospolitej Polskiej z dnia 2 kwietnia 1997 r." xAddress="Dz. U. z 1997 r. Nr 78, poz. 483">art. 2 Konstytucji Rzeczypospolitej Polskiej</xLexLink>.</xText>
          <xText>Wprawdzie treść sentencji wyroku Trybunału Konstytucyjnego mogłaby nasuwać wniosek, że dotyczy wszystkich osób, które uzyskały prawo do emerytury przed dniem 01.01.2011r., jednakże z uzasadnienia tego wyroku w sposób jednoznaczny wynika, że Trybunał Konstytucyjny uznał, że art.103a w/w ustawy jest niekonstytucyjny w stosunku do osób, które uzyskały prawo do emerytury w przedziale czasowym od dnia 08.01.2009r. do dnia 31.12.2010r.</xText>
          <xText>Do grona tych osób należy odwołująca. W świetle powyższego wyroku odwołanie od zaskarżonej decyzji jest zasadne.</xText>
          <xText>Trybunał Konstytucyjny w w/w orzeczeniu wywodził bowiem, że osoby, które uzyskały prawo do emerytury w powołanym okresie od dnia 08.01.2009r. do dnia 31.12.2010r. podejmowały decyzję o przejściu na emeryturę w stanie prawnym, który nie nakazywał rozwiązania stosunku pracy z dotychczasowym pracodawcą, aby emerytura mogła być wypłacana. Wobec powyższego działając w zaufaniu do państwa i stanowionego przez nie prawa, ubezpieczeni ci podjęli decyzję co do przejścia na emeryturę. Trybunał Konstytucyjny argumentował, że gdyby wiedzieli oni, że nastąpi zmiana stanu prawnego, uzależniająca realizację prawa do świadczenia emerytalnego od uprzedniego rozwiązania stosunku pracy, ich decyzja mogła być inna, bo z perspektywy dokonanej nowelizacji ustawy o emeryturach i rentach z FUS i objęcia nią także tych osób, okazała się dla nich niekorzystna.</xText>
          <xText>Bezspornym w przedmiotowej sprawie jest, że odwołująca nabyła prawo do emerytury bez konieczności rozwiązywania stosunku pracy. Poza sporem pozostawało też, że wniosek o wznowienie postępowania w sprawie zawieszenia wypłaty świadczeń złożyła w ustawowym, określonym w <xLexLink xArt="art. 145 a;art. 145 a § 2" xIsapId="WDU19600300168" xTitle="Ustawa z dnia 14 czerwca 1960 r. - Kodeks postępowania administracyjnego" xAddress="Dz. U. z 1960 r. Nr 30, poz. 168">art. 145a § 2 kpa</xLexLink>, terminie jednego miesiąca od dnia wejścia w życie orzeczenia Trybunału Konstytucyjnego.</xText>
          <xText>Kwestią sporną pozostawało jedynie określenie skutków prawnych pod względem czasowym wyroku Trybunału Konstytucyjnego z dnia 13.11.2012r.</xText>
          <xText>Sąd Okręgowy uznał, że przedmiotowe orzeczenie Trybunału Konstytucyjnego wywołuje skutek ex tunc, tj. ma skutek wsteczny, czyli usuwa zakwestionowaną normę prawną od chwili jej wejścia w życie. Wskazać w tym miejscu należy, że w orzecznictwie Sądu Najwyższego przeważa pogląd o skuteczności ex tunc wyroków Trybunału Konstytucyjnego. W postanowieniu z dnia 09.08.2012r., wydanym w sprawie V CSK 402/11, LEX 1226776 Sąd Najwyższy wyjaśnił, że w odniesieniu do orzeczeń Trybunału Konstytucyjnego, wchodzących w życie z dniem ogłoszenia, wypracowano generalnie jednolite stanowisko, zgodnie z którym skutki takich orzeczeń rozciągają się co do zasady wstecz, do chwili wydania tego aktu lub do chwili wejścia w życie <xLexLink xArt="" xIsapId="WDU19970780483" xTitle="Konstytucja Rzeczypospolitej Polskiej z dnia 2 kwietnia 1997 r." xAddress="Dz. U. z 1997 r. Nr 78, poz. 483">Konstytucji</xLexLink>, jeżeli niekonstytucyjny akt prawny wydany został przed tą datą (vide np. uchwała Sądu Najwyższego z 03.07.2003r., III CZP 45/03, OSNC 2004, nr 9, poz. 136, wyrok SN z 18.04.2002r., IIIRN 4/01, OSNP 2003, nr 2, poz. 25). Wsteczne działanie orzeczenia Trybunału Konstytucyjnego obejmować może również okres sprzed wejścia w życie w <xLexLink xArt="" xIsapId="WDU19970780483" xTitle="Konstytucja Rzeczypospolitej Polskiej z dnia 2 kwietnia 1997 r." xAddress="Dz. U. z 1997 r. Nr 78, poz. 483">Konstytucji</xLexLink>, jednak tylko wówczas, gdy przepisy uznane za niekonstytucyjne naruszały także zasady konstytucyjne obowiązujące w chwili jego wydania (vide: wyrok SN z 09.10.2003r., I CK 150/02, OSNC 2004, nr 7-8, poz. 132).</xText>
          <xText>Mając na uwadze powyższe przeważające stanowisko judykatury, Sąd Okręgowy w niniejszej sprawie uznał, że wyrok Trybunału Konstytucyjnego z 13.11.2012r., wydany w sprawie o sygn. akt K 2/12, który wszedł w życie z dniem jego ogłoszenia w Dzienniku Ustaw z dnia 22.11.2012r., wywołuje skutki prawne ex tunc.</xText>
          <xText>Wskazać też należy, że za takim rozumieniem określenia skutków prawnych, pod względem czasowym, wyroku Trybunału Konstytucyjnego z dnia 13.11.2012r., przemawia również sens instytucji wznowienia postępowania (w tym również wznowienia postępowania administracyjnego). Przyjęcie odmiennego stanowiska przekreśliłoby bowiem sens instytucji wznowienia postępowania, którego celem jest wydanie rozstrzygnięcia zgodnego z prawem, w sytuacji, gdy orzeczenie Trybunału Konstytucyjnego zawiera wiążące stwierdzenie, że akt normatywny pozostaje w sprzeczności z <xLexLink xArt="" xIsapId="WDU19970780483" xTitle="Konstytucja Rzeczypospolitej Polskiej z dnia 2 kwietnia 1997 r." xAddress="Dz. U. z 1997 r. Nr 78, poz. 483">Konstytucją</xLexLink>. Jeżeli bowiem podstawę wznowienia stanowi oparcie rozstrzygnięcia na akcie normatywnym uznanym następnie za niezgodny z <xLexLink xArt="" xIsapId="WDU19970780483" xTitle="Konstytucja Rzeczypospolitej Polskiej z dnia 2 kwietnia 1997 r." xAddress="Dz. U. z 1997 r. Nr 78, poz. 483">Konstytucją</xLexLink>, rozpatrywanie sprawy powoduje konieczność uwzględnienia innego stanu prawnego w takim zakresie, w jakim wpływa on na orzeczenie wydane w tym postępowaniu.</xText>
          <xText>Biorąc pod uwagę wszystkie podniesione wyżej argumenty, Sąd w oparciu o <xLexLink xArt="art. 477(14);art. 477(14) § 2" xIsapId="WDU19640430296" xTitle="Ustawa z dnia 17 listopada 1964 r. - Kodeks postępowania cywilnego" xAddress="Dz. U. z 1964 r. Nr 43, poz. 296">art. 477 <xSUPx>14</xSUPx>§2 kpc</xLexLink> zmienił zaskarżoną decyzję i przyznał <xAnon>J. G.</xAnon> prawo do wypłaty emerytury za okres od dnia 01.10.2011r. do dnia 21.11.2012r.</xText>
          <xText>Wniosek <xAnon>J. G.</xAnon> o wypłatę odsetek Sąd na mocy <xLexLink xArt="art. 477(10);art. 477(10) § 2" xIsapId="WDU19640430296" xTitle="Ustawa z dnia 17 listopada 1964 r. - Kodeks postępowania cywilnego" xAddress="Dz. U. z 1964 r. Nr 43, poz. 296">art. 477<xSUPx>10 </xSUPx>§ 2 kpc</xLexLink> przekazał natomiast do rozpoznania organowi rentowemu. Zgodnie z tym przepisem, jeśli ubezpieczony zgłosił nowe żądanie, dotychczas nie rozpoznane przez organ rentowy, sąd przyjmuje to żądanie do protokołu i przekazuje je do rozpoznania organowi rentowemu. W sprawach z zakresu ubezpieczeń społecznych przedmiot rozpoznania sprawy sądowej wyznacza decyzja organu rentowego, od której wniesiono odwołanie. Decyzja, będąca przedmiotem odwołania w przedmiotowej sprawie nie zawiera rozstrzygnięcia o odsetkach a jedynie odnosi się do należności głównej.</xText>
          <xText>Z tych względów orzeczono jak w sentencji.</xText>
        </xUnit>
      </xBlock>
    </xPart>
  </judgement>
<judgement id="151500000000503_I_ACa_000697_2013_Uz_2013-10-23_002">
    <xPart xEditorFullName="Justyna Zych" xYear="2013" xLang="PL" xPublisherFullName="Barbara Panek" xFromPg="1" xEditor="jzych" xVolType="15/150000/0000503/ACa" xPublisher="bpanek" xDocType="Uz" xVolNmbr="000697" xVersion="1.0" xToPage="5" xFlag="published">
      <xName>Wyrok+Uzasadnienie</xName>
      <xBlock>
        <xText>Sygn. akt I ACa 697/13</xText>
        
        <xUnit xIsTitle="true" xType="part" xBold="true">
          <xName>WYROK</xName>
          <xTitle>W IMIENIU RZECZYPOSPOLITEJ POLSKIEJ</xTitle>
          <xText xALIGNx="right">      Dnia 23 października 2013 r.</xText>
          
          <xText>Sąd Apelacyjny w Katowicach I Wydział Cywilny</xText>
          <xText>w składzie:</xText>
          <xRows>
            <xCOLGROUPx>
              <xCOLx xWIDTHx="214"/>
              <xCOLx xWIDTHx="498"/>
            </xCOLGROUPx>
            <xRow>
              <xClmn xALIGNx="left" xVALIGNx="top">
                <xText xALIGNx="right">Przewodniczący :</xText>
              </xClmn>
              <xClmn xALIGNx="left" xVALIGNx="top">
                <xText>SSA Zofia Kawińska-Szwed</xText>
              </xClmn>
            </xRow>
            <xRow>
              <xClmn xALIGNx="left" xVALIGNx="top">
                <xText xALIGNx="right">Sędziowie :</xText>
              </xClmn>
              <xClmn xALIGNx="left" xVALIGNx="top">
                <xText>SA Joanna Kurpierz</xText>
                <xText>SO del. Gabriela Ott (spr.)</xText>
              </xClmn>
            </xRow>
            <xRow>
              <xClmn xALIGNx="left" xVALIGNx="top">
                <xText xALIGNx="right">Protokolant :</xText>
              </xClmn>
              <xClmn xALIGNx="left" xVALIGNx="top">
                <xText>Anna Wieczorek</xText>
              </xClmn>
            </xRow>
          </xRows>
          <xText>po rozpoznaniu w dniu 23 października 2013 r. w Katowicach</xText>
          <xText>na rozprawie</xText>
          <xText>sprawy z powództwa <xAnon>A. M.</xAnon></xText>
          <xText>przeciwko <xAnon>(...)</xAnon> Spółce Akcyjnej w <xAnon>W.</xAnon></xText>
          <xText>o ustalenie</xText>
          <xText>na skutek apelacji powoda</xText>
          <xText>od wyroku Sądu Okręgowego w Katowicach</xText>
          <xText>z dnia 22 kwietnia 2013 r., sygn. akt II C 60/13</xText>
          
          <xText xALIGNx="center">oddala apelację.</xText>
          
          <xText>
            <xBx>I ACa 697/13</xBx>
          </xText>
        </xUnit>
        <xUnit xIsTitle="true" xType="part" xBold="true">
          <xName>UZASADNIENIE</xName>
          <xText>Powód domagał się, w trybie <xLexLink xArt="art. 189" xIsapId="WDU19640430296" xTitle="Ustawa z dnia 17 listopada 1964 r. - Kodeks postępowania cywilnego" xAddress="Dz. U. z 1964 r. Nr 43, poz. 296">art. 189 k.p.c.</xLexLink>, ustalenia zwaloryzowanej sumy ubezpieczenia, jaka zostanie wypłacona na wypadek jego śmierci z tytułu polisy nr <xAnon>(...)</xAnon> z uwzględnieniem istotnej zmiany siły nabywczej pieniądza, jaka miała miejsce od daty zawarcia umowy w dniu 3 listopada 1977 r., tj. przy zastosowaniu <xLexLink xArt="art. 358(1);art. 358(1) § 1" xIsapId="WDU19640160093" xTitle="Ustawa z dnia 23 kwietnia 1964 r. - Kodeks cywilny" xAddress="Dz. U. z 1964 r. Nr 16, poz. 93">art. 358<xSUPx>(
    1)</xSUPx> § 1 k.c.</xLexLink>, na kwotę 241.362,73 zł. Ewentualnie domagał się ustalenia wskaźnika waloryzacji sumy ubezpieczenia na życie wypłaconej uposażonemu na wypadek jego śmierci, wynikającej z powołanej polisy na 68,76 -krotność przeciętnego miesięcznego wynagrodzenia, ustalonego komunikatem Prezesa Głównego Urzędu Statystycznego.</xText>
          <xText>Pozwany <xAnon>(...)</xAnon> Spółka Akcyjna z siedzibą w <xAnon>W.</xAnon> domagał się oddalenia powództwa w całości i zasądzenia kosztów procesu. W uzasadnieniu podnosił, że powód nie wykazał interesu prawnego niezbędnego do dochodzenia roszczenia w trybie <xLexLink xArt="art. 189" xIsapId="WDU19640430296" xTitle="Ustawa z dnia 17 listopada 1964 r. - Kodeks postępowania cywilnego" xAddress="Dz. U. z 1964 r. Nr 43, poz. 296">art. 189 k.p.c.</xLexLink></xText>
          <xText>Zaskarżonym wyrokiem z dnia 22 kwietnia 2013 r. Sąd Okręgowy w Katowicach oddalił powództwa i odstąpił od obciążania powoda kosztami procesu. Swoje rozstrzygnięcie oparł na następujących ustaleniach.</xText>
          <xText>W dniu 3 listopada 1977 r. powód jako ubezpieczony zawarł z pozwanym umowę ubezpieczenia na życie. Umowa została potwierdzona polisą nr <xAnon>(...)</xAnon> Suma ubezpieczenia wynosiła 100.000 zł. Początek ubezpieczenia strony ustaliły na 1 listopada 1977 r., czas opłacania składek na 15 lat, wysokość składki miesięcznej ustalono na kwotę 475 zł.</xText>
          <xText>Pismem z dnia 11 listopada 1982 r. pozwana oświadczyła, że nominalna suma ubezpieczenia w okresie ubezpieczenia wzrasta corocznie o 1,2%, a począwszy od 30 sierpnia 1982 r. o dalsze 5,8%.</xText>
          <xText>Pismami z dnia 3 lutego 1994 r., 8 listopada 1996 r., 10 marca 2011 r., 6 grudnia 2012 r. powód zwracał się do pozwanego o podanie wysokości zwaloryzowanego świadczenia z tytułu zawartej między stronami umowy.</xText>
          <xText>Pismem z dnia 3 lutego 1994 r. pozwany oświadczył, że żądanie waloryzacji w chwili obecnej jest bezpodstawne, natomiast pismem z dnia 23 marca 2011 r., że w 2011 r. urealniona suma ubezpieczenia wynosi 5.803 zł a pismem z dnia 28 grudnia 2012 r., że w 2012 r. suma ubezpieczenia z tytułu śmierci osoby ubezpieczonej wynosi 4.128,04 zł. Przy tak ustalonym stanie faktycznym Sąd Okręgowy stwierdził, że orzeczenie sądu o waloryzacji ma charakter konstytutywny, a żądanie jej dokonania musi pochodzić od wierzyciela, to jemu bowiem przysługuje prawo podmiotowe. Powód nie ma legitymacji do wytoczenia powództwa o zapłatę sumy ubezpieczenia po waloryzacji. Ponadto o waloryzacji nie można orzekać abstrakcyjnie, w ten sam sposób nie można orzekać o tym jak waloryzacja ma wyglądać. Tylko sąd orzekający w tym przedmiocie może, po rozważeniu interesów stron, dokonać waloryzacji, o ile zostaną spełnione jej przesłanki. Ponadto powód nie posiada interesu prawnego w domaganiu się ustalenia kwoty świadczenia po waloryzacji albowiem stan niepewności może zostać usunięty dalej idącym powództwem o świadczenie. Podobnie powód nie wskazał istnienia interesu prawnego w ustaleniu wskaźnika waloryzacji. Żądanie to jest co najmniej przedwczesne albowiem ustalenie tego wskaźnika będzie należało do sądu orzekającego o ewentualnej waloryzacji świadczenia.</xText>
          <xText>Apelację od tego wyroku wniósł powód, który domagał się jego zmiany zgodnie z żądaniem pozwu oraz zasądzenia kosztów procesu. Zaskarżonemu wyrokowi zarzucał:</xText>
          <xText>- naruszenie przepisów prawa materialnego w postaci <xLexLink xArt="art. 358(1);art. 358(1) § 3" xIsapId="WDU19640160093" xTitle="Ustawa z dnia 23 kwietnia 1964 r. - Kodeks cywilny" xAddress="Dz. U. z 1964 r. Nr 16, poz. 93">art. 358<xSUPx>1</xSUPx> § 3 k.c.</xLexLink> przez błędną wykładnię, która doprowadziła do przyjęcia, że powodowi nie przysługuje roszczenie o zapłatę zwaloryzowanej kwoty ubezpieczenia a zatem nie może także domagać się ustalenia wskaźnika waloryzacji,</xText>
          <xText>- obrazę przepisów postępowania, mających istotny wpływ na treść orzeczenia, w postaci <xLexLink xArt="art. 189" xIsapId="WDU19640430296" xTitle="Ustawa z dnia 17 listopada 1964 r. - Kodeks postępowania cywilnego" xAddress="Dz. U. z 1964 r. Nr 43, poz. 296">art. 189 k.p.c.</xLexLink> przez błędne uznanie, że powód nie posiada legitymacji czynnej do występowania w przedmiotowym procesie,</xText>
          <xText>- obrazę przepisów postępowania, mających istotny wpływ na treść orzeczenia, w postaci <xLexLink xArt="art. 233" xIsapId="WDU19640430296" xTitle="Ustawa z dnia 17 listopada 1964 r. - Kodeks postępowania cywilnego" xAddress="Dz. U. z 1964 r. Nr 43, poz. 296">art. 233 k.p.c.</xLexLink> przez dowolną ocenę dowodów,</xText>
          <xText>- sprzeczność istotnych ustaleń ze zgromadzonym materiałem dowodowym, co doprowadziło do przyjęcia, że powód nie posiada interesu prawnego w ustaleniu zwaloryzowanej sumy ubezpieczenia w trybie <xLexLink xArt="art. 189" xIsapId="WDU19640430296" xTitle="Ustawa z dnia 17 listopada 1964 r. - Kodeks postępowania cywilnego" xAddress="Dz. U. z 1964 r. Nr 43, poz. 296">art. 189 k.p.c.</xLexLink>,</xText>
          <xText>- sprzeczność istotnych ustaleń ze zgromadzonym materiałem dowodowym, przez błędne przyjęcie, że powodowi przysługuje dalsze roszczenie wykluczające istnienie interesu prawnego w rozumieniu <xLexLink xArt="art. 189" xIsapId="WDU19640430296" xTitle="Ustawa z dnia 17 listopada 1964 r. - Kodeks postępowania cywilnego" xAddress="Dz. U. z 1964 r. Nr 43, poz. 296">art. 189 k.p.c.</xLexLink></xText>
          <xText>Pozwany domagał się oddalenia apelacji.</xText>
          
          <xText>
            <xBx>Sąd Apelacyjny ustalił i zważył co następuje:</xBx>
          </xText>
          
          <xText>Apelacja powoda nie jest zasadna i nie mogła skutkować zmianą ani też uchyleniem zaskarżonego wyroku z następujących powodów.</xText>
          
          <xText>Ustalenia faktyczne dokonane przez Sąd Okręgowy są prawidłowe, wynikają z właściwej oceny zebranego materiału dowodowego, głównie dokumentów przedłożonych przez samego powoda, nie były sporne między stronami i Sąd Apelacyjny przyjmuje je za własne. W tej sytuacji zarzuty sprzeczności ustaleń Sądu z zebranym materiałem dowodowym oraz naruszenia <xLexLink xArt="art. 233" xIsapId="WDU19640430296" xTitle="Ustawa z dnia 17 listopada 1964 r. - Kodeks postępowania cywilnego" xAddress="Dz. U. z 1964 r. Nr 43, poz. 296">art. 233 k.p.c.</xLexLink> są co najmniej niezrozumiałe. Zgodnie z <xLexLink xArt="art. 233;art. 233 § 1" xIsapId="WDU19640430296" xTitle="Ustawa z dnia 17 listopada 1964 r. - Kodeks postępowania cywilnego" xAddress="Dz. U. z 1964 r. Nr 43, poz. 296">art. 233 § 1 k.p.c.</xLexLink>, sąd ocenia wiarygodność i moc dowodów według własnego przekonania, na podstawie wszechstronnego rozważenia zebranego materiału. Jak wskazywano wielokrotnie w orzecznictwie Sądu Najwyższego oraz orzecznictwie sądów powszechnych zarzut naruszenia <xLexLink xArt="art. 233" xIsapId="WDU19640430296" xTitle="Ustawa z dnia 17 listopada 1964 r. - Kodeks postępowania cywilnego" xAddress="Dz. U. z 1964 r. Nr 43, poz. 296">art. 233 k.p.c.</xLexLink> może zostać skutecznie postawiony sądowi orzekającemu wyłącznie w wypadku braku logiki w wiązaniu wniosków z zebranymi dowodami lub gdy wnioskowanie sądu wykracza poza schematy logiki formalnej albo pozostaje w sprzeczności z zasadami doświadczenia życiowego. Fakty dotyczące zawarcia umowy ubezpieczenia na życie, jego stron, osoby uposażanej oraz jej warunki był bezsporny. Jak wynika z uzasadnienia apelacji powód myli ustalenie stanu faktycznego, dokonane na podstawie wszechstronnej oceny zebranych dowodów, z oceną prawną stanu faktycznego dokonaną przez sąd I-instancji. Jak wynika z apelacji błędu w ustaleniach faktycznych upatruje w przyjęciu, że powód nie posiada interesu prawnego w dochodzeniu powództwa z <xLexLink xArt="art. 189" xIsapId="WDU19640430296" xTitle="Ustawa z dnia 17 listopada 1964 r. - Kodeks postępowania cywilnego" xAddress="Dz. U. z 1964 r. Nr 43, poz. 296">art. 189 k.p.c.</xLexLink></xText>
          <xText>Zarzut naruszenia <xLexLink xArt="art. 358(1);art. 358(1) § 3" xIsapId="WDU19640160093" xTitle="Ustawa z dnia 23 kwietnia 1964 r. - Kodeks cywilny" xAddress="Dz. U. z 1964 r. Nr 16, poz. 93">art. 358<xSUPx>1</xSUPx> § 3 k.c.</xLexLink> i <xLexLink xArt="art. 189" xIsapId="WDU19640430296" xTitle="Ustawa z dnia 17 listopada 1964 r. - Kodeks postępowania cywilnego" xAddress="Dz. U. z 1964 r. Nr 43, poz. 296">art. 189 k.p.c.</xLexLink> także nie jest zasadny.</xText>
          <xText>W pierwszej kolejności należy wskazać, że powód swoje powództwo oprał na <xLexLink xArt="art. 189" xIsapId="WDU19640430296" xTitle="Ustawa z dnia 17 listopada 1964 r. - Kodeks postępowania cywilnego" xAddress="Dz. U. z 1964 r. Nr 43, poz. 296">art. 189 k.p.c.</xLexLink>, nie dochodził natomiast waloryzacji świadczenia, czy też ukształtowania stosunku prawnego na mocy <xLexLink xArt="art. 358(1);art. 358(1) § 3" xIsapId="WDU19640160093" xTitle="Ustawa z dnia 23 kwietnia 1964 r. - Kodeks cywilny" xAddress="Dz. U. z 1964 r. Nr 16, poz. 93">art. 358<xSUPx>1</xSUPx> § 3 k.c.</xLexLink> W pozwie wyraźnie wskazał, że w trybie <xLexLink xArt="art. 189" xIsapId="WDU19640430296" xTitle="Ustawa z dnia 17 listopada 1964 r. - Kodeks postępowania cywilnego" xAddress="Dz. U. z 1964 r. Nr 43, poz. 296">art. 189 k.p.c.</xLexLink> domaga się ustalenia zwaloryzowanej sumy ubezpieczenia jaka zostanie wypłacona na wypadek śmierci powoda, ewentualnie ustalenia wskaźnika waloryzacji sumy ubezpieczenia na życie wypłaconej uposażonemu na wypadek śmierci powoda z oznaczonej w pozwie polisy.</xText>
          <xText>Jak prawidłowo wskazał Sąd Okręgowy, na mocy <xLexLink xArt="art. 189" xIsapId="WDU19640430296" xTitle="Ustawa z dnia 17 listopada 1964 r. - Kodeks postępowania cywilnego" xAddress="Dz. U. z 1964 r. Nr 43, poz. 296">art. 189 k.p.c.</xLexLink> można żądać ustalenia przez sąd istnienia lub nieistnienia stosunku prawnego lub prawa i to tylko wtedy, gdy występujący z tym żądaniem ma w tym interes prawny. Z przytoczonego przepisu wynika, że postępowanie wytoczone w tym trybie ma na celu ustalenie istniejącego stanu prawnego (ustalenie istnienia lub nieistnienia prawa lub stosunku prawnego). Orzeczenie to nie ma zatem charakteru prawnokształtującego, nie może prowadzić do zmiany stosunku prawnego lub jego nowego ukształtowania. Orzeczenie wydane natomiast na podstawie <xLexLink xArt="art. 358(1);art. 358(1) § 3" xIsapId="WDU19640160093" xTitle="Ustawa z dnia 23 kwietnia 1964 r. - Kodeks cywilny" xAddress="Dz. U. z 1964 r. Nr 16, poz. 93">art. 358<xSUPx>1</xSUPx> § 3 k.c.</xLexLink> ma charakter konstytutywny i prowadzi do nowego ukształtowania świadczenia. Jak wskazał Sąd Apelacyjny w Poznaniu w wyroku z dnia 27.06.2013 r., sygn. akt I ACa 498/13, „wyrok w procesie o ustalenie, wydany na podstawie przepisu <xLexLink xArt="art. 189" xIsapId="WDU19640430296" xTitle="Ustawa z dnia 17 listopada 1964 r. - Kodeks postępowania cywilnego" xAddress="Dz. U. z 1964 r. Nr 43, poz. 296">art. 189 k.p.c.</xLexLink>, może mieć wyłącznie charakter deklaratywny, to znaczy może jedynie stwierdzać istniejący już obiektywnie stan praw i stosunków prawnych. W żadnym razie powództwo o ustalenie nie może zmierzać do ukształtowania na nowo stosunków prawnych między stronami procesu …”. Tymczasem powód w przedmiotowej sprawie domaga się ustalenia, według zasad obowiązujących przy sądowej waloryzacji świadczeń, uregulowanej w <xLexLink xArt="art. 358(1);art. 358(1) § 3" xIsapId="WDU19640160093" xTitle="Ustawa z dnia 23 kwietnia 1964 r. - Kodeks cywilny" xAddress="Dz. U. z 1964 r. Nr 16, poz. 93">art. 358<xSUPx>1</xSUPx> § 3 k.c.</xLexLink>, że uposażonemu będzie przysługiwało prawo żądania świadczenia w określonej zwaloryzowanej kwocie, ewentualnie ustalenia wskaźnika, według którego nastąpi waloryzacja sumy uposażenia. Takie żądania nie mogą być dochodzone w trybie <xLexLink xArt="art. 189" xIsapId="WDU19640430296" xTitle="Ustawa z dnia 17 listopada 1964 r. - Kodeks postępowania cywilnego" xAddress="Dz. U. z 1964 r. Nr 43, poz. 296">art. 189 k.p.c.</xLexLink> albowiem nie zmierzają do ustalenia istnienia prawa, lecz ukształtowania świadczenia. Dlatego też żądanie powoda ustalenia zwaloryzowanej sumy ubezpieczenia, której w przyszłości będzie mógł domagać się uposażony, w wypadku zaistnienia zdarzania objętego umową, nie jest możliwe do uwzględnienia w procesie o ustalenie w trybie <xLexLink xArt="art. 189" xIsapId="WDU19640430296" xTitle="Ustawa z dnia 17 listopada 1964 r. - Kodeks postępowania cywilnego" xAddress="Dz. U. z 1964 r. Nr 43, poz. 296">art. 189 k.p.c.</xLexLink> Celem tego roszczenia nie jest bowiem ustalenie istnienia prawa, lecz waloryzacja świadczenia. Podobnie roszczenie ewentualne, zmierzające do ustalenia w chwili obecnej wskaźnika przyszłej waloryzacji, nie może być dochodzone w trybie <xLexLink xArt="art. 189" xIsapId="WDU19640430296" xTitle="Ustawa z dnia 17 listopada 1964 r. - Kodeks postępowania cywilnego" xAddress="Dz. U. z 1964 r. Nr 43, poz. 296">art. 189 k.p.c.</xLexLink> albowiem również ma na celu ukształtowanie przyszłego świadczenia, a nie ustalenie istnienia prawa. Podkreślić również należy, że już wcześniej Sąd Apelacyjny w Katowicach, w wyroku z dnia 18.04.2013 r., sygn. akt I ACa 9/13, wskazał, iż niedopuszczalne jest powództwo o ustalenie zmierzające do uzyskania dowodów, które służyłyby wykorzystaniu w innym postępowaniu. Taki natomiast był cel przedmiotowego żądania ewentualnego.</xText>
          <xText>Jeszcze raz należy podkreślić, że w rzeczywistości powództwo obejmujące żądania ewentualne  nie zmierzało do ustalenia istnienia, ani prawa, ani też stosunku prawnego łączącego strony procesu. Dlatego też powództwo to nie zasługiwało na uwzględnienie.</xText>
          
          <xText>W tej sytuacji rozważania Sądu Okręgowego dotyczące interesu prawnego powodowa w wytoczeniu przedmiotowego powództwa mają mniejsze znaczenie dla rozstrzygnięcia sprawy.</xText>
          <xText>Zupełnie chybiony jest zarzut skarżącego, że Sąd Okręgowy błędnie stwierdził brak legitymacji czynnej powoda w przedmiotowym postępowaniu. Z uzasadnienia zaskarżonego wyroku wynika, że Sąd ten stwierdził brak legitymacji powoda do wytoczenia powództwa o zapłatę zwaloryzowanego świadczenia z umowy ubezpieczenia, w czym upatrywał braku interesu prawnego w wytoczeniu przedmiotowego procesu. Ma rację również Sąd Okręgowy, że waloryzacji świadczenia nie można dokonywać abstrakcyjnie, musi ona wynikać z możliwości dochodzenia roszczenia i odstępstwa od zasady nominalizmu wyrażonego w <xLexLink xArt="art. 358(1);art. 358(1) § 1" xIsapId="WDU19640160093" xTitle="Ustawa z dnia 23 kwietnia 1964 r. - Kodeks cywilny" xAddress="Dz. U. z 1964 r. Nr 16, poz. 93">art. 358<xSUPx>1</xSUPx> § 1 k.c.</xLexLink> Dlatego też należy stwierdzić, że powód nie tylko próbował skorzystać z nieodpowiedniej konstrukcji prawnej, ale nie miał również interesu prawnego w wytoczeniu przedmiotowego powództwa.</xText>
          <xText>Dlatego też, na mocy <xLexLink xArt="art. 385" xIsapId="WDU19640430296" xTitle="Ustawa z dnia 17 listopada 1964 r. - Kodeks postępowania cywilnego" xAddress="Dz. U. z 1964 r. Nr 43, poz. 296">art. 385 k.p.c.</xLexLink>, Sąd Apelacyjny oddalił apelację powoda. O kosztach postepowania apelacyjnego nie orzekł wobec braku wniosku strony przeciwnej reprezentowanej przez fachowego pełnomocnika.</xText>
          
          <xText>Z/</xText>
          <xText>- <xAnon>(...)</xAnon></xText>
          <xText>-<xAnon>(...)</xAnon></xText>
        </xUnit>
      </xBlock>
    </xPart>
  </judgement>
<judgement id="152515000002521_V_U_000863_2012_Uz_2013-10-23_001">
    <xPart xEditorFullName="Marcelina Machera" xYear="2012" xLang="PL" xPublisherFullName="Izabela Grzybowska" xFromPg="1" xEditor="machera.m" xVolType="15/251500/0002521/U" xPublisher="grzybowska.i" xDocType="Uz" xVolNmbr="000863" xVersion="1.0" xToPage="3" xFlag="published">
      <xName>Wyrok+Uzasadnienie</xName>
      <xBlock>
        <xText>Sygn. akt VU 863/12</xText>
        <xUnit xIsTitle="true" xBold="true" xType="part">
          <xName>WYROK</xName>
          <xTitle>W IMIENIU RZECZYPOSPOLITEJ POLSKIEJ</xTitle>
          <xText xALIGNx="right">Dnia 23 października 2013 roku</xText>
          
          <xText>Sąd Okręgowy w Piotrkowie Trybunalskim, Wydział V Pracy i Ubezpieczeń Społecznych w składzie:</xText>
          
          <xText>Przewodniczący SSO Mariola Mastalerz</xText>
          <xText>Protokolant st. sekr. sądowy Ilona Królikiewicz</xText>
          
          <xText>po rozpoznaniu w dniu 23 października 2013 roku w Piotrkowie Trybunalskim na rozprawie</xText>
          
          <xText>sprawy z wniosku <xBx><xAnon>R. W.</xAnon></xBx></xText>
          
          <xText>przeciwko <xBx>Zakładowi Ubezpieczeń Społecznych Oddział w <xAnon>T.</xAnon><xAnon>M.</xAnon>. </xBx></xText>
          
          <xText>o prawo do renty z tytułu niezdolności do pracy</xText>
          
          <xText>na skutek odwołania <xAnon>R. W.</xAnon></xText>
          <xText>od decyzji Zakładu Ubezpieczeń Społecznych Oddział w <xAnon>T.</xAnon><xAnon>M.</xAnon>.</xText>
          <xText>z dnia 24 lipca 2012r. sygn. <xAnon>(...)</xAnon></xText>
          
          <xText>
            <xBx>oddala odwołanie. </xBx>
          </xText>
          
          <xText>
            <xBx>
              <xIx>Sygn. akt VU 863/12</xIx>
            </xBx>
          </xText>
        </xUnit>
        <xUnit xIsTitle="true" xBold="true" xType="part">
          <xName>UZASADNIENIE</xName>
          <xText>Decyzją z dnia 24 lipca 2012 roku Zakład Ubezpieczeń Społecznych Oddział w <xAnon>T.</xAnon><xAnon>M.</xAnon>. odmówił <xAnon>R. W.</xAnon> prawa do renty z tytułu niezdolności do pracy. W uzasadnieniu organ rentowy podał, że wnioskodawca jest zdolny do pracy zarobkowej, a zatem brak jest podstaw do przyznania świadczenia.</xText>
          <xText>W odwołaniu skarżący <xAnon>R. W.</xAnon> wniósł o zmianę tej decyzji i przyznanie prawa do renty.</xText>
          <xText>Organ rentowy wnosił o oddalenie odwołania.</xText>
          
          <xText xALIGNx="center">
            <xBx>Sąd Okręgowy – Sąd Pracy i Ubezpieczeń Społecznych ustalił, co następuje:</xBx>
          </xText>
          
          <xText><xAnon>R. W.</xAnon>urodził się w dniu <xAnon>(...)</xAnon> roku. Ukończył szkołę podstawową. W okresie swojej aktywności zawodowej pracował tylko fizycznie na stanowiskach: wulkanizator taśm przenośnikowych w <xAnon>Kopalni (...) SA</xAnon>w <xAnon>R.</xAnon>(3.03.1981 r. do 31.05.1988r.), robotnik budowlany, malarz (21.06.1988 r. do 3.11.1991 r.), malarz (4.11.1991 r. do 15.11.1992 r.), malarz konstrukcji stalowych (20.07.1993r. do 31.12.1993r., 1.07.1995 r. do 31.05.1996 r., od 1.05.1998 r. do 31.07.1998r.), malarz – piaskarz konstrukcji stalowych (1999-2002, 2.01.2007-31.10.2007r. ).</xText>
          <xText>Prace malarza konstrukcji wnioskodawca wykonywał na wysokości, natomiast prace jako wulkanizator taśm przenośnikowych to prace w czasie postoju przenośnika i nie są pracami przy maszynach w ruchu.</xText>
          <xText>
            <xIx>(dowód: świadectwa pracy k. 9,45, 49, 51,53 59, 61 w aktach ZUS, świadectwo wykonywania pracy w warunkach szczególnych k. 55, oświadczenie wnioskodawcy protokół rozprawy nagranie od minuty 0.48 do minuty 5.50 koperta k. 20)</xIx>
          </xText>
          <xText>Wnioskodawca w okresie od 24 września 2007 roku (tj. od zaprzestania pobierania zasiłku chorobowego) do 30 listopada 2008 roku uprawniony był do renty z tytułu całkowitej niezdolności do pracy, następnie w okresie od 1 grudnia 2008 roku do 31 maja 2012 roku uprawniony był do renty z tytułu częściowej niezdolności do pracy. Odwołanie od decyzji Zakładu Ubezpieczeń Społecznych Oddział w <xAnon>T.</xAnon><xAnon>M.</xAnon>. z dnia 16 grudnia 2008 roku odmawiającej prawa do renty z tytułu całkowitej niezdolności, a przyznającej prawo do renty z tytułu częściowej niezdolności, zostało przez Sąd Okręgowy w Piotrkowie Trybunalskim prawomocnie oddalone wyrokiem z dnia 30 marca 2009r. w sprawie VU 159/09)</xText>
          <xText>
            <xIx>(dowód: decyzje z dnia 4.12.2007 r. k. 189, z dnia 16.12.2008 r. k. 223,z dnia 5.05.2010 r. k. 237, z dnia 24.05. 20111r. k. 240 odpis wyroku Sądu Okręgowego z dnia 30.03.2009 r. k. 230 akt ZUS)</xIx>
          </xText>
          <xText>W dniu 11 maja 2012 roku <xAnon>R. W.</xAnon> złożył wniosek o ustalenie dalszego prawa do renty.</xText>
          <xText>
            <xIx> (dowód: wniosek k. 243 akt ZUS)</xIx>
          </xText>
          <xText>Orzeczeniem z dnia 15 czerwca 2012 roku Lekarz Orzecznika ZUS po rozpoznaniu u wnioskodawcy choroby niedokrwiennej serca przewlekłej stabilnej z przebytym zawałem serca ściany dolnej w marcu 2007 roku, leczonym angioplastyką wieńcową z implantacją stentu i ponowną angioplastyką z powodu zakrzepicy w stencie w kwietniu 2007 roku, przebytego pomostowania aortalno-wieńcowego w maju 2008 roku oraz nadciśnienia tętniczego zredukowanego, nie uznał <xAnon>R. W.</xAnon> za niezdolnego do pracy.</xText>
          <xText>
            <xIx>(dowód: orzeczenie k. 70 w aktach rentowych wraz z dokumentacją medyczną koperta k. 66 ) </xIx>
          </xText>
          <xText>Od powyższego orzeczenia <xAnon>R. W.</xAnon>złożył sprzeciw w wyniku czego wnioskodawca został skierowany na badania do Komisji Lekarskiej ZUS, która w dniu13 lipca 2012 roku, po rozpoznaniu choroby niedokrwiennej serca I/II CCS z przebytym zawałem serca, leczonej koronaroplastyką w 2007 roku i rewaskularyzacją AD 2008 roku oraz nadciśnienia tętniczego poddającego się leczeniu również nie uznała wnioskodawcy za niezdolnego do pracy.</xText>
          <xText>
            <xIx>(dowód: orzeczenie Komisji Lekarskiej k. 78 w aktach rentowych wraz z dokumentacją medyczną) </xIx>
          </xText>
          <xText>Aktualnie u wnioskodawcy występują następujące schorzenia:</xText>
          <xEnum>
            <xBullet>⚫</xBullet>
            <xEnumElem>
              <xText>przewlekła choroba niedokrwienna serca,</xText>
            </xEnumElem>
            <xEnumElem>
              <xText>stan po zawale serca NSTEMI leczonym angioplastyką prawej tętnicy wieńcowej z implantacją dwóch stentów metalowych (26.03.2007),</xText>
            </xEnumElem>
            <xEnumElem>
              <xText>stan po zawale ściany dolnej serca STEMI leczonym ponowną angioplastyką prawej tętnicy wieńcowej z implantacją stentu metalowego z powodu zakrzepicy w stencie (15.04.2007r.),</xText>
            </xEnumElem>
            <xEnumElem>
              <xText>stan po kardiochirurgii rewaskularyzacji mięśnia lewej komory w 2008 roku,</xText>
            </xEnumElem>
            <xEnumElem>
              <xText>nadciśnienie tętnicze,</xText>
            </xEnumElem>
            <xEnumElem>
              <xText>napadowe migotanie przedsionków w wywiadzie.</xText>
            </xEnumElem>
          </xEnum>
          <xText>Stopień zaawansowania powyższych schorzeń nie czyni wnioskodawcy niezdolnym do pracy zarobkowej.</xText>
          <xText>
            <xIx>(dowód: opinia biegłego kardiologa <xAnon>L. D.</xAnon> k. 13-13 verte wraz z opinią pisemną uzupełniającą k. 25,</xIx>
          </xText>
          <xText>
            <xIx>opinia biegłego kardiologa <xAnon>S. O.</xAnon> k. 32-33)</xIx>
          </xText>
          
          <xText xALIGNx="center">
            <xBx>Sąd Okręgowy - Sąd Pracy i Ubezpieczeń Społecznych zważył, co następuje:</xBx>
          </xText>
          
          <xText>
            <xBx>Odwołanie nie zasługuje na uwzględnienie.</xBx>
          </xText>
          
          <xText>Zgodnie z przepisem <xLexLink xArt="art. 12;art. 12 ust. 1" xIsapId="WDU19981621118" xTitle="Ustawa z dnia 17 grudnia 1998 r. o emeryturach i rentach z Funduszu Ubezpieczeń Społecznych" xAddress="Dz. U. z 1998 r. Nr 162, poz. 1118">art. 12 ust. 1 ustawy z dnia 17 grudnia 1998 r. o emeryturach i rentach z Funduszu Ubezpieczeń Społecznych</xLexLink> (tekst jedn. Dz. U. 2009, Nr 153, poz. 1227) niezdolną do pracy w rozumieniu ustawy jest osoba, która całkowicie lub częściowo utraciła zdolność do pracy zarobkowej z powodu naruszenia sprawności organizmu i nie rokuje odzyskania zdolności do pracy po przekwalifikowaniu. Z kolei przepisy <xLexLink xArt="art. 12;art. 12 ust. 2;art. 12 ust. 3" xIsapId="WDU19981621118" xTitle="Ustawa z dnia 17 grudnia 1998 r. o emeryturach i rentach z Funduszu Ubezpieczeń Społecznych" xAddress="Dz. U. z 1998 r. Nr 162, poz. 1118">art. 12 ust. 2 i 3</xLexLink> stanowią, że całkowicie niezdolną do pracy jest osoba, która utraciła zdolność do wykonywania jakiejkolwiek pracy, zaś częściowo niezdolną do pracy jest osoba, która w znacznym stopniu utraciła zdolność do pracy zgodnej z poziomem posiadanych kwalifikacji. Przy ocenie stopnia i trwałości niezdolności do pracy oraz rokowania, co do odzyskania zdolności do pracy uwzględnia się po pierwsze stopień naruszenia sprawności organizmu oraz możliwości przywrócenia niezbędnej sprawności w drodze leczenia i rehabilitacji oraz po drugie możliwości wykonywania dotychczasowej pracy lub podjęcia innej pracy oraz celowość przekwalifikowania zawodowego, biorąc pod uwagę rodzaj i charakter dotychczas wykonywanej pracy, poziom wykształcenia, wiek i predyspozycje psychofizyczne (art. 13 ust. 1)</xText>
          <xText>Zachowanie zdolności do pracy w warunkach określonych w przepisach o rehabilitacji zawodowej i społecznej oraz zatrudnianiu osób niepełnosprawnych nie stanowi przeszkody do orzeczenia całkowitej niezdolności do pracy (art. 13 ust. 4 ).</xText>
          <xText>Stosownie do treści art. 57 ust. 1 powyższej ustawy renta z tytułu niezdolności do pracy przysługuje ubezpieczonemu, który spełnił łącznie następujące warunki:</xText>
          <xUnit xIsTitle="false" xType="none">
            <xName xSffx=")">1</xName>
            <xText>jest niezdolny do pracy,</xText>
          </xUnit>
          <xUnit xIsTitle="false" xType="none">
            <xName xSffx=")">2</xName>
            <xText>ma wymagany okres składkowy i nieskładkowy,</xText>
          </xUnit>
          <xUnit xIsTitle="false" xType="none">
            <xName xSffx=")">3</xName>
            <xText>niezdolność do pracy powstała w okresach, o których mowa w art. 6 ust. 1 pkt 1 i 2, pkt 3 lit. b), pkt 4, 6, 7 i 9, ust. 2 pkt 1, 3-8 i 9 lit. a), pkt 10 lit. a), pkt 11-12, 13 lit. a), pkt 14 lit. a) i pkt 15-17 oraz art. 7 pkt 1-4, 5 lit. a), pkt 6 i 12, albo nie później niż w ciągu 18 miesięcy od ustania tych okresów.</xText>
          </xUnit>
          <xText>Częściowa niezdolność do pracy polega na utracie w znacznym stopniu zdolności do pracy zgodnej z poziomem posiadanych kwalifikacji. Doniosłe znaczenie w konstrukcji częściowej niezdolności do pracy ma podkreślenie, że chodzi o ocenę zachowania zdolności do wykonywania nie jakiejkolwiek pracy, lecz pracy „zgodnej z poziomem posiadanych kwalifikacji”. Ratio legis wyodrębnienia tej przesłanki stanowi wyeliminowanie sytuacji, w których ubezpieczeni o wyższych kwalifikacjach po utracie zdolności do ich zarobkowego wykorzystania zmuszeni byliby podjąć pracę niżej kwalifikowaną, do której zachowali zdolność, wobec braku środków do życia. Inaczej mówiąc, ubezpieczony może być uznany za częściowo niezdolnego do pracy, gdy zachował zdolność do wykonywania jakiejkolwiek pracy (na przykład pracy wymagającej niższych albo niewymagającej w ogóle jakichkolwiek kwalifikacji), lecz jednocześnie utracił w znacznym stopniu zdolność do pracy, do której posiada kwalifikacje. Wyjaśnienie treści pojęcia „pracy zgodnej z poziomem posiadanych kwalifikacji” wymaga uwzględnienia zarówno kwalifikacji formalnych (czyli zakresu i rodzaju przygotowania zawodowego udokumentowanego świadectwami, dyplomami, zaświadczeniami), jak i kwalifikacji rzeczywistych (czyli wiedzy i umiejętności faktycznych, wynikających ze zdobytego doświadczenia zawodowego), <xIx>(wyrok Sądu Najwyższego z dnia 15 września 2006 roku, I UK 103/06 OSNP 2007/17-18/26).</xIx></xText>
          <xText>Należy zaznaczyć, iż wnioskodawca posiada wykształcenie podstawowe i w okresie aktywności zawodowej pracowała tylko fizycznie jako wulkanizator taśm przenośnikowych, malarz, malarz oraz piaskarz konstrukcji stalowych.</xText>
          <xText>Dla ustalenia, czy <xAnon>R. W.</xAnon> jest niezdolny do pracy w rozumieniu przepisów cyt. ustawy Sąd dopuścił dowód z pisemnych opinii biegłych kardiologów <xAnon>L. D.</xAnon> oraz <xAnon>S. O.</xAnon>, biegłych z zakresu dziedzin medycyny, w ramach których mieszczą się rozpoznane u niego schorzenia.</xText>
          <xText>Sporządzone w sprawie opinie przez ww. wymienionych biegłych kardiologów Sąd ocenia jako jasne, pełne, logiczne i należycie uzasadnione. Biegli sporządzili opinie po zapoznaniu się z dokumentacją medyczną wnioskodawcy i wynikami badań dodatkowych, jak również po przeprowadzeniu jego osobistego badania. Biegli określili w swoich opiniach, na jakie schorzenia cierpi obecnie wnioskodawca. Każdy biegły w zakresie swojej specjalności był zdania, iż stopień zawansowania schorzeń nie powoduje u wnioskodawcy niezdolności do pracy zarobkowej.</xText>
          <xText>Biegła <xAnon>L. D.</xAnon>wskazała, że wnioskodawca z nadciśnieniem tętniczym i zaburzeniami gospodarki lipidowej , w 2007 roku przebył zawał serca bez uniesienia odcinka ST leczony angioplastyką prawej tętnicy wieńcowej z implantacją dwóch stentów metalowych. Po miesiącu zawał ściany dolnej z uniesieniem odcinka ST leczony angioplastyką prawej tętnicy wieńcowej z implantacją stentu metalowego (zakrzepica w stencie). Z uwagi na obraz choroby wieńcowej trójnaczyniowej zakwalifikowany do kardiochirurgicznej rewaskularyzacji mięśnia sercowego. W 2008 roku wykonano bezpośrednią rewaskularyzację mięśnia sercowego w Klinice Kardiochirurgicznej w <xAnon>Ł.</xAnon>. Obecnie pozostaje pod opieką poradni specjalistycznej. Zgłasza dolegliwości ze strony układu krążenia. W badaniu echokardiograficznym stwierdza się odcinkowe zaburzenia kurczliwości w strefie przebytego zawału serca z zachowaną globalną frakcją wyrzutową lewej komory ok. 54%. Próba wysiłkowa ujemna przy dużym obciążeniu 13 MET. W badaniu przedmiotowym bez cech niewydolności krążenia. Podwyższone ciśnienie tętnicze i zaburzenia rytmu serca wymagają systematycznego i ewentualnie zmodyfikowanego leczenia. Mając na uwadze powyższe biegła stwierdziła, że stan układu krążenia i stopień zaawansowania schorzeń kardiologicznych nie uzasadniają zmiany decyzji organu rentowego.</xText>
          <xText>Biegła w swojej opinii pisemnej uzupełniającej wskazała, że biorąc pod uwagę charakter choroby, sposób leczenia oraz stan układu krążenia oceniony na podstawie badania fizykalnego oraz wyników badań dodatkowych (echo serca, próba wysiłkowa), stwierdziła, że nie doszło do naruszenia sprawności organizmu w stopniu powodującym utratę zdolności do pracy zgodnie z poziomem posiadanych kwalifikacji. Z powodów kardiologicznych biegła nie stwierdziła przeciwwskazań do pracy jako wulkanizator taśm przenośnikowych oraz malarz piaskarz. Praca jako malarz piaskarz alpinista wymaga pozwolenia na pracę na wysokości powyżej 3 metrów. Wnioskodawca posiada wykształcenie podstawowe i może wykonywać prace na poziomie swoich kwalifikacji, również przy obsłudze taśm przenośnikowych (prace wulkanizacyjne na przenośnikach taśmowych odbywają się w czasie postoju przenośnika i nie są pracami przy maszynach w ruchu) oraz jako malarz piaskarz. Biegła te wnioski wyprowadziła mając na uwadze przebyty zawał ściany dolnej serca w 2007 roku, a w 2008roku operację kardiochirurgiczną bezpośredniej rewaskularyzacji mięśnia sercowego (by-passy), a także stwierdzone w badaniu echokardiograficznym w 2012 roku odcinkowe zaburzenia kurczliwości mięśnia sercowego w strefie przebytego zawału z zachowaną globalną funkcją lewej komory, a próba wysiłkowa jest ujemna przy wysokim obciążeniu - 13 MET.</xText>
          <xText>Również drugi biegły kardiolog <xAnon>S. O.</xAnon> dopuszczony w sprawie na wniosek wnioskodawcy, który kwestionował opinie wydane przez biegłą <xAnon>L. D.</xAnon>, nie uznał wnioskodawcy za niezdolnego do pracy. W uzasadnieniu swojej opinii wskazał, że w badaniu przedmiotowym nie stwierdził odchyleń od normy w zakresie układu krążenia. Ciśnienie tętnicze w normie – 155/80 mmHg. Nie stwierdził również cech niewydolności krążenia. Badanie EKG nie wykazało świeżych zmian niedokrwiennych. Biegły wskazał, że z kart informacyjnych leczenia szpitalnego w 2007 roku u wnioskodawcy rozpoznano zwał mięśnia sercowego. Po wykonanej koronarografii zakwalifikowany do angioplasytyki z implantacją stentu. Następnie był hospitalizowany z powodu zaostrzenia dolegliwości – koronarografia wykazała zwężenie (stenoze) w implantowanym stencie. Wykonano ponownie angioplastyką. Z uwagi na kolejne zaostrzenie dolegliwości stenokardialnych, w 2008 roku zakwalifikowany do bezpośredniej rewaskulatryzacji mięśnia sercowego. Po zabiegu konsultowany w Poradni Kardiochirurgicznej, gdzie odnotowano poprawę. Konsultowany następnie co 6-9 miesięcy – nie odnotowywano występujących dolegliwości.</xText>
          <xText>Ponadto biegły podniósł, że w dokumentacji leczenia ambulatoryjnego w POZ przed datą Komisji ZUS, odnotowywano bóle mięśniowe klatki piersiowej po stłuczeniu. Nie odnotowywano zmian niedokrwiennych w EKG. Wykonywane próby wysiłkowe przy bardzo dużych obciążeniach – ostatnio 13 MET – nie wykazywały cech ograniczenia rezerwy wieńcowej. W ocenie biegłego zgłaszane dolegliwości przez wnioskodawcę nie mają potwierdzenia w badaniach dodatkowych (EKG czy próba wysiłkowa). Nie było tez potrzeby hospitalizacji w ostanim czasie. Badanie echokardiograficzne wykazywało odcinkowe zaburzenia kurczliwości (w strefie zawału), ale z dobrą globalną funkcją skurczową – frakcja wrzutowa EF-54% (norma).</xText>
          <xText>Reasumując biegły uznał, że aktualny stan układu krążenia wnioskodawcy nie zaburza czynności organizmu. Wnioskodawca jest zdolny do pracy zarobkowej zgodnie z posiadanymi kwalifikacjami.</xText>
          <xText>Dowód z opinii w/w biegłych nie został w ocenie Sądu w sposób skuteczny zakwestionowany w toku postępowania. Wnioskodawca bowiem nie zgłosił żadnych merytorycznych zarzutów odnośnie opinii sporządzonych przez biegłych, wskazał jedynie, że stan jego zdrowia pogarsza się, a w ocenie jego lekarza prowadzącego nie jest on w stanie pracować. Powyższe argumenty nie mogą w ocenie Sądu Okręgowego podważać opinii biegłych, będących wysokiej klasy specjalistami z dużym doświadczeniem, którzy reprezentowali gałąź wiedzy medycznej, do której należą schorzenia rozpoznane u wnioskodawcy.</xText>
          <xText>Sąd Okręgowy nie neguje, że wnioskodawca jest chory, ale obecny stan jego zdrowia nie uzasadnia przyznania mu prawa do renty z tytułu niezdolności do pracy. Nie można bowiem utożsamiać pojęcia choroby i niezdolności do pracy. O niezdolności do pracy nie decyduje fakt występowania schorzeń, ale takie ich nasilenie, które wpływa na utratę zdolności do pracy zgodnej z kwalifikacjami lub pracy jakiejkolwiek. Istnienie schorzeń powodujących konieczność stałego leczenia nie stanowi samoistnej przyczyny uznania niezdolności do pracy, lecz takie upośledzenie funkcji ustroju wskutek występujących schorzeń, które – przypadku częściowej niezdolności do pracy – uniemożliwia w znacznym stopniu wykonywanie pracy zgodnej z kwalifikacjami (por. wyrok Sądu Najwyższego z dnia 16 stycznia 2009 r., sygn. II UK 125/08, opubl. LEX nr 737388).</xText>
          <xText>Z tych też względów, Sąd Okręgowy – Sąd Pracy i Ubezpieczeń Społecznych, na podstawie <xLexLink xArt="art. 477(14);art. 477(14) § 1" xIsapId="WDU19640430296" xTitle="Ustawa z dnia 17 listopada 1964 r. - Kodeks postępowania cywilnego" xAddress="Dz. U. z 1964 r. Nr 43, poz. 296">art. 477<xSUPx>14</xSUPx> § 1 k.p.c.</xLexLink> orzekł jak w sentencji.</xText>
        </xUnit>
      </xBlock>
    </xPart>
  </judgement>
<judgement id="154505250000503_I_C_000131_2013_Uz_2013-10-23_002">
    <xPart xEditorFullName="Małgorzata Kurek" xYear="2013" xLang="PL" xPublisherFullName="Małgorzata Kurek" xFromPg="1" xEditor="m.kurek" xVolType="15/450525/0000503/C" xPublisher="m.kurek" xDocType="Uz" xVolNmbr="000131" xVersion="1.0" xToPage="1" xFlag="published">
      <xName>Wyrok</xName>
      <xBlock>
        
        <xText>Sygn. akt I C 131/13</xText>
        
        <xUnit xIsTitle="true" xType="part" xBold="true">
          <xName>WYROK</xName>
          <xTitle>W IMIENIU RZECZYPOSPOLITEJ POLSKIEJ</xTitle>
          <xText xALIGNx="right">Dnia 23 października 2013 r.</xText>
          
          <xText>Sąd Rejonowy dla m.st. Warszawy w <xAnon>W.</xAnon> Wydział I Cywilny</xText>
          <xText>w składzie następującym:</xText>
          <xText>Przewodniczący: SSR Piotr Bednarczyk</xText>
          <xText>Protokolant: Monika Skalska</xText>
          <xText>po rozpoznaniu w dniu 23 października 2013 r. w Warszawie na rozprawie</xText>
          <xText>sprawy z powództwa <xAnon>T. J.</xAnon></xText>
          <xText>przeciwko <xAnon>M. G.</xAnon></xText>
          <xText>o zapłatę 2160 zł i wydanie nieruchomości</xText>
          
          <xUnit xIsTitle="false" xType="none">
            <xName xSffx=".">1</xName>
            <xText>Zasądza od pozwanej na rzecz powoda kwotę 1000 zł (tysiąc złotych) z ustawowymi odsetkami od dnia 21 stycznia 2013 r. do dnia zapłaty oraz 108 zł tytułem kosztów procesu;</xText>
          </xUnit>
          <xUnit xIsTitle="false" xType="none">
            <xName xSffx=".">2</xName>
            <xText>Umarza postępowanie w zakresie żądania wydania nieruchomości;</xText>
          </xUnit>
          <xUnit xIsTitle="false" xType="none">
            <xName xSffx=".">3</xName>
            <xText>Oddala powództwo w pozostałej części.</xText>
          </xUnit>
        </xUnit>
      </xBlock>
    </xPart>
  </judgement>
<judgement id="154500000003003_VI_ACa_000420_2013_Uz_2013-10-23_002">
    <xPart xEditorFullName="Agnieszka Hydzik" xYear="2013" xLang="PL" xPublisherFullName="Agnieszka Hydzik" xFromPg="1" xEditor="ahydzik" xVolType="15/450000/0003003/ACa" xPublisher="ahydzik" xDocType="Uz" xVolNmbr="000420" xVersion="1.0" xToPage="28" xFlag="published">
      <xName>Wyrok+Uzasadnienie</xName>
      <xBlock>
        <xText>
          <xBx>Sygn. akt VI ACa 420/13 </xBx>
        </xText>
        <xUnit xIsTitle="true" xType="part" xBold="true">
          <xName>WYROK</xName>
          <xTitle>W IMIENIU RZECZYPOSPOLITEJ POLSKIEJ</xTitle>
          <xText xALIGNx="right">
            <xBx>Dnia 23 października 2013 r.</xBx>
          </xText>
          
          <xText>
            <xBx>Sąd Apelacyjny w Warszawie VI Wydział Cywilny w składzie:</xBx>
          </xText>
          
          <xText>
            <xBx>Przewodniczący - Sędzia SA– Małgorzata Kuracka (spr.)</xBx>
          </xText>
          <xText>
            <xBx>Sędzia SA – Krzysztof Tucharz </xBx>
          </xText>
          <xText>
            <xBx>Sędzia SO (del.)  – Beata Waś </xBx>
          </xText>
          <xText>
            <xBx>Protokolant: – st. sekr. sąd. Ewelina Murawska </xBx>
          </xText>
          
          <xText>
            <xBx>po rozpoznaniu w dniu 23 października 2013 r. w Warszawie</xBx>
          </xText>
          <xText>
            <xBx>na rozprawie </xBx>
          </xText>
          <xText>
            <xBx>sprawy z powództwa <xAnon> (...) Sp. z o.o.</xAnon> w <xAnon>W.</xAnon></xBx>
          </xText>
          <xText>
            <xBx>przeciwko Prezesowi Urzędu Regulacji Energetyki </xBx>
          </xText>
          <xText>
            <xBx>o nałożenie kary pieniężnej </xBx>
          </xText>
          <xText>
            <xBx>na skutek apelacji obu stron </xBx>
          </xText>
          <xText>
            <xBx>od wyroku Sądu Okręgowego w Warszawie – Sądu Ochrony Konkurencji i Konsumentów </xBx>
          </xText>
          <xText>
            <xBx>z dnia 16 listopada 2012 r., sygn. akt XVII AmE 194/10</xBx>
          </xText>
          <xUnit xIsTitle="false" xType="none">
            <xName xSffx=".">1</xName>
            <xText>
              <xBx>zmienia zaskarżony wyrok w całości w ten sposób, że nadaje mu treść:  </xBx>
            </xText>
          </xUnit>
          <xText>
            <xBx>
    
    „I. uchyla decyzję Prezesa Urzędu Regulacji Energetyki z dnia 17 września 2010 roku nr <xAnon>(...)</xAnon>,</xBx>
          </xText>
          <xText>
            <xBx>II. zasądza od Prezesa Urzędu Regulacji Energetyki na rzecz <xAnon> (...) Sp. z o.o.</xAnon> w <xAnon>W.</xAnon> kwotę 460 (czterysta sześćdziesiąt) złotych tytułem zwrotu kosztów postępowania”;</xBx>
          </xText>
          <xUnit xIsTitle="false" xType="none">
            <xName xSffx=".">2</xName>
            <xText>
              <xBx>oddala apelację pozwanego; </xBx>
            </xText>
          </xUnit>
          <xUnit xIsTitle="false" xType="none">
            <xName xSffx=".">3</xName>
            <xText>
              <xBx>zasądza od Prezesa Urzędu Regulacji Energetyki na rzecz <xAnon> (...) Sp. z o.o.</xAnon> w <xAnon>W.</xAnon> kwotę 370 (trzysta siedemdziesiąt) złotych tytułem zwrotu kosztów postępowania apelacyjnego.  </xBx>
            </xText>
          </xUnit>
          
          <xText>
            <xBx>Sygn. akt VI A Ca 420/13 </xBx>
          </xText>
        </xUnit>
        <xUnit xIsTitle="true" xType="part" xBold="true">
          <xName>UZASADNIENIE</xName>
          <xText>Decyzją z dnia 17 września 2010 r., znak: <xAnon>(...)</xAnon>, Prezes Urzędu Regulacji Energetyki, w punkcie 1. orzekł, że <xAnon> (...) Sp. z o. o.</xAnon> z siedzibą w <xAnon>W.</xAnon>, naruszył <xLexLink xArt="art. 23;art. 23 ust. 1" xIsapId="WDU20061691199" xTitle="Ustawa z dnia 25 sierpnia 2006 r. o biokomponentach i biopaliwach ciekłych" xAddress="Dz. U. z 2006 r. Nr 169, poz. 1199">art. 23 ust. 1 ustawy z dnia 25 sierpnia 2006 r. o biokomponentach i biopaliwach ciekłych</xLexLink> (Dz. U. 2006 Nr 169, poz. 1199 ze zm. dalej: „ustawa o biopaliwach”) w ten sposób, iż nie zapewnił w 2008 r. minimalnego udziału biokomponentów i innych paliw odnawialnych w ogólnej ilości paliw ciekłych i biopaliw ciekłych sprzedanych lub zbytych w innej formie lub zużytych przez niego na potrzeby własne i w związku z powyższym w <xLexLink xArt="art. 23 pkt. 2" xIsapId="WDU20061691199" xTitle="Ustawa z dnia 25 sierpnia 2006 r. o biokomponentach i biopaliwach ciekłych" xAddress="Dz. U. z 2006 r. Nr 169, poz. 1199">punkcie 2</xLexLink>. wymierzył <xAnon> (...) Sp. z o.o.</xAnon> karę pieniężną w wysokości 14 309 701,51 zł.</xText>
          
          <xText>Odwołanie od powyższej decyzji złożyła <xAnon> spółka (...) Sp. z o.o.</xAnon>, która zaskarżając przedmiotowe rozstrzygnięcie w całości, zarzuciła Prezesowi URE naruszenie art. 23 ust. 1 ustawy o biopaliwach, błąd w ustaleniach faktycznych i w konsekwencji zawyżenie o 10 735 424,62 zł, wartości wolumenu paliw objętych obowiązkiem realizacji Narodowego Celu Wskaźnikowego, a w konsekwencji wadliwe określenie wysokości kary pieniężnej, co stanowi błędne zastosowanie art. 33 ust. 1 pkt 5 ustawy o biopaliwach w związku z <xLexLink xArt="art. 492;art. 492 § 1;art. 492 § 1 pkt. 1;art. 494;art. 494 § 1;art. 494 § 2" xIsapId="WDU20000941037" xTitle="Ustawa z dnia 15 września 2000 r. - Kodeks spółek handlowych" xAddress="Dz. U. z 2000 r. Nr 94, poz. 1037">art. 492 § 1 pkt 1 oraz art. 494 § 1 i 2 ustawy z dnia 15 września 2000 r. Kodeks spółek handlowych</xLexLink> (Dz. U. z 2000 r. Nr 94, poz. 1031, z późn. zm.), oraz w związku z § 1 rozporządzenia w sprawie <xAnon> (...)</xAnon>; nieuprawnione zastosowanie do obliczeń wagowo-objętościowych współczynnika gęstości przewidzianego w <xLexLink xArt="§ 1;§ 1 ust. 2;§ 1 ust. 2 pkt. 3;§ 1 ust. 2 pkt. 9" xIsapId="WDU20080030012" xTitle="Rozporządzenie Ministra Gospodarki z dnia 27 grudnia 2007 r. w sprawie wartości opałowej poszczególnych biokomponentów i paliw ciekłych" xAddress="Dz. U. z 2008 r. Nr 3, poz. 12">§ 1 ust. 2 pkt 3 oraz pkt 9 rozporządzenia Ministra Gospodarki z dnia 27 grudnia 2007 r. w sprawie wartości opałowej poszczególnych biokomponentów i paliw ciekłych</xLexLink> (Dz. U. z 2008 r. Nr 3, poz. 12);</xText>
          <xText>naruszenie art. 33 ust. 5 ustawy o biopaliwach w zw. z <xLexLink xArt="art. 6" xIsapId="WDU19600300168" xTitle="Ustawa z dnia 14 czerwca 1960 r. - Kodeks postępowania administracyjnego" xAddress="Dz. U. z 1960 r. Nr 30, poz. 168">art. 6 kpa</xLexLink>; naruszenie art. 23 ustawy o biopaliwach w zw. z <xLexLink xArt="art. 2" xIsapId="WDU19970780483" xTitle="Konstytucja Rzeczypospolitej Polskiej z dnia 2 kwietnia 1997 r." xAddress="Dz. U. z 1997 r. Nr 78, poz. 483">art. 2 Konstytucji</xLexLink>; naruszenie <xLexLink xArt="art. 2" xIsapId="WDU19970780483" xTitle="Konstytucja Rzeczypospolitej Polskiej z dnia 2 kwietnia 1997 r." xAddress="Dz. U. z 1997 r. Nr 78, poz. 483">art. 2</xLexLink> w zw. z <xLexLink xArt="art. 45;art. 45 ust. 1" xIsapId="WDU19970780483" xTitle="Konstytucja Rzeczypospolitej Polskiej z dnia 2 kwietnia 1997 r." xAddress="Dz. U. z 1997 r. Nr 78, poz. 483">art. 45 ust. 1 Konstytucji</xLexLink>; naruszenie <xLexLink xArt="art. 2;art. 64;art. 64 ust. 1;art. 42;art. 42 ust. 1" xIsapId="WDU19970780483" xTitle="Konstytucja Rzeczypospolitej Polskiej z dnia 2 kwietnia 1997 r." xAddress="Dz. U. z 1997 r. Nr 78, poz. 483">art. 2 oraz art. 64 ust. 1 i art. 42 ust. 1</xLexLink> w zw. z <xLexLink xArt="art. 31;art. 31 ust. 3" xIsapId="WDU19970780483" xTitle="Konstytucja Rzeczypospolitej Polskiej z dnia 2 kwietnia 1997 r." xAddress="Dz. U. z 1997 r. Nr 78, poz. 483">art. 31 ust. 3 Konstytucji</xLexLink>; naruszenie <xLexLink xArt="art. 2;art. 42;art. 42 ust. 2" xIsapId="WDU19970780483" xTitle="Konstytucja Rzeczypospolitej Polskiej z dnia 2 kwietnia 1997 r." xAddress="Dz. U. z 1997 r. Nr 78, poz. 483">art. 2 oraz art. 42 ust. 2 Konstytucji</xLexLink>; naruszenie § 1 rozporządzenia w sprawie <xAnon> (...)</xAnon> w związku z art. 24 ust. 1 ustawy o biopaliwach oraz w związku z <xLexLink xArt="art. 92;art. 92 ust. 1" xIsapId="WDU19970780483" xTitle="Konstytucja Rzeczypospolitej Polskiej z dnia 2 kwietnia 1997 r." xAddress="Dz. U. z 1997 r. Nr 78, poz. 483">art. 92 ust. 1 Konstytucji</xLexLink>; naruszenie <xLexLink xArt="art. 8;art. 81" xIsapId="WDU19600300168" xTitle="Ustawa z dnia 14 czerwca 1960 r. - Kodeks postępowania administracyjnego" xAddress="Dz. U. z 1960 r. Nr 30, poz. 168">art. 8 oraz art. 81 kpa</xLexLink>; naruszenie <xLexLink xArt="art. 7;art. 78;art. 78 § 2" xIsapId="WDU19600300168" xTitle="Ustawa z dnia 14 czerwca 1960 r. - Kodeks postępowania administracyjnego" xAddress="Dz. U. z 1960 r. Nr 30, poz. 168">art. 7 i 78 § 2 kpa</xLexLink>; naruszenie <xLexLink xArt="art. 77;art. 80" xIsapId="WDU19600300168" xTitle="Ustawa z dnia 14 czerwca 1960 r. - Kodeks postępowania administracyjnego" xAddress="Dz. U. z 1960 r. Nr 30, poz. 168">art. 77 i 80 kpa</xLexLink> w zw. z <xLexLink xArt="art. 9" xIsapId="WDU20041731807" xTitle="Ustawa z dnia 2 lipca 2004 r. o swobodzie działalności gospodarczej" xAddress="Dz. U. z 2004 r. Nr 173, poz. 1807">art. 9 ustawy z dnia 2 lipca 2004 r. o swobodzie działalności gospodarczej</xLexLink> (t.j. Dz. U. z 2010 r. Nr 220, poz. 1447). W odwołaniu zostały także zawarte wnioski o wystąpienie do Trybunału Konstytucyjnego z pytaniami prawnymi w przedmiocie zgodności art. 23 ust. 1, art. 24 ust. 1 oraz art. 33 ust. 1 pkt 5 i ust. 5 ustawy o biopaliwach i §1 rozporządzenia w sprawie <xAnon> (...)</xAnon> z <xLexLink xArt="" xIsapId="WDU19970780483" xTitle="Konstytucja Rzeczypospolitej Polskiej z dnia 2 kwietnia 1997 r." xAddress="Dz. U. z 1997 r. Nr 78, poz. 483">Konstytucją Rzeczypospolitej Polskiej</xLexLink>.</xText>
          <xText>Uzupełniając odwołanie <xAnon> (...) Sp. z o.o.</xAnon> zarzuciła ponadto naruszenie art. 33 ust 1 pkt 5 ustawy z dnia 25 sierpnia 2006 r. o biopaliwach poprzez jego zastosowanie w przedmiotowej sprawie, podczas gdy brak było ku temu podstaw, a także wskazała na niezgodność rozporządzenia Rady Ministrów w sprawie <xAnon> (...)</xAnon> jest niezgodne z art. 24 ust 1 ustawy o biopaliwach, a tym samym również z <xLexLink xArt="art. 92;art. 92 ust. 1" xIsapId="WDU19970780483" xTitle="Konstytucja Rzeczypospolitej Polskiej z dnia 2 kwietnia 1997 r." xAddress="Dz. U. z 1997 r. Nr 78, poz. 483">art. 92 ust 1 Konstytucji RP</xLexLink>; zarzucała retroaktywność stosowania sankcji przewidzianej z tytułu niezapewnienia minimalnego udziału biokomponentów w paliwach ciekłych i biopaliwach ciekłych.</xText>
          
          <xText>W odpowiedzi na odwołanie Prezes URE wniósł o oddalenie odwołania a nadto na rozprawie o zasądzenie kosztów zastępstwa procesowego.</xText>
          
          <xText>Wyrokiem z dnia 16 listopada 2012 r. Sąd Okręgowy w Warszawie – Sąd Ochrony Konkurencji i Konsumentów w punkcie I. zmienił zaskarżoną decyzję w punkcie 2 w ten sposób, że wymierzył <xAnon> (...) Sp. z o.o.</xAnon> karę pieniężną w wysokości 10 632 574, 46 zł; w punkcie II. oddalił odwołanie w pozostałej części; a w punkcie III. zasądził od Prezesa URE na rzecz <xAnon> (...) Sp. z o.o.</xAnon> kwotę 263,00 zł tytułem kosztów postępowania.</xText>
          
          <xText>Sąd Okręgowy ustalił, że <xAnon>(...)</xAnon> jest przedsiębiorcą wpisanym do rejestru przedsiębiorców Krajowego Rejestru Sądowego pod numerem <xAnon> (...)</xAnon> z informacją o połączeniu się z <xAnon> (...) Sp. z o.o.</xAnon> poprzez przeniesienie całego majątku <xAnon>(...)</xAnon> na <xAnon>(...)</xAnon> uchwałami Nadzwyczajnych Zgromadzeń Wspólników obu spółek z dnia 8 kwietnia 2008 r. Posiada koncesję na obrót paliwami ciekłymi udzieloną decyzją Prezesa URE. Dnia 17 marca 2009 r. Prezes URE wezwał <xAnon>(...)</xAnon> do podania na formularzu sprawozdania <xAnon>(...)</xAnon> informacji dotyczących realizacji obowiązku zapewnienia w 2008 r. co najmniej minimalnego udziału biokomponentów i innych paliw odnawialnych w ogólnej ilości paliw ciekłych i biopaliw ciekłych sprzedanych, zbytych w innej formie lub zużytych na potrzeby własne. <xAnon>(...)</xAnon> złożył sprawozdanie <xAnon>(...)</xAnon> podając w poz. 102 ilość oleju napędowego zawierającego do 5,0% objętościowo estrów metylowych kwasów tłuszczowych rzędu 30 998,260 ton w tym zawartość biokomponentu estru metylowego kwasów tłuszczowych o wartości 554,780 ton. W roku 2007 <xAnon>(...)</xAnon> dokonał importu czystego oleju napędowego w ilości 11 983,800 ton. Od dnia 18 stycznia 2008 r. do dnia 12 czerwca 2008 r. <xAnon>(...)</xAnon> odprawił w Urzędzie Celnym w <xAnon> (...)</xAnon> 705,165 litrów oleju napędowego, co odpowiada wielkości 19 707,163 ton paliwa ciekłego. Łącznie w latach 2007-2008 <xAnon>(...)</xAnon> dokonał importu oleju napędowego w ilości 31 690,963 ton. W okresie od 7 kwietnia 2008 r. do 13 czerwca 2008 r. olej napędowy został zblendowany w składzie <xAnon> (...) Sp. z o.o.</xAnon> Baza Paliw nr <xAnon>(...)</xAnon> w <xAnon>M.</xAnon> z estrem metylowym w ilości 554,079 ton. Olej napędowy posiadał różne gęstości. W pierwszym półroczu 2008 r. <xAnon>(...)</xAnon> dokonał sprzedaży hurtowej 33 156,271 m<xSUPx>(
    
    
    
    
    
    
    
    
    
    
    
    
    
    
    
    
    
    
    
    
    
    
    
    
    
    
    
    
    
    
    
    
    
    
    
    
    
    
    
    
    
    
    3)</xSUPx> oleju napędowego za cenę 123 634 584,58 zł. Wśród transakcji hurtowych znajdowały się również takie, które były zawierane pomiędzy <xAnon>(...)</xAnon> a <xAnon>(...)</xAnon>. Sprzedaż 33 156,271 m<xSUPx>(
    
    
    
    
    
    
    
    
    
    
    
    
    
    
    
    
    
    
    
    
    
    
    
    
    
    
    
    
    
    
    
    
    
    
    
    
    
    
    
    
    
    
    3)</xSUPx> oleju napędowego odpowiadała 27 644,544 tonom. W związku z tym, że dane przedstawione w formularzu sprawozdawczym <xAnon>(...)</xAnon> poz. 101, 104 i 201, 204 wskazywały 30 998,260 ton oleju napędowego sprzedanego lub zbytego w innej formie, a dokumenty <xAnon>(...)</xAnon> potwierdzały ilość 23 705,163 ton nabytego w 2008 roku, Prezes URE skierował zapytania o (i) ilość paliw zużytych na potrzeby własne, (ii) szczegółowe zestawienie określające sposób ustalenia wolumenu i wartości sprzedaży oleju napędowego za pośrednictwem handlu detalicznego w 2008 r. <xAnon>(...)</xAnon> wezwany do wykazania ilości sprzedaży na potrzeby własne, oświadczył, że odpowiada ona informacji zawartej w formularzu sprawozdawczym <xAnon>(...)</xAnon> (czyli „0”). Odnośnie sprzedaży detalicznej przedsiębiorca oświadczył, że nie ma ani technicznej ani księgowej możliwości wyliczenia po jakiej wartości, gdzie kiedy i komu, po jakiej cenie została zbyta część zaimportowanego oleju napędowego w ramach sprzedaży detalicznej. <xAnon> (...) Sp. z o.o.</xAnon> Baza Paliw nr <xAnon>(...)</xAnon> w <xAnon>M.</xAnon> była gotowa do blendowania oleju napędowego z biokomponentami od 13 marca 2008 roku, przy czym z 5% zawartością estrów od 27 marca 2008 roku a z 20% zawartością estrów od 1 grudnia 2008 roku. Wobec tego, że przepis art. 23 ustawy o biopaliwach stanowi, że podmiot realizujący <xAnon> (...)</xAnon> a zatem podmiot, o którym mowa w art. 2 ust. 1 pkt 25 tej ustawy, jest obowiązany zapewnić w danym roku co najmniej minimalny udział biokomponentów i innych paliw odnawialnych w ogólnej ilości paliw ciekłych i biopaliw ciekłych sprzedawanych, zbywanych przez niego w innej formie, względnie zużywanych na potrzeby własne i <xAnon>(...)</xAnon> nie uczynił zadość temu obowiązkowi (wskazana w sprawozdaniu <xAnon>(...)</xAnon> wysokość 1,58%), Prezes URE wszczął postępowanie w sprawie wymierzenia kary pieniężnej. Postępowanie administracyjne zakończyło się wydaniem decyzji, od której <xAnon>(...)</xAnon> złożył odwołanie.</xText>
          <xText>W oparciu o powyższe ustalenia faktyczne Sąd Okręgowy uznał, że odwołanie zasługiwało na częściowe uwzględnienie.</xText>
          <xText>W pierwszej kolejności Sąd Okręgowy wskazał, że istota niniejszej sprawy sprowadzała się do oceny prawidłowości zastosowania sankcji z art. 33 ust. 5 ustawy o biopaliwach, co wymagało uprzedniej interpretacji zapisów art. 23, 33 ust. 1 pkt 5 oraz art. 33 ust. 5 ustawy o biopaliwach.</xText>
          <xText>Sąd wskazał, że <xAnon>(...)</xAnon> jest podmiotem, który zgodnie z art. 2 ust. 1 pkt 25 ustawy o biopaliwach realizuje Narodowy Cel Wskaźnikowy. Zgodnie z art. 23 ust. 2 ustawy o biopaliwach i wydanym <xLexLink xArt="" xIsapId="WDU20071100757" xTitle="Rozporządzenie Rady Ministrów z dnia 15 czerwca 2007 r. w sprawie Narodowych Celów Wskaźnikowych na lata 2008-2013" xAddress="Dz. U. z 2007 r. Nr 110, poz. 757">rozporządzeniem Rady Ministrów z dnia 15 czerwca 2007 r. w sprawie Narodowych Celów Wskaźnikowych na lata 2008-2013</xLexLink>, Sąd I instancji stwierdził, że Narodowy Cel Wskaźnikowy na rok 2008 wynosił 3,45%. Za bezsporne Sąd Okręgowy uznał, że <xAnon>(...)</xAnon> nie zrealizował tego celu.</xText>
          <xText>Oddalając wnioski odwołującego o wystąpienie z pytaniami prawnymi do Trybunału Konstytucyjnego Sąd I instancji wskazał, przedstawienie Trybunałowi Konstytucyjnemu pytania prawnego na podstawie <xLexLink xArt="art. 3" xIsapId="WDU19971020643" xTitle="Ustawa z dnia 1 sierpnia 1997 r. o Trybunale Konstytucyjnym" xAddress="Dz. U. z 1997 r. Nr 102, poz. 643">art. 3 ustawy z dnia 1 sierpnia 1997 r. o Trybunale Konstytucyjnym</xLexLink> (Dz. U. z dnia 1 września 1997 r.) wchodzi w rachubę, jedynie gdy to sąd, a nie strona, poweźmie wątpliwości co do zgodności aktu prawnego z <xLexLink xArt="" xIsapId="WDU19970780483" xTitle="Konstytucja Rzeczypospolitej Polskiej z dnia 2 kwietnia 1997 r." xAddress="Dz. U. z 1997 r. Nr 78, poz. 483">Konstytucją RP</xLexLink>. Skoro zatem w niniejszej sprawie takie wątpliwości nie zaistniały to zdaniem Sądu Okręgowego wnioski powoda nie zasługiwały na uwzględnienie.</xText>
          <xText>Za nietrafny uznał Sąd I instancji zarzut naruszenia art. 23 ust. 1 ustawy o biopaliwach. Sąd Okręgowy zauważył, że niniejsza ustawa określa zasady wykonywania działalności gospodarczej w zakresie wprowadzania do obrotu biokomponentów i biopaliw ciekłych oraz określania i realizacji Narodowego Celu Wskaźnikowego. Natomiast w myśl powołanego przepisu art. 23 podmiot realizujący Narodowy Cel Wskaźnikowy jest obowiązany zapewnić w danym roku co najmniej minimalny udział biokomponentów i innych paliw odnawialnych w ogólnej ilości paliw ciekłych i biopaliw ciekłych sprzedawanych, zbywanych w innej formie lub zużywanych przez niego na potrzeby własne. Narodowy Cel Wskaźnikowy to minimalny udział biokomponentów i innych paliw odnawialnych w ogólnej ilości paliw ciekłych i biopaliw ciekłych zużywanych w ciągu roku kalendarzowego w transporcie, liczony według wartości opałowej. Minimalna ilość biokomponentów, którą producenci muszą wprowadzić w roku kalendarzowym, czyli 'poziom procentowy' jest określona w rozporządzeniu w sprawie <xAnon> (...)</xAnon> wydanym na podstawie art. 36 ustawy o biopaliwach. Delegacja z art. 36 ustawy o biopaliwach wskazywała, że termin podania tych poziomów nastąpi do 15 czerwca 2007r. Jednocześnie delegacja nawiązywała do art. 24 ustawy o biopaliwach, czyli stanowiła wykonanie obowiązku ustawowego „(...) do dnia 15 czerwca danego roku, określa, w drodze rozporządzenia, Narodowe Cele Wskaźnikowe na kolejne 6 lat (...)”. Poziom został określony począwszy od roku 2008 r. Z wykładni art. 36 w związku z art. 24 ustawy o biopaliwach wynikało, że po raz pierwszy <xAnon> (...)</xAnon> będzie określony za 2008 rok. Potwierdza to ust. 3 pkt 2 art. 36, gdzie pierwszy raport miał zawierać dane o <xAnon> (...)</xAnon> za rok 2008 – 2010 i faktycznie wydane na podstawie art. 24 ust. 1 ustawy o biopaliwach rozporządzenie ustala Narodowe Cele Wskaźnikowe w wysokości: 1). 3,45 % na 2008 r., 2). 4,60 % na 2009 r., 3). 5,75% na 2010 r., 4). 6,20% na 2011 r., 5). 6,65 % na 2012 r., 6) . 7,10% na 2013 r.</xText>
          <xText>Następnie Sąd Okręgowy wskazał, że punkt odniesienia dla minimalnego udziału <xAnon> (...)</xAnon> stanowiła ogólna ilość paliw ciekłych i biopaliw zużywanych w ciągu roku kalendarzowego w transporcie.</xText>
          <xText>Z art. 2 ust. 1 pkt 24 ustawy o biopaliwach, czyli z samej definicji <xAnon> (...)</xAnon> wynika, że minimalny udział biokomponentów musi zawierać się w ogólnej ilości paliw, ale zużywanych w ciągu roku kalendarzowego, czyli takich, które są faktycznie wykorzystane przez ostatecznego konsumenta - kupującego. Natomiast podmiot, który realizuje <xAnon> (...)</xAnon> musi zapewnić ten minimalny udział w danym roku w paliwach „sprzedawanych, zbywanych w innej formie lub zużywanych przez niego na potrzeby własne", czyli jego obowiązek powstaje na etapie sprzedaży, zbycia, zużycia może być do ostatecznego konsumenta, ale nie musi, wystarczy do pośrednika. Kara pieniężna przewidziana ustawą o biopaliwach jest natomiast za samo niezapewnienie minimalnego udziału „w ogólnej ilości sprzedanych, zbytych w innej formie lub zużytych przez niego na potrzeby własne", czyli w transakcjach pomiędzy podmiotem zobowiązanym a drugą stroną umowy. Kara jest liczona za niezrealizowanie obowiązku z art. 23, czyli transakcje dokonane przez podmiot realizujący <xAnon> (...)</xAnon> (sprzedawane, zbywane w innej formie lub zużywane na potrzeby własne). Zasady określania i realizacji obowiązku <xAnon> (...)</xAnon> w art. 23 ust. 1 ustawy o biopaliwach wskazują, że punktem odniesienia jest ogólna ilość paliw ciekłych i biopaliw ciekłych podlegająca transakcji. Tym samym odniesieniem posługuje się art. 33 ust. 1 pkt 5 ustawy o biopaliwach.</xText>
          <xText>Z porównania art. 23 ust. 1, art. 33 ust. 1 pkt 5 i ust. 5 ustawy o biopaliwach zdaniem Sądu Okręgowego wynikało, że dla producenta importującego nieistotny jest moment importu; ustawa kładzie nacisk pa transakcje sprzedaży, zbycia w innej formie lub zużycia na potrzeby własne, czyli wprowadzenie do obrotu (na terytorium RP). Rok jest istotny tylko dla określenia minimalnego udziału biokomponentów, a nie dla momentu nabycia ogólnej ilości paliwa, stanowiącego miernik dla wyliczenia tego minimalnego udziału. Z danych istotnych dla współczynnika <xAnon> W</xAnon> podanego w art. 33 ust. 5 ustawy o biopaliwach ważne jest określenie ogólnej wartości paliw ciekłych i biopaliw ciekłych, sprzedanych, zbytych w innej formie lub zużytych przez podmiot na potrzeby własne za rok, za który określa się realizację <xAnon> (...)</xAnon>.</xText>
          <xText>A zatem paliwo zaimportowane w 2007 roku, ale sprzedane w 2008 roku winno się zaliczać do ogólnej ilości paliw (art. 23 ust. 1) branej pod uwagę przy określaniu współczynnika <xAnon> (...)</xAnon>.</xText>
          <xText>Rozporządzenie w sprawie <xAnon> (...)</xAnon> wskazuje na rok 2008 jako pierwszy rok określenia wskaźnika, ale punkt odniesienia (do ogólnej ilości) był już określony w ustawie o biopaliwach. Rozporządzenie weszło w życie 25 czerwca 2007 r. i od tej daty odwołujący wiedział, jaki udział biokomponentów musi zapewnić na rok 2008.</xText>
          <xText>W ocenie Sądu Okręgowego nie ma uzasadnienia pominięcie w obliczeniach importu za 2007 rok, bo nie jest istotny moment wprowadzenia na obszar UE, ale moment transakcji - sprzedaży, zbycia w innej formie lub zużycia na potrzeby własne.</xText>
          <xText>Zdaniem Sądu I instancji Prezes URE słusznie przyjął że:</xText>
          <xText>(I) import w latach 2007 - 2008 czystego oleju napędowego 31 690,963 ton z czego w 2007 roku 11 983,800 ton (bezsporne), k. 613, 762 akt administracyjnych;</xText>
          <xText>(II) blendowanie w okresie 7 kwietnia 2008 - 13 czerwca 2008 z w/w olejem - ester metylowy 554, 079 ton w Bazie Paliw nr <xAnon>(...)</xAnon><xAnon>M.</xAnon>, k. 674 - 700 akt administracyjnych;</xText>
          <xText>(III) sprzedaż hurtową czystego oleju napędowego będącego przedmiotem importu 2007 - 2008 oraz zblendowanego z nim estru w II kwartale 2008 r.</xText>
          <xText>Sąd Okręgowy nie przyjął natomiast, że cały zaimportowany olej w ilości 31 690,963 ton następnie zblendowany z estrem w ilości 554,079 ton (łącznie 32 245,042 ton) został sprzedany. Na podstawie złożonych faktur VAT bezsporna jest sprzedaż hurtowa za rok 2008 ilości 27 644,544 ton (z przeliczenia 33 156,271 m wynikającej z faktur). Nie było w ocenie Sądu I instancji dowodu, aby pozostałą ilość 4 600,498 ton uznać za sprzedaną w 2008 roku w handlu detalicznym.</xText>
          <xText>Zebranie dowodów na transakcje sprzedaży hurtowej nie mogło w ocenie Sądu Okręgowego prowadzić do konstatacji, że pozostała ilość mieści się w sprzedaży detalicznej albo „zbyciu w innej formie lub zużyciu na potrzeby własne”. Organ wymierzając karę musi opierać się na pewnych danych, a nie czynionych założeniach.</xText>
          <xText>Dla realizacji <xAnon> (...)</xAnon> i ustaleń ogólnej ilości paliwa ważna zdaniem Sądu I instancji była chwila transakcji. Nawet przejęcie majątku składającego się z wcześniej sprzedanego paliwa, nie niwelowałoby pierwszej transakcji sprzedaży, która zaliczała się do ogólnej ilość paliw ciekłych i biopaliw sprzedawanych, zbywanych w innej formie lub zużywanych na potrzeby własne. Majątek nabyty nie mógłby powiększyć ogólnej ilości paliw, bo nie stanowiłoby to ani formy sprzedaży, zbycia w innej formie lub zużycia na potrzeby własne podmiotu wykonującego działalność w zakresie importu lub nabycia wewnątrzwspólnotowego.</xText>
          <xText>Odnośnie zarzutu trzeciego, Sąd Okręgowy zauważył, że stanowisko Prezesa URE znajduje oparcie w przepisach <xLexLink xArt="" xIsapId="WDU20080030012" xTitle="Rozporządzenie Ministra Gospodarki z dnia 27 grudnia 2007 r. w sprawie wartości opałowej poszczególnych biokomponentów i paliw ciekłych" xAddress="Dz. U. z 2008 r. Nr 3, poz. 12">rozporządzenia Ministra Gospodarki z dnia 27 grudnia 2007 r. w sprawie wartości opałowej poszczególnych biokomponentów i paliw ciekłych</xLexLink> (Dz. U. z dnia 9 stycznia 2008 r.). Zgodnie z nim: §1.1. Wartość opałowa dla: oleju napędowego bez dodatku biokomponentu, stosowanego w pojazdach, ciągnikach rolniczych, a także maszynach nieporuszających się po drogach, wyposażonych w silniki z zapłonem samoczynnym, wynosi 42,9 MJ/kg.</xText>
          <xText>Wartość opałową poszczególnych biokomponentów i paliw ciekłych określoną w jednostkach (MJ/kg) przelicza się na jednostki (MJ/m3), stosując następujące średnie wartości gęstości dla: (...) 9) oleju napędowego - 833 kg/m3. Słusznie organ podkreśla zasadę równości podmiotów wobec prawa, bowiem już z istnienia rozbieżności w dokumentach złożonych przez odwołującego co do gęstości w 15°C w oleju napędowym i estrze metylowym (protokoły produkcji i dokumenty przewozowe) wynika obowiązek przyjęcia średnich wskaźników. Bez regulacji rozporządzeniem średnich wskaźników dochodziłoby do zróżnicowania danych podmiotów podlegających <xAnon> (...)</xAnon>.</xText>
          <xText>W ocenie Sądu Okręgowego trafnie podkreślał także Prezes URE, że usytuowanie w art. 23 ustawy o biopaliwach delegacji dla ministra do spraw gospodarki do wydania rozporządzenia określającego wartość opałową poszczególnych biokomponentów, w logiczny sposób przekonuje o zastosowaniu tak określonych danych do dalszych wyliczeń. Rozporządzenie, które określa wartość opałową oraz przeliczanie wartości opałowej poszczególnych biokomponentów i paliw ciekłych określonej w jednostkach (MJ/kg) na jednostki (MJ/m3), wpisuje się w cel ustawy o biopaliwach tj. określenie zasad i realizacji <xAnon> (...)</xAnon>. Przyjęte rozwiązania obowiązują wszystkich w takim samym stopniu i obliczenia są dokonywane przy pomocy danych odpowiadających stanowi wiedzy technicznej.</xText>
          <xText>Ponadto Sąd Okręgowy zauważył, że odwołujący nie miał wątpliwości co do zastosowanej średniej wartości gęstości z rozporządzenia na etapie składania sprawozdania <xAnon>(...)</xAnon>. oraz nie kwestionuje w postępowaniu wartości opałowej 42,9 MJ/kg służącej przeliczeniu na MJ/m3a również pochodzącej z rozporządzenia. W tym stanie rzeczy stwierdzić należy, iż Prezes URE obowiązany był zastosować do wyliczeń dokonanych w niniejszej sprawie wskaźniki gęstości paliw (oleju napędowego) oraz biokomponentów (estru metylowego kwasów tłuszczowych), określone w <xLexLink xArt="" xIsapId="WDU20080030012" xTitle="Rozporządzenie Ministra Gospodarki z dnia 27 grudnia 2007 r. w sprawie wartości opałowej poszczególnych biokomponentów i paliw ciekłych" xAddress="Dz. U. z 2008 r. Nr 3, poz. 12">rozporządzeniu Ministra Gospodarki z dnia 27 grudnia 2007 r. w sprawie wartości opałowej poszczególnych biokomponentów i paliw ciekłych</xLexLink>.</xText>
          <xText>Sąd I instancji podzielił także argumentację Prezesa URE w zakresie braku podstaw do powoływania się na przepisy <xLexLink xArt="" xIsapId="WDU20090030011" xTitle="Ustawa z dnia 6 grudnia 2008 r. o podatku akcyzowym" xAddress="Dz. U. z 2009 r. Nr 3, poz. 11">ustawy z dnia 6 grudnia 2008 r. o podatku akcyzowym</xLexLink> (Dz. U. z 2009 r. Nr 3, poz. 11, z późn. zm.). Nie ulega bowiem wątpliwości, iż przytoczony przez <xAnon>(...)</xAnon> przepis art. 88 ust. 1 ustawy o podatku akcyzowym wskazuje na sposób ustalania podstawy opodatkowania wyrobów energetycznych i zastosowanie znajduje wyłącznie na gruncie przepisów tej ustawy. Ustawa o biopaliwach wprowadzająca obowiązek realizacji Narodowego Celu Wskaźnikowego, przewiduje natomiast w tym względzie własne rozwiązania prawne i w żadnym przypadku nie odsyła - w zakresie ustalania podstawy realizacji Narodowego Celu Wskaźnikowego - do unormowań zawartych w przepisach prawa podatkowego.</xText>
          <xText>Za zasadny uznał Sąd Okręgowy zarzut odnoszący się, zdaniem Sądu, do przyjętej przez Prezesa URE do wyliczeń wartości sprzedaży detalicznej. Faktem jest, że Prezes URE w trakcie prowadzonego postępowania administracyjnego wielokrotnie kierował do <xAnon>(...)</xAnon> wezwania o (i) ilość paliw zużytych na potrzeby własne (k. 566 akt administracyjnych), (ii) szczegółowe zestawienie określające sposób ustalenia wolumenu i wartości sprzedaży oleju napędowego za pośrednictwem handlu detalicznego w 2008 r. (k. 737 akt administracyjnych, k. 786 akt administracyjnych). Jak powyżej ustalono <xAnon>(...)</xAnon> wezwany do wykazania ilości sprzedaży na potrzeby własne, oświadczył, że odpowiada ona informacji zawartej w formularzu sprawozdawczym <xAnon>(...)</xAnon> (czyli „0”). Odnośnie sprzedaży detalicznej przedsiębiorca oświadczył, że nie ma ani technicznej ani księgowej możliwości wyliczenia po jakiej wartości, gdzie kiedy i komu, po jakiej cenie została zbyta część zaimportowanego oleju napędowego w ramach sprzedaży detalicznej (k. 573 akt administracyjnych, k. 746 akt administracyjnych).</xText>
          <xText>Sąd Okręgowy nie zgodził się ze stanowiskiem Prezesa URE, że dane pozwalające na ustalenie wartości sprzedaży detalicznej zostały przekazane przez <xAnon>(...)</xAnon> dopiero przy piśmie z dnia 24 maja 2010 r., (k. 806 akt administracyjnych). Dane to odnoszą się co prawda do sprzedaży z 2008 roku, nie można jednak założyć, że dotyczą paliwa podlegającego <xAnon> (...)</xAnon>. Z uzasadnienia decyzji wynika uznanie przez organ, że w obrocie detalicznym w pierwszej połowie 2008 roku sprzedano 4 600,498 ton. Natomiast z informacji przekazanej 24 maja 2010 roku przyjęto dla wyliczenia średniej ceny sprzedaży detalicznej sprzedaż 47 690 ton za pierwszą połowę 2008 roku.</xText>
          <xText>W ocenie Sądu I instancji nie zostało udowodnione, że cała zakupiona ilość paliwa w 2007- 2008 roku została sprzedana w 2008 r. W materiale dowodowym zgromadzono dowody sprzedaży hurtowej (faktury VAT) w 2008 r., nie ma natomiast dowodów na inne transakcje: sprzedaży, zbycia w innej formie, zużycia na potrzeby własne (art. 33 ust. 5 ustawy o biopaliwach). Z zestawienia importu 2007 (k. 69) wynika, że cztery dostawy zostały odprawione w 2007, a zatem mogły być przedmiotem transakcji już w 2007 roku. Podane wartości z pisma <xAnon>(...)</xAnon> z dnia 24 maja 2010 r. odnoszą się do sprzedaży detalicznej paliwa, co nie jest równoznaczne z wnioskiem, iż paliwo to jest z importu 2007-2008. Ponadto wątpliwość Sądu budził sposób ustalenia ilości sprzedaży na terytorium RP w obrocie detalicznym oleju napędowego z estrem metylowym kwasów tłuszczowych. Po pierwsze, samo założenie, że sprzedaż detaliczna obejmowała olej zblendowany jest dyskusyjne, skoro blednowanie rozpoczęło się 7 kwietnia 2008 r. i trwało do 13 czerwca 2008 r. Prezes URE przyjmując różnicę pomiędzy 31 690,963 ton (cały import) + 554,079ton (ester) =32 245,042 ton - 27 644,544 ton (sprzedaż hurtowa ) zakładał brak sprzedaży detalicznej przed 7 kwietnia 2008 r. Po drugie, Prezes URE warunkuje swoje obliczenia od faktu, że cały importowany olej z 2007-2008 został sprzedany w 2008 r. co nie jest uzasadnione jak wskazano wyżej. Uzasadniony jest wniosek przeciwny, że importowane paliwo mogło było sprzedawane w różnych okresach.</xText>
          <xText>W ocenie Sądu Okręgowego kara nie mogła być oparta na domniemaniach co do stanu faktycznego. Słusznie zaś przyjęto dla jej obliczenia sprzedaż hurtową uwzględniającą VAT, bowiem taka wartość sprzedaży wynika z faktur złożonych przez <xAnon>(...)</xAnon>. Zgodnie z <xLexLink xArt="art. 535" xIsapId="WDU19640160093" xTitle="Ustawa z dnia 23 kwietnia 1964 r. - Kodeks cywilny" xAddress="Dz. U. z 1964 r. Nr 16, poz. 93">art. 535 k.c.</xLexLink> przez umowę sprzedaży sprzedawca zobowiązuje się przenieść na kupującego własność rzeczy i wydać mu rzecz, a kupujący zobowiązuje się rzecz odebrać i zapłacić sprzedawcy cenę. Odpowiednikiem świadczenia sprzedawcy jest umówiona cena, a więc ustalona przez strony i wyrażona w pieniądzu wartość rzeczy lub prawa będących przedmiotem umowy.</xText>
          <xText>Podstawowe przepisy odnoszące się do ceny zawiera <xLexLink xArt="" xIsapId="WDU19640160093" xTitle="Ustawa z dnia 23 kwietnia 1964 r. - Kodeks cywilny" xAddress="Dz. U. z 1964 r. Nr 16, poz. 93">kodeks cywilny</xLexLink> oraz <xLexLink xArt="" xIsapId="WDU20010971050" xTitle="Ustawa z dnia 5 lipca 2001 r. o cenach" xAddress="Dz. U. z 2001 r. Nr 97, poz. 1050">ustawa z 5 lipca 2001 r. o cenach</xLexLink> (Dz. U. Nr 97, poz. 1050 z późn. zm.), mająca zastosowanie do umów sprzedaży, w których co najmniej jedna strona jest przedsiębiorcą, przyjmując generalną zasadę swobodnego uzgadniania cen przez strony umowy. "Ceną" w rozumieniu ustawy jest wartość wyrażona w jednostkach pieniężnych, którą kupujący jest obowiązany zapłacić przedsiębiorcy za towar lub usługę. W cenie tej uwzględnia się podatek od towarów i usług oraz podatek akcyzowy, jeżeli na podstawie odrębnych przepisów sprzedaż towaru podlega obciążeniem podatkiem od towarów i usług oraz podatkiem akcyzowym. W tym stanie rzeczy cena zakupionego towaru (paliwa) obejmowała VAT.</xText>
          <xText>Sąd Okręgowy wskazał też, że odwołujący jako podmiot dysponujący koncesją na obrót paliwami ciekłymi winien liczyć się z koniecznością wypełniania związanych z nią a wynikających z przepisów prawa obowiązków. W rozumieniu definicji zawartej w art. 2 ust. 1 pkt 25 ustawy o biopaliwach, <xAnon>(...)</xAnon> stał się podmiotem realizującym Narodowy Cel Wskaźnikowy, bowiem wykonywał działalność gospodarczą w zakresie importu paliw ciekłych, które następnie sprzedawał na terytorium Rzeczypospolitej Polskiej. Kluczowym jego obowiązkiem w tym przypadku było zatem zagwarantowanie co najmniej minimalnego udziału biokomponentów i innych paliw odnawialnych w ogólnej ilości zaimportowanych i sprzedanych paliw ciekłych, o którym mowa w art. 23 ust. 1 ustawy o biopaliwach. Samo stanowisko zawarte w odwołaniu świadczy, że <xAnon> (...)</xAnon> mógł być wykonany, ale przy poniesieniu dodatkowych kosztów. Wysokość tych kosztów nie została udowodniona. Załącznik dołączony do odwołania nie stanowi dowodu. Jako dokument prywatny stanowi jedynie dowód tego, że osoba, która go podpisała, złożyła oświadczenie zawarte w dokumencie (<xLexLink xArt="art. 245" xIsapId="WDU19640430296" xTitle="Ustawa z dnia 17 listopada 1964 r. - Kodeks postępowania cywilnego" xAddress="Dz. U. z 1964 r. Nr 43, poz. 296">art. 245 k.p.c.</xLexLink>). Sąd I instancji podkreślił przy tym, że z tego dokumentu nie wynikała personalizacja podpisującego.</xText>
          <xText>Sąd Okręgowy stwierdził następnie, że obowiązek wiążący się ze zrealizowaniem Narodowego Celu Wskaźnikowego ma charakter bezwzględny. Ustawodawca nie przewidział w tym zakresie żadnych przesłanek ekskulpacyjnych, których spełnienie pozwalałoby na odstąpienie od stosowania wobec danego podmiotu dyspozycji art. 23 ust. 1 ustawy o biopaliwach.</xText>
          <xText>Z przedstawionych przez Prezesa URE danych liczbowych wynika, że <xAnon>(...)</xAnon> nie wykorzystał rozwiązań w zakresie importu lub nabycia wewnątrzwspólnotowego biokomponentów i biopaliw ciekłych, a także nie skorzystał z możliwości wytwórczych, które były dostępne w zakresie usługi blendowania oleju napędowego z estrem metylowym, świadczonej przez przedsiębiorców posiadających największe zdolności produkcyjno-magazynowe w tym zakresie. <xAnon> (...) Sp. z o.o.</xAnon> z dnia 9 listopada 2009 r. <xAnon> (...)</xAnon> (k. 653 - 660 akt administracyjnych) i 21 stycznia 2009 r. (k. 609 akt administracyjnych) oraz złożone przez <xAnon>(...)</xAnon> do odwołania potwierdzają możliwości blendowania. Sprzeczne z protokołami blendowania (k. 674-699 akt administracyjnych) jest twierdzenie o możliwości blendowania dopiero od listopada 2008 roku. Protokoły z blendowania świadczą również o tym, że nie było przeszkód w wykonaniu usługi, bowiem daty dostawy zbiegają się z datami protokołów (k. 674 - 699 akt administracyjnych). Pomiędzy datami usług są rozpiętości kilkudniowe, co wskazuje iż odwołujący nie wykorzystywał możliwości <xAnon> (...) Sp. z o.o.</xAnon></xText>
          <xText>Sąd Okręgowy nie podzielił zarzutu co do niekonstytucyjności kary pieniężnej, wskazując, że kary pieniężne nakładane przez organy regulacji rynku nie mają charakteru sankcji karnych, jednakże - mając na względzie zapatrywania Europejskiego Trybunału Praw Człowieka - przyjmuje, że w zakresie, w jakim dochodzi do wymierzenia przedsiębiorcy kary pieniężnej, zasady sądowej weryfikacji prawidłowości orzeczenia organu regulacji powinny odpowiadać wymaganiom analogicznym do tych, jakie obowiązują sąd orzekający w sprawie karnej (wyroki Sądu Najwyższego z 14 kwietnia 2010 r. sygn. akt III SK1/2010; z 1 czerwca 2010 r. sygn. akt III SK 5/2010; z 21 września 2010 r. sygn. akt III SK 8/2010; z 4 listopada 2010 r. sygn. akt III SK 21/2010).</xText>
          <xText>Sąd Okręgowy wskazał, że administracyjne kary pieniężne są środkami mającymi na celu mobilizowanie podmiotów do terminowego i prawidłowego wykonywania obowiązków na rzecz państwa. Sankcje administracyjne - stosowane automatycznie, z mocy ustawy - mają przede wszystkim znaczenie prewencyjne (wyrok TK z 24 stycznia 2006 r. sygn. akt SK 52/04, OTK-A 2006, nr 1, poz. 6). Kara administracyjna nie stanowi odpłaty za popełniony czyn, lecz ma charakter środka przymusu służącego zapewnieniu realizacji wykonawczo-zarządzających zadań administracji agregowanych przez pojęcie interesu publicznego (wyrok TK z 31 marca 2008 r. sygn. akt SK 75/06, OTK- A 2008, nr 2, poz. 30). Sankcje administracyjne służą prewencji dwojako: zniechęcając do naruszenia obowiązków oraz skłaniając ukaranego do zapobieżenia powtórnemu naruszeniu przedmiotowych obowiązków w przyszłości (wyrok TK z dnia 14 października 2009 r. sygn. akt Kp 4/09, OTK-A 2009, nr 9, poz. 134). <xLexLink xArt="art. 42" xIsapId="WDU19970780483" xTitle="Konstytucja Rzeczypospolitej Polskiej z dnia 2 kwietnia 1997 r." xAddress="Dz. U. z 1997 r. Nr 78, poz. 483">Art. 42 Konstytucji</xLexLink> zawiera szereg gwarancji procesowych, które wiążą nie tylko w sprawach karnych w formalnym rozumieniu, ale także w innych postępowaniach, w których dochodzi do nałożenia kar. Zarzut odwołującego byłby skuteczny wówczas, gdyby zostało wykazane, że nie ma ciągu przesłankowego do ustalenia, że zachowanie wypełnia przesłanki normy ustalającej karę. W niniejszej sprawie czyn jest bezsporny, a jego konsekwencje są określone. Ustawa o biopaliwach nie przewiduje okoliczności ekskulpujących, jednak ich zaistnienie jest dopuszczalne, jeżeli strona wykaże brak ciągu logicznego zdarzeń prowadzących do ustalenia czynników kształtujących wymiar kary. <xAnon>(...)</xAnon> twierdzi, że został pozbawiony możliwości udowodnienia istnienia okoliczności wyłączających jego odpowiedzialność. Jednak w postępowaniu sądowym nie złożył żadnych wniosków na podaną okoliczność.</xText>
          <xText>Sąd Okręgowy stwierdził również, że nie można mówić o nieproporcjonalności kary, gdyż ona jest uwarunkowana od wskaźników <xAnon>(...)</xAnon>. Odnośnie wskaźnika <xAnon>(...)</xAnon> Sąd powołuje się na poczynione powyżej rozważania, dodatkowo wskazując, że wymienione transakcje (sprzedaż, zbycie, zużycie) muszą być udowodnione. Zaś z dowodów transakcji wyniknie ich wartość. Z kolei wzrostu wskaźnika z 0,5 do 5,00 można upatrywać w zmianie przepisów: ustawa o biopaliwach jest wynikiem implementacji dyrektywy 2003/30/WE. Dyrektywa pozostawiła państwom członkowskim wybór środków prowadzących do założonego celu art. 3 ust. 1 (<xAnon> (...)</xAnon> 5,75% przed 31.12.201 Or.). Zwiększenie wskaźnika jest więc wynikiem nakazu dyrektywy „państwa członkowskie wprowadzą w życie przepisy niezbędne do wykonania niniejszej dyrektywy” (art. 7 dyrektywy).</xText>
          <xText>W ocenie Sądu Okręgowego nie można podważać obowiązywania <xLexLink xArt="" xIsapId="WDU20071100757" xTitle="Rozporządzenie Rady Ministrów z dnia 15 czerwca 2007 r. w sprawie Narodowych Celów Wskaźnikowych na lata 2008-2013" xAddress="Dz. U. z 2007 r. Nr 110, poz. 757">Rozporządzenia Rady Ministrów z dnia 15 czerwca 2007 r. w sprawie Narodowych Celów Wskaźnikowych na lata 2008-2013</xLexLink> (Dz. U. z dnia 25 czerwca 2007 r.) wydanego na podstawie art. 24 ust. 1 ustawy o biopaliwach. Ustawa zajmuje wysoką (tuż po <xLexLink xArt="" xIsapId="WDU19970780483" xTitle="Konstytucja Rzeczypospolitej Polskiej z dnia 2 kwietnia 1997 r." xAddress="Dz. U. z 1997 r. Nr 78, poz. 483">Konstytucji</xLexLink>) pozycję w systemie źródeł prawa, a więc jest aktem prawnym o charakterze ogólnym, stąd pozostawia często określone kwestie do dodatkowego uregulowania w akcie wykonawczym. Upoważnienie do wydania rozporządzenia w sprawie <xAnon> (...)</xAnon> wskazywało organ właściwy do jego wydania oraz zakres spraw przekazanych do uregulowania w tym akcie. Zgodnie z delegacją ustawową Rada Ministrów miała określić <xAnon> (...)</xAnon> do dnia 15 czerwca i określenie nastąpiło w tym dniu pomimo wejścia rozporządzenia w życie 25 czerwca 2007 r.</xText>
          <xText>W myśl <xLexLink xArt="art. 88" xIsapId="WDU19970780483" xTitle="Konstytucja Rzeczypospolitej Polskiej z dnia 2 kwietnia 1997 r." xAddress="Dz. U. z 1997 r. Nr 78, poz. 483">art. 88 Konstytucji</xLexLink> warunkiem wejścia w życie aktów prawa jest ich ogłoszenie, według zasad określonych w ustawie. Wykonaniem <xLexLink xArt="art. 88;art. 88 ust. 2" xIsapId="WDU19970780483" xTitle="Konstytucja Rzeczypospolitej Polskiej z dnia 2 kwietnia 1997 r." xAddress="Dz. U. z 1997 r. Nr 78, poz. 483">art. 88 ust. 2 Konstytucji</xLexLink> jest <xLexLink xArt="" xIsapId="WDU20000620718" xTitle="Ustawa z dnia 20 lipca 2000 r. o ogłaszaniu aktów normatywnych i niektórych innych aktów prawnych" xAddress="Dz. U. z 2000 r. Nr 62, poz. 718">ustawa z dnia 20 lipca 2000 r. o ogłaszaniu aktów normatywnych i niektórych innych aktów prawnych</xLexLink> (jedn. tekst: Dz. U. z 2007 r., Nr 68, poz. 449). Co do zasady akty normatywne ogłasza się w dziennikach urzędowych (<xLexLink xArt="art. 2" xIsapId="WDU20000620718" xTitle="Ustawa z dnia 20 lipca 2000 r. o ogłaszaniu aktów normatywnych i niektórych innych aktów prawnych" xAddress="Dz. U. z 2000 r. Nr 62, poz. 718">art. 2</xLexLink>). Zestawienie powyższe z <xLexLink xArt="art. 88" xIsapId="WDU19970780483" xTitle="Konstytucja Rzeczypospolitej Polskiej z dnia 2 kwietnia 1997 r." xAddress="Dz. U. z 1997 r. Nr 78, poz. 483">art. 88 Konstytucji</xLexLink> prowadzi do wniosku, że "ogłaszaniem aktów normatywnych", od których <xLexLink xArt="" xIsapId="WDU19970780483" xTitle="Konstytucja Rzeczypospolitej Polskiej z dnia 2 kwietnia 1997 r." xAddress="Dz. U. z 1997 r. Nr 78, poz. 483">Konstytucja</xLexLink> uzależnia wejście w życie aktów prawnych powszechnie obowiązujących, jest ogłoszenie w dzienniku urzędowym, a w przypadku przepisów porządkowych - ogłoszenie w drodze obwieszczeń oraz w sposób zwyczajowo przyjęty na danym terenie lub w środkach masowego przekazu. Ustawa dopuszcza vacatio legis i możliwość nadania aktowi normatywnemu wstecznej mocy obowiązującej. Rozporządzenie w sprawie <xAnon> (...)</xAnon> weszło w życie 25 czerwca 2007 roku (krótsze vacatio legis) i można by mówić o naruszeniu zasady ochrony zaufania jednostki do państwa, gdyby różnica 10 dni wpłynęła na sytuację prawną <xAnon>(...)</xAnon>. Sąd Okręgowy wskazał też, że całkowite uzależnienie stosowania przepisu ustawowego od wydania wykonawczego rozporządzenia jest wykładnią niedającą się pogodzić z <xLexLink xArt="art. 87;art. 87 ust. 1;art. 88;art. 88 ust. 1" xIsapId="WDU19970780483" xTitle="Konstytucja Rzeczypospolitej Polskiej z dnia 2 kwietnia 1997 r." xAddress="Dz. U. z 1997 r. Nr 78, poz. 483">art. 87 ust. 1 i art. 88 ust. 1 Konstytucji RP</xLexLink>.</xText>
          <xText>W zakresie pozostałych zarzutów naruszenia przepisów prawa administracyjnego, Sad I instancji stwierdził, że celem postępowania sądowego nie jest przeprowadzenie kontroli postępowania administracyjnego, ale merytoryczne rozstrzygnięcie sprawy, której przedmiotem jest spór między stronami powstający dopiero po wydaniu decyzji przez Prezesa UOKiK, co oznacza, że nie należy do sądu powszechnego kontrola prawidłowości przeprowadzonego postępowania administracyjnego, chyba, że naruszenie zasad postępowania administracyjnego miało bezpośredni wpływ na naruszenie norm prawa materialnego. Skoro zatem zarzuty w zakresie naruszenia przepisów prawa administracyjnego dotyczyły zasad postępowania administracyjnego to jako takie podlegają badaniu jedynie w postępowaniu administracyjnym w zakresie legalności wydanej decyzji.</xText>
          <xText>Wobec powyższego Sąd Okręgowy na podstawie <xLexLink xArt="art. 479(53);art. 479(53) § 2" xIsapId="WDU19640430296" xTitle="Ustawa z dnia 17 listopada 1964 r. - Kodeks postępowania cywilnego" xAddress="Dz. U. z 1964 r. Nr 43, poz. 296">art. 479<xSUPx>53</xSUPx> §2 k.p.c.</xLexLink> zmienił zaskarżoną decyzję przyjmując K= 10 632 574,46 zł po obliczeniu: K = 5xWx(M- R)/100 % gdzie W - ogólna wartość paliw ciekłych i biopaliw ciekłych sprzedanych lub zbytych w innej formie przez podmiot podlegający karze, a także zużytych przez niego na potrzeby własne, liczona za rok, w którym podmiot ten nie zrealizował obowiązku wynikającego z <xLexLink xArt="art. 23;art. 23 ust. 1" xIsapId="WDU19640430296" xTitle="Ustawa z dnia 17 listopada 1964 r. - Kodeks postępowania cywilnego" xAddress="Dz. U. z 1964 r. Nr 43, poz. 296">art. 23 ust. 1</xLexLink>, wyrażoną w złotych, w niniejszej sprawie wynosi 123 634 584,58 zł (wartość oleju napędowego z estrem metylowym kwasów tłuszczowych sprzedanego na terytorium RP w obrocie hurtowym w 2008 r.), M - wysokość Narodowego Celu Wskaźnikowego, do którego realizacji był zobowiązany podmiot podlegający karze, wyrażoną w procentach, w niniejszej sprawie stanowi 3,45%, R - wysokość zrealizowanego udziału biokomponentów i innych paliw odnawialnych w ogólnej ilości paliw ciekłych i biopaliw ciekłych sprzedanych lub zbytych w innej formie przez podmiot podlegający karze, a także zużytych przez niego na potrzeby własne w roku, w którym podmiot ten nie zrealizował obowiązku wynikającego z <xLexLink xArt="art. 23;art. 23 ust. 1" xIsapId="WDU19640430296" xTitle="Ustawa z dnia 17 listopada 1964 r. - Kodeks postępowania cywilnego" xAddress="Dz. U. z 1964 r. Nr 43, poz. 296">art. 23 ust. 1</xLexLink>, wyrażoną w procentach, w niniejszej sprawie równa się 1,730% zgodnie z <xLexLink xArt="§ 1;§ 1 ust. 1;§ 1 ust. 1 pkt. 3;§ 1 ust. 1 pkt. 9" xIsapId="WDU20080030012" xTitle="Rozporządzenie Ministra Gospodarki z dnia 27 grudnia 2007 r. w sprawie wartości opałowej poszczególnych biokomponentów i paliw ciekłych" xAddress="Dz. U. z 2008 r. Nr 3, poz. 12">§1 ust. 1 pkt 3 oraz pkt 9 rozporządzenia Ministra Gospodarki z dnia 27 grudnia 2007 r. w sprawie wartości opałowej poszczególnych biokomponentów i paliw ciekłych</xLexLink> jako wynik działania (20 888 778,30 MJ : 1 206 839 715,90 MJ ) X 100%, gdzie 20 888 778,30 MJ to wartość opałowa estru metylowego kwasów tłuszczowych, a 1 206 839 715,90 MJ to wartość opałowa ogólnej ilości paliw ciekłych i biopaliw ciekłych sprzedanych lub zbytych w innej formie przez podmiot podlegający karze, a także zużytych przez niego na potrzeby własne w roku, tu 27 644,544 ton + 554,079 ton. </xText>
          <xText>O kosztach procesu Sąd Okręgowy orzekł na podstawie <xLexLink xArt="art. 102" xIsapId="WDU19640430296" xTitle="Ustawa z dnia 17 listopada 1964 r. - Kodeks postępowania cywilnego" xAddress="Dz. U. z 1964 r. Nr 43, poz. 296">art. 102 k.p.c.</xLexLink> rozdzielając je stosownie do wyniku procesu.</xText>
          
          <xText>Apelację od powyższego wyroku wniosły obie strony.</xText>
          
          <xText>Powód zaskarżając orzeczenie w części tj. w <xLexLink xArt="art. 233 § 1 pkt. 2;§ 1 ust. 2 pkt. 3" xIsapId="WDU19640430296" xTitle="Ustawa z dnia 17 listopada 1964 r. - Kodeks postępowania cywilnego" xAddress="Dz. U. z 1964 r. Nr 43, poz. 296">pkt II i III</xLexLink> zarzucił Sądowi I instancji: naruszenie <xLexLink xArt="art. 233;art. 233 § 1" xIsapId="WDU19640430296" xTitle="Ustawa z dnia 17 listopada 1964 r. - Kodeks postępowania cywilnego" xAddress="Dz. U. z 1964 r. Nr 43, poz. 296">art. 233 § 1 k.p.c.</xLexLink>; naruszenie <xLexLink xArt="§ 1;§ 1 ust. 2;§ 1 ust. 2 pkt. 3;§ 1 ust. 2 pkt. 9" xIsapId="WDU20080030012" xTitle="Rozporządzenie Ministra Gospodarki z dnia 27 grudnia 2007 r. w sprawie wartości opałowej poszczególnych biokomponentów i paliw ciekłych" xAddress="Dz. U. z 2008 r. Nr 3, poz. 12">§ 1 ust. 2 pkt 3 oraz pkt 9 Rozporządzenia Ministra Gospodarki z dnia 27.12.2007 r. w sprawie wartości opałowej poszczególnych biokomponentów i paliw ciekłych</xLexLink> (Dz. U. z 2008 r., Nr 3, poz. 12), w zw. z <xLexLink xArt="art. 2" xIsapId="WDU19970780483" xTitle="Konstytucja Rzeczypospolitej Polskiej z dnia 2 kwietnia 1997 r." xAddress="Dz. U. z 1997 r. Nr 78, poz. 483">art. 2 Konstytucji RP</xLexLink>; naruszenie art. 33 ust. 5 ustawy z dnia 25 sierpnia 2006 r. o biopaliwach w zw. z <xLexLink xArt="art. 479(53);art. 479(53) § 2" xIsapId="WDU19640430296" xTitle="Ustawa z dnia 17 listopada 1964 r. - Kodeks postępowania cywilnego" xAddress="Dz. U. z 1964 r. Nr 43, poz. 296">art. 479<xSUPx>53</xSUPx> § 2 k.p.c.</xLexLink> w zw. z <xLexLink xArt="art. 119;art. 119 ust. 2" xIsapId="WDU19970780483" xTitle="Konstytucja Rzeczypospolitej Polskiej z dnia 2 kwietnia 1997 r." xAddress="Dz. U. z 1997 r. Nr 78, poz. 483">art. 119 ust. 2 Konstytucji RP</xLexLink>; naruszenie art. 33 ust. 5 ustawy o biopaliwach w zw. z <xLexLink xArt="art. 479(53);art. 479(53) § 2" xIsapId="WDU19640430296" xTitle="Ustawa z dnia 17 listopada 1964 r. - Kodeks postępowania cywilnego" xAddress="Dz. U. z 1964 r. Nr 43, poz. 296">art. 479<xSUPx>53</xSUPx> § 2 k.p.c.</xLexLink> w zw. z <xLexLink xArt="art. 2" xIsapId="WDU19970780483" xTitle="Konstytucja Rzeczypospolitej Polskiej z dnia 2 kwietnia 1997 r." xAddress="Dz. U. z 1997 r. Nr 78, poz. 483">art. 2 Konstytucji RP</xLexLink>; naruszenie art. 33 ust. 5 ustawy o biopaliwach w zw. z <xLexLink xArt="art. 479(53);art. 479(53) § 2" xIsapId="WDU19640430296" xTitle="Ustawa z dnia 17 listopada 1964 r. - Kodeks postępowania cywilnego" xAddress="Dz. U. z 1964 r. Nr 43, poz. 296">art. 479<xSUPx>53</xSUPx> § 2 k.p.c.</xLexLink>, w zw. z <xLexLink xArt="art. 535" xIsapId="WDU19640160093" xTitle="Ustawa z dnia 23 kwietnia 1964 r. - Kodeks cywilny" xAddress="Dz. U. z 1964 r. Nr 16, poz. 93">art. 535 k.c.</xLexLink></xText>
          <xText>Podnosząc powyższe skarżący wniósł o zmianę wyroku w zaskarżonej części i uwzględnienie odwołania, ewentualnie uchylenie wyroku w zaskarżonej części i przekazanie sprawy Sądowi I instancji do ponownego rozpatrzenia, a także o zmianę zaskarżonego wyroku w zakresie orzeczenia o kosztach postępowania i zasądzenie od pozwanego na rzecz powoda kosztów procesu w I instancji. Nadto skarżący wniósł o zasądzenie kosztów procesu w II instancji.</xText>
          <xText>Dodatkowo powód wniósł o wystąpienie przez Sąd do Trybunału Konstytucyjnego na podstawie <xLexLink xArt="art. 3" xIsapId="WDU19971020643" xTitle="Ustawa z dnia 1 sierpnia 1997 r. o Trybunale Konstytucyjnym" xAddress="Dz. U. z 1997 r. Nr 102, poz. 643">art. 3 ustawy z dnia 1 sierpnia 1997 r. o Trybunale Konstytucyjnym</xLexLink> i zadanie Trybunałowi następujących pytań prawnych:</xText>
          <xText>1. czy art. 33 ust. 5 ustawy o biopaliwach zgodny jest z <xLexLink xArt="art. 119;art. 119 ust. 2" xIsapId="WDU19970780483" xTitle="Konstytucja Rzeczypospolitej Polskiej z dnia 2 kwietnia 1997 r." xAddress="Dz. U. z 1997 r. Nr 78, poz. 483">art. 119 ust. 2 Konstytucji RP</xLexLink> z uwagi na tryb jego I uchwalenia;</xText>
          <xText>2. czy art. 33 ust. 5 ustawy o biopaliwach zgodny jest z art. 2 w związku z <xLexLink xArt="art. 42;art. 42 ust. 1" xIsapId="WDU19970780483" xTitle="Konstytucja Rzeczypospolitej Polskiej z dnia 2 kwietnia 1997 r." xAddress="Dz. U. z 1997 r. Nr 78, poz. 483">art. 42 ust. 1 Konstytucji RP</xLexLink> w zakresie, w jakim wprowadza karę pieniężną o niedookreślonej wysokości;</xText>
          <xText>3. czy art. 33 ust. 5 ustawy o biopaliwach zgodny jest z art. 2 w związku z <xLexLink xArt="art. 64;art. 64 ust. 1;art. 42;art. 42 ust. 1;art. 31;art. 31 ust. 3" xIsapId="WDU19970780483" xTitle="Konstytucja Rzeczypospolitej Polskiej z dnia 2 kwietnia 1997 r." xAddress="Dz. U. z 1997 r. Nr 78, poz. 483">art. 64 ust. 1 oraz art. 42 ust. 1 i art. 31 ust. 3 Konstytucji RP</xLexLink> w zakresie, w jakim wprowadza karę pieniężną nieproporcjonalnie wysoką w stosunku do naruszenia obowiązku ustawowego;</xText>
          <xText>4. czy art. 33 ust. 1 pkt 5 oraz art. 33 ust. 5 ustawy o biopaliwach zgodne są z art. <xLexLink xArt="art. 42;art. 42 ust. 2" xIsapId="WDU19970780483" xTitle="Konstytucja Rzeczypospolitej Polskiej z dnia 2 kwietnia 1997 r." xAddress="Dz. U. z 1997 r. Nr 78, poz. 483">art. 42 ust. 2 Konstytucji RP</xLexLink> w zakresie, w jakim pozbawiają stronę postępowania administracyjnego prawa do obrony;</xText>
          <xText>5. czy art. 23 ust. 1 ustawy o biopaliwach zgodny jest z <xLexLink xArt="art. 2" xIsapId="WDU19970780483" xTitle="Konstytucja Rzeczypospolitej Polskiej z dnia 2 kwietnia 1997 r." xAddress="Dz. U. z 1997 r. Nr 78, poz. 483">art. 2 Konstytucji RP</xLexLink> w zakresie, w jakim wprowadził i obowiązek ustawowy niemożliwy do osiągnięcia fizycznie i ekonomicznie.</xText>
          
          <xText>Z kolei pozwany zaskarżając wyrok w części, tj. w zakresie pkt I i III zarzucił Sądowi I instancji: naruszenie <xLexLink xArt="art. 6" xIsapId="WDU19640160093" xTitle="Ustawa z dnia 23 kwietnia 1964 r. - Kodeks cywilny" xAddress="Dz. U. z 1964 r. Nr 16, poz. 93">art. 6 k.c.</xLexLink> w z zw. z <xLexLink xArt="art. 232" xIsapId="WDU19640430296" xTitle="Ustawa z dnia 17 listopada 1964 r. - Kodeks postępowania cywilnego" xAddress="Dz. U. z 1964 r. Nr 43, poz. 296">art. 232 k.p.c.</xLexLink>, naruszenie <xLexLink xArt="art. 231" xIsapId="WDU19640430296" xTitle="Ustawa z dnia 17 listopada 1964 r. - Kodeks postępowania cywilnego" xAddress="Dz. U. z 1964 r. Nr 43, poz. 296">art. 231 k.p.c.</xLexLink>, naruszenie <xLexLink xArt="art. 233" xIsapId="WDU19640430296" xTitle="Ustawa z dnia 17 listopada 1964 r. - Kodeks postępowania cywilnego" xAddress="Dz. U. z 1964 r. Nr 43, poz. 296">art. 233 k.p.c.</xLexLink> w zw. <xLexLink xArt="art. 229" xIsapId="WDU19640430296" xTitle="Ustawa z dnia 17 listopada 1964 r. - Kodeks postępowania cywilnego" xAddress="Dz. U. z 1964 r. Nr 43, poz. 296">art. 229 k.p.c.</xLexLink>, naruszenie art. 33 ust. 5 ustawy z dnia 25 sierpnia 2006 r. o biopaliwach, naruszenie <xLexLink xArt="art. 102" xIsapId="WDU19640430296" xTitle="Ustawa z dnia 17 listopada 1964 r. - Kodeks postępowania cywilnego" xAddress="Dz. U. z 1964 r. Nr 43, poz. 296">art. 102 k.p.c.</xLexLink> a także naruszenie <xLexLink xArt="art. 100" xIsapId="WDU19640430296" xTitle="Ustawa z dnia 17 listopada 1964 r. - Kodeks postępowania cywilnego" xAddress="Dz. U. z 1964 r. Nr 43, poz. 296">art. 100 k.p.c.</xLexLink></xText>
          <xText>Podnosząc powyższe pozwany wniósł o zmianę wyroku w zaskarżonej części poprzez oddalenie odwołania w całości oraz o zasądzenie kosztów procesu za obie instancje.</xText>
          
          <xText>
            <xBx>Sąd Apelacyjny ustalił i zważył, co następuje. </xBx>
          </xText>
          <xText>Apelacja powoda okazała się zasadna w zakresie zarzutu naruszenia prawa materialnego w postaci <xLexLink xArt="§ 1;§ 1 ust. 2;§ 1 ust. 2 pkt. 3;§ 1 ust. 2 pkt. 9" xIsapId="WDU20080030012" xTitle="Rozporządzenie Ministra Gospodarki z dnia 27 grudnia 2007 r. w sprawie wartości opałowej poszczególnych biokomponentów i paliw ciekłych" xAddress="Dz. U. z 2008 r. Nr 3, poz. 12">§ 1 ust.2 pkt 3 i 9 Rozporządzenia Ministra Gospodarki z dnia 27 grudnia 2007 r. w sprawie wartości opałowej poszczególnych biokomponentów i paliw ciekłych</xLexLink> /Dz. U. z 2008.3.12/, co w konsekwencji doprowadziło do naruszenia przepisów <xLexLink xArt="art. 33;art. 33 ust. 1;art. 33 ust. 1 pkt. 5;art. 33 ust. 5" xIsapId="WDU20061691199" xTitle="Ustawa z dnia 25 sierpnia 2006 r. o biokomponentach i biopaliwach ciekłych" xAddress="Dz. U. z 2006 r. Nr 169, poz. 1199">art. 33 ust.1 pkt.5 i ust. 5 ustawy z dnia 25 sierpnia 2006 r. o biokomponentach i biopaliwach ciekłych</xLexLink> /dalej określanej ustawą o biopaliwach/ w zw. art. 23 ust.1 i 2 ustawy w brzmieniu obowiązującym w 2008 r., poprzez niewłaściwe zastosowanie do działań powoda opisanych w decyzji, a mających miejsce w 2008 r. /rozważany okres od 1.01.2008 r do 31.12.2008 r./.</xText>
          <xText>Sąd Apelacyjny podzielił również zasadność zarzutów o charakterze procesowym, zawartych w apelacji pozwanego, jednakże apelacja ta nie mogła ostatecznie odnieść skutku z przyczyn poniżej wskazanych. Odnosząc się w pierwszej kolejności do powyższych zarzutów o charakterze procesowym, podniesionych przez Prezesa URE należy wskazać, iż są one zasadne we wskazanym zakresie przedmiotowym, a w pierwszej kolejności zarzut naruszenia <xLexLink xArt="art. 229" xIsapId="WDU19640430296" xTitle="Ustawa z dnia 17 listopada 1964 r. - Kodeks postępowania cywilnego" xAddress="Dz. U. z 1964 r. Nr 43, poz. 296">art. 229 k.p.c.</xLexLink> Rację ma Prezes URE, iż Sąd Okręgowy niejako „wyszedł” poza kognicję określoną zarzutami odwołania. Należy bowiem podkreślić, iż powód w odwołaniu nie kwestionował ostatecznie przyjętego wolumenu sprzedaży detalicznej oleju napędowego z estrem metylowym kwasów tłuszczowych, którą pozwany ustalił /wobec braku dysponowania stosownymi dokumentami, a nawet informacją przez powoda/, poprzez odjęcie od całej ilości zaimportowanego oleju napędowego, zblendowanego z biokomponentem, w wysokości 32 245,042 ton - ilości oleju napędowego, zblendowanego z biokomponentem, sprzedanego na terytorium RP w ramach obrotu hurtowego, na co było pokrycie w fakturach, w wysokości 27 644,544 ton. Powód kwestionował natomiast w zarzucie 4 odwołania dalsze wyliczenie wartości tychże wolumenów /sprzedanych w obrocie hurtowym i detalicznym/, a ściśle przyjętą metodologię tego wyliczenia, niejednolitą w stosunku do obu tych rynków/k. 38 - 42/. Powód również nie kwestionował , iż cały wolumen paliw w wysokości 32 245,042 ton został sprzedany w rozważanym okresie, co wynika również z powoływanego przez skarżącego pisma powoda z dnia 17 marca 2010 r. /k. 748 akt adm./. W tej sytuacji brak było podstaw do przyjęcia, iż pozwany miał jeszcze w inny sposób powodowi te okoliczności wykazywać. Ponadto powód winien dysponować stosowną dokumentacją i informacjami w zakresie szczegółów prowadzonego przez siebie obrotu. Idąc tym tokiem rozumowania każdy przedsiębiorca mógłby skutecznie zasłonić się przez odpowiedzialnością karno-administracyjną, w przypadku stwierdzonego naruszenia przepisów ustawy, argumentując, iż nie posiada dokładnych danych prowadzonej przez siebie sprzedaży. Natomiast wartość tychże wolumenów paliw zakwestionowana w odwołaniu została, zdaniem Sądu Apelacyjnego, prawidłowo wyliczona w oparciu o wskazane w uzasadnieniu decyzji wartości i metodologię, zostało to dodatkowo wyjaśnione przez pozwanego w odpowiedzi na odwołanie, którą to argumentację Sąd Apelacyjny podziela. W tej sytuacji zbędne jest jej ponowne przytaczanie. Dlatego też Sąd Apelacyjny przyjął za własne ustalenia Sądu I instancji , z następującymi zmianami. Cala ilość paliwa zakupiona przez powoda w 207 i 2008 r. została sprzedana w roku 2008 r., co jak wskazano wyżej, nie było kwestionowane przez powoda. Tym samym ilość sprzedana na rynku detalicznym wynosiła 4 600,498 ton /jako różnica całego sprzedanego wolumenu i wolumenu sprzedanego na rynku hurtowym/.</xText>
          <xText>Przechodząc do omówienia wyżej przytoczonych zarzutów prawa materialnego należy w pierwszej kolejności wskazać, iż rozważane przepisy ustawy o biopaliwach tj. art. 33 ust.1 pkt. 5 i ust. 5 przewidują dla podmiotu realizującego Narodowy Cel Wskaźnikowy karę za niezapewnienie w danym roku minimalnego udziału biokomponentów i innych paliw odnawialnych w ogólnej ilości paliw ciekłych o biopaliw ciekłych sprzedanych lub zbytych w innej formie przez ten podmiot lub zużytych przez niego na potrzeby własne. Jest to odpowiedzialność o charakterze administracyjno-prawnym, do której również stosuje się zasady prawa karnego (por. wyrok Sądu Najwyższego z dnia 14 kwietnia 2010 r. III SK I /2010 r.). Tym samym kara musi być ściśle określona i wiadoma przed czasem, w którym działanie danego podmiotu w zakresie realizacji danego obowiązku jest oceniane i za które to działanie w danym okresie /lub jego brak/ może być ukarany. Czyli innymi słowy przez okresem, w ramach którego działa zainteresowany musi wiedzieć, w jaki sposób ma działać, aby na karę się nie narazić oraz odwrotnie jaka kara, w jakiej ściśle określonej i w jaki sposób wyliczonej wysokości mu grozi, gdy swoich ustawowych obowiązków nie dopełni/ <xLexLink xArt="art. 42" xIsapId="WDU19970780483" xTitle="Konstytucja Rzeczypospolitej Polskiej z dnia 2 kwietnia 1997 r." xAddress="Dz. U. z 1997 r. Nr 78, poz. 483">art. 42 Konstytucji</xLexLink>/. Prawo również nie może działać wstecz, chyba żeby implikowało odpowiedzialność względniejszą dla sprawcy danego czynu /zaniechania/. Natomiast w niniejszym przypadku mimo, iż oceniane jest działanie przedsiębiorcy w 2008 r., a więc rozważany okres badania jego postępowania to czas od 1 stycznia 2008 r. do 31 grudnia 2008 r., rozpatrywany sumarycznie pod kątem spełnienia obowiązku, to przepisy statuujące odpowiedzialność karno-administracyjną zostały ogłoszone, a następnie weszły w życie już w toku trwania tego czasokresu, tj. odpowiednio w dniu 9 stycznia 2008 r. i 24 stycznia 2008 r. Należy bowiem zauważyć, iż definicję Narodowego Celu Wskaźnikowego, którego niezrealizowanie penalizuje art. 33 ust. 1 pkt 5 i ust. 5 w zw.art.23 ustawy o biopaliwach, zawiera art. 2 ust.1 pkt. 24 ustawy, zgodnie z którym jest to minimalny udział biokomponentów i innych paliw odnawialnych w ogólnej ilości paliw ciekłych i biopaliw ciekłych zużywanych w ciągu roku kalendarzowego w transporcie, liczony według <xBx>wartości opałowej</xBx>. Konsekwentnie wielkość parametru R we wzorze wskazującym sposób wyliczenia kary /a więc jej wysokość/ również oblicza się wg <xBx>wartości opałowej</xBx> /tak też uczynił Prezes w decyzji/. Natomiast tę ostatnią wielkość, tj. <xBx>wartość opałową</xBx> określa stosownie do art. 23 ust. 3 w/w ustawy Minister Gospodarki. Tym czasem podmiot ten znacząco spóźnił się z wydaniem rozporządzenia, do wydania którego był zobowiązany ustawowo , albowiem zostało ono wydane w dniu 27 grudnia 2007 r., zaś jak wskazano wyżej ogłoszone w dniu 9 stycznia 2008 r., a weszło w życie a dniu 24 stycznia 2008 r. Tym samym kara, która miała być wymierzana za rok 2008 została określona w sposób obowiązujący dopiero w dniu 24 stycznia 2008 r. Tym samym należy uznać, iż jest to niezgodne z wyżej wskazanymi zasadami prawa karnego. Tym samym do działań /zaniechań/ danego podmiotu w roku 2008 nie można stosować art. 33 ust 1 pkt 5 i ust. 5 ustawy o biopaliwach, skoro kara, jaką przewidują te przepisy nie obowiązywała od początku okresu, za który realizacja obowiązku jest określana zbiorczo i łącznie, innymi słowy sumarycznie za cały okres. Natomiast w okresie od 1stycznia 2008 r. do 24 stycznia 2008 r. nie obowiązywała żadna inna regulacja /„poprzednia”/, w oparciu o którą można by było policzyć wymaganą przez wzór z art. 33 ust 5 ustawy /a ściśle przede wszystkim jego parametr R, bez której się go nie wyliczy/. Oznacza to, iż czyn był niepenalizowany. Tym samym rozważana kara może być stosowana dopiero od roku 2009 /oczywiście przy przyjęciu innego <xAnon> (...)</xAnon>, zgodnie z <xLexLink xArt="" xIsapId="WDU20071100757" xTitle="Rozporządzenie Rady Ministrów z dnia 15 czerwca 2007 r. w sprawie Narodowych Celów Wskaźnikowych na lata 2008-2013" xAddress="Dz. U. z 2007 r. Nr 110, poz. 757">Rozporządzeniem Rady Ministrów z dnia 15 czerwca 2007 r.</xLexLink> w sprawie <xAnon> (...)</xAnon> na lata 2008-2013 /Dz. U. 2007.110.757/. Uznając zatem, iż Prezes URE w roku 2008 r. nie był władny z powyższych względów oceniać na potrzeby odpowiedzialności karno-administracyjnej wykonania przez powoda obowiązku niezapewnienia w danym roku minimalnego udziału biokomponentów i innych paliw odnawialnych w ogólnej ilości paliw ciekłych o biopaliw ciekłych sprzedanych lub zbytych w innej formie przez ten podmiot lub zużytych przez niego na potrzeby własne oraz za rozważane działania w tymże roku wymierzyć kary - Sąd Apelacyjny uznał, iż zaskarżoną decyzję z powyższych względów na podstawie art.479 <xSUPx>53</xSUPx> § 2 należało uchylić. Tym samym skoro rozważane przepisy art. 33 ust. 1 pkt. 5 i ust. 5 w zw. z art. 23 ustawy o biopaliwach nie mogły znaleźć zastosowania i w konsekwencji stanowić podstawy wymierzenia kary brak było podstaw do zwracania się do Trybunału Konstytucyjnego z pytaniami prawnymi dotyczącymi ich konstytucyjności, wnioskowanymi przez powoda. Tym samym apelacja powoda odniosła skutek jako zasadna z powyższych względów, zaś apelacja pozwanego podlegała oddaleniu. Zbędne było również odnoszenia się do pozostałych zarzutów wniesionych apelacji, które w tej sytuacji stały się bezprzedmiotowe. W tej sytuacji Sąd Apelacyjny na podstawie <xLexLink xArt="art. 386;art. 386 § 1" xIsapId="WDU19640430296" xTitle="Ustawa z dnia 17 listopada 1964 r. - Kodeks postępowania cywilnego" xAddress="Dz. U. z 1964 r. Nr 43, poz. 296">art. 386 § 1 k.p.c.</xLexLink> co do pkt. 1 i na podstawie <xLexLink xArt="art. 385" xIsapId="WDU19640430296" xTitle="Ustawa z dnia 17 listopada 1964 r. - Kodeks postępowania cywilnego" xAddress="Dz. U. z 1964 r. Nr 43, poz. 296">art. 385 k.p.c.</xLexLink> co do pkt. 2 orzekł jak w sentencji. Postanowienie o kosztach postępowania za I i II instancję uzasadnia odpowiednio treść <xLexLink xArt="art. 98;art. 98 § 1;art. 98 § 3" xIsapId="WDU19640430296" xTitle="Ustawa z dnia 17 listopada 1964 r. - Kodeks postępowania cywilnego" xAddress="Dz. U. z 1964 r. Nr 43, poz. 296">art. 98 § 1 i 3 k.p.c.</xLexLink> i <xLexLink xArt="art. 108;art. 108 § 1" xIsapId="WDU19640430296" xTitle="Ustawa z dnia 17 listopada 1964 r. - Kodeks postępowania cywilnego" xAddress="Dz. U. z 1964 r. Nr 43, poz. 296">art. 108 §1 k.p.c.</xLexLink> w zw. <xLexLink xArt="art. 98;art. 98 § 1;art. 98 § 3" xIsapId="WDU19640430296" xTitle="Ustawa z dnia 17 listopada 1964 r. - Kodeks postępowania cywilnego" xAddress="Dz. U. z 1964 r. Nr 43, poz. 296">art. 98 § 1 i 3 k.p.c.</xLexLink></xText>
        </xUnit>
      </xBlock>
    </xPart>
  </judgement>
<judgement id="154505000001503_V_Ca_000765_2013_Uz_2013-10-23_001">
    <xPart xEditorFullName="Anna Dżuła" xYear="2013" xLang="PL" xPublisherFullName="Anna Dżuła" xFromPg="1" xEditor="adzula" xVolType="15/450500/0001503/Ca" xPublisher="adzula" xDocType="Uz" xVolNmbr="000765" xVersion="1.0" xToPage="1" xFlag="published">
      <xName>Wyrok</xName>
      <xBlock>
        <xText>Sygn. akt<xBx> V Ca 765/13</xBx></xText>
        <xUnit xIsTitle="true" xBold="true" xType="part">
          <xName>WYROK</xName>
          <xTitle>W IMIENIU RZECZYPOSPOLITEJ POLSKIEJ</xTitle>
          <xText xALIGNx="right">Dnia 23 października 2013 r.</xText>
          <xText>Sąd Okręgowy w Warszawie V Wydział Cywilny-Odwoławczy w składzie:</xText>
          <xRows>
            <xCOLGROUPx>
              <xCOLx xWIDTHx="167"/>
              <xCOLx xWIDTHx="431"/>
            </xCOLGROUPx>
            <xRow>
              <xClmn xALIGNx="left" xVALIGNx="top">
                <xText>Przewodniczący:</xText>
              </xClmn>
              <xClmn xALIGNx="left" xVALIGNx="top">
                <xText>SO Beata Gutkowska (spr.)</xText>
              </xClmn>
            </xRow>
            <xRow>
              <xClmn xALIGNx="left" xVALIGNx="top">
                <xText>Sędziowie:</xText>
              </xClmn>
              <xClmn xALIGNx="left" xVALIGNx="top">
                <xText>SO Waldemar Beczek</xText>
                <xText>SO Maja Smoderek</xText>
              </xClmn>
            </xRow>
            <xRow>
              <xClmn xALIGNx="left" xVALIGNx="top">
                <xText>Protokolant:</xText>
              </xClmn>
              <xClmn xALIGNx="left" xVALIGNx="top">
                <xText>st. sekr. sąd. Urszula Widulińska</xText>
              </xClmn>
            </xRow>
          </xRows>
          <xText>po rozpoznaniu w dniu 23 października 2013 r. w Warszawie</xText>
          <xText>na rozprawie</xText>
          <xText>sprawy z powództwa <xAnon>K. W.</xAnon></xText>
          <xText>przeciwko <xAnon>M. N.</xAnon></xText>
          <xText>o zapłatę</xText>
          <xText>na skutek apelacji powódki</xText>
          <xText>od wyroku Sądu Rejonowego <xAnon>(...)</xAnon> w <xAnon>W.</xAnon></xText>
          <xText>z dnia 11 grudnia 2012 r., sygn. akt I C 453/10</xText>
          
          <xUnit xIsTitle="false" xType="none">
            <xName xSffx=".">1</xName>
            <xText>
              <xBx>oddala apelację; </xBx>
            </xText>
          </xUnit>
          <xUnit xIsTitle="false" xType="none">
            <xName xSffx=".">2</xName>
            <xText>
              <xBx>zasądza od <xAnon>K. W.</xAnon> na rzecz <xAnon>M. N.</xAnon> kwotę 1800 (jeden tysiąc osiemset) złotych tytułem zwrotu kosztów postępowania w instancji odwoławczej. </xBx>
            </xText>
          </xUnit>
        </xUnit>
      </xBlock>
    </xPart>
  </judgement>
<judgement id="150520000001521_III_U_000332_2013_Uz_2013-06-18_001">
    <xPart xEditorFullName="Izabela Chilińska" xYear="2013" xLang="PL" xPublisherFullName="Elżbieta Sklizmunt" xFromPg="1" xEditor="izabela.chilinska" xVolType="15/052000/0001521/U" xPublisher="elzbieta.sklizmunt" xDocType="Uz" xVolNmbr="000332" xVersion="1.0" xToPage="2" xFlag="published">
      <xName>Wyrok+Uzasadnienie</xName>
      <xBlock>
        <xText>Sygn. akt III U 332/13</xText>
        
        <xUnit xIsTitle="true" xType="part" xBold="true">
          <xName>WYROK</xName>
          <xTitle>W IMIENIU RZECZYPOSPOLITEJ POLSKIEJ</xTitle>
          <xText xALIGNx="right">Dnia 18 czerwca 2013r.</xText>
          
          <xText>Sąd Okręgowy w Suwałkach III Wydział Pracy i Ubezpieczeń Społecznych</xText>
          <xText>w składzie:</xText>
          <xRows>
            <xCOLGROUPx>
              <xCOLx xWIDTHx="185"/>
              <xCOLx xWIDTHx="424"/>
            </xCOLGROUPx>
            <xRow>
              <xClmn xALIGNx="left" xVALIGNx="top">
                <xText>
                  <xBx>Przewodniczący:</xBx>
                </xText>
              </xClmn>
              <xClmn xALIGNx="left" xVALIGNx="top">
                <xText>
                  <xBx>SSO Piotr Witkowski</xBx>
                </xText>
              </xClmn>
            </xRow>
            <xRow>
              <xClmn xALIGNx="left" xVALIGNx="top">
                <xText>
                  <xBx>Protokolant:</xBx>
                </xText>
              </xClmn>
              <xClmn xALIGNx="left" xVALIGNx="top">
                <xText>
                  <xBx>sekr. sądowy Marta Majewska-Wronowska</xBx>
                </xText>
              </xClmn>
            </xRow>
          </xRows>
          
          <xText>po rozpoznaniu na rozprawie w dniu 18 czerwca 2013r. w Suwałkach
  </xText>
          <xText>sprawy<xBx><xAnon>J. S.</xAnon></xBx></xText>
          <xText>przeciwko Zakładowi Ubezpieczeń Społecznych Oddział w <xAnon>O.</xAnon></xText>
          <xText>o umorzenie należności</xText>
          <xText>w związku z odwołaniem <xAnon>J. S.</xAnon></xText>
          <xText>od decyzji Zakładu Ubezpieczeń Społecznych Oddział w <xAnon>O.</xAnon></xText>
          <xText>z dnia 12 marca 2013 r. znak <xAnon> (...)</xAnon>-RED</xText>
          
          <xText xALIGNx="center">
            <xBx>
              <xIx>oddala odwołanie.</xIx>
            </xBx>
          </xText>
        </xUnit>
        <xUnit xIsTitle="true" xType="part" xBold="true">
          <xName>UZASADNIENIE</xName>
          <xText>Zakład Ubezpieczeń Społecznych Oddział w <xAnon>O.</xAnon> decyzją z dnia 12.03.2013r. umorzył wobec <xAnon>J. S.</xAnon> postępowanie w zakresie umorzenia należności za okres od 1.09.2003r. do 01.06.2008r.</xText>
          <xText>W uzasadnieniu wskazał, że <xAnon>J. S.</xAnon> zwróciła się z wnioskiem do Zakładu o umorzenie nieopłaconych należności za okres od 1.09.2003r. do 01.06.2008r. na podstawie ustawy z dnia 09.11.2012r. o umorzeniu należności powstałych z tytułu nieopłaconych składek przez osoby prowadzące pozarolniczą działalność (Dz. U. z 2012r., poz. 1551). Zgodnie mianowicie z art. 1 ust. 1 tej ustawy na wniosek osoby podlegającej obowiązkowo ubezpieczeniom emerytalnym, rentowym i wypadkowemu, umorzeniu podlegają nieopłacone składki na te ubezpieczenia za okres od 1.01.1999r. do 28.02.2009r. Zgodnie też art. 1 ust. 6 tej ustawy umorzenie składek na ubezpieczenie społeczne skutkuje umorzeniem nieopłaconych składek na ubezpieczenie zdrowotne i na Fundusz pracy za ten sam okres.</xText>
          <xText>W toku prowadzonego postępowania wyjaśniającego stwierdzono jednak, że na dzień złożenia wniosku przez wnioskodawcę nie występuje należność z tytułu składek na ubezpieczenie społeczne. W związku z powyższym postępowanie w sprawie umorzenia należności za okres wymieniony w decyzji stało się bezprzedmiotowe.</xText>
          <xText>W odwołaniu od tej decyzji <xAnon>J. S.</xAnon> wniosła o jej uchylenie twierdząc, że decyzja ta jest niezgodna ze stanem rzeczywistym i w związku z tym krzywdząca ją jako zwykłego obywatela. Wskazała, że uzasadniła wniosek o umorzenie należności składając wyjaśnienia i dokumenty potwierdzające jej bardzo złą sytuację finansową. Otrzymywała emeryturę w kwocie 780 zł. Jest osobą samotną i schorowaną. Nie korzystała z pomocy opieki społecznej. Po kilku zaś latach od zakończenia działalności ZUS dopatrzył się zaległych składek i pomimo jej wniosków o umorzenie zaczęto potrącać połowę jej skromnej emerytury na rzecz zaległości. Zadłużyła się wśród znajomych, by móc kupić leki, bez których nie może żyć.</xText>
          <xText>Zadała więc pytanie dlaczego w okresie prowadzonego postępowania ZUS rozpoczął zabierać jej emeryturę w znacznej części.</xText>
          <xText>W odpowiedzi na odwołanie organ rentowy wniósł o jego oddalenie uzasadniając jak w zaskarżonej decyzji i przytaczając treść art. 1 ust. 1 i 6 powołanej w decyzji ustawy.</xText>
          
          <xText>
            <xBx>Sąd Okręgowy w Suwałkach ustalił i zważył, co następuje:</xBx>
          </xText>
          
          <xText>
            <xBx>Odwołania za uzasadnionego uznać nie można było.</xBx>
          </xText>
          <xText>Zgodnie ze wskazaniem przez organ rentowy art. 1 ust. 1 i 6 ustawy z 9.11.2012r. o umorzeniu należności powstałych z tytułu nieopłaconych składek przez osoby prowadzące pozarolniczą działalność gospodarczą na wniosek osoby podlegającej w okresie od dnia 1.01.1999r. do dnia 28.02.2009r. obowiązkowo ubezpieczeniom emerytalnemu i rentowym oraz wypadkowemu z tytułu prowadzenia pozarolniczej działalności w rozumieniu <xLexLink xArt="art. 8;art. 8 ust. 6" xIsapId="WDU19981370887" xTitle="Ustawa z dnia 13 października 1998 r. o systemie ubezpieczeń społecznych" xAddress="Dz. U. z 1998 r. Nr 137, poz. 887">art. 8 ust. 6 ustawy z dnia 13.10.1998 r. o systemie ubezpieczeń społecznych</xLexLink> (Dz. U. z 2009 r. Nr 205, poz. 1585, z późn. zm.<xSUPx>1)</xSUPx>):</xText>
          <xText>1) która przed dniem 1.09.2012 r. zakończyła prowadzenie pozarolniczej działalności i nie prowadzi jej w dniu wydania decyzji, o której mowa w ust. 8,</xText>
          <xText>2)innej niż wymieniona w pkt 1</xText>
          <xText>- umarza się nieopłacone składki na te ubezpieczenia za okres od dnia 1.01.1999 r. do dnia 28.02.2009r. oraz należne od nich odsetki za zwłokę, opłaty prolongacyjne, koszty upomnienia, opłaty dodatkowe, a także koszty egzekucyjne naliczone przez dyrektora oddziału Zakładu Ubezpieczeń Społecznych, naczelnika urzędu skarbowego lub komornika sądowego.</xText>
          <xText>Umorzenie wskazanych należności, skutkuje również umorzeniem nieopłaconych składek na ubezpieczenie zdrowotne i na Fundusz Pracy za ten sam okres oraz należnych od nich, za ten sam okres, odsetek za zwłokę, opłat prolongacyjnych, kosztów upomnienia, opłat dodatkowych, a także kosztów egzekucyjnych naliczonych przez dyrektora oddziału Zakładu Ubezpieczeń Społecznych, naczelnika urzędu skarbowego lub komornika sądowego.</xText>
          <xText>Umorzenie jednak wskazanych należności może nastąpić tylko wówczas, gdy one istnieją. W niniejszej sprawie one natomiast nie istniały. Jak wynika ze złożonego w dniu 7.02.2013r. przez <xAnon>J. S.</xAnon> wniosku o umorzenie należności dotyczyły one okresu od 1.09.2003r. do 1.06.2008r. Zostały jednak do dnia złożenia wniosku wyegzekwowane. Organ rentowy mianowicie decyzją z dnia 18.12.2012r. ustalił wysokość emerytury <xAnon>J. S.</xAnon> bez potrąceń od dnia 1.02.2013r. Wcześniej zaś realizowane były wobec niej egzekucje. W lutym 2006r. na podstawie wezwania US w <xAnon>E.</xAnon> potrącono kwotę 111,87 zł, natomiast od lipca 2012r. na podstawie tytułu wystawionego przez ZUS w <xAnon>E.</xAnon> na kwotę 1382,50 zł (w lipcu 2012r.- 195,71 zł, w sierpniu 2012r. – 195,71 zł, we wrześniu 2012r. - 376,10 zł, październiku 2012 – 195,71 zł, listopadzie 2012r. – 195,71 zł, w grudniu 2012r. - 195,71 zł i styczniu 2013r. – 50,65 zł).</xText>
          <xText>W związku z tym nie ma mowy w sprawie o tym aby w trakcie postępowania o umorzenie należności prowadzona była ich egzekucja. Zostały one w ogóle w znacznej części wyegzekwowane jeszcze przed wejściem w życie ustawy z dnia 9.11.2012r. o umorzeniu należności z tytułu nieopłaconych składek przez osoby prowadzące pozarolniczą działalność jak też i jej uchwalenia. Zarzuty więc odwołującej się są bezpodstawne, gdyż organ rentowy postąpił prawidłowo umarzając postępowanie z uwagi na jego bezprzedmiotowość.</xText>
          <xText>Mając więc to na uwadze odwołanie <xAnon>J. S.</xAnon> na mocy <xLexLink xArt="art. 477(14);art. 477(14) § 1" xIsapId="WDU19640430296" xTitle="Ustawa z dnia 17 listopada 1964 r. - Kodeks postępowania cywilnego" xAddress="Dz. U. z 1964 r. Nr 43, poz. 296">art. 477<xSUPx>14</xSUPx>§1 kpc</xLexLink> podlegało oddaleniu.</xText>
          <xText>PW/bd</xText>
        </xUnit>
      </xBlock>
    </xPart>
  </judgement>
<judgement id="150500000000503_I_ACa_000234_2013_Uz_2013-06-18_001">
    <xPart xEditorFullName="Izabela Lach" xYear="2013" xLang="PL" xPublisherFullName="Barbara Basiel" xFromPg="1" xEditor="ilach" xVolType="15/050000/0000503/ACa" xPublisher="bbasiel" xDocType="Uz" xVolNmbr="000234" xVersion="1.0" xToPage="11" xFlag="published">
      <xName>Wyrok+Uzasadnienie</xName>
      <xBlock>
        <xText>Sygn. akt I ACa 234/13</xText>
        <xUnit xIsTitle="true" xType="part" xBold="true">
          <xName>WYROK</xName>
          <xTitle>W IMIENIU RZECZYPOSPOLITEJ POLSKIEJ</xTitle>
          <xText xALIGNx="right"> Dnia 18 czerwca 2013 r.</xText>
          
          <xText>Sąd Apelacyjny w Białymstoku I Wydział Cywilny</xText>
          <xText>w składzie:</xText>
          
          <xRows>
            <xCOLGROUPx>
              <xCOLx xWIDTHx="164"/>
              <xCOLx xWIDTHx="22"/>
              <xCOLx xWIDTHx="438"/>
            </xCOLGROUPx>
            <xRow>
              <xClmn xALIGNx="left" xVALIGNx="top">
                <xText>Przewodniczący</xText>
              </xClmn>
              <xClmn xALIGNx="left" xVALIGNx="top">
                <xText>:</xText>
              </xClmn>
              <xClmn xALIGNx="left" xVALIGNx="top">
                <xText>SSA Bogusław Dobrowolski</xText>
              </xClmn>
            </xRow>
            <xRow>
              <xClmn xALIGNx="left" xVALIGNx="top">
                <xText>Sędziowie</xText>
              </xClmn>
              <xClmn xALIGNx="left" xVALIGNx="top">
                <xText>:</xText>
              </xClmn>
              <xClmn xALIGNx="left" xVALIGNx="top">
                <xText>SA Magdalena Pankowiec (spr.)</xText>
                <xText>SO del. Beata Wojtasiak</xText>
              </xClmn>
            </xRow>
            <xRow>
              <xClmn xALIGNx="left" xVALIGNx="top">
                <xText>Protokolant</xText>
              </xClmn>
              <xClmn xALIGNx="left" xVALIGNx="top">
                <xText>:</xText>
              </xClmn>
              <xClmn xALIGNx="left" xVALIGNx="top">
                <xText>
          Urszula Westfal
        </xText>
              </xClmn>
            </xRow>
          </xRows>
          
          <xText>po rozpoznaniu w dniu 18 czerwca 2013 r. w Białymstoku</xText>
          <xText>na rozprawie</xText>
          <xText>sprawy z powództwa <xBx><xAnon>A. S.</xAnon></xBx></xText>
          <xText>przeciwko<xBx><xAnon> (...) S.A.</xAnon> w <xAnon>G.</xAnon></xBx></xText>
          <xText>
            <xBx>o zapłatę</xBx>
          </xText>
          <xText>na skutek apelacji powoda</xText>
          <xText>od wyroku Sądu Okręgowego w Olsztynie</xText>
          <xText>z dnia 30 listopada 2012 r. sygn. akt I C 252/11</xText>
          
          <xUnit xIsTitle="false" xType="none">
            <xName xSffx=".">I</xName>
            <xText>
              <xBx>oddala apelację; </xBx>
            </xText>
          </xUnit>
          <xUnit xIsTitle="false" xType="none">
            <xName xSffx=".">II</xName>
            <xText>
              <xBx>zasądza od powódki na rzecz pozwanej 7.568 zł tytułem zwrotu kosztów instancji odwoławczej. </xBx>
            </xText>
          </xUnit>
        </xUnit>
        <xUnit xIsTitle="true" xType="part" xBold="true">
          <xName>UZASADNIENIE</xName>
          <xText xALIGNx="center">Zaskarżonym wyrokiem Sąd Okręgowy w Olsztynie zasadził od pozwanego <xAnon> (...) s.a.</xAnon> w <xAnon>G.</xAnon> na rzecz powódki <xAnon>A. S.</xAnon> kwotę 168,44 zł z dochodzonej kwoty 378.240 zł wraz z ustawowymi odsetkami od dnia 15 kwietnia 2011 r. z tytułu wynagrodzenia za bezumowne korzystanie z jej nieruchomości; oddalił powództwo w pozostałej części; zasądził od powódki na rzecz pozwanego 7217 zł tytułem zwrotu kosztów procesu ; nakazał ściągnąć na rzecz Skarbu Państwa od powódki kwotę 3022,85 zł tytułem wyłożonych przez Skarb Państwa wydatków.</xText>
          <xText>Ustalił, że powódka jest właścicielką działki gruntu o <xAnon>numerach ewidencyjnym (...)</xAnon> położonej w obrębie 24 w m. <xAnon>O.</xAnon> gm. <xAnon>O.</xAnon>. Nabyła na podstawie umowy darowizny zawartej w jej matką w dniu 7 04 2010 r. , która z kolei nabyła ją w drodze umowy zawartej w dniu 23 września 2008 r. Grunt ten stanowi pastwisko trwałe. Na nim znajdują się urządzenia elektroenergetyczne pozwanego: linia SN 15 kV długości 188 mb relacji <xAnon>O.</xAnon> - <xAnon>S.</xAnon> wybudowana w latach 1965, oraz linia SN 15 kV długości 189 mb relacji <xAnon>O.</xAnon> – <xAnon>L.</xAnon> II. Pozwany nie ma tytułu prawnego, uprawniającego go do korzystania z tego terenu.</xText>
          <xText>Powódka uprawia ziemię- zboża ziemniaki i rzepak. Łączna powierzchnia zajęta pod słupy całkowicie wyłączająca możliwość użytkowania rolniczego to 47,4 m<xSUPx>2</xSUPx> Pod liniami niskiego oraz średniego i wysokiego napięcia i w ich obrębie dopuszcza się prowadzenie gospodarki rolnej, jednak w ograniczonym zakresie np. niska zieleń, uprawa zbóż. Nie jest dopuszczalne sytuowanie stanowisk pracy, składowisk wyrobów i materiałów na większą wysokość. Wyliczona przez biegłego powierzchnia strefy ograniczonego użytkowania wynosi łącznie 1508 m<xSUPx>2</xSUPx>. Poza tym linie nie mają negatywnego oddziaływania elekromagnetycznego, co oznacza, że generalnie grunty pod nimi mogą być użytkowane zgodnie z ich przeznaczeniem tj. pod uprawy rolne lub pastwiska. Wysokość stawki rocznej czynszu dzierżawy 1 m<xSUPx>2 </xSUPx>gruntu rolnego możliwa do uzyskania w uczciwym obrocie wynosi po zaokrągleniu 0,08 zł za m<xSUPx>2</xSUPx>/rok co wynika z faktu, iż czynsz roczny za 1 ha (10.000 m<xSUPx>2</xSUPx>) stanowi wynik przemnożenia 10,44 dt pszenicy przez cenę 1 dt 76,35 zł tj. 797,10 zł za 1 ha na rok.</xText>
          <xText>W tak ustalonym stanie faktycznym ocenił, że roszczenie powódki zasługiwało na uwzględnienie w znikomym zakresie.</xText>
          <xText>Odniósł się negatywnie do podniesionego przez pozwanego zarzutu zasiedzenia służebności przesyłu. Stwierdził, że został sformułowany ogólnikowo, a pozwany w istocie zapowiedział tylko wystąpienie o stwierdzenie zasiedzenia na drodze sądowej, co ocenił jako wyraz woli skorzystania z określonego sposobu uzyskania ochrony prawnej tj. wylegitymowania się stosownej treści orzeczeniem Sądu.</xText>
          <xText>Pozytywnie rozstrzygając o samej zasadzie roszczenia uznał, że zostało wyliczone w sposób oczywiście wygórowany.</xText>
          <xText>Na wstępie wskazał na nadmierną stawkę czynszu. Z opinii biegłej d.s. szacowania nieruchomości wynika, iż wartość czynszu rocznego za 1 m<xSUPx>2</xSUPx> gruntu rolnego o przeznaczeniu takim, jak ewidencyjne przeznaczenie spornych działek i faktyczny sposób ich użytkowania, wynosi 0,08 zł/m<xSUPx>2</xSUPx>/rok. W pełni podzielił tę opinię, która jako obszerna, logiczna, zupełna stanowiła, w jego ocenie, w pełni miarodajne źródło wiedzy o realnej skali możliwych do uzyskania stawek czynszu. Biegła składając co do tego wyjaśnienia na rozprawie rzeczowo i przekonywująco przedstawiła przyjętą przez siebie metodologię polegającą na powiązaniu stawek czynszu ze średnimi stawkami czynszu uzyskiwanymi w przetargach <xAnon> (...)</xAnon> z terenu Województwa <xAnon> (...)</xAnon>, co jest jedną metod ugruntowanych i stosowanych w praktyce szacowania czynszów.</xText>
          <xText>W dalszym ciągu wskazał, że w pozwie powódka żądała zasądzenia określonej kwoty wynagrodzenia za bezumowne korzystanie z nieruchomości. Podała wprawdzie, że trakcja wpływa niekorzystnie na zdrowie i uniemożliwia korzystne zbycie nieruchomości, jednak całokształt twierdzeń stanowiących podstawę faktyczną powództwa, sposób wyliczenia żądania i wskazanie podstawy prawnej, daje podstawy do uznania, że nie obejmuje zadośćuczynienia za naruszenie dóbr innych niż majątkowe, czy też odszkodowania za utratę wartości nieruchomości. Powódka nie zmieniła podstawy faktycznej i prawnej swego żądania, obejmując nią tylko niemożność korzystania z nieruchomości w konkretnych ramach czasowych (<xLexLink xArt="art. 224" xIsapId="WDU19640160093" xTitle="Ustawa z dnia 23 kwietnia 1964 r. - Kodeks cywilny" xAddress="Dz. U. z 1964 r. Nr 16, poz. 93">art. 224 i nast. k.c.</xLexLink>). Będąc związany treścią <xLexLink xArt="art. 321" xIsapId="WDU19640430296" xTitle="Ustawa z dnia 17 listopada 1964 r. - Kodeks postępowania cywilnego" xAddress="Dz. U. z 1964 r. Nr 43, poz. 296">art. 321 k.p.c.</xLexLink> nie wyszedł poza granice żądania. Jedynie na marginesie wskazał, że roszczenia dotyczące utraty realnej wartości nieruchomości zostały w dotychczasowym orzecznictwie wykluczone (tak uchwała SN z dnia 08. 09. 2011 r - III CZP 43/11- OSNC 2012/2/18).</xText>
          <xText>W konsekwencji uznał, że właściwą wyjściową wielkością stanowiącą punkt wyjścia ustalenia wynagrodzenia za korzystanie z nieruchomości będzie stawka czynszu, jaki można byłoby uzyskać przy oddaniu w dzierżawę tej bądź podobnej nieruchomości. Przywołał wyrok Sądu Najwyższego z 11 grudnia 2009 r., V CSK 175/09, w którym dał wyraz poglądowi, że jakkolwiek odpowiedzialność za utratę, zużycie lub pogorszenie rzeczy jest odpowiedzialnością odszkodowawczą, to uregulowana została w <xLexLink xArt="art. 224;art. 224 § 2;art. 225" xIsapId="WDU19640160093" xTitle="Ustawa z dnia 23 kwietnia 1964 r. - Kodeks cywilny" xAddress="Dz. U. z 1964 r. Nr 16, poz. 93">art. 224 § 2 i art. 225 k.c.</xLexLink> w sposób szczególny. Roszczenia z tego tytułu są roszczeniami odrębnymi, niezależnymi od odpowiedzialności deliktowej, dlatego te przepisy - w zakresie wymienionych w nich roszczeń - wyłączają inne podstawy odpowiedzialności posiadacza wobec właściciela.</xText>
          <xText>Dlatego Sąd uznał, że wynagrodzenie stanowi odpowiednik czynszu dzierżawnego nieruchomości rolnej - najbardziej typowy i oczekiwany w powszechnym obrocie. Dlatego pominął wnioski dowodowe powódki zmierzające do ustalenia innych możliwości wyliczenia wysokości roszczenia.</xText>
          <xText>W konkretnych wyliczeniach wskazał, że powierzchnia całkowicie wyłączona z produkcji rolnej, niesporna między stronami, według biegłego energetyka wyniosła 47,4 m<xSUPx>2</xSUPx> Została skorygowana i ograniczona do granic wyznaczonych podstawą żądania - 16 m<xSUPx>2</xSUPx>. Strony odmiennie natomiast oceniały niemożność korzystania z gruntu pod liniami energetycznymi. Sąd odnosząc się do tego uznał, że choć zgodnie z opiniami biegłego energetyka skala wyłączenia powierzchni objętej tym zakazem przy typowo rolniczym użytkowaniu nieruchomości jest znikoma, to możliwe jest w pewnym zakresie jej uwzględnienie. Odnosi się wprawdzie w zasadzie tylko do możliwości posadowienia budynków, sytuowania stanowisk pracy, składowania rzeczy lub sadzenia wyższej roślinności itd. Ocenił jednak możliwość wykorzystania gruntów na cele rolnicze bezpośrednio pod biegnącą linią może być ograniczona. Według biegłego energetyka w obrębie strefy przebiegu linii istnieją z technicznego i budowlanego punktu widzenia ograniczenia, wynikające z fizycznego oddziaływania i zasięgu linii, co wpływa na korzystanie z gruntu i prowadzenie produkcji rolnej - chociażby zakaz zabudowy. Nie ma zatem możliwości np. posadowienia obiektu o charakterze gospodarczym, składowania (np. słomy), sytuowania stanowisk pracy lub sadzenia roślinności wyższej. Jest to ograniczenie korzystania z rzeczy, które zważywszy na konstytucyjne gwarancje prawa własności, nakazuje przyjąć do naliczenia wynagrodzenia powierzchnię w wariancie szerszym, tj. z uwzględnieniem szerzej niż rolniczo pojętych ograniczeń. Wskazując, że ta strefa cechuje się znikomym stopniem ingerencji w korzystanie, Sąd wprowadził współczynnik korygujący, który określił na poziomie 50%. Został on przytoczony przez biegłą <xAnon>T. W.</xAnon> i oceniony jako mieszczący się w rozsądnych granicach.</xText>
          <xText>Sąd skorygował w stosunku do określonej w pozwie powierzchnię dotkniętą ograniczeniem z tytułu przebiegu linii średniego napięcia nawiązując do opinii biegłego energetyka. Wyliczył ją poprzez przemnożenie pasa 4 m przez długość linii 377 mb (nie zaś 390 mb) co dało łącznie 1508 m<xSUPx>2</xSUPx> powierzchni ograniczonej w użytkowaniu przez linię SN.</xText>
          <xText>Wynagrodzenie z tytułu niemożności korzystania z niej przez rok stanowił wynik przemnożenia powierzchni pod słupami przez stawkę czynszu, co daje kwotę 4,88 zł w skali roku. Wynagrodzenie za korzystanie z powierzchni pod linią odpowiadało wynikowi przemnożenia powierzchni 1508 m<xSUPx>2</xSUPx> przez roczną stawkę czynszu 0,08 zł m<xSUPx>2</xSUPx>/rok, co przy uwzględnieniu stopnia ingerencji 50%, dało ostatecznie kwotę 60,32 zł (1508 m<xSUPx>2</xSUPx> x 0,08 zł x 0,5 ). Ich suma daje wynik w wysokości 65,20 zł za 1 rok.</xText>
          <xText>W ocenie Sądu brak było podstaw do zasądzenia wynagrodzenia za 10-letni okres wskazany w pozwie. Poprzedniczka prawna powódki nabyła tę nieruchomość od osoby trzeciej w 2008 r. i scedowała na powódkę wynagrodzenie za okres, kiedy była właścicielką nieruchomości. Powódka może domagać się wynagrodzenia w przedziale czasowym od dnia nabycia działki przez jej matkę do dnia wniesienia pozwu tj. za okres 31 miesięcy. Roszczenia uzupełniające z <xLexLink xArt="art. 224;art. 224 § 2" xIsapId="WDU19640160093" xTitle="Ustawa z dnia 23 kwietnia 1964 r. - Kodeks cywilny" xAddress="Dz. U. z 1964 r. Nr 16, poz. 93">art. 224 § 2 k.c.</xLexLink>, jakkolwiek znajdują pierwotne swe źródło w prawie własności, nie są <xLexLink xArt="" xIsapId="WDU19460570319" xTitle="Dekret z dnia 11 października 1946 r. - Prawo rzeczowe" xAddress="Dz. U. z 1946 r. Nr 57, poz. 319">prawami rzeczowymi</xLexLink> przechodzącymi wraz z własnością nieruchomości na nabywcę. Z uwagi na roszczeniowy charakter stanowią wierzytelność przypisaną konkretnej osobie tj. właścicielowi za dany okres korzystania z rzeczy przez osobę trzecią.</xText>
          <xText>Wynagrodzenie należne za okres 31 miesięcy Sąd wyliczył mnożąc kwotę rocznego wynagrodzenia 65,20 zł przez ułamek 31/12, co dało kwotę zasądzoną na podstawie <xLexLink xArt="art. 224;art. 224 § 2" xIsapId="WDU19640160093" xTitle="Ustawa z dnia 23 kwietnia 1964 r. - Kodeks cywilny" xAddress="Dz. U. z 1964 r. Nr 16, poz. 93">art. 224 §2 k.c.</xLexLink> w zw. z <xLexLink xArt="art. 225" xIsapId="WDU19640160093" xTitle="Ustawa z dnia 23 kwietnia 1964 r. - Kodeks cywilny" xAddress="Dz. U. z 1964 r. Nr 16, poz. 93">art. 225 k.c.</xLexLink> w pk-cie I wyroku. W pozostałym zakresie oddalił powództwo. O kosztach orzekł po myśli <xLexLink xArt="art. 98;art. 108" xIsapId="WDU19640430296" xTitle="Ustawa z dnia 17 listopada 1964 r. - Kodeks postępowania cywilnego" xAddress="Dz. U. z 1964 r. Nr 43, poz. 296">art. 98 i 108 k.p.c.</xLexLink>, mając na uwadze znikomy stopień w jakim pozwany uległ żądaniu powódki.</xText>
          <xText>
            <xIx> Powódka zaskarżyła ten wyrok w części oddalającej powództwo co do kwoty 378.071,56. zł oraz zasądzającej koszty sądowe (pkt. II i III), zarzucając :</xIx>
          </xText>
          <xUnit xIsTitle="false" xType="none">
            <xName xSffx=".">1</xName>
            <xText>Naruszenie przepisów prawa materialnego:</xText>
          </xUnit>
          <xText>
            <xIx>a) 140 <xLexLink xArt="" xIsapId="WDU19640160093" xTitle="Ustawa z dnia 23 kwietnia 1964 r. - Kodeks cywilny" xAddress="Dz. U. z 1964 r. Nr 16, poz. 93">k.c.</xLexLink>, pozwana bowiem bez tytułu prawnego posiada służebność gruntową o powierzchni 1576 m<xSUPx>2</xSUPx> linii elektroenergetycznej wspartej na 4 slupach. Na posiadanie tej służebności nie posiada decyzji administracyjnej wywłaszczającej powódkę lub jej poprzedników ani umowy zawartej z powódką. Działa w złej wierze. Jest to poważna ingerencja pozwanego w prawo własności powoda. Pozwana nie dysponuje wymaganą decyzją ani dokumentacją techniczną na wykonanie tego obiektu budowlanego (<xLexLink xArt="art. 3;art. 3 pkt. 3 a;art. 5;art. 5 ust. 1;art. 5 ust. 2" xIsapId="WDU19940890414" xTitle="Ustawa z dnia 7 lipca 1994 r. - Prawo budowlane" xAddress="Dz. U. z 1994 r. Nr 89, poz. 414">art. 3 pkt 3a, art. 5 ust. 1 i 2 ustawy z dnia 7 lipca 1994r. Prawo budowlane</xLexLink> /Dz. U. 2010, Nr 243, poz. 1623 z póżn. zm/);</xIx>
          </xText>
          <xText>
            <xIx>b) <xLexLink xArt="art. 7" xIsapId="WDU19640160093" xTitle="Ustawa z dnia 23 kwietnia 1964 r. - Kodeks cywilny" xAddress="Dz. U. z 1964 r. Nr 16, poz. 93">art. 7 k.c</xLexLink>;</xIx>
          </xText>
          <xText>c) <xLexLink xArt="art. 224;art. 224 § 2" xIsapId="WDU19640160093" xTitle="Ustawa z dnia 23 kwietnia 1964 r. - Kodeks cywilny" xAddress="Dz. U. z 1964 r. Nr 16, poz. 93">art. 224 § 2 k.c.</xLexLink>, <xLexLink xArt="art. 225" xIsapId="WDU19640160093" xTitle="Ustawa z dnia 23 kwietnia 1964 r. - Kodeks cywilny" xAddress="Dz. U. z 1964 r. Nr 16, poz. 93">art. 225 k.c.</xLexLink> i <xLexLink xArt="art. 230" xIsapId="WDU19640160093" xTitle="Ustawa z dnia 23 kwietnia 1964 r. - Kodeks cywilny" xAddress="Dz. U. z 1964 r. Nr 16, poz. 93">art. 230 k.c.</xLexLink> przez uznanie przez Sąd Okręgowy, że powódce nie przysługuje w pełnej wysokości określone w pozwie roszczenie wynikające z przepisów <xLexLink xArt="" xIsapId="WDU19460570319" xTitle="Dekret z dnia 11 października 1946 r. - Prawo rzeczowe" xAddress="Dz. U. z 1946 r. Nr 57, poz. 319">prawa rzeczowego</xLexLink>./Por. wyrok SN z dnia 3.04.2009 sygn. akt: II CSK 470/08/ a nie z przepisów prawa zobowiązaniowego jak przyjął Sąd Okręgowy.</xText>
          <xText>2. naruszenie przepisów prawa procesowego, mianowicie:</xText>
          <xText>
            <xIx>a) <xLexLink xArt="art. 233;art. 233 § 1;art. 233 § 2" xIsapId="WDU19640430296" xTitle="Ustawa z dnia 17 listopada 1964 r. - Kodeks postępowania cywilnego" xAddress="Dz. U. z 1964 r. Nr 43, poz. 296">art. 233 § 1 i § 2 k.p.c.</xLexLink> - Sąd nie przeprowadził zawnioskowanych przez powódkę dowodów z opinii biegłego w celu zweryfikowania wadliwej opinii <xAnon>T. W. (2)</xAnon>, która dokonała wyliczeń stawki dzierżawnej na działce powódki w sposób niekompetentny ustalając, że w okresie objętym sporem w skali roku wynosiła kwotę 0,08 zł za jeden m<xSUPx>2</xSUPx>. W niezrozumiały także dla powódki sposób przyjął okres do wyliczeń należności jedynie za 31 miesięcy w sytuacji, gdy powódka go dochodzi za 10 lat do wniesienia pozwu i okres ten jest udokumentowany. Niezrozumiale też są rozważania Sądu na str. 7 uzasadnienia dotyczące potrącenia. </xIx>
          </xText>
          <xText>
            <xIx>b) <xLexLink xArt="art. 227" xIsapId="WDU19640430296" xTitle="Ustawa z dnia 17 listopada 1964 r. - Kodeks postępowania cywilnego" xAddress="Dz. U. z 1964 r. Nr 43, poz. 296">art. 227 k.p.c.</xLexLink>, <xLexLink xArt="art. 232" xIsapId="WDU19640430296" xTitle="Ustawa z dnia 17 listopada 1964 r. - Kodeks postępowania cywilnego" xAddress="Dz. U. z 1964 r. Nr 43, poz. 296">232 k.p.c.</xLexLink> i <xLexLink xArt="art. 278;art. 278 § 1" xIsapId="WDU19640430296" xTitle="Ustawa z dnia 17 listopada 1964 r. - Kodeks postępowania cywilnego" xAddress="Dz. U. z 1964 r. Nr 43, poz. 296">art. 278 § 1 k.p.c.</xLexLink> przez oddalenie wniosku dowodowego o powołanie biegłego specjalisty od gospodarki wolnorynkowej i wyceny nieruchomości. Sąd Okręgowy odstąpił od ustalenia należnej kwoty wynagrodzenia za korzystanie bezumowne ze służebności oraz pogorszenia handlowego, gospodarczego i użytkowego tych działek.</xIx>
          </xText>
          <xText>Wnosiła o:</xText>
          <xText>
            <xIx>a) zmianę zaskarżonego wyroku w części II i III w zakresie kwoty 178.071,56 zł i jej zasądzenie od pozwanego z ustawowymi odsetkami od dnia wniesienia pozwu oraz orzeczenie o kosztach procesu za obie instancje według norm przepisanych,</xIx>
          </xText>
          <xText>ewentualnie:</xText>
          <xText>
            <xIx>b) o uchylenie wyroku w zaskarżonej części oraz „zwrócenie sprawy do ponownego rozpoznania przez Sąd Okręgowy w Olsztynie.</xIx>
          </xText>
          
          <xText>
            <xBx> Sąd Apelacyjny zważył:</xBx>
          </xText>
          <xText><xBx> Apelacja jest nieuzasadniona</xBx>.</xText>
          
          <xText>Nieadekwatne są na gruncie dokonanej przez Sąd Okręgowy oceny prawnej podniesione na wstępie zarzuty naruszenia <xLexLink xArt="art. 7" xIsapId="WDU19640160093" xTitle="Ustawa z dnia 23 kwietnia 1964 r. - Kodeks cywilny" xAddress="Dz. U. z 1964 r. Nr 16, poz. 93">art. 7 k.c.</xLexLink>, a także <xLexLink xArt="art. 140" xIsapId="WDU19640160093" xTitle="Ustawa z dnia 23 kwietnia 1964 r. - Kodeks cywilny" xAddress="Dz. U. z 1964 r. Nr 16, poz. 93">art. 140 k.c.</xLexLink></xText>
          <xText>Odnosząc się w pierwszej kolejności do zarzutu naruszenia <xLexLink xArt="art. 7" xIsapId="WDU19640160093" xTitle="Ustawa z dnia 23 kwietnia 1964 r. - Kodeks cywilny" xAddress="Dz. U. z 1964 r. Nr 16, poz. 93">art. 7 k.c.</xLexLink> trzeba wskazać, że zawarte w nim zostało stanowisko całkowicie zbieżne z przyjętą przez Sąd Okręgowy oceną. W podstaw częściowego uwzględnienia powództwa legło bowiem zapatrywanie, że pozwany, który nie wykazał tytułu prawnego do korzystania z nieruchomości w zakresie odpowiadającym treści służebności, był posiadaczem w złej wierze.</xText>
          <xText>Tożsama w części, nawiązująca do złej wiary pozwanego, abstrahująca od wywodu prawnego Sądu Okręgowego argumentacja, została przedstawiona w uzasadnieniu zarzutu naruszenia <xLexLink xArt="art. 140" xIsapId="WDU19640160093" xTitle="Ustawa z dnia 23 kwietnia 1964 r. - Kodeks cywilny" xAddress="Dz. U. z 1964 r. Nr 16, poz. 93">art. 140 k.c.</xLexLink> Sąd Okręgowy nie tylko wskazał na status pozwanego jako posiadacza w złej wierze, ale przyjął, że miała miejsce z jego strony ingerencja w uprawnienia właścicielskie powódki, której zakres został uwzględniony szerzej, niż to wynika z samego fizycznego usytuowania na nieruchomości urządzeń przesyłowych. Przyznane powódce wynagrodzenie odzwierciedlało bowiem nie tylko stan faktyczny istniejący do czasu wytoczenia powództwa - zakres ograniczenia władztwa wynikający z samego usytuowania urządzeń energetycznych, z uwzględnieniem klasyfikacji i dotychczasowego sposobu zagospodarowania nieruchomości (pastwiska). Wyrażało się to przyznaniem wynagrodzenia za korzystanie z gruntu pod linią napowietrzną i pasa ochronnego, które to korzystanie nawet według twierdzeń powódki nie miało miejsca, ani wpływu na sposób wykorzystania przez nią nieruchomości w okresie objętym żądaniem pozwu. Nie ograniczało jej bowiem w prowadzeniu działalności w takim zakresie, jaki wynikał ze stanu faktycznego i przeznaczenia nieruchomości (pastwisko). Należy w konsekwencji ocenić, że Sąd ustalając stawki wynagrodzenia uwzględnił bardzo szeroko, nawet ponad rzeczywistą potrzebę, przesłanki ochrony prawa własności, do których nawiązano w zarzucie. Przywołał także inne, obok faktycznie występujących, abstrakcyjne, czynniki wpływające na ograniczenie właściciela w sprawowaniu jego władztwa, jak choćby niemożliwość zabudowy, składowania bądź sadzenia wyższej roślinności na terenie pod trakcją i objętym zakresem jej oddziaływania pasem ochronnym (str. 12 uzasadnienia).</xText>
          <xText>W nawiązaniu do zarzutów uchybień procesowych należy wskazać, że tok rozumowania Sądu, który opierał się na niepodważonych wyliczeniach przedstawionych w opiniach biegłych, co do zakresu oddziaływania urządzeń pozwanego na nieruchomość, jak i sposobu ustalenia wynagrodzenia, jest prawidłowy. Skarżąca podnosząc w zarzucie, że dotknięta ingerencją powierzchnia, obejmująca teren pod urządzeniami wraz z pasem ochronnym, jest większa, nie wskazała na żadną wadliwość opinii sporządzonej przez powołanego w sprawie biegłego. Odwołała się tylko do ustaleń, jakich dokonał powołany przez nią ekspert w opinii prywatnej. Zarzut do opinii biegłej rzeczoznawcy majątkowego <xAnon>T. W. (2)</xAnon> także sprowadza się do jej zanegowania, nie zaś wykazania niezgodności z rzeczywistym stanem rzeczy przesłanek, które doprowadziły ostatecznie do ustalenia wysokości wynagrodzenia (kwestia ustalenia podstawowej - „wyjściowej” stawki czynszu dzierżawnego i sposobu jej skorygowania przy uwzględnieniu zakresu ograniczenia władztwa właściciela). Poza twierdzeniem opartym na osobistym przekonaniu skarżąca nie przedstawiła żadnych dowodów, w oparciu o które można byłoby zanegować prawidłowość ustaleń badawczych biegłej dotyczących stawek czynszu dzierżawnego, przytoczonych w nawiązaniu do ich źródła (informacja o czynszach pobieranych przez <xAnon> (...)</xAnon>). Nie zawarła w apelacji argumentacji, która dawałaby podstawę do uznania, że zarówno stawka podstawowa czynszu dzierżawnego, jak też jego korekta, uwarunkowana częściową tylko ingerencją w jej władztwo nad rzeczą, zostały określone wadliwie.</xText>
          <xText>Nie są tym samym uzasadnione zarzuty, w których wskazuje na wadliwość oceny dokonanej na podstawie dowodu z opinii określającej wynagrodzenie za korzystanie z nieruchomości powódki i odmowę dopuszczenia w tym przedmiocie dowodu z opinii innego biegłego. Na tle tego dowodu w utrwalonym orzecznictwie wskazuje się, że nie można przyjąć, iż sąd zobowiązany jest dopuścić dowód z kolejnych biegłych w każdym przypadku, gdy złożona opinia jest niekorzystna dla strony (zob. wyrok SN z dnia 15 lutego 1974 r., <xUx>II CR 817/73</xUx>, LEX nr 7404; wyrok SN z dnia 18 lutego 1974 r., <xUx>II CR 5/74</xUx>, LEX nr 7407; wyrok SN z dnia 15 listopada 2001 r., <xUx>II UKN 604/00</xUx>, PPiPS 2003, nr 9, poz. 67). Potrzeba powołania innego biegłego powinna zatem wynikać z okoliczności sprawy, a nie z samego niezadowolenia strony z dotychczasowej złożonej opinii (por. wyrok SN z dnia 5 listopada 1974 r., <xUx>I CR 562/74</xUx>, LEX nr 7607; uzasadnienie wyroku SN z dnia 4 sierpnia 1999 r., <xUx>I PKN 20/99</xUx>, OSNAPiUS 2000, nr 22, poz. 807; uzasadnienie wyroku SN z dnia 10 stycznia 2001 r., <xUx>II CKN 639/99</xUx>, LEX nr 53135).</xText>
          <xText>Tym samym, wobec braku uzasadnionych merytorycznych zarzutów do ustaleń sądu poczynionych na podstawie opinii powołanych w postępowaniu biegłych, należy przyjąć, że rozmiary powierzchni; stawki wynagrodzenia - podstawowa i zredukowana, z uwagi na możliwość korzystania z nieruchomości pod samą linią przesyłową zgodnie z jej przeznaczeniem, wskazane w opiniach biegłych i zaaprobowane przez Sąd Okręgowy, są miarodajne dla oceny powództwa. Zarzuty uchybień procesowych nie mogą być zatem uwzględnione.</xText>
          <xText>Przyjęty przez Sąd sposób ustalenia wynagrodzenia należnego na postawie <xLexLink xArt="art. 224;art. 225" xIsapId="WDU19640160093" xTitle="Ustawa z dnia 23 kwietnia 1964 r. - Kodeks cywilny" xAddress="Dz. U. z 1964 r. Nr 16, poz. 93">art. 224 i 225 k.c.</xLexLink> jest prawidłowy i opiera się na ukształtowanej jednolitcie linii orzecznictwa. Sąd Najwyższy w wyroku z dnia 3 lutego 2010r., II CSK 444/09, odwołując się do swoich wcześniejszych, cytowanych w jego uzasadnieniu orzeczeń, wyjaśnił, że posiadanie służebności gruntowej, obecnie zdefiniowanej w <xLexLink xArt="art. 305(1)" xIsapId="WDU19640160093" xTitle="Ustawa z dnia 23 kwietnia 1964 r. - Kodeks cywilny" xAddress="Dz. U. z 1964 r. Nr 16, poz. 93">art. 305<xSUPx>1</xSUPx> k.c.</xLexLink> jako służebność przesyłu, przybiera taką postać, że nie pozbawia w zupełności faktycznego władztwa właściciela nad nieruchomością obciążoną. Dlatego zawodzą postulowane przez powódkę w pozwie i apelacji kryteria ustalania wysokości wynagrodzenia za korzystanie z nieruchomości oparte na układzie odpowiednich cen rynkowych właściwych dla najmu lub dzierżawy gruntu, które są adekwatne w sytuacjach, kiedy wynajmujący lub wydzierżawiający zostają zupełnie pozbawieni fizycznego władztwa nad rzeczą. W ramach obiektywnych kryteriów można natomiast zastosować odpowiednie ceny rynkowe za korzystanie z nieruchomości w zakresie służebności, których wysokość powinna uwzględniać stopień ingerencji w treść prawa własności. Stawki czynszu najmu lub dzierżawy są właściwe jedynie dla określenia wynagrodzenia w takich sytuacjach, w których właściciel zostaje w całości pozbawiony możliwości korzystania z nieruchomości. Na tej podstawie ustala się zatem wynagrodzenie za korzystanie z terenu zajętego pod stację trafo lub – jak w przypadku rozpoznawanym w niniejszej sprawie - słup energetyczny. Jeżeli, ze względu na sposób posadowienia urządzeń przesyłowych, powód może korzystać ze swojej nieruchomości w mniej lub bardziej ograniczonym zakresie, wynagrodzenie za bezumowne korzystanie powinno być odpowiednio obniżone (por. wyrok Sądu Najwyższego z dnia 8 czerwca 2005 r., V CK 679/04, nie publ.).</xText>
          <xText>Sąd Okręgowy orzekając o należnym powódce wynagrodzeniu we właściwy sposób uwzględnił przytoczone kryteria. Przyznał bowiem wynagrodzenie zróżnicowane proporcjonalnie do stopnia ingerencji posiadacza w treść cudzego prawa własności. W tej części, w której grunt został całkowicie wyłączony z zakresu władztwa powódki (powierzchnia pod słupami energetycznymi), wynagrodzenie zostało ustalone w wysokości pełnej stawki dzierżawy za 1 m<xSUPx>2</xSUPx> gruntu, zaś w odniesieniu do reszty gruntu – pod liniami przesyłowymi, skorygowane o przyjęty przez biegłą wskaźnik 0,5.</xText>
          <xText>Nie jest także trafny zarzut odnoszący się do niepełnego uwzględnienia powództwa w zakresie czasowym - 31 miesięcy, nie zaś 10 lat poprzedzających datę jego wytoczenia. Skarżąca w jego uzasadnieniu powołuje się na mający wynikać z przytoczonego orzeczenia Sądu Najwyższego pogląd, że roszczenia uzupełniające (<xLexLink xArt="art. 224;art. 225" xIsapId="WDU19640160093" xTitle="Ustawa z dnia 23 kwietnia 1964 r. - Kodeks cywilny" xAddress="Dz. U. z 1964 r. Nr 16, poz. 93">art. 224 i 225 k.c.</xLexLink>) nie mają charakteru zobowiązaniowych, lecz rzeczowy. Sąd Apelacyjny nie podziela tego zapatrywania. Ocenia natomiast jako trafne to, które legło u postaw wydania zaskarżonego orzeczenia, wyrażane w jednolitym ostatnio nurcie orzecznictwa, że przysługujące właścicielowi uprawnienie do wynagrodzenia za bezumowne korzystanie z rzeczy, o ile ma swoje źródło w skutecznym erga omnes prawie własności, ma charakter względny, co oznacza, że takiego wynagrodzenia może się domagać od osoby władającej rzeczą bez podstawy prawnej ten, kto był jej właścicielem w czasie władania. W wyroku Sądu Najwyższego z dnia 23 stycznia 2007 r., III CSK 278/2006, zostało wskazane, że obejmuje cały czas, przez który posiadacz korzystał z rzeczy, powstaje od chwili objęcia rzeczy w posiadanie przez posiadacza, a po powstaniu uzyskuje samodzielny byt prawny jako roszczenie o charakterze obligacyjnym i może być dochodzone niezależnie od roszczenia windykacyjnego. Podobne stanowiska były zajmowane także we wcześniejszych orzeczeniach, (por. m.in. uchwały Sądu Najwyższego z dnia 24 października 1972 r. III CZP 70/72 OSNCP 1973/6 poz. 102 i z dnia 26 kwietnia 2002 r. III CZP 21/2002 OSNC 2002/12 poz. 149 oraz wyrok Sądu Najwyższego z dnia 14 lutego 1967 r. I CR 443/66 OSNCP 1967/9 poz. 163). Roszczenie to oczywiście nie może przysługiwać za okres, w którym właściciel nie był właścicielem rzeczy. Całkowicie nieuzasadniony okazał się zatem także zarzut przytoczony w punkcie 1.c).</xText>
          <xText>W zawiązaniu zaś do niezbyt fortunnie sformułowanego zarzutu naruszenia <xLexLink xArt="art. 227" xIsapId="WDU19640430296" xTitle="Ustawa z dnia 17 listopada 1964 r. - Kodeks postępowania cywilnego" xAddress="Dz. U. z 1964 r. Nr 43, poz. 296">art. 227 k.p.c.</xLexLink>, <xLexLink xArt="art. 232" xIsapId="WDU19640430296" xTitle="Ustawa z dnia 17 listopada 1964 r. - Kodeks postępowania cywilnego" xAddress="Dz. U. z 1964 r. Nr 43, poz. 296">232 k.p.c.</xLexLink> i <xLexLink xArt="art. 278;art. 278 § 1" xIsapId="WDU19640430296" xTitle="Ustawa z dnia 17 listopada 1964 r. - Kodeks postępowania cywilnego" xAddress="Dz. U. z 1964 r. Nr 43, poz. 296">art. 278 § 1 k.p.c.</xLexLink> i przytoczonych w nim okoliczności wystarczy wskazać, że prowadzenie postępowania dowodowego w celu ich wyjaśnienia było zbędne dla oceny zasadności dochodzonego w niniejszej sprawie roszczenia. Zaprezentowane w uzasadnieniu zaskarżonego wyroku stanowisko Sądu Okręgowego, który ograniczył się do zbadania wysokości roszczenia z tytułu bezumownego korzystania z nieruchomości, wskazując na związanie żądaniem pozwu oraz przytoczoną podstawą faktyczną i prawną dochodzonego roszczenia (<xLexLink xArt="art. 321;art. 321 § 1" xIsapId="WDU19640430296" xTitle="Ustawa z dnia 17 listopada 1964 r. - Kodeks postępowania cywilnego" xAddress="Dz. U. z 1964 r. Nr 43, poz. 296">art. 321 § 1 k.p.c.</xLexLink> i <xLexLink xArt="art. 225" xIsapId="WDU19640160093" xTitle="Ustawa z dnia 23 kwietnia 1964 r. - Kodeks cywilny" xAddress="Dz. U. z 1964 r. Nr 16, poz. 93">art. 225 k.c.</xLexLink>), jest prawidłowe. W zakresie roszczeń z tytułu bezumownego posiadania nieruchomości nie mieści się odszkodowanie z tytułu pogorszenia wartości handlowej gruntu. Sąd Apelacyjny podziela takie stanowisko, które - podobnie jak prezentowane we wcześniejszych kwestiach prawnych, nawiązuje do ukształtowanej jednolicie linii orzecznictwa. Przykładowo więc tylko można wskazać, że w wyroku z 9 czerwca 2000 r., IV CKN 1159/00, Sąd Najwyższy - powołując się na wcześniejszą uchwałę z 11 maja 1972 r., III CZP 22/72, - jeszcze raz stwierdził, że ochrona interesów właściciela i przywracanie zakłóconej równowagi następuje na szczególnej podstawie <xLexLink xArt="art. 224;art. 225" xIsapId="WDU19640430296" xTitle="Ustawa z dnia 17 listopada 1964 r. - Kodeks postępowania cywilnego" xAddress="Dz. U. z 1964 r. Nr 43, poz. 296">art. 224 i 225</xLexLink>, wyłączającej w zakresie roszczeń uregulowanych w tych przepisach inne przepisy, np. ogólne odszkodowawcze lub o bezpodstawnym wzbogaceniu. Pominięcie dowodów, poprzez które skarżąca zmierzała do wykazania roszczenia w szerszym zakresie niż wynikającym z powołanych przepisów, miało zatem uzasadnienie w treści <xLexLink xArt="art. 217;art. 217 § 2" xIsapId="WDU19640430296" xTitle="Ustawa z dnia 17 listopada 1964 r. - Kodeks postępowania cywilnego" xAddress="Dz. U. z 1964 r. Nr 43, poz. 296">art. 217 § 2 k.p.c.</xLexLink>w brzmieniu obowiązującym do 12 maja 2012.</xText>
          <xText>Powyższa ocena skutkowała oddaleniem apelacji stosownie do <xLexLink xArt="art. 385" xIsapId="WDU19640430296" xTitle="Ustawa z dnia 17 listopada 1964 r. - Kodeks postępowania cywilnego" xAddress="Dz. U. z 1964 r. Nr 43, poz. 296">art. 385 k.p.c.</xLexLink></xText>
          <xText>O kosztach postępowania apelacyjnego Sąd Apelacyjny postanowił po myśli <xLexLink xArt="art. 98;art. 98 § 1" xIsapId="WDU19640430296" xTitle="Ustawa z dnia 17 listopada 1964 r. - Kodeks postępowania cywilnego" xAddress="Dz. U. z 1964 r. Nr 43, poz. 296">art. 98 § 1 k.p.c.</xLexLink> Zasądził na rzecz strony wygrywającej spór poniesione w tej instancji koszty zastępstwa procesowego w wysokości stawki minimalnej oraz koszty dojazdu pełnomocnika na rozprawę przed Sadem Apelacyjnym w dniu 18 czerwca 2013 r.</xText>
        </xUnit>
      </xBlock>
    </xPart>
  </judgement>
<judgement id="150500000000503_I_ACa_000232_2013_Uz_2013-06-18_001">
    <xPart xEditorFullName="Izabela Lach" xYear="2013" xLang="PL" xPublisherFullName="Barbara Basiel" xFromPg="1" xEditor="ilach" xVolType="15/050000/0000503/ACa" xPublisher="bbasiel" xDocType="Uz" xVolNmbr="000232" xVersion="1.0" xToPage="15" xFlag="published">
      <xName>Wyrok+Uzasadnienie</xName>
      <xBlock>
        <xText>Sygn. akt I ACa 232/13</xText>
        <xUnit xIsTitle="true" xType="part" xBold="true">
          <xName>WYROK</xName>
          <xTitle>W IMIENIU RZECZYPOSPOLITEJ POLSKIEJ</xTitle>
          <xText xALIGNx="right"> Dnia 18 czerwca 2013 r.</xText>
          
          <xText>Sąd Apelacyjny w Białymstoku I Wydział Cywilny</xText>
          <xText>w składzie:</xText>
          
          <xRows>
            <xCOLGROUPx>
              <xCOLx xWIDTHx="164"/>
              <xCOLx xWIDTHx="22"/>
              <xCOLx xWIDTHx="438"/>
            </xCOLGROUPx>
            <xRow>
              <xClmn xALIGNx="left" xVALIGNx="top">
                <xText>Przewodniczący</xText>
              </xClmn>
              <xClmn xALIGNx="left" xVALIGNx="top">
                <xText>:</xText>
              </xClmn>
              <xClmn xALIGNx="left" xVALIGNx="top">
                <xText>SSA Bogusław Dobrowolski (spr.)</xText>
              </xClmn>
            </xRow>
            <xRow>
              <xClmn xALIGNx="left" xVALIGNx="top">
                <xText>Sędziowie</xText>
              </xClmn>
              <xClmn xALIGNx="left" xVALIGNx="top">
                <xText>:</xText>
              </xClmn>
              <xClmn xALIGNx="left" xVALIGNx="top">
                <xText>SA Magdalena Pankowiec</xText>
                <xText>SO del. Beata Wojtasiak</xText>
              </xClmn>
            </xRow>
            <xRow>
              <xClmn xALIGNx="left" xVALIGNx="top">
                <xText>Protokolant</xText>
              </xClmn>
              <xClmn xALIGNx="left" xVALIGNx="top">
                <xText>:</xText>
              </xClmn>
              <xClmn xALIGNx="left" xVALIGNx="top">
                <xText>
          Urszula Westfal
        </xText>
              </xClmn>
            </xRow>
          </xRows>
          
          <xText>po rozpoznaniu w dniu 18 czerwca 2013 r. w Białymstoku</xText>
          <xText>na rozprawie</xText>
          <xText>sprawy z powództwa <xBx><xAnon>P. P.</xAnon></xBx></xText>
          <xText>przeciwko <xBx><xAnon>(...)</xAnon> Spółce z o.o. w <xAnon>B.</xAnon></xBx></xText>
          <xText>
            <xBx>o zapłatę</xBx>
          </xText>
          <xText>na skutek apelacji powoda</xText>
          <xText>od wyroku Sądu Okręgowego w Białymstoku</xText>
          <xText>z dnia 18 lutego 2013 r. sygn. akt VII GC 52/12</xText>
          
          <xUnit xIsTitle="false" xType="none">
            <xName xSffx=".">I</xName>
            <xText>
              <xBx>oddala apelację; </xBx>
            </xText>
          </xUnit>
          <xUnit xIsTitle="false" xType="none">
            <xName xSffx=".">II</xName>
            <xText>
              <xBx>zasądza od powoda na rzecz pozwanej 2.700 zł tytułem kosztów instancji odwoławczej. </xBx>
            </xText>
          </xUnit>
        </xUnit>
        <xUnit xIsTitle="true" xType="part" xBold="true">
          <xName>UZASADNIENIE</xName>
          <xText>Powód <xAnon>P. P.</xAnon> wniósł o zasądzenie od pozwanego <xAnon>(...)</xAnon> spółki z o. o. w <xAnon>B.</xAnon> kwoty 166.050 zł wraz z ustawowymi odsetkami i kosztami procesu tytułem części należnego mu wynagrodzenia za wykonane prace projektowe.</xText>
          <xText>Nakazem zapłaty w postępowaniu nakazowym z dnia 20 lutego 2012 roku, w sprawie sygn. akt VII GNc 49/12, Sąd Okręgowy w Białymstoku uwzględnił to powództwo.</xText>
          <xText>Zarzuty od tego nakazu wniósł pozwany domagając się jego uchylenia i oddalenia powództwa. Podniósł, iż zawarta pomiędzy stronami umowa w zakresie w jakim powód domaga się wynagrodzenia nie została przez niego wykonana albowiem pomimo uzyskania pozwolenia na budowie dokumentacja projektowa nie jest kompletna. Ponadto wskazywał na niewymagalność roszczenia powoda. Na wypadek uznania roszczenia za wymagalne podniósł zarzut potrącenia przysługującej jej względem powoda wierzytelności w wysokości 2.115.000 zł z tytułu kar umownych za zwłokę w wykonaniu zobowiązania polegającego na złożeniu pełnego wniosku o pozwolenie na budowę.</xText>
          <xText>Sądu Okręgowy w Białymstoku wyrokiem z dnia 18 lutego 2013 r., sygn. akt VII Gc 52/12, uchylił w/w nakaz zapłaty i oddalił powództwo oraz obciążył powoda kosztami procesu na rzecz pozwanego.</xText>
          <xText>Według ustaleń tego Sądu umową z dnia 8 września 2008 r., zmodyfikowaną następnie <xAnon>aneksami nr (...)</xAnon>, powód zobowiązał się do wykonania na rzecz pozwanego opracowania projektowego obiektu budowlanego na <xAnon>ul. (...)</xAnon> za wynagrodzeniem w kwocie 900.000 zł. Zlecone prace miały być wykonywane etapami. Etapami też miało być płacone za nie wynagrodzenie. Do dnia 17 maja 2010 r. pozwany zapłacił powodowi 370.000 zł. Kolejna płatność w kwocie 220.000 zł miała nastąpić po uzyskaniu prawomocnej decyzji o pozwoleniu na budowę i przekazania jej pozwanej. Kwotę 215.000 zł pozwany miał zapłacić powodowi po sporządzeniu dokumentacji powykonawczej, 20.000 zł po przekazaniu przedmiarów i kosztorysów, a 75.000 zł po zrealizowaniu przez inwestora inwestycji na podstawie projektu i uzyskaniu pozwolenia na użytkowanie. Zdarzenia te warunkowały wystawienie przez powoda faktur VAT opiewających na wymienione kwoty, które to faktury miały być opłacone w terminie 14 dni od daty wpłynięcia do pozwanej prawidłowo wystawionej faktury VAT. W § 23 ust. 5 umowy strony zastrzegły, że wykonawca przedłoży przed opłaceniem faktury przez zamawiającego dowód wpływu środków pieniężnych na rzecz podwykonawców z podaniem numeru umowy łączącej wykonawcę i podwykonawców oraz oświadczenie podwykonawcy o dokonanej przez wykonawcę zapłacie. Termin złożenia kompletnego wniosku o wydanie pozwolenia na budowę był trzykrotnie przedłużany i ostatecznie na piśmie określono go na dzień 31 lipca 2010 r. Kompletny wniosek o wydanie pozwolenia na budowę został złożony przez powoda w dniu 14 listopada 2011 r. Pozwolenie na budowę wydano w dniu 5 grudnia 2011 toku. Decyzja ta uprawomocniła się w dniu 28 grudnia 2011 r. W dniu 4 stycznia 2012 roku powód wystawił pozwanej <xAnon>fakturę VAT nr (...)</xAnon> na kwotę 205.000 zł wskazując jako nazwę usługi ,,prace projektowe zgodnie z umową i <xAnon>aneksami nr (...)</xAnon>, uzyskanie prawomocnej decyzji o pozwoleniu na budowę”. Wynikająca z umowy kwota 220.000 zł przewidziana za ukończenie tego etapu prac została w fakturze VAT pomniejszona przez powoda o 15.000 zł wpłacone już wcześniej przez pozwaną. W umowie strony przewidziały karę umowną w wysokości 0,5 % wynagrodzenia za każdy dzień zawinionego opóźnienia w przekazaniu określonych etapów projektu (§ 19 ust. 1 i § 27 ust. 2.3). Pozwany naliczył powodowi kary umowne w wysokości 2.115.000 zł za zwłokę w przedłożeniu kompletnego wniosku o wydanie pozwolenia na budowę i w dniu 17 lutego 2012 r. i złożył mu oświadczenie o potrąceniu swojej wierzytelności z tytułu kar umownych z ewentualną wierzytelnością powoda z faktury z dnia 4 stycznia 2012 r.</xText>
          <xText>Sąd Okręgowy następnie stwierdził, iż spór między stronami dotyczył tego czy powodowi należało się wynagrodzenie za wykonane prace projektowe zakończone uzyskaniem prawomocnej decyzji o pozwoleniu na budowę, czy wynagrodzenie to jest wymagalne oraz czy zgłoszony przez pozwaną zarzut potrącenia jest zasadny.</xText>
          <xText>Sąd Okręgowy ustosunkowując się do pierwszej kwestii wskazał, że płatność powodowi kwoty 220.000 zł została uzależniona w umowie od uzyskania prawomocnej decyzji o pozwoleniu na budowę i przekazania jej pozwanej. Taka decyzja została przez Prezydenta Miasta <xAnon>B.</xAnon> wydana. W decyzji tej zatwierdzono sporządzony przez powoda projekt budowlany, udzielono pozwolenia na zmianę sposobu użytkowania budynku zabytkowego z funkcji handlowo-usługowej na restauracyjno-biurową, udzielając też ostatecznie pozwolenia na roboty budowlane. Powód był więc uprawniony wystawić fakturę VAT za ukończenie tego etapu prac albowiem wykonane przez niego dzieło (tj. projekt budowlany) po jego uzupełnieniu stało się podstawą uzyskania prawomocnej decyzji administracyjnej zezwalającej na rozpoczęcie i prowadzenie budowy.</xText>
          <xText>Sąd Okręgowy wskazał na stanowisko pozwanego, który twierdził, że pomimo, iż projekt powoda został zatwierdzony przez organ właściwy do wydania pozwolenia na budowę nie jest on kompletny, tj. zgodny z treścią zawartej pomiędzy stronami umowy, a zwłaszcza, że nie zawiera projektu przyłączy i układu drogowego. Pozwany powinien tę okoliczność dowieść i niezbędnym w tym zakresie było skorzystanie z wiadomości specjalnych. Pozwany na rozprawie w dniu 1 października 2012 r. popierał wniosek o dopuszczenie dowodu z opinii biegłego sądowego z zakresu prac projektowych-architekta posiadającego również uprawnienia do sporządzania projektów konstrukcji, celem ustalenia czy sporządzony przez powoda projekt jest zgodny z treścią zawartej przez strony umowy, a zwłaszcza czy zawiera projekt przyłączy i projekt układu drogowego. Ostatecznie jednak wniosek ten został przez niego cofnięty co skutkowało uznaniem, że okoliczność niezupełnego wykonania przez powoda prac, za które domaga się wynagrodzenia, nie została udowodniona.</xText>
          <xText>Dlatego Sąd Okręgowy stanął na stanowisku, że za wykonany projekt budowlany, na podstawie którego pozwany uzyskał pozwolenie na budowę, należy się powodowi wynagrodzenie na mocy <xLexLink xArt="art. 627" xIsapId="WDU19640160093" xTitle="Ustawa z dnia 23 kwietnia 1964 r. - Kodeks cywilny" xAddress="Dz. U. z 1964 r. Nr 16, poz. 93">art. 627 kc</xLexLink> w zw. z <xLexLink xArt="art. 642" xIsapId="WDU19640160093" xTitle="Ustawa z dnia 23 kwietnia 1964 r. - Kodeks cywilny" xAddress="Dz. U. z 1964 r. Nr 16, poz. 93">art. 642 kc.</xLexLink> Ponadto pozwany odebrał dzieło i świadczy o tym fakt, że sporządzony przez powoda wniosek o wydanie pozwolenia na budowę, który oparty był na wykonanym przez niego projekcie budowlanym został podpisany już przez członka zarządu pozwanej spółki. Złożenie tego wniosku nastąpiło w imieniu pozwanego, a prawomocna decyzja administracyjna o pozwoleniu na budowę została wydana na jego rzecz. Sąd Okręgowy następnie stwierdził, iż w § 23 ust. 5 umowy strony zastrzegły, że wykonawca przedłoży przed opłaceniem faktury przez zamawiającego dowód wpływu środków pieniężnych na rzecz podwykonawców z podaniem numeru umowy łączącej wykonawcę i podwykonawców oraz oświadczenie podwykonawcy o dokonanej przez wykonawcę zapłacie. Taki dowód oraz oświadczenie nie zostały przez powoda przedłożone co do części kwoty wynikającej z <xAnon>faktury nr (...)</xAnon>, tj. kwoty 86.100 zł. Powód przyznał to już w pozwie dochodząc przed Sądem kwoty wynikającej ze wskazanej faktury pomniejszonej właśnie o kwotę 86.100 zł, której, jak twierdził, nie zapłacił podwykonawcom. Sąd Okręgowy powołał się na <xLexLink xArt="art. 65;art. 65 § 2" xIsapId="WDU19640160093" xTitle="Ustawa z dnia 23 kwietnia 1964 r. - Kodeks cywilny" xAddress="Dz. U. z 1964 r. Nr 16, poz. 93">art. 65 § 2 kc</xLexLink> i w jego kontekście stwierdził, iż o ile literalne brzmienie zapisu § 23 ust. 5 sugerowałoby, że dopiero przedłożenie przez powoda wszystkich wymaganych tam dokumentów aktualizowałoby jego roszczenie o zapłatę za fakturę, o tyle takiemu rozumieniu sprzeciwiał się jego cel. W ocenie tego Sądu niesposób dopatrzeć się innego celu tego zapisu aniżeli zabezpieczenia interesów pozwanego na wypadek ewentualnych roszczeń podwykonawców skierowanych przeciwko jego osobie. Dlatego też, jeżeli powód pomniejszyłby należność z faktury o kwotę, której podwykonawcom nie zapłacił i takiej kwoty dochodził pozwem, to interes pozwanego by na tym nie ucierpiał. Kwota należna powodowi, która pozostała w rękach pozwanej stanowiłaby zabezpieczenie przyszłych żądań osób, z którymi powód się nie rozliczył. Niemniej jednak brak jest dowodów na to, że wynikająca z faktury kwota 205.000 zł powinna zostać przez powoda pomniejszona właśnie o kwotę 86.100 zł. Twierdzenia powoda, że w takiej właśnie wysokości zalega z zapłatą podwykonawcom, pozostały gołosłowne. Brak jest np. listy podwykonawców z którymi powód współpracował, konkretnych kwot przez nich żądanych, faktur na potwierdzenie ich faktycznie istniejących w stosunku do powoda wierzytelności. W zarzutach od nakazu zapłaty pozwany podnosił, że nie ma pewności czy kwota potrącona z faktury przez powoda obejmuje wszystkie zobowiązania wobec podwykonawców. W odpowiedzi na te zarzuty powód zaniechał przedstawienia jakichkolwiek dowodów w tym zakresie nie odnosząc się do twierdzeń strony pozwanej w tym względzie.</xText>
          <xText>W konsekwencji Sąd Okręgowy uznał, że powód nie wykazał wymagalności swojego roszczenia o zapłatę kwoty 166.050 zł.</xText>
          <xText>Ponadto w ocenie tego Sądu zgłoszony przez pozwanego zarzut potrącenia okazałby się skuteczny. Mianowicie kara umowna została przewidziana na wypadek zwłoki w przekazaniu pozwanej określonego etapu projektu. Z <xLexLink xArt="art. 476" xIsapId="WDU19640160093" xTitle="Ustawa z dnia 23 kwietnia 1964 r. - Kodeks cywilny" xAddress="Dz. U. z 1964 r. Nr 16, poz. 93">art. 476 kc</xLexLink> wynika domniemanie, że dłużnik nie dotrzymując terminu pozostaje w zwłoce. Wierzyciel nie musi więc udowadniać, że niedotrzymanie terminu spełnienia świadczenia jest spowodowane okolicznościami, za które dłużnik odpowiada, a jedynie to, iż termin wykonania zobowiązania upłynął bezskutecznie. Dłużnik zaś, który twierdzi, że nie popadł w zwłokę, lecz w opóźnienie zwykłe nie stwarzające negatywnych dla niego następstw prawnych, powinien tę okoliczność wykazać.</xText>
          <xText>W związku z tym rolą pozwanego było wykazanie, iż powód nie dotrzymał terminu, w którym miał złożyć kompletny wniosek o wydanie pozwolenia na budowie. Okoliczność ta wynika z umowy stron oraz decyzji o pozwoleniu na budowę. Powód miał, stosownie do zapisów <xAnon>aneksu nr (...)</xAnon> do umowy, złożyć wniosek o wydanie pozwolenia na budowę do dnia 31 lipca 2010 r., a uczynił to dopiero w dniu 14 listopada 2011 r. Wtedy też uzupełnił wszystkie braki wniosku. Brak było w sprawie dowodów na to, że doszło do kolejnej pisemnej prolongaty terminu, o którym mowa wyżej. W korespondencji e-meilowej stron wynikało, że pozwany nie wyraził zgody na kolejne przesunięcie terminu wykonania przez powoda tego etapu zobowiązania.</xText>
          <xText>Według Sądu Okręgowego okoliczności, których udowodnienie spoczywało na stronie pozwanej wynikały z niekwestionowanych przez powoda dokumentów i w związku z tym rozważania na temat tego, czy do dokonanego przez pozwanego przed doręczeniem jemu nakazu zapłaty potrącenia ma zastosowanie przepis <xLexLink xArt="art. 493;art. 493 § 3" xIsapId="WDU19640430296" xTitle="Ustawa z dnia 17 listopada 1964 r. - Kodeks postępowania cywilnego" xAddress="Dz. U. z 1964 r. Nr 43, poz. 296">art. 493 § 3 kpc</xLexLink> , w jego ocenie, uznał za zbędne.</xText>
          <xText>Następnie Sąd Okręgowy zauważył, iż skoro powód uważał, że nie popadł w zwłokę, a w niezawinione opóźnienie, które było wynikiem zachowania się pozwanego, to na powodzie spoczywał ciężar dowodu w tym zakresie. Ciężar ten nie został przez niego udźwignięty. Z umowy stron wynikało, że w gestii wykonawcy projektu leżało uzyskanie wszelkich niezbędnych uzgodnień oraz dokumentów wymaganych do sporządzenia dokumentacji oraz uzyskania pozwolenia na budowę (§ 4 pkt. l). Powód miał wiedzę o tym, że obiekt ma być zaprojektowany z uwzględnieniem zabytkowego charakteru starego budynku (§ 2 pkt. 5), co wymagało zatwierdzenia przez konserwatora zabytków i powinien wziąć tą okoliczność pod uwagę przy ustalaniu terminów wykonania poszczególnych etapów prac. Podobnie jeżeli chodzi o zgodę Ministra Infrastruktury na odstępstwo od przepisów budowlanych, szczególnie że w zapisach umowy pojawia się kwestia procedury odwoławczej, która wydłuża procesy uzyskania stosownych decyzji (§ 4 pkt. l). Strony przewidywały więc, że taka procedura może zostać wdrożona i dlatego powoływanie się przez powoda, że nie mógł on przypuszczać, że przeciągnie to prace nad projektem nie znalazło aprobaty Sądu Okręgowego. Zdaniem tego Sądu powszechnie wiadomym jest, że postępowanie przed wymienionymi wyżej organami jest czasochłonne i powód jako profesjonalista powinien zdawać sobie z tego sprawę, tym bardziej, że jak sam wskazywał w przeszłości projektował przebudowę budynku o podobnym stopniu skomplikowania. Fakt, że wówczas decyzje administracyjne zostały przez niego uzyskane w krótszym terminie nie zmienia okoliczności, że nie można było zakładać, że tak będzie i w tym przypadku. Strony trzykrotnie przedłużały termin złożenia przez powoda wniosku o wydanie pozwolenia na budowę. Pozwany widział obiektywne przeszkody w dotrzymaniu przez powoda terminu umownego i zdawał się nie robić mu przeszkód w aneksowaniu umowy w tym zakresie. Ponadto wszelkie prace dodatkowe, które według powoda były mu zlecane przez pozwanego, a które wydłużyły termin przygotowania wniosku o pozwolenie na budowę, miały być zlecone powodowi po dniu 13 września 2010 r. Wynika to z odpowiedzi na zarzuty pozwanej od nakazu zapłaty, w której powód wskazał, iż 13 września 2010 r. pozwany zmienił sposób ogrzewania budynku, co wiązało się z przerobieniem całego projektu budowlanego, zaś na początku 2011 r. zlecił sporządzenie przedmiarów i kosztorysów, zaprojektowanie innej niż pierwotnie założona koncepcji podjazdu, wykonanie ekspertyzy na potrzeby wniosku o zgodę na odstępstwo od warunków technicznych obiektu oraz wykonanie koncepcji przeprojektowania obiektu na hotel. Wszelkie prace dodatkowe, na które powoływał się powód zostały mu zlecone dopiero po dniu 12 września 2010 r., a więc na tej podstawie można było stwierdzić, że od dnia 31 lipca 2010 r. do tego dnia pozostawał on w zwłoce w złożeniu kompletnego wniosku o wydanie pozwolenia na budowę. Pozwany miał więc prawo naliczyć mu kary umowne za 43 dni w wysokości 193.500 zł (43 x 4.500 zł). Już tylko to powodowało, że ewentualna wzajemna wierzytelność powoda w kwocie 166.050 zł uległaby umorzeniu na skutek potrącenia z wierzytelnością pozwanej w tytułu kar umownych. Wreszcie wykonanie koncepcji przeprojektowania obiektu na hotel było objęte dodatkowym zleceniem, za które powód otrzymał dodatkowe wynagrodzenie i dlatego trudno było uznać, że wywarło ono jakikolwiek wpływ na termin wykonania przez niego zobowiązania. Zażądanie zaś przez pozwanego wykonania przedmiarów i kosztorysów na początku 2011 r. nie pozostawało w sprzeczności z treścią umowy skoro termin ich wykonania upływał 31 września 2010 r. Zdaniem Sądu Okręgowego wykazanie przez powoda, że pozwany zlecał mu prace dodatkowe nie objęte pierwotną umową, które wywierały wpływ na terminowość podejmowanych przez niego czynności, powinno nastąpić w oparciu o dowód z opinii biegłego sądowego, który mógłby ocenić o jaki okres owe prace dodatkowe wydłużały czynności przedsiębrane przez powoda w ramach pierwotnie zleconych mu obowiązków. Dowodu takiego jednak powód nie zgłosił. Dowód z zeznań świadka <xAnon>E. M.</xAnon> mającej potwierdzić wydłużanie się wykonania dokumentacji z przyczyn leżących wyłącznie po stronie pozwanej natomiast został ostatecznie przez powoda cofnięty. Z uwagi na powyższe Sąd Okręgowy uznał, że powód nie wykazał braku zawinienia w opóźnieniu w złożeniu wniosku o pozwolenie na budowę. Z zeznań świadka <xAnon>P. C.</xAnon> wynikało zaś, że to problemy kadrowe powoda spowodowały, że nie poświęcił on odpowiedniego czasu do pracy nad przygotowywanym przez niego projektem.</xText>
          <xText>Dlatego Sąd Okręgowy na mocy <xLexLink xArt="art. 496" xIsapId="WDU19640430296" xTitle="Ustawa z dnia 17 listopada 1964 r. - Kodeks postępowania cywilnego" xAddress="Dz. U. z 1964 r. Nr 43, poz. 296">art. 496 kpc</xLexLink> nakaz zapłaty z dnia 20 lutego 2012 r. uchylił i powództwo oddalił.</xText>
          <xText>O kosztach procesu Sąd ten orzekł na mocy <xLexLink xArt="art. 98" xIsapId="WDU19640430296" xTitle="Ustawa z dnia 17 listopada 1964 r. - Kodeks postępowania cywilnego" xAddress="Dz. U. z 1964 r. Nr 43, poz. 296">art. 98 kpc</xLexLink>.</xText>
          <xText>Apelację od tego wyroku wniósł powód. Zaskarżył go w całości i zarzucił Sądowi Okręgowemu:</xText>
          <xText>1) nierozpoznanie istoty sprawy przez zaniechanie analizy i oceny treści stosunku prawnego łączącego strony w świetle przepisów prawa materialnego,</xText>
          <xText>ewentualnie</xText>
          <xText>2) naruszenie prawa materialnego przez nie zastosowanie do ustalenia treści łączącego strony stosunku prawnego przepisów o zleceniu,</xText>
          <xText>3) naruszenie prawa materialnego przez nie zastosowanie do ustalenia treści łączącego strony stosunku prawnego w zakresie, w którym obejmował on zlecenie, <xLexLink xArt="art. 455" xIsapId="WDU19640160093" xTitle="Ustawa z dnia 23 kwietnia 1964 r. - Kodeks cywilny" xAddress="Dz. U. z 1964 r. Nr 16, poz. 93">art. 455 kc</xLexLink>, który stanowi, że termin świadczenia może wynikać z właściwości zobowiązania, w szczególności w aspekcie faktu, że § 17 umowy określał nie tyle terminy wykonania poszczególnych etapów umowy ale odpowiedzialność za ich niedotrzymanie; odpowiedzialność ta jest odpowiedzialnością na zasadzie winy, bowiem ani z ustawy) ani z umowy nie wynika aby była to odpowiedzialność na zasadzie ryzyka,</xText>
          <xText>4) naruszenie prawa materialnego przez nie zastosowanie do ustalenia zgodnego zamiaru stron i celu umowy <xLexLink xArt="art. 65;art. 65 § 1;art. 65 § 2" xIsapId="WDU19640160093" xTitle="Ustawa z dnia 23 kwietnia 1964 r. - Kodeks cywilny" xAddress="Dz. U. z 1964 r. Nr 16, poz. 93">art. 65 § 1 i § 2 kc.</xLexLink> a oparcie się na jej brzmieniu i przyjęcie przez to, że umowa, mimo jej postanowienia § 18 bezwarunkowo - ze skutkiem opóźnienia określała termin wykonania projektów budowlanych,</xText>
          <xText>5) naruszenie prawa materialnego przez nie zastosowanie do ustalenia treści łączącego strony stosunku prawnego oraz należytego wywiązania się powoda z zobowiązań umownych, postanowienia § 18 umowy przewidującego możliwość przesunięcia umówionych terminów w wypadku zaistnienia okoliczności niezależnych od wykonawcy (powoda), że takie przesunięcie terminów nie stanowiło zmiany umowy i nie wymagało przewidzianej dla zmiany umowy formy,</xText>
          <xText>6) naruszenie prawa procesowego poprzez sprzeczność istotnych ustaleń sądu z treścią zebranego w sprawie materiału dowodowego i przyjęcie, że powód pozostawał w zwłoce, bowiem nie wykonał swoich zobowiązań w przewidzianym umową terminie ze swojej winy, gdy zgromadzone w sprawie dokumenty z przebiegu wykonywania umowy świadczą, że z należytą starannością podejmował setki czynności służących należytemu wykonaniu umowy a opóźnienie nawet przyjmując że powstało, nie było przez powoda zawinione,</xText>
          <xText>7) naruszenie prawa procesowego poprzez brak wszechstronnej analizy i oceny materiału dowodowego, pominięcie w jego ocenie dowodów przedłożonych przez powoda w postaci dokumentacji z podejmowanych w trakcie wykonywania czynności mających na celu wykonanie zleceń pozwanej, których wykonanie warunkowało wykonanie dzieła w postaci projektu, które z kolei warunkowało wykonanie zlecenia w zakresie uzyskania pozwolenia na budowę,</xText>
          <xText>8) naruszenie prawa procesowego poprzez brak w uzasadnienia wyroku analizy treści łączącego strony stosunku, odniesienia się do dowodów przedłożonych przez powoda dokumentujących wykonywanie umowy, przyjęcie sprzecznych z tymi dowodami ustaleń stanowiących podstawę wyrokowania oraz brak pełnego wyjaśnienia podstawy faktycznej i prawnej wyroku.</xText>
          <xText>Na podstawie tych zarzutów powód domagał się:</xText>
          <xText>1) zmiany zaskarżonego wyroku, uwzględnienie powództwa w całości i orzeczenie zgodnie z żądaniem pozwu (utrzymanie nakazu zapłaty w mocy), oraz zasądzenie od powoda na rzecz pozwanego kosztów procesu, w tym kosztów zastępstwa procesowego według norm przepisanych za obie instancje,</xText>
          <xText>ewentualnie:</xText>
          <xText>2) uchylenia zaskarżonego wyroku i przekazanie sprawy sądowi pierwszej instancji do ponownego rozpatrzenia, w sytuacji uwzględnienia zarzutu nierozpoznana istoty sprawy - pozostawiając temu sądowi rozstrzygnięcie o kosztach instancji odwoławczej.</xText>
          <xText>Pozwany wniósł o oddalenie tej apelacji.</xText>
          
          <xText>
            <xBx>Sąd Apelacyjny zważył, co następuje:</xBx>
          </xText>
          <xText>
            <xBx>Apelacja powoda jest nieuzasadniona.</xBx>
          </xText>
          
          <xText>Sąd Apelacyjny podziela i przyjmuje za własne ustalenia faktyczne i wnioski Sądu I instancji zawarte w uzasadnieniu zaskarżonego wyroku. Ustalenia te mają oparcie w zgromadzonym w niniejszej sprawie materiale dowodowym, ocenionym, wbrew stanowisku zawartym w uzasadnieniu apelacji, zgodnie z <xLexLink xArt="art. 233;art. 233 § 1" xIsapId="WDU19640430296" xTitle="Ustawa z dnia 17 listopada 1964 r. - Kodeks postępowania cywilnego" xAddress="Dz. U. z 1964 r. Nr 43, poz. 296">art. 233 § 1 kpc</xLexLink>. Końcowe wnioski są konsekwencją prawidłowo zastosowanych przepisów prawa materialnego.</xText>
          <xText>W apelacji strona powodowa przede wszystkim zarzuciła Sądowi Okręgowemu naruszenie <xLexLink xArt="art. 65;art. 65 § 1;art. 65 § 2" xIsapId="WDU19640160093" xTitle="Ustawa z dnia 23 kwietnia 1964 r. - Kodeks cywilny" xAddress="Dz. U. z 1964 r. Nr 16, poz. 93">art. 65 § 1 i 2 kc</xLexLink> poprzez wadliwą ocenę prawną stosunku prawnego. Mianowicie Sąd ten w uzasadnieniu kwestionowanego rozstrzygnięcia stwierdził, iż do tego stosunku prawnego należy stosować przepisy <xLexLink xArt="art. 627" xIsapId="WDU19640160093" xTitle="Ustawa z dnia 23 kwietnia 1964 r. - Kodeks cywilny" xAddress="Dz. U. z 1964 r. Nr 16, poz. 93">art. 627 kc</xLexLink> w zw. z <xLexLink xArt="art. 642" xIsapId="WDU19640160093" xTitle="Ustawa z dnia 23 kwietnia 1964 r. - Kodeks cywilny" xAddress="Dz. U. z 1964 r. Nr 16, poz. 93">art. 642 kc.</xLexLink> Natomiast w apelacji strona powodowa eksponowała stanowisko, według którego strony w istocie łączyła umowa zlecenia, która została nią wykonana, zaś pozwany nie twierdził by przy tym wykonaniu nie dochowano należytej staranności. Zdaniem skarżącego w wypadku umowy zlecenia brak rezultatu w założonym przez strony terminie samo przez się nie stanowi nienależytego wykonania umowy. Nienależyte wykonanie zlecenia poprzez uchybienie terminowi wystąpi dopiero wtedy, gdy zobowiązany mógł wykonać je wcześniej, ale stało się to później, bo zobowiązany nie dołożył należytej staranności. Ponadto wskazane w umowie terminy wykonania zleconych czynności związane w uzyskaniem stosownych uzgodnień i zezwoleń nie były możliwe do dotrzymania. W apelacji skarżący twierdził także, iż strony łączyły dwie umowy, a mianowicie umowa zlecenia, mająca na celu uzyskanie uzgodnień, których posiadanie było warunkiem niezbędnym do kontynuowania prac z umowy o dzieło.</xText>
          <xText>Sąd Apelacyjny nie podziela powyższego stanowisko strony powodowej. Z treści zawartej przez strony w formie pisemnej umowy wynika, iż jej przedmiotem było zobowiązanie się przez powoda do wykonania na rzecz pozwanego za wynagrodzeniem opracowania obiektu budowlanego. Na gruncie <xLexLink xArt="art. 65" xIsapId="WDU19640160093" xTitle="Ustawa z dnia 23 kwietnia 1964 r. - Kodeks cywilny" xAddress="Dz. U. z 1964 r. Nr 16, poz. 93">art. 65 kc</xLexLink> w orzecznictwie sądowym przyjmuje się, że jeśli chodzi o oświadczenia woli ujęte w formie pisemnej, czyli wyrażone w dokumencie, to sens tych oświadczeń ustala się, przyjmując za podstawę wykładni przede wszystkim tekst dokumentu. W procesie jego interpretacji podstawowa rola przypada językowym regułom znaczeniowym. Wykładni poszczególnych wyrażeń dokonuje się z uwzględnieniem kontekstu, w tym także związków treściowych występujących między zawartymi w tekście postanowieniami. Uwzględnieniu podlegają również okoliczności, w jakich oświadczenie woli zostało złożone, o ile dokument obejmuje takie informacje, a także cel oświadczenia woli wskazany w tekście bądź zrekonstruowany na podstawie zawartych w nim postanowień ( uzasadnienie uchwały Sądu Najwyższego z dnia 29 czerwca 1995r., III CZP 66/95- OSNIC 12/95, poz. 168). Prawidłowa wykładnia umowy powinna - zgodnie z <xLexLink xArt="art. 65;art. 65 § 2" xIsapId="WDU19640160093" xTitle="Ustawa z dnia 23 kwietnia 1964 r. - Kodeks cywilny" xAddress="Dz. U. z 1964 r. Nr 16, poz. 93">art. 65 § 2 k.c.</xLexLink> - uwzględniać w pierwszym rzędzie badanie zgodnego zamiaru stron i celu umowy. Nie może jednak pomijać tekstu umowy, którego sens należy ustalać za pomocą językowych reguł znaczeniowych. Należy przy tym brać pod uwagę nie tylko kontrowersyjny fragment tekstu, lecz także inne postanowienia umowy i uwzględniać związki treściowe między postanowieniami, a zarazem pozatekstowe okoliczności, np. rokowania poprzedzające zawarcie umowy, rozumienie tekstu, zachowanie stron po zawarciu umowy itd. Wykładnia umowy, zwłaszcza zawartej między przedsiębiorcami, nie powinna prowadzić do wniosku, iż zamiarem stron było zawarcie odmiennych istotnych postanowień od tych, które zostały wyrażone na piśmie ( wyrok Sądu Najwyższego z dnia 25 marca 2011r., IV CSK 377/10- zbiór Lex nr 1107000). Przedstawione poglądy judykatury wskazują, iż przy wykładni umów zawartych w formie pisemnej między przedsiębiorcami w pierwszej kolejności należy kierować językowym regułom znaczeniowym. W literaturze przedmiotu wyjaśniono, iż umowa o prace projektowe stanowi swoistego rodzaju umowę o dzieło, której przedmiot stanowi dzieło o charakterze niematerialny, jednakże ucieleśniające się w postaci fizycznie utrwalonego trwałego śladu wykonanej przez przyjmującego zamówienie aktywności. Tym dziełem niematerialnym jest określony rezultat pracy umysłowej w postaci określonej koncepcji projektowej, będącej sumą poszczególnych rozwiązań projektowych w zakresie architektoniczno-budowlanych, organizacyjnych i technicznych problemów zamierzonego przedsięwzięcia inwestycyjnego. Koncepcja projektowa zostaje wyrażona w sposób, który ja fizycznie utrwala, tak że można z niej korzystać również wtedy, gdy twórca przestał już wywierać wpływ na stworzone przez siebie dzieło. Innymi słowy, koncepcja projektowa zostaje upostaciowiona w dokumentacji projektowej obejmującej określony zespół dokumentów, tj. opisów, planów, rysunków modeli itp. Ma to takie znaczenie, że odpowiedzialność wykonawcy działa jest odtąd ściśle związana a ta dokumentacją projektową ( Prawo umów w obrocie gospodarczym pod. red. S. Włodyki, Wyd. C.H.Beck 2001, str. 909). Umowa o dzieło jest umową o „rezultat usługi” i w jej przypadku niezbędne jest, aby starania przyjmującego zamówienie doprowadziły w przyszłości do konkretnego, indywidualnie oznaczonego rezultatu. Celem umowy o dzieło jest osiągnięcie określonego w niej rezultatu, a nie czynność, która przy zachowaniu należytej staranności ma do niego doprowadzić ( Komentarz do art. 627 kc- System Informacji Prawnej Lex 26/2013).</xText>
          <xText>W oparciu o powyższe należy w niniejszej przyjąć, iż Sąd I instancji prawidłowo zakwalifikował przedmiotową umowę jako umowę o dzieło, o której mowa w <xLexLink xArt="art. 627" xIsapId="WDU19640160093" xTitle="Ustawa z dnia 23 kwietnia 1964 r. - Kodeks cywilny" xAddress="Dz. U. z 1964 r. Nr 16, poz. 93">art. 627 kc.</xLexLink> Za tym wnioskiem przemawia treść umowy stron wskazująca na jej rezultat w postaci konkretnego opracowania projektowego dotyczącego obiektu budowlanego przy <xAnon>ul. (...)</xAnon> w <xAnon>B.</xAnon>. W związku z tym niezasadnie strona powodowa w apelacji twierdzi, iż umowę tę należy uznać jako umowę zlecenia, która jest umową starannego działania. Podobnie ocenić należy stanowisko powoda dotyczące zawarcia dwóch umów- w pierwszej kolejności zlecenia i a następnie o dzieło. W każdym bądź razie treść <xAnon>aneksu nr (...)</xAnon> z dnia 17 maja 2010r. wskazuje, iż powód ostatecznie zobowiązał się do wykonania opracowania projektu architektoniczno- budowlanego w terminie do dnia 15 lipca 2010r., a następnie do złożenia kompletnego wniosku o wydanie pozwolenia na budowę w terminie do dnia 30 lipca 2010r. Zatem obowiązkiem powoda było przede wszystkim wykonanie konkretnego dzieła w określonym terminie. Przesądza to o zakwalifikowaniu przedmiotowej umowy jako umowy o dzieło.</xText>
          <xText>Sąd Okręgowy uznał, iż uwzględnieniu powództwa sprzeciwiało się w pierwszej kolejności niewykonanie przez powoda obowiązku przewidzianego w § 23 ust. 5 umowy, a mianowicie przedłożenie przed opłaceniem faktury dowodu wpływu środków pieniężnych na rzecz podwykonawców z podaniem numeru umowy łączącej wykonawcę i podwykonawców oraz oświadczeń podwykonawców o dokonanej przez wykonawcę zapłacie. Strony w granicach swej autonomii, w ramach przewidzianej w <xLexLink xArt="art. 353(1)" xIsapId="WDU19640160093" xTitle="Ustawa z dnia 23 kwietnia 1964 r. - Kodeks cywilny" xAddress="Dz. U. z 1964 r. Nr 16, poz. 93">art. 353<xSUPx>1</xSUPx> kc</xLexLink> zasady swobody umów, mogły obwarować obowiązek zamawiającego zapłaty należnego wynagrodzenia wykonawcy od realizacji dodatkowego warunku- w tym przypadku wykazania wykonania dodatkowych zobowiązań powoda wobec podwykonawców. Te dodatkowe zastrzeżenie nie zmienia charakteru łączącego stosunku prawnego, lecz wzbogaca jego treść. Z treści pozwu wynika, iż powód w związku z przedmiotową umową zaciągnął zobowiązania wobec podwykonawców, które określił na kwotę 81.000 zł. Sąd Apelacyjny zgadza się z Sądem Okręgowym, iż same twierdzenia powoda w tym względzie są niewystarczające, tym bardziej, iż zostały one zakwestionowane przez pozwanego w zarzutach od nakazu zapłaty. Zatem na powodzie, zgodnie z <xLexLink xArt="art. 6" xIsapId="WDU19640160093" xTitle="Ustawa z dnia 23 kwietnia 1964 r. - Kodeks cywilny" xAddress="Dz. U. z 1964 r. Nr 16, poz. 93">art. 6 kc</xLexLink>, spoczywał ciężar dowodu wykazania prawdziwości swego stanowiska. Powód nie zgłosił dowodów w tym względzie i w związku z tym należy uznać, iż nie udowodnił on wykonania obowiązku wynikającego z w/w § 23 ust. 5 umowy stron. Dlatego zgodzić się należy z Sądem I instancji, iż zaniechanie powoda uniemożliwia uwzględnienie powództwa w niniejszej sprawie.</xText>
          <xText>Sąd Apelacyjny podziela także stanowisko Sądu Okręgowego co do zasadności i skuteczności potrącenia przez pozwanego wierzytelności dochodzonej przez powoda. Sąd Okręgowy trafnie uznał, iż pozwany przeciwstawił powodowi swą wierzytelność wynikającą z tytułu kar umownej za przekazanie ze zwłoką określonego etapu projektu ( § 19 ust. 1 i § 27 ust. 2.3). Dotyczy to okresu od 31 lipca 2010r. ( w tym dniu powód zobowiązał się złożyć kompletny wniosek o pozwolenie na budowę, którego podstawą była dokumentacja projektowa) do dnia 12 września 2010r. (w tym dniu zlecono powodowi prace dodatkowe, za które otrzymał dodatkowe wynagrodzenie). Nadmienić należy, iż powód zobowiązany był opracować projekt w terminie do dnia 15 lipca 2010r.</xText>
          <xText>W literaturze przedmiotu wyjaśniono, iż z istoty umowy o dzieło wynika, że strony muszą przewidzieć upływ pewnego czasu na wykonanie zamówienia; z tej perspektywy umowa o dzieło nie może być jednak określana jako typowa umowa zawarta na czas określony, ale jako rodzaj umowy terminowej ( Komentarz do art. 627 kc. jw.). Prawidłowo Sąd Okręgowy stwierdził na gruncie <xLexLink xArt="art. 476" xIsapId="WDU19640160093" xTitle="Ustawa z dnia 23 kwietnia 1964 r. - Kodeks cywilny" xAddress="Dz. U. z 1964 r. Nr 16, poz. 93">art. 476 kc</xLexLink>, iż z przepisu tego wynika domniemanie, że o ile dłużnik nie dotrzymuje terminu wykonania zobowiązania, to pozostaje w zwłoce. W tym stanie prawnym wierzyciel nie musi udowadniać, że niedotrzymanie terminu spełnienia świadczenia spowodowane jest okolicznościami, za które dłużnik odpowiada. W interesie wierzyciela leży zatem wykazanie tego, iż termin wykonania zobowiązania upłynął bezskutecznie. Natomiast jeżeli dłużnik dowodzi, iż nie popadł on w zwłokę, lecz jedynie w opóźnienie zwykłe, które nie wywołuje dla niego tak daleka idących negatywnych skutków prawnych to musi wykazać te okoliczności, które to potwierdzają ( Komentarz do art. 476 kc, jw.).</xText>
          <xText>Sąd Okręgowy trafnie wskazał w uzasadnieniu zaskarżonego wyroku na to, iż powód zawierając umowę powinien być świadomy, jako profesjonalista mający już wcześniej doczynienia z podobnymi projektami obiektów, wynikających z tej umowy konsekwencji uzyskania zatwierdzeń i zgód odpowiednich organów administracyjnych. Nota bene skutkowało to trzykrotnym przedłużaniem przez strony terminu złożenia przez powoda wniosku o wydanie pozwolenia na budowę. Ponadto wszelkie prace dodatkowe zostały powodowi zlecone po dniu 13 września 2010r. i nie miało to związku z dochowaniem przez niego terminu 30 lipca 2010r. do złożenia wniosku o wydanie pozwolenia na budowę. W każdym bądź razie powód nie zgłosił stosownych wniosków dowodowych, które potwierdziłyby jego stanowisko w tym względzie.</xText>
          <xText>Dlatego Sąd I instancji prawidłowo uznał, iż powód nie udowodnił tego, iż niedochowanie terminu realizacji obowiązku przewidzianego w § 17 pkt 2 umowy, wynikało z okoliczności, za które nie ponosi odpowiedzialności, i w konsekwencji nie pozostawał w zwłoce od 1 sierpnia 2010r. do 13 września 2010r. Za ten okres pozwany był uprawniony naliczyć powodowi kary umowne za ten okres na podstawie w/w postanowień § 19 ust. 1 i § 27 ust. 2.3 umowy oraz <xLexLink xArt="art. 483;art. 483 § 1;art. 483 § 484;art. 483 § 1;art. 483 § 1 zd. 1" xIsapId="WDU19640160093" xTitle="Ustawa z dnia 23 kwietnia 1964 r. - Kodeks cywilny" xAddress="Dz. U. z 1964 r. Nr 16, poz. 93">art. 483 § 1 i 484 § 1 zd. 1 kc</xLexLink> w wysokości 193.500 zł. W związku z tym złożone powodowi oświadczenie z dnia 17 lutego 2012r. o potrąceniu dochodzonej pozwem wierzytelności na podstawie <xLexLink xArt="art. 499" xIsapId="WDU19640160093" xTitle="Ustawa z dnia 23 kwietnia 1964 r. - Kodeks cywilny" xAddress="Dz. U. z 1964 r. Nr 16, poz. 93">art. 499 kc</xLexLink> należy uznać za skuteczne. Oświadczenie to bowiem zostało powodowi złożone zanim pozwany w niniejszej sprawie otrzymał odpis pozwu wraz z odpisem nakazu zapłaty (wyrok Sądu Najwyższego z dnia 16 kwietnia 2009r., I CSK 487/08- zbiór Lex nr 577540).</xText>
          <xText>Sąd Apelacyjny nie podziela także zarzutu naruszenia przez Sąd Okręgowy prawa materialnego, a mianowicie niewzięcia pod uwagę treści § 18 umowy stron. Wbrew stanowisku skarżącego treść tego postanowienia umowy, przewidująca możliwość ustalenia nowych terminów oddania części projektu, zależy od zgodnego współdziałania stron i w konsekwencji zachowania formy pisemnej pod rygorem nieważności (§ 30 ust. 1 umowy). Ponadto powód w niniejszej sprawie nie wykazał w procesowo skuteczny sposób przewidzianych w § 18 „niezależnych od wykonawcy okoliczności uniemożliwiających wywiązanie się z ustalonych terminów i niezwłocznego poinformowania o tym zamawiającego”.</xText>
          <xText>Reasumując, Sąd Apelacyjny doszedł do wniosku, iż zaskarżony wyrok nie narusza powołanych w jego uzasadnieniu przepisów prawa. Apelacja powoda została oddalona na mocy <xLexLink xArt="art. 385" xIsapId="WDU19640430296" xTitle="Ustawa z dnia 17 listopada 1964 r. - Kodeks postępowania cywilnego" xAddress="Dz. U. z 1964 r. Nr 43, poz. 296">art. 385 kpc</xLexLink> jako bezpodstawna.</xText>
          <xText>O kosztach procesu w instancji odwoławczej Sąd Apelacyjny orzekł zgodnie z <xLexLink xArt="art. 98;art. 108;art. 108 § 1" xIsapId="WDU19640430296" xTitle="Ustawa z dnia 17 listopada 1964 r. - Kodeks postępowania cywilnego" xAddress="Dz. U. z 1964 r. Nr 43, poz. 296">art. 98 i 108 § 1 kpc</xLexLink> w zw. z <xLexLink xArt="§ 6;§ 6 pkt. 6;§ 12;§ 12 ust. 1;§ 12 ust. 1 pkt. 2" xIsapId="WDU20021631349" xTitle="Rozporządzenie Ministra Sprawiedliwości z dnia 28 września 2002 r. w sprawie opłat za czynności radców prawnych oraz ponoszenia przez Skarb Państwa kosztów pomocy prawnej udzielonej przez radcę prawnego ustanowionego z urzędu" xAddress="Dz. U. z 2002 r. Nr 163, poz. 1349">§ 6 pkt 6 i § 12 ust. 1 pkt 2 rozporządzenia Ministra Sprawiedliwości z dnia 28 września 2002r. w sprawie opłat za czynności radców prawnych oraz ponoszenia przez Skarb Państwa kosztów pomocy prawnej udzielonej przez radcę prawnego ustanowionego z urzędu</xLexLink> ( Dz. U. nr 163, poz. 1349 ze zm.).</xText>
        </xUnit>
      </xBlock>
    </xPart>
  </judgement>
<judgement id="152005000004506_IX_Ka_000686_2013_Uz_2013-06-18_001">
    <xPart xEditorFullName="Monika Rakoczy" xYear="2013" xLang="PL" xPublisherFullName="Barbara Pęczek" xFromPg="1" xEditor="MonRak" xVolType="15/200500/0004506/Ka" xPublisher="Barpec" xDocType="Uz" xVolNmbr="000686" xVersion="1.0" xToPage="1" xFlag="published">
      <xName>Wyrok+Uzasadnienie</xName>
      <xBlock>
        <xText>Sygn. akt IX Ka 686/13</xText>
        
        <xUnit xIsTitle="true" xType="part" xBold="true">
          <xName>WYROK</xName>
          <xTitle>W IMIENIU RZECZYPOSPOLITEJ POLSKIEJ</xTitle>
          <xText xALIGNx="right">Dnia 18 czerwca 2013 r.</xText>
          
          <xText>Sąd Okręgowy w Kielcach, IX Wydział Karny Odwoławczy w składzie:</xText>
          <xText>Przewodniczący:  SSO Klaudiusz Senator</xText>
          <xText>Protokolant:   st.sekr.sądowy Anna Niebudek</xText>
          <xText>przy udziale oskarżyciela publicznego ---------------</xText>
          <xText>po rozpoznaniu w dniu 18 czerwca 2013 r.</xText>
          <xText>sprawy <xAnon>M. K. (1)</xAnon></xText>
          <xText>obwinionej o wykroczenia z art.86 § 1 kw i in.</xText>
          <xText>na skutek apelacji wniesionej przez obwinioną</xText>
          <xText>od wyroku Sądu Rejonowego w Kielcach</xText>
          <xText>z dnia 11 lutego 2013r. sygn. akt XI W 1225/12</xText>
          
          <xUnit xIsTitle="false" xType="none">
            <xName xSffx=".">I</xName>
            <xText>utrzymuje w mocy zaskarżony wyrok;</xText>
          </xUnit>
          <xUnit xIsTitle="false" xType="none">
            <xName xSffx=".">II</xName>
            <xText>zasądza od obwinionej <xAnon>M. K. (1)</xAnon> na rzecz Skarbu Państwa kwotę 80 (osiemdziesiąt) złotych tytułem kosztów postępowania za postępowanie odwoławcze.</xText>
          </xUnit>
          
          <xText>sygn. akt IXKa 686/13</xText>
        </xUnit>
        <xUnit xIsTitle="true" xType="part" xBold="true">
          <xName>UZASADNIENIE</xName>
          <xText>Sąd Rejonowy w Kielcach wyrokiem z dnia 11 lutego 2013 r. ukarał obwinioną <xAnon>M. K. (1)</xAnon> za popełnienie wykroczeń z <xLexLink xArt="art. 86;art. 86 § 1" xIsapId="WDU19970980602" xTitle="Ustawa z dnia 20 czerwca 1997 r. - Prawo o ruchu drogowym" xAddress="Dz. U. z 1997 r. Nr 98, poz. 602">art. 86§1</xLexLink> kw i <xLexLink xArt="art. 97" xIsapId="WDU19970980602" xTitle="Ustawa z dnia 20 czerwca 1997 r. - Prawo o ruchu drogowym" xAddress="Dz. U. z 1997 r. Nr 98, poz. 602">art. 97</xLexLink> kw w zw. z <xLexLink xArt="art. 44;art. 44 ust. 1;art. 44 ust. 1 pkt. 1" xIsapId="WDU19970980602" xTitle="Ustawa z dnia 20 czerwca 1997 r. - Prawo o ruchu drogowym" xAddress="Dz. U. z 1997 r. Nr 98, poz. 602">art.44 ust.1 pkt 1 ustawy z 20.06.1997r. Prawo o ruchu drogowym</xLexLink> łącznie na karę 300 zł. grzywny i zasądził od obwinionej na rzecz Skarbu Państwa koszty postępowania.</xText>
          <xText>W apelacji od tego wyroku obwiniona zarzuciła błąd w ustaleniach faktycznych przez przyjęcie, że to prowadzony przeze nią pojazd uderzył w tylną część pojazdu kierowanego przez <xAnon>M. C. (1)</xAnon> mimo, że oprócz jej jednoznacznych wyjaśnień negujących tę okoliczność w sprawie występują poważne wątpliwości co do stanu faktycznego, a zwłaszcza niekonsekwentne zeznania samego pokrzywdzonego, brak jakichkolwiek śladów zderzenia w jej pojeździe oraz hipotetyczna opinia biegłego, a nadto zachodzą wątpliwości co do wiarygodności zeznań świadka <xAnon>E. K.</xAnon>, która przed przesłuchaniem wysłuchała wyjaśnień obwinionej i zeznań pokrzywdzonego – co doprowadziło do uznania obwinionej za winną zarzucanego jej wykroczenia i w konsekwencji do nieuzasadnionego skazania. Skarżąca wniosła o zmianę wyroku poprzez uniewinnienie jej od zarzucanego czynu, ewentualnie uchylenie wyroku i przekazanie sprawy do ponownego rozpoznania.</xText>
          <xText>
            <xBx>Sąd Okręgowy zważył, co następuje:</xBx>
          </xText>
          <xText>Apelacja obwinionej jest bezzasadna.</xText>
          <xText>W złożonym środku odwoławczym skarżąca zarzuciła błąd w ustaleniach faktycznych, jak i zakwestionowała dokonaną przez Sąd I instancji ocenę zebranego w sprawie materiału dowodowego. Jednak apelacja poza podniesieniem powyższych zarzutów nie dostarcza argumentów wskazujących, że w niniejszej sprawie rzeczywiście doszło do takiego rodzaju uchybień.</xText>
          <xText>Sąd Rejonowy zgromadzony materiał dowodowy ocenił w sposób prawidłowy, pozbawiony błędów natury faktycznej, czy też logicznej, dokonując prawidłowych ustaleń faktycznych. Ustalenia bowiem Sądu odpowiadają prawdzie materialnej i wynikają z logicznej analizy dowodów. Przypomnieć należy, że zasada swobodnej oceny dowodów wyrażona w przepisie <xLexLink xArt="art. 7" xIsapId="WDU19970890555" xTitle="Ustawa z dnia 6 czerwca 1997 r. - Kodeks postępowania karnego" xAddress="Dz. U. z 1997 r. Nr 89, poz. 555">art. 7 kpk</xLexLink> nakazuje organom procesowym, w tym – sądowi, by oceniały znaczenie, moc i wiarygodność materiału dowodowego na podstawie wewnętrznego przekonania z uwzględnieniem wskazań wiedzy oraz doświadczenia życiowego, nie będąc przy tym związanymi żadnymi ustawowymi regułami dowodowymi. Sąd Rejonowy nie uchybił zasadzie swobodnej oceny dowodów analizując materiał dowodowy w jego całokształcie. Sąd Rejonowy ukształtował swoje przekonanie na podstawie dowodów, ocenianych swobodnie z uwzględnieniem zasad prawidłowego rozumowania oraz wskazań wiedzy i doświadczenia życiowego. Poddał ocenie wszystkie dowody zebrane w sprawie, zarówno te na korzyść jak i niekorzyść obwinionej.</xText>
          <xText>Prawidłowo Sąd ocenił wyjaśnienia obwinionej. Sąd w uzasadnieniu wskazał, że skarżąca w toku czynności wyjaśniających (k.33) przyznała się do winy, przytaczając oświadczenie, jakie złożyła obwiniona podczas przesłuchania w dniu 14 marca 2012r. Sąd dokonał oceny wyjaśnień obwinionej kwestionującej swoje sprawstwo i należycie swoje stanowisko w tej mierze uzasadnił wskazując w jakim zakresie i dlaczego wersja <xAnon>M. K.</xAnon> nie zasługuje na wiarę.</xText>
          <xText>Nie ulega wątpliwości, że świadek <xAnon>M. C. (1)</xAnon> składając po raz pierwszy zeznania powiedział, że do uderzenia w jego pojazd doszło, gdy zatrzymał się przed innym pojazdem. W kolejnych zeznaniach świadek opisywał, że do uderzenia doszło w czasie, gdy kierowany przez niego samochód jeszcze znajdował się w ruchu. Na okoliczność tą zwrócił uwagę także Sąd I instancji i ją omówił. Zwrócić trzeba uwagę, że <xAnon>M. C. (1)</xAnon> w toku postępowania składał konsekwentne zeznania co do głównego faktu tj. tego, że pojazd pokrzywdzonej uderzył w jego samochód podając okoliczności tego zdarzenia. To czy do uderzenia w jego samochód doszło w czasie, gdy znajdował się on jeszcze w ruchu poruszając się z niewielką prędkością, czy też pokrzywdzony zdołał już go zatrzymać jest okolicznością drugorzędną. Istotne jest to, czy doszło do uderzenia, a w tej kwestii depozycje pokrzywdzonego są jednoznaczne i korelują z zeznaniami pasażerów jego samochodu oraz uszkodzeniami na tym pojeździe. Zwrócić też trzeba uwagę, że <xAnon>M. C.</xAnon> po złożeniu pierwszych zeznań w dalszym toku postępowania konsekwentnie już relacjonował, że do uderzenia doszło w czasie, gdy kierowany przez niego samochód jeszcze był w ruchu i świadek nie zmieniał już swoich zeznań. Wskazana w apelacji i dostrzeżona przez Sąd I instancji sprzeczność w zeznaniach pokrzywdzonego nie może skutkować tym, że należy uznać za niewiarygodne w całości jego zeznania co do spowodowania kolizji przez obwinioną. Nadto oczywiste jest, że świadek relacjonując przebieg zdarzenia ma prawo korygować swoje wypowiedzi, jeśli oczywiście dąży do podania relacji zgodnie z prawdą, a tak było w przypadku <xAnon>M. C. (1)</xAnon>. Dodać też trzeba, że nawet gdyby uznać, jak tego bezzasadnie chce obwiniona, iż wskazana sprzeczność w zeznaniach pokrzywdzonego nie może być konwalidowana, to stwierdzić trzeba, że nie miała ona wpływu na treść wyroku, jaki zapadł w niniejszej sprawie.</xText>
          <xText>Ma z kolei rację obwiniona twierdząc, że świadek <xAnon>E. K.</xAnon>nie powinna być obecna na Sali podczas postępowania dowodowego przed złożeniem zeznań. Świadek nie jest osobą pokrzywdzoną. Takie uchybienie jednak nie miało wpływu na treść wydanego wyroku. Nie był to jedyny dowód na okoliczność sprawstwa obwinionej. Obecność świadka na sali podczas składania wyjaśnień przez obwinioną i zeznań przez <xAnon>M. C.</xAnon>nie wpłynęła na treść depozycji <xAnon>E. K.</xAnon>, świadek powtórzyła swoją relację podaną w toku czynności wyjaśniających. Skarżąca w apelacji gołosłownie podała, że powyższa obecność świadka na rozprawie miała istotny wpływ na treść zeznań, a taki wniosek autorka apelacji wyciąga tylko z tego, że Sąd dał w całości wiarę zeznaniom tego świadka. Nie wiadomo, jaki proces myślowy mógł doprowadzić obwinioną do takiej konkluzji.</xText>
          <xText>Istotnie na pojeździe obwinionej nie zostały stwierdzone widoczne uszkodzenia, którą to okoliczność miał przecież na uwadze Sąd I instancji. Wbrew intencjom obwinionej nie dowodzi to jednak tego, że nie doszło do kolizji pojazdów. Uszkodzenia na samochodzie <xAnon>V. (...)</xAnon> były niewielkie, nadto wg. biegłego jakość wykonanego zdjęcia samochodu obwinionej nie była wystarczająca. Trzeba pamiętać, że oględzin pojazdu obwinionej nie dokonano w dniu zdarzenia, lecz dopiero po pewnym czasie. W każdym razie Sąd ustalił, że takich uszkodzeń nie stwierdzono. Nie dowodzi to tego, że nie doszło do uderzenia w samochód pokrzywdzonego. Uderzenie takie, która to okoliczność wynika w sposób jednoznaczny z zeznań osób podróżujących samochodem <xAnon>V. (...)</xAnon>, nie pozostawiło śladów na pojeździe obwinionej. Z opinii biegłego wynika przecież, że mogło dojść do kontaktu obu pojazdów, pomimo tego, że na samochodzie <xAnon>V. (...)</xAnon> pozostały ślady, a nie było śladów na pojeździe <xAnon>R.</xAnon>. Możliwy więc był taki przebieg zdarzenia.</xText>
          <xText>Nie są zasadne zarzuty obwinionej w stosunku do opinii biegłego z zakresu ruchu drogowego. Opinia ta jest jasna i zupełna. Biegły swoje stanowisko należycie i przekonywująco uzasadnił. Trzeba pamiętać, że biegły opiniując w niniejszej sprawie dysponował wąskim materiałem dowodowym. Zdarzenie nie pozostawiło śladów materialnych poza niewielkimi uszkodzeniami na pojeździe pokrzywdzonego. Tak więc biegły mógł się opierać na materiale osobowym i dokonać jego weryfikacji w oparciu o swoje wiadomości specjalne i tak też uczynił. To Sąd, a nie biegły dokonuje ustaleń w sprawie dlatego biegły zawarł takie stwierdzenia w swojej opinii, jak zostały wskazane w apelacji. Natomiast na stronie 13 opinii biegły zaprezentował swoje stanowisko odpowiadając na pytania Sądu, które to stanowisko podlegało ocenie organu orzekającego w oparciu o zebrane w sprawie dowody.</xText>
          <xText>Sąd Rejonowy słusznie nie uznał za wiarygodnej wersji obwinionej. <xAnon>M. K.</xAnon> po spowodowaniu kolizji odjechała, celowo nie patrząc w kierunku kierującego samochodem <xAnon>V. (...)</xAnon>, który dawał jej znaki rękoma do zatrzymania. Wg. pokrzywdzonego zachowanie obwinionej wyglądało, jak typowa ucieczka z miejsca zdarzenia. Zwrócić trzeba uwagę, że z wersji obwinionej nie wynika, żeby na skutek nieprawidłowego zachowania innego kierującego doszło do kolizji z tamtym pojazdem. Dlatego obwiniona powinna zatrzymać się na miejscu przedmiotowej kolizji i poinformować pokrzywdzonego o przyczynie jej zachowania, gdyby to rzeczywiście była prawda, a nie uciekać z miejsca zdarzenia, unikając kontaktu wzrokowego z kierującym <xAnon>V. (...)</xAnon>. Obwiniona pomimo, że miała się udać w pościg za samochodem <xAnon>S.</xAnon> to i tak nie ustaliła i nie wskazała jego nr rej. Żadna z osób podróżujących samochodem <xAnon>V. (...)</xAnon> wbrew twierdzeniom obwinionej, przed kolizją nie słyszała odgłosu używania klaksonu ani gwałtownego hamowania.</xText>
          <xText>Reasumując powtórzyć należy, że Sąd Rejonowy dokonał prawidłowej oceny zebranych w sprawie dowodów i należycie swoje stanowisko uzasadnił. Na podstawie przeprowadzonych dowodów Sąd I instancji dokonał prawdziwych ustaleń faktycznych w sprawie, które Sąd Okręgowy aprobuje. Tym samym nie jest zasadny zarzut zawarty w apelacji kwestionujący prawidłowość ustaleń dokonanych przez Sąd Rejonowy.</xText>
          <xText>Mając powyższe na uwadze należało, na podstawie <xLexLink xArt="art. 437;art. 437 § 1" xIsapId="WDU19970890555" xTitle="Ustawa z dnia 6 czerwca 1997 r. - Kodeks postępowania karnego" xAddress="Dz. U. z 1997 r. Nr 89, poz. 555">art. 437§1 kpk</xLexLink> w zw. z <xLexLink xArt="art. 109;art. 109 § 2" xIsapId="WDU20011061148" xTitle="Ustawa z dnia 24 sierpnia 2001 r. - Kodeks postępowania w sprawach o wykroczenia" xAddress="Dz. U. z 2001 r. Nr 106, poz. 1148">art. 109§2 kpw</xLexLink> orzec, jak w punkcie I wyroku.</xText>
          <xText>W punkcie II wyroku Sąd zasądził od obwinionej koszty sądowe za postępowanie odwoławcze na podstawie <xLexLink xArt="art. 627" xIsapId="WDU19970890555" xTitle="Ustawa z dnia 6 czerwca 1997 r. - Kodeks postępowania karnego" xAddress="Dz. U. z 1997 r. Nr 89, poz. 555">art. 627 kpk</xLexLink> w zw. z <xLexLink xArt="art. 634" xIsapId="WDU19970890555" xTitle="Ustawa z dnia 6 czerwca 1997 r. - Kodeks postępowania karnego" xAddress="Dz. U. z 1997 r. Nr 89, poz. 555">art. 634 kpk</xLexLink> w zw. z <xLexLink xArt="art. 119" xIsapId="WDU20011061148" xTitle="Ustawa z dnia 24 sierpnia 2001 r. - Kodeks postępowania w sprawach o wykroczenia" xAddress="Dz. U. z 2001 r. Nr 106, poz. 1148">art. 119 kpw</xLexLink>, na które składają się opłata w wysokości należnej za I instancję (na podstawie <xLexLink xArt="art. 8" xIsapId="WDU20011061148" xTitle="Ustawa z dnia 24 sierpnia 2001 r. - Kodeks postępowania w sprawach o wykroczenia" xAddress="Dz. U. z 2001 r. Nr 106, poz. 1148">art. 8</xLexLink> w zw. z <xLexLink xArt="art. 3;art. 3 ust. 1" xIsapId="WDU19730270152" xTitle="Ustawa z dnia 23 czerwca 1973 r. o opłatach w sprawach karnych" xAddress="Dz. U. z 1973 r. Nr 27, poz. 152">art. 3 ust. 1 ustawy z dnia 23 czerwca o opłatach w sprawach karnych</xLexLink> - t.j. Dz. Ust. nr 49 poz. 223 z późn. zm.) w kwocie 30 zł. i 50 zł. tytułem zryczałtowanych wydatków za postępowanie przed Sądem II instancji zgodnie z <xLexLink xArt="§ 3" xIsapId="WDU20011181269" xTitle="Rozporządzenie Ministra Sprawiedliwości z dnia 10 października 2001 r. w sprawie wysokości zryczałtowanych wydatków postępowania oraz wysokości opłaty za wniesienie wniosku o wznowienie postępowania w sprawach o wykroczenia" xAddress="Dz. U. z 2001 r. Nr 118, poz. 1269">§3 Rozporządzenia Ministra Sprawiedliwości z dnia 10 października 2001r. w sprawie wysokości zryczałtowanych wydatków postępowania oraz wysokości opłaty za wniesienie wniosku o wznowienie postępowania w sprawach o wykroczenia</xLexLink> (Dz.U. z 2001 r. nr 118 poz. 1269).</xText>
          
          <xText xALIGNx="center">SSO Klaudiusz Senator</xText>
        </xUnit>
      </xBlock>
    </xPart>
  </judgement>
<judgement id="153500000000503_I_ACa_000448_2013_Uz_2013-06-18_001">
    <xPart xEditorFullName="Sylwia Stefańska" xYear="2013" xLang="PL" xPublisherFullName="Danuta Wągrowska" xFromPg="1" xEditor="sstefanska" xVolType="15/350000/0000503/ACa" xPublisher="dwagrowska" xDocType="Uz" xVolNmbr="000448" xVersion="1.0" xToPage="1" xFlag="published">
      <xName>Wyrok+Uzasadnienie</xName>
      <xBlock>
        <xText>Sygn. akt I ACa 448/13</xText>
        
        <xUnit xIsTitle="true" xBold="true" xType="part">
          <xName>WYROK</xName>
          <xTitle>W IMIENIU RZECZYPOSPOLITEJ POLSKIEJ</xTitle>
          <xText xALIGNx="right">Dnia 18 czerwca 2013 r.</xText>
          
          <xText><xBx>Sąd Apelacyjny w Poznaniu, I Wydział Cywilny</xBx> w składzie:</xText>
          
          <xRows>
            <xCOLGROUPx>
              <xCOLx xWIDTHx="219"/>
              <xCOLx xWIDTHx="398"/>
            </xCOLGROUPx>
            <xRow>
              <xClmn xALIGNx="left" xVALIGNx="middle">
                <xText xALIGNx="right">Przewodniczący:</xText>
              </xClmn>
              <xClmn xALIGNx="left" xVALIGNx="middle">
                <xText>SSA Hanna Małaniuk</xText>
              </xClmn>
            </xRow>
            <xRow>
              <xClmn xALIGNx="left" xVALIGNx="top">
                <xText xALIGNx="right">Sędziowie:</xText>
              </xClmn>
              <xClmn xALIGNx="left" xVALIGNx="middle">
                <xText>SA Mariola Głowacka</xText>
                <xText>SA Bogdan Wysocki (spr.)</xText>
              </xClmn>
            </xRow>
            <xRow>
              <xClmn xALIGNx="left" xVALIGNx="middle">
                <xText xALIGNx="right">Protokolant:</xText>
              </xClmn>
              <xClmn xALIGNx="left" xVALIGNx="middle">
                <xText>starszy sekretarz sądowy Sylwia Woźniak</xText>
              </xClmn>
            </xRow>
          </xRows>
          
          <xText>po rozpoznaniu w dniu 18 czerwca 2013 r. w Poznaniu</xText>
          <xText>na rozprawie</xText>
          <xText>sprawy z powództwa <xBx>interwenientki głównej <xAnon>K. P.</xAnon></xBx></xText>
          <xText>przeciwko <xBx>
       Spółdzielni Mieszkaniowej <xAnon>Osiedle (...)</xAnon> w <xAnon>P.</xAnon>, <xAnon>M.</xAnon><xAnon>P.</xAnon></xBx></xText>
          <xText>o ustalenie</xText>
          <xText>na skutek apelacji powódki – interwenientki głównej</xText>
          <xText>od wyroku Sądu Okręgowego w Poznaniu</xText>
          <xText>z dnia 31 października 2012 r., sygn. akt XII C 975/02</xText>
          <xUnit xIsTitle="false" xType="none">
            <xName xSffx=".">1</xName>
            <xText>
              <xBx>oddala apelację; </xBx>
            </xText>
          </xUnit>
          <xUnit xIsTitle="false" xType="none">
            <xName xSffx=".">2</xName>
            <xText>
              <xBx>
      zasądza od interwenientki głównej <xAnon>K. P.</xAnon> na rzecz Spółdzielni Mieszkaniowej <xAnon>Osiedle (...)</xAnon> w <xAnon>P.</xAnon> oraz<xAnon>M.</xAnon><xAnon>P.</xAnon> kwoty po 5.400 zł na rzecz każdego z nich z tytułu kosztów zastępstwa procesowego w postępowaniu apelacyjnym. </xBx>
            </xText>
          </xUnit>
          
          <xText>
    M. Głowacka    H. Małaniuk    B. Wysocki
  </xText>
        </xUnit>
        <xUnit xIsTitle="true" xBold="true" xType="part">
          <xName>UZASADNIENIE</xName>
          <xText><xBx>
    
      Powódka Spółdzielnia Mieszkaniowa „<xAnon>Osiedle (...)</xAnon>" w <xAnon>P.</xAnon></xBx> wniosła przeciwko <xBx>
    
      pozwanemu <xAnon>M.</xAnon><xAnon>P.</xAnon> - <xAnon>(...)</xAnon><xAnon> (...)</xAnon> w <xAnon>P.</xAnon></xBx> o stwierdzenie obowiązku pozwanego do złożenia oświadczenia woli o ustanowieniu w formie aktu notarialnego prawa wieczystego użytkowania gruntów będących we władaniu Spółdzielni. Na gruntach, które stanowiły przedmiot pozwu realizowane było budownictwo mieszkaniowe wraz z infrastrukturą.</xText>
          
          <xText>Pozwany wniósł o oddalenie powództwa.</xText>
          
          <xText><xBx>
    
    
    
    
    
    
      Interwencję główną</xBx> w sprawie zgłosiła <xBx><xAnon>K. P.</xAnon></xBx>domagając się ostatecznie zobowiązania pozwanego do ustalenia w stosunku do nieruchomości położonych na osiedlach: <xAnon>P.</xAnon>, <xAnon>R.</xAnon>, <xAnon>C.</xAnon>, <xAnon>L.</xAnon>, <xAnon>O.</xAnon>, <xAnon>S.</xAnon><xAnon>Z.</xAnon>, <xAnon>T.</xAnon>oraz <xAnon>(...)</xAnon><xAnon>W.</xAnon><xAnon>Ś.</xAnon> w <xAnon>P.</xAnon>, na których znajdują się budynki wraz z infrastrukturą wraz z budynkami mieszkalnymi włącznie, pawilony, w tym pawilony handlowe, warsztaty samochodowe, garaże, parkingi, targowiska, że pozwany ma obowiązek ustanowienia i prawa użytkowania wieczystego i dalej konsekwentnie przeniesienia własności tych gruntów z jednoczesnym nieodpłatnym przeniesieniem wszelkich obiektów znajdujących się na tych gruntach na rzecz członków Spółdzielni Mieszkaniowej <xAnon>Osiedle (...)</xAnon> w <xAnon>P.</xAnon> i wszelkich tych osób trzecich nie będących członkami tej spółdzielni, które faktycznie poniosły koszty wybudowania tych obiektów i znajdują się one obecnie w ich władaniu (posiadaniu), przy czym w odniesieniu do lokali mieszkalnych nastąpi to z jednoczesnym ich wyodrębnieniem, zaś w przypadku przeniesienia własności gruntów nastąpi z odpowiednim zaliczeniem na poczet ceny opłat z tytułu użytkowania wieczystego oraz wniesionym przez ww. osoby do pozwanej spółdzielni rat na poczet wykupu gruntów. W stosunku natomiast do nieruchomości gruntowych, na których znajdują się przychodnie zdrowia, przedszkola, szkoły, domy kultury, boiska, drogi chodniki, ciągi komunikacyjne, drogi dojazdowe, drogi wewnętrzne, tereny zielone, tereny niezabudowane ustalenie, że pozwany <xAnon>M.</xAnon><xAnon>P.</xAnon> nie ma obowiązku ustanowienia na rzecz Spółdzielni Mieszkaniowej <xAnon>Osiedle (...)</xAnon> w <xAnon>P.</xAnon> prawa użytkowania wieczystego, ani zbywania/przenoszenia na rzecz tej Spółdzielni prawa własności tych gruntów, przy czym Spółdzielnia Mieszkaniowa <xAnon>Osiedle (...)</xAnon> w <xAnon>P.</xAnon> oraz <xAnon>M.</xAnon><xAnon>P.</xAnon> dokonają wzajemnych rozliczeń z tytułu kosztów budowy i zagospodarowania tych nieruchomości.</xText>
          
          <xText>W stosunku do Spółdzielni interwenientka domagała się natomiast ustalenia, że nie przysługuje jej prawo ustanowienia na jej rzecz użytkowania wieczystego nieruchomości gruntowych ani praw własności do tych gruntów oraz nieodpłatnego nabycia przez nią wszelkich obiektów znajdujących się na tych gruntach.</xText>
          
          <xText>Pozwany Miasto <xAnon>P.</xAnon> w zakresie żądania interwenientki głównej dotyczącego obowiązku ustanowienia prawa użytkowania wieczystego i prawa własności na rzecz członków Spółdzielni Mieszkaniowej „<xAnon>Osiedle (...)</xAnon>" w <xAnon>P.</xAnon> i wszelkich tych osób trzecich nie będących członkami tej spółdzielni, którzy faktycznie ponieśli koszty wybudowania tych obiektów i znajdują się one obecnie w ich władaniu wniósł o jego oddalenie z uwagi na niewykazanie przez <xAnon>K. P.</xAnon> interesu prawnego. Natomiast odnośnie do drugiego z żądań wskazał, że jest ono sformułowane bardzo ogólnie, bez wskazania konkretnych obiektów, działek i ksiąg wieczystych, nie ma też pełnomocnictwa do działania na rzecz innych członków i spółdzielni. Nie wskazano też na rzecz, których członków ma być to prawo ustanowione. W tym zakresie żądanie powódki uznać należy za interwencję uboczną, bowiem popiera ona pozwanego.</xText>
          
          <xText>Spółdzielnia „<xAnon>Osiedle (...)</xAnon>" w <xAnon>P.</xAnon> przychyliła się do stanowiska pozwanego.</xText>
          
          <xText>
            <xBx>
      Wyrokiem częściowym z dnia 31 października 2012 r. Sąd Okręgowy w Poznaniu oddalił interwencję główną <xAnon>K. P.</xAnon> oraz zasądził od interwenientki głównej <xAnon>K. P.</xAnon> na rzecz Spółdzielni Mieszkaniowej „<xAnon>Osiedle (...)</xAnon>” w <xAnon>P.</xAnon> i <xAnon>M.</xAnon><xAnon>P.</xAnon> kwoty po 7.200 zł tytułem zwrotu kosztów zastępstwa procesowego. </xBx>
          </xText>
          <xText>Podstawą rozstrzygnięcia były następujące ustalenia i wnioski.</xText>
          <xText><xAnon> (...)</xAnon> będące przedmiotem niniejszej sprawy obejmują osiedla: <xAnon>P.</xAnon>, <xAnon>R.</xAnon>, <xAnon>C.</xAnon>, <xAnon>L.</xAnon>, <xAnon>O.</xAnon>, <xAnon>S.</xAnon><xAnon>Z.</xAnon>, Tysiąclecia oraz Bohaterów <xAnon>(...)</xAnon><xAnon>W.</xAnon><xAnon>Ś.</xAnon> i stanowią własność <xAnon>M.</xAnon><xAnon>P.</xAnon>. Zostały one oddane do korzystania powodowej Spółdzielni Mieszkaniowej „<xAnon>Osiedle (...)</xAnon>" w <xAnon>P.</xAnon>. Na terenie większości z nich posadowiono budynki mieszkalne, usługowe, bądź elementy infrastruktury osiedlowej, którymi zarządza i gospodaruje Spółdzielnia Mieszkaniowa „<xAnon>Osiedle (...)</xAnon>" w <xAnon>P.</xAnon>. Budowa wyżej wskazanych budynków i urządzeń dokonana została przez powodową Spółdzielnię.</xText>
          <xText>Spółdzielnia Mieszkaniowa „<xAnon>Osiedle (...)</xAnon>" w <xAnon>P.</xAnon> jest jedną z największych spółdzielni mieszkaniowych w Polsce, skupia około 40.000 członków.</xText>
          <xText>Spółdzielnia finansowana była ze środków pochodzących z wpłat jej członków oraz z kredytów. Środki te były przeznaczane na budowę, w tym na wynagrodzenia dla wykonawców. Dla każdego mieszkania prowadzona była osobna ewidencja wkładów, wpłat i spłat kredytów. W sensie księgowym każde mieszkanie posiada własne konto. Po zakończeniu budowy każdego budynku w protokole zdawczo -odbiorczym rozliczano koszty budowy.Często zdarzało się, że były one wyższe niż zakładano pierwotnie, więc obciążano ich spłatą członków spółdzielni, którym przedzielano mieszkania.</xText>
          <xText>W 1989 r. wiele osób dokonało wykupu swoich mieszkań wpłacając cenę nominalną według rzeczywistych kosztów w czasie budowy i od tego czasu te osoby już nie spłacały kredytu. W 2000 r. znaczna większość mieszkań była już wykupiona.</xText>
          <xText>W stosunku do części działek postępowanie zostało umorzone z powodu przeniesienia własności bądź użytkowania wieczystego na rzecz powodowej Spółdzielni.</xText>
          <xText><xAnon>K. P.</xAnon> jest członkiem Spółdzielni Mieszkaniowej „<xAnon>Osiedle (...)</xAnon>" w <xAnon>P.</xAnon>. Interwenientka główna nie mieszka na osiedlach, których dotyczy jej żądanie - <xAnon>Osiedlu (...)</xAnon><xAnon>(...)</xAnon><xAnon>W.</xAnon><xAnon>Ś.</xAnon>.</xText>
          <xText>W ocenie Sądu Okręgowego w świetle dokonanych ustaleń faktycznych żądanie powódki nie zasługiwało na uwzględnienie. <xAnon>K. P.</xAnon> nie wykazała bowiem swojego interesu prawnego. Zgłaszane przez nią roszczenie o ustalenie w stosunku do nieruchomości położonych na osiedlach: <xAnon>P.</xAnon>, <xAnon>R.</xAnon>, <xAnon>C.</xAnon>, <xAnon>L.</xAnon>, <xAnon>O.</xAnon>, <xAnon>S.</xAnon><xAnon>Z.</xAnon>, <xAnon>(...)</xAnon><xAnon>W.</xAnon><xAnon>Ś.</xAnon> w <xAnon>P.</xAnon>, obowiązku pozwanego ustanowienia prawa użytkowania wieczystego tych gruntów na rzecz członków pozwanej Spółdzielni Mieszkaniowej <xAnon>Osiedle (...)</xAnon> w <xAnon>P.</xAnon> i wszelkich tych osób trzecich nie będących członkami spółdzielni, którzy faktycznie ponieśli koszty wybudowania tych obiektów i znajdują się one obecnie w ich władaniu (posiadaniu), nie odnosi się do jej praw lub obowiązków. Interwenientce głównej nie przysługuje żadne prawo do wyżej wskazanych nieruchomości. Nie mieszka ona nawet na terenie żadnego z wyżej wskazanych osiedli.</xText>
          <xText>Żądania interwenientki głównej, dotyczą ustalenia obowiązku przeniesienia prawa własności oraz prawa użytkowania wieczystego na rzecz wszystkich członków pozwanej Spółdzielni Mieszkaniowej „<xAnon>Osiedle (...)</xAnon>" w <xAnon>P.</xAnon> oraz innych osób, które faktycznie poniosły koszty wybudowania budynków znajdujących się we władaniu powodowej Spółdzielni. Jednakże interwenientka uboczna nie posiada umocowania do działania w imieniu wskazywanych przez siebie osób. Nigdy nie udzielono jej pełnomocnictwa do działania w ich imieniu.</xText>
          <xText>Sąd Okręgowy podziela stanowisko, ugruntowane już w orzecznictwie, że brak interesu prawnego w rozumieniu <xLexLink xArt="art. 89" xIsapId="WDU19640430296" xTitle="Ustawa z dnia 17 listopada 1964 r. - Kodeks postępowania cywilnego" xAddress="Dz. U. z 1964 r. Nr 43, poz. 296">art. 89 k.p.c.</xLexLink> ma miejsce wówczas, gdy stan niepewności prawnej może być usunięty w drodze dalej idącego powództwa o świadczenie.</xText>
          <xText>Interwenientka główna posiada wobec powodowej Spółdzielni roszczenie dalej idące niż to zgłoszone przez nią w toku niniejszego procesu, bowiem może wnieść o ustanowienie prawa własności i użytkowania wieczystego bezpośrednio na swoją rzecz. Takie roszczenie odnosiłoby się jedynie do jej praw, nie zaś do praw osób trzecich (członków spółdzielni, osób, które nie będąc członkami spółdzielni poniosły koszty budowy). Ponadto interes prawny dla wnoszącego powództwo winien być indywidualnie, konkretnie określony w tym sensie, że powinien dotyczyć praw osoby wnoszącej żądanie, a nie grupy innych osób i podmiotów. Tymczasem interwenientka wystąpiła z roszczeniem w interesie ogółu innych osób, przy czym prawa, o które chodzi w jej żądaniu nie dotyczą jej osobiście, ani nie dotyczą jej praw.</xText>
          <xText>Drugie z żądań <xAnon>K. P.</xAnon> dotyczy ustalenia, że pozwany Miasto <xAnon>P.</xAnon> nie ma obowiązku ustanowienia na rzecz Spółdzielni Mieszkaniowej <xAnon>Osiedle (...)</xAnon> w <xAnon>P.</xAnon> prawa użytkowania wieczystego, ani przeniesienia na rzecz tej Spółdzielni prawa własności tych gruntów. Również i w tym wypadku interwenientka główna nie wykazała swojego interesu prawnego w ustaleniu nie istnienia obowiązku po stronie pozwanego. Tak sformułowane żądanie stanowić może interwencję uboczną (<xLexLink xArt="art. 76" xIsapId="WDU19640430296" xTitle="Ustawa z dnia 17 listopada 1964 r. - Kodeks postępowania cywilnego" xAddress="Dz. U. z 1964 r. Nr 43, poz. 296">art. 76 kpc</xLexLink>), bowiem <xAnon>K. P.</xAnon> występuje z roszczeniami w interesie pozwanego.</xText>
          <xText>Odnośnie do żądania sformułowanego ostatecznie wobec Spółdzielni, tj. ustalenia, że nie może ona domagać się ustalenia na jej rzecz użytkowania wieczystego i prawa własności gruntów, budynków i urządzeń, istotne są uwagi o uprawnieniu interwenientki do wytoczenia roszczenia dalej idącego, bowiem mogła wnieść o ustanowienie prawa użytkowania wieczystego gruntu i własności lokalu bezpośrednio na swoją rzecz. Tak sformułowane żądanie wobec Spółdzielni zbliża się generalnie do stanowiska <xAnon>M.</xAnon><xAnon>P.</xAnon> w procesie podstawowym, wobec czego ma pewne cechy interwencji ubocznej. Podkreślić jednak należy, że nie było zamiarem interwenientki głównej przyłączać się do którejś ze stron pierwotnego procesu. Wobec tego Sąd oddalił interwencję główną <xAnon>K. P.</xAnon>.</xText>
          <xText>O kosztach postępowania Sąd orzekł w oparciu o przepis <xLexLink xArt="art. 98" xIsapId="WDU19640430296" xTitle="Ustawa z dnia 17 listopada 1964 r. - Kodeks postępowania cywilnego" xAddress="Dz. U. z 1964 r. Nr 43, poz. 296">art. 98 k.p.c.</xLexLink></xText>
          
          <xText><xBx>Apelację od powyższego wyroku wniosła interwenientka główna <xAnon>K. P.</xAnon>, zaskarżyła go w całości. </xBx>Interwenientka główna zarzucał rozstrzygnięciu naruszenie przepisów prawa materialnego oraz postępowania, poprzez ich niezastosowanie, pominięcie lub błędną wykładnię tj.:</xText>
          <xUnit xIsTitle="false" xType="none">
            <xName xSffx=".">1</xName>
            <xText><xLexLink xArt="art. 326;art. 326 § 1" xIsapId="WDU19640430296" xTitle="Ustawa z dnia 17 listopada 1964 r. - Kodeks postępowania cywilnego" xAddress="Dz. U. z 1964 r. Nr 43, poz. 296">art. 326 § 1 kpc</xLexLink>, <xLexLink xArt="art. 108;art. 108 § 1" xIsapId="WDU19640430296" xTitle="Ustawa z dnia 17 listopada 1964 r. - Kodeks postępowania cywilnego" xAddress="Dz. U. z 1964 r. Nr 43, poz. 296">art. 108 § 1 kpc</xLexLink>, <xLexLink xArt="art. 326;art. 326 § 3" xIsapId="WDU19640430296" xTitle="Ustawa z dnia 17 listopada 1964 r. - Kodeks postępowania cywilnego" xAddress="Dz. U. z 1964 r. Nr 43, poz. 296">art. 326 § 3 kpc</xLexLink>, <xLexLink xArt="art. 332;art. 332 § 1" xIsapId="WDU19640430296" xTitle="Ustawa z dnia 17 listopada 1964 r. - Kodeks postępowania cywilnego" xAddress="Dz. U. z 1964 r. Nr 43, poz. 296">art. 332 § 1 kpc</xLexLink>, co doprowadziło do nieistnienia wyroku w znaczeniu prawno-procesowym,</xText>
          </xUnit>
          <xUnit xIsTitle="false" xType="none">
            <xName xSffx=".">2</xName>
            <xText><xLexLink xArt="art. 64" xIsapId="WDU19640430296" xTitle="Ustawa z dnia 17 listopada 1964 r. - Kodeks postępowania cywilnego" xAddress="Dz. U. z 1964 r. Nr 43, poz. 296">art. 64 kpc</xLexLink> w zw. z <xLexLink xArt="art. 71" xIsapId="WDU19640430296" xTitle="Ustawa z dnia 17 listopada 1964 r. - Kodeks postępowania cywilnego" xAddress="Dz. U. z 1964 r. Nr 43, poz. 296">art. 71 kpc</xLexLink> w zw. z <xLexLink xArt="art. 126;art. 126 § 1;art. 126 § 1 pkt. 1" xIsapId="WDU19640430296" xTitle="Ustawa z dnia 17 listopada 1964 r. - Kodeks postępowania cywilnego" xAddress="Dz. U. z 1964 r. Nr 43, poz. 296">art. 126 § 1 pkt 1 kpc</xLexLink> (w części dot. nazwy stron) w zw. z <xLexLink xArt="art. 126(2);art. 126(2) § 2" xIsapId="WDU19640430296" xTitle="Ustawa z dnia 17 listopada 1964 r. - Kodeks postępowania cywilnego" xAddress="Dz. U. z 1964 r. Nr 43, poz. 296">art. 126<xSUPx>2 </xSUPx>§ 2 kpc</xLexLink>, <xLexLink xArt="art. 379;art. 379 pkt. 4;art. 379 pkt. 5" xIsapId="WDU19640430296" xTitle="Ustawa z dnia 17 listopada 1964 r. - Kodeks postępowania cywilnego" xAddress="Dz. U. z 1964 r. Nr 43, poz. 296">art. 379 pkt 4 i 5 kpc</xLexLink>, <xLexLink xArt="art. 48;art. 48 § 1;art. 48 § 1 pkt. 5" xIsapId="WDU19640430296" xTitle="Ustawa z dnia 17 listopada 1964 r. - Kodeks postępowania cywilnego" xAddress="Dz. U. z 1964 r. Nr 43, poz. 296">art. 48 § 1 pkt 5 kpc</xLexLink> (po wyroku Trybunału Konstytucyjnego z dnia 20.07.2004 r. sygn. SK 19/02) i <xLexLink xArt="art. 49" xIsapId="WDU19640430296" xTitle="Ustawa z dnia 17 listopada 1964 r. - Kodeks postępowania cywilnego" xAddress="Dz. U. z 1964 r. Nr 43, poz. 296">art. 49 kpc</xLexLink> (po wyroku Trybunału Konstytucyjnego z dnia 24.06.2008 r. sygn. P 8/07) i <xLexLink xArt="art. 45;art. 45 ust. 1" xIsapId="WDU19970780483" xTitle="Konstytucja Rzeczypospolitej Polskiej z dnia 2 kwietnia 1997 r." xAddress="Dz. U. z 1997 r. Nr 78, poz. 483">art. 45 ust 1 Konstytucji RP</xLexLink> (w części dot. bezstronnego sądu), co w razie nie uwzględnienia zarzutu z ww <xLexLink xArt="art. 126 § 1 pkt. 1" xIsapId="WDU19640430296" xTitle="Ustawa z dnia 17 listopada 1964 r. - Kodeks postępowania cywilnego" xAddress="Dz. U. z 1964 r. Nr 43, poz. 296">pkt 1</xLexLink> czyni istotnym zarzut nieważności postępowania,</xText>
          </xUnit>
          <xUnit xIsTitle="false" xType="none">
            <xName xSffx=".">3</xName>
            <xText>art. 4 ustawy o spółdzielniach mieszkaniowych, <xLexLink xArt="art. 189" xIsapId="WDU19640430296" xTitle="Ustawa z dnia 17 listopada 1964 r. - Kodeks postępowania cywilnego" xAddress="Dz. U. z 1964 r. Nr 43, poz. 296">art. 189 kpc</xLexLink>, <xLexLink xArt="art. 108;art. 108 § 1" xIsapId="WDU19640430296" xTitle="Ustawa z dnia 17 listopada 1964 r. - Kodeks postępowania cywilnego" xAddress="Dz. U. z 1964 r. Nr 43, poz. 296">art. 108 § 1 kpc</xLexLink>, <xLexLink xArt="art. 109;art. 109 § 2" xIsapId="WDU19640430296" xTitle="Ustawa z dnia 17 listopada 1964 r. - Kodeks postępowania cywilnego" xAddress="Dz. U. z 1964 r. Nr 43, poz. 296">art. 109 § 2 kpc</xLexLink>, § 2 ust. 1 i § 3 ust. 1 rozporządzenia Ministra Sprawiedliwości w sprawie opłat za czynności radców prawnych, <xLexLink xArt="art. 98" xIsapId="WDU19640430296" xTitle="Ustawa z dnia 17 listopada 1964 r. - Kodeks postępowania cywilnego" xAddress="Dz. U. z 1964 r. Nr 43, poz. 296">art. 98 kpc</xLexLink> i § 2 ust. 1 i § 3 ust. 1 rozporządzenia Ministra Sprawiedliwości w sprawie opłat za czynności radców prawnych, <xLexLink xArt="art. 6" xIsapId="WDU19640160093" xTitle="Ustawa z dnia 23 kwietnia 1964 r. - Kodeks cywilny" xAddress="Dz. U. z 1964 r. Nr 16, poz. 93">art. 6 kc</xLexLink> i <xLexLink xArt="art. 232" xIsapId="WDU19640430296" xTitle="Ustawa z dnia 17 listopada 1964 r. - Kodeks postępowania cywilnego" xAddress="Dz. U. z 1964 r. Nr 43, poz. 296">art. 232 kpc</xLexLink>, <xLexLink xArt="art. 102" xIsapId="WDU19640430296" xTitle="Ustawa z dnia 17 listopada 1964 r. - Kodeks postępowania cywilnego" xAddress="Dz. U. z 1964 r. Nr 43, poz. 296">art. 102 kpc</xLexLink>, <xLexLink xArt="art. 67" xIsapId="WDU19820300210" xTitle="Ustawa z dnia 16 września 1982 r. - Prawo spółdzielcze" xAddress="Dz. U. z 1982 r. Nr 30, poz. 210">art. 67 ustawy prawo spółdzielcze</xLexLink>, <xLexLink xArt="art. 18;art. 18 ust. 1" xIsapId="WDU19820190145" xTitle="Ustawa z dnia 6 lipca 1982 r. o radcach prawnych" xAddress="Dz. U. z 1982 r. Nr 19, poz. 145">art. 18 ust. 1 ustawy o radcach prawnych</xLexLink> w zw. z <xLexLink xArt="art. 109;art. 109 § 2" xIsapId="WDU19640430296" xTitle="Ustawa z dnia 17 listopada 1964 r. - Kodeks postępowania cywilnego" xAddress="Dz. U. z 1964 r. Nr 43, poz. 296">art. 109 § 2 kpc</xLexLink>, <xLexLink xArt="art. 224;art. 224 ust. 2" xIsapId="WDU19820190145" xTitle="Ustawa z dnia 6 lipca 1982 r. o radcach prawnych" xAddress="Dz. U. z 1982 r. Nr 19, poz. 145">art. 224ust.2 ustawy o radcach prawnych</xLexLink>, <xLexLink xArt="art. 233;art. 233 § 1;art. 328;art. 328 § 2" xIsapId="WDU19640430296" xTitle="Ustawa z dnia 17 listopada 1964 r. - Kodeks postępowania cywilnego" xAddress="Dz. U. z 1964 r. Nr 43, poz. 296">art. 233 § 1 oraz art. 328 § 2 kpc</xLexLink>, co miało istotny wpływ na treść zaskarżonego orzeczenia,</xText>
          </xUnit>
          <xText>a wszystko to doprowadziło do naruszenia art. 6 i 14 Europejskiej Konwencji o Ochronie Praw Człowieka i Podstawowych Wolności w zw. z <xLexLink xArt="art. 87" xIsapId="WDU19970780483" xTitle="Konstytucja Rzeczypospolitej Polskiej z dnia 2 kwietnia 1997 r." xAddress="Dz. U. z 1997 r. Nr 78, poz. 483">art. 87 Konstytucji RP</xLexLink> i <xLexLink xArt="art. 45;art. 45 ust. 1;art. 77" xIsapId="WDU19970780483" xTitle="Konstytucja Rzeczypospolitej Polskiej z dnia 2 kwietnia 1997 r." xAddress="Dz. U. z 1997 r. Nr 78, poz. 483">art. 45 ust. 1 oraz art. 77 Konstytucji RP</xLexLink>. Wskazując na powyższe zarzuty apelująca wniosła o uchylenie zaskarżonego wyroku i przekazanie sprawy Sądowi I instancji do ponownego rozpoznania z jednoczesnym zniesieniem postępowania w części dotkniętej nieważnością, ewentualnie o zmianę zaskarżonego wyroku i uwzględnienie żądania w całości oraz o zasądzenie kosztów postępowania za obie instancje.</xText>
          
          <xText>Powódka oraz pozwany wnieśli o oddalenie apelacji interwenientki głównej oraz o zasądzenie od interwenientki głównej na ich rzecz kosztów postępowania apelacyjnego.</xText>
          
          <xText>
            <xBx>Sąd Apelacyjny zważył, co następuje:</xBx>
          </xText>
          <xText>Apelacja jest bezzasadna.</xText>
          <xText>Ustalenia faktyczne sądu I instancji nie budzą wątpliwości i nie są w sposób czytelny kwestionowane w apelacji.</xText>
          <xText>Stąd ustalenia te Sąd Apelacyjny w pełni akceptuje, przyjmując je za podstawę własnego rozstrzygnięcia.</xText>
          <xText>Nie ma podstaw do przyjęcia „nieistnienia wyroku w znaczeniu prawnoprocesowym”.</xText>
          <xText>Bez znaczenia jest bowiem, czy zaskarżony wyrok został ogłoszony jako „częściowy”, czy też jako „ostateczny”.</xText>
          <xText>W rzeczywistości wyrok ten, niezależnie od tego jak został nazwany, nie mógł być wyrokiem częściowym w rozumieniu przepisów <xLexLink xArt="art. 317" xIsapId="WDU19640430296" xTitle="Ustawa z dnia 17 listopada 1964 r. - Kodeks postępowania cywilnego" xAddress="Dz. U. z 1964 r. Nr 43, poz. 296">art. 317 kpc</xLexLink>.</xText>
          <xText>Interwencja główna (<xLexLink xArt="art. 75" xIsapId="WDU19640430296" xTitle="Ustawa z dnia 17 listopada 1964 r. - Kodeks postępowania cywilnego" xAddress="Dz. U. z 1964 r. Nr 43, poz. 296">art. 75 kpc</xLexLink>) jest bowiem samodzielnym powództwem osoby trzeciej przeciwko obu stronom toczącego się już procesu.</xText>
          <xText>Obie sprawy mogą być połączone do wspólnego rozpoznania na podstawie <xLexLink xArt="art. 219" xIsapId="WDU19640430296" xTitle="Ustawa z dnia 17 listopada 1964 r. - Kodeks postępowania cywilnego" xAddress="Dz. U. z 1964 r. Nr 43, poz. 296">art. 219 kpc</xLexLink>, niemniej rozstrzygnięcie o każdej z nich następuje w sposób samodzielny.</xText>
          <xText>Oznacza to, że jeżeli sąd odrębnym wyrokiem rozstrzyga o wszystkich roszczeniach interwencji głównej, to wyrok ten ma charakter orzeczenia ostatecznego (<xLexLink xArt="art. 316" xIsapId="WDU19640430296" xTitle="Ustawa z dnia 17 listopada 1964 r. - Kodeks postępowania cywilnego" xAddress="Dz. U. z 1964 r. Nr 43, poz. 296">art. 316 kpc</xLexLink>, <xLexLink xArt="art. 325" xIsapId="WDU19640430296" xTitle="Ustawa z dnia 17 listopada 1964 r. - Kodeks postępowania cywilnego" xAddress="Dz. U. z 1964 r. Nr 43, poz. 296">art. 325 kpc</xLexLink>) a nie częściowego.</xText>
          <xText>W tej sytuacji nazwanie zaskarżonego wyroku „częściowym” było błędem, nie mającym jednak żadnego istotnego znaczenia procesowego.</xText>
          <xText>W związku z tym bezprzedmiotowe było prowadzenie dowodów ze świadków bądź z opinii biegłych na okoliczności związane z ogłoszeniem tego orzeczenia.</xText>
          
          <xText>Istotne jest bowiem, czego skarżąca nie kwestionuje, że przedmiotowy wyrok został ogłoszony zgodnie z przepisami <xLexLink xArt="art. 326" xIsapId="WDU19640430296" xTitle="Ustawa z dnia 17 listopada 1964 r. - Kodeks postępowania cywilnego" xAddress="Dz. U. z 1964 r. Nr 43, poz. 296">art. 326 kpc</xLexLink>.</xText>
          <xText>Oznacza to zarazem, że sąd miał obowiązek orzec w tym wyroku o kosztach procesu związanych z interwencją główną (<xLexLink xArt="art. 108;art. 108 § 1" xIsapId="WDU19640430296" xTitle="Ustawa z dnia 17 listopada 1964 r. - Kodeks postępowania cywilnego" xAddress="Dz. U. z 1964 r. Nr 43, poz. 296">art. 108 § 1 kpc</xLexLink>).</xText>
          <xText>Z kolei wiążące dla sądu II instancji są motywy pisemne zaskarżonego orzeczenia, a nie jego ustne uzasadnienie, jakkolwiek między tymi czynnościami nie powinno być zasadniczych różnic.</xText>
          <xText>W tym stanie rzeczy nie może być mowy o nieważności postępowania, również z uwagi na osobę sędziego, orzekającego w sprawie.</xText>
          <xText>Sędzia ten nie był bowiem wyłączony z mocy ustawy (<xLexLink xArt="art. 379;art. 379 pkt. 4" xIsapId="WDU19640430296" xTitle="Ustawa z dnia 17 listopada 1964 r. - Kodeks postępowania cywilnego" xAddress="Dz. U. z 1964 r. Nr 43, poz. 296">art. 379 pkt. 4 kpc</xLexLink>).</xText>
          <xText>Natomiast okoliczności, na które powołuje się skarżąca, mające, jej zdaniem, przesądzać o braku obiektywizmu po stronie sędziego, mogły być, co najwyżej, przedmiotem wniosku o wyłączenie sędziego na podstawie <xLexLink xArt="art. 49" xIsapId="WDU19640430296" xTitle="Ustawa z dnia 17 listopada 1964 r. - Kodeks postępowania cywilnego" xAddress="Dz. U. z 1964 r. Nr 43, poz. 296">art. 49 kpc</xLexLink>.</xText>
          <xText>Inną rzeczą jest, że stawiane w tym zakresie w apelacji zarzuty mają typowo subiektywny charakter i nie mogłyby stanowić wystarczającej podstawy do wyłączenia sędziego od rozpoznawania sprawy.</xText>
          <xText>Nie ma też podstaw do uznania, że pełnomocnicy procesowi pozwanych nie mieli właściwego umocowania, tzn., aby osoby udzielające pełnomocnictw nie były uprawnione do reprezentowania pozwanych.</xText>
          <xText>Nie doszło także do naruszenia przez sąd I instancji innych wskazywanych w apelacji przepisów prawa materialnego lub procesowego.</xText>
          <xText>Słusznie przede wszystkim sąd I instancji przyjął, iż skarżąca nie miała interesu prawnego w ustaleniu treści praw i obowiązków pozwanych w sposób ostatecznie sprecyzowany w piśmie procesowym z dnia 24 września 2012r (k. 2254 i nast.).</xText>
          <xText>W pierwszej kolejności należy wskazać, że interes prawny w ustaleniu stosunku prawnego lub prawa, w rozumieniu <xLexLink xArt="art. 189" xIsapId="WDU19640430296" xTitle="Ustawa z dnia 17 listopada 1964 r. - Kodeks postępowania cywilnego" xAddress="Dz. U. z 1964 r. Nr 43, poz. 296">art. 189 kpc</xLexLink>, musi przysługiwać osobie wytaczającej powództwo o ustalenie.</xText>
          <xText>Skarżąca nie miała zatem czynnej legitymacji dla żądania ustalenia praw, przysługujących innym podmiotom, w tym innym członkom powodowej spółdzielni.</xText>
          <xText>W orzecznictwie i literaturze przedmiotu przyjmuje się, że interes prawny, w znaczeniu użytym w <xLexLink xArt="art. 189" xIsapId="WDU19640430296" xTitle="Ustawa z dnia 17 listopada 1964 r. - Kodeks postępowania cywilnego" xAddress="Dz. U. z 1964 r. Nr 43, poz. 296">art. 189 kpc</xLexLink>, należy rozumieć jako istniejącą po stronie podmiotu dochodzącego ochrony potrzebę wprowadzenia jasności i pewności prawnej wyznaczonej konkretnym stosunkiem cywilnoprawnym, zagrożonej lub naruszonej już przez pozwanego. Musi to być sprecyzowana potrzeba prawna powoda, wymagająca zaspokojenia w ściśle określonym czasie, tj. co najmniej w dacie wyrokowania (por. <xLexLink xArt="art. 316;art. 316 § 1" xIsapId="WDU19640430296" xTitle="Ustawa z dnia 17 listopada 1964 r. - Kodeks postępowania cywilnego" xAddress="Dz. U. z 1964 r. Nr 43, poz. 296">art. 316 § 1</xLexLink><xIx>in principio</xIx><xLexLink xArt="" xIsapId="WDU19640430296" xTitle="Ustawa z dnia 17 listopada 1964 r. - Kodeks postępowania cywilnego" xAddress="Dz. U. z 1964 r. Nr 43, poz. 296">kpc</xLexLink>) i w zasadzie w jedynej możliwej - w konkretnym przypadku – formie samoistnego, wyczerpującego się powagą rzeczy osądzonej, orzeczenia ustalającego, a nie innego powództwa i wyroku. Z tego też wynika, że z reguły po stronie osoby występującej z powództwem o ustalenie brak będzie interesu prawnego, w znaczeniu użytym w <xLexLink xArt="art. 189" xIsapId="WDU19640430296" xTitle="Ustawa z dnia 17 listopada 1964 r. - Kodeks postępowania cywilnego" xAddress="Dz. U. z 1964 r. Nr 43, poz. 296">art. 189 kpc</xLexLink>, w sytuacji, gdy może ona w innej drodze, np. w procesie o świadczenie, o ukształtowanie prawa lub stosunku prawnego a nawet w drodze orzeczenia o charakterze deklaratywnym, osiągnąć w pełni ochronę swoich praw (por. np. E. Warzocha, <xIx>„Ustalenie stosunku prawnego lub prawa w sądowym postępowaniu cywilnym”</xIx>, Wyd. Prawnicze, W-wa 1982r, str. 48-51, 144-145, J. Mokry, <xIx>„Glosa do uchwały Sądu Najwyższego z dnia 5 grudnia 1991r w spr. III CZP 110/91”</xIx>, OSP, z. 1 z 1993r, s. 9-10, wyroki Sądu Najwyższego: z dnia 6 czerwca 1997r w spr. II CKN 201/97, Monitor Prawniczy, nr 2 z 1998r, s. 3 oraz z dnia 8 stycznia 2002r w spr. I CKN 723/99, LEX nr 53132 itd.).</xText>
          <xText>Dodać należy, że interes prawny jako procesowa kategoria pojęciowa jest odmianą interesu prawnego „w ogólności”, który to rozumiany jest jako pewien istniejący, korzystny dla danego podmiotu stan rzeczy, w możliwie maksymalnym stopniu zapewniający zaspokojenie jego potrzeb przy możliwie najmniejszych stratach poniesionych przez niego dla osiągnięcia tego celu (por. J. Mokry, op. cit., str. 8).</xText>
          <xText>Ujmując rzecz lapidarnie, o istnieniu interesu prawnego w rozumieniu <xLexLink xArt="art. 189" xIsapId="WDU19640430296" xTitle="Ustawa z dnia 17 listopada 1964 r. - Kodeks postępowania cywilnego" xAddress="Dz. U. z 1964 r. Nr 43, poz. 296">art. 189 kpc</xLexLink> można mówić tylko wówczas, jeżeli wyrok ustalający skutkować będzie jakąś, korzystną dla powoda, zmianą w jego sytuacji, polegającą na usunięciu lub wyjaśnieniu wątpliwości co do treści dotyczących go stosunków prawnych a osiągnięcie tego celu nie jest możliwie w inny sposób, np. w innym postępowaniu cywilnym.</xText>
          <xText>Przenosząc to na realia rozpoznawanej sprawy, oczywisty jest brak interesu prawnego po stronie powódki w ustaleniu, że pozwany <xAnon>M.</xAnon><xAnon>P.</xAnon> ma obowiązek ustanowienia użytkowania wieczystego spornych nieruchomości na rzecz powódki wraz z przeniesieniem własności budynków i elementów infrastruktury.</xText>
          <xText>Jeżeli bowiem powódka rości sobie prawa do tych nieruchomości to dalej idącym roszczeniem, zaspokajającym w pełni jej interesy, byłoby wystąpienie przeciwko pozwanemu o nakazanie złożenia stosownego oświadczenia woli (<xLexLink xArt="art. 64" xIsapId="WDU19640160093" xTitle="Ustawa z dnia 23 kwietnia 1964 r. - Kodeks cywilny" xAddress="Dz. U. z 1964 r. Nr 16, poz. 93">art. 64 kc</xLexLink>).</xText>
          <xText>Z kolei ustalenie, że spółdzielni nie przysługują uprawnienia do żądania ustanowienia użytkowania wieczystego posiadanych nieruchomości nie zmieniłoby nic na korzyść w sytuacji prawnej apelującej.</xText>
          <xText>Przeciwnie, w interesie skarżącej, jako członka spółdzielni, jest, aby powództwo główne zostało rozstrzygnięte na korzyść spółdzielni, bowiem pozwoli to na skorzystanie przez spółdzielców z roszczeń, o jakich mowa w przepisach <xLexLink xArt="art. 12;art. 17(14)" xIsapId="WDU20010040027" xTitle="Ustawa z dnia 15 grudnia 2000 r. o spółdzielniach mieszkaniowych" xAddress="Dz. U. z 2001 r. Nr 4, poz. 27">art. 12 i art. 17<xSUPx>14</xSUPx> ustawy z dnia 15 grudnia 2000r o spółdzielniach mieszkaniowych</xLexLink> (tekst jedn. Dz. U. z 2003r, nr 119, poz. 1116 ze zm.).</xText>
          <xText>Nie ma przy tym podstaw do przyjęcia, aby powódka miała być w przyszłości obciążona zwiększonymi kosztami utrzymania spornych nieruchomości. Niesporne jest bowiem, że nie posiada ona lokalu w budynku posadowionym na którejś z tych nieruchomości.</xText>
          <xText>Niezależnie od braku po stronie powódki interesu prawnego, powództwo podlegało oddaleniu także z innego powodu.</xText>
          <xText>Dla uwzględnienia powództwa z <xLexLink xArt="art. 189" xIsapId="WDU19640430296" xTitle="Ustawa z dnia 17 listopada 1964 r. - Kodeks postępowania cywilnego" xAddress="Dz. U. z 1964 r. Nr 43, poz. 296">art. 189 kpc</xLexLink> nie jest bowiem wystarczające wylegitymowanie się interesem prawnym w ustaleniu stosunku prawnego lub prawa. Konieczne jest nadto wykazanie, że treść tego stosunku lub prawa, na którą powołuje się powód, znajduje oparcie w przepisach prawa materialnego, tzn. rzeczywiście istnieje (zob. np.: B. Czech, w: <xIx>Kodeks postępowania cywilnego, Komentarz pod red. K. Piaseckiego,</xIx> Wyd. C.H.Beck, W-wa 2006, tom I, str. 805, wyrok Sądu Najwyższego z dnia 13 września 2001r w spr. IV CKN 432/00, LEX nr 53108 itp.).</xText>
          <xText>Tymczasem brak jest jakichkolwiek podstaw do przyjęcia, aby skarżącej przysługiwało w stosunku do pozwanego <xAnon>M.</xAnon><xAnon>P.</xAnon> roszczenie o ustanowienie na jej rzecz prawa wieczystego użytkowania nieruchomości oraz nieodpłatnego przeniesienia własności posadowionych na nich budynków.</xText>
          <xText>Nie stanowi w każdym razie takiej podstawy fakt poniesienia przez interwenientkę kosztów budowy posiadanego przez nią lokalu spółdzielczego.</xText>
          <xText>Wniesione na ten cel środki stały się bowiem własnością spółdzielni.</xText>
          <xText>Stwierdzeniu takiemu nie stoi na przeszkodzie treść przepisu <xLexLink xArt="art. 3" xIsapId="WDU19820300210" xTitle="Ustawa z dnia 16 września 1982 r. - Prawo spółdzielcze" xAddress="Dz. U. z 1982 r. Nr 30, poz. 210">art. 3 ustawy z dnia 16 września 1982r – Prawo spółdzielcze</xLexLink> (tekst jedn. Dz. U. z 2003r, nr 188, poz. 1848 ze zm.) zgodnie z którym <xIx>„majątek spółdzielni jest prywatną własnością jej członków”.</xIx> Chodzi tu bowiem o własność w kategoriach ekonomicznych, a nie cywilnoprawnych (zob. bliżej uchwały Sądu Najwyższego: z dnia 9 stycznia 1996r w spr. III CZP 152/95, OSNC, z. 4 z 1996r, poz. 52 oraz z dnia 6 lutego 1996r w spr. III CZP 4/96, OSNC, z. 4 z 1996r, poz. 58). Oznacza to, że spółdzielnia może dysponować tym mieniem jak właściciel, z ograniczeniami jedynie wynikającymi z przepisów szczególnych.</xText>
          <xText>Z kolei pozwanej (powodowej z powództwa głównego) spółdzielni przysługuje, co do zasady, roszczenie o ustanowienie na jej rzecz użytkowania wieczystego gruntów oraz nieodpłatnego przeniesienia własności budynków na podstawie <xLexLink xArt="art. 208;art. 208 ust. 2" xIsapId="WDU19971150741" xTitle="Ustawa z dnia 21 sierpnia 1997 r. o gospodarce nieruchomościami" xAddress="Dz. U. z 1997 r. Nr 115, poz. 741">art. 208 ust. 2 ustawy z dnia 21 sierpnia 1997r o gospodarce nieruchomościami</xLexLink> (tekst jedn. Dz. U. z 2010r, nr 102, poz. 651 ze zm.).</xText>
          <xText>Nie było też podstaw do nieobciążania interwenientki kosztami procesu poniesionymi przez pozwanych.</xText>
          <xText>W sprawie nie zachodzi szczególnie uzasadniony wypadek w rozumieniu przepisu <xLexLink xArt="art. 102" xIsapId="WDU19640430296" xTitle="Ustawa z dnia 17 listopada 1964 r. - Kodeks postępowania cywilnego" xAddress="Dz. U. z 1964 r. Nr 43, poz. 296">art. 102 kpc</xLexLink>.</xText>
          <xText>Do celowych (niezbędnych) kosztów procesu należy wynagrodzenie profesjonalnego pełnomocnika procesowego (<xLexLink xArt="art. 98;art. 98 § 1;art. 98 § 3" xIsapId="WDU19640430296" xTitle="Ustawa z dnia 17 listopada 1964 r. - Kodeks postępowania cywilnego" xAddress="Dz. U. z 1964 r. Nr 43, poz. 296">art. 98 § 1 i 3 kpc</xLexLink>).</xText>
          <xText>Zwrot poniesionych przez spółdzielnię z tego tytułu kosztów nie prowadzi przy tym, co oczywiste, do jej bezpodstawnego wzbogacenia.</xText>
          <xText>W sprawie natomiast w ogóle nie miały zastosowania przepisy art. 18 ust. 1 i art. 22<xSUPx>4</xSUPx> ust. 2 ustawy z dnia 6 lipca 2010r o radcach prawnych (tekst jedn. Dz. U. z 2010r, nr 10, poz. 65 ze zm.), które regulują wzajemne relacje między radcą prawnym a zatrudniającym go podmiotem.</xText>
          <xText>Stronie natomiast, także zatrudniającej radcę prawnego na podstawie stosunku pracy, należy się zwrot kosztów zastępstwa procesowego na zasadach ogólnych (<xLexLink xArt="art. 99" xIsapId="WDU19640430296" xTitle="Ustawa z dnia 17 listopada 1964 r. - Kodeks postępowania cywilnego" xAddress="Dz. U. z 1964 r. Nr 43, poz. 296">art. 99 kpc</xLexLink> w zw. z <xLexLink xArt="art. 98;art. 98 § 3" xIsapId="WDU19640430296" xTitle="Ustawa z dnia 17 listopada 1964 r. - Kodeks postępowania cywilnego" xAddress="Dz. U. z 1964 r. Nr 43, poz. 296">art. 98 § 3 kpc</xLexLink>) i według stawek wynikających z przepisów <xLexLink xArt="" xIsapId="WDU20021631349" xTitle="Rozporządzenie Ministra Sprawiedliwości z dnia 28 września 2002 r. w sprawie opłat za czynności radców prawnych oraz ponoszenia przez Skarb Państwa kosztów pomocy prawnej udzielonej przez radcę prawnego ustanowionego z urzędu" xAddress="Dz. U. z 2002 r. Nr 163, poz. 1349">Rozporządzenia Ministra Sprawiedliwości z dnia 28 września 2002r w sprawie opłat za czynności radców prawnych oraz ponoszenia przez Skarb Państwa kosztów pomocy prawnej udzielonej przez radcę prawnego ustanowionego z urzędu</xLexLink> (tekst jedn. Dz. U.z 2013r, nr 490).</xText>
          <xText>Z tych przyczyn na podstawie przepisu <xLexLink xArt="art. 385" xIsapId="WDU19640430296" xTitle="Ustawa z dnia 17 listopada 1964 r. - Kodeks postępowania cywilnego" xAddress="Dz. U. z 1964 r. Nr 43, poz. 296">art. 385 kpc</xLexLink> oraz powołanych wyżej przepisów prawa materialnego i procesowego Sąd Apelacyjny orzekł jak w punkcie 1 sentencji wyroku.</xText>
          <xText>O należnych pozwanym kosztach zastępstwa procesowego w postępowaniu odwoławczym orzeczono (punkt 2 wyroku) na podstawie <xLexLink xArt="art. 98;art. 98 § 1;art. 98 § 3" xIsapId="WDU19640430296" xTitle="Ustawa z dnia 17 listopada 1964 r. - Kodeks postępowania cywilnego" xAddress="Dz. U. z 1964 r. Nr 43, poz. 296">art. 98 § 1 i 3 kpc</xLexLink> oraz <xLexLink xArt="art. 99" xIsapId="WDU19640430296" xTitle="Ustawa z dnia 17 listopada 1964 r. - Kodeks postępowania cywilnego" xAddress="Dz. U. z 1964 r. Nr 43, poz. 296">art. 99 kpc</xLexLink>, przy uwzględnieniu przepisów § 2 ust. 1 i 2 oraz § 13 ust. 1 pkt. 2) w zw. z <xLexLink xArt="§ 6;§ 6 pkt. 7" xIsapId="WDU20021631348" xTitle="Rozporządzenie Ministra Sprawiedliwości z dnia 28 września 2002 r. w sprawie opłat za czynności adwokackie oraz ponoszenia przez Skarb Państwa kosztów nieopłaconej pomocy prawnej udzielonej z urzędu" xAddress="Dz. U. z 2002 r. Nr 163, poz. 1348">§ 6 pkt. 7 Rozporządzenia Ministra Sprawiedliwości z dnia 28 września 2002r w sprawie opłat za czynności adwokackie oraz ponoszenia przez Skarb Państwa kosztów nieopłaconej pomocy prawnej udzielonej z urzędu</xLexLink> (tekst. jedn. Dz. U. z 2013r, nr 461.) a także § 2 ust. 1 i 2 oraz § 12 ust. 1 pkt. 2) w zw. z <xLexLink xArt="§ 6;§ 6 pkt. 7" xIsapId="WDU20021631349" xTitle="Rozporządzenie Ministra Sprawiedliwości z dnia 28 września 2002 r. w sprawie opłat za czynności radców prawnych oraz ponoszenia przez Skarb Państwa kosztów pomocy prawnej udzielonej przez radcę prawnego ustanowionego z urzędu" xAddress="Dz. U. z 2002 r. Nr 163, poz. 1349">§6 pkt.7 Rozporządzenia Ministra Sprawiedliwości z dnia 28 września 2002r w sprawie opłat za czynności radców prawnych oraz ponoszenia przez Skarb Państwa kosztów pomocy prawnej udzielonej przez radcę prawnego ustanowionego z urzędu</xLexLink>.</xText>
          
          <xText>/-/ B.Wysocki /-/ H.Małaniuk /-/ M.Głowacka
  </xText>
        </xUnit>
      </xBlock>
    </xPart>
  </judgement>
<judgement id="155025400006006_XII_K_000978_2012_Uz_2013-06-18_001">
    <xPart xEditorFullName="Ewa Ząbkiewicz" xYear="2012" xLang="PL" xPublisherFullName="Ewa Ząbkiewicz" xFromPg="1" xEditor="ewa.zabkiewicz" xVolType="15/502540/0006006/K" xPublisher="ewa.zabkiewicz" xDocType="Uz" xVolNmbr="000978" xVersion="1.0" xToPage="6" xFlag="published">
      <xName>Wyrok+Uzasadnienie</xName>
      <xBlock>
        
        <xUnit xIsTitle="true" xBold="true" xType="part">
          <xName>WYROK</xName>
          <xTitle>W IMIENIU RZECZYPOSPOLITEJ POLSKIEJ</xTitle>
          <xText xALIGNx="right">Dnia 18 czerwca 2013r.</xText>
          
          <xText>Sąd Rejonowy dla Wrocławia-Fabrycznej we Wrocławiu XII Wydział Karny w składzie:</xText>
          <xText>Przewodniczący:  <xBx>SSR Joanna Wencius-Głębocka</xBx></xText>
          <xText>Protokolant: Sylwia Trojan</xText>
          <xText>Przy udziale Patrycji Krauze przedstawiciela Dolnośląskiego Urzędu Skarbowego we Wrocławiu
</xText>
          
          <xText>po rozpoznaniu w dniu 18 czerwca 2013r. we Wrocławiu</xText>
          <xText>sprawy</xText>
          
          <xText>
            <xBx>
              <xAnon>R. D.</xAnon>
            </xBx>
          </xText>
          <xText>
            <xBx>syna <xAnon>H.</xAnon> i <xAnon>M.</xAnon></xBx>
          </xText>
          <xText>
            <xBx><xAnon>urodzonego (...)</xAnon> w <xAnon>K.</xAnon></xBx>
          </xText>
          
          <xText>
            <xBx>
              <xUx>oskarżonego o to, że </xUx>
            </xBx>
          </xText>
          <xText>w okresie od dnia 20 lutego 2009r. do dnia 20 sierpnia 2009 r. we <xAnon>W.</xAnon>, zajmując się sprawami gospodarczymi płatnika <xAnon> (...) Sp.z.o.o.</xAnon> z siedzibą w <xAnon>P.</xAnon> jako prezes zarządu, działając w warunkach czynu ciągłego, nie wpłacał w terminie na rachunek Dolnośląskiego urzędu Skarbowego we <xAnon>W.</xAnon> pobranych zaliczek na podatek dochodowy od osób fizycznych od wypłacanych pracownikom wynagrodzeń w okresie: styczeń - lipiec 2009r. w łącznej kwocie 9.602,00zł.</xText>
          <xText>
            <xBx>
              <xIx>tj. o czyn z <xLexLink xArt="art. 77;art. 77 § 2" xIsapId="WDU19990830930" xTitle="Ustawa z dnia 10 września 1999 r. - Kodeks karny skarbowy" xAddress="Dz. U. z 1999 r. Nr 83, poz. 930">art. 77 § 2 k.k.s.</xLexLink> w związku z <xLexLink xArt="art. 6;art. 6 § 2" xIsapId="WDU19990830930" xTitle="Ustawa z dnia 10 września 1999 r. - Kodeks karny skarbowy" xAddress="Dz. U. z 1999 r. Nr 83, poz. 930">art. 6 § 2 k.k.s.</xLexLink> i <xLexLink xArt="art. 9;art. 9 § 3" xIsapId="WDU19990830930" xTitle="Ustawa z dnia 10 września 1999 r. - Kodeks karny skarbowy" xAddress="Dz. U. z 1999 r. Nr 83, poz. 930">art. 9 § 3 k.k.s.</xLexLink></xIx>
            </xBx>
          </xText>
          
          <xText xALIGNx="center">******************</xText>
          
          <xUnit xIsTitle="false" xType="none">
            <xName xSffx=".">I</xName>
            <xText>oskarżonego <xBx><xAnon>R. D.</xAnon></xBx> uznaje za winnego popełnienia zarzucanego mu czynu opisanego w części wstępnej wyroku tj. czynu z <xLexLink xArt="art. 77;art. 77 § 2" xIsapId="WDU19990830930" xTitle="Ustawa z dnia 10 września 1999 r. - Kodeks karny skarbowy" xAddress="Dz. U. z 1999 r. Nr 83, poz. 930">art. 77 § 2 k.k.s.</xLexLink> w związku z <xLexLink xArt="art. 6;art. 6 § 2" xIsapId="WDU19990830930" xTitle="Ustawa z dnia 10 września 1999 r. - Kodeks karny skarbowy" xAddress="Dz. U. z 1999 r. Nr 83, poz. 930">art. 6 § 2 k.k.s.</xLexLink> i <xLexLink xArt="art. 9;art. 9 § 3" xIsapId="WDU19990830930" xTitle="Ustawa z dnia 10 września 1999 r. - Kodeks karny skarbowy" xAddress="Dz. U. z 1999 r. Nr 83, poz. 930">art. 9 § 3 k.k.s.</xLexLink> i za to na mocy <xLexLink xArt="art. 77;art. 77 § 2" xIsapId="WDU19990830930" xTitle="Ustawa z dnia 10 września 1999 r. - Kodeks karny skarbowy" xAddress="Dz. U. z 1999 r. Nr 83, poz. 930">art. 77 § 2 k.k.s.</xLexLink> wymierza mu karę 20 (dwudziestu) stawek dziennych grzywny, ustalając wysokość jednej stawki dziennej na kwotę 60 (sześćdziesiąt) złotych;</xText>
          </xUnit>
          <xUnit xIsTitle="false" xType="none">
            <xName xSffx=".">II</xName>
            <xText>zasądza od Skarbu Państwa na rzecz adwokata <xAnon>A. H.</xAnon> kwotę <xBx>664,20 zł</xBx> (z uwzględnieniem podatku VAT) tytułem zwrotu kosztów nieopłaconej pomocy prawnej udzielonej z urzędu;</xText>
          </xUnit>
          <xUnit xIsTitle="false" xType="none">
            <xName xSffx=".">III</xName>
            <xText>na podstawie <xLexLink xArt="art. 627" xIsapId="WDU19970890555" xTitle="Ustawa z dnia 6 czerwca 1997 r. - Kodeks postępowania karnego" xAddress="Dz. U. z 1997 r. Nr 89, poz. 555">art. 627 k.p.k.</xLexLink> w związku z <xLexLink xArt="art. 113;art. 113 § 1" xIsapId="WDU19990830930" xTitle="Ustawa z dnia 10 września 1999 r. - Kodeks karny skarbowy" xAddress="Dz. U. z 1999 r. Nr 83, poz. 930">art. 113 § 1 k.k.s.</xLexLink> oraz <xLexLink xArt="art. 3;art. 3 ust. 1" xIsapId="WDU19990830930" xTitle="Ustawa z dnia 10 września 1999 r. - Kodeks karny skarbowy" xAddress="Dz. U. z 1999 r. Nr 83, poz. 930">art. 3 ust. 1</xLexLink> w związku z <xLexLink xArt="art. 21;art. 21 pkt. 1" xIsapId="WDU19730270152" xTitle="Ustawa z dnia 23 czerwca 1973 r. o opłatach w sprawach karnych" xAddress="Dz. U. z 1973 r. Nr 27, poz. 152">art. 21 pkt 1 Ustawy z dnia 23.06.1973 r. o opłatach w sprawach karnych</xLexLink> zasądza od oskarżonego na rzecz Skarbu Państwa koszty sądowe w tym wymierza jej opłatę w wysokości 120,00 złotych.</xText>
          </xUnit>
        </xUnit>
        <xUnit xIsTitle="true" xBold="true" xType="part">
          <xName>UZASADNIENIE</xName>
          <xText xALIGNx="center">
            <xUx>Sąd ustalił następujący stan faktyczny:</xUx>
          </xText>
          
          <xText><xAnon>R. D.</xAnon> w okresie od 12 czerwca 2008 roku do 10 maja 2010 roku pełnił funkcje prezesa zarządu <xAnon> (...) Spółka z ograniczoną odpowiedzialnością</xAnon> (KRS <xAnon> (...)</xAnon>).</xText>
          <xText>
            <xBx>
              <xIx>Dowód:</xIx>
            </xBx>
            <xIx> metryka podmiotu <xAnon> (...) Spółka z o. o.</xAnon> (k. 3-7)</xIx>
          </xText>
          
          <xText>Płatnik podatku dochodowego <xAnon> (...) Spółka z o.o.</xAnon> z siedzibą w <xAnon>P.</xAnon>, <xAnon>ul. (...)</xAnon>, <xAnon>(...)-(...) D.</xAnon> pobrał zaliczki na podatek dochodowy od osób fizycznych w kwotach: za styczeń 2009 roku – 1525 złotych, za luty 2009 roku – 1465 złotych, za marzec 2009 roku – 1213 złotych, za kwiecień 2009 roku – 1837 złotych, za maj 2009 roku – 1741 złotych, za czerwiec 2009 roku – 910 złotych, za lipiec 2009 roku – 911 złotych. Suma podatku pobranego przez płatnika <xAnon> (...) Spółka z o.o.</xAnon> w okresie od stycznia do lipca 2009 roku wyniosła 9602 złotych.</xText>
          <xText>
            <xBx>
              <xIx>Dowód:</xIx>
            </xBx>
            <xIx> Deklaracja roczna o pobranych zaliczkach na podatek dochodowy za 2009 roku (k. 8-9)</xIx>
          </xText>
          
          <xText><xAnon> Rachunkowość (...) Spółka z o.o.</xAnon> od dnia 29 kwietnia 2006 roku do dnia 01 stycznia 2011 roku prowadzona była przez <xAnon> Biuro (...)</xAnon><xAnon>I. M.</xAnon>, <xAnon> (...) spółka jawna</xAnon>. <xAnon> Biuro (...)</xAnon> rozliczało <xAnon> spółkę (...)</xAnon> z tytułu podatku dochodowego od osób prawnych (CIT), podatku dochodowego od osób fizycznych, podatku VAT oraz składek odprowadzanych do Zakładu Ubezpieczeń Społecznych. <xAnon>R. D.</xAnon> przekazywał pracownikowi biura rachunkowego listy pracowników <xAnon> spółki (...)</xAnon> i na ich podstawie sporządzane były listy wynagrodzeń pracowników. Te z kolei stanowiły podstawę obliczenia kwot należnych zaliczek na podatek dochodowy od osób fizycznych oraz rozliczeń z Zakładem Ubezpieczeń Społecznych. Wynagrodzenia dla pracowników były wypłacane. Biuro rachunkowe sporządzało gotowe przelewy do Dolnośląskiego Urzędu Skarbowego, które często kilkukrotnie były uaktualniane o wysokość należnych odsetek. W czasie przyjazdów do Polski i wizyt w biurze rachunkowym <xAnon>R. D.</xAnon> był informowany o wysokości istniejących zobowiązań względem Urzędu Skarbowego. Informacje na temat wysokości zaległości przekazywane były przez pracowników biura rachunkowego także panu <xAnon>F.</xAnon> i panu <xAnon>A.</xAnon>, którzy mieli przekazywać je <xAnon>R. D.</xAnon>. <xAnon>R. D.</xAnon> prowadził również inną firmę w Holandii. <xAnon>R. D.</xAnon> był jedyną osobą uprawnioną do dokonywania przelewów z rachunków bankowych należących do <xAnon> (...) Spółka z o.o.</xAnon></xText>
          <xText>
            <xBx>
              <xIx>Dowód:</xIx>
            </xBx>
            <xIx> zeznania świadka <xAnon>I. M.</xAnon> (k. 26-27, k. 97-99), <xAnon>umowa nr (...)</xAnon> zawarta między <xAnon> (...) Sp. z o.o.</xAnon>, a <xAnon> Biurem (...)</xAnon> (k. 95)</xIx>
          </xText>
          
          <xText><xAnon> (...) Spółka z o.o.</xAnon> nie ubiegała się o udzielenie ulgi w spłacie w postaci odroczenia, rozłożenia na raty czy umorzenia zaległości publicznoprawnych w zakresie podatku dochodowego od osób fizycznych w okresie od stycznia do lipca 2009 roku.</xText>
          <xText>
            <xBx>
              <xIx>Dowód:</xIx>
            </xBx>
            <xIx> pismo z Referatu Udzielania Ulg w Spłacie Zobowiązań Podatkowych (k. 25).</xIx>
          </xText>
          
          <xText><xAnon> (...) Spółka z o.o.</xAnon> nie zgłosiła w trybie art. 31 ustawy ordynacja podatkowa osoby odpowiedzialnej za obliczanie i pobieranie zaliczek za podatek dochodowy od osób fizycznych oraz terminowe wpłacanie organowi podatkowemu pobranych kwot, nie zgłoszono również imion, nazwisk oraz adresów tych osób.</xText>
          <xText>
            <xBx>
              <xIx>Dowód:</xIx>
            </xBx>
            <xIx> pismo Wieloosobowego Stanowiska Pracy Spraw Karnych Skarbowych (k. 24)</xIx>
          </xText>
          
          <xText><xAnon>R. D.</xAnon> nie był dotychczas karany.</xText>
          <xText>
            <xBx>
              <xIx>Dowód:</xIx>
            </xBx>
            <xIx> karta karna (k. 69)</xIx>
          </xText>
          
          <xText xALIGNx="center">
            <xUx>Sąd zważył, co następuje:</xUx>
          </xText>
          
          <xText>W przedmiotowej sprawie Sąd ustalił stan faktyczny w oparciu o zeznania świadka <xAnon>I. M.</xAnon> oraz dowody z dokumentów w postaci: metryki podmiotu <xAnon>(...)</xAnon>, deklaracji rocznej o zaliczkach pobranych na podatek dochodowy za rok 2009, <xAnon>umowy nr (...)</xAnon>, karty karnej, a także pism z Referatu Udzielania Ulg w Spłacie Zobowiązań Podatkowych i Wieloosobowego Stanowiska Pracy Spraw Karnych Skarbowych.</xText>
          <xText>Wymienione wyżej dowody dokumentarne w ocenie Sądu zasługują na przyznanie im waloru wiarygodności. Zostały one sporządzone przez uprawnione do tego organy, w ramach przysługujących im kompetencji. Nadto ich treść oraz autentyczność nie była kwestionowana.</xText>
          <xText>Sąd za w pełni wiarygodne uznał zeznania świadka <xAnon>I. M.</xAnon>. Jej zeznania są spójne i logiczne, nie zawierają żadnych sprzeczności. Świadek w swoich zeznaniach przedstawiła szczegółowo sposób prowadzenia rachunkowości <xAnon> spółki (...)</xAnon>. Zeznania złożone w postępowaniu przygotowawczym świadek potwierdziła również przed Sądem. Nie zachodzą żadne okoliczności przemawiające za nie uwzględnieniem treści zeznań złożonych przez <xAnon>I. M.</xAnon>. Jest ona osobą obcą dla oskarżonego, nie można przyjąć iż zeznawała fałszywie w celu jego bezpodstawnego obciążenia.</xText>
          <xText><xLexLink xArt="art. 77;art. 77 § 1" xIsapId="WDU19990830930" xTitle="Ustawa z dnia 10 września 1999 r. - Kodeks karny skarbowy" xAddress="Dz. U. z 1999 r. Nr 83, poz. 930">Art. 77§ 1 k.k.s.</xLexLink> stanowi, że <xIx>płatnik lub inkasent, który pobranego podatku nie wpłaca w terminie na rzecz właściwego organu, podlega karze grzywny do 720 stawek dziennych albo karze pozbawienia wolności do lat 3 albo obu tym karom łącznie</xIx>. <xLexLink xArt="art. 77;art. 77 § 2" xIsapId="WDU19990830930" xTitle="Ustawa z dnia 10 września 1999 r. - Kodeks karny skarbowy" xAddress="Dz. U. z 1999 r. Nr 83, poz. 930">Art. 77 § 2 k.k.s.</xLexLink> stanowi natomiast, że <xIx>jeśli kwota niewpłaconego podatku jest małej wartości, sprawca czynu zabronionego określonego w <xLexLink xArt="art. 77 § 1" xIsapId="WDU19990830930" xTitle="Ustawa z dnia 10 września 1999 r. - Kodeks karny skarbowy" xAddress="Dz. U. z 1999 r. Nr 83, poz. 930">§ 1</xLexLink> podlega karze grzywny w wysokości do 720 stawek dziennych.</xIx></xText>
          <xText>Definicje płatnika i inkasenta zostały zawarte w art. 8 i 9 ustawy z dnia <xLexLink xArt="" xIsapId="WDU19971370926" xTitle="Ustawa z dnia 29 sierpnia 1997 r. - Ordynacja podatkowa" xAddress="Dz. U. z 1997 r. Nr 137, poz. 926">ustawy z dnia 29 sierpnia 1997 roku ordynacja podatkowa</xLexLink>. Płatnikiem jest osoba fizyczna, osoba prawna lub jednostka organizacyjna nie mająca osobowości prawnej, obowiązana na podstawie przepisów prawa podatkowego do obliczenia i pobrania od podatnika podatku i wpłacenia go we właściwym terminie organowi podatkowemu. Inkasentem jest osoba fizyczna, osoba prawna lub jednostka organizacyjna nie mająca osobowości prawnej, obowiązana do pobrania od podatnika podatku i wpłacenia go we właściwym terminie organowi podatkowemu. W myśl niniejszych definicji <xAnon> (...) Spółka z o.o.</xAnon> w ocenie Sądu jest płatnikiem podatku dochodowego od osób fizycznych w rozumieniu powołanych wyżej przepisów.</xText>
          <xText>W orzecznictwie przyjmuje się, iż <xIx>„pobraniem podatku jest czynność techniczna polegająca na takim potrąceniu, bez względu na to, czy potrącający ją płatnik posiada środki finansowe na odprowadzenie pobranego podatku, działalność gospodarczą, spłatę zobowiązań, wypłatę wynagrodzeń itd. </xIx>„(zob. wyrok Sądu Najwyższego z dnia 16 maja 2002 r., IV KKN 427/98, Prok. i Pr.- wkł. 2003, nr 2, poz. 12). Właściwym organem w myśl <xLexLink xArt="art. 77;art. 77 § 1" xIsapId="WDU19990830930" xTitle="Ustawa z dnia 10 września 1999 r. - Kodeks karny skarbowy" xAddress="Dz. U. z 1999 r. Nr 83, poz. 930">art. 77 § 1 k.k.s.</xLexLink> są organy wskazane w ustawie ordynacja podatkowa, a na gruncie przedmiotowej sprawy – Dolnośląski Urząd Skarbowy.</xText>
          <xText>Zgodnie z treścią <xLexLink xArt="art. 9;art. 9 § 3" xIsapId="WDU19990830930" xTitle="Ustawa z dnia 10 września 1999 r. - Kodeks karny skarbowy" xAddress="Dz. U. z 1999 r. Nr 83, poz. 930">art. 9 § 3 k.k.s.</xLexLink><xIx>za przestępstwa skarbowe lub wykroczenia skarbowe odpowiada, jak sprawca, także ten, kto na podstawie przepisu prawa, decyzji właściwego organu, umowy lub faktycznego wykonywania zajmuje się sprawami gospodarczymi, w szczególności finansowymi, osoby fizycznej, osoby prawnej albo jednostki organizacyjnej nie mającej osobowości prawnej, której odrębne przepisy przyznają zdolność prawną.</xIx></xText>
          <xText><xIx>„Skoro zarząd spółki prowadzi sprawy tej spółki, a pracami zarządu kieruje jego prezes, to jeżeli nie powierzono spraw spółki jako płatnika podatku od wynagrodzeń osób fizycznych (zaliczek na ten podatek) innemu z członków zarządu albo kierownikowi innej komórki organizacyjnej tej firmy, prezes zarządu spółki jest tą osobą, która zajmuje się jej sprawami gospodarczymi w powyższym zakresie, jeżeli nie dojdzie do wskazania, stosownie do <xLexLink xArt="art. 31" xIsapId="WDU19971370926" xTitle="Ustawa z dnia 29 sierpnia 1997 r. - Ordynacja podatkowa" xAddress="Dz. U. z 1997 r. Nr 137, poz. 926">art. 31 ustawy z dnia 29 sierpnia 1997 r. - Ordynacja podatkowa</xLexLink> (Dz. U. Nr 137, poz. 926 z późn. zm.) innej jeszcze osoby odpowiedzialnej za czynności spółki jako płatnika podatku”</xIx> (wyrok Sądu Najwyższego z dnia 2 lutego 2002 r., IV KK 164/02, OSNKW 2002, nr 11-12, poz. 106).</xText>
          <xText>Zgodnie z <xLexLink xArt="art. 53;art. 53 § 13" xIsapId="WDU19990830930" xTitle="Ustawa z dnia 10 września 1999 r. - Kodeks karny skarbowy" xAddress="Dz. U. z 1999 r. Nr 83, poz. 930">art. 53 §13 k.k.s.</xLexLink><xIx>mała wartość jest to wartość, która w czasie popełnienia czynu nie przekracza dwustukrotnej wysokości minimalnego wynagrodzenia.</xIx> Wysokość minimalnego wynagrodzenia w 2009 roku wynosiła 1.276 złotych. Zatem kwota niewpłaconego podatku w wysokości 9.602 złotych stanowi małą wartość w rozumieniu powołanego wyżej przepisu.</xText>
          <xText>Przenosząc poczynione wyżej rozważania prawne na grunt niniejszej sprawy uznać należy, iż <xAnon>R. D.</xAnon> w okresie pełnienia funkcji prezesa zarządu <xAnon> (...) Sp. z o.o.</xAnon>, jako osoba zajmująca się sprawami gospodarczymi w/w spółki na podstawie ich faktycznego wykonywania był zobowiązany do wpłacenia w terminie podatku dochodowego od osób fizycznych pobranego przez płatnika <xAnon> (...) Sp. z o.o.</xAnon> Z dokonanych przez Sąd ustaleń faktycznych wynika, iż w okresie objętym zarzutem – od stycznia do lipca 2009 roku doszło do pobrania przez płatnika <xAnon> (...) Sp. z o.o.</xAnon> podatku dochodowego od osób fizycznych i wypłaty wynagrodzeń w kwotach pomniejszonych o wartość tegoż podatku. Implikuje to przyjęcie, iż <xAnon>R. D.</xAnon> w warunkach określonych w <xLexLink xArt="art. 6" xIsapId="WDU19990830930" xTitle="Ustawa z dnia 10 września 1999 r. - Kodeks karny skarbowy" xAddress="Dz. U. z 1999 r. Nr 83, poz. 930">art. 6 § k.k.s.</xLexLink> zatem działając w krótkich odstępach czasu, w wykonaniu z góry powziętego zamiaru zajmując się sprawami gospodarczymi płatnika <xAnon> (...) Sp. z o.o.</xAnon> dopuścił się popełnienia przestępstwa skarbowego w <xLexLink xArt="art. 77;art. 77 § 2" xIsapId="WDU19990830930" xTitle="Ustawa z dnia 10 września 1999 r. - Kodeks karny skarbowy" xAddress="Dz. U. z 1999 r. Nr 83, poz. 930">art. 77 § 2 k.k.s.</xLexLink></xText>
          <xText>Przestępstwo skarbowe stypizowane w <xLexLink xArt="art. 77;art. 77 § 2" xIsapId="WDU19990830930" xTitle="Ustawa z dnia 10 września 1999 r. - Kodeks karny skarbowy" xAddress="Dz. U. z 1999 r. Nr 83, poz. 930">art. 77 § 2 k.k.s.</xLexLink> może być popełnione jedynie umyślnie. Czyn zabroniony popełniony jest umyślnie, jeśli sprawca chce jego popełnienia lub przewidując możliwość jego popełnienia na to się godzi. W niniejszej sprawie, zwłaszcza w świetle zeznań świadka <xAnon>I. M.</xAnon>, nie ulega wątpliwości, iż <xAnon>R. D.</xAnon> był świadomy obowiązku odprowadzania należności podatkowych – zwłaszcza, że prowadził on również działalność gospodarczą w Holandii. Ponadto pracownicy <xAnon> Biura (...)</xAnon> wielokrotnie informowali zarówno <xAnon>R. D.</xAnon>, jak również jego pracowników, o wysokości należności podatkowych. Ze względu na powyższe okoliczności Sąd przyjął, iż <xAnon>R. D.</xAnon> dopuścił się zarzucanego mu czynu działając z góry powziętym zamiarem.</xText>
          <xText>Ważąc problem wymierzenia oskarżonemu <xAnon>R. D.</xAnon> kary Sąd brał pod uwagę stopień społecznej szkodliwości czynu, cele zapobiegawcze i wychowawcze, a także potrzeby w zakresie kształtowania świadomości prawnej społeczeństwa. W szczególności, stosownie do dyspozycji <xLexLink xArt="art. 13;art. 13 § 1" xIsapId="WDU19990830930" xTitle="Ustawa z dnia 10 września 1999 r. - Kodeks karny skarbowy" xAddress="Dz. U. z 1999 r. Nr 83, poz. 930">art. 13 § 1 k.k.s.</xLexLink> Sąd uwzględnił rodzaj i rozmiar ujemnych następstw czynu zabronionego, rodzaj i stopień naruszenia ciążącego na sprawcy obowiązku finansowego, jego motywację i sposób zachowania się, właściwości i warunki osobiste, sposób życia przed popełnieniem czynu zabronionego i zachowanie się po jego popełnieniu, a zwłaszcza gdy czynił starania o zapobieżenie uszczupleniu należności publicznoprawnej lub o jej późniejsze wyrównanie.</xText>
          <xText>Za <xUx>okoliczności łagodzące</xUx> Sąd uznał uprzednią niekaralność oskarżonego oraz fakt, iż wysokość pobranego podatku była stosunkowo niska, biorąc pod uwagę fakt, że maksymalna wysokość dla przyjęcia małej wartości stanowiła około 250 000 złotych. Sąd w realiach niniejszej sprawy nie dopatrzył się żadnych <xUx>okoliczności obciążających</xUx>, które mogłyby zaostrzyć odpowiedzialność oskarżonego.</xText>
          <xText>Po uwzględnieniu w/w okoliczności Sąd wymierzył oskarżonemu <xAnon>R. D.</xAnon> karę grzywny w wysokości 20 stawek dziennych , ustalając wysokość jednej stawki na kwotę 60 złotych, a więc w dolnej granicy ustawowego zagrożenia.</xText>
          <xText>W punkcie II wyroku Sąd zasądził od Skarbu Państwa na rzecz adwokata <xAnon>A. H.</xAnon> kwotę 664,20 złotych tytułem zwrotu kosztów nieopłaconej pomocy prawnej udzielonej z urzędu. Wysokość stawek została określona w oparciu o <xLexLink xArt="§ 19;§ 19 pkt. 1" xIsapId="WDU20021631348" xTitle="Rozporządzenie Ministra Sprawiedliwości z dnia 28 września 2002 r. w sprawie opłat za czynności adwokackie oraz ponoszenia przez Skarb Państwa kosztów nieopłaconej pomocy prawnej udzielonej z urzędu" xAddress="Dz. U. z 2002 r. Nr 163, poz. 1348">§ 19 pkt 1</xLexLink> w zw. z <xLexLink xArt="§ 14;§ 14 ust. 1;§ 14 ust. 1 pkt. 1;§ 14;§ 14 ust. 1;§ 14 ust. 1 pkt. 1" xIsapId="WDU20021631348" xTitle="Rozporządzenie Ministra Sprawiedliwości z dnia 28 września 2002 r. w sprawie opłat za czynności adwokackie oraz ponoszenia przez Skarb Państwa kosztów nieopłaconej pomocy prawnej udzielonej z urzędu" xAddress="Dz. U. z 2002 r. Nr 163, poz. 1348">§ 14 ust 1 pkt 1 i §14 ust. 1 pkt 1 rozporządzenia Ministra Sprawiedliwości z dnia 28 września 2002 roku w sprawie opłat za czynności adwokackie oraz ponoszenia przez Skarb Państwa kosztów nieopłaconej pomocy prawnej udzielonej z urzędu</xLexLink>. Łącznie koszty pomocy prawnej udzielonej z urzędu wyniosły po podwyższeniu o należny podatek VAT 664, 20 złotych (180 zł – stawka dla sprawy objętej dochodzeniem oraz 360 zł – stawka za obronę przed sądem rejonowym w postępowaniu szczególnym).</xText>
          <xText>W punkcie III wyroku Sąd na podstawie <xLexLink xArt="art. 627" xIsapId="WDU19970890555" xTitle="Ustawa z dnia 6 czerwca 1997 r. - Kodeks postępowania karnego" xAddress="Dz. U. z 1997 r. Nr 89, poz. 555">art. 627 k.p.k.</xLexLink> w zw. z <xLexLink xArt="art. 113" xIsapId="WDU19990830930" xTitle="Ustawa z dnia 10 września 1999 r. - Kodeks karny skarbowy" xAddress="Dz. U. z 1999 r. Nr 83, poz. 930">art. 113 k.k.s.</xLexLink> oraz <xLexLink xArt="art. 3;art. 3 ust. 1" xIsapId="WDU19990830930" xTitle="Ustawa z dnia 10 września 1999 r. - Kodeks karny skarbowy" xAddress="Dz. U. z 1999 r. Nr 83, poz. 930">art. 3 ust. 1</xLexLink> w zw. z <xLexLink xArt="art. 21;art. 21 pkt. 1" xIsapId="WDU19730270152" xTitle="Ustawa z dnia 23 czerwca 1973 r. o opłatach w sprawach karnych" xAddress="Dz. U. z 1973 r. Nr 27, poz. 152">art. 21 pkt 1 ustawy z dnia 23 czerwca 1973 roku o opłatach w sprawach karnych</xLexLink> zasądził od oskarżonego na rzecz Skarbu Państwa koszty sądowe, w tym opłatę 120 złotych (10 % od kwoty wymierzonej grzywny). Sąd orzekł jedynie co do zasady w przedmiocie kosztów sądowych, z uwagi na zażalenie złożone przez tłumacza przysięgłego na postanowienie w przedmiocie kosztów przyznanych biegłemu.</xText>
          <xText>Ze względu na powyższe orzeczono jak w sentencji.</xText>
          
          <xText>
            <xBx>
              <xIx>Zarządzenie:</xIx>
            </xBx>
          </xText>
          <xUnit xIsTitle="false" xType="none">
            <xName xSffx=".">1</xName>
            <xText>
              <xIx>odnotować, </xIx>
            </xText>
          </xUnit>
          <xUnit xIsTitle="false" xType="none">
            <xName xSffx=".">2</xName>
            <xText>
              <xIx>odpis uzasadnienia doręczyć obrońcy oskarżonego <xAnon>adw. A. H.</xAnon></xIx>
            </xText>
          </xUnit>
          <xUnit xIsTitle="false" xType="none">
            <xName xSffx=".">3</xName>
            <xText>
              <xIx>kal. 14 dni od dnia doręczenia </xIx>
            </xText>
          </xUnit>
        </xUnit>
      </xBlock>
    </xPart>
  </judgement>
<judgement id="155010000002521_V_U_000662_2013_Uz_2013-07-01_001">
    <xPart xEditorFullName="Elżbieta Smektała" xYear="2013" xLang="PL" xPublisherFullName="Elżbieta Smektała" xFromPg="1" xEditor="e.smektala" xVolType="15/501000/0002521/U" xPublisher="e.smektala" xDocType="Uz" xVolNmbr="000662" xVersion="1.0" xToPage="5" xFlag="published">
      <xName>Wyrok+Uzasadnienie</xName>
      <xBlock>
        <xText xALIGNx="left">
          <xBx>
            <xUx>Sygn. akt VU 662/13</xUx>
          </xBx>
        </xText>
        <xUnit xIsTitle="true" xType="part" xBold="true">
          <xName>WYROK</xName>
          <xTitle>W IMIENIU RZECZYPOSPOLITEJ POLSKIEJ</xTitle>
          <xText>Dnia 18 czerwca 2013 roku</xText>
          <xText>
            <xBx>Sąd Okręgowy – V Wydział Pracy i Ubezpieczeń Społecznych w Legnicy </xBx>
          </xText>
          <xText>w składzie:</xText>
          <xText>
            <xBx>Przewodniczący: SSO Krzysztof Główczyński</xBx>
          </xText>
          <xText><xBx>Protokolant</xBx>: Magdalena Pańków</xText>
          <xText xALIGNx="left">
            <xBx>
              <xUx>po rozpoznaniu w dniu 18 czerwca 2013 roku w Legnicy</xUx>
            </xBx>
          </xText>
          <xText>
            <xBx>sprawy z wniosku</xBx>
            <xAnon>E. P.</xAnon>
          </xText>
          <xText><xBx>przeciwko</xBx> Zakładowi Ubezpieczeń Społecznych Oddział w <xAnon>L.</xAnon></xText>
          <xText>o świadczenie przedemerytalne</xText>
          <xText>
            <xBx>na skutek odwołania</xBx>
            <xAnon>E. P.</xAnon>
          </xText>
          <xText><xBx>od decyzji</xBx> Zakładu Ubezpieczeń Społecznych Oddział w <xAnon>L.</xAnon></xText>
          <xText><xBx>z dnia</xBx> 25 marca 2013 roku</xText>
          <xText>
            <xBx>
    
      znak</xBx>
            <xAnon>(...)</xAnon>
          </xText>
          
          <xText xALIGNx="center">
            <xBx>
              <xIx>oddala odwołanie.</xIx>
            </xBx>
          </xText>
        </xUnit>
        <xUnit xIsTitle="true" xType="part" xBold="true">
          <xName>UZASADNIENIE</xName>
          <xText>Zakład Ubezpieczeń Społecznych Oddział w <xAnon>L.</xAnon> decyzją z dnia 25 marca 2013 r. odmówił przyznania <xAnon>E. P.</xAnon> prawa do świadczenia przedemerytalnego, gdyż nie spełnia żadnego z warunków określonych przepisami <xLexLink xArt="art. 2;art. 2 ust. 1;art. 2 ust. 1 pkt. 2" xIsapId="WDU20041201252" xTitle="Ustawa z dnia 30 kwietnia 2004 r. o świadczeniach przedemerytalnych" xAddress="Dz. U. z 2004 r. Nr 120, poz. 1252">art. 2 ust. 1 pkt 2 ustawy z dnia 30 kwietnia 2004 r. o świadczeniach przedemerytalnych</xLexLink> (Dz. U. z 2013 r., poz. 170). W uzasadnieniu decyzji organ rentowy wskazał, że wnioskodawczyni udowodniła 17 lat, 11 miesięcy i 27 dni okresów składkowych oraz 7 lat, 5 miesięcy i 11 dni okresów nieskładkowych, które zgodnie z <xLexLink xArt="art. 5;art. 5 ust. 2" xIsapId="WDU19981621118" xTitle="Ustawa z dnia 17 grudnia 1998 r. o emeryturach i rentach z Funduszu Ubezpieczeń Społecznych" xAddress="Dz. U. z 1998 r. Nr 162, poz. 1118">art. 5 ust. 2 ustawy o emeryturach i rentach z Funduszu Ubezpieczeń Społecznych</xLexLink> zostały ograniczone do 1/3 udowodnionych składkowych i wyniosły 5 lat, 11 miesięcy i 29 dni.</xText>
          
          <xText>W odwołaniu od powyższej decyzji <xAnon>E. P.</xAnon>wniosła o jej zmianę. Wnioskodawczyni wskazała, że w dniu <xAnon>(...)</xAnon>ukończyła 55 lat. Ostatnio pracowała w okresie od 1982 r. do 1997 r. w <xAnon>(...)</xAnon> w <xAnon>L.</xAnon>i ten stosunek pracy ustał na skutek dokonanego przez pracodawcę wypowiedzenia z przyczyn ekonomicznych, dotyczących zakładu pracy. Od 1997 r. wnioskodawczyni przebywała na zasiłku chorobowym i „rehabilitacyjnym”. Po wyczerpaniu tych świadczeń zarejestrowała się w PUP jako bezrobotna z prawem do płatnego zasiłku rocznego.</xText>
          
          <xText>W odpowiedzi na odwołanie Zakład Ubezpieczeń Społecznych Oddział w <xAnon>L.</xAnon> wniósł o oddalenie odwołania.</xText>
          
          <xText>
            <xBx>Sąd ustalił następujący stan faktyczny:</xBx>
          </xText>
          
          <xText><xAnon>E. P.</xAnon>, <xAnon>ur. (...)</xAnon>, świadczyła pracę do dnia rozwiązania z nią w dniu 31 października 1997 r., z przyczyn dotyczących zakładu pracy, w <xAnon>(...)</xAnon>Przedsiębiorstwie <xAnon>(...)</xAnon> Spółka z o.o. w <xAnon>L.</xAnon>stosunku pracy. Po tej dacie ubezpieczona pracy już nie świadczyła; pobierała początkowo zasiłek chorobowy, następnie świadczenie rehabilitacyjne i ostatnio w okresie od 12 stycznia 1999 r. do 11 stycznia 2000 r. pobierała zasiłek dla bezrobotnych.</xText>
          
          <xText>
            <xIx>(niesporne)</xIx>
          </xText>
          
          <xText>
            <xBx>Sąd zważył co następuje. </xBx>
          </xText>
          
          <xText>Odwołanie nie zasługuje na uwzględnienie gdyż pozbawione jest uzasadnionych podstaw.</xText>
          <xText>W świetle bowiem poprawnie zacytowanego w uzasadnieniu zaskarżonej decyzji przepisu <xLexLink xArt="art. 2;art. 2 ust. 1;art. 2 ust. 1 pkt. 2" xIsapId="WDU20041201252" xTitle="Ustawa z dnia 30 kwietnia 2004 r. o świadczeniach przedemerytalnych" xAddress="Dz. U. z 2004 r. Nr 120, poz. 1252">art. 2 ust. 1 pkt 2 ustawy z dnia 30 kwietnia 2004 r. o świadczeniach przedemerytalnych</xLexLink> (Dz. U. z 2013 r. poz. 170), świadczenie przedemerytalne przysługuje osobie, która do dnia rozwiązania stosunku pracy z przyczyn dotyczących zakładu pracy, tj. w realiach rozpoznanej sprawy do dnia 31 października 1997 r., między innymi ukończyła, w wypadku kobiety co najmniej 55 lat oraz posiada także do 31 października 1997 r., tj. do daty ustania stosunku pracy z przyczyn dotyczących zakładu pracy, okres uprawniający do emerytury, wynoszący co najmniej 30 lat dla kobiet. Tymczasem, na dzień 31 października 1997 r. <xAnon>E. P.</xAnon> miała ukończone zamiast wymaganych co najmniej 55 lat, zaledwie 39 lat życia. Ponadto ponad wszelką wątpliwość, także do wskazanej wyżej daty nie posiada okresu uprawniającego do emerytury, wynoszącego co najmniej 30 lat. Od dnia podjęcia przez ubezpieczoną pierwszej pracy, tj. od 08 października 1973 r. do dnia ustania z dniem 31 października 1997 r. stosunku pracy z przyczyn dotyczących zakładu pracy nieprzerwany okres wynosi nieco ponad 24 lata.</xText>
          <xText>Skoro zatem na dzień ustania stosunku pracy z przyczyn dotyczących pracodawcy ubezpieczona nie osiągnęła wymaganego wieku 55 lat ani też na tę datę nie posiada okresu uprawniającego do emerytury, wynoszącego co najmniej 30 lat, to z tych przyczyn nie spełnia podstawowych przesłanek, określonych wskazanym na wstępie niniejszych rozważań przepisem <xLexLink xArt="" xIsapId="WDU20041201252" xTitle="Ustawa z dnia 30 kwietnia 2004 r. o świadczeniach przedemerytalnych" xAddress="Dz. U. z 2004 r. Nr 120, poz. 1252">ustawy o świadczeniach przedemerytalnych</xLexLink>.</xText>
          <xText>Mając powyższe na uwadze Sąd na podstawie <xLexLink xArt="art. 477(14);art. 477(14) § 1" xIsapId="WDU19640430296" xTitle="Ustawa z dnia 17 listopada 1964 r. - Kodeks postępowania cywilnego" xAddress="Dz. U. z 1964 r. Nr 43, poz. 296">art. 477<xSUPx>14 </xSUPx> § 1 k.p.c.</xLexLink> pozbawione uzasadnionych podstaw odwołanie oddalił.</xText>
        </xUnit>
      </xBlock>
    </xPart>
  </judgement>
<judgement id="150520000000503_I_Ca_000204_2013_Uz_2013-06-19_001">
    <xPart xEditorFullName="Ewa Wysocka" xYear="2013" xLang="PL" xPublisherFullName="Ewa Wysocka" xFromPg="1" xEditor="ewa.wysocka" xVolType="15/052000/0000503/Ca" xPublisher="ewa.wysocka" xDocType="Uz" xVolNmbr="000204" xVersion="1.0" xToPage="9" xFlag="published">
      <xName>Wyrok+Uzasadnienie</xName>
      <xBlock>
        <xText>Sygn. aktI.Ca 204/13</xText>
        <xUnit xIsTitle="true" xBold="true" xType="part">
          <xName>WYROK</xName>
          <xTitle>W IMIENIU RZECZYPOSPOLITEJ POLSKIEJ</xTitle>
          <xText xALIGNx="right">
            <xBx>Dnia 19 czerwca 2013r.</xBx>
          </xText>
          <xText>Sąd Okręgowy w Suwałkach I Wydział Cywilny w składzie następującym:</xText>
          <xRows>
            <xCOLGROUPx>
              <xCOLx xWIDTHx="167"/>
              <xCOLx xWIDTHx="431"/>
            </xCOLGROUPx>
            <xRow>
              <xClmn xALIGNx="left" xVALIGNx="top">
                <xText xALIGNx="right">Przewodniczący:</xText>
              </xClmn>
              <xClmn xALIGNx="left" xVALIGNx="top">
                <xText>SSO Cezary Olszewski (spr.)</xText>
              </xClmn>
            </xRow>
            <xRow>
              <xClmn xALIGNx="left" xVALIGNx="top">
                <xText xALIGNx="right">Sędziowie:</xText>
              </xClmn>
              <xClmn xALIGNx="left" xVALIGNx="top">
                <xText>SSR del. Katarzyna Babiarz - Mikulska</xText>
                <xText>SSO Tomasz Uściłko</xText>
              </xClmn>
            </xRow>
            <xRow>
              <xClmn xALIGNx="left" xVALIGNx="top">
                <xText xALIGNx="right">Protokolant:</xText>
              </xClmn>
              <xClmn xALIGNx="left" xVALIGNx="top">
                <xText>st. sekr. sąd. Ewa Andryszczyk</xText>
              </xClmn>
            </xRow>
          </xRows>
          <xText>po rozpoznaniu w dniu 19 czerwca 2013 roku w Suwałkach</xText>
          <xText>na rozprawie</xText>
          <xText>sprawy z powództwa<xBx><xIx><xAnon>S. N. (1)</xAnon></xIx></xBx></xText>
          <xText>
            <xBx>
              <xIx>przeciwko <xAnon> (...) S.A.</xAnon> w <xAnon>S.</xAnon></xIx>
            </xBx>
          </xText>
          <xText>
            <xBx>
              <xIx>o zapłatę</xIx>
            </xBx>
          </xText>
          <xText>
            <xIx>na skutek apelacji powoda <xAnon>S. N. (1)</xAnon></xIx>
          </xText>
          <xText>
            <xIx>od wyroku Sądu Rejonowego w Ełku</xIx>
          </xText>
          <xText>
            <xIx>z dnia 14 marca 2013r., sygn. akt I C 453/12 </xIx>
          </xText>
          
          <xUnit xIsTitle="false" xType="none">
            <xName xSffx=".">1</xName>
            <xText>
              <xIx>Oddala apelacje; </xIx>
            </xText>
          </xUnit>
          <xUnit xIsTitle="false" xType="none">
            <xName xSffx=".">2</xName>
            <xText>
              <xIx>Zasądza od powoda <xAnon>S. N. (1)</xAnon> na rzecz pozwanego <xAnon> (...) S.A.</xAnon> w <xAnon>S.</xAnon> kwotę 600 zł (sześćset złotych) tytułem kosztów zastępstwa procesowego przed Sądem Ii – giej instancji. </xIx>
            </xText>
          </xUnit>
          
          <xText>Sygn. akt: I. Ca. 204/13</xText>
        </xUnit>
        <xUnit xIsTitle="true" xBold="true" xType="part">
          <xName>UZASADNIENIE</xName>
          <xText>Powód <xAnon>S. N. (2)</xAnon> domagał się zasądzenia od strony pozwanej <xAnon> (...) Spółki Akcyjnej</xAnon> w <xAnon>S.</xAnon> kwoty 20.000,00 zł tytułem zadośćuczynienia za śmierć matki <xAnon>D. N.</xAnon> wraz z odsetkami ustawowymi od dnia 3 listopada 2011 roku do dnia zapłaty. Powód wniósł również o zasądzenie od strony pozwanej na swoją rzecz zwrotu kosztów procesu, w tym kosztów zastępstwa procesowego według norm przepisanych.</xText>
          <xText>W uzasadnieniu podał, że dnia 21 sierpnia 2011 r. na trasie <xAnon>M.</xAnon> – <xAnon>K.</xAnon> w wyniku obrażeń doznanych w wypadku drogowym śmierć poniosła jego matka <xAnon>D. N.</xAnon>. Wskazał, iż w dacie wypadku, samochód, którym poruszał się sprawca zdarzenia <xAnon>D. W.</xAnon>, posiadał ubezpieczenie odpowiedzialności cywilnej u strony pozwanej, która przyjęła swoją odpowiedzialność za skutki wypadku i przyznała mu kwotę 20.000,00 zł tytułem zadośćuczynienia za śmierć matki oraz 7.000,00 zł tytułem odszkodowania za znaczne pogorszenie się jego sytuacji życiowej.</xText>
          <xText>Pozwany <xAnon> (...) Spółka Akcyjna</xAnon> z siedzibą <xAnon>S.</xAnon> wniósł o oddalenie powództwa w całości oraz zasądzenie od powoda na swoją rzecz kosztów procesu, w tym kosztów zastępstwa procesowego według norm przepisanych.</xText>
          <xText>W uzasadnieniu podał, że przyjął odpowiedzialność w zakresie ubezpieczenia odpowiedzialności cywilnej za skutki zdarzenia drogowego z dnia 21 sierpnia 2011 roku, w którym poniosła śmierć <xAnon>D. N.</xAnon>. Przyznał powodowi zadośćuczynienie w kwocie 20.000,00 zł, które w jego ocenie jest adekwatne do rozmiaru jego krzywdy i w całości wyczerpuje jego roszczenie z tego tytułu.</xText>
          <xText>Wyrokiem z dnia 14 marca 2013 r. w sprawie o sygn. akt: I. C. 453/12 Sąd Rejonowy w Ełku zasądził od pozwanego na rzecz powoda kwotę 10.000,00 zł z ustawowymi odsetkami od dnia 9 grudnia 2011 r. do dnia zapłaty oraz kwotę 650,00 zł tytułem zwrotu kosztów procesu, a w pozostałym zakresie oddalił powództwo oraz nakazał pobrać od pozwanego na rzecz Skarbu Państwa (kasy Sądu Rejonowego w Ełku) kwotę 18,00 zł tytułem brakujących kosztów sądowych.</xText>
          
          <xText>
            <xIx>
              <xUx>Powyższe orzeczenie zapadło w oparciu o następujące ustalenia faktyczne i prawne: </xUx>
            </xIx>
          </xText>
          <xText>Dnia 21 sierpnia 2011 roku na trasie <xAnon>M.</xAnon> – <xAnon>K.</xAnon> kierujący samochodem osobowym marki <xAnon>F. (...)</xAnon> o <xAnon>nr rej. (...)</xAnon><xAnon>D. W.</xAnon> potracił pieszą <xAnon>D. N.</xAnon>. W następstwie wypadku drogowego poniosła ona śmierć. Identyfikacji zmarłej na miejscu zdarzenia dokonał <xAnon>S. N. (2)</xAnon>, gdyż jego matka nie posiadała przy sobie w chwili kolizji drogowej żadnych dokumentów umożliwiających stwierdzenie jej tożsamości.</xText>
          <xText>Samochód osobowy marki <xAnon>F. (...)</xAnon> o <xAnon>nr rej. (...)</xAnon> objęty był ochroną ubezpieczeniową odpowiedzialności cywilnej posiadaczy pojazdów mechanicznych, której udzieliło <xAnon> (...) Spółka Akcyjna</xAnon> z siedzibą <xAnon>S.</xAnon>.</xText>
          <xText><xAnon>D. N.</xAnon> w chwili śmierci miała 58 lat. Posiadała wykształcenie podstawowe. Od 1996 roku była wdową. Z małżeństwa posiadała troje samodzielnych dzieci, w tym najmłodszego z nich - syna <xAnon>S. N. (2)</xAnon>. Wychowywała go praktycznie sama. Utrzymywała się z renty rodzinnej po zmarłym mężu <xAnon>J. N.</xAnon> w kwocie 600,00 złotych netto miesięcznie. Dodatkowo w sezonie letnim pracowała dorywczo jako pomoc hotelowa i z tego tytułu zarabiała ok. 700,00 złotych netto. Mieszkała samotnie w lokalu mieszkalnym położonym w <xAnon>M.</xAnon>. W miejscu zamieszkania była osobą powszechnie lubianą i bezkonfliktową. Chorowała na astmę, boreliozę i osteoporozę i dlatego często korzystała z porad lekarskich.</xText>
          <xText><xAnon>S. N. (2)</xAnon> do miesiąca listopada 2010 r. mieszkał razem z matką w miejscowości <xAnon> (...)</xAnon>/3. Razem z nią prowadził wspólne gospodarstwo domowe. Partycypował w opłatach za dom i zakupie żywności. Łączyły go z nią bliższe więzy rodzinne, gdyż jest on najmłodszym z trójki jej dzieci. Ich relacje były przyjacielskie, serdeczne, troskliwe. Po wyprowadzeniu się z domu rodzinnego i zamieszkaniu z obecną partnerką utrzymywał bliskie i stałe kontakty z matką. Odwiedzał ją i pomagał przy wykonywaniu czynnościach domowych. W domu rodzinnym razem z rodzeństwem spędzali święta i obchodzili inne uroczystości.</xText>
          <xText>Obecnie powód ma 30 lat. Pozostaje w nieformalnym związku z <xAnon>J. B.</xAnon>, z którą prowadzi gospodarstwo domowe. Wynajmują mieszkanie położone przy <xAnon>ul. (...)</xAnon> II 24/48 w <xAnon>E.</xAnon>. W chwili obecnej powód jest osobą bezrobotną bez prawa do zasiłku i pozostaje na utrzymaniu swojej partnerki życiowej. Podejmował prace zarobkowe przez krótki okres czasu, w tym także pracował za granicą. W dalszym ciągu jest on zameldowany na pobyt stały w miejscowości <xAnon> (...)</xAnon>/3.</xText>
          <xText>Śmierć matki była dla <xAnon>S. N. (2)</xAnon> traumatycznym przeżyciem. Mieli oni wspólne plany nabycia lokalu mieszkalnego w <xAnon>E.</xAnon> po sprzedaży mieszkania w <xAnon>M.</xAnon> i wspólnego zamieszkania razem z narzeczoną syna. W chwili śmierci matki nie pracował on zawodowo. Po śmierci matki podjął prace w <xAnon> sklepie (...)</xAnon> na stanowisku doradcy klienta, a następnie w <xAnon> firmie (...)</xAnon>, jako konserwator. Nie korzystał on z pomocy psychologa lub psychiatry, nie zażywa leków uspokajających. Jedynie przez kilka tygodni zażywał leki uspokajające i nasenne ogólnodostępne, albowiem od śmierci matki ma problemy z zasypianiem. Dręczyły go koszmary senne, stał się nerwowy i wybuchowy, miał osłabioną kontrolę reakcji emocjonalnych., stał się osobą zamkniętą. W chwili obecnej cierpi na zaburzenia nastroju i chwiejność emocjonalną. Objawy mają tendencję ustępującą i są typowe dla ciężkiej, ale naturalnej żałoby po śmierci matki. Nie wymaga on leczenia.</xText>
          <xText>Pismem z dnia 30 września 2011 r., doręczonym <xAnon> (...) Spółce Akcyjnej</xAnon> z siedzibą <xAnon>S.</xAnon> w dniu 4 października 2011 r. <xAnon>S. N. (2)</xAnon> wystąpił o wypłatę zadośćuczynienia w kwocie 100.000,00 zł, oraz odszkodowania za znaczne pogorszenie sytuacji życiowej w związku ze śmiercią matki w kwocie 40.000,00 zł. <xAnon> Towarzystwo (...)</xAnon> po zakończeniu postępowania likwidacyjnego przyznało <xAnon>S. N. (2)</xAnon> kwotę 20.000,00 zł tytułem zadośćuczynienia za krzywdę po śmierci matki, a także jednorazowe odszkodowanie w kwocie 7.000,00 zł.</xText>
          <xText>W ocenie Sądu Rejonowego, zgłoszone przez powoda roszczenie w świetle powyższych ustaleń zasługiwało jedynie na częściowe uwzględnienie. Sąd Rejonowy przyjął, że śmierć <xAnon>D. N.</xAnon> dla jej syna <xAnon>S. N. (2)</xAnon> była ciężkim i traumatycznym przeżyciem i przeżył on ciężki stres, mający związek z tym zdarzeniem. Powód był związany emocjonalnie z matką. Ich bliskie więzi rodzinne wynikały z faktu, iż był on najmłodszym z trojga rodzeństwa. Do miesiąca listopada 2010 roku wspólnie z matką prowadził gospodarstwo domowe, co jeszcze bardziej ich zbliżyło. Pomagał jej w pracach domowych. Po wyprowadzeniu się z rodzinnego mieszkania i zamieszkaniu z konkubiną powód często odwiedzał matkę. Wspólnie z rodzeństwem spędzali święta i inne uroczystości rodzinne. Więzi powoda z matką opierały się nie tylko na wzajemnym uczuciu i serdecznych stosunkach, ale wzajemnej trosce. Był on niewątpliwie zaangażowany w jej sprawy i na jego pomoc zmarła matka zawsze mogła liczyć i ze wzajemnością. Powód planował zamieszkanie wspólnie z matką, którą miał zamiar się opiekować.</xText>
          <xText>W ocenie Sądu Rejonowego sytuacja życiowa powoda na skutek śmierci matki nie uległa pogorszeniu. Zmarła matka nie mogła systematycznie wspierać go finansowo, z uwagi na to, że otrzymywała niską rentę rodzinną w wysokości 600,00 zł miesięcznie.</xText>
          <xText>Sąd Rejonowy uznał również, że śmierć <xAnon>D. N.</xAnon> była dla powoda wydarzeniem tragicznym powodującym cierpienie, ból i poczucie osamotnienia po stracie najbliższego członka rodziny. Do tej pory wspomnienie zmarłej matki wywołuje u niego reakcję emocjonalną, tym bardziej, że identyfikował on zwłoki na miejscu wypadku. Trudno mu odnaleźć się w nowej rzeczywistości i dotychczas nie pogodził się z jej utratą. Z opinii biegłej sądowej z zakresu psychologii klinicznej wynika, iż u powoda występują objawy pourazowych zaburzeń adaptacyjnych z tendencją do izolowania się, unikania nadmiernych bodźców i wspomnień, które są świadomie podtrzymywane przez powoda jako forma obrony przed natłokiem wspomnień, a także żalem i złością. Śmierć matki nastąpiła w okresie podejmowania przez powoda istotnych decyzji, dotyczących ważnych dla niego spraw życiowych, co spotęgowało odczucie straty osoby najbliższej. Reakcją obronną powoda był stres, wycofanie się z relacji i interakcji społecznych, apatia, drażliwość i niepokój. Obecnie, zdaniem biegłego sądowego, nadal występują zaburzenia adaptacyjne w formie zmienności nastroju, chwiejności emocjonalnej, ale mają one tendencje ustępującą i w chwili obecnej nie wymagają leczenia i nie wykraczają poza ramy ciężkiej, ale typowej żałoby po śmierci matki</xText>
          <xText>W przekonaniu Sądu Rejonowego, tragiczna i przy tym niespodziewana śmierć matki, bardzo związanej z powodem, była dla niego ogromnym przeżyciem. Wiązało się to z faktem, iż powód pozostawał z matką w silnych więziach wynikających z faktu przedwczesnej śmierci jego ojca oraz z faktem wspólnego zamieszkiwania do 2010 roku i spędzania czasu. Utrata matki, z którą powód był emocjonalnie związany wywołała u niego cierpienie, poczucie osamotnienia i pustki, apatii oraz rezygnacji z życia. Na rozmiar cierpień wpływ niewątpliwy ma nagłość śmierci matki i okoliczność tej śmierci – tragiczny wypadek, a także identyfikacja ciała zmarłej. Widok matki tuż po wypadku wywołuje u powoda przykre wspomnienia i wyrzuty sumienia. Powód niewątpliwie utracił najukochańszą osobę, nie może już na niej polegać i liczyć w trudnych chwilach, a zwłaszcza przy zakładaniu rodziny.</xText>
          <xText>Zdaniem Sądu Rejonowego roszczenie powoda jest zbyt wygórowane, albowiem w wyniku śmierci matki nie stał się osobą zupełnie samotną. Nadto pomimo tego, iż powód jest osobą młodą i zdolną do pracy, to pozostaje na utrzymaniu swojej partnerki życiowej. Sąd Rejonowy zwrócił uwagę, że powód jeszcze przed śmiercią matki wyprowadził się z rodzinnego mieszkania i zamieszkał wraz z konkubiną w <xAnon>E.</xAnon>. Po usamodzielnieniu się, nie koncentrował więc życia wokół matki, a ich codzienne kontakty zostały ograniczone.</xText>
          <xText>W tych okolicznościach Sąd Rejonowy uznał, że powodowi należy się zadośćuczynienie w kwocie 30.000,00 zł i uwzględniając fakt, że pozwany dotychczas wypłacił na jego rzecz kwotę 20.000,00 zł zasądził na jego rzecz kwotę 10.000,00 zł. Według Sądu I instancji, kwota zadośćuczynienia zasądzona na rzecz powoda wyznacza w pełni wymiar krzywdy, której doznał on wskutek śmierci matki. O odsetkach Sąd orzekł na podstawie <xUx><xLexLink xArt="art. 481;art. 481 § 1;art. 481 § 2" xIsapId="WDU19640160093" xTitle="Ustawa z dnia 23 kwietnia 1964 r. - Kodeks cywilny" xAddress="Dz. U. z 1964 r. Nr 16, poz. 93">art. 481 § 1 i § 2 k.c.</xLexLink></xUx></xText>
          <xText>O kosztach procesu Sąd Rejonowy orzekł na podstawie <xLexLink xArt="art. 100" xIsapId="WDU19640430296" xTitle="Ustawa z dnia 17 listopada 1964 r. - Kodeks postępowania cywilnego" xAddress="Dz. U. z 1964 r. Nr 43, poz. 296"><xUx>art.100</xUx> k.p.c.</xLexLink>, a o kosztach sądowych orzekł na podstawie <xUx><xLexLink xArt="art. 113;art. 113 ust. 1" xIsapId="WDU20051671398" xTitle="Ustawa z dnia 28 lipca 2005 r. o kosztach sądowych w sprawach cywilnych" xAddress="Dz. U. z 2005 r. Nr 167, poz. 1398">art. 113 ust 1 ustawy z dnia 28 lipca 2005 r. o kosztach sądowych w sprawach cywilnych</xLexLink></xUx>.</xText>
          
          <xText>Powyższy wyrok w zakresie pkt 1 i 2, tj. w części oddalającej powództwo w zakresie kwoty 10.000,00 zł tytułem zadośćuczynienia wraz z ustawowymi odsetkami od dnia 9 grudnia 2011 r. do dnia zapłaty oraz w zakresie stosunkowego rozdzielenia kosztów procesu oraz wzajemnego zniesienia kosztów zastępstwa procesowego (nie zasądzenie na rzecz powoda pełnej kwoty tytułem zwrotu kosztów procesu i kosztów zastępstwa procesowego), zaskarżył powód <xAnon>S. N. (1)</xAnon>. Apelację swoją oparł na następujących zarzutach:</xText>
          <xUnit xIsTitle="false" xType="none">
            <xName xSffx=".">1</xName>
            <xText>naruszenie <xLexLink xArt="art. 446;art. 446 § 4" xIsapId="WDU19640160093" xTitle="Ustawa z dnia 23 kwietnia 1964 r. - Kodeks cywilny" xAddress="Dz. U. z 1964 r. Nr 16, poz. 93">art. 446 § 4 k.c.</xLexLink> poprzez jego błędną wykładnię, a co za tym idzie błędne przyjęciem że rozmiar krzywdy i cierpienia oraz całokształt negatywnych następstw zdarzenia z dnia 21 sierpnia 2011 r. w jakich doznał w swoim życiu powód uzasadnia ustalenie zasądzonej kwoty zadośćuczynienia jako odpowiadającej pojęciu „odpowiednia suma”,</xText>
          </xUnit>
          <xUnit xIsTitle="false" xType="none">
            <xName xSffx=".">2</xName>
            <xText>naruszenie <xLexLink xArt="art. 233;art. 233 § 1" xIsapId="WDU19640430296" xTitle="Ustawa z dnia 17 listopada 1964 r. - Kodeks postępowania cywilnego" xAddress="Dz. U. z 1964 r. Nr 43, poz. 296">art. 233 § 1 k.p.c.</xLexLink> przez brak wszechstronnego rozważenia materiału dowodowego zebranego w sprawie i dokonania jego oceny z pominięciem istotnej części tego materiału, tj. pominięcie okoliczności istotnych dla rozstrzygnięcia sprawy co miało wpływ na treść orzeczenia poprzez pobieżną ocenę rozmiaru krzywdy powodowa i następstw zdarzenia z dnia 21 sierpnia 2011 r.,</xText>
          </xUnit>
          <xUnit xIsTitle="false" xType="none">
            <xName xSffx=".">3</xName>
            <xText>naruszenie <xLexLink xArt="art. 100" xIsapId="WDU19640430296" xTitle="Ustawa z dnia 17 listopada 1964 r. - Kodeks postępowania cywilnego" xAddress="Dz. U. z 1964 r. Nr 43, poz. 296">art. 100 k.p.c.</xLexLink> w zw. z <xLexLink xArt="§ 6" xIsapId="WDU20021631349" xTitle="Rozporządzenie Ministra Sprawiedliwości z dnia 28 września 2002 r. w sprawie opłat za czynności radców prawnych oraz ponoszenia przez Skarb Państwa kosztów pomocy prawnej udzielonej przez radcę prawnego ustanowionego z urzędu" xAddress="Dz. U. z 2002 r. Nr 163, poz. 1349">§ 6 Rozporządzenia Ministra Sprawiedliwości z dnia 28 września 2002 r. w sprawie opłat za czynności radców prawnych oraz ponoszenia przez Skarb Państwa kosztów pomocy prawnej udzielonej przez radcę prawnego ustanowionego z urzędu</xLexLink> poprzez jego niezastosowanie w sytuacji istnienia przesłanek do zasądzenia powodowi zwrotu pełnej kwoty tytułem zastępstwa procesowego.</xText>
          </xUnit>
          <xText>Wskazując na powyższe, wniósł o zmianę zaskarżonego wyroku i orzeczenie co do istoty poprzez zasądzenie od pozwanego na jego rzecz tytułem zadośćuczynienia kwoty 20.000,00 zł wraz z ustawowymi odsetkami od dnia 9 grudnia 2011 r. do dnia zapłaty oraz zasądzenie od pozwanego na jego rzecz kosztów procesu, w tym kosztów zastępstwa procesowego według norm przepisanych za obie instancje.</xText>
          <xText>W odpowiedzi na apelacje, pozwany <xAnon> (...) S.A.</xAnon> w <xAnon>S.</xAnon> wniósł o jej oddalenie oraz zasądzenie od powoda na jego rzecz kosztów postępowania odwoławczego, w tym kosztów zastępstwa procesowego wraz z należną opłatą skarbową od udzielonego pełnomocnictwa według norm przepisanych.</xText>
          
          <xText xALIGNx="center">
            <xBx>Sąd Okręgowy zważył, co następuje:</xBx>
          </xText>
          
          <xText>Apelacja powoda nie była uzasadniona.</xText>
          <xText>Odnosząc się do zarzutów apelacji, które w zasadniczej części zostały przedstawione w uzasadnieniu, stwierdzić należy, że sprowadzają się one w istocie do krytyki oceny dokonanej przez Sąd Rejonowy przeprowadzonych dowodów i braku ich wszechstronnego rozważenia, w kontekście jedynie prawdziwych i mogących stanowić podstawę rozstrzygnięcia sprawy, twierdzeń powoda.</xText>
          <xText>Zdaniem Sądu Okręgowego, ustalenia Sądu Rejonowego znajdują odzwierciedlenie w zgromadzonym w sprawie materialne dowodowym, a dokonana przez Sąd I instancji ocena tego materiału nie wykracza poza ramy swobodnej oceny dowodów. Zaskarżone orzeczenie zostało odpowiednio umotywowane, a Sąd Rejonowy w sposób przekonujący wyjaśnił motywy, jakimi kierował się ustalając taki a nie inny stan faktyczny, na jakich dowodach w tym zakresie się oparł oraz dlaczego dowodom przeciwnym odmówił wiarygodności.</xText>
          <xText>Przede wszystkim należy wskazać, iż dla skuteczności zarzutu naruszenia <xLexLink xArt="art. 233;art. 233 § 1" xIsapId="WDU19640430296" xTitle="Ustawa z dnia 17 listopada 1964 r. - Kodeks postępowania cywilnego" xAddress="Dz. U. z 1964 r. Nr 43, poz. 296">art. 233 § 1 k.p.c.</xLexLink> nie jest wystarczającym stwierdzenie o wadliwości dokonanych ustaleń faktycznych z pominięciem wskazania wpływu stwierdzonego uchybienia na wynik sprawy (por. wyrok Sądu Najwyższego z dnia 18 czerwca 2004 r. II CK 369/03, LEX nr 174131). Tymczasem sformułowane przez skarżącego zarzuty sprowadzają się w istocie bardziej do błędnej oceny zebranego w sprawie materiału dowodowego niż do błędnych ustaleń Sądu I instancji, gdyż apelujący nie zgadza się raczej z wnioskami wywiedzionymi przez Sąd, co doprowadziło - w jego ocenie - do nieuzasadnionego przyjęcia, że jego sytuacja życiowa po śmierci matki nie uległa pogorszeniu, co z kolei miało wpływ na rozmiar przyznanego na jego rzecz zadośćuczynienia.</xText>
          <xText>Jak słusznie podkreślił Sąd Rejonowy w swoich rozważaniach poświęconych nowej regulacji prawnej wprowadzonej przez ustawodawcę w <xLexLink xArt="art. 446;art. 446 § 4" xIsapId="WDU19640160093" xTitle="Ustawa z dnia 23 kwietnia 1964 r. - Kodeks cywilny" xAddress="Dz. U. z 1964 r. Nr 16, poz. 93">art. 446 § 4 k.c.</xLexLink> regulacja ta służy kompensacie krzywdy po stracie osoby najbliższej - a zatem uszczerbku dotykającego subiektywnej sfery osobowości człowieka, w szczególności cierpienia, bólu i poczucia samotności, osłabienia aktywności życiowej i motywacji do przezwyciężania trudności życia a nadto koniczności ułożenia sobie życia na nowo.</xText>
          <xText>Zadośćuczynienie jest odzwierciedleniem w formie pieniężnej rozmiaru krzywdy, która nie jest uzależniona od statusu materialnego pokrzywdzonego. Wysokość zadośćuczynienia może odnosić się do stopy życiowej społeczeństwa i pośrednio rzutować na jego umiarkowany wymiar, bez względu na status społeczny i materialny pokrzywdzonego z tym jednakże, że przesłanka stopy życiowej społeczeństwa ma jedynie charakter uzupełniający i ogranicza wielkość zadośćuczynienia tak, by jego przyznanie nie prowadziło do wzbogacenia osoby uprawnionej, drugiej zaś strony nie może jednak pozbawić zadośćuczynienia jego zasadniczej roli jaką jest funkcja kompensacyjna, i eliminować innych czynników kształtujących jego wymiar. (vide: Sąd Najwyższy w orzeczeniu z dnia 3 czerwca 2010 r., III CKS 279/10, LEX nr 898254).</xText>
          <xText>Świadczenie przyznane poszkodowanemu na mocy powyższego przepisu musi być stosowne i uwzględniać ogół okoliczności danej sprawy stanowiąc ich właściwe wyważenie, tak aby nie było rażąco zbyt niskie ani nadmiernie wygórowane. (por. orzeczenie Sądu Apelacyjnego w Łodzi z dnia 25 września 2012 r., I A Ca 673/12 LEX nr 1223372).</xText>
          <xText>Generalnie kwota zadośćuczynienia powinna być, jak zaznaczył Sąd Rejonowy, odpowiednia i rekompensować doznaną krzywdę za naruszenie prawa do życia w rodzinie. Zadośćuczynienie winno mieć charakter całościowy i obejmować swoim zakresem wszystkie cierpienia fizyczne i psychiczne związane ze śmiercią osoby najbliższej, zarówno już doznane, jak i te które mogą powstać w przyszłości.</xText>
          <xText>Mając na względzie omówione wyżej przesłanki, określające charakter świadczenia unormowanego w <xLexLink xArt="art. 446;art. 446 § 4" xIsapId="WDU19640160093" xTitle="Ustawa z dnia 23 kwietnia 1964 r. - Kodeks cywilny" xAddress="Dz. U. z 1964 r. Nr 16, poz. 93">art. 446 § 4 k.c.</xLexLink> i wskazujące kryteria dla wyznaczenia jego wysokości, Sąd II instancji nie zgodził się z zarzutem, iż w okolicznościach niniejszej sprawy zadośćuczynienie zostało przyznane na rzecz powoda na zbyt zaniżonym poziomie.</xText>
          <xText>W motywach swojego rozstrzygnięcia, Sąd I instancji dokonał szerokich rozważań poświęconych zagadnieniom związanym z rozmiarem krzywdy doznanej przez powoda, w nawiązaniu do ustaleń na temat jego sytuacji życiowej, istniejącej zarówno przed, jak i po śmierci matki. Sąd Rejonowy uwzględnił fakt, że matka powoda zginęła w wypadku, pozostawiając go jako osobę dorosłą, samodzielną, funkcjonującą w osobnym miejscu zamieszkania. Sąd I instancji również prawidłowo ocenił zakres stanu emocjonalnego i przeżyć z tym związanych, posiłkując się w tej mierze opinią biegłego sądowego z zakresu psychologii. Nie ulega wątpliwości, że powód w chwili śmierci matki był osobą dojrzałą, mającą własne plany na przyszłość, które chciał realizować w głównej mierze ze swoją partnerką <xAnon>J. B.</xAnon>.</xText>
          <xText>W tych warunkach ustalona kwota zadośćuczynienia jest - także w ocenie Sądu Okręgowego - odpowiednia do doznanej przez powoda wskutek śmierci matki krzywdy. Zdaniem Sądu Okręgowego, nie można na tym samym poziomie oceniać sytuacji dzieci, które straciły swoich rodziców w wyniku nagłej śmierci – inne są uwarunkowania, kiedy dziecko, jest małoletnie, nieporadne życiowo, uzależnione bądź zależne od pomocy osoby dorosłej, a inna kiedy jest ono w wieku dorosłym, posiada konkretne plany na przyszłość, jest samodzielne, funkcjonuje zawodowo, itp.</xText>
          <xText>Jest oczywiste, że podstawę do odpowiedniego wyrównania krzywdy będzie stanowić przytoczona w apelacji sytuacja w której osobę bliską traci osoba samotna, nie posiadająca rodziny, co może wyznaczać wielkość zadośćuczynienia na stosunkowo wysokim poziomie, ale okoliczność ta pozostaje bez wpływu na wymiar świadczenia w niniejszym postępowaniu, w którym Sąd I instancji podjął decyzję w powyższym zakresie samodzielnie, kierując się własną oceną okoliczności mających znaczenie dla ustalenia wymiaru zadośćuczynienia. Jedynie w przypadku gdyby decyzja ta stanowiła o zbyt wygórowanym zadośćuczynieniu, rażąco nie dostosowanym do rozmiaru krzywdy poszkodowanego i nie odpowiadającym stopie życiowej społeczeństwa, możliwa byłaby ingerencja Sądu II instancji w ustaloną wyrokiem wielkość tego świadczenia.</xText>
          <xText>W ocenie Sądu Okręgowego, zaskarżone rozstrzygnięcie nie nosi wskazanych wyżej cech dowodzących niewłaściwości zadośćuczynienia, przeciwnie należało uznać je za dostosowane do okoliczności sprawy i nie pozostające w sprzeczności z warunkami ekonomicznymi kraju, które pomimo kryzysu, ulegają systematycznej poprawie. Nie może bowiem ujść uwadze, że zadośćuczynienie ma, jak zaznaczono na wstępie, pełnić rolę kompensacyjną i tym samym stanowić odczuwalną wartość majątkową.</xText>
          <xText>Sąd Rejonowy wziął pod uwagę wszelkie aspekty decydujące o wymiarze świadczenia należącego się powodowi i wszechstronnie je przeanalizował w ramach oceny zebranego materiału dowodowego, nie dopuszczając się zarzucanego w apelacji naruszenia <xLexLink xArt="art. 233;art. 233 § 1" xIsapId="WDU19640430296" xTitle="Ustawa z dnia 17 listopada 1964 r. - Kodeks postępowania cywilnego" xAddress="Dz. U. z 1964 r. Nr 43, poz. 296">art. 233 § 1 k.p.c.</xLexLink> Jak wynikało z powyższych rozważań zaskarżone orzeczenie nie zapadło również z obrazą <xLexLink xArt="art. 446;art. 446 § 4" xIsapId="WDU19640160093" xTitle="Ustawa z dnia 23 kwietnia 1964 r. - Kodeks cywilny" xAddress="Dz. U. z 1964 r. Nr 16, poz. 93">art. 446 § 4 k.c.</xLexLink></xText>
          <xText>Odnośnie rozstrzygnięcia o kosztach procesu, biorąc pod uwagę stosunek wartości przedmiotu sporu do kwoty, do której powództwo zostało uwzględnione, Sąd Okręgowy w pełni podziela stanowisko Sądu Rejonowego o zasadności ich rozdzielenia. Mimo bowiem, że określenie należnej powodowi sumy zadośćuczynienia, stanowiącej główny składnik kwoty objętej sporem, zależało od oceny Sądu, to wysuwane przez niego żądanie było zawyżone, co musiało spotkać się z konsekwencjami poniesienia kosztów procesu. Takie stanowisko zajął też Sąd Najwyższy w wyroku z dnia 4 października 1972 r., II PR 223/72, Lex nr 7144, w którym stwierdził, ze żądanie zadośćuczynienia w kwocie rażąco wygórowanej w stosunku do przyznanych, w podobnych przypadkach, w orzecznictwie sądowym, jako przekraczające przysługujące sądowi granice oceny stosownego zadośćuczynienia (<xLexLink xArt="art. 445;art. 445 § 1" xIsapId="WDU19640160093" xTitle="Ustawa z dnia 23 kwietnia 1964 r. - Kodeks cywilny" xAddress="Dz. U. z 1964 r. Nr 16, poz. 93">art. 445 § 1 k.c.</xLexLink>), wyłącza przewidzianą w <xLexLink xArt="art. 100" xIsapId="WDU19640160093" xTitle="Ustawa z dnia 23 kwietnia 1964 r. - Kodeks cywilny" xAddress="Dz. U. z 1964 r. Nr 16, poz. 93">art. 100</xLexLink> możliwość włożenia na pozwanego obowiązku zwrotu wszystkich z tym związanych kosztów.</xText>
          <xText>Mając na względzie powyższe, Sąd Okręgowy, działając na podstawie <xLexLink xArt="art. 385" xIsapId="WDU19640430296" xTitle="Ustawa z dnia 17 listopada 1964 r. - Kodeks postępowania cywilnego" xAddress="Dz. U. z 1964 r. Nr 43, poz. 296">art. 385 k.p.c.</xLexLink> oddalił apelację, a na mocy <xLexLink xArt="art. 98;art. 98 § 1" xIsapId="WDU19640430296" xTitle="Ustawa z dnia 17 listopada 1964 r. - Kodeks postępowania cywilnego" xAddress="Dz. U. z 1964 r. Nr 43, poz. 296">art. 98 § 1 k.p.c.</xLexLink> w zw. z <xLexLink xArt="art. 108;art. 108 § 1" xIsapId="WDU19640430296" xTitle="Ustawa z dnia 17 listopada 1964 r. - Kodeks postępowania cywilnego" xAddress="Dz. U. z 1964 r. Nr 43, poz. 296">art. 108 § 1 k.p.c.</xLexLink> i <xLexLink xArt="art. 391;art. 391 § 1" xIsapId="WDU19640430296" xTitle="Ustawa z dnia 17 listopada 1964 r. - Kodeks postępowania cywilnego" xAddress="Dz. U. z 1964 r. Nr 43, poz. 296">art. 391 § 1 k.p.c.</xLexLink> oraz w zw. z <xLexLink xArt="art. 391 § 6;art. 391 § 6 pkt. 4" xIsapId="WDU19640430296" xTitle="Ustawa z dnia 17 listopada 1964 r. - Kodeks postępowania cywilnego" xAddress="Dz. U. z 1964 r. Nr 43, poz. 296">§ 6 pkt 4</xLexLink> w zw. z <xLexLink xArt="§ 13;§ 13 ust. 1;§ 13 ust. 1 pkt. 1" xIsapId="WDU20021631348" xTitle="Rozporządzenie Ministra Sprawiedliwości z dnia 28 września 2002 r. w sprawie opłat za czynności adwokackie oraz ponoszenia przez Skarb Państwa kosztów nieopłaconej pomocy prawnej udzielonej z urzędu" xAddress="Dz. U. z 2002 r. Nr 163, poz. 1348">§ 13 ust. 1 pkt 1 Rozporządzenia Ministra Sprawiedliwości z dnia 28 września 2002 r. w sprawie opłat za czynności adwokackie oraz ponoszenia przez Skarb Państwa kosztów nieopłaconej pomocy prawnej udzielonej z urzędu</xLexLink> (t. j. – Dz. U. z 2013 r., Nr 461) orzekł o kosztach postępowania za II instancję.</xText>
        </xUnit>
      </xBlock>
    </xPart>
  </judgement>
<judgement id="150525000001521_III_U_000560_2011_Uz_2013-06-19_001">
    <xPart xEditorFullName="Małgorzata Stępek" xYear="2011" xLang="PL" xPublisherFullName="Małgorzata Stępek" xFromPg="1" xEditor="m.stepek" xVolType="15/052500/0001521/U" xPublisher="m.stepek" xDocType="Uz" xVolNmbr="000560" xVersion="1.0" xToPage="11" xFlag="published">
      <xName>Wyrok+Uzasadnienie</xName>
      <xBlock>
        <xText><xBx>Sygn. akt:</xBx> III U 560/11</xText>
        
        <xUnit xIsTitle="true" xBold="true" xType="part">
          <xName>WYROK</xName>
          <xTitle>W IMIENIU RZECZYPOSPOLITEJ POLSKIEJ</xTitle>
          <xText xALIGNx="right">Dnia 19 czerwca 2013 r.</xText>
          
          <xText>
            <xBx>Sąd Okręgowy w Ostrołęce III Wydział Pracy i Ubezpieczeń Społecznych </xBx>
          </xText>
          <xText>
            <xBx> w składzie:</xBx>
          </xText>
          
          <xRows>
            <xCOLGROUPx>
              <xCOLx xWIDTHx="169"/>
              <xCOLx xWIDTHx="547"/>
            </xCOLGROUPx>
            <xRow>
              <xClmn xALIGNx="left" xVALIGNx="top">
                <xText>Przewodniczący:</xText>
              </xClmn>
              <xClmn xALIGNx="left" xVALIGNx="top">
                <xText>SSO Bożena Beata Bielska</xText>
              </xClmn>
            </xRow>
            <xRow>
              <xClmn xALIGNx="left" xVALIGNx="top">
                
              </xClmn>
              <xClmn xALIGNx="left" xVALIGNx="top">
                
              </xClmn>
            </xRow>
            <xRow>
              <xClmn xALIGNx="left" xVALIGNx="top">
                <xText>Protokolant:</xText>
              </xClmn>
              <xClmn xALIGNx="left" xVALIGNx="top">
                <xText>sekretarz sądowy Ewelina Asztemborska</xText>
              </xClmn>
            </xRow>
          </xRows>
          
          <xText>po rozpoznaniu na rozprawie w dniu 19 czerwca 2013 r. w <xAnon>O.</xAnon></xText>
          <xText>sprawy z odwołania <xAnon>J. P.</xAnon></xText>
          <xText>przeciwko Zakładowi Ubezpieczeń Społecznych Oddziałowi w <xAnon>P.</xAnon></xText>
          <xText>o prawo do emerytury</xText>
          <xText>na skutek odwołania <xAnon>J. P.</xAnon></xText>
          <xText>od decyzji Zakładu Ubezpieczeń Społecznych Oddziału w <xAnon>P.</xAnon></xText>
          <xText>z dnia 15.06.2011r. znak <xAnon> (...)</xAnon></xText>
          
          <xText xALIGNx="center">orzeka:</xText>
          
          <xUnit xIsTitle="false" xType="none">
            <xName xSffx=".">1</xName>
            <xText>zmienia zaskarżoną decyzję i przyznaje <xAnon>J. P.</xAnon> prawo do emerytury od 01.03.2011r.,</xText>
          </xUnit>
          <xUnit xIsTitle="false" xType="none">
            <xName xSffx=".">2</xName>
            <xText>stwierdza brak odpowiedzialności organu rentowego za nieustalenie ostatniej okoliczności niezbędnej do wydania decyzji.</xText>
          </xUnit>
        </xUnit>
        <xUnit xIsTitle="true" xBold="true" xType="part">
          <xName>UZASADNIENIE</xName>
          <xText><xAnon>J. P.</xAnon> wniósł odwołanie od decyzji O/ZUS w <xAnon>P.</xAnon> z dnia 15.06.2011r., którą to decyzją ZUS odmówił mu prawa do emerytury wskazując, że nie udowodnił wymaganego 15-letniego okresu pracy w szczególnych warunkach. W uzasadnieniu wskazał, że organ rentowy do pracy w szczególnych warunkach niesłusznie nie zaliczył okresu zatrudnienia w <xAnon> (...) S.A.</xAnon> w <xAnon>P.</xAnon> od 12.06.1974r. do 24.12.1989r.</xText>
          
          <xText>W odpowiedzi na odwołanie organ rentowy wniósł o jego oddalenie. Podniósł, że <xAnon>J. P.</xAnon> nie spełnia warunków do przyznania wcześniejszej emerytury, gdyż pomimo osiągnięcia wymaganego wieku emerytalnego 60 lat i legitymowania się ponad 25-letnim ogólnym stażem pracy, nie posiada wymaganego 15-letniego okresu pracy w szczególnych warunkach. Organ rentowy podniósł, że do pracy w szczególnych warunkach nie został zaliczony okres zatrudnienia w <xAnon> (...) S.A.</xAnon> w <xAnon>P.</xAnon> od 12.06.1974r. do 24.12.1989r., ponieważ charakter pracy podany w świadectwie pracy w szczególnych warunkach nie odpowiada stanowisku podanemu w <xLexLink xArt="" xIsapId="WDU19830080043" xTitle="Rozporządzenie Rady Ministrów z dnia 7 lutego 1983 r. w sprawie wieku emerytalnego oraz wzrostu emerytur i rent inwalidzkich dla pracowników zatrudnionych w szczególnych warunkach lub w szczególnym charakterze" xAddress="Dz. U. z 1983 r. Nr 8, poz. 43">Rozporządzeniu Rady Ministrów z dnia 07.02.1983r. w sprawie wieku emerytalnego pracowników zatrudnionych w szczególnych warunkach lub w szczególnym charakterze</xLexLink>.</xText>
          
          <xText>
            <xBx>Sąd ustalił i zważył, co następuje:</xBx>
          </xText>
          
          <xText>W dniu 01.03.2011r. <xAnon>J. P.</xAnon> złożył w ZUS wniosek o emeryturę. Do wniosku odwołujący dołączył świadectwo wykonywania pracy w szczególnych warunkach wystawione przez <xAnon> (...) S.A.</xAnon> w <xAnon>P.</xAnon>, w którym stwierdzono, że w okresie od 12.06.1974r. do 24.12.1989r. wykonywał pracę na stanowisku impregnowacza materiałów elektrycznych, wymienionym w Wykazie A Dziale VII poz. 6 pkt 1 stanowiącym załącznik Nr 1 do Zarządzenia nr 17 Ministra Górnictwa i Energetyki z dnia 12.08.1983r. w sprawie określenia stanowisk pracy w resorcie górnictwa i energetyki, na których są wykonywane prace w szczególnych warunkach.</xText>
          
          <xText>Po rozpoznaniu tego wniosku ZUS zaskarżoną decyzją z dnia 15.06.2011r. odmówił <xAnon>J. P.</xAnon> prawa do emerytury uznając, że legitymuje się on łącznym stażem pracy w wymiarze 25, ale nie ma wymaganego stażu pracy w szczególnych warunkach. Organ rentowy do pracy w szczególnych warunkach nie zaliczył w/w okresu zatrudnienia w <xAnon> (...) S.A.</xAnon> w <xAnon>P.</xAnon> podnosząc, że charakter pracy podany w świadectwie pracy w szczególnych warunkach nie odpowiada stanowisku podanemu w <xLexLink xArt="" xIsapId="WDU19830080043" xTitle="Rozporządzenie Rady Ministrów z dnia 7 lutego 1983 r. w sprawie wieku emerytalnego oraz wzrostu emerytur i rent inwalidzkich dla pracowników zatrudnionych w szczególnych warunkach lub w szczególnym charakterze" xAddress="Dz. U. z 1983 r. Nr 8, poz. 43">Rozporządzeniu Rady Ministrów z dnia 07.02.1983r. w sprawie wieku emerytalnego pracowników zatrudnionych w szczególnych warunkach lub w szczególnym charakterze</xLexLink>.</xText>
          
          <xText>Zdaniem Sądu odwołanie <xAnon>J. P.</xAnon> od decyzji ZUS z 15.06.2011r. jest zasadne.</xText>
          
          <xText>Ponieważ odwołujący urodził się w dniu 18.12.1950r., podstawą ubiegania się przez niego o prawo do emerytury jest <xLexLink xArt="art. 184" xIsapId="WDU19981621118" xTitle="Ustawa z dnia 17 grudnia 1998 r. o emeryturach i rentach z Funduszu Ubezpieczeń Społecznych" xAddress="Dz. U. z 1998 r. Nr 162, poz. 1118">art. 184 ustawy o emeryturach i rentach z Funduszu Ubezpieczeń Społecznych</xLexLink> w zw. z <xLexLink xArt="§ 4" xIsapId="WDU19830080043" xTitle="Rozporządzenie Rady Ministrów z dnia 7 lutego 1983 r. w sprawie wieku emerytalnego oraz wzrostu emerytur i rent inwalidzkich dla pracowników zatrudnionych w szczególnych warunkach lub w szczególnym charakterze" xAddress="Dz. U. z 1983 r. Nr 8, poz. 43">§ 4 Rozporządzenia Rady Ministrów z dnia 07.02.1983r. w sprawie wieku emerytalnego pracowników zatrudnionych w szczególnych warunkach lub w szczególnym charakterze</xLexLink>.</xText>
          
          <xText>Zgodnie z tymi przepisami prawo do emerytury przysługuje ubezpieczonemu urodzonemu po 01.01.1949r., jeżeli:</xText>
          <xText>- osiągnął wiek emerytalny wynoszący 60 lat dla mężczyzn,</xText>
          <xText>- nie przystąpił do otwartego funduszu emerytalnego lub złożył wniosek o przekazanie środków zgromadzonych na rachunku w OFE, za pośrednictwem ZUS na dochody budżetu państwa,</xText>
          <xText>- w dniu wejścia w życie przepisów ustawy emerytalnej, tj. 01.01.1999r., udowodnił okres składkowy i nieskładkowy wynoszący co najmniej 25 dla mężczyzn i okres zatrudnienia w szczególnych warunkach co najmniej 15 lat,</xText>
          <xText><xBx>- </xBx>rozwiązał stosunek pracy – w przypadku ubezpieczonego będącego pracownikiem.</xText>
          
          <xText>Według przepisu § 2 ust. l w/w Rozporządzenia Rady Ministrów z dnia 07.02.1983r. okresami pracy uzasadniającymi prawo do świadczeń na zasadach określonych w Rozporządzeniu są okresy, w których praca w szczególnych warunkach jest wykonywana stale i w pełnym wymiarze czasu pracy obowiązującym na danym stanowisku pracy.</xText>
          
          <xText>Z akt ZUS wynika, że <xAnon>J. P.</xAnon> osiągnął wymagany wiek 60 lat oraz na dzień 01.01.1999r. udokumentował wymagany ogólny staż pracy i nie jest członkiem OFE.</xText>
          <xText>Przedmiotem sporu było natomiast ustalenie, czy posiada on wymagany okres 15 lat pracy w szczególnych warunkach.</xText>
          
          <xText>Odwołujący domagał się zaliczenia do pracy w szczególnych warunkach okresu zatrudnienia w <xAnon> (...) S.A.</xAnon> w <xAnon>P.</xAnon> od 12.06.1974r. do 24.12.1989r.</xText>
          
          <xText>Sąd w toku postępowania uzyskał akta osobowe odwołującego. Z zawartych tam dokumentów i angaży wynika, iż <xAnon>J. P.</xAnon> w okresie od 12.06.1974r. do 11.11.1981r. miał angaż nawijacza uzwojeń, w okresie od 12.11.1981r. do 12.10.1986r. zajmował stanowisko <xBx>operatora automatycznej linii odlewniczej a w okresie od 13.10.1986r. do 24.12.1989r. stanowisko </xBx>impregnowacza materiałów elektrycznych.</xText>
          
          <xText><xAnon>J. P.</xAnon> przesłuchiwany na okoliczność pracy w spornym okresie zeznał, że w <xAnon> Zakładach (...)</xAnon> wytwarzano przekładniki prądowe, tj. urządzenia do zmiany napięcia. Zakład miał wydziały: przekładników, odgromników i wydział mechaniczny, w skład wydziału przekładników wchodził zaś oddział nawijalni, impregnowania (nasycalnia) i oddział odlewania żywic.</xText>
          <xText>Odwołujący wywodził, że gdy rozpoczął pracę w <xAnon> (...)</xAnon>, to chociaż miał angaż nawijacza, faktycznie od razu został skierowany na nasycalnię i wykonywał czynności impregnowacza materiałów elektrycznych aż do momentu przejścia na stanowisko operatora automatycznych linii odlewniczych. Wywodził również, że ze stanowiska operatora ponownie przeniesiono go na nasycalnię, ale wówczas miał już angaż impregnowacza. Odwołujący wywodził więc, że w spornym okresie zatrudnienia wykonywał faktycznie tylko dwa rodzaje czynności: jako impregnowacz na nasycalni i jako operator automatycznych linii odlewniczych.</xText>
          <xText><xAnon>J. P.</xAnon> odnosząc się do różnic w nazwie stanowisk w angażach a jego faktycznymi czynnościami zeznał, iż angaże nie odzwierciedlały faktycznie wykonywanych czynności, ponieważ nazwa stanowiska zależała od ilości etatów przewidzianych na danym stanowisku.</xText>
          
          <xText>Z zeznań odwołującego wynika też, że proces wykonywania przekładników składał się z kilku operacji, które były wykonywane przez różne osoby. Pierwsza operacja polegała na nawinięciu drutu miedzianego na blaszki i zrobieniu uzwojenia. Powstawała w ten sposób cewka, którą albo od razu przekazywano na odlewnię, gdzie była zalewana żywicą, albo najpierw przekazywano na nasycalnię, gdzie była najpierw zaimpregnowana specjalną substancją tworzącą izolację, w skład której wchodził m.in. tri, chlorek metylenu, wtalan i żywica ekspodytowa, po pokryciu cewki warstwą izolacyjną wkładano ją do suszarki, aby warstwa izolacyjna zaschła a następnie cewki przekazywano na odlewnię, gdzie były zalewane żywicą i na wydział montażu. Z powyższych zeznań wynika więc, że nawijanie odbywało się na oddzielnych stanowiskach pracy niż czynności impregnowania (nasycania).</xText>
          <xText>Odwołujący wywodził, że gdy pracował jako impregnowacz na nasycalni, jego czynności polegały na w/w impregnowanu cewek specjalną substancją tworzącą izolację.  Opisując czynności na odlewni zeznał zaś, że gdy pracował jako operator automatycznych linii odlewniczych wykonywał czynności ręcznie, rozrabiał żywicę syntetyczną, żywica była skrystalizowana, podgrzewał ją w specjalnej suszarni, dodawał bezwodnik-utwardzacz, specjalną mączkę do zagęszczenia, wszystko mieszał ręczną maszynką, podgrzewał i gotową mieszankę wlewał do formy przekładnika, w którym były już zamontowane cewki i po zalaniu powstawał przekładnik.</xText>
          <xText>Na okoliczność czynności wykonywanych przez odwołującego Sąd przesłuchał również świadków: <xAnon>S. W.</xAnon>, <xAnon>K. C.</xAnon> i <xAnon>R. R.</xAnon> a następnie dopuścił dowód z opinii biegłej z zakresu bhp, <xAnon>I. M.</xAnon>.</xText>
          <xText>Po otrzymaniu opinii Sąd dodatkowo przesłuchał świadka <xAnon>S. W.</xAnon> oraz przesłuchał nowego świadka., <xAnon>A. K.</xAnon>.</xText>
          
          <xText>Świadek <xAnon>S. W.</xAnon> zeznał, że razem z <xAnon>J. P.</xAnon> pracował na nasycalni (impregnowalni) i wykonywali te same czynności. Zeznał, iż rozpoczął pracę w <xAnon> (...)</xAnon> w 1974r. w charakterze ślusarza, po roku został przeniesiony na odlewnię żywic a w 1978r. do nasycalni, gdzie pracował do końca zatrudnienia w 2006r.</xText>
          
          <xText>Świadek <xAnon>K. C.</xAnon> zeznał zaś, że odwołujący początkowo pracował na montowaniu uzwojeń, co polegało na przykręceniu zacisków do tych uzwojeń, zanurzeniu uzwojeń w lakierach i suszeniu ich w specjalnej. Świadek zeznał, że <xAnon>J. P.</xAnon> wykonywał wszystkie w/w czynności, gdyż jedna osoba wykonywała całość czynności montażu danego uzwojenia, najpierw przykręcił zaciski, potem zanurzał w lakierach i wkładał do suszarki. Świadek zeznał również, że następnie odwołujący wykonywał inne czynności, które polegały na nawijaniu taśm miedzianych na korpus żywiczny i pokrywaniu masą delatacyjną, a potem pracował jako operator automatycznych linii odlewniczych i jego czynności polegały na zalewaniu uzwojenia żywicą. Świadek dodał, że gdy odwołujący miał angaż nawijacza uzwojeń, to w zależności od potrzeb jednego dnia mógł tylko nawijać drut, innego dnia mógł nawijać, a potem być przesuniętym na nasycalnie i tam montować lub impregnować, a trzeciego dnia mógł tylko montować i impregnować.</xText>
          
          <xText>Sąd w toku postępowania przesłuchał także świadka <xAnon>R. R.</xAnon>, lecz jego zeznania nie dostarczyły nowych danych, gdyż świadek nie pamiętał <xAnon>J. P.</xAnon> i nie potrafił wskazać, jakie czynności wykonywał.</xText>
          
          <xText>Po uzyskaniu zeznań <xAnon>J. P.</xAnon> i zeznań świadków Sąd dopuścił dowód z opinii biegłej z zakresu bhp, <xAnon>I. M.</xAnon> celem wskazania, czy praca odwołującego w spornym okresie była pracą w szczególnych warunkach.</xText>
          
          <xText>Biegła <xAnon>I. M.</xAnon> w opinii z dnia 18.03.2013r. wskazała, że pracę odwołującego ze względu na wykonywane czynności w spornym okresie należy podzielić na okresy:</xText>
          <xUnit xIsTitle="false" xType="none">
            <xName xSffx=")">1</xName>
            <xText>
              <xBx>od 12.06.1974r. do 11.11.1981r. na stanowisku <xIx>nawijacza uzwojeń, nawijacza uzwojeń - brygadzisty, </xIx></xBx>
            </xText>
          </xUnit>
          <xUnit xIsTitle="false" xType="none">
            <xName xSffx=")">2</xName>
            <xText>
              <xBx>od 12.11.1981r. do 12.10.1986r. na stanowisku <xIx>operatora automatycznej linii odlewniczej,</xIx></xBx>
            </xText>
          </xUnit>
          <xUnit xIsTitle="false" xType="none">
            <xName xSffx=")">3</xName>
            <xText>od <xBx>13.10.1986</xBx>r. do <xBx>18.06.1989</xBx>r. na stanowisku impregnowacza,</xText>
          </xUnit>
          <xUnit xIsTitle="false" xType="none">
            <xName xSffx=")">4</xName>
            <xText>od 19.06.1989r. do 24.12.1989r. na stanowisku impregnowacza.</xText>
          </xUnit>
          
          <xText>
            <xBx> Biegła do pracy w szczególnych warunkach zaliczyła jedynie okresy od 12.11.1981r. do 12.10.1986r. i od 13.10.1986r. do 18.06.1989r.</xBx>
          </xText>
          
          <xText>Odnosząc się do okresu od <xBx>12.11.1981</xBx>r. do <xBx>12.10.1986r. </xBx>biegła podniosła, że <xAnon>J. P.</xAnon> w tym okresie pracował na stanowisku <xIx>operatora automatycznej linii odlewniczej</xIx> i wykonywał pracę w szczególnych warunkach, o której mowa w wykazie A Dziale IV poz. 17 - <xIx>produkcja i przetwórstwo żywic i tworzyw sztucznych oraz produkcja, surowców, półproduktów i środków pomocniczych stosowanych do ich produkcji i przetwórstwa, produkcja wosków i woskali.</xIx> Biegła zaznaczyła, że co prawda odwołujący nie zajmował się produkcją żywic i nie pracował w gałęzi przemysłu – chemii, niemniej jednak, praca odwołującego polegała na przetwórstwie żywicy. Praca polegała bowiem na „rozrobieniu” żywicy syntetycznej, podgrzaniu jej w suszarni, dodaniu utrwalacza - bezwodnika oraz mączki do zagęszczenia. Wszystko to odwołujący mieszał ręczną maszynką i podgrzewał a następnie wlewał do formy przekładnika, w której były zamontowane cewki i wkładał formy do suszami.</xText>
          <xText>Biegła zaznaczyła również, że w w/w okresie odwołujący w każdym miesiącu otrzymywał dodatek za pracę w szkodliwych warunkach, za wyjątkiem miesięcy, w których przebywał na zwolnieniu lekarskim.</xText>
          
          <xText>Sąd podziela co do zasady stanowisko biegłej stwierdzające, że w w/w okresie <xAnon>J. P.</xAnon> wykonywał czynności na stanowisku <xIx>operatora automatycznej linii odlewniczej</xIx> i wykonywał pracę w szczególnych warunkach, o której mowa w <xLexLink xArt="" xIsapId="WDU19830080043" xTitle="Rozporządzenie Rady Ministrów z dnia 7 lutego 1983 r. w sprawie wieku emerytalnego oraz wzrostu emerytur i rent inwalidzkich dla pracowników zatrudnionych w szczególnych warunkach lub w szczególnym charakterze" xAddress="Dz. U. z 1983 r. Nr 8, poz. 43">Rozporządzeniu Rady Ministrów z dnia 07.02.1983r. w sprawie wieku emerytalnego pracowników zatrudnionych w szczególnych warunkach lub w szczególnym charakterze</xLexLink> w wykazie A Dziale IV poz. 17 - <xIx>produkcja i przetwórstwo żywic i tworzyw sztucznych oraz produkcja, surowców, półproduktów i środków pomocniczych stosowanych do ich produkcji i przetwórstwa, produkcja wosków i woskali.</xIx></xText>
          <xText>Nie podziela natomiast stanowiska biegłej stwierdzającego, iż z okresu pracy w szczególnych warunkach należy wyłączyć okresy przebywania na zwolnieniu lekarskim.</xText>
          <xText>Przepisy <xLexLink xArt="" xIsapId="WDU19981621118" xTitle="Ustawa z dnia 17 grudnia 1998 r. o emeryturach i rentach z Funduszu Ubezpieczeń Społecznych" xAddress="Dz. U. z 1998 r. Nr 162, poz. 1118">ustawy o emeryturach i rentach z Funduszu Ubezpieczeń Społecznych</xLexLink>, a w szczególności <xLexLink xArt="art. 32;art. 32 ust. 1 a" xIsapId="WDU19981621118" xTitle="Ustawa z dnia 17 grudnia 1998 r. o emeryturach i rentach z Funduszu Ubezpieczeń Społecznych" xAddress="Dz. U. z 1998 r. Nr 162, poz. 1118">art. 32 ust. 1a</xLexLink> wskazują bowiem na możliwość odmowy zaliczania do pracy w szczególnych warunkach jedynie okresów niewykonywania pracy, za które pracownik otrzymał wynagrodzenie lub świadczenia z ubezpieczenia społecznego w razie choroby, przypadające po dniu 14 listopada 1991r., a sporny okres przypada przed tą datą.</xText>
          <xText>Okres pracy w szczególnych warunkach od <xBx>12.11.1981</xBx>r. do <xBx>12.10.1986</xBx>r. wyniesie więc 4 lata i 11 miesięcy.</xText>
          
          <xText>Sąd nie podzielił zastrzeżeń ZUS zgłoszonych do opinii biegłej w części dotyczącej zaliczenia tego okresu.</xText>
          
          <xText>Sąd miał na uwadze fakt, że wprawdzie odwołujący w okresie od <xBx>12.11.1981</xBx>r. do <xBx>12.10.1986</xBx>r. nie pracował w gałęzi przemysłu - chemii, lecz jego czynności w tym okresie polegały na przetwórstwie żywicy, co wynika z niekwestionowanych zeznań samego <xAnon>J. P.</xAnon> jak i świadków <xAnon>S. W.</xAnon> i <xAnon>K. C.</xAnon>, którzy w taki sam sposób jak odwołujący opisali proces produkcji przekładników.</xText>
          <xText><xAnon> (...) S.A.</xAnon> w <xAnon>P.</xAnon> podlegają pod resort energetyki, lecz istotne znaczenie dla zakwalifikowania danych czynności do pracy w szczególnych warunkach ma rodzaj wykonywanych czynności. <xAnon>J. P.</xAnon> w okresie od <xBx>12.11.1981</xBx>r. do <xBx>12.10.1986</xBx>r. wykonywał czynności polegające na przetwórstwie żywic, a więc faktycznie czynności wykonywane w zakładach podległych resortowi chemicznemu i wchodzące do <xAnon>D.</xAnon><xAnon> (...)</xAnon>.</xText>
          
          <xText>Zauważyć też należy, że w niniejszej sprawie Sąd w charakterze świadka przesłuchał <xAnon>A. K.</xAnon>, który w okresie od 1.07.1976r. do 19.08.1980r. również pracował jako odlewacz żywic syntetycznych.</xText>
          <xText>Już po opinii biegłej odwołujący powoływał się na fakt, iż <xAnon>A. K.</xAnon> wykonywał takie same czynności jak on i w/w okres został zaliczony do pracy w szczególnych warunkach przez Sąd. Istotnie, w sprawie III U 238/12, Sąd Okręgowy w Ostrołęce rozpoznawał odwołanie <xAnon>A. K.</xAnon> od decyzji ZUS odmawiającej mu emerytury. Z wyroku zapadłego w dniu 19.07.2012r. i pisemnego uzasadnienia tego wyroku wynika, iż Sąd Okręgowy w sprawie IIIU 238/12 uwzględnił mu do pracy w szczególnych warunkach okres zatrudnienia w <xAnon>A. (...)</xAnon> od 01.07.1976r. do 19.08.1980r. na stanowisku odlewacza żywic syntetycznych jako pracę wyszczególnioną w wykazie A Dziale IV poz.17, tj. przetwórstwo żywic. Taka kwalifikacja pracy <xAnon>A. K.</xAnon> nie była wówczas kwestionowana przez organ rentowy, ani przez Sąd Apelacyjny w Białymstoku.</xText>
          
          <xText>Mając powyższe na uwadze okres zatrudnienia <xAnon>J. P.</xAnon> od <xBx>12.11.1981</xBx>r. do <xBx>12.10.1986</xBx>r. zdaniem Sądu należy zaliczyć do pracy w szczególnych warunkach, wskazanej w <xLexLink xArt="" xIsapId="WDU19830080043" xTitle="Rozporządzenie Rady Ministrów z dnia 7 lutego 1983 r. w sprawie wieku emerytalnego oraz wzrostu emerytur i rent inwalidzkich dla pracowników zatrudnionych w szczególnych warunkach lub w szczególnym charakterze" xAddress="Dz. U. z 1983 r. Nr 8, poz. 43">Rozporządzeniu Rady Ministrów z dnia 07.02.1983r. w sprawie wieku emerytalnego pracowników zatrudnionych w szczególnych warunkach lub w szczególnym charakterze</xLexLink> w wykazie A Dziale IV poz. 17 – <xIx>jako przetwórstwo żywic.</xIx></xText>
          
          <xText>
            <xBx> Biegła do pracy w szczególnych warunkach zaliczyła również okres od 13.10.1986r. do 18.06.1989r.</xBx>
          </xText>
          <xText>
            <xBx> Biegła podniosła, że <xAnon>J. P.</xAnon> w tym okresie wykonywał pracę na stanowisku impregnowacza, tj. pokrywał cewki specjalną substancją, tworzącą izolację a powyższy wniosek jest zgodny z zeznaniami odwołującego i wszystkich świadków oraz z danymi wynikającymi z akt osobowych <xAnon>J. P.</xAnon>. </xBx>
          </xText>
          <xText>
            <xBx> Zdaniem Sądu czynności polegające na impregnowanu są pracą w szczególnych warunkach, lecz wyszczególnioną w <xLexLink xArt="" xIsapId="WDU19830080043" xTitle="Rozporządzenie Rady Ministrów z dnia 7 lutego 1983 r. w sprawie wieku emerytalnego oraz wzrostu emerytur i rent inwalidzkich dla pracowników zatrudnionych w szczególnych warunkach lub w szczególnym charakterze" xAddress="Dz. U. z 1983 r. Nr 8, poz. 43">Rozporządzeniu Rady Ministrów z dnia 07.02.1983r. w sprawie wieku emerytalnego pracowników zatrudnionych w szczególnych warunkach lub w szczególnym charakterze</xLexLink> w wykazie A Dziale VII poz. 6 - impregnacja wyrobów technicznych.</xBx>
          </xText>
          <xText>
            <xBx> Biegła zaliczyła natomiast ten okres do pracy w szczególnych warunkach wskazanej w Rozporządzeniu Rady Ministrów z dnia 07.02.1983r. w wykazie A Dziale III poz. 88, tj. <xIx>prace przy produkcji kabli.</xIx></xBx>
          </xText>
          <xText>
            <xBx>  Ponieważ <xAnon>J. P.</xAnon> nie pracował przy produkcji kabli, w ocenie Sądu jego pracę na stanowisku impregnowacza należy zaliczyć do pracy wskazanej w <xLexLink xArt="" xIsapId="WDU19830080043" xTitle="Rozporządzenie Rady Ministrów z dnia 7 lutego 1983 r. w sprawie wieku emerytalnego oraz wzrostu emerytur i rent inwalidzkich dla pracowników zatrudnionych w szczególnych warunkach lub w szczególnym charakterze" xAddress="Dz. U. z 1983 r. Nr 8, poz. 43">Rozporządzeniu Rady Ministrów z dnia 07.02.1983r. w sprawie wieku emerytalnego pracowników zatrudnionych w szczególnych warunkach lub w szczególnym charakterze</xLexLink> w wykazie A Dziale VII poz. 6 jako impregnacja wyrobów technicznych.</xBx>
          </xText>
          
          <xText>
            <xBx> Ponieważ poza sporem jest, że w w/w okresie odwołujący wykonywał czynność impregnowania, w istocie nie ma znaczenia dla rozstrzygnięcia odwołania, czy jego praca zostanie zaliczona do Działu VII poz. 6, czy do Działu III poz. 88.</xBx>
          </xText>
          
          <xText>Zauważyć jednak trzeba, że w sprawie IIIU 238/12 <xAnon>A. K.</xAnon> domagał się zaliczenia do pracy w szczególnych warunkach okresu zatrudnienia od 01.03.1982r. do 21.10.1986r. jako impregnowacz materiałów elektrotechnicznych. Z wyroku zapadłego w tej sprawie i pisemnego uzasadnienia tego wyroku wynika, iż Sąd Okręgowy uwzględnił mu do pracy w szczególnych warunkach ten okres zatrudnienia jako pracę wyszczególnioną w wykazie A Dziale VII poz. 6, tj. jako impregnację wyrobów technicznych. Taka kwalifikacja pracy <xAnon>A. K.</xAnon> nie była wówczas kwestionowana.</xText>
          
          <xText>
            <xBx> Mając powyższe na uwadze okres zatrudnienia <xAnon>J. P.</xAnon> od 13.10.1986r. do 18.06.1989r. zdaniem Sądu należy zaliczyć do pracy w szczególnych warunkach, wskazanej w <xLexLink xArt="" xIsapId="WDU19830080043" xTitle="Rozporządzenie Rady Ministrów z dnia 7 lutego 1983 r. w sprawie wieku emerytalnego oraz wzrostu emerytur i rent inwalidzkich dla pracowników zatrudnionych w szczególnych warunkach lub w szczególnym charakterze" xAddress="Dz. U. z 1983 r. Nr 8, poz. 43">Rozporządzeniu Rady Ministrów z dnia 07.02.1983r. w sprawie wieku emerytalnego pracowników zatrudnionych w szczególnych warunkach lub w szczególnym charakterze</xLexLink> w wykazie A Dziale VII poz. 6 – <xIx>jako</xIx> impregnację wyrobów technicznych. Okres ten wyniesie 2 lata 8 miesięcy i 7 dni. </xBx>
          </xText>
          <xText>Także i co do tego okresu biegła odjęła okresy przebywania przez odwołującego na zwolnieniach lekarskich, jak już jednak wskazano wyżej, przepisy <xLexLink xArt="" xIsapId="WDU19981621118" xTitle="Ustawa z dnia 17 grudnia 1998 r. o emeryturach i rentach z Funduszu Ubezpieczeń Społecznych" xAddress="Dz. U. z 1998 r. Nr 162, poz. 1118">ustawy o emeryturach i rentach z Funduszu Ubezpieczeń społecznych</xLexLink> wskazują na możliwość odmowy zaliczania do pracy w szczególnych warunkach jedynie okresów niewykonywania pracy, za które pracownik otrzymał wynagrodzenie lub świadczenia z ubezpieczenia społecznego w razie choroby, przypadające po dniu 14 listopada 1991r.</xText>
          
          <xText>
            <xBx> Wyżej wskazane rozważania znajdą odpowiednie zastosowanie do okresu od 19.06.1989r. do 24.12.1989r., który omyłkowo został określony przez biegłą jako okres od 19.09.1989r. do 24.12.1989r. Z akt osobowych odwołującego i treści zapisów na stronie 5 opinii wynika bowiem, że <xAnon>J. P.</xAnon> korzystał ze zwolnienia lekarskiego od 19.06.1989r. </xBx>
          </xText>
          <xText>
            <xBx> Poza sporem jest, że również i w tym okresie odwołujący zajmował stanowisko impregnowacza, dlatego ten okres należy zaliczyć do pracy w szczególnych warunkach, wskazanej w <xLexLink xArt="" xIsapId="WDU19830080043" xTitle="Rozporządzenie Rady Ministrów z dnia 7 lutego 1983 r. w sprawie wieku emerytalnego oraz wzrostu emerytur i rent inwalidzkich dla pracowników zatrudnionych w szczególnych warunkach lub w szczególnym charakterze" xAddress="Dz. U. z 1983 r. Nr 8, poz. 43">Rozporządzeniu Rady Ministrów z dnia 07.02.1983r. w sprawie wieku emerytalnego pracowników zatrudnionych w szczególnych warunkach lub w szczególnym charakterze</xLexLink> w wykazie A Dziale VII poz. 6 – <xIx>jako</xIx> impregnację wyrobów technicznych. Okres ten wyniesie 8 miesięcy i 5 dni. </xBx>
          </xText>
          
          <xText>W ocenie Sądu do pracy w szczególnych warunkach należy też zaliczyć okres zatrudnienia <xAnon>J. P.</xAnon> od 12.06.1974r. do 11.11.1981r., tj. okres 7 lat i 5 miesięcy.</xText>
          
          <xText>Okresu tego biegła <xAnon>I. M.</xAnon> nie zaliczyła do pracy w szczególnych warunkach. Z treści opinii biegłej wynika, iż biegła przyjęła, że odwołujący w tym okresie faktycznie pracował jako nawijacz uzwojeń i wykonywał różne czynności, tj. nawijanie, przykręcanie zacisków do uzwojeń i impregnowanie.</xText>
          <xText>Biegła w opinii uznała, że odwołujący faktycznie pracował na stanowisku wynikającym z angaży, tj. nawijacza uzwojeń i wskazała, że tylko czynności impregnowania są pracą w szczególnych warunkach, dlatego jej zdaniem nie można uznać, aby odwołujący w pełnym wymiarze czasu pracował w szczególnych warunkach.</xText>
          
          <xText>
            <xBx> W ocenie Sądu całość materiału dowodowego przemawia jednak za uznaniem okresu od 12.06.1974r. do 11.11.1981r. jako pracy w szczególnych warunkach w charakterze impregnowacza.</xBx>
          </xText>
          
          <xText>
            <xBx><xAnon>J. P.</xAnon> w toku całego postępowania wywodził, iż w okresie od 12.06.1974r. do 11.11.1981r., chociaż miał angaż nawijacza, faktycznie pracował na nasycalni i wykonywał czynności impregnowacza materiałów elektrycznych aż do momentu przejścia na stanowisko operatora automatycznych linii odlewniczych. Wywodził również, że ze stanowiska operatora ponownie przeniesiono go na nasycalnię, ale wówczas miał już angaż impregnowacza. Odwołujący przyznał, iż był brygadzistą, wyjaśnił jednak, że zlecał pracę osobom wykonującym pracę na nawijalni i nasycalni, rano osobom wykonującym czynności nawijania zlecał, przy jakich uzwojeniach będą wykonywali czynności, a potem przechodził na nasycalnię, ponieważ była ona w tym samym pomieszczeniu.</xBx>
          </xText>
          
          <xText>Sąd dał wiarę w/w zeznaniom <xAnon>J. P.</xAnon> co do rodzaju czynności wykonywanych przez niego w w/w okresie, gdyż znalazły one potwierdzenie w zeznaniach świadków <xAnon>S. W.</xAnon> i <xAnon>A. K.</xAnon>. Świadkowie ci potwierdzili, iż <xAnon>J. P.</xAnon> mając angaż nawijacza uzwojeń, faktycznie pracował na nasycalni jako impregnowacz.</xText>
          
          <xText>Świadek <xAnon>S. W.</xAnon> zeznał, że razem z <xAnon>J. P.</xAnon> pracował na nasycalni (impregnowalni) i obaj wykonywali te same czynności. Zeznał, iż rozpoczął pracę w <xAnon> (...)</xAnon> w 1974r. w charakterze ślusarza, po roku został przeniesiony na odlewnię żywic a w 1978r. do nasycalni, gdzie pracował do końca zatrudnienia w 2006r. Wskazać trzeba, że z angaży znajdujących się w aktach osobowych <xAnon>S. W.</xAnon> wynika, że świadek w okresie od 13.11.1974r. do 30.09.1975r. miał angaż ślusarza, od 01.10.1975r. do 31.10.1977r. angaż odlewacza żywic syntetycznych, od 01.11.1977r. do 22.01.1978r. angaż ustawiacza maszyn i urządzeń odlewniczych, od 23.01.1978r. do 30.11.1987r. angaż nawijacza uzwojeń, a od 01.12.1987r.do 28.02.2006r. angaż impregnowacza materiałów elektrotechnicznych.</xText>
          <xText>Porównując w/w angaże z zeznaniami świadka należy stwierdzić, że świadek faktycznie pracował jako impregnowacz w okresie, gdy miał angaż nawijacza uzwojeń, co potwierdza tezę odwołującego o wykonywaniu innych czynności niż wynikających z nazwy stanowisk w angażach.</xText>
          
          <xText>Świadek <xAnon>A. K.</xAnon> zeznał zaś, że w <xAnon> (...)</xAnon> pracował od 1970r. do 2004r., z tym że od jesieni 1971 do czerwca pracował w NRD. Po powrocie od 1.07.1976r. podjął pracę na odlewni żywic syntetycznych a następnie pracował jako impregnowacz materiałów elektrotechnicznych i na tym ostatnim stanowisku pracował z odwołującym. Świadek zeznał, że gdy został przeniesiony do impregnowania, to odwołujący już tam pracował.</xText>
          
          <xText>Sąd dał wiarę w/w zeznaniom świadków, gdyż są zgodne ze sobą, wzajemnie się potwierdzają i uzupełniają.</xText>
          
          <xText>W toku postępowania Sąd przesłuchał w charakterze świadka <xAnon>K. C.</xAnon>. Świadek ten zeznał, iż <xIx><xUx><xAnon>J. P.</xAnon> pracował na montowaniu uzwojeń pierwotnych, drutowych</xUx></xIx> i <xIx><xUx>taśmowych. Montowanie polegało na nawinięciu uzwojeń, przykręceniu tzw. zacisków do uzwojeń, następnie uzwojenia były zanurzane</xUx></xIx> w <xIx><xUx>lakierach,</xUx></xIx> a <xIx><xUx>potem suszyły się</xUx></xIx> w <xIx><xUx>suszarce</xUx></xIx> i <xIx><xUx>były przekazywane na inny wydział. Świadek zeznał, iż uzwojenia wtórne były wkładane w uzwojenia pierwotne, następnie wkładano rdzeń, który był okładany tekturą falistą,</xUx></xIx> o<xIx><xUx>klejany pastą żywiczną i umieszczany w suszarce. </xUx></xIx></xText>
          <xText>Świadek zeznał, że o<xIx><xUx>dwołujący wykonywał wszystkie elementy potrzebne</xUx></xIx> do <xIx><xUx>powstania przekładnika,</xUx></xIx> a nie <xIx><xUx>zajmował się tylko impregnowaniem, </xUx></xIx>w <xIx><xUx>zależności</xUx></xIx> od <xIx><xUx>potrzeb jednego dnia mógł tylko nawijać, innego dnia mógł</xUx></xIx> początkowo <xIx><xUx>nawijać,</xUx></xIx> a <xIx><xUx>potem być przesuniętym na nasycalnię</xUx></xIx> i <xIx><xUx>tam montować lub impregnować, zaś innego dnia mógł np. tylko montować</xUx></xIx> i <xIx><xUx>impregnować.</xUx></xIx></xText>
          
          <xText>Na tych właśnie zeznaniach oparła się biegła wydając opinię i stwierdzając, iż odwołujący w okresie od 12.06.1974r. do 11.11.1981r. wykonywał różne czynności, a nie tylko impregnowanie.</xText>
          
          <xText>W ocenie Sądu zeznania <xAnon>K. C.</xAnon> nie mogą mieć jednak przesądzającego znaczenia w sprawie. Ponieważ odwołujący kwestionował opinię biegłej <xAnon>I. M.</xAnon> w zakresie nie zaliczenia do pracy w szczególnych warunkach w/w okresu zatrudnienia i wywodził, że w tym okresie wykonywał tylko czynności impregnowania, Sąd przeprowadził dodatkowe postępowanie dowodowe w tym zakresie. Sąd przesłuchał ponownie świadka <xAnon>S. W.</xAnon> oraz przesłuchał nowego świadka - <xAnon>A. K.</xAnon>, a ich zeznania mają istotne znaczenie dla oceny materiału dowodowego, obaj pracowali bowiem wykonując czynności impregnowania.</xText>
          <xText>Obaj świadkowie zgodnie zeznali, iż w <xAnon> skład (...)</xAnon>. wchodziła nawijalnia, montaż przekładnika, nasycalnia i odlewnia. Na każdej z tych wyodrębnionych części były robione inne czynności, przy czym osoby były przypisane na stałe do poszczególnych czynności, nie było zaś tak, aby osoby każdego dnia wykonywały inne czynności.</xText>
          <xText>Sąd dał im wiarę, bowiem skoro obaj pracowali w charakterze impregnowaczy, mają wiedzę na temat sposobu wykonywania czynności na tym stanowisku. Z zeznań wszystkich świadków, w tym <xAnon>K. C.</xAnon>, wynika, że różne osoby wykonywały poszczególne etapy produkcji przekładników, przy czym pierwszy etap odbywał się na nawijalni i polegał na nawijaniu drutu lub taśm na blaszki i na korpusy, a następnie element ten był przekazywany do następnego etapu produkcji na odlewnię lub na nasycalnię. Powyższe oznacza, że ta sama osoba nie mogła robić wszystkich czynności na poszczególnych etapach produkcji.</xText>
          
          <xText>Zauważyć też trzeba, że świadek <xAnon>K. C.</xAnon> początkowo zeznawał, iż odwołujący wykonywał tylko czynności przykręcania zacisków do uzwojeń i impregnowania a ten etap nie jest oddzielną czynnością, bowiem odbywał się na nasycalni i był czynnością przygotowawczą do impregnowania.</xText>
          <xText>Nadto zauważyć trzeba, że z kart wynagrodzeń odwołującego wynika, iż w latach 1974-1981 otrzymywał on dodatek za pracę w warunkach szkodliwych, co dodatkowo przemawia za przyjęciem, że faktycznie wykonywał tylko czynności impregnowania, bowiem nie otrzymywałby takiego dodatku, gdyby wykonywał różne czynności, w tym nie zaliczane do pracy w szkodliwych warunkach. Z zeznań wszystkich świadków wynika, że czynności impregnowania odbywały się w innym miejscu niż czynności nawijania, dlatego logicznym jest przyjęcie, że osoby miały konkretnie wyznaczone miejsce pracy a osoby wykonujące inne czynności niż impregnowanie nie otrzymywały dodatku za pracę w szczególnych warunkach.</xText>
          
          <xText>Mając powyższe na uwadze Sąd dał wiarę <xAnon>J. P.</xAnon> co do tego, iż w okresie od 12.06.1974r. do 11.11.1981r. faktycznie wykonywał czynności impregnowania. Jak zaś już wskazano wyżej, tego rodzaju czynności są pracą w szczególnych warunkach.</xText>
          
          <xText>
            <xBx> Po zaliczeniu do pracy w szczególnych warunkach okresów zatrudnienia: od 12.06.1974r. do 11.11.1981r.<xIx>, </xIx>od 12.11.1981r. do 12.10.1986r. od 13.10.1986r. do 18.06.1989r. i od 19.06.1989r. do 24.12.1989r. <xAnon>J. P.</xAnon> wykaże wymagany okres pracy w szczególnych warunkach, gdyż łącznie wyniesie on 15 lat 8 miesięcy i 12 dni. Pozostałe przesłanki określone w <xLexLink xArt="art. 184" xIsapId="WDU19981621118" xTitle="Ustawa z dnia 17 grudnia 1998 r. o emeryturach i rentach z Funduszu Ubezpieczeń Społecznych" xAddress="Dz. U. z 1998 r. Nr 162, poz. 1118">art. 184 ustawy o emeryturach i rentach z Funduszu Ubezpieczeń Społecznych</xLexLink> nie były sporne. </xBx>
          </xText>
          
          <xText>Mając powyższe na uwadze Sąd przyznał <xAnon>J. P.</xAnon> prawo do emerytury od 01.03.2011r., tj. od miesiąca złożenia wniosku i dlatego na podstawie <xLexLink xArt="art. 477(14);art. 477(14) § 2" xIsapId="WDU19640430296" xTitle="Ustawa z dnia 17 listopada 1964 r. - Kodeks postępowania cywilnego" xAddress="Dz. U. z 1964 r. Nr 43, poz. 296">art. 477<xSUPx>14</xSUPx> § 2 kpc</xLexLink> dokonał stosownej zmiany zaskarżonej decyzji z dnia 15.06.2011r.</xText>
          
          <xText>W pkt 2 wyroku Sąd stwierdził, że organ rentowy nie ponosi odpowiedzialności za nieustalenie ostatniej okoliczności niezbędnej do wydania decyzji. Zgodnie z <xLexLink xArt="art. 118;art. 118 ust. 1" xIsapId="WDU19981621118" xTitle="Ustawa z dnia 17 grudnia 1998 r. o emeryturach i rentach z Funduszu Ubezpieczeń Społecznych" xAddress="Dz. U. z 1998 r. Nr 162, poz. 1118">art. 118 ust. 1 ustawy o emeryturach i rentach z Funduszu Ubezpieczeń Społecznych</xLexLink> organ rentowy wydaje decyzję w sprawie prawa do świadczenia lub ustalenia jego wysokości po raz pierwszy w ciągu 30 dni od wyjaśnienia ostatniej okoliczności niezbędnej do wydania tej decyzji, z uwzględnieniem ust. 2 i 3 oraz art. 120.</xText>
          <xText>Przepis art. 118 ust. 1a stanowi zaś, że w razie ustalenia prawa do świadczenia lub jego wysokości orzeczeniem organu odwoławczego za dzień wyjaśnienia ostatniej okoliczności niezbędnej do wydania decyzji uważa się również dzień wpływu prawomocnego orzeczenia organu odwoławczego, jeżeli organ rentowy nie ponosi odpowiedzialności za nieustalenie ostatniej okoliczności niezbędnej do wydania decyzji. Organ odwoławczy, wydając orzeczenie, stwierdza odpowiedzialność organu rentowego.</xText>
          
          <xText>W niniejszej sprawie ostatnią okolicznością niezbędną do wydania decyzji było ustalenie okresu pracy w szczególnych warunkach. Zdaniem Sądu organ rentowy miał prawo nie uwzględnić świadectwa pracy w szczególnych warunkach, gdyż wskazywało ono różne stanowiska pracy. Wobec zakwestionowania tego świadectwa Sąd musiał zbadać, na czym polegały obowiązki odwołującego w <xAnon> (...) S.A.</xAnon> w <xAnon>P.</xAnon>, w tym przesłuchać świadków oraz skorzystać z opinii biegłego z zakresu bhp. Dopiero przeprowadzenie postępowania przed Sądem i uzyskanie nowych dowodów pozwoliło na zaliczenie spornego okresu do pracy w szczególnych warunkach. W tej sytuacji ZUS nie ponosi odpowiedzialności za nieustalenie okresu pracy w szczególnych warunkach w toku postępowania przed tym organem.</xText>
          
          <xText>Z tych względów orzeczono jak w sentencji.</xText>
        </xUnit>
      </xBlock>
    </xPart>
  </judgement>
<judgement id="150520000001521_III_U_000784_2012_Uz_2013-06-19_001">
    <xPart xEditorFullName="Izabela Chilińska" xYear="2012" xLang="PL" xPublisherFullName="Elżbieta Sklizmunt" xFromPg="1" xEditor="izabela.chilinska" xVolType="15/052000/0001521/U" xPublisher="elzbieta.sklizmunt" xDocType="Uz" xVolNmbr="000784" xVersion="1.0" xToPage="2" xFlag="published">
      <xName>Wyrok+Uzasadnienie</xName>
      <xBlock>
        <xText>Sygn. akt III U 784/12</xText>
        
        <xUnit xIsTitle="true" xType="part" xBold="true">
          <xName>WYROK</xName>
          <xTitle>W IMIENIU RZECZYPOSPOLITEJ POLSKIEJ</xTitle>
          <xText xALIGNx="right">Dnia 19 czerwca 2013r.</xText>
          
          <xText>Sąd Okręgowy w Suwałkach III Wydział Pracy i Ubezpieczeń Społecznych</xText>
          <xText>w składzie:</xText>
          <xRows>
            <xCOLGROUPx>
              <xCOLx xWIDTHx="185"/>
              <xCOLx xWIDTHx="424"/>
            </xCOLGROUPx>
            <xRow>
              <xClmn xALIGNx="left" xVALIGNx="top">
                <xText>
                  <xBx>Przewodniczący:</xBx>
                </xText>
              </xClmn>
              <xClmn xALIGNx="left" xVALIGNx="top">
                <xText>
                  <xBx>SSO Danuta Poniatowska</xBx>
                </xText>
              </xClmn>
            </xRow>
            <xRow>
              <xClmn xALIGNx="left" xVALIGNx="top">
                <xText>
                  <xBx>Protokolant:</xBx>
                </xText>
              </xClmn>
              <xClmn xALIGNx="left" xVALIGNx="top">
                <xText>
                  <xBx>sekr. sądowy Beata Dzienis</xBx>
                </xText>
              </xClmn>
            </xRow>
          </xRows>
          
          <xText>po rozpoznaniu na rozprawie w dniu 19 czerwca 2013r. w Suwałkach
  </xText>
          <xText>sprawy<xBx><xAnon>J. J.</xAnon></xBx></xText>
          <xText>przeciwko Zakładowi Ubezpieczeń Społecznych Oddział w <xAnon>O.</xAnon></xText>
          <xText>o rentę z tytułu niezdolności do pracy</xText>
          <xText>w związku z odwołaniem <xAnon>J. J.</xAnon></xText>
          <xText>od decyzji Zakładu Ubezpieczeń Społecznych Oddział w <xAnon>O.</xAnon></xText>
          <xText>z dnia 26 listopada 2012 r. znak <xAnon> (...)</xAnon></xText>
          
          <xText xALIGNx="center">
            <xBx>
              <xIx>oddala odwołanie.</xIx>
            </xBx>
          </xText>
          <xText>Sygn. akt III U 784/12</xText>
        </xUnit>
        <xUnit xIsTitle="true" xType="part" xBold="true">
          <xName>UZASADNIENIE</xName>
          <xText>Decyzją z dnia 26.11.2012r. Zakład Ubezpieczeń Społecznych Oddział w <xAnon>O.</xAnon>, powołując się na <xLexLink xArt="art. 61" xIsapId="WDU19981621118" xTitle="Ustawa z dnia 17 grudnia 1998 r. o emeryturach i rentach z Funduszu Ubezpieczeń Społecznych" xAddress="Dz. U. z 1998 r. Nr 162, poz. 1118">art. 61 ustawy z dnia 17.12.1998r. o emeryturach i rentach z Funduszu Ubezpieczeń Społecznych</xLexLink> (t.j. Dz. U. z 2009r. Nr 153 poz.1227 ze zm.) odmówił <xAnon>J. J.</xAnon> prawa do wznowienia wypłaty renty z tytułu niezdolności do pracy, z uwagi na brak stwierdzonej dalszej niezdolności do pracy.</xText>
          <xText>W odwołaniu <xAnon>J. J.</xAnon> wniosła o zmianę decyzji i przywrócenie jej prawa do renty z tytułu niezdolności do pracy. Powołała się na zły stan zdrowia i brak jakichkolwiek oznak jego poprawy. Podniosła również, iż z uwagi na wiek nie może podjąć zatrudnienia, a renta pozwoliłaby na dotrwanie do nabycia uprawnień do świadczenia przedemerytalnego.</xText>
          <xText>W odpowiedzi na odwołanie organ rentowy wniósł o jego oddalenie. Podtrzymał podstawy skarżonej decyzji.</xText>
          <xText>
            <xBx>
              <xUx>Sąd ustalił, co następuje :</xUx>
            </xBx>
          </xText>
          <xText><xAnon>J. J.</xAnon> (<xAnon>ur. (...)</xAnon>) w okresie od 28.05.2008r. do 31.08.2012r. była uprawniona do okresowej renty z tytułu częściowej niezdolności do pracy. W dniu 21.08.2012r. wystąpiła z wnioskiem o ponowne przyznanie prawa do tego świadczenia.</xText>
          <xText>Lekarz orzecznik, który przed wydaniem orzeczenia zasięgnął opinii lekarza konsultanta z zakresu laryngologii, nie stwierdził u odwołującej niezdolności do pracy. Komisja lekarska, rozpoznająca sprzeciw odwołującej, podtrzymała orzeczenie o braku niezdolności do pracy.</xText>
          <xText>Sąd poczynił ustalenia, co do aktualnego stanu zdrowia <xAnon>J. J.</xAnon> dopuszczając na tę okoliczność dowód z opinii biegłych lekarzy sądowych odpowiednich specjalności, mając na uwadze rodzaj rozpoznanych u niej schorzeń. Biegłe z zakresu laryngologii i neurologii zostały zobligowane do wypowiedzenia się na okoliczność, czy odwołująca jest częściowo niezdolna do pracy, jakiego rodzaju jest to niezdolność (okresowa czy też stała) oraz czy w jej stanie zdrowia nastąpiła zmiana od ostatniego badania (29.04.2009r.).</xText>
          <xText>Przed wydaniem opinii biegłe zapoznały się z dokumentacą medyczną i dokonały badania odwołującej. W wyniku poczynionych ustaleń rozpoznały u wnioskodawczyni schorzenia laryngologiczne oraz neurologiczne i zaopiniowały, iż ich przebieg i zaawansowanie nie czynią odwołującej niezdolną do pracy. Przeciwwskazaniem jest praca w warunkach hałasu, na wysokości, przy maszynach w ciągłym ruchu oraz wymagająca dobrego obustronnego słuchu. Pod względem laryngologicznym odwołująca jest wydolna socjalnie. Od ostatniego badania stan jej zdrowia uległ poprawie. Pod względem neurologicznym nie stwierdzono zaburzeń na poziomie powodującym niezdolność do pracy (opinia główna k. 8-9, opinia uzupełniająca k.23).</xText>
          <xText>
            <xBx>
              <xUx>Sąd zważył, co następuje:</xUx>
            </xBx>
          </xText>
          <xText>Z uwagi na fakt, iż wnioskodawczyni do dnia 31.08.2012r. legitymowała się prawem do renty z tytułu niezdolności do pracy i wniosła o jej przywrócenie, żądnie to podlegało rozpoznaniu na podstawie <xLexLink xArt="art. 61" xIsapId="WDU19981621118" xTitle="Ustawa z dnia 17 grudnia 1998 r. o emeryturach i rentach z Funduszu Ubezpieczeń Społecznych" xAddress="Dz. U. z 1998 r. Nr 162, poz. 1118">art. 61 ustawy z dnia 17.12.1998r. o emeryturach i rentach z Funduszu Ubezpieczeń Społecznych</xLexLink> (t.j. Dz.U. z 2009r. Nr 153, poz. 1227 ze zm.). Zgodnie z jego treścią prawo do renty, które ustało w związku z ustąpieniem niezdolności do pracy, podlega przywróceniu o ile niezdolność do pracy zostanie stwierdzona w okresie 18 miesięcy od ustania tego prawa.</xText>
          <xText>Zgodnie z treścią art. 12 ust 1 ustawy o emeryturach i rentach z FUS niezdolność do pracy powoduje utratę zdolności do pracy zarobkowej z powodu naruszenia sprawności organizmu i nie rokuje jej odzywania po przekwalifikowaniu. Utrata zdolności do pracy skutkuje ustaleniem jej stopnia, zgodnie z treścią art. 12 ust.2 i 3 ustawy o emeryturach i rentach z FUS poprzez zakwalifikowanie jej do częściowej bądź całkowitej niezdolności. Ocena następuje w oparciu o przesłanki wyrażone w art. 13 ust.1 ustawy, a są nimi: stopień naruszenia sprawności organizmu oraz możliwości przywrócenia niezbędnej sprawności w drodze leczenia i rehabilitacji oraz możliwość wykonywania dotychczasowej pracy lub podjęcia innej pracy oraz celowość przekwalifikowania zawodowego, biorąc pod uwagę rodzaj i charakter dotychczas wykonywanej pracy, poziom wykształcenia, wiek i predyspozycje psychofizyczne.</xText>
          <xText>Kwestię niezdolności do pracy Sąd ustalił w oparciu o opinię biegłych lekarzy sądowych. Biegli z zakresu schorzeń, na które cierpi wnioskodawczyni, wydali opinię jednoznaczną w zakresie rozpoznanych schorzeń, jak i wniosków. Nie można im zasadnie zarzucić braku rzetelności czy też fachowości. Biegli wskazali na brak pogorszenia stanu zdrowia pod względem laryngologicznym. Od ostatniego badania stan zdrowia wnioskodawczyni uległ poprawie.</xText>
          <xText>Wnioskodawczyni nie przedstawiła merytorycznych zarzutów, co do rozpoznania i konkluzji opinii, a subiektywne odczucia nie stanowią podstawy do uwzględnienia odwołania. Przy rozstrzyganiu o niezdolności do pracy uwzględnieniu podlega zarówno kryterium biologiczne tzn. stan organizmu dotkniętego schorzeniem, jak i ekonomiczne tzn. związane z utratą zdolności do zarobkowania, wykonywania pracy zgodnie z poziomem posiadanych kwalifikacji. Nie można dokonywać rozważań z pominięciem którejkolwiek z tych przesłanek i dlatego równie istotny jest poziom wykształcenia odwołującej, wiek, doświadczenie zawodowe jak również przebieg schorzeń oraz kontynuowanie procesu leczenia. Prawo do renty przysługuje nie z racji samej choroby, niesprawności organizmu, upośledzenia jego funkcji, ale z racji ich istnienia i wpływu na zdolność do podjęcia zatrudnienia (kumulatywnie). Kwestie związane z trudnościami na rynku pracy i znalezieniem zatrudnienia, nie stanowią podstawy do przyznania świadczenia z ubezpieczenia społecznego.</xText>
          <xText>W związku z powyższym, na podstawie <xLexLink xArt="art. 477(14);art. 477(14) § 1" xIsapId="WDU19640430296" xTitle="Ustawa z dnia 17 listopada 1964 r. - Kodeks postępowania cywilnego" xAddress="Dz. U. z 1964 r. Nr 43, poz. 296">art. 477<xSUPx>14</xSUPx> §1 kpc</xLexLink> orzeczono jak <xBRx/>w sentencji.</xText>
          <xText>mt</xText>
        </xUnit>
      </xBlock>
    </xPart>
  </judgement>
<judgement id="151000000001521_III_AUa_000928_2012_Uz_2012-11-27_001">
    <xPart xEditorFullName="Artur Lichota" xYear="2012" xLang="PL" xPublisherFullName="Barbara Masternak" xFromPg="1" xEditor="alichota" xVolType="15/100000/0001521/AUa" xPublisher="bmasternak" xDocType="Uz" xVolNmbr="000928" xVersion="1.0" xToPage="1" xFlag="published">
      <xName>Wyrok+Uzasadnienie</xName>
      <xBlock>
        <xText>Sygn. akt III AUa 928/12</xText>
        
        <xUnit xIsTitle="true" xType="part" xBold="true">
          <xName>WYROK</xName>
          <xTitle>W IMIENIU RZECZYPOSPOLITEJ POLSKIEJ</xTitle>
          <xText xALIGNx="right">Dnia 27 listopada 2012 r.</xText>
          
          <xText>Sąd Apelacyjny - III Wydział Pracy i Ubezpieczeń Społecznych w Gdańsku</xText>
          <xText>w składzie:</xText>
          
          <xRows>
            <xCOLGROUPx>
              <xCOLx xWIDTHx="153"/>
              <xCOLx xWIDTHx="402"/>
            </xCOLGROUPx>
            <xRow>
              <xClmn xALIGNx="left" xVALIGNx="top">
                <xText>Przewodniczący:</xText>
              </xClmn>
              <xClmn xALIGNx="left" xVALIGNx="top">
                <xText>SSA Magdalena Budzyńska - Górecka</xText>
              </xClmn>
            </xRow>
            <xRow>
              <xClmn xALIGNx="left" xVALIGNx="top">
                <xText>Sędziowie:</xText>
              </xClmn>
              <xClmn xALIGNx="left" xVALIGNx="top">
                <xText>SSA Małgorzata Gerszewska</xText>
                <xText>SSA Maciej Piankowski (spr.)</xText>
                
              </xClmn>
            </xRow>
            <xRow>
              <xClmn xALIGNx="left" xVALIGNx="top">
                <xText>Protokolant:</xText>
              </xClmn>
              <xClmn xALIGNx="left" xVALIGNx="top">
                <xText>Agnieszka Skwirowska- Schoeneck</xText>
              </xClmn>
            </xRow>
          </xRows>
          
          <xText>po rozpoznaniu w dniu 27 listopada 2012 r. w Gdańsku</xText>
          <xText>sprawy <xAnon>C. M.</xAnon></xText>
          <xText>przeciwko Zakładowi Ubezpieczeń Społecznych Oddział w <xAnon>G.</xAnon></xText>
          <xText>o ubezpieczenie społeczne</xText>
          <xText>na skutek apelacji <xAnon>C. M.</xAnon></xText>
          <xText>od wyroku Sądu Okręgowego w Gdańsku- VII Wydziału Pracy i Ubezpieczeń Społecznych</xText>
          <xText>z dnia 12 marca 2012 r., sygn. akt VII U 1701/11</xText>
          
          <xText>oddala apelację.</xText>
          
          <xText>Sygn. akt III AUa 928/12</xText>
        </xUnit>
        <xUnit xIsTitle="true" xType="part" xBold="true">
          <xName>UZASADNIENIE</xName>
          <xText>Ubezpieczony <xAnon>C. M.</xAnon> odwołał się od decyzji pozwanego organu rentowego - Zakładu Ubezpieczeń Społecznych Oddział w <xAnon>G.</xAnon> z dnia 25.06.2010 r., którą stwierdzono, z tytułu prowadzenia działalności gospodarczej od dnia 01.04.1997 r. do dnia 31.12.1998 r. podlegał obowiązkowemu ubezpieczeniu społecznemu, zaś od dnia 01.01.1999 r. do dnia 30.04.2006 r. i od dnia 15.11.2008 r. podlega obowiązkowym ubezpieczeniom społecznym (emerytalnemu, rentowym i wypadkowemu). W uzasadnieniu decyzji podano, że ubezpieczony od dnia 15.01.1997 r. do 30.04.2006 r. oraz od dnia 15.11.2008 r. prowadzi działalność gospodarczą. Od dnia 15.01.1997 r. do dnia 31.03.1997 r. ubezpieczony podlegał ubezpieczeniu społecznemu rolników. Zgodnie z decyzją Kasy Rolniczego Ubezpieczenia Społecznego w <xAnon>G.</xAnon> z dnia 18.01.2005 r. ubezpieczony od dnia 01.04.1997 r. nie podlega ubezpieczeniu społecznemu rolników.</xText>
          <xText>Ubezpieczony – po sprecyzowaniu odwołania na rozprawie w dniu 28.11.2011 r. (k. 65) oraz w piśmie procesowym z dnia 12.03.2012 r. (k. 74-76) kwestionował okres podlegania ubezpieczeniu społecznemu z tytułu prowadzenia działalności gospodarczej od dnia 01.04.1997 r. do dnia 31.01.2005 r. twierdząc, że w tym okresie podlegał ubezpieczeniu rolników. Ubezpieczony cofnął odwołanie dotyczące świadczenia chorobowego za okres od 15.06.2004 r. do dnia 12.02.2005 r. (k. 66). Następnie ubezpieczony domagał się uchylenia zaskarżonej decyzji w całości (k. 74).</xText>
          <xText>Pozwany organ rentowy wniósł o oddalenie odwołania oraz zasądzenie od ubezpieczonego kosztów zastępstwa procesowego, podtrzymując argumentację zawartą w uzasadnieniu zaskarżonej decyzji.</xText>
          <xText>Wyrokiem z dnia 12.03.2012 r. Sąd Okręgowy w Gdańsku VII Wydział Pracy i Ubezpieczeń Społecznych umorzył postępowanie w zakresie przyznania prawa do świadczenia chorobowego i oddalił odwołanie w pozostałym zakresie.</xText>
          <xText>Powyższe rozstrzygnięcie Sąd Okręgowy oparł na następujących ustaleniach i rozważaniach.</xText>
          <xText>Ubezpieczony <xAnon>C. M.</xAnon> w dniu 15.07.1994 r. zawarł umowę dzierżawy nieruchomości rolnej z Agencją Własności Rolnej Skarbu Państwa i od tego też dnia dokonał zgłoszenia do ubezpieczenia rolniczego (emerytalno - rentowego i wypadkowo chorobowego i macierzyńskiego).</xText>
          <xText>Decyzją z dnia 01.03.1995 r. KRUS stwierdził podleganie ubezpieczeniu społecznemu rolników i obowiązek opłacania składek.</xText>
          <xText>W dniu 24.01.1997 r. ubezpieczony na podstawie umowy cesji przekazał dzierżawioną nieruchomość Spółce <xAnon>(...)</xAnon></xText>
          <xText>Ubezpieczony rozpoczął prowadzenie działalności gospodarczej od dnia 15.01.1997 r. i z tytułu prowadzonej działalności gospodarczej nie podlegał ubezpieczeniu społecznemu z uwagi na objęcie go ubezpieczeniem rolników.</xText>
          <xText>W dniu 07.02.1997 r. pozwany poinformował KRUS o rozpoczęciu prowadzenia działalności gospodarczej przez ubezpieczonego od dnia 15.01.1997 r. wskazując, że nie podlega on ubezpieczeniu społecznemu z tytułu prowadzenia przedmiotowej działalności z uwagi na podleganie ubezpieczeniu społecznemu rolników.</xText>
          <xText>Decyzją z dnia 07.03.1997 r. pozwany wyłączył ubezpieczonego z ubezpieczenia społecznego od dnia 15.01.1997 r. z uwagi na podleganie przez niego ubezpieczeniu społecznemu rolników.</xText>
          <xText>W dniu 08.06.2004 r. KRUS zwrócił się do ubezpieczonego z zapytaniem o formę opodatkowania oraz wysokość podatku należnego za rok 2003 r.</xText>
          <xText>Prezes KRUS decyzją z dnia 18.01.2005 r. stwierdził ustanie ubezpieczenia społecznego rolników ubezpieczonego w zakresie ubezpieczenia wypadkowego, chorobowego i macierzyńskiego od dnia 01.04.1997 r oraz ubezpieczenia emerytalno - rentowego od dnia 01.04.1997 r. Od tej decyzji ubezpieczony się odwołał. Sąd Okręgowy w Gdańsku wyrokiem z dnia 04.10.2006 r. oddalił odwołanie ubezpieczonego, zaś Sąd Apelacyjny oddalił jego apelację.</xText>
          <xText>Ubezpieczony od dnia 16.07.2004 r. do dnia 10.01.2005 r. pobrał nienależny mu zasiłek choroby w kwocie 1.246 zł.</xText>
          <xText>Decyzją Prezesa KRUS z dnia 25.01.2005 r. ubezpieczony został poinformowany o nadpłacie składek na ubezpieczenie społeczne rolników w kwocie 3.611,90 zł.</xText>
          <xText>KRUS pismem z dnia 22.02.2008 r. dokonała potrącenia wzajemnych wierzytelności wskazując, że wartość niedopłaty zasiłków chorobowych wypłaconych ubezpieczonemu zostanie pomniejszona o zwrot wartości nadpłaconej składki z tytułu wyłączenia z ubezpieczenia rolniczego.</xText>
          <xText>Ubezpieczony podlegał ubezpieczeniu społecznemu rolników od dnia 15.01.1997 r. do dnia 31.03.1997 r.</xText>
          <xText>Ubezpieczony został zgłoszony do ubezpieczenia społecznego z tytułu prowadzenia działalności gospodarczej w dniu 29.01.1997 r. od dnia 15.01.1997 r. Ubezpieczony złożył oświadczenie o podleganiu ubezpieczeniu społecznemu rolników i wniósł o zwolnienie od obowiązku opłacania składek na ubezpieczenie społeczne z tytułu prowadzenia działalności gospodarczej.</xText>
          <xText>Ubezpieczony figurował w ewidencji podatników Urzędu Skarbowego w <xAnon>M.</xAnon> z tytułu prowadzonej działalności gospodarczej od dnia 02.01.1997 r. do dnia 30.04.2006 r. oraz od dnia 15.11.2008 r. do dnia 16.03.2010 r. ( data informacji z US), brak jest informacji o zwieszeniu działalności gospodarczej.</xText>
          <xText>Od dnia 16.06.2004 r. do dnia 31.01.2005 r. ubezpieczony przebywał na zwolnieniu lekarskim.</xText>
          <xText>Zaskarżoną decyzją z dnia 25.06.2010 r. pozwany stwierdził, że ubezpieczony od dnia 01.04.1997 r. do dnia 31.12.1998 r., od dnia 01.01.1999 r. do dnia 30.04.2006 r. oraz od dnia 15.11.2008 r. polegał obowiązkowym ubezpieczeniom społecznym, w tym emerytalnemu, rentowemu i wypadkowemu z tytułu prowadzenia działalności gospodarczej.</xText>
          <xText>Sąd Okręgowy zważył, że odwołanie nie zasługiwało na uwzględnienie.</xText>
          <xText>Na wstępie Sąd Okręgowy wyjaśnił, że do dnia 31.12.1998 r. w zakresie ustalenia obowiązku ubezpieczeniowego osób prowadzących działalność gospodarczą obowiązywały przepisy ustawy z dnia 18.12.1997 r. o ubezpieczeniu społecznym osób prowadzących działalność gospodarczą (Dz. U. z 1989 r., nr 46, poz. 250) i stosownie do art. l tej ustawy ubezpieczeniu społecznemu podlegały osoby prowadzące działalność gospodarczą.</xText>
          <xText>Natomiast zgodnie z <xLexLink xArt="art. 6;art. 6 ust. 1;art. 6 ust. 1 pkt. 5" xIsapId="WDU19981370887" xTitle="Ustawa z dnia 13 października 1998 r. o systemie ubezpieczeń społecznych" xAddress="Dz. U. z 1998 r. Nr 137, poz. 887">art. 6 ust. 1 pkt 5 ustawy z dnia 13.10.1998 r. o systemie ubezpieczeń społecznych</xLexLink> (Dz. U. z 2009 r., nr 205, poz. 1585 ze zm.), obowiązującej od dnia 01.01.1999 r., obowiązkowo ubezpieczeniom emerytalnemu i rentowym podlegają, z zastrzeżeniem <xLexLink xArt="art. 8;art. 9" xIsapId="WDU19981370887" xTitle="Ustawa z dnia 13 października 1998 r. o systemie ubezpieczeń społecznych" xAddress="Dz. U. z 1998 r. Nr 137, poz. 887">art. 8 i 9</xLexLink>, osoby fizyczne, które na obszarze Rzeczypospolitej Polskiej są osobami prowadzącymi pozarolniczą działalność oraz osobami z nimi współpracującymi.</xText>
          <xText>Zgodnie z art. 12 ust. l ustawy obowiązkowo ubezpieczeniu wypadkowemu podlegają osoby podlegające ubezpieczeniom emerytalnemu i rentowym. Stosowanie do treści art. 13 ust. 4, obowiązkowo ubezpieczeniom emerytalnemu, rentowym, chorobowemu i wypadkowemu podlegają osoby fizyczne w następujących okresach - osoby prowadzące pozarolniczą działalność - od dnia rozpoczęcia wykonywania działalności do dnia zaprzestania wykonywania tej działalności, z wyłączeniem okresu, na który wykonywanie działalności zostało zawieszone na podstawie przepisów o swobodzie działalności gospodarczej.</xText>
          <xText>Działalnością gospodarczą jest zarobkowa działalność wytwórcza, handlowa, budowlana, usługowa oraz poszukiwanie, rozpoznawanie i eksploatacja zasobów naturalnych, wykonywana w sposób zorganizowany i ciągły.</xText>
          <xText>Działalność taka podlega obowiązkowemu zgłoszeniu organowi ewidencyjnemu. Obowiązek ten obejmuje także zmiany stanu faktycznego i prawnego odnoszące się do przedsiębiorcy i wykonywanej przez niego działalności gospodarczej [...] powstałe po dniu dokonania wpisu do ewidencji działalności gospodarczej. Wpis do ewidencji działalności gospodarczej podlega wykreśleniu - między innymi - w przypadku zawiadomienia o zaprzestaniu wykonywania działalności gospodarczej. Wpis do ewidencji nie tylko „legalizuje” wykonywanie działalności gospodarczej, ale też wyznacza czasowe granice bycia przedsiębiorcą. Wynikają z niego również inne konsekwencje prawne, przewidziane zwłaszcza w prawie podatkowym, czy szerzej finansowym i w prawie ubezpieczenia społecznego.</xText>
          <xText>Po dniu 31.12.1998 r. nastąpiło rozszerzenie zakresu podmiotowego ubezpieczeń społecznych oraz ich ujednolicenie, jak również ujednolicenie statusu ubezpieczonych poprzez wprowadzenie zasady równego ich traktowania. Zasada ta dotyczy także warunków objęcia systemem ubezpieczeń społecznych oraz obowiązku opłacania składek na ubezpieczenia społeczne. Ma to znaczenie dla pojmowania „wykonywania” działalności gospodarczej, a w konsekwencji dla określenia granic czasowych przymusu ubezpieczenia. Należy je, inaczej niż wynikało to z praktyki ukształtowanej na gruncie przepisów <xLexLink xArt="" xIsapId="WDU19760400235" xTitle="Ustawa z dnia 18 grudnia 1976 r. o ubezpieczeniu społecznym rzemieślników i niektórych innych osób prowadzących działalność zarobkową na własny rachunek oraz ich rodzin" xAddress="Dz. U. z 1976 r. Nr 40, poz. 235">ustawy z dnia 18.12.1976 r. o ubezpieczeniu społecznym osób prowadzących działalność gospodarczą oraz ich rodzin</xLexLink> (Dz. U. z 1989 r., nr 46, poz. 250 ze zm.), pojmować - w regule - formalnie. Przemawiają za taką zmianą liczne argumenty. W <xLexLink xArt="art. 37;art. 37 ust. 2" xIsapId="WDU19981370887" xTitle="Ustawa z dnia 13 października 1998 r. o systemie ubezpieczeń społecznych" xAddress="Dz. U. z 1998 r. Nr 137, poz. 887">art. 37 ust. 2 ustawy o systemie ubezpieczeń społecznych</xLexLink> przewidziany został obowiązek organu ewidencyjnego przekazania jednostce organizacyjnej Zakładu Ubezpieczeń Społecznych kopii uprawnień udzielonych przedsiębiorcom oraz decyzji cofających te uprawnienia, jeżeli nie mają obowiązku uzyskania wpisu w systemie REGON. Nadto, jak wynika z <xLexLink xArt="art. 13" xIsapId="WDU19981370887" xTitle="Ustawa z dnia 13 października 1998 r. o systemie ubezpieczeń społecznych" xAddress="Dz. U. z 1998 r. Nr 137, poz. 887">art. 13 ustawy o systemie ubezpieczeń społecznych</xLexLink>, okresy podlegania obowiązkowi ubezpieczenia wyznaczone zostały, co do zasady, przez formalne, a nie faktyczne wykonywanie działalności, która stanowi tytuł ubezpieczenia. Poza określeniem ich wprost (<xLexLink xArt="art. 13 pkt. 6" xIsapId="WDU19981370887" xTitle="Ustawa z dnia 13 października 1998 r. o systemie ubezpieczeń społecznych" xAddress="Dz. U. z 1998 r. Nr 137, poz. 887">pkt 6)</xLexLink> lub pośrednio (<xLexLink xArt="art. 13 pkt. 9;art. 13 pkt. 13;art. 13 pkt. 14;art. 13 pkt. 16" xIsapId="WDU19981370887" xTitle="Ustawa z dnia 13 października 1998 r. o systemie ubezpieczeń społecznych" xAddress="Dz. U. z 1998 r. Nr 137, poz. 887">pkt 9, 13, 14, 16</xLexLink>) okres uzyskiwania dochodu, wyznaczony jest trwaniem oznaczonej sytuacji prawnej, zwłaszcza pozostawaniem w zatrudnieniu, niezależnie od podstawy świadczenia pracy. Poza tym, na przedsiębiorcę nałożony został obowiązek zgłaszania w ewidencji zmian nie tylko prawnych, ale i faktycznych.</xText>
          <xText>Skoro tak, to okresowe zaprzestanie prowadzenia działalności z różnych przyczyn (np. choroby, urlopu, wyjazdu itp.) powinno być do ewidencji zgłoszone i wpisane.</xText>
          <xText>Przenosząc powyższe rozważania na grunt niniejszej sprawy Sąd Okręgowy wskazał, że w trakcie postępowania odwoławczego ubezpieczony sprecyzował zakres odwołania od decyzji z dnia 25.06.2010 r., wskazując, że kwestionuje okres podlegania ubezpieczeniu społecznemu z tytułu prowadzenia działalności gospodarczej od dnia 01.04.1997 r. do dnia 31.01.2005 r., zaś w pozostałym zakresie nie kwestionuje decyzji oraz cofnął roszczenie o zasądzenie świadczenia chorobowego za okres od 15.06.2004 r. do 12.02.2005 r.</xText>
          <xText>Sąd Okręgowy stwierdził, że niespornym było, iż ubezpieczony od dnia 15.07.1994 r. do dnia 30.03.1997 r. podlegał ubezpieczeniu społecznemu rolników (w tym wypadkowemu, chorobowemu i macierzyńskiemu). Decyzją z dnia 18.01.2005 r. KRUS wyłączył ubezpieczonego z ubezpieczenia społecznego rolników w zakresie ubezpieczenia wypadkowego, chorobowego i macierzyńskiego od dnia 01.04.1997 r. oraz ubezpieczenia emerytalno-rentowego od dnia 01.04.1997 r. Od tej decyzji ubezpieczony odwołał się i Sąd Okręgowy w Gdańsku wyrokiem z dnia 04.10.2006 r. oddalił jego odwołanie. Sąd Apelacyjny oddalił apelację.</xText>
          <xText>W ocenie Sądu Okręgowego sporne pozostało ustalenie, czy objęcie ubezpieczeniem społecznym od 01.04.1997 r. do 31.01.2005 r. z tytułu prowadzenia działalności gospodarczej jest prawidłowe.</xText>
          <xText>Sąd Okręgowy podkreślił, że ubezpieczony od dnia 02.01.1997 r. do dnia 30.04.2006 r. oraz od dnia 15.11.2008 r. figuruje jako osoba prowadząca działalność gospodarczą i brak jest informacji o zwieszeniu działalności gospodarczej.</xText>
          <xText>Ubezpieczony był objęty ubezpieczeniem rolniczym od dnia 15.07.1994 r. do dnia 30.03.1997 r. i wyłączony z tego ubezpieczenia od dnia 01.04.1997 r. z uwagi, na to, że w dniu 24.01.1997 r. na podstawie umowy cesji przekazał dzierżawioną nieruchomość Spółce<xAnon>(...)</xAnon>co spowodowało wyłączenie go z ubezpieczenia rolniczego, a równocześnie na dzień wyłączenia z ubezpieczenia rolniczego (01.04.1997 r.) ubezpieczony prowadził działalność gospodarczą, której data rozpoczęcia została określona na dzień 02.01.1997 r.</xText>
          <xText>W świetle powyższego ubezpieczony, zgodnie z art. l ustawy z dnia 18.12.1997 r. o ubezpieczeniu społecznym osób prowadzących działalność gospodarczą (Dz. U. z 1989 r., nr 46, poz. 250) oraz zgodnie z treścią art. <xLexLink xArt="art. 6;art. 6 ust. 1;art. 6 ust. 1 pkt. 5" xIsapId="WDU19981370887" xTitle="Ustawa z dnia 13 października 1998 r. o systemie ubezpieczeń społecznych" xAddress="Dz. U. z 1998 r. Nr 137, poz. 887">art. 6 ust. l pkt 5 ustawy o systemie ubezpieczeń społecznych</xLexLink>, od dnia 01.04.1997 r. do dnia 31.01.2005 r. był osobą prowadzącą pozarolniczą działalność gospodarczą podlegającą obowiązkowi ubezpieczenia emerytalnego i rentowego, zaś z mocy art. 12 tej ustawy - podlegającej także ubezpieczenia wypadkowemu.</xText>
          <xText>Przymusem ubezpieczenia objęte są osoby, które - stosownie do art. 8 ust. 6 pkt l ustawy - prowadzą działalność na podstawie przepisów o działalności gospodarczej, zaś obowiązek ubezpieczenia trwa - wedle art. 13 pkt 14 ustawy - od dnia rozpoczęcia wykonywania działalności do dnia zaprzestania wykonywania tej działalności.</xText>
          <xText>W świetle powyższego - z uwagi na ustanie ubezpieczenia rolniczego od dnia 01.04.1997 r. i równoczesne spełnienie przesłanek do objęcia ubezpieczeniem społecznym z tytułu prowadzenia działalności gospodarczej - w okresie od dnia 02.01.1997 r. do dnia 30.04.2006 r. oraz od dnia 15.11.2008 r. zaskarżona decyzja jest prawidłowa.</xText>
          <xText>W świetle oświadczenia ubezpieczonego o cofnięciu roszczenia o zasądzenie świadczenia chorobowego za okres od 15.06.2004 r. do 12.02.2005 r. Sąd Okręgowy na mocy <xLexLink xArt="art. 355" xIsapId="WDU19640430296" xTitle="Ustawa z dnia 17 listopada 1964 r. - Kodeks postępowania cywilnego" xAddress="Dz. U. z 1964 r. Nr 43, poz. 296">art. 355 k.p.c.</xLexLink> umorzył postępowanie w tym zakresie, o czym orzekł w pkt I wyroku.</xText>
          <xText>Sąd Okręgowy, na mocy <xLexLink xArt="art. 477(14);art. 477(14) § 1" xIsapId="WDU19640430296" xTitle="Ustawa z dnia 17 listopada 1964 r. - Kodeks postępowania cywilnego" xAddress="Dz. U. z 1964 r. Nr 43, poz. 296">art. 477<xSUPx>14</xSUPx> § l k.p.c.</xLexLink>, nie znajdując podstaw do uwzględnienia odwołania oddalił je, o czym orzekł w pkt II wyroku.</xText>
          <xText>Apelację od powyższego orzeczenia wywiódł ubezpieczony <xAnon>C. M.</xAnon>, który zaskarżył wyrok Sądu Okręgowego w części obejmującej pkt II. Ubezpieczony temu orzeczeniu zarzucił sprzeczność istotnych ustaleń Sądu z treścią zebranego w sprawie materiału poprzez przyjęcie, że ubezpieczony objęły był w spornym okresie ubezpieczeniem społecznym z tytułu prowadzenia działalności gospodarczej. Ubezpieczony zarzucił naruszenie przepisów procesowych, mogących mieć wpływ na wynik sprawy - poprzez pominięcie zebranych w sprawie dowodów, tj. nieuwzględnienie istnienia w obrocie prawnym sprzecznych ze sobą decyzji równorzędnych organów (ZUS i KRUS), dotyczących tej samej osoby (wnioskodawca) i tych samych okresów podlegania/niepodlegania ubezpieczeniom społecznym z tytułu prowadzenia dział. gosp. i/lub rolniczym, przyjęcie przez Sąd l instancji błędnych założeń, że ZUS wydając decyzję z dnia „07.03.1977 r.” nie naruszył przepisów <xLexLink xArt="art. 7;art. 7 ust. 1" xIsapId="WDU19910070024" xTitle="Ustawa z dnia 20 grudnia 1990 r. o ubezpieczeniu społecznym rolników" xAddress="Dz. U. z 1991 r. Nr 7, poz. 24">art. 7 ust. l</xLexLink> in fine oraz <xLexLink xArt="art. 16;art. 16 ust. 3" xIsapId="WDU19910070024" xTitle="Ustawa z dnia 20 grudnia 1990 r. o ubezpieczeniu społecznym rolników" xAddress="Dz. U. z 1991 r. Nr 7, poz. 24">art. 16 ust. 3 ustawy z dnia 20.12.1990 r. o ubezpieczeniu społecznym rolników</xLexLink>.</xText>
          <xText>Ubezpieczony wniósł o zmianę zaskarżonego wyroku w pkt II i uwzględnienie odwołania, ewentualnie o uchylenie wyroku i przekazanie sprawy Sądowi l instancji do ponownego rozpoznania, oraz o zasądzenie od pozwanego na jego rzecz kosztów procesu za obie instancje, w tym kosztów zastępstwa procesowego - wg norm przepisanych.</xText>
          <xText>Uzasadniając apelację ubezpieczony wskazał, że dokonana przez Sąd I instancji ocena prawna w zakresie podlegania ubezpieczeniom społecznym osób fizycznych prowadzących działalność gospodarczą jest poprawna, jednakże utrzymana wyrokiem Sądu l instancji zaskarżona decyzja jest nieprawidłowa, bowiem została oparta na wadliwych decyzjach ZUS i KRUS, a w związku z tym powinna być wyeliminowana z obrotu prawnego poprzez jej uchylenie.</xText>
          <xText>Organy orzekające w sprawach dotyczących objęcia osób fizycznych ubezpieczeniem społecznym z tytułu prowadzenia dział. gosp. bądź ubezpieczeniem rolniczym zobowiązane są do działania na podstawie i w granicach obowiązujących przepisów prawa, w tym także w oparciu o przepisy <xLexLink xArt="" xIsapId="WDU19600300168" xTitle="Ustawa z dnia 14 czerwca 1960 r. - Kodeks postępowania administracyjnego" xAddress="Dz. U. z 1960 r. Nr 30, poz. 168">kodeksu postępowania administracyjnego</xLexLink>, w szczególności podstawowe zasady tego kodeksu. Organy wydające decyzje w sprawie ubezpieczonego naruszyły przepisy postępowania (<xLexLink xArt="art. 110;art. 145;art. 156" xIsapId="WDU19600300168" xTitle="Ustawa z dnia 14 czerwca 1960 r. - Kodeks postępowania administracyjnego" xAddress="Dz. U. z 1960 r. Nr 30, poz. 168">art. 110, 145 i 156 k.p.a.</xLexLink>), w tym zasady ogólne postępowania administracyjnego. Zasady ogólne obowiązują we wszystkich fazach postępowania, a ich naruszenie w połączeniu z naruszeniem konkretnego przepisu <xLexLink xArt="" xIsapId="WDU19600300168" xTitle="Ustawa z dnia 14 czerwca 1960 r. - Kodeks postępowania administracyjnego" xAddress="Dz. U. z 1960 r. Nr 30, poz. 168">k.p.a.</xLexLink> zawsze skutkuje wadliwością decyzji. W sprawie ubezpieczonego organy prowadzące postępowanie wielokrotnie naruszyły kilka ogólnych zasad postępowania administracyjnego - zasadę praworządności (legalności), zasadę pogłębiania zaufania obywateli do organów państwa oraz świadomość i kulturę prawną obywateli (<xLexLink xArt="art. 8" xIsapId="WDU19600300168" xTitle="Ustawa z dnia 14 czerwca 1960 r. - Kodeks postępowania administracyjnego" xAddress="Dz. U. z 1960 r. Nr 30, poz. 168">art. 8 k.p.a.</xLexLink>), zasadę dochodzenia prawdy obiektywnej (<xLexLink xArt="art. 7" xIsapId="WDU19600300168" xTitle="Ustawa z dnia 14 czerwca 1960 r. - Kodeks postępowania administracyjnego" xAddress="Dz. U. z 1960 r. Nr 30, poz. 168">art. 7 k.p.a.</xLexLink>), zasadę informowania stron oraz czuwania nad tym, aby strony i inni uczestnicy postępowania nie ponieśli szkody z powodu nieznajomości prawa (<xLexLink xArt="art. 9" xIsapId="WDU19600300168" xTitle="Ustawa z dnia 14 czerwca 1960 r. - Kodeks postępowania administracyjnego" xAddress="Dz. U. z 1960 r. Nr 30, poz. 168">art. 9 k.p.a.</xLexLink>), a także zasadę trwałości ostatecznych decyzji administracyjnych (<xLexLink xArt="art. 16" xIsapId="WDU19600300168" xTitle="Ustawa z dnia 14 czerwca 1960 r. - Kodeks postępowania administracyjnego" xAddress="Dz. U. z 1960 r. Nr 30, poz. 168">art. 16 k.p.a.</xLexLink>).</xText>
          <xText>Pozwany wydając zaskarżoną decyzję oraz Sąd l instancji orzekając w sprawie nie wzięły pod uwagę, że nie zostały w prawidłowy sposób wyeliminowane z obrotu prawnego prawomocne i ostateczne decyzje - decyzja KRUS z dnia 01.03.1995 r. (stwierdzająca podleganie przez wnioskodawcę ubezpieczeniu społecznemu rolników), jak również decyzja ZUS z dnia 07.03.1997r. (o nie podleganiu przez wnioskodawcę ubezpieczeniu społecznemu z tytułu prowadzonej działalności gospodarczej). KRUS decyzją z dnia 07.07.2004 r. stwierdził obowiązek opłacania przez wnioskodawcę kwartalnej składki na ubezpieczenie społeczne rolników w podwójnej wysokości, poczynając od II kw. 2004 r. w związku z tym, że wnioskodawca prowadził działalność gospodarczą i która to decyzja również nie została w prawidłowy sposób uchylona. Powyższe decyzje się uprawomocniły i stały ostateczne - w razie zaistnienia podstaw do zmiany którejkolwiek z w/w decyzji, organ winien był, zgodnie z zasadą związania organów i stron i trwałości decyzji ostatecznych (<xLexLink xArt="art. 16;art. 16 § 1;art. 110" xIsapId="WDU19600300168" xTitle="Ustawa z dnia 14 czerwca 1960 r. - Kodeks postępowania administracyjnego" xAddress="Dz. U. z 1960 r. Nr 30, poz. 168">art. 16 § l i art. 110 k.p.a.</xLexLink>) - doprowadzić do wyeliminowania w/w decyzji z obrotu prawnego poprzez przewidziane przepisami prawa instytucje (tj. uchylenie lub zmianę, stwierdzenie nieważności bądź też wznowienie postępowania), ale tylko w przypadkach przewidzianych w kodeksie lub ustawach szczególnych. Tymczasem w przedmiotowej sprawie organy nie podjęły żadnej z w/w możliwości wzruszenia decyzji, i wydały z pogwałceniem obowiązujących przepisów prawa, kolejne decyzje: KRUS wydał w dniu 18.01.2005 r. decyzję stwierdzającą ustanie ubezpieczenia społecznego rolnika (wnioskodawcy) za okres od 01.04.1997 r. Decyzja ta jest nieprawidłowa. Ustalenie prawa do objęcia ubezpieczeniem społecznym może nastąpić tylko na przyszłość i decyzja taka jest decyzją deklaratoryjną. Ponieważ decyzje KRUS z dnia 01.03.1995 r. i z dnia 07.07.2004 r. nie zostały we właściwy sposób uchylone lub zmienione bądź taż nie stwierdzono ich nieważności - to wydanie kolejnej decyzji przez KRUS w dniu 18.01.2005 r. stwarza sytuację, że w obrocie prawnym istnieją w jednym czasie dwie sprzeczne ze sobą decyzje tego samego organu, dotyczące tej samej osoby (wnioskodawcy w przedmiotowym postępowaniu) i tego samego okresu objęcia ubezpieczeniem. Jeśli więc organ nie dokonał wzruszenia występujących w obrocie prawnym decyzji ostatecznych, to nie miał prawa ustalać niepodlegania przez wnioskodawcę ubezpieczeniu rolniczemu wstecz - mógł to zrobić jedynie deklaratoryjnie, na przyszłość.</xText>
          <xText>Podstawą wydania zaskarżonej decyzji ZUS, a w konsekwencji wyroku Sądu l instancji w zaskarżonej części - nie mogła być wydana z naruszeniem prawa decyzja innego organu. Oparcie się przez ZUS na decyzji KRUS z dnia 18.01.2005 r. i wydanie przez ZUS decyzji w dniu 25.06.2010 r. o podleganiu przez wnioskodawcę ubezpieczeniu społecznemu za okres wstecz - było niezgodne z przepisami prawa.</xText>
          <xText>Zwykły obywatel nie może ponosić negatywnych skutków niezgodnego z prawem działania i wadliwego działania jakichkolwiek organów państwa. Pozostawienie przez Sąd I instancji w obrocie prawnym decyzji ZUS z dnia 25.06.2010 r. w zaskarżonej części będzie usankcjonowaniem nieprawnego działania organów.</xText>
          <xText>ZUS wydał w dniu 07.03.1997 r. decyzję o niepodleganiu przez wnioskodawcę od dnia 15.01.1997 r. ubezpieczeniu w ZUS, jednakże decyzja ta została wydana po dwóch miesiącach podleganiu przez wnioskodawcę temu ubezpieczeniu - w związku powyższym taka decyzja była sprzeczna z obowiązującym w dniu jej wydania prawem, tj. przepisami <xLexLink xArt="art. 7;art. 7 ust. 1" xIsapId="WDU19910070024" xTitle="Ustawa z dnia 20 grudnia 1990 r. o ubezpieczeniu społecznym rolników" xAddress="Dz. U. z 1991 r. Nr 7, poz. 24">art. 7 ust. l</xLexLink> in fine oraz <xLexLink xArt="art. 16;art. 16 ust. 3" xIsapId="WDU19910070024" xTitle="Ustawa z dnia 20 grudnia 1990 r. o ubezpieczeniu społecznym rolników" xAddress="Dz. U. z 1991 r. Nr 7, poz. 24">art. 16 ust. 3 ustawy z dnia 20.12.1990 r. o ubezpieczeniu społecznym rolników</xLexLink>. Wykładni prawnej powyższych artykułów dokonał Sąd Najwyższy w uzasadnieniu wyroku z dnia 26.07.2006 r., III UK 46/06, OSNP 2007/15-16/233, gdzie czytamy: „Wykluczenie powrotu do ubezpieczenia społecznego rolników, którzy po podjęciu działalności gospodarczej zostali objęci innym ubezpieczeniem, znajduje mocne potwierdzenie w użytych w art. 5a ustawy sformułowaniach, odnoszących się do czasu dokonania wyboru ubezpieczenia. Ustawodawca używając słów „podlega nadal temu ubezpieczeniu” wskazał, iż przy zbiegu ubezpieczeń społecznych, przez jednoczesne podleganie ubezpieczeniu rolniczemu i z tytułu podjętej działalności gospodarczej możliwy jest wyłącznie wybór innego ubezpieczyciela”.</xText>
          <xText>Zatem w przypadku wnioskodawcy nie zachodziła taka okoliczność, ponieważ wnioskodawca podlegał od 15.01.1997 r. ubezpieczeniu w ZUS i z tego tytułu opłacał składki za styczeń i luty 1997 r. Zatem skoro wnioskodawca nie miał prawa wrócić do ubezpieczenia w KRUS, to tym bardziej przed wydaniem zaskarżonej w niniejszym postępowaniu decyzji ZUS winien był w prawidłowy sposób wyeliminować obrotu prawnego decyzję z 07.03.1997 r. o niepodleganiu przez wnioskodawcę w ZUS. Z wyroku SN z dnia 19.03.2003 r., II UK 157/02 (OSN 2004/3/9) wynika, iż „Decyzja organu rentowego o wyłączeniu z obowiązku ubezpieczenia społecznego, wydana na podstawie przepisów <xLexLink xArt="" xIsapId="WDU19860420202" xTitle="Ustawa z dnia 25 listopada 1986 r. o organizacji i finansowaniu ubezpieczeń społecznych" xAddress="Dz. U. z 1986 r. Nr 42, poz. 202">ustawy z dnia 25.11.1986 r. o organizacji i finansowaniu ubezpieczeń społecznych</xLexLink> (t. jedn.: Dz. U. z 1989 r., nr 25, poz. 137 ze zm.) nie może wywoływać skutków prawnych po 01.01.1999 r., tj. po wejściu w życie <xLexLink xArt="" xIsapId="WDU19981370887" xTitle="Ustawa z dnia 13 października 1998 r. o systemie ubezpieczeń społecznych" xAddress="Dz. U. z 1998 r. Nr 137, poz. 887">ustawy z dnia 13.10.1998 r. o systemie ubezpieczeń społecznych</xLexLink> (Dz. U. Nr. 137, poz. 887 ze zm.), jeżeli jej postanowienia są sprzeczne z przepisami tej ustawy”.</xText>
          <xText>Utrwaliła się linia orzecznictwa SN, zgodnie z którą samo złożenie oświadczenia przez rolnika nie ma mocy prawnej, dającej możliwość bezwzględnego wydania decyzji o niepodleganiu ubezpieczeniu w ZUS. Oświadczenie takie wyraża tylko wolę oświadczającego i winno skutkować wszczęciem postępowania administracyjnego przez organ państwowy, zgodnie z <xLexLink xArt="art. 61;art. 61 § 1" xIsapId="WDU19600300168" xTitle="Ustawa z dnia 14 czerwca 1960 r. - Kodeks postępowania administracyjnego" xAddress="Dz. U. z 1960 r. Nr 30, poz. 168">art. 61 § l k.p.a.</xLexLink></xText>
          <xText>Sąd Apelacyjny zważył, co następuje.</xText>
          <xText>Apelacja jest bezzasadna.</xText>
          <xText>Sąd Apelacyjny aprobuje i przyjmuje za własne ustalenia faktyczne oraz rozważania prawne poczynione przez Sąd I instancji, a co za tym idzie nie ma potrzeby ich szczegółowego powtarzania (por. orzeczenia Sądu Najwyższego z dnia 13.12.1935 r., C.III. 680/34, Zb.Urz. 1936, poz. 379; z dnia 01.08.1936 r., C.III. 344/35, RPEiS 1936, nr 4, s. 839; z dnia 25.11.1937 r., C.II. 1334/37, Zb.Urz. 1938, poz. 375; z dnia 14.02.1938 r., C.II. 2172/37, <xLexLink xArt="" xIsapId="WDU19820300210" xTitle="Ustawa z dnia 16 września 1982 r. - Prawo spółdzielcze" xAddress="Dz. U. z 1982 r. Nr 30, poz. 210">PS</xLexLink> 1938, poz. 364 i 380; z dnia 09.04.1938 r., C.II. 2613/37, <xLexLink xArt="" xIsapId="WDU19820300210" xTitle="Ustawa z dnia 16 września 1982 r. - Prawo spółdzielcze" xAddress="Dz. U. z 1982 r. Nr 30, poz. 210">PS</xLexLink> 1938, nr 9, poz. 595; a także w ostatnich latach wyroki Sądu Najwyższego z dnia 08.10.1998 r., II CKN 923/97, OSNC 1999, nr 3, poz. 60; z dnia 20.01.2010 r., II PK 178/09, Lex nr 577829).</xText>
          <xText>Wstępnie należy wyjaśnić, że w sprawie z odwołania od decyzji organu rentowego, jej treść wyznacza przedmiot i zakres rozpoznania oraz orzeczenia sądu pracy i ubezpieczeń społecznych (tak np. Sąd Najwyższy w postanowieniu z 13.05.1999 r., II UZ 52/99, OSNAPiUS 2000 nr 15, poz. 601 oraz w uzasadnieniu wyroku z 02.10.2008 r., I UK 88/08, OSNP 2010 nr 7-8, poz. 100, a nadto w wyroku z 06.09.2000 r. II UKN 685/99).</xText>
          <xText>Zgodnie z <xLexLink xArt="art. 476;art. 476 § 2" xIsapId="WDU19640430296" xTitle="Ustawa z dnia 17 listopada 1964 r. - Kodeks postępowania cywilnego" xAddress="Dz. U. z 1964 r. Nr 43, poz. 296">art. 476 § 2 k.p.c.</xLexLink>, sprawą z zakresu ubezpieczeń społecznych jest sprawa, w której wniesiono odwołanie od decyzji organu rentowego. Zakres rozpoznania i orzeczenia (przedmiot sporu) w tych sprawach wyznaczony jest zatem w pierwszej kolejności przedmiotem decyzji organu rentowego zaskarżonej do sądu ubezpieczeń społecznych (por. postanowienia Sądu Najwyższego z 13.05.1999 r., II UZ 52/99, OSNAPiUS 2000 nr 15, poz. 601 oraz z 18.01.2008 r. II UZ 43/07, Lex nr 442809; wyrok Sądu Najwyższego z 04.12.2009 r., III UK 44/09, Lex nr 578157), a w drugim rzędzie przedmiotem postępowania sądowego, określonego zakresem odwołania od decyzji organu rentowego do sądu (por. postanowienia Sądu Najwyższego z 11.04.2006 r., II UZ 1/06; z 13.10.2009 r., II UK 234/08, Lex nr 553692).</xText>
          <xText>Reasumując, zakres i przedmiot rozpoznania sądowego wyznacza treść decyzji organu rentowego. Decyzja zapada po przeprowadzeniu postępowania administracyjnego, a w późniejszym postępowaniu, wywołanym odwołaniem do sądu ubezpieczeń społecznych, zgodnie z systemem orzekania w sprawach z tego zakresu, sąd rozstrzyga o prawidłowości zaskarżonej decyzji. W sprawie, w której wniesiono odwołanie od decyzji organu rentowego, przedmiot sporu nie może więc wykraczać poza treść tej decyzji.</xText>
          <xText>W niniejszej sprawie odwołanie dotyczyło decyzji Zakładu Ubezpieczeń Społecznych (a nie rolniczego organu rentowego) z dnia 25.06.2010 r., która stwierdzała podleganie przez ubezpieczonego obowiązkowemu ubezpieczeniu społecznemu z tytułu prowadzenia działalności gospodarczej (czyli pozarolniczej) od dnia 01.04.1997 r. do dnia 31.12.1998 r. oraz podlegania przez ubezpieczonego – z tego samego tytułu – obowiązkowym ubezpieczeniom społecznym od dnia 01.01.1999 r. do dnia 30.04.2006 r. oraz od dnia 15.11.2008 r.</xText>
          <xText>Tymczasem decyzja Zakładu Ubezpieczeń Społecznych Oddział w <xAnon>S.</xAnon> z dnia 07.03.1997 r. (w apelacji zapewne błędnie oznaczono rok 1977 r.) była decyzją, która nie tylko została wydana przed dniem 01.04.1997 r., ale ponadto stwierdzała, że ubezpieczony nie podlegał od dnia 15.01.1997 r. ubezpieczeniu społecznemu unormowanemu <xLexLink xArt="" xIsapId="WDU19330510396" xTitle="Ustawa z dnia 28 marca 1933 r. o ubezpieczeniu społecznym" xAddress="Dz. U. z 1933 r. Nr 51, poz. 396">ustawą o ubezpieczeniu społecznym</xLexLink> osób prowadzących działalność oraz ich rodzin. Zaskarżona w niniejszym postępowaniu decyzja dotyczy zatem okresu późniejszego, bo dopiero od dnia 01.04.1997 r.</xText>
          <xText>Już jedynie w świetle powyższego stwierdzenia nie można zaakceptować jako zasadnego zarzutu apelacji, jakoby Zakład Ubezpieczeń Społecznych wydał sprzeczne ze sobą decyzje i aby zachodziła konieczność uchylenia zaskarżonej decyzji, czy też decyzji z dnia 07.03.1997 r. Decyzje te została wydane w różnych datach i obejmowały inne okresy, a nadto brały pod uwagę różne stany faktyczne i prawne.</xText>
          <xText>Najistotniejsza w omawianej kwestii jest jednak zasada rozstrzygania przez sąd w postępowaniu cywilnym w sprawach z zakresu ubezpieczeń społecznych o prawach lub obowiązkach stron na podstawie przepisów prawa materialnego (<xLexLink xArt="art. 477(14);art. 477(14) § 1;art. 477(14) § 2" xIsapId="WDU19640430296" xTitle="Ustawa z dnia 17 listopada 1964 r. - Kodeks postępowania cywilnego" xAddress="Dz. U. z 1964 r. Nr 43, poz. 296">art. 477<xSUPx>14</xSUPx> § 1 i 2 k.p.c.</xLexLink> z wyjątkiem wskazanym w § 4 tego artykułu). W rezultacie, indywidualna norma prawna zawarta w orzeczeniu ma charakter materialny, ustalający treść indywidualnego stosunku prawnego ubezpieczenia społecznego. Sąd dokonuje merytorycznej, a więc uwzględniającej przepisy prawa materialnego kontroli prawidłowości aktu organów rentowych, natomiast wady decyzji wynikające z naruszeń przepisów postępowania przed organem rentowym pozostają zasadniczo poza zakresem jego rozpoznania. Od momentu wniesienia odwołania do sądu rozpoznawana sprawa staje się sprawą cywilną, podlegającą rozstrzygnięciu według zasad właściwych dla tej kategorii. Odwołanie od decyzji pełni rolę pozwu, a jego zasadność ocenia się na podstawie właściwych przepisów prawa materialnego. Na tego rodzaju wadach decyzji skupia się też postępowanie sądowe, a wady spowodowane naruszeniem przepisów postępowania przed organem rentowym, pozostają w zasadzie poza przedmiotem postępowania. Jednakże, zgodnie z ugruntowaną koncepcją bezwzględnej nieważności aktu administracyjnego, sąd ubezpieczeń społecznych - jako sąd powszechny - może i powinien dostrzegać wady formalne decyzji administracyjnej, które dyskwalifikują ją w stopniu odbierającym jej cechy takiego aktu (zob. wyrok Sądu Najwyższego z dnia 01.09.2010 r., III UK 15/10, LEX nr 667499 i tam powołane wcześniejsze orzecznictwo). Do takich wad zalicza się brak organu powołanego do orzekania w określonej materii, niezastosowanie jakiejkolwiek procedury lub oczywiste naruszenie zasad postępowania administracyjnego (szerzej uzasadnienie wyroku Sądu Najwyższego z dnia 10.06.2008 r., I UK 376/07, OSNP 2009 nr 21-22). Opisywaną zasadę potwierdza dobitnie to, że sąd orzekający w sprawach ubezpieczeń społecznych może stosować jedynie przepisy <xLexLink xArt="" xIsapId="WDU19640430296" xTitle="Ustawa z dnia 17 listopada 1964 r. - Kodeks postępowania cywilnego" xAddress="Dz. U. z 1964 r. Nr 43, poz. 296">kodeksu postępowania cywilnego</xLexLink>, a przepisy te nie pozwalają sądowi I instancji uchylić zaskarżonej decyzji. Zatem żądanie ubezpieczonego uchylenia zaskarżonej decyzji z powołaniem się na naruszenie przepisów <xLexLink xArt="" xIsapId="WDU19600300168" xTitle="Ustawa z dnia 14 czerwca 1960 r. - Kodeks postępowania administracyjnego" xAddress="Dz. U. z 1960 r. Nr 30, poz. 168">kodeksu postępowania administracyjnego</xLexLink> (pismo na k. 74) było chybione.</xText>
          <xText>Ponadto Sąd Apelacyjny nie stwierdził, aby zaskarżona decyzja z dnia 25.06.2010 r. dotknięta była taką wadą, która dyskwalifikowałaby ją w stopniu odbierającym jej cechy takiego aktu.</xText>
          <xText>Przedmiotem niniejszego postępowania odwoławczego nie była również decyzja Prezesa Kasy Rolniczego Ubezpieczenia Społecznego z dnia 18.01.2005 r., którą stwierdzono ustanie ubezpieczenia społecznego rolników w zakresie ubezpieczenia emerytalno-rentowego, wypadkowego, chorobowego i macierzyńskiego dla wnioskodawcy od dnia 01.04.1997 r.</xText>
          <xText>Od powyższej decyzji ubezpieczony się odwołał i w tej sprawie toczyło się postępowania przed Sądem Okręgowym w Gdańsku (sygn. akt VIII U 1715/05), który w dniu 04.10.2006 r. ogłosił wyrok oddalający odwołanie i wyrok ten jest orzeczeniem prawomocnym. Podnoszone obecnie zarzuty dotyczące uchybień przy wydaniu przez Prezesa KRUS decyzji z dnia 18.01.2005 r. są bezprzedmiotowe, gdyż powinny być one przedmiotem oceny w toku postępowania odwoławczego prowadzonego w sprawie o sygn. akt VIII U 1715/05. Kwestia niepodlegania ubezpieczeniu społecznemu rolników w zakresie objętym decyzją Prezesa KRUS z dnia 18.01.2005 r. korzysta z powagi rzeczy osądzonej. Okoliczność tę musiał uwzględnić zarówno pozwany organ rentowy przy wydaniu zaskarżonej decyzji z dnia 25.06.2010 r., jak i Sąd I instancji, a obecnie także Sąd Apelacyjny.</xText>
          <xText>Konieczne zatem było stwierdzenie, że ubezpieczony do dnia 31.03.1997 r. podlegał ubezpieczeniu społecznemu rolników w związku z prowadzeniem działalności rolniczej w oparciu o wydzierżawione grunty. Od lutego 1997 r. ubezpieczony przestał prowadzić działalność rolniczą i nie podejmował takiej działalności później. Ubezpieczony prowadził ponadto pozarolniczą działalność gospodarczą w zakresie handlu i fakt ten ubezpieczony zgłosił Zakładowi Ubezpieczeń Społecznych oświadczając, że jest ubezpieczony w KRUS i wybiera to ubezpieczenie. Na tej podstawie została wydana opisana wyżej decyzja z dnia 07.03.1997 r. Ubezpieczony nie zgłosił w KRUS, że zaprzestał prowadzenia działalności rolniczej. Dopiero w 2004 r., kiedy upływał okres na jaki została zawarta przez ubezpieczonego umowa dzierżawy gruntów rolnych z dnia 15.07.1994 r. KRUS dokonał weryfikacji prowadzenia przez ubezpieczonego działalności rolniczej i ustalił, że ubezpieczony tej działalności nie prowadził od 1997 r.</xText>
          <xText>Należy też wyjaśnić, że w danej sprawie mogą wystąpić dwie różne sytuacje. Może mianowicie pojawić się kwestia ponownej oceny spełniania warunków do podlegania (lub niepodlegania) określonym ubezpieczeniom po ujawnieniu okoliczności które nie były wcześniej znane, czyli wymaga to ponownej oceny, która już była przedmiotem decyzji. Po drugie może zajść przypadek, gdy już po wydaniu decyzji następuje zmiana okoliczności faktycznych (np. zaprzestanie prowadzenia działalności mającej znaczenia dla podlegania określonym ubezpieczeniom). Ta druga z opisanych sytuacji wystąpiła w niniejszej sprawie.</xText>
          <xText>Problem ponownego ustalenia przez organ rentowy niepodlegania ubezpieczeniu rolniczemu był rozstrzygany w orzecznictwie Sądu Najwyższego. Sąd Najwyższy przyjmował możliwość ponownego ustalenia z urzędu tytułu niepodlegania ubezpieczeniu społecznemu. Chodziło w tych przypadkach o ujawnienie istotnych okoliczności, które zostały zatajone przez ubezpieczonego. Na tej podstawie Sąd Najwyższy stwierdzał, że ponownie wydana decyzja wywołuje skutek z mocą wsteczną (ex tunc). Stanowisko takie zostało zajęte przez Sąd Najwyższy np. w wyrokach z dnia 11.03.2008 r., I UK 256/07 (OSNP 2009 nr 11-12, poz. 159); z dnia 19.09.2007 r., III UK 39/07 (OSNP 2008 nr 21-22, poz. 330) i z dnia 09.06.2008 r., II UK 312/07.</xText>
          <xText>Decyzje w sprawach „podlegania ubezpieczeniu oraz ustania ubezpieczenia” oraz „stwierdzania i ustalania obowiązku ubezpieczeń społecznych” wydaje z urzędu lub na wniosek właściwy organ rentowy (odpowiednio - Prezes Kasy Rolniczego Ubezpieczenia Społecznego na podstawie <xLexLink xArt="art. 36;art. 36 ust. 1;art. 36 ust. 1 pkt. 1;art. 36;art. 36 ust. 2" xIsapId="WDU19910070024" xTitle="Ustawa z dnia 20 grudnia 1990 r. o ubezpieczeniu społecznym rolników" xAddress="Dz. U. z 1991 r. Nr 7, poz. 24">art. 36 ust. 1 pkt 1 i art. 36 ust. 2</xLexLink> w związku z <xLexLink xArt="art. 2;art. 2 ust. 2;art. 3" xIsapId="WDU19910070024" xTitle="Ustawa z dnia 20 grudnia 1990 r. o ubezpieczeniu społecznym rolników" xAddress="Dz. U. z 1991 r. Nr 7, poz. 24">art. 2 ust. 2 oraz art. 3 ustawy o ubezpieczeniu społecznym rolników</xLexLink>; Zakład Ubezpieczeń Społecznych na podstawie <xLexLink xArt="art. 68;art. 68 ust. 1;art. 68 ust. 1 pkt. 1" xIsapId="WDU19981370887" xTitle="Ustawa z dnia 13 października 1998 r. o systemie ubezpieczeń społecznych" xAddress="Dz. U. z 1998 r. Nr 137, poz. 887">art. 68 ust. 1 pkt 1 ustawy o systemie ubezpieczeń społecznych</xLexLink>). Decyzje takie mają przy tym charakter rozstrzygnięć deklaratoryjnych i są wydawane dla stwierdzenia w konkretnej sytuacji faktycznej, że albo osoba, która dotychczas nie była objęta tym ubezpieczeniem, spełniła określone ustawą wymagania prawne, które uzasadniają „objęcie” jej tym ubezpieczeniem (decyzja o podleganiu temu ubezpieczeniu), albo osoba dotychczas objęta tym ubezpieczeniem, przestała spełniać określone ustawą wymagania prawne, uzasadniające „objęcie” jej tym ubezpieczeniem, co prowadzi do ustania podlegania temu ubezpieczeniu. Oznacza to, że decyzja w sprawie stwierdzenia „ustania ubezpieczenia” nie musi być wydawana w wyniku wznowienia postępowania w sprawie zakończonej uprzednio wydaniem ostatecznej decyzji o „podleganiu ubezpieczeniu”, jeżeli nie ma ona na celu ponownego rozpoznania i rozstrzygnięcia tej samej sprawy, a jest wydawana w wyniku wszczęcia nowego postępowania, w którym organ rentowy stwierdza, że osoba podlegająca dotychczas ubezpieczeniu następnie przestała spełniać wymagania ustawowe konieczne dla dalszego objęcia jej tym ubezpieczeniem, to zaś następowało, wobec treści <xLexLink xArt="art. 3 a;art. 3 a ust. 1" xIsapId="WDU19910070024" xTitle="Ustawa z dnia 20 grudnia 1990 r. o ubezpieczeniu społecznym rolników" xAddress="Dz. U. z 1991 r. Nr 7, poz. 24">art. 3a ust. 1 ustawy o ubezpieczeniu społecznym rolników</xLexLink>, z końcem kwartału, w którym ustały okoliczności uzasadniające podleganie temu ubezpieczeniu. Zasady te dotyczą sytuacji, gdy po prawidłowym objęciu ubezpieczeniem rolniczym zaszły okoliczności wyłączające z tego ubezpieczenia.</xText>
          <xText>Ubezpieczony w okresie wskazanym w zaskarżonej decyzji ZUS z dnia 25.06.2010 r. prowadził działalność gospodarczą (pozarolniczą) i nie podlegał ubezpieczeniu społecznemu rolników.</xText>
          <xText>W związku z powyższym ubezpieczony od dnia 01.04.1997 r. – zgodnie z <xLexLink xArt="art. 1;art. 1 ust. 1" xIsapId="WDU19760400235" xTitle="Ustawa z dnia 18 grudnia 1976 r. o ubezpieczeniu społecznym rzemieślników i niektórych innych osób prowadzących działalność zarobkową na własny rachunek oraz ich rodzin" xAddress="Dz. U. z 1976 r. Nr 40, poz. 235">art. 1 ust. 1 ustawy z dnia 18.12.1976 r. o ubezpieczeniu społecznym osób prowadzących działalność gospodarczą oraz ich rodzin</xLexLink> (Dz. U. z 1989 r., nr 46, poz. 250 ze zm.) - podlegał obowiązkowemu ubezpieczeniu społecznemu, zaś po dniu 31.12.1998 r. w oparciu o <xLexLink xArt="art. 6;art. 6 ust. 1;art. 6 ust. 1 pkt. 5" xIsapId="WDU19981370887" xTitle="Ustawa z dnia 13 października 1998 r. o systemie ubezpieczeń społecznych" xAddress="Dz. U. z 1998 r. Nr 137, poz. 887">art. 6 ust. 1 pkt 5 ustawy z dnia 13.10.1998 r. o systemie ubezpieczeń społecznych</xLexLink> (Dz. U. z 2009 r., nr 205, poz. 1585 ze zm.) podlegał obowiązkowym ubezpieczeniom społecznym.</xText>
          <xText>Mając powyższe rozważania na uwadze Sąd Apelacyjny na podstawie <xLexLink xArt="art. 385" xIsapId="WDU19640430296" xTitle="Ustawa z dnia 17 listopada 1964 r. - Kodeks postępowania cywilnego" xAddress="Dz. U. z 1964 r. Nr 43, poz. 296">art. 385 k.p.c.</xLexLink>, apelację oddalił.</xText>
        </xUnit>
      </xBlock>
    </xPart>
  </judgement>
<judgement id="151000000000503_I_ACa_000642_2012_Uz_2012-11-27_001">
    <xPart xEditorFullName="Karolina Najda" xYear="2012" xLang="PL" xPublisherFullName="Karolina Najda" xFromPg="1" xEditor="knajda" xVolType="15/100000/0000503/ACa" xPublisher="knajda" xDocType="Uz" xVolNmbr="000642" xVersion="1.0" xToPage="7" xFlag="published">
      <xName>Wyrok+Uzasadnienie</xName>
      <xBlock>
        <xText>Sygn. akt I ACa 642/12</xText>
        
        <xUnit xIsTitle="true" xBold="true" xType="part">
          <xName>WYROK</xName>
          <xTitle>W IMIENIU RZECZYPOSPOLITEJ POLSKIEJ</xTitle>
          <xText xALIGNx="right">Dnia 27 listopada 2012 r.</xText>
          
          <xText>Sąd Apelacyjny w Gdańsku – Wydział I Cywilny</xText>
          <xText>w składzie:</xText>
          <xRows>
            <xCOLGROUPx>
              <xCOLx xWIDTHx="271"/>
              <xCOLx xWIDTHx="435"/>
            </xCOLGROUPx>
            <xRow>
              <xClmn xALIGNx="left" xVALIGNx="middle">
                <xText>Przewodniczący:</xText>
              </xClmn>
              <xClmn xALIGNx="left" xVALIGNx="middle">
                <xText>SSA Mirosław Ożóg (spr.)</xText>
              </xClmn>
            </xRow>
            <xRow>
              <xClmn xALIGNx="left" xVALIGNx="top">
                <xText>Sędziowie:</xText>
              </xClmn>
              <xClmn xALIGNx="left" xVALIGNx="middle">
                <xText>SA Małgorzata Idasiak-Grodzińska</xText>
                <xText>SA Dorota Gierczak</xText>
              </xClmn>
            </xRow>
            <xRow>
              <xClmn xALIGNx="left" xVALIGNx="middle">
                <xText>Protokolant:</xText>
              </xClmn>
              <xClmn xALIGNx="left" xVALIGNx="middle">
                <xText>st. sekr. sąd. Elżbieta Szumańska</xText>
              </xClmn>
            </xRow>
          </xRows>
          
          <xText>po rozpoznaniu w dniu 27 listopada 2012 r. w Gdańsku na rozprawie</xText>
          <xText>sprawy z powództwa <xAnon>A. C.</xAnon></xText>
          <xText>przeciwko   Skarbowi Państwa - Ministerstwu Sprawiedliwości w <xAnon>W.</xAnon>  i Aresztowi Śledczemu w <xAnon>S.</xAnon></xText>
          <xText>o zapłatę</xText>
          <xText>na skutek apelacji powoda</xText>
          <xText>od wyroku Sądu Okręgowego w Gdańsku</xText>
          <xText>z dnia 25 maja 2012 r. sygn. akt I C 393/11</xText>
          
          <xUnit xIsTitle="false" xType="none">
            <xName xSffx=".">I</xName>
            <xText>oddala apelację;</xText>
          </xUnit>
          <xUnit xIsTitle="false" xType="none">
            <xName xSffx=".">II</xName>
            <xText>zasądza od powoda na rzecz Skarbu Państwa - Prokuratorii Generalnej Skarbu Państwa kwotę 2.700 (dwa tysiące siedemset) złotych tytułem zwrotu kosztów zastępstwa procesowego w postępowaniu apelacyjnym.</xText>
          </xUnit>
          
          <xText>I ACa 642/12</xText>
        </xUnit>
        <xUnit xIsTitle="true" xBold="true" xType="part">
          <xName>UZASADNIENIE</xName>
          <xText>Powód <xAnon>A. C.</xAnon> wniósł o zasądzenie od Skarbu Państwa - Ministerstwa Sprawiedliwości w <xAnon>W.</xAnon> i Aresztu Śledczego w <xAnon>S.</xAnon> kwoty 100 000 zł tytułem zadośćuczynienia za doznaną krzywdę ( naruszenie dóbr osobistych ) oraz 20 000 zł na cel społeczny - Dom Dziecka. Powód wskazał, że warunki w jakich przebywa nie spełniają norm powierzchniowych, gdyż w okresie od początku osadzenia do chwili obecnej przebywając w celi nr <xAnon>(...)</xAnon> nigdy nie była zapewniona norma 3 m2 a pomieszczenie sanitarne nie jest w pełni oddzielone od pomieszczenia mieszkalnego, nie ma nawet kawałka szmaty, która pełniłaby rolę drzwi a płyty pilśniowe oddzielające to pomieszczenie mają wysokość około 1 metra, zaś w pomieszczeniu celi panuje wilgoć, pleśń i grzyb.</xText>
          <xText>Pozwany Skarb Państwa w odpowiedzi na pozew wnosił o oddalenie powództwa oraz o zasądzenie od powoda na rzecz pozwanego kosztów procesu. Pozwany stwierdził, że powód nie wykazał przekroczenia normy powierzchniowej i nie zgłaszał w trakcie pobytu w pozwanej placówce żadnych skarg odnośnie warunków sanitarno - bytowych, jak też nie wnioskował o zmianę celi w której nie ma pleśni ani grzyba.</xText>
          <xText>Wyrokiem z dnia 25 maja 2012 roku Sąd Okręgowy w Gdańsku oddalił powództwo odstępując od obciążenia powoda kosztami procesu.</xText>
          <xText>Sąd I instancji ustalił w toku postępowania, że powód przebywał w pozwanym Areszcie Śledczym w <xAnon>S.</xAnon> w okresie od 21 lipca 2011 roku do chwili wniesienia pozwu - 15 marca 2011 roku w celi dwuosobowej nr <xAnon>(...)</xAnon>, której powierzchnia wynosi 7,21 m2. Przebywał tam wraz z drugim osadzonym. W celi tej znajduje się kącik sanitarny oddzielony od reszty pomieszczenia przesłoną o wysokości 1,20 m2 zapewniającą minimum intymności. Wartość natężenia oświetlenia wynosi E -103,3 i przekracza wartość określoną polską normą. Wentylacja w celi zapewnia swobodny przepływ powietrza. Nie odnotowano w stosunku do powoda przekroczenia normy powierzchniowej a powód nie zgłaszał podczas pobytu w pozwanym areszcie śledczym żadnych skarg odnośnie warunków sanitarno -pobytowych i nie wnioskował o zmianę celi.</xText>
          <xText>Sąd Okręgowy ustalił ponadto, że cela mieszkalna w której przebywał powód była wyposażona w wymagany przepisami prawa sprzęt kwaterunkowy, to jest m.in. łóżko dla każdego osadzonego, stoły i krzesła a sprzęt kwaterunkowy był stosunkowo nowy, w dobrym stanie technicznym. Osadzeni mieli zapewniony stały dostęp do umywalki i toalety odgrodzonej od pozostałej części celi. Zapewniona była również odpowiednia wentylacja grawitacyjna a w celi tej nie występowały pleśnie i inne zabrudzenia o których wspominał powód. Powód bardzo przeżywa pobyt w placówce pozwanego a w szczególności rygory, którym jest tam poddawany. Szczególnie uciążliwy jest dla powoda pobyt z innymi osadzonymi, którzy wyrażają swoje poglądy i powód w tym czuje się dotknięty, wstydzi się załatwiania potrzeb fizjologicznych w kąciku sanitarnym. Ma zapewnione bezpłatne świadczenia zdrowotne i korzysta z pomocy medycznej, w tym z opieki psychiatrycznej.</xText>
          <xText>Oceniając zarzuty powoda wobec faktów ustalonych w toku postępowania Sąd Okręgowy zważył, że powództwo nie zasługuje na uwzględnienie. Pozwany Skarb Państwa Areszt Śledczy w <xAnon>S.</xAnon> wykazał w toku procesu poprzez powołane dowody, że jego działanie było zgodne z prawem a tym samym nie naruszało praw powoda. Z uzyskanego od pozwanego zestawienia cel, w których przebywał powód wynika w szczególności, że do dnia wniesienia pozwu a także później powód nie był osadzony w celi bez zachowania normy powierzchniowej określonej w <xLexLink xArt="art. 110;art. 110 § 2" xIsapId="WDU19970900557" xTitle="Ustawa z dnia 6 czerwca 1997 r. - Kodeks karny wykonawczy" xAddress="Dz. U. z 1997 r. Nr 90, poz. 557">art. 110 § 2 k.k.w.</xLexLink> Odnosząc się natomiast do zarzutu powoda, że w celi nr <xAnon>(...)</xAnon> panowała wilgoć, był grzyb i pleśń, Sąd I instancji zważył, że powód tego twierdzenia nie udowodnił. Z dokumentacji przedstawionej przez pozwanego wynika, że cela ta jest czysta a każdy z osadzonych ma osobne miejsce do spania i jedzenia. Niedogodności na które powołuje się powód są związane z samym procesem odbywania kary pozbawienia wolności. Dyskomfort codziennego przebywania w warunkach więziennych jest w istocie elementem odbywania kary pozbawienia wolności. W przedmiotowej sprawie pozwany wykazał, że jego działanie było zgodne z obowiązującymi przepisami, nie zostały zatem naruszone dobra osobiste powoda a zatem roszczenie o zadośćuczynienie a także o zapłatę wskazanej w pozwie kwoty na oznaczony cel społeczny nie podlega uwzględnieniu wobec braku przesłanek określonych przepisami <xLexLink xArt="art. 24" xIsapId="WDU19640160093" xTitle="Ustawa z dnia 23 kwietnia 1964 r. - Kodeks cywilny" xAddress="Dz. U. z 1964 r. Nr 16, poz. 93">art. 24 k.c.</xLexLink> i <xLexLink xArt="art. 448" xIsapId="WDU19640160093" xTitle="Ustawa z dnia 23 kwietnia 1964 r. - Kodeks cywilny" xAddress="Dz. U. z 1964 r. Nr 16, poz. 93">art. 448 k.c.</xLexLink></xText>
          
          <xText>W apelacji powód zarzucił pominięcie wniosków dowodowych zawartych w pozwie kwestionując ustalenia Sądu I instancji dotyczące powierzchni celi nr <xAnon>(...)</xAnon>, wnosił o przesłuchanie w charakterze świadka osadzonego wspólnie z powodem <xAnon>J. M.</xAnon> oraz przeprowadzenia dowodu z opinii biegłego do spraw budownictwa na okoliczność ustalenia warunków technicznych cel i ich prawdziwej powierzchni użytkowej oraz zgodności z przepisami <xLexLink xArt="" xIsapId="WDU19940890414" xTitle="Ustawa z dnia 7 lipca 1994 r. - Prawo budowlane" xAddress="Dz. U. z 1994 r. Nr 89, poz. 414">prawa budowlanego</xLexLink>. W ocenie skarżącego od podanej przez pozwanego powierzchni celi nr <xAnon>(...)</xAnon> należy odliczyć powierzchnię ponad 2 m2 zajętą przez kącik sanitarny. Powód wnosił także o ustanowienie pełnomocnika z urzędu i umożliwienie uczestnictwa w czynnościach procesowych. Z treści apelacji wynika, że powód wnosi o zmianę zaskarżonego wyroku i uwzględnienie powództwa w całości.</xText>
          <xText xALIGNx="center">Sąd Apelacyjny zważył co następuje :</xText>
          <xText>Apelacja powoda nie zasługuje na uwzględnienie, jakkolwiek w kategoriach oczywistej omyłki należy potraktować ustalenie Sądu Okręgowego dotyczące okresu czasu w którym powód był osadzony w celi nr <xAnon>(...)</xAnon> Aresztu Śledczego w <xAnon>S.</xAnon>. W istocie był to okres od dnia 21 lutego 2011 roku do dnia 5 kwietnia 2011 roku, tak jak wskazano w zestawieniu na k-46 dotyczącym rozmieszczenia powoda w celach mieszkalnych w okresie jego pobytu w pozwanym areszcie, a nie okres od 21 lipca 2011 roku do 15 marca 2011 roku, jak wynikało z ustaleń Sądu I instancji opisanych w uzasadnieniu zaskarżonego orzeczenia. Chybiony jest zarzut dotyczący nieprawidłowego obliczenia przez pozwanego powierzchni celi nr <xAnon>(...)</xAnon> znajdującej się w pomieszczeniach pozwanego Aresztu Śledczego w <xAnon>S.</xAnon>. Powód po doręczeniu mu odpisu pisma procesowego pozwanego z dnia 2 sierpnia 2011 roku w którym wskazano dokładną powierzchnię celi nr <xAnon>(...)</xAnon>, to jest 7,21 m2 nie kwestionował już w toku postępowania przed Sądem I instancji podanych przez pozwanego wymiarów tej celi. Z wywodów zawartych w apelacji wynika natomiast, że w ocenie skarżącego od wskazanej przez pozwanego powierzchni należy odliczyć powierzchnię zajętą przez kącik sanitarny, większą o ponad 2 m2. Jednocześnie powód nie ustosunkował się do tych fragmentów uzasadnienia zaskarżonego orzeczenia z których wynikał sposób obliczania powierzchni cel mieszkalnych w oparciu o obowiązujące od 13 sierpnia 2010 roku postanowienia instrukcji Dyrektora Generalnego Służby Więziennej z dnia 13 sierpnia 2010 roku w sprawie ustalenia pojemności jednostek penitencjarnych. Zgodnie z zasadami tam zawartymi, które nawiązują do normy PN - ISO 9836 : 1997 przy obliczaniu powierzchni mieszkalnej cel nie wlicza się do tej powierzchni nie tylko powierzchni zajmowanej przez wydzielone kąciki sanitarne ale również powierzchni zajętej przez urządzenia grzewcze, wnękę okienną i grzejnikową oraz powierzchnię znajdującą się poza kratami wewnętrznymi. Nie zasługuje też na uwzględnienie zarzut dotyczący oddalenia wniosków powoda o przeprowadzenie dowodów z opinii biegłych celem ustalenia rzeczywistej powierzchni użytkowej cel oraz ustalenia warunków techniczno - budowlanych ich wyposażenia z punktu widzenia przepisów <xLexLink xArt="" xIsapId="WDU19940890414" xTitle="Ustawa z dnia 7 lipca 1994 r. - Prawo budowlane" xAddress="Dz. U. z 1994 r. Nr 89, poz. 414">prawa budowlanego</xLexLink>. W tym zakresie zresztą powód nie był konsekwentny ponieważ podczas przesłuchania na rozprawie w dniu 30 listopada 2011 roku zeznał, że jego zarzuty dotyczą wyłącznie celi nr <xAnon>(...)</xAnon>, zaś w apelacji wnosił o przeprowadzenie dowodu z opinii biegłego celem ustalenia rzeczywistej powierzchni cel w których przebywał. Zgodzić należy się także z poglądem Sądu I instancji według którego niektóre fakty objęte wnioskami powoda nie wymagały wiadomości specjalnych i dla ich stwierdzenia nie była konieczna opinia biegłego. Dotyczy to w szczególności powierzchni celi mieszkalnej i panującej w niej wilgoci, zagrzybienia i pleśni, zwłaszcza, że wskazywane przez powoda wilgoć, pleśń i zagrzybienie miały istnieć w dacie przebywania w tej celi przez powoda a nie w dacie orzekania o roszczeniach powoda przez Sąd I instancji. Z kolei część wniosków dowodowych zawartych w pozwie dotyczyła faktów wymagających wiadomości specjalnych takich jak rozstrój zdrowia powoda wskutek przebywania w celach zagrzybionych, wilgotnych i pokrytych pleśnią, jednakże ich przeprowadzenie byłoby celowe po stwierdzeniu podstawowej przesłanki odpowiedzialności deliktowej a mianowicie czynu niedozwolonego pozwanego w postaci jego bezprawnego zachowania. Zebrany w toku postępowania materiał dowodowy nie dawał jednak podstawy do takiej oceny zachowania pozwanego i dlatego zbędne było przeprowadzenie dowodu z opinii biegłego celem ustalenia stanu zdrowia powoda.</xText>
          <xText>Nie można też zgodzić się z twierdzeniem powoda zawartym w apelacji, że tylko pełna i trwała zabudowa kącika sanitarnego od podłogi do sufitu jest zgodna z zasadami obowiązującymi w zakładach karnych i aresztach śledczych. Zgodnie z przepisem <xLexLink xArt="§ 89;§ 89 ust. 1" xIsapId="WDU20020750690" xTitle="Rozporządzenie Ministra Infrastruktury z dnia 12 kwietnia 2002 r. w sprawie warunków technicznych, jakim powinny odpowiadać budynki i ich usytuowanie" xAddress="Dz. U. z 2002 r. Nr 75, poz. 690">§ 89 ust.l rozporządzenia Ministra Infrastruktury z dnia 12 kwietnia 2002 roku</xLexLink> w sprawie warunków technicznych jakim powinny odpowiadać budynki i ich usytuowanie ( Dz.U. 2002, Nr 75, poz. 690 ze zm.) do budynków zakwaterowania osób tymczasowo aresztowanych, skazanych lub ukaranych nie stosuje się m.in. przepisów dotyczących wymiarów drzwi do łazienki, wyposażenia łazienek w budynkach zamieszkania zbiorowego oraz wymiarów kabiny ustępowej nieprzeznaczonej dla osób niepełnosprawnych. Zatem przeprowadzenie dowodu z opinii biegłego co do zgodności usytuowania, czy wyposażenia kącika sanitarnego z przepisami <xLexLink xArt="" xIsapId="WDU19940890414" xTitle="Ustawa z dnia 7 lipca 1994 r. - Prawo budowlane" xAddress="Dz. U. z 1994 r. Nr 89, poz. 414">prawa budowlanego</xLexLink> byłoby w tym zakresie niecelowe.</xText>
          <xText>Powód podczas przesłuchania na rozprawie w dniu 30 listopada 2011 roku wskazał wprawdzie dane osobowe osoby, która wspólnie z powodem odbywała karę pozbawienia wolności w celi nr <xAnon>(...)</xAnon> pozwanego aresztu śledczego, jednakże takie sformułowania nie są jednoznaczne z wnioskiem o przeprowadzenie dowodu z zeznań świadka. Powód posiadał w tym zakresie niezbędną wiedzę o czym świadczy formułowanie wniosków dowodowych zarówno w pozwie jak i w apelacji. Zgłoszenie takiego wniosku dopiero w apelacji należy potraktować jako działanie spóźnione , powodujące w rezultacie pominięcie tego wniosku dowodowego na podstawie przepisu <xLexLink xArt="art. 381" xIsapId="WDU19640430296" xTitle="Ustawa z dnia 17 listopada 1964 r. - Kodeks postępowania cywilnego" xAddress="Dz. U. z 1964 r. Nr 43, poz. 296">art. 381 k.p.c.</xLexLink></xText>
          <xText>Zgłoszony w apelacji wniosek o ustanowienie pełnomocnika z urzędu został natomiast rozstrzygnięty przez Sąd I instancji postanowieniem z dnia 2 sierpnia 2012 roku wydanym na podstawie przepisu art. 117(2)§2k.p.c.</xText>
          
          <xText>Mając na uwadze przytoczone okoliczności Sąd Apelacyjny, na podstawie przepisu <xLexLink xArt="art. 385" xIsapId="WDU19640430296" xTitle="Ustawa z dnia 17 listopada 1964 r. - Kodeks postępowania cywilnego" xAddress="Dz. U. z 1964 r. Nr 43, poz. 296">art. 385 k.p.c.</xLexLink> oddalił apelację, zaś o kosztach zastępstwa procesowego orzekł zgodnie z przepisami <xLexLink xArt="art. 98;art. 98 § 1" xIsapId="WDU19640430296" xTitle="Ustawa z dnia 17 listopada 1964 r. - Kodeks postępowania cywilnego" xAddress="Dz. U. z 1964 r. Nr 43, poz. 296">art. 98 § 1 k.p.c</xLexLink>, <xLexLink xArt="art. 99" xIsapId="WDU19640430296" xTitle="Ustawa z dnia 17 listopada 1964 r. - Kodeks postępowania cywilnego" xAddress="Dz. U. z 1964 r. Nr 43, poz. 296">art. 99 k.p.c.</xLexLink> w związku z przepisami <xLexLink xArt="§ 6;§ 6 pkt. 6;§ 13;§ 13 ust. 1;§ 13 ust. 1 pkt. 2" xIsapId="WDU20021631348" xTitle="Rozporządzenie Ministra Sprawiedliwości z dnia 28 września 2002 r. w sprawie opłat za czynności adwokackie oraz ponoszenia przez Skarb Państwa kosztów nieopłaconej pomocy prawnej udzielonej z urzędu" xAddress="Dz. U. z 2002 r. Nr 163, poz. 1348">§ 6 pkt6 i § 13 ust.l pkt 2 rozporządzenia Ministra Sprawiedliwości z dnia 28 września 2002 roku w sprawie opłat za czynności adwokackie oraz ponoszenia przez Skarb Państwa kosztów nieopłaconej pomocy prawnej udzielonej z urzędu</xLexLink> (Dz.U. Nr 163, poz.1348 ze zm.).</xText>
        </xUnit>
      </xBlock>
    </xPart>
  </judgement>
<judgement id="151000000002503_V_ACa_000890_2012_Uz_2012-11-27_001">
    <xPart xEditorFullName="Żaneta Dombrowska" xYear="2012" xLang="PL" xPublisherFullName="Ewa Przybyła" xFromPg="1" xEditor="zdombrowska" xVolType="15/100000/0002503/ACa" xPublisher="eprzybyla" xDocType="Uz" xVolNmbr="000890" xVersion="1.0" xToPage="15" xFlag="published">
      <xName>Wyrok+Uzasadnienie</xName>
      <xBlock>
        <xText>Sygn. akt V ACa 890/12</xText>
        
        <xUnit xIsTitle="true" xType="part" xBold="true">
          <xName>WYROK</xName>
          <xTitle>W IMIENIU RZECZYPOSPOLITEJ POLSKIEJ</xTitle>
          <xText xALIGNx="right">Dnia 27 listopada 2012 r.</xText>
          
          <xText>Sąd Apelacyjny w Gdańsku – Wydział V Cywilny</xText>
          <xText>w składzie:</xText>
          <xRows>
            <xCOLGROUPx>
              <xCOLx xWIDTHx="214"/>
              <xCOLx xWIDTHx="492"/>
            </xCOLGROUPx>
            <xRow>
              <xClmn xALIGNx="left" xVALIGNx="middle">
                <xText>Przewodniczący:</xText>
              </xClmn>
              <xClmn xALIGNx="left" xVALIGNx="middle">
                <xText>SSA Roman Kowalkowski</xText>
              </xClmn>
            </xRow>
            <xRow>
              <xClmn xALIGNx="left" xVALIGNx="top">
                <xText>Sędziowie:</xText>
              </xClmn>
              <xClmn xALIGNx="left" xVALIGNx="middle">
                <xText>SA Maryla Domel-Jasińska (spr.)</xText>
                <xText>SA Irma Kul</xText>
              </xClmn>
            </xRow>
            <xRow>
              <xClmn xALIGNx="left" xVALIGNx="middle">
                <xText>Protokolant:</xText>
              </xClmn>
              <xClmn xALIGNx="left" xVALIGNx="middle">
                <xText>stażysta Aleksandra Ćwiek</xText>
              </xClmn>
            </xRow>
          </xRows>
          
          <xText>po rozpoznaniu w dniu 27 listopada 2012 r. w Gdańsku</xText>
          <xText>na rozprawie</xText>
          <xText>sprawy z powództwa <xAnon> Przedsiębiorstwa (...) Spółki z ograniczoną odpowiedzialnością</xAnon> w <xAnon>S.</xAnon> (poprzednio <xAnon> (...) Spółki z ograniczoną odpowiedzialnością</xAnon> w <xAnon>B.</xAnon>)</xText>
          <xText>przeciwko Syndykowi Masy Upadłości Zakładów Mięsnych <xAnon>(...)</xAnon> Spółki Akcyjnej w upadłości likwidacyjnej w <xAnon>B.</xAnon></xText>
          <xText>o zapłatę</xText>
          <xText>na skutek apelacji pozwanego</xText>
          <xText>od wyroku Sądu Okręgowego w Bydgoszczy</xText>
          <xText>z dnia 27 czerwca 2012 r. sygn. akt VIII GC 191/10</xText>
          <xUnit xIsTitle="false" xType="none">
            <xName xSffx=".">I</xName>
            <xText>oddala apelację;</xText>
          </xUnit>
          <xUnit xIsTitle="false" xType="none">
            <xName xSffx=".">II</xName>
            <xText>zasądza od pozwanego na rzecz powoda kwotę 2700 (dwa tysiące siedemset) złotych tytułem zwrotu kosztów postępowania apelacyjnego.</xText>
          </xUnit>
          
          <xText>Na oryginale właściwe podpisy</xText>
        </xUnit>
        <xUnit xIsTitle="true" xType="part" xBold="true">
          <xName>UZASADNIENIE</xName>
          <xText>Powód – <xAnon> Przedsiębiorstwo (...) spółka z o.o.</xAnon> w <xAnon>S.</xAnon>, poprzednio funkcjonujący pod nazwą <xAnon> (...) spółka z o.o.</xAnon> w <xAnon>B.</xAnon>, domagał się zasądzenia na swoją rzecz od pozwanego Syndyka masy upadłości Zakładów Mięsnych<xAnon>(...)</xAnon>Spółki Akcyjnej w upadłości likwidacyjnej kwoty 101 104,11 zł z ustawowymi odsetkami od dnia wniesienia pozwu do dnia zapłaty oraz zwrotu kosztów procesu.</xText>
          <xText>Z uzasadnienia pozwu wynikało, że powód w dniu 22 maja 2009 r. zakupił od pozwanego prawo ochronne do znaku towarowego „<xAnon>(...)</xAnon>”, co do którego prowadzone było i nie zostało wówczas zakończone postępowanie rejestracyjne w Urzędzie Patentowym RP. W dniu 17 listopada 2010 r. pełnomocnik powoda – rzecznik patentowy, reprezentujący go w postępowaniu przed Urzędem Patentowym, przedstawił powodowi decyzję tego Urzędu z dnia 4 listopada 2010 r., odmawiającą zarejestrowania zakupionego przez powoda znaku towarowego, z powodu braku posiadania przez niego zdolności odróżniającej go od innego zarejestrowanego już znaku towarowego tj. „<xAnon>(...)</xAnon>”.</xText>
          <xText>W związku z treścią wskazanej wyżej decyzji powód uznał, że nabył w dniu 22 maja 2009 r. znak towarowy pod wpływem błędu. W dniu 18 listopada 2010 r. powód skierował do pozwanego pismo, w którym uchylił się od skutków prawnych złożonego w dniu 22 maja 2009 r. oświadczenia woli o nabyciu znaku towarowego i zażądał</xText>
          
          <xText>zwrotu 100 000 zł, które w wykonaniu umowy świadczył pozwanemu.</xText>
          <xText>Od wydanego w dniu 2 lutego 2011 r. przez Sąd Okręgowy w Bydgoszczy wyroku zaocznego pozwany złożył sprzeciw, w którym domagał się uchylenia tego wyroku i oddalenia powództwa. Pozwany zarzucił, iż w jego ocenie powód nie dokonał skutecznego uchylenia się od skutków prawnych oświadczenia woli złożonego w umowie notarialnej stron z dnia 22 maja 2009 r, mocą której pozwany zbył na jego rzecz prawa z dokonanego w Urzędzie Patentowym zgłoszenia znaku towarowego, na które nie zostało jeszcze udzielone prawo ochronne, gdyż przekroczył termin zawity, określony w <xLexLink xArt="art. 88;art. 88 § 2" xIsapId="WDU19640160093" xTitle="Ustawa z dnia 23 kwietnia 1964 r. - Kodeks cywilny" xAddress="Dz. U. z 1964 r. Nr 16, poz. 93">art. 88 § 2 kc.</xLexLink> Powód dowiedział się o przeszkodzie do rejestracji znaku towarowego nie dopiero z decyzji odmawiającej rejestracji, tj. z decyzji z dnia 4 listopada 2010 r., lecz z pisma Urzędu Patentowego z dnia 13 listopada 2009 r, w którym wskazano, że znak zgłoszony do rejestracji jest podobny do zarejestrowanego wcześniej znaku towarowego „<xAnon>(...)</xAnon>”.</xText>
          <xText>Nadto pozwany zaprzeczył, aby w dacie zawarcia umowy z dnia 22 maja 2009 r. udzielił powodowi zapewnienia o braku przyczyn, które mogłyby doprowadzić do odmowy zarejestrowania znaku towarowego, do którego powód zakupił prawa, jak również aby posiadał on wiedzę dotyczącą innego, podobnego i zarejestrowanego znaku towarowego.</xText>
          <xText>Pozwany w dokumentacji, jaką przekazał mu upadły, nie odnalazł żadnych dokumentów ani informacji, dotyczących drugiego znaku. Z kolei w sprawie zgłoszenia znaku do rejestracji pozwany zlecił biegłemu opracowanie niezbędnej dokumentacji.</xText>
          <xText>Wyrokiem z dnia 27 czerwca 2012 r. Sąd Okręgowy w Bydgoszczy utrzymał w mocy w całości wyrok zaoczny tegoż Sądu z dnia 2 lutego 2011 r, czyniąc następujące ustalenia faktyczne i rozważania prawne.</xText>
          <xText>Przed ogłoszeniem upadłości Zakładów Mięsnych w <xAnon>B.</xAnon> „<xAnon>(...)</xAnon>” SA, spółka ta używała znaków towarowych słowno-graficznych „<xAnon>(...)</xAnon>” i „<xAnon>(...)</xAnon>” m.in. na opakowaniach produktów, etykietach, papierach firmowych, kalendarzach i gadżetach reklamowych. Znak słowno-graficzny „<xAnon>(...)</xAnon>” (w czerwonej obwódce) był zarejestrowany w Urzędzie Patentowym RP od 14 kwietnia 2005 r. Wcześniej, tj. dnia 19 sierpnia 2004 r., wygasło prawo ochronne na znak towarowy „<xAnon>(...)</xAnon>” (bez obwódki), zgłoszony do rejestracji 19 sierpnia 1994 r.</xText>
          <xText>W dniu 29 sierpnia 2008 r. ogłoszona została upadłość Zakładów Mięsnych w <xAnon>B.</xAnon> „<xAnon>(...)</xAnon>SA. Po tej dacie syndyk masy upadłości zlecił rzecznikowi patentowemu <xAnon>Z. K.</xAnon> opracowanie i zgłoszenie do rejestracji w Urzędzie Patentowym znaku słowno-graficznego „<xAnon>(...)</xAnon>”. Zlecenie to nie obejmowało sprawdzenia zdolności rejestrowej tego znaku. Zgłoszenie zostało dokonane w dniu 21 października 2008 r. i zarejestrowane w Urzędzie Patentowym pod nr <xAnon>(...)</xAnon>.</xText>
          <xText>W dniu 22 maja 2009 r. strony zawarły w formie aktu notarialnego umowę przeniesienia prawa ochronnego na znak towarowy. W § 4 tej umowy zapisano, że pozwany przenosi na powoda (poprzednio funkcjonującego w obrocie jako <xAnon> (...) sp. z o.o.</xAnon> w <xAnon>B.</xAnon>) prawo ochronne na znak towarowy „<xAnon>(...)</xAnon>”, za cenę 100 000 zł. Z kolei w § 1 umowy pozwany</xText>
          <xText>oświadczył, że przysługuje mu wyłączne prawo do znaku towarowego „<xAnon>(...)</xAnon>”, że złożył on w Urzędzie Patentowym w dniu 21 października 2008 r. wniosek o udzielenie prawa ochronnego na ten znak oraz że znak ten nie jest obciążony prawami osób trzecich.</xText>
          <xText>Powód wykonał w/w umowę i zapłacił pozwanemu kwotę 100 000 zł.</xText>
          <xText>Następnie powód udzielił pełnomocnictwa rzecznikowi patentowemu <xAnon>Z. K.</xAnon> do reprezentowania go przed Urzędem Patentowym. Pełnomocnik ten zgłosił w postępowaniu rejestracyjnym zmianę uprawnionego. Pismem z dnia 13 listopada 2009 r. Urząd Patentowy RP zawiadomił reprezentującego powoda rzecznika patentowego, że zgłoszony znak towarowy „<xAnon>(...)</xAnon>” jest podobny w rozumieniu <xLexLink xArt="art. 132;art. 132 ust. 2;art. 132 ust. 2 pkt. 2" xIsapId="WDU20010490508" xTitle="Ustawa z dnia 30 czerwca 2000 r. - Prawo własności przemysłowej" xAddress="Dz. U. z 2001 r. Nr 49, poz. 508">art. 132 ust. 2 pkt 2 ustawy Prawo własności przemysłowej</xLexLink> do zarejestrowanego z wcześniejszym pierwszeństwem od 29 listopada 2001 r., pod nr <xAnon>(...)</xAnon> znaku towarowego „<xAnon>(...)</xAnon>”, na rzecz Zakładów Mięsnych w<xAnon>B.</xAnon><xAnon>(...)</xAnon>SA w <xAnon>B.</xAnon>. W związku z powyższym Urząd Patentowy wezwał zgłaszającego wniosek o rejestrację do zajęcia stanowiska w terminie jednego miesiąca od daty doręczenia pisma, wysłanego w dniu 16 listopada 2009 r. Rzecznik patentowy zawiadomił pełnomocnika powoda o otrzymaniu pisma Urzędu Patentowego z dnia 13 listopada 2009 r., na początku grudnia 2009 r.</xText>
          <xText>W dniu 11 czerwca 2010 r. <xAnon> Przedsiębiorstwo (...)</xAnon>” sp. z o.o. w <xAnon>S.</xAnon> zakupiła od pozwanego zarejestrowany znak towarowy <xAnon>(...)</xAnon>”.</xText>
          <xText>W dniu 4 listopada 2010 r. Urząd Patentowy RP wydał decyzję o odmowie udzielenia prawa ochronnego na</xText>
          <xText>znak towarowy „<xAnon>(...)</xAnon>”, zgłoszony do rejestracji dnia 21 października 2008 r. wnioskiem oznaczonym nr <xAnon>(...)</xAnon>. Z treści decyzji wynikało, że zgłoszony znak towarowy jest podobny w rozumieniu <xLexLink xArt="art. 132;art. 132 ust. 2;art. 132 ust. 2 pkt. 2" xIsapId="WDU20010490508" xTitle="Ustawa z dnia 30 czerwca 2000 r. - Prawo własności przemysłowej" xAddress="Dz. U. z 2001 r. Nr 49, poz. 508">art. 132 ust. 2 pkt. 2 ustawy Prawo własności przemysłowej</xLexLink> do słowno- graficznego znaku „<xAnon>(...)</xAnon>”, zarejestrowanego z wcześniejszym pierwszeństwem od dnia 29 listopada 2001 r, pod nr<xAnon>(...)</xAnon> na rzecz <xAnon> Przedsiębiorstwa (...) sp. z o.o.</xAnon> w <xAnon>S.</xAnon> (poprzednio: Zakładów Mięsnych w <xAnon>B.</xAnon><xAnon>(...)</xAnon> SA).</xText>
          <xText>Pismem z dnia 17 listopada 2010 r. reprezentujący powoda przed Urzędem Patentowym rzecznik patentowy <xAnon>W. L.</xAnon> poinformował powoda o treści decyzji Urzędu Patentowego z dnia 4 listopada 2010 r. Pełnomocnik powoda zawiadomił także o tej decyzji pozwanego i strony podjęły rozmowy w celu załatwienia zaistniałego problemu. Powód proponował aby pozwany w ramach ceny uiszczonej za znak „<xAnon>(...)</xAnon>” przekazał mu również prawa do zarejestrowanego wcześniej znaku „<xAnon>(...)</xAnon>”, gdyż z uwagi na złą sytuacją finansową nie był w stanie zakupić drugiego znaku.</xText>
          <xText>Ostatecznie powód w piśmie skierowanym do pozwanego z dnia 18 listopada 2010 r. uchylił się od skutków prawnych złożonego pod wpływem błędu oświadczenia woli, zawartego w umowie sprzedaży prawa ochronnego na znak towarowy „<xAnon>(...)</xAnon>” z dnia 22 maja 2009 r. W piśmie tym powód wskazał, że jego błąd został wywołany zapewnieniem syndyka masy upadłości, że zgłoszony do rejestracji znak towarowy spełnia wymagania rejestracyjne, a w</xText>
          
          <xText>szczególności, że odróżnia się od innych, prawnie chronionych znaków towarowych.</xText>
          <xText>Powyższe pismo pozwany otrzymał dnia 22 listopada 2010 r.</xText>
          <xText>W ocenie Sądu I instancji powództwo zasługiwało na uwzględnienie.</xText>
          <xText>Zgłoszony przez pozwanego zarzut uchybienia przez powoda terminowi określonemu w <xLexLink xArt="art. 88;art. 88 § 2" xIsapId="WDU19640160093" xTitle="Ustawa z dnia 23 kwietnia 1964 r. - Kodeks cywilny" xAddress="Dz. U. z 1964 r. Nr 16, poz. 93">art. 88 § 2 kc</xLexLink> nie był zasadny. Według <xLexLink xArt="art. 88;art. 88 § 2" xIsapId="WDU19640160093" xTitle="Ustawa z dnia 23 kwietnia 1964 r. - Kodeks cywilny" xAddress="Dz. U. z 1964 r. Nr 16, poz. 93">art. 88 § 2 kc</xLexLink> uprawnienia do uchylenia się od skutków prawnych oświadczenia woli złożonego pod wpływem błędu wygasa z upływem roku od wykrycia błędu. Sformułowanie „wykrycie błędu” należy rozumieć jako powzięcie wiadomości o błędzie.</xText>
          <xText>W ocenie Sądu Okręgowego pozwany nie wykazał, że powód zapoznał się z treścią pisma Urzędu Patentowego z dnia 13 listopada 2009 r. przed dniem 22 listopada 2009r, co skutkowałoby uchybieniem przez powoda terminowi z <xLexLink xArt="art. 88;art. 88 § 2" xIsapId="WDU19640160093" xTitle="Ustawa z dnia 23 kwietnia 1964 r. - Kodeks cywilny" xAddress="Dz. U. z 1964 r. Nr 16, poz. 93">art. 88 § 2 kc</xLexLink> w sytuacji, gdy pismo powoda zawierające uchylenie się powoda od skutków złożonego pod wpływem błędu oświadczenia woli dotarło do pozwanego w dniu 22 listopada 2010 r.</xText>
          <xText>Sąd I instancji wskazał, że to pozwany zgłosił zarzut przekroczenia terminu przez powoda i w związku z tym do niego należało udowodnienie w jakiej dacie powód dowiedział się o błędzie. Pozwany nie wykazał wskazanej okoliczności a ponadto z zeznań świadka <xAnon>M. R.</xAnon> (k. 184) wynikało, że o problemie z rejestracją znaku towarowego rzecznik patentowy zawiadomił go, jako pełnomocnika powoda, telefonicznie na początku grudnia 2009 r. Z kolei świadek <xAnon>Z. K.</xAnon> zeznał, że otrzymał pismo Urzędu Patentowego z dnia 13 listopada 2009 r. być może po kilku dniach od jego wysłania przez ten Urząd (k. 162),</xText>
          <xText>jednak tego rodzaju zeznanie nie pozwalało na kategoryczne uznanie, że pismo dotarło do powoda przed dniem 22 listopada 2009 r.</xText>
          <xText>Sąd Okręgowy zważył ponadto, że pismo Urzędu Patentowego z dnia 13 listopada 2009 r. nie było decyzją o odmowie rejestracji znaku towarowego, a jedynie zawierało ono informację o tym, że zgłoszony do rejestracji znak towarowy jest podobny do innego, wcześniej zarejestrowanego znaku towarowego.</xText>
          <xText>Dopiero decyzja Urzędu Patentowego z dnia 4 listopada 2010 r. w sposób ostateczny przesądziła, że znak <xAnon>(...)</xAnon> nie może być zarejestrowany. Powód złożył oświadczenie woli o uchyleniu się od skutków prawnych oświadczenia woli zawartego w umowie z dnia 22 maja 2009 r. w dniu 22 listopada 2010 r, a zatem w ocenie Sądu I instancji oświadczenie to złożył bez uchybienia terminu z <xLexLink xArt="art. 88;art. 88 § 2" xIsapId="WDU19640160093" xTitle="Ustawa z dnia 23 kwietnia 1964 r. - Kodeks cywilny" xAddress="Dz. U. z 1964 r. Nr 16, poz. 93">art. 88 § 2 k.c.</xLexLink></xText>
          <xText>W oświadczeniu z dnia 18 listopada 2010 r, które dotarło do pozwanego w dniu 22 listopada 2010 r, powód stwierdził, że błąd został u niego wywołany oświadczeniem syndyka, iż prawo ochronne na znak przysługuje i że znak ten zostanie z pewnością zarejestrowany przez Urząd Patentowy, gdyż spełnia warunki do rejestracji. Pozwany podnosił, że do kolizji znaków doszło już po zakupie praw do znaku przez powoda i z przyczyn leżących po stronie powoda.</xText>
          <xText>Zdaniem Sądu Okręgowego kolizja znaków istniała już w chwili zawarcia przez strony umowy z dnia 22 maja 2009 r, tyle tylko, że strony o tym nie wiedziały. Za taki stan rzeczy winę ponosi pozwany, który przed zawarciem umowy zbycia praw do znaku towarowego winien był sprawdzić, czy zgłoszony przez niego do rejestracji w Urzędzie Patentowym znak nie jest podobny do innego,</xText>
          <xText>wcześniej zarejestrowanego znaku towarowego. Błąd u powoda został wywołany przez stronę pozwaną. Sąd I instancji stwierdził, że wina pozwanego polegała na niedbalstwie, a nadto pozwany mógł z łatwością ten błąd zauważyć,</xText>
          <xText>W ocenie Sądu Okręgowego przekonanie powoda o tym, że znak towarowy zostanie zarejestrowany było uzasadnione wobec złożenia przez pozwanego w umowie z dnia 22 maja 2009 r. oświadczenia, iż sprzedawane przez niego prawo nie jest obciążone prawami osób trzecich (§ 1 pkt d umowy). Tego rodzaju zapewnienie mogło u powoda wywołać nie tylko przeświadczenie, że zbywane prawo przysługuje pozwanemu, ale także uzasadnione przekonanie, że zbywający prawo przed dokonaniem zgłoszenia sprawdził, czy innemu podmiotowi nie przysługuje już prawo ochronne do wcześniej zarejestrowanego znaku, podobnego do zgłoszonego do rejestracji.</xText>
          <xText>Wskazując na treść <xLexLink xArt="art. 162;art. 162 ust. 6" xIsapId="WDU20010490508" xTitle="Ustawa z dnia 30 czerwca 2000 r. - Prawo własności przemysłowej" xAddress="Dz. U. z 2001 r. Nr 49, poz. 508">art. 162 ust. 6</xLexLink> w zw. z <xLexLink xArt="art. 162;art. 162 ust. 1" xIsapId="WDU20010490508" xTitle="Ustawa z dnia 30 czerwca 2000 r. - Prawo własności przemysłowej" xAddress="Dz. U. z 2001 r. Nr 49, poz. 508">art. 162 ust. 1 ustawy z dnia 30 czerwca 2000 r. Prawo własności przemysłowej</xLexLink> (Dz.U. z 2003 r, nr 119, poz. 1117 ze zm.) Sąd Okręgowy zauważył, iż powód nabył na podstawie umowy z pozwanym nie prawo ochronne do znaku towarowego, gdyż znak ten był dopiero zgłoszony do rejestracji, lecz prawo do rejestracji znaku towarowego. W dacie zawarcia tej umowy powód pozostawał w przekonaniu, że dojdzie do rejestracji znaku. Powodowi można by było postawić zarzut, że zdawał sobie sprawę z tego, iż kupuje jedynie prawo z dokonanego zgłoszenia, a nie prawo ochronne do zarejestrowanego już znaku i tym samym ponosi ryzyko odmowy rejestracji, jednak taki zarzut byłby uzasadniony tylko wtedy, gdyby powód w dacie zawarcia umowy miał pełną wiedzę o</xText>
          <xText>możliwości uzyskania rejestracji, a zwłaszcza o tym, że istnieje już znak podobny, korzystający z ochrony prawnej. Tego rodzaju wiedzy powód jednak nie posiadał.</xText>
          <xText>Złożenie przez pozwanego w umowie stron oświadczenia, iż zgłoszony do rejestracji znak nie jest obciążony prawami osób trzecich uznał Sąd I instancji za działanie wywołujące błąd u powoda. Pozwany nie dołożył należytej staranności przy ustalaniu składników majątkowych masy upadłości, jak i przy dokonywaniu zgłoszenia do rejestracji w Urzędzie Patentowym znaku „<xAnon>(...)</xAnon>”. Jeżeli w dokumentach firmowych upadłego, reklamach i opakowaniach produktów widniały charakterystyczne znaki (logo), to nawet jeśli w dokumentach upadłego nie było informacji potwierdzających przysługiwanie upadłemu praw ochronnych z zarejestrowanych znaków towarowych, okoliczność tę można było ustalić bezpośrednio w bazie danych Urzędu Patentowego.</xText>
          <xText>Sąd Okręgowy nie podzielił stanowiska pozwanego, że do kolizji znaków doszło dopiero po sprzedaży prawa ze zgłoszenia znaku do rejestracji i że to powód ponosi winę za nieusunięcie kolizji, gdyż nie zakupił od pozwanego znaku już zarejestrowanego. Te okoliczności nie miały, według Sądu, znaczenia dla oceny, czy w chwili składania oświadczenia woli powód działał pod wpływem błędu czy też nie. Pozwany nie wykazał ponadto, że powód celowo nie nabył drugiego znaku, aby stworzyć okoliczności uzasadniające możliwość uchylenia się od skutków prawnych swojego oświadczenia woli, ani że powód posiadał wiedzę na temat znaków towarowych upadłej spółki, większą niż pozwany. W tej sytuacji Sąd Okręgowy uznał, że powód skutecznie uchylił się od skutków prawnych swojego oświadczenia woli, złożonego w</xText>
          <xText>umowie stron z dnia 22 maja 2009 r, co uzasadniało żądanie przez niego od pozwanego zwrotu spełnionego świadczenia w kwocie dochodzonej pozwem, która nie została przez pozwanego w toku postępowania zakwestionowana.</xText>
          <xText>W związku z powyższym Sąd I instancji na podstawie <xLexLink xArt="art. 347" xIsapId="WDU19640430296" xTitle="Ustawa z dnia 17 listopada 1964 r. - Kodeks postępowania cywilnego" xAddress="Dz. U. z 1964 r. Nr 43, poz. 296">art. 347 kpc</xLexLink> orzekł o utrzymaniu w mocy wyroku zaocznego z dnia 2 lutego 2011 r. w całości i rozstrzygnął o kosztach procesu na podstawie <xLexLink xArt="art. 98" xIsapId="WDU19640430296" xTitle="Ustawa z dnia 17 listopada 1964 r. - Kodeks postępowania cywilnego" xAddress="Dz. U. z 1964 r. Nr 43, poz. 296">art. 98 kpc</xLexLink>.</xText>
          <xText>Pozwany złożył apelację od powyższego wyroku, skierowaną przeciwko całości rozstrzygnięcia Sądu Okręgowego.</xText>
          <xText>Skarżący zarzucił naruszenie prawa materialnego, tj. <xLexLink xArt="art. 6" xIsapId="WDU19640160093" xTitle="Ustawa z dnia 23 kwietnia 1964 r. - Kodeks cywilny" xAddress="Dz. U. z 1964 r. Nr 16, poz. 93">art. 6 kc</xLexLink>, <xLexLink xArt="art. 88;art. 88 § 2" xIsapId="WDU19640160093" xTitle="Ustawa z dnia 23 kwietnia 1964 r. - Kodeks cywilny" xAddress="Dz. U. z 1964 r. Nr 16, poz. 93">art. 88 § 2 kc</xLexLink> i <xLexLink xArt="art. 84;art. 84 § 1" xIsapId="WDU19640160093" xTitle="Ustawa z dnia 23 kwietnia 1964 r. - Kodeks cywilny" xAddress="Dz. U. z 1964 r. Nr 16, poz. 93">art. 84 § 1 kc</xLexLink> przez ich niewłaściwe zastosowanie oraz sprzeczność istotnych ustaleń Sądu z treścią zebranego w sprawie materiału dowodowego przez przyjęcie, że oświadczenia złożone przez pozwanego w umowie sprzedaży z dnia 22 maja 2009r. (w apelacji błędnie podano – 2012 r.) wprowadzały powoda w błąd, sprecyzowany przez powoda w oświadczeniu z dnia 18 listopada 2010 r, w szczególności, że oświadczenie złożone przez syndyka o braku obciążeń przedmiotu sprzedaży prawami osób trzecich doprowadziło do powstania po stronie powoda przekonania, iż zakupione prawo spełnia przesłanki do jego zarejestrowania.</xText>
          <xText>Nadto apelujący zarzucił, iż Sąd I instancji błędnie przyjął, że kolizja między znakiem objętym umową sprzedaży a znakiem wcześniej zarejestrowanym (<xAnon>(...)</xAnon>) istniała już w dniu zawarcia umowy sprzedaży, że o powstaniu tej kolizji powód dowiedział się z decyzji Urzędu Patentowego z dnia 4 listopada 2010 r, a</xText>
          <xText>nie z pisma tego Urzędu z dnia 13 listopada 2009 r. oraz że sprawdzenie tzw. czystości patentowej przez pozwanego doprowadziłoby do wykrycia kolizji między znakiem zbywanym a wcześniej zarejestrowanym.</xText>
          <xText>Wskazując na powyższe zarzuty pozwany domagał się zmiany zaskarżonego wyroku w kierunku oddalenia w całości powództwa i zasądzenia od powoda na rzecz skarżącego zwrotu kosztów procesu za obie instancje.</xText>
          <xText>Powód domagał się oddalenia apelacji pozwanego i zasądzenia od niego na swoją rzecz zwrotu kosztów postępowania apelacyjnego.</xText>
          
          <xText>
            <xBx> Sąd Apelacyjny zważył:</xBx>
          </xText>
          <xText>Apelacja nie zasługiwała na uwzględnienie gdyż zgłoszone w niej zarzuty nie były zasadne. Sąd Okręgowy nie dopuścił się wskazanych przez skarżącego naruszeń prawa materialnego ani nie poczynił ustaleń sprzecznych z treścią zebranego w sprawie materiału dowodowego.</xText>
          <xText>Nie doszło do naruszenia <xLexLink xArt="art. 6" xIsapId="WDU19640160093" xTitle="Ustawa z dnia 23 kwietnia 1964 r. - Kodeks cywilny" xAddress="Dz. U. z 1964 r. Nr 16, poz. 93">art. 6 kc</xLexLink>, kreującego generalną zasadę, że ciężar udowodnienia faktu spoczywa na osobie, która z faktu tego wywodzi skutki prawne. Reguła dotycząca ciężaru dowodu nie może być pojmowana w ten sposób, że ciąży on zawsze na powodzie. W zależności od rozstrzyganych w procesie kwestii faktycznych i prawnych ciężar dowodu co do pewnych faktów będzie spoczywał na powodzie, a co do innych na pozwanym. W sytuacji jaka zaistniała w rozpoznawanej sprawie, kiedy to powód twierdził, że termin określony w <xLexLink xArt="art. 88;art. 88 § 2" xIsapId="WDU19640160093" xTitle="Ustawa z dnia 23 kwietnia 1964 r. - Kodeks cywilny" xAddress="Dz. U. z 1964 r. Nr 16, poz. 93">art. 88 § 2 kc</xLexLink> do uchylenia się od skutków prawnych oświadczenia woli złożonego pod wpływem błędu winien być liczony od daty powzięcia przez niego wiadomości o odmowie rejestracji znaku towarowego, zaś pozwany</xText>
          <xText>wywodził, że powód informację o kolizji znaków (zgłoszonego do rejestracji i wcześniej zarejestrowanego) uzyskał prawie rok wcześniej, na pozwanym, jako osobie wywodzącej ze swojego twierdzenia o tym fakcie pozytywne dla siebie skutki prawne, spoczywał ciężar udowodnienia w jakiej dacie powód stosowną informację otrzymał. Trafnie uznał Sąd Okręgowy, że pozwany nie udowodnił, iż powód z pismem Urzędu Skarbowego z dnia 13 listopada 2009 r. zapoznał się przed dniem 22 listopada 2009 r, co skutkować mogło uznaniem, że oświadczenie powoda o uchyleniu się od skutków prawnych złożonego oświadczenia woli, które dotarło do pozwanego w dniu 22 listopada 2010 r, nastąpiło z naruszeniem terminu wskazanego w <xLexLink xArt="art. 88;art. 88 § 2" xIsapId="WDU19640160093" xTitle="Ustawa z dnia 23 kwietnia 1964 r. - Kodeks cywilny" xAddress="Dz. U. z 1964 r. Nr 16, poz. 93">art. 88 § 2 kc.</xLexLink> Dowodu na potwierdzenie tego faktu nie mogły stanowić mało precyzyjne zeznania świadka <xAnon>Z. K.</xAnon>. Pozwany natomiast miał możliwość zgłoszenia wniosku dowodowego o przeprowadzenie dowodu z dokumentów znajdujących się w aktach rejestracyjnych Urzędu Patentowego, na okoliczność ustalenia daty doręczenia powodowi pisma z dnia 13 listopada 2009 r, jednak stosownego wniosku pozwany nie zgłosił.</xText>
          <xText>Niezależnie od tego zaaprobować należy pogląd Sądu Okręgowego, że dopiero wydanie przez Urząd Patentowy decyzji o odmowie rejestracji znaku towarowego w dniu 4 listopada 2010 r. skutkowało kategorycznym uznaniem, że powód zawarł umowę z dnia 22 maja 2009 r. pod wpływem błędu, tj. pozostając w mylnym przeświadczeniu, wywołanym przez pozwanego, iż znak towarowy, będący przedmiotem umowy, zostanie zarejestrowany. Z całą pewnością był to błąd istotny w rozumieniu <xLexLink xArt="art. 84;art. 84 § 2" xIsapId="WDU19640160093" xTitle="Ustawa z dnia 23 kwietnia 1964 r. - Kodeks cywilny" xAddress="Dz. U. z 1964 r. Nr 16, poz. 93">art. 84 § 2 kc</xLexLink>, gdyż uzasadniał on przypuszczenie, że gdyby powód pod wpływem tego błędu nie działał, nie złożyłby oświadczenia woli o nabyciu praw z dokonanego w Urzędzie Patentowym zgłoszenia znaku towarowego.</xText>
          <xText>Trafnie również uznał Sąd Okręgowy, że strona powodowa przy dołożeniu należytej staranności mogła ustalić, bądź to na podstawie dokumentacji upadłego, bądź to w bazie danych Urzędu Patentowego, że udzielone zostało wcześniej na rzecz upadłego prawo ochronne na podobny znak towarowy.</xText>
          <xText>Nadto prawidłowo Sąd ten przyjął, iż oświadczenia pozwanego, zawarte w umowie stron z dnia 22 maja 2012r, a w szczególności zapewnienie o braku obciążeń przedmiotu umowy prawami osób trzecich, wywołały błędne przeświadczenie u powoda, że na znak towarowy zgłoszony do rejestracji zostanie udzielone prawo ochronne.</xText>
          <xText>Kolizja między znakiem zgłoszonym do rejestracji (objętym umową stron) a znakiem zarejestrowanym (R-<xAnon> (...)</xAnon>) bez wątpienia występowała w dacie zawarcia przez strony umowy, gdyż oba znaki w tym czasie istniały i ich porównanie w celu ustalenia podobieństw bądź różnic było wówczas możliwe.</xText>
          <xText>Nie można zgodzić się z wywodem skarżącego, że kolizja powstała na skutek rozdzielenia „prawa własności obu znaków”, zaś „kolizji nie było dopóki oba znaki znajdowały się w rękach jednego właściciela, co potwierdzać miała okoliczność, że „w okresie wcześniejszym obydwa znaki były zarejestrowane i chronione, mimo że były podobne”.</xText>
          <xText>Skarżący nie dostrzegł istotnego faktu, iż nigdy oba znaki nie były zarejestrowane w Urzędzie Patentowym i chronione jednocześnie. Z niekwestionowanych ustaleń Sądu Okręgowego wynikało, że znak „<xAnon>(...)</xAnon>” był zarejestrowany w Urzędzie Patentowym i korzystał z ochrony w okresie od 19 sierpnia 1994 r. do</xText>
          <xText>19 sierpnia 2004 r, natomiast znak towarowy „<xAnon>(...)</xAnon>” został zarejestrowany 14 kwietnia 2005 r., po wygaśnięciu prawa ochronnego na znak „<xAnon>(...)</xAnon>”. Kolizja obu znaków wynika wyłącznie z ich podobieństwa, a nie z tego, że prawo ochronne do znaku obecnie zarejestrowanego służy pozwanemu, zaś powód zamierzał nabyć analogiczne prawo do znaku, co do którego prawo ochronne wygasło w sierpniu 2004 r, a ponowne zgłoszenie do Urzędu Patentowego nastąpiło 29 sierpnia 2008 r.</xText>
          <xText>Nie znajdując uzasadnionych podstaw do uwzględnienia zarzutów i wniosków skarżącego należało apelację oddalić, w oparciu o <xLexLink xArt="art. 385" xIsapId="WDU19640430296" xTitle="Ustawa z dnia 17 listopada 1964 r. - Kodeks postępowania cywilnego" xAddress="Dz. U. z 1964 r. Nr 43, poz. 296">art. 385 kpc</xLexLink> i orzec o kosztach postępowania apelacyjnego na podstawie <xLexLink xArt="art. 98;art. 99" xIsapId="WDU19640430296" xTitle="Ustawa z dnia 17 listopada 1964 r. - Kodeks postępowania cywilnego" xAddress="Dz. U. z 1964 r. Nr 43, poz. 296">art. 98 i 99 kpc</xLexLink>.</xText>
        </xUnit>
      </xBlock>
    </xPart>
  </judgement>
<judgement id="153000000001006_II_AKa_000245_2012_Uz_2012-11-27_001">
    <xPart xEditorFullName="Artur Trubalski" xYear="2012" xLang="PL" xPublisherFullName="Monika Wyczółkowska" xFromPg="1" xEditor="trubalski" xVolType="15/300000/0001006/AKa" xPublisher="wyczolkowska" xDocType="Uz" xVolNmbr="000245" xVersion="1.0" xToPage="17" xFlag="published">
      <xName>Wyrok+Uzasadnienie</xName>
      <xBlock>
        <xText>
          <xBx>Sygn. akt II AKa 245/12</xBx>
        </xText>
        
        <xUnit xIsTitle="true" xBold="true" xType="part">
          <xName>WYROK</xName>
          <xTitle>W IMIENIU RZECZYPOSPOLITEJ POLSKIEJ</xTitle>
          <xText xALIGNx="right"> Dnia 27 listopada 2012 r.</xText>
          
          <xText>Sąd Apelacyjny w Lublinie w II Wydziale Karnym w składzie:</xText>
          <xRows>
            <xCOLGROUPx>
              <xCOLx xWIDTHx="250"/>
              <xCOLx xWIDTHx="446"/>
            </xCOLGROUPx>
            <xRow>
              <xClmn xALIGNx="left" xVALIGNx="top">
                <xText>Przewodniczący - Sędzia</xText>
              </xClmn>
              <xClmn xALIGNx="left" xVALIGNx="top">
                <xText>SA Bohdan Tracz (sprawozdawca)</xText>
              </xClmn>
            </xRow>
            <xRow>
              <xClmn xALIGNx="left" xVALIGNx="top">
                <xText>Sędziowie:</xText>
              </xClmn>
              <xClmn xALIGNx="left" xVALIGNx="top">
                <xText>SA Elżbieta Brzozowska</xText>
                <xText>SA Wojciech Zaręba</xText>
              </xClmn>
            </xRow>
            <xRow>
              <xClmn xALIGNx="left" xVALIGNx="top">
                <xText>Protokolant</xText>
              </xClmn>
              <xClmn xALIGNx="left" xVALIGNx="top">
                <xText>st. prot. sądowy Agnieszka Muszyńska</xText>
              </xClmn>
            </xRow>
          </xRows>
          <xText>przy udziale Wiesława Greszty prokuratora Prokuratury Apelacyjnej w Lublinie</xText>
          <xText>po rozpoznaniu w dniu 20 listopada 2012 r.</xText>
          <xText>sprawy <xBx><xAnon>A. M.</xAnon></xBx> oskarżonego z <xLexLink xArt="art. 18;art. 18 § 3" xIsapId="WDU19970880553" xTitle="Ustawa z dnia 6 czerwca 1997 r. - Kodeks karny" xAddress="Dz. U. z 1997 r. Nr 88, poz. 553">art. 18 § 3 k.k.</xLexLink> w zw. z <xLexLink xArt="art. 296;art. 296 § 1;art. 296 § 2;art. 296 § 3" xIsapId="WDU19970880553" xTitle="Ustawa z dnia 6 czerwca 1997 r. - Kodeks karny" xAddress="Dz. U. z 1997 r. Nr 88, poz. 553">art. 296 § 1, 2 i 3 k.k.</xLexLink> i in. <xBx>i <xAnon>J. S.</xAnon></xBx> oskarżonej z <xLexLink xArt="art. 296;art. 296 § 1;art. 296 § 3" xIsapId="WDU19970880553" xTitle="Ustawa z dnia 6 czerwca 1997 r. - Kodeks karny" xAddress="Dz. U. z 1997 r. Nr 88, poz. 553">art. 296 § 1 i 3 k.k.</xLexLink> w zb. z <xLexLink xArt="art. 297;art. 297 § 1" xIsapId="WDU19970880553" xTitle="Ustawa z dnia 6 czerwca 1997 r. - Kodeks karny" xAddress="Dz. U. z 1997 r. Nr 88, poz. 553">art. 297 § 1 k.k.</xLexLink> w zw. z <xLexLink xArt="art. 12" xIsapId="WDU19970880553" xTitle="Ustawa z dnia 6 czerwca 1997 r. - Kodeks karny" xAddress="Dz. U. z 1997 r. Nr 88, poz. 553">art. 12 k.k.</xLexLink></xText>
          <xText>z powodu apelacji wniesionych przez prokuratora i obrońcę oskarżonego <xAnon>A. M.</xAnon></xText>
          <xText>od wyroku Sądu Okręgowego w Radomiu</xText>
          <xText>z dnia 24 maja 2012 r., sygn. akt II K 135/11</xText>
          
          <xUnit xIsTitle="false" xType="none">
            <xName xSffx=".">I</xName>
            <xText>utrzymuje w mocy zaskarżony wyrok uznając obie apelacje za oczywiście bezzasadne;</xText>
          </xUnit>
          <xUnit xIsTitle="false" xType="none">
            <xName xSffx=".">II</xName>
            <xText>zasądza od oskarżonego <xAnon>A. M.</xAnon> na rzecz Skarbu Państwa 1380 (tysiąc trzysta osiemdziesiąt) złotych opłaty za II instancję i 10 (dziesięciu) złotych tytułem zwrotów wydatków za postępowanie odwoławcze; kosztami tego postępowania związanymi z apelacją prokuratora obciąża Skarb Państwa.</xText>
          </xUnit>
          
          <xText>
            <xBx>II AKa 245/12</xBx>
          </xText>
        </xUnit>
        <xUnit xIsTitle="true" xBold="true" xType="part">
          <xName>UZASADNIENIE</xName>
          <xText>
            <xBx><xAnon>A. M.</xAnon> został oskarżony o to , że :</xBx>
          </xText>
          
          <xText><xBx>XIV</xBx>. w okresie od maja 1999 r. do stycznia 2000 r. w <xAnon>R.</xAnon> w krótkich odstępach czasu, w wykonaniu powziętego z góry zamiaru, chcąc, aby osoby zajmujące się sprawami majątkowymi Banku Spółdzielczego w <xAnon>R.</xAnon> dopuściły się przestępstwa spowodowania szkody majątkowej w mieniu banku przez udzielenie, w oparciu o nierzetelne pisemne oświadczenia kredytów i gwarancji bankowych, ułatwił popełnienie tych czynów w ten sposób, że uczestniczył w zaplanowaniu przestępstwa, przekazywał korzyści majątkowe prezesowi Zarządu Banku oraz, przedkładając nierzetelne pisemne oświadczenia, uzyskał kredyty z Banku Spółdzielczego w <xAnon>R.</xAnon>, a mianowicie:</xText>
          <xText>- w maju 1999 r. w celu uzyskania przez <xAnon> firmę (...)</xAnon> w <xAnon>S.</xAnon> kredytu obrotowego w kwocie 400.000 zł, udzielił innym osobom pomocy do przedłożenia Bankowi Spółdzielczemu w <xAnon>R.</xAnon> stwierdzających nieprawdę pisemnych oświadczeń, w ten sposób, że uczestniczył w planowaniu przestępstwa i skontaktował te osoby z prezesem Zarządu <xAnon> Banku (...)</xAnon> oraz przekazał mu korzyść majątkową<xBRx/>w zamian za udzielenie kredytu, czego efektem było zawarcie <xAnon>umowy kredytowej nr (...)</xAnon> i udzielenie tej firmie kredytu w wymienionej kwocie bez należytego zabezpieczenia,</xText>
          <xText>- w sierpniu 1999 r. w celu uzyskania przez <xAnon> firmę (...)</xAnon> Obrót <xAnon>H.</xAnon> Detaliczny <xAnon>K. M.</xAnon> w <xAnon>S.</xAnon> gwarancji bankowych na zakup towarów kwocie 2.000.000 zł udzielił innym osobom pomocy do przedłożenia Bankowi Spółdzielczemu w <xAnon>R.</xAnon> stwierdzających nieprawdę pisemnych oświadczeń, w ten sposób, że uczestniczył w planowaniu przestępstwa i skontaktował te osoby z prezesem zarządu Banku Spółdzielczego w <xAnon>R.</xAnon><xAnon>J. J. (1)</xAnon> oraz przekazał mu korzyść majątkową, czego efektem było udzielenie gwarancji<xBRx/>w wymienionej kwocie pomimo braku zdolności kredytowej i bez należytego zabezpieczenia,</xText>
          <xText>- w grudniu 1999r. chcąc, by <xAnon>Z. S. (1)</xAnon> dokonał przestępstwa, ułatwił mu uzyskanie z Banku Spółdzielczego w <xAnon>R.</xAnon> dla <xAnon> firmy Skup i (...)</xAnon> w <xAnon>K.</xAnon> kredytu dyskontowego w kwocie 500.000 zł w ten sposób, że uczestniczył w planowaniu przestępstwa i wystawił mu weksel nie spełniający warunków określonych w <xAnon>umowie kredytowej nr (...)</xAnon>, który został przez <xAnon>Z. S. (1)</xAnon> złożony do dyskonta, przy czym pieniądze uzyskane z kredytu zostały przeznaczone na spłatę zobowiązań <xAnon> firmy (...)</xAnon><xAnon>K. M.</xAnon> w <xAnon>S.</xAnon> wobec banku,</xText>
          <xText>- w zamiarze by <xAnon>K. M.</xAnon> dokonał przestępstwa, ułatwił mu uzyskanie z Banku Spółdzielczego w <xAnon>R.</xAnon>, w oparciu o nierzetelne pisemne oświadczenia, kredytu obrotowego nr 63/99 w kwocie 450.000 zł dla <xAnon> firmy (...)</xAnon><xAnon>K. S.</xAnon> przeznaczonego na spłatę wcześniejszych zobowiązań wobec banku, w ten sposób, że uczestniczył w zaplanowaniu przestępstwa i zgodził się spłacić z uzyskanego kredytu dyskontowego część tych zobowiązań, czego efektem było udzielenie kredytu<xBRx/>w wymienionej kwocie pomimo braku zdolności kredytowej i bez należytego zabezpieczenia,</xText>
          <xText>- w grudniu 1999 r. w celu uzyskania z Banku Spółdzielczego w <xAnon>R.</xAnon> dla <xAnon> firmy (...) Sp. z o.o.</xAnon> w <xAnon>R.</xAnon> kredytu dyskontowego w kwocie 300.000 zł przedłożył nierzetelne pisemne oświadczenia w ten sposób, że złożył do dyskonta weksle nie spełniające warunków określonych w <xAnon>umowie kredytowej nr (...)</xAnon>, przy czym pieniądze uzyskane z kredytu przeznaczył spłatę zobowiązań <xAnon> firmy (...)</xAnon><xAnon>K. M.</xAnon> w <xAnon>S.</xAnon> wobec banku,</xText>
          <xText>- w grudniu 1999r. i styczniu 2000 r. w celu uzyskania z <xAnon> Banku (...)</xAnon> dla <xAnon> firmy (...) Sp. z o.o.</xAnon> w <xAnon>R.</xAnon> kredytu obrotowego w kwocie 200.000 zł przedłożył Bankowi nierzetelne pisemne oświadczenia, czego efektem było zwarcie <xAnon>umowy kredytowej nr (...)</xAnon>,</xText>
          <xText>- w grudniu 1999r. i styczniu 2000r. w zamiarze by <xAnon>C. G.</xAnon> dokonał przestępstwa, ułatwił mu uzyskanie z banku Spółdzielczego w <xAnon>R.</xAnon> w oparciu o nierzetelne pisemne oświadczenia kredytu obrotowego nr <xAnon> (...)</xAnon> w kwocie 750.000 zł dla firmy ,,4 <xAnon>C.</xAnon>” <xAnon>C. G.</xAnon> w <xAnon>R.</xAnon> przeznaczonego na spłatę wcześniejszych zobowiązań <xAnon> firmy (...)</xAnon><xAnon>K. M.</xAnon> w <xAnon>S.</xAnon> wobec banku oraz wykup weksli złożonych w banku do dyskonta, w ten sposób, że uczestniczył w zaplanowaniu przestępstwa zgodził się spłacić z uzyskanego kredytu dyskontowego część zobowiązań <xAnon> firmy (...)</xAnon><xAnon>K. M.</xAnon> w <xAnon>S.</xAnon>, czego efektem było udzielenie kredytu w wymienionej kwocie pomimo braku zdolności kredytowej<xBRx/>i bez należytego zabezpieczenia, w wyniku czego powstała w mieniu Banku Spółdzielczego w <xAnon>R.</xAnon> szkoda w kwocie 3.098.606 zł,</xText>
          
          <xText>
            <xBx>
              <xIx>tj. o przestępstwo z <xLexLink xArt="art. 18;art. 18 § 3" xIsapId="WDU19970880553" xTitle="Ustawa z dnia 6 czerwca 1997 r. - Kodeks karny" xAddress="Dz. U. z 1997 r. Nr 88, poz. 553">art. 18 § 3 kk</xLexLink> w zw. z <xLexLink xArt="art. 296;art. 296 § 1;art. 296 § 2;art. 296 § 3" xIsapId="WDU19970880553" xTitle="Ustawa z dnia 6 czerwca 1997 r. - Kodeks karny" xAddress="Dz. U. z 1997 r. Nr 88, poz. 553">art. 296 § 1, 2 i 3 kk</xLexLink> i w zw. z <xLexLink xArt="art. 297;art. 297 § 1" xIsapId="WDU19970900557" xTitle="Ustawa z dnia 6 czerwca 1997 r. - Kodeks karny wykonawczy" xAddress="Dz. U. z 1997 r. Nr 90, poz. 557">art. 297 § 1 kk<xBRx/>w</xLexLink> zb. z <xLexLink xArt="art. 297;art. 297 § 1" xIsapId="WDU19970880553" xTitle="Ustawa z dnia 6 czerwca 1997 r. - Kodeks karny" xAddress="Dz. U. z 1997 r. Nr 88, poz. 553">art. 297 § 1 kk</xLexLink> w zw. z <xLexLink xArt="art. 12" xIsapId="WDU19970880553" xTitle="Ustawa z dnia 6 czerwca 1997 r. - Kodeks karny" xAddress="Dz. U. z 1997 r. Nr 88, poz. 553">art. 12 kk</xLexLink></xIx>
            </xBx>
          </xText>
          
          <xText>
            <xBx><xAnon>J. S.</xAnon> została oskarżona o to, że: </xBx>
          </xText>
          
          <xText><xBx>XVII.</xBx> w okresie od maja 1999 r. do września 2000 r. w <xAnon>R.</xAnon> w krótkich odstępach czasu w wykonaniu powziętego z góry zamiaru będąc jako Pełnomocnik Zarządu obowiązana do zajmowania się sprawami majątkowymi Banku Spółdzielczego w <xAnon>R.</xAnon>, przez nadużycie udzielonych jej uprawnień wyrządziła bankowi szkodę majątkową w wielkich rozmiarach <xBRx/>w ten sposób, że wspólnie i w porozumieniu z innymi osobami doprowadziła do przedłożenia bankowi, w celu uzyskania kredytów przez <xAnon> firmy (...)</xAnon> w <xAnon>S.</xAnon>, <xAnon> (...) sp. z o.o.</xAnon> w <xAnon>R.</xAnon>, <xAnon> Skup i (...)</xAnon> w <xAnon>A.</xAnon> i ,,4 <xAnon>C.</xAnon>” <xAnon>C. G.</xAnon> w <xAnon>R.</xAnon>, stwierdzających nieprawdę pisemnych oświadczeń oraz do udzielenia tym firmom kredytów, a także do zawarcia aneksów do umów kredytowych i umów o restrukturyzację kredytów, czym spowodowała szkodę w mieniu banku w wysokości nie niższej niż 3.098.606 zł, co stanowi szkodę majątkową w wielkich rozmiarach, a mianowicie:</xText>
          <xText>- w okresie od 17 do 20 maja 1999 r. w <xAnon>R.</xAnon> doprowadziła do przedłożenia bankowi,<xBRx/>w celu uzyskania przez <xAnon> firmę (...)</xAnon> kredytu obrotowego w kwocie 400.000 zł , stwierdzających nieprawdę pisemnych oświadczeń, czego efektem było zawarcie <xAnon>umowy kredytowej nr (...)</xAnon>/99<xBRx/>i udzielenie tej firmie kredytu w wymienionej kwocie bez należytego zabezpieczenia,<xBRx/>a następnie zawierała aneksy odraczające spłaty rat kredytu,</xText>
          <xText>- w okresie od 5 sierpnia 1999r. do grudnia 1999r., w zamian za udzieloną mu korzyść majątkową, doprowadził do zawarcia bez odpowiednich zabezpieczeń z <xAnon> firmą (...)</xAnon> w <xAnon>S.</xAnon> umowy udzielenia gwarancji nr 1 na zakup towaru na kwotę do 2.000.000 zł,</xText>
          <xText>-w okresie od 5 sierpnia 1999r. do grudnia 1999r., doprowadził do udzielenia bez odpowiednich zabezpieczeń <xAnon> firmie (...)</xAnon> w <xAnon>S.</xAnon> gwarancji na zakup towarów na kwotę do 2.000.000 zł,</xText>
          <xText>- w okresie od 15 do 30 grudnia 1999 r. doprowadziła do przedłożenia bankowi, w celu uzyskania przez <xAnon> firmę (...) sp. z o.o.</xAnon> w <xAnon>R.</xAnon> kredytu dyskontowego w kwocie 300.000 zł, stwierdzających nieprawdę pisemnych oświadczeń, czego efektem było zawarcie <xAnon>umowy kredytowej nr (...)</xAnon> i udzielenie tej firmie kredytu w wymienionej kwocie przeznaczonego na spłatę wcześniejszych zobowiązań <xAnon> firmę (...)</xAnon> Obrót <xAnon>H.</xAnon> Detaliczny <xAnon>K. M.</xAnon> w <xAnon>S.</xAnon> bez należytego zabezpieczenia,</xText>
          <xText>- w okresie od 15 do 30 grudnia 1999 r. doprowadziła do przedłożenia bankowi, w celu uzyskania przez <xAnon> firmę Skup i (...)</xAnon> z kredytu dyskontowego<xBRx/>w kwocie 500.000 zł, stwierdzających nieprawdę pisemnych oświadczeń, czego efektem było zawarcie <xAnon>umowy kredytowej nr (...)</xAnon> i udzielenie tej firmie kredytu w wymienionej kwocie przeznaczonego na spłatę wcześniejszych zobowiązań <xAnon> firmę (...)</xAnon> Obrót <xAnon>H.</xAnon> Detaliczny <xAnon>K. M.</xAnon> w <xAnon>S.</xAnon> bez należytego zabezpieczenia,</xText>
          <xText>- w okresie od 15 grudnia 1999r. do 4 stycznia 2000r. doprowadziła do przedłożenia bankowi, w celu uzyskania przez <xAnon> firmę (...) sp. z o.o.</xAnon> w <xAnon>R.</xAnon> kredytu obrotowego w kwocie 200.000 zł, stwierdzających nieprawdę pisemnych oświadczeń, czego efektem było zawarcie <xAnon>umowy kredytowej nr (...)</xAnon> i udzielenie tej firmie kredytu w wymienionej kwocie,</xText>
          <xText>-w okresie od 6 do 30 stycznia 2000 r. doprowadziła do przedłożenia bankowi, w celu uzyskania przez firmę ,,4 <xAnon>C.</xAnon>” <xAnon>C. G.</xAnon> w <xAnon>R.</xAnon> kredytu obrotowego<xBRx/>w kwocie 750.000 zł, stwierdzających nieprawdę pisemnych oświadczeń, czego efektem było zawarcie <xAnon>umowy kredytowej nr (...)</xAnon> i udzielenie tej firmie kredytu w wymienionej kwocie bez należytego zabezpieczenia,</xText>
          <xText>- w miesiącu wrześniu 2000 r. doprowadziła do zawarcia z <xAnon> firmą (...)</xAnon> w <xAnon>S.</xAnon><xAnon>umowy nr (...)</xAnon> o restrukturyzacji zadłużenia wynikającego z <xAnon>umów kredytowych (...)</xAnon>,</xText>
          <xText>- w miesiącu wrześniu 2000r. doprowadziła do zawarcia z firmą ,,4 <xAnon>C.</xAnon>” <xAnon>C. G.</xAnon> w <xAnon>R.</xAnon><xAnon>umowy nr (...)</xAnon> o restrukturyzacji zadłużenia wynikającego<xBRx/>z <xAnon>umowy kredytowej (...)</xAnon>,</xText>
          
          <xText>
            <xBx>
              <xIx> tj. o czyn z <xLexLink xArt="art. 296;art. 296 § 1;art. 296 § 3" xIsapId="WDU19970880553" xTitle="Ustawa z dnia 6 czerwca 1997 r. - Kodeks karny" xAddress="Dz. U. z 1997 r. Nr 88, poz. 553">art. 296 § 1 i 3 kk</xLexLink> w zb. z <xLexLink xArt="art. 297;art. 297 § 1" xIsapId="WDU19970880553" xTitle="Ustawa z dnia 6 czerwca 1997 r. - Kodeks karny" xAddress="Dz. U. z 1997 r. Nr 88, poz. 553">art. 297 § 1 kk</xLexLink> w zw. z <xLexLink xArt="art. 12" xIsapId="WDU19970880553" xTitle="Ustawa z dnia 6 czerwca 1997 r. - Kodeks karny" xAddress="Dz. U. z 1997 r. Nr 88, poz. 553">art. 12 kk</xLexLink>,</xIx>
            </xBx>
          </xText>
          
          <xText><xBx>XVIII.</xBx> w dacie nieustalonej w miesiącu wrześniu lub październiku 1999 r. w <xAnon>R.</xAnon> działając wspólnie i w porozumieniu z <xAnon>J. J. (1)</xAnon> jako osoba uprawiona do wystawienia dokumentu poświadczyła nieprawdę w ten sposób, że sporządziła z datą 28 czerwca 1999 r. aneks do <xAnon>umowy kredytowej nr (...)</xAnon>,</xText>
          
          <xText>
            <xBx>
              <xIx>tj. o czyn z <xLexLink xArt="art. 271;art. 271 § 1" xIsapId="WDU19970880553" xTitle="Ustawa z dnia 6 czerwca 1997 r. - Kodeks karny" xAddress="Dz. U. z 1997 r. Nr 88, poz. 553">art. 271 § 1 kk</xLexLink>.</xIx>
            </xBx>
          </xText>
          
          <xText>Po ponownym rozpoznaniu sprawy, Sąd Okręgowy w Radomiu wyrokiem z dnia 24.05.2012 r. w sprawie II K 135/11:</xText>
          
          <xText>I. w miejsce czynu zarzucanego <xAnon>A. M.</xAnon> w pkt XIV aktu oskarżenia uznał go za winnego tego, że:</xText>
          
          <xText>1. w czasie bliżej nieustalonym od kwietnia 1999r. do 18 maja 1999r. w <xAnon>R.</xAnon>, przewidując i godząc się na to, że <xAnon>K. M.</xAnon>, prowadzący działalność gospodarczą pod nazwą <xAnon> (...)</xAnon> w <xAnon>S.</xAnon>, w celu uzyskania kredytu w Banku Spółdzielczym w <xAnon>R.</xAnon> przedłożył nierzetelne pisemne oświadczenia dotyczące okoliczności o istotnym znaczeniu dla jego uzyskania, ułatwił <xAnon>K. M.</xAnon> popełnienie tego czynu w ten sposób, że skontaktował <xAnon>K. M.</xAnon> z prezesem Banku Spółdzielczego w <xAnon>R.</xAnon><xAnon>J. J. (1)</xAnon> zarekomendował <xAnon>K. M.</xAnon> jako wiarygodnego kontrahenta, to jest popełnienia czynu z <xLexLink xArt="art. 18;art. 18 § 3" xIsapId="WDU19970880553" xTitle="Ustawa z dnia 6 czerwca 1997 r. - Kodeks karny" xAddress="Dz. U. z 1997 r. Nr 88, poz. 553">art. 18 § 3 kk</xLexLink> w zw. z <xLexLink xArt="art. 297;art. 297 § 1" xIsapId="WDU19970880553" xTitle="Ustawa z dnia 6 czerwca 1997 r. - Kodeks karny" xAddress="Dz. U. z 1997 r. Nr 88, poz. 553">art. 297 § 1 kk</xLexLink> i za to na podstawie <xLexLink xArt="art. 19;art. 19 § 1" xIsapId="WDU19970880553" xTitle="Ustawa z dnia 6 czerwca 1997 r. - Kodeks karny" xAddress="Dz. U. z 1997 r. Nr 88, poz. 553">art. 19 § 1 kk</xLexLink> w zw. z <xLexLink xArt="art. 297;art. 297 § 1" xIsapId="WDU19970880553" xTitle="Ustawa z dnia 6 czerwca 1997 r. - Kodeks karny" xAddress="Dz. U. z 1997 r. Nr 88, poz. 553">art. 297 § 1 kk</xLexLink> w zw. z <xLexLink xArt="art. 33;art. 33 § 1;art. 33 § 2;art. 33 § 3" xIsapId="WDU19970880553" xTitle="Ustawa z dnia 6 czerwca 1997 r. - Kodeks karny" xAddress="Dz. U. z 1997 r. Nr 88, poz. 553">art. 33 § 1,2 i 3 kk</xLexLink> wymierzył mu karę 4 (czterech) miesięcy pozbawienia wolności i grzywnę 100 (sto) stawek dziennych po 30 (trzydzieści) złotych każda stawka;</xText>
          
          <xText>2. a) w dniu 27 grudnia 1999r. w <xAnon>R.</xAnon> jako Prezes Zarządu <xAnon> firmy (...) sp.z o.o.</xAnon> w <xAnon>R.</xAnon> w celu uzyskania z Banku Spółdzielczego w <xAnon>R.</xAnon> dla <xAnon> firmy (...) sp. z o.o.</xAnon> w <xAnon>R.</xAnon> kredytu obrotowego w kwocie 200.000 zł, przedłożył temuż bankowi nierzetelne pisemne oświadczenie co do okoliczności o istotnym znaczeniu dla jego uzyskania, a mianowicie co do przeznaczenia kredytu na przedpłatę za zakup cementu, to jest popełnienia czynu z <xLexLink xArt="art. 297;art. 297 § 1" xIsapId="WDU19970880553" xTitle="Ustawa z dnia 6 czerwca 1997 r. - Kodeks karny" xAddress="Dz. U. z 1997 r. Nr 88, poz. 553">art. 297 § 1 kk</xLexLink>;</xText>
          <xText>2. b) w dniu 30 grudnia 1999r. w <xAnon>R.</xAnon> jako Prezes Zarządu <xAnon> firmy (...) sp.z o.o.</xAnon> w <xAnon>R.</xAnon> w celu uzyskania z Banku Spółdzielczego w <xAnon>R.</xAnon> dla <xAnon> firmy (...) sp. z o.o.</xAnon> w <xAnon>R.</xAnon> kredytu dyskontowego, przedłożył temuż bankowi nierzetelne pisemne oświadczenie co do tego, że <xAnon> spółka (...)</xAnon> będzie składała do dyskonta wyłącznie weksle pochodzące z dokonanych obrotów gospodarczych, to jest popełnienia czynu z <xLexLink xArt="art. 297;art. 297 § 1" xIsapId="WDU19970880553" xTitle="Ustawa z dnia 6 czerwca 1997 r. - Kodeks karny" xAddress="Dz. U. z 1997 r. Nr 88, poz. 553">art. 297 § 1 kk</xLexLink> i stwierdzając, że czyny opisane w pkt 2 a) i 2 b) wyroku zostały popełnione w podobny sposób i w krótkich odstępach czasu na podstawie <xLexLink xArt="art. 297;art. 297 § 1" xIsapId="WDU19970880553" xTitle="Ustawa z dnia 6 czerwca 1997 r. - Kodeks karny" xAddress="Dz. U. z 1997 r. Nr 88, poz. 553">art. 297 § 1 kk</xLexLink> w zw. z <xLexLink xArt="art. 33;art. 33 § 1;art. 33 § 2;art. 33 § 3" xIsapId="WDU19970880553" xTitle="Ustawa z dnia 6 czerwca 1997 r. - Kodeks karny" xAddress="Dz. U. z 1997 r. Nr 88, poz. 553">art. 33 § 1,2 i 3 kk</xLexLink> w zw. z <xLexLink xArt="art. 91;art. 91 § 1" xIsapId="WDU19970880553" xTitle="Ustawa z dnia 6 czerwca 1997 r. - Kodeks karny" xAddress="Dz. U. z 1997 r. Nr 88, poz. 553">art. 91§1 kk</xLexLink> wymierzył mu karę 6 (sześciu) miesięcy pozbawienia wolności i grzywnę 150 (sto pięćdziesiąt) stawek dziennych po 30 (trzydzieści) złotych każda stawka;</xText>
          
          <xText>3. pod koniec grudnia 1999r., przy czym nie później niż w dniu 29 grudnia 1999r. w <xAnon>R.</xAnon> chcąc, by <xAnon>Z. S. (1)</xAnon> w celu uzyskania kredytu dyskontowego na rzecz prowadzonej przez siebie działalności gospodarczej przedłożył Bankowi Spółdzielczemu w <xAnon>R.</xAnon> nierzetelne oświadczenie co do okoliczności o istotnym znaczeniu dla jego uzyskania,<xBRx/>a mianowicie co do tego, że <xAnon>Z. S. (1)</xAnon> będzie składał do dyskonta wyłącznie weksle pochodzące z dokonanych obrotów gospodarczych, ułatwił <xAnon>Z. S. (2)</xAnon> popełnienie tego czynu w ten sposób, że brał udział w jego planowaniu i obiecał wystawić <xAnon>Z. S. (2)</xAnon>, jako Prezes Zarządu <xAnon> firmy (...) sp. z o.o.</xAnon> w <xAnon>R.</xAnon> weksel nie pochodzący z obrotu gospodarczego pomiędzy tymi podmiotami gospodarczymi,<xBRx/>a który <xAnon>Z. S. (1)</xAnon> miał następnie złożyć do dyskonta, to jest popełnienia czynu z <xLexLink xArt="art. 18;art. 18 § 3" xIsapId="WDU19970880553" xTitle="Ustawa z dnia 6 czerwca 1997 r. - Kodeks karny" xAddress="Dz. U. z 1997 r. Nr 88, poz. 553">art. 18 § 3 kk</xLexLink> w zw. z <xLexLink xArt="art. 297;art. 297 § 1" xIsapId="WDU19970880553" xTitle="Ustawa z dnia 6 czerwca 1997 r. - Kodeks karny" xAddress="Dz. U. z 1997 r. Nr 88, poz. 553">art. 297 § 1 kk</xLexLink> i za to na podstawie <xLexLink xArt="art. 19;art. 19 § 1" xIsapId="WDU19970880553" xTitle="Ustawa z dnia 6 czerwca 1997 r. - Kodeks karny" xAddress="Dz. U. z 1997 r. Nr 88, poz. 553">art. 19 § 1 kk</xLexLink> w zw. z <xLexLink xArt="art. 297;art. 297 § 1" xIsapId="WDU19970900557" xTitle="Ustawa z dnia 6 czerwca 1997 r. - Kodeks karny wykonawczy" xAddress="Dz. U. z 1997 r. Nr 90, poz. 557">art. 297 § 1 kk<xBRx/>w</xLexLink> zw. z <xLexLink xArt="art. 33;art. 33 § 1;art. 33 § 2;art. 33 § 3" xIsapId="WDU19970880553" xTitle="Ustawa z dnia 6 czerwca 1997 r. - Kodeks karny" xAddress="Dz. U. z 1997 r. Nr 88, poz. 553">art. 33 § 1,2 i 3 kk</xLexLink> wymierzył mu karę 4 (czterech) miesięcy pozbawienia wolności<xBRx/>i grzywnę 100 (sto) stawek dziennych po 30 (trzydzieści) złotych każda stawka;</xText>
          
          <xText>II. na podstawie <xLexLink xArt="art. 85" xIsapId="WDU19970880553" xTitle="Ustawa z dnia 6 czerwca 1997 r. - Kodeks karny" xAddress="Dz. U. z 1997 r. Nr 88, poz. 553">art. 85 kk</xLexLink> i <xLexLink xArt="art. 86;art. 86 § 1;art. 86 § 2" xIsapId="WDU19970880553" xTitle="Ustawa z dnia 6 czerwca 1997 r. - Kodeks karny" xAddress="Dz. U. z 1997 r. Nr 88, poz. 553">art. 86 § 1 i 2 kk</xLexLink> w zw. z <xLexLink xArt="art. 91;art. 91 § 2" xIsapId="WDU19970880553" xTitle="Ustawa z dnia 6 czerwca 1997 r. - Kodeks karny" xAddress="Dz. U. z 1997 r. Nr 88, poz. 553">art. 91 § 2 kk</xLexLink> orzeczone w pkt I ppkt 1, 2 i 3 wyroku kary połączył i wymierzył <xAnon>A. M.</xAnon> karę łączną 10 (dziesięciu) miesięcy pozbawienia wolności i grzywnę 200 (dwieście) stawek dziennych po 30 (trzydzieści) złotych każda stawka;</xText>
          
          <xText>III. Na podstawie <xLexLink xArt="art. 69;art. 69 § 1;art. 69 § 2" xIsapId="WDU19970880553" xTitle="Ustawa z dnia 6 czerwca 1997 r. - Kodeks karny" xAddress="Dz. U. z 1997 r. Nr 88, poz. 553">art. 69 § 1 i 2 kk</xLexLink> i <xLexLink xArt="art. 70;art. 70 § 1;art. 70 § 1 pkt. 1" xIsapId="WDU19970880553" xTitle="Ustawa z dnia 6 czerwca 1997 r. - Kodeks karny" xAddress="Dz. U. z 1997 r. Nr 88, poz. 553">art. 70 § 1 pkt 1 kk</xLexLink> wykonanie kary łącznej pozbawienia wolności orzeczonej w stosunku do <xAnon>A. M.</xAnon> warunkowo zawiesił na okres próby<xBRx/>2 (dwóch) lat;</xText>
          
          <xText>IV. w miejsce czynu zarzucanego <xBx><xAnon>J. S.</xAnon></xBx> w pkt XVII aktu oskarżenia uznał ją za winną tego, że w dniu 20 maja 1999r. w <xAnon>R.</xAnon> będąc jako pełnomocnik zarządu Banku Spółdzielczego w <xAnon>R.</xAnon> zobowiązana do zajmowania się sprawami majątkowymi Banku Spółdzielczego w <xAnon>R.</xAnon>, przez nadużycie udzielonych jej uprawnień związanych z podpisywaniem w imieniu banku umów kredytowych, podpisała <xAnon>umowę kredytową nr (...)</xAnon> o kredyt obrotowy w kwocie 400.000 zł dla <xAnon> firmy (...)</xAnon> w <xAnon>S.</xAnon> wiedząc o braku należytego zabezpieczenia powyższej umowy na rzecz banku, czym wyrządziła temuż bankowi znaczną szkodę majątkową w kwocie 239.150 zł, a wyrządzenie wskazanej szkody przewidywała<xBRx/>i godziła się na to, to jest popełnienia czynu z <xLexLink xArt="art. 296;art. 296 § 1" xIsapId="WDU19970880553" xTitle="Ustawa z dnia 6 czerwca 1997 r. - Kodeks karny" xAddress="Dz. U. z 1997 r. Nr 88, poz. 553">art. 296 § 1 kk</xLexLink> i za to na podstawie <xLexLink xArt="art. 296;art. 296 § 1" xIsapId="WDU19970880553" xTitle="Ustawa z dnia 6 czerwca 1997 r. - Kodeks karny" xAddress="Dz. U. z 1997 r. Nr 88, poz. 553">art. 296 § 1 kk</xLexLink> w zw. z <xLexLink xArt="art. 33;art. 33 § 1;art. 33 § 2;art. 33 § 3" xIsapId="WDU19970880553" xTitle="Ustawa z dnia 6 czerwca 1997 r. - Kodeks karny" xAddress="Dz. U. z 1997 r. Nr 88, poz. 553">art. 33 § 1,2 i 3 kk</xLexLink> wymierzył jej karę 8 (ośmiu) miesięcy pozbawienia wolności<xBRx/>i grzywnę 100 (sto) stawek dziennych po 20 (dwadzieścia) złotych każda;</xText>
          
          <xText>V. uznał <xAnon>J. S.</xAnon> za winną popełnienia czynu opisanego w pkt XVIII aktu oskarżenia i za to na podstawie <xLexLink xArt="art. 271;art. 271 § 1" xIsapId="WDU19970880553" xTitle="Ustawa z dnia 6 czerwca 1997 r. - Kodeks karny" xAddress="Dz. U. z 1997 r. Nr 88, poz. 553">art. 271 § 1 kk</xLexLink> wymierzył jej karę 6 (sześciu) miesięcy pozbawienia wolności;</xText>
          
          <xText>VI. Na podstawie <xLexLink xArt="art. 85" xIsapId="WDU19970880553" xTitle="Ustawa z dnia 6 czerwca 1997 r. - Kodeks karny" xAddress="Dz. U. z 1997 r. Nr 88, poz. 553">art. 85 kk</xLexLink> i <xLexLink xArt="art. 86;art. 86 § 1" xIsapId="WDU19970880553" xTitle="Ustawa z dnia 6 czerwca 1997 r. - Kodeks karny" xAddress="Dz. U. z 1997 r. Nr 88, poz. 553">art. 86 § 1 kk</xLexLink> orzeczone w pkt IV i V wyroku wobec <xAnon>J. S.</xAnon> kary pozbawienia wolności połączył i wymierzył oskarżonej karę łączną<xBRx/>1 (jednego) roku pozbawienia wolności;</xText>
          
          <xText>VII. na podstawie <xLexLink xArt="art. 69;art. 69 § 1;art. 69 § 2" xIsapId="WDU19970880553" xTitle="Ustawa z dnia 6 czerwca 1997 r. - Kodeks karny" xAddress="Dz. U. z 1997 r. Nr 88, poz. 553">art. 69 § 1 i 2 kk</xLexLink> i <xLexLink xArt="art. 70;art. 70 § 1;art. 70 § 1 pkt. 1" xIsapId="WDU19970880553" xTitle="Ustawa z dnia 6 czerwca 1997 r. - Kodeks karny" xAddress="Dz. U. z 1997 r. Nr 88, poz. 553">art. 70 § 1 pkt 1 kk</xLexLink> wykonanie orzeczonej wobec <xAnon>J. S.</xAnon> kary łącznej pozbawienia wolności warunkowo zawiesił na okres próby<xBRx/>2 (dwóch) lat;</xText>
          
          <xText>VIII. zasądza od oskarżonych <xAnon>A. M.</xAnon> i <xAnon>J. S.</xAnon> na rzecz Skarbu Państwa kwoty po 300 (trzysta) złotych tytułem części wydatków, a na podstawie <xLexLink xArt="art. 624;art. 624 § 1" xIsapId="WDU19970890555" xTitle="Ustawa z dnia 6 czerwca 1997 r. - Kodeks postępowania karnego" xAddress="Dz. U. z 1997 r. Nr 89, poz. 555">art. 624 § 1 kpk</xLexLink> zwolnił oskarżonych od opłaty i wydatków w pozostałej części, obciążając w tym zakresie wydatkami Skarb Państwa.</xText>
          
          <xText>Postanowieniem z dnia 25.07.2012 r. w sprawie II K 135/11, Sąd Okręgowy<xBRx/>w Radomiu sprostował oczywistą omyłkę pisarską w punkcie I 2 rozstrzygnięcia wyroku<xBRx/>z dnia 24.05.2012 r. w sprawie II K 135/11 w ten sposób, iż jako podstawę wymiaru kary<xBRx/>w miejsce <xLexLink xArt="art. 297;art. 297 § 1" xIsapId="WDU19970880553" xTitle="Ustawa z dnia 6 czerwca 1997 r. - Kodeks karny" xAddress="Dz. U. z 1997 r. Nr 88, poz. 553">art. 297 § 1 kk</xLexLink> w zw. z <xLexLink xArt="art. 33;art. 33 § 1;art. 33 § 2;art. 33 § 3" xIsapId="WDU19970880553" xTitle="Ustawa z dnia 6 czerwca 1997 r. - Kodeks karny" xAddress="Dz. U. z 1997 r. Nr 88, poz. 553">art. 33 § 1, 2 i 3 kk</xLexLink> wpisał art. <xLexLink xArt="art. 297;art. 297 § 1" xIsapId="WDU19970880553" xTitle="Ustawa z dnia 6 czerwca 1997 r. - Kodeks karny" xAddress="Dz. U. z 1997 r. Nr 88, poz. 553">art. 297 § 1 kk</xLexLink> w zw. z <xLexLink xArt="art. 33;art. 33 § 1;art. 33 § 2;art. 33 § 3" xIsapId="WDU19970880553" xTitle="Ustawa z dnia 6 czerwca 1997 r. - Kodeks karny" xAddress="Dz. U. z 1997 r. Nr 88, poz. 553">art. 33 § 1, 2 i 3 kk</xLexLink> w zw. z <xLexLink xArt="art. 91;art. 91 § 1" xIsapId="WDU19970880553" xTitle="Ustawa z dnia 6 czerwca 1997 r. - Kodeks karny" xAddress="Dz. U. z 1997 r. Nr 88, poz. 553">art. 91 § 1 kk</xLexLink>.</xText>
          
          <xText>Apelacje od tego wyroku wnieśli: prokurator i obrońca oskarżonego <xAnon>A. M.</xAnon>.</xText>
          
          <xText>Prokurator zaskarżył wyrok w całości na niekorzyść obojga oskarżonych.</xText>
          
          <xText>Zaskarżonemu wyrokowi zarzucił:</xText>
          <xUnit xIsTitle="false" xType="none">
            <xName xSffx=".">1</xName>
            <xText>błąd w ustaleniach faktycznych przyjętych za podstawę orzeczenia mający wpływ na jego treść polegający na uznaniu przez Sąd I instancji, iż zachowanie oskarżonego <xAnon>A. M.</xAnon> w zakresie dotyczącym udzielenia kredytu nr 19/99, o którym mowa w punkcie XIV pierwszy myślnik aktu oskarżenia nie wyczerpało znamion czynu zabronionego z <xLexLink xArt="art. 18;art. 18 § 3" xIsapId="WDU19970880553" xTitle="Ustawa z dnia 6 czerwca 1997 r. - Kodeks karny" xAddress="Dz. U. z 1997 r. Nr 88, poz. 553">art. 18 § 3 kk</xLexLink> w zw. z <xLexLink xArt="art. 296;art. 296 § 1" xIsapId="WDU19970880553" xTitle="Ustawa z dnia 6 czerwca 1997 r. - Kodeks karny" xAddress="Dz. U. z 1997 r. Nr 88, poz. 553">art. 296 § 1 kk</xLexLink> albowiem wymieniony nie działał w zamiarze by w mieniu banku powstała znaczna szkoda podczas gdy prawidłowa analiza zgromadzonego w sprawie materiału dowodowego, w tym zeznań przesłuchanych w sprawie świadków, wyjaśnień oskarżonych, dokumentacji kredytowej, opinii biegłych z zakresu ekonomiki, finansów i księgowości oraz z zakresu rachunkowości i finansów prowadzi do wniosku, iż zachowanie <xAnon>A. M.</xAnon> związane z udzieleniem kredytu nr 19/99 opisane w punkcie XIV pierwszy myślnik aktu oskarżenia wyczerpało znamiona czynu zabronionego z <xLexLink xArt="art. 18;art. 18 § 3" xIsapId="WDU19970880553" xTitle="Ustawa z dnia 6 czerwca 1997 r. - Kodeks karny" xAddress="Dz. U. z 1997 r. Nr 88, poz. 553">art. 18 § 3 kk</xLexLink> w zw. z <xLexLink xArt="art. 296;art. 296 § 1" xIsapId="WDU19970880553" xTitle="Ustawa z dnia 6 czerwca 1997 r. - Kodeks karny" xAddress="Dz. U. z 1997 r. Nr 88, poz. 553">art. 296 § 1 kk</xLexLink> w zw. z <xLexLink xArt="art. 297;art. 297 § 1" xIsapId="WDU19970880553" xTitle="Ustawa z dnia 6 czerwca 1997 r. - Kodeks karny" xAddress="Dz. U. z 1997 r. Nr 88, poz. 553">art. 297 § 1 kk</xLexLink> w zw. z <xLexLink xArt="art. 4;art. 4 § 1" xIsapId="WDU19970880553" xTitle="Ustawa z dnia 6 czerwca 1997 r. - Kodeks karny" xAddress="Dz. U. z 1997 r. Nr 88, poz. 553">art. 4 § 1 kk</xLexLink>,</xText>
          </xUnit>
          <xUnit xIsTitle="false" xType="none">
            <xName xSffx=".">2</xName>
            <xText>błąd w ustaleniach faktycznych przyjętych za podstawę orzeczenia mający wpływ na jego treść polegający na uznaniu przez Sąd I instancji, iż zachowanie oskarżonego <xAnon>A. M.</xAnon> w zakresie dotyczącym udzielenia kredytów o nr 63/99 i <xAnon> (...)</xAnon>, o których mowa w punkcie XIV myślnik czwarty i siódmy aktu oskarżenia, nie wyczerpało znamion żadnego czynu zabronionego oraz, że zachowania wymienionego opisane w punkcie XIV aktu oskarżenia myślnik trzeci i piąty nie zostały podjęte w warunkach czynu ciągłego o którym stanowi <xLexLink xArt="art. 12" xIsapId="WDU19970880553" xTitle="Ustawa z dnia 6 czerwca 1997 r. - Kodeks karny" xAddress="Dz. U. z 1997 r. Nr 88, poz. 553">art. 12 kk</xLexLink>, podczas gdy prawidłowa analiza zgromadzonego w sprawie materiału dowodowego, w tym zeznań przesłuchanych w sprawie świadków, wyjaśnień oskarżonych, dokumentacji kredytowej, opinii biegłych z zakresu ekonomiki, finansów i księgowości oraz z zakresu rachunkowości i finansów prowadzi do wniosku, iż zachowania <xAnon>A. M.</xAnon> związane z udzieleniem kredytów o nr 62/99, 63/99, 64/99 i <xAnon> (...)</xAnon>, opisane w punkcie XIV myślnik trzeci, czwarty, piąty i siódmy aktu oskarżenia zostały podjęte w krótkich odstępach czasu<xBRx/>w wykonaniu z góry powziętego zamiaru i stanowiły jeden czyn zabroniony wypełniający dyspozycję <xLexLink xArt="art. 18;art. 18 § 3" xIsapId="WDU19970880553" xTitle="Ustawa z dnia 6 czerwca 1997 r. - Kodeks karny" xAddress="Dz. U. z 1997 r. Nr 88, poz. 553">art. 18 § 3 kk</xLexLink> w zw. z <xLexLink xArt="art. 296;art. 296 § 3" xIsapId="WDU19970880553" xTitle="Ustawa z dnia 6 czerwca 1997 r. - Kodeks karny" xAddress="Dz. U. z 1997 r. Nr 88, poz. 553">art. 296 § 3 kk</xLexLink> w zw. z <xLexLink xArt="art. 297;art. 297 § 1" xIsapId="WDU19970880553" xTitle="Ustawa z dnia 6 czerwca 1997 r. - Kodeks karny" xAddress="Dz. U. z 1997 r. Nr 88, poz. 553">art. 297 § 1 kk</xLexLink> w zb. z <xLexLink xArt="art. 297;art. 297 § 1" xIsapId="WDU19970880553" xTitle="Ustawa z dnia 6 czerwca 1997 r. - Kodeks karny" xAddress="Dz. U. z 1997 r. Nr 88, poz. 553">art. 297 § 1 kk</xLexLink> w zw. z <xLexLink xArt="art. 12" xIsapId="WDU19970880553" xTitle="Ustawa z dnia 6 czerwca 1997 r. - Kodeks karny" xAddress="Dz. U. z 1997 r. Nr 88, poz. 553">art. 12 kk</xLexLink> w zw. z <xLexLink xArt="art. 4;art. 4 § 1" xIsapId="WDU19970880553" xTitle="Ustawa z dnia 6 czerwca 1997 r. - Kodeks karny" xAddress="Dz. U. z 1997 r. Nr 88, poz. 553">art. 4 § 1 kk</xLexLink>,</xText>
          </xUnit>
          <xUnit xIsTitle="false" xType="none">
            <xName xSffx=".">3</xName>
            <xText>błąd w ustaleniach faktycznych przyjętych za podstawę orzeczenia mający wpływ na jego treść polegający na uznaniu przez Sąd I instancji, iż <xAnon>J. S.</xAnon> swoim zachowaniem opisanym w punkcie IV sentencji wyroku wyrządziła szkodę w mieniu banku w wysokości 239 150 zł podczas gdy prawidłowa analiza zgromadzonego w sprawie materiału dowodowego, w tym dokumentacji kredytowej i opinii biegłych z zakresu ekonomiki, finansów i księgowości oraz<xBRx/>z zakresu rachunkowości i finansów prowadzi do wniosku, iż wysokość szkody wyniosła 430 355 zł,</xText>
          </xUnit>
          <xUnit xIsTitle="false" xType="none">
            <xName xSffx=".">4</xName>
            <xText>błąd w ustaleniach faktycznych przyjętych za podstawę orzeczenia mający wpływ na jego treść polegający na uznaniu przez Sąd i I instancji, iż zachowanie oskarżonej <xAnon>J. S.</xAnon> w zakresie dotyczącym zawarcia z <xAnon> firmą (...)</xAnon> i Detaliczny <xAnon>K. M.</xAnon> w <xAnon>S.</xAnon><xAnon>umowy nr (...)</xAnon> o restrukturyzacji zadłużenia wynikającego z <xAnon>umów kredytowych (...)</xAnon> oraz zawarcia z firmą 4 <xAnon>C.</xAnon><xAnon>C. G.</xAnon> w <xAnon>R.</xAnon><xAnon>umowy nr (...)</xAnon> o restrukturyzacji zadłużenia wynikającego z <xAnon>umowy kredytowej nr (...)</xAnon>, o których mowa w punkcie XVII myślnik ósmy i dziewiąty aktu oskarżenia nie wyczerpało znamion czynu zabronionego z <xLexLink xArt="art. 296" xIsapId="WDU19970880553" xTitle="Ustawa z dnia 6 czerwca 1997 r. - Kodeks karny" xAddress="Dz. U. z 1997 r. Nr 88, poz. 553">art. 296 kk</xLexLink> albowiem<xBRx/>z tytułu w/w umów żadna szkoda w mieniu banku nie nastąpiła podczas gdy prawidłowa analiza zgromadzonego w sprawie materiału dowodowego, w tym dokumentacji kredytowej oraz opinii biegłych z zakresu ekonomiki, finansów<xBRx/>i księgowości oraz z zakresu rachunkowości i finansów prowadzi do wniosku, iż zawarcie <xAnon>umowy nr (...)</xAnon> o restrukturyzacji zadłużenia wynikającego z <xAnon>umów kredytowych (...)</xAnon> wyrządziło szkodę w mieniu banku w wysokości 695 168 zł, a zawarcie <xAnon>umowy nr (...)</xAnon> o restrukturyzacji zadłużenia wynikającego z <xAnon>umowy kredytowej nr (...)</xAnon> wyrządziło szkodę w mieniu banku w wysokości 839 938 zł, a tym samym, iż <xAnon>J. S.</xAnon> we wrześniu 2000 r. w <xAnon>R.</xAnon>, działając w krótkich odstępach czasu w wykonaniu z góry powziętego zamiaru, wspólnie i w porozumieniu z innymi osobami, będąc jako pełnomocnik zarządu Banku Spółdzielczego w <xAnon>R.</xAnon> obowiązana do zajmowania się sprawami majątkowymi w/w banku przez nadużycie przysługujących jej uprawnień podpisała <xAnon>umowę nr (...)</xAnon> o restrukturyzacji zadłużenia wynikającego z <xAnon>umowy kredytowej nr (...)</xAnon> oraz <xAnon>umowę nr (...)</xAnon> o restrukturyzacji zadłużenia wynikającego z <xAnon>umów kredytowych (...)</xAnon> czym wyrządziła Bankowi Spółdzielczemu w <xAnon>R.</xAnon> szkodę majątkową<xBRx/>w wielkich rozmiarach w wysokości 1 535 106 zł, tj. o czyn z <xLexLink xArt="art. 296;art. 296 § 3" xIsapId="WDU19970900557" xTitle="Ustawa z dnia 6 czerwca 1997 r. - Kodeks karny wykonawczy" xAddress="Dz. U. z 1997 r. Nr 90, poz. 557">art. 296 § 3 kk<xBRx/>w</xLexLink> zw. z <xLexLink xArt="art. 12" xIsapId="WDU19970880553" xTitle="Ustawa z dnia 6 czerwca 1997 r. - Kodeks karny" xAddress="Dz. U. z 1997 r. Nr 88, poz. 553">art. 12 kk</xLexLink> w zw. z <xLexLink xArt="art. 4;art. 4 § 1" xIsapId="WDU19970880553" xTitle="Ustawa z dnia 6 czerwca 1997 r. - Kodeks karny" xAddress="Dz. U. z 1997 r. Nr 88, poz. 553">art. 4 § 1 kk</xLexLink>,</xText>
          </xUnit>
          <xUnit xIsTitle="false" xType="none">
            <xName xSffx=".">5</xName>
            <xText>obrazę przepisu prawa materialnego, a mianowicie <xLexLink xArt="art. 4;art. 4 § 1" xIsapId="WDU19970880553" xTitle="Ustawa z dnia 6 czerwca 1997 r. - Kodeks karny" xAddress="Dz. U. z 1997 r. Nr 88, poz. 553">art. 4 § 1 kk</xLexLink> polegającą na niezastosowaniu ustawy względniejszej dla sprawcy, a mianowicie wymierzenie wobec <xAnon>A. M.</xAnon> za czyny opisane w punktach I 1, I 2 i I 3 kary grzywny na podstawie <xLexLink xArt="art. 19;art. 19 § 1" xIsapId="WDU19970880553" xTitle="Ustawa z dnia 6 czerwca 1997 r. - Kodeks karny" xAddress="Dz. U. z 1997 r. Nr 88, poz. 553">art. 19 § 1 kk</xLexLink> w zw. z <xLexLink xArt="art. 297;art. 297 § 1" xIsapId="WDU19970880553" xTitle="Ustawa z dnia 6 czerwca 1997 r. - Kodeks karny" xAddress="Dz. U. z 1997 r. Nr 88, poz. 553">art. 297 § 1 kk</xLexLink> w zw. z <xLexLink xArt="art. 33;art. 33 § 1;art. 33 § 2;art. 33 § 3" xIsapId="WDU19970880553" xTitle="Ustawa z dnia 6 czerwca 1997 r. - Kodeks karny" xAddress="Dz. U. z 1997 r. Nr 88, poz. 553">art. 33 § 1, 2 i 3 kk</xLexLink> oraz na podstawie <xLexLink xArt="art. 297;art. 297 § 1" xIsapId="WDU19970880553" xTitle="Ustawa z dnia 6 czerwca 1997 r. - Kodeks karny" xAddress="Dz. U. z 1997 r. Nr 88, poz. 553">art. 297 § 1 kk</xLexLink> w zw. z <xLexLink xArt="art. 33;art. 33 § 1;art. 33 § 2;art. 33 § 3" xIsapId="WDU19970880553" xTitle="Ustawa z dnia 6 czerwca 1997 r. - Kodeks karny" xAddress="Dz. U. z 1997 r. Nr 88, poz. 553">art. 33 § 1, 2 i 3 kk</xLexLink> w zw. z <xLexLink xArt="art. 91;art. 91 § 1" xIsapId="WDU19970880553" xTitle="Ustawa z dnia 6 czerwca 1997 r. - Kodeks karny" xAddress="Dz. U. z 1997 r. Nr 88, poz. 553">art. 91 § 1 kk</xLexLink>, a kary łącznej (pkt II wyroku) na podstawie <xLexLink xArt="art. 85" xIsapId="WDU19970880553" xTitle="Ustawa z dnia 6 czerwca 1997 r. - Kodeks karny" xAddress="Dz. U. z 1997 r. Nr 88, poz. 553">art. 85 kk</xLexLink> i <xLexLink xArt="art. 86;art. 86 § 1;art. 86 § 2" xIsapId="WDU19970880553" xTitle="Ustawa z dnia 6 czerwca 1997 r. - Kodeks karny" xAddress="Dz. U. z 1997 r. Nr 88, poz. 553">art. 86 § 1 i 2 kk</xLexLink> w zw. z <xLexLink xArt="art. 91;art. 91 § 2" xIsapId="WDU19970880553" xTitle="Ustawa z dnia 6 czerwca 1997 r. - Kodeks karny" xAddress="Dz. U. z 1997 r. Nr 88, poz. 553">art. 91 § 2 kk</xLexLink> pomimo, iż ustawa obowiązująca poprzednio, to jest w dacie popełnienia czynu zabronionego była względniejsza dla sprawcy,</xText>
          </xUnit>
          <xUnit xIsTitle="false" xType="none">
            <xName xSffx=".">6</xName>
            <xText>obrazę przepisu prawa materialnego, a mianowicie <xLexLink xArt="art. 4;art. 4 § 1" xIsapId="WDU19970880553" xTitle="Ustawa z dnia 6 czerwca 1997 r. - Kodeks karny" xAddress="Dz. U. z 1997 r. Nr 88, poz. 553">art. 4 § 1 kk</xLexLink> polegającą na niezastosowaniu ustawy względniejszej dla sprawcy, a mianowicie zakwalifikowaniu czynu przypisanego <xAnon>J.</xAnon> H. <xAnon>S.</xAnon> w punkcie IV wyroku z <xLexLink xArt="art. 296;art. 296 § 1" xIsapId="WDU19970880553" xTitle="Ustawa z dnia 6 czerwca 1997 r. - Kodeks karny" xAddress="Dz. U. z 1997 r. Nr 88, poz. 553">art. 296 § 1 kk</xLexLink> oraz wymierzenie wobec wymienionej za w/w czyn kary grzywny na podstawie <xLexLink xArt="art. 296;art. 296 § 1" xIsapId="WDU19970880553" xTitle="Ustawa z dnia 6 czerwca 1997 r. - Kodeks karny" xAddress="Dz. U. z 1997 r. Nr 88, poz. 553">art. 296 § 1 kk</xLexLink> w zw. z <xLexLink xArt="art. 33;art. 33 § 1;art. 33 § 2;art. 33 § 3" xIsapId="WDU19970880553" xTitle="Ustawa z dnia 6 czerwca 1997 r. - Kodeks karny" xAddress="Dz. U. z 1997 r. Nr 88, poz. 553">art. 33 § 1, 2 i 3 kk</xLexLink> oraz na podstawie <xLexLink xArt="art. 297;art. 297 § 1" xIsapId="WDU19970880553" xTitle="Ustawa z dnia 6 czerwca 1997 r. - Kodeks karny" xAddress="Dz. U. z 1997 r. Nr 88, poz. 553">art. 297 § 1 kk</xLexLink> w zw. z <xLexLink xArt="art. 33;art. 33 § 1;art. 33 § 2;art. 33 § 3" xIsapId="WDU19970880553" xTitle="Ustawa z dnia 6 czerwca 1997 r. - Kodeks karny" xAddress="Dz. U. z 1997 r. Nr 88, poz. 553">art. 33 § 1, 2 i 3 kk</xLexLink> w zw. z <xLexLink xArt="art. 91;art. 91 § 1" xIsapId="WDU19970880553" xTitle="Ustawa z dnia 6 czerwca 1997 r. - Kodeks karny" xAddress="Dz. U. z 1997 r. Nr 88, poz. 553">art. 91 § 1 kk</xLexLink>, a kary łącznej (pkt VI wyroku) na podstawie <xLexLink xArt="art. 85" xIsapId="WDU19970880553" xTitle="Ustawa z dnia 6 czerwca 1997 r. - Kodeks karny" xAddress="Dz. U. z 1997 r. Nr 88, poz. 553">art. 85 kk</xLexLink> i <xLexLink xArt="art. 86;art. 86 § 1" xIsapId="WDU19970880553" xTitle="Ustawa z dnia 6 czerwca 1997 r. - Kodeks karny" xAddress="Dz. U. z 1997 r. Nr 88, poz. 553">art. 86 § 1 kk</xLexLink> pomimo, iż ustawa obowiązująca poprzednio, to jest w dacie popełnienia czynu zabronionego była względniejsza dla sprawcy;</xText>
          </xUnit>
          
          <xText>Prokurator wnosił o uchylenie zaskarżonego wyroku i przekazanie sprawy do ponownego rozpoznania.</xText>
          
          <xText>Obrońca oskarżonego <xAnon>A. M.</xAnon> zaskarżonemu wyrokowi zarzucił błąd<xBRx/>w ustaleniach faktycznych przyjętych za podstawę orzeczenia, który to błąd zdecydował<xBRx/>o jego treści, a polegał na przypisaniu oskarżonemu nierzetelności w jego pisemnych oświadczeniach składanych Bankowi Spółdzielczemu w <xAnon>R.</xAnon>, podczas gdy w istocie wszelkie działania oskarżonego wobec banku oskarżony podejmował w celu poprawienia kondycji banku (co Sąd Okręgowy trafnie ustala) i w uzgodnieniu z osobami bank reprezentującymi, co jakąkolwiek nierzetelność wyklucza.</xText>
          <xText>Zarzucał nadto, iż błędnie Sąd Okręgowy przypisał oskarżonemu w jego kontaktach<xBRx/>z poszczególnymi osobami zamiar udzielenia innym osobom pomocy w popełnieniu przestępstwa i tym samym zamiar celowego ułatwienia popełnienia przestępstwa, podczas gdy w rzeczywistości kontakty oskarżonego zarówno z przedstawicielami Banku Spółdzielczego w <xAnon>R.</xAnon> jak i klientami tego Banku w osobach <xAnon>K. Z.</xAnon><xAnon>S.</xAnon> nie przekraczały dozwolonych prawem w procedurach bankowych norm zawodowych oraz dopuszczalnych, towarzyskich nawet pożądanych norm towarzyskich, których zasadą była życzliwość.</xText>
          <xText>I wnosił o zmianę zaskarżonego wyroku i uniewinnienie oskarżonego.</xText>
          
          <xText>
            <xBx>Sąd Apelacyjny zważył , co następuje:</xBx>
          </xText>
          <xText>Obie apelacje są niezasadne w stopniu oczywistym.</xText>
          <xText>Obie apelacje przedstawiają własną ocenę zdarzeń będących przedmiotem dokonanych przez Sąd Okręgowy ustaleń faktycznych i istoty błędu upatrują w tym, że ustalenia sądu nie są zbieżne z wersją zdarzeń prezentowanych przez skarżących. Zarzut błędu w ustaleniach faktycznych jest kwestionowaniem ustaleń dokonanych przez sąd , czyli polemiką z sądem, nie może jednak sprowadzać się do samej polemiki bez wykazania uchybień, które doprowadziły do błędnych ustaleń. Zwraca na to uwagę SN w następującej wypowiedzi:</xText>
          <xText>„Zarzut błędu w ustaleniach faktycznych przyjętych za podstawę zaskarżonego wyroku nie może sprowadzać się do samej tylko odmiennej oceny materiału dowodowego, lecz powinien polegać na wykazaniu, jakich uchybień w świetle wskazań wiedzy oraz doświadczenia życiowego dopuścił się sąd w dokonanej przez siebie ocenie materiału dowodowego.”(wyrok z 22 I 1975 r., I KR 197/74, OSNKW 1975, z.5,poz 58)</xText>
          <xText>Podnieść należy, że błąd w ustaleniach faktycznych może wynikać z: a) niepełności postępowania dowodowego (błąd ,,braku”), b) przekroczenia granic swobodnej oceny dowodów (błąd „dowolności”).</xText>
          <xText>Obie apelacje nie wskazują na braki postępowania w zakresie gromadzenia dowodów ,nie podnoszą zarzutu naruszenia przepisów postępowania określonego w <xLexLink xArt="art. 438;art. 438 pkt. 2" xIsapId="WDU19970890555" xTitle="Ustawa z dnia 6 czerwca 1997 r. - Kodeks postępowania karnego" xAddress="Dz. U. z 1997 r. Nr 89, poz. 555">art. 438 pkt.2 k.p.k.</xLexLink>, choć z treści uzasadnień wynika, że prezentują inną wersje oceny dowodów, przede wszystkim wyjaśnień oskarżonego <xAnon>M.</xAnon>, nie wskazując na wady oceny dowodów. Przechodząc do apelacji prokuratora:</xText>
          <xText>Zarzut z pkt. I sprowadza się do zaprezentowania tezy, że zachowanie oskarżonego <xAnon>A. M.</xAnon> wyczerpało także znamiona przestępstwa określonego w <xLexLink xArt="art. 18;art. 18 § 3" xIsapId="WDU19970880553" xTitle="Ustawa z dnia 6 czerwca 1997 r. - Kodeks karny" xAddress="Dz. U. z 1997 r. Nr 88, poz. 553">art. 18 § 3 k.k.</xLexLink><xBRx/>w zw. z <xLexLink xArt="art. 296;art. 296 § 1" xIsapId="WDU19970880553" xTitle="Ustawa z dnia 6 czerwca 1997 r. - Kodeks karny" xAddress="Dz. U. z 1997 r. Nr 88, poz. 553">art. 296§1 k.k.</xLexLink>, co wiąże się z poglądem prokuratora, że oskarżony <xAnon>A. M.</xAnon> pomagał równocześnie ubiegającemu się o kredyt <xAnon>K. M.</xAnon> i dyrektorowi <xAnon> banku (...)</xAnon>.</xText>
          <xText>Apelacja nie wskazuje elementów zachowania oskarżonego <xAnon>A. M.</xAnon>, które można byłoby uznać za przejaw pomocnictwa w popełnieniu przestępstwa z <xLexLink xArt="art. 296;art. 296 § 1" xIsapId="WDU19970880553" xTitle="Ustawa z dnia 6 czerwca 1997 r. - Kodeks karny" xAddress="Dz. U. z 1997 r. Nr 88, poz. 553">art.296§1 k.k.</xLexLink> przez pracowników banku. Strona podmiotowa pomocnictwa charakteryzuje się zamiarem, aby inna osoba popełniła czyn zabroniony. Pojęcie "zamiar" użyte w <xLexLink xArt="art. 18;art. 18 § 3" xIsapId="WDU19970880553" xTitle="Ustawa z dnia 6 czerwca 1997 r. - Kodeks karny" xAddress="Dz. U. z 1997 r. Nr 88, poz. 553">art. 18 § 3 k.k.</xLexLink> interpretować należy zgodnie ze znaczeniem nadanym mu przez <xLexLink xArt="art. 9;art. 9 § 1" xIsapId="WDU19970880553" xTitle="Ustawa z dnia 6 czerwca 1997 r. - Kodeks karny" xAddress="Dz. U. z 1997 r. Nr 88, poz. 553">art. 9 § 1 k.k.</xLexLink>, a więc jako zamiar bezpośredni lub zamiar wynikowy (por. A. Marek, Komentarz do k.k.). Zamiar odniesiony jest do wszystkich znamion strony przedmiotowej pomocnictwa. Udzielający pomocy obejmować musi świadomością to, że podejmując określone czynności w ten sposób ułatwia innej osobie popełnienie czynu zabronionego oraz obejmować świadomością, że czyni to w odniesieniu do konkretnego, scharakteryzowanego w odpowiednim przepisie części szczególnej lub przepisie pozakodeksowym czynu zabronionego (por. wyrok SN z 10 maja 1982 r., Rw 317/82, OSNKW 1982, z. 10-11, poz. 72)</xText>
          <xText>Typ czynu zabronionego, o którym mowa w <xLexLink xArt="art. 296;art. 296 § 1" xIsapId="WDU19970880553" xTitle="Ustawa z dnia 6 czerwca 1997 r. - Kodeks karny" xAddress="Dz. U. z 1997 r. Nr 88, poz. 553">art. 296 § 1 k.k.</xLexLink>, ma w całości charakter umyślny. Tak więc zamiarem bezpośrednim lub co najmniej wynikowym objęte musi być nie tylko nadużycie uprawnień lub niedopełnienie ciążących na sprawcy obowiązków, ale także<xBRx/>i spowodowanie skutku w postaci znacznej szkody majątkowej.</xText>
          <xText>Przedstawiona przez apelację argumentacja ogranicza się do przedstawienia poglądu, że: „W świetle zgromadzonego w sprawie materiału dowodowego nie ulega wątpliwości, iż <xAnon>A. M.</xAnon> był osobą dorosłą, posiadającą znaczną wiedzę i doświadczenie zawodowe związane z pracą w instytucjach finansowo-gospodarczych. Nie ulega też wątpliwości, iż wymieniony wiedział o złej sytuacji finansowej i majątkowej <xAnon> firmy (...)</xAnon>,<xBRx/>o tym, że brakuje jej środków obrotowych, że ma trudności z uzyskaniem kredytu w innych bankach, że <xAnon>K. M.</xAnon> nie posiada nawet środków finansowych żądanych przez prezesa banku za przyznanie kredytu.</xText>
          <xText>Zasady wiedzy i doświadczenia życiowego nakazują uznać, iż w w/w realiach <xAnon>A. M.</xAnon> musiał przewidywać i godzić się z tym, iż <xAnon>K. M.</xAnon> nie będzie<xBRx/>w stanie spłacić kredytu w wysokości 400 000 zł uzyskanego w oparciu o nierzetelne oświadczenia, a co za tym idzie, że bank odniesie znaczną szkodę majątkową. I szkoda ta,<xBRx/>w wysokości 430 355 zł – co należy podkreślić, a co wynika zarówno z zeznań świadków, analizy dokumentacji kredytowej jak i opinii biegłych z zakresu ekonomiki, finansów<xBRx/>i księgowości oraz z zakresu rachunkowości i finansów, realnie zaistniała”.</xText>
          <xText>Przytoczone argumenty nie dowodzą, że celem działania oskarżonego <xAnon>M.</xAnon> była pomoc w spowodowaniu przez prezesa Banku Spółdzielczego w <xAnon>S.</xAnon> skutku w postaci znacznej szkody majątkowej. Nie ma dowodów wskazujących, że oskarżony <xAnon>A. M.</xAnon> wpływał na proces decyzyjny organów banku. Nie ma dowodów, że miał wpływ na sposób wypełniania obowiązków pracowników. Trafnie Sąd Okręgowy uznał, że oskarżony <xAnon>A. M.</xAnon> działał w celu udzielenia pomocy <xAnon>K. M.</xAnon> a nie Prezesowi <xAnon>J.</xAnon>.</xText>
          <xText>Apelacja na str. 15 poruszając kwestię „programu naprawczego” przywołuje zeznania świadków: <xAnon>P.</xAnon><xAnon>W. B.</xAnon> (k.288), który wskazał, iż pod koniec grudnia 1999 r. uczestniczył w spotkaniu <xAnon>J. J. (1)</xAnon>, <xAnon>T. G.</xAnon>, <xAnon>A. K.</xAnon><xAnon>M.</xAnon>, które odbyło się w siedzibie Banku Spółdzielczego w <xAnon>R.</xAnon>.<xBRx/>W jego trakcie <xAnon>J. J. (1)</xAnon> i <xAnon>A. M.</xAnon> mieli pretensje do <xAnon>K. M.</xAnon>, iż ten roztrwonił pieniądze z kredytu i gwarancji bankowych. Z wypowiedzi prezesa banku wynikało, iż straci pracę o ile na koniec roku bilans banku będzie niekorzystny. <xAnon>J. J. (1)</xAnon> i <xAnon>A. M.</xAnon> podkreślali, iż gwarancje bankowe udzielone <xAnon> firmie (...)</xAnon> muszą zostać szybko spłacone. Z zeznań <xAnon>C. G.</xAnon> wynikało, iż to prezesowi banku zależało na tym, aby on zaciągnął kredyt (dot. kredytu nr <xAnon> (...)</xAnon> dla firmy 4<xAnon>C.</xAnon>) „bo to ratowało w jakiś sposób jego sytuację związaną z udzieleniem poręczenia bankowego <xAnon>M.</xAnon> (k.208)”.</xText>
          <xText>Z przywołanych przez prokuratora dowodów wynika, że oskarżony nie przewidywał powstania szkody w mieniu banku a wiedząc o jej powstaniu zaangażował się też w proces naprawczy ryzykując własnym majątkiem.</xText>
          <xText>Z tych względów uznano za niezasadny zarzut błędu w ustaleniach faktycznych sformułowany w pkt. I apelacji.</xText>
          <xText>Co do zarzutu podniesionego w pkt. II., który jest także niezasadny:</xText>
          <xText>Po pierwsze stwierdzić należy, że Sąd Apelacyjny w pełni akceptuje ustalenie sądu meriti, iż zachowania zarzucane oskarżonemu <xAnon>A. M.</xAnon> nie mogą być uważane za jeden czyn zabroniony, gdyż nie zostały podjęte w wykonaniu tego samego, z góry podjętego zamiaru.</xText>
          <xText>Zgodnie z treścią <xLexLink xArt="art. 12" xIsapId="WDU19970880553" xTitle="Ustawa z dnia 6 czerwca 1997 r. - Kodeks karny" xAddress="Dz. U. z 1997 r. Nr 88, poz. 553">art. 12 k.k.</xLexLink> sprawca czynu ciągłego musi realizować składające się na czyn ciągły zachowania "ze z góry powziętym zamiarem". Sformułowanie "z góry" łączące się z dopełniaczem, wskazuje na punkt wyjścia określonego zdarzenia. Oznacza to, że strona podmiotowa czynu ciągłego zrelacjonowana została do wszystkich zachowań składających się na tę konstrukcję. Tym samym warunkiem przyjęcia czynu ciągłego jest wykazanie, że sprawca w chwili podejmowania pierwszego zachowania musi mieć zamiar popełnienia wszystkich pozostałych zachowań składających się na czyn ciągły. "Z góry powzięty zamiar" oznacza zamiar, który już w chwili jego powzięcia odnosi się do wszystkich zindywidualizowanych, co najmniej w ogólnym zarysie, zachowań, składających się na czyn ciągły (por. wyrok SA w Łodzi z 12 października 2000 r., II Aka 155/00, Prok. i Pr. 2001,<xBRx/>z. 5, poz. 21; wyrok SN z 26 marca 1999 r., IV KKN 28/99, OSNPK 1999, z. 10, poz. 2).</xText>
          <xText>Nie spełnia kryteriów czynu ciągłego wypadek, gdy poszczególne zachowania sprawcy nie zostały objęte jednym, z góry powziętym zamiarem, lecz zostały zrealizowane<xBRx/>z identycznym zamiarem, takim samym w odniesieniu do każdego z nich, lecz nieistniejącym z góry, a pojawiającym się sukcesywnie przy podejmowaniu każdego kolejnego zachowania (por. wyrok SN z 26 marca 1999 r., IV KKN 28/99, Prok. i Pr. 1999, z. 10, poz. 2). Podobnie nie stanowi wypełnienia przesłanek czynu ciągłego sytuacja, w której sprawca dopuszcza się kilku zachowań z odnawiającym się w odniesieniu do każdego z nich zamiarem (por. wyrok SA w Łodzi z 12 października 2000 r., II Aka 155/00, Prok. i Pr. 2001, z. 5, poz. 21).</xText>
          <xText>Prokurator nie zaakceptował ustaleń sądu meriti tylko co do udzielenia kredytów nr 62/99, 63/99, 64/99 i <xAnon> (...)</xAnon>.</xText>
          <xText>Prokurator wyraża pogląd, że oskarżony <xAnon>A. M.</xAnon> czynnie uczestnicząc w planowaniu spłaty gwarancji bankowych oraz realizacji poczynionych ustaleń znał sytuację finansową <xAnon>K. M.</xAnon> i <xAnon>P.</xAnon>-<xAnon>N.</xAnon> i zdawał sobie sprawę z tego, iż spłata kredytów udzielonych w ramach „programu naprawczego” może być co najmniej zagrożona. Innymi słowami co najmniej godził się z wyrządzeniem bankowi szkody majątkowej w wielkich rozmiarach. Swoją postawą utwierdzał prezesa banku w zamiarze nadużycia przysługujących mu uprawnień i przyznania kredytów bankowych z naruszeniem obowiązujących przepisów. Zauważyć należy, ma to znaczenie marginalne, że dopiero<xBRx/>w apelacji prokurator uważa, że zachowanie oskarżonego <xAnon>A. M.</xAnon> przybrało postać pomocnictwa psychicznego .Argumenty apelacji są pozbawione podstaw faktycznych. Nie sposób nie dostrzec ,a nie chce tego dostrzec autor apelacji, że działania naprawcze zmierzające do zapobieżenia negatywnemu wynikowi finansowemu banku zostały podjęte przez jego prezesa <xAnon>J. J. (1)</xAnon> ( patrz ustalenia Sądu Okręgowego str. 12). Nie można więc uznać, że oskarżony <xAnon>A. M.</xAnon> pomógł mu, utwierdzał w zamiarze wyrządzenia bankowi znacznej szkody. Nie można też podzielić poglądu prokuratora o działaniu osób uczestniczących „w programie naprawczym”, że działali w celu wyrządzenia szkody<xBRx/>w mieniu banku, czy choćby na to się godzili. Konsekwencją działań oskarżonego i innych osób było w efekcie zmniejszenie strat banku, dostrzega to także skarżący stwierdzając: Niewątpliwie zawarcie umów restrukturyzacyjnych było kontynuacją wcześniejszych niekorzystnych dla banku decyzji kredytowych, a w momencie ich zawierania ani <xAnon>P.</xAnon><xAnon>N.</xAnon> ani 4<xAnon>C.</xAnon> nie posiadały zdolności do spłaty zaciągniętych zobowiązań. Zrestrukturyzowane zadłużenie niewątpliwe doprowadziło do zmniejszenia wierzytelności banku” (str.20 apelacji).</xText>
          <xText>Trafnie więc Sąd Okręgowy uznał oskarżonego <xAnon>A. M.</xAnon> za winnego „tylko” tych przestępstw, które były wynikiem jego działania w formie sprawstwa bezpośredniego lub pomocnictwa do popełnienia czynów opisanych w <xLexLink xArt="art. 297;art. 297 § 1" xIsapId="WDU19970880553" xTitle="Ustawa z dnia 6 czerwca 1997 r. - Kodeks karny" xAddress="Dz. U. z 1997 r. Nr 88, poz. 553">art. 297§1 k.k.</xLexLink>.</xText>
          <xText>Niezasadny jest zarzut błędu w ustaleniach faktycznych opisany pod. pkt. III, dotyczący przestępstwa przypisanego oskarżonej <xAnon>J. S.</xAnon>.</xText>
          <xText>Zarzut apelacji dotyczy błędnego ustalenia wysokości wyrządzonej działaniem oskarżonej szkody. Apelacja nie kwestionuje tego, że szkoda wynikła z działania oskarżonej, którego skutkiem było zawarcie <xAnon>umowy kredytowej (...)</xAnon>.Ustalając wysokość szkody Sąd Okręgowy oparł się na opinii biegłej księgowej, która przedstawiła w tej części opinię alternatywną. Sąd Okręgowy wskazał powody uzasadniające ustalenie, że szkoda ma wartość 239150 złotych (str. 59 uzasadnienia). Sąd przyjmując mniejszą wartość szkody uwzględnił fakt zawarcia umowy o restrukturyzacji zadłużenia, apelacja nie przedstawia argumentów , które dowodziłyby błędności rozstrzygnięcia Sądu. Nie można nie zauważyć, że o wysokości szkody decydował sposób naliczenia odsetek a ten wynikał z umowy.</xText>
          <xText>Niezasadny jest zarzut z pkt. IV apelacji.</xText>
          <xText>Zarzut ten całkowicie pomija ustalenia Sądu Okręgowego i rozważania tegoż Sądu zawarte na str.61-63, które wyjaśniają powody ograniczenia odpowiedzialności karnej oskarżonej. Apelacja w istocie sprowadza się do zaprezentowania innego sposobu wyliczenia wysokości szkody, tymczasem wyliczenia Sądu w tej kwestii są przekonujące (str.63) oparte na opinii biegłego. Apelacja nie wykazuje błędu w poczynionych ustaleniach.</xText>
          <xText>Zupełnie pomija apelacja kwestie strony podmiotowej czynów oskarżonych. Sad Okręgowy ustalił, że poza <xAnon>umową (...)</xAnon>, oskarżona zawierając inne umowy nie przewidywała powstania w mieniu Banku szkody. Apelacja w tym zakresie nie podejmuje choćby próby polemiki. Już tylko na marginesie należy zauważyć brak konsekwencji Prokuratora co do możliwości objęcia zarzutem nieprawidłowości przy zawieraniu <xAnon>umowy (...)</xAnon>.W zarzucie aktu oskarżenia nie objęto tej umowy, zawarcie jej w opisie czynu przypisanego oskarżonej<xBRx/>w wyroku Sądu Rejowego stało się podstawą sformułowania zarzutu apelacyjnego przez Prokuratora.</xText>
          <xText>Reasumując tę część rozważań zarzut błędu w ustaleniach faktycznych należało uznać za oczywiście bezzasadny.</xText>
          <xText>Niezasadne są także zarzuty naruszenia <xLexLink xArt="art. 4" xIsapId="WDU19970880553" xTitle="Ustawa z dnia 6 czerwca 1997 r. - Kodeks karny" xAddress="Dz. U. z 1997 r. Nr 88, poz. 553">art. 4 k.k.</xLexLink>.</xText>
          <xText>Prokurator uważa, że w niniejszej sprawie powinna być zastosowana ustawa ”stara”, gdyż ustawa nowa – zmieniona <xLexLink xArt="" xIsapId="WDU20092061589" xTitle="Ustawa z dnia 5 listopada 2009 r. o zmianie ustawy - Kodeks karny, ustawy - Kodeks postępowania karnego, ustawy - Kodeks karny wykonawczy, ustawy - Kodeks karny skarbowy oraz niektórych innych ustaw" xAddress="Dz. U. z 2009 r. Nr 206, poz. 1589">ustawą z dnia 5 listopada 2009 r. o zmianie ustawy - Kodeks karny, ustawy - Kodeks postępowania karnego, ustawy - Kodeks karny wykonawczy, ustawy - Kodeks karny skarbowy oraz niektórych innych ustaw</xLexLink> (Dz. U. z dnia 7 grudnia 2009 r.) wprowadziła wyższe grzywny.</xText>
          <xText>Niewątpliwym jest że jeżeli przy uwzględnieniu art. 4 § 1 wymiar kary lub środka karnego następuje na podstawie przepisów nowej ustawy, to nie może być on wyższy niż było to możliwe przy zastosowaniu ustawy obowiązującej w czasie popełnienia czynu. Taką regułę wprost wypowiada art. 7 ust. 1 Konwencji europejskiej i trzeba traktować ją jako wiążącą (podobnie A. Wąsek (w:) Andrzej Wąsek Kodeks Karny., <xIx>Komentarz Gdańsk 1999</xIx>, s. 61,62). Autor komentarza uważa, że jeśli hipotetyczny wymiar kary na podstawie ustawy starej<xBRx/>i nowej jest identyczny to w takim wypadku powinna być zastosowana ustawa nowa. Sąd podziela ten pogląd, gdyż skarżący nie wykazał, że na podstawie ustawy starej oskarżonym należałoby wymierzyć kary łagodniejsze.</xText>
          <xText>Treść <xLexLink xArt="art. 115;art. 115 § 5;art. 115 § 6" xIsapId="WDU19970880553" xTitle="Ustawa z dnia 6 czerwca 1997 r. - Kodeks karny" xAddress="Dz. U. z 1997 r. Nr 88, poz. 553">art. 115§5 i 6 k.k.</xLexLink> po nowelizacji jest dla oskarżonych korzystniejsza.<xBRx/>W pierwotnej wersji szkoda znacznej wartości to szkoda, która przekraczała wartość dwustukrotnego minimalnego wynagrodzenia, tak wyliczana szkoda była niższa od 200 000 złotych, szkoda przekraczająca tę wartość jest szkodą w znacznych rozmiarach według ustawy „nowej”.</xText>
          <xText>Z tych względów apelacja jest niezasadna także w zakresie naruszenia przepisów prawa materialnego.</xText>
          <xText>Całkowicie niezasadna jest apelacja obrońcy oskarżonego <xAnon>A. M.</xAnon>.</xText>
          <xText>Apelacja jako podstawę apelacji powołuje <xLexLink xArt="art. 438;art. 438 pkt. 3" xIsapId="WDU19970890555" xTitle="Ustawa z dnia 6 czerwca 1997 r. - Kodeks postępowania karnego" xAddress="Dz. U. z 1997 r. Nr 89, poz. 555">art. 438 pkt. 3 k.p.k.</xLexLink> zarzut błędu<xBRx/>w ustaleniach faktycznych. Nie precyzuje jednak na czym ten błąd polega. Apelacja<xBRx/>i oskarżony w swym piśmie procesowym twierdzą , że rola oskarżonego sprowadziła się do dozwolonych prawnie kontaktów z innymi klientami banku i jego kierownictwem i do tezy, że podejmowane przez niego czynności były znane osobom decydującym o przyznawaniu kredytów i dlatego nie może on być podmiotem przestępstwa oszustwa kredytowego, określonego w <xLexLink xArt="art. 297;art. 297 § 1" xIsapId="WDU19970880553" xTitle="Ustawa z dnia 6 czerwca 1997 r. - Kodeks karny" xAddress="Dz. U. z 1997 r. Nr 88, poz. 553">art. 297 § 1 k.k.</xLexLink></xText>
          <xText>Na wstępie zauważyć należy, że przestępstwo z <xLexLink xArt="art. 297;art. 297 § 1" xIsapId="WDU19970880553" xTitle="Ustawa z dnia 6 czerwca 1997 r. - Kodeks karny" xAddress="Dz. U. z 1997 r. Nr 88, poz. 553">art. 297§1 k.k.</xLexLink> jest przestępstwem formalnym. W wyroku z dnia 5 maja 2011 r. IV KK 57/11, LEX nr 848168,</xText>
          <xText>SN stwierdził: „Przestępstwo określone w <xLexLink xArt="art. 297;art. 297 § 1" xIsapId="WDU19970880553" xTitle="Ustawa z dnia 6 czerwca 1997 r. - Kodeks karny" xAddress="Dz. U. z 1997 r. Nr 88, poz. 553">art. 297 § 1 k.k.</xLexLink> jest przestępstwem formalnym (bez skutkowym), co powoduje, że w przypadku stwierdzenia jego popełnienia nie można mówić o wystąpieniu jakiejkolwiek szkody, która mogłaby zostać następnie naprawiona przez sprawcę. Ogólnym przedmiotem ochrony tego przepisu jest prawidłowość funkcjonowania obrotu gospodarczego, w szczególności indywidualne interesy uczestników tego obrotu, jak<xBRx/>i ponadindywidualne interesy gospodarcze społeczeństwa, związane z prawidłowym jego funkcjonowaniem, szczególnym przedmiotem ochrony jest zaś w przypadku omawianego przestępstwa prawidłowość, rzetelność i uczciwość obrotu finansowego. Trudno w tej sytuacji wskazać konkretnego pokrzywdzonego, którego mogłoby dotyczyć pojednanie, albo też uzgodnienie z nim sposobu naprawienia szkody.”</xText>
          <xText>W przeciwieństwie do <xLexLink xArt="art. 286;art. 286 § 1" xIsapId="WDU19970880553" xTitle="Ustawa z dnia 6 czerwca 1997 r. - Kodeks karny" xAddress="Dz. U. z 1997 r. Nr 88, poz. 553">art. 286§1 k.k.</xLexLink>, który uzależnia odpowiedzialność sprawcy od wprowadzenia w błąd osoby rozporządzającej własnym lub cudzym mieniem <xLexLink xArt="art. 297;art. 297 § 1" xIsapId="WDU19970880553" xTitle="Ustawa z dnia 6 czerwca 1997 r. - Kodeks karny" xAddress="Dz. U. z 1997 r. Nr 88, poz. 553">art. 297§1 k.k.</xLexLink> takiego warunku nie wprowadza. Sprawca tego przestępstwa musi jedynie wiedzieć, że przedkłada fałszywe lub poświadczające nieprawdę dokumenty, lub złożyć nierzetelne pisemne oświadczenie w celu uzyskania pożyczki bankowej, kredytu lub innego świadczenia.</xText>
          <xText>Sąd Okręgowy w obszernym uzasadnieniu wskazał okoliczności , z których wynikało, że oskarżony wiedział, że uzyskanie kredytu przez <xAnon>K. M.</xAnon> wiąże się<xBRx/>z koniecznością przedstawienia nierzetelnych oświadczeń o sytuacji finansowej jego firmy<xBRx/>a mimo to skontaktował go z prezesem banku i zapewnił , że jest wiarygodnym kontrahentem a następnie sam przedstawiał nierzetelne oświadczenia w celu uzyskania kredytów dla <xAnon> Spółki (...)</xAnon>. Sąd wskazał dowody, na podstawie których dokonał tych ustaleń (patrz str. 23 i 24 uzasadnienia). Apelacja oceny tej nie kwestionuje.</xText>
          <xText>Z tych względów uznać należy, że apelacja nie przedstawia zasługujących na uwzględnienie zarzutów podważających prawidłowość ustaleń dokonanych przez Sąd Okręgowy.</xText>
          <xText>Kary wymierzone oskarżonym w żadnym razie nie mają cech rażąco surowych. Do takiego wniosku musi prowadzić fakt, że pomimo znacznych szkód wyrządzonych przestępstwami wykonanie kar pozbawienia wolności warunkowo zawieszono.</xText>
          <xText>Z tych względów zaskarżony wyrok utrzymano w mocy.</xText>
        </xUnit>
      </xBlock>
    </xPart>
  </judgement>
<judgement id="155000000000503_I_ACa_001184_2012_Uz_2012-12-11_001">
    <xPart xEditorFullName="Monika Kurkowiak" xYear="2012" xLang="PL" xPublisherFullName="Monika Kurkowiak" xFromPg="1" xEditor="mkurkowiak" xVolType="15/500000/0000503/ACa" xPublisher="mkurkowiak" xDocType="Uz" xVolNmbr="001184" xVersion="1.0" xToPage="21" xFlag="published">
      <xName>Wyrok+Uzasadnienie</xName>
      <xBlock>
        <xText>Sygn. akt I ACa 1184/12</xText>
        <xUnit xIsTitle="true" xBold="true" xType="part">
          <xName>WYROK</xName>
          <xTitle>W IMIENIU RZECZYPOSPOLITEJ POLSKIEJ</xTitle>
          <xText xALIGNx="right">Dnia 27 listopada 2012 r.</xText>
          <xText>Sąd Apelacyjny we Wrocławiu – Wydział I Cywilny w składzie:</xText>
          <xRows>
            <xCOLGROUPx>
              <xCOLx xWIDTHx="219"/>
              <xCOLx xWIDTHx="398"/>
            </xCOLGROUPx>
            <xRow>
              <xClmn xALIGNx="left" xVALIGNx="middle">
                <xText xALIGNx="right">Przewodniczący:</xText>
              </xClmn>
              <xClmn xALIGNx="left" xVALIGNx="middle">
                <xText>SSA Franciszek Marcinowski</xText>
              </xClmn>
            </xRow>
            <xRow>
              <xClmn xALIGNx="left" xVALIGNx="top">
                <xText xALIGNx="right">Sędziowie:</xText>
              </xClmn>
              <xClmn xALIGNx="left" xVALIGNx="middle">
                <xText>SSA Małgorzata Lamparska</xText>
                <xText>SSA Sławomir Jurkowicz (spr.)</xText>
              </xClmn>
            </xRow>
            <xRow>
              <xClmn xALIGNx="left" xVALIGNx="middle">
                <xText xALIGNx="right">Protokolant:</xText>
              </xClmn>
              <xClmn xALIGNx="left" xVALIGNx="middle">
                <xText>Małgorzata Kurek</xText>
              </xClmn>
            </xRow>
          </xRows>
          
          <xText>po rozpoznaniu w dniu 27 listopada 2012 r. we Wrocławiu na rozprawie</xText>
          <xText>sprawy z powództwa <xBx><xAnon>K. N.</xAnon></xBx></xText>
          <xText>przeciwko <xBx><xAnon>R. J.</xAnon></xBx></xText>
          <xText>o zapłatę</xText>
          <xText>na skutek apelacji obu stron</xText>
          <xText>od wyroku Sądu Okręgowego we Wrocławiu</xText>
          <xText>z dnia 13 lipca 2012 r. sygn. akt I C 465/03</xText>
          
          <xUnit xIsTitle="false" xType="none">
            <xName xSffx=".">1</xName>
            <xText>
              <xBx>zmienia zaskarżony wyrok w punkcie II o tyle tylko, że zasądza od pozwanego na rzecz powódki dalszą kwotę 20 673,90 (dwadzieścia tysięcy sześćset siedemdziesiąt trzy 90/100) zł z ustawowymi odsetkami od dnia 15 kwietnia 2003 r. do dnia zapłaty, w punkcie III w ten sposób, że wskazaną w nim kwotę obniża do kwoty 7 218,96 zł oraz w punkcie <xBRx/>IV w ten sposób, że nakazuje powódce uiścić na rzecz Skarbu Państwa – Sądu Okręgowego we Wrocławiu kwotę 3 421,51 zł a pozwanemu kwotę 1 265,49 zł tytułem nieuiszczonych kosztów sądowych; </xBx>
            </xText>
          </xUnit>
          <xUnit xIsTitle="false" xType="none">
            <xName xSffx=".">2</xName>
            <xText>
              <xBx>oddala dalej idącą apelację powódki i w całości apelację pozwanego; </xBx>
            </xText>
          </xUnit>
          <xUnit xIsTitle="false" xType="none">
            <xName xSffx=".">3</xName>
            <xText>
              <xBx>zasądza od pozwanego na rzecz powódki 1 636,50 zł tytułem zwrotu kosztów postępowania apelacyjnego.  </xBx>
            </xText>
          </xUnit>
        </xUnit>
        <xUnit xIsTitle="true" xBold="true" xType="part">
          <xName>UZASADNIENIE</xName>
          <xText>Powódka <xAnon>K. N.</xAnon> domagała się zasądzenia od pozwanego <xAnon>R. J.</xAnon> kwoty 85.674,95 zł z ustawowymi odsetkami od kwoty <xBRx/>72.866,21 zł od dnia 08.04.2003 r. i od kwoty 12.808,74 zł od dnia wytoczenia powództwa tytułem: zwrotu nienależnie wypłaconego pozwanemu wynagrodzenia za wykonane przez niego roboty budowlane (57.495,54 zł), kosztów usunięcia wad stwierdzonych w pracach wykonanych przez pozwanego (5.885 zł) oraz kary umownej naliczonej pozwanemu w związku z odstąpieniem przez powódkę od umowy, z przyczyn leżących po stronie pozwanego (22.294,41 zł).</xText>
          <xText>Pozwany w odpowiedzi na pozew wniósł o oddalenie powództwa w całości wskazując, iż nie jest on dłużnikiem powódki, lecz to powódka jest jego dłużniczką.</xText>
          <xText>Zaskarżonym wyrokiem z dnia 13.07.2012 r. Sąd Okręgowy we Wrocławiu zasądził od pozwanego na rzecz powódki kwotę 3.002 zł wraz z ustawowymi odsetkami od 15.04.2003 r. do dnia zapłaty (pkt I), a w pozostałym zakresie powództwo oddalił (pkt II) i zasądził od powódki na rzecz pozwanego kwotę 20.915 zł tytułem zwrotu kosztów procesu (pkt III) oraz nakazał powódce uiścić na rzecz Skarbu Państwa – Sądu Okręgowego we Wrocławiu kwotę 4.687 zł tytułem kosztów sądowych (pkt IV).</xText>
          <xText>Powyższe rozstrzygnięcie Sąd ten wydał w oparciu o następujące, istotne ustalenia faktyczne.</xText>
          <xText>W dniu 4.03.2002 r. pomiędzy powódką <xAnon>K. N.</xAnon> (zamawiającą) a pozwanym <xAnon>R. J.</xAnon> (wykonawcą) prowadzącym działalność gospodarczą PHU<xAnon>(...)</xAnon> zawarta została umowa <xBRx/>o wykonanie robót budowlanych, na mocy której zamawiająca zleciła wykonawcy wykonanie:</xText>
          <xText>a/ robót remontowych budynku mieszkalnego położonego we <xAnon>W.</xAnon> przy <xBRx/><xAnon>ul. (...)</xAnon> w zakresie zgodnym w przedłożonym nakazem Powiatowego Inspektora Nadzoru Budowlanego,</xText>
          <xText>b/ remont <xAnon>mieszkania nr (...)</xAnon> w zakresie wymiany instalacji wod.-kan. i c.o. z wymianą pieca i pracami naprawczymi w niezbędnym zakresie,</xText>
          <xText>c/ remont i modernizację <xAnon>mieszkania nr (...)</xAnon>, dla którego powódka posiadała dokumentację powykonawczą z docelowym rozwiązaniem, opracowaną przez <xBRx/><xAnon>Z. J.</xAnon> – październik 2001 r. (§ 1 pkt 1 umowy).</xText>
          <xText>Zakres robót wykończeniowych, rodzaj materiałów i urządzeń miał zostać ustalony z zamawiającą przed rozpoczęciem poszczególnych etapów <xBRx/>(§ 2 pkt 1 umowy). Wykonawca miał wykonać przedmiot umowy z materiałów własnych i przy użyciu własnego sprzętu i transportu. Wykonawca uprawniony był do zlecenia wykonania robót współpracującym z nim podwykonawcom, za których działanie i zaniechanie odpowiadał jak za działanie i zaniechanie własne. <xBRx/>Strony ustaliły, że w przypadku zastosowania na życzenie zamawiającej materiałów sprowadzonych na zamówienie zamawiająca udzieli wykonawcy zaliczki <xBRx/>w wysokości wymaganej przez dostawcę, o ile okres oczekiwania na dostawę przekracza 14 dni (§ 4 pkt 1, 2, 5 umowy). Przedmiot umowy miał podlegać odbiorom częściowym, w ciągu 7 dni od zgłoszenia przez pozwanego etapu robót do odbioru (§ 5 umowy).</xText>
          <xText>Strony ustaliły, że wynagrodzenie będzie liczone według zasad:</xText>
          <xText>a/  stawka godzinowa robocizny kosztorysowej - 9 zł za roboczogodzinę,</xText>
          <xText>b/  nakład robocizny - według KNR, z wyłączeniem robót dekarskich i ciesielskich, robót wykończeniowych i robót nie objętych KNR; nakłady na te roboty miały być ustalane na podstawie kalkulacji indywidualnej,</xText>
          <xText>c/ za pracę sprzętu i transportu - po cenach aktualnych notowań <xAnon>(...)</xAnon> powiększonych o 15 %, czas pracy według KNR,</xText>
          <xText>d/  nakład materiałów - według KNR dla robót typowych dla innych według kalkulacji indywidualnej,</xText>
          <xText>e/  ceny materiałów - według aktualnych na dzień opracowania kosztorysu na etap notowań <xAnon> (...)</xAnon> powiększonych o 10% dla materiałów typowych, dla materiałów nie występujących w <xAnon> (...)</xAnon> na podstawie ofert producentów bądź dostawców lub importerów. W sytuacji, gdy cena na rynku lokalnym jest wyższa więcej niż o 5 % od notowań <xAnon> (...)</xAnon> do kosztorysowania obowiązuje cena lokalnych sprzedawców, d koszt zakupu materiałów - 18%,</xText>
          <xText>f/  koszty ogólne - 85% /R+S/, f/ zysk - 20% liczony od R+S+Ko.</xText>
          <xText>Do wynagrodzenia miał być naliczony podatek VAT według stawek obowiązujących w dacie wystawienia faktury (§ 6 umowy). Wynagrodzenie miało być płatne na podstawie faktur częściowych oraz faktury końcowej (§ 7 umowy). Wykonawca był odpowiedzialny względem zamawiającego, jeżeli wykonane roboty zmniejszały wartość lub użyteczność przedmiotu umowy (§ 10 pkt 1 umowy). Strony ustaliły, że wykonawca zapłaci zamawiającej karę umowną w wysokości 10% wartości przedmiotu umowy w razie odstąpienia od umowy z winy wykonawcy. Zamawiająca obowiązana była zapłacić wykonawcy karę umowną w wysokości 10% wartości przedmiotu umowy za odstąpienie od umowy z przyczyn leżących po stronie zamawiającej lub osób działających z jej upoważnienia (§ 11 umowy). Wszelkie zmiany i uzupełnienie umowy wymagały formy pisemnej pod rygorem nieważności <xBRx/>(§ 12 umowy).</xText>
          <xText>Sąd Okręgowy ustalił, iż powódka udzieliła pozwanemu zaliczek na poczet prac remontowych w łącznej kwocie 140.000 zł. Wiosną 2002 roku pozwany rozpoczął prace remontowe. Wykonanie poszczególnych prac zlecał podwykonawcom.</xText>
          <xText>Pierwszy etap prac obejmował remont dachu i kominów, wzmocnienie budynku (pęknięć), odwodnienie budynku, zabezpieczenie fundamentów i ścian piwnicznych. Po wykonaniu pierwszego etapu prac, pozwany dokonał obmiarów prac i na tej podstawie zlecił sporządzenie kosztorysów. W sierpniu 2002 roku sporządzone zostały kosztorysy nr: 06 (stężenie ścian), 07 (rozbiórki na poddaszu), 08 (wzmocnienie fundamentów i inne roboty), 09 (dach), 10 (kominy), 11 (nowy dach, rynny i rury spustowe, podbitka okapów), 12 (lukarny), 13 (lukarna większa), <xBRx/>14 (daszek nad werandą), 15 (wymiana konstrukcji dachu, lawy kominiarskie, stropodach), 16 (roboty różne), 17 (lukarna nad wejściem). Wykonane przez pozwanego prace zostały odebrane przez powódkę.</xText>
          <xText>Na podstawie sporządzonych kosztorysów, w dniu 30.09.2002 r. pozwany wystawił <xAnon>fakturę VAT nr (...)</xAnon> na kwotę 186.089,65 zł. Na poczet należności wynikającej z faktury zaliczone zostały zaliczki uiszczone dotychczas przez pozwaną w łącznej kwocie 140.000 zł.</xText>
          <xText>We wrześniu 2002 powódka miała problemy z regulowaniem płatności <xBRx/>i wstrzymała prace. Po uzyskaniu przez powódkę kredytu, prace prowadzone przez pozwanego zostały wznowione. Bank regulował należności na rzecz pozwanego <xBRx/>z tytułu wykonanych przez niego prac na podstawie przedstawianych przez niego kosztorysów i faktur oraz po dokonaniu sprawdzenia przez pracownika banku na miejscu budowy zakresu wykonanych prac.</xText>
          <xText>Pozwany przedstawiał w banku <xAnon>fakturę VAT nr (...)</xAnon> i na tej podstawie otrzymywał od banku w ramach transzy kredytu powódki na poczet należności z tej faktury kwotę 86.089,64 zł.</xText>
          <xText>Stosowne do prac już wykonanych, ujawniła się konieczność wykonania kolejnych prac. Zakres dalszych prac pozwany uzgadniał z powódką.</xText>
          <xText>Następnie pozwany rozpoczął wymianę instalacji wodno - kanalizacyjnej i c.o. oraz pieca w <xAnon>mieszkaniu nr (...)</xAnon>, a także prace objęte zleceniem ekspertyzy kominiarskiej oraz prace remontowe w <xAnon>mieszkaniu nr (...)</xAnon>. Do prac w <xAnon>mieszkaniu nr (...)</xAnon>, związanych z wymianą instalacji wodno-kanalizacyjnej pozwany skierował swojego podwykonawcę <xAnon>T. W.</xAnon>, który za wykonane prace wystawił na rzecz pozwanego <xAnon>fakturę nr (...)</xAnon> na kwotę 19.260 zł. Pozwany uregulował <xBRx/>tę należność.</xText>
          <xText>W dniu 17.11.2002 r. pozwany zwrócił powódce kwotę 20.000 zł tytułem nadpłaty przekraczającej wartość wykonanych dotychczas prac wynikających <xBRx/>z <xAnon>faktury VAT nr (...)</xAnon> .</xText>
          <xText>W/w roboty zostały odebrane przez powódkę. W dniu 17.11.2002 r. pozwany wystawił <xAnon>fakturę VAT nr (...)</xAnon> na kwotę 33.812 zł brutto. Faktura obejmowała: wynagrodzenie za roboty instalacyjne wody oraz C.O. w <xAnon>mieszkaniu nr (...)</xAnon> wykonane przez <xAnon>T. W.</xAnon>, wynikające z wystawionej przez niego faktury VAT + wyliczony zysk wynoszący 20% (23.112 zł), koszt zakupu wyłazu dachowego oraz koszty zakupu <xAnon> (...)</xAnon> i udrożnienie przewodów kominowych. Należności wynikające z tej faktury zostały rozliczone w ramach zaciągniętego przez powódkę kredytu. Pozwany otrzymał z banku kredytującego powódkę kwotę <xBRx/>33.812 zł. Koszty zakupu <xAnon> (...)</xAnon> poniósł pozwany.</xText>
          <xText>Sąd Okręgowy ustalił, iż następnie pozwany zwrócił powódce nadpłaconą przez nią kwotę 14.000 zł.</xText>
          <xText>Pozwany prowadził prace budowlane w <xAnon>mieszkaniu nr (...)</xAnon> polegające na wymianie stropów, ociepleniu stropów, dociepleniu więźby dachowej, wykonaniu podłoża pod posadzki, wykonaniu instalacji wodno - kanalizacyjnej, usunięciu wewnętrznych pęknięć budynku, otynkowaniu ścian, wykonaniu wejścia na poddasze, wykonaniu lukarny oraz budowie ścianek działowych oraz prace na klatce schodowej: usunięcie wewnętrznych pęknięć budynku, otynkowanie ścian, wykonanie wejścia na poddasze, wykonanie lukarny. Z uwagi na fakt, że swoje prace rozpoczął elektryk <xAnon>B. S.</xAnon>, niedokończone zostały prace związane <xBRx/>z obudowywaniem ścian płytami G-K - położono tylko jedną warstwę płyt. <xBRx/>Okładzina wodoodporna została użyta tylko na ścianie aneksu kuchennego. Powódka odebrała prace.</xText>
          <xText>W grudniu 2002 roku na zlecenie pozwanego sporządzony został kosztorys <xBRx/>nr 1 (adaptacja strychu) i nr 02 (poddasze). Na podstawie w/w kosztorysów, w dniu 19.12.2002 r. pozwany wystawił <xAnon>fakturę VAT nr (...)</xAnon> na kwotę 40.538,02 zł. Powódka odebrała tą fakturę Należności z niej wynikające zostały rozliczone <xBRx/>w ramach zaciągniętego przez powódkę kredytu. Pozwany otrzymał z banku kredytującego powódkę kwotę 40.538,02 zł.</xText>
          <xText>Pozwany polecił powódce plastyka p. <xAnon>J.</xAnon>, celem wykonania aranżacji wnętrza. Powódka zaakceptowała wykonany przez plastyka projekt aranżacji wnętrza i poprosiła pozwanego, aby uregulował należność z tego tytułu. <xBRx/>Pozwany poniósł koszty projektu aranżacji wnętrza w kwocie 1500 zł brutto. <xBRx/>Kwota ta nie została rozliczona między stronami.</xText>
          <xText>Pozwany prowadził dalsze prace polegające na: zabudowie płytami <xBRx/>GK <xAnon>mieszkania nr (...)</xAnon>, budowie ścianek działowych w <xAnon>mieszkaniu nr (...)</xAnon><xBRx/>(według projektu), wykonaniu wylewki pod posadzki, robotach w łazience <xBRx/>w <xAnon>mieszkaniu nr (...)</xAnon>, pracach przygotowawczych do sklamrowania budynku. <xBRx/>Na zlecenie pozwanego w <xAnon>mieszkaniu nr (...)</xAnon> prace elektryczne prowadził <xBRx/><xAnon>B. S.</xAnon>, prace wodno - kanalizacyjne prowadził <xAnon>T. W.</xAnon>.</xText>
          <xText>Na przełomie stycznia i lutego 2003 roku powódka poprosiła pozwanego <xBRx/>o wystawienie faktury za prace, które faktycznie nie zostały wykonane. <xBRx/>Pozwany nie zgodził się na to. Następnie fakturę taką wystawił powódce <xBRx/><xAnon>T. W.</xAnon>. Kontrola przeprowadzona przez pracowników banku wykazała, że prace te nie zostały wykonane. Faktura ta została przez bank zakwestionowana. Dalsze prace na zlecenie powódki w weekendy wykonywali prywatnie i bez wiedzy pozwanego jego podwykonawcy. Korzystali przy tym z jego materiałów i sprzętu.</xText>
          <xText>Na początku lutego 2003 r. powódka ustanowiła pełnomocnika w osobie inż. <xAnon>R. T.</xAnon>, który miał sprawować nadzór nad robotami wykonywanymi przez pozwanego. W dniu 4.02.2003 r. pozwany wydał inż. <xAnon>R. T.</xAnon> na jego żądanie oryginały kosztorysów (12 szt.), kserokopie <xAnon>faktur nr (...)</xAnon>, rozliczenie transzy z kredytu powódki z dnia 23.11.2002r. <xBRx/>Jednocześnie, pozwany wstrzymał wykonywanie prac do czasu wyjaśnienia sytuacji <xBRx/>i podpisania aneksu do umowy. Wyznaczył pełnomocnikowi powódki termin do dnia 11.02.2003 r., do ustosunkowania się do jego pisma.</xText>
          <xText>
    Inż. <xAnon>R. T.</xAnon> stwierdził, że instalacja elektryczna jest wadliwie wykonana <xBRx/>i wstrzymał dalsze prace. Pozwany, nie zgadzając się ze stanowiskiem inż. <xAnon>R. T.</xAnon>, odstąpił od umowy z powódką. W tej sytuacji pozwany opuścił miejsce prowadzenia prac remontowych, pozostawiając swoje materiały. <xBRx/>Zarzuty inż. <xAnon>R. T.</xAnon> co do prawidłowości wykonania instalacji elektrycznej okazały się niezasadne. Instalacja elektryczna nie została wymieniona <xBRx/>w późniejszym okresie. Instalacja od chwili jej zamontowania działa prawidłowo.</xText>
          <xText>Sąd Okręgowy ustalił, że Za prace wykonane przez pozwanego do czasu odstąpienie przez niego od umowy: wykonanie lukarny w <xAnon>lokalu nr (...)</xAnon> na II piętrze <xBRx/>o wartości 3574,59 zł netto, obudowa ścianek działowych o wartości 11 523,66 zł netto, wykonanie ścianek działowych w łazience o wartości 564, 18 zł netto, prace <xBRx/>w łazience o wartości 433,26 zł netto, o łącznej wartości <xUx>16 095,69 zł netto, </xUx>pozwany nie wystawił faktury i nie otrzymał zapłaty od powódki.</xText>
          <xText>W związku z zaistniałym między stronami konfliktem, powódka zapłaciła wynagrodzenie <xAnon>B. S.</xAnon>, który prowadził prace elektryczne <xBRx/>w <xAnon>mieszkaniu nr (...)</xAnon> oraz <xAnon>T. W.</xAnon>, który wykonywał w <xAnon>mieszkaniu nr (...)</xAnon> prace wodno - kanalizacyjne.</xText>
          <xText>W dniu 21 stycznia 2003 roku <xAnon>T. W.</xAnon><xAnon>(...)</xAnon>Zakład Instalacji Sanitarnych z Miedzi i PCV wystawił na rzecz powódki <xAnon>fakturę VAT nr (...)</xAnon><xBRx/>za wykonanie instalacji wod. - kan. i c.o. w budynku mieszkalnym przy <xAnon>ul. (...)</xAnon> we <xAnon>W.</xAnon> na kwotę 28504,80 zł.</xText>
          <xText>Po przeprowadzeniu przeglądu prac wykonanych przez pozwanego <xBRx/>inż. <xAnon>R. T.</xAnon> stwierdził, iż prace instalacyjne w <xAnon>lokalu (...)</xAnon> są nie zakończone, a ponadto wyszczególnił zauważone wady w postaci: braku odboi (przeciwspadków) przy kominach, braku właściwego wiązania cegieł w kominach, zastosowanie okładziny G-K zwykłej na ścianie w obrębie kuchni zamiast okładziny G-K wodoodpornej, wykonanie pojedynczo płyty G-K z zabudową sufitu i skosów zamiast wymaganego podwójnie z względów p. poż., wykonania instalacji elektrycznej z przewodów o izolacji równej <xAnon> (...)</xAnon> i prowadzona w rurkach sztywnych. <xBRx/>Pismem z 11.02.2003 r. wezwał on pozwanego do usunięcia zauważonych wad <xBRx/>i dokończenia prac. Pozwany nie podjął dalszych prac.</xText>
          <xText>Następnie, prace na zlecenie powódki wykonywali dotychczasowi podwykonawcy pozwanego. <xAnon>B. S.</xAnon> dokończał prace związane <xBRx/>z instalacją elektryczną - wykonywał montaż sprzętu elektrycznego, czyli tablic, przełączników, wyłączników i oprawy. <xAnon>T. W.</xAnon> wykonywał roboty instalacyjne wody oraz c.o. w <xAnon>lokalu nr (...)</xAnon> i częściowo w lokalu na 2 (instalacje sanitarne). <xBRx/>Dalsze prace (remont sutereny, dokończenie remontu poddasza tj. wykończenie wnętrza gipsowanie, szpachlowanie, malowanie, kafelkowanie, położenie paneli <xBRx/>i wstawienie drzwi) prowadził również <xAnon>R. B.</xAnon> i jego ekipa. Wynagrodzenie na ich rzecz uiszczała powódka.</xText>
          <xText><xAnon>R. T.</xAnon> dokonał weryfikacji kosztorysów sporządzonych przez pozwanego, które były podstawą wystawienia <xAnon>faktur nr (...)</xAnon>, <xBRx/>w wyniku której zakwestionował on 18 pozycji z kosztorysów, które były podstawą wystawienia <xAnon>faktury nr (...)</xAnon> pozycji z kosztorysów, które były podstawą wystawienia <xAnon>faktury nr (...)</xAnon>.</xText>
          <xText>Sad I instancji ustalił, iż z tytułu wykonanych robót objętych fakturami VAT pozwany pobrał wynagrodzenie zawyżone o kwotę 16.519,60 zł netto (17.675,97 zł brutto).</xText>
          <xText>Mając na uwadze powyższe, Sąd I instancji uznał, że powództwo w niewielkiej części zasługiwało na uwzględnienie.</xText>
          <xText>Po dokonaniu szczegółowej i wnikliwej analizy materiału dowodowego zgromadzonego w niniejszej sprawie, Sąd ten zważył, iż podstawą żądania powódki w zakresie kwot nadpłaconych pozwanemu tytułem wynagrodzenia i zaliczek (57.495,54 zł) stanowił <xLexLink xArt="art. 405" xIsapId="WDU19640160093" xTitle="Ustawa z dnia 23 kwietnia 1964 r. - Kodeks cywilny" xAddress="Dz. U. z 1964 r. Nr 16, poz. 93">art. 405 k.c.</xLexLink> Mając zaś na uwadze przeprowadzone <xBRx/>w sprawie opinie biegłych sądowych (<xAnon>J. K.</xAnon> i <xAnon>W. A.</xAnon>), z których wynika, że z tytułu wykonanych robót objętych fakturami VAT - w odniesieniu do zakwestionowanych przez powódkę pozycji kosztorysowych - pozwany pobrał wynagrodzenie zawyżone o kwotę 16.519,60 zł netto (17.675,97 zł brutto), <xBRx/>Sąd Okręgowy wskazał, iż powyższe żądanie zasługiwało na częściowe uwzględnienie, tj. w zakresie kwoty 17.675,97 zł. Sąd ten zaakcentował przy tym, <xBRx/>iż tylko niektóre pozycje sporządzonych przez pozwanego kosztorysów zostały zakwestionowane przez powódkę, a w konsekwencji powódka kwestionowała tylko niektóre ze składników wynagrodzenia pobranego przez pozwanego. <xBRx/>W konsekwencji Sąd Okręgowy uznał, iż takim stanem faktycznym był związany <xBRx/>w niniejszej sprawie, dlatego też - pomimo przekalkulowania przez biegłych całego zakresu prac, rozważania tego Sądu ograniczyły się jedynie do pozycji zakwestionowanych przez powódkę.</xText>
          <xText>Następnie Sąd I instancji uznał, iż w związku z tym, że powódka dokonała nadpłaty na rzecz pozwanego tytułem należnego mu wynagrodzenia wynikającego <xBRx/>w wystawionych przez niego <xAnon>faktur nr (...)</xAnon> w kwocie 6.000 zł (powódka uiściła na rzecz pozwanego kwotę 20.000 zł, nie mającą pokrycia w wykonanych przez niego pracach, a następnie pozwany dokonał na jej rzecz zwrotu części tej nadpłaconej kwoty tj. 14.000 zł) - zasadnym było żądanie pozwu w zakresie pozostającej do rozliczenia kwoty 6.000 zł. Jednocześnie Sąd ten stwierdził, iż skoro w świetle opinii biegłych sądowych (<xAnon>W. A.</xAnon>, <xAnon>J. K.</xAnon>) pozwanemu przysługiwało wynagrodzenie za wykonanie montażu: rusztowania ramowego zewnętrznego o wysokości do 10 m, taśmy wakaflex, listwy do wakaflexu oraz za uszczelnianie silikonem wakaflexu i za założenie wakalistwy w łącznej kwocie 4.150,27 zł, to w tej części żądanie powódki było niezasadne.</xText>
          <xText>Przechodząc następnie do analizy żądania powódki dotyczącego zwrotu kosztów usunięcia wad w robotach wykonanych przez pozwanego na kwotę 5.885 zł. Sąd I instancji, powołując się na treść <xLexLink xArt="art. 480;art. 480 § 1;art. 480 § 3" xIsapId="WDU19640160093" xTitle="Ustawa z dnia 23 kwietnia 1964 r. - Kodeks cywilny" xAddress="Dz. U. z 1964 r. Nr 16, poz. 93">art. 480 § 1 i 3 k.c.</xLexLink> wskazał, iż żądanie to nie zasługiwało na uwzględnienie, gdyż powódka nie udowodniła, aby wykonane przez pozwanego roboty miały wskazywane przez nią wady oraz aby poniosła ona koszty ich usunięcia.</xText>
          <xText>Za nieuzasadnione Sąd Okręgowy uznał również żądanie powódki w zakresie zasądzenia od pozwanego na jej rzecz kwoty 22.294,41 zł z tytułu kar umownych. Wskazując na treść <xLexLink xArt="art. 483;art. 483 § 1" xIsapId="WDU19640160093" xTitle="Ustawa z dnia 23 kwietnia 1964 r. - Kodeks cywilny" xAddress="Dz. U. z 1964 r. Nr 16, poz. 93">art. 483 § 1 k.c.</xLexLink>, Sąd ten uznał, iż zawarte w umowie łączącej strony zastrzeżenie co do możliwości naliczania kar umownych jest nieważne, gdyż strony nie określiły wysokości kary umownej ani nie wskazały podstawy do jej ustalenia. Sąd I instancji zaakcentował przy tym, iż kara umowna miała stanowić 10% wartości przedmiotu umowy ale w umowie wartości tej nie określono, jak również nie określono w niej wysokości wynagrodzenia wykonawcy za wykonanie przedmiotu umowy. Z tych też względów brak jest punktu odniesienia, w oparciu o który miałaby być ustalana wysokość kary umownej.</xText>
          <xText>Reasumując tę część swoich rozważań Sąd Okręgowy wskazał, że żądanie pozwu zasługiwało na uwzględnienie co do kwoty 23.676 zł (17 676 zł + 6 000 zł).</xText>
          <xText>W ocenie Sądu I instancji uzasadnionym był w części zgłoszony przez pozwanego zarzut potrącenia, tj. co do łącznej kwoty 20.673,68 zł <xBRx/>(w tym kwoty: 16.095,69 zł z tytułu wartości prac budowlanych wykonanych na rzecz powódki, za który pozwany nie otrzymał wynagrodzenia; 1.500 zł z tytułu poniesionych za powódkę kosztów wykonania projektu aranżacji wnętrza; 3.077,99 zł z tytułu wykonania przyłącza elektrycznego do elektrycznej sieci dystrybucyjnej). Spośród należności wskazywanych przez pozwanego, Sąd ten nie uwzględnił kwoty 1.229,17 zł z tytułu wartości materiału pozostawionego przez pozwanego na budowie, wskazując, iż pozwany mógł ten materiał odebrać opuszczając miejsce budowy oraz kwoty naliczonej tytułem kar umownych, z tożsamych względów dla których nie uwzględnił w tym zakresie żądania powódki.</xText>
          <xText>Konkludując Sąd I instancji stwierdził, że w związku z podniesionym przez pozwanego zarzutem potrącenia zasadnym co do kwoty 20.673,68 zł <xBRx/>z wierzytelnością przysługującą powódce w stosunku do pozwanego na kwotę 23.676,68 zł, zasądzeniu na rzecz powódki od pozwanego podlegała kwota 3.002 zł, wraz z ustawowymi odsetkami od dnia 15.04.2003 r. (tj. od dnia, w którym upływał 14-dniowy termin do odebrania przez pozwanego pisma wzywającego go do spełnienia świadczenia na rzecz powódki). W pozostałym zaś zakresie <xBRx/>Sąd Okręgowy żądanie powódki uznał za nieuzasadnione i jako takie oddalił.</xText>
          <xText>O kosztach postępowania Sąd ten orzekł na podstawie <xLexLink xArt="art. 100" xIsapId="WDU19640430296" xTitle="Ustawa z dnia 17 listopada 1964 r. - Kodeks postępowania cywilnego" xAddress="Dz. U. z 1964 r. Nr 43, poz. 296">art. 100 k.p.c.</xLexLink></xText>
          <xText>Apelację od powyższego wyroku wywiodły obie strony.</xText>
          <xText>Powódka swoją apelacją zaskarżyła wyrok Sądu Okręgowego w części oddalającej jej powództwo co do kwoty 36.598,12 zł, zarzucając:</xText>
          <xText>1.  naruszenie przepisów postępowania, tj.: <xLexLink xArt="art. 224" xIsapId="WDU19640430296" xTitle="Ustawa z dnia 17 listopada 1964 r. - Kodeks postępowania cywilnego" xAddress="Dz. U. z 1964 r. Nr 43, poz. 296">art. 224 k.p.c.</xLexLink>, <xLexLink xArt="art. 233;art. 233 § 1" xIsapId="WDU19640430296" xTitle="Ustawa z dnia 17 listopada 1964 r. - Kodeks postępowania cywilnego" xAddress="Dz. U. z 1964 r. Nr 43, poz. 296">art. 233 § 1</xLexLink> w zw. <xBRx/>z <xLexLink xArt="art. 328;art. 328 § 1" xIsapId="WDU19640430296" xTitle="Ustawa z dnia 17 listopada 1964 r. - Kodeks postępowania cywilnego" xAddress="Dz. U. z 1964 r. Nr 43, poz. 296">art. 328 § 1 k.p.c.</xLexLink>, <xLexLink xArt="art. 217;art. 217 § 2" xIsapId="WDU19640430296" xTitle="Ustawa z dnia 17 listopada 1964 r. - Kodeks postępowania cywilnego" xAddress="Dz. U. z 1964 r. Nr 43, poz. 296">art.217 § 2 k.p.c.</xLexLink>, <xLexLink xArt="art. 321" xIsapId="WDU19640430296" xTitle="Ustawa z dnia 17 listopada 1964 r. - Kodeks postępowania cywilnego" xAddress="Dz. U. z 1964 r. Nr 43, poz. 296">art.321 k.p.c.</xLexLink> i <xLexLink xArt="art. 316" xIsapId="WDU19640430296" xTitle="Ustawa z dnia 17 listopada 1964 r. - Kodeks postępowania cywilnego" xAddress="Dz. U. z 1964 r. Nr 43, poz. 296">art.316 k.p.c.</xLexLink> w sposób obszernie opisany w apelacji;</xText>
          <xText>2.  błąd w ustaleniach faktycznych polegający na przyjęciu, że: wysokość zawyżenia robót objętych fakturami wyniosła 17.675,97 zł, choć wyniosła ona nie mniej niż 33.100,12 zł; pozwany pokrył koszt okien zakupionych <xBRx/>w <xAnon> Spółdzielni (...)</xAnon>, choć zrobiła to powódka; powódka nie zapłaciła pozwanemu za roboty związane z przyłączem oraz wykonaniem lukarny, <xBRx/>a pozwany nie ujął ich w kosztorysach do faktur, choć powódka dokonała zapłaty, a prace przy lukarnie zostały objęte kosztorysem nr 17 do <xAnon>faktury nr(...)</xAnon>; wartość świadczenia uznanego przez Sąd za należne z tytułu wykonania przyłącza wyniosła 3.077,99 zł brutto, mimo że na roboty te pozwany faktury nie wystawił, zatem nie odprowadził podatku VAT oraz, że roboty wykonane były przez pozwanego niewadliwie, mimo że z opinii biegłego <xAnon>K.</xAnon> wynika wadliwość pokrycia dachowego lukarny <xBRx/>w <xAnon>mieszkaniu nr (...)</xAnon> oraz nieszczelność rynien, a szkoda z tego tytułu wyniosła nie mniej niż 500 zł,</xText>
          <xText>3.  naruszenie prawa materialnego, tj. <xLexLink xArt="art. 498" xIsapId="WDU19640160093" xTitle="Ustawa z dnia 23 kwietnia 1964 r. - Kodeks cywilny" xAddress="Dz. U. z 1964 r. Nr 16, poz. 93">art. 498 k.c.</xLexLink>, przez jego niewłaściwe zastosowanie i dokonanie potrącenia wartości roszczenia powódki o wartość robót (rzekomo) wykonanych i nieopłaconych, mimo że pozwany nie złożył oświadczenia o potrąceniu i nie podniósł w procesie zarzutu potrącenia oraz <xLexLink xArt="art. 65;art. 65 § 2" xIsapId="WDU19640160093" xTitle="Ustawa z dnia 23 kwietnia 1964 r. - Kodeks cywilny" xAddress="Dz. U. z 1964 r. Nr 16, poz. 93">art. 65 § 2 k.c.</xLexLink>, przez przyjęcie, że strony wspólnym zamiarem objęły wynagrodzenie przekraczające znacznie stawki rynkowe, akceptując narzuty zysku i kosztów ogólnych od kosztów powiększonych o narzuty na koszty zakupu i pracę sprzętu.</xText>
          <xText>Wskazując na powyższe zarzuty, powódka wniosła o uchylenie zaskarżonego wyroku i przekazanie sprawy do ponownego rozpoznania Sądowi I instancji, przy uwzględnieniu kosztów postępowania apelacyjnego, ewentualnie o jego zmianę przez zasądzenie na jej rzecz kwoty 39.600,12 zł wraz z odsetkami ustawowymi od dnia 15.04.2003 r. oraz kosztów postępowania apelacyjnego według spisu.</xText>
          <xText>Z kolei pozwany zaskarżył wyrok Sądu Okręgowego w części uwzględniającej powództwo w kwocie 3.002 zł, zarzucając:</xText>
          <xText>1.  naruszenie prawa materialnego, tj. <xLexLink xArt="art. 483;art. 483 § 1" xIsapId="WDU19640160093" xTitle="Ustawa z dnia 23 kwietnia 1964 r. - Kodeks cywilny" xAddress="Dz. U. z 1964 r. Nr 16, poz. 93">art. 483 § 1 k.c.</xLexLink> w zw. z <xLexLink xArt="art. 58;art. 58 § 1;art. 58 § 3" xIsapId="WDU19640160093" xTitle="Ustawa z dnia 23 kwietnia 1964 r. - Kodeks cywilny" xAddress="Dz. U. z 1964 r. Nr 16, poz. 93">art. 58 § 1 i 3 k.c.</xLexLink> oraz</xText>
          <xText>2.  naruszenie przepisów postępowania, tj. <xLexLink xArt="art. 328;art. 328 § 2" xIsapId="WDU19640430296" xTitle="Ustawa z dnia 17 listopada 1964 r. - Kodeks postępowania cywilnego" xAddress="Dz. U. z 1964 r. Nr 43, poz. 296">art. 328 § 2 k.p.c.</xLexLink>, przez nie uzasadnienie wyczerpująco przesłanek uznania za nieważny zapisu umowy dotyczącego kar umownych zastrzeżonych na wypadek odstąpienia od umowy.</xText>
          <xText>Wskazując na powyższe zarzuty, pozwany wniósł o zmianę zaskarżonego wyroku i oddalenie powództwa w całości oraz zasądzenie od powódki na jego rzecz kosztów postępowania apelacyjnego.</xText>
          <xText>W odpowiedziach na apelację strony wniosły o oddalenie apelacji przeciwnika procesowego i zasądzenie od strony apelującej na rzecz przeciwnika procesowego zwrotu kosztów postępowania apelacyjnego.</xText>
          
          <xText>
            <xBx>Sąd Apelacyjny zważył co następuje:</xBx>
          </xText>
          
          <xText>Apelacja powódki jedynie częściowo zasługiwała na uwzględnienie. <xBRx/>Natomiast apelacja pozwanego podlegała oddaleniu w całości.</xText>
          <xText>Na wstępie wskazać należy, iż Sąd Odwoławczy praktycznie w całości podzielił ustalenia faktyczne dokonane w niniejszej sprawie przez Sąd I instancji, jako znajdujące odzwierciedlenie w treści zgromadzonego w sprawie materiału dowodowego. Z ustaleń tych wyeliminować jedynie należało przyjęcie przez Sąd I instancji, że „pozwany, nie zgadzając się ze stanowiskiem inż. <xAnon>R. T.</xAnon>, odstąpił od umowy z powódką” (str. 16 uzasadnienia). Tej treści okoliczność nie znajduje bowiem żadnego poparcia w dowodach zaoferowanych przez strony <xBRx/>w niniejszej sprawie, gdyż w aktach brak jest oświadczenia pozwanego skierowanego do powódki o odstąpieniu od umowy, jak również dowodów na to, iż tej treści oświadczenie powódce faktycznie zostało przez pozwanego złożone.</xText>
          <xText>Tak zmodyfikowane ustalenia faktyczne Sąd Apelacyjny uczynił podstawą własnego rozstrzygnięcia.</xText>
          <xText>Przechodząc w pierwszej kolejności do analizy zarzutów zawartych w apelacji powódki, jako dalej idących, stwierdzić należy, iż na uwzględnienie zasługiwał spośród nich jedynie ten dotyczący naruszenia przepisu <xLexLink xArt="art. 498" xIsapId="WDU19640160093" xTitle="Ustawa z dnia 23 kwietnia 1964 r. - Kodeks cywilny" xAddress="Dz. U. z 1964 r. Nr 16, poz. 93">art. 498 k.c.</xLexLink>, o czym jednak szerzej w dalszej części uzasadnienia.</xText>
          <xText>W pierwszej kolejności bowiem odnieść się należy do procesowych zarzutów skarżącej. W tym zaś zakresie za nietrafny należy uznać podniesiony przez powódkę zarzut, dotyczący naruszenia <xLexLink xArt="art. 224" xIsapId="WDU19640430296" xTitle="Ustawa z dnia 17 listopada 1964 r. - Kodeks postępowania cywilnego" xAddress="Dz. U. z 1964 r. Nr 43, poz. 296">art. 224 k.p.c.</xLexLink> Wskazać bowiem należy, iż <xBRx/>Sąd I instancji dysponował odpowiednim i obszernym materiałem dowodowym do jej rozstrzygnięcia w dacie wydania zaskarżonego wyroku. Wskazać przy tym należy, iż opinia biegłego <xAnon>W. A.</xAnon>, w oparciu o którą Sąd I instancji dokonał ustaleń faktycznych w sprawie, jest bardzo obszerna, wnikliwa oraz zawiera konkretnie <xBRx/>i należycie uzasadnione wnioski. Biegły ten wielokrotnie i w sposób wyczerpujący oraz rzetelny odpowiadał na zarzuty i wątpliwości stron co do sformułowanych przez niego w opinii wniosków. Opinia ta zatem, w ocenie Sądu Odwoławczego, zasługuje na uwzględnienie. Tym samym też brak było podstaw do prowadzenia dalszego postępowania dowodowego w tym zakresie, w którym biegły ten wypowiedział się <xBRx/>w swoich opiniach.</xText>
          <xText>Nietrafnie również wskazywała skarżąca na naruszenie <xLexLink xArt="art. 233;art. 233 § 1" xIsapId="WDU19640430296" xTitle="Ustawa z dnia 17 listopada 1964 r. - Kodeks postępowania cywilnego" xAddress="Dz. U. z 1964 r. Nr 43, poz. 296">art. 233 § 1</xLexLink> w zw. <xBRx/>z <xLexLink xArt="art. 328;art. 328 § 1" xIsapId="WDU19640430296" xTitle="Ustawa z dnia 17 listopada 1964 r. - Kodeks postępowania cywilnego" xAddress="Dz. U. z 1964 r. Nr 43, poz. 296">art. 328 § 1 k.p.c.</xLexLink> Wprawdzie faktycznie, jak wywodzi skarżąca, Sąd I instancji podał, iż oparł się w niniejszej sprawie na opinii biegłego <xAnon>W. A.</xAnon><xBRx/>i <xAnon>J. K.</xAnon>, choć sformułowane przez tych biegłych wnioski i oceny były częściowo z sobą sprzeczne. Z dokonanych w sprawie ustaleń, w tym przede wszystkim z przyjęcia, że z tytułu wykonanych robót objętych fakturami VAT, które powódka w toku niniejszego postępowania kwestionowała, pozwany pobrał wynagrodzenie zawyżone o kwotę 16.519,60 zł netto (tj. 17.675,97 zł brutto) wynika jednakże, iż Sąd Okręgowy przyjął za miarodajną opinię <xAnon>W. A.</xAnon>. <xBRx/>Opinia zaś biegłego <xAnon>K.</xAnon> miała charakter pomocniczy w zakresie pomiaru dachu, dokonanego przez tego biegłego. W tym bowiem zakresie biegły <xAnon>A.</xAnon> skorzystał z obmiarów dokonanych przez biegłego <xAnon>K.</xAnon> (por. k. 1384). <xBRx/>W ocenie Sądu Apelacyjnego opinia biegłego <xAnon>W. A.</xAnon> jest bardzo obszerna <xBRx/>i rzeczowa. Biegły ten w sposób wyczerpujący i jasny odpowiada na wszystkie zarzuty stron, formułowane wobec jego wniosków. Opinia ta winna zatem stanowić podstawę niniejszego rozstrzygnięcia. Co się zaś tyczy podnoszonej przez skarżącą kwestii dania wiary (i jej zakresu) zeznaniom powódki i pozwanego, to stwierdzić należy, iż swoje stanowisko w tym zakresie Sąd I instancji szczegółowo i zgodnie <xBRx/>z wymogami <xLexLink xArt="art. 233;art. 233 § 1" xIsapId="WDU19640430296" xTitle="Ustawa z dnia 17 listopada 1964 r. - Kodeks postępowania cywilnego" xAddress="Dz. U. z 1964 r. Nr 43, poz. 296">art. 233 § 1 k.p.c.</xLexLink> uzasadniał. Podkreślić zaś trzeba, że jeżeli <xBRx/>z określonego materiału dowodowego Sąd wyprowadza wnioski logicznie poprawne <xBRx/>i zgodne z doświadczeniem życiowym, to ocena Sądu nie narusza reguł swobodnej oceny dowodów i musi się ostać, chociażby w równym stopniu na podstawie tego materiału dowodowego dawały się wysnuć wnioski odmienne. Tylko w przypadku, gdy brak jest logiki w wiązaniu wniosków z zebranymi dowodami, lub gdy wnioskowanie Sądu wykracza poza schematy logiki formalnej, albo wbrew zasadom doświadczenia życiowego, nie uwzględnia jednoznacznych praktycznych związków przyczynowo – skutkowych, to tylko wtedy przeprowadzona przez Sąd ocena dowodów może być skutecznie podważona (tak SN w wyroku z dnia 27.09.2002 r., sygn. II CKN 817/00). W przedmiotowej zaś sprawie Sąd Okręgowy wskazał dlaczego i w jakim zakresie dał wiarę zeznaniom stron, a w stanowisku tym nie można dopatrzeć się sprzeczności, czy nielogiczności. Powódka podnosi, iż <xBRx/>Sąd winien pominąć zeznania pozwanego, gdyż nie jest on osobą wiarygodną, skoro zawyżał wartość prac w wystawianych na jej rzecz fakturach, jednakże skarżąca pomija przy tym, iż również jej zeznania także w części nie charakteryzowały się spójnością i konsekwencją, a nadto były sprzeczne z pozostałym materiałem dowodowym zgromadzonym w sprawie, na co trafnie zwrócił uwagę Sąd Okręgowy. Powyższa ocena z kolei skutkowała uznaniem za chybione zarzutów skarżącej kwestionujących ustalenia faktyczne dokonane w niniejszej sprawie, w zakresie dotyczącym poniesienia przez pozwanego kosztów zakupu okien <xBRx/>w <xAnon> Spółdzielni (...)</xAnon>. Co się zaś tyczy ustaleń Sądu Okręgowego w zakresie wartości prac wykonanych przez pozwanego w zakresie przyłącza energetycznego <xBRx/>i ich rozliczenia przez strony, stwierdzić należy, iż ostatecznie kwestia ta nie miała istotnego znaczenia dla rozstrzygnięcia niniejszej sprawy w związku <xBRx/>z uwzględnieniem zarzutu powódki dotyczącego naruszenia przepisu <xLexLink xArt="art. 489" xIsapId="WDU19640160093" xTitle="Ustawa z dnia 23 kwietnia 1964 r. - Kodeks cywilny" xAddress="Dz. U. z 1964 r. Nr 16, poz. 93">art. 489 k.c.</xLexLink>, <xBRx/>o czym w dalszej części uzasadnienia.</xText>
          <xText>Jeśli zaś chodzi o wadliwość robót wykonanych przez pozwanego, to stwierdzić należy, iż Sąd I instancji oddalił je jako nie znajdujące oparcia w treści <xBRx/><xLexLink xArt="art. 480;art. 480 § 3" xIsapId="WDU19640160093" xTitle="Ustawa z dnia 23 kwietnia 1964 r. - Kodeks cywilny" xAddress="Dz. U. z 1964 r. Nr 16, poz. 93">art. 480 § 3 k.c.</xLexLink> Ocenę tę należy w zasadzie również podzielić na etapie postępowania odwoławczego. Skarżąca wprawdzie w apelacji dostrzega i podnosi, iż z opinii biegłego <xAnon>K.</xAnon> wynika wadliwość pokrycia dachowego lukarny <xBRx/>i nieszczelność rynien, ze wskazaniem, iż szkoda z tego tytułu wynosi nie mniej niż 500 zł. Jednakże zważyć należy, iż powyższe nie dowodzi jeszcze, że spełniły się przesłanki wskazane w <xLexLink xArt="art. 480;art. 480 § 3" xIsapId="WDU19640160093" xTitle="Ustawa z dnia 23 kwietnia 1964 r. - Kodeks cywilny" xAddress="Dz. U. z 1964 r. Nr 16, poz. 93">art. 480 § 3 k.c.</xLexLink>, w szczególności iż powódka poniosła koszty usunięcia tych wad.</xText>
          <xText>W ocenie Sadu odwoławczego nie mogły również znaleźć uzasadnienia zarzuty skarżącej dotyczące naruszenia <xLexLink xArt="art. 217;art. 217 § 2" xIsapId="WDU19640430296" xTitle="Ustawa z dnia 17 listopada 1964 r. - Kodeks postępowania cywilnego" xAddress="Dz. U. z 1964 r. Nr 43, poz. 296">art. 217 § 2 k.p.c.</xLexLink>, przez oddalenie jej wniosków dowodowych. Zauważyć bowiem wypada, iż po oddaleniu tych wniosków powódka, jak i jej pełnomocnik obecny na rozprawie, nie zgłosili w tym zakresie żadnych zastrzeżeń do protokołu w trybie <xLexLink xArt="art. 162" xIsapId="WDU19640430296" xTitle="Ustawa z dnia 17 listopada 1964 r. - Kodeks postępowania cywilnego" xAddress="Dz. U. z 1964 r. Nr 43, poz. 296">art. 162 k.p.c.</xLexLink> Zatem w konsekwencji tego zaniedbania skarżąca faktycznie sama pozbawiła się możliwości skutecznego podnoszenia na etapie postępowania apelacyjnego powyższego zarzutu. <xBRx/><xLexLink xArt="art. 162" xIsapId="WDU19640430296" xTitle="Ustawa z dnia 17 listopada 1964 r. - Kodeks postępowania cywilnego" xAddress="Dz. U. z 1964 r. Nr 43, poz. 296">Artykuł 162 k.p.c.</xLexLink> przewiduje bowiem prekluzję zarzutów dotyczących niektórych naruszeń prawa procesowego. Skutkiem nie podniesienia przez stronę zarzutu naruszenia przepisów postępowania w sposób określony w tym przepisie, jest bezpowrotna utrata tego zarzutu w dalszym toku postępowania, a więc także <xBRx/>w postępowaniu wywołanym wniesieniem zażalenia oraz w postępowaniu apelacyjnym, chyba że chodzi o przepisy prawa procesowego, których naruszenie sąd powinien wziąć pod rozwagę z urzędu, albo że strona nie zgłosiła zastrzeżeń bez swej winy (por. wyrok SN z 24.09.2009 r., IV CSK 185/09, M.Prawn. 2009/20/1082; uchwała SN z 27.10.2005 r., III CZP 55/05, niepubl.). Te ostatnie ze wskazanych przesłanek, zdaniem Sądu Apelacyjnego bez wątpienia w analizowanej sprawie nie zaistniały.</xText>
          <xText>W okolicznościach faktycznych omawianej sprawy, niezrozumiały jest również zarzut apelującej dotyczący rzekomego naruszenia przez Sąd I instancji przepisu <xLexLink xArt="art. 321" xIsapId="WDU19640430296" xTitle="Ustawa z dnia 17 listopada 1964 r. - Kodeks postępowania cywilnego" xAddress="Dz. U. z 1964 r. Nr 43, poz. 296">art. 321 k.p.c.</xLexLink> Przepis powyższy wskazuje bowiem, iż Sąd nie może wyrokować co do przedmiotu, który nie był objęty żądaniem, ani zasądzać ponad żądanie. Niewątpliwym zaś jest, iż w niniejszej sprawie Sąd Okręgowy powyższego nie uczynił. Skarżąca zaś w ramach powyższego zarzutu wywodzi, iż Sąd I instancji winien był uwzględnić całość zawężeń wynagrodzeń za roboty budowlane, których suma jest mniejsza od kwoty żądanej z tego tytułu przez powódkę. <xBRx/>Z powyższym twierdzeniem nie można się zgodzić, w sytuacji gdy powódka wyraźnie wskazała w niniejszym postępowaniu, z którymi robotami wykonanymi przez pozwanego wiąże swoje roszczenia o zwrot nadpłaconego pozwanemu wynagrodzenia. Tymi zaś okolicznościami faktycznymi, wskazanymi przez powódkę <xBRx/>i nie modyfikowanymi w trakcie przedmiotowego postępowania, Sąd Okręgowy był niewątpliwie związany. Z tych też względów wskazywanie przez skarżącą w apelacji, iż Sąd I instancji winien przyjąć, że wysokość zawyżenia robót objętych fakturami wynosiła nie mniej niż 33.100,12 zł, nie zaś jak Sąd ten przyjął 17.675,97 zł brutto, nie może znaleźć uzasadnienia. Słusznie bowiem Sąd Okręgowy ustalił, iż wartość robót wykonanych przez pozwanego, a kwestionowanych w toku procesu przez apelującą i objętych niniejszym sporem wynosiła 17.675,97 zł brutto.</xText>
          <xText>Zdaniem Sądu Apelacyjnego generalnie nietrafny okazał się również zarzut skarżącej dotyczący naruszenia <xLexLink xArt="art. 316" xIsapId="WDU19640430296" xTitle="Ustawa z dnia 17 listopada 1964 r. - Kodeks postępowania cywilnego" xAddress="Dz. U. z 1964 r. Nr 43, poz. 296">art. 316 k.p.c.</xLexLink> Przedmiotowe unormowanie statuuje bowiem zasadę, iż wydanie wyroku nie może nastąpić bez przeprowadzenia rozprawy. Niewątpliwie Sąd I instancji zasady tej nie naruszył, a wydając zaskarżone orzeczenie wziął pod uwagę stan rzeczy istniejący w chwili zamknięcia rozprawy, błędnie jedynie przyjmując, iż pozwany w toku postępowania zgłosił zarzut potrącenia. Powyższe jednak stanowi naruszenie przepisu <xLexLink xArt="art. 498" xIsapId="WDU19640160093" xTitle="Ustawa z dnia 23 kwietnia 1964 r. - Kodeks cywilny" xAddress="Dz. U. z 1964 r. Nr 16, poz. 93">art. 498 k.c.</xLexLink> i w jego ramach może być oceniane, nie zaś w ramach naruszenia dyspozycji <xLexLink xArt="art. 316" xIsapId="WDU19640430296" xTitle="Ustawa z dnia 17 listopada 1964 r. - Kodeks postępowania cywilnego" xAddress="Dz. U. z 1964 r. Nr 43, poz. 296">art. 316 k.p.c.</xLexLink></xText>
          <xText>Przechodząc już do analizy materialnoprawnych zarzutów skarżącej, zważyć należy, iż na uwzględnienie nie zasługiwał ten dotyczący naruszenia dyspozycji przepisu <xLexLink xArt="art. 65;art. 65 § 2" xIsapId="WDU19640160093" xTitle="Ustawa z dnia 23 kwietnia 1964 r. - Kodeks cywilny" xAddress="Dz. U. z 1964 r. Nr 16, poz. 93">art. 65 § 2 k.c.</xLexLink> Wbrew twierdzeniom powódki zawartym w apelacji, <xBRx/>Sąd I instancji nie przyjął, iż strony wspólnym zamiarem objęły wynagrodzenie przekraczające stawki rynkowe, akceptując narzuty zysku i kosztów ogólnych od kosztów powiększonych o narzuty na koszty zakupu i pracę sprzętu. <xBRx/>Twierdzenia powyższe stanowią w istocie powielenie zarzutów kierowanych pod adresem opinii sporządzonych przez biegłego <xAnon>W. A.</xAnon>. Zarzutów, co do których biegły ten jednoznacznie, wyczerpująco i kategorycznie się wypowiedział (por. m.in. k 1339-1341, k. 1384-1385). Tym samym dalsza polemika skarżącej w tym kierunku nie zasługiwała na uwzględnienie.</xText>
          <xText>Sąd Apelacyjny za uzasadniony uznał natomiast zarzut powódki dotyczący naruszenia normy <xLexLink xArt="art. 498" xIsapId="WDU19640160093" xTitle="Ustawa z dnia 23 kwietnia 1964 r. - Kodeks cywilny" xAddress="Dz. U. z 1964 r. Nr 16, poz. 93">art. 498 k.c.</xLexLink> Analizując bowiem treść wszystkich pism zgromadzonych w niniejszej sprawie, nie budzi wątpliwości, zdaniem <xBRx/>Sądu Odwoławczego, iż pozwany dotychczas nie złożył wobec powódki oświadczenia o potrąceniu w rozumieniu przepisu <xLexLink xArt="art. 498" xIsapId="WDU19640160093" xTitle="Ustawa z dnia 23 kwietnia 1964 r. - Kodeks cywilny" xAddress="Dz. U. z 1964 r. Nr 16, poz. 93">art. 498 k.c.</xLexLink> W szczególności nie sposób powyższego oświadczenia doszukać się w odpowiedzi na pozew. Twierdzenie pozwanego, iż nie jest on dłużnikiem powódki, lecz powódka jest jego dłużnikiem, nie spełnia bowiem wymogów oświadczenia o którym mowa <xBRx/>w <xLexLink xArt="art. 499" xIsapId="WDU19640160093" xTitle="Ustawa z dnia 23 kwietnia 1964 r. - Kodeks cywilny" xAddress="Dz. U. z 1964 r. Nr 16, poz. 93">art. 499 k.c.</xLexLink> w zw. z <xLexLink xArt="art. 498;art. 498 § 1" xIsapId="WDU19640160093" xTitle="Ustawa z dnia 23 kwietnia 1964 r. - Kodeks cywilny" xAddress="Dz. U. z 1964 r. Nr 16, poz. 93">art. 498 § 1 k.c.</xLexLink> Zważyć bowiem trzeba, że do wywołania skutku potrącenia nieodzowne jest skonkretyzowanie istniejącej i wymagalnej wierzytelności wzajemnej potrącającego, a więc m.in. określenie kwoty pieniężnej, <xBRx/>w jakiej ta wierzytelność się wyraża (vide: wyrok SN z 6.10.2006 r., V CSK 198/06, LEX 327893). Warunkiem skuteczności oświadczenia o potrąceniu składanego drugiej stronie, jeśli chodzi o wzajemną wierzytelność potrącającego, jest skonkretyzowanie tej wierzytelności pod względem rodzajowym, terminowym <xBRx/>i wartościowym, w tym dokładne określenie kwoty pieniężnej, w jakiej ta wierzytelności się wyraża (vide: wyrok SN z 30.05.1968 r., II PR 202/06, niepubl.). Niewątpliwie powyższych wymogów nie zawiera odpowiedź na pozew złożona osobiście przez pozwanego. W aktach sprawy brak jest również jakiegokolwiek innego oświadczenia o potrąceniu pochodzącego od pozwanego, z którego wynikałoby, iż potrąca on swoje ściśle skonkretyzowane i wymagalne wierzytelności wobec powódki z wierzytelnościami powódki dochodzonymi w niniejszym postępowaniu wobec niego. Zaakcentować przy tym trzeba, iż z <xLexLink xArt="art. 499" xIsapId="WDU19640160093" xTitle="Ustawa z dnia 23 kwietnia 1964 r. - Kodeks cywilny" xAddress="Dz. U. z 1964 r. Nr 16, poz. 93">art. 499 k.c.</xLexLink> wynika, iż potrącenie dokonywa się przez oświadczenie złożone drugiej stronie. Oświadczenie to ma więc charakter prawnokształtujący, gdyż bez niego – mimo współzaistnienia ustawowych przesłanek potrącenia (<xLexLink xArt="art. 498;art. 498 § 1" xIsapId="WDU19640160093" xTitle="Ustawa z dnia 23 kwietnia 1964 r. - Kodeks cywilny" xAddress="Dz. U. z 1964 r. Nr 16, poz. 93">art. 498 § 1 k.c.</xLexLink>) – nie dojdzie do wzajemnego umorzenia wierzytelności. Nadto oświadczenie to staje się skuteczne dopiero z chwilą, gdy dotarło do wierzyciela wzajemnego w taki sposób, że ten mógł zapoznać się z jego treścią.</xText>
          <xText>W ocenie Sadu Odwoławczego brak również podstaw do tego by przyjąć, iż pozwany, przez swego pełnomocnika, w toku postępowania przez Sądem I instancji, skutecznie podniósł zarzut potrącenia. Wobec istotnych skutków, jakie wywołuje potrącenie, zarzutu powyższego nie wolno bowiem domniemywać. <xBRx/>Dla swej skuteczności winien być on przez stronę w sposób jednoznaczny i wyraźny podniesiony. Zarzut ten wyraźnie wyartykułował pełnomocnik pozwanego dopiero na rozprawie apelacyjnej. Niemniej jednak nie mógł on zostać uwzględniony. <xBRx/>Zważyć bowiem trzeba, że pełnomocnik pozwanego dysponował jedynie pełnomocnictwem procesowym, a zatem nie miał on umocowania do składania jakichkolwiek materialnoprawnych oświadczeń w imieniu pozwanego. Zgłoszenie zaś zarzutu potrącenia stanowi w istocie powołanie się przez stronę w procesie na fakt dokonania potrącenia i wynikające stąd skutki (por. wyrok SN z 23.01.2004 r., <xBRx/>III CK 251/02., M.Prawn. 2006/10/540; wyrok SN z 09.10.2003 r., V CK 319/02, <xBRx/>Lex nr 82267). Jak już zaś wyżej wskazywano, pozwany w istocie nie złożył powódce oświadczenia o potrąceniu spełniającego wymogi <xLexLink xArt="art. 499" xIsapId="WDU19640160093" xTitle="Ustawa z dnia 23 kwietnia 1964 r. - Kodeks cywilny" xAddress="Dz. U. z 1964 r. Nr 16, poz. 93">art. 499 k.c.</xLexLink> w zw. z <xLexLink xArt="art. 498;art. 498 § 1" xIsapId="WDU19640160093" xTitle="Ustawa z dnia 23 kwietnia 1964 r. - Kodeks cywilny" xAddress="Dz. U. z 1964 r. Nr 16, poz. 93">art. 498 § 1 k.c.</xLexLink> Natomiast dla przyjęcia zasadności zarzutu potrącenia i jego skuteczności, niezbędne jest zaistnienie przesłanek materialnoprawnych potrącenia, wskazanych <xBRx/>w <xLexLink xArt="art. 498;art. 498 § 1" xIsapId="WDU19640160093" xTitle="Ustawa z dnia 23 kwietnia 1964 r. - Kodeks cywilny" xAddress="Dz. U. z 1964 r. Nr 16, poz. 93">art. 498 § 1 k.c.</xLexLink>, które w niniejszej sprawie nie zaistniały.</xText>
          <xText>Abstrahując od powyższego zważyć również należy, iż zarzut powyższy nie mógł odnieść skutku z uwagi na to, iż pozwany w istocie nie dysponował w stosunku do powódki wymagalną wierzytelnością. Dopuszczalność potrącenia uzależniona jest bowiem od współistnienia ustawowo określonych przesłanek tj. wzajemności wierzytelności, jednorodzajowości świadczeń obu wierzytelności, wymagalności obu wierzytelności, a ściśle biorąc wymagalności wynikających z nich roszczeń; zaskarżalności obu potrącanych wierzytelności.</xText>
          <xText>W pierwszej kolejności wskazać należy, iż pozwanemu nie przysługiwała wobec powódki wierzytelność z tytułu kar umownych. Sąd Apelacyjny, na podstawie dokonanych przez Sąd Okręgowy ustaleń faktycznych, uznał (odmiennie w tym zakresie od Sądu I instancji), że żadna ze stron nie złożyła skutecznego oświadczenia o odstąpieniu od łączącej jej umowy. Zważyć bowiem trzeba, iż pozwany w piśmie skierowanym do powódki z dnia 25.02.2003 r. (k. 216) zagroził jedynie skorzystaniem z uprawnienia do odstąpienia od umowy. Jednakże skutecznie z uprawnienia tego nie skorzystał. W aktach sprawy brak bowiem oświadczenia pozwanego skierowanego do powódki o odstąpieniu od umowy. Z kolei powódka złożyła pozwanemu oświadczenie o potrąceniu w kwietniu 2003 r., tj. w okresie, gdy strony zakończyły już swoją współpracę. Bezspornym bowiem jest, iż pozwany <xBRx/>w lutym 2003 r. zaprzestał wykonywania prac na budowie, a następnie nie został przez pełnomocnika powódki dopuszczony na plac budowy. Strony ten stan rzeczy zaakceptowały i w istocie wtedy też, przez czynności konkludentne, zakończyły swoją współpracę. Strony zatem zgodnie zaprzestały realizacji, wykonywania umowy. Zważyć zatem należy, iż skoro pozwany od umowy zawartej z powódką nie odstąpił (brak w aktach sprawy stosownego oświadczenia w tym zakresie) to nie przysługiwało mu uprawnienie do naliczenia powódce kar umownych przewidzianych w § 11 umowy.</xText>
          <xText>Niezależnie od powyższego wskazać również należy, iż Sąd Apelacyjny <xBRx/>w całości akceptuje ocenę i argumentację zaprezentowaną przez Sąd I instancji <xBRx/>w uzasadnieniu zaskarżonego orzeczenia odnośnie tego, że zapis dotyczący kar umownych, przewidziany w umowie stron, był nieważny z uwagi na brak jasnego kryterium w zakresie sposobu ustalenia wysokości tych kar. Nie powtarzając w tym zakresie trafnych wniosków Sądu Okręgowego zaakcentować jeszcze można, iż <xBRx/><xLexLink xArt="art. 483;art. 483 § 1" xIsapId="WDU19640160093" xTitle="Ustawa z dnia 23 kwietnia 1964 r. - Kodeks cywilny" xAddress="Dz. U. z 1964 r. Nr 16, poz. 93">art. 483 § 1 k.c.</xLexLink> wymaga, aby kara umowna przewidziana przez strony była określona. Tym samym ma być ona wyraźnie wskazana kwotowo, ewentualnie dopuszcza się też jej określenie przez odniesienie jej wysokości do innych skonkretyzowanych danych uzgodnionych przez strony w umowie, tj. np. wynagrodzenia, czy wartości przedmiotu umowy. W niniejszej zaś umowie powyższego zabrakło. Zresztą sam pozwany dostrzega, iż były rozbieżności pomiędzy stronami co do metody naliczenia tej kary, powódka zaś na etapie postępowania apelacyjnego nie kwestionowała rozstrzygnięcia Sądu Okręgowego <xBRx/>w przedmiocie kar umownych. Tym samym zapis zawarty w umowie stron w zakresie kar umownych, jako nie spełniający ustawowych wymagań określonych <xBRx/>w <xLexLink xArt="art. 483;art. 483 § 1" xIsapId="WDU19640160093" xTitle="Ustawa z dnia 23 kwietnia 1964 r. - Kodeks cywilny" xAddress="Dz. U. z 1964 r. Nr 16, poz. 93">art. 483 § 1 k.c.</xLexLink>, musi być uznany za nieważny w rozumieniu <xLexLink xArt="art. 58;art. 58 § 1;art. 58 § 3" xIsapId="WDU19640160093" xTitle="Ustawa z dnia 23 kwietnia 1964 r. - Kodeks cywilny" xAddress="Dz. U. z 1964 r. Nr 16, poz. 93">art. 58 § 1 i 3 k.c.</xLexLink></xText>
          <xText>Z tych wszystkich podanych powyżej przyczyn Sąd Odwoławczy nie podzielił również zarzutów pozwanego zawartych w jego apelacji a dotyczących naruszenia <xLexLink xArt="art. 483;art. 483 § 1" xIsapId="WDU19640160093" xTitle="Ustawa z dnia 23 kwietnia 1964 r. - Kodeks cywilny" xAddress="Dz. U. z 1964 r. Nr 16, poz. 93">art. 483 § 1 k.c.</xLexLink> w zw. z <xLexLink xArt="art. 58;art. 58 § 1;art. 58 § 3" xIsapId="WDU19640160093" xTitle="Ustawa z dnia 23 kwietnia 1964 r. - Kodeks cywilny" xAddress="Dz. U. z 1964 r. Nr 16, poz. 93">art. 58 § 1 i 3 k.c.</xLexLink>, jak również <xLexLink xArt="art. 328;art. 328 § 2" xIsapId="WDU19640430296" xTitle="Ustawa z dnia 17 listopada 1964 r. - Kodeks postępowania cywilnego" xAddress="Dz. U. z 1964 r. Nr 43, poz. 296">art. 328 § 2 k.p.c.</xLexLink>, przez brak uzasadnienia przesłanek uznania za nieważny zapisu umowy dotyczącego kar umownych zastrzeżonych na wypadek odstąpienia od umowy.</xText>
          <xText>W ocenie Sądu Odwoławczego nie mogło również wywołać skutków materialnoprawnych przedstawienie przez pozwanego do potrącenia wierzytelności <xBRx/>z tytułu wynagrodzenia za prace wykonane na rzecz powódki, a nie objęte fakturami. Wierzytelność pozwanego z tego tytułu, jako bezterminowa, aby stać się wymagalną (co jest niezbędne do jej potrącenia, zgodnie z <xLexLink xArt="art. 498;art. 498 § 1" xIsapId="WDU19640160093" xTitle="Ustawa z dnia 23 kwietnia 1964 r. - Kodeks cywilny" xAddress="Dz. U. z 1964 r. Nr 16, poz. 93">art. 498 § 1 k.c.</xLexLink>) winna być poprzedzona stosownym wezwaniem do zapłaty skierowanym do powódki, po myśli <xLexLink xArt="art. 455" xIsapId="WDU19640160093" xTitle="Ustawa z dnia 23 kwietnia 1964 r. - Kodeks cywilny" xAddress="Dz. U. z 1964 r. Nr 16, poz. 93">art. 455 k.c.</xLexLink> Wezwania takiego zaś brak w niniejszej sprawie. Zgodnie z umową stron, powódka była zobowiązana zapłacić za roboty wykonane przez pozwanego wynagrodzenie w ciągu 7 dni od wystawienia faktury. Bezspornym zaś jest, że pozwany za powyższe prace na rzecz powódki żadnej faktury nie wystawił. Jego wierzytelność w tym zakresie ma zatem wobec powódki charakter bezterminowy, <xBRx/>a więc jest wymagalna od daty wezwania do zapłaty (<xLexLink xArt="art. 455" xIsapId="WDU19640160093" xTitle="Ustawa z dnia 23 kwietnia 1964 r. - Kodeks cywilny" xAddress="Dz. U. z 1964 r. Nr 16, poz. 93">art. 455 k.c.</xLexLink>). Wezwania takiego jednak pozwany wobec powódki nigdy nie wystosował. Nie sposób również uznać, aby taki charakter można było nadać jego pismom procesowym jedynie wskazującym na fakt niezapłacenia przez powódkę za część robót wykonanych przez pozwanego.</xText>
          <xText>Reasumując stwierdzić zatem należy, iż w związku z przyjęciem, że pozwany nie złożył w toku postępowania zarzutu potrącenia, który wywoływałby skutek <xBRx/>w sferze materialnoprawnej, zasądzić należało od niego na rzecz powódki dalszą kwotę 20.673,90 zł wraz z ustawowymi odsetkami od dnia 15.04.2003 r., którą <xBRx/>Sąd I instancji niezasadnie potrącił ze sporną wierzytelnością powódki. Z tych też względów Sąd Apelacyjny, na podstawie <xLexLink xArt="art. 386;art. 386 § 1" xIsapId="WDU19640430296" xTitle="Ustawa z dnia 17 listopada 1964 r. - Kodeks postępowania cywilnego" xAddress="Dz. U. z 1964 r. Nr 43, poz. 296">art. 386 § 1 k.p.c.</xLexLink>, zmienił zaskarżony wyrok w pkt II. Powyższa zmiana determinowała z kolei konieczność ingerencji <xBRx/>w orzeczenie o kosztach postępowania zawarte w punkcie III i IV zaskarżonego wyroku. Ostatecznie bowiem powódka utrzymała się przy swoim żądaniu w 27% zaś pozwany w 73%. Koszty procesu poniesione przez powódkę wyniosły łącznie 29.811,08 zł, a zatem należy jej procentowo zwrot tych kosztów obejmował kwotę 8.048,99 zł. Natomiast koszty procesu poniesione przez pozwanego wyniosły łącznie 20.915 zł, a zatem należy mu procentowo zwrot tych kosztów obejmował kwotę 15.267,95 zł. Tym samym w ostatecznym rozrachunku należało zasądzić od powódki na rzecz pozwanego kwotę 7.218,96 zł oraz nakazać stronom, proporcjonalnie do ich wygranej, uiszczenie na rzecz Skarbu Państwa – Sądu Okręgowego we Wrocławiu tytułem brakujących kosztów sądowych (wydatków na wynagrodzenie biegłego) tymczasowo poniesionych przez Skarb Państwa odpowiednio pozwanemu kwoty 1.265,49 zł, zaś powódce kwoty 3.421,51 zł. W konsekwencji Sąd Apelacyjny orzekł, jak w pkt 1 sentencji wyroku.</xText>
          <xText>W pozostałym zaś zakresie apelację powódki i w całości apelacje pozwanego Sąd Odwoławczy, jako nieuzasadnione, po myśli <xLexLink xArt="art. 385" xIsapId="WDU19640430296" xTitle="Ustawa z dnia 17 listopada 1964 r. - Kodeks postępowania cywilnego" xAddress="Dz. U. z 1964 r. Nr 43, poz. 296">art. 385 k.p.c.</xLexLink> oddalił, o czym orzeczono w pkt 2 sentencji. Rozstrzygnięcie w przedmiocie kosztów postępowania apelacyjnego, zawarte w punkcie 3 sentencji, wydano zaś po myśli <xLexLink xArt="art. 100" xIsapId="WDU19640430296" xTitle="Ustawa z dnia 17 listopada 1964 r. - Kodeks postępowania cywilnego" xAddress="Dz. U. z 1964 r. Nr 43, poz. 296">art. 100 k.p.c.</xLexLink><xBRx/>w zw. z <xLexLink xArt="art. 391;art. 391 § 1" xIsapId="WDU19640430296" xTitle="Ustawa z dnia 17 listopada 1964 r. - Kodeks postępowania cywilnego" xAddress="Dz. U. z 1964 r. Nr 43, poz. 296">art. 391 § 1 k.p.c.</xLexLink> Powódka bowiem postępowanie odwoławcze w zakresie swojej apelacji wygrała w 55%, zaś jej koszty wyniosły 3.630 zł (opłata – 1.830 zł, koszty zastępstwa – 1.800 zł), a w zakresie apelacji pozwanego wygrała w 100%, <xBRx/>a jej koszty wyniosły 450 zł (koszty zastępstwa). Natomiast pozwany w zakresie apelacji powódki wygrał w 45%, a jego koszty wyniosły 1.800 zł (koszty zastępstwa procesowego), zaś w zakresie swojej apelacji przegrał w 100%, a jego koszty wyniosły 601 zł (opłata 151 zł i koszty zastępstwa 450 zł). Z tych też względów ostatecznie należało zasądzić od pozwanego na rzecz powódki kwotę 1.636,50 zł.</xText>
          
          <xText>MW</xText>
        </xUnit>
      </xBlock>
    </xPart>
  </judgement>
<judgement id="151000000001521_III_AUa_000827_2012_Uz_2012-11-28_001">
    <xPart xEditorFullName="Artur Lichota" xYear="2012" xLang="PL" xPublisherFullName="Aleksandra Pastuszak" xFromPg="1" xEditor="alichota" xVolType="15/100000/0001521/AUa" xPublisher="apastuszak" xDocType="Uz" xVolNmbr="000827" xVersion="1.0" xToPage="1" xFlag="published">
      <xName>Wyrok+Uzasadnienie</xName>
      <xBlock>
        <xText>Sygn. akt III AUa 827/12</xText>
        
        <xUnit xIsTitle="true" xBold="true" xType="part">
          <xName>WYROK</xName>
          <xTitle>W IMIENIU RZECZYPOSPOLITEJ POLSKIEJ</xTitle>
          <xText xALIGNx="right">Dnia 28 listopada 2012 r.</xText>
          
          <xText>Sąd Apelacyjny - III Wydział Pracy i Ubezpieczeń Społecznych w Gdańsku</xText>
          <xText>w składzie:</xText>
          
          <xRows>
            <xCOLGROUPx>
              <xCOLx xWIDTHx="153"/>
              <xCOLx xWIDTHx="402"/>
            </xCOLGROUPx>
            <xRow>
              <xClmn xALIGNx="left" xVALIGNx="top">
                <xText>Przewodniczący:</xText>
              </xClmn>
              <xClmn xALIGNx="left" xVALIGNx="top">
                <xText>SSA Bożena Grubba (spr.)</xText>
              </xClmn>
            </xRow>
            <xRow>
              <xClmn xALIGNx="left" xVALIGNx="top">
                <xText>Sędziowie:</xText>
              </xClmn>
              <xClmn xALIGNx="left" xVALIGNx="top">
                <xText>SSA Barbara Mazur</xText>
                <xText>SSA Maria Sałańska - Szumakowicz</xText>
              </xClmn>
            </xRow>
            <xRow>
              <xClmn xALIGNx="left" xVALIGNx="top">
                
                <xText>Protokolant:</xText>
              </xClmn>
              <xClmn xALIGNx="left" xVALIGNx="top">
                
                <xText>Aleksandra Portaszkiewicz</xText>
              </xClmn>
            </xRow>
          </xRows>
          
          <xText>po rozpoznaniu w dniu 28 listopada 2012 r. w Gdańsku</xText>
          <xText>sprawy <xAnon>M. K.</xAnon></xText>
          <xText>przeciwko</xText>
          <xText>Zakładowi Ubezpieczeń Społecznych Oddział w <xAnon>G.</xAnon></xText>
          <xText>o zwrot nienależnie pobranego świadczenia</xText>
          <xText>na skutek apelacji <xAnon>M. K.</xAnon></xText>
          <xText>od wyroku Sądu Okręgowego w Gdańsku VIII Wydziału Pracy i Ubezpieczeń Społecznych</xText>
          <xText>z dnia 19 marca 2012 r., sygn. akt VIII U 1264/11</xText>
          
          <xText>uchyla zaskarżony wyrok i sprawę przekazuje do ponownego rozpoznania Sądowi Okręgowemu w Gdańsku VIII Wydziałowi Pracy i Ubezpieczeń Społecznych.</xText>
          
          <xText>Sygn. akt III AUa 827/12</xText>
        </xUnit>
        <xUnit xIsTitle="true" xBold="true" xType="part">
          <xName>UZASADNIENIE</xName>
          <xText>Decyzją z dnia 05.04.2011 r. Zakład Ubezpieczeń Społecznych Oddział Wojewódzki w <xAnon>G.</xAnon> zobowiązał ubezpieczonego <xAnon>M. K.</xAnon> do zwrotu nienależnie pobranego świadczenia renty socjalnej za okres od 01.01.2010 r. do 28.02.2010 r., od 01.07.2010 r. do 31.07.2010 r., od 01.09.2010 do 31.12.2010 r. w łącznej kwocie 4100,56 zł w związku z tym, iż wnioskodawca w wyżej wskazanych okresach osiągnął przychód w kwocie wyższej niż 30% przeciętnego miesięcznego wynagrodzenia za kwartał kalendarzowy ogłoszony przez Prezesa GUS.</xText>
          <xText>Odwołanie od powyższej decyzji złożył ubezpieczony <xAnon>M. K.</xAnon>, podnosząc, że we wszystkich miesiącach od stycznia do grudnia zakład pracy <xAnon> (...)</xAnon> doliczył do jego dochodu dodatkowe ubezpieczenie grupowe w wysokości 34,77 zł miesięcznie. W lipcu zakład pracy wyrównał mu zaniżone dochody za kwiecień i czerwiec. W październiku otrzymał szczepienie przeciwko grypie warte 35 zł.</xText>
          <xText>Organ rentowy w odpowiedzi na odwołanie wniósł o jego oddalenie.</xText>
          <xText>Decyzją z dnia 19 maja 2011 r. Zakład Ubezpieczeń Społecznych Oddział Wojewódzki w <xAnon>G.</xAnon> zobowiązał ubezpieczonego <xAnon>M. K.</xAnon> do zwrotu nienależnie pobranego świadczenia renty socjalnej za okres od 01.01.2011 r. do 28.02.2011 r. w łącznej kwocie 1.186,56 zł.</xText>
          <xText>Odwołanie od powyższej decyzji złożył ubezpieczony <xAnon>M. K.</xAnon>, podnosząc, że jego zarobki nie przekroczyły progów uprawniających go do otrzymania renty socjalnej.</xText>
          <xText>Organ rentowy w odpowiedzi na odwołanie wniósł o jego oddalenie.</xText>
          <xText>Wyrokiem z dnia 19 marca 2012 r. Sąd Okręgowy w Gdańsku VIII Wydział Pracy i Ubezpieczeń Społecznych oddalił odwołanie.</xText>
          <xText>Powyższe rozstrzygnięcie Sąd Okręgowy oparł o następujące ustalenia i rozważania:</xText>
          <xText><xAnon>M. K.</xAnon>urodził się dnia <xAnon>(...)</xAnon>r. Decyzją organu rentowego z dnia 06.10. 2003r. uzyskał on prawo do renty socjalnej na stałe.</xText>
          <xText>Ubezpieczony w dniu 01.06.2009 r. podjął pracę w <xAnon> (...) sp. z o.o.</xAnon> na czas określony do 31.05.2011 r.</xText>
          <xText>Z przedłożonych przez pracodawcę informacji o uzyskanym przez <xAnon>M. K.</xAnon>przychodzie brutto oraz kart przychodów pracownika za sporne okresy wynika, że w styczniu 2010 r. osiągnął on wynagrodzenie brutto w wysokości 964,77 zł (podczas, gdy 30 % przeciętnego wynagrodzenia wyniosło 934,20 zł), w lutym 2010 r. - 964,77 zł (podczas, gdy 30 % przeciętnego wynagrodzenia wyniosło 934,20 zł), w lipcu 2010r. 1375,29,00 zł wyrównanie wynagrodzenia - prawidłowe rozliczenie godzin pracy (30% przeciętnego wynagrodzenia 973,10 zł), we wrześniu 2010 r. - 967,12 zł (30 % przeciętnego wynagrodzenia - 959,40 zł), w październiku 2010 r. - 999,77 zł (30 % przeciętnego wynagrodzenia-959,40 zł), w listopadzie - 964,77 zł (30 % przeciętnego wynagrodzenia - 959,40 zł), w grudniu 2010 r. - 964,77 zł (30 % przeciętnego wynagrodzenia - 961,00 zł).</xText>
          <xText>Decyzją z dnia 05.04.2011 r. Zakład Ubezpieczeń Społecznych Oddział Wojewódzki w <xAnon>G.</xAnon> zobowiązał ubezpieczonego <xAnon>M. K.</xAnon> do zwrotu nienależnie pobranego świadczenia renty socjalnej za okres od 01.01.2010 r. do 28.02.2010 r., od 01.07.2010 r. do 31.07.2010 r., od 01.09.2010 do 31.12.2010 r. w łącznej kwocie 4100,56 zł w związku z tym, iż wnioskodawca w wyżej wskazanych okresach osiągnął przychód w kwocie wyższej niż 30% przeciętnego miesięcznego wynagrodzenia za kwartał kalendarzowy ogłoszony przez Prezesa GUS.</xText>
          <xText>Sąd Okręgowy wskazał, iż zgodnie z treścią <xLexLink xArt="art. 15;art. 15 pkt. 1" xIsapId="WDU20031351268" xTitle="Ustawa z dnia 27 czerwca 2003 r. o rencie socjalnej" xAddress="Dz. U. z 2003 r. Nr 135, poz. 1268">art. 15 pkt 1 ustawy z dnia 27 czerwca 2003r. o rencie socjalnej</xLexLink> (Dz. U. Nr 135, poz. 1268 ze zm.), w sprawach nieuregulowanych w ustawie stosuje się odpowiednio m.in. <xLexLink xArt="art. 138" xIsapId="WDU19981621118" xTitle="Ustawa z dnia 17 grudnia 1998 r. o emeryturach i rentach z Funduszu Ubezpieczeń Społecznych" xAddress="Dz. U. z 1998 r. Nr 162, poz. 1118">art. 138 ustawy o emeryturach i rentach z Funduszu Ubezpieczeń Społecznych</xLexLink>. Stosownie zatem do treści <xLexLink xArt="art. 138;art. 138 ust. 1" xIsapId="WDU19981621118" xTitle="Ustawa z dnia 17 grudnia 1998 r. o emeryturach i rentach z Funduszu Ubezpieczeń Społecznych" xAddress="Dz. U. z 1998 r. Nr 162, poz. 1118">art. 138 ust. 1 ustawy z dnia 17 grudnia 1998r. o emeryturach i rentach z Funduszu Ubezpieczeń Społecznych</xLexLink> (tekst jedn. z 2004r. Dz. U. Nr 39, poz. 353 ze zm.), osoba, która nienależnie pobrała świadczenia, jest obowiązana do ich zwrotu.</xText>
          <xText>Za nienależnie pobrane świadczenia w rozumieniu ust. 1 uważa się:</xText>
          <xText>1) świadczenia wypłacone mimo zaistnienia okoliczności powodujących ustanie lub zawieszenie prawa do świadczeń albo wstrzymanie wypłaty świadczeń w całości lub w części, jeżeli osoba pobierająca świadczenia była pouczona o braku prawa do ich pobierania:</xText>
          <xText>2) świadczenia przyznane lub wypłacone na podstawie fałszywych zeznań lub dokumentów albo w innych przypadkach świadomego wprowadzenia w błąd przez osobę pobierającą świadczenia (ust. 2)</xText>
          <xText>W myśl przepisu <xLexLink xArt="art. 10;art. 10 ust. 1" xIsapId="WDU20031351268" xTitle="Ustawa z dnia 27 czerwca 2003 r. o rencie socjalnej" xAddress="Dz. U. z 2003 r. Nr 135, poz. 1268">art. 10 ust. 1 ustawy o rencie socjalnej</xLexLink> prawo do renty socjalnej zawiesza się w razie osiągania przychodu z tytułu działalności podlegającej obowiązkowi ubezpieczenia społecznego, tj.: m.in. z tytułu zatrudnienia. Zgodnie z <xLexLink xArt="art. 10 ust. 6" xIsapId="WDU20031351268" xTitle="Ustawa z dnia 27 czerwca 2003 r. o rencie socjalnej" xAddress="Dz. U. z 2003 r. Nr 135, poz. 1268">ust. 6</xLexLink>, prawo do renty socjalnej zawiesza się za miesiąc, w którym zostały osiągnięte przychody, o których mowa w <xLexLink xArt="art. 10 ust. 1;art. 10 ust. 2;art. 10 ust. 3;art. 10 ust. 4;art. 10 ust. 5" xIsapId="WDU20031351268" xTitle="Ustawa z dnia 27 czerwca 2003 r. o rencie socjalnej" xAddress="Dz. U. z 2003 r. Nr 135, poz. 1268">ust. 1-5</xLexLink>, w łącznej kwocie wyższej niż 30 % przeciętnego miesięcznego wynagrodzenia za kwartał kalendarzowy ostatnio ogłoszonego przez Prezesa Głównego Urzędu Statystycznego do celów emerytalnych.</xText>
          <xText>Sąd I instancji przypomniał, iż niespornym w sprawie było, że wnioskodawca jest uprawniony do renty socjalnej. Poza sporem pozostawało również, że w okresie wskazanym w decyzji organu rentowego był on zatrudniony w <xAnon> (...) sp. z o.o.</xAnon> i uzyskał wynagrodzenie brutto w wysokości wyższej niż 30% przeciętnego miesięcznego wynagrodzenia za kwartał kalendarzowy ogłoszony przez Prezesa GUS .</xText>
          <xText>Przedmiotem sporu w takich okolicznościach jest, czy organ ubezpieczeniowy zasadnie zobowiązał ubezpieczonego do zwrotu nienależnie pobranego świadczenia, tj. renty socjalnej za okres wskazany w decyzji.</xText>
          <xText>W ocenie Sądu Okręgowego stanowisko pozwanego jest zasadne i w świetle okoliczności niniejszej sprawy należy przyjąć, że renta socjalna wypłacona ubezpieczonemu w tym okresie była świadczeniem nienależnie pobranym. Jak wynika ze stanowiska skarżącego zaprezentowanego w odwołaniu oraz na rozprawie w dniu 26.09.2011 r., pobranie zakwestionowanych przez ZUS świadczeń renty socjalnej nastąpiło nie z jego winy, ale z winy jego pracodawcy, który doliczał do jego dochodu dodatkowe ubezpieczenie grupowe w kwocie 34,77 zł miesięcznie, w lipcu otrzymał wyrównanie za zaniżone dochody za kwiecień i czerwiec, a w październiku otrzymał szczepienie przeciwko grypie, które zostało zaliczone do jego dochodu w kwocie 35 zł.</xText>
          <xText>W ocenie Sądu Okręgowego, brak jest podstaw do przerzucania odpowiedzialności za osiąganie przez ubezpieczonego przychodów w dopuszczalnej wysokości na zakład pracy, a do tego sprowadza się odwoływanie do faktu, że skarżący przenosi odpowiedzialność na pracodawcę, który doliczał do jego dochodu dodatkowe ubezpieczenie grupowe w kwocie 34,77 zł miesięcznie, w lipcu otrzymał wyrównanie za zaniżone dochody za kwiecień i czerwiec, a w październiku otrzymał szczepienie przeciwko grypie, które zostało zaliczone do jego dochodu w kwocie 35 zł. Dbanie o to, aby uzyskiwane przychody nie przekraczały konkretnych granic jest obowiązkiem świadczeniobiorcy, nie zaś jakiegokolwiek zatrudniającego go podmiotu. Powyższe stanowisko znajduje odzwierciedlenie w orzecznictwie sądów powszechnych, m.in. wyroku z dnia 29.05.2008 r. Sądu Apelacyjnego w Katowicach (sygn. III AUa 1367/07, LEX nr 491108, Biul.SAKa 2009/1/45 -46) .</xText>
          <xText>W interesie świadczeniobiorcy pozostaje zatem, zdaniem Sądu I instancji, kontrolowanie, czy uzyskiwane przezeń przychody nie będą skutkowały zawieszeniem wypłaty renty socjalnej, o której to możliwości ubezpieczony został należycie pouczony i o czym wiedział. Nawet poinformowanie przez ubezpieczonego pracodawcy, że może osiągać jedynie wynagrodzenie w wysokości nie skutkującej zawieszeniem wypłaty świadczenia, nie ma więc znaczenia przy ustalaniu obowiązku zwrotu nienależnie pobranego świadczenia w wypadku uzyskania przychodu przekraczającego dopuszczalną granicę. Ubezpieczony powinien był zrezygnować z dodatkowego ubezpieczenia grupowego, a także szczepienia przeciw grypie, aby nie przekroczyć kwoty wynagrodzenia skutkującej zawieszeniem wypłaty renty socjalnej.</xText>
          <xText>Sąd Okręgowy zauważył także, iż zgodnie z art. 138 ust. 1 pkt 1 ustawy o emeryturach i rentach z FUS, osobę, która nienależnie pobrała świadczenia obciąża bezwzględny obowiązek ich zwrotu, jeżeli była pouczona o braku prawa do ich pobierania, co ma miejsce w niniejszej sprawie. Akcentowanie elementu świadomości, premedytacji, złej wiary czy winy przy pobraniu świadczenia, które nie przysługiwało (lub przysługiwało w mniejszej wysokości) nie jest słuszne. Okoliczność, czy ubezpieczony miał świadomość, że pobiera nienależne świadczenie, czy też, że nastąpiło to nie z jego winy, w ocenie Sądu I instancji, nie ma znaczenia w kontekście przepisu art. 138 ust. 2 pkt 1, który statuuje bezwzględny obowiązek jego zwrotu.</xText>
          <xText>W konkluzji, w związku z brakiem podstaw do uwzględnienie odwołania, Sąd Okręgowy na mocy <xLexLink xArt="art. 477(14);art. 477(14) § 1" xIsapId="WDU19640430296" xTitle="Ustawa z dnia 17 listopada 1964 r. - Kodeks postępowania cywilnego" xAddress="Dz. U. z 1964 r. Nr 43, poz. 296">art. 477<xSUPx>14</xSUPx> § 1 k.p.c.</xLexLink> oddalił odwołanie .</xText>
          <xText>Apelację od powyższego wyroku wywiódł wnioskodawca, podnosząc, że Sąd nie rozpatrzył obu połączonych spraw, oraz że ubezpieczenie grupowe finansowane przez pracodawcę nie może być zaliczane do faktycznie osiąganych dochodów. Skarżący podniósł, iż przepisy dotyczące prawa do pobierania renty socjalnej są restrykcyjne i powodują nierówne traktowanie świadczeniobiorców Funduszu Ubezpieczeń Społecznych, uderzają przede wszystkim w grupę osób najsłabszych pod względem materialnym, gdyż renta socjalna jest świadczeniem najniższym, wypłacanym z FUS. Wskazał także, iż takie traktowanie narusza <xLexLink xArt="art. 69" xIsapId="WDU19970780483" xTitle="Konstytucja Rzeczypospolitej Polskiej z dnia 2 kwietnia 1997 r." xAddress="Dz. U. z 1997 r. Nr 78, poz. 483">art. 69 Konstytucji</xLexLink>.</xText>
          
          <xText xALIGNx="center">
            <xBx>Sąd Apelacyjny zważył, co na stępuje:</xBx>
          </xText>
          
          <xText>Apelacja wnioskodawcy okazała się zasadna.</xText>
          <xText>Sąd Apelacyjny na podstawie <xLexLink xArt="art. 386;art. 386 § 4" xIsapId="WDU19640430296" xTitle="Ustawa z dnia 17 listopada 1964 r. - Kodeks postępowania cywilnego" xAddress="Dz. U. z 1964 r. Nr 43, poz. 296">art. 386 § 4 k.p.c.</xLexLink> uchylił zaskarżony wyrok i przekazał sprawę do ponownego rozpoznania Sądowi Okręgowemu z uwagi na nierozpoznanie istoty sprawy.</xText>
          <xText>Wskazać na wstępie trzeba, iż zarządzeniem z dnia 7 września 2011 r. Sąd Okręgowy połączył sprawy dotyczące odwołań od decyzji z dnia 5 kwietnia 2011 r. oraz 19 maja 2011 r.</xText>
          <xText>Pomimo jednak połączenia obu spraw, Sąd I instancji rozstrzygając niniejszą sprawę orzekał jedynie w przedmiocie decyzji z dnia 5 kwietnia 2011 r., całkowicie pomijając okoliczność, że winien także rozpoznać odwołanie od drugiej decyzji. Wobec powyższego, stwierdzić należy, że Sąd I instancji nie rozpoznał istoty sprawy.</xText>
          <xText>Podkreślić należy, iż podstawowym zadaniem Sądu rozpoznającego sprawę jest ustalenie kwestii spornych pomiędzy stronami, a następnie ich rozstrzygnięcie. Zgodnie z powszechnym stanowiskiem w doktrynie i orzecznictwie, pojęcie "nierozpoznania istoty sprawy", o którym jest mowa w <xLexLink xArt="art. 386;art. 386 § 4" xIsapId="WDU19640430296" xTitle="Ustawa z dnia 17 listopada 1964 r. - Kodeks postępowania cywilnego" xAddress="Dz. U. z 1964 r. Nr 43, poz. 296">art. 386 § 4 k.p.c.</xLexLink> dotyczy jej aspektu materialnoprawnego i zachodzi w sytuacji, gdy sąd nie zbadał podstawy materialnoprawnej dochodzonych roszczeń, jak też skierowanych przeciwko nim zarzutów merytorycznych, tj. nie odniósł się do tego co jest przedmiotem sprawy uznając, że nie jest to konieczne z uwagi na istnienie przesłanek materialnoprawnych, czy procesowych unicestwiających dochodzone roszczenie (zob. Wyrok Sądu Najwyższego z dnia 26 stycznia 2011 r., IV CSK 299/10, Lex nr 784969).</xText>
          <xText>Przenosząc powyższe rozważania do realiów niniejszej sprawy, wskazać należy, iż skoro decyzja z dnia 19 maja 2011 r. dotyczyła zwrotu świadczenia za zupełnie inny okres niż decyzja z dnia 5 kwietnia 2011 r., to Sąd I instancji, nie odnosząc się w żaden sposób do jednej z tych decyzji i nie czyniąc żadnych ustaleń w jej przedmiocie, nie pochylił się w ogóle nad materialnoprawną i faktyczną podstawą istotnej części roszczenia, a tym samym nie rozpoznał istoty sprawy.</xText>
          <xText>Mając na uwadze powyższe, Sąd Apelacyjny na podstawie <xLexLink xArt="art. 386;art. 386 § 4" xIsapId="WDU19640430296" xTitle="Ustawa z dnia 17 listopada 1964 r. - Kodeks postępowania cywilnego" xAddress="Dz. U. z 1964 r. Nr 43, poz. 296">art. 386 § 4 k.p.c.</xLexLink> z uwagi na nierozpoznanie istoty sprawy uchylił zaskarżony wyrok i przekazał sprawę do ponownego rozpoznania Sądowi I instancji. Ponownie rozpoznając sprawę, Sąd Okręgowy powinien powtórnie przeprowadzić postępowanie dowodowe i wydać orzeczenie zgodnie z przepisami.</xText>
          <xText>Na marginesie Sąd Apelacyjny wskazuje, iż gdyby po ponownym rozpoznaniu sprawy odwołania wnioskodawczyni zostały prawomocnie oddalone, może ona z uwagi na trudną sytuację na podstawie <xLexLink xArt="art. 28;art. 28 ust. 1;art. 29;art. 29 ust. 1" xIsapId="WDU19981370887" xTitle="Ustawa z dnia 13 października 1998 r. o systemie ubezpieczeń społecznych" xAddress="Dz. U. z 1998 r. Nr 137, poz. 887">art. 28 ust. 1 oraz art. 29 ust. 1 ustawy z dnia 13 października 1998 r. o systemie ubezpieczeń społecznych</xLexLink> zwrócić się do organu rentowego o umorzenie lub rozłożenie należności na raty.</xText>
          
          <xText>SSA Bożena Grubba  SSA Barbara Mazur SSA Maria Sałańska-Szumakowicz</xText>
        </xUnit>
      </xBlock>
    </xPart>
  </judgement>
<judgement id="153500000000503_I_ACa_000890_2012_Uz_2012-11-28_001">
    <xPart xEditorFullName="Ewa Gadomska" xYear="2012" xLang="PL" xPublisherFullName="Danuta Wągrowska" xFromPg="1" xEditor="egadomska" xVolType="15/350000/0000503/ACa" xPublisher="dwagrowska" xDocType="Uz" xVolNmbr="000890" xVersion="1.0" xToPage="1" xFlag="published">
      <xName>Wyrok+Uzasadnienie</xName>
      <xBlock>
        <xText>Sygn. akt I A Ca 890/12</xText>
        <xText>I A Cz 1605/12</xText>
        
        <xUnit xIsTitle="true" xBold="true" xType="part">
          <xName>WYROK</xName>
          <xTitle>W IMIENIU RZECZYPOSPOLITEJ POLSKIEJ</xTitle>
          <xText xALIGNx="right">Dnia 28 listopada 2012 r.</xText>
          
          <xText><xBx>Sąd Apelacyjny w Poznaniu, I Wydział Cywilny</xBx> w składzie:</xText>
          
          <xRows>
            <xCOLGROUPx>
              <xCOLx xWIDTHx="219"/>
              <xCOLx xWIDTHx="398"/>
            </xCOLGROUPx>
            <xRow>
              <xClmn xALIGNx="left" xVALIGNx="middle">
                <xText xALIGNx="right">Przewodniczący:</xText>
              </xClmn>
              <xClmn xALIGNx="left" xVALIGNx="middle">
                <xText>SSA Marek Górecki /spr./</xText>
              </xClmn>
            </xRow>
            <xRow>
              <xClmn xALIGNx="left" xVALIGNx="top">
                <xText xALIGNx="right">Sędziowie:</xText>
              </xClmn>
              <xClmn xALIGNx="left" xVALIGNx="middle">
                <xText>SA Mariola Głowacka</xText>
                <xText>SA Bogdan Wysocki</xText>
              </xClmn>
            </xRow>
            <xRow>
              <xClmn xALIGNx="left" xVALIGNx="middle">
                <xText xALIGNx="right">Protokolant:</xText>
              </xClmn>
              <xClmn xALIGNx="left" xVALIGNx="middle">
                <xText>st. sekr. sądowy Monika Ćwirko</xText>
              </xClmn>
            </xRow>
          </xRows>
          
          <xText>po rozpoznaniu w dniu 21 listopada 2012 r. w Poznaniu</xText>
          <xText>na rozprawie</xText>
          <xText>sprawy z powództwa małoletnich <xBx><xAnon>M.</xAnon><xAnon>Z.</xAnon> i <xAnon>M. Z. (1)</xAnon> reprezentowanych przez matkę <xAnon>A. Z.</xAnon> i <xAnon>A. Z.</xAnon></xBx></xText>
          <xText>przeciwko <xBx><xAnon>W. Z.</xAnon></xBx></xText>
          <xText>o zapłatę</xText>
          <xText>na skutek apelacji pozwanego</xText>
          <xText>od wyroku Sądu Okręgowego w Poznaniu</xText>
          <xText>z dnia 15 marca 2012 r., sygn. akt XII C 2020/07</xText>
          <xText>oraz zażalenia powódek <xBx><xAnon>M.</xAnon><xAnon>Z.</xAnon> i <xAnon>M. Z. (1)</xAnon></xBx></xText>
          <xText>od rozstrzygnięcia o kosztach procesu</xText>
          <xText>zawartego w pkt. I 3 b) tegoż wyroku</xText>
          
          <xUnit xIsTitle="false" xType="none">
            <xName xSffx=".">I</xName>
            <xText>zmienia zaskarżony wyrok:</xText>
          </xUnit>
          <xText>a) w pkt. I 1 w ten sposób, że zasądza od pozwanego:</xText>
          <xUnit xIsTitle="false" xType="none">
            <xName xSffx=".">1</xName>
            <xText>na rzecz powódki <xAnon>M.</xAnon><xAnon>Z.</xAnon> kwotę 445.987 zł (czterysta czterdzieści pięć tysięcy dziewięćset osiemdziesiąt siedem) z ustawowymi odsetkami od dnia 5 stycznia 2011 r. do dnia zapłaty, oddalając powództwo o zapłatę kwoty 200.000 zł wraz z ustawowymi odsetkami,</xText>
          </xUnit>
          <xUnit xIsTitle="false" xType="none">
            <xName xSffx=".">2</xName>
            <xText>na rzecz powódki <xAnon>M. Z. (1)</xAnon> kwotę 445.987 zł (czterysta czterdzieści pięć tysięcy dziewięćset osiemdziesiąt siedem) z ustawowymi odsetkami od dnia 5 stycznia 2011 r. do dnia zapłaty, oddalając powództwo o zapłatę kwoty 200.000 zł wraz z ustawowymi odsetkami,</xText>
          </xUnit>
          <xText>b) w pkt. 4 i 5 w ten sposób, że uchyla nadanie rygoru natychmiastowej</xText>
          <xText>wykonalności w pkt. 1a i 1b, co do kwot po 192.846,18 zł,</xText>
          <xText>II. w pozostałej części apelację oddala,</xText>
          <xUnit xIsTitle="false" xType="none">
            <xName xSffx=".">III</xName>
            <xText>oddala zażalenie powódek <xAnon>M.</xAnon><xAnon>Z.</xAnon> i <xAnon>M. Z. (1)</xAnon>,</xText>
          </xUnit>
          <xUnit xIsTitle="false" xType="none">
            <xName xSffx=".">IV</xName>
            <xText>kosztami postępowania apelacyjnego pomiędzy powódką <xAnon>A. Z.</xAnon>,</xText>
          </xUnit>
          <xText>a pozwanym obciąża w całości pozwanego i na tej podstawie zasądza od</xText>
          <xText>pozwanego na rzecz powódki <xAnon>A. Z.</xAnon> kwotę 5.400 zł,</xText>
          <xUnit xIsTitle="false" xType="none">
            <xName xSffx=".">V</xName>
            <xText>koszty postępowania apelacyjnego pomiędzy powódkami <xAnon>M.</xAnon><xAnon>Z.</xAnon>, <xAnon>M. Z. (1)</xAnon>, a pozwanym rozdziela stosunkowo między stronami i na tej podstawie zasądza od powódek <xAnon>M.</xAnon><xAnon>Z.</xAnon> i <xAnon>M. Z. (1)</xAnon> na rzecz pozwanego kwoty po 8.610 zł:</xText>
          </xUnit>
          
          <xText>
    Mariola Głowacka Marek Górecki Bogdan Wysocki
  </xText>
        </xUnit>
        <xUnit xIsTitle="true" xBold="true" xType="part">
          <xName>UZASADNIENIE</xName>
          <xText>W dniu 31 października 2007 r. w sprawie XII C 2020/07 małoletnie <xAnon>M.</xAnon> i <xAnon>M. Z. (1)</xAnon>, reprezentowane przez matkę <xAnon>A. Z.</xAnon>, wniosły pozew przeciwko <xAnon>W. Z.</xAnon>, domagając się zasądzenia od pozwanego na rzecz każdej z nich kwoty 852.044 zł wraz z odsetkami ustawowymi od dnia wniesienia pozwu do dnia zapłaty, tytułem zachowku.</xText>
          <xText>W dniu 31 lipca 2008 r. w sprawie XII C 1677/08 <xAnon>A. Z.</xAnon> wniosła pozew przeciwko <xAnon>W. Z.</xAnon>, domagając się zasądzenia od pozwanego na jej rzecz kwoty 484.490 zł wraz z odsetkami ustawowymi od dnia wniesienia pozwu do dnia zapłaty oraz kosztów postępowania według norm przepisanych – tytułem zachowku.</xText>
          <xText>W piśmie z dnia 1 sierpnia 2008 r. małoletnie powódki <xAnon>M.</xAnon> i <xAnon>M. Z. (1)</xAnon> ostatecznie sprecyzowały powództwo i wniosły o zasądzenie od pozwanego po 645.987 zł na rzecz każdej z nich z odsetkami ustawowymi od daty wniesienia pozwu.</xText>
          <xText>Zarządzeniem Przewodniczącego z dnia 15 października 2008 r. połączono sprawy o sygn. XII C 1677/08 i XII C 2020/07 w celu ich łącznego rozpoznania.</xText>
          <xText>W piśmie z dnia 15 grudnia 2008 r. pozwany uznał powództwo w stosunku do małoletnich powódek do kwot po 192.846,18 zł na rzecz każdej z nich.</xText>
          <xText>Zaskarżonym wyrokiem z dnia 15 marca 2012 roku Sąd Okręgowy w Poznaniu zasądził od pozwanego na rzecz powódek: <xAnon>M.</xAnon><xAnon>Z.</xAnon> i <xAnon>M. Z. (1)</xAnon> kwoty po 645.987 zł z ustawowymi odsetkami od dnia 5 stycznia 2011 roku, oddalając powództwo w pozostałym zakresie. Kosztami procesu obciążył pozwanego w 80% a powódki w 20% i z tego tytułu zasądził od pozwanego na rzecz powódek kwotę 8.411,80 zł i nakazał ściągnąć z zasądzonego roszczenia od małoletnich powódek na rzecz Skarbu Państwa (Sądu Okręgowego w Poznaniu) kwoty po 8.320 zł. Nadto nakazał ściągnąć od pozwanego kwoty: 68.160 zł i 2.9566,44 zł oraz 80 zł tytułem nieuiszczonych kosztów sądowych oraz od powódek kwoty po 10 zł. Natomiast na rzecz powódki <xAnon>A. Z.</xAnon> zasądził od pozwanego kwotę 484.490 zł z ustawowymi odsetkami od dnia 10 stycznia 2012 r., oddalając powództwo w pozostałym zakresie i obciążając pozwanego w całości kosztami procesu.</xText>
          <xText>Podstawę takiego rozstrzygnięcia stanowiły następujące ustalenia i rozważania.</xText>
          <xText><xAnon>M. Z. (2)</xAnon> był mężem powódki <xAnon>A. Z.</xAnon>, ojcem powódek <xAnon>M.</xAnon> i <xAnon>M. Z. (1)</xAnon> i bratem pozwanego <xAnon>W. Z.</xAnon>. <xAnon>A. Z.</xAnon> i <xAnon>M. Z. (2)</xAnon> zawarli związek małżeński w dniu 13 kwietnia 1996 r. Małoletnie <xAnon>M.</xAnon> i <xAnon>M. Z. (1)</xAnon> urodziły się w dniu 22 maja 1997 r.</xText>
          <xText><xAnon>M. Z. (2)</xAnon> zmarł 9 marca 2006 r., pozostawiając ważny testament, w którym do całości spadku powołał brata <xAnon>W. Z.</xAnon>. Pozwany nabył spadek po zmarłym w całości.</xText>
          <xText>Spadkodawca sporządził przed śmiercią pismo w sprawie wydziedziczenia żony <xAnon>A. Z.</xAnon>, w którym oświadcza, że pozbawia ją prawa do zachowku z powodu jej wyprowadzenia się wraz z dziećmi ze wspólnego domu i wniesienia powództwa o rozwód.</xText>
          <xText>Wydziedziczenie, którego dokonał spadkodawca jest nieskuteczne.</xText>
          <xText>
            <xBx>Elementami masy spadkowej są:</xBx>
          </xText>
          <xUnit xIsTitle="false" xType="none">
            <xName xSffx=")">1</xName>
            <xText>
              <xUx><xBx>nieruchomości </xBx>o łącznej wartości 4.273.985 zł. </xUx>
            </xText>
          </xUnit>
          <xUnit xIsTitle="false" xType="none">
            <xName xSffx=")">a</xName>
            <xText>zabudowana <xAnon>działka (...)</xAnon> położona w <xAnon>P.</xAnon> przy <xAnon>ul. (...)</xAnon> o wartości <xBx>377.162 zł</xBx></xText>
          </xUnit>
          <xUnit xIsTitle="false" xType="none">
            <xName xSffx=")">b</xName>
            <xText>niezabudowana <xAnon>działka (...)</xAnon><xBx/>położona w <xAnon>P.</xAnon> przy uli. <xAnon>K.</xAnon> 27 o wartości <xBx>164.668 zł </xBx></xText>
          </xUnit>
          <xUnit xIsTitle="false" xType="none">
            <xName xSffx=")">c</xName>
            <xText>niezabudowane <xAnon>działki nr (...)</xAnon><xBx/> położone w <xAnon>P.</xAnon> przy <xAnon>ul. (...)</xAnon> o wartości odpowiednio <xBx>97.130 zł, 82.872 zł, 126.358 zł </xBx></xText>
          </xUnit>
          <xUnit xIsTitle="false" xType="none">
            <xName xSffx=")">d</xName>
            <xText>niezabudowana <xAnon>działka nr (...)</xAnon><xBx/>położona w <xAnon>P.</xAnon> przy <xAnon>ul. (...)</xAnon> o wartości <xBx>2.194.996 zł</xBx></xText>
          </xUnit>
          <xUnit xIsTitle="false" xType="none">
            <xName xSffx=")">e</xName>
            <xText>niezabudowana <xAnon>działka nr (...)</xAnon><xBx/>położona w <xAnon>P.</xAnon> przy <xAnon>ul. (...)</xAnon></xText>
          </xUnit>
          <xText>
            <xBx>692.569 zł </xBx>
          </xText>
          <xText>f) zabudowana <xAnon>działka nr (...)</xAnon><xBx/>położona w <xAnon>P.</xAnon> przy <xAnon>ul. (...)</xAnon></xText>
          <xText>
            <xBx> 329.908 zł</xBx>
          </xText>
          <xText>g) nakłady na <xAnon>działce nr (...)</xAnon><xBx/>położonej w <xAnon>P.</xAnon> przy <xAnon>ul. (...)</xAnon></xText>
          <xText>
            <xBx>208.322 zł </xBx>
          </xText>
          
          <xUnit xIsTitle="false" xType="none">
            <xName xSffx=")">2</xName>
            <xText><xBx><xUx>nadpłata podatku </xUx></xBx><xUx>z Urzędu Skarbowego </xUx> w kwocie <xBx>10.311,70 zł, </xBx>otrzymana przez <xAnon>W. Z.</xAnon></xText>
          </xUnit>
          <xUnit xIsTitle="false" xType="none">
            <xName xSffx=")">3</xName>
            <xText><xUx>środki na </xUx><xBx><xUx>rachunku bankowym </xUx></xBx><xUx>w <xAnon> banku (...)</xAnon></xUx>w kwocie <xBx>41.120,56 zł </xBx>podjęte przez <xAnon>W. Z.</xAnon></xText>
          </xUnit>
          <xUnit xIsTitle="false" xType="none">
            <xName xSffx=")">4</xName>
            <xText><xUx>środki na </xUx><xBx><xUx>rachunku bankowym </xUx></xBx><xUx>w <xAnon>P.</xAnon> – <xAnon>G.</xAnon> Banku Spółdzielczym w <xAnon>P.</xAnon></xUx>w kwocie <xBx>2,76 zł </xBx>podjęte przez <xAnon>W. Z.</xAnon></xText>
          </xUnit>
          <xUnit xIsTitle="false" xType="none">
            <xName xSffx=")">5</xName>
            <xText><xBx><xUx>wierzytelności </xUx></xBx><xUx>od <xAnon> firmy (...)</xAnon> w kwocie </xUx><xBx><xUx>401.122,60 zł </xUx></xBx>otrzymane przez <xAnon>W. Z.</xAnon></xText>
          </xUnit>
          <xUnit xIsTitle="false" xType="none">
            <xName xSffx=")">6</xName>
            <xText><xUx>udział w wysokości1/2 we współwłasności </xUx><xBx><xUx>samochodu</xUx></xBx><xUx><xAnon>F. (...)</xAnon></xUx>o wartości <xBx>18.000zł.</xBx></xText>
          </xUnit>
          <xText>Masa spadkowa jest obciążona następującymi pasywami:</xText>
          <xUnit xIsTitle="false" xType="none">
            <xName xSffx=")">1</xName>
            <xText>wierzytelność pozwanego z tytułu zapłaty wynagrodzenia za prace projektowe wynikające z umowy o wykonanie dzieła architektonicznego w kwocie <xBx>109.000 zł</xBx></xText>
          </xUnit>
          <xUnit xIsTitle="false" xType="none">
            <xName xSffx=")">2</xName>
            <xText>zobowiązanie zmarłego wobec pozwanego w kwocie <xBx>180.000 zł</xBx></xText>
          </xUnit>
          <xUnit xIsTitle="false" xType="none">
            <xName xSffx=")">3</xName>
            <xText>zapłacony przez pozwanego podatek od spadku w kwocie <xBx>52.603 zł </xBx></xText>
          </xUnit>
          <xUnit xIsTitle="false" xType="none">
            <xName xSffx=")">4</xName>
            <xText>zachowek dla <xAnon>R. Z.</xAnon> po zmarłym ojcu w kwocie <xBx>97.600 zł </xBx></xText>
          </xUnit>
          <xUnit xIsTitle="false" xType="none">
            <xName xSffx=")">5</xName>
            <xText>koszty zastępstwa procesowego związane z odwołaniem darowizny w kwocie <xBx>4.800 zł </xBx>( 1.200 zł + 3.600 zł)</xText>
          </xUnit>
          <xText>Spadkodawca uczynił w dniu 17 maja 1996 r. na rzecz pozwanego darowiznę nieruchomości stanowiącą <xAnon>działkę nr (...)</xAnon> na łączną kwotę <xBx>126.358 zł. </xBx>Nastąpiło to przed urodzeniem córek <xAnon>M. Z. (2)</xAnon> (22 maja 1997 r.).</xText>
          <xText>W dniu 16 kwietnia 2004 r. spadkodawca darował pozwanemu nieruchomość stanowiącą <xAnon>działkę nr (...)</xAnon> oraz udział wynoszący 1/31 część w prawie własności <xAnon>działki nr (...)</xAnon> o wartości <xBx>329.908 zł.</xBx></xText>
          <xText>W tym samym dniu darował on <xAnon>A. Z.</xAnon> nieruchomość stanowiącą <xAnon>działkę (...)</xAnon> oraz udział w 1/31 części w prawie własności <xAnon>działki nr (...)</xAnon> o wartości <xBx>33.937 zł.</xBx></xText>
          <xText><xAnon>M. Z. (2)</xAnon> był ubezpieczony w funduszu emerytalnym <xAnon> (...)</xAnon><xAnon>U.</xAnon>. Po śmierci spadkodawcy małoletnie powódki otrzymały znajdujące się na rachunku otwartego funduszu środki w kwocie <xBx>31.880,80 zł </xBx>– każda z nich otrzymała 15.940,40 zł.</xText>
          <xText><xUx>Wartość masy spadkowej dla obliczenia zachowku dla <xAnon>A. Z.</xAnon> wynosi 4.300.539,62, natomiast wartość masy spadkowej dla obliczenia zachowku na rzecz małoletnich <xAnon>M.</xAnon> i <xAnon>M.</xAnon><xAnon>Z.</xAnon> wynosi 4.174.181,62 zł. </xUx> Rozbieżność ta wynika z faktu, iż dla potrzeb obliczenia zachowku należnego córkom spadkodawcy, do masy spadkowej nie dolicza się wartości darowizn dokonanych przez spadkodawcę przed urodzeniem się jego zstępnych.</xText>
          <xText>Ustalając wartość nieruchomości spadkowych Sąd Okręgowy wziął pod uwagę stan masy spadkowej z momentu otwarcia spadku a tylko ceny z chwili orzekania. Oparł się w tej mierze na opinii biegłej <xAnon>Ł.</xAnon><xAnon>M.</xAnon>, która brała pod uwagę stan i przeznaczenie nieruchomości z chwili spadku, która to chwila jest miarodajna dla ustalenia wartości masy spadkowej. Niczym nieuzasadnione byłoby, żeby w wyniku przez to, że wartość spadku zmienia się z upływem lat, ryzyko zmiany stanu prawnego nie może obciążać uprawnioną do zachowku.</xText>
          <xText>W tak ustalonym stanie faktycznym Sąd Okręgowy zważył, że zgodnie z <xLexLink xArt="art. 991;art. 991 § 1" xIsapId="WDU19640160093" xTitle="Ustawa z dnia 23 kwietnia 1964 r. - Kodeks cywilny" xAddress="Dz. U. z 1964 r. Nr 16, poz. 93">art. 991 § 1 kc</xLexLink> zstępnym, małżonkowi oraz rodzicom spadkodawcy, którzy byliby powołani do spadku z ustawy, należą się, jeżeli uprawniony jest trwale niezdolny do pracy albo jeżeli zstępny uprawniony jest małoletni – 2/3 wartości udziału spadkowego, który by mu przypadał przy dziedziczeniu ustawowym, w innych zaś wypadkach – połowa wartości tego udziału (zachowek).</xText>
          <xText>Powódki <xAnon>M.</xAnon> i <xAnon>M. Z. (3)</xAnon> są córkami <xAnon>M. Z. (2)</xAnon>, a <xAnon>A. Z.</xAnon> – jego żoną, zatem należą do kręgu spadkobierców ustawowych. Postanowieniem Sądu o stwierdzeniu nabycia spadku, spadek po zmarłym na podstawie testamentu nabył w całości <xAnon>W. Z.</xAnon>.</xText>
          <xText>Małoletniość osoby uprawnionej do zachowku ustala się na moment otwarcia spadku, ponieważ zatem w chwili śmierci spadkodawcy powódki <xAnon>M.</xAnon> i <xAnon>M. Z. (3)</xAnon> były małoletnie, przysługuje każdej z nich udział w wysokości 2/3 tego, co by dziedziczyły z ustawy.</xText>
          <xText>Wartość aktywów wchodzących w skład spadku ustalona przez Sąd wyniosła <xBx>4.744.542,62 zł.</xBx></xText>
          <xText>Na podstawie <xLexLink xArt="art. 922;art. 922 § 1" xIsapId="WDU19640160093" xTitle="Ustawa z dnia 23 kwietnia 1964 r. - Kodeks cywilny" xAddress="Dz. U. z 1964 r. Nr 16, poz. 93">art. 922 § 1 kc</xLexLink> obowiązki majątkowe zmarłego przechodzą na spadkobierców, obciążając aktywa tworzące spadek.</xText>
          <xText>Wartość obciążających masę spadkową pasywów wynosi <xBx>444.003 zł. </xBx></xText>
          <xText>Wartość masy spadkowej będąca podstawą obliczenia należnego zachowku wynosi 4.300.539,62 zł (4.744.542,62 zł – 444.003 zł = 4.300.539,62 zł), przy czym doznaje pewnych aberracji w odniesieniu do powódek, a to w związku z darowizną uczynioną przed ich urodzeniem, o czym niżej.</xText>
          
          <xText><xLexLink xArt="art. 993" xIsapId="WDU19640160093" xTitle="Ustawa z dnia 23 kwietnia 1964 r. - Kodeks cywilny" xAddress="Dz. U. z 1964 r. Nr 16, poz. 93">Art. 993 kc</xLexLink> stanowi, że przy obliczaniu zachowku dolicza się do spadku darowizny uczynione przez spadkodawcę. Zgodnie jednak z <xLexLink xArt="art. 994;art. 994 § 2" xIsapId="WDU19640160093" xTitle="Ustawa z dnia 23 kwietnia 1964 r. - Kodeks cywilny" xAddress="Dz. U. z 1964 r. Nr 16, poz. 93">art. 994 par. 2 kc</xLexLink> przy obliczaniu zachowku należnego zstępnemu nie dolicza się do spadku darowizn uczynionych przez spadkodawcę w czasie, kiedy nie miał zstępnych.</xText>
          <xText>Darowizny uczynione na rzecz spadkobierców oraz osób uprawnionych do zachowku są doliczane do spadku bez względu na czas ich dokonania .</xText>
          <xText>W związku z treścią powyżej wskazanego przepisu, od kwoty 4.300.539,62zł należy odjąć wartość darowizny uczynionej przez zmarłego na rzecz pozwanego 17 maja 1996r. (126.358 zł). Córki spadkodawcy urodziły się bowiem w dniu 22 maja 1997r. Z tego powodu, dla celów obliczenia wartości zachowku na ich rzecz - wartość masy spadkowej wynosi 4.174.181,62zł (4.300.539,62zł - 126.358zł). Małoletnie dziedziczyłyby każda po 1/3 wartości spadku, czyli po 1.391.393, zł (4.174,62zł x 1/3), gdyby dziedziczyły z ustawy.</xText>
          
          <xText>Zgodnie z przepisami o zachowku, jeżeli zstępny uprawniony do zachowku jest małoletni - należy mu się 2/3 wartości udziału spadkowego, który by mu przypadał przy dziedziczeniu ustawowym. Powódki w chwili otwarcia spadku były małoletnie. Dwie trzecie kwoty 1.391.393zł wynosi 927.595,86zł. Kwotę tę należy pomniejszyć o wypłacone powódkom świadczenie z tytułu polis <xAnon> (...)</xAnon><xAnon>U.</xAnon> po 15.940,40zł (927.595,86zł-15.940,40zł =911.655,46zł).</xText>
          <xText>Mając na uwadze powyższe wywody i obliczenia Sąd ustalił, że wartość należnego każdej z małoletnich powódek zachowku zgodnie z przepisami <xLexLink xArt="" xIsapId="WDU19460600328" xTitle="Dekret z dnia 8 października 1946 r. - Prawo spadkowe" xAddress="Dz. U. z 1946 r. Nr 60, poz. 328">prawa spadkowego</xLexLink> wynosi 911.655,46zł. Biorąc jednak pod uwagę treść <xLexLink xArt="art. 321" xIsapId="WDU19640430296" xTitle="Ustawa z dnia 17 listopada 1964 r. - Kodeks postępowania cywilnego" xAddress="Dz. U. z 1964 r. Nr 43, poz. 296">art. 321 kpc</xLexLink> i fakt, że powódki domagały się zasądzenia kwot 645.987zł na rzecz każdej z nich, Sąd uwzględnił w całości ich żądanie.</xText>
          <xText>W związku z powyższym i zgodnie z ustaloną wartością spadku, Sąd w pkt. 1 wyroku zasądził od pozwanego na rzecz <xAnon>M.</xAnon><xAnon>Z.</xAnon> kwotę 645.987zł i na rzecz <xAnon>M. Z. (1)</xAnon> kwotę 645.987zł. Jeżeli chodzi o odsetki, to roszczenie o zachowek stało się wymagalne z chwilą, kiedy pozwany dowiedział się o sprecyzowanej kwotowo wartości masy spadkowej, od której naliczana zostaje wartość należnego zachowek, która została ustalona przez biegłą w opinii. W związku z powyższym, Sąd zasądził odsetki ustawowe od dnia 5 stycznia 2011r. tj. dnia następującego po dniu doręczenia pozwanemu opinii biegłej. W pozostałym zakresie tj. co do odsetek, powództwo w sprawie XII C 2020/07 zostało oddalone w pkt. 2.</xText>
          <xText>W pkt 4 i 5 wyroku w sprawie XII C 2020/07 Sąd nadał zgodnie z <xLexLink xArt="art. 333;art. 333 § 1;art. 333 § 1 pkt. 2" xIsapId="WDU19640430296" xTitle="Ustawa z dnia 17 listopada 1964 r. - Kodeks postępowania cywilnego" xAddress="Dz. U. z 1964 r. Nr 43, poz. 296">art. 333 par. 1 pkt 2 kpc</xLexLink> rygor natychmiastowej wykonalności co do kwoty 192.846,18zł zasądzonej na rzecz każdej z małoletnich powódek, gdyż pozwany uznał powództwo co do tych kwot.</xText>
          <xText>Przechodząc do żądania <xAnon>A. Z.</xAnon> zasądzenia na jej rzecz należnego zachowku w sprawie XII C 1677/08. Sąd Okręgowy uznał, że wydziedziczenie dokonane przez spadkodawcę było nieskuteczne i powódce <xAnon>A. Z.</xAnon> przysługuje zachowek obliczony według przepisów <xLexLink xArt="" xIsapId="WDU19460600328" xTitle="Dekret z dnia 8 października 1946 r. - Prawo spadkowe" xAddress="Dz. U. z 1946 r. Nr 60, poz. 328">prawa spadkowego</xLexLink>.</xText>
          <xText><xAnon>A. Z.</xAnon> dziedziczyłaby po zmarłym mężu z ustawy 1 /3 wartości spadku (każda z powódek po 1/3 wartości spadku). Jak już wskazano wyżej wartość masy spadkowej będąca podstawą obliczenia należnego zachowku wynosi 4.300.539,62zł (4.744.542,62zł-444.003zł=4.300.539,62zł). 1/3 tej kwoty wynosi 1.433.513,20. Należny powódce zachowek wynosi 1/2 tego, co dziedziczyłaby na podstawie ustawy, a zatem 716.756,60zł (1.433.513,20zł x 1/2).</xText>
          <xText>Biorąc pod uwagę treść <xLexLink xArt="art. 933" xIsapId="WDU19640160093" xTitle="Ustawa z dnia 23 kwietnia 1964 r. - Kodeks cywilny" xAddress="Dz. U. z 1964 r. Nr 16, poz. 93">art. 933 kc</xLexLink>, do spadku należy doliczyć darowizny uczynione przez spadkodawcę. W kwocie 4.300.539,62zł mieści się zatem wartość darowizny uczynionej przez zmarłego na rzecz pozwanego w 1996r. (126.358zł). Spadkodawca uczynił również darowiznę na rzecz żony <xAnon>A. Z.</xAnon>, od wartości spadku należy odjąć wobec tego również wartość tej darowizny w kwocie 33.937zł. Wartość należnego powódce zachowku wynosi zatem 682.819,60zł. Biorąc jednak pod uwagę treść <xLexLink xArt="art. 321" xIsapId="WDU19640430296" xTitle="Ustawa z dnia 17 listopada 1964 r. - Kodeks postępowania cywilnego" xAddress="Dz. U. z 1964 r. Nr 43, poz. 296">art. 321 kpc</xLexLink> i fakt, że powódka żądała zasądzenia na jej rzecz kwoty 484.490zł, Sąd uwzględnił jej żądanie w całości.</xText>
          <xText>W związku z powyższym i zgodnie z ustaloną wartością spadku, Sąd w pkt 1 wyroku w sprawie XII C 1677/08 zasądził od pozwanego na rzecz <xAnon>A. Z.</xAnon> kwotę 484.490zł z odsetkami ustawowymi od dnia 10 stycznia 2012r. do dnia zapłaty, oddalając powództwo w pozostałym zakresie. Odnośnie daty początkowej odsetek, to należą się one od dnia następującego po dniu doręczenia pozwanemu opinii biegłego w zakresie szacowania nieruchomości, która była przedmiotem darowizny na rzecz powódki. Roszczenie o zachowek stało się wymagalne z chwilą, kiedy została sprecyzowana wartość masy spadkowej, od której została następnie naliczona wartość należnego powódce zachowku. W pozostałym zakresie powództwo w sprawie XII C 1677/08 zostało oddalone w pkt. 2.</xText>
          <xText>O kosztach procesu Sąd orzekł osobno w zakresie żądania <xAnon>M.</xAnon> i <xAnon>M. Z. (1)</xAnon> i osobno co do <xAnon>A. Z.</xAnon>, z uwagi na to, że małoletnie powódki wniosły oddzielny pozew, opłacając go w zakresie, w jakim nie korzystały ze zwolnienia od opłaty sądowej. Podobnie powódka <xAnon>A. Z.</xAnon> opłaciła złożony przez siebie pozew w odpowiednim zakresie.</xText>
          <xText>Kosztami procesu w sprawie XII C 2020/07 Sąd obciążył na podstawie <xLexLink xArt="art. 100" xIsapId="WDU19640430296" xTitle="Ustawa z dnia 17 listopada 1964 r. - Kodeks postępowania cywilnego" xAddress="Dz. U. z 1964 r. Nr 43, poz. 296">art. 100 kpc</xLexLink> pozwanego w 80% a powódki w 20%.</xText>
          <xText>W związku z powyższym Sąd zasądził od pozwanego na rzecz obu powódek kwotę 8.411,80zł. Z uwagi na to, że powódki były zwolnione od kosztów sądowych Sąd nakazał ściągnąć od nich na rzecz Skarbu Państwa - Sądu Okręgowego w Poznaniu - z zasądzonego roszczenia - po 8.320zł (8.520zł-200zł) tytułem przypadających na rzecz każdej z nich części opłaty od pozwu, nieobciążającej pozwanego. Wartość przedmiotu sporu wynosiła 1.704.000zł, a opłata od pozwu 42.600zł od każdej z powódek (1.704.000zł x 5% - 85.200zł /2 = 42.600zł). Część przypadająca na powódki wyniosła 8.520 zł (42.600zł x 20%) minus zapłacone przez powódki kwoty wpisu po 200 zł, czyli każda z powódek winna zapłacić po 8.320 zł wpisu (pkt 3 b) wyroku) . Część przypadająca na pozwanego wyniosła 68.160zł (85.200 zł x 80%) i tę Sad nakazał ściągnąć w pkt. 3 c) wyroku w sprawie XII C 2020/07. Sąd nakazał też ściągnąć od powódek z zasądzonego roszczenia po 10 zł tytułem przypadających na powódki części opłaty od wniosku o zabezpieczenie (pkt 3 e) wyroku).</xText>
          <xText>Rozliczywszy zaliczki na wydatki, uiszczone przez małoletnie powódki w łącznej kwocie 2.400 zł (k.524-525, 535-536) Sąd w pkt. 3d) nakazał ściągnąć od pozwanego na rzecz Skarbu Państwa – Sądu Okręgowego w Poznaniu kwotę 2.956,44 zł tytułem nieuiszczonych wydatków i kwotę 80 zł tytułem przypadającej na pozwanego części opłaty od wniosku o zabezpieczenie.</xText>
          <xText>Kosztami procesu w sprawie XII C 1677/08 Sąd obciążył pozwanego na podstawie <xLexLink xArt="art. 98" xIsapId="WDU19640430296" xTitle="Ustawa z dnia 17 listopada 1964 r. - Kodeks postępowania cywilnego" xAddress="Dz. U. z 1964 r. Nr 43, poz. 296">art. 98 kpc</xLexLink>. W związku z tym Sąd zasądził od pozwanego na rzecz <xAnon>A. Z.</xAnon> kwotę 8.127 zł (1.000 zł wpisu + 7.200 zł kosztów zastępstwa procesowego + 17 zł, opłaty skarbowej) oraz nakazał ściągnąć od pozwanego na rzecz Skarbu Państwa – Sądu Okręgowego w Poznaniu kwotę 23.225 zł (484.490 x 5% = 24.225 zł – 1.000 zł) tytułem przypadającej na pozwanego części wpisu od pozwu nie obciążającej powódki.</xText>
          <xText>Powyższy wyrok zaskarżył apelacją pozwany.</xText>
          <xText>Wyrok rozstrzygający o żądaniu małoletnich powódek zaskarżył w części uwzględniającej powództwo i rozstrzygającej o kosztach procesu oraz co do nadaniu rygoru natychmiastowej wykonalności.</xText>
          <xText>Natomiast wyrok rozstrzygający o żądaniu powódki <xAnon>A. Z.</xAnon> pozwany zaskarżył w części uwzględniającej powództwo oraz rozstrzygającej o kosztach procesu.</xText>
          <xText>Pozwany zarzucił:</xText>
          <xText>1)sprzeczność istotnych ustaleń faktycznych z treścią zebranego w sprawie materiału dowodowego polegającą na przyjęciu, że dowód z dokumentów zawnioskowanych w toku postępowania dowodowego nie ma wpływu na rozstrzygnięcie wartości masy spadkowej jako podstawy wyliczenia zachowku,</xText>
          <xText>2) sprzeczność istotnych ustaleń faktycznych z treścią zebranego w sprawie materiału dowodowego – polegającą na tym, że Sąd I instancji nie wziął pod uwagę wszelkich okoliczności wynikających z zebranego w sprawie materiału dowodowego celem prawidłowego ustalenia podstawy wyliczenia zachowku na podstawie wartości spadku ustalonego według cen z daty orzekania o zachowku,</xText>
          <xText>3) naruszenie prawa procesowego tj <xLexLink xArt="art. 217;art. 217 § 1" xIsapId="WDU19640430296" xTitle="Ustawa z dnia 17 listopada 1964 r. - Kodeks postępowania cywilnego" xAddress="Dz. U. z 1964 r. Nr 43, poz. 296">art. 217 § 1 kpc</xLexLink> i <xLexLink xArt="art. 227" xIsapId="WDU19640430296" xTitle="Ustawa z dnia 17 listopada 1964 r. - Kodeks postępowania cywilnego" xAddress="Dz. U. z 1964 r. Nr 43, poz. 296">227 kpc</xLexLink> poprzez nieprzeprowadzenie dowodu z opinii innego biegłego sądowego lub opinii uzupełniającej biegłego sądowego <xAnon>Ł.</xAnon><xAnon>M.</xAnon>,</xText>
          <xText>4) naruszenie prawa procesowego tj <xLexLink xArt="art. 316;art. 316 § 1" xIsapId="WDU19640430296" xTitle="Ustawa z dnia 17 listopada 1964 r. - Kodeks postępowania cywilnego" xAddress="Dz. U. z 1964 r. Nr 43, poz. 296">art. 316 § 1 kpc</xLexLink> polegające na nieuwzględnieniu przez Sąd I instancji przy obliczaniu wysokości zachowku faktu uiszczenia przez pozwanego na rzecz małoletnich powódek kwot po 200.000 zł i to w dniu 7.11.2010 r. pomimo, iż fakt ten był bezsporny w toku postępowania,</xText>
          <xText>5) naruszenie prawa procesowego tj. <xLexLink xArt="art. 286" xIsapId="WDU19640430296" xTitle="Ustawa z dnia 17 listopada 1964 r. - Kodeks postępowania cywilnego" xAddress="Dz. U. z 1964 r. Nr 43, poz. 296">art. 286 kpc</xLexLink> w zw. z <xLexLink xArt="art. 233;art. 233 § 1" xIsapId="WDU19640430296" xTitle="Ustawa z dnia 17 listopada 1964 r. - Kodeks postępowania cywilnego" xAddress="Dz. U. z 1964 r. Nr 43, poz. 296">art. 233 § 1 kpc</xLexLink> poprzez jego niezastosowanie.</xText>
          <xText>Wskazując na powyższe pozwany wniósł o uchylenie zaskarżonego wyroku i przekazanie sprawy sądowi I instancji do ponownego rozpoznania.</xText>
          <xText>Powódki wniosły o oddalenie apelacji i zasądzenie na ich rzecz kosztów postępowania apelacyjnego.</xText>
          <xText>Nadto małoletnie powódki: <xAnon>M. Z. (3)</xAnon> i <xAnon>M. Z. (1)</xAnon> złożyły zażalenia na rozstrzygnięcie o kosztach procesu zawarte w pkt. I 3 b wyroki nakazujące ściągnięcie od nich na rzecz Skarbu Państwa kwot po 8.320 zł tytułem części wpisu od pozwu.</xText>
          <xText>Małoletnie powódki wniosły o uchylenie zaskarżonego rozstrzygnięcia i obciążanie pozwanego kosztami postępowania w całości.</xText>
          <xText>
            <xBx> Sąd Apelacyjny zważył, co następuje:</xBx>
          </xText>
          <xText>Apelacja pozwanego jedynie w części zasługiwała na uwzględnienie.</xText>
          <xText>Generalnie, co do zasady rozstrzygnięcie Sądu I instancji o wysokości należnego zachowku jest prawidłowe, a zarzuty podważające wysokość należnego zachowku nie mogły odnieść zamierzonego rezultatu.</xText>
          <xText>Zarzuty pozwanego odnośnie sprzeczności ustaleń faktycznych z treścią zebranego w sprawie materiału dowodowego sprowadzają się w istocie do kwestionowania według jakiego stanu oceniać należy wartość nieruchomości wchodzących w skład masy spadkowej.</xText>
          <xText>Sąd I instancji kierując się opinią biegłej sądowej przyjął dla potrzeb obliczenia zachowku stan i przeznaczenie nieruchomości wchodzących w skład spadku, z momentu otwarcia spadku.</xText>
          <xText>Pozwany w apelacji kwestionuje to stanowisko argumentując, iż dla potrzeb obliczenia zachowku winno się brać pod uwagę aktualny stan i przeznaczenie nieruchomości, co w znaczny sposób wpłynęłoby na wartość nieruchomości.</xText>
          <xText>Ze stanowiskiem tym nie sposób się zgodzić. Niekwestionowane jest zarówno w doktrynie jak i w orzecznictwie, iż przy ustalaniu wartości spadku na potrzeby obliczania zachowku należy brać pod uwagę stan z chwili otwarcia spadku i ceny z daty ustalania zachowku.</xText>
          <xText>Oznacza to, iż obliczając wartość nieruchomości wchodzących w skład spadku należy brać pod uwagę stan nieruchomości i ich przeznaczenie w momencie otwarcia spadku.</xText>
          <xText>Nie ulega wątpliwości, iż biegła oceniając wartość nieruchomości spadkowych wzięła właśnie pod uwagę ich stan i przeznaczenie w momencie otwarcia spadku i ustaliła ich wartość wg aktualnych cen, z daty sporządzania opinii.</xText>
          <xText>Zatem przyjęta metodologia wyceny nieruchomości jest prawidłowa.</xText>
          <xText>Nie sposób się zgodzić ze stanowiskiem pozwanego, iż biegła winna wziąć pod uwagę aktualny stan i przeznaczenie nieruchomości, (które w części uległo zmianie).</xText>
          <xText>Bierze się bowiem pod uwagę stan i przeznaczenie nieruchomości w chwili otwarcia spadku, gdyż wówczas powstaje roszczenie o zachowek.</xText>
          <xText>Słusznie stwierdził Sąd Okręgowy, że brak jest podstaw do obliczania wartości nieruchomości biorąc pod uwagę ich aktualny stan i zmienione przeznaczenie.</xText>
          <xText>Uprawniony do zachowku nie może ponosić ryzyka zmian stanu prawnego nieruchomości zachodzących po dacie otwarcia spadku.</xText>
          <xText>Roszczenie o zachowek powstało już w dacie otwarcia spadku i nie było przeszkód by już wówczas pozwany spełnił swe świadczenie.</xText>
          <xText>Uprawniony do zachowku nie może zaś ponosić ryzyka ewentualnych zmian przeznaczenia nieruchomości i związanych z tym różnic wartości nieruchomości. Zachowek jest instytucją uwzględniającą interesy uprawnionego do zachowku i dlatego nie do przyjęcia jest by uprawniony do zachowku ponosił ryzyko zmian wartości spadku wskutek długotrwałego procesu sądowego.</xText>
          <xText>Dlatego też stanowisko Sądu Okręgowego uznać należy za prawidłowe.</xText>
          <xText>Nie zasługiwał także na uwzględnienie zarzut pozwanego, iż Sąd I instancji nie wziął pod uwagę przy ustaleniu podstawy wyliczenia zachowku wartości spadku ustalonego według cen z daty orzekania o roszczeniu z tytułu zachowku.</xText>
          <xText>Przecież z opinii biegłej wyraźnie wynika, iż ustalała ona wartość nieruchomości wg aktualnych cen. Jest to okoliczność bezsporna. Zatem zarzut ten jest całkowicie bezzasadny. Wreszcie nie mógł także odnieść zamierzonego rezultatu zarzut naruszenia <xLexLink xArt="art. 217;art. 217 § 1;art. 217 § 227" xIsapId="WDU19640430296" xTitle="Ustawa z dnia 17 listopada 1964 r. - Kodeks postępowania cywilnego" xAddress="Dz. U. z 1964 r. Nr 43, poz. 296">art. 217 § 1 i 227 kpc</xLexLink> w zw. z <xLexLink xArt="art. 286" xIsapId="WDU19640430296" xTitle="Ustawa z dnia 17 listopada 1964 r. - Kodeks postępowania cywilnego" xAddress="Dz. U. z 1964 r. Nr 43, poz. 296">art. 286 kpc</xLexLink> i <xLexLink xArt="art. 233;art. 233 § 1;art. 233 § 2" xIsapId="WDU19640430296" xTitle="Ustawa z dnia 17 listopada 1964 r. - Kodeks postępowania cywilnego" xAddress="Dz. U. z 1964 r. Nr 43, poz. 296">233 § 1 i 2 kpc</xLexLink>.</xText>
          <xText>Pozwany kwestionuje oddalenie jego wniosków dowodowych o przeprowadzenie dowodu z opinii innego biegłego sądowego, bądź uzupełniającej opinii biegłej <xAnon>M.</xAnon>.</xText>
          <xText>Jeśli chodzi o oddalenie wniosku o przeprowadzenie dowodu z opinii innego biegłego sądowego, to przede wszystkim pozwany reprezentowany przez profesjonalnego pełnomocnika nie zgłosił zastrzeżeń w trybie <xLexLink xArt="art. 162" xIsapId="WDU19640430296" xTitle="Ustawa z dnia 17 listopada 1964 r. - Kodeks postępowania cywilnego" xAddress="Dz. U. z 1964 r. Nr 43, poz. 296">art. 162 kpc</xLexLink>, w związku z czym nie może w postępowaniu apelacyjnym powoływać się na ewentualne uchylenie sądu w tym zakresie.</xText>
          <xText>Niezależnie od powyższego brak było podstaw do uwzględnienia tego wniosku pozwanego, skoro jedynym argumentem było to, że „biegła nie opiera się na prawie tylko własnej wiedzy” (k.709).</xText>
          <xText>Sąd Okręgowy szczegółowo ocenił opinię biegłej i uznał ją za w pełni przydatny materiał dowodowy dla rozstrzygnięcia sprawy, a Sąd Apelacyjny w pełni tę ocenę podziela. Słusznie też oddalił Sąd Okręgowy wniosek pozwanego o wydanie przez biegłą opinii uzupełniającej zgłoszony w piśmie procesowym z dnia 13.06.2011 r. Opinia uzupełniająca wg wniosku pozwanego winna uwzględniać aktualny stan prawny i przeznaczenie nieruchomości, co jak już wskazano wyżej byłoby błędne.</xText>
          <xText>Dlatego też oddalanie tegoż wniosku było jak najbardziej uzasadnione.</xText>
          <xText>Reasumując, zarzuty pozwanego podważające ustalenie wartości spadku i zachowku nie zasługiwały na uwzględnienie.</xText>
          <xText>Trafny natomiast okazał się zarzut pozwanego dotyczący nieuwzględnienia faktu uiszczenia w toku sporu przez pozwanego na rzecz małoletnich powódek <xAnon>M.</xAnon><xAnon>Z.</xAnon> i <xAnon>M. Z. (1)</xAnon> kwot po 200.000 zł tytułem dochodzonego zachowku.</xText>
          <xText>Na rozprawie apelacyjnej pełnomocnik powódek przyznał fakt przekazania przez pozwanego kwot po 200.000 zł w dniu 7.11.2010 r.</xText>
          <xText>Oświadczył jednak, że powódki nie ograniczyły powództwa w tym zakresie gdyż wartość należnego zachowku jest wyższa niż kwoty zasądzone z tego tytułu.</xText>
          <xText>Małoletnie powódki przyznały więc, że kwoty po 200.000 zł dotyczyły należnego zachowku. Nie twierdzą nawet, że pozwany wobec nich posiadał inne zobowiązania, na poczet których możnaby zaliczyć te kwoty.</xText>
          <xText>Po ograniczeniu powództwa z pierwotnie dochodzonych kwot po 852.044 zł do kwot po 645.987 zł (k.265), powódki nie dokonały dalszego ograniczenia powództwa o wpłacone przez pozwanego kwoty po 200.000 zł. W związku z powyższym brak jest podstaw do umorzenia postępowania w zakresie uiszczonych kwot skoro powódki mimo częściowego spełnienia przez pozwanego świadczenia w toku procesu, nie cofnęły pozwu w tej części. W takiej sytuacji powództwo małoletnich powódek <xAnon>M.</xAnon> i <xAnon>M. Z. (1)</xAnon> podlegało oddaleniu, biorąc pod uwagę stan rzeczy istniejący w chwili orzekania przez Sąd Apelacyjny (<xLexLink xArt="art. 316;art. 316 § 1" xIsapId="WDU19640430296" xTitle="Ustawa z dnia 17 listopada 1964 r. - Kodeks postępowania cywilnego" xAddress="Dz. U. z 1964 r. Nr 43, poz. 296">art. 316 § 1 kpc</xLexLink>).</xText>
          <xText>Biorąc powyższe pod uwagę i podzielając w pozostałej części ustalenia faktyczne Sądu I instancji Sąd Apelacyjny na podstawie <xLexLink xArt="art. 386;art. 386 § 1" xIsapId="WDU19640430296" xTitle="Ustawa z dnia 17 listopada 1964 r. - Kodeks postępowania cywilnego" xAddress="Dz. U. z 1964 r. Nr 43, poz. 296">art. 386 § 1 kpc</xLexLink> zmienił zaskarżony wyrok w pkt I 1 w ten sposób, że zasądził na rzecz małoletnich powódek <xAnon>M.</xAnon> i <xAnon>M. Z. (1)</xAnon> kwoty po 445.987 zł z ustawowymi odsetkami od dnia 5 stycznia 2011 roku, oddalając powództwo o zapłatę kwot po 200.000 zł, uiszczonych przez pozwanego w toku sporu, wraz z ustawowymi odsetkami (gdyż zapłata nastąpiła wcześniej niż termin płatności odsetek). Spowodowało to także konieczność uchylenia nadania rygoru natychmiastowej wykonalności w pkt. 1a i 1b co do kwot po 192.846,18 zł, uznanych przez pozwanego, skoro pozwany przekazał na rzecz małoletnich powódek kwoty nawet większe niż uznane.</xText>
          <xText>W pozostałej części apelacja pozwanego jako bezzasadna podlegała oddaleniu – <xLexLink xArt="art. 385" xIsapId="WDU19640430296" xTitle="Ustawa z dnia 17 listopada 1964 r. - Kodeks postępowania cywilnego" xAddress="Dz. U. z 1964 r. Nr 43, poz. 296">art. 385 kpc</xLexLink>. Zmiana rozstrzygnięcia o żądaniu głównym małoletnich powódek nie spowodowała zmiany rozstrzygnięcia o kosztach procesu za I instancję, gdyż pozwany który spełnił świadczenie w kwocie po 200.000 zł na rzecz małoletnich powódek w toku sporu, w tej części musi być uznany za przegrywającego spór.</xText>
          <xText>O kosztach postępowania apelacyjnego pomiędzy powódką <xAnon>A. Z.</xAnon> a pozwanym orzeczono na podstawie <xLexLink xArt="art. 98" xIsapId="WDU19640430296" xTitle="Ustawa z dnia 17 listopada 1964 r. - Kodeks postępowania cywilnego" xAddress="Dz. U. z 1964 r. Nr 43, poz. 296">art. 98 kpc</xLexLink> w zw. z <xLexLink xArt="art. 108;art. 108 § 1" xIsapId="WDU19640430296" xTitle="Ustawa z dnia 17 listopada 1964 r. - Kodeks postępowania cywilnego" xAddress="Dz. U. z 1964 r. Nr 43, poz. 296">art. 108 § 1 kpc</xLexLink> i zasądzono od pozwanego na rzecz powódki <xAnon>A. Z.</xAnon> kwotę 5.400 zł tytułem zwrotu kosztów zastępstwa procesowego.</xText>
          <xText>Natomiast o kosztach postępowania apelacyjnego pomiędzy małoletnimi powódkami <xAnon>M.</xAnon><xAnon>Z.</xAnon> i <xAnon>M. Z. (1)</xAnon> a pozwanym orzeczono na podstawie <xLexLink xArt="art. 100;art. 100 zd. 1" xIsapId="WDU19640430296" xTitle="Ustawa z dnia 17 listopada 1964 r. - Kodeks postępowania cywilnego" xAddress="Dz. U. z 1964 r. Nr 43, poz. 296">art. 100 zdanie pierwsze kpc</xLexLink> w zw z <xLexLink xArt="art. 108;art. 108 § 1" xIsapId="WDU19640430296" xTitle="Ustawa z dnia 17 listopada 1964 r. - Kodeks postępowania cywilnego" xAddress="Dz. U. z 1964 r. Nr 43, poz. 296">art. 108 § 1 kpc</xLexLink>, rozdzielając je stosunkowo między stronami. W postępowaniu apelacyjnym małoletnie powódki wygrały spór w 70% a pozwany w 30%. Uwzględniając poniesione koszty postępowania apelacyjnego: powódki 5.400 zł kosztów zastępstwa procesowego, pozwany 64.599 zł wpisu od apelacji w sprawie z powództwa małoletnich powódek + 5.400 zł kosztów zastępstwa procesowego i rozdzielając je stosunkowo między stronami, należało zasądzić od małoletnich powódek na rzecz pozwanego kwoty po 8.610 zł.</xText>
          <xText>Jeśli chodzi natomiast o zażalenie małoletnich powódek <xAnon>M.</xAnon><xAnon>Z.</xAnon> i <xAnon>M. Z. (1)</xAnon>, na rozstrzygnięcie o kosztach procesu, to podlegało ono oddaleniu jako bezzasadne – <xLexLink xArt="art. 385" xIsapId="WDU19640430296" xTitle="Ustawa z dnia 17 listopada 1964 r. - Kodeks postępowania cywilnego" xAddress="Dz. U. z 1964 r. Nr 43, poz. 296">art. 385 kpc</xLexLink> w zw. z <xLexLink xArt="art. 397;art. 397 § 2" xIsapId="WDU19640430296" xTitle="Ustawa z dnia 17 listopada 1964 r. - Kodeks postępowania cywilnego" xAddress="Dz. U. z 1964 r. Nr 43, poz. 296">art. 397 § 2 kpc</xLexLink>.</xText>
          <xText>Powódki zaskarżyły rozstrzygnięcie o kosztach zawarte w pkt. I 3b wyroku nakazujące ściągnięcie od nich z zasądzonego roszczenia kwot po 8.320 zł tytułem przypadających na nie części wpisu od pozwu, nie obciążających pozwanego.</xText>
          <xText>Zdaniem powódek skoro domagały się zasądzenia na ich rzecz kwot po 645.987 zł i Sąd Okręgowy w całości uwzględnił ich żądanie, to pozwany winien ponieść w całości koszty wpisu sądowego.</xText>
          <xText>Jednakże prawidłowo uznał Sąd Okręgowy, iż małoletnie powódki pierwotnie dochodziły kwot po 852.044 zł a zasądzono na ich rzecz kwoty po 645.987 zł, co uzasadniało obciążenie ich kosztami procesu w 20% a pozwanego w 80%.</xText>
          <xText>W zakresie bowiem w jakim powódki cofnęły powództwo winne być uznane za przegrywające spór.</xText>
          <xText>Nie ma przy tym znaczenia, że rzeczywista wartość zachowku była wyższa, skoro powódki jej nie dochodziły.</xText>
          <xText>Dlatego też prawidłowo nakazał Sąd Okręgowy ściągnąć od powódek z zasądzonego roszczenia, część wpisu od pozwu w części w jakiej powódki zostały uznane za przegrywające spór.</xText>
          
          <xText>
    Mariola Głowacka Marek Górecki Bogdan Wysocki
  </xText>
        </xUnit>
      </xBlock>
    </xPart>
  </judgement>
<judgement id="155500000000503_I_ACa_000634_2012_Uz_2012-11-28_001">
    <xPart xEditorFullName="Sylwia Kędziorek" xYear="2012" xLang="PL" xPublisherFullName="Sylwia Kędziorek" xFromPg="1" xEditor="skedziorek" xVolType="15/550000/0000503/ACa" xPublisher="skedziorek" xDocType="Uz" xVolNmbr="000634" xVersion="1.0" xToPage="12" xFlag="published">
      <xName>Wyrok+Uzasadnienie</xName>
      <xBlock>
        <xText>Sygn. akt I ACa 634/12</xText>
        
        <xUnit xIsTitle="true" xType="part" xBold="true">
          <xName>WYROK</xName>
          <xTitle>W IMIENIU RZECZYPOSPOLITEJ POLSKIEJ</xTitle>
          <xText xALIGNx="right">Dnia 28 listopada 2012 r.</xText>
          
          <xText>Sąd Apelacyjny w Szczecinie I Wydział Cywilny</xText>
          <xText>w składzie następującym:</xText>
          <xRows>
            <xCOLGROUPx>
              <xCOLx xWIDTHx="258"/>
              <xCOLx xWIDTHx="442"/>
            </xCOLGROUPx>
            <xRow>
              <xClmn xALIGNx="left" xVALIGNx="top">
                <xText xALIGNx="right">Przewodniczący:</xText>
              </xClmn>
              <xClmn xALIGNx="left" xVALIGNx="top">
                <xText>SSA Iwona Wiszniewska</xText>
              </xClmn>
            </xRow>
            <xRow>
              <xClmn xALIGNx="left" xVALIGNx="top">
                <xText xALIGNx="right">Sędziowie:</xText>
              </xClmn>
              <xClmn xALIGNx="left" xVALIGNx="top">
                <xText>SA Wiesława Kaźmierska</xText>
                <xText>SA Agnieszka Sołtyka (spr.)</xText>
              </xClmn>
            </xRow>
            <xRow>
              <xClmn xALIGNx="left" xVALIGNx="top">
                <xText xALIGNx="right">Protokolant:</xText>
              </xClmn>
              <xClmn xALIGNx="left" xVALIGNx="top">
                <xText>sekr.sądowy Magdalena Stachera</xText>
              </xClmn>
            </xRow>
          </xRows>
          
          <xText>po rozpoznaniu w dniu 28 listopada 2012 r. na rozprawie w Szczecinie
  </xText>
          <xText>sprawy z powództwa <xAnon>J. D.</xAnon></xText>
          <xText>przeciwko Skarbowi Państwa - Zakładowi Karnemu w <xAnon>S.</xAnon></xText>
          <xText>o zadośćuczynienie, rentę i ustalenie</xText>
          <xText>na skutek apelacji powoda</xText>
          <xText>od wyroku Sądu Okręgowego w Koszalinie</xText>
          <xText>z dnia 29 czerwca 2012 r., sygn. akt I C 59/11</xText>
          
          <xUnit xIsTitle="false" xType="none">
            <xName xSffx=".">I</xName>
            <xText>
              <xBx> oddala apelację, </xBx>
            </xText>
          </xUnit>
          <xUnit xIsTitle="false" xType="none">
            <xName xSffx=".">II</xName>
            <xText>
              <xBx> zasądza od powoda na rzecz Skarbu Państwa - Prokuratorii Generalnej Skarbu Państwa kwotę 120 (sto dwadzieścia) złotych tytułem kosztów zastępstwa procesowego w postępowaniu apelacyjnym.  </xBx>
            </xText>
          </xUnit>
          
          <xText>
            <xIx>
      Wiesława Kaźmierska Iwona Wiszniewska Agnieszka Sołtyka </xIx>
          </xText>
          
          <xText>Sygn. akt I ACa 634/12</xText>
        </xUnit>
        <xUnit xIsTitle="true" xType="part" xBold="true">
          <xName>UZASADNIENIE</xName>
          <xText>Powód <xAnon>J. D.</xAnon> w pozwie skierowanym przeciwko Skarbowi Państwa Zakładowi Karnemu w <xAnon>S.</xAnon> domagał się zadośćuczynienia w kwocie 600.000 złotych oraz renty w wysokości 2.500 złotych miesięcznie za zakażenie wirusem HCV do jakiego miało dojść w pozwanym Zakładzie Karnym. W uzasadnieniu powód wskazał, że w Zakładzie Karnym w <xAnon>S.</xAnon> przebywał w celi z osadzonym zarażonym wirusem HCV, który był źródłem jego zakażenia. Twierdził, że w pozwanej jednostce penitencjarnej osadzeni używali jednej maszynki do strzyżenia, na której często były ślady krwi. Podał, że informował administrację Zakładu o tych okolicznościach i prosił o interwencję, jednak jego uwagi były lekceważone. Pismem procesowym z 14 listopada 2011 roku powód, reprezentowany przez profesjonalnego pełnomocnika, podtrzymał żądanie zasądzenia zadośćuczynienia i renty oraz rozszerzył powództwo wnosząc o ustalenie odpowiedzialności pozwanego za przyszłe szkody związane z jego zakażeniem. Domagał się nadto zasądzenia od pozwanego kwoty 5.000 złotych na cel społeczny. Powód podniósł nadto, że w okresie pobytu w tej jednostce penitencjarnej osadzony był w celach przeludnionych, nie spełniających standardu 3m<xSUPx>2</xSUPx> na osobę. Wskazał, że przeludnienie powodowało częste konflikty i agresje współosadzonych, co skutkowało pogorszeniem stanu zdrowia psychicznego i fizycznego powoda. Twierdził, że kącik sanitarny nie był dostatecznie odseparowany od powierzchni mieszkalnej, a to z kolei przy niedostatecznej wentylacji wiązało się z ciągłym utrzymywaniem nieprzyjemnego zapachu i uniemożliwiało zachowanie intymności. Zarzucił, że borykał się z niedostatkiem środków higieny osobistej, środków czystości, dostępem do ciepłej wody.</xText>
          <xText>Pozwany Skarb Państwa Zakład Karny w <xAnon>S.</xAnon>, zastępowany przez Prokuratorię Generalną Skarbu Państwa, domagał się oddalenia powództwa.</xText>
          <xText>Wyrokiem z dnia 29 czerwca 2012 roku Sąd Okręgowy w Koszalinie oddalił powództwo; zasądził od powoda na rzecz Skarbu Państwa Prokuratorii Generalnej Skarbu Państwa kwotę 7.200zł tytułem zwrotu kosztów zastępstwa procesowego, a kosztami sądowymi, od uiszczenia których powód został zwolniony obciąża Skarb Państwa.</xText>
          <xText>
            <xBx>Sąd Okręgowy ustalił następujący stan faktyczny:</xBx>
          </xText>
          <xText><xAnon>J. D.</xAnon> ma 46 lat. Od 1985 roku z przerwami odbywa kary pozbawienia wolności. Sześć razy był skazywany wyrokami karnymi i sześć razy odbywał karę pozbawienia wolności. Łącznie w zakładach karnych spędził około 15 lat. Orzeczone kary odbywał w kilku zakładach o różnym charakterze, tj. zamkniętych, półotwartych i otwartych. Karę z ostatniego wyroku odbywa od grudnia 2007 roku.</xText>
          <xText>W Zakładzie Karnym w <xAnon>S.</xAnon> oraz w jednostce mu podległej Oddział Zewnętrzny <xAnon>O.</xAnon> powód przebywał od 31 lipca 2009 roku do 4 marca 2010 roku. Do pozwanego Zakładu przetransportowany został z Aresztu Śledczego w <xAnon>S.</xAnon>, gdzie już od kwietnia 2008 roku z powodu sygnalizowanych bólów brzucha rozpoczęto u niego diagnostykę. W wykonywanych wówczas badaniach nie ustalono przyczyny dolegliwości gastrycznych ale wprowadzono dietę lekkostrawną.</xText>
          <xText>W czerwcu 2008 roku w Areszcie Śledczym w <xAnon>S.</xAnon><xAnon>J. D.</xAnon> zgłosił ryzykowne zachowanie, tj. golenie się tą samą maszynką, co inny osadzony. W wyniku wykonanych bezpośrednio po zgłoszeniu badań kontrolnych nie stwierdzono u powoda zakażenia wirusem żółtaczki. Badanie powtórzono jeszcze po trzech i sześciu miesiącach.</xText>
          <xText>Po przybyciu do pozwanego Zakładu powód otrzymał dietę lekkostrawną. W dniu 21 sierpnia 2009 roku odmówił konsultacji hepatologicznej oraz gastroskopii. Jesienią 2009 roku powód przebywał w celi z osadzonym chorym na zapalenie wątroby typu C. W listopadzie 2009 roku powód zrezygnował z diety lekkostrawnej. Powód ma tatuaże.</xText>
          <xText>W lutym 2010 roku w badaniach laboratoryjnych stwierdzono u powoda dodatnie wyniki serologiczne w zakresie WZW typu C. Powód jako przyczynę zakażenia podawał innego osadzonego nosiciela WZW typu C, z którym wcześniej przebywał w celi. Powód nadal odmawiał diety lekkostrawnej.</xText>
          <xText>W dniu 11 lutego 2010 roku pozwany zgłosił zachorowanie powoda na zapalenie wątroby typu C Powiatowemu Inspektorowi Sanitarnemu w <xAnon>K.</xAnon>. W dalszych wykonanych badaniach usg jamy brzusznej nie stwierdzono cech uszkodzenia wątroby. Wyniki wskazywały jedynie lekko podwyższone parametry wątrobowe. Powodowi proponowano umieszczenie na Izbie Chorych, ale ten odmówił.</xText>
          <xText>Do czasu przetransportowania powoda do Oddziału Zewnętrznego <xAnon>D.</xAnon>, powód otrzymywał leki hepatologiczne i nie zgłaszał do pielęgniarek czy lekarza urazów z tytułu skaleczeń. Nie zgłaszał też ryzyka skaleczeń przy pracy w kuchni.</xText>
          <xText>W dniach od 12 maja 2011 roku do 14 czerwca 2011 roku powód przebywał w Zakładzie Opieki Zdrowotnej Zakładu Karnego w <xAnon>P.</xAnon> na Oddziale Hepatologii. Na Oddział został przyjęty w celu uzupełnienia diagnostyki i ewentualnego rozpoczęcia leczenia przewlekłego wzw typu C. Powoda zakwalifikowana do leczenia interferonem i rybawiryną. W trakcie pobytu powód został poddany konsultacji psychiatrycznej, w wyniku której zdiagnozowano u niego osobowość dyssocjalną i zalecono okresowe konsultacje psychiatryczne. Powoda wypisano ze szpitala na jego żądanie.</xText>
          <xText>Ustalił ponadto Sąd Okręgowy, że przebywanie w jednej celi z osobą chorą na żółtaczkę typu C nie powoduje zakażenia. Do zakażenia potrzebny jest kontakt z krwią, wydzielinami lub wydalinami. W łzach i ślinie jest znikoma ilość i zakażenie nie jest możliwe. Do zakażenia może dojść drogą płciową. Nosicieli WZW typu C nie izoluje się od innych osadzonych.</xText>
          <xText>Pielęgniarka zatrudniona w Zakładzie Karnym w <xAnon>S.</xAnon> ma obowiązek raz w miesiącu zrobić obchód pomieszczeń i dokonać oceny ich stanu sanitarnego. <xAnon>Ż. J.</xAnon>, która w pozwanym Zakładzie karnym zatrudniona jest od maja 2010 roku, nigdy nie stwierdziła, aby w pomieszczeniu fryzjerni było brudno, czy też brak było środków dezynfekujących.</xText>
          <xText>Po dokonaniu powyższych ustaleń Sąd Okręgowy uznał, że powództwo nie zasługiwało na uwzględnienie.</xText>
          <xText>Stwierdził, że w zakresie podstawy faktycznej roszczenia powód wskazywał w pierwszym rzędzie na zakażenie w pozwanym Zakładzie Karnym wirusem żółtaczki typu C i w dalszej kolejności na przetrzymywanie go w niehumanitarnych warunkach socjalno -bytowych, tj. w celi, której powierzchnia przypadająca na jednego skazanego nie spełniała normy 3 m2, kącik sanitarny był niedostatecznie oddzielony od celi mieszkalnej przez co rozprzestrzeniały się nieprzyjemne zapachy i niewystarczające było poczucie intymności. Zarzucał także, że nie zaopatrywano go w sposób wystarczający w środki czystości i artykuły higieniczne, uniemożliwiano dostęp do ciepłej wody.</xText>
          <xText>Powołując się na powyższe powód twierdził, że w sposób rażący naruszone zostały jego dobra osobiste w postaci zdrowia, czci (godności osobistej, poczucia własnej wartości), prawa do prywatności i intymności.</xText>
          <xText>Po analizie materiału dowodowego zebranego w sprawie Sąd I instancji uznał, że powód nie wykazał, aby doszło do bezprawności prowadzącej do naruszenia jakichkolwiek jego dóbr osobistych. Wskazał, że z zebranego w sprawie materiału dowodowego wynika, że powód odbywa karę pozbawienia wolności na mocy prawomocnego wyroku karnego. Brak było zatem podstaw do uznania, że zostało naruszone prawo powoda do wolności.</xText>
          <xText>Podkreślił Sąd, że powód osobiście nie twierdził, że odniósł krzywdę w związku z przeludnieniem jednostek penitencjarnych czy też innymi niegodnymi warunkami odbywania kary pozbawienia wolności. <xAnon>J. D.</xAnon> został wysłuchany informacyjnie jedynie na okoliczność zarażenia go wirusem żółtaczki. W treści pozwu nie podnosił okoliczności wskazujących na niehumanitarne traktowanie go w pozwanym Zakładzie Karnym. Zarzuty tego rodzaju sformułowane zostały dopiero przez pełnomocnika powoda, w piśmie zawierającym rozszerzenie powództwa. Sąd meriti uznał je za stanowisko samego powoda, tym niemniej wobec braku przytoczenia jakichkolwiek dalszych okoliczności, niewskazania dowodów, niestawienia się powoda w Sądzie celem złożenia zeznań, roszczenie powoda w tym zakresie nie zasługiwało na uwzględnienie.</xText>
          <xText>Wskazał Sąd, że oceniając charakter zgłoszonego przez powoda roszczenia należało zbadać przesłanki materialnoprawne warunkujące przyjęcie odpowiedzialności odszkodowawczej pozwanego Skarbu Państwa. Jako podstawę tę odpowiedzialności wskazał Sąd <xLexLink xArt="art. 417;art. 417 § 1" xIsapId="WDU19640160093" xTitle="Ustawa z dnia 23 kwietnia 1964 r. - Kodeks cywilny" xAddress="Dz. U. z 1964 r. Nr 16, poz. 93">art. 417§1 k.c.</xLexLink> Przesłankami odpowiedzialności uregulowanej w tym przepisie są: zdarzenie wyrządzające szkodę, za które prawo czyni dłużnika odpowiedzialnym (niewykonanie lub nienależyte wykonanie zobowiązania albo czyn niedozwolony); szkoda mająca charakter majątkowy (na osobie lub na mieniu łub niemajątkowy (doznana krzywda) oraz adekwatny związek przyczynowy pomiędzy tym zdarzeniem a szkodą.</xText>
          <xText>Podkreślił przy tym Sąd I instancji, że w tym przypadku ciężar dowodu relacji kauzalnych spoczywa na poszkodowanym (<xLexLink xArt="art. 6" xIsapId="WDU19640160093" xTitle="Ustawa z dnia 23 kwietnia 1964 r. - Kodeks cywilny" xAddress="Dz. U. z 1964 r. Nr 16, poz. 93">art. 6 k.c.</xLexLink>).</xText>
          <xText>Wskazał dalej Sąd, że w sprawie dopuszczono dowód z opinii biegłego z zakresu hepatologii. Powód nie zgłosił się jednak na wyznaczone, w celu wykonania opinii, badanie. Na zawiadomienie nie zareagował również pełnomocnik powoda. Stwierdził w związku z tym sąd meriti, że okoliczności przedstawione w pozwie oraz powołane przez powoda podczas wysłuchania informacyjnego nie pozwoliły w związku z biernością powoda na przyjęcie, że do zakażenia wirusem HCV doszło na skutek bezprawnego działania lub zaniechania strony pozwanej. Nie ulegało przy tym wątpliwości Sądu, że powód jest chory. Podkreślono jednak, że kłopoty układu trawiennego i bóle brzucha sygnalizował powód już w 2008 roku podczas pobytu w Areszcie Śledczym w <xAnon>S.</xAnon>. Także tam zgłaszał niebezpieczne zachowania czyli strzyżenie tą samą maszynką, co inny osadzony. Nie uszło także uwadze Sądu, że <xAnon>J. D.</xAnon> posiada tatuaże, co wynika wprost z jego dokumentacji medycznej. Wszystko to zrodziło duże wątpliwości co do faktycznego źródła zakażenia powoda oraz podważyło zdecydowanie twierdzenie powoda, że do zakażenia doszło w pozwanej jednostce penitencjarnej na skutek jej niewłaściwego zachowania.</xText>
          <xText>Wskazując na powyższe uznał Sąd Okręgowy, że powód w toku postępowania nie wykazał, jakie konkretnie dobra osobiste miały zostać naruszone przez pozwaną jednostkę penitencjarną. Sam sformułowany zarzut w zakresie przebywania w przeludnionych celach oraz niegodnych warunków w pozwanej jednostce nie mógł być podstawą do uznania, że została naruszona godność osobista powoda. Przy tym istotnym było, że <xAnon>J. D.</xAnon> nie wskazał jakichkolwiek następstw zdrowotnych, czy to w sferze fizycznej, czy psychicznej, przebywania w przeludnionych celach. Nadto brak było bezprawności działania i złej woli pozwanego przy podejmowaniu czynności wobec powoda. Te wszystkie okoliczności spowodowały, że brak było podstaw do uwzględnienia powództwa z tytułu naruszenia dóbr osobistych powoda, a co za tym idzie przyjęcia istnienia krzywdy po jego stronie uzasadniającej zasądzenie zadośćuczynienia pieniężnego.</xText>
          <xText>Sąd przyjął również brak związku przyczynowego pomiędzy zachowaniem, a raczej zaniechaniem strony pozwanej a wskazywaną przez powoda szkodą, tj. zakażeniem wirusem żółtaczki. W konsekwencji brak było podstaw do przypisania pozwanemu odpowiedzialności w tym zakresie, co z kolei skutkowało brakiem potrzeby prowadzenia postępowania dowodowego w zakresie wysokości doznanej przez <xAnon>J. D.</xAnon> szkody oraz ustalenia odpowiedzialności pozwanego na przyszłość. Podkreślił równocześnie Sąd, że i w tym zakresie powód nie sprostał obowiązkowi dowodowemu, gdyż jakkolwiek wysokość zadośćuczynienia podlega ocenie Sądu, to wysokość renty i przesłanek jej zasądzenia wymagają ścisłego udowodnienia.</xText>
          <xText>Z powyższych względów Sąd orzekł jak w punkcie 1 wyroku.</xText>
          <xText>Orzeczenie o kosztach wydano na podstawie na podstawie <xLexLink xArt="art. 98;art. 98 § 1;art. 98 § 3" xIsapId="WDU19640430296" xTitle="Ustawa z dnia 17 listopada 1964 r. - Kodeks postępowania cywilnego" xAddress="Dz. U. z 1964 r. Nr 43, poz. 296">art. 98 § 1 i § 3 k.p.c.</xLexLink> w zw. z <xLexLink xArt="art. 11;art. 11 ust. 3" xIsapId="WDU20051691417" xTitle="Ustawa z dnia 8 lipca 2005 r. o Prokuratorii Generalnej Skarbu Państwa" xAddress="Dz. U. z 2005 r. Nr 169, poz. 1417">art. 11 ust. 3 ustawy o Prokuratorii Generalnej Skarbu Państwa</xLexLink> (Dz. U. z 2005 roku Nr 169, poz. 1417 ze zm.)</xText>
          <xText>W punkcie 3 wyroku, z uwagi na zwolnienie powoda od kosztów sądowych, Sąd obciążył nimi Skarb Państwa.</xText>
          <xText>Z rozstrzygnięciem tym nie zgodził się powód, w imieniu którego jego pełnomocnik zaskarżył wyrok w części oddalającej powództwo (pkt 1 sentencji) oraz w części orzekającej o kosztach zastępstwa procesowego (pkt 2 sentencji).</xText>
          <xText>Zaskarżonemu wyrokowi w zarzucił:</xText>
          <xText>1)naruszenie przepisów prawa materialnego - <xLexLink xArt="art. 24" xIsapId="WDU19640160093" xTitle="Ustawa z dnia 23 kwietnia 1964 r. - Kodeks cywilny" xAddress="Dz. U. z 1964 r. Nr 16, poz. 93">art. 24 k.c.</xLexLink>, <xLexLink xArt="art. 448" xIsapId="WDU19640160093" xTitle="Ustawa z dnia 23 kwietnia 1964 r. - Kodeks cywilny" xAddress="Dz. U. z 1964 r. Nr 16, poz. 93">448 k.c.</xLexLink> i <xLexLink xArt="art. 444" xIsapId="WDU19640160093" xTitle="Ustawa z dnia 23 kwietnia 1964 r. - Kodeks cywilny" xAddress="Dz. U. z 1964 r. Nr 16, poz. 93">444 k.c.</xLexLink> poprzez błędną jego wykładnię i niewłaściwe zastosowanie;</xText>
          <xText>2) naruszenie przepisów postępowania poprzez sprzeczność istotnych ustaleń Sądu z treścią zebranego w sprawie materiału dowodowego, które to uchybienie miało istotny wpływ na treść zaskarżonego orzeczenia,</xText>
          <xText>3) naruszenie przepisów postępowania poprzez niewyjaśnienie wszystkich okoliczności faktycznych istotnych dla rozstrzygnięcia sprawy, tj. <xLexLink xArt="art. 217;art. 217 § 1" xIsapId="WDU19640430296" xTitle="Ustawa z dnia 17 listopada 1964 r. - Kodeks postępowania cywilnego" xAddress="Dz. U. z 1964 r. Nr 43, poz. 296">art. 217 § 1 k.p.c.</xLexLink> poprzez bezzasadne oddalenie wniosku o dopuszczenie dowodu z opinii biegłego psychiatry na okoliczność wpływu warunków osadzenia powoda na jego stan zdrowia psychicznego mimo iż okoliczności, na które dowód ten został zgłoszony, nie zostały wyjaśnione.</xText>
          <xText>Wskazując na te zarzuty apelujący wniósł o:</xText>
          <xText>1.zmianę wyroku w zaskarżonym zakresie poprzez uwzględnienie powództwa w całości i zasądzenie na rzecz powoda całej żądanej sumy oraz zwolnienie powoda od zwrotu kosztów zastępstwa prawnego;</xText>
          <xText>2.zwolnienie powoda od kosztów postępowania apelacyjnego w całości na podstawie <xLexLink xArt="art. 102" xIsapId="WDU19640430296" xTitle="Ustawa z dnia 17 listopada 1964 r. - Kodeks postępowania cywilnego" xAddress="Dz. U. z 1964 r. Nr 43, poz. 296">art. 102 k.p.c.</xLexLink>;</xText>
          <xText>3.zasądzenie od pozwanego kosztów zastępstwa procesowego powoda na podstawie <xLexLink xArt="art. 100" xIsapId="WDU19640430296" xTitle="Ustawa z dnia 17 listopada 1964 r. - Kodeks postępowania cywilnego" xAddress="Dz. U. z 1964 r. Nr 43, poz. 296">art. 100 k.p.c.</xLexLink></xText>
          <xText>W uzasadnieniu apelacji apelujący zarzucił, że Sąd orzekając o oddaleniu powództwa nawet częściowo nie zadośćuczynił odniesionych przez powoda nieodwracalnych skutków zdrowotnych związanych z jego zakażeniem oraz rozwojem choroby, cierpień fizycznych i psychicznych spowodowanych chorobą oraz warunkami izolacji. Podkreślił, że problemem o zasadniczym znaczeniu, a zarazem najbardziej istotnym dla poszkodowanego, jest ustalenie wysokości przyznawanej sumy pieniężnej. Wynika to z niewymierności doznawanej krzywdy, wrażliwości osoby, której została ona wyrządzona, jej sytuacji osobistej oraz innych czynników mogących wywierać wpływ na rozmiar odczuwanych cierpień. Wskazał, że Sąd orzekający dokonuje w tym przypadku porównania dwóch wartości, które nie pozostają względem siebie w stosunku adekwatności, a mianowicie wartości niemajątkowych takich jak ból i cierpienie fizyczne oraz psychiczne, z wartościami majątkowymi wyrażonymi w postaci pieniądza - środka, którego przyznanie w odpowiedniej wysokości ma wynagrodzić te ujemne przeżycia. Wskazał, że zadośćuczynienie pieniężne za doznaną krzywdę pełni funkcję kompensacyjną. Zmierza przede wszystkim do wyrównania uszczerbku w dobrach prawnie chronionych i przywrócenia ich poprzedniego stanu. Ma stanowić ekwiwalent pieniężny doznanej szkody niemajątkowej przez dostarczenie poszkodowanemu realnej korzyści ekonomicznej. Musi spełniać również funkcje represyjne wobec sprawcy naruszenia, a jego wysokość winna mieć zindywidualizowany charakter. W ocenie apelującego brak zasądzenia w przedmiotowej sprawie kwoty zadośćuczynienia jest wyraźnie rażący. Podkreślił, że naruszenie dobra osobistego polega już na samym przekroczeniu zakreślonej w <xLexLink xArt="art. 24;art. 24 § 1" xIsapId="WDU19640160093" xTitle="Ustawa z dnia 23 kwietnia 1964 r. - Kodeks cywilny" xAddress="Dz. U. z 1964 r. Nr 16, poz. 93">art. 24 § 1 k.c.</xLexLink> granicy zagrożenia dobra osobistego, ale dla powstania roszczenia uprawnionego konieczna jest wskazana bezprawność. Nie jest wymagane udowodnienie winy sprawcy, za którego z mocy <xLexLink xArt="art. 417" xIsapId="WDU19640160093" xTitle="Ustawa z dnia 23 kwietnia 1964 r. - Kodeks cywilny" xAddress="Dz. U. z 1964 r. Nr 16, poz. 93">art. 417 k.c.</xLexLink> odpowiada Skarb Państwa. Wystarczy, iż powód wykaże istnienie dóbr osobistych i ich naruszenie. Działania naruszające te dobra mogą zatem rodzić odpowiedzialność Skarbu Państwa na podstawie <xLexLink xArt="art. 24;art. 448" xIsapId="WDU19640160093" xTitle="Ustawa z dnia 23 kwietnia 1964 r. - Kodeks cywilny" xAddress="Dz. U. z 1964 r. Nr 16, poz. 93">art. 24 i 448 k.c.</xLexLink></xText>
          <xText>Podobnie krytycznie ocenił apelujący rozstrzygnięcie Sądu w kwestii odmowy zasądzenia na rzecz powoda renty. Wskazał, że bezspornym jest, iż w trakcie pobytu w Zakładzie Karnym w <xAnon>S.</xAnon> u powoda wykryto wirus HCV i wdrożono wobec niego specjalistyczne leczenie. W konsekwencji wraz z rozwojem choroby w ocenie apelującego powód poniesie określone wydatki związane z pokryciem kosztów leczenia. Nadto wskazane schorzenie uniemożliwi powodowi wykonywanie w przyszłości pracy oraz będzie wiązać się z potrzebą zapewnienia mu pomocy innych osób. Podniósł, że renta winna więc stanowić różnicę pomiędzy zarobkami, jakie powód mógłby osiągnąć, gdyby nie doznał rozstroju zdrowia w postaci zakażenia wirusem HCV, a dochodami jakie może on uzyskać cierpiąc na przewlekłe schorzenie, co Sąd pominął.</xText>
          <xText>Zarzucił też apelujący, że ustalone zostało, że właśnie w trakcie pobytu powoda w ZK <xAnon>S.</xAnon> doszło do jego zarażenia wirusem HCV, co wykazały przeprowadzone w 2010r. badania. W konsekwencji powód został zakwalifikowany do leczenia na Oddziale Hepatologii w Zakładzie Opieki Zdrowotnej Zakładu Karnego w <xAnon>P.</xAnon>. Powyższe Sąd pominął i pomimo powyższych ustaleń Sąd zakwestionował źródło zakażenia powoda stwierdzając brak związku przyczynowego pomiędzy zachowaniem strony pozwanej a wskazywaną przez powoda szkodą w postaci zakażenia wirusem HCV.</xText>
          <xText>Zarzucił też, że sąd pominął twierdzenia powoda, że w trakcie jego pobytu w jednostkach penitencjarnych nie zostały zachowane podstawowe warunki higieniczno-sanitarne oraz podstawowe standardy zdrowotne. Cele nie spełniały standardu 3 m<xSUPx>2</xSUPx> na osobę, były przeludnione, utrzymywał się w nich stały nieprzyjemny zapach związany z niedostateczną ich wentylacją. Te rażące uchybienia pozwanego skutkowały w ocenie apelującego naruszeniem dóbr osobistych powoda i wpłynęły na jego stan zdrowia. Zarzucił przy tym, że dla rozstrzygnięcia w niniejszej sprawie nie ma znaczenia również okoliczność, iż powód w treści pozwu nie podnosił okoliczności związanych bezpośrednio z warunkami bytowymi panującymi w jednostce penitencjarnej, a zarzuty takie zgłoszone zostały dopiero przez jego pełnomocnika.</xText>
          <xText>Nie zgodził się też apelujący z argumentacją Sądu w przedmiocie pominięcia dowodu z opinii biegłego psychiatry. Zbadanie okoliczności wpływu warunków osadzenia powoda na jego stan zdrowia psychicznego miało w ocenie apelującego chociażby istotne znaczenie dla określenia wysokości zadośćuczynienia. Podniósł, że powyższa okoliczność w obliczu zdiagnozowania u powoda osobowości dyssocjalnej i zaleconych okresowych konsultacji psychiatrycznych nie powinna zostać pominięta przez Sąd orzekający.</xText>
          <xText>W odpowiedzi na apelację pozwany wniósł o oddalenie apelacji i zasądzenie od pozwanego na rzecz Skarbu Państwa - Prokuratorii Generalnej Skarbu Państwa kosztów zastępstwa procesowego według norm przepisanych.</xText>
          <xText>
            <xBx>Rozpoznając apelację Sąd Apelacyjny zważył, co następuje;</xBx>
          </xText>
          <xText>Apelacja jest bezzasadna, gdyż podniesione w niej zarzuty nie zasługują na uwzględnienie.</xText>
          <xText>Profesjonalny pełnomocnik powoda w apelacji podniósł dwojakiego rodzaju zarzuty. Zarzuty naruszenia prawa procesowego i te, odnoszące się do prawa materialnego. W pierwszej kolejności Sąd Apelacyjny skupił się nad zarzutami dotyczącymi naruszenia prawa procesowego, gdyż dopiero prawidłowo ustalony stan faktyczny może stanowić podstawę do orzekania o zasadności roszczeń zgłoszonych w niniejszej sprawie.</xText>
          <xText>W zakresie zarzutów naruszenia prawa procesowego apelujący zarzucił po pierwsze naruszenie przepisów postępowania poprzez sprzeczność istotnych ustaleń Sądu z treścią zebranego w sprawie materiału dowodowego, które to uchybienie miało istotny wpływ na treść zaskarżonego orzeczenia.</xText>
          <xText>Odnosząc się do tak sformułowanego zarzutu i jego rozwinięcia w uzasadnieniu apelacji podkreślić trzeba, że apelujący nie sprecyzował, jakim przepisom postępowania uchybił sąd I instancji i na czym uchybienie to polegało, choć zdaniem skarżącego istotnie wpływało na treść rozstrzygnięcia. W szczególności zaś apelujący nie wskazał, jaki materiał dowodowy zgromadzony w niniejszej sprawie pozostaje w sprzeczności z ustaleniami Sądu Okręgowego.</xText>
          <xText>Apelujący nie podważył nadto ustaleń sądu I instancji o prawidłowym stanie sanitarno- higienicznym w Zakładzie Karnym w <xAnon>S.</xAnon>, tego, że powód w czasie pobytu w tej jednostce nigdy nie zgłaszał urazów z tytułu skaleczeń (k.188). Wreszcie nie zakwestionował ustaleń, co do golenia się w czerwcu 2008r tą samą maszynka do golenia, co inny osadzony oraz tego, że powód ma liczne tatuaże.</xText>
          <xText>Wskazać też należy, że wbrew stwierdzeniom apelacji (k.198v) nie ustalił Sąd Okręgowy, że w trakcie pobytu w Zakładzie Karnym w <xAnon>S.</xAnon> doszło do zarażenia powoda wirusem HCV, a jedynie ustalił, że w czasie pobytu w tej jednostce po przeprowadzonych badaniach wykryto obecność w organizmie powoda tego wirusa. Ta ostatnia okoliczność była w sprawie niesporna, nie wystarcza to jednak do uwzględnienia powództwa i przypisania pozwanemu odpowiedzialności za to zakażenie. To obowiązkiem powoda, zgodnie z zasadą rozkładu ciężaru dowodów wynikającą z <xLexLink xArt="art. 6" xIsapId="WDU19640160093" xTitle="Ustawa z dnia 23 kwietnia 1964 r. - Kodeks cywilny" xAddress="Dz. U. z 1964 r. Nr 16, poz. 93">art. 6 k.c.</xLexLink> i <xLexLink xArt="art. 232" xIsapId="WDU19640430296" xTitle="Ustawa z dnia 17 listopada 1964 r. - Kodeks postępowania cywilnego" xAddress="Dz. U. z 1964 r. Nr 43, poz. 296">art. 232 k.p.c.</xLexLink> było wskazanie dowodów, które wysoce uprawdopodobniłyby okoliczność, że do zakażenia doszło nie tylko w czasie osadzenia powoda u pozwanego, ale przede wszystkim z winy lub zaniechania pozwanego przy zapewnianiu warunków odbywania kary pozbawienia wolności. Obowiązkowi temu powód nie sprostał, choć reprezentował go profesjonalny pełnomocnik.</xText>
          <xText>Nadto, co w sprawie ma kapitalne znaczenie, powód nie stawił się na badanie wyznaczone przez powołanego w sprawie biegłego z zakresu chorób zakaźnych. Tym samym uniemożliwił sporządzenie opinii, która w sprawie mogłaby mieć znaczenie decydujące z punktu widzenia jego roszczeń związanych z zakażeniem wirusem HCV. Biegły ustalić miał bowiem w oparciu o dokumentację medyczną znajdującą się w sprawie i badanie powoda, czy powód został zakażony wirusem HCV w pozwanym Zakładzie Karnym w <xAnon>S.</xAnon>, jaki jest obecnie stan zdrowia powoda ( stopień uszczerbku na zdrowiu), przewidywania co do zupełnego powrotu do zdrowia oraz możliwości wykonywania pracy zarobkowej (k.138). Brak tej opinii sprawił, że Sąd I instancji zasadnie uznał, że powód nie wykazał, wobec przedstawionych przez pozwanego dowodów i okoliczności przeciwnych- tatuaży i ryzykownego zachowania w czerwcu 2008r w Areszcie Śledczym w <xAnon>S.</xAnon>- golenie się ta samą maszynką co inny osadzony ( książeczki zdrowia powoda koperta k.85), jako źródeł zakażenia, że do zakażenia doszło na skutek uchybień sanitarnych w pozwanej jednostce penitencjarnej. Twierdzenie powoda o używaniu przez fryzjera zabrudzonej krwią golarki nie znalazło bowiem potwierdzenia w zebranych w sprawie dowodach.</xText>
          <xText>Podobnie też powód nie stawił się na posiedzenie wyznaczone w celu jego przesłuchania, czym uniemożliwił przeprowadzenie dowodu z jego zeznań. Sąd meriti nie miał wobec tego możliwości pozyskania informacji o wszystkich elementach niezbędnych dla rozstrzygnięcia o żądaniu zadośćuczynienia czy renty. Nieznane są w związku z tym cierpienia powoda, ich zakres i natężenie, dolegliwości przez niego odczuwane, nie można było też ustalić wysokości kosztów związanych z leczeniem powoda i innych elementów składających się na żądaną rentę. Co zaś do renty to ani powód, ani jego pełnomocnik nie wskazał, w jaki sposób wyliczona została dochodzona kwota 2500 zł i co składa się na nią, nie wskazano, czy jest to renta wyrównawcza czy na zwiększone potrzeby. Już te braki, pomijając brak wykazania czy uprawdopodobnienia faktu zakażenia u pozwanego, uniemożliwiły jakiekolwiek odniesienie się do żądania renty.</xText>
          <xText>Wskazać należy, że poza dokumentacją medyczną stwierdzającą jedynie to, że powód jest zakażony wirusem HCV i podczas pobytu u pozwanego jest poddawany bezpłatnej i specjalistycznej diagnostyce i leczeniu, powód nie przedstawił żadnych dowodów, które uzasadniałyby przyjęcie odpowiedzialności pozwanego co do zasady.</xText>
          <xText>Podkreślić też w tym miejscu trzeba, że apelujący nie podważył ani nawet nie zakwestionował tego stwierdzenia Sądu Okręgowego, z którego wynika, że samo przebywanie w celi z innym nosicielem wirusa HCV nie prowadzi do zarażenia. Zauważyć też należy, że w swych wyjaśnieniach informacyjnych powód wskazał wręcz, że nie wie jaki związek ma jego zakażenie z przebywaniem w tej samej celi ze skazanym chorym na wirusowe zapalenie wątroby (k.78).</xText>
          <xText>Słuszne jest też stanowisko Sądu Okręgowego, że brak jest jakiegokolwiek materiału dowodowego na zasadność renty oraz jej wysokość.</xText>
          <xText>Dodatkowo podnieść trzeba, że brak jest w niniejszej sprawie jakiegokolwiek materiału dowodowego, nawet zeznań samego powoda, na niehumanitarne warunki odbywania kary w pozwanej jednostce penitencjarnej. Na taki nie wskazuje także apelujący. Podkreślić zaś stanowczo należy, że twierdzeń odnoszących się do niehumanitarnych warunków odbywania kary nigdy nie podnosił powód w pismach, które sporządzał osobiście, ani też w wyjaśnieniach informacyjnych, w których wskazał, że renty i zadośćuczynienia domaga się z powodu zarażenia go wirusem HCV (k.2,55,64,78-79). W tym zakresie dodać jeszcze można, że w pozwie powód wskazywał na to, że sale w pozwanej jednostce były otwarte 24 godziny na dobę (k.2v.) , co przeczy tezie o uciążliwościach przebywania w przeludnionej i źle wentylowanej celi.</xText>
          <xText>Co do zarzutu apelacji dotyczącego naruszenia przepisów postępowania poprzez niewyjaśnienie wszystkich okoliczności faktycznych istotnych dla rozstrzygnięcia sprawy, tj. <xLexLink xArt="art. 217;art. 217 § 1" xIsapId="WDU19640430296" xTitle="Ustawa z dnia 17 listopada 1964 r. - Kodeks postępowania cywilnego" xAddress="Dz. U. z 1964 r. Nr 43, poz. 296">art. 217 § 1 k.p.c.</xLexLink> poprzez bezzasadne oddalenie wniosku o dopuszczenie dowodu z opinii biegłego psychiatry na okoliczność wpływu warunków osadzenia powoda na jego stan zdrowia psychicznego to wskazać należy, że zarzut ten jest bezzasadny. Na zły stan swego zdrowia psychicznego sam powód nigdy nie wskazywał w żadnym z pism ani w informacyjnych wyjaśnieniach przed sądem, choć jego żądanie dotyczyło bardzo wysokiej kwoty- 600 000 zł. Nadto zasadnie stwierdził Sąd Okręgowy, że powód nie przestawił żadnego materiału dowodowego mogącego stanowić przedmiot badań przez biegłego, dokumentacji medycznej świadczącej o konkretnych schorzeniach psychicznych wywołanych osadzeniem, nie złożył zeznań w sprawie, nadto wskazana teza dowodowa nie odnosiła się wprost do okoliczności mających istotne znaczenie dla rozstrzygnięcia. Stąd wniosek w tym zakresie bez obrazy <xLexLink xArt="art. 217;art. 217 § 1" xIsapId="WDU19640430296" xTitle="Ustawa z dnia 17 listopada 1964 r. - Kodeks postępowania cywilnego" xAddress="Dz. U. z 1964 r. Nr 43, poz. 296">art. 217 § 1 k.p.c.</xLexLink> został pominięty. Wskazać bowiem trzeba, że aby biegły mógł sporządzić opinię w sprawie muszą zostać najpierw poczynione konkretne ustalenia na podstawie dowodów zaoferowanych i przedstawionych przez stronę wnoszącą o powołanie biegłego. Pominął bowiem apelujący to, że opinia sporządzana jest w konkretnej sprawie, nie jest zaś jej zadaniem rozważanie kwestii czysto teoretycznych.</xText>
          <xText>Reasumując uznać trzeba, że stan faktyczny ustalony przez Sąd Okręgowy został ustalony niewadliwie i ustalenia Sądu I instancji sąd odwoławczy akceptuje i przyjmuje za własne, za wyjątkiem tych ustaleń, z których wynikać ma, że badanie na obecność wirusa HCV po pierwszym wykonanym w lipcu 2008r w Areszcie Śledczym w <xAnon>S.</xAnon> powtórzono jeszcze po trzech i sześciu miesiącach. Na tę okoliczność w materiale sprawy dokumentów brak, a ustaleniom tym przeczą zeznania świadka <xAnon>M. P.</xAnon> (k.90).</xText>
          <xText>Przechodząc do zarzutów prawnomaterialnych, to stwierdzić trzeba, że uzasadnienie apelacji zawiera rozważania ogólne i czysto teoretyczne, które w żadnym stopniu nie odnoszą się do realiów i konkretów niniejszej sprawy. Uzasadnienie środka zaskarżenia odrywa się od ustaleń faktycznych, zaś skarżący skupia się na kwestii istnienia szkody i jej wysokości. Ze względu jednak na ustalenia faktyczne dokonane w sprawie, skutkiem których było uznanie roszczenia za bezzasadne co do zasady z przyczyn wyżej opisanych, analiza zakresu szkody jest przedwczesna w sprawie. Skoro zaś ustalenia, że brak jest działania bezprawnego po stronie pozwanego i brak jest związku przyczynowego apelujący skutecznie nie podważył, zbędne jest analizowanie kwestii krzywdy u powoda.</xText>
          <xText>Wskazać też końcowo trzeba, że wyrok zaskarżono również w punkcie 2 sentencji, jednakże nie wywiedziono żadnych zarzutów dotyczących rozstrzygnięcia o kosztach zastępstwa procesowego. Już tylko z tych powodów apelacja także i w tym zakresie jest bezzasadna, gdyż brak zarzutu w tym zakresie oraz jego uzasadnienia uniemożliwia odniesienie się do nich.</xText>
          <xText>Z tych wszystkich względów apelacja jako bezzasadna podlegała oddaleniu, o czym orzeczono na podstawie <xLexLink xArt="art. 385" xIsapId="WDU19640430296" xTitle="Ustawa z dnia 17 listopada 1964 r. - Kodeks postępowania cywilnego" xAddress="Dz. U. z 1964 r. Nr 43, poz. 296">art. 385 k.p.c.</xLexLink> w punkcie I wyroku.</xText>
          <xText>Orzeczenie o kosztach postępowania apelacyjnego wydano stosując zasadę odpowiedzialności za wynik procesu wynikająca z <xLexLink xArt="art. 98;art. 99" xIsapId="WDU19640430296" xTitle="Ustawa z dnia 17 listopada 1964 r. - Kodeks postępowania cywilnego" xAddress="Dz. U. z 1964 r. Nr 43, poz. 296">art. 98 i 99 k.p.c.</xLexLink>, a wysokość zasądzonych kosztów ustalono na podstawie <xLexLink xArt="art. 98 § 10;art. 98 § 10 pkt. 25" xIsapId="WDU19640430296" xTitle="Ustawa z dnia 17 listopada 1964 r. - Kodeks postępowania cywilnego" xAddress="Dz. U. z 1964 r. Nr 43, poz. 296">§ 10 pkt 25</xLexLink> w związku z <xLexLink xArt="§ 12;§ 12 ust. 1;§ 12 ust. 1 pkt. 2" xIsapId="WDU20021631349" xTitle="Rozporządzenie Ministra Sprawiedliwości z dnia 28 września 2002 r. w sprawie opłat za czynności radców prawnych oraz ponoszenia przez Skarb Państwa kosztów pomocy prawnej udzielonej przez radcę prawnego ustanowionego z urzędu" xAddress="Dz. U. z 2002 r. Nr 163, poz. 1349">§12 ust 1 pkt 2 rozporządzenia Ministra Sprawiedliwości z 28 września 2002 roku w sprawie opłat za czynności radców prawnych oraz ponoszenia przez Skarb Państwa kosztów pomocy prawnej udzielonej przez radcę prawnego ustanowionego z urzędu</xLexLink> (Dz. U. z 2002 roku Nr 163, poz. 1349 ze zm.).</xText>
          
          <xText>
    W.Kaźmierska I.Wiszniewska A.Sołtyka
  </xText>
        </xUnit>
      </xBlock>
    </xPart>
  </judgement>
<judgement id="155500000000503_I_ACa_000638_2012_Uz_2012-11-28_001">
    <xPart xEditorFullName="Sylwia Kędziorek" xYear="2012" xLang="PL" xPublisherFullName="Sylwia Kędziorek" xFromPg="1" xEditor="skedziorek" xVolType="15/550000/0000503/ACa" xPublisher="skedziorek" xDocType="Uz" xVolNmbr="000638" xVersion="1.0" xToPage="9" xFlag="published">
      <xName>Wyrok+Uzasadnienie</xName>
      <xBlock>
        <xText>Sygn. akt I ACa 638/12</xText>
        
        <xUnit xIsTitle="true" xType="part" xBold="true">
          <xName>WYROK</xName>
          <xTitle>W IMIENIU RZECZYPOSPOLITEJ POLSKIEJ</xTitle>
          <xText xALIGNx="right">Dnia 28 listopada 2012 r.</xText>
          
          <xText>Sąd Apelacyjny w Szczecinie I Wydział Cywilny</xText>
          <xText>w składzie następującym:</xText>
          <xRows>
            <xCOLGROUPx>
              <xCOLx xWIDTHx="258"/>
              <xCOLx xWIDTHx="442"/>
            </xCOLGROUPx>
            <xRow>
              <xClmn xALIGNx="left" xVALIGNx="top">
                <xText xALIGNx="right">Przewodniczący:</xText>
              </xClmn>
              <xClmn xALIGNx="left" xVALIGNx="top">
                <xText>SSA Iwona Wiszniewska (spr.)</xText>
              </xClmn>
            </xRow>
            <xRow>
              <xClmn xALIGNx="left" xVALIGNx="top">
                <xText xALIGNx="right">Sędziowie:</xText>
              </xClmn>
              <xClmn xALIGNx="left" xVALIGNx="top">
                <xText>SA Wiesława Kaźmierska</xText>
                <xText>SA Agnieszka Sołtyka</xText>
              </xClmn>
            </xRow>
            <xRow>
              <xClmn xALIGNx="left" xVALIGNx="top">
                <xText xALIGNx="right">Protokolant:</xText>
              </xClmn>
              <xClmn xALIGNx="left" xVALIGNx="top">
                <xText>sekr.sądowy Magdalena Stachera</xText>
              </xClmn>
            </xRow>
          </xRows>
          
          <xText>po rozpoznaniu w dniu 28 listopada 2012 r. na rozprawie w Szczecinie
  </xText>
          <xText>sprawy z powództwa <xAnon>J. H.</xAnon></xText>
          <xText>przeciwko <xAnon> (...) spółce z ograniczoną odpowiedzialnością</xAnon> w <xAnon>W.</xAnon></xText>
          <xText>o zapłatę</xText>
          <xText>na skutek apelacji pozwanej</xText>
          <xText>od wyroku Sądu Okręgowego w Koszalinie</xText>
          <xText>z dnia 18 maja 2012 r., sygn. akt I C 381/11</xText>
          
          <xText xALIGNx="center">
            <xBx>oddala apelację.</xBx>
          </xText>
          
          <xText>
            <xIx>
      Wiesława Kaźmierska Iwona Wiszniewska Agnieszka Sołtyka </xIx>
          </xText>
          
          <xText>Sygn. akt I ACa 638/12</xText>
        </xUnit>
        <xUnit xIsTitle="true" xType="part" xBold="true">
          <xName>UZASADNIENIE</xName>
          <xText><xAnon>J. H.</xAnon> wniósł pozew przeciwko <xAnon> (...) spółka z ograniczoną odpowiedzialnością</xAnon> w <xAnon>W.</xAnon> o zapłatę kwoty 38 145,21 z wraz z ustawowymi odsetkami od dnia wniesienia pozwu do dnia zapłaty.</xText>
          <xText>W uzasadnieniu wskazał, że jako jeden ze współautorów projektu wynalazczego zawarł z pozwaną umowę na wykorzystanie ww. projektu za wynagrodzeniem. Zgodnie z umową pozwana zobowiązała się do zapłaty na rzecz autorów projektu wynagrodzenia w wysokości 500 000 zł za pierwszy zakład wybudowany na podstawie projektu, z którego powodowi przysługiwała należność w wysokości 70% tego wynagrodzenia, tj. 350 000 zł. Płatność na rzecz powoda miała zostać dokonana w terminie 14 dni od uprawomocnienia się decyzji Urzędu Patentowego o udzieleniu na rzecz pozwanej patentu na powyższy wynalazek. Decyzja wydana została 22 maja 2009 roku. W celu obliczenia należnych odsetek powód przyjął za datę doręczenia stronie pozwanej decyzji dzień dokonania opłaty za ochronę i publikację informacji o udzielonym patencie tj. dzień 9 czerwca 2009 roku. Tym samym powód przyjął, iż decyzja o udzieleniu patentu uprawomocniła się w dniu 9 sierpnia 2009 roku, a należne mu wynagrodzenie powinno być wypłacone do dnia 23 sierpnia 2009 roku. Pozwana jednak dokonała zapłaty wynagrodzenia na rzecz powoda dopiero 25 czerwca 2010 roku. Z uwagi na dopuszczanie się przez pozwaną zwłoki, powód zgodnie z treścią <xLexLink xArt="art. 481" xIsapId="WDU19640160093" xTitle="Ustawa z dnia 23 kwietnia 1964 r. - Kodeks cywilny" xAddress="Dz. U. z 1964 r. Nr 16, poz. 93">art. 481 k.c.</xLexLink>, żąda od pozwanej zapłaty odsetek za czas opóźnienia tj. od dnia 24 sierpnia 2009 roku do dnia 25 czerwca 2010 roku. W związku z brakiem zapłaty odsetek za zwłokę, powód skierował do pozwanej wezwanie do zapłaty, którego pozwana nie spełniła.</xText>
          <xText>W odpowiedzi na pozew, pozwana wniosła o oddalenie powództwa w całości.</xText>
          <xText>Uzasadniając swoje stanowisko podała, że uzgodniła z powodem, że z uwagi na jej trudną sytuację finansową, termin płatności wynagrodzenia ulegnie przedłużeniu do czerwca 2010 roku, a powód nie będzie dochodził z tego tytułu odsetek. Uzgodnienia te miały miejsce przy okazji obrad Rady Nadzorczej, w której uczestniczył powód.</xText>
          <xText>Wyrokiem z dnia 18 maja 2012 roku Sąd Okręgowy w Koszalinie zasądził od pozwanej na rzecz powoda kwotę 38 145,21 zł z ustawowymi odsetkami od dnia 19 października 2011 r. do dnia zapłaty (punkt 1) oraz kwotę 4 325 zł tytułem kosztów procesu.</xText>
          <xText>Podstawę powyższego rozstrzygnięcia stanowiły następujące ustalenia faktyczne i rozważania.</xText>
          <xText><xAnon>J. H.</xAnon>, jako jeden ze współautorów projektu wynalazczego pod nazwą <xAnon> (...)</xAnon> energetyczny elektrociepłowni małej mocy”, zawarł w dniu 18 maja 2004 roku z pozwaną <xAnon> - (...) sp. z o.o.</xAnon> z siedzibą w <xAnon>W.</xAnon> (ówczesna firma Spółki to: <xAnon> (...) sp. z o.o.</xAnon> w <xAnon>W.</xAnon>), umowę na wykorzystanie ww. projektu wynalazczego za wynagrodzeniem. Zgodnie z §4 umowy, pozwana zobowiązała się do zapłaty na rzecz autorów projektu wynagrodzenia w wysokości 500 000 złotych za pierwszy zakład wybudowany w <xAnon>W.</xAnon>, z którego powodowi, zgodnie z postanowieniami zawartymi w §6 umowy, przysługiwało 70% tego wynagrodzenia. Płatność na rzecz powoda miała zostać dokonana w terminie 14 dni od uprawomocnienia się decyzji Urzędu Patentowego o udzieleniu na rzecz pozwanej patentu na powyższy wynalazek (§4 ust. 1 umowy). Nadto w §8 ust. 1 umowy zawarto zastrzeżenie, że wszelkie zmiany i uzupełnienia umowy wymagają formy pisemnej, pod rygorem nieważności. Natomiast w §8 ust. 2 umowy wskazano, że w sprawach nie uregulowanych umową, zastosowanie mają przepisy <xLexLink xArt="" xIsapId="WDU19640160093" xTitle="Ustawa z dnia 23 kwietnia 1964 r. - Kodeks cywilny" xAddress="Dz. U. z 1964 r. Nr 16, poz. 93">kodeksu cywilnego</xLexLink>.</xText>
          <xText>W dniu 22 maja 2009 roku Urząd Patentowy wydał decyzję, na mocy której udzielił pozwanej spółce, patentu na wynalazek. Decyzja ta została pozwanej spółce doręczona 26 maja 2009 roku.</xText>
          <xText>Wynagrodzenie z tytułu zawartej między stronami umowy zostało przez pozwaną wypłacone powodowi 25 czerwca 2010 roku.</xText>
          <xText>Pismem z 17 stycznia 2011 roku powód wezwał pozwaną spółkę do zapłaty na jego rzecz odsetek od nieterminowo wypłaconego wynagrodzenia za okres od 19 czerwca 2009 roku do 25 czerwca 2010 roku (371 dni), wyliczając należność z tego tytułu na kwotę 46247,95 złotych. Kolejne, tym razem przedsądowe wezwanie do zapłaty, powód skierował do pozwanej pismem z 10 lutego 2011 roku. W odpowiedzi na oba wezwania, pozwana nie wyraziła zgody na zapłatę należności żądanych przez powoda wskazując, że w maju 2010 roku, na jednym ze spotkań ustalono, że zapłata z tytułu „wynagrodzenia autorów” nastąpi w trzech comiesięcznych ratach, począwszy od lipca 2010 roku. Mimo tego, na prośbę powoda, zapłatę zrealizowano w czerwcu 2010 roku w formie jednorazowej zapłaty. Nadto podniosła, że według ustaleń, autorzy mieli nie występować w stosunku do spółki o odsetki. Ustosunkowując się do pisma pozwanej, powód wystosował pismo, datowane na 21 lutego 2011 roku wskazując, że nigdy nie zrzekał się odsetek z tytułu nieterminowego uiszczenia na jego rzecz wynagrodzenia.</xText>
          <xText>Z ustaleń Sądu pierwszej instancji wynika, że podczas obrad Rady Nadzorczej pozwanej, między powodem a przedstawicielami pozwanej prowadzone były rozmowy w sprawie wypłaty na rzecz powoda wynagrodzenia z tytułu umowy autorskiej. Rozmowy dotyczyły terminu wypłaty wynagrodzenia oraz odsetek należnych powodowi z tytułu nieterminowego uiszczenia należności. Pozwana w wyniku tych rozmów sporządziła projekt aneksu do umowy z 18 maja 2004 roku, na mocy którego termin płatności wynagrodzenia twórców z tytułu zawartej umowy określono na dzień 21 czerwca 2010 roku. Powód nie zaakceptował aneksu.</xText>
          <xText>Zdaniem Sądu Okręgowego, powództwo zasługiwało na uwzględnienie w całości.</xText>
          <xText>Sąd pierwszej instancji odwołał się do treści <xLexLink xArt="art. 481;art. 481 § 1" xIsapId="WDU19640160093" xTitle="Ustawa z dnia 23 kwietnia 1964 r. - Kodeks cywilny" xAddress="Dz. U. z 1964 r. Nr 16, poz. 93">art. 481 §1 k.c.</xLexLink> i stwierdził, że przepis ten nakazuje dłużnikowi płacić odsetki bez względu na przyczyny uchybienia terminowi płatności sumy głównej. Odsetki za opóźnienie przysługują zarówno, gdy dłużnik dopuści się zwłoki (opóźnienia kwalifikowanego), jak i opóźnienia zwykłego. W konsekwencji wierzyciel dochodząc odsetek za opóźnienie, nie musi wykazywać swej szkody.</xText>
          <xText>Jak wynika z treści zawartej między stronami umowy z 19 maja 2004 roku, wynagrodzenie z tytułu wykonania przez powoda umowy miało mu zostać uiszczone w terminie 14 dni od uprawomocnienia się orzeczenia Urzędu Patentowego wydanego w sprawie o uzyskanie praw ochronnych w trybie przepisów <xLexLink xArt="" xIsapId="WDU20010490508" xTitle="Ustawa z dnia 30 czerwca 2000 r. - Prawo własności przemysłowej" xAddress="Dz. U. z 2001 r. Nr 49, poz. 508">prawa własności przemysłowej</xLexLink> (§4 ust. 1 umowy). Zgodnie z <xLexLink xArt="art. 244;art. 244 ust. 1" xIsapId="WDU20010490508" xTitle="Ustawa z dnia 30 czerwca 2000 r. - Prawo własności przemysłowej" xAddress="Dz. U. z 2001 r. Nr 49, poz. 508">art. 244 ust. 1 ustawy z 30 czerwca 2000 roku Prawo własności przemysłowej</xLexLink>, od decyzji Urzędu Patentowego stronie służy wniosek o ponowne rozpatrzenie sprawy w rozumieniu <xLexLink xArt="" xIsapId="WDU19600300168" xTitle="Ustawa z dnia 14 czerwca 1960 r. - Kodeks postępowania administracyjnego" xAddress="Dz. U. z 1960 r. Nr 30, poz. 168">Kodeksu postępowania administracyjnego</xLexLink>. Ustęp 4 powołanego przepisu wskazuje natomiast, że termin do złożenia wniosku o ponowne rozpatrzenie sprawy zakończonej decyzją wynosi 2 miesiące, a zakończonej postanowieniem - 1 miesiąc od dnia doręczenia stronie decyzji lub postanowienia.</xText>
          <xText>Decyzja taka została doręczona pozwanej 26 maja 2009 roku. Żadna ze stron nie powoływała się na zaskarżenie decyzji Urzędu Patentowego z 22 maja 2009 roku. Stała się ona prawomocna 27 lipca 2009 roku. Termin do uiszczenia przez pozwaną spółkę wynagrodzenia na rzecz pozwanego upływał więc 10 sierpnia 2009 roku. Sąd Okręgowy wskazał, że powód wniósł o zasądzenie na jego rzecz odsetek liczonych od dnia 24 sierpnia 2009 roku, przyjmując, że doręczenie decyzji pozwanej miało miejsce najpóźniej 9 czerwca 2009 roku. Pozwana nie zakwestionowała takiego sposobu naliczenia odsetek.</xText>
          <xText>Pozwana podjęła natomiast próbę kwestionowania należności odsetkowych na rzecz powoda, powołując się na ustne ustalenia między stronami w zakresie przesunięcia terminu płatności wynagrodzenia na czerwiec 2010 roku. Zdaniem Sądu Okręgowego należało przyjąć, że rozmowy na ten temat rzeczywiście miały miejsce. Zresztą sam powód nie kwestionował tej okoliczności. Wynikiem tych rozmów było sporządzenie przez pozwaną projektu aneksu do umowy z 18 maja 2004 roku, który przewidywał termin zapłaty wynagrodzenia na 21 czerwca 2010 roku. Aneks ten jednak nie został podpisany przez żadną ze stron. Stąd wszelkie ustne ustalenia stron w tym zakresie nie mogły wywierać jakiegokolwiek skutku, skoro w § 8 ust. 1 umowy z 18 maja 2004 roku wyraźnie zastrzeżono, że wszelkie zmiany i uzupełnienia umowy wymagają formy pisemnej i to pod rygorem nieważności. Natomiast §8 ust. 2 umowy wskazano, że w sprawach nie uregulowanych umową, zastosowanie mają przepisy <xLexLink xArt="" xIsapId="WDU19640160093" xTitle="Ustawa z dnia 23 kwietnia 1964 r. - Kodeks cywilny" xAddress="Dz. U. z 1964 r. Nr 16, poz. 93">kodeksu cywilnego</xLexLink>. Jak zaś wynika z treści <xLexLink xArt="art. 76;art. 77;art. 77 § 1" xIsapId="WDU19640160093" xTitle="Ustawa z dnia 23 kwietnia 1964 r. - Kodeks cywilny" xAddress="Dz. U. z 1964 r. Nr 16, poz. 93">art. 76 i 77 § 1 k.c.</xLexLink> jeżeli na podstawie ustawy lub z woli stron obowiązywały wymagania formalne w zakresie zachowania określonej formy szczególnej, to te wymagania obowiązują także w odniesieniu do czynności polegających na uzupełnieniu lub zmianie umowy. Oznacza to, że niezachowanie właściwej formy przy uzupełnieniu lub zmianie umowy spowoduje te same skutki, które były przewidziane na wypadek niezachowania wymagań formalnych dla zawarcia umowy. Skoro strony w zawartej umowie wyraźnie przewidziały zachowanie formy pisemnej dla wszelkich zmian i uzupełnień umowy, a w aktach sprawy brak podpisanego przez strony pisemnego porozumienia w zakresie przesunięcia terminu płatności wynagrodzenia na rzecz powoda, to przyjąć należało, że wszelkie ustne ustalenia na ten temat należy uznać za nieważne, a tym samym nie wywołujące skutków prawnych. To z kolei musiało skutkować przyjęciem, że bez znaczenia dla rozstrzygnięcia sprawy miała treść tych ustnych ustaleń oraz przyczyny, dla jakich pozwana nie uiściła wynagrodzenia na rzecz powoda w ustalonym przez strony w umowie terminie. Wobec nieważności tych ustaleń i braku wpływu na treść wiążącej strony umowy z 18 maja 2004 roku uznać należało, że termin wypłaty wynagrodzenia przez pozwaną spółkę na rzecz powoda upływał 10 sierpnia 2009 roku i od dnia następnego, tj. od 11 sierpnia 2009 roku, powodowi należały się odsetki za zwłokę w wypłacie należnego mu wynagrodzenia. Skoro pozwana wynagrodzenie to uiściła 25 czerwca 2009 roku to roszczenie powoda, który domagał się zasądzenia odsetek liczonych od 24 sierpnia 2009 roku do 25 czerwca 2010 roku, należało uwzględnić w całości.</xText>
          <xText>W <xLexLink xArt="art. 108 § 1 pkt. 2" xIsapId="WDU19640430296" xTitle="Ustawa z dnia 17 listopada 1964 r. - Kodeks postępowania cywilnego" xAddress="Dz. U. z 1964 r. Nr 43, poz. 296">pkt. 2</xLexLink> Sąd Okręgowy orzekł o kosztach postępowania, na podstawie <xLexLink xArt="art. 108;art. 108 § 1" xIsapId="WDU19640430296" xTitle="Ustawa z dnia 17 listopada 1964 r. - Kodeks postępowania cywilnego" xAddress="Dz. U. z 1964 r. Nr 43, poz. 296">art. 108 §1 k.p.c.</xLexLink> w zw. z <xLexLink xArt="art. 98" xIsapId="WDU19640430296" xTitle="Ustawa z dnia 17 listopada 1964 r. - Kodeks postępowania cywilnego" xAddress="Dz. U. z 1964 r. Nr 43, poz. 296">art. 98 § k.p.c</xLexLink>, zgodnie z zasadą odpowiedzialności za wynik procesu.</xText>
          <xText>Apelację od wyroku Sądu Okręgowego wywiódł pozwany, który zaskarżył go w całości i wniósł o jego uchylenie i przekazanie sprawy do ponownego rozpoznania sądowi pierwszej instancji z pozostawieniem temu sądowi rozstrzygnięcia o kosztach postępowania apelacyjnego.</xText>
          <xText>Zaskarżonemu orzeczeniu apelujący zarzucił:</xText>
          <xText>1. naruszenie prawa materialnego tj. <xLexLink xArt="art. 481" xIsapId="WDU19640160093" xTitle="Ustawa z dnia 23 kwietnia 1964 r. - Kodeks cywilny" xAddress="Dz. U. z 1964 r. Nr 16, poz. 93">art. 481 k.c.</xLexLink> poprzez jego bezzasadne zastosowanie i przyjęcie, iż powodowi należą się odsetki od wynagrodzenia również w sytuacji, gdy udzielił on pozwanemu zwłoki w realizacji zobowiązania;</xText>
          <xText>2. naruszenie przepisów postępowania, które miały wpływ na wynik sprawy tj.</xText>
          <xText>a) <xLexLink xArt="art. 328;art. 328 § 2" xIsapId="WDU19640430296" xTitle="Ustawa z dnia 17 listopada 1964 r. - Kodeks postępowania cywilnego" xAddress="Dz. U. z 1964 r. Nr 43, poz. 296">art. 328 § 2 k.p.c.</xLexLink> poprzez nieujęcie w uzasadnieniu jakichkolwiek ustaleń sądu w zakresie:</xText>
          <xText>- zawarcia przez strony porozumienia o udzieleniu przez powoda zwłoki w wykonaniu zobowiązania przez pozwanego i ustaleniu nowego terminu płatności,</xText>
          <xText>- zrzeczenia się przez powoda praw do odsetek z tytułu opóźnienia w płatności,</xText>
          <xText>- oceny wiarygodności poszczególnych dowodów ewentualnie,</xText>
          <xText>b) <xLexLink xArt="art. 233" xIsapId="WDU19640430296" xTitle="Ustawa z dnia 17 listopada 1964 r. - Kodeks postępowania cywilnego" xAddress="Dz. U. z 1964 r. Nr 43, poz. 296">art. 233 k.p.c.</xLexLink> poprzez poczynienie ustaleń niezgodnych ze zgromadzonym materiałem dowodowym, a tym samym dokonanie dowolnej oceny zgromadzonych dowodów i przyjęcie, iż:</xText>
          <xText>- nie doszło do zawarcia przez strony porozumienia o udzieleniu przez powoda zwłoki w wykonaniu zobowiązania przez pozwanego i ustaleniu nowego terminu płatności</xText>
          <xText>- nie doszło do zrzeczenia się przez powoda praw do odsetek z tytułu opóźnienia w płatności.</xText>
          <xText>W uzasadnieniu pozwany podniósł, że ustalenia stron nie dotyczyły modyfikacji łączącego je stosunku zobowiązaniowego, ale udzielenia przez wierzyciela zwłoki dłużnikowi. Taka czynność może natomiast nastąpić w jakiejkolwiek formie. Nadto, zdaniem apelującego ustalenie, iż strony osiągnęły porozumienie co do zmiany terminu płatności może mieć istotne znaczenie z punktu widzenia oceny, czy roszczenie powoda nie stanowi nadużycia prawa w rozumieniu <xLexLink xArt="art. 5" xIsapId="WDU19640160093" xTitle="Ustawa z dnia 23 kwietnia 1964 r. - Kodeks cywilny" xAddress="Dz. U. z 1964 r. Nr 16, poz. 93">art. 5 k.c.</xLexLink> Także, gdyby okoliczności dotyczące zmiany terminu płatności były rzeczywiście nieistotne dla sprawy, sąd nie powinien w zakresie tych okoliczności przeprowadzać jakiegokolwiek postępowania dowodowego. Skoro zatem sąd przeprowadził w tym zakresie postępowanie, uznał tym samym, że okoliczności te są istotne dla rozstrzygnięcia. W tej sytuacji sąd miał obowiązek poczynić ustalenie w zakresie w/w okoliczności i zawrzeć swoje ustalenia w uzasadnieniu, wskazując, na czym oparł swoje ustalenia. Tymczasem sąd w uzasadnieniu w ogóle nie ustalił, czy strony osiągnęły ustne porozumienie co do zmiany terminu płatności i ograniczył się jedynie do stwierdzenia, że strony prowadziły w tym temacie rozmowy. Podobnie w uzasadnieniu brak jest jakichkolwiek ustaleń odnośnie do drugiego zarzutu pozwanego, iż powód zrzekł się swoich roszczeń z tytułu odsetek wobec pozwanego. Jest zaś poza sporem, że zwolnienie z długu przewidziane w <xLexLink xArt="art. 508" xIsapId="WDU19640160093" xTitle="Ustawa z dnia 23 kwietnia 1964 r. - Kodeks cywilny" xAddress="Dz. U. z 1964 r. Nr 16, poz. 93">art. 508 k.c.</xLexLink> może nastąpić w jakiejkolwiek formie. Uzasadnienie zaskarżonego wyroku nie zawiera również oceny wiarygodności dowodów zgromadzonych w sprawie.</xText>
          
          <xText>
            <xBx> Sąd Apelacyjny zważył, co następuje:</xBx>
          </xText>
          <xText>Apelacja pozwanego okazała się bezzasadna.</xText>
          <xText>Kontrola instancyjna wykazała, że Sąd Okręgowy prawidłowo zgromadził materiał dowodowy, dokonał jego oceny w granicach określonych w <xLexLink xArt="art. 233;art. 233 § 1" xIsapId="WDU19640430296" xTitle="Ustawa z dnia 17 listopada 1964 r. - Kodeks postępowania cywilnego" xAddress="Dz. U. z 1964 r. Nr 43, poz. 296">art. 233 § 1 k.p.c.</xLexLink> i na podstawie poczynionych w ten sposób ustaleń doszedł do trafnych wniosków prawnych.</xText>
          <xText>Odnosząc się w pierwszej kolejności do zarzutów naruszenia prawa procesowego tj. <xLexLink xArt="art. 328;art. 328 § 2;art. 328 § 233;art. 328 § 1" xIsapId="WDU19640430296" xTitle="Ustawa z dnia 17 listopada 1964 r. - Kodeks postępowania cywilnego" xAddress="Dz. U. z 1964 r. Nr 43, poz. 296">art. 328 § 2 i 233 § 1 k.p.c.</xLexLink> wyjaśnić należało, że istotnie Sąd pierwszej instancji nie zawarł w pisemnym uzasadnieniu rozstrzygnięcia szczegółowych ustaleń co do negocjacji prowadzonych między stronami w zakresie przesunięcia terminu płatności wynikającej z zwartej w dniu 18 maja 2004 r. umowy o wykorzystanie projektu wynalazczego oraz zrzeczenia się przez powoda roszczenia o odsetki a w szczególności nie dokonał oceny wiarygodności przeprowadzonych w tym zakresie dowodów, mimo, iż zdecydował się prowadzić postępowanie dowodowe na okoliczność owych negocjacji. Ustalił jedynie, iż miedzy stronami były prowadzone rozmowy w tym przedmiocie jednakże nie zakończyły się one podpisaniem stosownego aneksu do umowy.</xText>
          <xText>Zgodzić należy się z Sądem pierwszej instancji, iż kluczowe znaczenie w sprawie miał fakt, iż w przedmiotowej umowie z 18 maja 2004 r. strony uzgodniły, że wszelkie zmiany i uzupełnienia wymagają formy pisemnej pod rygorem nieważności (§ 8 umowy – k. 8v.). Zasadnie przyjął Sąd pierwszej instancji, że strony umowy zawartej w formie pisemnej mogą dokonywać jej zmiany w dowolnej formie z tym zastrzeżeniem, że jeżeli zastrzegły takowe zmiany w formie pisemnej pod rygorem nieważności, forma taka – dla skuteczności zmiany – winna zostać zachowana również dla zmian umowy.. Nie sposób przy tym zgodzić się z pozwanym, iż uzgodnienia poczynione przez strony nie dotyczyły modyfikacji umowy, bowiem skoro umowa określa termin płatności świadczenia, to przesunięcie owego terminu stanowi zmianę umowy. Sama pozwana powoływała się przy tym właśnie na dokonaną po zawarciu umowy zmianę terminu płatności wynagrodzenia (k.19, 36). Zmianą umowy w rozumieniu <xLexLink xArt="art. 77;art. 77 § 1" xIsapId="WDU19640160093" xTitle="Ustawa z dnia 23 kwietnia 1964 r. - Kodeks cywilny" xAddress="Dz. U. z 1964 r. Nr 16, poz. 93">art. 77 § 1 k.c.</xLexLink> jest każda modyfikacja pierwotnej treści zobowiązania. Powoływanie się przy tym przez pozwaną na odrębny stosunek zobowiązaniowy w postaci zawarcia przez strony w formie ustnej umowy o zwolnienie z długu (<xLexLink xArt="art. 508;art. 508 § 1" xIsapId="WDU19640160093" xTitle="Ustawa z dnia 23 kwietnia 1964 r. - Kodeks cywilny" xAddress="Dz. U. z 1964 r. Nr 16, poz. 93">art. 508 § 1 k.c.</xLexLink>) czy też zawarcie ugody pozasądowej (<xLexLink xArt="art. 917" xIsapId="WDU19640160093" xTitle="Ustawa z dnia 23 kwietnia 1964 r. - Kodeks cywilny" xAddress="Dz. U. z 1964 r. Nr 16, poz. 93">art. 917 k.c.</xLexLink>) również uznać należy za chybione. Zwolnienie z długu polega na tym, że wierzyciel zrzeka się wierzytelności, wobec czego zobowiązanie wygasa. Pomimo tego, iż takie zwolnienie stanowi nową umowę to modyfikuje ono treść innego zobowiązania doprowadzając do umorzenia wierzytelności z niej wynikającej. Większość przedstawicieli doktryny przyjmuje, że przepisy <xLexLink xArt="art. 77" xIsapId="WDU19640160093" xTitle="Ustawa z dnia 23 kwietnia 1964 r. - Kodeks cywilny" xAddress="Dz. U. z 1964 r. Nr 16, poz. 93">art. 77 k.c.</xLexLink> mają zastosowanie do zwolnienia z długu (Por. <xIx>K. Gandor</xIx>, w: System, t. III, cz. 1, s. 891; <xIx>T. Wiśniewski</xIx>, w: Komentarz do KC, Ks. III, t. I, 2005, s. 626; <xIx>K. Zawada</xIx>, w: Komentarz KC, t. I, 2002, s. 1197). Również w wypadku ugody strony czynią sobie wzajemne ustępstwa ale w zakresie istniejącego między nimi stosunku prawnego. Jeżeli dla określonej czynności prawnej z uwagi na jej przedmiot wymagana jest forma szczególna, to i ugoda powinna być zawarta w takiej formie (por. postanowienie Sądu Najwyższego z dnia 8 maja 1975 r., sygn. III CRN 51/75, LEX nr 7700).</xText>
          <xText>Niezależnie od powyższego wskazać należy, iż choć Sąd pierwszej instancji nie dokonał kompleksowej oceny mocy i wiarygodności dowodów pochodzących z osobowych źródeł dowodowych, przeprowadzonych na okoliczność przesunięcia przez strony terminu wynagrodzenia oraz zrzeczenia się przez powoda roszczeń odszkodowawczych (k.53v.) to na podstawie owych dowodów poczynił istotne dla rozstrzygnięcia ustalenia faktyczne w sprawie (k.83) i ustalenia te Sąd Apelacyjny w całości podziela. Co prawda z zeznań przesłuchanych w sprawie świadków (k.70-71) wynika, iż na posiedzeniu radu nadzorczej pozwanej spółki uzgadniana była kwestia rozliczenia wynagrodzenia z powodem to jednakże z zeznań świadków nie wynika kto, po stronie pozwanej, uczestniczył w owych uzgodnieniach co ma oczywiste znaczenia dla stwierdzenia ich wiążącego charakteru. Wystarczającym przy tym dla zakwestionowania wiarygodności zeznań świadków a także przesłuchanego za stronę pozwaną <xAnon>M. F.</xAnon> (k.73) jest wskazanie na fakt, że powodowi przesłany został aneks do umowy, którym przesuwano termin płatności wynagrodzenia, co podważa twierdzenia strony apelującej o czynieniu przez strony wyłącznie ustnych uzgodnień w tym zakresie. Podkreślenia wymaga, że powód konsekwentnie, tak w toku niniejszego postępowania, jak również w korespondencji przedprocesowej zaprzeczał temu aby miał zrzec się roszczenia o odsetki. Nawet jeżeli doszło między stronami do porozumienia co do zapłaty należności w trzech ratach, nie oznacza to jeszcze, że uzgodniono zrzeczenie się przez wierzyciela prawa do odsetek. Takowe zaś zrzeczenie winno być jednoznaczne i wyraźne. Nie może także odnieść zamierzonego skutku zarzucanie powodowi, iż tenże nie występował z niniejszym roszczeniem przed 2011 rokiem bowiem to wierzyciel swobodnie decyduje, w którym momencie zrealizuje swoje roszczenia przy czym zauważyć należy, że z zeznań świadków oraz stron wynika, iż w 2009 roku sytuacja spółki była trudna i poprawiła się w 2010 roku co spowodowało, że już kwietniu 2010 r. powód „postawił wyraźnie żądania wypłaty jego należności” (k.70).</xText>
          <xText>Reasumując, w przedmiotowej sprawie ocena dowodów dokonana przez Sąd Okręgowy – w zakresie stwierdzenia nie sporządzenia przez strony w formie pisemnej umowy zmieniającej umowę z zakresie przesunięcie terminu płatności wynagrodzenia - jest zgodna z <xLexLink xArt="art. 233;art. 233 § 1" xIsapId="WDU19640430296" xTitle="Ustawa z dnia 17 listopada 1964 r. - Kodeks postępowania cywilnego" xAddress="Dz. U. z 1964 r. Nr 43, poz. 296">art. 233 § 1 k.p.c.</xLexLink>, a przedstawiona przez Sąd pierwszej instancji argumentacja przekonująca. Przeprowadzona zaś przez Sąd Apelacyjny ocena dowodów w zakresie ustnych ustaleń między stronami również wskazuje, iż w istotnym z punktu widzenia niniejszego postępowania zakresie, nie doszło między stronami do porozumienia, które zmieniałoby treść umowy z dnia 18 maja 2004 r.</xText>
          <xText>Biorąc pod uwagę powyższe, Sąd Apelacyjny, działając na podstawie <xLexLink xArt="art. 385" xIsapId="WDU19640430296" xTitle="Ustawa z dnia 17 listopada 1964 r. - Kodeks postępowania cywilnego" xAddress="Dz. U. z 1964 r. Nr 43, poz. 296">art. 385 k.p.c.</xLexLink> oddalił apelację jako bezzasadną.</xText>
          
          <xText>
            <xIx>
      Wiesława Kaźmierska Iwona Wiszniewska Agnieszka Sołtyka </xIx>
          </xText>
        </xUnit>
      </xBlock>
    </xPart>
  </judgement>
<judgement id="155500000000503_I_ACa_000622_2012_Uz_2012-11-28_001">
    <xPart xEditorFullName="Sylwia Kędziorek" xYear="2012" xLang="PL" xPublisherFullName="Sylwia Kędziorek" xFromPg="1" xEditor="skedziorek" xVolType="15/550000/0000503/ACa" xPublisher="skedziorek" xDocType="Uz" xVolNmbr="000622" xVersion="1.0" xToPage="12" xFlag="published">
      <xName>Wyrok+Uzasadnienie</xName>
      <xBlock>
        <xText>Sygn. akt I ACa 622/12</xText>
        
        <xUnit xIsTitle="true" xType="part" xBold="true">
          <xName>WYROK</xName>
          <xTitle>W IMIENIU RZECZYPOSPOLITEJ POLSKIEJ</xTitle>
          <xText xALIGNx="right">Dnia 28 listopada 2012 r.</xText>
          
          <xText>Sąd Apelacyjny w Szczecinie I Wydział Cywilny</xText>
          <xText>w składzie następującym:</xText>
          <xRows>
            <xCOLGROUPx>
              <xCOLx xWIDTHx="258"/>
              <xCOLx xWIDTHx="442"/>
            </xCOLGROUPx>
            <xRow>
              <xClmn xALIGNx="left" xVALIGNx="top">
                <xText xALIGNx="right">Przewodniczący:</xText>
              </xClmn>
              <xClmn xALIGNx="left" xVALIGNx="top">
                <xText>SSA Iwona Wiszniewska</xText>
              </xClmn>
            </xRow>
            <xRow>
              <xClmn xALIGNx="left" xVALIGNx="top">
                <xText xALIGNx="right">Sędziowie:</xText>
              </xClmn>
              <xClmn xALIGNx="left" xVALIGNx="top">
                <xText>SA Wiesława Kaźmierska</xText>
                <xText>SA Agnieszka Sołtyka (spr.)</xText>
              </xClmn>
            </xRow>
            <xRow>
              <xClmn xALIGNx="left" xVALIGNx="top">
                <xText xALIGNx="right">Protokolant:</xText>
              </xClmn>
              <xClmn xALIGNx="left" xVALIGNx="top">
                <xText>sekr.sądowy Magdalena Stachera</xText>
              </xClmn>
            </xRow>
          </xRows>
          
          <xText>po rozpoznaniu w dniu 28 listopada 2012 r. na rozprawie w Szczecinie
  </xText>
          <xText>sprawy z powództwa <xAnon>P. T.</xAnon></xText>
          <xText>przeciwko Skarbowi Państwa - Nadleśniczemu Nadleśnictwa <xAnon>S.</xAnon></xText>
          <xText>o zapłatę</xText>
          <xText>na skutek apelacji powoda</xText>
          <xText>od wyroku Sądu Okręgowego w Gorzowie Wielkopolskim</xText>
          <xText>z dnia 3 lipca 2012 r., sygn. akt I C 205/09</xText>
          
          <xUnit xIsTitle="false" xType="none">
            <xName xSffx=".">I</xName>
            <xText>
              <xBx> oddala apelację, </xBx>
            </xText>
          </xUnit>
          <xUnit xIsTitle="false" xType="none">
            <xName xSffx=".">II</xName>
            <xText>
              <xBx> zasądza od powoda na rzecz Skarbu Państwa - Prokuratorii Generalnej Skarbu Państwa kwotę 2.266,18 złotych (dwa tysiące dwieście sześćdziesiąt sześć złotych i osiemnaście groszy) złotych tytułem kosztów postępowania apelacyjnego. </xBx>
            </xText>
          </xUnit>
          
          <xText>
            <xIx>
      Wiesława Kaźmierska Iwona Wiszniewska Agnieszka Sołtyka </xIx>
          </xText>
        </xUnit>
        <xUnit xIsTitle="true" xType="part" xBold="true">
          <xName>UZASADNIENIE</xName>
          <xText>Powód <xAnon>P. T.</xAnon> domagał się zasądzenia od Skarbu Państwa Nadleśnictwa <xAnon>S.</xAnon> kwoty 91.955,30 złotych z ustawowymi odsetkami od dnia wymagalności do dnia zapłaty z tytułu szkody spowodowanej upadkiem konara drzewa na jego autokar. Na kwotę dochodzoną pozwem składały się: koszt naprawy autokaru w kwocie 60.008 złotych i utracone korzyści w kwocie 31.947,30 złotych spowodowane postojem autokaru w okresie od 4 sierpnia 2008 roku do 5 października 2008 roku.</xText>
          <xText>Pozwany Skarb Państwa Nadleśnictwo <xAnon>S.</xAnon> wniósł o oddalenie powództwa zarzucając, że powód nie wskazał okoliczności mających przemawiać za jego bezprawnym zachowaniem.</xText>
          <xText>Wyrokiem z dnia 3 lipca 2012 roku Sąd Okręgowy w Gorzowie Wielkopolskim oddalił powództwo i zasądził od powoda na rzecz pozwanego kwotę 3600 zł z tytułu kosztów zastępstwa procesowego.</xText>
          <xText>Sąd ten ustalił, że w dniu 4 sierpnia 2008 roku powód jechał jako kierowca swego autokaru <xAnon>marki S. (...)</xAnon> o <xAnon>numerze rejestracyjnym (...)</xAnon> po odbiór turystów nad morze. Na odcinku drogi pomiędzy miejscowością <xAnon>W.</xAnon> a <xAnon>T.</xAnon> około godziny 10.50 na jego autokar spadł nagle konar drzewa bukowego, przygniatając i uszkadzając pojazd. Pękła przednia szyba, zniszczone zostały lusterka, a dach i tył autokaru były przygniecione. Powód nie doznał żadnej szkody na osobie. Zawiadomił policję i straż pożarną. Powód autokarem wrócił do <xAnon>Ł.</xAnon>. Autokar został naprawiony za kwotę 58.900 złotych, którą powód otrzymał z tytułu odszkodowania od swej firmy ubezpieczeniowej. Autokar po wypadku nie ma jednak takiego standardu jak poprzednio. Przez okres naprawy pojazdu powód nie mógł nim zarobkować, przez co utracił kwotę 31.947,30 złotych.</xText>
          <xText>Ustalił też Sąd, że w dniu 4 sierpnia 2008 r. Polska znajdowała się w obszarze oddziaływania aktywnego układu niżowego. W rejonie <xAnon>T.</xAnon> między godziną 9.30 a 12 występowały gwałtowne burze z wyładowaniami atmosferycznymi, wiatr w czasie burz był dość silny i silny, porywisty, w porywach 24-30 m/s, a średnia prędkość wiatru przekraczała 12 m/s.</xText>
          <xText>W dniu 4 sierpnia 2008r <xAnon>W. G.</xAnon> zrobił zdjęcia pozostałej części uszkodzonego drzewa oraz pociętego przez straż pożarną złamanego konaru. W dniu 13 sierpnia 2008 roku zebrała się komisja w osobach <xAnon>H. H.</xAnon>, <xAnon>W. G.</xAnon> i <xAnon>W. J.</xAnon> w celu spisania protokołu z oględzin uszkodzonego drzewa. W wyniku oględzin stwierdzono, że drzewo rosło pionowo, jego oś nie była wyraźnie wychylona w żadnym kierunku, na wysokości 4 -5 metrów od ziemi było rozwidlone tworząc koronę zbudowaną z dwóch konarów o zbliżonej grubości, posiadało zdrowy, dobrze ukształtowany pień. Drzewo posiadało w pełni ulistnioną, zieloną koronę, nie było uschnięte w żadnej części, nie miało też uschniętych fragmentów korony. Drewno drzewa było zdrowe, nie posiadało zgnilizny w pniu ani na żadnym z konarów. W miejscu rozwidlenia konarów była tzw. kieszeń - zagłębienie powstałe wskutek wzajemnego nacisku konarów na siebie i zniekształcania się rozgałęzień w czasie ich wzrastania. W kieszeni tej gromadziła się woda spływająca po pniu i rozkładająca się substancja organiczna. W miejscu rozwidlenia drzewo naturalną koleją rzeczy mogło być osłabione. Tu także powstała zgnilizna, która była w początkowym stadium rozwoju. Na uszkodzonym drzewie widoczne były różne pęknięcia, nie można było jednak stwierdzić, czy powstały przed zdarzeniem czy też w wyniku złamania drzewa w dniu 4 sierpnia 2008 roku. Złamane drzewo mogło mieć wiek około 100 lat, a zatem nie było w wieku rębności.</xText>
          <xText>Powód w dniu 6 sierpnia 2008 roku wzywał ubezpieczyciela pozwanego do zapłaty odszkodowania, jednak ten odmówił. Powód odwoływał się od odmowy wypłaty odszkodowania pismem z dnia 7 października 2008 roku, jednak jego odwołanie nie zostało uwzględnione, o czym poinformował ubezpieczyciel pozwanego pismem z dnia 12 lutego 2009 roku.</xText>
          <xText>Ustalił też Sąd, że pozwany zarządzając terenami leśnymi dokonywał systematycznego przeglądu drzewostanu, kwalifikując poszczególne drzewa do wycinki. Ostatnie cięcia rębne drzewostanu w obrębie oddziału 220, gdzie doszło do zdarzenia, były wykonywane na przełomie 2006/2007 roku. Usunięto wtedy drzewa zagrażające bezpieczeństwu ruchu na drodze. Drzewo, które uszkodziło pojazd powoda, nie zostało zaliczone do drzew wymagających wycięcia. Przeglądy drzewostanów zgodnie z zasadami prawidłowej gospodarki leśnej winny odbywać się raz na kilkanaście lat, im starszy drzewostan, tym przeglądy powinny być rzadsze.</xText>
          <xText>Czyniąc powyższe ustalenia Sąd Okręgowy uznał, że powództwo nie zasługuje na uwzględnienie.</xText>
          <xText>W ocenie sądu powód nie wykazał bezprawnego, zawinionego działania lub zaniechania pozwanego, które mogłoby stanowić podstawę jego odpowiedzialności deliktowej. W ocenie sądu I instancji pozwany w sposób prawidłowy wywiązywał się z obowiązków gospodarowania zasobem leśnym wynikających z <xLexLink xArt="" xIsapId="WDU19911010444" xTitle="Ustawa z dnia 28 września 1991 r. o lasach" xAddress="Dz. U. z 1991 r. Nr 101, poz. 444">ustawy z dnia 28 września 1991r o lasach</xLexLink>. Czynił to przede wszystkim poprzez dokonywanie przeglądów drzewostanu w obrębie <xAnon>(...)</xAnon>, gdzie doszło do zdarzenia wyrządzającego szkodę. Postępowanie dowodowe przeprowadzone w sprawie w ocenie sądu meriti potwierdziło przeprowadzanie czynności rębnych drzewostanu w latach 2005 -2008 na wskazanym terenie. Drzewa stanowiące zagrożenie dla ruchu drogowego, jak również drzewa z oznakami osłabienia, uszkodzenia, uschnięcia były systematycznie wycinane. Wskazał Sąd, że wbrew twierdzeniom powoda ostatnie działania pozwanego dotyczące dbałości o bezpieczeństwo przy drogach datowały się na maj 2008 roku (a zatem trzy miesiące przed zdarzeniem), kiedy to pozwany na wezwanie zarządu dróg porządkował zadrzewienie przy <xAnon>drodze numer (...)</xAnon> na odcinku <xAnon>G.</xAnon> - <xAnon>T.</xAnon>. Wcześniej w grudniu 2007 roku pozwany dokonał wycinki uschniętej sosny przy <xAnon>drodze numer (...)</xAnon> w <xAnon>W.</xAnon>. Podkreślił też Sąd, że na trasie <xAnon>W.</xAnon> - <xAnon>T.</xAnon> w obrębie <xAnon>(...)</xAnon> w latach 2005 - 2008 były prowadzone cięcia drzewostanu. Wszystkie te okoliczności potwierdziły, zdaniem sądu, że pozwany z należytą dbałością wykonywał swe obowiązki zarządu terenami leśnymi, dbając o bezpieczeństwo zwłaszcza przy drogach, usuwając drzewa uszkodzone czy uschnięte. Podkreślił też Sąd, że przeglądy drzewostanu stuletniego, a do takiego należał złamany buk, winny odbywać się co kilkanaście lat, gdyż częstszych przeglądów wymagają jedynie młodsze drzewostany. Dlatego w ocenie Sądu I instancji pozwany dokonując przeglądu drzewostanu w obrębie <xAnon>(...)</xAnon> w latach 2005 - 2008 wywiązał się ze swego obowiązku, wykazał dbałość o prawidłową gospodarkę leśną i nie można zarzucić mu braku staranności.</xText>
          <xText>Odnosząc działania pozwanego do przedmiotowego drzewa, które w dniu 4 sierpnia 2008 roku poprzez złamanie się wyrządziło szkodę w pojeździe powoda, to wskazał Sąd, że drzewo to nie miało zewnętrznych, widocznych „gołym okiem" znamion choroby lub osłabienia. Wyglądało na drzewo zdrowe, w pełni wegetacji. Drzewo było w pełni ulistnione, nie miało żadnych części uschniętych. Konary drzewa miały podobną wielkość. Wynikało to przede wszystkim ze zdjęć znajdujących się w aktach sprawy, na których widać pozostałe po złamaniu drzewo i leżący na drodze odłamany konar. Widoczna jest także tzw. kieszeń, powstała w miejscu rozwidlenia konarów, ma kolor grafitowo - szary. Jednak jak widać to na zdjęciach drewno w miejscu złamania i na pociętych fragmentach złamanego konara było zdrowe, jasne, bez oznak przebarwień. Także pozostała po złamaniu część drzewa, którą ostatecznie również wycięto, nie wyglądała na drzewo chore, zniszczone, osłabione, jego drewno po pocięciu było zdrowe, jasne, bez śladów zgnilizny, próchnicy. Sąd uznał zatem, że drzewo przed zdarzeniem nie miało żadnych cech zewnętrznych, które mogły budzić niepokój pozwanego i kwalifikować drzewo do wycięcia. Było typową „dwójką" bukową, charakterystyczną na tym terenie, podobnie jak wiele innych buków rosnących w sąsiedztwie, także zdrowych i bez zewnętrznych oznak osłabienia. Wskazał też Sąd, że patrząc na drzewo z drogi nie można było zobaczyć jego rozwidlenia i grafitowo - szarego przebarwienia w miejscu rozwidlenia na dwa konary. Tę część można było zobaczyć patrząc z boku. Jednak, zdaniem sądu, sam fakt szarego zabarwienia na korze powyżej rozwidlenia drzewa nie był czymś wyjątkowym, co powinno zakwalifikować drzewo do wycinki. Zauważył bowiem, że podczas wzrostu drzewa rozwidlonego, oba jego konary uciskają na siebie, co powoduje, że kora w tym miejscu jest inna, odbarwiona i szaro – grafitowa. Nie można zatem było zarzucić pozwanemu, że zaniedbał sprawdzenia drzewa na wysokości 5-6 metrów nad ziemią, skoro drzewo wyglądało na zdrowe, nie było osłabione, uschnięte, a więc nie budziło żadnych podejrzeń, co do swego stanu zdrowia. Nie istniała zatem uzasadniona obawa o stan zdrowia drzewa, a co za tym idzie nie było podstaw do podjęcia decyzji przez pozwanego o wcześniejszym wycięciu drzewa jako zagrażającego bezpieczeństwu. Nie można było zarzucić pozwanemu niedbalstwa, nie było więc podstaw do przypisania mu winy. Przyjmuje się bowiem, że przez winę rozumie się naganną decyzję człowieka, odnoszącą się do podjętego przez niego bezprawnego działania lub zaniechania. Takiej nagannej decyzji co do braku usunięcia przedmiotowego drzewa nie można było w ocenie Sądu meriti przypisać pozwanemu.</xText>
          <xText>Co do pęknięcia drzewie, które zdaniem powoda musiały istnieć wcześniej przed zdarzeniem i mogły spowodować rozłup drzewa, to zdaniem sądu okoliczność ta nie została wykazana z całą pewnością. Wskazał, że na zdjęciach drzewa są widoczne pęknięcia, które jednak jak podał biegły, mogły powstać na skutek odłamania konaru podczas zdarzenia w dniu 4 sierpnia 2008 roku, nie było więc pewności, czy i w jakim kształcie istniały one przed zdarzeniem. Zauważył Sąd, że powód nie wykazał tym samym, że drzewo przed zdarzeniem posiadało pęknięcia, które swym wyglądem mogły uzasadniać podjęcie decyzji o jego wycięciu. Zdaniem sądu ,gdyby drzewo uległo uszkodzeniu na skutek rozłupu, to pęknięcie przebiegałoby w sposób pionowy, natomiast zdjęcia dołączone do akt sprawy wskazywały na to, że konar został odłamany poprzez poziome odłamanie.</xText>
          <xText>Dodał też Sąd, że nie można wymagać od pozwanego, by sprawdzał każde drzewo będące „dwójką" w miejscach rozwidlenia jego konarów, a zatem znajdujących się na różnej wysokości od ziemi ( od 4 do 6 metrów). Przede wszystkim drzew takich na terenie pozwanego nadleśnictwa jest bardzo dużo, jak podał biegły od 30 do 40 %, a przecież nie był to jedyny teren leśny, za który odpowiada pozwane nadleśnictwo. Pozwany nie posiada także specjalistycznego sprzętu umożliwiającego badanie drzew na wysokości. Dopiero zewnętrzne objawy osłabienia drzewa powinny zmobilizować pozwanego do szczegółowego przeglądu i podjęcia decyzji o usunięcia zagrożenia. Takich objawów choroby, osłabienia, usychania, widocznej na zewnątrz zgnilizny przedmiotowe drzewo nie wykazywało, nie można więc było mówić o zaniedbaniach pozwanego w tym względzie.</xText>
          <xText>Podkreślił nadto Sąd, jako istotną okoliczność w sprawie, że w dniu zdarzenia 4 sierpnia 2008 roku nad Polską przemieszczał się aktywny niż znad Bałtyku, niosąc ze sobą burze i wyładowania atmosferyczne, a wiatr w czasie burz był silny i porywisty, wiał ze średnią prędkością 12 m/s. Miało to istotne znaczenie w niniejszej sprawie, gdyż silne porywy wiatru mogły przyczynić się do złamania konaru drzewa. Z tych wszystkich względów żądanie zapłaty odszkodowania od pozwanego nie mogło być uwzględnione i dlatego powództwo zostało oddalone.</xText>
          <xText>Apelację od tego wyroku złożył powód.</xText>
          <xText>Zaskarżył wyrok Sądu Okręgowego w Gorzowie Wlkp. w całości zarzucając mu błąd w ustaleniach faktycznych mających istotny wpływ na wynik sprawy, a mianowicie wskutek przyjęcia przez Sąd Okręgowy, że upadek konara drzewa buk „tzw. dwójki” na autobus <xAnon>marki S.</xAnon> , którym jechał powód był skutkiem gwałtownego wiatru - wichury, który tego dnia występował w rejonie miejsca zdarzenia , a nie skutkiem zaniedbania służb leśnych pozwanego Nadleśnictwa <xAnon>S.</xAnon> co wynikało z faktu wadliwego przyjęcia w ramach prowadzonej gospodarki leśnej, zwłaszcza w trakcie przeglądu w maju 2008 r. drzew rosnących w pobliżu ciągu komunikacyjnego ( <xAnon>drogi wojewódzkiej nr (...)</xAnon> ) w odniesieniu do których należałoby podjąć cięcia , na skutek pominięcia przedmiotowego drzewa (lub jednego z jego konarów) do ścięcia; sprzeczność istotnych ustaleń Sądu I instancji z treścią zebranego w sprawie materiału dowodowego, a mianowicie bezzasadne przyjęcie przez Sąd, że drzewo, którego konar spadł w obręb ciągu komunikacyjnego i uszkodził pojazd - autokar <xAnon>marki S.</xAnon>, którym kierował pozwany - było drzewem zdrowym, nie kwalifikującym się do ścięcia lub wycięcia części - konara zwisającego w taki sposób, który zagrażał bezpieczeństwu ruchu drogowego - wbrew stwierdzeniom wyrażonym przez biegłego sądowego - zwłaszcza w uzupełniającej opinii ustnej na rozprawie, jak również contra stanowisku wyrażonemu w prywatnej opinii oraz w zeznaniach świadka <xAnon>L. K.</xAnon>; obrazę przepisów postępowania, a mianowicie naruszenie przepisu <xLexLink xArt="art. 9" xIsapId="WDU19640430296" xTitle="Ustawa z dnia 17 listopada 1964 r. - Kodeks postępowania cywilnego" xAddress="Dz. U. z 1964 r. Nr 43, poz. 296">art. 9 k.p.c.</xLexLink> na skutek zaakceptowania przez Sąd I instancji niewłaściwego postępowania ustanowionego w sprawie biegłego sądowego - a mianowicie przeprowadzenie przez niego czynności wizji lokalnej ( oględzin ) miejsca , w którym doszło do nieszczęśliwego wywołującego szkodę w mieniu powoda zdarzenia wyłącznie przy udziale przedstawiciela strony pozwanej przy jednoczesnym nie powiadomieniu go o terminie czynności, co implikowało uniemożliwienie powodowi przedstawienia biegłemu sądowego stanu rzeczy z jego punktu widzenia jako poszkodowanego, uniemożliwienia udzielenia posiadanych informacji o miejscu zdarzenia bezpośrednio po zaistnieniu szkody oraz uniemożliwienie przedstawienia posiadanego materiału fotograficznego przed wydaniem przez biegłego pisemnej opinii w sprawie, naruszenie przepisów postępowania sprowadzające się do przekroczenia - w rozumieniu <xLexLink xArt="art. 233" xIsapId="WDU19640430296" xTitle="Ustawa z dnia 17 listopada 1964 r. - Kodeks postępowania cywilnego" xAddress="Dz. U. z 1964 r. Nr 43, poz. 296">art. 233 k.p.c.</xLexLink> - granicy swobodnej oceny zgromadzonego w sprawie materiału dowodowego i dowolne uznanie przez Sąd I instancji w szczególności tego, iż przedmiotowe w sprawie drzewo nie miało takich walorów, które kwalifikowało go do wycięcia z uwagi na wymogi zapewnienia bezpieczeństwa dla ruchu drogowego na drodze wojewódzkiej, jak również nie mające należytego uzasadnienia przyjęcie, że w dniu zdarzenia wiał taki wiatr, który był samoistną przyczyną złamania konaru drzewa buk; naruszenie prawa materialnego, a mianowicie na skutek przyjęcia przez Sąd, że materialnoprawną podstawę oceny postępowania w sprawie pozwanego Nadleśnictwa - postrzeganego w kategoriach bezprawności postępowania - stanowi wyłącznie przepis <xLexLink xArt="art. 13" xIsapId="WDU19911010444" xTitle="Ustawa z dnia 28 września 1991 r. o lasach" xAddress="Dz. U. z 1991 r. Nr 101, poz. 444">art. 13 ustawy z dnia 28 września 1991 r. o lasach</xLexLink> - bez uwzględnienia, iż sytuacji o charakterze doraźnym nie sposób uregulować w ramach działań systemowych - w ramach racjonalnej gospodarki leśnej i planu urządzania lasu -z pominięciem powinności związanych z utrzymaniem drzew mogących mieć wpływ na bezpieczeństwo ruchu drogowego - poprzez pryzmat przepisów <xLexLink xArt="" xIsapId="WDU19850140060" xTitle="Ustawa z dnia 21 marca 1985 r. o drogach publicznych" xAddress="Dz. U. z 1985 r. Nr 14, poz. 60">ustawy z dnia 21 marca 1985 r. o drogach publicznych</xLexLink> i aktów wykonawczych do tej ustawy.</xText>
          <xText>Wskazując na powyższe zarzuty apelujący wniósł o zmianę zaskarżonego wyroku i rozstrzygnięcie sprawy jak w pozwie tj. zasądzenie od pozwanego Skarbu Państwa - Nadleśnictwa <xAnon>S.</xAnon> na rzecz powoda - <xAnon>P. T.</xAnon> dochodzonej kwoty odszkodowania z tytułu utraconych korzyści w wysokości 31.947,30 zł. , ewentualnie o uchylenie zaskarżonego wyroku i przekazanie sprawy do ponownego rozpatrzenia sądowi pierwszej instancji. Wniósł też o zasądzenie kosztów za obie instancje.</xText>
          <xText>W odpowiedzi na apelację pozwany wniósł o jej oddalenie i zasądzenie na rzecz Skarbu Państwa- Prokuratorii Generalnej Skarbu Państwa kosztów procesu.</xText>
          
          <xText>
            <xBx>Sąd Apelacyjny zważył, co następuje:</xBx>
          </xText>
          <xText>Apelacja powoda, wywiedziona przez jego profesjonalnego pełnomocnika, okazała się nieuzasadniona.</xText>
          <xText>Wskazać trzeba, że apelujący nie wykazał bezprawnego zaniechania pozwanego, jak i wysokości szkody, jaką rzekomo miał ponieść wskutek jego postępowania jako normatywnych przesłanek wpisanych w odpowiedzialność deliktową na płaszczyźnie <xLexLink xArt="art. 415" xIsapId="WDU19640160093" xTitle="Ustawa z dnia 23 kwietnia 1964 r. - Kodeks cywilny" xAddress="Dz. U. z 1964 r. Nr 16, poz. 93">art. 415 k.c.</xLexLink>, co bezpośrednio skutkowało oddaleniem powództwa i ostatecznie apelacji.</xText>
          <xText>Zdaniem Sądu Apelacyjnego powód nie wykazał, aby w kieszeni drzewa znajdowała się zgnilizna, której stan zaawansowania kwalifikował buk do wycinki, czego przez niedbalstwo pozwany nie wykonał. Z oczywistych tez biegłego sądowego nie wynika, aby tzw. „dwójki” kwalifikowały się do wyrębu, co zważywszy na treść apelacji czyni wnioski tam zawarte dowolnymi. Z samego zaś – niespornego faktu istnienia odbarwienia w miejscu rozczłonkowania pnia drzewa nie wynika, że pień w okolicach kieszeni był zgniły, a dowodzi - jak wyjaśnił biegły, że oba pnie nacierały na siebie podczas wzrostu. Koncepcja istnienia rys na pniu, co miało – zdaniem powoda, kwalifikować drzewo do wycinki i świadczyć o niedbalstwie pozwanego, nie mogła przesądzić o uwzględnieniu powództwa, skoro skarżący nie wykazał, że rysy te istniały przed rozłupaniem pnia. W toku postępowania nie wykluczono bowiem, że rysy te powstały w związku z wypadkiem.</xText>
          <xText>Apelujący formułując zarzut wadliwej oceny dowodów i błędu w ustaleniach faktycznych pomija, że świadkowie <xAnon>G.</xAnon>, <xAnon>J.</xAnon> i <xAnon>H.</xAnon> zeznawali dość spójnie i jednolicie na temat stanu drzewa. Powód uchylił się od podważania za pomocą znajdujących się w sprawie innych dowodów tych zeznań, powołując się jedynie na pozaprawne zarzuty o stronniczości tych świadków bez głębszej i konkretnej krytyki ich stanowiska. Powód nie dostrzega przy tym, że dla wykazania swych twierdzeń mógł powołać szereg dowodów ze świadków w osobach np. strażaków, policjantów przybyłych na miejsce zdarzenia, którzy mogliby zeznać na temat stanu drzewa w dniu zdarzenia oraz panujących wtedy warunków atmosferycznych. Widzieli je bowiem naocznie. Wniosków takich jednak nie złożył, a obligował go do tego <xLexLink xArt="art. 6" xIsapId="WDU19640160093" xTitle="Ustawa z dnia 23 kwietnia 1964 r. - Kodeks cywilny" xAddress="Dz. U. z 1964 r. Nr 16, poz. 93">art. 6 k.c.</xLexLink> Stanowisko powoda o złym stanie drzewa podważa też niesporna okoliczność zazielenionej korony drzewa, co jest oznaką jego zdrowia oraz złamanie się gałęzi w poprzek pnia a nie wzdłuż, co miałoby miejsce w przypadku zaawansowanej zgnilizny. Jasny i zdrowy kolor drewna obrazują znajdujące się w aktach zdjęcia. Te fakty świadczą niezbicie o tym, że drzewo było zdrowe. Tymczasem powód tych kwestii w ogóle nie porusza w swej apelacji.</xText>
          <xText>Następczo kontestowanie pisemnej opinii biegłego poprzez formułowanie formalnych uchybień zaistniałych na etapie jej sporządzania nie może się ostać. Zarzut naruszenia <xLexLink xArt="art. 9" xIsapId="WDU19640430296" xTitle="Ustawa z dnia 17 listopada 1964 r. - Kodeks postępowania cywilnego" xAddress="Dz. U. z 1964 r. Nr 43, poz. 296">art. 9 k.p.c.</xLexLink> polegający na pominięciu obecności powoda podczas wizji lokalnej sporządzanej przez tego biegłego nie może być skutecznie podnoszony w postępowaniu apelacyjnym przede wszystkim z uwagi na niezgłoszenie zastrzeżenia w trybie <xLexLink xArt="art. 162" xIsapId="WDU19640430296" xTitle="Ustawa z dnia 17 listopada 1964 r. - Kodeks postępowania cywilnego" xAddress="Dz. U. z 1964 r. Nr 43, poz. 296">art. 162 k.p.c.</xLexLink> w toku postępowania przed Sądem I Instancji, co powoduje, że skarżący w zupełności traci możliwość powoływania tego zarzutu.</xText>
          <xText>Nadto uchybienia tego nie sygnalizował pełnomocnik powoda po sporządzeniu opinii i nie domagał się powtórzenia czynności przez biegłego.</xText>
          <xText>Wskazać natomiast trzeba, że ustna, uzupełniająca opinia biegłego <xAnon>J. F.</xAnon> stwierdzała, że drzewo, które spadło na autokar powoda było zdrowe. Jej modyfikacja w ramach ustnych wyjaśnień złożonych na rozprawie nie była tak kategoryczna i nie zmierzała w takim kierunku, jak sugeruje to apelujący. Zaskarżenie traci walor wszechstronności, albowiem pomija, że biegły stwierdził, że nie wie, czy drzewo zagrażało życiu, gdyż go nie widział, a wedle oceny tego biegłego usuwanie „dwójek” nie jest regułą. Ponadto, biegły nie wiedział, czy tę zgniliznę można było spostrzec z ziemi. Dwuznaczność wypowiedzi biegłego nie uprawia zatem do formułowania tez o zasadności powództwa, wbrew wynikom analizy pozostałego materiału dowodowego zgromadzonego w sprawie. A tę analizę Sąd Apelacyjny akceptuje jako niewadliwą i w związku z tym ustalony przez Sąd Okręgowy stan faktyczny w zakresie, w jakim wynikają z niego warunki atmosferyczne w dniu zdarzenia, stan drzewa, konar którego uszkodził pojazd powoda i czynności pozwanego w zakresie gospodarki leśnej przyjmuje za własny bez potrzeby jego powtarzania.</xText>
          <xText>Przechodząc dalej skarżący poszukując bezprawności pozwanego poprzez zdyskredytowanie tezy o wiatrach, jako bezpośredniej przyczynie odłamania się konaru drzewa sam naraża się na zarzut naruszenia zasady rozkładu ciężaru dowodowego. Negacja faktów poddawanych weryfikacji w ramach toczącego się postępowania sama w sobie nie uskutecznia powództwa, nawet jeżeli w zamierzeniu skarżącego pełni rolę istotnego argumentu prawnego. Samoistnie nie przesądza bowiem o zaistnieniu wyżej opisanych normatywnych przesłanek roszczenia. Wskazać należy, że powód nie podważył konkretnym materiałem dowodowym informacji zawartej w piśmie Instytutu Meteorologii i Gospodarki Wodnej w <xAnon>P.</xAnon> z dnia 11 września 2008r, z której wynika, że w dniu 4 sierpnia 2008r w rejonie <xAnon>T.</xAnon> w godzinach 9.30-12.00 średnia prędkość wiatru przekraczała 12 m/s, a w porywach rejestrowano 24-30 m/s. Wiatr w czasie burz był silny i porywisty, miejscami burze były bardzo gwałtowne (k.103).</xText>
          <xText>Wskazać także trzeba, że poszukiwanie bezprawności działań pozwanego w ramach systemu gospodarowania lasami z punktu widzenia, jak proponuje powód, ustawy o drogach publicznych prowadzi do tożsamych wniosków, jak w przypadku <xLexLink xArt="" xIsapId="WDU19911010444" xTitle="Ustawa z dnia 28 września 1991 r. o lasach" xAddress="Dz. U. z 1991 r. Nr 101, poz. 444">ustawy o lasach</xLexLink>. Z żadnej z wyżej wymienionej regulacji nie wynika obowiązek sprawdzania drzew poprzez wspinanie się na poziom ich kieszeni (w przypadku „dwójek” tj. kilku metrów nad ziemią) i sprawdzanie poziomu zgnicia. Z punktu widzenia racjonalnej gospodarki lasami, także w obrębie dróg publicznych, znaczenie ma wyręb drzew uschniętych, z widoczną zgnilizną, częściowo obumarłych. Doszukiwanie się odpowiedzialności pozwanego w każdym przypadku, także drzew zdrowych bądź z niewidoczną zgnilizną, jest zbyt daleko idące.</xText>
          <xText>Niezależnie od nieistnienia bezprawności działania pozwanego w związku z tym, że apelacja w istocie dotyczy żądania odszkodowania za utracone korzyści, albowiem - biorąc pod uwagę żądanie i wnioski apelacji- w apelacji powód zaskarża jedynie oddalenie żądania zasądzenia zwrotu utraconych korzyści w związku z postojem pojazdu wywołanym naprawą wskazać i podkreślić trzeba, że powód nie wykazał, jaką poniósł z tego tytułu szkodę, co samoistnie także prowadzi do oddalenia powództwa w tej części. W tym zakresie Sąd Apelacyjny nie podziela bowiem ustaleń Sądu I instancji w zakresie takim, w jakim Sąd ten stwierdził, że powód przez okres naprawy pojazdu utracił kwotę 31.947, 30 zł. Takie ustalenia nie mają bowiem oparcia w materiale dowodowym sprawy.</xText>
          <xText>W ocenie Sądu Apelacyjnego analiza materiału dowodowego zebranego w sprawie prowadzi do wniosku, że informacje o utraconym zarobku to jedynie hipotetyczne twierdzenia apelującego. Powód nie udowodnił, w jaki sposób i na podstawie jakich konkretnych danych z własnej księgowości ustalił dzienny koszt postoju w wysokości 507,10 zł (k. 5- 6 pozew). Nie wykazał także kosztów prowadzonej działalności w okresie poprzedzającym zdarzenie i uzyskiwanych z tego tytułu dochodów. Załączone oświadczenia innych przewoźników, którzy mieli wykonywać przewozy w miejsce powoda w zakresie, w jakim miałyby wykazywać utracony zysk powoda nie przekonują Sądu Apelacyjnego (k. 410-420). Dokumenty te mają charakter dokumentów prywatnych- <xLexLink xArt="art. 245" xIsapId="WDU19640430296" xTitle="Ustawa z dnia 17 listopada 1964 r. - Kodeks postępowania cywilnego" xAddress="Dz. U. z 1964 r. Nr 43, poz. 296">art. 245 k.p.c.</xLexLink> i jako takie stanowią dowód jedynie tego, że osoby, które je podpisały złożyły oświadczenie zawarte w tych dokumentach. Zbyt daleko idące jest twierdzenie, że taki właśnie zysk, jak wskazany w tych oświadczeniach uzyskałby powód. Oświadczenia te wskazują nadto na wysokość brutto kwot w wystawionych fakturach.</xText>
          <xText>Wskazać też trzeba, że weryfikacja żądania odszkodowawczego zgłoszonego przez powoda w kwocie 31.947,30 zł mogłaby odbyć się jedynie za pomocą dokumentów księgowych przedsiębiorstwa, których powód nie przedłożył, a które obrazowałyby przychody, koszty i rzeczywistą ilość wykonywanych przewozów w ciągu miesiąca, oczywiście w zakresie miesięcy poprzedzających dzień zdarzenia. Powód nie złożył nadto dowodów na wykazanie niezrealizowanych zamówień, których w czasie przestoju nie wykonał. Natomiast biegły z zakresu techniki samochodowej i ruchu drogowego, błędnie powołany przez Sąd Okręgowy także w celu wyliczenia utraconych dochodów powoda, nie posiada wiadomości specjalnych z zakresu księgowości, które są konieczne dla ustalenia wysokości utraconych przez powoda korzyści w związku z postojem autokaru. Jego stwierdzenia poczynione w tym zakresie należało zatem uznać za nieuprawnione i jako takie nie mogące stanowić podstawy do orzekania o odszkodowaniu za utracone dochody.</xText>
          <xText>Ostatecznie, nawet zatem gdyby przyjąć odpowiedzialność pozwanego z <xLexLink xArt="art. 415" xIsapId="WDU19640160093" xTitle="Ustawa z dnia 23 kwietnia 1964 r. - Kodeks cywilny" xAddress="Dz. U. z 1964 r. Nr 16, poz. 93">art. 415 k.c.</xLexLink> co do zasady, do czego w materiale sprawy brak podstaw, o czym wcześniej wspomniano, to powód nie wykazał wysokości szkody w postaci utraconych korzyści. Zważywszy, że nie przedłożył jakichkolwiek dokumentów księgowych, choćby za wcześniejszy czy późniejszy niż zdarzenie okres, nie ma nawet podstaw do miarkowania wysokości odszkodowania w trybie <xLexLink xArt="art. 322" xIsapId="WDU19640430296" xTitle="Ustawa z dnia 17 listopada 1964 r. - Kodeks postępowania cywilnego" xAddress="Dz. U. z 1964 r. Nr 43, poz. 296">art. 322 k.p.c.</xLexLink></xText>
          <xText>Wobec powyższego apelację jako bezzasadną należało oddalić o czym, na zasadzie <xLexLink xArt="art. 385" xIsapId="WDU19640430296" xTitle="Ustawa z dnia 17 listopada 1964 r. - Kodeks postępowania cywilnego" xAddress="Dz. U. z 1964 r. Nr 43, poz. 296">art. 385 k.p.c.</xLexLink>, orzeczono jak w punkcie I sentencji wyroku.</xText>
          <xText>O kosztach postępowania za drugą instancję należnych stronie pozwanej orzeczono na podstawie <xLexLink xArt="art. 98;art. 98 § 1" xIsapId="WDU19640430296" xTitle="Ustawa z dnia 17 listopada 1964 r. - Kodeks postępowania cywilnego" xAddress="Dz. U. z 1964 r. Nr 43, poz. 296">art. 98 § 1 k.p.c.</xLexLink>, <xLexLink xArt="art. 99" xIsapId="WDU19640430296" xTitle="Ustawa z dnia 17 listopada 1964 r. - Kodeks postępowania cywilnego" xAddress="Dz. U. z 1964 r. Nr 43, poz. 296">art. 99 k.p.c.</xLexLink> i <xLexLink xArt="art. 108;art. 108 § 1" xIsapId="WDU19640430296" xTitle="Ustawa z dnia 17 listopada 1964 r. - Kodeks postępowania cywilnego" xAddress="Dz. U. z 1964 r. Nr 43, poz. 296">art. 108 § 1 k.p.c.</xLexLink> i uwzględniają one koszty zastępstwa procesowego- 1800 zł i żądaną kwotę kosztów dojazdu do sądu – 466,18 zł. Sąd Apelacyjny nie znalazł przy tym podstaw, aby – jak tego żądał pozwany w odpowiedzi na apelację- wysokość kosztów z tytułu zastępstwa procesowego należnych Prokuratorii Generalnej Skarbu Państwa stanowiła dwukrotną stawkę minimalną wynikającą z <xLexLink xArt="art. 108 § 6;art. 108 § 6 pkt. 5" xIsapId="WDU19640430296" xTitle="Ustawa z dnia 17 listopada 1964 r. - Kodeks postępowania cywilnego" xAddress="Dz. U. z 1964 r. Nr 43, poz. 296">§6 pkt 5</xLexLink> w związku z §12 ust. 1 pkt 2 rozporządzenia Ministra Sprawiedliwości z dnia 28 września 2002r w sprawie opłat za czynności radców prawnych. Niniejsza sprawa nie była bowiem nadmiernie skomplikowana i w związku z tym na etapie postępowania apelacyjnego nie wymagała od pełnomocnika pozwanego szczególnie zwiększonego nakładu pracy.</xText>
          
          <xText xALIGNx="center">
    W. Kaźmierska  I. Wiszniewska  A. Sołtyka
  </xText>
        </xUnit>
      </xBlock>
    </xPart>
  </judgement>
<judgement id="155020050001006_II_W_000413_2013_Uz_2014-01-30_001">
    <xPart xEditorFullName="Bogumiła Marciniak" xYear="2013" xLang="PL" xPublisherFullName="Bogumiła Marciniak" xFromPg="1" xEditor="marciniak" xVolType="15/502005/0001006/W" xPublisher="marciniak" xDocType="Uz" xVolNmbr="000413" xVersion="1.0" xToPage="3" xFlag="published">
      <xName>Wyrok</xName>
      <xBlock>
        <xText>
          <xBx>Sygn. akt II W 413/13 </xBx>
        </xText>
        <xUnit xIsTitle="true" xBold="true" xType="part">
          <xName>WYROK</xName>
          <xTitle>W IMIENIU RZECZYPOSPOLITEJ POLSKIEJ</xTitle>
          <xText xALIGNx="right">
            <xBx>Dnia 30 stycznia 2014r.</xBx>
          </xText>
          <xText><xBx>Sąd Rejonowy w Dzierżoniowie II Wydział Karny </xBx>w składzie:</xText>
          <xText xALIGNx="center">Przewodnicząca: SSR Magdalena Kuczka</xText>
          <xText xALIGNx="center">Protokolant: Katarzyna Czaplicka</xText>
          
          <xText>po rozpoznaniu w dniach 5 listopada 2013r., 28 stycznia 2014r. sprawy</xText>
          <xText><xBx><xAnon>P. F.</xAnon></xBx>, syna <xAnon>L.</xAnon> i <xAnon>M.</xAnon> z domu <xAnon>K.</xAnon>, <xAnon>urodz. (...)</xAnon> w <xAnon>D.</xAnon></xText>
          <xText xALIGNx="center">obwinionego o to, że:</xText>
          
          <xText>I. w dniu 1 sierpnia 2013r. około godziny 17:10 w miejscowości <xAnon>U.</xAnon> na <xAnon>os. (...)</xAnon> poza drogą publiczną prowadząc pojazd nienormatywny typu kombajn nie zachował należytej ostrożności czym stworzył zagrożenie bezpieczeństwa <xAnon>R. B.</xAnon></xText>
          
          <xText xALIGNx="center">to jest o czyn z art. 98 k.w.</xText>
          <xText>II. w tym samym miejscu i czasie jak w punkcie I prowadząc pojazd jak w punkcie I umyślnie uszkodził ogrodzenie w/w nieruchomości czym spowodował stratę w wysokości 250 złotych na szkodę <xAnon>R. B.</xAnon></xText>
          
          <xText xALIGNx="center">to jest o czyn z art. 124 § 1 k.w.</xText>
          
          <xText>I. obwinionego <xBx><xAnon>P. F.</xAnon></xBx> uznaje za winnego tego, że w dniu 1 sierpnia 2013r. w <xAnon>U.</xAnon>, przy posesji na <xAnon>Osiedlu (...)</xAnon>, przejeżdżając pojazdem typu kombajn po drewnianym ogrodzeniu, umyślnie uszkodził je, czym spowodował stratę w wysokości 250 zł na szkodę <xAnon>R. B.</xAnon>, to jest wykroczenia z art. 124 § 1 k.w. i za to na podstawie art. 124 § 1 k.w. wymierza mu karę grzywny w wysokości 200 (dwieście) złotych;</xText>
          
          <xText>II. na podstawie art. 124 § 4 k.w. orzeka wobec obwinionego obowiązek zapłaty równowartości wyrządzonej szkody na rzecz pokrzywdzonego <xAnon>R. B.</xAnon> w kwocie 250 zł (dwieście pięćdziesiąt złotych);</xText>
          
          <xText>III. obwinionego uniewinnia od popełnienia zarzucanego mu czynu opisanego w punkcie I części wstępnej wyroku, to jest wykroczenia z art. 98 k.w.;</xText>
          
          <xText>IV. na podstawie <xLexLink xArt="art. 118;art. 118 § 1" xIsapId="WDU19740240141" xTitle="Ustawa z dnia 26 czerwca 1974 r. - Kodeks pracy" xAddress="Dz. U. z 1974 r. Nr 24, poz. 141">art. 118 § 1 k.p.</xLexLink>o.w. obciąża obwinionego zryczałtowanymi wydatkami postępowania w kwocie 100 zł, a na podstawie <xLexLink xArt="art. 21;art. 21 pkt. 2" xIsapId="WDU19740240141" xTitle="Ustawa z dnia 26 czerwca 1974 r. - Kodeks pracy" xAddress="Dz. U. z 1974 r. Nr 24, poz. 141">art. 21 pkt 2</xLexLink> w zw. z <xLexLink xArt="art. 3;art. 3 ust. 1" xIsapId="WDU19730270152" xTitle="Ustawa z dnia 23 czerwca 1973 r. o opłatach w sprawach karnych" xAddress="Dz. U. z 1973 r. Nr 27, poz. 152">art. 3 ust. 1 ustawy z dnia 23 czerwca 1973r. o opłatach w sprawach karnych</xLexLink> wymierza mu opłatę w kwocie 30 złotych.</xText>
          
          <xText xALIGNx="center">
            <xIx>
              <xAnon>(...)</xAnon>
            </xIx>
          </xText>
          <xText xALIGNx="center">
            <xIx>
              <xAnon>(...)</xAnon>
            </xIx>
          </xText>
        </xUnit>
      </xBlock>
    </xPart>
  </judgement>
<judgement id="155000000000503_I_ACa_001452_2013_Uz_2014-02-13_001">
    <xPart xEditorFullName="Małgorzata Kurek" xYear="2013" xLang="PL" xPublisherFullName="Monika Kurkowiak" xFromPg="1" xEditor="mkurek" xVolType="15/500000/0000503/ACa" xPublisher="mkurkowiak" xDocType="Uz" xVolNmbr="001452" xVersion="1.0" xToPage="9" xFlag="published">
      <xName>Wyrok+Uzasadnienie</xName>
      <xBlock>
        <xText>Sygn. akt I ACa 1452/13</xText>
        <xUnit xIsTitle="true" xType="part" xBold="true">
          <xName>WYROK</xName>
          <xTitle>W IMIENIU RZECZYPOSPOLITEJ POLSKIEJ</xTitle>
          <xText xALIGNx="right">Dnia 30 stycznia 2014 r.</xText>
          
          <xText>Sąd Apelacyjny we Wrocławiu – Wydział I Cywilny w składzie:</xText>
          <xRows>
            <xCOLGROUPx>
              <xCOLx xWIDTHx="219"/>
              <xCOLx xWIDTHx="398"/>
            </xCOLGROUPx>
            <xRow>
              <xClmn xALIGNx="left" xVALIGNx="middle">
                <xText xALIGNx="right">Przewodniczący:</xText>
              </xClmn>
              <xClmn xALIGNx="left" xVALIGNx="middle">
                <xText>SSA Grażyna Matuszek</xText>
              </xClmn>
            </xRow>
            <xRow>
              <xClmn xALIGNx="left" xVALIGNx="top">
                <xText xALIGNx="right">Sędziowie:</xText>
              </xClmn>
              <xClmn xALIGNx="left" xVALIGNx="middle">
                <xText>SSA Franciszek Marcinowski</xText>
                <xText>SSA Tadeusz Nowakowski (spr.)</xText>
              </xClmn>
            </xRow>
            <xRow>
              <xClmn xALIGNx="left" xVALIGNx="middle">
                <xText xALIGNx="right">Protokolant:</xText>
              </xClmn>
              <xClmn xALIGNx="left" xVALIGNx="middle">
                <xText>Katarzyna Stalewska</xText>
              </xClmn>
            </xRow>
          </xRows>
          
          <xText>po rozpoznaniu w dniu 30 stycznia 2014 r. we Wrocławiu na rozprawie</xText>
          <xText>sprawy z powództwa <xBx><xAnon>T. W.</xAnon></xBx></xText>
          <xText>przeciwko<xBx><xAnon> (...) Sp. z o.o.</xAnon> we <xAnon>W.</xAnon></xBx></xText>
          <xText>o ochronę dóbr osobistych i zapłatę</xText>
          <xText>na skutek apelacji powoda</xText>
          <xText>od wyroku Sądu Okręgowego we Wrocławiu</xText>
          <xText>z dnia 10 maja 2013 r. sygn. akt I C 327/11</xText>
          
          <xUnit xIsTitle="false" xType="none">
            <xName xSffx=".">1</xName>
            <xText>
              <xBx>oddala apelację; </xBx>
            </xText>
          </xUnit>
          <xUnit xIsTitle="false" xType="none">
            <xName xSffx=".">2</xName>
            <xText>
              <xBx>zasądza od powoda na rzecz strony pozwanej 2.700 zł tytułem zwrotu kosztów postępowania apelacyjnego. </xBx>
            </xText>
          </xUnit>
        </xUnit>
        <xUnit xIsTitle="true" xType="part" xBold="true">
          <xName>UZASADNIENIE</xName>
          <xText>Powód <xAnon>T. W.</xAnon> pozwem skierowanym przeciwko pozwanemu <xAnon> (...) Spółce z o. o.</xAnon> we <xAnon>W.</xAnon> domagał się ochrony autorskich praw osobistych, a mianowicie przeproszenia w formie szczegółowo wskazanej oraz zasądzenia jego rzecz zadośćuczynienia w kwocie 20.000 zł i kwoty 50.000 zł na wskazany cel społeczny z uwagi na naruszenie jego wizerunku.</xText>
          <xText>Zaskarżonym wyrokiem Sąd Okręgowy oddalił powództwo oraz zasądził od powoda na rzecz pozwanego kwotę 7.937 zł tytułem zwrotu kosztów procesu, obciążając pozostałymi kosztami procesu Skarb Państwa.</xText>
          <xText>W ustalonym stanie faktycznym sprawy Sąd Okręgowy uznał żądanie <xBRx/>powoda nie zasługuje na ochronę ze wskazanej przez niego podstawy prawnej. Powód bowiem domagał się ochrony jego wizerunku wskazując na treść <xLexLink xArt="art. 93" xIsapId="WDU19940240083" xTitle="Ustawa z dnia 4 lutego 1994 r. o prawie autorskim i prawach pokrewnych" xAddress="Dz. U. z 1994 r. Nr 24, poz. 83">art. 93</xLexLink><xBRx/>w zw. z <xLexLink xArt="art. 78" xIsapId="WDU19940240083" xTitle="Ustawa z dnia 4 lutego 1994 r. o prawie autorskim i prawach pokrewnych" xAddress="Dz. U. z 1994 r. Nr 24, poz. 83">art. 78 ustawy o prawie autorskim i prawach pokrewnych</xLexLink>. Sąd Okręgowy uznał, że rozpowszechnianie wizerunku powoda, jakie ten zarzuca pozwanemu, mieściło się w granicach dozwolonego użytku, o jakim mowa w <xLexLink xArt="art. 81" xIsapId="WDU19940240083" xTitle="Ustawa z dnia 4 lutego 1994 r. o prawie autorskim i prawach pokrewnych" xAddress="Dz. U. z 1994 r. Nr 24, poz. 83">art. 81 ustawy <xBRx/>o prawie autorskim i prawach pokrewnych</xLexLink>. O ile co do zasady rozpowszechnianie wizerunku wymaga zezwolenia osoby na nim przedstawionej, to wyjątek stanowi rozpowszechnianie wizerunku osoby powszechnie znanej oraz wizerunku osoby stanowiącej jedynie szczegół całości takiej jak zgromadzenie, krajobraz, publiczna impreza. Sąd ten podkreślił, że określenie zgromadzenie dotyczy każdej zbiorowości, niezależnie czy jest ona przypadkowa czy zorganizowana. Jeśli więc wykonanie zdjęcia czy nagrania nie było ukierunkowane indywidualnie na określoną osobę, przeciwnie osoba ta jest przedstawiona w sposób równoważny przedstawieniu innych osób, to rozpowszechnianie takiego wizerunku nie wymaga zgody. Kwestionowane przez powoda zdjęcia, zawierające również wizerunek powoda, obrazują uczniów poszczególnych klas na różnych etapach edukacji, zdjęcia te nie są w żadnym stopniu ukierunkowane na powoda. Tym samym zarówno użytkownik portalu, który zdjęcie zamieścił, jak również pozwany świadczący usługę hostingową, nie byli zobligowani do uzyskania zgody powoda na opublikowanie zdjęcia m. in. <xBRx/>z jego wizerunkiem.</xText>
          <xText>Dalej Sąd Okręgowy wskazał, że dla ochrony wizerunku w rozumieniu <xBRx/><xLexLink xArt="art. 81" xIsapId="WDU19940240083" xTitle="Ustawa z dnia 4 lutego 1994 r. o prawie autorskim i prawach pokrewnych" xAddress="Dz. U. z 1994 r. Nr 24, poz. 83">art. 81 ustawy o prawie autorskim i prawach pokrewnych</xLexLink> konieczna jest rozpoznawalność osoby, możliwość jej zidentyfikowania. Tymczasem powód <xBRx/>nie wykazał aby zdjęcia z czasów szkolnych dały się w sposób jednoznaczny powiązać z jego osobą.</xText>
          <xText>Odmawiając powodowi ochrony jego prawa na gruncie przepisów prawa autorskiego Sąd I instancji rozważył możliwość naruszenia przez pozwanego <xBRx/>dóbr osobistych powoda na gruncie przepisów <xLexLink xArt="art. 23;art. 24" xIsapId="WDU19640160093" xTitle="Ustawa z dnia 23 kwietnia 1964 r. - Kodeks cywilny" xAddress="Dz. U. z 1964 r. Nr 16, poz. 93">art. 23 i 24 k.c.</xLexLink> W związku <xBRx/>z powyższym Sąd Okręgowy wskazał, że naruszenie dobra osobistego w postaci wizerunku w praktyce oznacza naruszenie innego dobra osobistego, tyle że za pośrednictwem wizerunku. W przypadku zdjęć klasowych z udziałem powoda o takim naruszeniu nie może być mowy, żadne ze zdjęć nie przedstawia powoda w sposób ośmieszający, poniżający czy uwłaczający jego godności. Nie da się sformułować żadnych zarzutów co do sposobu prezentacji powoda na tle innych uczniów. <xBRx/>W konsekwencji Sąd ten uznał, że nie doszło do naruszenia także dóbr osobistych powoda.</xText>
          <xText>W dalszej części rozważań Sąd I instancji odniósł się do twierdzeń powoda co do doznanej krzywdy w związku z publikacją jego wizerunku, uznając, że nie zostało wykazane by stan zdrowia psychicznego powoda pozostawał w związku z publikacją jego wizerunku. Krzywdy powoda nie spowodowało także opublikowanie na portalu jego danych osobowych (czyli imienia i nazwiska).</xText>
          
          <xText>Apelację od wyroku wywiódł powód. Z osobiście sporządzonego przez powoda środka zaskarżenia należy wywodzić, iż domaga się on zmiany wyroku <xBRx/>i uwzględnienia jego żądania w całości.</xText>
          <xText>Powód zarzucił Sądowi I instancji naruszenie jego konstytucyjnych praw, a to prawa do wolności, ochrony życia prywatnego i rodzinnego oraz decydowania <xBRx/>o życiu osobistym, naruszenie przepisów prawa materialnego, tj. <xLexLink xArt="" xIsapId="WDU19640160093" xTitle="Ustawa z dnia 23 kwietnia 1964 r. - Kodeks cywilny" xAddress="Dz. U. z 1964 r. Nr 16, poz. 93">kodeksu cywilnego</xLexLink>, <xLexLink xArt="" xIsapId="WDU19971330883" xTitle="Ustawa z dnia 29 sierpnia 1997 r. o ochronie danych osobowych" xAddress="Dz. U. z 1997 r. Nr 133, poz. 883">ustawy o ochronie danych osobowych</xLexLink>, <xLexLink xArt="" xIsapId="WDU19940240083" xTitle="Ustawa z dnia 4 lutego 1994 r. o prawie autorskim i prawach pokrewnych" xAddress="Dz. U. z 1994 r. Nr 24, poz. 83">ustawy o prawie autorskim i prawach pokrewnych</xLexLink>, jak również <xLexLink xArt="" xIsapId="WDU19640090059" xTitle="Ustawa z dnia 25 lutego 1964 r. - Kodeks rodzinny i opiekuńczy" xAddress="Dz. U. z 1964 r. Nr 9, poz. 59">kodeksu rodzinnego i opiekuńczego</xLexLink>. We wniesionej apelacji powód wywodził, że dane osobowe są dobrem osobistym, zaś wizerunek podlega ochronie jako utwór, a jego rozpowszechnianie wymaga zezwolenia.</xText>
          <xText>Powód zakwestionował także dokonane przez Sąd I instancji ustalenia faktyczne, a mianowicie, że konta <xAnon>A. M.</xAnon> i <xAnon>A. Z.</xAnon> stanowią wynik aktywności powoda, wpisy i komentarze podpisane <xAnon>T.</xAnon><xAnon>M.</xAnon> i <xAnon>T.</xAnon> W zostały dokonane przez powoda oraz błędne stwierdzenie, że dostęp do zdjęć przedstawiających wizerunek powoda ma jedynie użytkownik serwisu.</xText>
          
          <xText>
            <xBx>Sąd Apelacyjny zważył, co następuje:</xBx>
          </xText>
          
          <xText>Apelacja powoda nie jest zasadna i podlega oddaleniu.</xText>
          <xText>Na wstępie rozważań wskazać należy, że powód, reprezentowany przez profesjonalnego pełnomocnika, w pozwie i dalszych pismach procesowych stał na stanowisku, iż domaga się ochrony w oparciu o <xLexLink xArt="art. 83;art. 78" xIsapId="WDU19940240083" xTitle="Ustawa z dnia 4 lutego 1994 r. o prawie autorskim i prawach pokrewnych" xAddress="Dz. U. z 1994 r. Nr 24, poz. 83">art. 83 i 78 ustawy o prawie autorskim i prawach pokrewnych</xLexLink>, a mianowicie w związku z rozpowszechnianiem jego wizerunku na portalu należącym do pozwanego.</xText>
          <xText>Zgodnie z obowiązującymi przepisami nie jest wymagane wskazanie przez powoda podstawy prawnej dochodzonego roszczenia (z przytoczenie numerów przepisów) oraz poglądów orzecznictwa czy przedstawicieli nauki, zgodnie z regułą <xIx>da mihi factum dabo tibi ius</xIx> i co do zasady przytoczona podstawa prawna nie wiąże sądu (vide orzeczenie SN z dnia 2 maja 1957 r., II CR 305/57, OSNCK 1958, nr 3, poz. 72; wyrok SN z dnia 6 grudnia 2006 r., IV CSK 269/06, LEX nr 233045; uzasadnienie wyroku SN z dnia 7 marca 2006 r., I PK 146/05, OSNP 2007, nr 5-6, poz. 67). Tym niemniej wskazanie przez powoda przepisów prawa materialnego <xBRx/>nie pozostaje bez znaczenia dla przebiegu i wyniku sprawy, ponieważ pośrednio określa okoliczności faktyczne uzasadniające żądanie pozwu (por. m.in. wyrok SN <xBRx/>z dnia 23 lutego 1999 r., I CKN 252/98, OSNC 1999, nr 9, poz. 152). Zasada ta <xBRx/>nie może budzić wątpliwości tym bardziej wówczas, gdy chodzi o wybór jednej <xBRx/>z możliwych podstaw dochodzonego roszczenia.</xText>
          <xText>Podzielając powyższy pogląd podkreślić należy dalej wskazać, że prawo do wizerunku jest dobrem osobistym w rozumieniu <xLexLink xArt="art. 23" xIsapId="WDU19640160093" xTitle="Ustawa z dnia 23 kwietnia 1964 r. - Kodeks cywilny" xAddress="Dz. U. z 1964 r. Nr 16, poz. 93">art. 23 k.c.</xLexLink> W literaturze <xBRx/>przedmiotu niekwestionowany jest pogląd, że przepis ten dopuszcza zbieg norm prawnych z regulacją zawartą w <xLexLink xArt="art. 81" xIsapId="WDU19940240083" xTitle="Ustawa z dnia 4 lutego 1994 r. o prawie autorskim i prawach pokrewnych" xAddress="Dz. U. z 1994 r. Nr 24, poz. 83">art. 81 ustawy o prawie autorskim i prawach <xBRx/>pokrewnych</xLexLink>. Umożliwia to osobie zainteresowanej wybór bądź kumulatywnego, <xBRx/>bądź alternatywnego stosowania środków ochrony (por. S. Dmowski, S. Rudnicki, Komentarz do Kodeksu cywilnego, Warszawa 2009, s. 111). Co więcej prawo do wizerunku (z <xLexLink xArt="art. 81" xIsapId="WDU19940240083" xTitle="Ustawa z dnia 4 lutego 1994 r. o prawie autorskim i prawach pokrewnych" xAddress="Dz. U. z 1994 r. Nr 24, poz. 83">art. 81 ustawy o prawie autorskim i prawach pokrewnych</xLexLink>) jest uznawane powszechnie za konkretyzację prawa do wizerunku przewidzianego <xBRx/>w <xLexLink xArt="art. 23" xIsapId="WDU19640160093" xTitle="Ustawa z dnia 23 kwietnia 1964 r. - Kodeks cywilny" xAddress="Dz. U. z 1964 r. Nr 16, poz. 93">art. 23 k.c.</xLexLink>, który oddzielnie traktuje prawo osobiste do nazwiska i do wizerunku (vide wyrok Sądu Najwyższego z dnia 15.10.2009 r., I CSK 72/09, OSNC 2010, <xBRx/>Nr A, poz. 29). W świetle powyższego powód − z uwagi na zarzucane pozwanemu działania − mógł domagać się ochrony bądź wyłącznie na podstawie przepisów <xBRx/>o ochronie dóbr osobistych (<xLexLink xArt="art. 23;art. 24" xIsapId="WDU19640160093" xTitle="Ustawa z dnia 23 kwietnia 1964 r. - Kodeks cywilny" xAddress="Dz. U. z 1964 r. Nr 16, poz. 93">art. 23 i 24</xLexLink> w zw. z <xLexLink xArt="art. 448" xIsapId="WDU19640160093" xTitle="Ustawa z dnia 23 kwietnia 1964 r. - Kodeks cywilny" xAddress="Dz. U. z 1964 r. Nr 16, poz. 93">art. 448 k.c.</xLexLink>), bądź wyłącznie na podstawie przepisów prawa autorskiego (art. 83 w zw. z <xLexLink xArt="art. 78" xIsapId="WDU19940240083" xTitle="Ustawa z dnia 4 lutego 1994 r. o prawie autorskim i prawach pokrewnych" xAddress="Dz. U. z 1994 r. Nr 24, poz. 83">art. 78 ustawy o prawie autorskim i prawach pokrewnych</xLexLink>), bądź wreszcie w oparciu o kumulatywnie wskazaną podstawę prawną.</xText>
          <xText>Tymczasem powód w pozwie, jak również w kolejnych pismach procesowych jednoznacznie i w sposób niebudzący żadnych wątpliwości dokonał wyboru jednej <xBRx/>z możliwych podstaw swego żądania, domagając się ochrony wyłącznie z uwagi na naruszenie przepisów prawa autorskiego. W konsekwencji ocena zgłoszonego przezeń roszczenia winna ograniczać się wyłącznie do rozważenia czy pozwany przetwarza wizerunek powoda bez jego zezwolenia, a więc czy dopuścił się naruszenia <xLexLink xArt="art. 81;art. 81 ust. 1" xIsapId="WDU19940240083" xTitle="Ustawa z dnia 4 lutego 1994 r. o prawie autorskim i prawach pokrewnych" xAddress="Dz. U. z 1994 r. Nr 24, poz. 83">art. 81 ust. 1 ustawy o prawie autorskim i prawach pokrewnych</xLexLink>.</xText>
          <xText>W kontekście powyższych rozważań należy także dojść do wniosku, <xBRx/>iż podnoszone w apelacji zarzuty powoda – będące co trzeba wyraźnie wskazać wynikiem dokonania przez Sąd I instancji zupełnie zbędnej oceny roszczenia powoda w oparciu o inne jeszcze przepisy − stanowią niedopuszczalną na etapie postępowania apelacyjnego zmianę żądania (<xLexLink xArt="art. 383" xIsapId="WDU19640430296" xTitle="Ustawa z dnia 17 listopada 1964 r. - Kodeks postępowania cywilnego" xAddress="Dz. U. z 1964 r. Nr 43, poz. 296">art. 383 k.p.c.</xLexLink>) i z tej przyczyny zarzuty te muszą się znaleźć poza obszarem oceny Sądu II instancji.</xText>
          <xText>Przechodząc zatem do kontroli zaskarżonego rozstrzygnięcia w oparciu <xBRx/>o przepisu <xLexLink xArt="" xIsapId="WDU19940240083" xTitle="Ustawa z dnia 4 lutego 1994 r. o prawie autorskim i prawach pokrewnych" xAddress="Dz. U. z 1994 r. Nr 24, poz. 83">ustawy o prawie autorskim i prawach pokrewnych</xLexLink> na wstępie wskazać należy, że w rozpoznawanej sprawie poza sporem pozostaje, że na portalu <xAnon>(...)</xAnon> zostały opublikowane (przez jednego z uczniów klasy, do której uczęszczał powód) zdjęcia klasowe z różnych okresów edukacji szkolnej, które utrwalają również wizerunek powoda.</xText>
          <xText>Pojęcie wizerunku obejmuje dostrzegalne, fizyczne cechy człowieka, tworzące jego wygląd i pozwalające na identyfikację osoby wśród ludzi jako obraz <xBRx/>fizyczny, portret, rozpoznawalną podobiznę. Jeśli fotografia przedstawiająca wizerunek osoby spełnia przesłanki utworu podlegającego ochronie prawa autorskiego (<xLexLink xArt="art. 1" xIsapId="WDU19940240083" xTitle="Ustawa z dnia 4 lutego 1994 r. o prawie autorskim i prawach pokrewnych" xAddress="Dz. U. z 1994 r. Nr 24, poz. 83">art. 1 ustawy o prawie autorskim i prawach pokrewnych</xLexLink>), twórcy utworu fotograficznego przysługują względem tego utworu autorskie prawa majątkowe <xBRx/>i niemajątkowe, osobie zaś przedstawionej na fotografii przysługuje prawo do ochrony jej wizerunku.</xText>
          <xText>W tym miejscu wskazać należy, że rację ma powód kwestionując stanowisko Sądu I instancji, zgodnie z którym przesłanką ochrony jest rozpoznawalność <xBRx/>osoby przedstawionej na zdjęciu, a z uwagi na upływ czasu i wiek powoda na inkryminowanych fotografiach, nie można mówić o rozpoznawalności wizerunku powoda. W ocenie Sądu Apelacyjnego wymogu rozpoznawalności nie można wiązać, jak czyni to Sąd I instancji, z podobieństwem wizerunku z okresu edukacji szkolnej z aktualnym wizerunkiem danej osoby. Wymóg rozpoznawalności należy wiązać wyłącznie z formą przedstawienia danej osoby, a więc taką, która pozwala na ustalenie osobistych cech danej osoby w chwili sporządzania fotografii. Niewątpliwe tzw. zdjęcia klasowe miały na celu utrwalenie wizerunku uczniów w sposób rozpoznawalny, widoczne są twarze każdego dziecka, obraz jest wyraźny, a tym samym przedstawienie powoda pozwala gwarantuje jego rozpoznawalność.</xText>
          <xText>Dla rozstrzygnięcia sprawy istotne znacznie ma jednak nie rozpoznawalność wizerunku powoda, a ocena czy pozwany musiał posiadać, a jeżeli tak to czy posiadał zezwolenie powoda na rozpowszechnianie jego wizerunku. <xLexLink xArt="art. 81" xIsapId="WDU19940240083" xTitle="Ustawa z dnia 4 lutego 1994 r. o prawie autorskim i prawach pokrewnych" xAddress="Dz. U. z 1994 r. Nr 24, poz. 83">Art. 81 ustawy <xBRx/>o prawie autorskim i prawach pokrewnych</xLexLink> stanowi, iż rozpowszechnianie wizerunku wymaga zezwolenia osoby na nim przedstawionej. Przepis ten nie reguluje żadnych szczegółowych kwestii związanych z tym zezwoleniem, jak choćby formy tego oświadczenia woli, zakresu czasowego obowiązywania zezwolenia. Powód wywodzi, iż zgody takiej nie wyrażał, zresztą jego reakcja i żądanie usunięcia najpierw opisu zdjęcia, a następnie także samego zdjęcia, przekonuje, że istotnie brak było <xBRx/>zgody powoda na takie działania. Jednakże zasada ta niekiedy doznaje wyjątków (<xLexLink xArt="art. 81;art. 81 ust. 2" xIsapId="WDU19940240083" xTitle="Ustawa z dnia 4 lutego 1994 r. o prawie autorskim i prawach pokrewnych" xAddress="Dz. U. z 1994 r. Nr 24, poz. 83">art. 81 ust. 2 ustawy o prawie autorskim i prawach pokrewnych</xLexLink>), a mianowicie zezwolenia nie wymaga rozpowszechnianie wizerunku: 1) osoby powszechnie znanej, jeżeli wizerunek wykonano w związku z pełnieniem przez nią funkcji publicznych, w szczególności politycznych, społecznych, zawodowych oraz 2) osoby stanowiącej jedynie szczegół całości takiej jak zgromadzenie, krajobraz, publiczna impreza.</xText>
          <xText>Sąd I instancji uznał, że kwestionowane przez powoda zdjęcia przedstawiają grupę osób, uczęszczających do tej samej klasy, co pozwala na uznanie, iż takim ujęciu wizerunek powoda stanowi jedynie element całości, a tym samym w tym konkretnie przypadku nie było konieczności uzyskania jego zezwolenia. Powód ocenę tę zakwestionował.</xText>
          <xText>Wskazać jednak należy, że ustawodawca nie definiuje pojęcia zgromadzenia ani imprezy publicznej. Wyliczenie zawarte w tym przepisie jest wyczerpujące, <xBRx/>co jednak nie pozbawia tego przepisu otwartego charakteru. Termin „zgromadzenie” <xBRx/>jest nieostry, dopuszczalne jest objęcie nim każdej, większej, publicznej grupy <xBRx/>ludzi. W literaturze wskazuje się, że zgromadzeniem jest publiczna grupa <xBRx/>ludzi, niezwiązanych ze sobą więzami rodzinnymi lub osobistymi. Wielkość tej <xBRx/>grupy nie ma znaczenia. Trafnie Sąd Okręgowy przywołuje przy tym stanowisko <xBRx/>Sądu Apelacyjnego w Krakowie (vide wyroku z 19.12.2001 r., LEX nr 82415), <xBRx/>które Sąd Apelacyjny także podziela, zgodnie z którym dla zastosowania <xBRx/><xLexLink xArt="art. 81;art. 81 ust. 2;art. 81 ust. 2 pkt. 2" xIsapId="WDU19940240083" xTitle="Ustawa z dnia 4 lutego 1994 r. o prawie autorskim i prawach pokrewnych" xAddress="Dz. U. z 1994 r. Nr 24, poz. 83">art. 81 ust. 2 pkt 2 ustawy o prawie autorskim i prawach pokrewnych</xLexLink> rozstrzygające znaczenie ma ustalenie w strukturze przedstawienia relacji między wizerunkiem osoby domagającej się ochrony a pozostałymi elementami jego treści. Co za tym idzie rozpowszechnianie wizerunku nie wymaga zezwolenia, jeśli stanowi on jedynie element akcydentalny lub akcesoryjny przedstawionej całości, tzn. w razie usunięcia wizerunku nie zmieniłby się przedmiot i charakter przedstawienia.</xText>
          <xText>W ocenie Sądu Apelacyjnego – mając na uwadze powyższy pogląd – <xBRx/>na aprobatę zasługuje stanowisko Sądu I instancji, zgodnie z którym zdjęcia klasowe, z opublikowaniem których powód wiąże naruszenie swoich dóbr osobistych, utrwalają pewne zgromadzenie, w skład którego wchodzą osoby uczęszczające do tej samej klasy, a przy tym wizerunek każdego z uczniów ma ten charakter, <xBRx/>iż stanowi jedynie element akcesoryjny, którego usunięcie nie zmieniło by ani przedmiotu, ani charakteru przedstawienia.</xText>
          <xText>Nie można podzielić stanowiska powoda, iż brak określonego ucznia na zdjęciu zwraca uwagę na jego nieobecność. Jednakże uszło uwadze skarżącego, <xBRx/>iż takie reakcje mogą towarzyszyć jedynie wąskiej grupie osób, które znają skład osobowy klasy, dla każdego, przypadkowego widza brak określonej osoby na zdjęciu, a więc brak jej wizerunku nie wywoła żadnych wrażeń.</xText>
          <xText>W konsekwencji powyższego uznać należy, że zamieszczenie zdjęć <xBRx/>klasy, doktórem uczęszczał powódki, zawierających również jego wizerunek, <xBRx/>na portalu <xAnon>(...)</xAnon> dokonane zostało w ramach dozwolonego użytku <xBRx/>w rozumieniu <xLexLink xArt="art. 81" xIsapId="WDU19940240083" xTitle="Ustawa z dnia 4 lutego 1994 r. o prawie autorskim i prawach pokrewnych" xAddress="Dz. U. z 1994 r. Nr 24, poz. 83">art. 81 ustawy o prawie autorskim i prawach pokrewnych</xLexLink>, a co za tym <xBRx/>idzie ich przetwarzanie również odbywa się w granicach prawa. Skoro zatem <xBRx/>nie doszło do naruszenia prawa powoda do wizerunku w świetle <xLexLink xArt="art. 81" xIsapId="WDU19940240083" xTitle="Ustawa z dnia 4 lutego 1994 r. o prawie autorskim i prawach pokrewnych" xAddress="Dz. U. z 1994 r. Nr 24, poz. 83">art. 81 ustawy <xBRx/>o prawie autorskim i prawach pokrewnych</xLexLink>, to bezzasadne są roszczenia powoda wywodzone w oparciu o <xLexLink xArt="art. 83" xIsapId="WDU19940240083" xTitle="Ustawa z dnia 4 lutego 1994 r. o prawie autorskim i prawach pokrewnych" xAddress="Dz. U. z 1994 r. Nr 24, poz. 83">art. 83</xLexLink> w zw. z <xLexLink xArt="art. 78" xIsapId="WDU19940240083" xTitle="Ustawa z dnia 4 lutego 1994 r. o prawie autorskim i prawach pokrewnych" xAddress="Dz. U. z 1994 r. Nr 24, poz. 83">art. 78 ustawy o prawie autorskim <xBRx/>i prawach pokrewnych</xLexLink>. W konsekwencji słusznie Sąd I instancji oddalił powództwo <xAnon>T. W.</xAnon>, jak również wniesiona przez niego apelacja jako bezzasadna podlega oddaleniu.</xText>
          <xText>Dla rozstrzygnięcia rozpoznawanej sprawy nie wymagały zatem oceny <xBRx/>i rozważań Sądów obu instancji zgłoszone przez powoda żądania usunięcia skutków rzekomego naruszenia tak w zakresie żądania złożenia przez pozwanego oświadczenia o przeproszeniu, jak i zadośćuczynienia czy zasądzenia odpowiedniej kwoty na wskazany cel społeczny.</xText>
          <xText>Poza granicami rozważań Sądu Apelacyjnego pozostają także aspekty związane z oceną naruszenia wizerunku powoda jako jego dobra osobistego na gruncie przepisów <xLexLink xArt="art. 23;art. 24" xIsapId="WDU19640160093" xTitle="Ustawa z dnia 23 kwietnia 1964 r. - Kodeks cywilny" xAddress="Dz. U. z 1964 r. Nr 16, poz. 93">art. 23 i 24 k.c.</xLexLink> oraz ocena roszczeń pieniężnych wywodzonych <xBRx/>z <xLexLink xArt="art. 448" xIsapId="WDU19640160093" xTitle="Ustawa z dnia 23 kwietnia 1964 r. - Kodeks cywilny" xAddress="Dz. U. z 1964 r. Nr 16, poz. 93">art. 448 k.c.</xLexLink> Jak już na wstępie zostało wskazane powód w pozwie oraz konsekwentnie w toku postępowania przed Sądem I instancji stał na stanowisku, <xBRx/>iż roszczenia swe wywodzi z przepisów prawa autorskiego, wskazanie podstawy prawnej musi zostać uznane za uzupełnienie podstawy faktycznej żądania i obliguje Sądy meriti do zawężenia swoich ocen do wskazanych przepisów.</xText>
          <xText>Dla oceny trafności rozstrzygnięcia Sądu I instancji oraz zasadności apelacji powoda nie mają znaczenia zarzuty powoda kwestionujące prawidłowość ustaleń faktycznych tego Sądu w zakresie posługiwania się przez powoda <xAnon>pseudonimem (...)</xAnon><xAnon>M.</xAnon>, posiadaniem konta w serwisie <xAnon>(...)</xAnon>. Okoliczności te nie są bowiem prawnie relewantne dla rozstrzygnięcia, a zatem zbędne było prowadzenie postępowania dowodowego w tym zakresie, jak również czynienie ustaleń na powyższe okoliczności. W konsekwencji Sąd Apelacyjny swoje orzeczenie oparł <xBRx/>o prawidłowe i wyczerpujące ustalenia Sądu I instancji, niekwestionowane przy tym przez powoda, a odnoszące się wyłącznie do faktów związanych z zamieszczeniem zdjęć klasowych, na których widnieje również wizerunek powoda, z pominięciem tej części ustaleń, które odnoszą się do wskazywanych wyżej kwestii.</xText>
          <xText>Za zasadnością zgłoszonego przez powoda roszczenia nie przemawia okoliczność, iż uzyskał on ochronę na gruncie przepisów o ochronie danych osobowych. Należy bowiem zważyć, że zakres ochrony wynikający z przepisów <xLexLink xArt="" xIsapId="WDU19971330883" xTitle="Ustawa z dnia 29 sierpnia 1997 r. o ochronie danych osobowych" xAddress="Dz. U. z 1997 r. Nr 133, poz. 883">ustawy o ochronie danych osobowych</xLexLink>, a przy tym przepisów, które nie odnoszą się do stosunków cywilnoprawnych, jest odmienny. To, iż żądanie powoda zaniechania przetwarzania jego danych osobowych zostało uwzględnione, nie oznacza, <xBRx/>iż publikacja jego wizerunku nastąpiła z naruszeniem przepisów <xLexLink xArt="" xIsapId="WDU19940240083" xTitle="Ustawa z dnia 4 lutego 1994 r. o prawie autorskim i prawach pokrewnych" xAddress="Dz. U. z 1994 r. Nr 24, poz. 83">ustawy o prawie autorskim i prawach pokrewnych</xLexLink> i tym samym była bezprawna. Dane osobowe stanowią bowiem zbiór informacji na temat danej osoby pozwalających na jej identyfikację. Taki charakter miało umieszczenie w serwisie zdjęcia z wizerunkiem powoda wraz z oznaczeniem jego imienia i nazwiska. W niniejszej sprawie powód domagał się jedynie ochrony naruszonego wizerunku, co jednoznacznie <xBRx/>wskazuje na odmienność tych stanów faktycznych. Nie ma zatem racji powód przypisując orzeczeniu sądu administracyjnego niejako prejudycjalny charakter <xBRx/>dla rozstrzygnięcia niniejszej sprawy.</xText>
          <xText>Z tych względów apelacja powoda podlega oddaleniu. Sąd Apelacyjny <xBRx/>nie znalazł także podstaw do zastosowania w sprawie <xLexLink xArt="art. 102" xIsapId="WDU19640430296" xTitle="Ustawa z dnia 17 listopada 1964 r. - Kodeks postępowania cywilnego" xAddress="Dz. U. z 1964 r. Nr 43, poz. 296">art. 102 k.p.c.</xLexLink> i odstąpienia od obciążania powoda kosztami postępowania. Ciężka sytuacja materialna nie jest bowiem wystarczającą przesłanką skorzystania z dobrodziejstwa tej instytucji. <xBRx/>W ocenie Sądu Apelacyjnego w sprawie nie zachodzą przy tym żadne inne, szczególne okoliczności przemawiające za odstąpieniem od obciążania powoda kosztami postępowania. Zważyć przy tym należy, że powód aktualnie studiuje, ponosi opłaty za studia, otrzymuje poza rentą także stypendium, a zatem orzeczona niepełnosprawność powoda nie stanowi przeszkody w rozwoju osobistym, jak również w uzyskiwaniu dochodów z innych źródeł aniżeli renta. Z tych samych przyczyn Sąd Apelacyjny obciążył powoda obowiązkiem zwrotu kosztów postępowania apelacyjnego na rzecz pozwanego na podstawie <xLexLink xArt="art. 98;art. 99;art. 108" xIsapId="WDU19640430296" xTitle="Ustawa z dnia 17 listopada 1964 r. - Kodeks postępowania cywilnego" xAddress="Dz. U. z 1964 r. Nr 43, poz. 296">art. 98 i 99 oraz <xBRx/>art. 108 k.p.c.</xLexLink> w zw. z § 6 pkt 6 i § 12 ust. 2 pkt 2 rozporządzenia w sprawie opłat za czynności radców prawnych.</xText>
          
          <xText>MR-K</xText>
        </xUnit>
      </xBlock>
    </xPart>
  </judgement>
<judgement id="155025500005021_X_U_000618_2011_Uz_2014-02-18_001">
    <xPart xEditorFullName="Renata Wesołowska" xYear="2011" xLang="PL" xPublisherFullName="Barbara Syndonin" xFromPg="1" xEditor="rwesolowska" xVolType="15/502550/0005021/U" xPublisher="bsyndonin" xDocType="Uz" xVolNmbr="000618" xVersion="1.0" xToPage="2" xFlag="published">
      <xName>Wyrok+Uzasadnienie</xName>
      <xBlock>
        <xText>Sygn. akt: XU-618/11</xText>
        <xUnit xIsTitle="true" xBold="true" xType="part">
          <xName>WYROK</xName>
          <xTitle>W IMIENIU RZECZYPOSPOLITEJ POLSKIEJ</xTitle>
          <xText xALIGNx="right">Dnia 30 stycznia 2014r.</xText>
          
          <xText>Sąd Rejonowy dla Wrocławia-Śródmieścia X Wydział Pracy i Ubezpieczeń Społecznych we <xAnon>W.</xAnon></xText>
          <xText>w składzie:</xText>
          
          <xText>
            <xBx> Przewodniczący: SSR Barbara Bonczar</xBx>
          </xText>
          <xText>Protokolant: Grażyna Mazurkiewicz</xText>
          
          <xText>po rozpoznaniu na posiedzeniu jawnym w dniu 30 stycznia 2014r. we <xAnon>W.</xAnon></xText>
          <xText>sprawy z odwołania <xBx><xAnon>A. R.</xAnon></xBx></xText>
          <xText>od decyzji Zakładu Ubezpieczeń Społecznych Oddział we <xAnon>W.</xAnon></xText>
          <xText>z dnia 21 września 2011r. znak: <xAnon>(...)</xAnon></xText>
          <xText>w sprawie <xBx><xAnon>A. R.</xAnon></xBx></xText>
          <xText>przeciwko Zakładowi Ubezpieczeń Społecznych Oddział we <xAnon>W.</xAnon></xText>
          <xText>o <xBx>świadczenie rehabilitacyjne</xBx></xText>
          <xText>oddala odwołanie.</xText>
          
          <xText>
            <xBx>Sygn. akt X U 618/11 </xBx>
          </xText>
        </xUnit>
        <xUnit xIsTitle="true" xBold="true" xType="part">
          <xName>UZASADNIENIE</xName>
          <xText>Zakład Ubezpieczeń Społecznych Oddział we <xAnon>W.</xAnon> decyzją z 21 września 2011r. przyznał wnioskodawczyni prawo do świadczenia rehabilitacyjnego na okres 3 miesięcy od dnia 07 czerwca 2011r. do 04 września 2011r w wysokości 90% z ogólnego stanu zdrowia i odmówił prawa do wypłaty świadczenia rehabilitacyjnego za okres od 08 czerwca 2011r. do 04 września 2011r. Podstawą odmowy wypłaty świadczenia rehabilitacyjnego za w/w okres stanowi <xLexLink xArt="art. 12;art. 12 ust. 2;art. 12 ust. 2 pkt. 1" xIsapId="WDU19990600636" xTitle="Ustawa z dnia 25 czerwca 1999 r. o świadczeniach pieniężnych z ubezpieczenia społecznego w razie choroby i macierzyństwa" xAddress="Dz. U. z 1999 r. Nr 60, poz. 636">art.12 ust. 2 pkt 1 ustawy z dnia 25.06.1999r. o świadczeniach pieniężnych z ubezpieczenia społecznego w razie choroby i macierzyństwa</xLexLink>- t.j. Dz.U. z 2010r. Nr 77, poz. 512, zgodnie, z którym świadczenie rehabilitacyjne nie przysługuje w okresie udzielonego urlopu bezpłatnego.</xText>
          <xText>We wniesionym od tej decyzji odwołaniu wnioskodawczyni wnosiła o jej zmianę i przyznanie prawa do świadczenia rehabilitacyjnego zgodnie z orzeczeniem lekarza orzecznika ZUS.</xText>
          <xText>Strona pozwana w udzielonej odpowiedzi na odwołanie wniosła o jego odrzucenie w oparciu o przepis <xLexLink xArt="art. 477(9);art. 477(9) § 3(1)" xIsapId="WDU19640430296" xTitle="Ustawa z dnia 17 listopada 1964 r. - Kodeks postępowania cywilnego" xAddress="Dz. U. z 1964 r. Nr 43, poz. 296">art. 477<xSUPx>9 </xSUPx>§3<xSUPx>1 </xSUPx>kpc</xLexLink>. Organ rentowy podniósł, iż wnioskodawczyni nie wyczerpała drogi postępowania przed wniesieniem odwołania do Sądu – mianowicie nie odwołała się od orzeczenia lekarza orzecznika ZUS do komisji lekarskiej ZUS.</xText>
          
          <xText>
            <xBx>Sąd Rejonowy ustalił następujący stan faktyczny:</xBx>
          </xText>
          
          <xText>Wnioskodawczyni <xAnon>A. R.</xAnon>, od dnia 14 września 2010r. do 31 października 2011r. była zatrudniona w zakładzie pracy <xAnon> (...)</xAnon><xAnon>S. F.</xAnon> w wymiarze 0,45 etatu na stanowisku składacza. W okresie od 08 czerwca 2011r. do 04 września 2011r. wnioskodawczyni przebywała na urlopie bezpłatnym udzielonym wyniku podania wnioskodawczyni z dnia 07 czerwca 2011r. W okresie od 01 grudnia 2012r. do 06 czerwca 2011r. wnioskodawczyni przebywała na zasiłku chorobowym w ilości 182 dni. W dniu 28 kwietnia 2011r. wnioskodawczyni wystąpiła do Oddziału ZUS we <xAnon>W.</xAnon> z wnioskiem o przyznanie prawa do świadczenia rehabilitacyjnego. Została skierowana na badanie do lekarza orzecznika ZUS, który w dniu 08 czerwca 2011r., orzekł, że stan wnioskodawczyni uzasadnia ustalenie uprawnień do świadczenia rehabilitacyjnego na okres 3 miesięcy licząc od wyczerpania prawa do zasiłków chorobowych. Z wydanym orzeczeniem wnioskodawczyni zgodziła się i nie wniosła sprzeciwu do komisji lekarskiej ZUS.</xText>
          <xText>Decyzją z dnia 17 czerwca 2011r. strona pozwana przyznała wnioskodawczyni prawo do świadczenia rehabilitacyjnego od dnia 07 czerwca 2011r. do 04 września 2011r.</xText>
          <xText>W dniu 19 września 2011r. pracodawca wnioskodawczyni poinformował stronę pozwaną, że wnioskodawczyni w okresie od 08 czerwca 2011r. do 04 września 2011r. udzielono urlopu bezpłatnego.</xText>
          <xText>Decyzją z dnia 21 września 2011r. strona pozwana odmówiła wnioskodawczyni prawa do wypłaty świadczenia rehabilitacyjnego za okres od 08 czerwca 2011r. do 04 września 2011r. na podstawie art. 12 ust. 2 pkt. 1 cyt. ustawy z 25.06.1999r., gdyż w tym okresie wnioskodawczyni przebywała na urlopie bezpłatnym.</xText>
          <xText>Dowód: 1) akta zasiłkowe i dokumentacja orzecznicza ZUS.</xText>
          <xText>2) akta sprawy X U 1214/11 – uzasadnienie – k.134 as.</xText>
          <xText>3)zeznania świadka <xAnon>Z. B.</xAnon> – k. 12 v as.</xText>
          <xText>4) przesłuchanie wnioskodawczyni – k. 12 v as.</xText>
          
          <xText>
            <xBx>Sąd zważył, co następuje:</xBx>
          </xText>
          
          <xText>Odwołanie wnioskodawczyni nie zasługuje na uwzględnienie.</xText>
          <xText>Na wstępie wskazać należy, iż nie był zasadny i jako taki nie znalazł uznania Sądu Rejonowego, wniosek Zakładu Ubezpieczeń Społecznych o odrzucenie odwołania ubezpieczonej na podstawie <xLexLink xArt="art. 477(9);art. 477(9) § 3(1)" xIsapId="WDU19640430296" xTitle="Ustawa z dnia 17 listopada 1964 r. - Kodeks postępowania cywilnego" xAddress="Dz. U. z 1964 r. Nr 43, poz. 296">art. 477<xSUPx>9 </xSUPx>§3<xSUPx>1 </xSUPx>kpc</xLexLink>. Organ rentowy podnosił, iż wnioskodawczyni w sprawie o prawo do świadczenia rehabilitacyjnego nie wykorzystała w pełni drogi przedsądowej, tj. nie wniosła sprzeciwu od orzeczenia lekarza orzecznika ZUS do komisji lekarskiej, co winno skutkować odrzuceniem odwołania w oparciu o powołany przepis <xLexLink xArt="" xIsapId="WDU19640430296" xTitle="Ustawa z dnia 17 listopada 1964 r. - Kodeks postępowania cywilnego" xAddress="Dz. U. z 1964 r. Nr 43, poz. 296">kpc</xLexLink>. Powyższa argumentacja nie mogła podlegać uwzględnieniu – pozostaje bowiem w sprzeczności z brzmieniem z <xLexLink xArt="art. 477(9);art. 477(9) § 3(1)" xIsapId="WDU19640430296" xTitle="Ustawa z dnia 17 listopada 1964 r. - Kodeks postępowania cywilnego" xAddress="Dz. U. z 1964 r. Nr 43, poz. 296">art. 477<xSUPx>9 </xSUPx>§3<xSUPx>1 </xSUPx>kpc</xLexLink>.</xText>
          <xText>Zgodnie z tym przepisem „Sąd odrzuci odwołanie w sprawie o świadczenie z ubezpieczeń społecznych, do którego prawo jest uzależnione od stwierdzenia niezdolności do pracy lub niezdolności do samodzielnej egzystencji, a podstawę do wydania decyzji stanowi orzeczenie lekarza orzecznika Zakładu Ubezpieczeń Społecznych, jeżeli osoba zainteresowana nie wniosła sprzeciwu od tego orzeczenia do komisji lekarskiej Zakładu Ubezpieczeń Społecznych i odwołanie jest oparte wyłącznie na zarzutach dotyczących tego orzeczenia (…) .”</xText>
          <xText>Wbrew temu, co twierdzi organ rentowy, w niniejszej sprawie wnioskodawczyni nie kwestionowała orzeczenia lekarza orzecznika ZUS, który ustalił prawo do świadczenia rehabilitacyjnego na okres 3 miesięcy. Wnioskodawczyni zgodziła się z tym orzeczeniem i dlatego nie wniosła sprzeciwu do komisji lekarskiej. Wnioskodawczyni domagała się zmiany decyzji strony pozwanej odmawiającej prawa do wypłaty tego świadczenia wobec pozostawania w tym okresie na urlopie bezpłatnym.</xText>
          <xText>Przechodząc do merytorycznego rozpoznania odwołania wskazać należy, iż zgodnie z <xLexLink xArt="art. 18" xIsapId="WDU19990600636" xTitle="Ustawa z dnia 25 czerwca 1999 r. o świadczeniach pieniężnych z ubezpieczenia społecznego w razie choroby i macierzyństwa" xAddress="Dz. U. z 1999 r. Nr 60, poz. 636">art.18 ustawy z 25.06.1999r. o świadczeniach pieniężnych z ubezpieczenia społecznego w razie choroby i macierzyństwa</xLexLink> – Dz. U. z 2010r. Nr 77, poz.512 ze zm. świadczenie rehabilitacyjne przysługuje ubezpieczonemu, który po wyczerpaniu zasiłku chorobowego jest nadal niezdolny do pracy, a dalsze leczenie lub rehabilitacja lecznicza rokują odzyskanie zdolności do pracy. Świadczenie rehabilitacyjne przysługuje przez okres niezbędny do przywrócenia zdolności do pracy, nie dłużej jednak niż przez 12 miesięcy. Strona pozwana przyznała wnioskodawczyni prawo do świadczenia rehabilitacyjnego na okres 3 miesięcy od dnia 07 czerwca 2011r. do 04 września 2011r.</xText>
          <xText>Zgodnie z <xLexLink xArt="art. 12;art. 12 ust. 2;art. 12 ust. 2 pkt. 1" xIsapId="WDU19990600636" xTitle="Ustawa z dnia 25 czerwca 1999 r. o świadczeniach pieniężnych z ubezpieczenia społecznego w razie choroby i macierzyństwa" xAddress="Dz. U. z 1999 r. Nr 60, poz. 636">art.12 ust. 2 pkt 1 ustawy z dnia 25.06.1999r. o świadczeniach pieniężnych z ubezpieczenia społecznego w razie choroby i macierzyństwa</xLexLink>- t.j. Dz.U. z 2010r. Nr 77, poz. 512, świadczenie rehabilitacyjne nie przysługuje w okresie udzielonego urlopu bezpłatnego. jak wykazało przeprowadzone przed Sądem postępowanie dowodowe w sprawie XP 1214/11 wnioskodawczyni w okresie od 08 czerwca 2011r. do 04 września 2011r. udzielono urlopu bezpłatnego. Okoliczność ta nie została zmieniona w toczącym się postępowaniu, gdyż wyrokiem z dnia 12 lipca 2012r. Sąd oddalił powództwo wnioskodawczyni o sprostowanie świadectwa pracy.</xText>
          <xText>Skoro wnioskodawczyni w okresie, na który przyznano jej prawo do świadczenia rehabilitacyjnego przebywała na urlopie bezpłatnym nie przysługuje jej prawo do wypłaty tego świadczenia.</xText>
          <xText>Z tych względów na podstawie <xLexLink xArt="art. 477(14);art. 477(14) § 1" xIsapId="WDU19640430296" xTitle="Ustawa z dnia 17 listopada 1964 r. - Kodeks postępowania cywilnego" xAddress="Dz. U. z 1964 r. Nr 43, poz. 296">art. 477<xSUPx>14 </xSUPx>§ 1 Kpc</xLexLink>, Sąd orzekł jak w sentencji.</xText>
        </xUnit>
      </xBlock>
    </xPart>
  </judgement>
<judgement id="150525000001521_III_U_000638_2013_Uz_2014-01-31_001">
    <xPart xEditorFullName="Małgorzata Laskowska" xYear="2013" xLang="PL" xPublisherFullName="Małgorzata Laskowska" xFromPg="1" xEditor="m.laskowska" xVolType="15/052500/0001521/U" xPublisher="m.laskowska" xDocType="Uz" xVolNmbr="000638" xVersion="1.0" xToPage="5" xFlag="published">
      <xName>Wyrok+Uzasadnienie</xName>
      <xBlock>
        <xText><xBx>Sygn. akt:</xBx> III U 638/13</xText>
        
        <xUnit xType="part" xBold="true" xIsTitle="true">
          <xName>WYROK</xName>
          <xTitle>W IMIENIU RZECZYPOSPOLITEJ POLSKIEJ</xTitle>
          <xText xALIGNx="right">Dnia 31 stycznia 2014 r.</xText>
          
          <xText>
            <xBx>Sąd Okręgowy w Ostrołęce III Wydział Pracy i Ubezpieczeń Społecznych </xBx>
          </xText>
          <xText>
            <xBx>w składzie:</xBx>
          </xText>
          
          <xRows>
            <xCOLGROUPx>
              <xCOLx xWIDTHx="169"/>
              <xCOLx xWIDTHx="547"/>
            </xCOLGROUPx>
            <xRow>
              <xClmn xVALIGNx="top" xALIGNx="left">
                <xText>Przewodniczący:</xText>
              </xClmn>
              <xClmn xVALIGNx="top" xALIGNx="left">
                <xText>SSO Teresa Suchcicka</xText>
              </xClmn>
            </xRow>
            <xRow>
              <xClmn xVALIGNx="top" xALIGNx="left">
                
              </xClmn>
              <xClmn xVALIGNx="top" xALIGNx="left">
                
              </xClmn>
            </xRow>
            <xRow>
              <xClmn xVALIGNx="top" xALIGNx="left">
                <xText>Protokolant:</xText>
              </xClmn>
              <xClmn xVALIGNx="top" xALIGNx="left">
                <xText>starszy sekretarz sądowy Małgorzata Laskowska</xText>
              </xClmn>
            </xRow>
          </xRows>
          
          <xText><xBx>po rozpoznaniu na rozprawie w dniu</xBx> 31 stycznia 2014 r. w <xAnon>O.</xAnon></xText>
          <xText>
            <xBx>sprawy z odwołania</xBx>
            <xAnon>Z. B. (1)</xAnon>
          </xText>
          <xText>
            <xBx>przy udziale zainteresowanej</xBx>
            <xAnon>Z. B. (2)</xAnon>
          </xText>
          <xText><xBx>przeciwko</xBx> Prezesowi Kasy Rolniczego Ubezpieczenia Społecznego</xText>
          <xText>o podleganie ubezpieczeniom społecznym rolników</xText>
          <xText>
            <xBx>na skutek odwołania</xBx>
            <xAnon>Z. B. (1)</xAnon>
          </xText>
          <xText><xBx>od decyzji</xBx> Prezesa Kasy Rolniczego Ubezpieczenia Społecznego</xText>
          <xText><xBx>
    
    z dnia</xBx> 22 marca 2013r. <xBx>
    
    znak</xBx><xAnon>(...)</xAnon>3, <xAnon>(...)</xAnon></xText>
          
          <xText xALIGNx="center">
            <xBx>orzeka:</xBx>
          </xText>
          
          <xText>zmienia zaskarżoną decyzję w ten sposób, że stwierdza podleganie ubezpieczeniom społecznym rolników i obowiązek opłacania składek na ubezpieczenie wypadkowe, chorobowe i macierzyńskie oraz ubezpieczenie emerytalno-rentowe dla <xAnon>Z. B. (1)</xAnon> w okresach od 1.04.1999r. do 4.05.1999r. oraz od 18.07.2010r. do 28.07.2010r.</xText>
        </xUnit>
        <xUnit xType="part" xBold="true" xIsTitle="true">
          <xName>UZASADNIENIE</xName>
          <xText><xBx><xAnon>Z. B. (1)</xAnon></xBx> wniósł odwołanie od decyzji Prezesa Kasy Rolniczego Ubezpieczenia Społecznego z dnia 22.03.2013r. znak <xAnon>(...)</xAnon>, <xAnon>(...)</xAnon> stwierdzającej jego podleganie ubezpieczeniom społecznym rolników i obowiązek opłacania składek przez <xAnon>Z. B. (1)</xAnon> i <xAnon>Z. B. (2)</xAnon>.</xText>
          
          <xText>W <xBx>odpowiedzi na odwołanie</xBx> Prezes Kasy Rolniczego Ubezpieczenia Społecznego wniósł o jego oddalenie. W uzasadnieniu wskazał, że ubezpieczeniu społecznemu rolników podlega rolnik, którego gospodarstwo rolne obejmuje powyżej 1 ha przeliczeniowego i <xAnon>Z. B. (1)</xAnon> w okresach: od 01.04.1999r. do dnia 30.06.1999r. oraz od 18.07.2010r. do 24.01.2012r. podlega ubezpieczeniu społecznemu rolników i obowiązkowi opłacania składek ubezpieczenie wypadkowe, chorobowe, macierzyńskie i emerytalno – rentowe.</xText>
          
          <xText>Na podstawie art. 477<xSUPx>11 </xSUPx>§ 2 k.p.c. postanowieniem z dnia 02.08.2013r. Sąd Okręgowy wezwał w sprawie w charakterze zainteresowanej żonę odwołującego się <xBx><xAnon>Z. B. (2)</xAnon></xBx>. Zainteresowana przyłączyła się do odwołania.</xText>
          
          <xText xALIGNx="center">
            <xBx>
              <xUx>Sąd Okręgowy ustalił i zważył, co następuje:</xUx>
            </xBx>
          </xText>
          
          <xText>Odwołanie jest częściowo zasadne i skutkuje zmianą zaskarżonej decyzji.</xText>
          <xText>W niniejszym postępowaniu Sąd zajmował się kwestią, czy odwołujący się <xAnon>Z. B. (1)</xAnon> powinien podlegać obowiązkowym ubezpieczeniom społecznym: wypadkowym, chorobowym, macierzyńskim i emerytalno – rentowym – za okresy, kiedy nie pobierał emerytury i renty i nie podlegał ubezpieczeniom na podstawie innych przepisów.</xText>
          <xText>Zaskarżoną decyzją z dnia 22.03.2013r. znak <xAnon>(...)</xAnon> Prezes Kasy Rolniczego Ubezpieczenia Społecznego stwierdził bowiem, że <xAnon>Z. B. (1)</xAnon> w okresach: od 01.04.1999r. do dnia 30.06.1999r. oraz od 18.07.2010r. do 24.01.2012r. podlegał ubezpieczeniu społecznemu rolników i obowiązkowi opłacania składek ubezpieczenie wypadkowe, chorobowe, macierzyńskie i emerytalno – rentowe. W decyzji wskazano, że do opłacania składek zobowiązany jest <xAnon>Z. B. (1)</xAnon> i <xAnon>Z. B. (2)</xAnon>. Jednocześnie organ rentowy stwierdził istnienie zaległości do dnia wydania decyzji w opłacaniu składek na ubezpieczenia w łącznej kwocie 2.561,00 zł (wraz z odsetkami za zwłokę).</xText>
          
          <xText>W sprawie mają zastosowanie mają przepisy ustawy z dnia 20.12.1990 r. o ubezpieczeniu społecznym rolników (Dz.U.2013.1403 j.t.).</xText>
          <xText>Artykuł 3 w/w ustawy stanowi, że ubezpieczeniu podlega się z mocy ustawy albo na wniosek (ust. 1).</xText>
          <xText>Natomiast wg art. 4 ust. 1 składki na ubezpieczenie za każdego ubezpieczonego opłaca rolnik. Jeżeli działalność rolnicza jest prowadzona na rachunek kilku osób, obowiązek opłacenia składki ciąży na nich solidarnie. Według ust. 2 obowiązek opłacenia składki powstaje od dnia, w którym powstało ubezpieczenie, a ustaje od dnia, w którym ustało ubezpieczenie.</xText>
          <xText>Kwestie związane z podleganiem ubezpieczeniu społecznemu rolników regulowane są przez art. 7 ust. 1 pkt 1 i art. 16 ust. 1 pkt 1 i ust. 3 tej ustawy, tj. pełnemu ubezpieczeniu społecznemu rolników: wypadkowemu, chorobowemu, macierzyńskiemu i emerytalno-rentowemu podlega z mocy ustawy rolnik, którego gospodarstwo rolne obejmuje obszar użytków rolnych powyżej 1 ha przeliczeniowego lub dział specjalny - <xUx>jeżeli rolnik ten nie podlega innemu ubezpieczeniu społecznemu lub nie ma ustalonego prawa do emerytury lub renty albo nie ma ustalonego prawa do świadczeń z ubezpieczeń społecznych</xUx>. Przepisy ustawy dotyczące ubezpieczenia rolnika i świadczeń przysługujących rolnikowi stosuje się także do małżonka rolnika, chyba że ten małżonek nie pracuje w gospodarstwie rolnika ani w gospodarstwie domowym bezpośrednio związanym z tym gospodarstwem rolnym (art. 5 powołanej ustawy).</xText>
          <xText>W myśl art. 6 pkt 1 powołanej ustawy, za rolnika uważa się osobę fizyczną, zamieszkującą i prowadzącą na terytorium Rzeczypospolitej Polskiej, osobiście i na własny rachunek, działalność rolniczą w pozostającym w jej posiadaniu gospodarstwie rolnym, w tym również w ramach grupy producentów rolnych, a także osobę, która przeznaczyła grunty prowadzonego przez siebie gospodarstwa do zalesienia.</xText>
          <xText>Z w/w przepisów jednocześnie wynika, że osoba spełniająca warunki do podlegania ubezpieczeniu społecznemu rolników oraz ubezpieczeniu społecznemu z tytułu prowadzonej działalności gospodarczej powinna być objęta ubezpieczeniem społecznym tylko z jednego tytułu. Na takim stanowisku stoi judykatura. Z orzecznictwa wynika bowiem, że w świetle art. 5 ust. 1 ustawy z dnia 13.10.1998 r. o systemie ubezpieczeń społecznych (Dz.U.2013.1442 j.t.) ubezpieczenie społeczne rolników, jeżeli nie podlegają oni obowiązkowi ubezpieczeń społecznych na podstawie ustawy, regulują odrębne przepisy. Zatem przepis ten wprowadza pierwszeństwo tytułu ubezpieczenia na podstawie tej ustawy w tym znaczeniu, że spełnianie warunków do podlegania ubezpieczeniu na podstawie ustawy systemowej, wyłącza podleganie ubezpieczeniu rolniczemu. Spełnianie zatem przesłanek choćby jednego tytułu do ubezpieczenia z art. 6 ust. 1 u.s.u.s. uniemożliwia rolnikowi prowadzącemu działalność gospodarczą dalsze podleganie ubezpieczeniu na podstawie art. 5a ustawy z 1990r. o ubezpieczeniu społecznym rolników, choćby w dalszym ciągu spełniał określone w tym przepisie przesłanki podlegania ubezpieczeniu rolniczemu. Jeżeli zatem rolnik zawarł umowę zlecenia to stanowi ona tytuł do objęcia go ubezpieczeniem, na podstawie art. 6 ust. 1 pkt 4 u.s.u.s. (wyrok Sądu Apelacyjnego w Białymstoku z dnia 26.09.2012 r., III AUa 460/12, LEX nr 1220439).</xText>
          
          <xText>Przedmiotem sporu w rozpoznawanej sprawie była okoliczność, czy odwołujący się w okresach: od 01.04.1999r. do dnia 30.06.1999r. oraz od 18.07.2010 r. do 24.01.2012r. podlegał ubezpieczeniu społecznemu rolników i obowiązkowi opłacania składek ubezpieczenie wypadkowe, chorobowe, macierzyńskie i emerytalno – rentowe. Organ emerytalno -rentowy twierdził bowiem, że w w/w okresach odwołującego się należy uważać za rolnika.</xText>
          
          <xText>Sąd Okręgowy przeprowadził postępowanie dowodowe z akt organu emerytalno – rentowego i materiału dowodowego zgromadzonego w aktach sprawy.</xText>
          <xText>W aktach emerytalno – rentowych zawarto informację, że <xAnon>Z. B. (1)</xAnon> jest właścicielem gospodarstwa rolnego od dnia 02.11.1979r., zaś na dzień 26.03.2013r. posiada 14,55 ha, w tym 4,96 ha przeliczeniowych.</xText>
          <xText><xAnon>Z. B. (1)</xAnon> od dnia 01.08.1994r. do 31.12.1998r. podlegał ubezpieczeniu społecznemu rolników z mocy ustawy w zakresie emerytalno – rentowym oraz wypadkowym, chorobowym i macierzyńskim jako rolnik (k. 35). Wcześniej zatrudniony był w <xAnon> Zakładach (...)</xAnon> w <xAnon>O.</xAnon>.</xText>
          <xText>Od 26.11.1998r. do 31.03.1999r. <xAnon>Z. B. (1)</xAnon> zatrudniony był w Rejonowej <xAnon> (...)</xAnon> w <xAnon>O.</xAnon> na podstawie umowy o pracę w pełnym wymiarze czasu pracy jako kierowca wozu sanitarno – osobowego (świadectwo pracy z dnia 31.03.1999r., k. 9 a.e. nr <xAnon> (...)</xAnon>).</xText>
          <xText>Na podstawie decyzji z dnia 03.12.1998r. z powodu w/w zatrudnienia Prezes KRUS stwierdził ustanie ubezpieczenia społecznego rolników od 01.01.1999r. (k. 24 a.e.).</xText>
          <xText>Ze świadectwa pracy wystawionego przez <xAnon> (...) Serwis Sp. z o.o.</xAnon> we <xAnon>W.</xAnon> w dniu 17.05.2010r. wynika, że w okresie od 05.05.1999r. do dnia 17.05.2010r. odwołujący się zatrudniony był jako kierowca: od 05.05.1999r. do 31.10.1999r. i jako pracownik serwisowy od 01.11.1999r. do 31.10.2009r. (świadectwo pracy z dnia 17.05.2010r., k. 13 a.e. nr <xAnon> (...)</xAnon>).</xText>
          
          <xText>W świetle porównania powyższych okresów zatrudnienia na podstawie umowy o pracę, oraz spornego okresu od 01.04.1999r. do 30.06.1999r., należy stwierdzić, że <xAnon>Z. B. (1)</xAnon> zatrudniony był od 26.11.1998r. do 31.03.1999 r. w Rejonowej <xAnon> (...)</xAnon> w <xAnon>O.</xAnon> i następnie od 05.05.1999 r. do dnia 31.10.1999r. w <xAnon> (...) Serwis Sp. z o.o.</xAnon> we <xAnon>W.</xAnon>.</xText>
          <xText>Powyższa dokumentacja wskazuje, że tylko w okresie od dnia 01.04.1999r. do dnia 04.05.1999r. odwołujący się miał przerwę w zatrudnieniu. Odwołujący się twierdził, że za ten okres opłacał składki. Zdaniem Sądu Okręgowego przyjęcie, że w okresie tym odwołujący się nie podlegał ubezpieczeniom społecznym z tytułu umowy o pracę, pozwala uznać, że podlegał ubezpieczeniu społecznemu rolników. Wskazane wyżej przepisy art. 7 ust. I art. 16 ust. 3 ustawy o ubezpieczeniu społecznym rolników jednoznacznie wskazują na obowiązek podlegania ubezpieczeniu społecznemu tylko z jednego tytułu, a nie z obydwu jednocześnie. Odwołujący się podlegał ubezpieczeniom społecznym rolników i obowiązkowi opłacania składek na ubezpieczenie wypadkowe, chorobowe i macierzyńskie oraz ubezpieczenie emerytalno – rentowe począwszy od 1.04.1999r. do dnia 04.05.1999r., nie zaś do dnia 30.06.1999r., jak ustalił organ rentowy. Decyzja Prezesa KRUS nie jest więc prawidłowa i podlega zmianie.</xText>
          
          <xText>Kolejny przedmiot sporu w niniejszym postępowaniu to okres od dnia 18.07.2010r. do dnia 24.01.2012r. – kiedy to organ rentowy objął odwołującego się ubezpieczeniem społecznym rolników.</xText>
          
          <xText>Z dokumentacji zgromadzonej w aktach organu emerytalnego wynika, że <xAnon>Z. B. (1)</xAnon> na podstawie wyroku Sądu Okręgowego - Sądu Ubezpieczeń Społecznych w Ostrołęce z dnia 22.12.2011 r. przyznano prawo do renty z tytułu niezdolności do pracy na okres od 29.07.2010r. do 30.04.2012 r. (wyrok w sprawie syg. III U 1671/10, k. 58 a.r.). Natomiast na podstawie decyzji Zakładu Ubezpieczeń Społecznych Oddziału w <xAnon>P.</xAnon> z dnia 08.05.2012r. znak <xAnon> (...)</xAnon>-1/10/I przyznano odwołującemu się prawo do renty od 01.05.2012 r., tj. wypłata renty inwalidzkiej nastąpiła od daty wstrzymania świadczenia rentowego. Lekarz Zakładu Ubezpieczeń Społecznych orzekł, że odwołujący jest częściowo niezdolny do pracy do dnia 30.04.2013 r. (decyzja, k. 59).</xText>
          <xText>Ze złożonego do akt organu rentowego Zaświadczenia o wypłaconych zasiłkach (świadczeniach za okres po ustaniu ubezpieczenia) z dnia 25.02.2013 r. wystawionego przez Zakład Ubezpieczeń Społecznych Oddział w <xAnon>P.</xAnon> Inspektorat w <xAnon>O.</xAnon> wynika, że odwołujący się przebywał na świadczeniu rehabilitacyjnym w okresie od 18.05.2010 r. do 17.07.2010r. (k. 60 a.e.).</xText>
          <xText>Z decyzji odmownej Zakładu Ubezpieczeń Społecznych Inspektoratu w <xAnon>O.</xAnon> z dnia 16.08.2010r., znak 1-<xAnon> (...)</xAnon> wynika, że <xAnon>Z. B. (1)</xAnon>, po rozpatrzeniu jego wniosku z dnia 29.07.2010r. odmówiono prawa do renty z tytułu niezdolności do pracy (decyzja, k. 62 a.e.).</xText>
          <xText>Z decyzji odmownej Zakładu Ubezpieczeń Społecznych Inspektoratu w <xAnon>O.</xAnon> z 30.11.2010r., znak 1-<xAnon> (...)</xAnon> wynika, że <xAnon>Z. B. (1)</xAnon>, po rozpatrzeniu jego wniosku z dnia 29.07.2010r. odmówiono prawa do świadczenia rentowego.</xText>
          <xText>W aktach organu rentowego znajduje się także kserokopia Aktu notarialnego Rep. A nr <xAnon> (...)</xAnon> z dnia 30.05.2012r., z której wynika, że odwołujący się nabył niezabudowane działki gruntu położonego na terenie wsi <xAnon>R.</xAnon> w gminie <xAnon>T.</xAnon>, powiecie <xAnon> (...)</xAnon> (k. 64-67 a.e.).</xText>
          
          <xText><xAnon>Z. B. (1)</xAnon> od 18.05.2010 r. do 17.07.2010r. przebywał na świadczeniu rehabilitacyjnym (Zaświadczenie, k. 60 a.e.). Zatem od dnia 18.07.2010r. powinien zostać objęty obowiązkiem ubezpieczenia społecznego rolników - jak prawidłowo ustalił organ emerytalno- rentowy – do dnia 28.07.2010r. – tj. 10 dni. Od dnia 29.07.2010r. odwołujący się posiadał już bowiem prawo do renty z tytułu niezdolności do pracy.</xText>
          <xText>Reasumując, okresy zatrudnienia (05.05.1999r. do 31.10.2009r.) i pobierania renty z tytułu niezdolności do pracy (od 29.07.2010r. do 30.04.2012r.) wyłączają ubezpieczenie społeczne rolników z mocy ustawy.</xText>
          <xText>Mając to na uwadze, Sąd Okręgowy na podstawie art. 477<xSUPx>14</xSUPx> § 2 k.p.c. dokonał stosownej zmiany zaskarżonej decyzji stwierdzając, że <xAnon>Z. B. (1)</xAnon> podlega ubezpieczeniom społecznym rolników i obowiązkowi opłacania składek na ubezpieczenie wypadkowe, chorobowe i macierzyńskie oraz ubezpieczenie emerytalno-rentowe w okresach od 1.04.1999r. do 4.05.1999r. oraz od 18.07.2010r. do 28.07.2010r.</xText>
        </xUnit>
      </xBlock>
    </xPart>
  </judgement>
<judgement id="151005000002006_IV_Ka_001111_2013_Uz_2014-01-31_001">
    <xPart xEditorFullName="Marcin Białowąs" xYear="2013" xLang="PL" xPublisherFullName="Henryka Andrzejewska" xFromPg="1" xEditor="mbialowas" xVolType="15/100500/0002006/Ka" xPublisher="handrzejewska" xDocType="Uz" xVolNmbr="001111" xVersion="1.0" xToPage="2" xFlag="published">
      <xName>Wyrok+Uzasadnienie</xName>
      <xBlock>
        <xText><xBx>Sygn. akt. </xBx>IV Ka 1111/13</xText>
        <xUnit xIsTitle="true" xType="part" xBold="true">
          <xName>WYROK</xName>
          <xTitle>W IMIENIU RZECZYPOSPOLITEJ POLSKIEJ</xTitle>
          <xText xALIGNx="right">Dnia 31 stycznia 2014 roku</xText>
          
          <xText><xBx>Sąd Okręgowy w Bydgoszczy IV Wydział Karny Odwoławczy <xBRx/></xBx>w składzie:</xText>
          <xText>
            <xBx>Przewodniczący SSO Włodzimierz Hilla - sprawozdawca</xBx>
          </xText>
          <xText>Sędziowie SO Adam Sygit</xText>
          <xText>SO Piotr Kupcewicz</xText>
          <xText>Protokolant sekr. sądowy Dominika Marcinkowska</xText>
          <xText>przy udziale Janusza BogaczaProkuratora Prokuratury Okręgowej <xBRx/>w Bydgoszczy</xText>
          <xText>po rozpoznaniu w dniu 31 stycznia 2014 roku</xText>
          <xText>sprawy <xBx><xAnon>R. B.</xAnon></xBx></xText>
          <xText>oskarżonego z <xLexLink xArt="art. 191;art. 191 § 1" xIsapId="WDU19970880553" xTitle="Ustawa z dnia 6 czerwca 1997 r. - Kodeks karny" xAddress="Dz. U. z 1997 r. Nr 88, poz. 553">art. 191§1 k.k.</xLexLink>, <xLexLink xArt="art. 191;art. 191 § 2" xIsapId="WDU19970880553" xTitle="Ustawa z dnia 6 czerwca 1997 r. - Kodeks karny" xAddress="Dz. U. z 1997 r. Nr 88, poz. 553">art. 191§2 k.k.</xLexLink></xText>
          <xText>na skutek apelacji wniesionej przez obrońcę oskarżonego</xText>
          <xText>od wyroku Sądu Rejonowego w Bydgoszczy</xText>
          <xText>z dnia 25 września 2013 roku sygn. akt IV K 273/13</xText>
          <xText>utrzymuje w mocy zaskarżony wyrok, uznając apelację za oczywiście bezzasadną; wymierza oskarżonemu opłatę w wysokości 300,00 (trzysta) złotych za II instancję i obciąża go pozostałymi kosztami procesu za postepowanie odwoławcze.</xText>
          
          <xText>IV Ka 1111/13</xText>
        </xUnit>
        <xUnit xIsTitle="true" xType="part" xBold="true">
          <xName>UZASADNIENIE</xName>
          <xText><xBx><xAnon>R. B.</xAnon></xBx>był oskarżony o to, że:</xText>
          
          <xText><xBx>1.</xBx> 5 maja 2010 roku w <xAnon>B.</xAnon> przy <xAnon>ul. (...)</xAnon> działając z zamiarem bezpośrednim przy pomocy groźby bezprawnej w celu zmuszenia <xAnon>M. M.</xAnon></xText>
          <xText>do określonego działania kazał mu wsiąść do samochodu marki <xAnon>A. (...)</xAnon> o <xAnon>numerze rejestracyjnym (...)</xAnon>, a następnie po uderzeniu pokrzywdzonego z pięści i grożąc przy tym pozbawieniem życia zawiózł go na <xAnon>ul. (...)</xAnon> w <xAnon>B.</xAnon>, gdzie następnie polecił mu wysiąść z samochodu,</xText>
          <xText>tj. o czyn z <xLexLink xArt="art. 191;art. 191 § 1" xIsapId="WDU19970880553" xTitle="Ustawa z dnia 6 czerwca 1997 r. - Kodeks karny" xAddress="Dz. U. z 1997 r. Nr 88, poz. 553">art. 191 § 1 k.k.</xLexLink>;</xText>
          
          <xText><xBx>2.</xBx> 5 maja 2010 w <xAnon>B.</xAnon> przy <xAnon>ul (...)</xAnon> działając z zamiarem bezpośrednim oraz wspólnie i w porozumieniu z <xAnon>P. S.</xAnon> w celu osiągnięcia korzyści majątkowej w kwocie 30.000zł w postaci zwrotu należności wynikającej z pożyczki udzielonej w drugiej połowie kwietnia 2010r. <xAnon>M. M.</xAnon> w kwocie 50.000 zł wraz z 20.000zł odsetek, zażądał kwoty 30.000zł ponad wynikającą z umowy wierzytelność groźbą zamachu na życie i zdrowie pokrzywdzonego <xAnon>M. M.</xAnon> w postaci złapania go pod ramiona i doprowadzenia do piwnicy kamienicy przy <xAnon>ul. (...)</xAnon> oraz grożenia obcięciem palca u ręki, posługując się niebezpiecznym narzędziem w postaci tasaka oraz przedmiotem przypominającym broń palną w postaci rewolweru, który przykładał pokrzywdzonemu do głowy oraz kolana, zażądał zwrotu wierzytelności do dnia 6 maja 2010 roku</xText>
          <xText>tj. o czyn z <xLexLink xArt="art. 191;art. 191 § 2" xIsapId="WDU19970880553" xTitle="Ustawa z dnia 6 czerwca 1997 r. - Kodeks karny" xAddress="Dz. U. z 1997 r. Nr 88, poz. 553">art. 191 § 2 k.k.</xLexLink></xText>
          <xText>Sąd Rejonowy w Bydgoszczy wyrokiem z 25 września 2013 roku (sygn. akt IV K 273/13) uznał oskarżonego za winnego tego, że 5 maja 2010 roku w <xAnon>B.</xAnon>, działając w celu wymuszenia zwrotu przez <xAnon>M. M.</xAnon>wierzytelności, przy <xAnon>ulicy (...)</xAnon>, grożąc mu pobiciem i stosując przemoc w postaci uderzenia pięścią w twarz, zmusił go do pozostania w samochodzie <xAnon>A. (...)</xAnon>o <xAnon>numerze rejestracyjnym (...)</xAnon>, wspólnego przejazdu samochodem na <xAnon>ulicę (...)</xAnon>, a następnie do zejścia do pomieszczenia piwnicznego kamienicy nr <xAnon>(...)</xAnon> przy tej ulicy, gdzie wspólnie i w porozumieniu z <xAnon>P. S.</xAnon>, skazanym prawomocnym wyrokiem Sądu Rejonowego w Bydgoszczy z 8 listopada 2012 roku - sygn. akt IV K 171/11, groził <xAnon>M. M.</xAnon>pozbawieniem życia, przestrzeleniem kolana i okaleczeniem, posługując się przy tym tasakiem i przedmiotem przypominającym broń palną zażądał przekazania kwoty 100.000 złotych tytułem zwrotu udzielonej mu w drugiej połowie kwietnia 2010 roku pożyczki w kwocie 50.000 złotych wraz z odsetkami, tj. popełnienia przestępstwa z <xLexLink xArt="art. 191;art. 191 § 2" xIsapId="WDU19970880553" xTitle="Ustawa z dnia 6 czerwca 1997 r. - Kodeks karny" xAddress="Dz. U. z 1997 r. Nr 88, poz. 553">art. 191 § 2 k.k.</xLexLink> i za to, na podstawie cyt. przepisu ustawy, wymierzono mu karę 2 lat pozbawienia wolności.</xText>
          <xText>Na podstawie <xLexLink xArt="art. 33;art. 33 § 2" xIsapId="WDU19970880553" xTitle="Ustawa z dnia 6 czerwca 1997 r. - Kodeks karny" xAddress="Dz. U. z 1997 r. Nr 88, poz. 553">art. 33 § 2 k.k.</xLexLink> wymierzono mu grzywnę w wymiarze 200 stawek dziennych, ustalając wysokość jednej stawki na kwotę 50 złotych.</xText>
          <xText>Niniejszy wyrok zawiera nadto rozstrzygnięcia w trybie przepisu <xLexLink xArt="art. 63;art. 63 § 1" xIsapId="WDU19970880553" xTitle="Ustawa z dnia 6 czerwca 1997 r. - Kodeks karny" xAddress="Dz. U. z 1997 r. Nr 88, poz. 553">art. 63 § 1 k.k.</xLexLink>, a także odnośnie kosztów sądowych w sprawie.</xText>
          
          <xText>Powyższy wyrok został zaskarżony w trybie apelacji przez obrońcę oskarżonego, który, powołując się na podstawę odwoławczą określoną w <xLexLink xArt="art. 438;art. 438 pkt. 4" xIsapId="WDU19970890555" xTitle="Ustawa z dnia 6 czerwca 1997 r. - Kodeks postępowania karnego" xAddress="Dz. U. z 1997 r. Nr 89, poz. 555">art. 438 pkt 4 k.p.k.</xLexLink>, wyrokowi temu zarzucił:</xText>
          <xUnit xIsTitle="false" xType="none">
            <xName xSffx=".">1</xName>
            <xText>błąd w ustaleniach faktycznych przyjętych za jego podstawę, mogący mieć wpływ na jego treść, poprzez uznanie oskarżonego za winnego popełnienia przypisanego mu czynu, wnosząc o jego uniewinnienie;</xText>
          </xUnit>
          <xUnit xIsTitle="false" xType="none">
            <xName xSffx=".">2</xName>
            <xText>obrazę przepisów postępowania, a mianowicie art.art.: 4, 5, 10 i 424 <xLexLink xArt="" xIsapId="WDU19970890555" xTitle="Ustawa z dnia 6 czerwca 1997 r. - Kodeks postępowania karnego" xAddress="Dz. U. z 1997 r. Nr 89, poz. 555">k.p.k.</xLexLink> mogącą mieć wpływ na treść wyroku, wynikającą z oceny dowodów oraz rozstrzygnięcia niedających się usunąć wątpliwości na niekorzyść oskarżonego.</xText>
          </xUnit>
          <xText>Równocześnie, apelujący - „z ostrożności procesowej” - podniósł także zarzut wymierzenia oskarżonemu rażąco niewspółmiernej kary, domagając się jej obniżenia oraz warunkowego zawieszenia jej wykonania.</xText>
          
          <xText>
            <xBx><xUx>Sąd Okręgowy zważył co następuje</xUx>
         :</xBx>
          </xText>
          
          <xText>Powyższą apelację należało uznać za oczywiście bezzasadną, w rozumieniu treści przepisu <xLexLink xArt="art. 457;art. 457 § 2" xIsapId="WDU19970890555" xTitle="Ustawa z dnia 6 czerwca 1997 r. - Kodeks postępowania karnego" xAddress="Dz. U. z 1997 r. Nr 89, poz. 555">art. 457 § 2 k.p.k.</xLexLink>, wobec czego zaskarżony wyrok podlegał utrzymaniu w mocy.</xText>
          
          <xText>W ocenie sądu odwoławczego sąd pierwszej instancji w sposób w pełni należyty, kompletny i wyczerpujący przeprowadził postępowanie dowodowe i po przeprowadzeniu kompleksowej, wnikliwej i gruntownej analizy i oceny całokształtu zgromadzonego w sprawie materiału dowodowego, poczynił w pełni trafne ustalenia faktyczne skutkujące uznaniem sprawstwa oskarżonego w zakresie przypisanego mu czynu.</xText>
          <xText>W ocenie organu <xIx>ad quem</xIx>, sąd orzekając<xIx>y</xIx> w swym kompletnym, wyczerpującym, a przy tym logicznym i w pełni przekonującym uzasadnieniu zaskarżonego wyroku, czyniącym zadość – wbrew twierdzeniom obrony - tym wymogom, jakie zakreśla dlań treść przepisu <xLexLink xArt="art. 424" xIsapId="WDU19970890555" xTitle="Ustawa z dnia 6 czerwca 1997 r. - Kodeks postępowania karnego" xAddress="Dz. U. z 1997 r. Nr 89, poz. 555">art. 424 k.p.k.</xLexLink>, wskazał na jakich dowodach oparł dokonane ustalenia i z jakich powodów nie uznał dowodów przeciwnych. Z treści uzasadnienia zatem w sposób jednoznaczny, jasny i zrozumiały wynika <xBx>dlaczego zapadł taki właśnie wyrok.</xBx> Przedstawiona ocena dowodów, jak wspomniano, w żaden sposób nie wykracza poza granice ich swobodnej oceny, uwzględnia wskazania wiedzy i doświadczenia życiowego oraz zasady logicznego rozumowania, jak najbardziej uprawnienie korzystając z ochrony przewidzianej właśnie treścią przepisu <xLexLink xArt="art. 7" xIsapId="WDU19970890555" xTitle="Ustawa z dnia 6 czerwca 1997 r. - Kodeks postępowania karnego" xAddress="Dz. U. z 1997 r. Nr 89, poz. 555">art. 7 k.p.k.</xLexLink></xText>
          
          <xText><xBx><xUx>Sąd odwoławczy w powyższym zakresie z tą argumentacją, jaka została tamże przywołana, w pełni się utożsamia i się do niej odwołuje</xUx></xBx>, nie dostrzegając zatem konieczności ponownego szczegółowego jej przytaczania.</xText>
          
          <xText>Czyniąc zaś zadość stosownym wymogom procesowym przewidzianym dla postępowania odwoławczego treścią przepisów art. art.: 433 <xLexLink xArt="§ 2;§ 457;§ 3" xIsapId="WDU19970890555" xTitle="Ustawa z dnia 6 czerwca 1997 r. - Kodeks postępowania karnego" xAddress="Dz. U. z 1997 r. Nr 89, poz. 555">§ 2 i 457 § 3 k.p.k.</xLexLink>, abstrahując od ułomności podstawy prawnej przywołanej dla poszczególnych zarzutów odwoławczych, należy stwierdzić co następuje:</xText>
          
          <xText>Niniejsza apelacja jawi się jako tyleż nietrafna, co wyłącznie <xBx>polemiczna </xBx>wobec ustaleń sądu orzekającego oraz rzetelnej, wyczerpującej, logicznej i przekonującej argumentacji zawartej w uzasadnieniu zaskarżonego wyroku, nie dostarczając jakichkolwiek merytorycznych argumentów tego rodzaju, które uprawniałyby do podzielenia zarzutów sformułowanych w tymże środku odwoławczym oraz leżącej u jego podstaw argumentacji.</xText>
          
          <xText>Na wstępie wszelkich dalszych, szczegółowych rozważań czynionych przez organ <xIx>ad quem</xIx>, nie będzie od rzeczy skonstatować i to, że pełną aktualność zachowuje ta reguła oceny dowodów, wedle której podstawę czynionych ustaleń faktycznych w określonej sprawie winny stanowić wszystkie dowody zgromadzone w sprawie (<xLexLink xArt="art. 410" xIsapId="WDU19970890555" xTitle="Ustawa z dnia 6 czerwca 1997 r. - Kodeks postępowania karnego" xAddress="Dz. U. z 1997 r. Nr 89, poz. 555">art. 410 k.p.k.</xLexLink>), w szczególności zaś naturalnie te, które mają określone, istotne znaczenie dla merytorycznego rozstrzygnięcia, przy czym dowody te winny być postrzegane i oceniane w ich <xBx>całokształcie i we wzajemnym względem siebie powiązaniu</xBx>, kiedy to nabierają one zgoła odmiennej wymowy, znaczenia i wartości dowodowej, aniżeli wówczas, gdy chcieć je postrzegać w sposób jednostkowy, wybiórczy, w oderwaniu od wspomnianych wzajemnych relacji między nimi, jak próbuje to miejscami czynić autor rzeczonej apelacji.</xText>
          
          <xText>Truizmem byłoby skonstatować, że w sposób oczywisty pokrzywdzony – jak podnosi to obrona - „miał interes w tym aby zdarzenie przedstawić w taki sposób” (s. 2 apelacji), skoro przecież zdecydował się na wdrożenie postępowania i poszukiwanie ochrony ze strony organów ścigania. Natomiast zupełnie innym zagadnieniem jest weryfikacja jego zeznań treścią przeprowadzonych w sprawie dowodów. W konsekwencji musi razić dowolnością razi teza, że miałby on motywować się tym „aby nie oddać (oskarżonemu) pozostałej kwoty odsetkowej”, czy też dalsze niedopuszczalne, zupełnie dowolne domniemanie, że „prawdopodobnie wtedy pokrzywdzony doszedł do wniosku, że należy zgłosić popełnienie przestępstwa (…) ponieważ (czyt. <xIx>z tego powodu, że…</xIx> – uwaga SO) nie miał możliwości zwrotu pełnej kwoty…” (s. 2 i 3 apelacji). Twierdzenie takie wymyka się bowiem ocenie z punktu widzenia elementarnych zasad doświadczenia życiowego i orzeczniczego, ale także logicznego rozumowania. Abstrahując już do okoliczności, w jakich oskarżonym owe odsetki, w takiej wysokości sobie naliczał i wynikających z tegoż oceny i wniosków.</xText>
          <xText>Również, pozbawionej wartości merytorycznej w ogóle, a w okolicznościach niniejszej sprawy w szczególności, jest ta supozycja obrony, jakoby oświadczenia procesowe pokrzywdzonego, oraz wspierające je swą treścią zeznania jego najbliższych (acz przecież nie tylko te dowody także obciążały oskarżonego), miałyby być z tego właśnie powodu pozbawione swej wartości dowodowej. Tym bardziej, że przecież obrona w gruncie rzeczy nie kwestionuje wszelkich podstawowych ustaleń w sprawie, poczynając od tego, że pokrzywdzony w ustalonych okolicznościach stal się dłużnikiem oskarżonego, poprzez to, że ten ostatni naliczał mu skrajnie lichwiarskie odsetki, poprzez i to, że pokrzywdzony do pewnego momentu zbierał niezbędne kwoty pieniędzy i rozliczał się z oskarżonym, a kończąc na tym, że w konsekwencji nie był on w stanie spełnić związanych z tym żądań finansowych <xAnon>R. B.</xAnon>. Tym samym, wedle tych reguł i zasad oceny dowodów, jakie statuowane są treścią przepisu <xLexLink xArt="art. 7" xIsapId="WDU19970890555" xTitle="Ustawa z dnia 6 czerwca 1997 r. - Kodeks postępowania karnego" xAddress="Dz. U. z 1997 r. Nr 89, poz. 555">art. 7 k.p.k.</xLexLink>, to właśnie wersja prezentowana przez pokrzywdzonego (wspierana dalszymi, wskazanymi przez sąd pierwszej instancji dowodami), jawi się właśnie jako wiarygodna, odpowiadająca rzeczywistemu biegowi wydarzeń. Nawiasem mówiąc, z tych samych powodów, niepodobna jest dopuścić wyobrażenie, że pokrzywdzony – jak zdaje się chciałby to widzieć autor apelacji – „wymyślił” sobie taki a nie inny scenariusz krytycznych wydarzeń z dnia 5 maja 2010 roku i to w sytuacji, kiedy rozliczne związane z tym okoliczności mogłyby przecież z powodzeniem być weryfikowalne. Tym większego znaczenia zatem nabierają te dalsze ustalenia, które potwierdzają zeznania <xAnon>M. M.</xAnon>, a związane np. z faktem pozostawania przez <xAnon>P. S.</xAnon> w posiadaniu zarówno rzeczonego, tasaka, jak i przedmiotu przypominającego pistolet (por. w tym względzie argumentacje sądu <xIx>meriti</xIx> – s. 8 – 9 uzasadnienia).</xText>
          <xText>Niechybnie zatem rację ma obrona również wówczas, gdy dostrzega, że rozmowa (rozmowy) pomiędzy oskarżonym a pokrzywdzonym musiała mieć burzliwy charakter, jednakowoż w ślad za tym nie podąża ani jakakolwiek rzeczowa argumentacja, ani też jakiekolwiek merytoryczne wnioski, które mogłyby stanowić skuteczną przeciwwagę dla sposobu rozumowania i argumentowania ze strony sądu orzekającego.</xText>
          <xText>Nie trzeba dodawać, że powstały stan rzeczy w sposób oczywisty nie uprawniał oskarżonego, jak chciałaby to widzieć obrona, do dochodzenia swych praw (i to jeszcze przy założeniu, że w istocie taki sposób naliczenia odsetek, w takiej wysokości w ogóle mógłby zostać uznany za prawnie dopuszczalny, co jednak pozostaje w sposób oczywisty poza obszarem obecnych rozważań sądu karnego). Subiektywny stan pozostawania przez oskarżonego w poczuciu pokrzywdzenia z tego powodu ma zgoła irrelewantne znaczenie w sprawie.</xText>
          
          <xText>W konsekwencji, nie sposób było podzielić i tego zarzutu autora apelacji, wedle którego sąd <xIx>meriti</xIx> miałby uchybić treści przepisu <xLexLink xArt="art. 5;art. 5 § 2" xIsapId="WDU19970890555" xTitle="Ustawa z dnia 6 czerwca 1997 r. - Kodeks postępowania karnego" xAddress="Dz. U. z 1997 r. Nr 89, poz. 555">art. 5 § 2 k.p.k.</xLexLink>, której to zasady procesowej <xIx>(in dubio pro reo)</xIx> nie można traktować w sposób uproszczony, jak chciałby tego apelujący. Wątpliwości w zakresie ustaleń faktycznych winny być usuwane w drodze analizy materiału dowodowego i wykorzystania przez organy procesowe wszelkiej możliwej i dostępnej inicjatywy dowodowej. Dopiero po wyczerpaniu wszystkich możliwości w tym zakresie, „niedające się usunąć wątpliwości” rozstrzyga się na korzyść oskarżonego. O naruszeniu owej zasady procesowej nie można więc mówić wówczas, gdy sąd w wyniku pełnej i należycie dokonanej, swobodnej oceny dowodów, uznał, że brak jest wątpliwości albo że nie mają one znaczenia dla odpowiedzialności prawnej oskarżonego (por. wyrok SN z 4 kwietnia 2000 r. - II <xLexLink xArt="" xIsapId="WDU19970900557" xTitle="Ustawa z dnia 6 czerwca 1997 r. - Kodeks karny wykonawczy" xAddress="Dz. U. z 1997 r. Nr 90, poz. 557">KKW</xLexLink> 391/98, wyrok SN z 14 maja 1999 r. - IV KKN 714/98, Prok. i Pr. 2000, nr 4, poz. 8).</xText>
          <xText>Tymczasem, w oparciu o przeprowadzone przed sądem i w sposób prawidłowy ocenione dowody, zupełnie niepodobna jest powiedzieć, aby w sprawie zachodziły wątpliwości co do sprawstwa oskarżonego w zakresie zarzucanego mu czynu, a to z tych powodów, jakie przywołano, tak w uzasadnieniu zaskarżonego orzeczenia, jak również w niniejszym dokumencie procesowym. Ustalenia sądu <xIx>a quo</xIx> są stanowcze, jednoznaczne, kategoryczne, mające pełne oparcie w materiale dowodowym sprawy, wobec czego brak jest najmniejszych podstaw do twierdzenia, abyśmy, z jakiegokolwiek powodu, mieli w ogóle czynić w przedmiotowej sprawie jakiekolwiek rozważania poprzez pryzmat wskazanej wyżej zasady procesowej. Sporządzone przez sąd pierwszej instancji uzasadnienie zaskarżonego orzeczenia w pełni oddaje sposób rozumowania sądu w zakresie przeprowadzonej analizy i oceny zebranych dowodów, należycie uzasadniając stanowisko co do tego, dlaczego właśnie taki, a nie inny wyrok w sprawie zapadł, a co sprawia, że wyrok ów w pełni poddawał się kontroli instancyjnej ze strony sądu odwoławczego.</xText>
          
          <xText>Równocześnie nie jest trafny zarzut dotyczący wymierzenia oskarżonemu „skrajnie rażącej kary”. W istocie, po wyeliminowaniu z podstawy skazania <xLexLink xArt="art. 282" xIsapId="WDU19970880553" xTitle="Ustawa z dnia 6 czerwca 1997 r. - Kodeks karny" xAddress="Dz. U. z 1997 r. Nr 88, poz. 553">art. 282 k.k.</xLexLink>, obniżeniu winna była ulec, i uległa, kara wymierzona za czyn przewidziany sankcją przepisu <xLexLink xArt="art. 191;art. 191 § 2" xIsapId="WDU19970880553" xTitle="Ustawa z dnia 6 czerwca 1997 r. - Kodeks karny" xAddress="Dz. U. z 1997 r. Nr 88, poz. 553">art. 191 § 2 k.k.</xLexLink> W ocenie sądu odwoławczego kara ta żadną miarą nie razi swą surowością, w rozumieniu treści <xLexLink xArt="art. 438;art. 438 pkt. 4" xIsapId="WDU19970890555" xTitle="Ustawa z dnia 6 czerwca 1997 r. - Kodeks postępowania karnego" xAddress="Dz. U. z 1997 r. Nr 89, poz. 555">art. 438 pkt 4 k.p.k.</xLexLink>, a co dopiero mogłoby skłaniać do reformatoryjnej ingerencji ze strony sądu odwoławczego w tę część rozstrzygnięcia. Kara dwóch lat pozbawienia wolności nie jest nawet zbliżona do połowy wysokości ustawowego zagrożenia, gdy tymczasem przedmiotowe i podmiotowe okoliczności czynu mają drastyczny charakter, sprawca działał w sposób zaplanowany, premedytowany, bezwzględny, używając przedmiotów, które nader znacząco zwiększały dramatyzm sytuacji i lęk pokrzywdzonego (por. zeznania jego najbliższych) co do ewentualnego spełnienia kierowanych wobec niego gróźb.</xText>
          <xText>Jeśli przy tym zważyć na fakt uprzedniej karalności sądowej oskarżonego i to za czyny i dużym ciężarze gatunkowym oraz dopuszczenie się niniejszego przestępstwa w kilka miesięcy po uprzednim skazaniu, uznać należało, że tak wymierzona oskarżonemu kara niechybnie przystaje do ustalonego stopnia społecznej szkodliwości przypisanego sprawcy czynu oraz stopnia jego zawinienia (<xLexLink xArt="art. 53" xIsapId="WDU19970880553" xTitle="Ustawa z dnia 6 czerwca 1997 r. - Kodeks karny" xAddress="Dz. U. z 1997 r. Nr 88, poz. 553">art. 53 k.k.</xLexLink>). Winna ona także spełnić wszelkie dalsze swe cele, tak wychowawcze jak i prewencyjne, czyniąc tę karę ze wszech miar sprawiedliwą w jej powszechnym odbiorze. Naturalnie, ocena ta dotyczy także wymierzonej oskarżonemu grzywny, jak też jej wysokości.</xText>
          
          <xText>W konsekwencji, ze wszystkich tych powodów, jakie przytoczone zostały w uzasadnieniu wyroku sądu pierwszej instancji, jak i tych przywołanych powyżej, niniejszą apelację należało uznać za oczywiście bezzasadną, w rozumieniu treści przepisu <xLexLink xArt="art. 457;art. 457 § 2" xIsapId="WDU19970890555" xTitle="Ustawa z dnia 6 czerwca 1997 r. - Kodeks postępowania karnego" xAddress="Dz. U. z 1997 r. Nr 89, poz. 555">art. 457 § 2 k.p.k.</xLexLink>, wobec czego zaskarżone orzeczenie podlegało utrzymaniu w mocy.</xText>
          
          <xText>O kosztach sądowych związanych z postępowaniem odwoławczym orzeczono po myśli <xLexLink xArt="art. 634" xIsapId="WDU19970890555" xTitle="Ustawa z dnia 6 czerwca 1997 r. - Kodeks postępowania karnego" xAddress="Dz. U. z 1997 r. Nr 89, poz. 555">art. 634 k.p.k.</xLexLink> w zw. z <xLexLink xArt="art. 624;art. 624 § 1" xIsapId="WDU19970890555" xTitle="Ustawa z dnia 6 czerwca 1997 r. - Kodeks postępowania karnego" xAddress="Dz. U. z 1997 r. Nr 89, poz. 555">art. 624 § 1 k.p.k.</xLexLink></xText>
        </xUnit>
      </xBlock>
    </xPart>
  </judgement>
<judgement id="152020000002021_IV_U_001902_2013_Uz_2014-01-31_001">
    <xPart xEditorFullName="Patrycja Czarnik" xYear="2013" xLang="PL" xPublisherFullName="Paulina Truchan" xFromPg="1" xEditor="pczarnik" xVolType="15/202000/0002021/U" xPublisher="ptruchan" xDocType="Uz" xVolNmbr="001902" xVersion="1.0" xToPage="10" xFlag="published">
      <xName>Wyrok+Uzasadnienie</xName>
      <xBlock>
        <xText>Sygn. akt IV U 1902/13</xText>
        
        <xUnit xBold="true" xType="part" xIsTitle="true">
          <xName>WYROK</xName>
          <xTitle>W IMIENIU RZECZYPOSPOLITEJ POLSKIEJ</xTitle>
          <xText xALIGNx="right">       Dnia 31 stycznia 2014 roku</xText>
          
          <xText>Sąd Okręgowy w Tarnowie – Wydział IV Pracy i Ubezpieczeń Społecznych</xText>
          <xText>w składzie:</xText>
          <xText>Przewodniczący:SSO Natalia Lipińska</xText>
          <xText>Protokolant:    stażysta Sylwia Dymańska</xText>
          
          <xText>po rozpoznaniu w dniu 31 stycznia 2014 roku w Tarnowie na rozprawie</xText>
          <xText>sprawy z odwołania <xAnon>S. G.</xAnon></xText>
          <xText>od decyzji Zakładu Ubezpieczeń Społecznych Oddział w <xAnon>T.</xAnon></xText>
          <xText>z dnia 27 listopada 2013 roku nr <xAnon> (...)</xAnon></xText>
          <xText>w sprawie <xAnon>S. G.</xAnon></xText>
          <xText>przeciwko Zakładowi Ubezpieczeń Społecznych Oddział w <xAnon>T.</xAnon></xText>
          <xText>o prawo do emerytury</xText>
          <xText>zmienia zaskarżoną decyzję w ten sposób, że przyznaje odwołującemu się <xAnon>S. G.</xAnon> prawo do emerytury od <xAnon>(...)</xAnon></xText>
          
          <xText>Sygn. akt IV U 1902/13</xText>
        </xUnit>
        <xUnit xBold="true" xType="part" xIsTitle="true">
          <xName>UZASADNIENIE</xName>
          <xText xALIGNx="center">
            <xBx>wyroku Sądu Okręgowego w Tarnowie</xBx>
          </xText>
          <xText xALIGNx="center">
            <xBx>z dnia 31 stycznia 2014 r.</xBx>
          </xText>
          
          <xText>Decyzją z dnia 27 listopada 2013 r., nr <xAnon> (...)</xAnon>, Zakład Ubezpieczeń Społecznych Oddział w <xAnon>T.</xAnon>, na podstawie przepisów ustawy z dnia 17 grudnia 1998 r. o emeryturach i rentach z Funduszu Ubezpieczeń Społecznych (Dz. U. z 2009 r. Nr 153, <xBRx/>poz. 1227 ze zm.) oraz przepisów rozporządzenia Rady Ministrów z dnia 7 lutego 1983 r. <xBRx/>w sprawie wieku emerytalnego pracowników zatrudnionych w szczególnych warunkach lub w szczególnym charakterze (Dz. U. z 1983 r. Nr 8, poz. 43 ze zm.), odmówił <xAnon>S. G.</xAnon> przyznania prawa do emerytury. W uzasadnieniu decyzji organ rentowy wskazał, że ubezpieczony nie spełnia wymogów określonych w art. 184 powołanej ustawy, od wystąpienia których uzależnione jest nabycie prawa do emerytury, ponieważ nie udokumentował 15- letniego stażu pracy wykonywanej w szczególnych warunkach lub <xBRx/>w szczególnym charakterze. W stażu tym organ rentowy nie uwzględnił wnioskodawcy okresu zatrudnienia w <xAnon> Przedsiębiorstwie (...)</xAnon> w <xAnon>K.</xAnon> od 10 sierpnia 1972 r. do 26 października 1972 r. i od 19 października 1974 r. do 31 sierpnia 1994 r., ponieważ na podstawie dokumentacji dołączonej do wniosku o emeryturę nie można ustalić okresów pracy ubezpieczonego na poszczególnych stanowiskach i nie wynika z niej również charakter realizowanej przez wnioskodawcę pracy, ponadto w oparciu o te dowody nie można określić przynależności resortowej zakładu pracy.</xText>
          
          <xText>Decyzję tę zaskarżył <xAnon>S. G.</xAnon>, domagając się jej zmiany i przyznania mu prawa do emerytury. W uzasadnieniu odwołujący podniósł, że pracował w szczególnych warunkach w <xAnon> Przedsiębiorstwie (...)</xAnon> w <xAnon>K.</xAnon>.</xText>
          
          <xText>W odpowiedzi na odwołanie organ rentowy wniósł o jego oddalenie, podtrzymując argumentacje zawartą w uzasadnieniu zaskarżonej decyzji. Wskazał ponadto, że za sporny okres wnioskodawca nie przedłożył świadectwa wykonywania pracy w szczególnych warunkach.</xText>
          
          <xText><xBx>
    Bezsporne w niniejszej sprawie było, że</xBx> odwołujący <xAnon>S. G.</xAnon>, urodzony <xBRx/><xAnon>(...)</xAnon>., w dniu <xAnon>(...)</xAnon> osiągnął 60 lat życia. Na dzień 1 stycznia 1999 r. ubezpieczony udokumentował 26 lat, 1 miesiąc i 3 dni okresów składkowych <xBRx/>i nieskładkowych.</xText>
          <xText>We wniosku z dnia 19 listopada 2013 r. ubezpieczony wniósł o przyznanie mu prawa do emerytury.</xText>
          <xText>Zaskarżoną decyzją z dnia 27 listopada 2013 r. <xAnon> (...) Oddział</xAnon> w <xAnon>T.</xAnon> odmówił <xAnon>S. G.</xAnon> przyznania prawa do tego świadczenia, ponieważ wnioskodawca nie udokumentował 15- letniego stażu pracy wykonywanej w szczególnych warunkach lub <xBRx/>w szczególnym charakterze.</xText>
          <xText>Odwołujący nie przystąpił do OFE.</xText>
          <xText>(okoliczności bezsporne)</xText>
          
          <xText>
            <xBx>Sąd ustalił ponadto następujący stan faktyczny sprawy: </xBx>
          </xText>
          
          <xText>Od 10 sierpnia 1972 r. do 26 października 1972 r. i od 6 listopada 1974 r. do <xBRx/>31 sierpnia 1994 r. oraz od 10 października 1994 r. do 31 stycznia 1995 r. odwołujący <xAnon>S. G.</xAnon> pracował w <xAnon> Przedsiębiorstwie (...)</xAnon> w <xAnon>K.</xAnon> w pełnym wymiarze czasu pracy. Od 10 sierpnia 1972 r. do 26 października 1972 r. zajmował stanowisko pomocnika wiertacza, od 27 października 1972 r. do 18 października 1974 r. odbywał zasadniczą służbę wojskową, a po jej zakończeniu, w dniu 6 listopada 1974 r. powrócił na to samo, co uprzednio stanowisko, tj. pomocnika wiertacza. Z dniem 23 listopada 1981 r. powierzono odwołującemu obowiązki motorowego z zaszeregowaniem do kategorii VI- tej ze stawką 13,70 zł za godzinę na okres pracy na urządzeniu <xAnon>(...)</xAnon>, zgodnie <xBRx/>z Układem <xAnon> Pracy (...)</xAnon>, zaznaczając, że w przypadku przejścia na inne urządzenie pracownik będzie zaszeregowany według stawek obowiązujących na danej wiertni. Z dniem 1 sierpnia 1985 r. powierzono mu natomiast obowiązki motorowego- mechanika na urządzeniu wiertniczym <xAnon>(...)</xAnon> w systemie pracy 3- brygadowej z zaszeregowaniem według kategorii 8- ej i stawką 32 zł na godzinę zgodnie z III zakładową tabela płac, zaznaczając, że w razie przejścia na inne urządzenie lub inny otwór pracownik będzie zaszeregowany według stawek obowiązujących na danej wiertni. W maju 1992 r. odwołujący zajmował już stanowisko motorowego.</xText>
          
          <xText>dowód:</xText>
          <xEnum>
            <xBullet>-</xBullet>
            <xEnumElem>
              <xText>angaże i karty obiegowe, w szczególności angaże z dnia: 25.11.1974 r., 03.12.1981 r., 06.07.1985 r. i 08.05.1992 r.- akta osobowe,</xText>
            </xEnumElem>
            <xEnumElem>
              <xText>umowa o pracę z dnia 10.10.1994 r.- akta osobowe,</xText>
            </xEnumElem>
            <xEnumElem>
              <xText>kserokopia książeczki wojskowej- cz. I ZUS,</xText>
            </xEnumElem>
          </xEnum>
          
          <xText><xAnon> Przedsiębiorstwo (...)</xAnon> w <xAnon>K.</xAnon> zajmowało się poszukiwaniem złóż węgla i metali kolorowych i w tym celu dokonywało odwiertów. Miało swoje bazy <xBRx/>w <xAnon>P.</xAnon>, <xAnon>S.</xAnon> i <xAnon>T.</xAnon>. W skład tych baz wchodziły hale naprawcze, kuźnie i spawalnie. Ekipy wiertnicze wykonywały zaś pracę w terenie. Zespół do spraw odwiertów składał się z kierownika, geologa i 9 pracowników, tj. 3 wiertaczy zmianowych, <xBRx/>3 pomocników wiertaczy i 3 motorowych. Osoby te pracowały w systemie trójzmianowym <xBRx/>w godzinach od 6:00 do 14:00, od 14:00 do 22:00 i od 22:00 do 6:00, po trzy osoby na każdej zmianie. Dana ekipa składała się z wiertacza zmianowego, pomocnika wiertacza <xBRx/>i motorowego. Wiertnia, tj. zespół urządzeń i zabudowań wiertniczych służących wierceniu otworów umieszczana była w terenie. Ekipa wiertnicza rozpoczynała pracę od sprawdzenia stanu urządzeń. Wiertacz dokonywał odwiertów używając wiertła. Urządzenie to poruszało się w górę i w dół. Wiertniczy stał przy pulpicie i obsługiwał tablicę rozdzielczą urządzenia, przekładał biegi, używając sprzęgła, hamulca i układał przewód na widełkach, a pomocnik <xBRx/>i motorowy musieli te przewody skręcać, odkręcać i przenosić. Małe aparaty wiertni służyły do odwiertów w poszukiwaniu metali kolorowych, natomiast duże aparaty typu zip czy opek, przy których pracowały zespoły składające się z 4 osób, do odwiertów w poszukiwaniu węgla. Wykonanie 100-120 metrowego otworu zajmowało 1 lub 2 tygodnie, większego zaś nawet rok. Odwiertów dokonywano bez względu na porę roku i pogodę. Duże aparaty były bowiem kryte dachami z celty. Odwierty wykonywano przez 24 godziny na dobę. Była to praca ciągła. Motorowy i pomocnik wiertacza zajmowali się obsługiwaniem silników wiertła. Jedno wiertło miało nawet 3 silniki. Motorowy tankował też paliwo i wymieniał oleje. Jego zadaniem było zabezpieczanie stanu technicznego silników, a tym samym wierteł, by mogły dobrze pracować. Motorowy pomagał również pomocnikowi skręcać, rozkręcać lub przenosić przewód wiertła, dochodzący nawet do 200 metrów długości w czasie, kiedy wiertacz poruszał wiertło w dół bądź do góry. Ponadto pierwszy pomocnik i motorowy obsługiwali pompy, betoniarkę i robili tzw. płuczkę. Wszystkie te czynności realizowali w trakcie pracy samego wiertła. W razie awarii jakiegoś urządzenia, do jego naprawy wzywano rezydującego w bazie mechanika. Ani pomocnik wiertacza, ani też motorowy naprawami takimi się nie zajmowali. Zarówno pomocnik wiertacza, jak i motorowy realizowali swoje obowiązki stale <xBRx/>i w pełnym wymiarze czasu pracy.</xText>
          
          <xText>dowód:</xText>
          <xEnum>
            <xBullet>-</xBullet>
            <xEnumElem>
              <xText>zeznania świadka <xAnon>J. B.</xAnon>- 00:19:24-00:55:51,</xText>
            </xEnumElem>
            <xEnumElem>
              <xText>zeznania świadka <xAnon>K. Z.</xAnon>- 00:57:26-01:22:01,</xText>
            </xEnumElem>
            <xEnumElem>
              <xText>zeznania odwołującego <xAnon>S. G.</xAnon>- 01:29:11-01:33:25,</xText>
            </xEnumElem>
          </xEnum>
          
          <xText>Stan faktyczny w sprawie Sąd ustalił w oparciu o dowody z dokumentów oraz zeznania świadków i odwołującego.</xText>
          <xText>Sąd pozytywie ocenił dowody z dokumentów, których autentyczność oraz wiarygodność, jak również poprawność materialna i formalna nie budziły wątpliwości, zaś ich treść i forma nie były kwestionowane przez strony postępowania. Brak było zatem jakichkolwiek podstaw, także takich, jakie należałoby uwzględnić z urzędu, aby dokumentom tym odmówić właściwego im znaczenia dowodowego.</xText>
          <xText>Sąd w całości dał wiarę zeznaniom świadków <xAnon>J. B.</xAnon> i <xAnon>K. Z.</xAnon> oraz słuchanego w charakterze strony <xAnon>S. G.</xAnon>, którzy złożyli depozycje odnośnie rodzaju <xBRx/>i charakteru czynności wykonywanych przez odwołującego w okresie zatrudnienia <xBRx/>w <xAnon> Przedsiębiorstwie (...)</xAnon> w <xAnon>K.</xAnon>. Zeznania te zasługiwały na walor pełnej wiarygodności, gdyż były wewnętrznie spójne, wzajemnie ze sobą korespondowały, <xBRx/>a przy tym były przekonujące w świetle zasad logiki i doświadczenia życiowego. Z zeznań tych wyraźnie wynika, że w spornym okresie, zajmując stanowiska pomocnika wiertacza <xBRx/>i motorowego, odwołujący był zatrudniony stale i w pełnym wymiarze czasu pracy przy pracach wiertniczych mających na celu poszukiwanie surowców takich jak węgiel czy metale kolorowe.</xText>
          
          <xText>Pozostałe okoliczności sprawy Sąd uznał za bezsporne, gdyż nie były w żaden sposób kwestionowane przez strony, zaś dokumenty przedstawione na ich stwierdzenie nie budziły wątpliwości Sądu co do ich autentyczności.</xText>
          
          <xText>
            <xBx>Sąd rozważył, co następuje: </xBx>
          </xText>
          <xText>Odwołanie zasługiwało na uwzględnienie.</xText>
          
          <xText>Zgodnie z art. 184 ust. 1 ustawy z dnia 17 grudnia 1998 r. o emeryturach i rentach z FUS (Dz. U. z 2009 r. Nr 153, poz. 1227 ze zm.), ubezpieczonym urodzonym po dniu <xBRx/>31 grudnia 1948 r. przysługuje emerytura po osiągnięciu wieku przewidzianego w art. 32, 33, 39 i 40, jeżeli w dniu wejścia w życie ustawy osiągnęli: 1) okres zatrudnienia <xBRx/>w szczególnych warunkach lub w szczególnym charakterze wymaganym w przepisach dotychczasowych do nabycia prawa do emerytury w wieku niższym niż 60 lat- dla kobiet <xBRx/>i 65 lat- dla mężczyzn oraz 2) okres składkowy i nieskładkowy, o którym mowa w art. 27.</xText>
          <xText>Emerytura, o której mowa w ust. 1, przysługuje pod warunkiem nieprzystąpienia do otwartego funduszu emerytalnego albo złożenia wniosku o przekazanie środków zgromadzonych na rachunku w otwartym funduszu emerytalnym, za pośrednictwem Zakładu, na dochody budżetu państwa (ust. 2).</xText>
          <xText>Wymagany w art. 184 ust. 1 pkt 2 okres składkowy i nieskładkowy przewiduje <xBRx/>art. 27 powołanej ustawy, w świetle którego wynosi on co najmniej 20 lat dla kobiet <xBRx/>i 25 lat dla mężczyzn.</xText>
          <xText>Przepis art. 32 ustawy statuuje natomiast, iż ubezpieczonym urodzonym przed dniem 1 stycznia 1949 r., będącym pracownikami, o których mowa w ust. 2-3, zatrudnionymi w szczególnych warunkach lub w szczególnym charakterze, przysługuje emerytura w wieku niższym niż określony w art. 27 ust. 1. Zgodnie z dyspozycją tego przepisu- za pracowników zatrudnionych w szczególnych warunkach uważa się pracowników zatrudnionych przy pracach o znacznej szkodliwości dla zdrowia oraz <xBRx/>o znacznym stopniu uciążliwości lub wymagających wysokiej sprawności psychofizycznej ze względu na bezpieczeństwo własne lub otoczenia.</xText>
          <xText>Stosownie do treści art. 32 ust. 4 ustawy, wiek emerytalny, o którym mowa <xBRx/>w ust. 1, rodzaje prac lub stanowisk oraz warunki, na podstawie których osobom wymienionym w ust. 2 i 3 przysługuje prawo do emerytury, ustala się na podstawie przepisów dotychczasowych. Mowa tu o rozporządzeniu Rady Ministrów z dnia 7 lutego 1983 r. w sprawie wieku emerytalnego pracowników zatrudnionych w szczególnych warunkach lub w szczególnym charakterze (Dz. U. z 1983 r. Nr 8, poz. 43 ze zm.).</xText>
          <xText>Jak wynika z § 1 wskazanego rozporządzenia, stosuje się je do pracowników wykonujących prace w szczególnych warunkach lub szczególnym charakterze, wymienione w § 4-15 rozporządzenia oraz w wykazach stanowiących załącznik do rozporządzenia.</xText>
          <xText>W myśl § 2 ust. 1, okresami uzasadniającymi prawo do świadczeń na zasadach określonych w rozporządzeniu uważa się okresy, w których praca w szczególnych warunkach jest wykonywana stale i w pełnym wymiarze czasu pracy obowiązującym na danym stanowisku pracy. Okresy pracy, o których mowa w ust. 1, stwierdza zakład pracy na podstawie posiadanej dokumentacji, w świadectwie wykonywania prac w szczególnych warunkach, wystawionym według wzoru stanowiącego załącznik do przepisów wydanych na podstawie § 1 ust. 2 rozporządzenia, lub w świadectwie pracy (ust. 2).</xText>
          <xText>Zgodnie zaś z § 4 ust. 1, prawo do emerytury nabywa pracownik, który wykonywał prace w szczególnych warunkach, wymienione w wykazie A rozporządzenia, jeżeli osiągnął wiek emerytalny wynoszący: 55 lat dla kobiet i 60 lat dla mężczyzn oraz legitymuje się wymaganym okresem zatrudnienia, w tym co najmniej okresem 15 lat pracy w szczególnych warunkach.</xText>
          <xText>Bezsporne w niniejszej sprawie było, że odwołujący osiągnął wiek 60 lat, posiadał na dzień 1 stycznia 1999 r. wymagany 25- letni okres ubezpieczenia i nie przystąpił do OFE.</xText>
          <xText>Kwestią sporną pozostawała natomiast kwalifikacja jego pracy od 10 sierpnia 1972 r. do 26 października 1972 r. i od 6 listopada 1974 r. do 31 sierpnia 1994 r. oraz od <xBRx/>10 października 1994 r. do 31 stycznia 1995 r. w <xAnon> Przedsiębiorstwie (...)</xAnon><xBRx/>w <xAnon>K.</xAnon>.</xText>
          <xText>Odmawiając odwołującemu zaliczenia do stażu pracy w szczególnych warunkach tego okresu zatrudnienia organ rentowy wskazał, że za okres ten wnioskodawca nie przedłożył świadectwa wykonywania pracy w szczególnych warunkach, zaś na podstawie znajdujących się w aktach sprawy dokumentów nie można ustalić okresów pracy ubezpieczonego na poszczególnych stanowiskach, charakteru wykonywanej przez wnioskodawcę pracy, <xBRx/>a ponadto przynależności resortowej zakładu pracy.</xText>
          <xText>Brak świadectwa wykonywania pracy w szczególnych warunkach nie świadczy o tym, że ubezpieczony faktycznie pracy takiej nie realizował. W postępowaniu przed sądem nie stosuje się bowiem ograniczeń dowodowych, jakie istnieją w postępowaniu administracyjnym przed organem rentowym. Zatem okoliczność wykonywania pracy w szczególnych warunkach może być dowodzona wszelkimi środkami dowodowymi, przy czym sąd nie jest związany środkami dowodowymi określonymi dla dowodzenia przed organem rentowym (por. uchwały SN: z dnia 17 czerwca 1987 r., III PZP 19/87, OSNC 88/10/132 i z dnia <xBRx/>27 maja 1985 r. III UZP 5/85, LEX nr 14635).</xText>
          <xText>Analiza zgromadzonych w sprawie dokumentów oraz zeznań świadków <xBRx/>i odwołującego prowadzi do wniosku, że wnioskodawca pracował w szczególnych warunkach przez co najmniej 15- letni okres czasu, co uprawnia go do tzw. wcześniejszej emerytury.</xText>
          <xText>W oparciu o znajdujące się w aktach osobowych angaże można stwierdzić, że począwszy od 10 sierpnia 1972 r. do 26 października 1972 r. i od 6 listopada 1974 r. do <xBRx/>22 listopada 1981 r. odwołujący zajmował stanowisko pomocnika wiertacza. Jak wynika <xBRx/>z angażu z dnia 3 grudnia 1981 r., z dniem 23 listopada 1981 r. powierzono mu obowiązki motorowego (z zaszeregowaniem do kategorii VI- tej ze stawką 13,70 zł za godzinę) na okres pracy na urządzeniu <xAnon>(...)</xAnon>, zgodnie z Układem <xAnon> Pracy (...)</xAnon>, zaznaczając, że w przypadku przejścia na inne urządzenie pracownik będzie zaszeregowany według stawek obowiązujących na danej wiertni. Zgodnie z angażem z dnia 6 lipca 1985 r., w dniu 1 sierpnia 1985 r. powierzono mu natomiast obowiązki motorowego- mechanika na urządzeniu wiertniczym <xAnon>(...)</xAnon>w systemie pracy 3- brygadowej (z zaszeregowaniem według kategorii 8- ej i stawką 32 zł na godzinę zgodnie z III zakładową tabela płac), zaznaczając, że w razie przejścia na inne urządzenie lub inny otwór pracownik będzie zaszeregowany według stawek obowiązujących na danej wiertni. W angażu z dnia 8 maja 1992 r. wskazano zaś na stanowisko motorowego.</xText>
          <xText>Na podstawie dokumentów znajdujących się w aktach osobowych można zatem ustalić w jakim okresie i jakie stanowiska zajmował wnioskodawca.</xText>
          <xText>W oparciu o zeznania świadków i odwołującego Sąd ustalił natomiast jaki był charakter przedsiębiorstwa zatrudniającego ubezpieczonego, i jaką pracę wnioskodawca wykonywał w spornym okresie w tym przedsiębiorstwie.</xText>
          <xText>Jak wynika z zeznań świadków i odwołującego, <xAnon> Przedsiębiorstwo (...)</xAnon> w <xAnon>K.</xAnon> zajmowało się poszukiwaniem złóż węgla i metali kolorowych. W tym celu dokonywało odwiertów w terenie. Odwierty realizowały ekipy wiertnicze, <xBRx/>a każda z nich składała się z wiertacza, pomocnika wiertacza i motorowego. Pomocnik wiertacza i motorowy zajmowali się obsługą silników wiertła, pomp i betoniarki oraz realizacją tzw. płuczki, które to czynności wykonywali w trakcie pracy samego wiertła. Motorowy tankował też paliwo i wymieniał oleje, ponieważ jego zadaniem było zabezpieczanie stanu technicznego silników, a tym samym wierteł, by mogły dobrze pracować. Zarówno pomocnik wiertacza, jak i motorowy skręcali, rozkręcali lub przenosili przewód wiertła w czasie pracy wiertacza, który poruszał wiertłem w dół lub w górę. Praca na wiertni była pracą ciągłą, realizowaną przez 24 godziny na dobę, bez względu na porę roku, <xBRx/>a pomocnik wiertacza i motorowy wykonywali swoje czynności stale i w pełnym wymiarze czasu pracy. Świadek <xAnon>K. Z.</xAnon> wyraźnie zaś zaznaczył, że w razie awarii jakiegoś urządzenia, do jego naprawy wzywano rezydującego w bazie mechanika i motorowy naprawami takimi się nie zajmował.</xText>
          <xText>W ocenie Sądu, praca na wymienionych wyżej stanowiskach pomocnika wiertacza <xBRx/>i motorowego, realizowana w zespole wiertniczym pracującym bezpośrednio przy odwiertach służących wydobyciu węgla i metali kolorowych, w przedsiębiorstwie zajmującym się poszukiwaniem surowców można zakwalifikować według działu I, zatytułowanego: <xBRx/>„W górnictwie” pkt 4 (prace wiertnicze przy poszukiwaniu surowców) wykazu A, stanowiącego załącznik do rozporządzenia Rady Ministrów z dnia 7 lutego 1983 r. <xBRx/>w sprawie wieku emerytalnego pracowników zatrudnionych w szczególnych warunkach lub w szczególnym charakterze.</xText>
          <xText>Co prawda, zgodnie z treścią angaży, z dniem 1 sierpnia 1985 r. powierzono odwołującemu obowiązki motorowego- mechanika na urządzeniu wiertniczym <xAnon>(...)</xAnon>, jednak z treści angażu z dnia 8 maja 1992 r. wynika, że już w maju 1992 r. wnioskodawca zajmował stanowisko motorowego. Nawet więc po odliczeniu mu okresu od 1985 r. do <xBRx/>1992 r. ze spornego okresu zatrudnienia w <xAnon> Przedsiębiorstwie (...)</xAnon><xBRx/>w <xAnon>K.</xAnon>, w/w i tak legitymowałby się 15- letnim stażem pracy w szczególnych warunkach. W ocenie Sądu, nie ma jednak podstaw do różnicowania tych stanowisk pracy (motorowego i motorowego- mechanika), ponieważ w angażu z dnia 6 lipca 1985 r. wyraźnie wskazano, że ubezpieczony, jak do tej pory, będzie pracował na urządzeniu wiertniczym <xBRx/><xAnon>(...)</xAnon> w systemie pracy 3- brygadowej z zaszeregowaniem według kategorii 8- ej i stawką 32 zł na godzinę zgodnie z III zakładową tabela płac- zaznaczając, że w razie przejścia na inne urządzenie lub inny otwór pracownik będzie zaszeregowany według stawek obowiązujących na danej wiertni. Poza tym, co raz jeszcze należy podkreślić, świadek <xAnon>K. Z.</xAnon> wyraźnie zauważył, że w razie awarii jakiegoś urządzenia, do jego naprawy wzywano rezydującego w bazie mechanika i motorowy naprawami takimi się nie zajmował. Niezależnie od tego trzeba mieć na uwadze, że dla oceny, czy pracownik pracował w szczególnych warunkach, nie ma istotnego znaczenia nazwa zajmowanego przez niego stanowiska, tylko rodzaj powierzonej mu pracy. Praca w szczególnych warunkach to praca wykonywana stale (codziennie) i w pełnym wymiarze czasu pracy (przez 8 godzin dziennie, jeżeli pracownika obowiązuje taki wymiar czasu pracy) w warunkach pozwalających na uznanie jej za jeden z rodzajów pracy wymienionych w wykazie stanowiącym załącznik do rozporządzenia Rady Ministrów z dnia 7 lutego 1983 r. (por. wyroki SN: z dnia 19 maja <xBRx/>2011 r., III UK 174/10, LEX nr 901652; z dnia 8 czerwca 2011 r., I UK 393/10, <xBRx/>LEX nr 950426; z dnia 1 czerwca 2010 r., II UK 21/10, LEX nr 619638; z dnia 14 września <xBRx/>2007 r., III UK 27/07, OSNP 2008/21-22/325; z dnia 19 września 2007 r., III UK 38/07, OSNP 2008/21-22/329; z dnia 6 grudnia 2007 r., III UK 66/07, LEX nr 483283; z dnia <xBRx/>22 stycznia 2008 r., I UK 210/07, OSNP 2009/5-6/75 i z dnia 24 marca 2009 r., I PK 194/08, LEX nr 528152).</xText>
          <xText>Do stażu pracy w szczególnych warunkach należało jeszcze doliczyć odwołującemu okres zasadniczej służby wojskowej, odbywanej w okresie od 27 października 1972 r. do <xBRx/>18 października 1974 r.</xText>
          <xText>Zgodnie bowiem z ugruntowanym stanowiskiem judykatury, okres zasadniczej służby wojskowej odbytej w czasie trwania stosunku pracy w szczególnych warunkach lub <xBRx/>w szczególnym charakterze zalicza się do stażu pracy wymaganego do nabycia prawa do emerytury w niższym wieku emerytalnym (art. 32 ust. 1 ustawy z dnia 17 grudnia 1998 r. <xBRx/>o emeryturach i rentach z FUS), jeżeli pracownik w ustawowym terminie zgłosił swój powrót do tego zatrudnienia. Okres służby wojskowej dla żołnierza zatrudnionego przed powołaniem do czynnej służby wojskowej w warunkach szczególnych, który po zakończeniu tej służby podjął zatrudnienie w tych samych warunkach, jest nie tylko okresem służby w rozumieniu art. 6 ust. 1 pkt 4 ustawy o emeryturach i rentach z FUS, ale także okresem pracy <xBRx/>w szczególnych warunkach w rozumieniu § 3 i 4 rozporządzenia Rady Ministrów z dnia <xBRx/>7 lutego 1983 r. w sprawie wieku emerytalnego pracowników zatrudnionych w szczególnych charakterze (por. np. wyroki SN: z dnia 6 kwietnia 2006 r., III UK 5/06, OSNP 2007/7-8/108; z dnia 9 marca 2010 r., I UK 333/09, niepubl. i z dnia 24 maja 2012 r., II UK 265/11, niepubl.).</xText>
          <xText>W tym miejscu wskazać również trzeba na uchwałę składu 7 sędziów Sądu Najwyższego z dnia 16 października 2013 r., II UZP 6/13, LEX nr 1385939), zgodnie z którą czas zasadniczej służby wojskowej odbytej w okresie obowiązywania art. 108 ust. 1 ustawy <xBRx/>z dnia 21 listopada 1967 r. o powszechnym obowiązku obrony Polskiej Rzeczypospolitej Ludowej (Dz. U. Nr 44, poz. 220, w brzmieniu obowiązującym do dnia 31 grudnia 1974 r.) zalicza się- na warunkach wynikających z tego przepisu- do okresu pracy wymaganego do nabycia prawa do emerytury w niższym wieku emerytalnym (art. 184 w związku z art. 32 ust. 1 ustawy z dnia 17 grudnia 1998 r. o emeryturach i rentach z Funduszu Ubezpieczeń Społecznych, jednolity tekst: Dz. U. z 2009 r. Nr 153, poz. 1227 ze zm.).</xText>
          
          <xText>Uwzględniając powyższe, na podstawie powołanych przepisów prawa materialnego oraz art. 477<xSUPx>14</xSUPx> § 2 k.p.c., Sąd zmienił zaskarżoną decyzję w ten sposób, że przyznał odwołującemu prawo do emerytury od dnia <xAnon>(...)</xAnon>tj. od daty wniosku.</xText>
        </xUnit>
      </xBlock>
    </xPart>
  </judgement>
<judgement id="152005000004506_IX_Ka_001834_2013_Uz_2014-01-31_001">
    <xPart xEditorFullName="Anna Bień Kopacz" xYear="2013" xLang="PL" xPublisherFullName="Barbara Pęczek" xFromPg="1" xEditor="AnnBie" xVolType="15/200500/0004506/Ka" xPublisher="Barpec" xDocType="Uz" xVolNmbr="001834" xVersion="1.0" xToPage="5" xFlag="published">
      <xName>Wyrok+Uzasadnienie</xName>
      <xBlock>
        <xText>Sygn. akt IX Ka 1834/13</xText>
        <xUnit xIsTitle="true" xBold="true" xType="part">
          <xName>WYROK</xName>
          <xTitle>W IMIENIU RZECZYPOSPOLITEJ POLSKIEJ</xTitle>
          <xText xALIGNx="center"> Dnia 31 stycznia 2014 roku</xText>
          <xText>Sąd Okręgowy w Kielcach IX Wydział Karny-Odwoławczy w składzie:</xText>
          <xText>
            <xBx>Przewodniczący: SSO Jan Klocek </xBx>
          </xText>
          
          <xText>
            <xBx>Protokolant: st.sekr.sądowy Iwona Stefańska </xBx>
          </xText>
          
          <xText>przy udziale Prokuratora Prokuratury Okręgowej w Kielcach Jerzego Piwko</xText>
          <xText>po rozpoznaniu w dniu 31 stycznia 2014 roku</xText>
          <xText>sprawy <xAnon>M. M. (1)</xAnon></xText>
          <xText>oskarżonego o przestępstwo z <xLexLink xArt="art. 190;art. 190 § 1" xIsapId="WDU19970880553" xTitle="Ustawa z dnia 6 czerwca 1997 r. - Kodeks karny" xAddress="Dz. U. z 1997 r. Nr 88, poz. 553">art.190 § 1 kk</xLexLink></xText>
          <xText>na skutek apelacji wniesionej przez obrońcę oskarżonego</xText>
          <xText>od wyroku Sądu Rejonowego w Starachowicach</xText>
          <xText>z dnia 9 października 2013 roku sygn. akt II K 617/13</xText>
          
          <xUnit xIsTitle="false" xType="none">
            <xName xSffx=".">I</xName>
            <xText>zmienia zaskarżony wyrok w ten sposób, że wymierzoną oskarżonemu karę pozbawienia wolności łagodzi i wymierza oskarżonemu karę 1 (jednego) miesiąca pozbawienia wolności;</xText>
          </xUnit>
          <xUnit xIsTitle="false" xType="none">
            <xName xSffx=".">II</xName>
            <xText>w pozostałej części zaskarżony wyrok utrzymuje w mocy;</xText>
          </xUnit>
          <xUnit xIsTitle="false" xType="none">
            <xName xSffx=".">III</xName>
            <xText>kosztami sądowymi za postępowanie odwoławcze obciąża Skarb Państwa.</xText>
          </xUnit>
          
          <xText>IX Ka 1834/13</xText>
        </xUnit>
        <xUnit xIsTitle="true" xBold="true" xType="part">
          <xName>UZASADNIENIE</xName>
          <xText>Prokurator Prokuratury Rejonowej w Starachowicach oskarżył <xAnon>M. M. (1)</xAnon> o to, że w dniu 6 czerwca 2013 roku w <xAnon>S.</xAnon> groził <xAnon>T. J.</xAnon> zabójstwem przy czym groźba ta wzbudziła w zagrożonym uzasadnioną obawę, że zostanie spełniona, czym wyczerpał znamiona przestępstwa z <xLexLink xArt="art. 190;art. 190 § 1" xIsapId="WDU19970880553" xTitle="Ustawa z dnia 6 czerwca 1997 r. - Kodeks karny" xAddress="Dz. U. z 1997 r. Nr 88, poz. 553">art. 190 § 1 kk</xLexLink>.</xText>
          
          <xText>Sąd Rejonowy w Starachowicach Wydział II Karny wyrokiem z dnia 9 października 2013 roku oskarżonego <xAnon>M. M. (1)</xAnon> uznał za winnego popełnienia zarzucanego mu aktem oskarżenia czynu stanowiącego występek z <xLexLink xArt="art. 190;art. 190 § 1" xIsapId="WDU19970880553" xTitle="Ustawa z dnia 6 czerwca 1997 r. - Kodeks karny" xAddress="Dz. U. z 1997 r. Nr 88, poz. 553">art. 190 § 1 kk</xLexLink> i za to na podstawie <xLexLink xArt="art. 190;art. 190 § 1" xIsapId="WDU19970880553" xTitle="Ustawa z dnia 6 czerwca 1997 r. - Kodeks karny" xAddress="Dz. U. z 1997 r. Nr 88, poz. 553">art. 190 § 1 kk</xLexLink> wymierzył oskarżonemu karę sześciu miesięcy pozbawienia wolności.</xText>
          <xText>Na podstawie <xLexLink xArt="art. 63;art. 63 § 1" xIsapId="WDU19970880553" xTitle="Ustawa z dnia 6 czerwca 1997 r. - Kodeks karny" xAddress="Dz. U. z 1997 r. Nr 88, poz. 553">art. 63 § 1 kk</xLexLink> zaliczył <xAnon>M.</xAnon><xAnon>M.</xAnon> na poczet orzeczonej wobec niego kary pozbawienia wolności okres rzeczywistego pozbawienia wolności w przedmiotowej sprawie od dnia 6 czerwca 2013 roku do dnia 7 czerwca 2013 roku, przyjmując że jeden dzień rzeczywistego pozbawienia wolności odpowiada jednemu dniowi kary pozbawienia wolności.</xText>
          <xText>Zwolnił oskarżonego <xAnon>M. M. (1)</xAnon> od ponoszenia kosztów sądowych, którymi obciążył Skarb Państwa.</xText>
          
          <xText>Apelację od wyroku Sądu Rejonowego w Starachowicach z dnia 9 października 2013 roku wniósł obrońca oskarżonego <xAnon>M. M. (1)</xAnon> i na podstawie <xLexLink xArt="art. 425;art. 425 § 1;art. 425 § 2" xIsapId="WDU19970890555" xTitle="Ustawa z dnia 6 czerwca 1997 r. - Kodeks postępowania karnego" xAddress="Dz. U. z 1997 r. Nr 89, poz. 555">art. 425 § 1 i 2 kpk</xLexLink> oraz <xLexLink xArt="art. 444" xIsapId="WDU19970890555" xTitle="Ustawa z dnia 6 czerwca 1997 r. - Kodeks postępowania karnego" xAddress="Dz. U. z 1997 r. Nr 89, poz. 555">art. 444 kpk</xLexLink> zaskarżył powyższy wyrok w części rozstrzygnięcia Sądu o karze.</xText>
          <xText>Na podstawie <xLexLink xArt="art. 427;art. 427 § 1" xIsapId="WDU19970890555" xTitle="Ustawa z dnia 6 czerwca 1997 r. - Kodeks postępowania karnego" xAddress="Dz. U. z 1997 r. Nr 89, poz. 555">art. 427 § 1 kpk</xLexLink> i <xLexLink xArt="art. 438;art. 438 § 1;art. 438 § 1 pkt. 4" xIsapId="WDU19970890555" xTitle="Ustawa z dnia 6 czerwca 1997 r. - Kodeks postępowania karnego" xAddress="Dz. U. z 1997 r. Nr 89, poz. 555">art. 438 § 1 pkt 4 kpk</xLexLink> zaskarżonemu orzeczeniu obrońca oskarżonego zarzucił rażącą surowość kary, wyrażającą się w orzeczeniu kary sześciu miesięcy pozbawienia wolności bez warunkowego zawieszenia jej wykonania, podczas gdy całokształt okoliczności sprawy, stopień winy i postawa <xAnon>M. M. (1)</xAnon>, jego zachowanie po popełnieniu czynu – wyrażenie żalu i przeproszenie pokrzywdzonego, wskazują że jest to kara niewspółmierna do stopnia zawinienia oskarżonego i zbyt surowa w świetle indywidualnych celów kary i jako taka jest karą niesprawiedliwą.</xText>
          <xText>W związku z powyższym na podstawie <xLexLink xArt="art. 427;art. 427 § 1" xIsapId="WDU19970890555" xTitle="Ustawa z dnia 6 czerwca 1997 r. - Kodeks postępowania karnego" xAddress="Dz. U. z 1997 r. Nr 89, poz. 555">art. 427 §1 kpk</xLexLink> oraz <xLexLink xArt="art. 437" xIsapId="WDU19970890555" xTitle="Ustawa z dnia 6 czerwca 1997 r. - Kodeks postępowania karnego" xAddress="Dz. U. z 1997 r. Nr 89, poz. 555">art. 437 kpk</xLexLink> obrońca oskarżonego wniósł o zmianę wyroku i odmienne orzeczenie w części dotyczącej kary poprzez złagodzenie jej wymiaru, bądź orzeczenie warunkowego zawieszenia wykonania kary pozbawienia wolności.</xText>
          
          <xText>Sąd Okręgowy zważył:</xText>
          <xText>Apelacja obrońcy oskarżonego okazała się o tyle skuteczna, że doprowadziła do istotnej zmiany zaskarżonego wyroku w zakresie orzeczonej kary pozbawienia wolności na korzyść oskarżonego. Nie można było natomiast zgodzić się z poglądem wyrażonym w apelacji, że okoliczności sprawy uzasadniają warunkowe zawieszenie wykonania orzeczonej względem sprawcy kary.</xText>
          <xText>Zanim nastąpi szersze odniesienie się do istoty wyroku i zarzutu sformułowanego w apelacji należało zauważyć, że Sąd I Instancji zebrał w sposób prawidłowy istotne dowody w sprawie i poddał je właściwej ocenie wysnuwając trafne końcowe wnioski co do sprawstwa oskarżonego. Sposób analizy dowodów i zastosowane rozumowanie Sąd Rejonowy przedstawił w spełniającym ustawowe wymogi uzasadnieniu, przez co mogła nastąpić pełna kontrola instancyjna zaskarżonego orzeczenia.</xText>
          <xText>Trafność poczynań Sądu orzekającego w odniesieniu do okoliczności popełnienia czynu przez <xAnon>M. M. (1)</xAnon> i winy tegoż sprawcy była oczywista na co dowodem jest i to, że wnoszący apelację na korzyść oskarżonego nie czynił zarzutów ani w zakresie naruszenia prawa materialnego ani w kwestiach procesowych, czy też w zakresie ustaleń faktycznych. W związku z tym wyrok co do istoty należało uznawać za prawidłowy.</xText>
          <xText>Rozpoznający sprawę Sąd dokonał także prawidłowych ustaleń i przedstawił je w uzasadnieniu w odniesieniu do rodzaju wymierzonej <xAnon>M. M. (1)</xAnon> kary. Zgodzić należało się z poglądem Sądu Rejonowego, że oskarżony nie zasługuje na wymierzenie mu kary o charakterze wolnościowym. Analizując bowiem uprzednią karalność oskarżonego i duże natężenie jego złej woli względem pokrzywdzonego sprzeciwiało się to postawieniu pozytywnej prognozy, że <xAnon>M. M. (1)</xAnon> mimo wymierzenia mu kary z warunkowym zawieszeniem jej wykonania będzie przestrzegał porządku prawnego i nie powróci na drogę przestępstwa.</xText>
          <xText>Rzeczywiście tylko kara o charakterze bezwzględnym będzie odczuwalna dla oskarżonego i zrodzi w nim na przyszłość, świadomość że nie może bezkarnie naruszać porządku prawnego. Inne postępowanie skutkować będzie szybką, stanowczą i dolegliwą sankcją.</xText>
          <xText>Jednakże Sąd Rejonowy praktycznie w żaden sposób nie wyjaśnił z jakich powodów wymierzył oskarżonemu karę aż sześciu miesięcy pozbawienia wolności. Oczywiście tak wymierzona kara mieściła się w granicach ustawowego zagrożenia ale nie uwzględniano faktu, że oskarżony popełnił czyn pod wpływem impulsu. Następnie wyraził żal i przeprosił pokrzywdzonego, a takich okoliczności nie można dyskredytować przy wymiarze kary. Nie bez znaczenia był też specyficzny sposób wyrażenia gróźb, który nie narażał pokrzywdzonego bezpośrednio na dyskomfort zetknięcia się ze sprawcą czynu a jednocześnie czynił łatwość w ustaleniu sprawcy i możliwość precyzyjnego ustalenia gróźb. Powyższych okoliczności Sąd Rejonowy nie uwzględnił w dostatecznym stopniu wymierzając karę oskarżonemu a jak wcześniej wspomniano orzekający w sprawie Sąd nie uzasadnił logicznie i wyczerpująco argumentów, które przekonywałyby że kara sześciu miesięcy pozbawienia wolności jest karą sprawiedliwą, bo uwzgledniającą zarówno okoliczności popełnienia przestępstwa jak i osobowość sprawcy.</xText>
          <xText>W związku z tym niewspółmierność kary należąca do kategorii ocen jawiła się w konkretnym przypadku w sposób oczywisty.</xText>
          <xText>Dlatego Sąd Odwoławczy kierując się treścią <xLexLink xArt="art. 437;art. 437 § 1" xIsapId="WDU19970890555" xTitle="Ustawa z dnia 6 czerwca 1997 r. - Kodeks postępowania karnego" xAddress="Dz. U. z 1997 r. Nr 89, poz. 555">art. 437 § 1 kpk</xLexLink> zmienił zaskarżony wyrok i wymierzoną oskarżonemu karę sześciu miesięcy pozbawienia wolności złagodził do jednego miesiąca, utrzymując wyrok w mocy w pozostałej części.</xText>
          <xText>Tak wymierzona kara uwzględnia należycie stopień społecznej szkodliwości czynu oskarżonego i uwzględnia w wystarczającej mierze cele kary o których rozważano powyżej. Czasowo krótka kara ale o bezwzględnym, stanowczym charakterze za tego rodzaju przestępstwo jakiego dopuścił się <xAnon>M. M. (1)</xAnon> będzie dla niego dolegliwa a jednocześnie uzasadniona społecznie.</xText>
          <xText>Uznając, że wywiedziona apelacja skutkowała istotną zmianą wyroku na rzecz oskarżonego <xAnon>M. M. (1)</xAnon> to zgodnie z <xLexLink xArt="art. 635" xIsapId="WDU19970890555" xTitle="Ustawa z dnia 6 czerwca 1997 r. - Kodeks postępowania karnego" xAddress="Dz. U. z 1997 r. Nr 89, poz. 555">art. 635 kpk</xLexLink> i <xLexLink xArt="art. 634" xIsapId="WDU19970890555" xTitle="Ustawa z dnia 6 czerwca 1997 r. - Kodeks postępowania karnego" xAddress="Dz. U. z 1997 r. Nr 89, poz. 555">art. 634 kpk</xLexLink> należało kosztami postępowania obciążyć Skarb Państwa.</xText>
          
          <xText xALIGNx="center">SSO Jan Klocek</xText>
        </xUnit>
      </xBlock>
    </xPart>
  </judgement>
<judgement id="155020150000503_I_C_000978_2012_Uz_2014-02-24_001">
    <xPart xEditorFullName="Mariola Stodulska" xYear="2012" xLang="PL" xPublisherFullName="Mariola Stodulska" xFromPg="1" xEditor="mariola.stodulska@swidnica.sr.gov.pl" xVolType="15/502015/0000503/C" xPublisher="mariola.stodulska@swidnica.sr.gov.pl" xDocType="Uz" xVolNmbr="000978" xVersion="1.0" xToPage="10" xFlag="published">
      <xName>Wyrok+Uzasadnienie</xName>
      <xBlock>
        
        <xText>Sygn. akt I C 978/12</xText>
        <xUnit xIsTitle="true" xType="part" xBold="true">
          <xName>WYROK</xName>
          <xTitle>W IMIENIU RZECZYPOSPOLITEJ POLSKIEJ</xTitle>
          <xText xALIGNx="right"> Dnia 31 stycznia 2014r.</xText>
          
          <xText><xBx>Sąd Rejonowy w Świdnicy I Wydział Cywilny </xBx>w składzie następującym:</xText>
          
          <xText>Przewodniczący: SSR Halina Grzybowska</xText>
          <xText>Protokolant : Magdalena Tobiasz</xText>
          
          <xText>po rozpoznaniu w dniu 17 stycznia 2014r. w Świdnicy</xText>
          <xText>na rozprawie</xText>
          <xText>sprawy z powództwa <xBx><xAnon>S. W.</xAnon></xBx></xText>
          <xText>przeciwko <xBx><xAnon>Z. S.</xAnon></xBx></xText>
          <xText>o zapłatę 7.453 zł</xText>
          
          <xText>I. uchyla w całości nakaz zapłaty w postepowaniu nakazowym z dnia 23 kwietnia 2012 roku sygn. akt <xAnon>(...)</xAnon> i oddala powództwo w całości;</xText>
          
          <xText>II. zasądza od powoda <xAnon>S. W.</xAnon> na rzecz pozwanego <xAnon>R. S.</xAnon> kwotę 1.497,00 zł tytułem zwrotu kosztów procesu.</xText>
          
          <xText>
            <xBx>Sygn. akt I C 978/12 </xBx>
          </xText>
        </xUnit>
        <xUnit xIsTitle="true" xType="part" xBold="true">
          <xName>UZASADNIENIE</xName>
          <xText>Powód <xAnon>S. W.</xAnon> domagał się od pozwanego <xAnon>Z. S.</xAnon> zapłaty 7 4534,00 zł z odsetkami ustawowymi od dnia 30 kwietnia 2011 roku do dnia zapłaty wraz z kosztami procesu w kwocie 1280 zł w tym kosztów zastępstwa 1217 zł na podstawie posiadanego weksla , opatrzonego terminem płatności 29 kwietnia 2012 roku oraz klauzulą bez protestu, do wykupienia którego wezwał pozwanego pismem z dnia 18 maja 2011 roku przesłanym listem poleconym 26 maja 2012 , który pozwany odebrał 27 maja 2012 roku.</xText>
          <xText><xBx>W dniu 23 kwietnia 2012 roku został wydany nakaz zapłaty</xBx> w postępowaniu nakazowym uwzględniający żądanie pozwu w całości.</xText>
          <xText><xBx>W zarzutach od tego nakazu zapłaty pozwany</xBx> zaskarżył nakaz w całości , wniósł o jego uchylenie i oddalenie powództwa oraz o zasądzenie od powoda na rzecz pozwanego kosztów procesu w tym kosztów zastępstwa wg norm przepianych.</xText>
          <xText>W uzasadnieniu podał, że podpisał weksel własny w związku z zawarciem z powodem umowy o dzieło z dnia 11 maja 2007 roku, którą następnie kontynuował na podstawie umowy o pracę z dnia 17 maja 2007 roku w firmie powoda <xAnon> (...)</xAnon><xAnon>W.</xAnon><xAnon>S. W.</xAnon> z/s w <xAnon>Ś.</xAnon>. Na mocy porozumienia stron stosunek pracy uległ rozwiązaniu 14 sierpnia 2007 roku.</xText>
          <xText>Współpracę z pozwany wznowił z powodem na mocy kolejnej umowy o dzieło z dnia 19 czerwca 2009 roku,.</xText>
          <xText>Potwierdza, że otrzymał od pozwanego wezwania do wykupienia weksla,</xText>
          <xText>Neguje natomiast wystawienie przez powoda weksla na podstawie <xLexLink xArt="art. 485;art. 485 § 2" xIsapId="WDU19640430296" xTitle="Ustawa z dnia 17 listopada 1964 r. - Kodeks postępowania cywilnego" xAddress="Dz. U. z 1964 r. Nr 43, poz. 296">art. 485 § 2 k.p.c.</xLexLink>, gdyż nie spełnia on podstawowych wymogów weksla własnego z <xLexLink xArt="art. 10" xIsapId="WDU19360370282" xTitle="Ustawa z dnia 28 kwietnia 1936 r. - Prawo wekslowe" xAddress="Dz. U. z 1936 r. Nr 37, poz. 282">art. 10 ustawy prawo wekslowe</xLexLink>, a mianowicie brak nazwy” weksel” .</xText>
          <xText>Pozwany przypuszcza, że zobowiązanie wynikające z weksla może wiązać się z roszczeniem wynikającym z umowy o dzieło z dnia 19 czerwca 2009 roku, które kierował powód wobec pozwanego w 2009 roku żądając zwrotu kwoty 7 219,67 zł, którą miał regulować za niego z tytułu mandatu karnego, którym został ukarany przy wykonywaniu usługi transportowej w oparciu o w/w/ umowę.</xText>
          <xText>Natomiast okoliczności wpływające na ukaranie go w/w/ mandatem karnym wynikały z niedopełnienia obowiązków przez zlecającego przewóz tj, powoda w zakresie wypełnienia dokumentów CMR oraz wiązały się z koniecznością dokonania rozładunku w przerwie wypoczynkowej, aby nie narazić zlecającego na obciążenie dodatkowymi karami.</xText>
          <xText>Pozwany ponadto odmówił przyjęcia mandatu, co pozwalało na przeprowadzenie obrony w tym zakresie z udziałem powoda, z której to możliwości powód zrezygnował regulując należność.</xText>
          <xText>W tym zakresie pozwany podtrzymuje swoje twierdzenia zawarte w piśmie kierowanym do powoda 20.10.2009 roku na adres ówczesnego pełnomocnika powoda<xBx>.</xBx></xText>
          <xText>Zastrzegł ponadto w przypadku kwestionowania przez powoda tych twierdzeń, że przedłoży dokument CMR wydany przez powoda oraz mandat z dnia 30 czerwca 2009 roku. Powód nie kierował do pozwanego innych żądań.</xText>
          <xText>Powód jednostronnie dokonał wypełnienia weksla z datą 29 kwietnia 2011 roku , a zatem w przypadku braku podstaw do stwierdzenia istnienia zobowiązania wekslowego, to na nim spoczywa wykazanie okoliczności i dot. zasadności roszczenia dochodzonego pozwem oraz tytułu prawnego tego roszczenia.</xText>
          <xText>Podniósł nadto, że możliwość zwrotu kwoty zapłaty za mandat i kosztów z tym związanych była już w dniu 01 lipca 2009 roku oraz wiąże się z umowa o dzieło, a zatem pozwany z ostrożności procesowej<xBx> podniósł zarzut przedawnienia na podstawie <xLexLink xArt="art. 646" xIsapId="WDU19640160093" xTitle="Ustawa z dnia 23 kwietnia 1964 r. - Kodeks cywilny" xAddress="Dz. U. z 1964 r. Nr 16, poz. 93">art. 646 k.c.</xLexLink></xBx></xText>
          <xText>
            <xBx> Sąd ustalił następujący stan faktyczny .</xBx>
          </xText>
          <xText>Powód <xAnon>S. W.</xAnon> jest właścicielem firmy transportowej pod nazwą <xAnon> (...)</xAnon> z siedzibą w <xAnon>Ś.</xAnon> i świadczy m.in., usługi transportowe w zakresie przewozów międzynarodowych przy wykorzystaniu własnych samochodów ciężarowych(<xAnon>(...)</xAnon>).</xText>
          <xText>Usługi transportowe w jego firmie wykonują kierowcy zatrudnieni na podstawie stosunku pracy lub umów o dzieło. Organizowaniem, koordynacją i monitorowaniem wykonania konkretnych przewozów zagranicznych w jego firmie zajmują się tzw. spedytorzy międzynarodowi . Zgodnie z istniejąca praktyką listy przewozowe sporządzają kierowcy, a czasami wystawia je firma zlecająca przewóz</xText>
          <xText>
            <xBx>
              <xIx>Dowód: częściowo zeznania powoda k.176-179, zeznania pozwanego- k.179-183 , zeznania świadka marka <xAnon>T.</xAnon> k. 167-168 </xIx>
            </xBx>
          </xText>
          <xText>Pozwany był zatrudniony u powoda jako kierowca samochodu ciężarowego kilkakrotnie , a to w okresie od 11 maja 2007 roku do 16 maja 2007 roku na podstawie umowy o dzieło , a na podstawie umowy o prace w okresie od 17 maja 2007 roku do 31 grudnia 2007 r</xText>
          <xText>
            <xBx>
              <xIx>Dowód: umowa o dzieło k. 25, umowa o prace k. 28, zeznania pozwanego k. .</xIx>
            </xBx>
          </xText>
          <xText>Wcześnie pozwany pracował jako kierowca w <xAnon> (...)</xAnon>. Potem miał długa przerwę Pierwsza prace jako kierowca międzynarodowy podjął u powoda w 2007 roku. W 2009 roku pozwany mieszkał w Niemczech , stąd biegle posługiwał się językiem niemieckim. Tam spotkał dawnych kolegów z Polski , którzy namawiali go aby przyszedł do pracy w firmie powoda, w której wiele zmieniło się na lepsze. Jak przyjechał do Polski to udał się do firmy powoda zapytać o pracę. Zgłosił się w piątek. Jeden z kierowców powoda pilnie potrzebował kilka dni wolnego. Powód wówczas natychmiast zaproponował pozwanemu , aby za tego kierowcę pojechał do 2 <xAnon> fabryk (...)</xAnon> w Niemczech, najpierw do <xAnon>C.</xAnon> a potem do <xAnon>W.</xAnon> i powód na to się zgodził .</xText>
          <xText>W dniu 19 czerwca 2009 roku strony zawarły umowę o dzieło w zakresie wykonania przez pozwanego usługi transportowej na trasie Polska – Kraje Unii Europejskiej – Polska samochodem ciężarowym stanowiącym własność powoda o <xAnon>nr rej. (...)</xAnon> na okres od 22 czerwca 2009 roku do 03 lipca 2009 roku</xText>
          <xText>
            <xBx>
              <xIx>Dowód: zeznania pozwanego k. 179, umowa o dzieło k. 25.</xIx>
            </xBx>
          </xText>
          <xText>Na zabezpieczenie roszczeń powoda z wiązanych z wykonaniem umów o dzieło, a w szczególności w związku z powierzeniem na czas wykonania zadania mienia powoda w postaci samochodów ciężarowych kierowcy samochodów wystawiali weksle in blanco. Pozwany podpisał i pozostawił w dyspozycji powoda co najmniej 2 weksle in blanco</xText>
          <xText>
            <xBx>
              <xIx>Dowód: zeznania powoda, zeznania pozwanego , weksel k. 9 , weksel k. 174 , częściowo zeznania świadka <xAnon>M. K.</xAnon> k.101. zeznania świadka <xAnon>W. S.</xAnon> k. 103</xIx>
            </xBx>
          </xText>
          <xText>W okresie świadczenia pracy pozwanego u powoda lub wykonywania umów o dzieło weksle w firmie powoda nie były ewidencjonowane i pozostawały w dyspozycji powoda. Co najmniej od 2011 roku w firmie powoda prowadzony jest rejestr przyjmowanych weksli oraz ich anulowania, po upływie okresu umowy z kierowcami . Od tego tez mniej więcej czasu po rozliczeniu kierowcy i zakończeniu współpracy firma powoda wzywa byłych kierowców do odbioru weksli i deklaracji wekslowych</xText>
          <xText>
            <xBx>
              <xIx>Dowód: zeznania powoda, zeznania świadków <xAnon>W. S.</xAnon> k. 103, <xAnon>J. W.</xAnon> k. 141 -144 kopia rejestrów weksli k.119-122, kopie pism k. 123-125,</xIx>
            </xBx>
          </xText>
          <xText>W pierwszej fabryce w Niemczech, gdzie pozwany przyjechał z ładunkiem nastąpiło nieporozumienie co do planowanego czasu rozładunku. Przewidziany czas na ten rozładunek wydłużył się z powodu oczekiwania na rozładunek , a kolejny rozładunek w drugiej fabryce w Niemczech był ustalony na określoną godzinę. Wówczas doszło do skrócenia przerwy wypoczynkowej pzowanego wymaganej przepisami.</xText>
          <xText>Po wykonaniu drugiego kursu na terenie Niemiec , w ramach umowy z dnia 19 czerwca 2009 roku , gdy pozwany miał już wracać do Polski , od swojego dyspozytora z firmy powoda SMS-em otrzymał informację o kolejnym zleceniu od niemieckiego spedytora <xAnon>K.</xAnon>&amp; <xAnon>N.</xAnon> frei <xAnon> (...)</xAnon> odnośnie przewiezienia ładunku z Niemiec do Francji.</xText>
          <xText>Na ten kurs otrzymał od niemieckiego spedytora ładunek <xAnon> firmy (...)</xAnon> w <xAnon>M.</xAnon> wraz z wypełnionym drukiem listem przewozowym CMR . Na liście tym pozwany powinien wpisać firmę powoda- jako podwykonawcę przewoźnika oraz numery rejestracyjne pojazdu. W niektórych krajach wymagany jest stempel firmowy w rubryce przewoźnika tj. pod poz. 23</xText>
          <xText>
            <xBx>Dowód: częściowo zeznania pozwanego j.w., oryginał listu przewozowego CMR k. 112, zeznania świadka <xAnon>Ł. Ż. (1)</xAnon> k. 144-146</xBx>
          </xText>
          <xText>W dniu 30 czerwca 2009 roku pozwany został zatrzymany do kontroli drogowej przez policję na terenie Francji . Po sprawdzeniu czasu pracy kierowcy , pozwany uzyskał informacje, że zostanie ukarany mandatem w wysokości 750 euro. Z powodu bariery językowej policja poleciła pozwanemu zjechać z trasy do pobliskiego Komisariatu , telefonicznie również skontaktowała się z firmą powoda. Na komisariacie tego samego dnia wręczono pozwanemu mandat za skrócenie przerwy odpoczynkowej w dniu 22 czerwca 20909 roku w kwocie 750 euro oraz w kwocie 750 euro za przewinienie wymienione pod kodem wykroczenia nr <xAnon> (...)</xAnon> określone jako drogowy przewóz towarów bez listu przewozowego na pokładzie pojazdu .</xText>
          <xText>Wraz z mandatem doręczono pozwanemu protokół z tłumaczeniem na język polski , który został wypełniony przez pozwanego w zakresie jego danych osobowych i firmy powoda, w którym pozwany w części „przyznaje się do popełnienia przestępstwa , przekreślił słowo „nie” a pozostawił niezakreślone,, tak ” i protokół ten opatrzył datą i własnoręcznym podpisem</xText>
          <xText>
            <xBx>
              <xIx>Dowód: częściowo zeznania pozwanego j.w. protokół k 42 z zał. k. 43 -44 ., tłumaczenie pokwitowania mandatu k. 58-59, wydruki tachografu k.114-118</xIx>
            </xBx>
          </xText>
          <xText>Warunkiem zwolnienia samochodu przez policję francuską do dalszej jazdy , była zaplata mandatu bądź wpłacenie kaucji. Powód zlecił <xAnon> firmie (...)</xAnon> dostarczenie środków płatniczych celem opłacenia mandatu. Usługa ta została wykonana w dniu 1 lipca 2009 roku</xText>
          <xText><xBx>( niesporne )</xBx>.</xText>
          <xText>Łącznie z kosztem tej usługi i kosztem mandatu powód zapłacił 1635 euro</xText>
          <xText>
            <xBx>
              <xIx>Dowód: faktura k. 45 .</xIx>
            </xBx>
          </xText>
          <xText>W piśmie z dnia 08 lipca 2009 roku kierowanym do powoda pozwany złożył wyjaśnienie , że skrócenie przerwy odpoczynkowej w dniu rozładunku wynikło z przedłużonego czasu pierwszego rozładunku na terenie Niemiec w dniu 2 czerwca 2009 roku i o kolejne zlecenie przyjazdu do rozładunku w <xAnon> firmie (...)</xAnon> w <xAnon>V.</xAnon> , gdzie dotarł o 20.18, a po zgłoszeniu przyjazdu wręczono mu telefon i polecono oczekiwać na parkingu, zaś zasygnalizowana godzina rozładunku przypadła w porze nocnej w trakcie przerwy odpoczynkowej , a odmowa rozładunku o wyznaczonym czasie równa la się odmowie wykonania zlecenia. Rozładunek odbywał się w 3 magazynach w różnych miejscach od 1.00 do 4.00 rano i dopiero po tym rozładunku wykonał 9-godzinna przerwę odpoczynkową na pobliskim parkingu. To skrócenie przerwy zostało wykryte przy odczycie z tachografu na terenie Francji przez policję francuską przy rutynowej kontroli, gdzie z powodu bariery językowej nie mógł porozumieć się z policjantami a po przyjeździe na posterunek policji dodatkowo stwierdzono ,że list przewozowy nie jest własnością przewoźnika tylko firmy spedycyjnej <xAnon>K.</xAnon> –<xAnon>N.</xAnon> z Niemiec a nadto brakuje na nim pieczątki, za co dodatkowo policzono 750 euro. Z tych przyczyn pozwany nie poczuwa się do odpowiedzialności za ten mandat, który wynikł z wykonywanej pracy i określonej sytuacji. Zarzucił też, że nie został poinformowany ani przeszkolony w firmie powoda odnośnie zasad prowadzenia dokumentacji</xText>
          <xText>
            <xBx>
              <xIx>Dowód: pismo pozwanego do powoda k. 46-47</xIx>
            </xBx>
          </xText>
          <xText>Pismem z dnia 10 lipca 2009 roku powód wezwał pozwanego do zapłaty kwoty 7 219,67 zł jako równowartości 1500 Euro z tytułu zwrotu tej sumy wyłożonej przez powoda za mandat wystawiony na pozwanego we Francji w dniu 30 czerwca 2009 roku i 135 euro tytułem kosztów dowozu gotówki</xText>
          <xText>
            <xBx>
              <xIx>Dowód: pismo j.w. k. 27 o.</xIx>
            </xBx>
          </xText>
          <xText>Kolejnym pismem z dnia 5.10.2009 roku pełnomocnik powoda wezwał pozwanego do zapłaty kwoty 6 363 ,67 zł w terminie 3 dni tytułem równowartości 1635 euro – jak w piśmie z dnia 10.07.2009 r.</xText>
          <xText>
            <xBx>
              <xIx>Dowód: pismo z 5.10.2009 k. 27.</xIx>
            </xBx>
          </xText>
          <xText>W odpowiedzi na to pismo pełnomocnik pozwanego w piśmie z dnia 20.10.2009 roku kierowanym do pełnomocnika powoda odmówił zapłaty, wskazując, że pozwany odmówił przyjęcia mandatu, na co wskazuje jego podpis w miejscu do tego przeznaczonym na mandacie, a zatem zapłata za mandat była decyzją powoda podjętą na własne ryzyko i odpowiedzialność. Podniósł w tym piśmie nadto, że skrócenie czasu przerwy wypoczynkowej w dniu 22 czerwca 2009 r. jako jedna z przyczyn wystawienia mandatu , nastąpiło z przyczyn leżących po stronie powoda ,albowiem przybył na miejsce rozładunku do <xAnon>W.</xAnon> ok. gosz.20 , gdzie oczekiwał na rozładunek , zaś w czasie przerwy odpoczynkowej polecono mu dojechać do magazynu w celu rozładunku, ze wskazaniem iż odmowa dojazdu do magazynu będzie równoznaczna z odmowa rozładunku samochodu, za co przewoźnik zostanie obciążony stosownymi karami. Kolejne przewinienie wynikało z niewłaściwego wypełnienia listu przewozowego CMR , który to list wystawił spedytor <xAnon> firmę (...)</xAnon> frei <xAnon>H.</xAnon>”, która wpisała siebie jako przewoźnika . Zarzucił tez , że brak było podstaw do potrącenia pozwanemu należnego mu wynagrodzenia za wykonanie umowy o dzieło z dnia 19.06.2009 r.</xText>
          <xText>
            <xBx>Dowód: pismo z dnia 20.10.2009 k. 26</xBx>
          </xText>
          <xText>Pismem z dnia 18 maja 2011 roku wysłanym listem poleconym w dniu26 maja 2011 roku pełnomocnik powoda zawiadomił pozwanego o wypełnieniu weksla in blanco na sumę wekslową 7 453,00 zł i opatrzył go data płatności na dzień 29 kwietnia 2011 roku oraz klauzula bez protestu i wezwał do płatności weksla w terminie 14 dni pod rygorem wystąpienia na drogę postępowania sądowego</xText>
          <xText>
            <xBx>
              <xIx>Dowód: w/w pismo k. 7, dowód doręczenia k… 8, weksel k. 9.</xIx>
            </xBx>
          </xText>
          <xText>Powód nie zapłacił pozwanemu wynagrodzenia za wykonanie umowy z dnia 19 czerwca 2009 roku <xBx><xIx>( niesporne).</xIx></xBx></xText>
          <xText>Powyższe okoliczności faktyczne zostały poczynione w oparciu o fakty niesporne, przytoczone wyżej dokumenty, zeznania świadków i przesłuchanie stron, którym sąd dał wiarę w zakresie poczynionych wyżej ustaleń.</xText>
          <xText>Sąd nie dal wiary twierdzeniom powoda, ze pozwany został dokładnie przeszkolony w firmie powoda z zakresu sporządzania dokumentacji, w tym co do wypełniania formularzy listów przewozowych CMR . Należy wziąć pod uwagę, co wynikało z zeznań świadków <xAnon>Ł. Ż. (2)</xAnon> i <xAnon>M. T.</xAnon> listy przewozowe wypełniali bądź kierowcy, bądź sami załadowcy , a praktyka we Francji w Niemczech nie jest jednolita. Poza tym od czasu zatrudnienia pozwanego na podstawie stosunku pracy ( 2007 R.)do ostatniej umowy o dzieło( 2009) upłynęły 2 lata. Jak wynika z zeznań pozwanego , ostatnia umowa została zawarta Nagle i nieoczekiwanie. . Pozwany zgłosił się bowiem wówczas w celu uzyskania informacji o możliwości podjęcia u powoda zatrudnienia, a akurat się złożyło ze jeden z kierowców powoda potrzebował pilnie skorzystać z urlopu i zaproponowano pozwanemu ten kurs do Niemiec. Nie było zatem nawet czasu na przeszkolenie pozwanego . Pozwany z tego pospiechu nie pamiętał nawet czy w związku z tą umową podpisał weksel a w związku z tym miał wątpliwości , czy dołączony do pozwu , weksel był związany z inną wcześniejszą umową stron. O tym, że procedura wypełniania listów przewozowych nie była jednolita, świadczą chociażby zeznania świadków <xAnon>Ł. Ż. (2)</xAnon>, który wcześniej pracował u powoda, który po okazaniu mu spornego listu przewozowego CMR stwierdził w nim błąd maszynowy w rubryce 17 i 16, zaś aktualnie pracujący u powoda jako dyspozytor <xAnon>M. T.</xAnon> stwierdził, że okazany mu list przewozowy jest wypełniony prawidłowo, chociaż w pkt. 24 nie ma pieczątki odbiorcy, ale ten wymóg nie dotyczy wszystkich krajów.</xText>
          <xText>Zeznania świadka <xAnon>M. K.</xAnon> , powołanego przez powoda okazały się nieprzydatne . albowiem nie potwierdziły żadnych okoliczności potwierdzających tezy dowodowe powoda, świadek ten nie posiadał bowiem żadnej wiedzy na temat okoliczności faktycznych wskazanych przez powoda we wnioskach dowodowych, poza ogólną wiedzą, że kierowcy wystawiali weksle na bezpiecznie roszczeń pracodawcy z tytułu powierzonego kierowcom mienia dużej wartości, jakimi są samochody i przewożone ładunki.</xText>
          <xText>Z zeznań świadka <xAnon>J. W.</xAnon> wynika ,że po powrocie z urlopu macierzyńskiego , tj. mniej więcej od października 2009 roku przejęła i zarejestrowała przejęte pod pieczę wszystkie weksle i deklaracje wekslowe kierowców zatrudnionych na podstawie umowy o pracę , ale w rejestrze tym brak było nazwiska pozwanego , który ostatnio - przed 2009 roku pracował w firmie powoda w 2007 roku na podstawie umowy o pracę , a mimo to drugi weksel in blanco podpisany przez pozwanego ,jak się okazało nadal pozostawał w dyspozycji powoda, skoro złożył go do akt sprawy, co oczywiście przeczy twierdzeniom i zeznaniom powoda o niszczeniu lub anulowaniu weksli niezwłocznie po upływie okresu zatrudnienia kierowców.</xText>
          <xText xALIGNx="center">
            <xBx>Sąd zważył.</xBx>
          </xText>
          <xText>Powództwo nie zasługuje na uwzględnienie .</xText>
          <xText>Powód dochodził swojego roszczenia na podstawie weksla . Mając na względzie szczególny charakter postępowania wekslowego podkreślić należy, iż weksel jest dokumentem sporządzonym w formie przewidzianej przez prawo, zawierającym bezwarunkowe zobowiązanie do zapłaty określonej osobie sumy pieniężnej, w ustalonym terminie i miejscu przez wystawcę (weksel własny) lub osobę przez niego wskazaną (weksel trasowany).</xText>
          <xText>Szczególną cechą weksla jest jego abstrakcyjny charakter, a więc oderwany od stosunku podstawowego będącego podstawą zaciągnięcia zobowiązania wekslowego, co wskazuje na to, że umieszczenie na wekslu podpisu stanowi wyłączną przyczynę i podstawę zobowiązania wekslowego osoby podpisanej bez względu na powód wystawienia. Panuje jednak zgoda w doktrynie i orzecznictwie, iż owa abstrakcyjność weksla zostaje wyłączona w przypadku, gdy stronami sporu są remitent – czyli pierwotny wierzyciel z weksla oraz dłużnik wekslowy. Oznacza to, że w odniesieniu do remitenta odpowiedzialność dłużnika jest o tyle łagodniejsza, że może on bez żadnych ograniczeń powoływać się na zarzuty subiektywne, w tym przede wszystkim związane ze stosunkiem podstawowym., albowiem istotą weksla in blanco jest to, że jakkolwiek jako weksel o charakterze gwarancyjnym, jest papierem wartościowym i ułatwia oraz upraszcza dochodzenie roszczeń, ale przede wszystkim  służy jedynie zabezpieczeniu należnego wierzycielowi świadczenia z innego stosunku zobowiązaniowego .Oznacz to, że dłużnik wekslowy może podnosić zarzuty ze stosunku podstawowego .</xText>
          <xText>Sad nie podzielił zarzutu pozwanego co do nieważności weksla z powodu braku oznaczenia słowem „weksel” w jego treści . W tym zakresie sąd podziela argumentację powoda zawartą w odpowiedzi n zarzuty ( k. 37-39).</xText>
          
          <xText>Niespornym miedzy stronami było ,że w dniu 19 czerwca 2009 roku strony zawarły umowę o dzieło, zaś dochodzone pozwem roszczenie powoda z weksla dołączonego do pozwu , związane było z wykonaniem przez pozwanego tej umowy <xBx>. </xBx>Weksel ten był zatem wekslem gwarancyjnym, a więc pozwany mógł skutecznie podnosić zarzuty wynikające z umowy o dzieło z dnia 19 czerwca 2009 r., a pozwany korzystając z tego uprawnienia podniósł m.in. zarzut przedawnienia . Przepis <xLexLink xArt="art. 646" xIsapId="WDU19640160093" xTitle="Ustawa z dnia 23 kwietnia 1964 r. - Kodeks cywilny" xAddress="Dz. U. z 1964 r. Nr 16, poz. 93">art. 646 k.c.</xLexLink> stanowi, że roszczenia wynikające z umowy o dzieło przedawniają się z upływem lat dwóch od dnia oddania dzieła, a jeżeli dzieło nie zostało oddane - od dnia, w którym zgodnie z treścią umowy miało być oddane.</xText>
          <xText>Jeśli zatem pozwany wykonał umowę w terminie do 03 lipca 2009 roku ,to zgodnie z cyt. wyżej przepisem roszczenie powoda uległo przedawnieniu z dniem 4 lipca 2011 roku, zaś pozew został wniesiony 27 lutego 2012 roku, to zarzut przedawnienia był uzasadniony, a powództwo podlegało oddaleniu.</xText>
          <xText>W ocenie sądu podniesienie zarzutu przedawnienia w niniejszej sprawie nie było sprzeczne z zasadami współżycia społecznego. Nałożenie mandatu nastąpiło w związku w wykonywaniem przewozu za wynagrodzeniem na rzecz firmy powoda, a do skrócenia przerwy wypoczynkowej doszło z powodu nieporozumienia na tle czasu rozładunku a nadto celem wykonania w terminie kolejnego kursu w Niemczech , tj. następnego rozładunku w innej <xAnon> fabryce (...)</xAnon> , którego czas był także czasowo zaplanowany. Inne przekroczenia czasu pracy pozwanego wyszczególnione w zestawieniu powoda na k,. 113 były bardzo minimalne. Poza tym z materiału dowodowego zebranego w sprawie wynika, że ostatnie zlecenie kursu do Francji wynikło niespodziewanie, ponieważ pozwany miał już zjeżdżać do Polski , a wykonał przecież na korzyść powoda nastopne zlecone zadanie.</xText>
          <xText>Sama przyczyna wystawienia mandatu w związku z nieprawidłowościami związanymi listem przewozowym CMR tak naprawdę nie jest znana, albowiem ani z protokołu ani z zeznań świadków ani powoda ani pozwanego, który przecież nie zna języka francuskiego , ten fakt nie jest dokładnie znany, w protokole figuruje tylko oznaczenie kodem nr wykroczenia <xAnon> (...)</xAnon>  i ogólny opis określonego wykroczenia jako: drogowy przewóz towarów bez listu przewozowego na pokładzie pojazdu , co jest trudno zrozumiałe, zwłaszcza, że w dosłownym tłumaczeniu fakt taki nie miał miejsca, pozwany otrzymał już wypełniony list przewozowy, który jest w aktach sprawy, na którym wpisał niezbędne dane co do firmy przewoźnika i nr rejestracyjnych samochodu. Poza tym należy zauważyć, że z ustaleń wynika, że policja francuska kontaktowała się telefonicznie z firmą powoda, zaś pracownicy powoda w sytuacji bariery językowej pozwanego , nie pospieszyli mu z pomocą , aby sprawę wyjaśnić, bądź w jakikolwiek sposób mu pomóc, a przecież dyspozytorzy – jak zeznali maja stały kontakt telefoniczny z kierowcami . Jeśli zatem pozwany miał problem z wyjaśnieniem tej kwestii formalnej , to właśnie powód dysponujący fachowcami , jeśli zlecenia dotyczyły także Francji , powinien taką pomoc fachową zapewnić . Z uwagi zatem na rozbieżności w interpretacji mandatu przez obie strony, trudno jest przypisać pozwanemu za to winę, skoro strona powodowa , trudniąc się zawodowo przewozami międzynarodowymi , mimo zakreślenia jej terminu celem dokonania interpretacji regulacji francuskich w tym zakresie, sama nie potrafiła tego ustalić.</xText>
          <xText>Ponadto podkreślenia wymaga okoliczność, że powód nie zapłacił pozwanemu za jego pracę. Dlatego też nawet bez względu na zarzut przedawnienia żądanie pozwu również tych przyczyn było sprzeczne z zasadami współżycia społecznego. Nie sposób bowiem przypisać pozwanemu, zlej woli w tym, że skrócił czas swojej normy czasy na odpoczynek , skoro zrobił to po to, aby zdążyć z rozładunkiem i dojechać na kolejne miejsce w Niemczech w celu wykonania następnego zadania, a potem wykonał jeszcze dodatkowe zlecenie na terenie Francji .</xText>
          <xText>Biorąc powyższe pod uwaga, stosownie do treści przepisu <xLexLink xArt="art. 496" xIsapId="WDU19640430296" xTitle="Ustawa z dnia 17 listopada 1964 r. - Kodeks postępowania cywilnego" xAddress="Dz. U. z 1964 r. Nr 43, poz. 296">art. 496 k.p.c.</xLexLink> sąd uchylił w całości nakaz zapłaty z dnia 23 kwietnia 2012 roku i powództwo oddalił- jak w punkcie I sentencji wyroku. .</xText>
          <xText>O kosztach procesu , na które składają się opata sądowa od zarzutów i koszty zastępstwa procesowego orzeczono na podstawie przepisu <xLexLink xArt="art. 98" xIsapId="WDU19640430296" xTitle="Ustawa z dnia 17 listopada 1964 r. - Kodeks postępowania cywilnego" xAddress="Dz. U. z 1964 r. Nr 43, poz. 296">art. 98 k.p.c.</xLexLink></xText>
        </xUnit>
      </xBlock>
    </xPart>
  </judgement>
<judgement id="155020000002006_IV_Ka_000936_2013_Uz_2014-01-31_001">
    <xPart xEditorFullName="Magdalena Norkiewicz" xYear="2013" xLang="PL" xPublisherFullName="Lidia Szukalska" xFromPg="1" xEditor="MagdalenaN" xVolType="15/502000/0002006/Ka" xPublisher="LidiaS" xDocType="Uz" xVolNmbr="000936" xVersion="1.0" xToPage="3" xFlag="published">
      <xName>Wyrok+Uzasadnienie</xName>
      <xBlock>
        <xText>Sygnatura akt IV Ka 936/13</xText>
        <xUnit xIsTitle="true" xType="part" xBold="true">
          <xName>WYROK</xName>
          <xTitle>W IMIENIU RZECZYPOSPOLITEJ POLSKIEJ</xTitle>
          <xText xALIGNx="right">Dnia 31 stycznia 2014 roku.</xText>
          
          <xText>Sąd Okręgowy w Świdnicy w IV Wydziale Karnym Odwoławczym w składzie:</xText>
          
          <xRows>
            <xCOLGROUPx>
              <xCOLx xWIDTHx="241"/>
              <xCOLx xWIDTHx="469"/>
            </xCOLGROUPx>
            <xRow>
              <xClmn xALIGNx="left" xVALIGNx="top">
                <xText xALIGNx="right">Przewodniczący :</xText>
              </xClmn>
              <xClmn xALIGNx="left" xVALIGNx="top">
                <xText>SSO Waldemar Majka</xText>
              </xClmn>
            </xRow>
            <xRow>
              <xClmn xALIGNx="left" xVALIGNx="top">
                <xText xALIGNx="right">Protokolant :</xText>
              </xClmn>
              <xClmn xALIGNx="left" xVALIGNx="top">
                <xText>Magdalena Telesz</xText>
                
              </xClmn>
            </xRow>
          </xRows>
          <xText>po rozpoznaniu w dniu 31 stycznia 2014 roku</xText>
          <xText>sprawy <xBx><xAnon>D. R.</xAnon></xBx></xText>
          <xText>obwinionej z art. 92 a k.w.</xText>
          <xText>na skutek apelacji wniesionej przez obrońcę obwinionej</xText>
          <xText>od wyroku Sądu Rejonowego w Kłodzku</xText>
          <xText>z dnia 20 listopada 2013 roku, sygnatura akt VI W 193/13</xText>
          <xUnit xIsTitle="false" xType="none">
            <xName xSffx=".">I</xName>
            <xText>utrzymuje w mocy zaskarżony wyrok,</xText>
          </xUnit>
          <xUnit xIsTitle="false" xType="none">
            <xName xSffx=".">II</xName>
            <xText>zasądza od obwinionej na rzecz Skarbu Państwa zryczałtowane wydatki postępowania odwoławczego w kwocie 50 zł i wymierza 30 zł opłaty za to postępowanie.</xText>
          </xUnit>
          
          <xText>
            <xBx>Sygnatura akt IV Ka 936/13</xBx>
          </xText>
        </xUnit>
        <xUnit xIsTitle="true" xType="part" xBold="true">
          <xName>UZASADNIENIE</xName>
          <xText>Wobec <xAnon>D. R.</xAnon>skierowany został do Sądu Rejonowego w Kłodzku wniosek o ukaranie w którym obwiniona została o to, że w dniu 12 marca 2013 r. około godziny 11:20 w miejscowości <xAnon>Ż.</xAnon>na drodze K –<xAnon>(...)</xAnon>kierując pojazdem marki <xAnon>F. (...)</xAnon>o <xAnon>numerach rejestracyjnych (...)</xAnon>przekroczyła dozwoloną prędkość w obszarze zabudowanym o 26 km/h (76/50 km/h) tj. za wykroczenie z art. 92a kw.</xText>
          <xText>Sąd Rejonowy w Kłodzku wyrokiem z dnia 20 listopada 2013 roku sygn. akt VI W 193/13:</xText>
          <xUnit xIsTitle="false" xType="none">
            <xName xSffx=".">I</xName>
            <xText>obwinioną <xAnon>D. R.</xAnon> uznał za winną popełnienia zarzucanego jej czynu opisanego w części wstępnej wyroku i za to na podstawie art. 92 a kw wymierzył jej grzywnę w kwocie 100 (sto) złotych;</xText>
          </xUnit>
          <xText>II. zasądził od obwinionej na rzecz Skarbu Państwa kwotę 100 zł tytułem zryczałtowanych wydatków postępowania i wymierzył opłatę w kwocie 30 zł.</xText>
          
          <xText>Powyższy wyrok zaskarżył obrońca obwinionej <xAnon>D. R.</xAnon> zaskarżając wyrok w całości wyrokowi temu zarzucając:</xText>
          <xUnit xIsTitle="false" xType="none">
            <xName xSffx=")">a</xName>
            <xText>rażące naruszenie <xLexLink xArt="art. 5;art. 5 § 2" xIsapId="WDU19970890555" xTitle="Ustawa z dnia 6 czerwca 1997 r. - Kodeks postępowania karnego" xAddress="Dz. U. z 1997 r. Nr 89, poz. 555">art. 5 § 2 kpk</xLexLink> poprzez jego niezastosowanie w niniejszej sprawie ujawniające się nierozstrzygnięciem licznych wątpliwości na korzyść obwinionej,</xText>
          </xUnit>
          <xUnit xIsTitle="false" xType="none">
            <xName xSffx=")">b</xName>
            <xText>rażące naruszenie przepisów postępowania mogących mieć istotny wpływ na treść wyroku to jest przepisu <xLexLink xArt="art. 7" xIsapId="WDU19970890555" xTitle="Ustawa z dnia 6 czerwca 1997 r. - Kodeks postępowania karnego" xAddress="Dz. U. z 1997 r. Nr 89, poz. 555">art. 7 kpk</xLexLink> poprzez nieuwzględnienie wskazań wiedzy i doświadczenia życiowego, przekroczenie granic swobodnej oceny dowodów poprzez niedostrzeżenie przy wyrokowaniu całokształtu okoliczności, które zostały ujawnione w trakcie postępowania oraz pominięcie w sposób całkowity wyjaśnień obwinionej oraz zeznań świadka <xAnon>J. G.</xAnon> mimo iż były spójne i logiczne</xText>
          </xUnit>
          <xText>a podnosząc powyższy zarzut wniósł :</xText>
          <xUnit xIsTitle="false" xType="none">
            <xName xSffx=".">1</xName>
            <xText>w oparciu o <xLexLink xArt="art. 109" xIsapId="WDU20011061148" xTitle="Ustawa z dnia 24 sierpnia 2001 r. - Kodeks postępowania w sprawach o wykroczenia" xAddress="Dz. U. z 2001 r. Nr 106, poz. 1148">art. 109 kpw</xLexLink> w zw. z <xLexLink xArt="art. 427;art. 427 § 1" xIsapId="WDU19970890555" xTitle="Ustawa z dnia 6 czerwca 1997 r. - Kodeks postępowania karnego" xAddress="Dz. U. z 1997 r. Nr 89, poz. 555">art. 427 § 1 kpk</xLexLink> i <xLexLink xArt="art. 438;art. 438 pkt. 2;art. 438 pkt. 3" xIsapId="WDU19970890555" xTitle="Ustawa z dnia 6 czerwca 1997 r. - Kodeks postępowania karnego" xAddress="Dz. U. z 1997 r. Nr 89, poz. 555">art. 438 pkt 2 i 3 kpk</xLexLink> o zmianę zaskarżonego wyroku poprzez uznanie obwinionej za niewinna popełnienia zarzucanego jej czynu tego, że w dniu 12 marca 2013 roku około godziny 11: 20 w miejscowości <xAnon>Ż.</xAnon>na drodze K – <xAnon>(...)</xAnon> kierując pojazdem marki <xAnon>F. (...)</xAnon>o <xAnon>nr rej. (...)</xAnon>przekroczyła dozwoloną prędkość o 26 km/h jadąc prędkością 76 km/h przy ograniczeniu prędkości do 50 km/h;</xText>
          </xUnit>
          <xUnit xIsTitle="false" xType="none">
            <xName xSffx=".">2</xName>
            <xText>orzeczenie o kosztach obrony poniesionych przez obwinioną tytułem postępowania w I instancji w kwocie 269 zł poprzez ich zasądzenie od Skarbu Państwa na rzecz obwinionej;</xText>
          </xUnit>
          <xUnit xIsTitle="false" xType="none">
            <xName xSffx=".">3</xName>
            <xText>orzeczenie o kosztach postępowania apelacyjnego.</xText>
          </xUnit>
          
          <xText>
            <xBx>Sąd Okręgowy zważył co następuje;</xBx>
          </xText>
          
          <xText>apelacja nie jest zasadna i nie zasługuje na uwzględnienie.</xText>
          <xText>Za całkowicie chybiony uznać należy zarzut sprowadzający się do próby wykazania, iż sąd rejonowy rozpoznając sprawę dopuścił się naruszenia norm prawa procesowego tj. <xLexLink xArt="art. 5;art. 5 § 2" xIsapId="WDU19970890555" xTitle="Ustawa z dnia 6 czerwca 1997 r. - Kodeks postępowania karnego" xAddress="Dz. U. z 1997 r. Nr 89, poz. 555">art. 5 § 2 kpk</xLexLink> oraz <xLexLink xArt="art. 7" xIsapId="WDU19970890555" xTitle="Ustawa z dnia 6 czerwca 1997 r. - Kodeks postępowania karnego" xAddress="Dz. U. z 1997 r. Nr 89, poz. 555">art. 7 kpk</xLexLink>.</xText>
          <xText>Przeprowadzona analiza dokonanej przez sąd I instancji oceny dowodów nie wykazała by nastąpiła ona z naruszeniem wymogów określonych w <xLexLink xArt="art. 7" xIsapId="WDU19970890555" xTitle="Ustawa z dnia 6 czerwca 1997 r. - Kodeks postępowania karnego" xAddress="Dz. U. z 1997 r. Nr 89, poz. 555">art. 7 kpk</xLexLink>. Sąd rejonowy rzetelnie, wnikliwie i obiektywnie rozważył wszystkie zgromadzone dowody i na ich podstawie poczynił prawidłowe ustalenia faktyczne co do sprawstwa i zawinienia obwinionej odnośnie wykroczenia z <xLexLink xArt="art. 92 a" xIsapId="WDU19970890555" xTitle="Ustawa z dnia 6 czerwca 1997 r. - Kodeks postępowania karnego" xAddress="Dz. U. z 1997 r. Nr 89, poz. 555">art. 92a</xLexLink> kw.</xText>
          <xText>W niniejszej sprawie brak jest podstaw do kwestionowania zeznań funkcjonariuszy policji <xAnon>K. S.</xAnon>oraz <xAnon>P. M.</xAnon>jak również prawidłowości dokonanego w dniu 12 marca 2013 roku przez funkcjonariusza <xAnon>P. M.</xAnon>przy zastosowaniu urządzenia typu<xAnon>(...)</xAnon><xAnon>U.</xAnon><xAnon>(...)</xAnon>pomiaru prędkości pojazdu kierowanego przez obwinioną. Zaznaczyć należy, iż jak wynika z dowodów sprawy przedmiotowe urządzenie, umożliwiając dokonanie pomiaru prędkości pojazdów tak przybliżających się jak również oddalających od jego operatora sygnalizuje powyższą okoliczność odpowiednim oznaczeniem poprzedzającym wartość dokonanego pomiaru prędkość. W przypadku gdyby osoba dokonująca kontroli prędkości przy użyciu wskazanego urządzenia popełniła błąd techniczny wówczas taki pomiar, nie zostałby dokonany i wyświetlona została informacja o błędzie. W sprawie niewątpliwym natomiast jest, iż pomiar prędkości został dokonany. W swoich zeznaniach świadek <xAnon>J. G.</xAnon>stwierdził, iż na urządzeniu radarowym znajdującym się w posiadaniu dokonującego kontroli policjanta widział cyfrę 76. Zauważyć przy tym należy, iż poddawana przez skarżącego w wątpliwość okoliczność, iż w czasie pomiaru prędkości po drodze w kierunku jazdy obwinionej nie poruszały się inne samochody, została wskazana przez funkcjonariusza policji <xAnon>P. M.</xAnon>już w relacji z przebiegu zdarzenia opisanej w notatce z 12.03.2013 roku, analizując argumentację skarżącego nie można pominąć także okoliczności, iż wskazane powyżej urządzenie, jak wynika z zeznań świadków <xAnon>K. S.</xAnon>i <xAnon>P. M.</xAnon>, pozwala na zmierzenie prędkości konkretnego pojazdu nawet w sytuacji gdy pojazdy poruszają się po drodze w kolumnie.</xText>
          <xText>Za niezasadne uznać ponadto należy stwierdzenie skarżącego o pominięciu przez sąd I instancji przy wyrokowaniu wyjaśnień obwinionej oraz zeznań złożonych w przedmiotowej sprawie przez <xAnon>J. G.</xAnon>. Formułując powyższą tezę skarżący z sobie tylko wiadomych powodów zdaje się nie dostrzegać, iż sąd rejonowy miał na względzie także zeznania wymienionego wyżej świadka, złożone w toku prowadzonego postępowania jak również wyjaśnienia obwinionej (karta. 3 - 4 pisemnego uzasadnienia). Odnosząc się do zaprezentowanej w apelacji przez skarżącego argumentacji zauważyć ponadto należy, iż kwestionowanie możliwości dokonania w czasie zaistniałego zdarzenia przez operatora wskazanego powyżej urządzenia pomiaru prędkości z odległości 377,4 m jedynie na podstawie własnego, subiektywnego przekonania skarżącego bez wykazania w tym względzie merytorycznych argumentów przemawiających za powyższym stwierdzeniem nie mogło wywołać skutków oczekiwanych przez skarżącego.</xText>
          <xText>Za chybiony uznać także należy zarzut naruszenia <xLexLink xArt="art. 5;art. 5 § 2" xIsapId="WDU19970890555" xTitle="Ustawa z dnia 6 czerwca 1997 r. - Kodeks postępowania karnego" xAddress="Dz. U. z 1997 r. Nr 89, poz. 555">art. 5 § 2 kpk</xLexLink>. Odnosząc się do powyższego zarzutu, zauważyć należy, iż określona w wskazanym przepisie zasada in dubio pro reo nie nakłada na sąd obowiązku przyjęcia wersji najkorzystniejszej dla oskarżonego, lecz zakaz czynienia niekorzystnych domniemań w sytuacji, gdy stan dowodów nie pozwala na ustalenie faktów, tego rodzaju sytuacja natomiast w niniejszej sprawie nie zaistniała, wszystkie okoliczności sprawy zostały wyjaśnione. Zwrócić ponadto należy uwagę na fakt, iż unormowana w wskazanym wyżej przepisie reguła dotyczy wątpliwości, które powziął i których nie jest w stanie rozstrzygnąć sąd rozpoznający sprawę, nie zaś wątpliwości powstałych u strony postępowania czy też u ich przedstawicieli procesowych, w przedmiotowej sprawie wątpliwości takie zaś zgłosił jedynie skarżący. Na marginesie poczynionych w tym zakresie rozważań zauważyć także należy, iż jak wskazuje się w praktyce orzeczniczej <xIx>zarzut obrazy <xLexLink xArt="art. 5;art. 5 § 2" xIsapId="WDU19970890555" xTitle="Ustawa z dnia 6 czerwca 1997 r. - Kodeks postępowania karnego" xAddress="Dz. U. z 1997 r. Nr 89, poz. 555">art. 5 § 2 kpk</xLexLink> dotyczy wtórnej do ustaleń faktycznych płaszczyzny procedowania sądu, a zatem nie może być podnoszony jednocześnie z zarzutem obrazy <xLexLink xArt="art. 7" xIsapId="WDU19970890555" xTitle="Ustawa z dnia 6 czerwca 1997 r. - Kodeks postępowania karnego" xAddress="Dz. U. z 1997 r. Nr 89, poz. 555">art. 7 kpk</xLexLink></xIx> (por. postanowienie Sądu Najwyższego z dnia 6 lutego 2013 roku V KK 270/13).</xText>
          <xText>Wymierzona obwinionej przez sąd I instancji kara nie jest karą nadmiernie surową. Orzekając wobec obwinionej karę grzywny w wymiarze 100 zł sąd I instancji kierował się dyrektywami wymiaru kary określonymi w art. 33 kw uwzględniając zarówno stopień społecznej szkodliwości czynu obwinionej oraz cele jakie kara ta winna osiągnąć zarówno wobec ukaranego jak również w zakresie społecznego oddziaływania.</xText>
          <xText>Z przytoczonych względów apelacja obrońcy obwinionej nie zasługiwała na uwzględnienie.</xText>
          <xText>O kosztach sądowych postępowania odwoławczego, orzeczono na podstawie <xLexLink xArt="art. 636;art. 636 § 1" xIsapId="WDU19970890555" xTitle="Ustawa z dnia 6 czerwca 1997 r. - Kodeks postępowania karnego" xAddress="Dz. U. z 1997 r. Nr 89, poz. 555">art. 636 §1 kpk</xLexLink> w zw. z <xLexLink xArt="art. 119" xIsapId="WDU20011061148" xTitle="Ustawa z dnia 24 sierpnia 2001 r. - Kodeks postępowania w sprawach o wykroczenia" xAddress="Dz. U. z 2001 r. Nr 106, poz. 1148">art. 119 kpw</xLexLink> oraz na podstawie <xLexLink xArt="art. 8" xIsapId="WDU20011061148" xTitle="Ustawa z dnia 24 sierpnia 2001 r. - Kodeks postępowania w sprawach o wykroczenia" xAddress="Dz. U. z 2001 r. Nr 106, poz. 1148">art. 8</xLexLink> w zw. z <xLexLink xArt="art. 21;art. 21 pkt. 2" xIsapId="WDU19730270152" xTitle="Ustawa z dnia 23 czerwca 1973 r. o opłatach w sprawach karnych" xAddress="Dz. U. z 1973 r. Nr 27, poz. 152">art. 21 pkt 2 ustawy z dnia 23 czerwca 1973 roku o opłatach w sprawach karnych</xLexLink> (Dz. U. z 1983 r. nr 49 poz. 223 ze zmianami).</xText>
        </xUnit>
      </xBlock>
    </xPart>
  </judgement>
<judgement id="155025000000503_I_C_000281_2013_Uz_2014-01-31_001">
    <xPart xEditorFullName="Katarzyna Festdorf" xYear="2013" xLang="PL" xPublisherFullName="Iwona Gertrudziak" xFromPg="1" xEditor="kfestdorf" xVolType="15/502500/0000503/C" xPublisher="igertrudziak" xDocType="Uz" xVolNmbr="000281" xVersion="1.0" xToPage="2" xFlag="published">
      <xName>Wyrok+Uzasadnienie</xName>
      <xBlock>
        <xText>
          <xBx>Sygn. akt I C 281/13</xBx>
        </xText>
        <xUnit xIsTitle="true" xBold="true" xType="part">
          <xName>WYROK</xName>
          <xTitle>W IMIENIU RZECZYPOSPOLITEJ POLSKIEJ</xTitle>
          <xText xALIGNx="right">05 grudnia 2013 roku</xText>
          
          <xText>Sąd Okręgowy we Wrocławiu Wydział I Cywilny</xText>
          <xText>w składzie następującym:</xText>
          <xText>Przewodniczący SSO Rafał Cieszyński</xText>
          <xText>Protokolant Ewelina Kiałka</xText>
          <xText>po rozpoznaniu na rozprawie 14 listopada 2013 roku we Wrocławiu</xText>
          <xText>sprawy z powództwa „<xAnon>(...)</xAnon>” Spółki jawnej z siedzibą we <xAnon>W.</xAnon></xText>
          <xText>przeciwko <xAnon>S. C. (1)</xAnon></xText>
          <xText>o zapłatę</xText>
          
          <xUnit xIsTitle="false" xType="none">
            <xName xSffx=".">I</xName>
            <xText>zasądza od pozwanego <xAnon>S. C. (1)</xAnon> na rzecz powoda „<xAnon>(...)</xAnon>  ” Spółki jawnej z siedzibą we <xAnon>W.</xAnon> kwotę 37.479 zł (<xIx>
    
    
    trzydzieści siedem tysięcy czterysta siedemdziesiąt dziewięć złotych</xIx>) wraz z ustawowymi odsetkami od 07 czerwca 2012 r. do dnia zapłaty;</xText>
          </xUnit>
          <xUnit xIsTitle="false" xType="none">
            <xName xSffx=".">II</xName>
            <xText>oddala dalej idące powództwo;</xText>
          </xUnit>
          <xUnit xIsTitle="false" xType="none">
            <xName xSffx=".">III</xName>
            <xText>zasądza od pozwanego na rzecz powoda kwotę 451 zł tytułem kosztów procesu.</xText>
          </xUnit>
          
          <xText>
            <xBx>Sygn. akt I C 281/13</xBx>
          </xText>
        </xUnit>
        <xUnit xIsTitle="true" xBold="true" xType="part">
          <xName>UZASADNIENIE</xName>
          <xText>Pozwem z 20 sierpnia 2012 r. skierowanym do Sądu Rejonowego w Środzie Śląskiej powód Sklep „<xAnon>(...)</xAnon>” Spółka jawna z siedzibą we <xAnon>W.</xAnon> wniósł o zasądzenie od pozwanego <xAnon>S. C. (1)</xAnon> kwoty 69.160 zł wraz z ustawowymi odsetkami liczonymi od 07 czerwca 2012 r. do dnia zapłaty tytułem bezumownego korzystania z nieruchomości położonej w <xAnon>W.</xAnon>, gmina <xAnon>M.</xAnon> przy <xAnon>ulicy (...)</xAnon>, stanowiącej zabudowaną <xAnon>działkę numer (...)</xAnon>, dla której Sąd Rejonowy w Środzie Śląskiej w Wydziale Ksiąg Wieczystych prowadzi <xAnon>księgę wieczystą numer (...)</xAnon> za okres od 10 sierpnia 2010 r. do 18 kwietnia 2012 r. Nadto powód domagał się zasądzenia kosztów procesu, w tym kosztów zastępstwa procesowego w wysokości 3.600 zł oraz kosztów opłaty skarbowej od udzielonego pełnomocnictwa.</xText>
          <xText>W uzasadnieniu pozwu powód wskazał, iż reprezentującą powodową spółkę <xAnon>H. K.</xAnon> i pozwanego łączyła umowa <xAnon> spółki cywilnej (...)</xAnon> zawarta 05 sierpnia 1991 roku. 15 maja 1996 r. <xAnon>H. K.</xAnon> oraz <xAnon>S. C. (1)</xAnon>, działając jako wspólnicy spółki cywilnej nabyli nieruchomość położoną w <xAnon>W.</xAnon>. Następnie umową z 15 czerwca 2007 r. spółka cywilna została przekształcona w trybie <xLexLink xArt="art. 26;art. 26 § 4" xIsapId="WDU20000941037" xTitle="Ustawa z dnia 15 września 2000 r. - Kodeks spółek handlowych" xAddress="Dz. U. z 2000 r. Nr 94, poz. 1037">art. 26 § 4 k.s.h.</xLexLink> w spółkę jawną pod firmą „<xAnon>(...)</xAnon>”. Z uwagi na brak porozumienia pomiędzy wspólnikami 08 października 2009 r. podjęli oni uchwałę w przedmiocie dalszego prowadzenia przedsiębiorstwa pod firmą „<xAnon>(...)</xAnon>” oraz o dopuszczeniu przeniesienia ogółu praw i obowiązków każdego z nich na osobę trzecią, wyłącznie po uzyskaniu pisemnej zgody wszystkich pozostałych wspólników. 08 października 2009 r. pozwany zawarł z siostrą powódki <xAnon>B. N.</xAnon> umowę zbycia ogółu praw i obowiązków przysługujących mu z tytułu bycia wspólnikiem spółki jawnej „<xAnon>(...)</xAnon>”, na co powódka wyraziła zgodę. Tego samego dnia z tytułu wzajemnych rozliczeń między dotychczasowymi wspólnikami powódka podpisała oświadczenie zobowiązujące ją do zapłaty na rzecz pozwanego kwoty 147.000 zł bez odsetek do 30 listopada 2010 roku. 10 czerwca 2008 r. pozwany zameldował się w stanowiącej własność powodowej spółki nieruchomości, korzystając z tej nieruchomości, nie ponosząc z tego tytułu żadnych opłat. Powód zwrócił również uwagę, iż spór dotyczący własności nieruchomości ostatecznie rozstrzygnięty został ostatecznie przez Sąd Okręgowy we Wrocławiu w II. Wydziale Cywilnym Odwoławczym, który postanowieniem z 30 marca 2011 r. oddalił apelację pozwanego od wpisu na wniosek powódki w <xAnon>księdze wieczystej numer (...)</xAnon>, w której jako właściciela spornej nieruchomości wpisano powoda. Strony toczyły już postępowania sporne przez Sądem Gospodarczym, gdzie Sąd uwzględnił zarzuty <xAnon>H. K.</xAnon>, w tym zarzut potrącenia, którego powódka dokonywała z uwagi na zamieszkiwanie i użytkowanie przez pozwanego nieruchomości powodowej spółki. W toku tego postępowania Sąd ustalił, iż kwotą jaką powódka mogłaby uzyskać z najmu nieruchomości to kwota 3.640 zł miesięcznie. Powódka skierowała przy tym do Sądu Rejonowego w Środzie Śląskiej powództwo o eksmisję. Nadto powód wezwał pozwanego do zapłaty – za zajmowanie wbrew woli powoda i zamieszkiwanie w jego nieruchomości – dochodzonej pozwem kwoty, za okres od 10 sierpnia 2010 r. do maja 2012 r. (19 miesięcy x 3.640 zł).</xText>
          
          <xText>W odpowiedzi na pozew pozwany wniósł o oddalenie powództwa w całości oraz obciążenie powódki kosztami, w tym kosztami zastępstwa procesowego w kwocie 3.600 zł.</xText>
          <xText>Uzasadniając pozwany zarzucił, że roszczenie objęte niniejszym postępowaniem rozstrzygnięte zostało na korzyść powódki w postępowaniu prowadzonym przed Sądem Okręgowym we Wrocławiu X Wydziałem Gospodarczym wyrokiem z 13 lipca 2012 r. sygn. akt X GC 166/11, wskazując, iż z dochodzonej przez <xAnon>S. C. (1)</xAnon> kwoty 147.000 zł, Sąd uznał roszczenie <xAnon>H. K.</xAnon> do kwoty 67.398,16 zł.</xText>
          
          <xText>Pismem przygotowawczym z 15 października 2012 r. pozwany wniósł o zobowiązanie powódki do przedłożenia faktur z tytułu bezumownego korzystania, wezwania pozwanego do wydania kluczy, wezwania pozwanego do wydania nieruchomości w <xAnon>W.</xAnon>, przedłożenia umów z wykonawcami obiektu, przedłożenia dokumentów potwierdzających wypłaty wynagrodzenia, faktur i rachunków zakupu materiałów budowlanych. Nadto pozwany wskazał, iż w przypadku zaistnienia okoliczności uzasadniających obciążenie pozwanego kosztami czynszu za okres od 10 sierpnia 2010 roku do 18 kwietnia 2012 r., to jest okresy kiedy pozwany nie korzystał z nieruchomości, nie zajmował jej, nie posiadał kluczy, jedynie pozostając zameldowanym, wnosi o dokonanie wzajemnego potrącenia wielkości włożonych przez powoda nakładów wraz z kosztami wynagrodzenia robotników, których to kosztów nie pokryła spółka, z wielkością ustalonego czynszu, przy uwzględnieniu korzystania przez powoda i robotników z jednego pomieszczenia o powierzchni 30 m<xSUPx>2</xSUPx>, a nie całej nieruchomości. Pozwany wskazał, iż niezależnie od wykonywania obowiązków wspólnika, pracując w spółce trzy razy w tygodniu, jeden raz w dniu roboczym po południu oraz w każdą sobotę i niedzielę, wykonywał również osobiście prace remontowo-budowlane, wzbogacając tym spółkę o wartość włożonej pracy na kwotę 329.812,47 zł, która to kwota powinna być uwzględniona w przypadku uznania zasadności powództwa.</xText>
          
          <xText>Pismem przygotowawczym z 28 grudnia 2012 r. powód rozszerzył żądanie pozwu domagając się również dalszej kwoty 25.480 zł wraz z ustawowymi odsetkami od dnia rozszerzenia powództwa do dnia zapłaty, łącznie kwoty 94.640 zł tytułem bezumownego korzystania z nieruchomości położonej w <xAnon>W.</xAnon> za okres od 10 stycznia 2010 r. do 18 kwietnia 2012 r.</xText>
          
          <xText>Postanowieniem z 03 stycznia 2013 r. Sąd Rejonowy w Środzie Śląskiej stwierdził swą niewłaściwość i sprawę przekazał Sądowi Okręgowemu we Wrocławiu.</xText>
          <xText>
            <xBx>Sąd Okręgowy ustalił następujący stan faktyczny:</xBx>
          </xText>
          
          <xText>05 sierpnia 1991 r. <xAnon>H. K.</xAnon> i <xAnon>S. C. (1)</xAnon> zawarli umowę spółki cywilnej pod <xAnon> firmą (...)</xAnon>.</xText>
          <xText>(okoliczność bezsporna)</xText>
          
          <xText>15 maja 1996 roku <xAnon>H. K.</xAnon> i <xAnon>S. C. (1)</xAnon>, działając jako wspólnicy <xAnon> spółki cywilnej (...)</xAnon> zawarli z <xAnon>A. D.</xAnon> umowę sprzedaży na podstawie której kupili w udziałach po 1/2 nieruchomość stanowiącą zabudowaną <xAnon>działkę numer (...)</xAnon> o powierzchni 0,56 ha, położoną we wsi <xAnon>W.</xAnon>, gmina <xAnon>M.</xAnon>, dla której Sąd Rejonowy w Środzie Śląskiej prowadził <xAnon>księgę wieczystą o numerze (...)</xAnon>.</xText>
          <xText>(dowód: umowa sprzedaży k. 57 akt <xAnon>księgi wieczystej numer (...)</xAnon> Sądu Rejonowego w Środzie Śląskiej)</xText>
          
          <xText>15 czerwca 2007 roku <xAnon>H. K.</xAnon> i <xAnon>S. C. (1)</xAnon> zawarli umowę spółki jawnej, prowadzącej przedsiębiorstwo pod firmą „<xAnon>(...)</xAnon>” Spółka jawna, przekształcając w trybie <xLexLink xArt="art. 26;art. 26 § 4" xIsapId="WDU20000941037" xTitle="Ustawa z dnia 15 września 2000 r. - Kodeks spółek handlowych" xAddress="Dz. U. z 2000 r. Nr 94, poz. 1037">art. 26 § 4 k.s.h.</xLexLink> działalność gospodarczą prowadzoną przez <xAnon>H. K.</xAnon> i <xAnon>S. C. (1)</xAnon> jako wspólników spółki cywilnej zawartej 05 sierpnia 1991 r.</xText>
          <xText>(dowód: odpis aktualny z Krajowego Rejestru Sądowego k. 15)</xText>
          
          <xText><xAnon>S. C. (1)</xAnon> począwszy od 10 czerwca 2008 r. był zameldowany w nieruchomości położonej w <xAnon>W.</xAnon> przy <xAnon>ulicy (...)</xAnon>. W nieruchomości tej pozwany zamieszkiwał, wyłącznie z niej korzystając. Stanowiła ona jego centrum życiowe. Pozwany trzymał maszyny rolnicze w garażach; budynek mieszkalny zamykał na klucz, który tylko on posiadał. Pozwany był posiadaczem nieruchomości do 01 czerwca 2012 r., kiedy to <xAnon>H. K.</xAnon> zmieniła zamki w drzwiach oraz podjęła procedurę wymeldowania pozwanego.</xText>
          <xText>(dowód: zaświadczenie Wójta Gminy <xAnon>M.</xAnon> k. 19;</xText>
          <xText>wyrok wraz z uzasadnieniem w sprawie o sygn. akt I C 280/11 Sądu Rejonowego w Środzie Śląskiej;</xText>
          <xText>apelacja pozwanego w sprawie o sygn. akt I C 280/11 Sądu Rejonowego w Środzie Śląskiej;</xText>
          <xText>przesłuchanie za powoda <xAnon>H. K.</xAnon> elektroniczny protokół rozprawy z 14 listopada 2013 r. 00:32:08-00:48:40;</xText>
          <xText>pismo z 10 maja 2010 r. k. 92)</xText>
          
          <xText>08 października 2009 r. wspólnicy „<xAnon>(...)</xAnon>  ” Spółka jawna podczas posiedzenia wspólników spółki zmienili firmę na „<xAnon>(...)</xAnon>” Spółka jawna oraz dopuścili przeniesienie ogółu praw i obowiązków każdego z nich na osobę trzecią, wyłącznie po uzyskaniu pisemnej zgody wszystkich pozostałych wspólników. Nadto wspólnicy uchwalili jednolity tekst spółki z 15 czerwca 2007 r.</xText>
          <xText>(dowód: protokół z posiedzenia wspólników k. 11-13)</xText>
          
          <xText>08 października 2009 r. <xAnon>S. C. (1)</xAnon> jako wspólnik spółki jawnej działającej pod firmą „<xAnon>(...)</xAnon>” sprzedał <xAnon>B. N.</xAnon> ogół praw i obowiązków w spółce za kwotę 3.000 zł.</xText>
          <xText>(dowód: umowa z 08 października 2009 r. k. 14)</xText>
          
          <xText>10 maja 2010 r. pełnomocnik <xAnon>H. K.</xAnon> skierował do pozwanego <xAnon>S. C. (1)</xAnon>, jako współwłaściciela w 1/2 nieruchomości zabudowanej położonej we wsi <xAnon>W.</xAnon>, pismo informujące o zamiarze sprzedaży przysługującego <xAnon>H. K.</xAnon> udziału [1/2] w nieruchomości, wskazując, iż mocodawczyni oczekuje w terminie czternastu dni propozycji zakupu jej udziału przez drugiego współwłaściciela, bądź wyrażenia zgody na sprzedaż całości nieruchomości.</xText>
          <xText>(dowód: pismo z 10 maja 2010 r. k. 92)</xText>
          
          <xText>19 października 2010 roku Sąd Rejonowy w Środzie Śląskiej w V Wydziale Ksiąg Wieczystych na wniosek z 05 sierpnia 2010 roku wpisał w dziale II. <xAnon>księgi wieczystej numer (...)</xAnon> prawa własności na rzecz „<xAnon>(...)</xAnon>  ” Spółka jawna w miejsce <xAnon>H. K.</xAnon> i <xAnon>S. C. (1)</xAnon> jako wspólników <xAnon> spółki cywilnej (...)</xAnon> s.c. we <xAnon>W.</xAnon> na podstawie aktualnego odpisu z Krajowego Rejestru Sądowego. Apelację <xAnon>S. C. (1)</xAnon> Sąd Okręgowy we Wrocławiu w II Wydziale Cywilnym Odwoławczym oddalił postanowieniem z 30 marca 2011 roku, które wraz z uzasadnieniem zostało doręczone <xAnon>S. C. (1)</xAnon> 09 czerwca 2011 roku</xText>
          <xText>(dowód: postanowienie z 30 marca 2011 r. Sądu Okręgowego we Wrocławiu k. 41-45, 47, 90, 99-100 i 102 akt <xAnon>księgi wieczystej numer (...)</xAnon>;</xText>
          <xText>odpis księgi wieczystej k. 20-22)</xText>
          
          <xText>Możliwy do uzyskania na wolnym rynku w 2011 roku czynsz z tytułu korzystania z nieruchomości położonej w <xAnon>W.</xAnon> na <xAnon>działce numer (...)</xAnon>, o powierzchni 0,56 ha dla której Sąd Rejonowego w Środzie Śląskiej prowadzi <xAnon>księgę wieczystą numer (...)</xAnon> wynosił 3.640 zł.</xText>
          <xText>(dowód: okoliczność bezsporna;</xText>
          <xText>opinia biegłego sądowego <xAnon>F. Ś.</xAnon> sporządzona do sprawy Sądu Okręgowego we Wrocławiu X Wydziału Gospodarczego sygn. akt X GC 166/11 k. 27-59)</xText>
          
          <xText>Wyrokiem z 07 listopada 2011 r. Sąd Rejonowy w Środzie Śląskiej w sprawie z powództwa „<xAnon>(...)</xAnon>
  ” Spółki jawnej nakazał pozwanemu <xAnon>S. C. (1)</xAnon> aby wraz z rzeczami i osobami prawa go reprezentującymi opuścił, opróżnił i wydał w posiadanie powodowi nieruchomość obejmującą <xAnon>działkę numer (...)</xAnon> o powierzchni 0,56 ha położoną w <xAnon>W.</xAnon>, gmina <xAnon>M.</xAnon>, dla której Sąd Rejonowy w Środzie Śląskiej prowadzi <xAnon>księgę wieczystą numer (...)</xAnon>. Wyrokiem z 18 kwietnia 2012 r. Sąd Okręgowy we Wrocławiu w II Wydziale Cywilnym Odwoławczym oddalił apelację pozwanego.</xText>
          <xText>(dowód: wyrok wraz z uzasadnieniem Sądu Rejonowego w Środzie Śląskiej sygn. akt I C 280/11;</xText>
          <xText>wyrok Sądu Okręgowego we Wrocławiu w II Wydziale Cywilnym Odwoławczym sygn. akt II Ca 78/12)</xText>
          
          <xText>W postępowaniu prowadzonym przed Sądem Okręgowym we Wrocławiu w X Wydziale Gospodarczym sygn. akt X GC 166/11 <xAnon>S. C. (1)</xAnon> domagał się zasądzenia od pozwanej <xAnon>H. K.</xAnon> kwoty 147.000 zł tytułem rozliczenia prowadzonej przez strony spółki jawnej. Wyrokiem z 13 lipca 2012r. Sąd Okręgowy we Wrocławiu w X Wydziale Gospodarczym zasądził na rzecz powoda kwotę 79.601,84 zł wraz z odsetkami; oddalając dalej idące powództwo. Wyrokiem z 20 listopada 2012 r. Sąd Apelacyjny we Wrocławiu Wydział I Cywilny zmienił zaskarżony wyrok w ten sposób, że zasądził na rzecz powoda kwotę 67.398,16 zł, rozstrzygając o kosztach procesu; oddalając dalej idącą apelację.</xText>
          <xText>(dowód: wyrok wraz z uzasadnieniem Sądu Okręgowego we Wrocławiu sygn. akt X GC 166/11;</xText>
          <xText>wyrok wraz z uzasadnieniem Sądu Apelacyjnego we Wrocławiu sygn. akt II ACa 1180/12)</xText>
          
          <xText>Wyrokiem z 09 września 2013 r. Sąd Okręgowy we Wrocławiu w X Wydziale Gospodarczym w sprawie sygn. akt X GC 415/12 oddalił powództwo <xAnon>S. C. (1)</xAnon> przeciwko <xAnon>H. K.</xAnon> tytułem zwrotu połowy wartości nieruchomości położonej w <xAnon>W.</xAnon>.</xText>
          <xText>(dowód: wyrok wraz z uzasadnieniem Sądu Okręgowego we Wrocławiu sygn. akt X GC 415/12)</xText>
          
          <xText>Pismem z 02 maja 2012 roku, doręczonym 07 maja 2012 roku, powód wezwał pozwanego do zapłaty w terminie trzydziestu dni kwoty 69.160 zł tytułem korzystania bez tytułu prawnego z nieruchomości położonej w <xAnon>W.</xAnon>, gmina <xAnon>M.</xAnon> przez okres 19 miesięcy od 10 sierpnia 2010 roku do 18 kwietnia 2010 r. (data wydania prawomocnego wyroku w sprawie o eksmisję).</xText>
          <xText>(dowód: wezwanie do zapłaty wraz z potwierdzeniem odbioru k. 24-26)</xText>
          
          <xText>
            <xBx>W tak ustalonym stanie faktycznym Sąd zważył, co następuje:</xBx>
          </xText>
          <xText>Powództwo w części zasługiwało na uwzględnienie.</xText>
          <xText>W niniejszej sprawie powód domagał się zapłaty tytułem wynagrodzenia za bezumowne korzystanie z nieruchomości stanowiącej własność powodowej spółki, położonej w <xAnon>W.</xAnon>, gmina <xAnon>M.</xAnon>, dla której Sąd Rejonowy w Środzie Śląskiej prowadzi <xAnon>księgę wieczystą numer (...)</xAnon>.</xText>
          <xText>Okoliczności faktyczne niniejszej sprawy Sąd ustalił na podstawie załączonych dokumentów zarówno do pozwu jak i odpowiedzi na pozew, co do których, w zakresie powstania spółki cywilnej, daty zakupu nieruchomości, przekształcenia spółki cywilnej w – jawną oraz wystąpienia pozwanego z powodowej spółki, nie było w istocie sporu. Podobnie niesporną, bo niekwestionowaną w toku postępowania dowodowego oraz czasie dla składania wszelkich twierdzeń i dowodów [k. 171], a przy tym wykazaną dowodem z pisemnej opinii biegłego sądowego w sprawie X GC 166/11, była okoliczność wysokości miesięcznego wynagrodzenia za korzystanie z nieruchomości, której spór dotyczy. Oczywiście w istocie bezspornym był fakt przymiotu właściciela po stronie powoda, czego zdawał się nie kwestionować pozwany, jakkolwiek jasnym jest, iż nie może z tym faktem w dalszym ciągu się pogodzić, subiektywnie wyrażając przekonanie, iż udział w gruncie – tak jak zostało to zakupione – należy także do niego. Zagadnienie praw do nieruchomości powoda ostatecznie przy tym rozstrzygnął Sąd Wieczystoksięgowy oddalając apelację pozwanego w przedmiocie wpisu powoda jako właściciela, a tą argumentację, bez potrzeby jej ponawiania, Sąd Okręgowy podziela.</xText>
          <xText>Podstawowym zaś zagadnieniem spornym w niniejszej sprawie, determinującym jej rozstrzygniecie, była ocena władztwa pozwanego nad nieruchomością powodowej spółki. Pozwany bowiem konsekwentnie zaprzeczał, że był posiadaczem tej nieruchomości, zaś z chwilą wystąpienia ze spółki opuścił i wydał tą nieruchomość powodowi, zdając także klucze. Twierdzenia te jednak, nawet wsparte zeznaniami świadków były wysoce niewiarygodne. Ocena taka wynika z faktu, iż w toku postępowania w przedmiocie opuszczenia, opróżnienia i wydania nieruchomości powodowi, pozwany twierdził kategorycznie, nie tylko że włada tą nieruchomością ale, że stanowi ona jego centrum życiowe; że pozostanie „bez dachu na głową”. Całkowicie zatem odmienne twierdzenia w niniejszym procesie, kiedy fakt korzystania z nieruchomości niesie za sobą niekorzystne konsekwencje finansowe, ocenić należy wyłącznie jako przyjęte stanowisko procesowe z którego pozwany wywodzi sprzyjające konsekwencje. Dodatkowo podkreślenia wymaga nie tylko wzajemna sprzeczność twierdzeń pozwanego ale i sprzeczność z wnioskowanym świadkiem. Niewiarygodne bowiem jest twierdzenie pozwanego, że klucze do nieruchomości wydał <xAnon>H. K.</xAnon> już w 2009 roku, kiedy przecież w tym czasie nie było ku temu żadnych podstaw, skoro – jak twierdzi pozwany – był współwłaścicielem nieruchomości. Jednocześnie fakt rzekomego wydania nieruchomości w 2009 r. nie przeszkadzał pozwanemu w 2011 r. przed Sądem konsekwentnie twierdzić, że jest posiadaczem tej nieruchomości. Nadto pozwany jak sam twierdzi miał się już na tej nieruchomości po tej dacie nie pojawiać, gdy tymczasem świadek <xAnon>E. T.</xAnon> miał widzieć powoda krzątającego się wokół budynku, prowadzącego prace porządkowe. Skoro zeznania świadka sprzeczne są z twierdzeniami samego nawet pozwanego, który świadka wnioskował, należy odmówić im wiarygodności, podobnie zresztą jak żonie pozwanego, której zeznania – poprzez sprzeczność z całościowym stanowiskiem pozwanego – także równie mocno są niewiarygodne.</xText>
          <xText>Odnosząc się do dalszych zarzutów formułowanych przez pozwanego, w zakresie braku ofert najmu, czy też konkretnych propozycji zawarcia takich umów, to wskazać należy, iż roszczenie o wynagrodzenie z tytułu bezumownego korzystania z nieruchomości należy do tak zwanych roszczeń uzupełniających (wyrok Sądu Najwyższego z 17 lipca 2008 roku sygn. akt II CSK 110/08). Pod rządem przepisów <xLexLink xArt="art. 224" xIsapId="WDU19640160093" xTitle="Ustawa z dnia 23 kwietnia 1964 r. - Kodeks cywilny" xAddress="Dz. U. z 1964 r. Nr 16, poz. 93">art. 224 k.c.</xLexLink> i <xLexLink xArt="art. 225" xIsapId="WDU19640160093" xTitle="Ustawa z dnia 23 kwietnia 1964 r. - Kodeks cywilny" xAddress="Dz. U. z 1964 r. Nr 16, poz. 93">art. 225 k.c.</xLexLink> posiadacz jest zobowiązany do wynagrodzenia za korzystanie z cudzej rzeczy bez względu na to, czy właściciel rzeczy, nie korzystając z niej, poniósł jakąkolwiek stratę i niezależnie od tego, czy posiadacz faktycznie korzystał z rzeczy – odnosząc wymierną korzyść. Skuteczność roszczenia nie zależy od tego, czy posiadacz był w zwłoce z wydaniem rzeczy, czy nie. Również wysokość wynagrodzenia jest niezależna od rzeczywistych strat właściciela i rzeczywistych korzyści odniesionych przez posiadacza (<xIx>System Prawa Prywatnego; Tom 3 – Prawo Rzeczowe pod redakcją Tomasza Dybowskiego, Edward Gniewek, Wydawnictwo C.H. Beck, Instytut Nauk Prawniczych PAN, Warszawa 2003 r., s. 513</xIx>). Podobnie chybionym był zarzut braku wystawiania faktur VAT, co miałoby dowodzić niezasadności bowiem taka czynność nie podlega opodatkowaniu podatkiem VAT. O zasadzie odpowiedzialności posiadacza z tytułu korzystania z rzeczy, jak i jego wysokości, w szczególności braku podstaw do naliczenia podatku od towarów i usług wypowiedział się Sąd Najwyższego (wyrok z 15 kwietnia 2004 r. sygn. akt IV CK 273/03; <xIx>SIP LEX numer 183707</xIx>), gdzie wyraźnie się wskazuje, iż roszczenie o wynagrodzenie za korzystanie z rzeczy przysługujące właścicielowi wobec posiadacza samoistnego (<xLexLink xArt="art. 224;art. 224 § 2;art. 225" xIsapId="WDU19640160093" xTitle="Ustawa z dnia 23 kwietnia 1964 r. - Kodeks cywilny" xAddress="Dz. U. z 1964 r. Nr 16, poz. 93">art. 224 § 2 i art. 225 k.c.</xLexLink>) lub zależnego (<xLexLink xArt="art. 230" xIsapId="WDU19640160093" xTitle="Ustawa z dnia 23 kwietnia 1964 r. - Kodeks cywilny" xAddress="Dz. U. z 1964 r. Nr 16, poz. 93">art. 230 k.c.</xLexLink>) należy do tzw. roszczeń uzupełniających roszczenie właściciela o wydanie rzeczy, czyli, innymi słowy, do roszczeń uzupełniających roszczenie windykacyjne. Jako roszczenie uzupełniające roszczenie windykacyjne pozostaje ono z nim w ścisłym związku. Związek ten wyraża się tym, że jest ono uwarunkowane ziszczeniem się przesłanek uzasadniających roszczenie windykacyjne (warunek konieczny, ale nie wystarczający). Roszczenie o wynagrodzenie za korzystanie z rzeczy może więc przysługiwać właścicielowi tylko wobec posiadacza, który w danym okresie bez podstawy prawnej faktycznie władał rzeczą; był zatem w tym okresie biernie legitymowany w świetle <xLexLink xArt="art. 222;art. 222 § 1" xIsapId="WDU19640160093" xTitle="Ustawa z dnia 23 kwietnia 1964 r. - Kodeks cywilny" xAddress="Dz. U. z 1964 r. Nr 16, poz. 93">art. 222 § 1 k.c.</xLexLink> Zarówno powstanie roszczenia o wynagrodzenia za korzystanie z rzeczy, jak i wysokość wynagrodzenia nie zależą od tego, czy właściciel w rzeczywistości poniósł jakiś uszczerbek, a posiadacz uzyskał jakąś korzyść. O wysokości należnego właścicielowi wynagrodzenia decydują stawki rynkowe za korzystanie z danego rodzaju rzeczy i czas posiadania rzeczy przez adresata roszczenia. Wynagrodzenie to nie dzieli się na świadczenia okresowe, lecz jest należnością jednorazową za cały okres korzystania z rzeczy przez posiadacza bez tytułu prawnego. Odrębność roszczeń przewidzianych w <xLexLink xArt="art. 224;art. 224 § 2;art. 224 § 225" xIsapId="WDU19640160093" xTitle="Ustawa z dnia 23 kwietnia 1964 r. - Kodeks cywilny" xAddress="Dz. U. z 1964 r. Nr 16, poz. 93">art. 224 § 2 i 225 k.c.</xLexLink> nie wyklucza całkowicie możliwości pomocniczego stosowania w odniesieniu do niektórych z tych roszczeń przepisów o naprawieniu szkody. Zasądzenie w sprawie cywilnej kwoty równej podatkowi VAT jest aktualne wtedy, gdy przedmiotem żądania pozwu jest zapłata ceny lub wynagrodzenia obejmującego, zgodnie z przepisami o cenach (zob. <xLexLink xArt="art. 1;art. 1 ust. 2" xIsapId="WDU19820070052" xTitle="Ustawa z dnia 26 lutego 1982 r. o cenach" xAddress="Dz. U. z 1982 r. Nr 7, poz. 52">art. 1 ust. 2 ustawy z dnia 26 lutego 1982 r. o cenach</xLexLink>, jedn. tekst: Dz. U. z 1988 r. Nr 27, poz. 195 ze zm., oraz obecnie obowiązujący <xLexLink xArt="art. 3;art. 3 ust. 1;art. 3 ust. 1 pkt. 1" xIsapId="WDU20010971050" xTitle="Ustawa z dnia 5 lipca 2001 r. o cenach" xAddress="Dz. U. z 2001 r. Nr 97, poz. 1050">art. 3 ust. 1 pkt 1 ustawy z dnia 5 lipca 2001 r. o cenach</xLexLink>, Dz. U. Nr 97, poz. 1050 ze zm.), jako składnik kwotę należnego podatku VAT. Charakter przewidzianego w <xLexLink xArt="art. 224;art. 224 § 2" xIsapId="WDU19640160093" xTitle="Ustawa z dnia 23 kwietnia 1964 r. - Kodeks cywilny" xAddress="Dz. U. z 1964 r. Nr 16, poz. 93">art. 224 § 2 k.c.</xLexLink> roszczenia o wynagrodzenie za korzystanie z rzeczy wyklucza uznanie za jego składnik podatku VAT.</xText>
          <xText>W tym miejscu wskazać należy, że wynagrodzenie za korzystanie z rzeczy obejmuje to wszystko, co uzyskałby właściciel, gdyby ją wynajął, wydzierżawił lub oddał do odpłatnego korzystania na podstawie innego stosunku prawnego (por. Edward Gniewek [w:] <xIx>System ...</xIx>, s. 513). Dodać należy, że zasadniczo chodzi tutaj o stosowanie średniej stawki rynkowej (por. T. Dybowski, <xIx>Ochrona własności,</xIx> s. 188; J. Ignatowicz [w:] <xIx>Kodeks...</xIx>, s. 605; S. Rudnicki, <xIx>Komentarz...</xIx>, s. 317). Nie można wszakże wykluczyć stosowania w uzasadnionych (dowiedzionych) sytuacjach odrębnych, indywidualnych stawek wynagrodzenia. Na marginesie trzeba zaś zauważyć, że pomocnicze stosowanie dla ustalenia wysokości wynagrodzenia za korzystanie z cudzej rzeczy stawek wielkości „czynszu” najmu lub dzierżawy (czy rat wynagrodzenia leasingowego) nie może nas prowadzić do najmniejszego nawet zbliżenia „stosunku bezumownego korzystania z cudzej rzeczy” (nieistniejącego przecież) do stosunku najmu, dzierżawy, leasingu czy innego stosunku zobowiązaniowego (por. Edward Gniewek [w:] <xIx>System ...</xIx>, s. 513).</xText>
          <xText>Kontynuując rozważania na temat zasadności żądania pozwu, przypomnieć w tym miejscu należy, że jak stanowi zatem norma <xLexLink xArt="art. 224;art. 224 § 1" xIsapId="WDU19640160093" xTitle="Ustawa z dnia 23 kwietnia 1964 r. - Kodeks cywilny" xAddress="Dz. U. z 1964 r. Nr 16, poz. 93">art. 224 § 1 k.c.</xLexLink> samoistny posiadacz w dobrej wierze nie jest obowiązany do wynagrodzenia za korzystanie z rzeczy i nie jest odpowiedzialny ani za jej zużycie, ani za jej pogorszenie lub utratę. Nabywa własność pożytków naturalnych, które zostały od rzeczy odłączone w czasie jego posiadania, oraz zachowuje pobrane pożytki cywilne, jeżeli stały się w tym czasie wymagalne. Jednakże od chwili, w której samoistny posiadacz w dobrej wierze dowiedział się o wytoczeniu przeciwko niemu powództwa o wydanie rzeczy, jest on obowiązany do wynagrodzenia za korzystanie z rzeczy i jest odpowiedzialny za jej zużycie, pogorszenie lub utratę, chyba że pogorszenie lub utrata nastąpiła bez jego winy. Obowiązany jest zwrócić pobrane od powyższej chwili pożytki, których nie zużył, jak również uiścić wartość tych, które zużył (§ 2). Zgodnie zaś z normą <xLexLink xArt="art. 225" xIsapId="WDU19640160093" xTitle="Ustawa z dnia 23 kwietnia 1964 r. - Kodeks cywilny" xAddress="Dz. U. z 1964 r. Nr 16, poz. 93">art. 225 k.c.</xLexLink> obowiązki samoistnego posiadacza w złej wierze względem właściciela są takie same jak obowiązki samoistnego posiadacza w dobrej wierze od chwili, w której ten dowiedział się o wytoczeniu przeciwko niemu powództwa o wydanie rzeczy. Jednakże samoistny posiadacz w złej wierze obowiązany jest nadto zwrócić wartość pożytków, których z powodu złej gospodarki nie uzyskał, oraz jest odpowiedzialny za pogorszenie i utratę rzeczy, chyba że rzecz uległaby pogorszeniu lub utracie także wtedy, gdyby znajdowała się w posiadaniu uprawnionego.</xText>
          <xText>Dotyczące roszczeń uzupełniających rozważania szczegółowe wypada rozpocząć od przedstawienia sytuacji prawnej posiadacza w dobrej wierze. Należy zaś przypomnieć, że samoistny posiadacz w dobrej wierze nie jest obowiązany do wynagrodzenia za korzystanie z rzeczy i nie jest odpowiedzialny ani za jej zużycie, ani za jej pogorszenie lub utratę. Nabywa własność pożytków naturalnych, które zostały od rzeczy odłączone w czasie jego posiadania, oraz zachowuje pobrane pożytki cywilne, jeżeli stały się w tym czasie wymagalne (<xLexLink xArt="art. 224;art. 224 § 1" xIsapId="WDU19640160093" xTitle="Ustawa z dnia 23 kwietnia 1964 r. - Kodeks cywilny" xAddress="Dz. U. z 1964 r. Nr 16, poz. 93">art. 224 § 1 k.c.</xLexLink>). Według utrwalonego poglądu posiadaczem w dobrej wierze jest ten, kto władając rzeczą, pozostaje w błędnym, ale usprawiedliwionym okolicznościami przeświadczeniu, że przysługuje mu prawo do rzeczy (por. J. Ignatowicz (w:) <xIx>
    Kodeks...</xIx>, s. 602; S. Rudnicki, <xIx>
    Komentarz</xIx>..., s. 313; E. Skowrońska-Bocian (w:) <xIx>
    Kodeks...</xIx>, s. 531). Dodajmy, że w przypadku posiadania samoistnego chodzi o przeświadczenie posiadacza, że przysługuje mu prawo własności. Równocześnie trzeba zastrzec, że dobrą wiarę posiadacza wyłącza zarówno jego wiedza o przeciwnym stanie prawnym, jak też niedbalstwo (brak dołożenia należytej staranności). Należy też jednak pamiętać, że <xIx>
    de lege lata</xIx> obowiązuje uniwersalne domniemanie dobrej wiary (<xLexLink xArt="art. 7" xIsapId="WDU19640160093" xTitle="Ustawa z dnia 23 kwietnia 1964 r. - Kodeks cywilny" xAddress="Dz. U. z 1964 r. Nr 16, poz. 93">art. 7 k.c.</xLexLink>). Obalenie domniemania stanowi ciężar dowodowy właściciela rzeczy. Na tle dotychczasowych rozważań trzeba jeszcze mocno zaakcentować, że wiedza posiadacza o wytoczeniu przeciwko niemu powództwa windykacyjnego (a nawet innego powództwa – choćby o ustalenie, czy uzgodnienie treści księgi wieczystej z rzeczywistym stanem prawnym) może powodować mocniejsze skutki prawne. W określonych okolicznościach, w zależności od rodzaju twierdzeń i przedstawionych dowodów, można traktować pozwanego jako posiadacza w złej wierze, z zastosowaniem rygorystyczniejszego reżimu <xLexLink xArt="art. 225" xIsapId="WDU19640160093" xTitle="Ustawa z dnia 23 kwietnia 1964 r. - Kodeks cywilny" xAddress="Dz. U. z 1964 r. Nr 16, poz. 93">art. 225 k.c.</xLexLink> (por. T. Dybowski, <xIx>
    Ochrona...</xIx>, s. 204-205; J. Ignatowicz (w:) <xIx>
    Kodeks...</xIx>, s. 604; S. Rudnicki, <xIx>
    Komentarz...</xIx>, s. 315). Nie wyłącza wprawdzie <xIx>
    a limine</xIx> dobrej wiary posiadacza wytoczenie powództwa windykacyjnego (wiedza o procesie), należy jednak równocześnie pamiętać, że o dobrej wierze świadczy usprawiedliwione przeświadczenie o przysługującym prawie do rzeczy. Zatem stanowcze twierdzenia pozwu i przedstawione przekonujące dowody własności powoda mogą (powinny) osłabić dotychczasowe przeświadczenie pozwanego i uchylić jego dobrą wiarę. Należy jeszcze podkreślić, że jeżeli nawet na początku postępowania okoliczności faktyczne i dowody przedstawione w pozwie nie uzasadniają oceny o wyłączeniu dobrej wiary posiadacza, to może się tak zdarzyć w toku trwającego procesu, na skutek postępującego wyjaśnienia okoliczności spornych (por. J. Ignatowicz (w:) <xIx>
    Kodeks...</xIx>, s. 605) [tak Edward Gniewek komentarz do <xLexLink xArt="art. 224" xIsapId="WDU19640160093" xTitle="Ustawa z dnia 23 kwietnia 1964 r. - Kodeks cywilny" xAddress="Dz. U. z 1964 r. Nr 16, poz. 93">art. 224 k.c.</xLexLink> SIP Lex].</xText>
          <xText>Zaakcentowania w okolicznościach tej sprawy wymaga także teza wyroku Sądu Najwyższego z 28 grudnia 1979 r., sygn. akt II CR 471/79 (OSNCP 1980, z. 6, poz. 127), według której roszczenie uzupełniające właściciela podlega ocenie na podstawie <xLexLink xArt="art. 225" xIsapId="WDU19640160093" xTitle="Ustawa z dnia 23 kwietnia 1964 r. - Kodeks cywilny" xAddress="Dz. U. z 1964 r. Nr 16, poz. 93">art. 225 k.c.</xLexLink> z chwilą, gdy posiadacz powziął wiadomość o takich okolicznościach, które powinny wzbudzić w nim uzasadnione podejrzenie, że nie przysługuje mu takie prawo do władania rzeczą, jakie faktycznie wykonuje.</xText>
          <xText>Status posiadacza jest warunkiem niezbędnym dla zaktualizowania się roszczenia o wynagrodzenie za bezumowne korzystanie (por. wyrok Sądu Apelacyjnego w Warszawie z dnia 27 maja 2008 r. sygn. akt I ACa 1377/07; Apel. W-wa 2008/4/35; <xIx>OSA 2010/1/28; SIP LEX numer 470323; </xIx>wyrok Sądu Najwyższego z dnia 29 czerwca 2005 r., sygn. akt III CK 669/04; <xIx>SIP LEX numer 180889</xIx>).</xText>
          <xText>Pojęcie posiadania określa przepis <xLexLink xArt="art. 336" xIsapId="WDU19640160093" xTitle="Ustawa z dnia 23 kwietnia 1964 r. - Kodeks cywilny" xAddress="Dz. U. z 1964 r. Nr 16, poz. 93">art. 336 k.c.</xLexLink>, obejmując przy tym jego istotę i elementy. Równocześnie wskazuje rodzaje posiadania. Według ustawowej formuły posiadaczem rzeczy jest zarówno ten, kto nią faktycznie włada jak właściciel (posiadacz samoistny), jak i ten, kto nią faktycznie włada jak użytkownik, zastawnik, najemca, dzierżawca lub mający inne prawo, z którym łączy się określone władztwo nad cudzą rzeczą (posiadacz zależny). Posiadanie przedstawia się jako stan faktyczny określonego władztwa nad rzeczą. W najogólniejszym, potocznym ujęciu posiadanie kojarzy się z wykonywaniem „władztwa” nad rzeczą. Jednakże w ściślejszym, techniczno-prawnym znaczeniu, zdefiniowanym w <xLexLink xArt="art. 336" xIsapId="WDU19640160093" xTitle="Ustawa z dnia 23 kwietnia 1964 r. - Kodeks cywilny" xAddress="Dz. U. z 1964 r. Nr 16, poz. 93">art. 336 k.c.</xLexLink>, niezbędne jest władanie rzeczą „jak właściciel” lub „jak mający inne prawo do władania cudzą rzeczą”, z wykluczeniem dzierżenia „wykonywanego za kogo innego” (<xLexLink xArt="art. 338" xIsapId="WDU19640160093" xTitle="Ustawa z dnia 23 kwietnia 1964 r. - Kodeks cywilny" xAddress="Dz. U. z 1964 r. Nr 16, poz. 93">art. 338 k.c.</xLexLink>). Według panującego poglądu doktryny posiadanie występuje przy równoczesnym istnieniu fizycznego elementu władania rzeczą, określanego jako <xIx>corpus possessionis</xIx>, oraz psychicznego elementu <xIx>animus rem sibi habendi</xIx>, rozumianego jako zamiar władania rzeczą dla siebie (por. J. Ignatowicz [w:] <xIx>Kodeks cywilny. Komentarz</xIx>, t. 1, red. J. Ignatowicz, Warszawa 1972, s. 768-769; A. Kunicki [w:] <xIx>System...</xIx>, s. 830; E. Skowrońska-Bocian [w:] <xIx>Kodeks cywilny. Komentarz,</xIx> red. K. Pietrzykowski, t. I, Warszawa 1999, s. 681).</xText>
          <xText>W niniejszej sprawie powodowa Spółka udowodniła zatem wystąpienie niezbędnych przesłanek omówionych wyżej do ustalenia posiadania. Przy czym w ocenie Sądu orzekającego okoliczności tej sprawy, dowodzą że pozwany był posiadaczem spornej nieruchomości w dobrej wierze, zaś status ten utracił ostatecznie z chwilą przesądzenia przez Sąd Wieczystoksięgowy sporu w przedmiocie własności tej nieruchomości. Podkreślenia w tym miejscu wymaga okoliczność, że jeszcze w 2010 roku <xAnon>H. K.</xAnon> wspólnik spółki jawnej nie kwestionowała udziału pozwanego we współwłasności nieruchomości, utwierdzając jego usprawiedliwione przekonanie, że przysługuje mu tytuł prawny do tej nieruchomości. Oczywiście, aktualne dyskredytowanie tego dokumentu, z zarzutem przekroczenia zakresu umocowania przez pełnomocnika, jest zrozumiałe, jednakże jako niepoparte żadnymi dowodami na okoliczność, że działania pełnomocnika faktycznie woli mocodawczyni nie urzeczywistniały, musi pozostać nieskuteczne.</xText>
          <xText>Jeżeli zatem pozwany odpis wyroku z [z uzasadnieniem] otrzymał 09 czerwca 2011 r., to z tą datą utracił przymiot posiadacza w dobrej wierze, co uzasadniało liczenie od tej daty wynagrodzenia za korzystanie bez tytułu prawnego z nieruchomości powodowej spółki. Łącznie wynagrodzenie z tego tytułu za żądany okres wyniosło kwotę 37.479 zł, na co składała się należność za czerwiec 2011 r. [od chwili kiedy pozwany był posiadaczem w złej wierze] w wysokości 2.541 zł [121 zł za dzień – 3.640 ÷ 30], 32.760 [za kolejne dziewięć miesięcy] oraz kwota 2.178 zł za osiemnaście dni kwietnia 2012 r. [żądanie dotyczyło okresu do 18 kwietnia 2012 r.].</xText>
          <xText>W pozostałym zakresie roszczenie jako wygórowane i nie znajdujące podstawy w obowiązujących normach prawnych podlegało oddaleniu.</xText>
          <xText>Na marginesie można stwierdzić, że wynagrodzenie należne właścicielowi obejmuje cały okres, przez który posiadacz rzecz posiadał. Wynagrodzenie za korzystanie z cudzej rzeczy nieoparte na tytule nie dzieli się na świadczenia okresowe, lecz jest należnością jednorazową za cały okres korzystania, okresowy charakter takiego świadczenia nie wynika bowiem z ustawy ani z umowy. (zob. wyrok Sądu Najwyższego z 22 września 2005 roku, sygn. akt IV CK 105/05; Lex <xIx>numer 346083 </xIx>oraz wyrok Sądu Najwyższego z 04 lipca 2012 r., sygn. akt I CSK 669/11; <xIx>OSNC z 2013 r., nr. 3, poz. 38; Biul. SN z 2012 r., z. 9, poz. 8; Lex numer </xIx>1218540)<xIx>.</xIx></xText>
          <xText>Pierwszym dowodem wskazującym na wymagalność tego roszczenia, jest wezwanie do zapłaty z 02 maja 2012 roku doręczone pozwanemu 07 maja 2012 roku, z trzydziestodniowym terminem spełnienia świadczenia, a zatem dopiero pozwany popadał w opóźnienie od 07 czerwca 2012 roku, co od tej daty uzasadnia roszczeni odsetkowe.</xText>
          
          <xText>Z uwagi na powyższe Sąd orzekł jak w punkcie I. wyroku, dalej idące powództwo oddalając w punkcie II. wyroku.</xText>
          
          <xText>Odnosząc się zaś do zarzutów pozwanego kreujących zarzut potrącenia, to zauważyć należy, iż pozwany nie wykazał by istniała wierzytelność, której próbę potrącenia zawiera pismo przygotowawcze z 15 października 2012 r. Pozwany bowiem nie wykazał jakie, w jakiej wysokości i w jakim czasie nakłady poniósł na sporną nieruchomość, co w świetle normy <xLexLink xArt="art. 226" xIsapId="WDU19640160093" xTitle="Ustawa z dnia 23 kwietnia 1964 r. - Kodeks cywilny" xAddress="Dz. U. z 1964 r. Nr 16, poz. 93">art. 226 k.c.</xLexLink> czyni zarzut potrącenia nieudowodnionym. Żądanie zaś rozliczenia prac na rzecz spółki było nie tylko przedmiotem spraw toczących się w Sądzie Okręgowym pod sygn. akt X GC 166/11 i X GC 415/12, kanwą których była sprzedaż udziałów w spółce ale przede wszystkim ugoda (oświadczenie) między wspólnikami spółki. W tym stanie rzeczy pozwanemu nie służą dalsze z tego tytułu roszczenia, stąd oparty na tej podstawie zarzut, także pozostawał nieuzasadniony. W związku z tym, wnioski dowodowe pozwanego, poza dopuszczonymi, które dotyczyły okoliczności relewantnych z punktu widzenia rozstrzygnięcia sprawy, podlegały oddaleniu, jako zbędne i przedłużające postępowanie.</xText>
          
          <xText>Orzeczenie o kosztach zawarte w punkcie III. wyroku zapadło w oparciu o przepis <xLexLink xArt="art. 100" xIsapId="WDU19640430296" xTitle="Ustawa z dnia 17 listopada 1964 r. - Kodeks postępowania cywilnego" xAddress="Dz. U. z 1964 r. Nr 43, poz. 296">art. 100 k.p.c.</xLexLink> (<xLexLink xArt="art. 100 zd. 1" xIsapId="WDU19640430296" xTitle="Ustawa z dnia 17 listopada 1964 r. - Kodeks postępowania cywilnego" xAddress="Dz. U. z 1964 r. Nr 43, poz. 296">zdanie pierwsze</xLexLink>), zgodnie z którym w razie częściowego tylko uwzględnienia żądań koszty będą wzajemnie zniesione lub stosunkowo rozdzielone.</xText>
          <xText>Z kwoty 94.640 zł stanowiącej wartość przedmiotu sporu, jako zasadna okazała się kwota 37.479 zł, co oznacza, że powód utrzymał się przy swoim żądaniu w 92% zaś pozwany w 8%. Zgodnie z zasadą stosunkowego rozdzielnia kosztów procesu, strony powinny ponieść jego koszty w stopniu wynikającym z uwzględnienia ich żądań i przegranego procesu.</xText>
          <xText>Koszty procesu po stronie powoda wynosiły łącznie 8.349 zł, w tym opłata sądowa od pozwu w wysokości 4.732 zł oraz wynagrodzenie pełnomocnika procesowego według stawki 3.600 zł i opłata skarbowa od pełnomocnictwa w kwocie 17 zł, a po stronie pozwanego w kwocie 3.617 zł, stanowiącej koszty pełnomocnika procesowego i opłaty skarbowej. W świetle powyższego należne powodowi koszty procesu to kwota 451 zł, stanowiąca różnicę należnych powodowi kosztów w wysokości 2.838 zł (8.349 zł x 34 %) i pozwanemu 2.387 zł (3.617 zł x 66 %), o czym Sąd orzekł w punkcie III. sentencji wyroku.</xText>
        </xUnit>
      </xBlock>
    </xPart>
  </judgement>
<judgement id="154505000005127_XVII_AmC_003351_2010_Uz_2012-02-21_001">
    <xPart xEditorFullName="Beata Gonera" xYear="2010" xLang="PL" xPublisherFullName="Beata Gonera" xFromPg="1" xEditor="bgonera" xVolType="15/450500/0005127/AmC" xPublisher="bgonera" xDocType="Uz" xVolNmbr="003351" xVersion="1.0" xToPage="2" xFlag="published">
      <xName>Wyrok</xName>
      <xBlock>
        <xText>Sygn. akt XVII AmC 3351/10</xText>
        
        <xUnit xIsTitle="true" xType="part" xBold="true">
          <xName>WYROK</xName>
          <xTitle>W IMIENIU RZECZYPOSPOLITEJ POLSKIEJ</xTitle>
          <xText xALIGNx="right">  Dnia 21 lutego 2012 roku</xText>
          
          <xText>Sąd Okręgowy w Warszawie - Sąd Ochrony Konkurencji i Konsumentów</xText>
          <xText>w składzie:</xText>
          <xText>Przewodniczący: SSO Hanna Kulesza</xText>
          <xText>Protokolant: asystent sędziego Aleksandra Kaczmarczyk</xText>
          <xText>po rozpoznaniu w dniu 7 lutego 2012 r., w Warszawie na rozprawie</xText>
          <xText>sprawy z powództwa <xAnon>Stowarzyszenia (...)</xAnon> z siedzibą w <xAnon>P.</xAnon></xText>
          <xText>przeciwko <xAnon>(...)</xAnon>Towarzystwo Ubezpieczeń S.A. <xAnon>(...)</xAnon> z siedzibą w <xAnon>W.</xAnon></xText>
          <xText>o uznanie postanowienia wzorca umowy za niedozwolone</xText>
          
          <xUnit xIsTitle="false" xType="none">
            <xName xSffx=".">I</xName>
            <xText>Uznaje za niedozwolone i zakazuje <xAnon>(...)</xAnon>Towarzystwo Ubezpieczeń S.A. <xAnon>(...)</xAnon> z siedzibą w <xAnon>W.</xAnon>wykorzystywania w umowach z konsumentami postanowienia wzorca umowy o treści:</xText>
          </xUnit>
          <xText>
            <xIx>„</xIx>
            <xBx>
              <xIx>Jeżeli Ubezpieczający/Ubezpieczony zmienił siedzibę lub adres i nie zawiadomił o tym Ubezpieczyciela, pismo Ubezpieczyciela skierowane pod ostatni znany adres Ubezpieczającego/Ubezpieczonego, uważa się za doręczone i wywołujące skutki prawne od chwili, w której zostałoby doręczone, gdyby Ubezpieczający/ Ubezpieczony nie zmienił siedziby lub adresu.</xIx>
            </xBx>
            <xIx>”;</xIx>
          </xText>
          <xUnit xIsTitle="false" xType="none">
            <xName xSffx=".">II</xName>
            <xText>Obciąża pozwanego <xAnon>(...)</xAnon>Towarzystwo Ubezpieczeń S.A. <xAnon>(...)</xAnon> z siedzibą w <xAnon>W.</xAnon>, kwotą 600 zł. (sześćset złotych) tytułem wpisu stałego od pozwu, od uiszczenia której powód był zwolniony i nakazuje pobranie tej kwoty od pozwanego na rzecz Skarbu Państwa - Kasy Sądu Okręgowego w Warszawie;</xText>
          </xUnit>
          <xUnit xIsTitle="false" xType="none">
            <xName xSffx=".">III</xName>
            <xText>Zasądza od pozwanego <xAnon>(...)</xAnon>Towarzystwo Ubezpieczeń S.A. <xAnon>(...)</xAnon> z siedzibą w <xAnon>W.</xAnon>na rzecz <xAnon>Stowarzyszenia (...)</xAnon>z siedzibą w <xAnon>P.</xAnon>, kwotę 360 zł. (trzysta sześćdziesiąt złotych) tytułem kosztów zastępstwa procesowego;</xText>
          </xUnit>
          <xUnit xIsTitle="false" xType="none">
            <xName xSffx=".">IV</xName>
            <xText>Zarządza publikację prawomocnego wyroku w Monitorze Sądowym i Gospodarczym na koszt <xAnon>(...)</xAnon>Towarzystwo Ubezpieczeń S.A. <xAnon>(...)</xAnon>z siedzibą w <xAnon>W.</xAnon>.</xText>
          </xUnit>
          
          <xText xALIGNx="center"> SSO Hanna Kulesza</xText>
        </xUnit>
      </xBlock>
    </xPart>
  </judgement>
<judgement id="154500000003003_VI_ACa_001128_2011_Uz_2012-02-21_001">
    <xPart xEditorFullName="Danuta Śliwińska" xYear="2011" xLang="PL" xPublisherFullName="Danuta Śliwińska" xFromPg="1" xEditor="dsliwins" xVolType="15/450000/0003003/ACa" xPublisher="dsliwins" xDocType="Uz" xVolNmbr="001128" xVersion="1.0" xToPage="15" xFlag="published">
      <xName>Wyrok+Uzasadnienie</xName>
      <xBlock>
        <xText>
          <xBx> Sygn. akt  VI ACa 1128/11 </xBx>
        </xText>
        <xUnit xIsTitle="true" xBold="true" xType="part">
          <xName>WYROK</xName>
          <xTitle>W IMIENIU RZECZYPOSPOLITEJ POLSKIEJ</xTitle>
          <xText xALIGNx="right">
            <xBx>Dnia 21 lutego 2012 r.</xBx>
          </xText>
          
          <xText>
            <xBx>Sąd Apelacyjny w Warszawie  VI Wydział Cywilny w składzie: </xBx>
          </xText>
          
          <xText>
            <xBx>Przewodniczący – Sędzia SA– Irena Piotrowska (spr.)</xBx>
          </xText>
          <xText>
            <xBx>Sędzia SA– Teresa Mróz</xBx>
          </xText>
          <xText>
            <xBx>Sędzia SO del.– Jolanta Pyźlak</xBx>
          </xText>
          <xText>
            <xBx>Protokolant st. sekr. sąd.– Agnieszka Prokopiuk</xBx>
          </xText>
          <xText>
            <xBx>po rozpoznaniu w dniu 21 lutego 2012 r. w Warszawie</xBx>
          </xText>
          <xText>
            <xBx>na rozprawie sprawy z powództwa <xAnon>J. B.</xAnon></xBx>
          </xText>
          <xText>
            <xBx>przeciwko Skarbowi Państwa - Centralnemu Zarządowi Służby Więziennej </xBx>
          </xText>
          <xText>
            <xBx>o zadośćuczynienie</xBx>
          </xText>
          <xText>
            <xBx>na skutek apelacji powoda</xBx>
          </xText>
          <xText>
            <xBx>od wyroku Sądu Okręgowego w Warszawie</xBx>
          </xText>
          <xText>
            <xBx>z dnia 31 maja 2011 r., sygn. akt III C 597/09</xBx>
          </xText>
          <xUnit xIsTitle="false" xType="none">
            <xName xSffx=".">1</xName>
            <xText>
              <xBx>zmienia zaskarżony wyrok w punkcie pierwszym w ten sposób, że: zasądza od Skarbu Państwa Centralnego Zarządu Służby Więziennej na rzecz <xAnon>J. B.</xAnon> kwotę 2000 zł (dwa tysiące złotych), a w pozostałej części oddala powództwo; </xBx>
            </xText>
          </xUnit>
          <xUnit xIsTitle="false" xType="none">
            <xName xSffx=".">2</xName>
            <xText>
              <xBx>oddala apelację w pozostałej części; </xBx>
            </xText>
          </xUnit>
          <xUnit xIsTitle="false" xType="none">
            <xName xSffx=".">3</xName>
            <xText>
              <xBx>nie obciąża powoda obowiązkiem zwrotu na rzecz pozwanego kosztów postępowania apelacyjnego; </xBx>
            </xText>
          </xUnit>
          <xUnit xIsTitle="false" xType="none">
            <xName xSffx=".">4</xName>
            <xText>
              <xBx>przyznaje ze Skarbu Państwa Sądu Okręgowego w Warszawie na rzecz adwokata <xAnon>T. L.</xAnon> kwotę 2700 zł (dwa tysiące siedemset złotych), powiększoną o należny od niej podatek VAT tytułem kosztów nieopłaconej pomocy prawnej udzielonej powodowi z urzędu w postępowaniu apelacyjnym. </xBx>
            </xText>
          </xUnit>
          
          <xText>Sygn. akt VI ACa 1128/11</xText>
        </xUnit>
        <xUnit xIsTitle="true" xBold="true" xType="part">
          <xName>UZASADNIENIE</xName>
          <xText>Powód <xAnon>J. B.</xAnon> domagał się od pozwanego Skarbu Państwa Centralnego Zarządu Służby Więziennej w <xAnon>W.</xAnon> zasądzenia na jego rzecz kwoty 200.000,00 zł tytułem zadośćuczynienia za naruszenie dóbr osobistych, wobec przebywania w przeludnionych celach w czasie wykonywania w OZ w <xAnon>P.</xAnon> - Zakład Karny w <xAnon>Ż.</xAnon> oraz wobec niedostarczenia mu odpowiednich środków zabezpieczających w postaci rękawic jednorazowych, przy pracach porządkowych, oraz pozbawienia go możliwości warunkowego przedterminowego zwolnienia.</xText>
          <xText>Pozwany Skarb Państwa  wnosił o jego oddalenie w całości i zasądzenie kosztów procesu.</xText>
          <xText>Zaskarżonym wyrokiem Sąd Okręgowy w Warszawie oddalił powództwo i orzekł w przedmiocie kosztów procesu.</xText>
          <xText>W motywach tego rozstrzygnięcia wskazano na następujące ustalenia faktyczne i ocenę prawną.</xText>
          <xText>Powód przebywał (z przerwami )w różnych zakładach karnych począwszy od 1979 roku. W okresie od 21 czerwca 2004 roku do 27 października 2004 roku przebywał w Areszcie Śledczym <xAnon>W.</xAnon><xAnon>G.</xAnon>, od 27 października 2004 r. do 9 marca 2005 roku przebywał w Zakładzie Karnym we <xAnon>W.</xAnon>, od 9 marca 2005 roku do 10 kwietnia 2006 roku przebywał w Areszcie Śledczym <xAnon>W.</xAnon><xAnon>M.</xAnon>, od 10 kwietnia 2006 roku do 23 maja 2006 roku przebywał w Zakładzie Karnym w <xAnon>S.</xAnon>, od 23 maja 2006 roku do 6 marca 2007r. przebywał w Areszcie Śledczym <xAnon>W.</xAnon><xAnon>M.</xAnon>, do 6 marca 2007r. do 5 lipca 2007r. przebywał w Areszcie Śledczym <xAnon>W.</xAnon><xAnon>G.</xAnon>, oraz w okresie od 30 sierpnia 2008 roku do 22 września 2008 r. przebywał w Areszcie Śledczym <xAnon>W.</xAnon><xAnon>G.</xAnon>, w okresie od 22 września 2008 roku od 28 października przebywał w Zakładzie Karnym w <xAnon>K.</xAnon>, od 29 października 2008 do 5 grudnia 2008 r. przebywał w Areszcie Śledczym <xAnon>W.</xAnon><xAnon>S.</xAnon> od 5 grudnia 2009r. do 30 czerwca 2009r przebywał, w Zakładzie Karnym w <xAnon>Ż.</xAnon>, w tym na oddziale w warunkach półotwartych OZ w <xAnon>P.</xAnon><xIx>. </xIx>Powód ubiegał się o udzielenie mu warunkowego przedterminowego zwolnienia kary pozbawienia wolności. Z przyczyn merytorycznych nie uzyskał takiego zwolnienia. W czasie osadzenia w Zakładzie Karnym w <xAnon>Ż.</xAnon> powód miał wyznaczane raz na ok. 2,5 miesiąca dyżury porządkowe w celu wykonywania prac porządkowych w obrębie zakładu karnego<xIx>. </xIx>Do wykonywania tych prac były mu dostarczane rękawice gumowe. Powód był czasami zakwaterowany w celach przeludnionych, gdzie powierzchnia przypadająca na jednego osadzonego była mniejsza niż 3 m2, przeludnienie to nie miało charakteru stałego i znacznego. Administracja zakładów karnych zawiadamiała o przeludnieniu sędziego penitencjarnego<xIx>. </xIx>Powód przebywał w celach które były wyposażone w odpowiedni sprzęt kwaterunkowy oraz urządzenia sanitarne. Miał zapewnione osobne miejsce do spania, dostateczny dopływ powietrza, zapewniano odpowiednią do pory roku temperaturę oraz oświetlenie. Powodowi zapewniono bezpłatną opiekę medyczną, korzystał z kąpieli, miał dostęp do zimnej i ciepłej wody,  mógł utrzymywać kontakt z najbliższymi poprzez widzenia, korespondencję i rozmowy telefoniczne, otrzymywał posiłki o odpowiedniej wartości odżywczej, mógł też otrzymywać paczki żywnościowe i higieniczno - odzieżowe, korzystać z audycji przez radiowęzeł. W celach w których przebywał nie było wilgoci ani zagrzybienia.</xText>
          <xText>W ocenie Sądu Okręgowego roszczenie powoda jest bezzasadne i nie zasługiwało na uwzględnienie.</xText>
          <xText>Podniesiono , że powód swoje roszczenia o naruszenie dóbr osobistych, wiąże z naruszeniem jego godności osobistej, naruszeniem jego prawa do prywatności, intymności, integralności cielesnej czy też naruszeniem jego dobra w postaci zdrowia.</xText>
          <xText>Zgodnie z <xLexLink xArt="art. 23" xIsapId="WDU19640160093" xTitle="Ustawa z dnia 23 kwietnia 1964 r. - Kodeks cywilny" xAddress="Dz. U. z 1964 r. Nr 16, poz. 93">art. 23 k.c.</xLexLink> dobra osobiste człowieka, jak w szczególności zdrowie, wolność, cześć, swoboda sumienia, nazwisko lub pseudonim, wizerunek, tajemnica korespondencji, nietykalność mieszkania, twórczość naukowa, artystyczna, wynalazcza i racjonalizatorska, pozostają pod ochroną prawa cywilnego niezależnie od ochrony przewidzianej w innych przepisach.</xText>
          <xText>Wskazano, iż w myśl <xLexLink xArt="art. 24;art. 24 § 1" xIsapId="WDU19640160093" xTitle="Ustawa z dnia 23 kwietnia 1964 r. - Kodeks cywilny" xAddress="Dz. U. z 1964 r. Nr 16, poz. 93">art. 24 § 1 k.c.</xLexLink> ochrona przysługuje jedynie, przed bezprawnym naruszeniem lub zagrożeniem dobra osobistego. Nie każde więc zagrożenie lub naruszenie takiego dobra uzasadnia jego ochronę.</xText>
          <xText>W ocenie Sądu pierwszej instancji nie budzi wątpliwości, iż w okresie przebywania powoda w celach przeludnionych doszło do naruszenia jego dóbr osobistych. Uznano, że osadzenie w celach nadmiernie przeludnionych, stanowiło naruszenie godności osobistej powoda. Podkreślono, że zgodnie z treścią <xLexLink xArt="art. 30" xIsapId="WDU19970780483" xTitle="Konstytucja Rzeczypospolitej Polskiej z dnia 2 kwietnia 1997 r." xAddress="Dz. U. z 1997 r. Nr 78, poz. 483">art.30 Konstytucji Rzeczypospolitej Polskiej</xLexLink> przyrodzona i niezbywalna godność człowieka stanowi źródło wolności i praw człowieka i obywatela. Jest ona nienaruszalna, a jej poszanowanie i ochrona jest obowiązkiem władz publicznych. Ponadto przyjęto, że osadzenie powoda w tych warunkach stanowiło też dodatkowo naruszenie prawa do prywatności, intymności.</xText>
          <xText>Co do naruszenia dobra osobistego powoda w postaci zdrowia uznano, że powód w tym zakresie nie wykazał takiego naruszenia. Podniesiono , że powód nie wykazał, aby występujący u niego katar sienny, był związany z jakimkolwiek bezprawnym działaniem pozwanego. W celach w których przebywał w OZ <xAnon>P.</xAnon> nie było wilgoci ani zagrzybienia. Powód nie wykazał też aby warunki bytowe w których przebywał w innych zakładach karnych spowodowały jakikolwiek uszczerbek na jego zdrowiu.</xText>
          <xText>Stwierdzono zatem ,że nie doszło do naruszenia zdrowia powoda, gdyż nie został wykazany związek przyczynowy pomiędzy wystąpieniem u powoda schorzenia w postaci kataru siennego, a jakimikolwiek działaniami pozwanego.</xText>
          <xText>Sąd pierwszej instancji wskazał , że mimo przyjęcia, iż doszło do naruszenia jego godności osobistej powoda, prawa do prywatności, intymności, to jednak okoliczność ta nie daje to podstawy, do zasądzenia zadośćuczynienia na rzecz powoda.</xText>
          <xText>Podkreślono , że powód przebywał w zakładach karnych od 1979r. do czerwca 2009r. (z przerwami), w związku popełnionymi przez niego przestępstwami, a zatem winien on liczyć się z pewnymi ograniczeniami, dolegliwościami wynikającymi z tego faktu. Wskazano, że powód przebywając w różnych jednostkach penitencjarnych miał jednak zapewnione miejsce do spania, bezpłatną opiekę medyczną, otrzymywał również inne świadczenia zgodnie z obowiązującymi przepisami.</xText>
          <xText>Sąd Okręgowy wskazując na okoliczności, w jakich doszło do naruszenia dóbr osobistych powoda stwierdził iż roszczenie o zasądzenie zadośćuczynienia nie zasługiwało na uwzględnienie, bowiem dobra osobiste powoda nie zostały naruszone działaniami stanowiącymi indywidualnie skierowaną przeciwko powodowi represję. Warunki w jakich przebywał powód dotyczyły też innych osadzonych w zakładach karnych. Warunki te były takie, jakie w danej sytuacji administracja zakładów karnych mogła zapewnić, starając się ograniczyć izolacyjne skutki kary pozbawienia wolności. Należy nadto zwrócono uwagę iż powód przebywał w OZ w <xAnon>P.</xAnon> przez okres 10 miesięcy w warunkach zakładu półotwartego co też zdecydowanie także ograniczyło izolacyjne skutki kary pozbawienia wolności.</xText>
          <xText>Zaznaczono ,że mimo iż doszło do naruszenia dóbr osobistych powoda, to jednak naruszenia te nie przybrały takiej formy, w której można byłoby uznać, iż powód przebywał w warunkach niegodziwych, nieludzkich będących torturą. Podniesiono, że <xLexLink xArt="art. 448" xIsapId="WDU19640160093" xTitle="Ustawa z dnia 23 kwietnia 1964 r. - Kodeks cywilny" xAddress="Dz. U. z 1964 r. Nr 16, poz. 93">art. 448 k.c.</xLexLink> stanowi tylko jeden ze środków służących do usunięcia naruszenia dóbr osobistych. Wskazując na dopuszczalność kumulacji poszczególnych środków ochrony dóbr osobistych przewidzianych w <xLexLink xArt="art. 24;art. 448" xIsapId="WDU19640160093" xTitle="Ustawa z dnia 23 kwietnia 1964 r. - Kodeks cywilny" xAddress="Dz. U. z 1964 r. Nr 16, poz. 93">art. 24 i 448 k.c.</xLexLink> Sąd pierwszej instancji podniósł , że powód nie wystąpił w tej sprawie z roszczeniem niemajątkowym, domagając się jedynie roszczenia majątkowego o zasądzenie zadośćuczynienia, które w ocenie tego Sądu jest niezasadne. Uznano, że kwestie warunkowego przedterminowego zwolnienia z kary pozbawienia wolności były przedmiotem postępowania karnego przed właściwym Sądem Penitencjarnym, i jako takie zdaniem nie mogą być rozpatrywane w kategoriach naruszenia dóbr osobistych powoda.</xText>
          <xText>O kosztach postępowania orzeczono na podstawie <xLexLink xArt="art. 102" xIsapId="WDU19640430296" xTitle="Ustawa z dnia 17 listopada 1964 r. - Kodeks postępowania cywilnego" xAddress="Dz. U. z 1964 r. Nr 43, poz. 296">art. 102 k.p.c.</xLexLink></xText>
          
          <xText>Apelację od tego wyroku wniósł powód, zaskarżając go w całości i podnosząc następujące zarzuty:</xText>
          <xUnit xIsTitle="false" xType="none">
            <xName xSffx=".">1</xName>
            <xText>obrazę przepisu <xLexLink xArt="art. 233;art. 233 § 1" xIsapId="WDU19640430296" xTitle="Ustawa z dnia 17 listopada 1964 r. - Kodeks postępowania cywilnego" xAddress="Dz. U. z 1964 r. Nr 43, poz. 296">art. 233 § 1 k.p.c.</xLexLink> polegającą na naruszeniu zasady swobodnej oceny dowodów oraz ustaleniu stanu faktycznego w znacznej mierze na oświadczeniach pozwanego,</xText>
          </xUnit>
          <xUnit xIsTitle="false" xType="none">
            <xName xSffx=".">2</xName>
            <xText>obrazę przepisu <xLexLink xArt="art. 24" xIsapId="WDU19640160093" xTitle="Ustawa z dnia 23 kwietnia 1964 r. - Kodeks cywilny" xAddress="Dz. U. z 1964 r. Nr 16, poz. 93">art. 24 k.c.</xLexLink> polegającą na jego niezastosowaniu w zakresie, w jakim daje on podstawę do zasądzenia zadośćuczynienia pieniężnego w związku z naruszeniem dóbr osobistych,</xText>
          </xUnit>
          <xUnit xIsTitle="false" xType="none">
            <xName xSffx=".">3</xName>
            <xText>obrazę przepisu <xLexLink xArt="art. 448" xIsapId="WDU19640160093" xTitle="Ustawa z dnia 23 kwietnia 1964 r. - Kodeks cywilny" xAddress="Dz. U. z 1964 r. Nr 16, poz. 93">art. 448 k.c.</xLexLink> polegającą na jego niezastosowaniu, co doprowadziło do nieprzyznania powodowi odpowiedniej sumy pieniężnej tytułem zadośćuczynienia pieniężnego za doznaną krzywdę.</xText>
          </xUnit>
          <xText>Wskazując na powyższe zarzuty, wnosił o zmianę zaskarżonego wyroku i uwzględnienie powództwa w całości, ewentualnie o uchylenie zaskarżonego wyroku i przekazanie sprawy Sądowi I instancji do ponownego rozpoznania.</xText>
          
          <xText>
            <xBx> Sąd Apelacyjny ustalił i zważył , co następuje.</xBx>
          </xText>
          <xText>Apelacja powoda zasługiwała na uwzględnienie co do zasady. Wysokość dochodzonego pozwem zadośćuczynienia była zdecydowanie wygórowana.</xText>
          <xText>Sąd Apelacyjny stwierdza , że podniesione w apelacji zarzuty naruszenia prawa materialnego oraz procesowego są częściowo uzasadnione.</xText>
          <xText>Na podstawie przeprowadzonego postępowania dowodowego Sąd pierwszej instancji ustalił , że powód był osadzony w celach , w których powierzchnia przypadająca na osobę była mniejsza niż 3 m<xSUPx>2 </xSUPx>oraz , że brak zapewnienia osadzonym w jednostkach penitencjarnych minimalnych norm powierzchniowych , nie może być stanem zasługującym na aprobatę. W okolicznościach niniejszej sprawy Sąd Okręgowy uznał , że osadzenie powoda w celach nadmiernie przeludnionych , w warunkach niezapewniających mu intymności i prywatności stanowiło naruszenie jego dóbr osobistych.</xText>
          <xText>Zdaniem Sądu Apelacyjnego nie jest trafne stanowisko Sądu Okręgowego , zaprezentowane w uzasadnieniu zaskarżonego wyroku , że skoro fakt przeludnienia w jednostkach penitencjarnych nie dotyczy wyłącznie powoda oraz , że powód w chwili popełnienia przestępstwa powinien liczyć się z tym , że warunki w jednostkach penitencjarnych nie należą do komfortowych, to jego roszczenie o zrekompensowanie krzywdy poprzez zapłatę zadośćuczynienia nie zasługiwało na uwzględnienie.</xText>
          <xText>Z poczynionych w niniejszej sprawie ustaleń wynika , że warunki panujące w jednostkach penitencjarnych , w których przebywał powód naruszały jego godność osobistą.</xText>
          <xText>Obowiązek poszanowania godności osobistej jest obowiązkiem władzy publicznej (<xLexLink xArt="art. 30" xIsapId="WDU19970780483" xTitle="Konstytucja Rzeczypospolitej Polskiej z dnia 2 kwietnia 1997 r." xAddress="Dz. U. z 1997 r. Nr 78, poz. 483">art.30 Konstytucji RP</xLexLink>).Realizacja zadań przez Państwo nie może prowadzić do większego ograniczenia praw człowieka i jego godności niż to wynika z zadań ochronnych i w celu zastosowania środka represji (por. wyrok SN z 28 lutego 2007r. , V CSK 431/06 , OSNC 2008/1/13). Zapewnienie przez Państwo godziwych warunków odbywania kary pozbawienia wolności jest jednym z podstawowych wymagań demokratycznego państwa prawnego. Także normy ratyfikowanych przez Polskę przepisów prawa międzynarodowego wskazują na obowiązek traktowania osób pozbawionych wolności w sposób humanitarny i z poszanowaniem przyrodzonej godności człowieka(art.10 ust.1 Międzynarodowego Pakietu Praw Osobistych i Publicznych oraz art.3 Europejskiej Konwencji Praw Człowieka ). Potwierdzeniem tej tendencji jest stwierdzenie przez Trybunał Konstytucyjny niezgodności z <xLexLink xArt="" xIsapId="WDU19970780483" xTitle="Konstytucja Rzeczypospolitej Polskiej z dnia 2 kwietnia 1997 r." xAddress="Dz. U. z 1997 r. Nr 78, poz. 483">Konstytucją</xLexLink> wyjątkowego przepisu <xLexLink xArt="art. 248" xIsapId="WDU19970900557" xTitle="Ustawa z dnia 6 czerwca 1997 r. - Kodeks karny wykonawczy" xAddress="Dz. U. z 1997 r. Nr 90, poz. 557">art.248 k. k. w.</xLexLink> , który zezwalał , w szczególnie uzasadnionych przypadkach oraz wyłącznie na czas oznaczony i przy zachowaniu określonego w tym przepisie trybu postępowania, na możliwość ograniczenia wielkości powierzchni celi na jednego skazanego poniżej 3 m <xSUPx>2 </xSUPx>.(por. wyrok TK z 26 maja 2008r. SK 25/07 ,Dz. U. Nr 96 , poz.620).</xText>
          <xText>Zdaniem Sądu Apelacyjnego mimo wnikliwie przeprowadzonego postępowania dowodowego i trafnych ustaleń Sądu pierwszej instancji co do naruszenia godności osobistej powoda jego powództwo o zadośćuczynienie błędnie zostało oddalone w całości. Przy takich ustaleniach faktycznych powództwo to zasługiwało na uwzględnienie co do zasady. Sąd Apelacyjny zważa, ze ramy swobodnej oceny dowodów przewidziane w <xLexLink xArt="art. 233;art. 233 § 1" xIsapId="WDU19640430296" xTitle="Ustawa z dnia 17 listopada 1964 r. - Kodeks postępowania cywilnego" xAddress="Dz. U. z 1964 r. Nr 43, poz. 296">art.233§1 k.p.c.</xLexLink> muszą być zakreślone wymaganiami prawa procesowego, doświadczenia życiowego, regułami logicznego myślenia oraz pewnego poziomu świadomości prawnej , według których Sąd w sposób bezstronny , racjonalny i wszechstronny rozważa materiał dowodowy jako całość , dokonuje wyboru określonych środków dowodowych i ważąc ich moc oraz wiarygodność odnosi je do pozostałego materiału dowodowego. Ustalenia faktyczne dokonane w oparciu o tak ocenione dowody nie mogą wykazywać błędów tak faktycznych , jak i logicznych tj. błędności rozumowania i wnioskowania (por. wyrok SA w Szczecinie z 20 listopada 2007r.,III AUa 598/07). Brak konsekwencji w zakresie oceny dowodów i poczynienie na ich podstawie błędnych wniosków wskazuje , że w niniejszej sprawie doszło do obrazy <xLexLink xArt="art. 233;art. 233 § 1" xIsapId="WDU19640430296" xTitle="Ustawa z dnia 17 listopada 1964 r. - Kodeks postępowania cywilnego" xAddress="Dz. U. z 1964 r. Nr 43, poz. 296">art.233§1 k.p.c.</xLexLink></xText>
          <xText>Odnosząc się do zarzutu naruszenia <xLexLink xArt="art. 24;art. 24 § 1" xIsapId="WDU19640160093" xTitle="Ustawa z dnia 23 kwietnia 1964 r. - Kodeks cywilny" xAddress="Dz. U. z 1964 r. Nr 16, poz. 93">art.24§1 k.c.</xLexLink> w związku z <xLexLink xArt="art. 448" xIsapId="WDU19640160093" xTitle="Ustawa z dnia 23 kwietnia 1964 r. - Kodeks cywilny" xAddress="Dz. U. z 1964 r. Nr 16, poz. 93">art.448 k.c.</xLexLink> co do wysokości należnego powodowi zadośćuczynienia Sąd Apelacyjny zwraca uwagę na dorobek orzecznictwa Trybunału Praw Człowieka w Strasburgu , który wyznacza kierunek wykładni art.3 Europejskiej Konwencji Praw człowieka i Podstawowych Wolności. Motywy wyroków tego Trybunału wskazują , że przy ustaleniu , czy warunki pobytu w zakładzie przekraczają zakres dolegliwości uzasadniających stwierdzenie , że nastąpiło naruszenie art.3 Konwencji . Trybunał posługuje się kryterium tzw. kumulatywnej oceny zaistniałych warunków. Kryterium to wymaga dokonania kompleksowej oceny wszystkich aspektów warunków oraz rygorów pobytu , takich jak :powierzchnia celi , liczba osób w celi , warunki sanitarne , możliwość zapewnienia minimum prywatności, ilość czasu spędzonego poza celą , możliwość pracy , czas i częstotliwość zajęć sportowych oraz wiele innych okoliczności. Pewne braki i nieprawidłowości w zakresie niektórych warunków pobytu mogą być częściowo rekompensowane udogodnieniami w zakresie innych warunków(opieka medyczna, możliwość rekreacji),co może zmniejszać indywidualne poczucie krzywdy.</xText>
          <xText>Przenosząc te rozważanie na grunt niniejszej sprawy Sąd Apelacyjny stwierdza , że dochodzone przez powoda zadośćuczynienie w wysokości 200.000 zł jest kwotą zdecydowanie wygórowaną, która nie znajduje żadnego uzasadnienia w rozmiarze krzywdy doznanej przez powoda .</xText>
          <xText>Przy ocenie, jaka suma jest odpowiednia tytułem zadośćuczynienia za doznana krzywdę spowodowaną naruszeniem dóbr osobistych , należy mieć na uwadze rodzaj dobra, które zostało naruszone oraz charakter , stopień nasilenia i czas trwania doznawania przez osobę , której dobro zostało naruszone, ujemnych przeżyć psychicznych spowodowanych naruszeniem (krzywda). Dla oceny tej nie bez znaczenia jest stopień winy osoby naruszającej dobra osobiste. Podstawową funkcją zadośćuczynienia pieniężnego za naruszenie dóbr osobistych (<xLexLink xArt="art. 448" xIsapId="WDU19640160093" xTitle="Ustawa z dnia 23 kwietnia 1964 r. - Kodeks cywilny" xAddress="Dz. U. z 1964 r. Nr 16, poz. 93">art.448 k.c.</xLexLink>) jest funkcja kompensacyjna . Trzeba także zważyć w jakich warunkach bytowych powód przebywał w okresach kiedy pozostawał na wolności , jak przedstawia się jego aktualna sytuacja majątkowa oraz jaki jest ogólny stan zamożności społeczeństwa . Z zeznań powoda wynika , że w począwszy od 1979r. ( z krótkimi przerwami) większość czasu przebywał w więzieniu. Dodatkowo należy zważyć , że niewątpliwe niedogodności związane z pobytem w zakładzie karnym i fakt znajomości realiów więziennych nie odstraszył powoda od ponownego popełnienia przestępstw i powrotu w to samo miejsce.</xText>
          <xText>Z drugiej strony trzeba mieć na uwadze , że do podstawowych zadań Służby Więziennej należy między innymi zapewnienie osobom skazanym na karę pozbawienia wolności lub tymczasowo aresztowanym przestrzegania ich praw , a zwłaszcza humanitarnych warunków bytowych , poszanowania godności , opieki zdrowotnej i religijnej ( por. <xLexLink xArt="art. 2;art. 2 ust. 2;art. 2 ust. 2 pkt. 3" xIsapId="WDU20100790523" xTitle="Ustawa z dnia 9 kwietnia 2010 r. o Służbie Więziennej" xAddress="Dz. U. z 2010 r. Nr 79, poz. 523">art.2 ust.2 pkt.3 ustawy z dnia 9 kwietnia 2010r. o Służbie Więziennej</xLexLink> Dz. U. z 2010r. Nr 79 poz.523 ).</xText>
          
          <xText>Sąd Apelacyjny ,w niniejszym składzie, w pełni podziela stanowisko Sądu Najwyższego, zgodnie z którym umieszczenie osoby pozbawionej wolności w celi o powierzchni przypadającej na osadzonego mniejszej niż 3 m<xSUPx>2</xSUPx> może stanowić wystarczającą przesłankę stwierdzenia naruszenia jej dóbr osobistych. Odpowiedzialność Skarbu Państwa na podstawie <xLexLink xArt="art. 448" xIsapId="WDU19640160093" xTitle="Ustawa z dnia 23 kwietnia 1964 r. - Kodeks cywilny" xAddress="Dz. U. z 1964 r. Nr 16, poz. 93">art. 448 k.c.</xLexLink> za krzywdę wyrządzoną tym naruszeniem nie zależy od winy.(por. uchwała składu 7 sędziów Sądu Najwyższego z dnia 18 października 2011r. III CZP 25/11<xIx>, Biul.SN 2011/10/6)</xIx></xText>
          <xText>Należy podkreślić , że <xLexLink xArt="art. 448" xIsapId="WDU19640160093" xTitle="Ustawa z dnia 23 kwietnia 1964 r. - Kodeks cywilny" xAddress="Dz. U. z 1964 r. Nr 16, poz. 93">art. 448 k.c.</xLexLink> nie określa, kto ponosi odpowiedzialność za naruszenie dóbr osobistych i nie różnicuje jej w zależności od podmiotu odpowiedzialnego. Do roszczeń opartych na tej podstawie musi jednak znaleźć zastosowanie nadrzędna zasada konstytucyjnej odpowiedzialności władzy publicznej. Oznacza to, że jeżeli źródłem odpowiedzialności jest szkoda pozostająca w normalnym związku przyczynowym z wykonywaniem władzy publicznej, to jest ona oparta na przesłance bezprawności. Utrzymanie jako przesłanki tej odpowiedzialności także czynnika subiektywnego (winy) naruszałoby konstytucyjnie ukształtowaną zasadę odpowiedzialności państwa za działania w sferze imperium.</xText>
          <xText>Obowiązek naprawienia szkody, także wtedy, gdy została wyrządzona przez władzę publiczną, może być ograniczony w ustawie. Zakres dopuszczalnych ograniczeń wskazał Trybunał Konstytucyjny w wyroku z dnia 23 września 2003 r., K 20/02 (OTK-A 2003, nr 7, poz. 76), odnosząc je do zróżnicowania mechanizmów miarkowania odszkodowania ze względu na "powszechnie uznawane, wręcz konieczne sposoby dyferencjacji kompensacji"; do elementów takich zaliczył np. przyczynienie się poszkodowanego, rodzaj szkody i zasady słuszności. Znaczenie konkretnych czynników występujących w okolicznościach sprawy jako podstawy rozstrzygania przez sąd o żądaniach danego pozwu, Trybunał Konstytucyjny podkreślił też w wyroku z dnia 7 lutego 2005 r., SK 49/03 (OTK-A 2005, nr 2, poz. 13), w którym nie dopatrzył się niezgodności z <xLexLink xArt="" xIsapId="WDU19970780483" xTitle="Konstytucja Rzeczypospolitej Polskiej z dnia 2 kwietnia 1997 r." xAddress="Dz. U. z 1997 r. Nr 78, poz. 483">Konstytucją</xLexLink><xLexLink xArt="art. 448" xIsapId="WDU19640160093" xTitle="Ustawa z dnia 23 kwietnia 1964 r. - Kodeks cywilny" xAddress="Dz. U. z 1964 r. Nr 16, poz. 93">art. 448 k.c.</xLexLink> w części, w jakiej zawiera on zwrot "sąd może przyznać". Ograniczenia ustawowe odpowiedzialności za szkodę wyrządzoną działaniem władzy publicznej są jednak dopuszczalne tylko w odniesieniu do zakresu kompensacji, a nie co do zasady odpowiedzialności, jednoznacznie określonej w <xLexLink xArt="art. 77;art. 77 ust. 1" xIsapId="WDU19970780483" xTitle="Konstytucja Rzeczypospolitej Polskiej z dnia 2 kwietnia 1997 r." xAddress="Dz. U. z 1997 r. Nr 78, poz. 483">art. 77 ust. 1 Konstytucji</xLexLink>.</xText>
          <xText>Podniesiony w apelacji zarzut obrazy przepisu <xLexLink xArt="art. 6" xIsapId="WDU19640160093" xTitle="Ustawa z dnia 23 kwietnia 1964 r. - Kodeks cywilny" xAddress="Dz. U. z 1964 r. Nr 16, poz. 93">art. 6 k.c.</xLexLink> w związku z <xLexLink xArt="art. 24" xIsapId="WDU19640160093" xTitle="Ustawa z dnia 23 kwietnia 1964 r. - Kodeks cywilny" xAddress="Dz. U. z 1964 r. Nr 16, poz. 93">art. 24 k.c.</xLexLink> polegającej na uznaniu, że to na powodzie spoczywa ciężar udowodnienia faktu, iż warunki w jakich przebywał w zakładach karnych i innych placówkach izolacyjnych odpowiadały obowiązującym normom i nie doszło do naruszenia dóbr osobistych powoda jest bezprzedmiotowy wobec przyznania przez stronę pozwana faktu umieszczania powoda w przeludnionych celach.</xText>
          <xText>W świetle powyższego Sąd Apelacyjny uznał , że kwota 2000 zł w adekwatny sposób zrekompensuje powodowi doznaną krzywdę wynikającą z naruszenia jego dobra osobistego spowodowanego umieszczaniem go w celach o powierzchni przypadającej na osadzonego mniejszej niż 3 m <xSUPx>2 </xSUPx>,przy uwzględnieniu zakresu naruszonego dobra ,dotychczasowego trybu życia oraz aktualnej sytuacji życiowej i majątkowej powoda. Żądanie zasądzenia zadośćuczynienia ponad kwotę 2000 zł, jako zbyt wygórowane i nie znajdujące dostatecznego uzasadnienia w zgromadzonym materiale dowodowym , podlegało oddaleniu.</xText>
          <xText>Mając to wszystko na uwadze , zaskarżony wyrok Sądu Okręgowego w Warszawie nie mógł się ostać i dlatego na podstawie <xLexLink xArt="art. 386;art. 386 § 1" xIsapId="WDU19640430296" xTitle="Ustawa z dnia 17 listopada 1964 r. - Kodeks postępowania cywilnego" xAddress="Dz. U. z 1964 r. Nr 43, poz. 296">art.386§1 k. p. c</xLexLink> i <xLexLink xArt="art. 385" xIsapId="WDU19640430296" xTitle="Ustawa z dnia 17 listopada 1964 r. - Kodeks postępowania cywilnego" xAddress="Dz. U. z 1964 r. Nr 43, poz. 296">art.385 k. p. c.</xLexLink> orzeczono , jak na wstępie.</xText>
          <xText>Co do kosztów postępowania Sąd Apelacyjny uznał , że z uwagi na brak jakichkolwiek dochodów po stronie pozwanego oraz brak możliwości pracy w zakładzie karnym zachodzi szczególnie uzasadniony wypadek pozwalający na podstawie <xLexLink xArt="art. 102" xIsapId="WDU19640430296" xTitle="Ustawa z dnia 17 listopada 1964 r. - Kodeks postępowania cywilnego" xAddress="Dz. U. z 1964 r. Nr 43, poz. 296">art.102 k.p.c.</xLexLink> odstąpić od obciążania powoda tymi kosztami .  Zdaniem Sądu Apelacyjnego taka uzasadniona sytuacja ma miejsce w przedmiotowej sprawie. Powód  nie posiada jakichkolwiek dochodów, ani żadnego majątku (oświadczenie powoda o stanie rodzinnym majtku dochodach k 18- 19 akt), a zatem nie jest w stanie ponieść kosztów zastępstwa procesowego na rzecz pozwanego, w związku z czym odstąpiono od obciążania powoda kosztami postępowania na rzecz strony pozwanej, jak i też nie obciążono powoda kosztami sądowymi.</xText>
          <xText>Na podstawie rozporządzenia § 6 pkt 6 w zw. z §13ust.1pkt2 Ministra Sprawiedliwości z dnia 28 września 2002 roku w sprawie opłat za czynności adwokackie oraz ponoszenia przez Skarb Państwa kosztów nieopłaconej pomocy prawnej udzielonej z urzędu (Dz. U. 2002. Nr 163 poz.1348) orzeczono o wynagrodzeniu z tytułu kosztów nieopłaconej pomocy prawnej udzielonej powodowi z urzędu.</xText>
        </xUnit>
      </xBlock>
    </xPart>
  </judgement>
<judgement id="155000000001006_II_AKa_000338_2011_Uz_2012-02-21_001">
    <xPart xEditorFullName="Joanna Bernakiewicz" xYear="2011" xLang="PL" xPublisherFullName="Joanna Bernakiewicz" xFromPg="1" xEditor="jbernakiewicz" xVolType="15/500000/0001006/AKa" xPublisher="jbernakiewicz" xDocType="Uz" xVolNmbr="000338" xVersion="1.0" xToPage="148" xFlag="published">
      <xName>Wyrok+Uzasadnienie</xName>
      <xBlock>
        <xText> Sygn. akt II AKa 338/11</xText>
        <xUnit xIsTitle="true" xType="part" xBold="true">
          <xName> WYROK</xName>
          <xTitle> W IMIENIU RZECZYPOSPOLITEJ POLSKIEJ</xTitle>
          <xText xALIGNx="right"> Dnia 21 lutego 2012 r.</xText>
          
          <xText> Sąd Apelacyjny we Wrocławiu w II Wydziale Karnym w składzie:</xText>
          <xRows>
            <xRow>
              <xClmn xALIGNx="left" xVALIGNx="middle">
                <xText xALIGNx="right">Przewodniczący:</xText>
              </xClmn>
              <xClmn xALIGNx="left" xVALIGNx="middle">
                <xText>SSA Andrzej Kot (spr.)</xText>
              </xClmn>
            </xRow>
            <xRow>
              <xClmn xALIGNx="left" xVALIGNx="top">
                <xText xALIGNx="right">Sędziowie:</xText>
              </xClmn>
              <xClmn xALIGNx="left" xVALIGNx="middle">
                <xText>SSA Bogusław Tocicki</xText>
                <xText>SSA Cezariusz Baćkowski</xText>
              </xClmn>
            </xRow>
            <xRow>
              <xClmn xALIGNx="left" xVALIGNx="middle">
                <xText xALIGNx="right">Protokolant:</xText>
              </xClmn>
              <xClmn xALIGNx="left" xVALIGNx="middle">
                <xText>Iwona Łaptus</xText>
              </xClmn>
            </xRow>
          </xRows>
          
          <xText> przy udziale Prokuratora Prokuratury Apelacyjnej Teresy Łozińskiej - Fatygi</xText>
          <xText> po rozpoznaniu w dniu 21 lutego 2012 r.</xText>
          <xText> sprawy<xBx><xAnon>L. S.</xAnon></xBx> oskarżonego z <xLexLink xArt="art. 286;art. 286 § 1" xIsapId="WDU19970880553" xTitle="Ustawa z dnia 6 czerwca 1997 r. - Kodeks karny" xAddress="Dz. U. z 1997 r. Nr 88, poz. 553">art. 286 § 1 kk</xLexLink> w zw. z <xLexLink xArt="art. 294;art. 294 § 1" xIsapId="WDU19970880553" xTitle="Ustawa z dnia 6 czerwca 1997 r. - Kodeks karny" xAddress="Dz. U. z 1997 r. Nr 88, poz. 553">art. 294 § 1 kk</xLexLink> w zw. z <xLexLink xArt="art. 12" xIsapId="WDU19970880553" xTitle="Ustawa z dnia 6 czerwca 1997 r. - Kodeks karny" xAddress="Dz. U. z 1997 r. Nr 88, poz. 553">art. 12 kk</xLexLink>; <xLexLink xArt="art. 271;art. 271 § 3" xIsapId="WDU19970880553" xTitle="Ustawa z dnia 6 czerwca 1997 r. - Kodeks karny" xAddress="Dz. U. z 1997 r. Nr 88, poz. 553">art. 271 § 3 kk</xLexLink> i <xLexLink xArt="art. 286;art. 286 § 1" xIsapId="WDU19970880553" xTitle="Ustawa z dnia 6 czerwca 1997 r. - Kodeks karny" xAddress="Dz. U. z 1997 r. Nr 88, poz. 553">art. 286 § 1 kk</xLexLink> w zw. z <xLexLink xArt="art. 11;art. 11 § 2" xIsapId="WDU19970880553" xTitle="Ustawa z dnia 6 czerwca 1997 r. - Kodeks karny" xAddress="Dz. U. z 1997 r. Nr 88, poz. 553">art. 11 § 2 kk</xLexLink> w zw. z <xLexLink xArt="art. 12" xIsapId="WDU19970880553" xTitle="Ustawa z dnia 6 czerwca 1997 r. - Kodeks karny" xAddress="Dz. U. z 1997 r. Nr 88, poz. 553">art. 12 kk</xLexLink>; <xLexLink xArt="art. 271;art. 271 § 3" xIsapId="WDU19970880553" xTitle="Ustawa z dnia 6 czerwca 1997 r. - Kodeks karny" xAddress="Dz. U. z 1997 r. Nr 88, poz. 553">art. 271 § 3 kk</xLexLink> w zw. z <xLexLink xArt="art. 286;art. 286 § 1" xIsapId="WDU19970880553" xTitle="Ustawa z dnia 6 czerwca 1997 r. - Kodeks karny" xAddress="Dz. U. z 1997 r. Nr 88, poz. 553">art. 286 § 1 kk</xLexLink> w zw. z <xLexLink xArt="art. 294;art. 294 § 1" xIsapId="WDU19970880553" xTitle="Ustawa z dnia 6 czerwca 1997 r. - Kodeks karny" xAddress="Dz. U. z 1997 r. Nr 88, poz. 553">art. 294 § 1 kk</xLexLink> w zw. z <xLexLink xArt="art. 11;art. 11 § 2" xIsapId="WDU19970880553" xTitle="Ustawa z dnia 6 czerwca 1997 r. - Kodeks karny" xAddress="Dz. U. z 1997 r. Nr 88, poz. 553">art. 11 § 2 kk</xLexLink> w zw. z <xLexLink xArt="art. 12" xIsapId="WDU19970880553" xTitle="Ustawa z dnia 6 czerwca 1997 r. - Kodeks karny" xAddress="Dz. U. z 1997 r. Nr 88, poz. 553">art. 12 kk</xLexLink>; <xLexLink xArt="art. 299;art. 299 § 5;art. 299 § 6" xIsapId="WDU19970880553" xTitle="Ustawa z dnia 6 czerwca 1997 r. - Kodeks karny" xAddress="Dz. U. z 1997 r. Nr 88, poz. 553">art. 299 § 5 i 6 kk</xLexLink> w zw. z <xLexLink xArt="art. 299;art. 299 § 1" xIsapId="WDU19970880553" xTitle="Ustawa z dnia 6 czerwca 1997 r. - Kodeks karny" xAddress="Dz. U. z 1997 r. Nr 88, poz. 553">art. 299 § 1 kk</xLexLink> w zw. z <xLexLink xArt="art. 12" xIsapId="WDU19970880553" xTitle="Ustawa z dnia 6 czerwca 1997 r. - Kodeks karny" xAddress="Dz. U. z 1997 r. Nr 88, poz. 553">art. 12 kk</xLexLink>, <xLexLink xArt="art. 286;art. 286 § 1" xIsapId="WDU19970880553" xTitle="Ustawa z dnia 6 czerwca 1997 r. - Kodeks karny" xAddress="Dz. U. z 1997 r. Nr 88, poz. 553">art. 286 § 1 kk</xLexLink> w zw. z <xLexLink xArt="art. 294;art. 294 § 1" xIsapId="WDU19970880553" xTitle="Ustawa z dnia 6 czerwca 1997 r. - Kodeks karny" xAddress="Dz. U. z 1997 r. Nr 88, poz. 553">art. 294 § 1 kk</xLexLink> w zw. z <xLexLink xArt="art. 12" xIsapId="WDU19970880553" xTitle="Ustawa z dnia 6 czerwca 1997 r. - Kodeks karny" xAddress="Dz. U. z 1997 r. Nr 88, poz. 553">art. 12 kk</xLexLink> , <xLexLink xArt="art. 271;art. 271 § 3" xIsapId="WDU19970880553" xTitle="Ustawa z dnia 6 czerwca 1997 r. - Kodeks karny" xAddress="Dz. U. z 1997 r. Nr 88, poz. 553">art. 271 § 3 kk</xLexLink> i <xLexLink xArt="art. 286;art. 286 § 1" xIsapId="WDU19970880553" xTitle="Ustawa z dnia 6 czerwca 1997 r. - Kodeks karny" xAddress="Dz. U. z 1997 r. Nr 88, poz. 553">art. 286 § 1 kk</xLexLink> w zw. z <xLexLink xArt="art. 11;art. 11 § 2" xIsapId="WDU19970880553" xTitle="Ustawa z dnia 6 czerwca 1997 r. - Kodeks karny" xAddress="Dz. U. z 1997 r. Nr 88, poz. 553">art. 11 § 2 kk</xLexLink> w zw. z <xLexLink xArt="art. 12" xIsapId="WDU19970880553" xTitle="Ustawa z dnia 6 czerwca 1997 r. - Kodeks karny" xAddress="Dz. U. z 1997 r. Nr 88, poz. 553">art. 12 kk</xLexLink> , <xLexLink xArt="art. 286;art. 286 § 1" xIsapId="WDU19970880553" xTitle="Ustawa z dnia 6 czerwca 1997 r. - Kodeks karny" xAddress="Dz. U. z 1997 r. Nr 88, poz. 553">art. 286 § 1 kk</xLexLink> w zw. z <xLexLink xArt="art. 294;art. 294 § 1" xIsapId="WDU19970880553" xTitle="Ustawa z dnia 6 czerwca 1997 r. - Kodeks karny" xAddress="Dz. U. z 1997 r. Nr 88, poz. 553">art. 294 § 1 kk</xLexLink>; <xLexLink xArt="art. 296;art. 296 § 2;art. 296 § 3" xIsapId="WDU19970880553" xTitle="Ustawa z dnia 6 czerwca 1997 r. - Kodeks karny" xAddress="Dz. U. z 1997 r. Nr 88, poz. 553">art. 296 § 2 i 3 kk</xLexLink> w zw. z <xLexLink xArt="art. 296;art. 296 § 2" xIsapId="WDU19970880553" xTitle="Ustawa z dnia 6 czerwca 1997 r. - Kodeks karny" xAddress="Dz. U. z 1997 r. Nr 88, poz. 553">art. 296 § 2 kk</xLexLink> i <xLexLink xArt="art. 273" xIsapId="WDU19970880553" xTitle="Ustawa z dnia 6 czerwca 1997 r. - Kodeks karny" xAddress="Dz. U. z 1997 r. Nr 88, poz. 553">art. 273 kk</xLexLink> w zw. z <xLexLink xArt="art. 286;art. 286 § 1" xIsapId="WDU19970880553" xTitle="Ustawa z dnia 6 czerwca 1997 r. - Kodeks karny" xAddress="Dz. U. z 1997 r. Nr 88, poz. 553">art. 286 § 1 kk</xLexLink> w zw. z <xLexLink xArt="art. 294;art. 294 § 1" xIsapId="WDU19970880553" xTitle="Ustawa z dnia 6 czerwca 1997 r. - Kodeks karny" xAddress="Dz. U. z 1997 r. Nr 88, poz. 553">art. 294 § 1 kk</xLexLink> w zw. z <xLexLink xArt="art. 11;art. 11 § 2" xIsapId="WDU19970880553" xTitle="Ustawa z dnia 6 czerwca 1997 r. - Kodeks karny" xAddress="Dz. U. z 1997 r. Nr 88, poz. 553">art. 11 § 2 kk</xLexLink> w zw. z <xLexLink xArt="art. 12" xIsapId="WDU19970880553" xTitle="Ustawa z dnia 6 czerwca 1997 r. - Kodeks karny" xAddress="Dz. U. z 1997 r. Nr 88, poz. 553">art. 12 kk</xLexLink>; <xLexLink xArt="art. 13;art. 13 § 1" xIsapId="WDU19970880553" xTitle="Ustawa z dnia 6 czerwca 1997 r. - Kodeks karny" xAddress="Dz. U. z 1997 r. Nr 88, poz. 553">art. 13 § 1 kk</xLexLink> w zw. z <xLexLink xArt="art. 286;art. 286 § 1" xIsapId="WDU19970880553" xTitle="Ustawa z dnia 6 czerwca 1997 r. - Kodeks karny" xAddress="Dz. U. z 1997 r. Nr 88, poz. 553">art. 286 § 1 kk</xLexLink> w zw. z <xLexLink xArt="art. 294;art. 294 § 1" xIsapId="WDU19970880553" xTitle="Ustawa z dnia 6 czerwca 1997 r. - Kodeks karny" xAddress="Dz. U. z 1997 r. Nr 88, poz. 553">art. 294 § 1 kk</xLexLink>; <xLexLink xArt="art. 299;art. 299 § 1" xIsapId="WDU19970880553" xTitle="Ustawa z dnia 6 czerwca 1997 r. - Kodeks karny" xAddress="Dz. U. z 1997 r. Nr 88, poz. 553">art. 299 § 1 kk</xLexLink> w zw. z <xLexLink xArt="art. 299;art. 299 § 5;art. 299 § 6" xIsapId="WDU19970880553" xTitle="Ustawa z dnia 6 czerwca 1997 r. - Kodeks karny" xAddress="Dz. U. z 1997 r. Nr 88, poz. 553">art. 299 § 5 i § 6 kk</xLexLink>; <xLexLink xArt="art. 299;art. 299 § 1" xIsapId="WDU19970880553" xTitle="Ustawa z dnia 6 czerwca 1997 r. - Kodeks karny" xAddress="Dz. U. z 1997 r. Nr 88, poz. 553">art. 299 § 1 kk</xLexLink> w zw. z <xLexLink xArt="art. 299;art. 299 § 5" xIsapId="WDU19970880553" xTitle="Ustawa z dnia 6 czerwca 1997 r. - Kodeks karny" xAddress="Dz. U. z 1997 r. Nr 88, poz. 553">art. 299 § 5 kk</xLexLink>; <xLexLink xArt="art. 18;art. 18 § 3" xIsapId="WDU19970880553" xTitle="Ustawa z dnia 6 czerwca 1997 r. - Kodeks karny" xAddress="Dz. U. z 1997 r. Nr 88, poz. 553">art. 18 § 3 kk</xLexLink> w zw. z <xLexLink xArt="art. 286;art. 286 § 1" xIsapId="WDU19970880553" xTitle="Ustawa z dnia 6 czerwca 1997 r. - Kodeks karny" xAddress="Dz. U. z 1997 r. Nr 88, poz. 553">art. 286 § 1 kk</xLexLink> w zw. z <xLexLink xArt="art. 294;art. 294 § 1" xIsapId="WDU19970880553" xTitle="Ustawa z dnia 6 czerwca 1997 r. - Kodeks karny" xAddress="Dz. U. z 1997 r. Nr 88, poz. 553">art. 294 § 1 kk</xLexLink> i <xLexLink xArt="art. 270;art. 270 § 1" xIsapId="WDU19970880553" xTitle="Ustawa z dnia 6 czerwca 1997 r. - Kodeks karny" xAddress="Dz. U. z 1997 r. Nr 88, poz. 553">art. 270 § 1 kk</xLexLink> i <xLexLink xArt="art. 272" xIsapId="WDU19970880553" xTitle="Ustawa z dnia 6 czerwca 1997 r. - Kodeks karny" xAddress="Dz. U. z 1997 r. Nr 88, poz. 553">art. 272 kk</xLexLink> w zw. z <xLexLink xArt="art. 11;art. 11 § 2" xIsapId="WDU19970880553" xTitle="Ustawa z dnia 6 czerwca 1997 r. - Kodeks karny" xAddress="Dz. U. z 1997 r. Nr 88, poz. 553">art. 11 § 2 kk</xLexLink> w zw. z <xLexLink xArt="art. 12" xIsapId="WDU19970880553" xTitle="Ustawa z dnia 6 czerwca 1997 r. - Kodeks karny" xAddress="Dz. U. z 1997 r. Nr 88, poz. 553">art. 12 kk</xLexLink>;</xText>
          <xText><xBx><xAnon>J. G. (1)</xAnon></xBx> oskarżonego z <xLexLink xArt="art. 271;art. 271 § 3" xIsapId="WDU19970880553" xTitle="Ustawa z dnia 6 czerwca 1997 r. - Kodeks karny" xAddress="Dz. U. z 1997 r. Nr 88, poz. 553">art. 271 § 3 kk</xLexLink> i <xLexLink xArt="art. 286;art. 286 § 1" xIsapId="WDU19970880553" xTitle="Ustawa z dnia 6 czerwca 1997 r. - Kodeks karny" xAddress="Dz. U. z 1997 r. Nr 88, poz. 553">art. 286 § 1 kk</xLexLink> w zw. z <xLexLink xArt="art. 294;art. 294 § 1" xIsapId="WDU19970880553" xTitle="Ustawa z dnia 6 czerwca 1997 r. - Kodeks karny" xAddress="Dz. U. z 1997 r. Nr 88, poz. 553">art. 294 § 1 kk</xLexLink> w zw. z <xLexLink xArt="art. 11;art. 11 § 2" xIsapId="WDU19970880553" xTitle="Ustawa z dnia 6 czerwca 1997 r. - Kodeks karny" xAddress="Dz. U. z 1997 r. Nr 88, poz. 553">art. 11 § 2 kk</xLexLink> w zw. z <xLexLink xArt="art. 12" xIsapId="WDU19970880553" xTitle="Ustawa z dnia 6 czerwca 1997 r. - Kodeks karny" xAddress="Dz. U. z 1997 r. Nr 88, poz. 553">art. 12 kk</xLexLink> , <xLexLink xArt="art. 286;art. 286 § 1" xIsapId="WDU19970880553" xTitle="Ustawa z dnia 6 czerwca 1997 r. - Kodeks karny" xAddress="Dz. U. z 1997 r. Nr 88, poz. 553">art. 286 § 1 kk</xLexLink> w zw. z <xLexLink xArt="art. 294;art. 294 § 1" xIsapId="WDU19970880553" xTitle="Ustawa z dnia 6 czerwca 1997 r. - Kodeks karny" xAddress="Dz. U. z 1997 r. Nr 88, poz. 553">art. 294 § 1 kk</xLexLink>; <xLexLink xArt="art. 258;art. 258 § 1" xIsapId="WDU19970880553" xTitle="Ustawa z dnia 6 czerwca 1997 r. - Kodeks karny" xAddress="Dz. U. z 1997 r. Nr 88, poz. 553">art. 258 § 1 kk</xLexLink>; <xLexLink xArt="art. 273" xIsapId="WDU19970880553" xTitle="Ustawa z dnia 6 czerwca 1997 r. - Kodeks karny" xAddress="Dz. U. z 1997 r. Nr 88, poz. 553">art. 273 kk</xLexLink> i <xLexLink xArt="art. 286;art. 286 § 1" xIsapId="WDU19970880553" xTitle="Ustawa z dnia 6 czerwca 1997 r. - Kodeks karny" xAddress="Dz. U. z 1997 r. Nr 88, poz. 553">art. 286 § 1 kk</xLexLink> w zw. z <xLexLink xArt="art. 294;art. 294 § 1" xIsapId="WDU19970880553" xTitle="Ustawa z dnia 6 czerwca 1997 r. - Kodeks karny" xAddress="Dz. U. z 1997 r. Nr 88, poz. 553">art. 294 § 1 kk</xLexLink> w zw. z <xLexLink xArt="art. 11;art. 11 § 2" xIsapId="WDU19970880553" xTitle="Ustawa z dnia 6 czerwca 1997 r. - Kodeks karny" xAddress="Dz. U. z 1997 r. Nr 88, poz. 553">art. 11 § 2 kk</xLexLink> w zw. z <xLexLink xArt="art. 12" xIsapId="WDU19970880553" xTitle="Ustawa z dnia 6 czerwca 1997 r. - Kodeks karny" xAddress="Dz. U. z 1997 r. Nr 88, poz. 553">art. 12 kk</xLexLink>; <xLexLink xArt="art. 286;art. 286 § 1" xIsapId="WDU19970880553" xTitle="Ustawa z dnia 6 czerwca 1997 r. - Kodeks karny" xAddress="Dz. U. z 1997 r. Nr 88, poz. 553">art. 286 § 1 kk</xLexLink> w zw. z <xLexLink xArt="art. 294;art. 294 § 1" xIsapId="WDU19970880553" xTitle="Ustawa z dnia 6 czerwca 1997 r. - Kodeks karny" xAddress="Dz. U. z 1997 r. Nr 88, poz. 553">art. 294 § 1 kk</xLexLink> i <xLexLink xArt="art. 270;art. 270 § 1" xIsapId="WDU19970880553" xTitle="Ustawa z dnia 6 czerwca 1997 r. - Kodeks karny" xAddress="Dz. U. z 1997 r. Nr 88, poz. 553">art. 270 § 1 kk</xLexLink> i <xLexLink xArt="art. 272" xIsapId="WDU19970880553" xTitle="Ustawa z dnia 6 czerwca 1997 r. - Kodeks karny" xAddress="Dz. U. z 1997 r. Nr 88, poz. 553">art. 272 kk</xLexLink> w zw. z <xLexLink xArt="art. 11;art. 11 § 2" xIsapId="WDU19970880553" xTitle="Ustawa z dnia 6 czerwca 1997 r. - Kodeks karny" xAddress="Dz. U. z 1997 r. Nr 88, poz. 553">art. 11 § 2 kk</xLexLink> w zw. z <xLexLink xArt="art. 12" xIsapId="WDU19970880553" xTitle="Ustawa z dnia 6 czerwca 1997 r. - Kodeks karny" xAddress="Dz. U. z 1997 r. Nr 88, poz. 553">art. 12 kk</xLexLink>;</xText>
          <xText><xBx><xAnon>R. P.</xAnon></xBx> oskarżonego z <xLexLink xArt="art. 271;art. 271 § 3" xIsapId="WDU19970880553" xTitle="Ustawa z dnia 6 czerwca 1997 r. - Kodeks karny" xAddress="Dz. U. z 1997 r. Nr 88, poz. 553">art. 271 § 3 kk</xLexLink> i <xLexLink xArt="art. 286;art. 286 § 1" xIsapId="WDU19970880553" xTitle="Ustawa z dnia 6 czerwca 1997 r. - Kodeks karny" xAddress="Dz. U. z 1997 r. Nr 88, poz. 553">art. 286 § 1 kk</xLexLink> w zw. z <xLexLink xArt="art. 294;art. 294 § 1" xIsapId="WDU19970880553" xTitle="Ustawa z dnia 6 czerwca 1997 r. - Kodeks karny" xAddress="Dz. U. z 1997 r. Nr 88, poz. 553">art. 294 § 1 kk</xLexLink> w zw. z <xLexLink xArt="art. 11;art. 11 § 2" xIsapId="WDU19970880553" xTitle="Ustawa z dnia 6 czerwca 1997 r. - Kodeks karny" xAddress="Dz. U. z 1997 r. Nr 88, poz. 553">art. 11 § 2 kk</xLexLink> w zw. z <xLexLink xArt="art. 12" xIsapId="WDU19970880553" xTitle="Ustawa z dnia 6 czerwca 1997 r. - Kodeks karny" xAddress="Dz. U. z 1997 r. Nr 88, poz. 553">art. 12 kk</xLexLink> , <xLexLink xArt="art. 286;art. 286 § 1" xIsapId="WDU19970880553" xTitle="Ustawa z dnia 6 czerwca 1997 r. - Kodeks karny" xAddress="Dz. U. z 1997 r. Nr 88, poz. 553">art. 286 § 1 kk</xLexLink> w zw. z <xLexLink xArt="art. 294;art. 294 § 1" xIsapId="WDU19970880553" xTitle="Ustawa z dnia 6 czerwca 1997 r. - Kodeks karny" xAddress="Dz. U. z 1997 r. Nr 88, poz. 553">art. 294 § 1 kk</xLexLink> w zw. z <xLexLink xArt="art. 12" xIsapId="WDU19970880553" xTitle="Ustawa z dnia 6 czerwca 1997 r. - Kodeks karny" xAddress="Dz. U. z 1997 r. Nr 88, poz. 553">art. 12 kk</xLexLink>;</xText>
          <xText><xBx><xAnon>Z. G.</xAnon></xBx> oskarżonego z <xLexLink xArt="art. 286;art. 286 § 1" xIsapId="WDU19970880553" xTitle="Ustawa z dnia 6 czerwca 1997 r. - Kodeks karny" xAddress="Dz. U. z 1997 r. Nr 88, poz. 553">art. 286 § 1 kk</xLexLink> w zw. z <xLexLink xArt="art. 294;art. 294 § 1" xIsapId="WDU19970880553" xTitle="Ustawa z dnia 6 czerwca 1997 r. - Kodeks karny" xAddress="Dz. U. z 1997 r. Nr 88, poz. 553">art. 294 § 1 kk</xLexLink> w zw. z <xLexLink xArt="art. 12" xIsapId="WDU19970880553" xTitle="Ustawa z dnia 6 czerwca 1997 r. - Kodeks karny" xAddress="Dz. U. z 1997 r. Nr 88, poz. 553">art. 12 kk</xLexLink> , <xLexLink xArt="art. 284;art. 284 § 1" xIsapId="WDU19970880553" xTitle="Ustawa z dnia 6 czerwca 1997 r. - Kodeks karny" xAddress="Dz. U. z 1997 r. Nr 88, poz. 553">art. 284 § 1 kk</xLexLink> w zw. z <xLexLink xArt="art. 294;art. 294 § 1" xIsapId="WDU19970880553" xTitle="Ustawa z dnia 6 czerwca 1997 r. - Kodeks karny" xAddress="Dz. U. z 1997 r. Nr 88, poz. 553">art. 294 § 1 kk</xLexLink> w zw. z <xLexLink xArt="art. 12" xIsapId="WDU19970880553" xTitle="Ustawa z dnia 6 czerwca 1997 r. - Kodeks karny" xAddress="Dz. U. z 1997 r. Nr 88, poz. 553">art. 12 kk</xLexLink>; <xLexLink xArt="art. 299;art. 299 § 5;art. 299 § 6" xIsapId="WDU19970880553" xTitle="Ustawa z dnia 6 czerwca 1997 r. - Kodeks karny" xAddress="Dz. U. z 1997 r. Nr 88, poz. 553">art. 299 § 5 i § 6 kk</xLexLink> w zw. z <xLexLink xArt="art. 299;art. 299 § 1" xIsapId="WDU19970880553" xTitle="Ustawa z dnia 6 czerwca 1997 r. - Kodeks karny" xAddress="Dz. U. z 1997 r. Nr 88, poz. 553">art. 299 § 1 kk</xLexLink> w zw. z <xLexLink xArt="art. 12" xIsapId="WDU19970880553" xTitle="Ustawa z dnia 6 czerwca 1997 r. - Kodeks karny" xAddress="Dz. U. z 1997 r. Nr 88, poz. 553">art. 12 kk</xLexLink>; <xLexLink xArt="art. 300;art. 300 § 1;art. 300 § 3" xIsapId="WDU19970880553" xTitle="Ustawa z dnia 6 czerwca 1997 r. - Kodeks karny" xAddress="Dz. U. z 1997 r. Nr 88, poz. 553">art. 300 § 1 i § 3 kk</xLexLink> w zw. z <xLexLink xArt="art. 12" xIsapId="WDU19970880553" xTitle="Ustawa z dnia 6 czerwca 1997 r. - Kodeks karny" xAddress="Dz. U. z 1997 r. Nr 88, poz. 553">art. 12 kk</xLexLink>; <xLexLink xArt="art. 296;art. 296 § 1;art. 296 § 2;art. 296 § 3" xIsapId="WDU19970880553" xTitle="Ustawa z dnia 6 czerwca 1997 r. - Kodeks karny" xAddress="Dz. U. z 1997 r. Nr 88, poz. 553">art. 296 § 1 i § 2 i 3 kk</xLexLink> w zw. z <xLexLink xArt="art. 12" xIsapId="WDU19970880553" xTitle="Ustawa z dnia 6 czerwca 1997 r. - Kodeks karny" xAddress="Dz. U. z 1997 r. Nr 88, poz. 553">art. 12 kk</xLexLink>; <xLexLink xArt="art. 296;art. 296 § 1;art. 296 § 2;art. 296 § 3" xIsapId="WDU19970880553" xTitle="Ustawa z dnia 6 czerwca 1997 r. - Kodeks karny" xAddress="Dz. U. z 1997 r. Nr 88, poz. 553">art. 296 § 1, 2 i 3 kk</xLexLink> i <xLexLink xArt="art. 300;art. 300 § 1;art. 300 § 3" xIsapId="WDU19970880553" xTitle="Ustawa z dnia 6 czerwca 1997 r. - Kodeks karny" xAddress="Dz. U. z 1997 r. Nr 88, poz. 553">art. 300 § 1 i § 3 kk</xLexLink> w zw. z <xLexLink xArt="art. 11;art. 11 § 2" xIsapId="WDU19970880553" xTitle="Ustawa z dnia 6 czerwca 1997 r. - Kodeks karny" xAddress="Dz. U. z 1997 r. Nr 88, poz. 553">art. 11 § 2 kk</xLexLink> w zw. z <xLexLink xArt="art. 12" xIsapId="WDU19970880553" xTitle="Ustawa z dnia 6 czerwca 1997 r. - Kodeks karny" xAddress="Dz. U. z 1997 r. Nr 88, poz. 553">art. 12 kk</xLexLink>; <xLexLink xArt="art. 61;art. 61 § 1" xIsapId="WDU19990830930" xTitle="Ustawa z dnia 10 września 1999 r. - Kodeks karny skarbowy" xAddress="Dz. U. z 1999 r. Nr 83, poz. 930">art. 61 § 1 kks</xLexLink>; <xLexLink xArt="art. 296;art. 296 § 1;art. 296 § 2;art. 296 § 3" xIsapId="WDU19970880553" xTitle="Ustawa z dnia 6 czerwca 1997 r. - Kodeks karny" xAddress="Dz. U. z 1997 r. Nr 88, poz. 553">art. 296 § 1, 2 i 3 kk</xLexLink> i <xLexLink xArt="art. 300;art. 300 § 1;art. 300 § 3" xIsapId="WDU19970880553" xTitle="Ustawa z dnia 6 czerwca 1997 r. - Kodeks karny" xAddress="Dz. U. z 1997 r. Nr 88, poz. 553">art. 300 § 1 i 3 kk</xLexLink> w zw. z <xLexLink xArt="art. 11;art. 11 § 2" xIsapId="WDU19970880553" xTitle="Ustawa z dnia 6 czerwca 1997 r. - Kodeks karny" xAddress="Dz. U. z 1997 r. Nr 88, poz. 553">art. 11 § 2 kk</xLexLink> w zw. z <xLexLink xArt="art. 123" xIsapId="WDU19970880553" xTitle="Ustawa z dnia 6 czerwca 1997 r. - Kodeks karny" xAddress="Dz. U. z 1997 r. Nr 88, poz. 553">art. 123 kk</xLexLink>;</xText>
          <xText><xBx><xAnon>H. M. (1)</xAnon></xBx> oskarżonego z <xLexLink xArt="art. 299;art. 299 § 5;art. 299 § 6" xIsapId="WDU19970880553" xTitle="Ustawa z dnia 6 czerwca 1997 r. - Kodeks karny" xAddress="Dz. U. z 1997 r. Nr 88, poz. 553">art. 299 § 5 i 6 kk</xLexLink> w zw. z <xLexLink xArt="art. 299;art. 299 § 1" xIsapId="WDU19970880553" xTitle="Ustawa z dnia 6 czerwca 1997 r. - Kodeks karny" xAddress="Dz. U. z 1997 r. Nr 88, poz. 553">art. 299 § 1 kk</xLexLink> w zw. z <xLexLink xArt="art. 12" xIsapId="WDU19970880553" xTitle="Ustawa z dnia 6 czerwca 1997 r. - Kodeks karny" xAddress="Dz. U. z 1997 r. Nr 88, poz. 553">art. 12 kk</xLexLink>; <xLexLink xArt="art. 299;art. 299 § 5;art. 299 § 6" xIsapId="WDU19970880553" xTitle="Ustawa z dnia 6 czerwca 1997 r. - Kodeks karny" xAddress="Dz. U. z 1997 r. Nr 88, poz. 553">art. 299 § 5 i 6 kk</xLexLink> w zw. z <xLexLink xArt="art. 299;art. 299 § 1" xIsapId="WDU19970880553" xTitle="Ustawa z dnia 6 czerwca 1997 r. - Kodeks karny" xAddress="Dz. U. z 1997 r. Nr 88, poz. 553">art. 299 § 1 kk</xLexLink> w zw. z <xLexLink xArt="art. 12" xIsapId="WDU19970880553" xTitle="Ustawa z dnia 6 czerwca 1997 r. - Kodeks karny" xAddress="Dz. U. z 1997 r. Nr 88, poz. 553">art. 12 kk</xLexLink>; <xLexLink xArt="art. 18;art. 18 § 3" xIsapId="WDU19970880553" xTitle="Ustawa z dnia 6 czerwca 1997 r. - Kodeks karny" xAddress="Dz. U. z 1997 r. Nr 88, poz. 553">art. 18 § 3 kk</xLexLink> w zw. z <xLexLink xArt="art. 300;art. 300 § 1;art. 300 § 3" xIsapId="WDU19970880553" xTitle="Ustawa z dnia 6 czerwca 1997 r. - Kodeks karny" xAddress="Dz. U. z 1997 r. Nr 88, poz. 553">art. 300 § 1 i 3 kk</xLexLink> w zw. z <xLexLink xArt="art. 12" xIsapId="WDU19970880553" xTitle="Ustawa z dnia 6 czerwca 1997 r. - Kodeks karny" xAddress="Dz. U. z 1997 r. Nr 88, poz. 553">art. 12 kk</xLexLink>;</xText>
          <xText><xBx><xAnon>K. B.</xAnon></xBx> oskarżonego z <xLexLink xArt="art. 271;art. 271 § 3" xIsapId="WDU19970880553" xTitle="Ustawa z dnia 6 czerwca 1997 r. - Kodeks karny" xAddress="Dz. U. z 1997 r. Nr 88, poz. 553">art. 271 § 3 kk</xLexLink> i <xLexLink xArt="art. 286;art. 286 § 1" xIsapId="WDU19970880553" xTitle="Ustawa z dnia 6 czerwca 1997 r. - Kodeks karny" xAddress="Dz. U. z 1997 r. Nr 88, poz. 553">art. 286 § 1 kk</xLexLink> w zw. z <xLexLink xArt="art. 294;art. 294 § 1" xIsapId="WDU19970880553" xTitle="Ustawa z dnia 6 czerwca 1997 r. - Kodeks karny" xAddress="Dz. U. z 1997 r. Nr 88, poz. 553">art. 294 § 1 kk</xLexLink> w zw. z <xLexLink xArt="art. 11;art. 11 § 2" xIsapId="WDU19970880553" xTitle="Ustawa z dnia 6 czerwca 1997 r. - Kodeks karny" xAddress="Dz. U. z 1997 r. Nr 88, poz. 553">art. 11 § 2 kk</xLexLink> w zw. z <xLexLink xArt="art. 12" xIsapId="WDU19970880553" xTitle="Ustawa z dnia 6 czerwca 1997 r. - Kodeks karny" xAddress="Dz. U. z 1997 r. Nr 88, poz. 553">art. 12 kk</xLexLink> , <xLexLink xArt="art. 284;art. 284 § 1" xIsapId="WDU19970880553" xTitle="Ustawa z dnia 6 czerwca 1997 r. - Kodeks karny" xAddress="Dz. U. z 1997 r. Nr 88, poz. 553">art. 284 § 1 kk</xLexLink> w zw. z <xLexLink xArt="art. 294;art. 294 § 1" xIsapId="WDU19970880553" xTitle="Ustawa z dnia 6 czerwca 1997 r. - Kodeks karny" xAddress="Dz. U. z 1997 r. Nr 88, poz. 553">art. 294 § 1 kk</xLexLink> w zw. z <xLexLink xArt="art. 12" xIsapId="WDU19970880553" xTitle="Ustawa z dnia 6 czerwca 1997 r. - Kodeks karny" xAddress="Dz. U. z 1997 r. Nr 88, poz. 553">art. 12 kk</xLexLink>; <xLexLink xArt="art. 61;art. 61 § 1" xIsapId="WDU19990830930" xTitle="Ustawa z dnia 10 września 1999 r. - Kodeks karny skarbowy" xAddress="Dz. U. z 1999 r. Nr 83, poz. 930">art. 61 § 1 kks</xLexLink>;</xText>
          <xText><xBx><xAnon>J. T.</xAnon></xBx> oskarżonej z <xLexLink xArt="art. 299;art. 299 § 5;art. 299 § 6" xIsapId="WDU19970880553" xTitle="Ustawa z dnia 6 czerwca 1997 r. - Kodeks karny" xAddress="Dz. U. z 1997 r. Nr 88, poz. 553">art. 299 § 5 i 6 kk</xLexLink> w zw. z <xLexLink xArt="art. 299;art. 299 § 1" xIsapId="WDU19970880553" xTitle="Ustawa z dnia 6 czerwca 1997 r. - Kodeks karny" xAddress="Dz. U. z 1997 r. Nr 88, poz. 553">art. 299 § 1 kk</xLexLink> w zw. z <xLexLink xArt="art. 12" xIsapId="WDU19970880553" xTitle="Ustawa z dnia 6 czerwca 1997 r. - Kodeks karny" xAddress="Dz. U. z 1997 r. Nr 88, poz. 553">art. 12 kk</xLexLink>;</xText>
          <xText><xBx><xAnon>J. J. (1)</xAnon></xBx> oskarżonego z <xLexLink xArt="art. 271;art. 271 § 3" xIsapId="WDU19970880553" xTitle="Ustawa z dnia 6 czerwca 1997 r. - Kodeks karny" xAddress="Dz. U. z 1997 r. Nr 88, poz. 553">art. 271 § 3 kk</xLexLink> i <xLexLink xArt="art. 286;art. 286 § 1" xIsapId="WDU19970880553" xTitle="Ustawa z dnia 6 czerwca 1997 r. - Kodeks karny" xAddress="Dz. U. z 1997 r. Nr 88, poz. 553">art. 286 § 1 kk</xLexLink> w zw. z <xLexLink xArt="art. 294;art. 294 § 1" xIsapId="WDU19970880553" xTitle="Ustawa z dnia 6 czerwca 1997 r. - Kodeks karny" xAddress="Dz. U. z 1997 r. Nr 88, poz. 553">art.294 § 1 kk</xLexLink> w zw. z <xLexLink xArt="art. 11;art. 11 § 2" xIsapId="WDU19970880553" xTitle="Ustawa z dnia 6 czerwca 1997 r. - Kodeks karny" xAddress="Dz. U. z 1997 r. Nr 88, poz. 553">art. 11 § 2 kk</xLexLink> w zw. z <xLexLink xArt="art. 12" xIsapId="WDU19970880553" xTitle="Ustawa z dnia 6 czerwca 1997 r. - Kodeks karny" xAddress="Dz. U. z 1997 r. Nr 88, poz. 553">art. 12 kk</xLexLink> , <xLexLink xArt="art. 13;art. 13 § 1" xIsapId="WDU19970880553" xTitle="Ustawa z dnia 6 czerwca 1997 r. - Kodeks karny" xAddress="Dz. U. z 1997 r. Nr 88, poz. 553">art. 13 § 1 kk</xLexLink> w zw. z <xLexLink xArt="art. 286;art. 286 § 1" xIsapId="WDU19970880553" xTitle="Ustawa z dnia 6 czerwca 1997 r. - Kodeks karny" xAddress="Dz. U. z 1997 r. Nr 88, poz. 553">art. 286 § 1 kk</xLexLink> w zw. z <xLexLink xArt="art. 294;art. 294 § 1" xIsapId="WDU19970880553" xTitle="Ustawa z dnia 6 czerwca 1997 r. - Kodeks karny" xAddress="Dz. U. z 1997 r. Nr 88, poz. 553">art. 294 § 1 kk</xLexLink>;</xText>
          <xText><xBx><xAnon>Z. S.</xAnon></xBx> oskarżonej z <xLexLink xArt="art. 271;art. 271 § 3" xIsapId="WDU19970880553" xTitle="Ustawa z dnia 6 czerwca 1997 r. - Kodeks karny" xAddress="Dz. U. z 1997 r. Nr 88, poz. 553">art. 271 § 3 kk</xLexLink>,</xText>
          <xText><xBx><xAnon>G. A.</xAnon></xBx> oskarżonego z <xLexLink xArt="art. 299;art. 299 § 5;art. 299 § 6" xIsapId="WDU19970880553" xTitle="Ustawa z dnia 6 czerwca 1997 r. - Kodeks karny" xAddress="Dz. U. z 1997 r. Nr 88, poz. 553">art. 299 § 5 i § 6 kk</xLexLink> w zw. z <xLexLink xArt="art. 299;art. 299 § 1" xIsapId="WDU19970880553" xTitle="Ustawa z dnia 6 czerwca 1997 r. - Kodeks karny" xAddress="Dz. U. z 1997 r. Nr 88, poz. 553">art. 299 § 1 kk</xLexLink> w zw. z <xLexLink xArt="art. 12" xIsapId="WDU19970880553" xTitle="Ustawa z dnia 6 czerwca 1997 r. - Kodeks karny" xAddress="Dz. U. z 1997 r. Nr 88, poz. 553">art. 12 kk</xLexLink></xText>
          <xText> z powodu apelacji wniesionej przez oskarżonych</xText>
          <xText> od wyroku Sądu Okręgowego we Wrocławiu</xText>
          <xText> z dnia 7 marca 2011 r. sygn. akt III K 24/06</xText>
          <xUnit xIsTitle="false" xType="none">
            <xName xSffx="."> I</xName>
            <xText>
              <xBx> zmienia zaskarżony wyrok wobec <xAnon>L. S.</xAnon>:</xBx>
            </xText>
          </xUnit>
          <xText>
            <xBx> - w punkcie II części rozstrzygającej w ten sposób, że ustala, iż pokrzywdzony Bank został wprowadzony przez oskarżonego w błąd nie co do zdolności kredytowej lecz co do uprzedniego przedłożenia <xAnon>(...) S.A.</xAnon> faktur sprzedaży określających 90-dniowy termin płatności, zawierających klauzulę faktoringową zobowiązującą dłużnika do zapłaty za wskazany na fakturze towar, na rzecz Banku,</xBx>
          </xText>
          <xText>
            <xBx> - w <xLexLink xArt="art. 18 § 3 pkt. 6" xIsapId="WDU19970880553" xTitle="Ustawa z dnia 6 czerwca 1997 r. - Kodeks karny" xAddress="Dz. U. z 1997 r. Nr 88, poz. 553">punkcie VI</xLexLink> części rozstrzygającej w ten sposób, iż uniewinnia go od popełnienia przypisanego mu czynu z <xLexLink xArt="art. 18;art. 18 § 3" xIsapId="WDU19970880553" xTitle="Ustawa z dnia 6 czerwca 1997 r. - Kodeks karny" xAddress="Dz. U. z 1997 r. Nr 88, poz. 553">art. 18 § 3 k.k.</xLexLink> w zw. z <xLexLink xArt="art. 286;art. 286 § 1" xIsapId="WDU19970880553" xTitle="Ustawa z dnia 6 czerwca 1997 r. - Kodeks karny" xAddress="Dz. U. z 1997 r. Nr 88, poz. 553">art. 286 § 1 k.k.</xLexLink> w zw. z <xLexLink xArt="art. 294;art. 294 § 1" xIsapId="WDU19970880553" xTitle="Ustawa z dnia 6 czerwca 1997 r. - Kodeks karny" xAddress="Dz. U. z 1997 r. Nr 88, poz. 553">art. 294 § 1 k.k.</xLexLink> w zw. z <xLexLink xArt="art. 297;art. 297 § 1" xIsapId="WDU19970880553" xTitle="Ustawa z dnia 6 czerwca 1997 r. - Kodeks karny" xAddress="Dz. U. z 1997 r. Nr 88, poz. 553">art. 297 § 1 k.k.</xLexLink> w zw. z <xLexLink xArt="art. 12" xIsapId="WDU19970880553" xTitle="Ustawa z dnia 6 czerwca 1997 r. - Kodeks karny" xAddress="Dz. U. z 1997 r. Nr 88, poz. 553">art. 12 k.k.</xLexLink> i <xLexLink xArt="art. 11;art. 11 § 2" xIsapId="WDU19970880553" xTitle="Ustawa z dnia 6 czerwca 1997 r. - Kodeks karny" xAddress="Dz. U. z 1997 r. Nr 88, poz. 553">art. 11 § 2 k.k.</xLexLink>, obciążając kosztami sądowymi Skarb Państwa, stwierdzając, że utraciło moc orzeczenie o karach zawarte w <xLexLink xArt="art. 11 pkt. 9" xIsapId="WDU19970880553" xTitle="Ustawa z dnia 6 czerwca 1997 r. - Kodeks karny" xAddress="Dz. U. z 1997 r. Nr 88, poz. 553">punkcie IX</xLexLink> części rozstrzygającej oraz orzeczenie o karach łącznych wymierzonych oskarżonemu w <xLexLink xArt="art. 11 pkt. 10;art. 11 pkt. 50;art. 11 pkt. 2" xIsapId="WDU19970880553" xTitle="Ustawa z dnia 6 czerwca 1997 r. - Kodeks karny" xAddress="Dz. U. z 1997 r. Nr 88, poz. 553">punkcie XLII</xLexLink> części rozstrzygającej,</xBx>
          </xText>
          <xText>
            <xBx> - w punkcie IX części rozstrzygającej w ten sposób, że z opisu przypisanego oskarżonemu czynu eliminuje ustalenie o niekorzystnym rozporządzeniu przez Państwowy Fundusz <xAnon>(...) Osób Niepełnosprawnych</xAnon> kwotą 585 779, 50 zł na refundację wynagrodzeń i na podstawie <xLexLink xArt="art. 19;art. 19 § 1" xIsapId="WDU19970880553" xTitle="Ustawa z dnia 6 czerwca 1997 r. - Kodeks karny" xAddress="Dz. U. z 1997 r. Nr 88, poz. 553">art. 19 § 1 k.k.</xLexLink> w zw. z <xLexLink xArt="art. 294;art. 294 § 1" xIsapId="WDU19970880553" xTitle="Ustawa z dnia 6 czerwca 1997 r. - Kodeks karny" xAddress="Dz. U. z 1997 r. Nr 88, poz. 553">art. 294 § 1 k.k.</xLexLink> w zw. z <xLexLink xArt="art. 11;art. 11 § 3" xIsapId="WDU19970880553" xTitle="Ustawa z dnia 6 czerwca 1997 r. - Kodeks karny" xAddress="Dz. U. z 1997 r. Nr 88, poz. 553">art. 11 § 3 k.k.</xLexLink> oraz z <xLexLink xArt="art. 33;art. 33 § 2" xIsapId="WDU19970880553" xTitle="Ustawa z dnia 6 czerwca 1997 r. - Kodeks karny" xAddress="Dz. U. z 1997 r. Nr 88, poz. 553">art. 33 § 2 k.k.</xLexLink> wymierza mu za ten czyn kary roku pozbawienia wolności i 200 (dwieście) stawek dziennych grzywny po 20 (dwadzieścia) złotych,</xBx>
          </xText>
          <xText>
            <xBx> - w punkcie VIII części rozstrzygającej w ten sposób, że obniża wymierzoną mu karę pozbawienia wolności do roku,</xBx>
          </xText>
          <xText>
            <xBx> II. zmienia zaskarżony wyrok wobec <xAnon>J. G. (1)</xAnon> w ten sposób, że:</xBx>
          </xText>
          <xText>
            <xBx> - z opisu czynu przypisanego mu w punkcie XIII części rozstrzygającej eliminuje ustalenie o niekorzystnym rozporządzeniu przez <xAnon>(...)</xAnon> kwotą 585 779,50 zł z tytułu refundacji wynagrodzeń i obniża wymierzoną za ten czyn karę pozbawienia wolności do roku i 6 (sześciu) miesięcy, stwierdzając, iż utraciło moc orzeczenie o karach łącznych wymierzonych oskarżonemu w punkcie XLII,</xBx>
          </xText>
          <xText>
            <xBx> - kwotę obowiązku orzeczonego na podstawie <xLexLink xArt="art. 72;art. 72 § 2" xIsapId="WDU19970880553" xTitle="Ustawa z dnia 6 czerwca 1997 r. - Kodeks karny" xAddress="Dz. U. z 1997 r. Nr 88, poz. 553">art. 72 § 2 k.k.</xLexLink> w <xLexLink xArt="art. 72 pkt. 14" xIsapId="WDU19970880553" xTitle="Ustawa z dnia 6 czerwca 1997 r. - Kodeks karny" xAddress="Dz. U. z 1997 r. Nr 88, poz. 553">punkcie XIV</xLexLink> części rozstrzygającej obniża do 404 322 zł,</xBx>
          </xText>
          <xText>
            <xBx>
       III. uchyla zaskarżony wyrok wobec <xAnon>Z. G.</xAnon> w <xLexLink xArt="art. 17 § 1 pkt. 20;art. 17 § 1 pkt. 22" xIsapId="WDU19970890555" xTitle="Ustawa z dnia 6 czerwca 1997 r. - Kodeks postępowania karnego" xAddress="Dz. U. z 1997 r. Nr 89, poz. 555">punktach XX i XXII</xLexLink> części rozstrzygającej i postępowanie w tym zakresie na podstawie <xLexLink xArt="art. 17;art. 17 § 1;art. 17 § 1 pkt. 6" xIsapId="WDU19970890555" xTitle="Ustawa z dnia 6 czerwca 1997 r. - Kodeks postępowania karnego" xAddress="Dz. U. z 1997 r. Nr 89, poz. 555">art. 17 § 1 pkt 6 kpk</xLexLink> umarza, obciążając kosztami sądowymi Skarb Państwa i stwierdzając, że utraciło moc orzeczenie o karach łącznych wymierzonych oskarżonemu w <xLexLink xArt="art. 17 pkt. 10;art. 17 pkt. 50;art. 17 pkt. 2" xIsapId="WDU19970890555" xTitle="Ustawa z dnia 6 czerwca 1997 r. - Kodeks postępowania karnego" xAddress="Dz. U. z 1997 r. Nr 89, poz. 555">punkcie XLII</xLexLink>,</xBx>
          </xText>
          <xText>
            <xBx>
       IV. zmienia zaskarżony wyrok wobec <xAnon>Z. G.</xAnon>:</xBx>
          </xText>
          <xText>
            <xBx> - w punkcie XXI części rozstrzygającej w ten sposób, że przyjmuje, iż przedmiotem przypisanego mu przestępstwa były pieniądze w kwocie 850 000 zł pochodzące z korzyści związanych z popełnieniem czynu zabronionego na szkodę <xAnon>spółki z o.o. (...)</xAnon> i eliminuje z opisu przestępstwa ustalenie o osiągnięciu znacznej korzyści majątkowej nie mniejszej niż 850 000 zł, zaś z podstawy skazania przepis <xLexLink xArt="art. 299;art. 299 § 6" xIsapId="WDU19970880553" xTitle="Ustawa z dnia 6 czerwca 1997 r. - Kodeks karny" xAddress="Dz. U. z 1997 r. Nr 88, poz. 553">art. 299 § 6 k.k.</xLexLink> i <xLexLink xArt="art. 11;art. 11 § 3" xIsapId="WDU19970880553" xTitle="Ustawa z dnia 6 czerwca 1997 r. - Kodeks karny" xAddress="Dz. U. z 1997 r. Nr 88, poz. 553">art. 11 § 3 k.k.</xLexLink>, a z podstawy wymiaru kary <xLexLink xArt="art. 11;art. 11 § 3" xIsapId="WDU19970880553" xTitle="Ustawa z dnia 6 czerwca 1997 r. - Kodeks karny" xAddress="Dz. U. z 1997 r. Nr 88, poz. 553">art. 11 § 3 k.k.</xLexLink>,</xBx>
          </xText>
          <xText>
            <xBx> - w <xLexLink xArt="art. 296 § 2 pkt. 24" xIsapId="WDU19970880553" xTitle="Ustawa z dnia 6 czerwca 1997 r. - Kodeks karny" xAddress="Dz. U. z 1997 r. Nr 88, poz. 553">punkcie XXIV</xLexLink> części rozstrzygającej w ten sposób, że eliminuje z opisu przypisanego mu czynu ustalenie o usuwaniu zagrożonego zajęciem na poczet zaspokojenia roszczeń wierzycieli mienia spółki, przyjmując za podstawę skazania <xLexLink xArt="art. 296;art. 296 § 1;art. 296 § 2" xIsapId="WDU19970880553" xTitle="Ustawa z dnia 6 czerwca 1997 r. - Kodeks karny" xAddress="Dz. U. z 1997 r. Nr 88, poz. 553">art. 296 § 1 i 2 k.k.</xLexLink> w zw. z <xLexLink xArt="art. 12" xIsapId="WDU19970880553" xTitle="Ustawa z dnia 6 czerwca 1997 r. - Kodeks karny" xAddress="Dz. U. z 1997 r. Nr 88, poz. 553">art. 12 k.k.</xLexLink>, zaś za podstawę wymiaru kar <xLexLink xArt="art. 296;art. 296 § 2" xIsapId="WDU19970880553" xTitle="Ustawa z dnia 6 czerwca 1997 r. - Kodeks karny" xAddress="Dz. U. z 1997 r. Nr 88, poz. 553">art. 296 § 2 k.k.</xLexLink> i <xLexLink xArt="art. 33;art. 33 § 2" xIsapId="WDU19970880553" xTitle="Ustawa z dnia 6 czerwca 1997 r. - Kodeks karny" xAddress="Dz. U. z 1997 r. Nr 88, poz. 553">art. 33 § 2 k.k.</xLexLink>,</xBx>
          </xText>
          <xText>
            <xBx> - w <xLexLink xArt="art. 300 § 1 pkt. 25" xIsapId="WDU19970880553" xTitle="Ustawa z dnia 6 czerwca 1997 r. - Kodeks karny" xAddress="Dz. U. z 1997 r. Nr 88, poz. 553">punkcie XXV</xLexLink> części rozstrzygającej w ten sposób, że eliminuje z opisu przypisanego mu czynu fragmenty: „zagrożone zajęciem na poczet zaspokojenia roszczeń wierzycieli spółki” i „ i uszczuplając zaspokojenie wierzycieli”, zaś z podstawy skazania eliminuje <xLexLink xArt="art. 300;art. 300 § 1" xIsapId="WDU19970880553" xTitle="Ustawa z dnia 6 czerwca 1997 r. - Kodeks karny" xAddress="Dz. U. z 1997 r. Nr 88, poz. 553">art. 300 § 1 k.k.</xLexLink>,</xBx>
          </xText>
          <xText>
            <xBx> - w <xLexLink xArt="art. 299 pkt. 10;art. 299 pkt. 50;art. 299 pkt. 1" xIsapId="WDU19970880553" xTitle="Ustawa z dnia 6 czerwca 1997 r. - Kodeks karny" xAddress="Dz. U. z 1997 r. Nr 88, poz. 553">punkcie XLI</xLexLink> części rozstrzygającej w ten sposób, że uchyla orzeczenie o przepadku równowartości korzyści pochodzących z przestępstwa z <xLexLink xArt="art. 299" xIsapId="WDU19970880553" xTitle="Ustawa z dnia 6 czerwca 1997 r. - Kodeks karny" xAddress="Dz. U. z 1997 r. Nr 88, poz. 553">art. 299 k.k.</xLexLink>,</xBx>
          </xText>
          <xText>
            <xBx> V. zmienia zaskarżony wyrok wobec <xAnon>H. M. (1)</xAnon>:</xBx>
          </xText>
          <xText>
            <xBx> - w punkcie XXVII części rozstrzygającej w ten sposób, że przyjmuje, iż przedmiotem przypisanego mu przestępstwa były pieniądze w kwocie 850 000 zł pochodzące z korzyści związanych z popełnieniem czynu zabronionego na szkodę <xAnon>spółki z o.o. (...)</xAnon> i eliminuje z opisu przestępstwa ustalenie o osiągnięciu znacznej korzyści majątkowej nie mniejszej niż 850 000 zł, a z podstawy skazania eliminuje przepis <xLexLink xArt="art. 299;art. 299 § 6" xIsapId="WDU19970880553" xTitle="Ustawa z dnia 6 czerwca 1997 r. - Kodeks karny" xAddress="Dz. U. z 1997 r. Nr 88, poz. 553">art. 299 § 6 k.k.</xLexLink> i <xLexLink xArt="art. 11;art. 11 § 3" xIsapId="WDU19970880553" xTitle="Ustawa z dnia 6 czerwca 1997 r. - Kodeks karny" xAddress="Dz. U. z 1997 r. Nr 88, poz. 553">art. 11 § 3 k.k.</xLexLink>, a z podstawy wymiaru kary <xLexLink xArt="art. 11;art. 11 § 3" xIsapId="WDU19970880553" xTitle="Ustawa z dnia 6 czerwca 1997 r. - Kodeks karny" xAddress="Dz. U. z 1997 r. Nr 88, poz. 553">art. 11 § 3 k.k.</xLexLink>,</xBx>
          </xText>
          <xText>
            <xBx> - w <xLexLink xArt="art. 299 pkt. 10;art. 299 pkt. 50;art. 299 pkt. 1" xIsapId="WDU19970880553" xTitle="Ustawa z dnia 6 czerwca 1997 r. - Kodeks karny" xAddress="Dz. U. z 1997 r. Nr 88, poz. 553">punkcie XLI</xLexLink> części rozstrzygającej w ten sposób, że uchyla orzeczenie o przepadku równowartości korzyści pochodzących z przestępstwa z <xLexLink xArt="art. 299" xIsapId="WDU19970880553" xTitle="Ustawa z dnia 6 czerwca 1997 r. - Kodeks karny" xAddress="Dz. U. z 1997 r. Nr 88, poz. 553">art. 299 k.k.</xLexLink>,</xBx>
          </xText>
          <xText>
            <xBx> VI. uchyla zaskarżony wyrok wobec <xAnon>H. M. (1)</xAnon> w <xLexLink xArt="art. 17 § 1 pkt. 28" xIsapId="WDU19970890555" xTitle="Ustawa z dnia 6 czerwca 1997 r. - Kodeks postępowania karnego" xAddress="Dz. U. z 1997 r. Nr 89, poz. 555">punkcie XXVIII</xLexLink> części rozstrzygającej i postępowanie w tym zakresie na podstawie <xLexLink xArt="art. 17;art. 17 § 1;art. 17 § 1 pkt. 6" xIsapId="WDU19970890555" xTitle="Ustawa z dnia 6 czerwca 1997 r. - Kodeks postępowania karnego" xAddress="Dz. U. z 1997 r. Nr 89, poz. 555">art. 17 § 1 pkt 6 kpk</xLexLink> umarza obciążając kosztami sądowymi Skarb Państwa i stwierdzając, że utraciło moc orzeczenie o karach łącznych wymierzonych oskarżonemu w <xLexLink xArt="art. 17 pkt. 10;art. 17 pkt. 50;art. 17 pkt. 2" xIsapId="WDU19970890555" xTitle="Ustawa z dnia 6 czerwca 1997 r. - Kodeks postępowania karnego" xAddress="Dz. U. z 1997 r. Nr 89, poz. 555">punkcie XLII</xLexLink>,</xBx>
          </xText>
          <xText>
            <xBx> VII. uchyla zaskarżony wyrok wobec <xAnon>K. B.</xAnon> w <xLexLink xArt="art. 17 § 1 pkt. 29" xIsapId="WDU19970890555" xTitle="Ustawa z dnia 6 czerwca 1997 r. - Kodeks postępowania karnego" xAddress="Dz. U. z 1997 r. Nr 89, poz. 555">punkcie XXIX</xLexLink> części rozstrzygającej oraz w <xLexLink xArt="art. 17 § 1 pkt. 10;art. 17 § 1 pkt. 50;art. 17 § 1 pkt. 3;art. 17 § 1 pkt. 10;art. 17 § 1 pkt. 50;art. 17 § 1 pkt. 4" xIsapId="WDU19970890555" xTitle="Ustawa z dnia 6 czerwca 1997 r. - Kodeks postępowania karnego" xAddress="Dz. U. z 1997 r. Nr 89, poz. 555">punkcie XLIII i XLIV</xLexLink> w zakresie dotyczącym tego oskarżonego i postępowanie na podstawie <xLexLink xArt="art. 17;art. 17 § 1;art. 17 § 1 pkt. 6" xIsapId="WDU19970890555" xTitle="Ustawa z dnia 6 czerwca 1997 r. - Kodeks postępowania karnego" xAddress="Dz. U. z 1997 r. Nr 89, poz. 555">art. 17 § 1 pkt 6 kpk</xLexLink> w tej części umarza, obciążając Skarb Państwa kosztami sądowymi, stwierdzając, że w pozostałym zakresie koszty procesu ponosi oskarżony,</xBx>
          </xText>
          <xUnit xIsTitle="false" xType="none">
            <xName xSffx="."> VIII</xName>
            <xText>
              <xBx> zmienia zaskarżony wyrok wobec <xAnon>J. T.</xAnon>:</xBx>
            </xText>
          </xUnit>
          <xText>
            <xBx> - w punkcie XXXIII części rozstrzygającej w ten sposób, że przyjmuje, iż przedmiotem przypisanego jej przestępstwa były pieniądze w kwocie 850 000 zł pochodzące z korzyści związanych z popełnieniem czynu zabronionego na szkodę <xAnon>spółki z o.o. (...)</xAnon> i eliminuje z opisu przestępstwa ustalenie o osiągnięciu znacznej korzyści majątkowej nie mniejszej niż 850 000 zł, a z podstawy skazania przepis <xLexLink xArt="art. 299;art. 299 § 6" xIsapId="WDU19970880553" xTitle="Ustawa z dnia 6 czerwca 1997 r. - Kodeks karny" xAddress="Dz. U. z 1997 r. Nr 88, poz. 553">art. 299 § 6 k.k.</xLexLink> i <xLexLink xArt="art. 11;art. 11 § 2" xIsapId="WDU19970880553" xTitle="Ustawa z dnia 6 czerwca 1997 r. - Kodeks karny" xAddress="Dz. U. z 1997 r. Nr 88, poz. 553">art. 11 § 2 k.k.</xLexLink>, a z podstawy wymiaru kary <xLexLink xArt="art. 11;art. 11 § 3" xIsapId="WDU19970880553" xTitle="Ustawa z dnia 6 czerwca 1997 r. - Kodeks karny" xAddress="Dz. U. z 1997 r. Nr 88, poz. 553">art. 11 § 3 k.k.</xLexLink>,</xBx>
          </xText>
          <xText>
            <xBx> - w <xLexLink xArt="art. 299 pkt. 10;art. 299 pkt. 50;art. 299 pkt. 1" xIsapId="WDU19970880553" xTitle="Ustawa z dnia 6 czerwca 1997 r. - Kodeks karny" xAddress="Dz. U. z 1997 r. Nr 88, poz. 553">punkcie XLI</xLexLink> części rozstrzygającej w ten sposób, że uchyla orzeczenie o przepadku równowartości korzyści pochodzących z przestępstwa z <xLexLink xArt="art. 299" xIsapId="WDU19970880553" xTitle="Ustawa z dnia 6 czerwca 1997 r. - Kodeks karny" xAddress="Dz. U. z 1997 r. Nr 88, poz. 553">art. 299 k.k.</xLexLink>,</xBx>
          </xText>
          <xText>
            <xBx> IX. zmienia zaskarżony wyrok wobec <xAnon>G. A.</xAnon>:</xBx>
          </xText>
          <xText>
            <xBx> - w punkcie XL części rozstrzygającej w ten sposób, że przyjmuje, iż przedmiotem przypisanego mu przestępstwa były pieniądze w kwocie 850 000 zł pochodzące z korzyści związanych z popełnieniem czynu zabronionego na szkodę <xAnon>spółki z o.o. (...)</xAnon> i eliminuje z opisu przestępstwa ustalenie o osiągnięciu znacznej korzyści majątkowej nie mniejszej niż 850 000 zł, a z podstawy skazania eliminuje przepis <xLexLink xArt="art. 299;art. 299 § 6" xIsapId="WDU19970880553" xTitle="Ustawa z dnia 6 czerwca 1997 r. - Kodeks karny" xAddress="Dz. U. z 1997 r. Nr 88, poz. 553">art. 299 § 6 k.k.</xLexLink> i <xLexLink xArt="art. 11;art. 11 § 2" xIsapId="WDU19970880553" xTitle="Ustawa z dnia 6 czerwca 1997 r. - Kodeks karny" xAddress="Dz. U. z 1997 r. Nr 88, poz. 553">art. 11 § 2 k.k.</xLexLink>, a z podstawy wymiaru kary <xLexLink xArt="art. 11;art. 11 § 3" xIsapId="WDU19970880553" xTitle="Ustawa z dnia 6 czerwca 1997 r. - Kodeks karny" xAddress="Dz. U. z 1997 r. Nr 88, poz. 553">art. 11 § 3 k.k.</xLexLink>,</xBx>
          </xText>
          <xText>
            <xBx> - w <xLexLink xArt="art. 299 pkt. 10;art. 299 pkt. 50;art. 299 pkt. 1" xIsapId="WDU19970880553" xTitle="Ustawa z dnia 6 czerwca 1997 r. - Kodeks karny" xAddress="Dz. U. z 1997 r. Nr 88, poz. 553">punkcie XLI</xLexLink> części rozstrzygającej w ten sposób, że uchyla orzeczenie o przepadku równowartości korzyści pochodzących z przestępstwa z <xLexLink xArt="art. 299" xIsapId="WDU19970880553" xTitle="Ustawa z dnia 6 czerwca 1997 r. - Kodeks karny" xAddress="Dz. U. z 1997 r. Nr 88, poz. 553">art. 299 k.k.</xLexLink>,</xBx>
          </xText>
          <xText>
            <xBx>
       X. w pozostałej części zaskarżony wyrok wobec <xAnon>L. S.</xAnon>, <xAnon>J. G. (1)</xAnon>, <xAnon>R. P.</xAnon>, <xAnon>Z. G.</xAnon>, <xAnon>H. M. (1)</xAnon>, <xAnon>J. T.</xAnon>, <xAnon>J. J. (1)</xAnon>, <xAnon>Z. S.</xAnon> i <xAnon>G. A.</xAnon> utrzymuje w mocy,</xBx>
          </xText>
          <xText>
            <xBx> XI. na podstawie <xLexLink xArt="art. 85" xIsapId="WDU19970880553" xTitle="Ustawa z dnia 6 czerwca 1997 r. - Kodeks karny" xAddress="Dz. U. z 1997 r. Nr 88, poz. 553">art. 85 k.k.</xLexLink>, <xLexLink xArt="art. 86;art. 86 § 1;art. 86 § 2" xIsapId="WDU19970880553" xTitle="Ustawa z dnia 6 czerwca 1997 r. - Kodeks karny" xAddress="Dz. U. z 1997 r. Nr 88, poz. 553">art. 86 § 1 i 2 k.k.</xLexLink> i <xLexLink xArt="art. 91;art. 91 § 2" xIsapId="WDU19970880553" xTitle="Ustawa z dnia 6 czerwca 1997 r. - Kodeks karny" xAddress="Dz. U. z 1997 r. Nr 88, poz. 553">art. 91 § 2 k.k.</xLexLink> wymierza kary łączne:</xBx>
          </xText>
          <xText>
            <xBx> - <xAnon>L. S.</xAnon> 2 (dwa) lata pozbawienia wolności, której wykonanie na podstawie <xLexLink xArt="art. 69;art. 69 § 1" xIsapId="WDU19970880553" xTitle="Ustawa z dnia 6 czerwca 1997 r. - Kodeks karny" xAddress="Dz. U. z 1997 r. Nr 88, poz. 553">art. 69 § 1 k.k.</xLexLink> i <xLexLink xArt="art. 70;art. 70 § 1;art. 70 § 1 pkt. 1" xIsapId="WDU19970880553" xTitle="Ustawa z dnia 6 czerwca 1997 r. - Kodeks karny" xAddress="Dz. U. z 1997 r. Nr 88, poz. 553">art. 70 § 1 pkt 1 k.k.</xLexLink> warunkowo zawiesza na okres próby 5 (pięć) lat oraz 500 (pięćset) stawek dziennych grzywny po 20 (dwadzieścia) złotych,</xBx>
          </xText>
          <xText>
            <xBx> - <xAnon>J. G. (1)</xAnon> roku i 6 (szczęściu) miesięcy pozbawienia wolności, której wykonanie na podstawie <xLexLink xArt="art. 69;art. 69 § 1" xIsapId="WDU19970880553" xTitle="Ustawa z dnia 6 czerwca 1997 r. - Kodeks karny" xAddress="Dz. U. z 1997 r. Nr 88, poz. 553">art. 69 § 1 k.k.</xLexLink> i <xLexLink xArt="art. 70;art. 70 § 1;art. 70 § 1 pkt. 1" xIsapId="WDU19970880553" xTitle="Ustawa z dnia 6 czerwca 1997 r. - Kodeks karny" xAddress="Dz. U. z 1997 r. Nr 88, poz. 553">art. 70 § 1 pkt 1 k.k.</xLexLink> warunkowo zawiesza na okres próby 5 (pięć) lat oraz 450 (czterysta pięćdziesiąt) stawek dziennych grzywny po 20 (dwadzieścia) złotych,</xBx>
          </xText>
          <xText>
            <xBx>
       - <xAnon>Z. G.</xAnon> 2 (dwa) lata pozbawienia wolności, której wykonanie na podstawie <xLexLink xArt="art. 69;art. 69 § 1" xIsapId="WDU19970880553" xTitle="Ustawa z dnia 6 czerwca 1997 r. - Kodeks karny" xAddress="Dz. U. z 1997 r. Nr 88, poz. 553">art. 69 § 1 k.k.</xLexLink> i <xLexLink xArt="art. 70;art. 70 § 1;art. 70 § 1 pkt. 1" xIsapId="WDU19970880553" xTitle="Ustawa z dnia 6 czerwca 1997 r. - Kodeks karny" xAddress="Dz. U. z 1997 r. Nr 88, poz. 553">art. 70 § 1 pkt 1 k.k.</xLexLink> warunkowo zawiesza na okres próby 5 (pięć) lat oraz 500 (pięćset) stawek dziennych grzywny po 50 (pięćdziesiąt) złotych,</xBx>
          </xText>
          <xText>
            <xBx> XII. na podstawie <xLexLink xArt="art. 63;art. 63 § 1" xIsapId="WDU19970880553" xTitle="Ustawa z dnia 6 czerwca 1997 r. - Kodeks karny" xAddress="Dz. U. z 1997 r. Nr 88, poz. 553">art. 63 § 1 k.k.</xLexLink> na poczet orzeczonej <xAnon>J. G. (1)</xAnon> kary łącznej grzywny zalicza oskarżonemu okres jego tymczasowego aresztowania od dnia 10 lipca 2003r. do dnia 05 grudnia 2003r. przyjmując, że jeden dzień pozbawienia wolności jest równoważny dwóm stawkom dziennym grzywy, zaś na poczet orzeczonej <xAnon>H. M. (1)</xAnon> kary grzywny zalicza okres jego tymczasowego aresztowania od dnia 28 kwietnia 2003 r. do dnia 24 listopada 2003r., przyjmując, że jeden dzień pozbawienia wolności jest równoważny dwóm stawkom dziennym grzywy,</xBx>
          </xText>
          <xText>
            <xBx> XIII. na podstawie <xLexLink xArt="art. 105;art. 105 § 1;art. 105 § 2" xIsapId="WDU19970890555" xTitle="Ustawa z dnia 6 czerwca 1997 r. - Kodeks postępowania karnego" xAddress="Dz. U. z 1997 r. Nr 89, poz. 555">art. 105 § 1 i 2 kpk</xLexLink> prostuje oczywiste omyłki pisarskie w zaskarżonym wyroku:</xBx>
          </xText>
          <xText>
            <xBx> - w punkcie II części rozstrzygającej poprzez zastąpienie wyrazu „spółki” wyrazem „spółdzielni”,</xBx>
          </xText>
          <xText>
            <xBx> - w punkcie XVI części rozstrzygającej poprzez zastąpienie sformułowania „ im kary po” sformułowaniem „mu kary”,</xBx>
          </xText>
          <xText>
            <xBx>
       XIV. zasądza od oskarżonych <xAnon>L. S.</xAnon>, <xAnon>J. G. (1)</xAnon>, <xAnon>R. P.</xAnon>, <xAnon>Z. G.</xAnon>, <xAnon>H. M. (1)</xAnon>, <xAnon>J. T.</xAnon>, <xAnon>J. J. (1)</xAnon>, <xAnon>Z. S.</xAnon> i <xAnon>G. A.</xAnon> koszty sądowe za postępowanie odwoławcze w częściach związanych z ich udziałem w sprawie, w tym wymierza im opłaty:</xBx>
          </xText>
          <xText>
            <xBx> - <xAnon>L. S.</xAnon> 2300 zł za obie instancje,</xBx>
          </xText>
          <xText>
            <xBx> - <xAnon>J. G. (1)</xAnon> 2100 zł za obie instancje,</xBx>
          </xText>
          <xText>
            <xBx>
       - <xAnon>Z. G.</xAnon> 5300 zł za obie instancje,</xBx>
          </xText>
          <xText>
            <xBx> - <xAnon>H. M. (1)</xAnon> 1380 zł za obie instancje,</xBx>
          </xText>
          <xText>
            <xBx> - <xAnon>R. P.</xAnon> 1100 zł za drugą instancję,</xBx>
          </xText>
          <xText>
            <xBx> - <xAnon>J. T.</xAnon> 980 zł, za drugą instancję,</xBx>
          </xText>
          <xText>
            <xBx> - <xAnon>J. J. (1)</xAnon> 30 zł, za drugą instancję,</xBx>
          </xText>
          <xText>
            <xBx> - <xAnon>Z. S.</xAnon> 120 zł, za drugą instancję,</xBx>
          </xText>
          <xText>
            <xBx> - <xAnon>G. A.</xAnon> 4180 zł, za drugą instancję,</xBx>
          </xText>
          <xText>
            <xBx> XV. zasądza od Skarbu Państwa na rzecz adw. <xAnon>K. K.</xAnon> 600 zł tytułem kosztów nieopłaconej obrony oskarżonego <xAnon>J. J. (1)</xAnon> z urzędu w postępowaniu odwoławczym oraz 138 zł z tytułu zwrotu podatku VAT.</xBx>
          </xText>
        </xUnit>
        <xUnit xIsTitle="true" xType="part" xBold="true">
          <xName> UZASADNIENIE</xName>
          <xText>
            <xBx><xAnon>L. S.</xAnon> został oskarżony o to, że :</xBx>
          </xText>
          <xUnit xIsTitle="false" xType="none">
            <xName xSffx="."> I</xName>
            <xUnit xIsTitle="false" xType="none">
              <xName xSffx="."> I</xName>
              <xText> w okresie od dnia 9 lutego 2000 roku do dnia 20 kwietnia 2000 roku w <xAnon>C.</xAnon>, woj. <xAnon>(...)</xAnon>, działając w celu osiągnięcia korzyści majątkowej, w krótkich odstępach czasu w wykonaniu z góry powziętego zamiaru działając wspólnie i w porozumieniu z inną ustalona osobą działającą, jako Dyrektor <xAnon>Przedsiębiorstwa Produkcyjno - Usługowego (...) spółka z o. o.</xAnon>, a od 30 października 2000 roku działającą, jako reprezentant Zarządu wyżej wymienionej Spółki przed <xAnon>Bankiem (...) S.A.</xAnon> w <xAnon>K.</xAnon> Oddział w <xAnon>C.</xAnon>, w stosunku, do której prowadzone jest odrębne postępowanie karne, występując, jako Prezes Zarządu <xAnon>Przedsiębiorstwa Produkcyjno Usługowego (...) Sp. z o.o.</xAnon> z siedzibą w <xAnon>C.</xAnon>, <xAnon>ul. (...)</xAnon> oraz jak prezes Zarządu Spółdzielni <xAnon>(...)</xAnon>z siedzibą w <xAnon>R.</xAnon>, <xAnon>ul. (...)</xAnon>, wiedząc, iż reprezentowana Spółka nie posiada zdolności kredytowej, złożył w dniu 9 lutego 2000 roku wniosek o udzielenie kredytu obrotowego w wysokości 300 000 zł, przedstawiając, jako zabezpieczenie kredytu hipoteką nieruchomości położonej w <xAnon>R.</xAnon>, objętej KW SR w <xAnon>Ż.</xAnon> nr <xAnon>(...)</xAnon>, należącej do SI <xAnon>(...)</xAnon> przedkładając w tym celu w <xAnon>Banku (...) Oddział</xAnon> w <xAnon>C.</xAnon>:</xText>
              <xUnit xIsTitle="false" xType="none">
                <xName xSffx="."> -</xName>
                <xEnum>
                  <xBullet> -</xBullet>
                  <xEnumElem>
                    <xText> uchwały Rady Nadzorczej SI <xAnon>(...)</xAnon> nr 1 i 2 z dnia 10 stycznia 2000 roku o poręczeniu cywilnym i majątkowym zobowiązań wynikających ze współpracy Spółdzielni ze <xAnon>Spółką (...)</xAnon> z <xAnon>C.</xAnon>,</xText>
                  </xEnumElem>
                  <xEnumElem>
                    <xText> operat szacunkowy dot. wyceny nieruchomości stanowiących własność SI <xAnon>(...)</xAnon></xText>
                  </xEnumElem>
                  <xEnumElem>
                    <xText> polisy ubezpieczeniowe nieruchomości: SI <xAnon>(...)</xAnon></xText>
                  </xEnumElem>
                </xEnum>
              </xUnit>
            </xUnit>
          </xUnit>
          <xText> a następnie wprowadzając w błąd pracowników <xAnon>Banku (...) Oddział</xAnon> w <xAnon>C.</xAnon>, co do zamiaru oraz możliwości uregulowania zobowiązań wynikających z umowy kredytowej, możliwości egzekwowania środków finansowych z podpisanego w dniu 22 lutego 2000 roku weksla własnego in blanco, jak również zamiaru zrealizowania zabezpieczenia umowy w postaci dokonania do dnia 20 kwietnia 2000 roku wpisu na hipotece nieruchomości SI <xAnon>(...)</xAnon>, zawarł w imieniu <xAnon>(...) Sp. z o.o.</xAnon> w dniu 22 lutego 2000 roku <xAnon>umowę Nr (...)</xAnon> o kredyt w wysokości 300 000 zł, stanowiący mienie znacznej wartości, która to kwota przelana została w dniu 22 lutego 2000 roku na rachunek <xAnon>P.</xAnon><xAnon>(...)</xAnon> w tymże <xAnon>Banku nr (...)</xAnon>- <xAnon>(...)</xAnon>, doprowadzając przez to <xAnon>Bank (...)</xAnon> w <xAnon>K.</xAnon> Oddział w <xAnon>C.</xAnon> do niekorzystnego rozporządzenia mieniem w wysokości 300 000 zł, tj. o czyn z <xLexLink xArt="art. 286;art. 286 § 1" xIsapId="WDU19970880553" xTitle="Ustawa z dnia 6 czerwca 1997 r. - Kodeks karny" xAddress="Dz. U. z 1997 r. Nr 88, poz. 553">art. 286 § 1 kk</xLexLink> w zw. z <xLexLink xArt="art. 294;art. 294 § 1" xIsapId="WDU19970880553" xTitle="Ustawa z dnia 6 czerwca 1997 r. - Kodeks karny" xAddress="Dz. U. z 1997 r. Nr 88, poz. 553">art. 294 § 1 kk</xLexLink>. w zw. z <xLexLink xArt="art. 12" xIsapId="WDU19970880553" xTitle="Ustawa z dnia 6 czerwca 1997 r. - Kodeks karny" xAddress="Dz. U. z 1997 r. Nr 88, poz. 553">art. 12 kk</xLexLink>.</xText>
          <xUnit xIsTitle="false" xType="none">
            <xName xSffx="."> II</xName>
            <xUnit xIsTitle="false" xType="none">
              <xName xSffx="."> II</xName>
              <xText> w dniu 18 kwietnia 2000 roku we <xAnon>W.</xAnon>, w woj. <xAnon>(...)</xAnon>, wspólnie z inną ustaloną osobą, odnośnie, której w tym zakresie prowadzone jest odrębne postępowanie karne, w celu osiągnięcia korzyści majątkowej, działając bez zgody Rady Nadzorczej <xAnon>Spółdzielni (...)</xAnon> w <xAnon>R.</xAnon> oraz nie posiadając odpowiedniego upoważnienia Rady Nadzorczej do udzielania pełnomocnictwa do reprezentowania <xAnon>Spółdzielni (...)</xAnon> udzielił innej ustalonej i wskazanej wyżej osobie pełnomocnictwa do reprezentowania <xAnon>Spółdzielni (...)</xAnon> przed <xAnon>Bankiem (...) S.A.</xAnon> w <xAnon>K.</xAnon> Oddział we <xAnon>W.</xAnon>, a następnie wraz z ustaloną i wskazaną wyżej osobą podpisał w <xAnon>Banku (...) Spółka Akcyjna</xAnon> w <xAnon>K.</xAnon> Oddział <xAnon>W.</xAnon>: umowę o świadczenie usług factoringowych nr <xAnon>(...)</xAnon> - <xAnon>(...)</xAnon> na limit finansowania faktur w wysokości 300 000 zł, deklaracje wekslową weksel własny in blanco, oświadczenie o poddaniu się egzekucji z weksla oraz pełnomocnictwo do dysponowania rachunkiem bankowym w zakresie pokrywania niespłaconych w terminie zobowiązań z tytułu świadczenia usług factoringowych, przez co wprowadził w błąd pracowników <xAnon>Banku (...) S.A.</xAnon> w <xAnon>K.</xAnon>, Oddział we <xAnon>W.</xAnon>, co do prawidłowej, wymaganej przez bank reprezentacji <xAnon>Spółdzielni (...)</xAnon> z <xAnon>R.</xAnon> przy zaciąganiu zobowiązań finansowych, a następnie w okresie od dnia 18 kwietnia 2000 roku do dnia 7 sierpnia 2000 roku we <xAnon>W.</xAnon>, <xAnon>R.</xAnon> i <xAnon>R.</xAnon>, działając samodzielnie, ze z góry powziętym zamiarem i w krótkich odstępach czasu, doprowadził do niekorzystnego rozporządzenia mieniem <xAnon>Bank (...) S.A.</xAnon> w <xAnon>K.</xAnon> Oddział we <xAnon>W.</xAnon> oraz <xAnon>Spółdzielnię (...)</xAnon> z siedzibą w <xAnon>R.</xAnon> do niekorzystnego rozporządzenia mieniem w znacznej, bo wynoszącej, co najmniej 750 569, 59 zł wartości, w ten sposób, że wiedząc, że zawarta umowa factoringowa z dnia 18 kwietnia 2000 roku zobowiązuje <xAnon>(...) S.A.</xAnon> we <xAnon>W.</xAnon> do dokonania zapłaty należności na rzecz SI <xAnon>(...)</xAnon> w <xAnon>R.</xAnon> z tytułu wystawionych faktur sprzedaży towarów pomiędzy SI <xAnon>(...)</xAnon> w <xAnon>R.</xAnon> a <xAnon>(...) S.A.</xAnon> w <xAnon>R.</xAnon>, przedłożył w imieniu SI <xAnon>(...)</xAnon> w <xAnon>Banku (...) S.A.</xAnon> Oddział we <xAnon>W.</xAnon> faktury VAT o numerach:</xText>
            </xUnit>
          </xUnit>
          <xText><xAnon>Faktura VAT nr (...)</xAnon> z dnia 17 luty 2000 roku wartość 22 442, 51 zł. <xAnon>Faktura VAT nr (...)</xAnon> z dnia 22 luty 2000 roku wartość 22 252, 80 zł. <xAnon>Faktura VAT nr (...)</xAnon> z dnia 25 luty 2000 roku wartość 10 882, 40 zł. <xAnon>Faktura VAT (...)</xAnon> z dnia 28 luty 2000 roku wartość 26 064, 08 zł.</xText>
          <xText><xAnon>Faktura VAT nr (...)</xAnon> z dnia 03 marca 2000 roku wartość 11 285, 00 zł. <xAnon>Faktura VAT nr (...)</xAnon> z dnia 08 marca 2000 roku wartość 25 163, 11 zł. <xAnon>Faktura VAT nr (...)</xAnon> z dnia 10 marca 2000 roku wartość 10 407, 82 zł. <xAnon>Faktura VAT nr (...)</xAnon> z dnia 14 marca 2000 roku wartość 27 160, 56 zł. <xAnon>Faktura VAT nr (...)</xAnon> z dnia 20 marca 2000 roku wartość 24 091, 04 zł. <xAnon>Faktura VAT nr (...)</xAnon> z dnia 23 marca 2000 roku wartość 3 428, 20 zł. <xAnon>Faktura VAT nr (...)</xAnon> z dnia 27 marca 2000 roku wartość 22 708, 47 zł. <xAnon>Faktura VAT nr (...)</xAnon> z dnia 30 marca 2000 roku wartość 1 537, 20 zł.</xText>
          <xText><xAnon>Faktura VAT nr (...)</xAnon> z dnia 31 marca 2000 roku wartość 11 197, 77 zł.</xText>
          <xText><xAnon>Faktura VAT nr (...)</xAnon> z dnia 03 kwietnia 2000 roku wartość 1 561, 60 zł.</xText>
          <xText><xAnon>Faktura VAT nr (...)</xAnon> z dnia 04 kwietnia 2000 roku wartość 8 499, 44 zł.</xText>
          <xText><xAnon>Faktura VAT nr (...)</xAnon> z dnia 05 kwietnia 2000 roku wartość 1 541, 59 zł.</xText>
          <xText><xAnon>Faktura VAT nr (...)</xAnon> z dnia 07 kwietnia 2000 roku wartość 7 690, 27 zł</xText>
          <xText><xAnon>Faktura VAT nr (...)</xAnon> z dnia 10 kwietnia 2000 roku wartość 10 711, 60 zł</xText>
          <xText><xAnon>Faktura VAT nr (...)</xAnon> z dnia 12 kwietnia 2000 roku wartość 10 946, 15 zł</xText>
          <xText><xAnon>Faktura VAT nr (...)</xAnon> z dnia 13 kwietnia 2000 roku wartość 2 753, 54 zł</xText>
          <xText><xAnon>Faktura VAT nr (...)</xAnon> z dnia 14 kwietnia 2000 roku wartość 2 208, 20 zł</xText>
          <xText><xAnon>Faktura VAT nr (...)</xAnon> z dnia 15 kwietnia 2000 roku wartość 4 568, 53 zł</xText>
          <xText><xAnon>Faktura VAT nr (...)</xAnon> z dnia 18 kwietnia 2000 roku wartość 2 494, 53 zł</xText>
          <xText><xAnon>Faktura VAT nr (...)</xAnon> z dnia 09 maja 2000 roku wartość 11 009, 28 zł</xText>
          <xText><xAnon>Faktura VAT nr (...)</xAnon> z dnia 11 maja 2000 roku wartość 7 828, 74 zł,</xText>
          <xText> z określeniem terminu zapłaty na 90 dni od daty wystawienia faktury, z tytułu, których to faktur <xAnon>(...) S.A.</xAnon> Oddział we <xAnon>W.</xAnon> dokonał zapłaty na wskazane przez <xAnon>L. S.</xAnon> konto bankowe prowadzone w <xAnon>banku (...)</xAnon> III Oddział we <xAnon>W.</xAnon> na rzecz SI <xAnon>(...)</xAnon>w <xAnon>R.</xAnon> o numerze <xAnon>(...)</xAnon>- <xAnon>(...)</xAnon>-270- 1, równocześnie przedkładając do zapłaty w <xAnon>(...) S.A.</xAnon> w <xAnon>R.</xAnon> faktury o numerach:</xText>
          <xText><xAnon>Faktura VAT nr (...)</xAnon> z dnia 17 luty <xAnon>(...)</xAnon> roku wartość 22 442, 51 zł. <xAnon>Faktura VAT nr (...)</xAnon> z dnia 22 luty 2000 roku wartość 22 252, 80 zł. <xAnon>Faktura VAT nr (...)</xAnon> z dnia 25 luty 2000 roku wartość 10 882, 40 zł. <xAnon>Faktura VAT (...)</xAnon> z dnia 28 luty 2000 roku wartość 26 064, 08 zł.</xText>
          <xText><xAnon>Faktura VAT nr (...)</xAnon> z dnia 03 marca 2000 roku wartość 11 285, 00 zł. <xAnon>Faktura VAT nr (...)</xAnon> z dnia 08 marca 2000 roku wartość 25 163, 11 zł. <xAnon>Faktura VAT nr (...)</xAnon> z dnia 10 marca 2000 roku wartość 10 407, 82 zł. <xAnon>Faktura VAT nr (...)</xAnon> z dnia 14 marca 2000 roku wartość 27 160, 56 zł. <xAnon>Faktura VAT nr (...)</xAnon> z dnia 20 marca 2000 roku wartość 24 091, 04 zł. <xAnon>Faktura VAT nr (...)</xAnon> z dnia 23 marca 2000 roku wartość 3 428, 20 zł. <xAnon>Faktura VAT nr (...)</xAnon> z dnia 27 marca 2000 roku wartość 22 708, 47 zł. <xAnon>Faktura VAT nr (...)</xAnon> z dnia 30 marca 2000 roku wartość 1 537, 20 zł. <xAnon>Faktura VAT nr (...)</xAnon> z dnia 31 marca 2000 roku wartość 11 197, 77 zł. <xAnon>Faktura VAT nr (...)</xAnon> z dnia 03 kwietnia 2000 roku wartość 1 561, 60 zł <xAnon>Faktura VAT nr (...)</xAnon> z dnia 04 kwietnia 2000 roku wartość 8 499, 44 zł</xText>
          <xText><xAnon>Faktura VAT nr (...)</xAnon> z dnia 05 kwietnia 2000 roku wartość 1 541, 59 zł.</xText>
          <xText><xAnon>Faktura VAT nr (...)</xAnon> z dnia 07 kwietnia 2000 roku wartość 7 690, 27 zł</xText>
          <xText><xAnon>Faktura VAT nr (...)</xAnon> z dnia 10 kwietnia 2000 roku wartość 10 711, 60 zł</xText>
          <xText><xAnon>Faktura VAT nr (...)</xAnon> z dnia 12 kwietnia 2000 roku wartość 10 946, 15 zł</xText>
          <xText><xAnon>Faktura VAT nr (...)</xAnon> z dnia 13 kwietnia 2000 roku wartość 2 753, 54 zł</xText>
          <xText><xAnon>Faktura VAT nr (...)</xAnon> z dnia 14 kwietnia 2000 roku wartość 2 208, 20 zł</xText>
          <xText><xAnon>Faktura VAT nr (...)</xAnon> z dnia 15 kwietnia 2000 roku wartość 4 568, 53 zł</xText>
          <xText><xAnon>Faktura VAT nr (...)</xAnon> z dnia 18 kwietnia 2000 roku wartość 2 494, 53 zł</xText>
          <xText><xAnon>Faktura VAT nr (...)</xAnon> z dnia 09 maja 2000 roku wartość 11 009, 28 zł</xText>
          <xText><xAnon>Faktura VAT nr (...)</xAnon> z dnia 11 maja 2000 roku wartość 7 828, 74 zł,</xText>
          <xText> z terminem płatności określonym na 30 dni oraz nie zawierające klauzuli factoringowej wymaganej przez <xAnon>(...) S.A.</xAnon> Oddział we <xAnon>W.</xAnon>, wprowadzając w błąd uprawnionych do dokonania zapłaty pracowników <xAnon>firmy (...) S.A.</xAnon> w <xAnon>R.</xAnon>, co do rzekomego odstąpienia SI <xAnon>(...)</xAnon> od objęcia umową factoringową z dnia 18 kwietnia 2000 roku przedłożonych faktur, jak również zobowiązując <xAnon>(...) S.A.</xAnon> do dokonania zapłaty kwot widniejących na fakturach na utworzony w tym celu rachunek bankowy w <xAnon>Banku (...)</xAnon> III Oddział we <xAnon>W.</xAnon> o numerze <xAnon>(...)</xAnon> - <xAnon>(...)</xAnon> - 270 - 1, do dysponowania, którym posiadał wyłączne uprawnienie, w konsekwencji, czego, poprzez wypłacenie uzyskanych nienależnie środków finansowych i przeznaczenie ich na cele niezwiązane z objętą umową factoringową działalnością gospodarczą prowadzoną w ramach SI <xAnon>(...)</xAnon> doprowadził <xAnon>(...) S.A.</xAnon> Oddział we <xAnon>W.</xAnon> do niekorzystnego rozporządzenia mieniem w kwocie 240 099, 42 zł, oraz <xAnon>Spółdzielnię (...)</xAnon> w <xAnon>R.</xAnon> do niekorzystnego rozporządzenia mieniem w kwocie 510 470, 17 zł, wynikającej z faktycznego nieotrzymania zapłaty za dostarczony do <xAnon>(...) S.A.</xAnon> towar o wartości 270 370, 77 zł oraz powstania po stronie <xAnon>(...) S.A.</xAnon> Oddział we <xAnon>W.</xAnon> roszczenia o zwrot kwoty przekazanej z tytułu umowy factoringowej na utworzone przez <xAnon>L. S.</xAnon> konto w <xAnon>Banku (...)</xAnon> III Oddział we <xAnon>W.</xAnon> tj. o czyn z <xLexLink xArt="art. 286;art. 286 § 1" xIsapId="WDU19970880553" xTitle="Ustawa z dnia 6 czerwca 1997 r. - Kodeks karny" xAddress="Dz. U. z 1997 r. Nr 88, poz. 553">art. 286 § 1 kk</xLexLink>. w zw. z <xLexLink xArt="art. 294;art. 294 § 1" xIsapId="WDU19970880553" xTitle="Ustawa z dnia 6 czerwca 1997 r. - Kodeks karny" xAddress="Dz. U. z 1997 r. Nr 88, poz. 553">art. 294 § 1 kk</xLexLink>. w zw. z <xLexLink xArt="art. 12" xIsapId="WDU19970880553" xTitle="Ustawa z dnia 6 czerwca 1997 r. - Kodeks karny" xAddress="Dz. U. z 1997 r. Nr 88, poz. 553">art. 12 kk</xLexLink>.</xText>
          <xUnit xIsTitle="false" xType="none">
            <xName xSffx="."> III</xName>
            <xUnit xIsTitle="false" xType="none">
              <xName xSffx="."> III</xName>
              <xText> w okresie od 31 stycznia 2000 roku do 2 czerwca 2000 roku we <xAnon>W.</xAnon>, woj. <xAnon>(...)</xAnon> i <xAnon>R.</xAnon>, woj. <xAnon>(...)</xAnon>, działając w celu osiągnięcia korzyści majątkowej, wspólnie i w porozumieniu z <xAnon>Z. S.</xAnon>, wykorzystując fakt zarejestrowania na <xAnon>Z. S.</xAnon> działalności gospodarczej w ramach <xAnon>firmy (...)</xAnon> z siedzibą we <xAnon>W.</xAnon>, <xAnon>ul. (...)</xAnon>, w ramach, której <xAnon>Z. S.</xAnon> posiadała uprawnienie do przyjmowania i wystawiania rachunków dotyczących sprzedaży towarów i usług, poprzez wprowadzenie w błąd uprawnionych pracowników <xAnon>Spółdzielni (...)</xAnon> w <xAnon>R.</xAnon>, co do faktu rzeczywistego wykonania objętej wystawionym przez <xAnon>Z. S.</xAnon> rachunkiem usługi, doprowadził <xAnon>Spółdzielnię (...)</xAnon> w <xAnon>R.</xAnon> do niekorzystnego rozporządzenia mieniem w kwocie 5 000 zł, w ten sposób, że:</xText>
              <xEnum>
                <xBullet> -</xBullet>
                <xEnumElem>
                  <xText> w dniu 31 stycznia 2000 roku <xAnon>Z. S.</xAnon> wystawiła w imieniu <xAnon>firmy (...)</xAnon> z siedzibą we <xAnon>W.</xAnon>, <xAnon>ul. (...)</xAnon>, na rzecz <xAnon>Spółdzielni (...)</xAnon> w <xAnon>R.</xAnon><xAnon>rachunek numer (...)</xAnon> z tytułu usługi opieki nad chorym, opiewający na kwotę 6 500 zł i odnoszący się do rzekomego wykonywania opieki nad Prezesem Zarządu <xAnon>(...)</xAnon><xAnon>L. S.</xAnon>, wiedząc, iż czynności takie nie miały w rzeczywistości miejsca, zaś ona sama na podstawie <xLexLink xArt="art. 23" xIsapId="WDU19640090059" xTitle="Ustawa z dnia 25 lutego 1964 r. - Kodeks rodzinny i opiekuńczy" xAddress="Dz. U. z 1964 r. Nr 9, poz. 59">art. 23 Ustaw z dnia 25 lutego 1964 roku Kodeks rodzinny i opiekuńczy</xLexLink> z mocy ustawy zobowiązana była do świadczenia opieki na rzecz swojego męża <xAnon>L. S.</xAnon> i oznaczając termin zapłaty do dnia 29 lutego 2000 roku,</xText>
                </xEnumElem>
                <xEnumElem>
                  <xText><xAnon>L. S.</xAnon> przekazał wskazany rachunek uprawnionym do ich zaksięgowania pracownikom SI <xAnon>(...)</xAnon> z poleceniem dokonania zapłaty wskazanej na rachunku kwoty,</xText>
                </xEnumElem>
                <xEnumElem>
                  <xText> w dniu 2 czerwca 2000 roku na prowadzony w <xAnon>(...)</xAnon> Oddział <xAnon>W.</xAnon><xAnon>rachunek nr (...)</xAnon><xAnon>Z. S.</xAnon> przyjęła kwotę 5 000 zł stanowiący częściową zapłatę za rzekomo zrealizowana usługę, tj. o czyn z <xLexLink xArt="art. 271;art. 271 § 3" xIsapId="WDU19970880553" xTitle="Ustawa z dnia 6 czerwca 1997 r. - Kodeks karny" xAddress="Dz. U. z 1997 r. Nr 88, poz. 553">art. 271 § 3 kk</xLexLink>. i <xLexLink xArt="art. 286;art. 286 § 1" xIsapId="WDU19970880553" xTitle="Ustawa z dnia 6 czerwca 1997 r. - Kodeks karny" xAddress="Dz. U. z 1997 r. Nr 88, poz. 553">art. 286 § 1 kk</xLexLink>. w zw. z <xLexLink xArt="art. 11;art. 11 § 2" xIsapId="WDU19970880553" xTitle="Ustawa z dnia 6 czerwca 1997 r. - Kodeks karny" xAddress="Dz. U. z 1997 r. Nr 88, poz. 553">art. 11 § 2 kk</xLexLink>. w zw. z <xLexLink xArt="art. 12" xIsapId="WDU19970880553" xTitle="Ustawa z dnia 6 czerwca 1997 r. - Kodeks karny" xAddress="Dz. U. z 1997 r. Nr 88, poz. 553">art. 12 kk</xLexLink>.</xText>
                </xEnumElem>
              </xEnum>
            </xUnit>
          </xUnit>
          <xUnit xIsTitle="false" xType="none">
            <xName xSffx="."> IV</xName>
            <xUnit xIsTitle="false" xType="none">
              <xName xSffx="."> IV</xName>
              <xText> w okresie od 30 kwietnia 2000 roku do 31 maja 2000 roku w <xAnon>B.</xAnon>, woj. <xAnon>(...)</xAnon> oraz <xAnon>R.</xAnon>, woj. <xAnon>(...)</xAnon>, w krótkich odstępach czasu, w wykonaniu z góry powziętego zamiaru, wspólnie i w porozumieniu z inną ustaloną osobą działającą, jako Prezes Spółki z <xAnon>ograniczoną odpowiedzialnością (...)</xAnon><xAnon>Zakład Pracy (...)</xAnon> z siedzibą w <xAnon>B.</xAnon> przy <xAnon>ul. (...)</xAnon>, co, do której w tym zakresie prowadzone jest odrębne postępowanie karne, będącą uprawnioną do wystawiania faktur VAT dotyczących sprzedaży towarów i usług, działając w celu osiągnięcia korzyści majątkowej, poprzez polecenie innej ustalonej i wskazanej wyżej osobie wystawienia fałszywych faktur VAT dla SI <xAnon>(...)</xAnon> poświadczających wykonanie fikcyjnych usług, następnie wpisywanych do księgowości SI <xAnon>(...)</xAnon>, jako poniesione koszty działalności, naraził wyżej wymieniony podmiot na szkodę w znacznej, bo wynoszącej 180 670, 00 zł wartości jak również naraził Skarb Państwa na straty z tytułu zwrotu podatku VAT w łącznej wysokości 19 650, 00 zł a w szczególności:</xText>
              <xEnum>
                <xBullet> -</xBullet>
                <xEnumElem>
                  <xText> w dniu 30 kwietnia 2000 roku w <xAnon>B.</xAnon> polecił innej ustalonej i wskazanej wyżej osobie wystawić <xAnon>fakturę VAT nr (...)</xAnon> na usługę organizacji dystrybucji napojów wartości brutto 68 320, 00 zł, gdzie wartość podatku VAT wyniosła 12 320, 00 zł,</xText>
                </xEnumElem>
                <xEnumElem>
                  <xText> w dniu 31 maja 2000 roku w <xAnon>B.</xAnon> polecił innej ustalonej i wskazanej wyżej osobie wystawić <xAnon>fakturę VAT nr (...)</xAnon> na usługi czyszczenia chemicznego formatek z folii pęcherzykowej o wartości brutto 112 350, 00 zł, gdzie wartość podatku VAT wyniosła 7 350 zł tj. o czyn z <xLexLink xArt="art. 271;art. 271 § 3" xIsapId="WDU19970880553" xTitle="Ustawa z dnia 6 czerwca 1997 r. - Kodeks karny" xAddress="Dz. U. z 1997 r. Nr 88, poz. 553">art. 271 § 3 kk</xLexLink>. w zw. z <xLexLink xArt="art. 286;art. 286 § 1" xIsapId="WDU19970880553" xTitle="Ustawa z dnia 6 czerwca 1997 r. - Kodeks karny" xAddress="Dz. U. z 1997 r. Nr 88, poz. 553">art. 286 § 1 kk</xLexLink>. w zw. z <xLexLink xArt="art. 294;art. 294 § 1" xIsapId="WDU19970880553" xTitle="Ustawa z dnia 6 czerwca 1997 r. - Kodeks karny" xAddress="Dz. U. z 1997 r. Nr 88, poz. 553">art. 294 § 1 kk</xLexLink>. w zw. z <xLexLink xArt="art. 11;art. 11 § 2" xIsapId="WDU19970880553" xTitle="Ustawa z dnia 6 czerwca 1997 r. - Kodeks karny" xAddress="Dz. U. z 1997 r. Nr 88, poz. 553">art. 11 § 2 kk</xLexLink>. w zw. z <xLexLink xArt="art. 12" xIsapId="WDU19970880553" xTitle="Ustawa z dnia 6 czerwca 1997 r. - Kodeks karny" xAddress="Dz. U. z 1997 r. Nr 88, poz. 553">art. 12 kk</xLexLink>.</xText>
                </xEnumElem>
              </xEnum>
            </xUnit>
          </xUnit>
          <xUnit xIsTitle="false" xType="none">
            <xName xSffx="."> V</xName>
            <xUnit xIsTitle="false" xType="none">
              <xName xSffx="."> V</xName>
              <xText> w okresie od 22 marca 1999 roku do 30 sierpnia 1999 roku we <xAnon>W.</xAnon>, woj. <xAnon>(...)</xAnon>, w wykonaniu z góry powziętego zamiaru w ramach zorganizowanej grupy mającej na celu popełnianie przestępstw przeciwko mieniu, według przyjętego i zaakceptowanego podziału ról i zadań przy realizacji poszczególnych przestępczych przedsięwzięć, działając w krótkich odstępach czasu, wspólnie i w porozumieniu z <xAnon>Z. D.</xAnon>, odnośnie, której postępowanie zostało umorzone z uwagi na jej śmierć, <xAnon>Z. G.</xAnon>, inną ustaloną osobą, co, do której prowadzone jest odrębne postępowanie karne oraz <xAnon>E. W. (1)</xAnon>, prowadzącą działalność gospodarczą w ramach firmy Przedsiębiorstwo Handlowo Produkcyjno - <xAnon>Usługowe (...) Sp. z o.o.</xAnon>, <xAnon>W.</xAnon>, <xAnon>ul. (...)</xAnon>, będącą uprawnioną do przyjmowania i wystawiania faktur VAT dotyczących sprzedaży towarów i usług, działając w krótkich odstępach czasu w celu osiągnięcia korzyści majątkowej^ poprzez kierowanie działaniami <xAnon>E. W. (1)</xAnon> w zakresie polecania potwierdzania wykonania fikcyjnych usług i fikcyjnej sprzedaży towarów na rzecz innych podmiotów oraz fikcyjnego zakupienia usług i towarów od innych podmiotów naraził Skarb Państwa na straty w znacznej wysokości z tytułu zwrotu podatku VAT i zaliczenie kwot z wystawionych faktur w koszty działalności innych podmiotów, przez co nieodprowadzony został należny podatek VAT w kwotach, co najmniej 470 800, 44 zł i tak:</xText>
              <xEnum>
                <xBullet> -</xBullet>
                <xEnumElem>
                  <xText> z tytułu podpisania przez <xAnon>E. W. (1)</xAnon> faktur sprzedaży towarów i usług o łącznej wartości 1 099 123, 50 zł wartość podatku VAT wyniosła 241 807,17 zł, w szczególności zaś z tytułu wystawienia faktur sprzedaży:</xText>
                </xEnumElem>
              </xEnum>
            </xUnit>
          </xUnit>
          <xText> na rzecz <xAnon>firmy (...) S.A.</xAnon> w <xAnon>N.</xAnon> w dniu 22.03.1999 roku nr <xAnon>(...)</xAnon> na kwotę 348 166, 00 zł podatek VAT wyniósł 72 596, 52 zł</xText>
          <xText> na rzecz <xAnon>firmy (...) S.A.</xAnon> w <xAnon>N.</xAnon> w dniu 26.03.1999 roku nr <xAnon>(...)</xAnon> na kwotę 8 400, 00 zł podatek VAT wyniósł 1 848, 00 zł</xText>
          <xText> na rzecz <xAnon>firmy (...) S.A.</xAnon> w <xAnon>N.</xAnon> w dniu 25.06.1999 roku nr <xAnon>(...)</xAnon> na kwotę 38 116, 00 zł podatek VAT wyniósł 8 385, 63 zł</xText>
          <xText> na rzecz <xAnon>firmy (...) Serwis</xAnon>! w dniu 25.03.1999 roku nr <xAnon>(...)</xAnon> na kwotę 35 721, 00 zł podatek VAT wyniósł 7 858, 62 zł</xText>
          <xText> na rzecz <xAnon>firmy Przedsiębiorstwo (...) - Handlowo</xAnon> - <xAnon>Produkcyjne (...) Sp. z o.o.</xAnon> w dniu 30. 0411999 roku nr <xAnon>(...)</xAnon> na kwotę 158 000, 00 zł</xText>
          <xText> na rzecz <xAnon>firmy Przedsiębiorstwo (...) - Handlowo</xAnon> - <xAnon>Produkcyjne (...) Sp. z o.o.</xAnon> w dniu 31.07.1999 roku nr <xAnon>(...)</xAnon> na kwotę 43 500, 00 zł podatek VAT wyniósł 9 570, 00 zł</xText>
          <xText> na rzecz <xAnon>firmy Przedsiębiorstwo (...) - Handlowo</xAnon> - <xAnon>Produkcyjne (...) Sp. z o.o.</xAnon> w dniu 30.08.1999 roku nr <xAnon>(...)</xAnon> na kwotę 26 220, 00 zł podatek VAT wyniósł 5 768, 40 zł</xText>
          <xText> na rzecz <xAnon>firmy (...) Sp. z o.o.</xAnon> w dniu 24.05.1999 roku nr <xAnon>(...)</xAnon> na kwotę 221 000, 00 zł podatek VAT Wyniósł 48 620, 00 zł</xText>
          <xText> na rzecz <xAnon>firmy (...) Sp. z o.o.</xAnon> w dniu 26.05.1999 roku nr <xAnon>(...)</xAnon> na kwotę 83 200, 00 zł podatek VAT wyniósł 18 304, 00 zł</xText>
          <xText> na rzecz <xAnon>firmy (...) Sp. z o.o.</xAnon> w dniu 28.05.1999 roku nr <xAnon>(...)</xAnon> na kwotę 19 000, 00 zł podatek VAT wyniósł 4 180, 00 zł</xText>
          <xText> na rzecz <xAnon>firmy (...) Sp. z o.o.</xAnon> w dniu 31.05.1999 roku nr <xAnon>(...)</xAnon> na kwotę 50 000, 00 zł podatek VAT wyniósł 11 000, 00 zł</xText>
          <xText> na rzecz <xAnon>firmy (...) Sp. z o.o.</xAnon> w dniu 25.06.1999 roku nr <xAnon>(...)</xAnon> na kwotę 37 900, 00 zł podatek VAT wyniósł 8 338, 00 zł</xText>
          <xText> na rzecz <xAnon>firmy (...) Sp. z o.o.</xAnon> w dniu 28.06.1999 roku nr <xAnon>(...)</xAnon> na kwotę 29 900, 00 zł podatek VAT wyniósł 6 578, 00 zł</xText>
          <xEnum>
            <xBullet> -</xBullet>
            <xEnumElem>
              <xText> z tytułu podpisania przez <xAnon>E. W. (1)</xAnon> faktur zakupu towarów i usług o łącznej wartości 1 040 878, 50 zł wartość podatku VAT wyniosła 228 993, 27 zł, w szczególności zaś z tytułu przyjęcia faktur nabycia towarów i usług:</xText>
            </xEnumElem>
          </xEnum>
          <xText> od <xAnon>firmy (...) SP. z o.o.</xAnon> w dniu 22.03.1999 roku nr <xAnon>(...)</xAnon> na kwotę 345 252, 00 zł podatek VAT wyniósł 75 955, 44 zł,</xText>
          <xText> od <xAnon>firmy (...) Sp. z o.o.</xAnon> w dniu 25^03. 1999 roku nr <xAnon>(...)</xAnon> na kwotę 43 560 zł podatek VAT wyniósł 9 583, 20 zł,</xText>
          <xText> od <xAnon>firmy (...) Sp. z o.o.</xAnon> w dniu 31.05.1999 roku nr <xAnon>(...)</xAnon> na kwotę 148 000, 00 zł podatek VAT wyniósł <xAnon>(...)</xAnon> 560, 00 zł,</xText>
          <xText> od <xAnon>firmy (...) SP. z o.o.</xAnon> w dniu 31.05.1999 roku nr <xAnon>(...)</xAnon> na kwotę 134 000 zł podatek VAT wyniósł 29 480, 00 zł,</xText>
          <xText> od <xAnon>firmy (...) Sp. z o.o.</xAnon> w dniu 24.06.1999 roku nr <xAnon>(...)</xAnon> na kwotę 38 116, 50 zł podatek VAT wyniósł 8 385, 63 zł,</xText>
          <xText> od <xAnon>firmy (...) Sp. z o.o.</xAnon> w dniu 24.06.1999 roku nr <xAnon>(...)</xAnon> na kwotę 65 000, 00 zł podatek VAT wyniósł 14 300, 00 zł,</xText>
          <xText> od <xAnon>firmy PPHU (...)</xAnon> w dniu 05.04.1999 roku nr <xAnon>(...)</xAnon> na kwotę 139 500, 00 zł podatek VAT wyniósł 30 690 zł,</xText>
          <xText> od <xAnon>firmy PPHU (...)</xAnon> w dniu 28.05.1999 roku nr <xAnon>(...)</xAnon> na kwotę 62 650, 00 zł podatek VAT wyniósł 13 783, 00 zł,</xText>
          <xText> od <xAnon>firmy PPHU (...)</xAnon> w dniu 19.08.1999 roku nr <xAnon>(...)</xAnon> na kwotę 19 600, 00 zł podatek VAT wyniósł 4 312, 00 zł</xText>
          <xText> od <xAnon>firmy Biuro Usług (...)</xAnon> i Pośrednictwa Handlowego <xAnon>(...)</xAnon><xAnon>Z. D.</xAnon> w dniu 30.07.1999 roku nr <xAnon>(...)</xAnon> na kwotę 42 000, 00 zł na podatek VAT wyniósł 9 240, 00 zł,</xText>
          <xText> od <xAnon>firmy Biuro Usług (...)</xAnon> i Pośrednictwa Handlowego <xAnon>(...)</xAnon><xAnon>Z. D.</xAnon> w dniu 24.08.1999 roku nr <xAnon>(...)</xAnon> na kwotę 3 200, 00 zł podatek VAT wyniósł 704, 00 zł tj. o czyn z <xLexLink xArt="art. 271;art. 271 § 3" xIsapId="WDU19970880553" xTitle="Ustawa z dnia 6 czerwca 1997 r. - Kodeks karny" xAddress="Dz. U. z 1997 r. Nr 88, poz. 553">art. 271 § 3 kk</xLexLink>. i <xLexLink xArt="art. 286;art. 286 § 1" xIsapId="WDU19970880553" xTitle="Ustawa z dnia 6 czerwca 1997 r. - Kodeks karny" xAddress="Dz. U. z 1997 r. Nr 88, poz. 553">art. 286 § 1 kk</xLexLink>. w zw. z <xLexLink xArt="art. 294;art. 294 § 1" xIsapId="WDU19970880553" xTitle="Ustawa z dnia 6 czerwca 1997 r. - Kodeks karny" xAddress="Dz. U. z 1997 r. Nr 88, poz. 553">art. 294 § 1 kk</xLexLink>. w zw. z <xLexLink xArt="art. 11;art. 11 § 2" xIsapId="WDU19970880553" xTitle="Ustawa z dnia 6 czerwca 1997 r. - Kodeks karny" xAddress="Dz. U. z 1997 r. Nr 88, poz. 553">art. 11 § 2 kk</xLexLink>. w zw. z <xLexLink xArt="art. 12" xIsapId="WDU19970880553" xTitle="Ustawa z dnia 6 czerwca 1997 r. - Kodeks karny" xAddress="Dz. U. z 1997 r. Nr 88, poz. 553">art. 12 kk</xLexLink>. w zw. z <xLexLink xArt="art. 65" xIsapId="WDU19970880553" xTitle="Ustawa z dnia 6 czerwca 1997 r. - Kodeks karny" xAddress="Dz. U. z 1997 r. Nr 88, poz. 553">art. 65 kk</xLexLink>.</xText>
          
          <xUnit xIsTitle="false" xType="none">
            <xName xSffx="."> VI</xName>
            <xUnit xIsTitle="false" xType="none">
              <xName xSffx="."> VI</xName>
              <xText> W okresie od dnia 30 czerwca 1999 roku do 2 września 1999 roku we <xAnon>W.</xAnon> w woj. <xAnon>(...)</xAnon>, w wykonaniu z góry powziętego zamiaru, w celu osiągnięcia znacznej korzyści majątkowej, w ramach zorganizowanej grupy mającej na celu popełnianie przestępstw przeciwko mieniu, według przyjętego i zaakceptowanego podziału ról i zadań przy realizacji poszczególnych przestępnych przedsięwzięć, wspólnie i w porozumieniu z <xAnon>Z. D.</xAnon>, odnośnie, której postępowanie zostało umorzone z uwagi na jej śmierć, <xAnon>E. W. (1)</xAnon>, <xAnon>Z. G.</xAnon> i inna ustalona osobą względem, której prowadzone jest odrębne postępowanie karne, wykorzystując działalność gospodarczą prowadzoną w ramach firmy Przedsiębiorstwo Handlowo - Produkcyjno - <xAnon>Usługowe (...) Sp. z o.o.</xAnon>5 <xAnon>W.</xAnon>, <xAnon>ul. (...)</xAnon>, podjął czynności związane z udaremnieniem bądź znacznym utrudnieniem stwierdzenia przestępnego pochodzenia pieniędzy, co stanowiło usługę w zatajeniu przestępnego pochodzenia pieniędzy, w ten sposób, że po uprzednim poleceniu <xAnon>E. W. (1)</xAnon> potwierdzenia przyjęciu faktur z tytułu zakupu towarów i usług, zawierających dane niezgodne z rzeczywistością a następnie poleceniu <xAnon>E. W. (1)</xAnon> wystawienia faktur z tytułu sprzedaży towarów i usług, zawierających dane niezgodne z rzeczywistością polecił <xAnon>E. W. (1)</xAnon> przyjąć w formie wpłat na rachunek bankowy w <xAnon>Banku (...) Handlowym S.A.</xAnon> I Oddział we <xAnon>W.</xAnon> nr <xAnon>(...)</xAnon> - <xAnon>(...)</xAnon> prowadzony dla <xAnon>firmy (...)</xAnon>, pieniądze pochodzące z nieopodatkowanej działalności gospodarczej innych podmiotów, w łącznej kwocie, co najmniej 491 782, 00 zł, a następnie polecił <xAnon>E. W. (1)</xAnon> przekazać pieniądze w wysokości 468 200, 00 zł na rachunek bankowy prowadzony na rzecz <xAnon>(...) Sp. z o.o.</xAnon> z siedzibą we <xAnon>W.</xAnon>, <xAnon>ul. (...)</xAnon> w <xAnon>Banku (...) Handlowym S.A.</xAnon> I Oddział we <xAnon>W.</xAnon> nr <xAnon>(...)</xAnon> - <xAnon>(...)</xAnon> - <xAnon>(...)</xAnon> – <xAnon>(...) (...)</xAnon>. o czyn z <xLexLink xArt="art. 299;art. 299 § 5;art. 299 § 6" xIsapId="WDU19970880553" xTitle="Ustawa z dnia 6 czerwca 1997 r. - Kodeks karny" xAddress="Dz. U. z 1997 r. Nr 88, poz. 553">art. 299 § 5 i § 6 kk</xLexLink> w zw. z <xLexLink xArt="art. 299;art. 299 § 1" xIsapId="WDU19970880553" xTitle="Ustawa z dnia 6 czerwca 1997 r. - Kodeks karny" xAddress="Dz. U. z 1997 r. Nr 88, poz. 553">art. 299 § 1 kk</xLexLink> w zw. z <xLexLink xArt="art. 12" xIsapId="WDU19970880553" xTitle="Ustawa z dnia 6 czerwca 1997 r. - Kodeks karny" xAddress="Dz. U. z 1997 r. Nr 88, poz. 553">art. 12 kk</xLexLink> w zw. z <xLexLink xArt="art. 65" xIsapId="WDU19970880553" xTitle="Ustawa z dnia 6 czerwca 1997 r. - Kodeks karny" xAddress="Dz. U. z 1997 r. Nr 88, poz. 553">art. 65 kk</xLexLink></xText>
            </xUnit>
            <xUnit xIsTitle="false" xType="none">
              <xName xSffx="."> VII</xName>
              <xText> w okresie od 7 maja 1999 roku do 29 lutego 2000 roku we <xAnon>W.</xAnon>, woj. <xAnon>(...)</xAnon>, w wykonaniu z góry powziętego zamiaru, działając w krótkich odstępach czasu w ramach zorganizowanej grupy mającej na celu popełnianie przestępstw przeciwko mieniu, według przyjętego i zaakceptowanego podziału ról i zadań przy realizacji poszczególnych przestępczych przedsięwzięć, wspólnie i w porozumieniu z <xAnon>E. W. (1)</xAnon>, inna ustaloną osobą w stosunku, do której prowadzone jest odrębne postępowanie karne oraz <xAnon>Z. G.</xAnon> działającym, jako Prezes Zarządu <xAnon>Sp. z o.o. (...)</xAnon> z siedziba we <xAnon>W.</xAnon>, <xAnon>ul. (...)</xAnon> i będącym uprawnionym do przyjmowania i wystawiania faktur VAT dotyczących sprzedaży towarów i usług, wykorzystując działalność gospodarczą prowadzoną przez <xAnon>Z. G.</xAnon> w ramach <xAnon>firmy (...) Sp. z o.o.</xAnon>, <xAnon>W.</xAnon>, <xAnon>ul. (...)</xAnon>, działając w celu osiągnięcia korzyści majątkowej, poprzez polecanie <xAnon>Z. G.</xAnon> potwierdzania fikcyjnego zakupu usług i towarów o łącznej wartości 2 055 146, 31 zł od innych podmiotów naraził Skarb Państwa na straty z tytułu nienależnego zwrotu podatku VAT w kwocie, co najmniej 451 832, 19 zł i tak w szczególności:</xText>
            </xUnit>
          </xUnit>
          <xText> od <xAnon>firmy (...) SP. z o.o.</xAnon> w dniu 14.06.1999 roku nr <xAnon>(...)</xAnon> na kwotę 183 250, 00 zł podatek VAT wyniósł 40 315, 00 zł,</xText>
          <xText> od <xAnon>firmy (...) SP. z o.o.</xAnon> w dniu 18.06.1999 roku nr <xAnon>(...)</xAnon> na kwotę 107 920, 00 zł podatek VAT wyniósł 23 742, 40 zł,</xText>
          <xText> od <xAnon>firmy (...)</xAnon>. <xAnon>(...) SP. z o.o.</xAnon> w dniu 24.06.1999 roku nr <xAnon>(...)</xAnon> na kwotę 82 800, 00 zł podatek VAT wyniósł 18 216, 00 zł,</xText>
          <xText> od <xAnon>firmy (...) SP. z o.o.</xAnon> w dniu 28.06.1999 roku nr <xAnon>(...)</xAnon> na kwotę 16 721, 31 zł podatek VAT wyniósł 3 678, 69 zł,</xText>
          <xText> od <xAnon>firmy (...) SP. z o.o.</xAnon> w dniu 28.06.1999 roku nr <xAnon>(...)</xAnon> na kwotę 56 000, 00 zł podatek VAT wyniósł 12 320, 00 zł,</xText>
          <xText> od <xAnon>firmy (...) SP. z o.o.</xAnon> w dniu 02.07.1999 roku nr <xAnon>(...)</xAnon> na kwotę 40 000, 00 zł podatek VAT wyniósł 8 800, 00 zł,</xText>
          <xText> od <xAnon>firmy (...) SP. z o.o.</xAnon> w dniu 12.07.1999 roku nr <xAnon>(...)</xAnon> na kwotę 46 400, 00 zł podatek VAT wyniósł 10 208, 00 zł,</xText>
          <xText> od <xAnon>firmy (...) SP. z o.o.</xAnon></xText>
          <xText> w dniu 15.07.1999 roku nr <xAnon>(...)</xAnon> na kwotę 74 900, 00 zl podatek VAT wyniósł 16 478, 00 zł,</xText>
          <xText> od <xAnon>firmy (...) SP. z o.o.</xAnon> w dniu 28.07.1999 roku nr <xAnon>(...)</xAnon> na kwotę 74 000, 00 zł podatek VAT wyniósł 16 280, 00 zł</xText>
          <xText> od <xAnon>firmy (...) SP. z o.o.</xAnon> w dniu 17.08.1999 roku nr <xAnon>(...)</xAnon> na kwotę 37 780, 00 zł podatek VAT wyniósł 8 311, 60 zł</xText>
          <xText> od <xAnon>firmy (...) SP. z o. o.</xAnon>, w dniu 22.08.1999 roku nr <xAnon>(...)</xAnon> na kwotę 37 500, 00 zł podatek VAT wyniósł 8 250, 00 zł,</xText>
          <xText> od <xAnon>firmy (...) SP. z o.o.</xAnon> w dniu 03.09.1999 roku nr <xAnon>(...)</xAnon> na kwotę 27 000, 00 zł podatek VAT wyniósł |5 940, 00 zł,</xText>
          <xText> od <xAnon>firmy (...) SP. z o.o.</xAnon> w dniu 10.09.1999 roku nr <xAnon>(...)</xAnon> na kwotę 33 000, 00 zł podatek VAT wyniósł 7 260, 00 zł</xText>
          <xText> od <xAnon>firmy (...) SP. z o.o.</xAnon> w dniu 14.09.1999 roku nr <xAnon>(...)</xAnon> na kwotę 14 200, 00 zł podatek VAT wyniósł 3 <xAnon>(...)</xAnon>, 00 zł</xText>
          <xText> od <xAnon>firmy (...) SP. z o.o.</xAnon> w dniu 22.09.1999 roku nr <xAnon>(...)</xAnon> na kwotę 41 800, 00 zł podatek VAT wyniósł 9 196, 00 zł,</xText>
          <xText> od <xAnon>firmy (...) SP. z o.o.</xAnon> w dniu 30.09.1999 roku nr <xAnon>(...)</xAnon> na kwotę 29 400, 00 zł podatek VAT wyniósł 6 468, 00 zł,</xText>
          <xText> od <xAnon>firmy (...) SP. z o.o.</xAnon> w dniu 04.11.1999 roku nr <xAnon>(...)</xAnon> na kwotę 17 585, 00 zł podatek VAT wyniósł 3 868, 70 zł,</xText>
          <xText> od <xAnon>firmy (...) SP. z o.o.</xAnon> w dniu 05.11.1999 roku nr <xAnon>(...)</xAnon> na kwotę 13 400, 00 zł podatek VAT wyniósł 2 948, 00 zł,</xText>
          <xText> od <xAnon>firmy (...) SP. z o.o.</xAnon> w dniu 09.11.1999 roku nr <xAnon>(...)</xAnon> na kwotę 15 130, 00 zł podatek VAT wyniósł 3 328670 zł,</xText>
          <xText> od <xAnon>firmy (...) SP. z o.o.</xAnon> w dniu 10.11.1999 roku nr <xAnon>(...)</xAnon> na kwotę 10 000, 00 zł podatek VAT wyniósł 3 960, 00 zł,</xText>
          <xText> od <xAnon>firmy (...) SP. z o.o.</xAnon> w dniu 15.11.1999 roku nr <xAnon>(...)</xAnon> na kwotę 14 000, 00 zł podatek VAT wyniósł 3 080, 00 zł,</xText>
          <xText> od <xAnon>firmy (...) SP. z o.o.</xAnon> w dniu 17.11.1999 roku nr <xAnon>(...)</xAnon> na kwotę 18 000, 00 zł podatek VAT wyniósł 3 960, 00 zł</xText>
          <xText> od <xAnon>firmy (...) SP. z o.o.</xAnon> w dniu 18.11.1999 roku nr <xAnon>(...)</xAnon> na kwotę 44 100, 00 zł podatek VAT wyniósł 9 702, 00 zł,</xText>
          <xText> od <xAnon>firmy (...) SP. z o.o.</xAnon> w dniu 22.11.1999 roku nr <xAnon>(...)</xAnon> na kwotę 21 000, 00 zł podatek VAT wyniósł 4 620, 00 zł,</xText>
          <xText> od <xAnon>firmy (...) SP. z o.o.</xAnon> w dniu 26.11.1999 roku nr <xAnon>(...)</xAnon> na kwotę 15 600, 00 zł podatek VAT wyniósł 3 432, 00 zł,</xText>
          <xText> od <xAnon>firmy (...) SP. z o.o.</xAnon> w dniu 30.11.1999 roku nr <xAnon>(...)</xAnon> na kwotę 22 800, 00 zł podatek VAT wyniósł 5 016, 00 zł,</xText>
          <xText> od <xAnon>firmy (...) SP. z o.o.</xAnon> w dniu 01.12.1999 roku nr <xAnon>(...)</xAnon> na kwotę 9 485, 00 zł podatek VAT wyniósł 2 086, 70 zł,</xText>
          <xText> od <xAnon>firmy (...) SP. z o.o.</xAnon> w dniu 01.12.1999 roku nr <xAnon>(...)</xAnon> na kwotę 5 400, 00 zł podatek VAT wyniósł 1 188, 00 zł,</xText>
          <xText> od <xAnon>firmy (...) SP. z o.o.</xAnon> w dniu 01.12.1999 roku nr <xAnon>(...)</xAnon> na kwotę 2 700, 00 zł podatek VAT wyniósł 594, 00 zł,</xText>
          <xText> od <xAnon>firmy (...) SP. z o.o.</xAnon> w dniu 02.12.1999 roku nr <xAnon>(...)</xAnon> na kwotę 6 650, 00 zł podatek VAT wyniósł 1 463, 00 zł,</xText>
          <xText> od <xAnon>firmy (...) SP. z o.o.</xAnon> w dniu 02.12.1999 roku nr <xAnon>(...)</xAnon> na kwotę 2 700, 00 zł podatek VAT wyniósł 594, 00 zł,</xText>
          <xText> od <xAnon>firmy (...) SP. z o.o.</xAnon> w dniu 02.12.1999 roku nr <xAnon>(...)</xAnon> na kwotę 2 700, 00 zł podatek VAT wyniósł 594, 00 zł,</xText>
          <xText> od <xAnon>firmy (...) SP. z o.o.</xAnon> w dniu 02.12.1999 roku nr <xAnon>(...)</xAnon> na kwotę 1 350, 00 zł podatek VAT wyniósł 297, 00 zł,</xText>
          <xText> od <xAnon>firmy (...) SP. z o.o.</xAnon> w dniu 06.12.1999 roku nr <xAnon>(...)</xAnon> na kwotę 15 130, 00 zł podatek VAT wyniósł 3 328, 60 zł,</xText>
          <xText> od <xAnon>firmy (...) SP. z o.o.</xAnon> w dniu 13.12.1999 roku nr <xAnon>(...)</xAnon> na kwotę 18 000, 00 zł podatek VAT wyniósł 3 960, 00 zł,</xText>
          <xText> od <xAnon>firmy (...) SP. z o.o.</xAnon> w dniu 16.12.1999 roku nr <xAnon>(...)</xAnon> na kwotę 14 000, 00 zł podatek VAT wyniósł 3 080, 00 zł,</xText>
          <xText> od <xAnon>firmy (...) SP. z o.o.</xAnon> w dniu 17.12.1999 roku nr <xAnon>(...)</xAnon> na kwotę 18 000, 00 zł podatek VAT wyniósł 3 960, 00 zł,</xText>
          <xText> od <xAnon>firmy (...) SP. z o.o.</xAnon> w dniu 22.12.1999 roku nr <xAnon>(...)</xAnon> na kwotę 21 000, 00 zł podatek VAT wyniósł 4 620, 00 zł,</xText>
          <xText> od <xAnon>firmy (...) SP. z o.o.</xAnon> w dniu 23.12.1999 roku nr <xAnon>(...)</xAnon> na kwotę 19 800, 00 zł podatek VAT wyniósł 4 356, 00 zł,</xText>
          <xText> od <xAnon>firmy (...) SP. z o.o.</xAnon> w dniu 28.12.1999 roku nr <xAnon>(...)</xAnon> na kwotę 38 000, 00 zł podatek VAT wyniósł 8 360, 00 zł,</xText>
          <xText> od <xAnon>firmy PPHU (...)</xAnon> w dniu 21.05.1999 roku nr <xAnon>(...)</xAnon> na kwotę 26 700, 00 zł podatek VAT wyniósł 5 874 zł,</xText>
          <xText> od <xAnon>firmy PPHU (...)</xAnon> w dniu 28.05.1999 roku nr <xAnon>(...)</xAnon> na kwotę 14 500, 00 zł podatek VAT wyniósł 3 190, 00 zł,</xText>
          <xText> od <xAnon>firmy PPHU (...)</xAnon> w dniu 30.06.1999 roku nr <xAnon>(...)</xAnon> na kwotę 31 100, 00 zł podatek VAT wyniósł 6 842, 00 zł,</xText>
          <xText> Od <xAnon>firmy PPHU (...)</xAnon> w dniu 30.06.1999 roku nr <xAnon>(...)</xAnon> na kwotę 40 850, 00 zł podatek VAT wyniósł 8 987, 00 zł,</xText>
          <xText> od <xAnon>firmy PPHU (...)</xAnon> w dniu 30.07.1999 roku nr <xAnon>(...)</xAnon> na kwotę 23 400, 00 zł podatek VAT wyniósł 5 148, 00 zł,</xText>
          <xText> od <xAnon>firmy PPHU (...)</xAnon> w dniu 30.07.1999 roku nr <xAnon>(...)</xAnon> na kwotę 19 900, 00 zł podatek VAT wyniósł 4 312, 00 zł,</xText>
          <xText> od <xAnon>firmy (...) Sp. z o.o.</xAnon> w dniu 24.05.1999 roku nr <xAnon>(...)</xAnon> na kwotę 221 000, 00 zł podatek VAT wyniósł 48 620, 00 zł,</xText>
          <xText> od <xAnon>firmy (...) Sp. z o.o.</xAnon> w dniu 26.05.1999 roku nr <xAnon>(...)</xAnon> na kwotę 83 200, 00 zł podatek VAT wyniósł 18 304, 00 zł,</xText>
          <xText> od <xAnon>firmy (...) Sp. z o.o.</xAnon> w dniu 28.05.1999 roku nr <xAnon>(...)</xAnon> na kwotę 19 000, 00 zł podatek VAT wyniósł 4 180, 00 zł</xText>
          <xText> od <xAnon>firmy (...) Sp. z o.o.</xAnon> w dniu 31.05.1999 roku nr <xAnon>(...)</xAnon> na kwotę 50 000, 00 podatek VAT wyniósł 11 000, 00 zł,</xText>
          <xText> od <xAnon>firmy (...) Sp. z o.o.</xAnon> w dniu 25.06.1999 roku nr <xAnon>(...)</xAnon> na kwotę 37 900, 00 zł podatek VAT wyniósł 3 338, 00 zł,</xText>
          <xText> od <xAnon>firmy (...) Sp. z o.o.</xAnon> w dniu 28.06.1999 roku nr <xAnon>(...)</xAnon> na kwotę 29 900, 00 podatek VAT wyniósł 6 578, 00 zł,</xText>
          <xText> od firmy<xAnon>(...)</xAnon><xAnon>(...)</xAnon> w dniu 07.05.1999 roku nr <xAnon>(...)</xAnon> na kwotę 69 900, 00 zł podatek VAT wyniósł 15 378, 00 zł,</xText>
          <xText> od firmy <xAnon>(...)</xAnon><xAnon>(...)</xAnon> w dniu 07.05.1999 roku nr <xAnon>(...)</xAnon> na kwotę 25 160, 00 podatek VAT wyniósł 5 535, 20 zł,</xText>
          <xText> od firmy <xAnon>(...)</xAnon><xAnon>(...)</xAnon> w dniu 18.05.1999 roku nr <xAnon>(...)</xAnon> na kwotę 36 700, 00 podatek VAT wyniósł 8 074, 00 zł,</xText>
          <xText> od firmy <xAnon>(...)</xAnon><xAnon>(...)</xAnon> w dniu 31.05.1999 roku nr <xAnon>(...)</xAnon> na kwotę 89 600, 00 podatek VAT wyniósł 19 712, 00 zł,</xText>
          <xText> od firmy <xAnon>(...)</xAnon><xAnon>(...)</xAnon> w dniu 31.05.1999 roku nr <xAnon>(...)</xAnon> na kwotę 7 500, 00 podatek VAT wyniósł 1 650, 00 zł,</xText>
          <xText> od firmy <xAnon>(...)</xAnon><xAnon>(...)</xAnon> w dniu 07.06.1999 roku nr <xAnon>(...)</xAnon> na kwotę 5 800, 00 zł. podatek VAT wyniósł 1 276,00 zł,</xText>
          <xText> od firmy <xAnon>(...)</xAnon><xAnon>(...)</xAnon> w dniu 11.06.1999 roku nr <xAnon>(...)</xAnon> na kwotę 7 200, 00 zł podatek VAT wyniósł 1 584, 00 zł,</xText>
          <xText> od firmy <xAnon>(...)</xAnon><xAnon>(...)</xAnon> w dniu 30.06.1999 roku nr <xAnon>(...)</xAnon> na kwotę 18 700, 00 zł podatek VAT wyniósł 4 114, 00 zł,</xText>
          <xText> od firmy <xAnon>(...)</xAnon><xAnon>(...)</xAnon> w dniu 20.07.1999 roku nr <xAnon>(...)</xAnon> na kwotę 14 500, 00 zł. podatek VAT wyniósł 3 190,00 zł,</xText>
          <xText> od <xAnon>firmy (...) Sp. z o.o.</xAnon> w dniu 29.02.2000 roku nr <xAnon>(...)</xAnon> na kwotę 80 650, 00 zł podatek VAT wyniósł 17 443, 00 zł, tj. o czyn z <xLexLink xArt="art. 286;art. 286 § 1" xIsapId="WDU19970880553" xTitle="Ustawa z dnia 6 czerwca 1997 r. - Kodeks karny" xAddress="Dz. U. z 1997 r. Nr 88, poz. 553">art. 286 § 1 kk</xLexLink>. w zw. z <xLexLink xArt="art. 294;art. 294 § 1" xIsapId="WDU19970880553" xTitle="Ustawa z dnia 6 czerwca 1997 r. - Kodeks karny" xAddress="Dz. U. z 1997 r. Nr 88, poz. 553">art. 294 § 1 kk</xLexLink>. w zw. z <xLexLink xArt="art. 12" xIsapId="WDU19970880553" xTitle="Ustawa z dnia 6 czerwca 1997 r. - Kodeks karny" xAddress="Dz. U. z 1997 r. Nr 88, poz. 553">art. 12 kk</xLexLink>. w zw. z <xLexLink xArt="art. 65" xIsapId="WDU19970880553" xTitle="Ustawa z dnia 6 czerwca 1997 r. - Kodeks karny" xAddress="Dz. U. z 1997 r. Nr 88, poz. 553">art. 65 kk</xLexLink>.</xText>
          
          <xUnit xIsTitle="false" xType="none">
            <xName xSffx="."> VIII</xName>
            <xUnit xIsTitle="false" xType="none">
              <xName xSffx="."> VIII</xName>
              <xText> w okresie od 5 listopada 1999 roku do 29 lutego 2000 roku we <xAnon>W.</xAnon>, woj. <xAnon>(...)</xAnon>, w wykonaniu z góry powziętego zamiaru w ramach zorganizowanej grupy mającej na celu popełnianie przestępstw przeciwko mieniu, według przyjętego i zaakceptowanego podziału ról i zadań przy realizacji poszczególnych przestępczych przedsięwzięć, wspólnie i w porozumieniu ze <xAnon>Z. G.</xAnon> oraz <xAnon>K. B.</xAnon> prowadzącym działalność gospodarczą w ramach firmy Przedsiębiorstwo Handlowo - Produkcyjno - Usługowe <xAnon>(...)</xAnon>, <xAnon>W.</xAnon>, <xAnon>ul. (...)</xAnon>, oraz <xAnon>(...) Budowlane</xAnon>, Sp. z o.o., <xAnon>W.</xAnon>, <xAnon>(...)</xAnon>w której pełnił funkcję prezesa zarządu i posiadał uprawnienie do przyjmowania i wystawiania faktur VAT dotyczących sprzedaży towarów i usług, działając w celu osiągnięcia korzyści majątkowej, kierując działaniem <xAnon>K. B.</xAnon> w ramach wskazanych firm, w zakresie potwierdzania wykonania fikcyjnych usług i fikcyjnej sprzedaży towarów na rzecz innych podmiotów oraz fikcyjnego zakupienia usług i towarów od innych podmiotów, których działalnością kierował osobiście lub w porozumieniu z innymi osobami, naraził Skarb Państwa na straty z tytułu zwrotu podatku VAT i zaliczenie kwot z wystawionych faktur w koszty działalności innych podmiotów, przez co nieodprowadzony został należny podatek VAT, w kwotach, co najmniej 69 114,34 zł i tak:</xText>
              <xEnum>
                <xBullet> -</xBullet>
                <xEnumElem>
                  <xText> z tytułu podpisania przez <xAnon>K. B.</xAnon> w ramach <xAnon>(...) Budowlane Sp. z o.o.</xAnon> faktury sprzedaży towarów i usług na rzecz <xAnon>firmy (...) Sp. z o.o.</xAnon> w dniu 29.02.2000 roku nr <xAnon>(...)</xAnon> na kwotę 80 650, 00 zł podatek VAT wyniósł 17 443, 00 zł,</xText>
                </xEnumElem>
                <xEnumElem>
                  <xText> z tytułu podpisania przez <xAnon>K. B.</xAnon> w ramach <xAnon>(...) Budowlane Sp. z o. o.</xAnon> faktur zakupu towarów i usług o łącznej wartości netto 110 634, 59 zł wartość podatku VAT wyniosła 24 239, 48 zł, w szczególności zaś z tytułu przyjęcia faktur nabycia towarów i usług:</xText>
                </xEnumElem>
              </xEnum>
            </xUnit>
          </xUnit>
          <xText> od <xAnon>firmy (...) Sp. z o.o.</xAnon> w dniu 15.11.1999 roku nr <xAnon>(...)</xAnon> na kwotę 96 934, 00 zł podatek VAT wyniósł 21 325, 48 zł</xText>
          <xText> od <xAnon>firmy (...) Sp. z o.o.</xAnon> w dniu 01.12.1999 roku nr <xAnon>(...)</xAnon> na kwotę 13.700,00 zł podatek VAT wyniósł 2.914,00 zł,</xText>
          <xEnum>
            <xBullet> -</xBullet>
            <xEnumElem>
              <xText> z tytułu podpisania w ramach <xAnon>PPHU (...)</xAnon> faktur zakupu towarów i usług o łącznej wartości netto <xAnon>(...)</xAnon> 690,00 zł wartość podatku VAT wyniosła 27 431,80 zł, w szczególności zaś z tytułu przyjęcia faktur nabycia towarów i usług:</xText>
            </xEnumElem>
          </xEnum>
          <xText> od <xAnon>firmy (...) Sp. z o.o.</xAnon> w dniu 5.11.1999 roku nr <xAnon>(...)</xAnon> na kwotę 21 200, 00 zł podatek VAT wyniósł 4 664, 00 zł,</xText>
          <xText> od <xAnon>firmy (...) Sp. z o.o.</xAnon> w dniu 1.12.1999 roku nr <xAnon>(...)</xAnon> na kwotę 27 470, 00 zł podatek VAT wyniósł 6 043, 40 zł,</xText>
          <xText> od <xAnon>firmy (...) Sp. z o.o.</xAnon> w dniu 17.12.1999 roku nr <xAnon>(...)</xAnon> na kwotę 41 840, 00 zł podatek VAT wyniósł 9 204, 80 zł,</xText>
          <xText> od <xAnon>firmy (...) Sp. z o.o.</xAnon> w dniu 23.12.1999 roku nr <xAnon>(...)</xAnon> na kwotę 21 480, 00 zł podatek VAT Wyniósł 4 725, 60 zł,</xText>
          <xText> od <xAnon>firmy (...) Sp. z o.o.</xAnon> w dniu 28.12.1999 roku nr <xAnon>(...)</xAnon> na kwotę 12 700, 00 zł podatek VAT wyniósł 2 794, 00 zł tj. o czyn z <xLexLink xArt="art. 271;art. 271 § 3" xIsapId="WDU19970880553" xTitle="Ustawa z dnia 6 czerwca 1997 r. - Kodeks karny" xAddress="Dz. U. z 1997 r. Nr 88, poz. 553">art. 271 § 3 kk</xLexLink>. i <xLexLink xArt="art. 286;art. 286 § 1" xIsapId="WDU19970880553" xTitle="Ustawa z dnia 6 czerwca 1997 r. - Kodeks karny" xAddress="Dz. U. z 1997 r. Nr 88, poz. 553">art. 286 § 1 kk</xLexLink>. w zw. z <xLexLink xArt="art. 11;art. 11 § 2" xIsapId="WDU19970880553" xTitle="Ustawa z dnia 6 czerwca 1997 r. - Kodeks karny" xAddress="Dz. U. z 1997 r. Nr 88, poz. 553">art. 11 § 2 kk</xLexLink>. w zw. z <xLexLink xArt="art. 12" xIsapId="WDU19970880553" xTitle="Ustawa z dnia 6 czerwca 1997 r. - Kodeks karny" xAddress="Dz. U. z 1997 r. Nr 88, poz. 553">art. 12 kk</xLexLink>. w zw. z <xLexLink xArt="art. 65" xIsapId="WDU19970880553" xTitle="Ustawa z dnia 6 czerwca 1997 r. - Kodeks karny" xAddress="Dz. U. z 1997 r. Nr 88, poz. 553">art. 65 kk</xLexLink>.</xText>
          <xUnit xIsTitle="false" xType="none">
            <xName xSffx="."> IX</xName>
            <xUnit xIsTitle="false" xType="none">
              <xName xSffx="."> IX</xName>
              <xText> W dniu 26 stycznia 2000 roku we <xAnon>W.</xAnon>, woj. <xAnon>(...)</xAnon>, działając, jako Prezes Zarządu <xAnon>(...) Spółka z ograniczoną odpowiedzialnością</xAnon> z siedzibą we <xAnon>W.</xAnon>, wspólnie i w porozumieniu z <xAnon>J. G. (1)</xAnon>, właścicielem <xAnon>firmy (...)</xAnon> z siedzibą we <xAnon>W.</xAnon> przy <xAnon>ul. (...)</xAnon>/l, w celu osiągnięcia korzyści majątkowej, poprzez wprowadzenie w błąd pracowników <xAnon>Banku (...)</xAnon> w <xAnon>K.</xAnon>, Oddział we <xAnon>W.</xAnon>, co do zamiaru oraz możliwości uregulowania zobowiązań wynikających z <xAnon>umowy Nr (...)</xAnon>/ <xAnon>O.</xAnon> zawartej przez <xAnon>J. G. (1)</xAnon> z <xAnon>Bankiem (...)</xAnon> w <xAnon>K.</xAnon> Oddział we <xAnon>W.</xAnon> o kredyt w wysokości 500 000 zł, poprzez wskazanie, jako prawnego zabezpieczenia udzielonego kredytu przewłaszczenia na rzecz <xAnon>Banku (...)</xAnon> w <xAnon>K.</xAnon>, Oddział we <xAnon>W.</xAnon> oraz cesji ubezpieczenia linii technologicznej do produkcji okien nabytej na rzecz <xAnon>firmy (...)</xAnon> z siedzibą we <xAnon>W.</xAnon> przy <xAnon>ul. (...)</xAnon> na podstawie <xAnon>faktury VAT nr (...)</xAnon> z dnia 10 listopada 1999 roku od <xAnon>firmy (...) Spółka z ograniczoną odpowiedzialnością</xAnon> z siedzibą we <xAnon>W.</xAnon> za kwotę 768 600, 00 zł, wiedząc, iż wskazana faktura jest fałszywa, zaś transakcja zakupu linii technologicznej jest fikcyjna, doprowadził <xAnon>Bank (...)</xAnon> w <xAnon>K.</xAnon>, Oddział we <xAnon>W.</xAnon> do niekorzystnego rozporządzenia mieniem znacznej wartości w wysokości 500 000 zł tj. o czyn z <xLexLink xArt="art. 286;art. 286 § 1" xIsapId="WDU19970880553" xTitle="Ustawa z dnia 6 czerwca 1997 r. - Kodeks karny" xAddress="Dz. U. z 1997 r. Nr 88, poz. 553">art. 286 § 1 kk</xLexLink>. w zw. z <xLexLink xArt="art. 294;art. 294 § 1" xIsapId="WDU19970880553" xTitle="Ustawa z dnia 6 czerwca 1997 r. - Kodeks karny" xAddress="Dz. U. z 1997 r. Nr 88, poz. 553">art. 294 § 1 kk</xLexLink>.</xText>
            </xUnit>
            <xUnit xIsTitle="false" xType="none">
              <xName xSffx="."> X</xName>
              <xText> w okresie od 29 kwietnia 1999 roku do 30 marca 2000 roku we <xAnon>W.</xAnon>, woj. <xAnon>(...)</xAnon>, w wykonaniu z góry powziętego zamiaru w ramach zorganizowanej grupy mającej na celu popełnianie przestępstw przeciwko mieniu, według przyjętego i zaakceptowanego podziału ról i zadań przy realizacji poszczególnych przestępczych przedsięwzięć, działając w krótkich odstępach czasu, wspólnie i w porozumieniu z <xAnon>Z. D.</xAnon>, odnośnie, której postępowanie zostało umorzone z uwagi na jej śmierć oraz <xAnon>J. G. (1)</xAnon>, właścicielem <xAnon>firmy (...)</xAnon>, będącym uprawnionym do przyjmowania faktur VAT dotyczących zakupu towarów i usług, wykorzystując działalność gospodarczą prowadzoną w ramach <xAnon>firmy (...)</xAnon> z siedzibą we <xAnon>W.</xAnon>, <xAnon>ul. (...)</xAnon>, działając w celu osiągnięcia korzyści majątkowej, poprzez polecenie <xAnon>J. G. (1)</xAnon> potwierdzania wykonania fikcyjnych usług oraz fikcyjnego zakupu usług i towarów od innych podmiotów naraził Skarb Państwa na straty w znacznych rozmiarach z tytułu zwrotu podatku VAT i zaliczenie kwot z wystawionych faktur w koszty działalności innych podmiotów, przez co nieodprowadzony został należny podatek VAT w kwotach, co najmniej 663 577, 56 zł i tak:</xText>
              <xEnum>
                <xBullet> -</xBullet>
                <xEnumElem>
                  <xText> z tytułu podpisania faktur zakupu towarów i usług o łącznej wartości 5 565 803, 33 zł wartość podatku VAT wyniosła 663 1577, 56 zł, w tym w roku 1999 przy wartości zakupu 4 676 999, 02 zł należny podatek VAT wyniósł 479 195, 75 zł a w roku 2000 przy wartości zakupu 888 904, 31 zł należny podatek VAT wyniósł 184 381, 81 zł, w szczególności zaś z tytułu potwierdzenia przyjęcia faktur w 1999 roku:</xText>
                </xEnumElem>
              </xEnum>
            </xUnit>
          </xUnit>
          <xText> od <xAnon>firmy (...) SP. z o.o.</xAnon> w miesiącu kwietniu, w dniu 29.04.1999 roku nr <xAnon>(...)</xAnon> na kwotę 1 043 299, 04 zł podatek VAT wyniósł 76 666, 00 zł, od <xAnon>firmy (...) SP. z o.o.</xAnon> w miesiącu czerwcu a w szczególności w dniach 18 i 30.06.1999 roku nr <xAnon>(...)</xAnon> i <xAnon>(...)</xAnon> na łączną kwotę 25 000, 00 zł podatek VAT wyniósł łącznie 5 500, 00 zł,</xText>
          <xText> od <xAnon>firmy (...) SP. z o.o.</xAnon> w miesiącu lipcu a w szczególności w dniach 7, 15, 16 i 27.07.1999 roku nr <xAnon>(...)</xAnon> na łączną kwotę 89 995, 00 zł podatek VAT wyniósł łącznie 19 798, 90 zł,</xText>
          <xText> od <xAnon>firmy (...) SP. z o.o.</xAnon> w miesiącu sierpniu a w szczególności w dniach 28, 29, 31.07.1999 roku oraz 5, 13, jl6, 18 i 22.08.1999 roku nr <xAnon>(...)</xAnon> oraz <xAnon>(...)</xAnon> na łączną kwotę 978 224, 98 zł podatek VAT wyniósł łącznie 73 236, 65 zł,</xText>
          <xText> od <xAnon>firmy (...) SP. z o.o.</xAnon> w miesiącu wrześniu a w szczególności w dniach 14, 15, 20 i 30.09.1999 roku nr <xAnon>(...)</xAnon>na łączną kwotę 111 000, 00 zł podatek VAT wyniósł łącznie 31 139, 00 zł,</xText>
          <xText> od <xAnon>firmy (...) SP. z o.o.</xAnon> w miesiącu październiku a w szczególności w dniu 29.10.1999 roku nr <xAnon>(...)</xAnon> na kwotę 578 500, 00 zł podatek VAT wyniósł 127 270, 00 zł,</xText>
          <xText> od <xAnon>firmy (...) SP. z o.o.</xAnon> w miesiącu listopadzie a w szczególności w dniach 4, 5, 8, 9, 10, 11, 12, 15, 17 i 30.11.1999 roku nr <xAnon>(...)</xAnon> na łączną kwotę 1 619 690, 00 zł podatek VAT wyniósł łącznie 94 997, 80 zł,</xText>
          <xText> od <xAnon>firmy (...) Sp. z o.o.</xAnon> w dniu 20.10.1999r. nr <xAnon>(...)</xAnon> na kwotę 63 000, 00 zł podatek VAT wyniósł 4 410, 00 zł,</xText>
          <xText> od <xAnon>firmy (...) Sp. z o.o.</xAnon> w miesiącu listopadzie a w szczególności w dniach 26 i 29.11.1999 roku nr <xAnon>(...)</xAnon> na łączną kwotę 102 060, 00 zł podatek VAT wyniósł łącznie 21 657, 20 zł,</xText>
          <xEnum>
            <xBullet> -</xBullet>
            <xEnumElem>
              <xText> w szczególności zaś z tytułu potwierdzenia przyjęcia faktur VAT w 2000 roku:</xText>
            </xEnumElem>
          </xEnum>
          <xText> od <xAnon>firmy (...) Sp. z o.o.</xAnon> w dniu 31.01.2000 roku nr <xAnon>(...)</xAnon> na kwotę 30 000, 00 zł podatek VAT wyniósł 6 600, 00 zł,</xText>
          <xText> od <xAnon>firmy Biuro Usług (...)</xAnon> i Pośrednictwa Handlowego <xAnon>(...)</xAnon><xAnon>Z. D.</xAnon>, <xAnon>(...)-(...) W.</xAnon>, <xAnon>ul. (...)</xAnon> w dniu 07.02.2000r. nr <xAnon>(...)</xAnon> na kwotę 123 618, 25 zł podatek VAT wyniósł 14 893, 25 zł</xText>
          <xText> od <xAnon>firmy Biuro Usług (...)</xAnon> i Pośrednictwa Handlowego <xAnon>(...)</xAnon><xAnon>Z. D.</xAnon>, <xAnon>(...)-(...) W.</xAnon>, <xAnon>ul. (...)</xAnon> w dniu 08.02.2000r. nr <xAnon>(...)</xAnon> na kwotę 26 065, 20 zł podatek VAT wyniósł 1 705, 20 zł</xText>
          <xText> od <xAnon>firmy Biuro Usług (...)</xAnon> i Pośrednictwa Handlowego <xAnon>(...)</xAnon><xAnon>Z. D.</xAnon>, <xAnon>(...)-(...) W.</xAnon>, <xAnon>ul. (...)</xAnon> w dniu 10.02.2000r. nr <xAnon>(...)</xAnon> na kwotę 763 720, 00 zł podatek VAT wyniósł 137 720, 00 zł</xText>
          <xText> od <xAnon>firmy Biuro Usług (...)</xAnon> i Pośrednictwa Handlowego <xAnon>(...)</xAnon><xAnon>Z. D.</xAnon>, <xAnon>(...)-(...) W.</xAnon>, <xAnon>ul. (...)</xAnon> w dniu 22.02.2000r. nr <xAnon>(...)</xAnon> na kwotę 3 393, 69 zł podatek VAT wyniósł 222, 02 zł</xText>
          <xText> od <xAnon>firmy Biuro Usług (...)</xAnon> i Pośrednictwa Handlowego <xAnon>(...)</xAnon><xAnon>Z. D.</xAnon>, <xAnon>(...)-(...) W.</xAnon>, <xAnon>ul. (...)</xAnon> w dniu 23.02.2000r. nr <xAnon>(...)</xAnon> na kwotę 5 667, 68 podatek VAT wyniósł 1 022, 04 zł</xText>
          <xText> od <xAnon>firmy Biuro Usług (...)</xAnon> i Pośrednictwa Handlowego <xAnon>(...)</xAnon><xAnon>Z. D.</xAnon>, <xAnon>(...)-(...) W.</xAnon>, <xAnon>ul. (...)</xAnon> w dniu 30.03.2000r. nr <xAnon>(...)</xAnon> na kwotę 112 <xAnon>(...)</xAnon>, 10 zł podatek VAT wyniósł 20 219, 10 zł tj. o czyn z <xLexLink xArt="art. 271;art. 271 § 3" xIsapId="WDU19970880553" xTitle="Ustawa z dnia 6 czerwca 1997 r. - Kodeks karny" xAddress="Dz. U. z 1997 r. Nr 88, poz. 553">art. 271 § 3 kk</xLexLink>. i <xLexLink xArt="art. 286;art. 286 § 1" xIsapId="WDU19970880553" xTitle="Ustawa z dnia 6 czerwca 1997 r. - Kodeks karny" xAddress="Dz. U. z 1997 r. Nr 88, poz. 553">art. 286 § 1 kk</xLexLink>. w zw. z <xLexLink xArt="art. 294;art. 294 § 1" xIsapId="WDU19970880553" xTitle="Ustawa z dnia 6 czerwca 1997 r. - Kodeks karny" xAddress="Dz. U. z 1997 r. Nr 88, poz. 553">art. 294 § 1</xLexLink> kle w zw. z <xLexLink xArt="art. 11;art. 11 § 2" xIsapId="WDU19970880553" xTitle="Ustawa z dnia 6 czerwca 1997 r. - Kodeks karny" xAddress="Dz. U. z 1997 r. Nr 88, poz. 553">art. 11 § 2 kk</xLexLink>. w zw. z <xLexLink xArt="art. 12" xIsapId="WDU19970880553" xTitle="Ustawa z dnia 6 czerwca 1997 r. - Kodeks karny" xAddress="Dz. U. z 1997 r. Nr 88, poz. 553">art. 12 kk</xLexLink>. w zw. z <xLexLink xArt="art. 65" xIsapId="WDU19970880553" xTitle="Ustawa z dnia 6 czerwca 1997 r. - Kodeks karny" xAddress="Dz. U. z 1997 r. Nr 88, poz. 553">art. 65 kk</xLexLink>.</xText>
          <xUnit xIsTitle="false" xType="none">
            <xName xSffx="."> XI</xName>
            <xUnit xIsTitle="false" xType="none">
              <xName xSffx="."> XI</xName>
              <xText> w okresie od dnia 1 lipca 1999 roku do dnia 12 lipca 1999 roku, we <xAnon>W.</xAnon>, oraz <xAnon>R.</xAnon>, woj. <xAnon>(...)</xAnon>, w wykonaniu z góry powziętego zamiaru, wspólnie i w porozumieniu z <xAnon>J. G. (1)</xAnon>, działając w celu osiągnięcia korzyści majątkowej, występując w imieniu <xAnon>Spółdzielni (...)</xAnon> w <xAnon>R.</xAnon>,; będąc zobowiązanym na podstawie umowy do zajmowania się sprawami majątkowymi <xAnon>Spółdzielni (...)</xAnon> w <xAnon>R.</xAnon>, poprzez nadużycie udzielonych mu uprawnień, posługując się podrobionymi dokumentami w postaci:</xText>
            </xUnit>
          </xUnit>
          <xText> umowy z dnia 8 lipca 1999 roku zawartej pomiędzy <xAnon>firmą (...) S.C.</xAnon> a <xAnon>Spółdzielnią (...)</xAnon> wraz z załącznikiem do umowy,</xText>
          <xText> upoważnieniem wystawionym na rzecz <xAnon>(...) S.C.</xAnon> przez SI <xAnon>(...)</xAnon> z dnia 12 lipca 1999 roku, zamówieniem z dnia 1 lipca 1999 roku nr <xAnon>(...)</xAnon> wystawionym przez SI <xAnon>(...)</xAnon> na rzecz <xAnon>(...) S.C.</xAnon>,</xText>
          <xText> które to dokumenty zawierały sfałszowane przez nieustalone podpisy <xAnon>S. C.</xAnon>, zawarł w imieniu <xAnon>Spółdzielni (...)</xAnon> w <xAnon>R.</xAnon> ze <xAnon>Spółką Cywilną (...)</xAnon> umowę na dostawę okien <xAnon>(...)</xAnon> w systemie <xAnon>T.</xAnon> o łącznej wartości 1 196 175, 47 zł, wiedząc, iż zawierana umowa nie będzie realizowaną SI <xAnon>(...)</xAnon> nie posiada zapotrzebowania na wskazane w umowie okna jak również nie posiada środków finansowych pozwalających na sfinansowanie zakupu, a następnie poprzez polecenie wprowadzenia wskazanej umowy do księgowości Spółdzielni oraz polecenie przelania na rzecz <xAnon>firmy (...) S.C.</xAnon> środków finansowych należnych z tytułu zawartej pozornie umowy, doprowadził <xAnon>Spółdzielnię (...)</xAnon> do niekorzystnego rozporządzenia mieniem w kwocie 1 196 175, 47 zł, z której na konto <xAnon>firmy (...) S.C.</xAnon> przelana została łącznie suma 183 500 zł, a poprzez wprowadzenie opisanej sumy do kosztów uzyskania przychodów ponoszonych przez SI <xAnon>(...)</xAnon> naraził Skarb Państwa na stratę wynikłą z zawyżenia naliczonego podatku VAT od tejże transakcji w wysokości 78 254 zł tj. o czyn z <xLexLink xArt="art. 296;art. 296 § 2;art. 296 § 3" xIsapId="WDU19970880553" xTitle="Ustawa z dnia 6 czerwca 1997 r. - Kodeks karny" xAddress="Dz. U. z 1997 r. Nr 88, poz. 553">art. 296 § 2 i 3 kk</xLexLink>. w zw. z <xLexLink xArt="art. 296;art. 296 § 1" xIsapId="WDU19970880553" xTitle="Ustawa z dnia 6 czerwca 1997 r. - Kodeks karny" xAddress="Dz. U. z 1997 r. Nr 88, poz. 553">art. 296 § 1 kk</xLexLink>. i <xLexLink xArt="art. 273" xIsapId="WDU19970880553" xTitle="Ustawa z dnia 6 czerwca 1997 r. - Kodeks karny" xAddress="Dz. U. z 1997 r. Nr 88, poz. 553">art. 273 kk</xLexLink>. w zw. z <xLexLink xArt="art. 286;art. 286 § 1" xIsapId="WDU19970880553" xTitle="Ustawa z dnia 6 czerwca 1997 r. - Kodeks karny" xAddress="Dz. U. z 1997 r. Nr 88, poz. 553">art. 286 § 1 kk</xLexLink>. w zw. z <xLexLink xArt="art. 294;art. 294 § 1" xIsapId="WDU19970880553" xTitle="Ustawa z dnia 6 czerwca 1997 r. - Kodeks karny" xAddress="Dz. U. z 1997 r. Nr 88, poz. 553">art. 294 § 1 kk</xLexLink>. w zw. z <xLexLink xArt="art. 11;art. 11 § 2" xIsapId="WDU19970880553" xTitle="Ustawa z dnia 6 czerwca 1997 r. - Kodeks karny" xAddress="Dz. U. z 1997 r. Nr 88, poz. 553">art. 11 § 2 kk</xLexLink>. w zw. z <xLexLink xArt="art. 12" xIsapId="WDU19970880553" xTitle="Ustawa z dnia 6 czerwca 1997 r. - Kodeks karny" xAddress="Dz. U. z 1997 r. Nr 88, poz. 553">art. 12 kk</xLexLink>.</xText>
          <xUnit xIsTitle="false" xType="none">
            <xName xSffx="."> XII</xName>
            <xUnit xIsTitle="false" xType="none">
              <xName xSffx="."> XII</xName>
              <xText> w okresie od 28 kwietnia 1999 roku do 30 maja 2000 roku we <xAnon>W.</xAnon>, woj. <xAnon>(...)</xAnon>, w wykonaniu z góry powziętego zamiaru w ramach zorganizowanej grupy mającej na celu popełnianie przestępstw przeciwko mieniu, według przyjętego i zaakceptowanego podziału ról i zadań przy realizacji poszczególnych przestępczych przedsięwzięć, wspólnie i w porozumieniu ze <xAnon>Z. G.</xAnon>, <xAnon>E. W. (1)</xAnon>, <xAnon>Z. D.</xAnon>, odnośnie, której postępowanie zostało umorzone z uwagi na jej śmierć oraz inną ustaloną osobą - właścicielem <xAnon>PPHU (...)</xAnon>, względem, której prowadzone jest odrębne postępowanie karne, będącą uprawnioną do przyjmowania i wystawiania faktur VAT dotyczących sprzedaży towarów i usług, wykorzystując działalność gospodarczą prowadzoną w ramach firmy Przedsiębiorstwo Produkcyjno Handlowo Usługowe <xAnon>W.</xAnon><xAnon>W. R.</xAnon> z siedzibą we <xAnon>W.</xAnon> przy <xAnon>ul. (...)</xAnon>, działając w celu osiągnięcia korzyści majątkowej, poprzez polecanie innej ustalonej i wskazanej wyżej osobie potwierdzania wykonania fikcyjnych usług i fikcyjnej sprzedaży towarów na rzecz innych podmiotów oraz fikcyjnego zakupienia usług i towarów od innych podmiotów naraził Skarb Państwa na straty w znacznej wartości, z tytułu zwrotu podatku VAT i zaliczenie kwot z wystawionych faktur w koszty działalności innych podmiotów, przez co nieodprowadzony został należny podatek VAT w kwotach, co najmniej 775 455, 98 zł, co stanowiło mienie znacznej wartości i tak:</xText>
              <xEnum>
                <xBullet> -</xBullet>
                <xEnumElem>
                  <xText> z tytułu podpisania faktur sprzedaży towarów i usług o łącznej wartości 2 253 394, 60 zł wartość podatku VAT wyniosła 391 971, 00 zł, w tym w roku 1999 przy wartości sprzedaży 1 205 237, 00 zł należny podatek VAT wyniósł 217 337, 00 zł a w roku 2000 przy wartości sprzedaży 1 048 157, 60 zł należny podatek VAT wyniósł 174 633, 00 zł,</xText>
                </xEnumElem>
              </xEnum>
            </xUnit>
          </xUnit>
          <xText> w szczególności zaś z tytułu wystawienia faktur sprzedaży w 1999 roku:</xText>
          <xText> na rzecz <xAnon>firmy (...) Sp. z o. o.</xAnon> w dniu 21.05.1999r. nr <xAnon>(...)</xAnon> na kwotę netto 26 700, 00 zł podatek VAT wyniósł 5 873, 00 zł,</xText>
          <xText> na rzecz <xAnon>firmy (...) Sp. z o.o.</xAnon> w dniu 28.05.1999r. nr <xAnon>(...)</xAnon> na kwotę netto 14 500, 00 zł podatek VAT wyniósł 3 190, 00 zł,</xText>
          <xText> na rzecz <xAnon>firmy (...) Sp. z o.o.</xAnon> w dniu 30.06.1999r. nr <xAnon>(...)</xAnon> na kwotę netto 31 100, 00 zł podatek VAT wyniósł 6 842, 00 zł,</xText>
          <xText> na rzecz <xAnon>firmy (...) Sp. z o.o.</xAnon> w dniu 30.06.1999r. nr <xAnon>(...)</xAnon> na kwotę netto 40 850, 00 zł podatek VAT wyniósł 8 987, 00 zł,</xText>
          <xText> na rzecz <xAnon>firmy (...) Sp. z o.o.</xAnon> w dniu 30.07.1999r. nr <xAnon>(...)</xAnon> na kwotę netto 23 400, 00 zł podatek VAT wyniósł 5 148, 00 zł,</xText>
          <xText> na rzecz <xAnon>firmy (...) Sp. z o.o.</xAnon> w dniu 30.07.1999r. nr <xAnon>(...)</xAnon> na kwotę netto 19 600, 00 zł podatek VAT wyniósł 4 312, 00 zł,</xText>
          <xText> na rzecz firmy Przedsiębiorstwo Handlowo - Produkcyjno - <xAnon>Usługowe (...) Sp. z o.o.</xAnon> w dniu 05.04.1999r. nr <xAnon>(...)</xAnon> na kwotę nettol39 500, 00 zł podatek VAT wyniósł 30 690, 00 zł</xText>
          <xText> na rzecz firmy Przedsiębiorstwo Handlowo - Produkcyjno - <xAnon>Usługowe (...) Sp. z o.o.</xAnon> w dniu 28.05.1999r. nr <xAnon>(...)</xAnon> na kwotę netto 62 650, 00 zł podatek VAT wyniósł 13 783, 00 zł</xText>
          <xText> na rzecz firmy Przedsiębiorstwo Handlowo - Produkcyjno - <xAnon>Usługowe (...) Sp. z o.o.</xAnon> w dniu 19.08.1999r. nr <xAnon>(...)</xAnon> na kwotę netto 19 600, 00 zł podatek VAT wyniósł 4 312, 00 zł</xText>
          <xText> na rzecz <xAnon>firmy Przedsiębiorstwo (...) - Handlowo</xAnon> - <xAnon>Produkcyjne (...) Sp. z o.o.</xAnon> w dniu 29.10.1999r. nr <xAnon>(...)</xAnon> na kwotę netto 150 000, 00 zł podatek VAT wyniósł 33 000, 00 zł,</xText>
          <xText> na rzecz <xAnon>firmy Przedsiębiorstwo (...) - Handlowo</xAnon> - <xAnon>Produkcyjne (...) Sp. z o.o.</xAnon> w dniu 29.11.1999r. nr 1/<xAnon>(...)</xAnon> na kwotę netto 340 000, 00 zł podatek VAT wyniósł 74 800, 00 zł</xText>
          <xText> na rzecz <xAnon>firmy Przedsiębiorstwo (...) - Handlowo</xAnon> - <xAnon>Produkcyjne (...) Sp. z o.o.</xAnon> w dniu 30.12.1999r. nr 1/<xAnon>(...)</xAnon> na kwotę netto 120 000, 00 zł</xText>
          <xText> podatek VAT wyniósł 26 400, 00 zł,</xText>
          <xText> w szczególności zaś z tytułu wystawienia faktur sprzedaży w 2000 roku:</xText>
          <xText> na rzecz <xAnon>firmy (...) Sp. z o.o.</xAnon> w dniu 20.01.2000r. nr <xAnon>(...)</xAnon> na kwotę netto 265 000, 00 zł podatek VAT wyniósł 58 300, 00 zł</xText>
          <xText> na rzecz <xAnon>firmy (...)</xAnon> w dniu 24.02.2000r. nr <xAnon>(...)</xAnon> na kwotę netto 329 000, 00 zł podatek VAT wyniósł 72 380, 00 zł,</xText>
          <xText> na rzecz <xAnon>firmy (...)</xAnon> w dniu 14.03.2000r. nr <xAnon>(...)</xAnon> na kwotę netto 63 970, 00 zł podatek VAT wyniósł 4 477, 90 zł,</xText>
          <xText> na rzecz <xAnon>firmy (...)</xAnon> w dniu 14.03.2000r. nr <xAnon>(...)</xAnon> na kwotę netto 12 780, 00 zł podatek VAT wyniósł 894, 60 zł,</xText>
          <xText> na rzecz <xAnon>firmy (...)</xAnon> w dniu 31.05.2000r. nr <xAnon>(...)</xAnon> na kwotę netto 11 000, 00 zł podatek VAT wyniósł 2 420, 00 zł,</xText>
          <xText> na rzecz <xAnon>firmy Biuro Usług (...)</xAnon> i Pośrednictwa Handlowego <xAnon>(...)</xAnon><xAnon>Z. D.</xAnon>, w dniu 20.04.2000r. nr <xAnon>(...)</xAnon> na kwotę netto 153 500 zł podatek VAT wyniósł 33 770 zł,</xText>
          <xText> na rzecz firmy Przedsiębiorstwo Produkcyjno Handlowo Usługowe <xAnon>(...) Sp. z o.o.</xAnon> w dniu 15.03.2000r. nr <xAnon>(...)</xAnon> na kwotę netto 34 500, 00 zł podatek VAT wyniósł 2 390, 50 zł</xText>
          <xEnum>
            <xBullet> -</xBullet>
            <xEnumElem>
              <xText> z tytułu podpisania faktur zakupu towarów i usług o łącznej wartości 2 208 983, 30 zł wartość podatku VAT wyniosła 383 485, 98 zł, w tym w roku 1999 przy wartości zakupu 1 178 430, 49zł należny podatek VAT wyniósł 212 498, 29 zł a w roku 2000 przy wartości zakupu 1 030 552, 99 zł należny podatek VAT wyniósł 170 999, 69 zł,</xText>
            </xEnumElem>
          </xEnum>
          <xText> w szczególności zaś z tytułu przyjęcia faktur nabycia towarów i usług w 1999 roku:</xText>
          <xText> od <xAnon>firmy (...) SP. z o.o.</xAnon> w dniu 28.04.1999r. nr <xAnon>(...)</xAnon> na kwotę netto 84 500 zł podatek VAT wyniósł 18 590 zł,</xText>
          <xText> od <xAnon>firmy (...) Sp. z o.o.</xAnon> w dniu 30.04.1999r. nr <xAnon>(...)</xAnon> na kwotę netto 62 400 zł podatek VAT wyniósł 13 728 zł,</xText>
          <xText> od <xAnon>firmy (...) Sp. z o.o.</xAnon> w dniu 28.05.1999r. nr <xAnon>(...)</xAnon> na kwotę netto 98 500 zł podatek VAT wyniósł 21 670 zł,</xText>
          <xText> od <xAnon>firmy (...) SP. z o.o.</xAnon> w dniu 24.06.1999r. nr <xAnon>(...)</xAnon> na kwotę netto 70 500 zł podatek VAT wyniósł 15 510 zł,</xText>
          <xText> od <xAnon>firmy (...) Sp. z o.o.</xAnon> w dniu 31.07.1999r. nr <xAnon>(...)</xAnon> na kwotę netto 42 800 zł podatek VAT wyniósł 9 416 zł,</xText>
          <xText> od <xAnon>firmy (...) Sp. z o.o.</xAnon> w dniu 18.08.1999r. nr <xAnon>(...)</xAnon> na kwotę netto 17 100 zł podatek VAT wyniósł 3 762 zł,</xText>
          <xText> od firmy Przedsiębiorstwo Produkcyjno - Usługowe Związku <xAnon>(...) Sp. z o.o.</xAnon> w dniu 08.10.1999r. nr <xAnon>(...)</xAnon> na kwotę netto 12 899 zł podatek VAT wyniósł 2 837, 78 zł,</xText>
          <xText> od firmy Przedsiębiorstwo Produkcyjno - Usługowe Związku <xAnon>(...) Sp. z o.o.</xAnon> w dniu 15.10.1999r. nr <xAnon>(...)</xAnon> na kwotę netto 16 390, 60 zł podatek VAT wyniósł 3 605, 93 zł,</xText>
          <xText> od firmy Przedsiębiorstwo Produkcyjno - Usługowe Związku <xAnon>(...) Sp. z o.o.</xAnon> w dniu 22.10.1999r. nr <xAnon>(...)</xAnon> na kwotę netto 15 564, 70 zł podatek VAT wyniósł 3 424, 23 zł,</xText>
          <xText> od firmy Przedsiębiorstwo Produkcyjno - Usługowe Związku <xAnon>(...) Sp. z o.o.</xAnon> w dniu 29.10.1999r. nr <xAnon>(...)</xAnon> na kwotę netto 17 990, 40 zł podatek VAT wyniósł 3 957, 99 zł,</xText>
          <xText> od firmy Przedsiębiorstwo Produkcyjno - Usługowe Związku <xAnon>(...) Sp. z o.o.</xAnon> w dniu 24.09.1999r. nr <xAnon>(...)</xAnon> na kwotę netto 11 294, 50 zł podatek VAT wyniósł 2 484, 79 zł,</xText>
          <xText> od firmy Przedsiębiorstwo Produkcyjno - Usługowe Związku <xAnon>(...) Sp. z o.o.</xAnon> w dniu 28.09.1999r. nr <xAnon>(...)</xAnon> na kwotę netto 34 376, 40 zł podatek VAT wyniósł 7 562, 00 zł,</xText>
          <xText> od firmy Przedsiębiorstwo Produkcyjno - Usługowe Związku <xAnon>(...) Sp. z o.o.</xAnon> w dniu 30.09.1999r. nr <xAnon>(...)</xAnon> na kwotę netto 12 653, 60 zł podatek VAT wyniósł 2 763, 99 zł,</xText>
          <xText> od firmy Przedsiębiorstwo Produkcyjno - Usługowe Związku <xAnon>(...) Sp. z o.o.</xAnon> w dniu 30.09.1999r. nr <xAnon>(...)</xAnon> na kwotę netto 28 836 zł podatek VAT wyniósł 6 343, 00 zł,</xText>
          <xText> od <xAnon>firmy Biuro Usług (...)</xAnon> i Pośrednictwa Handlowego <xAnon>(...)</xAnon><xAnon>Z. D.</xAnon>, w dniu 26.11.1999r. nr 1/<xAnon>(...)</xAnon> na kwotę netto 339 500 zł podatek VAT wyniósł 74 690 zł,</xText>
          <xText> od firmy Przedsiębiorstwo Produkcyjno - Usługowe Związku <xAnon>(...) Sp. z o.o.</xAnon> w dniu 02.11.1999r. nr <xAnon>(...)</xAnon> na kwotę netto 3 100 zł podatek VAT wyniósł 682, 00 zł,</xText>
          <xText> od firmy Przedsiębiorstwo Produkcyjno - Usługowe Związku <xAnon>(...) Sp. z o.o.</xAnon> w dniu 02.11.1999r. nr <xAnon>(...)</xAnon> na kwotę netto 3 200 zł podatek VAT wyniósł 704, 00 zł,</xText>
          <xText> od firmy Przedsiębiorstwo Produkcyjno - Usługowe Związku <xAnon>(...) Sp. z o.o.</xAnon> w dniu 03.11.1999r. nr <xAnon>(...)</xAnon> na kwotę netto 3 280 zł podatek VAT wyniósł 721, 60 zł,</xText>
          <xText> od firmy Przedsiębiorstwo Produkcyjno - Usługowe Związku <xAnon>(...) Sp. z o.o.</xAnon> w dniu 04.11.1999r. nr <xAnon>(...)</xAnon> na kwotę netto 3 200 zł podatek VAT wyniósł 704, 00 zł,</xText>
          <xText> od firmy Przedsiębiorstwo Produkcyjno - Usługowe Związku <xAnon>(...) Sp. z o.o.</xAnon> w dniu 04.11.1999r. nr <xAnon>(...)</xAnon> na kwotę netto 2 990 zł podatek VAT wyniósł 657, 80 zł,</xText>
          <xText> od firmy Przedsiębiorstwo Produkcyjno - Usługowe Związku <xAnon>(...) Sp. z o.o.</xAnon> w dniu 05.11.1999r. nr <xAnon>(...)</xAnon> na kwotę netto 3 200 zł podatek VAT wyniósł 704, 00 zł,</xText>
          <xText> od firmy Przedsiębiorstwo Produkcyjno - Usługowe Związku <xAnon>(...) Sp. z o.o.</xAnon> w dniu 06.11.1999r. nr <xAnon>(...)</xAnon> na kwotę netto 3 200 zł podatek VAT wyniósł 704, 00 zł,</xText>
          <xText> od firmy Przedsiębiorstwo Produkcyjno - Usługowe Związku <xAnon>(...) Sp. z o.o.</xAnon> w dniu 06.11.1999r. nr <xAnon>(...)</xAnon> na kwotę netto 2 920 zł podatek VAT wyniósł 642, 40 zł,</xText>
          <xText> od firmy Przedsiębiorstwo Produkcyjno - Usługowe Związku <xAnon>(...) Sp. z o.o.</xAnon> w dniu 08.11.1999r. nr <xAnon>(...)</xAnon> na kwotę netto 3 224 zł podatek VAT wyniósł 709, 28 zł,</xText>
          <xText> od firmy Przedsiębiorstwo Produkcyjno - Usługowe Związku <xAnon>(...) Sp. z o.o.</xAnon> w dniu 09.11.1999r. nr <xAnon>(...)</xAnon> na kwotę netto 3 200 zł podatek VAT wyniósł 704, 00 zł,</xText>
          <xText> od firmy Przedsiębiorstwo Produkcyjno - Usługowe Związku <xAnon>(...) Sp. z o.o.</xAnon> w dniu 10.11.1999r. nr <xAnon>(...)</xAnon> na kwotę netto 3 200 zł podatek VAT wyniósł 704, 00 zł,</xText>
          <xText> od firmy Przedsiębiorstwo Produkcyjno - Usługowe Związku <xAnon>(...) Sp. z o.o.</xAnon> w dniu 10.11.1999r. nr <xAnon>(...)</xAnon> na kwotę netto 2 850 zł podatek VAT wyniósł 627, 00 zł,</xText>
          <xText> 12/WR na kwotę netto 3 200 zł podatek VAT wyniósł 704, 00 zł,</xText>
          <xText> od firmy Przedsiębiorstwo Produkcyjno - Usługowe Związku <xAnon>(...) Sp. z o.o.</xAnon> w dniu 12.11.1999r. nr <xAnon>(...)</xAnon> na kwotę netto 2 910 zł podatek VAT wyniósł 640, 20 zł,</xText>
          <xText> od firmy Przedsiębiorstwo Produkcyjno - Usługowe Związku <xAnon>(...) Sp. z o.o.</xAnon> w dniu 15.11.1999r. nr <xAnon>(...)</xAnon> na kwotę netto 3 200 zł podatek VAT wyniósł 704, 00 zł,</xText>
          <xText> od firmy Przedsiębiorstwo Produkcyjno - Usługowe Związku <xAnon>(...) Sp. z o.o.</xAnon> w dniu 15.11.1999r. nr <xAnon>(...)</xAnon> na kwotę netto 2 900 zł podatek VAT wyniósł 638, 00 zł,</xText>
          <xText> od firmy Przedsiębiorstwo Produkcyjno - Usługowe Związku <xAnon>(...) Sp. z o.o.</xAnon> w dniu 16.11.1999r. nr <xAnon>(...)</xAnon> na kwotę netto 3 200 zł podatek VAT wyniósł 704, 00 zł,</xText>
          <xText> od firmy Przedsiębiorstwo Produkcyjno - Usługowe Związku <xAnon>(...) Sp. z o.o.</xAnon> w dniu 17.11.1999r. nr <xAnon>(...)</xAnon> na kwotę netto 3 200 zł podatek VAT wyniósł 704, 00 zł,</xText>
          <xText> od firmy Przedsiębiorstwo Produkcyjno - Usługowe Związku <xAnon>(...) Sp. z o.o.</xAnon> w dniu 22.11.1999r. nr <xAnon>(...)</xAnon> na kwotę netto 3 275 zł podatek VAT wyniósł 720, 50 zł,</xText>
          <xText> od firmy Przedsiębiorstwo Produkcyjno - Usługowe Związku <xAnon>(...) Sp. z o.o.</xAnon> w dniu 30.11.1999r. nr <xAnon>(...)</xAnon> na kwotę netto 3 100 zł podatek VAT wyniósł 682, 00 zł,</xText>
          <xText> od firmy Przedsiębiorstwo Produkcyjno - Usługowe Związku <xAnon>(...) Sp. z o.o.</xAnon> w dniu 08.11.1999r. nr <xAnon>(...)</xAnon> na kwotę netto 2 950 zł podatek VAT wyniósł 649, 00 zł,</xText>
          <xText> od firmy Przedsiębiorstwo Produkcyjno - Usługowe Związku <xAnon>(...) Sp. z o.o.</xAnon> w dniu 18.11.1999r. nr <xAnon>(...)</xAnon> na kwotę netto 3 200 zł podatek VAT wyniósł 704, 00 zł,</xText>
          <xText> od firmy Przedsiębiorstwo Produkcyjno - Usługowe Związku <xAnon>(...) Sp. z o.o.</xAnon> w dniu 19.11.1999r. nr <xAnon>(...)</xAnon> na kwotę netto 3 200 zł podatek VAT wyniósł 704, 00 zł,</xText>
          <xText> od firmy Przedsiębiorstwo Produkcyjno - Usługowe Związku <xAnon>(...) Sp. z o.o.</xAnon> w dniu 27.11.1999r. nr <xAnon>(...)</xAnon> na kwotę netto 2 160 zł podatek VAT wyniósł 475, 20 zł,</xText>
          <xText> w szczególności zaś z tytułu przyjęcia faktur nabycia towarów i usług w 2000 roku:</xText>
          <xText> od firmy Przedsiębiorstwo Produkcyjno - Usługowe Związku <xAnon>(...) Sp. z o.o.</xAnon> w dniu 29.11.1999r. nr <xAnon>(...)</xAnon> na kwotę netto 1 900 zł podatek VAT wyniósł 418, 00 zł</xText>
          <xText> od firmy Przedsiębiorstwo Produkcyjno - Usługowe Związku <xAnon>(...) Sp. z o.o.</xAnon> w dniu 10.01.2000r. nr <xAnon>(...)</xAnon> na kwotę netto 262 000 zł podatek VAT wyniósł 57 640 zł,</xText>
          <xText> od firmy Przedsiębiorstwo Produkcyjno - Usługowe Związku <xAnon>(...) Sp. z o.o.</xAnon> w dniu 18.02.2000r. nr <xAnon>(...)</xAnon> na kwotę netto 325 544 zł podatek VAT wyniósł 71 619, 69 zł,</xText>
          <xText> od <xAnon>firmy Spółdzielnia (...)</xAnon> w dniu 06.03.2000r. nr l/ <xAnon>(...)</xAnon> na kwotę netto 95 000 zł podatek VAT wyniósł 6 650 zł,</xText>
          <xText> od firmy Przedsiębiorstwo Produkcyjno - Usługowe Związku <xAnon>(...) Sp. z o.o.</xAnon> w dniu 18.04.2000r. nr <xAnon>(...)</xAnon> na kwotę netto 151 500 zł podatek VAT wyniósł 33 330 zł,</xText>
          <xText> od firmy Przedsiębiorstwo Produkcyjno - Handlowo - Usługowe <xAnon>(...) Sp. z o.o.</xAnon> w dniu 29.05.2000r. nr <xAnon>(...)</xAnon> na kwotę netto 8 000, 00 zł podatek VAT wyniósł 1 760, 00 zł tj. o czyn z <xLexLink xArt="art. 271;art. 271 § 3" xIsapId="WDU19970880553" xTitle="Ustawa z dnia 6 czerwca 1997 r. - Kodeks karny" xAddress="Dz. U. z 1997 r. Nr 88, poz. 553">art. 271 § 3 kk</xLexLink>. i <xLexLink xArt="art. 286;art. 286 § 1" xIsapId="WDU19970880553" xTitle="Ustawa z dnia 6 czerwca 1997 r. - Kodeks karny" xAddress="Dz. U. z 1997 r. Nr 88, poz. 553">art. 286 § 1 kk</xLexLink>. w zw. z <xLexLink xArt="art. 294;art. 294 § 1" xIsapId="WDU19970880553" xTitle="Ustawa z dnia 6 czerwca 1997 r. - Kodeks karny" xAddress="Dz. U. z 1997 r. Nr 88, poz. 553">art. 294 § 1 kk</xLexLink>. w zw. z <xLexLink xArt="art. 11;art. 11 § 2" xIsapId="WDU19970880553" xTitle="Ustawa z dnia 6 czerwca 1997 r. - Kodeks karny" xAddress="Dz. U. z 1997 r. Nr 88, poz. 553">art. 11 § 2 kk</xLexLink>. w zw. z <xLexLink xArt="art. 12" xIsapId="WDU19970880553" xTitle="Ustawa z dnia 6 czerwca 1997 r. - Kodeks karny" xAddress="Dz. U. z 1997 r. Nr 88, poz. 553">art. 12 kk</xLexLink>. w zw. z <xLexLink xArt="art. 65" xIsapId="WDU19970880553" xTitle="Ustawa z dnia 6 czerwca 1997 r. - Kodeks karny" xAddress="Dz. U. z 1997 r. Nr 88, poz. 553">art. 65 kk</xLexLink>.</xText>
          <xUnit xIsTitle="false" xType="none">
            <xName xSffx="."> XIII</xName>
            <xUnit xIsTitle="false" xType="none">
              <xName xSffx="."> XIII</xName>
              <xText> w dniu 31 stycznia 2000 roku we <xAnon>W.</xAnon>, woj. <xAnon>(...)</xAnon>, oraz <xAnon>R.</xAnon>, woj. <xAnon>(...)</xAnon>, działając w celu osiągnięcia korzyści majątkowej, wykorzystując fakt zarejestrowania na swoje nazwisko działalności gospodarczej w ramach <xAnon>firmy (...)</xAnon> z siedzibą we <xAnon>W.</xAnon>, <xAnon>ul. (...)</xAnon> w ramach, której posiadał uprawnienie do przyjmowania i wystawiania rachunków dotyczących sprzedaży towarów i usług, poprzez wprowadzenie w błąd uprawnionych pracowników <xAnon>Spółdzielni (...)</xAnon> w <xAnon>R.</xAnon>, co do faktu rzeczywistego wykonania objętej wystawionym rachunkiem usługi usiłował doprowadzić <xAnon>Spółdzielnię (...)</xAnon> w <xAnon>R.</xAnon> do niekorzystnego rozporządzenia mieniem w kwocie 6 500 zł, w ten sposób, że w dniu 31 stycznia 2000 roku wystawił w imieniu <xAnon>firmy (...)</xAnon> z siedzibą we <xAnon>W.</xAnon>, <xAnon>ul. (...)</xAnon> na rzecz <xAnon>Spółdzielni (...)</xAnon> w <xAnon>R.</xAnon><xAnon>rachunek numer (...)</xAnon> z tytułu usługi szkoleniowych w zakresie zmian w systemie podatkowym dotyczącym zakładów pracy chronionej w 2000 roku, opiewający na kwotę 6 500 zł, z oznaczonym terminem zapłaty na prowadzony w <xAnon>(...)</xAnon> [ Oddział <xAnon>W.</xAnon> - tożsamy z rachunkiem prowadzonym na rzecz <xAnon>firmy (...)</xAnon><xAnon>rachunek nr (...)</xAnon> do dnia 29 lutego 2000 roku i odnoszący się do rzekomego przeprowadzenia przez niego opisanego w treści rachunku szkolenia pracowników SI <xAnon>(...)</xAnon>, wiedząc, iż czynności takie nie miały w rzeczywistości miejsca, zaś on sam z mocy zawartej umowy o pracę ze <xAnon>Spółdzielnią (...)</xAnon> w <xAnon>R.</xAnon> otrzymywał wynagrodzenie miesięczne w kwocie 950 zł, posiadając w ramach wskazanych w umowie o pracę obowiązków m. in. realizację szkoleń pracowników, który to rachunek przekazał następnie uprawnionym do ich zaksięgowania pracownikom SI <xAnon>(...)</xAnon> z poleceniem dokonania zapłaty wskazanej na rachunku kwoty, przy czym do dokonania zapłaty nie doszło z uwagi na odmowę zapłaty przez SI <xAnon>(...)</xAnon> tj. o czyn z <xLexLink xArt="art. 271;art. 271 § 3" xIsapId="WDU19970880553" xTitle="Ustawa z dnia 6 czerwca 1997 r. - Kodeks karny" xAddress="Dz. U. z 1997 r. Nr 88, poz. 553">art. 271 § 3 kk</xLexLink>. i <xLexLink xArt="art. 286;art. 286 § 1" xIsapId="WDU19970880553" xTitle="Ustawa z dnia 6 czerwca 1997 r. - Kodeks karny" xAddress="Dz. U. z 1997 r. Nr 88, poz. 553">art. 286 § 1 kk</xLexLink>. w zw. z <xLexLink xArt="art. 11;art. 11 § 2" xIsapId="WDU19970880553" xTitle="Ustawa z dnia 6 czerwca 1997 r. - Kodeks karny" xAddress="Dz. U. z 1997 r. Nr 88, poz. 553">art. 11 § 2 kk</xLexLink>. w zw. z <xLexLink xArt="art. 12" xIsapId="WDU19970880553" xTitle="Ustawa z dnia 6 czerwca 1997 r. - Kodeks karny" xAddress="Dz. U. z 1997 r. Nr 88, poz. 553">art. 12 kk</xLexLink>.</xText>
            </xUnit>
            <xUnit xIsTitle="false" xType="none">
              <xName xSffx="."> XIV</xName>
              <xText> W okresie od 16 maja 1999 roku do 26 sierpnia 2000 roku we <xAnon>W.</xAnon>, woj. <xAnon>(...)</xAnon>, w wykonaniu z góry powziętego zamiaru w ramach zorganizowanej grupy mającej na celu popełnianie przestępstw przeciwko mieniu, według przyjętego i zaakceptowanego podziału ról i zadań przy realizacji poszczególnych przestępczych przedsięwzięć, wspólnie i w porozumieniu z <xAnon>J. J. (1)</xAnon>, <xAnon>Z. D.</xAnon>, odnośnie której postępowanie zostało umorzone z uwagi na jej śmierć oraz innymi ustalonymi osobami, w stosunku do których prowadzone są odrębne postępowania karne, działając w krótkich odstępach czasu, wykorzystując działalność gospodarczą prowadzoną w ramach <xAnon>firmy (...)</xAnon><xAnon>J. J. (1)</xAnon> z siedzibą w <xAnon>Ł.</xAnon>, <xAnon>ul. (...)</xAnon> oraz w ramach <xAnon>firmy (...)</xAnon><xAnon>J.</xAnon> orasz, <xAnon>J. J. (2)</xAnon> z siedzibą w <xAnon>Ł.</xAnon>, <xAnon>ul. (...)</xAnon>, jako prezes zarządu <xAnon>(...) Sp. z o.o.</xAnon> z siedzibą we <xAnon>W.</xAnon><xAnon>ul. (...)</xAnon> następnie z siedzibą w <xAnon>N.</xAnon><xAnon>Aleja (...)</xAnon> i będąc uprawnionym do przyjmowania i wystawiania faktur VAT dotyczących sprzedaży towarów i usług, jak również kierując działaniami <xAnon>Z. D.</xAnon> występującej, jako właścicielka <xAnon>Biura Usług (...)</xAnon> i Pośrednictwa Handlowego <xAnon>(...)</xAnon> z siedzibą we <xAnon>W.</xAnon>, <xAnon>(...)</xAnon> działając w celu osiągnięcia korzyści majątkowej, potwierdzając wykonanie fikcyjnych usług i fikcyjną sprzedaż towarów na rzecz wskazanych podmiotów kierowanych przez <xAnon>J. J. (1)</xAnon> naraził Skarb Państwa na straty znacznej wartości, z tytułu zwrotu podatku VAT i zaliczenie kwot z wystawionych faktur o łącznej wartości nie niższej niż 2 068 961, 65 zł w koszty działalności innych podmiotów, przez co nieodprowadzony został należny podatek VAT w kwocie co najmniej 411 626, 15 zł i tak:</xText>
              <xEnum>
                <xBullet> -</xBullet>
                <xEnumElem>
                  <xText> z tytułu wystawienia na rzecz <xAnon>firmy (...)</xAnon> faktur sprzedaży towarów i usług o łącznej wartości netto 1 359 890, 69 zł wartość podatku VAT wyniosła 256 866, 53 zł w szczególności zaś z tytułu wystawienia faktur sprzedaży towarów i usług:</xText>
                </xEnumElem>
              </xEnum>
            </xUnit>
          </xUnit>
          <xText> przez <xAnon>firmę (...) Sp. z o.o.</xAnon> z siedzibą we <xAnon>W.</xAnon>, <xAnon>ul. (...)</xAnon> następnie z siedzibą w <xAnon>N.</xAnon><xAnon>Aleja (...)</xAnon> w okresie od dnia 16.05.1999 roku do dnia 31.07.2000 roku na kwotę 1 134 948, 43 zł podatek VAT wyniósł 207 387, 15 zł,</xText>
          <xText> przez <xAnon>firmę (...)</xAnon> Duś w dniu 31.07.2000 roku na kwotę 224 906, 26 zł podatek VAT wyniósł 49 479, 38 zł,</xText>
          <xEnum>
            <xBullet> -</xBullet>
            <xEnumElem>
              <xText> z tytułu wystawienia na rzecz <xAnon>firmy (...)</xAnon>, <xAnon>J. J. (2)</xAnon> faktur sprzedaży towarów i usług o łącznej wartości netto 709 070, 96 zł wartość podatku VAT wyniosła 154 753, 62 zł, w szczególności zaś z tytułu wystawienia faktur sprzedaży towarów i usług:</xText>
            </xEnumElem>
          </xEnum>
          <xText> przez <xAnon>firmę (...) Sp. z o.o.</xAnon> z siedzibą we <xAnon>W.</xAnon>, <xAnon>ul. (...)</xAnon>, a następnie z siedzibą w <xAnon>N.</xAnon><xAnon>ul. (...)</xAnon> w okresie od dnia 01.10.1999 roku do dnia 23.08.2000 roku na kwotę 709 070, 96 zł podatek VAT wyniósł 154 753, 62 zł tj. o czyn z <xLexLink xArt="art. 271;art. 271 § 3" xIsapId="WDU19970880553" xTitle="Ustawa z dnia 6 czerwca 1997 r. - Kodeks karny" xAddress="Dz. U. z 1997 r. Nr 88, poz. 553">art. 271 § 3 kk</xLexLink>. i <xLexLink xArt="art. 286;art. 286 § 1" xIsapId="WDU19970880553" xTitle="Ustawa z dnia 6 czerwca 1997 r. - Kodeks karny" xAddress="Dz. U. z 1997 r. Nr 88, poz. 553">art. 286 § 1 kk</xLexLink>. w zw. z <xLexLink xArt="art. 294;art. 294 § 1" xIsapId="WDU19970880553" xTitle="Ustawa z dnia 6 czerwca 1997 r. - Kodeks karny" xAddress="Dz. U. z 1997 r. Nr 88, poz. 553">art. 294 § 1 kk</xLexLink>. w zw. z <xLexLink xArt="art. 11;art. 11 § 2" xIsapId="WDU19970880553" xTitle="Ustawa z dnia 6 czerwca 1997 r. - Kodeks karny" xAddress="Dz. U. z 1997 r. Nr 88, poz. 553">art. 11 § 2 kk</xLexLink>. w zw. z <xLexLink xArt="art. 12" xIsapId="WDU19970880553" xTitle="Ustawa z dnia 6 czerwca 1997 r. - Kodeks karny" xAddress="Dz. U. z 1997 r. Nr 88, poz. 553">art. 12 kk</xLexLink>. w zw. z <xLexLink xArt="art. 65" xIsapId="WDU19970880553" xTitle="Ustawa z dnia 6 czerwca 1997 r. - Kodeks karny" xAddress="Dz. U. z 1997 r. Nr 88, poz. 553">art. 65 kk</xLexLink>.</xText>
          <xUnit xIsTitle="false" xType="none">
            <xName xSffx="."> XV</xName>
            <xUnit xIsTitle="false" xType="none">
              <xName xSffx="."> XV</xName>
              <xText> w okresie od 14 grudnia 1999 roku do dnia 31 grudnia 1999 roku we <xAnon>W.</xAnon>, woj. <xAnon>(...)</xAnon>, <xAnon>R.</xAnon>, woj. <xAnon>(...)</xAnon> oraz <xAnon>Ł.</xAnon>, woj. <xAnon>(...)</xAnon>, działając jako prezes Zarządu Spółdzielni <xAnon>(...)</xAnon>z siedzibą w <xAnon>R.</xAnon>, wspólnie i w porozumieniu z <xAnon>J. J. (1)</xAnon> występującym, jako właściciel <xAnon>firmy Przedsiębiorstwo (...)</xAnon> z siedzibą w <xAnon>Ł.</xAnon>, w celu osiągnięcia korzyści majątkowej usiłował doprowadzić <xAnon>Spółdzielnię (...)</xAnon> w <xAnon>R.</xAnon> do niekorzystnego rozporządzenia mieniem znacznej wartości w kwocie 160 000 zł z tytułu fikcyjnego zakupu przez SI <xAnon>(...)</xAnon>kompletnej technologii produkcji Elektronicznego regulatora temperatury kotła CO <xAnon>(...)</xAnon> w ten sposób, że wiedząc, iż <xAnon>J. J. (1)</xAnon> nie posiada wskazanej wyżej dokumentacji sporządził wraz z nim w dniu 14 grudnia 1999 roku umowę kupna sprzedaży tejże dokumentacji za kwotę 160 000 zł, w dniu 30 grudnia 1999 roku sporządził protokół przekazania dokumentacji objętej umową sprzedaży a następnie w dacie 31 grudnia 1999 roku <xAnon>J. J. (1)</xAnon> sporządził <xAnon>fakturę sprzedaży nr (...)</xAnon>, powodując w ten sposób powstanie po stronie <xAnon>Spółdzielni (...)</xAnon> w <xAnon>R.</xAnon> obowiązku zapłaty kwoty 160 000 zł na rzecz PP <xAnon>H.</xAnon>, przy czym do dokonania zapłaty nie doszło z uwagi na wycofanie się SI <xAnon>(...)</xAnon> z transakcji tj. o czyn z <xLexLink xArt="art. 13;art. 13 § 1" xIsapId="WDU19970880553" xTitle="Ustawa z dnia 6 czerwca 1997 r. - Kodeks karny" xAddress="Dz. U. z 1997 r. Nr 88, poz. 553">art. 13 § 1 kk</xLexLink>. w zw. z <xLexLink xArt="art. 286;art. 286 § 1" xIsapId="WDU19970880553" xTitle="Ustawa z dnia 6 czerwca 1997 r. - Kodeks karny" xAddress="Dz. U. z 1997 r. Nr 88, poz. 553">art. 286 § 1 kk</xLexLink>. w zw. z <xLexLink xArt="art. 294;art. 294 § 1" xIsapId="WDU19970880553" xTitle="Ustawa z dnia 6 czerwca 1997 r. - Kodeks karny" xAddress="Dz. U. z 1997 r. Nr 88, poz. 553">art. 294 § 1 kk</xLexLink>.</xText>
            </xUnit>
            <xUnit xIsTitle="false" xType="none">
              <xName xSffx="."> XVI</xName>
              <xText> w dniu 3 stycznia 2000 roku we <xAnon>W.</xAnon> działając jako Prezes <xAnon>Stowarzyszenia (...) Zakładów Osób Niepełnosprawnych (...)</xAnon>, wspólnie i w porozumieniu z <xAnon>J. S.</xAnon> działającym jak właściciel i Prezes Zarządu <xAnon>Przedsiębiorstwa Handlowo - Usługowego (...)</xAnon> - 2 Sp. z o. o., w celu osiągnięcia znacznej korzyści majątkowej, wiedząc, iż pomiędzy wskazanymi podmiotami nie istnieje jakakolwiek umowa o współpracy bądź dofinansowaniu działalności gospodarczej, jak również wiedząc jako Prezes Zarządu i członek założyciel <xAnon>Stowarzyszenia (...)</xAnon>, iż Stowarzyszenie zostało powołane do życia w drodze przestępstwa nie prowadzi żadnej działalności statutowej, zaś <xAnon>firma (...)</xAnon> - 2 nie jest podmiotem gospodarczym, który zgodnie ze statutem Stowarzyszenia mógłby być zasilany ze środków Stowarzyszenia, przekazał <xAnon>J. S.</xAnon>, pochodzącą ze środków wypłaconych przez niego w gotówce z rachunku <xAnon>Stowarzyszenia (...)</xAnon> kwotę 150 000 zł, którą <xAnon>J. S.</xAnon> przyjął do kasy <xAnon>PHU (...)</xAnon> - 2 Sp. z o.o. na podstawie nienumerowanego dowodu wpłaty <xLexLink xArt="" xIsapId="WDU19740240141" xTitle="Ustawa z dnia 26 czerwca 1974 r. - Kodeks pracy" xAddress="Dz. U. z 1974 r. Nr 24, poz. 141">KP z dnia 3 stycznia 2000 roku</xLexLink>, bez określenia tytułu wpłaty, wiedząc, iż środki te pochodzą z przestępstwa, co stanowiło działanie nakierowane na ukrycie przestępczego źródła pochodzenia tychże środków finansowych, możliwości ich wykrycia zajęcia bądź orzeczenia przepadku tj. o czyn z <xLexLink xArt="art. 299;art. 299 § 1" xIsapId="WDU19970880553" xTitle="Ustawa z dnia 6 czerwca 1997 r. - Kodeks karny" xAddress="Dz. U. z 1997 r. Nr 88, poz. 553">art. 299 § 1 kk</xLexLink>. w zw. z <xLexLink xArt="art. 299;art. 299 § 5;art. 299 § 6" xIsapId="WDU19970880553" xTitle="Ustawa z dnia 6 czerwca 1997 r. - Kodeks karny" xAddress="Dz. U. z 1997 r. Nr 88, poz. 553">art. 299 § 5 i § 6 kk</xLexLink>.</xText>
            </xUnit>
            <xUnit xIsTitle="false" xType="none">
              <xName xSffx="."> XVII</xName>
              <xText> w dniu 31 lipca 2000 roku we <xAnon>W.</xAnon> działając jako Prezes <xAnon>Stowarzyszenia (...) Zakładów Osób Niepełnosprawnych (...)</xAnon>, wspólnie i w porozumieniu z <xAnon>J. S.</xAnon> działającym jak właściciel i Prezes Zarządu <xAnon>Przedsiębiorstwa Handlowo - Usługowego (...)</xAnon> - 2 Sp. z o. o., w celu osiągnięcia znacznej korzyści majątkowej, wiedząc, iż pomiędzy wskazanymi podmiotami nie istnieje jakakolwiek umowa o współpracy bądź dofinansowaniu działalności gospodarczej, jak również wiedząc jako Prezes Zarządu i członek założyciel <xAnon>Stowarzyszenia (...)</xAnon>, iż Stowarzyszenie zostało powołane do życia w drodze przestępstwa nie prowadzi żadnej działalności statutowej, zaś <xAnon>firma (...)</xAnon> - 2 nie jest podmiotem gospodarczym, który zgodnie ze statutem Stowarzyszenia mógłby być zasilany ze środków Stowarzyszenia, przekazał <xAnon>J. S.</xAnon>, pochodzącą ze środków wypłaconych przez niego w gotówce z rachunku <xAnon>Stowarzyszenia (...)</xAnon> kwotę 40 000 zł, którą <xAnon>J. S.</xAnon> przyjął do kasy <xAnon>PHU (...)</xAnon> - 2 Sp. z o.o. na podstawie nienumerowanego dowodu wpłaty <xLexLink xArt="" xIsapId="WDU19740240141" xTitle="Ustawa z dnia 26 czerwca 1974 r. - Kodeks pracy" xAddress="Dz. U. z 1974 r. Nr 24, poz. 141">KP z dnia 31 lipca 2000 roku</xLexLink>, bez określenia tytułu wpłaty, wiedząc, iż środki te pochodzą z przestępstwa, co stanowiło działanie nakierowane na ukrycie przestępczego źródła pochodzenia tychże środków finansowych, możliwości ich wykrycia zajęcia bądź orzeczenia przepadku tj. o czyn z <xLexLink xArt="art. 299;art. 299 § 1" xIsapId="WDU19970880553" xTitle="Ustawa z dnia 6 czerwca 1997 r. - Kodeks karny" xAddress="Dz. U. z 1997 r. Nr 88, poz. 553">art. 299 § 1 kk</xLexLink>. w zw. z <xLexLink xArt="art. 299;art. 299 § 5" xIsapId="WDU19970880553" xTitle="Ustawa z dnia 6 czerwca 1997 r. - Kodeks karny" xAddress="Dz. U. z 1997 r. Nr 88, poz. 553">art. 299 § 5 kk</xLexLink>.</xText>
            </xUnit>
            <xUnit xIsTitle="false" xType="none">
              <xName xSffx="."> XVIII</xName>
              <xText> w okresie od 31 lipca 2000 roku do 31 października 2000 roku w <xAnon>K.</xAnon>, woj. <xAnon>(...)</xAnon>, oraz innych miejscowościach na terenie kraju, działając jako Prezes Zarządu <xAnon>(...) Sp. z o.o.</xAnon> we <xAnon>W.</xAnon> a następnie w <xAnon>N.</xAnon>, nadto jako Prezes Zarządu <xAnon>PPHU (...) Sp. z o.o.</xAnon> w <xAnon>C.</xAnon> oraz Prezes Zarządu <xAnon>(...)</xAnon> w <xAnon>R.</xAnon>, w wykonaniu z góry powziętego zamiaru w ramach zorganizowanej grupy mającej na celu popełnianie przestępstw przeciwko mieniu, według przyjętego i zaakceptowanego podziału ról i zadań przy realizacji poszczególnych przestępczych przedsięwzięć, wspólnie i w porozumieniu z <xAnon>R. P.</xAnon> działającym jako v-ce Prezes Zarządu <xAnon>Sp. z o.o. CENTRUM (...)</xAnon> w <xAnon>K.</xAnon>, jako właściciel <xAnon>(...)</xAnon>, oraz właściciel <xAnon>Agencji Handlowo -Usługowej (...) S.C.</xAnon>, inna ustaloną osobą działającą jako właściciel <xAnon>PPHU (...)</xAnon> z siedzibą we <xAnon>W.</xAnon>, w stosunku do której prowadzone jest odrębne postępowanie karne, <xAnon>Z. D.</xAnon> występującą jako właścicielka <xAnon>(...)</xAnon>z siedzibą we <xAnon>W.</xAnon>, odnośnie której postępowanie zostało umorzone z uwagi na jej śmierć, działając w krótkich odstępach czasu, wykorzystując działalność gospodarczą prowadzoną przez <xAnon>R. P.</xAnon> w ramach firm: <xAnon>CENTRUM (...) Sp. z o.o.</xAnon>, <xAnon>(...)</xAnon>, oraz <xAnon>Agencji Handlowo - Usługowej (...) S.C.</xAnon>, a także firm: <xAnon>W.</xAnon><xAnon>W. R.</xAnon>, <xAnon>P.</xAnon><xAnon>(...)</xAnon>, <xAnon>PPUH (...)</xAnon>, SI <xAnon>(...)</xAnon>, <xAnon>(...)</xAnon><xAnon>Z. D.</xAnon>, będących uprawnionymi do przyjmowania i wystawiania faktur VAT dotyczących sprzedaży towarów i usług, działając w celu osiągnięcia korzyści majątkowej, kierując działaniami wskazanych osób i podmiotów gospodarczych i polecając <xAnon>R. P.</xAnon> potwierdzanie wykonania fikcyjnych usług i fikcyjnej sprzedaży towarów na rzecz innych podmiotów oraz fikcyjnego zakupienia usług i towarów od innych podmiotów naraził Skarb Państwa na straty znacznej wartości z tytułu zwrotu podatku VAT i zaliczenie kwot z wystawionych faktur w koszty działalności innych podmiotów, przez co nieodprowadzony został należny podatek VAT w kwotach co najmniej 236 076, 62 zł, i tak z tytułu operacji fakturowych odnoszących się do wirówki stanowiącej urządzenie składowe ciągu do produkcji masmixu:</xText>
              <xEnum>
                <xBullet> -</xBullet>
                <xEnumElem>
                  <xText> w dniu 30.12.1999 r. na podstawie <xAnon>faktury VAT nr (...)</xAnon>, sprzedawca: KG <xAnon>(...)</xAnon>, nabywca <xAnon>A.</xAnon><xAnon>(...)</xAnon><xAnon>T.</xAnon> - reaktor wartość netto: 4 500, 00 zł. VAT: 990, 00 zł,</xText>
                </xEnumElem>
                <xEnumElem>
                  <xText> po odłączeniu wirówki od reaktora dalsza jej sprzedaż:</xText>
                </xEnumElem>
                <xEnumElem>
                  <xText> w dniu 31.07.2000 r. na podstawie <xAnon>faktury VAT nr (...)</xAnon>, sprzedawca: <xAnon>A.</xAnon><xAnon>(...)</xAnon><xAnon>T.</xAnon>, nabywca <xAnon>P. B. (...)</xAnon> -wirówka, wartość netto: 60 000, 00 zł. VAT: 13 200, 00 zł.</xText>
                </xEnumElem>
                <xEnumElem>
                  <xText> w dniu 26.09.2000 r. na podstawie <xAnon>faktury VAT nr (...)</xAnon>, sprzedawca: <xAnon>P. B. (...)</xAnon>, nabywca: KG <xAnon>(...)</xAnon>- <xAnon>(...)</xAnon>, wartość netto: 60 600, 00 zł. VAT: 13 332, 00 zł,</xText>
                </xEnumElem>
                <xEnumElem>
                  <xText> w dniu 30.09.2000 r. na podstawie <xAnon>faktury VAT nr (...)</xAnon>, sprzedawca: KG <xAnon>(...)</xAnon>, nabywca: <xAnon>Centrum (...) Sp. z o.o.</xAnon><xBRx/> - <xAnon>(...)</xAnon>, wartość netto: 61 400, 00 zł. VAT: 13 508, 00 zł</xText>
                </xEnumElem>
              </xEnum>
            </xUnit>
          </xUnit>
          <xText> z tytułu sprzedaży wykonanego we własnym zakresie przez <xAnon>A.</xAnon><xAnon>(...)</xAnon><xAnon>T.</xAnon> w okresie od 01. 06- 13.07.2000 r. pasteryzatora o wartości netto: 5 863, 59 zł:</xText>
          <xEnum>
            <xBullet> -</xBullet>
            <xEnumElem>
              <xText> w dniu 31.07.2000 r. na podstawie <xAnon>faktury VAT nr (...)</xAnon>, sprzedawca: <xAnon>(...) S.C.</xAnon> nabywca: <xAnon>P. B. (...)</xAnon> - pasteryzator, wartość netto 135 000, 00 zł. VAT 29 700, 00 zł.</xText>
            </xEnumElem>
            <xEnumElem>
              <xText> w dniu 31.08.2000 r. na podstawie FV <xAnon>(...)</xAnon>, sprzedawca: <xAnon>P. B. (...)</xAnon>, nabywca <xAnon>PPUH (...) Sp. z o.o.</xAnon>- pasteryzator, wartość: 136 690, 00 zł. VAT: 30 071, 80 zł.</xText>
            </xEnumElem>
            <xEnumElem>
              <xText> w dniu 31.08.2000 r. na podstawie FV 12/ <xAnon>V.</xAnon>/00, sprzedawca: <xAnon>PPUH (...) Sp. z o.o.</xAnon>, nabywca SI <xAnon>(...)</xAnon> - pasteryzator, wartość: 137 710, 00 zł. VAT: 30 296, 20 zł.</xText>
            </xEnumElem>
            <xEnumElem>
              <xText> w dniu 22.09.2000 r. na podstawie FV <xAnon>(...)</xAnon> sprzedawca: SI <xAnon>(...)</xAnon> nabywca: KG <xAnon>(...)</xAnon>- pasteryzator, wartość: 197 300, 00 zł. VAT: 43 406, 00 zł.</xText>
            </xEnumElem>
            <xEnumElem>
              <xText> w dniu 25.09.2000 r. na podstawie FV <xAnon>(...)</xAnon>, sprzedawca: KG <xAnon>(...)</xAnon>, nabywca: <xAnon>(...)</xAnon>- pasteryzator, wartość: 198 200, 00 zł. VAT: 43 604, 00 zł</xText>
            </xEnumElem>
          </xEnum>
          <xText> z tytułu innych faktur:</xText>
          <xEnum>
            <xBullet> -</xBullet>
            <xEnumElem>
              <xText> w dniu 23.08.2000 r. na podstawie <xAnon>faktury VAT nr (...)</xAnon> sprzedawca <xAnon>A. C. (...)</xAnon>, nabywca SI <xAnon>(...)</xAnon> - margaryna, wartość netto: 49 500, 00 zł. VAT: 3 465, 00 zł.- brutto: 52 965, 00 zł.</xText>
            </xEnumElem>
            <xEnumElem>
              <xText> w dniu 31.08.2000 r. na podstawie <xAnon>faktury VAT nr (...)</xAnon> sprzedawca SI <xAnon>(...)</xAnon>, nabywca: <xAnon>A.</xAnon><xAnon>(...)</xAnon><xAnon>T. S.</xAnon>.C- sok pomarańczowy, wartość netto 16 500, 00 zł. VAT 1 155 zł. elementy konstrukcji okien- <xAnon>(...)</xAnon>-20, rama, skrzydło netto: 27 450, 00 zł. VAT: 1 921, 50 zł. - brutto: 47 026, 50 zł.</xText>
            </xEnumElem>
            <xEnumElem>
              <xText> w dniu 31.08.2000 r. na podstawie <xAnon>faktury VAT nr (...)</xAnon> sprzedawca SI <xAnon>(...)</xAnon>, nabywca: KG <xAnon>(...)</xAnon>- napój niegazowany 8 000 szt., wartość netto 12 800, 00 zł. VAT 2 816 zł.-brutto: 15 616, 00 zł,</xText>
            </xEnumElem>
            <xEnumElem>
              <xText> w dniu 31.08.2000 r. na podstawie <xAnon>faktury VAT nr (...)</xAnon> sprzedawca SI <xAnon>(...)</xAnon>, nabywca: <xAnon>Centrum (...) Sp. z o.o.</xAnon>- margaryna /blok/, wartość netto 50 175,00 zł. VAT 3 512, 25 zł. - brutto: 53 687, 25 zł.</xText>
            </xEnumElem>
            <xEnumElem>
              <xText> w dniu 30 września 2000 r. na podstawie <xAnon>faktury VAT nr (...)</xAnon> sprzedawca <xAnon>PPHU (...)</xAnon>, nabywca KG <xAnon>(...)</xAnon> - margaryna /blok/ wartość: 57 698, 68 zł. - VAT: 3 774, 68 zł.</xText>
            </xEnumElem>
            <xEnumElem>
              <xText> w dniu 30.09.2000 r. na podstawie <xAnon>faktury VAT nr (...)</xAnon>, sprzedawca: <xAnon>(...)</xAnon><xAnon>Z. D.</xAnon>, nabywca: KG <xAnon>(...)</xAnon> - margaryna /blok/, wartość: 28 917, 00 zł, VAT 2 024, 19 zł, tj. o czyn z <xLexLink xArt="art. 271;art. 271 § 3" xIsapId="WDU19970880553" xTitle="Ustawa z dnia 6 czerwca 1997 r. - Kodeks karny" xAddress="Dz. U. z 1997 r. Nr 88, poz. 553">art. 271 § 3 kk</xLexLink>. i <xLexLink xArt="art. 286;art. 286 § 1" xIsapId="WDU19970880553" xTitle="Ustawa z dnia 6 czerwca 1997 r. - Kodeks karny" xAddress="Dz. U. z 1997 r. Nr 88, poz. 553">art. 286 § 1 kk</xLexLink>. w zw. z <xLexLink xArt="art. 294;art. 294 § 1" xIsapId="WDU19970880553" xTitle="Ustawa z dnia 6 czerwca 1997 r. - Kodeks karny" xAddress="Dz. U. z 1997 r. Nr 88, poz. 553">art. 294 § 1 kk</xLexLink>. w zw. z <xLexLink xArt="art. 11;art. 11 § 2" xIsapId="WDU19970880553" xTitle="Ustawa z dnia 6 czerwca 1997 r. - Kodeks karny" xAddress="Dz. U. z 1997 r. Nr 88, poz. 553">art. 11 § 2 kk</xLexLink>. w zw. z <xLexLink xArt="art. 12" xIsapId="WDU19970880553" xTitle="Ustawa z dnia 6 czerwca 1997 r. - Kodeks karny" xAddress="Dz. U. z 1997 r. Nr 88, poz. 553">art. 12 kk</xLexLink>. w zw. z <xLexLink xArt="art. 65" xIsapId="WDU19970880553" xTitle="Ustawa z dnia 6 czerwca 1997 r. - Kodeks karny" xAddress="Dz. U. z 1997 r. Nr 88, poz. 553">art. 65 kk</xLexLink>.</xText>
            </xEnumElem>
          </xEnum>
          <xUnit xIsTitle="false" xType="none">
            <xName xSffx="."> XIX</xName>
            <xUnit xIsTitle="false" xType="none">
              <xName xSffx="."> XIX</xName>
              <xText> w okresie od dnia 10 sierpnia 2000 roku do dnia 17 października 2000 roku, w <xAnon>K.</xAnon>, wspólnie i w porozumieniu z <xAnon>R. P.</xAnon> oraz innymi ustalonymi osobami, co do których prowadzone jest odrębne postępowanie karne, w celu osiągnięcia korzyści majątkowej, doprowadził <xAnon>P.</xAnon> Bank w <xAnon>W.</xAnon> Oddział w <xAnon>K.</xAnon> do niekorzystnego rozporządzenia mieniem w kwocie 222 257, 42 zł z tytułu wykupienia przez <xAnon>(...) Bank SA</xAnon> w <xAnon>W.</xAnon> Oddział w <xAnon>K.</xAnon> faktur sprzedaży, wystawianych na rzecz <xAnon>Centrum (...) Sp. z o.o.</xAnon> przez firmy: <xAnon>PHU (...)</xAnon> z siedzibą we <xAnon>W.</xAnon>, <xAnon>(...)</xAnon>z siedzibą we <xAnon>W.</xAnon> oraz <xAnon>Spółdzielnię (...)</xAnon> w <xAnon>R.</xAnon>, w ten sposób, że:</xText>
              <xEnum>
                <xBullet> -</xBullet>
                <xEnumElem>
                  <xText> w dniu 5 maja 2000 roku <xAnon>R. P.</xAnon> i <xAnon>D. G.</xAnon> złożyli w <xAnon>(...) Banku S. A.</xAnon> Oddział w <xAnon>K.</xAnon> wniosek o zawarcie umowy o wykup wierzytelności w trybie factoringu z ustaleniem limitu wartości wykupu to kwoty 300 000 zł,</xText>
                </xEnumElem>
                <xEnumElem>
                  <xText> w dniu 9 czerwca 2000 roku w <xAnon>K.</xAnon><xAnon>D. G.</xAnon> występująca jako prezes zarządu <xAnon>Centrum (...) Sp. z o.o.</xAnon> z siedzibą w <xAnon>K.</xAnon> podpisała w <xAnon>(...) Banku SA</xAnon> Oddział w <xAnon>K.</xAnon> umowę factoringu z poręczeniem nr <xAnon>(...)</xAnon> o wykup przez <xAnon>P.</xAnon> Bank przedkładanych przez <xAnon>Centrum (...) Sp. z o.o.</xAnon> faktur sprzedaży dokumentujących transakcje zawierane przez <xAnon>Centrum (...)</xAnon> ze zgłoszonymi do przedmiotowej umowy podmiotami gospodarczymi do wysokości ustalonego limitu kwoty zaangażowania,</xText>
                </xEnumElem>
                <xEnumElem>
                  <xText> w dniu 10 sierpnia 2000 roku <xAnon>R. P.</xAnon> sporządził i podpisał zawiadomienia o zawarciu umowy factoringowej z <xAnon>(...) SA</xAnon> Oddział w <xAnon>K.</xAnon>, które następnie podpisane zostały na polecenie <xAnon>L. S.</xAnon> przez <xAnon>W. R.</xAnon> i <xAnon>Z. D.</xAnon> w imieniu <xAnon>firm (...)</xAnon>, wiedząc, iż z podmiotami tymi, kierowanymi w rzeczywistości przez <xAnon>L. S.</xAnon> , nie będzie prowadzona żadna działalność gospodarcza w zakresie obrotu towarowego,</xText>
                </xEnumElem>
                <xEnumElem>
                  <xText> w okresie od 16 sierpnia 2000 roku do 15 września 2000 roku <xAnon>R. P.</xAnon> działający jako pełnomocnik <xAnon>Centrum (...) Sp. z o.o.</xAnon> wydał polecenie sporządzenia faktur sprzedaży towarów przez <xAnon>Centrum (...)</xAnon> na rzecz <xAnon>PPHU (...)</xAnon>, <xAnon>(...)</xAnon> oraz SI <xAnon>(...)</xAnon> o łącznej wartości 222 257, 42 zł wiedząc, iż żadna z opisanych w fakturach transakcji nie została przeprowadzona, które to faktury zostały następnie odebrane przez <xAnon>L. S.</xAnon> i podpisane na jego polecenie przez przedstawicieli <xAnon>firm (...)</xAnon> oraz przez <xAnon>L. S.</xAnon> osobiście w mieniu <xAnon>Spółdzielni (...)</xAnon>, po czym faktury te przedstawione zostały w <xAnon>(...) Banku SA</xAnon> Oddział w <xAnon>K.</xAnon> do wykupu, który zgodnie z umową z dnia 9 czerwca 2000 roku został przeprowadzony, zaś uzyskane środki trafiły bezpośrednio na rachunek <xAnon>Centrum (...) Sp. z o.o.</xAnon> i przeznaczone na działalność gospodarczą tego podmiotu,</xText>
                </xEnumElem>
                <xEnumElem>
                  <xText> w dniach 21 sierpnia 11 września oraz 17 października 2000 roku przedłożone zostały w <xAnon>(...) Banku SA</xAnon> Oddział w <xAnon>K.</xAnon> uaktualnione wykazy odbiorców <xAnon>Centrum (...)</xAnon> z określeniem limitów wykorzystania na poszczególne podmioty gospodarcze, w którym wskazane zostały jako podmioty objęte umową: <xAnon>PPHU (...)</xAnon>, <xAnon>(...)</xAnon>oraz SI <xAnon>(...)</xAnon>,</xText>
                </xEnumElem>
                <xEnumElem>
                  <xText> w dniu 11 września 2000 roku <xAnon>D. G.</xAnon> występująca jako prezes zarządu <xAnon>Centrum (...) Sp. z o.o.</xAnon> z siedzibą w <xAnon>K.</xAnon> podpisała w <xAnon>(...) Banku SA</xAnon> Oddział w <xAnon>K.</xAnon> aneks nr 1 do umowy factoringu z poręczeniem nr <xAnon>(...)</xAnon> o wykup przez <xAnon>P.</xAnon> Bank przedkładanych przez <xAnon>Centrum (...) Sp. z o.o.</xAnon> faktur sprzedaży dokumentujących transakcje zawierane przez <xAnon>Centrum (...)</xAnon> ze zgłoszonymi do przedmiotowej umowy podmiotami gospodarczymi podnosząc wysokość ustalonego limitu kwoty zaangażowania Banku do 600 000 zł,</xText>
                </xEnumElem>
              </xEnum>
            </xUnit>
          </xUnit>
          <xText> w konsekwencji czego, poprzez wypłacenie uzyskanych nienależnie środków finansowych i przeznaczenie ich na cele niezwiązane z objętą umową factoringową działalnością gospodarczą prowadzoną w ramach firm objętych umową factoringową doprowadzono <xAnon>(...) Bank SA</xAnon> Oddział w <xAnon>K.</xAnon> do niekorzystnego rozporządzenia mieniem w kwocie 222 257, 42 zł, tj. o czyn z <xLexLink xArt="art. 286;art. 286 § 1" xIsapId="WDU19970880553" xTitle="Ustawa z dnia 6 czerwca 1997 r. - Kodeks karny" xAddress="Dz. U. z 1997 r. Nr 88, poz. 553">art. 286 § 1 kk</xLexLink>. w z w. z <xLexLink xArt="art. 294;art. 294 § 1" xIsapId="WDU19970880553" xTitle="Ustawa z dnia 6 czerwca 1997 r. - Kodeks karny" xAddress="Dz. U. z 1997 r. Nr 88, poz. 553">art. 294 § 1 kk</xLexLink>. w zw. z <xLexLink xArt="art. 12" xIsapId="WDU19970880553" xTitle="Ustawa z dnia 6 czerwca 1997 r. - Kodeks karny" xAddress="Dz. U. z 1997 r. Nr 88, poz. 553">art. 12 kk</xLexLink>.</xText>
          <xUnit xIsTitle="false" xType="none">
            <xName xSffx="."> XX</xName>
            <xUnit xIsTitle="false" xType="none">
              <xName xSffx="."> XX</xName>
              <xText> w okresie od dnia 27 maja 1999 roku do dnia 29 września 2003 roku, w <xAnon>S.</xAnon>, <xAnon>W.</xAnon>, <xAnon>B.</xAnon>, woj. <xAnon>(...)</xAnon> oraz innych miejscowościach na terenie kraju, występując w imieniu <xAnon>(...) sp. z o.o.</xAnon> z siedzibą we <xAnon>W.</xAnon>, <xAnon>ul. (...)</xAnon>, działając w krótkich odstępach czasu, ze z góry powziętym zamiarem, w celu osiągnięcia znacznej korzyści majątkowej, wspólnie i w porozumieniu z <xAnon>J. G. (1)</xAnon> występującym jako właściciel <xAnon>firmy (...)</xAnon>, wykorzystując fakt dysponowania przez <xAnon>J. G. (1)</xAnon> linią technologiczną do produkcji okien zainstalowaną w pomieszczeniach <xAnon>firmy (...)</xAnon> w <xAnon>S.</xAnon>, podjął działania zmierzające do nieodpowiadającego prawdzie udokumentowania faktu wejścia przez <xAnon>firmę (...)</xAnon> w posiadanie nowej linii technologicznej do produkcji okien obsługiwanej przez 33 osoby niepełnosprawne, przez co następnie dopomógł <xAnon>J. G. (1)</xAnon>, dysponującemu stosowną dokumentacją nabycia przedmiotowych urządzeń, poprzez wystąpienie za pośrednictwem Starostwa Powiatowego w <xAnon>B.</xAnon> do Państwowego Funduszu <xAnon>(...) Osób Niepełnosprawnych</xAnon> o przyznanie refundacji kosztów utworzenia nowych stanowisk pracy oraz refundacji kosztów wynagrodzeń osób niepełnosprawnych, i wprowadzenie wskazanego Funduszu w błąd co do faktycznego posiadania nowej linii technologicznej oraz utworzenia nowych stanowisk pracy dla osób niepełnosprawnych, w doprowadzeniu <xAnon>(...)</xAnon> do niekorzystnego rozporządzenia mieniem znacznej wartości, w łącznej kwocie nie niższej niż 990 101, 50 zł i tak:</xText>
              <xEnum>
                <xBullet> -</xBullet>
                <xEnumElem>
                  <xText> w dniu 27 maja 1999 roku <xAnon>J. G. (1)</xAnon> złożył w Starostwie Powiatowym w <xAnon>B.</xAnon> wniosek dla ubiegającego się o zwrot ze środków <xAnon>(...)</xAnon> kosztów organizacji nowych stanowisk pracy dla osób niepełnosprawnych i wynagrodzenia wypłacanego osobom niepełnosprawnych kierowanym na nowo utworzone stanowiska pracy, wraz z załącznikami, ze wskazaniem, iż stanowiska te utworzone zostaną w oparciu o nowo nabytą linię do produkcji okien, wiedząc, iż złożony wniosek jest fikcyjny z uwagi na zamiar wykorzystania dla pozyskania środków z <xAnon>(...)</xAnon> już posiadanej linii do produkcji okien,</xText>
                </xEnumElem>
                <xEnumElem>
                  <xText> w dniu 14 września 1999 roku <xAnon>J. G. (1)</xAnon> podpisał ze <xAnon>S. P.</xAnon> w <xAnon>B.</xAnon><xAnon>umowę nr (...)</xAnon> o zwrot kosztów utworzenia 31 nowych stanowisk pracy dla osób niepełnosprawnych, na sfinansowanie których przeznaczone miało zostać 360 000 zł,</xText>
                </xEnumElem>
                <xEnumElem>
                  <xText> w dniu 10 listopada 1999 roku na podstawie wystawionej przez <xAnon>L. S.</xAnon> działającego jako prezes zarządu <xAnon>(...) Sp. z o.o.</xAnon> fikcyjnej <xAnon>faktury VAT nr (...)</xAnon><xAnon>J. G. (1)</xAnon> pozornie zakupił na rzecz <xAnon>(...)</xAnon><xAnon>J. G. (1)</xAnon> - linię technologiczną do produkcji okien wartości 768 600 zł brutto, wiedząc, iż <xAnon>L. S.</xAnon> jak również <xAnon>firma (...)</xAnon> nigdy nie dysponowała wskazaną linią technologiczną, zaś wskazana w fakturze linia technologiczna jest tą samą, na której przez cały czas prowadzona jest produkcja okien w hali <xAnon>firmy (...)</xAnon>, w dniu 10 listopada 1999 roku <xAnon>J. G. (1)</xAnon> wprowadził wskazaną w umowie linię technologiczną jako środek trwały do masy majątkowej <xAnon>(...)</xAnon>, z przeznaczeniem jej na utworzenie stanowisk 31 a finalnie 33 stanowisk pracy dla osób niepełnosprawnych, następnie <xAnon>J. G. (1)</xAnon> przedłożył wskazaną fakturę w Starostwie Powiatowym <xAnon>B.</xAnon>, jako udokumentowanie nabycia nowej linii technologicznej do produkcji okien, wiedząc, iż poświadcza tym nieprawdziwy stan faktyczny, w celu nadania pozorów legalności i realności zawartej z <xAnon>firmą (...)</xAnon> umowy kupna linii technologicznej do produkcji okien <xAnon>L. S.</xAnon> przyjął w dniach: 22 i 25 listopada 1999 roku oraz 1 i 14 grudnia 1999 roku na rachunek <xAnon>firmy (...) Sp. z o.o.</xAnon> łączną kwotę 700 000 zł, które to polecenia przelewów <xAnon>J. G. (1)</xAnon> przedłożył w Starostwie Powiatowym w <xAnon>B.</xAnon>, zobowiązując się do zwrotu <xAnon>J. G. (1)</xAnon> przelanej koty pomniejszonej o wartość podatku VAT oraz ustalonej przez siebie prowizji,</xText>
                </xEnumElem>
                <xEnumElem>
                  <xText> w dniu 21 grudnia 1999 roku <xAnon>J. G. (1)</xAnon> podpisał ze <xAnon>S. P.</xAnon> w <xAnon>B.</xAnon><xAnon>umowę nr (...)</xAnon> o zwrot kosztów utworzenia 2 nowych stanowisk pracy dla osób niepełnosprawnych, na sfinansowanie których przeznaczone miało zostać 44 322 zł, przedkładając stosowne dokumenty potwierdzające posiadanie urządzeń stanowiących wyposażenie tych stanowisk pracy,</xText>
                </xEnumElem>
                <xEnumElem>
                  <xText> w dniu 29 grudnia 1999 roku <xAnon>J. G. (1)</xAnon> przyjął na rachunek <xAnon>firmy (...)</xAnon> przelaną przez Starostwo Powiatowe w <xAnon>B.</xAnon> działające jako przedstawiciel <xAnon>(...)</xAnon> kwotę 360 000 zł, z tytułu refundacji 31 nowych miejsc pracy dla niepełnosprawnych zgodnie z <xAnon>umową nr (...)</xAnon>,</xText>
                </xEnumElem>
                <xEnumElem>
                  <xText> w dniu 30 czerwca 2000 roku <xAnon>J. G. (1)</xAnon> przyjął na rachunek <xAnon>firmy (...)</xAnon> przelaną przez Starostwo Powiatowe w <xAnon>B.</xAnon> działające jako przedstawiciel <xAnon>(...)</xAnon> kwotę 44 322 zł, z tytułu refundacji 2 nowych miejsc pracy dla niepełnosprawnych zgodnie z <xAnon>umową nr (...)</xAnon>,</xText>
                </xEnumElem>
                <xEnumElem>
                  <xText> w okresie od stycznia 2000 roku do dnia 29 września 2003 roku <xAnon>J. G. (1)</xAnon> przyjął na rachunek <xAnon>firmy (...)</xAnon> przelane przez Starostwo Powiatowe w <xAnon>B.</xAnon> działające jako przedstawiciel <xAnon>(...)</xAnon> środki z tytułu refundacji wynagrodzeń osób niepełnosprawnych w kwocie 585 789, 50 zł, z <xAnon>umów (...)</xAnon> tj. o czyn z <xLexLink xArt="art. 18;art. 18 § 3" xIsapId="WDU19970880553" xTitle="Ustawa z dnia 6 czerwca 1997 r. - Kodeks karny" xAddress="Dz. U. z 1997 r. Nr 88, poz. 553">art. 18 § 3 kk</xLexLink>. w zw. 286 § <xLexLink xArt="" xIsapId="WDU19970880553" xTitle="Ustawa z dnia 6 czerwca 1997 r. - Kodeks karny" xAddress="Dz. U. z 1997 r. Nr 88, poz. 553">kk</xLexLink>. zw. z <xLexLink xArt="art. 294;art. 294 § 1" xIsapId="WDU19970880553" xTitle="Ustawa z dnia 6 czerwca 1997 r. - Kodeks karny" xAddress="Dz. U. z 1997 r. Nr 88, poz. 553">art. 294 § 1 kk</xLexLink>. i <xLexLink xArt="art. 270;art. 270 § 1" xIsapId="WDU19970880553" xTitle="Ustawa z dnia 6 czerwca 1997 r. - Kodeks karny" xAddress="Dz. U. z 1997 r. Nr 88, poz. 553">art. 270 § 1 kk</xLexLink>. i <xLexLink xArt="art. 272" xIsapId="WDU19970880553" xTitle="Ustawa z dnia 6 czerwca 1997 r. - Kodeks karny" xAddress="Dz. U. z 1997 r. Nr 88, poz. 553">art. 272 kk</xLexLink>. w zw. z <xLexLink xArt="art. 11;art. 11 § 2" xIsapId="WDU19970880553" xTitle="Ustawa z dnia 6 czerwca 1997 r. - Kodeks karny" xAddress="Dz. U. z 1997 r. Nr 88, poz. 553">art. 11 § 2 kk</xLexLink>. w zw. z <xLexLink xArt="art. 12" xIsapId="WDU19970880553" xTitle="Ustawa z dnia 6 czerwca 1997 r. - Kodeks karny" xAddress="Dz. U. z 1997 r. Nr 88, poz. 553">art. 12 kk</xLexLink>.</xText>
                </xEnumElem>
              </xEnum>
            </xUnit>
          </xUnit>
          
          <xText><xBx><xAnon>J. G. (1)</xAnon></xBx> został oskarżony o to, że:</xText>
          <xUnit xIsTitle="false" xType="none">
            <xName xSffx="."> XXI</xName>
            <xText> W okresie od 29 kwietnia 1999 roku do 30 marca 2000 roku we <xAnon>W.</xAnon>, woj. popełnianie przestępstw przeciwko mieniu, według przyjętego i zaakceptowanego podziału ról i zadań przy realizacji poszczególnych przestępczych przedsięwzięć, wspólnie i w porozumieniu z <xAnon>L. S.</xAnon>, <xAnon>Z. D.</xAnon>, w stosunku do której umorzono postępowanie z uwagi na jej śmierć oraz <xAnon>K. B.</xAnon>, działając w krótkich odstępach czasu, wykorzystując działalność gospodarczą prowadzoną w ramach <xAnon>firmy (...)</xAnon> z siedzibą we <xAnon>W.</xAnon>, <xAnon>ul. (...)</xAnon>, będąc uprawnionym do przyjmowania faktur VAT dotyczących zakupu towarów i usług, działając w celu osiągnięcia korzyści majątkowej, poświadczył nieprawdę, co do okoliczności mających istotne znaczenie prawne, potwierdzając wykonanie fikcyjnych usług oraz fikcyjne zakupienie usług i towarów od innych podmiotów naraził Skarb Państwa na straty z tytułu zwrotu podatku VAT i zaliczenie kwot z wystawionych faktur w koszty działalności innych podmiotów, przez co nieodprowadzony został należny podatek VAT w kwotach co najmniej 663 577, 56 zł i tak:</xText>
            <xEnum>
              <xBullet> -</xBullet>
              <xEnumElem>
                <xText> z tytułu podpisania faktur zakupu towarów i usług o łącznej wartości 5 565 803, 33 zł wartość podatku VAT wyniosła 663 577, 56 zł, w tym w roku 1999 przy wartości zakupu 4 676 999, 02 zł należny podatek VAT wyniósł 479 195, 75 zł, a w roku 2000 przy wartości zakupu 888 904, 31 zł należny podatek VAT wyniósł 184 381, 81 zł,</xText>
              </xEnumElem>
            </xEnum>
          </xUnit>
          <xText> w szczególności zaś z tytułu potwierdzenia przyjęcia faktur w 1999 roku:</xText>
          <xUnit xIsTitle="false" xType="none">
            <xName xSffx="."> -</xName>
            <xEnum>
              <xBullet> -</xBullet>
              <xEnumElem>
                <xText> od <xAnon>firmy (...) SP. z o.o.</xAnon> w miesiącu kwietniu, w dniu 29.04.1999 roku nr <xAnon>(...)</xAnon> na kwotę 1 043 299, 04 zł podatek VAT wyniósł 76 666, 00 zł,</xText>
              </xEnumElem>
              <xEnumElem>
                <xText> od <xAnon>firmy (...) SP. z o.o.</xAnon> w miesiącu czerwcu a w szczególności w dniach 18 i 30.06.1999 roku nr <xAnon>(...)</xAnon> i <xAnon>(...)</xAnon> na łączną kwotą 25 000, 00 zł podatek VAT wyniósł łącznie 5 500, 00 zł,</xText>
              </xEnumElem>
              <xEnumElem>
                <xText> od <xAnon>firmy (...) SP. z o.o.</xAnon> w miesiącu lipcu a w szczególności w dniach 7, 15, 16 i 27.07.1999 roku nr <xAnon>(...)</xAnon> na łączną kwotę 89 995, 00 zł podatek VAT wyniósł łącznie 19 798, 90 zł,</xText>
              </xEnumElem>
              <xEnumElem>
                <xText> od <xAnon>firmy (...) SP. z o.o.</xAnon> w miesiącu sierpniu a w szczególności w dniach 28, 29, 31.07.1999 roku oraz 5, 13, 16, 18 i 22.08.1999 roku nr <xAnon>(...)</xAnon> oraz <xAnon>(...)</xAnon> na łączną kwotę 978 224, 98 zł podatek VAT wyniósł łącznie 73 236, 65 zł,</xText>
              </xEnumElem>
              <xEnumElem>
                <xText> od <xAnon>firmy (...) SP. z o.o.</xAnon> w miesiącu wrześniu a w szczególności w dniach 14, 15, 20 i 30.09.1999 roku nr <xAnon>(...)</xAnon> na łączną kwotę 111 000, 00 zł podatek VAT wyniósł łącznie 31 139, 00 zł,</xText>
              </xEnumElem>
              <xEnumElem>
                <xText> od <xAnon>firmy (...) SP. z o.o.</xAnon> w miesiącu październiku a w szczególności w dniu 29.10.1999 roku nr <xAnon>(...)</xAnon> na kwotę 578 500, 00 zł podatek VAT wyniósł 127 270, 00 zł,</xText>
              </xEnumElem>
              <xEnumElem>
                <xText> od <xAnon>firmy (...) SP. z o.o.</xAnon> w miesiącu listopadzie a w szczególności w dniach 4, 5, 8, 9, 10, 11, 12, 15, 17 i 30.11.1999 roku nr <xAnon>(...)</xAnon> na łączną kwotę 1 619 690, 00 zł podatek VAT wyniósł łącznie 94 997, 80 zł,</xText>
              </xEnumElem>
              <xEnumElem>
                <xText> od <xAnon>firmy (...) Sp. z o.o.</xAnon> w dniu 20.10.1999r. nr <xAnon>(...)</xAnon> na kwotę 63 000, 00 zł podatek VAT wyniósł 4 410, 00 zł,</xText>
              </xEnumElem>
              <xEnumElem>
                <xText> od <xAnon>firmy (...) Sp. z o.o.</xAnon> w miesiącu listopadzie a w szczególności w dniach 26 i 29.11.1999 roku nr <xAnon>(...)</xAnon> na łączną kwotę 102 060, 00 zł podatek VAT wyniósł łącznie 21 657, 20 zł,</xText>
              </xEnumElem>
            </xEnum>
          </xUnit>
          <xText> w szczególności zaś z tytułu potwierdzenia przyjęcia faktur VAT w 2000 roku:</xText>
          <xUnit xIsTitle="false" xType="none">
            <xName xSffx="."> -</xName>
            <xEnum>
              <xBullet> -</xBullet>
              <xEnumElem>
                <xText> od <xAnon>firmy (...) Sp. z o.o.</xAnon> w dniu 31.01.2000 roku nr <xAnon>(...)</xAnon> na kwotę 30 000, 00 zł podatek VAT wyniósł 6 600, 00 zł,</xText>
              </xEnumElem>
              <xEnumElem>
                <xText> od <xAnon>firmy Biuro Usług (...)</xAnon> i Pośrednictwa Handlowego <xAnon>(...)</xAnon><xAnon>Z. D.</xAnon>, <xAnon>(...)-(...) W.</xAnon>, <xAnon>ul. (...)</xAnon> w dniu 07.02.2000r. nr <xAnon>(...)</xAnon> na kwotę 123 618, 25 zł podatek VAT wyniósł<xBRx/> 14 893, 25 zł</xText>
              </xEnumElem>
              <xEnumElem>
                <xText> od <xAnon>firmy Biuro Usług (...)</xAnon> i Pośrednictwa Handlowego <xAnon>(...)</xAnon><xAnon>Z. D.</xAnon>, <xAnon>(...)-(...) W.</xAnon>, <xAnon>ul. (...)</xAnon> w dniu 08.02.2000r. nr <xAnon>(...)</xAnon> na kwotę 26 065, 20 zł podatek VAT wyniósł<xBRx/> 1 705, 20 zł</xText>
              </xEnumElem>
              <xEnumElem>
                <xText> od <xAnon>firmy Biuro Usług (...)</xAnon> i Pośrednictwa Handlowego <xAnon>(...)</xAnon><xAnon>Z. D.</xAnon>, <xAnon>(...)-(...) W.</xAnon>, <xAnon>ul. (...)</xAnon> w dniu 10.02.2000r. nr <xAnon>(...)</xAnon> na kwotę 763 720, 00 zł podatek VAT wyniósł 137 720, 00 zł</xText>
              </xEnumElem>
              <xEnumElem>
                <xText> od <xAnon>firmy Biuro Usług (...)</xAnon> i Pośrednictwa Handlowego <xAnon>(...)</xAnon><xAnon>Z. D.</xAnon>, <xAnon>(...)-(...) W.</xAnon>, <xAnon>ul (...)</xAnon> w dniu 22.02.2000r. nr <xAnon>(...)</xAnon> na kwotę 3 393, 69 zł podatek VAT wyniósł 222, 02 zł</xText>
              </xEnumElem>
              <xEnumElem>
                <xText> od <xAnon>firmy Biuro Usług (...)</xAnon> i Pośrednictwa Handlowego <xAnon>(...)</xAnon><xAnon>Z. D.</xAnon>, <xAnon>(...)-(...) W.</xAnon>, <xAnon>ul. (...)</xAnon> w dniu 23.02.2000r. nr <xAnon>(...)</xAnon> na kwotę 5 667, 68 podatek VAT wyniósł 1 022, 04 zł</xText>
              </xEnumElem>
              <xEnumElem>
                <xText> od <xAnon>firmy Biuro Usług (...)</xAnon> i Pośrednictwa Handlowego <xAnon>(...)</xAnon><xAnon>Z. D.</xAnon>, <xAnon>(...)-(...) W.</xAnon>, <xAnon>ul. (...)</xAnon> w dniu 30.03.2000r. nr <xAnon>(...)</xAnon> na kwotę 112 <xAnon>(...)</xAnon>, 10 zł podatek VAT wyniósł 20 219, 10 zł</xText>
              </xEnumElem>
            </xEnum>
          </xUnit>
          <xText> tj. o czyn z <xLexLink xArt="art. 271;art. 271 § 3" xIsapId="WDU19970880553" xTitle="Ustawa z dnia 6 czerwca 1997 r. - Kodeks karny" xAddress="Dz. U. z 1997 r. Nr 88, poz. 553">art. 271 § 3 kk</xLexLink>. i <xLexLink xArt="art. 286;art. 286 § 1" xIsapId="WDU19970880553" xTitle="Ustawa z dnia 6 czerwca 1997 r. - Kodeks karny" xAddress="Dz. U. z 1997 r. Nr 88, poz. 553">art. 286 § 1 kk</xLexLink>. w zw. z <xLexLink xArt="art. 294;art. 294 § 1" xIsapId="WDU19970880553" xTitle="Ustawa z dnia 6 czerwca 1997 r. - Kodeks karny" xAddress="Dz. U. z 1997 r. Nr 88, poz. 553">art. 294 § 1 kk</xLexLink>. w zw. z <xLexLink xArt="art. 11;art. 11 § 2" xIsapId="WDU19970880553" xTitle="Ustawa z dnia 6 czerwca 1997 r. - Kodeks karny" xAddress="Dz. U. z 1997 r. Nr 88, poz. 553">art. 11 § 2 kk</xLexLink>. w zw. z <xLexLink xArt="art. 12" xIsapId="WDU19970880553" xTitle="Ustawa z dnia 6 czerwca 1997 r. - Kodeks karny" xAddress="Dz. U. z 1997 r. Nr 88, poz. 553">art. 12 kk</xLexLink>. w zw. z <xLexLink xArt="art. 65" xIsapId="WDU19970880553" xTitle="Ustawa z dnia 6 czerwca 1997 r. - Kodeks karny" xAddress="Dz. U. z 1997 r. Nr 88, poz. 553">art. 65 kk</xLexLink>.</xText>
          <xUnit xIsTitle="false" xType="none">
            <xName xSffx="."> XXII</xName>
            <xText> w dniu 26 stycznia 2000 roku we <xAnon>W.</xAnon>, woj. <xAnon>(...)</xAnon>, działając jako właściciel <xAnon>firmy (...)</xAnon> z siedzibą we <xAnon>W.</xAnon> przy <xAnon>ul. (...)</xAnon>, działając wspólnie i w porozumieniu z <xAnon>L. S.</xAnon> występującym jako Prezes Zarządu <xAnon>(...) Spółka z ograniczoną odpowiedzialnością</xAnon> z siedzibą we <xAnon>W.</xAnon> poprzez wprowadzenie w błąd pracowników <xAnon>Banku (...)</xAnon> w <xAnon>K.</xAnon> Oddział we <xAnon>W.</xAnon>, co do zamiaru oraz możliwości uregulowania zobowiązań wynikających z <xAnon>umowy Nr (...)</xAnon>/ <xAnon>O.</xAnon> o kredyt w wysokości 500 000 zł, poprzez wskazanie jako prawnego zabezpieczenia udzielonego kredytu przewłaszczenia na rzecz <xAnon>Banku (...)</xAnon> w <xAnon>K.</xAnon>, Oddział we <xAnon>W.</xAnon> oraz cesji ubezpieczenia linii technologicznej do produkcji okien nabytej na rzecz <xAnon>firmy (...)</xAnon> z siedzibą we <xAnon>W.</xAnon> przy <xAnon>ul. (...)</xAnon> na podstawie <xAnon>faktury VAT nr (...)</xAnon> z dnia 10 listopada 1999 roku od <xAnon>firmy (...) Spółka z ograniczoną odpowiedzialnością</xAnon> z siedzibą we <xAnon>W.</xAnon> za kwotę 768 600, 00 zł, wiedząc, iż wskazana faktura jest fałszywa, zaś transakcja zakupu linii technologicznej jest fikcyjna, doprowadził <xAnon>Bank (...)</xAnon> w <xAnon>K.</xAnon>, Oddział we <xAnon>W.</xAnon> do niekorzystnego rozporządzenia mieniem znacznej wartości w wysokości 500 000 zł tj. o czyn z <xLexLink xArt="art. 286;art. 286 § 1" xIsapId="WDU19970880553" xTitle="Ustawa z dnia 6 czerwca 1997 r. - Kodeks karny" xAddress="Dz. U. z 1997 r. Nr 88, poz. 553">art. 286 § 1 kk</xLexLink>. w zw. z <xLexLink xArt="art. 294;art. 294 § 1" xIsapId="WDU19970880553" xTitle="Ustawa z dnia 6 czerwca 1997 r. - Kodeks karny" xAddress="Dz. U. z 1997 r. Nr 88, poz. 553">art. 294 § 1 kk</xLexLink>.</xText>
          </xUnit>
          <xUnit xIsTitle="false" xType="none">
            <xName xSffx="."> XXIII</xName>
            <xText> w okresie od 4 stycznia 1999 roku do 30 marca 2000 roku we <xAnon>W.</xAnon>, woj. <xAnon>(...)</xAnon>, działając wspólnie i w porozumieniu z <xAnon>Z. D.</xAnon>, <xAnon>K. B.</xAnon> a nadto innymi ustalonymi osobami, w stosunku do których prowadzone jest odrębne postępowanie karne, brał udział w zorganizowanej grupie mającej na celu popełnianie przestępstw przeciwko mieniu i dokumentom oraz przestępstw skarbowych tj. o czyn z <xLexLink xArt="art. 258;art. 258 § 1" xIsapId="WDU19970880553" xTitle="Ustawa z dnia 6 czerwca 1997 r. - Kodeks karny" xAddress="Dz. U. z 1997 r. Nr 88, poz. 553">art. 258 § 1 kk</xLexLink>.</xText>
          </xUnit>
          <xUnit xIsTitle="false" xType="none">
            <xName xSffx="."> XXIV</xName>
            <xText> W okresie od dnia 1 lipca 1999 roku do dnia 12 lipca 1999 roku, we <xAnon>W.</xAnon>, oraz <xAnon>R.</xAnon>, woj. <xAnon>(...)</xAnon>, w wykonaniu z góry powziętego zamiaru, działając w celu osiągnięcia korzyści majątkowej, wspólnie i w porozumieniu z <xAnon>L. S.</xAnon>, występującym w imieniu <xAnon>Spółdzielni (...)</xAnon> w <xAnon>R.</xAnon>, i posługując się podrobionymi dokumentami w postaci:</xText>
            <xEnum>
              <xBullet> -</xBullet>
              <xEnumElem>
                <xText> protokołu zdawczo - odbiorczego pomiędzy <xAnon>firma (...)</xAnon> z dnia 14 czerwca 1999 roku,</xText>
              </xEnumElem>
              <xEnumElem>
                <xText> umowy z dnia 8 lipca 1999 roku zawartej pomiędzy <xAnon>firmą (...) S.C.</xAnon> a <xAnon>Spółdzielnią (...)</xAnon> wraz z załącznikiem do umowy,</xText>
              </xEnumElem>
              <xEnumElem>
                <xText> upoważnieniem wystawionym na rzecz <xAnon>(...) S.C.</xAnon> przez SI <xAnon>(...)</xAnon> z dnia 12 lipca 1999 roku</xText>
              </xEnumElem>
              <xEnumElem>
                <xText> zamówieniem z dnia 1 lipca 1999 roku nr <xAnon>(...)</xAnon> wystawionym przez SI <xAnon>(...)</xAnon> na rzecz <xAnon>(...) S.C.</xAnon>,</xText>
              </xEnumElem>
            </xEnum>
          </xUnit>
          <xText> które to dokumenty zawierały sfałszowane przez nieustalone osoby podpisy <xAnon>S. C.</xAnon>, i wiedząc, iż jako wskazany w dokumentach pierwotny dostawca nie posiada możliwości zrealizowania umowy, z uwagi na sprzedaż towaru będącego przedmiotem umowy w dniu 29 marca 1999 roku innemu podmiotowi i kontrolując działalność <xAnon>firmy (...)</xAnon> w zakresie sprzedaży okien i ich montażu, doprowadził do zawarcia pomiędzy <xAnon>Spółdzielnią (...)</xAnon> w <xAnon>R.</xAnon> ze <xAnon>Spółką Cywilną (...)</xAnon> umowy na dostawę okien <xAnon>(...)</xAnon> w systemie <xAnon>T.</xAnon> o łącznej wartości 1 196 175, 47 zł, wiedząc, iż zawierana umowa nie będzie zrealizowaną SI <xAnon>(...)</xAnon> nie posiada zapotrzebowania na wskazane w umowie okna jak również <xAnon>Spółka Cywilna (...)</xAnon> nie posiada środków pozwalających na sfinansowanie zakupu okien od <xAnon>firmy (...)</xAnon> za protokołem zdawczo - odbiorczym z dnia 14 czerwca 1999 roku i <xAnon>fakturą VAT nr (...)</xAnon>, która to z kolei firma w dniu 30 kwietnia 1999 na podstawie <xAnon>faktury (...)</xAnon> nabyła okna <xAnon>(...)</xAnon> o wartości 1 144 172, 46 zł od <xAnon>firmy (...)</xAnon>, wykorzystując je we własnym zakresie i nie przelewając na konto <xAnon>firmy (...)</xAnon> należności za dostarczone okna, a następnie poprzez wydanie przez <xAnon>L. S.</xAnon> polecenia wprowadzenia wskazanej umowy do księgowości Spółdzielni oraz polecenie przelania na rzecz <xAnon>firmy (...) S.C.</xAnon> środków finansowych należnych z tytułu zawartej pozornie umowy, doprowadził <xAnon>Spółdzielnię (...)</xAnon> do niekorzystnego rozporządzenia mieniem w kwocie 1 196 175, 47 zł, z której na konto <xAnon>firmy (...) S.C.</xAnon> przelana została łącznie suma 183 500 zł, a poprzez wprowadzenie opisanej sumy do kosztów uzyskania przychodów ponoszonych przez SI <xAnon>(...)</xAnon> naraził Skarb Państwa na stratę wynikłą z zawyżenia naliczonego podatku VAT od tejże transakcji w wysokości 78 254 zł tj. o czyn z <xLexLink xArt="art. 273" xIsapId="WDU19970880553" xTitle="Ustawa z dnia 6 czerwca 1997 r. - Kodeks karny" xAddress="Dz. U. z 1997 r. Nr 88, poz. 553">art. 273 kk</xLexLink>. w zw. z <xLexLink xArt="art. 286;art. 286 § 1" xIsapId="WDU19970880553" xTitle="Ustawa z dnia 6 czerwca 1997 r. - Kodeks karny" xAddress="Dz. U. z 1997 r. Nr 88, poz. 553">art. 286 § 1kk</xLexLink> w zw. z <xLexLink xArt="art. 294;art. 294 § 1" xIsapId="WDU19970880553" xTitle="Ustawa z dnia 6 czerwca 1997 r. - Kodeks karny" xAddress="Dz. U. z 1997 r. Nr 88, poz. 553">art. 294 § 1 kk</xLexLink>. w zw. z <xLexLink xArt="art. 11;art. 11 § 2" xIsapId="WDU19970880553" xTitle="Ustawa z dnia 6 czerwca 1997 r. - Kodeks karny" xAddress="Dz. U. z 1997 r. Nr 88, poz. 553">art. 11 § 2 kk</xLexLink>. w zw. z <xLexLink xArt="art. 12" xIsapId="WDU19970880553" xTitle="Ustawa z dnia 6 czerwca 1997 r. - Kodeks karny" xAddress="Dz. U. z 1997 r. Nr 88, poz. 553">art. 12 kk</xLexLink>.</xText>
          
          <xUnit xIsTitle="false" xType="none">
            <xName xSffx="."> XXV</xName>
            <xText> w okresie od dnia 27 maja 1999 roku do dnia 29 września 2003 roku, w <xAnon>S.</xAnon>, <xAnon>W.</xAnon>, <xAnon>B.</xAnon> oraz innych miejscowościach na terenie kraju, działając w krótkich odstępach czasu z góry powziętym zamiarem, w celu osiągnięcia znacznej korzyści majątkowej, wspólnie i w porozumieniu z <xAnon>L. S.</xAnon>, występującym w imieniu <xAnon>(...) sp. z o.o.</xAnon> z siedzibą we <xAnon>W.</xAnon>, <xAnon>ul. (...)</xAnon>, wykorzystując fakt dysponowania limą technologiczną do produkcji okien, zainstalowaną w pomieszczeniach <xAnon>firmy (...)</xAnon> w <xAnon>S.</xAnon>, podjął działania zmierzające do me odpowiadającego prawdzie udokumentowaniu faktu posiadania nowej linii technologicznej do produkcji okien obsługiwanej przez 33 osoby niepełnosprawne a następnie dysponując stosowną dokumentacją nabycia przedmiotowych urządzeń wystąpił za pośrednictwem Starostwa Powiatowego w <xAnon>B.</xAnon> do Państwowego Funduszu <xAnon>(...) Osób Niepełnosprawnych</xAnon>, o przyznanie refundacji kosztów utworzenia nowych stanowisk pracy oraz refundacji kosztów wynagrodzeń osób niepełnosprawnych i wprowadzając wskazany Fundusz w błąd, co do faktycznego posiadania linii technologicznej oraz utworzenia nowych stanowisk pracy dla osób niepełnosprawnych doprowadził <xAnon>(...)</xAnon> do niekorzystnego rozporządzenia mieniem znacznej wartości, w łącznej kwocie nie niższej niż 990 101, 50 zł i tak:</xText>
            <xEnum>
              <xBullet> -</xBullet>
              <xEnumElem>
                <xText> w dniu 27 maja 1999 roku złożył w Starostwie Powiatowym w <xAnon>B.</xAnon> wniosek dla ubiegającego się o zwrot ze środków <xAnon>(...)</xAnon> kosztów organizacji nowych stanowisk pracy dla osób niepełnosprawnych i wynagrodzenia wypłacanego osobom niepełnosprawnych kierowanym na nowo utworzone stanowiska pracy, wraz z załącznikami, ze wskazaniem, iż stanowiska te utworzone zostaną w oparciu o nowo nabytą linię do produkcji okien, wiedząc, iż złożony wniosek jest fikcyjny z uwagi na zamiar wykorzystania dla pozyskania środków z <xAnon>(...)</xAnon> już posiadanej linii do produkcji okien,</xText>
              </xEnumElem>
              <xEnumElem>
                <xText> w dniu 14 września 1999 roku podpisał ze <xAnon>S. P.</xAnon> w <xAnon>B.</xAnon><xAnon>umowę nr (...)</xAnon> o zwrot kosztów utworzenia 31 nowych stanowisk pracy dla osób niepełnosprawnych, na sfinansowanie których przeznaczone miało zostać 360 000 zł,</xText>
              </xEnumElem>
              <xEnumElem>
                <xText> w dniu 10 listopada 1999 roku na podstawie wystawionej przez <xAnon>L. S.</xAnon> działającego jako prezes zarządu <xAnon>(...) Sp. z o.o.</xAnon> fikcyjnej <xAnon>faktury VAT nr (...)</xAnon> zakupił na rzecz <xAnon>(...)</xAnon><xAnon>J. G. (1)</xAnon> - linię technologiczną do produkcji okien wartości 768 600 z brutto, wiedząc, iż <xAnon>L. S.</xAnon>, jak również <xAnon>firma (...)</xAnon> nigdy nie dysponowała wskazaną linią technologiczną zaś wskazana w fakturze linia technologiczna jest tą samą, na której przez cały czas prowadzona jest produkcja okien w hali <xAnon>firmy (...)</xAnon>,</xText>
              </xEnumElem>
              <xEnumElem>
                <xText> w dniu 10 listopada 1999 roku wprowadził wskazaną w umowie linię technologiczną jako środek trwały do masy majątkowej <xAnon>(...)</xAnon>, z przeznaczeniem jej na utworzenie stanowisk 31 a finalnie 33 stanowisk pracy dla osób niepełnosprawnych,</xText>
              </xEnumElem>
              <xEnumElem>
                <xText> przedłożył wskazaną fakturę Starostwie Powiatowym <xAnon>B.</xAnon> jako udokumentowanie nabycia nowej linii technologicznej do produkcji okien, wiedząc, iż poświadcza tym nieprawdziwy stan faktyczny,</xText>
              </xEnumElem>
              <xEnumElem>
                <xText> | - w celu nadania pozorów legalności i realności zawartej z <xAnon>firma (...)</xAnon> umowy kupna linii technologicznej do produkcji okien przelał w dniach: 22 i 25 listopada 1999 roku oraz 1 i 14 grudnia 1999 roku na rachunek <xAnon>firmy (...) Sp. z o.o.</xAnon> łączna kwotę 700 000 zł, przedkładając potwierdzenia przelewów w Starostwie Powiatowym w <xAnon>B.</xAnon>, z której to sumy <xAnon>L. S.</xAnon> zobowiązał się do zwrotu <xAnon>J. G. (1)</xAnon> przelanej koty pomniejszonej o wartość podatku VAT oraz prowizji ustalonej przez <xAnon>L. S.</xAnon>,</xText>
              </xEnumElem>
              <xEnumElem>
                <xText> w dniu 21 grudnia 1999 roku podpisał ze <xAnon>S. P.</xAnon> w <xAnon>B.</xAnon><xAnon>umowę nr (...)</xAnon> o zwrot kosztów utworzenia 2 nowych stanowisk pracy dla osób niepełnosprawnych, na sfinansowanie których przeznaczone miało zostać 44 322 zł, przedkładając stosowne dokumenty potwierdzające posiadanie urządzeń stanowiących wyposażenie tych stanowisk pracy</xText>
              </xEnumElem>
              <xEnumElem>
                <xText> w dniu 29 grudnia 1999 roku przyjął na rachunek <xAnon>firmy (...)</xAnon> przelaną przez Starostwo Powiatowe w <xAnon>B.</xAnon> działające jako przedstawiciel <xAnon>(...)</xAnon> kwotę 360 000 zł, z tytułu refundacji 31 nowych miejsc pracy dla niepełnosprawnych zgodnie z <xAnon>umową nr (...)</xAnon>,</xText>
              </xEnumElem>
              <xEnumElem>
                <xText> w dniu 30 czerwca 2000 roku przyjął na rachunek <xAnon>firmy (...)</xAnon> przelaną przez Starostwo Powiatowe w <xAnon>B.</xAnon> działające jako przedstawiciel <xAnon>(...)</xAnon> kwotę 44 322 zł, z tytułu refundacji 2 nowych miejsc pracy dla niepełnosprawnych zgodnie z <xAnon>umową nr (...)</xAnon>,</xText>
              </xEnumElem>
              <xEnumElem>
                <xText> w okresie od stycznia 2000 roku do dnia29 września 2003 roku przyjął na rachunek <xAnon>firmy (...)</xAnon> przelane przez Starostwo Powiatowe w <xAnon>B.</xAnon> działające jako przedstawiciel <xAnon>(...)</xAnon> środki z tytułu refundacji wynagrodzeń osób niepełnosprawnych w kwocie 585 789, 50 zł, z <xAnon>umów (...)</xAnon> tj. o czyn z <xLexLink xArt="art. 286" xIsapId="WDU19970880553" xTitle="Ustawa z dnia 6 czerwca 1997 r. - Kodeks karny" xAddress="Dz. U. z 1997 r. Nr 88, poz. 553">art. 286 § kk</xLexLink>. zw. z <xLexLink xArt="art. 294;art. 294 § 1" xIsapId="WDU19970880553" xTitle="Ustawa z dnia 6 czerwca 1997 r. - Kodeks karny" xAddress="Dz. U. z 1997 r. Nr 88, poz. 553">art. 294 § 1 kk</xLexLink>. i <xLexLink xArt="art. 270;art. 270 § 1" xIsapId="WDU19970880553" xTitle="Ustawa z dnia 6 czerwca 1997 r. - Kodeks karny" xAddress="Dz. U. z 1997 r. Nr 88, poz. 553">art. 270 § 1 kk</xLexLink>. i <xLexLink xArt="art. 272" xIsapId="WDU19970880553" xTitle="Ustawa z dnia 6 czerwca 1997 r. - Kodeks karny" xAddress="Dz. U. z 1997 r. Nr 88, poz. 553">art. 272 kk</xLexLink>. w zw. z <xLexLink xArt="art. 11;art. 11 § 2" xIsapId="WDU19970880553" xTitle="Ustawa z dnia 6 czerwca 1997 r. - Kodeks karny" xAddress="Dz. U. z 1997 r. Nr 88, poz. 553">art. 11 § 2 kk</xLexLink>. w zw. z <xLexLink xArt="art. 12" xIsapId="WDU19970880553" xTitle="Ustawa z dnia 6 czerwca 1997 r. - Kodeks karny" xAddress="Dz. U. z 1997 r. Nr 88, poz. 553">art. 12 kk</xLexLink>.</xText>
              </xEnumElem>
            </xEnum>
          </xUnit>
          
          <xText><xBx><xAnon>R. P.</xAnon></xBx> został oskarżony o to, że :</xText>
          <xUnit xIsTitle="false" xType="none">
            <xName xSffx="."> XXVI</xName>
            <xText> w okresie od 31 lipca 2000 roku do 31 października 2000 roku w <xAnon>K.</xAnon>, woj. <xAnon>(...)</xAnon>, oraz innych miejscowościach na terenie kraju, działając jako v-ce Prezes Zarządu <xAnon>Sp. z o.o. CENTRUM (...)</xAnon> w <xAnon>K.</xAnon>, jako właściciel <xAnon>(...)</xAnon>, oraz właściciel <xAnon>Agencji Handlowo - Usługowej (...) S.C.</xAnon>, w wykonaniu z góry powziętego zamiaru w ramach zorganizowanej grupy mającej na celu popełnianie przestępstw przeciwko mieniu, według przyjętego i zaakceptowanego podziału ról i zadań przy realizacji poszczególnych przestępczych przedsięwzięć, wspólnie i w porozumieniu z <xAnon>L. S.</xAnon> działającym jako Prezes Zarządu <xAnon>(...) Sp. z o.o.</xAnon> we <xAnon>W.</xAnon> a następnie w <xAnon>N.</xAnon>, nadto działającym jako Prezes Zarządu <xAnon>PPHU (...) Sp. z o.o.</xAnon> w <xAnon>C.</xAnon> oraz Prezes Zarządu <xAnon>(...)</xAnon>w <xAnon>R.</xAnon>, inną ustaloną osobą, działającą jako właściciel <xAnon>PPHU (...)</xAnon> z siedzibą we <xAnon>W.</xAnon>, w stosunku do której prowadzone jest odrębne postępowanie karne, <xAnon>Z. D.</xAnon> występującą jako właścicielka <xAnon>(...)</xAnon>z siedzibą we <xAnon>W.</xAnon>, w stosunku do której postępowanie zostało umorzone z uwagi na jej śmierć, działając w krótkich odstępach czasu, wykorzystując działalność gospodarczą prowadzoną w ramach <xAnon>firmy CENTRUM (...) Sp. z o.o.</xAnon>, <xAnon>(...)</xAnon>, oraz <xAnon>Agencji Handlowo - Usługowej (...) S.C.</xAnon>, będąc uprawnionym do przyjmowania i wystawiania faktur VAT dotyczących sprzedaży towarów i usług, działając w celu osiągnięcia korzyści majątkowej, poświadczył nieprawdę, co do okoliczności mających znaczenie prawne, potwierdzając wykonanie fikcyjnych usług i fikcyjną sprzedaż towarów na rzecz innych podmiotów oraz fikcyjne zakupienie usług i towarów od innych podmiotów naraził Skarb Państwa na straty z tytułu zwrotu podatku VAT i zaliczenie kwot z wystawionych faktur w koszty działalności innych podmiotów, przez co nieodprowadzony został należny podatek VAT w kwotach co najmniej zł, i tak:</xText>
            <xEnum>
              <xBullet> -</xBullet>
              <xEnumElem>
                <xText> w dniu 30.12.1999 r. na podstawie <xAnon>faktury VAT nr (...)</xAnon>, sprzedawca: KG <xAnon>(...)</xAnon>, nabywca <xAnon>A.</xAnon><xAnon>(...)</xAnon><xAnon>T.</xAnon> - reaktor wartość netto: 4 500, 00 zł. VAT: 990, 00 zł,</xText>
              </xEnumElem>
            </xEnum>
          </xUnit>
          <xText> po odłączeniu wirówki od reaktora dalsza jej sprzedaż:</xText>
          <xEnum>
            <xBullet> -</xBullet>
            <xEnumElem>
              <xText> w dniu 31.07.2000 r. na podstawie <xAnon>faktury VAT nr (...)</xAnon>, sprzedawca: <xAnon>A.</xAnon><xAnon>(...)</xAnon><xAnon>T.</xAnon>, nabywca <xAnon>P. B. (...)</xAnon> -wirówka, wartość netto: 60 000, 00 zł. VAT: 13 200, 00 zł.</xText>
            </xEnumElem>
            <xEnumElem>
              <xText> w dniu 26.09.2000 r. na podstawie <xAnon>faktury VAT nr (...)</xAnon>, sprzedawca: <xAnon>P. B. (...)</xAnon>, nabywca: KG <xAnon>(...)</xAnon>- <xAnon>(...)</xAnon>, wartość netto: 60 600, 00 zł. VAT: 13 332,00 zł.</xText>
            </xEnumElem>
            <xEnumElem>
              <xText> w dniu 30.09.2000 r. na podstawie <xAnon>faktury VAT nr (...)</xAnon>, sprzedawca: KG <xAnon>(...)</xAnon>, nabywca : <xAnon>Centrum (...) Sp. z o.o.</xAnon>- <xAnon>(...)</xAnon>, wartość netto: 61 400, 00 zł. VAT: 13 508, 00 zł.</xText>
            </xEnumElem>
            <xEnumElem>
              <xText><xAnon>A.</xAnon><xAnon>(...)</xAnon><xAnon>T.</xAnon> w okresie od 01. 06- 13.07.2000 r. wykonuje we własnym zakresie pasteryzator- wartość netto: 5 863, 59 zł.</xText>
            </xEnumElem>
            <xEnumElem>
              <xText> w dniu 31.07.2000 r. na podstawie <xAnon>faktury VAT nr (...)</xAnon>, sprzedawca: <xAnon>(...) S.C.</xAnon> nabywca: <xAnon>P. B. (...)</xAnon> - pasteryzator, wartość netto 135 000, 00 zł. VAT 29 700, 00 zł.</xText>
            </xEnumElem>
            <xEnumElem>
              <xText> w dniu 31.08.2000 r. na podstawie FV <xAnon>(...)</xAnon>, sprzedawca: <xAnon>P. B. (...)</xAnon>, nabywca <xAnon>PPUH (...) Sp. z o.o.</xAnon>- pasteryzator, wartość: 136 690, 00 zł. VAT: 30 071, 80 zł.</xText>
            </xEnumElem>
            <xEnumElem>
              <xText> w dniu 31.08.2000 r. na podstawie FV <xAnon>(...)</xAnon>, sprzedawca: <xAnon>PPUH (...) Sp. z o.o.</xAnon>, nabywca SI <xAnon>(...)</xAnon>- pasteryzator, wartość: 137 710, 00 zł. VAT: 30 296, 20 zł.</xText>
            </xEnumElem>
            <xEnumElem>
              <xText> w dniu 22.09.2000 r. na podstawie FV <xAnon>(...)</xAnon> sprzedawca: SI <xAnon>(...)</xAnon> nabywca: KG <xAnon>(...)</xAnon>- pasteryzator, wartość: 197 300, 00 zł. VAT: 43 406, 00 zł.</xText>
            </xEnumElem>
            <xEnumElem>
              <xText> w dniu 25.09.2000 r. na podstawie FV <xAnon>(...)</xAnon>, sprzedawca: KG <xAnon>(...)</xAnon>, nabywca: <xAnon>C.</xAnon><xAnon>(...)</xAnon> - pasteryzator, wartość: 198 200, 00 zł. VAT: 43 604, 00 zł.</xText>
            </xEnumElem>
            <xEnumElem>
              <xText> w dniu 23.08.2000 r. na podstawie <xAnon>faktury VAT nr (...)</xAnon> sprzedawca <xAnon>A. C. (...)</xAnon>, nabywca SI <xAnon>(...)</xAnon> - margaryna, wartość netto: 49 500, 00 zł. VAT: 3 465, 00 zł.- brutto: 52 965, 00 zł.</xText>
            </xEnumElem>
            <xEnumElem>
              <xText> w dniu 31.08.2000 r. na podstawie <xAnon>faktury VAT nr (...)</xAnon> sprzedawca SI <xAnon>(...)</xAnon>, nabywca: <xAnon>(...) S.C.</xAnon> - sok pomarańczowy, wartość netto 16 500, 00 zł. VAT 1 155 zł. elementy konstrukcji okien- <xAnon>(...)</xAnon>-20, rama, skrzydło netto: 27 450, 00 zł. VAT :<xBRx/> 1 921, 50 zł. - brutto: 47 026, 50 zł.</xText>
            </xEnumElem>
            <xEnumElem>
              <xText> w dniu 31.08.2000 r. na podstawie <xAnon>faktury VAT nr (...)</xAnon> sprzedawca SI <xAnon>(...)</xAnon>, nabywca: KG <xAnon>(...)</xAnon>- napój niegazowany 8 000 szt., wartość netto 12 800, 00 zł. VAT 2 816 zł.-brutto: 15 616, 00 zł.</xText>
            </xEnumElem>
            <xEnumElem>
              <xText> w dniu 31.08.2000 r. na podstawie <xAnon>faktury VAT nr (...)</xAnon> sprzedawca SI <xAnon>(...)</xAnon>, nabywca: <xAnon>Centrum (...) Sp. z o.o.</xAnon>- margaryna /blok/ , wartość netto 50 175, 00 zł. VAT 3 512, 25 zł. - brutto: 53 687, 25 zł.</xText>
            </xEnumElem>
            <xEnumElem>
              <xText> w dniu 22.09.2000 r. na podstawie <xAnon>faktury VAT nr (...)</xAnon> sprzedawca SI <xAnon>(...)</xAnon>, nabywca: KG <xAnon>(...)</xAnon> - pasteryzator, wartość netto 197 300, 00 zł., VAT: 43 406, 00 zł, brutto: 240 706, 00 zł.</xText>
            </xEnumElem>
            <xEnumElem>
              <xText> w dniu 30 września 2000 r. na podstawie <xAnon>faktury VAT nr (...)</xAnon> sprzedawca <xAnon>PPHU (...)</xAnon>, nabywca KG <xAnon>(...)</xAnon> - margaryna /blok/ wartość: 57 698, 68 zł. - VAT: 3 774, 68 zł.</xText>
            </xEnumElem>
            <xEnumElem>
              <xText> w dniu 30.09.2000 r. na podstawie <xAnon>faktury VAT nr (...)</xAnon>, sprzedawca: <xAnon>(...)</xAnon><xAnon>Z. D.</xAnon>, nabywca: KG <xAnon>(...)</xAnon> - margaryna /blok/, wartość: 28 917, 00 zł, VAT 2 024, 19 zł, tj. o czyn z <xLexLink xArt="art. 271;art. 271 § 3" xIsapId="WDU19970880553" xTitle="Ustawa z dnia 6 czerwca 1997 r. - Kodeks karny" xAddress="Dz. U. z 1997 r. Nr 88, poz. 553">art. 271 § 3 kk</xLexLink>. i <xLexLink xArt="art. 286;art. 286 § 1" xIsapId="WDU19970880553" xTitle="Ustawa z dnia 6 czerwca 1997 r. - Kodeks karny" xAddress="Dz. U. z 1997 r. Nr 88, poz. 553">art. 286 § 1 kk</xLexLink>. w zw. z <xLexLink xArt="art. 294;art. 294 § 1" xIsapId="WDU19970880553" xTitle="Ustawa z dnia 6 czerwca 1997 r. - Kodeks karny" xAddress="Dz. U. z 1997 r. Nr 88, poz. 553">art. 294 § 1 kk</xLexLink>. w zw. z <xLexLink xArt="art. 11;art. 11 § 2" xIsapId="WDU19970880553" xTitle="Ustawa z dnia 6 czerwca 1997 r. - Kodeks karny" xAddress="Dz. U. z 1997 r. Nr 88, poz. 553">art. 11 § 2 kk</xLexLink>. i <xLexLink xArt="art. 12" xIsapId="WDU19970880553" xTitle="Ustawa z dnia 6 czerwca 1997 r. - Kodeks karny" xAddress="Dz. U. z 1997 r. Nr 88, poz. 553">art. 12 kk</xLexLink>.<xBRx/> w zw. z <xLexLink xArt="art. 65" xIsapId="WDU19970880553" xTitle="Ustawa z dnia 6 czerwca 1997 r. - Kodeks karny" xAddress="Dz. U. z 1997 r. Nr 88, poz. 553">art. 65 kk</xLexLink>.</xText>
            </xEnumElem>
          </xEnum>
          <xUnit xIsTitle="false" xType="none">
            <xName xSffx="."> XXVII</xName>
            <xText> w okresie od dnia 10 sierpnia 1999 roku do dnia 17 października 2000 roku w <xAnon>K.</xAnon> wspólnie i w porozumieniu z <xAnon>L. S.</xAnon> oraz innymi ustalonymi osobami, co do których prowadzone jest odrębne postępowanie karne oraz inną ustaloną osobą, odnośnie której postępowanie umorzono z uwagi na jej śmierć, w celu osiągnięcia korzyści majątkowej, doprowadził <xAnon>P.</xAnon> Bank w <xAnon>W.</xAnon> Oddział w <xAnon>K.</xAnon> do niekorzystnego rozporządzenia mieniem w kwocie 222 257, 42 zł, z tytułu wykupienia przez <xAnon>(...) Bank SA</xAnon> w <xAnon>W.</xAnon> Oddział w <xAnon>K.</xAnon> faktur sprzedaży wystawianych na rzecz <xAnon>Centrum (...) Sp. z o.o.</xAnon> przez <xAnon>firmy PHU (...)</xAnon> z siedzibą we <xAnon>W.</xAnon>, <xAnon>(...)</xAnon>z siedzibą we <xAnon>W.</xAnon> oraz <xAnon>Spółdzielnię (...)</xAnon> w <xAnon>R.</xAnon>, w ten sposób, że:</xText>
            <xEnum>
              <xBullet> -</xBullet>
              <xEnumElem>
                <xText> w dniu 5 maja 2000 roku <xAnon>R. P.</xAnon> i <xAnon>D. G.</xAnon> złożyli w <xAnon>(...) Banku S. A.</xAnon> Oddział w <xAnon>K.</xAnon> wniosek o zawarcie umowy o wykup wierzytelności w trybie factoringu z ustaleniem limitu wartości wykupu to kwoty 300 000 zł,</xText>
              </xEnumElem>
              <xEnumElem>
                <xText> w dniu 9 czerwca 2000 roku w <xAnon>K.</xAnon><xAnon>D. G.</xAnon> występująca jako Prezes Zarządu <xAnon>Centrum (...) Sp. z o.o.</xAnon> z siedzibą w <xAnon>K.</xAnon> podpisała w <xAnon>(...) Banku SA</xAnon> Oddział w <xAnon>K.</xAnon> umowę factoringu z poręczeniem nr <xAnon>(...)</xAnon> o wykup przez <xAnon>P.</xAnon> Bank przedkładanych przez <xAnon>Centrum (...) Sp. z o.o.</xAnon> faktur sprzedaży dokumentujących transakcje zawierane przez <xAnon>Centrum (...)</xAnon> ze zgłoszonymi do przedmiotowej umowy podmiotami gospodarczymi do wysokości ustalonego limitu kwoty zaangażowania,</xText>
              </xEnumElem>
              <xEnumElem>
                <xText> w dniu 10 sierpnia 2000 roku <xAnon>R. P.</xAnon> sporządził i podpisał zawiadomienia o zawarciu umowy factoringowej z <xAnon>(...) Bankiem SA</xAnon> Oddział w <xAnon>K.</xAnon>, które następnie podpisane zostały przez inne ustalone osoby, w imieniu <xAnon>firm (...)</xAnon>, wiedząc, iż z podmiotami tymi, kierowanymi w rzeczywistości przez <xAnon>L. S.</xAnon> nie będzie prowadzona żadna działalność gospodarcza w zakresie obrotu towarowego,</xText>
              </xEnumElem>
              <xEnumElem>
                <xText> w okresie od 16 sierpnia 2000 roku do 15 września 2000 roku <xAnon>R. P.</xAnon> działający jako pełnomocnik <xAnon>Centrum (...) Sp. z o.o.</xAnon> wydał polecenie sporządzenia faktur sprzedaży towarów przez <xAnon>Centrum (...)</xAnon> na rzecz <xAnon>PPHU (...)</xAnon>, <xAnon>(...)</xAnon>oraz SI <xAnon>(...)</xAnon> o łącznej wartości 222 257, 42 zł wiedząc, iż żadna z opisanych w fakturach transakcji nie została przeprowadzona, które to faktury zostały następnie odebrane przez <xAnon>L. S.</xAnon> i podpisane na jego polecenie przez przedstawicieli <xAnon>firm (...)</xAnon> oraz przez <xAnon>L. S.</xAnon> osobiście w mieniu <xAnon>Spółdzielni (...)</xAnon>, po czym faktury te przedstawione zostały w <xAnon>(...) Banku SA</xAnon> Oddział w <xAnon>K.</xAnon> do wykupu, który zgodnie z umową z dnia 9 czerwca 2000 roku został przeprowadzony, zaś uzyskane środki trafiły bezpośrednio na rachunek <xAnon>Centrum (...) Sp. z o.o.</xAnon> i przeznaczone na działalność gospodarczą tego podmiotu,</xText>
              </xEnumElem>
              <xEnumElem>
                <xText> w dniach 21 sierpnia, 11 września oraz 17 października 2000 roku przedłożone zostały w <xAnon>(...) Banku SA</xAnon> Oddział w <xAnon>K.</xAnon> uaktualnione wykazy odbiorców <xAnon>Centrum (...)</xAnon> z określeniem limitów wykorzystania na poszczególne podmioty gospodarcze, w którym wskazane zostały jako podmioty objęte umową: <xAnon>PPHU (...)</xAnon>, <xAnon>(...)</xAnon>oraz SI <xAnon>(...)</xAnon>,</xText>
              </xEnumElem>
              <xEnumElem>
                <xText> w dniu 11 września 2000 roku <xAnon>D. G.</xAnon> występująca jako Prezes Zarządu <xAnon>Centrum (...) Sp. z o.o.</xAnon> z siedzibą w <xAnon>K.</xAnon> podpisała w <xAnon>(...) Banku SA</xAnon> Oddział w <xAnon>K.</xAnon> aneks nr 1 do umowy factoringu z poręczeniem nr <xAnon>(...)</xAnon> o wykup przez <xAnon>P.</xAnon> Bank przedkładanych przez <xAnon>Centrum (...) Sp. z o.o.</xAnon> faktur sprzedaży dokumentujących transakcje zawierane przez <xAnon>Centrum (...)</xAnon> ze zgłoszonymi do przedmiotowej umowy podmiotami gospodarczymi podnosząc wysokość ustalonego limitu kwoty zaangażowania Banku do 600 000 zł,</xText>
              </xEnumElem>
              <xEnumElem>
                <xText> w konsekwencji czego, poprzez wypłacenie uzyskanych nienależnie środków finansowych i przeznaczenie ich na cele niezwiązane z objętą umową factoringową działalnością gospodarczą prowadzoną w ramach firm objętych umową factoringową doprowadzono <xAnon>(...) Bank SA</xAnon> Oddział w <xAnon>K.</xAnon> do niekorzystnego rozporządzenia mieniem w kwocie 222 257, 42 zł tj. o czyn z <xLexLink xArt="art. 294;art. 294 § 1" xIsapId="WDU19970880553" xTitle="Ustawa z dnia 6 czerwca 1997 r. - Kodeks karny" xAddress="Dz. U. z 1997 r. Nr 88, poz. 553">art. 294 § 1 kk</xLexLink>. w zw. z <xLexLink xArt="art. 286;art. 286 § 1" xIsapId="WDU19970880553" xTitle="Ustawa z dnia 6 czerwca 1997 r. - Kodeks karny" xAddress="Dz. U. z 1997 r. Nr 88, poz. 553">art. 286 § 1 kk</xLexLink>. w zw. z <xLexLink xArt="art. 12" xIsapId="WDU19970880553" xTitle="Ustawa z dnia 6 czerwca 1997 r. - Kodeks karny" xAddress="Dz. U. z 1997 r. Nr 88, poz. 553">art. 12 kk</xLexLink>.</xText>
              </xEnumElem>
            </xEnum>
          </xUnit>
          <xUnit xIsTitle="false" xType="none">
            <xName xSffx="."> XXVIII</xName>
            <xText> w okresie od 31 lipca 2000 roku do 31 października 2000 roku we <xAnon>W.</xAnon>, <xAnon>C.</xAnon>, <xAnon>K.</xAnon>, <xAnon>K.</xAnon> i innych miejscowościach w kraju, działając wspólnie i w porozumieniu innymi ustalonymi osobami, co do których prowadzone jest odrębne postępowanie karne, oraz inna ustaloną osobą odnośnie której postępowanie umorzono z uwagi na jej śmierć, brał udział w zorganizowanej grupie mającej na celu popełnianie przestępstw przeciwko mieniu i dokumentom oraz przestępstw skarbowych tj. o czyn z <xLexLink xArt="art. 258;art. 258 § 1" xIsapId="WDU19970880553" xTitle="Ustawa z dnia 6 czerwca 1997 r. - Kodeks karny" xAddress="Dz. U. z 1997 r. Nr 88, poz. 553">art. 258 § 1 kk</xLexLink>.</xText>
          </xUnit>
          
          <xText><xBx><xAnon>J. S.</xAnon></xBx> został oskarżony o to, że :</xText>
          <xUnit xIsTitle="false" xType="none">
            <xName xSffx="."> XXIX</xName>
            <xText> W dniu 3 stycznia 2000 roku we <xAnon>W.</xAnon> działając jak właściciel i Prezes Zarządu <xAnon>Przedsiębiorstwa Handlowo - Usługowego (...)</xAnon> - 2 Sp. z o. o., wspólnie i w porozumieniu z <xAnon>L. S.</xAnon> działającym jako Prezes <xAnon>Stowarzyszenia (...) Zakładów Osób Niepełnosprawnych (...)</xAnon>, w celu osiągnięcia znacznej korzyści majątkowej, wiedząc, iż pomiędzy wskazanymi podmiotami nie istnieje jakakolwiek umowa o współpracy bądź dofinansowaniu działalności gospodarczej, jak również widząc jako członek założyciel <xAnon>Stowarzyszenia (...)</xAnon>, iż Stowarzyszenie zostało powołane do życia w drodze przestępstwa, me prowadzi żadnej działalności statutowej, zaś <xAnon>firma (...)</xAnon> - 2 nie jest podmiotem gospodarczym, który zgodnie ze statutem Stowarzyszenia mógłby być zasilany ze środków Stowarzyszenia, przyjął do kasy <xAnon>PHU (...)</xAnon> - 2 Sp. z o.o. na podstawie nienumerowanego dowodu wpłaty <xLexLink xArt="" xIsapId="WDU19740240141" xTitle="Ustawa z dnia 26 czerwca 1974 r. - Kodeks pracy" xAddress="Dz. U. z 1974 r. Nr 24, poz. 141">KP z dnia 3 stycznia 2000 roku</xLexLink> kwotę 150 000 zł, bez określenia tytułu wpłaty, pochodzącą ze środków wypłaconych w gotówce z rachunku <xAnon>Stowarzyszenia (...)</xAnon> przez <xAnon>L. S.</xAnon>, czym dopomógł <xAnon>L. S.</xAnon> do ukrycia przestępczego źródła pochodzenia tychże środków finansowych, możliwości ich wykrycia, zajęcia bądź orzeczenia przepadku, tj. o czyn z <xLexLink xArt="art. 299;art. 299 § 1" xIsapId="WDU19970880553" xTitle="Ustawa z dnia 6 czerwca 1997 r. - Kodeks karny" xAddress="Dz. U. z 1997 r. Nr 88, poz. 553">art. 299 § 1 kk</xLexLink>. w zw. z <xLexLink xArt="art. 299;art. 299 § 5;art. 299 § 6" xIsapId="WDU19970880553" xTitle="Ustawa z dnia 6 czerwca 1997 r. - Kodeks karny" xAddress="Dz. U. z 1997 r. Nr 88, poz. 553">art. 299 § 5 i § 6 kk</xLexLink>.</xText>
          </xUnit>
          <xUnit xIsTitle="false" xType="none">
            <xName xSffx="."> XXX</xName>
            <xText> w dniu 31 lipca 2000 roku we <xAnon>W.</xAnon> działając jak właściciel i Prezes Zarządu <xAnon>Przedsiębiorstwa Handlowo - Usługowego (...)</xAnon> - 2 Sp. z o. o., wspólnie i w porozumieniu z <xAnon>L. S.</xAnon> działającym jako prezes <xAnon>Stowarzyszenia (...) Zakładów Osób Niepełnosprawnych (...)</xAnon> w celu osiągnięcia korzyści majątkowej, wiedząc, iż pomiędzy wskazanymi podmiotami nie istnieje jakakolwiek umowa o współpracy bądź dofinansowaniu działalności gospodarczej, jak również widząc jako członek założyciel <xAnon>Stowarzyszenia (...)</xAnon>, iż Stowarzyszenie zostało powołane do życia w drodze przestępstwa, nie prowadzi żadnej działalności statutowej, zaś <xAnon>firma (...)</xAnon> - 2 nie jest podmiotem gospodarczym, który zgodnie ze statutem Stowarzyszenia mógłby być zasilany ze środków Stowarzyszenia, przyjął do kasy <xAnon>PHU (...)</xAnon> - 2 Sp. z o.o. na podstawie nienumerowanego dowodu wpłaty <xLexLink xArt="" xIsapId="WDU19740240141" xTitle="Ustawa z dnia 26 czerwca 1974 r. - Kodeks pracy" xAddress="Dz. U. z 1974 r. Nr 24, poz. 141">KP z dnia 31 lipca 2000 roku</xLexLink> kwotę 40 000 zł, bez określenia tytułu wpłaty, pochodzącą ze środków wypłaconych w gotówce z rachunku <xAnon>Stowarzyszenia (...)</xAnon> przez <xAnon>L. S.</xAnon>, czym dopomógł <xAnon>L. S.</xAnon> do ukrycia przestępczego źródła pochodzenia tychże środków finansowych, możliwości ich wykrycia, zajęcia bądź orzeczenia przepadku tj. o czyn z <xLexLink xArt="art. 299;art. 299 § 1" xIsapId="WDU19970880553" xTitle="Ustawa z dnia 6 czerwca 1997 r. - Kodeks karny" xAddress="Dz. U. z 1997 r. Nr 88, poz. 553">art. 299 § 1 kk</xLexLink>. w zw. z <xLexLink xArt="art. 299;art. 299 § 5" xIsapId="WDU19970880553" xTitle="Ustawa z dnia 6 czerwca 1997 r. - Kodeks karny" xAddress="Dz. U. z 1997 r. Nr 88, poz. 553">art. 299 § 5 kk</xLexLink>.</xText>
          </xUnit>
          
          <xText><xBx><xAnon>Z. G.</xAnon></xBx> został oskarżony o to, że :</xText>
          <xUnit xIsTitle="false" xType="none">
            <xName xSffx="."> XXXI</xName>
            <xText> w okresie od 7 maja 1999 roku do 29 lutego 2000 roku we <xAnon>W.</xAnon>, woj. <xAnon>(...)</xAnon>, w wykonaniu z góry powziętego zamiaru działając w krótkich odstępach czasu w ramach zorganizowanej grupy mającej na celu popełnianie przestępstw przeciwko mieniu, według przyjętego i zaakceptowanego podziału ról i zadań przy realizacji poszczególnych przestępczych przedsięwzięć, wspólnie i w porozumieniu z <xAnon>L. S.</xAnon>, <xAnon>E. W. (1)</xAnon>, <xAnon>K. B.</xAnon> oraz innymi ustalonymi osobami, w stosunku do których prowadzone jest odrębne postępowanie karne, wykorzystując działalność gospodarczą prowadzoną w ramach <xAnon>firmy (...) Sp. z o.o.</xAnon>, <xAnon>W.</xAnon>, <xAnon>ul. (...)</xAnon>, będąc uprawnionym do przyjmowania i wystawiania faktur VAT dotyczących sprzedaży towarów i usług, działając w celu osiągnięcia korzyści majątkowej, poświadczył nieprawdę, co do okoliczności mających znaczenie prawne, potwierdzając fikcyjne zakupienie usług i towarów o łącznej wartości 2 055 146, 31 zł od innych podmiotów naraził Skarb Państwa na straty znacznej wartości z tytułu nienależnego zwrotu podatku VAT w kwocie co najmniej 451 832, 19 zł i tak w szczególności:</xText>
            <xEnum>
              <xBullet> -</xBullet>
              <xEnumElem>
                <xText> od <xAnon>firmy (...) SP. z o.o.</xAnon> w dniu 14.06.1999 roku nr <xAnon>(...)</xAnon> na kwotę. 183 250,00 zł podatek VAT wyniósł 40 315, 00 zł,</xText>
              </xEnumElem>
              <xEnumElem>
                <xText> od <xAnon>firmy (...) SP. z o.o.</xAnon> w dniu 18.06.1999 roku nr <xAnon>(...)</xAnon> na kwotę 107 920, 00 zł podatek VAT wyniósł 23 742, 40 zł,</xText>
              </xEnumElem>
              <xEnumElem>
                <xText> od <xAnon>firmy (...) SP. z o.o.</xAnon> w dniu 24.06.1999 roku nr <xAnon>(...)</xAnon> na kwotę 82 800, 00 zł podatek VAT wyniósł 18 216, 00 zł,</xText>
              </xEnumElem>
              <xEnumElem>
                <xText> od <xAnon>firmy (...) SP. z o.o.</xAnon> w dniu 28.06.1999 roku nr <xAnon>(...)</xAnon> na kwotę 16 721, 31 zł podatek VAT wyniósł 3 678, 69 zł,</xText>
              </xEnumElem>
              <xEnumElem>
                <xText> od <xAnon>firmy (...) SP. z o.o.</xAnon> w dniu 28.06.1999 roku nr <xAnon>(...)</xAnon> na kwotę 56 000, 00 zł podatek VAT wyniósł 12 320, 00 zł,</xText>
              </xEnumElem>
              <xEnumElem>
                <xText> od <xAnon>firmy (...) SP. z o.o.</xAnon> w dniu 02.07.1999 roku nr <xAnon>(...)</xAnon> na kwotę 40 000, 00 zł podatek VAT wyniósł 8 800, 00 zł,</xText>
              </xEnumElem>
              <xEnumElem>
                <xText> od <xAnon>firmy (...) SP. z o.o.</xAnon> w dniu 12.07.1999 roku nr <xAnon>(...)</xAnon> na kwotę 46 400, 00 zł podatek VAT wyniósł 10 208, 00 zł,</xText>
              </xEnumElem>
              <xEnumElem>
                <xText> od <xAnon>firmy (...) SP. z o.o.</xAnon> w dniu 15.07.1999 roku nr <xAnon>(...)</xAnon> na kwotę 74 900, 00 zł podatek VAT wyniósł 16 478, 00 zł,</xText>
              </xEnumElem>
              <xEnumElem>
                <xText> od <xAnon>firmy (...) SP. z o.o.</xAnon> w dniu 28.07.1999 roku nr <xAnon>(...)</xAnon> na kwotę 74 000, 00 zł podatek VAT wyniósł 16 280, 00 zł,</xText>
              </xEnumElem>
              <xEnumElem>
                <xText> od <xAnon>firmy (...) SP. z o.o.</xAnon> w dniu 17.08.1999 roku nr <xAnon>(...)</xAnon> na kwotę 37 780, 00 zł podatek VAT wyniósł 8 311, 60 zł,</xText>
              </xEnumElem>
              <xEnumElem>
                <xText> od <xAnon>firmy (...) SP. z o.o.</xAnon> w dniu 22.08.1999 roku nr <xAnon>(...)</xAnon> na kwotę 37 500, 00 zł podatek VAT wyniósł 8 250, 00 zł,</xText>
              </xEnumElem>
              <xEnumElem>
                <xText> od <xAnon>firmy (...) SP. z o.o.</xAnon> w dniu 03.09.1999 roku nr <xAnon>(...)</xAnon> na kwotę 27 000, 00 zł podatek VAT wyniósł 5 940, 00 zł,</xText>
              </xEnumElem>
              <xEnumElem>
                <xText> od <xAnon>firmy (...) SP. z o.o.</xAnon> w dniu 10.09.1999 roku nr <xAnon>(...)</xAnon> na kwotę 33 000, 00 zł podatek VAT wyniósł 7 260, 00 zł,</xText>
              </xEnumElem>
              <xEnumElem>
                <xText> od <xAnon>firmy (...) SP. z o.o.</xAnon> w dniu 14.09.1999 roku nr <xAnon>(...)</xAnon> na kwotę 14 200, 00 zł podatek VAT wyniósł 3 <xAnon>(...)</xAnon>, 00 zł,</xText>
              </xEnumElem>
              <xEnumElem>
                <xText> od <xAnon>firmy (...) SP. z o.o.</xAnon> w dniu 22.09.1999 roku nr <xAnon>(...)</xAnon> na kwotę 41 800, 00 zł podatek VAT wyniósł 9 196, 00 zł,</xText>
              </xEnumElem>
              <xEnumElem>
                <xText> od <xAnon>firmy (...) SP. z o.o.</xAnon> w dniu 30.09.1999 roku nr <xAnon>(...)</xAnon> na kwotę 29 400, 00 zł podatek VAT wyniósł 6 468, 00 zł,</xText>
              </xEnumElem>
              <xEnumElem>
                <xText> od <xAnon>firmy (...) SP. z o.o.</xAnon> w dniu 04.11.1999 roku nr <xAnon>(...)</xAnon> na kwotę 17 585, 00 zł podatek VAT wyniósł 3 868, 70 zł,</xText>
              </xEnumElem>
              <xEnumElem>
                <xText> od <xAnon>firmy (...) SP. z o.o.</xAnon> w dniu 05.11.1999 roku nr <xAnon>(...)</xAnon> na kwotę 13 400, 00 zł podatek VAT wyniósł 2 948, 00 zł,</xText>
              </xEnumElem>
              <xEnumElem>
                <xText> od <xAnon>firmy (...) SP. z o.o.</xAnon> w dniu 09.11.1999 roku nr <xAnon>(...)</xAnon> na kwotę 15 130, 00 zł podatek VAT wyniósł 3 328670% 7</xText>
              </xEnumElem>
              <xEnumElem>
                <xText> od <xAnon>firmy (...) SP. z o.o.</xAnon> w dniu 10.11.1999 roku nr <xAnon>(...)</xAnon> na kwotę 10 000, 00 zł podatek VAT wyniósł 3 960, 00 zł,</xText>
              </xEnumElem>
              <xEnumElem>
                <xText> od <xAnon>firmy (...) SP. z o.o.</xAnon> w dniu 15.11.1999 roku nr <xAnon>(...)</xAnon> na kwotę 14 000, 00 zł podatek VAT wyniósł 3 080, 00 zł,</xText>
              </xEnumElem>
              <xEnumElem>
                <xText> od <xAnon>firmy (...) SP. z o.o.</xAnon> w dniu 17.11.1999 roku nr <xAnon>(...)</xAnon> na kwotę 18 000, 00 zł podatek VAT wyniósł 3 960, 00 zł,</xText>
              </xEnumElem>
              <xEnumElem>
                <xText> od <xAnon>firmy (...) SP. z o.o.</xAnon> w dniu 18.11.1999 roku nr <xAnon>(...)</xAnon> na kwotę 44 100, 00 zł podatek VAT wyniósł 9 702, 000 zł,</xText>
              </xEnumElem>
              <xEnumElem>
                <xText> od <xAnon>firmy (...) SP. z o.o.</xAnon> w dniu 22.11.1999 roku nr <xAnon>(...)</xAnon> na kwotę 21 000, 00 zł podatek VAT wyniósł 4 620, 00 zł,</xText>
              </xEnumElem>
              <xEnumElem>
                <xText> od <xAnon>firmy (...) SP. z o.o.</xAnon> w dniu 26.11.1999 roku nr <xAnon>(...)</xAnon> na kwotę 15 600, 00 zł podatek VAT wyniósł 3 432, 00 zł,</xText>
              </xEnumElem>
              <xEnumElem>
                <xText> od <xAnon>firmy (...) SP. z o.o.</xAnon> w dniu 30.11.1999 roku nr <xAnon>(...)</xAnon> na kwotę 22 800, 00 zł podatek VAT wyniósł 5 016, 00 zł,</xText>
              </xEnumElem>
              <xEnumElem>
                <xText> od <xAnon>firmy (...) SP. z o.o.</xAnon> w dniu 01.12.1999 roku nr <xAnon>(...)</xAnon> na kwotę 9 485, 00 zł podatek VAT wyniósł 2 086, 70 zł,</xText>
              </xEnumElem>
              <xEnumElem>
                <xText> od <xAnon>firmy (...) SP. z o.o.</xAnon> w dniu 01.12.1999 roku nr <xAnon>(...)</xAnon> na kwotę 5 400, 00 zł podatek VAT wyniósł 1 188, 00 zł,</xText>
              </xEnumElem>
              <xEnumElem>
                <xText> od <xAnon>firmy (...) SP. z o.o.</xAnon> w dniu 01.12.1999 roku nr <xAnon>(...)</xAnon> na kwotę 2 700, 00 zł podatek VAT wyniósł 594, 00 zł,</xText>
              </xEnumElem>
              <xEnumElem>
                <xText> od <xAnon>firmy (...) SP. z o.o.</xAnon> w dniu 02.12.1999 roku nr <xAnon>(...)</xAnon> na kwotę 6 650, 00 zł podatek VAT wyniósł 1 463, 00 zł,</xText>
              </xEnumElem>
              <xEnumElem>
                <xText> od <xAnon>firmy (...) SP. z o.o.</xAnon> w dniu 02.12.1999 roku nr <xAnon>(...)</xAnon> na kwotę 2 700, 00 zł podatek VAT wyniósł 594, 00 zł,</xText>
              </xEnumElem>
              <xEnumElem>
                <xText> od <xAnon>firmy (...) SP. z o.o.</xAnon> w dniu 02.12.1999 roku nr <xAnon>(...)</xAnon> na kwotę 2 700, 00 zł podatek VAT wyniósł 594, 00 zł,</xText>
              </xEnumElem>
              <xEnumElem>
                <xText> od <xAnon>firmy (...) SP. z o.o.</xAnon> w dniu 02.12.1999 roku nr <xAnon>(...)</xAnon> na kwotę 1 350, 00 zł podatek VAT wyniósł 297, 00 zł,</xText>
              </xEnumElem>
              <xEnumElem>
                <xText> od <xAnon>firmy (...) SP. z o.o.</xAnon> w dniu 06.12.1999 roku nr <xAnon>(...)</xAnon> na kwotę 15 130, 00 zł podatek VAT wyniósł 3 328, 60 zł,</xText>
              </xEnumElem>
              <xEnumElem>
                <xText> od <xAnon>firmy (...) SP. z o.o.</xAnon> w dniu 13.12.1999 roku nr <xAnon>(...)</xAnon> na kwotę 18 000, 00 zł podatek VAT wyniósł 3 960, 00 zł,</xText>
              </xEnumElem>
              <xEnumElem>
                <xText> od <xAnon>firmy (...) SP. z o.o.</xAnon> w dniu 16.12.1999 roku nr <xAnon>(...)</xAnon> na kwotę 14 000, 00 zł podatek VAT wyniósł 3 080, 00 zł,</xText>
              </xEnumElem>
              <xEnumElem>
                <xText> od <xAnon>firmy (...) SP. z o.o.</xAnon> w dniu 17.12.1999 roku nr <xAnon>(...)</xAnon> na kwotę 18 000, 00 zł podatek VAT wyniósł 3 960, 00 zł,</xText>
              </xEnumElem>
              <xEnumElem>
                <xText> od <xAnon>firmy (...) SP. z o.o.</xAnon> w dniu 22.12.1999 roku nr <xAnon>(...)</xAnon> na kwotę 21 000, 00 zł podatek VAT wyniósł 4 620, 00 zł,</xText>
              </xEnumElem>
              <xEnumElem>
                <xText> od <xAnon>firmy (...) SP. z o.o.</xAnon> w dniu 23.12.1999 roku nr <xAnon>(...)</xAnon> na kwotę 19 800, 00 zł podatek VAT wyniósł 4 356, 00 zł,</xText>
              </xEnumElem>
              <xEnumElem>
                <xText> od <xAnon>firmy (...) SP. z o.o.</xAnon> w dniu 28.12.1999 roku nr <xAnon>(...)</xAnon> na kwotę 38 000, 00 zł podatek VAT wyniósł 8 360, 00 zł,</xText>
              </xEnumElem>
              <xEnumElem>
                <xText> od <xAnon>firmy PPHU (...)</xAnon> w dniu 21.05.1999 roku nr <xAnon>(...)</xAnon> na kwotę 26 700, 00 zł podatek VAT wyniósł 5 874 zł,</xText>
              </xEnumElem>
              <xEnumElem>
                <xText> od <xAnon>firmy PPHU (...)</xAnon> w dniu 28.05.1999 roku nr <xAnon>(...)</xAnon> na kwotę 14 500, 00 zł podatek VAT wyniósł 3 190, 00 zł,</xText>
              </xEnumElem>
              <xEnumElem>
                <xText> od <xAnon>firmy PPHU (...)</xAnon> w dniu 30.06.1999 roku nr <xAnon>(...)</xAnon> na kwotę 31 100, 00 zł podatek VAT wyniósł 6 842, 00 zł,</xText>
              </xEnumElem>
              <xEnumElem>
                <xText> od <xAnon>firmy PPHU (...)</xAnon> w dniu 30.06.1999 roku nr <xAnon>(...)</xAnon> na kwotę 40 850, 00 zł podatek VAT wyniósł 8 987, 00 zł,</xText>
              </xEnumElem>
              <xEnumElem>
                <xText> od <xAnon>firmy PPHU (...)</xAnon> w dniu 30.07.1999 roku nr <xAnon>(...)</xAnon> na kwotę 23 400, 00 zł podatek VAT wyniósł 5 148, 00 zł,</xText>
              </xEnumElem>
              <xEnumElem>
                <xText> od <xAnon>firmy PPHU (...)</xAnon> w dniu 30.07.1999 roku nr <xAnon>(...)</xAnon> na kwotę 19 900, 00 zł podatek VAT wyniósł 4 312, 00 zł,</xText>
              </xEnumElem>
              <xEnumElem>
                <xText> od <xAnon>firmy (...) Sp. z o.o.</xAnon> w dniu 24.05.1999 roku nr <xAnon>(...)</xAnon> na kwotę 221 000, 00 zł podatek VAT wyniósł 48 620,00 zł,</xText>
              </xEnumElem>
              <xEnumElem>
                <xText> od <xAnon>firmy (...) Sp. z o.o.</xAnon> w dniu 26.05.1999 roku nr <xAnon>(...)</xAnon> na kwotę 83 200, 00 zł podatek VAT wyniósł 18 304, 00 zł,</xText>
              </xEnumElem>
              <xEnumElem>
                <xText> od <xAnon>firmy (...) Sp. z o.o.</xAnon> w dniu 28.05.1999 roku nr <xAnon>(...)</xAnon> na kwotę 19 000, 00 zł podatek VAT wyniósł 4 180, 00 zł,</xText>
              </xEnumElem>
              <xEnumElem>
                <xText> od <xAnon>firmy (...) Sp. z o.o.</xAnon> w dniu 31.05.1999 roku nr <xAnon>(...)</xAnon> na kwotę 50 000, 00 zł podatek VAT wyniósł 11 000, 00 zł,</xText>
              </xEnumElem>
              <xEnumElem>
                <xText> od <xAnon>firmy (...) Sp. z o.o.</xAnon> w dniu 25.06.1999 roku nr <xAnon>(...)</xAnon> na kwotę 37 900, 00 zł podatek VAT wyniósł 8 338, 00 zł,</xText>
              </xEnumElem>
              <xEnumElem>
                <xText> od <xAnon>firmy (...) Sp. z o.o.</xAnon> w dniu 28.06.1999 roku nr <xAnon>(...)</xAnon> na kwotę 29 900, 00 zł podatek VAT wyniósł 6 578, 00 zł,</xText>
              </xEnumElem>
              <xEnumElem>
                <xText> od firmy <xAnon>(...)</xAnon><xAnon>(...)</xAnon> w dniu 07.05.1999 roku nr <xAnon>(...)</xAnon> na kwotę 69 900, 00 zł. podatek VAT wyniósł 15 378, 00 zł,</xText>
              </xEnumElem>
              <xEnumElem>
                <xText> od firmy <xAnon>(...)</xAnon><xAnon>(...)</xAnon> w dniu 07.05.1999 roku nr <xAnon>(...)</xAnon> na kwotę 25 160, 00 zł podatek VAT wyniósł 5 535, 20 zł,</xText>
              </xEnumElem>
              <xEnumElem>
                <xText> od firmy <xAnon>(...)</xAnon><xAnon>(...)</xAnon> w dniu 18.05.1999 roku nr <xAnon>(...)</xAnon> na kwotę 36 700, 00 zł podatek VAT wyniósł 8 074, 00 zł,</xText>
              </xEnumElem>
              <xEnumElem>
                <xText> od firmy <xAnon>(...)</xAnon><xAnon>(...)</xAnon> w dniu 31.05.1999 roku nr <xAnon>(...)</xAnon> na kwotę 89 600, 00 zł podatek VAT wyniósł 19 712, 00 zł,</xText>
              </xEnumElem>
              <xEnumElem>
                <xText> od firmy <xAnon>(...)</xAnon><xAnon>(...)</xAnon> w dniu 31.05.1999 roku nr <xAnon>(...)</xAnon> na kwotę 7 500, 00 zł podatek VAT wyniósł 1 650, 00 zł,</xText>
              </xEnumElem>
              <xEnumElem>
                <xText> od firmy <xAnon>(...)</xAnon><xAnon>(...)</xAnon> w dniu 07.06.1999 roku nr <xAnon>(...)</xAnon> na kwotę 5 800, 00 zł podatek VAT wyniósł 1 276, 00 zł,</xText>
              </xEnumElem>
              <xEnumElem>
                <xText> od firmy <xAnon>(...)</xAnon><xAnon>(...)</xAnon> w dniu 11.06.1999 roku nr <xAnon>(...)</xAnon> na kwotę 7 200, 00 zł podatek VAT wyniósł 1 584, 00 zł,</xText>
              </xEnumElem>
              <xEnumElem>
                <xText> od firmy <xAnon>(...)</xAnon><xAnon>(...)</xAnon> w dniu 30.06.1999 roku nr <xAnon>(...)</xAnon> na kwotę 18 700, 00 zł podatek VAT wyniósł 4 114, 00 zł,</xText>
              </xEnumElem>
              <xEnumElem>
                <xText> od firmy <xAnon>(...)</xAnon><xAnon>(...)</xAnon> w dniu 20.07.1999 roku nr <xAnon>(...)</xAnon> na kwotę 14 500, 00 zł podatek VAT wyniósł 3 190, 00 zł,</xText>
              </xEnumElem>
              <xEnumElem>
                <xText> od <xAnon>firmy (...) Sp. z o.o.</xAnon> w dniu 29.02.2000 roku nr <xAnon>(...)</xAnon> na kwotę 80 650, 00 zł podatek VAT wyniósł 17 443, 00 zł tj. o czyn z <xLexLink xArt="art. 286;art. 286 § 1" xIsapId="WDU19970880553" xTitle="Ustawa z dnia 6 czerwca 1997 r. - Kodeks karny" xAddress="Dz. U. z 1997 r. Nr 88, poz. 553">art. 286 § 1 kk</xLexLink>. w zw. z <xLexLink xArt="art. 294;art. 294 § 1" xIsapId="WDU19970880553" xTitle="Ustawa z dnia 6 czerwca 1997 r. - Kodeks karny" xAddress="Dz. U. z 1997 r. Nr 88, poz. 553">art. 294 § 1 kk</xLexLink>. i <xLexLink xArt="art. 271;art. 271 § 3" xIsapId="WDU19970880553" xTitle="Ustawa z dnia 6 czerwca 1997 r. - Kodeks karny" xAddress="Dz. U. z 1997 r. Nr 88, poz. 553">art. 271 § 3 kk</xLexLink>. w zw. z <xLexLink xArt="art. 12" xIsapId="WDU19970880553" xTitle="Ustawa z dnia 6 czerwca 1997 r. - Kodeks karny" xAddress="Dz. U. z 1997 r. Nr 88, poz. 553">art. 12 kk</xLexLink>. w zw. z <xLexLink xArt="art. 65" xIsapId="WDU19970880553" xTitle="Ustawa z dnia 6 czerwca 1997 r. - Kodeks karny" xAddress="Dz. U. z 1997 r. Nr 88, poz. 553">art. 65 kk</xLexLink>.</xText>
              </xEnumElem>
            </xEnum>
          </xUnit>
          <xUnit xIsTitle="false" xType="none">
            <xName xSffx="."> XXXII</xName>
            <xText> W okresie od dnia 1 stycznia 1999 roku do dnia 30 grudnia 2000 roku, we <xAnon>W.</xAnon>, woj. <xAnon>(...)</xAnon>, w krótkich odstępach czasu, w wykonaniu z góry powziętego zamiaru, działając jako Prezes jednoosobowego <xAnon>Zarządu (...) Sp. z o.o.</xAnon>, <xAnon>W.</xAnon>, <xAnon>ul. (...)</xAnon>, będąc uprawnionym do przyjmowania i wystawiania faktur VAT dotyczących sprzedaży towarów i usług, działając w celu osiągnięcia korzyści majątkowej, poprzez:</xText>
            <xEnum>
              <xBullet> -</xBullet>
              <xEnumElem>
                <xText> zawyżenie kosztów uzyskania przychodu poprzez potwierdzanie fikcyjnego zakupu usług i towarów od innych podmiotów o łącznej wartości 2 055 146, 31 zł,</xText>
              </xEnumElem>
              <xEnumElem>
                <xText> zaniżenie kosztów przychodu w wysokości 149 753, <xAnon>(...)</xAnon> zł stanowiącej sumę ustawowych odsetek uzyskanych od, nieodpłatnego świadczenia" <xAnon>Z. G.</xAnon> na rzecz <xAnon>(...) Sp. z o.o.</xAnon>, a będącego<xBRx/> w rzeczywistości pożyczką udzieloną przez <xAnon>Z. G.</xAnon>,</xText>
              </xEnumElem>
              <xEnumElem>
                <xText> zaniżenie kosztów przychodu do opodatkowania z tytułu nieprzekazanego na rzecz <xAnon>firmy (...)</xAnon> świadczenia w kwocie 261 534, 00 zł należnego z tytułu najmu lokalu we <xAnon>W.</xAnon> przy <xAnon>ul. (...)</xAnon>,</xText>
              </xEnumElem>
              <xEnumElem>
                <xText> zaniżenie przychodu do opodatkowania z tytułu przedawnionych w roku 2000 zobowiązań o kwotę 50 000 zł, wynikających z dwóch wystawionych w 1997 roku przez <xAnon>Sp. z o.o. (...)</xAnon><xAnon>faktur nr (...)</xAnon> na kwoty po 25 000 zł brutto za produkcję programu telewizyjnego w miesiącach marzec i kwiecień 1997r.,</xText>
              </xEnumElem>
              <xEnumElem>
                <xText> zawyżenie kosztów uzyskania przychodu poprzez zaliczenie do poniesionych w latach 1999 i 2000 kosztów nieprzekazanej <xAnon>spółce (...)</xAnon> z tytułu najmu lokalu we <xAnon>W.</xAnon> przy <xAnon>ul. (...)</xAnon> kwoty 96 000, 00 zł,</xText>
              </xEnumElem>
              <xEnumElem>
                <xText> zawyżenie kosztów uzyskania przychodu z tytułu dwukrotnego zaksięgowania faktury wystawionej przez <xAnon>firmę (...)</xAnon> z Niemiec nr <xAnon>(...)</xAnon> z dnia 06.01.1999 roku na kwotę 46 719, 00 zł,</xText>
              </xEnumElem>
              <xEnumElem>
                <xText> zawyżenie kosztów uzyskania przychodu w 1999 roku o koszty amortyzacji środków trwałych w obiekcie stanowiącym własność <xAnon>firmy (...)</xAnon>. Sp. z o.o. w kwocie 36 058, 24 zł,</xText>
              </xEnumElem>
              <xEnumElem>
                <xText> zawyżenie kosztów uzyskania przychodu z tytułu dokonanych darowizn na kwotę 2 500, 00 zł,</xText>
              </xEnumElem>
              <xEnumElem>
                <xText> zawyżenie kosztów uzyskania przychodu z tytułu nieprawidłowo ustalonej w roku 2000 wartości sprzedaży o kwotę 288 631, 21 zł,</xText>
              </xEnumElem>
              <xEnumElem>
                <xText> zawyżenie kosztów uzyskania przychodu z tytułu zaliczenia do kosztów podatku VAT naliczonego od ubytków na sumę 14 294, 57 zł,</xText>
              </xEnumElem>
            </xEnum>
          </xUnit>
          <xText> a następnie poprzez wprowadzanie opisanych sum do zeznań podatkowych za lata 1999 i 2000 złożonych w dniach 29.09.2000 roku i 28.09.2001 roku w imieniu <xAnon>Sp. z o.o. (...)</xAnon> w Urzędzie Skarbowym <xAnon>W.</xAnon> i wykazanie z tego tytułu podstawy opodatkowania zaniżonej w stosunku do rzeczywistego stanu rzeczy w wysokościach:</xText>
          <xEnum>
            <xBullet> -</xBullet>
            <xEnumElem>
              <xText> 2 342 750, 65 zł za rok 1999,</xText>
            </xEnumElem>
            <xEnumElem>
              <xText> 623 694, 82 zł za rok 2000,</xText>
            </xEnumElem>
          </xEnum>
          <xText> przywłaszczył przez nie odprowadzenie kwotę 983 643, 00 zł stanowiącą mienie znacznej wartości, należną Skarbowi Państwa z tytułu uzyskania rzeczywistego dochodu nieujawnionego w złożonych zeznaniach podatkowych, tj. o czyn z <xLexLink xArt="art. 284;art. 284 § 1" xIsapId="WDU19970880553" xTitle="Ustawa z dnia 6 czerwca 1997 r. - Kodeks karny" xAddress="Dz. U. z 1997 r. Nr 88, poz. 553">art. 284 § 1 kk</xLexLink>. w zw. z <xLexLink xArt="art. 294;art. 294 § 1" xIsapId="WDU19970880553" xTitle="Ustawa z dnia 6 czerwca 1997 r. - Kodeks karny" xAddress="Dz. U. z 1997 r. Nr 88, poz. 553">art. 294 § 1 kk</xLexLink>. w zw. z <xLexLink xArt="art. 12" xIsapId="WDU19970880553" xTitle="Ustawa z dnia 6 czerwca 1997 r. - Kodeks karny" xAddress="Dz. U. z 1997 r. Nr 88, poz. 553">art. 12 kk</xLexLink>.</xText>
          <xUnit xIsTitle="false" xType="none">
            <xName xSffx="."> XXXIII</xName>
            <xText> W okresie od bliżej nieustalonego dnia w pierwszym kwartale 2002 roku do dnia 31 grudnia 2002 roku we <xAnon>W.</xAnon> woj. <xAnon>(...)</xAnon>, w wykonaniu z góry powziętego zamiaru, działając w krótkich odstępach czasu, wspólnie i w porozumieniu z <xAnon>G. A.</xAnon>, <xAnon>J. T.</xAnon> oraz <xAnon>H. M. (1)</xAnon>, działając w celu osiągnięcia korzyści majątkowej w znacznym rozmiarze, podjął czynności związane z udaremnieniem i znacznym utrudnieniem stwierdzenia przestępnego pochodzenia pieniędzy, ich wykrycia i zajęcia, polegające na tym, że:</xText>
            <xEnum>
              <xBullet> -</xBullet>
              <xEnumElem>
                <xText> dysponując środkami finansowymi pochodzącymi z przestępstwa wyłudzenia nienależnych zwrotów podatku VAT oraz niezgodnego z prawem zaniżenia podatku dochodowego od osób prawnych w latach 1999 - 2000 przez <xAnon>firmę (...) Sp. z o.o.</xAnon>, jak również środkami finansowymi pochodzącymi z działań na szkodę <xAnon>Spółki z ograniczoną odpowiedzialnością (...)</xAnon>, w bliżej nieustalonym dniu w pierwszym kwartale 2002 roku, uzgodnił z <xAnon>G. A.</xAnon> udzielenie pożyczek w kwocie co najmniej 850 000 zł z przeznaczeniem na prowadzenie własnej działalności gospodarczej, ustalając równocześnie, iż spisanie umów pożyczek nastąpi na rzecz wskazanych przez niego osób fizycznych reprezentujących określone podmioty gospodarcze, które to pieniądze zostały następnie przekazane przez <xAnon>G. A.</xAnon>:</xText>
              </xEnumElem>
              <xEnumElem>
                <xText> w dniu 2 kwietnia 2002 roku <xAnon>H. M. (1)</xAnon> prowadzącemu działalność gospodarczą w ramach <xAnon>Przedsiębiorstwa (...)</xAnon> z siedzibą w <xAnon>P.</xAnon><xAnon>ul. (...)</xAnon>, w kwocie 500 000 zł w gotówce i dla uwiarygodnienia posiadania tych pieniędzy przez <xAnon>H. M. (1)</xAnon> sporządzony został dokument w postaci pisemnej umowy pożyczki poświadczającej dojście do skutku pozornej czynności prawnej,</xText>
              </xEnumElem>
              <xEnumElem>
                <xText> w dniu 10 kwietnia 2002 roku, <xAnon>J. T.</xAnon> prowadzącej działalność gospodarczą w ramach <xAnon>Sp. z o.o. (...)</xAnon> z siedzibą we <xAnon>W.</xAnon><xAnon>ul. (...)</xAnon> i występującej jako Prezes Zarządu Spółki, w kwocie 350 000 zł w gotówce i dla uwiarygodnienia posiadania tych pieniędzy przez <xAnon>J. T.</xAnon> sporządzony został dokument w postaci pisemnej umowy pożyczki poświadczającej dojście do skutku pozornej czynności prawnej, które to pieniądze zostały przeznaczone faktycznie na zapłacenie za preparaty kosmetyczne zamówione przez <xAnon>Sp. z o.o. (...)</xAnon> u kontrahentów zagranicznych,</xText>
              </xEnumElem>
              <xEnumElem>
                <xText> w marcu 2002 roku polecił <xAnon>H. M. (1)</xAnon> zgłoszenie do ewidencji działalności gospodarczej rozpoczęcie działalności w ramach <xAnon>Przedsiębiorstwa (...)</xAnon> z siedzibą w <xAnon>P.</xAnon><xAnon>ul. (...)</xAnon>, co tenże uczynił w dniu 13 marca 2002 roku</xText>
              </xEnumElem>
              <xEnumElem>
                <xText> w dniu 18 marca 2002 roku w <xAnon>Banku (...) Oddział</xAnon> we <xAnon>W.</xAnon> założył wspólnie z <xAnon>H. M. (1)</xAnon> rachunek dla w/w firmy o nr <xAnon>(...)</xAnon>- <xAnon>(...)</xAnon>-136- <xAnon>(...)</xAnon>, i otrzymał od <xAnon>H. M. (1)</xAnon> pełnomocnictwo do reprezentowania <xAnon>firmy (...)</xAnon> w tym również dysponowania środkami na koncie,</xText>
              </xEnumElem>
              <xEnumElem>
                <xText> na utworzone w <xAnon>Banku (...)</xAnon> konto, tytułem wpłaty własnej w dniu 3 kwietnia 2003 roku wprowadził wspólnie z <xAnon>H. M. (1)</xAnon> kwotę 505 500 zł, z czego kwota 500 000 zł udokumentowana była jako pochodząca z pożyczki udzielonej przez <xAnon>G. A.</xAnon>, a następnie przyjął z konta <xAnon>firmy (...)</xAnon> z <xAnon>Banku (...) Oddział</xAnon> we <xAnon>W.</xAnon>, nr <xAnon>(...)</xAnon>- <xAnon>(...)</xAnon>-136- <xAnon>(...)</xAnon> na konto <xAnon>firmy (...)</xAnon> w <xAnon>Banku (...) Oddział</xAnon> we <xAnon>W.</xAnon>, nr <xAnon>(...)</xAnon>- <xAnon>(...)</xAnon> w dniu 3 kwietnia 2002 roku kwotę 500 200 zł, za zakup towarów kosmetycznych, stanowiących własność <xAnon>Sp. z o.o. (...)</xAnon>, zagrożonych zajęciem z tytułu należności Skarbu Państwa, których faktyczna wartość wynosiła 3 500 000 zł,</xText>
              </xEnumElem>
              <xEnumElem>
                <xText> w okresie od 3 kwietnia 2002 roku do 21 listopada 2002 roku, posiadając pełnomocnictwo do dysponowania środkami pieniężnymi pochodzącymi ze sprzedaży preparatów kosmetycznych, przejętych w drodze przestępstwa z <xAnon>firmy (...)</xAnon> zgromadzonymi na rachunku bankowym <xAnon>firmy (...)</xAnon>, w łącznej kwocie co najmniej 767 856, 90 zł, na podstawie czeków gotówkowych i dyspozycji ustnych składanych przez siebie i <xAnon>H. M. (1)</xAnon> wypłacił pieniądze w wysokości co najmniej 602 800 zł, które nie zostały przeznaczone na działalność <xAnon>firmy (...)</xAnon>,</xText>
              </xEnumElem>
              <xEnumElem>
                <xText> przez co znacznie utrudnił stwierdzenie ich przestępczego pochodzenia miejsca umieszczenia i możliwości ich wykrycia i zajęcia z tytułu zobowiązań ciążących na <xAnon>Spółce (...)</xAnon> w zakresie nieodprowadzonego należnego podatku VAT oraz podatku dochodowego od osób prawnych oraz nienależnego zwrotu podatku VAT oraz zobowiązań wobec innych wierzycieli, tj. o czyn z <xLexLink xArt="art. 299;art. 299 § 5;art. 299 § 6" xIsapId="WDU19970880553" xTitle="Ustawa z dnia 6 czerwca 1997 r. - Kodeks karny" xAddress="Dz. U. z 1997 r. Nr 88, poz. 553">art. 299 § 5 i § 6 kk</xLexLink>. w zw. z <xLexLink xArt="art. 299;art. 299 § 1" xIsapId="WDU19970880553" xTitle="Ustawa z dnia 6 czerwca 1997 r. - Kodeks karny" xAddress="Dz. U. z 1997 r. Nr 88, poz. 553">art. 299 § 1 kk</xLexLink>. w zw. z <xLexLink xArt="art. 12" xIsapId="WDU19970880553" xTitle="Ustawa z dnia 6 czerwca 1997 r. - Kodeks karny" xAddress="Dz. U. z 1997 r. Nr 88, poz. 553">art. 12 kk</xLexLink>.</xText>
                <xUnit xIsTitle="false" xType="none">
                  <xName xSffx="."> XXXIV</xName>
                  <xText> w okresie od dnia 13 grudnia 2001 roku do 14 lutego 2002 roku we <xAnon>W.</xAnon> w woj. <xAnon>(...)</xAnon>, w wykonaniu z góry powziętego zamiaru, w celu osiągnięcia korzyści majątkowej, występując jako Prezes Zarządu <xAnon>Sp. z o.o. (...)</xAnon> wspólnie i w porozumieniu z <xAnon>H. M. (1)</xAnon>, nieposiadającym środków finansowych pozwalających na dokonanie zapłaty za nabywane towary, dokonał zawarcia umów sprzedaży samochodu osobowego, motoroweru oraz przyczepy ciężarowej do samochodu i tak:</xText>
                  <xEnum>
                    <xBullet> -</xBullet>
                    <xEnumElem>
                      <xText> w dniu 13 grudnia 2001 roku na podstawie <xAnon>faktury VAT nr (...)</xAnon> sprzedał samochód osobowy marki <xAnon>A.</xAnon> A 8 <xAnon>nr rej. (...)</xAnon> za kwotę 80 028 zł,</xText>
                    </xEnumElem>
                    <xEnumElem>
                      <xText> w dniu 4 stycznia 2002 roku na podstawie <xAnon>faktury VAT nr (...)</xAnon> sprzedał motorower marki <xAnon>G.</xAnon><xAnon>R.</xAnon> nr ramy <xAnon>(...)</xAnon>, nr silnika <xAnon>(...)</xAnon> za kwotę 4 880 zł,</xText>
                    </xEnumElem>
                    <xEnumElem>
                      <xText> w dniu 14 lutego 2002 roku na podstawie <xAnon>faktury VAT nr (...)</xAnon> sprzedał przyczepę ciężarową typ <xAnon>(...)</xAnon><xAnon>N.</xAnon><xAnon>nr rej. (...)</xAnon> za kwotę 1 037 zł, przez co usunął zagrożone zajęciem na poczet zaspokojenia roszczeń wierzycieli spółki w obliczu grożącej <xAnon>Sp. z o.o. (...)</xAnon> upadłości, składniki majątku spółki tj. o czyn z <xLexLink xArt="art. 300;art. 300 § 1;art. 300 § 3" xIsapId="WDU19970880553" xTitle="Ustawa z dnia 6 czerwca 1997 r. - Kodeks karny" xAddress="Dz. U. z 1997 r. Nr 88, poz. 553">art. 300 § 1 i § 3 kk</xLexLink>. w zw. z <xLexLink xArt="art. 11;art. 11 § 2" xIsapId="WDU19970880553" xTitle="Ustawa z dnia 6 czerwca 1997 r. - Kodeks karny" xAddress="Dz. U. z 1997 r. Nr 88, poz. 553">art. 11 § 2 kk</xLexLink>. w zw. z <xLexLink xArt="art. 12" xIsapId="WDU19970880553" xTitle="Ustawa z dnia 6 czerwca 1997 r. - Kodeks karny" xAddress="Dz. U. z 1997 r. Nr 88, poz. 553">art. 12 kk</xLexLink>.</xText>
                    </xEnumElem>
                  </xEnum>
                </xUnit>
                <xUnit xIsTitle="false" xType="none">
                  <xName xSffx="."> XXXV</xName>
                  <xText> w okresie od 7 maja 1999 roku do 29 lutego 2000 roku we <xAnon>W.</xAnon>, woj. <xAnon>(...)</xAnon>, w wykonaniu z góry powziętego zamiaru, działając w krótkich odstępach czasu, pełniąc funkcję Prezesa Zarządu oraz będąc jednoosobowym udziałowcem Spółki, wykorzystując działalność gospodarczą prowadzoną w ramach <xAnon>firmy (...) Sp. z o.o.</xAnon>, <xAnon>W.</xAnon>, <xAnon>ul. (...)</xAnon>, będąc uprawnionym do przyjmowania i wystawiania faktur VAT dotyczących sprzedaży towarów i usług, działając w celu osiągnięcia korzyści majątkowej, poprzez nadużycie posiadanych uprawnień wyrażające się w potwierdzaniu fikcyjnego zakupu usług i towarów o łącznej wartości 2 055 146, 31 zł od innych podmiotów i przelewaniu na konta bankowe tychże podmiotów środków finansowych w łącznej wysokości co najmniej 2 055 146, 31 zł, wyrządził <xAnon>Sp. z o.o. (...)</xAnon> szkodę majątkową w wielkich rozmiarach tj. o czyn z <xLexLink xArt="art. 296;art. 296 § 1;art. 296 § 2;art. 296 § 3" xIsapId="WDU19970900557" xTitle="Ustawa z dnia 6 czerwca 1997 r. - Kodeks karny wykonawczy" xAddress="Dz. U. z 1997 r. Nr 90, poz. 557">art. 296 §1, §2i §3kkw</xLexLink> zw. z <xLexLink xArt="art. 12" xIsapId="WDU19970880553" xTitle="Ustawa z dnia 6 czerwca 1997 r. - Kodeks karny" xAddress="Dz. U. z 1997 r. Nr 88, poz. 553">art. 12 kk</xLexLink>.</xText>
                </xUnit>
              </xEnumElem>
            </xEnum>
          </xUnit>
          
          <xEnum>
            <xBullet> X</xBullet>
            <xEnumElem>
              <xUnit xIsTitle="false" xType="none">
                <xName xSffx="."> XXXVI</xName>
                <xText> w okresie od 11 stycznia 2002 roku do 16 kwietnia 2002 roku, we <xAnon>W.</xAnon>, w wykonaniu z góry powziętego zamiaru, działając w krótkich odstępach czasu, pełniąc funkcję Prezesa Zarządu oraz będąc jednoosobowym udziałowcem Spółki, wykorzystując działalność gospodarczą prowadzoną w ramach <xAnon>firmy (...) Sp. z o.o.</xAnon>, <xAnon>W.</xAnon>, <xAnon>ul. (...)</xAnon>, działając w celu osiągnięcia korzyści majątkowej, i będąc zobowiązanym do zajmowania się sprawami majątkowymi spółki, poprzez nadużycie uprawnień, nie posiadając stosownego upoważnienia Walnego Zgromadzenia <xAnon>(...) Sp. z o.o.</xAnon><xAnon>(...)</xAnon> do zaciągania zobowiązań z tytułu pożyczek, jak również sprzecznie z postanowieniami Walnego Zgromadzenia Udziałowców Spółki o przeznaczeniu zysku osiągniętego przez spółkę za rok 2001, dokonał wypłacenia łącznej kwoty 544 617, 56 zł z rachunku bankowego oraz kasy spółki z tytułu: dywidendy za rok 2001, odsetek od pożyczek za lata 1999 - 2001 oraz bez tytułu prawnego, przez co wyrządził <xAnon>Sp. z o.o. (...)</xAnon> szkodą majątkową w wielkich rozmiarach, tym samym usuwając zagrożone zajęciem na poczet zaspokojenia roszczeń wierzycieli spółki w obliczu grożącej <xAnon>Sp. z o.o. (...)</xAnon> upadłości, składniki majątku spółki tj. o czyn z <xLexLink xArt="art. 296;art. 296 § 1;art. 296 § 2;art. 296 § 3" xIsapId="WDU19970880553" xTitle="Ustawa z dnia 6 czerwca 1997 r. - Kodeks karny" xAddress="Dz. U. z 1997 r. Nr 88, poz. 553">art. 296 § 1, § 2 i § 3 kk</xLexLink>. i <xLexLink xArt="art. 300;art. 300 § 1;art. 300 § 3" xIsapId="WDU19970880553" xTitle="Ustawa z dnia 6 czerwca 1997 r. - Kodeks karny" xAddress="Dz. U. z 1997 r. Nr 88, poz. 553">art. 300 § 1 i § 3 kk</xLexLink>. w zw. z <xLexLink xArt="art. 11;art. 11 § 2" xIsapId="WDU19970880553" xTitle="Ustawa z dnia 6 czerwca 1997 r. - Kodeks karny" xAddress="Dz. U. z 1997 r. Nr 88, poz. 553">art. 11 § 2 kk</xLexLink>. w zw. z <xLexLink xArt="art. 12" xIsapId="WDU19970880553" xTitle="Ustawa z dnia 6 czerwca 1997 r. - Kodeks karny" xAddress="Dz. U. z 1997 r. Nr 88, poz. 553">art. 12 kk</xLexLink>.</xText>
              </xUnit>
              <xUnit xIsTitle="false" xType="none">
                <xName xSffx="."> XXXVII</xName>
                <xText> W okresie od 1 stycznia 2000 roku do dnia 31 grudnia 2000 roku we <xAnon>W.</xAnon>, woj. <xAnon>(...)</xAnon>, wbrew ciążącemu na Prezesie jednoosobowego Zarządu Spółki z <xAnon>ograniczoną odpowiedzialnością (...)</xAnon> obowiązkowi, w sposób nierzetelny prowadził księgi rachunkowe w/wym. Spółki tj. o czyn z <xLexLink xArt="art. 61;art. 61 § 1" xIsapId="WDU19990830930" xTitle="Ustawa z dnia 10 września 1999 r. - Kodeks karny skarbowy" xAddress="Dz. U. z 1999 r. Nr 83, poz. 930">art. 61 § 1 kks</xLexLink></xText>
              </xUnit>
              <xUnit xIsTitle="false" xType="none">
                <xName xSffx="."> XXXVIII</xName>
                <xText> W okresie od nieustalonego dnia 2002 roku, nie później niż od dnia 3 kwietnia 2002 roku do dnia 12 grudnia 2002 roku, we <xAnon>W.</xAnon>, w wykonaniu z góry powziętego zamiaru, działając w krótkich odstępach czasu, pełniąc funkcję Prezesa Zarządu oraz będąc jednoosobowym udziałowcem Spółki, a następnie pełniąc funkcję Likwidatora Spółki i będąc zobowiązanym do zajmowania się sprawami majątkowymi spółki, wykorzystując działalność gospodarczą prowadzoną w ramach <xAnon>firmy (...) Sp. z o.o.</xAnon>, <xAnon>W.</xAnon>, <xAnon>ul. (...)</xAnon>, a od dnia 12 kwietnia 2002 roku <xAnon>(...) Sp. z o.o.</xAnon> w likwidacji, działając w celu osiągnięcia korzyści majątkowej, poprzez nadużycie uprawnień, usunął zagrożone zajęciem na poczet zaspokojenia roszczeń wierzycieli spółki w obliczu grożącej <xAnon>Sp. z o.o. (...)</xAnon> upadłości, składniki majątku spółki w postaci wyposażenia o wartości 153 932, 33 zł, oraz pozostających na stanie magazynowym i stanowiących własność spółki preparatów kosmetycznych o wartości nie niższej niż 3 500 000 zł poprzez ich pozorną sprzedaż w dniu 3 kwietnia 2002 roku na rzecz <xAnon>firmy (...)</xAnon> z siedzibą w <xAnon>P.</xAnon> za kwotę 500 000 zł, wyrządzając tym samym szkodę w majątku <xAnon>spółki (...)</xAnon> w wielkich rozmiarach tj. o czyn z <xLexLink xArt="art. 300;art. 300 § 1;art. 300 § 3" xIsapId="WDU19970880553" xTitle="Ustawa z dnia 6 czerwca 1997 r. - Kodeks karny" xAddress="Dz. U. z 1997 r. Nr 88, poz. 553">art. 300 § 1 i § 3 kk</xLexLink>. w zw. z <xLexLink xArt="art. 296;art. 296 § 1;art. 296 § 2;art. 296 § 3" xIsapId="WDU19970880553" xTitle="Ustawa z dnia 6 czerwca 1997 r. - Kodeks karny" xAddress="Dz. U. z 1997 r. Nr 88, poz. 553">art. 296 § 1, § 2 i § 3 kk</xLexLink>. w zw. z <xLexLink xArt="art. 11;art. 11 § 2" xIsapId="WDU19970880553" xTitle="Ustawa z dnia 6 czerwca 1997 r. - Kodeks karny" xAddress="Dz. U. z 1997 r. Nr 88, poz. 553">art. 11 § 2 kk</xLexLink>. w zw. z <xLexLink xArt="art. 12" xIsapId="WDU19970880553" xTitle="Ustawa z dnia 6 czerwca 1997 r. - Kodeks karny" xAddress="Dz. U. z 1997 r. Nr 88, poz. 553">art. 12 kk</xLexLink>.</xText>
              </xUnit>
              <xUnit xIsTitle="false" xType="none">
                <xName xSffx="."> XXXIX</xName>
                <xText> w okresie od 7 maja 1999 roku do 20 lutego 2000 roku we <xAnon>W.</xAnon>, woj. <xAnon>(...)</xAnon>, działając wspólnie i w porozumieniu z <xAnon>E. W. (1)</xAnon>, <xAnon>K. B.</xAnon>, innymi ustalonymi osobami, co do których prowadzone jest odrębne postępowanie karne, brał udział w zorganizowanej grupie mającej na celu popełnianie przestępstw przeciwko mieniu i dokumentom oraz przestępstw skarbowych, tj. o czyn z <xLexLink xArt="art. 258;art. 258 § 1" xIsapId="WDU19970880553" xTitle="Ustawa z dnia 6 czerwca 1997 r. - Kodeks karny" xAddress="Dz. U. z 1997 r. Nr 88, poz. 553">art. 258 § 1 kk</xLexLink>.</xText>
              </xUnit>
            </xEnumElem>
          </xEnum>
          
          <xText><xBx><xAnon>H. M. (1)</xAnon></xBx> został oskarżony o to, że :</xText>
          <xEnum>
            <xBullet> X</xBullet>
            <xEnumElem>
              <xUnit xIsTitle="false" xType="none">
                <xName xSffx="."> XL</xName>
                <xText> W okresie od 13 marca 2002 roku do dnia 30 stycznia 2003 roku we <xAnon>W.</xAnon> oraz <xAnon>P.</xAnon>, woj. <xAnon>(...)</xAnon>, w wykonaniu z góry powziętego zamiaru działając w krótkich odstępach czasu, wspólnie i w porozumieniu ze <xAnon>Z. G.</xAnon> oraz <xAnon>G. A.</xAnon> i <xAnon>J. T.</xAnon> wykorzystując działalność gospodarczą prowadzoną w ramach <xAnon>firmy (...)</xAnon>, <xAnon>P.</xAnon>, <xAnon>ul. (...)</xAnon>, będąc uprawnionym do przyjmowania i wystawiania faktur VAT dotyczących sprzedaży i nabycia towarów i usług, działając w celu osiągnięcia korzyści majątkowej, podjął czynności związane z udaremnieniem bądź znacznym utrudnieniem stwierdzenia przestępnego pochodzenia pieniędzy, co stanowiło usługę w zatajeniu przestępnego pochodzenia pieniędzy, w ten sposób, że:</xText>
                <xEnum>
                  <xBullet> -</xBullet>
                  <xEnumElem>
                    <xText> w dniu 13 marca 2002 roku zgłosił do ewidencji działalności gospodarczej rozpoczęcie działalności w ramach <xAnon>Przedsiębiorstwa (...)</xAnon> z siedzibą w <xAnon>P.</xAnon><xAnon>ul. (...)</xAnon>,</xText>
                  </xEnumElem>
                  <xEnumElem>
                    <xText> w dniu 18 marca 2002 roku w <xAnon>Banku (...) Oddział</xAnon> we <xAnon>W.</xAnon> założył rachunek dla w/w firmy o nr <xAnon>(...)</xAnon>- <xAnon>(...)</xAnon>-136- <xAnon>(...)</xAnon>, ustanawiając równocześnie <xAnon>Z. G.</xAnon> pełnomocnikiem do reprezentowania <xAnon>firmy (...)</xAnon> w tym również dysponowania środkami na koncie,</xText>
                  </xEnumElem>
                  <xEnumElem>
                    <xText> nie posiadając środków finansowych z legalnej działalności gospodarczej lub świadczonej pracy w wysokości pozwalającej na zakup towarów od <xAnon>firmy (...) Sp. z o.o.</xAnon> z siedzibą we <xAnon>W.</xAnon>, <xAnon>ul. (...)</xAnon>, przyjął od tejże Spółki na podstawie <xAnon>faktury nr (...)</xAnon> z dnia 2 kwietnia 2002 roku towar w postaci różnych preparatów kosmetycznych o faktycznej wartości 3 500 000 zł,</xText>
                  </xEnumElem>
                  <xEnumElem>
                    <xText> na utworzone w <xAnon>Banku (...)</xAnon> konto, tytułem wpłaty własnej w dniu 3 kwietnia 2003 roku wprowadził kwotę 505 500 zł, z czego kwota 500 000 zł pochodziła z pożyczki udzielonej przez <xAnon>G. A.</xAnon>, nieposiadającego udokumentowania legalnego źródła pochodzenia tych pieniędzy,</xText>
                  </xEnumElem>
                  <xEnumElem>
                    <xText> przekazał z konta <xAnon>firmy (...)</xAnon> z <xAnon>Banku (...) Oddział</xAnon> we <xAnon>W.</xAnon>, nr <xAnon>(...)</xAnon>- <xAnon>(...)</xAnon>-136- <xAnon>(...)</xAnon> na konto <xAnon>firmy (...)</xAnon> w <xAnon>Banku (...) Oddział</xAnon> we <xAnon>W.</xAnon>, nr <xAnon>(...)</xAnon>- <xAnon>(...)</xAnon> w dniu 3 kwietnia 2002 roku kwotę 500 200 zł, za zakup w/w kosmetyków, które to kosmetyki pochodziły z korzyści związanych z popełnieniem czynu zabronionego przez <xAnon>Z. G.</xAnon> Prezesa Zarządu i jedynego udziałowca <xAnon>Spółki (...)</xAnon>,</xText>
                  </xEnumElem>
                  <xEnumElem>
                    <xText> przez co znacznie utrudnił stwierdzenie ich przestępczego pochodzenia, miejsca umieszczenia i możliwości ich wykrycia i zajęcia z tytułu zobowiązań ciążących na <xAnon>Spółce (...)</xAnon> w zakresie nieodprowadzonego należnego podatku VAT oraz podatku dochodowego od osób prawnych oraz nienależnego zwrotu podatku VAT oraz zobowiązań wobec innych wierzycieli tj. o czyn z <xLexLink xArt="art. 299;art. 299 § 5;art. 299 § 6" xIsapId="WDU19970880553" xTitle="Ustawa z dnia 6 czerwca 1997 r. - Kodeks karny" xAddress="Dz. U. z 1997 r. Nr 88, poz. 553">art. 299 § 5 i § 6 kk</xLexLink>. w zw. z <xLexLink xArt="art. 299;art. 299 § 1" xIsapId="WDU19970880553" xTitle="Ustawa z dnia 6 czerwca 1997 r. - Kodeks karny" xAddress="Dz. U. z 1997 r. Nr 88, poz. 553">art. 299 § 1 kk</xLexLink>. w zw. z <xLexLink xArt="art. 12" xIsapId="WDU19970880553" xTitle="Ustawa z dnia 6 czerwca 1997 r. - Kodeks karny" xAddress="Dz. U. z 1997 r. Nr 88, poz. 553">art. 12 kk</xLexLink>.</xText>
                  </xEnumElem>
                </xEnum>
              </xUnit>
            </xEnumElem>
          </xEnum>
          <xEnum>
            <xBullet> X</xBullet>
            <xEnumElem>
              <xUnit xIsTitle="false" xType="none">
                <xName xSffx="."> XLI</xName>
                <xText> w okresie od dnia 18 marca 2002 roku do 21 listopada 2002 roku we <xAnon>W.</xAnon> w woj. <xAnon>(...)</xAnon>, w wykonaniu z góry powziętego zamiaru, w celu osiągnięcia znacznej korzyści majątkowej, wspólnie i w porozumieniu ze <xAnon>Z. G.</xAnon>, wykorzystując działalność gospodarczą prowadzoną w ramach <xAnon>firmy Przedsiębiorstwo (...)</xAnon> z siedzibą w <xAnon>P.</xAnon>, <xAnon>ul. (...)</xAnon>, podjął czynności związane z udaremnieniem bądź znacznym utrudnieniem stwierdzenia przestępnego pochodzenia pieniędzy, w ten sposób, że po uprzednim udzieleniu <xAnon>Z. G.</xAnon> pełnomocnictwa do dysponowania środkami zgromadzonymi na rachunku bankowym w <xAnon>Banku (...) S.A.</xAnon> II Oddział we <xAnon>W.</xAnon> nr <xAnon>(...)</xAnon>- <xAnon>(...)</xAnon>-136- <xAnon>(...)</xAnon> prowadzony dla <xAnon>firmy (...)</xAnon> przyjął w formie wpłat, pieniądze pochodzące ze sprzedaży preparatów kosmetycznych przejętych w drodze przestępstwa od <xAnon>firmy (...) Sp. z o.o.</xAnon> z siedzibą we <xAnon>W.</xAnon>, w łącznej kwocie co najmniej 767 856, 90 zł, a następnie na podstawie czeków gotówkowych lub dyspozycji ustnych składanych przez osoby upoważnione do dysponowania środkami na rachunku wypłacił pieniądze w wysokości co najmniej 602 800 zł tj. o czyn z <xLexLink xArt="art. 299;art. 299 § 5;art. 299 § 6" xIsapId="WDU19970880553" xTitle="Ustawa z dnia 6 czerwca 1997 r. - Kodeks karny" xAddress="Dz. U. z 1997 r. Nr 88, poz. 553">art. 299 § 5 i § 6 kk</xLexLink>. w zw. z <xLexLink xArt="art. 299;art. 299 § 1" xIsapId="WDU19970880553" xTitle="Ustawa z dnia 6 czerwca 1997 r. - Kodeks karny" xAddress="Dz. U. z 1997 r. Nr 88, poz. 553">art. 299 § 1 kk</xLexLink>. w zw. z <xLexLink xArt="art. 12" xIsapId="WDU19970880553" xTitle="Ustawa z dnia 6 czerwca 1997 r. - Kodeks karny" xAddress="Dz. U. z 1997 r. Nr 88, poz. 553">art. 12 kk</xLexLink>.</xText>
              </xUnit>
              <xUnit xIsTitle="false" xType="none">
                <xName xSffx="."> XLII</xName>
                <xText> w okresie od dnia 13 grudnia 2001 roku do 14 lutego 2002 roku we <xAnon>W.</xAnon> w woj. <xAnon>(...)</xAnon>, w wykonaniu z góry powziętego zamiaru, w celu osiągnięcia korzyści majątkowej, wspólnie i w porozumieniu ze <xAnon>Z. G.</xAnon>, nie posiadając wystarczających środków finansowych, zawarł ze <xAnon>Z. G.</xAnon> występującym jako Prezes Zarządu <xAnon>Sp. z o.o. (...)</xAnon> umowy kupna samochodu osobowego, motoroweru oraz przyczepy ciężarowej do samochodu i tak:</xText>
                <xEnum>
                  <xBullet> -</xBullet>
                  <xEnumElem>
                    <xText> w dniu 13 grudnia 2001 roku na podstawie <xAnon>faktury VAT nr (...)</xAnon> nabył samochód osobowy marki <xAnon>A.</xAnon> A 8 <xAnon>nr rej. (...)</xAnon> za kwotę 80 028 zł, przy czym pojazd zarejestrowano w Wydziale Komunikacji Starostwa Powiatowego w <xAnon>O.</xAnon>, filia w <xAnon>J.</xAnon> w dniu 20 grudnia 2001 roku,</xText>
                  </xEnumElem>
                  <xEnumElem>
                    <xText> w dniu 4 stycznia 2002 roku na podstawie <xAnon>faktury VAT nr (...)</xAnon> nabył motorower marki <xAnon>G.</xAnon><xAnon>R.</xAnon> nr ramy <xAnon>(...)</xAnon>, nr silnika <xAnon>(...)</xAnon> za kwotę 4 880 zł, przy czym pojazd zarejestrowano w Wydziale Komunikacji Starostwa Powiatowego w <xAnon>O.</xAnon>, filia w <xAnon>J.</xAnon> w dniu 7 stycznia 2002 roku,</xText>
                  </xEnumElem>
                  <xEnumElem>
                    <xText> w dniu 14 lutego 2002 roku na podstawie <xAnon>faktury VAT nr (...)</xAnon> nabył przyczepę ciężarową typ <xAnon>(...)</xAnon><xAnon>N.</xAnon><xAnon>nr rej. (...)</xAnon> za kwotę 1 037 zł, przy czym pojazd zarejestrowano w Wydziale Komunikacji Starostwa Powiatowego w <xAnon>O.</xAnon>, filia w <xAnon>J.</xAnon> w dniu 25 lutego 2002 roku,</xText>
                  </xEnumElem>
                </xEnum>
              </xUnit>
            </xEnumElem>
          </xEnum>
          <xText> przez co umożliwił <xAnon>Z. G.</xAnon> w obliczu grożącej <xAnon>Sp. z o.o. (...)</xAnon> — <xAnon>B.</xAnon> upadłości usunięcie składników majątku spółki zagrożonych zajęciem na poczet zaspokojenia roszczeń wierzycieli spółki tj. o czyn z <xLexLink xArt="art. 18;art. 18 § 3" xIsapId="WDU19970880553" xTitle="Ustawa z dnia 6 czerwca 1997 r. - Kodeks karny" xAddress="Dz. U. z 1997 r. Nr 88, poz. 553">art. 18 § 3 kk</xLexLink>. w zw. z <xLexLink xArt="art. 300;art. 300 § 1;art. 300 § 3" xIsapId="WDU19970880553" xTitle="Ustawa z dnia 6 czerwca 1997 r. - Kodeks karny" xAddress="Dz. U. z 1997 r. Nr 88, poz. 553">art. 300 § 1 i § 3 kk</xLexLink>. w zw. z <xLexLink xArt="art. 12" xIsapId="WDU19970880553" xTitle="Ustawa z dnia 6 czerwca 1997 r. - Kodeks karny" xAddress="Dz. U. z 1997 r. Nr 88, poz. 553">art. 12 kk</xLexLink>.</xText>
          
          <xText><xBx><xAnon>K. B.</xAnon></xBx> został oskarżony o to, że :</xText>
          <xEnum>
            <xBullet> X</xBullet>
            <xEnumElem>
              <xUnit xIsTitle="false" xType="none">
                <xName xSffx="."> XLIII</xName>
                <xText> w okresie od 11 października 1999 roku do 28 grudnia 2000 roku we <xAnon>W.</xAnon>, woj. <xAnon>(...)</xAnon>, w wykonaniu z góry powziętego zamiaru w ramach zorganizowanej grupy mającej na celu popełnianie przestępstw przeciwko mieniu, według przyjętego i zaakceptowanego podziału ról i zadań przy realizacji poszczególnych przestępczych przedsięwzięć, wspólnie i w porozumieniu z <xAnon>J. G. (1)</xAnon>, <xAnon>Z. G.</xAnon>, innymi ustalonymi osobami, w stosunku do których prowadzone jest odrębne postępowanie karne, działając w krótkich odstępach czasu, wykorzystując działalność gospodarczą prowadzoną w ramach firmy Przedsiębiorstwo Handlowo - Produkcyjno - Usługowe <xAnon>(...)</xAnon>, <xAnon>W.</xAnon>, <xAnon>ul. (...)</xAnon>, oraz <xAnon>(...) Budowlane Sp. z o.o.</xAnon>, <xAnon>W.</xAnon>, <xAnon>(...)</xAnon>, będąc uprawnionym do przyjmowania i wystawiania faktur VAT dotyczących sprzedaży towarów i usług, działając w celu osiągnięcia korzyści majątkowej, poświadczył nieprawdę, co do okoliczności mających istotne znaczenie prawne, potwierdzając wykonanie fikcyjnych usług i fikcyjną sprzedaż towarów na rzecz innych podmiotów oraz fikcyjne zakupienie usług i towarów od innych podmiotów naraził Skarb Państwa na straty z tytułu zwrotu podatku VAT i zaliczenie kwot z wystawionych faktur w koszty działalności innych podmiotów, przez co nieodprowadzony został należny podatek VAT w kwotach co najmniej 522 052, 48 zł i tak:</xText>
              </xUnit>
            </xEnumElem>
          </xEnum>
          <xText> z tytułu podpisania w ramach <xAnon>(...) Budowlane Sp. z o.o.</xAnon> faktur sprzedaży towarów i usług o łącznej wartości netto 1 207 050, 53 zł wartość podatku VAT wyniosła 169 875, 73 zł, w szczególności zaś z tytułu wystawienia faktur sprzedaży:</xText>
          <xEnum>
            <xBullet> -</xBullet>
            <xEnumElem>
              <xText> rzecz <xAnon>firmy (...)</xAnon> w dniu 20.10.1999 roku nr <xAnon>(...)</xAnon> na kwotę 63 000, 00 zł podatek VAT wyniósł 4 410, 00 zł,</xText>
            </xEnumElem>
            <xEnumElem>
              <xText> na rzecz <xAnon>firmy (...) Sp. z o.o.</xAnon> w dniu 10.11.1999 roku nr <xAnon>(...)</xAnon> na kwotę 113 100, 00 zł podatek VAT wyniósł 7 917, 00 zł,</xText>
            </xEnumElem>
            <xEnumElem>
              <xText> na rzecz <xAnon>firmy (...)</xAnon> w dniu 26.11.1999 roku nr <xAnon>(...)</xAnon> na kwotę 3 960, 00 zł podatek VAT wyniósł 277, 20 zł,</xText>
            </xEnumElem>
            <xEnumElem>
              <xText> na rzecz <xAnon>firmy (...)</xAnon> w dniu 29.11.1999 roku nr <xAnon>(...)</xAnon> na kwotę 98 100, 00 zł podatek VAT wyniósł 21 582, 00 zł,</xText>
            </xEnumElem>
            <xEnumElem>
              <xText> na rzecz <xAnon>firmy (...) Sp. z o.o.</xAnon> w dniu 29.02.2000 roku nr <xAnon>(...)</xAnon> na kwotę 80 650, 00 zł podatek VAT wyniósł 17 443, 00 zł,</xText>
            </xEnumElem>
            <xEnumElem>
              <xText> na rzecz firmy<xAnon>(...)</xAnon><xAnon>(...)</xAnon><xAnon>M.</xAnon> A. <xAnon>A.</xAnon> w dniu 18.05.2000 roku nr</xText>
            </xEnumElem>
            <xEnumElem>
              <xText> 4/05/2000 na kwotę 184 705, 20 zł podatek VAT wyniósł 12 929, 36 zł,</xText>
            </xEnumElem>
            <xEnumElem>
              <xText> na rzecz firmy <xAnon>(...)</xAnon><xAnon>(...)</xAnon><xAnon>M.</xAnon> A. <xAnon>A.</xAnon> w dniu 23.05.2000 roku nr</xText>
            </xEnumElem>
            <xEnumElem>
              <xText> 6/05/2000 na kwotę 42 665, 00 zł podatek VAT wyniósł 2 986, 55 zł,</xText>
            </xEnumElem>
            <xEnumElem>
              <xText> na rzecz <xAnon>firmy (...) Sp. z o.o.</xAnon> w dniu 31.05.2000 roku nr <xAnon>(...)</xAnon> na kwotę 145 943, 60 zł podatek VAT wyniósł 15 054, <xAnon>(...)</xAnon> zł,</xText>
            </xEnumElem>
            <xEnumElem>
              <xText> na rzecz firmy <xAnon>(...)</xAnon><xAnon>(...)</xAnon><xAnon>M.</xAnon> A. <xAnon>A.</xAnon> w dniu 05.06.2000 roku nr</xText>
            </xEnumElem>
            <xEnumElem>
              <xText> 2/06/2000 na kwotę 252 316, 92 zł podatek VAT wyniósł 55 509, 72 zł,</xText>
            </xEnumElem>
            <xEnumElem>
              <xText> na rzecz firmy <xAnon>(...)</xAnon><xAnon>(...)</xAnon><xAnon>M.</xAnon> A. <xAnon>A.</xAnon> w dniu 28.06.2000 roku nr</xText>
            </xEnumElem>
            <xEnumElem>
              <xText> 10/06/2000 na kwotę 25 187, 79 zł podatek VAT wyniósł 1 763, 15 zł,</xText>
            </xEnumElem>
            <xEnumElem>
              <xText> na rzecz firmy <xAnon>(...)</xAnon><xAnon>(...)</xAnon><xAnon>M.</xAnon> A. <xAnon>A.</xAnon> w dniu 30.06.2000 roku nr</xText>
            </xEnumElem>
            <xEnumElem>
              <xText> 4/05/2000 podatek VAT wyniósł 12 929, 36 zł ( korekta faktury odnosząca się do zwiększenia stawki VAT),</xText>
            </xEnumElem>
            <xEnumElem>
              <xText> na rzecz firmy <xAnon>(...)</xAnon><xAnon>(...)</xAnon><xAnon>M.</xAnon> A. <xAnon>A.</xAnon> w dniu 31.07.2000 roku nr</xText>
            </xEnumElem>
            <xEnumElem>
              <xText> 10/07/2000 na kwotę 33 270, 84 zł podatek VAT wyniósł 2 328, 96 zł,</xText>
            </xEnumElem>
            <xEnumElem>
              <xText> na rzecz firmy <xAnon>(...)</xAnon><xAnon>(...)</xAnon><xAnon>M.</xAnon> A. <xAnon>A.</xAnon> w dniu 31.08.2000 roku nr</xText>
            </xEnumElem>
            <xEnumElem>
              <xText> 9/08/2000 na kwotę 42 770, 62 zł podatek VAT wyniósł 2 993, 94 zł,</xText>
            </xEnumElem>
            <xEnumElem>
              <xText> na rzecz <xAnon>firmy (...) Sp. z o.o.</xAnon> w dniu 28.12.2000 roku nr <xAnon>(...)</xAnon> na kwotę 121 380, 56 zł podatek VAT wyniósł 11 751, 04 zł,</xText>
            </xEnumElem>
          </xEnum>
          <xText> z tytułu podpisania w ramach <xAnon>(...) Budowlane Sp. z o. o.</xAnon> faktur zakupu towarów i usług o łącznej wartości netto 1 129 680, 59 zł wartość podatku VAT wyniosła 168 508, 76 zł, w szczególności zaś z tytułu przyjęcia faktur nabycia towarów i usług</xText>
          <xEnum>
            <xBullet> -</xBullet>
            <xEnumElem>
              <xText> od firmy <xAnon>(...)</xAnon><xAnon>(...)</xAnon><xAnon>M.</xAnon> A. <xAnon>A.</xAnon> w dniu 11.10.1999 roku nr <xAnon>(...)</xAnon> na kwotę 61 500, 00 zł podatek VAT wyniósł 4 305, 00 zł,</xText>
            </xEnumElem>
            <xEnumElem>
              <xText> od <xAnon>firmy (...) Sp. z o.o.</xAnon> w dniu 15.11.1999 roku nr <xAnon>(...)</xAnon> na kwotę 96 934, 00 zł podatek VAT wyniósł 21 325, 48 zł,</xText>
            </xEnumElem>
            <xEnumElem>
              <xText> od firmy <xAnon>(...)</xAnon><xAnon>(...)</xAnon><xAnon>M.</xAnon> A. <xAnon>A.</xAnon> w dniu 15.11.1999 roku nr <xAnon>(...)</xAnon> na kwotę 115 800, 00 zł podatek VAT wyniósł 8 106, 00 zł,</xText>
            </xEnumElem>
            <xEnumElem>
              <xText> od <xAnon>firmy (...) Sp. z o.o.</xAnon> w dniu 01.12.1999 roku nr <xAnon>(...)</xAnon> na kwotę 13.700,00 zł podatek VAT wyniósł 2.914,00 zł,</xText>
            </xEnumElem>
            <xEnumElem>
              <xText> od <xAnon>firmy (...)</xAnon> w dniu 17.05.2000 roku nr <xAnon>(...)</xAnon> na kwotę 183 370, 50 zł podatek VAT wyniósł 12 835, 94 zł,</xText>
            </xEnumElem>
            <xEnumElem>
              <xText> od <xAnon>firmy (...) Sp. z o.o.</xAnon> w dniu 23.05.2000 roku nr <xAnon>(...)</xAnon> na kwotę 42 310, 68 zł podatek VAT wyniósł 2 961, 75 zł,</xText>
            </xEnumElem>
            <xEnumElem>
              <xText> od <xAnon>firmy (...) Sp. z o.o.</xAnon> w dniu 31.05.2000 roku nr <xAnon>(...)</xAnon> na kwotę 144 595, 44 zł podatek VAT wyniósł 14 829, 13 zł,</xText>
            </xEnumElem>
            <xEnumElem>
              <xText> od <xAnon>firmy (...)</xAnon> w dniu 31.05.2000 roku nr <xAnon>(...)</xAnon> na kwotę 250 414, 56 zł podatek VAT wyniósł 17 529, 02 zł,</xText>
            </xEnumElem>
            <xEnumElem>
              <xText> od <xAnon>firmy (...) Sp. z o.o.</xAnon> w dniu 28.06.2000 roku nr <xAnon>(...)</xAnon> na kwotę 25 187, 79 zł podatek VAT wyniósł 1 763, 15 zł,</xText>
            </xEnumElem>
            <xEnumElem>
              <xText> od <xAnon>firmy (...)</xAnon> w dniu 30.06.2000 roku nr <xAnon>(...)</xAnon></xText>
            </xEnumElem>
            <xEnumElem>
              <xText> podatek VAT wyniósł 27 505, 57 zł (korekta - zwiększenie stawki VAT),</xText>
            </xEnumElem>
            <xEnumElem>
              <xText> od <xAnon>firmy (...)</xAnon> w dniu 30.06.2000 roku nr <xAnon>(...)</xAnon></xText>
            </xEnumElem>
            <xEnumElem>
              <xText> podatek VAT wyniósł 37 562, 19 zł ( korekta - zwiększenie stawki VAT),</xText>
            </xEnumElem>
            <xEnumElem>
              <xText> od <xAnon>firmy (...) Sp. z o.o.</xAnon> w dniu 31.07.2000 roku nr <xAnon>(...)</xAnon> na kwotę</xText>
            </xEnumElem>
            <xEnumElem>
              <xText> 33 020, 46 zł podatek VAT wyniósł 2 311, 43 zł,</xText>
            </xEnumElem>
            <xEnumElem>
              <xText> od <xAnon>firmy (...) Sp. z o.o.</xAnon> w dniu 31.08.2000 roku nr <xAnon>(...)</xAnon> na kwotę 42 424, <xAnon>(...)</xAnon> zł podatek VAT wyniósł 2 969, 70 zł,</xText>
            </xEnumElem>
            <xEnumElem>
              <xText> od <xAnon>firmy (...) Sp. z o.o.</xAnon> w dniu 28.12.2000 roku nr <xAnon>(...)</xAnon> na kwotę 120 422, 84 zł podatek VAT wyniósł 11 590, 40 zł,</xText>
            </xEnumElem>
          </xEnum>
          <xText> z tytułu podpisania w ramach <xAnon>PPHU (...)</xAnon> faktur sprzedaży towarów i usług o łącznej wartości netto 240 117, 66 zł wartość podatku VAT wyniosła 47 719, 23 zł, w szczególności zaś z tytułu wystawienia faktur sprzedaży:</xText>
          <xEnum>
            <xBullet> -</xBullet>
            <xEnumElem>
              <xText> na rzecz <xAnon>firmy (...) - Hurt Sp. z o.o.</xAnon> w dniu 10.11.1999 roku nr 2/<xAnon>(...)</xAnon> na kwotę 18 000, 00 zł podatek VAT wyniósł 3 960, 00 zł, na rzecz <xAnon>firmy (...) - Hurt Sp. z o.o.</xAnon> w dniu 15.11.1999 roku nr 3/<xAnon>(...)</xAnon> na kwotę 4 000, 00 zł podatek VAT wyniósł 880, 00 zł,</xText>
            </xEnumElem>
            <xEnumElem>
              <xText> na rzecz <xAnon>firmy (...)</xAnon> w dniu 25.11.1999 roku nr 4/<xAnon>(...)</xAnon> na kwotę 4 663, 85 zł podatek VAT wyniósł 1 026, 05 zł, na rzecz <xAnon>firmy (...) S.C.</xAnon> w dniu 3.12.1999 roku nr 1/<xAnon>(...)</xAnon> na kwotę 46 820, 00 zł podatek VAT wyniósł 10 300, 40 zł,</xText>
            </xEnumElem>
            <xEnumElem>
              <xText> na rzecz <xAnon>firmy (...) S.C.</xAnon> w dniu 7.12.1999 roku nr 2/<xAnon>(...)</xAnon> na kwotę 31 212, 79 zł podatek VAT wyniósł 6 866, 81 zł,</xText>
            </xEnumElem>
            <xEnumElem>
              <xText> na rzecz <xAnon>firmy (...) - Hurt Sp. z o.o.</xAnon> w dniu 10.12.1999 roku nr 3/<xAnon>(...)</xAnon> na kwotę 27 600, 00 zł podatek VAT wyniósł 6 072, 00 zł,</xText>
            </xEnumElem>
            <xEnumElem>
              <xText> na rzecz <xAnon>firmy (...)</xAnon> w dniu 17.12.1999 roku nr 4/<xAnon>(...)</xAnon> na kwotę 6 050, 00 zł podatek VAT wyniósł 1 331, 00 zł,</xText>
            </xEnumElem>
            <xEnumElem>
              <xText> na rzecz <xAnon>firmy (...)</xAnon> - <xAnon>S.</xAnon> w dniu 22.12.1999 roku nr 5/<xAnon>(...)</xAnon> na kwotę 9 020, 00 zł podatek VAT wyniósł 1 984, 40 zł,</xText>
            </xEnumElem>
            <xEnumElem>
              <xText> na rzecz <xAnon>firmy (...) - Hurt Sp. z o.o.</xAnon> w dniu 27.12.1999 roku nr 7/<xAnon>(...)</xAnon> na kwotę 21 600, 00 zł podatek VAT wyniósł 4 752, 00 zł,</xText>
            </xEnumElem>
            <xEnumElem>
              <xText> na rzecz <xAnon>firmy (...)</xAnon> w dniu 27.12.1999 roku nr 8/<xAnon>(...)</xAnon> na kwotę 7 200, 00 zł podatek VAT wyniósł 1 584, 00 zł,</xText>
            </xEnumElem>
            <xEnumElem>
              <xText> na rzecz <xAnon>PPHU (...) S.C.</xAnon> w dniu 4.04.2000 roku nr <xAnon>(...)</xAnon> na kwotę 30 000 zł podatek VAT wyniósł 6 600 zł, na rzecz firmy<xAnon>(...)</xAnon>Sp. z o.o. w dniu 31.07.2000 roku nr <xAnon>(...)</xAnon> na kwotę 33 751, 02 zł podatek VAT wyniósł 2 362, 57 zł,</xText>
            </xEnumElem>
          </xEnum>
          <xText> z tytułu podpisania w ramach <xAnon>PPHU (...)</xAnon> faktur zakupu towarów i usług o łącznej wartości netto 689 431, 61 zł wartość podatku VAT wyniosła 136 948, 76 zł, w szczególności zaś z tytułu przyjęcia faktur nabycia towarów i usług:</xText>
          <xEnum>
            <xBullet> -</xBullet>
            <xEnumElem>
              <xText> od <xAnon>firmy (...)</xAnon><xAnon/> Sp. z o.o. w dniu 5.11.1999 roku nr <xAnon>(...)</xAnon> na kwotę 21 200, 00 zł podatek VAT wyniósł 4 664, 00 zł,</xText>
            </xEnumElem>
            <xEnumElem>
              <xText> od firmy <xAnon>(...)</xAnon><xAnon>(...)</xAnon><xAnon>M.</xAnon> A. <xAnon>A.</xAnon> w dniu 22.11.1999 roku nr <xAnon>(...)</xAnon> na kwotę 4 000, 00 zł podatek VAT wyniósł 880, 00 zł,</xText>
            </xEnumElem>
            <xEnumElem>
              <xText> od <xAnon>firmy (...) Sp. z o.o.</xAnon> w dniu 1.12.1999 roku nr <xAnon>(...)</xAnon> na kwotę 27 470, 00 zł podatek VAT wyniósł 6 043, 40 zł,</xText>
            </xEnumElem>
            <xEnumElem>
              <xText> od firmy <xAnon>(...)</xAnon><xAnon>(...)</xAnon><xAnon>M.</xAnon> A. <xAnon>A.</xAnon> w dniu 9.12.1999 roku nr <xAnon>(...)</xAnon> na kwotę 6 500, 00 zł podatek VAT wyniósł 1 430, 00 zł,</xText>
            </xEnumElem>
            <xEnumElem>
              <xText> od <xAnon>firmy (...) Sp. z o.o.</xAnon> w dniu 17.12.1999 roku nr <xAnon>(...)</xAnon> na kwotę 41 840, 00 zł podatek VAT wyniósł 9 204, 80 zł,</xText>
            </xEnumElem>
            <xEnumElem>
              <xText> od firmy eM <xAnon>(...)</xAnon><xAnon>M.</xAnon> A. <xAnon>A.</xAnon> w dniu 22.12.1999 roku nr <xAnon>(...)</xAnon> na kwotę 6 270, 00 zł podatek VAT wyniósł 1 379, 40 zł,</xText>
            </xEnumElem>
            <xEnumElem>
              <xText> od <xAnon>firmy (...) Sp. z o.o.</xAnon> w dniu 23.12.1999 roku nr <xAnon>(...)</xAnon> na kwotę 21 480, 00 zł podatek VAT wyniósł 4 725, 60 zł,</xText>
            </xEnumElem>
            <xEnumElem>
              <xText> od firmy <xAnon>(...)</xAnon><xAnon>(...)</xAnon><xAnon>M.</xAnon> A. <xAnon>A.</xAnon> w dniu 23.12.1999 roku nr <xAnon>(...)</xAnon> na kwotę 43 000, 00 zł podatek VAT wyniósł 9 460, 00 zł,</xText>
            </xEnumElem>
            <xEnumElem>
              <xText> od <xAnon>firmy (...) Sp. z o.o.</xAnon> w dniu 28.12.1999 roku nr <xAnon>(...)</xAnon> na kwotę 12 700, 00 zł podatek VAT wyniósł 2 794, 00 zł,</xText>
            </xEnumElem>
            <xEnumElem>
              <xText> od firmy<xAnon>(...)</xAnon><xAnon>(...)</xAnon><xAnon>M.</xAnon> A. <xAnon>A.</xAnon> w dniu 29.12.1999 roku nr <xAnon>(...)</xAnon> na kwotę 30 000, 00 zł podatek VAT wyniósł 6 600, 00 zł,</xText>
            </xEnumElem>
            <xEnumElem>
              <xText> od firmy <xAnon>(...)</xAnon><xAnon>(...)</xAnon><xAnon>M.</xAnon> A. <xAnon>A.</xAnon> w dniu 31.01.2000 roku nr <xAnon>(...)</xAnon> na kwotę 1 500, 00 zł podatek VAT wyniósł 330, 00 zł,</xText>
            </xEnumElem>
            <xEnumElem>
              <xText> od firmy <xAnon>(...)</xAnon> Sp. z o.o. w dniu 14.04.2000 roku nr <xAnon>(...)</xAnon> na kwotę 24 500, 00 zł podatek VAT wyniósł 5 390, 00 zł,</xText>
            </xEnumElem>
            <xEnumElem>
              <xText> od firmy <xAnon>(...)</xAnon><xAnon>(...)</xAnon><xAnon>M.</xAnon> A. <xAnon>A.</xAnon> w dniu 28.04.2000 roku nr <xAnon>(...)</xAnon> na kwotę 11 000, 00 zł podatek VAT wyniósł 2 420, 00 zł,</xText>
            </xEnumElem>
            <xEnumElem>
              <xText> od firmy <xAnon>(...)</xAnon><xAnon>(...)</xAnon><xAnon>M.</xAnon> A. <xAnon>A.</xAnon> w dniu 19.05.2000 roku nr <xAnon>(...)</xAnon> na kwotę 93 071, 94 zł podatek VAT wyniósł 6 515, 04 zł, skorygowana <xAnon>fakturą nr (...)</xAnon> w zakresie podatku VAT o kwotę 13 960, 80 zł,</xText>
            </xEnumElem>
            <xEnumElem>
              <xText> od firmy <xAnon>(...)</xAnon><xAnon>(...)</xAnon><xAnon>M.</xAnon> A. <xAnon>A.</xAnon> w dniu 19.05.2000 roku nr <xAnon>(...)</xAnon> na kwotę 92 987, 58 zł podatek VAT wyniósł 6 509, 13 zł, skorygowana <xAnon>fakturą nr (...)</xAnon> w zakresie podatku VAT o kwotę 13 948, 13 zł,</xText>
            </xEnumElem>
            <xEnumElem>
              <xText> od firmy <xAnon>(...)</xAnon><xAnon>(...)</xAnon><xAnon>M.</xAnon> A. <xAnon>A.</xAnon> w dniu 24.05.2000 roku nr <xAnon>(...)</xAnon> na kwotę 42 995, 72 zł podatek VAT wyniósł 3 009, 70 zł,</xText>
            </xEnumElem>
            <xEnumElem>
              <xText> od firmy <xAnon>(...)</xAnon><xAnon>(...)</xAnon><xAnon>M.</xAnon> A. <xAnon>A.</xAnon> w dniu 05.06.2000 roku nr <xAnon>(...)</xAnon> na kwotę 101 592, 00 zł podatek VAT wyniósł 22 350, 24 zł,</xText>
            </xEnumElem>
            <xEnumElem>
              <xText> od firmy <xAnon>(...)</xAnon><xAnon>(...)</xAnon><xAnon>M.</xAnon> A. <xAnon>A.</xAnon> w dniu 05.06.2000 roku nr <xAnon>(...)</xAnon> na kwotę 103 944, 00 zł podatek VAT wyniósł 22 867, 68 zł,</xText>
            </xEnumElem>
            <xEnumElem>
              <xText> od firmy <xAnon>(...)</xAnon><xAnon>(...)</xAnon><xAnon>M.</xAnon> A. <xAnon>A.</xAnon> w dniu 05.06.2000 roku nr <xAnon>(...)</xAnon> na kwotę 28 132, 08 zł podatek VAT wyniósł 6 189, 06 zł,</xText>
            </xEnumElem>
            <xEnumElem>
              <xText> od firmy <xAnon>(...)</xAnon><xAnon>(...)</xAnon><xAnon>M.</xAnon> A. <xAnon>A.</xAnon> w dniu 05.06.2000 roku nr <xAnon>(...)</xAnon> na kwotę 20 541, 60 zł podatek VAT wyniósł 4 519, 15 zł,</xText>
            </xEnumElem>
            <xEnumElem>
              <xText> od firmy <xAnon>(...)</xAnon><xAnon>(...)</xAnon><xAnon>M.</xAnon> A. <xAnon>A.</xAnon> w dniu 28.06.2000 roku nr <xAnon>(...)</xAnon> na kwotę 25 187, 79 zł podatek VAT wyniósł 1 763, 15 zł,</xText>
            </xEnumElem>
            <xEnumElem>
              <xText> od firmy <xAnon>(...)</xAnon><xAnon>(...)</xAnon><xAnon>M.</xAnon> A. <xAnon>A.</xAnon> w dniu 31.07.2000 roku nr <xAnon>(...)</xAnon> na kwotę 33 510, 30 zł podatek VAT wyniósł 2 345, 72 zł tj. o czyn z <xLexLink xArt="art. 271;art. 271 § 3" xIsapId="WDU19970880553" xTitle="Ustawa z dnia 6 czerwca 1997 r. - Kodeks karny" xAddress="Dz. U. z 1997 r. Nr 88, poz. 553">art. 271 § 3 kk</xLexLink>. i <xLexLink xArt="art. 286;art. 286 § 1" xIsapId="WDU19970880553" xTitle="Ustawa z dnia 6 czerwca 1997 r. - Kodeks karny" xAddress="Dz. U. z 1997 r. Nr 88, poz. 553">art. 286 § 1 kk</xLexLink>. w zw. z <xLexLink xArt="art. 294;art. 294 § 1" xIsapId="WDU19970880553" xTitle="Ustawa z dnia 6 czerwca 1997 r. - Kodeks karny" xAddress="Dz. U. z 1997 r. Nr 88, poz. 553">art. 294 § 1 kk</xLexLink>. w zw. z <xLexLink xArt="art. 11;art. 11 § 2" xIsapId="WDU19970880553" xTitle="Ustawa z dnia 6 czerwca 1997 r. - Kodeks karny" xAddress="Dz. U. z 1997 r. Nr 88, poz. 553">art. 11 § 2 kk</xLexLink>. w zw. z <xLexLink xArt="art. 12" xIsapId="WDU19970880553" xTitle="Ustawa z dnia 6 czerwca 1997 r. - Kodeks karny" xAddress="Dz. U. z 1997 r. Nr 88, poz. 553">art. 12 kk</xLexLink>. w zw. z <xLexLink xArt="art. 65" xIsapId="WDU19970880553" xTitle="Ustawa z dnia 6 czerwca 1997 r. - Kodeks karny" xAddress="Dz. U. z 1997 r. Nr 88, poz. 553">art. 65 kk</xLexLink>.</xText>
            </xEnumElem>
          </xEnum>
          <xEnum>
            <xBullet> X</xBullet>
            <xEnumElem>
              <xUnit xIsTitle="false" xType="none">
                <xName xSffx="."> XLIV</xName>
                <xText> w okresie od dnia 1 stycznia 1999 roku do dnia 30 grudnia 2000 roku, we <xAnon>W.</xAnon>, woj. <xAnon>(...)</xAnon>, w krótkich odstępach czasu ze z góry powziętym zamiarem, działając jako Prezes jednoosobowego <xAnon>Zarządu (...) Budowlane Sp. z o.o.</xAnon>, <xAnon>W.</xAnon>, <xAnon>ul. (...)</xAnon>, będąc uprawnionym do przyjmowania i wystawiania faktur VAT dotyczących sprzedaży towarów i usług, działając w celu osiągnięcia korzyści majątkowej, poprzez:</xText>
                <xEnum>
                  <xBullet> -</xBullet>
                  <xEnumElem>
                    <xText> zawyżenie kosztów uzyskania przychodu poprzez potwierdzanie fikcyjnego zakupu towarów od innych podmiotów w roku 1999 o wartości 274 234, 00 zł a w roku 2000 o wartości 841 746, 59 zł,</xText>
                  </xEnumElem>
                  <xEnumElem>
                    <xText> zawyżenie przychodu do opodatkowania poprzez potwierdzanie fikcyjnej sprzedaży towarów na rzecz innych podmiotów w roku 1999 o wartości 278 160, 00 zł a w roku 2000 o wartości 848 240, 53 zł,</xText>
                  </xEnumElem>
                  <xEnumElem>
                    <xText> zawyżenie kosztów uzyskania przychodu w 1999 roku w wysokości 1 144, 00 zł stanowiącej sumę poniesionych opłat sądowych i skarbowych,</xText>
                  </xEnumElem>
                  <xEnumElem>
                    <xText> zawyżenie kosztów uzyskania przychodu z tytułu nieprawidłowej realizacji umowy o współpracy z <xAnon>M. A.</xAnon> z dnia 06.10.1999 roku - o kwotę 4 000, 00 zł w roku 1999 oraz kwotę 8 000, 00 zł w roku 2000,</xText>
                  </xEnumElem>
                  <xEnumElem>
                    <xText> zawyżenie kosztów uzyskania przychodu poprzez zaliczenie do poniesionych w latach 1999 - 2000 kosztów kwoty 13 700, 00 zł oraz 47 800, 00 zł z tytułu niezrealizowanych usług na rzecz <xAnon>(...) Sp. z o.o.</xAnon>,</xText>
                  </xEnumElem>
                  <xEnumElem>
                    <xText> zawyżenie przychodu do opodatkowania poprzez potwierdzanie fikcyjnej sprzedaży usług na rzecz innych podmiotów w roku 2000 o wartości 80 650, 00 zł,</xText>
                  </xEnumElem>
                  <xEnumElem>
                    <xText> zaniżenie przychodu do opodatkowania o kwotę 771 394, 84 zł z tytułu otrzymanych środków pieniężnych,</xText>
                  </xEnumElem>
                  <xEnumElem>
                    <xText> zaniżenie przychodu do opodatkowania z tytułu otrzymanych towarów o kwotę 60 000, 00 zł,</xText>
                  </xEnumElem>
                  <xEnumElem>
                    <xText> zawyżenie kosztów uzyskania przychodu z tytułu wynajmu i obsługi magazynu 0 kwotę 73 000, 00 zł,</xText>
                  </xEnumElem>
                  <xEnumElem>
                    <xText> zawyżenie kosztów uzyskania przychodu z tytułu nabycia w roku 2000 towarów na sumę 7 600, 00 zł,</xText>
                  </xEnumElem>
                  <xEnumElem>
                    <xText> zawyżenie kosztów uzyskania przychodu z tytułu spłaty rat leasingowych w roku 2000 na sumę 8 908, 50 zł za komputer niewykorzystywany w działalności gospodarczej,</xText>
                  </xEnumElem>
                  <xEnumElem>
                    <xText> zawyżenie kosztów uzyskania przychodu w roku 2000 z tytułu spłaty odsetek od zobowiązań budżetowych w kwocie 3 235, 11 zł,</xText>
                  </xEnumElem>
                  <xEnumElem>
                    <xText> zawyżenie w roku 2000 dochodu wolnego od opodatkowania podatkiem dochodowym od osób prawnych o kwotę 418 634,35, przekazanego rzekomo na rzecz <xAnon>Stowarzyszenia (...)</xAnon> z przeznaczeniem na cele statutowe Stowarzyszenia,</xText>
                  </xEnumElem>
                </xEnum>
              </xUnit>
            </xEnumElem>
          </xEnum>
          <xText> a następnie poprzez wprowadzanie opisanych sum do zeznań podatkowych za lata 1999 i 2000 złożonych w dniach 30.09.2000 roku i 3.10.2001 roku w imieniu <xAnon>Sp. z o.o. (...) Budowlane</xAnon> w Urzędzie Skarbowym <xAnon>(...)</xAnon>i wykazanie z tego tytułu podstawy opodatkowania zaniżonej w stosunku do rzeczywistego stanu rzeczy w wysokościach:</xText>
          <xEnum>
            <xBullet> -</xBullet>
            <xEnumElem>
              <xText> 14 918, 00 zł za rok 1999,</xText>
            </xEnumElem>
            <xEnumElem>
              <xText> 1 311 428, 86 zł za rok 2000,</xText>
            </xEnumElem>
          </xEnum>
          <xText> przywłaszczył przez nie odprowadzenie kwotę 398 362, 00 zł stanowiącą mienie znacznej wartości, należną Skarbowi Państwa z tytułu uzyskania rzeczywistego dochodu nieujawnionego w złożonych zeznaniach podatkowych, tj. o czyn z <xLexLink xArt="art. 284;art. 284 § 1" xIsapId="WDU19970880553" xTitle="Ustawa z dnia 6 czerwca 1997 r. - Kodeks karny" xAddress="Dz. U. z 1997 r. Nr 88, poz. 553">art. 284 § 1 kk</xLexLink>. w zw. z <xLexLink xArt="art. 294;art. 294 § 1" xIsapId="WDU19970880553" xTitle="Ustawa z dnia 6 czerwca 1997 r. - Kodeks karny" xAddress="Dz. U. z 1997 r. Nr 88, poz. 553">art. 294 § 1 kk</xLexLink>. w zw. z <xLexLink xArt="art. 12" xIsapId="WDU19970880553" xTitle="Ustawa z dnia 6 czerwca 1997 r. - Kodeks karny" xAddress="Dz. U. z 1997 r. Nr 88, poz. 553">art. 12 kk</xLexLink>.</xText>
          <xEnum>
            <xBullet> X</xBullet>
            <xEnumElem>
              <xUnit xIsTitle="false" xType="none">
                <xName xSffx="."> XLV</xName>
                <xText> W okresie od 1 stycznia 2000 roku do dnia 31 grudnia 2000 roku we <xAnon>W.</xAnon>, woj. <xAnon>(...)</xAnon>, wbrew ciążącemu na Prezesie jednoosobowego Zarządu Spółki z <xAnon>ograniczoną odpowiedzialnością (...) Budowlane</xAnon> obowiązkowi, w sposób nierzetelny prowadził księgi rachunkowe w/wym. Spółki</xText>
              </xUnit>
            </xEnumElem>
          </xEnum>
          <xText> tj. o czyn z <xLexLink xArt="art. 61;art. 61 § 1" xIsapId="WDU19990830930" xTitle="Ustawa z dnia 10 września 1999 r. - Kodeks karny skarbowy" xAddress="Dz. U. z 1999 r. Nr 83, poz. 930">art. 61 § 1 kks</xLexLink></xText>
          <xEnum>
            <xBullet> X</xBullet>
            <xEnumElem>
              <xUnit xIsTitle="false" xType="none">
                <xName xSffx="."> XLVI</xName>
                <xText> w okresie od 11 października 1999 roku do 28 grudnia 2000 roku we <xAnon>W.</xAnon>, woj. <xAnon>(...)</xAnon>, działając wspólnie i w porozumieniu z <xAnon>J. G. (1)</xAnon>, <xAnon>Z. G.</xAnon>, innymi ustalonymi osobami, co do których prowadzone jest odrębne postępowanie karne, brał udział w zorganizowanej grupie mającej na celu popełnianie przestępstw przeciwko mieniu i dokumentom oraz przestępstw skarbowych tj. o czyn z <xLexLink xArt="art. 258;art. 258 § 1" xIsapId="WDU19970880553" xTitle="Ustawa z dnia 6 czerwca 1997 r. - Kodeks karny" xAddress="Dz. U. z 1997 r. Nr 88, poz. 553">art. 258 § 1 kk</xLexLink>.</xText>
              </xUnit>
            </xEnumElem>
          </xEnum>
          
          <xText><xBx><xAnon>J. T.</xAnon></xBx> została oskarżona o to, że :</xText>
          <xEnum>
            <xBullet> X</xBullet>
            <xEnumElem>
              <xUnit xIsTitle="false" xType="none">
                <xName xSffx="."> XLVII</xName>
                <xText> w okresie od bliżej nieustalonego dnia w pierwszym kwartale 2002 roku do dnia 31 grudnia 2002 roku we <xAnon>W.</xAnon> woj. <xAnon>(...)</xAnon>, w wykonaniu z góry powziętego zamiaru, działając w krótkich odstępach czasu, działając jako Prezes Zarządu <xAnon>Sp. z o.o. (...)</xAnon> z siedzibą we <xAnon>W.</xAnon>, <xAnon>ul. (...)</xAnon>, wspólnie i w porozumieniu z <xAnon>G. A.</xAnon>, <xAnon>Z. G.</xAnon> oraz <xAnon>H. M. (1)</xAnon>, działając w celu osiągnięcia korzyści majątkowej w znacznym rozmiarze, podjęła czynności związane z udaremnieniem i znacznym utrudnieniem stwierdzenia przestępnego pochodzenia pieniędzy, ich wykrycia i zajęcia, polegające na tym, że:</xText>
                <xEnum>
                  <xBullet> -</xBullet>
                  <xEnumElem>
                    <xText> w bliżej nieustalonym dniu w pierwszym kwartale 2002 roku, uzgodniła wraz ze <xAnon>Z. G.</xAnon> oraz <xAnon>G. A.</xAnon> udzielenie pożyczek w kwocie co najmniej 550 000 zł, z przeznaczeniem na prowadzenie działalności gospodarczej <xAnon>(...) Sp. z o.o.</xAnon> z siedzibą we <xAnon>W.</xAnon>, <xAnon>ul. (...)</xAnon>, wiedząc, iż środki te przeznaczone zostaną na zapłatę za preparaty kosmetyczne zamówione przez <xAnon>spółkę (...)</xAnon> — <xAnon>B.</xAnon> u kontrahentów zagranicznych,</xText>
                  </xEnumElem>
                  <xEnumElem>
                    <xText> w dniu 13 kwietnia 2002 roku sporządziła pliki na nośnikach zapisu elektronicznego w jednostce centralnej komputera przejętego bezumownie od <xAnon>Sp. z o.o. (...)</xAnon> na rzecz <xAnon>(...) Sp. z o.o.</xAnon> pliki oznaczone:</xText>
                  </xEnumElem>
                </xEnum>
              </xUnit>
            </xEnumElem>
          </xEnum>
          <xText> 1.g.a.doc. tytuł: <xAnon>G. A.</xAnon> o treści Umowa pożyczki z dnia 02.04.2002 pomiędzy <xAnon>G. A.</xAnon> a <xAnon>H. M. (1)</xAnon> środków finansowych w kwocie 500 000 zł,</xText>
          <xText> 2.g.a.doc. tytuł: <xAnon>G. A.</xAnon> o treści potwierdzenie zwrotu pożyczki z dnia 02.04.2002 pomiędzy <xAnon>G. A.</xAnon> a <xAnon>H. M. (1)</xAnon> środków finansowych w kwocie 500 000 zł,</xText>
          <xText> 3.g.a.doc. tytuł: <xAnon>G. A.</xAnon> o treści potwierdzenie zwrotu pożyczki z dnia 10.04.2002 pomiędzy <xAnon>G. A.</xAnon> a <xAnon>firmą (...)</xAnon> środków finansowych w kwocie 350 000 zł,</xText>
          <xEnum>
            <xBullet> -</xBullet>
            <xEnumElem>
              <xText> w bliżej nieustalonym dniu kwietnia 2002 roku sporządziła na nośnikach zapisu elektronicznego w jednostce centralnej komputera przejętego bezumownie od <xAnon>Sp. z o.o. (...)</xAnon> na rzecz <xAnon>(...) Sp. z o.o.</xAnon> umowę pożyczki pomiędzy <xAnon>G. A.</xAnon> a <xAnon>firmą (...) Sp. z o.o.</xAnon> kwoty 350 000 zł,</xText>
            </xEnumElem>
            <xEnumElem>
              <xText> w dniu 18 lipca 2002 roku sporządziła na nośnikach zapisu elektronicznego w jednostce centralnej komputera przejętego bezumownie od <xAnon>Sp. z o.o. (...)</xAnon> na rzecz <xAnon>(...) Sp. z o.o.</xAnon> pliki oznaczone:</xText>
            </xEnumElem>
          </xEnum>
          <xText> 1.umowę pożyczki. <xAnon>D.</xAnon>, bez tytułu, o treści: umowa pożyczki kwoty 200 000 zł pomiędzy <xAnon>G. A.</xAnon> a <xAnon>Sp. z o.o. (...)</xAnon>, z terminem zwrotu do 30.03.2003 roku</xText>
          <xText> 2.umowa pożyczki. doc. bez tytułu, o treści potwierdzenie zwrotu pożyczki z dnia 18.07.2002 pomiędzy <xAnon>G. A.</xAnon> a <xAnon>firmą (...)</xAnon> środków finansowych w kwocie 200 000 zł,</xText>
          <xText> którymi to dokumentami po nadaniu im formy pisemnej poświadczono dojście do skutku pozornych czynności prawnych w postaci:</xText>
          <xEnum>
            <xBullet> -</xBullet>
            <xEnumElem>
              <xText> udzielenia w dniu 2 kwietnia 2002 roku <xAnon>H. M. (1)</xAnon> prowadzącemu działalność gospodarczą w ramach <xAnon>Przedsiębiorstwa (...)</xAnon> z siedzibą w <xAnon>P.</xAnon><xAnon>ul. (...)</xAnon>, przez <xAnon>G. A.</xAnon> pożyczki w kwocie 500 000 zł w gotówce,</xText>
            </xEnumElem>
            <xEnumElem>
              <xText> udzielenia w dniu 10 kwietnia 2002 roku, <xAnon>J. T.</xAnon> prowadzącej działalność gospodarczą w ramach <xAnon>Sp. z o.o. (...)</xAnon> z siedzibą we <xAnon>W.</xAnon><xAnon>ul. (...)</xAnon> i występującej jako prezes zarządu spółki, przez <xAnon>G. A.</xAnon> pożyczki w kwocie 350 000 zł w gotówce,</xText>
            </xEnumElem>
            <xEnumElem>
              <xText> udzielenia w dniu 18 lipca 2002 roku, <xAnon>J. T.</xAnon> prowadzącej działalność gospodarczą w ramach <xAnon>Sp. z o.o. (...)</xAnon> z siedzibą we <xAnon>W.</xAnon><xAnon>ul. (...)</xAnon> i występującej jako prezes zarządu spółki, przez <xAnon>G. A.</xAnon> pożyczki w kwocie 200 000 zł w gotówce,</xText>
            </xEnumElem>
            <xEnumElem>
              <xText> zwrotu w dniu 10 kwietnia 2002 roku, przez <xAnon>H. G.</xAnon><xAnon>A.</xAnon> pożyczki w kwocie 500 000 zł,</xText>
            </xEnumElem>
            <xEnumElem>
              <xText> zwrotu w dniu 10 kwietnia 2002 roku, przez <xAnon>J. T.</xAnon> występującą w imieniu <xAnon>Sp. z o.o. (...)</xAnon> pożyczki w kwocie 350 000 zł,</xText>
            </xEnumElem>
            <xEnumElem>
              <xText> zwrotu w dniu 18 lipca 2002 roku, przez <xAnon>J. T.</xAnon> występującą w imieniu <xAnon>Sp. z o.o. (...)</xAnon> pożyczki w kwocie 200 000 zł, a następnie w nieustalonym terminie sporządziła aneks do umowy pożyczki zawartej w dniu 10 kwietnia 2002 roku oznaczając do jako sporządzony dnia 02.01.2003 roku zmieniający punkt umowy dotyczący terminu zwrotu pożyczki z dnia 31.12.2002 roku do dnia 31.12.2003 roku, wiedząc, iż środki pieniężne przekazane na rzecz <xAnon>Sp. z o.o. (...)</xAnon> oraz <xAnon>H. M. (1)</xAnon> nie pochodziły od pożyczkodawcy, nigdy nie zostały mu zwrócone, jak również <xAnon>firma (...) Sp. z o.o.</xAnon> oraz <xAnon>H. M. (1)</xAnon> me dysponowali środkami finansowymi pozwalającymi na dokonanie spłat pożyczek w datach ujawnionych na opisanych wyżej dokumentach, przez co znacznie utrudniła stwierdzenie ich przestępczego pochodzenia, miejsca umieszczenia i możliwości ich wykrycia i zajęcia z tytułu zobowiązań ciążących na <xAnon>Spółce (...)</xAnon> w zakresie nieodprowadzonego należnego podatku VAT oraz podatku dochodowego od osób prawnych oraz nienależnego zwrotu podatku VAT oraz zobowiązań wobec innych wierzycieli, tj. o czyn z art. z <xLexLink xArt="art. 299;art. 299 § 5;art. 299 § 6" xIsapId="WDU19970880553" xTitle="Ustawa z dnia 6 czerwca 1997 r. - Kodeks karny" xAddress="Dz. U. z 1997 r. Nr 88, poz. 553">art. 299 § 5 i § 6 kk</xLexLink>. w zw. z <xLexLink xArt="art. 299;art. 299 § 1" xIsapId="WDU19970880553" xTitle="Ustawa z dnia 6 czerwca 1997 r. - Kodeks karny" xAddress="Dz. U. z 1997 r. Nr 88, poz. 553">art. 299 § 1 kk</xLexLink>. w zw. z <xLexLink xArt="art. 12" xIsapId="WDU19970880553" xTitle="Ustawa z dnia 6 czerwca 1997 r. - Kodeks karny" xAddress="Dz. U. z 1997 r. Nr 88, poz. 553">art. 12 kk</xLexLink>.</xText>
            </xEnumElem>
          </xEnum>
          
          <xText>
            <xBx><xAnon>J. J. (1)</xAnon> został oskarżony o to, że:</xBx>
          </xText>
          <xEnum>
            <xBullet> X</xBullet>
            <xEnumElem>
              <xUnit xIsTitle="false" xType="none">
                <xName xSffx="."> XLVIII</xName>
                <xText>
                  <xBx> W okresie od 16 maja 1999 roku do 26 sierpnia 2000 roku we <xAnon>W.</xAnon>, woj. <xAnon>(...)</xAnon>, w wykonaniu z góry powziętego zamiaru, w ramach zorganizowanej grupy mającej na celu popełnianie przestępstw przeciwko mieniu, według przyjętego i zaakceptowanego podziału ról i zadań przy realizacji poszczególnych przestępczych przedsięwzięć, wspólnie i w porozumieniu z <xAnon>L. S.</xAnon>, <xAnon>Z. D.</xAnon>, w stosunku do której postępowanie umorzono z uwagi na jej śmierć, innymi ustalonymi osobami, w stosunku do których prowadzone są odrębne postępowania karne, działając w krótkich odstępach czasu, wykorzystując działalność gospodarczą prowadzoną w ramach <xAnon>firmy (...)</xAnon><xAnon>J. J. (1)</xAnon> z siedzibą w <xAnon>Ł.</xAnon>, <xAnon>ul. (...)</xAnon> oraz w ramach <xAnon>firmy (...)</xAnon><xAnon>J. J. (1)</xAnon>, <xAnon>J. J. (2)</xAnon> z siedzibą w <xAnon>Ł.</xAnon>, <xAnon>ul. (...)</xAnon>, będąc uprawnionym do przyjmowania i wystawiania faktur VAT dotyczących sprzedaży towarów i usług, działając w celu osiągnięcia korzyści majątkowej, poświadczył nieprawdę, co do okoliczności mających znaczenie prawne, potwierdzając wykonanie fikcyjnych usług i fikcyjną sprzedaż towarów na rzecz innych podmiotów oraz fikcyjne zakupienie usług i towarów od innych podmiotów naraził Skarb Państwa na straty znacznej wartości z tytułu zwrotu podatku VAT i zaliczenie kwot z wystawionych faktur o łącznej wartości nie niższej niż 2 068 961, 65 zł w koszty działalności innych podmiotów, przez co nieodprowadzony został należny podatek VAT w kwocie co najmniej 411 626, 15 zł i tak:</xBx>
                </xText>
              </xUnit>
            </xEnumElem>
          </xEnum>
          <xText>
            <xBx> z tytułu przyjęcia w ramach <xAnon>firmy (...)</xAnon> faktur zakupu towarów i usług o łącznej wartości netto 1 359 890, 69 zł wartość podatku VAT wyniosła 256 866, 53 zł, w szczególności zaś z tytułu przyjęcia faktur nabycia towarów i usług:</xBx>
          </xText>
          <xEnum>
            <xBullet> -</xBullet>
            <xEnumElem>
              <xText>
                <xBx> od <xAnon>firmy (...) Sp. z o.o.</xAnon> z siedzibą we <xAnon>W.</xAnon>, <xAnon>ul. (...)</xAnon> następnie z siedzibą w <xAnon>N.</xAnon><xAnon>Aleja (...)</xAnon> w okresie od dnia 16.05.1999 roku do dnia 31.07.2000 roku na kwotę 1 134 948, 43 zł podatek VAT wyniósł 207 387, 15 zł,</xBx>
              </xText>
            </xEnumElem>
            <xEnumElem>
              <xText>
                <xBx> od firmy <xAnon>(...)</xAnon>w dniu 31.07.2000 roku na kwotę 224 906, 26 zł podatek VAT wyniósł 49 479, 38 zł,</xBx>
              </xText>
            </xEnumElem>
          </xEnum>
          <xText>
            <xBx> z tytułu przyjęcia w ramach <xAnon>firmy (...)</xAnon>, <xAnon>J. J. (2)</xAnon> faktur zakupu towarów i usług o łącznej wartości netto 709 070, 96 zł wartość podatku VAT wyniosła 154 753, 62 zł, w szczególności zaś z tytułu przyjęcia faktur nabycia towarów i usług:</xBx>
          </xText>
          <xEnum>
            <xBullet> -</xBullet>
            <xEnumElem>
              <xText>
                <xBx> od <xAnon>firmy (...) Sp. z o.o.</xAnon> z siedzibą we <xAnon>W.</xAnon>, <xAnon>ul. (...)</xAnon> następnie z siedzibą w <xAnon>N.</xAnon><xAnon>Aleja (...)</xAnon> w okresie od dnia 01.10.1999 roku do dnia 23.08.2000 roku na kwotę 709 070, 96 zł podatek VAT wyniósł 154 753, 62 zł, tj. o czyn z <xLexLink xArt="art. 271;art. 271 § 3" xIsapId="WDU19970880553" xTitle="Ustawa z dnia 6 czerwca 1997 r. - Kodeks karny" xAddress="Dz. U. z 1997 r. Nr 88, poz. 553">art. 271 § 3 kk</xLexLink>. i <xLexLink xArt="art. 286;art. 286 § 1" xIsapId="WDU19970880553" xTitle="Ustawa z dnia 6 czerwca 1997 r. - Kodeks karny" xAddress="Dz. U. z 1997 r. Nr 88, poz. 553">art. 286 § 1 kk</xLexLink>. w zw. z <xLexLink xArt="art. 294;art. 294 § 1" xIsapId="WDU19970880553" xTitle="Ustawa z dnia 6 czerwca 1997 r. - Kodeks karny" xAddress="Dz. U. z 1997 r. Nr 88, poz. 553">art. 294 § 1 kk</xLexLink>. w zw. z <xLexLink xArt="art. 11;art. 11 § 2" xIsapId="WDU19970880553" xTitle="Ustawa z dnia 6 czerwca 1997 r. - Kodeks karny" xAddress="Dz. U. z 1997 r. Nr 88, poz. 553">art. 11 § 2 kk</xLexLink>. w zw. z <xLexLink xArt="art. 12" xIsapId="WDU19970880553" xTitle="Ustawa z dnia 6 czerwca 1997 r. - Kodeks karny" xAddress="Dz. U. z 1997 r. Nr 88, poz. 553">art. 12 kk</xLexLink>. w zw. z <xLexLink xArt="art. 65" xIsapId="WDU19970880553" xTitle="Ustawa z dnia 6 czerwca 1997 r. - Kodeks karny" xAddress="Dz. U. z 1997 r. Nr 88, poz. 553">art. 65 kk</xLexLink>.</xBx>
              </xText>
            </xEnumElem>
          </xEnum>
          <xEnum>
            <xBullet> X</xBullet>
            <xEnumElem>
              <xUnit xIsTitle="false" xType="none">
                <xName xSffx="."> XLIX</xName>
                <xText>
                  <xBx>
           w okresie od 14 grudnia 1999 roku do dnia 31 grudnia 1999 roku we <xAnon>W.</xAnon>, <xAnon>R.</xAnon>, woj. <xAnon>(...)</xAnon> oraz <xAnon>Ł.</xAnon>, woj. <xAnon>(...)</xAnon>, działając jako właściciel <xAnon>firmy Przedsiębiorstwo (...)</xAnon> z siedzibą w <xAnon>Ł.</xAnon> wspólnie i w porozumieniu z <xAnon>L. S.</xAnon>, występującym jako prezes Zarządu Spółdzielni <xAnon>(...)</xAnon>z siedzibą w <xAnon>R.</xAnon>, w celu osiągnięcia korzyści majątkowej usiłował doprowadzić <xAnon>Spółdzielnię (...)</xAnon> w <xAnon>R.</xAnon> do niekorzystnego rozporządzenia mieniem znacznej wartości w kwocie 160 000 zł z tytułu fikcyjnej sprzedaży kompletnej technologii produkcji Elektronicznego regulatora temperatury kotła CO <xAnon>H.</xAnon> w ten sposób, że wiedząc, iż nie posiada wskazanej wyżej dokumentacji sporządził wraz z <xAnon>L. S.</xAnon> w dniu 14 grudnia 1999 roku umowę kupna sprzedaży tejże dokumentacji za kwotę 160 000 zł, w dniu 30 grudnia 1999 roku sporządził protokół przekazania dokumentacji objętej umową sprzedaży a następnie w dacie 31 grudnia 1999 roku sporządził <xAnon>fakturę sprzedaży nr (...)</xAnon>, powodując w ten sposób powstanie po stronie <xAnon>Spółdzielni (...)</xAnon> w <xAnon>R.</xAnon> obowiązku zapłaty kwoty 160 000 zł na rzecz PP <xAnon>H.</xAnon>, przy czym do dokonania zapłaty nie doszło z uwagi na wycofanie się SI <xAnon>(...)</xAnon> z transakcji tj. o czyn z <xLexLink xArt="art. 13;art. 13 § 1" xIsapId="WDU19970880553" xTitle="Ustawa z dnia 6 czerwca 1997 r. - Kodeks karny" xAddress="Dz. U. z 1997 r. Nr 88, poz. 553">art. 13 § 1 kk</xLexLink>. w zw. z <xLexLink xArt="art. 286;art. 286 § 1" xIsapId="WDU19970880553" xTitle="Ustawa z dnia 6 czerwca 1997 r. - Kodeks karny" xAddress="Dz. U. z 1997 r. Nr 88, poz. 553">art. 286 § 1 kk</xLexLink>. w zw. z <xLexLink xArt="art. 294;art. 294 § 1" xIsapId="WDU19970880553" xTitle="Ustawa z dnia 6 czerwca 1997 r. - Kodeks karny" xAddress="Dz. U. z 1997 r. Nr 88, poz. 553">art. 294 § 1 kk</xLexLink>. w zw. z <xLexLink xArt="art. 11;art. 11 § 2" xIsapId="WDU19970880553" xTitle="Ustawa z dnia 6 czerwca 1997 r. - Kodeks karny" xAddress="Dz. U. z 1997 r. Nr 88, poz. 553">art. 11 § 2 kk</xLexLink>.</xBx>
                </xText>
              </xUnit>
              <xUnit xIsTitle="false" xType="none">
                <xName xSffx="."> L</xName>
                <xText>
                  <xBx> w okresie od 16 maja 1999 roku do 26 sierpnia 2000 roku we <xAnon>W.</xAnon>, <xAnon>Ł.</xAnon> i <xAnon>R.</xAnon>, działając wspólnie i w porozumieniu z <xAnon>L. S.</xAnon>, <xAnon>Z. D.</xAnon>, innymi ustalonymi osobami, co do których prowadzone jest odrębne postępowanie karne, brał udział w zorganizowanej grupie mającej na celu popełnianie przestępstw przeciwko mieniu i dokumentom oraz przestępstw skarbowych tj. o czyn z <xLexLink xArt="art. 258;art. 258 § 1" xIsapId="WDU19970880553" xTitle="Ustawa z dnia 6 czerwca 1997 r. - Kodeks karny" xAddress="Dz. U. z 1997 r. Nr 88, poz. 553">art. 258 § 1 kk</xLexLink>.</xBx>
                </xText>
              </xUnit>
            </xEnumElem>
          </xEnum>
          
          <xText><xBx><xAnon>E. W. (1)</xAnon></xBx> została oskarżona o to, że :</xText>
          <xEnum>
            <xBullet> L</xBullet>
            <xEnumElem>
              <xUnit xIsTitle="false" xType="none">
                <xName xSffx="."> LI</xName>
                <xText> w okresie od dnia 30 czerwca 1999 roku do 2 września 1999 roku we <xAnon>W.</xAnon> w woj. <xAnon>(...)</xAnon>, w wykonaniu z góry powziętego zamiaru, w celu osiągnięcia znacznej korzyści majątkowej, w ramach zorganizowanej grupy mającej na celu popełnianie przestępstw przeciwko mieniu, według przyjętego i zaakceptowanego podziału ról i zadań przy realizacji poszczególnych przestępnych przedsięwzięć, wspólnie i w porozumieniu z <xAnon>L. S.</xAnon>, <xAnon>Z. D.</xAnon>, odnośnie której postępowanie umorzono z uwagi na jej śmierć, innymi ustalonymi osobami względem których prowadzone jest odrębne postępowanie karne i innymi ustalonymi i nieustalonymi osobami, wykorzystując działalność gospodarczą prowadzoną w ramach firmy Przedsiębiorstwo Handlowo - Produkcyjno - <xAnon>Usługowe (...) Sp. z o.o.</xAnon>, <xAnon>W.</xAnon>, <xAnon>ul. (...)</xAnon>, podjęła czynności związane z udaremnieniem bądź znacznym utrudnieniem stwierdzenia przestępnego pochodzenia pieniędzy, co stanowiło usługę w zatajeniu przestępnego pochodzenia pieniędzy, w ten sposób, że po uprzednim przyjęciu faktur z tytułu zakupu towarów i usług, zawierających dane niezgodne z rzeczywistością a następnie wystawieniu faktur z tytułu sprzedaży towarów i usług, zawierających dane niezgodne z rzeczywistością, przyjęła na rachunek bankowy w <xAnon>Banku (...) Handlowym S.A.</xAnon> I Oddział we <xAnon>W.</xAnon> nr <xAnon>(...)</xAnon> - <xAnon>(...)</xAnon> prowadzony dla <xAnon>firmy (...)</xAnon> przyjęła w formie wpłat, pieniądze pochodzące z nieopodatkowanej działalności gospodarczej innych podmiotów, w łącznej kwocie co najmniej 491 782, 00 zł, a następnie przekazała pieniądze w wysokości 468 200, 00 zł na rachunek bankowy prowadzony na rzecz <xAnon>(...) Sp. z o.o.</xAnon> z siedzibą we <xAnon>W.</xAnon>, <xAnon>ul. (...)</xAnon> w <xAnon>Banku (...) Handlowym S.A.</xAnon> I Oddział we <xAnon>W.</xAnon> nr <xAnon>(...)</xAnon> - <xAnon>(...)</xAnon> - <xAnon>(...)</xAnon> – <xAnon>(...) (...)</xAnon>. o czyn z <xLexLink xArt="art. 299;art. 299 § 5;art. 299 § 6" xIsapId="WDU19970880553" xTitle="Ustawa z dnia 6 czerwca 1997 r. - Kodeks karny" xAddress="Dz. U. z 1997 r. Nr 88, poz. 553">art. 299 § 5 i § 6 kk</xLexLink>. w zw. z <xLexLink xArt="art. 299;art. 299 § 1" xIsapId="WDU19970880553" xTitle="Ustawa z dnia 6 czerwca 1997 r. - Kodeks karny" xAddress="Dz. U. z 1997 r. Nr 88, poz. 553">art. 299 § 1 kk</xLexLink>. i w zw. z <xLexLink xArt="art. 12" xIsapId="WDU19970880553" xTitle="Ustawa z dnia 6 czerwca 1997 r. - Kodeks karny" xAddress="Dz. U. z 1997 r. Nr 88, poz. 553">art. 12 kk</xLexLink>. w zw. z <xLexLink xArt="art. 65" xIsapId="WDU19970880553" xTitle="Ustawa z dnia 6 czerwca 1997 r. - Kodeks karny" xAddress="Dz. U. z 1997 r. Nr 88, poz. 553">art. 65 kk</xLexLink>.</xText>
              </xUnit>
              <xUnit xIsTitle="false" xType="none">
                <xName xSffx="."> LII</xName>
                <xText> w okresie od 22 marca 1999 roku do 30 sierpnia 1999 roku we <xAnon>W.</xAnon>, woj. <xAnon>(...)</xAnon>, w wykonaniu z góry powziętego zamiaru, w ramach zorganizowanej grupy mającej na celu popełnianie przestępstw przeciwko mieniu, według przyjętego i zaakceptowanego podziału ról i zadań przy realizacji poszczególnych przestępczych przedsięwzięć, wspólnie i w porozumieniu z <xAnon>L. S.</xAnon>, <xAnon>Z. G.</xAnon>, <xAnon>Z. D.</xAnon>, odnośnie której postępowanie umorzono z uwagi na jej śmierć oraz innymi ustalonymi osobami, w stosunku do których prowadzone jest odrębne postępowanie karne, działając w krótkich odstępach czasu, wykorzystując działalność gospodarczą prowadzoną w ramach firmy Przedsiębiorstwo Handlowo - Produkcyjno - <xAnon>Usługowe (...) Sp. z o.o.</xAnon>, z siedzibą we <xAnon>W.</xAnon>, <xAnon>ul. (...)</xAnon>, będąc uprawnioną do przyjmowania i wystawiania faktur VAT dotyczących sprzedaży towarów i usług, działając w celu osiągnięcia korzyści majątkowej, poświadczyła nieprawdę, co do okoliczności mających znaczenie prawne, potwierdzając wykonanie fikcyjnych usług i fikcyjną sprzedaż towarów na rzecz innych podmiotów oraz fikcyjne zakupienie usług i towarów od innych podmiotów naraziła Skarb Państwa na straty z tytułu zwrotu podatku VAT i zaliczenie kwot z wystawionych faktur w koszty działalności innych podmiotów, przez co nieodprowadzony został należny podatek VAT w kwotach co najmniej 470 800, 44 zł i tak:</xText>
              </xUnit>
            </xEnumElem>
          </xEnum>
          <xText> z tytułu podpisania faktur sprzedaży towarów i usług o łącznej wartości 1 099 123, 50 zł wartość podatku VAT wyniosła 241 807, 17 zł, w szczególności zaś z tytułu wystawienia faktur sprzedaży:</xText>
          <xEnum>
            <xBullet> -</xBullet>
            <xEnumElem>
              <xText> na rzecz <xAnon>firmy (...) S.A.</xAnon> w <xAnon>N.</xAnon> w dniu 22.03.1999 roku nr <xAnon>(...)</xAnon> na kwotę 348 166, 00 zł podatek VAT wyniósł 72 596, 52 zł</xText>
            </xEnumElem>
            <xEnumElem>
              <xText> na rzecz <xAnon>firmy (...) S.A.</xAnon> w <xAnon>N.</xAnon> w dniu 26.03.1999 roku nr <xAnon>(...)</xAnon> na kwotę 8 400, 00 zł podatek VAT wyniósł 1 848, 00 zł</xText>
            </xEnumElem>
            <xEnumElem>
              <xText> na rzecz <xAnon>firmy (...) S.A.</xAnon> w <xAnon>N.</xAnon> w dniu 25.06.1999 roku nr <xAnon>(...)</xAnon> na kwotę 38 116, 00 zł podatek VAT wyniósł 8 385, 63 zł</xText>
            </xEnumElem>
            <xEnumElem>
              <xText> na rzecz <xAnon>firmy (...) Serwis</xAnon> w dniu 25.03.1999 roku nr <xAnon>(...)</xAnon> na kwotę 35 721, 00 zł podatek VAT wyniósł 7 858, 62 zł</xText>
            </xEnumElem>
            <xEnumElem>
              <xText> na rzecz <xAnon>firmy Przedsiębiorstwo (...) - Handlowo</xAnon> - <xAnon>Produkcyjne (...) Sp. z o.o.</xAnon> w dniu 30.04.1999 roku nr <xAnon>(...)</xAnon> na kwotę 158 000, 00 zł podatek VAT wyniósł 34 760, 00 zł</xText>
            </xEnumElem>
            <xEnumElem>
              <xText> na rzecz <xAnon>firmy Przedsiębiorstwo (...) - Handlowo</xAnon> - <xAnon>Produkcyjne (...) Sp. z o.o.</xAnon> w dniu 31.07.1999 roku nr <xAnon>(...)</xAnon> na kwotę 43 500, 00 zł podatek VAT wyniósł 9 570, 00 zł</xText>
            </xEnumElem>
            <xEnumElem>
              <xText> na rzecz <xAnon>firmy Przedsiębiorstwo (...) - Handlowo</xAnon> - <xAnon>Produkcyjne (...) Sp. z o.o.</xAnon> w dniu 30.08.1999 roku nr <xAnon>(...)</xAnon> na kwotę 26 220, 00 zł podatek VAT wyniósł 5 768, 40 zł</xText>
            </xEnumElem>
            <xEnumElem>
              <xText> na rzecz <xAnon>firmy (...) Sp. z o.o.</xAnon> w dniu 24.05.1999 roku nr <xAnon>(...)</xAnon> na kwotę 221 000, 00 zł podatek VAT wyniósł 48 620, 00 zł</xText>
            </xEnumElem>
            <xEnumElem>
              <xText> na rzecz <xAnon>firmy (...) Sp. z o.o.</xAnon> w dniu 26.05.1999 roku nr <xAnon>(...)</xAnon> na kwotę 83 200, 00 zł podatek VAT wyniósł 18 304, 00 zł</xText>
            </xEnumElem>
            <xEnumElem>
              <xText> na rzecz <xAnon>firmy (...) Sp. z o.o.</xAnon> w dniu 28.05.1999 roku nr <xAnon>(...)</xAnon> na kwotę 19 000, 00 zł podatek VAT wyniósł 4 180, 00 zł</xText>
            </xEnumElem>
            <xEnumElem>
              <xText> na rzecz <xAnon>firmy (...) Sp. z o.o.</xAnon> w dniu 31.05.1999 roku nr <xAnon>(...)</xAnon> na kwotę 50 000, 00 zł podatek VAT wyniósł 11 000, 00 zł</xText>
            </xEnumElem>
            <xEnumElem>
              <xText> na rzecz <xAnon>firmy (...) Sp. z o.o.</xAnon> w dniu 25.06.1999 roku nr <xAnon>(...)</xAnon> na kwotę 37 900, 00 zł podatek VAT wyniósł 8 338, 00 zł</xText>
            </xEnumElem>
            <xEnumElem>
              <xText> na rzecz <xAnon>firmy (...) Sp. z o.o.</xAnon> w dniu 28.06.1999 roku nr <xAnon>(...)</xAnon> na kwotę 29 900, 00 zł podatek VAT wyniósł 6 578, 00 zł</xText>
            </xEnumElem>
          </xEnum>
          <xText> z tytułu podpisania faktur zakupu towarów i usług o łącznej wartości 1 040 878, 50 zł wartość podatku VAT wyniosła 228 993, 27 zł, w szczególności zaś z tytułu przyjęcia faktur nabycia towarów i usług:</xText>
          <xEnum>
            <xBullet> -</xBullet>
            <xEnumElem>
              <xText> od <xAnon>firmy (...) SP. z o.o.</xAnon> w dniu 22.03.1999 roku nr <xAnon>(...)</xAnon> na kwotę 345 252, 00 zł podatek VAT wyniósł 75 955, 44 zł,</xText>
            </xEnumElem>
            <xEnumElem>
              <xText> od <xAnon>firmy (...) Sp. z o.o.</xAnon> w dniu 25.03.1999 roku nr <xAnon>(...)</xAnon> na kwotę 43 560 zł podatek VAT wyniósł 9 583, 20 zł,</xText>
            </xEnumElem>
            <xEnumElem>
              <xText> od <xAnon>firmy (...) Sp. z o.o.</xAnon> w dniu 31.05.1999 roku nr <xAnon>(...)</xAnon> na kwotę 148 000, 00 zł podatek VAT wyniósł <xAnon>(...)</xAnon> 560, 00 zł,</xText>
            </xEnumElem>
            <xEnumElem>
              <xText> od <xAnon>firmy (...) SP. z o.o.</xAnon> w dniu 31.05.1999 roku nr <xAnon>(...)</xAnon> na kwotę 134 000 zł podatek VAT wyniósł 29 480, 00 zł,</xText>
            </xEnumElem>
            <xEnumElem>
              <xText> od <xAnon>firmy (...) Sp. z o.o.</xAnon> w dniu 24.06.1999 roku nr <xAnon>(...)</xAnon> na kwotę 38 116, 50 zł podatek VAT wyniósł 8 385, 63 zł,</xText>
            </xEnumElem>
            <xEnumElem>
              <xText> od <xAnon>firmy (...) Sp. z o.o.</xAnon> w dniu 24.06.1999 roku nr <xAnon>(...)</xAnon> na kwotę 65 000, 00 zł podatek VAT wyniósł 14 300, 00 zł,</xText>
            </xEnumElem>
            <xEnumElem>
              <xText> od <xAnon>firmy PPHU (...)</xAnon> w dniu 05.04.1999 roku nr <xAnon>(...)</xAnon> na kwotę 139 500, 00 zł podatek VAT wyniósł 30 690 zł,</xText>
            </xEnumElem>
            <xEnumElem>
              <xText> od <xAnon>firmy PPHU (...)</xAnon> w dniu 28.05.1999 roku nr <xAnon>(...)</xAnon> na kwotę 62 650, 00 zł podatek VAT wyniósł 13 783, 00 zł,</xText>
            </xEnumElem>
            <xEnumElem>
              <xText> od <xAnon>firmy PPHU (...)</xAnon> w dniu 19.08.1999 roku nr <xAnon>(...)</xAnon> na kwotę 19 600, 00 zł podatek VAT wyniósł 4 312, 00 zł,</xText>
            </xEnumElem>
            <xEnumElem>
              <xText> od <xAnon>firmy Biuro Usług (...)</xAnon> i Pośrednictwa Handlowego <xAnon>(...)</xAnon><xAnon>Z. D.</xAnon> w dniu 30.07.1999 roku nr <xAnon>(...)</xAnon> na kwotę 42 000, 00 zł podatek VAT wyniósł 9 240, 00 zł</xText>
            </xEnumElem>
            <xEnumElem>
              <xText> od <xAnon>firmy Biuro Usług (...)</xAnon> i Pośrednictwa Handlowego <xAnon>(...)</xAnon><xAnon>Z. D.</xAnon> w dniu 24.08.1999 roku nr <xAnon>(...)</xAnon> na kwotę 3 200, 00 zł podatek VAT wyniósł 704, 00 zł tj. o czyn z <xLexLink xArt="art. 271;art. 271 § 3" xIsapId="WDU19970880553" xTitle="Ustawa z dnia 6 czerwca 1997 r. - Kodeks karny" xAddress="Dz. U. z 1997 r. Nr 88, poz. 553">art. 271 § 3 kk</xLexLink>. i <xLexLink xArt="art. 286;art. 286 § 1" xIsapId="WDU19970880553" xTitle="Ustawa z dnia 6 czerwca 1997 r. - Kodeks karny" xAddress="Dz. U. z 1997 r. Nr 88, poz. 553">art. 286 § 1 kk</xLexLink>. w zw. z <xLexLink xArt="art. 294;art. 294 § 1" xIsapId="WDU19970880553" xTitle="Ustawa z dnia 6 czerwca 1997 r. - Kodeks karny" xAddress="Dz. U. z 1997 r. Nr 88, poz. 553">art. 294 § 1 kk</xLexLink>. w zw. z <xLexLink xArt="art. 11;art. 11 § 2" xIsapId="WDU19970880553" xTitle="Ustawa z dnia 6 czerwca 1997 r. - Kodeks karny" xAddress="Dz. U. z 1997 r. Nr 88, poz. 553">art. 11 § 2 kk</xLexLink>. w zw. z <xLexLink xArt="art. 12" xIsapId="WDU19970880553" xTitle="Ustawa z dnia 6 czerwca 1997 r. - Kodeks karny" xAddress="Dz. U. z 1997 r. Nr 88, poz. 553">art. 12 kk</xLexLink>. w zw. z <xLexLink xArt="art. 65" xIsapId="WDU19970880553" xTitle="Ustawa z dnia 6 czerwca 1997 r. - Kodeks karny" xAddress="Dz. U. z 1997 r. Nr 88, poz. 553">art. 65 kk</xLexLink>.</xText>
            </xEnumElem>
          </xEnum>
          <xEnum>
            <xBullet> L</xBullet>
            <xEnumElem>
              <xUnit xIsTitle="false" xType="none">
                <xName xSffx="."> LIII</xName>
                <xText> w okresie od dnia 25 czerwca 1999 roku do dnia 2 października 2000 roku, we <xAnon>W.</xAnon>, woj. <xAnon>(...)</xAnon>, działając jako Prezes jednoosobowego Zarządu <xAnon>Przedsiębiorstwa Handlowo - Produkcyjno - Usługowego (...) Sp. z o.o.</xAnon> z siedzibą we <xAnon>W.</xAnon>, <xAnon>ul. (...)</xAnon>, będąc uprawnioną do przyjmowania i wystawiania faktur VAT dotyczących sprzedaży towarów i usług, działając w celu osiągnięcia korzyści majątkowej, potwierdzając wykonanie fikcyjnych usług i fikcyjną sprzedaż towarów na rzecz innych podmiotów o łącznej wartości 1 099 123, 50 zł oraz fikcyjne zakupienie usług i towarów od innych podmiotów o łącznej wartości 1 040 878, 50 zł a następnie wprowadzając opisane sumy do zeznania podatkowego z tytułu należnego Skarbowi Państwa podatku dochodowego od osób prawnych za rok 1999 złożonego w dniu 2 października 2000 roku w imieniu <xAnon>Sp. z o.o. (...)</xAnon> w Urzędzie Skarbowym <xAnon>W.</xAnon> Krzyki i wykazując z tego tytułu stratę podatkową w wysokości 52 908, 84 zł, przywłaszczyła kwotę 129 413, 00 zł podatku dochodowego od osób prawnych za rok 1999 należnego Skarbowi Państwa z tytułu uzyskania rzeczywistego dochodu nieujawnionego w złożonym zeznaniu podatkowym w wysokości 491 782, 00 zł tj. o czyn z <xLexLink xArt="art. 284;art. 284 § 1" xIsapId="WDU19970880553" xTitle="Ustawa z dnia 6 czerwca 1997 r. - Kodeks karny" xAddress="Dz. U. z 1997 r. Nr 88, poz. 553">art. 284 § 1 kk</xLexLink>.</xText>
              </xUnit>
              <xUnit xIsTitle="false" xType="none">
                <xName xSffx="."> LIV</xName>
                <xText> w okresie od 1 stycznia 2000 roku do dnia 31 grudnia 2000 roku we <xAnon>W.</xAnon>, woj. <xAnon>(...)</xAnon>, wbrew ciążącemu na prezesie jednoosobowego zarządu spółki z ograniczoną odpowiedzialnością <xAnon>Przedsiębiorstwo Handlowo - Produkcyjno - Usługowe (...)</xAnon> obowiązkowi, w sposób nierzetelny prowadziła księgi rachunkowe Spółki tj. o czyn z <xLexLink xArt="art. 61;art. 61 § 1" xIsapId="WDU19990830930" xTitle="Ustawa z dnia 10 września 1999 r. - Kodeks karny skarbowy" xAddress="Dz. U. z 1999 r. Nr 83, poz. 930">art. 61 § 1 kks</xLexLink></xText>
              </xUnit>
              <xUnit xIsTitle="false" xType="none">
                <xName xSffx="."> LV</xName>
                <xText> W okresie od 22 marca 1999 roku do 2 września 1999 roku we <xAnon>W.</xAnon>, woj. <xAnon>(...)</xAnon>, działając wspólnie i w porozumieniu ze <xAnon>Z. G.</xAnon>, <xAnon>Z. D.</xAnon> oraz innymi ustalonymi osobami, co do których prowadzone jest odrębne postępowanie karne, brała udział w zorganizowanej grupie mającej na celu popełnianie przestępstw przeciwko mieniu i dokumentom oraz przestępstw skarbowych tj. o czyn z <xLexLink xArt="art. 258;art. 258 § 1" xIsapId="WDU19970880553" xTitle="Ustawa z dnia 6 czerwca 1997 r. - Kodeks karny" xAddress="Dz. U. z 1997 r. Nr 88, poz. 553">art. 258 § 1 kk</xLexLink>.</xText>
              </xUnit>
            </xEnumElem>
          </xEnum>
          
          <xText>
            <xBx><xAnon>Z. S.</xAnon> została oskarżona o to, że :</xBx>
          </xText>
          <xEnum>
            <xBullet> L</xBullet>
            <xEnumElem>
              <xUnit xIsTitle="false" xType="none">
                <xName xSffx="."> LVI</xName>
                <xText>
                  <xBx>
           w okresie od 31 stycznia 2000 roku do 2 czerwca 2000 roku we <xAnon>W.</xAnon>, woj. <xAnon>(...)</xAnon>, działając w celu osiągnięcia korzyści majątkowej, wspólnie i w porozumieniu z <xAnon>L. S.</xAnon>, wykorzystując fakt zarejestrowania działalności gospodarczej w ramach <xAnon>firmy (...)</xAnon> z siedzibą we <xAnon>W.</xAnon>, <xAnon>ul. (...)</xAnon>, będąc uprawnioną do przyjmowania i wystawiania rachunków dotyczących sprzedaży towarów i usług, poprzez wprowadzenie w błąd uprawnionych pracowników <xAnon>Spółdzielni (...)</xAnon> w <xAnon>R.</xAnon>, co do faktu rzeczywistego wykonania objętej wystawionym przez siebie rachunkiem usługi doprowadziła <xAnon>Spółdzielnię (...)</xAnon> w <xAnon>R.</xAnon> do niekorzystnego rozporządzenia mieniem w kwocie 5 000 zł, w ten sposób, że poświadczając nieprawdę, co do okoliczności mających znaczenie prawne:</xBx>
                </xText>
              </xUnit>
            </xEnumElem>
          </xEnum>
          <xEnum>
            <xBullet> -</xBullet>
            <xEnumElem>
              <xText>
                <xBx>
           w dniu 31 stycznia 2000 roku wystawiła w imieniu <xAnon>firmy (...)</xAnon> z siedzibą we <xAnon>W.</xAnon>, <xAnon>ul. (...)</xAnon> na rzecz <xAnon>Spółdzielni (...)</xAnon> w <xAnon>R.</xAnon><xAnon>rachunek numer (...)</xAnon> z tytułu usługi opieki nad chorym, opiewający na kwotę 6 500 zł i odnoszący się do rzekomego wykonywania opieki nad prezesem zarządu SI <xAnon>(...)</xAnon><xAnon>L. S.</xAnon>, wiedząc, iż czynności takie nie miały w rzeczywistości miejsca, zaś ona sama na podstawie <xLexLink xArt="art. 23" xIsapId="WDU19640090059" xTitle="Ustawa z dnia 25 lutego 1964 r. - Kodeks rodzinny i opiekuńczy" xAddress="Dz. U. z 1964 r. Nr 9, poz. 59">art. 23 Ustaw z dnia 25 lutego 1964 roku Kodeks rodzinny i opiekuńczy</xLexLink> z mocy ustawy zobowiązana była do świadczenia opieki na rzecz swojego męża <xAnon>L. S.</xAnon> i oznaczając termin zapłaty do dnia 29 lutego 2000 roku,</xBx>
              </xText>
            </xEnumElem>
            <xEnumElem>
              <xText>
                <xBx><xAnon>L. S.</xAnon> przekazał wskazany rachunek uprawnionym do ich zaksięgowania pracownikom SI <xAnon>(...)</xAnon> z poleceniem dokonania zapłaty wskazanej na rachunku kwoty,</xBx>
              </xText>
            </xEnumElem>
            <xEnumElem>
              <xText>
                <xBx>
           w dniu 2 czerwca 2000 roku na prowadzony w <xAnon>(...)</xAnon> Oddział <xAnon>W.</xAnon><xAnon>rachunek nr (...)</xAnon> przyjęła kwotę 5 000 zł stanowiący częściową zapłatę za rzekomo zrealizowana usługę tj. o czyn z <xLexLink xArt="art. 271;art. 271 § 3" xIsapId="WDU19970880553" xTitle="Ustawa z dnia 6 czerwca 1997 r. - Kodeks karny" xAddress="Dz. U. z 1997 r. Nr 88, poz. 553">art. 271 § 3 kk</xLexLink>. i <xLexLink xArt="art. 286;art. 286 § 1" xIsapId="WDU19970880553" xTitle="Ustawa z dnia 6 czerwca 1997 r. - Kodeks karny" xAddress="Dz. U. z 1997 r. Nr 88, poz. 553">art. 286 § 1 kk</xLexLink>. w zw. z <xLexLink xArt="art. 11;art. 11 § 2" xIsapId="WDU19970880553" xTitle="Ustawa z dnia 6 czerwca 1997 r. - Kodeks karny" xAddress="Dz. U. z 1997 r. Nr 88, poz. 553">art. 11 § 2 kk</xLexLink>. w zw. z <xLexLink xArt="art. 12" xIsapId="WDU19970880553" xTitle="Ustawa z dnia 6 czerwca 1997 r. - Kodeks karny" xAddress="Dz. U. z 1997 r. Nr 88, poz. 553">art. 12 kk</xLexLink>.</xBx>
              </xText>
            </xEnumElem>
          </xEnum>
          
          <xText><xBx><xAnon>G. A.</xAnon></xBx> został oskarżony o to, że :</xText>
          <xEnum>
            <xBullet> L</xBullet>
            <xEnumElem>
              <xUnit xIsTitle="false" xType="none">
                <xName xSffx="."> LVII</xName>
                <xText> w okresie od 2 kwietnia 2002 roku do dnia 31 grudnia 2002 roku we <xAnon>W.</xAnon> woj. <xAnon>(...)</xAnon>, w wykonaniu z góry powziętego zamiaru działając w krótkich odstępach czasu, wspólnie i w porozumieniu ze <xAnon>Z. G.</xAnon> oraz <xAnon>J. T.</xAnon> oraz <xAnon>H. M. (1)</xAnon>, działając w celu osiągnięcia korzyści majątkowej w znacznym rozmiarze, podjął czynności związane z udaremnieniem i znacznym utrudnieniem stwierdzenia przestępnego pochodzenia pieniędzy, ich wykrycia i zajęcia, polegające na tym, że:</xText>
                <xEnum>
                  <xBullet> -</xBullet>
                  <xEnumElem>
                    <xText> w dniu 2 kwietnia 2002 roku przekazał <xAnon>H. M. (1)</xAnon> prowadzącemu działalność gospodarczą w ramach <xAnon>Przedsiębiorstwa (...)</xAnon> z siedzibą w <xAnon>P.</xAnon><xAnon>ul. (...)</xAnon>, kwotę 500 000 zł w gotówce i dla uwiarygodnienia posiadania tych pieniędzy przez <xAnon>H. M. (1)</xAnon> sporządził z nim dokument w postaci pisemnej umowy pożyczki poświadczającej dojście do skutku pozornej czynności prawnej,</xText>
                  </xEnumElem>
                  <xEnumElem>
                    <xText> w dniu 10 kwietnia 2002 roku, przekazał <xAnon>J. T.</xAnon> prowadzącej działalność gospodarczą w ramach <xAnon>Sp. z o.o. (...)</xAnon> z siedzibą we <xAnon>W.</xAnon><xAnon>ul. (...)</xAnon> i występującej jako prezes zarządu spółki, kwotę 350 000 zł w gotówce i dla uwiarygodnienia posiadania tych pieniędzy przez <xAnon>J. G. (2)</xAnon> sporządził z nią dokument w postaci pisemnej umowy pożyczki poświadczającej dojście do skutku pozornej czynności prawnej,</xText>
                  </xEnumElem>
                  <xEnumElem>
                    <xText> w nieustalonym dniu 2002 roku, potwierdził w formie pisemnej zwrot w całości pożyczki udzielonej <xAnon>H. M. (1)</xAnon> w kwocie 500 000 zł, wiedząc, iż pieniądze te nie zostały mu przekazane przez <xAnon>H. M. (1)</xAnon> w gotówce lub w formie przelewu bankowego,</xText>
                  </xEnumElem>
                  <xEnumElem>
                    <xText> w nieustalonym dniu 2002 roku, potwierdził w formie pisemnej zwrot w całości pożyczki udzielonej <xAnon>firmie (...) Sp. z o.o.</xAnon> w kwocie 350 000 zł, wiedząc, iż pieniądze te nie zostały mu przekazane przez <xAnon>J. G. (2)</xAnon> oraz <xAnon>firmę (...) Sp</xAnon>. o.o. w gotówce lub w formie przelewu bankowego,</xText>
                  </xEnumElem>
                </xEnum>
              </xUnit>
            </xEnumElem>
          </xEnum>
          <xText> przez co umożliwił innym osobom osiągnięcie znacznej korzyści majątkowej wyrażającej się w dysponowaniu pieniędzmi w kwocie co najmniej 850 000 zł, wraz z dokumentami nadającymi pozory legalnego pochodzenia tychże środków finansowych tj. o czyn z art. z <xLexLink xArt="art. 299;art. 299 § 5;art. 299 § 6" xIsapId="WDU19970880553" xTitle="Ustawa z dnia 6 czerwca 1997 r. - Kodeks karny" xAddress="Dz. U. z 1997 r. Nr 88, poz. 553">art. 299 § 5 i § 6 kk</xLexLink>. w zw. z <xLexLink xArt="art. 299;art. 299 § 1" xIsapId="WDU19970880553" xTitle="Ustawa z dnia 6 czerwca 1997 r. - Kodeks karny" xAddress="Dz. U. z 1997 r. Nr 88, poz. 553">art. 299 § 1 kk</xLexLink>. w zw. z <xLexLink xArt="art. 12" xIsapId="WDU19970880553" xTitle="Ustawa z dnia 6 czerwca 1997 r. - Kodeks karny" xAddress="Dz. U. z 1997 r. Nr 88, poz. 553">art. 12 kk</xLexLink>.</xText>
          
          <xText> Wyrokiem z dnia 7 marca 2011 r., sygn. akt: III K 24/06 Sąd Okręgowy we Wrocławiu, orzekł:</xText>
          <xText><xBx> I</xBx> oskarżonego<xBx><xAnon>L. S.</xAnon></xBx> uznał za winnego tego, że w okresie od 9 lutego do 20 kwietnia 2000 roku w <xAnon>C.</xAnon>, w celu osiągnięcia korzyści majątkowej, w wykonaniu z góry powziętego zamiaru, jako prezes Zarządu <xAnon>(...) sp. z o.o.</xAnon> z siedzibą w <xAnon>C.</xAnon>, składając wniosek u udzielenie kredytu obrotowego w wysokości 300 000 złotych wprowadził w błąd pracowników Banku co do zamiaru ustanowienia zabezpieczenia kredytu w formie hipoteki na nieruchomości położonej w <xAnon>R.</xAnon> nr KW <xAnon>(...)</xAnon> oraz co do zdolności kredytowej reprezentowanej spółki składając pisemne oświadczenie o posiadanych wierzytelnościach od <xAnon>firm (...)</xAnon> w łącznej kwocie 542 300, 00 zł. a następnie zawarł <xAnon>umowę kredytu nr (...)</xAnon>, czym doprowadził <xAnon>Bank (...) S.A.</xAnon> w <xAnon>K.</xAnon> Oddział w <xAnon>C.</xAnon> do niekorzystnego rozporządzenia mieniem znacznej wartości w kwocie 300 000 złotych, tj. przestępstwa z <xLexLink xArt="art. 286;art. 286 § 1" xIsapId="WDU19970880553" xTitle="Ustawa z dnia 6 czerwca 1997 r. - Kodeks karny" xAddress="Dz. U. z 1997 r. Nr 88, poz. 553">art. 286 § 1 kk</xLexLink>. w zw. z <xLexLink xArt="art. 294;art. 294 § 1" xIsapId="WDU19970880553" xTitle="Ustawa z dnia 6 czerwca 1997 r. - Kodeks karny" xAddress="Dz. U. z 1997 r. Nr 88, poz. 553">art. 294 § 1 kk</xLexLink>. w zb. z <xLexLink xArt="art. 297;art. 297 § 1" xIsapId="WDU19970880553" xTitle="Ustawa z dnia 6 czerwca 1997 r. - Kodeks karny" xAddress="Dz. U. z 1997 r. Nr 88, poz. 553">art. 297§ 1 kk</xLexLink>. i <xLexLink xArt="art. 12" xIsapId="WDU19970880553" xTitle="Ustawa z dnia 6 czerwca 1997 r. - Kodeks karny" xAddress="Dz. U. z 1997 r. Nr 88, poz. 553">art. 12 kk</xLexLink>. i za to na podstawie <xLexLink xArt="art. 286;art. 286 § 1" xIsapId="WDU19970880553" xTitle="Ustawa z dnia 6 czerwca 1997 r. - Kodeks karny" xAddress="Dz. U. z 1997 r. Nr 88, poz. 553">art. 286 § 1 kk</xLexLink>. w zw. z <xLexLink xArt="art. 294;art. 294 § 1" xIsapId="WDU19970880553" xTitle="Ustawa z dnia 6 czerwca 1997 r. - Kodeks karny" xAddress="Dz. U. z 1997 r. Nr 88, poz. 553">art. 294 § 1 kk</xLexLink>. w zw. z <xLexLink xArt="art. 33;art. 33 § 2" xIsapId="WDU19970880553" xTitle="Ustawa z dnia 6 czerwca 1997 r. - Kodeks karny" xAddress="Dz. U. z 1997 r. Nr 88, poz. 553">art. 33 § 2 kk</xLexLink>. wymierzył mu karę 2 /dwóch/ lat pozbawienia wolności i 100 /sto/ stawek dziennych grzywny ustalając wysokość jednej stawki na kwotę 20 /dwadzieścia/ złotych;</xText>
          <xText><xBx> II</xBx> oskarżonego<xBx><xAnon>L. S.</xAnon></xBx> uznał za winnego tego, że w okresie od 18 kwietnia 2000 roku do sierpnia 2000 roku we <xAnon>W.</xAnon>, działając w celu osiągnięcia korzyści majątkowej i w krótkich odstępach czasu w wykonaniu z góry powziętego zamiaru działając jako Prezes SI <xAnon>(...)</xAnon> doprowadził <xAnon>Bank (...) S.A.</xAnon> w <xAnon>K.</xAnon> Oddział we <xAnon>W.</xAnon> poprzez sfinansowanie niżej wymienionych faktur do niekorzystnego rozporządzenia mieniem znacznej wartości w kwocie 229 090, 14 zł., w ten sposób, że zawierając umowę wprowadził przedstawicieli banku w błąd do zdolności kredytowej reprezentowanej spółki a w trakcie jej realizacji polecił przepisać wcześniej wystawione faktury, w tym przeterminowane, nakazując dopisanie klauzuli factoringowej z terminem płatności 90 dni w miejsce 30 i przedłożył je do sfinansowania w Banku pomimo, iż wcześniej oryginalne faktury przekazano dłużnikowi <xAnon>Z. F. (...)</xAnon>.A z określeniem 30 dniowego terminu zapłaty bez klauzuli factoringowej, co objęło:</xText>
          <xEnum>
            <xBullet> -</xBullet>
            <xEnumElem>
              <xText><xAnon>fakturę nr (...)</xAnon> z 22 luty 2000 roku na kwotę 22 252, 80 zł,</xText>
            </xEnumElem>
            <xEnumElem>
              <xText><xAnon>fakturę nr (...)</xAnon> z 25 luty 2000 roku na kwotę 10 882, 40 zł,</xText>
            </xEnumElem>
            <xEnumElem>
              <xText><xAnon>fakturę nr (...)</xAnon> z 28 luty 2000 roku na kwotę 26 064, 08 zł,</xText>
            </xEnumElem>
            <xEnumElem>
              <xText><xAnon>fakturę nr (...)</xAnon> z 3 marca 2000 roku na kwotę 11 285, 00 zł,</xText>
            </xEnumElem>
            <xEnumElem>
              <xText><xAnon>fakturę nr (...)</xAnon> z 8 marca 2000 roku na kwotę 25 163, 11 zł,</xText>
            </xEnumElem>
            <xEnumElem>
              <xText><xAnon>fakturę nr (...)</xAnon> z 10 marca 2000 roku na kwotę 10 407, 82 zł,</xText>
            </xEnumElem>
            <xEnumElem>
              <xText><xAnon>fakturę nr (...)</xAnon> z 14 marca 2000 roku na kwotę 27 160, 56 zł,</xText>
            </xEnumElem>
            <xEnumElem>
              <xText><xAnon>fakturę nr (...)</xAnon> z 20 marca 2000 roku na kwotę 24 091, 04 zł,</xText>
            </xEnumElem>
            <xEnumElem>
              <xText><xAnon>fakturę nr (...)</xAnon> z 23 marca 2000 roku na kwotę 3 428, 20 zł,</xText>
            </xEnumElem>
            <xEnumElem>
              <xText><xAnon>fakturę nr (...)</xAnon> z 27 marca 2000 roku na kwotę 22 708, 47 zł,</xText>
            </xEnumElem>
            <xEnumElem>
              <xText><xAnon>fakturę nr (...)</xAnon> z 30 marca 2000 roku na kwotę 1 537, 20 zł,</xText>
            </xEnumElem>
            <xEnumElem>
              <xText><xAnon>fakturę nr (...)</xAnon> z 31 marca 2000 roku na kwotę 11 197, 77 zł,</xText>
            </xEnumElem>
            <xEnumElem>
              <xText><xAnon>fakturę nr (...)</xAnon> z 3 kwietnia 2000 roku na kwotę 1 561, 60 zł,</xText>
            </xEnumElem>
            <xEnumElem>
              <xText><xAnon>fakturę nr (...)</xAnon> z 4 kwietnia 2000 roku na kwotę 8 499, 44 zł,</xText>
            </xEnumElem>
            <xEnumElem>
              <xText><xAnon>fakturę nr (...)</xAnon> z 5 kwietnia 2000 roku na kwotę 1 541, 59 zł,</xText>
            </xEnumElem>
          </xEnum>
          <xText><xBx> -</xBx><xAnon>fakturę nr (...)</xAnon> z 7 kwietnia 2000 roku na kwotę 7 690, 27 zł,</xText>
          <xText> - <xAnon>fakturę nr (...)</xAnon> z 10 kwietnia 2000 roku na kwotę 10 711,60 zł,</xText>
          <xText> - <xAnon>fakturę nr (...)</xAnon> z 12 kwietnia 2000 roku na kwotę 10 946,15 zł,</xText>
          <xText> - <xAnon>fakturę nr (...)</xAnon> z 13 kwietnia 2000 roku na kwotę 2 753, 54 zł,</xText>
          <xText> - <xAnon>fakturę nr (...)</xAnon> z 14 kwietnia 2000 roku na kwotę 2 208, 20 zł,</xText>
          <xText> - <xAnon>fakturę nr (...)</xAnon> z 15 kwietnia 2000 roku na kwotę 4 568, 53 zł,</xText>
          <xText> - <xAnon>fakturę nr (...)</xAnon> z 18 kwietnia 2000 roku na kwotę 2 494, 53 zł,</xText>
          <xText> w wyniku czego <xAnon>B.</xAnon> sfinansował w/wym. faktury nie otrzymując zapłaty od <xAnon>(...) SA</xAnon>. tj. przestępstwa z <xLexLink xArt="art. 286;art. 286 § 1" xIsapId="WDU19970880553" xTitle="Ustawa z dnia 6 czerwca 1997 r. - Kodeks karny" xAddress="Dz. U. z 1997 r. Nr 88, poz. 553">art. 286 § 1 kk</xLexLink>. w zw. z <xLexLink xArt="art. 294;art. 294 § 1" xIsapId="WDU19970880553" xTitle="Ustawa z dnia 6 czerwca 1997 r. - Kodeks karny" xAddress="Dz. U. z 1997 r. Nr 88, poz. 553">art. 294 § 1 kk</xLexLink>. i w zw. z <xLexLink xArt="art. 12" xIsapId="WDU19970880553" xTitle="Ustawa z dnia 6 czerwca 1997 r. - Kodeks karny" xAddress="Dz. U. z 1997 r. Nr 88, poz. 553">art. 12 kk</xLexLink>.</xText>
          <xText><xBx> III</xBx> na podstawie <xLexLink xArt="art. 17;art. 17 § 1;art. 17 § 1 pkt. 6" xIsapId="WDU19970890555" xTitle="Ustawa z dnia 6 czerwca 1997 r. - Kodeks postępowania karnego" xAddress="Dz. U. z 1997 r. Nr 89, poz. 555">art. 17§1 pkt 6 k.p.k.</xLexLink> w zw. z <xLexLink xArt="art. 101;art. 101 § 1;art. 101 § 1 pkt. 4" xIsapId="WDU19970880553" xTitle="Ustawa z dnia 6 czerwca 1997 r. - Kodeks karny" xAddress="Dz. U. z 1997 r. Nr 88, poz. 553">art. 101§1 pkt 4 k.k.</xLexLink> i <xLexLink xArt="art. 102" xIsapId="WDU19970880553" xTitle="Ustawa z dnia 6 czerwca 1997 r. - Kodeks karny" xAddress="Dz. U. z 1997 r. Nr 88, poz. 553">art. 102 k.k.</xLexLink> postępowanie o czyn zarzucany w punkcie<xBx> III</xBx> aktu oskarżenia wobec oskarżonego<xBx><xAnon>L. S.</xAnon></xBx> umorzył;</xText>
          <xText><xBx> IV</xBx> na podstawie <xLexLink xArt="art. 17;art. 17 § 1;art. 17 § 1 pkt. 6" xIsapId="WDU19970890555" xTitle="Ustawa z dnia 6 czerwca 1997 r. - Kodeks postępowania karnego" xAddress="Dz. U. z 1997 r. Nr 89, poz. 555">art. 17§1 pkt 6 k.p.k.</xLexLink> w zw. z <xLexLink xArt="art. 44;art. 44 § 1;art. 44 § 1 pkt. 1;art. 44 § 5 k" xIsapId="WDU19990830930" xTitle="Ustawa z dnia 10 września 1999 r. - Kodeks karny skarbowy" xAddress="Dz. U. z 1999 r. Nr 83, poz. 930">art. 44 § 1 pkt 1 i § 5k</xLexLink>.k.s. przy zastosowaniu <xLexLink xArt="art. 2;art. 2 § 2" xIsapId="WDU19990830930" xTitle="Ustawa z dnia 10 września 1999 r. - Kodeks karny skarbowy" xAddress="Dz. U. z 1999 r. Nr 83, poz. 930">art. 2 § 2 k.k.s.</xLexLink> postępowanie o czyn zarzucany w punkcie<xBx> IV, V, VII, VIII, X, XI, XII, XIV, XV, XVIII</xBx> aktu oskarżenia wobec oskarżonego<xBx><xAnon>L. S.</xAnon></xBx> umorzył;</xText>
          <xText><xBx> V</xBx> uniewinnił oskarżonego<xBx><xAnon>L. S.</xAnon></xBx> od czynów zarzucanych w punkcie<xBx> VI</xBx> ,<xBx> XVI i XVII</xBx> aktu oskarżenia;</xText>
          <xText><xBx>
       VI</xBx> oskarżonego<xBx><xAnon>L. S.</xAnon></xBx> uznał za winnego tego, że w okresie od 10 listopada 1999 do 26 stycznia 2000 roku we <xAnon>W.</xAnon>, działając jako prezes <xAnon>(...) Sp. z o.o.</xAnon> z siedzibą we <xAnon>W.</xAnon> w celu uzyskania przez <xAnon>J. G. (1)</xAnon> właściciela <xAnon>firmy (...)</xAnon> kredytu w wysokości 500 000 złotych w <xAnon>Banku (...)</xAnon> udzielił mu pomocy w doprowadzeniu <xAnon>B.</xAnon> do niekorzystnego rozporządzenia mieniem znacznej wartości w wysokości 500 000 zł. w ten sposób, że wiedząc, że transakcja zakupu linii technologicznej nie miała miejsca wystawił nierzetelną <xAnon>fakturę VAT nr (...)</xAnon> z dnia 10 listopada 1999 roku na zakup linii technologicznej do produkcji okien w imieniu sprzedającego <xAnon>(...) Sp. z o.o.</xAnon> na rzecz <xAnon>(...)</xAnon>o wartości 768 600, którą następnie <xAnon>J. G. (1)</xAnon> przedłożył w banku jako dokument o istotnym znaczeniu dla uzyskania kredytu, wprowadzając w błąd pracowników Banku, co do zdolności kredytowej oraz możliwości uregulowania zaciąganych zobowiązań i zawarł umowę o kredyt obrotowy nr <xAnon>(...)</xAnon>, tj. przestępstwa z <xLexLink xArt="art. 18;art. 18 § 3" xIsapId="WDU19970880553" xTitle="Ustawa z dnia 6 czerwca 1997 r. - Kodeks karny" xAddress="Dz. U. z 1997 r. Nr 88, poz. 553">art. 18§ 3 kk</xLexLink>. w zw. z <xLexLink xArt="art. 286;art. 286 § 1" xIsapId="WDU19970880553" xTitle="Ustawa z dnia 6 czerwca 1997 r. - Kodeks karny" xAddress="Dz. U. z 1997 r. Nr 88, poz. 553">art. 286 § 1 kk</xLexLink>. w zw. z <xLexLink xArt="art. 294;art. 294 § 1" xIsapId="WDU19970880553" xTitle="Ustawa z dnia 6 czerwca 1997 r. - Kodeks karny" xAddress="Dz. U. z 1997 r. Nr 88, poz. 553">art. 294§ 1 kk</xLexLink>. w zb. z <xLexLink xArt="art. 297;art. 297 § 1" xIsapId="WDU19970880553" xTitle="Ustawa z dnia 6 czerwca 1997 r. - Kodeks karny" xAddress="Dz. U. z 1997 r. Nr 88, poz. 553">art. 297 § 1 kk</xLexLink>. w zw. z <xLexLink xArt="art. 12" xIsapId="WDU19970880553" xTitle="Ustawa z dnia 6 czerwca 1997 r. - Kodeks karny" xAddress="Dz. U. z 1997 r. Nr 88, poz. 553">art. 12 kk</xLexLink>. i 11 <xLexLink xArt="§ 2" xIsapId="WDU19970880553" xTitle="Ustawa z dnia 6 czerwca 1997 r. - Kodeks karny" xAddress="Dz. U. z 1997 r. Nr 88, poz. 553">§ 2 kk</xLexLink>.<xIx>
       ;</xIx></xText>
          <xText><xBx>
       VII</xBx> oskarżonego<xBx><xAnon>L. S.</xAnon></xBx> uznał za winnego tego, że w dniu 31 stycznia 2000 roku, działając w celu osiągnięcia korzyści majątkowej wystawił w imieniu <xAnon>firmy (...)</xAnon> z siedzibą we <xAnon>W.</xAnon>, której był właścicielem na rzecz <xAnon>Spółdzielni (...)</xAnon> w <xAnon>R.</xAnon>, której był Prezesem Zarządu poświadczający nieprawdę <xAnon>rachunek numer (...)</xAnon> z tytułu usług szkoleniowych w zakresie zmian w systemie podatkowym dotyczącym zakładów pracy chronionej w 2000 roku, opiewający na kwotę 6.500 złotych wiedząc, iż czynności takie nie miały w rzeczywistości miejsca, który to następnie rachunek przekazał do zaksięgowania pracownikom SI <xAnon>(...)</xAnon> z poleceniem dokonania zapłaty kwoty wskazanej na rachunku, tj. przestępstwa z <xLexLink xArt="art. 271;art. 271 § 3" xIsapId="WDU19970880553" xTitle="Ustawa z dnia 6 czerwca 1997 r. - Kodeks karny" xAddress="Dz. U. z 1997 r. Nr 88, poz. 553">art. 271 § 3 kk</xLexLink>. w zw. z <xLexLink xArt="art. 273" xIsapId="WDU19970880553" xTitle="Ustawa z dnia 6 czerwca 1997 r. - Kodeks karny" xAddress="Dz. U. z 1997 r. Nr 88, poz. 553">art. 273 kk</xLexLink>. w zw. z <xLexLink xArt="art. 11;art. 11 § 2" xIsapId="WDU19970880553" xTitle="Ustawa z dnia 6 czerwca 1997 r. - Kodeks karny" xAddress="Dz. U. z 1997 r. Nr 88, poz. 553">art. 11 § 2 kk</xLexLink>. i za to na podstawie <xLexLink xArt="art. 271;art. 271 § 3" xIsapId="WDU19970880553" xTitle="Ustawa z dnia 6 czerwca 1997 r. - Kodeks karny" xAddress="Dz. U. z 1997 r. Nr 88, poz. 553">art. 271 § 3 kk</xLexLink>. w zw. z <xLexLink xArt="art. 11;art. 11 § 3" xIsapId="WDU19970880553" xTitle="Ustawa z dnia 6 czerwca 1997 r. - Kodeks karny" xAddress="Dz. U. z 1997 r. Nr 88, poz. 553">art. 11 § 3 kk</xLexLink>. przy zastosowaniu <xLexLink xArt="art. 33;art. 33 § 2" xIsapId="WDU19970880553" xTitle="Ustawa z dnia 6 czerwca 1997 r. - Kodeks karny" xAddress="Dz. U. z 1997 r. Nr 88, poz. 553">art. 33 § 2 kk</xLexLink>. skazał go na karę 6 /sześciu/ miesięcy pozbawienia wolności i 50 /pięćdziesiąt/ stawek dziennych grzywny ustalając wysokość jednej stawki na kwotę 20 /dwadzieścia/ złotych;</xText>
          <xText><xBx> VIII</xBx> oskarżonego<xBx><xAnon>L. S.</xAnon></xBx> uznał za winnego tego, że w okresie od 10 sierpnia 2000 roku do dnia 17 października 2000 roku, w <xAnon>K.</xAnon>, działając wspólnie i w porozumieniu z <xAnon>R. P.</xAnon> oraz innymi ustalonymi osobami, co do których prowadzone jest odrębne postępowanie karne, działając w wykonaniu z góry powziętego zamiaru w celu osiągnięcia korzyści majątkowej, wykorzystując zawartą 9 czerwca 2000 r. umowę factoringu o finansowanie przez <xAnon>P.</xAnon> Bank faktur sprzedaży dokumentujących transakcje zawierane przez <xAnon>Centrum (...)</xAnon> doprowadził <xAnon>P.</xAnon> Bank do niekorzystnego rozporządzenia mieniem z tytułu sfinansowania przez <xAnon>(...) Bank SA</xAnon> nierzetelnych faktur sprzedaży, wystawianych przez <xAnon>Centrum (...) Sp. z o.o.</xAnon> na firmy: <xAnon>PHU (...)</xAnon>, <xAnon>(...)</xAnon>oraz SI <xAnon>(...)</xAnon>, w ten sposób, że wprowadził przedstawicieli banku w błąd, co do faktu, iż transakcje te rzeczywiście miały miejsce w ten sposób, że w okresie od 16 sierpnia 2000 roku do 15 września 2000 roku <xAnon>R. P.</xAnon> działający jako pełnomocnik <xAnon>Centrum (...) Sp. z o.o.</xAnon> w porozumieniu z oskarżonym wydał polecenie sporządzenia nie mniej niż 6 nierzetelnych faktur sprzedaży towarów przez <xAnon>Centrum (...)</xAnon> na <xAnon>PPHU (...)</xAnon>, <xAnon>(...)</xAnon>oraz SI <xAnon>(...)</xAnon>o łącznej wartości 227 225, 00 zł wiedząc, iż żadna z opisanych w fakturach transakcji nie została przeprowadzona, po czym faktury zostały następnie odebrane przez <xAnon>L. S.</xAnon> i po podpisaniu na jego polecenie przez przedstawicieli w/w firm oraz przez niego w imieniu SI <xAnon>(...)</xAnon> przedstawione w <xAnon>P.</xAnon> Banku do sfinansowania, w wyniku czego doprowadził <xAnon>(...) Bank SA</xAnon> Oddział w <xAnon>K.</xAnon> do niekorzystnego rozporządzenia mieniem znacznej wartości tj. w kwocie 227 225, 00 zł tj. przestępstwa z <xLexLink xArt="art. 286;art. 286 § 1" xIsapId="WDU19970880553" xTitle="Ustawa z dnia 6 czerwca 1997 r. - Kodeks karny" xAddress="Dz. U. z 1997 r. Nr 88, poz. 553">art. 286 § 1 kk</xLexLink>. w zw. z <xLexLink xArt="art. 294;art. 294 § 1" xIsapId="WDU19970880553" xTitle="Ustawa z dnia 6 czerwca 1997 r. - Kodeks karny" xAddress="Dz. U. z 1997 r. Nr 88, poz. 553">art. 294 § 1 kk</xLexLink>. w zw. z <xLexLink xArt="art. 12" xIsapId="WDU19970880553" xTitle="Ustawa z dnia 6 czerwca 1997 r. - Kodeks karny" xAddress="Dz. U. z 1997 r. Nr 88, poz. 553">art. 12 kk</xLexLink>. i przyjmując, że przestępstw przypisanych w punkcie<xBx> II i VIII</xBx> dopuścił się w warunkach ciągu na podstawie <xLexLink xArt="art. 286;art. 286 § 1" xIsapId="WDU19970880553" xTitle="Ustawa z dnia 6 czerwca 1997 r. - Kodeks karny" xAddress="Dz. U. z 1997 r. Nr 88, poz. 553">art. 286 § 1 kk</xLexLink>. w z w <xLexLink xArt="art. 294;art. 294 § 1" xIsapId="WDU19970880553" xTitle="Ustawa z dnia 6 czerwca 1997 r. - Kodeks karny" xAddress="Dz. U. z 1997 r. Nr 88, poz. 553">art. 294 § 1 kk</xLexLink>. w zw. z <xLexLink xArt="art. 91;art. 91 § 1" xIsapId="WDU19970880553" xTitle="Ustawa z dnia 6 czerwca 1997 r. - Kodeks karny" xAddress="Dz. U. z 1997 r. Nr 88, poz. 553">art. 91 § 1 kk</xLexLink>. przy zastosowaniu <xLexLink xArt="art. 33;art. 33 § 2" xIsapId="WDU19970880553" xTitle="Ustawa z dnia 6 czerwca 1997 r. - Kodeks karny" xAddress="Dz. U. z 1997 r. Nr 88, poz. 553">art. 33 § 2 kk</xLexLink>. wymierzył mu karę 3 /trzy/ lata pozbawienia wolności i 300 /trzysta/ stawek dziennych grzywny ustalając wysokość jednej stawki na kwotę 20 /dwadzieścia/ złotych;</xText>
          <xText><xBx> IX</xBx> oskarżonego<xBx><xAnon>L. S.</xAnon></xBx> uznał za winnego tego, że w okresie od 10 listopada do 14 grudnia 1999 roku, w krótkich odstępach czasu w wykonaniu z góry powziętego zamiaru, działając jako prezes zarządu <xAnon>(...) Sp. z o.o.</xAnon> udzielił pomocy <xAnon>J. G. (1)</xAnon> w doprowadzeniu Państwowego Funduszu <xAnon>(...) Osób Niepełnosprawnych</xAnon> do niekorzystnego rozporządzenia mieniem znacznej wartości w ten sposób, że w celu uzyskania przez <xAnon>J. G. (1)</xAnon> właściciela <xAnon>firmy (...)</xAnon> refundacji kosztów utworzenia nowych stanowisk pracy oraz refundacji kosztów wynagrodzeń niepełnosprawnych 10 listopada 1999 roku wystawił nierzetelną <xAnon>fakturę VAT nr (...)</xAnon> na zakup przez <xAnon>(...)</xAnon>linii technologicznej do produkcji okien wartości 768.600 złotych brutto, po czym <xAnon>J. G. (1)</xAnon> przedmiotową fakturę mającą istotne znaczenie dla uzyskania wymienionego wsparcia przedłożył w Starostwie Powiatowym w <xAnon>B.</xAnon> w zestawieniu kosztów organizacji nowych stanowisk pracy, po czym uzyskał refundację w kwocie 404 322, 00 zł z tytułu utworzenia nowych stanowisk pracy i 585 779, 50 z tytułu refundacji wynagrodzeń tj. w łącznej kwocie 990 101, 50 złotych, tj. przestępstwa z <xLexLink xArt="art. 18;art. 18 § 3" xIsapId="WDU19970880553" xTitle="Ustawa z dnia 6 czerwca 1997 r. - Kodeks karny" xAddress="Dz. U. z 1997 r. Nr 88, poz. 553">art. 18§ 3 kk</xLexLink>. w zw. z <xLexLink xArt="art. 286;art. 286 § 1" xIsapId="WDU19970880553" xTitle="Ustawa z dnia 6 czerwca 1997 r. - Kodeks karny" xAddress="Dz. U. z 1997 r. Nr 88, poz. 553">art. 286 § 1 kk</xLexLink>. w zw. z <xLexLink xArt="art. 294;art. 294 § 1" xIsapId="WDU19970880553" xTitle="Ustawa z dnia 6 czerwca 1997 r. - Kodeks karny" xAddress="Dz. U. z 1997 r. Nr 88, poz. 553">art. 294§ 1 kk</xLexLink>. w zb. z <xLexLink xArt="art. 297;art. 297 § 1" xIsapId="WDU19970880553" xTitle="Ustawa z dnia 6 czerwca 1997 r. - Kodeks karny" xAddress="Dz. U. z 1997 r. Nr 88, poz. 553">art. 297 § 1 kk</xLexLink>. w zw. z <xLexLink xArt="art. 12" xIsapId="WDU19970880553" xTitle="Ustawa z dnia 6 czerwca 1997 r. - Kodeks karny" xAddress="Dz. U. z 1997 r. Nr 88, poz. 553">art. 12 kk</xLexLink>. i 11 <xLexLink xArt="§ 2" xIsapId="WDU19970880553" xTitle="Ustawa z dnia 6 czerwca 1997 r. - Kodeks karny" xAddress="Dz. U. z 1997 r. Nr 88, poz. 553">§ 2 kk</xLexLink>. i przyjmując, że przestępstw przypisanych w punkcie<xBx> VI i IX</xBx> dopuścił się w warunkach ciągu na podstawie <xLexLink xArt="art. 19;art. 19 § 1" xIsapId="WDU19970880553" xTitle="Ustawa z dnia 6 czerwca 1997 r. - Kodeks karny" xAddress="Dz. U. z 1997 r. Nr 88, poz. 553">art. 19§ 1 kk</xLexLink>. w zw. z <xLexLink xArt="art. 286;art. 286 § 1" xIsapId="WDU19970880553" xTitle="Ustawa z dnia 6 czerwca 1997 r. - Kodeks karny" xAddress="Dz. U. z 1997 r. Nr 88, poz. 553">art. 286 § 1 kk</xLexLink>. w z w <xLexLink xArt="art. 294;art. 294 § 1" xIsapId="WDU19970880553" xTitle="Ustawa z dnia 6 czerwca 1997 r. - Kodeks karny" xAddress="Dz. U. z 1997 r. Nr 88, poz. 553">art. 294 § 1 kk</xLexLink>. i <xLexLink xArt="art. 91;art. 91 § 1" xIsapId="WDU19970880553" xTitle="Ustawa z dnia 6 czerwca 1997 r. - Kodeks karny" xAddress="Dz. U. z 1997 r. Nr 88, poz. 553">art. 91 § 1 kk</xLexLink>. przy zastosowaniu <xLexLink xArt="art. 33;art. 33 § 2" xIsapId="WDU19970880553" xTitle="Ustawa z dnia 6 czerwca 1997 r. - Kodeks karny" xAddress="Dz. U. z 1997 r. Nr 88, poz. 553">art. 33 § 2 kk</xLexLink>. wymierzył mu karę 3 /trzy/ lata pozbawienia wolności i 300 /trzysta/ stawek dziennych grzywny ustalając wysokość jednej stawki na kwotę 20 /dwadzieścia/ złotych;</xText>
          <xText><xBx> X</xBx> na podstawie <xLexLink xArt="art. 17;art. 17 § 1;art. 17 § 1 pkt. 6" xIsapId="WDU19970890555" xTitle="Ustawa z dnia 6 czerwca 1997 r. - Kodeks postępowania karnego" xAddress="Dz. U. z 1997 r. Nr 89, poz. 555">art. 17§1 pkt 6 k.p.k.</xLexLink> w zw. z <xLexLink xArt="art. 44;art. 44 § 1;art. 44 § 1 pkt. 1;art. 44 § 5 k" xIsapId="WDU19990830930" xTitle="Ustawa z dnia 10 września 1999 r. - Kodeks karny skarbowy" xAddress="Dz. U. z 1999 r. Nr 83, poz. 930">art. 44 § 1 pkt 1 i § 5k</xLexLink>.k.s. przy zastosowaniu <xLexLink xArt="art. 2;art. 2 § 2" xIsapId="WDU19990830930" xTitle="Ustawa z dnia 10 września 1999 r. - Kodeks karny skarbowy" xAddress="Dz. U. z 1999 r. Nr 83, poz. 930">art. 2 § 2 k.k.s.</xLexLink> postępowanie o czyn zarzucany w punkcie<xBx> XXI, XXIV</xBx> aktu oskarżenia wobec oskarżonego<xBx><xAnon>J. G. (1)</xAnon></xBx> umorzył;</xText>
          <xText><xBx>
       XI</xBx> oskarżonego<xBx><xAnon>J. G. (1)</xAnon></xBx> uznał za winnego tego, że w dniu 26 stycznia 2000 roku we <xAnon>W.</xAnon>, działając w wykonaniu z góry powziętego zamiaru jako właściciel <xAnon>firmy (...)</xAnon> z siedzibą we <xAnon>W.</xAnon> poprzez wprowadzenie w błąd pracowników <xAnon>Banku (...)</xAnon> w <xAnon>K.</xAnon> Oddział we <xAnon>W.</xAnon> co do zdolności kredytowej reprezentowanej spółki i zawarł umowę o kredyt obrotowy nr <xAnon>(...)</xAnon> w wysokości 500 000 złotych i jako jej zabezpieczenie umowę przewłaszczenia linii do produkcji okien przedkładając nierzetelną <xAnon>fakturę VAT nr (...)</xAnon> z dnia 10 listopada 1999 na zakup linii technologicznej do produkcji okien od <xAnon>firmy (...) Sp. z o.o.</xAnon> wystawioną przez <xAnon>L. S.</xAnon> na kwotę 768 600 złotych, o istotnym znaczeniu dla uzyskania kredytu wiedząc, że transakcja zakupu linii technologicznej nie miała miejsca, czym doprowadził <xAnon>B.</xAnon> do niekorzystnego rozporządzenia mieniem znacznej wartości w wysokości 500 000 złotych, tj. przestępstwa z <xLexLink xArt="art. 286;art. 286 § 1" xIsapId="WDU19970880553" xTitle="Ustawa z dnia 6 czerwca 1997 r. - Kodeks karny" xAddress="Dz. U. z 1997 r. Nr 88, poz. 553">art. 286 § 1 kk</xLexLink>. w zw. z <xLexLink xArt="art. 294;art. 294 § 1" xIsapId="WDU19970880553" xTitle="Ustawa z dnia 6 czerwca 1997 r. - Kodeks karny" xAddress="Dz. U. z 1997 r. Nr 88, poz. 553">art. 294 § 1 kk</xLexLink>. w zb. z <xLexLink xArt="art. 297;art. 297 § 1" xIsapId="WDU19970880553" xTitle="Ustawa z dnia 6 czerwca 1997 r. - Kodeks karny" xAddress="Dz. U. z 1997 r. Nr 88, poz. 553">art. 297 § 1kk</xLexLink> w zw. z <xLexLink xArt="art. 11;art. 11 § 2" xIsapId="WDU19970880553" xTitle="Ustawa z dnia 6 czerwca 1997 r. - Kodeks karny" xAddress="Dz. U. z 1997 r. Nr 88, poz. 553">art. 11 § 2 kk</xLexLink>. i 12 <xLexLink xArt="" xIsapId="WDU19970880553" xTitle="Ustawa z dnia 6 czerwca 1997 r. - Kodeks karny" xAddress="Dz. U. z 1997 r. Nr 88, poz. 553">k.k.</xLexLink> i za to z mocy <xLexLink xArt="art. 286;art. 286 § 1" xIsapId="WDU19970880553" xTitle="Ustawa z dnia 6 czerwca 1997 r. - Kodeks karny" xAddress="Dz. U. z 1997 r. Nr 88, poz. 553">art. 286 § 1 kk</xLexLink>. w zw. z <xLexLink xArt="art. 294;art. 294 § 1" xIsapId="WDU19970880553" xTitle="Ustawa z dnia 6 czerwca 1997 r. - Kodeks karny" xAddress="Dz. U. z 1997 r. Nr 88, poz. 553">art. 294 § 1 kk</xLexLink>. w zw. z <xLexLink xArt="art. 11;art. 11 § 3" xIsapId="WDU19970880553" xTitle="Ustawa z dnia 6 czerwca 1997 r. - Kodeks karny" xAddress="Dz. U. z 1997 r. Nr 88, poz. 553">art. 11 § 3 kk</xLexLink>. przy zastosowaniu <xLexLink xArt="art. 33;art. 33 § 2" xIsapId="WDU19970880553" xTitle="Ustawa z dnia 6 czerwca 1997 r. - Kodeks karny" xAddress="Dz. U. z 1997 r. Nr 88, poz. 553">art. 33 § 2 kk</xLexLink>. skazał go na karę 1(jeden) roku i 6 (sześć) miesięcy pozbawienia wolności i 200 /dwieście/ stawek dziennych grzywny ustalając wysokość jednej stawki na kwotę 20 /dwadzieścia/ złotych</xText>
          <xText><xBx> XII</xBx> na podstawie <xLexLink xArt="art. 17;art. 17 § 1;art. 17 § 1 pkt. 6" xIsapId="WDU19970890555" xTitle="Ustawa z dnia 6 czerwca 1997 r. - Kodeks postępowania karnego" xAddress="Dz. U. z 1997 r. Nr 89, poz. 555">art. 17§1 pkt 6 k.p.k.</xLexLink> w zw. z <xLexLink xArt="art. 4;art. 4 § 1 k" xIsapId="WDU19970890555" xTitle="Ustawa z dnia 6 czerwca 1997 r. - Kodeks postępowania karnego" xAddress="Dz. U. z 1997 r. Nr 89, poz. 555">art. 4 § 1k</xLexLink>.k. postępowanie o czyn zarzucany w punkcie<xBx> XXIII</xBx> aktu oskarżenia z <xLexLink xArt="art. 258;art. 258 § 1" xIsapId="WDU19970880553" xTitle="Ustawa z dnia 6 czerwca 1997 r. - Kodeks karny" xAddress="Dz. U. z 1997 r. Nr 88, poz. 553">art. 258 § 1 kk</xLexLink>. wobec oskarżonego<xBx><xAnon>J. G. (1)</xAnon></xBx> umorzył;</xText>
          <xText><xBx> XIII</xBx> oskarżonego<xBx><xAnon>J. G. (1)</xAnon></xBx> uznał za winnego tego, że w okresie od 27 maja 1999 roku do 29 września 2003 roku działając w krótkich odstępach czasu, w wykonaniu z góry powziętego zamiaru w celu osiągnięcia korzyści majątkowej doprowadził Państwowy Fundusz <xAnon>(...) Osób Niepełnosprawnych</xAnon> do niekorzystnego rozporządzenia mieniem tj. wypłaty wsparcia finansowego w kwocie 404 322, 00 zł z tytułu utworzenia nowych stanowisk pracy i w kwocie 585 779, 50 z tytułu refundacji wynagrodzeń tj. w łącznej kwocie 990 101, 50 złotych, w ten sposób, że wprowadził <xAnon>(...)</xAnon>za pośrednictwem Starostwa Powiatowego w <xAnon>B.</xAnon> w błąd, co do kondycji finansowej reprezentowanej spółki w ten sposób, że przedłożył w Starostwie Powiatowym w <xAnon>B.</xAnon> w zestawieniu kosztów organizacji nowych stanowisk pracy nierzetelną <xAnon>fakturę VAT nr (...)</xAnon> wystawioną przez prezesa zarządu <xAnon>(...) Sp. z o.o.</xAnon><xAnon>L. S.</xAnon> na zakup linii technologicznej do produkcji okien o wartości 768 600 złotych, dotycząca okoliczności o istotnym znaczeniu dla uzyskania tego wsparcia finansowego tj. przestępstwa z <xLexLink xArt="art. 286;art. 286 § 1" xIsapId="WDU19970880553" xTitle="Ustawa z dnia 6 czerwca 1997 r. - Kodeks karny" xAddress="Dz. U. z 1997 r. Nr 88, poz. 553">art. 286§ 1 kk</xLexLink>. w zw. z <xLexLink xArt="art. 294;art. 294 § 1" xIsapId="WDU19970880553" xTitle="Ustawa z dnia 6 czerwca 1997 r. - Kodeks karny" xAddress="Dz. U. z 1997 r. Nr 88, poz. 553">art. 294§ 1 kk</xLexLink>. w zb. z <xLexLink xArt="art. 297;art. 297 § 1" xIsapId="WDU19970880553" xTitle="Ustawa z dnia 6 czerwca 1997 r. - Kodeks karny" xAddress="Dz. U. z 1997 r. Nr 88, poz. 553">art. 297 § 1 kk</xLexLink>. w zw. z <xLexLink xArt="art. 11;art. 11 § 2" xIsapId="WDU19970880553" xTitle="Ustawa z dnia 6 czerwca 1997 r. - Kodeks karny" xAddress="Dz. U. z 1997 r. Nr 88, poz. 553">art. 11 § 2 kk</xLexLink>. w zw. z <xLexLink xArt="art. 12" xIsapId="WDU19970880553" xTitle="Ustawa z dnia 6 czerwca 1997 r. - Kodeks karny" xAddress="Dz. U. z 1997 r. Nr 88, poz. 553">art. 12 kk</xLexLink>. i za to na podstawie <xLexLink xArt="art. 286;art. 286 § 1 k" xIsapId="WDU19970880553" xTitle="Ustawa z dnia 6 czerwca 1997 r. - Kodeks karny" xAddress="Dz. U. z 1997 r. Nr 88, poz. 553">art. 286§1k</xLexLink>.k. w zw. z <xLexLink xArt="art. 294;art. 294 § 1" xIsapId="WDU19970880553" xTitle="Ustawa z dnia 6 czerwca 1997 r. - Kodeks karny" xAddress="Dz. U. z 1997 r. Nr 88, poz. 553">art. 294§ 1 kk</xLexLink>. w zw. z <xLexLink xArt="art. 11;art. 11 § 3" xIsapId="WDU19970880553" xTitle="Ustawa z dnia 6 czerwca 1997 r. - Kodeks karny" xAddress="Dz. U. z 1997 r. Nr 88, poz. 553">art. 11 § 3 kk</xLexLink>. przy zastosowaniu <xLexLink xArt="art. 33;art. 33 § 2" xIsapId="WDU19970880553" xTitle="Ustawa z dnia 6 czerwca 1997 r. - Kodeks karny" xAddress="Dz. U. z 1997 r. Nr 88, poz. 553">art. 33 § 2 kk</xLexLink>. skazał go na karę 2 /dwóch/ lat pozbawienia wolności i 300 /trzysta/ stawek dziennych grzywny ustalając wysokość jednej stawki na kwotę 20 /dwadzieścia/ złotych.</xText>
          <xText><xBx> XIV</xBx> na podstawie <xLexLink xArt="art. 72;art. 72 § 2" xIsapId="WDU19970880553" xTitle="Ustawa z dnia 6 czerwca 1997 r. - Kodeks karny" xAddress="Dz. U. z 1997 r. Nr 88, poz. 553">art. 72§2 kk</xLexLink>. zobowiązał oskarżonego <xAnon>J. G. (1)</xAnon> do naprawienia szkody poprzez zapłatę kwoty 990 101, 50 zł. (dziewięćset dziewięćdziesiąt tysięcy, sto jeden zł. i pięćdziesiąt groszy) w terminie czterech lat na rzecz Państwowego Funduszu <xAnon>(...) Osób Niepełnosprawnych</xAnon>;</xText>
          <xText><xBx> XV</xBx> na podstawie <xLexLink xArt="art. 17;art. 17 § 1;art. 17 § 1 pkt. 6" xIsapId="WDU19970890555" xTitle="Ustawa z dnia 6 czerwca 1997 r. - Kodeks postępowania karnego" xAddress="Dz. U. z 1997 r. Nr 89, poz. 555">art. 17§1 pkt 6 k.p.k.</xLexLink> w zw. z <xLexLink xArt="art. 44;art. 44 § 1;art. 44 § 1 pkt. 1;art. 44 § 5 k" xIsapId="WDU19990830930" xTitle="Ustawa z dnia 10 września 1999 r. - Kodeks karny skarbowy" xAddress="Dz. U. z 1999 r. Nr 83, poz. 930">art. 44 § 1 pkt 1 i § 5k</xLexLink>.k.s. przy zastosowaniu <xLexLink xArt="art. 2;art. 2 § 2" xIsapId="WDU19990830930" xTitle="Ustawa z dnia 10 września 1999 r. - Kodeks karny skarbowy" xAddress="Dz. U. z 1999 r. Nr 83, poz. 930">art. 2 § 2 k.k.s.</xLexLink> postępowanie o czyn zarzucany w punkcie<xBx> XXVI</xBx> aktu oskarżenia wobec oskarżonego<xBx><xAnon>R. P.</xAnon></xBx> umorzył;</xText>
          <xText><xBx> XVI</xBx> oskarżonego<xBx><xAnon>R. P.</xAnon></xBx> uznał za winnego tego, że w okresie od 10 sierpnia 2000 roku do dnia 17 października 2000 roku, w <xAnon>K.</xAnon>, działając wspólnie i w porozumieniu z <xAnon>L. S.</xAnon>, działając w wykonaniu z góry powziętego zamiaru w celu osiągnięcia korzyści majątkowej, wykorzystując zawartą 9 czerwca 2000 r. umowę factoringu o finansowanie przez <xAnon>P.</xAnon> Bank faktur sprzedaży dokumentujących transakcje zawierane przez <xAnon>Centrum (...)</xAnon> doprowadził <xAnon>P.</xAnon> Bank do niekorzystnego rozporządzenia mieniem z tytułu sfinansowania przez Bank nierzetelnych faktur sprzedaży, wystawianych przez <xAnon>Centrum (...) Sp. z o.o.</xAnon> na firmy: <xAnon>PHU (...)</xAnon> z siedzibą we <xAnon>W.</xAnon>, <xAnon>(...)</xAnon>z siedzibą we <xAnon>W.</xAnon> oraz SI <xAnon>(...)</xAnon> w <xAnon>R.</xAnon>, w ten sposób, że wprowadzając pracowników banku w błąd, co do faktu iż transakcje te rzeczywiście miały miejsce w ten sposób, że w okresie od 16 sierpnia 2000 roku do 15 września 2000 roku <xAnon>R. P.</xAnon> działający jako pełnomocnik <xAnon>Centrum (...) Sp. z o.o.</xAnon> wydał polecenie sporządzenia nie mniej niż 6 nierzetelnych faktur sprzedaży towarów przez <xAnon>Centrum (...)</xAnon> na <xAnon>PPHU (...)</xAnon>, <xAnon>(...)</xAnon>oraz SI <xAnon>(...)</xAnon> o łącznej wartości 227225, 00 zł wiedząc, iż żadna z opisanych w fakturach transakcji nie została przeprowadzona, po czym faktury zostały następnie odebrane przez <xAnon>L. S.</xAnon> i po podpisaniu na jego polecenie przez przedstawicieli w/w firm oraz przez niego w imieniu SI <xAnon>(...)</xAnon> przedstawione w <xAnon>P.</xAnon> Banku do wykupu, w wyniku, czego doprowadził <xAnon>(...) Bank SA</xAnon> Oddział w <xAnon>K.</xAnon> do niekorzystnego rozporządzenia mieniem znacznej wartości tj. w kwocie 227 225, 00 zł tj. przestępstwa z <xLexLink xArt="art. 286;art. 286 § 1" xIsapId="WDU19970880553" xTitle="Ustawa z dnia 6 czerwca 1997 r. - Kodeks karny" xAddress="Dz. U. z 1997 r. Nr 88, poz. 553">art. 286 § 1 kk</xLexLink>. w z w. z <xLexLink xArt="art. 294;art. 294 § 1" xIsapId="WDU19970880553" xTitle="Ustawa z dnia 6 czerwca 1997 r. - Kodeks karny" xAddress="Dz. U. z 1997 r. Nr 88, poz. 553">art. 294 § 1 kk</xLexLink>. w zw. z <xLexLink xArt="art. 12" xIsapId="WDU19970880553" xTitle="Ustawa z dnia 6 czerwca 1997 r. - Kodeks karny" xAddress="Dz. U. z 1997 r. Nr 88, poz. 553">art. 12 kk</xLexLink>. i za to na podstawie <xLexLink xArt="art. 286;art. 286 § 1" xIsapId="WDU19970880553" xTitle="Ustawa z dnia 6 czerwca 1997 r. - Kodeks karny" xAddress="Dz. U. z 1997 r. Nr 88, poz. 553">art. 286 § 1 kk</xLexLink>. <xLexLink xArt="art. 294;art. 294 § 1" xIsapId="WDU19970880553" xTitle="Ustawa z dnia 6 czerwca 1997 r. - Kodeks karny" xAddress="Dz. U. z 1997 r. Nr 88, poz. 553">art. 294 § 1 kk</xLexLink>. przy zastosowaniu <xLexLink xArt="art. 33;art. 33 § 2" xIsapId="WDU19970880553" xTitle="Ustawa z dnia 6 czerwca 1997 r. - Kodeks karny" xAddress="Dz. U. z 1997 r. Nr 88, poz. 553">art. 33 § 2 kk</xLexLink>. wymierzył im kary po 2 /dwa/ lata pozbawienia wolności i po 200 /dwieście/ stawek dziennych grzywny ustalając wysokość jednej stawki na kwotę 20 /dwadzieścia/ złotych;</xText>
          <xText><xBx> XVII</xBx> na podstawie <xLexLink xArt="art. 17;art. 17 § 1;art. 17 § 1 pkt. 6" xIsapId="WDU19970890555" xTitle="Ustawa z dnia 6 czerwca 1997 r. - Kodeks postępowania karnego" xAddress="Dz. U. z 1997 r. Nr 89, poz. 555">art. 17§1 pkt 6 k.p.k.</xLexLink> w zw. z <xLexLink xArt="art. 4;art. 4 § 1 k" xIsapId="WDU19970890555" xTitle="Ustawa z dnia 6 czerwca 1997 r. - Kodeks postępowania karnego" xAddress="Dz. U. z 1997 r. Nr 89, poz. 555">art. 4 § 1k</xLexLink>.k. postępowanie o czyn zarzucany w punkcie<xBx> XXVIII</xBx> aktu oskarżenia z <xLexLink xArt="art. 258;art. 258 § 1" xIsapId="WDU19970880553" xTitle="Ustawa z dnia 6 czerwca 1997 r. - Kodeks karny" xAddress="Dz. U. z 1997 r. Nr 88, poz. 553">art. 258 § 1 kk</xLexLink>. wobec oskarżonego<xBx><xAnon>R. P.</xAnon></xBx> umorzył;</xText>
          <xText><xBx> XVIII</xBx> uniewinnił oskarżonego<xBx><xAnon>J. S.</xAnon></xBx> od czynu zarzucanego w punkcie<xBx> XXIX i XXX</xBx> aktu oskarżenia;</xText>
          <xText><xBx>
       XIX</xBx> na podstawie <xLexLink xArt="art. 17;art. 17 § 1;art. 17 § 1 pkt. 6" xIsapId="WDU19970890555" xTitle="Ustawa z dnia 6 czerwca 1997 r. - Kodeks postępowania karnego" xAddress="Dz. U. z 1997 r. Nr 89, poz. 555">art. 17§1 pkt 6 k.p.k.</xLexLink> w zw. z <xLexLink xArt="art. 44;art. 44 § 1;art. 44 § 1 pkt. 1;art. 44 § 5 k" xIsapId="WDU19990830930" xTitle="Ustawa z dnia 10 września 1999 r. - Kodeks karny skarbowy" xAddress="Dz. U. z 1999 r. Nr 83, poz. 930">art. 44 § 1 pkt 1 i § 5k</xLexLink>.k.s. przy zastosowaniu <xLexLink xArt="art. 2;art. 2 § 2" xIsapId="WDU19990830930" xTitle="Ustawa z dnia 10 września 1999 r. - Kodeks karny skarbowy" xAddress="Dz. U. z 1999 r. Nr 83, poz. 930">art. 2 § 2 k.k.s.</xLexLink> postępowanie o czyny zarzucane w punkcie<xBx>
       XXXI, XXXVII,</xBx> aktu oskarżenia wobec oskarżonego<xBx><xAnon>Z. G.</xAnon></xBx> umorzył;</xText>
          <xText><xBx>
       XX</xBx> oskarżonego<xBx><xAnon>Z. G.</xAnon></xBx> uznał za winnego tego, że w okresie od dnia 1 stycznia 1999 roku do 28 września 2001 roku, we <xAnon>W.</xAnon>, w krótkich odstępach czasu, w wykonaniu z góry powziętego zamiaru, działając jako Prezes jednoosobowego <xAnon>Zarządu (...) Sp. z o.o.</xAnon>, <xAnon>W.</xAnon>, <xAnon>ul. (...)</xAnon>, będąc uprawnionym do przyjmowania i wystawiania faktur VAT dotyczących sprzedaży towarów i usług, działając w celu osiągnięcia korzyści majątkowej, poprzez:</xText>
          <xEnum>
            <xBullet> -</xBullet>
            <xEnumElem>
              <xText> zawyżenie kosztów uzyskania przychodu o kwotę 2 112 080, 04 w 1999 r.</xText>
            </xEnumElem>
            <xEnumElem>
              <xText> zaniżenie przychodów w wysokości 230 669, 71 zł. w 1999 r.</xText>
            </xEnumElem>
            <xEnumElem>
              <xText> zawyżenie kosztów uzyskania przychodu o kwotę 403 077, 21 w 2000 r.</xText>
            </xEnumElem>
            <xEnumElem>
              <xText> zaniżenie przychodów w wysokości 220 617, 61 zł. w 2000 r.</xText>
            </xEnumElem>
          </xEnum>
          <xText> a następnie podając nieprawdę w zeznaniach podatkowych za lata 1999 i 2000 złożonych w dniach 29.09.2000 roku i 28.09.2001 roku w imieniu <xAnon>Sp. z o.o. (...)</xAnon> w Urzędzie Skarbowym <xAnon>W.</xAnon> i wykazanie z tego tytułu podstawy opodatkowania zaniżonej w stosunku do rzeczywistego stanu rzeczy w wysokościach: 2 342 750, 65 zł za rok 1999 oraz 623 694, 82 zł za rok 2000, naraził podatek na uszczuplenie w wysokości 983 643, 00 zł. tj. przestępstwa skarbowego z <xLexLink xArt="art. 56;art. 56 § 1" xIsapId="WDU19990830930" xTitle="Ustawa z dnia 10 września 1999 r. - Kodeks karny skarbowy" xAddress="Dz. U. z 1999 r. Nr 83, poz. 930">art. 56 § 1 kks</xLexLink> w zw. z <xLexLink xArt="art. 6;art. 6 § 2" xIsapId="WDU19990830930" xTitle="Ustawa z dnia 10 września 1999 r. - Kodeks karny skarbowy" xAddress="Dz. U. z 1999 r. Nr 83, poz. 930">art. 6 § 2 kks</xLexLink> i za to na podstawie <xLexLink xArt="art. 56;art. 56 § 1" xIsapId="WDU19990830930" xTitle="Ustawa z dnia 10 września 1999 r. - Kodeks karny skarbowy" xAddress="Dz. U. z 1999 r. Nr 83, poz. 930">art. 56 § 1 kks</xLexLink> wymierzył mu karę 6 (sześć) miesięcy pozbawienia wolności oraz grzywny w wysokości 300 (trzysta) stawek dziennych ustalając wysokość jednej stawki na kwotę 50 (pięćdziesiąt) złotych;</xText>
          <xText><xBx>
       XXI</xBx> oskarżonego<xBx><xAnon>Z. G.</xAnon></xBx> uznał za winnych tego, ze w okresie od 13 marca 2002 roku do dnia 30 stycznia 2003 roku we <xAnon>W.</xAnon> działając w wykonaniu z góry powziętego zamiaru, wspólnie i w porozumieniu z <xAnon>J. T.</xAnon>, <xAnon>H. M. (1)</xAnon> i <xAnon>G. A.</xAnon> w krótkich odstępach czasu, w celu osiągnięcia korzyści majątkowej, dysponując środkami finansowymi pochodzącymi z korzyści związanych w popełnieniem czynów zabronionych na szkodę <xAnon>Spółki (...)</xAnon> i wierzycieli spółki a nadto z <xLexLink xArt="" xIsapId="WDU19990830930" xTitle="Ustawa z dnia 10 września 1999 r. - Kodeks karny skarbowy" xAddress="Dz. U. z 1999 r. Nr 83, poz. 930">kks</xLexLink>. podjął czynności mające na celu udaremnienie i znaczne utrudnienie stwierdzenia przestępnego pochodzenia tych pieniędzy i ich wykrycie i zajęcie, polegające na tym, że:</xText>
          <xText> - z jego inicjatywy w oparciu o majątek i kontakty handlowe Sp. <xAnon>(...)</xAnon> zarejestrowano działalność gospodarczą o takim samym profilu jak Sp. <xAnon>(...)</xAnon> tj. <xAnon>firmę (...)</xAnon> przez <xAnon>H. M. (1)</xAnon> oraz <xAnon>firmę (...)</xAnon> przez <xAnon>J. T.</xAnon></xText>
          <xText> - 2 kwietnia 2002 roku dla uwiarygodnienia posiadania pieniędzy przez <xAnon>H. M. (1)</xAnon> prowadzącego <xAnon>firmę (...)</xAnon> na prośbę <xAnon>Z. G.</xAnon> podpisał z nim umowę pożyczki kwoty 500 000 zł.;</xText>
          <xText> - 2 kwietnia 2002 roku H. <xAnon>M.</xAnon> zawarł umowę kupna towaru w postaci różnych preparatów kosmetycznych o faktycznej wartości 3 500 000 zł, za 500 000 zł. od <xAnon>Spółki (...)</xAnon> i 3 kwietnia 2002 r. przelał z konta <xAnon>firmy (...)</xAnon> z <xAnon>Banku (...) Oddział</xAnon> we <xAnon>W.</xAnon>, nr <xAnon>(...)</xAnon>- <xAnon>(...)</xAnon>-136- <xAnon>(...)</xAnon> wcześniej wpłacone na to konto ze Z. <xAnon>G.</xAnon> środki na konto <xAnon>firmy (...)</xAnon> za zakup w/w kosmetyków,</xText>
          <xText> -następnie prowadząc sprzedaż kosmetyków nabytych od <xAnon>firmy (...)</xAnon>, pieniądze pochodzące z ich sprzedaży, w łącznej kwocie co najmniej 767 856, 90 zł, na podstawie czeków gotówkowych lub dyspozycji ustnych wraz z H <xAnon>M.</xAnon> wypłacili z rachunku spółki 628 300 zł.,</xText>
          <xText> - 10 kwietnia 2002 roku, dla uwiarygodnienia posiadania pieniędzy przez <xAnon>J. T.</xAnon> prowadzącej działalność gospodarczą w ramach <xAnon>Sp. z o.o. (...)</xAnon>, <xAnon>G. A.</xAnon> na prośbę <xAnon>Z. G.</xAnon> sporządził z nią umowę pożyczki kwoty 350 000 zł. umożliwiając w ten sposób Z. <xAnon>(...)</xAnon> zainwestowanie środków finansowych w takiej wysokości pochodzących z korzyści związanych w popełnieniem czynów zabronionych na zakup wcześniej zamówionych kosmetyków przez sp. <xAnon>(...)</xAnon> i ich sprzedaż w ramach nowo utworzonej spółki, osiągając znaczną korzyść majątkową nie mniejsza niż 850 000 zł. tj. przestępstwa z <xLexLink xArt="art. 299;art. 299 § 5;art. 299 § 6" xIsapId="WDU19970880553" xTitle="Ustawa z dnia 6 czerwca 1997 r. - Kodeks karny" xAddress="Dz. U. z 1997 r. Nr 88, poz. 553">art. 299 § 5 i 6 kk</xLexLink>. w zw. z <xLexLink xArt="art. 299;art. 299 § 1" xIsapId="WDU19970880553" xTitle="Ustawa z dnia 6 czerwca 1997 r. - Kodeks karny" xAddress="Dz. U. z 1997 r. Nr 88, poz. 553">art. 299 § 1 kk</xLexLink>. w zw. z <xLexLink xArt="art. 12" xIsapId="WDU19970880553" xTitle="Ustawa z dnia 6 czerwca 1997 r. - Kodeks karny" xAddress="Dz. U. z 1997 r. Nr 88, poz. 553">art. 12 kk</xLexLink>. i z <xLexLink xArt="art. 11;art. 11 § 3" xIsapId="WDU19970880553" xTitle="Ustawa z dnia 6 czerwca 1997 r. - Kodeks karny" xAddress="Dz. U. z 1997 r. Nr 88, poz. 553">art. 11 § 3 kk</xLexLink>. i za to na podstawie <xLexLink xArt="art. 299;art. 299 § 5" xIsapId="WDU19970880553" xTitle="Ustawa z dnia 6 czerwca 1997 r. - Kodeks karny" xAddress="Dz. U. z 1997 r. Nr 88, poz. 553">art. 299 § 5 kk</xLexLink>. w zw. z <xLexLink xArt="art. 11;art. 11 § 3" xIsapId="WDU19970880553" xTitle="Ustawa z dnia 6 czerwca 1997 r. - Kodeks karny" xAddress="Dz. U. z 1997 r. Nr 88, poz. 553">art. 11 § 3 kk</xLexLink>. wymierzył mu karę 2 (dwóch) lat pozbawienia wolności, a na podstawie <xLexLink xArt="art. 33;art. 33 § 2" xIsapId="WDU19970880553" xTitle="Ustawa z dnia 6 czerwca 1997 r. - Kodeks karny" xAddress="Dz. U. z 1997 r. Nr 88, poz. 553">art. 33 § 2 k.k.</xLexLink> kary grzywny w wysokości po 300 (trzysta) stawek dziennych ustalając wysokość jednej stawki na kwotę 50 (pięćdziesiąt) złotych;</xText>
          <xText><xBx>
       XXII</xBx> oskarżonego<xBx><xAnon>Z. G.</xAnon></xBx> uznał za winnego tego, że w okresie od dnia 13 grudnia 2001 roku do 14 lutego 2002 roku we <xAnon>W.</xAnon> w wykonaniu z góry powziętego zamiaru, w celu osiągnięcia korzyści majątkowej, występując jako Prezes Zarządu <xAnon>Sp. z o.o. (...)</xAnon> w obliczu grożącej <xAnon>Sp. z o.o. (...)</xAnon> upadłości, usunął zagrożone zajęciem na poczet zaspokojenia roszczeń wierzycieli spółki składniki majątku spółki w ten sposób, że zawarł z <xAnon>H. M. (1)</xAnon>, umowy sprzedaży samochodu osobowego, motoroweru oraz przyczepy ciężarowej do samochodu i tak:</xText>
          <xText> - 13 grudnia 2001 roku umowę sprzedaży samochodu osobowego marki <xAnon>A.</xAnon> A 8 <xAnon>nr rej. (...)</xAnon> za kwotę 80 028 zł., <xAnon>faktura VAT nr (...)</xAnon>;</xText>
          <xText> - 4 stycznia 2002 roku umowę sprzedaży motoroweru marki <xAnon>G.</xAnon><xAnon>R.</xAnon> nr ramy <xAnon>(...)</xAnon>, nr silnika <xAnon>(...)</xAnon> za kwotę 4 880 zł., <xAnon>faktura VAT nr (...)</xAnon>;</xText>
          <xText> - 14 lutego 2002 roku umowę sprzedaży przyczepy ciężarowej typ <xAnon>(...)</xAnon><xAnon>N.</xAnon><xAnon>nr rej. (...)</xAnon> za kwotę 1 037 zł., <xAnon>faktura VAT nr (...)</xAnon>,</xText>
          <xText> przez co uszczuplił zaspokojenie wierzycieli spółki tj. przestępstwa z <xLexLink xArt="art. 300;art. 300 § 1" xIsapId="WDU19970880553" xTitle="Ustawa z dnia 6 czerwca 1997 r. - Kodeks karny" xAddress="Dz. U. z 1997 r. Nr 88, poz. 553">art. 300 § 1 kk</xLexLink>. w zw. z <xLexLink xArt="art. 12" xIsapId="WDU19970880553" xTitle="Ustawa z dnia 6 czerwca 1997 r. - Kodeks karny" xAddress="Dz. U. z 1997 r. Nr 88, poz. 553">art. 12 kk</xLexLink>. i za to na podstawie <xLexLink xArt="art. 300;art. 300 § 1" xIsapId="WDU19970880553" xTitle="Ustawa z dnia 6 czerwca 1997 r. - Kodeks karny" xAddress="Dz. U. z 1997 r. Nr 88, poz. 553">art. 300 § 1 kk</xLexLink>. wymierza mu karę 6 (sześć) miesięcy pozbawienia wolności a na podstawie <xLexLink xArt="art. 33;art. 33 § 2" xIsapId="WDU19970880553" xTitle="Ustawa z dnia 6 czerwca 1997 r. - Kodeks karny" xAddress="Dz. U. z 1997 r. Nr 88, poz. 553">art. 33 § 2 k.k.</xLexLink> kary grzywny w wysokości po 200 (dwieście) stawek dziennych ustalając wysokość jednej stawki na kwotę 50 (pięćdziesiąt) złotych;</xText>
          <xText><xBx>
       XXIII</xBx> oskarżonego<xBx><xAnon>Z. G.</xAnon></xBx> uznał za winnego tego, że w okresie od 7 maja 1999 roku do 29 lutego 2000 roku we <xAnon>W.</xAnon>, w wykonaniu z góry powziętego zamiaru, działając w krótkich odstępach czasu, pełniąc funkcję Prezesa Zarządu oraz będąc jednoosobowym udziałowcem Spółki, <xAnon>(...) Sp. z o.o.</xAnon>, będąc uprawnionym do przyjmowania i wystawiania faktur VAT dotyczących sprzedaży towarów i usług, działając w celu osiągnięcia korzyści majątkowej, poprzez nadużycie posiadanych uprawnień wyrażające się w potwierdzaniu fikcyjnego zakupu usług i towarów o łącznej wartości 2 055 146, 31 zł od innych podmiotów i przelaniu na konta bankowe tychże podmiotów środków finansowych w łącznej kwocie nie mniejszej niż 2 055 146, 31 zł, wyrządził <xAnon>Sp. z o.o. (...)</xAnon> szkodę majątkową w wielkich rozmiarach tj. przestępstwa z <xLexLink xArt="art. 296;art. 296 § 1;art. 296 § 2;art. 296 § 3" xIsapId="WDU19970880553" xTitle="Ustawa z dnia 6 czerwca 1997 r. - Kodeks karny" xAddress="Dz. U. z 1997 r. Nr 88, poz. 553">art. 296 §1, 2 i 3 kk</xLexLink>. w zw. z <xLexLink xArt="art. 11;art. 11 § 2" xIsapId="WDU19970880553" xTitle="Ustawa z dnia 6 czerwca 1997 r. - Kodeks karny" xAddress="Dz. U. z 1997 r. Nr 88, poz. 553">art. 11§ 2 kk</xLexLink>. i <xLexLink xArt="art. 12" xIsapId="WDU19970880553" xTitle="Ustawa z dnia 6 czerwca 1997 r. - Kodeks karny" xAddress="Dz. U. z 1997 r. Nr 88, poz. 553">art. 12 k.k.</xLexLink> i za to na podstawie <xLexLink xArt="art. 296;art. 296 § 3" xIsapId="WDU19970880553" xTitle="Ustawa z dnia 6 czerwca 1997 r. - Kodeks karny" xAddress="Dz. U. z 1997 r. Nr 88, poz. 553">art. 296 § 3 kk</xLexLink>. w zw. z <xLexLink xArt="art. 11;art. 11 § 3" xIsapId="WDU19970880553" xTitle="Ustawa z dnia 6 czerwca 1997 r. - Kodeks karny" xAddress="Dz. U. z 1997 r. Nr 88, poz. 553">art. 11§ 3 kk</xLexLink>. wymierzył mu karę 2 /dwa/ lata pozbawienia wolności, a na podstawie <xLexLink xArt="art. 33;art. 33 § 2" xIsapId="WDU19970880553" xTitle="Ustawa z dnia 6 czerwca 1997 r. - Kodeks karny" xAddress="Dz. U. z 1997 r. Nr 88, poz. 553">art. 33 § 2 kk</xLexLink>. karę grzywny w wysokości 250 (dwustu pięćdziesięciu) stawek dziennych ustalając wysokość jednej stawki na kwotę 50 (pięćdziesiąt) złotych;</xText>
          <xText><xBx>
       XXIV</xBx> oskarżonego<xBx><xAnon>Z. G.</xAnon></xBx> uznał za winnego tego, że w okresie od 11 stycznia 2002 roku do 16 kwietnia 2002 roku, we <xAnon>W.</xAnon>, w wykonaniu z góry powziętego zamiaru, działając w celu osiągnięcia korzyści majątkowej, w krótkich odstępach czasu, jako Prezes Zarządu oraz jednoosobowy udziałowiec <xAnon>Spółki (...) Sp. z o.o.</xAnon>, będąc zobowiązanym do zajmowania się sprawami majątkowymi spółki, poprzez nadużycie uprawnień, nie posiadając stosownego upoważnienia Walnego Zgromadzenia <xAnon>(...) Sp. z o.o.</xAnon><xAnon>(...)</xAnon> do zaciągania zobowiązań z tytułu pożyczek, jak również sprzecznie z postanowieniami Walnego Zgromadzenia Udziałowców Spółki o przeznaczeniu zysku osiągniętego przez spółkę za rok 2001, dokonał wypłacenia łącznej kwoty 544 617, 56 zł z rachunku bankowego oraz kasy spółki z tytułu: dywidendy za rok 2001 i odsetek od pożyczek za lata 1999 - 2001, przez co wyrządził <xAnon>Sp. z o.o. (...)</xAnon> znaczną szkodą majątkową, tym samym w obliczu grożącej <xAnon>Sp. z o.o. (...)</xAnon> upadłości, usuwając zagrożone zajęciem na poczet zaspokojenia roszczeń wierzycieli mienie spółki tj. przestępstwa z art. <xLexLink xArt="art. 296;art. 296 § 1;art. 296 § 2" xIsapId="WDU19970880553" xTitle="Ustawa z dnia 6 czerwca 1997 r. - Kodeks karny" xAddress="Dz. U. z 1997 r. Nr 88, poz. 553">art. 296 § 1 i 2 kk</xLexLink>. w zw. z <xLexLink xArt="art. 300;art. 300 § 1" xIsapId="WDU19970880553" xTitle="Ustawa z dnia 6 czerwca 1997 r. - Kodeks karny" xAddress="Dz. U. z 1997 r. Nr 88, poz. 553">art.300§ 1 kk</xLexLink>. w zw. 11 <xLexLink xArt="§ 2" xIsapId="WDU19970880553" xTitle="Ustawa z dnia 6 czerwca 1997 r. - Kodeks karny" xAddress="Dz. U. z 1997 r. Nr 88, poz. 553">§ 2 kk</xLexLink>. i 12 <xLexLink xArt="" xIsapId="WDU19970880553" xTitle="Ustawa z dnia 6 czerwca 1997 r. - Kodeks karny" xAddress="Dz. U. z 1997 r. Nr 88, poz. 553">k.k.</xLexLink> i za to na podstawie <xLexLink xArt="art. 296;art. 296 § 2" xIsapId="WDU19970880553" xTitle="Ustawa z dnia 6 czerwca 1997 r. - Kodeks karny" xAddress="Dz. U. z 1997 r. Nr 88, poz. 553">art. 296 § 2 kk</xLexLink>. w zw. z <xLexLink xArt="art. 11;art. 11 § 3" xIsapId="WDU19970880553" xTitle="Ustawa z dnia 6 czerwca 1997 r. - Kodeks karny" xAddress="Dz. U. z 1997 r. Nr 88, poz. 553">art. 11 § 3 kk</xLexLink>. wymierzył mu karę 2 /dwa/ lata pozbawienia wolności, zaś na podstawie <xLexLink xArt="art. 33;art. 33 § 2" xIsapId="WDU19970880553" xTitle="Ustawa z dnia 6 czerwca 1997 r. - Kodeks karny" xAddress="Dz. U. z 1997 r. Nr 88, poz. 553">art. 33 § 2</xLexLink> wymierza karę grzywny w wysokości 200 (dwieście) stawek dziennych ustalając wysokość jednej stawki na kwotę 50 (pięćdziesiąt) złotych;</xText>
          <xText><xBx>
       XXV</xBx> oskarżonego<xBx><xAnon>Z. G.</xAnon></xBx> uznał za winnego tego, że w okresie od dnia 3 kwietnia 2002 roku do dnia 12 grudnia 2002 roku, we <xAnon>W.</xAnon>, w wykonaniu z góry powziętego zamiaru, działając w krótkich odstępach czasu, pełniąc funkcję Prezesa Zarządu oraz będąc jednoosobowym udziałowcem <xAnon>Spółki (...) Sp. z o.o.</xAnon>, a następnie pełniąc funkcję Likwidatora Spółki i będąc zobowiązanym do zajmowania się jej sprawami majątkowymi, działając w celu osiągnięcia korzyści majątkowej, poprzez nadużycie uprawnień, usunął zagrożone zajęciem na poczet zaspokojenia roszczeń wierzycieli spółki w obliczu grożącej <xAnon>Sp. z o.o. (...)</xAnon> upadłości, składniki jej majątku w postaci wyposażenia o wartości 153 932, 33 zł, oraz pozostających na stanie magazynowym i stanowiących własność spółki preparatów kosmetycznych o wartości nie niższej niż 3 500 000 zł poprzez ich sprzedaż w dniu 3 kwietnia 2002 roku na rzecz <xAnon>firmy (...)</xAnon> z siedzibą w <xAnon>P.</xAnon> za kwotę 500 000 zł, wyrządzając szkodę w majątku spółki w wielkich rozmiarach i uszczuplając zaspokojenie wierzycieli tj. przestępstwa z <xLexLink xArt="art. 296;art. 296 § 1;art. 296 § 2;art. 296 § 3" xIsapId="WDU19970880553" xTitle="Ustawa z dnia 6 czerwca 1997 r. - Kodeks karny" xAddress="Dz. U. z 1997 r. Nr 88, poz. 553">art. 296 § 1, 2 i 3 kk</xLexLink>. w zb. z <xLexLink xArt="art. 300;art. 300 § 1" xIsapId="WDU19970880553" xTitle="Ustawa z dnia 6 czerwca 1997 r. - Kodeks karny" xAddress="Dz. U. z 1997 r. Nr 88, poz. 553">art. 300 §1 kk</xLexLink>. w zw. w zw. z <xLexLink xArt="art. 11;art. 11 § 2" xIsapId="WDU19970880553" xTitle="Ustawa z dnia 6 czerwca 1997 r. - Kodeks karny" xAddress="Dz. U. z 1997 r. Nr 88, poz. 553">art. 11 § 2 kk</xLexLink>. i <xLexLink xArt="art. 12" xIsapId="WDU19970880553" xTitle="Ustawa z dnia 6 czerwca 1997 r. - Kodeks karny" xAddress="Dz. U. z 1997 r. Nr 88, poz. 553">art. 12 k.k.</xLexLink> i za to na podstawie <xLexLink xArt="art. 296;art. 296 § 3" xIsapId="WDU19970880553" xTitle="Ustawa z dnia 6 czerwca 1997 r. - Kodeks karny" xAddress="Dz. U. z 1997 r. Nr 88, poz. 553">art. 296 § 3 kk</xLexLink>. w zw. z <xLexLink xArt="art. 11;art. 11 § 3" xIsapId="WDU19970880553" xTitle="Ustawa z dnia 6 czerwca 1997 r. - Kodeks karny" xAddress="Dz. U. z 1997 r. Nr 88, poz. 553">art. 11 § 3 kk</xLexLink>. wymierzył mu karę 2 (dwa) lat pozbawienia wolności, a na podstawie <xLexLink xArt="art. 33;art. 33 § 2" xIsapId="WDU19970880553" xTitle="Ustawa z dnia 6 czerwca 1997 r. - Kodeks karny" xAddress="Dz. U. z 1997 r. Nr 88, poz. 553">art. 33 § 2 kk</xLexLink>. karę grzywny w wysokości 250 (dwustu pięćdziesięciu) stawek dziennych ustalając wysokość jednej stawki na kwotę 50 (pięćdziesiąt) złotych;</xText>
          <xText><xBx>
       XXVI</xBx> na podstawie <xLexLink xArt="art. 17;art. 17 § 1;art. 17 § 1 pkt. 6" xIsapId="WDU19970890555" xTitle="Ustawa z dnia 6 czerwca 1997 r. - Kodeks postępowania karnego" xAddress="Dz. U. z 1997 r. Nr 89, poz. 555">art. 17§1 pkt 6 k.p.k.</xLexLink> w zw. z <xLexLink xArt="art. 4;art. 4 § 1 k" xIsapId="WDU19970890555" xTitle="Ustawa z dnia 6 czerwca 1997 r. - Kodeks postępowania karnego" xAddress="Dz. U. z 1997 r. Nr 89, poz. 555">art. 4 § 1k</xLexLink>.k. postępowanie o czyn zarzucany w punkcie<xBx>
       XXXIX</xBx> aktu oskarżenia z <xLexLink xArt="art. 258;art. 258 § 1" xIsapId="WDU19970880553" xTitle="Ustawa z dnia 6 czerwca 1997 r. - Kodeks karny" xAddress="Dz. U. z 1997 r. Nr 88, poz. 553">art. 258 § 1 kk</xLexLink>. wobec oskarżonego<xBx><xAnon>Z. G.</xAnon></xBx> umorzył;</xText>
          <xText><xBx>
       XXVII</xBx> oskarżonego<xBx><xAnon>H. M. (1)</xAnon></xBx> uznał za winnego tego, że w okresie od 13 marca 2002 roku do dnia 30 stycznia 2003 roku we <xAnon>W.</xAnon> działając w wykonaniu z góry powziętego zamiaru, wspólnie i w porozumieniu z <xAnon>Z. G.</xAnon>, <xAnon>J. T.</xAnon> i <xAnon>G. A.</xAnon> w krótkich odstępach czasu, w celu osiągnięcia korzyści majątkowej, pomógł <xAnon>Z. G.</xAnon> dysponującemu środkami finansowymi pochodzącymi z korzyści związanych w popełnieniem czynów zabronionych na szkodę Sp. <xAnon>(...)</xAnon> i wierzycieli spółki a nadto z <xLexLink xArt="" xIsapId="WDU19990830930" xTitle="Ustawa z dnia 10 września 1999 r. - Kodeks karny skarbowy" xAddress="Dz. U. z 1999 r. Nr 83, poz. 930">kks</xLexLink>. do przeniesienia ich własności i podjął czynności mające na celu udaremnienie i znaczne utrudnienie stwierdzenia przestępnego pochodzenia tych pieniędzy i ich wykrycie i zajęcie, polegające na tym, że:</xText>
          <xText> - z inicjatywy Z. <xAnon>G.</xAnon> w oparciu o majątek i kontakty handlowe Sp. <xAnon>(...)</xAnon> zarejestrował działalność gospodarczą o takim samym profilu tj. <xAnon>firmę (...)</xAnon> natomiast <xAnon>J. T.</xAnon><xAnon>firmę (...)</xAnon></xText>
          <xText> - 2 kwietnia 2002 roku dla uwiarygodnienia posiadania pieniędzy przez <xAnon>H. M. (1)</xAnon> prowadzącego <xAnon>firmę (...)</xAnon> na prośbę <xAnon>Z. G.</xAnon> podpisał z nim umowę pożyczki kwoty 500 000 zł.;</xText>
          <xText> - 2 kwietnia 2002 roku H. <xAnon>M.</xAnon> zawarł umowę kupna towaru w postaci różnych preparatów kosmetycznych o faktycznej wartości 3 500 000 zł, za 500 000 zł. od <xAnon>Spółki (...)</xAnon>;</xText>
          <xText> - 3 kwietnia 2002 r. przelał z konta <xAnon>firmy (...)</xAnon> z <xAnon>Banku (...) Oddział</xAnon> we <xAnon>W.</xAnon>, nr <xAnon>(...)</xAnon>- <xAnon>(...)</xAnon>-136- <xAnon>(...)</xAnon> wcześniej wpłacone na to konto ze Z. <xAnon>G.</xAnon> środki na konto <xAnon>firmy (...)</xAnon> za zakup w/w kosmetyków,</xText>
          <xText> -następnie prowadząc sprzedaż kosmetyków nabytych od <xAnon>firmy (...)</xAnon>, pieniądze pochodzące z ich sprzedaży, w łącznej kwocie co najmniej 767 856, 90 zł, na podstawie czeków gotówkowych lub dyspozycji ustnych wraz z H <xAnon>(...)</xAnon> wypłacili z rachunku spółki 628 300 zł.,</xText>
          <xText> - 10 kwietnia 2002 roku, dla uwiarygodnienia posiadania pieniędzy przez <xAnon>J. T.</xAnon> prowadzącej działalność gospodarczą w ramach <xAnon>Sp. z o.o. (...)</xAnon>, <xAnon>G. A.</xAnon> na prośbę <xAnon>Z. G.</xAnon> sporządził z nią umowę pożyczki kwoty 350 000 zł. umożliwiając w ten sposób Z. <xAnon>G.</xAnon> zainwestowanie środków finansowych w takiej wysokości pochodzących z korzyści związanych w popełnieniem czynów zabronionych na zakup wcześniej zamówionych kosmetyków przez sp. <xAnon>(...)</xAnon> i ich sprzedaż w ramach nowo utworzonej spółki, przez co umożliwił <xAnon>Z. G.</xAnon> działającemu wspólnie i w porozumieniu z <xAnon>J. T.</xAnon> i <xAnon>G. A.</xAnon> dysponowanie pieniędzmi w kwocie 850 000 zł, wraz z dokumentami nadającymi pozory legalnego pochodzenia tychże środków i osiągnięcie znacznej korzyści majątkowej nie mniejszej niż 850 000 zł. tj. przestępstwa z <xLexLink xArt="art. 299;art. 299 § 5;art. 299 § 6" xIsapId="WDU19970880553" xTitle="Ustawa z dnia 6 czerwca 1997 r. - Kodeks karny" xAddress="Dz. U. z 1997 r. Nr 88, poz. 553">art. 299 § 5 i 6 kk</xLexLink>. w zw. z <xLexLink xArt="art. 299;art. 299 § 1" xIsapId="WDU19970880553" xTitle="Ustawa z dnia 6 czerwca 1997 r. - Kodeks karny" xAddress="Dz. U. z 1997 r. Nr 88, poz. 553">art. 299 § 1 kk</xLexLink>. w zw. z <xLexLink xArt="art. 12" xIsapId="WDU19970880553" xTitle="Ustawa z dnia 6 czerwca 1997 r. - Kodeks karny" xAddress="Dz. U. z 1997 r. Nr 88, poz. 553">art. 12 kk</xLexLink>. i w zw. z <xLexLink xArt="art. 11;art. 11 § 3" xIsapId="WDU19970880553" xTitle="Ustawa z dnia 6 czerwca 1997 r. - Kodeks karny" xAddress="Dz. U. z 1997 r. Nr 88, poz. 553">art. 11 § 3 kk</xLexLink>. i za to na podstawie <xLexLink xArt="art. 299;art. 299 § 5" xIsapId="WDU19970880553" xTitle="Ustawa z dnia 6 czerwca 1997 r. - Kodeks karny" xAddress="Dz. U. z 1997 r. Nr 88, poz. 553">art. 299 § 5 kk</xLexLink>. w zw. z <xLexLink xArt="art. 11;art. 11 § 3" xIsapId="WDU19970880553" xTitle="Ustawa z dnia 6 czerwca 1997 r. - Kodeks karny" xAddress="Dz. U. z 1997 r. Nr 88, poz. 553">art. 11 § 3 kk</xLexLink>. wymierzył mu karę 1 (jeden) roku pozbawienia wolności, a na podstawie <xLexLink xArt="art. 33;art. 33 § 2" xIsapId="WDU19970880553" xTitle="Ustawa z dnia 6 czerwca 1997 r. - Kodeks karny" xAddress="Dz. U. z 1997 r. Nr 88, poz. 553">art. 33 § 2 k.k.</xLexLink> kary grzywny w wysokości po 300 (trzysta) stawek dziennych ustalając wysokość jednej stawki na kwotę 20 (dwadzieścia) złotych;</xText>
          <xText><xBx>
       XXVIII</xBx> oskarżonego<xBx><xAnon>H. M. (1)</xAnon></xBx> uznał za winnego tego, że w okresie od 13 grudnia 2001 roku do 14 lutego 2002 roku we <xAnon>W.</xAnon> w wykonaniu z góry powziętego zamiaru, w celu osiągnięcia korzyści majątkowej, udzielił pomocy <xAnon>Z. G.</xAnon> - Prezesowi Zarządu <xAnon>Sp. z o.o. (...)</xAnon> w obliczu grożącej <xAnon>Sp. z o.o. (...)</xAnon> upadłości, w usunięciu zagrożonego zajęciem na poczet zaspokojenia roszczeń wierzycieli składników majątku spółki w ten sposób, że zawarł z nim, umowy kupna samochodu osobowego, motoroweru oraz przyczepy ciężarowej do samochodu i tak:</xText>
          <xText> - 13 grudnia 2001 roku umowę kupna samochodu osobowego marki <xAnon>A.</xAnon> A 8 <xAnon>nr rej. (...)</xAnon> za kwotę 80 028 zł., <xAnon>faktura VAT nr (...)</xAnon>;</xText>
          <xText> - 4 stycznia 2002 roku umowę kupna motoroweru marki <xAnon>G.</xAnon><xAnon>R.</xAnon> nr ramy <xAnon>(...)</xAnon>, nr silnika <xAnon>(...)</xAnon> za kwotę 4 880 zł., <xAnon>faktura VAT nr (...)</xAnon>;</xText>
          <xText> -w dniu 14 lutego 2002 roku umowę kupna przyczepy ciężarowej typ <xAnon>(...)</xAnon><xAnon>N.</xAnon><xAnon>nr rej. (...)</xAnon> za kwotę 1 037 zł., <xAnon>faktura VAT nr (...)</xAnon> przez co doszło do uszczuplenia zaspokojenia wierzycieli spółki tj. przestępstwa <xLexLink xArt="art. 18;art. 18 § 3" xIsapId="WDU19970880553" xTitle="Ustawa z dnia 6 czerwca 1997 r. - Kodeks karny" xAddress="Dz. U. z 1997 r. Nr 88, poz. 553">art. 18 § 3 kk</xLexLink>. w zw. z <xLexLink xArt="art. 300;art. 300 § 1" xIsapId="WDU19970880553" xTitle="Ustawa z dnia 6 czerwca 1997 r. - Kodeks karny" xAddress="Dz. U. z 1997 r. Nr 88, poz. 553">art. 300 § 1 kk</xLexLink>. w zw. z <xLexLink xArt="art. 12" xIsapId="WDU19970880553" xTitle="Ustawa z dnia 6 czerwca 1997 r. - Kodeks karny" xAddress="Dz. U. z 1997 r. Nr 88, poz. 553">art. 12 kk</xLexLink>. i za to na podstawie <xLexLink xArt="art. 19;art. 19 § 1" xIsapId="WDU19970880553" xTitle="Ustawa z dnia 6 czerwca 1997 r. - Kodeks karny" xAddress="Dz. U. z 1997 r. Nr 88, poz. 553">art. 19 § 1 kk</xLexLink>. w zw. z <xLexLink xArt="art. 300;art. 300 § 1" xIsapId="WDU19970880553" xTitle="Ustawa z dnia 6 czerwca 1997 r. - Kodeks karny" xAddress="Dz. U. z 1997 r. Nr 88, poz. 553">art. 300 § 1 kk</xLexLink>. wymierzył mu karę 6 (sześć) miesięcy pozbawienia wolności, a na podstawie <xLexLink xArt="art. 33;art. 33 § 2" xIsapId="WDU19970880553" xTitle="Ustawa z dnia 6 czerwca 1997 r. - Kodeks karny" xAddress="Dz. U. z 1997 r. Nr 88, poz. 553">art. 33 § 2 k.k.</xLexLink> kary grzywny w wysokości po 200 (dwieście) stawek dziennych ustalając wysokość jednej stawki na kwotę 20 (dwadzieścia) złotych;</xText>
          <xText><xBx> XXIX</xBx> oskarżonego<xBx><xAnon>K. B.</xAnon></xBx> uznał za winnego tego, że w okresie od maja 2000 r. do 25 stycznia 2001 roku we <xAnon>W.</xAnon>, w krótkich odstępach czasu, w wykonaniu z góry powziętego zamiaru, w ramach zorganizowanej grupy mającej na celu popełnianie przestępstw skarbowych, według przyjętego i zaakceptowanego podziału ról i zadań przy realizacji poszczególnych przestępczych przedsięwzięć, wspólnie i w porozumieniu z innymi ustalonymi osobami, wykorzystując działalność gospodarczą <xAnon>Przedsiębiorstwo Handlowo - Produkcyjno - Usługowe (...)</xAnon> oraz NT <xAnon>(...) Budowlane Sp</xAnon>. z o.o., będąc uprawnionym do przyjmowania i wystawiania faktur VAT, działając w celu osiągnięcia korzyści majątkowej, wystawiał w sposób nierzetelny faktury potwierdzając wykonanie fikcyjnych usług i fikcyjną sprzedaż towarów na rzecz innych podmiotów oraz posługiwał się takimi dokumentami a następnie podając nieprawdę w składanych deklaracjach podatkowych za maj i grudzień 2000 złożonych w Urzędzie Skarbowym, naraził podatek na uszczuplenie w wysokości 7 310, 00 zł. tj. przestępstwa skarbowego z <xLexLink xArt="art. 56;art. 56 § 2" xIsapId="WDU19970880553" xTitle="Ustawa z dnia 6 czerwca 1997 r. - Kodeks karny" xAddress="Dz. U. z 1997 r. Nr 88, poz. 553">art. 56 § 2 kk</xLexLink>. w zw. z <xLexLink xArt="art. 6;art. 6 § 2" xIsapId="WDU19990830930" xTitle="Ustawa z dnia 10 września 1999 r. - Kodeks karny skarbowy" xAddress="Dz. U. z 1999 r. Nr 83, poz. 930">art. 6 § 2 kks</xLexLink> i <xLexLink xArt="art. 37;art. 37 § 1;art. 37 § 1 pkt. 5" xIsapId="WDU19990830930" xTitle="Ustawa z dnia 10 września 1999 r. - Kodeks karny skarbowy" xAddress="Dz. U. z 1999 r. Nr 83, poz. 930">37 § 1 pkt 5 k.k.s.</xLexLink> i za to na podstawie <xLexLink xArt="art. 56;art. 56 § 2" xIsapId="WDU19990830930" xTitle="Ustawa z dnia 10 września 1999 r. - Kodeks karny skarbowy" xAddress="Dz. U. z 1999 r. Nr 83, poz. 930">art. 56 § 2 kks</xLexLink> w zw. z <xLexLink xArt="art. 38;art. 38 § 1;art. 38 § 1 pkt. 2" xIsapId="WDU19990830930" xTitle="Ustawa z dnia 10 września 1999 r. - Kodeks karny skarbowy" xAddress="Dz. U. z 1999 r. Nr 83, poz. 930">art. 38§ 1 pkt 2 k.k.s.</xLexLink> w zw. z <xLexLink xArt="art. 2;art. 2 § 2" xIsapId="WDU19990830930" xTitle="Ustawa z dnia 10 września 1999 r. - Kodeks karny skarbowy" xAddress="Dz. U. z 1999 r. Nr 83, poz. 930">art. 2§ 2 k.k.s.</xLexLink> karę 6 (sześć) miesięcy pozbawienia wolności i karę grzywny w wysokości 300 (trzysta) stawek dziennych ustalając wysokość jednej stawki na kwotę 50 (pięćdziesiąt) złotych;</xText>
          <xText><xBx> XXX</xBx> na podstawie <xLexLink xArt="art. 17;art. 17 § 1;art. 17 § 1 pkt. 7" xIsapId="WDU19970890555" xTitle="Ustawa z dnia 6 czerwca 1997 r. - Kodeks postępowania karnego" xAddress="Dz. U. z 1997 r. Nr 89, poz. 555">art. 17§1 pkt 7 k.p.k.</xLexLink> postępowanie o czyn zarzucany w punkcie XLIV aktu oskarżenia wobec oskarżonego<xBx><xAnon>K. B.</xAnon></xBx> umorzył;</xText>
          <xText><xBx> XXXI</xBx> na podstawie <xLexLink xArt="art. 17;art. 17 § 1;art. 17 § 1 pkt. 6" xIsapId="WDU19970890555" xTitle="Ustawa z dnia 6 czerwca 1997 r. - Kodeks postępowania karnego" xAddress="Dz. U. z 1997 r. Nr 89, poz. 555">art. 17§1 pkt 6 k.p.k.</xLexLink> w zw. z <xLexLink xArt="art. 44;art. 44 § 1;art. 44 § 1 pkt. 1;art. 44 § 5 k" xIsapId="WDU19990830930" xTitle="Ustawa z dnia 10 września 1999 r. - Kodeks karny skarbowy" xAddress="Dz. U. z 1999 r. Nr 83, poz. 930">art. 44 § 1 pkt 1 i § 5k</xLexLink>.k.s. przy zastosowaniu <xLexLink xArt="art. 2;art. 2 § 2" xIsapId="WDU19990830930" xTitle="Ustawa z dnia 10 września 1999 r. - Kodeks karny skarbowy" xAddress="Dz. U. z 1999 r. Nr 83, poz. 930">art. 2 § 2 k.k.s.</xLexLink> postępowanie o czyn zarzucany w punkcie<xBx> XLV</xBx> aktu oskarżenia wobec oskarżonego<xBx><xAnon>K. B.</xAnon></xBx> umorzył;</xText>
          <xText><xBx> XXXII</xBx> na podstawie <xLexLink xArt="art. 17;art. 17 § 1;art. 17 § 1 pkt. 6" xIsapId="WDU19970890555" xTitle="Ustawa z dnia 6 czerwca 1997 r. - Kodeks postępowania karnego" xAddress="Dz. U. z 1997 r. Nr 89, poz. 555">art. 17§1 pkt 6 k.p.k.</xLexLink> w zw. z <xLexLink xArt="art. 4;art. 4 § 1 k" xIsapId="WDU19970890555" xTitle="Ustawa z dnia 6 czerwca 1997 r. - Kodeks postępowania karnego" xAddress="Dz. U. z 1997 r. Nr 89, poz. 555">art. 4 § 1k</xLexLink>.k. postępowanie o czyn zarzucany w punkcie<xBx> XLVI</xBx> aktu oskarżenia<xBx> z <xLexLink xArt="art. 258;art. 258 § 1" xIsapId="WDU19970880553" xTitle="Ustawa z dnia 6 czerwca 1997 r. - Kodeks karny" xAddress="Dz. U. z 1997 r. Nr 88, poz. 553">art. 258 § 1 kk</xLexLink>.</xBx> wobec oskarżonego<xBx><xAnon>K. B.</xAnon></xBx> umorzył;</xText>
          <xText><xBx>
       XXXIII</xBx> oskarżoną<xBx><xAnon>J. T.</xAnon></xBx> uznał za winną tego, że w okresie od 13 marca 2002 roku do dnia 30 stycznia 2003 roku we <xAnon>W.</xAnon> działając w wykonaniu z góry powziętego zamiaru, wspólnie i w porozumieniu z <xAnon>Z. G.</xAnon> i <xAnon>H. M. (1)</xAnon> i <xAnon>G. A.</xAnon> w krótkich odstępach czasu, w celu osiągnięcia korzyści majątkowej, pomogła <xAnon>Z. G.</xAnon> dysponującemu środkami finansowymi pochodzącymi z korzyści związanych w popełnieniem czynów zabronionych na szkodę Sp. <xAnon>(...)</xAnon> i wierzycieli spółki a nadto z <xLexLink xArt="" xIsapId="WDU19990830930" xTitle="Ustawa z dnia 10 września 1999 r. - Kodeks karny skarbowy" xAddress="Dz. U. z 1999 r. Nr 83, poz. 930">kks</xLexLink> do przeniesienia ich własności i podjęła czynności mające na celu udaremnienie i znaczne utrudnienie stwierdzenia przestępnego pochodzenia tych pieniędzy i ich wykrycie i zajęcie, polegające na tym, że:</xText>
          <xText> - z inicjatywy Z. <xAnon>G.</xAnon> w oparciu o majątek i kontakty handlowe Sp. <xAnon>(...)</xAnon> zarejestrowała działalność gospodarczą o takim samym profilu jak Sp. <xAnon>(...)</xAnon> tj. <xAnon>firmę (...)</xAnon> natomiast <xAnon>H. M. (1)</xAnon> zarejestrował <xAnon>firmę (...)</xAnon></xText>
          <xText> - 2 kwietnia 2002 roku dla uwiarygodnienia posiadania pieniędzy przez <xAnon>H. M. (1)</xAnon> prowadzącego <xAnon>firmę (...)</xAnon> na prośbę <xAnon>Z. G.</xAnon> podpisał z nim umowę pożyczki kwoty 500 000 zł.;</xText>
          <xText> - 2 kwietnia 2002 roku H. <xAnon>M.</xAnon> zawarł umowę kupna towaru w postaci różnych preparatów kosmetycznych o faktycznej wartości 3 500 000 zł, za 500 000 zł. od <xAnon>Spółki (...)</xAnon> reprezentowanej przez <xAnon>Z. G.</xAnon>;</xText>
          <xText> - 3 kwietnia 2002 r. przelał z konta <xAnon>firmy (...)</xAnon> w <xAnon>Banku (...) Oddział</xAnon> we <xAnon>W.</xAnon>, nr <xAnon>(...)</xAnon>- <xAnon>(...)</xAnon>-136- <xAnon>(...)</xAnon> wcześniej wpłacone na to konto ze Z. <xAnon>G.</xAnon> środki na konto <xAnon>firmy (...)</xAnon> za zakup w/w kosmetyków,</xText>
          <xText> -następnie oskarżona pomagała H. <xAnon>M.</xAnon> w sprzedaży kosmetyków nabytych od <xAnon>firmy (...)</xAnon>, po czym pieniądze pochodzące z ich sprzedaży, w łącznej kwocie co najmniej 628 300 zł., na podstawie czeków gotówkowych lub dyspozycji ustnych <xAnon>Z. G.</xAnon> wraz z <xAnon>H. M. (1)</xAnon> wypłacili z rachunku spółki</xText>
          <xText> - 10 kwietnia 2002 roku, dla uwiarygodnienia posiadania pieniędzy przez oskarżoną prowadzącą działalność gospodarczą w ramach <xAnon>Sp. z o.o. (...)</xAnon>, <xAnon>G. A.</xAnon> na prośbę <xAnon>Z. G.</xAnon> sporządził z nią umowę pożyczki kwoty 350 000 zł. umożliwiając w ten sposób Z. <xAnon>G.</xAnon> zainwestowanie środków finansowych w takiej wysokości pochodzących z korzyści związanych w popełnieniem czynów zabronionych na zakup wcześniej zamówionych kosmetyków przez sp. <xAnon>(...)</xAnon> i ich sprzedaż w ramach nowo utworzonej spółki, przez co umożliwiła <xAnon>Z. G.</xAnon> działającemu wspólnie i w porozumieniu z <xAnon>H. M. (1)</xAnon> i <xAnon>G. A.</xAnon> dysponowanie pieniędzmi w kwocie 850 000 zł, wraz z dokumentami nadającymi pozory legalnego pochodzenia tychże środków i osiągnięcie znacznej korzyści majątkowej nie mniejszej niż 850 000 zł. tj. przestępstwa z <xLexLink xArt="art. 299;art. 299 § 5;art. 299 § 6" xIsapId="WDU19970880553" xTitle="Ustawa z dnia 6 czerwca 1997 r. - Kodeks karny" xAddress="Dz. U. z 1997 r. Nr 88, poz. 553">art. 299 § 5 i 6 kk</xLexLink>. w zw. z <xLexLink xArt="art. 299;art. 299 § 1" xIsapId="WDU19970880553" xTitle="Ustawa z dnia 6 czerwca 1997 r. - Kodeks karny" xAddress="Dz. U. z 1997 r. Nr 88, poz. 553">art. 299 § 1 kk</xLexLink>. w zw. z <xLexLink xArt="art. 12" xIsapId="WDU19970880553" xTitle="Ustawa z dnia 6 czerwca 1997 r. - Kodeks karny" xAddress="Dz. U. z 1997 r. Nr 88, poz. 553">art. 12 kk</xLexLink>. i w zw. z <xLexLink xArt="art. 11;art. 11 § 2" xIsapId="WDU19970880553" xTitle="Ustawa z dnia 6 czerwca 1997 r. - Kodeks karny" xAddress="Dz. U. z 1997 r. Nr 88, poz. 553">art. 11 § 2 kk</xLexLink>. i za to na podstawie <xLexLink xArt="art. 299;art. 299 § 5" xIsapId="WDU19970880553" xTitle="Ustawa z dnia 6 czerwca 1997 r. - Kodeks karny" xAddress="Dz. U. z 1997 r. Nr 88, poz. 553">art. 299 § 5 kk</xLexLink>. w zw. z <xLexLink xArt="art. 11;art. 11 § 3" xIsapId="WDU19970880553" xTitle="Ustawa z dnia 6 czerwca 1997 r. - Kodeks karny" xAddress="Dz. U. z 1997 r. Nr 88, poz. 553">art. 11 § 3 kk</xLexLink>. wymierzył jej karę 1 (jeden) roku pozbawienia wolności, zaś na podstawie <xLexLink xArt="art. 33;art. 33 § 2" xIsapId="WDU19970880553" xTitle="Ustawa z dnia 6 czerwca 1997 r. - Kodeks karny" xAddress="Dz. U. z 1997 r. Nr 88, poz. 553">art. 33 § 2 k.k.</xLexLink> kary grzywny w wysokości 200 (dwieście) stawek dziennych ustalając wysokość jednej stawki na kwotę 20 (dwadzieścia) złotych;</xText>
          <xText><xBx> XXXIV</xBx> na podstawie <xLexLink xArt="art. 17;art. 17 § 1;art. 17 § 1 pkt. 6" xIsapId="WDU19970890555" xTitle="Ustawa z dnia 6 czerwca 1997 r. - Kodeks postępowania karnego" xAddress="Dz. U. z 1997 r. Nr 89, poz. 555">art. 17§1 pkt 6 k.p.k.</xLexLink> w zw. z <xLexLink xArt="art. 44;art. 44 § 1;art. 44 § 1 pkt. 1;art. 44 § 5 k" xIsapId="WDU19990830930" xTitle="Ustawa z dnia 10 września 1999 r. - Kodeks karny skarbowy" xAddress="Dz. U. z 1999 r. Nr 83, poz. 930">art. 44 § 1 pkt 1 i § 5k</xLexLink>.k.s. przy zastosowaniu <xLexLink xArt="art. 2;art. 2 § 2" xIsapId="WDU19990830930" xTitle="Ustawa z dnia 10 września 1999 r. - Kodeks karny skarbowy" xAddress="Dz. U. z 1999 r. Nr 83, poz. 930">art. 2 § 2 k.k.s.</xLexLink> postępowanie o czyn zarzucany w punkcie<xBx> XLVIII i XLIX</xBx> aktu oskarżenia wobec oskarżonego<xBx><xAnon>J. J. (1)</xAnon></xBx> umorzył;</xText>
          <xText><xBx> XXXV</xBx> na podstawie <xLexLink xArt="art. 17;art. 17 § 1;art. 17 § 1 pkt. 6" xIsapId="WDU19970890555" xTitle="Ustawa z dnia 6 czerwca 1997 r. - Kodeks postępowania karnego" xAddress="Dz. U. z 1997 r. Nr 89, poz. 555">art. 17§1 pkt 6 k.p.k.</xLexLink> w zw. z <xLexLink xArt="art. 4;art. 4 § 1 k" xIsapId="WDU19970890555" xTitle="Ustawa z dnia 6 czerwca 1997 r. - Kodeks postępowania karnego" xAddress="Dz. U. z 1997 r. Nr 89, poz. 555">art. 4 § 1k</xLexLink>.k. postępowanie o czyn zarzucany w punkcie<xBx> L</xBx> aktu oskarżenia z <xLexLink xArt="art. 258;art. 258 § 1" xIsapId="WDU19970880553" xTitle="Ustawa z dnia 6 czerwca 1997 r. - Kodeks karny" xAddress="Dz. U. z 1997 r. Nr 88, poz. 553">art. 258 § 1 kk</xLexLink>. wobec oskarżonego<xBx><xAnon>J. J. (1)</xAnon></xBx> umorzył;</xText>
          <xText><xBx> XXXVI</xBx> uniewinnił oskarżoną<xBx><xAnon>E. W. (1)</xAnon></xBx> od czynu zarzucanego w punkcie<xBx> LI</xBx> aktu oskarżenia;</xText>
          <xText><xBx> XXXVII</xBx> na podstawie <xLexLink xArt="art. 17;art. 17 § 1;art. 17 § 1 pkt. 6" xIsapId="WDU19970890555" xTitle="Ustawa z dnia 6 czerwca 1997 r. - Kodeks postępowania karnego" xAddress="Dz. U. z 1997 r. Nr 89, poz. 555">art. 17§1 pkt 6 k.p.k.</xLexLink> w zw. z <xLexLink xArt="art. 44;art. 44 § 1;art. 44 § 1 pkt. 1;art. 44 § 5 k" xIsapId="WDU19990830930" xTitle="Ustawa z dnia 10 września 1999 r. - Kodeks karny skarbowy" xAddress="Dz. U. z 1999 r. Nr 83, poz. 930">art. 44 § 1 pkt 1 i § 5k</xLexLink>.k.s. przy zastosowaniu <xLexLink xArt="art. 2;art. 2 § 2" xIsapId="WDU19990830930" xTitle="Ustawa z dnia 10 września 1999 r. - Kodeks karny skarbowy" xAddress="Dz. U. z 1999 r. Nr 83, poz. 930">art. 2 § 2 k.k.s.</xLexLink> postępowanie o czyn zarzucany w punkcie<xBx> LII, LIII i LIV</xBx> aktu oskarżenia wobec oskarżonej<xBx><xAnon>E. W. (1)</xAnon></xBx> umorzył;</xText>
          <xText><xBx> XXXVIII</xBx> na podstawie <xLexLink xArt="art. 17;art. 17 § 1;art. 17 § 1 pkt. 6" xIsapId="WDU19970890555" xTitle="Ustawa z dnia 6 czerwca 1997 r. - Kodeks postępowania karnego" xAddress="Dz. U. z 1997 r. Nr 89, poz. 555">art. 17§1 pkt 6 k.p.k.</xLexLink> w zw. z <xLexLink xArt="art. 4;art. 4 § 1 k" xIsapId="WDU19970890555" xTitle="Ustawa z dnia 6 czerwca 1997 r. - Kodeks postępowania karnego" xAddress="Dz. U. z 1997 r. Nr 89, poz. 555">art. 4 § 1k</xLexLink>.k. postępowanie o czyn zarzucany w punkcie<xBx> LV</xBx> aktu oskarżenia z <xLexLink xArt="art. 258;art. 258 § 1" xIsapId="WDU19970880553" xTitle="Ustawa z dnia 6 czerwca 1997 r. - Kodeks karny" xAddress="Dz. U. z 1997 r. Nr 88, poz. 553">art. 258 § 1 kk</xLexLink>. wobec oskarżonej<xBx><xAnon>E. W. (1)</xAnon></xBx> umorzył;</xText>
          <xText><xBx>
       XXXIX</xBx> oskarżoną<xBx><xAnon>Z. S.</xAnon></xBx> uznał za winną tego, że<xBx>
       w okresie od 31 stycznia 2000 roku do 2 czerwca 2000 roku we <xAnon>W.</xAnon>, działając w celu osiągnięcia korzyści majątkowej<xIx>
         ,</xIx> będąc uprawnioną do przyjmowania i wystawiania rachunków dotyczących sprzedaży towarów i usług, 31 stycznia 2000 roku wystawiła w imieniu <xAnon>firmy (...)</xAnon> z siedzibą we <xAnon>W.</xAnon>, <xAnon>ul. (...)</xAnon> i przedstawiła w <xAnon>Spółdzielni (...)</xAnon> w <xAnon>R.</xAnon> poświadczający nieprawdę <xAnon>rachunek numer (...)</xAnon> z tytułu usługi opieki nad chorym, opiewający na kwotę 6 500 zł i odnoszący się do wykonywania opieki nad prezesem zarządu SI <xAnon>(...)</xAnon><xAnon>L. S.</xAnon>, wiedząc, iż czynności takie nie miały w rzeczywistości miejsca,</xBx> tj. przestępstwa z <xLexLink xArt="art. 271;art. 271 § 3" xIsapId="WDU19970880553" xTitle="Ustawa z dnia 6 czerwca 1997 r. - Kodeks karny" xAddress="Dz. U. z 1997 r. Nr 88, poz. 553">art. 271 § 3 kk</xLexLink>. w zw. z <xLexLink xArt="art. 273" xIsapId="WDU19970880553" xTitle="Ustawa z dnia 6 czerwca 1997 r. - Kodeks karny" xAddress="Dz. U. z 1997 r. Nr 88, poz. 553">art. 273 kk</xLexLink>. w zw. z <xLexLink xArt="art. 11;art. 11 § 2" xIsapId="WDU19970880553" xTitle="Ustawa z dnia 6 czerwca 1997 r. - Kodeks karny" xAddress="Dz. U. z 1997 r. Nr 88, poz. 553">art. 11 § 2 kk</xLexLink>. i za to na podstawie <xLexLink xArt="art. 271;art. 271 § 3" xIsapId="WDU19970880553" xTitle="Ustawa z dnia 6 czerwca 1997 r. - Kodeks karny" xAddress="Dz. U. z 1997 r. Nr 88, poz. 553">art. 271 § 3 kk</xLexLink>. w zw. z <xLexLink xArt="art. 11;art. 11 § 3" xIsapId="WDU19970880553" xTitle="Ustawa z dnia 6 czerwca 1997 r. - Kodeks karny" xAddress="Dz. U. z 1997 r. Nr 88, poz. 553">art. 11 § 3 kk</xLexLink>. wymierzył jej karę 6 /sześciu/ miesięcy pozbawienia wolności;</xText>
          <xText><xBx> XL</xBx> oskarżonego<xBx><xAnon>G. A.</xAnon></xBx> uznał za winnego tego, że w okresie od 2 kwietnia 2002 roku do dnia 31 grudnia 2002 roku we <xAnon>W.</xAnon>, w wykonaniu z góry powziętego zamiaru działając w krótkich odstępach czasu, wspólnie i w porozumieniu ze <xAnon>Z. G.</xAnon>, <xAnon>J. T.</xAnon> oraz <xAnon>H. M. (1)</xAnon>, działając w celu osiągnięcia korzyści majątkowej, pomógł <xAnon>Z. G.</xAnon> do przeniesienia własności środków płatniczych pochodzących z korzyści związanych z popełnieniem czynów zabronionych na szkodę Sp. <xAnon>(...)</xAnon> jej wierzycieli i z <xLexLink xArt="" xIsapId="WDU19990830930" xTitle="Ustawa z dnia 10 września 1999 r. - Kodeks karny skarbowy" xAddress="Dz. U. z 1999 r. Nr 83, poz. 930">kks</xLexLink>. znacznie utrudniając stwierdzenie przestępnego ich pochodzenia, ich wykrycie i zajęcie w ten sposób, że:</xText>
          <xText> - po tym jak z inicjatywy Z. <xAnon>G.</xAnon> w oparciu o majątek i kontakty handlowe Sp. <xAnon>(...)</xAnon> zarejestrowano działalność gospodarczą o takim samym profilu jak Sp. <xAnon>(...)</xAnon> tj. <xAnon>firmę (...)</xAnon> przez <xAnon>H. M. (1)</xAnon> oraz <xAnon>firmę (...)</xAnon> przez <xAnon>J. T.</xAnon></xText>
          <xText> - 2 kwietnia 2002 roku dla uwiarygodnienia posiadania pieniędzy przez <xAnon>H. M. (1)</xAnon> prowadzącego <xAnon>firmę (...)</xAnon> na prośbę <xAnon>Z. G.</xAnon> podpisał z nim umowę pożyczki kwoty 500 000 zł. umożliwiając w ten sposób Z. <xAnon>G.</xAnon> zainwestowanie środków finansowych w takiej wysokości pochodzących z korzyści związanych w popełnieniem czynów zabronionych na zakup towaru w postaci różnych preparatów kosmetycznych o faktycznej wartości 3 500 000 zł, za 500 000 zł. od <xAnon>Spółki (...)</xAnon>;</xText>
          <xText> - 10 kwietnia 2002 roku, dla uwiarygodnienia posiadania pieniędzy przez oskarżoną prowadzącą działalność gospodarczą w ramach <xAnon>Sp. z o.o. (...)</xAnon>, <xAnon>G. A.</xAnon> na prośbę <xAnon>Z. G.</xAnon> sporządził z nią umowę pożyczki kwoty 350 000 zł. umożliwiając w ten sposób <xAnon>Z. G.</xAnon> zainwestowanie środków finansowych w takiej wysokości pochodzących z korzyści związanych w popełnieniem czynów zabronionych na zakup wcześniej zamówionych kosmetyków przez sp. <xAnon>(...)</xAnon> i ich sprzedaż w ramach nowo utworzonej spółki, przez co umożliwił <xAnon>Z. G.</xAnon> działającemu wspólnie i w porozumieniu z <xAnon>H. M. (1)</xAnon> i <xAnon>J. T.</xAnon> dysponowanie pieniędzmi w kwocie 850 000 zł, wraz z dokumentami nadającymi pozory legalnego pochodzenia tychże środków i osiągnięcie znacznej korzyści majątkowej nie mniejszej niż 850 000 zł. tj. przestępstwa z art. z <xLexLink xArt="art. 299;art. 299 § 5;art. 299 § 6" xIsapId="WDU19970880553" xTitle="Ustawa z dnia 6 czerwca 1997 r. - Kodeks karny" xAddress="Dz. U. z 1997 r. Nr 88, poz. 553">art. 299 § 5 i 6 k.k.</xLexLink> w zw. z <xLexLink xArt="art. 299;art. 299 § 1" xIsapId="WDU19970880553" xTitle="Ustawa z dnia 6 czerwca 1997 r. - Kodeks karny" xAddress="Dz. U. z 1997 r. Nr 88, poz. 553">art. 299 § 1 kk</xLexLink>. w zw. z <xLexLink xArt="art. 12" xIsapId="WDU19970880553" xTitle="Ustawa z dnia 6 czerwca 1997 r. - Kodeks karny" xAddress="Dz. U. z 1997 r. Nr 88, poz. 553">art. 12 kk</xLexLink>. i 11 <xLexLink xArt="§ 2" xIsapId="WDU19970880553" xTitle="Ustawa z dnia 6 czerwca 1997 r. - Kodeks karny" xAddress="Dz. U. z 1997 r. Nr 88, poz. 553">§ 2 kk</xLexLink>. za to na podstawie <xLexLink xArt="art. 299;art. 299 § 5" xIsapId="WDU19970880553" xTitle="Ustawa z dnia 6 czerwca 1997 r. - Kodeks karny" xAddress="Dz. U. z 1997 r. Nr 88, poz. 553">art. 299 § 5 kk</xLexLink>. w zw. z <xLexLink xArt="art. 11;art. 11 § 3" xIsapId="WDU19970880553" xTitle="Ustawa z dnia 6 czerwca 1997 r. - Kodeks karny" xAddress="Dz. U. z 1997 r. Nr 88, poz. 553">art. 11 § 3 kk</xLexLink>. wymierzył mu karę 1 (jeden) roku pozbawienia wolności, a na podstawie <xLexLink xArt="art. 33;art. 33 § 2" xIsapId="WDU19970880553" xTitle="Ustawa z dnia 6 czerwca 1997 r. - Kodeks karny" xAddress="Dz. U. z 1997 r. Nr 88, poz. 553">art. 33 § 2</xLexLink> wymierzył karę grzywny w wysokości 200 (dwieście) stawek dziennych ustalając wysokość jednej stawki na kwotę 100 (sto) złotych;</xText>
          <xText><xBx>
       XLI</xBx> na podstawie <xLexLink xArt="art. 299;art. 299 § 7" xIsapId="WDU19970880553" xTitle="Ustawa z dnia 6 czerwca 1997 r. - Kodeks karny" xAddress="Dz. U. z 1997 r. Nr 88, poz. 553">art. 299§7 k.k.</xLexLink> orzekł solidarnie od oskarżonych <xAnon>Z. G.</xAnon>, <xAnon>H. M. (1)</xAnon>, <xAnon>J. T.</xAnon> i <xAnon>G. A.</xAnon> przepadek równowartości korzyści pochodzących z przestępstwa z <xLexLink xArt="art. 299" xIsapId="WDU19970880553" xTitle="Ustawa z dnia 6 czerwca 1997 r. - Kodeks karny" xAddress="Dz. U. z 1997 r. Nr 88, poz. 553">art. 299 k.k.</xLexLink> przypisanego oskarżonym w kwocie 850 000 (osiemset pięćdziesiąt tysięcy) zł.;</xText>
          <xText><xBx>
       XLII</xBx> na podstawie <xLexLink xArt="art. 91;art. 91 § 2" xIsapId="WDU19970880553" xTitle="Ustawa z dnia 6 czerwca 1997 r. - Kodeks karny" xAddress="Dz. U. z 1997 r. Nr 88, poz. 553">art. 91§ 2 k.k.</xLexLink> w stosunku do <xAnon>L. S.</xAnon>, na podstawie <xLexLink xArt="art. 39;art. 39 § 2" xIsapId="WDU19990830930" xTitle="Ustawa z dnia 10 września 1999 r. - Kodeks karny skarbowy" xAddress="Dz. U. z 1999 r. Nr 83, poz. 930">art. 39§ 2 k.k.s.</xLexLink> w stosunku do <xAnon>Z. G.</xAnon>, natomiast na podstawie <xLexLink xArt="art. 85" xIsapId="WDU19970880553" xTitle="Ustawa z dnia 6 czerwca 1997 r. - Kodeks karny" xAddress="Dz. U. z 1997 r. Nr 88, poz. 553">art. 85 k.k.</xLexLink> i <xLexLink xArt="art. 86;art. 86 § 1;art. 86 § 2" xIsapId="WDU19970880553" xTitle="Ustawa z dnia 6 czerwca 1997 r. - Kodeks karny" xAddress="Dz. U. z 1997 r. Nr 88, poz. 553">art. 86 § 1 i 2 k.k.</xLexLink> w stosunku do pozostałych oskarżonych połączył orzeczone wobec nich kary pozbawienia wolności i kary grzywny i wymierzył im kary łączne:</xText>
          <xText> -<xBx><xAnon>L. S.</xAnon></xBx> 4 (czterech) lat pozbawiania wolności oraz 500 (pięćset) stawek dziennych grzywny przy ustaleniu stawki dziennej na kwotę 20 (dwadzieścia) złotych;</xText>
          <xText> -<xBx><xAnon>J. G. (1)</xAnon></xBx> 2 (dwa) lata pozbawiania wolności oraz 450 (czterysta pięćdziesiąt) stawek dziennych grzywny przy ustaleniu stawki dziennej na kwotę 20 (dwadzieścia) złotych;</xText>
          <xText> -<xBx><xAnon>Z. G.</xAnon></xBx> 3 (trzy) lata i 6 (sześć) miesięcy pozbawienia wolności oraz 500 (pięćset) stawek dziennych grzywny przy ustaleniu stawki dziennej na kwotę 50 (pięćdziesiąt) złotych;</xText>
          <xText> -<xBx><xAnon>H. M. (1)</xAnon></xBx> 2 (dwa) lata pozbawienia wolności oraz 450 (czterysta pięćdziesiąt) stawek dziennych grzywny przy ustaleniu stawki dziennej na kwotę 20 (dwadzieścia) złotych,</xText>
          <xText><xBx> XLIII</xBx> na podstawie <xLexLink xArt="art. 69;art. 69 § 1" xIsapId="WDU19970880553" xTitle="Ustawa z dnia 6 czerwca 1997 r. - Kodeks karny" xAddress="Dz. U. z 1997 r. Nr 88, poz. 553">art. 69 § 1 kk</xLexLink>. i <xLexLink xArt="art. 70;art. 70 § 1;art. 70 § 1 pkt. 1" xIsapId="WDU19970880553" xTitle="Ustawa z dnia 6 czerwca 1997 r. - Kodeks karny" xAddress="Dz. U. z 1997 r. Nr 88, poz. 553">art. 70 § 1 pkt. 1 kk</xLexLink>. wykonanie orzeczonych kar pozbawienia wobec: <xAnon>J. G. (1)</xAnon>, <xAnon>R. P.</xAnon>, <xAnon>H. M. (1)</xAnon><xIx> ,</xIx><xAnon>K. B.</xAnon>, <xAnon>J. T.</xAnon>, <xAnon>Z. S.</xAnon> i <xAnon>G. A.</xAnon> warunkowo zawiesił na okres próby wynoszący:</xText>
          <xText> - 2 (dwa) lata wobec <xAnon>Z. S.</xAnon>;</xText>
          <xText> - 3 (trzy) lata wobec <xAnon>K. B.</xAnon>, <xAnon>J. T.</xAnon> i <xAnon>G. A.</xAnon>;</xText>
          <xText> - 5 (pięć) lat wobec <xAnon>J. G. (1)</xAnon>, <xAnon>R. P.</xAnon> i <xAnon>H. M. (1)</xAnon>;</xText>
          <xText><xBx> XLIV</xBx> na podstawie <xLexLink xArt="art. 63;art. 63 § 1" xIsapId="WDU19970880553" xTitle="Ustawa z dnia 6 czerwca 1997 r. - Kodeks karny" xAddress="Dz. U. z 1997 r. Nr 88, poz. 553">art. 63 § 1 kk</xLexLink>. na poczet orzeczonych kar zaliczył oskarżonym okresy ich zatrzymania i tymczasowego aresztowania i tak:</xText>
          <xText> - <xAnon>J. G. (1)</xAnon> okres zatrzymania i tymczasowego aresztowania od dnia 10 lipca 2003 roku do dnia 5 grudnia 2003 roku na poczet orzeczonej kary łącznej grzywny przyjmując, że jeden dzień pozbawienia wolności jest równoważny dwóm stawkom dziennym grzywny;</xText>
          <xText> - <xAnon>H. M. (1)</xAnon> okres zatrzymania i tymczasowego aresztowania od dnia 28 kwietnia 2003 roku do dnia 24 listopada 2003 roku na poczet orzeczonej kary łącznej grzywny przyjmując, że jeden dzień pozbawienia wolności jest równoważny dwóm stawkom dziennym grzywny,</xText>
          <xText> - <xAnon>K. B.</xAnon> okres zatrzymania i tymczasowego aresztowania do dnia 21 stycznia 2003 roku do dnia 13 czerwca 2003 roku na poczet orzeczonej kary grzywny, przyjmując, że jeden dzień pozbawienia wolności jest równoważny dwóm stawkom dziennym grzywny;</xText>
          <xText> - <xAnon>G. A.</xAnon> okres zatrzymania i tymczasowego aresztowania od dnia 12 sierpnia 2003 roku do dnia 10 października 2003 roku na poczet orzeczonej kary grzywny przyjmując, że jeden dzień pozbawienia wolności jest równoważny dwóm stawkom dziennym grzywny;</xText>
          <xText><xBx>
       XLV</xBx> na podstawie <xLexLink xArt="art. 627" xIsapId="WDU19970890555" xTitle="Ustawa z dnia 6 czerwca 1997 r. - Kodeks postępowania karnego" xAddress="Dz. U. z 1997 r. Nr 89, poz. 555">art. 627 k.p.k.</xLexLink> i <xLexLink xArt="art. 2;art. 2 ust. 1;art. 2 ust. 1 pkt. 3;art. 3;art. 3 ust. 1" xIsapId="WDU19730270152" xTitle="Ustawa z dnia 23 czerwca 1973 r. o opłatach w sprawach karnych" xAddress="Dz. U. z 1973 r. Nr 27, poz. 152">art. 2 ust. 1 pkt 3 i art. 3 ust. 1 ustawy z dnia 23 czerwca 1973 roku o opłatach w sprawach karnych</xLexLink> zasądził od oskarżonych: <xAnon>H. M. (1)</xAnon>, <xAnon>J. T.</xAnon>, <xAnon>Z. S.</xAnon> i <xAnon>G. A.</xAnon> koszty sądowe w całości, natomiast od <xAnon>L. S.</xAnon> w 6/20 części, <xAnon>J. G. (1)</xAnon> w 2/5 części, <xAnon>R. P.</xAnon> w 1/3 części, <xAnon>Z. G.</xAnon> w 2/3 części i <xAnon>K. B.</xAnon> w 1/4 części, w pozostałej części odnośnie czynów, co, do których oskarżeni zostali uniewinnieni lub umorzono wobec nich postępowanie na podstawie <xLexLink xArt="art. 630" xIsapId="WDU19970890555" xTitle="Ustawa z dnia 6 czerwca 1997 r. - Kodeks postępowania karnego" xAddress="Dz. U. z 1997 r. Nr 89, poz. 555">art. 630 k.p.k.</xLexLink> kosztami postępowania obciążył Skarb Państwa, ponadto wymierzył im opłaty:</xText>
          <xText><xAnon>H. M. (2)</xAnon> w kwocie 2100 (dwa tysiące sto) zł.</xText>
          <xText><xAnon>J. T.</xAnon> w kwocie 980 ( dziewięćset osiemdziesiąt) zł.</xText>
          <xText><xAnon>Z. S.</xAnon> w kwocie 120 (sto dwadzieścia) zł.</xText>
          <xText><xAnon>G. A.</xAnon> w kwocie 4180 (cztery tysiące sto osiemdziesiąt) zł.</xText>
          <xText><xAnon>L. S.</xAnon> w kwocie 2400 ( dwa tysiące czterysta)zł.</xText>
          <xText><xAnon>J. G. (1)</xAnon> w kwocie 2100 ( dwa tysiące sto)zł.</xText>
          <xText><xAnon>R. P.</xAnon> w kwocie1100 ( tysiąc sto)zł.</xText>
          <xText><xAnon>Z. G.</xAnon> w kwocie 5400 (pięć tysięcy czterysta) zł.</xText>
          <xText> i <xAnon>K. B.</xAnon> w kwocie3120 ( trzy tysiące sto dwadzieścia)zł.</xText>
          <xText><xBx> XLVI</xBx> na podstawie <xLexLink xArt="art. 630" xIsapId="WDU19970890555" xTitle="Ustawa z dnia 6 czerwca 1997 r. - Kodeks postępowania karnego" xAddress="Dz. U. z 1997 r. Nr 89, poz. 555">art. 630 k.p.k.</xLexLink> kosztami postępowania w części uniewinniającej i umarzającej postępowanie wobec oskarżonych: <xAnon>J. S.</xAnon>, <xAnon>E. W. (1)</xAnon> i <xAnon>J. J. (1)</xAnon> obciążył Skarb Państwa;</xText>
          <xText><xBx> XLVII</xBx> na podstawie <xLexLink xArt="art. 29;art. 29 ust. 1" xIsapId="WDU19820160124" xTitle="Ustawa z dnia 26 maja 1982 r. - Prawo o adwokaturze" xAddress="Dz. U. z 1982 r. Nr 16, poz. 124">art. 29 ust. 1 ustawy z dnia 26 maja 1982 r. Prawo o adwokaturze</xLexLink> (Dz. U. 02.123.1058) w zw. z <xLexLink xArt="§ 14;§ 14 ust. 1;§ 14 ust. 1 pkt. 2;§ 14 ust. 2;§ 14 ust. 2 pkt. 5;§ 16" xIsapId="WDU20021631348" xTitle="Rozporządzenie Ministra Sprawiedliwości z dnia 28 września 2002 r. w sprawie opłat za czynności adwokackie oraz ponoszenia przez Skarb Państwa kosztów nieopłaconej pomocy prawnej udzielonej z urzędu" xAddress="Dz. U. z 2002 r. Nr 163, poz. 1348">§14 ust.1 pkt 2, ust. 2 pkt 5 oraz §16 rozporządzenia Ministra Sprawiedliwości z dnia 28 września 2002 r. w sprawie opłat za czynności adwokackie oraz ponoszenia przez Skarb Państwa kosztów nieopłaconej pomocy prawnej udzielonej z urzędu</xLexLink> (Dz. U. nr 163, poz. 1348 z późn. zm.) zasądził od Skarbu Państwa na rzecz:</xText>
          <xText> - adw. <xAnon>B. G.</xAnon> obrońcy <xAnon>L. S.</xAnon> kwotę 1476, 00 zł. brutto (tysiąc czterysta siedemdziesiąt sześć)</xText>
          <xText> - adw. <xAnon>K. K.</xAnon> obrońcy <xAnon>J. J. (1)</xAnon> 14 317, 20 zł. brutto (czternaście tysięcy trzysta siedemnaście zł. i dwadzieścia groszy).</xText>
          
          <xText> Co do oskarżonych <xAnon>J. S.</xAnon> i <xAnon>E. W. (2)</xAnon> wyrok uprawomocnił się w I-szej instancji.</xText>
          
          <xText> Apelację od tego wyroku wnieśli oskarżeni: <xAnon>L. S.</xAnon>, <xAnon>J. G. (1)</xAnon>, <xAnon>R. P.</xAnon>, <xAnon>Z.</xAnon><xAnon>G.</xAnon>, <xAnon>H. M. (1)</xAnon>, <xAnon>K. B.</xAnon>, <xAnon>J. T.</xAnon>, <xAnon>J. J. (1)</xAnon>, <xAnon>Z. S.</xAnon> i <xAnon>G. A.</xAnon>.</xText>
          
          <xText><xBx> Obrońca oskarżonego <xAnon>L. S.</xAnon></xBx> zaskarżył wyrok w części, tj. w punkcie I, II, VI, VII, VIII, IX, XLII, XLV, zarzucając:</xText>
          <xText> 1. obrazę przepisów postępowania stanowiącą bezwzględną przyczynę odwoławczą wskazaną w <xLexLink xArt="art. 439;art. 439 § 1;art. 439 § 1 pkt. 2" xIsapId="WDU19970890555" xTitle="Ustawa z dnia 6 czerwca 1997 r. - Kodeks postępowania karnego" xAddress="Dz. U. z 1997 r. Nr 89, poz. 555">art. 439 § 1 pkt 2 k.p.k.</xLexLink> przez prowadzenie rozprawy głównej w dniu 23 lutego 2009 r. bez udziału ławnika w osobie <xAnon>E. K. (1)</xAnon>, co stanowi, że Sąd był nienależycie obsadzony, lub którykolwiek z jego członków nie był obecny na całej rozprawie.</xText>
          <xText> 2. obrazę przepisów postępowania, która mogła mieć wpływ na treść wyroku, a to; <xLexLink xArt="art. 193;art. 193 § 1" xIsapId="WDU19970890555" xTitle="Ustawa z dnia 6 czerwca 1997 r. - Kodeks postępowania karnego" xAddress="Dz. U. z 1997 r. Nr 89, poz. 555">art. 193 § 1 k.p.k.</xLexLink> oraz <xLexLink xArt="art. 192;art. 192 § 4" xIsapId="WDU19970890555" xTitle="Ustawa z dnia 6 czerwca 1997 r. - Kodeks postępowania karnego" xAddress="Dz. U. z 1997 r. Nr 89, poz. 555">art. 192 § 4 k.p.k.</xLexLink>, poprzez nieuwzględnienie wniosku dowodowego obrońcy oskarżonego o poddaniu świadka <xAnon>W. R.</xAnon> badaniu lekarskiemu (przez lekarza psychiatrię) w sytuacji, w której z opinii biegłej psycholog będącej podczas przesłuchania powyższego świadka wynika jednoznacznie, że tylko badanie przez biegłych lekarzy psychiatrów wyjaśniłoby kwestie dotyczące wiarygodności zeznań powyższego świadka.</xText>
          <xText> 3. obrazę przepisów postępowania, która mogła mieć wpływ na treść wyroku, a to: <xLexLink xArt="art. 7" xIsapId="WDU19970890555" xTitle="Ustawa z dnia 6 czerwca 1997 r. - Kodeks postępowania karnego" xAddress="Dz. U. z 1997 r. Nr 89, poz. 555">art. 7 k.p.k.</xLexLink> oraz <xLexLink xArt="art. 410" xIsapId="WDU19970890555" xTitle="Ustawa z dnia 6 czerwca 1997 r. - Kodeks postępowania karnego" xAddress="Dz. U. z 1997 r. Nr 89, poz. 555">art. 410 k.p.k</xLexLink> poprzez – będące wynikiem nieuwzględnienia zasad prawidłowego rozumowania oraz wskazań wiedzy i doświadczenia życiowego – przekroczenie granic swobodnej oceny dowodów oraz niedostrzeżenie przy wyrokowaniu całokształtu okoliczności ujawnionych w toku rozprawy głównej, skutkujące szeregiem nieprawidłowych stwierdzeń oraz ocen, w szczególności zaś tego, że zasługują na wiarę zeznania świadka <xAnon>W. R.</xAnon>, na podstawie których Sąd pierwszej instancji dokonał większości relewantnych ustaleń faktycznych, oceniając te zeznania ze szczególną ostrożnością niemniej jednak jako jasne, logiczne oraz konsekwentne na kolejnych etapach postępowania, mimo że wynikające z całokształtu zgromadzonego w sprawie materiału dowodowego argumenty, które dotyczą zarówno formy wyjaśnień/zeznań <xAnon>W. R.</xAnon> oraz jego stanu psychicznego, wskazują na coś wręcz przeciwnego.</xText>
          <xText> 4.<xUx> odnośnie pkt I wyroku</xUx> – obrazę przepisów postępowania, która mogła mieć wpływ na treść wyroku, a to: <xLexLink xArt="art. 7" xIsapId="WDU19970890555" xTitle="Ustawa z dnia 6 czerwca 1997 r. - Kodeks postępowania karnego" xAddress="Dz. U. z 1997 r. Nr 89, poz. 555">art. 7 k.p.k.</xLexLink> oraz <xLexLink xArt="art. 410" xIsapId="WDU19970890555" xTitle="Ustawa z dnia 6 czerwca 1997 r. - Kodeks postępowania karnego" xAddress="Dz. U. z 1997 r. Nr 89, poz. 555">art. 410 k.p.k.</xLexLink> poprzez – będące wynikiem nieuwzględnienia zasad prawidłowego rozumowania oraz wskazań wiedzy i doświadczenia życiowego – przekroczenie granic swobodnej oceny dowodów oraz niedostrzeżenie przy wyrokowaniu całokształtu okoliczności ujawnionych w toku rozprawy głównej, skutkujące szeregiem nieprawidłowych stwierdzeń oraz ocen, w szczególności zaś tego, że :</xText>
          <xText> a) faktury wystawione przez <xAnon>(...)</xAnon> na podstawie których miały przysługiwać tej firmie wierzytelności okazały się nierzetelne, bowiem wykazane w nich zdarzenia gospodarcze nie miały miejsca, co stanowi uogólnienie i błędne sformułowanie, albowiem postępowanie dowodowe nie wykazało czy rzeczywiście zdarzenia gospodarcze (a tym bardziej wszystkie) były fikcyjne;</xText>
          <xText> b) oskarżony celowo wprowadził w błąd pracowników banku co do zamiaru zabezpieczenia kredytu w formie hipoteki na nieruchomości położonej w <xAnon>R.</xAnon> nr KW <xAnon>(...)</xAnon> oraz co do zdolności kredytowej reprezentowanej spółki, w sytuacji w której w momencie zaciągania zobowiązania spółka w rzeczywistości była w dobrej sytuacji majątkowej;</xText>
          <xText> c) oskarżony działał w zamiarze doprowadzenia banku do niekorzystnego rozporządzenia mieniem, w sytuacji w której materiał dowodowy wskazuje, że oskarżony miał zamiar wywiązania się z zaciągniętego zobowiązania.</xText>
          <xText> 5.<xUx> odnośnie pkt II wyroku</xUx> – obrazę przepisów postępowania, która mogła mieć wpływ na treść wyroku, a to: <xLexLink xArt="art. 7" xIsapId="WDU19970890555" xTitle="Ustawa z dnia 6 czerwca 1997 r. - Kodeks postępowania karnego" xAddress="Dz. U. z 1997 r. Nr 89, poz. 555">art. 7 k.p.k.</xLexLink> oraz <xLexLink xArt="art. 410" xIsapId="WDU19970890555" xTitle="Ustawa z dnia 6 czerwca 1997 r. - Kodeks postępowania karnego" xAddress="Dz. U. z 1997 r. Nr 89, poz. 555">art. 410 k.p.k.</xLexLink> poprzez – będące wynikiem nieuwzględnienia zasad prawidłowego rozumowania oraz wskazań wiedzy i doświadczenia życiowego – przekroczenie granic swobodnej oceny dowodów oraz niedostrzeżenie przy wyrokowaniu całokształtu okoliczności ujawnionych w toku rozprawy głównej, skutkujące szeregiem nieprawidłowych stwierdzeń oraz ocen, w szczególności zaś tego, że :</xText>
          <xText> a) oskarżony wprowadził w błąd <xAnon>Bank (...) S.A.</xAnon> w <xAnon>K.</xAnon> oddział we <xAnon>W.</xAnon> co do zdolności kredytowej reprezentowanej spółki, mimo że wynikające z całokształtu zgromadzonego w sprawie materiału dowodowego argumenty które dotyczą sytuacji materialnej reprezentowanej przez oskarżonego spółki wskazują na coś przeciwnego;</xText>
          <xText> b) oskarżony działał w zamiarze doprowadzenia banku do niekorzystnego rozporządzenia mieniem, w sytuacji w której materiał dowodowy wskazuje, że oskarżony miał zamiar wywiązania się z zaciągniętego zobowiązania.</xText>
          <xText> 6.<xUx> odnośnie pkt VI wyroku</xUx> – obrazę przepisów postępowania, która mogła mieć wpływ na treść wyroku, a to: <xLexLink xArt="art. 7" xIsapId="WDU19970890555" xTitle="Ustawa z dnia 6 czerwca 1997 r. - Kodeks postępowania karnego" xAddress="Dz. U. z 1997 r. Nr 89, poz. 555">art. 7 k.p.k.</xLexLink> oraz <xLexLink xArt="art. 410" xIsapId="WDU19970890555" xTitle="Ustawa z dnia 6 czerwca 1997 r. - Kodeks postępowania karnego" xAddress="Dz. U. z 1997 r. Nr 89, poz. 555">art. 410 k.p.k.</xLexLink> poprzez – będące wynikiem nieuwzględnienia zasad prawidłowego rozumowania oraz wskazań wiedzy i doświadczenia życiowego – przekroczenie granic swobodnej oceny dowodów oraz niedostrzeżenie przy wyrokowaniu całokształtu okoliczności ujawnionych w toku rozprawy głównej, skutkujące szeregiem nieprawidłowych stwierdzeń oraz ocen, w szczególności zaś tego, że :</xText>
          <xText> a) oskarżony udzielił pomocy oskarżonemu <xAnon>J. G. (1)</xAnon> w doprowadzeniu do niekorzystnego rozporządzenia mieniem <xAnon>Banku (...)</xAnon>, w sytuacji w której brak jest jakichkolwiek dowodów świadczących o tym, czy oskarżony <xAnon>L. S.</xAnon> w ogóle wiedział, że wystawiona przez niego faktura będzie przedłożona przez oskarżonego <xAnon>J. G. (1)</xAnon> w celu uzyskania kredytu;</xText>
          <xText> b) transakcja zakupu linii technologicznej nie miała miejsca, mimo że wynikające z całokształtu zgromadzonego w sprawie materiału dowodowego argumenty, które dotyczą zakupu powyższej linii przez oskarżonego <xAnon>L. S.</xAnon> ze <xAnon>spółki (...)</xAnon> oraz wystawienia <xAnon>faktury VAT nr (...)</xAnon> na rzecz firmy oskarżonego <xAnon>J. G. (1)</xAnon> wskazują na coś przeciwnego.</xText>
          <xText> 7.<xUx>
       odnośnie pkt VII wyroku</xUx> – obrazę przepisów postępowania, która mogła mieć wpływ na treść wyroku, a to: <xLexLink xArt="art. 7" xIsapId="WDU19970890555" xTitle="Ustawa z dnia 6 czerwca 1997 r. - Kodeks postępowania karnego" xAddress="Dz. U. z 1997 r. Nr 89, poz. 555">art. 7 k.p.k.</xLexLink> oraz <xLexLink xArt="art. 410" xIsapId="WDU19970890555" xTitle="Ustawa z dnia 6 czerwca 1997 r. - Kodeks postępowania karnego" xAddress="Dz. U. z 1997 r. Nr 89, poz. 555">art. 410 k.p.k.</xLexLink> poprzez – będące wynikiem nieuwzględnienia zasad prawidłowego rozumowania oraz wskazań wiedzy i doświadczenia życiowego – przekroczenie granic swobodnej oceny dowodów oraz niedostrzeżenie przy wyrokowaniu całokształtu okoliczności ujawnionych w toku rozprawy głównej, skutkujące całkowitym pominięciem faktu, że oskarżony <xAnon>L. S.</xAnon> udzielał usług szkoleniowych w zakresie zmian w systemie szkoleniowym na rzecz <xAnon>Spółdzielni (...)</xAnon> w <xAnon>R.</xAnon>, a więc w <xAnon>rachunku o numerze (...)</xAnon> nie poświadczył nieprawdy.</xText>
          <xText> 8.<xUx> odnośnie pkt VIII wyroku</xUx> – obrazę przepisów postępowania, która mogła mieć wpływ na treść wyroku, a to: <xLexLink xArt="art. 7" xIsapId="WDU19970890555" xTitle="Ustawa z dnia 6 czerwca 1997 r. - Kodeks postępowania karnego" xAddress="Dz. U. z 1997 r. Nr 89, poz. 555">art. 7 k.p.k.</xLexLink> oraz <xLexLink xArt="art. 410" xIsapId="WDU19970890555" xTitle="Ustawa z dnia 6 czerwca 1997 r. - Kodeks postępowania karnego" xAddress="Dz. U. z 1997 r. Nr 89, poz. 555">art. 410 k.p.k.</xLexLink> poprzez – będące wynikiem nieuwzględnienia zasad prawidłowego rozumowania oraz wskazań wiedzy i doświadczenia życiowego – przekroczenie granic swobodnej oceny dowodów oraz niedostrzeżenie przy wyrokowaniu całokształtu okoliczności ujawnionych w toku rozprawy głównej, skutkujące szeregiem nieprawidłowych stwierdzeń oraz ocen, w szczególności zaś tego, że oskarżony działał w zamiarze doprowadzenia <xAnon>banku (...) Bank</xAnon> do niekorzystnego rozporządzenia mieniem, mimo że wynikające z całokształtu zgromadzonego w sprawie materiału dowodowego argumenty, które dotyczą zwłaszcza faktu, że oskarżony <xAnon>R. P.</xAnon> niezwłocznie zapłacił całość zobowiązania wynikająca z umowy faktoringowej do banku, wskazuje na coś wręcz przeciwnego.</xText>
          <xText> 9.<xUx> odnośnie pkt IX wyroku</xUx> – obrazę przepisów postępowania, która mogła mieć wpływ na treść wyroku, a to: <xLexLink xArt="art. 7" xIsapId="WDU19970890555" xTitle="Ustawa z dnia 6 czerwca 1997 r. - Kodeks postępowania karnego" xAddress="Dz. U. z 1997 r. Nr 89, poz. 555">art. 7 k.p.k.</xLexLink> oraz <xLexLink xArt="art. 410" xIsapId="WDU19970890555" xTitle="Ustawa z dnia 6 czerwca 1997 r. - Kodeks postępowania karnego" xAddress="Dz. U. z 1997 r. Nr 89, poz. 555">art. 410 k.p.k.</xLexLink> poprzez – będące wynikiem nieuwzględnienia zasad prawidłowego rozumowania oraz wskazań wiedzy i doświadczenia życiowego – przekroczenie granic swobodnej oceny dowodów oraz niedostrzeżenie przy wyrokowaniu całokształtu okoliczności ujawnionych w toku rozprawy głównej, skutkujące szeregiem nieprawidłowych stwierdzeń oraz ocen, w szczególności zaś tego, że :</xText>
          <xText> a) oskarżony udzielił pomocy oskarżonemu <xAnon>J. G. (1)</xAnon> w doprowadzeniu do niekorzystnego rozporządzenia mieniem Państwowego Funduszu <xAnon>(...)</xAnon>, w sytuacji w której brak jest jakichkolwiek dowodów świadczących o tym, czy oskarżony <xAnon>L. S.</xAnon> w ogóle wiedział, że wystawiona przez niego faktura będzie przedłożona przez oskarżonego <xAnon>J. G. (1)</xAnon> w celu uzyskania refundacji kosztów utworzenia nowych stanowisk pracy oraz refundacji kosztów wynagrodzeń osób niepełnosprawnych;</xText>
          <xText> b) transakcja zakupu linii technologicznej nie miała miejsca, mimo że wynikające z całokształtu zgromadzonego w sprawie materiału dowodowego argumenty, które dotyczą zakupu powyższej linii przez oskarżonego <xAnon>L. S.</xAnon> ze <xAnon>spółki (...)</xAnon> oraz wystawienia <xAnon>faktury VAT nr (...)</xAnon> na rzecz firmy oskarżonego <xAnon>J. G. (1)</xAnon> wskazują na coś przeciwnego.</xText>
          <xText> 10. z daleko posuniętej ostrożności procesowej, rażącą niewspółmierność kar wymierzonych za czyny wskazane w punkcie: I, II, VI, VII, VIII, IX wyroku, oraz kary łącznej w punkcie XLII wyroku, przez nienależyte uwzględnienie okoliczności łagodzących wymiar kary między innymi takich jak wiek oskarżonego <xAnon>L. S.</xAnon>, stan jego zdrowia, okres jaki minął od popełnienia zarzucanych czynów, oraz późniejsze zachowanie oskarżonego.</xText>
          <xText> Podnosząc powyższe zarzuty apelujący wniósł o:</xText>
          <xText> 1. uchylenie wyroku i przekazanie sprawy do ponownego rozpoznania Sądowi I instancji,</xText>
          <xText> ewentualnie o:</xText>
          <xText> 2. zmianę zaskarżonego wyroku poprzez uniewinnienie oskarżonego od dokonania czynów opisanych w punkcie I, II, VI, VII, VIII, IX wyroku, ewentualnie (z daleko posuniętej ostrożności procesowej),</xText>
          <xText> 3. obniżenie poszczególnych kar za poszczególne czyny i wymierzenie kary łącznej z warunkowym zawieszeniem jej wykonania.</xText>
          
          <xText><xBx> Obrońca oskarżonego <xAnon>J. G. (1)</xAnon></xBx> zaskarżył wyrok w części tj. w punkcie XI, XIII, XIV, XLII, XLIII, XLIV, XLV, zarzucając:</xText>
          <xText> 1.rażącą obrazę przepisów postępowania stanowiącą bezwzględną przyczynę odwoławczą wskazaną w <xLexLink xArt="art. 439;art. 439 § 1;art. 439 § 1 pkt. 2" xIsapId="WDU19970890555" xTitle="Ustawa z dnia 6 czerwca 1997 r. - Kodeks postępowania karnego" xAddress="Dz. U. z 1997 r. Nr 89, poz. 555">art. 439 § 1 pkt 2 k.p.k.</xLexLink> in fine w zw. z <xLexLink xArt="art. 28;art. 28 § 1" xIsapId="WDU19970890555" xTitle="Ustawa z dnia 6 czerwca 1997 r. - Kodeks postępowania karnego" xAddress="Dz. U. z 1997 r. Nr 89, poz. 555">art. 28 § 1 k.p.k.</xLexLink> w brzmieniu sprzed nowelizacji kodeksu postępowania karnego z dnia 15 marca 2007 r. (Dz.U. Nr 112, poz. 776), poprzez naruszenie zasady niezmienności składu Sądu orzekającego w sprawie, w skutek nieobecności ławnika <xAnon>E. K. (1)</xAnon> na całej rozprawie.</xText>
          <xText> 2.<xUx> odnoszac się do punktu XI oraz XIII części dyspozytywnej zaskarżonego wyroku -</xUx> obrazę przepisów postępowania, która mogła mieć wpływ na treść wyroku, a to: <xLexLink xArt="art. 7" xIsapId="WDU19970890555" xTitle="Ustawa z dnia 6 czerwca 1997 r. - Kodeks postępowania karnego" xAddress="Dz. U. z 1997 r. Nr 89, poz. 555">art. 7 k.p.k.</xLexLink> oraz <xLexLink xArt="art. 410" xIsapId="WDU19970890555" xTitle="Ustawa z dnia 6 czerwca 1997 r. - Kodeks postępowania karnego" xAddress="Dz. U. z 1997 r. Nr 89, poz. 555">art. 410 k.p.k.</xLexLink> – poprzez będące wynikiem nieuwzględnienia zasad prawidłowego rozumowania oraz wskazań wiedzy i doświadczenia życiowego – przekroczenie granic swobodnej oceny dowodów oraz niedostrzeżenie przy wyrokowaniu całokształtu okoliczności ujawnionych w toku rozprawy głównej, skutkujące szeregiem nieprawidłowych stwierdzeń oraz ocen, w szczególności zaś przyjęciem, że transakcja zakupu linii technologicznej nie miała miejsca, mimo że wynikające z całokształtu zgromadzonego w sprawie materiału dowodowego argumenty, które dotyczą zakupu powyższej linii przez oskarżonego od <xAnon>spółki (...) sp. z o.o.</xAnon> reprezentowanej przez oskarżonego <xAnon>L. S.</xAnon>, a w ślad za nim wystawionej <xAnon>faktury VAT nr (...)</xAnon>, wskazują na faktyczne dokonanie sprzedaży ww. linii technologicznej, albowiem zapłacona została cena sprzedaży w całości, nadto dla dokonania faktycznej sprzedaży nie jest wymagane przeniesienia posiadania sprzedanego przedmiotu.</xText>
          <xText> 3.<xUx> odnosząc się do punktu XI części dyspozytywnej zaskarżonego wyroku</xUx> – obrazę przepisów postępowania, która mogła mieć wpływ na treść wyroku, a to: <xLexLink xArt="art. 7" xIsapId="WDU19970890555" xTitle="Ustawa z dnia 6 czerwca 1997 r. - Kodeks postępowania karnego" xAddress="Dz. U. z 1997 r. Nr 89, poz. 555">art. 7 k.p.k.</xLexLink> oraz <xLexLink xArt="art. 410" xIsapId="WDU19970890555" xTitle="Ustawa z dnia 6 czerwca 1997 r. - Kodeks postępowania karnego" xAddress="Dz. U. z 1997 r. Nr 89, poz. 555">art. 410 k.p.k.</xLexLink> poprzez – będące wynikiem nieuwzględnienia zasad prawidłowego rozumowania oraz wskazań wiedzy i doświadczenia życiowego – przekroczenie granic swobodnej oceny dowodów oraz niedostrzeżenie przy wyrokowaniu całokształtu okoliczności ujawnionych w toku rozprawy głównej, skutkujące błędną rekonstrukcją znamion czynu zabronionego opisanego w <xLexLink xArt="art. 286;art. 286 § 1" xIsapId="WDU19970880553" xTitle="Ustawa z dnia 6 czerwca 1997 r. - Kodeks karny" xAddress="Dz. U. z 1997 r. Nr 88, poz. 553">art. 286 § 1 k.k.</xLexLink>, w skutek przyjęcia, iż oskarżony <xAnon>J. G. (1)</xAnon> działał z zamiarem doprowadzenia <xAnon>Banku (...) S.A.</xAnon> Oddział <xAnon>W.</xAnon> do niekorzystnego rozporządzenia mieniem poprzez wprowadzenie ww. w błąd, w sytuacji gdy zachowaniu oskarżonego nie można przypisać znamion tego czynu, albowiem oskarżony dla zabezpieczenia udzielonego kredytu w kwocie 500.000 zł złożył zabezpieczenie w postaci weksla in blanco, nadto przewłaszczenie na zabezpieczenie ww. kredytu linii technologicznej było w pełni skuteczne, albowiem <xAnon>przedsiębiorstwo (...)</xAnon> nabyło faktycznie linię technologiczną, która stanowiła jego własność, ponadto oskarżony w całości spłacił zobowiązanie kredytowe.</xText>
          <xText> 4.<xUx> odnosząc się do punktu XIII części dyspozytywnej wyroku</xUx> – obrazę przepisów postępowania, która mogła mieć wpływ na treść wyroku, a to: <xLexLink xArt="art. 7" xIsapId="WDU19970890555" xTitle="Ustawa z dnia 6 czerwca 1997 r. - Kodeks postępowania karnego" xAddress="Dz. U. z 1997 r. Nr 89, poz. 555">art. 7 k.p.k.</xLexLink> oraz <xLexLink xArt="art. 410" xIsapId="WDU19970890555" xTitle="Ustawa z dnia 6 czerwca 1997 r. - Kodeks postępowania karnego" xAddress="Dz. U. z 1997 r. Nr 89, poz. 555">art. 410 k.p.k.</xLexLink> poprzez – będące wynikiem nieuwzględnienia zasad prawidłowego rozumowania oraz wskazań wiedzy i doświadczenia życiowego – przekroczenie granic swobodnej oceny dowodów oraz niedostrzeżenie przy wyrokowaniu całokształtu okoliczności ujawnionych w toku rozprawy głównej, skutkujące błędną rekonstrukcją znamion czynu zabronionego opisanego w <xLexLink xArt="art. 286;art. 286 § 1" xIsapId="WDU19970880553" xTitle="Ustawa z dnia 6 czerwca 1997 r. - Kodeks karny" xAddress="Dz. U. z 1997 r. Nr 88, poz. 553">art. 286 § 1 k.k.</xLexLink>, w skutek przyjęcia, iż oskarżony <xAnon>J. G. (1)</xAnon> działał z zamiarem doprowadzenia <xAnon>P.</xAnon> za pośrednictwem Starostwa Powiatowego w <xAnon>B.</xAnon>, do niekorzystnego rozporządzenia mieniem poprzez wprowadzenie ww. w błąd, w sytuacji, gdy zachowaniu oskarżonego nie można przypisać znamion tego czynu, ponadto oskarżony w całości wywiązał się z umów ze Starostwem Powiatowym w <xAnon>B.</xAnon>, poprzez stworzenie 33 stanowisk pracy dla osób niepełnosprawnych, a w dalszej kolejności poprzez zatrudnienie 33 osób niepełnosprawnych, co w pełni uprawniało oskarżonego <xAnon>J. G. (1)</xAnon> do refundacji zgodnie z warunkami ustalonymi w <xAnon>umowach (...)</xAnon>.</xText>
          <xText> Mając na uwadze zarzut wskazany w pkt I apelacji, apelujący wniósł o:</xText>
          <xText> 1. na podstawie <xLexLink xArt="art. 427;art. 427 § 1" xIsapId="WDU19970890555" xTitle="Ustawa z dnia 6 czerwca 1997 r. - Kodeks postępowania karnego" xAddress="Dz. U. z 1997 r. Nr 89, poz. 555">art. 427 § 1 k.p.k.</xLexLink> i <xLexLink xArt="art. 439;art. 439 § 1" xIsapId="WDU19970890555" xTitle="Ustawa z dnia 6 czerwca 1997 r. - Kodeks postępowania karnego" xAddress="Dz. U. z 1997 r. Nr 89, poz. 555">art. 439 §1 k.p.k.</xLexLink> o skierowanie sprawy na posiedzenie i uchylenie zaskarżonego wyroku w zakresie objętym niniejszą apelacją i przekazanie sprawy Sądowi I instancji do ponownego rozpoznania.</xText>
          <xText> Z ostrożności procesowej, mając na uwadze zarzuty 2-4 apelacji, wniósł o:</xText>
          <xText> 2. zmianę zaskarżonego wyroku poprzez uniewinnienie oskarżonego od czynu opisanego w punkcie XI części dyspozytywnej zaskarżonego wyroku,</xText>
          <xText> 3. o zmianę zaskarżonego wyroku poprzez uniewinnienie oskarżonego od czynu opisanego w punkcie XIII części dyspozytywnej zaskarżonego wyroku.</xText>
          
          <xText><xBx> Obrońca oskarżonego <xAnon>R. P.</xAnon></xBx> , zaskarżonemu wyrokowi zarzucił:</xText>
          <xText> I. obrazę przepisu postępowania stanowiącego bezwzględną przyczynę odwoławczą, a to <xLexLink xArt="art. 439;art. 439 pkt. 2" xIsapId="WDU19970890555" xTitle="Ustawa z dnia 6 czerwca 1997 r. - Kodeks postępowania karnego" xAddress="Dz. U. z 1997 r. Nr 89, poz. 555">art. 439 pkt 2 k.p.k.</xLexLink>, albowiem jeden z członków składu orzekającego nie był obecny na całej rozprawie i w związku z tym Sąd przed którym procedowano był nienależycie obsadzony, jednocześnie członek ten nie biorąc w tej sytuacji udziału w postępowaniu wydał i następnie podpisał wyrok.</xText>
          <xText> II. obrazę przepisów postępowania mającą wpływ na treść wydanego orzeczenia, a to:</xText>
          <xText> a) <xLexLink xArt="art. 7" xIsapId="WDU19970890555" xTitle="Ustawa z dnia 6 czerwca 1997 r. - Kodeks postępowania karnego" xAddress="Dz. U. z 1997 r. Nr 89, poz. 555">art. 7 k.p.k.</xLexLink> polegającego na przekroczeniu przez Sąd I instancji zasady swobodnej oceny zebranego w sprawie materiału dowodowego poprzez dokonanie jego powierzchownej i wybiórczej oceny i pominięcie dowodu z przesłuchania uzupełniającego biegłych sądowych z zakresu rachunkowości, którzy bezpośrednio przed Sądem przyznali, że wydana przez nich opinia z dnia 27 czerwca 2010 r. była niepełna i pomijała istotne fakty dotyczące przeprowadzanych między <xAnon>spółką Centrum (...) Sp. z o.o.</xAnon> a innymi podmiotami transakcji finansowych i pomimo tak sformułowanej wypowiedzi biegłych Sąd I instancji oparł się tylko i wyłącznie na pisemnie sporządzonej opinii, która w swej istocie powielała ustalenia zawarte w decyzji <xAnon>U.</xAnon> w <xAnon>K.</xAnon>, która to decyzja następnie została wyeliminowana z obrotu prawnego poprzez jej uchylenie przez organ odwoławczy, czego nie wziął pod uwagę Sąd I instancji przy wydawaniu wyroku;</xText>
          <xText> b) <xLexLink xArt="art. 410" xIsapId="WDU19970890555" xTitle="Ustawa z dnia 6 czerwca 1997 r. - Kodeks postępowania karnego" xAddress="Dz. U. z 1997 r. Nr 89, poz. 555">art. 410 k.p.k.</xLexLink> polegającego na wydaniu wyroku, którego podstawa nie znalazła odzwierciedlenia w całokształcie okoliczności ujawnionych w toku rozprawy głównej, poprzez pominięcie wyjaśnień oskarżonego, który oświadczył, iż spłacił on całość zobowiązań względem <xAnon>(...) Banku S.A.</xAnon> w <xAnon>W.</xAnon> oddział w <xAnon>K.</xAnon> wynikających z zawartej umowy factoringu, wobec nie wywiązania się z jej postanowień innych uczestników obrotu gospodarczego i tym samym oskarżony <xAnon>R. P.</xAnon> poniósł odpowiedzialność za zachowania przestępne innych podmiotów.</xText>
          <xText> Ponadto Sąd pominął szereg wątpliwości dotyczących sporządzonej na potrzeby niniejszego procesu opinii biegłych z zakresu rachunkowości.</xText>
          <xText> c) <xLexLink xArt="art. 424" xIsapId="WDU19970890555" xTitle="Ustawa z dnia 6 czerwca 1997 r. - Kodeks postępowania karnego" xAddress="Dz. U. z 1997 r. Nr 89, poz. 555">art. 424 k.p.k.</xLexLink> poprzez nie ustosunkowanie się przez Sąd I instancji do zeznań złożonych przez biegłych z zakresu <xAnon>rachunkowości (...)</xAnon>, w których przyznali, że sporządzona przez nich opinia na piśmie jest niepełna i pomija istotne fakty, albowiem biegli przeoczyli je przy jej sporządzaniu.</xText>
          <xText> III. błąd w ustaleniach faktycznych przyjętych za podstawę orzeczenia mający wpływ na treść wydanego orzeczenia polegający na przyjęciu za podstawę wyrokowania błędnej w swoich twierdzeniach opinii biegłych sądowych z zakresu rachunkowości, którzy w sporządzonej przez siebie opinii dotyczącej dokonywanego przez <xAnon>Centrum (...) Sp. z o.o.</xAnon> transakcji przyjęli twierdzenia i wnioski zawarte w dokonanej przez Urząd Kontroli Skarbowej decyzji, która to następnie decyzja została uchylona przez organ nadrzędny, czego nie wzięto pod uwagę przy wydaniu opinii, a także – pominięcie przez wydających opinię szeregu istotnych okoliczności związanych z dokonywaniem przez <xAnon>spółkę Centrum (...)</xAnon> transakcji gospodarczych.</xText>
          <xText> Podnosząc powyższe zarzuty apelujący wniósł o :</xText>
          <xText> - uchylenie zaskarżonego wyroku i przekazanie sprawy do ponownego rozpoznania Sądowi I instancji, ewentualnie o:</xText>
          <xText> - zmianę zaskarżonego wyroku i uniewinnienie oskarżonego <xAnon>R. P.</xAnon> od zarzucanych mu czynów.</xText>
          
          <xText><xBx>
       Obrończyni oskarżonego <xAnon>Z. G.</xAnon> (adw. <xAnon>J. K.</xAnon>)</xBx> zaskarżyła wyrok w całości, zarzucając:</xText>
          <xText> I. obrazę przepisów postępowania mogących mieć wpływ na wydane w sprawie rozstrzygniecie, a to <xLexLink xArt="art. 7" xIsapId="WDU19970890555" xTitle="Ustawa z dnia 6 czerwca 1997 r. - Kodeks postępowania karnego" xAddress="Dz. U. z 1997 r. Nr 89, poz. 555">art. 7 k.p.k</xLexLink> polegające na dokonaniu ustaleń będących podstawą wyroku, w sposób dowolny z przekroczeniem zasady swobodnej oceny dowodów, a wyrażający się wnioskowaniem Sądu bez uwzględnienia reguł logicznego myślenia w szczególności w odniesieniu do uznania, że :</xText>
          <xText> - <xAnon>Z. G.</xAnon> uzgodnił z <xAnon>G. A.</xAnon>, iż ten potwierdzi udzielenie wskazanym przez niego osobom pożyczek w kwocie łącznej 850.000 zł podczas gdy <xAnon>G. A.</xAnon> konsekwentnie potwierdzał, że faktycznie udzielił pożyczek gotówkowych oraz, że posiadał odpowiednie ku temu środki finansowe, natomiast pozostałe przeprowadzone dowody w sprawie nawet pośrednio nie uzasadniały takiego wniosku w szczególności zaś same sprzeczności w wyjaśnieniach oskarżonych ocenione jako nieudolna linia obrony, nie mogły konstytuować także takich wniosków, co czyniło te ustalenia dowolnymi, a nadto nawet przy zakwestionowaniu pożyczki udzielonej przez <xAnon>G. A.</xAnon>, że środki te ponad wszelką wątpliwość pochodziły z korzyści z działalności przestępczej, w szczególności biorąc pod uwagę to, że <xAnon>Z. G.</xAnon> dysponował też środkami pieniężnymi pochodzącymi z legalnej działalności gospodarczej oraz sprzedaży lokalu użytkowego;</xText>
          <xText> - <xAnon>Z. G.</xAnon> dokonując sprzedaży środków trwałych i obrotowych <xAnon>Spółki (...) sp. z o.o.</xAnon> działała w zamiarze pokrzywdzenia wierzycieli spółki oraz na szkodę samej spółki, w sytuacji kiedy ze sprzedaży środków trwałych osiągnął cenę rynkową, a kwoty uzyskane ze sprzedaży zasilały majątek Spółki, natomiast działania, które podejmował miały na celu uniknięcie utraty płynności finansowej Spółki poprzez sprzedaż aktywów Spółki i częściowe regulowanie zobowiązań, w szczególności, co do środków obrotowych w postaci kosmetyków, których sprzedaż zgodnie z zeznaniami pracowników <xAnon>spółki (...)</xAnon> znacznie spadła ze względu na zmianę struktury rynku i zdekompletowanie zestawów handlowych.</xText>
          <xText> II. obrazę przepisów postępowania, a to <xLexLink xArt="art. 7" xIsapId="WDU19970890555" xTitle="Ustawa z dnia 6 czerwca 1997 r. - Kodeks postępowania karnego" xAddress="Dz. U. z 1997 r. Nr 89, poz. 555">art. 7 k.p.k.</xLexLink> w zw. z <xLexLink xArt="art. 410" xIsapId="WDU19970890555" xTitle="Ustawa z dnia 6 czerwca 1997 r. - Kodeks postępowania karnego" xAddress="Dz. U. z 1997 r. Nr 89, poz. 555">art. 410 k.p.k.</xLexLink> w zw. z <xLexLink xArt="art. 424;art. 424 § 1;art. 424 § 1 pkt. 1" xIsapId="WDU19970890555" xTitle="Ustawa z dnia 6 czerwca 1997 r. - Kodeks postępowania karnego" xAddress="Dz. U. z 1997 r. Nr 89, poz. 555">art. 424 § 1 pkt 1 k.p.k.</xLexLink> poprzez brak jakichkolwiek rozważań Sądu odnośnie dowodów korzystnych dla oskarżonego w szczególności dotyczących tego, że :</xText>
          <xText> - oskarżony dysponował w okresie objętym zarzutami środkami pochodzącymi ze sprzedaży lokalu użytkowego oraz środków pochodzących z prowadzonej od dłuższego czasu działalności gospodarczej – co mogło mieć znaczenie dla ustaleń odnośnie pochodzenia środków wpłaconych na konto bankowe <xAnon>firmy (...)</xAnon>, przy zakwestionowaniu pożyczki udzielonej przez <xAnon>G. A.</xAnon>;</xText>
          <xText> - z kwot uzyskanych ze sprzedaży środków na rzecz <xAnon>firmy (...)</xAnon> dokonywał spłat częściowego zadłużenia <xAnon>spółki (...) sp. z o.o.</xAnon> wobec Urzędu Skarbowego – co mogło mieć znaczenie dla oceny rzeczywistych działań związanych ze sprzedażą środków trwałych i obrotowych <xAnon>spółki (...) sp. z o.o.</xAnon> oraz mogło ważyć przy ocenie okoliczności mających wpływ na wymiar kary orzeczonej wobec oskarżonego.</xText>
          <xText> III. obrazę przepisów postępowania, a to <xLexLink xArt="art. 398;art. 398 § 1" xIsapId="WDU19970890555" xTitle="Ustawa z dnia 6 czerwca 1997 r. - Kodeks postępowania karnego" xAddress="Dz. U. z 1997 r. Nr 89, poz. 555">art. 398 § 1 k.p.k.</xLexLink> przez jego niezastosowanie w sytuacji, kiedy czyn opisany w pkt XXXII aktu oskarżenia obejmował okres od stycznia 1999 r. do 30 grudnia 2000 r., natomiast Sąd w pkt XX części dyspozytywnej wyroku przyjął okres od 1 stycznia 1999 r. do 28 września 2001 r. rozciągając zarzucany czyn, poza zakres oskarżenia, w sytuacji gdy z materiałów postępowania przygotowawczego wynika, że czyn oskarżonego był ujawniony lecz mając na uwadze okres wskazany w zarzucie objętym aktem oskarżenia zgodnie z interpretacją <xLexLink xArt="art. 398" xIsapId="WDU19970890555" xTitle="Ustawa z dnia 6 czerwca 1997 r. - Kodeks postępowania karnego" xAddress="Dz. U. z 1997 r. Nr 89, poz. 555">art. 398 k.p.k.</xLexLink> oskarżyciel powinien wnieść w tym zakresie odrębny akt oskarżenia, nadto tak zakreślony okres działania sprawczego w zakresie zarzutu z pkt XXXII aktu oskarżenia miał wpływ na okres przedawniania karalności tego czynu jako przestępstwa skarbowego;</xText>
          <xText> w konsekwencji tego zarzutu podniósł zarzut:</xText>
          <xText> IV. obrazę prawa materialnego, a to <xLexLink xArt="art. 44;art. 44 § 1;art. 44 § 3;art. 44 § 5" xIsapId="WDU19990830930" xTitle="Ustawa z dnia 10 września 1999 r. - Kodeks karny skarbowy" xAddress="Dz. U. z 1999 r. Nr 83, poz. 930">art. 44 § 1 i 3, 5 k.k.s.</xLexLink> w zw. z <xLexLink xArt="art. 56" xIsapId="WDU19990830930" xTitle="Ustawa z dnia 10 września 1999 r. - Kodeks karny skarbowy" xAddress="Dz. U. z 1999 r. Nr 83, poz. 930">art. 56 k.k.s.</xLexLink> w zw. z <xLexLink xArt="art. 2;art. 2 § 2" xIsapId="WDU19990830930" xTitle="Ustawa z dnia 10 września 1999 r. - Kodeks karny skarbowy" xAddress="Dz. U. z 1999 r. Nr 83, poz. 930">art. 2 § 2 k.k.s.</xLexLink> przez jego niezastosowanie i przyjęcie, iż karalność czynu wskazanego w pkt XX części dyspozytywnej wyroku uległa przedawnieniu, co winno skutkować umorzeniem postępowania na podstawie <xLexLink xArt="art. 17;art. 17 § 1;art. 17 § 1 pkt. 6" xIsapId="WDU19970890555" xTitle="Ustawa z dnia 6 czerwca 1997 r. - Kodeks postępowania karnego" xAddress="Dz. U. z 1997 r. Nr 89, poz. 555">art. 17 § 1 pkt 6 k.p.k.</xLexLink>, gdyż termin przedawniania zgodnie z pierwotnym okresem przyjęty w pkt XXXII aktu oskarżenia zmaterializował się z dniem 31 grudnia 2010 r.;</xText>
          <xText> V. obrazę przepisów postępowania, a to <xLexLink xArt="art. 4" xIsapId="WDU19970890555" xTitle="Ustawa z dnia 6 czerwca 1997 r. - Kodeks postępowania karnego" xAddress="Dz. U. z 1997 r. Nr 89, poz. 555">art. 4 k.p.k.</xLexLink> w zw. z <xLexLink xArt="art. 7" xIsapId="WDU19970890555" xTitle="Ustawa z dnia 6 czerwca 1997 r. - Kodeks postępowania karnego" xAddress="Dz. U. z 1997 r. Nr 89, poz. 555">art. 7 k.p.k.</xLexLink> w zw. z <xLexLink xArt="art. 424;art. 424 § 1;art. 424 § 1 pkt. 1" xIsapId="WDU19970890555" xTitle="Ustawa z dnia 6 czerwca 1997 r. - Kodeks postępowania karnego" xAddress="Dz. U. z 1997 r. Nr 89, poz. 555">art. 424 § 1 pkt 1 k.p.k.</xLexLink> polegającą na ogólnym tylko powołaniu się przez Sąd na przeprowadzone na rozprawie dowody, bez wyjaśnienia istniejących sprzeczności między dowodami, podczas gdy dla realizacji dyspozycji zawartej w tym przepisie koniecznym jest ustalenie zależności każdego dowodu od poszczególnych okoliczności faktycznych, które w sprawie wymagały udowodnienia, a mogło mieć to wpływ na wydane rozstrzygnięcie;</xText>
          <xText> VI. obrazę przepisów postępowania, a to <xLexLink xArt="art. 424;art. 424 § 2" xIsapId="WDU19970890555" xTitle="Ustawa z dnia 6 czerwca 1997 r. - Kodeks postępowania karnego" xAddress="Dz. U. z 1997 r. Nr 89, poz. 555">art. 424 § 2 k.p.k.</xLexLink> poprzez brak szczegółowego odzwierciedlenia w uzasadnieniu wyroku okoliczność, które Sąd miał na względzie przy wymiarze kar jednostkowych w stosunku do <xAnon>Z. G.</xAnon>, co wykluczyło prawidłową polemikę z wydanym rozstrzygnięciem w tym zakresie, jednocześnie uniemożliwiając tym samym przeprowadzenie kontroli instancyjnej wyroku odnośnie podstaw wymiaru kar jednostkowych orzeczonych wobec oskarżonego.</xText>
          <xText>
            <xUx> W konsekwencji zarzucił:</xUx>
          </xText>
          <xText> - błąd w ustaleniach faktycznych przyjętych za podstawę wyroku polegający na błędnym przyjęciu, że <xAnon>Z. G.</xAnon> dysponując środkami pochodzącymi z przestępstw z działania na szkodę <xAnon>spółki (...)</xAnon>, mając na celu znaczne utrudnienie stwierdzenia ich przestępczego pochodzenia i ich wykrycie i zajęcia, uzgodnił z <xAnon>G. A.</xAnon>, iż ten potwierdzi udzielenie wskazanych przez niego osobom pożyczek w łącznej kwocie 850.000 zł w sytuacji kiedy w oparciu o zgromadzonym materiał dowodowy było takie twierdzenie Sądu, albowiem interpretacja zgromadzonych w sprawie dowodów nie pozwalała na tego rodzaju twierdzenia przy zachowaniu reguł wyrażonych w normie z <xLexLink xArt="art. 7" xIsapId="WDU19970890555" xTitle="Ustawa z dnia 6 czerwca 1997 r. - Kodeks postępowania karnego" xAddress="Dz. U. z 1997 r. Nr 89, poz. 555">art. 7 k.p.k.</xLexLink>;</xText>
          <xText> - błąd w ustaleniach faktycznych przyjętych za podstawę wyroku odnośnie zamiaru towarzyszącego Z. <xAnon>G.</xAnon> związanego z podjęciem działań dotyczących sprzedaży oraz wypłaty środków trwałych, obrotowych <xAnon>spółki (...)</xAnon>, w sytuacji, kiedy dokonując oceny zebranych w toku postępowania dowodów, zasadnym było przyjęcie, że <xAnon>Z. G.</xAnon> podejmując szereg działań rozciągniętych w czasie dotyczących środków trwałych i obrotowych <xAnon>spółki (...) sp. z o.o.</xAnon> jako członek zarządu, jedyny udziałowiec, a następnie jej likwidator działał z góry powziętym zamiarem, co do tych działań, a brak ustaleń Sądu w tym zakresie skutkował niezastosowaniem konstrukcji czynu ciągłego w odniesieniu do czynów wykazanych w pkt XXII, XXIV, XXV części dyspozytywnej wyroku – w konsekwencji tych ustaleń należało postawić relewantny zarzut:</xText>
          <xText> - obrazy prawa materialnego, a to <xLexLink xArt="art. 12" xIsapId="WDU19970880553" xTitle="Ustawa z dnia 6 czerwca 1997 r. - Kodeks karny" xAddress="Dz. U. z 1997 r. Nr 88, poz. 553">art. 12 k.k.</xLexLink> przez jego niezastosowanie w sytuacji, gdy czyny wskazane w pkt XXII, XXIV oraz ZZV części dyspozytywnej wyroku zostały podjęte w krótkich odstępach czasu i z góry powziętym zamiarem sprzedaży i wypłat środków trwałych, obrotowych i finansowych Spółki oraz przy użyciu kwalifikacji kumulatywnej <xLexLink xArt="art. 300;art. 300 § 1" xIsapId="WDU19970880553" xTitle="Ustawa z dnia 6 czerwca 1997 r. - Kodeks karny" xAddress="Dz. U. z 1997 r. Nr 88, poz. 553">art. 300 § 1 k.k.</xLexLink> w zw. z <xLexLink xArt="art. 296;art. 296 § 1;art. 296 § 2;art. 296 § 3" xIsapId="WDU19970880553" xTitle="Ustawa z dnia 6 czerwca 1997 r. - Kodeks karny" xAddress="Dz. U. z 1997 r. Nr 88, poz. 553">art. 296 § 1, 2 i 3 k.k.</xLexLink> w zw. z <xLexLink xArt="art. 308" xIsapId="WDU19970880553" xTitle="Ustawa z dnia 6 czerwca 1997 r. - Kodeks karny" xAddress="Dz. U. z 1997 r. Nr 88, poz. 553">art. 308 k.k.</xLexLink> w zw. z <xLexLink xArt="art. 11;art. 11 § 2" xIsapId="WDU19970880553" xTitle="Ustawa z dnia 6 czerwca 1997 r. - Kodeks karny" xAddress="Dz. U. z 1997 r. Nr 88, poz. 553">art. 11 §2 k.k.</xLexLink> w zw. z <xLexLink xArt="art. 12" xIsapId="WDU19970880553" xTitle="Ustawa z dnia 6 czerwca 1997 r. - Kodeks karny" xAddress="Dz. U. z 1997 r. Nr 88, poz. 553">art. 12 k.k.</xLexLink> co dawało podstawę do skazania za jeden czyn ciągły realizowany w okresie od grudnia 2001 r. do grudnia 2002 r.;</xText>
          <xText> - błąd w ustaleniach faktycznych polegający na przyjęciu, iż osk. Z. <xAnon>G.</xAnon> dysponując środkami finansowymi pochodzącymi z korzyści związanych z popełnieniem czynów zabronionych na szkodę <xAnon>spółki (...)</xAnon> i wierzycieli spółki, a nadto <xLexLink xArt="" xIsapId="WDU19990830930" xTitle="Ustawa z dnia 10 września 1999 r. - Kodeks karny skarbowy" xAddress="Dz. U. z 1999 r. Nr 83, poz. 930">k.k.s.</xLexLink> podjął czynności mające na celu udaremnienie i znaczne utrudnienie stwierdzenia przestępczego ich pochodzenia w sytuacji, gdy oskarżony dysponował też środkami pochodzącymi z prowadzonej w różnych formach działalności gospodarczej, osk. <xAnon>L. S.</xAnon> nie zwrócił mu kwoty, co najmniej 450.000 zł, co pomniejszało sumę uzyskanych środków pieniężnych z dokonanych nielegalnie przelewów, dysponował środkami ze sprzedaży lokalu użytkowego;</xText>
          <xText> - błąd w ustaleniach faktycznych będących podstawą ustaleń Sądu, którego następstwem jest wadliwość wyroku w zakresie wymiaru kary odnośnie czynu z pkt XXIII części dyspozytywnej wyroku, poprzez pominięcie okoliczności łagodzących występujących po stronie oskarżonego, tj. zachowania oskarżonego po popełnieniu czynu, a zwłaszcza tego, że czynił on starania zmierzające do wyrównania uszczuplenia, jego motywację i warunki osobiste oraz sposób życia przed popełnieniem czynu zabronionego oraz tego, że przyznał się do popełnienia tego czynu wyjaśnił okoliczności jego popełnienia, szczerze i zgodnie z zebranym materiałem dowodowym, czynił starania mające na celu wyrównanie uszczuplenia, a pominięcie tych okoliczności przez Sąd skutkowało orzeczeniem kary zbyt surowej w stosunku do oskarżonego za to przestępstwo.</xText>
          <xText> Niezależnie od powyższego, gdyby Sąd Apelacyjny nie podzielił argumentacji dotyczących naruszeń prawa procesowego w konsekwencji pozostając przy ustalonym stanie faktycznych przez Sąd I instancji, - na podstawie <xLexLink xArt="art. 438;art. 438 pkt. 1" xIsapId="WDU19970890555" xTitle="Ustawa z dnia 6 czerwca 1997 r. - Kodeks postępowania karnego" xAddress="Dz. U. z 1997 r. Nr 89, poz. 555">art. 438 pkt 1 k.p.k</xLexLink> – zaskarżonemu orzeczeniu zarzuciła:</xText>
          <xText> 1. obrazę prawa materialnego, a to ar.t 299 <xLexLink xArt="§ 1" xIsapId="WDU19970880553" xTitle="Ustawa z dnia 6 czerwca 1997 r. - Kodeks karny" xAddress="Dz. U. z 1997 r. Nr 88, poz. 553">§ 1 k.k.</xLexLink> przez jego niewłaściwą wykładnię polegającą na błędnym zinterpretowaniu znamienia „z korzyści związanych z popełnieniem czynu zabronionego”, którego nie spełniają przedmioty i prawa, które zostały uzyskane za pomocą czynu zabronionego, a więc pochodzą bezpośrednio z czynu zabronionego, nadto, że sprawcą tego przestępstwa nie może być ten kto sam dopuścił się przestępstwa, z którego pochodzą korzyści majątkowe, co w konsekwencji nie mogło skutkować przypisaniem osk. <xAnon>Z. G.</xAnon> jako osobie która bezpośrednio uzyskała środki pieniężne pochodzące z czynów zabronionych przestępstwa z <xLexLink xArt="art. 299;art. 299 § 1" xIsapId="WDU19970880553" xTitle="Ustawa z dnia 6 czerwca 1997 r. - Kodeks karny" xAddress="Dz. U. z 1997 r. Nr 88, poz. 553">art. 299 § 1 k.k.</xLexLink></xText>
          <xText> 2. obrazę prawa materialnego, a to <xLexLink xArt="art. 300;art. 300 § 1" xIsapId="WDU19970880553" xTitle="Ustawa z dnia 6 czerwca 1997 r. - Kodeks karny" xAddress="Dz. U. z 1997 r. Nr 88, poz. 553">art. 300 § 1 k.k.</xLexLink> przez niewłaściwe jego zastosowanie i błędną wykładnię w sytuacji, gdy podmiotem przestępstwa określonego w tym przepisie może być tylko osoba ponosząca względem wierzyciela odpowiedzialność osobistą, a oskarżony <xAnon>Z. G.</xAnon> nie był osobą ponoszącą odpowiedzialność wobec wierzycieli <xAnon>spółki (...) sp. z o.o.</xAnon>, którą jako członek zarządu, jednoosobowy udziałowiec, a następnie likwidator spółki jedynie reprezentował, stąd nie mógł on ponosić odpowiedzialności na podstawie tej normy karnej wyrażanej w <xLexLink xArt="art. 300;art. 300 § 1" xIsapId="WDU19970880553" xTitle="Ustawa z dnia 6 czerwca 1997 r. - Kodeks karny" xAddress="Dz. U. z 1997 r. Nr 88, poz. 553">art. 300 § 1 k.k.</xLexLink></xText>
          <xText> Podnosząc powyższe zarzuty, apelująca wniosła o:</xText>
          <xText> 1. zmianę zaskarżonego wyroku i uniewinnienie <xAnon>Z. G.</xAnon> od zarzutu popełnienia czynów opisanych w pkt XXI, XXII, XXIV, XXV;</xText>
          <xText> - w zakresie zarzutu z <xLexLink xArt="art. 17 § 1 pkt. 3;art. 17 § 1 pkt. 4" xIsapId="WDU19990830930" xTitle="Ustawa z dnia 10 września 1999 r. - Kodeks karny skarbowy" xAddress="Dz. U. z 1999 r. Nr 83, poz. 930">pkt III i IV</xLexLink> apelacji wyeliminowanie z opisu czynu zawartego w <xLexLink xArt="art. 17 § 1 pkt. 20" xIsapId="WDU19990830930" xTitle="Ustawa z dnia 10 września 1999 r. - Kodeks karny skarbowy" xAddress="Dz. U. z 1999 r. Nr 83, poz. 930">pkt XX</xLexLink> części dyspozytywnej graniczny okres jego popełnienia zakreślony do dnia 28 września 2001 r. przyjmując okres wskazany przez oskarżyciela publicznego w <xLexLink xArt="art. 17 § 1 pkt. 32" xIsapId="WDU19990830930" xTitle="Ustawa z dnia 10 września 1999 r. - Kodeks karny skarbowy" xAddress="Dz. U. z 1999 r. Nr 83, poz. 930">pkt XXXII</xLexLink> a.o. i na podstawie <xLexLink xArt="art. 17;art. 17 § 1;art. 17 § 1 pkt. 7" xIsapId="WDU19990830930" xTitle="Ustawa z dnia 10 września 1999 r. - Kodeks karny skarbowy" xAddress="Dz. U. z 1999 r. Nr 83, poz. 930">art. 17 § 1 pkt 7</xLexLink> w zw. z <xLexLink xArt="art. 44;art. 44 § 1;art. 44 § 1 pkt. 1;art. 44 § 3;art. 44 § 5" xIsapId="WDU19990830930" xTitle="Ustawa z dnia 10 września 1999 r. - Kodeks karny skarbowy" xAddress="Dz. U. z 1999 r. Nr 83, poz. 930">art. 44 § 1 pkt 1 i § 3 i 5 k.k.s.</xLexLink> umorzenie postępowania w tym zakresie wobec <xAnon>Z. G.</xAnon> ze względu na przedawnienie jego karalności.</xText>
          <xText> 2. o zmianę zaskarżonego wyroku, przyjmując, że opisane w pkt XXII, XXIV, XXV czyny stanowią jeden czyn ciągły przy kumulatywnej kwalifikacji przestępstw z <xLexLink xArt="art. 296" xIsapId="WDU19970880553" xTitle="Ustawa z dnia 6 czerwca 1997 r. - Kodeks karny" xAddress="Dz. U. z 1997 r. Nr 88, poz. 553">art. 296 k. k.</xLexLink> i <xLexLink xArt="art. 300;art. 300 § 1" xIsapId="WDU19970880553" xTitle="Ustawa z dnia 6 czerwca 1997 r. - Kodeks karny" xAddress="Dz. U. z 1997 r. Nr 88, poz. 553">300 § 1 k.k.</xLexLink> w zw. z <xLexLink xArt="art. 308" xIsapId="WDU19970880553" xTitle="Ustawa z dnia 6 czerwca 1997 r. - Kodeks karny" xAddress="Dz. U. z 1997 r. Nr 88, poz. 553">art. 308 k.k.</xLexLink> i wymierzenie oskarżonemu kary w dolnych granicach ustawowego zagrożenia.</xText>
          <xText> 3. w zakresie zarzutu dotyczącego wymiaru kary za czyn opisany w pkt XXIII części dyspozytywnej wyroku o zmianę wysokości orzeczonej kary na karę o łagodniejszym wymiarze,</xText>
          <xText> 4. o uchylenie zaskarżonego wyroku i przekazanie sprawy do ponownego rozpoznania Sądowi pierwszej instancji.</xText>
          
          <xText><xBx>
       Obrońca oskarżonego <xAnon>Z. G.</xAnon> (</xBx> adw. <xAnon>P. S.</xAnon>) zaskarżył wyrok w pkt XX, XXI, XXII, XXIII, XXIV, XXV, XLI, XLII, XLV w całości, zarzucając: obrazę przepisów prawa procesowego, a to <xLexLink xArt="art. 439;art. 439 § 1;art. 439 § 1 pkt. 2" xIsapId="WDU19970890555" xTitle="Ustawa z dnia 6 czerwca 1997 r. - Kodeks postępowania karnego" xAddress="Dz. U. z 1997 r. Nr 89, poz. 555">art. 439 § 1 pkt 2 in fine k.p.k.</xLexLink> w zw. z <xLexLink xArt="art. 28;art. 28 § 1" xIsapId="WDU19970890555" xTitle="Ustawa z dnia 6 czerwca 1997 r. - Kodeks postępowania karnego" xAddress="Dz. U. z 1997 r. Nr 89, poz. 555">art. 28 § 1 k.p.k.</xLexLink> w brzmieniu sprzed nowelizacji kodeksu postępowania karnego z dnia 15 marca 2007 r. (Dz.U. Nr 112, poz. 766) polegającą na naruszeniu zasady niezmienności składu sądu wskutek nieobecności członka składu orzekającego – ławnika <xAnon>E. K. (1)</xAnon> na całej rozprawie.</xText>
          
          <xText> Podnosząc powyższy zarzut, apelujący wniósł o skierowanie niniejszej sprawy na posiedzenie i uchylenie zaskarżonego wyroku we wskazanych punktach w zakresie dotyczącym oskarżonego <xAnon>Z. G.</xAnon> i przekazanie sprawy w tym zakresie do ponownego rozpoznania Sądowi I instancji.</xText>
          
          <xText><xBx> Obrończyni oskarżonego <xAnon>H. M. (1)</xAnon></xBx> , zaskarżonemu wyrokowi zarzuciła:</xText>
          <xText> I. obrazę przepisów postępowania mającą wpływ na wydane rozstrzygnięcie, a to <xLexLink xArt="art. 439;art. 439 § 1;art. 439 § 1 pkt. 2" xIsapId="WDU19970890555" xTitle="Ustawa z dnia 6 czerwca 1997 r. - Kodeks postępowania karnego" xAddress="Dz. U. z 1997 r. Nr 89, poz. 555">art. 439 § 1 pkt 2 k.p.k.</xLexLink> w zw. z <xLexLink xArt="art. 28" xIsapId="WDU19970890555" xTitle="Ustawa z dnia 6 czerwca 1997 r. - Kodeks postępowania karnego" xAddress="Dz. U. z 1997 r. Nr 89, poz. 555">art. 28 k.p.k.</xLexLink> w jego brzmieniu sprzed nowelizacji dokonanej ustawą z dnia 15 marca 2007 r., polegającą na naruszeniu zasady niezmienności składu sądu wskutek nieobecności członka składu orzekającego, tj. ławnika <xAnon>E. K. (1)</xAnon> na rozprawie w dniu 23 lutego 2009 r. oraz nie powtórzenia czynności przeprowadzonych na tym terminie na kolejnej rozprawie wyznaczonej na dzień 9 marca 2009 r. co skutkowało naruszeniem zasady obecności wszystkich członków składu orzekającego w każdej fazie postępowania.</xText>
          <xText> II. obrazę przepisów postępowania mogących mieć wpływ na wydane w sprawie rozstrzygniecie, a to <xLexLink xArt="art. 7" xIsapId="WDU19970890555" xTitle="Ustawa z dnia 6 czerwca 1997 r. - Kodeks postępowania karnego" xAddress="Dz. U. z 1997 r. Nr 89, poz. 555">art. 7 k.p.k.</xLexLink> polegające na dokonaniu ustaleń będących podstawą wyroku, w sposób dowolny, przekraczający zasadę swobodnej oceny dowodów, a wyrażający się wnioskowaniem sądu bez uwzględnienia reguł logicznego myślenia w szczególności w odniesieniu do uznania, że:</xText>
          <xText> - <xAnon>H. M. (1)</xAnon> udzielił pomocy <xAnon>Z. G.</xAnon> do popełnienia przestępstwa z <xLexLink xArt="art. 300;art. 300 § 1" xIsapId="WDU19970880553" xTitle="Ustawa z dnia 6 czerwca 1997 r. - Kodeks karny" xAddress="Dz. U. z 1997 r. Nr 88, poz. 553">art. 300 § 1 k.k.</xLexLink> w sytuacji gdy, z przeprowadzonych w toku postępowania dowodów nie można było zdekodować niezbędnych elementów konstrukcji pomocnictwa w szczególności zaś, że <xAnon>H. M. (1)</xAnon> działał i obejmował swą świadomością to, że podejmując określone czynności związane z kupnem rzeczy stanowiących składniki majątku <xAnon>spółki (...) Sp. z o.o.</xAnon> ułatwiał <xAnon>Z. G.</xAnon> popełnienie czynu zabronionego oraz obejmował swoją świadomością, że czyni to w odniesieniu do konkretnego scharakteryzowanego czynu zabronionego przy zachowaniu świadomości przestępczego znaczenia swego zachowania, sam zaś fakt, iż <xAnon>H. M. (1)</xAnon> miał wiedzę co do rosnącego zadłużenia spółki samo w sobie nie przesądza o rzeczywistym zamiarze podjętych działań mających na celu kupni rzeczy stanowiących składniki majątkowe <xAnon>spółki (...)</xAnon>, a nadto nie zostało dowodowo wykazane w którym momencie taką wiedzą rzeczywiście dysponował;</xText>
          <xText> - że <xAnon>H. M. (1)</xAnon> podjął czynności mające na celu udaremnienie i znaczne utrudnienie stwierdzenia przestępnego pochodzenia środków pieniężnych, którymi dysponował <xAnon>Z. G.</xAnon> i ich wykrycie i zajęcie, w sytuacji gdy z przeprowadzonych w toku postępowania dowodów nie można było wyprowadzić takiego wniosku, w szczególności, że <xAnon>H. M. (1)</xAnon> miał świadomość posługiwania się wartościami majątkowymi o przestępczym pochodzeniu oraz wolę udaremnienia lub znacznego utrudnienia identyfikacji tych środków, a także wolę przestępczego współdziałania z innymi osobami, wszystkie bowiem ustalenia Sądu w tym zakresie opierały się na faktach ubocznych między innymi na faktycznych działaniach oskarżonego, takich jak założenie działalności gospodarczej, kupno środków obrotowych <xAnon>Spółki (...)</xAnon>, towarzyskie relacje z Z. <xAnon>G.</xAnon>, które interpretowane w kontekście podmiotowych znamion przestępstwa z <xLexLink xArt="art. 299" xIsapId="WDU19970880553" xTitle="Ustawa z dnia 6 czerwca 1997 r. - Kodeks karny" xAddress="Dz. U. z 1997 r. Nr 88, poz. 553">art. 299 k.k.</xLexLink> nie dawały podstaw do wniosków odnośnie towarzyszącego oskarżonemu zamiaru sprawczego i świadomości przestępczej podejmowanych działań;</xText>
          <xText> - że środki pochodzące na zakup kosmetyków ze <xAnon>spółki (...)</xAnon> nie pochodziły z udzielonej przez <xAnon>G. A.</xAnon> pożyczki opiewającej na kwotę 500.000 zł w sytuacji, gdy zostało wykazane, iż takimi środkami dysponował <xAnon>G. A.</xAnon>, a nadto, że nie były to dla niego biorąc pod uwagę jego sytuację finansową, środki o dużym znaczeniu.</xText>
          <xText> III. obrazę przepisów postępowania, a to <xLexLink xArt="art. 424;art. 424 § 1;art. 424 § 1 pkt. 2" xIsapId="WDU19970890555" xTitle="Ustawa z dnia 6 czerwca 1997 r. - Kodeks postępowania karnego" xAddress="Dz. U. z 1997 r. Nr 89, poz. 555">art. 424 § 1 pkt 2 k.p.k.</xLexLink> poprzez brak jakichkolwiek rozważań Sądu odnośnie przyjętej kwalifikacji prawnej przypisanych oskarżonemu czynów, w tym dotyczących okoliczności podmiotowych i przedmiotowych, nadto braku rozważań, co do podziału ról sprawczych, w zakresie tych ustaleń, co niewątpliwie miało wpływ na wydane w sprawie rozstrzygnięcie, chociażby w kontekście możliwości zastosowania, w szczególności w stosunku do czynu oskarżonego z pkt XXVIII części dyspozytywnej wyroku instytucji nadzwyczajnego złagodzenia kary przewidzianej w <xLexLink xArt="art. 19;art. 19 § 2" xIsapId="WDU19970880553" xTitle="Ustawa z dnia 6 czerwca 1997 r. - Kodeks karny" xAddress="Dz. U. z 1997 r. Nr 88, poz. 553">art. 19 § 2 k.k.</xLexLink></xText>
          <xText> IV. obrazę przepisów postępowania, a to <xLexLink xArt="art. 4" xIsapId="WDU19970890555" xTitle="Ustawa z dnia 6 czerwca 1997 r. - Kodeks postępowania karnego" xAddress="Dz. U. z 1997 r. Nr 89, poz. 555">art. 4 k.p.k.</xLexLink> w zw. z <xLexLink xArt="art. 7" xIsapId="WDU19970890555" xTitle="Ustawa z dnia 6 czerwca 1997 r. - Kodeks postępowania karnego" xAddress="Dz. U. z 1997 r. Nr 89, poz. 555">art. 7 k.p.k.</xLexLink> w zw. z <xLexLink xArt="art. 424;art. 424 § 1;art. 424 § 1 pkt. 1" xIsapId="WDU19970890555" xTitle="Ustawa z dnia 6 czerwca 1997 r. - Kodeks postępowania karnego" xAddress="Dz. U. z 1997 r. Nr 89, poz. 555">art. 424 § 1 pkt 1 k.p.k.</xLexLink> polegającą na ogólnym tylko powołaniu się przez Sąd na przeprowadzone na rozprawie dowody, bez wyjaśnienia istniejących sprzeczności, między dowodami, podczas gdy dla realizacji dyspozycji zawartej w tym przepisie koniecznym jest ustalenie zależności każdego dowodu od poszczególnych okoliczności faktycznych, które w sprawie wymagały udowodnienia, a mogło mieć to wpływ na wydane rozstrzygnięcie.</xText>
          <xText> V. obrazę przepisów postępowania, a to <xLexLink xArt="art. 424;art. 424 § 2" xIsapId="WDU19970890555" xTitle="Ustawa z dnia 6 czerwca 1997 r. - Kodeks postępowania karnego" xAddress="Dz. U. z 1997 r. Nr 89, poz. 555">art. 424 § 2 k.p.k.</xLexLink> poprzez brak odzwierciedlenia w uzasadnieniu wyroku okoliczność, które Sąd miał na względzie przy wymiarze kary, co wykluczyło prawidłową polemikę z wydanym rozstrzygnięciem w tym zakresie, jednocześnie uniemożliwiając przeprowadzenie kontroli instancyjnej wyroku odnośnie podstaw wymiaru kar jednostkowych orzeczonych wobec oskarżonego za zarzucane mu czyny;</xText>
          <xText>
            <xUx> w konsekwencji zarzuciła:</xUx>
          </xText>
          <xText> - błąd w ustaleniach faktycznych przyjętych za podstawę orzeczenia polegający na przyjęciu, że oskarżony <xAnon>H. M. (1)</xAnon> podjął czynności mające na celu udaremnienie i znaczne utrudnienie stwierdzenia przestępczego pochodzenia pieniędzy, którymi dysponował <xAnon>Z. G.</xAnon> pomimo, że w zgromadzonym materiale dowodowym brak było dowodów wskazujących na to, że oskarżony miał świadomość posługiwania się wartościami majątkowymi o przestępczym pochodzeniu oraz wolę udaremnienia lub znacznego utrudnienia identyfikacji tych pieniędzy przez uprawnione organy przede wszystkim zaś wolę przestępczego współdziałania z innymi osobami, a nadto, że oskarżony miał świadomość, iż udziela pomocy <xAnon>Z. G.</xAnon> w dokonaniu przestępstwa z <xLexLink xArt="art. 300;art. 300 § 1" xIsapId="WDU19970880553" xTitle="Ustawa z dnia 6 czerwca 1997 r. - Kodeks karny" xAddress="Dz. U. z 1997 r. Nr 88, poz. 553">art. 300 § 1 k.k.</xLexLink></xText>
          <xText> - błąd w ustaleniach faktycznych będących podstawą ustaleń Sądu, którego następstwem jest wadliwość wyroku w zakresie wymiaru kar jednostkowych poprzez pominięcie okoliczności istotnych dla wymiaru kary tj. motywacji i warunków osobistych oskarżonego, sposób życia przed popełnieniem czynu zabronionego w szczególności tego, że jest on emerytem utrzymującym się z niskiej emerytury, po zawale serca przebytym w 2008 roku, specjalistycznie leczony kardiologicznie, chorujący na cukrzycę, co miało istotne znaczenie w szczególności zaś przy wymiarze kary grzywny.</xText>
          <xText> Podnosząc powyższe zarzuty, apelująca wniosła o :</xText>
          <xText> 1. ze względu na zarzut sformułowany w pkt I apelacji – o uchylenie zaskarżonego wyroku i przekazanie sprawy do ponownego rozpoznania Sądowi I instancji;</xText>
          <xText> 2. w przypadku nie podzielenia zarzutu z pkt I apelacji, - o zmianę zaskarżonego wyroku i uniewinnienie <xAnon>H. M. (1)</xAnon> od zarzutu popełnienia czynów opisanych w pkt XXVII, XXVIII części dyspozytywnej wyroku, albo też z daleko posuniętej ostrożności:</xText>
          <xText> 3. o uchylenie zaskarżonego wyroku w zakresie orzeczonej kary łącznej i kar jednostkowych i w stosunku do czynu z :</xText>
          <xText> - pkt XXVIII części dyspozytywnej wyroku i przy zastosowaniu instytucji z <xLexLink xArt="art. 19;art. 19 § 2" xIsapId="WDU19970880553" xTitle="Ustawa z dnia 6 czerwca 1997 r. - Kodeks karny" xAddress="Dz. U. z 1997 r. Nr 88, poz. 553">art. 19 § 2 k.k.</xLexLink> orzeczenie kary ograniczenia wolności;</xText>
          <xText> - pkt XXVII części dyspozytywnej wyroku zachowując jej wymiar w dolnych granicach ustawowego zagrożenia przy jednoczesnym zawieszeniu na okres 2 lat próby oraz nie orzekaniu kumulatywnej kary grzywny; oraz nieobciążania oskarżonego kosztami procesu.</xText>
          
          <xText><xBx> Obrońca oskarżonego <xAnon>K. B.</xAnon></xBx> zaskarżył powyższy wyrok w zakresie rozstrzygnięcia w punkcie XXIX części dyspozytywnej orzeczenia w całości i zarzucił: obrazę prawa materialnego, a to <xLexLink xArt="art. 44;art. 44 § 3" xIsapId="WDU19990830930" xTitle="Ustawa z dnia 10 września 1999 r. - Kodeks karny skarbowy" xAddress="Dz. U. z 1999 r. Nr 83, poz. 930">art. 44 § 3 k.k.s.</xLexLink> oraz <xLexLink xArt="art. 44;art. 44 § 4" xIsapId="WDU19990830930" xTitle="Ustawa z dnia 10 września 1999 r. - Kodeks karny skarbowy" xAddress="Dz. U. z 1999 r. Nr 83, poz. 930">art. 44 § 4 k.k.s.</xLexLink> w zw. z <xLexLink xArt="art. 56" xIsapId="WDU19990830930" xTitle="Ustawa z dnia 10 września 1999 r. - Kodeks karny skarbowy" xAddress="Dz. U. z 1999 r. Nr 83, poz. 930">art. 56 k.k.s.</xLexLink> polegającą na wadliwym zastosowaniu – przy obliczaniu początku biegu terminu przedawnienia przypisanego <xAnon>K. B.</xAnon> w punkcie XXIX części dyspozytywnej wyroku czynu – tego pierwszego przepisu, a w konsekwencji niezastosowaniu przepisu właściwego, to jest <xLexLink xArt="art. 4;art. 4 § 4" xIsapId="WDU19990830930" xTitle="Ustawa z dnia 10 września 1999 r. - Kodeks karny skarbowy" xAddress="Dz. U. z 1999 r. Nr 83, poz. 930">art. 4 § 4 k.k.s.</xLexLink>, poprzez nieuwzględnienie faktu, że to właśnie ten ostatni przepis powinien – jako posiadający szerszy w stosunku do <xLexLink xArt="art. 44;art. 44 § 3" xIsapId="WDU19990830930" xTitle="Ustawa z dnia 10 września 1999 r. - Kodeks karny skarbowy" xAddress="Dz. U. z 1999 r. Nr 83, poz. 930">art. 44 § 3 k.k.s.</xLexLink> zakres desygnatów – znaleźć zastosowanie przy obliczaniu tego terminu, a to ze względu na okoliczność, że stypizowane w <xLexLink xArt="art. 56" xIsapId="WDU19990830930" xTitle="Ustawa z dnia 10 września 1999 r. - Kodeks karny skarbowy" xAddress="Dz. U. z 1999 r. Nr 83, poz. 930">art. 56 k.k.s.</xLexLink> i przypisane temu oskarżonemu przestępstwo oszustwa podatkowego polega wprawdzie na narażeniu na uszczuplenie należności publicznoprawnej ale zarazem stanowi przestępstwo skutkowe.</xText>
          <xText> Podnosząc powyższy zarzut, apelujący wniósł o zmianę zaskarżonego orzeczenia poprzez umorzenie postępowania w zaskarżonej części na podstawie <xLexLink xArt="art. 17;art. 17 § 1;art. 17 § 1 pkt. 6" xIsapId="WDU19970890555" xTitle="Ustawa z dnia 6 czerwca 1997 r. - Kodeks postępowania karnego" xAddress="Dz. U. z 1997 r. Nr 89, poz. 555">art. 17 § 1 pkt 6) k.p.k.</xLexLink> ze względu na przedawnienie karalności.</xText>
          
          <xText><xBx> Obrońca oskarżonej <xAnon>J. T.</xAnon></xBx> zaskarżył wyrok co do winy, zarzucając:</xText>
          <xText> 1. kwalifikowaną obrazę prawa procesowego, a to <xLexLink xArt="art. 439;art. 439 § 1;art. 439 § 1 pkt. 2" xIsapId="WDU19970890555" xTitle="Ustawa z dnia 6 czerwca 1997 r. - Kodeks postępowania karnego" xAddress="Dz. U. z 1997 r. Nr 89, poz. 555">art. 439 § 1 pkt 2 k.p.k.</xLexLink> w zw. z <xLexLink xArt="art. 28;art. 28 § 1" xIsapId="WDU19970890555" xTitle="Ustawa z dnia 6 czerwca 1997 r. - Kodeks postępowania karnego" xAddress="Dz. U. z 1997 r. Nr 89, poz. 555">art. 28 § 1 k.p.k.</xLexLink> w brzmieniu sprzed nowelizacji <xLexLink xArt="" xIsapId="WDU19970890555" xTitle="Ustawa z dnia 6 czerwca 1997 r. - Kodeks postępowania karnego" xAddress="Dz. U. z 1997 r. Nr 89, poz. 555">kodeksu postępowania karnego</xLexLink> dokonanej ustawą o zmianie ustawy – Kodeks postępowania cywilnego, ustawy – Kodeks postępowania karnego oraz o zmianie niektórych innych ustaw z dnia 15 marca 2007 r. (Dz,U, Nr 112, <xLexLink xArt="art. 28 poz. 766" xIsapId="WDU19970890555" xTitle="Ustawa z dnia 6 czerwca 1997 r. - Kodeks postępowania karnego" xAddress="Dz. U. z 1997 r. Nr 89, poz. 555">poz. 766</xLexLink>), polegającą na naruszeniu zasady niezmienności składu sądu w wyniku nieobecności na rozprawie w dniu 23 lutego 2009 roku członka składu orzekającego – ławnika <xAnon>E. K. (1)</xAnon>.</xText>
          <xText> 2. obrazę prawa procesowego mającą wpływ na treść zaskarżonego wyroku ( <xLexLink xArt="art. 438;art. 438 pkt. 2" xIsapId="WDU19970890555" xTitle="Ustawa z dnia 6 czerwca 1997 r. - Kodeks postępowania karnego" xAddress="Dz. U. z 1997 r. Nr 89, poz. 555">art. 438 pkt 2 k.p.k.</xLexLink>), a to <xLexLink xArt="art. 7" xIsapId="WDU19970890555" xTitle="Ustawa z dnia 6 czerwca 1997 r. - Kodeks postępowania karnego" xAddress="Dz. U. z 1997 r. Nr 89, poz. 555">art. 7 k.p.k.</xLexLink>, <xLexLink xArt="art. 410" xIsapId="WDU19970890555" xTitle="Ustawa z dnia 6 czerwca 1997 r. - Kodeks postępowania karnego" xAddress="Dz. U. z 1997 r. Nr 89, poz. 555">art. 410 k.p.k.</xLexLink> poprzez sformułowanie dowolnej, wybiórczej i tendencyjnej oceny zgromadzonego materiału dowodowego, pomijającej istotne okoliczności mające znaczenie dla rozstrzygnięcia, a w szczególności co do winy oskarżonej <xAnon>J. T.</xAnon> w zakresie współsprawstwa w popełnieniu przestępstwa z <xLexLink xArt="art. 299;art. 299 § 1" xIsapId="WDU19970880553" xTitle="Ustawa z dnia 6 czerwca 1997 r. - Kodeks karny" xAddress="Dz. U. z 1997 r. Nr 88, poz. 553">art. 299 § 1 k.k.</xLexLink>, zarówno w odniesieniu do działania w wykonaniu z góry powziętego zamiaru, wspólnie i w porozumieniu z <xAnon>Z. G.</xAnon> i <xAnon>H. M. (1)</xAnon> i <xAnon>G. A.</xAnon> związanego z utworzeniem i funkcjonowaniem <xAnon>firmy (...)</xAnon>, jak i współsprawstwa w popełnieniu z tymi osobami przestępstwa z <xLexLink xArt="art. 299;art. 299 § 1" xIsapId="WDU19970880553" xTitle="Ustawa z dnia 6 czerwca 1997 r. - Kodeks karny" xAddress="Dz. U. z 1997 r. Nr 88, poz. 553">art. 299 § 1 k.k.</xLexLink> w odniesieniu do utworzenia i funkcjonowania sp. <xAnon>C.</xAnon>;</xText>
          <xText> - <xLexLink xArt="art. 424;art. 424 § 1" xIsapId="WDU19970890555" xTitle="Ustawa z dnia 6 czerwca 1997 r. - Kodeks postępowania karnego" xAddress="Dz. U. z 1997 r. Nr 89, poz. 555">art. 424 § 1 k.p.k.</xLexLink> poprzez pominięcie w uzasadnieniu zaskarżonego wyroku niezbędnych jego elementów, jak wskazania dlaczego Sąd I instancji nie dał wiary całości zeznań świadków <xAnon>G. K.</xAnon> i <xAnon>K. T.</xAnon>.</xText>
          <xText> 3. oraz z ostrożności procesowej – naruszenie przepisu prawa materialnego ( <xLexLink xArt="art. 438;art. 438 pkt. 1" xIsapId="WDU19970890555" xTitle="Ustawa z dnia 6 czerwca 1997 r. - Kodeks postępowania karnego" xAddress="Dz. U. z 1997 r. Nr 89, poz. 555">art. 438 pkt 1 k.p.k.</xLexLink>), a to <xLexLink xArt="art. 299;art. 299 § 7" xIsapId="WDU19970880553" xTitle="Ustawa z dnia 6 czerwca 1997 r. - Kodeks karny" xAddress="Dz. U. z 1997 r. Nr 88, poz. 553">art. 299 § 7 k.k.</xLexLink> w zw. z <xLexLink xArt="art. 56" xIsapId="WDU19970880553" xTitle="Ustawa z dnia 6 czerwca 1997 r. - Kodeks karny" xAddress="Dz. U. z 1997 r. Nr 88, poz. 553">art. 56 k.k.</xLexLink>, polegające na orzeczeniu solidarnie od oskarżonych Z. <xAnon>G.</xAnon>, H. <xAnon>M.</xAnon>, J. <xAnon>T.</xAnon> i G. <xAnon>A.</xAnon> przepadku równowartości korzyści pochodzących z przestępstwa z <xLexLink xArt="art. 299" xIsapId="WDU19970880553" xTitle="Ustawa z dnia 6 czerwca 1997 r. - Kodeks karny" xAddress="Dz. U. z 1997 r. Nr 88, poz. 553">art. 299 k.k.</xLexLink> przypisanego oskarżonym w kwocie 850.000 zł, podczas gdy solidarna odpowiedzialność tych osób nie wynika ani z przepisu ustaw, ani z czynności prawnej i jest sprzeczna z zasadą indywidualizacji odpowiedzialności karnej.</xText>
          
          <xText> Podnosząc powyższe zarzuty, apelujący wniósł o</xText>
          <xText> 1. uchylenie zaskarżonego wyroku na posiedzeniu i przekazanie sprawy do ponownego rozpoznania Sądowi Okręgowemu we Wrocławiu,</xText>
          <xText> 2. na wypadek nieuwzględnienia powyższego wniosku – o uchylenie wyroku w zaskarżonej części i przekazanie sprawy Sądowi Okręgowemu we Wrocławiu do ponownego rozpoznania, ewentualnie o:</xText>
          <xText> 3. zmianę wyroku w zaskarżonej części i uniewinnienie oskarżonej <xAnon>J. T.</xAnon>.</xText>
          
          <xText><xBx> Obrońca oskarżonego <xAnon>J. J. (1)</xAnon></xBx> zaskarżył wyrok w zakresie pkt XXXIV oraz pkt XXXV, zarzucając:</xText>
          <xText> I. naruszenie przepisów postępowania, a to <xLexLink xArt="art. 439;art. 439 § 1;art. 439 § 1 pkt. 2" xIsapId="WDU19970890555" xTitle="Ustawa z dnia 6 czerwca 1997 r. - Kodeks postępowania karnego" xAddress="Dz. U. z 1997 r. Nr 89, poz. 555">art. 439 § 1 pkt 2 k.p.k.</xLexLink>, a polegające na przeprowadzeniu w dniu 23 lutego 2009 r. przed Sądem Okręgowym we Wrocławiu III Wydział Karny w sprawie o sygn. akt: III K 24/06 rozprawy pod nieobecność ławnika <xAnon>E. K. (1)</xAnon> oraz nie powtórzenie powyżej wymienionej rozprawy na kolejnym terminie wyznaczonym na dzień 9 marca 2009 r. i w rezultacie naruszenie przepisów postępowania ustanawiających obowiązek obecności wszystkich członków składu sądzącego we wszystkich fazach rozprawy głównej od wywołania sprawy do ogłoszenia wyroku;</xText>
          <xText> II. błąd w ustaleniach faktycznych przyjętych za podstawę orzeczenia, polegający na bezpodstawnym przyjęciu, iż oskarżony <xAnon>J. J. (1)</xAnon> dopuścił się zarzucanych mu czynów, podczas gdy – ze zgromadzonego w sprawie materiału dowodowego – a w szczególności z treści wyjaśnień <xAnon>L. S.</xAnon> wynika bezsprzecznie, że nieprawidłowe zaksięgowanie dotyczące zakupu regulatora, będącego przedmiotem zarzutu, było wynikiem omyłki księgowej <xAnon>D. Ś.</xAnon>, co uwiarygodnia linię obrony, wynikającą z treści wyjaśnień oskarżonego <xAnon>J. J. (1)</xAnon>;</xText>
          <xText> III. naruszenie przepisów postępowania, a to <xLexLink xArt="art. 424;art. 424 § 1;art. 424 § 1 pkt. 1" xIsapId="WDU19970890555" xTitle="Ustawa z dnia 6 czerwca 1997 r. - Kodeks postępowania karnego" xAddress="Dz. U. z 1997 r. Nr 89, poz. 555">art. 424 § 1 pkt 1 k.p.k.</xLexLink>, mające istotny wpływ na treść rozstrzygnięcia poprzez brak odniesienia się przez Sąd Okręgowy w rozważaniach zawartych w uzasadnieniu zaskarżonego wyroku, co do osoby oskarżonego <xAnon>J. J. (1)</xAnon>, tym bardziej, że z fragmentu uzasadnienia Sądu Okręgowego dotyczącego oskarżonych <xAnon>J. J. (1)</xAnon> i <xAnon>L. S.</xAnon>, wynika, iż tenże sąd nie wskazał zależności pomiędzy powołanymi w treści uzasadnienia dowodami, a zarzucanymi oskarżonemu <xAnon>J. J. (1)</xAnon> czynami.</xText>
          <xText> Podnosząc powyższe zarzuty, apelujący wniósł o:</xText>
          <xText> 1. uchylenie zaskarżonego wyroku i przekazanie sprawy do ponownego rozpoznania;</xText>
          <xText> ewentualnie o:</xText>
          <xText> 2. zmianę zaskarżonego wyroku poprzez uniewinnienie oskarżonego <xAnon>J. J. (1)</xAnon> od zarzucanych mu czynów.</xText>
          
          <xText><xBx>
       Obrońca oskarżonej <xAnon>Z. S.</xAnon>,</xBx> zaskarżył wyrok co do winy oskarżonej, zarzucając: obrazę przepisów prawa materialnego przez ustalenie, że opieka nad jej mężem <xAnon>L. S.</xAnon>, będącym inwalidą, w trakcie wykonywania przez niego funkcji prezesa zarządu Spółdzielni <xAnon>(...)</xAnon>, była jej obowiązkiem wynikającym z <xLexLink xArt="art. 23" xIsapId="WDU19640090059" xTitle="Ustawa z dnia 25 lutego 1964 r. - Kodeks rodzinny i opiekuńczy" xAddress="Dz. U. z 1964 r. Nr 9, poz. 59">art. 23 kodeksu rodzinnego i opiekuńczego</xLexLink>, a także błąd w ustaleniach faktycznych przyjętych za podstawę orzeczenia przez niesłuszne ustalenie, że oskarżona <xAnon>Z. S.</xAnon> wystawiając rachunek dla <xAnon>Spółdzielni (...)</xAnon> za sprawowanie opieki nad prezesem zarządu spółdzielni <xAnon>L. S.</xAnon> poświadczyła nieprawdę co do okoliczności mającej znaczenie prawne.</xText>
          <xText> Podnosząc powyższy zarzut, apelujący wniósł o uchylenie zaskarżonego orzeczenia w części oznaczonej numerem XXXIX sentencji wyroku dotyczącej oskarżonej <xAnon>Z. S.</xAnon> i umorzenie postępowania przeciwko niej.</xText>
          
          <xText><xBx> Obrońca oskarżonego <xAnon>G. A.</xAnon></xBx> zaskarżył wyrok w pkt XL, XLI, XLIII, XLIV i XLV, zarzucając:</xText>
          <xText> I. obrazę przepisów prawa materialnego, w tym:</xText>
          <xText> - <xLexLink xArt="art. 299;art. 299 § 1;art. 299 § 5;art. 299 § 7" xIsapId="WDU19970880553" xTitle="Ustawa z dnia 6 czerwca 1997 r. - Kodeks karny" xAddress="Dz. U. z 1997 r. Nr 88, poz. 553">art. 299 § 1, 5 i 7 k.k.</xLexLink> poprzez jego zastosowanie do przypisanego osk. G. <xAnon>A.</xAnon> czynu, nawet w przypadku sprzecznego ze stanem faktycznym przyjęcia – nie oddzielenia pożyczek – jako, że zachowania oskarżonych nie mogą, w związku z rzekomym czynem zabronionym <xAnon>Z. G.</xAnon> z lat 1999-2000, w wyniku którego ponoć w sprawie byłoby możliwe w okresie od 2.04.2001 r. do 31.12.2002 r. uzyskanie jakichkolwiek korzyści, co uniemożliwia kwalifikację prawną z tego przepisu ustawy, w tym orzeczenie solidarnego przepadku kwoty 850.000 zł.</xText>
          <xText> II. obrazę przepisów postępowania karnego, jaka miała wpływ na treść wyroku, w tym:</xText>
          <xText> 1. <xLexLink xArt="art. 439;art. 439 § 1;art. 439 § 1 pkt. 2" xIsapId="WDU19970890555" xTitle="Ustawa z dnia 6 czerwca 1997 r. - Kodeks postępowania karnego" xAddress="Dz. U. z 1997 r. Nr 89, poz. 555">art. 439 § 1 pkt 2 k.p.k.</xLexLink> poprzez prowadzenie rozprawy sądowej w dniu 23 lutego 2009 r. i rozpoznanie wniosku dowodowego osk. <xAnon>L. S.</xAnon> oraz orzeczenia o zwrócenie się do <xAnon>C.</xAnon> z żądaniem ustalenia adresów świadków i zarządzenia przerwy z udziałem ławnika dodatkowego p. <xAnon>M. M.</xAnon>, w sytuacji nie stawiennictwa ławnika <xAnon>E. K. (1)</xAnon>, co skutkuje zarzutem nienależytego obsadzenia Sądu i nieobecnością ławnika w tym dniu prowadzenia rozprawy i bezwzględną podstawą uchylenia orzeczenia.</xText>
          <xText> 2. <xLexLink xArt="art. 4;art. 5;art. 5 § 2;art. 5 § 7;art. 5 § 410;art. 5 § 424" xIsapId="WDU19970890555" xTitle="Ustawa z dnia 6 czerwca 1997 r. - Kodeks postępowania karnego" xAddress="Dz. U. z 1997 r. Nr 89, poz. 555">art. 4, 5 § 2, 7, 410 i 424 k.p.k.</xLexLink> poprzez przypisanie <xAnon>G. A.</xAnon> popełnienia przestępstwa z <xLexLink xArt="art. 299" xIsapId="WDU19970880553" xTitle="Ustawa z dnia 6 czerwca 1997 r. - Kodeks karny" xAddress="Dz. U. z 1997 r. Nr 88, poz. 553">art. 299 k.k.</xLexLink> pomimo wystąpienia w sprawie oczywistych wątpliwości rozstrzygniętych na niekorzyść oskarżonego, które po części dostrzegł Sąd, pominięcia konsekwentnych wyjaśnień oskarżonych i nie wskazania w uzasadnieniu wyroku dlaczego Sąd nie uznał dowodów przeciwnych tezie o praniu brudnych pieniędzy oraz wykazania winy umyślnej w tym świadomości rzekomych przestępczych działań osk. <xAnon>Z. G.</xAnon> z okresu sprzed 2002 roku.</xText>
          <xText> III. błędy w ustaleniach faktycznych przyjętych za podstawę wyroku, które miały wpływ na jego treść, polegające na ustaleniu, że:</xText>
          <xText> - oskarżony <xAnon>G. A.</xAnon> pozostawał w porozumieniu przestępczym z pozostałymi oskarżonymi, w tym, że znał przeznaczenie środków finansowych jakie stanowiły przedmiot pożyczek oraz faktyczne plany czy zamiary postępowania <xAnon>Z. G.</xAnon> i powiązanych z nim współoskarżonych;</xText>
          <xText> - <xAnon>G. A.</xAnon> nie przekazał przedmiotu pożyczek – o jakich mowa w pisemnych umowach – a także nie uzyskał ich zwrotu, pomimo przesuwaniu terminu przez J. <xAnon>T.</xAnon>, zaś pisemne umowy pożyczek i potwierdzenie ich zwrotu były fikcyjne.</xText>
          
          <xText> Podnosząc powyższe zarzuty, apelujący wniósł o:</xText>
          <xText> 1. uchylenie zaskarżonego wyroku i przekazanie sprawy do ponownego rozpoznania Sądowi I instancji;</xText>
          <xText> 2. zmianę zaskarżonego wyroku i uniewinnienie oskarżonego <xAnon>G. A.</xAnon>.</xText>
          
          <xText>
            <xBx>
              <xUx> Sąd Apelacyjny zważył co następuje:</xUx>
            </xBx>
          </xText>
          
          <xText> Niemal wszyscy apelujący zarzucają<xBx> uchybienie z katalogu bezwzględnych przyczyn odwoławczych określone w <xLexLink xArt="art. 439;art. 439 § 1;art. 439 § 1 pkt. 2" xIsapId="WDU19970890555" xTitle="Ustawa z dnia 6 czerwca 1997 r. - Kodeks postępowania karnego" xAddress="Dz. U. z 1997 r. Nr 89, poz. 555">art. 439 § 1 pkt 2 kpk</xLexLink> w zw. z <xLexLink xArt="art. 28;art. 28 § 1" xIsapId="WDU19970890555" xTitle="Ustawa z dnia 6 czerwca 1997 r. - Kodeks postępowania karnego" xAddress="Dz. U. z 1997 r. Nr 89, poz. 555">art. 28 § 1 kpk</xLexLink> w brzmieniu z przed nowelizacji kodeksu postępowania karnego z dnia 15 marca 2007r.</xBx> polegające na naruszeniu zasady niezmienności składu sądu orzekającego wskutek nieobecności na jednej z rozpraw ławnika <xAnon>E. K. (2)</xAnon>, dlatego Sąd Apelacyjny odniesie się do tego zarzutu w pierwszej kolejności.</xText>
          <xText> Zarzut ów nie zasługuje na uwzględnienie. Sąd Okręgowy rozpoznawał niniejszą sprawę w składzie trzyosobowym – zgodnie z ówczesnym brzmieniem <xLexLink xArt="art. 28;art. 28 § 1" xIsapId="WDU19970890555" xTitle="Ustawa z dnia 6 czerwca 1997 r. - Kodeks postępowania karnego" xAddress="Dz. U. z 1997 r. Nr 89, poz. 555">art. 28 § 1 kpk</xLexLink> - w osobie SSO Marka Poteralskiego oraz dwóch ławników: <xAnon>T. M.</xAnon> i <xAnon>E. K. (2)</xAnon>, przy udziale ławnika dodatkowego – <xAnon>M. M.</xAnon>. Na dzień 23 lutego 2009r. została wyznaczona kolejna rozprawa, na którą ławnik <xAnon>E. K. (2)</xAnon> nie stawiła się. Obecni byli natomiast pozostali członkowie składu orzekającego. Tak też sporządzony został protokół rozprawy głównej ( k. 2998-2999, tom 234 akt sprawy). Z protokołu tego w dalszej kolejności wynika, że Przewodniczący poinformował obecnych na sali o nieobecności ławnika <xAnon>E. K. (2)</xAnon> z powodu złamania nogi. Następnie zaprotokołowane zostało postanowienie o treści: „zwrócić się do <xAnon>C.</xAnon> o podanie aktualnych adresów zamieszkania świadków <xAnon>A. M. (1)</xAnon> i <xAnon>L. L.</xAnon>”, po czym zaprotokołowane zostało zarządzenie: „celem ustalenia czy przyczyna niestawiennictwa ławnika jest krótkotrwała czy długotrwała oraz celem wezwania kolejnych świadków Przewodniczący zarządził przerwę w rozprawie do dnia 02.03.2009r. godz. 9:00 sala 101 ponadto przypomniał o terminach kolejnych rozpraw wyznaczonych na dni 09.03.2009r., 16.03.2009r., 23.03.2009r., 30.03.2009r. godz. 9:00 sala 101 a nadto wyznaczył kolejne terminy rozpraw na dni 20.04.2009., 27.04.2009., 25.05.2009r., 15.06.2009r., 29.06.2009r. godz. 9:00 sala 101 co obecnym ogłoszono zobowiązując do stawiennictwa bez odrębnych wezwań i zawiadomień pouczając o skutkach niestawiennictwa, w tym o treści 376 <xLexLink xArt="" xIsapId="WDU19970890555" xTitle="Ustawa z dnia 6 czerwca 1997 r. - Kodeks postępowania karnego" xAddress="Dz. U. z 1997 r. Nr 89, poz. 555">kpk</xLexLink>.”</xText>
          <xText> Zgodzić się należy z autorami apelacji podnoszącymi omawiany zarzut, iż sąd odwoławczy, stosownie do treści <xLexLink xArt="art. 439;art. 439 § 1;art. 439 § 1 pkt. 2" xIsapId="WDU19970890555" xTitle="Ustawa z dnia 6 czerwca 1997 r. - Kodeks postępowania karnego" xAddress="Dz. U. z 1997 r. Nr 89, poz. 555">art. 439 § 1 pkt 2 in fine kpk</xLexLink> uchyla zaskarżony wyrok, jeżeli którykolwiek z członków składu orzekającego nie był obecny na całej rozprawie, bez względu na wpływ tego uchybienia na treść orzeczenia. Rzeczywiście nieobecność na rozprawie o jakiej mowa w powołanym przepisie należy odnosić do każdej jej części, tzn. dla zaistnienia bezwzględnej przyczyny odwoławczej wystarczy chwilowa nieobecność członka składu orzekającego w toku rozprawy, choćby nie miało to znaczenia dla wyrokowania i nie było objęte granicami apelacji. Rzecz jednak w tym, że w dniu 23 lutego 2009r. Sąd Okręgowy rozprawy nie prowadził, zaś wykonane w tym dniu czynności procesowe należy postrzegać przez pryzmat treści całego protokołu a nie tylko jego nazwy. Przewodniczący składu orzekającego zadecydował, aby rozprawa w tym dniu się nie odbyła – właśnie z powodu nieobecności ławnika – na co wskazuje jednoznacznie zacytowane wyżej zarządzenie o przerwie w rozprawie, z powołaniem się na potrzebę ustalenia przyczyny i przewidywanego czasu nieobecności ławnika. Świadczy to z kolei o tym, że ławnik dodatkowy <xAnon>M. M.</xAnon> nie wstąpił w miejsce dotychczasowego ławnika <xAnon>E. K. (2)</xAnon>, ponieważ zależne to było od wyniku zarządzonego ustalenia. Problem nieobecności jednego z członków składu orzekającego został jako pierwszy zaakcentowany po sprawdzeniu obecności wezwanych i zawiadomionych uczestników postępowania. Nie zostały też przeprowadzone w tym dniu jakiekolwiek dowody. Zwrócić też należy uwagę na to, że w analizowanym protokole <xAnon>M. M.</xAnon> określony jest nadal jako ławnik dodatkowy i nie odnotowano zarządzenia Przewodniczącego o tym, by zastąpił on nieobecną <xAnon>E. K. (2)</xAnon> (wręcz przeciwnie jak wynika z cytowanego zarządzenia z k. 2999). Przyznać trzeba, że nie obyło się bez naruszenia procedury. Jeżeli bowiem na rozprawę w określonym terminie nie stawił się choć jeden z członków składu orzekającego, a decyzję Przewodniczącego o wprowadzeniu w miejsce nieobecnego ławnika – ławnika dodatkowego uzależnia się od stosownych ustaleń, rozprawę należy odwołać, stosując w tej materii przepisy Regulaminu wewnętrznego urzędowania sądów powszechnych ( § 60). W tej sprawie, w dniu 23 lutego 2009r. wydane zostało postanowienie z naruszeniem przepisów o składzie sądu, ponieważ orzekał w składzie jednego sędziego i jednego ławnika (ławnik <xAnon>M. M.</xAnon> jak już wyżej wspomniano był dalej ławnikiem dodatkowym).</xText>
          <xText> W orzecznictwie wskazuje się zasadnie, że fakt, iż decyzja incydentalna (a taką niewątpliwie było postanowienie o zwrócenie się do <xAnon>C.</xAnon>) podjęta została przez Sąd nienależycie obsadzony, w sytuacji gdy poza tym czynności procesowe, które prowadziły do wydania orzeczenia kończącego postępowanie, przeprowadzono przez należycie obsadzony Sąd, nie daje podstaw do uchylenia go w oparciu o <xLexLink xArt="art. 439;art. 439 § 1;art. 439 § 1 pkt. 2" xIsapId="WDU19970890555" xTitle="Ustawa z dnia 6 czerwca 1997 r. - Kodeks postępowania karnego" xAddress="Dz. U. z 1997 r. Nr 89, poz. 555">art. 439 § 1 pkt 2 kpk</xLexLink> (zob. wyrok SN z dnia 11.08.1999r., V KKN 229/99, OSNKW 1999, z 9-10, poz. 60, wyrok SN z dnia 03.03.2009r. III KK 296/08, LEX nr 503253). Podnosi się ponadto trafnie, że gdyby nawet na rozprawie przeprowadzono pod nieobecność któregoś z członków składu orzekającego określone czynności, ale następnie ponowiono je już z jego udziałem, to też brak jest podstaw do przyjęcia, że nie był on obecny na całej rozprawie (teza 1 uchwały Sądu Najwyższego z dnia 30 września 1998r., I KZP 13/98, OSNKW 1998, z 9-10, poz. 45 oraz wyrok SN z dnia 9 grudnia 2004r., IV KK 324/04, R- OSNKW 2004, poz.; zob. też P. Hofmański, E. Sadzik, K. Zgryzek, Kodeks postępowania karnego. Komentarz, Warszawa 2007, t. II, s. 686; J. Grajewski, L. Paprzycki, S. Steinborn. Kodeks postępowania karnego. Komentarz, Zakamycze 2006, t. II, s. 86). Rzecz w tym, że w niniejszej sprawie potrzeba ponawiania czynności nawet nie istniała, gdyż – jak wskazano wyżej – poza podaniem przez Przewodniczącego informacji o niestawieniu się ławnika i decyzji o zwróceniu się do <xAnon>C.</xAnon> o podanie aktualnych adresów świadków, Sąd Okręgowy nie procedował.. Nie bez znaczenia jest to, że owo zwrócenie się do <xAnon>C.</xAnon> nie wymagało postanowienia, w takich zaś kwestiach zgodnie z treścią <xLexLink xArt="art. 93;art. 93 § 2" xIsapId="WDU19970890555" xTitle="Ustawa z dnia 6 czerwca 1997 r. - Kodeks postępowania karnego" xAddress="Dz. U. z 1997 r. Nr 89, poz. 555">art. 93 § 2 kpk</xLexLink>, przewodniczący składu orzekającego wydaje zarządzenie. Innymi słowy, w sytuacji, kiedy przeprowadzone zostały czynności procesowe nie wymagające „angażowania” całego składu orzekającego i Przewodniczący podjął decyzję o nie prowadzeniu rozprawy z uwagi na niestawiennictwo ławnika, nie mamy w istocie do czynienia z rozprawą. W rezultacie o wystąpieniu podnoszonej bezwzględnej przyczyny odwoławczej mowy być nie może.</xText>
          
          <xText>
            <xBx> Odnośnie apelacji obrońcy oskarżonego <xAnon>J. G. (1)</xAnon>.</xBx>
          </xText>
          
          <xText> Zarzuty obrazy przepisów prawa procesowego tj. <xLexLink xArt="art. 7" xIsapId="WDU19970890555" xTitle="Ustawa z dnia 6 czerwca 1997 r. - Kodeks postępowania karnego" xAddress="Dz. U. z 1997 r. Nr 89, poz. 555">art. 7 kpk</xLexLink> oraz <xLexLink xArt="art. 410" xIsapId="WDU19970890555" xTitle="Ustawa z dnia 6 czerwca 1997 r. - Kodeks postępowania karnego" xAddress="Dz. U. z 1997 r. Nr 89, poz. 555">410 kpk</xLexLink> są chybione. Apelujący upatruje naruszenia owych przepisów w wadliwym w jego mniemaniu przyjęciu, że transakcja zakupu przez oskarżonego linii technologicznej miała cechy pozorności, a w ślad za nią nie nastąpiło przeniesienie jej własności na rzecz oskarżonego. Zdaniem skarżącego dowolność oceny przeprowadzonych dowodów polega na nieuwzględnienia faktu, że <xAnon>przedsiębiorstwo (...)</xAnon> zapłaciło na rzecz <xAnon>spółki (...)</xAnon> w całości wynagrodzenie z tytułu sprzedaży wymienionej linii produkcyjnej, <xAnon>spółka (...)</xAnon> odprowadziła do Skarbu Państwa podatek VAT oraz podatek dochodowy i transakcja ta nie była w żaden sposób kwestionowana przez organy kontroli skarbowej. Podniesione argumenty nie przekonują. Sprzedaż linii technologicznej do produkcji okien przez <xAnon>spółkę (...)</xAnon><xAnon>przedsiębiorstwu (...)</xAnon> była bez wątpienia pozorna, ponieważ przedmiot sprzedaży stanowił już wcześniej własność „kupującego”. Obrazuje to w sposób oczywisty następujący wywód:</xText>
          <xText> W styczniu i lutym 1999r. <xAnon>(...) s.c.</xAnon> E. <xAnon>M.</xAnon> J. <xAnon>G.</xAnon> sprzedała <xAnon>firmie (...)</xAnon> maszyny, które stanowiły ciąg technologiczny do produkcji okien na podstawie <xAnon>faktur nr (...)</xAnon>. Maszyny te zostały przyjęte do ewidencji środków trwałych <xAnon>firmy (...)</xAnon>. W skład owego ciągu technologicznego wchodziły następujące maszyny do produkcji okien z tworzyw sztucznych: frezarka <xAnon>H.</xAnon><xAnon>(...)</xAnon>6 Nr <xAnon>(...)</xAnon>, frezarka <xAnon>H.</xAnon><xAnon>(...)</xAnon>5 Nr <xAnon>(...)</xAnon>, oczyszczarka do naroży <xAnon>(...)</xAnon> Nr <xAnon>(...)</xAnon>, piła dwugłowicowa do <xAnon>(...)</xAnon>/ <xAnon>A.</xAnon><xAnon>D.</xAnon><xAnon>(...)</xAnon>4 Nr <xAnon>(...)</xAnon>, wkrętarka pneumatyczna <xAnon>A.</xAnon> 1 z dociskiem Nr <xAnon>(...)</xAnon>, zgrzewarka <xAnon>(...)</xAnon><xAnon>A.</xAnon><xAnon>(...)</xAnon> Nr <xAnon>(...)</xAnon>, stół do okuwania <xAnon>B.</xAnon><xAnon>(...)</xAnon> Nr <xAnon>(...)</xAnon>, zgrzewarka dwugłowicowa <xAnon>H. M.</xAnon>- <xAnon>(...)</xAnon> Nr <xAnon>(...)</xAnon> (tom 156, k. 186 – wykaz środków trwałych należących do <xAnon>(...)</xAnon>, k. 185 – wykaz pozostałych maszyn i urządzeń w <xAnon>firmie (...) s.c.</xAnon>, faktury zakupu k. 184, 187, 188). W dniu 30 kwietnia 1999r. <xAnon>fakturą nr (...)</xAnon><xAnon>(...)</xAnon><xAnon>(...)</xAnon> dokonała sprzedaży <xAnon>firmie (...) LTD sp. z o. o.</xAnon> w <xAnon>B.</xAnon> następujące maszyny: czyszczarka do naroży nr <xAnon>(...)</xAnon>, oczyszczarka <xAnon>(...)</xAnon> nr <xAnon>(...)</xAnon>, piła dwugłowicowa do <xAnon>(...)</xAnon>/ <xAnon>A.</xAnon> nr <xAnon>(...)</xAnon>, stół do okuwania skrzydeł nr <xAnon>(...)</xAnon>, zgrzewarka dwugłowicowa <xAnon>A.</xAnon> nr <xAnon>(...)</xAnon>, zgrzewarka dwugłowicowa nr <xAnon>(...)</xAnon> (vide faktura k. 189, tom 156). Operat szacunkowy sporządzony przez biegłych T. <xAnon>K.</xAnon> i J. <xAnon>N.</xAnon> (tom 89, k. 5-20) dowodzi, że na dzień 7 marca 2002r. <xAnon>(...)</xAnon>posiadała nadal maszyny rzekomo sprzedane <xAnon>firmie (...)</xAnon> w <xAnon>B.</xAnon>. Potwierdzają to również wykazy maszyn wchodzących w skład ciągu technologicznego znajdujące się na k. 190 i 192, tom 156. Maszyny, które miały być przedmiotem sprzedaży <xAnon>firmie (...)</xAnon> były podstawą ciągu technologicznego do produkcji okien i bez nich ta produkcja nie byłaby możliwa (tom 156, k. 184-191, tom 157, k. 2-54). Produkcja okien z <xAnon>(...)</xAnon> w <xAnon>firmie (...)</xAnon> trwała niemalże nieprzerwanie przez cały 1999r. Pomimo, że bez maszyn wymienionych na <xAnon>fakturze nr (...)</xAnon> z dnia 30 kwietnia 1999r. produkcja okien z <xAnon>(...)</xAnon> byłaby niemożliwa, <xAnon>firma (...)</xAnon> nadal po tej dacie produkowała je i sprzedawała - co wynika z zestawienia sprzedaży wyrobów do poziomu zapasów wyrobów gotowych. Wynika to również z zeznań świadków (tom 197). Zeznania owych świadków dowodzą również tego, że po dacie 10 listopada 1999r., kiedy to została wystawiona <xAnon>faktura VAT nr (...)</xAnon> ( k. 153, tom 156) do <xAnon>przedsiębiorstwa (...)</xAnon> nie trafiły żadne nowe maszyny do produkcji okien. Prawidłowo Sąd Okręgowy ustalił, że linia technologiczna do produkcji okien opisana na fakturze z dnia 30 kwietnia 1999r. nr <xAnon>(...)</xAnon> ( k. 189, tom 156) i na <xAnon>fakturze nr (...)</xAnon> z dnia 10 listopada 1999r. jest tą samą linią technologiczną, która cały czas pozostawała w posiadaniu <xAnon>(...)</xAnon><xAnon>J. G. (1)</xAnon>, co świadczy o pozorności obu transakcji. Wniosek o owej pozorności znajduje dodatkowe wsparcie w analizie zeznań świadków, pracowników <xAnon>(...)</xAnon>, którzy twierdzili, że <xAnon>J. G. (1)</xAnon> naciskał na nich, aby w razie jakichkolwiek pytań czy kontroli podawali, że linia technologiczna do produkcji okien została zamieniona (zob. zeznania <xAnon>R. S.</xAnon>k. 10-11, tom 197). Dalej należy zwrócić uwagę, że sprzedawca wskazany na <xAnon>fakturze VAT nr (...)</xAnon>, tj. <xAnon>(...) sp. z o. o.</xAnon>, nigdy nie posiadał wskazanej linii technologicznej. <xAnon>L. S.</xAnon> w złożonych wyjaśnieniach tłumaczył, że ową linię zakupił <xAnon>P.</xAnon> w <xAnon>C.</xAnon> (późniejszy <xAnon>B. G.</xAnon>) od <xAnon>spółki (...) S.A.</xAnon> w <xAnon>G.</xAnon>. <xAnon>Firmy (...) sp. z o. o.</xAnon> miały tego samego właściciela. Stąd dalej maszyny „trafiły” do <xAnon>spółdzielni (...)</xAnon>, a następnie do <xAnon>spółki (...)</xAnon>, która sprzedać je miała <xAnon>firmie (...)</xAnon> w dniu 10 listopada 1999r. Rzecz jednak w tym, że <xAnon>spółka (...)</xAnon> miała na stanie jedynie linię technologiczną, która wcześniej stanowiła własność <xAnon>spółki (...) sp. z o. o.</xAnon> w <xAnon>J.</xAnon>. Linię tą przejął Bank Handlowy S.A. jako zabezpieczenie udzielonego wcześniej dla <xAnon>firmy (...)</xAnon> kredytu (tom 69, k. 4-114, 116-140, 141-151). Ani zatem <xAnon>J.</xAnon> ani <xAnon>R.</xAnon><xAnon>(...)</xAnon> nie mogły zakupić tej linii technologicznej od <xAnon>spółki (...)</xAnon>. Gdy zważyć na to, że <xAnon>spółka (...)</xAnon> nie posiadała żadnych środków trwałych i porównać daty opisywanych transakcji ( <xAnon>faktura VAT nr (...)</xAnon> z dnia 10 listopada 1999r. i umowa sprzedaży pomiędzy <xAnon>P.</xAnon> w <xAnon>C.</xAnon> i <xAnon>spółką (...)</xAnon> z dnia 21 grudnia 1999r.) nie może budzić wątpliwości, że transakcje te były pozorne, a <xAnon>(...)</xAnon><xAnon>J. G. (1)</xAnon> od początku 1999r. był nieprzerwanie właścicielem jednej linii technologicznej, którą wykorzystywał do produkcji okien. Zapłata przelewem bankowym przez <xAnon>spółkę (...)</xAnon> na rachunek <xAnon>spółki (...)</xAnon>, która rzeczywiście nastąpiła, niczego w tej kwestii nie zmienia i miała jedynie uwiarygodnić opisywaną transakcję, tak jak w wypadku innych operacji pomiędzy tymi podmiotami, co wynika wprost z wyjaśnień <xAnon>J. G. (1)</xAnon> ( k. 183-186, 204-205, tom 175).</xText>
          <xText> Poza sporem jest, że w dniu 27 maja 1999r. <xAnon>J. G. (1)</xAnon> złożył w Starostwie Powiatowym w <xAnon>B.</xAnon> wniosek o zwrot ze środków <xAnon>(...)</xAnon> kosztów organizacji nowych stanowisk pracy dla osób niepełnosprawnych i wynagrodzenia wypłacanego osobom niepełnosprawnym kierowanych na nowo utworzone stanowiska pracy, ze wskazaniem, że stanowiska te utworzone zostaną w oparciu<xUx> o nowo nabytą</xUx> linię do produkcji okien. <xAnon>J. G. (1)</xAnon> podpisał ze Starostwem Powiatowym w <xAnon>B.</xAnon> umowę o zwrot kosztów utworzenia 33 nowych stanowisk pracy dla osób niepełnosprawnych na sfinansowanie których przeznaczone miało zostać 404.322zł.</xText>
          <xText> W rzeczywistości – jak już wyżej wykazano – nowa linia technologiczna nie została przez <xAnon>J. G. (1)</xAnon> zakupiona. Przedstawiona Starostwu Powiatowemu w <xAnon>B.</xAnon> przez oskarżonego <xAnon>faktura VAT nr (...)</xAnon> poświadczała nieprawdę, bowiem dotyczyła tej samej linii technologicznej na której przez cały czas prowadzona była produkcja okien w <xAnon>firmie (...)</xAnon>. Nie budzi wątpliwości, że <xAnon>J. G. (1)</xAnon> wprowadził w błąd Starostwo Powiatowe co do faktu utworzenia nowych miejsc pracy w oparciu o nowo zakupioną linię technologiczną i co do zatrudnienia w związku z tym 31 pracowników. Refundacja wypłacona <xAnon>J. G. (1)</xAnon> nie nastąpiłaby, gdyby nie przedstawił dowodu na utworzenie refundowanych stanowisk pracy na bazie nowo zakupionej linii do produkcji okien. Ocena prawna zachowania oskarżonego zaprezentowana przez Sąd Okręgowy w tym zakresie na stronie 167-168 uzasadnienia zaskarżonego wyroku jest prawidłowa.</xText>
          <xText> Bezspornym jest, że fikcyjną <xAnon>fakturę VAT nr (...)</xAnon><xAnon>J. G. (1)</xAnon> przedstawił w <xAnon>Banku (...) S.A.</xAnon> Oddział we <xAnon>W.</xAnon> wnioskując o udzielenie kredytu w kwocie 500.000zł i taki kredyt otrzymał. Zasadnie Sąd I instancji przyjął, że dokument ten miał istotne znaczenie z punktu widzenia rozporządzenia mieniem przez bank. <xAnon>W. R.</xAnon><xAnon>(...)</xAnon> była właścicielem linii technologicznej do produkcji okien, stanowiącej zabezpieczenie umowy kredytu, jednak przedłożona faktura, która miała charakter wyłącznie pozorny, nie dowodziła rzetelnie jej wartości rynkowej, strategii rozwoju firmy i w konsekwencji zdolności kredytowej <xAnon>J. G. (1)</xAnon>. Uzasadnione jest stwierdzenie, że gdyby takiej faktury <xAnon>J. G. (1)</xAnon> Bankowi nie przedstawił, nie otrzymałby wnioskowanego kredytu. Słusznie też ocenia Sąd Okręgowy owo zachowanie <xAnon>J. G. (1)</xAnon> na gruncie przepisów <xLexLink xArt="art. 286;art. 286 § 1" xIsapId="WDU19970880553" xTitle="Ustawa z dnia 6 czerwca 1997 r. - Kodeks karny" xAddress="Dz. U. z 1997 r. Nr 88, poz. 553">art. 286 § 1 kk</xLexLink>, <xLexLink xArt="art. 294;art. 294 § 1" xIsapId="WDU19970880553" xTitle="Ustawa z dnia 6 czerwca 1997 r. - Kodeks karny" xAddress="Dz. U. z 1997 r. Nr 88, poz. 553">art. 294 § 1 kk</xLexLink> i <xLexLink xArt="art. 297;art. 297 § 1" xIsapId="WDU19970880553" xTitle="Ustawa z dnia 6 czerwca 1997 r. - Kodeks karny" xAddress="Dz. U. z 1997 r. Nr 88, poz. 553">art. 297 § 1 kk</xLexLink> przez pryzmat innych oszukańczych zabiegów <xAnon>J. G. (1)</xAnon> opisanych szczegółowo w wyjaśnieniach oskarżonego ( k.1113 i 1114 t.225), które pośrednio świadczą o tym, że nie miał zamiaru wywiązania się z zaciągniętego zobowiązania. Takie ustalenia potwierdza zresztą sam fakt, że oskarżony kredytu nie spłacił, bez znaczenia dla odpowiedzialności oskarżonego za oszustwo jest zaś fakt zaspokojenia się przez Bank z przedmiotu zabezpieczenia – linii technologicznej znajdującej się w <xAnon>firmie (...)</xAnon>.</xText>
          <xText> Zgodzić się natomiast należy z obrońcą, że wadliwe były ustalenia Sądu I instancji w części dotyczącej wysokości wyłudzonego od Starostwa Powiatowego w <xAnon>B.</xAnon> świadczenia. Przypomnieć należy, że dnia 29 grudnia 1999r. Starostwo Powiatowe w <xAnon>B.</xAnon> – <xAnon>(...)</xAnon>, przelało na rachunek <xAnon>firmy (...)</xAnon> kwotę 360.000zł z tytułu refundacji utworzenia 31 nowych miejsc pracy dla niepełnosprawnych zgodnie z <xAnon>umową nr (...)</xAnon>, zaś w dniu 30 czerwca 2000r. <xAnon>(...)</xAnon> wypłacił <xAnon>J. G. (1)</xAnon> kwotę 44.322zł z tytułu refundacji dwóch nowych miejsc pracy dla niepełnosprawnych zgodnie z <xAnon>umową nr (...)</xAnon>. Łącznie kwotą, którą otrzymał <xAnon>J. G. (1)</xAnon> jako refundację utworzenia 33 nowych stanowisk pracy dla osób niepełnosprawnych była kwota 404.322zł. Jak wyżej wykazano rozporządzenie tą kwotą było następstwem wprowadzenia w błąd co do utworzenia owych miejsc pracy, polegającego na przedłożeniu fikcyjnej <xAnon>faktury VAT nr (...)</xAnon>. Inaczej jednak rzecz się przedstawia z kwotą 585.789,50zł wypłaconą przez Starostwo Powiatowe w <xAnon>B.</xAnon> oskarżonemu z tytułu refundacji wynagrodzeń osób niepełnosprawnych zatrudnionych zgodnie z <xAnon>umową nr (...)</xAnon>. Oskarżony bowiem rzeczywiście zatrudnił owe 33 osoby, tyle że nie na stanowiskach utworzonych w oparciu o nowo zakupione maszyny. Nie można mówić więc o wprowadzeniu w błąd pokrzywdzonego co do zatrudnienia uzgodnionej liczy osób niepełnosprawnych, a jedynie co do utworzenia stanowisk pracy na bazie rzekomo zakupionej linii technologicznej do produkcji okien. Wskazane 33 osoby niepełnosprawne zostały zatrudnione przy produkcji okien odbywającej się z użyciem maszyn, które już od początku 1999r. były własnością <xAnon>J. G. (1)</xAnon> i wykorzystywane były w <xAnon>R.</xAnon><xAnon>(...)</xAnon>. Przekazane <xAnon>J. G. (1)</xAnon> 585.779,50zł z tytułu refundacji wynagrodzeń zatrudnionych pracowników nie było niekorzystnym rozporządzeniem mieniem w rozumieniu <xLexLink xArt="art. 286;art. 286 § 1" xIsapId="WDU19970880553" xTitle="Ustawa z dnia 6 czerwca 1997 r. - Kodeks karny" xAddress="Dz. U. z 1997 r. Nr 88, poz. 553">art. 286 § 1 kk</xLexLink>, skoro oskarżony spełnił warunki do uzyskania owego świadczenia i wykorzystał je zgodnie z przeznaczeniem, tj. na wypłatę wynagrodzeń. Kluczowe dla omawianej kwestii ustalenie, że oskarżony zatrudnił 33 osoby niepełnosprawne (choć nie w związku z zakupem nowej linii technologicznej do produkcji okien) znajduje oparcie w dokumentach ( k. 80-81, 102, 194, tom 198). Dodać należy, że Sąd Okręgowy nie dokonał w tym zakresie ustaleń przeciwnych. W tej sytuacji zaskarżony wyrok w pkt XIII wymagał korekty poprzez przyjęcie, że oskarżony doprowadził <xAnon>(...)</xAnon> do niekorzystnego rozporządzenia mieniem wyłącznie w kwocie 404.322zł z tytułu utworzenia nowych stanowisk pracy. Powodowało to konieczność zmiany orzeczenia w pkt XIV wyroku.</xText>
          <xText> Dokonana zmiana nie pozostawała bez wpływu na wymiar kary. Wysokość wyrządzonej szkody miała tutaj decydujące znaczenie, dlatego Sąd Apelacyjny obniżył orzeczoną w pkt XIII karę pozbawienia wolności do 1 roku i 6 miesięcy pozbawienia wolności. Spowodowało to utratę mocy orzeczenia o karach łącznych wymierzonych oskarżonemu w pkt XLII.</xText>
          <xText> Nie rażą surowością kary wymierzone oskarżonemu za przestępstwo opisane w pkt XI zaskarżonego wyroku, jeśli zważyć na wysokość wyrządzonej szkody oraz to, że oscylują w dolnych granicach ustawowego zagrożenia.</xText>
          <xText> Ścisły związek podmiotowo – przedmiotowy przypisanych oskarżonemu przestępstw uzasadniał zastosowanie przy wymiarze kary łącznej pozbawienia wolności zastosowanie absorpcji i w konsekwencji orzeczenie kary 1 roku i 6 miesięcy pozbawienia wolności. Wykonanie tejże kary Sąd Apelacyjny warunkowo zawiesił na okres próby 5 lat, podzielając w tej kwestii stanowisko Sądu I instancji. Jako karę łączną grzywny Sąd Apelacyjny wymierzył 450 stawek dziennych po 20zł.</xText>
          
          <xText>
            <xBx> Odnośnie apelacji obrońcy oskarżonego <xAnon>R. P.</xAnon>.</xBx>
          </xText>
          
          <xText> Poniesione w niej zarzuty błędu w ustaleniach faktycznych oraz obrazy <xLexLink xArt="art. 7" xIsapId="WDU19970890555" xTitle="Ustawa z dnia 6 czerwca 1997 r. - Kodeks postępowania karnego" xAddress="Dz. U. z 1997 r. Nr 89, poz. 555">art. 7 kpk</xLexLink>, <xLexLink xArt="art. 410" xIsapId="WDU19970890555" xTitle="Ustawa z dnia 6 czerwca 1997 r. - Kodeks postępowania karnego" xAddress="Dz. U. z 1997 r. Nr 89, poz. 555">art. 410 kpk</xLexLink> i <xLexLink xArt="art. 424" xIsapId="WDU19970890555" xTitle="Ustawa z dnia 6 czerwca 1997 r. - Kodeks postępowania karnego" xAddress="Dz. U. z 1997 r. Nr 89, poz. 555">art. 424 kpk</xLexLink> nie są zasadne.</xText>
          <xText> Przedstawionych uchybień upatruje skarżący w przyjęciu za podstawę ustaleń faktycznych opinii biegłych sądowych z zakresu rachunkowości, opierających się na twierdzeniach i wnioskach zawartych w decyzjach wydanych przez Urząd Kontroli Skarbowej, które następnie zostały uchylone. Nie dostrzega jednak apelujący, że biegli <xAnon>W. P.</xAnon> i <xAnon>A. R.</xAnon> w opinii, na której Sąd I instancji m.in. opierał swe ustalenia, do tej kwestii się odnieśli, opiniując jednoznacznie, że uchylenie decyzji Urzędu Kontroli Skarbowej, na które oskarżony w toku procesu się powoływał nie miało żadnego znaczenia dla ich końcowego stanowiska. Wynika to wprost z uzupełniającej opinii biegłej <xAnon>A. R.</xAnon> złożonej na rozprawie ( k. 3904, 4016, tom 239), a także z ustnej opinii uzupełniającej biegłego <xAnon>W. P.</xAnon> ( k. 4011, tom 239). Autor apelacji nie wskazał jakich to błędów biegli mieli się dopuścić przy opiniowaniu i bynajmniej nie wykazał, aby była ona nierzetelna i wadliwa. Ogólnikowe i wyjątkowo lakoniczne twierdzenia skarżącego w tym zakresie uniemożliwiają bardziej szczegółowe odniesienie się do tego zarzutu.</xText>
          <xText> Kwestionowana opinia biegłych miała marginalne znaczenie dla poczynionych przez Sąd Okręgowy ustaleń w części dotyczącej czynu przypisanego oskarżonemu w pkt XVI wyroku. Podstawą odpowiedzialności oskarżonego za to przestępstwo było dokonane przez Sąd Okręgowy ustalenie o pozorności sprzedaży towarów przez <xAnon>Centrum (...) PPHU (...)</xAnon>, <xAnon>(...)</xAnon>oraz SI <xAnon>(...)</xAnon>, mające podstawę przede wszystkim w zeznaniach <xAnon>W. R.</xAnon>, <xAnon>Z. D.</xAnon>, wyjaśnieniach <xAnon>Z. G.</xAnon>, <xAnon>A. M. (2)</xAnon> oraz w zgromadzonych dokumentach w postaci faktur wystawionych przez <xAnon>Centrum (...)</xAnon> na rzecz wymienionych wyżej podmiotów. Sąd Okręgowy prawidłowo ocenił wskazane dowody i poczynił na ich podstawy trafne ustalenia faktyczne. Sąd Apelacyjny podziela wywody w tej materii zawarte na stronie 155, 217 uzasadnienia zaskarżonego wyroku i nie widzi potrzeby powtarzania zawartych tam argumentów. Zaakcentować należy zeznania <xAnon>W. R.</xAnon> (tom 42, k. 112, 213, 215), wyjaśnienia <xAnon>Z. D.</xAnon> (tom 18, k. 49-53), zeznania <xAnon>A. M. (2)</xAnon> (tom <xAnon>(...)</xAnon>, k. 35-37, tom 91, k. 120, tom 92, k. 3). Eksponowany przez apelującego fakt, że <xAnon>Centrum (...)</xAnon> uregulowało wszelkie należności wobec <xAnon>(...) Banku S.A.</xAnon> pozostają bez wpływu na kwalifikację prawną zachowania <xAnon>R. P.</xAnon>.</xText>
          <xText> Poza sporem jest, że w dniu 9 czerwca 2000r. w <xAnon>K.</xAnon> została zawarta umowa faktoringu pomiędzy <xAnon>(...) Bank S.A.</xAnon> w <xAnon>W.</xAnon> a <xAnon>Centrum (...) sp. z o. o.</xAnon> w <xAnon>K.</xAnon> ( k. 17-21, tom 2). <xAnon>Centrum (...)</xAnon> zobowiązało się w niej do cesji wierzytelności przysługujących mu od odbiorców wymienionych w załączniku do umowy na rzecz Banku ( § 1 umowy), w przypadku zwłoki dłużnika <xAnon>Centrum (...)</xAnon> w świadczeniach na rzecz Banku, <xAnon>Centrum (...)</xAnon> zobowiązywało się do współdziałania z Bankiem w windykacji należności od dłużnika, a w przypadku jej nieskuteczności do spełnienia świadczenia z tytułu poręczenia za dłużnika ( § 7 umowy). Z uwagi na to, że <xAnon>PPHU (...)</xAnon>, <xAnon>(...)</xAnon>oraz SI <xAnon>(...)</xAnon> nie uiściły na rzecz <xAnon>P.</xAnon> Banku należności z tytułu sprzedaży na ich rzecz towarów o łącznej wartości 222.257,42zł <xAnon>Centrum (...)</xAnon> zgodnie z § 7 powołanej wyżej umowy miała obowiązek spłaty tego zadłużenia, co bezspornie nastąpiło. Nie oznacza to jednak, że <xAnon>(...) Bank S.A.</xAnon> nie został wprowadzony w błąd i doprowadzony do niekorzystnego rozporządzenia mieniem. Sąd Okręgowy prawidłowo ustala, iż <xAnon>R. P.</xAnon> przedkładając w <xAnon>(...) Banku S.A.</xAnon> Oddział w <xAnon>K.</xAnon> wykazy odbiorców <xAnon>Centrum (...)</xAnon> podał nieprawdziwe dane dotyczące wartości dostaw towarów <xAnon>firmom PPHU (...)</xAnon>, <xAnon>(...)</xAnon>oraz SI <xAnon>(...)</xAnon>. Nie kwestionowane jest również ustalenie, że <xAnon>(...) Bank S.A.</xAnon> zgodnie z umową faktoringową wypłacił wymienionym wyżej dłużnikom <xAnon>Centrum (...)</xAnon> 222.257,42zł na podstawie fikcyjnych faktur dokumentujących pozorne transakcje sprzedaży towarów. Słusznie Sąd Okręgowy stwierdził, że Bank zgodnie z umową faktoringową nie rozporządziłby taką kwotą, gdyby miał wiedzę o fikcyjności owych faktur. Owo rozporządzenie było w sposób oczywisty dla Banku niekorzystne pomimo tego, że mógł dochodzić zwrotu wypłaconej kwoty na zasadach określonych w § 7 umowy. Rzecz w tym, że fikcyjność dokumentowanych - przedłożonymi na podstawie umowy faktoringowej fakturami - transakcji powodowała, iż <xAnon>Centrum (...)</xAnon> nie miało wierzytelności względem swoich rzekomych dłużników. Wypłata wspomnianej kwoty wiązała się wiec z większym ryzykiem jej odzyskania wraz z odsetkami. Słusznie zatem Sąd Okręgowy ocenił, iż zaspokojenie roszczeń Banku przez <xAnon>Centrum (...)</xAnon> postrzegać można wyłącznie w kategoriach naprawienia wyrządzonej szkody co stanowiło istotną okoliczność mającą znaczenie przy wymiarze orzeczonych kar pozbawienia wolności i grzywny. Uwzględniają one ową okoliczność należycie i nie rażą surowością.</xText>
          
          <xText>
            <xBx> Odnośnie apelacji oskarżonego <xAnon>J. J. (1)</xAnon>.</xBx>
          </xText>
          
          <xText> Podnoszone w niej zarzuty błędu w ustaleniach faktycznych i obrazy <xLexLink xArt="art. 424;art. 424 § 1;art. 424 § 1 pkt. 1" xIsapId="WDU19970890555" xTitle="Ustawa z dnia 6 czerwca 1997 r. - Kodeks postępowania karnego" xAddress="Dz. U. z 1997 r. Nr 89, poz. 555">art. 424 § 1 pkt 1 kpk</xLexLink> są bezzasadne. Chybione są twierdzenia, że żaden z przeprowadzonych w niniejszym postępowania dowodów osobowych nie potwierdził wersji zdarzeń ustalonej przez Sąd Okręgowy. Uzasadnienie zaskarżonego wyroku, wbrew wywodom apelującego, szczegółowo przedstawia dowody na jakich Sąd Okręgowy się oparł, dlaczego odrzucił dowody przeciwne i dlatego nie uchybia wymogom <xLexLink xArt="art. 424;art. 424 § 1;art. 424 § 1 pkt. 1" xIsapId="WDU19970890555" xTitle="Ustawa z dnia 6 czerwca 1997 r. - Kodeks postępowania karnego" xAddress="Dz. U. z 1997 r. Nr 89, poz. 555">art. 424 § 1 pkt 1 kpk</xLexLink>. Zaprezentowana na stronie 135-140 oraz 169-172 uzasadnienia zaskarżonego wyroku argumentacja - w przeciwieństwie do lakonicznych, wręcz zdawkowych zarzutów apelującego - jest przekonywująca. Dość powiedzieć, że Sąd Okręgowy odmawiając wiary wyjaśnieniom <xAnon>L. S.</xAnon> i <xAnon>J. J. (3)</xAnon>, kwestionującym sprawstwo tego ostatniego respektował wymogi <xLexLink xArt="art. 7" xIsapId="WDU19970890555" xTitle="Ustawa z dnia 6 czerwca 1997 r. - Kodeks postępowania karnego" xAddress="Dz. U. z 1997 r. Nr 89, poz. 555">art. 7 kpk</xLexLink> odwołując się do wyjaśnień <xAnon>Z. D.</xAnon>, zeznań <xAnon>W. R.</xAnon>, wyjaśnień <xAnon>Z. G.</xAnon>, <xAnon>J. G. (1)</xAnon>, a także opinii biegłych <xAnon>A. R.</xAnon> i <xAnon>W. P.</xAnon>. Z braku zatem podstaw do uwzględnienia zarzutów apelującego zaskarżony wyrok wobec <xAnon>J. J. (1)</xAnon> został utrzymany w mocy. O kosztach sądowych za postępowanie odwoławcze w zakresie dotyczącym tego oskarżonego orzeczono na podstawie <xLexLink xArt="art. 636;art. 636 § 1" xIsapId="WDU19970890555" xTitle="Ustawa z dnia 6 czerwca 1997 r. - Kodeks postępowania karnego" xAddress="Dz. U. z 1997 r. Nr 89, poz. 555">art.636 § 1 kpk</xLexLink> i <xLexLink xArt="art. 11" xIsapId="WDU19730270152" xTitle="Ustawa z dnia 23 czerwca 1973 r. o opłatach w sprawach karnych" xAddress="Dz. U. z 1973 r. Nr 27, poz. 152">art.11 ustawy z dnia 23.06.1973 roku o opłatach w sprawach karnych</xLexLink>.</xText>
          
          <xText>
            <xBx> Odnośnie apelacji obrońcy oskarżonego <xAnon>K. B.</xAnon>.</xBx>
          </xText>
          
          <xText> Na uwzględnienie zasługiwał jej końcowy wniosek o uchylenie zaskarżonego wyroku w pkt XXIX i umorzenie w tym zakresie postępowania z uwagi na przedawnienie karalności czynu. Sąd Okręgowy ustalił, że czyn przypisany oskarżonemu w pkt XXIX został popełniony od maja 2000 r. do 25 stycznia 2001r.. Stosując regułę wynikają z <xLexLink xArt="art. 44;art. 44 § 3" xIsapId="WDU19970880553" xTitle="Ustawa z dnia 6 czerwca 1997 r. - Kodeks karny" xAddress="Dz. U. z 1997 r. Nr 88, poz. 553">art. 44 § 3 kk</xLexLink> przyjął, iż przedawnienie karalności tego przestępstwa nastąpi z końcem 2011r., ze względu na 10-letni w tym przypadku okres przedawnienia. Z uwagi na upływ tego terminu, już na etapie postępowania odwoławczego, zaskarżony wyrok w pkt XXIX należało uchylić i postępowanie w tej części, na podstawie <xLexLink xArt="art. 17;art. 17 § 1;art. 17 § 1 pkt. 6" xIsapId="WDU19970890555" xTitle="Ustawa z dnia 6 czerwca 1997 r. - Kodeks postępowania karnego" xAddress="Dz. U. z 1997 r. Nr 89, poz. 555">art. 17 § 1 pkt 6 kpk</xLexLink> w zw. z <xLexLink xArt="art. 44;art. 44 § 1;art. 44 § 3;art. 44 § 5" xIsapId="WDU19990830930" xTitle="Ustawa z dnia 10 września 1999 r. - Kodeks karny skarbowy" xAddress="Dz. U. z 1999 r. Nr 83, poz. 930">art. 44 § 1 i § 3 i § 5 kks</xLexLink> umorzyć. W tej sytuacji odnoszenie się do wywodów apelującego dotyczących obliczania terminu rozpoczęcia biegu przedawnienia jawi się jako bezprzedmiotowe.</xText>
          
          <xText>
            <xBx> Odnośnie apelacji obrońcy oskarżonej <xAnon>Z. S.</xAnon>.</xBx>
          </xText>
          
          <xText> Zarzuty skarżącego okazały się niezasadne. Sąd Okręgowy prawidłowo ustalił, że oskarżona wystawiając rachunek dla SI <xAnon>(...)</xAnon> za sprawowanie opieki nad Prezesem Zarządu tej Spółdzielni - <xAnon>L. S.</xAnon> poświadczyła nieprawdę co do okoliczności mającej znaczenie prawne, działając w celu osiągnięcia korzyści majątkowej. Ustalenia te są efektem oceny dowodów dokonanej zgodnie z wymogami <xLexLink xArt="art. 7" xIsapId="WDU19970890555" xTitle="Ustawa z dnia 6 czerwca 1997 r. - Kodeks postępowania karnego" xAddress="Dz. U. z 1997 r. Nr 89, poz. 555">art. 7 kpk</xLexLink>. Zasadnie Sąd Okręgowy zwrócił uwagę, że przesłuchani w sprawie świadkowie nie widzieli, aby <xAnon>L. S.</xAnon> korzystał z pomocy swojej żony wykonując obowiązki prezesa zarządu SI <xAnon>(...)</xAnon> (zeznania <xAnon>D. Ś.</xAnon>, <xAnon>W. R.</xAnon>). Prawidłowo również odwołał się do niejasnych i gołosłownych wyjaśnień <xAnon>Z. S.</xAnon> złożonych na etapie postępowania przygotowawczego. Trafnie też dostrzegł analogie pomiędzy działaniami <xAnon>L. S.</xAnon> związanymi z poświadczaniem nieprawdy w dokumentach wskazując m.in. na rachunek wystawiony przez <xAnon>firmę (...)</xAnon>. Nie jest dowolnym odwołanie się przez Sąd orzekający do faktu, że był to jedyny rachunek wystawiony przez <xAnon>firmę (...)</xAnon> w trakcie jej działalności co dodatkowo świadczy o jego fikcyjności. Zeznania świadków na które powołuje się Sąd Okręgowy dowodzą, że obowiązki prezesa zarządu SI <xAnon>(...)</xAnon>, <xAnon>L. S.</xAnon> wykonywał bez pomocy żony, a zatem jej wyjaśnienia „że mąż sobie nie radził” ( k. 964, tom 224) nie przekonują. Wbrew zarzutowi apelującego Sąd Okręgowy nie ustalił, aby opieka nad <xAnon>L. S.</xAnon> w trakcie wykonywania przez niego funkcji prezesa zarządu SI <xAnon>(...)</xAnon> była obowiązkiem <xAnon>Z. S.</xAnon> wynikającym z <xLexLink xArt="art. 23" xIsapId="WDU19640090059" xTitle="Ustawa z dnia 25 lutego 1964 r. - Kodeks rodzinny i opiekuńczy" xAddress="Dz. U. z 1964 r. Nr 9, poz. 59">art. 23 krio</xLexLink>, dlatego odnoszenie się do zarzutu obrazy tego przepisu jawi się jako zbędne. Kontrolując zaskarżone orzeczenie w części kary należy uznać, że z uwagi na jej wymiar w minimalnej granicy ustawowego zagrożenia z warunkowym zawieszeniem wykonania nie razi ona surowością. Z tych wszystkich względów Sąd Apelacyjny zaskarżony wyrok wobec <xAnon>Z. S.</xAnon> utrzymał w mocy.</xText>
          
          <xText>
            <xBx>
       Odnośnie apelacji obrońcy oskarżonego <xAnon>Z. G.</xAnon>.</xBx>
          </xText>
          
          <xText> Nie podzielił Sąd Apelacyjny zarzutów co do oceny zgromadzonych w toku postępowania dowodów w zakresie przypisanych oskarżonemu przestępstw.</xText>
          <xText> W pierwszej kolejności za dowolne uznaje obrońca oskarżonego wnioski, iż <xAnon>Z. G.</xAnon> uzgodnił ze znajomym <xAnon>G. A.</xAnon>, że ten potwierdzi udzielenie wskazanym przez niego osobom pożyczek w kwocie łącznej 850.000zł. Takie ustalenia, zdaniem obrońcy, nie znajdują oparcia w przeprowadzonych dowodach. Obrońca podkreśla, że <xAnon>G. A.</xAnon> konsekwentnie twierdził, że faktycznie takich pożyczek udzielił a nadto, że posiadał ku temu odpowiednie środki. Zarzuca również skarżący, że Sąd I instancji nie dał wiary tym wyjaśnieniom <xAnon>G. A.</xAnon> kwestionując także wyjaśnienia pozostałych oskarżonych, tj. <xAnon>H. M. (1)</xAnon> i <xAnon>J. T.</xAnon>. W ocenie obrońcy zbyt dużą wagę nadał Sąd Okręgowy „pewnym faktom ubocznym” (pliki tekstowe w postaci umów pożyczek oraz potwierdzeń zwrotu), które jednak nie tworzyły spójnej całości prowadząc do faktu głównego jakim było porozumienie co do kwestii udzielonych pożyczek oraz działań mających na celu pranie brudnych pieniędzy.</xText>
          <xText> Zgodnie z utrwalonym orzecznictwem Sądu Najwyższego, przekonanie sądu o wiarygodności jednych z dowodów i niewiarygodności innych pozostaje pod ochroną przepisu <xLexLink xArt="art. 7" xIsapId="WDU19970890555" xTitle="Ustawa z dnia 6 czerwca 1997 r. - Kodeks postępowania karnego" xAddress="Dz. U. z 1997 r. Nr 89, poz. 555">art. 7 kpk</xLexLink>, jeśli tylko: a) jest poprzedzone ujawnieniem w toku rozprawy głównej całokształtu okoliczności sprawy, b) stanowi wyraz rozważenia wszystkich okoliczności przemawiających zarówno na korzyść, jak i na niekorzyść oskarżonego, c) jest zgodne ze wskazaniami wiedzy i doświadczenia życiowego, a nadto zostało wyczerpująco i logicznie uargumentowane w uzasadnieniu wyroku.</xText>
          <xText> Stanowisko obrońcy ma charakter czysto polemiczny. W szczególności, dla skutecznego podniesienia obrazy <xLexLink xArt="art. 7" xIsapId="WDU19970890555" xTitle="Ustawa z dnia 6 czerwca 1997 r. - Kodeks postępowania karnego" xAddress="Dz. U. z 1997 r. Nr 89, poz. 555">art. 7 kpk</xLexLink> dalece niewystarczające jest stwierdzenie, że przyjęte założenia dowodowe poddane przez obrońcę krytyce w skardze apelacyjnej, nie odpowiadają preferencjom oskarżonego. Jakkolwiek Sąd Okręgowy zbiorczo powoływał dowody na poparcie czynionych ustaleń, szczegółowo wskazywał też w swoich rozważań na jakich konkretnie dowodach budował ustalenia faktyczne, cytując nawet fragmenty wyjaśnień oskarżonych i zeznań świadków, wyjaśniając dlaczego odmówił wiary dowodom przeciwnym. Nie uchybia wymogom <xLexLink xArt="art. 7" xIsapId="WDU19970890555" xTitle="Ustawa z dnia 6 czerwca 1997 r. - Kodeks postępowania karnego" xAddress="Dz. U. z 1997 r. Nr 89, poz. 555">art. 7 kpk</xLexLink> przyjęcie, że umowy pożyczki sporządzone pomiędzy <xAnon>G. A.</xAnon> z jednej strony a <xAnon>H. M. (1)</xAnon> i <xAnon>J. T.</xAnon> z drugiej strony były pozorne co nastąpiło w uzgodnieniu i z inicjatywy <xAnon>Z. G.</xAnon>. Szeroko tą kwestię omawia Sąd Okręgowy w uzasadnieniu zaskarżonego wyroku (strona 81-84). Przywołaną argumentację Sąd Apelacyjny w pełni podziela. W jej uzupełnieniu należy dodać:</xText>
          <xText> - <xAnon>G. A.</xAnon> był osobą obcą zarówno dla <xAnon>H. M. (1)</xAnon> jak i <xAnon>J. T.</xAnon>. Trudno sobie wyobrazić sytuację, że obcym osobom pożycza się kwotę 850.000zł bez jakichkolwiek zabezpieczeń,</xText>
          <xEnum>
            <xBullet> -</xBullet>
            <xEnumElem>
              <xText> nie do przyjęcia jest tłumaczenie <xAnon>G. A.</xAnon>, że udzielił pożyczek oskarżonym na prośbę <xAnon>Z. G.</xAnon> tylko z tego powodu, że był jego dobrym znajomym ( k. 106-107, tom 189),</xText>
            </xEnumElem>
            <xEnumElem>
              <xText><xAnon>Z. G.</xAnon> dysponował znacznie wyższą kwotą niż 850.000zł, którą mógł pożyczyć <xAnon>J. T.</xAnon> i <xAnon>G. A.</xAnon>. Rodzi się zatem pytanie dlaczego <xAnon>G. A.</xAnon> i <xAnon>J. T.</xAnon> mieliby się zwracać o pożyczkę do <xAnon>G. A.</xAnon>. Wytłumaczyć to można tylko tym, iż <xAnon>Z. G.</xAnon> nie mógł ujawnić, że jest w posiadaniu takiej kwoty, co jest bezsporne, bo mogłoby go to narazić na odpowiedzialność karną lub karnoskarbową, ponieważ pieniądze te pochodziły z korzyści uzyskanych z przestępstwa przypisanego mu w pkt XXIII wyroku,</xText>
            </xEnumElem>
            <xEnumElem>
              <xText> przekazywanie rzekomo pożyczonych pieniędzy następowało w formie gotówkowej, „w reklamówce”, czego nie praktykuje się w obrocie gospodarczym</xText>
            </xEnumElem>
            <xEnumElem>
              <xText> sprzeczność wyjaśnień oskarżonych i zeznań świadków co do okoliczności zawarcia umów i zwrotu rzekomo udzielonych pożyczek czynią te wyjaśnienia niewiarygodnymi. Sąd Okręgowy sprzeczności te wyeksponował. Dla ich zobrazowania warto jeszcze przywołać stosowne fragmenty przywołanych dowodów: wyjaśnienia <xAnon>Z. G.</xAnon> ( k. 83-85, tom 174) „Pani <xAnon>T.</xAnon> dużo wcześniej znała Pana <xAnon>A.</xAnon>. Nie pamiętam, czy byłem wraz z panią <xAnon>T.</xAnon> u <xAnon>A.</xAnon>, ale z pewnością rozmawiałem z nim i on na to wyraził zgodę. Suma pożyczki wynosiła bodajże 350.000 zł. Nie mam wiedzy na ten temat czy pieniądze zostały zwrócone (…)”, zeznania <xAnon>G. K.</xAnon> (jedynego udziałowca <xAnon>(...) sp. z o. o.</xAnon> ( k. 3543-3545, tom 237) „Jeżeli chodzi o pożyczkę od pana <xAnon>A.</xAnon> to ja pożyczyłam nie 35.000 zł ale 350.000 zł. Mówiąc, ze ja pożyczyłam, chodziło mi o to, że pożyczyła <xAnon>spółka (...)</xAnon>, a tą osobę tj. pana <xAnon>A.</xAnon> zaproponowała mi jako pożyczkodawcę pani <xAnon>J. T.</xAnon> (…) Widziałam te umowy. To były dwie umowy. Jedna umowa na 350.000 zł, a druga na około 200.000 zł. Pieniądze były przekazane gotówką, pani <xAnon>J.</xAnon> przyniosła te pieniądze w reklamówce. Przynosiła je dwa razy. Przekazała mi te pieniądze do rąk. Ja je osobiście wpłacałam do banku (…) Ta pożyczka została spłacona gotówką. Raczej nie jednorazowo…(…) Pani <xAnon>J.</xAnon> pobierała z kasy firmy gotówkę. I tą gotówkę zanosiła do tego od kogo pożyczała.”, wyjaśnienia <xAnon>H. M. (1)</xAnon> ( k. 27-29, 50-53, 57-62, tom 145) - „ k.27 Zacząłem wówczas szukać jakiegoś miejsca gdzie można pożyczyć pieniądze. Przypomniałem sobie <xAnon>G. A.</xAnon>, udałem się do niego, dużo rozmawialiśmy i on w końcu pożyczył mi pieniądze”.„Ja nie wiem, czy <xAnon>Z. G.</xAnon> zna pana <xAnon>A.</xAnon>”., - k.50 (o <xAnon>G. A.</xAnon>) „Po raz trzeci widziałem <xAnon>G. A.</xAnon> kiedy poszedłem do niego po pieniądze. Wcześniej pytałem telefonicznie czy mogę się z nim spotkać, mówiłem że mam problemy finansowe, powiedział, ze mogę przyjść., - k.51 „Umowa pożyczki była pisana odręcznie pisał ją <xAnon>A.</xAnon>. Dokument o spłacie też był pisany ręcznie też pisał go <xAnon>A.</xAnon>” , „Umowa pożyczki pisana była ręcznie. Nie pisał przy mnie, była umowa już gotowa”. ,- k.66 „Pokwitowanie ja sam odbierałem od pana <xAnon>A.</xAnon> w jego biurze we <xAnon>W.</xAnon>. Po pokwitowaniu udałem się sam, po wcześniejszym umówieniu się z <xAnon>A.</xAnon>. Nie pamiętam, czy podpisywał pokwitowanie przy mnie, czy było już podpisane. Ja nie potrafię wyjaśnić skąd potwierdzenie spłaty pożyczki jakie mi okazano mogło znaleźć się w <xAnon>firmie (...)</xAnon>”., wyjaśnienia <xAnon>G. A.</xAnon> ( k. 94-95, tom 189) „ w 2002r. pan <xAnon>G.</xAnon> zwrócił się do mnie o udzielenie pożyczki na działalność gospodarczą dla jego firm, gwarantując, że wszystkie operacje od strony prawnej i podatkowej zostaną przeprowadzone zgodnie z prawem”. (…) na podstawie pisemnych umów przekazałem za poręczeniem <xAnon>Z. H.</xAnon><xAnon>M.</xAnon> oraz <xAnon>J. T.</xAnon> kwoty określone w umowach. Pragnę podkreślić, że całość dokumentacji związanej z pożyczkami sporządzali pożyczkobiorcy, gdyż uważam że w ich interesie leży dopełnienie tutaj należytej staranności. Po pewnym czasie odwiedził mnie pan <xAnon>G.</xAnon> okazując dowody rejestracji umów w odpowiednich urzędach skarbowych. Pożyczki te zostały zwrócone zimą 2002r., ja podpisałem stosowne pokwitowania. Z Panią <xAnon>T.</xAnon> spotykałem się wielokrotnie, natomiast pana <xAnon>H. M. (1)</xAnon> prawie nie znałem. Dla mnie osobą uwiarygodniającą całą operację był pan <xAnon>G.</xAnon> (…) Całość obrotu pożyczkowego miała charakter gotówkowy, gdyż nie prowadzę działalności gospodarczej, taka forma jest najwygodniejsza. Na przełomie 2002/2003 udzieliłem pani <xAnon>T.</xAnon> jeszcze jednej pożyczki, która została spłacona wiosną.”, ( k. 106-107, tom 189) „Inicjatorem całej operacji był <xAnon>Z. G.</xAnon> z polecenia i poręczenia którego udzieliłem tej pożyczki. Był on moim dobrym znajomym i był dla mnie wiarygodny (…) Ja wcześniej <xAnon>firmy (...)</xAnon> nie znałem, pan <xAnon>G.</xAnon> zwrócił się do mnie o udzielenie tej pożyczki, gdyż <xAnon>firma (...)</xAnon> jest z nim w jakiś sposób związana, ja rozumiałem że jest to jedna z firm której jest właścicielem lub współwłaścicielem (…) Samą umowę przyniosła do podpisu pani <xAnon>T.</xAnon>. Po podpisaniu umowy ja przekazałem gotówkę w kwocie 350.000 zł pani <xAnon>T.</xAnon> do ręki. Zgodnie z treścią umowy pożyczka została spłacona w grudniu 2002 w kwocie 50.000 zł (…) Jeżeli chodzi o pozostała sumę 300.000 zł to została ona zrolowana czyli w miejsce poprzedniej pożyczki zawarto kolejną na kwotę 300.000 zł w dn. 31.12.2002r. Zwrot pożyczki nastąpił w kwietniu co do kwoty 100.000 zł oraz w maju 2003r. co do kwoty 200.000 zł (…) Ja nie udzielałem innych pożyczek <xAnon>firmie (...)</xAnon>. Ponadto było jeszcze jedno pokwitowanie które wystawiłem dla <xAnon>C.</xAnon> dotyczące rozliczenia pierwszej pożyczki na kwotę 350.000 zł.; „Gdy mijał termin spłaty pierwszej pożyczki <xAnon>C.</xAnon> spłacił 50.000 zł natomiast na brakującą kwotę 300000 zł zaciągnął u mnie nową pożyczkę. Stąd wzięły się dwie pożyczki i dwa pokwitowania”.</xText>
            </xEnumElem>
            <xEnumElem>
              <xText> wyjaśnieniom oskarżonych przeczą zapisy informatyczne na zabezpieczonym komputerze, na którym <xAnon>J. T.</xAnon> sporządzała dokumenty mające potwierdzić udzielenie pożyczki,</xText>
            </xEnumElem>
            <xEnumElem>
              <xText><xAnon>Z. G.</xAnon>, jedynemu udziałowcowi <xAnon>spółki (...)</xAnon>, zależało na tym, aby „wyprowadzić” ze spółki majątek zagrożony zajęciem w drodze postępowania egzekucyjnego prowadzonego przez wierzycieli spółki. Stąd zrodziła się koncepcja powstania <xAnon>spółki (...)</xAnon> i <xAnon>firmy (...)</xAnon>.</xText>
            </xEnumElem>
            <xEnumElem>
              <xText> wszystkie decyzje w <xAnon>firmie (...)</xAnon> podejmował w rzeczywistości <xAnon>Z. G.</xAnon>, który otrzymał od <xAnon>H. M. (1)</xAnon> pełnomocnictwo do jego reprezentowania, w tym również dysponowania środkami na koncie.</xText>
            </xEnumElem>
          </xEnum>
          
          <xText> Kolejne kwestionowane przez obrońcę ustalenie, które jest jego zdaniem następstwem dowolnej oceny przeprowadzonych dowodów dotyczy pochodzenia pieniędzy przekazanych przez <xAnon>Z. J.</xAnon><xAnon>T.</xAnon> i <xAnon>H. M. (1)</xAnon>. Sąd Okręgowy miał podstawy przyjąć, że pochodziły one z przestępstwa przypisanego oskarżonemu w pkt XXIII zaskarżonego wyroku. Poza sporem jest, że <xAnon>Z. G.</xAnon> w sposób tam opisany „wyprowadził” ze <xAnon>spółki (...)</xAnon> kwotę 2.055.146,30zł na konta innych podmiotów powiązanych z osobą <xAnon>L. S.</xAnon>. Gdy uwzględnić treść porozumienia między <xAnon>Z. G.</xAnon> a <xAnon>L. S.</xAnon>, co do korzyści jakie miał z tego tytułu uzyskać, nie może budzić wątpliwości, że <xAnon>L. S.</xAnon> przekazał mu co najmniej połowę wskazanej kwoty, która przekraczała wysokość kwot przekazanych <xAnon>J. T.</xAnon> i <xAnon>H. M. (1)</xAnon>. Logicznym jest, że gdyby – jak sugeruje skarżący – <xAnon>Z. G.</xAnon> miał przekazać współoskarżonym pieniądze pochodzące z legalnego źródła to nie byłoby potrzeby preparowania umów z udziałem <xAnon>G. A.</xAnon>, które w założeniu miały nadać pozory legalności operacji przekazania środków na rzecz <xAnon>firm (...)</xAnon>.</xText>
          <xText> Chybiony jest zarzut obrazy prawa materialnego, a mianowicie <xLexLink xArt="art. 299;art. 299 § 1" xIsapId="WDU19970880553" xTitle="Ustawa z dnia 6 czerwca 1997 r. - Kodeks karny" xAddress="Dz. U. z 1997 r. Nr 88, poz. 553">art. 299 § 1 kk</xLexLink>, polegający zdaniem skarżącego na jego wadliwej wykładni poprzez przyjęcie, iż sprawcą tego przestępstwa może być ten, kto sam dopuścił się przestępstwa, z którego pochodzą korzyści majątkowe. Zdaniem skarżącego, przy przyjęciu, że <xAnon>Z. G.</xAnon> jest sprawcą czynów polegających na działaniach na szkodę <xAnon>spółki (...)</xAnon>, nie może on ponosić odpowiedzialności za przestępstwo brania brudnych pieniędzy. Jednocześnie kwestionuje apelujący ustalenie Sądu Okręgowego, że pieniądze będące przedmiotem przypisanego oskarżonemu przestępstwa z <xLexLink xArt="art. 299;art. 299 § 1" xIsapId="WDU19970880553" xTitle="Ustawa z dnia 6 czerwca 1997 r. - Kodeks karny" xAddress="Dz. U. z 1997 r. Nr 88, poz. 553">art. 299 § 1 kk</xLexLink> pochodzą z korzyści związanych z popełnieniem przez oskarżonego przypisanych mu przestępstw, podczas gdy pieniądze te pochodziły bezpośrednio z czynu zabronionego. Z powyższymi argumentami zgodzić się nie można. Nowelizacją Kodeksu karnego z dnia 16 listopada 2000r. została wprowadzona zasadnicza zmiana <xLexLink xArt="art. 299;art. 299 § 1" xIsapId="WDU19970880553" xTitle="Ustawa z dnia 6 czerwca 1997 r. - Kodeks karny" xAddress="Dz. U. z 1997 r. Nr 88, poz. 553">art. 299 § 1 kk</xLexLink> polegająca na usunięciu ograniczenia podmiotowego zakresu penalizacji. W pierwotnym ujęciu <xLexLink xArt="art. 299;art. 299 § 1" xIsapId="WDU19970880553" xTitle="Ustawa z dnia 6 czerwca 1997 r. - Kodeks karny" xAddress="Dz. U. z 1997 r. Nr 88, poz. 553">art. 299 § 1 kk</xLexLink> nie obejmował sprawców przestępstwa pierwotnego z którego pochodzą przedmioty lub wartości majątkowe (usunięto sformułowanie o popełnieniu czynu zabronionego „przez inne osoby”). Tak więc podmiotem przestępstwa może być zarówno sprawca przestępstwa pierwotnego, który podejmuje działania opisane w <xLexLink xArt="art. 299;art. 299 § 1" xIsapId="WDU19970880553" xTitle="Ustawa z dnia 6 czerwca 1997 r. - Kodeks karny" xAddress="Dz. U. z 1997 r. Nr 88, poz. 553">art. 299 § 1 kk</xLexLink>, jak i ten, kto w pierwotnym przestępstwie nie uczestniczył, ograniczając się do działań określonych w tym przepisie. Zgodzić się wszak należy ze skarżącym, że wskazane w <xLexLink xArt="art. 299;art. 299 § 1" xIsapId="WDU19970880553" xTitle="Ustawa z dnia 6 czerwca 1997 r. - Kodeks karny" xAddress="Dz. U. z 1997 r. Nr 88, poz. 553">art. 299 § 1 kk</xLexLink> składniki majątkowe, stanowiące przedmiot karalnych czynności wykonawczych mają pochodzić z korzyści związanych z popełnieniem czynu zabronionego (zob. W. Wróbel, [w:]<xIx> Kodeks karny. Część szczególna. Komentarz. T. III,</xIx> Zakamycze 2006, s. 721; R. Zabłocki, [w:]<xIx> Kodeks karny. Część szczególna. T. II, Komentarz,</xIx> C. H. Beck 2006, s. 1277; O Górniok, [w:]<xIx> Kodeks karny. Komentarz. T. II,</xIx> Gdańsk 2005, s. 451; J. Skorupka,<xIx> Pojęcie brudnych pieniędzy w prawie karnym,</xIx> Prok. i Pr. 2006/11). Zatem źródło pochodzenia brudnych pieniędzy stanowi korzyść związaną z popełnieniem przestępstwa. Związek przyczynowy zachodzi więc pomiędzy brudnymi pieniędzmi a korzyścią związaną z popełnieniem czynu zabronionego, a nie pomiędzy brudnymi pieniędzmi a popełnieniem czynu zabronionego. Innymi słowy, wymienione w <xLexLink xArt="art. 299;art. 299 § 1" xIsapId="WDU19970880553" xTitle="Ustawa z dnia 6 czerwca 1997 r. - Kodeks karny" xAddress="Dz. U. z 1997 r. Nr 88, poz. 553">art. 299 § 1 kk</xLexLink> składniki (wartości) majątkowe stanowią przedmiot wykonawczy (przedmiot czynności wykonawczych). Natomiast korzyści związane z popełnieniem czynu zabronionego stanowią okoliczność modalną. Wymienionych pojęć nie należy więc utożsamiać.</xText>
          <xText> Podsumowując powyższe uwagi, należy powiedzieć, że na określone w <xLexLink xArt="art. 299;art. 299 § 1" xIsapId="WDU19970880553" xTitle="Ustawa z dnia 6 czerwca 1997 r. - Kodeks karny" xAddress="Dz. U. z 1997 r. Nr 88, poz. 553">art. 299 § 1 kk</xLexLink> przestępstwo tzw. prania pieniędzy składają się cztery elementy konstrukcyjne, a mianowicie: 1) czyn zabroniony, 2) korzyści związane z jego popełnieniem, 3) środki płatnicze, papiery wartościowe itd. (tzw. brudne pieniądze) pochodzące z korzyści związanych z popełnieniem czynu zabronionego, 4) czynności sprawcze (tzw. pranie) podejmowane w stosunku do tzw. brudnych pieniędzy. Brzmienie <xLexLink xArt="art. 299;art. 299 § 1" xIsapId="WDU19970880553" xTitle="Ustawa z dnia 6 czerwca 1997 r. - Kodeks karny" xAddress="Dz. U. z 1997 r. Nr 88, poz. 553">art. 299 § 1 kk</xLexLink> daje podstawę do przyjęcia, że przedmiotem czynności wykonawczych w tym typie czynu zabronionego są przedmioty i prawa (tzw. brudne pieniądze), których związek z popełnionym czynem zabronionym jest pośredni. Przesłanki pochodzenia z korzyści związanych z popełnieniem czynu zabronionego nie spełniają te przedmioty i prawa, które zostały uzyskane za pomocą czynu zabronionego, a więc pochodzą bezpośrednio z czynu zabronionego (J. Skorupka, Pojęcie brudnych pieniędzy w prawie karnym, Prok. i Pr. 2006/11/34).</xText>
          <xText> Sąd Okręgowy dokonał właśnie takiej wykładni jak powyżej zaprezentowana i trafnie ustalił, że przedmiot czynności wykonawczej przestępstwa przypisanego <xAnon>Z. G.</xAnon> w pkt XXI wyroku stanowiły pieniądze pochodzące z korzyści związanych z popełnieniem przestępstwa na szkodę <xAnon>spółki (...)</xAnon>, przypisanego oskarżonemu w pkt XXIII zaskarżonego wyroku. W uzasadnieniu skarżonego wyroku Sąd Okręgowy jednoznacznie stwierdza, że pieniądze przekazane <xAnon>J. T.</xAnon> i <xAnon>H. M. (1)</xAnon> pochodzą wyłącznie z przestępstwa przypisanego oskarżonemu w pkt XXIII wyroku, dlatego Sąd Apelacyjny wyeliminował z opisu czynu przypisanego oskarżonemu w pkt XXI ustalenie o pochodzeniu środków finansowych z korzyści związanych z popełnieniem innych przestępstw tam opisanych.</xText>
          <xText> Przestępstwo przypisane <xAnon>Z. G.</xAnon> w pkt XXIII zaskarżonego wyroku polegało na tym, że w okresie od 7 maja 1999r. do 29 lutego 2000r. <xAnon>Z. G.</xAnon> pełniąc funkcję prezesa zarządu spółki <xAnon>(...)</xAnon>, będąc uprawnionym do przyjmowania i wystawiania faktur VAT dotyczących sprzedaży towarów i usług potwierdził fikcyjny zakup usług i towarów o łącznej wartości 2.055.146,31zł od innych podmiotów i podjął decyzję o przelaniu na ich konta bankowe owej kwoty. Ustalenia w tym zakresie oparte przede wszystkim o wyjaśnienia <xAnon>Z. G.</xAnon> ( k. 43-49, tom 119) nie są przez apelującego kwestionowane. Opisane działanie oskarżonego poprzedzało porozumienie z <xAnon>L. S.</xAnon>, że w zamian za to <xAnon>L. S.</xAnon> będzie przekazywał mu tak rozdysponowane ze <xAnon>spółki (...)</xAnon> pieniądze po potrąceniu równowartości podatku VAT oraz prowizji 20% od kwoty netto. Na tej podstawie <xAnon>L. S.</xAnon>, jak już to było wcześniej wspomniane, przekazał gotówką <xAnon>Z. G.</xAnon> kwotę ponad 1.000.000zł. Jak widać, pieniądze otrzymane od <xAnon>L. S.</xAnon> nie pochodziły bezpośrednio z czynu zabronionego. Kwota stanowiąca przedmiot czynności wykonawczej – przestępstwa, przypisanego oskarżonemu w pkt XXIII zaskarżonego wyroku - została bowiem przelana na konta różnych podmiotów powiązanych z osobą <xAnon>L. S.</xAnon>, tj. na rzecz <xAnon>PPHU (...)</xAnon> z <xAnon>W.</xAnon>, <xAnon>(...) sp. z o. o.</xAnon> z <xAnon>W.</xAnon>, <xAnon>(...)</xAnon><xAnon>M. A.</xAnon> z <xAnon>W.</xAnon>, <xAnon>(...) sp. z o. o.</xAnon> z <xAnon>W.</xAnon> oraz <xAnon>(...) sp. z o. o.</xAnon> na podstawie fikcyjnych faktur sprzedaży. Pieniądze pochodzące bezpośrednio z tego czynu zabronionego trafiły bezpośrednio do wskazanych wyżej podmiotów i one odniosły bezpośrednią korzyść z tego przestępstwa. Pieniądze przekazywane następnie <xAnon>Z. G.</xAnon> przez <xAnon>L. S.</xAnon> pochodziły z korzyści uzyskanych przez wyżej wymienione podmioty, a w rezultacie przez <xAnon>L. S.</xAnon>. Innymi słowy <xAnon>Z. G.</xAnon> otrzymywał pieniądze nie z czynu zabronionego, ale z korzyści związanej z jego popełnieniem. Te uzyskane z czynu zabronionego, a więc pochodzące bezpośrednio z czynu zabronionego, trafiły do podmiotów powiązanych z <xAnon>L. S.</xAnon>, a następnie do niego samego, nie zaś do <xAnon>Z. G.</xAnon>. Związek pieniędzy uzyskanych przez <xAnon>Z. G.</xAnon> od <xAnon>L. S.</xAnon> z przestępstwem przypisanym oskarżonemu w pkt XXIII zaskarżonego wyroku jest więc jedynie pośredni.</xText>
          <xText> Wadliwe jest ustalenie o osiągnięciu przez oskarżonego znacznej korzyści majątkowej z popełnienia przypisanego mu przestępstwa z <xLexLink xArt="art. 299;art. 299 § 5" xIsapId="WDU19970880553" xTitle="Ustawa z dnia 6 czerwca 1997 r. - Kodeks karny" xAddress="Dz. U. z 1997 r. Nr 88, poz. 553">art. 299 § 5 kk</xLexLink> w zw. z <xLexLink xArt="art. 299;art. 299 § 1" xIsapId="WDU19970880553" xTitle="Ustawa z dnia 6 czerwca 1997 r. - Kodeks karny" xAddress="Dz. U. z 1997 r. Nr 88, poz. 553">art. 299 § 1 kk</xLexLink>. Osiągnięcie korzyści majątkowej za pomocą przestępstwa „prania brudnych pieniędzy” oznacza wszelkie przysporzenie majątkowe po stronie sprawcy w znacznych rozmiarach. Przysporzenie to nie obejmuje wartości majątkowych (przedmiotów lub praw), których sprawca stał się dysponentem w miejsce przekazanych „brudnych pieniędzy”. Korzyść majątkowa z popełnienia przestępstwa z <xLexLink xArt="art. 299;art. 299 § 1" xIsapId="WDU19970880553" xTitle="Ustawa z dnia 6 czerwca 1997 r. - Kodeks karny" xAddress="Dz. U. z 1997 r. Nr 88, poz. 553">art. 299 § 1 lub 2</xLexLink> musi przekraczać ich wartość. Korzyścią majątkową może być zapłata za przyjęcie pieniędzy na konto bankowe, prowizja od dokonanej transakcji, zysk z operacji finansowych (giełdowych) dokonywanych za pomocą brudnych pieniędzy. W realiach niniejszej sprawy Sąd Okręgowy ustalił, że kwota „brudnych pieniędzy” w kwocie 850.000zł, które oskarżony przekazał <xAnon>H. M. (1)</xAnon> i <xAnon>J. T.</xAnon> jest równa kwocie pieniędzy „wypranych” pochodzących ze sprzedaży kosmetyków przez <xAnon>firmę (...)</xAnon>. Wobec powyższego eliminując ustalenie o osiągnięciu znacznej korzyści majątkowej z przestępstwa przypisanego oskarżonemu w pkt XXI części rozstrzygającej zaskarżonego wyroku z podstawy skazania należało wyeliminować <xLexLink xArt="art. 299;art. 299 § 6" xIsapId="WDU19970880553" xTitle="Ustawa z dnia 6 czerwca 1997 r. - Kodeks karny" xAddress="Dz. U. z 1997 r. Nr 88, poz. 553">art. 299 § 6 kk</xLexLink> i <xLexLink xArt="art. 11;art. 11 § 3" xIsapId="WDU19970880553" xTitle="Ustawa z dnia 6 czerwca 1997 r. - Kodeks karny" xAddress="Dz. U. z 1997 r. Nr 88, poz. 553">art. 11 § 3 kk</xLexLink>, a z podstawy wymiaru kary <xLexLink xArt="art. 11;art. 11 § 3" xIsapId="WDU19970880553" xTitle="Ustawa z dnia 6 czerwca 1997 r. - Kodeks karny" xAddress="Dz. U. z 1997 r. Nr 88, poz. 553">art. 11 § 3 kk</xLexLink>.</xText>
          <xText> Kary orzeczone za ów czyn, jeśli uwzględnić, że oscylują w dolnych granicach ustawowego zagrożenia, a kwota stanowiąca przedmiot czynności wykonawczych prania „brudnych pieniędzy” jest wysoka, nie rażą surowością. Sąd Okręgowy należycie uwzględnił w tej materii również wszystkie te okoliczności łagodzące, które eksponuje skarżący w apelacji.</xText>
          <xText> W następstwie stwierdzonego błędu o osiągnięciu przez oskarżonego korzyści z przestępstwa z <xLexLink xArt="art. 299;art. 299 § 1;art. 299 § 5" xIsapId="WDU19970880553" xTitle="Ustawa z dnia 6 czerwca 1997 r. - Kodeks karny" xAddress="Dz. U. z 1997 r. Nr 88, poz. 553">art. 299 § 1 i § 5 kk</xLexLink> uchylić należało środek karny orzeczony na podstawie <xLexLink xArt="art. 299;art. 299 § 7" xIsapId="WDU19970880553" xTitle="Ustawa z dnia 6 czerwca 1997 r. - Kodeks karny" xAddress="Dz. U. z 1997 r. Nr 88, poz. 553">art. 299 § 7 kk</xLexLink> w pkt XLI części rozstrzygającej zaskarżonego wyroku. Jeśli bowiem ustalone zostało, że oskarżony korzyści pochodzących z tego przestępstwa nie osiągnął to nie było podstaw do przepadku równowartości owej korzyści. Kolejnym powodem uchylenia orzeczenia zawartego w pkt XLI jest solidarne orzeczenie owego przepadku. Zgodzić się należy z apelującymi, że przyjęta solidarność osób współdziałających w popełnieniu przestępstwa nie wynika ani z ustawy ani z czynności prawnej ( <xLexLink xArt="art. 369" xIsapId="WDU19640160093" xTitle="Ustawa z dnia 23 kwietnia 1964 r. - Kodeks cywilny" xAddress="Dz. U. z 1964 r. Nr 16, poz. 93">art. 369 kc</xLexLink>) i jest sprzeczna z zasadą indywidualizacji odpowiedzialności karnej nakazującą wiązać przepadek nie tylko z określonym czynem, ale i osobą konkretnego oskarżonego, który nie powinien być zwolniony od środka karnego w razie spełnienia świadczenia przez któregokolwiek z pozostałych ( <xLexLink xArt="art. 366;art. 366 § 1" xIsapId="WDU19640160093" xTitle="Ustawa z dnia 23 kwietnia 1964 r. - Kodeks cywilny" xAddress="Dz. U. z 1964 r. Nr 16, poz. 93">art. 366 § 1 kc</xLexLink>).</xText>
          <xText> Korekty wymagał opis czynów przypisanych oskarżonemu w pkt XXIV i XXV części rozstrzygającej zaskarżonego wyroku, w zakresie znamion określonych w <xLexLink xArt="art. 300;art. 300 § 1" xIsapId="WDU19970880553" xTitle="Ustawa z dnia 6 czerwca 1997 r. - Kodeks karny" xAddress="Dz. U. z 1997 r. Nr 88, poz. 553">art. 300 § 1 kk</xLexLink>. Sąd I instancji ustalił, że wymienione tam czynności zmierzały do pokrzywdzenia jednego wierzyciela z tytułu należności podatkowych, tj. Urzędu Skarbowego. Sąd Apelacyjny podziela wyrażony w doktrynie pogląd, iż określenie podmiotu sprawczego sprawia, że przepis <xLexLink xArt="art. 300;art. 300 § 1" xIsapId="WDU19970880553" xTitle="Ustawa z dnia 6 czerwca 1997 r. - Kodeks karny" xAddress="Dz. U. z 1997 r. Nr 88, poz. 553">art. 300 § 1 kk</xLexLink> nie zapewnia ochrony karnej, gdy zadłużenie dotyczy należności publicznoprawnych, np. podatków, ceł, składek na rzecz ZUS. W tych wypadkach bowiem osobę uprawnioną i osobę zobowiązaną nie łączy żaden stosunek obligacyjny, czego konsekwencją jest to, że w takim stosunku brak jest wierzyciela i dłużnika (J. Skorupka, „ Wybrane problemy wykładni przepisu <xLexLink xArt="art. 300;art. 300 § 1" xIsapId="WDU19970880553" xTitle="Ustawa z dnia 6 czerwca 1997 r. - Kodeks karny" xAddress="Dz. U. z 1997 r. Nr 88, poz. 553">art. 300 § 1 kk</xLexLink>, Teza nr 6”).</xText>
          <xText> Nie znalazł podstaw Sąd Apelacyjny do uwzględnienia zarzutu błędu w ustaleniach faktycznych odnośnie zamiaru towarzyszącego <xAnon>Z. G.</xAnon> związanego z podjęciem działań opisanych w pkt XXIV i XXV części rozstrzygającej zaskarżonego wyroku. Chociaż zachowania te miały miejsce w nakładających się na siebie przedziałach czasowych nie ma podstaw do przyjęcia, że <xAnon>Z. G.</xAnon> działał z góry powziętym tym samym zamiarem. Dość powiedzieć, że w przypadku czynu przypisanego w pkt XXIV części rozstrzygającej zaskarżonego wyroku oskarżony – jak ustala słusznie Sąd Okręgowy - wypłacał z rachunku zarządzanej przez siebie spółki pieniądze w tym celu, aby nie stały się przedmiotem zabezpieczenia w przewidywanym postępowaniu egzekucyjnym wszczętym z wniosku Urzędu Skarbowego, natomiast sprzedaż kosmetyków o jakiej mowa w pkt XXV części rozstrzygającej po zaniżonej wartości mieściła się w strategii „prania brudnych pieniędzy” o jakiej mowa w pkt XXI części rozstrzygającej.</xText>
          <xText> Czyn przypisany oskarżonemu w pkt XX zaskarżonego wyroku, tj. przestępstwo skarbowe z <xLexLink xArt="art. 56;art. 56 § 1" xIsapId="WDU19990830930" xTitle="Ustawa z dnia 10 września 1999 r. - Kodeks karny skarbowy" xAddress="Dz. U. z 1999 r. Nr 83, poz. 930">art. 56 § 1 kks</xLexLink> w zw. z <xLexLink xArt="art. 6;art. 6 § 2" xIsapId="WDU19990830930" xTitle="Ustawa z dnia 10 września 1999 r. - Kodeks karny skarbowy" xAddress="Dz. U. z 1999 r. Nr 83, poz. 930">art. 6 § 2 kks</xLexLink> popełnione zostało w okresie od 1 stycznia 1999r. do 28 września 2001r. Karalność tego przestępstwa zgodnie z treścią <xLexLink xArt="art. 44;art. 44 § 1" xIsapId="WDU19990830930" xTitle="Ustawa z dnia 10 września 1999 r. - Kodeks karny skarbowy" xAddress="Dz. U. z 1999 r. Nr 83, poz. 930">art. 44 § 1 kks</xLexLink> i <xLexLink xArt="art. 44;art. 44 § 5" xIsapId="WDU19990830930" xTitle="Ustawa z dnia 10 września 1999 r. - Kodeks karny skarbowy" xAddress="Dz. U. z 1999 r. Nr 83, poz. 930">art. 44 § 5 kks</xLexLink> ustaje, jeżeli od czasu jego popełnienia upłynęło 10 lat. Bieg przedawnienia tego przestępstwa zgodnie, z treścią <xLexLink xArt="art. 44;art. 44 § 3" xIsapId="WDU19990830930" xTitle="Ustawa z dnia 10 września 1999 r. - Kodeks karny skarbowy" xAddress="Dz. U. z 1999 r. Nr 83, poz. 930">art. 44 § 3 kks</xLexLink> rozpoczyna się z końcem roku, w którym upłynął termin płatności narażonej na uszczuplenie należności. Oskarżony ową należność zobowiązany był uiścić najpóźniej do końca 2001r. W tej sytuacji z końcem roku 2011 ustała karalność przypisanego oskarżonemu w pkt XX przestępstwa, co skutkowało uchyleniem w tej części zaskarżonego wyroku i umorzeniem postępowania.</xText>
          <xText> Ustała również karalność przestępstwa z <xLexLink xArt="art. 300;art. 300 § 1" xIsapId="WDU19970880553" xTitle="Ustawa z dnia 6 czerwca 1997 r. - Kodeks karny" xAddress="Dz. U. z 1997 r. Nr 88, poz. 553">art. 300 § 1 kk</xLexLink> w zw. z <xLexLink xArt="art. 12" xIsapId="WDU19970880553" xTitle="Ustawa z dnia 6 czerwca 1997 r. - Kodeks karny" xAddress="Dz. U. z 1997 r. Nr 88, poz. 553">art. 12 kk</xLexLink> przypisanego oskarżonemu w pkt XXII wyroku. 10-letni termin przedawnienia, zgodnie z treścią <xLexLink xArt="art. 101;art. 101 § 1;art. 101 § 1 pkt. 4" xIsapId="WDU19970880553" xTitle="Ustawa z dnia 6 czerwca 1997 r. - Kodeks karny" xAddress="Dz. U. z 1997 r. Nr 88, poz. 553">art. 101 § 1 pkt 4 kk</xLexLink> i <xLexLink xArt="art. 102" xIsapId="WDU19970880553" xTitle="Ustawa z dnia 6 czerwca 1997 r. - Kodeks karny" xAddress="Dz. U. z 1997 r. Nr 88, poz. 553">art. 102 kk</xLexLink> upłynął bowiem w dniu 14 lutego 2012r. Stąd i w tym zakresie wyrok należało uchylić i postępowanie umorzyć.</xText>
          <xText> Orzeczenie o umorzeniu postępowania w powyższym zakresie powodowało utratę mocy orzeczenia o karach łącznych wymierzonych oskarżonemu w pkt XLII i konieczność orzeczenia nowych kar łącznych. Ścisły związek czasowy, rodzajowy pomiędzy popełnionymi przestępstwami, zbliżone okoliczności podmiotowe, zachowanie oskarżonego po popełnieniu przestępstwa uzasadniały orzeczenie kary łącznej pozbawienia wolności na zasadzie pełnej absorpcji, a kary łącznej grzywny w wymiarze 500 stawek dziennych po 50zł. Zważywszy, że od popełnienia przestępstw przypisanych oskarżonemu upłynęło 10 lat, od tamtej pory oskarżony nie wchodził w konflikt z prawem, w dużym stopniu przyczynił się do ujawnienia okoliczności popełnionych przestępstw i osób współdziałających, nie ma podstaw sądzić, że oskarżony w przyszłości popełni przestępstwo, co uzasadnia warunkowe zawieszenie wykonania orzeczonej kary łącznej pozbawienia wolności.</xText>
          
          <xText>
            <xBx> Odnośnie apelacji obrońcy oskarżonego <xAnon>H. M. (1)</xAnon>.</xBx>
          </xText>
          
          <xText> Apelacja okazała się częściowo zasadna, chociaż nie z racji trafności podniesionych w niej zarzutów.</xText>
          <xText> Czyniąc ustalenia w zakresie czynu przypisanego oskarżonego w pkt XXVIII zaskarżonego wyroku, Sąd Okręgowy poczynił prawidłowe ustalenia faktyczne oceniając przeprowadzone dowody zgodnie z <xLexLink xArt="art. 7" xIsapId="WDU19970890555" xTitle="Ustawa z dnia 6 czerwca 1997 r. - Kodeks postępowania karnego" xAddress="Dz. U. z 1997 r. Nr 89, poz. 555">art. 7 kpk</xLexLink>.</xText>
          <xText> Uzasadnienie zaskarżonego wyroku wbrew zarzutowi obrońcy odpowiada wymogom <xLexLink xArt="art. 424;art. 424 § 1;art. 424 § 1 pkt. 2" xIsapId="WDU19970890555" xTitle="Ustawa z dnia 6 czerwca 1997 r. - Kodeks postępowania karnego" xAddress="Dz. U. z 1997 r. Nr 89, poz. 555">art. 424 § 1 pkt 2 kpk</xLexLink>. Sąd orzekający wskazał bowiem dowody na jakich się oparł i dlaczego odrzucił dowody przeciwne. Szczegółowo rozważył okoliczności podmiotowe i przedmiotowe czynu oraz zawarł rozważania w zakresie kwalifikacji prawnej.</xText>
          <xText> Szersze odnoszenie się do zarzutów dotyczących przestępstwa z <xLexLink xArt="art. 300;art. 300 § 1" xIsapId="WDU19970880553" xTitle="Ustawa z dnia 6 czerwca 1997 r. - Kodeks karny" xAddress="Dz. U. z 1997 r. Nr 88, poz. 553">art. 300 § 1 kk</xLexLink> nie jest konieczne wobec ustania jego karalności z dniem 14 lutego 2012r. ( <xLexLink xArt="art. 101;art. 101 § 1;art. 101 § 1 pkt. 4" xIsapId="WDU19970880553" xTitle="Ustawa z dnia 6 czerwca 1997 r. - Kodeks karny" xAddress="Dz. U. z 1997 r. Nr 88, poz. 553">art. 101 § 1 pkt 4 kk</xLexLink> i <xLexLink xArt="art. 102" xIsapId="WDU19970880553" xTitle="Ustawa z dnia 6 czerwca 1997 r. - Kodeks karny" xAddress="Dz. U. z 1997 r. Nr 88, poz. 553">art. 102 kk</xLexLink>). Z uwagi na powyższe Sąd Apelacyjny uchylił wyrok w zaskarżonej części i postępowanie, na podstawie <xLexLink xArt="art. 17;art. 17 § 1;art. 17 § 1 pkt. 6" xIsapId="WDU19970890555" xTitle="Ustawa z dnia 6 czerwca 1997 r. - Kodeks postępowania karnego" xAddress="Dz. U. z 1997 r. Nr 89, poz. 555">art. 17 § 1 pkt 6 kpk</xLexLink>, umorzył.</xText>
          <xText> Chybione okazały się zarzuty dotyczące czynu przypisanego <xAnon>H. M. (1)</xAnon> w pkt XXVII zaskarżonego wyroku. Odnosząc się do zarzutów skarżącego w tej części, aby nie powielać rozważań zawartych już przy ocenie zarzutów apelacji obrońcy oskarżonego <xAnon>Z. G.</xAnon>, stwierdzić należy, iż Sąd Okręgowy prawidłowo ustalił, że <xAnon>H. M. (1)</xAnon> miał świadomość posługiwania się wartościami majątkowymi o przestępczym pochodzeniu oraz wolę udaremnienia lub znacznego utrudnienia identyfikacji tych środków, a także wolę przestępczego współdziałania ze <xAnon>Z. G.</xAnon>, <xAnon>J. T.</xAnon> i <xAnon>G. A.</xAnon>. Powyższe ustalenia wbrew twierdzeniom apelującego nie opierały się jedynie na faktach ubocznych, takich jak założenie działalności gospodarczej, kupno towaru od <xAnon>spółki (...)</xAnon>, czy towarzyskie relacje ze <xAnon>Z. G.</xAnon>.</xText>
          <xText> Sąd I instancji zasadnie przyjął, iż pieniądze w kwocie 500.000zł, którymi oskarżony zapłacił za <xAnon>(...) spółce (...)</xAnon> nie pochodziły od <xAnon>G. A.</xAnon>. Ustalenie to jest logicznym następstwem przyjęcia, że <xAnon>Z. G.</xAnon> był zdeterminowany, by wyprowadzić majątek ze <xAnon>spółki (...)</xAnon>, by uniemożliwić zaspokojenie Urząd Skarbowy, z tytułu ogromnych zaległości podatkowych i w sytuacji gdy dalsze prowadzenie spółki generowało straty. Oskarżony <xAnon>G.</xAnon>, jak wskazano przy omawianiu jego apelacji, dysponował kwotą przekraczającą 1.000.000zł z korzyści pochodzących z przestępstwa popełnionego w porozumieniu z <xAnon>L. S.</xAnon>. Z uwagi na przestępcze źródło pochodzenia tychże środków oskarżony <xAnon>G.</xAnon> zainteresowany był w udokumentowaniu, że pochodziły one z legalnego źródła. Przeprowadzone w sprawie dowody nie dały podstaw do przyjęcia, aby pochodzące z przestępstwa środki finansowe oskarżony ulokował w inny sposób, niż przekazanie <xAnon>H. M. (1)</xAnon> i <xAnon>J. T.</xAnon>.</xText>
          <xText> O pozorności umowy pożyczki zawartej pomiędzy <xAnon>G. A.</xAnon> i <xAnon>H. M. (1)</xAnon> świadczą istotne rozbieżności w relacjach oskarżonych <xAnon>M.</xAnon>, <xAnon>G.</xAnon>, <xAnon>T.</xAnon> i świadków <xAnon>G. K.</xAnon>, <xAnon>B. S.</xAnon>, omówione przy analizie zarzutów apelacji oskarżonego <xAnon>Z. G.</xAnon>. Pozorności umowy pożyczki dowodzi to, że w toku przeszukania pomieszczeń zajmowanych przez <xAnon>spółkę (...)</xAnon> zabezpieczono m.in. komputery stanowiące własność <xAnon>spółki (...)</xAnon>, na których odnaleziono pliki tekstowe w postaci umów pożyczek udzielonych przez <xAnon>G. H.</xAnon><xAnon>M.</xAnon> i <xAnon>J. T.</xAnon>. Jednocześnie w tej samej dacie utworzone były pliki tekstowe w postaci potwierdzeń zwrotu pożyczek <xAnon>G. A.</xAnon> (tom 145, k. 79-80).</xText>
          <xText> Z wyjaśnień <xAnon>H. M. (1)</xAnon> wynika, że pożyczkę jaką zaciągnął od <xAnon>G. A.</xAnon> spłacił przelewem bankowym z rachunku <xAnon>(...)</xAnon>, a dyspozycję w tym zakresie miała wydać jego siostra <xAnon>G. I.</xAnon>. Twierdzeniom tym jaskrawo przeczy ustalenie, że do dysponowania rachunkiem upoważniony był tylko <xAnon>H. M. (1)</xAnon> i <xAnon>Z. G.</xAnon>, a przede wszystkim to, że z rachunku <xAnon>firmy (...)</xAnon> nie zostały dokonane jakiekolwiek przelewy na rzecz <xAnon>G. A.</xAnon>.</xText>
          <xText> O współdziałaniu <xAnon>Z. G.</xAnon>, <xAnon>J. T.</xAnon> i <xAnon>H. M. (1)</xAnon> w popełnieniu przestępstwa z <xLexLink xArt="art. 299" xIsapId="WDU19970880553" xTitle="Ustawa z dnia 6 czerwca 1997 r. - Kodeks karny" xAddress="Dz. U. z 1997 r. Nr 88, poz. 553">art. 299 kk</xLexLink> świadczą ustalone fakty, że <xAnon>firma (...)</xAnon> miały właściwie ten sam magazyn, pracowały w nich te osoby, które wcześniej pracowały w <xAnon>firmie (...)</xAnon>, przy czym świadczyły pracę jednocześnie w <xAnon>spółce (...)</xAnon> i w <xAnon>firmie (...)</xAnon>. Umowę najmu pomieszczeń biurowych i magazynowych znajdujących się we <xAnon>W.</xAnon> przy <xAnon>ul. (...)</xAnon> zajmowanych przez <xAnon>spółkę (...)</xAnon>, zawarł w dniu 26.02.2002r. <xAnon>B. S.</xAnon> ze <xAnon>Z. G.</xAnon>, co wynika zarówno z treści umowy jak i zeznań świadka <xAnon>B. S.</xAnon>. W tychże pomieszczeniach zabezpieczone zostały dokumenty i przedmioty związane bezpośrednio z działaniem <xAnon>firmy (...)</xAnon>. W załączniku S3 do opinii biegłego, odczytującego zapisy na twardych dyskach komputerów zabezpieczonych w siedzibie <xAnon>spółki (...)</xAnon>, oprócz wspomnianych już wcześniej umów pożyczek <xAnon>G. A.</xAnon> zawartych zarówno z <xAnon>H. M. (1)</xAnon> jak i <xAnon>J. T.</xAnon>, potwierdzeń zwrotu tych pożyczek, znajdowały się również pliki dotyczące funkcjonowania <xAnon>spółki (...)</xAnon> i <xAnon>firmy (...)</xAnon>. Co więcej, dokumenty dotyczące działalności <xAnon>spółki (...)</xAnon> tworzone były wstecz. W <xAnon>spółce (...)</xAnon> zabezpieczono również szereg przedmiotów należących do <xAnon>spółki (...)</xAnon>, które nie były przedmiotem sprzedaży (tom 122, k. 3-9, 27-30, 51-187, 216-233, tom 213, k. 1-5, 6-73).</xText>
          <xText><xAnon>H. M. (1)</xAnon> nie dokonał jakichkolwiek innych zakupów poza kosmetykami pochodzącymi z <xAnon>firmy (...)</xAnon> i tylko te towary były następnie sprzedawane odbiorcom, co istotne odbiorcom <xAnon>spółki (...)</xAnon>. Historia rachunków bankowych <xAnon>firmy (...)</xAnon> wskazuje (tom 127, k. 1-232), że na rzecz <xAnon>G. A.</xAnon> nie została przekazana żadna kwota pochodząca ze sprzedaży kosmetyków nabytych uprzednio od <xAnon>firmy (...)</xAnon>.</xText>
          <xText> Lista odbiorców <xAnon>firmy (...)</xAnon> oraz <xAnon>C.</xAnon> była tożsama z listą odbiorców <xAnon>(...)</xAnon></xText>
          <xText> Pieniądze za sprzedany towar, bez względu na to, czy zamówiony był za pośrednictwem <xAnon>(...)</xAnon>, <xAnon>C.</xAnon> czy też <xAnon>(...)</xAnon> wpływały na rachunek <xAnon>(...)</xAnon>.</xText>
          <xText> Podsumowując powyższe wywody, jeśli uwzględni się pozorność umowy pożyczki zawartej przez <xAnon>H. M. (1)</xAnon> z <xAnon>G. A.</xAnon>, brak jakiegokolwiek doświadczenia <xAnon>H. M. (1)</xAnon> w prowadzeniu działalności gospodarczej, w szczególności polegającej na dystrybucji kosmetyków, podejmowanie istotnych decyzji w <xAnon>firmie (...)</xAnon> przez <xAnon>Z. G.</xAnon>, jego upoważnienie do rachunku bankowego w <xAnon>firmie (...)</xAnon> i pobieranie przez niego środków z tego rachunku nie jest dowolnym ustalenie Sądu I instancji, że <xAnon>H. M. (1)</xAnon> otrzymał pieniądze na zakup kosmetyków od <xAnon>Z. G.</xAnon> i miał świadomość przestępczego źródła ich pochodzenia. Sprawca musi obejmować zamiarem wszystkie znamiona określone w art. 299 § 1, ale nie musi znać prawnej kwalifikacji czynu zabronionego, z których pochodzą brudne pieniądze. Wystarczająca jest świadomość, iż stanowią one przestępstwa, a więc czyny, za które grozi odpowiedzialność karnosądowa.</xText>
          <xText> Wadliwe jest ustalenie o osiągnięciu przez oskarżonego znacznej korzyści majątkowej z popełnienia przypisanego mu przestępstwa z <xLexLink xArt="art. 299;art. 299 § 5" xIsapId="WDU19970880553" xTitle="Ustawa z dnia 6 czerwca 1997 r. - Kodeks karny" xAddress="Dz. U. z 1997 r. Nr 88, poz. 553">art. 299 § 5 kk</xLexLink> w zw. z <xLexLink xArt="art. 299;art. 299 § 1" xIsapId="WDU19970880553" xTitle="Ustawa z dnia 6 czerwca 1997 r. - Kodeks karny" xAddress="Dz. U. z 1997 r. Nr 88, poz. 553">art. 299 § 1 kk</xLexLink> na co wskazano już wyżej, przy omawianiu apelacji <xAnon>Z. G.</xAnon>. Wobec powyższego eliminując ustalenie o osiągnięciu znacznej korzyści majątkowej z przestępstwa przypisanego oskarżonemu z podstawy skazania należało wyeliminować <xLexLink xArt="art. 299;art. 299 § 6" xIsapId="WDU19970880553" xTitle="Ustawa z dnia 6 czerwca 1997 r. - Kodeks karny" xAddress="Dz. U. z 1997 r. Nr 88, poz. 553">art. 299 § 6 kk</xLexLink> i <xLexLink xArt="art. 11;art. 11 § 3" xIsapId="WDU19970880553" xTitle="Ustawa z dnia 6 czerwca 1997 r. - Kodeks karny" xAddress="Dz. U. z 1997 r. Nr 88, poz. 553">art. 11 § 3 kk</xLexLink>, a z podstawy wymiaru kary <xLexLink xArt="art. 11;art. 11 § 3" xIsapId="WDU19970880553" xTitle="Ustawa z dnia 6 czerwca 1997 r. - Kodeks karny" xAddress="Dz. U. z 1997 r. Nr 88, poz. 553">art. 11 § 3 kk</xLexLink>.</xText>
          <xText> W następstwie stwierdzonego błędu o osiągnięciu przez oskarżonego korzyści z przestępstwa z <xLexLink xArt="art. 299;art. 299 § 1;art. 299 § 5" xIsapId="WDU19970880553" xTitle="Ustawa z dnia 6 czerwca 1997 r. - Kodeks karny" xAddress="Dz. U. z 1997 r. Nr 88, poz. 553">art. 299 § 1 i § 5 kk</xLexLink> uchylić należało środek karny orzeczony na podstawie <xLexLink xArt="art. 299;art. 299 § 7" xIsapId="WDU19970880553" xTitle="Ustawa z dnia 6 czerwca 1997 r. - Kodeks karny" xAddress="Dz. U. z 1997 r. Nr 88, poz. 553">art. 299 § 7 kk</xLexLink> w pkt XLI części rozstrzygającej zaskarżonego wyroku. (uzasadnienie wyżej przy omawianiu apelacji <xAnon>Z. G.</xAnon>)</xText>
          <xText> Wymierzona oskarżonemu na podstawie <xLexLink xArt="art. 299;art. 299 § 5" xIsapId="WDU19970880553" xTitle="Ustawa z dnia 6 czerwca 1997 r. - Kodeks karny" xAddress="Dz. U. z 1997 r. Nr 88, poz. 553">art. 299 § 5 kk</xLexLink>, kara pozbawienia wolności 1 roku jest dolną granicą ustawowego zagrożenia. Oznacza to, że wszystkie te okoliczności łagodzące, które eksponuje skarżący w apelacji zostały przez Sąd Okręgowy uwzględnione. Nie razi też surowością orzeczona grzywna jeśli zestawić ją choćby z wartością „wypranych pieniędzy”.</xText>
          
          <xText>
            <xBx> Odnośnie apelacji obrońcy oskarżonej <xAnon>J. T.</xAnon>.</xBx>
          </xText>
          
          <xText> Apelacja okazało się tylko częściowo zasadna.</xText>
          <xText> Nie ma racji obrońca zarzucając obrazę <xLexLink xArt="art. 7" xIsapId="WDU19970890555" xTitle="Ustawa z dnia 6 czerwca 1997 r. - Kodeks postępowania karnego" xAddress="Dz. U. z 1997 r. Nr 89, poz. 555">art. 7 kpk</xLexLink> i <xLexLink xArt="art. 410" xIsapId="WDU19970890555" xTitle="Ustawa z dnia 6 czerwca 1997 r. - Kodeks postępowania karnego" xAddress="Dz. U. z 1997 r. Nr 89, poz. 555">art. 410 kpk</xLexLink>, wyrażającą się jego zdaniem w dowolnej, wybiórczej i tendencyjnej ocenie zgromadzonego materiału dowodowego.</xText>
          <xText> Zgodzić się należy ze skarżącym, że Sąd Okręgowy dokonał pewnego uproszczenia stwierdzając w uzasadnieniu zaskarżonego wyroku, że <xAnon>J. T.</xAnon> pełniła w <xAnon>spółce (...)</xAnon> funkcję głównej księgowej, podczas gdy w rzeczywistości oskarżona pracowała na stanowisku referenta do spraw kadrowo – finansowych. Nie zmienia to jednak faktu, że oskarżona doskonale orientowała się w finansach i działalności <xAnon>spółki (...)</xAnon>. Faktu, że <xAnon>J. T.</xAnon> prowadziła sprawy finansowo – księgowe w <xAnon>(...)</xAnon>dowodzą zeznania <xAnon>G. K.</xAnon> (tom 122, k. 20), <xAnon>S. J.</xAnon> (tom 122, k. 17), wyjaśnienia <xAnon>Z. G.</xAnon> (tom 119, k. 174, tom 174, k. 28, 38). Sama oskarżona przyznaje (k. tom 224, k. 968) „ja ze swej strony nie mogłam odmówić pomocy panu <xAnon>G.</xAnon>, tym bardziej, że znane bliżej były mi sprawy finansowe <xAnon>firmy (...)</xAnon>, w której pracowałam”, że orientowała się w sytuacji finansowej spółki (tom 141, k. 128). Powyższe dowody przekonują, że oskarżona miała wiedzę na temat operacji finansowych przeprowadzanych w <xAnon>spółce (...)</xAnon>. Stwierdzenie to, przy uwzględnieniu faktu otrzymania przez oskarżoną pieniędzy na zakup kosmetyków od <xAnon>Z. G.</xAnon> i pozorowania umów pożyczek, prowadzi do oczywistego wniosku, że oskarżona obejmowała swoim zamiarem posługiwanie się wartościami majątkowymi o przestępczym pochodzeniu oraz wolę (godziła się) udaremnienia lub znacznego utrudnienia identyfikacji pieniędzy przekazanych jej przez <xAnon>Z. G.</xAnon>.</xText>
          <xText> Wbrew zarzutom skarżącego, historia i przyczyny powstania <xAnon>spółki (...)</xAnon> zawarte w zeznaniach świadka <xAnon>G. K.</xAnon>, mieściły się w obszarze rozważań Sądu Okręgowego i zostały negatywnie zweryfikowane na skutek dostrzeżonych rozbieżności w relacjach oskarżonej i świadków. W opozycji do zeznań <xAnon>G. K.</xAnon>, że to ona była inicjatorem powstania <xAnon>spółki (...)</xAnon>, pozostaje ustalenie o braku jej aktywności na tym polu. Poza sporem przecież jest, że to właśnie <xAnon>J. T.</xAnon> pozyskała środki na zakup kosmetyków od <xAnon>firmy (...)</xAnon> i podejmowała kluczowe decyzje w <xAnon>spółce (...)</xAnon>, jak i ona również miała doświadczenie w tej materii. Nie kwestionowane jest, że to <xAnon>Z. G.</xAnon> znalazł lokal, w którym znajdować się miała siedziba i magazyny <xAnon>spółki (...)</xAnon> i on zawarł umowę jego najmu z <xAnon>B. S.</xAnon> (zeznania tom 122, k. 222).</xText>
          <xText> W powyższych rozważaniach dotyczących apelacji <xAnon>Z. G.</xAnon> i <xAnon>H. M. (1)</xAnon> przedstawiono kolejne powody dla jakich zaakceptowane zostały ustalenia Sadu Okręgowego w zakresie popełnienia przestępstwa z <xLexLink xArt="art. 299;art. 299 § 1;art. 299 § 5" xIsapId="WDU19970880553" xTitle="Ustawa z dnia 6 czerwca 1997 r. - Kodeks karny" xAddress="Dz. U. z 1997 r. Nr 88, poz. 553">art.299 § 1 i 5 kk</xLexLink>. Odnoszą się one także do większości zarzutów obrońcy oskarżonej. Dodatkowego omówienia wymaga akcentowana w apelacji kwestia współdziałania oskarżonej z <xAnon>H. M. (1)</xAnon> i <xAnon>G. A.</xAnon>. Wskazać tu należy na fakt, że oskarżona sporządzała dokumenty mające pozorować udzielenie i zwrot pożyczki zarówno <xAnon>firmie (...)</xAnon> jak i <xAnon>C.</xAnon>. Ona także sporządziła fakturę sprzedaży kosmetyków do <xAnon>firmy (...)</xAnon>. W załączniku S3 do opinii biegłego, odczytującego zapisy na twardych dyskach komputerów zabezpieczonych w siedzibie <xAnon>spółki (...)</xAnon>, oprócz wspomnianych już wcześniej umów pożyczek, potwierdzeń zwrotu tych pożyczek, znajdowały się również pliki dotyczące funkcjonowania <xAnon>spółki (...)</xAnon> i <xAnon>firmy (...)</xAnon>. <xAnon>(...)</xAnon><xAnon>I. C.</xAnon> miały właściwie ten sam magazyn, pracowały w nich te osoby, które wcześniej pracowały w <xAnon>firmie (...)</xAnon>, przy czym świadczyły pracę jednocześnie w <xAnon>spółce (...)</xAnon> i w <xAnon>firmie (...)</xAnon>.</xText>
          <xText> Wadliwe jest natomiast ustalenie o osiągnięciu przez oskarżoną znacznej korzyści majątkowej z popełnienia przypisanego jej przestępstwa z <xLexLink xArt="art. 299;art. 299 § 5" xIsapId="WDU19970880553" xTitle="Ustawa z dnia 6 czerwca 1997 r. - Kodeks karny" xAddress="Dz. U. z 1997 r. Nr 88, poz. 553">art. 299 § 5 kk</xLexLink> w zw. z <xLexLink xArt="art. 299;art. 299 § 1" xIsapId="WDU19970880553" xTitle="Ustawa z dnia 6 czerwca 1997 r. - Kodeks karny" xAddress="Dz. U. z 1997 r. Nr 88, poz. 553">art. 299 § 1 kk</xLexLink> na co wskazano już wyżej, przy omawianiu apelacji <xAnon>Z. G.</xAnon>. Wobec powyższego eliminując ustalenie o osiągnięciu znacznej korzyści majątkowej z przestępstwa przypisanego oskarżonej z podstawy skazania należało wyeliminować <xLexLink xArt="art. 299;art. 299 § 6" xIsapId="WDU19970880553" xTitle="Ustawa z dnia 6 czerwca 1997 r. - Kodeks karny" xAddress="Dz. U. z 1997 r. Nr 88, poz. 553">art. 299 § 6 kk</xLexLink> i <xLexLink xArt="art. 11;art. 11 § 3" xIsapId="WDU19970880553" xTitle="Ustawa z dnia 6 czerwca 1997 r. - Kodeks karny" xAddress="Dz. U. z 1997 r. Nr 88, poz. 553">art. 11 § 3 kk</xLexLink>, a z podstawy wymiaru kary <xLexLink xArt="art. 11;art. 11 § 3" xIsapId="WDU19970880553" xTitle="Ustawa z dnia 6 czerwca 1997 r. - Kodeks karny" xAddress="Dz. U. z 1997 r. Nr 88, poz. 553">art. 11 § 3 kk</xLexLink>.</xText>
          <xText> W następstwie stwierdzonego błędu o osiągnięciu przez oskarżoną korzyści z przestępstwa z <xLexLink xArt="art. 299;art. 299 § 1;art. 299 § 5" xIsapId="WDU19970880553" xTitle="Ustawa z dnia 6 czerwca 1997 r. - Kodeks karny" xAddress="Dz. U. z 1997 r. Nr 88, poz. 553">art. 299 § 1 i § 5 kk</xLexLink> uchylić należało środek karny orzeczony na podstawie <xLexLink xArt="art. 299;art. 299 § 7" xIsapId="WDU19970880553" xTitle="Ustawa z dnia 6 czerwca 1997 r. - Kodeks karny" xAddress="Dz. U. z 1997 r. Nr 88, poz. 553">art. 299 § 7 kk</xLexLink> w pkt XLI części rozstrzygającej zaskarżonego wyroku. (uzasadnienie wyżej przy omawianiu apelacji <xAnon>Z. G.</xAnon>)</xText>
          <xText> Wymierzona oskarżonej na podstawie <xLexLink xArt="art. 299;art. 299 § 5" xIsapId="WDU19970880553" xTitle="Ustawa z dnia 6 czerwca 1997 r. - Kodeks karny" xAddress="Dz. U. z 1997 r. Nr 88, poz. 553">art. 299 § 5 kk</xLexLink>, kara pozbawienia wolności 1 roku jest dolną granicą ustawowego zagrożenia, dlatego nie można uznać jej za surową. Nie razi też surowością orzeczona grzywna, mając na względzie prawidłowo powołane przez Sad Okręgowy okoliczności mające znaczenie dla jej wymiaru, w tym przede wszystkim wartość „wypranych pieniędzy”.</xText>
          
          <xText>
            <xBx> Odnośnie apelacji obrońcy oskarżonego <xAnon>G. A.</xAnon>.</xBx>
          </xText>
          
          <xText> Apelacja w części zasługiwała na uwzględnienie czemu dał wyraz Sąd Apelacyjny dokonując zmiany zaskarżonego wyroku wobec <xAnon>G. A.</xAnon>. W pozostałym zakresie zarzuty skarżącego okazały się niezasadne.</xText>
          <xText> Na wstępie zaznaczyć należy, że do większości zarzutów stawianych w apelacji obrońcy oskarżonego odnoszą się argumenty przywołane przy omawianiu zarzutów współdziałających z nim <xAnon>Z. G.</xAnon>, <xAnon>J. T.</xAnon> i <xAnon>H. M. (1)</xAnon>, dlatego po raz kolejny Sąd Apelacyjny nie będzie ich przytaczał. W uzupełnieniu i konstatacji przedstawionych wyżej wywodów należy stwierdzić, że umowy pożyczki zawarte pomiędzy <xAnon>G. A.</xAnon> i <xAnon>J. T.</xAnon> oraz <xAnon>H. M. (1)</xAnon> były pozorne, o czym przekonują istotne rozbieżności w relacjach oskarżonych dotyczących okoliczności ich zawarcia oraz zabezpieczone dane informatyczne z komputera na którym umowy te były przygotowywane. <xAnon>Z. G.</xAnon> przyznał, że z przestępstwa przypisanego mu w pkt XXIII części rozstrzygającej zaskarżonego wyroku uzyskał korzyści znacznie przekraczające kwotę 850.000zł. Nie było zatem racjonalnych powodów, aby zwracał się o pożyczkę do <xAnon>G. A.</xAnon> skoro miał pieniądze, aby przekazać je <xAnon>H. M. (1)</xAnon> i <xAnon>J. T.</xAnon>. O tym, że pieniądze te <xAnon>Z. G.</xAnon> przekazał świadczy jednoznacznie fakt, że <xAnon>Z. G.</xAnon> podejmował wszystkie decyzje w zakresie sprzedaży kosmetyków przez <xAnon>firmę (...)</xAnon> i był dysponentem jej środków wypłacając z konta tej firmy pieniądze. Dodać również należy, że <xAnon>Z. G.</xAnon> był zainteresowany w ukryciu przestępczego pochodzenia pieniędzy pozyskanych z czynu przypisanego mu w pkt XXIII części rozstrzygającej wyroku. Nie budzi wątpliwości, że <xAnon>G. A.</xAnon> pozostawał w porozumieniu przestępczym nie tylko ze <xAnon>Z. G.</xAnon>, ale również <xAnon>H. M. (1)</xAnon> i <xAnon>J. T.</xAnon>. Wszyscy wymienieni oskarżeni przyznają się do kontaktów z <xAnon>G. A.</xAnon>. Poza sporem jest, że oskarżony podpisywał spreparowane umowy na których figurowały nazwiska <xAnon>H. M. (1)</xAnon> i <xAnon>J. T.</xAnon>. Treść tych umów nie pozostawia również wątpliwości co do wiedzy <xAnon>G. A.</xAnon> o wysokości środków finansowych. Nie jest dowolnym ustalenie Sądu Okręgowego, że oskarżony miał świadomość rzeczywistego przeznaczenia określonych w umowach środków. Słusznie Sąd I instancji stwierdza, że oskarżony jest osobą o dużym doświadczeniu w prowadzeniu działalności gospodarczej i świadomość pozorności pożyczek miała przełożenie na wiedzę o przestępczym pochodzeniu kwot dokumentowanych pozorowanymi umowami. Oczywistym jest, że oskarżony <xAnon>A.</xAnon> znając treść umów pożyczek, które podpisywał, przewidywał i godził się na to, że pieniądze o jakich mowa w tych umowach zostaną przekazane „pożyczkobiorcom” przez <xAnon>Z. G.</xAnon> skoro to on zwracał się do <xAnon>G. A.</xAnon> z prośbą o podpisanie takich umów. Z kolei gdyby pieniądze, które <xAnon>G.</xAnon> przekazał <xAnon>T.</xAnon> i <xAnon>M.</xAnon> miały legalne źródło pochodzenia nie byłoby potrzeby preparowania umów z udziałem <xAnon>G. A.</xAnon> i ponoszenia z tego tytułu dodatkowych kosztów jak choćby podatek od czynności cywilnoprawnych. Sprawca musi obejmować zamiarem wszystkie znamiona określone w art. 299 § 1, z tym, że nie musi znać prawnej kwalifikacji czynu zabronionego, z których pochodzą brudne pieniądze. Wystarczająca jest świadomość, iż stanowią one przestępstwa, a więc czyny, za które grozi odpowiedzialność karnosądowa (Komentarz do art. 299 kodeksu karnego Włodzimierz Wróbel, System Informacji Prawnej Lex ( Lex Omega) 45/2011).</xText>
          <xText> Wadliwe jest ustalenie o osiągnięciu przez oskarżonego znacznej korzyści majątkowej z popełnienia przypisanego mu przestępstwa z <xLexLink xArt="art. 299;art. 299 § 5" xIsapId="WDU19970880553" xTitle="Ustawa z dnia 6 czerwca 1997 r. - Kodeks karny" xAddress="Dz. U. z 1997 r. Nr 88, poz. 553">art. 299 § 5 kk</xLexLink> w zw. z <xLexLink xArt="art. 299;art. 299 § 1" xIsapId="WDU19970880553" xTitle="Ustawa z dnia 6 czerwca 1997 r. - Kodeks karny" xAddress="Dz. U. z 1997 r. Nr 88, poz. 553">art. 299 § 1 kk</xLexLink> na co wskazano już wyżej, przy omawianiu apelacji <xAnon>Z. G.</xAnon>. Wobec powyższego eliminując ustalenie o osiągnięciu znacznej korzyści majątkowej z przestępstwa przypisanego oskarżonemu z podstawy skazania należało wyeliminować <xLexLink xArt="art. 299;art. 299 § 6" xIsapId="WDU19970880553" xTitle="Ustawa z dnia 6 czerwca 1997 r. - Kodeks karny" xAddress="Dz. U. z 1997 r. Nr 88, poz. 553">art. 299 § 6 kk</xLexLink> i <xLexLink xArt="art. 11;art. 11 § 3" xIsapId="WDU19970880553" xTitle="Ustawa z dnia 6 czerwca 1997 r. - Kodeks karny" xAddress="Dz. U. z 1997 r. Nr 88, poz. 553">art. 11 § 3 kk</xLexLink>, a z podstawy wymiaru kary <xLexLink xArt="art. 11;art. 11 § 3" xIsapId="WDU19970880553" xTitle="Ustawa z dnia 6 czerwca 1997 r. - Kodeks karny" xAddress="Dz. U. z 1997 r. Nr 88, poz. 553">art. 11 § 3 kk</xLexLink>.</xText>
          <xText> W następstwie stwierdzonego błędu o osiągnięciu przez oskarżonego korzyści z przestępstwa z <xLexLink xArt="art. 299;art. 299 § 1;art. 299 § 5" xIsapId="WDU19970880553" xTitle="Ustawa z dnia 6 czerwca 1997 r. - Kodeks karny" xAddress="Dz. U. z 1997 r. Nr 88, poz. 553">art. 299 § 1 i § 5 kk</xLexLink> uchylić należało środek karny orzeczony na podstawie <xLexLink xArt="art. 299;art. 299 § 7" xIsapId="WDU19970880553" xTitle="Ustawa z dnia 6 czerwca 1997 r. - Kodeks karny" xAddress="Dz. U. z 1997 r. Nr 88, poz. 553">art. 299 § 7 kk</xLexLink> w pkt XLI części rozstrzygającej zaskarżonego wyroku. (uzasadnienie wyżej przy omawianiu apelacji <xAnon>Z. G.</xAnon>)</xText>
          <xText> Wymierzone oskarżonemu kary pozbawienia wolności i grzywny należycie uwzględniają dyrektywy określone w <xLexLink xArt="art. 53" xIsapId="WDU19970880553" xTitle="Ustawa z dnia 6 czerwca 1997 r. - Kodeks karny" xAddress="Dz. U. z 1997 r. Nr 88, poz. 553">art.53 kk</xLexLink> i nie ma podstaw by uznać te kary za surowe a tym bardziej za rażąco surowe.</xText>
          
          <xText>
            <xBx> Odnośnie apelacji obrońcy oskarżonego <xAnon>L. S.</xAnon>.</xBx>
          </xText>
          
          <xText> Apelacja okazała się częściowo zasadna.</xText>
          <xText> Na uwzględnienie nie zasługiwał zarzut obrazy <xLexLink xArt="art. 193;art. 193 § 1" xIsapId="WDU19970890555" xTitle="Ustawa z dnia 6 czerwca 1997 r. - Kodeks postępowania karnego" xAddress="Dz. U. z 1997 r. Nr 89, poz. 555">art. 193 § 1 kpk</xLexLink> oraz <xLexLink xArt="art. 192;art. 192 § 4" xIsapId="WDU19970890555" xTitle="Ustawa z dnia 6 czerwca 1997 r. - Kodeks postępowania karnego" xAddress="Dz. U. z 1997 r. Nr 89, poz. 555">art. 192 § 4 kpk</xLexLink>, która polegać miała zdaniem skarżącego na oddaleniu wniosku dowodowego o poddanie świadka <xAnon>W. R.</xAnon> badaniu lekarskiemu przez lekarza psychiatrę w kontekście opinii biegłej psycholog, obecnej podczas przesłuchania świadka, wskazującej na potrzebę zasięgnięcia opinii biegłego psychiatry. Rację ma skarżący, że przepis <xLexLink xArt="art. 192;art. 192 § 4" xIsapId="WDU19970890555" xTitle="Ustawa z dnia 6 czerwca 1997 r. - Kodeks postępowania karnego" xAddress="Dz. U. z 1997 r. Nr 89, poz. 555">art. 192 § 4 kpk</xLexLink> dopuszcza możliwość poddania świadka badaniu lekarskiemu (także psychiatrycznemu) przy spełnieniu warunków: celu dowodowego oraz zgody świadka. W realiach sprawy badanie <xAnon>W. R.</xAnon> przez biegłego psychiatrę w celu ustalenia wpływu zdiagnozowanego u niego schorzenia na wiarygodność zeznań nie miało dostatecznego uzasadnienia. Podstawowe znaczenie w tej kwestii miała opinia biegłego psychologa z udziałem którego świadek został przesłuchany (tom 230, k. 2189). Biegły wykluczył elementy, które mogłyby dyskwalifikować wiarygodność psychologiczną zeznań świadka. Rozbieżności w kolejnych zeznaniach świadka tłumaczył zacieraniem się w pamięci pewnych zdarzeń co jest naturalnie związane z upływem czasu. Nie uszło uwadze biegłego i Sądu orzekającego, że pomimo faktu, iż świadek był w trakcie przesłuchań leczony psychiatrycznie to zażywał leki, które powinny znosić objawy choroby, pozwalając na wykluczenie podejrzeń, że zeznania świadka mogłyby być jej wytworem. Na bazie wiedzy psychologicznej biegły jednoznacznie ocenił zeznania <xAnon>W. R.</xAnon> jako psychologicznie wiarygodne nie dostrzegając żadnych symptomów wskazujących na to, że jego procesy poznawcze są zniekształcone w stopniu zaburzającym postrzeganie, zapamiętywanie i odtwarzanie zapamiętanych faktów, a to są właśnie, w ocenie Sądu Apelacyjnego, priorytetowe czynniki dla wartości tego dowodu z punktu widzenia prawidłowości ustaleń faktycznych. Dokumentacja leczenia <xAnon>W. R.</xAnon> (k. tom 230, k. 2190-2195) wskazuje wyłącznie na nawracające zaburzenia depresyjne u świadka, co dodatkowo poddaje w wątpliwość przydatność potencjalnej opinii psychiatry dla oceny wiarygodności przekazu świadka.</xText>
          <xText> Zeznaniom <xAnon>W. R.</xAnon> Sąd Okręgowy poświęcił w uzasadnieniu zaskarżonego wyroku wiele uwagi. Zaprezentowana tam ocena zeznań świadka nie nasuwa zastrzeżeń. Sąd orzekający zachował wymaganą ostrożność i ponadprzeciętną skrupulatność w ocenie tego dowodu zważywszy, że <xAnon>W. R.</xAnon> jest oskarżony w innej sprawie o współdziałanie z <xAnon>L. S.</xAnon>. Zeznania świadka znalazły potwierdzenie w wielu innych dowodach przeprowadzonych w toku procesu. Wymienić należy tu przede wszystkim zeznania <xAnon>Z. D.</xAnon>, <xAnon>A. M. (2)</xAnon>, <xAnon>D. Ś.</xAnon>, <xAnon>K. M.</xAnon>, wyjaśnienia <xAnon>Z. G.</xAnon>, <xAnon>J. G. (1)</xAnon>. Nie umknęły uwadze Sądu Okręgowego pewne rozbieżności w kolejnych relacjach świadka, chociaż są one zasadniczo zbieżne i konsekwentne. Rozbieżności te świadczą tylko o tym, że świadek nie powiela bezkrytycznie swoich poprzednich relacji, a rekonstruuje rzeczywistość w oparciu o swoją percepcję i pamięć. Zważywszy, że obrońca nie wskazuje jakich konkretnych błędów Sąd Okręgowy miał się dopuścić przy ocenie tego dowodu zbędne jest szersze odnoszenie do postawionego zarzutu.</xText>
          <xText> Nie uchybił Sąd Okręgowy <xLexLink xArt="art. 7" xIsapId="WDU19970890555" xTitle="Ustawa z dnia 6 czerwca 1997 r. - Kodeks postępowania karnego" xAddress="Dz. U. z 1997 r. Nr 89, poz. 555">art. 7 kpk</xLexLink> i <xLexLink xArt="art. 410" xIsapId="WDU19970890555" xTitle="Ustawa z dnia 6 czerwca 1997 r. - Kodeks postępowania karnego" xAddress="Dz. U. z 1997 r. Nr 89, poz. 555">art. 410 kpk</xLexLink> ustalając, iż faktury wystawiane przez <xAnon>B. G.</xAnon>, na podstawie których miały przysługiwać tej firmie wierzytelności, okazały się nierzetelne i wykazane w nich zdarzenia gospodarcze nie miały miejsca. Wynika to jednoznacznie z dowodów powołanych przez Sąd Okręgowy w uzasadnieniu zaskarżonego wyroku (strona 7), tj. zeznań <xAnon>W. R.</xAnon>, <xAnon>A. M. (2)</xAnon>, <xAnon>Z. D.</xAnon>, oraz opinii biegłych <xAnon>A. R.</xAnon> i <xAnon>A. P.</xAnon> dotyczącej dokumentacji <xAnon>firm (...)</xAnon>. Pośrednio dowodzą tego faktu również wyjaśnienia <xAnon>Z. G.</xAnon>, który potwierdził, że otrzymywane przez niego faktury wystawione przez <xAnon>W.</xAnon> i <xAnon>(...)</xAnon> nie odzwierciedlały rzeczywistych zdarzeń gospodarczych. Skoro <xAnon>firma (...)</xAnon> nie prowadziła rzeczywistej działalności gospodarczej, to nie może budzić wątpliwości, że <xAnon>spółka (...)</xAnon> nie zawierała z tymi podmiotami umów na podstawie których przysługiwała jej wierzytelność w wysokości 542.300zł. Kwota deklarowanej we wniosku kredytowym wierzytelności przysługującej <xAnon>spółce (...)</xAnon> od <xAnon>firm (...)</xAnon> znacznie przekraczała wysokość wnioskowanego kredytu. Oczywiste jest zatem, że istnienie takiej wierzytelności miało istotny wpływ na ocenę przez <xAnon>Bank (...) S.A.</xAnon> w <xAnon>K.</xAnon> zdolności <xAnon>(...) spółki (...)</xAnon>. Zasadny jest więc wniosek, iż Bank nie udzieliłby kredytu dysponując wiedzą, iż wierzytelność na jaką powoływała się <xAnon>spółka (...)</xAnon> kierowana przez <xAnon>L. S.</xAnon> nie istniała. Prawidłowo Sąd Okręgowy ustalił, że <xAnon>L. S.</xAnon> wprowadził w błąd pracowników Banku co do zdolności kredytowej reprezentowanej spółki, bowiem pomniejszenie jej aktywów o wierzytelności od <xAnon>spółek (...)</xAnon> znacznie ową zdolność obniżało. Trafnie Sąd orzekający ustalił, że oskarżony wprowadził w błąd pracowników banku co do zamiaru zabezpieczenia kredytu hipoteką na nieruchomości położonej w <xAnon>R.</xAnon>. Przemawia za tym nie tylko fakt, że takiego obciążenia hipotecznego oskarżony nie dokonał w terminie określonym w umowie kredytu, ale również i to, że nieruchomość w <xAnon>R.</xAnon> nr <xAnon>(...)</xAnon>miała być przedmiotem zabezpieczenia hipotecznego umowy factoringowej zawartej 18 kwietnia 2000r.( a więc jeszcze przed upływem terminu do wpisu hipoteki zabezpieczającej kredyt udzielony przez <xAnon>Bank (...)</xAnon> na mocy umowy z dnia 9 lutego 2000 roku – przyp.SA) pomiędzy <xAnon>spółdzielnią (...) i Bankiem (...)</xAnon><xAnon>(...) S.A.</xAnon> w <xAnon>K.</xAnon>. Wbrew twierdzeniom obrońcy oskarżonego udzielenie przez <xAnon>Bank (...)</xAnon><xAnon>(...) spółce (...)</xAnon> miało charakter niekorzystnego rozporządzenia mieniem, ponieważ fikcyjność zadeklarowanej wierzytelności w sposób istotny zwiększała ryzyko niespłacenia kredytu. Oskarżony miał świadomość istnienia owych istotnych elementów oszustwa i ustalenie towarzyszącego mu zamiaru kierunkowego nie nasuwa wątpliwości.</xText>
          <xText> Chybiony jest zarzut kwestionujący ustalenia w zakresie czynu przypisanego oskarżonemu w pkt II części rozstrzygającej wyroku. Stwierdzenie, że umowa factoringowa zawarta przez oskarżonego z <xAnon>(...) S.A.</xAnon> w <xAnon>K.</xAnon> została przekształcona w kredyt obrotowy, który w późniejszym czasie został spłacony przez SI <xAnon>(...)</xAnon>w <xAnon>R.</xAnon> nie oznacza, że oskarżony nie dopuścił się oszustwa. Poza sporem jest, że <xAnon>L. S.</xAnon> w dniu 18 kwietnia 2000r. zawarł w imieniu SI <xAnon>(...)</xAnon>z <xAnon>(...) S.A.</xAnon> w <xAnon>K.</xAnon> umowę o świadczenie usług factoringowych, której przedmiotem była zapłata za faktury wystawiane przez SI <xAnon>(...)</xAnon> na rzecz <xAnon>Z. F.</xAnon> w <xAnon>R.</xAnon> do łącznej wysokości 300.000zł. W dacie zawarcia owej umowy faktury opisane w pkt II części rozstrzygającej wyroku były już wystawione, na co wskazują wpisane na nich daty od 22 lutego 2000r. do 18 kwietnia 2000r. Nie zawierały one klauzul factoringowych, które zobowiązywałyby <xAnon>Z. F.</xAnon> w <xAnon>R.</xAnon> do zapłaty na rzecz <xAnon>(...) S.A.</xAnon> w <xAnon>K.</xAnon> zamiast na rzecz SI <xAnon>(...)</xAnon>. Określały one 30-dniowy termin płatności. W tej sytuacji faktury owe w momencie zawierania umowy factoringowej nie mogły w świetle jej postanowień być nią objęte. Zeznania <xAnon>K. M.</xAnon> i <xAnon>D. Ś.</xAnon> (których wiarygodności skarżący w istocie nie podważa) nie pozostawiają wątpliwości, że w tym samym czasie oskarżony wydał polecenie przepisania faktur wystawionych wcześniej dla <xAnon>Z. F.</xAnon> w <xAnon>R.</xAnon> ze zmianą w terminie płatności poprzez określenie go na 90 dni i dopisanie tzw. klauzuli factoringowej zobowiązującej odbiorcę ( <xAnon>Z. F.</xAnon>) do zapłaty na rzecz <xAnon>(...) S.A.</xAnon> zamiast na rzecz SI <xAnon>(...)</xAnon>. Przedkładając tak zmodyfikowane faktury w Banku, oskarżony wprowadził go w błąd, że zapłata za faktury nastąpi na rzecz Banku, a nie na rzecz SI <xAnon>(...)</xAnon>. <xAnon>F.</xAnon> owych faktur przez <xAnon>B.</xAnon> było niekorzystnym rozporządzeniem, ponieważ Bank płacąc za faktury spodziewał się uwzględnienia przez <xAnon>Z. F.</xAnon> klauzuli factoringowej i zapłaty na jego rzecz, a nie na rachunek SI <xAnon>(...)</xAnon> Tymczasem <xAnon>(...)</xAnon>zgodnie z otrzymanymi od SI <xAnon>(...)</xAnon> fakturami zobowiązana była zapłacić za nie Spółdzielni. W tej sytuacji Bank faktorując omawiane faktury pozbawiony był zabezpieczenia w postaci wierzytelności wobec <xAnon>Z. F.</xAnon>, gdyż spółka ta nie mając wiedzy o zawartej umowie factoringowej, była wyłącznie wierzycielem SI <xAnon>(...)</xAnon>. Z kolei środki, które <xAnon>Z. F.</xAnon> wpłacała na podstawie przedmiotowych faktur na konto SI <xAnon>(...)</xAnon> były natychmiast przez oskarżonego wypłacane, co zwiększało ryzyko utraty rozdysponowanych przez Bank pieniędzy.</xText>
          
          <xText> Prawidłowo Sąd Okręgowy ustalił, że <xAnon>L. S.</xAnon> udzielił pomocy <xAnon>J. G. (1)</xAnon> do wyłudzenia z <xAnon>(...)</xAnon> refundacji kosztów utworzenia nowych stanowisk pracy na kwotę 404.322zł. Rozważania w tej kwestii zostały przedstawione przy okazji odnoszenia się do apelacji obrońcy oskarżonego <xAnon>J. G. (1)</xAnon>. Należy dodać, iż prawidłowo Sąd Okręgowy przyjął, iż <xAnon>L. S.</xAnon> wystawił nierzetelną <xAnon>fakturę VAT nr (...)</xAnon> w celu przedłożenia jej przez <xAnon>J. G. (1)</xAnon> w Starostwie Powiatowym w <xAnon>B.</xAnon>. Z wyjaśnień oskarżonego <xAnon>J. G. (1)</xAnon> wynika, ze <xAnon>L. S.</xAnon> miał świadomość ubiegania się przez <xAnon>R.</xAnon><xAnon>(...)</xAnon> o refundację kosztów utworzenia nowych stanowisk pracy na osób niepełnosprawnych. Koniecznym warunkiem uzyskania takiej refundacji było udokumentowanie kosztów utworzenia nowych stanowisk pracy. Oczywistą zatem implikacją ustalenia pozorności zakupu przez <xAnon>firmę (...)</xAnon> linii technologicznej do produkcji okien od <xAnon>spółki (...)</xAnon> jest przyjęcie, że <xAnon>L. S.</xAnon> wystawił wspomnianą fakturę VAT tylko po to, by <xAnon>J. G. (1)</xAnon> przedstawił ją Starostwu Powiatowemu w <xAnon>B.</xAnon>.</xText>
          <xText> Inaczej natomiast należy ocenić świadomość oskarżonego w zakresie posłużenia się przez <xAnon>J. G. (1)</xAnon> fikcyjną <xAnon>fakturą VAT nr (...)</xAnon> przy zawarciu umowy o kredyt obrotowy w wysokości 500.000zł. Wyjaśnienia <xAnon>J. G. (1)</xAnon> co prawda dawały podstawę do ustalenia, że <xAnon>L. S.</xAnon> miał świadomość wystąpienia o taki kredyt, nie ma jednak dowodów wskazujących na wiedzę oskarżonego, że <xAnon>J. G. (1)</xAnon> załączył do wniosku kredytowego powyższą fikcyjną fakturę. Ustalenia Sądu Okręgowego są takie, że oskarżony miał się zająć dokapitalizowaniem <xAnon>firmy (...)</xAnon> co nie daje podstaw do wyprowadzenia wniosku, że oskarżony dostarczył <xAnon>J. G. (1)</xAnon> spreparowaną fakturę VAT w tym celu, by załączył ją do wniosku kredytowego, tym bardziej, że owa faktura przede wszystkim służyć miała wykazaniu utworzenia nowych miejsc pracy dla osób niepełnosprawnych o refundację których zabiegał właściciel <xAnon>firmy (...)</xAnon>. W tym stanie rzeczy nie widząc możliwości usunięcia pojawiających się w tej kwestii wątpliwości Sąd Apelacyjny uniewinnił oskarżonego od czynu przypisanego mu w pkt VI części rozstrzygającej zaskarżonego wyroku, obciążając kosztami sądowymi w tej części Skarb Państwa na podstawie <xLexLink xArt="art. 632;art. 632 pkt. 2" xIsapId="WDU19970890555" xTitle="Ustawa z dnia 6 czerwca 1997 r. - Kodeks postępowania karnego" xAddress="Dz. U. z 1997 r. Nr 89, poz. 555">art. 632 pkt 2 kpk</xLexLink>. Spowodowało to w konsekwencji utratę mocy orzeczenia o karach zawartego w pkt IX części rozstrzygającej oraz orzeczenia o karach łącznych wymierzonych oskarżonemu w pkt XLII części rozstrzygającej.</xText>
          <xText> Tak jak w przypadku czynu przypisanego oskarżonemu <xAnon>J. G. (1)</xAnon> w pkt XIII skorygować należało w pkt IX części rozstrzygającej zaskarżonego wyroku ustalenie o wysokości niekorzystnie rozporządzonej przez <xAnon>(...)</xAnon> kwoty. W zakresie wyrządzonej szkody nie mieści się bowiem wypłacona przez pokrzywdzonego refundacja wynagrodzeń w kwocie 585.779,50zł (szerzej zostało to wyjaśnione przy omawianiu apelacji oskarżonego <xAnon>J. G. (1)</xAnon>). Forma zjawiskowa popełnienia przez <xAnon>L. S.</xAnon> tego przestępstwa (pomocnictwo), jego drugorzędna rola, brak wymiernych korzyści osiągniętych przez oskarżonego, uzasadniała wymierzenie mu za ten czyn kary roku pozbawienia wolności i 200 stawek dziennych grzywny po 20zł.</xText>
          <xText> Nie nasuwa zastrzeżeń przypisanie oskarżonemu przestępstwa z <xLexLink xArt="art. 271;art. 271 § 3" xIsapId="WDU19970880553" xTitle="Ustawa z dnia 6 czerwca 1997 r. - Kodeks karny" xAddress="Dz. U. z 1997 r. Nr 88, poz. 553">art. 271 § 3 kk</xLexLink> w zw. z <xLexLink xArt="art. 273" xIsapId="WDU19970880553" xTitle="Ustawa z dnia 6 czerwca 1997 r. - Kodeks karny" xAddress="Dz. U. z 1997 r. Nr 88, poz. 553">art. 273 kk</xLexLink> w zw. z <xLexLink xArt="art. 11;art. 11 § 2" xIsapId="WDU19970880553" xTitle="Ustawa z dnia 6 czerwca 1997 r. - Kodeks karny" xAddress="Dz. U. z 1997 r. Nr 88, poz. 553">art. 11 § 2 kk</xLexLink> w pkt VII części rozstrzygającej zaskarżonego wyroku. Ustalenia w tym zakresie mają oparcie w zeznaniach <xAnon>D. Ś.</xAnon>, która zaprzeczyła, że <xAnon>L. S.</xAnon> udzielał usług szkoleniowych w zakresie zmian w systemie szkoleniowym na rzecz SI <xAnon>(...)</xAnon> w <xAnon>R.</xAnon>.<xIx>
       t. 24 – k. 19-24 „…I tak <xAnon>rachunek (...)</xAnon> wystawca Profesor <xAnon>L. S.</xAnon> – usługi szkoleniowe, wartość 6.500 zł (…) … nie było żadnych usług i towarów wyszczególnionych na wymienionych fakturach w SI <xAnon>(...)</xAnon>”.</xIx></xText>
          <xText> Dokonanej przez Sąd I instancji oceny zeznań świadka skarżący nie kwestionuje. Ocena ta nie jest dowolna a przez to korzysta z ochrony przewidzianej w <xLexLink xArt="art. 7" xIsapId="WDU19970890555" xTitle="Ustawa z dnia 6 czerwca 1997 r. - Kodeks postępowania karnego" xAddress="Dz. U. z 1997 r. Nr 89, poz. 555">art. 7 kpk</xLexLink>.</xText>
          
          <xText> Kwestionując ustalenia przyjęte za podstawę skazania <xAnon>L. S.</xAnon> w pkt VIII części rozstrzygającej zaskarżonego wyroku skarżący podnosi, że <xAnon>P.</xAnon> Bank nie został ostatecznie pokrzywdzony, ponieważ <xAnon>R. P.</xAnon> zapłacił na jego rzecz należność wynikającą z umowy factoringowej, to też zdaniem skarżącego dowodzić ma, że oskarżeni nie mieli zamiaru doprowadzić banku do niekorzystnego rozporządzenia mieniem. Na ten temat wypowiedział się już Sąd Apelacyjny przy okazji omawiania apelacji oskarżonego <xAnon>R. P.</xAnon>. Nie może budzić wątpliwości, że <xAnon>L. S.</xAnon> działał wspólnie i w porozumieniu z <xAnon>R. P.</xAnon>, gdy zważyć, że oskarżony <xAnon>S.</xAnon> wiedząc, iż <xAnon>Centrum (...)</xAnon> nie dokonywało sprzedaży towarów na rzecz <xAnon>PPHU (...)</xAnon>, <xAnon>(...)</xAnon>i SI <xAnon>(...)</xAnon>, przedstawił faktury dokumentujące ową fikcyjną sprzedaż w <xAnon>P.</xAnon> Banku do wykupu. Wymowne są w tej kwestii szczególnie zeznania <xAnon>A. M. (2)</xAnon> t. <xAnon>(...)</xAnon> k. 35,37 „<xIx>
       w sierpniu i wrześniu 2000r. ja wystawiałem łącznie 6 faktur po dwie na każdą z <xAnon>firm (...)</xAnon>, <xAnon>(...)</xAnon> i <xAnon>(...)</xAnon> na formatki folii na kwotę łączną kilkuset tysięcy złotych. Było to związane z uzyskaniem przez prezesa <xAnon>S.</xAnon> factoringu <xAnon>Centrum (...)</xAnon> w <xAnon>K.</xAnon> i jego planami wykorzystania tego factoringu. Żadna z usług na które wystawiłem faktury nie była w rzeczywistości zrealizowana przez <xAnon>C.</xAnon>, ale polecenia wystawiania takich faktur otrzymałem od <xAnon>S.</xAnon></xIx> ”. ; t.55 k.120; t.91 k.6; t.92 k. 3. Bank został zatem wprowadzony w błąd co do rzetelności wystawionych faktur i płacąc za nie na rzecz <xAnon>Centrum (...)</xAnon> niekorzystnie rozporządził swoim mieniem.</xText>
          <xText> Wspomniane już było przy okazji omawiania apelacji obrońcy oskarżonego <xAnon>R. P.</xAnon>, że <xAnon>Centrum (...)</xAnon> zwróciło pokrzywdzonemu Bankowi kwotę 227.225zł wypłaconą uprzednio na podstawie faktur wystawionych na <xAnon>PPHU (...)</xAnon>, <xAnon>(...)</xAnon>oraz SI <xAnon>(...)</xAnon> co nie pozostaje bez wpływu na stopień społecznej szkodliwości czynu i w rezultacie wysokość wymierzonej kary. Podobnie należy zwrócić uwagę na fakt, iż umowa factoringowa zawarta przez oskarżonego z <xAnon>(...) S.A.</xAnon> w <xAnon>K.</xAnon> została zamieniona na kredyt obrotowy, który w późniejszym czasie został spłacony przez SI <xAnon>(...)</xAnon> w <xAnon>R.</xAnon>. W ocenie Sądu Apelacyjnego kara 3 lat pozbawienia wolności orzeczona za ciąg przestępstw przypisanych oskarżonemu w pkt II i VIII części rozstrzygającej zaskarżonego wyroku nie uwzględnia tych istotnych okoliczności i razi surowością, dlatego została obniżona do roku pozbawienia wolności. Brak było natomiast podstaw aby ingerować w orzeczoną karę grzywny.</xText>
          <xText> Wspomniana wyżej utrata mocy orzeczenia o karach łącznych pozbawienia wolności i grzywny uzasadniała konieczność wymierzenia na nowo takich kar. Uwzględniając związek czasowy pomiędzy popełnionymi przestępstwami, ich podobieństwo rodzajowe, a także okoliczności podmiotowe, jak zachowanie po popełnieniu przestępstwa, wiek oskarżonego, inwalidztwo, Sąd Apelacyjny zastosował w przypadku kary łącznej pozbawienia wolności zasadę pełnej absorpcji wymierzając karę 2 lat pozbawienia wolności, natomiast jako karę łączną grzywny orzekł karę 500 stawek dziennych po 20zł. Wykonanie kary łącznej pozbawienia wolności Sąd Apelacyjny warunkowo zawiesił na okres próby wynoszący 5 lat kierując się przede wszystkim względami humanitarnymi i pozytywną prognozą kryminologiczną. Podkreślić należy, że oskarżony <xAnon>L. S.</xAnon> ma niespełna 78 lat i jest inwalidą I grupy. Przypisane mu przestępstwa popełnił 10 lat temu i od tamtej pory nie wchodził w konflikt z prawem. Najdłuższy- 5-letni okres próby zweryfikuje tą prognozę a realną dolegliwością jaką oskarżony powinien doświadczyć będzie orzeczona kara łączna grzywny.</xText>
          
          <xText> Orzeczenie o kosztach sądowych zawarte w <xLexLink xArt="art. 635 pkt. 14" xIsapId="WDU19970890555" xTitle="Ustawa z dnia 6 czerwca 1997 r. - Kodeks postępowania karnego" xAddress="Dz. U. z 1997 r. Nr 89, poz. 555">pkt XIV</xLexLink> ma podstawę w <xLexLink xArt="art. 635" xIsapId="WDU19970890555" xTitle="Ustawa z dnia 6 czerwca 1997 r. - Kodeks postępowania karnego" xAddress="Dz. U. z 1997 r. Nr 89, poz. 555">art. 635 kpk</xLexLink>, <xLexLink xArt="art. 636" xIsapId="WDU19970890555" xTitle="Ustawa z dnia 6 czerwca 1997 r. - Kodeks postępowania karnego" xAddress="Dz. U. z 1997 r. Nr 89, poz. 555">art.636 kpk</xLexLink> oraz w <xLexLink xArt="art. 5;art. 8;art. 10;art. 10 ust. 1" xIsapId="WDU19730270152" xTitle="Ustawa z dnia 23 czerwca 1973 r. o opłatach w sprawach karnych" xAddress="Dz. U. z 1973 r. Nr 27, poz. 152">art.5,8 i 10 ust.1 ustawy z dnia 23.06.1973 roku o opłatach w sprawach karnych</xLexLink>.</xText>
        </xUnit>
      </xBlock>
    </xPart>
  </judgement>
<judgement id="155000000001521_III_AUa_001654_2011_Uz_2012-02-22_001">
    <xPart xEditorFullName="Teresa Kudanowska-Giedrojć " xYear="2011" xLang="PL" xPublisherFullName="Teresa Kudanowska-Giedrojć " xFromPg="1" xEditor="tgiedrojc" xVolType="15/500000/0001521/AUa" xPublisher="tgiedrojc" xDocType="Uz" xVolNmbr="001654" xVersion="1.0" xToPage="7" xFlag="published">
      <xName>Wyrok+Uzasadnienie</xName>
      <xBlock>
        <xText>Sygn. akt III AUa 1654/11</xText>
        
        <xUnit xIsTitle="true" xBold="true" xType="part">
          <xName>WYROK</xName>
          <xTitle>W IMIENIU RZECZYPOSPOLITEJ POLSKIEJ</xTitle>
          <xText xALIGNx="right">Dnia 22 lutego 2012 r.</xText>
          
          <xText>Sąd Apelacyjny we Wrocławiu Wydział III</xText>
          <xText>Sąd Pracy i Ubezpieczeń Społecznych</xText>
          <xText>w składzie:</xText>
          <xRows>
            <xRow>
              <xClmn xALIGNx="left" xVALIGNx="middle">
                <xText>Przewodniczący:</xText>
              </xClmn>
              <xClmn xALIGNx="left" xVALIGNx="middle">
                <xText>SSA Stanisława Kubica (spr.)</xText>
              </xClmn>
            </xRow>
            <xRow>
              <xClmn xALIGNx="left" xVALIGNx="top">
                <xText>Sędziowie:</xText>
              </xClmn>
              <xClmn xALIGNx="left" xVALIGNx="middle">
                <xText>SSA Barbara Pauter</xText>
                <xText>SSA Barbara Staśkiewicz</xText>
              </xClmn>
            </xRow>
            <xRow>
              <xClmn xALIGNx="left" xVALIGNx="middle">
                <xText>Protokolant:</xText>
              </xClmn>
              <xClmn xALIGNx="left" xVALIGNx="middle">
                <xText>Adrianna Szymanowska</xText>
              </xClmn>
            </xRow>
          </xRows>
          <xText>po rozpoznaniu w dniu 22 lutego 2012 r. we Wrocławiu</xText>
          <xText>sprawy z wniosku <xAnon>J. K.</xAnon></xText>
          <xText>przeciwko  Zakładowi Ubezpieczeń Społecznych <xAnon> Oddział</xAnon> w <xAnon>L.</xAnon></xText>
          <xText>o emeryturę</xText>
          <xText>na skutek apelacji <xAnon>J. K.</xAnon></xText>
          <xText>od wyroku Sądu Okręgowego Sądu Pracy i Ubezpieczeń Społecznych</xText>
          <xText>w Jeleniej Górze
</xText>
          <xText>z dnia 12 września 2011 r. sygn. akt VII U 531/11</xText>
          <xUnit xIsTitle="false" xType="none">
            <xName xSffx=".">I</xName>
            <xText>
              <xBx>
                <xIx>oddala apelację; </xIx>
              </xBx>
            </xText>
          </xUnit>
          <xUnit xIsTitle="false" xType="none">
            <xName xSffx=".">II</xName>
            <xText>
              <xBx>
                <xIx>zasądza od wnioskodawcy na rzecz strony pozwanej kwotę 120 zł tytułem zwrotu kosztów procesu w postępowaniu apelacyjnym. </xIx>
              </xBx>
            </xText>
          </xUnit>
        </xUnit>
        <xUnit xIsTitle="true" xBold="true" xType="part">
          <xName>UZASADNIENIE</xName>
          <xText>Wnioskodawca <xAnon>J. K.</xAnon> w odwołaniu od decyzji Zakładu Ubezpieczeń Społecznych w <xAnon>L.</xAnon> z dnia 18.03.2011 r., odmawiającej mu prawa do emerytury, domagał się jej zmiany w kierunku przyznania spornego prawa do emerytury z uwagi na pracę w szczególnych warunkach.</xText>
          <xText>Organ rentowy w odpowiedzi na odwołanie wniósł o jego oddalenie z uwagi na brak podstaw prawnych do jego uwzględnienia.</xText>
          <xText>Sąd Okręgowy w Jeleniej Górze ustalił, iż wnioskodawca <xAnon>J. K.</xAnon>, ur. 2.01.1951 r. bezspornie nie pozostaje w stosunku pracy, nie przystąpił do OFE i udokumentował staż ubezpieczeniowy łącznie 27 lat 6 m-cy i 2 dni.</xText>
          <xText>Sąd ustalił, że w dniu 19.01.2011 r. <xAnon>J. K.</xAnon> złożył do Zakładu Ubezpieczeń Społecznych wniosek o emeryturę. Organ rentowy nie uwzględnił wnioskodawcy żadnego okresu zatrudnienia pracy w warunkach szczególnych.</xText>
          <xText>Decyzją z dnia 18.03.2011 r. znak: <xAnon> (...)</xAnon> odmówiono wnioskodawcy prawa do emerytury.</xText>
          <xText>W okresach od 9.03.1970 r. do 16.02.1973 r. oraz od 7.01.1976 r. do 9.05.1975 r. wnioskodawca zatrudniony był w <xAnon> Cementowni (...)</xAnon> w <xAnon>R.</xAnon>. W obu w/w okresach wnioskodawca stale i w pełnym wymiarze czasu pracy wykonywał pracę pakowacza maszynowego cementu i wapna. Pakowanie cementu i wapna polegało na zakładaniu pustych worków na wentyle znajdujące się na maszynach. Maszyna była czterowentylowa, obsługiwana przez 4 osoby. Dwóch pracowników pakowało przez 4 godziny gorący cement, a dwóch pozostałych woziło worki na wózkach do wagonów. Po 4 godzinach była zmiana.</xText>
          <xText>Szkodliwość warunków pracy polegała na przebywaniu w hałasie, zapyleniu, wysokiej temperaturze i dźwiganiu (około 50 kg każdy worek).</xText>
          <xText>W okresie od 16.05.1979 r. do 31.07.1992 r. wnioskodawca zatrudniony był w <xAnon> Cementowni (...)</xAnon> w <xAnon>R.</xAnon>. W dniu 28.06.1977 r. wnioskodawca nabył uprawnienia spawacza elektrycznego, zaś w dniu 22.03.1983 r. uzyskał kwalifikacje spawacza gazowego. Jako spawacz wnioskodawca pracował w hali produkcyjnej przy młynach cementowych i wapiennych. Nie pracował w zakładzie mechanicznym. Praca wykonywana była w hałasie i zapyleniu. Pełniąc obowiązki konserwatora odpylaczy, wnioskodawca utrzymywał ruch maszyny odpylającej. Odpylacz mieścił się na młynach, na pakowni, suszarni, zbiornikach silosów, kompresorach i na wagach. Przy odpylaczach wnioskodawca wykonywał czynności spawalnicze.</xText>
          <xText>Urząd Wojewódzki w <xAnon>L.</xAnon> wystawił wnioskodawcy świadectwo wykonywania pracy w warunkach szczególnych wskazując, że w okresie od 16.02.1975 r. do 09.03.1970 r. wnioskodawca stale i w pełnym wymiarze czasu pracy wykonywał zawód pakowacza maszynowego wapna i cementu, która ujęta jest w wykazie w części D/XIV poz. 12 pkt 1 stanowiącym załącznik nr 1 zarządzenia nr 16 Ministra Budownictwa i Przemysłu Materiałów Budowlanych z dnia 10.12.1983 r. w sprawie wykazu stanowisk pracy w zakładach nadzorowanych przez Ministra Budownictwa i Przemysłu Materiałów Budowlanych, na których są wykonywane prace w szczególnych warunkach uprawniające do wzrostu emerytury (Dz.U. MBiPMPB nr 8 poz. 43)/</xText>
          <xText>Urząd Wojewódzki w <xAnon>L.</xAnon> wystawił wnioskodawcy świadectwo wykonywania pracy w warunkach szczególnych wskazując, że w okresie od 16.05.1979 r. do 31.07.1992 r. wnioskodawca stale i w pełnym wymiarze czasu pracy wykonywał zawód spawacza, która ujęta jest w wykazie w części D/XIV poz. 12 pkt 1 stanowiącym załącznik nr 1 do zarządzenia nr 16 Ministra Budownictwa i Przemysłu Materiałów Budowlanych z dnia 10.12.1983 r. w sprawie wykazu stanowisk pracy w zakładach pracy nadzorowanych przez Ministra Budownictwa i Przemysłu Materiałów Budowlanych, na których są wykonywane prace w szczególnych warunkach, uprawniające do wzrostu emerytury (Dz.Urz. MB i PMP nr 8 poz. 43).</xText>
          <xText>W dniu 10.11.1983 r. w <xAnon> Cementowni (...)</xAnon> sporządzono protokół, w którym ustalono stanowiska pracy uprawniające do wcześniejszego przejścia na emeryturę oraz wzrostu emerytur i rent inwalidzkich dla pracowników zatrudnionych w szczególnych warunkach lub w szczególnym charakterze. Niniejszy wykaz stanowisk ustalono w oparciu o zarządzenie nr 9 Ministra Budownictwa i Przemysłu Materiałów Budowlanych z dnia 01.08.1983 r. Z kolei w dniu 8.11.1984 r. sporządzone zostało uzupełnienie do protokołu, w którym uzupełniono wykaz stanowisk określonych w protokole z dnia 10.11.1983 r., dotyczącego wykazu A Rozporządzenia Rady Ministrów z dnia 7.02.1983 r.</xText>
          <xText>W okresie od 5.09.1994 r. do 29.04.1995 r., a następnie od 24.10.1995 r. do 30.11.1995 r. wnioskodawca zatrudniony był w pełnym wymiarze czasu pracy w <xAnon> Szkole Podstawowej</xAnon> w <xAnon>I.</xAnon> na stanowisku palacza c.o.</xText>
          <xText>W okresie od 14.06.1996 r. do 24.02.1997 r. wnioskodawca zatrudniony był w <xAnon> Przedsiębiorstwie (...) Sp. z o.o.</xAnon> w <xAnon>B.</xAnon> na stanowisku kamieniarza w pełnym wymiarze czasu pracy.</xText>
          <xText>Przy tak ustalonym stanie faktycznym Sąd Okręgowy Sąd Pracy i Ubezpieczeń Społecznych w Jeleniej Górze wyrokiem z dnia 12.09.2011 r. oddalił odwołanie wnioskodawcy. W uzasadnieniu wskazał, iż odwołanie wnioskodawcy nie zasługiwało na uwzględnienie.</xText>
          <xText>Zgodnie z treścią <xLexLink xArt="art. 184;art. 184 ust. 1" xIsapId="WDU19981621118" xTitle="Ustawa z dnia 17 grudnia 1998 r. o emeryturach i rentach z Funduszu Ubezpieczeń Społecznych" xAddress="Dz. U. z 1998 r. Nr 162, poz. 1118">art. 184 ust. 1 ustawy z dnia 17 grudnia 1998 r. o emeryturach i rentach z Funduszu Ubezpieczeń Społecznych</xLexLink> (Dz.U. 09 nr 153 poz. 1227) ubezpieczonym urodzonym po dniu 31 grudnia 1948 r. przysługuje emerytura po osiągnięciu wieku przewidzianego m.in. w art. 32 (tj. 60 lat dla mężczyzn), o ile ubezpieczeni osiągnęli co najmniej 15 lat okresów zatrudnienia w szczególnych warunkach lub w szczególnym charakterze w rozumieniu art. 32 cyt. ustawy, przy czym przy ustalaniu okresu zatrudnienia w szczególnych warunkach lub w szczególnym charakterze nie uwzględnia się okresów wykonywania pracy, za które pracownik otrzymał po dniu 14.11.1991 r. wynagrodzenie lub świadczenie z ubezpieczenia społecznego w razie choroby i macierzyństwa oraz udokumentowali co najmniej 25-letni okres składkowy i nieskładkowy w przypadku mężczyzn.</xText>
          <xText>W myśl <xLexLink xArt="§ 1" xIsapId="WDU19830080043" xTitle="Rozporządzenie Rady Ministrów z dnia 7 lutego 1983 r. w sprawie wieku emerytalnego oraz wzrostu emerytur i rent inwalidzkich dla pracowników zatrudnionych w szczególnych warunkach lub w szczególnym charakterze" xAddress="Dz. U. z 1983 r. Nr 8, poz. 43">§ 1 rozporządzenia Rady Ministrów z dnia 7.02.1983 r. w sprawie wieku emerytalnego pracowników zatrudnionych w szczególnych warunkach lub w szczególnym charakterze</xLexLink> (Dz.U. z 1983 r. nr 8 poz. 43 ze zm.) a pracownikami wykonującymi prace w szczególnych warunkach lub w szczególnym charakterze, są pracownicy wykonujący prace wymienione w § 4 – 15 oraz w wykazach stanowiących załączniki do rozporządzenia. Zgodnie z § 2 okresami pracy uprawniającymi do świadczeń na zasadach określonych w rozporządzeniu są okresy, w których praca w szczególnych warunkach lub w szczególnym charakterze jest wykonywana stale i w pełnym wymiarze czasu pracy obowiązującym na danym stanowisku pracy. Stosownie natomiast do § 4 w/w rozporządzenia, pracownik, który wykonywał prace w szczególnych warunkach, wymienione w wykazie A, nabywa prawo do emerytury, jeżeli spełnia łącznie następujące warunki: osiągnął wiek emerytalny wynoszący: 55 lat dla kobiet i 60 lat dla mężczyzn oraz ma wymagany okres zatrudnienia, w tym co najmniej 15 lat pracy w szczególnych warunkach.</xText>
          <xText>Zaskarżoną decyzją odmówiono wnioskodawcy prawa do emerytury podając, że nie spełnił on warunku posiadania 15 lat pracy w szczególnych warunkach. Organ rentowy nie uwzględnił wnioskodawcy żadnego okresu zatrudnienia jako pracy w warunkach szczególnych, ponieważ wnioskodawca przedłożył świadectwa wykonywania pracy w warunkach szczególnych wystawione przez Urząd archiwizujący dokumentację osobową, nie zaś przez pracodawcę.</xText>
          <xText>W oparciu o materiał dowodowy sprawy Sąd ustalił i ocenił, że wnioskodawca będąc zatrudniony od 9.03.1970 r. do 16.02.1973 r. oraz od 7.01.1976 r. do 9.05.1975 r. w <xAnon> Cementowni (...)</xAnon> w <xAnon>R.</xAnon> stale i w pełnym wymiarze czasu pracy wykonywał wyłącznie pracę pakowacza maszynowego cementu oraz wapna i była to praca w warunkach szczególnych. Takie ustalenia wynikają z oryginalnych angaży znajdujących się w aktach pracowniczych wnioskodawcy. Nadto w świadectwach pracy również wpisane jest stanowisko pakowacza maszynowego cementu i wapna. Dodatkowo opisane przez świadków i wnioskodawcę warunki pracy w tym zawodzie niewątpliwie potwierdzają, że była to praca w szczególnie uciążliwych warunkach. Pakowanie cementu i wapna polegało bowiem na układaniu pustych worków na wentyle znajdujące się na maszynach. Maszyna była czterowentylowa, obsługiwało ją 4 pracowników. Dwóch pracowników pakowało przez 4 godziny gorący cement, a dwóch pozostałych woziło worki do wagonów wózkami ręcznie. Po 4 godzinach była zmiana. Szkodliwość warunków polegała na pracy w hałasie, zapyleniu, wysokiej temperaturze i dźwiganiu (około 50 kg każdy worek).</xText>
          <xText>Zdaniem Sądu oba w/w okresy należało uwzględnić jako pracę w warunkach szczególnych, ponieważ prace przy produkcji cementu ujęte są w dziale V poz. 14 oraz prace przy produkcji wapna w dziale V poz. 16 wykazu A stanowiącego załącznik do <xLexLink xArt="" xIsapId="WDU19830080043" xTitle="Rozporządzenie Rady Ministrów z dnia 7 lutego 1983 r. w sprawie wieku emerytalnego oraz wzrostu emerytur i rent inwalidzkich dla pracowników zatrudnionych w szczególnych warunkach lub w szczególnym charakterze" xAddress="Dz. U. z 1983 r. Nr 8, poz. 43">rozporządzenia Rady Ministrów z dnia 7.02.1983 r. w sprawie wieku emerytalnego pracowników zatrudnionych w szczególnych warunkach lub w szczególnym charakterze</xLexLink>, wymaganych do uzyskania prawa do emerytury.</xText>
          <xText>Drugi sporny okres zatrudnienia w <xAnon> Cementowni (...)</xAnon> w <xAnon>R.</xAnon>, tj. od 16.05.1979 r. do 31.07.1992 r. dotyczy kilku stanowisk pracy. Szczegółowa analiza dokumentacji pracowniczej pozwoliła na przyjęcie, że w czasie tego zatrudnienia wnioskodawca tylko przez 5 lat, 7 miesięcy i 27 dni wykonywał pracę w warunkach szczególnych. Sąd uznał, że uwzględnieniu podlegają wyłącznie okresy, kiedy to wnioskodawca pracował jako spawacz, tj. od 01.06.1987 r. do 31.05.1988 r., od 01.06.1988 r. do 30.09.1988 r. (konserwatora na odpylaczach - spawacz) oraz od 01.10.1988 r. do 28.02.1989 r. i od 01.09.1989 r. do 31.07.1992 r. Jako spawacz, wnioskodawca pracował na hali produkcyjnej, przy młynach cementowych i wapiennych. Nie świadczył pracy w zakładzie mechanicznym. Pracował w hałasie i zapyleniu. Natomiast odpylacze to były urządzenia służące do wyłapywania kurzu. Pełniąc obowiązki konserwatora odpylaczy, wnioskodawca utrzymywał ruch maszyny odpylającej. Odpylacz mieścił się na młynach, na pakowni, suszarni, zbiornikach silosów, kompresorach i na wagach. Przy odpylaczach wnioskodawca wykonywał czynności spawalnicze.</xText>
          <xText>Sąd zważył, że praca spawacza jest wymieniona w dziale XIV poz. 12 wykazu A stanowiącego załącznik do <xLexLink xArt="" xIsapId="WDU19830080043" xTitle="Rozporządzenie Rady Ministrów z dnia 7 lutego 1983 r. w sprawie wieku emerytalnego oraz wzrostu emerytur i rent inwalidzkich dla pracowników zatrudnionych w szczególnych warunkach lub w szczególnym charakterze" xAddress="Dz. U. z 1983 r. Nr 8, poz. 43">rozporządzenia Rady Ministrów z dnia 07.02.1983 r. w sprawie wieku emerytalnego pracowników zatrudnionych w szczególnych warunkach lub w szczególnym charakterze</xLexLink>, wymaganych do uzyskania prawa do emerytury, dlatego łączne okresy od 01.06.1987 r. 31.05.1988 r., od 01.06.1988 r. do 30.09.1988 r. oraz od 01.10.1988 r. do 28.02.1989 r. i od 01.09.1989 r. do 31.07.1992 r. należy uznać za prace w warunkach szczególnych.</xText>
          <xText>Z kolei od 16.05.1979 r. do 31.07.1984 r., od 01.08.1984 r. do 31.05.1987 r. i od 01.03.1989 r. do 31.08.1989 r. wnioskodawca będąc zatrudniony w <xAnon> Cementowni (...)</xAnon> wykonywał pracę ślusarza remontowego. Zdaniem Sądu brak było podstaw do uwzględnienia tych okresów zatrudnienia jako pracy w warunkach szczególnych, bowiem w/w stanowisko nie zostało wymienione w wykazie A stanowiącego załącznik do cyt. rozporządzenia. Sąd nie zgodził się ze stanowiskiem pełnomocnika wnioskodawcy, który w czasie rozprawy sądowej w dniu 12.09.2011 r. stanął na stanowisku, że ze względu na to, iż z pisma <xAnon> Cementowni</xAnon> z dnia 06.12.1983 r. oraz załączonego protokołu wynika, że ślusarz remontowy był wymieniony w protokole, to wnioskodawca mógł przyjąć angaże na stanowisku ślusarza równoznacznie ze stanowiskiem spawacza (k. 26 akt sprawy). Sąd podkreśla, że w sprawie o sygn. akt VII U 1591/05 <xAnon>A. T.</xAnon>, wnioskodawca występując w charakterze świadka zeznał, że będąc zatrudniony w <xAnon> Cementowni (...)</xAnon> wykonywał zawód spawacza-ślusarza. W obecnym postępowaniu nie potrafił wytłumaczyć, dlaczego wówczas tak zeznał. Odnosząc się do samego protokołu, należy wskazać, iż dokument ten obowiązujący w obrębie <xAnon> Cementowni (...)</xAnon> nie stanowi samodzielnej podstawy prawnej na podstawie której możliwym jest określenie, czy dane stanowisko jest zaliczane do warunków szczególnych. Taki protokół ma jedynie charakter informacyjny, techniczno-porządkujący i uściślający w zakresie wewnętrznego funkcjonowania danego zakładu pracy. Brak zatem jest jakichkolwiek podstaw do uwzględnienia okresów wykonywania pracy na stanowisku ślusarza remontowego, skoro ten zawód nie jest wymieniony w wykazie A Dział V oraz Dział XIV, stanowiącym załącznik do <xLexLink xArt="" xIsapId="WDU19830080043" xTitle="Rozporządzenie Rady Ministrów z dnia 7 lutego 1983 r. w sprawie wieku emerytalnego oraz wzrostu emerytur i rent inwalidzkich dla pracowników zatrudnionych w szczególnych warunkach lub w szczególnym charakterze" xAddress="Dz. U. z 1983 r. Nr 8, poz. 43">rozporządzenia Rady Ministrów z dnia 07.02.1983 r. w sprawie wieku emerytalnego pracowników zatrudnionych w szczególnych warunkach lub w szczególnym charakterze</xLexLink>, wymaganych do uzyskania prawa do emerytury. Stanowisko ślusarza remontowego nie jest również wymienione w Wykazie A dział V poz. 14 wykazu Zarządzenia nr 9 z dnia 01.08.1983 r. w sprawie wykazu stanowisk pracy w zakładach pracy nadzorowanych przez Ministra Budownictwa i Przemysłu Materiałów Budowlanych (D. Urz. Nr 3 Ministerstwa Budownictwa i Przemysłu Materiałów Budowlanych z dnia 06.12.1983 r.). Przepisy prawne normujące kwestię ustalania prawa do wcześniejszej emerytury nie odsyłają do wykazów obowiązujących wewnątrz danego zakładu pracy. Obowiązuje ustalony dla wszystkich pracowników zatrudnionych w szczególnych warunkach wykaz poszczególnych stanowisk.</xText>
          <xText>Na marginesie należało zaznaczyć, że zaliczenie okresów pracy na stanowisku palacza c.o. od 05.09.1994 r. do 29.04.1995 r., a następnie od 24.10.1995 r. do 30.11.1995 r. w <xAnon> Szkole Podstawowej</xAnon> w <xAnon>I.</xAnon> do pracy wykonywanej w szczególnych warunkach nie wpłynęłoby w żaden sposób na zmianę zaskarżonej decyzji. Ponadto również praca w zakładzie kamieniarskim od 14.06.1996 r. do 24.02.1997 r. była zbyt krótkim okresem, którego uwzględnienie nie skutkowałoby przyznaniem prawa do spornego świadczenia.</xText>
          <xText>Mając powyższe na uwadze Sąd zważył, że na wymagane co najmniej 15 lat pracy w warunkach szczególnych, wnioskodawca udowodnił zaledwie 9 lat 11 miesięcy i 6 dni, co oznacza, iż nie spełnił łącznie wszystkich warunków określonych przepisami <xLexLink xArt="art. 184" xIsapId="WDU19981621118" xTitle="Ustawa z dnia 17 grudnia 1998 r. o emeryturach i rentach z Funduszu Ubezpieczeń Społecznych" xAddress="Dz. U. z 1998 r. Nr 162, poz. 1118">art. 184, ustawy o emeryturach i rentach z Funduszu Ubezpieczeń Społecznych</xLexLink>.</xText>
          <xText>Apelację od powyższego wyroku wywiódł wnioskodawca <xAnon>J. K.</xAnon>, w której zaskarżając wyrok w całości zarzucił mu niezgodność ustaleń faktycznych z oceną dokonaną przez Sąd, a w szczególności:</xText>
          <xUnit xIsTitle="false" xType="none">
            <xName xSffx=")">a</xName>
            <xText>przyjęcie, iż wnioskodawca wykonując prace na stanowisku ślusarza remontowego wykonywał ją w warunkach innych niż spawacza co skutkowało uznaniem, że nie była to praca w warunkach szczególnych,</xText>
          </xUnit>
          <xUnit xIsTitle="false" xType="none">
            <xName xSffx=")">b</xName>
            <xText>przyjęcie, że fakt umieszczenia stanowiska ślusarza remontowego w protokole wewnątrzakładowym jako pracy w szczególnych warunkach i pominięcia tego stanowiska w wykazie A Dział V oraz Dział XIV stanowiącym załacznik do Rozporządzenia Rady Ministrów z dnia 7.02.1983 r. w sprawie wieku emerytalnego pracowników zatrudnionych w szczególnych warunkach... oraz w cytowanym Zarządzeniu nr 9 z dnia 1.08.1983 r. w sprawie wykazu stanowisk pracy w zakładach pracy nadzorowanych przez Ministra Budownictwa i Przemysłu Materiałów Budowlanych z dnia 6.12.1983 r. nie pozwalają na uznanie pracy wnioskodawcy na tym stanowisku za prace w szczególnych warunkach mimo faktycznego jej wykonywania w takich warunkach,</xText>
          </xUnit>
          <xUnit xIsTitle="false" xType="none">
            <xName xSffx=")">c</xName>
            <xText>niezaliczenie pracy na stanowisku palacza do wykonywanej w szczególnych warunkach,</xText>
          </xUnit>
          <xUnit xIsTitle="false" xType="none">
            <xName xSffx=")">d</xName>
            <xText>przerzucenie na wnioskodawcę skutków błędnego zapisu pracy na stanowisku ślusarza remontowego mimo, iż w okresie wykonywania tej pracy zgodnie z obowiązującym Protokołem wewnątrzakładowym praca ta była uznawana za wykonywaną w szczególnych warunkach, o czym zapewniał pracodawca, uznający jej skutki za tożsame z pracą spawacza, co skutkowało brakiem wniosków o sprostowanie umów o pracę i świadectw pracy.</xText>
          </xUnit>
          <xText>Wnioskodawca podniósł również zarzut naruszenia prawa procesowego, a w szczególności:</xText>
          <xUnit xIsTitle="false" xType="none">
            <xName xSffx=")">a</xName>
            <xUnit xIsTitle="false" xType="none">
              <xName xSffx=")">a</xName>
              <xText><xLexLink xArt="art. 233;art. 233 § 1" xIsapId="WDU19640430296" xTitle="Ustawa z dnia 17 listopada 1964 r. - Kodeks postępowania cywilnego" xAddress="Dz. U. z 1964 r. Nr 43, poz. 296">art. 233 § 1 kpc</xLexLink> poprzez przekroczenie granic swobodnej oceny dowodów polegających na pominięciu istotnych dowodów z przesłuchania wniosodawcy i świadka w sprawie z których jednoznacznie wynikało, iż praca wnioskodawcy na stanowisku spawacza i ślusarza remontowego była wykonywana w takich samych szczególnych warunkach – zapyleniu i hałasie,</xText>
            </xUnit>
            <xUnit xIsTitle="false" xType="none">
              <xName xSffx=")">b</xName>
              <xText><xLexLink xArt="art. 328;art. 328 § 2" xIsapId="WDU19640430296" xTitle="Ustawa z dnia 17 listopada 1964 r. - Kodeks postępowania cywilnego" xAddress="Dz. U. z 1964 r. Nr 43, poz. 296">art. 328 § 2 kpc</xLexLink> – poprzez niewskazanie w uzasadnieniu wyroku przyczyn dla których Sąd I instancji odmówił wiarygodności zeznaniom wnioskodawcy, iż jego praca na stanowisku ślusarza remontowego nie była wykonywana w szczególnych warunkach bowiem była wymieniona jako taka tylko w Protokole wewnątrzzakładowym</xText>
            </xUnit>
          </xUnit>
          <xText>i wskazując na powyższe wnosił o zmianę zaskarżonego wyroku poprzez przyjęcie, iż wnioskodawca będąc zatrudnionym w <xAnon> Cementowni</xAnon><xAnon>(...)</xAnon> w <xAnon>R.</xAnon> w okresie od 16.05.1979 r. do 31.07.1984 r., od 1.08.1984 r. do 31.05.1987 r. i od 1.03.1989 r. do 31.08.1989 r. na stanowisku remontowego był zatrudnionym przy pracy w warunkach szczególnych bowiem stanowisko to było wymienione w protokole stanowisk obowiązujących w obrębie <xAnon> Cementowni</xAnon><xAnon>(...)</xAnon> a warunki pracy były takie same jak na stanowisku spawacza, ewentualnie uchylenie zaskarżonego wyroku i przekazanie sprawy do ponownego rozpoznania, zasądzenie od pozwanej na rzecz wnioskodawcy kosztów postępowania wraz z kosztami zastępstwa prawnego wg norm przepisanych.</xText>
          <xText>
            <xBx>
              <xIx>Sąd Apelacyjny zważył co następuje:</xIx>
            </xBx>
          </xText>
          <xText>Apelacja wnioskodawcy ni zasługuje na uwzględnienie.</xText>
          <xText>Zdaniem Sądu Apelacyjnego Sąd I instancji przeprowadził szczegółowe postępowanie dowodowe, po czym właściwie, w sposób wszechstronny, ocenił zebrany w sprawie materiał dowodowy, nie naruszając granic swobodnej oceny dowodów – <xLexLink xArt="art. 233;art. 233 § 1" xIsapId="WDU19640430296" xTitle="Ustawa z dnia 17 listopada 1964 r. - Kodeks postępowania cywilnego" xAddress="Dz. U. z 1964 r. Nr 43, poz. 296">art. 233 § 1 kpc</xLexLink>.</xText>
          <xText>Zgodnie z <xLexLink xArt="art. 184;art. 184 ust. 1" xIsapId="WDU19981621118" xTitle="Ustawa z dnia 17 grudnia 1998 r. o emeryturach i rentach z Funduszu Ubezpieczeń Społecznych" xAddress="Dz. U. z 1998 r. Nr 162, poz. 1118">art. 184 ust. 1 ustawy z dnia 17 grudnia 1998 r. o emeryturach i rentach z Funduszu Ubezpieczeń Społecznych</xLexLink> (tekst jedn. z 2009 r., nr 53 <xLexLink xArt="art. 40 poz. 1227" xIsapId="WDU19981621118" xTitle="Ustawa z dnia 17 grudnia 1998 r. o emeryturach i rentach z Funduszu Ubezpieczeń Społecznych" xAddress="Dz. U. z 1998 r. Nr 162, poz. 1118">poz. 1227</xLexLink> ze zm.) ubezpieczonym urodzonym po dniu 31 grudnia 1948 r. przysługuje emerytura po osiągnięciu wieku przewidzianego w art. 32, 33, 39 i 40, jeżeli w dniu wejścia w życie ustawy osiągnęli:</xText>
          <xUnit xIsTitle="false" xType="none">
            <xName xSffx=")">1</xName>
            <xText>okres zatrudnienia w szczególnych warunkach lub w szczególnym charakterze wymaganym w przepisach dotychczasowych do nabycia prawa do emerytury w wieku niższym niż 60 lat – dla kobiet i 65 lat – dla mężczyzn oraz</xText>
          </xUnit>
          <xUnit xIsTitle="false" xType="none">
            <xName xSffx=")">2</xName>
            <xText>okres składkowy i nieskładkowy, o którym mowa w art. 27.</xText>
          </xUnit>
          <xText>Emerytura, o której mowa w ust. 1 przysługuje pod warunkiem nieprzystąpienia do otwartego funduszu emerytalnego albo złożenia wniosku o przekazanie środków zgromadzonych na rachunku w otwartym funduszu emerytalnym, za pośrednictwem <xAnon> Zakładu</xAnon>, na dochody budżetu państwa oraz rozwiązania stosunku pracy – w przypadku ubezpieczonego będącego pracownikiem (ust. 2).</xText>
          <xText>Warunkiem uzyskania przez ubezpieczonego prawa do emerytury w oparciu o art. 32 ust. 1 powołanej ustawy w związku z <xLexLink xArt="§ 4;§ 4 ust. 1" xIsapId="WDU19830080043" xTitle="Rozporządzenie Rady Ministrów z dnia 7 lutego 1983 r. w sprawie wieku emerytalnego oraz wzrostu emerytur i rent inwalidzkich dla pracowników zatrudnionych w szczególnych warunkach lub w szczególnym charakterze" xAddress="Dz. U. z 1983 r. Nr 8, poz. 43">§ 4 ust. 1 rozporządzenia Rady Ministrów z dnia 7 lutego 1983 r. w sprawie wieku emerytalnego pracowników zatrudnionych w szczególnych warunkach lub w szczególnym charakterze</xLexLink> (Dz.U. 8 poz. 43) jest wykazanie, iż spełnia on nastepujące warunki: osiągnął wiek emerytalny wynoszący 55 lat dla kobiety i 60 lat dla mężczyzny i ma wymagany okres zatrudnienia, w tym co najmniej 15 lat pracy w szczególnych warunkach wymienionej w Wykazie, stanowiącym załącznik do powołanego rozporządzenia. Praca w szczególnych warunkach musi być wykonywana stale i w pełnym wymiarze czasu pracy.</xText>
          <xText>Spór w niniejszej sprawie dotyczył wykazania przez wnioskodawcę wymaganego powołanym przepisem stażu pracy w warunkach szczególnych. Organ rentowy odmówił uznania za pracę w warunkach szczególnych okresu pracy wnioskodawcy w <xAnon> Cementowni</xAnon><xAnon>(...)</xAnon> na stanowisku ślusarza remontowego i ślusarza spawacza.</xText>
          <xText>Sąd Okręgowy w oparciu o zebrany w sprawie materiał dowodowy, w szczególności zeznania dwóch świadków oraz załączone akta osobowe wnioskodawcy nie uznał spornego okresu za okres pracy w szczególnych warunkach, tj. pracy ślusarza remontowego.</xText>
          <xText>Nietrafnie kwestionuje wnioskodawca stanowisko Sądu Okręgowego.</xText>
          <xText>Zgodnie z dyspozycją § 1 Rozporządzenia Rady Ministrów z dnia 7 lutego 1983 r. rozporządzenie to stosuje sie do osób wykonujących pracę w szczególnych warunkach lub szczególnym charakterze, wymienione w rozporządzeniu oraz w wykazach stanowiących załącznik do rozporządzenia, będących pracownikami.</xText>
          <xText>W ocenie Sądu Apelacyjnego zebrany w sprawie materiał dowodowy nie pozwala na jednoznaczne ustalenie, iż wnioskodawca w spornym okresie pracy w <xAnon> Cementowni</xAnon> “<xAnon>P.</xAnon>” w <xAnon>R.</xAnon> wykonywał prace spawacza będąc zatrudnionym w charakterze pracownika na stanowisku ślusarza remontowego i spawacza.</xText>
          <xText>Niewątpliwie wnioskodawca na wymienionych stanowiskach był zatrudniony w <xAnon> Cementowni</xAnon> “<xAnon>P.</xAnon>” na podstawie umowy o pracę w latach 70-tych jako pakowacz cementu. Wynika to wprost ze znajdującej się w aktach rentowych dokumentacji. Ten okres trafnie zatem został uznany przez Sąd I instancji za okres pracy w warunkach szczególnych, czego nie kwestionuje organ rentowy w apelacji.</xText>
          <xText>Wnioskodawca w toku procesu nie wykazał natomiast, iż także w okresie późniejszym, po ponownym zatrudnieniu, tj. od 1979 r. wykonywał tego rodzaju pracę w ramach stosunku pracy.</xText>
          <xText>Zebrany w sprawie materiał dowodowy wskazuje, że od 31.05.1979 r. do 31 lipca 1992 r. wnioskodawca pozostawał w stosunku pracy, ale wykonywał prace głównie ślusarza remontowego, a jedynie przez 4 lata i 8 miesięcy wykonywał prace spawacza, co łącznie z okresem zatrudnienia na stanowisku pakowacza cementu nie daje podstawy do przyjęcia, iż wnioskodawca wykazał się zatrudnieniem w warunkach szczególnych przez wymagany przepisami okres 15 lat.</xText>
          <xText>W ocenie Sądu Apelacyjnego Sąd I instancji dokonał w pełni prawidłowej oceny zgromadzonego w sprawie materiału dowodowego, ustalając iż wnioskodawca nie wykonywał stale i w pełnym wymiarze przez okres co najmniej 15 lat pracy w szczególnych warunkach, a co za tym idzie, brak było podstaw do zmiany decyzji pozwanego organu rentowego i stanowisko to Sąd Apelacyjny w pełni podziela.</xText>
          <xText>Natomiast z przyczyn wyżej wskazanych Sąd Apelacyjny nie akceptuje zarzutów apelacji co do nieprawidłowości oceny materiału dowodowego stanowiącego podstawę ustaleń Sądu I instancji. Zarzuty te w kontekście zgromadzonego materiału dowodowego i obowiązującego prawa jako indywidualne odczucie wnioskodawcy, nie mogą stanowić podstawy wystarczającej do uwzględnienia apelacji wnioskodawcy.</xText>
          <xText>Z wymienionych względów Sąd Apelacyjny na mocy <xLexLink xArt="art. 385" xIsapId="WDU19640430296" xTitle="Ustawa z dnia 17 listopada 1964 r. - Kodeks postępowania cywilnego" xAddress="Dz. U. z 1964 r. Nr 43, poz. 296">art. 385 kpc</xLexLink> orzekł jak w sentencji.</xText>
          <xText>R.S.</xText>
        </xUnit>
      </xBlock>
    </xPart>
  </judgement>
<judgement id="155000000001521_III_AUa_001703_2011_Uz_2012-02-23_001">
    <xPart xEditorFullName="Teresa Kudanowska-Giedrojć " xYear="2011" xLang="PL" xPublisherFullName="Teresa Kudanowska-Giedrojć " xFromPg="1" xEditor="tgiedrojc" xVolType="15/500000/0001521/AUa" xPublisher="tgiedrojc" xDocType="Uz" xVolNmbr="001703" xVersion="1.0" xToPage="4" xFlag="published">
      <xName>Wyrok+Uzasadnienie</xName>
      <xBlock>
        <xText>Sygn. akt III AUa 1703/11</xText>
        
        <xUnit xIsTitle="true" xType="part" xBold="true">
          <xName>WYROK</xName>
          <xTitle>W IMIENIU RZECZYPOSPOLITEJ POLSKIEJ</xTitle>
          <xText xALIGNx="right">Dnia 23 lutego 2012 r.</xText>
          
          <xText>Sąd Apelacyjny we Wrocławiu Wydział III</xText>
          <xText>Sąd Pracy i Ubezpieczeń Społecznych</xText>
          <xText>w składzie:</xText>
          <xRows>
            <xRow>
              <xClmn xALIGNx="left" xVALIGNx="middle">
                <xText>Przewodniczący:</xText>
              </xClmn>
              <xClmn xALIGNx="left" xVALIGNx="middle">
                <xText>SSA Jacek Witkowski</xText>
              </xClmn>
            </xRow>
            <xRow>
              <xClmn xALIGNx="left" xVALIGNx="top">
                <xText>Sędziowie:</xText>
              </xClmn>
              <xClmn xALIGNx="left" xVALIGNx="middle">
                <xText>SSA Elżbieta Kunecka</xText>
                <xText>SSA Jarosław Błaszczak (spr.)</xText>
              </xClmn>
            </xRow>
            <xRow>
              <xClmn xALIGNx="left" xVALIGNx="middle">
                <xText>Protokolant:</xText>
              </xClmn>
              <xClmn xALIGNx="left" xVALIGNx="middle">
                <xText>Karolina Sycz</xText>
              </xClmn>
            </xRow>
          </xRows>
          <xText>po rozpoznaniu w dniu 23 lutego 2012 r. we Wrocławiu</xText>
          <xText>sprawy z wniosku <xAnon>S. S.</xAnon></xText>
          <xText>przeciwko  Zakładowi Ubezpieczeń Społecznych <xAnon> Oddział</xAnon> we <xAnon>W.</xAnon></xText>
          <xText>o emeryturę</xText>
          <xText>na skutek apelacji <xAnon>S. S.</xAnon></xText>
          <xText>od wyroku Sądu Okręgowego Sądu Pracy i Ubezpieczeń Społecznych we Wrocławiu</xText>
          <xText>z dnia 4 listopada 2011 r. sygn. akt IX U 1670/11</xText>
          <xText>oddala apelację.</xText>
        </xUnit>
        <xUnit xIsTitle="true" xType="part" xBold="true">
          <xName>UZASADNIENIE</xName>
          <xText>Wyrokiem z dnia 4 lipca 2011 r. Sąd Okręgowy we Wrocławiu oddalił odwołanie <xAnon>S. S.</xAnon> od decyzji Zakładu Ubezpieczeń Społecznych <xAnon> Oddział</xAnon> we <xAnon>W.</xAnon> z dnia 2 sierpnia 2011 r. odmówił wnioskodawcy przyznania prawa do emerytury.</xText>
          <xText>Rozstrzygnięcie to Sąd oparł o następująco ustalony stan faktyczny:</xText>
          <xText><xAnon>S. S.</xAnon>, urodzony 19 czerwca 1952 r., pracował w następujących okresach:</xText>
          <xEnum>
            <xBullet>-</xBullet>
            <xEnumElem>
              <xText>od 2 września 1968r. do 30 kwietnia 1980r. w <xAnon> zakładzie (...)</xAnon><xAnon>K. K.</xAnon> na stanowisku mistrza ślusarskiego - lakiernika,</xText>
            </xEnumElem>
            <xEnumElem>
              <xText>w okresie od 2 grudnia 1982 r. do 31 grudnia 1984 r. w <xAnon> (...)</xAnon><xAnon>W.</xAnon> na stanowisku operatora urządzeń prostarki, ciągarki i rozciągarki,</xText>
            </xEnumElem>
          </xEnum>
          <xText>Począwszy od 2 stycznia 1985 r. <xAnon>S. S.</xAnon> pracuje w <xAnon> zakładzie (...) Sp. z o.o.</xAnon> na stanowisku ślusarza.</xText>
          <xText>Łączny staż ubezpieczeniowy <xAnon>S. S.</xAnon> na dzień 1 stycznia 1999 r. wynosi 30 lat, 3 miesiące i 19 dni, w tym okres składkowy wynosi 29 lat i 9 miesięcy, a okres nieskładkowy 6 miesięcy i 19 dni.</xText>
          <xText>W dniu 17 czerwca 2011 r. <xAnon>S. S.</xAnon> złożył wniosek o emeryturę.</xText>
          <xText>Zaskarżoną decyzją z dnia 2 sierpnia 2011 r. Zakład Ubezpieczeń Społecznych <xAnon> Oddział</xAnon> we <xAnon>W.</xAnon> odmówił wnioskodawcy prawa do emerytury, podając, że nie osiągnął wieku emerytalnego, nie rozwiązał stosunku pracy, a także nie udowodnił, aby na dzień 1 stycznia 1999 r. posiadał wymagany 15-letni okres pracy w szczególnych warunkach, wykonywanej stale i w pełnym wymiarze czasu pracy.</xText>
          <xText>W tak ustalonym stanie faktycznym Sąd Okręgowy uznał odwołanie za nieuzasadnione. Wnioskodawca nie spełnia warunków do przyznania prawa do przyznania emerytury z tytułu zatrudnienia w szczególnych warunkach, ponieważ na dzień wydania zaskarżonej decyzji nie ukończył 60 lat i nadal pozostaje w zatrudnieniu. Zaskarżona decyzja jest zatem prawidłowa.</xText>
          <xText>Apelację od wyroku Sądu Okręgowego złożył wnioskodawca, zarzucając nierozpoznanie istoty sprawy przez pominiecie, iż w okresie od 2 września 1968 r. do 30 kwietnia 1980 r. wnioskodawca pracował w Zakładzie <xAnon>(...)</xAnon><xAnon>K. K.</xAnon> w warunkach szczególnych, oraz całkowite pominięcie okresu zatrudnienia wnioskodawcy w <xAnon> Wojewódzkiej Spółdzielni (...)</xAnon> od 1 maja 1980r. do 18 listopada 1982r. na stanowisku pracownika agenta - sprzedawcy.</xText>
          <xText>Wskazując na powyższe zarzuty skarżący wniósł o uchylenie zaskarżonego wyroku i przekazanie sprawy do ponownego rozpoznania Sądowi Okręgowemu.</xText>
          <xText>
            <xBx>Sad Apelacyjny zważył:</xBx>
          </xText>
          <xText>Apelacja wnioskodawcy jest bezzasadna.</xText>
          <xText>Wnioskodawca urodził się 19 czerwca 1952 r.</xText>
          <xText>Zgodnie z <xLexLink xArt="art. 184;art. 184 ust. 1" xIsapId="WDU19981621118" xTitle="Ustawa z dnia 17 grudnia 1998 r. o emeryturach i rentach z Funduszu Ubezpieczeń Społecznych" xAddress="Dz. U. z 1998 r. Nr 162, poz. 1118">art. 184 ust. 1 ustawy z dnia 17 grudnia 1998 r. o emeryturach i rentach z Funduszu Ubezpieczeń Społecznych</xLexLink> (tekst. jedn. Z 2009 r. Nr 153, <xLexLink xArt="art. 40 poz. 1227" xIsapId="WDU19981621118" xTitle="Ustawa z dnia 17 grudnia 1998 r. o emeryturach i rentach z Funduszu Ubezpieczeń Społecznych" xAddress="Dz. U. z 1998 r. Nr 162, poz. 1118">poz. 1227</xLexLink> ze zm.) ubezpieczonym urodzonym po dniu 31 grudnia 1948 r. przysługuje emerytura po osiągnięciu wieku przewidzianego w art. 32, 33, 39 i 40, jeżeli w dniu wejścia w życie ustawy osiągnęli:</xText>
          <xEnum>
            <xBullet>1</xBullet>
            <xEnumElem>
              <xUnit xIsTitle="false" xType="none">
                <xName xSffx=")">1</xName>
                <xText>okres zatrudnienia w szczególnych warunkach lub w szczególnym charakterze wymaganym w przepisach dotychczasowych do nabycia prawa do emerytury w wieku niższym niż 60 lat - dla kobiet i 65 lat - dla mężczyzn oraz</xText>
              </xUnit>
              <xUnit xIsTitle="false" xType="none">
                <xName xSffx=")">2</xName>
                <xText>okres składkowy i nieskładkowy, o którym mowa w art. 27.</xText>
              </xUnit>
            </xEnumElem>
          </xEnum>
          <xText>Emerytura, o której mowa w ust. 1, przysługuje pod warunkiem nieprzystąpienia do otwartego funduszu emerytalnego albo złożenia wniosku o przekazanie środków zgromadzonych na rachunku w otwartym funduszu emerytalnym, za pośrednictwem <xAnon> Zakładu</xAnon>, na dochody budżetu państwa oraz rozwiązania stosunku pracy - w przypadku ubezpieczonego będącego pracownikiem (ust. 2).</xText>
          <xText>Wnioskodawca swoje roszczenie wywodził z treści art. 32 ustawy o emeryturach i rentach z FUS.</xText>
          <xText>Warunkiem uzyskania przez ubezpieczonego prawa do emerytury w oparciu o art. 32 ust. 1 powołanej ustawy w związku z <xLexLink xArt="§ 4;§ 4 ust. 1" xIsapId="WDU19830080043" xTitle="Rozporządzenie Rady Ministrów z dnia 7 lutego 1983 r. w sprawie wieku emerytalnego oraz wzrostu emerytur i rent inwalidzkich dla pracowników zatrudnionych w szczególnych warunkach lub w szczególnym charakterze" xAddress="Dz. U. z 1983 r. Nr 8, poz. 43">§ 4 ust. 1 rozporządzenia Rady Ministrów z dnia 7 lutego 1983 r. w sprawie wieku emerytalnego pracowników zatrudnionych w szczególnych warunkach lub w szczególnym charakterze</xLexLink> (Dz.U. 8, poz. 43) jest wykazanie, iż spełnia on następujące warunki: osiągnął wiek emerytalny wynoszący 55 lat dla kobiety i 60 lat dla mężczyzny i ma wymagany okres zatrudnienia, w tym co najmniej 15 lat pracy w szczególnych warunkach wymienionej w Wykazie A, stanowiącym załącznik do powołanego rozporządzenia. Praca w szczególnych warunkach musi być wykonywana stale i w pełnym wymiarze czasu pracy.</xText>
          <xText>Z cytowanych przepisów wynika zatem, że wszystkie przesłanki warunkujące przyznanie prawa do wcześniejszej emerytury ze względu na pracę w warunkach szczególnych muszą być spełnione łącznie, a niespełnienie którejkolwiek z nich wyłącza możliwość przyznania prawa do tego świadczenia.</xText>
          <xText>Bezspornym w sprawie było, że wnioskodawca posiada wymagany okres składkowy i nieskładkowy w wymiarze 30 lat, 3 miesiące i 19 dni. Jednocześnie zostało wykazane, że wnioskodawca na dzień złożenia wniosku o prawo do świadczenia emerytalnego, jak również w dniu wydania decyzji przez organ rentowy - tj. w dniu 2 sierpnia 2011 r. - nie ukończył 60 roku życia, oraz pozostawał w stosunku pracy. Stosunek pracy nie został przez wnioskodawcę rozwiązany do chwili obecnej.</xText>
          <xText>Oznacza to, że wnioskodawca nie spełnił wszystkich przesłanek określonych w <xLexLink xArt="art. 184" xIsapId="WDU19981621118" xTitle="Ustawa z dnia 17 grudnia 1998 r. o emeryturach i rentach z Funduszu Ubezpieczeń Społecznych" xAddress="Dz. U. z 1998 r. Nr 162, poz. 1118">art. 184 ustawy o emeryturach i rentach z Funduszu Ubezpieczeń Społecznych</xLexLink>, warunkujących przyznanie prawa do emerytury. Jednym z warunków uzyskania prawa do emerytury na podstawie powołanego przepisu jest bowiem osiągnięcie wskazanego wieku emerytalnego oraz rozwiązanie przez ubiegającego się o prawo do świadczenia stosunku pracy.</xText>
          <xText>Skoro na dzień wydania decyzji wnioskodawca nie spełniał wszystkich przesłanek do uzyskania prawa do emerytury, zasadnie organ rentowy odmówił przyznania prawa do świadczenia. Zaskarżona decyzja, jaka prawidłowa, nie może zostać zmieniona.</xText>
          <xText>W tej sytuacji trafnie Sąd Okręgowy uznał, że bezprzedmiotowe stało się badanie spełnienia przez wnioskodawcę pozostałych przesłanek niezbędnych do uzyskania prawa do emerytury. Jak już wyżej wspomniano przesłanki nabycia prawa do świadczenia emerytalnego z tytułu pracy w warunkach szczególnych muszą być spełnione łącznie, a ustalenie w niniejszym postępowaniu, iż wnioskodawca legitymuje się wymaganym stażem pracy w warunkach szczególnych nie będzie wiązało ani organu rentowego w przypadku złożenia przez wnioskodawcę kolejnego wniosku o przyznanie świadczenia emerytalnego ani też Sądu Okręgowego w postępowaniu odwoławczym w przypadku niekorzystnej dla wnioskodawcy decyzji organu rentowego. Mając powyższe na uwadze Sąd Apelacyjny oddalił apelację na mocy <xLexLink xArt="art. 385" xIsapId="WDU19640430296" xTitle="Ustawa z dnia 17 listopada 1964 r. - Kodeks postępowania cywilnego" xAddress="Dz. U. z 1964 r. Nr 43, poz. 296">art. 385 kpc</xLexLink>.</xText>
          <xText>R.S.</xText>
        </xUnit>
      </xBlock>
    </xPart>
  </judgement>
<judgement id="154505000005127_XVII_AmC_005600_2011_Uz_2012-02-24_001">
    <xPart xEditorFullName="Wioleta Żochowska" xYear="2011" xLang="PL" xPublisherFullName="Beata Sierpińska" xFromPg="1" xEditor="wzochowska" xVolType="15/450500/0005127/AmC" xPublisher="bsierpinska" xDocType="Uz" xVolNmbr="005600" xVersion="1.0" xToPage="2" xFlag="published">
      <xName>Wyrok</xName>
      <xBlock>
        <xText>Sygn. akt XVII AmC 5600/11</xText>
        
        <xUnit xIsTitle="true" xType="part" xBold="true">
          <xName>WYROK</xName>
          <xTitle>W IMIENIU RZECZYPOSPOLITEJ POLSKIEJ</xTitle>
          <xText xALIGNx="right"> Dnia 24 lutego 2012 roku</xText>
          
          <xText>Sąd Okręgowy w Warszawie - Sąd Ochrony Konkurencji i Konsumentów</xText>
          <xText>w składzie:</xText>
          <xText>Przewodniczący: SSO Magdalena Sajur-Kordula</xText>
          <xText>po rozpoznaniu w dniu 24 lutego 2012 roku w Warszawie</xText>
          <xText>na posiedzeniu niejawnym</xText>
          <xText>sprawy z powództwa <xAnon>(...)</xAnon> Stowarzyszenia <xAnon>(...)</xAnon> w <xAnon>W.</xAnon></xText>
          <xText>przeciwko <xAnon>N. S.</xAnon> i <xAnon>J. S.</xAnon> prowadzącym działalność gospodarczą pod <xAnon> firmą (...) s.c.</xAnon> w <xAnon>B.</xAnon></xText>
          <xText>o uznanie postanowienia wzorca umowy za niedozwolone</xText>
          <xText><xBx>I.</xBx> uznaje za niedozwolone i zakazuje <xAnon>N. S.</xAnon> i <xAnon>J. S.</xAnon> prowadzącym działalność gospodarczą pod <xAnon> firmą (...) s.c.</xAnon> w <xAnon>B.</xAnon> wykorzystywania w umowach z konsumentami postanowienia wzorca umowy o treści:</xText>
          <xText><xIx>
      „W żadnym wypadku Operator nie ponosi odpowiedzialności za jakiekolwiek szkody poniesione bezpośrednio lub pośrednio przez Abonenta, lub osoby trzecie, będące następstwem korzystania lub niemożności korzystania z usług Operatora przez Abonenta (…).”</xIx>;</xText>
          <xText><xBx>
    
    
      II.</xBx> zasądza solidarnie od <xAnon>N. S.</xAnon> i <xAnon>J. S.</xAnon> prowadzących działalność gospodarczą pod <xAnon> firmą (...) s.c.</xAnon> w <xAnon>B.</xAnon> na rzecz <xAnon>(...)</xAnon> Stowarzyszenia <xAnon>(...)</xAnon> w <xAnon>W.</xAnon> kwotę 360 (trzysta sześćdziesiąt) złotych tytułem zwrotu kosztów procesu;</xText>
          <xText><xBx>III.</xBx> nakazuje pobrać solidarnie od <xAnon>N. S.</xAnon> i <xAnon>J. S.</xAnon> prowadzących działalność gospodarczą pod <xAnon> firmą (...) s.c.</xAnon> w <xAnon>B.</xAnon> na rzecz Skarbu Państwa - Sąd Okręgowy w Warszawie kwotę 600 (sześćset) złotych tytułem opłaty stałej od pozwu, od której uiszczenia powód był zwolniony z mocy prawa;</xText>
          <xText><xBx>IV.</xBx> zarządza publikację prawomocnego wyroku w Monitorze Sądowym i Gospodarczym solidarnie na koszt <xAnon>N. S.</xAnon> i <xAnon>J. S.</xAnon> prowadzących działalność gospodarczą pod <xAnon> firmą (...) s.c.</xAnon> w <xAnon>B.</xAnon>.</xText>
          
          <xText xALIGNx="center">SSO Magdalena Sajur-Kordula</xText>
        </xUnit>
      </xBlock>
    </xPart>
  </judgement>
<judgement id="155000000001521_III_AUa_001702_2011_Uz_2012-02-29_001">
    <xPart xEditorFullName="Teresa Kudanowska-Giedrojć " xYear="2011" xLang="PL" xPublisherFullName="Teresa Kudanowska-Giedrojć " xFromPg="1" xEditor="tgiedrojc" xVolType="15/500000/0001521/AUa" xPublisher="tgiedrojc" xDocType="Uz" xVolNmbr="001702" xVersion="1.0" xToPage="4" xFlag="published">
      <xName>Wyrok+Uzasadnienie</xName>
      <xBlock>
        <xText>Sygn. akt III AUa 1702/11</xText>
        
        <xUnit xIsTitle="true" xType="part" xBold="true">
          <xName>WYROK</xName>
          <xTitle>W IMIENIU RZECZYPOSPOLITEJ POLSKIEJ</xTitle>
          <xText xALIGNx="right">Dnia 29 lutego 2012 r.</xText>
          
          <xText>Sąd Apelacyjny we Wrocławiu Wydział III</xText>
          <xText>Sąd Pracy i Ubezpieczeń Społecznych</xText>
          <xText>w składzie:</xText>
          <xRows>
            <xRow>
              <xClmn xALIGNx="left" xVALIGNx="middle">
                <xText>Przewodniczący:</xText>
              </xClmn>
              <xClmn xALIGNx="left" xVALIGNx="middle">
                <xText>SSA Barbara Staśkiewicz</xText>
              </xClmn>
            </xRow>
            <xRow>
              <xClmn xALIGNx="left" xVALIGNx="top">
                <xText>Sędziowie:</xText>
              </xClmn>
              <xClmn xALIGNx="left" xVALIGNx="middle">
                <xText>SSA Stanisława Kubica (spr.)</xText>
                <xText>SSA Barbara Pauter</xText>
              </xClmn>
            </xRow>
            <xRow>
              <xClmn xALIGNx="left" xVALIGNx="middle">
                <xText>Protokolant:</xText>
              </xClmn>
              <xClmn xALIGNx="left" xVALIGNx="middle">
                <xText>Adrianna Szymanowska</xText>
              </xClmn>
            </xRow>
          </xRows>
          <xText>po rozpoznaniu w dniu 29 lutego 2012 r. we Wrocławiu</xText>
          <xText>sprawy z wniosku <xAnon>J. B.</xAnon></xText>
          <xText>przeciwko  Zakładowi Ubezpieczeń Społecznych Oddział we <xAnon>W.</xAnon></xText>
          <xText>o emeryturę pomostową</xText>
          <xText>na skutek apelacji <xAnon>J. B.</xAnon></xText>
          <xText>od wyroku Sądu Okręgowego Sądu Pracy i Ubezpieczeń Społecznych</xText>
          <xText>we Wrocławiu
</xText>
          <xText>z dnia 10 października 2011 r. sygn. akt IX U 1001/11</xText>
          <xText>
            <xBx>
              <xIx> oddala apelację.</xIx>
            </xBx>
          </xText>
        </xUnit>
        <xUnit xIsTitle="true" xType="part" xBold="true">
          <xName>UZASADNIENIE</xName>
          <xText>Wnioskodawca <xAnon>J. B.</xAnon> w odwołaniu od decyzji Zakładu Ubezpieczeń Społecznych Oddział we <xAnon>W.</xAnon> z dnia 15 lipca 2011 roku odmawiającej mu prawa do emerytury pomostowej, wobec nie spełnienia warunków koniecznych do przyznania emerytury pomostowej, domagał się jej zmiany w kierunku przyznania prawa do spornego świadczenia.</xText>
          <xText>W odpowiedzi na odwołanie pozwany organ rentowy wniósł o jego oddalenie z uwagi na brak podstaw prawnych do jego uwzględnienia.</xText>
          <xText>Sąd Okręgowy ustalił następujący stan faktyczny: wnioskodawca <xAnon>urodzony (...)</xAnon> złożył do organu rentowego wniosek o emeryturę pomostową datowany na dzień 18 kwietnia 2011 roku. Łączny staż pracy wnioskodawcy uwzględniony przez organ rentowy wynosi 35 lat 2 miesiące i 14 dni okresów składkowych i nieskładkowych. Wnioskodawca wykazał również staż pracy w szczególnych warunkach – ogółem 11 lat 8 miesięcy i 20 dni. Pozwany organ rentowy po rozpatrzeniu wniosku wnioskodawcy odmówił prawa do emerytury pomostowej zaskarżoną decyzją z dnia 6 lipca 2011 roku, bowiem wnioskodawca nie udowodnił rozwiązania stosunku pracy z pracodawcą oraz nie udowodnił okresu pracy w szczególnych warunkach lub szczególnym charakterze wynoszącego co najmniej 15 lat. Wnioskodawca nie spełnił również warunków do emerytury wcześniejszej z art. 184 ustawy emerytalnej, ponieważ na dzień 1 stycznia 1999 roku nie wykazał 25-letniego stażu pracy a jedynie 23 lata 1 miesiąc i 23 dni oraz 15–letniego okresu pracy w warunkach szczególnych. Zakład Ubezpieczeń Społecznych nie uwzględnił okresów pracy w szczególnych warunkach dotyczących emerytury pomostowej od 9 września 1999 roku do 17 lutego 2000 roku bowiem brak jest powołania na podstawę prawną i od 20 sierpnia 2008 roku do 31 marca 2011 roku gdyż brak powołania na <xLexLink xArt="" xIsapId="WDU20082371656" xTitle="Ustawa z dnia 19 grudnia 2008 r. o emeryturach pomostowych" xAddress="Dz. U. z 2008 r. Nr 237, poz. 1656">ustawę o emeryturach pomostowych</xLexLink>. Nie uwzględnił również okresów pracy w szczególnych warunkach dotyczących wcześniejszej emerytury – od 23 września 1987 roku do 31 sierpnia 1989 roku i od 22 stycznia 1990 roku do 30 kwietnia 1991 roku, bowiem za te okresy przedłożono zaświadczenia wykonywania pracy w szczególnych warunkach wystawione przez jednostki, które nie są upoważnione do wystawiania takich dokumentów.</xText>
          <xText>Przy tak ustalonym stanie faktycznym Sąd Okręgowy Sąd Pracy i Ubezpieczeń Społecznych we Wrocławiu wyrokiem z dnia 10 października 2011 roku oddalił odwołanie wnioskodawcy.</xText>
          <xText>W uzasadnieniu do wyroku Sąd Okręgowy wskazał, iż wnioskodawca nie spełnił łącznie warunków do emerytury pomostowej. Sąd Okręgowy zauważył, iż poczynione w toku postępowania ustalenia wskazują, że łączny staż pracy wnioskodawcy w szczególnych warunkach lub szczególnym charakterze wynosi 11 lat 8 miesięcy i 20 dni zamiast wymaganych 15 lat jak również na dzień złożenia wniosku i wydania decyzji wnioskodawca nie udowodnił rozwiązania stosunku pracy z pracodawcą. W odniesieniu do wniosku wnioskodawcy z dnia 1 marca 2011 roku wnioskodawca sprecyzował, że chodzi mu o zaliczenie do okresu zatrudnienia od 1 maja 1984 roku do 31 grudnia 1984 roku w <xAnon> Spółdzielni Mieszkaniowej (...)</xAnon> we <xAnon>W.</xAnon> do stażu pracy i ewentualnego podwyższenia świadczenia w przypadku przyznania mu prawa do emerytury. Sąd Okręgowy przekazał powyższy wniosek organowi rentowemu celem merytorycznego rozstrzygnięcia.</xText>
          <xText>Apelację od powyższego wyroku wywiódł wnioskodawca, który zaskarżając wyrok w całości zarzucił mu brak zajęcia stanowiska Sądu Okręgowego w sprawie pracodawcy <xAnon> (...)</xAnon><xAnon>J. K.</xAnon>, wskazując, iż pracodawca uwzględnił go jako pracownika o szczególnym charakterze pracy ale dopiero od marca 2011 roku, odprowadza składkę na Fundusz Emerytur Pomostowych, jednak nie chce powołać się na Ustawę z dnia 19.12.2008 roku pomimo, iż wnioskodawca pracę u tego pracodawcy rozpoczął 20 sierpnia 2008 roku jako operator żurawia wieżowego; błędne informacje udzielane przez ZUS i przyjmowanie zaświadczeń pracy w szczególnych warunkach wystawianych przez Archiwum, które dopiero przy odmowie do emerytury pomostowej okazały się nic nie warte. Wskazując na powyższe zarzuty wnioskodawca wniósł o zmianę zaskarżonego wyroku i uwzględnienie odwołania.</xText>
          <xText>
            <xBx>
              <xIx>Sąd Apelacyjny zważył, co następuje:</xIx>
            </xBx>
          </xText>
          <xText>Apelacja wnioskodawcy nie zasługuje na uwzględnienie.</xText>
          <xText>Zdaniem Sądu Apelacyjnego Sąd I instancji zgromadził w sprawie wystarczający materiał dowodowy, a jego ocena nie narusza granic zastrzeżonych dla swobodnej oceny materiału dowodowego (<xLexLink xArt="art. 233;art. 233 § 1" xIsapId="WDU19640430296" xTitle="Ustawa z dnia 17 listopada 1964 r. - Kodeks postępowania cywilnego" xAddress="Dz. U. z 1964 r. Nr 43, poz. 296">art. 233 § 1 kpc</xLexLink>). Wbrew zarzutom podnoszonym w apelacji Sąd I instancji wydał trafne rozstrzygnięcie znajdujące uzasadnienie w całokształcie sprawy oraz treści obowiązujących przepisów, a Sąd Apelacyjny aprobując w pełni te ustalenia przyjmuje je za własne bez potrzeby szczegółowego ich przytaczania.</xText>
          <xText>W przedmiotowej sprawie sporne pozostawało czy wnioskodawca spełnił przesłanki uprawniające go do uzyskania prawa emerytury pomostowej, zgodnie z przepisami <xLexLink xArt="" xIsapId="WDU20082371656" xTitle="Ustawa z dnia 19 grudnia 2008 r. o emeryturach pomostowych" xAddress="Dz. U. z 2008 r. Nr 237, poz. 1656">ustawy z dnia 19 grudnia 2008 roku o emeryturach pomostowych</xLexLink> (Dz. U. z 2008 roku, Nr 237, poz.1656 z późn. zm.).</xText>
          <xText>Zgodnie z treścią przepisu <xLexLink xArt="art. 4" xIsapId="WDU20082371656" xTitle="Ustawa z dnia 19 grudnia 2008 r. o emeryturach pomostowych" xAddress="Dz. U. z 2008 r. Nr 237, poz. 1656">art. 4 ustawy o emeryturach pomostowych</xLexLink> prawo do emerytury pomostowej spełnia pracownik, który: 1) urodził się po dniu 31 grudnia 1948 roku, 2) ma okres pracy w szczególnych warunkach lub szczególnym charakterze wynoszący co najmniej 15 lat, 3) osiągnął wiek wynoszący dla mężczyzn co najmniej 60 lat, 4) ma okres składkowy i nie składkowy, wynoszący dla mężczyzn co najmniej 25 lat, 5) przed dniem 1 stycznia 1999 roku wykonywał prace w szczególnych warunkach lub prace w szczególnym charakterze, w rozumieniu art. 3 ust. 1 i 3 niniejszej ustawy lub art. 32 i art. 33 ustawy o emeryturach i rentach z FUS stale i w pełnym wymiarze czasu pracy, 6) po dniu 31 grudnia 2008 roku wykonywał prace w szczególnych warunkach lub prace w szczególnym charakterze, w rozumieniu art. 3 ust. 1 i 3 niniejszej ustawy w pełnym wymiarze czasu pracy, 7) nastąpiło z nim rozwiązanie stosunku pracy.</xText>
          <xText>W rozumieniu powyższych przepisów ubezpieczony występujący o przyznanie mu prawa do emerytury pomostowej powinien spełnić łącznie następujące przesłanki:</xText>
          <xUnit xIsTitle="false" xType="none">
            <xName xSffx=".">1</xName>
            <xText>ukończyć 60 lat,</xText>
          </xUnit>
          <xUnit xIsTitle="false" xType="none">
            <xName xSffx=".">2</xName>
            <xText>posiadać 25-letni okres zatrudnienia</xText>
          </xUnit>
          <xUnit xIsTitle="false" xType="none">
            <xName xSffx=".">3</xName>
            <xText>posiadać 15-letni okres pracy w warunkach szczególnych,</xText>
          </xUnit>
          <xUnit xIsTitle="false" xType="none">
            <xName xSffx=".">4</xName>
            <xText>być urodzonym po 31 grudnia 1948 roku,</xText>
          </xUnit>
          <xUnit xIsTitle="false" xType="none">
            <xName xSffx=".">5</xName>
            <xText>mieć udokumentowane wykonywanie pracy w warunkach szczególnych lub szczególnym charakterze przed 1 stycznia 1999 roku</xText>
          </xUnit>
          <xUnit xIsTitle="false" xType="none">
            <xName xSffx=".">6</xName>
            <xText>mieć udokumentowaną pracę w warunkach szczególnych lub szczególnym charakterze po 31 grudnia 2008 roku</xText>
          </xUnit>
          <xUnit xIsTitle="false" xType="none">
            <xName xSffx=".">7</xName>
            <xText>rozwiązać umowę o pracę</xText>
          </xUnit>
          <xText>Podkreślenia wymaga fakt, iż jedynie łączne spełnienie wszystkich wymienionych przesłanek uprawnia do uzyskania prawa do wcześniejszej emerytury. Innymi słowy nie wystąpienie jednej z przesłanek pozbawia ubezpieczonego prawa do emerytury pomostowej.</xText>
          <xText>Wykazanie wystąpienia wszystkich wymienionych powyżej przesłanek uprawniających do nabycia prawa do wcześniejszej emerytury było w niniejszej sprawie obowiązkiem wnioskodawcy (<xLexLink xArt="art. 6" xIsapId="WDU19640160093" xTitle="Ustawa z dnia 23 kwietnia 1964 r. - Kodeks cywilny" xAddress="Dz. U. z 1964 r. Nr 16, poz. 93">art. 6 kc</xLexLink>). Bez wątpienia wnioskodawca osiągnął wiek 60 lat oraz posiada co najmniej 25-letni okres pracy. Jednocześnie wnioskodawca nie udowodnił posiadania 15-letniego okresu pracy w warunkach szczególnych oraz nie rozwiązał umowy o pracę.</xText>
          <xText>Zgromadzony materiał dowodowy w sprawie w sposób jednoznaczny wskazuje, iż wnioskodawca do chwili obecnej w dalszym ciągu pozostaje w zatrudnieniu u dotychczasowego pracodawcy. Tym samym uznać należy, iż wnioskodawca nie wypełnił przesłanki rozwiązania umowy o pracę. Tym samym już z tego powodu nie uzyskał on uprawnień do starania się o emeryturę pomostową.</xText>
          <xText>Ponadto wskazać należy, iż ustalony w sprawie materiał dowodowy pozwalał na przyjęcie, iż wnioskodawca posiada jedynie 11 lat 8 miesięcy i 20 dni pracy w warunkach szczególnych. Przedstawione przez wnioskodawcę dowody nie pozwalają na uznanie, iż posiada on wymagany prawem okres pracy w warunkach szczególnych. W szczególności wskazać należy, iż wnioskodawca nie posiada odpowiednich dokumentów stwierdzających pracę w warunkach szczególnych zgodnych z przepisami <xLexLink xArt="" xIsapId="WDU20082371656" xTitle="Ustawa z dnia 19 grudnia 2008 r. o emeryturach pomostowych" xAddress="Dz. U. z 2008 r. Nr 237, poz. 1656">ustawy o emeryturach pomostowych</xLexLink>. W szczególności wskazać należy, iż dokumenty – świadectwa pracy wnioskodawcy za okresy od 9 września 1999 roku do 17 lutego 2000 roku i od 20 sierpnia 2008 roku do 31 marca 2011 roku nie mogą zostać uznane za prawidłowe, gdyż brak jest w nich powołania się przez pracodawcę na podstawę prawną zawartą w <xLexLink xArt="" xIsapId="WDU20082371656" xTitle="Ustawa z dnia 19 grudnia 2008 r. o emeryturach pomostowych" xAddress="Dz. U. z 2008 r. Nr 237, poz. 1656">ustawie o emeryturach pomostowych</xLexLink>.</xText>
          <xText>Wobec powyższego wskazać należy, iż prawidłowo uznał Sąd Okręgowy, iż wnioskodawca nie jest uprawniony do emerytury pomostowej, zgodnie z <xLexLink xArt="" xIsapId="WDU20082371656" xTitle="Ustawa z dnia 19 grudnia 2008 r. o emeryturach pomostowych" xAddress="Dz. U. z 2008 r. Nr 237, poz. 1656">ustawą z dnia 19 grudnia 2008 roku o emeryturach pomostowych</xLexLink>. Wnioskodawca nie spełni bowiem wymienionych w tym przepisie przesłanek uprawniających do starania się o prawo do emerytury pomostowej. Wnioskodawca jak zostało to wykazane powyżej nie posiada wymaganego art. 4 ustawy pomostowej okresu pracy w warunkach szczególnych oraz nie rozwiązał stosunku pracy.</xText>
          <xText>Sąd Apelacyjny w pełni zgadza się z ustaleniami dokonanymi przez Sąd I instancji. Sąd Okręgowy słusznie uznał, iż decyzja Zakładu Ubezpieczeń Społecznych odmawiająca wnioskodawcy prawa do wcześniejszej emerytury jest prawidłowa i zgodna z obowiązującymi przepisami prawa.</xText>
          <xText>Z wymienionych względów Sąd Apelacyjny orzekł o oddaleniu apelacji na podstawie <xLexLink xArt="art. 385" xIsapId="WDU19640430296" xTitle="Ustawa z dnia 17 listopada 1964 r. - Kodeks postępowania cywilnego" xAddress="Dz. U. z 1964 r. Nr 43, poz. 296">art. 385 kpc</xLexLink>.’</xText>
          <xText>R.S.</xText>
        </xUnit>
      </xBlock>
    </xPart>
  </judgement>
<judgement id="155000000001006_II_AKa_000388_2011_Uz_2012-03-08_001">
    <xPart xEditorFullName="Joanna Bernakiewicz" xYear="2011" xLang="PL" xFromPg="1" xEditor="jbernakiewicz" xVolType="15/500000/0001006/AKa" xDocType="Uz" xVolNmbr="000388" xVersion="1.0" xToPage="20" xFlag="published">
      <xName>Wyrok+Uzasadnienie</xName>
      <xBlock>
        <xText> Sygn. akt II AKa 388/11</xText>
        <xUnit xIsTitle="true" xBold="true" xType="part">
          <xName> WYROK</xName>
          <xTitle> W IMIENIU RZECZYPOSPOLITEJ POLSKIEJ</xTitle>
          <xText xALIGNx="right"> Dnia 8 marca 2012 roku</xText>
          
          <xText> Sąd Apelacyjny we Wrocławiu w II Wydziale Karnym w składzie:</xText>
          <xRows>
            <xRow>
              <xClmn xALIGNx="left" xVALIGNx="middle">
                <xText xALIGNx="right">Przewodniczący:</xText>
              </xClmn>
              <xClmn xALIGNx="left" xVALIGNx="middle">
                <xText>SSA Andrzej Krawiec (spr.)</xText>
              </xClmn>
            </xRow>
            <xRow>
              <xClmn xALIGNx="left" xVALIGNx="top">
                <xText xALIGNx="right">Sędziowie:</xText>
              </xClmn>
              <xClmn xALIGNx="left" xVALIGNx="middle">
                <xText>SA Andrzej Kot</xText>
                <xText>SA Barbara Krameris</xText>
              </xClmn>
            </xRow>
            <xRow>
              <xClmn xALIGNx="left" xVALIGNx="middle">
                <xText xALIGNx="right">Protokolant:</xText>
              </xClmn>
              <xClmn xALIGNx="left" xVALIGNx="middle">
                <xText>Aldona Zięta</xText>
              </xClmn>
            </xRow>
          </xRows>
          
          <xText> przy udziale prokuratora Prokuratury Apelacyjnej Ludwika Uciurkiewicza</xText>
          <xText> po rozpoznaniu w dniu 8 marca 2012 roku</xText>
          <xText> sprawy<xBx><xAnon>L. T.</xAnon></xBx></xText>
          <xText> oskarżonego z <xLexLink xArt="art. 156;art. 156 § 1;art. 156 § 1 pkt. 2" xIsapId="WDU19970880553" xTitle="Ustawa z dnia 6 czerwca 1997 r. - Kodeks karny" xAddress="Dz. U. z 1997 r. Nr 88, poz. 553">art. 156 § 1 pkt 2 k.k.</xLexLink> w zw. z <xLexLink xArt="art. 207;art. 207 § 2" xIsapId="WDU19970880553" xTitle="Ustawa z dnia 6 czerwca 1997 r. - Kodeks karny" xAddress="Dz. U. z 1997 r. Nr 88, poz. 553">art. 207 § 2 k.k.</xLexLink> w zw. z <xLexLink xArt="art. 11;art. 11 § 2" xIsapId="WDU19970880553" xTitle="Ustawa z dnia 6 czerwca 1997 r. - Kodeks karny" xAddress="Dz. U. z 1997 r. Nr 88, poz. 553">art. 11 §2 k.k.</xLexLink> w zw. z <xLexLink xArt="art. 64;art. 64 § 2" xIsapId="WDU19970880553" xTitle="Ustawa z dnia 6 czerwca 1997 r. - Kodeks karny" xAddress="Dz. U. z 1997 r. Nr 88, poz. 553">art. 64 § 2 k.k.</xLexLink></xText>
          <xText> na skutek apelacji wniesionej przez oskarżonego</xText>
          <xText> od wyroku Sądu Okręgowego w Świdnicy</xText>
          <xText> z dnia 29 września 2011 roku sygn. III K 45/11</xText>
          <xUnit xIsTitle="false" xType="none">
            <xName xSffx="."> I</xName>
            <xText>
              <xBx> zmienia zaskarżony wyrok w ten sposób, że z opisu przestępstwa przypisanego oskarżonemu <xAnon>L. T.</xAnon> z pkt I części dyspozytywnej eliminuje ustalenie, iż jego znęcanie nad konkubiną <xAnon>D. K.</xAnon> miało cechy szczególnego okrucieństwa, w związku z czym przestępstwo to kwalifikuje z <xLexLink xArt="art. 156;art. 156 § 1;art. 156 § 1 pkt. 2" xIsapId="WDU19970880553" xTitle="Ustawa z dnia 6 czerwca 1997 r. - Kodeks karny" xAddress="Dz. U. z 1997 r. Nr 88, poz. 553">art. 156 § 1 pkt 2 k.k.</xLexLink> i <xLexLink xArt="art. 207;art. 207 § 1" xIsapId="WDU19970880553" xTitle="Ustawa z dnia 6 czerwca 1997 r. - Kodeks karny" xAddress="Dz. U. z 1997 r. Nr 88, poz. 553">art. 207 § 1 k.k.</xLexLink> w zw. z <xLexLink xArt="art. 11;art. 11 § 2" xIsapId="WDU19970880553" xTitle="Ustawa z dnia 6 czerwca 1997 r. - Kodeks karny" xAddress="Dz. U. z 1997 r. Nr 88, poz. 553">art. 11 § 2 k.k.</xLexLink> i <xLexLink xArt="art. 64;art. 64 § 2" xIsapId="WDU19970880553" xTitle="Ustawa z dnia 6 czerwca 1997 r. - Kodeks karny" xAddress="Dz. U. z 1997 r. Nr 88, poz. 553">art. 64 § 2 k.k.</xLexLink>, stwierdzając że podstawą wymiaru kary pozbawienia wolności nadal pozostaje <xLexLink xArt="art. 156;art. 156 § 1;art. 156 § 1 pkt. 2" xIsapId="WDU19970880553" xTitle="Ustawa z dnia 6 czerwca 1997 r. - Kodeks karny" xAddress="Dz. U. z 1997 r. Nr 88, poz. 553">art. 156 § 1 pkt 2 k.k.</xLexLink> w zw. z <xLexLink xArt="art. 11;art. 11 § 3" xIsapId="WDU19970880553" xTitle="Ustawa z dnia 6 czerwca 1997 r. - Kodeks karny" xAddress="Dz. U. z 1997 r. Nr 88, poz. 553">art. 11 § 3 k.k.</xLexLink>;</xBx>
            </xText>
          </xUnit>
          <xUnit xIsTitle="false" xType="none">
            <xName xSffx="."> II</xName>
            <xText>
              <xBx> w pozostałej części zaskarżony wyrok w stosunku do oskarżonego <xAnon>L. T.</xAnon> utrzymuje w mocy;</xBx>
            </xText>
          </xUnit>
          <xUnit xIsTitle="false" xType="none">
            <xName xSffx="."> III</xName>
            <xText>
              <xBx> zasądza od oskarżonego <xAnon>L. T.</xAnon> na rzecz Skarbu Państwa koszty sądowe za postępowanie odwoławcze, przy czym wymierza mu opłatę w wysokości 600 złotych za drugą instancję;</xBx>
            </xText>
          </xUnit>
          <xUnit xIsTitle="false" xType="none">
            <xName xSffx="."> IV</xName>
            <xText>
              <xBx> zasądza od Skarbu Państwa na rzecz adwokata <xAnon>E. B.</xAnon> 720 zł tytułem kosztów nieopłaconej obrony z urzędu oskarżonego w postępowaniu odwoławczym oraz 165,60 zł tytułem zwrotu podatku VAT oraz kwotę 298,80 złotych tytułem zwrotu kosztów przejazdu.</xBx>
            </xText>
          </xUnit>
        </xUnit>
        <xUnit xIsTitle="true" xBold="true" xType="part">
          <xName> UZASADNIENIE</xName>
          <xText> Sąd Okręgowy w Świdnicy rozpoznał sprawę <xAnon>L. T.</xAnon> oskarżonego o to, że :</xText>
          <xText> w okresie od 20 stycznia 2010 r. do 27 października 2010 r. w <xAnon>K.</xAnon>, woj. <xAnon>(...)</xAnon>, znęcał się fizycznie i psychicznie nad swoją konkubiną <xAnon>D. K.</xAnon> ze szczególnym okrucieństwem, w ten sposób, że znajdując się pod wpływem alkoholu wszczynał awantury domowe, podczas których bił ją po całym ciele, zwłaszcza po głowie, plecach, klatce piersiowej, szarpał ją za włosy, znieważał ją wulgarnymi słowami, groził jej zabójstwem, w tym w dniu 27 października 2010 r. w <xAnon>K.</xAnon>, woj. <xAnon>(...)</xAnon> przy <xAnon>ulicy (...)</xAnon>, działając w bezpośrednim zamiarze pozbawienia życia swojej konkubiny <xAnon>D. K.</xAnon>, grożąc jej pozbawieniem życia i spaleniem, oblał jej głowę, ramiona, plecy oraz ręce spirytusem, po czym podpalił jej ciało zapałką, powodując zapalenie się powierzchni jej ciała i odzieży, w wyniku czego pokrzywdzona doznała rozległych oparzeń: twarzy, małżowin usznych, prawej okolicy zausznej, barku i ramienia prawego, obu nadgarstków i rąk oraz plackowatych oparzeń skóry szyi i pleców, co skutkowało powstaniem blizn w widocznych miejscach na twarzy, małżowinach usznych, głębokich sino-czerwonych ze zgrubieniami blizn na obu nadgarstkach i grzbietowych powierzchniach rąk i spowodowało trwałe istotne zeszpecenie ciała pokrzywdzonej, lecz zamierzonego skutku w postaci zabójstwa nie osiągnął z uwagi na szybkie ugaszenie ognia przez pokrzywdzoną, przy czym czynu tego dopuścił się w warunkach powrotu do przestępstwa, będąc uprzednio skazany prawomocnym wyrokiem Sądu Rejonowego w Kłodzku z dnia 9 lipca 2008 r., sygn. akt: VIII K 1330/07 za przestępstwo podobne z <xLexLink xArt="art. 157;art. 157 § 1" xIsapId="WDU19970880553" xTitle="Ustawa z dnia 6 czerwca 1997 r. - Kodeks karny" xAddress="Dz. U. z 1997 r. Nr 88, poz. 553">art. 157 § 1 k.k.</xLexLink> w zw. z <xLexLink xArt="art. 64;art. 64 § 1" xIsapId="WDU19970880553" xTitle="Ustawa z dnia 6 czerwca 1997 r. - Kodeks karny" xAddress="Dz. U. z 1997 r. Nr 88, poz. 553">art. 64 § 1 k.k.</xLexLink> na karę 1 roku i 2 miesięcy pozbawienia wolności, którą odbył częściowo w okresie od 17 stycznia 2009 r. do 19 stycznia 2010 r.</xText>
          <xText>
            <xBx> tj. o przestępstwo określone w <xLexLink xArt="art. 13;art. 13 § 1" xIsapId="WDU19970880553" xTitle="Ustawa z dnia 6 czerwca 1997 r. - Kodeks karny" xAddress="Dz. U. z 1997 r. Nr 88, poz. 553">art. 13 § 1 k.k.</xLexLink> w zw. z <xLexLink xArt="art. 148;art. 148 § 1" xIsapId="WDU19970880553" xTitle="Ustawa z dnia 6 czerwca 1997 r. - Kodeks karny" xAddress="Dz. U. z 1997 r. Nr 88, poz. 553">art. 148 § 1 k.k.</xLexLink> w zw. z </xBx>
            <xLexLink xArt="art. 156;art. 156 § 1;art. 156 § 1 pkt. 2" xIsapId="WDU19970880553" xTitle="Ustawa z dnia 6 czerwca 1997 r. - Kodeks karny" xAddress="Dz. U. z 1997 r. Nr 88, poz. 553"><xBx>art</xBx> .<xBx> 156 § 1 pkt 2 k.k.</xBx></xLexLink>
            <xBx> i <xLexLink xArt="art. 207;art. 207 § 2" xIsapId="WDU19970880553" xTitle="Ustawa z dnia 6 czerwca 1997 r. - Kodeks karny" xAddress="Dz. U. z 1997 r. Nr 88, poz. 553">art. 207 § 2 k.k.</xLexLink> w zw. z <xLexLink xArt="art. 11;art. 11 § 2" xIsapId="WDU19970880553" xTitle="Ustawa z dnia 6 czerwca 1997 r. - Kodeks karny" xAddress="Dz. U. z 1997 r. Nr 88, poz. 553">art. 11 § 2 k.k.</xLexLink> w zw. z </xBx>
            <xLexLink xArt="art. 64;art. 64 § 2" xIsapId="WDU19970880553" xTitle="Ustawa z dnia 6 czerwca 1997 r. - Kodeks karny" xAddress="Dz. U. z 1997 r. Nr 88, poz. 553"><xBx>art. 64 § 2 k.k</xBx> .</xLexLink>
          </xText>
          
          <xText> Po rozpoznaniu tej sprawy Sąd Okręgowy w Świdnicy wyrokiem z dnia 29 września 2011 r. uznał oskarżonego <xAnon>L. T.</xAnon> za winnego popełnienia zarzucanego mu czynu, a opisanego w części wstępnej wyroku z tym, że wyeliminował z jego opisu stwierdzenie, iż w dniu 27 października 2010 r. działał w bezpośrednim zamiarze pozbawienia życia <xAnon>D. K.</xAnon>, ustalając tym samym, że działając w sposób tam opisany spowodował u pokrzywdzonej trwałe, istotne zeszpecenie jej ciała, jak i przyjął, że czynu tego dopuścił się w warunkach wielokrotnego powrotu do przestępstwa wyżej opisanego – to jest uznał oskarżonego za winnego czynu z <xLexLink xArt="art. 156;art. 156 § 1;art. 156 § 1 pkt. 2" xIsapId="WDU19970880553" xTitle="Ustawa z dnia 6 czerwca 1997 r. - Kodeks karny" xAddress="Dz. U. z 1997 r. Nr 88, poz. 553">art. 156 § 1 pkt 2 k.k.</xLexLink> w zw. z <xLexLink xArt="art. 207;art. 207 § 2" xIsapId="WDU19970880553" xTitle="Ustawa z dnia 6 czerwca 1997 r. - Kodeks karny" xAddress="Dz. U. z 1997 r. Nr 88, poz. 553">art. 207 §2 k.k.</xLexLink> w zw. z <xLexLink xArt="art. 11;art. 11 § 2" xIsapId="WDU19970880553" xTitle="Ustawa z dnia 6 czerwca 1997 r. - Kodeks karny" xAddress="Dz. U. z 1997 r. Nr 88, poz. 553">art. 11 § 2 k.k.</xLexLink> w zw. z <xLexLink xArt="art. 64;art. 64 § 2" xIsapId="WDU19970880553" xTitle="Ustawa z dnia 6 czerwca 1997 r. - Kodeks karny" xAddress="Dz. U. z 1997 r. Nr 88, poz. 553">art. 64 § 2 k.k.</xLexLink> i za to na podstawie <xLexLink xArt="art. 156;art. 156 § 1;art. 156 § 1 pkt. 2" xIsapId="WDU19970880553" xTitle="Ustawa z dnia 6 czerwca 1997 r. - Kodeks karny" xAddress="Dz. U. z 1997 r. Nr 88, poz. 553">art. 156 § 1 pkt 2 k.k.</xLexLink> w zw. z <xLexLink xArt="art. 11;art. 11 § 3" xIsapId="WDU19970880553" xTitle="Ustawa z dnia 6 czerwca 1997 r. - Kodeks karny" xAddress="Dz. U. z 1997 r. Nr 88, poz. 553">art. 11 § 3 k.k.</xLexLink> wymierzył mu karę 7 lat pozbawienia wolności.</xText>
          <xText> P o n a d t o:</xText>
          <xText> - na podstawie <xLexLink xArt="art. 44;art. 44 § 1" xIsapId="WDU19970880553" xTitle="Ustawa z dnia 6 czerwca 1997 r. - Kodeks karny" xAddress="Dz. U. z 1997 r. Nr 88, poz. 553">art. 44 § 1 k.k.</xLexLink> orzekł przepadek przez zniszczenie dowodów rzeczowych.</xText>
          <xText> - na podstawie <xLexLink xArt="art. 63;art. 63 § 1" xIsapId="WDU19970880553" xTitle="Ustawa z dnia 6 czerwca 1997 r. - Kodeks karny" xAddress="Dz. U. z 1997 r. Nr 88, poz. 553">art. 63 § 1 k.k.</xLexLink> na poczet orzeczonej kary pozbawienia wolności zaliczył oskarżonemu <xAnon>L. T.</xAnon> okres zatrzymania i tymczasowego aresztowania od dnia 27 października 2010 r. do dnia 29 września 2011 r.</xText>
          <xText> - zwolnił oskarżonego od uiszczenia kosztów sądowych w tym opłaty, zaś wydatki poniesione w sprawie zaliczył na rachunek Skarbu Państwa.</xText>
          
          <xText> Wyrok powyższy zaskarżył obrońca oskarżonego, zarzucając (dosłowny cytat):</xText>
          <xText> „I. na podstawie <xLexLink xArt="art. 438;art. 438 pkt. 1" xIsapId="WDU19970890555" xTitle="Ustawa z dnia 6 czerwca 1997 r. - Kodeks postępowania karnego" xAddress="Dz. U. z 1997 r. Nr 89, poz. 555">art. 438 pkt 1 k.p.k.</xLexLink> obrazę prawa materialnego, poprzez błędne zakwalifikowanie zarzucanego oskarżonemu <xAnon>L. T.</xAnon> czynu jako przestępstwa z <xLexLink xArt="art. 156;art. 156 § 1;art. 156 § 1 pkt. 2" xIsapId="WDU19970880553" xTitle="Ustawa z dnia 6 czerwca 1997 r. - Kodeks karny" xAddress="Dz. U. z 1997 r. Nr 88, poz. 553">art. 156 § 1 pkt 2 k.k.</xLexLink> w zw. z <xLexLink xArt="art. 207;art. 207 § 2" xIsapId="WDU19970880553" xTitle="Ustawa z dnia 6 czerwca 1997 r. - Kodeks karny" xAddress="Dz. U. z 1997 r. Nr 88, poz. 553">art. 207 § 2 k.k.</xLexLink> w zw. z <xLexLink xArt="art. 11;art. 11 § 2" xIsapId="WDU19970880553" xTitle="Ustawa z dnia 6 czerwca 1997 r. - Kodeks karny" xAddress="Dz. U. z 1997 r. Nr 88, poz. 553">art. 11 §2 k.k.</xLexLink> w zw. z <xLexLink xArt="art. 64;art. 64 § 2" xIsapId="WDU19970880553" xTitle="Ustawa z dnia 6 czerwca 1997 r. - Kodeks karny" xAddress="Dz. U. z 1997 r. Nr 88, poz. 553">art. 64 § 2 k.k.</xLexLink>, podczas gdy zebrany w sprawie materiał dowodowy wskazuje, że oskarżony dopuścił się co najwyżej nieumyślnego przestępstwa określonego w <xLexLink xArt="art. 156;art. 156 § 2" xIsapId="WDU19970880553" xTitle="Ustawa z dnia 6 czerwca 1997 r. - Kodeks karny" xAddress="Dz. U. z 1997 r. Nr 88, poz. 553">art. 156 § 2 k.k.</xLexLink> i niekwalifikowanego przestępstwa z <xLexLink xArt="art. 207;art. 207 § 1" xIsapId="WDU19970880553" xTitle="Ustawa z dnia 6 czerwca 1997 r. - Kodeks karny" xAddress="Dz. U. z 1997 r. Nr 88, poz. 553">art. 207 § 1 k.k.</xLexLink></xText>
          <xText> II. na podstawie <xLexLink xArt="art. 438;art. 438 pkt. 2" xIsapId="WDU19970890555" xTitle="Ustawa z dnia 6 czerwca 1997 r. - Kodeks postępowania karnego" xAddress="Dz. U. z 1997 r. Nr 89, poz. 555">art. 438 pkt 2 k.p.k.</xLexLink> obrazę prawa procesowego mającą wpływ na treść orzeczenia polegającą na:</xText>
          <xText> 1. nieuzasadnionym oddaleniu na podstawie <xLexLink xArt="art. 170;art. 170 § 1;art. 170 § 1 pkt. 3" xIsapId="WDU19970890555" xTitle="Ustawa z dnia 6 czerwca 1997 r. - Kodeks postępowania karnego" xAddress="Dz. U. z 1997 r. Nr 89, poz. 555">art. 170 § 1 pkt 3 k.p.k.</xLexLink> wniosku dowodowego obrońcy oskarżonego zgłoszonego na rozprawie, a dotyczącego powołania biegłego lekarza sądowego z zakresu anestezjologii i farmakologii na okoliczność określenia jaki wpływ na treść zeznań pokrzywdzonej złożonych w dniu 28 października 2010 r., w tym zdolności należytego rozpoznawania znaczenia swoich słów miał fakt wcześniejszego podania jej w warunkach leczenia szpitalnego na oddziale intensywnej terapii silnych leków przeciwbólowych i uspakajających, co w konsekwencji doprowadziło do uznania wskazanych wyżej zeznań za w pełni wiarygodne.</xText>
          <xText> 2. naruszenie zakazu dowodowego z <xLexLink xArt="art. 174" xIsapId="WDU19970880553" xTitle="Ustawa z dnia 6 czerwca 1997 r. - Kodeks karny" xAddress="Dz. U. z 1997 r. Nr 88, poz. 553">art. 174 k.k.</xLexLink> zakazującego zastępowania dowodu z zeznań świadka notatkami urzędowymi w związku z naruszeniem <xLexLink xArt="art. 182;art. 182 § 1" xIsapId="WDU19970890555" xTitle="Ustawa z dnia 6 czerwca 1997 r. - Kodeks postępowania karnego" xAddress="Dz. U. z 1997 r. Nr 89, poz. 555">art. 182 § 1 k.p.k.</xLexLink> i <xLexLink xArt="art. 191;art. 191 § 2" xIsapId="WDU19970890555" xTitle="Ustawa z dnia 6 czerwca 1997 r. - Kodeks postępowania karnego" xAddress="Dz. U. z 1997 r. Nr 89, poz. 555">art. 191 § 2 k.p.k.</xLexLink>, a polegającym na oparciu rozstrzygnięcia między innymi na treści zeznań funkcjonariusza policji <xAnon>A. B.</xAnon> w warunkach, gdy wiedzę o zdarzeniu funkcjonariusz powziął w wyniku rozpytania (na okoliczność którego sporządził notatkę urzędową) pokrzywdzonej, po tym gdy pokrzywdzona poinformowała go w sposób wyraźny, iż odmawia złożenia zeznań obciążających oskarżonego, przy czym w zeznaniu swoim funkcjonariusz policji <xAnon>A. B.</xAnon> ograniczył się niemal jedynie do odtworzenia treści tejże notatki.</xText>
          <xText> 3. <xLexLink xArt="art. 7" xIsapId="WDU19970890555" xTitle="Ustawa z dnia 6 czerwca 1997 r. - Kodeks postępowania karnego" xAddress="Dz. U. z 1997 r. Nr 89, poz. 555">art. 7 k.p.k.</xLexLink> polegające na przekroczeniu swobodnej oceny dowodów:</xText>
          <xText> - poprzez uznanie za niewiarygodne zeznań złożonych przez <xAnon>J. H.</xAnon> przy jednoczesnym daniu wiary zeznaniom funkcjonariuszki policji <xAnon>J. G.</xAnon> złożonym na tejże rozprawie, a dotyczących okoliczności w jakich doszło do złożenia zeznań przez <xAnon>J. H.</xAnon> w toku postępowania przygotowawczego, podczas gdy prawidłowa ocena dowodów przy uwzględnieniu zasad prawidłowego rozumowania, oraz wskazań wiedzy i doświadczenia życiowego nakazywały zachować przy ocenie wiarygodności zeznań funkcjonariuszki policji <xAnon>J. G.</xAnon> z daleko idącą ostrożnością, a to ze względu na fakt, iż zeznania te dotyczyły czynności przeprowadzonych przez nią osobiście.</xText>
          <xText> - poprzez jednostronną ocenę znaczenia dowodowego obciążających oskarżonego zeznań <xAnon>A. C.</xAnon> złożonych w toku postępowania przygotowawczego i na rozprawie głównej, poprzez nieuwzględnienie przy ocenie ich wiarygodności faktu, iż osoba ta pozostawała w trwającym od co najmniej kilku lat głębokim zatargu osobistym z oskarżonym.</xText>
          <xText> III. na podstawie <xLexLink xArt="art. 438;art. 438 pkt. 2" xIsapId="WDU19970890555" xTitle="Ustawa z dnia 6 czerwca 1997 r. - Kodeks postępowania karnego" xAddress="Dz. U. z 1997 r. Nr 89, poz. 555">art. 438 pkt 2 k.p.k.</xLexLink> błąd w ustaleniach faktycznych przyjętych za podstawę orzeczenia mających wpływ na jego treść, polegający na błędnym przyjęciu, że oskarżony <xAnon>L. T.</xAnon> zapalił zapałkę powodując powstanie ognia w wyniku którego obrażeń doznała <xAnon>D. K.</xAnon>, podczas gdy prawidłowa ocena materiału dowodowego nie upoważniała przyjęcia takich stwierdzeń.</xText>
          <xText> IV. na podstawie <xLexLink xArt="art. 438;art. 438 pkt. 4" xIsapId="WDU19970890555" xTitle="Ustawa z dnia 6 czerwca 1997 r. - Kodeks postępowania karnego" xAddress="Dz. U. z 1997 r. Nr 89, poz. 555">art. 438 pkt 4 k.p.k.</xLexLink> rażącą niewspółmierność wymierzonej oskarżonemu kary w wymiarze niewspółmiernie wysokim do stopnia zawinienia, to jest siedmiu lat pozbawienia wolności, podczas gdy przy zachowaniu dyrektyw sędziowskiego wymiaru kary z <xLexLink xArt="art. 53;art. 53 § 1" xIsapId="WDU19970880553" xTitle="Ustawa z dnia 6 czerwca 1997 r. - Kodeks karny" xAddress="Dz. U. z 1997 r. Nr 88, poz. 553">art. 53 § 1 k.k.</xLexLink>, sąd winien był wymierzyć karę niższą”.</xText>
          <xText> Podnosząc wskazane zarzuty, apelujący wniósł o (dosłowny cytat) „zmianę zaskarżonego wyroku poprzez uznanie oskarżonego winnym popełnienia przestępstwa nieumyślnego spowodowania ciężkich obrażeń, tj. czynu z <xLexLink xArt="art. 156;art. 156 § 2" xIsapId="WDU19970880553" xTitle="Ustawa z dnia 6 czerwca 1997 r. - Kodeks karny" xAddress="Dz. U. z 1997 r. Nr 88, poz. 553">art. 156 § 2 k.k.</xLexLink> i wymierzenie mu za wskazany czyn na podstawie <xLexLink xArt="art. 156;art. 156 § 2" xIsapId="WDU19970880553" xTitle="Ustawa z dnia 6 czerwca 1997 r. - Kodeks karny" xAddress="Dz. U. z 1997 r. Nr 88, poz. 553">art. 156 § 2 k.k.</xLexLink> kary dwóch lat pozbawienia wolności; lub o uchylenie zaskarżonego wyroku i przekazanie sprawy Sądowi Okręgowemu w Świdnicy do ponownego rozpoznania”.</xText>
          <xText> Ponadto wniósł (dosłowny cytat) o: „ przeprowadzenie przez sąd odwoławczy w trybie <xLexLink xArt="art. 452;art. 452 § 2" xIsapId="WDU19970890555" xTitle="Ustawa z dnia 6 czerwca 1997 r. - Kodeks postępowania karnego" xAddress="Dz. U. z 1997 r. Nr 89, poz. 555">art. 452 § 2 k.p.k.</xLexLink> dowodu z powołania biegłego lekarza sądowego z zakresu anestezjologii i farmakologii na okoliczność określenia jaki wpływ na treść zeznań pokrzywdzonej złożonych w dniu 28 października 2010 r. w tym zdolności należytego rozpoznawania znaczenia swoich słów, miał fakt wcześniejszego podania jej w warunkach leczenia szpitalnego na oddziale intensywnej terapii silnych leków przeciwbólowych i uspakajających, co w konsekwencji doprowadziło do uznania wskazanych wyżej zeznań za w pełni wiarygodne”.</xText>
          <xText> Ponadto wniósł o „uchylenie orzeczonego środka zapobiegawczego w postaci tymczasowego aresztowania”.</xText>
          
          <xText xALIGNx="center">
            <xBx> Sąd Apelacyjny zważył, co następuje.</xBx>
          </xText>
          
          <xText> Apelacja w zasadniczej części nie zasługuje na uwzględnienie.</xText>
          <xText> W pierwszej kolejności należy zauważyć, iż zawarty na wstępie środka odwoławczego zarzut obrazy prawa materialnego (str. 1<xIx> in fine –</xIx> 2<xIx> in principio</xIx> apelacji, k. 501-502) stanowi w istocie zarzut błędu w ustaleniach faktycznych przyjętych za podstawę orzeczenia ( <xLexLink xArt="art. 438;art. 438 pkt. 3" xIsapId="WDU19970890555" xTitle="Ustawa z dnia 6 czerwca 1997 r. - Kodeks postępowania karnego" xAddress="Dz. U. z 1997 r. Nr 89, poz. 555">art. 438 pkt 3 k.p.k.</xLexLink>).</xText>
          <xText> Obraza prawa materialnego polega na wadliwym jego zastosowaniu (lub niezastosowaniu) w orzeczeniu opartym na prawidłowych ustaleniach faktycznych. Nie ma natomiast obrazy prawa materialnego wtedy, gdy wadliwość orzeczenia jest wynikiem błędnych ustaleń faktycznych przyjętych za jego podstawę. Jeżeli zatem apelujący kwestionuje zastosowaną w wyroku kwalifikację prawną, ponieważ w działaniu oskarżonego dopatruje się innego od przypisanego mu przestępstwa, to podstawą takiej apelacji może być tylko zarzut błędu w ustaleniach faktycznych przyjętych za podstawę wyroku ( <xLexLink xArt="art. 438;art. 438 pkt. 3" xIsapId="WDU19970890555" xTitle="Ustawa z dnia 6 czerwca 1997 r. - Kodeks postępowania karnego" xAddress="Dz. U. z 1997 r. Nr 89, poz. 555">art. 438 pkt 3 k.p.k.</xLexLink>), a nie zarzut określonej w <xLexLink xArt="art. 438;art. 438 pkt. 1" xIsapId="WDU19970890555" xTitle="Ustawa z dnia 6 czerwca 1997 r. - Kodeks postępowania karnego" xAddress="Dz. U. z 1997 r. Nr 89, poz. 555">art. 438 pkt 1 k.p.k.</xLexLink> obrazy prawa materialnego (zob. SN I KR 212/74, OSNKW 1974 nr 12, poz. 233 i aprobujące glosy W. Daszkiewicza – Przegląd orzecznictwa PiP 1975 r., z .12 s. 130 oraz M. Cieślaka, Z. Dody – Przegląd orzecznictwa, Pal. 1975 r., nr 7-8, s. 35 oraz postanowienie SN z 9.02.2011 r., V KK 372/10, niepubl.).</xText>
          <xText> Z powyższych względów należy zatem przyjąć, iż zarówno w części wstępnej apelacji (str. 1<xIx> in fine</xIx> – 2<xIx> in principio),</xIx> jak i w części końcowej (str. 4<xIx> in principio</xIx> ) został zawarty zarzut błędu w ustaleniach faktycznych przyjętych za postawę zaskarżonego wyroku.</xText>
          <xText> W pozostałej części środka odwoławczego autor sformułował zarzuty obrazy prawa procesowego oraz rażącej niewspółmierności orzeczonej wobec oskarżonego kary.</xText>
          <xText> Mając na uwadze tak zdefiniowaną apelację obrońcy oskarżonego należy stwierdzić, iż w zasadniczym zakresie nie zasługuje ona na uwzględnienie.</xText>
          <xText> Istota środka odwoławczego sprowadza się do próby podważenia wartości dowodowej zeznań pokrzywdzonej <xAnon>D. K.</xAnon> złożonych w dniu 28 października 2010 r. ( k.22-25), a więc następnego dnia po zdarzeniu. W związku z tym apelujący podniósł szereg zarzutów o charakterze procesowym, zmierzających do zakwestionowania owego dowodu.</xText>
          <xText> Obrońca oskarżonego zarzucił w pierwszym rzędzie, iż Sąd I instancji bezpodstawnie oddalił wniosek dowodowy dotyczący powołania biegłego z zakresu anestezjologii i farmakologii w celu ustalenia jaki wpływ na treść zeznań pokrzywdzonej złożonych w dniu 28 października 2010 r. miał fakt przyjmowania przez nią w owym czasie leków przeciwbólowych i uspakajających (pkt II podpkt 1 apelacji, str. 2, k. 502).</xText>
          <xText> Apelujący ponowił swój wniosek dowodowy w tym zakresie w postępowaniu odwoławczym (str. 4<xIx> in fine</xIx> apelacji, k. 504).</xText>
          <xText> W związku z powyższym Sąd Apelacyjny na podstawie <xLexLink xArt="art. 452;art. 452 § 2" xIsapId="WDU19970890555" xTitle="Ustawa z dnia 6 czerwca 1997 r. - Kodeks postępowania karnego" xAddress="Dz. U. z 1997 r. Nr 89, poz. 555">art. 452 § 2 k.p.k.</xLexLink> dopuścił dowód z opinii biegłego lekarza psychiatry na okoliczność wpływu leków aplikowanych pokrzywdzonej przed przesłuchaniem w dniu 28.10.2010 r. na stan jej świadomości w tym dniu, a nadto na okoliczność wpływu na jej świadomość w ówczesnym czasie stanu jej zdrowia związanego z doznanymi<xIx> tempore criminis</xIx> oparzeniami ciała ( k.557-557v).</xText>
          <xText> Biegły z zakresu psychiatrii <xAnon>D. R.</xAnon> po zapoznaniu się z dokumentacją lekarską dotyczącą <xAnon>D. K.</xAnon>, zawartą w aktach sprawy zaopiniował, że „<xIx> Zarówno aplikowane leki oraz wynikający z oparzeń stan zdrowia nie miały wpływu na zdolność odtwarzania przez <xAnon>D. K.</xAnon> wydarzeń w czasie składania przez nią zeznań w dniu 28 października 2010 r. w godzinach 11.00 do 12.30”</xIx> (str. 2<xIx> in fine</xIx> opinii pisemnej, k. 580).</xText>
          <xText> Opinię tę biegły podtrzymał w całej rozciągłości na rozprawie apelacyjnej w dniu 8 marca 2012 r. Biegły podczas rozprawy podkreślił, że sporządzając pisemną opinię co do stanu świadomości pokrzywdzonej <xAnon>D. K.</xAnon> w chwili składania przez nią zeznań w dniu 28 października 2010 r., opierał się na dokumentacji lekarskiej znajdującej się w aktach sprawy. Dokumentacja ta była wystarczająca do wydania opinii i nie budziła zastrzeżeń co do jej wiarygodności. Zapisy w dotyczących pokrzywdzonej dokumentach zostały sporządzone przez osoby personelu medycznego, które miały z nią bezpośredni kontakt w czasie jej leczenia szpitalnego, a tym samym miały możliwość obserwacji jej stanu fizycznego i psychicznego w owym czasie. Pozwoliło to biegłemu na wydanie opinii w oparciu o materiał badawczy uzyskany w trakcie bezpośredniej obserwacji <xAnon>D. K.</xAnon> podczas jej pobytu w szpitalu.</xText>
          <xText> Należy tu oddać, iż również z samych zapisów sporządzanych na bieżąco w dokumentacji lekarskiej, w toku leczenia szpitalnego pokrzywdzonej (do których biegły odwołał się na rozprawie apelacyjnej) wynika, że jej stan psychiczny był w owym czasie na tyle dobry, iż nie mógł mieć negatywnego wpływu na treść zeznań składanych przez nią w dniu 28 października 2010 r. Z „<xIx> Historii Pielęgnowania”</xIx> wynika, że z pokrzywdzoną był zachowany kontakt słowny, orientowała się w miejscu i czasie, zaś w rubryce „<xIx> Stan psychiczny</xIx> ” zanotowano „<xIx> spokojny”</xIx> ( k.93). Jest to najwyższa ocena w sześciostopniowej skali zawartej w powołanym dokumencie.</xText>
          <xText> Również z kolejnych zapisów zamieszczonych w owym dokumencie wynika, iż stan psychiczny pokrzywdzonej był dobry (vide określenie<xIx> „stan psychiczny czujny-4</xIx> ” co oznacza najwyższą ocenę w czterostopniowej skali – vide k. 94<xIx> in fine).</xIx></xText>
          <xText> Biegły z zakresu psychiatrii po dokonaniu analizy dotyczącej <xAnon>D. K.</xAnon> dokumentacji lekarskiej zawartej w aktach niniejszej sprawy, w szczególności po analizie aplikowanych jej leków (vide str. 1 opinii pisemnej, k. 579), a także po zapoznaniu się z opinią psychologiczną oraz uwzględniając uprzednie upojenie alkoholowe pokrzywdzonej, nie miał wątpliwości co do tego, iż w czasie składania przedmiotowych zeznań (w dniu 28.10.2010 r.) funkcjonowanie sfery psychicznej pokrzywdzonej było prawidłowe, a zatem ówczesny stan jej świadomości pozwalał na złożenie zeznań nie zakłóconych czynnikami zewnętrznymi. Stanowisko takie biegły wyraził zarówno w opinii pisemnej, jak i w opinii uzupełniającej na rozprawie odwoławczej w dniu 8 marca 2012 r.</xText>
          <xText> W świetle wskazanych wyżej dowodów brak jest zatem podstaw aby podważyć wartość dowodową zeznań <xAnon>D. K.</xAnon> złożonych przez nią w dniu 28 października 2010 r. ( k.22-25).</xText>
          <xText> W kolejnej części apelacji (<xLexLink xArt="art. 174 pkt. 2;art. 174 pkt. 2 ppkt. 2" xIsapId="WDU19970890555" xTitle="Ustawa z dnia 6 czerwca 1997 r. - Kodeks postępowania karnego" xAddress="Dz. U. z 1997 r. Nr 89, poz. 555">pkt II, podpkt 2</xLexLink>, str. 2-3, k. 502-503) autor zarzucił obrazę <xLexLink xArt="art. 174" xIsapId="WDU19970890555" xTitle="Ustawa z dnia 6 czerwca 1997 r. - Kodeks postępowania karnego" xAddress="Dz. U. z 1997 r. Nr 89, poz. 555">art. 174 k.p.k.</xLexLink> oraz <xLexLink xArt="art. 182;art. 182 § 1" xIsapId="WDU19970890555" xTitle="Ustawa z dnia 6 czerwca 1997 r. - Kodeks postępowania karnego" xAddress="Dz. U. z 1997 r. Nr 89, poz. 555">art. 182 § 1 k.p.k.</xLexLink> i <xLexLink xArt="art. 191;art. 191 § 2" xIsapId="WDU19970890555" xTitle="Ustawa z dnia 6 czerwca 1997 r. - Kodeks postępowania karnego" xAddress="Dz. U. z 1997 r. Nr 89, poz. 555">art. 191 § 2 k.p.k.</xLexLink></xText>
          <xText> Apelacja w tej części jest bezzasadna.</xText>
          <xText> Na kanwie wywodów autora środka odwoławczego, dotyczących przepisów <xLexLink xArt="art. 182;art. 182 § 1" xIsapId="WDU19970890555" xTitle="Ustawa z dnia 6 czerwca 1997 r. - Kodeks postępowania karnego" xAddress="Dz. U. z 1997 r. Nr 89, poz. 555">art. 182 § 1 k.p.k.</xLexLink> i <xLexLink xArt="art. 191;art. 191 § 2" xIsapId="WDU19970890555" xTitle="Ustawa z dnia 6 czerwca 1997 r. - Kodeks postępowania karnego" xAddress="Dz. U. z 1997 r. Nr 89, poz. 555">art. 191 § 2 k.p.k.</xLexLink> należy wyraźnie podkreślić, iż pokrzywdzona <xAnon>D. K.</xAnon> na żadnym etapie postępowania, będąc przesłuchiwana w charakterze świadka (pouczana za każdym razem w sposób prawidłowy o treści <xLexLink xArt="art. 182;art. 182 § 1" xIsapId="WDU19970890555" xTitle="Ustawa z dnia 6 czerwca 1997 r. - Kodeks postępowania karnego" xAddress="Dz. U. z 1997 r. Nr 89, poz. 555">art. 182 § 1 k.p.k.</xLexLink>), nie odmówiła złożenia zeznań (vide k. 22, 197-198 i 375v), dlatego też naruszenie powołanych wyżej przepisów w niniejszej sprawie nie wchodzi w ogóle w grę.</xText>
          <xText> Autor apelacji dopatruje się obrazy wskazanych przepisów w tym, że <xAnon>D. K.</xAnon> nie została pouczona o prawie do odmowy zeznań podczas tzw. rozpytania przeprowadzonego przez funkcjonariusza policji <xAnon>A. B.</xAnon> w czasie jego pobytu w szpitalu w dniu 27 października 2010 r. (vide k. 4), przy czym sama pokrzywdzona – według apelującego – oświadczyła wówczas „<xIx> w sposób wyraźny, iż odmawia złożenia zeznań obciążających oskarżonego” (</xIx> pkt II podpkt 2 apelacji, str. 2 i<xIx> n fine – 3 in principio,</xIx> k.502-503 oraz str. 9-10 apelacji, k. 509-510).</xText>
          <xText> W związku z powyższym należy stwierdzić, iż tzw. rozpytanie (vide notatka urzędowa k. 5) nie stanowi czynności procesowej w rozumieniu <xLexLink xArt="" xIsapId="WDU19970890555" xTitle="Ustawa z dnia 6 czerwca 1997 r. - Kodeks postępowania karnego" xAddress="Dz. U. z 1997 r. Nr 89, poz. 555">Kodeksu postępowania karnego</xLexLink>, obligującej do informowania osoby „<xIx> rozpytywanej”</xIx> o treści <xLexLink xArt="art. 182;art. 182 § 1" xIsapId="WDU19970890555" xTitle="Ustawa z dnia 6 czerwca 1997 r. - Kodeks postępowania karnego" xAddress="Dz. U. z 1997 r. Nr 89, poz. 555">art. 182 § 1 k.p.k.</xLexLink> Jest to bowiem jedynie niesformalizowana rozmowa funkcjonariusza policji z daną osobą.</xText>
          <xText> Tryb przesłuchania danej osoby w sposób formalny w charakterze świadka określa <xLexLink xArt="art. 191" xIsapId="WDU19970890555" xTitle="Ustawa z dnia 6 czerwca 1997 r. - Kodeks postępowania karnego" xAddress="Dz. U. z 1997 r. Nr 89, poz. 555">art. 191 k.p.k.</xLexLink> Zgodnie z § 2 powołanego przepisu świadka należy uprzedzić o treści <xLexLink xArt="art. 182" xIsapId="WDU19970890555" xTitle="Ustawa z dnia 6 czerwca 1997 r. - Kodeks postępowania karnego" xAddress="Dz. U. z 1997 r. Nr 89, poz. 555">art. 182 k.p.k.</xLexLink> wówczas, gdy przesłuchanie to ma sformalizowaną (według reguł określonych w <xLexLink xArt="" xIsapId="WDU19970890555" xTitle="Ustawa z dnia 6 czerwca 1997 r. - Kodeks postępowania karnego" xAddress="Dz. U. z 1997 r. Nr 89, poz. 555">k.p.k.</xLexLink>) procedurę, przy czym z czynności tej sporządzony zostaje protokół, który również winien mieć ściśle określoną formę ( <xLexLink xArt="art. 143;art. 143 § 1;art. 143 § 1 pkt. 2" xIsapId="WDU19970890555" xTitle="Ustawa z dnia 6 czerwca 1997 r. - Kodeks postępowania karnego" xAddress="Dz. U. z 1997 r. Nr 89, poz. 555">art. 143 § 1 pkt 2 k.p.k.</xLexLink> i <xLexLink xArt="art. 148" xIsapId="WDU19970890555" xTitle="Ustawa z dnia 6 czerwca 1997 r. - Kodeks postępowania karnego" xAddress="Dz. U. z 1997 r. Nr 89, poz. 555">art. 148 k.p.k.</xLexLink>) i winien zostać podpisany przez osoby biorące udział w owej czynności ( <xLexLink xArt="art. 150" xIsapId="WDU19970890555" xTitle="Ustawa z dnia 6 czerwca 1997 r. - Kodeks postępowania karnego" xAddress="Dz. U. z 1997 r. Nr 89, poz. 555">art. 150 k.p.k.</xLexLink>).</xText>
          <xText> Jak wspomniano uprzednio <xAnon>D. K.</xAnon> za każdym razem, będąc przesłuchiwana w sposób formalny w charakterze świadka, była pouczana zgodnie z <xLexLink xArt="art. 191;art. 191 § 2" xIsapId="WDU19970890555" xTitle="Ustawa z dnia 6 czerwca 1997 r. - Kodeks postępowania karnego" xAddress="Dz. U. z 1997 r. Nr 89, poz. 555">art. 191 § 2 k.p.k.</xLexLink> o treści <xLexLink xArt="art. 182;art. 182 § 1" xIsapId="WDU19970890555" xTitle="Ustawa z dnia 6 czerwca 1997 r. - Kodeks postępowania karnego" xAddress="Dz. U. z 1997 r. Nr 89, poz. 555">art. 182 § 1 k.p.k.</xLexLink> i nigdy nie odmówiła złożenia zeznań (vide: k.22-25, 197-200 i 375v-377).</xText>
          <xText> Jeśli chodzi natomiast o czynność tzw. rozpytania (stosowaną w praktyce policyjnej), nie jest to czynność, do której mają zastosowanie wskazane wyżej reguły związane z formalnym przesłuchaniem danej osoby w charakterze świadka. Owo rozpytanie stanowi w istocie czynności pozaprocesową (niesformalizowaną rozmowę ze świadkiem), dlatego też wiązanie jej przez autora apelacji z przepisami <xLexLink xArt="art. 182;art. 182 § 1" xIsapId="WDU19970890555" xTitle="Ustawa z dnia 6 czerwca 1997 r. - Kodeks postępowania karnego" xAddress="Dz. U. z 1997 r. Nr 89, poz. 555">art. 182 § 1 k.p.k.</xLexLink> i <xLexLink xArt="art. 191;art. 191 § 2" xIsapId="WDU19970890555" xTitle="Ustawa z dnia 6 czerwca 1997 r. - Kodeks postępowania karnego" xAddress="Dz. U. z 1997 r. Nr 89, poz. 555">art. 191 § 2 k.p.k.</xLexLink> należy uznać za zabieg chybiony.</xText>
          <xText> Jeżeli zatem uznać owo rozpytanie za czynność w istocie pozaprocesową dla wyjaśnienia omawianej kwestii, można odwołać się do poglądów judykatury ukształtowanych na tle sytuacji, w której osoba uprawniona do odmowy złożenia zeznań korzysta z tego prawa (należy tu jednak dobitnie podkreślić, iż nie dotyczy to sytuacji zaistniałej w sprawie niniejszej, albowiem jak uprzednio stwierdzono pokrzywdzona <xAnon>D. K.</xAnon> nie odmówiła w tej sprawie zeznań).</xText>
          <xText> Sąd Apelacyjny we Wrocławiu – jeszcze na gruncie <xLexLink xArt="art. 168" xIsapId="WDU19690130096" xTitle="Ustawa z dnia 19 kwietnia 1969 r. - Kodeks postępowania karnego" xAddress="Dz. U. z 1969 r. Nr 13, poz. 96">art. 168 k.p.k. z 1969 r.</xLexLink> (będącego odpowiednikiem <xLexLink xArt="art. 186" xIsapId="WDU19690130096" xTitle="Ustawa z dnia 19 kwietnia 1969 r. - Kodeks postępowania karnego" xAddress="Dz. U. z 1969 r. Nr 13, poz. 96">art. 186 k.p.k.</xLexLink>) – stanął przed problemem, czy zakazem odtwarzania objęte są wszystkie wypowiedzi świadka, który następnie skorzystał z przysługującego mu prawa do odmowy złożenia zeznań lub odpowiedzi na pytania. Rozstrzygając tę kwestię, Sąd ten podniósł, że zakaz odtwarzania nie obejmuje wszystkich wypowiedzi osób, którym przysługuje prawo określone w <xLexLink xArt="art. 182;art. 185" xIsapId="WDU19690130096" xTitle="Ustawa z dnia 19 kwietnia 1969 r. - Kodeks postępowania karnego" xAddress="Dz. U. z 1969 r. Nr 13, poz. 96">art. 182 i 185 k.p.k.</xLexLink> i stwierdził, że : „<xIx> Zawarty w <xLexLink xArt="art. 168" xIsapId="WDU19690130096" xTitle="Ustawa z dnia 19 kwietnia 1969 r. - Kodeks postępowania karnego" xAddress="Dz. U. z 1969 r. Nr 13, poz. 96">art. 168 k.p.k.</xLexLink> zakaz odtwarzania zeznań osób najbliższych dla oskarżonego, które skorzystały z prawa przysługującego im zgodnie z <xLexLink xArt="art. 165;art. 165 § 1" xIsapId="WDU19690130096" xTitle="Ustawa z dnia 19 kwietnia 1969 r. - Kodeks postępowania karnego" xAddress="Dz. U. z 1969 r. Nr 13, poz. 96">art. 165 §1 k.p.k.</xLexLink>, albo osób pozostających z oskarżonym w szczególnie bliskim stosunku osobistym, które skorzystały ze zwolnienia przewidzianego w <xLexLink xArt="art. 167" xIsapId="WDU19690130096" xTitle="Ustawa z dnia 19 kwietnia 1969 r. - Kodeks postępowania karnego" xAddress="Dz. U. z 1969 r. Nr 13, poz. 96">art. 167 k.p.k.</xLexLink>, nie oznacza zakazu odtwarzania wszystkich wypowiedzi tych osób, w szczególności dotyczących zdarzenia,</xIx><xBx><xIx> pozaprocesowych relacji przekazanych świadkom którym prawo do odmowy zeznań nie przysługuje,</xIx></xBx><xIx> w związku z czym zeznania takich świadków na okoliczność informacji uzyskanych od osób wskazanych w powołanym na wstępie przepisie mogą stanowić podstawę do dokonywania ustaleń faktycznych” (</xIx> wyrok SA we Wrocławiu z dnia 18 lutego 1997 r., II AKa 7/97, OSA 1997, z. 10, poz. 45).</xText>
          <xText> W świetle przytoczonego stanowiska (zachowującego pełną aktualność na gruncie obecnie obowiązującego <xLexLink xArt="art. 186;art. 186 § 1" xIsapId="WDU19970890555" xTitle="Ustawa z dnia 6 czerwca 1997 r. - Kodeks postępowania karnego" xAddress="Dz. U. z 1997 r. Nr 89, poz. 555">art. 186 § 1 k.p.k.</xLexLink>) nic nie stoi na przeszkodzie, aby odtworzyć pozaprocesowe wypowiedzi osoby uprawnionej do odmowy złożenia zeznań lub odpowiedzi na pytania. Granicę przedmiotową omawianego zakazu wyznacza charakter relacji przekazanej przez osobę korzystającą z uprawnień przewidzianych w <xLexLink xArt="art. 182;art. 185" xIsapId="WDU19970890555" xTitle="Ustawa z dnia 6 czerwca 1997 r. - Kodeks postępowania karnego" xAddress="Dz. U. z 1997 r. Nr 89, poz. 555">art. 182 i 185 k.p.k.</xLexLink><xBx> Jeśli jest to pozaprocesowa wypowiedź takiej osoby, to nic nie stoi na przeszkodzie odtworzeniu jej treści za pomocą zeznań świadka będącego adresatem owej wypowiedzi. Jeśli zaś wypowiedź osoby uprawnionej przybiera procesową postać zeznań, to odtworzenie tej wypowiedzi w świetle <xLexLink xArt="art. 186;art. 186 § 1" xIsapId="WDU19970890555" xTitle="Ustawa z dnia 6 czerwca 1997 r. - Kodeks postępowania karnego" xAddress="Dz. U. z 1997 r. Nr 89, poz. 555">art. 186 § 1 k.p.k.</xLexLink> nie będzie dopuszczalne.</xBx></xText>
          <xText> W kolejnym orzeczeniu Sąd Apelacyjny we Wrocławiu wskazał, że możliwość dowodzenia za pomocą zeznań świadków treści pozaprocesowych relacji dotyczących przebiegu inkryminowanego zdarzenia, przekazanych owym świadkom przez osobę uprawnioną do odmowy złożenia zeznań lub odpowiedzi na pytania (która z tego prawa następnie skorzystała), dotyczy również zeznań funkcjonariuszy policji, którzy przybyli na miejsce zdarzenia w ramach interwencji: „<xIx> Użyte w <xLexLink xArt="art. 186" xIsapId="WDU19970890555" xTitle="Ustawa z dnia 6 czerwca 1997 r. - Kodeks postępowania karnego" xAddress="Dz. U. z 1997 r. Nr 89, poz. 555">art. 186 k.p.k.</xLexLink> sformułowanie &lt;&lt;poprzednio złożone zeznanie&gt;&gt; wskazuje, iż wchodzi tu w grę jedynie zakaz posługiwania się konkretnym, utrwalonym w protokole przesłuchania danego świadka zeznaniem oraz zakaz odtworzenia tego protokołu – jednym słowem zakaz opierania się na jego treści przy wydaniu orzeczenia karnego. Dopuszczalne jest natomiast odtwarzanie wypowiedzi świadka złożonych poza protokołem przesłuchania tak w prywatnej rozmowie z osobami trzecimi jak i z funkcjonariuszami policji, którzy przyjechali na interwencję”</xIx> (wyrok SA we Wrocławiu z dnia 21 grudnia 2001 r., II AKa 558/01, OSA 2002, z. 5, poz. 43).</xText>
          <xText> W przytoczonym orzeczeniu wyraźnie zakreślono zakres źródeł dowodowych, za pomocą których można dowodzić treści pozaprocesowych wypowiedzi osób, które skorzystały z prawa do odmowy złożenia zeznań lub odpowiedzi na pytania, słusznie obejmując nimi również funkcjonariuszy policji. Już w uzasadnieniu poprzedniego orzeczenia Sąd Apelacyjny we Wrocławiu wskazał, że dopuszczalne jest przesłuchanie policjantów, którzy uzyskali wiedzę na temat czynów oskarżonego zarówno powziętą samodzielnie (na podstawie osobistych spostrzeżeń), jak pochodzącą z relacji innych osób, w tym m.in. pokrzywdzonych. Zastrzegł jednak przy tym – powołując się w tym względzie na stanowisko wyrażone w wyroku SN z dnia 11 października 1976 r., II KR 252/76, OSNPG 1977, nr 2, poz. 17 – że dopuszczenie zeznań funkcjonariuszy może nastąpić, jeżeli nie mieli oni później jakiegokolwiek kontaktu z prowadzonym postępowaniem przygotowawczym. W omawianym orzeczeniu Sąd Apelacyjny trafnie wskazał, że możliwe jest przesłuchanie funkcjonariuszy policji, którzy przybyli na interwencję. Stanowisko to jest trafne, ponieważ funkcjonariusze policji, którzy przybyli na interwencję, nie występują jeszcze w charakterze organu prowadzącego postępowanie, a jedynie zbierają dane, które mogą dopiero dać podstawę do jego wszczęcia ( <xLexLink xArt="art. 303" xIsapId="WDU19970890555" xTitle="Ustawa z dnia 6 czerwca 1997 r. - Kodeks postępowania karnego" xAddress="Dz. U. z 1997 r. Nr 89, poz. 555">art. 303 k.p.k.</xLexLink>). Stąd też informacje im przekazane przez osoby, które mogą potencjalnie uzyskać status świadków uprawnionych do odmowy zeznań, nie mają charakteru zeznań, a zatem nie są objęte zawartym w <xLexLink xArt="art. 186;art. 186 § 1" xIsapId="WDU19970890555" xTitle="Ustawa z dnia 6 czerwca 1997 r. - Kodeks postępowania karnego" xAddress="Dz. U. z 1997 r. Nr 89, poz. 555">art. 186 § 1 k.p.k.</xLexLink> zakazem odtwarzania. Są to pozaprocesowe relacje tych osób, przekazywane poza toczącym się postępowaniem, a zatem nieobjęte jego rygorami w zakresie odbierania oświadczeń od osób przesłuchiwanych w określonym charakterze ( <xLexLink xArt="art. 143;art. 143 § 1" xIsapId="WDU19970890555" xTitle="Ustawa z dnia 6 czerwca 1997 r. - Kodeks postępowania karnego" xAddress="Dz. U. z 1997 r. Nr 89, poz. 555">art. 143 § 1 k.p.k.</xLexLink>).</xText>
          <xText> Reasumując, trzeba podkreślić, że w orzecznictwie słusznie wskazuje się, iż o obowiązywaniu zakazu odtworzenia wypowiedzi osoby uprawnionej decyduje zarówno charakter owej wypowiedzi (procesowa lub pozaprocesowa), jak i status jej adresata.</xText>
          <xText> Wskazany przez autora apelacji funkcjonariusz policji <xAnon>A. B.</xAnon> nie dokonywał w niniejszej sprawie żadnych czynności procesowych, przewidzianych w <xLexLink xArt="" xIsapId="WDU19970890555" xTitle="Ustawa z dnia 6 czerwca 1997 r. - Kodeks postępowania karnego" xAddress="Dz. U. z 1997 r. Nr 89, poz. 555">kodeksie postępowania karnego</xLexLink> (nie jest taką czynnością – o czym wcześniej wspomniano – tzw. rozpytanie przeprowadzone w czasie jego wizyty w szpitalu). Kluczowe w niniejszej sprawie zeznania odebrała od pokrzywdzonej <xAnon>D. K.</xAnon> w sposób formalny funkcjonariuszka policji st. asp. <xAnon>J. G.</xAnon> ( k.22). Drugi i ostatni raz w toku postępowania przygotowawczego pokrzywdzona została przesłuchana przez prokuratora ( k.197).</xText>
          <xText> Należy przy tym wspomnieć, iż zawarte w apelacji stwierdzenie, iż pokrzywdzona poinformowała funkcjonariusza policji <xAnon>A. B.</xAnon>, w czasie jego wizyty w szpitalu iż<xIx> „odmawia złożenia zeznań obciążających oskarżonego” (</xIx> vide str. 3<xIx> in principio</xIx> apelacji) nie polega na prawdzie. Nie wynika to ani z treści notatki urzędowej sporządzonej przez wymienionego funkcjonariusza ( k.5), ani też z treści zeznań złożonych przez niego w charakterze świadka ( k.157-158 i k. 451). Z zeznań tych wynika jedynie, iż pokrzywdzona nie miała zamiaru składać zawiadomienia o przestępstwie i wniosku o ściganie ( k.157v) oraz, że stwierdziła, iż „<xIx> nie chce za dużo mówić, by nie obciążyć swojego męża, czy konkubina”</xIx> ( k.451). Uznanie przez autora apelacji owych wypowiedzi pokrzywdzonej za „<xIx> wyraźną odmowę złożenia zeznań obciążających oskarżonego” (</xIx> k. 503<xIx> in principio)</xIx> stanowi ewidentną nadinterpretację tych stwierdzeń, tym bardziej jeśli zważyć (co było uprzednio wielokrotnie podkreślane), że <xAnon>D. K.</xAnon>, będąc przesłuchiwana formalnie w charakterze świadka ani razu nie skorzystała z prawa do odmowy zeznań (również w czasie pierwszego przesłuchania w dniu 28.10.2010 r.).</xText>
          <xText> Reasumując powyższe należy podnieść, że brak jest podstaw do uznania, iż przedstawienie przez świadka <xAnon>A. B.</xAnon> relacji, jaką uzyskał on od pokrzywdzonej na temat okoliczności i przebiegu przedmiotowego zdarzenia, w czasie odbytej z nią w szpitalu rozmowy, stanowiło obejście <xLexLink xArt="art. 186;art. 186 § 1" xIsapId="WDU19970890555" xTitle="Ustawa z dnia 6 czerwca 1997 r. - Kodeks postępowania karnego" xAddress="Dz. U. z 1997 r. Nr 89, poz. 555">art. 186 §1<xIx> in fine</xIx> k.p.k.</xLexLink> Z tego względu dotyczący tej kwestii zarzut apelacji należało uznać za bezzasadny.</xText>
          <xText> Bezzasadny jest również zarzut obrazy <xLexLink xArt="art. 174" xIsapId="WDU19970890555" xTitle="Ustawa z dnia 6 czerwca 1997 r. - Kodeks postępowania karnego" xAddress="Dz. U. z 1997 r. Nr 89, poz. 555">art. 174 k.p.k.</xLexLink> (vide str. 2<xIx> in fine</xIx> i str. 10 apelacji).</xText>
          <xText><xAnon>A. B.</xAnon> został przesłuchany w niniejszej sprawie w charakterze świadka dwukrotnie (raz w postępowaniu przygotowawczym – k. 157-158 i drugi raz na rozprawie – k. 451). Wprawdzie podczas rozprawy odczytano sporządzoną przez niego notatkę służbową ( k.5) dotyczącą rozmowy jaką przeprowadził on z pokrzywdzoną, podczas jej pobytu w szpitalu ( k.451v), jednakże zanim to nastąpiło świadek złożył spontaniczne zeznania, w których samodzielnie przedstawił to co dowiedział się od pokrzywdzonej na temat przebiegu zdarzenia ( k.451).</xText>
          <xText> To samo świadek <xAnon>A. B.</xAnon> zeznał już wcześniej – w toku śledztwa ( k.157-158), a zeznania te podtrzymał na rozprawie ( k.451v).</xText>
          <xText> W sprawie niniejszej istnieje zatem dowód w postaci zeznań świadka <xAnon>A. B.</xAnon>, utrwalonych w prawidłowo sporządzonych protokołach, zaś z części uzasadnienia orzeczenia zawierającej ustalenia faktyczne wynika, że to właśnie ten dowód (tzn. zeznania świadka z dnia 7 stycznia 2011 r. złożone do protokołu zawartego na kartach 157-158 akt sprawy, a nie notatka urzędowa zawarta na karcie 5), stanowił podstawę do czynienia owych ustaleń (str. 5 uzasadnienia, k. 483).</xText>
          <xText> Również w dalszej części uzasadnienia zaskarżonego wyroku<xIx> Sąd meriti</xIx> odwołał się jednoznacznie do dowodu z zeznań <xAnon>A. B.</xAnon> (str. 12, k. 486v), natomiast nigdzie nie ma odwołania do wspomnianej notatki służbowej ( k.5).</xText>
          <xText> Przepis <xLexLink xArt="art. 174" xIsapId="WDU19970890555" xTitle="Ustawa z dnia 6 czerwca 1997 r. - Kodeks postępowania karnego" xAddress="Dz. U. z 1997 r. Nr 89, poz. 555">art. 174 k.p.k.</xLexLink> adresowany jest do organów prowadzących postępowanie karne. Tomasz Grzegorczyk w Komentarzu do powołanego przepisu (Kodeks postępowania karnego, Komentarz, Wyd. 5, LEX, Warszawa 2008 r., str. 396) wywodzi, iż „<xIx> Notatka służbowa sporządzona przez funkcjonariusza nie może stanowić podstawy ustalenia, że okoliczności i fakty w niej opisane w rzeczywistości zdarzyły się, w szczególności gdy w protokołach przesłuchania, stanowiących jedyną w obecnym stanie prawnym formę utrwalania dowodu osobowego, te okoliczności i fakty nie znalazły potwierdzenia. Dowodów z wyjaśnień i zeznań nie wolno zastępować treścią pism lub zapisków, i w związku z tym nie można tychże, a także innych pism o charakterze informacyjnym, przeciwstawiać dowodom zebranym i zabezpieczonym zgodnie z przepisami <xLexLink xArt="dział 5" xIsapId="WDU19970890555" xTitle="Ustawa z dnia 6 czerwca 1997 r. - Kodeks postępowania karnego" xAddress="Dz. U. z 1997 r. Nr 89, poz. 555">działu V k.p.k.</xLexLink> (zob. w. SN z 22 stycznia 1981 r., II KR 404/80, OSNPG 11/1981, poz. 121)”.</xIx></xText>
          <xText> Jak wspomniano uprzednio Sąd I instancji nie poczynił żadnych ustaleń faktycznych w oparciu o przedmiotową notatkę służbową (ustalenia takie czynił wyłącznie w oparciu o zeznania <xAnon>A. B.</xAnon> zawarte w protokołach przesłuchań), a zatem nie miała ona żadnego znaczenia dowodowego i nie zastąpiła owych zeznań. Z tego względu brak jest podstaw do przyjęcia, iż doszło tu do obrazy <xLexLink xArt="art. 174" xIsapId="WDU19970890555" xTitle="Ustawa z dnia 6 czerwca 1997 r. - Kodeks postępowania karnego" xAddress="Dz. U. z 1997 r. Nr 89, poz. 555">art. 174 k.p.k.</xLexLink>, polegającej na zastąpieniu treścią notatki urzędowej zeznań świadka <xAnon>A.</xAnon><xAnon>B.</xAnon>. Należy tu dodać, iż<xIx> Sąd meriti</xIx> oparł się na zeznaniach wymienionego świadka złożonych w dniu 7 stycznia 2011 r. ( k.157-158), a zatem niedługo po uzyskaniu przez niego od pokrzywdzonej wiedzy co do przebiegu zdarzenia ( 27.10.2011 r.). W tym czasie <xAnon>A. B.</xAnon> z pewnością pamiętał treść rozmowy jaką przeprowadził z <xAnon>D. K.</xAnon> w szpitalu w dniu 27.10.2010 r.</xText>
          <xText> W <xLexLink xArt="art. 7 pkt. 2;art. 7 pkt. 2 ppkt. 3" xIsapId="WDU19970890555" xTitle="Ustawa z dnia 6 czerwca 1997 r. - Kodeks postępowania karnego" xAddress="Dz. U. z 1997 r. Nr 89, poz. 555">pkt II podpkt 3</xLexLink> apelacji (str. 3, k. 503) autor zarzucił obrazę <xLexLink xArt="art. 7" xIsapId="WDU19970890555" xTitle="Ustawa z dnia 6 czerwca 1997 r. - Kodeks postępowania karnego" xAddress="Dz. U. z 1997 r. Nr 89, poz. 555">art. 7 k.p.k.</xLexLink> Zarzut ten dotyczy dokonanej przez<xIx> Sąd meriti</xIx> oceny zeznań świadków <xAnon>J. H.</xAnon> i <xAnon>A. C.</xAnon>. Przed odniesieniem się do owego zarzutu należy podkreślić, iż zasadniczym dowodem świadczącym o sprawstwie i winie oskarżonego co do czynu wyczerpującego znamiona przestępstwa z <xLexLink xArt="art. 156;art. 156 § 1;art. 156 § 1 pkt. 2" xIsapId="WDU19970880553" xTitle="Ustawa z dnia 6 czerwca 1997 r. - Kodeks karny" xAddress="Dz. U. z 1997 r. Nr 88, poz. 553">art. 156 § 1 pkt 2 k.k.</xLexLink>, są zeznania pokrzywdzonej <xAnon>D. K.</xAnon> złożone w dniu 28 października 2010 r. ( k.22-25 akt sprawy), a zatem następnego dnia po zdarzeniu.</xText>
          <xText> Zeznania świadków powołanych w pkt II podpkt 3 apelacji stanowią jedynie dowody uzupełniające ów wskazany wyżej dowód o kluczowym znaczeniu.</xText>
          <xText> Jak wspomniano na wstępie apelujący dąży do podważenia wartości dowodowej powołanych zeznań pokrzywdzonej ze śledztwa ( k.22-25), usiłując wykazać, że zostały one złożone w warunkach, gdy jej psychika nie funkcjonowała należycie z powodu przyjmowanych przez nią w ówczesnym czasie leków, a także z uwagi na uprzedni stan upojenia alkoholowego (str. 8-9 apelacji).</xText>
          <xText> Występujący w sprawie biegły z zakresu psychiatrii wykluczył, aby wskazane przez apelującego czynniki miały wpływ na zdolność odtwarzania przez <xAnon>D. K.</xAnon> wydarzeń (do których doszło 27 października 2010 r.) podczas składania przez nią zeznań w dniu 28 października 2010 r., w godzinach od 11.00 do 12.30 (vide k. 579-580). Była już na ten temat mowa uprzednio. Niemniej wypada raz jeszcze podkreślić, iż okoliczności wskazane przez obrońcę oskarżonego na stronach 8 i 9 środka odwoławczego (dotyczące <xAnon>D. K.</xAnon>), nie podważają dowodu z zeznań pokrzywdzonej zawartych na kartach 22-25 akt sprawy.</xText>
          <xText> Należy tu dodać (na co zwrócił uwagę biegły psychiatra), iż w odniesieniu do pokrzywdzonej <xAnon>D. K.</xAnon> została wydana również opinia psychologiczna ( k.226-227). Opinia ta dotyczy zeznań złożonych przez pokrzywdzoną w dniu 26 stycznia 2011 r. w prokuraturze (zawartych na kartach 197-200 akt sprawy). Wynika z niej, że podczas składania owych zeznań <xAnon>D. K.</xAnon> nie była szczera, a jej wypowiedzi były nacechowane intencjonalnie (vide k. 227).</xText>
          <xText> O tym, iż pokrzywdzona odwołując obciążające oskarżonego zeznania z dnia 28 października 2010 r. ( k.22-25) nie była szczera, przekonuje również treść jej zeznań złożonych podczas rozprawy w dniu 23 sierpnia 2011 r. Twierdzenie pokrzywdzonej, iż treść owych pierwotnych zeznań po prostu wymyśliła (vide k. 376v) nie trafia do przekonania z dwóch powodów. Oświadczenie to podważa treść wspomnianej wyżej, dotyczącej <xAnon>D. K.</xAnon> opinii psychologicznej, a po drugie o braku szczerości w wypowiedziach pokrzywdzonej, przekonuje dalsza część jej zeznań z rozprawy. <xAnon>D. K.</xAnon> na pytanie obrońcy oskarżonego oświadczyła, że składając owe pierwotne zeznania w śledztwie nie była w pełni świadoma „<xIx> tego co się dzieje wokół mnie, co mówię”</xIx> z powodu otrzymywanych leków przeciwbólowych ( k.377).</xText>
          <xText> Z powołanej uprzednio opinii psychiatrycznej (dotyczącej tej właśnie kwestii) wynika jednak jednoznacznie, że stan psychiczny pokrzywdzonej podczas przesłuchania w dniu 28.10.2010 r. nie był taki, jak usiłowała to ona przedstawić na rozprawie w dniu 23 sierpnia 2011 r., a zatem była ona w owej kwestii nieszczera.</xText>
          <xText> Należy nadto zwrócić uwagę na następującą wypowiedź pokrzywdzonej z rozprawy: „<xIx> Policjantka zadawała mi po prostu pytania, a ja odpowiadałam” (</xIx> k.377). Wynika z tego, że treść zeznań nie była pokrzywdzonej w dniu 28.10.2010 r. w jakikolwiek sposób sugerowana, czy też narzucana przez funkcjonariuszkę policji prowadzącą przedmiotowe przesłuchanie. Jeśli przy tym zważyć fakt, że owe zeznania zostały złożone krótko po zdarzeniu, a zatem miały spontaniczny charakter, a także jeśli zważyć na podjętą przez pokrzywdzoną nieudolną próbę tłumaczenia ich treści na rozprawie ( k.376v), należy zgodzić się ze stanowiskiem Sądu I instancji, iż zeznania te ( k. 22-25) stanowią w pełni miarodajny i wiarygodny materiał dowodowy (str. 10-12 uzasadnienia orzeczenia).</xText>
          <xText> Sąd I instancji uzasadnił przy tym logicznie i przekonująco dlaczego nie zasługują na wiarę zeznania <xAnon>D. K.</xAnon> złożone w prokuraturze ( k.197-200), a następnie na rozprawie sądowej (str. 11-12 uzasadnienia orzeczenia). Ocena omawianego dowodu została dokonana przez<xIx> Sąd meriti</xIx> w pełnej zgodzie z regułami określonymi w <xLexLink xArt="art. 7" xIsapId="WDU19970890555" xTitle="Ustawa z dnia 6 czerwca 1997 r. - Kodeks postępowania karnego" xAddress="Dz. U. z 1997 r. Nr 89, poz. 555">art. 7 k.p.k.</xLexLink>, w związku z czym zasługuje na akceptację.</xText>
          <xText> Nie nasuwa również zastrzeżeń dokonana przez Sąd I instancji ocena zeznań świadka <xAnon>J. H.</xAnon>. Sąd ten dokonał prawidłowej analizy całokształtu złożonych przez niego w niniejszej sprawie zeznań, po czym stwierdził, że depozycje wymienionego świadka z rozprawy, w których zmienił on w istotny sposób zeznania ze śledztwa, nie są wiarygodne. Swoje stanowisko w tej kwestii<xIx> Sąd meriti</xIx> uzasadnił logicznie i w pełni przekonująco (str. 11-13 uzasadnienia orzeczenia).</xText>
          <xText> Należy do tego dodać, iż oświadczenie świadka, że to osoba prowadząca przesłuchanie w toku postępowania przygotowawczego samowolnie układała treść jego zeznań i sama (bez jego udziału) wpisała do protokołu fakty świadczące o sprawstwie i winie oskarżonego co do czynu z <xLexLink xArt="art. 156;art. 156 § 1;art. 156 § 1 pkt. 2" xIsapId="WDU19970890555" xTitle="Ustawa z dnia 6 czerwca 1997 r. - Kodeks postępowania karnego" xAddress="Dz. U. z 1997 r. Nr 89, poz. 555">art. 156 § 1 pkt 2 k.p.k.</xLexLink>, jest tak dalece naiwne i nieprzekonujące (w świetle <xLexLink xArt="art. 7" xIsapId="WDU19970890555" xTitle="Ustawa z dnia 6 czerwca 1997 r. - Kodeks postępowania karnego" xAddress="Dz. U. z 1997 r. Nr 89, poz. 555">art. 7 k.p.k.</xLexLink>), że nie może zostać uznane za wiarygodne. Trzeba przy tym zauważyć, iż ta sama osoba (st. asp. <xAnon>J. G.</xAnon>) przesłuchiwała też pokrzywdzoną <xAnon>D. K.</xAnon>, która nie miała żadnych zastrzeżeń co do przebiegu owego przesłuchania i zachowania podczas tej czynności procesowej osoby przesłuchującej (vide k. 337).</xText>
          <xText> Charakterystyczne jest, iż zarówno <xAnon>D. K.</xAnon>, jak i świadek <xAnon>J. H.</xAnon> przyjęli na rozprawie podobną postawę, negując w sposób nieudolny i naiwny treść swoich zeznań ze śledztwa, w których jednoznacznie obciążyli oskarżonego winą za spowodowanie ciężkich obrażeń ciała (oparzeń) u pokrzywdzonej.</xText>
          <xText> Sposób w jaki <xAnon>D. K.</xAnon> i <xAnon>J. H.</xAnon> usiłowali zmienić treść swoich wcześniejszych zeznań, obciążających oskarżonego (jeśli zastosować tu kryteria oceny dowodów określone w <xLexLink xArt="art. 7" xIsapId="WDU19970890555" xTitle="Ustawa z dnia 6 czerwca 1997 r. - Kodeks postępowania karnego" xAddress="Dz. U. z 1997 r. Nr 89, poz. 555">art. 7 k.p.k.</xLexLink>) stanowi oczywistą, a przy tym nieudolną próbę wsparcia przez nich linii obrony prezentowanej przez <xAnon>L. T.</xAnon>. Tak też owe zmienione zeznania tych osób zostały ocenione przez<xIx> Sąd meriti</xIx> (str. 11 uzasadnienia orzeczenia) i z oceną tą należy się zgodzić.</xText>
          <xText> Autor apelacji polemizując z dokonaną w pierwszej instancji oceną wskazanych dowodów, poza przedstawieniem własnego (subiektywnego) stanowiska w owej kwestii, nie był w stanie wykazać, iż dokonując tej oceny Sąd Okręgowy naruszył reguły, o których mowa w <xLexLink xArt="art. 7" xIsapId="WDU19970890555" xTitle="Ustawa z dnia 6 czerwca 1997 r. - Kodeks postępowania karnego" xAddress="Dz. U. z 1997 r. Nr 89, poz. 555">art. 7 k.p.k.</xLexLink></xText>
          <xText> To samo dotyczy też zeznań świadka <xAnon>A. C.</xAnon>. Również i w tej części apelujący prezentuje jedynie własne (subiektywne) przekonanie co do braku wiarygodności owego dowodu (str. 13-14 apelacji). Nie wykazał jednak w racjonalny i przekonujący sposób, aby dokonana przez<xIx> Sąd meriti</xIx> ocena zeznań wymienionego świadka pozostawała w sprzeczności z wymogami określonymi w <xLexLink xArt="art. 7" xIsapId="WDU19970890555" xTitle="Ustawa z dnia 6 czerwca 1997 r. - Kodeks postępowania karnego" xAddress="Dz. U. z 1997 r. Nr 89, poz. 555">art. 7 k.p.k.</xLexLink></xText>
          <xText> Sąd Okręgowy poddał zeznania <xAnon>A. C.</xAnon> dokładnej analizie, podkreślając iż są one stanowcze i konsekwentne, a nadto tworzą jednolitą całość z zeznaniami pokrzywdzonej złożonymi w dniu 28.10.2010 r. ( k.22-25).</xText>
          <xText> Ponadto – co jest niezmiernie istotne – Sąd Okręgowy dokonał oceny zeznań <xAnon>A. C.</xAnon>, mając z nią bezpośredni kontakt na rozprawie, a tym samym mając możliwość obserwowania jej reakcji podczas opisywania przez nią wydarzeń związanych z postępowaniem oskarżonego. Pozwoliło to Sądowi I instancji uznać, iż zachowanie świadka w czasie składania zeznań było spontaniczne oraz autentyczne, a tym samym jej depozycje są wiarygodne (vide str. 13-14 uzasadnienia orzeczenia).</xText>
          <xText> Mając na uwadze powyższe Sąd Apelacyjny uznał omawianą część apelacji (pkt II podpkt 3) za bezzasadną.</xText>
          <xText> W początkowym fragmencie środka odwoławczego (str. 2<xIx> in principio</xIx> ) autor wywodzi, że oskarżony<xIx> tempore criminis</xIx> „<xIx> dopuścił się co najwyżej nieumyślnego przestępstwa określonego w <xLexLink xArt="art. 156;art. 156 § 2" xIsapId="WDU19970880553" xTitle="Ustawa z dnia 6 czerwca 1997 r. - Kodeks karny" xAddress="Dz. U. z 1997 r. Nr 88, poz. 553">art. 156 § 2 k.k.</xLexLink> i niekwalifikowanego przestępstwa z <xLexLink xArt="art. 207;art. 207 § 1" xIsapId="WDU19970880553" xTitle="Ustawa z dnia 6 czerwca 1997 r. - Kodeks karny" xAddress="Dz. U. z 1997 r. Nr 88, poz. 553">art. 207 § 1 k.k.</xLexLink>” (</xIx> k. 502).</xText>
          <xText> To samo apelujący wywodzi też w dalszej części apelacji, stwierdzając iż brak jest dowodów na to, aby oskarżony spowodował u pokrzywdzonej ciężkie obrażenia ciała z winy umyślnej. Opierając się na zmienionych zeznaniach <xAnon>D. K.</xAnon> z postępowania przygotowawczego ( k.197-200) oraz z rozprawy, obrońca oskarżonego stwierdza, iż wprawdzie pokrzywdzona doznała ciężkich obrażeń ciała w postaci oparzeń, „<xIx> powstałych na skutek zapalenia się spirytusu, który znajdował się na jej głowie, twarzy, włosach i odzieży wierzchniej”,</xIx> dodaje jednak przy tym, iż „<xIx> bezspornym jest, że spirytus ten znalazł się tam w wyniku oblania, &lt;&lt;ochlapania&gt;&gt; jej tą substancją przez oskarżonego” (</xIx> str. 6 apelacji, k. 506).</xText>
          <xText> Apelujący podnosi zatem, że działanie oskarżonego nie było umyślne, a nadto stwierdza, iż nie ma dowodów, że to on właśnie zapalił i rzucił zapałkę, od której zapalił się znajdujący na ciele pokrzywdzonej spirytus. Równocześnie apelujący przyznaje, że gdyby działanie takie ze strony oskarżonego miało rzeczywiście miejsce, wówczas popełnienie przez niego umyślnego przestępstwa z <xLexLink xArt="art. 156;art. 156 § 1;art. 156 § 1 pkt. 2" xIsapId="WDU19970880553" xTitle="Ustawa z dnia 6 czerwca 1997 r. - Kodeks karny" xAddress="Dz. U. z 1997 r. Nr 88, poz. 553">art. 156 § 1 pkt 2 k.k.</xLexLink> byłoby niewątpliwe (cyt. „...<xIx> oczywistym jest, że działanie takie stanowiłoby kluczowe działanie sprawcze, pozwalające na jednoznaczne przyjęcie sprawstwa oskarżonego <xAnon>L. T.</xAnon> w zakresie</xIx><xBx><xIx> umyślnego</xIx></xBx><xIx> ciężkiego uszkodzenia ciała w rozumieniu <xLexLink xArt="art. 156;art. 156 § 1;art. 156 § 1 pkt. 2" xIsapId="WDU19970880553" xTitle="Ustawa z dnia 6 czerwca 1997 r. - Kodeks karny" xAddress="Dz. U. z 1997 r. Nr 88, poz. 553">art. 156 § 1 pkt 2 k.k.</xLexLink>”</xIx> - str. 6 apelacji, k. 506).</xText>
          <xText> Mając na uwadze cytowany wyżej fragment apelacji należy stwierdzić, iż takie właśnie działanie oskarżonego<xIx> tempore criminis</xIx> w świetle zasługujących na wiarę dowodów (omówionych uprzednio) wątpliwości nie budzi. Jak wcześniej wspomniano kluczowym dowodem w tym zakresie są zeznania pokrzywdzonej <xAnon>D. K.</xAnon> złożone następnego dnia po zdarzeniu ( 28.10.2010 r.), w których stanowczo i jednoznacznie oświadczyła, że to oskarżony <xAnon>L. T.</xAnon> oblał ją w sposób celowy (umyślny) spirytusem, a następnie podpalił ( k.22-25). Na temat wiarygodności owych zeznań oraz późniejszej zmiany ich treści przez pokrzywdzoną była już uprzednio mowa.</xText>
          <xText> Kolejnym dowodem (potwierdzającym przebieg zdarzenia opisany przez pokrzywdzoną w zeznaniach złożonych w dniu 28.10.2010 r.), są zeznania świadka <xAnon>J. H.</xAnon> z postępowania przygotowawczego ( k.30).</xText>
          <xText> Na temat powołanego dowodu również była uprzednio mowa. To samo dotyczy zeznań funkcjonariusza policji <xAnon>A. B.</xAnon> (tzw. świadka ze słyszenia), którego zeznania potwierdzają przebieg zdarzenia przedstawiony przez <xAnon>D. K.</xAnon> w czasie przesłuchania w dniu 28.10.2010 r. ( k.22-25 akt sprawy).</xText>
          <xText> Wskazane wyżej dowody tworzą jednolitą, wzajemnie uzupełniającą się całość, z której wynika w sposób nie budzący wątpliwości sprawstwo i wina (umyślna) oskarżonego co do przypisanego mu czynu z <xLexLink xArt="art. 156;art. 156 § 1;art. 156 § 1 pkt. 2" xIsapId="WDU19970880553" xTitle="Ustawa z dnia 6 czerwca 1997 r. - Kodeks karny" xAddress="Dz. U. z 1997 r. Nr 88, poz. 553">art. 156 § 1 pkt 2 k.k.</xLexLink></xText>
          <xText> Twierdzenie apelującego, iż do oblania pokrzywdzonej spirytusem oraz jej podpalenia doszło przypadkowo i że jest to „<xIx> bezsporne”,</xIx> a świadczący o tym materiał dowodowy „<xIx> nie pozostawia wątpliwości”</xIx> (vide str. 6 apelacji) jest wyraźnym nadużyciem z jego strony. Wiarygodne dowody (wskazane uprzednio) świadczą bowiem o czymś całkowicie odmiennym – to umyślne (celowe) działanie oskarżonego<xIx> tempore criminis</xIx> doprowadziło do powstania u pokrzywdzonej ciężkich obrażeń ciała w rozumieniu <xLexLink xArt="art. 156;art. 156 § 1;art. 156 § 1 pkt. 2" xIsapId="WDU19970880553" xTitle="Ustawa z dnia 6 czerwca 1997 r. - Kodeks karny" xAddress="Dz. U. z 1997 r. Nr 88, poz. 553">art. 156 § 1 pkt 2 k.k.</xLexLink></xText>
          <xText> W świetle powyższego postulat obrońcy oskarżonego o zakwalifikowanie czynu <xAnon>L. T.</xAnon> z <xLexLink xArt="art. 156;art. 156 § 2" xIsapId="WDU19970880553" xTitle="Ustawa z dnia 6 czerwca 1997 r. - Kodeks karny" xAddress="Dz. U. z 1997 r. Nr 88, poz. 553">art. 156 § 2 k.k.</xLexLink> jest całkowicie bezzasadny.</xText>
          <xText> Wywodząc na stronie 7 apelacji ( k.507), iż „<xIx> Sąd pozostaje w kwestii umyślności w sposób specyficznie niekonsekwentny przyjmując z jednej strony, że brak podstaw do przypisania sprawcy działania z bezpośrednim zamiarem pozbawienia życia <xAnon>D. K.</xAnon>, por. str. 16-17 uzasadnienia wyroku, a z drugiej strony przyjmując taką umyślność w zakresie ciężkiego uszkodzenia ciała”,</xIx> apelujący zapomina o swoim wcześniejszym stanowisku w tej kwestii, przedstawionym na stronie 6 środka odwoławczego. Stanowisko to zostało wcześniej przytoczone. Apelujący przyznaje tam, że gdyby rzeczywiście oskarżony w sposób zamierzony (celowy) rzucił na oblaną spirytusem pokrzywdzoną zapaloną zapałkę, wówczas fakt dopuszczenia się przez niego czynu z <xLexLink xArt="art. 156;art. 156 § 1;art. 156 § 1 pkt. 2" xIsapId="WDU19970880553" xTitle="Ustawa z dnia 6 czerwca 1997 r. - Kodeks karny" xAddress="Dz. U. z 1997 r. Nr 88, poz. 553">art. 156 § 1 pkt 2 k.k.</xLexLink> (umyślnego ciężkiego uszkodzenia ciała) nie budziłby wątpliwości. Jak wcześniej wykazano oskarżony podjął<xIx> tempore criminis</xIx> w stosunku do <xAnon>D. K.</xAnon> takie właśnie działanie. W związku z czym, przyłączając się do poglądu autora środka odwoławczego w tej kwestii (wyrażonego na str. 6 apelacji), Sąd Apelacyjny podziela zastosowaną w pierwszej instancji kwalifikację prawną owego czynu (z <xLexLink xArt="art. 156;art. 156 § 1;art. 156 § 1 pkt. 2" xIsapId="WDU19970880553" xTitle="Ustawa z dnia 6 czerwca 1997 r. - Kodeks karny" xAddress="Dz. U. z 1997 r. Nr 88, poz. 553">art. 156 § 1 pkt 2 k.k.</xLexLink>). Z tego też powodu nie ma podstaw aby z kwalifikacji prawnej przestępstwa przypisanego oskarżonemu wyeliminować <xLexLink xArt="art. 64;art. 64 § 2" xIsapId="WDU19970880553" xTitle="Ustawa z dnia 6 czerwca 1997 r. - Kodeks karny" xAddress="Dz. U. z 1997 r. Nr 88, poz. 553">art. 64 § 2 k.k.</xLexLink>, jak domaga się tego apelujący na str. 7 środka odwoławczego.</xText>
          <xText> W świetle powyższego zarzut błędu w ustaleniach faktycznych przyjętych za podstawę orzeczenia (sformułowany zarówno w części wstępnej apelacji – str. 2<xIx> in principio,</xIx> k. 502, jak i w pkt III, str. 4, k. 504) na uwzględnienie nie zasługuje.</xText>
          <xText> Apelacja obrońcy oskarżonego zasługuje natomiast na uwzględnienie w zakresie w jakim zarzuca, iż Sąd I instancji niesłusznie zakwalifikował czyn oskarżonego z <xLexLink xArt="art. 207;art. 207 § 2" xIsapId="WDU19970880553" xTitle="Ustawa z dnia 6 czerwca 1997 r. - Kodeks karny" xAddress="Dz. U. z 1997 r. Nr 88, poz. 553">art. 207 § 2 k.k.</xLexLink> (w kumulacji z <xLexLink xArt="art. 156;art. 156 § 1;art. 156 § 1 pkt. 2" xIsapId="WDU19970880553" xTitle="Ustawa z dnia 6 czerwca 1997 r. - Kodeks karny" xAddress="Dz. U. z 1997 r. Nr 88, poz. 553">art. 156 § 1 pkt 2 k.k.</xLexLink>).</xText>
          <xText> Z treści środka odwoławczego wynika wyraźnie, iż autor nie kwestionuje sprawstwa i winy <xAnon>L. T.</xAnon> w zakresie przestępstwa z <xLexLink xArt="art. 207;art. 207 § 1" xIsapId="WDU19970880553" xTitle="Ustawa z dnia 6 czerwca 1997 r. - Kodeks karny" xAddress="Dz. U. z 1997 r. Nr 88, poz. 553">art. 207 §1 k.k.</xLexLink> (vide str. 2<xIx> in principio</xIx> apelacji, k. 502 oraz str. 5 apelacji, k. 505).</xText>
          <xText> Wywody autora apelacji związane z <xLexLink xArt="art. 207;art. 207 § 2" xIsapId="WDU19970880553" xTitle="Ustawa z dnia 6 czerwca 1997 r. - Kodeks karny" xAddress="Dz. U. z 1997 r. Nr 88, poz. 553">art. 207 § 2 k.k.</xLexLink> (str. 7-8) trafiają do przekonania.</xText>
          <xText> Trafnie apelujący w kontekście <xLexLink xArt="art. 207;art. 207 § 2" xIsapId="WDU19970880553" xTitle="Ustawa z dnia 6 czerwca 1997 r. - Kodeks karny" xAddress="Dz. U. z 1997 r. Nr 88, poz. 553">art. 207 § 2 k.k.</xLexLink> wskazuje na następujący fragment uzasadnienia zaskarżonego wyroku: „<xIx> Niewątpliwie po stronie oskarżonego był to (oblanie pokrzywdzonej spirytusem i podpalenie – przyp. SA) swoistego rodzaju eksces wykraczający poza pewną normę dotyczącą ich wzajemnych relacji, sposobu odnoszenia się do siebie, jak i sposobu wzajemnego pożycia” (</xIx> str. 17 uzasadnienia orzeczenia, k. 489).</xText>
          <xText> Mając na uwadze powyższe należy zdefiniować istotę przestępstwa „<xIx> znęcania się”,</xIx> o którym mowa w przepisach <xLexLink xArt="art. 207" xIsapId="WDU19970880553" xTitle="Ustawa z dnia 6 czerwca 1997 r. - Kodeks karny" xAddress="Dz. U. z 1997 r. Nr 88, poz. 553">art. 207 k.k.</xLexLink> Godzi się w związku z tym odwołać do stanowiska doktryny i judykatury w owej materii. Ryszard Stefański w Komentarzu do <xLexLink xArt="art. 207" xIsapId="WDU19970880553" xTitle="Ustawa z dnia 6 czerwca 1997 r. - Kodeks karny" xAddress="Dz. U. z 1997 r. Nr 88, poz. 553">art. 207 k.k.</xLexLink> (Kodeks karny, Komentarz, Wyd. C.H.Beck, 2012 r.) wywodzi co następuje: „<xIx> Zagadnieniem budzącym wątpliwości jest kwestia tego, czy jednorazowe działanie sprawcy wyczerpuje znamiona <xLexLink xArt="art. 207" xIsapId="WDU19970880553" xTitle="Ustawa z dnia 6 czerwca 1997 r. - Kodeks karny" xAddress="Dz. U. z 1997 r. Nr 88, poz. 553">art. 207 k.k.</xLexLink> Przestępstwo znęcania się zostało w Kodeksie skonstruowane jako zachowanie z reguły wielodziałaniowe. Pojęcie znęcania się w podstawowej postaci, ze swej istoty zakłada powtarzanie przez sprawcę w pewnym przedziale czasu zachowań skierowanych wobec pokrzywdzonego (post. SN z 11.12.2003 r., IV KK 49/03, Prok. i Pr. 2004 r., Nr 6, poz. 1).</xIx></xText>
          <xText>
            <xIx> Większość doktryny dopuszcza jednak ewentualność jednorazowego działania sprawcy, słusznie argumentując, że musi to być zachowanie intensywne i<xBx> rozciągnięte w czasie</xBx> (zob. np. A. Ratajczak, Przestępstwa ..., s.136; M. Szewczyk [w:] Zoll, Kodeks karny, t. II, 2008 r., s. 730; M. Mozgawa [w:] Mozgawa, Kodeks karny 2007 r., s. 407; Z. Siwik [w:] Filar, Kodeks karny 2008 r., s. 856; Wojciechowski, Kodeks karny, 2000 r., s. 396; A. Tobis. Główne ..., s. 44; odmiennie J. Śliwowski, Prawo ... s. 409). Stanowisko to jest powszechnie przyjmowane w orzecznictwie sądowym (zob. wyrok SN z 8.02.1982 r., II KR 5/82, OSNPG 1982 r., Nr 8, poz. 114; wyrok SN z uchwałą SN z 9.06.1976 r., VI KZP 13/75, OSNK 1976 r., Nr 7-8, poz. 86; post. SN z 27.06.1957 r., I KO 52/57 niepubl;, wyrok SA w Krakowie z 19.12.2002 r., II AKa 274/02, Prok. i Pr. 2003 r., Nr 9, poz. 17)”.</xIx>
          </xText>
          <xText> W powołanym przez Komentatora orzeczeniu Sądu Najwyższego z dnia 9 czerwca 1976 r. ( VI KZP 13/75, OSNKW 1976/7-8/86) została zawarta m.in. następująca teza:<xIx> „Ustawowe określenie &lt;&lt;znęca się&gt;&gt; oznacza działanie albo zaniechanie polegające na umyślnym zadawaniu bólu fizycznego lub dotkliwych cierpień moralnych, powtarzającym się</xIx><xBx><xIx> albo jednorazowym, lecz intensywnym i rozciągniętym w czasie”.</xIx></xBx></xText>
          <xText> Z przytoczonego wyżej fragmentu uzasadnienia zaskarżonego orzeczenia wynika, iż<xIx> Sąd meriti</xIx> uznał zachowanie oskarżonego z dnia 27 października 2010 r. za „<xIx> swoistego rodzaju eksces”</xIx> (str. 17, k. 489). Zachowanie to (niewątpliwie nacechowane szczególnym okrucieństwem) było zatem jednorazowe, a nadto nie było rozciągnięte w czasie tak, aby zgodnie z wyżej przedstawioną definicją można by je uznać za element „<xIx> znęcania się”.</xIx></xText>
          <xText> Z tych względów Sąd Apelacyjny zmienił zaskarżony wyrok w ten sposób, iż przypisane oskarżonemu przestępstwo zakwalifikował z <xLexLink xArt="art. 156;art. 156 § 1;art. 156 § 1 pkt. 2" xIsapId="WDU19970880553" xTitle="Ustawa z dnia 6 czerwca 1997 r. - Kodeks karny" xAddress="Dz. U. z 1997 r. Nr 88, poz. 553">art. 156 § 1 pkt 2 k.k.</xLexLink> i <xLexLink xArt="art. 207;art. 207 § 1" xIsapId="WDU19970880553" xTitle="Ustawa z dnia 6 czerwca 1997 r. - Kodeks karny" xAddress="Dz. U. z 1997 r. Nr 88, poz. 553">art. 207 § 1 k.k.</xLexLink> w zw. z <xLexLink xArt="art. 11;art. 11 § 2" xIsapId="WDU19970880553" xTitle="Ustawa z dnia 6 czerwca 1997 r. - Kodeks karny" xAddress="Dz. U. z 1997 r. Nr 88, poz. 553">art. 11 § 2 k.k.</xLexLink> w zw. z <xLexLink xArt="art. 64;art. 64 § 2" xIsapId="WDU19970880553" xTitle="Ustawa z dnia 6 czerwca 1997 r. - Kodeks karny" xAddress="Dz. U. z 1997 r. Nr 88, poz. 553">art. 64 § 2 k.k.</xLexLink></xText>
          <xText> Zmiana orzeczenia nie wpłynęła jednak na wymiar orzeczonej wobec oskarżonego kary.</xText>
          <xText> Zmiana kwalifikacji prawnej przypisanego oskarżonemu czynu nie pociąga bowiem za sobą automatycznej zmiany w zakresie wymiaru kary.</xText>
          <xText> Sąd Najwyższy w wyroku z dnia 2.06.1977 r. ( sygn. akt: II KR 263/76, OSNKW 1977/9/105) stwierdził, iż : „<xIx> Jakkolwiek sam fakt zmiany kwalifikacji prawnej czynu przypisanego oskarżonemu – czy to na łagodniejszą, czy to na surowszą – nie musi w każdym wypadku pociągać za sobą zmiany wyroku w zakresie kary, to jednak przewidziane w ustawie zagrożenie karą, jako rzutujące na możliwość tzw. sędziowskiego wymiaru kary, nie może być w tym zakresie obojętne.</xIx></xText>
          <xText>
            <xIx> O stopniu bowiem społecznego niebezpieczeństwa poszczególnych przestępstw decyduje przede wszystkim sam ustawodawca, przewidując odpowiednie do tego stopnia granice zagrożenia karą. Jeżeli więc następuje zmiana wyroku przez przyjęcie w instancji rewizyjnej innej kwalifikacji prawnej, a różnice w zakresie zagrożenia karą w stosunku do poprzednio przyjętej kwalifikacji prawnej są istotne, to regułą powinno być także odpowiednie dostosowanie kary do ustawowego zagrożenia przewidzianego w nowo przyjętej kwalifikacji prawnej”.</xIx>
          </xText>
          <xText> Niemniej w uzasadnieniu powołanego orzeczenia Sąd Najwyższy podniósł, iż „<xIx> Podkreślić jednak należy, że sam fakt wskazania na istotne &lt;&lt;matematyczne&gt;&gt; różnice w zagrożeniu karą przy przyjęciu znacznie surowszej kwalifikacji prawnej czynów ... oskarżonych nie może oznaczać ani obowiązku podwyższenia kar poszczególnym oskarżonym w analogicznym stosunku,</xIx><xBx><xIx> ani nawet nie może w ogóle zobowiązywać do jakiegoś automatycznego niemal podwyższenia orzeczonej kary ...”.</xIx></xBx> Wnioskując<xIx> a contrario</xIx> przyjęcie łagodniejszej kwalifikacji prawnej czynu oskarżonego również nie może zobowiązywać do automatycznego obniżenia orzeczonej w pierwszej instancji kary.</xText>
          <xText> Pogląd taki zaprezentował też Sąd Najwyższy w postanowieniu z dnia 11 października 2001 r. ( sygn. akt: III K KKN 24/99, LEX nr 51940), stwierdzając co następuje: „<xIx> Przepis <xLexLink xArt="art. 4;art. 4 § 1" xIsapId="WDU19970880553" xTitle="Ustawa z dnia 6 czerwca 1997 r. - Kodeks karny" xAddress="Dz. U. z 1997 r. Nr 88, poz. 553">art. 4 § 1 k.k.</xLexLink> nie statuuje ani nakazu obligatoryjnego łagodzenia kary przez Sąd odwoławczy w razie zastosowania przez ten sąd ustawy względniejszej dla oskarżonego, ani stosowania przy wymiarze kary tych samych, dotyczących kary instytucji, które sąd I instancji zastosował w celu wymierzenia kary sprawiedliwej, zgodnej z ustawowymi dyrektywami jej wymiaru.</xIx><xBx><xIx> Z <xLexLink xArt="art. 4" xIsapId="WDU19970880553" xTitle="Ustawa z dnia 6 czerwca 1997 r. - Kodeks karny" xAddress="Dz. U. z 1997 r. Nr 88, poz. 553">art. 4 k.k.</xLexLink> nie wynika obowiązek automatycznego polepszania sytuacji oskarżonego w związku z zastosowaniem ustawy nowej,</xIx></xBx><xIx> z wyjątkiem sytuacji przewidzianych w <xLexLink xArt="art. 4;art. 4 § 2;art. 4 § 3;art. 4 § 4" xIsapId="WDU19970880553" xTitle="Ustawa z dnia 6 czerwca 1997 r. - Kodeks karny" xAddress="Dz. U. z 1997 r. Nr 88, poz. 553">art. 4 § 2-4 k.k.</xLexLink>”.</xIx></xText>
          
          <xText> Mając na uwadze cytowany wyżej wyrok Sądu Najwyższego z dnia 2 czerwca 1977 r. (II KR 263/76) należy stwierdzić, iż różnica w zakresie zagrożenia karą w stosunku do poprzednio przyjętej kwalifikacji prawnej czynu oskarżonego nie jest istotna. Nadal bowiem podstawą wymiaru kary jest <xLexLink xArt="art. 156;art. 156 § 1;art. 156 § 1 pkt. 2" xIsapId="WDU19970880553" xTitle="Ustawa z dnia 6 czerwca 1997 r. - Kodeks karny" xAddress="Dz. U. z 1997 r. Nr 88, poz. 553">art. 156 § 1 pkt 2 k.k.</xLexLink> (zgodnie z <xLexLink xArt="art. 11;art. 11 § 3" xIsapId="WDU19970880553" xTitle="Ustawa z dnia 6 czerwca 1997 r. - Kodeks karny" xAddress="Dz. U. z 1997 r. Nr 88, poz. 553">art. 11 §3 k.k.</xLexLink>).</xText>
          <xText> Sąd Okręgowy uzasadniając wymiar orzeczonej wobec oskarżonego kary wskazał na szereg bardzo poważnych okoliczności obciążających. Należy do nich przede wszystkim dotychczasowy sposób życia oskarżonego (wielokrotna karalność, głównie za przestępstwa przeciwko zdrowiu i życiu), a nadto działanie w dniu 27 października 2010 r., ze szczególnym okrucieństwem (vide k. 146<xIx> in fine</xIx> ), pod wpływem alkoholu, z błahej przyczyny. W odniesieniu do oskarżonego brak jest istotnych okoliczności łagodzących.</xText>
          <xText> Kara 7 lat pozbawienia wolności orzeczona na podstawie <xLexLink xArt="art. 156;art. 156 § 1;art. 156 § 1 pkt. 2" xIsapId="WDU19970880553" xTitle="Ustawa z dnia 6 czerwca 1997 r. - Kodeks karny" xAddress="Dz. U. z 1997 r. Nr 88, poz. 553">art. 156 § 1 pkt 2 k.k.</xLexLink> w zw. z <xLexLink xArt="art. 11;art. 11 § 3" xIsapId="WDU19970880553" xTitle="Ustawa z dnia 6 czerwca 1997 r. - Kodeks karny" xAddress="Dz. U. z 1997 r. Nr 88, poz. 553">art. 11 § 3 k.k.</xLexLink> oscyluje w granicach połowy ustawowego zagrożenia i jest odległa od górnej granicy owego zagrożenia ( 15 lat pozbawienia wolności). Należy bowiem pamiętać, że oskarżony działał w warunkach multirecydywy, zaś zgodnie z <xLexLink xArt="art. 64;art. 64 § 2" xIsapId="WDU19970880553" xTitle="Ustawa z dnia 6 czerwca 1997 r. - Kodeks karny" xAddress="Dz. U. z 1997 r. Nr 88, poz. 553">art. 64 § 2 k.k.</xLexLink><xIx> in fine</xIx> Sąd może w takim przypadku wymierzyć karę pozbawienia wolności do górnej granicy ustawowego zagrożenia zwiększonej o połowę.</xText>
          <xText> W świetle powyższego brak jest w ocenie Sądu Apelacyjnego podstaw do uznania, że wymierzona oskarżonemu kara jest rażąco niewspółmierna (surowa) w rozumieniu <xLexLink xArt="art. 438;art. 438 pkt. 4" xIsapId="WDU19970890555" xTitle="Ustawa z dnia 6 czerwca 1997 r. - Kodeks postępowania karnego" xAddress="Dz. U. z 1997 r. Nr 89, poz. 555">art. 438 pkt 4 k.p.k.</xLexLink></xText>
          <xText> W tym stanie rzeczy – mając na uwadze całokształt powyższych okoliczności – Sąd Apelacyjny, poza częściową zmianą kwalifikacji prawnej przypisanego oskarżonemu przestępstwa (z <xLexLink xArt="art. 207;art. 207 § 2" xIsapId="WDU19970880553" xTitle="Ustawa z dnia 6 czerwca 1997 r. - Kodeks karny" xAddress="Dz. U. z 1997 r. Nr 88, poz. 553">art. 207 § 2 k.k.</xLexLink> na <xLexLink xArt="art. 207;art. 207 § 1" xIsapId="WDU19970880553" xTitle="Ustawa z dnia 6 czerwca 1997 r. - Kodeks karny" xAddress="Dz. U. z 1997 r. Nr 88, poz. 553">art. 207 § 1 k.k.</xLexLink>), w pozostałym zakresie zaskarżony wyrok utrzymał w mocy.</xText>
          <xText> Orzeczenie o kosztach sądowych za postępowanie odwoławcze opiera się o <xLexLink xArt="art. 627" xIsapId="WDU19970890555" xTitle="Ustawa z dnia 6 czerwca 1997 r. - Kodeks postępowania karnego" xAddress="Dz. U. z 1997 r. Nr 89, poz. 555">art. 627 k.p.k.</xLexLink> w zw. z <xLexLink xArt="art. 634" xIsapId="WDU19970890555" xTitle="Ustawa z dnia 6 czerwca 1997 r. - Kodeks postępowania karnego" xAddress="Dz. U. z 1997 r. Nr 89, poz. 555">art. 634 k.p.k.</xLexLink></xText>
          <xText> Koszty nieopłaconej obrony z urzędu w postępowaniu odwoławczym zasądzono od Skarbu Państwa na rzecz występującego w drugiej instancji obrońcy na podstawie <xLexLink xArt="art. 29" xIsapId="WDU19820160124" xTitle="Ustawa z dnia 26 maja 1982 r. - Prawo o adwokaturze" xAddress="Dz. U. z 1982 r. Nr 16, poz. 124">art. 29 ustawy – prawo o adwokaturze</xLexLink>.</xText>
        </xUnit>
      </xBlock>
    </xPart>
  </judgement>
<judgement id="155000000001006_II_AKa_000045_2012_Uz_2012-03-08_001">
    <xPart xEditorFullName="Joanna Bernakiewicz" xYear="2012" xLang="PL" xFromPg="1" xEditor="jbernakiewicz" xVolType="15/500000/0001006/AKa" xDocType="Uz" xVolNmbr="000045" xVersion="1.0" xToPage="15" xFlag="published">
      <xName>Wyrok+Uzasadnienie</xName>
      <xBlock>
        <xText> Sygn. akt II AKa 45/12</xText>
        <xUnit xIsTitle="true" xType="part" xBold="true">
          <xName> WYROK</xName>
          <xTitle> W IMIENIU RZECZYPOSPOLITEJ POLSKIEJ</xTitle>
          <xText xALIGNx="right"> Dnia 8 marca 2012 r.</xText>
          
          <xText> Sąd Apelacyjny we Wrocławiu w II Wydziale Karnym w składzie:</xText>
          <xRows>
            <xRow>
              <xClmn xALIGNx="left" xVALIGNx="middle">
                <xText xALIGNx="right">Przewodniczący:</xText>
              </xClmn>
              <xClmn xALIGNx="left" xVALIGNx="middle">
                <xText>SSA Andrzej Krawiec (spr.)</xText>
              </xClmn>
            </xRow>
            <xRow>
              <xClmn xALIGNx="left" xVALIGNx="top">
                <xText xALIGNx="right">Sędziowie:</xText>
              </xClmn>
              <xClmn xALIGNx="left" xVALIGNx="middle">
                <xText>SA Andrzej Kot</xText>
                <xText>SA Barbara Krameris</xText>
              </xClmn>
            </xRow>
            <xRow>
              <xClmn xALIGNx="left" xVALIGNx="middle">
                <xText xALIGNx="right">Protokolant:</xText>
              </xClmn>
              <xClmn xALIGNx="left" xVALIGNx="middle">
                <xText>Aldona Zięta</xText>
              </xClmn>
            </xRow>
          </xRows>
          
          <xText> przy udziale prokuratora Prokuratury Apelacyjnej Ludwika Uciurkiewicza</xText>
          <xText> po rozpoznaniu w dniu 8 marca 2012 roku</xText>
          <xText> sprawy<xBx><xAnon>P. J.</xAnon></xBx></xText>
          <xText> oskarżonego z <xLexLink xArt="art. 53;art. 53 ust. 2" xIsapId="WDU20051791485" xTitle="Ustawa z dnia 29 lipca 2005 r. o przeciwdziałaniu narkomanii" xAddress="Dz. U. z 2005 r. Nr 179, poz. 1485">art. 53 ust.2 ustawy z dnia 29 lipca 2005 r. o przeciwdziałaniu narkomanii</xLexLink> w zw. z <xLexLink xArt="art. 12" xIsapId="WDU19970880553" xTitle="Ustawa z dnia 6 czerwca 1997 r. - Kodeks karny" xAddress="Dz. U. z 1997 r. Nr 88, poz. 553">art. 12 k.k.</xLexLink>; <xLexLink xArt="art. 63;art. 63 ust. 3" xIsapId="WDU20051791485" xTitle="Ustawa z dnia 29 lipca 2005 r. o przeciwdziałaniu narkomanii" xAddress="Dz. U. z 2005 r. Nr 179, poz. 1485">art. 63 ust. 3 ustawy z dnia 29 lipca 2005 r. o przeciwdziałaniu narkomanii</xLexLink> w zw. z <xLexLink xArt="art. 12" xIsapId="WDU19970880553" xTitle="Ustawa z dnia 6 czerwca 1997 r. - Kodeks karny" xAddress="Dz. U. z 1997 r. Nr 88, poz. 553">art. 12 k.k.</xLexLink>; <xLexLink xArt="art. 54;art. 54 ust. 1" xIsapId="WDU20051791485" xTitle="Ustawa z dnia 29 lipca 2005 r. o przeciwdziałaniu narkomanii" xAddress="Dz. U. z 2005 r. Nr 179, poz. 1485">art. 54 ust. 1 ustawy z dnia 29 lipca 2005 r. o przeciwdziałaniu narkomanii</xLexLink> w zw. z <xLexLink xArt="art. 12" xIsapId="WDU19970880553" xTitle="Ustawa z dnia 6 czerwca 1997 r. - Kodeks karny" xAddress="Dz. U. z 1997 r. Nr 88, poz. 553">art. 12 k.k.</xLexLink><xBx> ;</xBx><xLexLink xArt="art. 190;art. 190 § 1" xIsapId="WDU19970880553" xTitle="Ustawa z dnia 6 czerwca 1997 r. - Kodeks karny" xAddress="Dz. U. z 1997 r. Nr 88, poz. 553">art. 190 § 1 k.k.</xLexLink>;</xText>
          <xText>
            <xBx>
              <xAnon>P. U.</xAnon>
            </xBx>
          </xText>
          <xText> oskarżonego z <xLexLink xArt="art. 53;art. 53 ust. 2" xIsapId="WDU20051791485" xTitle="Ustawa z dnia 29 lipca 2005 r. o przeciwdziałaniu narkomanii" xAddress="Dz. U. z 2005 r. Nr 179, poz. 1485">art. 53 ust.2 ustawy z dnia 29 lipca 2005 r. o przeciwdziałaniu narkomanii</xLexLink> w zw. z <xLexLink xArt="art. 12" xIsapId="WDU19970880553" xTitle="Ustawa z dnia 6 czerwca 1997 r. - Kodeks karny" xAddress="Dz. U. z 1997 r. Nr 88, poz. 553">art. 12 k.k.</xLexLink>; <xLexLink xArt="art. 63;art. 63 ust. 3" xIsapId="WDU20051791485" xTitle="Ustawa z dnia 29 lipca 2005 r. o przeciwdziałaniu narkomanii" xAddress="Dz. U. z 2005 r. Nr 179, poz. 1485">art. 63 ust. 3 ustawy z dnia 29 lipca 2005 r. o przeciwdziałaniu narkomanii</xLexLink> w zw. z <xLexLink xArt="art. 12" xIsapId="WDU19970880553" xTitle="Ustawa z dnia 6 czerwca 1997 r. - Kodeks karny" xAddress="Dz. U. z 1997 r. Nr 88, poz. 553">art. 12 k.k.</xLexLink>; <xLexLink xArt="art. 54;art. 54 ust. 1" xIsapId="WDU20051791485" xTitle="Ustawa z dnia 29 lipca 2005 r. o przeciwdziałaniu narkomanii" xAddress="Dz. U. z 2005 r. Nr 179, poz. 1485">art. 54 ust. 1 ustawy z dnia 29 lipca 2005 r. o przeciwdziałaniu narkomanii</xLexLink> w zw. z <xLexLink xArt="art. 12" xIsapId="WDU19970880553" xTitle="Ustawa z dnia 6 czerwca 1997 r. - Kodeks karny" xAddress="Dz. U. z 1997 r. Nr 88, poz. 553">art. 12 k.k.</xLexLink>; <xLexLink xArt="art. 13;art. 13 § 1" xIsapId="WDU19970880553" xTitle="Ustawa z dnia 6 czerwca 1997 r. - Kodeks karny" xAddress="Dz. U. z 1997 r. Nr 88, poz. 553">art. 13 § 1 k.k.</xLexLink> w zw. z <xLexLink xArt="art. 55;art. 55 ust. 1" xIsapId="WDU20051791485" xTitle="Ustawa z dnia 29 lipca 2005 r. o przeciwdziałaniu narkomanii" xAddress="Dz. U. z 2005 r. Nr 179, poz. 1485">art. 55 ust. 1 ustawy z dnia 29 lipca 2005 r. o przeciwdziałaniu narkomanii</xLexLink>; <xLexLink xArt="art. 59;art. 59 ust. 2" xIsapId="WDU20051791485" xTitle="Ustawa z dnia 29 lipca 2005 r. o przeciwdziałaniu narkomanii" xAddress="Dz. U. z 2005 r. Nr 179, poz. 1485">art. 59 ust. 2 ustawy z dnia 29 lipca 2005 r. o przeciwdziałaniu narkomanii</xLexLink>; <xLexLink xArt="art. 190;art. 190 § 1" xIsapId="WDU19970880553" xTitle="Ustawa z dnia 6 czerwca 1997 r. - Kodeks karny" xAddress="Dz. U. z 1997 r. Nr 88, poz. 553">art. 190 § 1 k.k.</xLexLink>; <xLexLink xArt="art. 233;art. 233 § 1" xIsapId="WDU19970880553" xTitle="Ustawa z dnia 6 czerwca 1997 r. - Kodeks karny" xAddress="Dz. U. z 1997 r. Nr 88, poz. 553">art. 233 § 1 k.k.</xLexLink> i <xLexLink xArt="art. 238" xIsapId="WDU19970880553" xTitle="Ustawa z dnia 6 czerwca 1997 r. - Kodeks karny" xAddress="Dz. U. z 1997 r. Nr 88, poz. 553">art. 238 k.k.</xLexLink> w zw. z <xLexLink xArt="art. 11;art. 11 § 2" xIsapId="WDU19970880553" xTitle="Ustawa z dnia 6 czerwca 1997 r. - Kodeks karny" xAddress="Dz. U. z 1997 r. Nr 88, poz. 553">art. 11 § 2 k.k.</xLexLink>;</xText>
          <xText> na skutek apelacji wniesionej przez oskarżonych</xText>
          <xText> od wyroku Sądu Okręgowego w Świdnicy</xText>
          <xText> z dnia 17 listopada 2011 roku sygn. III K 155/11</xText>
          <xUnit xIsTitle="false" xType="none">
            <xName xSffx="."> I</xName>
            <xText>
              <xBx> utrzymuje w mocy zaskarżony wyrok w stosunku do oskarżonych <xAnon>P. J.</xAnon> i <xAnon>P. U.</xAnon>;</xBx>
            </xText>
          </xUnit>
          <xUnit xIsTitle="false" xType="none">
            <xName xSffx="."> II</xName>
            <xText>
              <xBx> zasądza od oskarżonych <xAnon>P. J.</xAnon> i <xAnon>P. U.</xAnon> na rzecz Skarbu Państwa koszty sądowe za postępowanie odwoławcze w zakresie dotyczącym każdego z nich, przy czym zwalnia ich od opłaty za drugą instancję;</xBx>
            </xText>
          </xUnit>
          <xUnit xIsTitle="false" xType="none">
            <xName xSffx="."> III</xName>
            <xText>
              <xBx> zasądza od Skarbu Państwa na rzecz adwokatów <xAnon>S. C.</xAnon> i <xAnon>T. B.</xAnon> po 600 zł tytułem kosztów nieopłaconej obrony z urzędu oskarżonych <xAnon>P. J.</xAnon> i <xAnon>P. U.</xAnon> w postępowaniu odwoławczym oraz po 138 zł tytułem zwrotu podatku VAT.</xBx>
            </xText>
          </xUnit>
        </xUnit>
        <xUnit xIsTitle="true" xType="part" xBold="true">
          <xName> UZASADNIENIE</xName>
          <xText> Sąd Okręgowy w Świdnicy rozpoznał sprawę<xBx><xAnon>P. J.</xAnon> I <xAnon>P. U.</xAnon></xBx> oskarżonych o to, że:</xText>
          <xText> I. w marcu 2010 r. w <xAnon>N.</xAnon> województwa <xAnon>(...)</xAnon> działając wspólnie i w porozumieniu wbrew przepisom ustawy oraz w celu osiągnięcia korzyści majątkowej wytworzyli znaczną ilość środków odurzających w postaci ziela konopi w ilości około 3 kilogramów;</xText>
          <xText>
            <xBx> to jest o czyn z <xLexLink xArt="art. 53;art. 53 ust. 2" xIsapId="WDU20051791485" xTitle="Ustawa z dnia 29 lipca 2005 r. o przeciwdziałaniu narkomanii" xAddress="Dz. U. z 2005 r. Nr 179, poz. 1485">art. 53 ust. 2 ustawy z dnia 29 lipca 2005 r. o przeciwdziałaniu narkomanii</xLexLink> w zw. z <xLexLink xArt="art. 12" xIsapId="WDU19970880553" xTitle="Ustawa z dnia 6 czerwca 1997 r. - Kodeks karny" xAddress="Dz. U. z 1997 r. Nr 88, poz. 553">art. 12 k.k.</xLexLink></xBx>
          </xText>
          <xText> II. w okresie od stycznia 2010 roku do 23 kwietnia 2010 roku w <xAnon>N.</xAnon> województwa <xAnon>(...)</xAnon> działając wspólnie i w porozumieniu oraz wbrew przepisom ustawy, uprawiali 106 krzewów konopi indyjskich, która to uprawa mogła dostarczyć znacznej ilości ziele konopi;</xText>
          <xText>
            <xBx> to jest o czyn z <xLexLink xArt="art. 63;art. 63 ust. 3" xIsapId="WDU20051791485" xTitle="Ustawa z dnia 29 lipca 2005 r. o przeciwdziałaniu narkomanii" xAddress="Dz. U. z 2005 r. Nr 179, poz. 1485">art. 63 ust. 3 ustawy z dnia 29 lipca 2005 roku o przeciwdziałaniu narkomanii</xLexLink> w zw. z <xLexLink xArt="art. 12" xIsapId="WDU19970880553" xTitle="Ustawa z dnia 6 czerwca 1997 r. - Kodeks karny" xAddress="Dz. U. z 1997 r. Nr 88, poz. 553">art. 12 k.k.</xLexLink></xBx>
          </xText>
          <xText> III. w okresie od stycznia 2010 roku do 23 kwietnia 2010 roku w <xAnon>N.</xAnon> województwa <xAnon>(...)</xAnon> działając wspólnie i w porozumieniu oraz wbrew przepisom ustawy posiadali przyrządy w postaci dwóch metalowych rur karbowanych o długości 4 metrów, termometr elektroniczny, 8 lamp diodowych, dwóch lamp HPS, dwóch stabilizatorów napięcia, wiatraka elektrycznego oraz folii aluminiowej w ilości nie mniejszej niż 70 metrów kwadratowych, które służyły do niedozwolonego wytwarzania środków odurzających;</xText>
          <xText>
            <xBx> to jest o czyn z <xLexLink xArt="art. 54;art. 54 ust. 1" xIsapId="WDU20051791485" xTitle="Ustawa z dnia 29 lipca 2005 r. o przeciwdziałaniu narkomanii" xAddress="Dz. U. z 2005 r. Nr 179, poz. 1485">art. 54 ust. 1 ustawy z dnia 29 lipca 2005 r. o przeciwdziałaniu narkomanii</xLexLink> w zw. z <xLexLink xArt="art. 12" xIsapId="WDU19970880553" xTitle="Ustawa z dnia 6 czerwca 1997 r. - Kodeks karny" xAddress="Dz. U. z 1997 r. Nr 88, poz. 553">art. 12 k.k.</xLexLink></xBx>
          </xText>
          
          <xText> Ponadto rozpoznał sprawę<xBx><xAnon>P. J.</xAnon></xBx> oskarżonego o to, że :</xText>
          <xText> IV. w dniu 18 kwietnia 2010 roku w <xAnon>N.</xAnon> województwa <xAnon>(...)</xAnon>, groził <xAnon>M. G.</xAnon> pozbawieniem życia, przy czym groźba ta wzbudziła u pokrzywdzonej uzasadnioną obawę jej spełnienia’</xText>
          <xText>
            <xBx> to jest o czyn z <xLexLink xArt="art. 190;art. 190 § 1" xIsapId="WDU19970880553" xTitle="Ustawa z dnia 6 czerwca 1997 r. - Kodeks karny" xAddress="Dz. U. z 1997 r. Nr 88, poz. 553">art. 190 § 1 k.k.</xLexLink></xBx>
          </xText>
          <xText> V. w dniu 18 kwietnia 2010 roku w <xAnon>N.</xAnon> województwa <xAnon>(...)</xAnon>, groził <xAnon>H. J.</xAnon> pozbawieniem życia, przy czym groźba ta wzbudziła u pokrzywdzonego uzasadnioną obawę jej spełnienia;</xText>
          <xText>
            <xBx> to jest o czyn z <xLexLink xArt="art. 190;art. 190 § 1" xIsapId="WDU19970880553" xTitle="Ustawa z dnia 6 czerwca 1997 r. - Kodeks karny" xAddress="Dz. U. z 1997 r. Nr 88, poz. 553">art. 190 § 1 k.k.</xLexLink></xBx>
          </xText>
          
          <xText> Ponadto rozpoznał sprawę<xBx><xAnon>P. U.</xAnon></xBx> oskarżonego o to, że :</xText>
          <xText> VI. w dniu 2 lutego 2010 roku w <xAnon>N.</xAnon>, działając wbrew przepisom ustawy, usiłował dokonać wywozu z terytorium Rzeczypospolitej Polskiej do Francji środka odurzającego w postaci ziela konopi o łącznej wadze netto 2,89 grama i wartości 140 zł w ten sposób, iż włożył do koperty zaadresowanej uprzednio do <xAnon>Z. M.</xAnon> zamieszkałej <xAnon>H.</xAnon> LA <xAnon>P.</xAnon> BAT B74, 83-120 <xAnon>B. M.</xAnon> FRANCE, trzy woreczki foliowe z przedmiotowym środkiem, a następnie wysłał ją priorytetem na <xAnon>P.</xAnon> w <xAnon>N.</xAnon>, lecz zamierzonego celu nie osiągnął z uwagi na ujawnienie zawartości wskazanej przesyłki w dniu 10 lutego 2010 roku przez funkcjonariusza z <xAnon>G.</xAnon> Referatu Zwalczania Przestępczości w <xAnon>Porcie (...)</xAnon> w <xAnon>Centrum Usług (...)</xAnon> Poczty Polskiej w <xAnon>W.</xAnon>;</xText>
          <xText>
            <xBx> to jest o czyn z <xLexLink xArt="art. 13;art. 13 § 1" xIsapId="WDU19970880553" xTitle="Ustawa z dnia 6 czerwca 1997 r. - Kodeks karny" xAddress="Dz. U. z 1997 r. Nr 88, poz. 553">art. 13 § 1 k.k.</xLexLink> w zw. z <xLexLink xArt="art. 55;art. 55 ust. 1" xIsapId="WDU20051791485" xTitle="Ustawa z dnia 29 lipca 2005 r. o przeciwdziałaniu narkomanii" xAddress="Dz. U. z 2005 r. Nr 179, poz. 1485">art. 55 ust. 1 ustawy z dnia 29 lipca 2005 roku o przeciwdziałaniu narkomanii</xLexLink>.</xBx>
          </xText>
          <xText> VII. w styczniu 2010 roku działając wbrew przepisom ustawy oraz w celu osiągnięcia korzyści majątkowej udzielił małoletniemu 16-letniemu <xAnon>P. K.</xAnon> środka odurzającego w postaci marihuany w ilości 1 grama za kwotę 30 zł;</xText>
          <xText>
            <xBx> to jest o czyn z <xLexLink xArt="art. 59;art. 59 ust. 2" xIsapId="WDU20051791485" xTitle="Ustawa z dnia 29 lipca 2005 r. o przeciwdziałaniu narkomanii" xAddress="Dz. U. z 2005 r. Nr 179, poz. 1485">art. 59 ust. 2 ustawy z dnia 29 lipca 2005 roku o przeciwdziałaniu narkomanii</xLexLink>.</xBx>
          </xText>
          <xText> VIII. w dniu 18 kwietnia 2010 roku w <xAnon>N.</xAnon> województwa <xAnon>(...)</xAnon> groził <xAnon>M. G.</xAnon> pozbawieniem życia, przy czym groźba ta wzbudziła u pokrzywdzonej uzasadnioną obawę jej spełnienia;</xText>
          <xText>
            <xBx> to jest o czyn z <xLexLink xArt="art. 190;art. 190 § 1" xIsapId="WDU19970880553" xTitle="Ustawa z dnia 6 czerwca 1997 r. - Kodeks karny" xAddress="Dz. U. z 1997 r. Nr 88, poz. 553">art. 190 § 1 k.k.</xLexLink></xBx>
          </xText>
          <xText> IX. w dniu 18 kwietnia 2010 roku w <xAnon>N.</xAnon> województwa <xAnon>(...)</xAnon> groził <xAnon>H. J.</xAnon> pozbawieniem życia, przy czym groźba ta wzbudziła u pokrzywdzonego uzasadnioną obawę jej spełnienia;</xText>
          <xText>
            <xBx> to jest o czyn z <xLexLink xArt="art. 190;art. 190 § 1" xIsapId="WDU19970880553" xTitle="Ustawa z dnia 6 czerwca 1997 r. - Kodeks karny" xAddress="Dz. U. z 1997 r. Nr 88, poz. 553">art. 190 § 1 k.k.</xLexLink></xBx>
          </xText>
          <xText> X. w dniu 24 marca 2010 r. w Komisariacie Policji w <xAnon>N.</xAnon> będąc uprzedzonym o odpowiedzialności karnej za składanie fałszywych zeznań oraz zawiadomieniu organu o niepopełnionym przestępstwie do protokołu przyjęcia ustnego zawiadomienia o przestępstwie i przesłuchania w charakterze świadka w sprawie 3 Ds.724/10 zeznał nieprawdę, że w nocy z 23 na 24 marca 2010 r. spod bloku <xAnon>mieszkalnego nr (...)</xAnon> przy <xAnon>ul. (...)</xAnon> w <xAnon>N.</xAnon> skradziono mu samochód osobowy marki BMW o nr rej. <xAnon>D.</xAnon> 93 SP przy czym wiedział, że przestępstwa nie popełniono, gdyż samochód ten poprzedniego dnia pozostawił celem naprawy tłumika <xAnon>A. K.</xAnon> w warsztacie samochodowym przy <xAnon>ul. (...)</xAnon>;</xText>
          <xText>
            <xBx> to jest o czyn z <xLexLink xArt="art. 233;art. 233 § 1" xIsapId="WDU19970880553" xTitle="Ustawa z dnia 6 czerwca 1997 r. - Kodeks karny" xAddress="Dz. U. z 1997 r. Nr 88, poz. 553">art. 233 § 1 k.k.</xLexLink> i <xLexLink xArt="art. 238" xIsapId="WDU19970880553" xTitle="Ustawa z dnia 6 czerwca 1997 r. - Kodeks karny" xAddress="Dz. U. z 1997 r. Nr 88, poz. 553">art. 238 k.k.</xLexLink> w zw. z <xLexLink xArt="art. 11;art. 11 § 2" xIsapId="WDU19970880553" xTitle="Ustawa z dnia 6 czerwca 1997 r. - Kodeks karny" xAddress="Dz. U. z 1997 r. Nr 88, poz. 553">art. 11 § 2 k.k.</xLexLink></xBx>
          </xText>
          
          <xText> Po rozpoznaniu tej sprawy Sąd Okręgowy w Świdnicy wyrokiem z dnia 17 listopada 2011 r. uznał oskarżonych <xAnon>P. J.</xAnon> i <xAnon>P. U.</xAnon> za winnych tego, że w okresie od lutego 2010 r. do 23 kwietnia 2010 r. w <xAnon>N.</xAnon>, działając wspólnie i w porozumieniu, wbrew przepisom ustawy w odpowiednio przystosowanych – poprzez zamontowanie dwóch metalowych rur karbowanych o długości 4 metrów, 8 lamp diodowych, 2 lamp HPS, 2 stabilizatorów napięcia, wiatraka elektrycznego oraz odpowiedniego wyłożenia folią aluminiową ścian i sufitu – pomieszczeniach budynku mieszkalnego, uprawiali 106 krzewów konopi indyjskich umieszczonych w donicach, a uprawa ta mogła dostarczyć znacznych ilości ziela konopi i działając w krótkich odstępach czasu, w wykonaniu z góry powziętego zamiaru usiłowali wytworzyć znaczną ilość środków odurzających w postaci ziela konopi w ilości ok. 221,55 gramów lecz zamierzonego skutku nie zrealizowali z uwagi na interwencję policji – to jest czynu z <xLexLink xArt="art. 63;art. 63 ust. 3" xIsapId="WDU20051791485" xTitle="Ustawa z dnia 29 lipca 2005 r. o przeciwdziałaniu narkomanii" xAddress="Dz. U. z 2005 r. Nr 179, poz. 1485">art. 63 ust. 3 ustawy z 29 lipca 2005 r. o przeciwdziałaniu narkomanii</xLexLink> i <xLexLink xArt="art. 13;art. 13 § 1" xIsapId="WDU19970880553" xTitle="Ustawa z dnia 6 czerwca 1997 r. - Kodeks karny" xAddress="Dz. U. z 1997 r. Nr 88, poz. 553">art. 13 § 1 k.k.</xLexLink> w zw. z art. 53 ust. 2 powołanej ustawy w zw. z <xLexLink xArt="art. 12" xIsapId="WDU19970880553" xTitle="Ustawa z dnia 6 czerwca 1997 r. - Kodeks karny" xAddress="Dz. U. z 1997 r. Nr 88, poz. 553">art. 12 k.k.</xLexLink> i <xLexLink xArt="art. 11;art. 11 § 2" xIsapId="WDU19970880553" xTitle="Ustawa z dnia 6 czerwca 1997 r. - Kodeks karny" xAddress="Dz. U. z 1997 r. Nr 88, poz. 553">art. 11 §2 k.k.</xLexLink> i za to na podstawie <xLexLink xArt="art. 14;art. 14 § 1" xIsapId="WDU19970880553" xTitle="Ustawa z dnia 6 czerwca 1997 r. - Kodeks karny" xAddress="Dz. U. z 1997 r. Nr 88, poz. 553">art. 14 § 1 k.k.</xLexLink> w zw. z art. 53 § 2 u.p.n. w zw. z <xLexLink xArt="art. 60;art. 60 § 1;art. 60 § 6;art. 60 § 6 pkt. 2" xIsapId="WDU19970880553" xTitle="Ustawa z dnia 6 czerwca 1997 r. - Kodeks karny" xAddress="Dz. U. z 1997 r. Nr 88, poz. 553">art. 60 § 1 i § 6 pkt 2 k.k.</xLexLink> co do <xAnon>P. U.</xAnon> i w zw. z <xLexLink xArt="art. 60;art. 60 § 2;art. 60 § 6;art. 60 § 6 pkt. 2" xIsapId="WDU19970880553" xTitle="Ustawa z dnia 6 czerwca 1997 r. - Kodeks karny" xAddress="Dz. U. z 1997 r. Nr 88, poz. 553">art. 60 § 2 i § 6 pkt 2 k.k.</xLexLink> co do <xAnon>P. J.</xAnon>, przy zastosowaniu <xLexLink xArt="art. 58;art. 58 § 2" xIsapId="WDU19970880553" xTitle="Ustawa z dnia 6 czerwca 1997 r. - Kodeks karny" xAddress="Dz. U. z 1997 r. Nr 88, poz. 553">art. 58 § 2 k.k.</xLexLink> wymierzył im kary po 1 roku i 4 miesiące pozbawienia wolności.</xText>
          <xText> Tym samym wyrokiem uznał oskarżonego <xAnon>P. J.</xAnon> za winnego tego, że w dniu 18 kwietnia 2010 r. w <xAnon>N.</xAnon> województwa <xAnon>(...)</xAnon> groził <xAnon>M. G.</xAnon> uszkodzeniem ciała, przy czym groźba ta wzbudziła u pokrzywdzonej uzasadnioną obawę jej spełnienia – to jest czynu z <xLexLink xArt="art. 190;art. 190 § 1" xIsapId="WDU19970880553" xTitle="Ustawa z dnia 6 czerwca 1997 r. - Kodeks karny" xAddress="Dz. U. z 1997 r. Nr 88, poz. 553">art. 190 § 1 k.k.</xLexLink> i za to na podstawie powołanego przepisu wymierzył mu karę 3 miesięcy pozbawienia wolności.</xText>
          <xText> Tym samym wyrokiem uznał oskarżonego <xAnon>P. J.</xAnon> za winnego tego, że w dniu 18 kwietnia 2010 r. w <xAnon>N.</xAnon> województwa <xAnon>(...)</xAnon>, groził <xAnon>H. J.</xAnon> uszkodzeniem ciała, przy czym groźba ta wzbudziła u pokrzywdzonego uzasadnioną obawę jej spełnienia – to jest czynu z <xLexLink xArt="art. 190;art. 190 § 1" xIsapId="WDU19970880553" xTitle="Ustawa z dnia 6 czerwca 1997 r. - Kodeks karny" xAddress="Dz. U. z 1997 r. Nr 88, poz. 553">art. 190 § 1 k.k.</xLexLink> i za to na podstawie powołanego przepisu wymierzył mu karę 3 miesięcy pozbawienia wolności.</xText>
          <xText> Tym samym wyrokiem uznał oskarżonego <xAnon>P. U.</xAnon> za winnego czynu opisanego w <xLexLink xArt="art. 55 ust. 1 pkt. 6" xIsapId="WDU19970880553" xTitle="Ustawa z dnia 6 czerwca 1997 r. - Kodeks karny" xAddress="Dz. U. z 1997 r. Nr 88, poz. 553">pkt VI</xLexLink> części wstępnej i za to na podstawie <xLexLink xArt="art. 55;art. 55 ust. 1" xIsapId="WDU19970880553" xTitle="Ustawa z dnia 6 czerwca 1997 r. - Kodeks karny" xAddress="Dz. U. z 1997 r. Nr 88, poz. 553">art. 55 ust. 1</xLexLink> u.p.n. w zw. z <xLexLink xArt="art. 58;art. 58 § 2" xIsapId="WDU19970880553" xTitle="Ustawa z dnia 6 czerwca 1997 r. - Kodeks karny" xAddress="Dz. U. z 1997 r. Nr 88, poz. 553">art. 58 § 2 k.k.</xLexLink> wymierzył mu karę 8 miesięcy pozbawienia wolności.</xText>
          <xText> Tym samym wyrokiem uznał oskarżonego <xAnon>P. U.</xAnon> za winnego czynu opisanego w <xLexLink xArt="art. 59 ust. 2 pkt. 7" xIsapId="WDU19970880553" xTitle="Ustawa z dnia 6 czerwca 1997 r. - Kodeks karny" xAddress="Dz. U. z 1997 r. Nr 88, poz. 553">pkt VII</xLexLink> części wstępnej i za to na podstawie <xLexLink xArt="art. 59;art. 59 ust. 2" xIsapId="WDU19970880553" xTitle="Ustawa z dnia 6 czerwca 1997 r. - Kodeks karny" xAddress="Dz. U. z 1997 r. Nr 88, poz. 553">art. 59 ust. 2</xLexLink> u.p.n. w zw. z <xLexLink xArt="art. 60;art. 60 § 1;art. 60 § 2;art. 60 § 6;art. 60 § 6 pkt. 2" xIsapId="WDU19970880553" xTitle="Ustawa z dnia 6 czerwca 1997 r. - Kodeks karny" xAddress="Dz. U. z 1997 r. Nr 88, poz. 553">art. 60 § 1 i § 2 oraz § 6 pkt 2 k.k.</xLexLink> wymierzył mu karę 1 roku pozbawienia wolności.</xText>
          <xText> Tym samym wyrokiem uznał oskarżonego <xAnon>P. U.</xAnon> za winnego tego, że w dniu 18 kwietnia 2010 r. w <xAnon>N.</xAnon> województwa <xAnon>(...)</xAnon> groził <xAnon>M. G.</xAnon> uszkodzeniem ciała, przy czym groźba ta wzbudziła u pokrzywdzonej uzasadnioną obawę jej spełnienia - to jest czynu z <xLexLink xArt="art. 190;art. 190 § 1" xIsapId="WDU19970880553" xTitle="Ustawa z dnia 6 czerwca 1997 r. - Kodeks karny" xAddress="Dz. U. z 1997 r. Nr 88, poz. 553">art. 190 § 1 k.k.</xLexLink> i za to na podstawie powołanego przepisu wymierzył mu karę 3 miesięcy pozbawienia wolności.</xText>
          <xText> Tym samym wyrokiem uznał oskarżonego <xAnon>P. U.</xAnon> za winnego tego, że w dniu 18 kwietnia 2010 roku w <xAnon>N.</xAnon> województwa <xAnon>(...)</xAnon>, groził <xAnon>H. J.</xAnon> uszkodzeniem ciała, przy czym groźba ta wzbudziła u pokrzywdzonego uzasadnioną obawę jej spełnienia - to jest czynu z <xLexLink xArt="art. 190;art. 190 § 1" xIsapId="WDU19970880553" xTitle="Ustawa z dnia 6 czerwca 1997 r. - Kodeks karny" xAddress="Dz. U. z 1997 r. Nr 88, poz. 553">art. 190 § 1 k.k.</xLexLink> i za to na podstawie powołanego przepisu wymierzył mu karę 3 miesięcy pozbawienia wolności.</xText>
          <xText> Tym samym wyrokiem uznał oskarżonego <xAnon>P. U.</xAnon> za winnego czynu opisanego w <xLexLink xArt="art. 233 § 1 pkt. 10" xIsapId="WDU19970880553" xTitle="Ustawa z dnia 6 czerwca 1997 r. - Kodeks karny" xAddress="Dz. U. z 1997 r. Nr 88, poz. 553">pkt X</xLexLink> części wstępnej i za to na podstawie <xLexLink xArt="art. 233;art. 233 § 1" xIsapId="WDU19970880553" xTitle="Ustawa z dnia 6 czerwca 1997 r. - Kodeks karny" xAddress="Dz. U. z 1997 r. Nr 88, poz. 553">art. 233 § 1 k.k.</xLexLink> w zw. z <xLexLink xArt="art. 11;art. 11 § 3" xIsapId="WDU19970880553" xTitle="Ustawa z dnia 6 czerwca 1997 r. - Kodeks karny" xAddress="Dz. U. z 1997 r. Nr 88, poz. 553">art. 11 § 3 k.k.</xLexLink> wymierzył mu karę 3 miesięcy pozbawienia wolności.</xText>
          <xText> Na podstawie <xLexLink xArt="art. 85" xIsapId="WDU19970880553" xTitle="Ustawa z dnia 6 czerwca 1997 r. - Kodeks karny" xAddress="Dz. U. z 1997 r. Nr 88, poz. 553">art. 85 k.k.</xLexLink> i <xLexLink xArt="art. 86;art. 86 § 1 k" xIsapId="WDU19970880553" xTitle="Ustawa z dnia 6 czerwca 1997 r. - Kodeks karny" xAddress="Dz. U. z 1997 r. Nr 88, poz. 553">art. 86 § 1 k</xLexLink>.ki. orzekł wobec obu oskarżonych kary łączne:</xText>
          <xText> - w stosunku do <xAnon>P. J.</xAnon> karę 1 roku i 6 miesięcy pozbawienia wolności,</xText>
          <xText> - w stosunku do <xAnon>P. U.</xAnon> karę 1 roku i 10 miesięcy pozbawienia wolności.</xText>
          <xText> Na podstawie <xLexLink xArt="art. 63;art. 63 § 1" xIsapId="WDU19970880553" xTitle="Ustawa z dnia 6 czerwca 1997 r. - Kodeks karny" xAddress="Dz. U. z 1997 r. Nr 88, poz. 553">art. 63 §1 k.k.</xLexLink> zaliczył oskarżonym na poczet kar pozbawienia wolności okresy ich rzeczywistego pozbawienia wolności w sprawie:</xText>
          <xText> - <xAnon>P. J.</xAnon> od 27 kwietnia 2010 r. do 13 grudnia 2010 r.,</xText>
          <xText> - <xAnon>P. U.</xAnon> od 19 maja 2010 r. do 13 grudnia 2010 r.</xText>
          <xText> Na podstawie <xLexLink xArt="art. 45;art. 45 § 1" xIsapId="WDU19970880553" xTitle="Ustawa z dnia 6 czerwca 1997 r. - Kodeks karny" xAddress="Dz. U. z 1997 r. Nr 88, poz. 553">art. 45 § 1 k.k.</xLexLink> orzekł przepadek od oskarżonego <xAnon>P. U.</xAnon> na rzecz Skarbu Państwa równowartości korzyści majątkowej osiągniętej z przestępstwa w wysokości 30 zł.</xText>
          <xText> Na podstawie <xLexLink xArt="art. 70;art. 70 ust. 1" xIsapId="WDU19970890555" xTitle="Ustawa z dnia 6 czerwca 1997 r. - Kodeks postępowania karnego" xAddress="Dz. U. z 1997 r. Nr 89, poz. 555">art. 70 ust. 1</xLexLink> u.p.n. i <xLexLink xArt="art. 230;art. 230 § 2" xIsapId="WDU19970890555" xTitle="Ustawa z dnia 6 czerwca 1997 r. - Kodeks postępowania karnego" xAddress="Dz. U. z 1997 r. Nr 89, poz. 555">art. 230 § 2 k.p.k.</xLexLink> orzekł o dowodach rzeczowych.</xText>
          <xText> Zasądził od oskarżonych na rzecz Skarbu Państwa część kosztów sądowych związanych z ich udziałem w sprawie.</xText>
          
          <xText> Wyrok powyższy zaskarżyli obrońcy oskarżonych <xAnon>P. J.</xAnon> i <xAnon>P. U.</xAnon>,</xText>
          <xText><xBx> Apelacja obrońcy <xAnon>P. J.</xAnon></xBx> zarzuca (dosłowny cytat):</xText>
          <xText> „- błąd w ustaleniach faktycznych, przyjętych za podstawę orzeczenia, a mający wpływ na jego treść, poprzez przyjęcie, że oskarżony usiłował wytworzyć znaczną ilość środków odurzających w postaci ziela konopi w ilości 221,55 gramów i podjął czynności obliczone na uzyskanie gotowego do użycia środka odurzającego, a polegające na suszeniu konopi;</xText>
          <xText> - błąd w ustaleniach faktycznych, przyjętych za podstawę orzeczenia, a mający wpływ na jego treść, poprzez przyjęcie, że 221,55 gramów ziela konopi to znaczna ilość środków odurzających w rozumieniu <xLexLink xArt="art. 53;art. 53 ust. 2" xIsapId="WDU20051791485" xTitle="Ustawa z dnia 29 lipca 2005 r. o przeciwdziałaniu narkomanii" xAddress="Dz. U. z 2005 r. Nr 179, poz. 1485">art. 53 ust. 2 ustawy z dnia 29 lipca 2005 r. o przeciwdziałaniu narkomanii</xLexLink>;</xText>
          <xText> - błąd w ustaleniach faktycznych, przyjętych za podstawę orzeczenia, a mający wpływ na jego treść, poprzez przyjęcie, że oskarżony <xAnon>P. J.</xAnon> nie zasługuje na zastosowanie wobec niego instytucji warunkowego zawieszenia kary, gdyż taka kara nie będzie wystarczającą dla osiągnięcia wobec niego celów kary i nie zapobiegnie powrotowi do przestępstwa, o czym świadczy fakt, że pomimo skazania w innej sprawie popełnił zarzucane mu czyny;</xText>
          <xText> - rażącą niewspółmierność wymierzonej kary oskarżonemu <xAnon>P. J.</xAnon> w wysokości 1 roku i 6 miesięcy pozbawienia wolności bez warunkowego zawieszenia jej wykonania, podczas gdy zgromadzony w sprawie materiał dowodowy, postawa oskarżonego po popełnieniu przestępstwa wskazują, że kara wymierzona jest niewspółmiernie surowa”.</xText>
          
          <xText> Podnosząc wskazane zarzuty apelujący wniósł o uchylenie zaskarżonego wyroku i przekazanie sprawy Sądowi I instancji do ponownego rozpoznania.</xText>
          
          <xText><xBx> Apelacja obrońcy <xAnon>P. U.</xAnon></xBx> zarzuca (dosłowny cytat):</xText>
          <xText> „1. obrazę przepisów postępowania mogącą mieć wpływ na treść wydanego orzeczenia a to <xLexLink xArt="art. 4" xIsapId="WDU19970890555" xTitle="Ustawa z dnia 6 czerwca 1997 r. - Kodeks postępowania karnego" xAddress="Dz. U. z 1997 r. Nr 89, poz. 555">art. 4 k.p. k.</xLexLink> i <xLexLink xArt="art. 7" xIsapId="WDU19970890555" xTitle="Ustawa z dnia 6 czerwca 1997 r. - Kodeks postępowania karnego" xAddress="Dz. U. z 1997 r. Nr 89, poz. 555">7 k.p.k.</xLexLink> na skutek przekroczenia swobodnej oceny dowodów sprowadzającą się do dowolnej oceny zebranego w niniejszej sprawie materiału dowodowego, wbrew zasadom prawidłowego rozumowania oraz wskazań wiedzy i doświadczenia życiowego poprzez uznanie, że oskarżony wspólnie z <xAnon>P. S.</xAnon> i <xAnon>P. J.</xAnon> usiłowali wytworzyć znaczną ilość środków odurzających w postaci ziela konopi w ilości około 221,55 gramów, w sytuacji gdy sposób przechowywania zabezpieczonych liści konopi, etap ich rozwoju w momencie ścięcia, profesjonalizm w przygotowaniu uprawy oraz wyjaśnienia oskarżonych, nie pozwalają na przyjęcie, iż z zabezpieczonych liści konopi usiłowano wytworzyć środek odurzający w postaci ziela konopi.</xText>
          <xText> 2. rażącą niewspółmierność orzeczonej wobec oskarżonego <xAnon>P. U.</xAnon> kary 1 roku i 10 miesięcy bezwzględnego pozbawienia wolności w stosunku do celów, jakie kara ta winna spełniać w zakresie prewencji szczególnej, a przede wszystkim do stopnia winy oskarżonego oraz innych okoliczności podmiotowych, a w szczególności zaś, polegającą na uznaniu, iż po stronie oskarżonego występuje negatywna prognoza kryminologiczna sprzeciwiająca się zastosowaniu środka probacyjnego w postaci warunkowego zawieszenia wykonania kary, w sytuacji gdy jego postawa po opuszczeniu aresztu śledczego daje podstawę dla uznania, że będzie on przestrzegał porządku prawnego, a ponadto jest on osobą młodocianą, którą przede wszystkim należy wychować wymierzając karę”.</xText>
          <xText> Podnosząc wskazane zarzuty apelujący wniósł o „zmianę zaskarżonego wyroku poprzez wyeliminowanie z opisu czynu przypisanego w pkt I części rozstrzygającej wyroku znamion przestępstwa z <xLexLink xArt="art. 13;art. 13 § 1" xIsapId="WDU19970880553" xTitle="Ustawa z dnia 6 czerwca 1997 r. - Kodeks karny" xAddress="Dz. U. z 1997 r. Nr 88, poz. 553">art. 13 § 1 k.k.</xLexLink> w zw. z <xLexLink xArt="art. 53;art. 53 ust. 2" xIsapId="WDU20051791485" xTitle="Ustawa z dnia 29 lipca 2005 r. o przeciwdziałaniu narkomanii" xAddress="Dz. U. z 2005 r. Nr 179, poz. 1485">art. 53 ust. 2 ustawy z dnia 29 lipca 2005 r. o przeciwdziałaniu narkomanii</xLexLink> oraz warunkowe zawieszenie wykonania kary pozbawienia wolności orzeczonej wobec oskarżonego <xAnon>P. U.</xAnon>”.</xText>
          
          <xText xALIGNx="center">
            <xBx> Sąd Apelacyjny zważył, co następuje.</xBx>
          </xText>
          
          <xText><xBx> Co do apelacji obrońcy oskarżonego <xAnon>P. J.</xAnon> –</xBx> apelacja ta nie zasługuje na uwzględnienie.</xText>
          <xText> Na wstępie należy zauważyć, iż mimo że apelujący w części wstępnej środka odwoławczego zamieścił zapis: „<xIx> Zaskarżam powyżej opisany wyrok w całości na korzyść oskarżonego”</xIx> (str. 1<xIx> in fine</xIx> k. 2127)<xIx> de facto</xIx> podniesione dalej zarzuty dotyczą tylko czynu przypisanego <xAnon>P. J.</xAnon> w pkt I części dyspozytywnej orzeczenia (nie dotyczą natomiast dwóch pozostałych przypisanych mu czynów – pkt II i III części dyspozytywnej orzeczenia).</xText>
          <xText> Autor omawianej apelacji zarzucił, iż Sąd I instancji bezpodstawnie uznał, że „<xIx> oskarżony usiłował wytworzyć znaczną ilość środków odurzających w postaci ziela konopi w ilości 221,55 gramów” (tiret</xIx> 1, str. 1-2<xIx> in principio</xIx> apelacji, k. 2127<xIx> in fine</xIx> – 2128 <xIx> in principio).</xIx></xText>
          <xText> Ponadto kwestionuje ustalenie<xIx> Sądu meriti,</xIx> iż wspomniane 221,55 gramów narkotyku stanowi „<xIx> znaczną ilość”</xIx> w rozumieniu <xLexLink xArt="art. 53;art. 53 ust. 2" xIsapId="WDU20051791485" xTitle="Ustawa z dnia 29 lipca 2005 r. o przeciwdziałaniu narkomanii" xAddress="Dz. U. z 2005 r. Nr 179, poz. 1485">art. 53 ust. 2 ustawy z 29 lipca 2005 r. o przeciwdziałaniu narkomanii</xLexLink> (<xIx> tiret</xIx> 2, str. 2 apelacji).</xText>
          <xText> Na koniec zarzuca rażącą niewspółmierność orzeczonej wobec oskarżonego kary pozbawienia wolności polegającą na niezastosowaniu wobec niego instytucji warunkowego zawieszenia wykonania owej kary (<xIx> tiret</xIx> 3 i 4, str. 2 apelacji).</xText>
          <xText> Jak stwierdzono na wstępie apelacja obrońcy oskarżonego <xAnon>P. J.</xAnon> jest bezzasadna.</xText>
          <xText> Jeśli chodzi o kwestię przypisanego oskarżonemu zachowania w postaci usiłowania wytworzenia znacznej ilości środka odurzającego w ilości 221,55 g (czyn z <xLexLink xArt="art. 13;art. 13 § 1" xIsapId="WDU19970880553" xTitle="Ustawa z dnia 6 czerwca 1997 r. - Kodeks karny" xAddress="Dz. U. z 1997 r. Nr 88, poz. 553">art. 13 § 1 k.k.</xLexLink> w zw. z <xLexLink xArt="art. 53;art. 53 ust. 2" xIsapId="WDU20051791485" xTitle="Ustawa z dnia 29 lipca 2005 r. o przeciwdziałaniu narkomanii" xAddress="Dz. U. z 2005 r. Nr 179, poz. 1485">art. 53 ust. 2 ustawy z 29 lipca 2005 r. o przeciwdziałaniu narkomanii</xLexLink>) apelacja sprowadza się jedynie do prostej polemiki z oceną dowodów dokonaną w pierwszej instancji. Apelujący wywodzi w tym zakresie, iż<xIx> „Zdaniem obrony brak jest w sprawie wystarczających dowodów wskazujących na to, że oskarżony <xAnon>P. J.</xAnon> wytwarzał środki odurzające i przygotowywał się do suszenia, czy też rozpoczął proces suszenia” (</xIx> str 4<xIx> in fine</xIx> apelacji, k. 2130).</xText>
          <xText> Autor omawianego środka odwoławczego odwołuje się tu do wyjaśnień oskarżonych, według których podejmowali oni jedynie zabiegi pielęgnacyjne w stosunku do hodowanych przez siebie roślin (konopi), a zbędne części tych roślin (zerwane lub ścięte dolne liście) odkładali w celu ich późniejszego wyrzucenia (str. 4<xIx> in fine</xIx> apelacj). Apelujący polemizuje przy tym ze stanowiskiem<xIx> Sądu meriti,</xIx> że oskarżeni przystąpili do procesu suszenia owych liści, gdyż gdyby mieli zamiar to czynić, podjęliby bardziej profesjonalne działania w tym kierunku (str. 4<xIx> in fine –</xIx> 5 apelacji).</xText>
          <xText> Jak wcześniej wspomniano apelacja w tej części sprowadza się jedynie do zwykłej polemiki z rozstrzygnięciem zapadłym w pierwszej instancji i prezentacji przez obrońcę oskarżonego własnej (subiektywnej) oceny materiału dowodowego. Podejmując tego rodzaju zabieg apelujący nie wykazał jednak w przekonujący sposób, aby analiza dowodów przeprowadzona przez Sąd I instancji pozostawała w sprzeczności z dyrektywami określonymi w <xLexLink xArt="art. 7" xIsapId="WDU19970890555" xTitle="Ustawa z dnia 6 czerwca 1997 r. - Kodeks postępowania karnego" xAddress="Dz. U. z 1997 r. Nr 89, poz. 555">art. 7 k.p.k.</xLexLink></xText>
          <xText> Podnosząc zarzut błędu w ustaleniach faktycznych przyjętych za podstawę orzeczenia nie wystarczy przeciwstawienie własnej oceny materiału dowodowego ocenie dokonanej przez Sąd orzekający. Dla skuteczności takiego zarzutu ( <xLexLink xArt="art. 438;art. 438 pkt. 3" xIsapId="WDU19970890555" xTitle="Ustawa z dnia 6 czerwca 1997 r. - Kodeks postępowania karnego" xAddress="Dz. U. z 1997 r. Nr 89, poz. 555">art. 438 pkt 3 k.p.k.</xLexLink>) wymaga się przekonującego wykazania, iż w toku wyrokowania, dokonując analizy materiału dowodowego, Sąd orzekający nie respektował wskazań wiedzy i doświadczenia życiowego oraz zasady prawidłowego (logicznego) rozumowania ( <xLexLink xArt="art. 7" xIsapId="WDU19970890555" xTitle="Ustawa z dnia 6 czerwca 1997 r. - Kodeks postępowania karnego" xAddress="Dz. U. z 1997 r. Nr 89, poz. 555">art. 7 k.p.k.</xLexLink>). Autor omawianej apelacji obrazy powołanego przepisu przez<xIx> Sąd meriti</xIx> nie był w stanie wykazać, a tym samym podniesiony przez niego w tym zakresie zarzut błędu w ustaleniach faktycznych przyjętych za podstawę zaskarżonego wyroku jest bezzasadny.</xText>
          <xText> Sąd I instancji w sposób logiczny i w pełni przekonujący wykazał, że oskarżeni (w tym <xAnon>P. J.</xAnon>) przystąpili do procesu wytwarzania środka odurzającego w postaci ziela konopi.</xText>
          <xText> Z zebranego w sprawie materiału dowodowego (wskazanego na stronie 3<xIx> in fine</xIx> uzasadnienia orzeczenia, k. 2095) wynika, że w budynku wynajmowanym przez oskarżonych znaleziono w trzech różnych miejscach przycięte i złożone liście konopi. Miejsca te zostały dokładnie opisane na stronie 28 uzasadnienia orzeczenia ( k.2107v).</xText>
          <xText><xIx> Sąd meriti</xIx> trafnie szczególną uwagę poświęcił dwóm takim miejscom (ślad nr 6, fot. 43-47, k. 312 oraz ślad nr 13, fot. 65-66, k. 313-314). Łączna ilość narkotyków zabezpieczonych w tych miejscach wynosiła owe 221,55 gramów.</xText>
          <xText> Sąd Okręgowy oceniając wygląd jaki miały zabezpieczone we wskazanych miejscach liście konopi (częściowo skręcone, co świadczy że zachodził już proces ich suszenia), a także to jak były one składowane (część w plastikowym wiaderku umieszczonym za czynnym piecem kaflowym, zaś część wyłożona na kawałku tektury) słusznie uznał, że wskazana partia środka odurzającego podlegała już procesowi suszenia. Stanowisko<xIx> Sądu meriti</xIx> w tym względzie jest w pełni zgodne ze wskazaniami wiedzy i doświadczenia życiowego oraz zasadą prawidłowego rozumowania, o których mowa w <xLexLink xArt="art. 7" xIsapId="WDU19970890555" xTitle="Ustawa z dnia 6 czerwca 1997 r. - Kodeks postępowania karnego" xAddress="Dz. U. z 1997 r. Nr 89, poz. 555">art. 7 k.p.k.</xLexLink></xText>
          <xText> Sąd I instancji trafnie nadto podniósł, że gdyby oskarżeni istotnie zamierzali wyrzucić owe przycięte liście, uczyniliby to krótko po ich zerwaniu (odcięciu).</xText>
          <xText> Zgodzić należy się z rozumowaniem<xIx> Sądu meriti,</xIx> iż „...<xIx> od czasu ich (liści – przyp. SA) zerwania do czasu ujawnienia ich w trakcie przeszukania musiał upłynąć jakiś okres czasu, o czym świadczy zachodzący proces suszenia i skręcenia liści. Zachodzący w roślinach proces suszenia jest niewątpliwy, część z nich znajdowała się w plastikowym wiaderku, które nie sprzyja suszeniu, lecz jednocześnie wiaderko to znajdowało się za piecem kaflowym, który zapewniał duże źródło ciepła, a przez to sprzyjał suszeniu. Część liści była wysypana na tekturze, co również umożliwia ich suszenie” (</xIx> str. 29 uzasadnienia orzeczenia, k. 2108). Należy przy tym zadać retoryczne pytanie, po co oskarżeni prowadziliby tak dużą hodowlę konopi, gdyby nie zamierzali poddać hodowanych roślin dalszemu procesowi wytwarzania marihuany.</xText>
          <xText> Rozumowanie<xIx> Sądu meriti</xIx> zaprezentowane w przytoczonym wyżej fragmencie uzasadnienia orzeczenia jest logiczne, zgodne ze wskazaniami wiedzy ( <xLexLink xArt="art. 7" xIsapId="WDU19970890555" xTitle="Ustawa z dnia 6 czerwca 1997 r. - Kodeks postępowania karnego" xAddress="Dz. U. z 1997 r. Nr 89, poz. 555">art. 7 k.p.k.</xLexLink>), a tym samym w pełni trafia do przekonania.</xText>
          <xText> Autor apelacji – jak uprzednio wspomniano – nie był w stanie wykazać, aby w omawianym zakresie doszło w pierwszej instancji do obrazy <xLexLink xArt="art. 7" xIsapId="WDU19970890555" xTitle="Ustawa z dnia 6 czerwca 1997 r. - Kodeks postępowania karnego" xAddress="Dz. U. z 1997 r. Nr 89, poz. 555">art. 7 k.p.k.</xLexLink> Apelujący podjął jedynie próbę polemiki ze stanowiskiem Sądu orzekającego, polegającą na przeciwstawieniu temu stanowisku własnej (subiektywnej) oceny dowodów. Nie jest to jednak wystarczające aby uwzględnić zarzut obrazy <xLexLink xArt="art. 7" xIsapId="WDU19970890555" xTitle="Ustawa z dnia 6 czerwca 1997 r. - Kodeks postępowania karnego" xAddress="Dz. U. z 1997 r. Nr 89, poz. 555">art. 7 k.p.k.</xLexLink>, której to obrazy implikacją byłby błąd w ustaleniach faktycznych przyjętych za podstawę orzeczenia.</xText>
          <xText> Należy nadto zauważyć, iż Sąd I instancji uznał, że zebrane w sprawie dowody pozwalają przyjąć, iż proces suszenia dotyczył tylko tych liści, które zostały zabezpieczone w dwóch, wskazanych wcześniej miejscach. Jeśli chodzi natomiast o liście znalezione w trzecim miejscu (ślad nr 1, fot. 0-11, k. 308), ponieważ były one zanieczyszczone nakrętkami od butelek, kawałkami folii i ziemią, Sąd uznał, że ta partia roślin była przeznaczona do wyrzucenia (str. 29 uzasadnienia orzeczenia). Stanowisko to jest również logiczne i przekonujące, dlatego zasługuje na akceptację.</xText>
          <xText> Reasumując należy stwierdzić, iż Sąd I instancji przekonująco wykazał, że oskarżeni (w tym <xAnon>P. J.</xAnon>) rozpoczęli proces suszenia partii środka odurzającego w ilości 221,55 g ziela konopi. Na marginesie należy jednak stwierdzić, iż Sąd ten zastosował błędną kwalifikację prawną owego czynu (usiłowanie wytworzenia znacznej ilości środków odurzających – <xLexLink xArt="art. 13;art. 13 § 1" xIsapId="WDU19970880553" xTitle="Ustawa z dnia 6 czerwca 1997 r. - Kodeks karny" xAddress="Dz. U. z 1997 r. Nr 88, poz. 553">art. 13 § 1 k.k.</xLexLink> w zw. z <xLexLink xArt="art. 53;art. 53 ust. 2" xIsapId="WDU20051791485" xTitle="Ustawa z dnia 29 lipca 2005 r. o przeciwdziałaniu narkomanii" xAddress="Dz. U. z 2005 r. Nr 179, poz. 1485">art. 53 ust. 2 ustawy z 29 lipca 2005 r. o przeciwdziałaniu narkomanii</xLexLink>).</xText>
          <xText> Sąd Okręgowy w uzasadnieniu wyroku trafnie odwołał się do kluczowego w omawianej kwestii postanowienia Sądu Najwyższego z dnia 8 marca 2005 r. ( V KK 14/05, OSNKW z. 4/2005, poz. 37). Sąd Okręgowy nie dokonał jednak właściwej analizy owego orzeczenia. Już w samej tezie Sąd Najwyższy stwierdził, iż<xIx> „</xIx><xBx><xIx> Wytwarzaniem</xIx></xBx><xIx> środka odurzającego ... są czynności podejmowane po zbiorze</xIx><xBx><xIx> (np. suszenie)</xIx></xBx><xIx> ...”.</xIx></xText>
          <xText> W uzasadnieniu powołanego judykatu Sąd Najwyższy podkreślił, iż „<xIx> Zauważyć należy, że penalizowane w art. 40 ustawy (obecnie art. 53 u.p.n. – przyp. SA)</xIx><xBx><xIx> &lt;&lt;wytwarzanie&gt;&gt;</xIx></xBx><xIx> środka odurzającego</xIx><xBx><xIx> oznacza czynności</xIx></xBx><xIx> (liczba mnoga – przyp. SA), za pomocą których mogą być otrzymane środki, substancje psychotropowe lub prekursory ...</xIx><xBx><xIx> Czynnościami takimi są</xIx></xBx><xIx> np. pozyskiwanie samych szyszek (tzw. strzyżenie),</xIx><xBx><xIx> suszenie ziela i przygotowanie go do wysuszenia,</xIx></xBx><xIx> jako że wysuszone kwiatostany (ziele) konopi (susz) to marihuana” (</xIx> OSNKW Z.5/ 2005 r., poz. 37, str. 17<xIx> in fine</xIx> – 18).</xText>
          <xText> Również zgodnie z definicją zawartą w art. 4 pkt 35 u.p.n. wytwarzanie to m.in.<xBx> czynności</xBx> , za pomocą których mogą być otrzymywane środki odurzające.</xText>
          <xText> Z powyższego wynika zatem wyraźnie, że do „<xIx> wytwarzania”</xIx> w rozumieniu <xLexLink xArt="" xIsapId="WDU20051791485" xTitle="Ustawa z dnia 29 lipca 2005 r. o przeciwdziałaniu narkomanii" xAddress="Dz. U. z 2005 r. Nr 179, poz. 1485">ustawy z 29 lipca 2005 r. o przeciwdziałaniu narkomanii</xLexLink> należy zaliczyć te wszystkie czynności, które następują po zebraniu ziela, aż do momentu uzyskania gotowego do użycia produktu końcowego. Do czynności tych należy zatem niewątpliwe suszenie ziela konopi, o czym wspomina Sąd Najwyższy w przytoczonych wyżej fragmentach orzeczenia z dnia 8 marca 2005 r. ( IV KK 14/05). Ujmując powyższe w skrócie należy stwierdzić, iż suszenie = wytwarzanie.</xText>
          <xText> Działanie oskarżonych polegające na suszeniu liści konopi nie było zatem (jak przyjął to<xIx> Sąd meriti)</xIx> jedynie usiłowaniem do wytworzenia środka odurzającego, lecz stanowiło już wytwarzanie owego środka w rozumieniu ustawy, czyli miało postać czynu dokonanego. Należy tu zwrócić uwagę na fakt, iż ustawa używa terminu „<xIx> wytwarza”,</xIx> który to wyraz posiada formę czasownika niedokonanego.<xIx> Sąd meriti</xIx> prawdopodobnie błędnie zinterpretował treść owego znamienia w ten sposób, iż uznał, że wytworzeniem (w rozumieniu ustawy) jest dopiero uzyskanie produktu finalnego (gotowego do użycia środka odurzającego). Może o tym świadczyć ta część uzasadnienia orzeczenia, gdzie znajduje się następujący zapis: „<xIx> Nie ulega wątpliwości, że celem działania oskarżonych w przyszłości było wytworzenie tych środków w celu osiągnięcia korzyści ...” (</xIx> str. 31). Sąd użył tu słowa „<xIx> wytworzenie”,</xIx> a zatem formy czasownika dokonanego.</xText>
          <xText> Zamieszczając powyższe uwagi na marginesie należy stwierdzić, iż zmiana zaskarżonego wyroku w tej części (z usiłowania na dokonanie czynu z art. 53 ust.2 powołanej ustawy) jest niemożliwa, z uwagi na brak apelacji oskarżyciela publicznego na niekorzyść oskarżonych (zakaz<xIx> reformationis in peius).</xIx></xText>
          <xText> Kolejny zarzut omawianej apelacji dotyczy ustawowego pojęcia „<xIx> znaczna ilość”</xIx> środków odurzających. Apelacja w tym zakresie jest w sposób oczywisty bezzasadna.</xText>
          <xText> Obrońca oskarżonego odwołuje się w tej części środka odwoławczego do orzecznictwa Sądów Apelacyjnych (przede wszystkim Sądu Apelacyjnego w Krakowie, vide str. 5-6 apelacji, k. 2131-2132), które nie uzyskało jednak akceptacji doktryny, nie znalazło też potwierdzenia w orzecznictwie Sądu Najwyższego.</xText>
          <xText> Stanowisko Sądu I instancji wyrażone w owej kwestii w uzasadnieniu zaskarżonego wyroku (str. 32-33) jest w pełni prawidłowe, opiera się bowiem na jednolitym w tym względzie stanowisku Sądu Najwyższego, aprobowanym powszechnie przez przedstawicieli doktryny.</xText>
          <xText> Dodać do tego można, iż kwestia owej „<xIx> znacznej ilości”</xIx> narkotyków była ostatnio przedmiotem wyrokowania przez Trybunał Konstytucyjny. Trybunał w wyroku z dnia 14 lutego 2012 r., sygn. akt: P 20/10 (związanym z pytaniem prawnym Sądu Rejonowego w Krakowie dotyczącym konstytucyjności zawartego w <xLexLink xArt="" xIsapId="WDU20051791485" xTitle="Ustawa z dnia 29 lipca 2005 r. o przeciwdziałaniu narkomanii" xAddress="Dz. U. z 2005 r. Nr 179, poz. 1485">ustawie z dnia 29 lipca 2005 r. o przeciwdziałaniu narkomanii</xLexLink> znamienia „<xIx> znaczna ilość”)</xIx> odwołał się do wypracowanej przez Sąd Najwyższy, jednolitej w tej materii linii orzeczniczej, podnosząc, iż ustawowy termin<xIx> „znaczna ilość”</xIx> narkotyków został już przez tenże Sąd w sposób jednoznaczny zinterpretowany.</xText>
          <xText> Sąd Najwyższy wypowiada się konsekwentnie, że „<xIx> znaczna ilość”</xIx> narkotyków to taka, która wystarczy do jednorazowego odurzenia się co najmniej<xBx> kilkudziesięciu osób</xBx> (zob. postanowienie SN z 1.02.2007 r., III KK 257/06, LEX nr 323801; postanowienie SN z 23.09.2009 r., I KZP 10/09, LEX nr 518123; wyroki SN: z 1.03.2006 r., III KK 47/05, LEX nr 182794 i z 10.06.2008 r., III K 30/08, LEX nr 418629).</xText>
          <xText> Należy tu wspomnieć, iż powołane wyżej orzeczenie Sądu Najwyższego z dnia 23 września 2009 r. ( I KZP 10/09) związane było z pytaniem prawnym Sądu Apelacyjnego we Wrocławiu dotyczącym omawianej kwestii. Sąd Najwyższy po raz kolejny stwierdził wówczas, że znaczną ilość narkotyków należy rozumieć we wskazany wcześniej sposób (ilość wystarczająca do jednorazowego zaspokojenia potrzeb co najmniej<xBx> kilkudziesięciu osób uzależnionych</xBx> – vide OSNKW 2009/10/84, Biul. SN 2009/22-23).</xText>
          <xText> W tym stanie rzeczy – mając na uwadze powyższe – dotyczący omawianej kwestii zarzut apelacji obrońcy oskarżonego <xAnon>P. J.</xAnon> jest oczywiście bezzasadny, skoro sam apelujący przyznał, że „<xIx> Zabezpieczone ziela konopi w ilości 221,55 gramów ... wystarczą do odurzenia się jednorazowego ... najwyżej</xIx><xBx><xIx> kilkuset</xIx></xBx><xIx> (osób – przyp. SA)”</xIx> (str. 5 apelacji, k. 2131).</xText>
          <xText> Jeśli chodzi o wymiar orzeczonej wobec <xAnon>P. J.</xAnon> kary pozbawienia wolności, zgodzić należy się ze stanowiskiem jego obrońcy, iż skoro dotyczący go wyrok Sądu Rejonowego w Kłodzku w sprawie II K 38/10 zapadł w dniu 28 października 2010 r., a uprawomocnił się 30 listopada 2010 r., ( k.2017), zaś w pkt I części dyspozytywnej zaskarżonego wyroku przypisano mu działanie w okresie od lutego 2010 r. do 23 kwietnia 2010 r. (czyny II i III zostały popełnione 18 kwietnia 2010 r.), nie można w tym przypadku mówić o uprzedniej karalności oskarżonego i zaliczać jej do okoliczności obciążających. Niemniej Sąd Apelacyjny podzielił pogląd Sądu I instancji, iż brak jest podstaw do zastosowania wobec oskarżonego warunkowego zawieszenia wykonania kary pozbawienia wolności.</xText>
          <xText> W przypadku czynu I (stanowiącego zbrodnię), Sąd Okręgowy zastosował wobec oskarżonego nadzwyczajne złagodzenie kary, przy czym karę tę wymierzył w dolnej granicy ustawowego zagrożenia wyznaczonej przepisem <xLexLink xArt="art. 60;art. 60 § 6;art. 60 § 6 pkt. 2" xIsapId="WDU19970880553" xTitle="Ustawa z dnia 6 czerwca 1997 r. - Kodeks karny" xAddress="Dz. U. z 1997 r. Nr 88, poz. 553">art. 60 § 6 pkt 2 k.k.</xLexLink></xText>
          <xText> W sprawie II K 38/10 Sądu Rejonowego w Kłodzku oskarżony został skazany za czyn z <xLexLink xArt="art. 297;art. 297 § 1" xIsapId="WDU19970880553" xTitle="Ustawa z dnia 6 czerwca 1997 r. - Kodeks karny" xAddress="Dz. U. z 1997 r. Nr 88, poz. 553">art. 297 § 1 k.k.</xLexLink> i <xLexLink xArt="art. 286;art. 286 § 1" xIsapId="WDU19970880553" xTitle="Ustawa z dnia 6 czerwca 1997 r. - Kodeks karny" xAddress="Dz. U. z 1997 r. Nr 88, poz. 553">art. 286 § 1 k.k.</xLexLink> w zw. z <xLexLink xArt="art. 11;art. 11 § 2" xIsapId="WDU19970880553" xTitle="Ustawa z dnia 6 czerwca 1997 r. - Kodeks karny" xAddress="Dz. U. z 1997 r. Nr 88, poz. 553">art. 11 § 2 k.k.</xLexLink>, na karę 10 miesięcy pozbawienia wolności ( k.1057-1058 oraz k. 2017), a w sprawie niniejszej także za czyny z <xLexLink xArt="art. 190;art. 190 § 1" xIsapId="WDU19970880553" xTitle="Ustawa z dnia 6 czerwca 1997 r. - Kodeks karny" xAddress="Dz. U. z 1997 r. Nr 88, poz. 553">art. 190 § 1 k.k.</xLexLink> Pomiędzy wszystkimi przestępstwami, za które oskarżony <xAnon>P. J.</xAnon> został skazany zachodzi odległy związek przedmiotowy. Okoliczność ta świadczy, iż oskarżony wykazuje tendencje do systematycznego łamania prawa w różnych jego dziedzinach, co pozwala uznać, że nie zachodzi w jego przypadku pozytywna prognoza kryminologiczna, o której mowa w <xLexLink xArt="art. 69" xIsapId="WDU19970880553" xTitle="Ustawa z dnia 6 czerwca 1997 r. - Kodeks karny" xAddress="Dz. U. z 1997 r. Nr 88, poz. 553">art. 69 k.k.</xLexLink></xText>
          <xText> Ponadto skoro w sprawie niniejszej oskarżony został potraktowany przez Sąd I instancji nader łagodnie (nadzwyczajne złagodzenie kary za czyn I, wymierzenie tej kary w dolnej granicy ustawowego zagrożenia, orzeczenie kary łącznej zbliżonej do absorpcji), dalsze łagodzenie owej kary, poprzez warunkowe zawieszenie jej wykonania, stanowiłoby wyraz nadmiernej pobłażliwości w stosunku do oskarżonego, a tym samym kara ta nie spełniłaby swoich funkcji prewencyjnych.</xText>
          <xText> W tym stanie rzeczy – mając na uwadze powyższe – Sąd Apelacyjny, uznając omawianą apelację za bezzasadną, zaskarżony wyrok wobec oskarżonego <xAnon>P. J.</xAnon> utrzymał w mocy.</xText>
          
          <xText><xBx> Co do apelacji obrońcy oskarżonego <xAnon>P. U.</xAnon> –</xBx> apelacja ta również nie zasługuje na uwzględnienie.</xText>
          <xText> W omawianej apelacji autor, zarzucając obrazę prawa procesowego, a to <xLexLink xArt="art. 4" xIsapId="WDU19970890555" xTitle="Ustawa z dnia 6 czerwca 1997 r. - Kodeks postępowania karnego" xAddress="Dz. U. z 1997 r. Nr 89, poz. 555">art. 4 k.p.k.</xLexLink> i <xLexLink xArt="art. 7" xIsapId="WDU19970890555" xTitle="Ustawa z dnia 6 czerwca 1997 r. - Kodeks postępowania karnego" xAddress="Dz. U. z 1997 r. Nr 89, poz. 555">art. 7 k.p.k.</xLexLink>, wywodzi (podobnie jak obrońca oskarżonego <xAnon>P. J.</xAnon>), iż brak jest dowodów świadczących, że <xAnon>P. U.</xAnon> usiłował wytworzyć znaczną ilość środka odurzającego w postaci ziela konopi w ilości 221,55 gramów (zarzut nr 1, str. 1<xIx> in fine</xIx> – 2 apelacji, k. 2120-2121).</xText>
          <xText> Ponadto apelujący zarzucił rażącą niewspółmierność wymierzonej oskarżonemu kary pozbawienia wolności, polegającą na niezastosowaniu wobec niego instytucji warunkowego zawieszenia owej kary (zarzut nr 2 apelacji, str. 2, k. 2121).</xText>
          <xText> Oba wskazane wyżej zarzuty są bezzasadne. Na temat rozpoczęcia przez oskarżonych procesu suszenia liści konopi w ilości 221,55 gramów była już szeroko mowa w poprzedniej części uzasadnienia (związanej z apelacją obrońcy <xAnon>P. J.</xAnon>). Autor omawianej apelacji również ograniczył się do prostej polemiki z oceną dowodów dokonaną przez Sąd I instancji i prezentacji własnej (subiektywnej) oceny owych dowodów, z których wyciągnął wnioski odmienne od Sądu orzekającego. Jak już jednak wcześniej podkreślono dla skuteczności zarzutu obrazy <xLexLink xArt="art. 7" xIsapId="WDU19970890555" xTitle="Ustawa z dnia 6 czerwca 1997 r. - Kodeks postępowania karnego" xAddress="Dz. U. z 1997 r. Nr 89, poz. 555">art. 7 k.p.k.</xLexLink> i związanego z nim zarzutu błędu w ustaleniach faktycznych przyjętych za podstawę orzeczenia nie wystarczy przeciwstawienie ustaleniom<xIx> Sądu meriti</xIx> własnej (odmiennej) oceny materiału dowodowego. Aby zarzut taki był skuteczny należy wykazać, iż<xIx> Sąd meriti</xIx> oceniając zebrane w sprawie dowody naruszył wskazania wiedzy i doświadczenia życiowego oraz zasadę prawidłowego (logicznego) rozumowania. Apelujący nie wykazał tego z całą pewnością, a zatem podniesiony przez niego zarzut obrazy <xLexLink xArt="art. 7" xIsapId="WDU19970890555" xTitle="Ustawa z dnia 6 czerwca 1997 r. - Kodeks postępowania karnego" xAddress="Dz. U. z 1997 r. Nr 89, poz. 555">art. 7 k.p.k.</xLexLink> jest bezzasadny.</xText>
          <xText> Sąd Apelacyjny raz jeszcze podkreśla, że ocena dowodów przedstawiona przez Sąd I instancji w uzasadnieniu orzeczenia (vide str. 28-29) jest w pełni przekonująca, a przy tym zgodna z regułami określonymi w <xLexLink xArt="art. 7" xIsapId="WDU19970890555" xTitle="Ustawa z dnia 6 czerwca 1997 r. - Kodeks postępowania karnego" xAddress="Dz. U. z 1997 r. Nr 89, poz. 555">art. 7 k.p.k.</xLexLink> Była już na ten temat mowa uprzednio. Z powołanych w tej części uzasadnienia dowodów wynika niezbicie, że oskarżeni przystąpili do suszenia liści konopi (w ilości 221,55 g), a zatem rozpoczęli proces wytwarzania środka odurzającego w rozumieniu <xLexLink xArt="art. 53" xIsapId="WDU20051791485" xTitle="Ustawa z dnia 29 lipca 2005 r. o przeciwdziałaniu narkomanii" xAddress="Dz. U. z 2005 r. Nr 179, poz. 1485">art. 53 ustawy z 29 lipca 2005 r. o przeciwdziałaniu narkomanii</xLexLink>. Wprawdzie<xIx> Sąd meriti</xIx> błędnie uznał, że działanie to było dopiero usiłowaniem popełnienia czynu o którym mowa w § 2 powołanego przepisu (o czym również była uprzednio mowa), jednak z powodu zakazu<xIx> reformationis in peius</xIx> zmiana zaskarżonego wyroku w tej części jest niemożliwa.</xText>
          <xText> Autor omawianej apelacji nie przedstawił żadnych nowych argumentów ponad te, które zaprezentował już w środku odwoławczym obrońca oskarżonego <xAnon>P. J.</xAnon>. Z tych względów wystarczy odwołać się w omawianym zakresie do poprzedniej (związanej z tym) części uzasadnienia.</xText>
          <xText> Jeśli chodzi o zarzut obrazy <xLexLink xArt="art. 4" xIsapId="WDU19970890555" xTitle="Ustawa z dnia 6 czerwca 1997 r. - Kodeks postępowania karnego" xAddress="Dz. U. z 1997 r. Nr 89, poz. 555">art. 4 k.p.k.</xLexLink> (zawarty w pkt II podpkt 1 apelacji, str. 1), jest on bezzasadny. Wbrew twierdzeniom apelującego, Sąd I instancji nie dopuścił się naruszenia <xLexLink xArt="art. 4" xIsapId="WDU19970890555" xTitle="Ustawa z dnia 6 czerwca 1997 r. - Kodeks postępowania karnego" xAddress="Dz. U. z 1997 r. Nr 89, poz. 555">art. 4 k.p.k.</xLexLink> Godzi się przypomnieć, że podnosząc zarzut naruszenia wskazanego przepisu nie jest wystarczające odwołanie się w apelacji jedynie do zasady obiektywizmu, bez podania, jakie przepisy ją konkretyzujące zostały naruszone przez Sąd I instancji (zob. postanowienie Sądu Najwyższego z dnia 19 grudnia 2007 r., V KK 390/07, LEX nr 353329). Przepis ten wyraża bowiem ogólną dyrektywę postępowania karnego, która jest konkretyzowana poprzez treść odpowiednich przepisów <xLexLink xArt="" xIsapId="WDU19970890555" xTitle="Ustawa z dnia 6 czerwca 1997 r. - Kodeks postępowania karnego" xAddress="Dz. U. z 1997 r. Nr 89, poz. 555">kodeksu postępowania karnego</xLexLink>, nakazujących lub zakazujących organom prowadzącym postępowanie karne dokonanie określonych czynności w przewidzianych tymi przepisami sytuacjach procesowych (np. <xLexLink xArt="art. 40" xIsapId="WDU19970890555" xTitle="Ustawa z dnia 6 czerwca 1997 r. - Kodeks postępowania karnego" xAddress="Dz. U. z 1997 r. Nr 89, poz. 555">art. 40 k.p.k.</xLexLink>, <xLexLink xArt="art. 170;art. 170 § 2" xIsapId="WDU19970890555" xTitle="Ustawa z dnia 6 czerwca 1997 r. - Kodeks postępowania karnego" xAddress="Dz. U. z 1997 r. Nr 89, poz. 555">art. 170 § 2 k.p.k.</xLexLink>). Powyższego wymogu analizowana apelacja nie spełnia.</xText>
          <xText> Nie zasługuje również na uwzględnienie apelacja obrońcy <xAnon>P. U.</xAnon> w zakresie dotyczącym wymiaru orzeczonej wobec oskarżonego kary.</xText>
          <xText> Sąd Okręgowy zastosował dwukrotnie wobec tego oskarżonego instytucję nadzwyczajnego złagodzenia kary (czyny I i V), wymierzając mu przy tym kary w dolnej granicy ustawowego zagrożenia, wyznaczonej przez <xLexLink xArt="art. 60;art. 60 § 6;art. 60 § 6 pkt. 2" xIsapId="WDU19970880553" xTitle="Ustawa z dnia 6 czerwca 1997 r. - Kodeks karny" xAddress="Dz. U. z 1997 r. Nr 88, poz. 553">art. 60 § 6 pkt 2 k.k.</xLexLink> (1/3 3 lat pozbawienia wolności wynosi 1 rok i taką też karę wymierzono oskarżonemu za czyn V, zaś za czyn I 1 rok i 4 miesiące pozbawienia wolności). Dalsze łagodzenie kary poprzez jej warunkowe zawieszenie byłoby wyrazem nadmiernej pobłażliwości w stosunku do oskarżonego.</xText>
          <xText><xAnon>P. U.</xAnon> został skazany w niniejszej sprawie w sumie za 6 przestępstw, w tym za czyny z ustawy o przeciwdziałaniu narkomanii (3), za czyny z <xLexLink xArt="art. 190;art. 190 § 1" xIsapId="WDU19970880553" xTitle="Ustawa z dnia 6 czerwca 1997 r. - Kodeks karny" xAddress="Dz. U. z 1997 r. Nr 88, poz. 553">art. 190 § 1 k.k.</xLexLink> (2) oraz za czyn z <xLexLink xArt="art. 233;art. 233 § 1" xIsapId="WDU19970880553" xTitle="Ustawa z dnia 6 czerwca 1997 r. - Kodeks karny" xAddress="Dz. U. z 1997 r. Nr 88, poz. 553">art. 233 § 1 k.k.</xLexLink> i <xLexLink xArt="art. 238" xIsapId="WDU19970880553" xTitle="Ustawa z dnia 6 czerwca 1997 r. - Kodeks karny" xAddress="Dz. U. z 1997 r. Nr 88, poz. 553">art. 238 k.k.</xLexLink> w zw. z <xLexLink xArt="art. 11;art. 11 § 2" xIsapId="WDU19970880553" xTitle="Ustawa z dnia 6 czerwca 1997 r. - Kodeks karny" xAddress="Dz. U. z 1997 r. Nr 88, poz. 553">art. 11 § 2 k.k.</xLexLink> Pomiędzy tymi przestępstwami istnieje odległy związek przedmiotowy.</xText>
          <xText> Całokształt wskazanych wyżej okoliczności nie daje podstaw do przyjęcia, że wobec oskarżonego zachodzi pozytywna prognoza kryminologiczna, o której mowa w <xLexLink xArt="art. 69" xIsapId="WDU19970880553" xTitle="Ustawa z dnia 6 czerwca 1997 r. - Kodeks karny" xAddress="Dz. U. z 1997 r. Nr 88, poz. 553">art. 69 k.k.</xLexLink> Tym samym brak jest podstaw do warunkowego zawieszenia wymierzonej mu kary pozbawienia wolności.</xText>
          <xText> W tym stanie rzeczy – mając na uwadze powyższe – Sąd Apelacyjny uznając omawianą apelację za bezzasadną, zaskarżony wyrok w stosunku do oskarżonego <xAnon>P. U.</xAnon> utrzymał w mocy.</xText>
          <xText> Orzeczenie o kosztach sądowych za postępowanie odwoławcze opiera się o <xLexLink xArt="art. 624;art. 624 § 1" xIsapId="WDU19970890555" xTitle="Ustawa z dnia 6 czerwca 1997 r. - Kodeks postępowania karnego" xAddress="Dz. U. z 1997 r. Nr 89, poz. 555">art. 624 § 1 k.p.k.</xLexLink></xText>
          <xText> Koszty nieopłaconej obrony z urzędu w postępowaniu odwoławczym zasądzono od Skarbu Państwa na rzecz występujących w drugiej instancji obrońców na podstawie <xLexLink xArt="art. 29" xIsapId="WDU19820160124" xTitle="Ustawa z dnia 26 maja 1982 r. - Prawo o adwokaturze" xAddress="Dz. U. z 1982 r. Nr 16, poz. 124">art. 29 ustawy – prawo o adwokaturze</xLexLink>.</xText>
        </xUnit>
      </xBlock>
    </xPart>
  </judgement>
<judgement id="155000000000503_I_ACa_000168_2012_Uz_2012-03-09_001">
    <xPart xEditorFullName="Monika Kurkowiak" xYear="2012" xLang="PL" xPublisherFullName="Monika Kurkowiak" xFromPg="1" xEditor="mkurkowiak" xVolType="15/500000/0000503/ACa" xPublisher="mkurkowiak" xDocType="Uz" xVolNmbr="000168" xVersion="1.0" xToPage="4" xFlag="published">
      <xName>Wyrok+Uzasadnienie</xName>
      <xBlock>
        <xText>Sygn. akt I ACa 168/12</xText>
        <xUnit xIsTitle="true" xType="part" xBold="true">
          <xName>WYROK</xName>
          <xTitle>W IMIENIU RZECZYPOSPOLITEJ POLSKIEJ</xTitle>
          <xText xALIGNx="right">Dnia 9 marca 2012 r.</xText>
          
          <xText>Sąd Apelacyjny we Wrocławiu – Wydział I Cywilny w składzie:</xText>
          <xRows>
            <xRow>
              <xClmn xALIGNx="left" xVALIGNx="middle">
                <xText xALIGNx="right">Przewodniczący:</xText>
              </xClmn>
              <xClmn xALIGNx="left" xVALIGNx="middle">
                <xText>SSA Elżbieta Lipińska</xText>
              </xClmn>
            </xRow>
            <xRow>
              <xClmn xALIGNx="left" xVALIGNx="top">
                <xText xALIGNx="right">Sędziowie:</xText>
              </xClmn>
              <xClmn xALIGNx="left" xVALIGNx="middle">
                <xText>SSA Ewa Głowacka</xText>
                <xText>SSA Franciszek Marcinowski (spr.)</xText>
              </xClmn>
            </xRow>
            <xRow>
              <xClmn xALIGNx="left" xVALIGNx="middle">
                <xText xALIGNx="right">Protokolant:</xText>
              </xClmn>
              <xClmn xALIGNx="left" xVALIGNx="middle">
                <xText>Teresa Wróbel - Płatek</xText>
              </xClmn>
            </xRow>
          </xRows>
          
          <xText>po rozpoznaniu w dniu 9 marca 2012 r. we Wrocławiu na rozprawie</xText>
          <xText>sprawy z powództwa <xBx><xAnon>G. N.</xAnon></xBx></xText>
          <xText>przeciwko <xBx><xAnon> Spółdzielni Mieszkaniowej (...)</xAnon> we <xAnon>W.</xAnon></xBx></xText>
          <xText>o przyjęcie w poczet członków i ustanowienie spółdzielczego lokatorskiego prawa do lokalu</xText>
          <xText>na skutek apelacji powoda</xText>
          <xText>od wyroku Sądu Okręgowego we Wrocławiu</xText>
          <xText>z dnia 29 grudnia 2011 r. sygn. akt I C 472/11</xText>
          
          <xUnit xIsTitle="false" xType="none">
            <xName xSffx=".">1</xName>
            <xText>
              <xBx>oddala apelację; </xBx>
            </xText>
          </xUnit>
          <xUnit xIsTitle="false" xType="none">
            <xName xSffx=".">2</xName>
            <xText>
              <xBx>zasądza od powoda na rzecz strony pozwanej kwotę 5.400 zł tytułem zwrotu kosztów postępowania apelacyjnego. </xBx>
            </xText>
          </xUnit>
        </xUnit>
        <xUnit xIsTitle="true" xType="part" xBold="true">
          <xName>UZASADNIENIE</xName>
          <xText>Powód <xAnon>G. N.</xAnon> wniósł o nakazanie pozwanej <xAnon> Spółdzielni Mieszkaniowej (...)</xAnon> we <xAnon>W.</xAnon> przyjęcia go w poczet członków Spółdzielni oraz złożenia oświadczenia woli, którego treścią miało być ustanowienie na rzecz powoda spółdzielczego lokatorskiego prawa do <xAnon>lokalu mieszkalnego nr (...)</xAnon> przy <xAnon>ul . (...)</xAnon> we <xAnon>W.</xAnon>.</xText>
          <xText>Sąd Okręgowy we Wrocławiu wyrokiem z dnia 29 grudnia 2011 r. oddalił powództwo. Sąd ten ustalił, że spółdzielcze lokatorskie prawo do wskazanego wyżej lokalu mieszkalnego posiadała matka powoda <xAnon>M. N.</xAnon>, która zmarła w dniu 22 lutego 2007 r. Spadek po niej nabyli z mocy ustawy jej synowie <xAnon>G. N.</xAnon> i <xAnon>P. N.</xAnon>. <xAnon>G. N.</xAnon> pismem z dnia 16 lipca 2007 r. wystąpił do pozwanej <xAnon> Spółdzielni</xAnon> z wnioskiem o wyliczenie aktualnej wartości zwaloryzowanego wkładu mieszkaniowego, informując jednocześnie, że po zakończeniu sprawy spadkowej zamierza ubiegać się o przyjęcie w poczet członków spółdzielni i o nabycie <xLexLink xArt="" xIsapId="WDU19820300210" xTitle="Ustawa z dnia 16 września 1982 r. - Prawo spółdzielcze" xAddress="Dz. U. z 1982 r. Nr 30, poz. 210">prawa spółdzielczego</xLexLink> lokatorskiego lokalu jako osoba stale zamieszkująca z głównym lokatorem. Pozwana odmówiła dokonania wyceny wartości wkładu mieszkaniowego i poinformowała powoda, że nie zostanie przyjęty w poczet członków spółdzielni, ponieważ nie zamieszkiwał z matką w chwili jej śmierci i nie przysługuje mu roszczenie określone w art. 15 ustawy o spółdzielniach mieszkaniowych. Brat powoda <xAnon>P. N.</xAnon> umową darowizny z dnia 25 stycznia 2011 r. przeniósł na powoda przysługujący mu udział stanowiący ½ wkładu mieszkaniowego związanego ze spółdzielczym lokatorskim prawem do lokalu mieszkalnego wskazanego na wstępie.</xText>
          <xText>Sąd Okręgowy uznał, że powód nie zachował roszczeń o przyjęcie do spółdzielni i o zawarcie umowy o ustanowienie spółdzielczego lokatorskiego prawa do lokalu mieszkalnego, ponieważ nie złożył w przewidzianym ustawą terminie jednego roku deklaracji członkowskiej wraz z pisemnym zapewnieniem o gotowości do zawarcia umowy o ustanowienie spółdzielczego lokatorskiego prawa do lokalu mieszkalnego (art. 15 ust. 4 ustawy o spółdzielniach mieszkaniowych). Stwierdził jednocześnie, że za złożenie deklaracji członkowskiej nie można uznać pisma powoda z dnia 16 lipca 2007 r., w którym powód poinformował tylko, że zamierza ubiegać się o przyjęcie w poczet członków spółdzielni.</xText>
          <xText>Powód zaskarżył powyższy wyrok w całości, zarzucając mu naruszenie:</xText>
          <xEnum>
            <xBullet>-</xBullet>
            <xEnumElem>
              <xText>art. 15 ust. 2 i 4 ustawy o spółdzielniach mieszkaniowych, przez błędną wykładnię i nie zastosowanie w niniejszej sprawie, pomimo iż powód wypełnił wszystkie wymogi ustawowe wskazane w tym przepisie;</xText>
            </xEnumElem>
            <xEnumElem>
              <xText><xLexLink xArt="art. 233" xIsapId="WDU19640430296" xTitle="Ustawa z dnia 17 listopada 1964 r. - Kodeks postępowania cywilnego" xAddress="Dz. U. z 1964 r. Nr 43, poz. 296">art. 233 § k.p.c.</xLexLink> przez nieuzasadnione przyjęcie, że powód nie złożył deklaracji członkowskiej w terminie 1 roku od daty śmierci jego matki;</xText>
            </xEnumElem>
            <xEnumElem>
              <xText><xLexLink xArt="art. 217" xIsapId="WDU19640430296" xTitle="Ustawa z dnia 17 listopada 1964 r. - Kodeks postępowania cywilnego" xAddress="Dz. U. z 1964 r. Nr 43, poz. 296">art. 217 k.p.c.</xLexLink> przez oddalenie jego wniosków dowodowych o przesłuchanie stron na okoliczność złożenia deklaracji członkowskiej oraz o zobowiązanie pozwanej Spółdzielni do przedłożenia akt spornego lokalu mieszkalnego i dopuszczenie dowodu z tych akt;</xText>
            </xEnumElem>
            <xEnumElem>
              <xText><xLexLink xArt="art. 328;art. 328 § 2" xIsapId="WDU19640430296" xTitle="Ustawa z dnia 17 listopada 1964 r. - Kodeks postępowania cywilnego" xAddress="Dz. U. z 1964 r. Nr 43, poz. 296">art. 328 § 2 k.p.c.</xLexLink> przez nie podanie przyczyn oddalenia wniosków dowodowych złożonych przez powoda w postępowaniu przed Sądem l instancji.</xText>
            </xEnumElem>
          </xEnum>
          <xText>Nadto zarzucił sprzeczność ustaleń Sądu z treścią zebranego w sprawie materiału dowodowego, a w szczególności błędne przyjęcie, że pismo powoda z dnia 16.07.2007 r. nie stanowi złożenia przez niego deklaracji członkowskiej. Wskazując na te zarzuty wniósł o zmianę zaskarżonego wyroku przez uwzględnienie powództwa i o zasądzenie od pozwanej na rzecz powoda kosztów zastępstwa procesowego według norm przepisanych za l i II instancję, ewentualnie o uchylenie zaskarżonego wyroku i przekazanie sprawy do ponownego rozpoznania Sądowi l instancji. Wniósł też o dopuszczenie w postępowaniu apelacyjnym dowodów wnioskowanych przez powoda przed Sądem l instancji.</xText>
          
          <xText>
            <xBx>Sąd Apelacyjny zważył, co następuje:</xBx>
          </xText>
          
          <xText>Ustalenia faktyczne Sądu I instancji nie budzą zastrzeżeń, toteż Sąd Apelacyjny przyjął je za podstawę swego rozstrzygnięcia.</xText>
          <xText>Podniesiony w apelacji zarzut sprzeczności istotnych ustaleń Sądu z treścią zebranego w sprawie materiału dowodowego, odnoszony do przyjęcia przez Sąd, że pismo powoda z dnia 16 lipca 2007 r. nie stanowiło deklaracji członkowskiej oraz do przyjęcia, że powód nie spełnił wszystkich wymogów określonych w art. 15 ust. 4 ustawy o spółdzielniach mieszkaniowych, należy uznać za chybiony. Powód nie kwestionuje bowiem żadnego z ustalonych przez Sąd Okręgowy faktów, a tylko nie zgadza się z oceną prawną treści powyższego pisma. Jeśli zaś idzie o tę ocenę, mającą kluczowe znaczenie dla rozstrzygnięcia sprawy, stwierdzić należy, że Sąd Okręgowy prawidłowo uznał, że powyższe pismo powoda nie mogło być potraktowane jako deklaracja członkowska, przewidziana w art. 15 ust. 4 ustawy o spółdzielniach mieszkaniowych. Celem tego pisma, wskazanym wyraźnie w jego treści, było uzyskanie przez powoda danych dotyczących wartości wkładu lokatorskiego oraz wysokości zaległych opłat. Powód zawarł też w tym piśmie informację, że w przyszłości zamierza się starać o przyjęcie w poczet członków spółdzielni, co oznacza, że w chwili składania tego pisma nie traktował go jeszcze jako deklaracji członkowskiej wszczynającej te starania. Zauważyć też trzeba, że powód nie dołączył do tego pisma zapewnienia o gotowości do zawarcia umowy o ustanowienie spółdzielczego lokatorskiego prawa do lokalu mieszkalnego, co stanowiło warunek zachowania roszczeń, o których mowa w art. 15 ust. 1–3 ustawy.</xText>
          <xText>W tym stanie rzeczy, skoro powód powoływał się jedynie na wskazane wyżej pismo i nie twierdził oraz nie wykazał, by poza tym pismem złożył w ustawowym rocznym terminie wymaganą deklarację członkowską, należy podzielić ocenę Sądu I instancji co do utraty przez powoda prawa dochodzenia roszczeń o przyjęcie do spółdzielni i o zawarcie umowy o ustanowienie spółdzielczego lokatorskiego prawa do lokalu mieszkalnego.</xText>
          <xText>Mając to na uwadze Sąd Apelacyjny oddalił apelację jako bezzasadną na podstawie <xLexLink xArt="art. 385" xIsapId="WDU19640430296" xTitle="Ustawa z dnia 17 listopada 1964 r. - Kodeks postępowania cywilnego" xAddress="Dz. U. z 1964 r. Nr 43, poz. 296">art. 385 k.p.c.</xLexLink></xText>
          
          <xText>
            <xBx>
              <xIx>bp</xIx>
            </xBx>
          </xText>
        </xUnit>
      </xBlock>
    </xPart>
  </judgement>
<judgement id="155020150003006_VI_K_000238_2011_Uz_2013-04-18_001">
    <xPart xEditorFullName="Bogumiła Matras" xYear="2011" xLang="PL" xPublisherFullName="Bogumiła Matras" xFromPg="1" xEditor="bogumila.matras@swidnica.sr.gov.pl" xVolType="15/502015/0003006/K" xPublisher="bogumila.matras@swidnica.sr.gov.pl" xDocType="Uz" xVolNmbr="000238" xVersion="1.0" xToPage="24" xFlag="published">
      <xName>Wyrok+Uzasadnienie</xName>
      <xBlock>
        <xText>Sygn. akt VI K 238/11</xText>
        
        <xUnit xIsTitle="true" xBold="true" xType="part">
          <xName>WYROK</xName>
          <xTitle>W IMIENIU RZECZYPOSPOLITEJ POLSKIEJ</xTitle>
          <xText xALIGNx="right"> Dnia 18 kwietnia 2013 roku</xText>
          
          <xText>Sąd Rejonowy w Świdnicy, VI Wydział Karny w składzie:</xText>
          
          <xText>Przewodniczący  SSR Alicja Kiwała</xText>
          <xText>Protokolant  Małgorzata Makara</xText>
          
          <xText>przy udziale Prokuratora Prokuratury Rejonowej w Świdnicy- Renaty Adamkiewicz</xText>
          <xText>po rozpoznaniu w dniu 24.08.2011r., 28.09.2011r., 03.11.2011r., 01.12.2011r., 11.01.2012r., 08.02.2012r., 16.05.2012r., 05.09.2012r., 17.10.2012r., 14.01.2013r., 21.02.2013r., 18.04.2013r.</xText>
          <xText>sprawy karnej</xText>
          
          <xText>
            <xBx>
              <xIx>
                <xAnon>P. S. (1)</xAnon>
              </xIx>
            </xBx>
            <xIx>,</xIx>
          </xText>
          <xText>syna <xAnon>D.</xAnon> i <xAnon>A.</xAnon> z domu <xAnon>S.</xAnon>, <xAnon>ur. (...)</xAnon> w <xAnon>W.</xAnon>,</xText>
          
          <xText>oskarżonego o to, że:</xText>
          <xText><xBx>I.</xBx> w nocy z 11/12 września 2009 roku w <xAnon>M.</xAnon>, woj. <xAnon> (...)</xAnon>, działając wspólnie i w porozumieniu z innymi osobami po uprzednim użyciu przemocy polegającej na biciu, kopaniu po ciele <xAnon>E. K.</xAnon> i doprowadzeniu go do stanu nieprzytomności dokonał kradzieży pieniędzy w kwocie nie mniejszej niż 1000,00 zł</xText>
          <xText xALIGNx="center">
            <xBx>tj. o czyn z <xLexLink xArt="art. 280;art. 280 § 1" xIsapId="WDU19970880553" xTitle="Ustawa z dnia 6 czerwca 1997 r. - Kodeks karny" xAddress="Dz. U. z 1997 r. Nr 88, poz. 553">art. 280 § 1 kk</xLexLink></xBx>
          </xText>
          
          <xUnit xIsTitle="false" xType="none">
            <xName xSffx=".">II</xName>
            <xText>w dniu 2 maja 2010 roku w <xAnon>Ś.</xAnon>, woj. <xAnon> (...)</xAnon>, działając wspólnie i w porozumieniu z <xAnon>R. Z.</xAnon> doprowadził do stanu bezbronności <xAnon>B. B. (1)</xAnon> recepcjonistę <xAnon> Hotelu (...)</xAnon> poprzez stosowanie przemocy polegającej na biciu go po twarzy, głowie, a następnie po uderzeniu butelką po piwie w głowę i użyciu wobec niego gazu łzawiącego w wyniku czego doznał obrażeń w postaci rany tłuczonej głowy, wstrząśnienia mózgu, stłuczenia szyi skutkujących naruszeniem czynności na okres poniżej dni 7, dokonał kradzieży 15 paczek papierosów różnych marek, 6 butelek piwa różnych marek o wartości łącznej 200 złotych, działając tym samym na szkodę właściciela <xAnon> Hotelu (...)</xAnon><xAnon>D. S.</xAnon>,</xText>
          </xUnit>
          <xText xALIGNx="center">
            <xBx>tj. o czyn z <xLexLink xArt="art. 280;art. 280 § 1" xIsapId="WDU19970880553" xTitle="Ustawa z dnia 6 czerwca 1997 r. - Kodeks karny" xAddress="Dz. U. z 1997 r. Nr 88, poz. 553">art. 280 § 1 kk</xLexLink><xLexLink xArt="art. 157;art. 157 § 2" xIsapId="WDU19970880553" xTitle="Ustawa z dnia 6 czerwca 1997 r. - Kodeks karny" xAddress="Dz. U. z 1997 r. Nr 88, poz. 553">art. 157 § 2 kk</xLexLink> w zw. z <xLexLink xArt="art. 11;art. 11 § 2" xIsapId="WDU19970880553" xTitle="Ustawa z dnia 6 czerwca 1997 r. - Kodeks karny" xAddress="Dz. U. z 1997 r. Nr 88, poz. 553">art. 11 § 2 kk</xLexLink></xBx>
          </xText>
          
          <xText>
            <xBx>
              <xIx>
                <xAnon>R. Z.</xAnon>
              </xIx>
            </xBx>
            <xIx>,</xIx>
          </xText>
          <xText>syna <xAnon>R.</xAnon> i <xAnon>D.</xAnon> z domu <xAnon>Z.</xAnon>, <xAnon>ur. (...)</xAnon> w <xAnon>Ś.</xAnon>,</xText>
          
          <xText>oskarżonego o to, że:</xText>
          <xUnit xIsTitle="false" xType="none">
            <xName xSffx=".">III</xName>
            <xText>w dniu 2 maja 2010 roku w <xAnon>Ś.</xAnon>, woj. <xAnon> (...)</xAnon>, działając wspólnie i w porozumieniu z <xAnon>P. S. (1)</xAnon> doprowadził do stanu bezbronności <xAnon>B. B. (1)</xAnon> recepcjonistę <xAnon> Hotelu (...)</xAnon> poprzez stosowanie przemocy polegającej na biciu go twarzy, głowie, a następnie po użyciu wobec niego gazu łzawiącego i w wyniku czego doznał obrażeń rany tłuczonej głowy, wstrząśnienia mózgu, stłuczenia szyi skutkujących naruszeniem czynności na okres poniżej dni 7 dokonał kradzieży 15 paczek papierosów różnych marek, 6 butelek piwa różnych marek o wartości łącznej 200 złotych, działając tym samym na szkodę właściciela <xAnon> Hotelu (...)</xAnon><xAnon>D. S.</xAnon>, przy czym zarzucanego mu czynu dopuścił się w warunkach powrotu do przestępstwa będąc uprzednio karanym wyrokiem Sądu Rejonowego w Świdnicy, II Wydziału Karnego z dnia 08.06.2007 roku, sygn. akt II K 294/07 za czyn z <xLexLink xArt="art. 280;art. 280 § 1" xIsapId="WDU19970880553" xTitle="Ustawa z dnia 6 czerwca 1997 r. - Kodeks karny" xAddress="Dz. U. z 1997 r. Nr 88, poz. 553">art. 280§1kk</xLexLink> w zw. z <xLexLink xArt="art. 275;art. 275 § 1" xIsapId="WDU19970880553" xTitle="Ustawa z dnia 6 czerwca 1997 r. - Kodeks karny" xAddress="Dz. U. z 1997 r. Nr 88, poz. 553">art. 275§1kk</xLexLink> w zw. z <xLexLink xArt="art. 64;art. 64 § 1" xIsapId="WDU19970880553" xTitle="Ustawa z dnia 6 czerwca 1997 r. - Kodeks karny" xAddress="Dz. U. z 1997 r. Nr 88, poz. 553">art. 64§1kk</xLexLink> za który wymierzono mu karę 4 lat pozbawienia wolności oraz za czyn z <xLexLink xArt="art. 157;art. 157 § 1" xIsapId="WDU19970880553" xTitle="Ustawa z dnia 6 czerwca 1997 r. - Kodeks karny" xAddress="Dz. U. z 1997 r. Nr 88, poz. 553">art. 157§1kk</xLexLink> w zw. z <xLexLink xArt="art. 64;art. 64 § 1" xIsapId="WDU19970880553" xTitle="Ustawa z dnia 6 czerwca 1997 r. - Kodeks karny" xAddress="Dz. U. z 1997 r. Nr 88, poz. 553">art. 64§1kk</xLexLink> za który wymierzono mu karę 1 roku i 6 miesięcy i orzeczono karę łączną w wymiarze 4 lat pozbawienia wolności, którą odbywał w okresie od 22.02.2007 roku do dnia 06.04.2010 roku tj. do dnia warunkowego przedterminowego zwolnienia na mocy postanowienia Sądu Okręgowego w Świdnicy, sygn. akt V Kow/wz708/10</xText>
          </xUnit>
          
          <xText>
            <xBx>tj. o czyn z <xLexLink xArt="art. 280;art. 280 § 1" xIsapId="WDU19970880553" xTitle="Ustawa z dnia 6 czerwca 1997 r. - Kodeks karny" xAddress="Dz. U. z 1997 r. Nr 88, poz. 553">art. 280 § 1 kk</xLexLink><xLexLink xArt="art. 157;art. 157 § 2" xIsapId="WDU19970880553" xTitle="Ustawa z dnia 6 czerwca 1997 r. - Kodeks karny" xAddress="Dz. U. z 1997 r. Nr 88, poz. 553">art. 157 § 2 kk</xLexLink> w zw. z <xLexLink xArt="art. 11;art. 11 § 2" xIsapId="WDU19970880553" xTitle="Ustawa z dnia 6 czerwca 1997 r. - Kodeks karny" xAddress="Dz. U. z 1997 r. Nr 88, poz. 553">art. 11 § 2 kk</xLexLink></xBx>
          </xText>
          <xText xALIGNx="center">
            <xBx>w zw. z <xLexLink xArt="art. 64;art. 64 § 2" xIsapId="WDU19970880553" xTitle="Ustawa z dnia 6 czerwca 1997 r. - Kodeks karny" xAddress="Dz. U. z 1997 r. Nr 88, poz. 553">art. 64 § 2 kk</xLexLink></xBx>
          </xText>
          
          <xUnit xIsTitle="false" xType="none">
            <xName xSffx=".">1</xName>
            <xText>oskarżonego <xBx><xAnon>P. S. (1)</xAnon></xBx>uznaje za winnego popełnienia czynu opisanego w pkt. I części wstępnej wyroku, tj. występku z <xLexLink xArt="art. 280;art. 280 § 1" xIsapId="WDU19970880553" xTitle="Ustawa z dnia 6 czerwca 1997 r. - Kodeks karny" xAddress="Dz. U. z 1997 r. Nr 88, poz. 553">art. 280§ 1 kk</xLexLink> i za to na podstawie tego przepisu przy zastosowaniu <xLexLink xArt="art. 10;art. 10 § 3" xIsapId="WDU19970880553" xTitle="Ustawa z dnia 6 czerwca 1997 r. - Kodeks karny" xAddress="Dz. U. z 1997 r. Nr 88, poz. 553">art. 10§3 kk</xLexLink> wymierza mu karę 1 (roku) i 6 (sześciu) pozbawienia wolności,</xText>
          </xUnit>
          
          <xUnit xIsTitle="false" xType="none">
            <xName xSffx=".">2</xName>
            <xText>oskarżonego <xBx><xAnon>P. S. (1)</xAnon></xBx>uznaje za winnego popełnienia czynu opisanego w pkt. II części wstępnej wyroku, tj. występku z <xLexLink xArt="art. 280;art. 280 § 1" xIsapId="WDU19970880553" xTitle="Ustawa z dnia 6 czerwca 1997 r. - Kodeks karny" xAddress="Dz. U. z 1997 r. Nr 88, poz. 553">art. 280§ 1 kk</xLexLink> i <xLexLink xArt="art. 157;art. 157 § 2" xIsapId="WDU19970880553" xTitle="Ustawa z dnia 6 czerwca 1997 r. - Kodeks karny" xAddress="Dz. U. z 1997 r. Nr 88, poz. 553">art. 157§2kk</xLexLink> w zw. z <xLexLink xArt="art. 11;art. 11 § 2" xIsapId="WDU19970880553" xTitle="Ustawa z dnia 6 czerwca 1997 r. - Kodeks karny" xAddress="Dz. U. z 1997 r. Nr 88, poz. 553">art. 11§2kk</xLexLink> i za to na podstawie <xLexLink xArt="art. 280;art. 280 § 1" xIsapId="WDU19970880553" xTitle="Ustawa z dnia 6 czerwca 1997 r. - Kodeks karny" xAddress="Dz. U. z 1997 r. Nr 88, poz. 553">art. 280§1kk</xLexLink> w zw. z <xLexLink xArt="art. 11;art. 11 § 3" xIsapId="WDU19970880553" xTitle="Ustawa z dnia 6 czerwca 1997 r. - Kodeks karny" xAddress="Dz. U. z 1997 r. Nr 88, poz. 553">art. 11§3 kk</xLexLink> przy zastosowaniu <xLexLink xArt="art. 10;art. 10 § 3" xIsapId="WDU19970880553" xTitle="Ustawa z dnia 6 czerwca 1997 r. - Kodeks karny" xAddress="Dz. U. z 1997 r. Nr 88, poz. 553">art. 10§3 kk</xLexLink> wymierza mu karę 1 (jednego) roku i 6 (sześciu) miesięcy pozbawienia wolności,</xText>
          </xUnit>
          
          <xUnit xIsTitle="false" xType="none">
            <xName xSffx=".">3</xName>
            <xText>na podstawie <xLexLink xArt="art. 85" xIsapId="WDU19970880553" xTitle="Ustawa z dnia 6 czerwca 1997 r. - Kodeks karny" xAddress="Dz. U. z 1997 r. Nr 88, poz. 553">art. 85 kk</xLexLink> i <xLexLink xArt="art. 86;art. 86 § 1" xIsapId="WDU19970880553" xTitle="Ustawa z dnia 6 czerwca 1997 r. - Kodeks karny" xAddress="Dz. U. z 1997 r. Nr 88, poz. 553">art. 86§1kk</xLexLink> łączy orzeczone w <xLexLink xArt="art. 86 pkt. 1;art. 86 pkt. 2" xIsapId="WDU19970880553" xTitle="Ustawa z dnia 6 czerwca 1997 r. - Kodeks karny" xAddress="Dz. U. z 1997 r. Nr 88, poz. 553">pkt. 1 i 2</xLexLink> kary pozbawienia wolności i wymierza oskarżonemu <xBx><xAnon>P. S. (1)</xAnon></xBx> łączną karę 3 (trzech) lat pozbawienia wolności,</xText>
          </xUnit>
          
          <xUnit xIsTitle="false" xType="none">
            <xName xSffx=".">4</xName>
            <xText>oskarżonego <xBx><xAnon>R. Z.</xAnon></xBx>  uznaje za winnego popełnienia czynu opisanego w pkt. III części wstępnej wyroku, tj. występku z <xLexLink xArt="art. 280;art. 280 § 1" xIsapId="WDU19970880553" xTitle="Ustawa z dnia 6 czerwca 1997 r. - Kodeks karny" xAddress="Dz. U. z 1997 r. Nr 88, poz. 553">art. 280§ 1 kk</xLexLink> i <xLexLink xArt="art. 157;art. 157 § 2" xIsapId="WDU19970880553" xTitle="Ustawa z dnia 6 czerwca 1997 r. - Kodeks karny" xAddress="Dz. U. z 1997 r. Nr 88, poz. 553">art. 157§2kk</xLexLink> w zw. z <xLexLink xArt="art. 11;art. 11 § 2" xIsapId="WDU19970880553" xTitle="Ustawa z dnia 6 czerwca 1997 r. - Kodeks karny" xAddress="Dz. U. z 1997 r. Nr 88, poz. 553">art. 11§2kk</xLexLink> w zw. z <xLexLink xArt="art. 64;art. 64 § 2" xIsapId="WDU19970880553" xTitle="Ustawa z dnia 6 czerwca 1997 r. - Kodeks karny" xAddress="Dz. U. z 1997 r. Nr 88, poz. 553">art. 64§2kk</xLexLink> i za to na podstawie <xLexLink xArt="art. 280;art. 280 § 1" xIsapId="WDU19970880553" xTitle="Ustawa z dnia 6 czerwca 1997 r. - Kodeks karny" xAddress="Dz. U. z 1997 r. Nr 88, poz. 553">art. 280§1kk</xLexLink> w zw. z <xLexLink xArt="art. 11;art. 11 § 3" xIsapId="WDU19970880553" xTitle="Ustawa z dnia 6 czerwca 1997 r. - Kodeks karny" xAddress="Dz. U. z 1997 r. Nr 88, poz. 553">art. 11§3kk</xLexLink> w zw. z <xLexLink xArt="art. 64;art. 64 § 2" xIsapId="WDU19970880553" xTitle="Ustawa z dnia 6 czerwca 1997 r. - Kodeks karny" xAddress="Dz. U. z 1997 r. Nr 88, poz. 553">art. 64§2kk</xLexLink> wymierza mu karę 4 (czterech) lat i 6 (sześciu) miesięcy pozbawienia wolności,</xText>
          </xUnit>
          
          <xUnit xIsTitle="false" xType="none">
            <xName xSffx=".">5</xName>
            <xText>na podstawie <xLexLink xArt="art. 63;art. 63 § 1" xIsapId="WDU19970880553" xTitle="Ustawa z dnia 6 czerwca 1997 r. - Kodeks karny" xAddress="Dz. U. z 1997 r. Nr 88, poz. 553">art. 63 § 1 kk</xLexLink> na poczet wymierzonej w punkcie 3 wyroku łącznej kary pobawienia wolności zalicza oskarżonemu <xBx><xAnon>P. S. (1)</xAnon></xBx> okres jego zatrzymania i tymczasowego aresztowania w sprawie od dnia 15.06.2010r. do dnia 21.06.2010r. przyjmując, iż jeden dzień zatrzymania jest równoważny jednemu dniowi kary pozbawienia wolności,</xText>
          </xUnit>
          
          <xUnit xIsTitle="false" xType="none">
            <xName xSffx=".">6</xName>
            <xText>zasądza od Skarbu Państwa na rzecz Kancelarii Adwokackiej adw. <xAnon>M. M. (1)</xAnon> kwotę 1033,20 zł brutto tytułem zwrotu koszów pomocy prawnej udzielonej oskarżonemu <xAnon>R. Z.</xAnon> z urzędu,</xText>
          </xUnit>
          
          <xUnit xIsTitle="false" xType="none">
            <xName xSffx=".">7</xName>
            <xText>na podstawie <xLexLink xArt="art. 624;art. 624 § 1" xIsapId="WDU19970890555" xTitle="Ustawa z dnia 6 czerwca 1997 r. - Kodeks postępowania karnego" xAddress="Dz. U. z 1997 r. Nr 89, poz. 555">art. 624 § 1 kpk</xLexLink> zwalnia oskarżonych od ponoszenia kosztów sądowych w całości.</xText>
          </xUnit>
        </xUnit>
        <xUnit xIsTitle="true" xBold="true" xType="part">
          <xName>UZASADNIENIE</xName>
          <xText xALIGNx="center">
            <xBx>Sąd ustalił następujący stan faktyczny:</xBx>
          </xText>
          
          <xText>We wrześniu 2009 roku <xAnon>R. S.</xAnon> – żona oskarżonego <xAnon>P. S. (1)</xAnon> według obrzędu romskiego – sprzedawała kołdry na terenie miejscowości <xAnon>M.</xAnon>. Kobieta przyjeżdżała tam samochodem marki <xAnon>P.</xAnon>. Towarzyszył jej wówczas <xAnon>A. W.</xAnon>, który był wynajętym kierowcą pojazdu. Kiedy <xAnon>R. S.</xAnon> chodziła od domu do domu oferując sprzedaż kołder, mężczyzna siedział w samochodzie i oczekiwał na jej powrót.</xText>
          <xText><xAnon>R.</xAnon><xAnon>S.</xAnon> udało się sprzedać kołdrę zamieszkującemu w <xAnon>budynku nr (...)</xAnon><xAnon>E. K.</xAnon>. Pokrzywdzony zaprosił wówczas <xAnon>R.</xAnon><xAnon>S.</xAnon> do domu, poczęstował ją herbatą i opowiedział o sobie. Chwalił się, że sprzedał dom i ma z tego tytułu kilkadziesiąt tysięcy złotych. Następnie zamówił u <xAnon>R.</xAnon><xAnon>S.</xAnon> bieliznę, którą ta miała mu przywieść przy następnej wizycie w <xAnon>M.</xAnon>.</xText>
          <xText>Po powrocie do <xAnon>Ś.</xAnon> kobieta opowiadała o <xAnon>E. K.</xAnon> swoim znajomym narodowości romskiej. Mówiła, im że pokrzywdzony mieszka sam, nie ma ręki i jest w podeszłym wieku. Powiedziała, że pokrzywdzony chwalił się jej, że sprzedał dom i uzyskał z tego tytułu kwotę 20 lub 30 tys. zł.</xText>
          
          <xText>
            <xBx>
              <xUx>Dowód: </xUx>
            </xBx>
          </xText>
          <xEnum>
            <xBullet>–</xBullet>
            <xEnumElem>
              <xText>
                <xIx>częściowe zeznania <xAnon>R.</xAnon><xAnon>S.</xAnon>, k. 1147v-1148, 465-467, 1227v, 161v-162 (akt sprawy III K 114/10), 181-185 (akt sprawy III K 114/10), 244v-245v (akt sprawy III K 114/10) </xIx>
              </xText>
            </xEnumElem>
            <xEnumElem>
              <xText>
                <xIx>zeznania <xAnon>A. W.</xAnon>, k. 490v-491, 1148-1148v, 1340, 104v-105 (akt sprawy III K 114/10), 228v-229 (akt sprawy III K 114/10)  </xIx>
              </xText>
            </xEnumElem>
            <xEnumElem>
              <xText>
                <xIx>protokół eksperymentu procesowego, k. 106-107 (akt sprawy III K 114/10) </xIx>
              </xText>
            </xEnumElem>
          </xEnum>
          
          <xText>Na początku września 2009 roku <xAnon>M. M. (2)</xAnon>, w godzinach popołudniowych, spotkał się z <xAnon>P. S. (1)</xAnon> w <xAnon>Ś.</xAnon> na <xAnon>ul. (...)</xAnon> przy <xAnon>budynku nr (...)</xAnon>. Oskarżonemu towarzyszył wówczas <xAnon>T. S.</xAnon>. W trakcie rozmowy z nimi <xAnon>P. S. (1)</xAnon> zaproponował <xAnon>M. M. (2)</xAnon> aby dokonali napadu rabunkowego na <xAnon>E. K.</xAnon>. <xAnon>M. M. (2)</xAnon> nie zgodził się jednak na propozycję oskarżonego i odpowiedział mu, że „<xIx>na takie coś się nie pisze</xIx>”. W tym okresie, tj. na początku września 2009 roku taką samą propozycję <xAnon>P. S. (1)</xAnon> złożył również <xAnon>M. P.</xAnon>. Mężczyzna przez kilka dni zastanawiał się, aby w końcu przystać na wspólne przedsięwzięcie.</xText>
          <xText>W nocy z 11 na 12 września 2009 roku <xAnon>M. P.</xAnon> i oskarżony <xAnon>P. S. (1)</xAnon> udali się do <xAnon>M.</xAnon>. Po zaparkowaniu pojazdu, którym przybili na miejsce, udali się na teren <xAnon>posesji nr (...)</xAnon>, okrążyli dom <xAnon>E. K.</xAnon> sprawdzając czy świecą się w nim światła, po czym nabrawszy przekonania, że pokrzywdzony najprawdopodobniej śpi postanowili wejść do środka. <xAnon>M. P.</xAnon> wybił szybę w drzwiach wejściowych do budynku, włożył przez nią rękę, przekręcił klucz i otworzył drzwi. Gdy oskarżony wraz z <xAnon>M. P.</xAnon> weszli do budynku <xAnon>E. K.</xAnon> zapalił światło w pokoju w którym przebywał, a następnie wszedł do sieni gdzie znajdowali się sprawcy. Na ich widok pokrzywdzony zaczął krzyczeć. Chwycił również za znajdujące się w sieni widły. Wtedy <xAnon>M. P.</xAnon> doskoczył do pokrzywdzonego, zaczął go uderzać pięściami po głowie, a gdy <xAnon>E. K.</xAnon> upadł kopał go po całym ciele. Kiedy pokrzywdzony stracił przytomność oskarżony <xAnon>P. S. (1)</xAnon> i <xAnon>M. P.</xAnon> zaczęli przeszukiwać jego mieszkanie wyrzucając wszystkie rzeczy z szaf, kredensów i szuflad. Mężczyźni z mieszkania <xAnon>E. K.</xAnon> zabrali pieniądze w kwocie nie mniejszej niż 1000 zł, po czym wrócili do <xAnon>Ś.</xAnon>. <xAnon>M. P.</xAnon> udał się wówczas do <xAnon>J. P.</xAnon>, u której przez kilka dni przebywał. Mężczyzna opowiedział dziewczynie o napadzie, w którym brał udział. Wskazał jej także, iż dokonał go wspólnie z oskarżonym <xAnon>P. S. (1)</xAnon>.</xText>
          
          <xText>
            <xBx>
              <xUx>Dowód: </xUx>
            </xBx>
          </xText>
          <xEnum>
            <xBullet>–</xBullet>
            <xEnumElem>
              <xText>
                <xIx>częściowe zeznania <xAnon>M. P.</xAnon>, k. 606, 609v-610v, 1294v-1295, 529v-532 (akt sprawy III K 114/10) </xIx>
              </xText>
            </xEnumElem>
            <xEnumElem>
              <xText>
                <xIx>częściowe zeznania <xAnon>J. P.</xAnon>, k. 599-601v, 1295-1296, 535-537 (akt sprawy III K 114/10) </xIx>
              </xText>
            </xEnumElem>
            <xEnumElem>
              <xText>
                <xIx>częściowe zeznania <xAnon>M. M. (2)</xAnon>, k. 446v-447, 448-449, 470-470v, 1147-1147v  </xIx>
              </xText>
            </xEnumElem>
          </xEnum>
          
          <xText>Z przeprowadzonej analizy historii połączeń, jak i miejsc logowania telefonu komórkowego, należącego do <xAnon>P. S. (1)</xAnon> wynika, że oskarżony w dniach od 11 do 13 września 2009 roku najczęściej kontraktował się z numerem telefonu komórkowego, którego użytkownikiem we wskazanym okresie był <xAnon>M. P.</xAnon>.</xText>
          <xText>Połączenia miały miejsce od godz. 14<xSUPx>25</xSUPx> dnia 11 września 2009 roku, do godz. 18<xSUPx>38</xSUPx> (sms) dnia 13 września 2009 roku. Oskarżony kontaktował się z <xAnon>M. P.</xAnon> bezpośrednio tuż przed dokonaniem napadu na <xAnon>E. K.</xAnon> – o godz. 23<xSUPx>20</xSUPx> 11 września 2009 roku, a także kilkukrotnie w nocy z 12 na 13 września 2009 roku. W tym czasie <xAnon>P. S. (1)</xAnon> wykonał 5 telefonów do <xAnon>M. P.</xAnon>, z czego ostatni o godz. 5<xSUPx>30</xSUPx>, tj. 30 minut przed zatrzymaniem oskarżonego do sprawy napadu na <xAnon>E. K.</xAnon>. Po zakończonych z <xAnon>P. S. (1)</xAnon> czynnościach pierwsze połączenie w dniu 13 wrzesnia 2009 roku oskarżony wykonał do <xAnon>M. P.</xAnon>.</xText>
          <xText>Oskarżony w dniu 11 września 2009 roku dzwonił również czterokrotnie na numer telefonu stacjonarnego <xAnon>J. N.</xAnon> – babci <xAnon>J. P.</xAnon>, tj. ówczesnej dziewczyny <xAnon>M. P.</xAnon>.</xText>
          
          <xText>
            <xBx>
              <xUx>Dowód: </xUx>
            </xBx>
          </xText>
          <xEnum>
            <xBullet>–</xBullet>
            <xEnumElem>
              <xText>
                <xIx>analiza połączeń telefonicznych, k. 348 (akt sprawy III K 114/10) </xIx>
              </xText>
            </xEnumElem>
            <xEnumElem>
              <xText>
                <xIx>protokół zatrzymania nieletniego, k. 76 (akt sprawy III K 114/10)  </xIx>
              </xText>
            </xEnumElem>
          </xEnum>
          
          <xText><xAnon>P. S. (1)</xAnon> dzwonił także do <xAnon>A. W.</xAnon> i polecił mu aby ten nie mówił nikomu, że jeździli razem po wioskach i sprzedawali kołdry.</xText>
          
          <xText>
            <xBx>
              <xUx>Dowód: </xUx>
            </xBx>
          </xText>
          <xEnum>
            <xBullet>–</xBullet>
            <xEnumElem>
              <xText>
                <xIx>zeznania <xAnon>A. W.</xAnon>, k. 490v-491, 1148-1148v, 1340, 104v-105 (akt sprawy III K 114/10), 228v-229 (akt sprawy III K 114/10) </xIx>
              </xText>
            </xEnumElem>
          </xEnum>
          
          <xText>W dniu 12 września 2009 roku, w godzinach porannych, pod dom <xAnon>E. K.</xAnon> podjechał sprawujący nad nim opiekę <xAnon>M. K.</xAnon>. Mężczyzna zatrąbił klaksonem, a gdy pokrzywdzony nie wyszedł z domu, cofną samochód i zauważył wybitą w drzwiach szybę. Wówczas podszedł do furtki i stwierdził, że jest zamknięta. Nie chcą samemu wchodzić do domu <xAnon>E. K.</xAnon> poprosił sąsiada pokrzywdzonego <xAnon>R. M. (1)</xAnon> i razem weszli do środka. Mieszkanie nosiło ślady plądrowania. Wśród porozrzucanych rzeczy, na ziemi leżał pobity i zakrwawiony <xAnon>E. K.</xAnon>. Pokrzywdzony został przewieziony do szpitala, gdzie zmarł w dniu 20 września 2009 roku nie odzyskawszy przytomności.</xText>
          
          <xText>
            <xBx>
              <xUx>Dowód:</xUx>
            </xBx>
          </xText>
          <xEnum>
            <xBullet>–</xBullet>
            <xEnumElem>
              <xText>
                <xIx>zeznania <xAnon>M. K.</xAnon>, k. 307v-308, 1100v-1101 </xIx>
              </xText>
            </xEnumElem>
            <xEnumElem>
              <xText>
                <xIx>zeznania <xAnon>R. M. (1)</xAnon>, k. 309v, 1146v-1147  </xIx>
              </xText>
            </xEnumElem>
            <xEnumElem>
              <xText>
                <xIx>protokół oględzin miejsca, k. 300-304</xIx>
              </xText>
            </xEnumElem>
          </xEnum>
          
          <xText>Sądowo lekarskie oględziny i sekcja zwłok <xAnon>E. K.</xAnon> wykazały zmiany urazowe w postaci obfitych podbiegnięć krwawych powłok czaszki strony lewej, okolic ciemieniowych obustronnie, prawej okolicy czołowo – skroniowej z podbiegnięciami krwawymi obu mięśni skroniowych, niewielkiej rany powłok czaszki okolicy skroniowo – ciemieniowej prawej, mało intensywnego podbiegnięcia krwawego powieki oka lewego, spojówki gałkowej i na powiekach oka prawego, wylewu krwawego pod oponę twardą mózgu w części lewej, wylewu krwawego podpajęczynówkowego, krwiaka śródmózgowego obu płatów potylicznych z przebiegiem na zewnątrz po stronie lewej oraz drobnego ogniska stłuczenia mózgu w płacie czołowym prawym, obfitego podbiegnięcia krwawego prawej małżowiny usznej i jej okolicy oraz prawej okolicy podżuchwowej w prawym mięśniu mostkowo – sutkowo – obojczykowym i w jego okolicy, w lewej okolicy podżuchwowej i na szyi po stronie lewej i pod przełykiem, rany miażdżonej i podbiegnięcia krwawego obu warg oraz złamania koron zębów obu jedynek górnych, podbiegnięć krwawych na prawym ramieniu i prawym przedramieniu, obfitych podbiegnięć krwawych w mięśniach obu pośladków, podbiegnięcia krwawego zaopłucnowego okolicy bocznej części żebra X po stronie lewej, podbiegnięcia krwawego kopuły lewej przepony, okolicy zgięcia śledzionowego i części zstępującej okrężnicy, torebek nerki lewej, pęknięcia miąższu nerki lewej z krwiakiem śródtorebkowym, podbiegnięcia krwawego tkanek pod początkowym odcinkiem jelita cienkiego i okolicy głowy trzustki. Przyczyną gwałtownej śmierci <xAnon>E. K.</xAnon> były urazy głowy, które spowodowały krwawienie śródczaszkowe i stłuczenia mózgu z krwiakami śródmózgowymi i następowym obrzękiem mózgu.</xText>
          
          <xText>
            <xBx>
              <xUx>Dowód: </xUx>
            </xBx>
          </xText>
          <xEnum>
            <xBullet>–</xBullet>
            <xEnumElem>
              <xText>
                <xIx>opinia sądowo – lekarska, k. 432-432v </xIx>
              </xText>
            </xEnumElem>
            <xEnumElem>
              <xText>
                <xIx>protokół oględzin i otwarcia zwłok, k. 433-436v </xIx>
              </xText>
            </xEnumElem>
          </xEnum>
          
          <xText><xAnon>M. M. (2)</xAnon> na rozprawie przed Sądem wycofał się z zeznań jakie złożył w postępowaniu przygotowawczym twierdząc, że zostały one na nim wymuszone na komisariacie, gdzie był „<xIx>bity i katowany</xIx>”. Ponadto oświadczył, że odczytane mu zeznania to „<xIx>bzdury napisane przez Policję</xIx>”. Wcześniej zaś wskazał, że <xAnon>P. S. (1)</xAnon> nie składał mu propozycji dokonania napadu na <xAnon>E. K.</xAnon>.</xText>
          <xText>Podobnie uczynili <xAnon>M. P.</xAnon>, <xAnon>J. P.</xAnon> i <xAnon>R. S.</xAnon>. Pierwszy z wymienionych świadków wskazał, że „<xIx>nigdzie nie był z <xAnon>P. S. (1)</xAnon>, niczego razem nie rozbiliśmy</xIx>”. Jednocześnie utrzymywał, iż napadu na <xAnon>E. K.</xAnon> dokonał z nieznanym mu mężczyzną o pseudonimie lub nazwisku <xAnon> (...)</xAnon>, który krytycznego dnia zaczepił go w barze. <xAnon>J. P.</xAnon> oświadczyła, że postanowiła „<xIx>wszystko zgonić na <xAnon>P.</xAnon></xIx>”, ponieważ przesłuchujący ją policjanci powiedzieli jej, że oskarżony był na miejscu zdarzenia, a <xAnon>R. S.</xAnon> podała, że treść złożonych przez nią zeznań powodowana były szokiem w jaki się znajdowała.</xText>
          
          <xText>
            <xBx>
              <xUx>Dowód: </xUx>
            </xBx>
          </xText>
          <xEnum>
            <xBullet>–</xBullet>
            <xEnumElem>
              <xText>
                <xIx>zeznania <xAnon>M. P.</xAnon>, k. 606, 609v-610v, 1294v-1295, 529v-532 (akt sprawy III K 114/10) </xIx>
              </xText>
            </xEnumElem>
            <xEnumElem>
              <xText>
                <xIx>zeznania <xAnon>J. P.</xAnon>, k. 599-601v, 1295-1296, 535-537 (akt sprawy III K 114/10)</xIx>
              </xText>
            </xEnumElem>
            <xEnumElem>
              <xText>
                <xIx>zeznania <xAnon>M. M. (2)</xAnon>, k. 446v-447, 448-449, 470-470v, 1147-1147v  </xIx>
              </xText>
            </xEnumElem>
            <xEnumElem>
              <xText>
                <xIx>zeznania <xAnon>R.</xAnon><xAnon>S.</xAnon>, k. 1147v-1148, 465-467, 1227v, 161v-162 (akt sprawy III K 114/10), 181-185 (akt sprawy III K 114/10), 244v-245v (akt sprawy III K 114/10) </xIx>
              </xText>
            </xEnumElem>
          </xEnum>
          
          <xText>Inteligencja słowna świadka <xAnon>R.</xAnon><xAnon>S.</xAnon> mieści się w granicach normy osobniczej. Zdolna jest do prawidłowego postrzegania i odtwarzania zdarzeń z przeszłości. <xAnon>R. S.</xAnon> ujawnia cechy osobowości nieprawidłowej – manipulująca, z niską empatią, płytka emocjonalnie, unikająca odpowiedzialności, nie zastanawiająca się nad konsekwencjami swoich zachowań. Nie jest sztywno podporządkowana normom społecznym. <xAnon>R. S.</xAnon> nie zeznaje spontanicznie.</xText>
          
          <xText>
            <xBx>
              <xUx>Dowód: </xUx>
            </xBx>
          </xText>
          <xEnum>
            <xBullet>–</xBullet>
            <xEnumElem>
              <xText>
                <xIx>opinia psychologiczna, k. 473-474v </xIx>
              </xText>
            </xEnumElem>
          </xEnum>
          
          <xText>Intelekt świadka <xAnon>M. M. (2)</xAnon> jest obniżony, ale jest on zdolny do prawidłowego postrzegania i odtwarzania zdarzeń z przeszłości (z zastrzeżeniem, iż może nie objąć wszystkich szczegółów zdarzeń dynamicznych z udziałem kilku osób). Rozumie znaczenie norm społecznych. Nie jest on sztywno podporządkowany normom społecznym. Raczej podporządkuje się grupie, nie będzie jej przewodził. Impulsywny, egocentryczny.</xText>
          
          <xText>
            <xBx>
              <xUx>Dowód: </xUx>
            </xBx>
          </xText>
          <xEnum>
            <xBullet>–</xBullet>
            <xEnumElem>
              <xText>
                <xIx>opinia psychologiczna, k. 475-476v </xIx>
              </xText>
            </xEnumElem>
          </xEnum>
          
          <xText>Intelekt <xAnon>J. P.</xAnon> mieści się w granicach normy. Zdolna jest do prawidłowego postrzegania i odtwarzania zdarzeń z przeszłości. Zdradza cechy osobowości nieprawidłowej.</xText>
          
          <xText>
            <xBx>
              <xUx>Dowód:</xUx>
            </xBx>
          </xText>
          <xEnum>
            <xBullet>–</xBullet>
            <xEnumElem>
              <xText>
                <xIx>opinia psychologiczna, k. 373-375 (akt sprawy III K 114/10) </xIx>
              </xText>
            </xEnumElem>
          </xEnum>
          
          <xText><xAnon>B. B. (1)</xAnon> był recepcjonistą w <xAnon> Hotelu (...)</xAnon> w <xAnon>Ś.</xAnon>. Pokrzywdzony pracę w systemie dwunastogodzinnym w dniu 2 maja 2010 roku rozpoczął o godz. 19<xSUPx>00</xSUPx>. Około godz. 22<xSUPx>00</xSUPx>, tj. po zamknięciu hotelowej restauracji, mężczyzna posprzątał hol hotelu i pościerał blat recepcji.</xText>
          <xText>Około godz. 5<xSUPx>00</xSUPx> pod mieszczącą się nieopodal hotelu stację paliw podjechał samochód marki <xAnon>A.</xAnon>. Zatrzymał się pod dystrybutorem. Na pojazd zarzucone były koce. Z samochodu wysiedli dwaj mężczyźni i próbowali zatankować paliwo. Na głowy mieli założone kaptury. Kiedy zorientowali się, że dystrybutory są nieczynne – w nocy samochody tankowane są przez personel stacji – wsiedli do <xAnon>A.</xAnon> i odjechali. Całą sytuację zarejestrowały kamery monitoringu. Następnie zatrzymali się na szutrowym parkingu i udali do <xAnon> Hotelu (...)</xAnon>.</xText>
          <xText>Drzwi otworzył im <xAnon>B. B. (1)</xAnon>, który wstał z sofy. Po wpuszczeniu mężczyzn pokrzywdzony podszedł do recepcji. Mężczyźni zaczęli wypytywać pokrzywdzonego o wolne pokoje, targowali się o cenę wynajmu. Gdy recepcjonista odmówił jej obniżenia poprosili o dwa piwa. W momencie gdy <xAnon>B. B. (1)</xAnon> sięgał po alkohol obaj sprawcy weszli za ladę recepcji i zaczęli bić pokrzywdzonego rękoma po całym ciele i głowie. Użyli też gazu łzawiącego. <xAnon>B. B. (1)</xAnon> bronił się zasłaniając twarz przed kolejnymi ciosami. Gdy został uderzony butelką po piwie w tył głowy upadł na podłogę. Mężczyźni kopali wówczas pokrzywdzonego po całym ciele doprowadzając go do stanu bezbronności. Zażądali od <xAnon>B. B. (1)</xAnon> wydania kluczy do kasy. Gdy nie osiągnęli zamierzonego rezultatu pośpiesznie opuścili recepcję zabierając ze sobą 15 paczek papierosów i 6 butelek piw różnych marek.</xText>
          <xText>Wybiegający z hotelu zostali zauważenie przez <xAnon>M. S.</xAnon>. Wtedy też mężczyzna udał się do recepcji gdzie zauważył zakrwawionego <xAnon>B. B. (1)</xAnon>. Pokrzywdzony leżał na ziemi w kałuży krwi. <xAnon>M. S.</xAnon> wybiegł za napastnikami jednakże oni zdążyli już wsiąść do pojazdu i odjechać w kierunku <xAnon>Ś.</xAnon>.</xText>
          <xText>Zaalarmowani przez <xAnon>M. S.</xAnon> pracownicy stacji paliw – <xAnon>P. S. (2)</xAnon> i <xAnon>M. J.</xAnon> – zatelefonowali na Policję. Po chwili na miejsce zdarzenia przybyła również jednostka pogotowania ratunkowego.</xText>
          <xText>Wartość skradzionego mienia została oszacowana przez właściciela <xAnon> Hotelu (...)</xAnon> – <xAnon>D. S.</xAnon> na łączną kwotę 200 zł.</xText>
          <xText>Pokrzywdzony pomimo tego, że mężczyźni mieli kaptury na głowach i użyli wobec niego gazu łzawiącego zapamiętał ich wygląd. <xAnon>B. B. (1)</xAnon> podał rysopis napastników. Kategorycznie i z całą stanowczością podał, iż sprawcami napadu na jego osobie są <xAnon>P. S. (1)</xAnon> i <xAnon>R. Z.</xAnon>. Pokrzywdzony, <xAnon>P. S. (1)</xAnon> rozpoznał po charakterystycznym głosie i wysuniętym do przodu uzębieniu, zaś <xAnon>R. Z.</xAnon> po twarzy (kaptur zasłaniał mu czoło i częściowo był poniżej łuku brwiowego, jednakże nie zasłaniał oczu), którą rozpoznał na okazywanych mu w postępowaniu przygotowawczym zdjęciach. Wskazywał także na fakt, że oskarżeni rozmawiali między sobą w języku romskim.</xText>
          <xText>Okoliczności rozpoznania oskarżonych, <xAnon>B. B. (1)</xAnon> opisał w złożonych przed Sądem zeznaniach, w których ponad wszelka wątpliwość wskazał na <xAnon>P. S. (1)</xAnon> i <xAnon>R. Z.</xAnon> jako sprawców zdarzenia jakie miało miejsce w nocy z 2 na 3 maja 2010 roku w recepcji <xAnon> Hotelu (...)</xAnon>.</xText>
          
          <xText>
            <xBx>
              <xUx>Dowód: </xUx>
            </xBx>
          </xText>
          <xEnum>
            <xBullet>–</xBullet>
            <xEnumElem>
              <xText>
                <xIx>zeznania <xAnon>B. B. (1)</xAnon>, k. 7-10, 105, 216, 220-221, 1262v- 1264v, 1403v-1404 </xIx>
              </xText>
            </xEnumElem>
            <xEnumElem>
              <xText>
                <xIx>zeznania <xAnon>P. S. (2)</xAnon>, k. 50-51, 1097v-1098 </xIx>
              </xText>
            </xEnumElem>
            <xEnumElem>
              <xText>
                <xIx>zeznania <xAnon>M. S.</xAnon>, k. 40v-41, 1099-1100 </xIx>
              </xText>
            </xEnumElem>
            <xEnumElem>
              <xText>
                <xIx>zeznania <xAnon>M. J.</xAnon>, k. 38v, 1100  </xIx>
              </xText>
            </xEnumElem>
            <xEnumElem>
              <xText>
                <xIx>zeznania <xAnon>D. S.</xAnon>, k. 13-15, 79, 150, 265, 1098-1099  </xIx>
              </xText>
            </xEnumElem>
            <xEnumElem>
              <xText>
                <xIx>zeznania <xAnon>D. K. (1)</xAnon>, k. 1339v-1340</xIx>
              </xText>
            </xEnumElem>
            <xEnumElem>
              <xText>
                <xIx>notatnik służbowy <xAnon>M. N.</xAnon> nr 50/10 str. 21, k. 1404  </xIx>
              </xText>
            </xEnumElem>
          </xEnum>
          
          <xText>Na miejscu zdarzenia dokonano oględzin, zabezpieczono ślady i dowody. Policjanci przejrzeli również monitoring stacji paliw na którym utrwalono sylwetki sprawców oraz samochód marki <xAnon>A.</xAnon> zakryty kocami. Na ladzie recepcji zabezpieczono ślad daktyloskopijny w postaci linijni papilarnych. Przeprowadzona ekspertyza daktyloskopijna wykazała, że zabezpieczony ślad należy do oskarżonego <xAnon>P. S. (1)</xAnon>.</xText>
          
          <xText>
            <xBx>
              <xUx>Dowód: </xUx>
            </xBx>
          </xText>
          <xEnum>
            <xBullet>–</xBullet>
            <xEnumElem>
              <xText>
                <xIx>opinia z przeprowadzonych badań z zakresu zapisów wizualnych, k. 282-286 </xIx>
              </xText>
            </xEnumElem>
            <xEnumElem>
              <xText>
                <xIx>opinia z przeprowadzonych badań z zakresu daktyloskopii, k. 230-233  </xIx>
              </xText>
            </xEnumElem>
          </xEnum>
          
          <xText>W wyniku ciosów zadawanych przez oskarżonych <xAnon>R. Z.</xAnon> i <xAnon>P. S. (1)</xAnon> pokrzywdzony <xAnon>B. B. (1)</xAnon> doznał obrażeń ciała w postaci rany tłuczonej głowy, wstrząśnienia mózgu oraz stłuczenia szyi. Obrażenia te naruszyły prawidłowe czynności narządów jego ciała na czas nie przekraczający 7 dni.</xText>
          
          <xText>
            <xBx>
              <xUx>Dowód: </xUx>
            </xBx>
          </xText>
          <xEnum>
            <xBullet>–</xBullet>
            <xEnumElem>
              <xText>
                <xIx>opinia sądowo – lekarska, k. 276  </xIx>
              </xText>
            </xEnumElem>
            <xEnumElem>
              <xText>
                <xIx>dokumentacja leczenia <xAnon>B. B.</xAnon>, k. 178, 186-206, 217, 218</xIx>
              </xText>
            </xEnumElem>
            <xEnumElem>
              <xText>
                <xIx>karta wyjazdowa jednostki pogotowania ratunkowego, k. 184 </xIx>
              </xText>
            </xEnumElem>
          </xEnum>
          
          <xText>Świadkowie <xAnon>B. D.</xAnon> i <xAnon>R. M. (2)</xAnon>, tj. osoby, które miały bawić się z <xAnon>R. Z.</xAnon> i jego kolegami w dniu 2 maja 2010 roku „<xIx>w kawiarni u <xAnon>B.</xAnon></xIx>” nie potwierdziły tej okoliczności. <xAnon>R. M. (2)</xAnon> zeznał, że nie wyklucza, iż w tym dniu bawił się na OSiR – e w <xAnon>Ś.</xAnon>, ale na pewno nie z <xAnon>R. Z.</xAnon>. Przyznał, że jako policjant jest osobą znaną w <xAnon>Ś.</xAnon> i być może dlatego został przez oskarżonego wskazany. Podał, że „<xIx>w 80% spraw romskich jestem wyzwany ale nie wiem dlaczego</xIx>”. <xAnon>B. D.</xAnon> przyznała, że <xAnon>R. Z.</xAnon> przebywał „<xIx>raz w tygodniu, raz na miesiąc</xIx>” w prowadzonej przez nią kawiarni, ale jak podała 2 maja 2010 roku była zaproszona na wesele i nie przebywała w lokalu na OSiR – e.</xText>
          
          <xText>
            <xBx>
              <xUx>Dowód: </xUx>
            </xBx>
          </xText>
          <xEnum>
            <xBullet>–</xBullet>
            <xEnumElem>
              <xText>
                <xIx>zeznania <xAnon>R. M. (2)</xAnon>, k. 1427v </xIx>
              </xText>
            </xEnumElem>
            <xEnumElem>
              <xText>
                <xIx>zeznania <xAnon>B. D.</xAnon>, k. 1427v-1428  </xIx>
              </xText>
            </xEnumElem>
          </xEnum>
          
          <xText>Postanowieniem z dnia 14 września 2010 roku wydanym w sprawie o sygn. akt III Npw 286/10 Sąd Rejonowy w Świdnicy przekazał sprawę nieletniego <xAnon>P. S. (1)</xAnon> Prokuratorowi Rejonowemu w Świdnicy.</xText>
          <xText>Podczas wysłuchania przed Sędzią rodzinnym <xAnon>P. S. (1)</xAnon> nie przyznał się do pobicia <xAnon>B. B. (1)</xAnon>, ale jednocześnie potwierdził, że w dniu 2 maja 2010 roku był w <xAnon> Hotelu (...)</xAnon>. Podał równocześnie, że towarzyszył mu wówczas oskarżony <xAnon>R. Z.</xAnon>.</xText>
          
          <xText>
            <xBx>
              <xUx>Dowód:</xUx>
            </xBx>
          </xText>
          <xEnum>
            <xBullet>–</xBullet>
            <xEnumElem>
              <xText>
                <xIx>odpis postanowienia Sądu Rejonowego w Świdnicy z dnia 14.09.2010r., sygn. akt III Npw 286/10, k. 292-293 </xIx>
              </xText>
            </xEnumElem>
            <xEnumElem>
              <xText>
                <xIx>protokół wysłuchania nieletniego, k. 786  </xIx>
              </xText>
            </xEnumElem>
          </xEnum>
          
          <xText><xAnon>P. S. (1)</xAnon> ma 20 lat (<xAnon>ur. (...)</xAnon>). Jest kawalerem, ma jedno dziecko, które pozostaje na jego utrzymaniu.</xText>
          
          <xText>
            <xBx>
              <xUx>Dowód:</xUx>
            </xBx>
          </xText>
          <xEnum>
            <xBullet>–</xBullet>
            <xEnumElem>
              <xText>
                <xIx>dane osobo – poznawcze, k. 84-84v, 1079 </xIx>
              </xText>
            </xEnumElem>
            <xEnumElem>
              <xText>
                <xIx>kwestionariusz wywiadu środowiskowego, k. 209-211 </xIx>
              </xText>
            </xEnumElem>
            <xEnumElem>
              <xText>
                <xIx>dane o niekaralności, k. 920 </xIx>
              </xText>
            </xEnumElem>
          </xEnum>
          
          <xText>Wobec <xAnon>P. S. (1)</xAnon> jako nieletniego stosowane były przez Sąd Rejonowy w Świdnicy środki wychowawcze. Postanowieniem z dnia 15 stycznia 2008 roku wydanym w sprawie o sygn. akt III Now 365/07 zastosowano wobec niego upomnienie ustalając, że dopuścił się on czynu karalnego z <xLexLink xArt="art. 13;art. 13 § 1" xIsapId="WDU19970880553" xTitle="Ustawa z dnia 6 czerwca 1997 r. - Kodeks karny" xAddress="Dz. U. z 1997 r. Nr 88, poz. 553">art. 13 § 1 kk</xLexLink> w zw. z <xLexLink xArt="art. 275;art. 275 § 1" xIsapId="WDU19970880553" xTitle="Ustawa z dnia 6 czerwca 1997 r. - Kodeks karny" xAddress="Dz. U. z 1997 r. Nr 88, poz. 553">art. 275 § 1 kk</xLexLink>. Postanowieniem z dnia 10 września 2008 roku wydanym w sprawie o sygn. akt III Now 280/08 zastosowano wobec niego zakaz prowadzenia pojazdów mechanicznych w ruchu lądowym ustalając, że wykazuje on przejawy demoralizacji. Postanowieniem z dnia 11 lutego 2009 roku wydanym w sprawie o sygn. akt III Now 35/09 zastosowano wobec niego dozór kuratora sądowego ustalając, że wykazuje przejawy demoralizacji. Ponadto postanowieniem z dnia 1 grudnia 2009 roku wydanym w sprawie o sygn. akt III Now 312/09 zastosowano wobec niego upomnienie ustalając, że wykazuje przejawy demoralizacji i dopuścił się czynu karalnego z <xLexLink xArt="art. 193" xIsapId="WDU19970880553" xTitle="Ustawa z dnia 6 czerwca 1997 r. - Kodeks karny" xAddress="Dz. U. z 1997 r. Nr 88, poz. 553">art. 193 kk</xLexLink> i <xLexLink xArt="art. 288;art. 288 § 1" xIsapId="WDU19970880553" xTitle="Ustawa z dnia 6 czerwca 1997 r. - Kodeks karny" xAddress="Dz. U. z 1997 r. Nr 88, poz. 553">art. 288 § 1 kk</xLexLink> w zw. z <xLexLink xArt="art. 11;art. 11 § 2" xIsapId="WDU19970880553" xTitle="Ustawa z dnia 6 czerwca 1997 r. - Kodeks karny" xAddress="Dz. U. z 1997 r. Nr 88, poz. 553">art. 11 § 2 kk</xLexLink>.</xText>
          
          <xText>
            <xBx>
              <xUx>Dowód: </xUx>
            </xBx>
          </xText>
          <xEnum>
            <xBullet>–</xBullet>
            <xEnumElem>
              <xText>
                <xIx>odpisy postanowień Sądu Rejonowego w Świdnicy:  </xIx>
              </xText>
            </xEnumElem>
          </xEnum>
          <xUnit xIsTitle="false" xType="none">
            <xName xSffx=")">a</xName>
            <xText>
              <xIx>z dnia 15.01.2008r., sygn. akt III Now 365/07, k. 170</xIx>
            </xText>
          </xUnit>
          <xUnit xIsTitle="false" xType="none">
            <xName xSffx=")">b</xName>
            <xText>
              <xIx>z dnia 10.09.2008r., sygn. akt III Now 280/08, k. 171 </xIx>
            </xText>
          </xUnit>
          <xUnit xIsTitle="false" xType="none">
            <xName xSffx=")">c</xName>
            <xText>
              <xIx>z dnia 11.02.2009r., sygn. akt III Now 35/09, k. 172 </xIx>
            </xText>
          </xUnit>
          <xUnit xIsTitle="false" xType="none">
            <xName xSffx=")">d</xName>
            <xText>
              <xIx>z dnia 01.12.2009r., sygn. akt III Now 312/09, k. 173</xIx>
            </xText>
          </xUnit>
          
          <xText><xAnon>P. S. (1)</xAnon> rozumie znaczenie norm społecznych. Postrzega prawidłowo. W miarę upływu czasu od zdarzenia, które obserwował lub w którym uczestniczył – może nie pamiętać wszystkich szczegółów zdarzania. <xAnon>E.</xAnon> społecznie, z dużą potrzebą aprobaty, labilny emocjonalnie, płytki uczuciowo, obwiniający innych za swoje kłopoty i niepowodzenia. Skłonny do manipulacji.</xText>
          
          <xText>
            <xBx>
              <xUx>Dowód: </xUx>
            </xBx>
          </xText>
          <xEnum>
            <xBullet>–</xBullet>
            <xEnumElem>
              <xText>
                <xIx>opinia psychologiczna, k. 541-542v  </xIx>
              </xText>
            </xEnumElem>
            <xEnumElem>
              <xText>
                <xIx>opinia psychologiczna, k. 885-890 </xIx>
              </xText>
            </xEnumElem>
          </xEnum>
          
          <xText><xAnon>P. S. (1)</xAnon> nie cierpi na chorobę psychiczną w znaczeniu psychozy ani na inne krótkotrwałe zaburzenia czynności psychicznych. Stwierdzono u niego cechy upośledzenia umysłowego stopnia lekkiego w jego górnej granicy z dobrze zachowanym rozumieniem wszystkich podstawowych norm społecznych i prawnych na podłożu znacznych zaniedbań szkolno – środowiskowo – wychowawczych, braku motywacji do rozwoju intelektualnego, braku motywacji ze środowiska w tym kierunku. <xAnon>P. S. (1)</xAnon> ujawnia ponadto zaburzenia osobowości o mieszanej etiologii oraz postawy obronne o obrazie symulacji i agrawacji zaburzeń pamięci i orientacji. <xIx>Tempore criminis</xIx> oskarżony posiadał w pełni zachowaną zdolność do rozumienia znaczenia zarzucanych mu czynów jak i do pokierowania własnym postępowaniem. Działanie <xAnon>P. S. (1)</xAnon> wynikało nie z powodu zaburzeń czynności psychicznych a z chęci zysku. W stosunku do oskarżonego nie zachodzą warunki <xLexLink xArt="art. 31;art. 31 § 1;art. 31 § 2" xIsapId="WDU19970880553" xTitle="Ustawa z dnia 6 czerwca 1997 r. - Kodeks karny" xAddress="Dz. U. z 1997 r. Nr 88, poz. 553">art. 31 § 1 i 2 kk</xLexLink>.</xText>
          
          <xText>
            <xBx>
              <xUx>Dowód:</xUx>
            </xBx>
          </xText>
          <xEnum>
            <xBullet>–</xBullet>
            <xEnumElem>
              <xText>
                <xIx>opinia sądowo – psychiatryczna, k. 891-896  </xIx>
              </xText>
            </xEnumElem>
          </xEnum>
          
          <xText><xAnon>R. Z.</xAnon> ma 33 lata (<xAnon>ur. (...)</xAnon>), jest kawalerem, nie ma dzieci, nikt nie pozostaje na jego utrzymaniu. Ma podstawowe wykształcenie, z zawodu jest malarzem – tapicerem. Był uprzednio wielokrotnie karany sądownie.</xText>
          
          <xText>
            <xBx>
              <xUx>Dowód:</xUx>
            </xBx>
          </xText>
          <xEnum>
            <xBullet>–</xBullet>
            <xEnumElem>
              <xText>
                <xIx>dane osobo – poznawcze, k. 126 </xIx>
              </xText>
            </xEnumElem>
            <xEnumElem>
              <xText>
                <xIx>odpisy wyroków Sądu Rejonowego w Bydgoszczy:  </xIx>
              </xText>
              <xUnit xIsTitle="false" xType="none">
                <xName xSffx=")">a</xName>
                <xText>
                  <xIx>z dnia 08.12.2000r., sygn. akt III K 1/00, k. 912-913 </xIx>
                </xText>
              </xUnit>
              <xUnit xIsTitle="false" xType="none">
                <xName xSffx=")">b</xName>
                <xText>
                  <xIx>z dnia 31.01.2001r., sygn. akt III K 1655/09, k. 910-910v </xIx>
                </xText>
              </xUnit>
              <xUnit xIsTitle="false" xType="none">
                <xName xSffx=")">c</xName>
                <xText>
                  <xIx>z dnia 23.11.2001r., sygn. akt III K 1310/01, k. 911-911v </xIx>
                </xText>
              </xUnit>
            </xEnumElem>
          </xEnum>
          <xEnum>
            <xBullet>–</xBullet>
            <xEnumElem>
              <xText>
                <xIx>odpis wyroku Sądu Rejonowego w Świdnicy z dnia 08.06.2007r., sygn. akt II K 294/07, k. 924-926 </xIx>
              </xText>
            </xEnumElem>
          </xEnum>
          
          <xText>Wyrokiem Sądu Rejonowego w Świdnicy z dnia 8 czerwca 2007 roku wydanym w sprawie o sygn. akt II K 294/07 <xAnon>R. Z.</xAnon> został skazany za czyn z <xLexLink xArt="art. 280;art. 280 § 1" xIsapId="WDU19970880553" xTitle="Ustawa z dnia 6 czerwca 1997 r. - Kodeks karny" xAddress="Dz. U. z 1997 r. Nr 88, poz. 553">art. 280 § 1 kk</xLexLink> w zw. z <xLexLink xArt="art. 275;art. 275 § 1" xIsapId="WDU19970880553" xTitle="Ustawa z dnia 6 czerwca 1997 r. - Kodeks karny" xAddress="Dz. U. z 1997 r. Nr 88, poz. 553">art. 275 § 1 kk</xLexLink> w zw. z <xLexLink xArt="art. 64;art. 64 § 1" xIsapId="WDU19970880553" xTitle="Ustawa z dnia 6 czerwca 1997 r. - Kodeks karny" xAddress="Dz. U. z 1997 r. Nr 88, poz. 553">art. 64 § 1 kk</xLexLink> na karę 4 lat pozbawienia wolności oraz za czyn z <xLexLink xArt="art. 157;art. 157 § 1" xIsapId="WDU19970880553" xTitle="Ustawa z dnia 6 czerwca 1997 r. - Kodeks karny" xAddress="Dz. U. z 1997 r. Nr 88, poz. 553">art. 157 § 1 kk</xLexLink> w zw. z <xLexLink xArt="art. 64;art. 64 § 1" xIsapId="WDU19970880553" xTitle="Ustawa z dnia 6 czerwca 1997 r. - Kodeks karny" xAddress="Dz. U. z 1997 r. Nr 88, poz. 553">art. 64 § 1 kk</xLexLink> na karę 1 roku i 6 miesięcy pozbawienia wolności przy czym tak orzeczone kary sprowadzono do kary łącznej 4 lat pozbawienia wolności, która oskarżony odbywał od dnia 22 lutego 2007 roku do dnia 6 kwietnia 2010 roku, tj. do dnia przedterminowego warunkowego zwolnienia na mocy postanowienia Sądu Okręgowego w Świdnicy wydanego w sprawie o sygn. akt V Kow/wz 708/10.</xText>
          
          <xText>
            <xBx>
              <xUx>Dowód:</xUx>
            </xBx>
          </xText>
          <xEnum>
            <xBullet>–</xBullet>
            <xEnumElem>
              <xText>
                <xIx>odpis wyroku Sądu Rejonowego w Świdnicy z dnia 08.06.2007r., sygn. akt II K 294/07, k. 924-926 </xIx>
              </xText>
            </xEnumElem>
          </xEnum>
          
          <xText><xAnon>R. Z.</xAnon> nie cierpi na chorobę psychiczną w znaczeniu psychozy, niedorozwój umysłowy ani inne krótkotrwałe zaburzenia czynności psychicznych. Stwierdzono u niego cechy osobowości nieprawidłowej dyssocjalnej oraz toksykomanii mieszanej (alkohol, marihuana, amfetamina). <xAnon>T.</xAnon> criminis oskarżony posiadał w pełni zachowaną zdolność do rozumienia znaczenia czynu i do pokierowania własnym postępowaniem. Jego zachowanie i działanie nie wynikało z zaburzeń psychotycznych a jedynie z chęci zysku. O ile w tym okresie znajdował się w stanie po spożyciu alkoholu, to był to stan upojenia alkoholowego zwykłego (prostego), którego skutki i następstwa mógł w pełni przewidzieć. Jeżeli był po zażyciu narkotyków, to także mógł w pełni przewidzieć skutki i następstwa ich użycia. W stosunku do oskarżonego nie zachodzą warunki <xLexLink xArt="art. 31;art. 31 § 1;art. 31 § 2" xIsapId="WDU19970880553" xTitle="Ustawa z dnia 6 czerwca 1997 r. - Kodeks karny" xAddress="Dz. U. z 1997 r. Nr 88, poz. 553">art. 31 § 1 i 2 kk</xLexLink>.</xText>
          
          <xText>
            <xBx>
              <xUx>Dowód:</xUx>
            </xBx>
          </xText>
          <xEnum>
            <xBullet>–</xBullet>
            <xEnumElem>
              <xText>
                <xIx>opinia sądowo – psychiatryczna, k. 899-902 </xIx>
              </xText>
            </xEnumElem>
          </xEnum>
          
          <xText><xBx><xUx>Oskarżony <xAnon>P. S. (1)</xAnon></xUx></xBx> na etapie postepowania przygotowawczego – podczas przesłuchania w dniu 17 czerwca 2010 roku – nie przyznał się do popełnienia drugiego z zarzucanych mu aktem oskarżenia czynów. Wyjaśnił, że noc z 1 na 2 maja 2010 roku spędził w domu z żoną i dzieckiem. Odpowiadając na pytania podał, że wie gdzie znajduje się <xAnon> hotel (...)</xAnon> bo chodził tam z ojcem. Ponadto wskazał, że zna <xAnon>R. Z.</xAnon> – jest to jego dalsza rodzina – ale nie widuje się z nim „<xIx>tak specjalnie</xIx>”. Ostatni raz spotkał się z nim „<xIx>z tydzień temu</xIx>”. W trakcie posiedzenia w przedmiocie zastosowania tymczasowego aresztowania złożył tożsame w treści wyjaśnienia. Podczas kolejnego przesłuchania w dniu 2 listopada 2010 roku, a także przed Sądem nie przyznał się do żadnego z zarzucanych mu aktem oskarżenia czynów, odmówił składania wyjaśnień oraz odpowiedzi na pytania.</xText>
          
          <xText>
            <xBx>
              <xUx>Dowód: </xUx>
            </xBx>
          </xText>
          <xEnum>
            <xBullet>–</xBullet>
            <xEnumElem>
              <xText>
                <xIx>wyjaśnienia oskarżonego <xAnon>P. S. (1)</xAnon>, k. 84v-85, 91-92, 825, 1079v </xIx>
              </xText>
            </xEnumElem>
          </xEnum>
          
          <xText><xBx><xUx>Oskarżony <xAnon>R. Z.</xAnon></xUx></xBx> na etapie postępowania przygotowawczego, a także przed Sądem, nie przyznał się do popełnienia zarzucanego mu czynu. Oskarżony utrzymywał, że nie ma nic wspólnego ze zdarzeniem, „<xIx>jakie miało miejsce w </xIx><xAnon> (...)</xAnon>, a 2 maja 2010 roku spędził w „<xIx>kawiarni u <xAnon>B.</xAnon></xIx>” na zabawie z kolegami.</xText>
          
          <xText>
            <xBx>
              <xUx>Dowód: </xUx>
            </xBx>
          </xText>
          <xEnum>
            <xBullet>–</xBullet>
            <xEnumElem>
              <xText>
                <xIx>wyjaśnienia oskarżonego <xAnon>R. Z.</xAnon>, k. 126v, 127-127v, 822, 1079v-1080v </xIx>
              </xText>
            </xEnumElem>
          </xEnum>
          
          <xText xALIGNx="center">
            <xBx>Sąd zważył, co następuje:</xBx>
          </xText>
          
          <xText>Wyjaśnieniom oskarżonych, w których negują swoje sprawstwo nie można dać wiary. Stanowią one bowiem przyjęta przez nich – nieudolną w rezultacie – linię obrony, nastawioną na uniknięcie odpowiedzialności karnej. Sąd wywiódł taką ocenę w oparciu o całokształt zgromadzonego w sprawie materiału dowodowego i ustalonych na jego podstawie okoliczności.</xText>
          
          <xText>
            <xBx>Co do czynu z punktu I aktu oskarżenia </xBx>
          </xText>
          
          <xText>Sąd uznał, że sprawstwo oskarżonego <xAnon>P. S. (1)</xAnon> w zakresie popełnienia czynu z <xLexLink xArt="art. 280;art. 280 § 1" xIsapId="WDU19970880553" xTitle="Ustawa z dnia 6 czerwca 1997 r. - Kodeks karny" xAddress="Dz. U. z 1997 r. Nr 88, poz. 553">art. 280 § 1 kk</xLexLink> nie budzi wątpliwości. Sąd oprał swoje przekonanie m.in. na takich dowodach jak zeznania świadków: <xAnon>M. P.</xAnon>, <xAnon>J. P.</xAnon>, <xAnon>R.</xAnon><xAnon>S.</xAnon>, <xAnon>A. W.</xAnon> i <xAnon>M. M. (2)</xAnon> oraz dowodów z dokumentów w postaci: protokołu oględzin miejsca zdarzenia, analizy połączeń telefonicznych, opinii psychologicznych i opinii psychiatrycznej.</xText>
          <xText>Sąd dał wiarę <xAnon>M.</xAnon><xAnon>P.</xAnon> – przesłuchanemu w przedmiotowej sprawie w charakterze świadka – w zakresie jego zeznań złożonych w toku postepowania przygotowawczego. Co prawda świadek odmówił wówczas podania personaliów drugiego sprawcy, tym nie mnij wskazał okoliczności w jakich doszło do napadu. Podał jak dostali się do domu <xAnon>E. K.</xAnon>, jak pokrzywdzony był bity, a po tym gdy stracił przytomność w jaki sposób jego mieszkanie zostało splądrowane. W tym zakresie zeznania <xAnon>M. P.</xAnon> zostały potwierdzone ustaleniami dokonanymi w czasie oględzin miejsca zdarzenia oraz sekcji zwłok pokrzywdzonego. Zdaniem Sądu <xAnon>M. P.</xAnon> podczas pierwszego przesłuchania nie mając żadnego pojęcia o ustaleniach śledztwa szczerze opisał przebieg zdarzenia z jego udziałem. Odmówił Sąd wiarygodności zeznaniom jakie <xAnon>M. P.</xAnon> złożył przed Sądem bowiem brak w nich konsekwencji i logiki. Wprowadzenie rzekomego <xAnon> (...)</xAnon>, który krytycznego dnia zaczepił go w barze, jest nieudolną próbą wykazania się źle pojmowanej lojalności wobec oskarżonego <xAnon>P. S. (1)</xAnon>, którego wygląd odpowiada takiemu pseudonimowi.</xText>
          <xText>Sąd dał wiarę zeznaniom <xAnon>J. P.</xAnon> złożonym na etapie postępowania przygotowawczego. Świadek w śledztwie była przesłuchiwana tylko raz przez Prokuratora, a przesłuchanie to było prowadzone w obecności biegłego psychologa. Co prawda <xAnon>J. P.</xAnon> zeznała wówczas, że wszystkie okoliczności związane z przebiegiem napadu zna z opowiadań jej ówczesnego chłopaka <xAnon>M. P.</xAnon> jednakże znamiennym jest, że jak podała ten wskazywał jej na osobę drugiego sprawcy, tj. oskarżonego <xAnon>P. S. (1)</xAnon>. Sąd nie dał natomiast wiary zeznaniom świadka, które złożyła na rozprawie podając, że postanowiła „<xIx>wszystko zgonić na <xAnon>P.</xAnon></xIx>”, ponieważ przesłuchujący ją policjanci powiedzieli jej, że oskarżony był na miejscu zdarzenia, a ona nie chciała aby <xAnon>M. P.</xAnon> poszedł do więzienia. W tym miejscu zauważyć należy, że <xAnon>J. P.</xAnon> podobnie postąpiła w postępowaniu sądowym jakie toczyło się w sprawie <xAnon>M. P.</xAnon>. I wtedy świadek utrzymywała, że okoliczności i przebieg zdarzenia zostały jej przedstawione przez policjantów, z którymi przed przesłuchaniem rozmawiała, i za ich sugestią takie zeznania złożyła.</xText>
          <xText>Czytelnie w ustalony stan faktyczny wpisują się zeznania <xAnon>M. M. (2)</xAnon> jakie ten złożył w postępowaniu przygotowawczym. Świadek podał wówczas, że na początku września 2009 roku spotkał się z <xAnon>P. S. (1)</xAnon>, który zaproponował mu aby dokonali napadu rabunkowego na <xAnon>E. K.</xAnon>. Jak oświadczył, nie zgodził się na propozycję oskarżonego i odpowiedział mu, że „<xIx>na takie coś się nie pisze</xIx>”. Powyższe potwierdza fakt, iż <xAnon>P. S. (1)</xAnon> we wskazanym okresie – posiadając wiedzę na temat pokrzywdzonego jaką uzyskał od <xAnon>R.</xAnon><xAnon>S.</xAnon> (kobieta opowiadała o nim znajomym narodowości romskiej) – nosił się z zamiarem dokonania napadu na <xAnon>E. K.</xAnon>. Sąd nie dał wiary zeznaniom <xAnon>M. M. (2)</xAnon> jakie ten złożył na rozprawie przed Sądem. W ocenie Sądu stanowiły one jedynie nieudolną próbę wycofania się z uprzednio złożonych obciążających oskarżonego <xAnon>P. S. (1)</xAnon> zeznań. Trudnym do wyobrażenia, w świetle zeznań świadka wręcz irracjonalnym, jest sytuacja, w której funkcjonariusze Policji, doświadczeni i znający przepisy prawa, poprzez bezprawne działanie – <xAnon>M. M. (2)</xAnon> miał być przez przesłuchujących go policjantów bity, a wręcz <xUx>katowany</xUx> – mogliby wpływać na treść zeznań świadka, narażając się przy tym na odpowiedzialność karną lub dyscyplinarną.</xText>
          <xText>Zeznania <xAnon>A. W.</xAnon> i <xAnon>R.</xAnon><xAnon>S.</xAnon> – przede wszystkim jakie świadek złożyła podczas pierwszego przesłuchania w śledztwie – potwierdziły, że osoby te przyjeżdżały do <xAnon>M.</xAnon> i kontaktowały się z <xAnon>E. K.</xAnon>. To <xAnon>R.</xAnon><xAnon>S.</xAnon> pokrzywdzony mówił, że ma pieniądze ze sprzedaży domu, to ona o tym opowiadała wśród swoich znajomych. Natomiast znamiennym w sprawie jest ta części zeznań <xAnon>A. W.</xAnon>, w której świadek oświadczył, że „<xIx>w tym samym dniu kiedy zatrzymała mnie policja przedzwonił do mnie <xAnon>P. S. (1)</xAnon></xIx> (…). <xIx>Powiedział do mnie coś w tym stylu, że coś się narobiło</xIx> (…) <xIx>i jakby pytała się o nich Policja to żebym powiedział, że nie jeździłem z nimi po wioskach</xIx>”. Ten fragment zeznań świadka jednoznacznie wskazuje na sprawstwo oskarżonego.</xText>
          <xText>Istotnym w sprawie okazał się dowód z analizy połączeń telefonicznych <xAnon>P. S. (1)</xAnon>. Z dokumentu tego wynika bezsprzecznie, że oskarżony w krytycznym czasie, jak i już po zdarzeniu, wielokrotnie kontaktował się z <xAnon>M. P.</xAnon>. W ocenie Sądu prowadzone przez ww. mężczyzn rozmowy związany były ściśle z popełnionym przez nich przestępstwem. Nie wytłumaczalnym bowiem jest, jak osoby znające się rzekomo tylko z widzenia (na co wskazywał <xAnon>M. P.</xAnon>), utrzymywały ze sobą tak ożywiony kontakt i to w późnych godzinach nocnych.</xText>
          <xText>Sąd uznał opinie biegłego psycholog dotyczące świadków <xAnon>M. M. (2)</xAnon>, <xAnon>J. P.</xAnon> i <xAnon>R.</xAnon><xAnon>S.</xAnon> za jasne, spójne i rzeczowe, podzielając wnioski z nich płynące, albowiem zostały one sporządzone przez osobę dysponującą specjalistyczną wiedzą i doświadczeniem zawodowym.</xText>
          <xText>Autentyczność, wiarygodność i wartość dowodowa dokumentów w postaci protokołu eksperymentu procesowego, protokołu zatrzymania nieletniego, protokołu oględzin miejsca, opinii sądowo – lekarskiej oraz protokołu oględzin i otwarcia zwłok, nie budziły wątpliwości Sądu, w związku z czym fakty z nich wynikające Sąd uznał za udowodnione.</xText>
          
          <xText>
            <xBx>Wspólne rozważania co do czynów z punktu II i III aktu oskarżenia</xBx>
          </xText>
          
          <xText>Sąd dał wiarę zeznaniom <xAnon>B. B. (1)</xAnon>. Pokrzywdzony szczegółowo opisał przebieg rozgrywającego się zdarzenia, wskazując przy tym na towarzyszące mu okoliczności. <xAnon>B. B. (1)</xAnon> z zachowaniem chronologicznego i logicznego porządku odtworzył zapamiętaną sytuację, a z jego zeznań wyłania się precyzyjny jej obraz. Pokrzywdzony pomimo tego, że oskarżeni mieli kaptury na głowach i użyli wobec niego gazu łzawiącego zapamiętał ich wygląd. Pokrzywdzony na rozprawie zeznał, że oskarżonego <xAnon>P. S. (1)</xAnon> rozpoznał po charakterystycznym głosie i wysuniętym do przodu uzębieniu, zaś <xAnon>R. Z.</xAnon> po ogólnym wyglądzie i twarzy. Ponadto wskazał, że oskarżeni rozmawiali między sobą w języku romskim.</xText>
          <xText>Podjęta przez obronę próba zdeprecjonowania zeznań pokrzywdzonego i wykazania, że <xAnon>B. B. (1)</xAnon> rozpoznał napastników w wyniku sugestii funkcjonariuszy Policji, zdaniem Sądu, nie powiodła się. Pokrzywdzony dwukrotnie słuchany przed Sądem konsekwentnie podtrzymywał, że oskarżeni <xAnon>P. S. (1)</xAnon> i <xAnon>R. Z.</xAnon> to sprawcy napadu na jego osobę w nocy z 2 na 3 maja 2010 roku. Konsekwencja zeznań <xAnon>B. B. (1)</xAnon>, a zwłaszcza jego logiczne odpowiedzi na zadawane pytania co do okoliczności rozpoznania sprawców, nie pozostawiły Sądowi żadnych wątpliwości aby odmówić im waloru wiarygodności, a tym samym uznać sprawstwo oskarżonych w zakresie popełnienia zarzucanych im czynów.</xText>
          <xText>Brak w aktach sprawy dowodu w postaci protokołu z okazania, jakie było przeprowadzone z udziałem pokrzywdzonego zaraz po zdarzeniu, w znacznym stopniu utrudniło postepowanie sądowe, nie mniej jednak stanowcze i przekonywujące zeznania pokrzywdzonego <xAnon>B. B. (1)</xAnon>, który w bezpośredniej konfrontacji z oskarżonymi nie miał żadnej wątpliwości co do ich sprawstwa w dokonanym rozboju na jego osobie, dały podstawę do uznania ponad wszelką wątpliwość, że oskarżeni dokonali zarzucanych im czynów.</xText>
          <xText>Dowodami pośrednimi potwierdzającymi wersję podawaną przez <xAnon>B. B. (1)</xAnon> są opinia sądowo – lekarska, dokumentacja leczenia pokrzywdzonego i karta wyjazdowa jednostki pogotowania ratunkowego. Wynika z nich, że pokrzywdzony doznał obrażeń ciała w postaci rany tłuczonej głowy, wstrząśnienia mózgu oraz stłuczenia szyi. Dowody te ponad wszelką wątpliwość świadczą o tym, że <xAnon>B. B. (1)</xAnon> zadano szereg ciosów.</xText>
          <xText>Czytelnie w ustalony stan faktyczny wpisują się zeznania <xAnon>P. S. (2)</xAnon>, <xAnon>M. S.</xAnon> i <xAnon>M. J.</xAnon>. Świadkowie podali bowiem szereg okoliczności towarzyszących przedmiotowemu zdarzeniu. Wskazywali, iż sprawcy napadu na <xAnon>B. B. (1)</xAnon>, najpierw podjechali na stację paliw, gdzie próbowali zatankować pojazd którym się poruszali, a gdy im się nie udało odjechali w kierunku <xAnon> Hotelu (...)</xAnon>. <xAnon>M. S.</xAnon> widział uciekających z hotelu mężczyzn, ujawnił leżącego w holu zakrwawionego <xAnon>B. B. (1)</xAnon>, i zaalarmował <xAnon>P. S. (2)</xAnon> i <xAnon>M. J.</xAnon>, która to z kolei zadzwoniła na Policję.</xText>
          <xText>Sąd dał wiarę zeznaniom <xAnon>D. S.</xAnon>, który opisał okoliczności ujawnionego napadu i określił wysokość szkody wyrządzonej przestępstwem. Sąd nie podważył również zeznań <xAnon>D. K. (2)</xAnon> – przybyłego na miejsce zdarzenia funkcjonariusza Policji. Obaj świadkowie są osobami obcymi dla oskarżonych i nie mają żadnego powodu aby w swych zeznaniach zawierać fakty jakie nie miały miejsca.</xText>
          <xText>Istotnymi w sprawie są opinia z przeprowadzonych badań z zakresu daktyloskopii i protokół wysłuchania nieletniego. Z pierwszego z wymienionych dokumentów wynika, iż zabezpieczony na ladzie recepcji ślad daktyloskopijny w postaci linijni papilarnych należy do oskarżonego <xAnon>P. S. (1)</xAnon>. Pamiętać przy tym należy, że <xAnon>B. B. (1)</xAnon> po zamknięciu hotelowej restauracji, około godz. 22<xSUPx>00</xSUPx>, posprzątał hol hotel i pościerał blat recepcji. Z drugiego zaś to, że podczas wysłuchania przed Sędzią rodzinnym <xAnon>P. S. (1)</xAnon> potwierdził, że w dniu 2 maja 2010 roku był w <xAnon> Hotelu (...)</xAnon> w towarzystwie oskarżonego <xAnon>R. Z.</xAnon>. Dowód ten w kontekście wyjaśnień <xAnon>R. Z.</xAnon> złożonych na posiedzeniu w przedmiocie tymczasowego aresztowania kiedy to przyznał się do swojego udziału w zdarzeniu jakie miało miejsce w <xAnon> Hotelu (...)</xAnon>, nie pozostawia, w ocenie Sądu, żadnych wątpliwości w zakresie winy oskarżonych w dokonaniu zarzucanych im czynów.</xText>
          <xText>Sąd nie dał wiary wyjaśnieniom <xAnon>R. Z.</xAnon> kiedy to oskarżony podniósł, że w krytycznym czasie znajdował się w „<xIx>kawiarni u <xAnon>B.</xAnon></xIx>”, gdzie bawił się wraz z kolegami. Powyższy wniosek Sąd przyjął mając na uwadze treść zeznań przesłuchanych w sprawie świadków, tj. <xAnon>B. D.</xAnon> i <xAnon>R. M. (2)</xAnon>, którzy to wbrew temu co twierdził oskarżony nie potwierdzili jego wersji.</xText>
          <xText>Za w pełni wiarygodny materiał dowodowy Sąd uznał pozostałe ujawnione i zaliczone w poczet dowodów dokumenty. Ich autentyczność, wiarygodność i wartość dowodowa nie budziły wątpliwości Sądu. Ich wiarygodność nie była również kwestionowana przez żadną ze stron, a Sąd nie znalazł podstaw, aby czynić to z urzędu.</xText>
          <xText>Reasumując, wskazane powyżej dowodowy dały podstawę do dokonania ustaleń faktycznych będących podstawą wyroku i zarazem stanowią dowód winy oskarżonych <xAnon>P. S. (1)</xAnon> i <xAnon>R. Z.</xAnon> w przedmiocie zarzucanych im aktem oskarżenia czynów.</xText>
          
          <xText>
            <xBx>Co do kwalifikacji prawnej zarzucanych oskarżonym czynów</xBx>
          </xText>
          
          <xText>Występek z <xLexLink xArt="art. 280;art. 280 § 1" xIsapId="WDU19970880553" xTitle="Ustawa z dnia 6 czerwca 1997 r. - Kodeks karny" xAddress="Dz. U. z 1997 r. Nr 88, poz. 553">art. 280 § 1 kk</xLexLink> polega na kradzieży popełnionej przy użyciu przemocy wobec osoby lub groźby jej natychmiastowego użycia albo przez doprowadzenie człowieka do stanu nieprzytomności lub bezbronności. Zastosowanie środków wymienionych w <xLexLink xArt="art. 280;art. 280 § 1" xIsapId="WDU19970880553" xTitle="Ustawa z dnia 6 czerwca 1997 r. - Kodeks karny" xAddress="Dz. U. z 1997 r. Nr 88, poz. 553">art. 280 § 1 kk</xLexLink> musi nastąpić przed lub w czasie dokonywania kradzieży, aby przełamać lub uniemożliwić opór osoby posiadającej przedmiot kradzieży. Rozbój charakteryzuje się kierunkowością działania sprawcy. Musi on zmierzać do dokonania kradzieży, używając do realizacji tego celu przemocy wobec osoby, groźby natychmiastowego jej użycia albo doprowadzając człowieka do stanu nieprzytomności lub bezbronności. Jest to więc przestępstwo umyślne, które można popełnić jedynie z zamiarem bezpośrednim, tak co do celu działania, jak i używanych środków.</xText>
          <xText>Oskarżony <xAnon>P. S. (1)</xAnon> w nocy z 11 na 12 września 2009 roku po uprzednim użyciu przemocy polegającej na biciu, kopaniu po ciele <xAnon>E. K.</xAnon> i doprowadzeniu go do stanu nieprzytomności dokonał kradzieży pieniędzy w kwocie nie mniejszej niż 1000 zł, czym wyczerpał ustawowe znamiona czynu z <xLexLink xArt="art. 280;art. 280 § 1" xIsapId="WDU19970880553" xTitle="Ustawa z dnia 6 czerwca 1997 r. - Kodeks karny" xAddress="Dz. U. z 1997 r. Nr 88, poz. 553">art. 280 § 1 kk</xLexLink>.</xText>
          <xText>W ustalonym stanie faktycznym nie ma żadnych wątpliwości, że oskarżony działał wspólnie i w porozumieniu z <xAnon>M. P.</xAnon>. <xAnon>P. S. (1)</xAnon> przeszukiwał mieszkanie <xAnon>E. K.</xAnon> i fizycznie był obecny podczas doprowadzania go do stanu bezbronności, jednak przeprowadzone w sprawie postepowanie dowodowe nie wykazało, aby uderzył pokrzywdzonego. Rzecz jednak w tym, że współsprawstwo, jako jedna z postaci sprawstwa, oznacza wykonanie czynu zabronionego wspólnie i w porozumieniu z inną osobą, a to z kolei oznacza zachowanie zgodne z podziałem ról, co sprawia, że nie każdy ze współsprawców musi osobiście realizować wszystkie znamiona przestępstwa, każdy musi jednak podejmować takie działania, które łącznie z działaniem innego uczestnika porozumienia zmierzają do dokonania przestępstwa. Dla przyjęcia współsprawstwa nie jest więc konieczne, aby każda z osób działających w porozumieniu realizowała własnym działaniem wszystkie znamiona czynu zabronionego, lecz wystarczy, iż osoba taka – dążąc do realizacji wspólnego planu – działa w ramach uzgodnionego podziału ról, co najmniej ułatwia bezpośredniemu sprawcy wykonanie wspólnego celu (por. postanowienie SN z dnia 05 maja 2003r., V KK 346/02; wyrok SA w Lublinie z dnia 15 czerwca 2000r.,II AKa 70/00). Tak więc cechą współsprawstwa jest to, że umożliwia ono przypisanie jednemu ze współsprawców tego, co uczynił jego wspólnik w wykonaniu łączącego ich porozumienia. Przy czym porozumienie sprawców musi nastąpić przed lub w trakcie bytu przestępnego, może mieć formę dowolną, w tym dorozumianą i przejawiać się w akceptacji poszczególnych czynności sprawczych w czasie dynamicznego rozwoju zdarzeń, które dana osoba uważa za własne. Chodzi tu o zgodę, stanowiącą realny proces psychiczny towarzyszący czynowi, która stała się udziałem każdego z oskarżonych. Mając to na uwadze, w przekonaniu Sądu <xAnon>P. S. (1)</xAnon> współdziałał z innymi osobami w realizacji znamion występku z <xLexLink xArt="art. 280;art. 280 § 1" xIsapId="WDU19970880553" xTitle="Ustawa z dnia 6 czerwca 1997 r. - Kodeks karny" xAddress="Dz. U. z 1997 r. Nr 88, poz. 553">art. 280 § 1 kk</xLexLink>.</xText>
          <xText>Nie tracąc powyższego z pola widzenia wskazać należy, że oskarżeni <xAnon>P. S. (1)</xAnon> i <xAnon>R. Z.</xAnon> w dniu 2 maja 2010 roku w <xAnon>Ś.</xAnon>, działając wspólnie i w porozumieniu, doprowadzili do stanu bezbronności <xAnon>B. B. (1)</xAnon> recepcjonistę <xAnon> Hotelu (...)</xAnon> poprzez stosowanie przemocy polegającej na biciu go po twarzy, głowie, a następnie po uderzeniu butelką po piwie w głowę i użyciu wobec niego gazu łzawiącego w wyniku czego doznał obrażeń w postaci rany tłuczonej głowy, wstrząśnienia mózgu, stłuczenia szyi skutkujących naruszeniem czynności narządów jego ciała na okres poniżej dni siedmiu, dokonali kradzieży 15 paczek papierosów różnych marek, 6 butelek piwa różnych marek o łącznej wartości 200 złotych na szkodę właściciela <xAnon> Hotelu (...)</xAnon><xAnon>D. S.</xAnon>, czym wyczerpali ustawowe znamiona czynu z <xLexLink xArt="art. 280;art. 280 § 1" xIsapId="WDU19970880553" xTitle="Ustawa z dnia 6 czerwca 1997 r. - Kodeks karny" xAddress="Dz. U. z 1997 r. Nr 88, poz. 553">art. 280 § 1 kk</xLexLink> i <xLexLink xArt="art. 157;art. 157 § 2" xIsapId="WDU19970880553" xTitle="Ustawa z dnia 6 czerwca 1997 r. - Kodeks karny" xAddress="Dz. U. z 1997 r. Nr 88, poz. 553">art. 157 § 2 kk</xLexLink> w zw. z <xLexLink xArt="art. 11;art. 11 § 2" xIsapId="WDU19970880553" xTitle="Ustawa z dnia 6 czerwca 1997 r. - Kodeks karny" xAddress="Dz. U. z 1997 r. Nr 88, poz. 553">art. 11 § 2 kk</xLexLink>.</xText>
          <xText><xAnon>R. Z.</xAnon> powyższego czynu dopuścił się w warunkach powrotu do przestępstwa. Oskarżony był skazany wyrokiem Sądu Rejonowego w Świdnicy z dnia 8 czerwca 2007 roku w sprawie o sygn. akt II K 294/07 za czyn z <xLexLink xArt="art. 280;art. 280 § 1" xIsapId="WDU19970880553" xTitle="Ustawa z dnia 6 czerwca 1997 r. - Kodeks karny" xAddress="Dz. U. z 1997 r. Nr 88, poz. 553">art. 280 § 1 kk</xLexLink> w zw. z <xLexLink xArt="art. 275;art. 275 § 1" xIsapId="WDU19970880553" xTitle="Ustawa z dnia 6 czerwca 1997 r. - Kodeks karny" xAddress="Dz. U. z 1997 r. Nr 88, poz. 553">art. 275 § 1 kk</xLexLink> w zw. z <xLexLink xArt="art. 64;art. 64 § 1" xIsapId="WDU19970880553" xTitle="Ustawa z dnia 6 czerwca 1997 r. - Kodeks karny" xAddress="Dz. U. z 1997 r. Nr 88, poz. 553">art. 64 § 1 kk</xLexLink> na karę 4 lat pozbawienia wolności oraz za czyn z <xLexLink xArt="art. 157;art. 157 § 1" xIsapId="WDU19970880553" xTitle="Ustawa z dnia 6 czerwca 1997 r. - Kodeks karny" xAddress="Dz. U. z 1997 r. Nr 88, poz. 553">art. 157 § 1 kk</xLexLink> w zw. z <xLexLink xArt="art. 64;art. 64 § 1" xIsapId="WDU19970880553" xTitle="Ustawa z dnia 6 czerwca 1997 r. - Kodeks karny" xAddress="Dz. U. z 1997 r. Nr 88, poz. 553">art. 64 § 1 kk</xLexLink> na karę 1 roku i 6 miesięcy pozbawienia wolności. <xAnon>R. Z.</xAnon> orzeczoną karę łączną 4 lat pozbawienia wolności za te przestępstwa odbywał od dnia 22 lutego 2007 roku do dnia 6 kwietnia 2010 roku, tj. do dnia przedterminowego warunkowego zwolnienia na mocy postanowienia Sądu Okręgowego w Świdnicy wydanego w sprawie o sygn. akt V Kow/wz 708/10. Zatem przestępstwo, za które został skazany niniejszym wyrokiem, tj. rozbój, popełnił w okresie 5 lat po odbyciu co najmniej jednego roku kary pozbawienia wolności. Stąd też w pełni zasadnym było przyjęcie kwalifikacji <xLexLink xArt="art. 64;art. 64 § 2" xIsapId="WDU19970880553" xTitle="Ustawa z dnia 6 czerwca 1997 r. - Kodeks karny" xAddress="Dz. U. z 1997 r. Nr 88, poz. 553">art. 64 § 2 kk</xLexLink>.</xText>
          
          <xText>
            <xBx>Co do wymiaru kary</xBx>
          </xText>
          
          <xText>Wymierzając oskarżonym kary Sąd kierował się dyrektywami określonymi w <xLexLink xArt="art. 53;art. 53 § 1;art. 53 § 2" xIsapId="WDU19970880553" xTitle="Ustawa z dnia 6 czerwca 1997 r. - Kodeks karny" xAddress="Dz. U. z 1997 r. Nr 88, poz. 553">art. 53 § 1 i 2 kk</xLexLink>, a zwłaszcza miał na uwadze pobudki i sposób działania sprawców, społeczną szkodliwością czynów, stopień winy, osobowość sprawców oraz postawą po dokonaniu przestępstwa.</xText>
          <xText>Nie wątpliwie przestępstwo rozboju z <xLexLink xArt="art. 280;art. 280 § 1" xIsapId="WDU19970880553" xTitle="Ustawa z dnia 6 czerwca 1997 r. - Kodeks karny" xAddress="Dz. U. z 1997 r. Nr 88, poz. 553">art. 280 § 1 kk</xLexLink> należy do kategorii przestępstw o szczególnej społecznej szkodliwości, wymierzone jest bowiem w przynajmniej dwa dobra chronione prawem. Po pierwsze w zdrowie, bądź wolność od gróźb, a po drugie w mienie. Zachowanie oskarżonych świadczyło o braku poszanowania dla cudzych dóbr i praw oraz obowiązującego porządku prawnego.</xText>
          <xText>Na niekorzyści oskarżonego <xAnon>R. Z.</xAnon> przemawia fakt uprzedniej karalności, a także to, że zarzucanego mu aktem oskarżenia czynu dopuścił się w warunkach powrotu do przestępstwa. Wymienione powyżej okoliczności świadczą, iż oskarżony jest jednostką wysoce zdemoralizowaną, a po popełnieniu wcześniejszych przestępstw, nie zrozumiał naganności swojego dotychczasowego zachowania.</xText>
          <xText>Natomiast oskarżony <xAnon>P. S. (1)</xAnon> miał wielokrotną szansę poprawy i krytycznego wglądu w swój sposób funkcjonowania. Był pod opieką kuratora, a Sąd Rodzinny i Nieletnich wielokrotnie zajmował się jego sprawami. Dotychczas stosowane środki okazały się bezskuteczne, a <xAnon>P. S. (1)</xAnon> – popełniając przedmiotowe przestępstwa – po raz kolejny dowiódł, że jest agresywny, zdolny do brutalnych działań. Trudno przyjąć także, że przejawia on skłonności do poprawy swego zachowania. Prawdą jest, że główną cechą kary stosowanej wobec młodocianego powinien być jej charakter wychowawczy (<xLexLink xArt="art. 54;art. 54 § 1" xIsapId="WDU19970880553" xTitle="Ustawa z dnia 6 czerwca 1997 r. - Kodeks karny" xAddress="Dz. U. z 1997 r. Nr 88, poz. 553">art. 54 § 1 kk</xLexLink>). Nie oznacza to jednak, iż rozstrzygnięcie w tej materii ma cechować daleko posunięta pobłażliwość. Należy pamiętać, że nie tylko zbyt surowa kara może mieć skutek demotywujący i demoralizujący. Podobny efekt może zostać uzyskany przez nadmierną pobłażliwość, budującą i wzmacniającą u sprawcy poczucie bezkarności.</xText>
          <xText>Biorąc powyższe okoliczności pod uwagę Sąd wymierzył <xAnon>P. S. (1)</xAnon> za każde z przypisanych mu przestępstw kary po 1 roku i 6 miesięcy pozbawienia wolności. Wobec tego oskarżonego znalazł zastosowanie przepis <xLexLink xArt="art. 10;art. 10 § 3" xIsapId="WDU19970880553" xTitle="Ustawa z dnia 6 czerwca 1997 r. - Kodeks karny" xAddress="Dz. U. z 1997 r. Nr 88, poz. 553">art. 10 § 3 kk</xLexLink>. Natomiast uznając <xAnon>R. Z.</xAnon> za winnego popełnienia zarzucanego mu czynu Sąd wymierzył mu karę 4 lat i 6 miesięcy pozbawienia wolności.</xText>
          <xText>W każdym z przypadków wymierzenia kar jednostkowych Sąd uwzględnił cel kary jakim jest kształtowanie świadomości prawnej społeczeństwa. Zdaniem Sądu powyższe kary przy ww. okolicznościach stanowić będą dostateczny wyraz represji karnej, są adekwatne do stopnia społecznej szkodliwości czynów oskarżonych, ich zawinienia i osobowości. Wobec sprawców takich jak <xAnon>P. S. (1)</xAnon> i <xAnon>R. Z.</xAnon> konieczna jest stanowcza reakcja znajdująca swój wyraz w wymiarze i rodzaju orzeczonej kary, by tym dobitniej uświadomić oskarżonym stopień naganności ich czynów, a tym samym pokazać, że naruszenie prawa niesie za sobą poważne konsekwencje.</xText>
          <xText>Wymierzone za poszczególne czyny kary jednostkowe Sąd połączył oskarżonemu <xAnon>P. S. (1)</xAnon> wymierzając karę łączną 3 lat pozbawienia wolności. Przy określaniu wysokości kary łącznej Sąd zastosował zasadę kumulacji. Sąd miał na uwadze rodzaj naruszonego dobra prawnego, rozmiar szkód wyrządzonych przestępstwami, sposób i okoliczności popełnienia przestępstw oraz postać zamiaru i jego motywację.</xText>
          <xText>Ponieważ <xAnon>P. S. (1)</xAnon> był pozbawiony wolności w sprawie od dnia 15 czerwca 2010 roku do dnia 21 czerwca 2010 roku okres ten, zgodnie z dyspozycja <xLexLink xArt="art. 63;art. 63 § 1" xIsapId="WDU19970880553" xTitle="Ustawa z dnia 6 czerwca 1997 r. - Kodeks karny" xAddress="Dz. U. z 1997 r. Nr 88, poz. 553">art. 63 § 1 kk</xLexLink>, należało zaliczyć mu na poczet orzeczonej kary łącznej pozbawienia wolności.</xText>
          <xText>O kosztach pomocy prawnej udzielonej oskarżonemu <xAnon>R. Z.</xAnon> z urzędu orzeczono na podstawie art. 29 ust. 1 ustawy z dnia 26 ma 1982 roku – <xLexLink xArt="" xIsapId="WDU19820160124" xTitle="Ustawa z dnia 26 maja 1982 r. - Prawo o adwokaturze" xAddress="Dz. U. z 1982 r. Nr 16, poz. 124">Prawo o adwokaturze</xLexLink>, zasądzając od Skarbu Państwa na rzecz adw. <xAnon>M. M. (1)</xAnon> kwotę 1033,20 zł, którą to wyliczono w oparciu o <xLexLink xArt="§ 14;§ 14 ust. 2;§ 14 ust. 2 pkt. 3;§ 16;§ 2;§ 2 ust. 3" xIsapId="WDU20021631348" xTitle="Rozporządzenie Ministra Sprawiedliwości z dnia 28 września 2002 r. w sprawie opłat za czynności adwokackie oraz ponoszenia przez Skarb Państwa kosztów nieopłaconej pomocy prawnej udzielonej z urzędu" xAddress="Dz. U. z 2002 r. Nr 163, poz. 1348">§ 14 ust. 2 pkt 3, § 16 i § 2 ust. 3 Rozporządzenia Ministra Sprawiedliwości z dnia 28 września 2002 roku w sprawie opłat za czynności adwokackie oraz ponoszenia przez Skarb Państwa kosztów nieopłaconej pomocy prawnej udzielonej z urzędu</xLexLink>.</xText>
          <xText>O kosztach sądowych rozstrzygnięto w oparciu o <xLexLink xArt="art. 624;art. 624 § 1" xIsapId="WDU19970890555" xTitle="Ustawa z dnia 6 czerwca 1997 r. - Kodeks postępowania karnego" xAddress="Dz. U. z 1997 r. Nr 89, poz. 555">art. 624 § 1 kpk</xLexLink> zwalniając oskarżonych od ich ponoszenia w całości, skoro zostały orzeczone wobec nich bezwzględne kary pozbawienia wolności, a i oskarżeni nie mogli ich ponieś z uwagi na swoją sytuację materialną.</xText>
        </xUnit>
      </xBlock>
    </xPart>
  </judgement>
<judgement id="155005000003006_VI_Ka_000111_2013_Uz_2013-05-02_001">
    <xPart xEditorFullName="Jolanta Kopeć" xYear="2013" xLang="PL" xPublisherFullName="Anna Herka" xFromPg="1" xEditor="jolanta.kopec@jelenia-gora.so.gov.pl" xVolType="15/500500/0003006/Ka" xPublisher="w.karny.odw@jelenia-gora.so.gov.pl" xDocType="Uz" xVolNmbr="000111" xVersion="1.0" xToPage="12" xFlag="published">
      <xName>Wyrok+Uzasadnienie</xName>
      <xBlock>
        <xText>Sygn. akt VI Ka 111/13</xText>
        <xUnit xIsTitle="true" xType="part" xBold="true">
          <xName>WYROK</xName>
          <xTitle>W IMIENIU RZECZYPOSPOLITEJ POLSKIEJ</xTitle>
          <xText>Dnia 18 kwietnia 2013r.</xText>
          
          <xText>Sąd Okręgowy w Jeleniej Górze w VI Wydziale Karnym Odwoławczym w składzie:</xText>
          
          <xText>
            <xBx> Przewodniczący – Sędzia  SO Klara Łukaszewska (spr.)</xBx>
          </xText>
          <xText>
            <xBx> Sędziowie   SO Tomasz Skowron</xBx>
          </xText>
          <xText>
            <xBx> SO Andrzej Tekieli</xBx>
          </xText>
          <xText>
            <xBx> Protokolant Małgorzata Dzieniszewska</xBx>
          </xText>
          
          <xText>przy udziale Prokuratora Prokuratury Okręgowej w Jeleniej Górze Lesława Kwapiszewskiego</xText>
          <xText>po rozpoznaniu w dniu 16 kwietnia 2013 r.</xText>
          <xText>sprawy <xBx><xAnon>J. M.</xAnon></xBx></xText>
          <xText>oskarżonej z <xLexLink xArt="art. 158;art. 158 § 1" xIsapId="WDU19970880553" xTitle="Ustawa z dnia 6 czerwca 1997 r. - Kodeks karny" xAddress="Dz. U. z 1997 r. Nr 88, poz. 553">art. 158§1 kk</xLexLink>, <xLexLink xArt="art. 157;art. 157 § 1" xIsapId="WDU19970880553" xTitle="Ustawa z dnia 6 czerwca 1997 r. - Kodeks karny" xAddress="Dz. U. z 1997 r. Nr 88, poz. 553">art. 157§1 kk</xLexLink> w zw. z <xLexLink xArt="art. 11;art. 11 § 2" xIsapId="WDU19970880553" xTitle="Ustawa z dnia 6 czerwca 1997 r. - Kodeks karny" xAddress="Dz. U. z 1997 r. Nr 88, poz. 553">art. 11§2 kk</xLexLink></xText>
          <xText>z powodu apelacji wniesionej przez obrońcę oskarżonej</xText>
          <xText>od wyroku Sądu Rejonowego w Kamiennej Górze</xText>
          <xText>z dnia 28 grudnia 2012 r. sygn. akt II K 486/12</xText>
          
          <xUnit xIsTitle="false" xType="none">
            <xName xSffx=".">I</xName>
            <xText>zmienia zaskarżony wyrok wobec oskarżonej <xAnon>J. M.</xAnon> w ten sposób, że:</xText>
            <xEnum>
              <xBullet>-</xBullet>
              <xEnumElem>
                <xText>przyjmując, iż stopień winy jak i stopień społecznej szkodliwości przypisanego oskarżonej czynu nie jest znaczny na podstawie <xLexLink xArt="art. 66;art. 66 § 1;art. 67;art. 67 § 1" xIsapId="WDU19970880553" xTitle="Ustawa z dnia 6 czerwca 1997 r. - Kodeks karny" xAddress="Dz. U. z 1997 r. Nr 88, poz. 553">art. 66§1 i art. 67§1 kk</xLexLink> warunkowo umarza postępowanie na okres 2 (dwóch) lat próby,</xText>
              </xEnumElem>
              <xEnumElem>
                <xText>na podstawie art. <xLexLink xArt="art. 67;art. 67 § 3" xIsapId="WDU19970880553" xTitle="Ustawa z dnia 6 czerwca 1997 r. - Kodeks karny" xAddress="Dz. U. z 1997 r. Nr 88, poz. 553">art. 67§3 kk</xLexLink> oddaje oskarżoną pod dozór kuratora w okresie próby i zobowiązuje oskarżoną do kontynuowania nauki,</xText>
              </xEnumElem>
              <xEnumElem>
                <xText>na podstawie <xLexLink xArt="art. 67;art. 67 § 3" xIsapId="WDU19970880553" xTitle="Ustawa z dnia 6 czerwca 1997 r. - Kodeks karny" xAddress="Dz. U. z 1997 r. Nr 88, poz. 553">art. 67§3 kk</xLexLink> zasądza od oskarżonej na rzecz <xAnon>I. Z.</xAnon> nawiązkę w kwocie 100 zł,</xText>
              </xEnumElem>
            </xEnum>
          </xUnit>
          <xUnit xIsTitle="false" xType="none">
            <xName xSffx=".">II</xName>
            <xText>w pozostałej części zaskarżony wyrok utrzymuje w mocy,</xText>
          </xUnit>
          <xUnit xIsTitle="false" xType="none">
            <xName xSffx=".">III</xName>
            <xText>zasądza od Skarbu Państwa na rzecz adw. <xAnon>A. M.</xAnon> kwotę <xBRx/>516,60 zł w tym 96,60 zł podatku od towarów i usług tytułem nieopłaconej obrony oskarżonej z urzędu w postępowaniu odwoławczym,</xText>
          </xUnit>
          <xUnit xIsTitle="false" xType="none">
            <xName xSffx=".">IV</xName>
            <xText>zasądza od Skarbu Państwa n rzecz adw. <xAnon>T. Ł.</xAnon> kwotę <xBRx/>420 złotych tytułem zwrotu kosztów zastępstwa procesowego z urzędu <xBRx/>w postępowaniu odwoławczym,</xText>
          </xUnit>
          <xUnit xIsTitle="false" xType="none">
            <xName xSffx=".">V</xName>
            <xText>zwalnia oskarżoną od zapłaty na rzecz Skarbu Państwa kosztów sądowych <xBRx/>za postępowanie odwoławcze obciążając nimi Skarb Państwa.</xText>
          </xUnit>
          
          <xText>Sygn. akt VI Ka 111/13</xText>
        </xUnit>
        <xUnit xIsTitle="true" xType="part" xBold="true">
          <xName>UZASADNIENIE</xName>
          <xText><xAnon>R. M.</xAnon>, <xAnon>J. M.</xAnon>i <xAnon>K. Z.</xAnon>zostały oskarżone o to, że w dniu 25 września 2011 roku, około godziny 20:30, w miejscowości <xAnon>C.</xAnon>, gmina <xAnon>(...)</xAnon>, woj. <xAnon>(...)</xAnon>, na <xAnon>ul. (...)</xAnon>, wspólnie i w porozumieniu brali udział w pobiciu <xAnon>I. Z.</xAnon>w ten sposób, że <xAnon>K. Z.</xAnon>uderzyła głową pokrzywdzonej o ścianę i biła ją rękami po głowie, zaś <xAnon>J. M.</xAnon>wraz z <xAnon>R. M.</xAnon>kopały ją po brzuchu i plecach, a następnie <xAnon>P. Z.</xAnon>przytrzymywał pokrzywdzoną za ręce umożliwiając dalsze bicie pokrzywdzonej przez <xAnon>K. Z.</xAnon>, czym spowodowali u <xAnon>I. Z.</xAnon>obrażenia głowy, które naruszyły czynności narządów ciała pokrzywdzonej na okres powyżej 7 dni, tj. o czyn z <xLexLink xArt="art. 158;art. 158 § 1" xIsapId="WDU19970880553" xTitle="Ustawa z dnia 6 czerwca 1997 r. - Kodeks karny" xAddress="Dz. U. z 1997 r. Nr 88, poz. 553">art. 158 § 1 kk</xLexLink> i <xLexLink xArt="art. 157;art. 157 § 1" xIsapId="WDU19970880553" xTitle="Ustawa z dnia 6 czerwca 1997 r. - Kodeks karny" xAddress="Dz. U. z 1997 r. Nr 88, poz. 553">art. 157 § 1 kk</xLexLink> w zw. z <xLexLink xArt="art. 11;art. 11 § 2" xIsapId="WDU19970880553" xTitle="Ustawa z dnia 6 czerwca 1997 r. - Kodeks karny" xAddress="Dz. U. z 1997 r. Nr 88, poz. 553">art. 11 § 2 kk</xLexLink>.</xText>
          
          <xText>Sąd Rejonowy w Kamiennej Górze wyrokiem z dnia 28 grudnia 2012r. w sprawie sygn. akt II K 486/12:</xText>
          <xText>1. <xAnon>R. M.</xAnon>, <xAnon>J. M.</xAnon>i <xAnon>K. Z.</xAnon>uznał za winne tego, że w dniu 25 września 2011 roku, około godz. 20:30, w miejscowości <xAnon>C.</xAnon>, gmina <xAnon>(...)</xAnon>, woj. <xAnon>(...)</xAnon>, na <xAnon>ul. (...)</xAnon>, wzięły udział w pobiciu <xAnon>I. Z.</xAnon>w ten sposób, że <xAnon>K. Z.</xAnon>zadała jej cios ręką w twarz, szarpała ją, a następnie <xAnon>I. Z.</xAnon>została popchnięta i przewrócona, <xAnon>K. Z.</xAnon>zadawała jej ciosy rękoma po głowie, złapała ją za włosy i uderzała jej głową o mur, a <xAnon>J. M.</xAnon>i <xAnon>R. M.</xAnon>kopały ją po brzuchu i plecach, a <xAnon>K. Z.</xAnon>uderzyła ją kilkakrotnie ręką w twarz, przez co naraziły <xAnon>I. Z.</xAnon>na bezpośrednie niebezpieczeństwo nastąpienia skutku z <xLexLink xArt="art. 157" xIsapId="WDU19970880553" xTitle="Ustawa z dnia 6 czerwca 1997 r. - Kodeks karny" xAddress="Dz. U. z 1997 r. Nr 88, poz. 553">art. 157 kk</xLexLink>, przy czym w wyniku ciosów zadawanych przez <xAnon>K. Z.</xAnon>, <xAnon>I. Z.</xAnon>doznała obrażeń w postaci podbiegnięć krwawych i obrzęku okolicy obu oczodołów oraz stłuczenia okolicy potylicy, które to obrażenia naruszyły czynności jej ciała na okres poniżej 7 dni, to jest czynu stanowiącego występek w przypadku <xAnon>R. M.</xAnon>i <xAnon>J. M.</xAnon>z <xLexLink xArt="art. 158;art. 158 § 1" xIsapId="WDU19970880553" xTitle="Ustawa z dnia 6 czerwca 1997 r. - Kodeks karny" xAddress="Dz. U. z 1997 r. Nr 88, poz. 553">art. 158 § 1 kk</xLexLink>, a w przypadku <xAnon>K. Z.</xAnon>stanowiącego występek z <xLexLink xArt="art. 158;art. 158 § 1" xIsapId="WDU19970880553" xTitle="Ustawa z dnia 6 czerwca 1997 r. - Kodeks karny" xAddress="Dz. U. z 1997 r. Nr 88, poz. 553">art. 158 § 1 kk</xLexLink> i <xLexLink xArt="art. 157;art. 157 § 2" xIsapId="WDU19970880553" xTitle="Ustawa z dnia 6 czerwca 1997 r. - Kodeks karny" xAddress="Dz. U. z 1997 r. Nr 88, poz. 553">art. 157 § 2 kk</xLexLink> w zw. z <xLexLink xArt="art. 11;art. 11 § 2" xIsapId="WDU19970880553" xTitle="Ustawa z dnia 6 czerwca 1997 r. - Kodeks karny" xAddress="Dz. U. z 1997 r. Nr 88, poz. 553">art. 11 § 2 kk</xLexLink> i za to na podstawie <xLexLink xArt="art. 158;art. 158 § 1" xIsapId="WDU19970880553" xTitle="Ustawa z dnia 6 czerwca 1997 r. - Kodeks karny" xAddress="Dz. U. z 1997 r. Nr 88, poz. 553">art. 158 § 1 kk</xLexLink> wymierzył wobec <xAnon>R. M.</xAnon>i <xAnon>J. M.</xAnon>kary po 5 (pięć) miesięcy pozbawienia wolności i na podstawie <xLexLink xArt="art. 158;art. 158 § 1" xIsapId="WDU19970880553" xTitle="Ustawa z dnia 6 czerwca 1997 r. - Kodeks karny" xAddress="Dz. U. z 1997 r. Nr 88, poz. 553">art. 158 § 1 kk</xLexLink> w zw. z <xLexLink xArt="art. 11;art. 11 § 3" xIsapId="WDU19970880553" xTitle="Ustawa z dnia 6 czerwca 1997 r. - Kodeks karny" xAddress="Dz. U. z 1997 r. Nr 88, poz. 553">art. 11 § 3 kk</xLexLink> wymierzył wobec <xAnon>K. Z.</xAnon>karę 6 (sześciu) miesięcy pozbawienia wolności,</xText>
          <xText>2. na podstawie <xLexLink xArt="art. 69;art. 69 § 1;art. 69 § 2" xIsapId="WDU19970880553" xTitle="Ustawa z dnia 6 czerwca 1997 r. - Kodeks karny" xAddress="Dz. U. z 1997 r. Nr 88, poz. 553">art. 69 § 1 i 2 kk</xLexLink> i <xLexLink xArt="art. 70;art. 70 § 2" xIsapId="WDU19970880553" xTitle="Ustawa z dnia 6 czerwca 1997 r. - Kodeks karny" xAddress="Dz. U. z 1997 r. Nr 88, poz. 553">art. 70 § 2 kk</xLexLink> warunkowo zawiesił wykonanie orzeczonych wobec <xAnon>R. M.</xAnon> i <xAnon>J. M.</xAnon> kar pozbawienia wolności na okres próby wynoszący po 3 (trzy) lata,</xText>
          <xText>3. na podstawie <xLexLink xArt="art. 69;art. 69 § 1;art. 69 § 2" xIsapId="WDU19970880553" xTitle="Ustawa z dnia 6 czerwca 1997 r. - Kodeks karny" xAddress="Dz. U. z 1997 r. Nr 88, poz. 553">art. 69 § 1 i 2 kk</xLexLink> i <xLexLink xArt="art. 70;art. 70 § 1;art. 70 § 1 pkt. 1" xIsapId="WDU19970880553" xTitle="Ustawa z dnia 6 czerwca 1997 r. - Kodeks karny" xAddress="Dz. U. z 1997 r. Nr 88, poz. 553">art. 70 § 1 pkt 1 kk</xLexLink> warunkowo zawiesił wykonanie orzeczonej wobec <xAnon>K. Z.</xAnon> kary pozbawienia wolności na okres próby wynoszący 3 (trzy) lata,</xText>
          <xText>4. na podstawie <xLexLink xArt="art. 46;art. 46 § 2" xIsapId="WDU19970880553" xTitle="Ustawa z dnia 6 czerwca 1997 r. - Kodeks karny" xAddress="Dz. U. z 1997 r. Nr 88, poz. 553">art. 46 § 2 kk</xLexLink> orzekł wobec <xAnon>K. Z.</xAnon>, <xAnon>R. M.</xAnon> i <xAnon>J. M.</xAnon> na rzecz <xAnon>I. Z.</xAnon> nawiązkę w kwotach po 500 zł,</xText>
          <xText>5. na podstawie <xLexLink xArt="art. 73;art. 73 § 2" xIsapId="WDU19970880553" xTitle="Ustawa z dnia 6 czerwca 1997 r. - Kodeks karny" xAddress="Dz. U. z 1997 r. Nr 88, poz. 553">art. 73 § 2 kk</xLexLink><xAnon>R. M.</xAnon> i <xAnon>J. M.</xAnon> oddał w okresie próby pod dozór kuratora,</xText>
          <xText>6. na podstawie <xLexLink xArt="art. 72;art. 72 § 1;art. 72 § 1 pkt. 4" xIsapId="WDU19970880553" xTitle="Ustawa z dnia 6 czerwca 1997 r. - Kodeks karny" xAddress="Dz. U. z 1997 r. Nr 88, poz. 553">art. 72 § 1 pkt 4 kk</xLexLink> zobowiązał <xAnon>K. Z.</xAnon> do wykonywania pracy zarobkowej i zobowiązał <xAnon>R. M.</xAnon> i <xAnon>J. M.</xAnon> do wykonywania pracy zarobkowej lub kontynuowania nauki,</xText>
          <xText>7. zasądził od Skarbu Państwa na rzecz adwokata <xAnon>A. M.</xAnon> kwotę 619, 92 zł, w tym kwotę 115,92 zł stanowiącą stawkę podatku od towarów i usług,</xText>
          <xText>8. zasądził od Skarbu Państwa na rzecz adwokata <xAnon>C. R.</xAnon> kwotę 619,92 zł, w tym kwotę 115,92 zł stanowiącą stawkę podatku od towarów i usług,</xText>
          <xText>9. zasądził od Skarbu Państwa na rzecz adwokata <xAnon>T. Ł.</xAnon> kwotę 619,92 zł, w tym kwotę 115,92 zł stanowiącą stawkę podatku od towarów i usług,</xText>
          <xText>10. na podstawie <xLexLink xArt="art. 624;art. 624 § 1" xIsapId="WDU19970890555" xTitle="Ustawa z dnia 6 czerwca 1997 r. - Kodeks postępowania karnego" xAddress="Dz. U. z 1997 r. Nr 89, poz. 555">art. 624 § 1 kpk</xLexLink> i <xLexLink xArt="art. 17;art. 17 ust. 1" xIsapId="WDU19730270152" xTitle="Ustawa z dnia 23 czerwca 1973 r. o opłatach w sprawach karnych" xAddress="Dz. U. z 1973 r. Nr 27, poz. 152">art. 17 ust. 1 ustawy z dnia 23.06.1973r. o opłatach w sprawach karnych</xLexLink> zwolnił <xAnon>K. Z.</xAnon>, <xAnon>R. M.</xAnon> i <xAnon>J. M.</xAnon> od ponoszenia kosztów sądowych obciążając nimi Skarb Państwa, w tym nie wymierzył im opłat.</xText>
          
          <xText>Apelację od powyższego wyroku wywiódł obrońca oskarżonej <xAnon>J. M.</xAnon>, zaskarżając orzeczenie Sądu I instancji w całości.</xText>
          
          <xText>Skarżący wyrokowi temu zarzucił błąd w ustaleniach faktycznych leżących u podstaw rozstrzygnięcia polegający na bezpodstawnym przyjęciu, iż oskarżona <xAnon>J. M.</xAnon> wzięła udział w pobiciu <xAnon>I. Z.</xAnon> kopiąc ją wraz z siostrą <xAnon>R. M.</xAnon> po plecach i brzuchu, podczas gdy brak jest ku temu ustaleniu wystarczających podstaw, zwłaszcza w świetle braku jakichkolwiek śladów urazów na ciele pokrzywdzonej w dacie inkryminowanego czynu w obrębie tych części ciała, jak też w świetle zeznań świadka <xAnon>S. C.</xAnon> i wyjaśnieniach osób oskarżonych w tej sprawie (<xLexLink xArt="str. 438;pkt. 3" xIsapId="WDU19970890555" xTitle="Ustawa z dnia 6 czerwca 1997 r. - Kodeks postępowania karnego" xAddress="Dz. U. z 1997 r. Nr 89, poz. 555">str. 438 pkt 3 kpk</xLexLink>).</xText>
          <xText>Stawiając zarzut obrońca oskarżonej wniósł o zmianę zaskarżonego wyroku poprzez orzeczenie uniewinnienia oskarżonej <xAnon>J. M.</xAnon> od przypisanej jej winy z <xLexLink xArt="art. 58;art. 58 § 1" xIsapId="WDU19970880553" xTitle="Ustawa z dnia 6 czerwca 1997 r. - Kodeks karny" xAddress="Dz. U. z 1997 r. Nr 88, poz. 553">art. 58 § 1 kk</xLexLink>.</xText>
          
          <xText>
            <xBx>Sąd Okręgowy zważył, co następuje:</xBx>
          </xText>
          
          <xText>Apelacja obrońcy oskarżonej <xAnon>J. M.</xAnon> okazała się zasadna o tyle, że doprowadziła do zmiany zaskarżonego wyroku w zakresie rozstrzygnięcia o karze.</xText>
          <xText>W pierwszej kolejności wskazać należy na treść <xLexLink xArt="art. 433;art. 433 § 1" xIsapId="WDU19970890555" xTitle="Ustawa z dnia 6 czerwca 1997 r. - Kodeks postępowania karnego" xAddress="Dz. U. z 1997 r. Nr 89, poz. 555">art. 433 § 1 k.p.k.</xLexLink> zgodnie z którym Sąd Odwoławczy rozpoznaje sprawę w granicach środka odwoławczego a w zakresie szerszym o tyle o ile ustawa to przewiduje. Te wyjątki to między innymi bezwzględne podstawy uchylenia orzeczenia opisane w <xLexLink xArt="art. 439;art. 439 § 1" xIsapId="WDU19970890555" xTitle="Ustawa z dnia 6 czerwca 1997 r. - Kodeks postępowania karnego" xAddress="Dz. U. z 1997 r. Nr 89, poz. 555">art. 439 § 1 k.p.k.</xLexLink> W ocenie Sądu Okręgowego żadna z wymienionych w rzeczonym przepisie okoliczności w niniejszej sprawie nie zachodziła, w związku z czym w Sąd Okręgowy poruszał się w granicach wywiedzionej apelacji.</xText>
          <xText>Tytułem uwag ogólnych, zważyć również należało, iż zdaniem Sądu II instancji, w następstwie uprzedniego przekazania sprawy Sądowi I instancji do ponownego rozpoznania dotychczasowe uchybienia związane <xIx>in concreto</xIx> z dokonaniem właściwej i wszechstronnej, a przy tym odpowiadającej dyspozycji <xLexLink xArt="art. 7" xIsapId="WDU19970890555" xTitle="Ustawa z dnia 6 czerwca 1997 r. - Kodeks postępowania karnego" xAddress="Dz. U. z 1997 r. Nr 89, poz. 555">art. 7 k.p.k.</xLexLink> oceny dowodów zostały skorygowane. Sąd Rejonowy czyniąc zadość standardom związanym ze wskazaną wyżej oceną dowodów, w sposób pewny i precyzyjny zrekonstruował stan faktyczny inkryminowanego zdarzenia poddanego osądowi w przedmiotowym postępowaniu. Nadmienić przy tym trzeba, że orzeczenie Sądu Rejonowego zostało prawidłowo uzasadnione w świetle <xLexLink xArt="art. 424;art. 424 § 1" xIsapId="WDU19970890555" xTitle="Ustawa z dnia 6 czerwca 1997 r. - Kodeks postępowania karnego" xAddress="Dz. U. z 1997 r. Nr 89, poz. 555">art. 424 § 1 k.p.k.</xLexLink>, co pozwoliło Sądowi Okręgowemu na przeprowadzenie dogłębnej kontroli odwoławczej zaskarżonego wyroku.</xText>
          <xText>W świetle powyższego stwierdzić trzeba, że nie sposób dostrzec zasadności zarzutu postawionego w wywiedzionej przez obrońcę oskarżonej <xAnon>J. M.</xAnon> apelacji wskazującego na błędy w ustaleniach faktycznych leżących u podstaw zapadłego rozstrzygnięcia. Brak trafności tegoż zarzutu jest wręcz rażący, o czym świadczy lektura pisemnych motywów wyroku. W nich to bowiem Sąd <xIx>meriti</xIx> przedstawiając proces myśleniowy, który doprowadził do dojścia do prawdy materialnej, w sposób przekonujący, a przy tym oparty na wnioskach i ustaleniach płynących z rzetelnej oceny dowodów, prawidłowo ustalił sprawstwo i winę oskarżonej w zakresie czynu przypisanego jej wyrokiem, a zakwalifikowanego z <xLexLink xArt="art. 158" xIsapId="WDU19970880553" xTitle="Ustawa z dnia 6 czerwca 1997 r. - Kodeks karny" xAddress="Dz. U. z 1997 r. Nr 88, poz. 553">art. 158 k.k.</xLexLink> i <xLexLink xArt="art. 157;art. 157 § 2" xIsapId="WDU19970880553" xTitle="Ustawa z dnia 6 czerwca 1997 r. - Kodeks karny" xAddress="Dz. U. z 1997 r. Nr 88, poz. 553">art. 157 § 2 k.k.</xLexLink> w zw. z <xLexLink xArt="art. 11;art. 11 § 2" xIsapId="WDU19970880553" xTitle="Ustawa z dnia 6 czerwca 1997 r. - Kodeks karny" xAddress="Dz. U. z 1997 r. Nr 88, poz. 553">art. 11 § 2 k.k.</xLexLink> Treść apelacji obrońcy nie mogła zatem skutecznie zdeprecjonować stanowiska, jakie zajął Sąd Rejonowy, tym bardziej, iż ferowany zarzut błędu w ustaleniach faktycznych, który powinien wskazywać nieprawidłowości w rozumowaniu sądu w zakresie istotnych ustaleń oraz konkretne wady w samym sposobie dochodzenia do określonych ocen, przemawiające w zasadniczy sposób przeciwko dokonanemu rozstrzygnięciu, ograniczył się w istocie li tylko do samej, noszącej przymiot gołosłowności, polemiki z treścią pisemnych motywów skarżonego wyroku. Sama natomiast możliwość przeciwstawienia ustaleniom sądu odmiennego poglądu nie wystarcza do przyjęcia wniosku o popełnieniu przez sąd istotnego błędu w czynionych ustaleniach – wszak odmienna ocena jest naturalnie prawem apelującego.</xText>
          <xText>Przechodząc do szczegółowych rozważań w zakresie oceny źródeł dowodowych, jakimi dysponował Sąd pierwszej instancji, które zostały przez ów Sąd poddane weryfikacji, zarówno indywidualnej, jak i na tle pozostałego zgromadzonego w sprawie materiału dowodowego, podnieść na wstępie trzeba, iż z uwagi na charakter sprawy (istnienie konfliktu pomiędzy pokrzywdzoną <xAnon>I. Z.</xAnon>, a oskarżonymi) i wyszczególnienie dwóch, przeciwstawnych co do treści grup dowodów, szczególnego znaczenia nabrała znaczenia zasada bezpośredniości. Sąd pierwszej instancji dążąc do poczynienia prawdziwych ustaleń, wszystkie kluczowe dla rozstrzygnięcia sprawy dowody osobowe przeprowadził bezpośrednio na rozprawie głównej, miał bezpośredni z nimi kontakt w toku realizacji czynności dowodowych, oceniał złożone przez oskarżonych wyjaśnienia (oraz zeznania świadków) kierując się zarówno ich treścią, jak też własnymi spostrzeżeniami i wrażeniami wynikającymi z zachowania się osób przesłuchiwanych, ich reakcji mentalnych na zadawane pytania, postawy w toku realizowanej czynności przesłuchania i stosunku do tej czynności. Gdyby zatem Sąd Rejonowy– korzystając z zasady bezpośredniości – dostrzegł jakiekolwiek działania ze strony którejkolwiek z przesłuchiwanych osób, które nosiłoby cechy bezpodstawnego pomówienia, to przełożyłoby się w dalszej kolejności na ocenę wiarygodności tego źródła dowodowego i znalazłoby odzwierciedlenie tak w wyroku, jak i jego pisemnym uzasadnieniu.</xText>
          <xText>Koncentrując się na dowodzie z wyjaśnień oskarżonej <xAnon>J. M.</xAnon>zważyć raz jeszcze trzeba, iż ocena tego dowodu została dokonana z zachowaniem zasad i w granicach wynikających oraz wyznaczonych przez <xLexLink xArt="art. 7" xIsapId="WDU19970890555" xTitle="Ustawa z dnia 6 czerwca 1997 r. - Kodeks postępowania karnego" xAddress="Dz. U. z 1997 r. Nr 89, poz. 555">art. 7 k.p.k.</xLexLink>, co czyni ją niepodważalną. O braku wiarygodności zdecydowała nie tylko treść zeznań <xAnon>I. Z.</xAnon>, na którym to dowodzie skoncentrował swoją uwagę apelujący, ale także inne dowody, które w kontekście rozpoznawanej sprawy noszą cechę obiektywizmu. <xIx>In concreto</xIx> wskazać należy, iż <xAnon>J. M.</xAnon>w swych wyjaśnieniach zaprzeczyła, aby ona, czy pozostałe oskarżone (<xAnon>R. M.</xAnon>, <xAnon>K. Z.</xAnon>) miały w dniu zdarzenia spożywać alkohol i być pod jego działaniem. <xAnon>J. M.</xAnon>zaprzeczyła także temu, że „<xIx> ktoś z naszej trójki zadawał ciosy <xAnon>I.</xAnon></xIx>”, podnosząc również, iż „<xIx> nie było takiej sytuacji, żeby ktoś uderzał głową <xAnon>I.</xAnon>o cokolwiek, w tym o ścianę, czy mur</xIx>” (k.323). Tymczasem z treści zeznań <xAnon>J. P.</xAnon>wprost wynika, iż znana świadkowi <xAnon>K. Z.</xAnon>biła pokrzywdzoną, w tym „<xIx> uderzała ją raz czy dwa głową w mur</xIx>”, co więcej ów świadek zeznał, iż „<xIx> po <xAnon>K. Z.</xAnon>było widać, że jest wyp</xIx>ita” (k.16v-17). Zeznaniom tego świadka autor apelacji nie poświęcił żadnej uwagi, a zatem nie podważył ich treści, mimo, iż pozostawała ona w wyraźnej opozycji wobec wyjaśnień oskarżonej <xAnon>J. M.</xAnon>, która w czasie przesłuchania (podobnie, jak <xAnon>K. Z.</xAnon>i <xAnon>R. M.</xAnon>) składała takiej treści wyjaśnienia, które miały uchronić ją samą oraz jej towarzyszki (siostrę i koleżankę) przed odpowiedzialnością karną za zaistniałe zdarzenie. Podobnie, jak w przypadku zeznań <xAnon>J. P.</xAnon>, należało odwołać się do zeznań <xAnon>M. G.</xAnon>(obrońca także nie zakwestionował waloru wiarygodności tego dowodu), których treść także obala wersję lansowaną przez <xAnon>J. M.</xAnon>z jednej strony, korelując z tą, jaka wyłania się z zeznań <xAnon>I. Z.</xAnon>(„<xIx> nie było takiej sytuacji, żeby którakolwiek z oskarżonych ani razu nie tknęła w czasie zdarzenia <xAnon>I.</xAnon>. Każda z nich przynajmniej przez chwilę ją atakowała.., teraz to sobie przypominam uderzenie głowy <xAnon>I.</xAnon>przez <xAnon>K.</xAnon>o ścianę</xIx>”, k.359v-360v). Wreszcie, przywołanym wyżej wyjaśnieniom oskarżonej przeczy treść zeznań <xAnon>S. C.</xAnon>, której zeznania korespondują z zeznaniami wskazanych wyżej świadków (k.19v, k.144-145, k.317v-318v).</xText>
          <xText>Poprzez przywołanie wskazanych osobowych źródeł dowodowych, dowiedziono, że w kluczowych dla rozstrzygnięcia sprawy kwestiach, to zeznania <xAnon>I. Z.</xAnon>, nie zaś wyjaśnienia <xAnon>J. M.</xAnon> polegają na prawdzie i są wiarygodne. W tym stanie rzeczy, Sąd Okręgowy, podobnie, jak Sąd Rejonowy nie znajduje żadnych przesłanek ku temu, aby dokonać odmiennej oceny tej treści dowodu z kwestionowanych w apelacji zeznań pokrzywdzonej, które odnosiły się do okoliczności związanych z zadawaniem kopnięć przez oskarżoną (wraz z <xAnon>R. M.</xAnon>) po plecach i brzuchu <xAnon>I. Z.</xAnon>. Dążąc do zdyskredytowania zeznań pokrzywdzonej w tej materii, skarżący obrońca skoncentrował się <xIx>in concreto</xIx> na tym, iż z dokumentacji lekarskiej <xAnon>I. Z.</xAnon> nie wynika, aby doznała ona jakichkolwiek obrażeń ciała w okolicy tych części ciała, w które miałaby zadawać uderzenia oskarżona. Sąd Odwoławczy nie kwestionuje takiego stanu rzeczy. Nie podważał tego również Sąd pierwszej instancji, który poświęcił temuż zagadnieniu szczególną uwagę, wskazując w pisemnych motywach wyroku, jakie były przyczyny braku owych obrażeń na ciele pokrzywdzonej (vide: strona 4-5 uzasadnienia wyroku). Mając na względzie, iż rolą i zadaniem Sądu Okręgowego, jako Sądu II instancji nie jest dokonywanie po raz kolejny oceny dowodów i czynienie ustaleń faktycznych, a „jedynie” kontrola odnośnie respektowania przez Sąd I instancji zasad i reguł rządzących ową oceną dowodów, która stanowi kanwę dla tychże ustaleń, stwierdzić trzeba, iż Sąd Odwoławczy w pełni aprobuje wnioski i ustalenia Sądu Rejonowego w omawianej materii, przyjmując je, jako własne, co czyni zbędnym ponowne ich omawianie. Dygresje autora apelacji w tym zakresie, są niczym innym, jak próbą podważenia stanowiska zajętego i wyrażonego przez Sąd <xIx>meriti</xIx>, która sprowadza się jednakże li tylko do polemiki, nie zaś rzeczowej dyskusji z pisemnym uzasadnieniem skarżonego wyroku.</xText>
          <xText>Idąc dalej, nie można nie oprzeć się przekonaniu, iż apelujący obrońca uzasadniając złożenie przez <xAnon>I. Z.</xAnon>zeznań obciążających oskarżoną, koncentruje swoją uwagę na konflikcie z oskarżoną, co miało determinować pokrzywdzoną do sprowadzenia na <xAnon>J. M.</xAnon>odpowiedzialności karnej. Powielając raz jeszcze te wskazane już wyżej rozważania odnośnie zasady bezpośredniości, warto zwrócić uwagę, iż <xAnon>I. Z.</xAnon>nie dążyła „za wszelką cenę” do ukazania oskarżonej, jako osoby agresywnej czy brutalnej. Wymowna jest bowiem ta treść zeznań pokrzywdzonej, gdy wskazuje, iż „<xIx> to były pojedyncze kopnięcia. Mam tu na myśli to, że nie było tak, że cały czas ktoś mnie tak kopał, tylko takie co chwileczkę kopnięcia</xIx>” (k.326). Gdyby zatem przyjąć tok rozumowania autora apelacji, iż pokrzywdzona nastawiona byłaby na spotęgowanie roli oskarżonej w zdarzeniu i obarczenie jej większą odpowiedzialnością, czemu przywołany fragment jej zeznań kategorycznie zaprzecza. Wreszcie, o tym, iż <xAnon>I. Z.</xAnon>została pobita przez oskarżoną świadczy treść niekwestionowanych w apelacji, a wskazanych już wyżej, zeznań <xAnon>M. G.</xAnon>: „<xIx> w pewnym momencie <xAnon>I.</xAnon>upadła na ziemię wtedy do nich podeszły siostry <xAnon>M.</xAnon>i razem z <xAnon>K.</xAnon>kopały <xAnon>I.</xAnon>nogami</xIx>” (k.15v, k.194v), jak i treść zeznań <xAnon>S. C.</xAnon>, której pokrzywdzona zrelacjonowała przebieg zdarzenia, w którym ów świadek nie brała już udziału i nie była jego obserwatorem, bezpośrednio to pobiciu: „<xIx> ona powiedziała, ze była taka sytuacja, ze dziewczyny ją kopały…, mówiła, ze pobiły ją siostry <xAnon>M.</xAnon></xIx>” (k.338). W tym miejscu podnieść trzeba, iż podjęte przez autora apelacji próby obalenia wiarygodności zeznań <xAnon>I. Z.</xAnon>, a przydanie tegoż waloru wyjaśnieniom <xAnon>J. M.</xAnon>, poprzez posługiwanie się fragmentami zeznań <xAnon>S. C.</xAnon>, w których wskazuje ona, iż w pewnym momencie sytuacja się uspokoiła i dziewczyny nie przejawiały agresji fizycznej, nie tylko nie przekonują Sądu Okręgowego, ale świadczą o powierzchownym i wybiórczym posługiwaniem się treścią tegoż dowodu dla własnych potrzeb przez skarżącego. To, że <xAnon>S. C.</xAnon>oddaliła się z miejsca zdarzenia, po tym, jak „<xIx> było spokojnie</xIx>” (k.337v), nie dowodzi w żaden sposób, iż dalszy przebieg zdarzenia nie był taki, jak wynika to z zeznań <xAnon>I. Z.</xAnon>, skoro taki stan rzeczy wynika również z korelujących z nimi zeznań <xAnon>J. P.</xAnon>czy <xAnon>M. G.</xAnon>, o czym zdaje się zapominać (lub czego nie dostrzega tego) apelujący.</xText>
          <xText>Konkludując, gdyby chcieć w sposób ogólny spuentować apelację obrońcy oskarżonej pokusić należałoby się o konkluzję, iż można stworzyć wiele hipotetycznych wersji przebiegu zdarzenia i zależnie od subiektywnie przyjmowanych założeń logicznych i kryteriów oceny, wzajemnie je przeciwstawiać lub wykazywać ich odmienny stopień wiarygodności i tak właśnie uczynił autor apelacji. Rzecz jednak nie w tym, aby taką abstrakcyjną, czy hipotetyczną wersję skonstruować (nawet w powiązaniu z konkretnymi okolicznościami sprawy), a następnie w oparciu o nią wykazywać, że skoro i taka wersja jest możliwa, to dokonana przez sąd ocena dowodów i oparte na nich ustalenia włączone do podstawy wyroku noszą cechę dowolności. Błąd takiego rozumowania polega na ignorowaniu dyrektyw zasady swobodnej oceny dowodów. Ocena dowodów i dokonane w jej rezultacie ustalenia faktyczne dokonane przez sąd <xIx>meriti</xIx> w toku rozprawy głównej, mogą być skutecznie zakwestionowane, a ich poprawność zdyskwalifikowana, wtedy dopiero, gdyby w procedurze dochodzenia do nich sąd rzeczywiście uchybił dyrektywom <xLexLink xArt="art. 7" xIsapId="WDU19970890555" xTitle="Ustawa z dnia 6 czerwca 1997 r. - Kodeks postępowania karnego" xAddress="Dz. U. z 1997 r. Nr 89, poz. 555">art. 7 k.p.k.</xLexLink>, <xLexLink xArt="art. 4" xIsapId="WDU19970890555" xTitle="Ustawa z dnia 6 czerwca 1997 r. - Kodeks postępowania karnego" xAddress="Dz. U. z 1997 r. Nr 89, poz. 555">art. 4 k.p.k.</xLexLink>, <xLexLink xArt="art. 2;art. 2 § 2" xIsapId="WDU19970890555" xTitle="Ustawa z dnia 6 czerwca 1997 r. - Kodeks postępowania karnego" xAddress="Dz. U. z 1997 r. Nr 89, poz. 555">art. 2 § 2 k.p.k.</xLexLink>, czy <xLexLink xArt="art. 5;art. 5 § 2" xIsapId="WDU19970890555" xTitle="Ustawa z dnia 6 czerwca 1997 r. - Kodeks postępowania karnego" xAddress="Dz. U. z 1997 r. Nr 89, poz. 555">art. 5 § 2 k.p.k.</xLexLink>, pominął istotne w sprawie dowody lub oparł się na dowodach na rozprawie nieujawnionych, sporządził uzasadnienie niezrozumiałe, nadmiernie lapidarne, wewnętrznie sprzeczne bądź sprzeczne z regułami logicznego rozumowania, wyłączające możliwość merytorycznej oceny kontrolno-odwoławczej. Skoro z taką sytuacją nie mamy do czynienia, to apelacja skarżącego obrońcy nie mogła zasługiwać na uwzględnienie.</xText>
          <xText>Odnosząc się natomiast do kwestii kary orzeczonej wobec oskarżonej <xAnon>J. M.</xAnon> za przypisany jej występek, co nie było przedmiotem zarzutów apelacji (<xLexLink xArt="art. 447;art. 447 § 1" xIsapId="WDU19970890555" xTitle="Ustawa z dnia 6 czerwca 1997 r. - Kodeks postępowania karnego" xAddress="Dz. U. z 1997 r. Nr 89, poz. 555">art. 447 § 1 k.p.k.</xLexLink>), stwierdzić należy, iż w świetle <xLexLink xArt="art. 438;art. 438 pkt. 4" xIsapId="WDU19970890555" xTitle="Ustawa z dnia 6 czerwca 1997 r. - Kodeks postępowania karnego" xAddress="Dz. U. z 1997 r. Nr 89, poz. 555">art. 438 pkt 4 k.p.k.</xLexLink>, ta część orzeczenia ostać się nie mogła. W świetle ukształtowanego orzecznictwa sądów i poglądów doktryny, rażąca niewspółmierność kary zachodzi tylko wówczas, gdy na podstawie ujawnionych okoliczności, które powinny mieć zasadniczy wpływ na wymiar kary, można przyjąć, że zachodzi wyraźna - nie dająca się zaakceptować - różnica między karą wymierzoną przez sąd pierwszej instancji a karą, jaką należałoby wymierzyć w następstwie prawidłowego zastosowania w sprawie dyrektyw wymiaru kary przewidzianych w <xLexLink xArt="art. 53" xIsapId="WDU19970880553" xTitle="Ustawa z dnia 6 czerwca 1997 r. - Kodeks karny" xAddress="Dz. U. z 1997 r. Nr 88, poz. 553">art. 53 k.k.</xLexLink> (<xIx>vide: wyrok SN sygn. III KR 254/73, OSNPG 1974/3-4/51; wyrok Sądu Apelacyjnego w Krakowie z dnia 21 września 2000 r., KZS 2000/10/37</xIx>). Przypomnienia wymaga nadto, że zmiana orzeczonej kary (rodzaju, wysokości) mogłaby w postępowaniu odwoławczym nastąpić jedynie wówczas, gdyby kara ta jawiła się, jako „rażąco niewspółmierna”, co odczytywać dosłownie i jednoznacznie należy, jako cechę kary, która istotnie przez swą niewspółmierność - jak to się określa - bije w oczy, oślepia (<xIx>vide: wyrok Sądu Apelacyjnego z dnia 28 października 2011 r. sygn. akt II AKa 216/11, KZS 2011/11/57 oraz z dnia 28 maja 2010 r. sygn. akt II AKa 82/10, KZS 2010/6/45; wyrok Sądu Najwyższego z dnia 22 października 2007 r. sygn. akt SNO 75/07, LEX nr 569073</xIx>).</xText>
          <xText>Mając powyższe na uwadze, zważyć należy, iż w ocenie Sądu Okręgowego, gdy prawidłowo uwzględni się i rozważy wszystkie okoliczności podmiotowo-przedmiotowe niniejszej sprawy związane z osobą oskarżonej <xAnon>J. M.</xAnon> i odniesie się je do wspomnianych ustawowych dyrektyw i zasad wymiaru kary, przedstawione zaskarżonym wyrokiem stanowisko Sądu I instancji odnośnie rozstrzygnięcia o karze nie mogło zyskać aprobaty Sądu Odwoławczego.</xText>
          <xText>Gdy mieć na względzie ustalony przez Sąd <xIx>meriti</xIx>, jako „<xIx>mniej niż znaczny</xIx>” stopień winy i stopień szkodliwości społecznej czynu, brak dotychczasowej karalności oskarżonej, rolę <xAnon>J. M.</xAnon> w zdarzeniu (zadanie kilku kopnięć, które nie skutkowały żadnymi obrażeniami ciała), a także szczególną dyrektywę wymiaru kary wskazaną w <xLexLink xArt="art. 54" xIsapId="WDU19970880553" xTitle="Ustawa z dnia 6 czerwca 1997 r. - Kodeks karny" xAddress="Dz. U. z 1997 r. Nr 88, poz. 553">art. 54 k.k.</xLexLink>, w ocenie Sądu Okręgowego istnieją wszelkie przesłanki (również formalne) ku temu, aby kierując się potrzebą wychowawczego oddziaływania, zamiast kary, zastosować środek probacyjny przewidziany w <xLexLink xArt="art. 66" xIsapId="WDU19970880553" xTitle="Ustawa z dnia 6 czerwca 1997 r. - Kodeks karny" xAddress="Dz. U. z 1997 r. Nr 88, poz. 553">art. 66 k.k.</xLexLink> (i nast.) w postaci warunkowego umorzenia postępowania. Zdaniem Sądu Odwoławczego takie rozstrzygnięcie o karze jest wystarczające i adekwatne z punktu widzenia wskazanych wyżej okoliczności przedmiotowej sprawy, ale – co ważniejsze – celowe z punktu widzenia prewencji indywidualnej. Pomimo nie wymierzenia kary za przestępstwo, wedle Sądu II instancji, oskarżona w należyty sposób zrozumie naganność swego postępowania i nie będzie w przyszłości wchodzić w konflikt z prawem. Przewidziany w <xLexLink xArt="art. 67;art. 67 § 1" xIsapId="WDU19970880553" xTitle="Ustawa z dnia 6 czerwca 1997 r. - Kodeks karny" xAddress="Dz. U. z 1997 r. Nr 88, poz. 553">art. 67 § 1 k.k.</xLexLink> okres próby w wymiarze 2 lat jawi się, jako niezbędny i wystarczający do zweryfikowania przyjętej pozytywnej prognozy kryminologicznej wobec oskarżonej. Rozstrzygnięcie takie uzasadnione jest rodzajem naruszonego dobra prawnego oraz skutkami popełnionego czynu. Dla wzmocnienia efektów wychowawczych (jak i zapobiegawczych) probacyjnego charakteru warunkowego umorzenia, Sąd Okręgowy w oparciu o treść <xLexLink xArt="art. 67;art. 67 § 2;art. 67 § 3" xIsapId="WDU19970880553" xTitle="Ustawa z dnia 6 czerwca 1997 r. - Kodeks karny" xAddress="Dz. U. z 1997 r. Nr 88, poz. 553">art. 67 § 2 i 3 k.k.</xLexLink> oddał oskarżoną pod dozór kuratora, zobowiązał do kontynuowania nauki oraz zasądził od oskarżonej na rzecz <xAnon>I. Z.</xAnon> nawiązkę w kwocie 100 złotych.</xText>
          <xText>Sąd Okręgowy w pozostałej części zaskarżony wyrok, jako prawidłowy utrzymał w mocy.</xText>
          <xText>Wobec ustanowienia oskarżonej <xAnon>J. M.</xAnon> obrońcy z urzędu Sąd Okręgowy na podstawie <xLexLink xArt="art. 29;art. 29 ust. 1" xIsapId="WDU19820160124" xTitle="Ustawa z dnia 26 maja 1982 r. - Prawo o adwokaturze" xAddress="Dz. U. z 1982 r. Nr 16, poz. 124">art. 29 ust. 1 ustawy – Prawo o adwokaturze</xLexLink> zasądził od Skarbu Państwa na rzecz adw. <xAnon>A. M.</xAnon> wynagrodzenie tytułem kosztów nieopłaconej obrony z urzędu w postępowaniu odwoławczym. Wysokość zasądzonej kwoty Sąd ustalił na podstawie <xLexLink xArt="§ 14;§ 14 ust. 2;§ 14 ust. 2 pkt. 4" xIsapId="WDU20021631348" xTitle="Rozporządzenie Ministra Sprawiedliwości z dnia 28 września 2002 r. w sprawie opłat za czynności adwokackie oraz ponoszenia przez Skarb Państwa kosztów nieopłaconej pomocy prawnej udzielonej z urzędu" xAddress="Dz. U. z 2002 r. Nr 163, poz. 1348">§ 14 ust. 2 pkt 4 Rozporządzenia Ministra Sprawiedliwości z dnia 28 września 2002 r. w sprawie opłat za czynności adwokackie oraz ponoszenia przez Skarb Państwa kosztów nieopłaconej pomocy prawnej udzielonej z urzędu</xLexLink>. Powołane przepisy określają stawkę minimalną za obronę przed sądem okręgowym jako drugą instancją, która wynosi 420 zł; kwotę tę uzupełniono o 96,60 zł tytułem 23% stawki podatku od towarów i usług, którym obciążone są usługi adwokata.</xText>
          <xText>Wobec ustanowienia oskarżycielce posiłkowej <xAnon>A. S.</xAnon> pełnomocnika z urzędu Sąd Okręgowy na podstawie <xLexLink xArt="art. 29;art. 29 ust. 1" xIsapId="WDU19820160124" xTitle="Ustawa z dnia 26 maja 1982 r. - Prawo o adwokaturze" xAddress="Dz. U. z 1982 r. Nr 16, poz. 124">art. 29 ust. 1 ustawy – Prawo o adwokaturze</xLexLink> zasądził od Skarbu Państwa na rzecz obrońcy – adw. <xAnon>T. Ł.</xAnon> wynagrodzenie tytułem zwrotu kosztów zastępstwa procesowego z urzędu w postępowaniu odwoławczym. Wysokość zasądzonej kwoty (420 złotych) Sąd ustalił na podstawie <xLexLink xArt="§ 14;§ 14 ust. 2;§ 14 ust. 2 pkt. 4" xIsapId="WDU20021631348" xTitle="Rozporządzenie Ministra Sprawiedliwości z dnia 28 września 2002 r. w sprawie opłat za czynności adwokackie oraz ponoszenia przez Skarb Państwa kosztów nieopłaconej pomocy prawnej udzielonej z urzędu" xAddress="Dz. U. z 2002 r. Nr 163, poz. 1348">§ 14 ust. 2 pkt 4</xLexLink> i <xLexLink xArt="" xIsapId="WDU20021631348" xTitle="Rozporządzenie Ministra Sprawiedliwości z dnia 28 września 2002 r. w sprawie opłat za czynności adwokackie oraz ponoszenia przez Skarb Państwa kosztów nieopłaconej pomocy prawnej udzielonej z urzędu" xAddress="Dz. U. z 2002 r. Nr 163, poz. 1348">Rozporządzenia Ministra Sprawiedliwości z dnia 28 września 2002 r. w sprawie opłat za czynności adwokackie oraz ponoszenia przez Skarb Państwa kosztów nieopłaconej pomocy prawnej udzielonej z urzędu</xLexLink>.</xText>
          <xText><xAnon>J. M.</xAnon> jest osobą uczącą się, pozostającą na utrzymaniu rodziców, nie posiadającą majątku, co powoduje, że zdaniem Sądu Odwoławczego nie byłaby w stanie ponieść kosztów sądowych za postępowanie odwoławcze. Na mocy <xLexLink xArt="art. 624;art. 624 § 1" xIsapId="WDU19970890555" xTitle="Ustawa z dnia 6 czerwca 1997 r. - Kodeks postępowania karnego" xAddress="Dz. U. z 1997 r. Nr 89, poz. 555">art. 624 § 1 kpk</xLexLink> w zw. z <xLexLink xArt="art. 634" xIsapId="WDU19970890555" xTitle="Ustawa z dnia 6 czerwca 1997 r. - Kodeks postępowania karnego" xAddress="Dz. U. z 1997 r. Nr 89, poz. 555">art. 634 kpk</xLexLink> i <xLexLink xArt="art. 17;art. 17 ust. 1" xIsapId="WDU19730270152" xTitle="Ustawa z dnia 23 czerwca 1973 r. o opłatach w sprawach karnych" xAddress="Dz. U. z 1973 r. Nr 27, poz. 152">art. 17 ust. 1 ustawy z 23 czerwca 1973 roku o opłatach w sprawach karnych</xLexLink> z późniejszymi zmianami zwolniono oskarżoną od zapłaty tych kosztów obciążając nimi Skarb Państwa.</xText>
          
          <xText>Wyk. J.K.</xText>
        </xUnit>
      </xBlock>
    </xPart>
  </judgement>
<judgement id="155025000000503_I_C_001019_2012_Uz_2013-05-16_001">
    <xPart xEditorFullName="Iwona Gertrudziak" xYear="2012" xLang="PL" xPublisherFullName="Iwona Gertrudziak" xFromPg="1" xEditor="igertrudziak" xVolType="15/502500/0000503/C" xPublisher="igertrudziak" xDocType="Uz" xVolNmbr="001019" xVersion="1.0" xToPage="7" xFlag="published">
      <xName>Wyrok+Uzasadnienie</xName>
      <xBlock>
        <xText>
          <xBx>Sygn. akt I C 1019/12</xBx>
        </xText>
        
        <xUnit xIsTitle="true" xBold="true" xType="part">
          <xName>WYROK</xName>
          <xTitle>W IMIENIU RZECZYPOSPOLITEJ POLSKIEJ</xTitle>
          <xText xALIGNx="right"> Dnia 18 kwietnia 2013 r.</xText>
          
          <xText>Sąd Okręgowy we Wrocławiu Wydział I Cywilny</xText>
          <xText>w składzie następującym:</xText>
          <xText>Przewodniczący : <xBx>SSO Dorota Stawicka-Moryc</xBx></xText>
          <xText>Protokolant : Robert Purchalak</xText>
          <xText>po rozpoznaniu na rozprawie w dniu 18 kwietnia 2013 r. we Wrocławiu</xText>
          <xText>
            <xBx>sprawy z powództwa <xAnon>I. K.</xAnon></xBx>
          </xText>
          <xText>
            <xBx>przeciwko <xAnon>J. D.</xAnon></xBx>
          </xText>
          <xText>
            <xBx>o zapłatę</xBx>
          </xText>
          
          <xText>utrzymuje w całości nakaz zapłaty wydany w postępowaniu nakazowym z dnia 11 kwietnia 2012 r., sygn. akt I Nc 217/12.</xText>
        </xUnit>
        <xUnit xIsTitle="true" xBold="true" xType="part">
          <xName>UZASADNIENIE</xName>
          <xText>Powódka <xAnon>I. K.</xAnon> domagała się orzeczenia nakazem zapłaty w postępowaniu nakazowym, aby pozwany <xAnon>J. D.</xAnon> zapłacił na jej rzecz kwotę 100.000 zł wraz z odsetkami umownymi w wysokości 6% w skali roku liczonymi od dnia 3 grudnia 2009 roku do dnia zapłaty.</xText>
          <xText>W uzasadnieniu podała, że w 2009 roku zawarła z pozwanym umowę pożyczki, mocą której pożyczyła pozwanemu kwotę 100.000 zł. Powyższe pozwany stwierdził na piśmie. Powódka uzasadniła swoje żądanie zawartą z pozwanym umową pożyczki, w której stwierdzono termin zwrotu pożyczki oraz wysokość odsetek umownych za opóźnienie w zwrocie. Pozwany zobowiązał się do zwrotu pożyczki w terminie 6 miesięcy od podpisania oświadczenia o pożyczce z dnia 2 grudnia 2009 roku, nie wywiązał się jednak z zobowiązania. Powódka wskazała, że po terminie wymagalności wielokrotnie ustnie wzywała pozwanego do zwrotu kwoty pożyczki, a pozwany wielokrotnie deklarował, że zwróci zaciągniętą pożyczkę. Pismem z 12 marca 2012 r. powódka wezwała pozwanego do zapłaty, jednak bezskutecznie.</xText>
          
          <xText>Nakazem zapłaty w postępowaniu nakazowym z 11 kwietnia 2012 r. Sąd uwzględnił w całości żądanie pozwu, a ponadto zasądził od pozwanego na rzecz powódki kwotę 4.867 zł tytułem zwrotu kosztów zastępstwa procesowego.</xText>
          <xText>W zarzutach od powyższego nakazu zapłaty pozwany wniósł o jego uchylenie i oddalenie powództwa oraz zasądzenie kosztów procesu. Przyznał, że zna powódkę, zaprzeczył jednak, jakoby kiedykolwiek zawarł z powódką umowę pożyczki na kwotę 100.000 zł. Oświadczył ponadto, że kwotę 100.000 złotych przyjął od powódki z zamiarem przeznaczenia jej na inwestycję w <xAnon>W.</xAnon>, w które powódka chciała zainwestować, zaś dokument nazwany „pożyczką” nie jest potwierdzeniem pożyczki, a jedynie ” pokwitowaniem z którego wynikała spłata kapitału powódki z kwot uzyskanych z zysków z poszczególnych dostaw przed podziałem kolejnych zysków według ustalonego klucza”.</xText>
          
          <xText xALIGNx="center">
            <xBx>Sąd ustalił następujące okoliczności faktyczne : </xBx>
          </xText>
          <xText>Powódka <xAnon>I. K.</xAnon>wielu lat utrzymywała kontakty przyjacielskie z pozwanym. Wcześniej już kilka razy pozwany pożyczał od powódki pewne kwoty pieniędzy, z których częściowo się wywiązał w terminie.</xText>
          <xText>/dowód: - przesłuchanie świadka <xAnon>A. K.</xAnon> e- protokół rozprawy z dnia 12.03.2013 r. od 00:05:03 do 00:05:49, od 00:08:01 do 00:09:05, przesłuchanie powódki e-porotokół rozprawy z dnia 12.03.2013 r. od 00:36:21 do 00:37:05 pozwanego e-protokół rozprawy z dnia 18.04.2013 r. od 00:36:41 do 00:37:20 /</xText>
          <xText>Pozwany oświadczył na piśmie ( w dniu 2.12.2009r.), że pożyczył od powódki kwotę 100.000 złotych na okres 6 miesięcy oraz określił wysokość odsetek umownych za zwłokę w zwrocie pożyczki w wysokości 6% w stosunku rocznym. ustalając termin zwrotu za 6 miesięcy. Pozwany pożyczki, pomimo wezwania przedsądowego nie zwrócił. Do zawarcia ustnej umowy pożyczki doszło podczas spotkania powódki z pozwanym w domu świadka <xAnon>A. K.</xAnon>, który potwierdził fakt zawarcia umowy pożyczki.</xText>
          <xText>/dowód:- oświadczenie pożyczki z dnia 2 grudnia 2009 roku, przesłuchanie świadka <xAnon>A. K.</xAnon> e- protokół rozprawy z dnia 12.03.2013 r. od 00:05:49 do 00:06:37, przesłuchanie powódki e- protokół rozprawy z dnia 12.03.2013 r. od 00:35:48 do 00:37:51/</xText>
          <xText>Powódka przekazała pozwanemu wskazaną pożyczkę w gotówce, a pozwany potwierdził, że przyjął od powódki kwotę 100.000 złotych. Przekazanie pieniędzy nastąpiło w domu rodzinnym <xAnon>A. K.</xAnon>.</xText>
          <xText>/okoliczność bezsporna/</xText>
          <xText>Powódka ukończyła medycynę, od wielu lat prowadziła własną praktykę lekarską tj. gabinet ginekologiczny. W zarządzaniu swoją firmą jest ostrożna i skrupulatna. Jej klientki w głównej mierze za usługi płaciły gotówką, a powódka jako osoba nieufna instytucji banku trzymała oszczędności w domu. Miała odłożoną dużą sumę pieniędzy na specjalistyczny sprzęt ginekologiczny ( usg ), który zamierzała kupić. Z pozwanym od wielu lat pozostawała w stosunkach przyjacielskich. Zanim doszło do spornej pożyczki, pożyczała pozwanemu inne kwoty, które ten częściowo terminowo oddał.</xText>
          <xText>/dowód: - zeznania świadka <xAnon>A. K.</xAnon> e- protokół rozprawy z dnia z dnia 12.03.2013 r. od 00:09:05 do 00:16:35, od 00:24:37 do 00:26:36, od 00:28:17 do 00:29:39, przesłuchanie powódki e- protokół rozprawy z dnia 12.03.2013 r. od 00:37:05 do 00:39:47/</xText>
          <xText>Pozwany <xAnon>J. D.</xAnon> wraz z żoną już wcześniej pożyczał od powódki pieniądze w 2006 r., wskazywał wówczas, że jako biznesmen ma problemy płatnicze. Ponieważ spłacał zadłużenia, był dla powódki osobą wiarygodną, jego przedsiębiorstwo kiedyś dobrze prosperowało.</xText>
          <xText>/dowód:- zeznania świadka <xAnon>A. K.</xAnon> e- protokół rozprawy z dnia z dnia 12.03.2013 r. od 00:08:18 do 00:11:00/</xText>
          <xText>Pozwany wyjaśnił, że nie zawarł umowy pożyczki z pozwaną, a jedynie dostał od niej kwotę 100.000 złotych w celu ich zainwestowania poprzez kupno różnych surowców i ich odsprzedaży za większą kwotę. Pozwany przyznał, że przyjaźnił się z powódką wiele lat. Pozwany stwierdził, że w chwili przekazania mu pieniędzy przez powódkę miał dużo oszczędności. Wcześniej pozwany nie prowadził z powódką żadnych przedsięwzięć gospodarczych. Pozwany twierdzi, że powódka znała ryzyko z jakim wiązało się przedsięwzięcie, nie namawiał powódki do wzięcia udziału w transakcji. Pozwany nie pamięta faktu podpisania umowy pożyczki, gdyż wcześniej spożył dużą ilość alkoholu. Powódka miała otrzymać zwrot pieniędzy oraz 6 % zysku w stosunku tocznym.</xText>
          <xText>/dowód: -zeznania pozwanego e- protokół z dnia 18.04.2013 r. od 00:05:00 do 16:40/</xText>
          <xText>Z wydruków rozmów przez skype, przedłożonych przez powódkę strony ustalały termin zwrotu pożyczki, pozwany wielokrotnie prosił powódkę o przedłużenie terminu jej zwrotu.</xText>
          <xText>/dowód:- wydruki ze skype karty nr 12- 15 akt/</xText>
          
          <xText xALIGNx="center">
            <xBx>Sąd zważył, co następuje.</xBx>
          </xText>
          <xText>Powództwo w całości zasługuje na uwzględnienie. Zgromadzony w sprawie materiał dowodowy nie pozostawiał żadnych wątpliwości co do okoliczności zawarcia przez strony umowy pożyczki. Okoliczność ta wynikała zarówno ze zgromadzonych w sprawie dokumentów ( umowa pożyczki zawarta na piśmie ), jak i zeznań stron, w tym z zeznań samego pozwanego.</xText>
          <xText>Roszczenie powódki znajduje podstawę w treści <xLexLink xArt="art. 720;art. 720 § 1" xIsapId="WDU19640160093" xTitle="Ustawa z dnia 23 kwietnia 1964 r. - Kodeks cywilny" xAddress="Dz. U. z 1964 r. Nr 16, poz. 93">art. 720 § 1 k.c</xLexLink>, zgodnie z którym przez umowę pożyczki dający pożyczkę zobowiązuje się przenieść na własność biorącego określoną ilość pieniędzy albo rzeczy oznaczonych tylko co do gatunku, a biorący zobowiązuje się zwrócić mu tą samą ilość pieniędzy albo tę samą ilość rzeczy tego samego gatunku i tej samej jakości. Umowa pożyczki jest umową konsensualną, dwustronnie zobowiązującą. <xLexLink xArt="" xIsapId="WDU19640160093" xTitle="Ustawa z dnia 23 kwietnia 1964 r. - Kodeks cywilny" xAddress="Dz. U. z 1964 r. Nr 16, poz. 93">Kodeks cywilny</xLexLink> pozostawia stronom umowy pożyczki swobodę w zakresie ustalenia wynagrodzenia z tytułu przeniesienia własności przedmiotu umowy na pożyczkobiorcę, mogą zatem ukształtować umowę pożyczki jako umowę odpłatną albo nieodpłatną. W braku ustalenia wielkości wynagrodzenia należnego dającemu przyjmuje się, iż nie należy mu się wynagrodzenie z tytułu zawartej umowy, a umowa ma wówczas charakter nieodpłatny.</xText>
          <xText>Sąd nie miał wątpliwości, co do tego, że oświadczenie pozwanego zatytułowane „oświadczenie pożyczki” jest umową pożyczki w świetle przepisów <xLexLink xArt="" xIsapId="WDU19640160093" xTitle="Ustawa z dnia 23 kwietnia 1964 r. - Kodeks cywilny" xAddress="Dz. U. z 1964 r. Nr 16, poz. 93">k.c.</xLexLink>, w której pozwany wprost określa, że pożycza od powódki kwotę 100.000 złotych, a także opisuje warunki umowy pożyczki. Umowa pożyczki została stwierdzona na piśmie, a zatem zgodnie z <xLexLink xArt="art. 720;art. 720 § 2" xIsapId="WDU19640160093" xTitle="Ustawa z dnia 23 kwietnia 1964 r. - Kodeks cywilny" xAddress="Dz. U. z 1964 r. Nr 16, poz. 93">art. 720 § 2 k.c.</xLexLink>, który stanowi że umowę pożyczki, której wartość przenosi pięćset złotych, powinna być stwierdzona pismem. Pozwany przyznał, że przyjął pieniądze w wysokości 100.000 złotych od powódki, a zatem zrealizowane zostały przesłanki umowy pożyczki. Sad w tej mierze dał wiarę zeznaniom <xAnon>A. K.</xAnon>. Świadek, były mąż powódki, pozostający z nią oraz z pozwanym w relacjach przyjacielskich potwierdził fakt zawarcia umowy pożyczki między stronami oraz fakt przekazania kwoty 100.000 złotych przez powódkę pozwanemu w jego mieszaniu.</xText>
          <xText>Powódka jest osobą, która nie lubi ryzyka. Od wielu lat ma ustabilizowaną sytuację finansową, ma własny gabinet ginekologiczny, z prowadzenia którego otrzymuje dochody. Powódka cały czas ulepsza swój gabinet poprzez zakup nowoczesnych sprzętów, przez co ma grupę stałych klientek. Stąd należy uznać, że twierdzenia pozwanego dotyczące inwestycji spornej kwoty za granicą są nieracjonalne i odbiegające od uporządkowanego życia powódki.</xText>
          <xText>Sąd nie dał wiary wyjaśnieniom pozwanego w zakresie jego inwestycji pieniędzy powódki za granicą oraz ustnych umów zawartych z powódką dotyczących warunków tych inwestycji. Pozwany bowiem wskazywał, że przyjął pieniądze od powódki, jednakże w jego ocenie nie byłą to pożyczka, lecz kwota, którą miał pozwany zainwestować w obrót złomem czy cementu w <xAnon>W.</xAnon>. Pozwany wskazał, że 100.000 zł nie wystarczyło mu nawet na pokrycie kosztów utrzymania w <xAnon>W.</xAnon> ( dodatkowo wskazał, że nie posiada na tę okoliczność żadnych dowodów, bowiem w celu uzyskania kontraktów, wydatkował pieniądze, na np. obiady, czy spotkania zmierzające do zawarcia umów ).</xText>
          <xText>Twierdzeniom pozwanego stoi w sprzeczności - poza wyjaśnieniami powódki - analiza rozmów na skype pozwanego z powódką. Pozwany w żadnym momencie nie wspomina o nieudanej inwestycji, a jedynie prosi o przedłużenie terminu zwrotu pożyczki. Nadto pozwany nie udowodnił, że wydał te pieniądze na operacje związane z rzekomymi inwestycjami, tj. podróżami służbowymi itd. Wszelkie przedstawione przez pozwanego dokumenty nie stanowią dowodu, że pieniądze powódka przekazała pozwanemu na inwestycję a nie jako pożyczkę, jak wskazuje podpisany przez pozwanego dokument umowy pożyczki. Żaden z dokumentów przedstawiony przez pozwanego nie wskazuje na jakikolwiek udział powódki w rzekomym przedsięwzięciu. Ponadto pozwany nie podniósł zarzutu, iż dokument w postaci umowy pożyczki został sfałszowany lub podpisując go miał wyłączoną świadomość. Wpływ na wiarygodność zeznań oraz ich ocenę przez Sąd miała także pośrednio okoliczność, że pozwany w trakcie przesłuchania twierdził, że posiadał i nadal posiada duże oszczędności, nie miał potrzeby pożyczania pieniędzy, a pomimo to wnosił jednak o zwolnienie go z opłaty sądowej oraz o ustanowienie pełnomocnika z urzędu wskazując na to, iż jego sytuacja materialna w ostatnich 2 latach diametralnie się pogorszyła i aktualnie ma do dyspozycji miesięcznie niewielką kwotę pieniędzy, która pozwala mu z trudem mieścić się w koniecznych wydatkach życiowych.</xText>
          <xText>Wobec powyższego uwzględniając, że umowa jaka łączy strona jest typową umową pożyczki, a pozwany nie zwrócił pożyczki w terminie to na podstawie <xLexLink xArt="art. 720;art. 720 § 1" xIsapId="WDU19640430296" xTitle="Ustawa z dnia 17 listopada 1964 r. - Kodeks postępowania cywilnego" xAddress="Dz. U. z 1964 r. Nr 43, poz. 296">art. 720 § 1 k.p.c.</xLexLink> w zw. z <xLexLink xArt="art. 496" xIsapId="WDU19640430296" xTitle="Ustawa z dnia 17 listopada 1964 r. - Kodeks postępowania cywilnego" xAddress="Dz. U. z 1964 r. Nr 43, poz. 296">art. 496 k.p.c</xLexLink>, Sąd utrzymał w mocy nakaz zapłaty wydany w postępowaniu nakazowym, w tym obciążając pozwanego kosztami zastępstwa prawnego powódki w wysokości 4.867 zł. W pozostałym zakresie, czyli w zakresie opłaty od zarzutów pozwany został zwolniony przez Sąd, a zatem nie było podstaw do obciążenia go tymi kosztami (art. 113 ustęp 1 u.k.s.).</xText>
        </xUnit>
      </xBlock>
    </xPart>
  </judgement>
<judgement id="155500000001006_II_AKa_000065_2013_Uz_2013-04-18_001">
    <xPart xEditorFullName="Jorella Atraszkiewicz" xYear="2013" xLang="PL" xPublisherFullName="Magdalena Budnik" xFromPg="1" xEditor="jatraszkiewicz" xVolType="15/550000/0001006/AKa" xPublisher="mbudnik" xDocType="Uz" xVolNmbr="000065" xVersion="1.0" xToPage="9" xFlag="published">
      <xName>Wyrok+Uzasadnienie</xName>
      <xBlock>
        <xText>Sygn. akt <xBx>II AKa 65/13</xBx></xText>
        <xUnit xIsTitle="true" xBold="true" xType="part">
          <xName>WYROK</xName>
          <xTitle>W IMIENIU RZECZYPOSPOLITEJ POLSKIEJ</xTitle>
          <xText xALIGNx="right">Dnia 18 kwietnia 2013 r.</xText>
          
          <xText>Sąd Apelacyjny w Szczecinie, II Wydział Karny w składzie:</xText>
          <xRows>
            <xCOLGROUPx>
              <xCOLx xWIDTHx="175"/>
              <xCOLx xWIDTHx="442"/>
            </xCOLGROUPx>
            <xRow>
              <xClmn xALIGNx="left" xVALIGNx="middle">
                <xText xALIGNx="right">Przewodniczący:</xText>
              </xClmn>
              <xClmn xALIGNx="left" xVALIGNx="middle">
                <xText>SSA Maciej Żelazowski (spr.)</xText>
              </xClmn>
            </xRow>
            <xRow>
              <xClmn xALIGNx="left" xVALIGNx="top">
                <xText xALIGNx="right">Sędziowie:</xText>
              </xClmn>
              <xClmn xALIGNx="left" xVALIGNx="middle">
                <xText>SA Grzegorz Chojnowski</xText>
                <xText>SA Piotr Brodniak</xText>
              </xClmn>
            </xRow>
            <xRow>
              <xClmn xALIGNx="left" xVALIGNx="middle">
                <xText xALIGNx="right">Protokolant:</xText>
              </xClmn>
              <xClmn xALIGNx="left" xVALIGNx="middle">
                <xText>sekr. sądowy Emilia Biegańska</xText>
              </xClmn>
            </xRow>
          </xRows>
          
          <xText>przy udziale Prokuratora Prokuratury Apelacyjnej Bogusławy Zapaśnik</xText>
          <xText>po rozpoznaniu w dniu 18 kwietnia 2013 r. sprawy</xText>
          <xText>
            <xBx>
              <xAnon>M. P.</xAnon>
            </xBx>
          </xText>
          <xText>oskarżonego z <xLexLink xArt="art. 56;art. 56 ust. 1;art. 56 ust. 3" xIsapId="WDU20051791485" xTitle="Ustawa z dnia 29 lipca 2005 r. o przeciwdziałaniu narkomanii" xAddress="Dz. U. z 2005 r. Nr 179, poz. 1485">art. 56 ust 1 i 3 ustawy z 29.07.2005 r. o przeciwdziałaniu narkomanii</xLexLink></xText>
          <xText>z powodu apelacji wniesionej przez obrońcę oskarżonego</xText>
          <xText>od wyroku Sądu Okręgowego w Szczecinie</xText>
          <xText>z dnia 21 stycznia 2013 r., sygn. akt III K 179/12</xText>
          
          <xUnit xIsTitle="false" xType="none">
            <xName xSffx=".">I</xName>
            <xText>zaskarżony wyrok utrzymuje w mocy, uznając apelację obrońcy oskarżonego za oczywiście bezzasadną,</xText>
          </xUnit>
          <xUnit xIsTitle="false" xType="none">
            <xName xSffx=".">II</xName>
            <xText>zasądza od oskarżonego na rzecz Skarbu Państwa wydatki za postępowanie odwoławcze i wymierza mu opłatę w kwocie 630 (sześciuset trzydziestu) złotych za drugą instancję.</xText>
          </xUnit>
          
          <xText>
            <xBx>Sygn. akt II AKa 65/13</xBx>
          </xText>
        </xUnit>
        <xUnit xIsTitle="true" xBold="true" xType="part">
          <xName>UZASADNIENIE</xName>
          <xText><xBx><xAnon>M. P.</xAnon></xBx>został oskarżony o to, że:</xText>
          <xText>„w okresie od około wiosny 2009 r. do lipca 2009 r. w <xAnon>N.</xAnon>, działając w warunkach przestępstwa ciągłego wykonaniu z góry powziętego zamiaru, w celu osiągnięcia korzyści majątkowej, uczestniczył w obrocie znacznej ilości środków psychotropowych w postaci 7.000 sztuk tabletek extasy w ten sposób, że przedmiotowe narkotyki zakupił od <xAnon>K. S.</xAnon><xAnon>ps. (...)</xAnon> w cenie 2 zł za sztukę, płacąc łączną kwotę około 14.000 zł celem wprowadzenia tych substancji do obrotu i dalszej sprzedaży <xAnon>M. S.</xAnon><xAnon>ps. (...)</xAnon>,</xText>
          <xText>tj. o czyn z <xLexLink xArt="art. 56;art. 56 ust. 1;art. 56 ust. 3" xIsapId="WDU20051791485" xTitle="Ustawa z dnia 29 lipca 2005 r. o przeciwdziałaniu narkomanii" xAddress="Dz. U. z 2005 r. Nr 179, poz. 1485">art. 56 ust. 1 i 3</xLexLink> w zw. z <xLexLink xArt="art. 59;art. 59 ust. 1" xIsapId="WDU20051791485" xTitle="Ustawa z dnia 29 lipca 2005 r. o przeciwdziałaniu narkomanii" xAddress="Dz. U. z 2005 r. Nr 179, poz. 1485">art. 59 ust. 1 ustawy z dnia 29 lipca 2005 r. o przeciwdziałaniu narkomanii</xLexLink> w zw. z <xLexLink xArt="art. 11;art. 11 § 2" xIsapId="WDU19970880553" xTitle="Ustawa z dnia 6 czerwca 1997 r. - Kodeks karny" xAddress="Dz. U. z 1997 r. Nr 88, poz. 553">art. 11 § 2 kk</xLexLink> w zw. z <xLexLink xArt="art. 12" xIsapId="WDU19970880553" xTitle="Ustawa z dnia 6 czerwca 1997 r. - Kodeks karny" xAddress="Dz. U. z 1997 r. Nr 88, poz. 553">art. 12 kk</xLexLink>”;</xText>
          <xText>Wyrokiem z dnia 21 stycznia 2013 r., sygn. akt III K 179/12 Sąd Okręgowy w Szczecinie orzekł:</xText>
          <xText>„I. uznaje <xAnon>M. P.</xAnon> za winnego tego, że w okresie wiosenno – letnim 2009 roku w datach dokładnie nieustalonych w <xAnon>N.</xAnon> działając w wykonaniu z góry powziętego zamiaru, w celu osiągnięcia korzyści majątkowej, uczestniczył w obrocie znacznej ilości substancji psychotropowych w postaci 7.000 (siedmiu tysięcy) sztuk tabletek extasy w ten sposób, że przedmiotowe narkotyki zakupił od ustalonej osoby za 14.000 (czternaście tysięcy) złotych, a następnie sprzedał je innej ustalonej osobie za 14.500 (czternaście tysięcy pięćset) złotych, tj. popełnienia czynu z <xLexLink xArt="art. 56;art. 56 ust. 1;art. 56 ust. 3" xIsapId="WDU20051791485" xTitle="Ustawa z dnia 29 lipca 2005 r. o przeciwdziałaniu narkomanii" xAddress="Dz. U. z 2005 r. Nr 179, poz. 1485">art. 56 ust. 1 i 3 ustawy z dnia 29 lipca 2005 r. o przeciwdziałaniu narkomanii</xLexLink> w brzmieniu obowiązującym pierwotnie, tj. ogłoszonym w Dzienniku Ustaw z 2005 r., nr 179, poz. 1485 bez późniejszych zmian w zw. z <xLexLink xArt="art. 12" xIsapId="WDU19970880553" xTitle="Ustawa z dnia 6 czerwca 1997 r. - Kodeks karny" xAddress="Dz. U. z 1997 r. Nr 88, poz. 553">art. 12 kk</xLexLink> i za to przestępstwo na podstawie <xLexLink xArt="art. 56;art. 56 ust. 3" xIsapId="WDU20051791485" xTitle="Ustawa z dnia 29 lipca 2005 r. o przeciwdziałaniu narkomanii" xAddress="Dz. U. z 2005 r. Nr 179, poz. 1485">art. 56 ust. 3 ustawy z dnia 29 lipca 2005 r. o przeciwdziałaniu narkomanii</xLexLink> w brzmieniu obowiązującym pierwotnie, tj. ogłoszonym w Dzienniku Ustaw z 2005 r. nr 179 poz. 1485 bez późniejszych zmian wymierza mu karę 1 (jednego) roku pozbawienia wolności i karę grzywny w wysokości 150 (stu pięćdziesięciu) stawek dziennych po 15 (piętnaście) złotych;</xText>
          <xText>II. na podstawie <xLexLink xArt="art. 63;art. 63 § 1" xIsapId="WDU19970880553" xTitle="Ustawa z dnia 6 czerwca 1997 r. - Kodeks karny" xAddress="Dz. U. z 1997 r. Nr 88, poz. 553">art. 63 § 1 kk</xLexLink> na poczet wymierzonej <xAnon>M. P.</xAnon> kary pozbawienia wolności zalicza okres zatrzymania od dnia 22 listopada 2011 r. do dnia 24 listopada 2011r.;</xText>
          <xText>III. na podstawie <xLexLink xArt="art. 45;art. 45 § 1" xIsapId="WDU19970880553" xTitle="Ustawa z dnia 6 czerwca 1997 r. - Kodeks karny" xAddress="Dz. U. z 1997 r. Nr 88, poz. 553">art. 45 § 1 kk</xLexLink> orzeka wobec <xAnon>M. P.</xAnon> przepadek równowartości korzyści majątkowej osiągniętej z przestępstwa w kwocie 14.500 (czternastu tysięcy pięciuset) złotych;</xText>
          <xText>IV. na podstawie <xLexLink xArt="art. 627" xIsapId="WDU19970890555" xTitle="Ustawa z dnia 6 czerwca 1997 r. - Kodeks postępowania karnego" xAddress="Dz. U. z 1997 r. Nr 89, poz. 555">art. 627 kpk</xLexLink> zasądza od oskarżonego na rzecz Skarbu Państwa koszty sądowe, w tym wymierza mu 630 (sześćset trzydzieści) złotych tytułem opłaty.”</xText>
          
          <xText>Apelację od powyższego wyroku złożył obrońca oskarżonego w części dotyczącej orzeczenia o karze i zarzucił:</xText>
          <xText>„1. obrazę przepisów prawa materialnego tj.</xText>
          <xText>a) <xLexLink xArt="art. 69;art. 69 § 1" xIsapId="WDU19970880553" xTitle="Ustawa z dnia 6 czerwca 1997 r. - Kodeks karny" xAddress="Dz. U. z 1997 r. Nr 88, poz. 553">art. 69 § 1 k.k.</xLexLink>, poprzez jego błędną interpretację i w konsekwencji uznanie, iż w sprawie nie zachodzą przesłanki do zastosowania wobec oskarżonego instytucji warunkowego zawieszenia wykonania kary pozbawienia wolności,</xText>
          <xText>2. obrazę przepisów postępowania mającą istotny wpływ na treść orzeczenia, tj.</xText>
          <xText>a) <xLexLink xArt="art. 7" xIsapId="WDU19970890555" xTitle="Ustawa z dnia 6 czerwca 1997 r. - Kodeks postępowania karnego" xAddress="Dz. U. z 1997 r. Nr 89, poz. 555">art. 7 k.p.k.</xLexLink> poprzez przekroczenie granic swobodnej oceny dowodów i ich dokonanie z naruszeniem zasad prawidłowego rozumowania, wskazań wiedzy i doświadczenia życiowego polegające na:</xText>
          <xText>• uznaniu za wiarygodne zeznania <xAnon>K. S.</xAnon>, iż oskarżony nie otrzymał od niego środków odurzających w komis, podczas gdy zebrany w sprawie materiał dowodowy, w szczególności wyjaśnienia oskarżonego, takiemu uznaniu przeczą,</xText>
          <xText>3. błąd w ustaleniach faktycznych, który mógł mieć wpływ na treść orzeczenia, tj.</xText>
          <xText>a) błędne przyjęcie iż oskarżony uzyskał z popełnionego przestępstwa korzyścią majątkową w wysokości 14.500 zł, podczas gdy w rzeczywistości była to kwota jedynie 500 zł.”</xText>
          <xText>Podnosząc powyższe zarzuty apelujący wniósł o:</xText>
          <xText>„1. zmianę orzeczonej wobec oskarżonego kary, poprzez wymierzenie mu kary pozbawienia wolności z jednoczesnym warunkowym zawieszeniem jej wykonania,</xText>
          <xText>2. zmianę orzeczonego wobec oskarżonego środka karnego w postaci przepadku równowartości korzyści majątkowej osiągniętej z przestępstwa, poprzez orzeczenie przepadku kwoty 500 zł”</xText>
          
          <xText xALIGNx="center">
            <xBx>Sąd Apelacyjny zważył co następuje:</xBx>
          </xText>
          
          <xText>Apelacja obrońcy oskarżonego okazała się bezzasadna i to w stopniu oczywistym.</xText>
          <xText>W pierwszej kolejności nie zasługiwał na uwzględnienie zarzut obrazy treści <xLexLink xArt="art. 7" xIsapId="WDU19970890555" xTitle="Ustawa z dnia 6 czerwca 1997 r. - Kodeks postępowania karnego" xAddress="Dz. U. z 1997 r. Nr 89, poz. 555">art. 7 k.p.k.</xLexLink> i w konsekwencji zarzut błędu w ustaleniach faktycznych poprzez przyjęcie, że oskarżony nie otrzymał narkotyków w komis, a tym samym, że uzyskał z przestępstwa korzyść majątkową w wysokości 14500 zł.. Dokonana bowiem w tym zakresie przez sąd I instancji ocena dowodów jawiła się jako prawidłowa, uwzględniająca treść wszystkich zgromadzonych i ujawnionych w toku postępowania dowodów, zgodna z wiedzą, doświadczeniem życiowym i zasadami logiki. Pozostawała zatem pod ochroną przepisu <xLexLink xArt="art. 7" xIsapId="WDU19970890555" xTitle="Ustawa z dnia 6 czerwca 1997 r. - Kodeks postępowania karnego" xAddress="Dz. U. z 1997 r. Nr 89, poz. 555">art. 7 k.p.k.</xLexLink>, którego obrazę zarzucał apelujący. Trzeba także podkreślić, że zarzut obrazy <xLexLink xArt="art. 7" xIsapId="WDU19970890555" xTitle="Ustawa z dnia 6 czerwca 1997 r. - Kodeks postępowania karnego" xAddress="Dz. U. z 1997 r. Nr 89, poz. 555">art. 7 k.p.k.</xLexLink> nie może się ograniczać jedynie do wskazania wadliwości sędziowskiego przekonania o wiarygodności jednych, a niewiarygodności innych źródeł czy środków dowodowych. Powinien wykazywać konkretne błędy w samym sposobie dochodzenia do określonych ocen, przemawiające w zasadniczy sposób przeciwko dokonanemu rozstrzygnięciu. Tymczasem w realiach sprawy apelujący nie wskazał na błędy sądu I instancji, które dokonaną ocenę dowodów by podważały, ograniczając się w sporej części do przedstawienia własnej alternatywnej oceny ujawnionych dowodów. I tak apelujący zupełnie pominął, prawidłowo wskazaną przez sąd I instancji, treść wyjaśnień głównego świadka oskarżenia <xAnon>K. S.</xAnon> z postępowania przygotowawczego (k. 37), w których jednoznacznie stwierdził, że oskarżony najpierw zamówił narkotyki, a później przyjechał odebrać zamówione w ilości 7000 sztuk tabletki extasy i „płacił od razu gotówką, to była kwota około 14000 zł”. Dając wiarę powyższym wyjaśnieniom, zasadnie sąd I instancji wskazał, że składając je <xAnon>K. S.</xAnon> nie miał jakiegokolwiek powodu, aby bezpodstawnie pomawiać oskarżonego, w tym także w zakresie formy płatności za narkotyki. Przecież gdyby transakcja przebiegała inaczej, tzn. gdyby oskarżony wziął narkotyki w komis, to <xAnon>K. S.</xAnon> nie miał jakichkolwiek powodów, by okoliczność tą przedstawiać nieprawdziwie. Nic bowiem w ten sposób nie zyskiwał, w przeciwieństwie do oskarżonego (ukrycie faktu posiadania znacznych środków finansowych, chęć uniknięcia obowiązku naprawienia szkody itd.). Niestety apelujący zupełnie pominął treść powyższych wyjaśnień, skupiając się na wypowiedziach oskarżonego oraz niektórych fragmentach zeznań <xAnon>K. S.</xAnon> z rozprawy.</xText>
          <xText>Dalej stwierdzić należy, że zasadnie również sąd I instancji wskazał na stopień znajomości oskarżonego i <xAnon>K. S.</xAnon>, który nie uzasadniał oddania mało znanej sobie osobie dużej ilości narkotyków o sporej wartości, bez jakiegokolwiek zabezpieczenia i gwarancji otrzymania za nie pieniędzy. Podstawowe zasady logiki zatem nakazywały danie wiary w rozważanym tutaj zakresie wyjaśnieniom i zeznaniom <xAnon>K. S.</xAnon>. Niczego nie mogły natomiast zmienić wywody apelującego na temat tego, że <xAnon>K. S.</xAnon> w czasie rozprawy podał, iż raczej nie oddawał narkotyków w komis, a tym samym, że jednak nie wykluczał, iż oskarżony mógł zapłacić za narkotyki dopiero po ich sprzedaniu trzeciej osobie. Po pierwsze bowiem sąd I instancji okoliczność tą miał na uwadze, co wprost wynika z pisemnych motywów zaskarżonego orzeczenia. Po drugie nawet na rozprawie świadek, pomimo, że nie pamiętał już szczegółów zajścia, wyraźnie sugerował, że oskarżony za narkotyki od razu mu zapłacił, a wypowiedź na temat tego, że raczej nie brał narkotyków w komis, służyła bardziej podkreśleniu tego faktu, niż jego zaprzeczeniu. Po trzecie świadek <xAnon>K. S.</xAnon> po odczytaniu mu jego wyjaśnień z postępowania przygotowawczego w całości je podtrzymał. Wszystkie zatem powyższe okoliczności w pełni uprawniały sąd I instancji do ustalenia, że oskarżony nie wziął w komis tabletek extasy, lecz od razu za nie zapłacił. Niczego w rozważanym zakresie nie mogły też zmienić twierdzenia apelującego na temat tego, że oskarżony podjął się przestępczego procederu ze względu na trudną sytuację materialną i mało prawdopodobne jest, by dysponował niedługo po opuszczeniu zakładu karnego, tak dużą gotówką, jaka była potrzebna na zakup narkotyków. Wprawdzie oskarżony rzeczywiście konsekwentnie taką wersję przedstawiał, ale apelujący w tym zakresie zupełnie pominął podawany przez <xAnon>K. S.</xAnon> i nie kwestionowany przez oskarżonego fakt, że oskarżony przyjechał w celu zakupu narkotyków dobrym samochodem, że zawsze jeździł on dobrymi samochodami, <xAnon>A.</xAnon>, <xAnon>B.</xAnon> (k. 37). Skoro zatem niedługo po opuszczeniu zakładu karnego oskarżonego stać było na poruszanie się dobrym autem i skoro takimi dysponował również przed osadzeniem w zakładzie karnym, to kwestia dysponowania przez niego gotówką na zakup narkotyków jawiła się w zupełnie innym świetle, niż chciałby tego apelujący, potwierdzając prawidłowość dokonanej oceny dowodów i w efekcie poczynionych ustaleń faktycznych co do zapłacenia przez oskarżonego za narkotyki od razu przy ich zakupie, tak jak podawał <xAnon>K. S.</xAnon>. Automatycznie traciły też na znaczeniu wywody apelującego co do tego, że jest mało prawdopodobne, aby oskarżony wykładał 14000 zł, aby uzyskać zysk w postaci 500 zł. W tym ostatnim zakresie należy jednak dodać, że charakter całego procederu był taki, że oskarżony zaraz po zakupie nabyte narkotyki sprzedał, a tym samym zysk w wysokości 500 zł, za tego rodzaju proste czynności, nie był taki mały.</xText>
          <xText>Ostatecznie zatem prawidłowo sąd I instancji uznał, że oskarżony zapłacił za narkotyki od razu przy ich odbiorze, a tym samym prawidłowo ustalił wysokość korzyści uzyskanej z przestępstwa na kwotę 14500 zł. Podważające powyższe stanowisko wywody apelującego, jawiły się zaś jako czysta spekulacja, która w żaden sposób nie była w stanie podważyć prawidłowości i logiczności wywodów sądu I instancji. Zarzut zatem obrazy treści <xLexLink xArt="art. 7" xIsapId="WDU19970890555" xTitle="Ustawa z dnia 6 czerwca 1997 r. - Kodeks postępowania karnego" xAddress="Dz. U. z 1997 r. Nr 89, poz. 555">art. 7 k.p.k.</xLexLink> oraz będącego jej wynikiem błędu w ustaleniach faktycznych jawił się jako bezzasadny i to w stopniu oczywistym.</xText>
          <xText>Nie zasługiwał także na uwzględnienie zarzut obrazy treści <xLexLink xArt="art. 69;art. 69 § 1" xIsapId="WDU19970880553" xTitle="Ustawa z dnia 6 czerwca 1997 r. - Kodeks karny" xAddress="Dz. U. z 1997 r. Nr 88, poz. 553">art. 69 § 1 k.k.</xLexLink> Pomijając bowiem wadliwość podniesienia tego rodzaju zarzutu, zauważyć należy, że faktycznie sprowadzał się on do wskazywania na rażącą niewspółmierność kary poprzez niezastosowanie instytucji warunkowego zawieszenia wykonania kary pozbawienia wolności. Wszelkie jednak podniesione w tym zakresie argumenty jawiły się jako chybione i to w stopniu nader oczywistym.</xText>
          <xText>Po pierwsze instytucję warunkowego zawieszenia wykonania kary zastosować można wówczas, gdy takie rozstrzygnięcie spowoduje osiągnięcie przez karę jej celów, a w szczególności zapobiegnie powrotowi oskarżonego do przestępstwa. W przypadku oskarżonego, jak słusznie uznał sąd I instancji, nie sposób było jednak postawić pozytywnej prognozy kryminologicznej. Podzielając bowiem pogląd apelującego, że sam fakt uprzedniej karalności nie wyklucza możliwości zastosowania dobrodziejstwa określonego w <xLexLink xArt="art. 69;art. 69 § 1" xIsapId="WDU19970880553" xTitle="Ustawa z dnia 6 czerwca 1997 r. - Kodeks karny" xAddress="Dz. U. z 1997 r. Nr 88, poz. 553">art. 69 § 1 k.k.</xLexLink>, jednocześnie nie sposób było uznać, aby w przypadku oskarżonego zaistniały warunki do jego zastosowania. Oskarżony, jak wynika z danych o karalności (k. 162-163), był już karany i to aż pięć razy. Wprawdzie rzeczywiście wcześniej był karany za przestępstwa innego rodzaju, niż przypisane zaskarżonym wyrokiem, ale w realiach sprawy niczego to nie zmieniało. Rzecz bowiem nie w podobieństwie lub jednorodzajowości przestępstw popełnionych wcześniej i obecnie, lecz w ocenie, czy wcześniejsza karalność oskarżonego nie stoi na przeszkodzie, uznaniu, że pomimo niewykonania kary pozbawienia wolności jej cele zostaną osiągnięte, a oskarżony będzie na wolności przestrzegał porządku prawnego. W tym zaś zakresie wcześniejsza wielokrotna karalność oskarżonego, była okolicznością, która zdecydowanie sprzeciwiała się możliwości postawienia wobec niego pozytywnej prognozy kryminologicznej. Wskazywała bowiem na lekceważący stosunek oskarżonego do obowiązującego porządku prawnego oraz na skłonność do popełniania czynów zabronionych. W tej sytuacji eksponowany w apelacji inny rodzaj zarzucanego przestępstwa w stosunku do czynów popełnionych wcześniej, nie miał żadnego znaczenia. Trzeba także podkreślić, że oskarżony zarzucanego mu przestępstwa dopuścił się niewiele czasu po opuszczeniu zakładu karnego, co świadczy o tym, że dotychczasowa izolacja niczego go nie nauczyła. Nie sposób także nie zauważyć, że oskarżony zarzucanego mu przestępstwa dopuścił się w okresie próby związanej z warunkowym zwolnieniem z odbycia reszty kary orzeczonej za inne przestępstwo. Wszystkie zatem powyższe okoliczności, dostrzeżone zresztą i ocenione przez sąd I instancji w pełni uprawniały do wniosku, że oskarżony nie daje jakichkolwiek gwarancji przestrzegania na wolności porządku prawnego, a tym samym, że brak było w jego przypadku podstaw do zastosowania dobrodziejstwa określonego w <xLexLink xArt="art. 69;art. 69 § 1" xIsapId="WDU19970880553" xTitle="Ustawa z dnia 6 czerwca 1997 r. - Kodeks karny" xAddress="Dz. U. z 1997 r. Nr 88, poz. 553">art. 69 § 1 k.k.</xLexLink> Niestety apelujący wszystkie powyższe, niezwykle istotne dla oceny prognozy kryminologicznej oskarżonego, okoliczności zupełnie przemilczał, co już czyniło wniesiony środek odwoławczy zupełnie bezzasadnym w rozważanym tutaj zakresie. Nie sposób było również uznać, aby okres czterech lat bez skazania za inne przestępstwo, pozwalał sam w sobie na uznanie, że oskarżony daje gwarancję przestrzegania na wolności porządku prawnego, a tym samym, że w jego przypadku możliwe było zastosowanie instytucji określonej w <xLexLink xArt="art. 69;art. 69 § 1" xIsapId="WDU19970880553" xTitle="Ustawa z dnia 6 czerwca 1997 r. - Kodeks karny" xAddress="Dz. U. z 1997 r. Nr 88, poz. 553">art. 69 § 1 k.k.</xLexLink> Jest to bowiem okres zbyt krótki, aby mógł stanowić podstawę do wnioskowania, że w postawie oskarżonego zaszły takie zmiany, iż istnieją podstawy do wnioskowania, że nie popełni on już kolejnego przestępstwa, zwłaszcza gdy uwzględni się, że w tym czasie trwało przedmiotowe postępowanie, co stymulowało go do określonego zachowania. Trzeba jednocześnie podkreślić, że już wcześniej oskarżony zachowywał się poprawnie w zakładzie karnym, skoro uzyskał warunkowe przedterminowe zwolnienie z odbycia reszty kary, co jednak w żaden sposób nie przełożyło się na powstrzymanie się od popełnienia kolejnego przestępstwa.</xText>
          <xText>Także kwestię przyznania się oskarżonego do winy, czy wyrażenia żalu., sąd I instancji uwzględnił jako okoliczności łagodzące przy wymiarze kary, natomiast same w sobie nie mogły one, przy uwzględnieniu wskazanych wyżej przesłanek, skutkować postawieniem wobec oskarżonego pozytywnej prognozy kryminologicznej.</xText>
          <xText>Wreszcie nie sposób było nie odnieść się do podniesionej w apelacji kwestii lojalności procesowej, która zdaniem obrońcy oskarżonego, winna skutkować warunkowym zawieszeniem wykonania wobec <xAnon>M. P.</xAnon> kary pozbawienia wolności. W pierwszej bowiem kolejności zauważyć należy, że sąd dwukrotnie nie uwzględnił wniosku o wydanie wyroku skazującego w trybie <xLexLink xArt="art. 335;art. 335 § 1" xIsapId="WDU19970890555" xTitle="Ustawa z dnia 6 czerwca 1997 r. - Kodeks postępowania karnego" xAddress="Dz. U. z 1997 r. Nr 89, poz. 555">art. 335 § 1 k.p.k.</xLexLink> wskazując m.in. na niemożność przyjęcia, że okoliczności popełnionego przestępstwa nie budzą wątpliwości. Po drugie odmienność poczynionych przez sąd I instancji ustaleń faktycznych w stosunku do wyjaśnień oskarżonego świadczy o tym, że oskarżony do końca lojalny procesowo nie był. Wreszcie po trzecie treść wyroku wydanego w sprawie III K 128/12 w stosunku do brata oskarżonego oraz postawa w tej sprawie <xAnon>M. P.</xAnon>, absolutnie nie mogła stanowić podstawy do wnioskowania o lojalnej postawie oskarżonego w stosunku do organów ścigania i wymiaru sprawiedliwości. Trudno zatem w takiej sytuacji wymagać by właśnie wzgląd na ewentualną lojalność procesową nakazywał zastosowanie dobrodziejstwa warunkowego zawieszenia wykonania kary pozbawienia wolności. Zresztą zastosowanie rozważanej tutaj instytucji nie może być, przynajmniej w ocenie sądu w niniejszym składzie, jedynie nagrodą za złożenie określonej treści wyjaśnień, lecz winno wynikać z uznania, że określona postawa procesowa, nie tylko stanowiła współpracę z organami ścigania, ale jeszcze, że wskazywała na chęć zerwania z przestępczą działalnością, a nie była jedynie taktyką procesową obliczoną na uzyskanie korzystnego rozstrzygnięcia we własnej sprawie. Należy też zaznaczyć, że prokurator nie złożył wniosku w trybie <xLexLink xArt="art. 60;art. 60 § 4" xIsapId="WDU19970880553" xTitle="Ustawa z dnia 6 czerwca 1997 r. - Kodeks karny" xAddress="Dz. U. z 1997 r. Nr 88, poz. 553">art. 60 § 4 k.k.</xLexLink>, a wobec braku przesłanki współdziałania z innymi osobami, niemożliwe było zastosowanie instytucji określonej w art.. 60 <xLexLink xArt="§ 3" xIsapId="WDU19970880553" xTitle="Ustawa z dnia 6 czerwca 1997 r. - Kodeks karny" xAddress="Dz. U. z 1997 r. Nr 88, poz. 553">§ 3 k.k.</xLexLink>, pomijając to, że nie sposób było uznać, aby oskarżony ujawnił istotne okoliczności popełnienia przestępstwa (jego postawę należało uznać jedynie za częściowe przyznanie się do winy).</xText>
          <xText>Ostatecznie zatem apelacja obrońcy oskarżonego jawiła się jako bezzasadna i to w stopniu oczywistym. Sąd I instancji bowiem dokonał prawidłowej i opartej na uwzględnieniu wszystkich ujawnionych i istotnych okoliczności, oceny materiału dowodowego, poczynił prawidłowe ustalenia faktyczne, a wymierzona kara jawiła się jako uwzględniająca w odpowiednim stopniu wszystkie jej przesłanki. Oczywiście jako prawidłowe jawiło się zatem rozstrzygnięcie, tak w przedmiocie braku podstaw do zastosowania instytucji określonej w <xLexLink xArt="art. 69;art. 69 § 1" xIsapId="WDU19970880553" xTitle="Ustawa z dnia 6 czerwca 1997 r. - Kodeks karny" xAddress="Dz. U. z 1997 r. Nr 88, poz. 553">art. 69 § 1 k.k.</xLexLink>, jak i w zakresie wysokości kwoty stanowiącej równowartość korzyści majątkowej osiągniętej z przestępstwa, której przepadek orzeczono.</xText>
          <xText>O kosztach procesu za postępowanie odwoławcze orzeczono na podstawie treści <xLexLink xArt="art. 626;art. 626 § 1" xIsapId="WDU19970890555" xTitle="Ustawa z dnia 6 czerwca 1997 r. - Kodeks postępowania karnego" xAddress="Dz. U. z 1997 r. Nr 89, poz. 555">art. 626 § 1 k.p.k.</xLexLink>, <xLexLink xArt="art. 636;art. 636 § 1" xIsapId="WDU19970890555" xTitle="Ustawa z dnia 6 czerwca 1997 r. - Kodeks postępowania karnego" xAddress="Dz. U. z 1997 r. Nr 89, poz. 555">art. 636 § 1 k.p.k.</xLexLink> oraz art. 2 ust. 1 pkt 3, art. 3 ust. 1 i art. 8 ustawy z dnia 23 czerwca1973 r. o opłatach w sprawach karnych (tekst. Jedn. Dz.U. z 1983 r., Nr 49, poz. 223 z późniejszymi zmianami).</xText>
        </xUnit>
      </xBlock>
    </xPart>
  </judgement>
<judgement id="151015000006027_XII_Ga_000058_2013_Uz_2013-04-19_001">
    <xPart xEditorFullName="Elżbieta Głuszak" xYear="2013" xLang="PL" xPublisherFullName="Elżbieta Głuszak" xFromPg="1" xEditor="egluszak" xVolType="15/101500/0006027/Ga" xPublisher="egluszak" xDocType="Uz" xVolNmbr="000058" xVersion="1.0" xToPage="13" xFlag="published">
      <xName>Wyrok+Uzasadnienie</xName>
      <xBlock>
        <xText>
          <xBx>Sygn. akt XII Ga 58/13</xBx>
        </xText>
        
        <xUnit xIsTitle="true" xBold="true" xType="part">
          <xName>WYROK</xName>
          <xTitle>W IMIENIU RZECZYPOSPOLITEJ POLSKIEJ</xTitle>
          <xText>Dnia 19 kwietnia 2013 roku</xText>
          
          <xText>Sąd Okręgowy w Gdańsku XII Wydział Gospodarczy Odwoławczy</xText>
          <xText>w składzie:</xText>
          
          <xText>Przewodniczący: S.S.O. Bożena Kachnowicz – Kokot</xText>
          <xText>Sędziowie:  S.O. Ewa Górniak</xText>
          <xText>S.R. (del.) Magdalena Kiedrowicz – Kopeć (spr.)</xText>
          <xText>Protokolant:  sekr. sąd. Beata Golan</xText>
          <xText>po rozpoznaniu w dniu 16 kwietnia 2013 roku w Gdańsku</xText>
          <xText>na rozprawie</xText>
          <xText>sprawy z powództwa <xBx><xAnon>J. P.</xAnon></xBx></xText>
          <xText>przeciwko <xBx><xAnon>E. G.</xAnon></xBx></xText>
          
          <xText>o zapłatę</xText>
          <xText>na skutek apelacji powoda</xText>
          <xText>od wyroku Sądu Rejonowego w Słupsku z dnia 28 czerwca 2012 roku, sygn. akt VI GC 385/11</xText>
          
          <xUnit xIsTitle="false" xType="none">
            <xName xSffx=".">I</xName>
            <xText>zmienia zaskarżony wyrok :</xText>
            <xUnit xIsTitle="false" xType="none">
              <xName xSffx=".">1</xName>
              <xText>w pkt. I ( pierwszym ) w ten sposób, że zasądza od pozwanej <xAnon>E. G.</xAnon> na rzecz powoda <xAnon>J. P.</xAnon> kwotę 350 zł.  wraz z ustawowymi odsetkami od dnia 20 lipca 2011r. do dnia zapłaty, a w pozostałym zakresie powództwo oddala.</xText>
            </xUnit>
            <xUnit xIsTitle="false" xType="none">
              <xName xSffx=".">2</xName>
              <xText>w pkt II ( drugim ) w ten sposób, że rozstrzygnięcie o kosztach postępowania przed sądem I instancji pozostawia Referendarzowi Sądowemu według zasady stosunkowego rozdziału kosztów w proporcji: 30,97% wygrana powoda i 69,03% wygrana pozwanej.</xText>
            </xUnit>
          </xUnit>
          <xUnit xIsTitle="false" xType="none">
            <xName xSffx=".">II</xName>
            <xText>oddala apelację w pozostałej części.</xText>
          </xUnit>
          <xUnit xIsTitle="false" xType="none">
            <xName xSffx=".">III</xName>
            <xText>zasądza od powoda <xAnon>J. P.</xAnon> na rzecz pozwanej <xAnon>E. G.</xAnon> kwotę 44,48 zł. ( czterdzieści cztery złote 48/100 ) tytułem zwrotu kosztów postępowania przed Sądem II instancji.</xText>
          </xUnit>
        </xUnit>
        <xUnit xIsTitle="true" xBold="true" xType="part">
          <xName>UZASADNIENIE</xName>
          <xText>Powód <xAnon>J. P.</xAnon> domagał się od pozwanej <xAnon>E. P.</xAnon> zasądzenia kwoty 1.130,17 zł. wraz z ustawowymi odsetkami i kosztami procesu tytułem wynagrodzenia za wykonanie zabudowy grzejnika wraz z blatem.</xText>
          <xText>Wyrokiem z dnia 28 czerwca 2012 r. Sąd Rejonowy w Słupsku w sprawie o sygn. akt VI GC 385/11 oddalił powództwo (punkt I wyroku); rozstrzygnięcie o kosztach procesu pozostawił referendarzowi sądowemu według zasady odpowiedzialności za wynik procesu, z tym ustaleniem, iż powód przegrał spór w całości (punkt II wyroku).</xText>
          <xText>Powyższe rozstrzygnięcie zapadło w oparciu o następujące ustalenia stanu faktycznego:</xText>
          <xText>Strony prowadzą ewidencjonowaną działalność gospodarczą - powód o nazwie - <xAnon> Zakład (...)</xAnon>, pozwana - <xAnon> Biuro Usługowo - Handlowe (...)</xAnon><xAnon> Agencja (...)</xAnon>. W dniu 14 czerwca 2011 r. strony zawarły ustną umowę o dzieło na mocy, której pozwana zamówiła u powoda wykonanie osłony grzejnika c.o. Ustalenia warunków umowy strony dokonały osobiście w biurze pozwanej, bez udziału osób trzecich. Pozwana uzgodniła z powodem, iż na wykonanie obudowy grzejnika dysponuje kwotą 350zł, bowiem tylko taką kwotę otrzymała na ten cel tytułem dofinansowania na rewitalizację biura od <xAnon> (...)</xAnon> .SA., z którą łączył ją stosunek umowy agencyjnej w ramach prowadzonej działalności pośrednictwa ubezpieczeniowego. Pozwana okazała powodowi przygotowany przez jej męża <xAnon>A. G.</xAnon> szkic zabudowy z podaniem wymiarów grzejnika oraz pokazała na stronie internetowej przykładowe gotowe osłony grzejników produkowane przez firmy oferujące je jako produkt gotowy.</xText>
          <xText>Pozwana nie określiła czy zabudowa ma być wykonana z płyty czy listewek, dała powodowi w tym zakresie wolną rękę, zaznaczając, że ma to być zabudowa prosta i estetyczna, zapewniająca dobry przepływ powietrza. Powód nie sporządził projektu zabudowy.</xText>
          <xText>Pozwana nie zamawiała u powoda zabudowy grzejnika wraz z blatem podokiennym o szerokości 500mm.</xText>
          <xText>Powód wykonał zabudowę niezgodnie z zamówieniem, bowiem zamontował nie tylko osłonę grzejnika, lecz również obudował parapet nad grzejnikiem montując blat o szerokości 500 mm. Blat utrudnia dostęp do okna. Powód po dokonaniu pomiarów w pomieszczeniu biurowym, elementy do montażu zabudowy przygotowywał w swojej stolarni, domierzał i docinał 2 blaty ( górny i dolny) oraz listewki stanowiące zasłonę grzejnika. Następnie dnia 16 czerwca do biura pozwanej przyniósł deskę, którą później lakierował w biurze. Dnia 22 czerwca powód dokonywał cięcia i lakierowania elementów drewnianych w biurze pozwanej, zamontował blaty listwowe dolną i obudowę kaloryfera. Pozwana w trakcie prac montażowych, protestowała przeciwko cięciu drewna i lakierowaniu w biurze, gdyż jest chora na astmę. Powód mimo tego kontynuował prace. Pozwana wskazała powodowi, iż wykonuje dzieło niezgodnie z zamówieniem, gdyż nie zamawiała zabudowy ściany frontowej okiennej z blatami i wezwała powoda do natychmiastowego zaprzestania wykonywania dzieła którego nie zamawiała. Powód odmówił przerwania prac. Dnia 23 czerwca powód nie wykonywał prac z uwagi na wolną sobotę i fakt, iż biuro było zamknięte. Dnia 24 czerwca powód zgłosił się celem kontynuowania prac, ale pozwana wyprosiła go z biura wskazując, iż wykonuje dzieło niezgodnie z zamówieniem i wadliwie. Wykonana przez powoda zabudowa grzejnika posiadała wady istotne w postaci: wykonania otworów do cyrkulacji powietrza pod samym parapetem okiennym (co uniemożliwiało prawidłowy obieg powietrza), występujących na całej powierzchni pęknięć tarcicy na blacie i wypadających sęków w blacie.</xText>
          <xText>Obudowy grzejników zalicza się do mebli mieszkaniowych podobnie jak zabudowy wnęk. Z tego względu zgodnie ze sztuką meblarską niedopuszczalne jest występowanie wad drewna takich typu nadpsute, zepsute i częściowo zrośnięte sęki, wypadające sęki. Występowanie tego rodzaju wad w zabudowie zaliczanej do mebli mieszkaniowych stanowi wady istotne. Listwy wykończeniowe blatu były nierówno przycięte, posiadały nierówności - powinny być przycięte pod skosem, a nie na tzw. ucios. Listwy były zbieraniną różnych elementów w różnych odcieniach, listwy były nieoszlifowane, posiadały widoczne frezowanie od dołu. Listwy pionowe ( k.132 opinii) posiadały nieprawidłową długość 66 cm - były zbyt krótko przycięte, podczas gdy wysokość między parapetem a podłogą wynosiła 79,5 cm. Były to listwy odzyskane z jakiejś konstrukcji, stąd listwami poziomymi dopasowano wysokość obudowy. Taka konstrukcja uniemożliwiłaby szybki demontaż obudowy w razie awarii. Elementy konstrukcji zostały nieprawidłowo przeszlifowane oraz były niepolakierowane, podczas gdy listwy pionowe i blat zgodnie ze sztuką meblarską należało polakierować przed ich zamontowaniem. Wykonana zabudowa nie nadaje się do pomieszczenia biurowego.</xText>
          <xText>Pozwana pismem z dnia 30 czerwca 2011 r. odstąpiła od umowy o dzieło w związku z wykonywaniem niezamówionego dzieła oraz powstaniem wad istotnych, których usunąć się nie da i wezwała powoda do usunięcia z jej biura w terminie 7 dni niezamówionego dzieła, po uprzednim uzgodnieniu terminu. Powód dzieła nie usunął.</xText>
          <xText>Dnia 07 lipca 2012 r. powód wystawił <xAnon>fakturę nr (...)</xAnon>, w której należność za wykonane dzieło określił na kwotę 1.130,17 zł., w tym 264,25 zł za dostarczenie materiału z drewna iglastego ( blaty, deski) na kwotę 264,25 zł, 856,92 zł za prace montażowe. W dniu 08 lipca 2011 r. powód wysłał pozwanej w/w fakturę Vat wraz z pismem z dnia 07 lipca 2011 r. wzywającym ją do zapłaty żądanej kwoty. Pozwana w odpowiedzi odmówiła zapłaty powołując się na wykonanie dzieła niezgodnie z zamówieniem oraz na wady dzieła.</xText>
          <xText>W ocenie Sądu I instancji powództwo nie zasługuje na uwzględnienie.</xText>
          <xText>Sąd Rejonowy zważył , iż strony sporu łączyła umowa o dzieło, a powód pozwem dochodził wynagrodzenia za wykonanie na rzecz pozwanej dzieła w postaci zabudowy grzejnika. W ocenie Sądu Rejonowego bezspornie pozwana złożyła powodowi zamówienie jedynie na wykonanie zabudowy kaloryfera doprecyzowując, iż ma to być prosta zabudowa grzejnika. Zdaniem Sądu orzekającego w zakres zamówienia nie wchodziło wykonanie blatów, albowiem powód wbrew spoczywającemu na nim stosownie do treści <xLexLink xArt="art. 6" xIsapId="WDU19640160093" xTitle="Ustawa z dnia 23 kwietnia 1964 r. - Kodeks cywilny" xAddress="Dz. U. z 1964 r. Nr 16, poz. 93">art. 6 k.c.</xLexLink> ciężarze dowodu nie wykazał, aby przedmiotem umowy była również zabudowa ściany ( blaty ). Zdaniem Sądu same twierdzenia powoda w tym zakresie nie mogą stanowić dowodu. Pozwana powyższej okoliczności zaprzeczyła, zaś z zeznań przesłuchanych przez Sąd świadków nie wynika, aby strony umówiły się na wykonanie również blatów. Świadkowie nie byli bowiem obecni przy zawieraniu przez strony ustnej umowy.</xText>
          <xText>Sąd I instancji podkreślił, iż istotnym dla rozstrzygnięcia sprawy było to czy powód wykonał dzieło zgodnie z zamówienie, czy dzieło posiadało wady istotne uzasadniające odstąpienie od umowy w świetle przepisów <xLexLink xArt="art. 638" xIsapId="WDU19640160093" xTitle="Ustawa z dnia 23 kwietnia 1964 r. - Kodeks cywilny" xAddress="Dz. U. z 1964 r. Nr 16, poz. 93">art. 638 k.c.</xLexLink> , <xLexLink xArt="art. 556;art. 556 § 1" xIsapId="WDU19640160093" xTitle="Ustawa z dnia 23 kwietnia 1964 r. - Kodeks cywilny" xAddress="Dz. U. z 1964 r. Nr 16, poz. 93">556§1 k.c.</xLexLink> i <xLexLink xArt="art. 563;art. 563 § 2" xIsapId="WDU19640160093" xTitle="Ustawa z dnia 23 kwietnia 1964 r. - Kodeks cywilny" xAddress="Dz. U. z 1964 r. Nr 16, poz. 93">563§2 k.c.</xLexLink></xText>
          <xText>W uzasadnieniu zaznaczono, że do kwestii wadliwości dzieła odniósł się biegły sądowy w opinii pisemnej i ustnej, którą Sąd meriti uznał w pełni za wiarygodną. Zdaniem Sądu wnioski opinii potwierdziły, że wykonane przez powoda dzieło posiadało wady istotne i nieusuwalne, a niestaranne i niewłaściwe wykonanie stanowiło, iż nie nadawało się ono do wyposażenia pomieszczenia biurowego, co uzasadniało odstąpienie od umowy przez pozwaną. Powyższa konstatacja w ocenie Sądu Rejonowego prowadzi do wniosku, iż pozwana pismem z dnia 30 czerwca 2011r. skutecznie odstąpiła od umowy. Mając powyższe względy na uwadze Sąd Rejonowy oddalił powództwo w całości.</xText>
          <xText>Sąd Rejonowy przyjął, że koszty procesu stosownie do wyniku sporu obciążają powoda, jako stronę przegrywającą spór w całości i pozostawił rozstrzygnięcie w tym zakresie referendarzowi sądowemu.</xText>
          
          <xText>Apelację od powyższego wyroku wniósł powód, zaskarżając go w całości i zarzucił mu:</xText>
          <xEnum>
            <xBullet>⚫</xBullet>
            <xEnumElem>
              <xText>naruszenie <xLexLink xArt="art. 233" xIsapId="WDU19640430296" xTitle="Ustawa z dnia 17 listopada 1964 r. - Kodeks postępowania cywilnego" xAddress="Dz. U. z 1964 r. Nr 43, poz. 296">art. 233 k.p.c.</xLexLink>, jak i błędne przyjęcie nie na podstawie dowodu zgodnie z <xLexLink xArt="art. 6" xIsapId="WDU19640160093" xTitle="Ustawa z dnia 23 kwietnia 1964 r. - Kodeks cywilny" xAddress="Dz. U. z 1964 r. Nr 16, poz. 93">art. 6 k.c.</xLexLink>, a na podstawie oświadczeń strony pozwanej, które nie miały umocowania dowodowego i były sprzeczne ze stanem faktycznym, co powód wykazał we wnioskach z 12 czerwca 2012 r. udokumentowanych dowodowo zgodnie z <xLexLink xArt="art. 6" xIsapId="WDU19640160093" xTitle="Ustawa z dnia 23 kwietnia 1964 r. - Kodeks cywilny" xAddress="Dz. U. z 1964 r. Nr 16, poz. 93">art. 6 k.c.</xLexLink>, gdzie pozwana nie przedłożyła żadnego dowodu umowy stron, co do wyglądu rzeczy zleconej do wykonania, a jej zeznania są sprzeczne z zeznaniami świadka jej męża;</xText>
            </xEnumElem>
            <xEnumElem>
              <xText>pozwany podniósł zarzut powołania niewłaściwej biegłej z zakresu meblarstwa, a nie z technologii drewna, z tego względu, iż sprawa dotyczyła wadliwości materiału drewna i obróbki;</xText>
            </xEnumElem>
            <xEnumElem>
              <xText>zarzucił , iż pozwana była obecna przy wykonywaniu dzieła i nie kwestionowała ani materiału, ani sposobu łączenia i montażu elementów, a zakwestionowała do dopiero po uzyskaniu wiedzy o wysokości zapłaty według niej zawyżonej, pomimo iż nie było pisemnej umowy strony, co do sposobu wykonania dzieła ani też nie było przedstawianych żadnych szkiców zamówienia jak miałoby wyglądać, wnioski powoda 08 grudnia 2011 r., 12 czerwca 2011 r., 27 maja 2012 r., pozew 11 sierpnia 2011 r.;</xText>
            </xEnumElem>
            <xEnumElem>
              <xText>błędne przyjęcie, że pozwana uzgodniła z powodem kwotę 350 zł za wykonanie obudowy grzejnika w związku z dofinansowaniem, iż pozwana okazała powodowi przygotowany przez jej męża szkic zabudowy, co jest sprzeczne z ustaleniem biegłej str. 2 cyt. brak projektu, czy nawet rysunku poglądowego uniemożliwiał ocenę czy wyrób został wykonany zgodnie z oczekiwaniami zleceniodawcy,</xText>
            </xEnumElem>
            <xEnumElem>
              <xText>powołując się na uzasadnienie Sądu , który ustalił, iż pozwana nie określiła, czy zabudowa ma być wykonana z płyty, czy z listewek, co w jego ocenie oznacza, iż dała powodowi w tym zakresie wolną rękę, zaznaczając, iż ma to być zabudowa prosta i estetyczna, zapewniając dobry przepływ powietrza, co powód wykonał w większości, pomimo przerwania prac wykończeniowych - co dowodzi błędności ustalenia Sądu, który obwinił powoda, który miął wolną rękę do wykonania i wyboru materiału.</xText>
            </xEnumElem>
            <xEnumElem>
              <xText>Błąd w ustaleniach , iż pozwana odstąpiła od umowy o dzieło w związku z wykonaniem niezamówionego dzieła i powstaniem wad, gdzie Sąd całkowicie pominął bezsporny fakt, iż pozwana dała powodowi wolną rękę, co do zabudowy i materiału i tym samym nie mogła odstąpić od dzieła i wad, które nastąpiło nie z miejsca prac, a tylko po dowiedzeniu się o wysokości przyszłej zapłaty – gdzie pozwana prowadząca <xAnon> Agencję (...)</xAnon> miała wiedzę, iż umowa o dzieło jest podstawą przyszłych roszczeń czy reklamacji i o to nie zadbała.</xText>
            </xEnumElem>
          </xEnum>
          <xText>Skarżący wniósł o:</xText>
          <xEnum>
            <xBullet>⚫</xBullet>
            <xEnumElem>
              <xText>uchylenie zaskarżonego wyroku w całości i przekazanie sprawy Sądowi I instancji do ponownego rozpoznania z zaleceniem rozważenia zarzutów apelacji w ramach kosztu tego procesu;</xText>
            </xEnumElem>
            <xEnumElem>
              <xText>przeprowadzenie dowodu z zarzutów na zasadność w/w apelacji;</xText>
            </xEnumElem>
          </xEnum>
          <xText>ewentualnie o:</xText>
          <xEnum>
            <xBullet>⚫</xBullet>
            <xEnumElem>
              <xText>zmianę wyroku przez uznanie powództwa w całości i obciążenie kosztami postępowania pozwaną</xText>
            </xEnumElem>
            <xEnumElem>
              <xText>zasądzenie od pozwanej na jego rzecz kosztów sądowych według norm przepisanych.</xText>
            </xEnumElem>
          </xEnum>
          
          <xText>Pozwana w odpowiedzi na apelację powoda wniosła o jej oddalenie i zasądzenie od powoda na jej rzecz kosztów postępowania apelacyjnego według norm przepisanych.</xText>
          
          <xText xALIGNx="center">
            <xBx>Sąd Okręgowy zważył, co następuje:</xBx>
          </xText>
          
          <xText>Apelacja jest zasadna i zasługuje na uwzględnienie jedynie w części, jednakże z innych powodów niż wskazane w jej uzasadnieniu.</xText>
          <xText>W pierwszej kolejności wskazać należy, iż Sąd Okręgowy poddając rozwadze zarzuty skarżącego naruszenia przepisów <xLexLink xArt="art. 233" xIsapId="WDU19640430296" xTitle="Ustawa z dnia 17 listopada 1964 r. - Kodeks postępowania cywilnego" xAddress="Dz. U. z 1964 r. Nr 43, poz. 296">art. 233 k.p.c.</xLexLink> i <xLexLink xArt="art. 6" xIsapId="WDU19640160093" xTitle="Ustawa z dnia 23 kwietnia 1964 r. - Kodeks cywilny" xAddress="Dz. U. z 1964 r. Nr 16, poz. 93">6 k.c.</xLexLink> doszedł do przekonania, iż nie są one zasadne.</xText>
          <xText>Na wstępie podkreślenia wymaga, iż w doktrynie i judykaturze panuje ugruntowany pogląd, iż aby zarzucić naruszenie <xLexLink xArt="art. 233;art. 233 § 1" xIsapId="WDU19640430296" xTitle="Ustawa z dnia 17 listopada 1964 r. - Kodeks postępowania cywilnego" xAddress="Dz. U. z 1964 r. Nr 43, poz. 296">art. 233 § 1 k.p.c.</xLexLink>, skarżący powinien wskazać, jaki konkretnie dowód mający istotne znaczenie dla rozstrzygnięcia sprawy sąd uznał za wiarygodny i mający moc dowodową albo za niewiarygodny i niemający mocy dowodowej i w czym przy tej ocenie przejawia się naruszenie zasady swobodnej oceny dowodów (por. wyrok Sądu Najwyższego z dnia 18 stycznia 2002 r., I CKN 132/01, <xIx>LEX nr 53144)</xIx>. Postawienie zarzutu obrazy <xLexLink xArt="art. 233;art. 233 § 1" xIsapId="WDU19640430296" xTitle="Ustawa z dnia 17 listopada 1964 r. - Kodeks postępowania cywilnego" xAddress="Dz. U. z 1964 r. Nr 43, poz. 296">art. 233 § 1 k.p.c.</xLexLink> nie może polegać na zaprezentowaniu ustalonego przez siebie, na podstawie własnej oceny dowodów stanu faktycznego; skarżący może tylko wskazywać posługując się wyłącznie argumentami jurydycznymi, że sąd drugiej instancji rażąco naruszył zasady logicznego rozumowania oraz doświadczenia życiowego i że uchybienie to mogło mieć wpływ na wynik sprawy (por. wyrok Sądu Najwyższego z dnia 18 czerwca 2004 r., II CK 369/03 <xIx>LEX nr 174131). </xIx>Jeżeli z określonego materiału dowodowego sąd wyprowadził wnioski logicznie poprawne i zgodne z zasadami doświadczenia życiowego, to taka ocena dowodów nie narusza zasady swobodnej oceny dowodów przewidzianej w <xLexLink xArt="art. 233" xIsapId="WDU19640430296" xTitle="Ustawa z dnia 17 listopada 1964 r. - Kodeks postępowania cywilnego" xAddress="Dz. U. z 1964 r. Nr 43, poz. 296">art. 233 k.p.c.</xLexLink>, choćby dowiedzione zostało, że z tego samego materiału dałoby się wysnuć równie logiczne i zgodne z zasadami doświadczenia życiowego wnioski odmienne. Tylko w przypadku wykazania, że brak jest powiązania, w świetle kryteriów wyżej wzmiankowanych, przyjętych wniosków z zebranym materiałem dowodowym, możliwe jest skuteczne podważenie oceny dowodów dokonanej przez sąd; nie jest tu wystarczająca sama polemika naprowadzająca wnioski odmienne, lecz wymagane jest wskazanie, w czym wyraża się brak logiki lub uchybienie regułom doświadczenia życiowego w przyjęciu wniosków kwestionowanych (por. Wyrok Sądu Najwyższego z dnia 20 stycznia 2005 r., I UK 137/04, <xIx>LEX nr 602671</xIx>).</xText>
          <xText>W ocenie Sądu Okręgowego przedstawiona w uzasadnieniu zaskarżonego wyroku dokonana przez Sąd I instancji ocena dowodów jest prawidłowa i nie narusza zasad wyrażonych we wskazanym przepisie. Prawidłowo Sąd Rejonowy w oparciu o zaoferowane przez strony postępowania dowody, iż przedmiotem ustnej umowy stron było wykonanie przez powoda dzieła w postaci zabudowy grzejnika za kwotę 350 zł.</xText>
          <xText>W niniejszej sprawie stanowiska stron procesu co do przedmiotu łączącej ich umowy pozostawały sporne. Powód twierdził, iż umówił się z pozwaną na wykonanie zabudowy grzejnika wraz z blatem podokiennym o szerokości 500 mm i że z tego tytułu należy mu się wynagrodzenie w wysokości 1130,17 zł. Na powyższą okoliczność powód przedłożył wystawioną przez siebie <xAnon>fakturę Vat nr (...)</xAnon> nie podpisaną przez pozwaną oraz dowód z własnych zeznań. Pozwana zaś powyższej okoliczności zaprzeczyła wskazując, iż umówiła się z powodem wyłącznie na wykonanie zabudowy grzejnika za kwotę 350 zł. Na potwierdzenie swojego stanowiska przedłożyła dowód z własnych zeznań oraz korespondencję kierowaną do pozwanego z dnia 16.07.2011r. oraz fakt odesłania wystawionej przez pozwanego <xAnon>faktury Vat nr (...)</xAnon> jako bezpodstawnie wystawionej.</xText>
          <xText>Przesłuchani przez Sąd Rejonowy świadkowie nie posiadali bezpośredniej wiedzy na temat treści zawartej między stronami umowy. Żaden z nich nie brał bowiem udziału przy jej przez strony.</xText>
          <xText>Biorąc powyższe okoliczności wynikające z przeprowadzonych przez Sąd Rejonowy dowodów – Sąd Okręgowy doszedł do wniosku, iż prawidłowe było ustalenie Sądu I instancji , iż powód nie udowodnił aby zawarł z pozwaną również umowę na wykonanie zabudowy ściennej blatu jak również tego, iż za wykonanie dzieła należy mu się wynagrodzenie w kwocie dochodzonej pozwem. Zarzuty powoda w tym względzie należało uznać za bezzasadne.</xText>
          <xText>Przepis <xLexLink xArt="art. 6" xIsapId="WDU19640160093" xTitle="Ustawa z dnia 23 kwietnia 1964 r. - Kodeks cywilny" xAddress="Dz. U. z 1964 r. Nr 16, poz. 93">art. 6 k.c.</xLexLink> znajdujący swoje odzwierciedlenie w <xLexLink xArt="art. 232" xIsapId="WDU19640430296" xTitle="Ustawa z dnia 17 listopada 1964 r. - Kodeks postępowania cywilnego" xAddress="Dz. U. z 1964 r. Nr 43, poz. 296">art. 232 k.p.c.</xLexLink>, w sposób wyraźny reguluje rozkład ciężaru dowodu w procesie cywilnym przesądzając, iż ciężar udowodnienia faktów spoczywa na osobie, która z faktu tego wywodzi skutki prawne. Powyższa regulacja dla rozpoznania niniejszej sprawy oznaczała, iż to na stronie powodowej spoczywał obowiązek wykazania tego, co było przedmiotem zwartej umowy i jakie wynagrodzenie strony ustaliły z tytułu jej wykonania. Zgodnie bowiem z powołanym przepisem to na powodzie ciąży obowiązek wykazania faktów, z których wywodzone jest dochodzone roszczenie (tworzących prawo podmiotowe) , natomiast po stronie pozwanej spoczywa obowiązek dowiedzenia faktów uzasadniających jego zarzuty przeciwko roszczeniu powoda.</xText>
          <xText>Dodatkowo podkreślić należy, iż w sytuacji, w której pozwany ogranicza się do zaprzeczenia twierdzeniom pozwu, powód nie jest zwolniony od przytoczenia faktów, które są niezbędne do dokonania subsumcji materialnoprawnej, stanowiącej podstawę faktyczną i materialnoprawną podstawę wyroku. Jeżeli strona powodowa nie zaoferuje sądowi wiarygodnych dowodów uzasadniających m.in. treść łączącego je stosunku prawnego czy wysokość dochodzonego w procesie roszczenia, a pozwany ograniczył się do zaprzeczenia, to zgłoszone żądanie może być uwzględnione przez sąd jedynie do wysokości niekwestionowanej przez stronę przeciwną, gdyż w tym zakresie nie ma sporu pomiędzy stronami. Tak więc, skoro w rozpoznawanej sprawie powód nie przedstawił żadnego obiektywnego dowodu potwierdzającego jego twierdzenia, to uzasadnionym jest przyjęcie, iż strony umówiły się na zapłatę kwoty 350 zł za wykonanie dzieła w postacie zabudowy grzejnika c.o., gdyż tylko taką okoliczność potwierdziła pozwana. Prawidłowo bowiem Sąd Rejonowy ustalił, iż za taki dowód nie można uznać gołosłownych twierdzeń powoda. Takiego dowodu nie stanowi bowiem wystawiona faktura Vat, nie podpisana i odesłana przez pozwaną jako bezpodstawnie wystawiona. W ocenie Sądu również zachowanie pozwanej zarówno podczas wykonywania przez pozwanego umowy jak równie w trakcie niniejszego postępowania wskazuje, iż nie doszło między stronami do złożenia zgodnych oświadczeń woli stron co do tego, iż przedmiot umowy dotyczył również zabudowy ściany blatu. Odnośnie wysokości roszczenia dochodzonego pozwem, zwrócić należy uwagę, iż powód wskazywał, iż wysokość wynagrodzenie ustalił w oparciu o ilość roboczogodzin pracy poświęconej na wykonywanie dzieła , w trakcie procesu nie wskazywał, iż taki sposób ustalenia wynagrodzenia został z pozwaną umówiony przy zawieraniu umowy.</xText>
          <xText>Skoro zatem powód nie udowodnił, iż strony umówiły się na wyższe wynagrodzenie niż 350 zł. , to w ocenie Sądu Okręgowego wskazywane przez skarżącego w apelacji błędy w ustaleniach faktycznych Sądu Rejonowego odnośnie tego, iż towarzystwo ubezpieczeniowe przyznało pozwanej jako swojemu agentowi kwotę 350 zł. jako refundację kosztów zabudowy grzejnika c.o. w sytuacji gdy z załączonych do akt sprawy dokumentów wynika, iż kwota 350 zł. stanowiła jedynie 50% zaliczki wypłaconej na poczet refundacji tych kosztów nie miało znaczenia dla rozstrzygnięcia niniejszego postępowania.</xText>
          <xText>Jak już powyżej zaznaczono, stosownie do podstawowej reguły dowodowej ustanowionej <xLexLink xArt="art. 6" xIsapId="WDU19640160093" xTitle="Ustawa z dnia 23 kwietnia 1964 r. - Kodeks cywilny" xAddress="Dz. U. z 1964 r. Nr 16, poz. 93">art. 6 k.c.</xLexLink>, ciężar udowodnienia faktów spoczywa na osobie, która z faktu tego wywodzi skutki prawne. Zatem to przede wszystkim powoda obciążał obowiązek wykazania zakresu zamówienia. Jak słusznie zauważył Sąd I instancji zawnioskowani przez powoda świadkowie <xAnon>E. P.</xAnon> i <xAnon>E. K.</xAnon> nie byli obecni przy zawieraniu przez strony ustnej umowy i nie znali treści ustaleń stron, co do zakresu i sposobu wykonania zabudowy, także wystawiona jednostronnie przez powoda faktura jako dokument prywatny stanowiła jedynie dowód tego, że osoba, która go podpisała złożyła oświadczenie zawarte w dokumencie. W tym stanie rzeczy oczywistym jest, iż to powód nie sprostał obowiązkowi dowodowemu.</xText>
          
          <xText>Pomimo dokonania przez Sąd Rejonowy prawidłowych ustaleń faktycznych w zakresie istotnych postanowień łączącej strony umowy o dzieło , Sąd Okręgowy doszedł do wniosku, iż rozstrzygnięcie Sądu I instancji narusza przepisy prawa materialnego tj. <xLexLink xArt="art. 637" xIsapId="WDU19640160093" xTitle="Ustawa z dnia 23 kwietnia 1964 r. - Kodeks cywilny" xAddress="Dz. U. z 1964 r. Nr 16, poz. 93">art. 637 k.c.</xLexLink> 560<xLexLink xArt="§ 1" xIsapId="WDU19640160093" xTitle="Ustawa z dnia 23 kwietnia 1964 r. - Kodeks cywilny" xAddress="Dz. U. z 1964 r. Nr 16, poz. 93">§1 k.c.</xLexLink> i <xLexLink xArt="art. 494" xIsapId="WDU19640160093" xTitle="Ustawa z dnia 23 kwietnia 1964 r. - Kodeks cywilny" xAddress="Dz. U. z 1964 r. Nr 16, poz. 93">494 k.c.</xLexLink></xText>
          <xText>Zgodzić należy się ze stanowiskiem Sądu I instancji, że istotnym dla rozstrzygnięcia sprawy było ustalenie czy powód wykonał dzieło zgodnie z zamówieniem i czy dzieło posiadało wady istotne uzasadniające odstąpienie od umowy.</xText>
          <xText>W ocenie Sądu Okręgowego – Sąd Rejonowy, wbrew niespornej pomiędzy stronami sporu, potwierdzonej w opinii biegłego okoliczności nie zważył, iż powód nie wykonał umówionego dzieła , nie wydał go pozwanej a ta nie dokonała jego odbioru. Pominięcie przez Sąd I instancji tej okoliczności spowodowało, iż Sąd ten dokonał oceny dochodzonego roszczenia pod kątem zgłoszonych przez pozwaną zarzutów dotyczących jego wad istotnych i odstąpienia na tej podstawie od łączącej strony umowy, co w świetle treści przepisu <xLexLink xArt="art. 636;art. 636 § 1" xIsapId="WDU19640160093" xTitle="Ustawa z dnia 23 kwietnia 1964 r. - Kodeks cywilny" xAddress="Dz. U. z 1964 r. Nr 16, poz. 93">art. 636§1 k.c.</xLexLink> było nieprawidłowe. Natomiast o  istnieniu wad dzieła można mówić dopiero od momentu jego wydania przez wykonawcę zamawiającemu. W świetle przyjętej w <xLexLink xArt="" xIsapId="WDU19640160093" xTitle="Ustawa z dnia 23 kwietnia 1964 r. - Kodeks cywilny" xAddress="Dz. U. z 1964 r. Nr 16, poz. 93">kodeksie cywilnym</xLexLink> regulacji Sąd Okręgowy stoi na stanowisku, iż dopóki dzieło nie zostało wydane, po stronie zamawiającego nie powstają uprawnienie z tytułu rękojmi za wady rzeczy.</xText>
          <xText><xLexLink xArt="art. 636;art. 636 § 1" xIsapId="WDU19640160093" xTitle="Ustawa z dnia 23 kwietnia 1964 r. - Kodeks cywilny" xAddress="Dz. U. z 1964 r. Nr 16, poz. 93">Art. 636 § 1 k.c.</xLexLink>, pozwala zamawiającemu na odstąpienie od umowy jeszcze przed wykonaniem dzieła oraz zgłoszeniem go do odbioru (por. wyrok Sądu Apelacyjnego w Poznaniu z dnia 15 grudnia 2010 r., I ACa 788/10, Lex nr 898655). Powołany przepis w sposób szczególny określa uprawnienia zamawiającego w sytuacji gdy przyjmujący zamówienie wykonywa dzieło w sposób wadliwy albo sprzeczny z umową. Przewiduje on mianowicie , iż w takiej sytuacji zamawiający może wezwać wykonawcę do zmiany sposobu wykonania dzieła i wyznaczyć mu w tym celu odpowiedni termin. Dopiero po bezskutecznym upływie wyznaczonego terminu zamawiający może od umowy odstąpić albo powierzyć poprawienie lub dalsze wykonanie dzieła innej osobie na koszt i niebezpieczeństwo wykonawcy. Analiza treści powyższej regulacji prowadzi do wniosku, iż przewidziane tym przepisem uprawnienie do odstąpienia od umowy uzależnione jest od wyznaczenia przez zamawiającego wykonawcy – <xBx>odpowiedniego</xBx> terminu do zmiany sposobu wykonania dzieła i bezskutecznego upływu tego terminu. Tylko spełnienie kumulatywnie obu przesłanek stanowi podstawę do odstąpienia przez zamawiającego od zawartej umowy o dzieło.</xText>
          <xText>Przenosząc powyższe rozważania na grunt rozpoznawanej sprawy wskazać należy, iż zgromadzony materiał dowodowy wskazuje że choć w dniu 22 czerwca 2011 r. pozwana dążyła do dokonania zmian w sposobie wykonywania dzieła, to jednak żądania pozwanej dotyczyły wyłącznie obudowy ściany ( blatów ) – co jak wyżej ustalono w ogóle nie było objęte przedmiotem umowy stron i mimo to powód kontynuował sposób wykonywania prac. Pozwana nie zaoferowała natomiast żadnego dowodu potwierdzającego, iż wzywała powoda do zmiany sposobu wykonania obudowy grzejnika i aby wyznaczyła mu w tym celu odpowiedni termin.</xText>
          <xText>Kiedy zaś w dniu 24 czerwca 2011 r. powód zgłosił się celem dalszego wykonywania prac, pozwana wyprosiła go z biura, wskazując, iż wykonuje dzieło niezgodnie z zamówieniem i wadliwie. Ostatecznie pozwana w piśmie z dnia 30 czerwca 2011 r. złożyła oświadczenie o odstąpieniu od umowy o dzieło w związku z wykonaniem niezamówionego dzieła oraz powstaniem wad istotnych, których nie da się usunąć.</xText>
          <xText>Powyższe okoliczności w ocenie Sądu Okręgowego rzutują na ocenę uprawnienia pozwanej do odstąpienia od umowy. Wobec tego , iż wykonawca nie wykonał umówionego dzieła i nie wydał go pozwanej – powódce nie przysługiwały uprawnienia z tytułu rękojmi za wady a zatem wbrew twierdzeniom Sądu Rejonowego nie przysługiwało jej uprawnienie do odstąpienia od umowy. Wobec tego , iż nie wyznaczyła powodowi terminu do zmiany sposobu wykonania zabudowy grzejnika c.o. nie mogła skutecznie odstąpić od umowy w oparciu o treść <xLexLink xArt="art. 636" xIsapId="WDU19640160093" xTitle="Ustawa z dnia 23 kwietnia 1964 r. - Kodeks cywilny" xAddress="Dz. U. z 1964 r. Nr 16, poz. 93">art. 636 k.c.</xLexLink></xText>
          <xText>Niemniej jednak wskazania wymaga, że generalnie stosunek prawno-zobowiązaniowy łączący strony umowy o dzieło ustaje z chwilą wypełnienia świadczeń przez każdego z jego kontrahentów (zamawiającego i przyjmującego zamówienie). W określonych w <xLexLink xArt="" xIsapId="WDU19640160093" xTitle="Ustawa z dnia 23 kwietnia 1964 r. - Kodeks cywilny" xAddress="Dz. U. z 1964 r. Nr 16, poz. 93">kodeksie cywilnym</xLexLink> (albo wynikających z umowy o dzieło) sytuacjach może dojść jednak do wcześniejszego ustania tego stosunku, w szczególności wskutek zrealizowania prawa odstąpienia przewidzianego w <xLexLink xArt="art. 644" xIsapId="WDU19640160093" xTitle="Ustawa z dnia 23 kwietnia 1964 r. - Kodeks cywilny" xAddress="Dz. U. z 1964 r. Nr 16, poz. 93">art. 644 k.c.</xLexLink> Prawo do odstąpienia od umowy na podstawie <xLexLink xArt="art. 644" xIsapId="WDU19640160093" xTitle="Ustawa z dnia 23 kwietnia 1964 r. - Kodeks cywilny" xAddress="Dz. U. z 1964 r. Nr 16, poz. 93">art. 644 k.c.</xLexLink> przysługuje zamawiającemu w każdym czasie aż do momentu ukończenia dzieła. Zamawiający realizuje wskazane prawo przez złożenie jednostronnego oświadczenia woli.</xText>
          <xText>W przekonaniu Sądu Okręgowego skoro pozwana pismem z dnia 30 czerwca 2011 r. odstąpiła od umowy o dzieło przed jego ukończeniem, to zrealizowała swe prawo do odstąpienia od umowy, o którym stanowi <xLexLink xArt="art. 644" xIsapId="WDU19640160093" xTitle="Ustawa z dnia 23 kwietnia 1964 r. - Kodeks cywilny" xAddress="Dz. U. z 1964 r. Nr 16, poz. 93">art. 644 k.c.</xLexLink>, wobec czego ten przepis powinien stanowić podstawę dla wzajemnych rozliczeń stron sporu.</xText>
          <xText>Istotnym jest tu, że w wypadku odstąpienia przez zamawiającego od umowy na podstawie <xLexLink xArt="art. 644" xIsapId="WDU19640160093" xTitle="Ustawa z dnia 23 kwietnia 1964 r. - Kodeks cywilny" xAddress="Dz. U. z 1964 r. Nr 16, poz. 93">art. 644 k.c.</xLexLink> przepisy o rękojmi za wady dzieła, w tym <xLexLink xArt="art. 560;art. 560 § 3" xIsapId="WDU19640160093" xTitle="Ustawa z dnia 23 kwietnia 1964 r. - Kodeks cywilny" xAddress="Dz. U. z 1964 r. Nr 16, poz. 93">art. 560 § 3</xLexLink> w zw. z <xLexLink xArt="art. 638" xIsapId="WDU19640160093" xTitle="Ustawa z dnia 23 kwietnia 1964 r. - Kodeks cywilny" xAddress="Dz. U. z 1964 r. Nr 16, poz. 93">art. 638 k.c.</xLexLink>, nie mają zastosowania. W wypadku odstąpienia od umowy o dzieło na podstawie <xLexLink xArt="art. 644" xIsapId="WDU19640160093" xTitle="Ustawa z dnia 23 kwietnia 1964 r. - Kodeks cywilny" xAddress="Dz. U. z 1964 r. Nr 16, poz. 93">art. 644 k.c.</xLexLink> zamawiający ma obowiązek dokonania jednoczesnej z odstąpieniem od umowy zapłaty określonego w tej umowie wynagrodzenia. W związku z odstąpieniem od umowy o dzieło na podstawie <xLexLink xArt="art. 644" xIsapId="WDU19640160093" xTitle="Ustawa z dnia 23 kwietnia 1964 r. - Kodeks cywilny" xAddress="Dz. U. z 1964 r. Nr 16, poz. 93">art. 644 k.c.</xLexLink>, od wskazanego w tej umowie wynagrodzenia zamawiający może odliczyć to, co przyjmujący zamówienie oszczędził z powodu niewykonania dzieła. Oszczędnością może być w tym wypadku w szczególności wartość majątkowa wszystkiego, co przyjmujący zamówienie musiałby zużyć do wykonania dzieła, a co wskutek zaniechania wykonywania dzieła może wykorzystać zarobkowo w inny sposób. Ciężar dowodu powstania oszczędności przyjmującego zamówienie spoczywa w tej sytuacji na zamawiającym (<xLexLink xArt="art. 6" xIsapId="WDU19640160093" xTitle="Ustawa z dnia 23 kwietnia 1964 r. - Kodeks cywilny" xAddress="Dz. U. z 1964 r. Nr 16, poz. 93">art. 6 k.c.</xLexLink>) (por. Kozieł Grzegorz, Komentarz do art. 644 Kodeksu cywilnego, Kidyba Andrzej (red.), Gawlik Zdzisław, Janiak Andrzej, Kopaczyńska-Pieczniak Katarzyna, Kozieł Grzegorz, Niezbecka Elżbieta, Sokołowski Tomasz, Kodeks cywilny. Komentarz. Tom III. Zobowiązania - część szczególna, LEX, 2010).</xText>
          <xText>W rezultacie, jeżeli wynagrodzenie przyjmującego zlecenie ustalono na 350 zł, to od tej kwoty zamawiający mógł odliczyć to, co przyjmujący zamówienie oszczędził z powodu niewykonania dzieła. Jak już wyżej wskazano ciężar dowodu powstania oszczędności przyjmującego zamówienie spoczywa na zamawiającym (<xLexLink xArt="art. 6" xIsapId="WDU19640160093" xTitle="Ustawa z dnia 23 kwietnia 1964 r. - Kodeks cywilny" xAddress="Dz. U. z 1964 r. Nr 16, poz. 93">art. 6 k.c.</xLexLink>). Pozwana – zamawiający, natomiast nie wykazała, ile powód zaoszczędził nie wykonując dzieła, w związku czym uzasadnionym było przyjęcie, że powodowi należy się kwota 350 zł.</xText>
          
          <xText>W tej sytuacji zdaniem Sądu Okręgowego rozstrzygnięcie niniejszej sprawy nie wymagało sięgania do wiadomości specjalnych i przeprowadzenia dowodu z opinii biegłego sądowego na okoliczność ustalenia czy wykonana przez powoda zabudowa ma wady i jakie. Powyższe zaś prowadzi do wniosku, iż zarzuty skarżącego , że Sąd I instancji powołał biegłego złej specjalności są nieistotne. W tej sytuacji także podnoszona przez skarżącego okoliczność, że pozwana nie przedłożyła żadnego dowodu umowy stron, co do wyglądu rzeczy zleconej do wykonania i że twierdzenia jej są sprzeczne z zeznaniami świadka <xAnon>A. G.</xAnon> i ustaleniami biegłej oraz że pozwana pozostawiła mu, jak to określił „wolną rękę”, co do materiału, z jakiego miało być wykonane dzieło należało uznać za bezprzedmiotowe.</xText>
          <xText>Reasumując, Sąd Okręgowy doszedł do przekonania, iż okoliczności sprawy przesądzają, iż pozwana jako zamawiająca swoim oświadczeniem z dnia 30.06.2011r. odstąpiła od łączącej strony umowy o wykonanie zabudowy grzejnika c.o. w trybie <xLexLink xArt="art. 644" xIsapId="WDU19640160093" xTitle="Ustawa z dnia 23 kwietnia 1964 r. - Kodeks cywilny" xAddress="Dz. U. z 1964 r. Nr 16, poz. 93">art. 644 k.c.</xLexLink> a to oznacza , iż obowiązana jest do zapłaty powodowi umówionego wynagrodzenia w kwocie 644 <xLexLink xArt="" xIsapId="WDU19640160093" xTitle="Ustawa z dnia 23 kwietnia 1964 r. - Kodeks cywilny" xAddress="Dz. U. z 1964 r. Nr 16, poz. 93">k.c.</xLexLink> albowiem w niniejszym postępowania nie wykazała aby pozwany cokolwiek zaoszczędził nie wykonując zamówionego dzieła w całości. Powyższe zaś spowodowało, iż Sąd Okręgowy na zasadzie <xLexLink xArt="art. 386;art. 386 § 1" xIsapId="WDU19640430296" xTitle="Ustawa z dnia 17 listopada 1964 r. - Kodeks postępowania cywilnego" xAddress="Dz. U. z 1964 r. Nr 43, poz. 296">art. 386§1 k.p.c.</xLexLink> zmienił w tej części zaskarżony wyrok i na mocy <xLexLink xArt="art. 644" xIsapId="WDU19640160093" xTitle="Ustawa z dnia 23 kwietnia 1964 r. - Kodeks cywilny" xAddress="Dz. U. z 1964 r. Nr 16, poz. 93">art. 644 k.c.</xLexLink> i <xLexLink xArt="art. 481;art. 481 § 1" xIsapId="WDU19640160093" xTitle="Ustawa z dnia 23 kwietnia 1964 r. - Kodeks cywilny" xAddress="Dz. U. z 1964 r. Nr 16, poz. 93">art. 481 §1 k.c.</xLexLink> zasądził od pozwanej <xAnon>E. G.</xAnon> na rzecz powoda <xAnon>J. P.</xAnon> kwotę 350 zł. wraz z ustawowymi odsetkami od dnia 20 lipca 2011r. do dnia zapłaty a w pozostałej części powództwo jako nieudowodnione oddalił.</xText>
          <xText>W pozostałej części uznając apelację za niezasadną na mocy <xLexLink xArt="art. 385" xIsapId="WDU19640430296" xTitle="Ustawa z dnia 17 listopada 1964 r. - Kodeks postępowania cywilnego" xAddress="Dz. U. z 1964 r. Nr 43, poz. 296">art. 385 k.p.c.</xLexLink> Sąd Okręgowy apelację powoda oddalił orzekając jak w pkt II wyroku.</xText>
          <xText>Zmiana orzeczenia Sądu Rejonowego wymagała korekty w zakresie kosztów postępowania w ten sposób, iż na zasadzie <xLexLink xArt="art. 108;art. 108 § 1;art. 108 § 1 zd. 2" xIsapId="WDU19640430296" xTitle="Ustawa z dnia 17 listopada 1964 r. - Kodeks postępowania cywilnego" xAddress="Dz. U. z 1964 r. Nr 43, poz. 296">art. 108§1 zdanie drugie k.p.c.</xLexLink> pozostawił rozstrzygniecie o kosztach postępowania przed sądem I instancji referendarzowi sądowemu według zasady stosunkowego rozdziału kosztów ( <xLexLink xArt="art. 100" xIsapId="WDU19640430296" xTitle="Ustawa z dnia 17 listopada 1964 r. - Kodeks postępowania cywilnego" xAddress="Dz. U. z 1964 r. Nr 43, poz. 296">art. 100 k.p.c.</xLexLink> ) w proporcji: 30,97% wygrana powoda i 69,03% wygrana pozwanej.</xText>
          <xText>O kosztach postępowania przed Sądem II instancji - Sąd Okręgowy orzekł w pkt III sentencji wyroku na podstawie <xLexLink xArt="art. 100" xIsapId="WDU19640430296" xTitle="Ustawa z dnia 17 listopada 1964 r. - Kodeks postępowania cywilnego" xAddress="Dz. U. z 1964 r. Nr 43, poz. 296">art. 100 k.p.c.</xLexLink> w zw. z <xLexLink xArt="art. 108;art. 108 § 1" xIsapId="WDU19640430296" xTitle="Ustawa z dnia 17 listopada 1964 r. - Kodeks postępowania cywilnego" xAddress="Dz. U. z 1964 r. Nr 43, poz. 296">art. 108 § 1 k.p.c.</xLexLink> w zw. z <xLexLink xArt="§ 12;§ 12 ust. 1;§ 12 ust. 1 pkt. 1" xIsapId="WDU20021631349" xTitle="Rozporządzenie Ministra Sprawiedliwości z dnia 28 września 2002 r. w sprawie opłat za czynności radców prawnych oraz ponoszenia przez Skarb Państwa kosztów pomocy prawnej udzielonej przez radcę prawnego ustanowionego z urzędu" xAddress="Dz. U. z 2002 r. Nr 163, poz. 1349">§ 12 ust. 1 pkt 1 rozporządzenia Ministra Sprawiedliwości z dnia 28 września 2002 r. w sprawie opłat za czynności radców prawnych oraz ponoszenia przez Skarb Państwa kosztów pomocy prawnej udzielonej przez radcę prawnego ustanowionego z urzędu</xLexLink> (Dz. U. z 2002 r. Nr 163, poz.1349) i dokonał ich wzajemnego rozliczenia między stronami przy uwzględnieniu proporcji 30,97% wygrana powoda i 69,03% wygrana pozwanej.</xText>
        </xUnit>
      </xBlock>
    </xPart>
  </judgement>
<judgement id="154500000003003_VI_ACa_001411_2012_Uz_2013-04-19_001">
    <xPart xEditorFullName="Agnieszka Hydzik" xYear="2012" xLang="PL" xPublisherFullName="Agnieszka Hydzik" xFromPg="1" xEditor="ahydzik" xVolType="15/450000/0003003/ACa" xPublisher="ahydzik" xDocType="Uz" xVolNmbr="001411" xVersion="1.0" xToPage="8" xFlag="published">
      <xName>Wyrok+Uzasadnienie</xName>
      <xBlock>
        <xText>Sygn. akt VIA Ca 1411/12</xText>
        
        <xUnit xIsTitle="true" xType="part" xBold="true">
          <xName>WYROK</xName>
          <xTitle>W IMIENIU RZECZYPOSPOLITEJ POLSKIEJ</xTitle>
          <xText xALIGNx="right">
            <xBx>Dnia 19 kwietnia 2013 r.</xBx>
          </xText>
          
          <xText>
            <xBx>Sąd Apelacyjny w Warszawie  VI Wydział Cywilny w składzie: </xBx>
          </xText>
          
          <xText>
            <xBx>
      Przewodniczący – Sędzia SA– Agata Zając </xBx>
          </xText>
          <xText>
            <xBx>Sędzia SA– Teresa Mróz (spr.) </xBx>
          </xText>
          <xText>
            <xBx>
       Sędzia SA – Krzysztof Tucharz </xBx>
          </xText>
          <xText>
            <xBx>
      Protokolant– sekr. sąd. Agnieszka Janik </xBx>
          </xText>
          <xText>
            <xBx>po rozpoznaniu w dniu 19 kwietnia 2013 r. w Warszawie</xBx>
          </xText>
          <xText>
            <xBx>na rozprawie </xBx>
          </xText>
          <xText>
            <xBx>sprawy z powództwa <xAnon> (...) Sp. z o.o.</xAnon> w <xAnon>W.</xAnon></xBx>
          </xText>
          <xText>
            <xBx>przeciwko <xAnon> (...) Sp. z o.o.</xAnon> w <xAnon>W.</xAnon></xBx>
          </xText>
          <xText>
            <xBx>o zapłatę</xBx>
          </xText>
          <xText>
            <xBx>na skutek apelacji pozwanego </xBx>
          </xText>
          <xText>
            <xBx>od wyroku Sądu Okręgowego w Warszawie</xBx>
          </xText>
          <xText>
            <xBx>z dnia 26 kwietnia 2012 r.</xBx>
          </xText>
          <xText>
            <xBx>sygn. akt XX GC 227/10</xBx>
          </xText>
          <xText>
            <xBx> I oddala apelację;</xBx>
          </xText>
          <xText>
            <xBx>II zasądza od <xAnon> (...) Sp. z o.o.</xAnon> w <xAnon>W.</xAnon> na rzecz <xAnon> (...) Sp. z o.o.</xAnon> w <xAnon>W.</xAnon> kwotę 2.700 zł (dwa tysiące siedemset) tytułem zwrotu kosztów postępowania apelacyjnego. </xBx>
          </xText>
          
          <xText>
            <xBx>Sygn. akt VI A Ca 1411/12</xBx>
          </xText>
        </xUnit>
        <xUnit xIsTitle="true" xType="part" xBold="true">
          <xName>UZASADNIENIE</xName>
          <xText>Powódka <xAnon> (...) Spółka z o.o.</xAnon> wniosła o zasądzenie od pozwanej <xAnon> (...) Spółki z o. o.</xAnon> kwoty 131.852,53 zł z ustawowymi odsetkami od dnia 27 września 2009 r. do dnia zapłaty.</xText>
          <xText>Nakazem zapłaty z dnia 12 marca 2010 r. Sąd Okręgowy w Warszawie w całości uwzględnił powództwo.</xText>
          <xText>Pozwana wniosła sprzeciw, w którym zarzuciła, że z powódką nie łączy jej żaden stosunek prawny. Stwierdziła, że wierzytelność dochodzona z <xAnon>faktury nr (...)</xAnon> z dnia 27 sierpnia 2009 r. w kwocie 112.708,76 spłaciła na konto wskazane przez swojego wierzyciela <xAnon> (...) Spółka z o.o.</xAnon>, natomiast pozostałe do zapłaty 10.500,00 zł zobowiązała się spłacić w najbliższym terminie.</xText>
          <xText>Pozwana wniosła o oddalenie powództwa w całości.</xText>
          <xText>Wyrokiem z dnia 26 kwietnia 2012 r. Sąd Okręgowy w Warszawie zasądził od pozwanej na rzecz powódki kwotę 131.852,53 zł z odsetkami ustawowymi od dnia 27 września 2009 r. do dnia zapłaty i orzekł o kosztach procesu.</xText>
          <xText>Orzeczenie powyższe zapadło na podstawie następujących ustaleń faktycznych i rozważań prawnych Sadu pierwszej instancji:</xText>
          <xText>Powódka w dniu 29 kwietnia 2008 r. zawarła z <xAnon> (...) Spółką z o.o.</xAnon> w <xAnon>L.</xAnon> umowę factoringu nabywając wierzytelności przysługujące powyższej spółce oraz zobowiązała się do nabywania przysługujących jej przyszłych wierzytelności. Umowa obejmowała również wierzytelność wynikającą z <xAnon>faktury nr (...)</xAnon> z dnia 27 sierpnia 2009 r. w kwocie dochodzonej pozwem. Rozwiązanie umowy factoringu nastąpiło na mocy <xAnon>aneksu nr (...)</xAnon> do umowy factoringu z dnia 30 grudnia 2009 r. z dniem 30 grudnia 2009 r.</xText>
          <xText>Pismem z dnia 16 czerwca 2008 r. zatytułowanym „Zawiadomienie o cesji” poinformowana została o dokonanej na rzecz powódki cesji wierzytelności istniejących i przyszłych przysługujących <xAnon> (...) spółce z o.o.</xAnon> Wskazano rachunek powódki jako jedyny właściwy do skutecznego regulowania zobowiązań z tytułu wystawionej faktury, a jego zmiana nie mogła nastąpić bez uprzedniej pisemnej zgody powódki. Informacja o przelaniu wierzytelności figurowała również na <xAnon>fakturze nr (...)</xAnon>, której odbiór pozwana potwierdziła. W fakturze wskazano również, że wynikające z niej zobowiązanie wygasa jedynie po zapłacie na wskazany rachunek należący do powódki.</xText>
          <xText>Powódka pismem z dnia 15 grudnia 2009 r. wezwała pozwaną do zapłaty zaległych należności, w tym również wynikającej z powyższej faktury w kwocie 131.852,53 zł.</xText>
          <xText>Pozwana w sprzeciwie wniesionym od nakazu zapłaty wydanego w postępowaniu upominawczym, wnosząc o oddalenie powództwa, wskazała, że należność wynikająca z <xAnon>faktury nr (...)</xAnon> zapłaciła, a spłata nastąpiła zgodnie z dyspozycją wystawcy faktury tj. <xAnon> (...) Spółki z o. o.</xAnon> P:o wniesieniu sprzeciwu pozwana uzyskała wiedzę, że między powódką a <xAnon> (...) Spółką z o. o.</xAnon> doszło do zawarcia ugody, mocą której ta ostatnia spółka miała zapłacić powódce między innymi należność wynikającą z <xAnon>faktury nr (...)</xAnon>. Takie zobowiązanie jednak nie wynika z treści ugody zawartej w dniu 12 maja 2010 r. Powódka oświadczyła, że postanowienia ugody nie zostały przez <xAnon> (...) Spółkę z o. o.</xAnon> zrealizowane. Pozwana przedstawiła oświadczenie z dnia 13 maja 2010 r., w którym <xAnon> (...) Spółka z o. o.</xAnon> stwierdza, że wierzytelność pozwanej z <xAnon>faktury (...)</xAnon> wynosi 10.499 zł oraz, że pozwana nie jest zobowiązania wobec niej jak i wobec powódki do zapłaty innych należności poza wyżej wskazaną.</xText>
          <xText>W tym stanie faktycznym Sąd Okręgowy uznał, że roszczenie powódki jest uzasadnione.</xText>
          <xText>W ocenie Sądu Okręgowego w sprawie niniejszej brak jest podstaw do kwestionowania zwartej między powódką a <xAnon> (...) Spółką z o. o.</xAnon> umowy faktorignu. W ocenie Sądu powódka w prawidłowy sposób wykazała również, że pozwana skutecznie poinformowana została o dokonanym przelewie wierzytelności. Faktura stwierdzająca dochodzone pozwem roszczenie pochodzi z 27 sierpnia 2008 r., natomiast o przelewie wierzytelności pozwana powiadomiona została pismem z dnia 16 czerwca 2008 r. ze wskazaniem rachunku, na jaki mają być dokonywane płatności. Ponadto pozwana nie kwestionuje faktu poinformowania jej o dokonanym przelewie.</xText>
          <xText>Wobec powyższego pozwana nie korzysta z ochrony, jaką gwarantuje jej <xLexLink xArt="art. 512" xIsapId="WDU19640160093" xTitle="Ustawa z dnia 23 kwietnia 1964 r. - Kodeks cywilny" xAddress="Dz. U. z 1964 r. Nr 16, poz. 93">art. 512 k.c.</xLexLink>, co sprawia, że częściowe spełnienie dochodzonego pozwem świadczenia do rąk poprzedniego wierzyciela jest świadczeniem spełnionym do rąk osoby nieuprawnionej, o którym mowa w <xLexLink xArt="art. 452" xIsapId="WDU19640160093" xTitle="Ustawa z dnia 23 kwietnia 1964 r. - Kodeks cywilny" xAddress="Dz. U. z 1964 r. Nr 16, poz. 93">art. 452 k.c.</xLexLink> W związku z tym zobowiązanie nie wygasa i powoduje konieczność spełnienia go do rąk wierzyciela wynikającego z umowy factoringu, w tym wypadku powódki. Pozwana usiłowała w przedmiotowej sprawie wykazać, że zachodzą przesłanki z <xLexLink xArt="art. 452" xIsapId="WDU19640160093" xTitle="Ustawa z dnia 23 kwietnia 1964 r. - Kodeks cywilny" xAddress="Dz. U. z 1964 r. Nr 16, poz. 93">art. 452 k.c.</xLexLink> tj. skutek niewygaśnięcia zobowiązania nie nastąpił w zakresie, w jakim wierzyciel ze świadczenia skorzystał. Sąd podkreślił, że zobowiązanie, na które powołuje się pozwana, jakoby <xAnon> (...) spółka z o. o.</xAnon> miała przelać na rzecz powódki kwotę wpłaconą jej przez pozwaną w wykonaniu świadczenia wynikającego z <xAnon>faktury (...)</xAnon>, nie wynika z treści ugody z dnia 12 maja 2010 r., pozwana nie wykazała, by do takiego przelewu doszło. Zatem Sąd uznał, że do przelewu takiego doszło.</xText>
          <xText>Za nieistotne dla rozstrzygnięcia sprawy Sąd uznał rozwiązanie umowy factoringu z dniem 30 grudnia 2009 r. Rozwiązanie takiej umowy nie powoduje automatycznie cesji zwrotnej wierzytelności nabytych przez powódkę w czasie trwania umowy, a ponadto skutek taki aneksu rozwiązującego umowę nie wynika też z jego treści. W sprawie nie został przedstawiony dowód potwierdzający dokonanie przez powódkę cesji zwrotnej, w szczególności brak jest pisemnej zgody na zmianę rachunku wskazanego jako właściwy na <xAnon>fakturze (...)</xAnon>. Odsetki od należności głównej zasądzone zostały od dnia następnego po upływie terminu do zapłaty należności z <xAnon>faktury (...)</xAnon>.</xText>
          <xText>O kosztach procesu orzeczono na podstawie na podstawie <xLexLink xArt="art. 98" xIsapId="WDU19640430296" xTitle="Ustawa z dnia 17 listopada 1964 r. - Kodeks postępowania cywilnego" xAddress="Dz. U. z 1964 r. Nr 43, poz. 296">art. 98 k.p.c.</xLexLink></xText>
          <xText>Apelację od powyższego wyroku wywiodła pozwana. Zaskarżając wyrok w całości zarzuciła Sądowi Okręgowemu naruszenie prawa procesowego – <xLexLink xArt="art. 233;art. 233 § 1" xIsapId="WDU19640430296" xTitle="Ustawa z dnia 17 listopada 1964 r. - Kodeks postępowania cywilnego" xAddress="Dz. U. z 1964 r. Nr 43, poz. 296">art. 233 § 1 k.p.c.</xLexLink> w zw. z <xLexLink xArt="art. 217;art. 217 § 2" xIsapId="WDU19640430296" xTitle="Ustawa z dnia 17 listopada 1964 r. - Kodeks postępowania cywilnego" xAddress="Dz. U. z 1964 r. Nr 43, poz. 296">art. 217 § 2 k.p.c.</xLexLink> wskutek braku wszechstronnego rozważenia przez sąd pierwszej instancji zebranego materiału dowodowego w sprawie oraz pominięcie wniosków dowodowych strony pozwanej oraz naruszenie prawa materialnego wskutek dokonania przez sąd pierwszej instancji błędnych ustaleń faktycznych wynikłych z naruszenia prawa procesowego – <xLexLink xArt="art. 509;art. 509 § 1" xIsapId="WDU19640160093" xTitle="Ustawa z dnia 23 kwietnia 1964 r. - Kodeks cywilny" xAddress="Dz. U. z 1964 r. Nr 16, poz. 93">art. 509 § 1 k.c.</xLexLink> i <xLexLink xArt="art. 452" xIsapId="WDU19640160093" xTitle="Ustawa z dnia 23 kwietnia 1964 r. - Kodeks cywilny" xAddress="Dz. U. z 1964 r. Nr 16, poz. 93">art. 452 k.c.</xLexLink> poprzez pominięcie przez sąd pierwszej instancji okoliczności, że przez fakty dokonane strona powodowa przeniosła wierzytelności przypadające jej od pozwanej na <xAnon> (...) Spółkę z o. o.</xAnon> (wierzyciela pierwotnego).</xText>
          <xText>W konkluzji apelacji pozwana wniosła o zmianę zaskarżonego wyroku i oddalenie powództwa w całości, ewentualnie o jego uchylenie i przekazanie sprawy Sądowi Okręgowemu do ponownego rozpoznania.</xText>
          <xText>
            <xBx> Sąd Apelacyjny zważył, co następuje:</xBx>
          </xText>
          <xText>
            <xBx>Apelacja pozwanej pozbawiona jest uzasadnionych podstaw prawnych i jako taka podlega oddaleniu.</xBx>
          </xText>
          <xText>W pierwszym rzędzie, Sąd Apelacyjny stwierdza, że podziela ustalenia faktyczne dokonane przez sąd pierwszej instancji. Sąd odwoławczy aprobuje również poczynione przez Sąd Okręgowy rozważania prawne zaprezentowane w uzasadnieniu zaskarżonego wyroku. Tym samym apelację i zarzuty w niej podniesione uznał za nieuzasadnione.</xText>
          <xText>Odnosząc się do zarzutu naruszenia przez Sąd pierwszej instancji prawa procesowego – <xLexLink xArt="art. 233" xIsapId="WDU19640430296" xTitle="Ustawa z dnia 17 listopada 1964 r. - Kodeks postępowania cywilnego" xAddress="Dz. U. z 1964 r. Nr 43, poz. 296">art. 233 k.p.c.</xLexLink> w zw. z <xLexLink xArt="art. 217;art. 217 § 2" xIsapId="WDU19640430296" xTitle="Ustawa z dnia 17 listopada 1964 r. - Kodeks postępowania cywilnego" xAddress="Dz. U. z 1964 r. Nr 43, poz. 296">art. 217 § 2 k.p.c.</xLexLink> stwierdzić należy, że nie jest on zasadny. Pozwana nie kwestionowała w toku postępowania, że pomiędzy powódką a pierwotnym wierzycielem pozwanej zawarta została umowa factoringu oraz, że o dokonaniu cesji wierzytelności została powiadomiona. Twierdzi natomiast, że doszło do zwrotnej cesji wierzytelności dochodzonej pozwem na <xAnon> (...) spółkę z o. o.</xAnon> Twierdzenie to nie znajduje poparcia w materiale dowodowym zebranym w sprawie. Rozwiązanie umowy factoringowej nie powoduje bowiem automatycznie cesji zwrotnej wierzytelności objętych umową, a z dowodów zaoferowanych głównie przez pozwaną nie wynika, by do takiego zwrotnego przelewu wierzytelności objętych umową doszło. Pozwana zarzuca sądowi pierwszej instancji, że nie przeprowadziła dowodu z przesłuchania w charakterze świadka prezesa zarządu spółki będącej pierwotnym wierzycielem pozwanej na okoliczność dokonania między powódką a <xAnon> (...) Spółką z o.o.</xAnon> Zarzut ten okazał się niezasadny. Po pierwsze, gdyby między stronami umowy faktoringowej doszło wraz z jej rozwiązaniem do zwrotnej cesji wierzytelności w kwocie 131.852,53 zł to należy przyjąć, że zostałoby to w umowie wyartykułowane. Po drugie zgodnie z <xLexLink xArt="art. 512" xIsapId="WDU19640160093" xTitle="Ustawa z dnia 23 kwietnia 1964 r. - Kodeks cywilny" xAddress="Dz. U. z 1964 r. Nr 16, poz. 93">art. 512 k.c.</xLexLink> dopóki zbywca nie zawiadomił dłużnika o przelewie, spełnienie świadczenia do rąk poprzedniego wierzyciela ma skutek względem nabywcy, chyba że w chwili spełnienia świadczenia dłużnik wiedział o przelewie. Przepis ten stosuje się odpowiednio do innych czynności prawnych dokonanych między dłużnikiem a poprzednim wierzycielem. Z materiału dowodowego nie wynika, by, zakładając taką sytuację, powódka będąca zbywcą w przypadku zwrotnej cesji wierzytelności poinformowała pozwaną o dokonaniu tej czynności, wręcz przeciwnie zaprzecza, by do takiej cesji zwrotnej doszło. Pozwana również nie wykazała, by była o tym powiadamiana przez powódkę, a swoje uprawnienie do zapłaty kwoty wynikającej z <xAnon>faktury (...)</xAnon> wyciągała, jak wynika ze sprzeciwu od nakazu zapłaty, z błędnej wykładni przepisów o cesji wierzytelności, uważając, że umowa taka wiąże jedynie zbywcę z nabywcą, natomiast nie odnosi skutku wobec dłużnika, co powodowało, że pozwana mogła spłacać wierzytelności bądź na konto dostawcy – zbywcy wierzytelności, bądź na konto powódki – nabywcy wierzytelności. Tak więc pozwana, mimo, że powiadomienie o cesji wierzytelności może być dokonane w dowolnej formie, w ogóle na tym etapie postępowania nie powoływała się na zwrotną cesję wierzytelności.</xText>
          <xText>W tych okolicznościach, w ocenie Sądu Apelacyjnego pozwana nie ma racji twierdząc, że jej uprawnienie do zapłaty należności na rzecz <xAnon> (...) Spółki z o. o.</xAnon> wynika ze zwrotnej cesji tej wierzytelności. Należy również podkreślić, że w tej sytuacji niezasadne jest twierdzenie pozwanej, mające odzwierciedlenie w zarzucie drugim apelacji, że sąd pominął okoliczność, że do zwrotnej cesji wierzytelności doszło poprzez fakty dokonane. Nie jest uprawnione to stanowisko w świetle dowodów zebranych w sprawie. Nie wynika to przede wszystkim z zawartego w dniu 20 stycznia 2010 r. pomiędzy powódką a <xAnon> (...) Spółką z o. o.</xAnon> a powódką porozumienia co do wzajemnych rozliczeń związanych z rozwiązaniem umowy faktoringu z dniem 30 grudnia 2009 r. jak również nakazu zapłaty wydanego przeciwko <xAnon> (...) Spółką z o. o.</xAnon> w sprawie XXV Nc 45/10. Bez znaczenia dla rozstrzygnięcia pozostaje twierdzenie pozwanej zawarte w apelacji, że dla pozwanej spółki nie ulega wątpliwości, że dochodzona w niniejszej sprawie wierzytelność została zasądzona na rzecz powódki od wierzyciela pierwotnego powyższym nakazem zapłaty. Należy również podkreślić, że</xText>
          <xText>W tej sytuacji prawidłowo Sąd Okręgowy przyjął, że pozwana spełniając świadczenie na rzecz pierwotnego wierzyciela dokonała tego do rąk osoby nieuprawnionej, co z kolei uzasadnia wytoczenie przez powódkę przedmiotowego powództwa.</xText>
          <xText>
            <xBx> Mając zatem powyższe na uwadze, Sąd Apelacyjny na podstawie <xLexLink xArt="art. 385" xIsapId="WDU19640430296" xTitle="Ustawa z dnia 17 listopada 1964 r. - Kodeks postępowania cywilnego" xAddress="Dz. U. z 1964 r. Nr 43, poz. 296">art. 385 k.p.c.</xLexLink> orzekł jak w sentencji wyroku. O kosztach postępowania apelacyjnego orzeczono na podstawie <xLexLink xArt="art. 98" xIsapId="WDU19640430296" xTitle="Ustawa z dnia 17 listopada 1964 r. - Kodeks postępowania cywilnego" xAddress="Dz. U. z 1964 r. Nr 43, poz. 296">art. 98 k.p.c.</xLexLink> stosownie do jego wyniku. </xBx>
          </xText>
        </xUnit>
      </xBlock>
    </xPart>
  </judgement>
<judgement id="155025000000503_I_C_000166_2013_Uz_2013-05-07_001">
    <xPart xEditorFullName="Katarzyna Festdorf" xYear="2013" xLang="PL" xPublisherFullName="Iwona Gertrudziak" xFromPg="1" xEditor="kfestdorf" xVolType="15/502500/0000503/C" xPublisher="igertrudziak" xDocType="Uz" xVolNmbr="000166" xVersion="1.0" xToPage="3" xFlag="published">
      <xName>Wyrok+Uzasadnienie</xName>
      <xBlock>
        <xText>
          <xBx>Sygn. akt I C 166/13</xBx>
        </xText>
        
        <xUnit xIsTitle="true" xType="part" xBold="true">
          <xName>WYROK</xName>
          <xTitle>W IMIENIU RZECZYPOSPOLITEJ POLSKIEJ</xTitle>
          <xText xALIGNx="right">Dnia 19 kwietnia 2013 r.</xText>
          <xText>
            <xBx>Sąd Okręgowy we Wrocławiu – Wydział I Cywilny </xBx>
          </xText>
          <xText>w składzie:</xText>
          <xText><xBx>Przewodniczący:</xBx> SSR del. Ewa Rudkowska – Ząbczyk</xText>
          <xText><xBx>Protokolant:</xBx> Marcin Guzik</xText>
          <xText>po rozpoznaniu na rozprawie w dniu 19 kwietnia 2013 r. we <xAnon>W.</xAnon></xText>
          <xText>sprawy z powództwa <xBx><xAnon> (...) Sp. z o.o.</xAnon> sp. k-a w <xAnon>K.</xAnon></xBx></xText>
          <xText>przeciwko <xBx><xAnon>(...)</xAnon> - <xAnon>(...) Oddziałowi Wojewódzkiemu</xAnon>we <xAnon>W.</xAnon></xBx></xText>
          <xText>o <xBx>zapłatę</xBx></xText>
          <xUnit xIsTitle="false" xType="none">
            <xName xSffx=".">I</xName>
            <xText>zasądza od strony pozwanej <xAnon>(...)</xAnon> - <xAnon>(...) Oddziału Wojewódzkiego</xAnon>we <xAnon>W.</xAnon>na rzecz strony powodowej <xAnon>(...) spółki z ograniczoną odpowiedzialnością</xAnon>spółki komandytowo - akcyjnej w <xAnon>K.</xAnon>kwotę 349 555,20 zł (trzysta czterdzieści dziewięć tysięcy pięćset pięćdziesiąt pięć złotych dwadzieścia groszy) wraz z ustawowymi odsetkami liczonymi od dnia 17 października 2009 roku do dnia zapłaty;</xText>
          </xUnit>
          <xUnit xIsTitle="false" xType="none">
            <xName xSffx=".">II</xName>
            <xText>zasądza od strony pozwanej <xAnon>(...)</xAnon> - <xAnon>(...) Oddziału Wojewódzkiego</xAnon>we <xAnon>W.</xAnon>na rzecz strony powodowej <xAnon>(...) spółki z ograniczoną odpowiedzialnością</xAnon>spółki komandytowo - akcyjnej w <xAnon>K.</xAnon>kwotę 7 217,00 zł tytułem zwrotu kosztów zastępstwa procesowego;</xText>
          </xUnit>
          <xUnit xIsTitle="false" xType="none">
            <xName xSffx=".">III</xName>
            <xText>nakazuje stronie pozwanej <xAnon>(...)</xAnon> - <xAnon>(...) Oddziałowi Wojewódzkiemu</xAnon>we <xAnon>W.</xAnon>uiścić na rzecz Skarbu Państwa (Sąd Okręgowy we Wrocławiu) kwotę 17 478,00 zł tytułem opłaty sądowej od pozwu, od uiszczenia której strona powodowa była zwolniona.</xText>
          </xUnit>
        </xUnit>
        <xUnit xIsTitle="true" xType="part" xBold="true">
          <xName>UZASADNIENIE</xName>
          <xText>Strona powodowa <xAnon>(...) spółka z ograniczoną odpowiedzialnością</xAnon>spółka komandytowo – akcyjna z siedzibą w <xAnon>K.</xAnon>w pozwie skierowanym przeciwko <xAnon>(...)</xAnon><xAnon>(...) Oddziałowi Wojewódzkiemu</xAnon>we <xAnon>W.</xAnon>wniosła o orzeczenie nakazem zapłaty w postępowaniu nakazowym, że pozwany ma zapłacić na jej rzecz kwotę 349 555,20 zł wraz z ustawowymi odsetkami od dnia 17 października 2009 r. do dnia zapłaty oraz kosztami postępowania w terminie dwutygodniowym od daty doręczenia nakazu albo w tym terminie wnieść zarzuty.</xText>
          <xText>Uzasadniając swoje żądanie strona powodowa wskazywała, że jej poprzednik prawny <xAnon>– (...) sp. z o.o.</xAnon>z siedzibą w <xAnon>J.</xAnon>zawarła z pozwanym <xAnon>(...)</xAnon>– <xAnon>(...) Oddziałem Wojewódzkim</xAnon>we <xAnon>W.</xAnon>w dniu 29 stycznia 2009 r. umowę o udzielanie świadczeń opieki zdrowotnej – leczenie szpitalne oraz w dniu 4 lutego 2009 r. umowę o udzielanie świadczeń opieki – ambulatoryjne świadczenia specjalistyczne. Realizując powyższe umowy strona powodowa wykonała szereg usług medycznych, za które wystawiła w dniu 2 października 2009 r. <xAnon>faktury VAT nr (...)</xAnon>na kwotę 303 735,00 zł oraz nr <xAnon>(...)</xAnon>na kwotę 48 428,80 zł z terminem płatności na dzień 16 października 2009 r. Strona powodowa wskazywała, że pozwany zapoznał się z powyższymi fakturami oraz załączonymi do nich specyfikacjami wykonanych przez stronę powodową usług medycznych oraz dokonał ich akceptacji. Ostatecznie jednak, pomimo kierowanych przez stronę powodową wezwań do zapłaty, pozwany Oddział <xAnon>(...)</xAnon> nie uregulował należności z przedmiotowych faktur.</xText>
          
          <xText>Nakazem zapłaty z dnia 15 listopada 2012 r. wydanym w postępowaniu upominawczym w sprawie I Nc 667/12 Sąd Okręgowy we Wrocławiu nakazał stronie pozwanej – <xAnon>(...)</xAnon><xAnon>(...) Oddziałowi Wojewódzkiemu</xAnon>, aby zapłaciła stronie powodowej kwotę 349 55,20 zł wraz z odsetkami ustawowymi od dnia 17 października 2009 r. do dnia zapłaty oraz kosztami zastępstwa prawnego w wysokości 7217,00 zł w terminie dwutygodniowym od daty doręczenia nakazu, albo wniosła w tym terminie do tutejszego Sądu sprzeciw. Ponadto Sąd nakazał stronie pozwanej, aby uiściła na rzecz Skarbu Państwa (Sąd Okręgowy we Wrocławiu) kwotę 17 478,00 zł tytułem opłaty sądowej od pozwu, od uiszczenia której strona powodowa była zwolniona.</xText>
          
          <xText>Od powyższego nakazu zapłaty strona pozwana wniosła w ustawowym terminie sprzeciw, wnosząc o oddalenie powództwa w całości oraz zasądzenie od strony powodowej na jej rzecz kosztów procesu według norm przepisanych.</xText>
          <xText>Strona pozwana podnosiła, że zawierając sporne umowy, strona powodowa zobowiązywała się do ich realizacji z zastosowaniem Ogólnych Warunków Umów (OWU), stanowiących załącznik do <xLexLink xArt="" xIsapId="WDU20080810484" xTitle="Rozporządzenie Ministra Zdrowia z dnia 6 maja 2008 r. w sprawie ogólnych warunków umów o udzielanie świadczeń opieki zdrowotnej" xAddress="Dz. U. z 2008 r. Nr 81, poz. 484">rozporządzenia Ministra Zdrowia z dnia 6 maja 2008 r. w sprawie ogólnych warunków umów o udzielanie świadczeń opieki zdrowotnej</xLexLink>. Strona pozwana wskazywała, że <xAnon>(...)</xAnon><xAnon>Centrum Medyczne (...)</xAnon>najmowało pomieszczenia od <xAnon>M. P.</xAnon>, który rozwiązał z powodową spółką umowę najmu ze skutkiem natychmiastowym na dzień 30 czerwca 2008 r. Na mocy wyroku Sądu Okręgowego w Jeleniej Górze orzeczona została eksmisja <xAnon>(...)</xAnon><xAnon>Centrum Medycznego (...)</xAnon>z zajmowanych dotychczas pomieszczeń. Strona pozwana podnosiła, że stosownie do § 38 OWU, umowy o udzielanie świadczeń opieki zdrowotnej zawarte pomiędzy <xAnon>(...)</xAnon>a <xAnon>(...) sp. z o.o.</xAnon>wygasły albowiem powodowa spółka straciła tytuł prawny do lokalu, w którym udzielała świadczeń opieki zdrowotnej. W ocenie strony pozwanej, świadczeniodawca powziął wiadomość o utracie tytułu prawnego do lokalu, a zarazem o okolicznościach uniemożliwiających mu realizację zawartych umów z <xAnon>(...)</xAnon>, najpóźniej z datą otrzymania pisma komornika z dnia 24 lipca 2009 r., stanowiącego zawiadomienie o wszczęciu egzekucji w celu dokonania eksmisji z lokalu. Strona pozwana wyjaśniła zatem, że nie zapłaciła za świadczenia ujęte w dołączonych do pozwu w fakturach, gdyż dotyczą one okresu, w którym nie obowiązywały między stronami żadne umowy.</xText>
          <xText>Jednocześnie strona pozwana zwracała uwagę na to, że brak jest podstaw do zakwalifikowania zafakturowanych świadczeń jak świadczenia udzielane w stanach nagłych, za które stronie powodowej należałoby się wynagrodzenie. W ocenie strony pozwanej, strona powodowa w dacie wykonywania świadczeń, za które domaga się zapłaty, powinna była wskazać pacjentom innych świadczeniodawców, jako uprawnionych do udzielenia świadczeń w ramach posiadanych umów.</xText>
          
          <xText>W odpowiedzi na sprzeciw strona powodowa podtrzymała swoje dotychczasowe stanowisko w sprawie. Powodowa spółka zaprzeczała, jakoby sporne umowy wygasły z uwagi na treść § 38 OWU, tj. wystąpienie okoliczności, za które strona nie ponosi odpowiedzialności, a które uniemożliwiają wykonanie umowy. W ocenie strony powodowej wydanie przez Sąd Okręgowy w Jeleniej Górze w dniu 18 czerwca 2009 r. wyroku, konsekwencją którego był nakaz opuszczenia lokalu przez powoda, nie stanowi okoliczności, która uniemożliwiała dalsze wykonywanie umowy. Pomimo nakazu opuszczenia lokalu świadczenia zdrowotne objęte przedmiotem sporu były na bieżąco realizowane, czego pozwany miał świadomość, albowiem po czerwcu 2009 r. dokonał częściowej płatności za te świadczenia.</xText>
          
          <xText><xBx>Sąd ustalił następujący stan faktyczny</xBx>:</xText>
          
          <xText>Strona powodowa <xAnon> (...) spółka z ograniczoną odpowiedzialnością</xAnon> spółka komandytowo-akcyjna z siedzibą w <xAnon>K.</xAnon> powstała wskutek przekształcenia <xAnon> spółki (...) sp. z o.o.</xAnon> w spółkę komandytowo-akcyjną.</xText>
          <xText>(dowód: odpis KRS strony powodowej, k. 104-106)</xText>
          
          <xText>W dniu 29 stycznia 2009 r. pomiędzy <xAnon>(...)</xAnon>– <xAnon>(...) Oddziałem Wojewódzkim</xAnon>we <xAnon>W.</xAnon>a <xAnon>(...) sp. z o.o.</xAnon>w <xAnon>J.</xAnon>została zawarta umowa o udzielanie świadczeń opieki zdrowotnej – leczenie szpitalne. W ramach tejże Umowy strona powodowa zobowiązała się do udzielania świadczeń w zakresie określonym planem rzeczowo – finansowym, stanowiącym załącznik do umowy. Realizowane przez spółkę świadczenia medyczne miały być finansowane ze środków publicznych. Zgodnie z § 4 Umowy kwota zobowiązania Oddziału <xAnon>(...)</xAnon> wobec świadczeniodawcy wynosiła maksymalnie 1 908 369,00 zł. Umowę zawarto na okres od 1 stycznia 2009 r. do 31 grudnia 2009 r.</xText>
          <xText>(dowód: <xAnon>umowa nr (...)</xAnon> z dnia 29 stycznia 2009 r. wraz z załącznikami, k. 8-28, 121-141, 266-286)</xText>
          
          <xText>W dniu 4 lutego 2009 r. między pozwanym <xAnon>(...)</xAnon><xAnon>(...) Oddziałem Wojewódzkim</xAnon>we <xAnon>W.</xAnon>a <xAnon>(...) sp. z o.o.</xAnon>w <xAnon>J.</xAnon>została zawarta kolejna umowa o udzielanie świadczeń opieki zdrowotnej – ambulatoryjne świadczenia specjalistyczne. Kwota zobowiązania Oddziału <xAnon>(...)</xAnon> wobec świadczeniodawcy z tytułu realizacji umowy miała wynieść maksymalnie 580 924,80 zł. Umowę zawarto na okres od 1 stycznia 2009 r. do 31 grudnia 2009 r.</xText>
          <xText>(dowód: <xAnon>umowa nr (...)</xAnon> z dnia 4 lutego 2009 r. wraz z załącznikami, k. 29-58, 142-171, 234-264)</xText>
          
          <xText>Zawarcie powyższych umów poprzedzone zostało konkursem ofert przeprowadzonym przez stronę pozwaną. Przystępując do konkursów powodowa spółka złożyła w dniach 17 listopada 2008 r. oraz 10 stycznia 2009 r. oświadczenia, że posiada tytuł prawny do korzystania z lokali lub budynków, w których udzielane będą świadczenia.</xText>
          <xText>(dowód: oświadczenia oferenta, k. 291-302)</xText>
          
          <xText>Strona powodowa od dnia 30 września 2006 r. najmowała od <xAnon>M. P.</xAnon> lokale użytkowe położone w <xAnon>J.</xAnon> przy <xAnon>ul. (...)</xAnon>. Umowę najmu zawarto na okres 10 lat. Z uwagi na powstałe zaległości w płatności czynszu najmu, wynajmujący <xAnon>M. P.</xAnon> pismem z dnia 28 czerwca 2008 r. złożył powodowej spółce oświadczenie o rozwiązaniu umowy najmu ze skutkiem na dzień 30 czerwca 2008 r. Strona powodowa, uznając wypowiedzenie umowy za bezskuteczne, w dalszym ciągu korzystała z przedmiotowych lokali. Wyrokiem z dnia 18 czerwca 2009 r., wydanym w sprawie o sygn. akt V Ga 29/09, Sąd Okręgowy w Jeleniej Górze orzekł o eksmisji powodowej spółki z najmowanych dotychczas nieruchomości, stanowiących własność <xAnon>M. P.</xAnon>.</xText>
          <xText>(dowód: wyrok Sądu Okręgowego w Jeleniej Górze z dnia 18 czerwca 2009 r. w sprawie V Ga 29/09, k. 303; zeznania świadka <xAnon>M. P.</xAnon> e-protokół rozprawy z dnia 19 kwietnia 2013 r. od 00:54:13 do 01:02:48; zeznania świadka <xAnon>T. G.</xAnon> e-protokół rozprawy z dnia 19 kwietnia 2013 r. od 01:03: 59 do 01:24:03)</xText>
          
          <xText>Po wydaniu wyroku eksmisyjnego strona powodowa prowadziła rozmowy z <xAnon>M. P.</xAnon> w sprawie zawarcia nowej umowy najmu lub ewentualnie przedłużenia terminu do opuszczenia spornej nieruchomości. Jednocześnie powodowa spółka poszukiwała nowego lokalu na kontynuowanie działalności w zakresie świadczenia usług medycznych.</xText>
          <xText>(dowód: zeznania świadka <xAnon>T. G.</xAnon>, e-protokół rozprawy z dnia 19 kwietnia 2013 r. od 01:03: 59 do 01:24:03)</xText>
          
          <xText>Pismem z dnia 24 lipca 2009 r. Komornik Sądowy przy Sądzie Rejonowym w Jeleniej Górze <xAnon>S. R.</xAnon> zawiadomił stronę powodową o wszczęciu egzekucji w celu dokonania eksmisji z lokalu użytkowego przy <xAnon>ul. (...)</xAnon> w <xAnon>J.</xAnon>.</xText>
          <xText>(dowód: zawiadomienie o wszczęciu egzekucji z dnia 24 lipca 2009 r., k. 304)</xText>
          
          <xText>W lipcu 2009 r. właściciel nieruchomości zajmowanej przez powodową spółkę, <xAnon>M. P.</xAnon>, poinformował <xAnon>(...)</xAnon> – <xAnon>(...) Oddział Wojewódzki</xAnon>we <xAnon>W.</xAnon>o fakcie rozwiązania ze stroną powodową umowy najmu oraz o treści wyroku eksmisyjnego.</xText>
          <xText>(dowód: zeznania świadka <xAnon>T. G.</xAnon>, e-protokół rozprawy z dnia 19 kwietnia 2013 r. od 01:03: 59 do 01:24:03)</xText>
          
          <xText>W dniu 2 października 2009 r. strona powodowa wystawiła <xAnon>faktury VAT nr (...)</xAnon>na kwotę 303 735,00 zł oraz nr <xAnon>(...)</xAnon>na kwotę 48 428,80 zł z terminem płatności 16 października 2009 r. Faktury te obejmowały płatności za świadczenia medyczne zrealizowane przez powodową spółkę we wrześniu 2009 r. w ramach zawartych z <xAnon>(...)</xAnon><xAnon>Umów nr (...)</xAnon>. Wszystkie objęte fakturami świadczenia mieściły się w ramach przyznanych limitów kontaktowych. Obie faktury wraz z przesłaną dokumentacją zostały zaakceptowane przez stronę pozwaną pod względem merytorycznym i formalno – rachunkowym. Pomimo zatwierdzenia ich do wypłaty, strona pozwana nie zapłaciła należności objętych fakturami.</xText>
          <xText>(dowód: <xAnon>faktura VAT nr (...)</xAnon> z dnia 2.10.2009 r. wraz ze specyfikacją, k. 60-64; <xAnon>faktura VAT nr (...)</xAnon> z dnia 2.10.2009 r. wraz ze specyfikacją, k. 65-68; zeznania świadka <xAnon>T. G.</xAnon> e-protokół rozprawy z dnia 19 kwietnia 2013 r. od 01:03: 59 do 01:24:03)</xText>
          
          <xText>Pismem z dnia 9 grudnia 2009 r. strona powodowa wezwała <xAnon> (...) Oddział Wojewódzki (...)</xAnon> we <xAnon>W.</xAnon> do zapłaty na jej rzecz kwoty 690 234,80 zł wraz z ustawowymi odsetkami za zwłokę od dnia wymagalności do dnia zapłaty – w terminie 14 dni od daty doręczenia wezwania. Wskazana w wezwaniu kwota obejmowała między innymi należności za wykonane usługi medyczne, wynikające z <xAnon>faktur VAT nr (...)</xAnon>. Po dokonaniu korekty faktur za poprzedni okres rozliczeniowy, strona powodowa pomniejszyła należność z tytułu faktur wystawionych w dniu 2 października 2009 r. o kwotę 2608,60 zł.</xText>
          <xText>(dowód: przesądowe wezwanie do zapłaty z dnia 9.12.2009 r., k. 70, 183; faktura korygująca VAT nr <xAnon> (...)</xAnon> wraz ze specyfikacją, k. 71-72; faktura korygująca VAT nr <xAnon> (...)</xAnon> wraz ze specyfikacją, k. 73-74)</xText>
          
          <xText>Strona powodowa świadczyła w sposób niezakłócony usługi medyczne w lokalu przy <xAnon>ul. (...)</xAnon> w <xAnon>J.</xAnon> do dnia 13 października 2009 r. Nieruchomość tę strona powodowa opuściła do dnia 15 grudnia 2009 r.</xText>
          <xText>(dowód: zeznania świadka <xAnon>M. P.</xAnon>, e-protokół rozprawy z dnia 19 kwietnia 2013 r. od 00:54:13 do 01:02:48; zeznania świadka <xAnon>T. G.</xAnon>, e-protokół rozprawy z dnia 19 kwietnia 2013 r. od 01:03: 59 do 01:24:03)</xText>
          
          <xText><xBx>Sąd zważył, co następuje</xBx>:</xText>
          
          <xText>Powództwo w całości zasługiwało na uwzględnienie.</xText>
          <xText>Z poczynionych przez Sąd ustaleń faktycznych wynika, że świadczenie strony pozwanej, którego spełnienia powódka dochodzi w niniejszym postępowaniu, stanowi żądanie zapłaty wynagrodzenia za świadczenia medyczne spełnione przez stronę powodową zgodnie z Umowami o udzielanie świadczeń opieki zdrowotnej,zawartymi ze stroną pozwaną. Zgodnie z <xLexLink xArt="§ 14;§ 14 ust. 1" xIsapId="WDU20080810484" xTitle="Rozporządzenie Ministra Zdrowia z dnia 6 maja 2008 r. w sprawie ogólnych warunków umów o udzielanie świadczeń opieki zdrowotnej" xAddress="Dz. U. z 2008 r. Nr 81, poz. 484">§ 14 ust. 1 rozporządzenia Ministra Zdrowia z dnia 6 maja 2008 r. w sprawie ogólnych warunków umów o udzielanie świadczeń opieki zdrowotnej</xLexLink> (Dz. U. z 2008 r., nr 81, poz. 484) pozwany <xAnon>(...)</xAnon>jest zobowiązany do sfinansowania świadczeń udzielonych w okresie rozliczeniowym do kwoty zobowiązania <xAnon>(...)</xAnon> wobec świadczeniodawcy określonej w umowie.</xText>
          
          <xText>W niniejszej sprawie bezsporne było, że strony zawarły dwie umowy, tj. <xAnon>Umowę nr (...)</xAnon> o udzielanie świadczeń opieki zdrowotnej – leczenie szpitalne z dnia 29 stycznia 2009 r. oraz <xAnon>Umowę nr (...)</xAnon> o udzielanie świadczeń opieki zdrowotnej – ambulatoryjne świadczenia specjalistyczne z dnia 4 lutego 2009 r. Umowy te określały warunki finansowania przez stronę pozwaną świadczeń medycznych udzielanych przez stronę powodową w okresie od 1 stycznia 2009 r. do 31 grudnia 2009 r. Strona pozwana w toku procesu nie miała zastrzeżeń odnośnie sposobu realizacji świadczeń medycznych przez powodową spółkę. Nie kwestionowała również faktu, że powodowa spółka wykonywała te usługi w sposób niezakłócony do połowy października 2009 r., natomiast ostatecznie opuściła zajmowane dotychczas pomieszczenia w połowie grudnia 2009 r. Między stronami sporna była natomiast kwestia, czy na skutek utraty przez powoda tytułu prawnego do lokalu, w którym wykonywane były usługi medyczne, doszło do wygaśnięcia umów zawartych ze stroną pozwaną, a co za tym idzie, czy zaistniały podstawy do zapłaty za świadczenia medyczne udzielone w miesiącu wrześniu 2009 r.</xText>
          <xText>Strona powodowa, zawierając sporne Umowy, zobowiązała się do przestrzegania warunków określonych w ustalanych na dany okres rozliczeniowy zarządzeniach Prezesa <xAnon>(...)</xAnon>. Ponadto warunki realizacji spornych umów uszczegółowione zostały w <xLexLink xArt="" xIsapId="WDU20080810484" xTitle="Rozporządzenie Ministra Zdrowia z dnia 6 maja 2008 r. w sprawie ogólnych warunków umów o udzielanie świadczeń opieki zdrowotnej" xAddress="Dz. U. z 2008 r. Nr 81, poz. 484">rozporządzeniu Ministra Zdrowia z dnia 6 maja 2008 r. w sprawie ogólnych warunków umów o udzielanie świadczeń opieki zdrowotnej</xLexLink> (Dz. U. z 2008 r., nr 81, poz. 484). Zgodnie z treścią § 38 pkt 2 Ogólnych warunków umów o udzielanie świadczeń opieki zdrowotnej (OWU), stanowiących załącznik do powołanego rozporządzenia, umowa wygasa w przypadku zaistnienia okoliczności, za które strona nie ponosi odpowiedzialności, a które uniemożliwiają wykonywanie umowy. Uznając, że utrata przez powodową spółkę tytułu prawnego do lokalu stanowi jedną z okoliczności, uniemożliwiających jej realizację zawartych umów, strona pozwana podnosiła, że brak jest podstaw do zapłaty na rzecz powoda należności, objętych <xAnon>fakturami VAT nr (...)</xAnon>. Jednocześnie, zdaniem strony pozwanej, powodowa spółka nie mogła wywodzić swoich roszczeń z treści <xLexLink xArt="art. 19;art. 19 ust. 4" xIsapId="WDU20042102135" xTitle="Ustawa z dnia 27 sierpnia 2004 r. o świadczeniach opieki zdrowotnej finansowanych ze środków publicznych" xAddress="Dz. U. z 2004 r. Nr 210, poz. 2135">art. 19 ust. 4 ustawy z dnia 27 sierpnia 2004 r. o świadczeniach opieki zdrowotnej finansowanych ze środków publicznych</xLexLink> (Dz. U. z 2008 r., nr 164, poz. 1027 ze zm.). Przepis ten stanowi, że świadczeniodawca, który nie zawarł umowy o udzielanie świadczeń opieki zdrowotnej, ma prawo do wynagrodzenia za świadczenie opieki zdrowotnej udzielone świadczeniobiorcy w stanie nagłym. Wynagrodzenie to uwzględnia wyłącznie uzasadnione koszty udzielenia niezbędnych świadczeń opieki zdrowotnej. Strona pozwana zarzucała, że powodowa spółka nie wykazała, by świadczenia, za które domaga się wynagrodzenia, były udzielane w stanach nagłych, uzasadniających ich sfinansowanie ze środków publicznych.</xText>
          <xText>Zarzuty strony pozwanej nie zasługują na uwzględnienie. Należy zauważyć, że stanowisko strony pozwanej, jakoby utrata przez powodową spółkę tytułu prawnego do lokalu skutkowała wygaśnięciem spornych Umów, obarczone jest pewnego rodzaju niekonsekwencją, która uwidacznia się w samym twierdzeniu strony co do daty ewentualnego wygaśnięcia tych Umów. Wyrok eksmisyjny jest bowiem wyrokiem o charakterze deklaratoryjnym. Potwierdza on jedynie fakt zajmowania przez określony podmiot lokalu bez tytułu prawnego, czego konsekwencją jest nakazanie temu podmiotowi opuszczenia i opróżnienia lokalu oraz wydania go osobie uprawnionej. Na mocy wyroku eksmisyjnego nie dochodzi do wygaśnięcia stosunku najmu; skutek ten następuje wcześniej, tj. z chwilą wypowiedzenia umowy lub upływy terminu wypowiedzenia, jeżeli takowy został przewidziany, bądź też złożenia przez strony zgodnych oświadczeń o rozwiązaniu umowy ze skutkiem natychmiastowym. Idąc tokiem rozumowania strony pozwanej, że ustanie stosunku najmu pomiędzy <xAnon>M. P.</xAnon>a powodową spółką stanowiło okoliczność uniemożliwiającą stronie powodowej realizację zawartych z pozwanym <xAnon>(...)</xAnon> Umów, należałoby przyjąć, że umowy te, zgodnie z § 19 OWU, wygasły znacznie wcześniej, aniżeli w dacie wydania wyroku eksmisyjnego w sprawie o sygn. V Ga 29/09. Skoro bowiem powodowa spółka utraciła prawo do lokalu przy ul. <xAnon>ul. (...)</xAnon>w <xAnon>J.</xAnon>w czerwcu 2008 r., to konsekwentnie należałoby uznać, że już w tej dacie odpadły podstawy zapłaty stronie powodowej wynagrodzenie za usługi medyczne świadczone do września 2009 r. Tymczasem w 2009 r., aż do września, strona pozwana na bieżąco płaciła za świadczenia objęte fakturami wystawianymi przez powodową spółkę.</xText>
          <xText>W ocenie Sądu fakt utraty przez stronę powodową tytułu prawnego do lokalu nie stanowił okoliczności uniemożliwiającej spółce realizację umów zawartych z <xAnon>(...)</xAnon>. Jak wynika bowiem z zeznań świadka <xAnon>T. G.</xAnon>, powodowa spółka w sposób nieprzerwany świadczyła usługi medyczne do połowy października 2009 r., realizując zaplanowane wcześniej zabiegi oraz konsultacje medyczne. Świadek podkreślała, że od czasu wypowiedzenia przez wynajmującego umowy najmu, do czasu wydania wyroku eksmisyjnego, sam fakt obowiązywania umowy najmu był między stronami okolicznością sporną. W okresie tym strona powodowa korzystała z najmowanych pomieszczeń, regulując należny z tego tytułu czynsz. W dalszej kolejności świadek wyjaśniała, że już po wydaniu przeciwko powodowej spółce wyroku eksmisyjnego prowadzone były rozmowy z wynajmującym dotyczące przesunięcia terminu opróżnienia lokalu. Termin ten był kilkakrotnie przedłużany właśnie w celu umożliwienia stronie powodowej realizację umówionych zabiegów. Okoliczności te potwierdził w swoich zeznaniach także świadek <xAnon>M. P.</xAnon>, przyznając, że strona powodowa sukcesywnie opróżniała wynajmowane od niego pomieszczenia począwszy od października 2009 r. do połowy grudnia 2009 r.</xText>
          <xText>Mając na względzie treść przytoczonych zeznań świadków, jak również stanowisko samej strony pozwanej, która nie kwestionowała faktu realizacji przez stronę powodową świadczeń medycznych do dnia 13 października 2009 r., zdaniem Sądu należy uznać, że w niniejszej sprawie nie zaktualizowały się przesłanki z § 38 OWU, które skutkowałyby wygaśnięciem łączących strony Umów. Utrata przez powoda tytułu prawnego do zajmowanego lokalu, potwierdzona wyrokiem eksmisyjnym wydanym przez Sąd Okręgowy w Jeleniej Górze w sprawie o sygn. V Ga 29/09, nie stanowiła przeszkody do dalszego prowadzenia przez powodową spółkę działalności gospodarczej w dotychczasowym miejscu. Strona powodowa, nie mając tytułu prawnego do zajmowanych pomieszczeń, musiała się wprawdzie liczyć z tym, że właściciel lokalu podejmie działania zmierzające do przymusowego wykonania wyroku eksmisyjnego. Dopóki jednak trwał stan niezakłóconego korzystania przez stronę powodową z lokalu przy <xAnon>ul. (...)</xAnon>, dopóty nie można stwierdzić, by zachodziły przeszkody uniemożliwiające jej realizację Umów o udzielanie świadczeń opieki zdrowotnej. O okolicznościach takich, skutkujących wygaśnięciem umów w trybie § 38 OWU, można by było mówić dopiero wtedy, gdyby powodowa spółka faktycznie opuściła sporną nieruchomość i wydała ją właścicielowi. Wówczas bowiem fizycznie utraciłaby lokal, w którym planowała świadczyć usługi medyczne.</xText>
          <xText>W świetle powyższego, uznając, że świadczenia medyczne objęte <xAnon>fakturami VAT nr (...)</xAnon> zostały zrealizowane na podstawie ważnych i skutecznych Umów łączących strony, Sąd w całości uwzględnił powództwo, zasądzając od strony pozwanej na rzecz strony powodowej kwotę 349 555,20 zł wraz z ustawowymi odsetkami liczonymi od dnia 17 października 2009 r. do dnia zapłaty.</xText>
          <xText>Podstawę prawną zasądzenia odsetek stanowiły przepisy <xLexLink xArt="art. 481" xIsapId="WDU19640160093" xTitle="Ustawa z dnia 23 kwietnia 1964 r. - Kodeks cywilny" xAddress="Dz. U. z 1964 r. Nr 16, poz. 93">art. 481 k.c.</xLexLink> w zw. z <xLexLink xArt="art. 476" xIsapId="WDU19640160093" xTitle="Ustawa z dnia 23 kwietnia 1964 r. - Kodeks cywilny" xAddress="Dz. U. z 1964 r. Nr 16, poz. 93">art. 476 k.c.</xLexLink> Dochodzone pozwem roszczenie, wynikające z faktur wystawionych przez powoda w dniu 2 października 2009 r. miało być spełnione w terminie 14 dni od daty wystawienia, tj. do dnia 16 października 2009 r., a zatem od dnia 17 października 2009 r. strona pozwana pozostaje w opóźnieniu w spełnieniu świadczenia.</xText>
          <xText>Mając powyższe na uwadze, na podstawie powołanych przepisów, orzeczono jak w sentencji.</xText>
          
          <xText>Sąd oddalił wniosek o dopuszczenie dowodu z wyroku Sądu Okręgowego we Wrocławiu z dnia 4 czerwca 2012 r. w sprawie o sygnaturze akt I C 69/10 oraz wyroku Sądu Apelacyjnego we Wrocławiu z dnia 11 października 2012 r. w sprawie o sygnaturze akt I ACa 1007/12, zawnioskowanego przez stronę powodową na okoliczność ważności łączących strony umów o udzielanie świadczeń opieki zdrowotnej. Wskazać bowiem należy, że zgodnie z <xLexLink xArt="art. 365;art. 365 § 1" xIsapId="WDU19640430296" xTitle="Ustawa z dnia 17 listopada 1964 r. - Kodeks postępowania cywilnego" xAddress="Dz. U. z 1964 r. Nr 43, poz. 296">art. 365 § 1 k.p.c.</xLexLink>, moc wiążąca orzeczenia odnosi się tylko do treści jego sentencji, a nie uzasadnienia (wyrok SN z dnia 8 czerwca 2005 r., V CK 702/04, Lex nr 402284). Nie mają zatem mocy wiążącej ani poglądy prawne wyrażone w uzasadnieniu orzeczenia ani motywy i ustalenia faktyczne zawarte w uzasadnieniu (wyrok SN z dnia 13 marca 2008 r., III CSK 284/07, Lex nr 380931 wyrok SN z dnia 15 listopada 2007 r., II CSK 347/07, Lex nr 345525). Okoliczność zatem, że w powołanych sprawach o zapłatę Sądy uznały sporne Umowy zawarte między stronami za ważne, nie ma znaczenia dla oceny zasadności powództwa w niniejszej sprawie.</xText>
          <xText>Sąd oddalił również wniosek o przesłuchanie w charakterze strony pozwanej <xAnon>W. N.</xAnon>, na okoliczność zakresu zobowiązania stron, podstaw udzielania świadczeń opieki zdrowotnej finansowanych ze środków publicznych, obowiązków świadczeniodawcy wynikających z zawartych umów oraz zasad rozliczania tych świadczeń. W ocenie Sądu wskazane okoliczności, na które miałaby zeznawać <xAnon>W. N.</xAnon> w przeważającym zakresie zostały wykazane innymi dowodami – z dokumentów oraz z zeznań świadków, częściowo natomiast nie miały one znaczenia istotnego dla sprawy (<xLexLink xArt="art. 299" xIsapId="WDU19640430296" xTitle="Ustawa z dnia 17 listopada 1964 r. - Kodeks postępowania cywilnego" xAddress="Dz. U. z 1964 r. Nr 43, poz. 296">art. 299 k.p.c.</xLexLink>).</xText>
          
          <xText>O kosztach postępowania rozstrzygnięto na podstawie <xLexLink xArt="art. 98;art. 98 § 1" xIsapId="WDU19640430296" xTitle="Ustawa z dnia 17 listopada 1964 r. - Kodeks postępowania cywilnego" xAddress="Dz. U. z 1964 r. Nr 43, poz. 296">art. 98 § 1 k.p.c.</xLexLink>, zgodnie z którym strona przegrywająca sprawę obowiązana jest zwrócić przeciwnikowi na jego żądanie koszty niezbędne do celowego dochodzenia praw i celowej obrony. Wysokość zasądzonych na rzecz strony powodowej kosztów zastępstwa prawnego wynikała z treści <xLexLink xArt="§ 6;§ 6 pkt. 7" xIsapId="WDU20021631349" xTitle="Rozporządzenie Ministra Sprawiedliwości z dnia 28 września 2002 r. w sprawie opłat za czynności radców prawnych oraz ponoszenia przez Skarb Państwa kosztów pomocy prawnej udzielonej przez radcę prawnego ustanowionego z urzędu" xAddress="Dz. U. z 2002 r. Nr 163, poz. 1349">§ 6 pkt 7 rozporządzenia Ministra Sprawiedliwości z dnia 28 września 2002 r. w sprawie opłat za czynności radców prawnych oraz ponoszenia przez Skarb Państwa kosztów pomocy prawnej udzielonej przez radcę prawnego ustanowionego z urzędu</xLexLink> (Dz. U. Nr 163, poz. 1349, z późn. zm.).</xText>
          <xText>Jednocześnie Sąd, stosownie do wyniku sprawy, na podstawie <xLexLink xArt="art. 113;art. 113 ust. 1" xIsapId="WDU20051671398" xTitle="Ustawa z dnia 28 lipca 2005 r. o kosztach sądowych w sprawach cywilnych" xAddress="Dz. U. z 2005 r. Nr 167, poz. 1398">art. 113 ust. 1 ustawy z dnia 28 lipca 2005 r. o kosztach sądowych w sprawach cywilnych</xLexLink> (Dz. U. z 2010 r., Nr 90, poz. 594 j.t z późn. zm.), nakazał uiścić stronie pozwanej na rzecz Skarbu Państwa – Sądu Okręgowego we Wrocławiu kwotę 17 478,00 zł tytułem opłaty sądowej od pozwu, od uiszczenia której strona powodowa była zwolniona.</xText>
          
          <xText>Z/</xText>
          <xUnit xIsTitle="false" xType="none">
            <xName xSffx=".">1</xName>
            <xText>odnotować,</xText>
          </xUnit>
          <xUnit xIsTitle="false" xType="none">
            <xName xSffx=".">2</xName>
            <xText>odpis doręczyć:</xText>
            <xEnum>
              <xBullet>-</xBullet>
              <xEnumElem>
                <xText>pełnomocnikowi strony pozwanej;</xText>
              </xEnumElem>
            </xEnum>
          </xUnit>
          <xUnit xIsTitle="false" xType="none">
            <xName xSffx=".">3</xName>
            <xText>kal. 14 dni.</xText>
          </xUnit>
          <xText xALIGNx="right">7 maja 2013 r.</xText>
        </xUnit>
      </xBlock>
    </xPart>
  </judgement>
<judgement id="155005000003006_VI_Ka_000156_2013_Uz_2013-05-08_001">
    <xPart xEditorFullName="Małgorzata Dzieniszewska" xYear="2013" xLang="PL" xPublisherFullName="Anna Herka" xFromPg="1" xEditor="malgorzata.dzieniszewska@jelenia-gora.so.gov.pl" xVolType="15/500500/0003006/Ka" xPublisher="w.karny.odw@jelenia-gora.so.gov.pl" xDocType="Uz" xVolNmbr="000156" xVersion="1.0" xToPage="4" xFlag="published">
      <xName>Wyrok+Uzasadnienie</xName>
      <xBlock>
        <xText>Sygn. akt VI Ka 156/13</xText>
        <xUnit xIsTitle="true" xType="part" xBold="true">
          <xName>WYROK</xName>
          <xTitle>W IMIENIU RZECZYPOSPOLITEJ POLSKIEJ</xTitle>
          <xText>Dnia 19 kwietnia 2013r.</xText>
          <xText>Sąd Okręgowy w Jeleniej Górze w VI Wydziale Karnym Odwoławczym w składzie:</xText>
          
          <xText>
            <xBx> Przewodniczący – Sędzia  SO Andrzej Wieja (spr.)</xBx>
          </xText>
          <xText>
            <xBx> Sędziowie   SO Barbara Żukowska </xBx>
          </xText>
          <xText>
            <xBx> SO Marek Klebanowicz </xBx>
          </xText>
          <xText>
            <xBx> Protokolant   Jolanta Kopeć</xBx>
          </xText>
          
          <xText>przy udziale Prokuratora Prokuratury Okręgowej w Jeleniej Górze Zbigniewa Jaworskiego</xText>
          <xText>po rozpoznaniu w dniu 19 kwietnia 2013r.</xText>
          <xText>sprawy <xBx><xAnon>B. C.</xAnon></xBx></xText>
          <xText>oskarżonej z <xLexLink xArt="art. 270;art. 270 § 1" xIsapId="WDU19970880553" xTitle="Ustawa z dnia 6 czerwca 1997 r. - Kodeks karny" xAddress="Dz. U. z 1997 r. Nr 88, poz. 553">art. 270 § 1 kk</xLexLink></xText>
          <xText>z powodu apelacji wniesionej przez prokuratora</xText>
          <xText>od wyroku Sądu Rejonowego w Zgorzelcu</xText>
          <xText>z dnia 22 stycznia 2013r.    sygn. akt II K 869/12</xText>
          
          <xText>I. utrzymuje w mocy zaskarżony wyrok wobec oskarżonej <xAnon>B. C.</xAnon>uznając apelację prokuratora za oczywiście bezzasadną,</xText>
          <xText>II. stwierdza, że koszty sądowe za postępowanie odwoławcze ponosi Skarb Państwa.</xText>
        </xUnit>
        <xUnit xIsTitle="true" xType="part" xBold="true">
          <xName>UZASADNIENIE</xName>
          <xText><xAnon>B. C.</xAnon>została oskarżona o to, że:</xText>
          
          <xText>w dniu 23 marca 2010 r. w <xAnon>Z.</xAnon>, woj. <xAnon>(...)</xAnon>, w celu użycia jako autentyczny, podrobiła wniosek o ubezpieczenie pojazdu nr <xAnon>(...)</xAnon>, dotyczący samochodu osobowego marki <xAnon>O. (...)</xAnon>o <xAnon>nr rej. (...)</xAnon>, w ten sposób, iż w pozycjach „podpis ubezpieczającego" nakreśliła podpis o treści <xAnon>(...)</xAnon>, nie będąc do tego uprawnioną a następnie posłużyła się tak podrobionym dokumentem jako autentycznym przedkładając go w <xAnon>(...)</xAnon>S.A.,</xText>
          <xText>tj. o czyn z <xLexLink xArt="art. 270;art. 270 § 1" xIsapId="WDU19970880553" xTitle="Ustawa z dnia 6 czerwca 1997 r. - Kodeks karny" xAddress="Dz. U. z 1997 r. Nr 88, poz. 553">art. 270 § 1 k.k.</xLexLink></xText>
          
          <xText>Sąd Rejonowy w Zgorzelcu wyrokiem z dnia 22 stycznia 2013 r. w sprawie II K 869/12:</xText>
          
          <xText>1. uznał oskarżoną <xAnon>B. C.</xAnon>za winną popełnienia zarzucanego jej czynu opisanego w części wstępnej wyroku tj. występku z <xLexLink xArt="art. 270;art. 270 § 1" xIsapId="WDU19970880553" xTitle="Ustawa z dnia 6 czerwca 1997 r. - Kodeks karny" xAddress="Dz. U. z 1997 r. Nr 88, poz. 553">art. 270 § 1 k.k.</xLexLink> i za to na podstawie <xLexLink xArt="art. 270;art. 270 § 1" xIsapId="WDU19970880553" xTitle="Ustawa z dnia 6 czerwca 1997 r. - Kodeks karny" xAddress="Dz. U. z 1997 r. Nr 88, poz. 553">art. 270 § 1 k.k.</xLexLink> wymierzył jej karę 6 (sześciu) miesięcy pozbawienia wolności,</xText>
          <xText>2. na podstawie <xLexLink xArt="art. 69;art. 69 § 1;art. 69 § 2" xIsapId="WDU19970880553" xTitle="Ustawa z dnia 6 czerwca 1997 r. - Kodeks karny" xAddress="Dz. U. z 1997 r. Nr 88, poz. 553">art. 69 § 1 i § 2 k.k.</xLexLink> i <xLexLink xArt="art. 70;art. 70 § 1;art. 70 § 1 pkt. 1" xIsapId="WDU19970880553" xTitle="Ustawa z dnia 6 czerwca 1997 r. - Kodeks karny" xAddress="Dz. U. z 1997 r. Nr 88, poz. 553">art. 70 § 1 pkt.1 k.k.</xLexLink> wykonanie orzeczonej wobec oskarżonej <xAnon>B. C.</xAnon>kary pozbawienia wolności warunkowo zawiesił na okres 2 (dwóch) lat próby,</xText>
          <xText>3. na podst. <xLexLink xArt="art. 44;art. 44 § 2" xIsapId="WDU19970880553" xTitle="Ustawa z dnia 6 czerwca 1997 r. - Kodeks karny" xAddress="Dz. U. z 1997 r. Nr 88, poz. 553">art. 44 § 2 kk</xLexLink> orzekł przepadek na rzecz Skarbu Państwa przez pozostawienie w aktach sprawy dowodu rzeczowego w postaci oryginału polisy OC nr <xAnon>(...)</xAnon>wraz z wnioskiem nr <xAnon>(...)</xAnon>zapisanego pod pozycją 1 w wykazie dowodów rzeczowych nr 1/23/12 (DRZ56/12),</xText>
          <xText>4. na podstawie <xLexLink xArt="art. 627" xIsapId="WDU19970890555" xTitle="Ustawa z dnia 6 czerwca 1997 r. - Kodeks postępowania karnego" xAddress="Dz. U. z 1997 r. Nr 89, poz. 555">art. 627 k.p.k.</xLexLink> zasądził od oskarżonej <xAnon>B. C.</xAnon>na rzecz Skarbu Państwa koszty sądowe i na podstawie <xLexLink xArt="art. 2;art. 2 ust. 1;art. 2 ust. 1 pkt. 2" xIsapId="WDU19730270152" xTitle="Ustawa z dnia 23 czerwca 1973 r. o opłatach w sprawach karnych" xAddress="Dz. U. z 1973 r. Nr 27, poz. 152">art. 2 ust. 1 pkt. 2 ustawy z dnia 23 czerwca 1973 r. o opłatach w sprawach karnych</xLexLink> (DZ.U. nr 49 póz. 223 z 1983r. z późn. zm.) wymierzył jej opłatę w wysokości 120 (sto dwadzieścia) złotych.</xText>
          
          <xText>Powyższy wyrok zaskarżył prokurator w części dotyczącej orzeczenia o karze, zarzucając rażącą niewspółmierność kary orzeczonej wobec <xAnon>B. C.</xAnon>, poprzez wymierzenie oskarżonej wyłącznie kary 6 miesięcy pozbawienia wolności z warunkowym zawieszeniem jej wykonania na okres próby 2 lat, przy jednoczesnym odstąpieniu od orzeczenia grzywny na podstawie <xLexLink xArt="art. 71;art. 71 § 1" xIsapId="WDU19970880553" xTitle="Ustawa z dnia 6 czerwca 1997 r. - Kodeks karny" xAddress="Dz. U. z 1997 r. Nr 88, poz. 553">art. 71 §1 k.k.</xLexLink>, co w konsekwencji spowodowało, iż kara ta, jako niewspółmiernie łagodna nie spełnia wymogów w zakresie prewencji ogólnej i indywidualnej, nie powodując dla oskarżonej żadnych faktycznych dolegliwości.</xText>
          <xText>W oparciu o powyższy zarzut prokurator wniósł o zmianę zaskarżonego wyroku poprzez orzeczenie wobec <xAnon>B. C.</xAnon>grzywny w wymiarze 50 (pięćdziesięciu) stawek dziennych, przy ustaleniu wysokości jednej stawki dziennej na 20- (dwadzieścia) złotych- na podstawie <xLexLink xArt="art. 71;art. 71 § 1" xIsapId="WDU19970880553" xTitle="Ustawa z dnia 6 czerwca 1997 r. - Kodeks karny" xAddress="Dz. U. z 1997 r. Nr 88, poz. 553">art. 71 § 1 k.k.</xLexLink></xText>
          
          <xText>Sąd Okręgowy zważył, co następuje:</xText>
          
          <xText>Apelacja prokuratora, jako oczywiście bezzasadna, nie zasługiwała na uwzględnienie.</xText>
          <xText>Mając na uwadze kierunek i granice zaskarżenia Sąd Okręgowy na wstępie stwierdza, że Sąd I instancji prawidłowo przeprowadził postępowanie, dokonując właściwych ustaleń co do sprawstwa i winy oskarżonej <xAnon>B. C.</xAnon>. Nie budzi również żadnych wątpliwości trafność przyjętej w zaskarżonym wyroku kwalifikacji prawnej czynu przypisanego oskarżonej.</xText>
          <xText>Przechodząc do zarzutu apelacji, należy wskazać, że dotyczy on wyłącznie rozstrzygnięcia o karze i stąd przedmiotem rozważań Sądu Odwoławczego jest ta kwestia (<xLexLink xArt="art. 433;art. 433 § 2" xIsapId="WDU19970890555" xTitle="Ustawa z dnia 6 czerwca 1997 r. - Kodeks postępowania karnego" xAddress="Dz. U. z 1997 r. Nr 89, poz. 555">art. 433 § 2 k.p.k.</xLexLink>). Wniesienie wniosku o sporządzenie uzasadnienia i doręczenie odpisu wyroku sądu odwoławczego przez oskarżoną nie poszerza kognicji sądu odwoławczego, która co do zasady wyznaczona jest przez granice wniesionego środka odwoławczego, w ramach których sąd odwoławczy rozpoznaje sprawę w związku z wniesioną skargą.</xText>
          <xText>W ocenie Sądu Okręgowego, Sąd Rejonowy podejmując rozstrzygnięcie o karze nie pominął żadnej istotnej dla wymiaru tej kary okoliczności.</xText>
          <xText>Orzeczona przez Sąd Rejonowy kara nie jest rażąco niewspółmierna. Oczywistym jest, iż cele prewencji indywidualnej - wychowawcze i zapobiegawcze - które kara ma osiągnąć w stosunku do skazanego mają zwykle prymat przed innymi, zwłaszcza negatywną prewencją generalną polegającą na wymierzaniu nadmiernie surowych sankcji. Sankcja sprawiedliwa nie powinna bowiem wykraczać poza rzeczywistą potrzebę, właściwa reakcja karna to reakcja celowa, uwzględniająca wszystkie elementy decydujące o jej rodzaju i wymiarze, sprawiedliwa <xBRx/>i akceptowana społecznie.</xText>
          <xText>Oskarżonej została wymierzona kara nieizolacyjna, a orzekając ją, Sąd Rejonowy uwzględnił wszelkie dyrektywy, o jakich mowa w <xLexLink xArt="art. 53" xIsapId="WDU19970880553" xTitle="Ustawa z dnia 6 czerwca 1997 r. - Kodeks karny" xAddress="Dz. U. z 1997 r. Nr 88, poz. 553">art. 53 k.k.</xLexLink> Sąd I instancji przeanalizował i prawidłowo wyeksponował wszystkie istotne okoliczności wpływające na wymiar kary pozbawienia wolności orzeczonej wobec oskarżonej <xAnon>B. C.</xAnon>determinujące ocenę w zakresie stopnia winy, jak i stopnia szkodliwości społecznej czynu jej przypisanego, w tym zwłaszcza działanie z zamiarem bezpośrednim, jak również wcześniejszą niekaralność oskarżonej i jej dotychczasowy sposób życia. Wymierzona oskarżonej kara sześciu miesięcy pozbawienia wolności jest karą sprawiedliwą i współmierną. Słuszne – w świetle okoliczności sprawy uzasadnione – było również orzeczenie o warunkowym zawieszeniu orzeczonej kary pozbawienia wolności.</xText>
          <xText>Nie ma racji prokurator zarzucając, że wymierzona oskarżonej kara jest rażąco łagodna. Wprawdzie zastosowanie warunkowego zawieszenia kary pozbawienia wolności może zostać powiązane z jednoczesnym orzeczeniem wobec sprawcy grzywny, jednakże słusznie ocenił Sąd Rejonowy, że w niniejszej sprawie spełni wyłącznie kara pozbawienia wolności z warunkowym zawieszeniem jej wykonania. Funkcją grzywny orzekanej przy stosowaniu warunkowego zawieszenia jest uczynienie sprawcy dolegliwości ekonomicznej traktowanej w tym przypadku jako czynnik mający zapobiegać społecznemu odczuciu, iż pozostaje on w pełni bezkarny. Jednakże w przypadku niektórych sprawców (a tak jest również i w niniejszej sprawie) już sam fakt prowadzenia postępowania karnego i wydania wyroku skazującego, jak również świadomość możliwości zarządzenia wykonania orzeczonej kary pozbawienia wolności, odnieść może wystarczający skutek represyjny i prewencyjny. Przepis <xLexLink xArt="art. 71;art. 71 § 1" xIsapId="WDU19970880553" xTitle="Ustawa z dnia 6 czerwca 1997 r. - Kodeks karny" xAddress="Dz. U. z 1997 r. Nr 88, poz. 553">art. 71 § 1 k.k.</xLexLink> ma charakter fakultatywny, co oznacza, że wymierzając grzywnę na tej podstawie sąd winien każdorazowo ocenić, czy kara ta będzie sprawiedliwą reakcją na przypisane oskarżonemu przestępstwo. Słusznie Sąd Rejonowy ocenił, że dotychczasowy tryb życia oskarżonej, jej wcześniejsza niekaralność i wykonywanie przez nią pracy zarobkowej uzasadnia wymierzenie jej „jedynie” kary pozbawienia wolności z warunkowym zawieszeniem jej wykonania. Kary tej w żadnej mierze nie można uznać za rażąco łagodną.</xText>
          <xText>Z powyższych względów apelacja wniesiona przez prokuratora jako oczywiście bezzasadna nie mogła zostać uwzględniona. Dlatego Sąd Okręgowy, nie stwierdzając z urzędu uchybień procesowych z <xLexLink xArt="art. 439" xIsapId="WDU19970890555" xTitle="Ustawa z dnia 6 czerwca 1997 r. - Kodeks postępowania karnego" xAddress="Dz. U. z 1997 r. Nr 89, poz. 555">art. 439 k.p.k.</xLexLink> ani rażącej niesprawiedliwości określonej w <xLexLink xArt="art. 440" xIsapId="WDU19970890555" xTitle="Ustawa z dnia 6 czerwca 1997 r. - Kodeks postępowania karnego" xAddress="Dz. U. z 1997 r. Nr 89, poz. 555">art. 440 k.p.k.</xLexLink>, zaskarżony wyrok, jako trafny i prawidłowy, utrzymał w mocy (<xLexLink xArt="art. 437;art. 437 § 1" xIsapId="WDU19970890555" xTitle="Ustawa z dnia 6 czerwca 1997 r. - Kodeks postępowania karnego" xAddress="Dz. U. z 1997 r. Nr 89, poz. 555">art. 437 § 1 k.p.k.</xLexLink>).</xText>
          <xText>O kosztach sądowych za postępowanie odwoławcze Sąd Okręgowy orzekł na podstawie <xLexLink xArt="art. 636;art. 636 § 1" xIsapId="WDU19970890555" xTitle="Ustawa z dnia 6 czerwca 1997 r. - Kodeks postępowania karnego" xAddress="Dz. U. z 1997 r. Nr 89, poz. 555">art. 636 § 1 k.p.k.</xLexLink></xText>
        </xUnit>
      </xBlock>
    </xPart>
  </judgement>
<judgement id="155005000003006_VI_Ka_000158_2013_Uz_2013-04-19_002">
    <xPart xEditorFullName="Małgorzata Dzieniszewska" xYear="2013" xLang="PL" xPublisherFullName="Anna Herka" xFromPg="1" xEditor="malgorzata.dzieniszewska@jelenia-gora.so.gov.pl" xVolType="15/500500/0003006/Ka" xPublisher="w.karny.odw@jelenia-gora.so.gov.pl" xDocType="Uz" xVolNmbr="000158" xVersion="1.0" xToPage="4" xFlag="published">
      <xName>Wyrok+Uzasadnienie</xName>
      <xBlock>
        <xText>Sygn. akt VI Ka 158/13</xText>
        <xUnit xIsTitle="true" xType="part" xBold="true">
          <xName>WYROK</xName>
          <xTitle>W IMIENIU RZECZYPOSPOLITEJ POLSKIEJ</xTitle>
          <xText>Dnia 19 kwietnia 2013r.</xText>
          <xText>Sąd Okręgowy w Jeleniej Górze w VI Wydziale Karnym Odwoławczym w składzie:</xText>
          
          <xText>
            <xBx> Przewodniczący – Sędzia  SO Edyta Gajgał (spr.)</xBx>
          </xText>
          <xText>
            <xBx> Sędziowie   SO Barbara Żukowska </xBx>
          </xText>
          <xText>
            <xBx> SO Andrzej Wieja </xBx>
          </xText>
          <xText>
            <xBx> Protokolant   Jolanta Kopeć</xBx>
          </xText>
          
          <xText>przy udziale Prokuratora Prokuratury Okręgowej w Jeleniej Górze Zbigniewa Jaworskiego</xText>
          <xText>po rozpoznaniu w dniu 19 kwietnia 2013r.</xText>
          <xText>sprawy <xBx><xAnon>I. G.</xAnon></xBx></xText>
          <xText>oskarżonego z <xLexLink xArt="art. 178 a;art. 178 a § 2" xIsapId="WDU19970880553" xTitle="Ustawa z dnia 6 czerwca 1997 r. - Kodeks karny" xAddress="Dz. U. z 1997 r. Nr 88, poz. 553">art. 178a § 2 kk</xLexLink> i <xLexLink xArt="art. 244" xIsapId="WDU19970880553" xTitle="Ustawa z dnia 6 czerwca 1997 r. - Kodeks karny" xAddress="Dz. U. z 1997 r. Nr 88, poz. 553">art. 244 kk</xLexLink> w zw. z <xLexLink xArt="art. 11;art. 11 § 2" xIsapId="WDU19970880553" xTitle="Ustawa z dnia 6 czerwca 1997 r. - Kodeks karny" xAddress="Dz. U. z 1997 r. Nr 88, poz. 553">art. 11 § 2 kk</xLexLink></xText>
          <xText>z powodu apelacji wniesionej przez oskarżonego</xText>
          <xText>od wyroku Sądu Rejonowego w Bolesławcu</xText>
          <xText>z dnia 6 lutego 2013r.    sygn. akt II K 952/12</xText>
          
          <xText>I. zmienia zaskarżony wyrok wobec oskarżonego <xAnon>I. G.</xAnon> w ten sposób, że przy zastosowaniu przepisu <xLexLink xArt="art. 58;art. 58 § 3" xIsapId="WDU19970880553" xTitle="Ustawa z dnia 6 czerwca 1997 r. - Kodeks karny" xAddress="Dz. U. z 1997 r. Nr 88, poz. 553">art. 58 § 3 kk</xLexLink> w miejsce orzeczonej kary pozbawienia wolności na podstawie <xLexLink xArt="art. 244" xIsapId="WDU19970880553" xTitle="Ustawa z dnia 6 czerwca 1997 r. - Kodeks karny" xAddress="Dz. U. z 1997 r. Nr 88, poz. 553">art. 244 kk</xLexLink> w zw. z <xLexLink xArt="art. 11;art. 11 § 3" xIsapId="WDU19970880553" xTitle="Ustawa z dnia 6 czerwca 1997 r. - Kodeks karny" xAddress="Dz. U. z 1997 r. Nr 88, poz. 553">art. 11 § 3 kk</xLexLink> wymierza oskarżonemu karę 60 (sześćdziesięciu) stawek dziennych grzywny po 10 (dziesięć) złotych każda,</xText>
          <xText>II. w pozostałej części zaskarżony wyrok utrzymuje w mocy</xText>
          <xText>III. zasądza od oskarżonego na rzecz Skarbu Państwa koszty sądowe za postępowanie odwoławcze w kwocie 20 złotych oraz zwalnia go od opłaty za obie instancje.</xText>
          
          <xText>Sygn. akt VI Ka 158/13</xText>
        </xUnit>
        <xUnit xIsTitle="true" xType="part" xBold="true">
          <xName>UZASADNIENIE</xName>
          <xText><xAnon>I. G.</xAnon> został oskarżony o to, że:</xText>
          
          <xText>w dniu 7 sierpnia 2012r. w <xAnon>B.</xAnon>, <xAnon>ul. (...)</xAnon>, będąc w stanie nietrzeźwości: I badanie 0,44 mg/l, II badanie 0,44 mg/l alkoholu w wydychanym powietrzu oraz nie stosując się do orzeczonego przez Sąd Rejonowy w Bolesławcu wyrokiem o sygn. IIK 1498/10 zakazu prowadzenia rowerów oraz pojazdów kat. A+B+C+D+E+T na okres od 5 lipca 2011r. do 5 lipca 2017r. kierował rowerem po drodze publicznej,</xText>
          
          <xText>to jest o czyn z <xLexLink xArt="art. 178 a;art. 178 a § 2" xIsapId="WDU19970880553" xTitle="Ustawa z dnia 6 czerwca 1997 r. - Kodeks karny" xAddress="Dz. U. z 1997 r. Nr 88, poz. 553">art. 178a§2kk</xLexLink> i <xLexLink xArt="art. 244" xIsapId="WDU19970880553" xTitle="Ustawa z dnia 6 czerwca 1997 r. - Kodeks karny" xAddress="Dz. U. z 1997 r. Nr 88, poz. 553">art. 244kk</xLexLink> w zw. z <xLexLink xArt="art. 11;art. 11 § 2" xIsapId="WDU19970880553" xTitle="Ustawa z dnia 6 czerwca 1997 r. - Kodeks karny" xAddress="Dz. U. z 1997 r. Nr 88, poz. 553">art. 11§2kk</xLexLink></xText>
          
          <xText>Sąd Rejonowy w Bolesławcu wyrokiem z dnia 6 lutego 2013r. w sprawie II K 952/12:</xText>
          
          <xText>uznał oskarżonego <xAnon>I. G.</xAnon> za winnego tego, że w dniu 7 sierpnia 2012r. w <xAnon>B.</xAnon>, na skrzyżowaniu <xAnon>ulicy (...)</xAnon> z <xAnon>ulicą (...)</xAnon>, będąc w stanie nietrzeźwości: I badanie 0,44 mg/l, II badanie 0,44 mg/l alkoholu w wydychanym powietrzu oraz nie stosując się do orzeczonego przez Sąd Rejonowy w Bolesławcu wyrokiem o sygn. IIK 1498/10 zakazu prowadzenia rowerów oraz pojazdów kat. A+B+C+D+E+T na okres od 5 lipca 2011r. do 5 lipca 2017r. kierował rowerem po drodze publicznej to jest popełnienia czynu z <xLexLink xArt="art. 178 a;art. 178 a § 2" xIsapId="WDU19970880553" xTitle="Ustawa z dnia 6 czerwca 1997 r. - Kodeks karny" xAddress="Dz. U. z 1997 r. Nr 88, poz. 553">art. 178a§2kk</xLexLink> i <xLexLink xArt="art. 244" xIsapId="WDU19970880553" xTitle="Ustawa z dnia 6 czerwca 1997 r. - Kodeks karny" xAddress="Dz. U. z 1997 r. Nr 88, poz. 553">art. 244kk</xLexLink> w zw. z <xLexLink xArt="art. 11;art. 11 § 2" xIsapId="WDU19970880553" xTitle="Ustawa z dnia 6 czerwca 1997 r. - Kodeks karny" xAddress="Dz. U. z 1997 r. Nr 88, poz. 553">art. 11§2kk</xLexLink> i za to na podstawie <xLexLink xArt="art. 244" xIsapId="WDU19970880553" xTitle="Ustawa z dnia 6 czerwca 1997 r. - Kodeks karny" xAddress="Dz. U. z 1997 r. Nr 88, poz. 553">art. 244kk</xLexLink> w zw. z <xLexLink xArt="art. 11;art. 11 § 3" xIsapId="WDU19970880553" xTitle="Ustawa z dnia 6 czerwca 1997 r. - Kodeks karny" xAddress="Dz. U. z 1997 r. Nr 88, poz. 553">art. 11§3kk</xLexLink> wymierzył mu karę 6 miesięcy pozbawienia wolności,</xText>
          <xText>na podstawie <xLexLink xArt="art. 42;art. 42 § 2" xIsapId="WDU19970880553" xTitle="Ustawa z dnia 6 czerwca 1997 r. - Kodeks karny" xAddress="Dz. U. z 1997 r. Nr 88, poz. 553">art. 42§2kk</xLexLink> orzekł wobec oskarżonego środek karny w postaci zakazu prowadzenia rowerów oraz wszelkich pojazdów mechanicznych w ruchu lądowym na okres 4 lat,</xText>
          <xText>na podstawie <xLexLink xArt="art. 624;art. 624 § 1" xIsapId="WDU19970890555" xTitle="Ustawa z dnia 6 czerwca 1997 r. - Kodeks postępowania karnego" xAddress="Dz. U. z 1997 r. Nr 89, poz. 555">art.624§1kpk</xLexLink> zwolnił oskarżonego od zapłaty na rzecz Skarbu Państwa kosztów sądowych.</xText>
          <xText>Wyrok ten zaskarżył w całości oskarżony kwestionując jego podstawę faktyczną. Oskarżony podniósł, że w czasie zdarzenia nie jechał rowerem będąc nietrzeźwym, a roweru używał wyłącznie jako środka do transportu bagażu. Zarzucił także, że wyrok został wydany przez sąd pierwszej instancji pod jego nieobecność. Przy tak sformułowanych zarzutach wniósł o uchylenie zaskarżonego wyroku i przekazanie sprawy do ponownego rozpoznania.</xText>
          
          <xText>Sąd Okręgowy zważył, co następuje.</xText>
          <xText>Zarzuty podniesione w apelacji nie mogły być uznane za słuszne, co nie oznacza, że zaskarżony wyrok nie wymagał zmiany w zakresie rozstrzygnięcia o karze, zwłaszcza że na rażącą niewspółmierność wymierzonej oskarżonemu kary wskazał także oskarżyciel publiczny w swoim wystąpieniu na rozprawie odwoławczej.</xText>
          <xText>W pierwszej jednak kolejności odnieść się wypada do zarzutu natury procesowej postawionego przez oskarżonego. Istotnie, nie brał on udziału w rozprawie w dniu 6 lutego 2013r., to jednak Sąd Rejonowy był uprawniony by procedować pod nieobecność oskarżonego, skoro został on powiadomiony o jej terminie, co wynika z zapisów protokołu rozprawy z dnia 14 stycznia 2013r. Nieusprawiedliwiona nieobecność na rozprawie odroczonej prawidłowo zawiadomionego oskarżonego dawała podstawy do skorzystania z możliwości, jakie daje przepis <xLexLink xArt="art. 376;art. 376 § 2" xIsapId="WDU19970880553" xTitle="Ustawa z dnia 6 czerwca 1997 r. - Kodeks karny" xAddress="Dz. U. z 1997 r. Nr 88, poz. 553">art.376§2kk</xLexLink>, w sytuacji gdy na poprzedniej rozprawie złożył on wyjaśnienia. Brak jest więc podstaw do uznania, że rozpoznając sprawę oskarżonego Sąd Rejonowy dopuścił się uchybienia przepisom postępowania tego rodzaju, że skutkować to winno uchyleniem zaskarżonego orzeczenia.</xText>
          <xText>Wbrew temu, co podnosi skarżący nie budzi wątpliwości podstawa faktyczna rozstrzygnięcia. Sąd pierwszej instancji prawidłowo ustalił, że oskarżony prowadził rower na drodze publicznej w rozumieniu <xLexLink xArt="art. 178 a;art. 178 a § 2" xIsapId="WDU19970880553" xTitle="Ustawa z dnia 6 czerwca 1997 r. - Kodeks karny" xAddress="Dz. U. z 1997 r. Nr 88, poz. 553">art.178a §2kk</xLexLink> Ustalenia w tym zakresie poczynione zostały przy uwzględnieniu zeznań funkcjonariusza Policji <xAnon>M. L.</xAnon>, w których opisał zachowanie oskarżonego, przedstawił zaobserwowany moment gdy wsiadał on na rower, wskazał miejsce, w którym do tego doszło i odcinek drogi, który oskarżony pokonał. W okolicznościach zdarzenia brak jest jakichkolwiek przesłanek, by walor dowodowy i przydatność zeznań świadka zakwestionować. W konfrontacji z zeznaniami tego świadka wyjaśnienia oskarżonego zaprzeczającego, by jechał rowerem nie mogły być uznane za prawdziwe i wiarygodne.</xText>
          <xText>W złożonej apelacji oskarżony wprost nie kwestionuje ustalenia w tym zakresie, że w czasie zdarzenia znajdował się w stanie nietrzeźwości, jakkolwiek formułuje pewne zastrzeżenia co do przeprowadzonego z jego uzdałem badania. Odnosząc się do tej kwestii zwrócić należy uwagę, że dwukrotnie przeprowadzone badanie oskarżonego przy użyciu alkotestu wykazało, że znajduje się on w stanie nietrzeźwości, a w podpisanym przez oskarżonego protokole z tego badania odnotowano jego oświadczenie, że spożywał alkohol w postaci wódki. Jak wynika przy tym z zeznań świadka <xAnon>M. L.</xAnon>, powodem zatrzymania oskarżonego był sposób, w jaki poruszał się jadąc rowerem wskazujący na to, że może on się znajdować pod wpływem alkoholu. Przy tej treści dowodach i tego ustalenia faktycznego niepodobna skutecznie zakwestionować.</xText>
          <xText>Nie ulega także wątpliwości, że oskarżony naruszył orzeczony wobec niego przez sąd sześcioletni zakaz prowadzenia rowerów, który swój bieg rozpoczął w 2011r.</xText>
          <xText>Reasumując, poczynione przez Sąd Rejonowy ustalenia w zakresie dotyczącym sprawstwa i winy oskarżonego tak w odniesieniu do zachowania wyczerpującego znamiona z <xLexLink xArt="art. 178 a;art. 178 a § 2" xIsapId="WDU19970880553" xTitle="Ustawa z dnia 6 czerwca 1997 r. - Kodeks karny" xAddress="Dz. U. z 1997 r. Nr 88, poz. 553">art. 178a §2kk</xLexLink>, jak i z <xLexLink xArt="art. 244" xIsapId="WDU19970880553" xTitle="Ustawa z dnia 6 czerwca 1997 r. - Kodeks karny" xAddress="Dz. U. z 1997 r. Nr 88, poz. 553">art.244kk</xLexLink>, są prawidłowe.</xText>
          <xText>Odmiennie przedstawia się ocena podjętego wobec oskarżonego rozstrzygnięcia o karze, co zasygnalizowano powyżej.</xText>
          <xText>Oskarżony był uprzednio wielokrotnie karany za przestępstwa tak z <xLexLink xArt="art. 178 a;art. 178 a § 2" xIsapId="WDU19970880553" xTitle="Ustawa z dnia 6 czerwca 1997 r. - Kodeks karny" xAddress="Dz. U. z 1997 r. Nr 88, poz. 553">art.178a §2kk</xLexLink>, jak i z <xLexLink xArt="art. 244" xIsapId="WDU19970880553" xTitle="Ustawa z dnia 6 czerwca 1997 r. - Kodeks karny" xAddress="Dz. U. z 1997 r. Nr 88, poz. 553">art.244kk</xLexLink>, niemniej zachodzą w odniesieniu do niego okoliczności uzasadniające stwierdzenie, że kara bezwarunkowa pozbawienia wolności orzeczona zaskarżonym wyrokiem to dolegliwość zbyt duża i niewspółmierna w okolicznościach sprawy. Oskarżony jest starszym, niespełna 73 –letnim człowiekiem. Odpowiada – i odpowiadał uprzednio - za kierowanie w stanie nietrzeźwości pojazdem innym niż mechaniczny – rowerem. Zachowanie takie z całą pewnością cechuje mniejsza społeczna szkodliwość aniżeli w przypadku zachowania sprawcy prowadzącego w ruchu lądowym pojazd mechaniczny. Nie negując tego, że nietrzeźwy rowerzysta stwarza określone niebezpieczeństwo dla innych uczestników ruchu drogowego, to niewątpliwie największe zagrożenie powoduje dla siebie. To stwierdzenie szczególnie odnosi się do zachowania oskarżonego. Z ustaleń przyjętych za podstawę zaskarżonego wyroku nie wynika, by swoim zachowaniem oskarżony stwarzał realne zagrożenie dla innych, zwłaszcza że poruszał się chodnikiem, a ponadto przejechał niewielki odcinek drogi. Pozwala to uznać, że nie jest konieczne odziaływanie na niego poprzez karę izolacyjną, a właściwą represję karną stanowić będzie kara grzywny orzeczona przy zastosowaniu przepisu <xLexLink xArt="art. 58;art. 58 § 3" xIsapId="WDU19970880553" xTitle="Ustawa z dnia 6 czerwca 1997 r. - Kodeks karny" xAddress="Dz. U. z 1997 r. Nr 88, poz. 553">art.58§3kk</xLexLink> w rozmiarze przekraczającym miesięczne dochody oskarżonego, co w jego sytuacji, przy niewielkiej wysokości tych dochodów, z całą pewnością stanowić będzie dla niego dolegliwość wyraźnie odczuwalną.</xText>
          <xText>Z tych względów zaskarżony wyrok podlegał zmianie, jak w części rozstrzygającej. W części zaś nieobjętej korektą został on utrzymany w mocy, wobec nieuwzględnienia zarzutów co do winy podniesionych w apelacji oskarżonego.</xText>
          <xText>O kosztach postępowania odwoławczego Sąd Okręgowy orzekł na podstawie <xLexLink xArt="art. 627" xIsapId="WDU19970890555" xTitle="Ustawa z dnia 6 czerwca 1997 r. - Kodeks postępowania karnego" xAddress="Dz. U. z 1997 r. Nr 89, poz. 555">art.627kpk</xLexLink> w zw. z <xLexLink xArt="art. 635" xIsapId="WDU19970890555" xTitle="Ustawa z dnia 6 czerwca 1997 r. - Kodeks postępowania karnego" xAddress="Dz. U. z 1997 r. Nr 89, poz. 555">art.635kpk</xLexLink>, z tym że na podstawie <xLexLink xArt="art. 17;art. 17 ust. 1" xIsapId="WDU19730270152" xTitle="Ustawa z dnia 23 czerwca 1973 r. o opłatach w sprawach karnych" xAddress="Dz. U. z 1973 r. Nr 27, poz. 152">art.17 ust.1 ustawy z dnia 23 czerwca 1973r. o opłatach w sprawach karnych</xLexLink> zwolnił oskarżonego od obowiązku uiszczenia opłaty za obie instancje uznając, że ich uiszczenie byłoby dla niego zbyt uciążliwe.</xText>
        </xUnit>
      </xBlock>
    </xPart>
  </judgement>
<judgement id="155005000003006_VI_Ka_000154_2013_Uz_2013-04-23_001">
    <xPart xEditorFullName="Małgorzata Dzieniszewska" xYear="2013" xLang="PL" xPublisherFullName="Anna Herka" xFromPg="1" xEditor="malgorzata.dzieniszewska@jelenia-gora.so.gov.pl" xVolType="15/500500/0003006/Ka" xPublisher="w.karny.odw@jelenia-gora.so.gov.pl" xDocType="Uz" xVolNmbr="000154" xVersion="1.0" xToPage="5" xFlag="published">
      <xName>Wyrok+Uzasadnienie</xName>
      <xBlock>
        <xText>Sygn. akt VI Ka 154/13</xText>
        <xUnit xIsTitle="true" xType="part" xBold="true">
          <xName>WYROK</xName>
          <xTitle>W IMIENIU RZECZYPOSPOLITEJ POLSKIEJ</xTitle>
          <xText>Dnia 19 kwietnia 2013r.</xText>
          <xText>Sąd Okręgowy w Jeleniej Górze w VI Wydziale Karnym Odwoławczym w składzie:</xText>
          
          <xText>
            <xBx> Przewodniczący – Sędzia  SO Andrzej Wieja </xBx>
          </xText>
          
          <xText>
            <xBx> Protokolant   Jolanta Kopeć</xBx>
          </xText>
          
          <xText>przy udziale Prokuratora Prokuratury Okręgowej w Jeleniej Górze Zbigniewa Jaworskiego</xText>
          <xText>po rozpoznaniu w dniu 19 kwietnia 2013r.</xText>
          <xText>sprawy <xBx><xAnon>M. M.</xAnon></xBx></xText>
          <xText>oskarżonego z <xLexLink xArt="art. 178 a;art. 178 a § 2" xIsapId="WDU19970880553" xTitle="Ustawa z dnia 6 czerwca 1997 r. - Kodeks karny" xAddress="Dz. U. z 1997 r. Nr 88, poz. 553">art. 178a § 2 kk</xLexLink></xText>
          <xText>z powodu apelacji wniesionej przez prokuratora</xText>
          <xText>od wyroku Sądu Rejonowego w Jeleniej Górze VIII Zamiejscowego Wydziału Karnego z siedzibą w Kamiennej Górze</xText>
          <xText>z dnia 8 lutego 2013r.    sygn. akt VIII K 117/13</xText>
          
          <xText>uchyla zaskarżony wyrok wobec oskarżonego <xAnon>M. M.</xAnon>i sprawę przekazuje Sądowi Rejonowemu w Jeleniej Górze VIII Zamiejscowemu Wydziałowi Karnemu z siedzibą w Kamiennej Górze do ponownego rozpoznania.</xText>
          
          <xText>Sygn. akt VI Ka 154/13</xText>
        </xUnit>
        <xUnit xIsTitle="true" xType="part" xBold="true">
          <xName>UZASADNIENIE</xName>
          <xText><xAnon>M. M.</xAnon> został oskarżony o to, że:</xText>
          <xText>w dniu 25 listopada 2012 r. o godz. 16:25 w <xAnon>M.</xAnon>, woj. <xAnon> (...)</xAnon>, kierował umyślnie w ruchu lądowym motorowerem <xAnon>marki Y.</xAnon> o <xAnon>nr rej. (...)</xAnon> będąc w stanie nietrzeźwości (wynik badania alkosensorem: 0,30 mg/1 i 0,29 mg/1),</xText>
          <xText>to jest o czyn z <xLexLink xArt="art. 178 a;art. 178 a § 2" xIsapId="WDU19970880553" xTitle="Ustawa z dnia 6 czerwca 1997 r. - Kodeks karny" xAddress="Dz. U. z 1997 r. Nr 88, poz. 553">art. 178a § 2 k.k.</xLexLink></xText>
          
          <xText>Sąd Rejonowy w Jeleniej Górze wyrokiem z dnia 8 lutego 2013 r. w sprawie VIII K 117/13:</xText>
          <xText>1. <xAnon>M. M.</xAnon> uznał za winnego popełnienia czynu opisanego w części wstępnej wyroku, stanowiącego występek z <xLexLink xArt="art. 178 a;art. 178 a § 2" xIsapId="WDU19970880553" xTitle="Ustawa z dnia 6 czerwca 1997 r. - Kodeks karny" xAddress="Dz. U. z 1997 r. Nr 88, poz. 553">art. 178a § 2 k.k.</xLexLink>, i za to, na podstawie <xLexLink xArt="art. 178 a;art. 178 a § 2" xIsapId="WDU19970880553" xTitle="Ustawa z dnia 6 czerwca 1997 r. - Kodeks karny" xAddress="Dz. U. z 1997 r. Nr 88, poz. 553">art. 178a § 2 k.k.</xLexLink> wymierzył mu karę grzywny w wysokości 50 (pięćdziesięciu) stawek dziennych, ustalając wysokość jednej stawki na kwotę 10 (dziesięciu) zł;</xText>
          <xText>2. na podstawie <xLexLink xArt="art. 42;art. 42 § 2" xIsapId="WDU19970880553" xTitle="Ustawa z dnia 6 czerwca 1997 r. - Kodeks karny" xAddress="Dz. U. z 1997 r. Nr 88, poz. 553">art. 42 § 2 k.k.</xLexLink> orzekł wobec <xAnon>M. M.</xAnon> zakaz prowadzenia motorowerów na okres l (jednego) roku;</xText>
          <xText>3. na podstawie <xLexLink xArt="art. 49;art. 49 § 2" xIsapId="WDU19970880553" xTitle="Ustawa z dnia 6 czerwca 1997 r. - Kodeks karny" xAddress="Dz. U. z 1997 r. Nr 88, poz. 553">art. 49 § 2 k.k.</xLexLink> orzekł od <xAnon>M. M.</xAnon> na rzecz Funduszu Pomocy Pokrzywdzonym oraz Pomocy Postpenitencjarnej świadczenie pieniężne w kwocie 100 (stu) zł;</xText>
          <xText>4. na podstawie <xLexLink xArt="art. 624;art. 624 § 1" xIsapId="WDU19970890555" xTitle="Ustawa z dnia 6 czerwca 1997 r. - Kodeks postępowania karnego" xAddress="Dz. U. z 1997 r. Nr 89, poz. 555">art. 624 § l k.p.k.</xLexLink> i <xLexLink xArt="art. 17;art. 17 ust. 1" xIsapId="WDU19730270152" xTitle="Ustawa z dnia 23 czerwca 1973 r. o opłatach w sprawach karnych" xAddress="Dz. U. z 1973 r. Nr 27, poz. 152">art. 17 ust. l ustawy z 23 czerwca 1973 r. o opłatach w sprawach karnych</xLexLink> zwolnił <xAnon>M. M.</xAnon> od ponoszenia kosztów sądowych, obciążając nimi Skarb Państwa, i nie wymierzył mu opłaty.</xText>
          
          <xText>Powyższy wyrok zaskarżył prokurator w całości na niekorzyść oskarżonego <xAnon>M. M.</xAnon>, zarzucając obrazę przepisu prawa materialnego, tj. <xLexLink xArt="art. 178 a;art. 178 a § 1" xIsapId="WDU19970880553" xTitle="Ustawa z dnia 6 czerwca 1997 r. - Kodeks karny" xAddress="Dz. U. z 1997 r. Nr 88, poz. 553">art 178a § l kk</xLexLink> poprzez jego błędne niezastosowanie jako kwalifikacji prawnej czynu którego sprawstwo przypisano oskarżonemu <xAnon>M. M.</xAnon>, w sytuacji w której prowadzony przez niego w stanie nietrzeźwości pojazd - motorower <xAnon>marki Y.</xAnon> o <xAnon>nr rej. (...)</xAnon> ponad wszelką wątpliwość stanowił pojazd mechaniczny, co też było efektem podzielenia przez Sąd wadliwej oceny prawnej zachowania oskarżonego dokonanej wyjściowo przez oskarżyciela publicznego i skutkowało zaakceptowaniem zaproponowanego porozumienia procesowego i wydaniem wyroku skazującego bez rozprawy opartego o nieprawidłową ocenę prawną czynu zarzuconego <xAnon>M. M.</xAnon>.</xText>
          <xText>Prokurator wniósł o uchylenie zaskarżonego wyroku i przekazanie sprawy do ponownego rozpoznania Sądowi Rejonowemu w Jeleniej Górze.</xText>
          
          <xText>Sąd Okręgowy zważył, co następuje:</xText>
          
          <xText>Apelacja prokuratora jest oczywiście uzasadniona.</xText>
          <xText>Wyrok Sądu I instancji w niniejszej sprawie wydany został na posiedzeniu w trybie <xLexLink xArt="art. 343;art. 343 § 1" xIsapId="WDU19970890555" xTitle="Ustawa z dnia 6 czerwca 1997 r. - Kodeks postępowania karnego" xAddress="Dz. U. z 1997 r. Nr 89, poz. 555">art. 343 § l k.p.k.</xLexLink> w zw. z <xLexLink xArt="art. 335;art. 335 § 1" xIsapId="WDU19970890555" xTitle="Ustawa z dnia 6 czerwca 1997 r. - Kodeks postępowania karnego" xAddress="Dz. U. z 1997 r. Nr 89, poz. 555">art. 335 § l k.p.k.</xLexLink></xText>
          <xText>Sąd - rozpoznający wniosek prokuratora o wydanie wyroku skazującego i orzeczenie uzgodnionych z oskarżonym kary lub środka karnego bez przeprowadzenia rozprawy - nie może uchylić się od zbadania sprawy zarówno pod kątem ustaleń faktycznych i zawinienia, a także zastosowanych przepisów prawa materialnego, zaś w sytuacji gdy uzna, że oskarżony nie popełnił zarzucanego mu przestępstwa, gdy zauważa potrzebę zmiany kwalifikacji prawnej czynu i to niezależnie, czy miałaby to być zmiana w kierunku łagodniejszym, czy też surowszym, bądź też dostrzega inne wady prawne propozycji oskarżyciela publicznego (np. dotyczące kwestii środków karnych, których orzeczenie jest obligatoryjne), nie tylko nie może wniosku takiego uwzględnić, lecz wręcz zobligowany jest - stosownie do treści <xLexLink xArt="art. 343;art. 343 § 7" xIsapId="WDU19970890555" xTitle="Ustawa z dnia 6 czerwca 1997 r. - Kodeks postępowania karnego" xAddress="Dz. U. z 1997 r. Nr 89, poz. 555">art. 343 § 7 k.p.k.</xLexLink> - skierować sprawę do rozpoznania na zasadach ogólnych, chyba że w toku posiedzenia prokurator za zgodą oskarżonego dokona modyfikacji wniosku w kierunku przez sąd postulowanym. (wyrok Sądu Najwyższego z dnia 07 marca 2012 r. sygn. akt II K.K. 14/12 <xIx>Prok.i Pr.-wkł. 2012/6/7 Lex nr 1165239). </xIx>Dyspozycja przepisu <xLexLink xArt="art. 343;art. 343 § 7" xIsapId="WDU19970890555" xTitle="Ustawa z dnia 6 czerwca 1997 r. - Kodeks postępowania karnego" xAddress="Dz. U. z 1997 r. Nr 89, poz. 555">art. 343 § 7 k.p.k.</xLexLink> nie pozostawia bowiem wątpliwości co do tego, że skierowanie przez prokuratora, na podstawie <xLexLink xArt="art. 335;art. 335 § 1" xIsapId="WDU19970890555" xTitle="Ustawa z dnia 6 czerwca 1997 r. - Kodeks postępowania karnego" xAddress="Dz. U. z 1997 r. Nr 89, poz. 555">art. 335 § 1 k.p.k.</xLexLink>, wniosku o skazanie oskarżonego bez przeprowadzenia rozprawy obliguje sąd do kontroli jego poprawności pod względem zarówno formalnym, jak i merytorycznym. Przedmiotem zaś tego rodzaju kontroli powinna być również kwestia zgodności propozycji zawartych we wniosku z regułami obowiązującego prawa materialnego (por. wyrok Sądu Najwyższego z dnia 26 października 2011r., IV KK 283/11 <xIx>LEX nr 1027194</xIx>).</xText>
          <xText>Zaskarżonym wyrokiem Sąd Rejonowy przypisał oskarżonemu <xAnon>M. M.</xAnon> czyn polegający na prowadzeniu w ruchu lądowym motoroweru <xAnon>marki Y.</xAnon> o <xAnon>nr rej. (...)</xAnon>. Czyn ten, za oskarżycielem publicznym, Sąd zakwalifikował z <xLexLink xArt="art. 178 a;art. 178 a § 2" xIsapId="WDU19970880553" xTitle="Ustawa z dnia 6 czerwca 1997 r. - Kodeks karny" xAddress="Dz. U. z 1997 r. Nr 88, poz. 553">art. 178a § 2 k.k.</xLexLink></xText>
          <xText>Sąd I instancji (a wcześniej organ prowadzący postępowanie przygotowawcze) nie dokonał ustaleń dotyczących cech charakterystycznych pojazdu, którym poruszał się oskarżony, nie zbadał w szczególności, czy motorower ten wyposażony jest w mechanizm pozwalający na napędzanie go siłą mięśni. Okoliczności niniejszej sprawy, zwłaszcza zaś fakt, że oskarżony dojeżdżał nim codziennie do pracy z <xAnon>K.</xAnon> do <xAnon>J.</xAnon> (czyli prawie 20 km), przemawiają za przyjęciem, że pojazd ten posiada wszelkie cechy pojazdu mechanicznego, a nie pojazdu innego niż mechaniczny. Wobec jednak braku przeprowadzenia dowodu z wyjaśnień oskarżonego na tę okoliczność bądź dowodu z odpisu dowodu rejestracyjnego (o ile pojazd ten podlegał obowiązkowi rejestracji, jak wywodzi prokurator), niemożliwe jest dokonanie kategorycznych ustaleń w tym zakresie.</xText>
          <xText>Sąd Okręgowy podziela pogląd wyrażony przez prokuratora, że motorower, w którym brak jest mechanizmu pozwalającego na napędzanie go siłą mięśni, stanowi pojazd mechaniczny w rozumieniu <xLexLink xArt="art. 178 a;art. 178 a § 1" xIsapId="WDU19970880553" xTitle="Ustawa z dnia 6 czerwca 1997 r. - Kodeks karny" xAddress="Dz. U. z 1997 r. Nr 88, poz. 553">art. 178a § 1 k.k.</xLexLink>, nie zaś inny pojazd określony w <xLexLink xArt="art. 178 a;art. 178 a § 2" xIsapId="WDU19970880553" xTitle="Ustawa z dnia 6 czerwca 1997 r. - Kodeks karny" xAddress="Dz. U. z 1997 r. Nr 88, poz. 553">art. 178a § 2 k.k.</xLexLink> (por. wyrok Sądu Najwyższego z dnia 4 lutego 1993 r., III KRN 254/92, wyrok Sądu Najwyższego z dnia 26 czerwca 2007r., II KK 97/07). Motorower, przeznaczony do poruszania się w ruchu drogowym wyłącznie przy pomocy silnika, jest pojazdem mechanicznym w rozumieniu przepisów <xLexLink xArt="" xIsapId="WDU19970880553" xTitle="Ustawa z dnia 6 czerwca 1997 r. - Kodeks karny" xAddress="Dz. U. z 1997 r. Nr 88, poz. 553">kodeksu karnego</xLexLink> i <xLexLink xArt="" xIsapId="WDU19710120114" xTitle="Ustawa z dnia 20 maja 1971 r. - Kodeks wykroczeń" xAddress="Dz. U. z 1971 r. Nr 12, poz. 114">kodeksu wykroczeń</xLexLink>, niezależnie od posiadanych parametrów technicznych (uchwała 7 sędziów Sądu Najwyższego z dnia 12 maja 1993 r., I KZP 9/93).</xText>
          <xText>Fakt skierowania aktu oskarżenia wraz z wnioskiem o skazanie oskarżonego bez przeprowadzania rozprawy nie obliguje sądu do wydania wyroku skazującego bez przeprowadzania rozprawy, sąd nie jest związany treścią uzgodnień dokonanych pomiędzy prokuratorem a oskarżonym (oskarżonymi). Sąd może uznać, iż w sprawie nie zostały spełnione warunki do skazania oskarżonego na posiedzeniu albo że wynegocjowane warunki pomiędzy prokuratorem a oskarżonym nie mogą być zaakceptowane z różnych powodów. W każdym też wypadku sąd zobowiązany jest do kontroli prawidłowości przyjętej w akcie oskarżenia kwalifikacji prawnej zarzucanego oskarżonemu czynu, a ewentualne wątpliwości winny przesądzić – stosownie do <xLexLink xArt="§ 7;art. 343" xIsapId="WDU19970890555" xTitle="Ustawa z dnia 6 czerwca 1997 r. - Kodeks postępowania karnego" xAddress="Dz. U. z 1997 r. Nr 89, poz. 555">§ 7 art. 343 k.p.k.</xLexLink> – o skierowaniu sprawy na rozprawę.</xText>
          <xText>W niniejszej sprawie stwierdzenie wadliwości wniosku prokuratora, poprzedzone niepełnym zgromadzeniem materiału dowodowego, musiało skutkować skierowaniem sprawy do rozpoznania na zasadach ogólnych. Brak takiej decyzji procesowej Sądu I instancji skutkował natomiast koniecznością uchylenia zaskarżonego wyroku i przekazania sprawy Sądowi I instancji do ponownego rozpoznania, co Sąd Okręgowy uczynił na podstawie <xLexLink xArt="art. 437;art. 437 § 2" xIsapId="WDU19970890555" xTitle="Ustawa z dnia 6 czerwca 1997 r. - Kodeks postępowania karnego" xAddress="Dz. U. z 1997 r. Nr 89, poz. 555">art. 437 § 2 k.p.k.</xLexLink></xText>
          <xText>Ponownie rozpoznając sprawę Sąd Rejonowy przeprowadzi postępowanie dowodowe w zakresie niezbędnym do prawidłowego rozstrzygnięcia, uwzględniając uwagi poczynione w niniejszym uzasadnieniu. Oczywistym jest przy tym, że w niniejszej sprawie możliwe jest przeprowadzenie postępowania dowodowego ograniczonego do odebrania wyjaśnień od oskarżonego, jeżeli oskarżony zdecyduje się złożyć wniosek o wydanie wyroku skazującego w trybie określonym w <xLexLink xArt="art. 387" xIsapId="WDU19970890555" xTitle="Ustawa z dnia 6 czerwca 1997 r. - Kodeks postępowania karnego" xAddress="Dz. U. z 1997 r. Nr 89, poz. 555">art. 387 k.p.k.</xLexLink></xText>
        </xUnit>
      </xBlock>
    </xPart>
  </judgement>
<judgement id="154010000003027_VI_GC_000284_2013_Uz_2013-12-06_001">
    <xPart xEditorFullName="Magdalena Kamuda" xYear="2013" xLang="PL" xPublisherFullName="Barbara Dziopak" xFromPg="1" xEditor="74103111088" xVolType="15/401000/0003027/GC" xPublisher="66113003185" xDocType="Uz" xVolNmbr="000284" xVersion="1.0" xToPage="3" xFlag="published">
      <xName>Wyrok+Uzasadnienie</xName>
      <xBlock>
        <xText>
          <xBx>Sygn. akt VI GC 284/13</xBx>
        </xText>
        
        <xUnit xIsTitle="true" xBold="true" xType="part">
          <xName>WYROK</xName>
          <xTitle>W IMIENIU RZECZYPOSPOLITEJ POLSKIEJ</xTitle>
          <xText xALIGNx="right">
            <xBx> Dnia 6 grudnia 2013 r. </xBx>
          </xText>
          <xText>Sąd Okręgowy w Rzeszowie VI Wydział Gospodarczy</xText>
          <xText>w składzie następującym:</xText>
          <xText>Przewodniczący: SSO Renata Bober</xText>
          <xText>
            <xBx> Protokolant: st.sekr.sądowy Agnieszka Krztoń</xBx>
          </xText>
          
          <xText>po rozpoznaniu w dniu 6 grudnia 2013 r. w Rzeszowie</xText>
          <xText>na rozprawie</xText>
          <xText>sprawy z powództwa: <xAnon> (...) Spółki z ograniczoną odpowiedzialnością</xAnon> S.K.A. z/s w <xAnon>R.</xAnon></xText>
          <xText>przeciwko: <xAnon>M. M. (1)</xAnon></xText>
          <xText>o zapłatę kwoty 32.804.000 zł</xText>
          
          <xText>I. oddala powództwo,</xText>
          <xText>II. zasądza od powoda <xAnon> (...) Spółki z ograniczoną odpowiedzialnością</xAnon> S.K.A. z/s w <xAnon>R.</xAnon> na rzecz pozwanego <xAnon>M. M. (1)</xAnon> kwotę 7.217 zł (siedem tysięcy dwieście siedemnaście złotych) tytułem kosztów zastępstwa procesowego.</xText>
          
          <xText>Sygn. akt VI GC 284/13</xText>
        </xUnit>
        <xUnit xIsTitle="true" xBold="true" xType="part">
          <xName>UZASADNIENIE</xName>
          <xText xALIGNx="center">
            <xBx>wyroku z dnia 6 grudnia 2013r.</xBx>
          </xText>
          
          <xText>Powód <xAnon> (...) Sp. z o.o.</xAnon> S.K.A z/.s w <xAnon>R.</xAnon> wniósł o zasądzenie od pozwanego <xAnon>M. M. (1)</xAnon> kwoty 32.804.000,00 zł z odsetkami umownymi tytułem zwrotu pożyczek.</xText>
          <xText>W uzasadnieniu podał, że w dniu 15 marca 2007r. pomiędzy pozwanym a <xAnon> (...) Sp. z o.o.</xAnon> w <xAnon>R.</xAnon> została zawarta umowa pożyczki kwoty 31.814.000 zł, zaś w dniu 5 grudnia 2011r. została zawarta druga umowa dotycząca kwoty 1.980.000 zł. , z tym, że pożyczkodawcą była <xAnon> spółka (...) Sp. z o.o.</xAnon> S.K.A w <xAnon>R.</xAnon> . Powód wyjaśnił, że w 2008 r doszło do połączenia <xAnon> spółek (...) Sp. z o.o.</xAnon> z <xAnon> (...) SA</xAnon> w wyniku którego przedmiotowa wierzytelność z tytułu zawartej umowy pożyczki z dnia 15 marca 2007r stała się wierzytelnością <xAnon> (...) SA</xAnon> , zaś w dniu 26 czerwca 2012r. nastąpiła zmiana formy prawnej <xAnon> (...) SA</xAnon> , która to spółka przekształciła się w <xAnon> (...) Konsorcjum Sp. z o.o.</xAnon> S.K.A. Ta ostatnia zaś w dniu 24 czerwca 2013r. dokonała przelewu wierzytelności z tytułu umów pożyczki na rzecz powoda <xAnon> Spółka (...) Sp. z o.o.</xAnon> S.K.A. z/s w <xAnon>R.</xAnon>. Przed zawarciem umowy przelewu wierzytelności cedent zażądał od pozwanego zwrotu należności wypłaconych tytułem udzielonych pożyczek. Podstawą powyższego był fakt prowadzenia przeciwko pozwanemu egzekucji mającej na celu zaspokojenie wierzytelności <xAnon> Banku (...)</xAnon> z tytułu niespłaconego kredytu wraz z odsetkami na kwotę około 34.000.000 zł. Powód podkreślił, że w chwili obecnej sytuacja finansowa pozwanego uległą znaczącemu pogorszeniu, o czym świadczą egzekucje komornicze w wyniku których zajęte zostały min. udziały i zyski pozwanego w <xAnon> spółce (...) Sp. z o.o.</xAnon> jak i w <xAnon> spółce (...) Spółka z o.o.</xAnon> w <xAnon>R.</xAnon>. W ocenie powoda także darowizny dokonane przez pozwanego na rzecz jego syna <xAnon>Ł. M.</xAnon> miały na celu uniemożliwienie wierzycielom zaspokojenia się z majątku pozwanego, a tym samym możliwość spłaty udzielonych pożyczek stałą się zagrożona.</xText>
          <xText>W odpowiedzi na pozew pozwany <xAnon>M. M. (1)</xAnon> wniósł o oddalenie powództwa w całości i zasądzenie na jego rzecz kosztów postępowania.</xText>
          <xText>W uzasadnieniu podał, że umową przelewu wierzytelności z dnia 14 maja 2013r. wierzytelności z tytułu umów pożyczek zostały przelane przez cedenta <xAnon> (...) Konsorcjum Sp. z o.o.</xAnon> SKA na rzecz J.M. <xAnon> Spółki z o.o. (...)</xAnon> z/s w <xAnon>R.</xAnon>, jako cesjonariusza. Wobec powyższej okoliczności powód nie mógł skutecznie nabyć od <xAnon> spółki (...)</xAnon> w dniu 24 czerwca 2013r. wierzytelności przysługujących tej spółce od pozwanego. Pozwany został zawiadomiony o przelewie wierzytelności na <xAnon> spółkę (...) Sp. z o.o.</xAnon> SKA w <xAnon>R.</xAnon>, nie było mu natomiast wiadomo o cesji z dnia 24 czerwca 2013r. Nadto pozwany zarzucił, że wierzytelności niniejszej pożyczki nie są jeszcze wymagalne, bowiem obie umowy zostały zawarte na czas określony bez możliwości ich wcześniejszego wypowiedzenia lub odstąpienia od nich. Roszczenie o zwrot pożyczki jest więc, w ocenie pozwanego, przedwczesne i niewymagalne. Zaprzeczył również aby w niniejszej sprawie zachodziły przesłanki z <xLexLink xArt="art. 458" xIsapId="WDU19640160093" xTitle="Ustawa z dnia 23 kwietnia 1964 r. - Kodeks cywilny" xAddress="Dz. U. z 1964 r. Nr 16, poz. 93">art. 458 kc</xLexLink>, a dokumenty księgowe załączone do pozwu nie dotyczą stron niniejszego postępowania i zostały uzyskane przez powoda w sposób bezprawny z rażącym naruszeniem przepisów o ochronie danych osobowych.</xText>
          
          <xText>
            <xBx>Sąd Okręgowy ustalił w sprawie następujący stan faktyczny. </xBx>
          </xText>
          
          <xText>W dniu 15 marca 2007r. została zawarta pomiędzy <xAnon> (...) Sp. z o.o.</xAnon> w <xAnon>R.</xAnon> a <xAnon>M. M. (1)</xAnon> umowa pożyczki na kwotę 31.814.000 zł na okres 5 lat licząc od daty podpisania umowy, z tym, że w czasie trwania umowy termin spłaty pożyczki mógł zostać przedłużony przez pożyczkobiorcę o kolejne okresy 5-letnie, nie więcej niż pięć takich okresów, nadto umowa pożyczki ulec miała automatycznemu przedłużeniu o kolejny 5-letni okres jeżeli do ostatniego dnia poprzedniego 5-letniego okresu pożyczka nie zostanie w całości spłacona wraz z należnymi odsetkami.</xText>
          <xText>
            <xIx>dowód: umowa pożyczki oraz dowód zapłaty k. 14 – 15.</xIx>
          </xText>
          <xText>Druga z umów zawarta została w dniu 5 grudnia 2011r. pomiędzy <xAnon> (...) SA</xAnon> w <xAnon>R.</xAnon> a <xAnon>M. M. (1)</xAnon> i dotyczyła kwoty 1.980.000 tys. z. Pożyczka ta została udzielona na okres do 5 grudnia 2026r.</xText>
          <xText>
            <xIx>dowód: umowa pożyczki, dowody zapłaty k. 16,17,17.</xIx>
          </xText>
          <xText>W 2008r. nastąpiło połączenie <xAnon> spółki (...) Sp. z o.o.</xAnon> ze <xAnon> spółką (...) SA</xAnon> w <xAnon>R.</xAnon> , która to spółka następnie przekształciła się w <xAnon> (...) Konsorcjum Sp. z o.o.</xAnon> SKA</xText>
          <xText>
            <xIx>dowód: odpis pełny z KRS <xAnon> (...)</xAnon></xIx>
          </xText>
          <xText>Umową z dnia 24 czerwca 2013r. <xAnon> spółka (...)</xAnon> z/s w <xAnon>R.</xAnon> dokonała przelewu wierzytelności z tytułu zawartych umów pożyczek na rzecz <xAnon>S. (...)</xAnon>. zo.o. SKA w <xAnon>R.</xAnon>.</xText>
          <xText>
            <xIx>dowód: umowa pożyczki k. 26 do 29</xIx>
          </xText>
          <xText>Przy zawieraniu tej umowy cedent reprezentowany był przez prezesa zarządu spółki <xAnon>S. P.</xAnon> oraz jej prokurenta <xAnon>P. B.</xAnon>.</xText>
          <xText>W dniu 14 maja 2013r. natomiast – a więc wcześniej, została zawarta umowa przelewu tych samych wierzytelności pomiędzy <xAnon> (...) Konsorcjum Sp. z o.o.</xAnon> SKA z/s w <xAnon>R.</xAnon> a <xAnon> (...) Sp. z o.o.</xAnon> SKA z/s w <xAnon>R.</xAnon> , z tym, że w imieniu cedenta umowa została podpisana przez <xAnon>T. D. (1)</xAnon>.</xText>
          <xText>Jak wynika z odpisu pełnego z Rejestru Przedsiębiorców <xAnon> (...) Konsorcjum Sp. z o.o.</xAnon> SKA w <xAnon>R.</xAnon> komplementariuszem w spółce jest Konsorcjum Sp. z o.o. w <xAnon>R.</xAnon>. Przyjęto, że do reprezentowania spółki i prowadzenia jej spraw upoważniony jest komplementariusz, wymagane jest zawsze współdziałanie dwóch członków zarządu lub jednego członka zarządu łącznie z prokurentem niezależnie od liczby członków zarządu danej kadencji. <xAnon>K. W. (1)</xAnon> była prezesem zarządu Konsorcjum Sp. z o.o. do dnia 18 czerwca 2013r.. W okresie późniejszym prezesem zarządu tej spółki był <xAnon>S. P.</xAnon>.</xText>
          <xText>
            <xIx>dowód : zeznania <xAnon>K. W.</xAnon> złożone na rozprawie w dniu 22.10.2013r. </xIx>
          </xText>
          <xText>W przypadku zarządu wieloosobowego w spółce Konsorcjum do składania oświadczeń w imieniu tej spółki wprowadzono wymóg współdziałania dwóch członków zarządu albo jednego członka zarządu łącznie z prokurentem. W spółce tej ustanowiono prokury samoistne i tak <xAnon>T. D.</xAnon> był prokurentem wpisanym w rejestrze do dnia 19 lipca 2013r.</xText>
          <xText>
            <xIx>dowód: zeznania <xAnon>K. W.</xAnon> , odpis z rejestru KRS spółki Konsorcjum k 107 do 110 </xIx>
          </xText>
          <xText>Pismem z dnia 21 czerwca 2013r. <xAnon> spółka (...) Sp. z o.o.</xAnon> SKA zwróciła się do <xAnon>M. M.</xAnon> z żądaniem zwrotu udzielonych pożyczek powołując się na <xLexLink xArt="art. 458" xIsapId="WDU19640160093" xTitle="Ustawa z dnia 23 kwietnia 1964 r. - Kodeks cywilny" xAddress="Dz. U. z 1964 r. Nr 16, poz. 93">art. 458 kc.</xLexLink></xText>
          <xText>W odpowiedzi na to pismo pozwany poinformował, że brak jest podstaw do dochodzenia wskazanych w pismach tych kwot.</xText>
          <xText>
            <xIx>dowód: pismo z 17.lipca 2013r. k. 35</xIx>
          </xText>
          <xText>W dniu 25 czerwca 2013r. skierowane zostało do pozwanego pismo z informacją o cesji wierzytelności (brak dowodu przesłania tego pisma stronie pozwanej), zaś pismem z dnia 27 czerwca 2013r. <xAnon> spółka (...) Sp. z o.o.</xAnon> SKA zwróciła się do pozwanego o udzielenie informacji, czy żądanie zwrotu należności głównej wraz z odsetkami uznaje za uzasadnione, przedkładając prepozycję dotyczącą sposobu wzajemnego rozliczenia.</xText>
          <xText>Uzasadniając żądanie zwrotu pożyczki strona powodowa powołała się na pogorszenie sytuacji finansowej pozwanego, wykazując powyższe dowodami w postaci zajęcia udziałów i zysków przysługujących pozwanemu w <xAnon> spółkach (...) Sp. z o.o.</xAnon> w <xAnon>R.</xAnon>, oraz <xAnon> (...) Sp. z o.o.</xAnon> w <xAnon>R.</xAnon> jak również wynagrodzeń za pracę oraz wierzytelności zasiłku chorobowego,</xText>
          <xText>
            <xIx>dowód: zajęcia komornicze k. 120 do 125 </xIx>
          </xText>
          <xText>Powód podał, że w stosunku do pozwanego toczy się egzekucja komornicza prowadzona przez Komornika Sądowego przy Sądzie Rejonowy w Rzeszowie <xAnon>M. W.</xAnon>, celem wyegzekwowania na rzecz wierzyciela <xAnon> Banku (...)</xAnon> należności głównej w kwocie 29.948.133,12 zł wraz z odsetkami – a pozwany słuchany w charakterze strony na rozprawie w dniu 6 grudnia 2013r. powyższym okolicznościom nie zaprzeczył.</xText>
          <xText>Odnosząc się do twierdzeń co do jego sytuacji finansowej wyjaśnił, że pomimo prowadzenia powyższej egzekucji nie uległa ona istotnej zmianie bowiem posiada w dalszym ciągu znaczny majątek w postaci udziałów w kilkunastu spółkach, jest właścicielem wielu nieruchomości położonych w <xAnon>R.</xAnon> o wartości powyżej 100 milionów złotych jak również w <xAnon>Z.</xAnon>, prowadzi też działalność gospodarczą w szerokim zakresie (będąc min dealerem pięciu marek samochodowych). W Spółkach, w których posiadał udziały, a obecnie należących do jego syna ma wierzytelności z tytułu umów pożyczek zabezpieczone hipotecznie</xText>
          <xText>
            <xIx>dowód: zeznania <xAnon>M. M.</xAnon> złożone na rozprawie w dniu 6.12.2013r. </xIx>
          </xText>
          <xText>Pozwany wyjaśnił, że należąca do niego jedna ze spółek zaciągnęła w <xAnon> (...)</xAnon> kredyt pod dużą inwestycję budowlaną w <xAnon>Z.</xAnon>, który poręczył osobiści, wystawiając weksel własny. Kryzys w branży budowlanej spowodował, że Bank wypowiedział tą umowę, jednak działania Banku w celu odzyskania kwoty kredytu ograniczają się obecnie czynności na które powołuje się powód w niniejszej sprawie, co spowodowane jest oczekiwaniem na likwidację majątku Spółki w toku postępowania upadłościowego.</xText>
          <xText>Pozwany podał, że majątek jego znacznie przewyższa kwoty z tytułu umów pożyczek jak również umowy kredytu bankowego i nie istnieje żadne zagrożenie spłaty należności z tego tytułu.</xText>
          <xText>Przedstawił również genezę udzielenia pożyczek w takiej właśnie, jak w niniejszym przypadku formie, wskazując, że wynikła ona z <xAnon> (...) Spółki (...)</xAnon> , w której zarówno on jak i <xAnon>R. P. (1)</xAnon> mieli udziały. Podał, żę wspólnie ustalono iż kwoty uzyskane ze sprzedaży w.wym. spółki przekażą na swoje własne firmy tytułem pożyczek długoterminowych. Dla celów podatkowych w okresie późniejszym wierzytelności z tego tytułu zostały, jak to sformułował pozwany „przetransferowane” do innych spółek, w tym do <xAnon> spółki (...) Spółki z o.o.</xAnon> SKA w <xAnon>R.</xAnon>.</xText>
          <xText>Przedstawiciel powoda słuchany w sprawie w charakterze strony, jak również słuchani w charakterze świadków <xAnon>S. P.</xAnon> i <xAnon>K. W. (1)</xAnon> zeznali, że nic im nie było wiadomo na temat podpisania umowy cesji wierzytelności w dniu 14 maja 2013r. <xAnon>K. W. (1)</xAnon> będąca prezesem zarządu komplementariusza przyznała, że <xAnon>T. D. (1)</xAnon> był prokurentem samoistnym, stwierdziła jednak, że dokumenty podpisywane były w spółce przez nich oboje, z użyciem pieczątek firmowych.</xText>
          <xText>Pozwany, tak jak wspomniano, zaprzeczył aby otrzymał zawiadomienie o cesji wierzytelności na rzecz powodowej spółki, zeznał, że ustaleń w przedmiocie umów pożyczek dokonywał zarówno z <xAnon>R. P.</xAnon> jak i <xAnon>T. D.</xAnon>, który ostatecznie dostarczył mu projekt przelewu wierzytelności.</xText>
          
          <xText>
            <xBx>W ocenie Sądu Okręgowego powództwo jest niezasadne z przyczyn następujących:</xBx>
          </xText>
          
          <xText>Podstawową kwestią do rozstrzygnięcia w niniejszej sprawie była legitymacja czynna powoda, co wymagało ustalenia - czy nabył on skutecznie wierzytelność cedenta, czyli <xAnon> spółki (...) Sp. z o.o.</xAnon> SKA w <xAnon>R.</xAnon> wobec pozwanego <xAnon>M. M. (1)</xAnon>.</xText>
          <xText>W ocenie Sądu, w świetle zebranego w sprawie materiału dowodowego nie można przyjąć aby umową z dnia 24 czerwca 2013r. przeniesiona została na rzecz powoda powyższe wierzytelność, bowiem w dniu tym cedent, czyli <xAnon> (...) Konsorcjum Sp. z o.o.</xAnon> SKA w <xAnon>R.</xAnon> nie był już wierzycielem pozwanego. Wynika to z faktu zawarcia w dniu 14 maja 2013r. pomiędzy <xAnon> (...) Konsorcjum Sp. z o.o.</xAnon> SKA w <xAnon>R.</xAnon> a <xAnon> (...) Sp. z o.o.</xAnon> SKA w <xAnon>R.</xAnon> umowy przelewu wierzytelności o analogicznym przedmiocie. Ta umowa podpisana została imieniem cedenta przez <xAnon>T. D. (1)</xAnon>, który, co nie ulega wątpliwości, w czasie tym był prokurentem samoistnym komplementariusza, tj. Konsorcjum Sp. z o.o. w <xAnon>R.</xAnon>.</xText>
          <xText>Fakt, że na wstępie umowy stwierdzono, iż cedent, tj. <xAnon>A.</xAnon> Konsorcjum jest reprezentowana przez „prokurenta samoistnego <xAnon>T. D. (1)</xAnon>”, dla którego w spółce tej nie ustanowiono prokury samoistnej, nie ma wpływu na ocenę jego uprawnienia do reprezentowania spółki, które wynika z udzielonej prokury samoistnej w spółce będącej jej komplementariuszem.</xText>
          <xText>Trzeba w tym miejscu podkreślić, że zgodnie z <xLexLink xArt="art. 137" xIsapId="WDU20000941037" xTitle="Ustawa z dnia 15 września 2000 r. - Kodeks spółek handlowych" xAddress="Dz. U. z 2000 r. Nr 94, poz. 1037">art. 137 ksh</xLexLink> komplementariusze których z mocy statutu lub prawomocnego orzeczenia sądu nie pozbawiono tego prawa – reprezentują spółkę komandytowo – akcyjną. Każdy komplementariusz może dokonywać czynności samodzielnie (reprezentacja samoistna), chyba, że statut spółki przewiduje inny sposób reprezentacji, np. reprezentacje łączną kilku komplementariuszy lub też współdziałanie komplementariusza z prokurentem.</xText>
          <xText>W niniejszym przypadku bez wątpienia przyjęto reprezentację samoistną. Wprawdzie w dziale II rubryce 1 rejestru wpisano , że do reprezentowania spółki i prowadzenia jej spraw upoważniony jest komplementariusz, wymagane jest zawsze współdziałanie dwóch członków zarządu lub jednego członka zarządu łącznie z prokurentem niezależnie od liczby członków zarządu danej kadencji a prezesem zarządu komplementariusza jest <xAnon>K. W. (1)</xAnon> – lecz jest to jedynie przeniesieniem ustaleń co do reprezentacji spółki Konsorcjum Sp. z o.o. w <xAnon>R.</xAnon> wpisanej w rejestrze w dziale II rubryce 1 – nie zaś wymogiem reprezentacji łącznej komplementariusza.</xText>
          <xText>Dodać trzeba w tym miejscu, że zasadę co do tej reprezentacji, jak wynika z powszechnie przyjętych poglądów doktryny należy stosować również odnośnie spółek komandytowo – akcyjnych. W wypadku zaś gdy komplementariuszem jest spółka z o.o. (jak w niniejszym przypadku) czynności z zakresu reprezentacji spółki dokonuje jej zarząd, spółka może również ustanowić prokurenta samoistnego.</xText>
          <xText>Trzeba zaznaczyć, że prokurent samoistny to osoba mogąca samodzielnie reprezentować przedsiębiorstwo wpisane do rejestru we wszystkich sprawach sądowych i pozasądowych, niezależnie od ograniczeń co do reprezentacji przewidzianych w umowie spółki</xText>
          <xText>Z przepisów <xLexLink xArt="" xIsapId="WDU19640160093" xTitle="Ustawa z dnia 23 kwietnia 1964 r. - Kodeks cywilny" xAddress="Dz. U. z 1964 r. Nr 16, poz. 93">kodeksu cywilnego</xLexLink> odnośnie prokury wynika, że ustalenia dotyczące reprezentacji przez zarząd nie modyfikują w żaden sposób przepisów dotyczących reprezentacji przez prokurenta.</xText>
          <xText>Jeśli więc, jak w niniejszej sprawie, komplementariusz ustanowił prokurę samoistną, to niezależnie od zasad reprezentacji spółki ustalonych w umowie, osoba ta posiadała uprawnienia do działania w jego imieniu, a tym samym do zawarcia umowy przelewu wierzytelności w dniu 14 maja 2013r.</xText>
          <xText>Nawet jeśli zakres jego działania przekraczałby zakres zwykłych czynności spółki nie ma to żadnego wpływu na ważność czy skuteczność dokonanych przez niego czynności, może natomiast stanowić podstawę jego odpowiedzialności wobec spółki.</xText>
          <xText>Reasumując, <xAnon>T. D. (1)</xAnon> jako prokurent samoistny komplementariusza uprawniony był więc do zawarcia umowy przelewu wierzytelności przysługującej spółce wobec pozwanego, co miało miejsce umową z dnia 14 maja 2013r.</xText>
          <xText>Dodać trzeba, że powód nie podważył w zasadzie istnienia tej umowy powołał się jedynie na okoliczność niewiedzy o niej pozostałych członków zarządu spółki, jak również na okoliczność nieużycia przy jej podpisywaniu firmowej pieczątki – powyższe stwierdzenia nie dają jednak podstawy do przyjęcia, że umowa ta w dacie wskazanej w jej treści nie została podpisana.</xText>
          <xText>W tym stanie rzeczy więc należało przyjąć, że w dniu 24 czerwca 2013r. nie mogło dojść do przelewu wierzytelności na rzecz powoda z uwagi na wcześniejsze zbycie tej wierzytelności w dniu 14 maja 2013r. na rzecz <xAnon> (...) Spółka z o.o.</xAnon> SKA w <xAnon>R.</xAnon> (<xLexLink xArt="art. 509" xIsapId="WDU19640160093" xTitle="Ustawa z dnia 23 kwietnia 1964 r. - Kodeks cywilny" xAddress="Dz. U. z 1964 r. Nr 16, poz. 93">art. 509 kc</xLexLink>).</xText>
          <xText>Powód, w ocenie Sądu Okręgowego nie wykazał też przesłanek z <xLexLink xArt="art. 458" xIsapId="WDU19640160093" xTitle="Ustawa z dnia 23 kwietnia 1964 r. - Kodeks cywilny" xAddress="Dz. U. z 1964 r. Nr 16, poz. 93">art. 458 kc</xLexLink>, który stanowi, że jeżeli dłużnik stał się niewypłacalny albo jeżeli na skutek okoliczności za które ponosi odpowiedzialność – zabezpieczenie należności uległo znacznemu zmniejszeniu – wierzyciel może żądać spełniania świadczenia bez względu na zastrzeżony termin.</xText>
          <xText>W niniejszej sprawie powód powołał się na fakt, że <xAnon>M. M.</xAnon> jest dłużnikiem <xAnon> (...)</xAnon> na kwotę zbliżoną do kwoty pożyczki i wobec nieregulowania zobowiązań z tego tytułu wszczęte zostało w stosunku do niego postępowanie egzekucyjne. Pozwany, tak jak wskazano przyznał powyższe okoliczności, wyjaśniając ich przyczyny. Podał również, że posiada majątek znacznie przewyższający kwoty pożyczek jak i kredytu bankowego – co daje gwarancję realizacji zobowiązań z tego tytułu. Przedstawił w swych zeznaniach składniki należącego do niego majątku, w tym nieruchomości, wierzytelności i inne. Powód powyższym okolicznościom nie zaprzeczył, powołując się tak wspomniano jedynie na przedstawione do akt sprawy zajęcia komornicze.</xText>
          <xText>Mając na uwadze powyższe, w tym także okoliczność, że pożyczki zostały udzielone na tak odległe okresy czasu, jak również na istniejący obecnie, co wynika z zeznań pozwanego konflikt pomiędzy nim a p. <xAnon>R. P. (1)</xAnon>, jak również wyjaśnienia co do toczącego się postępowania egzekucyjnego – należało w ocenie Sądu przyjąć, że nie zostały w sposób dostateczny wykazane przez powoda przesłanki z <xLexLink xArt="art. 458" xIsapId="WDU19640160093" xTitle="Ustawa z dnia 23 kwietnia 1964 r. - Kodeks cywilny" xAddress="Dz. U. z 1964 r. Nr 16, poz. 93">art. 458 kc.</xLexLink></xText>
          <xText>Samo wszczęcie bowiem postępowania egzekucyjnego – bez stwierdzenia, że egzekucja ta jest bezskuteczna, nie daje podstawy do uznania, że dłużnik zaprzestał płacenia swoich zobowiązań, a więc stał się niewypłacalny. Strony umów pożyczek zresztą zapewne ustalając tak odległy termin ich zwrotu musiały przewidywać ewentualność zaistnienia w tym okresie np. przejściowych trudności płatniczych, co w prowadzeniu działalności gospodarczej jest trudne do uniknięcia.</xText>
          <xText>Także wysokość kwot pożyczek jak i kwoty kredytu nie może przemawiać za uznaniem niewypłacalności dłużnika, mając na względzie wartość jego majątku i rozległość działań gospodarczych jakie prowadzi.</xText>
          <xText>Podkreślić trzeba, że zasadą jest przestrzeganie terminów z umów, a przepis <xLexLink xArt="art. 458" xIsapId="WDU19640160093" xTitle="Ustawa z dnia 23 kwietnia 1964 r. - Kodeks cywilny" xAddress="Dz. U. z 1964 r. Nr 16, poz. 93">art. 458 kc</xLexLink> jest przepisem szczególnym przewidującym uprawnienie wierzyciela w ściśle określonych sytuacjach. Mając charakter przepisu wprowadzającego wyjątek od zasady pacta sunt servanda <xLexLink xArt="art. 458" xIsapId="WDU19640160093" xTitle="Ustawa z dnia 23 kwietnia 1964 r. - Kodeks cywilny" xAddress="Dz. U. z 1964 r. Nr 16, poz. 93">art. 458 kc</xLexLink> nie powinien być interpretowany rozszerzająco, na korzyść którejkolwiek stron i stosowany winien być tylko w wypadku zaistnienia niewypłacalności – której w ocenie Sądu wierzyciel w niemniejszym przypadku w sposób dostateczny nie wykazał (<xLexLink xArt="art. 6" xIsapId="WDU19640160093" xTitle="Ustawa z dnia 23 kwietnia 1964 r. - Kodeks cywilny" xAddress="Dz. U. z 1964 r. Nr 16, poz. 93">art. 6 kc</xLexLink>) .</xText>
          <xText>Reasumując więc, przede wszystkim z powodu niewykazania legitymacji czynnej powoda, jak również niewykazania przesłanek z <xLexLink xArt="art. 458" xIsapId="WDU19640160093" xTitle="Ustawa z dnia 23 kwietnia 1964 r. - Kodeks cywilny" xAddress="Dz. U. z 1964 r. Nr 16, poz. 93">art. 458 kc</xLexLink> do żądania zwrotu pożyczek przed ustalonym w umowie terminie – powództwo oddalono, a o kosztach postępowania orzeczono stosowanie do <xLexLink xArt="art. 98;art. 98 § 1;art. 98 § 3" xIsapId="WDU19640430296" xTitle="Ustawa z dnia 17 listopada 1964 r. - Kodeks postępowania cywilnego" xAddress="Dz. U. z 1964 r. Nr 43, poz. 296">art. 98 §1 i 3 kpc</xLexLink>.</xText>
        </xUnit>
      </xBlock>
    </xPart>
  </judgement>
<judgement id="154010000003027_VI_GC_000094_2013_Uz_2013-11-22_001">
    <xPart xEditorFullName="Barbara Dziopak" xYear="2013" xLang="PL" xPublisherFullName="Barbara Dziopak" xFromPg="1" xEditor="66113003185" xVolType="15/401000/0003027/GC" xPublisher="66113003185" xDocType="Uz" xVolNmbr="000094" xVersion="1.0" xToPage="4" xFlag="published">
      <xName>Wyrok+Uzasadnienie</xName>
      <xBlock>
        <xText>
          <xBx>Sygn. akt VI GC 94/13</xBx>
        </xText>
        
        <xUnit xIsTitle="true" xBold="true" xType="part">
          <xName>WYROK</xName>
          <xTitle>W IMIENIU RZECZYPOSPOLITEJ POLSKIEJ</xTitle>
          <xText xALIGNx="right">
            <xBx> Dnia 6 grudnia 2013 r. </xBx>
          </xText>
          <xText>Sąd Okręgowy w Rzeszowie VI Wydział Gospodarczy</xText>
          <xText>w składzie następującym:</xText>
          <xText>Przewodniczący: SSO Michalina Sanecka</xText>
          <xText>
            <xBx> Protokolant: st. sekr. sądowy Halina Ramska </xBx>
          </xText>
          
          <xText>po rozpoznaniu w dniu 22 listopada 2013 r. w Rzeszowie</xText>
          <xText>na rozprawie</xText>
          <xText>sprawy z powództwa: <xAnon> (...)</xAnon><xAnon>(...)</xAnon>w <xAnon>S.</xAnon></xText>
          <xText>przeciwko : Powiatowi <xAnon> (...)</xAnon> - <xAnon>(...)</xAnon> w <xAnon>R.</xAnon></xText>
          <xText>o zapłatę</xText>
          <xText>
            <xBx>
    I. zasądza od pozwanego <xAnon>(...)</xAnon><xAnon> (...)</xAnon> – <xAnon>(...)</xAnon> w <xAnon>R.</xAnon> na rzecz powoda <xAnon> (...)</xAnon><xAnon>(...)</xAnon> w <xAnon>S.</xAnon> kwotę 759.775,92 zł.(siedemset pięćdziesiąt dziewięć tysięcy siedemset siedemdziesiąt pięć złotych dziewięćdziesiąt dwa grosze) z ustawowymi odsetkami od kwot:</xBx>
          </xText>
          <xText>- 137.667,75 zł od dnia 30 lipca 2011 r,</xText>
          <xText>- 33.486,75 zł od dnia 17 grudnia 2011 r,</xText>
          <xText>- 49.113,90 zł od dnia 30 listopada 2011 r,</xText>
          <xText>- 29.766,00 zł od dnia 20 stycznia 2012 r,</xText>
          <xText>- 252.530,07 zł od dnia 10 sierpnia 2011 r,</xText>
          <xText>- 48.560,40 zł od dnia 30 listopada 2011 r,</xText>
          <xText>- 159.248,10 zł od dnia 30 lipca 2011 r,</xText>
          <xText>- 49.402,95 zł od dnia 30 listopada 2011 r,</xText>
          <xText>do dnia zapłaty,</xText>
          
          <xText>II. zasądza od pozwanego na rzecz powoda kwotę 45.206 zł. tytułem zwrotu kosztów sądowych w tym kwotę 7.217 zł. tytułem kosztów zastępstwa procesowego.</xText>
          
          <xText>
            <xBx>Sygn. akt VI GC 94/13</xBx>
          </xText>
        </xUnit>
        <xUnit xIsTitle="true" xBold="true" xType="part">
          <xName>UZASADNIENIE</xName>
          <xText>
            <xBx>wyroku z dnia 6 grudnia 2013 r.</xBx>
          </xText>
          
          <xText>Powód <xAnon> (...)</xAnon><xAnon>(...)</xAnon> w <xAnon>S.</xAnon> domagał się zasądzenia kwoty 759.775,92 zł.</xText>
          <xText>Powód wskazał, że jest wierzycielem pozwanego <xAnon>(...)</xAnon> w <xAnon>R.</xAnon> z tytułu cesji wierzytelności dokonanej <xAnon>umowy Nr (...)</xAnon>, zawartej między powodem a wierzycielem <xAnon> (...) Sp. z o.o.</xAnon> w <xAnon>S.</xAnon>, w dniu 31 stycznia 2011 r.</xText>
          <xText>Na dokonanie cesji pozwany wyraził pisemną zgodę w dniu 2 lutego 2011 r. Dodatkowo pozwany został poinformowany o dokonanej cesji wierzytelności pismem <xAnon> (...) Sp. z o.o.</xAnon> w <xAnon>S.</xAnon> z dnia 19 maja 2011 r.</xText>
          <xText>Cesją zostały objęte wierzytelności wykonawcy remontów nawierzchni dróg powiatowych administrowanych przez pozwanego wynikające z kontraktu Nr <xAnon>(...)</xAnon>z dnia 24 listopada 2009 r.</xText>
          <xText>Mimo tego, pozwany zamiast przekazać należności na rzecz powoda, przekazał je komornikowi, prowadzącemu egzekucję na rzecz innych wierzytelności.</xText>
          <xText>Pozwany Powiat <xAnon> (...)</xAnon> – <xAnon>(...)</xAnon> w <xAnon>R.</xAnon> wniósł o oddalenie powództwa zarzucając, że wierzyciel pozwanego „ <xAnon>D.</xAnon><xAnon> (...) Sp. z o.o.</xAnon> nie poinformował skutecznie pozwanego o dokonanej cesji wierzytelności wynikających z <xAnon>umowy nr (...)</xAnon> z dnia 24 listopada 2009 r.</xText>
          <xText>Otrzymał wprawdzie pismo z dnia 19 maja 2011 r. informujące o dokonanym przelewie wierzytelności, jednakże pismo to nie zawierało informacji pozwalających na identyfikację przelanej wierzytelności.</xText>
          <xText>Z tych względów nie doszło do skutecznego w rozumieniu <xLexLink xArt="art. 510" xIsapId="WDU19640160093" xTitle="Ustawa z dnia 23 kwietnia 1964 r. - Kodeks cywilny" xAddress="Dz. U. z 1964 r. Nr 16, poz. 93">art. 510 § kc</xLexLink> przelewu wierzytelności.</xText>
          <xText>Pozwany wniósł o przypozwanie syndyka masy upadłości <xAnon> (...) Sp. z o.o.</xAnon> w upadłości likwidacyjnej.</xText>
          <xText>Na rozprawie w dniu 30 sierpnia 2013 r. Sąd oddalił ten wniosek , jako bezzasadny.</xText>
          <xText>
            <xBx>Sąd ustalił co następuje :</xBx>
          </xText>
          <xText><xAnon>(...)</xAnon> w <xAnon>R.</xAnon> jest jednostką organizacyjną <xAnon>(...)</xAnon><xAnon> (...)</xAnon>, powołaną uchwałą <xAnon>(...)</xAnon><xAnon>(...)</xAnon><xAnon> (...)</xAnon> z dnia 30 stycznia 1999 r.</xText>
          <xText>Zgodnie ze statutem,<xAnon>(...)</xAnon>jest jednostką budżetową, podlegającą Zarządowi <xAnon>(...)</xAnon><xAnon> (...)</xAnon>.</xText>
          <xText>Do zakresu jego działania należą zadania związane z planowaniem, budową, modernizacją, utrzymaniem i ochroną dróg powiatowych.</xText>
          <xText>
            <xIx> Dowód: odpis : </xIx>
          </xText>
          <xText>
            <xIx>- uchwały <xAnon>(...)</xAnon><xAnon>(...)</xAnon><xAnon> (...)</xAnon> z </xIx>
          </xText>
          <xText>
            <xIx> dnia 30 stycznia 1999 r. w sprawie utworzenia <xAnon>(...)</xAnon>w </xIx>
          </xText>
          <xText>
            <xIx><xAnon>R.</xAnon>,</xIx>
          </xText>
          <xText>
            <xIx>- uchwały <xAnon>(...)</xAnon><xAnon>(...)</xAnon>z dnia 14 czerwca 2006 r. w sprawie </xIx>
          </xText>
          <xText>
            <xIx> uchwalenia statutu <xAnon>(...)</xAnon>w <xAnon>R.</xAnon>,</xIx>
          </xText>
          <xText>
            <xIx>- statut <xAnon>(...)</xAnon>w <xAnon>R.</xAnon> (k – 52 do 54). </xIx>
          </xText>
          <xText>Sąd Najwyższy uchwałą 7 sędziów z dnia 18 czerwca 1991 r. III CZP 40/91</xText>
          <xText>(OSNC 1992(2(17) orzekł, że rejony dróg publicznych są podmiotami gospodarczymi posiadającymi w postępowaniu przed sądem gospodarczym zdolność sądową w zakresie prowadzonej przez nie działalności gospodarczej.</xText>
          <xText>Sprawa jest zatem sprawą gospodarczą.</xText>
          <xText><xAnon>(...)</xAnon><xAnon> (...)</xAnon> - <xAnon>(...)</xAnon> w <xAnon>R.</xAnon> zawarł z <xAnon> (...) Spółka z o.o.</xAnon> w <xAnon>S.</xAnon><xAnon>umowę nr (...)</xAnon> z dnia 14 listopada 2009 r, o „ wykonanie remontów nawierzchni dróg powiatowych administrowanych przez <xAnon>(...)</xAnon>w <xAnon>R.</xAnon>.</xText>
          <xText>
            <xIx> dowód: odpis <xAnon>umowy nr (...)</xAnon> z dnia 24 listopada 2009 r. </xIx>
          </xText>
          <xText>
            <xIx> (k – 26). </xIx>
          </xText>
          <xText>Za wykonane roboty <xAnon> (...)</xAnon> wystawił <xAnon>(...)</xAnon> w <xAnon>R.</xAnon> faktury :</xText>
          <xText>1) Nr <xAnon> (...)</xAnon><xAnon>(...)</xAnon> z 30 czerwca 2011 r. na kwotę 137.667,75 zł,</xText>
          <xText>2) Nr <xAnon> (...)</xAnon><xAnon>(...)</xAnon> z 18 listopada 2011 r. na kwotę 33.486,75 zł,</xText>
          <xText>3) Nr <xAnon> (...)</xAnon><xAnon>(...)</xAnon> z 31 października 2011 r. na kwotę 49.113,90 zł,</xText>
          <xText>4) Nr <xAnon> (...)</xAnon><xAnon>(...)</xAnon>z 21 grudnia 2011 r. na kwotę 29.766 zł,</xText>
          <xText>5) Nr <xAnon> (...)</xAnon><xAnon>(...)</xAnon> z 11 lipca 2011 r. na kwotę 252.530,07 zł,</xText>
          <xText>6) Nr <xAnon> (...)</xAnon><xAnon>(...)</xAnon> z 31 października 2011 r. na kwotę 48.560,40 zł,</xText>
          <xText>7) Nr <xAnon> (...)</xAnon><xAnon>(...)</xAnon> z 30 czerwca 2011 r, na kwotę 159,248,10 zł,</xText>
          <xText>8) Nr <xAnon> (...)</xAnon><xAnon>(...)</xAnon> z 31 października 2011 r, na kwotę 49.402,95 zł.</xText>
          <xText>
            <xIx>dowód : odpis faktur (k – 29 do 36).</xIx>
          </xText>
          <xText>Powód <xAnon> (...)</xAnon><xAnon>(...)</xAnon>w dniu 31 stycznia 2011 r. zawarł z</xText>
          <xText><xAnon> (...) Sp. z. o.o.</xAnon><xAnon>umowę nr (...)</xAnon> o przelew wierzytelności.</xText>
          <xText>Zgodnie z tą umową, na podstawie umowy o kredyt obrotowy w rachunku kredytowym Nr <xAnon> (...)</xAnon> z dnia 1 lutego 2010 r, <xAnon> firmie (...)</xAnon> został udzielony kredyt obrotowy w rachunku kredytowym w wysokości 10.000,000 zł. na warunkach i w terminach określonych w w/wym. umowie, tj. w celu zabezpieczenia wierzytelności Banku, a w szczególności zobowiązań istniejących w dniu zawarcia niniejszej umowy, jak i mogących powstać w przyszłości, cedent dokonał na rzecz Banku nieodwołanego przelewu swych wierzytelności, w całości, w stosunku do Zarządu Dróg Powiatowych w <xAnon>R.</xAnon>.</xText>
          <xText>Bank przyjął przelew wraz z wszelkimi związanymi prawami, w szczególności roszczeniami o zaległe odsetki.</xText>
          <xText>
            <xIx> dowód: odpis <xAnon>umowy nr (...)</xAnon> z 31 stycznia 2011 r. (k – 24,25).</xIx>
          </xText>
          <xText>Pozwany <xAnon>(...)</xAnon>udzielił zgody na dokonanie cesji wierzytelności kontraktu, potwierdzonej dnia 2 lutego 2011 r.</xText>
          <xText>
            <xIx>dowód: odpis zgody z dnia 2 lutego 2011 r. (k – 23).</xIx>
          </xText>
          <xText>Pozwany <xAnon>(...)</xAnon>wierzytelności <xAnon> firmy (...)</xAnon> przelał na konto Komornika Sądowego w <xAnon>S.</xAnon>.</xText>
          <xText>
            <xIx>dowód : odpis przelewów (k- 39 do 44).</xIx>
          </xText>
          <xText>Należności te zostały przeznaczone dla innych wierzycieli niż powodowy Bank.</xText>
          <xText><xAnon> Firma (...)</xAnon> zawiadomiła pozwany <xAnon>(...)</xAnon>o dokonaniu cesji wierzytelności na rzecz powodowego Banku, która stanowi zabezpieczenie kredytu obrotowego w rachunku kredytowym z dnia 1 lutego 2010 r. wraz z późniejszymi aneksami, pismem z dnia 10 maja 2011 r.</xText>
          <xText>
            <xIx>dowód: odpis pisma z 19 maja 2011 r. ( k – 22).</xIx>
          </xText>
          <xText>W zebranym w sprawie materiale dowodowym na okoliczność, że pozwany poinformował Komorników, że wierzytelność <xAnon> firmy (...)</xAnon> od pozwanego została przelana na rzecz powodowego Banku, na zabezpieczenie kredytu obrotowego nie ma żadnych dowodów.</xText>
          <xText>Postanowieniem z dnia 23 grudnia 2011 r. sygn. akt V GU 35/11 Sąd Rejonowy w Rzeszowie V Wydział Gospodarczy – Sekcja ds. Upadłościowych i Naprawczych ogłosił upadłość <xAnon> (...) Sp. z o.o.</xAnon> w <xAnon>S.</xAnon>.</xText>
          <xText>Powodowy Bank nie otrzymał żadnej należności z przelanej wierzytelności.</xText>
          <xText>Pismem procesowym z dnia 5 kwietnia 2012 r. Bank zgłosił wierzytelność w postępowaniu upadłościowym z likwidacji majątku <xAnon> firmy (...)</xAnon>.</xText>
          <xText>
            <xIx> dowód: odpis zgłoszenia wierzytelności (k-249 do 251).</xIx>
          </xText>
          <xText>
            <xBx>Sąd zważył co następuje :</xBx>
          </xText>
          <xText>Zgodnie z <xLexLink xArt="art. 127;art. 127 § 3" xIsapId="WDU20030600535" xTitle="Ustawa z dnia 28 lutego 2003 r. - Prawo upadłościowe i naprawcze" xAddress="Dz. U. z 2003 r. Nr 60, poz. 535">art. 127 § 3 prawa upadłościowego i naprawczego</xLexLink> ( tj. Dz. U. z 2009 r, Nr 175, poz. 1361 z późn.zm.). bezskuteczne są zabezpieczenie i zapłata długu niewymagalnego dokonane przez upadłego w terminie dwóch miesięcy przed dniem złożenia wniosku o ogłoszenie upadłości.</xText>
          <xText>Ponieważ umowę przelewu zawarto w styczniu 2011 r, a upadłość w stosunku do <xAnon> (...)</xAnon> ogłoszono w grudniu 2011 r, umowa przelewu wierzytelności między powodowym Bankiem i <xAnon> firmą (...)</xAnon> jest skuteczna.</xText>
          <xText>W związku z tym pozwany powinien złożyć komornikom oświadczenie w trybie <xLexLink xArt="art. 896;art. 896 § 2" xIsapId="WDU19640430296" xTitle="Ustawa z dnia 17 listopada 1964 r. - Kodeks postępowania cywilnego" xAddress="Dz. U. z 1964 r. Nr 43, poz. 296">art. 896 § 2 kpc</xLexLink> , że inne osoby roszczą sobie prawa do wierzytelności, on sam nie ma do nich prawa i odmówić zajęcia wierzytelności przez komorników.</xText>
          <xText>Powodowy Bank złożył wierzytelność do masy upadłości firmy</xText>
          <xText><xAnon> (...)</xAnon> w kwocie 24.114.414,53 zł. z odsetkami za okres do dnia poprzedzającego ogłoszenie upadłości w kwocie 947.960,72 zł. i dalsze odsetki w kwocie 834.639,90 zł. z tytułu udzielonych kredytów obrotowych. Są to rozliczenia powodowego Banku z upadłą <xAnon> firmą (...)</xAnon>.</xText>
          <xText>Przedmiotem niniejszej sprawy są zobowiązania pozwanego w stosunku do <xAnon> (...)</xAnon>, przyjęte przez powoda.</xText>
          <xText>Skoro pozwanemu nie przysługiwało prawo do przyjętych przez powoda wierzytelności, nie mógł przekazać komornikom nienależnych mu pieniędzy.</xText>
          <xText>Zdaniem Sądu, pozwany jest nadal zobowiązany wobec powoda do zapłaty spornej należności.</xText>
          <xText>W tym stanie rzeczy Sąd zasądził dochodzone roszczenie na podstawie <xLexLink xArt="art. 353;art. 353 § 1" xIsapId="WDU19640160093" xTitle="Ustawa z dnia 23 kwietnia 1964 r. - Kodeks cywilny" xAddress="Dz. U. z 1964 r. Nr 16, poz. 93">art. 353 § 1 kc.</xLexLink></xText>
          <xText>O kosztach Sąd orzekł w myśl <xLexLink xArt="art. 98;art. 98 § 1" xIsapId="WDU19640430296" xTitle="Ustawa z dnia 17 listopada 1964 r. - Kodeks postępowania cywilnego" xAddress="Dz. U. z 1964 r. Nr 43, poz. 296">art. 98 § 1 kpc</xLexLink>.</xText>
          
          <xText>
            <xBx>
              <xUx>zarządzenie:</xUx>
            </xBx>
          </xText>
          <xText>
            <xBx>- odpis wyroku wraz z uzasadnieniem</xBx>
          </xText>
          <xText>
            <xBx> doręczyć pełn. stron.</xBx>
          </xText>
        </xUnit>
      </xBlock>
    </xPart>
  </judgement>
<judgement id="154500000003003_VI_ACa_000556_2013_Uz_2013-12-06_002">
    <xPart xEditorFullName="Agnieszka Hydzik" xYear="2013" xLang="PL" xPublisherFullName="Agnieszka Hydzik" xFromPg="1" xEditor="ahydzik" xVolType="15/450000/0003003/ACa" xPublisher="ahydzik" xDocType="Uz" xVolNmbr="000556" xVersion="1.0" xToPage="8" xFlag="published">
      <xName>Wyrok</xName>
      <xBlock>
        <xText>
          <xBx> Sygn. akt VI A Ca 556/13 </xBx>
        </xText>
        <xUnit xIsTitle="true" xBold="true" xType="part">
          <xName>WYROK</xName>
          <xTitle>W IMIENIU RZECZYPOSPOLITEJ POLSKIEJ</xTitle>
          <xText xALIGNx="right">
            <xBx>Dnia 6 grudnia 2013 r.</xBx>
          </xText>
          
          <xText>
            <xBx>Sąd Apelacyjny w Warszawie VI Wydział Cywilny w składzie:</xBx>
          </xText>
          
          <xText>
            <xBx>Przewodniczący - Sędzia SA– Maciej Kowalski</xBx>
          </xText>
          <xText>
            <xBx>Sędzia SA– Ewa Śniegocka (spr.)</xBx>
          </xText>
          <xText>
            <xBx>Sędzia SA  – Małgorzata Kuracka</xBx>
          </xText>
          <xText>
            <xBx>Protokolant: sekr. sądowy Katarzyna Kędzierska</xBx>
          </xText>
          
          <xText>
            <xBx>po rozpoznaniu w dniu 6 grudnia 2013 r. w Warszawie</xBx>
          </xText>
          <xText>
            <xBx>na rozprawie </xBx>
          </xText>
          <xText>
            <xBx>sprawy z powództwa <xAnon>A. N.</xAnon></xBx>
          </xText>
          <xText>
            <xBx>przeciwko <xAnon> (...)</xAnon><xAnon> Towarzystwo (...) S.A.</xAnon></xBx>
          </xText>
          <xText>
            <xBx>o zapłatę</xBx>
          </xText>
          <xText>
            <xBx>na skutek apelacji powódki</xBx>
          </xText>
          <xText>
            <xBx>od wyroku Sądu Okręgowego w Warszawie</xBx>
          </xText>
          <xText>
            <xBx>z dnia 5 grudnia 2012 r., sygn. akt IV C 1406/09 </xBx>
          </xText>
          <xText>
            <xBx>I. oddala apelację;</xBx>
          </xText>
          <xText>
            <xBx>II. zasądza od <xAnon>A. N.</xAnon> na rzecz <xAnon> (...)</xAnon><xAnon> Towarzystwa (...) S.A.</xAnon> kwotę 1.800 (jeden tysiąc osiemset) zł tytułem zwrotu kosztów postępowania apelacyjnego.</xBx>
          </xText>
          
          <xText>Przede wszystkim należy stwierdzić, iż - mimo specyficznego sposobu sporządzenia uzasadnienia zaskarżonego wyroku - Sąd Apelacyjny podziela wszystkie ustalenia faktyczne Sądu Okręgowego i przyjmuje je za własne. Zaznaczyć należy, iż ustalenia faktyczne Sądu Okręgowego co do okresu, na jaki przyznano powódce rentę z ZUS, jak i wysokość łącznego uszczerbku na zdrowiu powódki nie miały - co wynika z uzasadnienia zaskarżonego wyroku - wpływu na jego treść.</xText>
          <xText>Poza tym trzeba wziąć pod uwagę zakres zaskarżenia wyroku - powódka zaskarżyła wyrok jedynie w części dotyczącej określenia terminu, od którego powinny być obliczone odsetki oraz w części oddalającej roszczenie o zasądzenie renty z tytułu zmniejszonych widoków na przyszłość w kwocie 2.025 zł miesięcznie.</xText>
          <xText>Apelacja powódki w części dotyczącej określenia terminu, od którego powinny być obliczone odsetki nie jest zasadna. Sąd Okręgowy ustalił termin wymagalności odsetek na datę 19 grudnia 2012r, czyli dwa tygodnie po ogłoszeniu wyroku. Sąd Okręgowy uznał, iż skoro „Pozwany zapłacił bezsporną część zadośćuczynienia. Co do ustalenia odpowiedzialności zakładu ubezpieczeń w dalszej wysokości uzależnione było od wyniku omawianego postępowania dowodowego.” to zasadnym było zobowiązanie pozwanego do płacenia odsetek ustawowych od 14 dnia po wydaniu wyroku na podstawie <xLexLink xArt="art. 481" xIsapId="WDU19640160093" xTitle="Ustawa z dnia 23 kwietnia 1964 r. - Kodeks cywilny" xAddress="Dz. U. z 1964 r. Nr 16, poz. 93">art. 481 k.c.</xLexLink> w zw. z <xLexLink xArt="art. 455" xIsapId="WDU19640160093" xTitle="Ustawa z dnia 23 kwietnia 1964 r. - Kodeks cywilny" xAddress="Dz. U. z 1964 r. Nr 16, poz. 93">art. 455 k.c.</xLexLink> i cytowanego wyżej art. 14 ustawy z dnia z dnia 22 maja 2003 r. o ubezpieczeniach obowiązkowych, Ubezpieczeniowym Funduszu Gwarancyjnym i Polskim Biurze Ubezpieczycieli Komunikacyjnych. Powódka domagała się zasądzenia odsetek od dnia 10 lipca 2008r, a więc w terminie przewidzianym w art. 14.2 ustawy z dnia z dnia 22 maja 2003 r. o ubezpieczeniach obowiązkowych, Ubezpieczeniowym Funduszu Gwarancyjnym i Polskim Biurze Ubezpieczycieli Komunikacyjnych, czyli w terminie 90 dni od dnia zgłoszenia szkody. Jednak, jak zauważa Sąd Apelacyjny, sama powódka twierdziła, zgłaszając szkodę, że wysokość zadośćuczynienia można będzie ustalić dopiero po zakończeniu leczenia i rehabilitacji, zaś w apelacji wnosi o zasądzenie odsetek od 10 lipca 2008r. Orzecznictwo sądów powszechnych w tej kwestii jest rozbieżne - w jednych orzeczeniach jest mowa o tym, by zasądzać odsetki od daty wezwania do zapłaty (w tym przypadku powódka początkowo żądała jedynie zaliczki w wysokości 50.000 zł, dopiero w piśmie z 31.07.2008r (k- 67 akt szkodowych) wniosła o zasądzenie kwoty 200.000 zł, a więc niemożliwe było zasądzenie odsetek od dodatkowej kwoty 60.0000 zł od dnia 10 lipca 2008r gdyż pozwany wypłacił dobrowolnie powódce tytułem zadośćuczynienia kwotę 40.000 zł), np. wyrok Sądu Najwyższego z 22.02.2007r, I CSK 433/06 <xIx>„1. Orzeczenie Sądu przyznające zadośćuczynienie ma charakter rozstrzygnięcia deklaratoryjnego, a nie konstytutywnego. Zobowiązane do zapłaty zadośćuczynienia (<xLexLink xArt="art. 445;art. 445 § 1" xIsapId="WDU19640160093" xTitle="Ustawa z dnia 23 kwietnia 1964 r. - Kodeks cywilny" xAddress="Dz. U. z 1964 r. Nr 16, poz. 93">art. 445 § 1 k.c.</xLexLink>) ma charakter zobowiązania bezterminowego, toteż przekształcenie go w zobowiązanie terminowe może nastąpić w wyniku wezwania wierzyciela (pokrzywdzonego) skierowane wobec dłużnika do spełnienia świadczenia (<xLexLink xArt="art. 455" xIsapId="WDU19640160093" xTitle="Ustawa z dnia 23 kwietnia 1964 r. - Kodeks cywilny" xAddress="Dz. U. z 1964 r. Nr 16, poz. 93">art. 455 k.c.</xLexLink>).2. Waloryzacyjny aspekt odsetek, prowadzący w rezultacie do powiększenia ogólnej kwoty przyznanego pokrzywdzonemu zadośćuczynienia pieniężnego, powinien być brany pod uwagę przy rozważaniu sposobu zasądzenia odsetek za opóźnienia w spełnieniu zadośćuczynienia.” </xIx>wyrok Sądu Apelacyjnego w Łodzi z 15.03.2013r,  I ACa 1262/12 <xIx>„Odsetki od zadośćuczynienia, w rozmiarze w jakim należy się ono osobie uprawnionej w dniu, w którym ma je zapłacić osoba zobowiązana, powinny być liczone od tego dnia, a nie od daty wydania wyroku. O opóźnieniu w zapłacie świadczenia odszkodowawczego można bowiem mówić w sytuacji, gdy dłużnik nie spełnia go niezwłocznie po wezwaniu przez wierzyciela, od tej więc chwili należą się odsetki za to opóźnienie”,</xIx> wyrok Sądu Apelacyjnego we Wrocławiu z 12.12.2012r, ACa 1280/12 <xBx>„</xBx><xIx>Wymagalność roszczenia o zadośćuczynienie - które jest, zgodnie z <xLexLink xArt="art. 455" xIsapId="WDU19640160093" xTitle="Ustawa z dnia 23 kwietnia 1964 r. - Kodeks cywilny" xAddress="Dz. U. z 1964 r. Nr 16, poz. 93">art. 455 k.c.</xLexLink>, roszczeniem bezterminowym - należy wiązać z datą zgłoszenia zobowiązanemu roszczenia sprecyzowanego co do jego wysokości</xIx>.”, w innych o tym, by odsetki zasądzać dopiero od daty wyroku: wyrok Sądu Apelacyjnego w Katowicach z 1.03.2013r,I ACa 958/12 „<xIx>Od obowiązującej w prawie cywilnym zasady, że dłużnik popada w opóźnienie, jeżeli nie spełnia świadczenia w terminie, w którym stało się ono wymagalne, nawet jeśli kwestionuje jego istnienie lub wysokość i od tej daty należą mu się, stosownie do <xLexLink xArt="art. 481;art. 481 § 1" xIsapId="WDU19640160093" xTitle="Ustawa z dnia 23 kwietnia 1964 r. - Kodeks cywilny" xAddress="Dz. U. z 1964 r. Nr 16, poz. 93">art. 481 § 1 k.c.</xLexLink>, odsetki przyjmowane jest odstępstwo w sytuacji, kiedy pomiędzy datą wymagalności świadczenia a datą ustalenia jego rozmiaru w postępowaniu sądowym dochodzi do istotnej różnicy jego wysokości. Odsetki spełniają bowiem funkcję odszkodowawczą w postaci rekompensaty uszczerbku wywołanego pozbawieniem wierzyciela możliwości uzyskania korzyści z należnej mu kwoty odszkodowania, a częściowo także waloryzacyjną, o ile przewyższają wskaźnik inflacji. Wobec tego łączna suma odszkodowania i odsetek nie może przewyższać wysokości szkody. Nie znajduje również usprawiedliwienia stosowanie równocześnie dwóch mierników równoważących skutki utraty siły nabywczej pieniądza, które prowadzą do podwójnej waloryzacji.”</xIx> zaś w jeszcze innych - o tym, by odsetki należały się od dat wymagalności bądź od daty wyrokowania - zależnie od okoliczności sprawy: wyrok Sądu Najwyższego z 8.03.2013r, III CSK 192/12<xBx> „</xBx><xIx>Terminem, od którego należą się odsetki za opóźnienie w zapłacie zadośćuczynienia za krzywdę, może być więc, w zależności od okoliczności sprawy, zarówno dzień poprzedzający wyrokowanie o zadośćuczynieniu, jak i dzień tego wyrokowania.”</xIx> wyrok Sądu Apelacyjnego w Poznaniu z 1.08.2013r, III APa 9/13 „<xIx>Wymagalność roszczenia o zadośćuczynienie za krzywdę, a tym samym i początkowy termin naliczania odsetek za opóźnienie w zapłacie należnego zadośćuczynienia, może się różnie kształtować w zależności od okoliczności sprawy.”</xIx> wyrok Sądu Apelacyjnego w Gdańsku z 21.02.2013r, ACa 671/12 „<xIx>Prawidłowe rozstrzygnięcie o należnym zadośćuczynieniu wymaga ustalenia i rozważenia, czy zadośćuczynienie zostało określone biorąc pod uwagę stan rzeczy istniejący w chwili wyrokowania, czy też stan rzeczy istniejący w innej dacie (wcześniejszej i jakiej), czy w dacie wnoszenia pozwu (złożenia pisma rozszerzającego żądanie o zadośćuczynienie) znane były już wszystkie okoliczności mające wpływ na wysokość zadośćuczynienia i czy w tej dacie żądana kwota z tytułu zadośćuczynienia była usprawiedliwiona do wysokości, czy też w trakcie procesu ujawniły się nowe okoliczności mające wpływ na krzywdę i czy wysokość zadośćuczynienia była ustalana mając na uwadze okoliczności i ceny istniejące w dacie wyrokowania. Generalnie rzecz ujmując określenie wysokości zadośćuczynienia według stanu rzeczy istniejącego w chwili wyrokowania uzasadnia przyznanie odsetek dopiero od tej daty. Ustalenie natomiast, że zasądzona kwota należała się powodowi już w momencie wezwania dłużnika do spełnienia świadczenia (<xLexLink xArt="art. 455" xIsapId="WDU19640160093" xTitle="Ustawa z dnia 23 kwietnia 1964 r. - Kodeks cywilny" xAddress="Dz. U. z 1964 r. Nr 16, poz. 93">art. 455 k.c.</xLexLink>), odpowiadając rozmiarowi szkody niemajątkowej, ustalonej według mierników wówczas istniejących, usprawiedliwia zasądzenie odsetek od chwili jego wymagalności.”</xIx> wyrok Sądu Apelacyjnego w Poznaniu z 6.06.2013r, ACa 393/13 <xBx>„</xBx><xIx>Rozstrzygnięcie o odsetkach od zadośćuczynienia nie poddaje się prostym rozwiązaniom, musi uwzględniać konkretne okoliczności rozpatrywanej sprawy, nade wszystko podstawy ustalenia zadośćuczynienia.”</xIx> wyrok Sądu Apelacyjnego we Wrocławiu z 27.06.2012r, I ACa 577/12 „<xIx>W obecnej sytuacji społeczno - gospodarczej brak podstaw do przyjęcia, by zasądzenie na rzecz pokrzywdzonych zadośćuczynienia z odsetkami liczonymi od wezwania przez nich dłużnika do zapłaty skutkowało ich dwukrotnym, bezpodstawnym przysporzeniem. Sąd Apelacyjny wskazuje, że przyznanie odsetek od kwoty zadośćuczynienia od daty późniejszej niż wynikająca z ustawy (lub - przy braku przepisów szczególnych - wskazana w skierowanym do dłużnika wezwaniu), nie jest co do zasady wykluczone, jednakże musi być ono uzasadnione okolicznościami konkretnej sprawy. W szczególności zaś winno mieć ono miejsce w przypadkach, gdy rozmiar krzywdy zwiększył się w czasie między wezwaniem dłużnika do zapłaty a wyrokowaniem.” </xIx>wyrok Sądu Apelacyjnego w Białymstoku z 10.10.2012r, I ACa 440/12 „<xIx>Jeżeli zobowiązany nie płaci zadośćuczynienia w terminie wynikającym z przepisu szczególnego lub w terminie ustalonym zgodnie z <xLexLink xArt="art. 455" xIsapId="WDU19640160093" xTitle="Ustawa z dnia 23 kwietnia 1964 r. - Kodeks cywilny" xAddress="Dz. U. z 1964 r. Nr 16, poz. 93">art. 455 in fine k.c.</xLexLink>, uprawniony nie ma niewątpliwie możliwości czerpania korzyści z zadośćuczynienia, jakie mu się należy już w tym terminie. W konsekwencji odsetki za opóźnienie w zapłacie zadośćuczynienia należnego uprawnionemu już w tym terminie, powinny się należeć od tego właśnie terminu. Stanowiska tego nie podważa pozostawienie przez ustawę zasądzenia zadośćuczynienia i określenia jego wysokości w pewnym zakresie uznaniu sądu. Przewidziana w <xLexLink xArt="art. 445;art. 445 § 1" xIsapId="WDU19640160093" xTitle="Ustawa z dnia 23 kwietnia 1964 r. - Kodeks cywilny" xAddress="Dz. U. z 1964 r. Nr 16, poz. 93">art. 445 § 1 k.c.</xLexLink> możliwość przyznania przez sąd odpowiedniej sumy tytułem zadośćuczynienia za krzywdę nie zakłada bowiem dowolności ocen sądu, a jest jedynie konsekwencją niewymiernego w pełni charakteru okoliczności decydujących o doznaniu krzywdy i jej rozmiarze. Mimo więc pewnej swobody sądu przy orzekaniu o zadośćuczynieniu, wyrok zasądzający zadośćuczynienie nie ma charakteru konstytutywnego, lecz deklaratywny. Wymagalność roszczenia o zadośćuczynienie za krzywdę, a tym samym i początkowy termin naliczania odsetek za opóźnienie w zapłacie należnego zadośćuczynienia, może się różnie kształtować w zależności od okoliczności sprawy. Terminem, od którego należą się odsetki za opóźnienie w zapłacie zadośćuczynienia za krzywdę, może być więc, w zależności od okoliczności sprawy, zarówno dzień poprzedzający wyrokowanie o zadośćuczynieniu, jak i dzień tego wyrokowania.”</xIx> Sąd Okręgowy ustalał stan zdrowia powódki na dzień wyrokowania i według cen obowiązujących w tej właśnie dacie, zatem wymagalność roszczenia powstała dopiero na datę wyrokowania.</xText>
          <xText>Jeśli chodzi o termin zasądzenia odsetek to należy stwierdzić, iż niezasadne są zarzuty naruszenia prawa materialnego przez błędną jego interpretację i zastosowanie, sprzeczności ustaleń ze zgromadzonym w sprawie materiałem dowodowym oraz naruszenia prawa procesowego tj. <xLexLink xArt="art. 233;art. 233 § 1" xIsapId="WDU19640430296" xTitle="Ustawa z dnia 17 listopada 1964 r. - Kodeks postępowania cywilnego" xAddress="Dz. U. z 1964 r. Nr 43, poz. 296">art. 233 § 1 k.p.c.</xLexLink> poprzez przekroczenie swobodnej oceny dowodów, wyznaczonej logicznym rozumowaniem i zasadami doświadczenia zawodowego oraz nierozważenie wszystkich istotnych okoliczności sprawy.</xText>
          <xText>Zgodnie z twierdzeniami apelującej wyrok Sądu ma charakter deklaratoryjny, nie zaś konstytutywny, z czego wynika bezterminowy charakter zobowiązania pozwanego, ale jak to już wyżej zaznaczono, jest to tylko jeden z poglądów proponowanych przez orzecznictwo. Powoływany przez powódkę wyrok Sądu Najwyższego z dnia 16 grudnia 2011 r, V CSK 38/11, który zapadł w sprawie przeciwko Ubezpieczeniowemu Funduszowi Gwarancyjnemu, nie świadczy wcale o takiej właśnie linii orzeczniczej i jednolitym rozumieniu problemu.</xText>
          <xText>Sąd Apelacyjny nie dopatrzył się w rozstrzygnięciu Sądu Okręgowego naruszenia prawa materialnego, a także sprzeczności ustaleń tego Sądu z zebranym w sprawie materiałem dowodowym oraz naruszenia prawa procesowego, w szczególności <xLexLink xArt="art. 233;art. 233 § 1" xIsapId="WDU19640430296" xTitle="Ustawa z dnia 17 listopada 1964 r. - Kodeks postępowania cywilnego" xAddress="Dz. U. z 1964 r. Nr 43, poz. 296">art. 233 § 1 k.p.c.</xLexLink> poprzez przekroczenie swobodnej oceny dowodów.</xText>
          <xText>Nie ma także racji skarżąca w części dotyczącej oddalenia roszczenia o zasądzenie renty z tytułu zmniejszonych widoków na przyszłość. Słusznie twierdzi Sąd Okręgowy w uzasadnieniu zaskarżonego wyroku (i pozwany w odpowiedzi na apelację), że powódka nic nie wykazała w tym zakresie. Jej twierdzenia co do spodziewanej dywidendy są absolutnie gołosłowne, a jej założenia - całkowicie hipotetyczne. Słusznie stwierdził Sąd Okręgowy, że działalność gospodarcza niesie ze sobą ryzyko: jej rozwoju i osiągania lepszych wyników finansowych bądź też jej upadku, także finansowego. Nie wiadomo, jak by było w niniejszym przypadku, tj. w przypadku <xAnon> Studia (...)</xAnon> prowadzonego przez powódkę i przez jej męża. W apelacji powódka podnosi głównie okoliczności dotyczące jej stanu zdrowia i konieczności przyznania jej z tego tytułu renty w wysokości 2.025 zł. Powódka zapomina jednak, że żądana przez nią renta musi wynikać z dobrego stanu finansowego jej zakładu pracy, w tym przypadku <xAnon> Studia (...)</xAnon>, ten zaś nie jest wiadomy w przyszłości. Renta przyznawana w tym postępowaniu powódce nie jest rentą zależną tylko od obecnego i przyszłego stanu jej zdrowia, ale również od możliwości finansowych spółki, zwłaszcza tych, jakie będzie miała w bliżej nieokreślonej przyszłości. Sąd Okręgowy wcale nie negował ewentualności pogorszenia się stanu zdrowia powódki bądź też zmniejszenia się jej widoków na przyszłość - sprzeciwił się jedynie - i słusznie zdaniem Sądu Apelacyjnego - wyliczeniom powódki, z których wynika, że dywidenda spółki zmniejszyła się o 24.300 zł. Są to własne wyliczenia powódki, nie poparte żadnymi dowodami, sporządzone na użytek niniejszej sprawy - nie wolno na ich podstawie zasądzać od pozwanego jakichkolwiek kwot. Kwot takich nie można też zasądzać wyłącznie na podstawie wyjaśnień powódki będącej osobą najbardziej zainteresowaną w sprawie, a tego właśnie domaga się powódka w apelacji. Cała konstrukcja żądań powódki oparta jest na założeniu wystąpienia szkody, zaś zasądzenie jakichkolwiek kwot tytułem wynagrodzenia tej szkody jest możliwe tylko w razie wykazania, że szkoda ta jest pewna. Rację ma pozwany że o ile w związku z wypadkiem poniosła szkodę <xAnon> spółka (...)</xAnon>, to ona właśnie powinna wystąpić z roszczeniem odszkodowawczym. Słusznie też zauważa pozwany, że w ocenie powódki jej wyjaśnienia mogłyby zastąpić całe postępowanie dowodowe.</xText>
          <xText>Prawidłowo wziął też pod uwagę Sąd Okręgowy, że <xAnon> firma (...)</xAnon> wprawdzie zakończyła działalność, ale brak jest dowodów na to, że miało to związek z wypadkiem powódki - są to tylko jej twierdzenia. Nie została także udowodniona okoliczność ewentualnych kosztów zatrudnienia pracownika, który mógłby zastąpić powódkę.</xText>
          <xText>Dodatkowo należy wskazać, że sformułowania wniosków apelacyjnych nie są zgodne z kodeksowym brzmieniem możliwych rozstrzygnięć Sądu; <xLexLink xArt="art. 386" xIsapId="WDU19640430296" xTitle="Ustawa z dnia 17 listopada 1964 r. - Kodeks postępowania cywilnego" xAddress="Dz. U. z 1964 r. Nr 43, poz. 296">art. 386 kpc</xLexLink> nie przewiduje uchylenia wyroku, jak o to wnosi powódka.</xText>
          <xText>Z tych wszystkich względów Sąd Apelacyjny orzekł, jak w wyroku z mocy <xLexLink xArt="art. 385" xIsapId="WDU19640430296" xTitle="Ustawa z dnia 17 listopada 1964 r. - Kodeks postępowania cywilnego" xAddress="Dz. U. z 1964 r. Nr 43, poz. 296">art. 385 kpc</xLexLink> postanawiając o kosztach na podstawie <xLexLink xArt="art. 98" xIsapId="WDU19640430296" xTitle="Ustawa z dnia 17 listopada 1964 r. - Kodeks postępowania cywilnego" xAddress="Dz. U. z 1964 r. Nr 43, poz. 296">art. 98 kpc</xLexLink>.</xText>
        </xUnit>
      </xBlock>
    </xPart>
  </judgement>
<judgement id="155020150000503_I_C_001089_2013_Uz_2013-12-20_001">
    <xPart xEditorFullName="Mariola Stodulska" xYear="2013" xLang="PL" xPublisherFullName="Mariola Stodulska" xFromPg="1" xEditor="mariola.stodulska@swidnica.sr.gov.pl" xVolType="15/502015/0000503/C" xPublisher="mariola.stodulska@swidnica.sr.gov.pl" xDocType="Uz" xVolNmbr="001089" xVersion="1.0" xToPage="3" xFlag="published">
      <xName>Wyrok+Uzasadnienie</xName>
      <xBlock>
        <xText>Sygn. akt I C 1089/13</xText>
        
        <xUnit xIsTitle="true" xBold="true" xType="part">
          <xName>WYROK</xName>
          <xTitle>W IMIENIU RZECZYPOSPOLITEJ POLSKIEJ</xTitle>
          <xText xALIGNx="right"> Dnia 6 grudnia 2013r.</xText>
          
          <xText><xBx>Sąd Rejonowy w Świdnicy I Wydział Cywilny </xBx>w składzie:</xText>
          
          <xText>
            <xBx>Przewodniczący SSR Halina Grzybowska</xBx>
          </xText>
          <xText>
            <xBx>Protokolant Magdalena Tobiasz </xBx>
          </xText>
          
          <xText>po rozpoznaniu w dniu 6 grudnia 2013r. w Świdnicy</xText>
          <xText>na rozprawie</xText>
          <xText>sprawy z powództwa <xBx><xAnon> (...) S.a.</xAnon>r.l. z siedzibą w Luxembourgu</xBx></xText>
          <xText>przeciwko <xBx><xAnon>D. K.</xAnon></xBx></xText>
          <xText>o zapłatę 732,00 zł</xText>
          
          <xText>oddala powództwo.</xText>
        </xUnit>
        <xUnit xIsTitle="true" xBold="true" xType="part">
          <xName>UZASADNIENIE</xName>
          <xText>W pozwie wniesionym w dniu 20 lutego 2013 roku strona powodowa <xAnon> (...) S.a.</xAnon>r.l. z siedzibą w <xAnon>L.</xAnon>, jako nabywca wierzytelności od <xAnon> (...) sp. z o.o.</xAnon>, a poprzednio od <xAnon> (...) sp. z o.o.</xAnon>, domagała się zasądzenia od pozwanego <xAnon>D. K.</xAnon> kwoty 732,00 zł z odsetkami ustawowymi od dnia 29 grudnia 2005 roku do dnia zapłaty tytułem spłaty zadłużenia wynikającego z faktury z dnia 14 grudnia 2005 roku na kwotę 732,00 zł.</xText>
          <xText>Pozwany nie uznał powództwa i wniósł o jego oddalenie w całości, podnosząc zarzut przedawnienia roszczenia.</xText>
          <xText>
            <xBx>Sąd ustalił następujący stan faktyczny :</xBx>
          </xText>
          <xText>W dniu 14 grudnia 2005 r. na rzecz <xAnon> (...) sp. z o.o.</xAnon> została wystawiona <xAnon>faktura VAT o nr (...)</xAnon> na kwotę 732,00 zł, do której zapłaty zobowiązani byli wspólnicy <xAnon> spółki cywilnej (...)</xAnon><xAnon>D. K.</xAnon>, <xAnon>K. G.</xAnon>, a termin zapłaty został oznaczony na dzień 28 grudnia 2005 r. Przedmiotowa faktura dotyczyła sprzedaży usług ogłoszeniowych.</xText>
          <xText>
            <xBx>Dowód: faktura VAT z dnia 14.12.2005 - k. 12</xBx>
          </xText>
          
          <xText><xAnon> (...) sp. z o.o.</xAnon> w <xAnon>P.</xAnon>, nabyła od <xAnon> (...) sp. z o.o.</xAnon> w <xAnon>W.</xAnon> wierzytelność przysługującą w stosunku do pozwanego <xAnon>D. K.</xAnon> wynikającą z faktury z dnia 14 grudnia 2005 roku na kwotę 732,00 zł., a następnie zbył tę wierzytelność <xAnon> (...) S.a.</xAnon>r.l. z siedzibą w <xAnon>L.</xAnon>.</xText>
          <xText>
            <xBx>Dowód: umowa sprzedaży wierzytelności z dnia 30 grudnia 2006 roku – k. 17, umowa przelewu wierzytelności 22 grudnia 2006 roku z częściowym wykazem wierzytelności - k. 16 odwrót, k. 23.</xBx>
          </xText>
          
          <xText>
            <xBx>Sąd zważył:</xBx>
          </xText>
          <xText>Przepis <xLexLink xArt="art. 117;art. 117 § 1;art. 117 § 2" xIsapId="WDU19640160093" xTitle="Ustawa z dnia 23 kwietnia 1964 r. - Kodeks cywilny" xAddress="Dz. U. z 1964 r. Nr 16, poz. 93">art. 117 § 1 i 2 k.c.</xLexLink> stanowi, że z zastrzeżeniem wyjątków w ustawie przewidzianych, roszczenia majątkowe ulegają przedawnieniu, a po upływie terminu przedawnienia ten, przeciwko komu przysługuje roszczenie, może uchylić się od jego zaspokojenia, chyba że zrzeka się korzystania z zarzutu przedawnienia. Jednakże zrzeczenie się zarzutu przedawnienia przed upływem terminu jest nieważne.</xText>
          <xText>Stosownie zaś do treści przepisu <xLexLink xArt="art. 118" xIsapId="WDU19640160093" xTitle="Ustawa z dnia 23 kwietnia 1964 r. - Kodeks cywilny" xAddress="Dz. U. z 1964 r. Nr 16, poz. 93">art. 118 k.c.</xLexLink> jeżeli przepis szczególny nie stanowi inaczej, termin przedawnienia wynosi lat dziesięć, a dla roszczeń o świadczenia okresowe oraz roszczeń związanych z prowadzeniem działalności gospodarczej - trzy lata.</xText>
          <xText>Roszczenie dochodzone pozwem jest związane z prowadzeniem działalności gospodarczej, więc jeśli termin wymagalności należności wynikającej z faktury wymienionej w pozwie upływał 28 grudnia 2005, to roszczenie to przedawniło się 29 grudnia 2008 roku.</xText>
          <xText>Nie ma racji powód, twierdząc, że podniesiony przez pozwanego zarzut przedawnienia uległ prekluzji, gdyż nie został powołany w sprzeciwie od nakazu zapłaty wydanego w elektronicznym postępowaniu upominawczym. Pozwany w sprzeciwie wnoszonym w ramach elektronicznego postępowania upominawczego przedstawia jedynie te zarzuty, które pod rygorem ich utraty należy zgłosić przed wdaniem się w spór co do istoty sprawy (<xLexLink xArt="art. 505(35)" xIsapId="WDU19640430296" xTitle="Ustawa z dnia 17 listopada 1964 r. - Kodeks postępowania cywilnego" xAddress="Dz. U. z 1964 r. Nr 43, poz. 296">art. 505<xSUPx>35</xSUPx> kpc</xLexLink>). Przykładem takiego zarzutu jest zarzut zapisu na sąd polubowny (<xLexLink xArt="art. 1165;art. 1165 § 1" xIsapId="WDU19640430296" xTitle="Ustawa z dnia 17 listopada 1964 r. - Kodeks postępowania cywilnego" xAddress="Dz. U. z 1964 r. Nr 43, poz. 296">art. 1165 § 1 kpc</xLexLink>), zarzut poddania sprawy przez strony w drodze umowy pod rozstrzygnięcie sądowi innemu niż sąd właściwy według właściwości ogólnej (<xLexLink xArt="art. 202;art. 202 zd. 1;art. 202 zd. 2" xIsapId="WDU19640430296" xTitle="Ustawa z dnia 17 listopada 1964 r. - Kodeks postępowania cywilnego" xAddress="Dz. U. z 1964 r. Nr 43, poz. 296">art. 202 zd. 1 i 2</xLexLink> w zw. z <xLexLink xArt="art. 505(36);art. 505(36) § 2" xIsapId="WDU19640430296" xTitle="Ustawa z dnia 17 listopada 1964 r. - Kodeks postępowania cywilnego" xAddress="Dz. U. z 1964 r. Nr 43, poz. 296">art. 505<xSUPx>36</xSUPx> § 2</xLexLink>) lub zarzut zawarcia przez strony umowy o mediację (<xLexLink xArt="art. 202(1)" xIsapId="WDU19640430296" xTitle="Ustawa z dnia 17 listopada 1964 r. - Kodeks postępowania cywilnego" xAddress="Dz. U. z 1964 r. Nr 43, poz. 296">art. 202<xSUPx>1</xSUPx></xLexLink>). Pozwany może, chociaż nie musi, powołać w sprzeciwie twierdzenia i dowody na ich poparcie, co <xLexLink xArt="art. 505(35);art. 505(35) zd. 1" xIsapId="WDU19640430296" xTitle="Ustawa z dnia 17 listopada 1964 r. - Kodeks postępowania cywilnego" xAddress="Dz. U. z 1964 r. Nr 43, poz. 296">art. 505<xSUPx>35</xSUPx> zd. 1</xLexLink> oddaje w ten sposób, że sprzeciw nie wymaga żadnego uzasadnienia i przedstawienia dowodów.</xText>
          <xText>Podniesienie przez pozwanego zarzutu przedawnienia nie jest sprzeczne z zasadami współżycia społecznego, albowiem okres od upływu przedawnienia jest znaczny.</xText>
          <xText>Natomiast za sprzeczne z zasadami współżycia społecznego, w tym z zasadą bezpieczeństwa obrotu czy zasadą równouprawnienia stron można uznać, powszechnie obserwowane, nagminne zjawisko nabywania przez różnego rodzaju firmy wierzytelności przedawnionych i dochodzenie takich przedawnionych, zwykle drobnych roszczeń przed sądem, w stosunku do osób będących konsumentami, których zazwyczaj świadomość prawna jest niska, gdy po przeciwnej stronie występują podmioty profesjonalne, posiadające obsługę prawną.</xText>
          <xText>Dlatego też powództwo podlegało oddaleniu .</xText>
        </xUnit>
      </xBlock>
    </xPart>
  </judgement>
<judgement id="151025000000503_I_C_001518_2013_Uz_2013-12-09_001">
    <xPart xEditorFullName="Monika Falkiewicz" xYear="2013" xLang="PL" xPublisherFullName="Wiesława Mróz" xFromPg="1" xEditor="monfalsoto" xVolType="15/102500/0000503/C" xPublisher="wiemrosoto" xDocType="Uz" xVolNmbr="001518" xVersion="1.0" xToPage="1" xFlag="published">
      <xName>Wyrok+Uzasadnienie</xName>
      <xBlock>
        <xText>Sygn. akt I C 1518/13</xText>
        
        <xUnit xIsTitle="true" xType="part" xBold="true">
          <xName>WYROK</xName>
          <xTitle>W IMIENIU RZECZYPOSPOLITEJ POLSKIEJ</xTitle>
          <xText xALIGNx="right"> Dnia 9 grudnia 2013r</xText>
          
          <xText>Sąd Okręgowy w Toruniu, Wydział I Cywilny</xText>
          <xText>w składzie następującym:</xText>
          <xText>Przewodniczący: S. S. O. Wojciech Modrzyński</xText>
          <xText>Ławnicy: -----------------------------------------------------------</xText>
          <xText>Protokolant: starszy sekretarz sądowy Monika Falkiewicz</xText>
          <xText>po rozpoznaniu w dniu: 25 listopada 2013 r. w Toruniu</xText>
          <xText>przy udziale : --------------------------</xText>
          <xText>sprawy z powództwa: <xAnon>M. K.</xAnon></xText>
          <xText>przeciwko: <xAnon>D. D.</xAnon></xText>
          <xEnum>
            <xBullet>⚫</xBullet>
            <xEnumElem>
              <xText>o ochronę dóbr osobistych</xText>
            </xEnumElem>
          </xEnum>
          <xText>
            <xBx>orzeka:</xBx>
          </xText>
          <xUnit xIsTitle="false" xType="none">
            <xName xSffx=".">1</xName>
            <xText>oddala powództwo</xText>
          </xUnit>
          <xUnit xIsTitle="false" xType="none">
            <xName xSffx=".">2</xName>
            <xText>obciąża powódkę kosztami postepowania w sprawie</xText>
          </xUnit>
          
          <xText>I C 1518/13</xText>
        </xUnit>
        <xUnit xIsTitle="true" xType="part" xBold="true">
          <xName>UZASADNIENIE</xName>
          <xText>Do Sądu Okręgowego w Toruniu wpłynął pozew <xAnon>M. K.</xAnon> przeciwko <xAnon>D. D.</xAnon> o ochronę dóbr osobistych. <xAnon>M. K.</xAnon>domagała się nakazania pozwanej <xAnon>D. D.</xAnon> opublikowania na łamach <xAnon> (...)</xAnon> dziennika <xAnon> (...)</xAnon> przeprosin o treści: „Przepraszam panią <xAnon>M. K.</xAnon> zam. <xAnon>ul. (...)</xAnon><xAnon>(...)</xAnon><xAnon>(...)-(...) T.</xAnon> za słowa obraźliwe i wulgarne wypowiedziane dnia 22 .06.13r pod adresem pani <xAnon>M. K.</xAnon>” w formacie ogłoszenia „Moduł 50x55,5.” Wniosła też o nakazanie pozwanej zapłaty kwoty 500zł na <xAnon> Zespół (...)</xAnon> II <xAnon> Hospicjum (...)</xAnon> w <xAnon>T.</xAnon>, <xAnon>ul. (...)</xAnon>, nr konta: <xAnon> (...)</xAnon>. W uzasadnieniu wskazała, iż dnia 21 czerwca 2013r., o godz. 22.00, 23.00 i 23.30 sąsiedzi z pierwszego piętra zakłócali ciszę nocną. Dnia następnego powódka wychodząc z mieszkania spotkała syna pozwanej – <xAnon>P.</xAnon> i z zapytała go czy nie można zachowywać się ciszej. Zadane pytanie potraktował lekceważąco i wyszedł z budynku. Z tego też powodu powódka udała się bezpośrednio do pozwanej i zapytała ja czy ta ostatnia nie wie, że od 22.00 obowiązuje cisza nocna. Wówczas pozwana zaczęła krzyczeć na powódkę. Powódka zwróciła jej na to uwagę stwierdzając, iż nie jest głucha. W odpowiedzi pozwana zaczęła wymachiwać rękoma w kierunku powódki oraz krzyczeć: „nie przychodź tu stara mendo i wypierdalać z piętra, nie masz tu prawa przebywać, jak chcesz tu przyjść, to tylko z policją, sio, sio, wynocha, wynocha starucho”. Po czym pozwana stwierdziła, iż teraz pokaże powódce jak się hałasuje. Weszła do mieszkania i zaczęła skakać i wykrzykiwać.</xText>
          <xText>W odpowiedzi na pozew ( k. 16-19 ) pozwana <xAnon>D. D.</xAnon> wniosła o oddalenie powództwa całości. Motywując powyższe, między innymi, stwierdziła, iż nigdy nie poniżała i nie zniesławiała powódki. Przyznała, iż dnia 22 czerwca 2013r. miała miejsce awantura z powódką, jednak jej przebieg, opisany przez powódkę, została znacząco przez nią ubarwiony. Pozwana oświadczyła, iż zaraz po otwarciu drzwi została przez powódkę zasypana lawiną oskarżeń „Czy wy nie możecie tych tapczanów robić wcześniej?! To jest nie do wytrzymania!”. Była skłonna nawet za to przeprosić, ale nie została dopuszczona do głosu. Próbowała się tłumaczyć, ale bez skutku. Wówczas się zdenerwowała i zaczęła krzyczeć: ”Proszę odejść od moich drzwi i więcej tu nie przychodzić!” Wówczas powódka splotła ręce na piersiach i prowokacyjnym tonem krzyknęła: „Nie! A co mi zrobisz?!” Wtedy pozwana posunęła się kilka kroków na przód i siłą rzeczy powódka musiała się cofnąć. Nie wymachiwała jednak rękami i nawet do głowy jej nie przyszło aby powódkę uderzyć. Nie krzyczała: „Sio, sio, wynocha!”, natomiast krzyczała, iż nie chce więcej sąsiadów z dołu oglądać, iż całe życie jej rodzina chodzi na palcach i kiedyś faktycznie zacznie skakać i tupać, aby powódka zobaczyła jak to jest. Powódka odpowiedziała: „No, tylko spróbuj”. Pozwana krzyknęła aby się powódka z mężem wyprowadzili używając zwrotu: „spierdalajcie”. Nastąpiła eskalacja wzajemnych wyzwisk i oskarżeń. Na koniec powódka krzyknęła: „Ja tego tak nie zostawię ty cholerna gówniaro!”. Pozwana odpowiedziała: „ No i dobrze pieprzona starucho!”. Pozwana dodała, iż nie jest dumna z tego, iż tak nazwała powódkę, jednak w danych okolicznościach nie uważa tego za wielką zniewagę. Nakreśliła zarys trwającego od czterech dekad konfliktu z powódką i je mężem (sąsiadami z dołu), żądającymi bezwzględnej ciszy, nawet w dzień, terroryzującymi przez to pozwaną i jej rodzinę, niezasadnie wzywającymi Policję i zakładającymi sprawy sądowe, również wyzywającymi rodzinę pozwanej słowami typu: ”szmaciarze, „skurwysyny”, „kurwy jedne”. Podkreśliła, iż nie zachowała się grzecznie, ale próbowała jedynie bronić swoich granic.</xText>
          <xText>A rozprawie w dniu 16 października 2013r. (k. 38v) pełnomocnik procesowy powódki wniósł oświadczył, iż widzi możliwość ugodowego zakończenia sprawy, jeśli pozwana przeprosi powódkę i dodatkowo zwróci jej połowę kosztów opłaty sądowej w wysokości 150 zł. Pozwana przeprosiła powódkę za wypowiedziane w dniu 22 czerwca 2013 roku słowa i nie zgodziła się na zasądzenie od niej jakikolwiek kosztów. Podniosła, iż jej dobra również zostały naruszone i to powódka sprowokowała zajście. Pozwana wskazała, iż w obecnej sytuacji nie stać jej na zapłacenie jakichkolwiek kosztów.</xText>
          <xText>Na rozprawie w dniu 25 listopada 2013r. (k. 47) pełnomocnik procesowy powódki zmienił żądanie w zakresie przeprosin i wniósł o nakazanie pozwanej przeproszenia powódki na piśmie.</xText>
          <xText>Pozwana podtrzymała swoje stanowisko w sprawie.</xText>
          <xText xALIGNx="center">
            <xBx>Sąd ustalił, co następuje:</xBx>
          </xText>
          <xText>Strony zamieszkują w <xAnon>T.</xAnon> w budynku położonym przy <xAnon>ul. (...)</xAnon>.</xText>
          <xText>Powódka wraz mężem na parterze, pozwana wraz z rodzina na pierwszym piętrze. Rodzina pozwanej zamieszkuje w przedmiotowym lokalu od wielu lat. Pozwana zamieszkiwała w nim z rodzicami jako małe dziecko. Dziś mieszka w nim ze swoją rodziną i matką.</xText>
          <xText>Od 39 lat istnieje między rodzinami konflikt związany odmiennymi zapatrywaniami na reżim porządku domowego, w szczególności na ciszę nocną. Powódka wraz z mężem co jakiś czas przychodzą do mieszkania pozwanej i żądają spokoju. <xAnon>D. D.</xAnon> ani członkowie jej rodziny nie hałasują nadmiernie. W sposób normalny korzystają ze swojego mieszkania. Powódce przeszkadzają odgłosy dochodzące z mieszkania sąsiadów np. odgłos spuszczanej wody w łazience, odgłosy osób, które chodzą po mieszkaniu, otwierane szafy czy odgłosy towarzyszące ścieleniu łóżek. Od wielu lat między powódką i jej mężem a rodziną pozwanej wybuchały konflikty i awantury na tym tle.</xText>
          <xText><xBx>Dowód</xBx>: zeznania <xAnon>K. M.</xAnon> złożone 16.10.2013 00:31:36 k-38v</xText>
          <xText>zeznanie <xAnon>S. S.</xAnon> złożone 16.10.2013 00:37:57 k -38v</xText>
          <xText>W trakcie tych awantur miały miejsce sytuacje, kiedy maż powódki, podczas sylwestra wykręcił rodzinie pozwanej korki, gdy wzywana była policja. Zdarzyło się także, iż powódka samowolnie weszła do mieszkania pozwanej i wyłączyła radio nastoletniej wówczas siostrze pozwanej. Po wyjściu przez pozwana za mąż i urodzeniu pierwszego dziecka konflikt nasilił się, gdyż powódkę i jej męża drażniły hałasy powodowane przez dzieci. Doszło do scysji i w ramach retorsji powódka i jej mąż kupili wieżę hi-fi i zaczęli głośno puszczać muzykę wychodząc z domu na kilka godzin. Sprawa znalazła swój finał w sądzie. Interwencje powódki i jej męża ,z powodu hałasu, mają również miejsce w przypadku zwykłych, odbywających się za dnia wizyt rodziny pozwanej.</xText>
          <xText><xBx>Dowód</xBx>: zeznania <xAnon>K. M.</xAnon> złożone 16.10.2013 00:31:36 k-38v</xText>
          <xText>zeznanie <xAnon>S. S.</xAnon> złożone 16.10.2013 00:37:57 k -38v</xText>
          <xText>Wedle lokatorów innych mieszkań znajdujących się w budynku rodzina pozwanej nie zakłóca spokoju innych i nie stwarza problemów we współżyciu między ludzkim.</xText>
          <xText><xBx>Dowód</xBx>: zeznania <xAnon>K. M.</xAnon> złożone 16.10.2013 00:31:36 k-38v</xText>
          <xText>zeznanie <xAnon>S. S.</xAnon> złożone 16.10.2013 00:37:57 k -38v</xText>
          
          <xText>Dnia 21 czerwca 2013r., ok. 22.00, syn pozwanej wracając z łazienki nie zdarzył przytrzymać drzwi, które pod wpływem przeciągu głośniej się zamknęły. Następnego dnia powódka udała się do pozwanej z pretensjami o zakłócanie ciszy nocnej. Nastąpiła wymian zdań w trakcie którego pozwana posunęła się kilka kroków naprzód. Kazała powódce odejść od drzwi i więcej jej nie niepokoić. Powódka nie zamierzała się oddalić. Pozwana użyła słowa „spierdalaj”. Ostatecznie zajście skończyło się zwróceniem się przez powódkę do pozwanej słowami: Ty cholerna gówniaro, pożałujesz” na co pozwana odpowiedziała: „No i dobrze pieprzona starucho!”</xText>
          <xText>Dowód: zeznania <xAnon>H. K.</xAnon> złożone 16.10.2013r. 00:42:55</xText>
          <xText>zeznania <xAnon>I. B.</xAnon> złożone 25.11.2013r. 00:18:32 k 48</xText>
          <xText>zeznania <xAnon>P. S.</xAnon> złożone 25.11.2013 00:29:00 k.48,</xText>
          
          <xText xALIGNx="center">
            <xBx>Sąd zważył, co następuje:</xBx>
          </xText>
          <xText>Powyższy stan faktyczny został ustalony na podstawie dokumentów zgromadzonych w aktach sprawy oraz w oparciu o zeznania świadków <xAnon>K. M.</xAnon>, <xAnon>S. S.</xAnon>, <xAnon>H. K.</xAnon>, <xAnon>I. B.</xAnon> oraz <xAnon>P. S.</xAnon>.</xText>
          <xText>Sąd co do zasady dał wiarę zgromadzonym w sprawie dokumentom, gdyż żadna ze stron nie kwestionowała ich wiarygodności oraz autentyczności. Sąd również nie znalazł podstaw do podważania prawdziwości tychże dowodów w jakimkolwiek stopniu.</xText>
          <xText>Sąd uznał za wiarygodne zeznania świadków. Zeznanie te są spójne, logiczne i konsekwentne. Świadkowie potwierdzili, iż miedzy powódką, a rodziną pozwanej istnieje od wielu lat konflikt. Powódka zarzuca pozwanej naruszanie ciszy nocnej i hałasowanie w mieszkaniu. Świadkowie są sąsiadami stron. Żaden nie potwierdził, aby pozwana lub członkowie jej rodziny zakłócali ciszę w budynku. Żaden inny sąsiad nie miał jakichkolwiek zatargów z rodzina Państwa <xAnon>D.</xAnon> na tym tle. Świadkami zajścia z dnia 22 czerwca 2013 roku byłi wyłącznie <xAnon>H. K.</xAnon> – matka pozwanej i <xAnon>I. B.</xAnon>. Świadkowie potwierdzili, iż to powódka sprowokowała zajście z dnia 22 czerwca 2013 roku i to ona pierwsza zaczęła używać obraźliwych słów wobec pozwanej. Pozwana w odpowiedzi, odwecie użyła wulgaryzmów wobec pozwanej naruszając jej dobra osobiste.</xText>
          <xText>Zgodnie z <xLexLink xArt="art. 23" xIsapId="WDU19640160093" xTitle="Ustawa z dnia 23 kwietnia 1964 r. - Kodeks cywilny" xAddress="Dz. U. z 1964 r. Nr 16, poz. 93">art. 23 k.c.</xLexLink> dobra osobiste człowieka, jak w szczególności zdrowie, wolność, cześć, swoboda sumienia, nazwisko lub pseudonim, wizerunek, tajemnica korespondencji, nietykalność mieszkania, twórczość naukowa, artystyczna, wynalazcza i racjonalizatorska, pozostają pod ochroną prawa cywilnego niezależnie od ochrony przewidzianej w innych przepisach. Ten, czyje dobro osobiste zostaje zagrożone cudzym działaniem, może żądać zaniechania tego działania, chyba że nie jest ono bezprawne. W razie dokonanego naruszenia może on także żądać, ażeby osoba, która dopuściła się naruszenia, dopełniła czynności potrzebnych do usunięcia jego skutków, w szczególności ażeby złożyła oświadczenie odpowiedniej treści i w odpowiedniej formie. Na zasadach przewidzianych w kodeksie może on również żądać zadośćuczynienia pieniężnego lub zapłaty odpowiedniej sumy pieniężnej na wskazany cel społeczny (<xLexLink xArt="art. 24" xIsapId="WDU19640160093" xTitle="Ustawa z dnia 23 kwietnia 1964 r. - Kodeks cywilny" xAddress="Dz. U. z 1964 r. Nr 16, poz. 93">art. 24.k.c.</xLexLink>)</xText>
          <xText>Jak wynika z przytoczonych przepisów polskie prawo nie przewiduje zamkniętego katalogu dóbr chronionych prawnie. Tym niemniej aby dochodzić zadośćuczynienia za ich naruszenie, nie wystarczy samo wskazanie zdarzenia, które spowodowało to naruszenie, ale także powód musi wskazać jakie konkretnie dobra osobiste zostały naruszone. Przy wyjaśnianiu istoty dóbr osobistych i związanych z nimi praw osobistych dominujący jest pogląd wskazujący, iż przy ocenie czy doszło do naruszenia dóbr osobistych decydujące znaczenie ma nie tyle subiektywne odczucie osoby żądającej ochrony prawnej, ile to jaką reakcję wywołuje w społeczeństwie to naruszenie. Podkreśla się przy tym, że przy ocenie, czy doszło do naruszenia dobra osobistego, którego ochrony domaga się osoba zgłaszająca żądanie należy brać pod uwagę całokształt okoliczności, a nie np. zwrot wyrwany z całej wypowiedzi. (tak Komentarz do Kodeksu Cywilnego. Księga pierwsza. Część Ogólna Stanisław Dmowski, Stanisław Rudnicki, uwagi do art. 23 k.c. Wydawnictwo LexisNexis, Warszawa 2007). Ocena czy doszło do naruszenia dobra osobistego danego podmiotu oparta jest na przesłankach subiektywnych i obiektywnych. Przepisy <xLexLink xArt="art. 23;art. 24" xIsapId="WDU19640160093" xTitle="Ustawa z dnia 23 kwietnia 1964 r. - Kodeks cywilny" xAddress="Dz. U. z 1964 r. Nr 16, poz. 93">art. 23 i 24 k.c.</xLexLink> w odniesieniu do ogólnej reguły dowodowej nakładają na powoda obowiązek wykazania, iż doszło do naruszenia jego dobra osobistego i wskazania jakie dobro zostało naruszone.</xText>
          <xText>Przepisy <xLexLink xArt="art. 23;art. 24" xIsapId="WDU19640160093" xTitle="Ustawa z dnia 23 kwietnia 1964 r. - Kodeks cywilny" xAddress="Dz. U. z 1964 r. Nr 16, poz. 93">art. 23 i 24 k.c.</xLexLink> konstruują domniemanie bezprawności działania. W tej sytuacji na pozwanym ciąży obowiązek udowodnienia, iż jego działanie nie było bezprawne. Jak wskazał Sąd Najwyższy w wyrok z 7 kwietnia 2009 roku (M.P.Pr. 2009/12/642) do powstania roszczeń określonych w <xLexLink xArt="art. 24" xIsapId="WDU19640160093" xTitle="Ustawa z dnia 23 kwietnia 1964 r. - Kodeks cywilny" xAddress="Dz. U. z 1964 r. Nr 16, poz. 93">art. 24 k.c.</xLexLink> nie jest wystarczająca sama bezprawność działania sprawcy. Niezbędny jest także skutek tego działania w postaci naruszenia jednego z dóbr osobistych, o których mowa w <xLexLink xArt="art. 23" xIsapId="WDU19640160093" xTitle="Ustawa z dnia 23 kwietnia 1964 r. - Kodeks cywilny" xAddress="Dz. U. z 1964 r. Nr 16, poz. 93">art. 23 k.c.</xLexLink></xText>
          <xText>Z treści <xLexLink xArt="art. 24;art. 24 § 1" xIsapId="WDU19640160093" xTitle="Ustawa z dnia 23 kwietnia 1964 r. - Kodeks cywilny" xAddress="Dz. U. z 1964 r. Nr 16, poz. 93">art. 24§1 k.c.</xLexLink> wynika jednoznacznie, iż ochrona dóbr osobistych przysługuje jedynie przed działaniem bezprawnym. Przesłanka bezprawności działania jest przesłanką konieczną do udzielenia ochrony o charakterze niemajątkowym. Przesłanka bezprawności działania jest ujmowana w <xLexLink xArt="" xIsapId="WDU19640160093" xTitle="Ustawa z dnia 23 kwietnia 1964 r. - Kodeks cywilny" xAddress="Dz. U. z 1964 r. Nr 16, poz. 93">kodeksie cywilnym</xLexLink> szeroko. Przyjmuje się mianowicie, że bezprawne jest każde działanie sprzeczne z normami prawnymi, a nawet z porządkiem prawnym oraz zasadami współżycia społecznego. W orzeczeniu z 19 października 1989 roku (II Cr 419/89 OSP 11-12/90, poz. 377) Sąd Najwyższy wskazał, iż za działania bezprawne uważa się każde działanie naruszająco dobro osobiste, jeśli nie zachodzi żadna ze szczególnych okoliczności usprawiedliwiających je. Sąd Najwyższy wskazał, iż do okoliczności wyłączających bezprawność naruszenia dóbr osobistych zalicza się: działanie w ramach porządku publicznego- tj. działanie dozwolone przez obowiązujące przepisy prawa, wykonywanie prawa podmiotowego, zgodę pokrzywdzonego, działanie w obronie uzasadnionego interesu społecznego.</xText>
          <xText>W ocenie Sądu Okręgowego powództwo nie zasługuje na uwzględnienie.</xText>
          <xText>Zebrany materiał dowodowy wskazuje, iż pozwana faktycznie naruszyła dobra osobiste powódki używając słów „pieprzona starucho”. Okoliczność powyższą przyznała sama pozwana. Niewątpliwie powyższe słowa naruszają cześć i godność powódki i w tym zakresie żądanie ochrony jest uzasadnione.</xText>
          <xText>Nie bez znaczenia jest fakt, iż to powódka sprowokowała całe zajście i to ona pierwsza użyła słów wulgarnych wobec pozwanej. Oczywiście wzajemne naruszanie dóbr osobistych pomiędzy stronami nie zwalnia żadnej z nich z odpowiedzialności za dokonane naruszenia. Jak wynika z wyroku Sądu Apelacyjnego w Krakowie z dnia 28 października 2010 roku (I ACa 908/10 LEX nr 743278) nie każda dolegliwość w postaci doznania przykrości stanowi o naruszeniu dóbr osobistych ale tylko taka, która wedle przeciętnych ocen przyjmowanych w społeczeństwie przekracza próg dozwolonych zachowań i nie jest małej wagi. Stopień doznawanej dolegliwości o ile przekracza dozwoloną skalę zachowań ma wpływ na zakres środków ochrony. Z założenia tego wynika, że nie może być miarodajny wyłącznie stan uczuć oraz miara indywidualnej wrażliwości powoda, lecz także kontekst społeczny, a zwłaszcza odbiór przypisywanych zachowań danym w środowisku. Powódka pierwotnie domagała się usunięcia skutków naruszenie jej dóbr osobistych poprzez zamieszczenie w gazecie przeprosin o wskazanej treści i zasądzenie wskazanej kwoty na cel społeczny. W toku postepowania zmieniła żądanie pozwu i wniosła o nakazanie pozwanej przeprosin o wskazanej treści na piśmie przesłanych na jej adres i podtrzymała żądanie zasądzenie kwoty 500 zł od pozwanej na wskazany cel społeczny. W ocenie Sądu żądane środki ochrony są zbyt daleko idące w stosunku do naruszenia dóbr osobistych. Do zdarzenia doszło na klatce schodowej. Świadkiem zdarzenia była jedna sąsiadka przechodząca w tym czasie do swojego mieszkania. Powódka sprowokowała całe zdarzenie i także naruszyła dobra osobiste pozwanej. W tej sytuacji w ocenie Sądu, żądanie zamieszczania przeprosin na piśmie oraz zasądzenie kwoty 500 zł na wskazany cel społeczny stanowi nadmierny rodzaj ochrony w stosunku do naruszonego dobra.</xText>
          <xText>W toku postepowania dwukrotnie na rozprawie pozwana przeprosiła powódkę za użyte wobec niej słowa. Zgodzić się należy z poglądem wyrażonym w wyroku Sądu Apelacyjnego w Krakowie z dnia 19 stycznia 2012 roku w sprawie I Aca 1273/11 w sytuacji, w której przed wydaniem wyroku ponoszący odpowiedzialność za naruszenie cudzych dóbr osobistych złoży oświadczenie o odpowiedniej treści i w odpowiedniej formie, zapewniającej usunięcie skutków naruszenia, roszczenie w tej części staje się bezzasadne (LEX nr 1107102).</xText>
          <xText>W ocenie Sądu rozpoznającego niniejszą sprawę dwukrotne przeprosiny jakie na rozprawie złożyła pozwana zapewnia usuniecie skutków prawnych naruszenia dóbr osobistych powódki. W tej sytuacji roszczenie powódki staje się bezzasadne.</xText>
          <xText>Mając powyższe okoliczności na uwadze Sąd oddalił powództwo <xAnon>M. K.</xAnon> i obciążył ją kosztami postepowania w sprawie na podstawie <xLexLink xArt="art. 98" xIsapId="WDU19640430296" xTitle="Ustawa z dnia 17 listopada 1964 r. - Kodeks postępowania cywilnego" xAddress="Dz. U. z 1964 r. Nr 43, poz. 296">art. 98 k.p.c.</xLexLink> Zgodnie z powyższym przepisem stronę przegrywająca sprawę obciążają koszty postepowania.</xText>
        </xUnit>
      </xBlock>
    </xPart>
  </judgement>
<judgement id="154505000005127_XVII_AmA_000001_2012_Uz_2013-12-09_001">
    <xPart xEditorFullName="Beata Sierpińska" xYear="2012" xLang="PL" xPublisherFullName="Beata Sierpińska" xFromPg="1" xEditor="bsierpinska" xVolType="15/450500/0005127/AmA" xPublisher="bsierpinska" xDocType="Uz" xVolNmbr="000001" xVersion="1.0" xToPage="1" xFlag="published">
      <xName>Wyrok</xName>
      <xBlock>
        <xText>Sygn. akt<xBx> XVII AmA 1/12</xBx></xText>
        <xUnit xType="part" xBold="true" xIsTitle="true">
          <xName>WYROK</xName>
          <xTitle>W IMIENIU RZECZYPOSPOLITEJ POLSKIEJ</xTitle>
          <xText xALIGNx="right">Dnia 9 grudnia 2013 r.</xText>
          <xText>Sąd Okręgowy w Warszawie XVII Wydział Sąd Ochrony Konkurencji i Konsumentów w składzie:</xText>
          <xRows>
            <xCOLGROUPx>
              <xCOLx xWIDTHx="167"/>
              <xCOLx xWIDTHx="431"/>
            </xCOLGROUPx>
            <xRow>
              <xClmn xVALIGNx="top" xALIGNx="left">
                <xText>Przewodniczący:</xText>
              </xClmn>
              <xClmn xVALIGNx="top" xALIGNx="left">
                <xText>
                  <xBx>SSO Dariusz Dąbrowski </xBx>
                </xText>
              </xClmn>
            </xRow>
            <xRow>
              <xClmn xVALIGNx="top" xALIGNx="left">
                <xText>Protokolant:</xText>
              </xClmn>
              <xClmn xVALIGNx="top" xALIGNx="left">
                <xText>stażysta Grzegorz Szpak</xText>
              </xClmn>
            </xRow>
          </xRows>
          <xText>po rozpoznaniu w dniu 9 grudnia 2013 r. w Warszawie</xText>
          <xText>na rozprawie</xText>
          <xText>sprawy z powództwa<xBx><xAnon>(...)</xAnon> Spółki Akcyjnej w <xAnon>K.</xAnon></xBx></xText>
          <xText>przeciwko <xBx> Prezesowi Urzędu Ochrony Konkurencji i Konsumentów </xBx></xText>
          <xText>
            <xBx>o nadużywanie pozycji dominującej </xBx>
          </xText>
          <xText>na skutek odwołania powoda od decyzji Prezesa Urzędu Ochrony Konkurencji i Konsumentów z dnia 14 listopada 2011 roku Nr <xAnon> (...)</xAnon></xText>
          <xText xALIGNx="center">
            <xBx>orzeka:</xBx>
          </xText>
          <xUnit xType="none" xIsTitle="false">
            <xName xSffx=".">I</xName>
            <xText>oddala odwołanie,</xText>
          </xUnit>
          <xUnit xType="none" xIsTitle="false">
            <xName xSffx=".">II</xName>
            <xText>zasądza od powoda <xAnon>(...)</xAnon> Spółki Akcyjnej w <xAnon>K.</xAnon> na rzecz pozwanego Prezesa Urzędu Ochrony Konkurencji i Konsumentów kwotę 360 zł (trzysta sześćdziesiąt złotych) tytułem kosztów zastępstwa procesowego</xText>
          </xUnit>
          
          <xText xALIGNx="center">SSO Dariusz Dąbrowski</xText>
        </xUnit>
      </xBlock>
    </xPart>
  </judgement>
<judgement id="155020150003006_VI_W_000281_2013_Uz_2013-12-09_001">
    <xPart xEditorFullName="Bogumiła Matras" xYear="2013" xLang="PL" xPublisherFullName="Bogumiła Matras" xFromPg="1" xEditor="bogumila.matras@swidnica.sr.gov.pl" xVolType="15/502015/0003006/W" xPublisher="bogumila.matras@swidnica.sr.gov.pl" xDocType="Uz" xVolNmbr="000281" xVersion="1.0" xToPage="6" xFlag="published">
      <xName>Wyrok+Uzasadnienie</xName>
      <xBlock>
        <xText>
          <xBx>Sygn. akt VI W 281/13</xBx>
        </xText>
        <xUnit xIsTitle="true" xBold="true" xType="part">
          <xName>WYROK</xName>
          <xTitle>W IMIENIU RZECZYPOSPOLITEJ POLSKIEJ</xTitle>
          <xText>Dnia 09 grudnia 2013 roku</xText>
          
          <xText>Sąd Rejonowy w Świdnicy VI Wydział Karny w składzie:</xText>
          
          <xText>Przewodniczący: SSR Justyna Gawin-Kwiatek</xText>
          <xText>Protokolant: Monika Pietrzak</xText>
          
          <xText>po rozpoznaniu w dniu 09.12.2013 r. sprawy o wykroczenie</xText>
          
          <xText><xBx><xIx><xAnon>B. N.</xAnon></xIx></xBx><xAnon>urodzonego (...)</xAnon> w <xAnon>Ś.</xAnon>, syna <xAnon>E.</xAnon> i <xAnon>T.</xAnon> z domu <xAnon>H.</xAnon></xText>
          
          <xText>obwinionego o to, że:</xText>
          <xText>w dniu 11 września 2012 roku około godziny 12:00 w <xAnon>Ś.</xAnon> na skrzyżowaniu <xAnon>ul. (...)</xAnon>, woj. <xAnon> (...)</xAnon> kierując autobusem marki JELCZ o <xAnon>nr rej. (...)</xAnon> przyczynił się do spowodowania zagrożenia bezpieczeństwa w ruchu drogowym w ten sposób, że nie zachował szczególnej ostrożności i nie udzielił pierwszeństwa zmieniając zajmowany pas ruchu pojazdowi marki <xAnon>N.</xAnon> o <xAnon>nr rej. (...)</xAnon>, kierowanemu przez <xAnon>H.</xAnon><xAnon>S.</xAnon> jadącemu po pasie ruchu na który zamierzał wjechać.</xText>
          <xText xALIGNx="center">
            <xBx>tj. wykroczenia z art. 86§1 kw </xBx>
          </xText>
          
          <xUnit xIsTitle="false" xType="none">
            <xName xSffx=".">I</xName>
            <xText>obwinionego <xIx><xAnon>B. N.</xAnon></xIx> uniewinnia od popełnienia zarzucanego mu czynu opisanego w części wstępnej wyroku tj. wykroczenia z art. 86 § 1 kw;</xText>
          </xUnit>
          
          <xUnit xIsTitle="false" xType="none">
            <xName xSffx=".">II</xName>
            <xText>zryczałtowane wydatki postępowania zalicza na rachunek Skarbu Państwa.</xText>
          </xUnit>
          
          <xText>
            <xBx>Sygn. akt VI W 281/13</xBx>
          </xText>
        </xUnit>
        <xUnit xIsTitle="true" xBold="true" xType="part">
          <xName>UZASADNIENIE</xName>
          <xText>
            <xBx>W toku przeprowadzonego na rozprawie postępowania dowodowego Sąd ustalił następujący stan faktyczny:</xBx>
          </xText>
          <xText>W dniu 11 września 2012 roku obwiniony <xAnon>B. N.</xAnon> około godziny 12<xSUPx>00</xSUPx> kierując autobusem <xAnon>marki J.</xAnon> nr 38 o <xAnon>numerze rejestracyjnym (...)</xAnon> jechał z <xAnon>ul. (...)</xAnon> w lewo, w kierunku <xAnon>W.</xAnon>, na <xAnon>ul. (...)</xAnon>, zajmując środkowy pas ruchu, tzw. „rozbiegowy”.</xText>
          <xText><xAnon>Ulica (...)</xAnon> ma trzy pasy ruchu. Jeden w kierunku centrum miasta, a dwa w kierunku <xAnon>W.</xAnon>. Prawy pas jest przeznaczony dla pojazdów jadących od centrum <xAnon>Ś.</xAnon> w kierunku <xAnon>W.</xAnon>, a środkowy pas jest przeznaczony dla pojazdów wyjeżdżających z <xAnon>ul. (...)</xAnon>, aby umożliwić kierującym bezpieczne wjechanie na pas ruchu dla pojazdów jadących w kierunku <xAnon>W.</xAnon>. Środkowy pas ruchu jest oddzielony od prawego linią krawędziową ciągłą, która w odległości ok. 20 m od wjazdu z <xAnon>ulicy (...)</xAnon> przechodzi w linię krawędziową przerywaną, a w odległości ok. 30 m od końca linii krawędziowej ciągłej, na środkowym pasie ruchu, rozpoczyna się powierzchnia jezdni wyłączona z ruchu, za którą znajduje się wysepka na przejściu dla pieszych. Na środkowym pasie ruchu znajduje się oznakowanie poziome w postaci strzałek naprowadzających, informujących kierujących jadących środkowym pasem ruchu o konieczności zmiany pasa na prawy.</xText>
          <xText>Za autobusem prowadzonym prze obwinionego poruszał się pojazd marki <xAnon>N.</xAnon> o <xAnon>nr rej. (...)</xAnon> kierowany przez <xAnon>H.</xAnon><xAnon>S.</xAnon>. Obwiniony upewnił się w lusterku prawym zewnętrznym, czy może wykonać manewr zmiany pasa ruchu i widząc całkowicie wolny prawy pas ruchu i rozpoczął manewr zmiany pasa. <xAnon>H. S.</xAnon> po upewnieniu się, że prawy pas jest wolny również rozpoczął manewr zmiany pasa ruchu, uznając jednak, że autobus porusza się zbyt wolno, rozpoczął manewr wyprzedzania tego pojazdu z jego prawej strony.</xText>
          <xText>Kiedy obwiniony był już częściowo na prawym pasie zauważył w lusterku na , że na tym pasie jest samochód <xAnon>N.</xAnon>. Obwiniony nie mógł podjąć reakcji w celu uniknięcia zderzenia pojazdów, bo miał zbyt mało czasu na działanie, a do tego nie mógł podjąć gwałtownych manewrów z uwagi na fakt, iż w autobusie znajdowali się pasażerowie, w tym również stojący. Doszło więc do otarcia się obu pojazdów na wysokości prawego tylnego nadkola autobusu oraz środkowej części lewego boku <xAnon>N.</xAnon>, oderwania się lewego lusterka <xAnon>N.</xAnon>, którego elementy znalazły się na jezdni przed pojazdem.</xText>
          <xText>Przybyli na miejsce zdarzenia funkcjonariusze policji obu kierowcom zaproponowali przyjęcie mandatów karnych uznając, że są współwinni w spowodowaniu kolizji. <xAnon>H. S.</xAnon> przyjął mandat karny.</xText>
          
          <xText>
            <xBx>Dowody:</xBx>
          </xText>
          <xText>- wyjaśnienia obwinionego <xAnon>B. N.</xAnon> – k. 28-29, 72 odw..-73, 209 odw..,</xText>
          <xText>- częściowo zeznania świadka <xAnon>H.</xAnon><xAnon>S.</xAnon> – k. 23-24, 73, 210-210 odw.</xText>
          <xText>- protokół oględzin pojazdu – k. 8-11,</xText>
          <xText>- protokół oględzin miejsca zdarzenia – k. 12-14,</xText>
          <xText>- fotografie – k. 15-20, 68-70,</xText>
          <xText>- opinia biegłego – k. 77-100, 118-118odw., 213-214,</xText>
          
          <xText>Obwiniony <xAnon>B. N.</xAnon> nie był w przeszłości karany sądownie, jest żonaty, posiada mieszkanie własnościowe, pracuje w MPK w <xAnon>Ś.</xAnon> na stanowisku kierowcy. Nie był leczony psychiatrycznie, odwykowo, ani neurologicznie.</xText>
          
          <xText>
            <xBx>Dowody: </xBx>
          </xText>
          <xText>- informacja o osobie z <xAnon>K.</xAnon> – k. 35,</xText>
          <xText>- dane osobo-poznawcze – k. 209.</xText>
          
          <xText>Obwiniony <xAnon>B. N.</xAnon> nie przyznał się do popełnienia zarzucanego mu wykroczenia i w toku czynności wyjaśniających wyjaśnił, że w dniu zdarzenia wyjechał <xAnon>autobusem nr (...)</xAnon> z <xAnon>ul. (...)</xAnon> w lewo, w kierunku <xAnon>W.</xAnon> na <xAnon>ul. (...)</xAnon>. Wykonując ten manewr ruchu obwiniony zajął środkowy pas ruchu. Jest to pas „rozbiegowy”, dlatego konieczna jest zmiana pasa na prawy celem jazdy w przód w kierunku <xAnon>W.</xAnon>. Obwiniony wskazał, że przed wykonaniem manewru upewnił się w lusterku prawym zewnętrznym, czy nie zajedzie komuś drogi, widział całkowicie wolny pas ruchu, a zatem rozpoczął manewr zmiany pasa ruchu z lewego na prawy. Będąc już częściowo na prawym pasie zauważył samochód marki <xAnon>N.</xAnon>, którego kierujący jadąc prawym pasem ruchu uderzył w lewy tył-bok autobusu. Jak wynika z relacji <xAnon>B. N.</xAnon> – nie wykonywał gwałtownych manewrów w postaci zmiany kierunku jazdy oraz hamowania z uwagi na fakt, że w autobusie stały osoby.</xText>
          <xText>Na rozprawie w dniu 22 stycznia 2013 roku obwiniony podał, że kiedy rozpoczął manewr zmiany pasa ruchu na prawy, to ten pas był całkowicie wolny, nie było tam <xAnon>N.</xAnon>. Kiedy spojrzał drugi raz w lusterko, to był już częściowo na prawym pasie ruchu, a <xAnon>N.</xAnon> był już cały na tym pasie. Podał, że w jednym czasie zobaczył <xAnon>N.</xAnon> i doszło do otarcia, to był krótki odcinek, to nastąpiło natychmiast. Obwiniony wskazał także, że na skutek zdarzenia urwana została guma nad błotnikiem i były przerysowania do tylnych drzwi. W momencie, kiedy doszło do kolizji, to obwiniony zaczął wyhamowywać spokojnie. Na ziemi leżało tylko lusterko samochodu osobowego.</xText>
          <xText>Przed Sądem ponownie rozpoznającym sprawę obwiniony nie przyznał się do popełnienia zarzucanego mu wykroczenia, podtrzymał swoje wyjaśnienia złożone dotychczas w sprawie, a nadto wyjaśnił, że kiedy zobaczył nissana, to był już częściowo na prawym pasie. Podkreślił, że autobus o 10 m długości i prawie 2,5 metra szerokości, był równolegle do pojazdu <xAnon>S.</xAnon>, przy czym to było pod lekkim ukosem do osi jezdni.</xText>
          
          <xText>
            <xBx>Dowód:</xBx>
          </xText>
          <xText>- wyjaśnienia obwinionego <xAnon>B. N.</xAnon> – k. 28-29, 72owd. .-73, 209 odw. .</xText>
          
          <xText xALIGNx="center">
            <xBx>Sąd zważył, ponad to co następuje:</xBx>
          </xText>
          
          <xText>W świetle przedstawionych dowodów nie sposób przyjąć, że obwiniony <xAnon>B. N.</xAnon> dopuścił się wykroczenia z art. 86§1 kw polegającego na tym, że w dniu 11 września 2012 roku około godziny 12<xSUPx>00</xSUPx> w <xAnon>Ś.</xAnon> na skrzyżowaniu <xAnon>ulic (...)</xAnon>, woj. <xAnon> (...)</xAnon>, kierując autobusem <xAnon>marki J.</xAnon> o <xAnon>nr rej. (...)</xAnon> przyczynił się do spowodowania zagrożenia bezpieczeństwa w ruchu drogowym w ten sposób, że nie zachował szczególnej ostrożności i nie udzielił pierwszeństwa, zmieniając zajmowany pas ruchu, pojazdowi marki <xAnon>N.</xAnon> o <xAnon>nr rej. (...)</xAnon> kierowanemu przez <xAnon>H.</xAnon><xAnon>S.</xAnon> jadącemu po pasie ruchu, na który zamierzał wjechać.</xText>
          <xText>Sąd nie miał powodów, by kwestionować wyjaśnienia <xAnon>B. N.</xAnon>, uznając je za wiarygodne źródło dowodowe. Są one spójne, logiczne, nie zawierają wewnętrznych sprzeczności. Obwiniony zarówno w toku czynności wyjaśniających, jak i na przeprowadzonej rozprawie konsekwentnie zaprzeczał swemu sprawstwu podając, że podejmując decyzję o zmianie pasa ruchu upewnił się, że prawy pas jest wolny. Kierowca <xAnon>N.</xAnon> zajął prawy pas po tym, jak autobus był już w fazie zmiany pasa ruchu. Obwiniony podkreślał przy tym, że nie mógł uniknąć zderzenia z pojazdem pokrzywdzonego, ponieważ nie mógł podejmować gwałtownych ruchów kierownicą, ani gwałtownie hamować, skoro w autobusie wiózł pasażerów, w tym również stojących, co niewątpliwie byłoby dla nich niebezpieczne.</xText>
          <xText>Kardynalne znaczenie dla rozstrzygnięcia w niniejszej sprawy miała opinia biegłego sądowego z zakresu rekonstrukcji wypadków drogowych <xAnon>J. N.</xAnon> wydana w dniu 10 lutego 2013 roku, a uzupełniona ustnie na rozprawie w dniu 28 marca 2013 roku, stanowiąca potwierdzenie wersji przedstawionej przez obwinionego, wykluczająca zarazem wersję podawaną przez oskarżyciela posiłkowego. Jednakże w związku ze wskazaniami Sądu Okręgowego, a tym samym w celu dążenia do ustalenia prawdy o zdarzeniu przestępnym, Sąd na rozprawie w dniu 6 listopada 2013 roku przeprowadził dowód z kolejnej ustnej opinii uzupełniającej.</xText>
          <xText>Opinię biegłego Sąd uznał za wiarygodną, rozbudowaną i jasną, nie budzącą zastrzeżeń natury formalnej, ani merytorycznej. Wątpliwości nie budzi również fachowość tejże opinii. Biegły kompetentnie i wyczerpująco ocenił dowody zgromadzone w sprawie, a jego wnioski w zakresie okoliczności wypadku korespondują ze sobą i wraz z pozostałym materiałem dowodowym tworzą logiczną i przekonującą całość, w sposób zupełny odnoszą się do zdarzenia będącego przedmiotem niniejszego postępowania – wobec czego wnioski opinii Sąd przyjął i uznał za własne.</xText>
          <xText>Sąd stwierdził, że w momencie, kiedy kierujący autobusem podejmował decyzję o zmianie pasa ruchu, to w tym czasie po prawym pasie ruchu nie jechały żadne pojazdy, a faktycznie obwiniony byłby wówczas zobowiązany ustąpić pierwszeństwa tym pojazdom. Obaj kierujący, a więc zarówno obwiniony, jak i oskarżyciel posiłkowy, wykonywali początkowo ten sam manewr: oba pojazdy zjeżdżały ze środkowego na prawy pas ruchu. Zmiana pasa ruchu nie powodowała na drodze stanu zagrożenia. Stan taki został wytworzony na drodze przez kierującego <xAnon>N.</xAnon> dopiero w czasie, kiedy rozpoczął on manewr wyprzedzania autobusu z prawej strony. Autobus w tym czasie poruszał się skośnie do osi jezdni w kierunku jej prawej krawędzi, przednie prawe koło było bliżej prawej krawędzi jezdni niż tylne bliźniacze Na podstawie opinii biegłego Sąd przyjął, że kierujący autobusem jako sytuację kolizyjną i stan zagrożenia mógł rozpoznać dopiero taki stan, kiedy <xAnon>N.</xAnon> znajdował się po prawej stronie i w obrysie autobusu. W czasie kiedy oba pojazdy zjeżdżały ze środkowego pasa na prawy to nawet to, że kierujący autobusem mógł widzieć <xAnon>N.</xAnon> w prawym lustrze wstecznym, nie powinno u niego powodować utarty zaufania do jadącego za nim <xAnon>N.</xAnon>. <xAnon>B. N.</xAnon> mógł dostrzec kierującego <xAnon>N.</xAnon>, gdy ten wyjechał za prawy zarys autobusu. Zatem jako stan zagrożenia kierujący autobusem powinien potraktować wjechanie kierującego <xAnon>N.</xAnon> na wysokość prawego bok autobusu. W tym momencie obwiniony mógł się zorientować, że <xAnon>N.</xAnon> nie zjeżdża na prawy pas tylko go wyprzedza. Sąd ustalił, że w takiej sytuacji po rozoraniu stanu zagrożenia, kierujący autobusem nie miał możliwości podjęcia takich działań, które nie dopuściłyby do zderzenia pojazdów, przede wszystkim dlatego, że autobus z pasażerami nie powinien wykonywać gwałtownych manewrów, a w tym przypadku reakcją obronną winien być gwałtowny skręt w lewo, czego kierowca autobusu nie mógł uczynić. Ponadto kierujący autobusem nie mógł uniknąć kolizji z uwagi na to, że rozpoznanie stanu zagrożenia nastąpiło bezpośrednio przed zderzeniem pojazdów, a w takiej sytuacji czas, jakim dysponował kierujący autobusem od chwili, kiedy dostrzegł ów stan zagrożenia, a więc wyprzedzającego go <xAnon>N.</xAnon>, do zderzenia obu pojazdów był zbyt krótki, aby fizycznie obwiniony mógł podjąć skuteczne działanie obronne i uniknąć zderzenia pojazdów. Powyższe Sąd przyjął kierując się treścią art. <xLexLink xArt="art. 5;art. 5 § 2" xIsapId="WDU19970890555" xTitle="Ustawa z dnia 6 czerwca 1997 r. - Kodeks postępowania karnego" xAddress="Dz. U. z 1997 r. Nr 89, poz. 555">art. 5 § 2 kpk</xLexLink> w zw. z <xLexLink xArt="art. 8" xIsapId="WDU20011061148" xTitle="Ustawa z dnia 24 sierpnia 2001 r. - Kodeks postępowania w sprawach o wykroczenia" xAddress="Dz. U. z 2001 r. Nr 106, poz. 1148">art. 8 kpw</xLexLink>, mając na uwadze, że na podstawie zgromadzonego materiału dowodowego nie można było ustalić precyzyjnie ile czasu na reakcje miał kierujący autobusem, a z opinii biegłego wynikało, że czas ten mógł być zbyt krótki na podjęcie manewrów obronnych.</xText>
          <xText>Przy ocenie waloru wiarygodności zeznań świadka <xAnon>H.</xAnon><xAnon>S.</xAnon> Sąd miał na uwadze to, że oskarżyciel posiłkowy zdarzenie relacjonuje tak samo, jak obwiniony <xAnon>B. N.</xAnon>, ale inaczej je ocenia, ocena ta w kontekście w biegłego <xAnon>J. N.</xAnon> nie może zostać podzielona.</xText>
          <xText>Z uwagi na przedstawione dowody nie sposób przyjąć, że obwiniony <xAnon>B. N.</xAnon> dopuścił się wykroczenia z <xLexLink xArt="art. 86;art. 86 § 1" xIsapId="WDU19970980602" xTitle="Ustawa z dnia 20 czerwca 1997 r. - Prawo o ruchu drogowym" xAddress="Dz. U. z 1997 r. Nr 98, poz. 602">art. 86§1</xLexLink> kw. Po przeprowadzeniu uzupełniającej opinii biegłego nie można obwinionemu było przypisać także popełnienia wykroczenia z <xLexLink xArt="art. 97" xIsapId="WDU19970980602" xTitle="Ustawa z dnia 20 czerwca 1997 r. - Prawo o ruchu drogowym" xAddress="Dz. U. z 1997 r. Nr 98, poz. 602">art. 97</xLexLink> kw w zw. z <xLexLink xArt="art. 22;art. 22 ust. 4" xIsapId="WDU19970980602" xTitle="Ustawa z dnia 20 czerwca 1997 r. - Prawo o ruchu drogowym" xAddress="Dz. U. z 1997 r. Nr 98, poz. 602">art. 22 ust. 4 Ustawy Prawo o ruchu drogowym</xLexLink>, który stanowi, iż kierujący pojazdem, zmieniając zajmowany pas ruchu, jest obowiązany ustąpić pierwszeństwa pojazdowi jadącemu po pasie ruchu, na który zamierza wjechać oraz pojazdowi wjeżdżającemu na ten pas z prawej strony. Należy bowiem podkreślić, że kiedy autobus znajdował się na środkowym pasie ruchu i rozpoczynał manewr zmiany pasa ruchu, to prawym pasem od centrum <xAnon>Ś.</xAnon> nie jechały żadne pojazdy. W konsekwencji obaj kierujący wykonywali początkowo ten sam manewr, oba pojazdy zjeżdżały ze środkowego na prawy pas ruchu. Nie można uznać zatem, iż oskarżyciel posiłkowy był kierowcą jadącym po prawym pasie ruchu wcześniej, skoro obaj mężczyźni manewr zmiany pasa ruchu rozpoczęli w tym samym czasie, a co oczywiste autobus z racji swoich gabarytów, wolniejszego poruszania się po jezdni, zrobił to znacznie wolniej niż kierujący pojazdem <xAnon>N.</xAnon>.</xText>
          <xText>W świetle zebranego materiału dowodowego Sąd nie znalazł podstaw do przypisania obwinionemu sprawstwa i winy w przedmiocie zarzucanego mu wykroczenia z art. 86§1 kw i tym samym uniewinnił go od jego popełnienia.</xText>
          <xText>O kosztach Sąd orzekł w punkcie II części dyspozytywnej wyroku zaliczając na rachunek Skarbu Państwa zryczałtowane wydatki postępowania.</xText>
        </xUnit>
      </xBlock>
    </xPart>
  </judgement>
<judgement id="152005000004506_IX_Ka_001523_2013_Uz_2013-12-10_001">
    <xPart xEditorFullName="Anna Bień Kopacz" xYear="2013" xLang="PL" xPublisherFullName="Barbara Pęczek" xFromPg="1" xEditor="AnnBie" xVolType="15/200500/0004506/Ka" xPublisher="BarPec" xDocType="Uz" xVolNmbr="001523" xVersion="1.0" xToPage="5" xFlag="published">
      <xName>Wyrok+Uzasadnienie</xName>
      <xBlock>
        <xText>Sygn. akt IX Ka 1523/13</xText>
        <xUnit xIsTitle="true" xType="part" xBold="true">
          <xName>WYROK</xName>
          <xTitle>W IMIENIU RZECZYPOSPOLITEJ POLSKIEJ</xTitle>
          <xText xALIGNx="center"> Dnia 10 grudnia 2013 roku</xText>
          <xText>Sąd Okręgowy w Kielcach IX Wydział Karny-Odwoławczy w składzie:</xText>
          
          <xText>
            <xBx>Przewodniczący: SSO Ewa Opozda-Kałka</xBx>
          </xText>
          <xText>
            <xBx> Sędziowie: SO Krzysztof Sajtyna</xBx>
          </xText>
          <xText>
            <xBx> SO Anna Szeliga (spr.)</xBx>
          </xText>
          <xText>
            <xBx>Protokolant: sekr. sądowy Anna Misztal</xBx>
          </xText>
          <xText>przy udziale Prokuratora Prokuratury Okręgowej w Kielcach Augustyna Pindziaka</xText>
          <xText>po rozpoznaniu w dniu 3 grudnia 2013 roku</xText>
          <xText>sprawy <xBx><xAnon>R. D.</xAnon></xBx></xText>
          <xText>oskarżonego o przestępstwo z <xLexLink xArt="art. 178 a;art. 178 a § 1" xIsapId="WDU19970880553" xTitle="Ustawa z dnia 6 czerwca 1997 r. - Kodeks karny" xAddress="Dz. U. z 1997 r. Nr 88, poz. 553">art. 178 a § 1 kk</xLexLink></xText>
          <xText>na skutek apelacji wniesionej przez obrońcę oskarżonego</xText>
          <xText>od wyroku Sądu Rejonowego w Jędrzejowie</xText>
          <xText>z dnia 26 czerwca 2013 roku sygn. akt II K 42/13</xText>
          <xUnit xIsTitle="false" xType="none">
            <xName xSffx=".">I</xName>
            <xText>zmienia zaskarżony wyrok w ten sposób, że:</xText>
            <xUnit xIsTitle="false" xType="none">
              <xName xSffx=".">1</xName>
              <xText>ustala, że oskarżony <xAnon>R. D.</xAnon> w dniu 12 listopada 2012 r. w miejscowości <xAnon>P.</xAnon> gminy <xAnon>S.</xAnon> województwa <xAnon> (...)</xAnon> usiłował kierować samochodem osobowym marki <xAnon>A. (...)</xAnon> o <xAnon>numerze rejestracyjnym (...)</xAnon> w ruchu lądowym znajdując się w stanie nietrzeźwości – 1,20 mg / l alkoholu w wydychanym powietrzu, ale zamierzonego celu nie osiągnął z powodu skutecznej interwencji funkcjonariuszy policji, a czyn ten kwalifikuje jako przestępstwo z <xLexLink xArt="art. 13;art. 13 § 1" xIsapId="WDU19970880553" xTitle="Ustawa z dnia 6 czerwca 1997 r. - Kodeks karny" xAddress="Dz. U. z 1997 r. Nr 88, poz. 553">art. 13 § 1 kk</xLexLink> w zw. z <xLexLink xArt="art. 178 a;art. 178 a § 1" xIsapId="WDU19970880553" xTitle="Ustawa z dnia 6 czerwca 1997 r. - Kodeks karny" xAddress="Dz. U. z 1997 r. Nr 88, poz. 553">art. 178 a § 1 kk</xLexLink> a za postawę wymiaru kary wskazuje przepis <xLexLink xArt="art. 14;art. 14 § 1" xIsapId="WDU19970880553" xTitle="Ustawa z dnia 6 czerwca 1997 r. - Kodeks karny" xAddress="Dz. U. z 1997 r. Nr 88, poz. 553">art. 14 § 1 kk</xLexLink> w zw. z <xLexLink xArt="art. 178 a;art. 178 a § 1" xIsapId="WDU19970880553" xTitle="Ustawa z dnia 6 czerwca 1997 r. - Kodeks karny" xAddress="Dz. U. z 1997 r. Nr 88, poz. 553">art. 178 a § 1 kk</xLexLink>;</xText>
            </xUnit>
            <xUnit xIsTitle="false" xType="none">
              <xName xSffx=".">2</xName>
              <xText>orzeczony w punkcie 2 środek karny w postaci zakazu prowadzenia wszelkich pojazdów mechanicznych w ruchu lądowym łagodzi do 1 (jednego) roku;</xText>
            </xUnit>
          </xUnit>
          <xUnit xIsTitle="false" xType="none">
            <xName xSffx=".">II</xName>
            <xText>w pozostałej części zaskarżony wyrok utrzymuje w mocy;</xText>
          </xUnit>
          <xUnit xIsTitle="false" xType="none">
            <xName xSffx=".">III</xName>
            <xText>zwalnia oskarżonego od ponoszenia kosztów sądowych za postępowanie odwoławcze.</xText>
          </xUnit>
          
          <xText>Sygn. akt IXKa 1523)13</xText>
        </xUnit>
        <xUnit xIsTitle="true" xType="part" xBold="true">
          <xName>UZASADNIENIE</xName>
          <xText>Sąd Rejonowy w Jędrzejowie wyrokiem z dnia 26 czerwca 2013r. uznał oskarżonego <xAnon>R. D.</xAnon> za winnego tego, że w dniu 12 listopada 2012r. w miejscowości <xAnon>P.</xAnon> gm. <xAnon>S.</xAnon> woj. <xAnon> (...)</xAnon> kierował samochodem osobowym marki <xAnon>A. (...)</xAnon> o <xAnon>nr rej. (...)</xAnon> w ruchu lądowym znajdując się w stanie nietrzeźwości – 1.20 mg/l alkoholu w wydychanym powietrzu i za to na podstawie <xLexLink xArt="art. 178 a;art. 178 a § 1" xIsapId="WDU19970880553" xTitle="Ustawa z dnia 6 czerwca 1997 r. - Kodeks karny" xAddress="Dz. U. z 1997 r. Nr 88, poz. 553">art. 178a§1kk</xLexLink> w zw. z <xLexLink xArt="art. 33" xIsapId="WDU19970880553" xTitle="Ustawa z dnia 6 czerwca 1997 r. - Kodeks karny" xAddress="Dz. U. z 1997 r. Nr 88, poz. 553">art. 33</xLexLink>§1i3kk wymierzył mu kare grzywny w wysokości 60 stawek dziennych , przyjmując wysokość jednej stawki dziennej za równoważną kwocie 20 zł . Na podstawie <xLexLink xArt="art. 42;art. 42 § 2" xIsapId="WDU19970880553" xTitle="Ustawa z dnia 6 czerwca 1997 r. - Kodeks karny" xAddress="Dz. U. z 1997 r. Nr 88, poz. 553">art. 42§2kk</xLexLink> w zw. z <xLexLink xArt="art. 43;art. 43 § 1" xIsapId="WDU19970880553" xTitle="Ustawa z dnia 6 czerwca 1997 r. - Kodeks karny" xAddress="Dz. U. z 1997 r. Nr 88, poz. 553">art. 43§1kk</xLexLink> orzekł wobec oskarżonego zakaz prowadzenia wszelkich pojazdów mechanicznych w ruchu lądowym na okres 2 lat. Na podstawie <xLexLink xArt="art. 63;art. 63 § 2" xIsapId="WDU19970880553" xTitle="Ustawa z dnia 6 czerwca 1997 r. - Kodeks karny" xAddress="Dz. U. z 1997 r. Nr 88, poz. 553">art. 63§2kk</xLexLink> zaliczył oskarżonemu na poczet orzeczonego środka karnego zakazu prowadzenia pojazdów okres rzeczywistego zatrzymania prawa jazdy od dnia 12 listopada 2012r. . Na podstawie <xLexLink xArt="art. 49;art. 49 § 2" xIsapId="WDU19970880553" xTitle="Ustawa z dnia 6 czerwca 1997 r. - Kodeks karny" xAddress="Dz. U. z 1997 r. Nr 88, poz. 553">art. 49§2kk</xLexLink> orzekł od oskarżonego na rzecz Funduszu Pomocy Pokrzywdzonym oraz Pomocy Postpenitencjarnej świadczenie pieniężne w kwocie 200 zł. Na podstawie <xLexLink xArt="art. 627" xIsapId="WDU19970890555" xTitle="Ustawa z dnia 6 czerwca 1997 r. - Kodeks postępowania karnego" xAddress="Dz. U. z 1997 r. Nr 89, poz. 555">art. 627kpk</xLexLink> i <xLexLink xArt="art. 3;art. 3 ust. 1" xIsapId="WDU19730270152" xTitle="Ustawa z dnia 23 czerwca 1973 r. o opłatach w sprawach karnych" xAddress="Dz. U. z 1973 r. Nr 27, poz. 152">art. 3 ust. 1 ustawy z dn. 23.06.1973r. o opłatach w sprawach karnych</xLexLink> zasądził od oskarżonego na rzecz Skarbu Państwa koszty sądowe obejmujące wydatki w kwocie 301,97 zł i opłatę w kwocie 120 zł .</xText>
          <xText>Apelacje od tego wyroku wniósł obrońca oskarżonego, który zaskarżył wyrok w całości i zarzucił rozstrzygnięciu : mogącą mieć wpływ na treść orzeczenia obrazę przepisów postępowania , a mianowicie <xLexLink xArt="art. 4;art. 5;art. 7;art. 424" xIsapId="WDU19970890555" xTitle="Ustawa z dnia 6 czerwca 1997 r. - Kodeks postępowania karnego" xAddress="Dz. U. z 1997 r. Nr 89, poz. 555">art. 4,5,7 i 424kpk</xLexLink> polegającą na fragmentarycznej , jednostronnej analizie i dowolnej ocenie dowodów , rozstrzygnięcia wątpliwości na niekorzyść oskarżonego , oparciu przekonania o winie oskarżonego na podstawie przypuszczeń , co skutkowało błędnym ustaleniem , że materiał dowodowy ujawniony w sprawie stanowił dostateczną podstawę do przyjęcia , że oskarżony dopuścił się zarzucanego mu przestępstwa, bez należytego uzasadnienia takiego stanowiska .</xText>
          <xText>W konkluzji skarżący wniósł o zmianę zaskarżonego wyroku przez uniewinnienie oskarżonego od popełnienia zarzucanego mu przestępstwa , albo o uchylenie zaskarżonego wyroku i przekazanie sprawy Sądowi Rejonowemu do ponownego rozpoznania .</xText>
          
          <xText xALIGNx="center">
            <xBx>Sąd Okręgowy zważył co następuje :</xBx>
          </xText>
          
          <xText>Apelacja obrońcy oskarżonego <xAnon>R. D.</xAnon> częściowo zasługiwała na uwzględnienie , co w konsekwencji doprowadziło do zmiany zaskarżonego wyroku .</xText>
          <xText>Analiza akt sprawy niniejszej w szczególności przeprowadzonych dowodów i okoliczności z nich wynikających , prowadzi do wniosku , że zasadne są podnoszone w apelacji obrońcy oskarżonego zarzuty dotyczące błędnej oceny przeprowadzonych w sprawie dowodów , które to , jak słusznie wskazał obrońca , doprowadziły do nietrafnych ustaleń faktycznych i przypisania oskarżonemu popełnienia czynu z <xLexLink xArt="art. 178 a;art. 178 a § 1" xIsapId="WDU19970880553" xTitle="Ustawa z dnia 6 czerwca 1997 r. - Kodeks karny" xAddress="Dz. U. z 1997 r. Nr 88, poz. 553">art. 178a§1kk</xLexLink> .</xText>
          <xText>Przede wszystkim przypomnieć należy, że zgodnie z utrwalonym w tym zakresie stanowiskiem orzecznictwa istota przestępstwa określonego w <xLexLink xArt="art. 178 a;art. 178 a § 1" xIsapId="WDU19970880553" xTitle="Ustawa z dnia 6 czerwca 1997 r. - Kodeks karny" xAddress="Dz. U. z 1997 r. Nr 88, poz. 553">art. 178a§1 k.k.</xLexLink> polega na prowadzeniu , czyli kierowaniu pojazdem mechanicznym na drodze każdego rodzaju w stanie nietrzeźwości tj. zagrażającym bezpieczeństwu w komunikacji. Przestępstwo to jest dokonane w momencie uruchomienia pojazdu i podjęcia jazdy. Przez prowadzenie pojazdu należy rozumieć wprawienie go w ruch, kierowanie nim, nadawanie prędkości i hamowanie w sposób zgodny z konstrukcją pojazdu. Uwzględniając treść przeprowadzonych w niniejszej sprawie dowodów ,  stwierdzić należy, iż prawidłowa ich ocena nie dała podstaw do przypisania oskarżonemu popełnienia tego czynu w formie dokonanej, tj. uznania iż <xAnon>R. D.</xAnon> w dniu 12.11.2012r. prowadził samochód marki <xAnon>A.</xAnon> . Zauważyć bowiem należy, że ze spójnych i wzajemnie korespondujących ze sobą zeznań świadków <xAnon>R. J.</xAnon> i <xAnon>W. R.</xAnon> wynika , że zauważyli stojący na poboczu drogi samochód oskarżonego , podeszli do niego ,wskazali , że silnik pojazdu był włączony, zaś za kierownicą siedział <xAnon>R. D.</xAnon> . Wyczuli od niego woń alkoholu i próbując nie dopuścić do tego, by w takim stanie oskarżony jechał pojazdem zaproponowali , że go podwiozą do domu . W czasie tej rozmowy pojazd oskarżonego zaczął toczyć się do tyłu , świadkowie próbowali zapobiec temu , a <xAnon>R. J.</xAnon> przytrzymywał auto od strony bagażnika . W tym czasie podjechał patrol , funkcjonariusz <xAnon>K. A.</xAnon> polecił <xAnon>R. D.</xAnon> wyłączyć silnik, zaciągnąć ręczny hamulec i wysiąść z pojazdu . Przedstawiany przez świadków opis został potwierdzony przez <xAnon>K. A.</xAnon>, który również wskazał , iż w momencie podjęcia interwencji zauważył , że pojazd oskarżonego toczył się , silnik był w nim zapalony, a oskarżony siedział za kierownicą , zaś dwóch mężczyzn przytrzymywało pojazd od strony bagażnika , próbując zatrzymać toczący się samochód. Z wyżej przedstawionych dowodów wynika zatem , że ruch pojazdu w którym znajdował się <xAnon>R. D.</xAnon> nie był „ prowadzeniem pojazdu „ w rozumieniu <xLexLink xArt="art. 178 a;art. 178 a § 1" xIsapId="WDU19970880553" xTitle="Ustawa z dnia 6 czerwca 1997 r. - Kodeks karny" xAddress="Dz. U. z 1997 r. Nr 88, poz. 553">art. 178a§1kk</xLexLink>, ale wynikał z ukształtowania terenu na którym znajdował się pojazd oskarżonego. Jak już wyżej wskazano przez prowadzenie pojazdu należy rozumieć wprawienie go w ruch, tj. nadawanie prędkości i hamowanie w sposób zgodny z konstrukcją pojazdu. Ruch pojazdu do tyłu jest sygnalizowany odpowiednimi światłami , skoro zaś interweniujący na miejscu zdarzenia funkcjonariusz policji sygnałów świetlnych świadczących o podjęciu przez oskarżonego takiego manewru nie zaobserwował, a ruch pojazdu opisał jako toczenie się , to nie ma podstaw do przyjęcia , że oskarżony auto wprawił w ruch , tak jak to ustalił Sąd Rejonowy .</xText>
          <xText>Nie ulega natomiast najmniejszej wątpliwości , że zebrany w sprawie materiał dowodowy uzasadnia przyjęcie, że <xAnon>R. D.</xAnon> usiłował kierować swoim pojazdem w stanie nietrzeźwości, jednak z powodu skutecznej interwencji funkcjonariuszy policji , w tym przede wszystkim <xAnon>K. A.</xAnon> , celu tego nie osiągnął . Z niekwestionowanego materiału dowodowego , a przede wszystkim ze spójnych zeznań wyżej wskazanych świadków wynika, że oskarżony siedział za kierownicą pojazdy, który miał uruchomiony silnik . Nie zasługują na wiarę wyjaśnienia <xAnon>R. D.</xAnon> , co słusznie podkreślił w pisemnym uzasadnieniu zaskarżonego wyroku Sąd Rejonowy , z których wynika, że włączył silnik w pojeździe , ponieważ chciał się ogrzać i w tym czasie oczekiwał na córkę . Powyższe relacje pozostają w sprzeczności z przeprowadzonym dowodem w postaci bilingu połączeń telefonu należącego do oskarżonego, z którego to wynika, iż w dniu 12.11.2012r. w godzinach między 15.00 a 21.00 połączeń z numerem należącym do córki <xAnon>R. D.</xAnon> nie było. Jak słusznie wskazał Sąd Rejonowy powyższego nie potwierdza również fakt, iż tego dnia o godzinie 14.24 dzwonił do zięcia , o ile bowiem fakt wykonania takiego połączenia jest niewątpliwy , o tyle nie można przyjąć, iż oskarżony prosił wówczas o holowanie swego pojazdu , bowiem jak sam wskazał w swoich wyjaśnieniach problem z uruchomieniem pojazdu pojawił się w czasie kiedy rozpoczął picie alkoholu ze <xAnon>Z. S.</xAnon> tj. ok. godziny 16.00 . W tej sytuacji zatem uznać należy, iż <xAnon>R. D.</xAnon> miał zamiar prowadzenia pojazdu w stanie nietrzeźwości , o czym świadczy to, że uruchomił silnik pojazdu, jednakże na skutek interwencji funkcjonariuszy policji , celu tego nie osiągnął , a zatem swoim zachowaniem wyczerpał znamiona <xLexLink xArt="art. 13;art. 13 § 1" xIsapId="WDU19970880553" xTitle="Ustawa z dnia 6 czerwca 1997 r. - Kodeks karny" xAddress="Dz. U. z 1997 r. Nr 88, poz. 553">art. 13§1kk</xLexLink> w zw. z <xLexLink xArt="art. 178 a;art. 178 a § 1" xIsapId="WDU19970880553" xTitle="Ustawa z dnia 6 czerwca 1997 r. - Kodeks karny" xAddress="Dz. U. z 1997 r. Nr 88, poz. 553">art. 178a§1kk</xLexLink>.</xText>
          <xText>Konsekwencją zmiany kwalifikacji prawnej czynu była zmiana podstawy prawnej wymiaru kary tj. <xLexLink xArt="art. 14;art. 14 § 1" xIsapId="WDU19970880553" xTitle="Ustawa z dnia 6 czerwca 1997 r. - Kodeks karny" xAddress="Dz. U. z 1997 r. Nr 88, poz. 553">art14§1kk</xLexLink> w zw. z <xLexLink xArt="art. 178 a;art. 178 a § 1" xIsapId="WDU19970880553" xTitle="Ustawa z dnia 6 czerwca 1997 r. - Kodeks karny" xAddress="Dz. U. z 1997 r. Nr 88, poz. 553">art. 178a§1kk</xLexLink>. Zgodnie z <xLexLink xArt="art. 14;art. 14 § 1" xIsapId="WDU19970880553" xTitle="Ustawa z dnia 6 czerwca 1997 r. - Kodeks karny" xAddress="Dz. U. z 1997 r. Nr 88, poz. 553">art. 14§1kk</xLexLink> sąd wymierza karę za usiłowanie w granicach zagrożenia przewidzianego dla danego przestępstwa . Kara grzywny wymierzona przez Sąd Rejonowy jest karą adekwatną do stopnia winy i społecznej szkodliwości czynu oskarżonego . Przy jej wymiarze należycie uwzględniono stopień zagrożenia jakie oskarżony stwarzał dla innych uczestników ruchu drogowego wynikający ze stopnia nietrzeźwości , a także okoliczności łagodzące jak dotychczasową niekaralność i ustabilizowany tryb życia<xAnon>R. D.</xAnon>.</xText>
          <xText>Biorąc jednak pod uwagę to , iż w istocie do prowadzenia pojazdu przez znajdującego się w stanie nietrzeźwości oskarżonego nie doszło na skutek interwencji policji , należało złagodzić wymiar orzeczonego środka karnego w postaci zakazu prowadzenia wszelkich pojazdów mechanicznych do 1 roku . Orzeczenie tego środka karnego jest obligatoryjne , a wyeliminowanie <xAnon>R. D.</xAnon> z ruchu drogowego pozwoli mu zrozumienie wagi naruszonych obowiązków .</xText>
          <xText>Uwzględniając wyżej wskazane argumenty Sąd Okręgowy orzekł na podstawie <xLexLink xArt="art. 437;art. 437 § 1" xIsapId="WDU19970890555" xTitle="Ustawa z dnia 6 czerwca 1997 r. - Kodeks postępowania karnego" xAddress="Dz. U. z 1997 r. Nr 89, poz. 555">art. 437§1kpk</xLexLink> .</xText>
          <xText>Na podstawie <xLexLink xArt="art. 624;art. 624 § 1" xIsapId="WDU19970890555" xTitle="Ustawa z dnia 6 czerwca 1997 r. - Kodeks postępowania karnego" xAddress="Dz. U. z 1997 r. Nr 89, poz. 555">art. 624§1kpk</xLexLink> zwolniono <xAnon>R. D.</xAnon> od kosztów sądowych za postepowanie odwoławcze , bowiem jedynym jego dochodem jest renta w wysokości 750 zł , na utrzymaniu posiada żonę oraz dziecko , co uwzględniając wysokość kary grzywny i świadczenia pieniężnego , powoduje, że ich uiszczenie byłoby dla oskarżonego zbyt uciążliwe.</xText>
          
          <xText>SSO Krzysztof Sajtyna SSO Ewa Opozda – Kałka SSO Anna Szeliga</xText>
        </xUnit>
      </xBlock>
    </xPart>
  </judgement>
<judgement id="152000000001006_II_AKa_000241_2013_Uz_2013-12-10_001">
    <xPart xEditorFullName="Iwona        Goślińska                     " xYear="2013" xLang="PL" xPublisherFullName="Anna Sikora" xFromPg="1" xEditor="i_goslinska" xVolType="15/200000/0001006/AKa" xPublisher="a_sikora" xDocType="Uz" xVolNmbr="000241" xVersion="1.0" xToPage="2" xFlag="published">
      <xName>Wyrok+Uzasadnienie</xName>
      <xBlock>
        <xText>Sygn. akt II AKa 241/13</xText>
        
        <xUnit xIsTitle="true" xBold="true" xType="part">
          <xName>WYROK</xName>
          <xTitle>W IMIENIU RZECZYPOSPOLITEJ POLSKIEJ</xTitle>
          <xText xALIGNx="right">Dnia 10 grudnia 2013 roku</xText>
          <xText>Sąd Apelacyjny w Krakowie w II Wydziale Karnym w składzie:</xText>
          <xRows>
            <xCOLGROUPx>
              <xCOLx xWIDTHx="167"/>
              <xCOLx xWIDTHx="389"/>
            </xCOLGROUPx>
            <xRow>
              <xClmn xALIGNx="left" xVALIGNx="top">
                <xText>Przewodniczący:</xText>
              </xClmn>
              <xClmn xALIGNx="left" xVALIGNx="top">
                <xText>SSA Tomasz Duski (spr.)</xText>
              </xClmn>
            </xRow>
            <xRow>
              <xClmn xALIGNx="left" xVALIGNx="top">
                <xText>Sędziowie:</xText>
              </xClmn>
              <xClmn xALIGNx="left" xVALIGNx="top">
                <xText>SSA Marek Długosz</xText>
                <xText>SSA Lucyna Juszczyk</xText>
              </xClmn>
            </xRow>
            <xRow>
              <xClmn xALIGNx="left" xVALIGNx="top">
                <xText>Protokolant:</xText>
              </xClmn>
              <xClmn xALIGNx="left" xVALIGNx="top">
                <xText>st. sekr. sądowy Barbara Bolek</xText>
              </xClmn>
            </xRow>
          </xRows>
          <xText>przy udziale Prokuratora Prokuratury Apelacyjnej Marka Woźniaka</xText>
          <xText>po rozpoznaniu w dniu 10 grudnia 2013 roku w sprawie</xText>
          <xText xALIGNx="center">
            <xAnon>E. S.</xAnon>
          </xText>
          <xText>oskarżonego z <xLexLink xArt="art. 148;art. 148 § 1" xIsapId="WDU19970880553" xTitle="Ustawa z dnia 6 czerwca 1997 r. - Kodeks karny" xAddress="Dz. U. z 1997 r. Nr 88, poz. 553">art.148 § 1 kk</xLexLink> w zw. z <xLexLink xArt="art. 31;art. 31 § 2" xIsapId="WDU19970880553" xTitle="Ustawa z dnia 6 czerwca 1997 r. - Kodeks karny" xAddress="Dz. U. z 1997 r. Nr 88, poz. 553">art.31 § 2 kk</xLexLink></xText>
          <xText>apelacji wniesionej przez obrońcę oskarżonego</xText>
          <xText>od wyroku Sądu Okręgowego w Kielcach z dnia 9 września 2013 roku sygn. akt III K 40/13</xText>
          <xText>I. utrzymuje w mocy zaskarżony wyrok;</xText>
          <xText>II. zwalnia oskarżonego od uiszczenia kosztów sądowych za postępowanie odwoławcze;</xText>
          <xText>III. zasądza od oskarżonego na rzecz <xAnon>M. M. (1)</xAnon> i <xAnon>H. M.</xAnon> po 600 (sześćset) złotych tytułem zwrotu poniesionych kosztów zastępstwa adwokackiego w postępowaniu odwoławczym;</xText>
          <xText>IV. zasądza od Skarbu Państwa na rzecz adw. <xAnon>T. B.</xAnon> 738 (siedemset trzydzieści osiem) złotych w tym podatek VAT tytułem wynagrodzenia za obronę z urzędu w postępowaniu odwoławczym.</xText>
          
          <xText>sygn. akt II Aka 241/13</xText>
        </xUnit>
        <xUnit xIsTitle="true" xBold="true" xType="part">
          <xName>UZASADNIENIE</xName>
          <xText><xAnon>E. S.</xAnon> został oskarżony o to, że w dniu 21 grudnia 2012 roku w <xAnon>K.</xAnon>, woj. <xAnon> (...)</xAnon>, mając zachowaną zdolność do rozpoznania znaczenia czynu, przy ograniczonej w stopniu znacznym zdolności do pokierowania swoim postępowaniem, działając w zamiarze bezpośrednim pozbawienia życia, poprzez ściskanie rękoma za szyję <xAnon>M. M. (2)</xAnon>, spowodował u niej obrażenia ciała w postaci: podbiegnięcia i otarcia skóry okolicy szyi, bródki i podżuchwowo, podbiegnięcia tkanki podskórnej i mięśni szyi, podbiegnięcia korzenia i koniuszka języka, tkanek wiotkich krtani, torebki tarczycy, wybroczyn w błonie śluzowej okolicy nagłośni i krtani oraz podpłucnowo, niewielkiej rozedmy płuc, przekrwienia narządów wewnętrznych i płynnej krwi w jamach serca, skutkujące ostrym uduszeniem w mechanizmie zagardlenia i powodujące zgon na miejscu zdarzenia, tj. o przestępstwo z <xLexLink xArt="art. 148;art. 148 § 1" xIsapId="WDU19970880553" xTitle="Ustawa z dnia 6 czerwca 1997 r. - Kodeks karny" xAddress="Dz. U. z 1997 r. Nr 88, poz. 553">art. 148 § 1 kk</xLexLink> w zw. z <xLexLink xArt="art. 31;art. 31 § 2" xIsapId="WDU19970880553" xTitle="Ustawa z dnia 6 czerwca 1997 r. - Kodeks karny" xAddress="Dz. U. z 1997 r. Nr 88, poz. 553">art. 31 § 2 kk</xLexLink></xText>
          <xText>Wyrokiem z dnia 9 września 2013 roku, sygn. akt III K 40/13, Sąd Okręgowy w Kielcach oskarżonego <xAnon>E. S.</xAnon> uznał za winnego popełnienia zarzucanego mu w akcie oskarżenia czynu, stanowiącego przestępstwo z <xLexLink xArt="art. 148;art. 148 § 1" xIsapId="WDU19970880553" xTitle="Ustawa z dnia 6 czerwca 1997 r. - Kodeks karny" xAddress="Dz. U. z 1997 r. Nr 88, poz. 553">art. 148 § 1 kk</xLexLink> w zw. z <xLexLink xArt="art. 31;art. 31 § 2" xIsapId="WDU19970880553" xTitle="Ustawa z dnia 6 czerwca 1997 r. - Kodeks karny" xAddress="Dz. U. z 1997 r. Nr 88, poz. 553">art. 31 § 2 kk</xLexLink> i na podstawie tych przepisów, przyjmując za podstawę wymiaru kary przepis <xLexLink xArt="art. 148;art. 148 § 1" xIsapId="WDU19970880553" xTitle="Ustawa z dnia 6 czerwca 1997 r. - Kodeks karny" xAddress="Dz. U. z 1997 r. Nr 88, poz. 553">art. 148 § 1 kk</xLexLink> skazał oskarżonego <xAnon>E. S.</xAnon> na karę 10 lat pozbawienia wolności, a na podstawie <xLexLink xArt="art. 63;art. 63 § 1" xIsapId="WDU19970880553" xTitle="Ustawa z dnia 6 czerwca 1997 r. - Kodeks karny" xAddress="Dz. U. z 1997 r. Nr 88, poz. 553">art. 63 § 1 kk</xLexLink> zaliczył mu na poczet orzeczonej kary pozbawienia wolności okres jego tymczasowego aresztowania w sprawie od dnia 22 grudnia 2012 roku.</xText>
          <xText>Ponadto zasądził od oskarżonego <xAnon>E. S.</xAnon> na rzecz <xAnon>M. M. (1)</xAnon> i <xAnon>H. M.</xAnon> kwotę 1260 złotych tytułem zwrotu kosztów zastępstwa adwokackiego, zwolnił oskarżonego <xAnon>E. S.</xAnon> od zapłaty na rzecz Skarbu Państwa kosztów sądowych, zasądził od Skarbu Państwa na rzecz adwokata <xAnon>T. B.</xAnon> 1549,89 zł tytułem wynagrodzenia za obronę z urzędu.</xText>
          <xText>Powyższy wyrok zaskarżył w części dotyczącej kary obrońca oskarżonego <xAnon>E. S.</xAnon>, zarzucając na podstawie <xLexLink xArt="art. 438;art. 438 pkt. 4" xIsapId="WDU19970890555" xTitle="Ustawa z dnia 6 czerwca 1997 r. - Kodeks postępowania karnego" xAddress="Dz. U. z 1997 r. Nr 89, poz. 555">art. 438 pkt 4 kpk</xLexLink>:</xText>
          <xText>- rażącą niewspółmierność (surowość) kary, która polega na wymierzeniu oskarżonemu <xAnon>E. S.</xAnon> 10 lat pozbawienia wolności podczas gdy w realiach przedmiotowej sprawy wymierzenie kary w takiej wysokości nie znajduje racjonalnego uzasadnienia – i wniósł o zmianę zaskarżonej części wyroku poprzez wymierzenie oskarżonemu kary pozbawienia wolności w dolnej granicy ustawowego zagrożenia karą.</xText>
          <xText>W uzasadnieniu apelacji obrońca wskazał, że Sąd I instancji w sposób niewystarczający rozpatrzył okoliczności łagodzące po stronie oskarżonego. Skarżący podniósł, że oskarżony nie był wcześniej karany, nigdy nie leczył się psychiatrycznie ani odwykowo, miał ograniczoną w stopniu znacznym zdolność pokierowania swoim postępowaniem a ponadto sam zgłosił się w ręce policji, złożył szczere i obszerne wyjaśnienia oraz wyraził skruchę, przeprosił za swoje naganne postępowanie, wyraził żal w powodu swojego czynu. Ponadto obrońca dodał, że Sąd winien wziąć pod uwagę okoliczności, w jakich doszło do zdarzenia, a mianowicie, że zamiar <xAnon>E. S.</xAnon> miał charakter zamiaru nagłego, oskarżony w żaden sposób nie planował popełnienia przestępstwa, stało się to pod wpływem chwili, nagłego impulsu spowodowanego w znacznym stopniu zachowaniem <xAnon>M. M. (2)</xAnon>. Zdaniem apelującego więc powyższe sprawia, że wobec oskarżonego nie można mówić o zaawansowanej i bezwzględnej demoralizacji, a wymierzona kara jest niewspółmierna do stopnia winy oraz społecznej szkodliwości czynów tym bardziej, że zdaniem skarżącego oskarżony działał pod wpływem silnego wzburzenia, co z kolei przemawia o wyczerpaniu dyspozycji przestępstwa z <xLexLink xArt="art. 148;art. 148 § 4" xIsapId="WDU19970880553" xTitle="Ustawa z dnia 6 czerwca 1997 r. - Kodeks karny" xAddress="Dz. U. z 1997 r. Nr 88, poz. 553">art. 148 § 4 kk</xLexLink>.</xText>
          <xText>Sąd Apelacyjny zważył, co następuje.</xText>
          <xText>Apelacja obrońcy oskarżonego nie jest zasadna.</xText>
          <xText>Podniesiony w niej zarzut rażącej niewspółmiernej (surowości) orzeczonej wobec oskarżonego <xAnon>E. S.</xAnon> kary pozbawienia wolności w wymiarze 10 lat nie jest trafny. Wbrew twierdzeniom skarżącego w sprawie nie ustalono także, by oskarżony działał pod wpływem silnego wzburzenia, o którym mowa w <xLexLink xArt="art. 148;art. 148 § 4" xIsapId="WDU19970880553" xTitle="Ustawa z dnia 6 czerwca 1997 r. - Kodeks karny" xAddress="Dz. U. z 1997 r. Nr 88, poz. 553">art. 148 § 4 kk</xLexLink>.</xText>
          <xText>Na wstępie należy wskazać, że obrońca nie kwestionował poczynionych w sprawie ustaleń faktycznych. Sąd Apelacyjny uznaje je także za prawidłowe, bowiem zostały one dokonane w oparciu o całokształt zebranego w toku postępowania materiału dowodowego, należycie ocenionego, zgodnie ze wskazaniami <xLexLink xArt="art. 7" xIsapId="WDU19970890555" xTitle="Ustawa z dnia 6 czerwca 1997 r. - Kodeks postępowania karnego" xAddress="Dz. U. z 1997 r. Nr 89, poz. 555">art. 7 kpk</xLexLink>. W prawidłowo ustalonym stanie faktycznych Sąd Okręgowy zastosował właściwe przepisy prawa karnego materialnego, słusznie uznając, że oskarżony ustalonym zachowaniem zrealizował znamiona przestępstwa z <xLexLink xArt="art. 148;art. 148 § 1" xIsapId="WDU19970880553" xTitle="Ustawa z dnia 6 czerwca 1997 r. - Kodeks karny" xAddress="Dz. U. z 1997 r. Nr 88, poz. 553">art. 148 § 1 kk</xLexLink> w zw. z <xLexLink xArt="art. 31;art. 31 § 2" xIsapId="WDU19970880553" xTitle="Ustawa z dnia 6 czerwca 1997 r. - Kodeks karny" xAddress="Dz. U. z 1997 r. Nr 88, poz. 553">art. 31 § 2 kk</xLexLink>.</xText>
          <xText>Tym samym nie zasługuje na aprobatę pogląd skarżącego, jakoby ustalone zachowanie oskarżonego <xAnon>E. S.</xAnon> wyczerpało dyspozycję zabójstwa kwalifikowanego z <xLexLink xArt="art. 148;art. 148 § 4" xIsapId="WDU19970880553" xTitle="Ustawa z dnia 6 czerwca 1997 r. - Kodeks karny" xAddress="Dz. U. z 1997 r. Nr 88, poz. 553">art. 148 § 4 kk</xLexLink>. Należy zresztą dodać, że obrońca, poza ogólnie sformułowanym w tym zakresie stwierdzeniem zawartym jedynie w końcowym fragmencie uzasadnienia apelacji, nie podniósł żadnej argumentacji na poparcie zajętego stanowiska. Z tego względu szczegółowe ustosunkowanie się do wniosku skarżącego powoduje znaczne trudności, bowiem nie sposób stwierdzić, z których ustalonych przez Sąd I instancji okoliczności skarżący wywiódł, że oskarżony działał pod wpływem silnego wzburzenia, o którym mowa w <xLexLink xArt="art. 148;art. 148 § 4" xIsapId="WDU19970880553" xTitle="Ustawa z dnia 6 czerwca 1997 r. - Kodeks karny" xAddress="Dz. U. z 1997 r. Nr 88, poz. 553">art. 148 § 4 kk</xLexLink>. Skoro, jak stwierdzono powyżej, skarżący nie kwestionował ustaleń faktycznych formułując taki wniosek, zarzuca więc on w istocie, że doszło do błędnej subsumpcji prawidłowo ustalonego stanu faktycznego pod niewłaściwy przepis <xLexLink xArt="" xIsapId="WDU19970880553" xTitle="Ustawa z dnia 6 czerwca 1997 r. - Kodeks karny" xAddress="Dz. U. z 1997 r. Nr 88, poz. 553">kodeksu karnego</xLexLink>, a więc obrazę prawa materialnego.</xText>
          <xText>Powyższy zarzut jest jednak oczywiście nietrafny. Oskarżony nie działał pod wpływem silnego wzburzenia uzasadnionego okolicznościami, czyli w afekcie, o którym mowa w <xLexLink xArt="art. 148;art. 148 § 4" xIsapId="WDU19970880553" xTitle="Ustawa z dnia 6 czerwca 1997 r. - Kodeks karny" xAddress="Dz. U. z 1997 r. Nr 88, poz. 553">art. 148 § 4 kk</xLexLink>. Przyjęta w sprawie kwalifikacja prawna odpowiada poczynionym przez Sąd I instancji  niekwestionowanym ustaleniom faktycznym, tak więc nie doszło do naruszenia prawa materialnego.</xText>
          <xText>Z ustalonego stanu faktycznego wynika, że dusząc konkubinę oskarżony był bardzo zdenerwowany, jednakże odczuwanie złości nie jest tożsame za stanem wzburzenia, o którym mowa w <xLexLink xArt="art. 148;art. 148 § 4" xIsapId="WDU19970880553" xTitle="Ustawa z dnia 6 czerwca 1997 r. - Kodeks karny" xAddress="Dz. U. z 1997 r. Nr 88, poz. 553">art. 148 § 4 kk</xLexLink>. Zasadą wszak jest, że działaniom zmierzającym do zabicia człowieka towarzyszy silne napięcie emocjonalne, zdenerwowanie czy gniew. W <xLexLink xArt="art. 148;art. 148 § 4" xIsapId="WDU19970880553" xTitle="Ustawa z dnia 6 czerwca 1997 r. - Kodeks karny" xAddress="Dz. U. z 1997 r. Nr 88, poz. 553">art. 148 § 4 kk</xLexLink> chodzi o wzburzenie o bardzo wysokim poziomie natężenia, przekraczające przeciętne zdenerwowanie. Silne wzburzenie z <xLexLink xArt="art. 148;art. 148 § 4" xIsapId="WDU19970880553" xTitle="Ustawa z dnia 6 czerwca 1997 r. - Kodeks karny" xAddress="Dz. U. z 1997 r. Nr 88, poz. 553">art. 148 § 4 kk</xLexLink> jest zjawiskiem fizjologicznym; to stan psychiczny polegający na znacznej przewadze emocji nad intelektem, co w efekcie prowadzi do ograniczenia kontrolującej funkcji rozumu, którego przyczyną jest gwałtowna reakcja na czynniki znajdujące się poza osobą sprawcy (zob. Postanowienie Sądu Najwyższego z dnia 26 listopada 2009 r. IV KK 128/2009). Tymczasem u oskarżonego stwierdzono organiczne zaburzenia osobowości, zaburzenia emocjonalne i charakterologiczne na podłożu zmian patologicznych ośrodkowego układu nerwowego, które przejawiają się między innymi impulsywnością, drażliwością, zaleganiem stanów emocjonalnych i obniżoną tolerancją na stres i prowokację, które to zaburzenia skutkowały tym, że miał on w chwili czynu ograniczoną w stopniu znacznym zdolność do pokierowania swoim postępowaniem. Przyjęcie, że sprawca zbrodni zabójstwa dopuścił się w stanie silnego wzburzenia usprawiedliwionego okolicznościami oraz w stanie ograniczonej w stopniu znacznym poczytalności jest wprawdzie możliwe, ale tylko wówczas, kiedy silne wzburzenie wywołane zostało okolicznościami innymi od tych, które spowodowały stan ograniczonej poczytalności w stopniu znacznym. Nagłe wzburzenie emocjonalne nie może więc mieć swojej przyczyny w nieprawidłowej osobowości sprawcy, nie może być spowodowane jego cechami charakterologicznymi.<xBx> „</xBx>Jeden i ten sam mankament psychiki sprawcy występujący w chwili popełnienia czynu przestępnego, nie może być na jego korzyść uwzględniony podwójnie, raz jako przesłanka kwalifikacji prawnej czynu z <xLexLink xArt="art. 148;art. 148 § 4" xIsapId="WDU19970880553" xTitle="Ustawa z dnia 6 czerwca 1997 r. - Kodeks karny" xAddress="Dz. U. z 1997 r. Nr 88, poz. 553">art. 148 § 4 kk</xLexLink>, a po raz drugi jako podstawa do uznania, że został on popełniony w warunkach <xLexLink xArt="art. 31;art. 31 § 2" xIsapId="WDU19970880553" xTitle="Ustawa z dnia 6 czerwca 1997 r. - Kodeks karny" xAddress="Dz. U. z 1997 r. Nr 88, poz. 553">art. 31 § 2 kk</xLexLink>” (zob. też postanowienie Sądu Najwyższego z dnia 7 marca 2008 r., V KK 355/2007). Tymczasem w realiach przedmiotowej sprawy prawidłowo ustalił Sąd I instancji, że stan emocjonalny oskarżonego w czasie zdarzenia, wynikał ze stwierdzonych przez biegłych lekarzy psychiatrów i psychologa cech jego osobowości, takich jak obniżona tolerancja na stres i prowokację rozumianą subiektywnie, niekontrolowanie emocji, skłonność do działań impulsywnych. Powyższe było powiązane z zakłóceniami czynności psychicznych oskarżonego o charakterze patologicznym i znalazło swoje odzwierciedlenie w przyjęciu, że oskarżony działał w ramach ograniczonej w stopniu znacznym poczytalności. Nie ma żadnych podstaw faktycznych do przyjęcia, aby zdenerwowanie oskarżonego zostało bezpośrednio wywołane przez inne czynniki, o charakterze zewnętrznym, niezwiązane z osobowością oskarżonego. Z ustalonego stanu faktycznego nie wynika więc, aby oskarżony działał w afekcie, o którym mowa w <xLexLink xArt="art. 148;art. 148 § 4" xIsapId="WDU19970880553" xTitle="Ustawa z dnia 6 czerwca 1997 r. - Kodeks karny" xAddress="Dz. U. z 1997 r. Nr 88, poz. 553">art. 148 § 4 kk</xLexLink>.</xText>
          <xText>Uzupełniająco i na marginesie wymaga wskazania, że nawet uznanie, że zaistniałe zdenerwowanie oskarżonego stanowiło „silne wzburzenie” wywołane czynnikami niezależnymi od cech jego osobowości, nie spowodowałoby konieczności zmiany kwalifikacji prawnej czynu. Bowiem do przyjęcia, że sprawca popełnił przestępstwo zabójstwa w typie uprzywilejowanym z <xLexLink xArt="art. 148;art. 148 § 4" xIsapId="WDU19970880553" xTitle="Ustawa z dnia 6 czerwca 1997 r. - Kodeks karny" xAddress="Dz. U. z 1997 r. Nr 88, poz. 553">art. 148 § 4 kk</xLexLink> konieczne jest ponadto wykazanie, że silne wzburzenie ma swoje usprawiedliwienie z punktu widzenia ocen moralnych w zaistniałych okolicznościach; że przyczyna afektu jest według kryteriów obiektywnych i zaaprobowanych norm moralnych przynajmniej w pewnym zakresie – wybaczalna. Ponadto musi zaistnieć także pewna adekwatność pomiędzy czynem, a tą krzywdą którą odczuł sprawca, „rozsądna” proporcja pomiędzy nią, a tym czego on dokonał. W świetle ustalonego w niniejszej sprawie stanu faktycznego nie można jednak stwierdzić, aby zdenerwowanie oskarżonego, jego agresywne zachowanie wobec konkubiny, duszenie jej, znajdowało swoje obiektywne usprawiedliwienie w okolicznościach zewnętrznych, by było dającą się moralnie zrozumieć reakcją na nieprawidłowe zachowanie pokrzywdzonej. Nie budzi wątpliwości, że <xAnon>M. M. (2)</xAnon> wyciągnęła list adresowany do oskarżonego ze skrzynki pocztowej i przeczytała go, na gruncie której to sytuacji doszło do ostrej wymiany zdań między nią a oskarżonym, podczas której pokrzywdzona powiedziała do oskarżonego, że „go i tak załatwi”, a następnie opluła go i uderzyła ręką w policzek. Zachowanie powyższe oceniać należy niewątpliwie zdecydowanie negatywnie, jednak nie można uznać, by było ono na tyle drastyczne, by uzasadniało aż tak agresywną reakcję oskarżonego i by mogło moralnie zmniejszyć wydźwięk zabójstwa. Niewątpliwie obiektywnie oceniania krzywda oskarżonego, jakiej mógł doznać w rezultacie tego zachowania pokrzywdzonej, nie jest adekwatna do czynu, którego się dopuścił. Nie ma żadnej proporcjonalności między naruszeniem tajemnicy korespondencji i naruszeniem nietykalności cielesnej poprzez oplucie i uderzenie w twarz, a zamachem na życie człowieka. Zachowanie pokrzywdzonej nie stwarzało dla zdrowia oskarżonego żadnego zagrożenia. Ponadto było ono poprzedzone ostrą wymianą zdań, w której aktywnie uczestniczył także oskarżony, a więc napięta i nerwowa atmosfera nie była spowodowana wyłącznie przez pokrzywdzoną. Dlatego też nie można uznać, że zaistniały w dniu 21 grudnia 2012 roku konflikt pomiędzy oskarżonym a pokrzywdzoną z punktu widzenia ocen moralnych może uzasadniać, czy choćby częściowo usprawiedliwiać wzburzenie emocjonalne skutkujące pozbawieniem człowieka życia. Nie można także stwierdzić, by nieadekwatna reakcja emocjonalna oskarżonego znajdowała swoje usprawiedliwienie we wcześniejszych relacjach między stronami. Jest natomiast faktem, że oskarżony i pokrzywdzona pozostawali w konflikcie.</xText>
          <xText>Wobec powyższego należy ostatecznie stwierdzić, że z ustalonego stanu faktycznego nie wynika, aby oskarżony działał w stanie silnego wzburzenia usprawiedliwionego okolicznościami, a zatem przypisanie mu odpowiedzialności za zbrodnię zabójstwa z typie podstawowym z <xLexLink xArt="art. 148;art. 148 § 1" xIsapId="WDU19970880553" xTitle="Ustawa z dnia 6 czerwca 1997 r. - Kodeks karny" xAddress="Dz. U. z 1997 r. Nr 88, poz. 553">art. 148 § 1 kk</xLexLink> w zw. z <xLexLink xArt="art. 31;art. 31 § 2" xIsapId="WDU19970880553" xTitle="Ustawa z dnia 6 czerwca 1997 r. - Kodeks karny" xAddress="Dz. U. z 1997 r. Nr 88, poz. 553">art. 31 § 2 kk</xLexLink> było w pełni trafne.</xText>
          <xText>Odnosząc się natomiast do konkretnego zarzutu zawartego apelacji wskazać należy w pierwszej kolejności, że rażąca niewspółmierność kary zachodzi w sytuacji, gdy stopień dolegliwości wymierzonej wobec oskarżonego sankcji nie odpowiada dyrektywom wymiaru kary określonym w <xLexLink xArt="art. 53" xIsapId="WDU19970880553" xTitle="Ustawa z dnia 6 czerwca 1997 r. - Kodeks karny" xAddress="Dz. U. z 1997 r. Nr 88, poz. 553">art. 53 kk</xLexLink>. Innymi słowy, zarzut rażącej niewspółmierności kary jest zasadny wówczas, gdy kara za przypisane przestępstwo nie uwzględnia należycie stopnia społecznej szkodliwości czynu oraz nie realizuje w wystarczającej mierze celów kary w zakresie kształtowania świadomości prawnej społeczeństwa, z jednoczesnym uwzględnieniem celów zapobiegawczych i wychowawczych, jakie kara ma osiągnąć w stosunku do skazanego. Pojęcie niewspółmierności rażącej oznacza przy tym znaczną, wyraźną i oczywistą, widoczną już na pierwszy rzut oka, a więc nie dającą się zaakceptować dysproporcję między karą wymierzoną a karą sprawiedliwą (zasłużoną). Na gruncie <xLexLink xArt="art. 438;art. 438 pkt. 4" xIsapId="WDU19970890555" xTitle="Ustawa z dnia 6 czerwca 1997 r. - Kodeks postępowania karnego" xAddress="Dz. U. z 1997 r. Nr 89, poz. 555">art. 438 pkt 4 kpk</xLexLink> nie chodzi więc o każdą ewentualną różnicę w ocenie co do wymiaru kary, ale o różnicę o charakterze istotnym i zasadniczym, gdyż tylko wówczas można zasadnie stwierdzić, iż kara jest rażąco nieadekwatna do ustalonych okoliczności sprawy, mających dla wymiaru kary decydujące znaczenie, co powoduje jej oczywistą, niebudzącą wątpliwości w świetle ocen społecznych, niesprawiedliwość. Jak to już tut. Sąd wielokrotnie wskazywał uprzednio, surowość kary należy przy tym oceniać nie poprzez abstrakcyjne odniesienie do jej wymiaru, ale przy uwzględnieniu stopnia wyczerpania ustawowej sankcji przewidzianej za dane przestępstwo.</xText>
          <xText>Przenosząc powyższe rozważania do realiów niniejszej sprawy stwierdzić należy, że wymierzona wobec oskarżonego <xAnon>E. S.</xAnon> kara 10 lat pozbawienia wolności nie jest karą rażąco surową, odbiegającą w sposób istotny od całokształtu ustalonych okoliczności, rzutujących na wymiar kary. Przypisane oskarżonemu przestępstwo zabójstwa jest wszak zagrożone karą pozbawienia wolności od 8 lat do 15 lat, karą 25 lat pozbawienia wolności i karą dożywotniego pozbawienia wolności. Wymierzona względem oskarżonego kara jest więc zbliżona do dolnej granicy ustawowego zagrożenia karą za popełnioną przez niego zbrodnię. Świadczy to dobitnie o tym, że wymierzając karę Sąd I instancji wziął pod uwagę i uwzględnił okoliczności mające wpływ na wymiar kary w stosunku do oskarżonego, zarówno te o wydźwięku pozytywnym, jak i negatywnym. Odniósł się i prawidłowo wyważył zarówno okoliczności dotyczące osoby oskarżonego, jego właściwości, charakter i dotychczasowy sposób życia, jak również okoliczności przedmiotowo-podmiotowe związane z przypisanym oskarżonemu czynem. Także wskazywane przez obrońcę oskarżonego fakty związane z osobą sprawcy, niewątpliwie rzutujące na kwestię wymiaru kary, nie umknęły uwadze Sądu Okręgowego. Sąd ten przyjął wszak jako okoliczności łagodzące niekaralność oskarżonego oraz jego przyznanie się do popełnienia zarzuconego mu czynu, co wprost wynika z uzasadnienia wyroku. Z <xLexLink xArt="art. 53" xIsapId="WDU19970880553" xTitle="Ustawa z dnia 6 czerwca 1997 r. - Kodeks karny" xAddress="Dz. U. z 1997 r. Nr 88, poz. 553">art. 53 kk</xLexLink> wynika jednak niezbicie, że postawa oskarżonego w toku postępowania, czy jego dotychczasowy sposób życia to tylko jedna grupa okoliczności, dotyczących osoby sprawcy, które należy uwzględniać przy wymiarze kary. Przy ustalaniu wysokości sprawiedliwej sankcji karnej nie można także abstrahować od okoliczności zdarzenia, stopnia społecznej szkodliwości czynu, bowiem prawo karne stanowi reakcję na konkretne przestępstwo popełnione przez konkretnego oskarżonego. Z tego też powodu przy ocenie adekwatności, współmierności kary należy łącznie uwzględniać obie grupy okoliczności.</xText>
          <xText>Przede wszystkim Sąd I instancji nie pominął w swoich rozważaniach, że zdolność oskarżonego <xAnon>E. S.</xAnon> do pokierowania swoim postępowaniem by w znaczny sposób ograniczona, a więc, że oskarżony popełnił przestępstwo w warunkach <xLexLink xArt="art. 31;art. 31 § 2" xIsapId="WDU19970880553" xTitle="Ustawa z dnia 6 czerwca 1997 r. - Kodeks karny" xAddress="Dz. U. z 1997 r. Nr 88, poz. 553">art. 31§ 2 kk</xLexLink>. Sąd wziął także pod uwagę, że oskarżony działał z zamiarem nagłym. Powyższe okoliczności niewątpliwie mają znaczenie przy ustalaniu stopnia winy zmniejszają ją, co zostało uwzględnione przez Sąd Okręgowy. Sąd stwierdził, że wina oskarżonego nie jest najwyższa. Nie ma żadnych podstaw do stwierdzenia, że Sąd I instancji oceniając stopień winy nie docenił znaczenia ograniczonej poczytalności oskarżonego, nie nadał jej właściwej rangi. Samo działanie oskarżonego w ramach ograniczonej poczytalności nie skutkuje przecież automatycznie koniecznością wymierzenia kary za popełnione przez niego przestępstwo w granicy dolnego ustawowego zagrożenia sankcją, tak samo jak zaistnienie warunków z <xLexLink xArt="art. 31;art. 31 § 2" xIsapId="WDU19970880553" xTitle="Ustawa z dnia 6 czerwca 1997 r. - Kodeks karny" xAddress="Dz. U. z 1997 r. Nr 88, poz. 553">art. 31§ 2 kk</xLexLink> nie zawsze musi prowadzić do wniosku, że stopień winy oskarżonego jest niski lub nieznaczny. Wielokrotnie już bowiem podnoszono, z czym Sąd Apelacyjny się w pełni zgadza, że stan ograniczonej w stopniu znacznym poczytalności sprawcy w chwili czynu podlega gradacji od stanu bliższego całkowitemu zniesieniu poczytalności do stanu zbliżonego do poczytalności tylko nieznacznie ograniczonej. Im bardziej stopień ograniczonej poczytalności jest bliższy stanowi normalnemu, tym zakres uwzględnienia tego faktu na korzyść sprawcy powinien być węższy, a tym samym stopień zawinienia większy. W tym kontekście Sąd Okręgowy w pełni trafnie wskazał, że ograniczenie poczytalności oskarżonego nastąpiło wyłącznie w sferze woli, a nie w sferze świadomości; oskarżony był więc w stanie rozpoznać znaczenie swojego zachowania, zdawał sobie w pełni sprawę z jego naganności, jak również z konsekwencji swojego działania, gdyż zaburzenia funkcji psychicznych oskarżonego przejawiają się bardziej w sferze emocjonalnej, a nie intelektualnej i zmiany w ośrodkowym układzie nerwowym u oskarżonego nie są na tyle głębokie, by można było mówić o znacznym spadku jego sprawności intelektualnej. Tak więc nie było w realiach niniejszej sprawy podstaw do uznania dalej idącego wpływu stanu ograniczonej poczytalności stwierdzonej u oskarżonego na stopień winy, w kierunku uznania jej nieznaczności. Wobec tego nie można uznać, by ocena Sądu Okręgowego w tym zakresie była nietrafna.</xText>
          <xText>Ponadto <xLexLink xArt="art. 53;art. 53 § 1" xIsapId="WDU19970880553" xTitle="Ustawa z dnia 6 czerwca 1997 r. - Kodeks karny" xAddress="Dz. U. z 1997 r. Nr 88, poz. 553">art. 53 § 1 kk</xLexLink> stanowi, że sąd ma baczyć, by dolegliwość kary nie przekraczała stopnia winy. Nie można więc stwierdzić, aby wymierzona oskarżonemu kara pozbawienia wolności w wymiarze 10 lat (bliskim dolnej granicy ustawowego zagrożenia karą za przypisane mu przestępstwo zabójstwa) przekraczała swoją dolegliwością już odpowiednio obniżony stopień winy oskarżonego.</xText>
          <xText>Sąd I instancji trafnie ocenił także stopień społecznej szkodliwości czynu oskarżonego jako znaczny, której to oceny obrońca wprost nie zakwestionował w apelacji. Skarżący nie podważył także żadnej z ustalonych przez Sąd  Okręgowy koliczności, takich jak między innymi działanie oskarżonego z niskich pobudek, pod wpływem złych emocji czy z zamiarem bezpośrednim, które łącznie doprowadziły do wniosku o znacznym stopniu społecznej szkodliwości czynu. Wywód obrońcy odnośnie do okoliczności zajścia sprowadza się wyłącznie do powtórzenia przebiegu zdarzenia, przedstawionego w wyjaśnieniach przez oskarżonego, który Sąd I instancji wszak w przeważającej mierze uwzględnił, dokonując odpowiadających depozycjom oskarżonego co do przebiegu zdarzenia z dnia 21 grudnia 2012 roku ustaleń faktycznych. Obrońca nie wskazał jednak, jak poszczególne przedstawiane przez niego okoliczności zdarzenia, oceniane łącznie z innymi, rzutują na stopień społecznej szkodliwości czynu. Sąd Apelacyjny nie stwierdził tymczasem, by dokonana przez Sąd Okręgowy w oparciu o całokształt ustalonych okoliczności zdarzenia ocena stopnia społecznej szkodliwości czynu była nieprawidłowa. Wywód Sądu Okręgowego jest w tej części wprawdzie dość lapidarny, ale jednak prawidłowy, uwzględniający najbardziej istotne elementy, mające wpływ na stopień społecznej szkodliwości czynu, enumeratywnie wskazane w <xLexLink xArt="art. 115;art. 115 § 2" xIsapId="WDU19970880553" xTitle="Ustawa z dnia 6 czerwca 1997 r. - Kodeks karny" xAddress="Dz. U. z 1997 r. Nr 88, poz. 553">art. 115 § 2 kk</xLexLink>. Podkreślić bowiem należy, że oskarżony czynem swoim zaatakował dobro prawne w postaci życia człowieka. Swoją agresję skierował na konkubinę, osobę, z którą pozostawał od kilkunastu lat w związku, którą znał bardzo dobrze. Oskarżony wykorzystał swoją fizyczną przewagę nad ofiarą, która była kobietą i to schorowaną. Do zdarzenia doszło w mieszkaniu, będącym własnością <xAnon>M. M. (2)</xAnon>, w zajmowanym przez nią pokoju, w którym zmarła powinna czuć się bezpiecznie. Wprawdzie oskarżony nie planował swojego zachowania, działał pod wpływem chwili, w zamiarze nagłym, jednakże działał także z zamiarem bezpośrednim pozbawienia swojej konkubiny życia, ze znaczną determinacją czego dowodem jest sposób jego działania polegający na duszeniu ze znaczną siłą, a tego rodzaju działanie trwa pewien okres czasu (kilka minut), a więc nie było to działanie chwilowe, jednorazowe, jak np. zadanie ciosu nożem. Tak agresywne zachowanie oskarżonego nie znajduje swojego usprawiedliwienia w postawie <xAnon>M. M. (2)</xAnon>, która nie była co prawda w tym dniu prawidłowa, to jednak w żadnej mierze nie uzasadniała tak znacznej agresji po stronie oskarżonego skutkującej pozbawieniem jej życia.</xText>
          <xText>Tym samym nie można także przychylić się do poglądu obrońcy skarżącego, jakoby okolicznością przemawiającą na korzyść oskarżonego, usprawiedliwiającą jego agresję był istniejący między nim a <xAnon>M. M. (2)</xAnon> konflikt na tle finansowym. Z ustalonego stanu faktycznego nie wynika bowiem, aby oskarżony był w konflikcie stroną bierną czy słabszą, aby kłótnie były zawsze rezultatem nagannego zachowania pokrzywdzonej, aby to <xAnon>M. M. (2)</xAnon> była osobą bardziej agresywną podczas sprzeczek niż <xAnon>E. S.</xAnon>. Nie można więc stwierdzić, aby to oskarżony był bardziej niż pokrzywdzona zgnębiony istniejącymi między nimi niesnaskami. Do rozwoju istniejącego konfliktu przyczynił się także oskarżony, tak więc nie sposób w fakcie konfliktu między stronami upatrywać okoliczności dla niego w jakiejkolwiek mierze łagodzącej, która osłabiałaby negatywny wydźwięk innych okoliczności zdarzenia.</xText>
          <xText>Nie można także zgodzić się z zapatrywaniem skarżącego, jakoby kolejną okolicznością łagodzącą, błędnie nie uwzględnioną przez Sąd I instancji, było w realiach niniejszej sprawy wyrażenie przez oskarżonego skruchy, żalu z powodu popełnienia czynu. Skrucha sprawcy może bowiem wpływać korzystnie na wymiar kary wyłącznie wtedy, gdy z okoliczności towarzyszących jej wyrażeniu wynika, iż jest ona szczera, a nie wyłącznie formalna. Tylko bowiem wówczas można zasadnie uznać, iż sprawca w rzeczywistości zrozumiał naganność swojego zachowania i sam siebie potępił, a tym samym, że cele postępowania w zakresie prewencji indywidualnej zostały już w znacznej mierze zrealizowane. Nie wystarczy więc, że oskarżony wyartykułuje swój żal, jeśli wobec jego postawy i innych okoliczności szczerość takiej deklaracji może budzić pewną wątpliwość. W realiach przedmiotowej sprawy oskarżony <xAnon>E. S.</xAnon> dwukrotnie podczas składnia wyjaśnień – raz w toku postępowania przygotowawczego i raz na rozprawie - oznajmił, że „żałuje swojego zachowania”, ale jednocześnie dodał, że nie chce nic powiedzieć rodzinie zmarłej (k. 317-318), choć synowie jego konkubiny byli obecni na sali rozpraw. Wyrażanemu przez oskarżonego żalowi nie towarzyszyły więc jakiekolwiek starania o to, by zmniejszyć ból bliskich zmarłej, by się z nimi pojednać. Takie działania wydają się przy tym być naturalną, typową konsekwencją szczerej skruchy za pozbawienie człowieka życia. W toku postępowania przygotowawczego oskarżony wyjaśnił natomiast, że „żałuje tego co zrobił, nie ma nic na swoje usprawiedliwienie, ale także, że „zmarnował sobie życie” (k. 56v). Powyższe rodzi także uzasadnioną wątpliwość co do tego, czy jego artykułowane uczucie żalu nie było związane przede wszystkim z uświadomionymi konsekwencjami podjętego zachowania w postaci konieczności odbycia kary więzienia. Także z opinii sądowo – psychologicznej wynika, że oskarżony przejawiał w toku badania psychologicznego wyłącznie formalny krytycyzm do zdarzenia (k. 235).</xText>
          <xText>W takich okolicznościach zasadny jest wniosek, że oskarżony wyraził żal za swoje postępowanie jedynie w sposób formalny, co nie jest okolicznością mającą istotne znaczenie dla wymiaru kary. Wymaga w tym miejscu dla porządku również wskazanie, że nie jest także dopuszczalne traktowanie braku skruchy oskarżonego czy też nieszczerości wyrażanego przez niego żalu jako okoliczności w jakikolwiek sposób obciążającej, skoro oskarżony nie ma obowiązku sam siebie oskarżać i nie musi podejmować w toku procesu żadnej aktywności. Z tego względu nie było prawidłowe powołanie się przez Sąd I instancji na fakt braku wyraźnej skruchy. Powyższe uchybienie nie skutkuje jednak koniecznością zmiany kary orzeczonej w wyroku, nie powoduje, że jest ona niewspółmiernie surowa, albowiem powyższy argument miał wyłącznie charakter pomocniczy, a wyciągnięte przez Sąd Okręgowy wnioski odnośnie do konieczności dłuższego niż minimalne indywidualnego oddziaływania na oskarżonego mają swoje oparcie w wielu innych, już prawidłowo uwzględnionych przez ten sąd okolicznościach sprawy, związanych z czynem, czy też cechami charakterologicznymi oskarżonego, jego skłonnością do nadużywania alkoholu i brakiem wypracowania konstruktywnych sposobów radzenia sobie ze stresem.</xText>
          <xText>Konkludując, analiza całokształtu powyżej nakreślonych okoliczności doprowadziła Sąd Apelacyjny do wniosku, że wymierzona oskarżonemu kara 10 lat pozbawienia wolności, która jest bliższa dolnej granicy ustawowego zagrożenia sankcją za przestępstwo z <xLexLink xArt="art. 148;art. 148 § 1" xIsapId="WDU19970880553" xTitle="Ustawa z dnia 6 czerwca 1997 r. - Kodeks karny" xAddress="Dz. U. z 1997 r. Nr 88, poz. 553">art. 148 § 1 kk</xLexLink>, jest sprawiedliwą i współmierną do tych wszystkich czynników, które należy brać pod uwagę przy wymiarze kary. Z całą pewnością dolegliwość tej kary nie przekracza stopnia winy oskarżonego, który nie był niski. W powyższej karze znalazły także swoje odpowiednie odzwierciedlenie ustalone okoliczności łagodzące, związane z osobą sprawcy, jego sposobem życia przed popełnieniem przestępstwa oraz zachowaniem w toku postępowania, przyznaniem się do winy. Nie sposób uznać, by kara w tym wymiarze była rażąco, w sposób rzucający się w oczy surowa, jeśli weźmie się pod uwagę, że w sprawie istnieją nie tylko okoliczności łagodzące, ale także obciążające, związane z czynem, w tym przede wszystkim znaczny stopień jego społecznej szkodliwości, motywacja, sposób zachowania się sprawcy. W świetle tych okoliczności dalsze łagodzenie sankcji karnej nie byłoby uprawnione. Kara powyższa spełnia także w sposób należyty cele w zakresie prewencji indywidualnej i konieczności kształtowania świadomości prawnej w społeczeństwie. Rację ma skarżący twierdząc, że oskarżony nie jest osobą znacznie zdeprawowaną, jednakże powyższą okoliczność miał na względzie także Sąd I instancji wymierzając karę, co wprost wynika z uzasadnienia wyroku i co ma także swoje odzwierciedlenie w wymiarze kary.</xText>
          <xText>Z uwagi na całość powyższych rozważań, jako że Sąd Apelacyjny nie podzielił żadnego z zarzutów apelacji, jak i nie dostrzegł z urzędu w sprawie przesłanek z <xLexLink xArt="art. 439" xIsapId="WDU19970890555" xTitle="Ustawa z dnia 6 czerwca 1997 r. - Kodeks postępowania karnego" xAddress="Dz. U. z 1997 r. Nr 89, poz. 555">art. 439</xLexLink> ani też z <xLexLink xArt="art. 440" xIsapId="WDU19970890555" xTitle="Ustawa z dnia 6 czerwca 1997 r. - Kodeks postępowania karnego" xAddress="Dz. U. z 1997 r. Nr 89, poz. 555">art. 440 kpk</xLexLink>, zaskarżony wyrok należało utrzymać w mocy, na podstawie <xLexLink xArt="art. 437;art. 437 § 1" xIsapId="WDU19970890555" xTitle="Ustawa z dnia 6 czerwca 1997 r. - Kodeks postępowania karnego" xAddress="Dz. U. z 1997 r. Nr 89, poz. 555">art. 437 § 1 kpk</xLexLink>.</xText>
          <xText>Sąd Apelacyjny zwolnił oskarżonego od zapłaty kosztów sądowych za postępowanie odwoławcze na podstawie <xLexLink xArt="art. 624;art. 624 § 1" xIsapId="WDU19970890555" xTitle="Ustawa z dnia 6 czerwca 1997 r. - Kodeks postępowania karnego" xAddress="Dz. U. z 1997 r. Nr 89, poz. 555">art. 624 § 1 kpk</xLexLink> w zw. z <xLexLink xArt="art. 634" xIsapId="WDU19970890555" xTitle="Ustawa z dnia 6 czerwca 1997 r. - Kodeks postępowania karnego" xAddress="Dz. U. z 1997 r. Nr 89, poz. 555">art. 634 kpk</xLexLink> uznając, iż ich uiszczenie byłoby dla niego zbyt uciążliwe. Przesłanką, jaka legła u podstaw decyzji o zwolnieniu oskarżonego od zapłaty tych kosztów, była jego aktualna sytuacja finansowa związana z pozostawaniem w jednostce penitencjarnej i koniecznością odbycia kary pozbawienia wolności.</xText>
          <xText>Sąd zasądził natomiast od oskarżonego (w tym zakresie nie było podstaw prawnych do zwolnienia) po 600 zł na rzecz oskarżycieli posiłkowych <xAnon>M. M. (1)</xAnon> i <xAnon>H. M.</xAnon> tytułem zwrotu kosztów zastępstwa adwokackiego ich pełnomocnika w postępowaniu odwoławczym.</xText>
          <xText>Na podstawie <xLexLink xArt="art. 29;art. 29 ust. 1" xIsapId="WDU19820160124" xTitle="Ustawa z dnia 26 maja 1982 r. - Prawo o adwokaturze" xAddress="Dz. U. z 1982 r. Nr 16, poz. 124">art. 29 ust. 1 ustawy z dnia 26 maja 1982 r. Prawo o adwokaturze</xLexLink> (t. jedn. Dz. U. z 2009 r., nr 146, poz. 1188 ze zm.) w zw. z <xLexLink xArt="§ 2;§ 2 ust. 3;§ 14;§ 14 ust. 2;§ 14 ust. 2 pkt. 5" xIsapId="WDU20021631348" xTitle="Rozporządzenie Ministra Sprawiedliwości z dnia 28 września 2002 r. w sprawie opłat za czynności adwokackie oraz ponoszenia przez Skarb Państwa kosztów nieopłaconej pomocy prawnej udzielonej z urzędu" xAddress="Dz. U. z 2002 r. Nr 163, poz. 1348">§ 2 ust. 3 i § 14 ust. 2 pkt 5 rozporządzenia Ministra Sprawiedliwości z dnia 28 września 2002 r. w sprawie opłat za czynności adwokackie oraz ponoszenia przez Skarb Państwa kosztów nieopłaconej pomocy prawnej udzielonej z urzędu</xLexLink> (Dz. U. nr 163, poz. 1348 ze zm.), Sąd Odwoławczy zasądził od Skarbu Państwa na rzecz obrońcy z urzędu należną mu kwotę tytułem wynagrodzenia za postępowanie odwoławcze.</xText>
        </xUnit>
      </xBlock>
    </xPart>
  </judgement>
<judgement id="152005000004506_IX_Ka_001095_2013_Uz_2013-12-10_001">
    <xPart xEditorFullName="Monika Rakoczy" xYear="2013" xLang="PL" xPublisherFullName="Barbara Pęczek" xFromPg="1" xEditor="MonRak" xVolType="15/200500/0004506/Ka" xPublisher="BarPec" xDocType="Uz" xVolNmbr="001095" xVersion="1.0" xToPage="15" xFlag="published">
      <xName>Wyrok+Uzasadnienie</xName>
      <xBlock>
        <xText>Sygn. akt IX Ka 1095/13</xText>
        <xUnit xIsTitle="true" xBold="true" xType="part">
          <xName>WYROK</xName>
          <xTitle>W IMIENIU RZECZYPOSPOLITEJ POLSKIEJ</xTitle>
          <xText xALIGNx="center"> Dnia 10 grudnia 2013 roku</xText>
          <xText>Sąd Okręgowy w Kielcach IX Wydział Karny-Odwoławczy w składzie:</xText>
          <xText>
            <xBx>Przewodniczący: SSO Tomasz Nowak </xBx>
          </xText>
          <xText>
            <xBx>Sędziowie: SO Ewa Opozda-Kałka (spr.)</xBx>
          </xText>
          <xText>
            <xBx>SO Krzysztof Sajtyna</xBx>
          </xText>
          <xText>Protokolant: sekr.sądowy Katarzyna Komosa</xText>
          <xText>przy udziale Prokuratora Prokuratury Okręgowej w Kielcach Andrzeja Hojnowskiego</xText>
          <xText>po rozpoznaniu w dniu 5 grudnia 2013 roku</xText>
          <xText>sprawy <xAnon>W. G.</xAnon></xText>
          <xText>oskarżonego o przestępstwa z <xLexLink xArt="art. 231;art. 231 § 2" xIsapId="WDU19970880553" xTitle="Ustawa z dnia 6 czerwca 1997 r. - Kodeks karny" xAddress="Dz. U. z 1997 r. Nr 88, poz. 553">art.231 § 2 k.k.</xLexLink> i inne</xText>
          <xText>
            <xAnon>S. K. (1)</xAnon>
          </xText>
          <xText>oskarżonego o przestępstwo z <xLexLink xArt="art. 231;art. 231 § 2" xIsapId="WDU19970880553" xTitle="Ustawa z dnia 6 czerwca 1997 r. - Kodeks karny" xAddress="Dz. U. z 1997 r. Nr 88, poz. 553">art.231 § 2 k.k.</xLexLink> w zw. z <xLexLink xArt="art. 91;art. 91 § 1" xIsapId="WDU19970880553" xTitle="Ustawa z dnia 6 czerwca 1997 r. - Kodeks karny" xAddress="Dz. U. z 1997 r. Nr 88, poz. 553">art. 91 § 1 k.k.</xLexLink></xText>
          <xText>
            <xAnon>S. K. (2)</xAnon>
          </xText>
          <xText>oskarżonego o przestępstwo z <xLexLink xArt="art. 271;art. 271 § 3" xIsapId="WDU19970880553" xTitle="Ustawa z dnia 6 czerwca 1997 r. - Kodeks karny" xAddress="Dz. U. z 1997 r. Nr 88, poz. 553">art.271 § 3 k.k.</xLexLink> w zw. z <xLexLink xArt="art. 271;art. 271 § 1" xIsapId="WDU19970880553" xTitle="Ustawa z dnia 6 czerwca 1997 r. - Kodeks karny" xAddress="Dz. U. z 1997 r. Nr 88, poz. 553">art.271 § 1 k.k.</xLexLink></xText>
          <xText>na skutek apelacji wniesionych przez prokuratora i obrońców oskarżonych <xAnon>W. G.</xAnon> i <xAnon>S. K. (1)</xAnon></xText>
          <xText>od wyroku Sądu Rejonowego w Sandomierzu</xText>
          <xText>z dnia 10 kwietnia 2013 rokusygn. akt II K 850/10</xText>
          
          <xUnit xIsTitle="false" xType="none">
            <xName xSffx=".">I</xName>
            <xText>utrzymuje w mocy zaskarżony wyrok w części dotyczącej oskarżonych <xAnon>S. K. (1)</xAnon> i <xAnon>S. K. (2)</xAnon>;</xText>
          </xUnit>
          <xUnit xIsTitle="false" xType="none">
            <xName xSffx=".">II</xName>
            <xText>uchyla zaskarżony wyrok w części dotyczącej oskarżonego <xAnon>W. G.</xAnon> i sprawę w tym zakresie przekazuje do ponownego rozpoznania Sądowi Rejonowemu w Sandomierzu;</xText>
          </xUnit>
          <xUnit xIsTitle="false" xType="none">
            <xName xSffx=".">III</xName>
            <xText>zasądza od oskarżonego <xAnon>S. K. (1)</xAnon> na rzecz Skarbu Państwa kwotę 440 (czterysta czterdzieści) złotych tytułem kosztów sądowych w postępowaniu odwoławczym;</xText>
          </xUnit>
          <xUnit xIsTitle="false" xType="none">
            <xName xSffx=".">IV</xName>
            <xText>kosztami procesu za postępowanie odwoławcze związanymi z apelacją prokuratora obciąża Skarb Państwa.</xText>
          </xUnit>
          
          <xText>IX Ka 1095/13</xText>
        </xUnit>
        <xUnit xIsTitle="true" xBold="true" xType="part">
          <xName>UZASADNIENIE</xName>
          <xText>Prokuratura Rejonowa w Sandomierzu oskarżyła:</xText>
          <xText><xBx><xAnon>W. G.</xAnon></xBx>o to, że:</xText>
          <xUnit xIsTitle="false" xType="none">
            <xName xSffx=".">I</xName>
            <xText>w okresie od bliżej nieustalonego dnia miesiąca maja 2007r., do bliżej nieustalonego dnia miesiąca grudnia 2008r., w <xAnon>S.</xAnon>woj. <xAnon>(...)</xAnon>działając w celu osiągnięcia korzyści majątkowej, <xBRx/>w podobny sposób i w krótkich odstępach czasu, pełniąc funkcję publiczną jako <xAnon>(...)</xAnon><xAnon>S.</xAnon>, przekroczył swoje uprawnienia, przywłaszczając mienie na szkodę <xAnon>(...)</xAnon>w ten sposób, że:</xText>
          </xUnit>
          <xText>- w bliżej nieustalonym dniu miesiąca maja 2007r., w <xAnon>S.</xAnon>woj. <xAnon>(...)</xAnon>, pełniąc funkcję publiczną<xAnon>(...)</xAnon>działając na szkodę interesu publicznego <xAnon>(...)</xAnon>w celu osiągnięcia korzyści majątkowej, przekroczył swoje uprawnienia w ten sposób, że zaakceptował do wypłaty jako kierownik jednostki – <xAnon>(...)</xAnon>– listę płac zawierającą kwotę 2 tys. zł, przyznaną mu przez <xAnon>(...)</xAnon>tytułem nagrody z okazji „Dnia pracownika samorządowego”, wbrew Uchwale Rady Gminy <xAnon>(...)</xAnon>Nr II/5/06 z dnia 05.12.2006r. i wbrew zakazowi wynikającemu z <xLexLink xArt="" xIsapId="WDU19900210124" xTitle="Ustawa z dnia 22 marca 1990 r. o pracownikach samorządowych" xAddress="Dz. U. z 1990 r. Nr 21, poz. 124">ustawy z dnia 22.03.1990r. <xBRx/>o pracownikach samorządowych</xLexLink>, wiedząc o obowiązującym ustawowym zakazie wypłaty nagród dla <xAnon>(...)</xAnon>z wyjątkiem nagrody jubileuszowej, przywłaszczając na szkodę Gminy <xAnon>(...)</xAnon>wypłacona mu kwotę 2 tys. zł</xText>
          <xText>- w bliżej nieustalonym dniu miesiąca listopada 2007r. w <xAnon>S.</xAnon>woj. <xAnon>(...)</xAnon>, pełniąc funkcje publiczną <xAnon>(...)</xAnon>działając na szkodę interesu publicznego <xAnon>(...)</xAnon>w celu osiągnięcia korzyści majątkowej, przekroczył swoje uprawnienia w ten sposób, że zaakceptował do wypłaty jako kierownik jednostki – <xAnon>(...)</xAnon>– listę płac zawierającą kwotę 3500zł, przyznaną przez <xAnon>(...)</xAnon>tytułem nagrody z okazji „25-lecia pracy w samorządzie”, wbrew Uchwale Rady Gminy <xAnon>(...)</xAnon>Nr II/5/06 z dnia 05.12.2006r. i wbrew zakazowi wynikającemu z <xLexLink xArt="" xIsapId="WDU19900210124" xTitle="Ustawa z dnia 22 marca 1990 r. o pracownikach samorządowych" xAddress="Dz. U. z 1990 r. Nr 21, poz. 124">ustawy z dnia 22.03.1990r. o pracownikach samorządowych</xLexLink>, wiedząc o obowiązującym ustawowym zakazie wypłaty nagród dla <xAnon>(...)</xAnon>z wyjątkiem nagrody jubileuszowej, przywłaszczając na szkodę Gminy <xAnon>(...)</xAnon>wypłaconą mu kwotę 3500zł</xText>
          <xText>- w bliżej nieustalonym dniu miesiąca grudnia 2007r. w <xAnon>S.</xAnon>woj. <xAnon>(...)</xAnon>, pełniąc funkcję publiczną <xAnon>(...)</xAnon>działając na szkodę interesu publicznego Gminy <xAnon>(...)</xAnon>w celu osiągnięcia korzyści majątkowej, przekroczył swoje uprawnienia w ten sposób, że zaakceptował do wypłaty jako kierownik jednostki –<xAnon>(...)</xAnon><xAnon>S.</xAnon>– listę płac zawierającą kwotę 3500zł, przyznaną mu przez <xAnon>(...)</xAnon>tytułem nagrody, bez okazji, wbrew Uchwale Gminy <xAnon>(...)</xAnon>Nr II/5/06 z dnia 05.12.2006r. i wbrew zakazowi wynikającemu <xBRx/>z <xLexLink xArt="" xIsapId="WDU19900210124" xTitle="Ustawa z dnia 22 marca 1990 r. o pracownikach samorządowych" xAddress="Dz. U. z 1990 r. Nr 21, poz. 124">ustawy z dnia 22.03.1990r. o pracownikach samorządowych</xLexLink>, wiedząc <xBRx/>o obowiązującym ustawowym zakazie wypłaty nagród dl <xAnon>(...)</xAnon>z wyjątkiem nagrody jubileuszowej, przywłaszczając na szkodę Gminy <xAnon>(...)</xAnon>wypłaconą mu kwotę 3500zł</xText>
          <xText>- w bliżej nieustalonym dniu miesiąca listopada 2008r. w <xAnon>S.</xAnon>woj. <xAnon>(...)</xAnon>, pełniąc funkcję publiczną <xAnon>(...)</xAnon>działając na szkodę interesu publicznego Gminy<xAnon>(...)</xAnon>w celu osiągnięcia korzyści majątkowej, przekroczył swoje uprawnienia w ten sposób, że zaakceptował do wypłaty jako kierownik jednostki – <xAnon>(...)</xAnon>– listę płac zawierającą kwotę 1 tys. zł, przyznaną mu przez <xAnon>(...)</xAnon>tytułem nagrody z okazji „90 rocznicy Odzyskania Niepodległości”, wbrew Uchwale Rady Gminy <xAnon>(...)</xAnon>Nr II/5/06 z dnia 05.12.2006r. i wbrew zakazowi wynikającemu z <xLexLink xArt="" xIsapId="WDU19900210124" xTitle="Ustawa z dnia 22 marca 1990 r. o pracownikach samorządowych" xAddress="Dz. U. z 1990 r. Nr 21, poz. 124">ustawy z dnia 22.03.1990r. <xBRx/>o pracownikach samorządowych</xLexLink>, wiedząc o obowiązującym, ustawowym zakazie wypłaty nagród dla <xAnon>(...)</xAnon> z wyjątkiem nagrody jubileuszowej, przywłaszczając na szkodę Gminy<xAnon>(...)</xAnon>wypłacona mu kwotę 1 tys. zł</xText>
          <xText>- w bliżej nieustalonym dniu miesiąca grudnia 2008r. w <xAnon>S.</xAnon>woj. <xAnon>(...)</xAnon>, pełniąc funkcję publiczną <xAnon>(...)</xAnon>Gminy<xAnon>(...)</xAnon>działając na szkodę interesu publicznego Gminy <xAnon>(...)</xAnon>w celu osiągnięcia korzyści majątkowej, przekroczył swoje uprawnienia w ten sposób, że zaakceptował do wypłaty jako kierownik jednostki – <xAnon>(...)</xAnon>– listę płac zawierającą kwotę 4 tys. zł, przyznaną mu przez <xAnon>(...)</xAnon>tytułem nagrody „za cały rok pracy”, wbrew Uchwale Rady Gminy <xAnon>(...)</xAnon>Nr II/5/06 z dnia 05.12.2006r. i wbrew zakazowi wynikającemu z <xLexLink xArt="" xIsapId="WDU19900210124" xTitle="Ustawa z dnia 22 marca 1990 r. o pracownikach samorządowych" xAddress="Dz. U. z 1990 r. Nr 21, poz. 124">ustawy z dnia 22.03.1990r. o pracownikach samorządowych</xLexLink>, wiedząc o obowiązującym ustawowym zakazie wypłaty nagród dla <xAnon>(...)</xAnon><xBRx/>z wyjątkiem nagrody jubileuszowej, przywłaszczając na szkodę Gminy <xAnon>(...)</xAnon>wypłacona mu kwotę 4 tys. zł.</xText>
          <xText>tj. o pięć występków z <xLexLink xArt="art. 213;art. 213 § 2" xIsapId="WDU19970880553" xTitle="Ustawa z dnia 6 czerwca 1997 r. - Kodeks karny" xAddress="Dz. U. z 1997 r. Nr 88, poz. 553">art. 213 § 2 kk</xLexLink> i <xLexLink xArt="art. 284;art. 284 § 1" xIsapId="WDU19970880553" xTitle="Ustawa z dnia 6 czerwca 1997 r. - Kodeks karny" xAddress="Dz. U. z 1997 r. Nr 88, poz. 553">284 § 1 kk</xLexLink> w zw. z <xLexLink xArt="art. 11;art. 11 § 2" xIsapId="WDU19970880553" xTitle="Ustawa z dnia 6 czerwca 1997 r. - Kodeks karny" xAddress="Dz. U. z 1997 r. Nr 88, poz. 553">art. 11 § 2 kk</xLexLink> popełnionych w warunkach ciągu przestępstw określonego w <xLexLink xArt="art. 91;art. 91 § 1" xIsapId="WDU19970880553" xTitle="Ustawa z dnia 6 czerwca 1997 r. - Kodeks karny" xAddress="Dz. U. z 1997 r. Nr 88, poz. 553">art. 91 § 1 kk</xLexLink></xText>
          <xUnit xIsTitle="false" xType="none">
            <xName xSffx=".">II</xName>
            <xText>w bliżej nieustalonym dniu miesiąca maja 2008r. w <xAnon>S.</xAnon>woj. <xAnon>(...)</xAnon>, przywłaszczył kwotę 3500zł przyznaną mu przez<xAnon>(...)</xAnon>tytułem nagrody z okazji „Dnia pracownika samorządowego” wbrew Uchwale Rady Gminy <xAnon>(...)</xAnon>Nr II/5/06 z dnia 05.12.2006r. i wbrew zakazowi wynikającemu z <xLexLink xArt="" xIsapId="WDU19900210124" xTitle="Ustawa z dnia 22 marca 1990 r. o pracownikach samorządowych" xAddress="Dz. U. z 1990 r. Nr 21, poz. 124">ustawy z dnia 22.03.1990r. o pracownikach samorządowych</xLexLink>, w ten sposób, że przyjął nienależnie wypłaconą mu kwotę 3500zł wiedząc o obowiązującym ustawowym zakazie wypłaty nagród dla<xAnon>(...)</xAnon>, z wyjątkiem nagrody jubileuszowej</xText>
          </xUnit>
          <xText>tj. o przestępstwo z <xLexLink xArt="art. 284;art. 284 § 1" xIsapId="WDU19970880553" xTitle="Ustawa z dnia 6 czerwca 1997 r. - Kodeks karny" xAddress="Dz. U. z 1997 r. Nr 88, poz. 553">art. 284 § 1 kk</xLexLink></xText>
          
          <xText><xBx><xAnon>S. K. (1)</xAnon></xBx> o to, że:</xText>
          <xUnit xIsTitle="false" xType="none">
            <xName xSffx=".">I</xName>
            <xText>w okresie od 31.05.2007r. do 15.12.2008r. w <xAnon>S.</xAnon>woj. <xAnon>(...)</xAnon>działając w celu osiągnięcia korzyści majątkowej przez <xAnon>W. G.</xAnon>, w podobny sposób i w krótkich odstępach czasu, pełniąc funkcję publiczną jako <xAnon>(...)</xAnon> przekroczył swoje uprawnienia w ten sposób, że:</xText>
          </xUnit>
          <xText>- dnia 31.05.2007r. w <xAnon>S.</xAnon>woj. <xAnon>(...)</xAnon>działając w celu osiągnięcia korzyści majątkowej przez <xAnon>W. G.</xAnon>, pełniąc funkcję publiczną jako <xAnon>(...)</xAnon>, przekroczył uprawnienia przyznane mu Uchwałą Rady Gminy Nr II/5/06 z dnia 05.12.2006r. w ten sposób, że pismem datowanym na ten dzień przyznał <xAnon>(...)</xAnon>Gminy <xAnon>(...)</xAnon>– <xAnon>W. G.</xAnon>– wbrew zakazowi wynikającemu z <xLexLink xArt="" xIsapId="WDU19900210124" xTitle="Ustawa z dnia 22 marca 1990 r. o pracownikach samorządowych" xAddress="Dz. U. z 1990 r. Nr 21, poz. 124">Ustawy z dnia 22.03.1990r. o pracownikach samorządowych</xLexLink>, nagrodę w kwocie 2 tys. złotych brutto z okazji „Dnia pracownika samorządowego”, która to nagroda została wypłacona <xAnon>(...)</xAnon>dnia 31.05.2007r., czym działał na szkodę interesu publicznego Gminy <xAnon>(...)</xAnon></xText>
          <xText>- dnia 05.11.2007r. w <xAnon>S.</xAnon>woj. <xAnon>(...)</xAnon>działając w celu osiągnięcia korzyści majątkowej przez <xAnon>W. G.</xAnon>, pełniąc funkcję publiczną jako <xAnon>(...)</xAnon>, przekroczył uprawnienia przyznane mu Uchwałą Rady Gminy <xAnon>(...)</xAnon>Nr II/5/06 z dnia 05.12.2006r. w ten sposób, że pismem datowanym na ten dzień przyznał <xAnon>(...)</xAnon>– <xAnon>W. G.</xAnon>– wbrew zakazowi wynikającemu z <xLexLink xArt="" xIsapId="WDU19900210124" xTitle="Ustawa z dnia 22 marca 1990 r. o pracownikach samorządowych" xAddress="Dz. U. z 1990 r. Nr 21, poz. 124">Ustawy z dnia 22.03.1990r. o pracownikach samorządowych</xLexLink>, nagrodę w kwocie 3500 złotych brutto z okazji „25-lecia pracy w samorządzie”, która to nagroda została wypłacona <xAnon>(...)</xAnon>dnia 05.11.2007r., czym działał na szkodę interesu publicznego Gminy <xAnon>(...)</xAnon></xText>
          <xText>- dnia 12.12.2007r. w <xAnon>S.</xAnon>woj. <xAnon>(...)</xAnon>działając w celu osiągnięcia korzyści majątkowej przez <xAnon>W. G.</xAnon>, pełniąc funkcję publiczną jako <xAnon>(...)</xAnon>, przekroczył uprawnienia przyznane mu Uchwałą Rady Gminy <xAnon>(...)</xAnon>Nr II/5/06 z dnia 05.12.2006r. w ten sposób, że pismem datowanym na ten dzień przyznał <xAnon>(...)</xAnon>– <xAnon>W. G.</xAnon>– wbrew zakazowi wynikającemu z <xLexLink xArt="" xIsapId="WDU19900210124" xTitle="Ustawa z dnia 22 marca 1990 r. o pracownikach samorządowych" xAddress="Dz. U. z 1990 r. Nr 21, poz. 124">Ustawy z dnia 22.03.1990r. o pracownikach samorządowych</xLexLink>, nagrodę w kwocie 3500 złotych brutto, bez okazji, która to nagroda została wypłacona <xAnon>(...)</xAnon> dnia 18.12.2007r., czym działał na szkodę interesu publicznego Gminy <xAnon>(...)</xAnon></xText>
          <xText>- dnia 09.05.2008r. w <xAnon>S.</xAnon>woj. <xAnon>(...)</xAnon>działając w celu osiągnięcia korzyści majątkowej przez <xAnon>W. G.</xAnon>, pełniąc funkcję publiczną jako <xAnon>(...)</xAnon>, przekroczył uprawnienia przyznane mu Uchwałą Rady Gminy<xAnon>(...)</xAnon>Nr II/5/06 z dnia 05.12.2006r. w ten sposób, że pismem datowanym na ten dzień przyznał <xAnon>(...)</xAnon>– <xAnon>W. G.</xAnon>– wbrew zakazowi wynikającemu z <xLexLink xArt="" xIsapId="WDU19900210124" xTitle="Ustawa z dnia 22 marca 1990 r. o pracownikach samorządowych" xAddress="Dz. U. z 1990 r. Nr 21, poz. 124">Ustawy z dnia 22.03.1990r. o pracownikach samorządowych</xLexLink>, nagrodę w kwocie 3500 zł brutto „bez okazji”, która to nagroda została wypłacona <xAnon>(...)</xAnon>dnia 14.05.2008r., czym działał na szkodę interesu publicznego Gminy <xAnon>(...)</xAnon></xText>
          <xText>- dnia 20.11.2008r. w <xAnon>S.</xAnon>woj. <xAnon>(...)</xAnon>działając w celu osiągnięcia korzyści majątkowej przez <xAnon>W. G.</xAnon>, pełniąc funkcję publiczną jako <xAnon>(...)</xAnon>, przekroczył uprawnienia przyznane mu Uchwałą Rady Gminy <xAnon>(...)</xAnon>Nr II/5/06 z dnia 05.12.2006r. w ten sposób, że pismem datowanym na ten dzień przyznał <xAnon>(...)</xAnon>– <xAnon>W. G.</xAnon>– wbrew zakazowi wynikającemu z <xLexLink xArt="" xIsapId="WDU19900210124" xTitle="Ustawa z dnia 22 marca 1990 r. o pracownikach samorządowych" xAddress="Dz. U. z 1990 r. Nr 21, poz. 124">Ustawy z dnia 22.03.1990r. o pracownikach samorządowych</xLexLink>, nagrodę w kwocie 1 tys. złotych brutto z okazji „90-rocznicy Odzyskania Niepodległości”, która to nagroda została wypłacona <xAnon>(...)</xAnon>dnia 20.11.2008r., czym działał na szkodę interesu publicznego Gminy <xAnon>(...)</xAnon></xText>
          <xText>- dnia 15.12.2008r. w <xAnon>S.</xAnon>woj. <xAnon>(...)</xAnon>działając w celu osiągnięcia korzyści majątkowej przez <xAnon>W. G.</xAnon>, pełniąc funkcję publiczną jako <xAnon>(...)</xAnon>, przekroczył uprawnienia przyznane mu Uchwałą Rady Gminy <xAnon>(...)</xAnon>Nr II/5/06 z dnia 05.12.2006r. w ten sposób, że pismem datowanym na ten dzień przyznał <xAnon>(...)</xAnon>– <xAnon>W. G.</xAnon>– wbrew zakazowi wynikającemu z <xLexLink xArt="" xIsapId="WDU19900210124" xTitle="Ustawa z dnia 22 marca 1990 r. o pracownikach samorządowych" xAddress="Dz. U. z 1990 r. Nr 21, poz. 124">Ustawy z dnia 22.03.1990r. o pracownikach samorządowych</xLexLink>, nagrodę w kwocie 4 tys. złotych brutto „za cały rok pracy”, która to nagroda została wypłacona <xAnon>(...)</xAnon>dnia 22.12.2008r., czym działał na szkodę interesu publicznego Gminy <xAnon>(...)</xAnon></xText>
          <xText>tj. o sześć występków z <xLexLink xArt="art. 231;art. 231 § 2" xIsapId="WDU19970880553" xTitle="Ustawa z dnia 6 czerwca 1997 r. - Kodeks karny" xAddress="Dz. U. z 1997 r. Nr 88, poz. 553">art. 231 § 2 kk</xLexLink> popełnionych w warunkach ciągu przestępstw określonych w <xLexLink xArt="art. 91;art. 91 § 1" xIsapId="WDU19970880553" xTitle="Ustawa z dnia 6 czerwca 1997 r. - Kodeks karny" xAddress="Dz. U. z 1997 r. Nr 88, poz. 553">art. 91 § 1 kk</xLexLink></xText>
          
          <xText><xBx><xAnon>S. K. (3)</xAnon></xBx> o to, że:</xText>
          <xText>dnia 02.06.2003r. w <xAnon>Z.</xAnon>woj. <xAnon>(...)</xAnon>działając w celu osiągnięcia korzyści majątkowej przez Firmę Usługowo-Handlowo-Produkcyjną <xAnon>(...)</xAnon> będąc upoważnionym jako inspektor nadzoru i przedstawiciel inwestora – <xAnon>(...)</xAnon>do wystawienia dokumentu potwierdzającego wykonanie robót remontowo-budowlanych, w protokole odbioru wykonanych robót, tj. drogi dojazdowej do szkoły podstawowej w <xAnon>Z.</xAnon>poświadczył nieprawdę co do okoliczności mającej znaczenie prawne - będącej podstawą realizacji faktury, oceniając jakość wykonanych robót jako dobrą i wartość ich w okresie rozliczeniowym na kwotę 27463,68 zł odpowiadającą kwocie wartości robót od początku budowy wynikającej z zawartej z wykonawcą umowy pomimo, iż ilość wykonanych prac, ich wartość była mniejsza niż wynikało to z wybranej oferty wykonawcy i zawartej z nim umowy i wynosiła 23345,85 złotych czym działał na szkodę Gminy w <xAnon>(...)</xAnon></xText>
          <xText>tj. o przestępstwo z <xLexLink xArt="art. 271;art. 271 § 3" xIsapId="WDU19970880553" xTitle="Ustawa z dnia 6 czerwca 1997 r. - Kodeks karny" xAddress="Dz. U. z 1997 r. Nr 88, poz. 553">art. 271 § 3 kk</xLexLink> w zw. z <xLexLink xArt="art. 271;art. 271 § 1" xIsapId="WDU19970880553" xTitle="Ustawa z dnia 6 czerwca 1997 r. - Kodeks karny" xAddress="Dz. U. z 1997 r. Nr 88, poz. 553">art. 271 §1 kk</xLexLink></xText>
          
          <xText>Sąd Rejonowy w Sandomierzu wyrokiem wydanym w dniu 10 kwietnia 2013r. w sprawie sygn. akt II K 850/10</xText>
          <xUnit xIsTitle="false" xType="none">
            <xName xSffx=".">I</xName>
            <xText>uznał oskarżonego <xAnon>W. G.</xAnon> za winnego popełnienia czynów zarzucanych mu w pkt I aktu oskarżenia, a stanowiących występki z <xLexLink xArt="art. 231;art. 231 § 2" xIsapId="WDU19970880553" xTitle="Ustawa z dnia 6 czerwca 1997 r. - Kodeks karny" xAddress="Dz. U. z 1997 r. Nr 88, poz. 553">art. 231 § 2 kk</xLexLink> i <xLexLink xArt="art. 284;art. 284 § 1" xIsapId="WDU19970880553" xTitle="Ustawa z dnia 6 czerwca 1997 r. - Kodeks karny" xAddress="Dz. U. z 1997 r. Nr 88, poz. 553">art. 284 § 1 kk</xLexLink> w zw. z <xLexLink xArt="art. 11;art. 11 § 2" xIsapId="WDU19970880553" xTitle="Ustawa z dnia 6 czerwca 1997 r. - Kodeks karny" xAddress="Dz. U. z 1997 r. Nr 88, poz. 553">art. 11 § 2 kk</xLexLink><xBRx/>w zw. z <xLexLink xArt="art. 91;art. 91 § 1" xIsapId="WDU19970880553" xTitle="Ustawa z dnia 6 czerwca 1997 r. - Kodeks karny" xAddress="Dz. U. z 1997 r. Nr 88, poz. 553">art. 91 § 1 kk</xLexLink> i za to na mocy <xLexLink xArt="art. 231;art. 231 § 2" xIsapId="WDU19970880553" xTitle="Ustawa z dnia 6 czerwca 1997 r. - Kodeks karny" xAddress="Dz. U. z 1997 r. Nr 88, poz. 553">art. 231 § 2 kk</xLexLink> wymierzył mu karę 1 roku pozbawienia wolności oraz karę grzywny w wymiarze 100 stawek dziennych, ustalając wysokość jednej stawki na kwotę 20 złotych;</xText>
          </xUnit>
          <xUnit xIsTitle="false" xType="none">
            <xName xSffx=".">II</xName>
            <xText>uznał oskarżonego <xAnon>W. G.</xAnon> za winnego popełnienia czynu zarzucanego mu w pkt II aktu oskarżenia, a stanowiącego występek z <xLexLink xArt="art. 284;art. 284 § 1" xIsapId="WDU19970880553" xTitle="Ustawa z dnia 6 czerwca 1997 r. - Kodeks karny" xAddress="Dz. U. z 1997 r. Nr 88, poz. 553">art. 284 § 1 kk</xLexLink> i za to na mocy <xLexLink xArt="art. 284;art. 284 § 1" xIsapId="WDU19970880553" xTitle="Ustawa z dnia 6 czerwca 1997 r. - Kodeks karny" xAddress="Dz. U. z 1997 r. Nr 88, poz. 553">art. 284 § 1 kk</xLexLink> i <xLexLink xArt="art. 33;art. 33 § 2;art. 33 § 1;art. 33 § 3" xIsapId="WDU19970880553" xTitle="Ustawa z dnia 6 czerwca 1997 r. - Kodeks karny" xAddress="Dz. U. z 1997 r. Nr 88, poz. 553">art. 33 § 2, § 1 i § 3 kk</xLexLink> wymierzył mu karę 3 miesięcy pozbawienia wolności oraz karę grzywny w wymiarze 30 stawek dziennych, ustalając wysokość stawki dziennej na kwotę 20 złotych;</xText>
          </xUnit>
          <xUnit xIsTitle="false" xType="none">
            <xName xSffx=".">III</xName>
            <xText>na mocy <xLexLink xArt="art. 85" xIsapId="WDU19970880553" xTitle="Ustawa z dnia 6 czerwca 1997 r. - Kodeks karny" xAddress="Dz. U. z 1997 r. Nr 88, poz. 553">art. 85 kk</xLexLink> i <xLexLink xArt="art. 86;art. 86 § 1;art. 86 § 2" xIsapId="WDU19970880553" xTitle="Ustawa z dnia 6 czerwca 1997 r. - Kodeks karny" xAddress="Dz. U. z 1997 r. Nr 88, poz. 553">art. 86 § 1 i § 2 kk</xLexLink> w zw. z <xLexLink xArt="art. 91;art. 91 § 2" xIsapId="WDU19970880553" xTitle="Ustawa z dnia 6 czerwca 1997 r. - Kodeks karny" xAddress="Dz. U. z 1997 r. Nr 88, poz. 553">art. 91§ 2 kk</xLexLink> i <xLexLink xArt="art. 33;art. 33 § 2;art. 33 § 1;art. 33 § 3" xIsapId="WDU19970880553" xTitle="Ustawa z dnia 6 czerwca 1997 r. - Kodeks karny" xAddress="Dz. U. z 1997 r. Nr 88, poz. 553">art. 33 § 2, § 1 i § 3 kk</xLexLink> wymierzył oskarżonemu <xAnon>W. G.</xAnon> karę łączną 1 roku pozbawienia wolności oraz karę łączną grzywny <xBRx/>w wymiarze 100 stawek dziennych, ustalając wysokość stawki dziennej na kwotę 20 złotych;</xText>
          </xUnit>
          <xUnit xIsTitle="false" xType="none">
            <xName xSffx=".">IV</xName>
            <xText>na mocy <xLexLink xArt="art. 69;art. 69 § 1;art. 69 § 2" xIsapId="WDU19970880553" xTitle="Ustawa z dnia 6 czerwca 1997 r. - Kodeks karny" xAddress="Dz. U. z 1997 r. Nr 88, poz. 553">art. 69 § 1 i § 2 kk</xLexLink> i <xLexLink xArt="art. 70;art. 70 § 1;art. 70 § 1 pkt. 1" xIsapId="WDU19970880553" xTitle="Ustawa z dnia 6 czerwca 1997 r. - Kodeks karny" xAddress="Dz. U. z 1997 r. Nr 88, poz. 553">art. 70 § 1 pkt 1 kk</xLexLink> wykonanie orzeczonej wobec oskarżonego <xAnon>W. G.</xAnon> kary łącznej pozbawienia wolności warunkowo zawiesił na okres próby 2 lat;</xText>
          </xUnit>
          <xUnit xIsTitle="false" xType="none">
            <xName xSffx=".">V</xName>
            <xText>uznał oskarżonego <xAnon>S. K. (1)</xAnon> za winnego popełnienia czynów zarzucanych mu w pkt I aktu oskarżenia, a stanowiących występki z <xLexLink xArt="art. 231;art. 231 § 2" xIsapId="WDU19970880553" xTitle="Ustawa z dnia 6 czerwca 1997 r. - Kodeks karny" xAddress="Dz. U. z 1997 r. Nr 88, poz. 553">art. 231 § 2 kk</xLexLink> w zw. z <xLexLink xArt="art. 91;art. 91 § 1" xIsapId="WDU19970880553" xTitle="Ustawa z dnia 6 czerwca 1997 r. - Kodeks karny" xAddress="Dz. U. z 1997 r. Nr 88, poz. 553">art. 91 § 1kk</xLexLink> i za to na mocy <xLexLink xArt="art. 231;art. 231 § 2" xIsapId="WDU19970880553" xTitle="Ustawa z dnia 6 czerwca 1997 r. - Kodeks karny" xAddress="Dz. U. z 1997 r. Nr 88, poz. 553">art. 231 § 2 kk</xLexLink> w zw. z <xLexLink xArt="art. 91;art. 91 § 1" xIsapId="WDU19970880553" xTitle="Ustawa z dnia 6 czerwca 1997 r. - Kodeks karny" xAddress="Dz. U. z 1997 r. Nr 88, poz. 553">art. 91 § 1 kk</xLexLink> i <xLexLink xArt="art. 33;art. 33 § 2;art. 33 § 1;art. 33 § 3" xIsapId="WDU19970880553" xTitle="Ustawa z dnia 6 czerwca 1997 r. - Kodeks karny" xAddress="Dz. U. z 1997 r. Nr 88, poz. 553">art. 33 § 2, § 1 i § 3 kk</xLexLink> wymierzył mu karę 1 roku pozbawienia wolności oraz karę grzywny w wymiarze 60 stawek dziennych, ustalając wysokość stawki dziennej na kwotę 20 złotych;</xText>
          </xUnit>
          <xUnit xIsTitle="false" xType="none">
            <xName xSffx=".">VI</xName>
            <xText>na mocy <xLexLink xArt="art. 69;art. 69 § 1;art. 69 § 2" xIsapId="WDU19970880553" xTitle="Ustawa z dnia 6 czerwca 1997 r. - Kodeks karny" xAddress="Dz. U. z 1997 r. Nr 88, poz. 553">art. 69 § 1 i § 2 kk</xLexLink> i <xLexLink xArt="art. 70;art. 70 § 1;art. 70 § 1 pkt. 1" xIsapId="WDU19970880553" xTitle="Ustawa z dnia 6 czerwca 1997 r. - Kodeks karny" xAddress="Dz. U. z 1997 r. Nr 88, poz. 553">art. 70 § 1 pkt 1 kk</xLexLink> wykonanie orzeczonej wobec oskarżonego <xAnon>S. K. (1)</xAnon> kary pozbawienia wolności warunkowo zawiesił na okres próby 2 lat;</xText>
          </xUnit>
          <xUnit xIsTitle="false" xType="none">
            <xName xSffx=".">VII</xName>
            <xText>oskarżonego <xAnon>S. K. (2)</xAnon> uniewinnił od popełnienia zarzucanego mu czynu i kosztami postępowania w tej części obciążył Skarb Państwa;</xText>
          </xUnit>
          <xUnit xIsTitle="false" xType="none">
            <xName xSffx=".">VIII</xName>
            <xText>zasadził na rzecz Skarbu Państwa tytułem kosztów sądowych od oskarżonego <xAnon>W. G.</xAnon> kwotę 470 złotych, a od oskarżonego <xAnon>S. K. (1)</xAnon> kwotę 390 złotych.</xText>
          </xUnit>
          
          <xText>Apelacje od wyroku wnieśli: prokurator, obrońca oskarżonego <xAnon>S. K. (1)</xAnon>, obrońca oskarżonego <xAnon>W. G.</xAnon>.</xText>
          
          <xText><xUx>Prokurator,</xUx> zaskarżył wyrok w części dotyczącej <xAnon>S. K. (2)</xAnon>i na podstawie <xLexLink xArt="art. 438;art. 438 pkt. 1" xIsapId="WDU19970890555" xTitle="Ustawa z dnia 6 czerwca 1997 r. - Kodeks postępowania karnego" xAddress="Dz. U. z 1997 r. Nr 89, poz. 555">art. 438 pkt 1 kpk</xLexLink> zarzucił zakurzonemu wyrokowi: obrazę <xLexLink xArt="art. 271;art. 271 § 3" xIsapId="WDU19970880553" xTitle="Ustawa z dnia 6 czerwca 1997 r. - Kodeks karny" xAddress="Dz. U. z 1997 r. Nr 88, poz. 553">artykułów 271 § 3 kk</xLexLink> i <xLexLink xArt="art. 271;art. 271 § 1" xIsapId="WDU19970880553" xTitle="Ustawa z dnia 6 czerwca 1997 r. - Kodeks karny" xAddress="Dz. U. z 1997 r. Nr 88, poz. 553">art. 271 § 1 kk</xLexLink> poprzez wyrażenie błędnego poglądu, iż zachowanie oskarżonego <xAnon>S. K. (2)</xAnon>polegające na poświadczeniu nieprawdy <xBRx/>w protokole odbioru wykonanych robót tj. drogi dojazdowej do Szkoły Podstawowej <xBRx/>w <xAnon>Z.</xAnon>, nie wyczerpuje znamion przestępstwa z <xLexLink xArt="art. 271;art. 271 § 1;art. 271 § 3" xIsapId="WDU19970880553" xTitle="Ustawa z dnia 6 czerwca 1997 r. - Kodeks karny" xAddress="Dz. U. z 1997 r. Nr 88, poz. 553">art. 271 § 1 i 3 kk</xLexLink> gdyż jest to przestępstwo indywidualne właściwe i może je popełnić wyłącznie funkcjonariusz publiczny lub inna osoba uprawniona do wystawienia dokumentu, zaś oskarżony nie należy do żadnej z tych kategorii podmiotów, a tym samym sporządzony przez niego protokół z końcowego odbioru wykonanych robotnie może być traktowany jako dokument o którym mowa w przepisie z <xLexLink xArt="art. 271;art. 271 § 1" xIsapId="WDU19970880553" xTitle="Ustawa z dnia 6 czerwca 1997 r. - Kodeks karny" xAddress="Dz. U. z 1997 r. Nr 88, poz. 553">art. 271 § 1 kk</xLexLink>, co w efekcie skutkowało uniewinnieniem oskarżonego od popełnienia zarzucanego mu czynu mimo, iż prawidłowa ocena prawna, prawidłowo ustalonych przez Sąd okoliczności popełnienia czynu przez <xAnon>S. K. (2)</xAnon>uzasadnia uznanie go winnym zarzucanego mu przestępstwa stypizowanego w <xLexLink xArt="art. 271;art. 271 § 3" xIsapId="WDU19970880553" xTitle="Ustawa z dnia 6 czerwca 1997 r. - Kodeks karny" xAddress="Dz. U. z 1997 r. Nr 88, poz. 553">art. 271 § 3</xLexLink> w zw. z <xLexLink xArt="art. 271;art. 271 § 1" xIsapId="WDU19970880553" xTitle="Ustawa z dnia 6 czerwca 1997 r. - Kodeks karny" xAddress="Dz. U. z 1997 r. Nr 88, poz. 553">art. 271 § 1 kk</xLexLink>.</xText>
          <xText>Formułując zarzut jak wyżej skarżący wniósł o uchylenie zaskarżonego wyroku części dotyczącej oskarżonego <xAnon>S. K. (2)</xAnon> i przekazanie sprawy tego oskarżonego do ponownego rozpoznania Sądowi Rejonowemu w Sandomierzu.</xText>
          
          <xText><xUx>Obrońca oskarżonego <xAnon>S. K. (1)</xAnon></xUx>, na podstawie <xLexLink xArt="art. 438;art. 438 pkt. 2;art. 438 pkt. 3" xIsapId="WDU19970890555" xTitle="Ustawa z dnia 6 czerwca 1997 r. - Kodeks postępowania karnego" xAddress="Dz. U. z 1997 r. Nr 89, poz. 555">art. 438 pkt 2 i 3 kpk</xLexLink> zarzucił zaskarżonemu wyrokowi:</xText>
          <xUnit xIsTitle="false" xType="none">
            <xName xSffx=".">1</xName>
            <xText>naruszenie przepisów postępowania karnego, mogące mieć wpływ na treść wyroku, a mianowicie</xText>
          </xUnit>
          
          <xText>- <xLexLink xArt="art. 4" xIsapId="WDU19970890555" xTitle="Ustawa z dnia 6 czerwca 1997 r. - Kodeks postępowania karnego" xAddress="Dz. U. z 1997 r. Nr 89, poz. 555">art. 4 kpk</xLexLink> poprzez niedostateczne uwzględnienie okoliczności przemawiających na korzyść oskarżonego,</xText>
          <xText>- <xLexLink xArt="art. 7" xIsapId="WDU19970890555" xTitle="Ustawa z dnia 6 czerwca 1997 r. - Kodeks postępowania karnego" xAddress="Dz. U. z 1997 r. Nr 89, poz. 555">art. 7 kpk</xLexLink>, poprzez ocenę zebranego w sprawie materiału dowodowego wykraczającą poza ramy tegoż przepisu i przyjęcie że zgromadzony materiał dowodowy pozwala na przypisanie oskarżonemu <xAnon>S. K. (1)</xAnon> popełnienia występku określonego w <xLexLink xArt="art. 231;art. 231 § 2" xIsapId="WDU19970880553" xTitle="Ustawa z dnia 6 czerwca 1997 r. - Kodeks karny" xAddress="Dz. U. z 1997 r. Nr 88, poz. 553">art. 231 § 2 kk</xLexLink> w zw. z <xLexLink xArt="art. 91;art. 91 § 1" xIsapId="WDU19970880553" xTitle="Ustawa z dnia 6 czerwca 1997 r. - Kodeks karny" xAddress="Dz. U. z 1997 r. Nr 88, poz. 553">art. 91 § 1 kk</xLexLink>,</xText>
          <xText>- <xLexLink xArt="art. 92" xIsapId="WDU19970890555" xTitle="Ustawa z dnia 6 czerwca 1997 r. - Kodeks postępowania karnego" xAddress="Dz. U. z 1997 r. Nr 89, poz. 555">art. 92</xLexLink> o 410 <xLexLink xArt="" xIsapId="WDU19970890555" xTitle="Ustawa z dnia 6 czerwca 1997 r. - Kodeks postępowania karnego" xAddress="Dz. U. z 1997 r. Nr 89, poz. 555">kpk</xLexLink>, poprzez ustalenie stanu faktycznego w sprawie i wyrokowanie <xBRx/>z pominięciem całokształtu okoliczności ujawnionych w toku postępowania,</xText>
          <xText>- <xLexLink xArt="art. 389;art. 389 § 1;art. 389 § 2" xIsapId="WDU19970890555" xTitle="Ustawa z dnia 6 czerwca 1997 r. - Kodeks postępowania karnego" xAddress="Dz. U. z 1997 r. Nr 89, poz. 555">art. 389 § 1 i 2 kpk</xLexLink>, poprzez nie odczytanie na rozprawie protokołu wyjaśnień oskarżonego <xAnon>S. K. (1)</xAnon> w odpowiednim zakresie, złożonych <xBRx/>w postępowaniu przygotowawczym, które są sprzeczne z wyjaśnieniami złożonymi na rozprawie (co do znajomości ustawy o pracownikach samorządowych <xBRx/>i uczestnictwa w omawianiu wyników kontroli <xAnon>R.</xAnon>),</xText>
          <xText>- <xLexLink xArt="art. 424;art. 424 § 1" xIsapId="WDU19970890555" xTitle="Ustawa z dnia 6 czerwca 1997 r. - Kodeks postępowania karnego" xAddress="Dz. U. z 1997 r. Nr 89, poz. 555">art. 424 § 1 kpk</xLexLink> przez omawianie i przytoczenie w pisemnym uzasadnieniu wyroku sprzeczności w wyjaśnieniach oskarżonego złożonych w postępowaniu przygotowawczym i na rozprawie, obdarzenie walorem wiarygodności wyjaśnień oskarżonego z postępowania przygotowawczego chociaż te wyjaśnienia nie zostały odczytane na rozprawie w trybie <xLexLink xArt="art. 389" xIsapId="WDU19970890555" xTitle="Ustawa z dnia 6 czerwca 1997 r. - Kodeks postępowania karnego" xAddress="Dz. U. z 1997 r. Nr 89, poz. 555">art. 389 kpk</xLexLink>,</xText>
          <xUnit xIsTitle="false" xType="none">
            <xName xSffx=".">2</xName>
            <xText>błąd w ustaleniach faktycznych przyjętych za podstawę zaskarżonego wyroku i mający wpływ na jego treść, a będący następstwem obrazy przepisów postępowania, polegający na uznaniu oskarżonego winnym popełnienia przestępstwa z <xLexLink xArt="art. 231;art. 231 § 2" xIsapId="WDU19970880553" xTitle="Ustawa z dnia 6 czerwca 1997 r. - Kodeks karny" xAddress="Dz. U. z 1997 r. Nr 88, poz. 553">art. 231 § 2 kk</xLexLink> w zw. z <xLexLink xArt="art. 91;art. 91 § 1" xIsapId="WDU19970880553" xTitle="Ustawa z dnia 6 czerwca 1997 r. - Kodeks karny" xAddress="Dz. U. z 1997 r. Nr 88, poz. 553">art. 91 § 1 kk</xLexLink>, chociaż wnikliwa i wszechstronna ocena całokształtu zebranego materiału dowodowego przeczy ustaleniom <xBRx/>w zakresie winy dokonanym przez Sąd I instancji.</xText>
          </xUnit>
          <xText>W konkluzji skarżący wniósł o zmianę zaskarżonego wyroku przez uniewinnienie oskarżonego od popełnienia zarzucanego mu czynu, ewentualnie <xBRx/>o uchylenie zaskarżonego wyroku i przekazanie sprawy do ponownego rozpoznania Sądowi I instancji.</xText>
          
          <xText><xUx>Obrońca oskarżonego <xAnon>W. G.</xAnon></xUx> zarzucił zaskarżonemu wyrokowi:</xText>
          <xUnit xIsTitle="false" xType="none">
            <xName xSffx=".">1</xName>
            <xText>na podstawie <xLexLink xArt="art. 438;art. 438 pkt. 3" xIsapId="WDU19970890555" xTitle="Ustawa z dnia 6 czerwca 1997 r. - Kodeks postępowania karnego" xAddress="Dz. U. z 1997 r. Nr 89, poz. 555">art. 438 pkt 3 kpk</xLexLink> błąd w ustaleniach faktycznych, przyjętych za jego podstawę, a mający wpływ na treść wyroku poprzez ustalenie na podstawie prawidłowej oceny dowodów, że oskarżony <xAnon>W. G.</xAnon>otrzymując nagrody przyznane przez przewodniczącego rady gminy  przekroczył swoje uprawnienia i działał z zamiarem przywłaszczenia mienia gminnego, a tym samym popełnił przestępstwa,</xText>
          </xUnit>
          <xUnit xIsTitle="false" xType="none">
            <xName xSffx=".">2</xName>
            <xText>na podstawie art. 438 pkt 2 obrazę przepisów postępowania, która mogła mieć wpływ na treść orzeczenia, a to:</xText>
          </xUnit>
          <xText>- <xLexLink xArt="art. 4" xIsapId="WDU19970890555" xTitle="Ustawa z dnia 6 czerwca 1997 r. - Kodeks postępowania karnego" xAddress="Dz. U. z 1997 r. Nr 89, poz. 555">art. 4</xLexLink> w zw. z <xLexLink xArt="art. 410" xIsapId="WDU19970890555" xTitle="Ustawa z dnia 6 czerwca 1997 r. - Kodeks postępowania karnego" xAddress="Dz. U. z 1997 r. Nr 89, poz. 555">art. 410 kpk</xLexLink> poprzez nie uwzględnienie okoliczności wskazujących na niewinność oskarżonego <xAnon>W. G.</xAnon>,</xText>
          <xText>- <xLexLink xArt="art. 7" xIsapId="WDU19970890555" xTitle="Ustawa z dnia 6 czerwca 1997 r. - Kodeks postępowania karnego" xAddress="Dz. U. z 1997 r. Nr 89, poz. 555">art. 7 kpk</xLexLink> poprzez dokonanie oceny dowodów wbrew wskazaniom wyrażonym <xBRx/>w tym przepisie,</xText>
          <xText>- <xLexLink xArt="art. 5;art. 5 § 2" xIsapId="WDU19970890555" xTitle="Ustawa z dnia 6 czerwca 1997 r. - Kodeks postępowania karnego" xAddress="Dz. U. z 1997 r. Nr 89, poz. 555">art. 5 § 2 kpk</xLexLink> poprzez nie rozstrzygnięcie nie dających się usunąć wątpliwości na korzyść oskarżonego.</xText>
          <xText>Wskazując na powyższe skarżący wniósł o:</xText>
          <xUnit xIsTitle="false" xType="none">
            <xName xSffx=".">1</xName>
            <xText>zmianę zaskarżonego wyroku i uniewinnienie oskarżonego <xAnon>W. G.</xAnon> ewentualnie z ostrożności procesowej, umorzenie postępowania ze względu na znikomy stopień społecznej szkodliwości czynu</xText>
          </xUnit>
          <xText>względnie</xText>
          <xUnit xIsTitle="false" xType="none">
            <xName xSffx=".">2</xName>
            <xText>uchylenie zaskarżonego wyroku i przekazanie sprawy do ponownego rozpoznania Sądowi Rejonowemu w Sandomierzu.</xText>
          </xUnit>
          
          <xText xALIGNx="center">
            <xUx>Sąd Okręgowy zważył co następuje:</xUx>
          </xText>
          
          <xText>Apelacje: prokuratora i obrońcy oskarżonego <xAnon>S. K. (1)</xAnon> nie są zasadne i na uwzględnienie nie zasługują.</xText>
          <xText>Apelacja obrońcy oskarżonego <xAnon>W. G.</xAnon> okazała się o tyle skuteczna, o ile doprowadziła do uchylenia zaskarżonego wyroku i przekazania sprawy do ponownego rozpoznania Sądowi I instancji.</xText>
          <xText>
            <xUx>Odnośnie apelacji prokuratora.</xUx>
          </xText>
          <xText>Apelacja ta nie jest zasadna. Wbrew zarzutowi skarżącego Sąd I instancji uniewinniając <xAnon>S. K. (2)</xAnon>od popełnienia zarzucanego mu czynu nie obraził wskazanych przez skarżącego przepisów prawa karnego materialnego. Prawidłowo Sąd Rejonowy ustalił, iż z treści dokumentu z k. 260 wynika, że odbioru drogi dojazdowej do <xAnon>S. P.</xAnon>w miejscow3ości <xAnon>Z.</xAnon>, której realizację zakończono w dniu 2 czerwca 2003r., dokonał oskarżony <xAnon>S. K. (2)</xAnon>, - oraz <xAnon>Z. P.</xAnon>– kierownik budowy.</xText>
          <xText>Jakość wykonanych robót oceniona została jako dobra. Jest rzeczą oczywistą, co akcentował sam oskarżyciel publiczny kierując do Sądu akt oskarżenia w niniejszej sprawie, iż w toku postępowania nie ujawniono umowy pomiędzy <xAnon>S. K. (2)</xAnon>, a <xAnon>(...)</xAnon> o nadzór nad wykonaniem przedmiotowej drogi.</xText>
          <xText>Ten stan rzeczy nie uległ zmianie w toku postępowania jakie w niniejszej sprawie prowadził Sąd Rejonowy. Faktem jest, iż Urząd Gminy (k. 306) wypłacił oskarżonemu <xAnon>S. K. (4)</xAnon> wynagrodzenie „za pełnienie nadzoru” przy budowie przedmiotowej drogi.</xText>
          <xText>Okoliczność ta nie uprawnia do jednoznacznego stwierdzenia, iż faktycznie oskarżony zobowiązany był do sprawowania przedmiotowego nadzoru. W oparciu <xBRx/>o ten dokument oraz wyjaśnienie samego oskarżonego (m. in. z k. 1375-1376) nie można czynić jednoznacznych i pewnych ustaleń, iż był on osobą uprawnioną do sprawowania tego nadzoru i wystawiania dokumentów związanych ze sprawowaniem funkcji inspektora nadzoru nad wykonywaniem przedmiotowej drogi.</xText>
          <xText>Oskarżony <xAnon>S. K. (2)</xAnon> przesłuchiwany w toku postępowania przyznał (k. 1376), iż pełnił <xUx>nadzór nad budową szkoły</xUx>.</xText>
          <xText>Tymczasem realizacja przedmiotowej drogi była inwestycja odrębną, nie wchodziła w zakres prac związanych z budową szkoły.</xText>
          <xText>W tym stanie rzeczy sam fakt podpisania przedmiotowego protokołu (k. 260), pobrania wynagrodzenia (k. 307), przy braku pewnych i jednoznacznych dowodów świadczących o tym, iż <xAnon>S. K. (2)</xAnon> był osobą faktycznie uprawnioną do sprawowania przedmiotowego nadzoru nie pozwala na ustalenie sprawstwa oskarżonego <xAnon>S. K. (2)</xAnon> w zakresie zarzucanego mu czynu.</xText>
          <xText>Biorąc pod uwagę powyższe zaskarżony wyrok w części dotyczącej tego oskarżonego należało utrzymać w mocy (<xLexLink xArt="art. 437;art. 437 § 1" xIsapId="WDU19970890555" xTitle="Ustawa z dnia 6 czerwca 1997 r. - Kodeks postępowania karnego" xAddress="Dz. U. z 1997 r. Nr 89, poz. 555">art. 437 § 1 kpk</xLexLink>).</xText>
          <xText>W oparciu o przepis <xLexLink xArt="art. 636;art. 636 § 1" xIsapId="WDU19970890555" xTitle="Ustawa z dnia 6 czerwca 1997 r. - Kodeks postępowania karnego" xAddress="Dz. U. z 1997 r. Nr 89, poz. 555">art. 636 § 1 kpk</xLexLink> kosztami procesu za postępowanie odwoławcze obciążono Skarb Państwa.</xText>
          <xText>
            <xUx>Odnośnie apelacji obrońcy oskarżonego <xAnon>S. K. (1)</xAnon>.</xUx>
          </xText>
          <xText>Apelacja obrońcy oskarżonego <xAnon>S. K. (1)</xAnon> nie jest zasadna i na uwzględnienie nie zasługuje.</xText>
          <xText>Wbrew zarzutom skarżącego materiał dowodowy zgromadzony przez Sąd I instancji daje podstawy do uznania oskarżonego winnym popełnienia przypisanych mu występków.</xText>
          <xText>Jest rzeczą oczywistą, na co wskazuje skarżący, iż wobec nieujawnienia przez Sąd I instancji, w trybie <xLexLink xArt="art. 389" xIsapId="WDU19970890555" xTitle="Ustawa z dnia 6 czerwca 1997 r. - Kodeks postępowania karnego" xAddress="Dz. U. z 1997 r. Nr 89, poz. 555">art. 389 kpk</xLexLink> wyjaśnień składanych przez oskarżonego <xAnon>S. K. (1)</xAnon> w toku postępowania przygotowawczego, wyjaśnienia te nie mogą w myśl <xLexLink xArt="art. 410" xIsapId="WDU19970890555" xTitle="Ustawa z dnia 6 czerwca 1997 r. - Kodeks postępowania karnego" xAddress="Dz. U. z 1997 r. Nr 89, poz. 555">art. 410 kpk</xLexLink> stanowić podstawy do dokonywania ustaleń w sprawie.</xText>
          <xText>Dokonana przez Sąd Rejonowy ocena tych wyjaśnień, wskazanie iż pozostają one w sprzeczności z treścią wyjaśnień składanych przez oskarżonego na rozprawie, stanowi niewątpliwie obrazę <xLexLink xArt="art. 389" xIsapId="WDU19970890555" xTitle="Ustawa z dnia 6 czerwca 1997 r. - Kodeks postępowania karnego" xAddress="Dz. U. z 1997 r. Nr 89, poz. 555">art. 389 kpk</xLexLink>, jednakże uchybienie to nie ma wpływu na treść wyroku.</xText>
          <xText>Pozostałe dowody jakimi dysponował Sąd I instancji szczegółowo przytoczone przez tenże Sąd w pisemnych motywach zaskarżonego wyroku, ocenione zgodnie <xBRx/>z wymogami określonymi w <xLexLink xArt="art. 4" xIsapId="WDU19970890555" xTitle="Ustawa z dnia 6 czerwca 1997 r. - Kodeks postępowania karnego" xAddress="Dz. U. z 1997 r. Nr 89, poz. 555">art. 4 kpk</xLexLink> i <xLexLink xArt="art. 7" xIsapId="WDU19970890555" xTitle="Ustawa z dnia 6 czerwca 1997 r. - Kodeks postępowania karnego" xAddress="Dz. U. z 1997 r. Nr 89, poz. 555">art. 7 kpk</xLexLink> pozwoliły na poczynienie jednoznacznych i pewnych ustaleń wskazujących na sprawstwo oskarżonego <xBRx/>w zakresie przypisanych mu czynów.</xText>
          <xText>Sąd Rejonowy zasadnie przyjął, odwołując się do wskazanych przez siebie dokumentów, iż oskarżony od 1990r. do 1994r. pełnił funkcję <xAnon>(...)</xAnon>, zaś w latach 1998r.do 2010r. pełnił funkcję<xAnon>(...)</xAnon></xText>
          <xText>Sąd ten w sposób prawidłowy ustalił upoważnienia <xAnon>(...)</xAnon>jakie przysługiwały mu co do czynności z zakresu pracy wobec<xAnon>(...)</xAnon>wynikające z brzmienia uchwały Rady Gminy w <xAnon>(...)</xAnon>z dnia 5 grudnia 2006r. nr II/5/06.</xText>
          <xText>Nie ulega najmniejszej wątpliwości, iż treść powyższej uchwały była znana oskarżonemu, bowiem jej wykonanie powierzono właśnie jemu samemu, oraz pod jej treścią sam oskarżony osobiście się podpisał. § 3 wyżej cytowanej uchwały precyzyjnie określa zakres upoważnienia <xAnon>(...)</xAnon> do dokonywania czynności z zakresu prawa pracy wobec wójta gminy. Treść powyższej uchwały jest jasna i oczywista.</xText>
          <xText>W katalogu uprawnień przysługujących przewodniczącemu rady gminy, <xBRx/>w myśl cytowanej uchwały, nie przewidziano uprawnienia do przyznawania nagród <xAnon>(...)</xAnon></xText>
          <xText>Nadmienić przy tym należy, iż treść § 3 tejże uchwały miała brzmienie identyczne z uchwałą dotyczącą tej samej kwestii podjętą przez Radę Gminy <xBRx/><xAnon>(...)</xAnon> w dniu 20 listopada 2002r.</xText>
          <xText>Ponadto „nieprawidłowości” sygnalizowane przez Sąd I instancji w zakresie nagród przyznawanych <xAnon>(...)</xAnon>już w 2002r. stwierdzone zostały przez Regionalną Izbę Obrachunkową, która w latach 2003-2004 dokonywała kompleksowej kontroli gospodarki finansowej gminy za okres 2002r.</xText>
          <xText>Nadto przeprowadzając kolejną kontrolę w tym zakresie w 2006r. Regionalna Izba Obrachunkowa, wprawdzie nie stwierdziła uchybień w powyżej wskazanym zakresie, tym niemniej w protokole pokontrolnym akcentowano ponownie zakaz przyznawania nagród wójtowi gminy wynikający z przepisów ustawy o pracownikach samorządowych.</xText>
          <xText>Słusznie postąpił Sąd Rejonowy traktując wyjaśnienia oskarżonego, w których twierdził, że nie znał treści ustawy o pracownikach samorządowych, oraz wystąpienia pokontrolnego Regionalnej Izby Obrachunkowej z 2004r., a także że nie uczestniczył w podsumowaniu kontroli przeprowadzonej w 2006r. za konsekwencję przyjętej przez niego linii obrony. Wyjaśnieniom tym przeczą reguły logicznego rozumowania <xBRx/>i doświadczenia życiowego, a także wyjaśnienia oskarżonego <xAnon>W. G.</xAnon><xBRx/>i zeznania świadków: <xAnon>J. N.</xAnon> i <xAnon>B. W.</xAnon>, słusznie uznane przez Sąd za miarodajną podstawę do dokonania ustaleń faktycznych. W świetle dowodów zgromadzonych przez Sąd I instancji, wina i okoliczności popełnienia przez oskarżonego <xAnon>S. K. (1)</xAnon> przypisanych mu czynów nie budzą żadnych wątpliwości.</xText>
          <xText>Oskarżony <xAnon>S. K. (1)</xAnon>przyznając <xAnon>(...)</xAnon>nagrody w okolicznościach ustalonych przez Sąd I instancji przekroczył swoje uprawnienia przyznane mu Uchwałą Rady Gminy <xAnon>(...)</xAnon>z dnia 5.12.2006r., o której była mowa powyżej, a tym samym wypełnił znamiona występków z <xLexLink xArt="art. 231;art. 231 § 2" xIsapId="WDU19970880553" xTitle="Ustawa z dnia 6 czerwca 1997 r. - Kodeks karny" xAddress="Dz. U. z 1997 r. Nr 88, poz. 553">art. 231 § 2 kk</xLexLink> w zw. <xBRx/>z <xLexLink xArt="art. 91;art. 91 § 1" xIsapId="WDU19970880553" xTitle="Ustawa z dnia 6 czerwca 1997 r. - Kodeks karny" xAddress="Dz. U. z 1997 r. Nr 88, poz. 553">art. 91 § 1 kk</xLexLink>.</xText>
          <xText>Skarżący kwestionując ustalenia faktyczne poczynione przez Sąd Rejonowy w zakresie tych występków, nie przytoczył żadnych racjonalnych argumentów, które byłyby w stanie podważyć tok rozumowania Sądu prowadzący do tych ustaleń.</xText>
          <xText>Biorąc pod uwagę dyrektywy wymiaru kary, a więc uwzględniając te okoliczności, które były przedmiotem ocen i rozważań Sądu I instancji, nie można uznać kar wymierzonych oskarżonemu za rażąco niesprawiedliwie surowe.</xText>
          <xText>Kary te jawią się jako sprawiedliwe i wyważone.</xText>
          <xText>Uwzględniając powyższe, na podstawie <xLexLink xArt="art. 437;art. 437 § 1" xIsapId="WDU19970890555" xTitle="Ustawa z dnia 6 czerwca 1997 r. - Kodeks postępowania karnego" xAddress="Dz. U. z 1997 r. Nr 89, poz. 555">art. 437 § 1 kpk</xLexLink> orzeczono jak <xBRx/>w wyroku.</xText>
          <xText>O kosztach sądowych w postępowaniu odwoławczym orzeczono na podstawie <xLexLink xArt="art. 627" xIsapId="WDU19970890555" xTitle="Ustawa z dnia 6 czerwca 1997 r. - Kodeks postępowania karnego" xAddress="Dz. U. z 1997 r. Nr 89, poz. 555">art. 627 kpk</xLexLink>.</xText>
          <xText>
            <xUx>Odnośnie apelacji obrońcy oskarżonego <xAnon>W. G.</xAnon>.</xUx>
          </xText>
          <xText>Fakt pobierania przedmiotowych nagród przez oskarżonego <xAnon>W. G.</xAnon>w okresie objętym aktem oskarżenia jest oczywisty. Nie był on przez skarżącego kwestionowany. Słusznie postąpił Sąd Rejonowy odmawiając przymiotu wiarygodności, tym wyjaśnieniom oskarżonego <xAnon>W. G.</xAnon>, w których twierdził, że nie znał treści ustawy o pracownikach samorządowych i nie wiedział <xBRx/>o zakazie przyznawania nagród <xAnon>(...)</xAnon> gminy, wynikającym z przepisu art. 20 ust. 5 wyżej cytowanej ustawy.</xText>
          <xText>Oskarżony zapoznawał się z treścią protokołu pokontrolnego sporządzonego przez Regionalną Izbę Obrachunkową w <xAnon>K.</xAnon> z 2004r. i nie podważając zasadności tej kontroli i prawidłowości jej wyników w zakresie stwierdzonych nieprawidłowości przez przyznawaniu nagród, nie czekając nawet na wystąpienie pokontrolne zwrócił pobrane nagrody.</xText>
          <xText>Oskarżony zapoznał się również z treścią wystąpienia pokontrolnego z tej kontroli.</xText>
          <xText>Nie może więc oskarżony zasadnie twierdzić, że nie znał treści ustawy <xBRx/>o pracownikach samorządowych, oraz ze nie wiedział, o statuowanym w niej zakazie przyznawania nagród <xAnon>(...)</xAnon> gminy.</xText>
          <xText>Jest rzeczą oczywistą, iż obowiązywanie powyższego „zakazu” akcentowano także w 2006r., kiedy to przeprowadzono kolejna kompleksową kontrolę gospodarki finansowej gminy za 2005r.</xText>
          <xText>Również i z tej kontroli sporządzono protokół i wystąpienie pokontrolne, przy czym oskarżony zapoznał się z treścią tych dokumentów.</xText>
          <xText>Jest również rzeczą oczywistą, iż oskarżony w przypadkach ustalonych przez Sąd I instancji podpisał lity płac opiewające na świadczenia w postaci przedmiotowych nagród.</xText>
          <xText>Sąd Rejonowy prawidłowo ustalił, o czym była już mowa we wcześniejszych dywagacjach, że decyzje w zakresie przyznawania przedmiotowych nagród podejmował <xAnon>(...)</xAnon>, który ponadto wykonywał w stosunku do <xAnon>(...)</xAnon> kompetencji z zakresu prawa pracy.</xText>
          <xText>Oceniając materiał dowodowy zgromadzony w niniejszej sprawie Sąd Rejonowy nie ustalił, czy i jakie mechanizmy prawne przysługiwały oskarżonemu <xBRx/>w zakresie kwestionowania decyzji przewodniczącego rady Gminy co do przyznanych mu nagród i czy ewentualne nie skorzystanie z nich daje podstawę do przyjęcia, że oskarżony nie dopełnił ciążącego na nim obowiązku w myśl <xLexLink xArt="art. 231;art. 231 § 1" xIsapId="WDU19970880553" xTitle="Ustawa z dnia 6 czerwca 1997 r. - Kodeks karny" xAddress="Dz. U. z 1997 r. Nr 88, poz. 553">art. 231 § 1 kk</xLexLink>.</xText>
          <xText>Składanie przez oskarżonego podpisów na przedmiotowych listach płac, wbrew temu co ustala Sąd I instancji, nie było warunkiem koniecznym do wypłaty nagród, albowiem, co słusznie akcentuje skarżący, również i w przypadku, gdy oskarżony nie podpisał listy płac, nagroda została mu wypłacona (czyn z pkt II wyroku).</xText>
          <xText>W tej sytuacji, dokonanej przez Sąd I instancji oceny dowodów nie można uznać za wyczerpującą i pozwalającą na dokonanie jednoznacznych ustaleń <xBRx/>w zakresie odpowiedzialności oskarżonego w myśl <xLexLink xArt="art. 231;art. 231 § 2" xIsapId="WDU19970880553" xTitle="Ustawa z dnia 6 czerwca 1997 r. - Kodeks karny" xAddress="Dz. U. z 1997 r. Nr 88, poz. 553">art. 231 § 2 kk</xLexLink>.</xText>
          <xText>Sąd Rejonowy w toku ponownego rozpoznania sprawy winien ustalić, czy <xBRx/>i jakie czynności prawne mógł podejmować <xAnon>(...)</xAnon>wobec decyzji <xAnon>(...)</xAnon> Gminy przyznających przedmiotowe nagrody, jakie faktycznie znaczenie miały podpisy składane przez oskarżonego na listach płac obejmujących wypłatę przedmiotowych nagród.</xText>
          <xText>Sąd Rejonowy rozważy również, przy uwzględnieniu realiów niniejszej sprawy zasadność stawianego oskarżonemu zarzutu z <xLexLink xArt="art. 284;art. 284 § 1" xIsapId="WDU19970880553" xTitle="Ustawa z dnia 6 czerwca 1997 r. - Kodeks karny" xAddress="Dz. U. z 1997 r. Nr 88, poz. 553">art. 284 § 1 kk</xLexLink>.</xText>
          <xText>Biorąc pod uwagę powyższe, na podstawie <xLexLink xArt="art. 437;art. 437 § 2" xIsapId="WDU19970890555" xTitle="Ustawa z dnia 6 czerwca 1997 r. - Kodeks postępowania karnego" xAddress="Dz. U. z 1997 r. Nr 89, poz. 555">art. 437 § 2 kpk</xLexLink> orzeczono jak <xBRx/>w wyroku.</xText>
          
          <xText>/SSO Ewa Opozda-Kałka/ /SSO Tomasz Nowak/ /SSO Krzysztof Sajtyna/<xBRx/></xText>
        </xUnit>
      </xBlock>
    </xPart>
  </judgement>
</judgements>