<?xml version="1.0" encoding="UTF-8"?>
<judgements>
<judgement id="155025000002006_IV_Ka_000850_2013_Uz_2013-11-26_001">
    <xPart xEditorFullName="Bogumiła Skrzypek" xYear="2013" xLang="PL" xPublisherFullName="Bogumiła Skrzypek" xFromPg="1" xEditor="bskrzypek" xVolType="15/502500/0002006/Ka" xPublisher="bskrzypek" xDocType="Uz" xVolNmbr="000850" xVersion="1.0" xToPage="4" xFlag="published">
      <xName>Wyrok+Uzasadnienie</xName>
      <xBlock>
        <xText>
          <xBx>Sygn. akt. IV Ka 850/13 </xBx>
        </xText>
        <xUnit xIsTitle="true" xBold="true" xType="part">
          <xName>WYROK</xName>
          <xTitle>W IMIENIU RZECZYPOSPOLITEJ POLSKIEJ</xTitle>
          <xText xALIGNx="right"><xBx>Dnia 21 listopada 2013r</xBx>.</xText>
          <xText>
            <xBx>Sąd Okręgowy we Wrocławiu Wydział IV Karny Odwoławczy w składzie:</xBx>
          </xText>
          <xText>
            <xBx>Przewodniczący:  SSO  Krzysztof Głowacki (spr.)</xBx>
          </xText>
          <xText>
            <xBx>Sędziowie:  SSO  Dorota Kropiewnicka</xBx>
          </xText>
          <xText>
            <xBx>SSO Grzegorz Szepelak</xBx>
          </xText>
          <xText>Protokolant Artur Łukiańczyk</xText>
          <xText>przy udziale <xAnon>L. K.</xAnon> Prokuratora Prokuratury Okręgowej</xText>
          <xText>po rozpoznaniu w dniu 21 listopada 2013r.</xText>
          <xText>sprawy</xText>
          <xText><xBx>I.<xAnon>S. K.</xAnon></xBx>oskarżonego o czyn z <xLexLink xArt="art. 226;art. 226 § 1" xIsapId="WDU19970880553" xTitle="Ustawa z dnia 6 czerwca 1997 r. - Kodeks karny" xAddress="Dz. U. z 1997 r. Nr 88, poz. 553">art.226§1 kk</xLexLink>. oraz <xLexLink xArt="art. 222;art. 222 § 1" xIsapId="WDU19970880553" xTitle="Ustawa z dnia 6 czerwca 1997 r. - Kodeks karny" xAddress="Dz. U. z 1997 r. Nr 88, poz. 553">art.222§1 kk</xLexLink>.</xText>
          <xText><xBx>II. <xAnon>Ł. W.</xAnon></xBx> oskarżonego o czyn z <xLexLink xArt="art. 226;art. 226 § 1" xIsapId="WDU19970880553" xTitle="Ustawa z dnia 6 czerwca 1997 r. - Kodeks karny" xAddress="Dz. U. z 1997 r. Nr 88, poz. 553">art.226§1 kk</xLexLink>.</xText>
          <xText>na skutek apelacji wniesionych przez prokuratora i oskarżonego <xAnon>Ł. W.</xAnon></xText>
          <xText>od wyroku zaocznego Sądu Rejonowego dla Wrocławia – Śródmieścia</xText>
          <xText>z dnia 17 maja 2013 roku sygn. akt V K 183/13</xText>
          
          <xUnit xIsTitle="false" xType="none">
            <xName xSffx=".">I</xName>
            <xText>
              <xBx>zmienia zaskarżony wyrok w stosunku do <xAnon>S. K.</xAnon> w ten sposób, że: </xBx>
            </xText>
          </xUnit>
          <xUnit xIsTitle="false" xType="none">
            <xName xSffx=")">a</xName>
            <xText>
              <xBx>za podstawę orzeczenia zawartego w pkt IX części dyspozytywnej zaskarżonego wyroku przyjmuje przepis <xLexLink xArt="art. 69;art. 69 § 1;art. 69 § 2" xIsapId="WDU19970880553" xTitle="Ustawa z dnia 6 czerwca 1997 r. - Kodeks karny" xAddress="Dz. U. z 1997 r. Nr 88, poz. 553">art.69§1 i 2 kk</xLexLink>. w zw. z <xLexLink xArt="art. 70;art. 70 § 2" xIsapId="WDU19970880553" xTitle="Ustawa z dnia 6 czerwca 1997 r. - Kodeks karny" xAddress="Dz. U. z 1997 r. Nr 88, poz. 553">art.70§2 kk</xLexLink>.;</xBx>
            </xText>
          </xUnit>
          <xUnit xIsTitle="false" xType="none">
            <xName xSffx=")">b</xName>
            <xText>
              <xBx>na podstawie <xLexLink xArt="art. 73;art. 73 § 2" xIsapId="WDU19970880553" xTitle="Ustawa z dnia 6 czerwca 1997 r. - Kodeks karny" xAddress="Dz. U. z 1997 r. Nr 88, poz. 553">art.73§2 kk</xLexLink>. oddaje <xAnon>S. K.</xAnon> w okresie próby pod dozór kuratora sądowego; </xBx>
            </xText>
          </xUnit>
          <xUnit xIsTitle="false" xType="none">
            <xName xSffx=".">II</xName>
            <xText>
              <xBx>w pozostałej części zaskarżony wyrok utrzymuje w mocy;</xBx>
            </xText>
          </xUnit>
          <xUnit xIsTitle="false" xType="none">
            <xName xSffx=".">III</xName>
            <xText>
              <xBx>zwalnia oskarżonych <xAnon>S. K.</xAnon> i <xAnon>Ł. W.</xAnon> od ponoszenia kosztów sądowych za postępowanie odwoławcze.</xBx>
            </xText>
          </xUnit>
        </xUnit>
        <xUnit xIsTitle="true" xBold="true" xType="part">
          <xName>UZASADNIENIE</xName>
          <xText>Prokurator Rejonowy dla Wrocławia <xAnon>S.</xAnon> oskarżył:</xText>
          <xText>1. <xBx><xAnon>Ł. W.</xAnon></xBx> o to, że:</xText>
          <xText>I. w dniu 27 września 2012 roku we <xAnon>W.</xAnon> znieważył funkcjonariusza Policji <xAnon>J. K.</xAnon> słowami powszechnie uznanymi za obraźliwe, podczas i w związku z pełnieniem przez niego obowiązków służbowych, <xBx>tj. o czyn z <xLexLink xArt="art. 226;art. 226 § 1" xIsapId="WDU19970880553" xTitle="Ustawa z dnia 6 czerwca 1997 r. - Kodeks karny" xAddress="Dz. U. z 1997 r. Nr 88, poz. 553">art.226§1 kk</xLexLink>.</xBx></xText>
          <xText>2. <xBx><xAnon>S. K.</xAnon></xBx> o to, że:</xText>
          <xText>II. w dniu 27 września 2012 roku we <xAnon>W.</xAnon> użył przemocy w stosunku do funkcjonariusza Policji <xAnon>J. K.</xAnon> podczas i w związku z pełnieniem przez niego obowiązków służbowych, w ten sposób, że używając siły fizycznej przewrócił go na podłogę radiowozu<xBx>, </xBx></xText>
          <xText>
            <xBx>tj. o czyn z <xLexLink xArt="art. 222;art. 222 § 1" xIsapId="WDU19970880553" xTitle="Ustawa z dnia 6 czerwca 1997 r. - Kodeks karny" xAddress="Dz. U. z 1997 r. Nr 88, poz. 553">art.222§1 kk</xLexLink>.</xBx>
          </xText>
          <xText>III. w dniu 27 września 2012 roku we <xAnon>W.</xAnon> znieważył funkcjonariusza Policji <xAnon>M. S.</xAnon> słowami uznanymi powszechnie za obraźliwe, podczas i w związku z pełnieniem przez niego obowiązków służbowych</xText>
          <xText>
            <xBx>tj. o czyn z <xLexLink xArt="art. 226;art. 226 § 1" xIsapId="WDU19970880553" xTitle="Ustawa z dnia 6 czerwca 1997 r. - Kodeks karny" xAddress="Dz. U. z 1997 r. Nr 88, poz. 553">art.226§1 kk</xLexLink>.</xBx>
          </xText>
          
          <xText>
            <xBx>Sąd Rejonowy dla Wrocławia – Śródmieścia wyrokiem z dnia 17 maja 2013 roku sygn. akt V K 183/13:</xBx>
          </xText>
          <xUnit xIsTitle="false" xType="none">
            <xName xSffx=".">I</xName>
            <xText>uznał oskarżonego <xBx><xAnon>Ł. W.</xAnon></xBx>za winnego popełnienia czynu opisanego w punkcie I części wstępnej wyroku, a stanowiącego przestępstwo z <xLexLink xArt="art. 226;art. 226 § 1" xIsapId="WDU19970880553" xTitle="Ustawa z dnia 6 czerwca 1997 r. - Kodeks karny" xAddress="Dz. U. z 1997 r. Nr 88, poz. 553">art.226§1 kk</xLexLink>. i za to na podstawie <xLexLink xArt="art. 226;art. 226 § 1" xIsapId="WDU19970880553" xTitle="Ustawa z dnia 6 czerwca 1997 r. - Kodeks karny" xAddress="Dz. U. z 1997 r. Nr 88, poz. 553">art.226§1 kk</xLexLink>. wymierzył mu karę 4 (czterech) miesięcy pozbawienia wolności;</xText>
          </xUnit>
          <xUnit xIsTitle="false" xType="none">
            <xName xSffx=".">II</xName>
            <xText>na podstawie <xLexLink xArt="art. 69;art. 69 § 1;art. 69 § 2" xIsapId="WDU19970880553" xTitle="Ustawa z dnia 6 czerwca 1997 r. - Kodeks karny" xAddress="Dz. U. z 1997 r. Nr 88, poz. 553">art.69§1 i 2 kk</xLexLink>. i <xLexLink xArt="art. 70;art. 70 § 1;art. 70 § 1 pkt. 1" xIsapId="WDU19970880553" xTitle="Ustawa z dnia 6 czerwca 1997 r. - Kodeks karny" xAddress="Dz. U. z 1997 r. Nr 88, poz. 553">art.70§1 pkt.1 kk</xLexLink>. wykonanie orzeczonej wobec oskarżonego <xAnon>Ł. W.</xAnon> kary pozbawienia wolności warunkowo zawiesił na okres próby wynoszący 3 (trzy) lata;</xText>
          </xUnit>
          <xUnit xIsTitle="false" xType="none">
            <xName xSffx=".">III</xName>
            <xText>na podstawie <xLexLink xArt="art. 71;art. 71 § 1" xIsapId="WDU19970880553" xTitle="Ustawa z dnia 6 czerwca 1997 r. - Kodeks karny" xAddress="Dz. U. z 1997 r. Nr 88, poz. 553">art.71§1 kk</xLexLink>. w zw. z <xLexLink xArt="art. 33;art. 33 § 1;art. 33 § 3" xIsapId="WDU19970880553" xTitle="Ustawa z dnia 6 czerwca 1997 r. - Kodeks karny" xAddress="Dz. U. z 1997 r. Nr 88, poz. 553">art.33§1 i 3 kk</xLexLink>. orzekł wobec oskarżonego <xAnon>Ł. W.</xAnon> grzywnę w ilości 10 (dziesięciu) stawek dziennych przyjmując wysokość jednej stawki dziennej na kwotę 10 (dziesięciu) złotych;</xText>
          </xUnit>
          <xUnit xIsTitle="false" xType="none">
            <xName xSffx=".">IV</xName>
            <xText>na podstawie <xLexLink xArt="art. 72;art. 72 § 1;art. 72 § 1 pkt. 2" xIsapId="WDU19970880553" xTitle="Ustawa z dnia 6 czerwca 1997 r. - Kodeks karny" xAddress="Dz. U. z 1997 r. Nr 88, poz. 553">art.72§1 pkt.2 kk</xLexLink>. zobowiązał oskarżonego <xAnon>Ł. W.</xAnon> do przeproszenia pokrzywdzonego <xAnon>J. K.</xAnon> w terminie 3 (trzech) miesięcy od dnia uprawomocnienia się wyroku;</xText>
          </xUnit>
          <xUnit xIsTitle="false" xType="none">
            <xName xSffx=".">V</xName>
            <xText>na podstawie <xLexLink xArt="art. 63;art. 63 § 1" xIsapId="WDU19970880553" xTitle="Ustawa z dnia 6 czerwca 1997 r. - Kodeks karny" xAddress="Dz. U. z 1997 r. Nr 88, poz. 553">art.63§1 kk</xLexLink>., na poczet orzeczonej kary grzywny zaliczył oskarżonemu <xAnon>Ł. W.</xAnon> okres zatrzymania w dniach od 27.09.2012 r. do 28.09.2012 r., przyjmując iż jeden dzień zatrzymania jest równoważny dwóm dziennym stawkom grzywny;</xText>
          </xUnit>
          <xUnit xIsTitle="false" xType="none">
            <xName xSffx=".">VI</xName>
            <xText>uznał oskarżonego <xBx><xAnon>S. K.</xAnon></xBx>za winnego popełnienia czynu opisanego w punkcie II części wstępnej wyroku, a stanowiącego przestępstwo z <xLexLink xArt="art. 222;art. 222 § 1" xIsapId="WDU19970880553" xTitle="Ustawa z dnia 6 czerwca 1997 r. - Kodeks karny" xAddress="Dz. U. z 1997 r. Nr 88, poz. 553">art.222§1 kk</xLexLink>. i za to na podstawie <xLexLink xArt="art. 222;art. 222 § 1" xIsapId="WDU19970880553" xTitle="Ustawa z dnia 6 czerwca 1997 r. - Kodeks karny" xAddress="Dz. U. z 1997 r. Nr 88, poz. 553">art.222§1 kk</xLexLink>. wymierza mu karę 6 (sześciu) miesięcy pozbawienia wolności;</xText>
          </xUnit>
          <xUnit xIsTitle="false" xType="none">
            <xName xSffx=".">VII</xName>
            <xText>uznał oskarżonego <xBx><xAnon>S. K.</xAnon></xBx>za winnego popełnienia czynu opisanego w punkcie III części wstępnej wyroku, a stanowiącego przestępstwo z <xLexLink xArt="art. 226;art. 226 § 1" xIsapId="WDU19970880553" xTitle="Ustawa z dnia 6 czerwca 1997 r. - Kodeks karny" xAddress="Dz. U. z 1997 r. Nr 88, poz. 553">art.226§1 kk</xLexLink>. i za to na podstawie <xLexLink xArt="art. 226;art. 226 § 1" xIsapId="WDU19970880553" xTitle="Ustawa z dnia 6 czerwca 1997 r. - Kodeks karny" xAddress="Dz. U. z 1997 r. Nr 88, poz. 553">art.226§1 kk</xLexLink>. wymierza mu karę 4 (czterech) miesięcy pozbawienia wolności;</xText>
          </xUnit>
          <xUnit xIsTitle="false" xType="none">
            <xName xSffx=".">VIII</xName>
            <xText>na podstawie <xLexLink xArt="art. 85" xIsapId="WDU19970880553" xTitle="Ustawa z dnia 6 czerwca 1997 r. - Kodeks karny" xAddress="Dz. U. z 1997 r. Nr 88, poz. 553">art.85 kk</xLexLink>. i <xLexLink xArt="art. 86;art. 86 § 1" xIsapId="WDU19970880553" xTitle="Ustawa z dnia 6 czerwca 1997 r. - Kodeks karny" xAddress="Dz. U. z 1997 r. Nr 88, poz. 553">art.86§1 kk</xLexLink>. połączył kary pozbawienia wolności wymierzone oskarżonemu <xAnon>S. K.</xAnon> i orzekł wobec niego karę łączną w wymiarze 7 (siedmiu) miesięcy pozbawienia wolności;</xText>
          </xUnit>
          <xUnit xIsTitle="false" xType="none">
            <xName xSffx=".">IX</xName>
            <xText>na podstawie <xLexLink xArt="art. 89;art. 89 § 1" xIsapId="WDU19970880553" xTitle="Ustawa z dnia 6 czerwca 1997 r. - Kodeks karny" xAddress="Dz. U. z 1997 r. Nr 88, poz. 553">art.89§1 kk</xLexLink>. i <xLexLink xArt="art. 69;art. 69 § 1;art. 69 § 2" xIsapId="WDU19970880553" xTitle="Ustawa z dnia 6 czerwca 1997 r. - Kodeks karny" xAddress="Dz. U. z 1997 r. Nr 88, poz. 553">art.69§1 i 2 kk</xLexLink>. i <xLexLink xArt="art. 70;art. 70 § 1;art. 70 § 1 pkt. 1" xIsapId="WDU19970880553" xTitle="Ustawa z dnia 6 czerwca 1997 r. - Kodeks karny" xAddress="Dz. U. z 1997 r. Nr 88, poz. 553">art.70§1 pkt.1 kk</xLexLink>. wykonanie orzeczonej wobec oskarżonego <xAnon>S. K.</xAnon> łącznej kary pozbawienia wolności warunkowo zawiesił na okres próby wynoszący 3 (trzy) lata;</xText>
          </xUnit>
          <xUnit xIsTitle="false" xType="none">
            <xName xSffx=".">X</xName>
            <xText>na podstawie <xLexLink xArt="art. 89;art. 89 § 2" xIsapId="WDU19970880553" xTitle="Ustawa z dnia 6 czerwca 1997 r. - Kodeks karny" xAddress="Dz. U. z 1997 r. Nr 88, poz. 553">art.89§2 kk</xLexLink>. w zw. z <xLexLink xArt="art. 33;art. 33 § 1;art. 33 § 3" xIsapId="WDU19970880553" xTitle="Ustawa z dnia 6 czerwca 1997 r. - Kodeks karny" xAddress="Dz. U. z 1997 r. Nr 88, poz. 553">art.33§1 i 3 kk</xLexLink>. orzekł wobec oskarżonego <xAnon>S. K.</xAnon> grzywnę w ilości 20 (dwudziestu) stawek dziennych przyjmując wysokość jednej stawki dziennej na kwotę 10 (dziesięciu) złotych;</xText>
          </xUnit>
          <xUnit xIsTitle="false" xType="none">
            <xName xSffx=".">XI</xName>
            <xText>na podstawie <xLexLink xArt="art. 72;art. 72 § 1;art. 72 § 1 pkt. 2" xIsapId="WDU19970880553" xTitle="Ustawa z dnia 6 czerwca 1997 r. - Kodeks karny" xAddress="Dz. U. z 1997 r. Nr 88, poz. 553">art.72§1 pkt.2 kk</xLexLink>. zobowiązał oskarżonego <xAnon>S. K.</xAnon> do przeproszenia pokrzywdzonych <xAnon>J. K.</xAnon> i <xAnon>M. S.</xAnon> w terminie 3 (trzech) miesięcy od dnia uprawomocnienia się wyroku;</xText>
          </xUnit>
          <xUnit xIsTitle="false" xType="none">
            <xName xSffx=".">XII</xName>
            <xText>na podstawie <xLexLink xArt="art. 63;art. 63 § 1" xIsapId="WDU19970880553" xTitle="Ustawa z dnia 6 czerwca 1997 r. - Kodeks karny" xAddress="Dz. U. z 1997 r. Nr 88, poz. 553">art.63§1 kk</xLexLink>., na poczet orzeczonej kary grzywny zaliczył oskarżonemu <xAnon>S. K.</xAnon> okres zatrzymania w dniach od 27.09.2012 r. do 28.09.2012 r., przyjmując iż jeden dzień zatrzymania jest równoważny dwóm dziennym stawkom grzywny;</xText>
          </xUnit>
          <xUnit xIsTitle="false" xType="none">
            <xName xSffx=".">XIII</xName>
            <xText>na podstawie <xLexLink xArt="art. 624;art. 624 § 1" xIsapId="WDU19970890555" xTitle="Ustawa z dnia 6 czerwca 1997 r. - Kodeks postępowania karnego" xAddress="Dz. U. z 1997 r. Nr 89, poz. 555">art.624§1 k.p.k.</xLexLink> zwolnił obu oskarżonych od ponoszenia kosztów sądowych oraz od opłat, zaliczając je na rachunek Skarbu Państwa.</xText>
          </xUnit>
          
          <xText>Apelację od powyższego wyroku wnieśli prokurator i oskarżony <xAnon>Ł. W.</xAnon>.</xText>
          
          <xText><xBx>Prokurator </xBx>zaskarżył wyrok na niekorzyść oskarżonego <xAnon>S. K.</xAnon> w części dotyczącej orzeczenia o karze, a powołując się na przepisy <xLexLink xArt="art. 427;art. 427 § 1;art. 427 § 2" xIsapId="WDU19970890555" xTitle="Ustawa z dnia 6 czerwca 1997 r. - Kodeks postępowania karnego" xAddress="Dz. U. z 1997 r. Nr 89, poz. 555">art.427§1 i §2 kpk</xLexLink>, oraz <xLexLink xArt="art. 438;art. 438 pkt. 1" xIsapId="WDU19970890555" xTitle="Ustawa z dnia 6 czerwca 1997 r. - Kodeks postępowania karnego" xAddress="Dz. U. z 1997 r. Nr 89, poz. 555">art.438 pkt.1 kpk</xLexLink> wyrokowi temu zarzucił:</xText>
          <xUnit xIsTitle="false" xType="none">
            <xName xSffx=")">1</xName>
            <xText>obrazę przepisu prawa materialnego, a to <xLexLink xArt="art. 73;art. 73 § 2" xIsapId="WDU19970880553" xTitle="Ustawa z dnia 6 czerwca 1997 r. - Kodeks karny" xAddress="Dz. U. z 1997 r. Nr 88, poz. 553">art.73§2 kk</xLexLink>. polegającą braku orzeczenia dozoru kuratora lub osoby godnej zaufania, stowarzyszenia, instytucji albo organizacji społecznej, do której działalności należy troska o wychowanie, zapobieganie demoralizacji lub pomoc skazanym, wobec <xAnon>S. K.</xAnon>, który w chwili popełnienia czynu stanowiącego przestępstwo umyślne był młodocianym w rozumieniu przepisu <xLexLink xArt="art. 115;art. 115 § 10" xIsapId="WDU19970880553" xTitle="Ustawa z dnia 6 czerwca 1997 r. - Kodeks karny" xAddress="Dz. U. z 1997 r. Nr 88, poz. 553">art.115§10 kk</xLexLink>., podczas gdy ustawa czyni obligatoryjnym orzeczenie takiego dozoru wobec młodocianego sprawcy przestępstwa umyślnego;</xText>
          </xUnit>
          <xUnit xIsTitle="false" xType="none">
            <xName xSffx=")">2</xName>
            <xText>obrazę przepisu prawa materialnego, a to <xLexLink xArt="art. 70;art. 70 § 2" xIsapId="WDU19970880553" xTitle="Ustawa z dnia 6 czerwca 1997 r. - Kodeks karny" xAddress="Dz. U. z 1997 r. Nr 88, poz. 553">art.70§2 kk</xLexLink>. poprzez jego nie zastosowanie i warunkowe zawieszenie na podstawie <xLexLink xArt="art. 70;art. 70 § 1;art. 70 § 1 pkt. 1" xIsapId="WDU19970880553" xTitle="Ustawa z dnia 6 czerwca 1997 r. - Kodeks karny" xAddress="Dz. U. z 1997 r. Nr 88, poz. 553">art.70§1 pkt.1 kk</xLexLink>. oskarżonemu łącznej kary pozbawienia wolności, podczas gdy oskarżony jest sprawcą młodocianym i podstawę do warunkowego zawieszenia wykonania kary pozbawienia wolności winien stanowić <xLexLink xArt="art. 70;art. 70 § 2" xIsapId="WDU19970880553" xTitle="Ustawa z dnia 6 czerwca 1997 r. - Kodeks karny" xAddress="Dz. U. z 1997 r. Nr 88, poz. 553">art.70§2 kk</xLexLink>.</xText>
          </xUnit>
          
          <xText>Podnosząc powyższe zarzuty, prokurator wniósł o zmianę zaskarżonego wyroku Sądu I instancji w części dotyczącej <xAnon>S. K.</xAnon> poprzez:</xText>
          <xUnit xIsTitle="false" xType="none">
            <xName xSffx=")">1</xName>
            <xText>orzeczenie wobec wymienionego dozoru;</xText>
          </xUnit>
          <xUnit xIsTitle="false" xType="none">
            <xName xSffx=")">2</xName>
            <xText>przyjęcie <xLexLink xArt="art. 70;art. 70 § 2" xIsapId="WDU19970880553" xTitle="Ustawa z dnia 6 czerwca 1997 r. - Kodeks karny" xAddress="Dz. U. z 1997 r. Nr 88, poz. 553">art.70§2 kk</xLexLink>. w podstawie warunkowego zawieszenia wykonania kary łącznej pozbawienia wolności,</xText>
          </xUnit>
          <xText>oraz utrzymanie wyroku w pozostałej części.</xText>
          
          <xText><xBx>Oskarżony <xAnon>Ł. W.</xAnon></xBx> zaskarżył wyrok w części dotyczącej orzeczenia o karze, podnosząc zarzut rażącej niewspółmierności kary wskazując, iż dla osiągnięcia celów kary wystarczające jest orzeczenie względem niego wyłącznie kary grzywny oraz nałożenie obowiązku przeproszenia pokrzywdzonego.</xText>
          
          <xText xALIGNx="center">
            <xBx>Sąd Okręgowy zważył, co następuje:</xBx>
          </xText>
          <xText>Z wniesionych w rozpoznawanej sprawie apelacji, jedynie apelacja prokuratora zasługuje na uwzględnienie.</xText>
          <xText>Sąd I instancji wyrokując w sprawie przeciwko <xAnon>S. K.</xAnon>, oskarżonemu o popełnienie występków określonych w <xLexLink xArt="art. 226;art. 226 § 1" xIsapId="WDU19970880553" xTitle="Ustawa z dnia 6 czerwca 1997 r. - Kodeks karny" xAddress="Dz. U. z 1997 r. Nr 88, poz. 553">art.226§1 kk</xLexLink>. i <xLexLink xArt="art. 222;art. 222 § 1" xIsapId="WDU19970880553" xTitle="Ustawa z dnia 6 czerwca 1997 r. - Kodeks karny" xAddress="Dz. U. z 1997 r. Nr 88, poz. 553">art.222§1 kk</xLexLink>., dopuścił się obrazy przepisów <xLexLink xArt="art. 73;art. 73 § 2" xIsapId="WDU19970880553" xTitle="Ustawa z dnia 6 czerwca 1997 r. - Kodeks karny" xAddress="Dz. U. z 1997 r. Nr 88, poz. 553">art.73§2 kk</xLexLink>. oraz <xLexLink xArt="art. 70;art. 70 § 2" xIsapId="WDU19970880553" xTitle="Ustawa z dnia 6 czerwca 1997 r. - Kodeks karny" xAddress="Dz. U. z 1997 r. Nr 88, poz. 553">art.70§2 kk</xLexLink>.</xText>
          
          <xText>Jak trafnie zauważył skarżący- co zostało także wskazane w pisemnych motywach wyroku (k. 10)- <xAnon>S. K.</xAnon> w chwili popełnienia przypisanych mu czynów nie miał ukończonych 21 lat i w czasie orzekania w pierwszej instancji 24 lat – zgodnie zatem z dyspozycją z <xLexLink xArt="art. 115;art. 115 § 10" xIsapId="WDU19970880553" xTitle="Ustawa z dnia 6 czerwca 1997 r. - Kodeks karny" xAddress="Dz. U. z 1997 r. Nr 88, poz. 553">art.115§10 kk</xLexLink>. był osobą młodocianą. Przypisane mu czyny należą natomiast do przestępstw umyślnych.</xText>
          <xText>Konsekwencją przyjęcia, że oskarżony jest młodocianym sprawcą przestępstw umyślnych, była konieczność oddania go w okresie próby pod dozór kuratora lub osoby godnej zaufania, stowarzyszenia, instytucji albo organizacji społecznej, do której działalności należy troska o wychowanie, zapobieganie demoralizacji lub pomoc skazanym, a podstawę prawną warunkowego zawieszenia wykonania orzeczonej wobec młodocianego sprawcy przestępstwa kary pozbawienia wolności stanowi przepis <xLexLink xArt="art. 70;art. 70 § 2" xIsapId="WDU19970880553" xTitle="Ustawa z dnia 6 czerwca 1997 r. - Kodeks karny" xAddress="Dz. U. z 1997 r. Nr 88, poz. 553">art.70§2 kk</xLexLink>.</xText>
          <xText>Podzielając tym samym zasadność zarzutów podniesionych w apelacji prokuratora, Sąd Odwoławczy zmienił zaskarżony wyrok w zakresie podstawy prawnej orzeczenia o warunkowym zawieszeniu wykonania kary łącznej pozbawienia wolności i orzeczenia o dozorze kuratora wobec oskarżonego <xAnon>S. K.</xAnon>.</xText>
          
          <xText>
            <xBx>Odnosząc się do apelacji oskarżonego <xAnon>Ł. W.</xAnon>:</xBx>
          </xText>
          <xText>Zgodnie z dyspozycją <xLexLink xArt="art. 118;art. 118 § 1;art. 118 § 2" xIsapId="WDU19970890555" xTitle="Ustawa z dnia 6 czerwca 1997 r. - Kodeks postępowania karnego" xAddress="Dz. U. z 1997 r. Nr 89, poz. 555">art.118§1 i 2 kpk</xLexLink> pismo <xAnon>Ł. W.</xAnon> z dnia 20 maja 2013 r. zatutułowane „zażalenie” należało rozpoznać jako apelację. Uwzględniając natomiast całą jego treść, a nie jedynie zawarty w części dyspozytywnej wniosek o uchylenie punktu I zaskarżonego wyroku, Sąd Okręgowy uznał, iż zaskarżeniu podlega wyrok Sądu Rejonowego w części dotyczącej orzeczenia o karze, kwestionując zasadność wymierzenia mu kary pozbawienia wolności.</xText>
          <xText>W tym miejscu wskazać należy, iż sąd karny uprawniony jest do wymierzania kary wedle swego uznania w granicach przewidzianych przez ustawę, uwzględniając dyrektywy wymiaru kary określone w <xLexLink xArt="art. 53;art. 53 § 1;art. 53 § 2" xIsapId="WDU19970880553" xTitle="Ustawa z dnia 6 czerwca 1997 r. - Kodeks karny" xAddress="Dz. U. z 1997 r. Nr 88, poz. 553">art.53§1 i 2 kk</xLexLink>. Zgodnie natomiast z utrwalonym orzecznictwem sądowym, nie każda nietrafność orzeczenia o karze, ale tylko jej rażąca niewspółmierność uzasadnia zmianę orzeczenia w tym zakresie (<xLexLink xArt="art. 438;art. 438 pkt. 4" xIsapId="WDU19970890555" xTitle="Ustawa z dnia 6 czerwca 1997 r. - Kodeks postępowania karnego" xAddress="Dz. U. z 1997 r. Nr 89, poz. 555">art.438 pkt.4 kpk</xLexLink>). Niewspółmierność rażąca to znaczna, zasadnicza, "bijąca w oczy" różnica między karą wymierzoną a karą sprawiedliwą. Wbrew zarzutom apelującego stwierdzić trzeba, że zarówno wymierzona wyrokiem Sądu I instancji kara 4 miesięcy pozbawienia wolności z warunkowym zawieszeniem jej wykonania na okres próby 3 lat, jak i kara grzywny w wysokości 10 stawek dziennych po 10 zł każda nie mogą być uznana za rażąco niewspółmierne. Wymierzając oskarżonemu karę Sąd Rejonowy trafnie przeanalizował wszystkie okoliczności przemawiające zarówno na korzyść (młody wiek) jak i na niekorzyść oskarżonego (wielokrotną karalność) bacząc, by wymierzone przezeń kary spełniły stawiane im przez ustawodawcę cele.</xText>
          <xText>Kara grzywny została przez sąd meriti wymierzona <xAnon>Ł. W.</xAnon> w dolnym progu ustawowego zagrożenia. Podobnie orzeczona kara pozbawienia wolności oscyluje w dolnej granicy ustawowego zagrożenia, której wykonanie Sąd Rejonowy warunkowo zawiesił.</xText>
          <xText>Z tych też powodów nie sposób uznać, aby orzeczone w stosunku do oskarżonego <xAnon>W.</xAnon> kary były rażąco niewspółmierne.</xText>
          <xText>W tym stanie rzeczy, apelację oskarżonego <xAnon>Ł. W.</xAnon> uznać należało za bezzasadną.</xText>
          <xText>Orzeczenie zawarte w pkt. III wyroku, znajduje uzasadnienie w treści <xLexLink xArt="art. 624;art. 624 § 1;art. 636;art. 636 § 1" xIsapId="WDU19970890555" xTitle="Ustawa z dnia 6 czerwca 1997 r. - Kodeks postępowania karnego" xAddress="Dz. U. z 1997 r. Nr 89, poz. 555">art.624§1 i art.636§1 kpk</xLexLink>.</xText>
        </xUnit>
      </xBlock>
    </xPart>
  </judgement>
<judgement id="155020100000503_I_C_000137_2013_Uz_2013-11-21_001">
    <xPart xEditorFullName="Małgorzata Schick" xYear="2013" xLang="PL" xPublisherFullName="Marta Kulig" xFromPg="1" xEditor="Malgorzata_Schick" xVolType="15/502010/0000503/C" xPublisher="Marta_Kulig" xDocType="Uz" xVolNmbr="000137" xVersion="1.0" xToPage="3" xFlag="published">
      <xName>Wyrok+Uzasadnienie</xName>
      <xBlock>
        <xText>Sygn. akt I C 137/13</xText>
        
        <xUnit xIsTitle="true" xBold="true" xType="part">
          <xName>WYROK</xName>
          <xTitle>W IMIENIU RZECZYPOSPOLITEJ POLSKIEJ</xTitle>
          <xText>Dnia 21 listopada 2013 r.</xText>
          
          <xText>Sąd Rejonowy w Kłodzku, I Wydział Cywilny</xText>
          <xText>w składzie następującym:</xText>
          
          <xText>Przewodniczący:  SSR Ewa Karp</xText>
          <xText>Protokolant:  Ewelina Świrta</xText>
          
          <xText>po rozpoznaniu w dniu 7 listopada 2013 r. w Kłodzku</xText>
          <xText>sprawy z powództwa <xAnon>S. P.</xAnon></xText>
          <xText>przeciwko <xAnon>W. O.</xAnon> i <xAnon>M. B.</xAnon></xText>
          <xText>o zapłatę 4.200,00 zł</xText>
          
          <xText>I. oddala powództwo;</xText>
          <xText>II. zasądza od powoda solidarnie na rzecz pozwanych tytułem zwrotu kosztów procesu kwotę 1.072,00 zł (tysiąc siedemdziesiąt dwa złote 00/100).</xText>
          
          <xText>Sygnatura akt I C 137/13</xText>
        </xUnit>
        <xUnit xIsTitle="true" xBold="true" xType="part">
          <xName>UZASADNIENIE</xName>
          <xText>Powód <xAnon>S. P.</xAnon> wniósł przeciwko pozwanym <xAnon>W. O.</xAnon> oraz <xAnon>M. B.</xAnon> o solidarną zapłatę kwoty 4200 zł z odsetkami ustawowymi od kwot po 700 zł, począwszy od dnia 21 listopada 2009 roku do 21 kwietnia 2010 roku, podając w uzasadnieniu, że powód <xAnon>S. P.</xAnon> zawarł z Komornikiem Sądu Rejonowego w Kłodzku <xAnon>A. P.</xAnon>, umowę najmu lokalu na czas określony tj, od dnia 4 maja 2009 roku do 3 maja 2010 roku, na podstawie której strony ustaliły wysokość czynszu na kwotę 700 zł miesięcznie, płatną z góry, do dnia 20-go każdego miesiąca, a umowa wygasła 3 maja 2010 roku.</xText>
          <xText>Powód wskazał, że w związku z odwołaniem komornika <xAnon>A. P.</xAnon>, od dnia 10 listopada 2009 roku do dnia 1 listopada 2010 roku funkcję zastępcy komornika pełnił komornik <xAnon>W. O.</xAnon>, następnie od dnia 1 listopada 2010 do chwili obecnej zastępstwo pełni asesor <xAnon>M. B.</xAnon>, wskazując, Sąd Najwyższy w wyroku z dnia 19 kwietnia 2010 roku orzekł, że w przypadku odwołania komornika jego dotychczasowe obowiązki prezes właściwego sądu apelacyjnego zleca wyznaczonemu zastępcy komornika i zastępca komornika przejmuje nie tylko sprawy nie zakończone (zadania publiczne) lecz w ślad za nimi obejmuje tymczasowo zindywidualizowaną kancelarię odwołanego komornika. Objęcie to ma charakter przymusowy i bezwarunkowy. Kwestie organizacyjne związane z dalszym prowadzeniem kancelarii (lokal, wyposażenie biurowe), obciążają zastępcę komornika i to jemu przypada obowiązek ponoszenia kosztów tej kancelarii, z czym związane jest prawo do dochodu z jej prowadzenia.</xText>
          <xText>Referendarz sądowy w dniu 16 stycznia 2013 roku wydał nakaz zapłaty uwzględniający żądanie pozwu w całości.</xText>
          <xText>W złożonym w terminie sprzeciwie, pozwani wnosząc o oddalenie powództwa w całości, zgłosili zarzut bezzasadności żądania pozwu względem pozwanych wobec nieistnienia stosunku zobowiązaniowego, z którego by wynikało zobowiązanie zapłaty żądanych kwot oraz zgłosili brak biernej legitymacji procesowej po stronie pozwanych z uwagi na to, że nie byli stroną umowy najmu z 4 maja 2009 roku ani nie stali się zobowiązani z tej umowy na podstawie obowiązujących przepisów prawa.</xText>
          <xText>Pozwani wskazali nadto, że będąca podstawą dochodzenia roszczeń umowa najmu zawarta została pomiędzy powodem <xAnon>S. P.</xAnon>, a <xAnon>A. P.</xAnon>, a zatem ten ostatni winien być wskazany jako zobowiązany do zapłaty należności wynikających z umowy, a powołane orzeczenie Sądu Najwyższego nie czyni żądania pozwu uzasadnionym.</xText>
          <xText>Pozwani podnieśli, że umowa najmu nie istniała na dzień powierzenia obowiązków zawieszonego Komornika <xAnon>A. P.</xAnon>Komornikowi <xAnon>W. O.</xAnon>, a powód, jako syn i pracownik <xAnon>A. P.</xAnon> posiadał wiedzę, że <xAnon>A. P.</xAnon>w dniu 4 maja 2009 roku pozostawał zawieszony w czynnościach, zaś wykonywanie jego ustawowych obowiązków powierzone zostało przez Prezesa Sądu Apelacyjnego jego zastępcom, a skoro zastępca przejmuje obowiązki to tylko on jest uprawniony do zawierania umów, zatem posługiwanie się przez <xAnon>A. P.</xAnon> tytułem Komornik było nieuprawnione, zaś pieczęć, jaką posłużył się <xAnon>A. P.</xAnon> na umowie była zgłoszona przez Komornika <xAnon>W. O.</xAnon> pismem z 19 lutego 2009 roku, jako pieczęć, która zaginęła.</xText>
          <xText>Pismem z dnia 5 lutego 2013 roku pozwani zgłosili nadto zarzut przedawnienia roszczenia w stosunku do kwoty 700 zł tytułem czynszu najmu za listopad 2009 roku.</xText>
          <xText>Sąd ustalił następujący stan faktyczny:</xText>
          <xText>Powód <xAnon>S. P.</xAnon> jest współwłaścicielem nieruchomości położonej w <xAnon>B.</xAnon> przy <xAnon>ul. (...)</xAnon>, w udziale wynoszącym 1/3. Pozostali współwłaściciele nieruchomości to bratowa powoda w 1/3 oraz małoletnia córka ojca powoda, której przedstawicielem ustawowym jest <xAnon>A. P.</xAnon>., w 1/3.</xText>
          <xText>/Bezsporne, sprawdzono w <xAnon>KW (...)</xAnon>/</xText>
          <xText>W aktach sprawy znajduje się umowa najmu z datą 4 maja 2009 roku zawarta w <xAnon>N.</xAnon> pomiędzy powodem <xAnon>S. P.</xAnon>, a jego ojcem <xAnon>A. P.</xAnon>. Umowa wskazuje, że najemcą jest Komornik Sadowy przy Sądzie Rejonowym w Kłodzku <xAnon>A. P.</xAnon><xAnon> Kancelaria (...)</xAnon> w <xAnon>K.</xAnon><xAnon>ul. (...)</xAnon>, który otrzymuje w najem 3 pomieszczenia w budynku położonym w <xAnon>B.</xAnon> przy <xAnon>ul. (...)</xAnon>. Najemca <xAnon>A. P.</xAnon> zobowiązał się do wykorzystywania pomieszczeń, będących przedmiotem umowy, do przechowywania akt swojej <xAnon> Kancelarii (...)</xAnon>. Czynsz miesięczny określono na 700 zł, płatność do 20 dnia każdego miesiąca na podstawie rachunków wystawianych przez Wynajmującego.</xText>
          <xText>Powód zgłosił w Urzędzie Skarbowym w <xAnon>N.</xAnon>, że podatek od przychodów z umowy najmu lokalu będzie rozliczał w formie ryczałtu i wezwany został przez US o złożenie PIT-28, którego nie przedstawił.</xText>
          <xText>Dowód: - umowa k- 5, wezwanie K- 75, pismo K- 74, przesłuchanie powoda k- 71</xText>
          
          <xText>W dacie wskazanej w umowie, jako chwila jej zawarcia, najemca nie był Komornikiem Sądu Rejonowego w Kłodzku, bowiem został w 2007 zawieszony, a następnie odwołany.</xText>
          <xText>Na umowie z 4 maja 2009 roku najemca przybił pieczęć Komornika Sądowego, która wcześniej zaginęła, o czym komornik <xAnon>W. O.</xAnon> zawiadomił Prezesa Sądu Apelacyjnego we Wrocławiu pismem z dnia 19 lutego 2009 roku.</xText>
          <xText>Powód wiedział, że jego ojciec <xAnon>A. P.</xAnon> w dacie zawierania umowy był już zawieszony w obowiązkach Komornika Sądu Rejonowego w Kłodzku..</xText>
          <xText>Dowód:</xText>
          <xText>-pismo K - 9- 11, pismo - k - 30, 31, przesłuchanie powoda K- 71</xText>
          <xText>Zawieszony komornik <xAnon>A. P.</xAnon> nie przyznał, by przechowywał akta w <xAnon>B.</xAnon> przy <xAnon>ul. (...)</xAnon>, wskazał, że zorganizował tam filię swojego biura i nie wie czy wiedzieli o tym pozwani., bowiem zawiadomił o tym panią <xAnon>S.</xAnon>, która zastępowała zawieszonego komornika jako pierwsza.</xText>
          <xText>Akta spraw egzekucyjnych prowadzonych przez komornika <xAnon>A. P.</xAnon>, nie przekazane w chwili zawieszenia tego Komornika, zostały przekazane pozwanemu komornikowi <xAnon>M. B.</xAnon> w roku 2013 na skutek interwencji Ministerstwa Sprawiedliwości i aktualnie komornik ten na własny koszt przygotowuje ich archiwizację.</xText>
          <xText>Dowód:</xText>
          <xText>Zeznania świadka <xAnon>A. P.</xAnon> K- 71, 72</xText>
          <xText>Przesłuchanie pozwanego <xAnon>M. B.</xAnon>K- 72, Pisma K- 79-80</xText>
          <xText>Powód nie przesłał przed wniesieniem pozwu umowy najmu ani rachunków dotyczących umownego czynszu najmu, żadnemu z pozwanych. Przenosząc Kancelarię z <xAnon>ulicy (...)</xAnon> w <xAnon>K.</xAnon> na <xAnon>ul. (...)</xAnon>, Komornik <xAnon>W. O.</xAnon> wypowiedział wszystkie znane sobie umowy dotyczące tej Kancelarii.</xText>
          <xText>Dowód:</xText>
          <xText>- Przesłuchanie pozwanego <xAnon>W. O.</xAnon> K- 81, 82, przesłuchanie pozwanego <xAnon>M. B.</xAnon> K- 72, pismo K-77, wezwanie k- 76</xText>
          <xText>Pozwany <xAnon>W. O.</xAnon> - Komornik przy Sądzie Rejonowym dla Wrocławia-Krzyków był zastępcą Komornika <xAnon>A. P.</xAnon>w okresie jego zawieszenia od 4 grudnia 2008 roku do 10 listopada 2009 roku, a od 10 listopada 2009 roku do dnia 1 listopada 2010 roku zastępował <xAnon>A. P.</xAnon> do czasu powołania nowego komornika. Przed <xAnon>W. O.</xAnon>, w okresie zawieszenia komornika<xAnon>A. P.</xAnon>, zastępowali go <xAnon>A. S.</xAnon> i <xAnon>R. B.</xAnon>. Pozwany Komornik <xAnon>M. B.</xAnon>zastępuje odwołanego komornika <xAnon>A. P.</xAnon>do czasu powołania nowego komornika od dnia 1 listopada 2010 roku do chwili obecnej.</xText>
          <xText>Dowód:</xText>
          <xText>- pismo K- 9-11</xText>
          <xText>Komornik <xAnon>W. O.</xAnon> zawiadomił Prezesa Sądu Rejonowego w Kłodzku 9 kwietnia 2009 roku, kiedy prowadził już Kancelarię pod adresem <xAnon>(...)</xAnon>, że zawieszony komornik <xAnon>A. P.</xAnon> wraz ze swoimi synami Powodem <xAnon>S. P.</xAnon> i <xAnon>A. P. (2)</xAnon>, prowadzą nadal Kancelarię Komorniczą pod dotychczasowym adresem przy <xAnon>ul. (...)</xAnon>, przyjmują strony, wnioski egzekucyjne, nie mając do tego jakichkolwiek uprawnień.</xText>
          <xText>Dowód:  Pismo k-32</xText>
          
          <xText>Powód wytoczył przeciwko pozwanym pozew z zakresu prawa pracy, który nie został uwzględniony przez Sądy obu instancji.</xText>
          <xText>Dowód:  - pisma K- 59,65</xText>
          <xText>Sąd zważył, co następuje:</xText>
          <xText>Na podstawie poczynionych w sprawie ustaleń, opisanych w stanie faktycznym, powództwo nie zasługuje na uwzględnienie.</xText>
          <xText>Zgromadzony materiał dowodowy w postaci przesłuchania stron i świadka <xAnon>A. P.</xAnon>, dołączona umowa najmu, korespondencja pomiędzy Prezesem Sądu Apelacyjnego we Wrocławiu, powodem <xAnon>S. P.</xAnon> i pozwanymi oraz pisma Ministerstwa Sprawiedliwości do Prezesa Krajowej Rady Komorniczej i Prezesa Sądu Okręgowego w Świdnicy, uzasadniają przyjęcie, że umowa najmu z 4 maja 2009 roku łącząca <xAnon>S. P.</xAnon> i <xAnon>A. P.</xAnon> nie może stanowić podstawy uwzględnienia żądania, z wielu przyczyn, które zostaną omówione.</xText>
          <xText>Umowa najmu, jak wynika z ustaleń, zawarta została przez <xAnon>S. P.</xAnon> - współwłaściciela 1/3 nieruchomości, w której znajdują się pomieszczenia będące przedmiotem najmu, z <xAnon>A. P.</xAnon> przedstawicielem ustawowym małoletniej współwłaścicielki tej nieruchomości w 1/3, bez zgody pozostałych współwłaścicieli i Sądu Rodzinnego, a zatem nie mogła zostać zawarta przez samego powoda. Zgodnie z <xLexLink xArt="art. 199" xIsapId="WDU19640160093" xTitle="Ustawa z dnia 23 kwietnia 1964 r. - Kodeks cywilny" xAddress="Dz. U. z 1964 r. Nr 16, poz. 93">art. 199. k.c</xLexLink> Do rozporządzania rzeczą wspólną oraz do innych czynności, które przekraczają zakres zwykłego zarządu, potrzebna jest zgoda wszystkich współwłaścicieli. W braku takiej zgody współwłaściciele, których udziały wynoszą co najmniej połowę, mogą żądać rozstrzygnięcia przez sąd, który orzeknie mając na względzie cel zamierzonej czynności oraz interesy wszystkich współwłaścicieli.</xText>
          <xText>Umowa, jak wynika z jej treści, dotyczyła 3 pomieszczeń w budynku położonym w <xAnon>B.</xAnon> przy <xAnon>ul. (...)</xAnon> i wskazywała jako najemcę <xAnon>A. P.</xAnon> Komornika Sądu Rejonowego w Kłodzku. Najemca<xAnon>A. P.</xAnon> zobowiązał się w niej do wykorzystywania pomieszczeń, będących przedmiotem umowy, do przechowywania akt swojej Kancelarii Komorniczej, podczas gdy w dacie jej zawarcia <xAnon>A. P.</xAnon> już od dwóch lat był zawieszony w obowiązkach Komornika i nie prowadził Kancelarii Komorniczej w <xAnon>K.</xAnon> przy <xAnon>ul. (...)</xAnon>. Słuchany w charakterze świadka <xAnon>A. P.</xAnon> wskazał, że nie przechowywał akt w pomieszczeniach opisanych w umowie, ale zrobił tam filię Kancelarii, jednak nie wie czy pozwani o tym wiedzieli, sam ich nie informował.</xText>
          <xText>Na umowie z 4 maja 2009 roku najemca przybił pieczęć Komornika Sądowego, którą nie mógł się posługiwać będąc zawieszony, a która wcześniej zaginęła, o czym komornik <xAnon>W. O.</xAnon> zawiadomił Prezesa Sądu Apelacyjnego we Wrocławiu dwa miesiące wcześniej. Sam Powód potwierdził, że posiadał wiedzę w dacie zawierania umowy o zawieszeniu ojca w obowiązkach Komornika Sądu Rejonowego w Kłodzku. Umowy nie zawarł zatem urzędujący komornik i trudno mówić o przejściu uprawnień i obowiązków na pozwanych.</xText>
          <xText>Umowa wskazywała czynsz miesięczny na 700 zł, płatność do 20 dnia każdego miesiąca na podstawie rachunków wystawianych przez Wynajmującego, a rachunków takich powód nie przedstawił ani pozwanym, podobnie jak umowy, ani też Sądowi w toku procesu.</xText>
          <xText>Wskazana analiza treści umowy i jej podmiotów oraz postanowień, uzasadnia oddalenie powództwa także z uwagi na brak stosunku zobowiązaniowego pomiędzy powodem a pozwanymi i brak podstaw prawnych do żądania zapłaty przez powoda solidarnie od pozwanych kwoty 4 200 zł.</xText>
          <xText>Powód nie wykazał by umowa była ważna i by pozwani stali się zobowiązani z tytułu jej zawarcia. Nie wykazał nadto by pozwani o umowie wiedzieli i by otrzymywali rachunki, które miały być podstawą zapłaty ani też by zawarł umowę z osobą pełniącą obowiązki Komornika Sądu Rejonowego w Kłodzku, mającą zgodę na przechowywanie akt poza Kancelarią.</xText>
          <xText>Zgodnie z art. 6 k.. c . Ciężar udowodnienia faktu spoczywa na osobie, która z faktu tego wywodzi skutki prawne, a nie spełnienie tej przesłanki uzasadnia oddalenie powództwa</xText>
          <xText>Orzeczenie o kosztach oparto na <xLexLink xArt="art. 98" xIsapId="WDU19640430296" xTitle="Ustawa z dnia 17 listopada 1964 r. - Kodeks postępowania cywilnego" xAddress="Dz. U. z 1964 r. Nr 43, poz. 296">art.98 k.p.c.</xLexLink></xText>
        </xUnit>
      </xBlock>
    </xPart>
  </judgement>
<judgement id="155020100000503_I_C_000175_2013_Uz_2013-11-21_001">
    <xPart xEditorFullName="Małgorzata Schick" xYear="2013" xLang="PL" xPublisherFullName="Marta Kulig" xFromPg="1" xEditor="Malgorzata_Schick" xVolType="15/502010/0000503/C" xPublisher="Marta_Kulig" xDocType="Uz" xVolNmbr="000175" xVersion="1.0" xToPage="7" xFlag="published">
      <xName>Wyrok+Uzasadnienie</xName>
      <xBlock>
        <xText>Sygn. akt I C 175/13</xText>
        
        <xUnit xIsTitle="true" xBold="true" xType="part">
          <xName>WYROK</xName>
          <xTitle>W IMIENIU RZECZYPOSPOLITEJ POLSKIEJ</xTitle>
          <xText>Dnia 21 listopada 2013r.</xText>
          
          <xText>Sąd Rejonowy w Kłodzku Wydział I Cywilny</xText>
          <xText>w składzie następującym:</xText>
          
          <xText>Przewodniczący SSR Andrzej Józefowski</xText>
          <xText>Protokolant Małgorzata Sypek</xText>
          
          <xText>po rozpoznaniu w dniu 7 listopada 2013r. w Kłodzku</xText>
          <xText>na rozprawie</xText>
          <xText>sprawy z powództwa <xAnon>Z. K.</xAnon></xText>
          <xText>przeciwko <xAnon>A. K.</xAnon>, prowadzący <xAnon> (...) - Usługi (...)</xAnon> w <xAnon>B.</xAnon></xText>
          <xText>o zapłatę</xText>
          
          <xText>I. zasądza od pozwanego <xAnon>A. K.</xAnon> prowadzącego <xAnon> (...) - Usługi (...)</xAnon> w <xAnon>B.</xAnon> na rzecz powódki <xAnon>Z. K.</xAnon> kwotę 3 600zł (trzy tysiące sześćset złotych) z ustawowymi odsetkami od dnia 7 grudnia 2012r. do dnia zapłaty;</xText>
          
          <xText>II. zasądza od pozwanego <xAnon>A. K.</xAnon> prowadzącego <xAnon> (...) - Usługi (...)</xAnon> w <xAnon>B.</xAnon> na rzecz powódki <xAnon>Z. K.</xAnon> kwotę 797zł (siedemset dziewięćdziesiąt siedem złotych), tytułem zwrotu kosztów procesu.</xText>
          
          <xText>Sygn. akt I C 175/13</xText>
        </xUnit>
        <xUnit xIsTitle="true" xBold="true" xType="part">
          <xName>UZASADNIENIE</xName>
          <xText>Powódka <xAnon>Z. K.</xAnon> domagała się zasądzenia od pozwanego <xAnon>A. K.</xAnon> prowadzącego działalność gospodarczą pod nazwą <xAnon> (...) - Usługi (...)</xAnon> w <xAnon>B.</xAnon> kwoty 3600 zł z ustawowymi odsetkami od 7 grudnia 2012 r.</xText>
          <xText>W uzasadnieniu pozwu powódka podała, że w dniu 4 kwietnia pozwany w ramach prowadzonej przez niego działalności gospodarczej pod <xAnon> firmą (...)</xAnon> zawarł z powódką ustną umowę o dzieło, której przedmiotem było wykonanie przez pozwanego zestawu mebli kuchennych oraz ich montaż w mieszkaniu powódki.</xText>
          <xText>Strony ustaliły ryczałtowe wynagrodzenie za wykonanie przez pozwanego dzieła w kwocie 6.000 zł. Dzieło miało być wykonane i zamontowane w mieszkaniu powódki do dnia 22 kwietnia 2011 r.</xText>
          <xText>Ponadto pozwany w ramach łączącej strony umowy zobowiązał się do wykonania na rzecz powódki oraz montażu w jej mieszkaniu elementów dodatkowych, mianowicie drzwi do dwóch pawlaczy, drzwi do szafy, płyty imitującej kafelki pomiędzy górną i dolną szafką, jak również światełek nad szafkami kuchennymi. Pozwany wręczył powódce formularz umowy, który nie został ostatecznie przez powódkę podpisany.</xText>
          <xText>Na poczet wykonania umowy (koszty zakupu materiałów na wykonanie dzieła) powódka przekazała do rąk pozwanego w dniu 11 kwietnia 2011 r. kwotę 2.000 zł., a następnie w dniu 13 kwietnia 2011 r. kwotę 1.600 zł., tj. łącznie kwotę 3,600 zł.</xText>
          <xText>Pozwany nie wykonał dzieła w pierwotnie ustalonym terminie. Termin ten ulegał jednak kilkakrotnemu przesunięciu.</xText>
          <xText>W toku realizacji przez pozwanego złożonego przez powódkę zamówienia doszło do nieprawidłowości związanych ze sposobem wykonania mebli. Pozwany wykonał bowiem meble na plastykowych nóżkach, a szuflady wykonał z tzw. metalboksów, podczas gdy- zdaniem powódki - meble posadowione miały być na drewnianych cokołach, a szuflady wykonane miały być z drewna.</xText>
          <xText>W połowie maja 2011 r. pozwany telefonicznie poinformował powódkę o wykonaniu zamówionych mebli oraz możliwości ich montażu w mieszkaniu powódki. W trakcie rozmowy powódka zapytała czy szuflady wykonane są z drewna oraz czy meble posadowione są na drewnianych cokołach. Pozwany oświadczył, że szuflady wykonał z metalboksów a cały zestaw mebli postawiony został na plastykowych nóżkach. W związku z powyższym powódka odmówiła przyjęcia przedmiotowego zestawu mebli kuchennych.</xText>
          <xText>Pismem z dnia 07 czerwca 2011 r. powódka wezwała pozwanego do zmiany sposobu wykonania dzieła oraz wykonania przedmiotu umowy zgodnie ze złożonym zamówieniem, wyznaczając w tym celu pozwanemu 14-dniowy termin, pod rygorem odstąpienia przez powódkę od łączącej strony umowy o dzieło.</xText>
          <xText>Wobec bezskutecznego upływu terminu wskazanego w piśmie powódki z dnia 07 czerwca 2011 r., wyznaczonego celem zmiany sposobu wykonania dzieła oraz wykonania przedmiotu umowy zgodnie z zamówieniem, powódka pismem z dnia 25 czerwca 2011 r. złożyła oświadczenie w sprawie odstąpienia od umowy o dzieło zawartej z pozwanym w dniu 4 kwietnia 2011 r. Jednocześnie powódka wezwała pozwanego do zwrotu uiszczonej na poczet wykonania zamówionych mebli zaliczki w łącznej kwocie 3.600 zł w terminie siedmiu dni od dnia otrzymania przedmiotowego pisma.</xText>
          <xText>Wobec bezskutecznego upływu terminu wyznaczonego pozwanemu przez powódkę celem zwrotu uiszczonej zaliczki, w dniu 28 lipca 2011 r. skierowany został przeciwko pozwanemu <xAnon>A. K.</xAnon> do Sądu Rejonowego w Kłodzku l Wydział Cywilny pozew o zapłatę kwoty 3.600 zł w związku z odstąpieniem przez powódkę od umowy.</xText>
          <xText>W wyniku przeprowadzonego postępowania Sąd I instancji wyrokiem z dnia 26 marca 2012 r. oddalił powództwo powódki uznając, że nie miała ona podstaw do odstąpienia od łączącej ją z pozwanym umowy, stąd bezzasadne było jej roszczenie o zapłatę.</xText>
          <xText>Powódka od przedmiotowego wyroku wniosła w dniu 19 kwietnia 2012 r. apelację do Sądu Okręgowego w Świdnicy. Wyrokiem z dnia 19 czerwca 2012 r. wydanym w sprawie o sygnaturze akt <xAnon>(...)</xAnon> Sąd II instancji - przyjmując ustalenia Sądu Rejonowego za własne - oddalił apelację powódki, uznając ją za nie zasadną.</xText>
          <xText>Wskutek prawomocnego zakończenia postępowania w przedmiotowej sprawie, pismem z dnia 27 czerwca 2012 r. pełnomocnik pozwanego wezwał powódkę do zapłaty na rachunek bankowy Kancelarii Radcy Prawnego <xAnon>P. M.</xAnon> łącznie 4.303,79 zł., według przedstawionego wyliczenia:</xText>
          <xText>kwota 3.000 zł - tytułem pozostałej należności za wykonane przez pozwanego <xAnon>A. K.</xAnon> meble kuchenne wraz z odsetkami ustawowymi liczonymi od dnia 1 lipca 2011 r. do dnia 27 czerwca 2012 r., w kwocie 386,79 zł.;</xText>
          <xText>kwota 917 zł tytułem zasądzonych kosztów procesu za obie instancje.</xText>
          <xText>W odpowiedzi na powyższe wezwanie powódka pismem z dnia 9 lipca 2012 r. wskazała na bezzasadność roszczenia pozwanego <xAnon>A. K.</xAnon>związanego z zapłatą na jego rzecz kwoty 3.000 zł oraz odsetek ustawowych w kwocie 386,79 zł. Strony ustaliły bowiem ryczałtowe wynagrodzenie za wykonanie zestawu mebli kuchennych w kwocie 6.000 zł., które na żadnym etapie wykonania przez pozwanego umowy nie zostało przez strony zmienione.</xText>
          <xText>Co więcej pozwany swego zobowiązania nie wykonał, gdyż meble nie zostały powódce oddane i zamontowane w jej mieszkaniu, jak wynikało to z umowy. Ponadto powódka podniosła, że do pisma z dnia 27 czerwca 2012 r. nie zostało dołączone stosowne pełnomocnictwo, które potwierdzałoby jego ogólny zakres z <xLexLink xArt="art. 91" xIsapId="WDU19640430296" xTitle="Ustawa z dnia 17 listopada 1964 r. - Kodeks postępowania cywilnego" xAddress="Dz. U. z 1964 r. Nr 43, poz. 296">art. 91 k.p.c.</xLexLink>, w tym możliwość odbioru przez pełnomocnika kosztów procesu oraz dalej idących należności a związanych z pozostałym do zapłaty wynagrodzeniem pozwanego. Należy bowiem podkreślić, iż postępowanie toczyło się za obowiązywania <xLexLink xArt="art. 89" xIsapId="WDU19640430296" xTitle="Ustawa z dnia 17 listopada 1964 r. - Kodeks postępowania cywilnego" xAddress="Dz. U. z 1964 r. Nr 43, poz. 296">art. 89 k.p.c.</xLexLink> sprzed zmiany, która weszła w życie z dniem 03 maja 2012 r., nakładającej na pełnomocnika strony postępowania załączenie odpisu stosownego pełnomocnictwa również dla strony przeciwnej. Dlatego też powódka nie była w stanie stwierdzić podstaw umocowania pełnomocnika pozwanego<xAnon>A. K.</xAnon>.</xText>
          <xText>Pismem z dnia 16 lipca 2012 r. pozwany wezwał do uzgodnienia terminu przekazania zamówionego zestawu mebli kuchennych, jednakże po uprzednim dokonaniu przez powódkę <xAnon>Z. K.</xAnon> zapłaty reszty należności na rzecz pozwanego <xAnon>A. K.</xAnon>.</xText>
          <xText>W odpowiedzi na powyższe pismo powódka pismem z dnia 23 lipca 2012 r. wezwała pozwanego do wydania i montażu zestawu mebli kuchennych w terminie 3 dni od otrzymania przedmiotowego pisma przez porwanego, co miało miejsce - zgodnie z datą i podpisem zamieszczonym na zwrotnym potwierdzeniu odbioru listu- w dniu 31 lipca 2012 r.</xText>
          <xText>Ponadto powódka wskazała pozwanemu, iż w ramach łączącej strony umowy i ustalonego pierwotnie wynagrodzenia, zobowiązał się do wykonania na rzecz powódki elementów dodatkowych, mianowicie: drzwi do dwóch pawlaczy, drzwi do szafy, jak również płyty imitującej kafelki pomiędzy górna i dolną szafka kuchenną oraz światełek nad szafkami (co wchodziło w zakres wykonania zestawu mebli kuchennych), a ponadto zamontowania tychże elementów w mieszkaniu powódki. Okoliczność tę potwierdził sam pozwany w trakcie przesłuchania w charakterze strony, mającego miejsce w dniu 26 marca 2012 r. przed Sądem Rejonowym w Kłodzku, w sprawie o sygnaturze akt <xAnon>(...)</xAnon>upr.</xText>
          <xText>W odpowiedzi na powyższe pismo pozwany w piśmie z dnia 06 sierpnia 2012 r. wskazał na możliwość montażu 09 sierpnia lub też 10 sierpnia 2012 r. , pozostawiając dokładne ustalenie terminu porozumieniu stron.</xText>
          <xText>W dniu 7 sierpnia 2012 r. strony telefonicznie ustaliły na dzień 08 sierpnia 2012 r. spotkanie w miejscu prowadzenia przez pozwanego działalności gospodarczej, gdzie też przechowywane były przez pozwanego zamówione meble kuchenne. Powódka bowiem przed montażem mebli chciała dokonać ich oględzin. Pozwany w dniu spotkania był wobec powódki oraz towarzyszącej jej córki <xAnon>A. K. (2)</xAnon>, nieuprzejmy, uniemożliwił im obejrzenie mebli kuchennych oraz dodatkowych elementów, do których wykonania się zobowiązał. W związku z naganną postawą pozwanego, który zakończył spotkanie w dniu 08 sierpnia 2012 r. nie wysłuchując powódki, uniemożliwiając jej obejrzenie zestawu mebli, jak również nie ustalając z powódką terminu montażu mebli, ponownie nie doszło do ich montażu z przyczyn leżących po stronie pozwanego.</xText>
          <xText>Pismem z dnia 21 sierpnia 2012 r. powódka zaproponowała ostateczny termin montażu mebli kuchennych na dzień 15 września 2012 r. , wskazując jednocześnie, że stosownej zapłaty dokona w chwili montażu przez pozwanego mebli kuchennych oraz elementów dodatkowych w mieszkaniu powódki.</xText>
          <xText>W odpowiedzi na powyższe pismo pozwany pismem z dnia 03 września 2012 r. wskazał wyłącznie, że po 25 października 2012 r. przebywać będzie na urlopie wypoczynkowym, nie zanegował jednak wyznaczonego przez powódkę w piśmie z dnia 21 sierpnia 2012 r. terminu montażu mebli, mimo wyraźnego odesłania do ww. pisma powódki już na samym wstępie.</xText>
          <xText>Z powyższego powódka zasadnie wnioskowała, że do ustalonego przez nią w piśmie z dnia 21 sierpnia 2012 r. terminu montażu, tj. 15 września 2012 r., rzeczywiście dojdzie.</xText>
          <xText>Oczekiwała wiec na pozwanego w tymże dniu w swoim domu, jednak bezskutecznie. Pozwany nie skontaktował się z powódką, co więcej nie reagował na podejmowane przez nią próby telefonicznego skontaktowania się z nim, tj. nie odbierał telefonów oraz nie oddzwaniał.</xText>
          <xText>Powódka licząc na kontakt ze strony pozwanego po upływie urlopu wypoczynkowego, dopiero pismem z dnia 16 listopada 2012 r. wyznaczyła pozwanemu 3-dniowy termin celem montażu zamówionych mebli kuchennych oraz wymienionych wcześniej elementów dodatkowych w mieszkaniu powódki, zastrzegając, że po bezskutecznym upływie wyznaczonego pozwanemu terminu odstąpi ona od łączącej ją z pozwanym <xAnon>A. K.</xAnon>umowy.</xText>
          <xText>Wobec dalszego braku kontaktu ze strony pozwanego powódka pismem z dnia 05 grudnia 2012r. odstąpiła od umowy od zawartej z pozwanym ustnej umowy o dzieło.</xText>
          <xText>W odpowiedzi na powyższe pozwany po raz kolejny pismem z dnia 17 grudnia 2012 r. wezwał powódkę do zapłaty pozostałej należności za wykonanie mebli. Na wezwanie to powódka skierowała do pozwanego stosowne pismo z dnia 20 grudnia 2012 r., w którym to piśmie powódka po raz kolejny wskazała na brak podstaw dla żądania przez pozwanego zapłaty kwoty 2.900 zł. Podniosła również, że zgodnie z regulacja zawartą w <xLexLink xArt="art. 642" xIsapId="WDU19640160093" xTitle="Ustawa z dnia 23 kwietnia 1964 r. - Kodeks cywilny" xAddress="Dz. U. z 1964 r. Nr 16, poz. 93">art. 642 Kodeksu cywilnego</xLexLink> zapłata wynagrodzenia na rzecz przyjmującego zamówienie następuje w chwili oddania dzieła, stąd z uwagi na uchylenie się przez pozwanego od ciążącego na nim dotychczas obowiązku wykonania umowy, mianowicie montażu mebli kuchennych w mieszkaniu powódki wraz z elementami dodatkowymi, powódka nie była w stanie zmusić pozwanego do uczynienia zadość jego obowiązkowi. Konieczne stało się wiec odstąpienie od umowy.</xText>
          <xText>Z uwagi na stan wynikły wskutek odstąpienia przez powódkę od łączącej ją z porwanym ustnej umowy o dzieło zawartej w dniu 4 kwietnia 2012 r., powódka pismem z dnia 28 grudnia 2012 r. wezwała pozwanego do zapłaty kwoty 3.600 zł tytułem uiszczonej przez powódkę zaliczki na wykonanie przez pozwanego mebli kuchennych wraz z dodatkowymi elementami - w terminie 7 dni od dnia otrzymania przedmiotowego wezwania, na rachunek bankowy Kancelarii Radcy Prawnego <xAnon>M.</xAnon> i Prawnicy, zgodnie z dyspozycją wynikającą z załączonego do wezwania pełnomocnictwa. Wezwanie pozostawione zostało jednak bez odpowiedzi.</xText>
          <xText>Powódka wskazała, że z brzmienia <xLexLink xArt="art. 642" xIsapId="WDU19640160093" xTitle="Ustawa z dnia 23 kwietnia 1964 r. - Kodeks cywilny" xAddress="Dz. U. z 1964 r. Nr 16, poz. 93">art. 642</xLexLink> S 1 <xLexLink xArt="" xIsapId="WDU19640160093" xTitle="Ustawa z dnia 23 kwietnia 1964 r. - Kodeks cywilny" xAddress="Dz. U. z 1964 r. Nr 16, poz. 93">k.c.</xLexLink> wynika, że zagadnienie terminu wypłaty wynagrodzenia przyjmującemu zamówienie, istotne z perspektywy istoty umowy o dzieło, jako umowy odpłatnej, powinno być, co do zasady, rozstrzygnięte w tej umowie. Jeżeli umowa o dzieło nie przewiduje terminu wypłaty wynagrodzenia, zastosowanie znajduje przepis <xLexLink xArt="art. 642" xIsapId="WDU19640160093" xTitle="Ustawa z dnia 23 kwietnia 1964 r. - Kodeks cywilny" xAddress="Dz. U. z 1964 r. Nr 16, poz. 93">art. 642 k.c.</xLexLink>, z którego regulacji wprost wynika, że przyjmującemu zamówienie wynagrodzenie należy się w chwili oddania dzieła. Dopiero bowiem z chwilą oddania dzieła kończy się stosunek prawny oparty na umowie o dzieło. Świadczenia z umowy o dzieło, jako umowy wzajemnej ( w tym oddanie dzieła przez przyjmującego zamówienie, odebranie dzieła przez zamawiającego i zapłata umówionego wynagrodzenia), powinny być w zasadzie spełnione jednocześnie, co skorelowane jest również z brzmieniem <xLexLink xArt="art. 488" xIsapId="WDU19640160093" xTitle="Ustawa z dnia 23 kwietnia 1964 r. - Kodeks cywilny" xAddress="Dz. U. z 1964 r. Nr 16, poz. 93">art. 488 k.c.</xLexLink> (tak: K. Kotakowski (w:) G. Bieniek, Komentarz, t. 11,2006, s. 198).</xText>
          <xText>Należy - według powódki - podkreślić, że w przedmiotowej sprawie do oddania dzieła nie doszło, mimo jej starań o ustalenie stosownego terminu montażu mebli kuchennych wraz z elementami dodatkowymi przez pozwanego. Pozwany nie dążył do oddana dzieła powódce, wywodząc z łączącego ich stosunku prawnego wyłącznie obowiązek zapłaty przez powódkę. Powódka jednak po prawomocnym zakończeniu postępowania sądowego wyrokiem Sądu Okręgowego w Świdnicy z dnia 19 czerwca 2012 r.( <xAnon>(...)</xAnon>), nie uchylała się od odbioru dzieła i zapłaty na rzecz powoda umówionego wynagrodzenia. Pozwany jednak do dnia dzisiejszego, prócz gołosłownych twierdzeń o możliwości oddania dzieła, nie podjął żadnych działań ku temu zmierzających. Nie pojawił się w dniu ustalonym celem montażu mebli w mieszkaniu powódki, tj. 15 września 2012 r., zignorował próby nawiązania kontaktu telefonicznego przez powódkę w tym dniu, choć w żadnym z pism nie zakwestionował wskazanego przez powódkę terminu. Powódka do dnia dzisiejszego nie otrzymała zamówionego przez nią zestawu mebli kuchennych, mimo podejmowanych przez nią starań o jego oddanie i montaż w mieszkaniu powódki. Powódka nie uchyla się od zapłaty na rzecz pozwanego umówionego wynagrodzenia, które nota bene na chwile obecną w przeważającej części zostało spełnione, do dnia dzisiejszego powódka uiściła bowiem na rzecz pozwanego kwotę 3.600 zł, co jest okolicznością bezsporną. Na chwilę obecną powódka jest więc w zasadzie podwójnie poszkodowaną stroną przedmiotowej umowy o dzieło, skoro na poczet wykonania mebli wpłaciła niemal 1/3 umówionego wynagrodzenia, a nadto nie ma możliwości zmuszenia pozwanego do oddania dzieła, na żadnym bowiem etapie wymiany przez strony pism przedsądowych pozwany nie był faktycznie skłonny oddać dzieła. Na marginesie należy wskazać, ze powódka meble kuchenne zamówiła w kwietniu 2011 r. i po niemal dwóch latach nadal nie może z nich korzystać.</xText>
          <xText>Pozwany warunkował oddanie dzieła powódce, jej uprzednią wpłatą na rachunek bankowy kwoty 2.900 zł, czego powódka nie może zaakceptować. Po pierwsze, strony umówiły się na ryczałtowe wynagrodzenie w kwocie 6.000 zł, powódka zaś na poczet wykonania przedmiotowej umowy wpłaciła do rąk pozwanego w dwóch ratach kwotę 3.600 zł. Pozwany jednak domaga się kwoty 2.900 zł, nie dokumentując wzrostu wydatków. Po drugie, mając na względzie treść <xLexLink xArt="art. 642" xIsapId="WDU19640160093" xTitle="Ustawa z dnia 23 kwietnia 1964 r. - Kodeks cywilny" xAddress="Dz. U. z 1964 r. Nr 16, poz. 93">art. 642 k.c.</xLexLink> oraz skutki z niego wynikające należy wskazać, że zapłata wynagrodzenia nastąpić powinna co najmniej jednocześnie z oddaniem dzieł, a w przypadku gdy wynagrodzenie ma być płacone w formie bezgotówkowej (do czego dąży pozwany), oddanie powinno nastąpić wcześniej, natomiast zapłata niezwłocznie po tym fakcie (tak też K. Zagrobelny (w:) E. Gniewek, Komentarz, 2006, s. 1058).</xText>
          <xText>Na marginesie należy wskazać, że pozwany wielokrotnie powoływał się na wiążący charakter stosowanego przez niego formularza umowy, który wręczył powódce. Jednakże i ten blankiet w swym punkcie 2 stanowi, że "całkowita płatność 20 meble dokonywana jest po zamontowaniu zestawu przy jednoczesnej możliwości obejrzenia i sprawdzenia mebli". Stąd i ta okoliczność wskazywać może na stanowisko samego pozwanego co do momentu powstania roszczenia o zapłatę wynagrodzenia na jego rzecz.</xText>
          <xText>Wobec bezskuteczności podejmowanych przez powódkę prób prawidłowego odbioru dzieła jak również uchylania się przez powoda od obowiązku jego wydania, powódka odstąpiła od zawartej z pozwanym w dniu 4 kwietnia 2011 r. ustnej umowy o dzieło.</xText>
          <xText>Skutkiem odstąpienie od umowy jest zniweczenie jej ex tunc i zwrot wszystkiego, co w jej wykonaniu zostało świadczone. Bezspornym jest, że powódka uiściła do rąk pozwanego kwotę 3.600 zł jako część umówionego wynagrodzenia. Bezspornym jest również, że do dnia dzisiejszego pozwany nie oddał dzieła powódce, uchylając się od wykonania swego obowiązku umownego. Odstąpienie o odstąpieniu jest jednoczesnym oświadczeniem woli o charakterze prawno - kształtującym i jak zostało wykazane rodzi obowiązek zwrotu wszystkiego, co w jej wykonaniu zostało dotychczas świadczone. Stroną, która w przedmiotowym stosunku prawnym cokolwiek świadczyła jest wyłącznie powódka. Stąd roszczenie o zwrot wpłaconej kwoty znajduje uzasadnienie w złożonym oświadczeniu o odstawieniu od umowy.</xText>
          <xText>Pozwany <xAnon>A. K.</xAnon>prowadzący działalność gospodarczą pod <xAnon> firmą (...)</xAnon> w <xAnon>B.</xAnon> wniósł o oddalenie powództwa zarzucając, że roszczenia powódki zostały prawomocnie osądzone orzeczeniami Sądów: Rejonowego w <xAnon>K.</xAnon> i Okręgowego w <xAnon>Ś.</xAnon>.</xText>
          <xText>Według pozwanego powołała dowody, które zostały już przeprowadzone, a powołuje je w celu wykazania okoliczności i twierdzeń odmiennych od przyjętych w postępowaniach sądowych toczących się pomiędzy tymi samymi stronami o to samo roszczenie.</xText>
          <xText>Zgodnie z <xLexLink xArt="art. 199;art. 199 § 1;art. 199 § 1 pkt. 2" xIsapId="WDU19640430296" xTitle="Ustawa z dnia 17 listopada 1964 r. - Kodeks postępowania cywilnego" xAddress="Dz. U. z 1964 r. Nr 43, poz. 296">art. 199 § l pkt 2 k.p.c.</xLexLink> Sąd odrzuci pozew jeżeli o to samo roszczenie nędzy tymi samymi stronami sprawa jest w toku albo została już prawomocnie osądzona.</xText>
          <xText>Niezależnie od powyższego, pozwany podejmował starania w kierunku zakończenia sporu i zamontowania zestawu zamówionych mebli.</xText>
          <xText>W następstwie zachowania powódki, przejawiającego się groźbami zniszczenia dzieła, wobec obawy, że powódka nie zapłaci za wykonane meble, pozwany domagał się zapłaty reszty kwoty stanowiącej cenę przed zamontowaniem mebli w mieszkaniu powódki.</xText>
          <xText>Zamawiający nie może odmówić zapłaty wynagrodzenia mimo niewykonania dzieła jeżeli przyjmujący zamówienie był gotów je wykonać, lecz doznał przeszkody z przyczyn dotyczących zamawiającego <xLexLink xArt="art. 639 zd. 1" xIsapId="WDU19640160093" xTitle="Ustawa z dnia 23 kwietnia 1964 r. - Kodeks cywilny" xAddress="Dz. U. z 1964 r. Nr 16, poz. 93">zd. 1</xLexLink>. <xLexLink xArt="art. 639" xIsapId="WDU19640160093" xTitle="Ustawa z dnia 23 kwietnia 1964 r. - Kodeks cywilny" xAddress="Dz. U. z 1964 r. Nr 16, poz. 93">art. 639 k.c.</xLexLink>).</xText>
          <xText>W dniu 08 sierpnia 2012 roku, w warsztacie pozwanego, na życzenie powódki, odbyło się spotkanie stron, w celu oględzin wykonanego przez pozwanego zestawu mebli. Podczas spotkania powódka zachowywała się co najmniej niestosownie. Wyzywała pozwanego, oskarżała go o oszustwo, próbowała uderzyć go. Z zachowania powódki pozwany wywnioskował, że nie jest ona zainteresowana jak najszybszym zamontowaniem mebli.</xText>
          <xText>Opisane okoliczności potwierdzają, że powódka nie współdziała przy wykonaniu zobowiązania, w rozumieniu ogólnych reguł wykonywania zobowiązań (<xLexLink xArt="art. 354;art. 354 § 2" xIsapId="WDU19640160093" xTitle="Ustawa z dnia 23 kwietnia 1964 r. - Kodeks cywilny" xAddress="Dz. U. z 1964 r. Nr 16, poz. 93">art. 354 § 2</xLexLink> w związku z <xLexLink xArt="§ 1" xIsapId="WDU19640160093" xTitle="Ustawa z dnia 23 kwietnia 1964 r. - Kodeks cywilny" xAddress="Dz. U. z 1964 r. Nr 16, poz. 93">§ 1 k.c.</xLexLink> ).</xText>
          <xText>W trakcie wykonywania dzieła pozwany dokonał przeróbek zestawu mebli, zgodnie w poleceniami powódki. Poniósł z tego tytułu dodatkowe koszty i wydatki, których będzie [domagał się w odrębnym procesie (§ I <xLexLink xArt="art. 630" xIsapId="WDU19640160093" xTitle="Ustawa z dnia 23 kwietnia 1964 r. - Kodeks cywilny" xAddress="Dz. U. z 1964 r. Nr 16, poz. 93">art. 630 k.c.</xLexLink> ) .</xText>
          
          <xText>Sąd ustalił następujący stan faktyczny :</xText>
          
          <xText>W dniu 4 kwietnia 2011 roku strony zawarły ustną umowę na wykonanie zestawu mebli kuchennych, które miały być gotowe przed Świętami Wielkanocnymi 2011r.</xText>
          <xText>Strony uzgodniły koszt wykonania mebli na kwotę 6000 zł. W dniu 6 kwietnia 2011 roku powódka przekazała pozwanemu kwotę 2000 zł na zakup materiałów na wykonanie mebli.</xText>
          <xText>W dniu 13 kwietnia 2011r. powódka przekazała pozwanemu kwotę 1600 zł na zakup materiałów na wykonanie mebli. Pozwany nie wykonał mebli w uzgodnionym terminie i strony ustaliły następny termin, jako ostateczny, na koniec kwietnia 2011 roku. Ponieważ pozwany nie zdążył wykonać mebli przed l maja 2011 roku strony uzgodniły, że pozwany nadal będzie wykonywał meble, bez określenia terminu ich wykonania, a po ich wykonaniu zawiadomi o tym powódkę.</xText>
          <xText>Powódka zgłosiła zastrzeżenia, że meble stoją na regulowanych nóżkach a nie na cokołach, w czasie gdy meble były już wykonane. Na żądanie powódki dokonania zmiany pozwany oświadczył, że nie ma technicznych możliwości zmiany nóżek, nie wykon mebli na cokołach, zaś nóżki w meblach zostaną osłonięte. Ponadto, w jednej z szafek, pozwany zamontował wewnątrz metalową suszarkę.</xText>
          <xText>W połowie maja 2011 roku pozwany poinformował telefonicznie powódkę, że meble kuchenne są gotowe do montażu w mieszkaniu powódki i przyjeżdża zamontować meble. Na oświadczenie pozwanego, że w meblach szuflady są nadal metalowe i zamontowane są nóżki, powódka odmówiła odbioru mebli.</xText>
          <xText>Pismem z dnia 31.05.2011r powódka wezwała pozwanego do realizacji zamówienia w terminie 7 dni, zaś pismem z dnia 7.06.20l1r wezwała pozwanego do zmiany sposobu wykonania dzieła w terminie 14 dni. Pismem z dnia 15.06.201 Ir powódka podtrzymała swoje stanowisko w przedmiocie wezwania do zmiany sposobu wykonania dzieła, a następnie pismem z dnia 25.06.2011 r. powódka zerwała umowę na wykonanie dzieła oraz zażądała zwrotu zaliczki i zlewozmywaka kuchennego w terminie 7 dni od daty doręczenia pisma.</xText>
          <xText>Wyrokiem Sądu Rejonowego w Kłodzku Wydział I Cywilny z dnia 26 marca 2012 r. oddalono powództwo <xAnon>Z. K.</xAnon> przeciwko pozwanemu o zapłatę kwoty 3600 zł. W uzasadnieniu tego wyroku Sąd podał, że skoro powódka ostatecznie wyraziła zgodę na wykonanie dzieła przez pozwanego, nie uzgadniając terminu jego wykonania, mimo upływu terminów umówionych wcześniej, a polecając pozwanemu by meble nadal wykonywał, nie może ona skorzystać z uprawnienia, do odstąpienia od umowy na podstawie przepisu <xLexLink xArt="art. 635" xIsapId="WDU19640160093" xTitle="Ustawa z dnia 23 kwietnia 1964 r. - Kodeks cywilny" xAddress="Dz. U. z 1964 r. Nr 16, poz. 93">art. 635 kc.</xLexLink> Brak przesłanek do skutecznego odstąpienia od umowy przez powódkę na podstawie przepisu <xLexLink xArt="art. 636;art. 636 § 1" xIsapId="WDU19640160093" xTitle="Ustawa z dnia 23 kwietnia 1964 r. - Kodeks cywilny" xAddress="Dz. U. z 1964 r. Nr 16, poz. 93">art. 636§1 kc</xLexLink>, który stanowi, że "jeżeli przyjmujący zamówienie wykonywa dzieło w sposób wadliwy albo sprzeczny z umową, zamawiający może wezwać go do zmiany sposobu wykonywania i wyznaczyć mu w tym celu odpowiedni termin a po bezskutecznym upływie wyznaczonego terminu zamawiający może od umowy odstąpić albo powierzyć poprawienie lub dalsze wykonanie dzieła innej osobie na koszt i niebezpieczeństwo przyjmującego zamówienie. Na powódce, zgodnie z przepisem <xLexLink xArt="art. 6" xIsapId="WDU19640160093" xTitle="Ustawa z dnia 23 kwietnia 1964 r. - Kodeks cywilny" xAddress="Dz. U. z 1964 r. Nr 16, poz. 93">art. 6 kc</xLexLink>, spoczywał ciężar udowodnienia faktu, że pozwany jako przyjmujący zamówienie wykonywał dzieło w sposób wadliwy albo sprzeczny z umową. Powódka wprawdzie przekazała pozwanemu szkice- projekt mebli , ale z samego szkicu już wynika, iż jest on bardzo ogólny, zaś powódka zaznaczyła tylko cześć wymiarów mebli, natomiast dopiero pozwany dokonał pomiarów w sposób szczegółowy z zaznaczeniem wszystkich niezbędnych wymiarów mebli. Powódka odmówiła podpisania formularza umowy wypełnionego przez pozwanego a tym samym, przy braku szczegółów, co do wykonania mebli, umowy ustnej, powódka pozbawiła się możliwości wykazania postanowień umownych istotnych dla dochodzenia swoich roszczeń.</xText>
          
          <xText>( dowód : kopia wyroku sądu Rejonowego w Kłodzku z dnia 26 marca 2012 r. z uzasadnieniem k 13 - 17 akt sprawy )</xText>
          
          <xText>Pismem z dnia 23 lipca 2012 r. pełnomocnik powódki wezwał pozwanego do niezwłocznego- nie później niż w terminie 3 dni - wydania oraz zamontowania zestawu mebli kuchennych w miejscu zamieszkania powódki i wykonania drzwi do pawlaczy, drzwi do szafy, płyty imitującej kafelki pomiędzy górną i dolną szafką kuchenną, światełek nad szafkami. Pełnomocnik powódki stwierdził , że bezskuteczny upływ terminu spowoduje popadnięcie pozwanego w zwłokę i podstawę do skutecznego odstąpienie od umowy przez powódkę</xText>
          
          <xText>( dowód : pismo do pozwanego z dnia 23 07 2012 r. k 34 )</xText>
          
          <xText>Kolejnym pismem z dnia 21 sierpnia 2012 r. pełnomocnik powódki wskazał pozwanemu ostateczny termin przekazania zamówionego zestawu mebli na dzień 15 września 2012 r. W odpowiedzi pozwany powiadomił powódkę, że wykonał zestaw mebli, ale uzależnia realizację zobowiązania od zapłaty za dzieło.</xText>
          
          <xText>( dowód : pismo pełnomocnika powódki z dnia 21 08 2012 r. k 42, pismo pozwanego k 43 )</xText>
          
          <xText>Pismem z dnia 16 listopada 2012 r. pełnomocnik powódki wezwał pozwanego ostatecznie do montażu zamówionego zestawu mebli i elementów dodatkowych (drzwi do pawlaczy, drzwi do szafy, płyty imitującej kafelki pomiędzy górną i dolną szafką kuchenną, światełek nad szafkami ) w terminie 3 dni z zagrożeniem odstąpienia od umowy.</xText>
          <xText>Po bezskutecznym upływie tego terminu pismem z dnia 5 12 2012 r. pełnomocnik powódki oświadczył, że odstępuje od umowy o dzieło</xText>
          
          <xText>( dowód : pisma pełnomocnika powódki k 43 i 45 )</xText>
          
          <xText>Sąd zważył :</xText>
          
          <xText>Prawomocnym postanowieniem z dnia 27 czerwca 2013 r. Sąd na podstawie <xLexLink xArt="art. 222" xIsapId="WDU19640430296" xTitle="Ustawa z dnia 17 listopada 1964 r. - Kodeks postępowania cywilnego" xAddress="Dz. U. z 1964 r. Nr 43, poz. 296">art. 222 k.p.c.</xLexLink> oddalił zarzut pozwanego, którego uwzględnienie prowadziłoby do odrzucenia pozwu.</xText>
          <xText>W ocenie Sądu w przedmiotowej sprawie nie ma podstaw do zastosowania <xLexLink xArt="art. 199;art. 199 § 1;art. 199 § 1 pkt. 2" xIsapId="WDU19640430296" xTitle="Ustawa z dnia 17 listopada 1964 r. - Kodeks postępowania cywilnego" xAddress="Dz. U. z 1964 r. Nr 43, poz. 296">art. 199 § 1 pkt 2 k.p.c.</xLexLink> Chociaż bowiem zachodzi tożsamość stron, nie ma mowy o tożsamości roszczenia powódki. Tożsamość roszczenia w rozumieniu <xLexLink xArt="art. 199;art. 199 § 1;art. 199 § 1 pkt. 2" xIsapId="WDU19640430296" xTitle="Ustawa z dnia 17 listopada 1964 r. - Kodeks postępowania cywilnego" xAddress="Dz. U. z 1964 r. Nr 43, poz. 296">art. 199 § 1 pkt 2 k.p.c.</xLexLink> zachodzi tylko wówczas, gdy identyczne są nie tylko przedmiot, ale i podstawa sporu (postanowienie SN z dnia 9 czerwca 1971 r., <xAnon>(...)</xAnon>, OSNCP 1971, nr 12, poz. 226). W uzasadnieniu wyroku z dnia 14 grudnia 1963 r.,<xAnon>(...)</xAnon>, z glosą W. Broniewicza, PiP 1965, z. 8-9, s. 395 i n., Sąd Najwyższy stwierdził, że o tym, czy w nowym procesie chodzi o tę samą, czy też o inną podstawę faktyczną sporu, decyduje stan faktyczny, jaki istniał w chwili zamknięcia rozprawy w poprzednim procesie.</xText>
          <xText>Roszczenie powódki wypływa z nowych okoliczności faktycznych, które miały miejsce po wydaniu wyroku z dnia 26 03 2012 r. w sprawie o sygn.<xAnon>(...)</xAnon>Oparte jest też na innej podstawie prawnej.</xText>
          <xText>Zgodnie z <xLexLink xArt="art. 635" xIsapId="WDU19640160093" xTitle="Ustawa z dnia 23 kwietnia 1964 r. - Kodeks cywilny" xAddress="Dz. U. z 1964 r. Nr 16, poz. 93">art. 635 k.c.</xLexLink> jeżeli przyjmujący zamówienie opóźnia się z rozpoczęciem lub wykończeniem dzieła tak dalece, że nie jest prawdopodobne, żeby zdołał je ukończyć w czasie umówionym, zamawiający może bez wyznaczenia terminu dodatkowego od umowy odstąpić jeszcze przed upływem terminu do wykonania dzieła.</xText>
          <xText>W wypadku kiedy termin wykonania dzieła nie wynika ani z umowy o dzieło, ani z właściwości dzieła, zastosowanie w tym zakresie mają zasady ogólne dotyczące wykonania zobowiązania (w tym w szczególności <xLexLink xArt="art. 455" xIsapId="WDU19640160093" xTitle="Ustawa z dnia 23 kwietnia 1964 r. - Kodeks cywilny" xAddress="Dz. U. z 1964 r. Nr 16, poz. 93">art. 455 k.c.</xLexLink>); zob. W. Czachórski, Zobowiązania, 2007, s. 465; Z. Radwański, J. Panowicz-Lipska, Zobowiązania , 2008, s. 169.</xText>
          <xText>Przepis <xLexLink xArt="art. 455" xIsapId="WDU19640160093" xTitle="Ustawa z dnia 23 kwietnia 1964 r. - Kodeks cywilny" xAddress="Dz. U. z 1964 r. Nr 16, poz. 93">art. 455 k.c.</xLexLink> przewiduje, że jeżeli termin spełnienia świadczenia nie jest oznaczony, ani nie wynika z właściwości zobowiązania, świadczenie powinno być spełnione niezwłocznie po wezwaniu dłużnika do wykonania.</xText>
          <xText>Odstąpienie od umowy na podstawie <xLexLink xArt="art. 635" xIsapId="WDU19640160093" xTitle="Ustawa z dnia 23 kwietnia 1964 r. - Kodeks cywilny" xAddress="Dz. U. z 1964 r. Nr 16, poz. 93">art. 635 k.c.</xLexLink>nie wymaga traktowania zaniechania wykonania w ustalonym terminie czynności przyjmującego zamówienie jako zwłoki (tak też słusznie wyrok SA w Katowicach z 23 kwietnia 2008 r., <xAnon>(...)</xAnon> OSA 2008, z. 3, poz. 2).</xText>
          <xText>Zamawiający może odstąpić od umowy o dzieło nawet w wypadku, gdy przyjmującemu zamówienie nie można postawić zarzutu naruszenia należytej staranności wymaganej w stosunkach danego rodzaju.</xText>
          <xText>Ponadto zamawiający nie musi wyznaczać drugiej stronie odpowiedniego terminu do wykonania koniecznych czynności, z zastrzeżeniem, że po jego bezskutecznym upływie będzie mógł od umowy odstąpić (zob. S. Buczkowski (w:) System prawa cywilnego, t. III, cz. 2, s. 440; K. Zagrobelny (w:) E. Gniewek, Komentarz, 2006, s. 1051).</xText>
          <xText>Wykonanie prawa odstąpienia od umowy następuje przez złożenie przyjmującemu zamówienie jednostronnego oświadczenia woli, którego skuteczność jest uzależniona od dojścia do adresata w taki sposób, że mógł się on zapoznać z jego treścią (<xLexLink xArt="art. 61" xIsapId="WDU19640160093" xTitle="Ustawa z dnia 23 kwietnia 1964 r. - Kodeks cywilny" xAddress="Dz. U. z 1964 r. Nr 16, poz. 93">art. 61 k.c.</xLexLink>). W związku z odstąpieniem powstaje nowy stan prawny między stronami, ponieważ od momentu jego dokonania umowa wzajemna przestaje wiązać strony. Prawną konsekwencją odstąpienia jest wygaśnięcie umowy od momentu jej zawarcia (ex tunc), w tym zarówno zobowiązania głównego, jak i zobowiązań akcesoryjnych (np. zobowiązania do zapłaty kar umownych; tak SA w Poznaniu w wyroku z 27 lutego 2001 r., <xAnon>(...)</xAnon>, Pr. Gosp. 2002, nr 6, s. 54). W wyniku odstąpienia strony nie są już obustronnie wobec siebie zobowiązane do świadczeń przewidzianych w umowie, a to, co ewentualnie świadczyły już wcześniej, podlega zwrotowi.</xText>
          <xText>Wynikające z <xLexLink xArt="art. 635" xIsapId="WDU19640160093" xTitle="Ustawa z dnia 23 kwietnia 1964 r. - Kodeks cywilny" xAddress="Dz. U. z 1964 r. Nr 16, poz. 93">art. 635 k.c.</xLexLink> prawo natychmiastowego odstąpienia od umowy w razie samego tylko opóźnienia przysługuje zamawiającemu również a fortiori, gdy przedmiot umowy nie został ukończony w terminie, bez potrzeby badania wystąpienia zwłoki i wyznaczenia dodatkowego terminu.</xText>
          <xText>Odstąpienie od umowy o dzieło bez wyznaczania dodatkowego terminu jest dopuszczalne również wtedy, gdy przyjmujący zamówienie nie wykonał dzieła w umówionym terminie; taka bowiem sytuacja stanowi - w zestawieniu z hipotezą <xLexLink xArt="art. 635" xIsapId="WDU19640160093" xTitle="Ustawa z dnia 23 kwietnia 1964 r. - Kodeks cywilny" xAddress="Dz. U. z 1964 r. Nr 16, poz. 93">art. 635 k.c.</xLexLink> - "coś więcej" niż tylko opóźnienie w wykonywaniu dzieła, uzasadniające negatywną prognozę co do jego ukończenia w czasie umówionym. Stosownie do <xLexLink xArt="art. 635" xIsapId="WDU19640160093" xTitle="Ustawa z dnia 23 kwietnia 1964 r. - Kodeks cywilny" xAddress="Dz. U. z 1964 r. Nr 16, poz. 93">art. 635 k.c.</xLexLink> zamawiający może bez wyznaczania terminu dodatkowego od umowy odstąpić jeszcze przed upływem terminu do wykonania dzieła, jeżeli przyjmujący zamówienie opóźnia się z rozpoczęciem lub wykończeniem dzieła tak dalece, że nie jest prawdopodobne, aby zdołał je ukończyć w czasie umówionym. W oparciu o argumentację a minori ad maius należy przyjąć, iż odstąpienie od umowy bez wyznaczania dodatkowego terminu jest dopuszczalne również wtedy, gdy przyjmujący zamówienie nie wykonał dzieła w umówionym terminie; taka bowiem sytuacja stanowi - w zestawieniu z hipotezą <xLexLink xArt="art. 635" xIsapId="WDU19640160093" xTitle="Ustawa z dnia 23 kwietnia 1964 r. - Kodeks cywilny" xAddress="Dz. U. z 1964 r. Nr 16, poz. 93">art. 635 k.c.</xLexLink> - "coś więcej" niż tylko opóźnienie w wykonywaniu dzieła, uzasadniające negatywną prognozę co do jego ukończenia w czasie umówionym.</xText>
          <xText>Nie ulega wątpliwości, że w dniu 4 kwietnia 2011 r. pozwany w ramach prowadzonej przez niego działalności gospodarczej pod <xAnon> firmą (...)</xAnon> zawarł z powódką ustną umowę o dzieło, której przedmiotem było wykonanie przez pozwanego zestawu mebli kuchennych oraz ich montaż w mieszkaniu powódki.</xText>
          <xText>Strony ustaliły ryczałtowe wynagrodzenie za wykonanie przez pozwanego dzieła w kwocie 6.000 zł. Dzieło miało być wykonane i zamontowane w mieszkaniu powódki do dnia 22 kwietnia 2011 r.</xText>
          <xText>Ponadto pozwany w ramach łączącej strony umowy zobowiązał się do wykonania na rzecz powódki oraz montażu w jej mieszkaniu elementów dodatkowych, mianowicie drzwi do dwóch pawlaczy, drzwi do szafy, płyty imitującej kafelki pomiędzy górną i dolną szafką, jak również światełek nad szafkami kuchennymi. Na poczet wykonania umowy (koszty zakupu materiałów na wykonanie dzieła) powódka przekazała do rąk pozwanego w dniu 11 kwietnia 2011 r. kwotę 2.000 zł., a następnie w dniu 13 kwietnia 2011 r. kwotę 1.600 zł., tj. łącznie kwotę 3,600 zł.</xText>
          <xText>Powódka po prawomocnym zakończeniu postępowania sądowego wyrokiem Sądu Okręgowego w Świdnicy z dnia 19 czerwca 2012 r.( <xAnon>(...)</xAnon>), nie uchylała się od odbioru dzieła i zapłaty na rzecz powoda umówionego wynagrodzenia. Pozwany mimo wielokrotnego wyznaczania mu terminu do wykonania dzieła nie wykonał go - nie dokonał umówionego montażu mebli i elementów dodatkowych. Nie pojawił się w dniu ustalonym celem montażu mebli w mieszkaniu powódki, tj. 15 września 2012 r., zignorował próby nawiązania kontaktu telefonicznego przez powódkę w tym dniu. Powódka do dnia dzisiejszego nie otrzymała zamówionego przez nią zestawu mebli kuchennych, mimo podejmowanych przez nią starań o jego oddanie i montaż w mieszkaniu powódki.</xText>
          <xText>Wobec bezskuteczności podejmowanych przez powódkę prób prawidłowego odbioru dzieła jak również uchylania się przez pozwanego od obowiązku jego wydania, powódka skutecznie na podstawie <xLexLink xArt="art. 635" xIsapId="WDU19640160093" xTitle="Ustawa z dnia 23 kwietnia 1964 r. - Kodeks cywilny" xAddress="Dz. U. z 1964 r. Nr 16, poz. 93">art. 635 k.c.</xLexLink> odstąpiła od zawartej z pozwanym w dniu 4 kwietnia 2011 r. ustnej umowy o dzieło.</xText>
          <xText>Skutkiem odstąpienie od umowy jest zniweczenie jej ex tunc i zwrot wszystkiego, co w jej wykonaniu zostało świadczone - przede wszystkim kwoty 3600 zł.</xText>
          <xText>Odstąpienie o odstąpieniu jest jednoczesnym oświadczeniem woli o charakterze prawno - kształtującym i rodzi obowiązek zwrotu wszystkiego, co w jej wykonaniu zostało dotychczas świadczone.</xText>
          <xText>Reasumując , zgodnie z <xLexLink xArt="art. 635" xIsapId="WDU19640160093" xTitle="Ustawa z dnia 23 kwietnia 1964 r. - Kodeks cywilny" xAddress="Dz. U. z 1964 r. Nr 16, poz. 93">art. 635 k.c.</xLexLink> jeżeli przyjmujący zamówienie opóźnia się z rozpoczęciem lub wykończeniem dzieła tak dalece, że nie jest prawdopodobne, żeby zdołał je ukończyć w czasie umówionym, zamawiający może bez wyznaczenia terminu dodatkowego od umowy odstąpić jeszcze przed upływem terminu do wykonania dzieła. Warunek ten jest spełniony tym bardziej, gdy przyjmujący zamówienie nie ukończył dzieła w umówionym terminie (por. wyrok Sądu Apelacyjnego w Krakowie z 1999.12.08, <xAnon>(...)</xAnon>, opublik. <xAnon>(...)</xAnon> - "Odstąpienie od umowy o dzieło bez wyznaczania dodatkowego terminu jest dopuszczalne również wtedy, gdy przyjmujący zamówienie nie wykonał dzieła w umówionym terminie; taka bowiem sytuacja stanowi - w zestawieniu z hipotezą <xLexLink xArt="art. 635" xIsapId="WDU19640160093" xTitle="Ustawa z dnia 23 kwietnia 1964 r. - Kodeks cywilny" xAddress="Dz. U. z 1964 r. Nr 16, poz. 93">art. 635 k.c.</xLexLink> - "coś więcej" niż tylko opóźnienie w wykonywaniu dzieła, uzasadniające negatywną prognozę co do jego ukończenia w czasie umówionym."). Norma zawarta w <xLexLink xArt="art. 635" xIsapId="WDU19640160093" xTitle="Ustawa z dnia 23 kwietnia 1964 r. - Kodeks cywilny" xAddress="Dz. U. z 1964 r. Nr 16, poz. 93">art. 635 k.c.</xLexLink> ma charakter szczególny w stosunku do ogólnych uregulowań <xLexLink xArt="" xIsapId="WDU19640160093" xTitle="Ustawa z dnia 23 kwietnia 1964 r. - Kodeks cywilny" xAddress="Dz. U. z 1964 r. Nr 16, poz. 93">kodeksu cywilnego</xLexLink> związanych z rozwiązywaniem umów, w szczególności zawartych w <xLexLink xArt="art. 487;art. 488;art. 489;art. 490;art. 491;art. 492;art. 493;art. 494;art. 495;art. 496;art. 497" xIsapId="WDU19640160093" xTitle="Ustawa z dnia 23 kwietnia 1964 r. - Kodeks cywilny" xAddress="Dz. U. z 1964 r. Nr 16, poz. 93">art. 487-497 k.c.</xLexLink> (por. wyrok SN z 1996.12.19, <xAnon>(...)</xAnon>, opublik. <xAnon>(...)</xAnon> "Przepisy dotyczące umów o dzieło zawierają szczególne (a więc mające pierwszeństwo przed powołanymi wyżej) unormowania dotyczące odstąpienia."). <xLexLink xArt="" xIsapId="WDU19640160093" xTitle="Ustawa z dnia 23 kwietnia 1964 r. - Kodeks cywilny" xAddress="Dz. U. z 1964 r. Nr 16, poz. 93">Kodeks cywilny</xLexLink> nie ogranicza uprawnienia do odstąpienia od umowy na podstawie <xLexLink xArt="art. 635" xIsapId="WDU19640160093" xTitle="Ustawa z dnia 23 kwietnia 1964 r. - Kodeks cywilny" xAddress="Dz. U. z 1964 r. Nr 16, poz. 93">art. 635 k.c.</xLexLink> żadnym dodatkowym warunkiem, w szczególności inaczej niż przy <xLexLink xArt="art. 636" xIsapId="WDU19640160093" xTitle="Ustawa z dnia 23 kwietnia 1964 r. - Kodeks cywilny" xAddress="Dz. U. z 1964 r. Nr 16, poz. 93">art. 636 k.c.</xLexLink> nie nakazuje wyznaczyć przyjmującemu zamówienie dodatkowego terminu.</xText>
          <xText>Powódka skorzystała z tego uprawnienia i pismem z dnia 5 grudnia 2012 r. odstąpiła od umowy. Odstąpienie od umowy jest uprawnieniem o charakterze prawnokształtującym skutkującym wygaśnięciem stosunku prawnego od momentu zawarcia umowy (ex tunc) (por. wyrok Sądu Apelacyjnego w Poznaniu z 2001.02.27, <xAnon>(...)</xAnon>, opublik. <xAnon>(...)</xAnon>).</xText>
          <xText>Pozwany nie miał prawa żądać od powódki zapłaty za dzieło , którego nie wykonał. Mając na względzie treść <xLexLink xArt="art. 642" xIsapId="WDU19640160093" xTitle="Ustawa z dnia 23 kwietnia 1964 r. - Kodeks cywilny" xAddress="Dz. U. z 1964 r. Nr 16, poz. 93">art. 642 kc</xLexLink> oraz skutki z niego wynikające należy wskazać, że zaplata wynagrodzenia nastąpić powinna co najmniej jednocześnie z oddaniem dzieł, a w przypadku gdy wynagrodzenie ma być płacone w formie bezgotówkowej (do czego dąży pozwany), oddanie powinno nastąpić wcześniej, natomiast zapłata niezwłocznie po tym fakcie (tak też K. Zagrobelny (w:) E. Gniewek, Komentarz, 2006, s. 1058).</xText>
          <xText>Zeznania świadków <xAnon>R. S.</xAnon> i <xAnon>A. K. (2)</xAnon> nie wniosły istotnych elementów do rozpoznania sprawy, chociaż zasługują na wiarę jako znajdujące potwierdzenie w pozostałym materiale dowodowym.</xText>
          <xText>O odsetkach orzeczono na podstawie <xLexLink xArt="art. 481" xIsapId="WDU19640160093" xTitle="Ustawa z dnia 23 kwietnia 1964 r. - Kodeks cywilny" xAddress="Dz. U. z 1964 r. Nr 16, poz. 93">art. 481 k.c.</xLexLink></xText>
          <xText>Dlatego też Sąd powództwo uwzględnił , orzekając o kosztach procesu według <xLexLink xArt="art. 98" xIsapId="WDU19640430296" xTitle="Ustawa z dnia 17 listopada 1964 r. - Kodeks postępowania cywilnego" xAddress="Dz. U. z 1964 r. Nr 43, poz. 296">art. 98 k.p.c.</xLexLink></xText>
        </xUnit>
      </xBlock>
    </xPart>
  </judgement>
<judgement id="155500000000503_I_ACa_000610_2013_Uz_2013-11-21_001">
    <xPart xEditorFullName="Sylwia Kędziorek" xYear="2013" xLang="PL" xPublisherFullName="Sylwia Kędziorek" xFromPg="1" xEditor="skedziorek" xVolType="15/550000/0000503/ACa" xPublisher="skedziorek" xDocType="Uz" xVolNmbr="000610" xVersion="1.0" xToPage="1" xFlag="published">
      <xName>Wyrok+Uzasadnienie</xName>
      <xBlock>
        <xText>Sygn. akt I ACa 610/13</xText>
        
        <xUnit xType="part" xBold="true" xIsTitle="true">
          <xName>WYROK</xName>
          <xTitle>W IMIENIU RZECZYPOSPOLITEJ POLSKIEJ</xTitle>
          <xText xALIGNx="right">Dnia 21 listopada 2013 r.</xText>
          
          <xText>Sąd Apelacyjny w Szczecinie I Wydział Cywilny</xText>
          <xText>w składzie następującym:</xText>
          <xRows>
            <xCOLGROUPx>
              <xCOLx xWIDTHx="258"/>
              <xCOLx xWIDTHx="442"/>
            </xCOLGROUPx>
            <xRow>
              <xClmn xVALIGNx="top" xALIGNx="left">
                <xText xALIGNx="right">Przewodniczący:</xText>
              </xClmn>
              <xClmn xVALIGNx="top" xALIGNx="left">
                <xText>SSA Dariusz Rystał</xText>
              </xClmn>
            </xRow>
            <xRow>
              <xClmn xVALIGNx="top" xALIGNx="left">
                <xText xALIGNx="right">Sędziowie:</xText>
              </xClmn>
              <xClmn xVALIGNx="top" xALIGNx="left">
                <xText>SA Danuta Jezierska (spr.)</xText>
                <xText>SA Edyta Buczkowska-Żuk</xText>
              </xClmn>
            </xRow>
            <xRow>
              <xClmn xVALIGNx="top" xALIGNx="left">
                <xText xALIGNx="right">Protokolant:</xText>
              </xClmn>
              <xClmn xVALIGNx="top" xALIGNx="left">
                <xText>sekr.sądowy Magdalena Goltsche</xText>
              </xClmn>
            </xRow>
          </xRows>
          
          <xText>po rozpoznaniu w dniu 21 listopada 2013 r. na rozprawie w Szczecinie</xText>
          <xText>sprawy z powództwa <xAnon>T.</xAnon><xAnon>E. T.</xAnon></xText>
          <xText>przeciwko <xAnon> (...) spółce z ograniczoną odpowiedzialnością</xAnon> w <xAnon>S.</xAnon></xText>
          <xText>o stwierdzenie nieważności uchwał</xText>
          <xText>na skutek apelacji pozwanej</xText>
          <xText>od wyroku Sądu Okręgowego w Szczecinie</xText>
          <xText>z dnia 23 kwietnia 2013 r., sygn. akt VIII GC 177/12</xText>
          
          <xText>
            <xBx>I. oddala apelację,</xBx>
          </xText>
          <xText>
            <xBx>II. zasądza od pozwanej na rzecz powoda kwotę 2075,52 zł (dwa tysiące siedemdziesiąt pięć złotych pięćdziesiąt dwa grosze) tytułem kosztów zastępstwa procesowego w postępowaniu apelacyjnym. </xBx>
          </xText>
          
          <xText>
            <xBx>
    
     Danuta Jezierska Dariusz Rystał Edyta Buczkowska-Żuk </xBx>
          </xText>
          
          <xText>
            <xBx>Sygn. akt I ACa 610/13 </xBx>
          </xText>
        </xUnit>
        <xUnit xType="part" xBold="true" xIsTitle="true">
          <xName>UZASADNIENIE</xName>
          <xText>Wyrokiem z dnia 23 kwietnia 2013 r. Sąd Okręgowy w Szczecinie stwierdził nieważność: 1) uchwały objętej punktem 4 protokołu Zwyczajnego Zgromadzenia Wspólników <xAnon> (...) spółki z ograniczoną odpowiedzialnością</xAnon> w <xAnon>S.</xAnon> z dnia 13 grudnia 2011 r. w sprawie zatwierdzenia porządku obrad, 2) uchwały objętej punktem 10.1. protokołu Zwyczajnego Zgromadzenia Wspólników <xAnon> (...) spółki z ograniczoną odpowiedzialnością</xAnon> w <xAnon>S.</xAnon> z dnia 13 grudnia 2011 r. w sprawie upoważnienia Zarządu do zapewnienia finansowej stabilizacji Spółki, 3) uchwały objętej punktem 10.2. protokołu Zwyczajnego Zgromadzenia Wspólników <xAnon> (...) spółki z ograniczoną odpowiedzialnością</xAnon> w <xAnon>S.</xAnon> z dnia 13 grudnia 2011 r. w sprawie upoważnienia Zarządu do nabycia praw na rzecz <xAnon> (...)</xAnon> zgodnie z zawartą Umową o rozwój projektów oraz zasądził od pozwanego na rzecz powoda kwotę 7097 zł tytułem kosztów procesu.</xText>
          <xText>Sąd Okręgowy ustalił, że pozwana <xAnon> (...) spółka z ograniczoną odpowiedzialnością</xAnon> z siedzibą w <xAnon>S.</xAnon> prowadzi działalność gospodarczą w zakresie projektowania i eksploatacji elektrowni i elektrowni wiatrowych oraz importu, eksportu i sprzedaży energii elektrycznej, urządzeń energetycznych, projektowania i eksploatacji sieci energetycznych oraz doradztwa inwestycyjnych dla podmiotów krajowych i zagranicznych. Kapitał zakładowy spółki wynosi 51.000 zł, dzieli się na 170 równych i niepodzielnych udziałów po 300 zł. Wspólnikami spółki są <xAnon> (...) spółka akcyjna</xAnon> posiadająca 136 udziałów w kapitale zakładowym oraz <xAnon>T. T.</xAnon> posiadający 34 udziały w kapitale zakładowym pozwanej.</xText>
          <xText>1 listopada 2006 r. <xAnon> (...)</xAnon> zawarła z <xAnon>(...)</xAnon> umowę zlecenia, na mocy której pozwana wykonać miała na rzecz <xAnon> (...)</xAnon> szereg usług dotyczących zbadania i pozyskania rynku w Polsce odnośnie przyszłej budowy parków wiatrowych. W ramach tej umowy pozwana zobowiązała się między innymi do świadczenia na rzecz swojego udziałowca usług informacji prawnej, doradztwa w zakresie zarządzania finansami, doradztwa w zakresie prowadzenia działalności gospodarczej i zarządzania, rozpoznania możliwości uzyskania dotacji, nawiązania kontaktów ze związkami, urzędami, rzecznikami, usług badania rynku i opinii publicznej, wstępnego wyboru lokalizacji odpowiednich dla projektów parków wiatrowych, nawiązania kontaktów z gminami, posiadaczami działek, urzędami, zapewnienia strategicznych możliwości podłączenia sieci, opracowania harmonogramów, zestawienia planów operacyjnych dla początkowych faz projektów oraz pośrednictwa w zawieraniu niezbędnych usług. W umowie określono wynagrodzenie zleceniobiorcy. Nadto pozwana zobowiązała się zachować milczenie na temat swoich czynności jak i dostępnych jej informacji dotyczących zleceniodawcy i nie udostępniać dokumentów poufnych osobom trzecim. W imieniu pozwanej umowę podpisał powód <xAnon>T. T.</xAnon>. 15 czerwca 2009 r. strony zawarły kolejną umowę, na mocy której pozwana udostępnić miała <xAnon> (...)</xAnon> całą dostępną dokumentację wymienioną szczegółowo w umowie oraz scedować na rzecz <xAnon> (...)</xAnon> prawa przysługujące jej na mocy dotychczas zawartych, wymienionych w załączniku nr 1 umów gruntowych (umowy najmu, dzierżawy i użytkowania oraz umowy przedwstępne zakupu gruntów). Celem realizacji umowy było uzyskanie wszelkich koniecznych zezwoleń na budowę, wykonanie, uruchomienie i ciągłą eksploatacja farm wiatrowych, głównych punktów zasilania i sieci.</xText>
          <xText>Pismem z 24 listopada 2011 r. prezes zarządu pozwanej wystosował do powoda zaproszenie na Zwyczajne Zgromadzenie Wspólników <xAnon>(...)</xAnon>, którego termin zaplanowano na dzień 13 grudnia 2011 r. Porządek obrad przewidywał otwarcie zgromadzenia, wybór przewodniczącego zgromadzenia, stwierdzenie zdolności zgromadzenia do podejmowania wiążących uchwał, zatwierdzenie porządku obrad zgromadzenia, zatwierdzenie sprawozdania zarządu z działalności spółki za rok obrotowy 2010/2011, zatwierdzenie sprawozdania finansowego spółki za rok obrotowy 2010/2011, podjęcie uchwały w przedmiocie udzielenia absolutorium członkom zarządu z wykonania przez niego obowiązków, podjecie uchwały w sprawie przeznaczenia zysku za rok 2010/2011, podjęcie uchwały w sprawie powołania zarządu na kolejną dwuletnią kadencję, wolne wnioski oraz zamknięcie zgromadzenia wspólników.</xText>
          <xText>Dnia 9 grudnia 2011 r. <xAnon>T.</xAnon><xAnon>E. T.</xAnon> udzielił <xAnon>P. H.</xAnon> pełnomocnictwa do reprezentowania wspólnika na zgromadzeniu wspólników <xAnon> sp. z o.o. (...)</xAnon> pełnomocnictwo upoważniało <xAnon>P. H.</xAnon> do działania w imieniu <xAnon>T. T.</xAnon> oraz składania wszelkich wymaganych stosownymi przepisami prawa oświadczeń związanych z uczestnictwem w jego imieniu w zwyczajnym zgromadzeniu wspólników <xAnon> (...) sp. z o.o.</xAnon> z siedzibą w <xAnon>S.</xAnon>, które odbędzie się w dniu 13.12.2011 r. w <xAnon>S.</xAnon>. Ponadto upoważniało ono do wykonywania prawa głosu w tymże zgromadzeniu w zakresie spraw objętych porządkiem obrad z dnia 24.11.2011 r.</xText>
          <xText>W dniu 13 grudnia 2011 r. odbyło się Zwyczajne Zgromadzenie Wspólników <xAnon> (...) sp. z o.o.</xAnon>, na którym obecni byli <xAnon> (...)</xAnon> reprezentowany przez <xAnon>C.</xAnon><xAnon>S.</xAnon> oraz <xAnon>T. T.</xAnon> reprezentowany przez adwokata <xAnon>P. H.</xAnon>. W czasie zgromadzenia na etapie zatwierdzania porządku obrad przewodniczący zgromadzenia oświadczył, że wnioski o zmianę porządku obrad nie zostały przedłożone. Następnie stwierdził, że pod punktem 10 porządku obrad przeznaczonym na wolne wnioski zostaną przedstawione przez wspólników <xAnon> (...)</xAnon> dwa wnioski odnośnie zabezpieczenia płynności finansowej spółki oraz realizacji zawartej umowy o rozwoju projektów ze <xAnon> spółką (...)</xAnon>. Porządek obrad został przyjęty 100 % głosów. W czasie zgromadzenia przeznaczonym na wolne wnioski, oznaczonym punktem 10 w porządku obrad i zmodyfikowanym w trakcie trwania zgromadzenia, <xAnon>C.</xAnon><xAnon>S.</xAnon> złożył wniosek o upoważnienie zarządu do zapewnienia finansowej stabilizacji spółki ten sposób, że: „Umowa o rozwój projektów z <xAnon> (...)</xAnon> pozostaje do wypełnienia. Ze względu na wyczerpanie się miesięcznych płatności z <xAnon> (...)</xAnon> do <xAnon>(...)</xAnon>zleca się zarządowi przeprowadzenie negocjacji z <xAnon> (...)</xAnon> na temat podjęcia kontynuacji miesięcznych płatności. Zezwala mu się przy tym na wyrażenie zgody na stosowną redukcję umownego wynagrodzenia od powodzenia. Ponadto zarządowi zezwala się na umowne przeniesienie praw, w takim zakresie na ile jest to możliwe, poprzez ustanowienie rzeczowego zabezpieczenia lub bezpośrednie przeniesienie praw na rzecz <xAnon> (...)</xAnon>.” Wniosek ten przyjęto 80 % głosów, natomiast 20% głosów było przeciw.</xText>
          <xText>Następnie <xAnon>C.</xAnon><xAnon>S.</xAnon> wnioskował o upoważnienie zarządu do nabycia praw na rzecz <xAnon> (...)</xAnon> zgodnie z zawartą umową o rozwój projektów w następujący sposób: „Zarządowi zleca się podjęcie wszelkich działań do których jest umocowany, aby zgodnie z umową zabezpieczyć prawa do farm wiatrowych w powiecie <xAnon> (...)</xAnon> i <xAnon>(...)</xAnon> o całkowitej mocy 240 MW na rzecz <xAnon> (...)</xAnon>. W szczególności warunki przeznaczenia do sieci, które aktualnie wydane są na rzecz <xAnon> (...) Elektrowni sp. z o.o.</xAnon> Następnie zarządowi zleca się podjęcie wszelkich działań, do których jest umocowany, aby zgodnie z umową zabezpieczyć prawa do <xAnon> (...)</xAnon> o całkowitej mocy 18 MW na rzecz <xAnon> (...)</xAnon>.” Wniosek ten przyjęto 80 % głosów, natomiast 20% głosów było przeciw.</xText>
          <xText>Sąd Okręgowy mając na uwadze takie ustalenia uznał powództwo o stwierdzenie nieważności uchwał wskazanych w pozwie za zasadne.</xText>
          <xText>Wskazał, że podstawę żądania stanowiły przepisy art. 252 § 1 i art. 250 pkt 4 kodeksu spółek handlowych. Zachowano termin wskazany w art. 252 § 3 k.s.h., gdyż pozew wniesiono w dniu 13 czerwca 2012 r.</xText>
          <xText>Sąd ustalił stan faktyczny na podstawie dowodów z dokumentów przedłożonych przez strony. Wiarygodność dokumentów nie budziła zastrzeżeń Sądu, również nie była ona kwestionowana przez strony. Fakty w zasadzie były miedzy stronami niesporne, różnice stanowisk wynikały z odmiennej ich interpretacji. Sąd nie uwzględnił wniosku pozwanej o przesłuchanie świadków na okoliczność, iż <xAnon> spółka (...)</xAnon> wnioskowałaby o podjęcie uchwał w brzmieniu identycznym z treścią zaskarżonych uchwał i głosowałaby identycznie jak na zgromadzeniu w dniu 13 grudnia 2012 r., bez względu na stanowisko powoda lub jego pełnomocnika, gdyż teza odnosiła się do przekonań i przypuszczeń świadków. Nadto okoliczności te nie miały istotnego znaczenia dla rozstrzygnięcia sprawy. Wniosek pozwanej zmierzał do wykazania, że ewentualne uchybienia przy podjęciu zaskarżonych uchwał pozostawały bez wpływu na ich treść. Tymczasem uchybienie przepisom art. 238 § 2 i 240 k.s.h. uznać należy za tego rodzaju naruszenie, które zawsze są doniosłe z punktu widzenia treści podjętej uchwały, tj. mogły mieć wpływ na jej treść.</xText>
          <xText>Podstawę legitymacji powoda do zaskarżenia trzech uchwał stanowił przepis art. 250 pkt 4 w zw. z art. 252 k.s.h. Powoda uznać bowiem należało za wspólnika, który nie był obecny na zgromadzeniu, a zaskarżone uchwały podjęte były w sprawach nieobjętych porządkiem obrad. Przepis art. 238 § 2 k.s.h. stanowi, że porządek obrad winien być oznaczony w zaproszeniu w sposób szczegółowy. Spełnienie tego wymogu należy każdorazowo odnosić do konkretnego stanu faktycznego oraz stosunków obowiązujących w spółce. Wspólnik ma prawo, ale nie ma obowiązku udziału w zgromadzeniu. Może zrezygnować z udziału, jeżeli uważa, że nie będą rozpatrywane na zgromadzeniu sprawy, którymi jest zainteresowany. Nie chodzi przy tym o przesłanie wspólnikom wraz z zaproszeniem na zgromadzenie treści wszystkich uchwał, które mogą być podjęte, gdyż często się ich treści jeszcze nie zna. Po to w znacznym stopniu zbiera się zgromadzenie wspólników, jako organ uchwałodawczy spółki z o.o., żeby ustalić treść tych uchwał. Koniecznym jest jednak każdorazowo umieszczenie w porządku obrad zakresu spraw, które mogą być poddane pod rozwagę zgromadzenia, a w konsekwencji być przedmiotem podjętej uchwały. Proponowanie dyskusji na określony temat połączone z ewentualnym podjęciem stosownych uchwał jest prawidłowym działaniem zwołującego zgromadzenia, który nie może decydować o kształcie tych uchwał. Przy propozycji porządku obrad można posłużyć się metodą ogólnej propozycji dyskutowanych zagadnień, zaznaczając możliwość podjęcia w danej materii uchwały, połączonej z uszczegółowieniem tych kwestii w dodatkowych wyjaśnieniach będących integralną częścią tego porządku obrad. Sprawa objęta porządkiem obrad to taka, w której zwołujący zgromadzenie uprzedził, co może być przedmiotem uchwały. Proponowany porządek obrad nie może być traktowany wyłącznie formalnie, jako zbiór punktów o określonej treści<xIx>. </xIx>Należy zatem zawsze przy określaniu porządku obrad zachować właściwe proporcje między indywidualnym interesem każdego ze wspólników a spółką, w której zgromadzenie wspólników jest organem uchwałodawczym oraz elastyczność w formułowaniu porządku obrad, która umożliwi rozstrzygnięcie jak największej liczby spraw na zgromadzeniu wspólników. Zasady uczciwości i lojalności uczestników obrotu gospodarczego wymagają, zwłaszcza wśród uczestników stosunku korporacyjnego, jakim jest spółka, aby wszelkie uchwały były podejmowane w interesie spółki i wspólników, w każdym zaś razie bez pokrzywdzenia wspólnika, choćby w wyniku nienależytego poinformowania go o zamierzonych uchwałach i ich skutkach. W tym sensie porządek obrad powinien oznajmiać, że zamierzone uchwały zgromadzenia spowodują zmiany, np. własnościowe w spółce, których wspólnicy mogli się nie spodziewać w zwykłym toku funkcjonowania tej spółki. Oznaczenie porządku obrad musi być na tyle dokładne, żeby umożliwiało realne przygotowanie się do dyskusji i do podjęcia ewentualnych uchwał. Obowiązek szczegółowego określenia w zaproszeniu porządku obrad wiąże się bezpośrednio z zagadnieniem zakresu możliwych do podjęcia na zgromadzeniu wspólników uchwał. Zgodnie bowiem z treścią art. 239 k.s.h. w sprawach nieobjętych porządkiem obrad nie można powziąć uchwały, chyba że cały kapitał zakładowy jest reprezentowany na zgromadzeniu, a nikt z obecnych nie zgłosił sprzeciwu dotyczącego powzięcia uchwały (§ 1). Wniosek o zwołanie nadzwyczajnego zgromadzenia wspólników oraz wnioski o charakterze porządkowym mogą być uchwalone, mimo że nie były umieszczone w porządku obrad (§ 2). Powyższa regulacja, zdaniem Sądu Okręgowego, w sposób jednoznaczny przesądza, że zasadą jest podejmowanie uchwał na zgromadzeniu wspólników tylko w sprawach objętych porządkiem obrad. Celem tego przepisu jest niepodejmowanie uchwał w tych sprawach, które mogłyby być zaskoczeniem dla wspólników. Powyższe stanowić ma gwarancję niezaskakiwania wspólników zakresem spraw rozstrzyganych na obradach zgromadzenia, umożliwienie im każdorazowo przygotowania się do oddania głosu w przypadku poddania uchwały pod głosowanie czy zasięgnięcie opinii innych podmiotów przed podjęciem ostatecznej decyzji, która każdorazowo rzutować może na kondycję i działalność spółki.</xText>
          <xText>Powód kwestionował podjęcie trzech uchwał - uchwały dotyczącej zatwierdzenia zmienionego porządku obrad i dwóch uchwał poddanych pod głosowanie w ramach punktu obrad zatytułowanego „wolne wnioski”, wskazując że zostały one powzięte z naruszeniem art. 238 § 2 zd. 1 k.s.h. oraz art. 239 § 1 i 2 k.s.h. Z powyższym poglądem powoda, zdaniem Sądu I instancji, należało się zgodzić.</xText>
          
          <xText>Porządek obrad zgodnie z treścią art. 238 § 2 k.s.h. winien być określony w sposób szczegółowy w zaproszeniu na zgromadzenie. Nie może być rozszerzany o podejmowanie uchwał. Brak możliwości rozszerzania porządku obrad o dodatkowe, nieprzewidziane w zaproszeniu kwestie prowadzi do wniosku, że punkt obrad określony jako „zatwierdzenie porządku obrad zgromadzenia” co do zasady stanowić może jego zaakceptowanie przez obecnych na zgromadzeniu wspólników pod względem kolejności podejmowanych czynności, omawianych zagadnień czy ewentualnie wyeliminowaniu jakichś punktów z porządku obrad, nie zaś jego modyfikację poprzez dodanie konkretnych wniosków, które następnie stać się mają treścią uchwał podjętych na tymże zgromadzeniu. W niniejszej sprawie „zatwierdzenie porządku obrad” oznaczało w istocie rozszerzenie tego porządku o kwestie, które nie mieściły się w pojęciu „wniosków porządkowych”, o których mowa a art. 239 § 2 k.s.h. Okoliczność, że pełnomocnik powoda nie zgłosił sprzeciwu wobec podjęcia tej uchwały pozostaje bez wpływu na ocenę dopuszczalności je podjęcia w sytuacji, w której zakres umocowania pełnomocnika kwestii tego rodzaju nie obejmował.</xText>
          <xText>Pozwana twierdziła, że porządek obrad przewidywał rozpatrzenie wolnych wniosków, co też na zgromadzeniu uczyniono i pod takim punktem każdy z uczestników zgromadzenia mógł złożyć wniosek o objęcie dodatkowych spraw porządkiem obrad. Wolne wnioski mogą mieć jednak wyłącznie charakter porządkowy i nie jest możliwe w ramach tych spraw podjęcie uchwał, które nie zostały określone w porządku obrad. Ten moment zgromadzenia ma na celu przede wszystkim poddanie pod rozwagę wspólników pewnych kwestii, które rozważane będą w przyszłości i również w przyszłości stanowić będą przedmiot podejmowanych przez nich uchwał. Nieuzasadnione jest zatem przekonanie, iż możliwe byłoby objęcie przedmiotem podjętych na zgromadzeniu uchwał każdego zagadnienia przedstawionego w ramach wolnych wniosków. Działanie takie stanowiłoby w istocie obejście przepisu art. 239 § 1 k.s.h.</xText>
          <xText>Odnosząc się do zakresu umocowania pełnomocnika <xAnon>P. H.</xAnon>, Sąd Okręgowy wskazał, że z treści udzielonego mu pełnomocnictwa wynikało, że pełnomocnik upoważniony był do reprezentowania powoda na zgromadzeniu wspólników, działania w jego imieniu oraz składania wszelkich wymaganych stosownymi przepisami prawa oświadczeń związanych z uczestnictwem w imieniu powoda w zwyczajnym zgromadzeniu wspólników. Ponadto upoważniało ono pełnomocnika do wykonywania prawa głosu w tymże zgromadzeniu w zakresie spraw objętych porządkiem obrad z dnia 24.11.2011 r. Zgodnie z treścią art. 243 § 1 k.s.h. jeżeli ustawa lub umowa spółki nie zawierają ograniczeń, wspólnicy mogą uczestniczyć w zgromadzeniu wspólników oraz wykonywać prawo głosu przez pełnomocników. Przepis ten wyraźnie odgranicza prawo pełnomocnika do uczestniczenia w zgromadzeniu od prawa głosu. Oznacza to, że pełnomocnik może mieć tylko prawo do udziału w zgromadzeniu wspólników i prawo do głosowania jednak bez prawa do zabierania głosu, tj. udziału w dyskusji na zgromadzeniu i prawa zadawania pytań. Może być to również pełnomocnictwo tylko do biernego udziału w zgromadzeniu. Z treści udzielonego przez powoda pełnomocnictwa jednoznacznie wynika, że powód upoważnił pełnomocnika, po pierwsze, do uczestniczenia w zgromadzeniu wspólników i w tym zakresie do działania w jego imieniu, składania wszelkich wymaganych stosownymi przepisami prawa oświadczeń, a po drugie, do wykonywania prawa głosu w zakresie spraw objętych porządkiem obrad z dnia 24.11.2011 r. Sformułowane w sposób tak szczegółowy pełnomocnictwo upoważniało zatem pełnomocnika powoda do głosowania jedynie w zakresie uchwał podejmowanych zgodnie z porządkiem obrad, jaki doręczony został powodowi w dniu 24.11.2011 r. Skoro zatem uchwały podjęte w punkcie 10.1 oraz 10.2 nie były przewidziane w porządku obrad, to <xAnon>P. H.</xAnon> nie był umocowany do głosowania nad tymi uchwałami. Tym samym przyjąć należało, że w zakresie nieobjętym porządkiem obrad powód nie był obecny na zgromadzeniu wspólników, gdyż mimo obecności <xAnon>P. H.</xAnon> na całym zgromadzeniu wspólników, wobec treści udzielonego mu pełnomocnictwa reprezentował on powoda na zgromadzeniu jedynie w zakresie ściśle określonym porządkiem obrad z dnia 24.11.2011 r., a w pozostałym zakresie powód na zgromadzeniu reprezentowany nie był. Sformułowanie „cały kapitał zakładowy jest reprezentowany na zgromadzeniu” przewidziane jako warunek powzięcia uchwały nieobjętej porządkiem obrad, rozumieć należy, zdaniem Sądu, jako taką reprezentację, która umożliwia w pełni realizację uprawnień przysługujących wspólnikowi, w szczególności obejmując także akt głosowania. Tylko w ten sposób zapewnić można realizację celów, jakie legły u podstaw nakazu podania w zaproszeniu na zgromadzenie szczegółowego porządku obrad. W rozpatrywanej sprawie warunek powyższy nie został spełniony, pełnomocnik powoda nie był bowiem upoważniony do głosowania nad uchwałami, wymienionymi w punktach 10.1. i 10.2 protokołu. Tym samym nie można było uznać, że cały kapitał zakładowy pozwanej spółki był reprezentowany na zgromadzeniu wspólników, które odbyło się w dniu 13.12.2011 r. Z tych też względów nie można było przyjąć, by zaskarżone uchwały podjęte zostały w trybie art. 240 k.s.h., który również wymaga obecności całego kapitału zakładowego. Tym samym powód legitymowany był do wytoczenia powództwa na podstawie art. 250 pkt 4 k.s.h. w zw. z art. 252 § 1 k.s.h., należało go bowiem uznać za wspólnika, który nie był obecny na zgromadzeniu w sposób umożliwiający realizację jego praw.</xText>
          <xText>Z tych względów Sąd Okręgowy stwierdził nieważność uchwał jak w pukcie I wyroku.</xText>
          <xText>O kosztach Sąd orzekł na podstawie art. 98 § 1 k.p.c. Na koszty te łożyły się opłata od pozwu w kwocie 6000 zł, wynagrodzenie pełnomocnika w kwocie 1080 zł, ustalonej na podstawie § 11 ust. 1 pkt 21 w zw. z § 2 pkt 1 i 2 rozporządzenia Ministra Sprawiedliwości z dnia 28 września 2002 roku w sprawie opłat za czynności adwokackie oraz ponoszenia przez Skarb Państwa kosztów nieopłaconej pomocy prawnej udzielonej z urzędu oraz opłata od pełnomocnictwa w kwocie 17 zł. Za przyznaniem pełnomocnikowi trzykrotnej stawki wynagrodzenia przemawiał przede wszystkim wkład pracy adwokata w przyczynienie się do wyjaśnienia i rozstrzygnięcia sprawy.</xText>
          <xText>Z takim rozstrzygnięciem nie zgodziła się strona pozwana.</xText>
          <xText>Zaskarżyła w całości wyrok Sądu Okręgowego w Szczecinie z dnia 23 kwietnia 2013 r.,</xText>
          <xText>Zarzuciła naruszenie:</xText>
          <xText>- art. 239 § 1 k.s.h. poprzez jego błędną wykładnię polegającą na uznaniu, iż uży­te w art. 239 § 1 k.s.h. sformułowanie „cały kapitał zakładowy jest reprezento­wany na zgromadzeniu" oznacza taką reprezentację, która umożliwia w pełni realizację uprawnień przysługujących wspólnikowi, w szczególności obejmując także akt głosowania", a w konsekwencji niewłaściwe zastosowanie art. 239 § 1 k.s.h. polegające na uznaniu, że na zgromadzeniu wspólników w dniu 13 grud­nia 2011 r. nie mogły zostać powzięte uchwały nie objęte porządkiem obrad, mimo iż cały kapitał zakładowy był reprezentowany na tym zgromadzeniu, a nikt z obecnym nie zgłosił sprzeciwu dotyczącego powzięcia takich uchwał;</xText>
          <xText>- art. 252 § 1 w zw. z art. 250 pkt 4 k.s.h. poprzez jego niewłaściwe zastosowanie polegające na błędnym uznaniu, że powód nie był obecny na zgromadzeniu wspólników w dniu 13 grudnia 2011 r., mimo iż na zgromadzeniu tym był obec­ny pełnomocnik powoda, adwokat <xAnon>P. H.</xAnon>, na podstawie pełnomocnictwa zawierającego nieograniczone umocowanie do uczestnictwa w przedmiotowym zgromadzeniu oraz do składania wszelkich oświadczeń wymaganych stosow­nymi przepisami prawa, a w konsekwencji błędne uznanie, iż powód jest legity­mowany do zaskarżenia uchwał zgromadzenia wspólników w dniu 13 grudnia 2011 r.;</xText>
          <xText>- art. 65 § 1 k.c. w zw. z art. 2 k.s.h. poprzez błędną wykładnię treści uchwały ob­jętej pkt 4 protokołu zgromadzenia wspólników z dnia 13 grudnia 2011 r., tj. uznanie, iż z treści tej uchwały wynika zmiana porządku obrad poprzez jego rozszerzenie, podczas gdy na podstawie tej uchwały porządek obrad w ogóle nie został rozszerzony.</xText>
          <xText>Z tego względu wniosła o zmianę zaskarżonego wyroku poprzez oddalenie powództwa w całości oraz zasądzenie od powoda na rzecz pozwanej kosztów postępowania za obie instancje według norm przepisanych.</xText>
          <xText>W uzasadnieniu powołała się na wyrok Sądu Apelacyjnego w Warszawie z dnia 20 lutego 2013 r., (sygn. akt VI ACa 1062/12) gdzie wskazano, że kapitał zakładowy przypadający na danego wspólnika jest uznawany za reprezentowany na zgromadzeniu wspólników, nawet jeżeli wspólnik nie może wykonywać prawa głosu. Skarżąca przyznała, że Sąd Okręgowy słusznie uznał, iż uchwały objęte punktem 10.1 i 10.2. pro­tokołu zgromadzenia wspólników z dnia 13 grudnia 2011 r. zostały powzięte poza porządkiem obrad, jednak wadliwie zinterpretował i w konsekwencji niewłaściwie zastosował art. 239 § 1 k.s.h., który wyraźnie dopuszcza powzię­cie uchwały w sprawach nie objętych porządkiem obrad, jeżeli na zgroma­dzeniu reprezentowany jest cały kapitał zakładowy, a nikt z obecnych nie zgłosił sprzeciwu dotyczącego powzięcia takich uchwały. Powód był reprezentowany na zgromadzeniu wspólników, gdyż w zgromadzeniu tym uczestniczył jego pełnomocnik, adwokat <xAnon>P. H.</xAnon>, który był uprawniony do uczestnictwa w całym zgromadzeniu wspólników oraz do składania wszelkich oświadczeń związanych z tym uczestnictwem, a więc przysługiwało mu także prawo do zgłaszania sprzeciwu w rozumieniu art. 239 § 1 k.s.h. a tego zaniechał uchwały mogły więc zostać w sposób ważny podjęte. Rozgranicza się uprawnienia korporacyjne wspólników, jakimi są prawo do uczestniczenia na zgromadzeniu wspólników i prawo głosu przy podejmowaniu uchwał przez zgromadzenie. Sąd Okręgowy poprawnie ustalił zakres umocowania pełnomocnika powoda, adwokata <xAnon>P. H.</xAnon>, do reprezentowania powoda na zgromadzeniu wspólników w dniu 13 grudnia 2011 r., że „powód zarówno umocował pełnomocnika do uczestnictwa w jego imieniu w zgromadzeniu wspólników, w tym do działania w jego imieniu oraz do składania wszelkich wymaganych stosownymi przepisami prawa oświadczeń, a ponadto wykonywania prawa głosu w zakresie objętym porządkiem obrad z dnia 24.11.2011 r." Błędnie jednak przyjął, że powód nie był reprezentowany na całym zgromadzeniu. O tym, czy zgromadzenie może podjąć uchwałę w sprawie nie objętej porządkiem obrad, nie decyduje zakres prawa do głosowania, lecz wykonanie lub nie wykonanie prawa sprzeciwu w rozu­mieniu art. 239 § 1 k.s.h. To od sprzeciwu wspólnika (lub jego pełnomocni­ka) zależy, czy zezwoli on na to, aby zgromadzenie w ogóle mogło zająć się także sprawami, których porządek obrad nie obejmował. Pełnomocnik powoda poprzez zaniechanie zgłoszenia sprzeciwu skutecznie zezwolił na podejmowanie uchwał w spra­wach nie objętych porządkiem obrad, a z uwagi na nieograniczone w tym zakresie pełnomocnictwo był umocowany do udziału w zgromadzeniu także w części, w której z uwagi na ograniczenie umocowania nie mógł wykony­wać prawa głosu. Za podjęciem zaskarżonych uchwał głosowało 80% kapitału zakładowego, w związku z czym głosowanie prze­ciw przez pozostałe 20% pozostaje bez wpływu na wynik głosowania. Dokonała też analizy wskazanego wyżej orzeczenia Sądu Apelacyjnego w Warszawie.</xText>
          <xText xALIGNx="left"> Powód wniósł o oddalenie apelacji strony pozwanej w całości podzielając argumentację Sądu i instancji.</xText>
          
          <xText xALIGNx="left">
            <xBx>Sąd Apelacyjny zważył, co następuje:</xBx>
          </xText>
          <xText xALIGNx="left"> Apelacja strony pozwanej okazała się bezzasadna i należało ją oddalić.</xText>
          <xText>Sąd Apelacyjny w całości podziela ustalenia faktyczne Sądu Okręgowego jak i prawną ich ocenę i przyjmuje je jako własne. Ustalenia faktyczne nie były w istocie przez stronę pozwaną w apelacji kwestionowane. Sąd I instancji wszystkie przepisy prawa mające w sprawie zastosowanie w sposób prawidłowy zastosował i je zinterpretował. Sąd Apelacyjny nie dopatrzył się naruszenia ani przepisów art. 239 § 1 k.s.h., ani art. 252 § 1 k.s.h. w zw. art. 250 pkt. 4 k.s.h. czy też art. 65 § 1 k.c. w zw. z art. 2 k.s.h., a argumentacja strony pozwanej wskazana w apelacji nie może zasługiwać na uwzględnienie.</xText>
          <xText>Zdaniem pozwanej, skoro pełnomocnik powoda <xAnon>P. H.</xAnon> był obecny na Zwyczajnym Zgromadzeniu Wspólników <xAnon> (...) spółki z o.o.</xAnon> w dniu 13 grudnia 2011 r., a zakres jego pełnomocnictwa udzielonego mu przez powoda obejmował upoważnienie do działania w jego imieniu oraz składania wszelkich wymaganych stosownymi przepisami prawa oświadczeń związanych z uczestnictwem w jego imieniu w tym Zwyczajnym Zgromadzeniu, które miało się odbyć 13 grudnia 2011 r. w <xAnon>S.</xAnon> oraz ponadto upoważnienie obejmowało wykonywanie prawa głosu w tymże Zgromadzeniu w zakresie spraw objętych porządkiem obrad, to niezgłoszenie przez tego pełnomocnika sprzeciwu w trybie art. 239 § k.s.h., pozbawiło powoda możliwości zaskarżenia uchwał jak w pozwie.</xText>
          <xText>Z poglądem takim nie sposób, zdaniem Sądu Apelacyjnego się zgodzić. Otóż nie ulega żadnej wątpliwości, gdyż strona pozwana nie kwestionuje tego faktu w apelacji, iż <xAnon>P. H.</xAnon> upoważniony był przez powoda do wykonywania prawa głosu jedynie w zakresie uchwał objętych porządkiem obrad, który to porządek został wraz zaproszeniem na Zgromadzenie doręczony powodowi pismem z dnia 24 listopada. Porządek ten nie obejmował, czego również strona pozwana nie kwestionuje w apelacji, podjęcia uchwał w sprawie upoważnienia Zarządu do zapewnienia finansowej stabilizacji Spółki (punkt 10.1 protokołu Zwyczajnego Zgromadzenia) oraz w sprawie upoważnienia Zarządu do nabycia praw na rzecz <xAnon> (...)</xAnon> zgodnie z zawartą Umową o rozwój projektów (punkt 10.2 protokołu Zwyczajnego Zgromadzenia). <xAnon>P. H.</xAnon> jako pełnomocnik powoda nie był więc w żadnym zakresie upoważniony do wykonywania prawa głosu w zakresie tych uchwał, gdyż takiego prawa nie obejmowało, na co słusznie zwrócił uwagę Sąd Okręgowy, udzielone mu pełnomocnictwo a powód nigdy nie potwierdził czynności pełnomocnika w tym zakresie. Wręcz przeciwnie, wystąpił z powództwem o stwierdzenie nieważności tych uchwał. Twierdzenie, że pełnomocnik powinien w tym zakresie zgłosić sprzeciw, by powód nie utracił prawa zaskarżenia przedmiotowych uchwał, nie mogą się zatem ostać. Słusznie bowiem przyjął Sąd Okręgowy, że powód na Zwyczajnym Zgromadzeniu w dniu 13 grudnia 2011 r. reprezentowany był przez pełnomocnika tylko w takim zakresie, w jakim upoważniało go do tego udzielone mu przez powoda pełnomocnictwo (por. np. wyrok SN z 16.04.2009, I CSK 362/08). Skoro zaś pełnomocnictwo to nie obejmowało prawa głosu co do przedmiotowych uchwał, uznać należy że w tym zakresie powód nie był obecny na Zgromadzeniu. Sprzeciw pełnomocnika miałby znaczenie, w kontekście art. 250 k.s.h. tylko wówczas, gdyby pełnomocnik ten był upoważniony do głosowania nad przedmiotowymi uchwałami i głosował przeciwko nim (art. 250 pkt. 2 k.s.h.). Takim pełnomocnictwem <xAnon>P. H.</xAnon> się jednak nie legitymował i strona pozwana faktu tego w apelacji nie kwestionuje. Na Zgromadzeniu mógł on działać tylko i wyłącznie w granicach udzielonego mu przez powoda umocowania i tylko w takim zakresie jego działania mogły wywołać skutki bezpośrednio dla reprezentowanego przez niego powoda (art. 95 § 2 k.c.). Tym samym, zdaniem Sądu Apelacyjnego, w żadnym zakresie nie doszło do naruszenia art. 252 § 1 k.s.h. w zw. art. 250 pkt. 4 k.s.h.</xText>
          <xText>Nie doszło tym samym do naruszenia art. 239 §1 k.s.h. Powód nie upoważnił bowiem swojego pełnomocnika <xAnon>P. H.</xAnon> do glosowania nad zmianą porządku obrad. Argumentacja strony pozwanej w tym zakresie nie jest zresztą spójna, gdyż z jednej strony pozwana przyznaje, że uchwały w sprawie upoważnienia Zarządu do zapewnienia finansowej stabilizacji Spółki (punkt 10.1 protokołu Zwyczajnego Zgromadzenia) oraz w sprawie upoważnienia Zarządu do nabycia praw na rzecz <xAnon> (...)</xAnon> zgodnie z zawartą Umową o rozwój projektów (punkt 10.2 protokołu Zwyczajnego Zgromadzenia) nie były objęte porządkiem obrad Nadzwyczajnego Zgromadzenia Wspólników (pkt 1.5 apelacji), a z drugiej zarzuca naruszenie art. 65 § 1 k.c. w zw. z art. 2 k.s.h. poprzez błędną wykładnię przez Sąd I instancji treści uchwały o porządku obrad - w sytuacji, gdy nie ulega wątpliwości, że uchwały te zostały poddane pod głosowanie, a zatem porządek obrad Zwyczajnego Zgromadzenia z dnia 13 grudnia 2011 r. uległ zmianie, skoro w porządku doręczonym powodowi pismem z dnia 24 listopada 2011 r. nie były one przewidziane. Gdyby przyjąć za zasadną argumentację pozwanej wyrażona w apelacji, że uchwały te mogły być podjęte w ramach punktu 10 porządku obrad „Wolne wnioski”, zbytecznym byłby zapis przepisu art. 238 § 2 k.s.h., który wymaga, by w zaproszeniu oznaczyć nie tylko dzień, godzinę i miejsce zgromadzenia wspólników, ale i <xBx>szczegółowy </xBx>porządek obrad. W ramach wolnych wniosków zgromadzenie mogłoby bowiem podjąć każdą uchwałę, bez obowiązku uprzedniego informowania o tym w porządku obrad zaproszonych wspólników. Tak jednak nie jest. Oznaczenie porządku obrad, na co słusznie zwrócił uwagę Sąd Okręgowy, musi być na tyle dokładne, żeby było jasne, co będzie rzeczywistym przedmiotem obrad. Co prawda nie wymaga się by było w nim podane brzmienie planowanych uchwał, ale niewątpliwie podjęcie uchwał, o których porządek obrad w żadnym zakresie nie wspomina, wymogu art. 238 § 2 k.s.h. nie spełnia (por. np. wyrok SN z 14.05.2009r., I CSK 406/08). W sprawach nieobjętych porządkiem obrad, zgodnie z art. 239 § 1 k.s.h., uchwały powziąć nie można, chyba że cały kapitał zakładowy jest reprezentowany na zgromadzeniu, a nikt z obecnych nie zgłosił sprzeciwu dotyczącego powzięcia uchwały.</xText>
          <xText>W niniejszej sprawie, na co wskazał Sąd Apelacyjny wyżej, cały kapitał zakładowy był reprezentowany tylko w takim zakresie, w jakim powód udzielił <xAnon>P. H.</xAnon> upoważnienia do reprezentowania go na Walnym Zgromadzeniu. Przekroczenie przez <xAnon>P. H.</xAnon> tego umocowania nie mogło wywołać żadnych skutków w sferze powoda, skoro nie potwierdził on czynności zdziałanych z przekroczeniem umocowania (art. 103 § 1 k.c.). <xAnon>P. H.</xAnon> był uprawniony tylko i wyłącznie do wykonywania prawa głosu w imieniu powoda w zakresie objętym porządkiem obrad, który został doręczony powodowi pismem z 24 listopada 2011 r. porządek ten nie obejmował podjęcia zaskarżonych uchwał, <xAnon>P. H.</xAnon> nie był więc uprawniony ani do przyzwalania, by co do tych uchwał zgromadzenia wspólników mogło procedować w trybie art. 239 § 1 k.s.h., ani do oddania swojego głosu w ich przedmiocie. Przedmiotem powoływanego przez stronę apelującą wyroku Sądu Apelacyjnego w Warszawie z dnia 20 lutego 2013 r. (VI ACa 1062/12), jak słusznie zauważył powód, nie była kwestia udziału w zgromadzeniu wspólników za pośrednictwem pełnomocnika i wpływu zakresu jego umocowania na możliwość podjęcia ważnej uchwały, lecz naruszenie praw zawieszonego w prawie głosu, w trybie zabezpieczenia wspólnika. Sąd doszedł tam do przekonania, że tak zawieszony w prawie głosu wspólnik miał prawo uczestniczyć w zgromadzeniu i zgłaszać sprzeciw, nie byłby jedynie uprawniony do oddania głosu w przedmowie uchwał objętych tym zgromadzeniem. Umknęło przy ty tym uwadze skarżącej, że na mocy postanowienia o zabezpieczeniu, wspólnika zawieszono tylko i wyłącznie w prawie głosu, nie przestał on przez to być wspólnikiem i nie został pozbawiony możliwości wykonywania z tego tytułu tych praw, których zawieszenie nie obejmowało. Tymczasem w przypadku udzielenia danej osobie pełnomocnictwa, taki przedstawiciel może działać w imieniu mocodawcy tylko i wyłącznie w granicach udzielonego mu umocowania i tylko w tym zakresie czynność prawna dokonana przez takiego przedstawiciela pociąga za sobą skutki bezpośrednio dla reprezentowanego (art. 95 § 2 k.c.).</xText>
          <xText>Tym samym wyrok Sądu I instancji uznać należy w całości za słuszny. Pozwana z naruszeniem art. 238 § 2 k.s.h. i art. 239 § 1 k.s.h., (gdyż <xAnon>P. H.</xAnon> nie był uprawniony do prawa głosu w przedmiocie nie wskazanym porządkiem obrad jak w piśmie z 24 listopada 2011 r.) poszerzyła porządek obrad o podjęcie dwóch uchwał, które porządkiem tym nie były przewidziane a powód w tym zakresie na Walnym Zgromadzeniu nie był reprezentowany, zatem uchwały te, jak i uchwałę w przedmiocie porządku obrad słusznie Sąd Okręgowy, w oparciu o art. 250 pkt 4 k.s.h. w zw. z art. 252 § 1 k.s.h. uznał za nieważne. <xIx>Podjęcie uchwały w sprawie nieobjętej porządkiem obrad</xIx>, jak słusznie zauważył Sąd Najwyższy w wyroku z dnia 7 lutego 2013 r. (II CSK 33/12) <xIx>nie jest naruszeniem reguł proceduralnych, lecz jest zachowaniem jednoznacznie sprzecznym z ustawową normą imperatywną wyrażoną w art. 404 § 1 k.s.h.</xIx>(tutaj w art. 239 § 2 k.s.h.) <xIx>i przewidującą zakaz powzięcia w takiej sytuacji uchwały, o ile w stanie faktycznym sprawy nie wystąpiły ustawowe przesłanki uchylenia tego zakazu.</xIx> Takie przesłanki ustawowe uchylające zakaz z art. 239 § 1 k.s.h. w niniejszej sprawie zaś nie wystąpiły.</xText>
          <xText>Z tych względów, zgodnie z art. 385 k.p.c. apelację pozwanej jako bezzasadną, należało oddalić.</xText>
          <xText>O kosztach postępowania apelacyjnego orzeczono w oparciu o art. 98 k.p.c. w zw. z § 3 i § 13 ust. 1 pkt 2 rozporządzenia Ministra Sprawiedliwości w sprawie opłat za czynności adwokackie oraz ponoszenia przez Skarb Państwa kosztów nieopłaconej pomocy prawnej udzielonej z urzędu (Dz.U. Nr 163 poz. 1348 ze zm.), zgodnie z przedłożonym spisem tych kosztów.</xText>
          
          <xText>
  Danuta Jezierska Dariusz Rystał Edyta Buczkowska - Żuk</xText>
        </xUnit>
      </xBlock>
    </xPart>
  </judgement>
<judgement id="150505000000503_I_C_001113_2013_Uz_2013-12-18_001">
    <xPart xEditorFullName="Katarzyna Sokół" xYear="2013" xLang="PL" xPublisherFullName="Anna Borowska" xFromPg="1" xEditor="katsok" xVolType="15/050500/0000503/C" xPublisher="annbor" xDocType="Uz" xVolNmbr="001113" xVersion="1.0" xToPage="3" xFlag="published">
      <xName>Wyrok+Uzasadnienie</xName>
      <xBlock>
        
        <xText>
          <xBx>Sygn. akt IC 1113/13</xBx>
        </xText>
        <xUnit xIsTitle="true" xBold="true" xType="part">
          <xName>WYROK</xName>
          <xTitle>W IMIENIU RZECZYPOSPOLITEJ POLSKIEJ</xTitle>
          <xText xALIGNx="right"> Dnia 22 listopada 2013 roku</xText>
          
          <xText>Sąd Okręgowy w Białymstoku I Wydział Cywilny</xText>
          <xText>w następującym składzie:</xText>
          
          <xRows>
            <xCOLGROUPx>
              <xCOLx xWIDTHx="167"/>
              <xCOLx xWIDTHx="480"/>
            </xCOLGROUPx>
            <xRow>
              <xClmn xALIGNx="left" xVALIGNx="top">
                <xText>Przewodniczący:</xText>
              </xClmn>
              <xClmn xALIGNx="left" xVALIGNx="top">
                <xText>SSO Joanna Dorota Toczydłowska</xText>
              </xClmn>
            </xRow>
            <xRow>
              <xClmn xALIGNx="left" xVALIGNx="top">
                
              </xClmn>
              <xClmn xALIGNx="left" xVALIGNx="top">
                
              </xClmn>
            </xRow>
            <xRow>
              <xClmn xALIGNx="left" xVALIGNx="top">
                <xText>Protokolant:</xText>
              </xClmn>
              <xClmn xALIGNx="left" xVALIGNx="top">
                <xText>Justyna Nowacka</xText>
              </xClmn>
            </xRow>
          </xRows>
          
          <xText>po rozpoznaniu w dniu 15 listopada 2013 roku na rozprawie</xText>
          <xText>sprawy z powództwa <xAnon> (...) Spółka z ograniczoną odpowiedzialnością</xAnon> w <xAnon>N.</xAnon></xText>
          <xText>przeciwko <xAnon>T. R. (1)</xAnon>, <xAnon>W. K.</xAnon> i <xAnon>Z. K.</xAnon></xText>
          <xText>o zapłatę</xText>
          <xText>na skutek zarzutów pozwanych od nakazu zapłaty w postępowaniu nakazowym</xText>
          
          <xUnit xIsTitle="false" xType="none">
            <xName xSffx=".">I</xName>
            <xText>uchyla nakaz zapłaty Sądu Okręgowego w Białymstoku wydany w postępowaniu nakazowym w dniu 20 maja 2013 roku w sprawie INc 62/13 w zakresie obowiązku zapłaty przez pozwanych na rzecz powoda kwoty 18.703,79 złotych z ustawowymi odsetkami od tej kwoty od dnia 26 kwietnia 2013 roku do dnia zapłaty</xText>
          </xUnit>
          <xUnit xIsTitle="false" xType="none">
            <xName xSffx=".">II</xName>
            <xText>zasądza od pozwanych <xAnon>T. R. (1)</xAnon>, <xAnon>W. K.</xAnon> i <xAnon>Z. K.</xAnon> solidarnie na rzecz powoda <xAnon> (...) Spółka z ograniczoną odpowiedzialnością</xAnon> w <xAnon>N.</xAnon> kwotę 5.793, 43 (pięć tysięcy siedemset dziewięćdziesiąt trzy 43/100) złote z ustawowymi odsetkami w wysokości 13 % od dnia 29 kwietnia 2013 roku do dnia zapłaty oraz należne odsetki ustawowe w wysokości 13% od kwoty 53.891,49 (pięćdziesiąt trzy tysiące osiemset dziewięćdziesiąt jeden 49/100) złotych za okres od 29 kwietnia 2013 roku do 28 czerwca 2013 roku</xText>
          </xUnit>
        </xUnit>
        <xUnit xIsTitle="true" xBold="true" xType="part">
          <xName>UZASADNIENIE</xName>
          <xText><xAnon> (...) Sp. z o.o.</xAnon> w <xAnon>N.</xAnon> pozwała <xAnon>T. R. (1)</xAnon> prowadzącego działalność gospodarczą pod nazwą <xAnon>T.</xAnon><xAnon>T. R. (1)</xAnon> w <xAnon>C.</xAnon>, <xAnon>W. K.</xAnon> i <xAnon>Z. K.</xAnon> solidarnie o zapłatę kwoty 77.930,55 zł z ustawowymi odsetkami od dnia wniesienia pozwu, to jest 26 kwietnia 2013 r. do dnia zapłaty oraz kosztów procesu według norm przepisanych. Wniosła jednocześnie o rozpoznanie sprawy w postępowaniu nakazowym i wydanie nakazu zapłaty z weksla.</xText>
          <xText>W uzasadnieniu pozwu powódka wskazała, że łączyła go z <xAnon>T. R. (1)</xAnon><xAnon>umowa nr (...)</xAnon> z dnia 30 sierpnia 2011 r., której przedmiotem była dzierżawa przez tego pozwanego stacji paliw należącej do powódki, położonej w <xAnon>Z.</xAnon> oraz prowadzenie przez pozwanego w imieniu powódki sprzedaży należącego do niej paliwa w zamian za określoną prowizję liczoną za każdy litr sprzedanego przez pozwanego paliwa. Pozwany Ne wypełnił obowiązków wynikających z § 21 ust. 9 i 10 umowy, to jest w szczególności nie odprowadzał utargu osiąganego na stacji paliw, co spowodowało rozwiązanie umowy bez zachowania okresu wypowiedzenia ze skutkiem na dzień 30 grudnia 2012 r. Z tytułu powstałych zaległości płatniczych, powódka uzupełniła wystawiony przez pozwanego, a poręczony przez pozostałych dwoje pozwanych weksel in blanco, którego zapłaty dochodzi w niniejszym postępowaniu, z uwagi na brak jego dobrowolnej spłaty.</xText>
          <xText>Sąd Okręgowy w Białymstoku w dniu 20 maja 2013 r. wydał nakaz zapłaty w postępowaniu nakazowym, którym uwzględnił roszczenie powódki w całości (sygn. akt I Nc 62/13).</xText>
          <xText>W ustawowym terminie pozwani zaskarżyli powyższy nakaz w części, to jest co do kwoty 18.703,79 zł z ustawowymi odsetkami od dnia 26 kwietnia 2013 r. do dnia zapłaty, wnosząc o oddalenie powództwa w tym zakresie oraz o obciążenie powódki kosztami procesu według norm przepisanych.</xText>
          <xText>Zarzucili, że powódka w sposób ogólnikowy przedstawiła podstawę faktyczną powództwa, nie precyzując skąd wynika dochodzona kwota. Domniemując, że w zakresie 18.703,79 zł dotyczy ona należności powódki wobec klientów <xAnon>K. H. (1)</xAnon>, <xAnon>S. P. (1)</xAnon> i <xAnon>H. H. (1)</xAnon>, na rzecz których dokonała ona sprzedaży paliwa za pośrednictwem pozwanego <xAnon>T. R. (1)</xAnon>, pozwany podniósł, że nie był stroną umów sprzedaży, a jedynie pośrednikiem w umowie zawieranej pomiędzy powódka, a w/w osobami, co, w jego ocenie, wynika z <xAnon>§ 5 ust. 1 umowy nr (...)</xAnon> z dnia 30 sierpnia 2011 r. Pozwany zarzucił ponadto, że z posiadanych przez niego informacji wynika, że w/w dłużnicy powódki częściowo spłacili ciążące na nich długi dobrowolnie albo w drodze prowadzonego postępowania egzekucyjnego.</xText>
          
          <xText>
            <xBx>Sąd Okręgowy ustalił, co następuje.</xBx>
          </xText>
          <xText>W sprawie bezspornym było, że powódka <xAnon> (...) Sp. z o.o.</xAnon> w <xAnon>N.</xAnon> i pozwany <xAnon>T. R. (1)</xAnon> w dniu 30 sierpnia 2011 r. zawarli <xAnon>umowę nr (...)</xAnon>, na podstawie której powódka oddała pozwanemu w dzierżawę Stację paliw położoną w <xAnon>Z.</xAnon>, wraz z wyposażeniem (§ 1 ust. 2 umowy).</xText>
          <xText>W § 5 ust. 1 umowy, wydzierżawiający (powódka) zlecił, a dzierżawca (pozwany <xAnon>T. R.</xAnon>) zobowiązał się w ramach dzielności swojej firny, w oparciu o infrastrukturę stacji paliw do prowadzenia na rzecz wydzierżawiającego usług pośrednictwa handlowego w zakresie sprzedaży paliw płynnych, w tym <xAnon> (...)</xAnon>, stanowiących wyłącznie własność wydzierżawiającego, jako agent w zamian za prowizję od sprzedaży, określona w Załączniku nr 2 stanowiącym integralną część niniejszej umowy. W ust. 3 tego paragrafu, wydzierżawiający upoważnił dzierżawcę do wystawiania faktur VAT w imieniu wydzierżawiającego.</xText>
          <xText>Zgodnie z § 6 ust. 2 umowy, sprzedaż paliw płynnych w tym <xAnon> (...)</xAnon> w formie bezgotówkowej może być prowadzona przez dzierżawcę jedynie na rzecz klientów wydzierżawiającego oraz na rzecz innych klientów stacji paliw wyłącznie za pisemną zgodą wydzierżawiającego. Sprzedane paliwa przez dzierżawcę na rzecz klienta stacji paliw w formie bezgotówkowej, przy braku pisemnej zgody wydzierżawiającego na dokonanie sprzedaży w takiej formie płatności traktowane będzie jako nabycie paliwa przez dzierżawcę od wydzierżawiającego, co oznacza, ze dzierżawca zobowiązany może być do zapłaty na rzecz wydzierżawiającego pełnej wartości sprzedanego tak paliwa. W definicjach umowy strony ustaliły, że „klient wydzierżawiającego” oznacza klienta zakupującego paliwa płynne na stacji paliw i inne towary na zasadzie bezgotówkowej w formie asygnaty rozchodowej na podstawie podpisanej umowy z wydzierżawiającym, w której oznaczono, że klienta pozyskał wydzierżawiający (umowa k. 25-38).</xText>
          <xText>Bezspornym także było, że w celu zabezpieczenia roszczeń powódki w umowy, pozwany wystawił weksel in blanco, który został poręczony przez pozostałych pozwanych w sprawie: <xAnon>W. K.</xAnon> i <xAnon>Z. K.</xAnon>. Zarówno wystawca weksla, jak i poręczyciele podpisali także deklaracje wekslowe, w których upoważnili posiadacza weksla do wypełnienia weksla na kwotę wynikającą z wysokości roszczenia (odpisy weksla i deklaracji k. 4-7).</xText>
          <xText>Poza sporem pozostawała także okoliczność, że pomimo braku stosowanej zgody powódki i założonej w tym zakresie blokady (zeznania pozwanego ad. 1 w charakterze strony, dokumenty k. 42-116, 118-123), <xAnon>T. R. (1)</xAnon> sprzedawał paliwo <xAnon>S. P. (1)</xAnon>, <xAnon>H. H. (1)</xAnon> i <xAnon>K. H. (1)</xAnon> w systemie bezgotówkowym, a oni na datę wniesienia pozwu nie uiścili z tego tytułu należności w sumie na kwotę 18.703,79 zł.</xText>
          <xText>Na datę zamknięcia rozprawy, to jest 15 listopada 2013 r. bezspornym było także, że roszczenie powoda zawarte w pozwie w wysokości 77.930,55 zł zostało spłacone przez pozwanego ad. 1 do kwoty 57.891,49 zł (kwota 53.891,49 zł w dniu 28 czerwca 2013 r. i pozostałe 4.000 zł na poczet długu <xAnon>S. P. (1)</xAnon>, które następnie zostało przez powódkę przeksięgowane na poczet długu pozwanego ad. 1 z tytułu faktur VAT: części <xAnon>faktury nr (...)</xAnon> z dnia 30 listopada 2012 r. w kwocie 1173,10 zł, <xAnon>faktury nr (...)</xAnon> z 31 grudnia 2012 r. na kwotę <xAnon> (...)</xAnon>,32 i odsetek od niezapłaconych zobowiązań w wysokości 2.997,85 zł (dowód: pismo powódki z dnia 5 listopada 2013 r. k. 162). Ponadto bezpośrednio na rzecz powódki, w zakresie kwoty objętej zaskarżeniem w zarzutach pozwanego, miały miejsce następujące wpłaty:</xText>
          <xEnum>
            <xBullet>⚫</xBullet>
            <xEnumElem>
              <xText>9.366,74 zł należne powódce z tytułu bezgotówkowej sprzedaży paliwa przez pozwanego ad. 1 na rzecz <xAnon>S. P. (1)</xAnon> ściągnięta w wyniku postępowania egzekucyjnego (pismo powódki z dnia 5 listopada 2013 r. k. 162, <xAnon>nota księgowa nr (...)</xAnon> z dnia 2 października 2013 r., k. 141, zeznania <xAnon>S. P.</xAnon> w charakterze świadka e-protokół z dnia 21 października 2013 r., czas od 00:27:18, k. 144, dokumenty z postępowania egzekucyjnego k. 151-155),</xText>
            </xEnumElem>
            <xEnumElem>
              <xText>4.707,94 zł należne powódce z tytułu bezgotówkowej sprzedaży paliwa przez pozwanego ad. 1 na rzecz <xAnon>K. H. (1)</xAnon>, spłacone dobrowolnie przez nabywcę paliwa (pismo powódki z dnia 5 listopada 2013 r., zeznania świadka <xAnon>K. H.</xAnon> e-protokół z dnia 15 listopada 2013 r., czas od 00:23:32, k. 144, potwierdzenia wpłat k. 157-161).</xText>
            </xEnumElem>
          </xEnum>
          <xText>Nieuregulowana na datę orzekania pozostała miedzy stronami należność w wysokości 4.629,11 zł z tytułu bezgotówkowej sprzedaży paliwa przez pozwanego ad. 1 na rzecz <xAnon>H. H. (1)</xAnon> (pismo powódki z dnia 5 listopada 2013 r., zeznania świadka <xAnon>H. H.</xAnon> e-protokół z dnia 15 listopada 2013 r., czas od 00:18:58, k. 144) oraz 1.335,27 zł tytułem skapitalizowanych odsetek ustawowych od niezapłaconych w terminie zobowiązań, a zatem w sumie 5.793,43 zł.</xText>
          <xText>Powyższe ustalenia były bezsporne, między stronami, a ponadto wynikały z przedstawionego przez nie materiału dowodowego, w tym z zeznań zawnioskowanych przez nie świadków (powyższe wymienione), które w tych okolicznościach Sąd uznał za w pełni wiarygodne.</xText>
          
          <xText>
            <xBx>Sąd Okręgowy zważył, co następuje. </xBx>
          </xText>
          <xText>Mając na względzie wskazaną w pozwie podstawę prawną roszczenia – zobowiązanie z weksla własnego in blanco wystawionego przez pozwanego ad. 1 i poręczonego przez pozwanych ad. 2 i ad. 3 oraz okoliczności podniesione przez pozwanych w zarzutach do wydanego w sprawie nakazu zapłaty, na wstępnie należy wskazać, że zobowiązanie wekslowe, wynikające z weksla własnego, niezupełnego, wystawionego i wręczonego remitentowi w związku z zawarciem określonego stosunku prawnego powstaje, w zakresie wyznaczonym treścią nadaną mu wskutek jego uzupełnienia, z chwilą wręczenia. Ma ono charakter samodzielny i abstrakcyjny, niezwiązany z podstawą prawną przyjęcia zobowiązania. W dacie wydania jest nieukształtowane, co zakłada upoważnienie do jego ukształtowania przez każdoczesnego posiadacza. Uzupełnienie weksla stanowi warunek realizacji <xLexLink xArt="" xIsapId="WDU19360370282" xTitle="Ustawa z dnia 28 kwietnia 1936 r. - Prawo wekslowe" xAddress="Dz. U. z 1936 r. Nr 37, poz. 282">praw wekslowych</xLexLink> z weksla wydanego w stanie niezupełnym. Posiadaczowi takiego weksla, będącemu pierwszym wierzycielem, przysługuje, w odniesieniu do wystawcy, zarówno roszczenie ze stosunku podstawowego, jak i z weksla, z tym, że tylko raz może on uzyskać zaspokojenie swej wierzytelności i do niego należy wybór roszczenia (por. postanowienie Sądu Najwyższego z dnia 13 lutego 2009 r., II CSK 452/08, LEX nr 599754). W konsekwencji Sąd rozważał zasadność powództwa w stosunku do <xAnon>T. R. (1)</xAnon> w oparciu o łącząca strony umowę dzierżawy.</xText>
          <xText>Mając na względzie, że wartość przedmiotu zaskarżenia zarzutami od wydanego w sprawie nakazu zapłaty obejmowała 18.703,79 zł, która to kwota dotyczyła odpowiedzialności pozwanego za długi osób trzecich z tytułu nabywanego za jego pośrednictwem paliwa, należało uznać, że kwestia tej odpowiedzialności była sporna i wymagała rozważenia oraz oceny prawnej.</xText>
          <xText>W oparciu o treść umowy, w szczególności zaś w oparciu o zawartą w niej definicję „klienta wydzierżawiającego”, jako podmiotu, który w zakresie nabywania paliw w drodze bezgotówkowej posiada zawartą odrębną umowę sprzedaży bezpośrednio z powódką, a któremu pozwany, zgodnie z § 5 ust. 3 umowy zobowiązany jest wystawiać w imieniu powódki faktury VAT, brak jest podstaw do przyjęcia, że pomiędzy pozwanym ad. 1, a „klientami wydzierżawiającego” w rozumieniu umowy, dochodzi do zawarcia umowy sprzedaży. Sprzedaż w rozumieniu <xLexLink xArt="art. 535" xIsapId="WDU19640160093" xTitle="Ustawa z dnia 23 kwietnia 1964 r. - Kodeks cywilny" xAddress="Dz. U. z 1964 r. Nr 16, poz. 93">art. 535 k.c.</xLexLink> następuje pomiędzy powódką jako wydzierżawiającym, a „klientami wydzierżawiającego”. Pozwany ad. 1, jako dzierżawca stacji, pośredniczy przy zawarciu tej umowy, zgodnie z zakresem jego kompetencji, wynikającym z § 5 ust. 1 umowy. Wnioskowanie to potwierdza bezsporny fakt wystąpienia przez <xAnon> (...) Sp. z o.o.</xAnon> z roszczeniami z tytułu sprzedaży paliwa przeciwko <xAnon>S. P. (1)</xAnon> i uzyskanie tytułu wykonawczego, na podstawie którego prowadzona była wobec niego egzekucja roszczeń, z którymi powódka wystąpiła równolegle w niniejszym postępowaniu przeciwko <xAnon>T. R. (1)</xAnon> w zakresie kwoty 9.366,74 zł, czy dobrowolna spłata dokonana przez innego „klienta wydzierżawiającego” <xAnon>K. H. (1)</xAnon> także bezpośrednio na rzecz powódki w zakresie kwoty 4.707,94 zł również objętej pozwem.</xText>
          <xText>W ocenie Sądu, z treści zacytowanego powyżej § 6 ust. 2 umowy oraz § 13 ust. 3 umowy wynika natomiast zastępcza, subsydiarna odpowiedzialność dzierżawcy stacji paliw, za poniesione przez nią szkody w związku z dokonaniem sprzedaży towaru w formie bezgotówkowej, wbrew warunkom umowy, to jest bez posiadania stosowanej zgody <xAnon> (...) Sp. z o.o.</xAnon> Wobec powyższego, skoro bezspornym było, że pozwany sprzedawał zarówno w/w osobom, jak i <xAnon>H. H. (1)</xAnon> (który jako jedyny dotychczas nie uregulował ceny nabycia paliwa bezpośrednio powódce), co wynika zarówno z zeznań samego pozwanego ad. 1, jak i złożonych w sprawie dokumentów (zestawienia klientów posiadających blokadę na obsługę bezgotówkową, w którym figurują m.in. nazwiska w/w dłużników), w sytuacji braku opłacenia przez nich należności, odpowiedzialność w tym zakresie przechodziła na dzierżawcę. Jeżeli zatem na dzień orzekania, z tytułu bezgotówkowego nabycia towaru bez zgody powódki, nieuregulowana pozostaje kwota 4.629,11 zł z tytułu długu <xAnon>H. H.</xAnon>, na podstawie § 6 ust. 2 umowy pozwany ad. 1 jest zobowiązany ją uiścić. Podobnie jak pozostałe 1.335,27 zł, z tytułu skapitalizowanych odsetek od uiszczonych z opóźnieniem należności powódki.</xText>
          <xText>Mając na względzie powyższe, szeroko analizowana przez strony kwestia uznania przez pozwanego długu i skuteczności złożenia przez niego w zarzutach do nakazu zapłaty w postępowaniu nakazowym oświadczenia o uchyleniu się od jego skutków prawnych nie ma w sprawie żadnego znaczenia.</xText>
          <xText>Reasumując, Sąd uchylił nakaz zapłaty w części zaskarżonej przez pozwanych na podstawie <xLexLink xArt="art. 496" xIsapId="WDU19640430296" xTitle="Ustawa z dnia 17 listopada 1964 r. - Kodeks postępowania cywilnego" xAddress="Dz. U. z 1964 r. Nr 43, poz. 296">art. 496 k.p.c.</xLexLink>, o czym orzekł jak w punkcie pierwszym sentencji wyroku. W punkcie drugim z kolei rozstrzygnął na mocy <xAnon>§ 6 ust. 2 umowy nr (...)</xAnon> z dnia 30 sierpnia 2011 r. w zw. z <xLexLink xArt="art. 353(1)" xIsapId="WDU19640160093" xTitle="Ustawa z dnia 23 kwietnia 1964 r. - Kodeks cywilny" xAddress="Dz. U. z 1964 r. Nr 16, poz. 93">art. 353<xSUPx>1</xSUPx> k.c.</xLexLink> O odsetkach od należności głównej oraz od świadczenia spełnionego przez pozwanego ad. 1 w zakresie 53.891,49 zł, co nastąpiło w dniu 28 czerwca 2013 r., Sąd orzekł w oparciu o <xLexLink xArt="art. 481;art. 481 § 1;art. 481 § 2" xIsapId="WDU19640160093" xTitle="Ustawa z dnia 23 kwietnia 1964 r. - Kodeks cywilny" xAddress="Dz. U. z 1964 r. Nr 16, poz. 93">art. 481 § 1 i 2 k.c.</xLexLink></xText>
          <xText>Sąd przyjął solidarną odpowiedzialność pozwanego ad. 1 oraz pozwanych <xAnon>W. K.</xAnon> i <xAnon>Z. K.</xAnon> na podstawie art. 47 pr. wekslowego w zw. z <xLexLink xArt="art. 366" xIsapId="WDU19640160093" xTitle="Ustawa z dnia 23 kwietnia 1964 r. - Kodeks cywilny" xAddress="Dz. U. z 1964 r. Nr 16, poz. 93">art. 366 k.c.</xLexLink></xText>
        </xUnit>
      </xBlock>
    </xPart>
  </judgement>
<judgement id="152005000004506_IX_Ka_001096_2013_Uz_2013-11-22_001">
    <xPart xEditorFullName="Anna Bień Kopacz" xYear="2013" xLang="PL" xPublisherFullName="Barbara Pęczek" xFromPg="1" xEditor="AnnBie" xVolType="15/200500/0004506/Ka" xPublisher="BarPec" xDocType="Uz" xVolNmbr="001096" xVersion="1.0" xToPage="1" xFlag="published">
      <xName>Wyrok+Uzasadnienie</xName>
      <xBlock>
        <xText>Sygn. akt IX Ka 1096/13</xText>
        
        <xUnit xIsTitle="true" xType="part" xBold="true">
          <xName>WYROK</xName>
          <xTitle>W IMIENIU RZECZYPOSPOLITEJ POLSKIEJ</xTitle>
          <xText xALIGNx="right">Dnia 22 listopada 2013 r.</xText>
          
          <xText>Sąd Okręgowy w Kielcach, IX Wydział Karny Odwoławczy w składzie:</xText>
          <xText>
            <xBx>Przewodniczący:  SSO Tomasz Nowak</xBx>
          </xText>
          <xText>Protokolant:  sekr.sądowy Katarzyna Komosa</xText>
          <xText>przy udziale oskarżyciela publicznego ---------------</xText>
          <xText>po rozpoznaniu w dniu 22 listopada 2013 r.</xText>
          <xText>sprawy <xAnon>D. K.</xAnon></xText>
          <xText>obwinionego o wykroczenie z art.92 a kw</xText>
          <xText>na skutek apelacji wniesionej przez obrońcę obwinionego</xText>
          <xText>od wyroku zaocznego Sądu Rejonowego w Sandomierzu</xText>
          <xText>z dnia 18 kwietnia 2013r. sygn. akt II W 118/13</xText>
          
          <xUnit xIsTitle="false" xType="none">
            <xName xSffx=".">I</xName>
            <xText>utrzymuje w mocy zaskarżony wyrok;</xText>
          </xUnit>
          <xUnit xIsTitle="false" xType="none">
            <xName xSffx=".">II</xName>
            <xText>zasądza od obwinionego <xAnon>D. K.</xAnon> na rzecz Skarbu Państwa kwotę 80 (osiemdziesiąt) złotych tytułem kosztów postępowania odwoławczego.</xText>
          </xUnit>
          
          <xText>IXKa 1096/ 13</xText>
        </xUnit>
        <xUnit xIsTitle="true" xType="part" xBold="true">
          <xName>UZASADNIENIE</xName>
          <xText><xAnon>D. K.</xAnon> został obwiniony o to, że:</xText>
          <xText>w dniu 22 grudnia 2012 r. o godz. 16. 15 na <xAnon>drodze (...)</xAnon> w miejscowości <xAnon>Z.</xAnon> woj. <xAnon> (...)</xAnon> kierując samochodem marki <xAnon>B.</xAnon> o <xAnon>nr rej. (...)</xAnon> przekroczył dopuszczalną prędkość na obszarze zabudowanym o 45 km/ godz. (95/ 50)</xText>
          <xText>tj. o czyn z art. 92 a kw</xText>
          <xText>Sąd Rejonowy w Sandomierzu wyrokiem zaocznym z dnia 18. IV. 2013 r. w sprawie IIW 118/ 13 orzekł, co następuje:</xText>
          <xUnit xIsTitle="false" xType="none">
            <xName xSffx=".">I</xName>
            <xText>uznał obwinionego <xAnon>D. K.</xAnon> za winnego popełnienia zarzucanego mu czynu, a stanowiącego wykroczenie z art. 92 a kw i za to z mocy art. 92a kw w zw. z art. 24 § 1 i § 3 kw wymierzył mu karę grzywny w kwocie 300 (trzysta) złotych;</xText>
          </xUnit>
          <xUnit xIsTitle="false" xType="none">
            <xName xSffx=".">II</xName>
            <xText>zasądził od obwinionego na rzecz Skarbu Państwa koszty postępowania w kwocie 130 (sto trzydzieści) złotych.</xText>
          </xUnit>
          
          <xText>Powyższy wyrok zaskarżył w całości obrońca obwinionego zarzucając:</xText>
          
          <xUnit xIsTitle="false" xType="none">
            <xName xSffx=".">1</xName>
            <xText>obrazę przepisów prawa procesowego to jest <xLexLink xArt="art. 65;art. 65 § 1" xIsapId="WDU20011061148" xTitle="Ustawa z dnia 24 sierpnia 2001 r. - Kodeks postępowania w sprawach o wykroczenia" xAddress="Dz. U. z 2001 r. Nr 106, poz. 1148">art. 65 § l k.p.w.</xLexLink> oraz <xLexLink xArt="§ 73;§ 73 ust. 2" xIsapId="WDU20070380249" xTitle="Rozporządzenie Ministra Sprawiedliwości z dnia 23 lutego 2007 r. Regulamin urzędowania sądów powszechnych" xAddress="Dz. U. z 2007 r. Nr 38, poz. 249">§ 73 ust. 2 Rozporządzenia Ministra Sprawiedliwości z dnia 23 lutego 2007 r. Regulamin urzędowania sądów powszechnych</xLexLink> (Dz.U. z 2007 r., nr 38, póz. 249 z późn. zm.), poprzez doręczenie obwinionemu zawiadomienia o terminie rozprawy, zawierającego nieprawidłową informację o terminie rozprawy, czego skutkiem było naruszenie prawa obwinionego do obrony oraz osobistego uczestnictwa w rozprawie;</xText>
          </xUnit>
          <xText>2. obrazę przepisów prawa procesowego mającą wpływ na treść wydanego orzeczenia, a mianowicie <xLexLink xArt="art. 71;art. 71 § 2" xIsapId="WDU20011061148" xTitle="Ustawa z dnia 24 sierpnia 2001 r. - Kodeks postępowania w sprawach o wykroczenia" xAddress="Dz. U. z 2001 r. Nr 106, poz. 1148">art. 71 § 2 k.p.w.</xLexLink>, poprzez wydanie wyroku zaocznego, podczas gdy rozprawa powinna zostać odroczona z uwagi na brak prawidłowego zawiadomienia obwinionego o terminie rozprawy;</xText>
          <xText>3. obrazę przepisów prawa procesowego mającą wpływ na treść wydanego orzeczenia, a mianowicie <xLexLink xArt="art. 4" xIsapId="WDU20011061148" xTitle="Ustawa z dnia 24 sierpnia 2001 r. - Kodeks postępowania w sprawach o wykroczenia" xAddress="Dz. U. z 2001 r. Nr 106, poz. 1148">art. 4 k.p.w.</xLexLink>, polegającą na uniemożliwieniu obwinionemu skorzystania w pełni z przysługującemu mu prawa do obrony z uwagi na doręczenie zawiadomienia zawierającego błędnie określony termin rozprawy;</xText>
          <xText>4. obrazę przepisów prawa procesowego mającą wpływ na treść wydanego orzeczenia, a mianowicie art.: 2 <xLexLink xArt="§ 2;§ 4;§ 5;§ 2;§ 7" xIsapId="WDU19970890555" xTitle="Ustawa z dnia 6 czerwca 1997 r. - Kodeks postępowania karnego" xAddress="Dz. U. z 1997 r. Nr 89, poz. 555">§ 2, 4, 5 § 2, 7 k.p.k.</xLexLink> w zw. z <xLexLink xArt="art. 8" xIsapId="WDU20011061148" xTitle="Ustawa z dnia 24 sierpnia 2001 r. - Kodeks postępowania w sprawach o wykroczenia" xAddress="Dz. U. z 2001 r. Nr 106, poz. 1148">art. 8 k.p.w.</xLexLink> poprzez subiektywną ocenę materiału dowodowego i w sposób uwzględniający jedynie okoliczności przemawiające na niekorzyść obwinionego bez równoważnego potraktowania dowodów temu przeczących a mianowicie:</xText>
          <xText>1. przyjęcie za w pełni wiarygodne zeznania świadków <xAnon>M. Ż. (1)</xAnon> oraz <xAnon>D.</xAnon>-<xAnon>M.</xAnon>, podczas gdy taki dowód traktować należy z dużą ostrożnością z uwagi na to, że policjant składając zeznania w charterze świadka, nie podważy prawidłowości wykonanego przez siebie urządzeniem mierniczym pomiaru prędkości;</xText>
          <xText>5. obrazę przepisów prawa procesowego mającą wpływ na treść wydanego orzeczenia, a mianowicie <xLexLink xArt="art. 410" xIsapId="WDU19970890555" xTitle="Ustawa z dnia 6 czerwca 1997 r. - Kodeks postępowania karnego" xAddress="Dz. U. z 1997 r. Nr 89, poz. 555">art. 410 k.p.k</xLexLink> w zw. z <xLexLink xArt="art. 82;art. 82 § 1" xIsapId="WDU20011061148" xTitle="Ustawa z dnia 24 sierpnia 2001 r. - Kodeks postępowania w sprawach o wykroczenia" xAddress="Dz. U. z 2001 r. Nr 106, poz. 1148">art. 82 § l k.p.w.</xLexLink> poprzez nie przeprowadzenie stosownych dowodów w celu ustalenia, czy urządzenie typu <xAnon>(...)</xAnon> służące do pomiaru prędkości użyte 22 grudnia 2012_r. posiada aktualne świadectwa legalizacji, czy Policjanci obsługujący urządzenie miernicze przeszli stosowne szkolenie w zakresie obsługi takich urządzeń, oraz okoliczności dokonania pomiaru, co ma istotne znaczenie dla określenia prawidłowości dokonanego przez funkcjonariuszy policji pomiaru prędkości, z jaką poruszał pojazd obwinionego;</xText>
          <xText>6. błąd w ustaleniach faktycznych przyjętych za podstawę orzeczenia, które miały wpływ na treść orzeczenia, a to poprzez błędne uznanie, że <xAnon>D. K.</xAnon> w dniu 22 grudnia 2012 r. w miejscowości <xAnon>Z.</xAnon> woj. <xAnon> (...)</xAnon> kierując samochodem marki <xAnon>B.</xAnon> o <xAnon>nr rej. (...)</xAnon> przekroczył dopuszczalną prędkość na obszarze zabudowanym o 45 km/godz., podczas gdy zebrany w sprawie materiał dowodowy nie daje podstaw do uznania obwinionego za winnego zarzucanego mu czynu stanowiącego wykroczenie z art. 92 a kw;</xText>
          <xText>Na zasadzie <xLexLink xArt="art. 427;art. 427 § 1;art. 427 § 437;art. 427 § 1" xIsapId="WDU19970890555" xTitle="Ustawa z dnia 6 czerwca 1997 r. - Kodeks postępowania karnego" xAddress="Dz. U. z 1997 r. Nr 89, poz. 555">art. 427 § l i 437 § l k.p.k.</xLexLink> w zw. z <xLexLink xArt="art. 109;art. 109 § 2" xIsapId="WDU20011061148" xTitle="Ustawa z dnia 24 sierpnia 2001 r. - Kodeks postępowania w sprawach o wykroczenia" xAddress="Dz. U. z 2001 r. Nr 106, poz. 1148">art. 109 § 2 k.p.w.</xLexLink> wniósł o:</xText>
          <xText>- zmianę zaskarżonego wyroku poprzez uniewinnienie obwinionego od zarzucanego mu czynu.</xText>
          <xText>Nadto wniósł na podstawie <xLexLink xArt="art. 106 a" xIsapId="WDU20011061148" xTitle="Ustawa z dnia 24 sierpnia 2001 r. - Kodeks postępowania w sprawach o wykroczenia" xAddress="Dz. U. z 2001 r. Nr 106, poz. 1148">art. 106a k.p.w.</xLexLink> o uzupełnienie przewodu sądowego poprzez przeprowadzenie poniżej wskazanych dowodów:</xText>
          <xText>1. ponowne przesłuchanie świadków: <xAnon>M. Ż. (1)</xAnon> oraz <xAnon>D. M. (1)</xAnon> - na okoliczność czy funkcjonariusze posiadają odpowiednie kwalifikacje do obsługi urządzeń pomiarowych typu ISKRA, tj. czy posiadają odpowiednie specjalistyczne szkolenie z zasad obsługi ww urządzeń, czy znana jest im instrukcja obsługi urządzenia, czy urządzenie użyte do pomiaru prędkości w dniu 22 grudnia 2012 posiadało aktualne świadectwo legalizacji, w jaki sposób dokonany został pomiar prędkości,</xText>
          <xText>2. zwrócenie się do Komendy Powiatowej Policji w <xAnon>S.</xAnon> o nadesłanie:</xText>
          <xText>1. świadectwa legalizacji/homologacji urządzenia pomiarowego typu<xAnon>(...)</xAnon>użytego podczas kontroli drogowej w dniu 22 grudnia 2012 r., oraz decyzji zatwierdzenia typu urządzenia pomiarowego wydanej przez Główny Urząd Miar - w celu ustalenia czy urządzenie spełnia normy techniczne zgodnie z <xLexLink xArt="" xIsapId="WDU20072251663" xTitle="Rozporządzenie Ministra Gospodarki z dnia 9 listopada 2007 r. w sprawie wymagań, którym powinny odpowiadać przyrządy do pomiaru prędkości pojazdów w ruchu drogowym, oraz szczegółowego zakresu badań i sprawdzeń wykonywanych podczas prawnej kontroli metrologicznej tych przyrządów pomiarowych" xAddress="Dz. U. z 2007 r. Nr 225, poz. 1663">Rozporządzeniem Ministra Gospodarki z dnia 9 listopada 2007 r. w sprawie wymagań, którym powinny odpowiadać przyrządy do pomiaru prędkości pojazdów w ruchu drogowym, oraz szczegółowego zakresu badań i sprawdzeń wykonywanych podczas prawnej kontroli meteorologicznej tych przyrządów pomiarowych</xLexLink>,</xText>
          <xText>2. kopii dokumentu poświadczającego ukończenie przez <xAnon>M. Ż. (1)</xAnon>oraz <xAnon>D. M. (1)</xAnon>specjalistycznego szkolenia w zakresie obsługi urządzeń pomiarowych typu<xAnon>(...)</xAnon>prowadzonego przez Centrum Szkolenia Policji w <xAnon>L.</xAnon>(tzw. szkolenie "rd")- na okoliczność czy funkcjonariusze posiadają wystarczające kompetencje w zakresie prawidłowej obsługi urządzenia pomiarowego typu<xAnon>(...)</xAnon>,</xText>
          <xText>3. instrukcji obsługi urządzenia mierniczego <xAnon>(...)</xAnon> - w celu ustalenia czy funkcjonariusze dokonali pomiaru prędkości z jaką poruszał się obwiniony, zgodnie ż zasadami prawidłowej obsługi przedmiotowego urządzenia, oraz jaka jest granicą błędu wykonanego pomiaru prędkości,</xText>
          <xText>4. księgi pracy urządzenia pomiarowego <xAnon>(...)</xAnon> - w celu bezspornego ustalenia jakie urządzenie zostało użyte podczas kontroli w dniu 22 grudnia 2012 r.</xText>
          <xText xALIGNx="center">ewentualnie</xText>
          <xText>o uchylenie zaskarżonego wyroku i przekazanie sprawy do ponownego rozpoznania oraz przeprowadzenie wyżej wskazanych dowodów na wskazane okoliczności.</xText>
          
          <xText xALIGNx="center">
            <xUx>Sąd Okręgowy zważył, co następuje:</xUx>
          </xText>
          <xText>Apelacja nie jest zasadna.</xText>
          <xText>Wbrew wywodom skarżącego Sąd Rejonowy- co do zasady – prawidłowo przeprowadził postępowanie dowodowe w niniejszej sprawie- mimo, że sąd odwoławczy na podstawie art. 106 a kpsw uznał za stosowne- dla pełnej weryfikacji wiarygodności ustaleń Sądu I instancji – uzupełnić p[przewód sądowy w postępowaniu odwoławczym poprzez dopuszczenie dowodów z: pisma I zastępcy Komendanta Powiatowego Policji w <xAnon>S.</xAnon> k. 59, świadectwa legalizacji pierwotnej k. 60 , instrukcji obsługi urządzenia pomiarowego <xAnon> (...)</xAnon> k. 61- 74.</xText>
          
          <xText>Wyniki powyższego postępowania dają podstawę do jednoznacznego stwierdzenia, że Sąd I instancji dokonał prawidłowej analizy i oceny zebranego materiału dowodowego, a w pisemnych motywach zaskarżonego wyroku właściwie wskazał, którym dowodom dał wiarę i dlaczego, a którym i z jakich przyczyn cech wiarygodności odmówił.</xText>
          
          <xText>Słusznie Sąd I instancji oparł się w niniejszej sprawie na zeznaniach obiektywnych i postronnych świadków <xAnon>M. Ż. (1)</xAnon> i <xAnon>D. M. (1)</xAnon>, którzy w sposób zgodny wskazali, iż obwiniony <xAnon>D. K.</xAnon> dopuścił się przypisanego czynu. W tym miejscu sąd odwoławczy zwraca jeszcze dodatkowo uwagę, iż z treści – korespondującego z treścią zeznań wyżej wskazanych świadków – pisma I Zastępcy Komendanta Powiatowego Policji w <xAnon>S.</xAnon> (k. 59) wynika, że zgodnie z zarządzeniem 609 Komendanta Policji z 25. VI. 2007 r w sprawie pełnienia służby na drogach przez policjantów nie jest wymagana od policjanta wiedza specjalistyczna dotycząca kontroli prędkości przy użyciu ręcznych mierników prędkości jak i innych urządzeń do pomiaru prędkości będących na wyposażeniu policji. Wykonujący w dniu 22 grudnia 2012 r. czynności związane z pomiarem prędkości urządzeniem typu <xAnon>I.</xAnon>- 1 o numerze fabrycznym <xAnon> (...)</xAnon> w miejscowości <xAnon>Z.</xAnon> na drodze wojewódzkiej W 777 st. sierż. <xAnon>D. M. (1)</xAnon> jest policjantem Wydziału Ruchu Drogowego Komendy Powiatowej Policji w <xAnon>S.</xAnon> posiadającym przeszkolenie specjalistyczne z zakresu ruchu drogowego obejmujące między innymi zasady pracy oraz obsługi urządzeń do pomiaru prędkości ukończone w dniu 27. 01. 2012 r. w Centrum Szkolenia Policji w <xAnon>L.</xAnon>. Posiada również znajomość obsługi, sposobu pracy, a także umiejętności praktyczne w posługiwaniu się ręcznym miernikiem prędkości typu <xAnon>I.</xAnon>- 1, który wykorzystuje w codziennej służbie.</xText>
          
          <xText>Nadto z treści świadectwa legalizacji pierwotnej k. 60 – jednoznacznie wynika, iż użyte w dniu 22. 12. 2012 r. przez funkcjonariuszy policji urządzenia <xAnon>I.</xAnon>- 1 <xAnon> (...)</xAnon> posiadało ważną legalizację do dnia 1. XII. 2012 r.</xText>
          
          <xText>W ocenie sądu odwoławczego analizując treść wskazanych wyżej wiarygodnych dokumentów w kontekście treści zeznań świadków <xAnon>M. Ż.</xAnon> i <xAnon>D. M.</xAnon> należy uznać, że wina obwinionego <xAnon>D. K.</xAnon> w zakresie przypisanego mu przez Sąd Rejonowy czynu nie budzi żadnych wątpliwości, a wszystkie zarzuty wskazane w apelacji obrońcy obwinionego należy uznać za oczywiście chybione.</xText>
          
          <xText>Przede wszystkim absolutnie nie ma racji obrońca podnosząc wskazaną w <xLexLink xArt="art. 65 § 1 pkt. 1;art. 65 § 1 pkt. 2;art. 65 § 1 pkt. 3" xIsapId="WDU20011061148" xTitle="Ustawa z dnia 24 sierpnia 2001 r. - Kodeks postępowania w sprawach o wykroczenia" xAddress="Dz. U. z 2001 r. Nr 106, poz. 1148">punktach 1, 2, 3</xLexLink> zarzutów apelacyjnych obrazę przepisów <xLexLink xArt="art. 65;art. 65 § 1" xIsapId="WDU20011061148" xTitle="Ustawa z dnia 24 sierpnia 2001 r. - Kodeks postępowania w sprawach o wykroczenia" xAddress="Dz. U. z 2001 r. Nr 106, poz. 1148">art. 65 § 1 kpw</xLexLink>, oraz 73 <xLexLink xArt="ust. 2" xIsapId="WDU20070380249" xTitle="Rozporządzenie Ministra Sprawiedliwości z dnia 23 lutego 2007 r. Regulamin urzędowania sądów powszechnych" xAddress="Dz. U. z 2007 r. Nr 38, poz. 249">ust. 2 Rozporządzenia Ministra Sprawiedliwości z 23. II. 2007 Regulaminu Urzędowania Sądów powszechnych</xLexLink> , <xLexLink xArt="art. 71;art. 71 § 2" xIsapId="WDU20011061148" xTitle="Ustawa z dnia 24 sierpnia 2001 r. - Kodeks postępowania w sprawach o wykroczenia" xAddress="Dz. U. z 2001 r. Nr 106, poz. 1148">art. 71 § 2 kpw</xLexLink> i <xLexLink xArt="art. 4" xIsapId="WDU20011061148" xTitle="Ustawa z dnia 24 sierpnia 2001 r. - Kodeks postępowania w sprawach o wykroczenia" xAddress="Dz. U. z 2001 r. Nr 106, poz. 1148">art. 4 kpw</xLexLink> – w sposób wskazany w apelacji , a w efekcie sprowadzający się do uniemożliwienia obwinionemu prawa do obrony z uwagi na nieprawidłową informację o terminie rozprawy.</xText>
          
          <xText>Zdaniem Sądu Okręgowego pomimo bezspornej kwestii, iż zawiadomienie dla obwinionego <xAnon>D. K.</xAnon> o terminie rozprawy, która odbyła się w dniu <xUx>18. IV. 2013 r.</xUx> (k. 24 i 42) zawiera błędna informację co do terminu rozprawy, z tym że błąd dotyczył jedynie <xUx>roku</xUx> (zamiast 2013 r było 2012 r.), a obwiniony kwitując odbiór przesyłki w dniu <xUx>3. IV. 2013 r.</xUx> musiał mieć świadomość że nie jest możliwe aby termin rozprawy został wyznaczony <xUx>w poprzednim roku</xUx>, a więc przed datą pokwitowania odbioru przesyłki, która została wysłana <xUx>w dniu 22 marca 2013 r</xUx>. (patrz k. 42).</xText>
          <xText>Wskazuje to ewidentnie <xUx>na oczywista omyłkę pisarską </xUx>popełnioną przez pracownika sądu, niemniej jednak <xUx>nie miało </xUx>to żadnego wpływu na możliwość udziału obwinionego na rozprawie w dniu 18. IV. 2013 r.</xText>
          <xText>Ponadto gdyby nawet obwiniony miał jakiekolwiek wątpliwości co do terminu wspomnianej wyżej rozprawy to od dnia 3. IV. 2013 roku miał niczym nieograniczoną możliwość osobistego lub co najmniej telefonicznego wyjaśnienia swych wątpliwości (sugerujących wyznaczenie terminu rozprawy w minionym roku!) w Sądzie Rejonowym w Sandomierzu.</xText>
          <xText>Zupełnie na marginesie sąd odwoławczy podnosi, iż pomimo identycznej omyłki pisarskiej na wezwaniach dla świadków <xAnon>M.</xAnon> i <xAnon>Ż.</xAnon> (k. 22 i 25) świadkowie ci stawili się na wspomnianą rozprawę. W tej sytuacji absolutnie nie może być mowy o podnoszonym w apelacji rzekomym naruszeniu prawa do obrony obwinionego.</xText>
          <xText>Ponadto chybiony jest także zarzut wskazany w pkt. 4 , a dotyczący obrazy prawa procesowego – a mianowicie <xLexLink xArt="art. 2;art. 2 § 2;art. 2 § 4;art. 2 § 5;art. 2 § 2" xIsapId="WDU19970890555" xTitle="Ustawa z dnia 6 czerwca 1997 r. - Kodeks postępowania karnego" xAddress="Dz. U. z 1997 r. Nr 89, poz. 555">art. 2§ 2 , 4, 5 § 2 kpk</xLexLink>, <xLexLink xArt="art. 7" xIsapId="WDU19970890555" xTitle="Ustawa z dnia 6 czerwca 1997 r. - Kodeks postępowania karnego" xAddress="Dz. U. z 1997 r. Nr 89, poz. 555">art. 7 kpk</xLexLink> w zw. z <xLexLink xArt="art. 8" xIsapId="WDU19970890555" xTitle="Ustawa z dnia 6 czerwca 1997 r. - Kodeks postępowania karnego" xAddress="Dz. U. z 1997 r. Nr 89, poz. 555">art. 8</xLexLink> kpsw- w sposób wskazany w apelacji jak i zarzut z pkt. 6 apelacji dotyczący błędu w ustaleniach faktycznych przyjętych za podstawę orzeczenia i mający mieć wpływ na treść zaskarżonego wyroku, a mający polegać na błędnym – zdaniem skarżącego – uznaniu, że obwiniony <xAnon>D. K.</xAnon> dopuścił się przypisanego mu czynu, podczas gdy zebrany w sprawie materiał dowodowy nie daje podstaw do takiego ustalenia.</xText>
          <xText>Zdaniem Sądu Okręgowego także w tym zakresie apelacja skarżącego stanowi jedynie gołosłowną i nieprzekonywującą polemikę z prawidłowymi ustaleniami i wywodami sądu I instancji i nie zawiera żadnego argumentu , który byłby w stanie skutecznie podważyć trafność zaskarżonego rozstrzygnięcia Sądu Rejonowego, a ponadto opiera się ona na wyjątkowo tendencyjnej, nieobiektywnej ocenie zebranego w sprawie materiału dowodowego.</xText>
          
          <xText>Tymczasem- w ocenie sądu odwoławczego- ustalenia faktyczne poczynione przez sąd I instancji w sposób jednoznaczny wynikają z dokonanej przez tenże sąd prawidłowej oceny dowodów, która nie przekracza w żadnym stopniu granic swobodnego uznania sędziowskiego zakreślonych treścią <xLexLink xArt="art. 7" xIsapId="WDU19970890555" xTitle="Ustawa z dnia 6 czerwca 1997 r. - Kodeks postępowania karnego" xAddress="Dz. U. z 1997 r. Nr 89, poz. 555">art. 7 kpk</xLexLink>, a jest ona wszechstronna, logiczna i zgodna ze wskazaniami wiedzy i doświadczenia życiowego , jak również uwzględnia okoliczności przemawiające zarówno na korzyść jak i niekorzyść obwinionego, przy czym nie zachodziła nawet konieczność rozstrzygania nie dających się usunąć wątpliwości , bowiem w ocenie sądu odwoławczego takowe wątpliwości w niniejszej sprawie nie zachodziły. Ponadto podstawą zaskarżonego wyroku był całokształt okoliczności ujawnionych na rozprawie, a o czym przekonuje treść pisemnych motywów zaskarżonego wyroku, które zostały sporządzone w sposób zgodny z wymogami <xLexLink xArt="art. 424" xIsapId="WDU19970890555" xTitle="Ustawa z dnia 6 czerwca 1997 r. - Kodeks postępowania karnego" xAddress="Dz. U. z 1997 r. Nr 89, poz. 555">art. 424 kpk</xLexLink>.</xText>
          <xText>Sąd Okręgowy <xUx>podziela w całości</xUx> jako trafne, rzeczowe i przekonywujące ustalenia i wywody sądu I instancji zaprezentowane w pisemnym uzasadnieniu wyroku – <xUx>patrz k. 33- 34</xUx>, których nie ma potrzeby w tym miejscu przypominać ani powtarzać, a które zapewne znane są autorowi apelacji.</xText>
          <xText>W tym miejscu należy jedynie stwierdzić, iż</xText>
          <xText xALIGNx="center">Sąd Okręgowy:</xText>
          <xUnit xIsTitle="false" xType="none">
            <xName xSffx=".">1</xName>
            <xText>na podstawie <xLexLink xArt="art. 170;art. 170 § 1;art. 170 § 1 pkt. 5" xIsapId="WDU19970890555" xTitle="Ustawa z dnia 6 czerwca 1997 r. - Kodeks postępowania karnego" xAddress="Dz. U. z 1997 r. Nr 89, poz. 555">art. 170 § 1 pkt. 5 kpk</xLexLink> w zw. z <xLexLink xArt="art. 39;art. 39 § 2" xIsapId="WDU19970890555" xTitle="Ustawa z dnia 6 czerwca 1997 r. - Kodeks postępowania karnego" xAddress="Dz. U. z 1997 r. Nr 89, poz. 555">art. 39 § 2</xLexLink> kpsw oddalił wniosek dowodowy zawarty w apelacji o ponowne przesłuchanie świadków <xAnon>M. Ż. (1)</xAnon>oraz <xAnon>D. M. (1)</xAnon>na okoliczność, czy funkcjonariusze ci posiadają odpowiednie kwalifikacje do obsługi urządzeń pomiarowych typu<xAnon>(...)</xAnon>oraz czy użyte w dniu 22 grudnia 2012 r. urządzenie posiadało aktualne świadectwo legalizacji, albowiem wniosek w sposób oczywisty zmierza do przedłużenia postępowania w sytuacji, gdy wyżej wskazani świadkowie byli przesłuchiwani przed Sądem I instancji i nie pojawiły się żadne nowe okoliczności, które uzasadniałyby konieczność ponownego przesłuchania tychże świadków , a ponadto okoliczności zawarte w tezie dowodowej wynikają z pisma I Zastępcy Komendanta Powiatowego Policji w <xAnon>S.</xAnon>k. 59.</xText>
          </xUnit>
          <xUnit xIsTitle="false" xType="none">
            <xName xSffx=".">2</xName>
            <xText>na podstawie <xLexLink xArt="art. 170;art. 170 § 1;art. 170 § 1 pkt. 5" xIsapId="WDU19970890555" xTitle="Ustawa z dnia 6 czerwca 1997 r. - Kodeks postępowania karnego" xAddress="Dz. U. z 1997 r. Nr 89, poz. 555">art. 170 § 1 pkt. 5 kpk</xLexLink> w zw. z <xLexLink xArt="art. 39;art. 39 § 2" xIsapId="WDU19970890555" xTitle="Ustawa z dnia 6 czerwca 1997 r. - Kodeks postępowania karnego" xAddress="Dz. U. z 1997 r. Nr 89, poz. 555">art. 39 § 2</xLexLink> kpsw oddalił wniosek dowodowy zawarty w apelacji obrońcy o dopuszczenie dowodu z kopii dokumentu poświadczającego ukończenie przez <xAnon>M. Ż. (1)</xAnon> oraz <xAnon>D. M. (1)</xAnon> specjalistycznego szkolenia w zakresie obsługi urządzeń pomiarowych typu <xAnon>I.</xAnon> albowiem okoliczność ta nie ma znaczenia dla rozstrzygnięcia sprawy o czym świadczy treść wskazanego wyżej pisma I Zastępcy Komendanta Powiatowego policji w <xAnon>S.</xAnon> k. 59;</xText>
          </xUnit>
          <xUnit xIsTitle="false" xType="none">
            <xName xSffx=".">3</xName>
            <xText>na podstawie <xLexLink xArt="art. 170;art. 170 § 1;art. 170 § 1 pkt. 5" xIsapId="WDU19970890555" xTitle="Ustawa z dnia 6 czerwca 1997 r. - Kodeks postępowania karnego" xAddress="Dz. U. z 1997 r. Nr 89, poz. 555">art. 170 § 1 pkt. 5 kpk</xLexLink> w zw. z <xLexLink xArt="art. 39;art. 39 § 2" xIsapId="WDU19970890555" xTitle="Ustawa z dnia 6 czerwca 1997 r. - Kodeks postępowania karnego" xAddress="Dz. U. z 1997 r. Nr 89, poz. 555">art. 39 § 2</xLexLink> kpsw oddalił wniosek dowodowy zawarty w apelacji obrońcy o dopuszczenie dowodu z księgi pracy urządzenia pomiarowego<xAnon>(...)</xAnon>w celu ustalenia jakie urządzenie zostało użyte podczas kontroli w dniu 22 grudnia 2012 r. albowiem dowód ten jest nieprzydatny do stwierdzenia okoliczności w szczególności w sytuacji, kiedy wskazane wyżej pismo I Zastępcy Komendanta Powiatowego policji w <xAnon>S.</xAnon>k. 59 odnosi się także do okoliczności na jaką wnioskowany był przedmiotowy dowód.</xText>
          </xUnit>
          
          <xText>W tej sytuacji należy jeszcze raz stwierdzić – zdaniem Sądu Okręgowego – iż wbrew odmiennemu stanowisku skarżącego brak jest jakichkolwiek podstaw do kwestionowania wiarygodności, szczerości, spontaniczności zgodnych zeznań obiektywnych i postronnych świadków <xAnon>M. Ż. (1)</xAnon>i <xAnon>D. M. (1)</xAnon>, którzy w sposób fachowy i prawidłowy ujawnili wykroczenie popełnione przez obwinionego <xAnon>D. K.</xAnon>, a prawidłowość działania użytego do pomiaru urządzenia typu <xAnon>(...)</xAnon> znajduje potwierdzenie w treści ważnego w dacie zdarzenia świadectwa Legalizacji, którego wiarygodności nie sposób zasadnie- wbrew odmiennemu stanowisku skarżącego- kwestionować.</xText>
          
          <xText>Również dokonana przez sąd I instancji prawidłowa ocena dowodów pozwoliła na wyjaśnienie wszystkich istotnych okoliczności sprawy, którą Sąd Okręgowy podzielił jako właściwa w zakresie ustaleń faktycznych, winy obwinionego i kwalifikacji prawnej przypisanego mu wykroczenia.</xText>
          
          <xText>Również wymierzona obwinionemu kara jest adekwatna do stopnia zawinienia obwinionego i wagi przypisanego mu wykroczenia.</xText>
          
          <xText>Z tych względów Sad Okręgowy na podstawie <xLexLink xArt="art. 437;art. 437 § 1" xIsapId="WDU19970890555" xTitle="Ustawa z dnia 6 czerwca 1997 r. - Kodeks postępowania karnego" xAddress="Dz. U. z 1997 r. Nr 89, poz. 555">art. 437 § 1 kpk</xLexLink> w zw. z <xLexLink xArt="art. 109;art. 109 § 2" xIsapId="WDU19970890555" xTitle="Ustawa z dnia 6 czerwca 1997 r. - Kodeks postępowania karnego" xAddress="Dz. U. z 1997 r. Nr 89, poz. 555">art. 109 § 2</xLexLink> kpsw utrzymał w mocy zaskarżony wyrok nie znajdując podstaw do uwzględnienia zarzutów i wniosków apelacyjnych.</xText>
          
          <xText>Orzeczenia o kosztach postępowania odwoławczego oparto na przepisach <xLexLink xArt="art. 626;art. 626 § 1" xIsapId="WDU19970890555" xTitle="Ustawa z dnia 6 czerwca 1997 r. - Kodeks postępowania karnego" xAddress="Dz. U. z 1997 r. Nr 89, poz. 555">art. 626 § 1 kpk</xLexLink>, <xLexLink xArt="art. 636;art. 636 § 1" xIsapId="WDU19970890555" xTitle="Ustawa z dnia 6 czerwca 1997 r. - Kodeks postępowania karnego" xAddress="Dz. U. z 1997 r. Nr 89, poz. 555">art. 636 § 1 kpk</xLexLink> w zw. z <xLexLink xArt="art. 119" xIsapId="WDU19970890555" xTitle="Ustawa z dnia 6 czerwca 1997 r. - Kodeks postępowania karnego" xAddress="Dz. U. z 1997 r. Nr 89, poz. 555">art. 119</xLexLink> kpsw i <xLexLink xArt="art. 3;art. 3 ust. 1;art. 8;art. 21;art. 21 pkt. 2" xIsapId="WDU19730270152" xTitle="Ustawa z dnia 23 czerwca 1973 r. o opłatach w sprawach karnych" xAddress="Dz. U. z 1973 r. Nr 27, poz. 152">art. 3 ust. 1, art. 8, art. 21 pkt 2 ustawy z dnia 23. VI. 1973 r. o opłatach w sprawach karnych</xLexLink> (Dz U z 1983 r nr 49 poz. 223 z późn, zm.) przy czym opłata od kary wyniosła 30 złotych oraz 50 złotych tytułem zryczałtowanych wydatków przed sądem II instancji (<xLexLink xArt="§ 3" xIsapId="WDU20011181269" xTitle="Rozporządzenie Ministra Sprawiedliwości z dnia 10 października 2001 r. w sprawie wysokości zryczałtowanych wydatków postępowania oraz wysokości opłaty za wniesienie wniosku o wznowienie postępowania w sprawach o wykroczenia" xAddress="Dz. U. z 2001 r. Nr 118, poz. 1269">§ 3 Rozporządzenia Ministra Sprawiedliwości z 10. X. 2001 roku w sprawie wysokości zryczałtowanych wydatków postępowania oraz wysokości opłaty za wniesienie wniosku o wznowienie postępowania w sprawach o wykroczenia</xLexLink> (Dz U 01.118. 1269).</xText>
          
          <xText>Z tych względów orzeczono jak wyżej.</xText>
          
          <xText>(SSO Tomasz Nowak)</xText>
        </xUnit>
      </xBlock>
    </xPart>
  </judgement>
<judgement id="152015000001006_II_Ka_000454_2013_Uz_2013-11-22_002">
    <xPart xEditorFullName="Anna Sieroń" xYear="2013" xLang="PL" xPublisherFullName="Barbara Miczek" xFromPg="1" xEditor="asieron" xVolType="15/201500/0001006/Ka" xPublisher="bmiczek" xDocType="Uz" xVolNmbr="000454" xVersion="1.0" xToPage="8" xFlag="published">
      <xName>Wyrok+Uzasadnienie</xName>
      <xBlock>
        <xText>Sygn. akt II Ka 454/13</xText>
        
        <xUnit xIsTitle="true" xBold="true" xType="part">
          <xName>WYROK</xName>
          <xTitle>W IMIENIU RZECZYPOSPOLITEJ POLSKIEJ</xTitle>
          <xText>Dnia 22 listopada 2013r.</xText>
          
          <xText>Sąd Okręgowy w Nowym Sączu – Wydział II Karny w składzie :</xText>
          
          <xText>Przewodniczący : SSO Bogdan Kijak (spr.)</xText>
          <xText>Sędziowie: SO Arkadiusz Penar</xText>
          <xText>SO Anna Pater</xText>
          <xText>Protokolant: st. sekr. sądowy Maria Olszowska</xText>
          <xText>przy udziale Prokuratora Prokuratury Okręgowej Leszka Karpa</xText>
          <xText>po rozpoznaniu w dniu 22 listopada 2013r.</xText>
          <xText>sprawy <xAnon>A. D.</xAnon> i <xAnon>Z. S.</xAnon></xText>
          <xText>oskarżonych o przestępstwo z <xLexLink xArt="art. 158;art. 158 § 1" xIsapId="WDU19970880553" xTitle="Ustawa z dnia 6 czerwca 1997 r. - Kodeks karny" xAddress="Dz. U. z 1997 r. Nr 88, poz. 553">art.158§1 kk</xLexLink></xText>
          <xText>na skutek apelacji wniesionych przez obrońcę oskarżonych</xText>
          <xText>od wyroku Sądu Rejonowego w Zakopanem</xText>
          <xText>z dnia 27 maja 2013r. sygn. akt II K 92/13</xText>
          <xText>I. zaskarżony wyrok utrzymuje w mocy, uznając apelacje za oczywiście bezzasadne i zwalniając oskarżonych od ponoszenia kosztów sądowych za postępowanie odwoławcze,</xText>
          <xText>II. zasądza od oskarżonych <xAnon>A. D.</xAnon>i <xAnon>Z. S.</xAnon> na rzecz <xAnon>P. R.</xAnon> kwoty po 258,30 zł (dwieście pięćdziesiąt osiem złotych trzydzieści groszy) tytułem zwrotu kosztów zastępstwa prawnego za postępowanie odwoławcze.</xText>
          
          <xText>Sygn. akt II Ka 454/13</xText>
        </xUnit>
        <xUnit xIsTitle="true" xBold="true" xType="part">
          <xName>UZASADNIENIE</xName>
          <xText><xAnon>A. D.</xAnon> oskarżony był o to, że:</xText>
          <xText>- w dniu 19 lipca 2012 roku w <xAnon>Z.</xAnon>, powiatu <xAnon> (...)</xAnon>, województwa <xAnon> (...)</xAnon>, wspólnie z innymi osobami dokonał pobicia <xAnon>P. R.</xAnon> poprzez uderzenie go w twarz i głowę pięściami, kopnięcia po całym ciele w wyniku czego odniósł obrażenia w postaci wybicia jednego zęba, krwiaka pod okiem, stłuczenia prawej ręki, lewej nogi oraz pleców, czym naraził go na bezpośrednie niebezpieczeństwo utraty życia lub zdrowia,</xText>
          <xText>tj. o przestępstwo z <xLexLink xArt="art. 158;art. 158 § 1" xIsapId="WDU19970880553" xTitle="Ustawa z dnia 6 czerwca 1997 r. - Kodeks karny" xAddress="Dz. U. z 1997 r. Nr 88, poz. 553">art. 158§1 kk</xLexLink>.</xText>
          <xText><xAnon>Z. S.</xAnon> oskarżony był o to, że:</xText>
          <xText>- w dniu 19 lipca 2012 roku w <xAnon>Z.</xAnon>, rejonu <xAnon> (...)</xAnon> wspólnie z innymi osobami dokonał pobicia <xAnon>P. R.</xAnon> poprzez uderzenie go w twarz i głowę pięściami, kopnięcia po całym ciele w wyniku czego odniósł obrażenia w postaci wybicia jednego zęba, krwiaka pod okiem, stłuczenia prawej ręki, lewej nogi oraz pleców, czym naraził go na bezpośrednie niebezpieczeństwo utraty życia lub zdrowia,</xText>
          <xText>tj. o przestępstwo z <xLexLink xArt="art. 158;art. 158 § 1" xIsapId="WDU19970880553" xTitle="Ustawa z dnia 6 czerwca 1997 r. - Kodeks karny" xAddress="Dz. U. z 1997 r. Nr 88, poz. 553">art. 158§1 kk</xLexLink>.</xText>
          
          <xText>Wyrokiem z dnia 27.05.2013 r., sygn. II K 92/13 Sąd Rejonowy w Zakopanem uznał oskarżonych za winnych popełnienia zarzucanych im czynów i wymierzył im kary:</xText>
          <xText>- <xAnon>A. D.</xAnon> – 8 miesięcy pozbawienia wolności, wykonanie której warunkowo zawiesił na trzyletni okres próby, oddając go w tym czasie pod dozór kuratora sądowego oraz karę grzywny w wysokości 70 stawek dziennych po 10 złotych;</xText>
          <xText>- <xAnon>Z. S.</xAnon> – 3 miesięcy pozbawienia wolności, wykonanie której warunkowo zawiesił na dwuletni okres próby oraz karę grzywny w wysokości 70 stawek dziennych po 10 złotych.</xText>
          <xText>Sąd Rejonowy uwzględniając częściowo powództwo cywilne zasądził solidarnie od oskarżonych na rzecz <xAnon>P. R.</xAnon> 18.140 złotych z ustawowymi odsetkami od dnia 5.04.2013 r., pozostawiają w pozostałym zakresie powództwo cywilne bez rozpoznania.</xText>
          <xText>Sąd Rejonowy od oskarżonych na rzecz Skarbu Państwa koszty sądowe, zwalniając ich od ponoszenia kosztów związanych z powództwem cywilnym.</xText>
          
          <xText>Powyższy wyrok zaskarżył jednobrzmiącymi apelacjami obrońca oskarżonych.</xText>
          <xText>Zarzucając:</xText>
          <xUnit xIsTitle="false" xType="none">
            <xName xSffx=".">I</xName>
            <xText>błąd w ustaleniach faktycznych, przyjętych za jego podstawę, a mający wpływ na treść wyroku przez ustalenie na podstawie nieprawidłowej oceny dowodów, że oskarżony <xAnon>A. D.</xAnon> i <xAnon>Z. S.</xAnon> dokonali zarzucanych im czynów, wyczerpujących dyspozycję <xLexLink xArt="art. 158" xIsapId="WDU19970880553" xTitle="Ustawa z dnia 6 czerwca 1997 r. - Kodeks karny" xAddress="Dz. U. z 1997 r. Nr 88, poz. 553">art. 158 kk</xLexLink>;</xText>
          </xUnit>
          <xUnit xIsTitle="false" xType="none">
            <xName xSffx=".">II</xName>
            <xText>obrazę przepisów postępowania tj. <xLexLink xArt="art. 4;art. 5" xIsapId="WDU19970890555" xTitle="Ustawa z dnia 6 czerwca 1997 r. - Kodeks postępowania karnego" xAddress="Dz. U. z 1997 r. Nr 89, poz. 555">art. 4 i art. 5 kpk</xLexLink> co miało wpływ na treść zaskarżonego orzeczenia przez nierozważenie wszystkich okoliczności sprawy, a szczególnie tych, które przemawiały na korzyść oskarżonych; rozstrzygnięcie nieusuwalnych wątpliwości na niekorzyść oskarżonych;</xText>
          </xUnit>
          <xUnit xIsTitle="false" xType="none">
            <xName xSffx=".">III</xName>
            <xText>obrazę przepisów postępowania tj. <xLexLink xArt="art. 424;art. 424 § 1;art. 424 § 1 pkt. 1" xIsapId="WDU19970890555" xTitle="Ustawa z dnia 6 czerwca 1997 r. - Kodeks postępowania karnego" xAddress="Dz. U. z 1997 r. Nr 89, poz. 555">art. 424§1 pkt 1 kpk</xLexLink> co miało wpływ na treść zaskarżonego orzeczenia, polegającą na tym, że sąd rejonowy nie dokonał kompleksowej oceny wyjaśnień oskarżonych składanych w toku całego postępowania karnego, a oparł się wyłącznie na zeznaniach pokrzywdzonego, które ocenił bezkrytycznie jako jednolite, spójne niesprzeczne i przekonywające</xText>
          </xUnit>
          <xUnit xIsTitle="false" xType="none">
            <xName xSffx=".">IV</xName>
            <xText>naruszenie przepisów postępowania tj. <xLexLink xArt="art. 233" xIsapId="WDU19640430296" xTitle="Ustawa z dnia 17 listopada 1964 r. - Kodeks postępowania cywilnego" xAddress="Dz. U. z 1964 r. Nr 43, poz. 296">art. 233 kpc</xLexLink> poprzez przekraczające granice swobodnej oceny dowodów pominięcie istotnych dla sprawy okoliczności faktycznych;</xText>
          </xUnit>
          <xUnit xIsTitle="false" xType="none">
            <xName xSffx=".">V</xName>
            <xText>naruszenie przepisu <xLexLink xArt="art. 231" xIsapId="WDU19640430296" xTitle="Ustawa z dnia 17 listopada 1964 r. - Kodeks postępowania cywilnego" xAddress="Dz. U. z 1964 r. Nr 43, poz. 296">art. 231 kpc</xLexLink> poprzez przyjęcie faktu za ustalony, podczas gdy fakt ten nie znajduje dostatecznego potwierdzenia w materiale dowodowym sprawy</xText>
          </xUnit>
          <xText>wniósł o:</xText>
          <xText>- zmianę zaskarżonego wyroku poprzez uniewinnienie oskarżonych;</xText>
          <xText>- uchylenie zaskarżonego wyroku i przekazanie sprawy do ponownego rozpoznania Sądowi Rejonowemu w Zakopanem.</xText>
          <xText>W pisemnych uzasadnieniach apelacji obrońca podniósł, iż zaskarżony wyrok oparty jest na błędnych ustaleniach faktycznych i błędnej ocenie dowodów. Zarzucił, iż Sąd Rejonowy bezkrytycznie dał wiarę zeznaniom pokrzywdzonego, mimo tego, że wystąpiły w nich sprzeczności. Wskazał, iż z notatki urzędowej nie wynika, by pokrzywdzony krwawił. Podniósł, iż Sąd Rejonowy nie uwzględnił w sposób należyty wszystkich okoliczności, szczególnie tych, które przemawiały na korzyść oskarżonych oraz nie dokonał wnikliwej oceny ich wyjaśnień. Nie wykazał też związku przyczynowego między zdarzeniem a utratą zęba przez pokrzywdzonego.</xText>
          
          <xText>
            <xBx>Sąd Okręgowy zważył, co następuje.</xBx>
          </xText>
          <xText>Apelacje są oczywiście bezzasadne. Sąd Rejonowy po poprawnie i wnikliwie przeprowadzonym postępowaniu, w pisemnym uzasadnieniu wyroku ustosunkował się do całości materiału dowodowego zebranego w sprawie, a następnie w sposób rzeczowy i przekonujący podał, na jakich dowodach oparł ustalenia faktyczne i dlaczego nie dał wiary dowodom przeciwnym. Ocena dowodów przeprowadzona przez Sąd Rejonowy nie narusza zasad prawidłowego rozumowania, wskazań wiedzy i doświadczenia życiowego, a w związku z tym mieści się w granicach prawa do swobodnej ich oceny, określonego w <xLexLink xArt="art. 7" xIsapId="WDU19970890555" xTitle="Ustawa z dnia 6 czerwca 1997 r. - Kodeks postępowania karnego" xAddress="Dz. U. z 1997 r. Nr 89, poz. 555">art. 7 kpk</xLexLink>. Apelacje oceny tej skutecznie nie podważają, dlatego też uznać je należy wyłącznie za polemikę z prawidłowo poczynionymi ustaleniami faktycznymi Sądu Rejonowego.</xText>
          <xText>Jak zaznaczono na wstępie w sprawie wniesiono dwie, jednakże jednobrzmiące apelacje, dlatego też dla uniknięcia zbędnych powtórzeń zostaną omówione łącznie.</xText>
          <xText>Chybiony jest zarzut błędu w ustaleniach faktycznych. Sąd Rejonowy miał dostateczne podstawy dowodowe, by w sposób niepodważalny przyjąć, że oskarżeni dopuścili się przypisanych im czynów. Dowody takie to przede wszystkim słusznie uznane za wiarygodne zeznania pokrzywdzonego, co do skutków zdarzenia mające potwierdzenie w opinii lekarskiej i historii choroby. Całkowicie dowolne jest przy tym sugerowanie, by pokrzywdzony mógł doznać obrażeń w innych okolicznościach – na taką hipotezę nie ma żadnego dowodu, a zważywszy na to, że pokrzywdzony niezwłocznie powiadomił o zdarzeniu policję, skorzystał z pomocy lekarskiej, nie może budzić wątpliwości, że stwierdzonych u niego obrażeń ciała doznał w wyniku pobicia przez oskarżonych. Słusznie też obrażenia te zostały wymienione w przypisanych oskarżonym czynach, bowiem opis czynu winien należycie oddawać całą zawartość kryminalna czynu, w tym także jego skutki. Podkreślić należy, iż Sąd Rejonowy wykazał istnienie związku przyczynowego między pobiciem a skutkiem w postaci między innymi utraty zęba, podając iż uraz ten spowodowali swoim zachowaniem oskarżeni. Uraz ten jest na tyle typowy dla pobić, że zbędne było szersze wykazywanie związku przyczynowego między zachowaniem oskarżonych a tym urazem.</xText>
          <xText>Stwierdzić też trzeba, że nie ma też wątpliwości co do tego, że sprawcami pobicia byli oskarżeni. <xAnon>A. D.</xAnon> został zatrzymany jako sprawca pobicia bezpośrednio po jego zaistnieniu, a obydwaj oskarżeni słuchani w postępowaniu przygotowawczym przyznali się do winy.</xText>
          <xText>Oczywiście bezzasadne są wywody zmierzające do wykazania, że pierwotne wyjaśnienia oskarżonych były niewiarygodne. Policjanci nie mieli żadnych powodów, by uzyskać przyznanie się do winy, tym bardziej by w tym celu mieli się uciekać do działań sprzecznych z prawem. Zauważyć też trzeba, że oskarżeni nie tylko przyznali się do winy, ale nadto wyrazili zgodę na poddanie się karze. Z pewnością uczynili to działając z należytym rozmysłem, nie zaś wbrew temu czego się dopuścili. W tym stanie rzeczy słusznie Sąd Rejonowy za całkowicie nieprzekonujące uznał podjęte przez oskarżonych na rozprawie głównej próby wytłumaczenia sprzeczności w wyjaśnieniach. Uznanie tych zmienionych wyjaśnień za wiarygodne, stanowiłoby rażące naruszenie zasad oceny dowodów, bowiem tłumaczenia oskarżonych były sprzeczne z kryteriami o jakich mowa w <xLexLink xArt="art. 7" xIsapId="WDU19970890555" xTitle="Ustawa z dnia 6 czerwca 1997 r. - Kodeks postępowania karnego" xAddress="Dz. U. z 1997 r. Nr 89, poz. 555">art. 7 kpk</xLexLink>.</xText>
          <xText>Nie zasługuje na uwzględnienie zarzut obrazy <xLexLink xArt="art. 4" xIsapId="WDU19970890555" xTitle="Ustawa z dnia 6 czerwca 1997 r. - Kodeks postępowania karnego" xAddress="Dz. U. z 1997 r. Nr 89, poz. 555">art. 4 kpk</xLexLink>. Naruszenie tego przepisu nie może stanowić podstawy zarzutu obrazy prawa procesowego, gdyż jest to przepis, który <xIx>zawiera jedynie ogólną dyrektywę postępowania, określając, w jaki sposób powinny procedować organy prowadzące postępowanie karne, </xIx>a <xIx>przedmiotem uchybień mogą być jedynie konkretne normy procesowe nakazujące lub zakazujące dokonywania określonych czynności w określonej sytuacji procesowej</xIx> (tak Sąd Apelacyjny w Krakowie w wyroku z dnia 29.11.2010 r. sygn. II AKa 209/10, KZS 2011/3/48). Obrońca nie wykazał poprzez jakie postąpienie Sąd Rejonowy sprzeciwił się zasadzie obiektywizmu, stąd też nie może być mowy o naruszeniu tego przepisu. To zaś, że rozstrzygniecie Sądu Rejonowego nie jest dla oskarżonych satysfakcjonujące nie oznacza, by doszło do naruszenia <xLexLink xArt="art. 4" xIsapId="WDU19970890555" xTitle="Ustawa z dnia 6 czerwca 1997 r. - Kodeks postępowania karnego" xAddress="Dz. U. z 1997 r. Nr 89, poz. 555">art. 4 kpk</xLexLink>, gdyż rozstrzygnięcie to jest prostą konsekwencją prawidłowej oceny dowodów, poczynionych ustaleń faktycznych i oceny prawnej.</xText>
          <xText>Nie doszło w sprawie do obrazy <xLexLink xArt="art. 5;art. 5 § 2" xIsapId="WDU19970890555" xTitle="Ustawa z dnia 6 czerwca 1997 r. - Kodeks postępowania karnego" xAddress="Dz. U. z 1997 r. Nr 89, poz. 555">art. 5§2 kpk</xLexLink>. Zgodnie z tym przepisem na korzyść oskarżonego należy rozstrzygać nie wszystkie wątpliwości, ale tylko te, których usunąć się nie da. Nie można przy tym utożsamiać nie dających się usunąć wątpliwości z wystąpieniem sprzeczności między dowodami. W niniejszej sprawie wystąpiły jedynie sprzeczności między dowodami: m.in. zeznaniami pokrzywdzonego, a wyjaśnieniami oskarżonych z rozprawy głównej. Sprzeczności te zostały wyjaśnione poprzez prawidłową i należycie umotywowaną ocenę materiału dowodowego. Natomiast nie wystąpiły w sprawie nie dające się usunąć wątpliwości, stąd też nie doszło do obrazy <xLexLink xArt="art. 5;art. 5 § 2" xIsapId="WDU19970890555" xTitle="Ustawa z dnia 6 czerwca 1997 r. - Kodeks postępowania karnego" xAddress="Dz. U. z 1997 r. Nr 89, poz. 555">art. 5§2 kpk</xLexLink>. Dodać jeszcze należy, iż przepis <xLexLink xArt="art. 5;art. 5 § 2" xIsapId="WDU19970890555" xTitle="Ustawa z dnia 6 czerwca 1997 r. - Kodeks postępowania karnego" xAddress="Dz. U. z 1997 r. Nr 89, poz. 555">art. 5§2 kpk</xLexLink> nie nakazuje uznawać za zasługujące na wiarę wyjaśnienia oskarżonych, ale nakazuje rozstrzygać na ich korzyść wątpliwości, których usunąć się nie da.</xText>
          <xText>Oczywiście chybiony, a wręcz niezrozumiały jest zarzut obrazy <xLexLink xArt="art. 424;art. 424 § 1" xIsapId="WDU19970890555" xTitle="Ustawa z dnia 6 czerwca 1997 r. - Kodeks postępowania karnego" xAddress="Dz. U. z 1997 r. Nr 89, poz. 555">art. 424§1 kpk</xLexLink>. Nie jest jasne co obrońca rozumie pod pojęciem „kompleksowej oceny”. Sąd Rejonowy poddał ocenie wszystkie wyjaśnienia oskarżonych i za wiarygodne uznał te, które złożyli w postępowaniu przygotowawczym. Ocena taka skoro objęła całość wyjaśnień jest z pewnością ocena kompleksową, a przy tym – jak wskazano wyżej, jest to ocena trafna i przekonująco uzasadniona.</xText>
          <xText>Sąd Rejonowy słusznie też za podstawę poczynionych ustaleń przyjął zeznania pokrzywdzonego. Zeznania te istotnie były jednolite i konsekwentne. Sprzeczności, na które powołał się obrońca miały charakter trzeciorzędny i nie mogą podważać jego wiarygodności. Ich wystąpienie – wbrew oczekiwaniom autora apelacji – przemawia za wiarygodnością pokrzywdzonego. Gdyby bowiem żadne sprzeczności w jego zeznaniach nie wystąpiły, mogłoby to wskazywać na to, że są to zeznania nierzetelne, a przygotowane na potrzeby procesu.</xText>
          <xText>Wiarygodności pokrzywdzonego nie podważa to, że treść jego zeznań nie odpowiada w pełni treści notatki służbowej. Pomijając podstawą kwestię, a mianowicie to, że notatka urzędowa nie jest dowodem, to podkreślić należy, iż choćby z uwagi na tę jej cechę, nie muszą w niej być zawarte wszystkie obserwacje i spostrzeżenia jej autora.</xText>
          <xText>Już tylko na marginesie godzi się zauważyć, że obrońca popadł w rażącą sprzeczność logiczną bowiem wystąpienie drobnej sprzeczności uznał za okoliczność dającą podstawę do podważenia wiarygodności pokrzywdzonego, postulując jednocześnie by za wiarygodne uznać wyjaśnienia oskarżonych, które to wyjaśnienia z postępowania przygotowawczego i rozprawy głównej wzajemnie się wykluczały.</xText>
          <xText>Oczywiście chybione są zarzuty obrazy przepisów <xLexLink xArt="" xIsapId="WDU19640430296" xTitle="Ustawa z dnia 17 listopada 1964 r. - Kodeks postępowania cywilnego" xAddress="Dz. U. z 1964 r. Nr 43, poz. 296">kodeksu postępowania cywilnego</xLexLink>. Postawienie tych zarzutów świadczy o niezrozumieniu istoty procesu karnego. Sąd karny w zakresie oceny dowodów i ustaleń faktycznych proceduje na podstawie przepisów <xLexLink xArt="" xIsapId="WDU19970890555" xTitle="Ustawa z dnia 6 czerwca 1997 r. - Kodeks postępowania karnego" xAddress="Dz. U. z 1997 r. Nr 89, poz. 555">kodeksu postępowania karnego</xLexLink>, także w przypadku rozpoznawania pozwu adhezyjnego. Dlatego też nie może dojść do naruszenia przepisów procedury cywilnej – <xLexLink xArt="art. 233" xIsapId="WDU19640430296" xTitle="Ustawa z dnia 17 listopada 1964 r. - Kodeks postępowania cywilnego" xAddress="Dz. U. z 1964 r. Nr 43, poz. 296">art. 233 kpc</xLexLink> i <xLexLink xArt="art. 231" xIsapId="WDU19640430296" xTitle="Ustawa z dnia 17 listopada 1964 r. - Kodeks postępowania cywilnego" xAddress="Dz. U. z 1964 r. Nr 43, poz. 296">art. 231 kpc</xLexLink>, których nie stosuje się w procesie karnym.</xText>
          <xText>Niezależnie od powyższego należy stwierdzić, że Sąd Rejonowy uwzględniając w części powództwo cywilne oparł się na rachunkach, rzetelności których nie podważano ani w Sądzie Rejonowym, ani też w apelacji. W związku z tym także orzeczenie odnoszące się do powództwa adhezyjnego jest zasadne.</xText>
          
          <xText>Podejmując próbę podważenia trafności zaskarżonego wyroku obrońca powołał się na drugorzędne okoliczności dotyczące zeznań pokrzywdzonego, bagatelizując fakt przyznania się oskarżonych w postępowaniu przygotowawczym do popełnienia zarzucanych im czynów. Z tego powodu apelacje uznano za bezzasadne w stopniu oczywistym.</xText>
          
          <xText>Mając na uwadze wszystkie powyższe okoliczności Sąd Okręgowy nie uwzględnił wniesionych apelacji i uznając je za oczywiście bezzasadne na podstawie <xLexLink xArt="art. 437;art. 437 § 1" xIsapId="WDU19970890555" xTitle="Ustawa z dnia 6 czerwca 1997 r. - Kodeks postępowania karnego" xAddress="Dz. U. z 1997 r. Nr 89, poz. 555">art. 437§1 kpk</xLexLink> zaskarżony wyro utrzymał w mocy oraz na zasadzie <xLexLink xArt="art. 624;art. 624 § 1" xIsapId="WDU19970890555" xTitle="Ustawa z dnia 6 czerwca 1997 r. - Kodeks postępowania karnego" xAddress="Dz. U. z 1997 r. Nr 89, poz. 555">art. 624§1 kpk</xLexLink> zwolnił oskarżonych od ponoszenia kosztów sądowych za postępowanie odwoławcze, uznając za dostatecznie dolegliwe obciążenia finansowe wynikające dla oskarżonych z wyroku Sądu Rejonowego.</xText>
        </xUnit>
      </xBlock>
    </xPart>
  </judgement>
<judgement id="155515000004027_VIII_Ga_000316_2013_Uz_2013-11-22_001">
    <xPart xEditorFullName="Monika Ziębakowska" xYear="2013" xLang="PL" xPublisherFullName="Monika Stachowiak" xFromPg="1" xEditor="mziebakowska" xVolType="15/551500/0004027/Ga" xPublisher="mstachowiak" xDocType="Uz" xVolNmbr="000316" xVersion="1.0" xToPage="14" xFlag="published">
      <xName>Wyrok+Uzasadnienie</xName>
      <xBlock>
        <xText>Sygnatura akt VIII Ga 316/13</xText>
        
        <xUnit xIsTitle="true" xType="part" xBold="true">
          <xName>WYROK</xName>
          <xTitle>W IMIENIU RZECZYPOSPOLITEJ POLSKIEJ</xTitle>
          <xText xALIGNx="right">Dnia 22 listopada 2013 roku</xText>
          
          <xText>
            <xBx>Sąd Okręgowy w Szczecinie VIII Wydział Gospodarczy</xBx>
          </xText>
          <xText>w składzie następującym:</xText>
          <xText>Przewodniczący: SSO Krzysztof Górski (spr.)</xText>
          <xText>Sędziowie: SO Anna Budzyńska</xText>
          <xText>SR del. Aleksandra Wójcik-Wojnowska</xText>
          <xText>Protokolant: sekr. sądowy Monika Ziębakowska</xText>
          <xText>po rozpoznaniu w dniu 22 listopada 2013 roku w Szczecinie</xText>
          <xText>na rozprawie</xText>
          <xText>sprawy z powództwa <xAnon>M. C.</xAnon></xText>
          <xText>przeciwko <xAnon> (...) spółce z ograniczoną odpowiedzialnością</xAnon> z siedzibą w <xAnon>S.</xAnon></xText>
          <xText>o zapłatę</xText>
          <xText>na skutek apelacji powoda od wyroku Sądu Rejonowego Szczecin - Centrum w Szczecinie z dnia 25 czerwca 2013 roku, sygnatura akt X GC 1296/12</xText>
          
          <xUnit xIsTitle="false" xType="none">
            <xName xSffx=".">I</xName>
            <xText>zmienia zaskarżony wyrok w ten sposób, że</xText>
          </xUnit>
          <xUnit xIsTitle="false" xType="none">
            <xName xSffx=".">1</xName>
            <xText>zasadza od pozwanej <xAnon> (...) spółki z ograniczoną odpowiedzialnością</xAnon> z siedzibą w <xAnon>S.</xAnon> na rzecz powoda <xAnon>M. C.</xAnon> kwotę 12.263,77 zł (dwunastu tysięcy dwustu sześćdziesięciu trzech złotych siedemdziesięciu siedmiu groszy) z ustawowymi odsetkami od kwot:</xText>
          </xUnit>
          <xText>- 6.017,26 zł od dnia 5 maja 2012 roku,</xText>
          <xText>- 6.246,51 zł od dnia 13 czerwca 2012 roku,</xText>
          <xText>2. oddala powództwo w pozostałym zakresie;</xText>
          <xText>3. zasądza od pozwanego na rzecz powoda kwotę 3.031 zł (trzech tysięcy trzydziestu jeden złotych) tytułem kosztów procesu;</xText>
          <xUnit xIsTitle="false" xType="none">
            <xName xSffx=".">II</xName>
            <xText>oddala apelację w pozostałym zakresie;</xText>
          </xUnit>
          <xUnit xIsTitle="false" xType="none">
            <xName xSffx=".">III</xName>
            <xText>zasądza od pozwanego na rzecz powoda kwotę 1.814 zł (jednego tysiąca ośmiuset czternastu złotych) tytułem kosztów procesu w postępowaniu apelacyjnym.</xText>
          </xUnit>
          
          <xText xALIGNx="center">
            <xIx>
    
    
    SSO A. Budzyńska SSO K. Górski SSR del. A. Wójcik-Wojnowska
  </xIx>
          </xText>
          
          <xText>Sygn. akt VIII Ga 316/13</xText>
        </xUnit>
        <xUnit xIsTitle="true" xType="part" xBold="true">
          <xName>UZASADNIENIE</xName>
          <xText>W dniu 31 sierpnia 2012 roku powód <xAnon>M. C.</xAnon> wniósł o zasądzenie od pozwanej <xAnon> (...) spółki z ograniczoną odpowiedzialnością</xAnon> w <xAnon>S.</xAnon> kwoty 12.263,77 zł z ustawowymi odsetkami i kosztami procesu. Uzasadniając żądanie powód powołał się na zawartą z pozwaną umowę obsługę prawną w zakresie sprawy zdarzenia z dnia 23 lipca 2011 roku w zamian za zapłatę wynagrodzenia w wysokości 100 dolarów za godzinę pracy plus VAT na podstawie faktury. W ramach umowy pozwana miała udzielić pełnomocnictwa radcy prawnemu <xAnon>D. S. (1)</xAnon>, który z dołożeniem należytej staranności wykonywał wszystkie czynności mające na celu rzetelne prowadzenie sprawy będącej przedmiotem umowy, co do których pozwana nie zgłaszała zastrzeżeń. Powód podał, że od lutego 2012 roku wystawiał comiesięczne faktury, przy czym od maja pozwana zaniechała dokonywania płatności. Wobec braku płatności i nieustosunkowania się do wezwań, dnia 17 sierpnia 2012 roku <xAnon>D. S. (1)</xAnon> miał wypowiedzieć pełnomocnictwo pozwanej.</xText>
          <xText>Na skutek złożonego pozwu referendarz sądowy wydał w dniu 3 października 2012 roku sprawie X GNc 2549/12 nakaz zapłaty w postępowaniu upominawczym. Pozwana <xAnon> (...) sp. z o.o.</xAnon> w <xAnon>S.</xAnon> złożyła w przepisanym terminie sprzeciw wnosząc o oddalenie powództwa oraz o zasądzenie od powoda kosztów procesu według norm przepisanych. Pozwana przyznała zawarcie umowy z powodem jednak zakwestionowała roszczenie co do zasady, jak i wysokości. Według pozwanej nie było w umowie możliwości powierzenia wykonania czynności osobie trzeciej, co jednak nastąpiło wbrew jej woli i wiedzy. Za takim powierzeniem nie przemawiał zwyczaj oraz konieczne zaufanie między radcą prawnym i klientem odnośnie umiejętności i kwalifikacji przyjmującego zlecenie. Dalej pozwana podważyła wysokość wynagrodzenia, które powinno być płatne według stawki godzinowej i na podstawie kopii faktur, rachunków i innych udokumentowanych wydatków. Ze sprzeciwu wynika, że <xAnon>faktury VAT nr (...)</xAnon> nie wskazują w sposób szczegółowy żadnej wymienionej w nich kwoty oraz części składowych, a takiego warunku nie spełnia również dołączony raport czynności. Na tej podstawie pozwana wskazała na brak rzetelnego dowodu wykonania umowy stanowiącego podstawę do wypłaty wynagrodzenia.</xText>
          
          <xText>Wyrokiem z dnia 25 czerwca 2013 roku Sąd Rejonowy Szczecin – Centrum w Szczecinie oddalił powództwo oraz zasądził od powoda na rzecz pozwanej kwotę 2417 zł tytułem zwrotu kosztów procesu.</xText>
          
          <xText>Wyrok powyższy Sąd oparł na ustaleniu, że powód <xAnon>M. C.</xAnon> prowadzi kancelarię radcy prawnego, z którą współpracuje <xAnon>D. S. (2)</xAnon>. Pozwana <xAnon> (...) sp. z o.o.</xAnon> w <xAnon>S.</xAnon> działa na rynku sprzedaży oleju napędowego. Dnia 15 grudnia 2011 roku pozwana, reprezentowana przez prokurenta samoistnego <xAnon>M. W.</xAnon> zawarła z powodem, jako zleceniobiorcą umowę zlecenia na świadczenie usług prawniczych w zakresie sprawy zdarzenia z dnia 23 lipca 2011 roku z udziałem m/v <xAnon>H.</xAnon> oraz jachtu <xAnon>M.</xAnon> S. W treści § 4 strony uzgodniły, że z tytułu wykonania umowy zleceniobiorca otrzyma wynagrodzenie netto w PLN, stanowiące równowartość 100 USD za każdą godzinę pracy przeliczoną na PLN według kursu NBP z dnia wystawienia faktury wraz z podatkiem od towarów i usług. Wynagrodzenie miało być rozliczane w okresie miesięcznym i nie obejmowało wydatków poniesionych celem należytego i starannego wykonania umowy. Wynagrodzenie i wydatki płatne były przelewem w terminie do 7 dni od daty faktury VAT. Umowa została zawarta na czas nieokreślony z możliwością rozwiązania za uprzednim jednomiesięcznym wypowiedzeniem (§ 7).</xText>
          <xText>Tego samego dnia pozwana udzieliła pełnomocnictwa radcy prawnemu z kancelarii powoda <xAnon>D. S. (1)</xAnon> do reprezentowania spółki przed wszystkimi władzami, sądami, organami i osobami w sprawie zdarzenia w dniu 23 lipca 2011 roku.</xText>
          <xText><xAnon>D. S. (1)</xAnon> wystąpił jako pełnomocnik pozwanej w postępowaniu przed Izbą Morską przy Sądzie Okręgowym w Szczecinie, sygn. akt Wm-S-32/11 dotyczącego wypadku morskiego z udziałem statku <xAnon>H.</xAnon> oraz usługi holowania i asysty do portu przez jednostki <xAnon> spółki (...) sp. z o.o.</xAnon> w <xAnon>Ś.</xAnon>. Czynności pełnomocnika, konsultowane telefonicznie lub mailowo z prokurentem pozwanej <xAnon>M. W.</xAnon> lub dyrektorem <xAnon>C. K.</xAnon> sprowadzały się do przeglądania dokumentacji sprawy, analizy prawnej zdarzenia, przygotowanie się do rozpraw i uczestnictwo w rozprawach. Przed zakończeniem sprawy <xAnon> spółka (...)</xAnon> wystąpiła wobec pozwanej z roszczeniem o zapłatę wynagrodzenia za uratowanie statku i przewożonego mienia. W takiej sytuacji do postępowania zgłosił się ubezpieczyciel statku i ładunku. Wskutek prowadzonych z udziałem <xAnon>D. S. (1)</xAnon> rozmów strony związane ze sprawą zdecydowały się na zlecenie sporządzenia ekspertyzy przez <xAnon> Akademię (...)</xAnon>. Wyniki ekspertyzy zostały przedstawione w kwietniu 2012 roku Ubezpieczyciel ładunku odmówił wypłaty odszkodowania.</xText>
          <xText>Tytułem świadczenia usług prawnych i kosztów obsługi prawnej w miesiącu lutym 2012 roku powód obciążył pozwaną fakturą VAT z dnia 28 lutego 2012 roku na kwotę 8 945,57 zł, płatną do 6 marca 2012 roku, uregulowaną dnia 12 marca 2012 roku. Wysokość należności z faktury wynikała z dołączonego zestawienia kosztów i raportu czynności. Za marzec 2012 roku powód wystawił pozwanej fakturę VAT z dnia 29 marca 2012 roku opiewającą na kwotę 8 216,46 zł. Pozwana zapłaciła powodowi sumę należności z faktury i not obciążeniowych nr 07/02/2012, 06/03/2012 dnia 13 kwietnia 2012 roku.</xText>
          <xText>W ramach rozliczenia umowy za miesiąc kwiecień 2012 roku powód naliczył należność pozwanej w wysokości 6.017,26 zł, z terminem płatności do 3.05.2012 r. zgodnie z <xAnon>fakturą VAT nr (...)</xAnon> z dnia 26 kwietnia 2012 roku. Zgodnie ze sporządzonym rozliczeniem wynagrodzenie powoda wynikało z poświęconego czasu pracy 15,33 h i wynosiło 4.855,78 zł netto, zaś zwrot wydatków zamknął się w kwocie 36,30 zł netto. Czynności pełnomocnika opisane w raporcie uwzględniały m. in. przygotowanie do rozprawy w Izbie Morskiej, uczestnictwo w rozprawie, spotkaniach oraz sporządzanie pism i e-maili oraz analizę opinii. W maju 2012 roku należność powoda względem pozwanej przedstawiona w treści <xAnon>faktury VAT nr (...)</xAnon> wyniosła 6.246,51 zł i dotyczyła wynagrodzenia za 14,52 godz. pracy w wysokości 5.014,48 zł netto oraz zwrot wydatków na 63,98 zł.</xText>
          <xText>W wiadomości mailowej z 11 czerwca 2012 roku, <xAnon>D. S. (1)</xAnon> zwrócił się do przedstawiciela pozwanej o uregulowanie wynagrodzenia i zaległych rachunków. Ponadto skontaktował się telefonicznie z <xAnon>C. K.</xAnon> w kwestii uregulowania faktur. Po zweryfikowaniu przez zarząd faktur i raportów z pracy pełnomocnika, pozwana nie znalazła podstaw do wypłacenia wynagrodzenia powodowi.</xText>
          <xText>Pismem z dnia 2 sierpnia 2012 roku powód wezwał pozwaną do uregulowania kwoty 12.263,77 zł z <xAnon>faktur nr (...)</xAnon> wraz z odsetkami w nieprzekraczalnym terminie 7 dni. Ze względu na brak zapłaty, z dniem 7 sierpnia 2012 roku <xAnon>D. S. (1)</xAnon> wypowiedział pozwanej pełnomocnictwo udzielone dnia 15 grudnia 2011 roku.</xText>
          
          <xText>Przystępując do rozważań Sąd stwierdził, że powództwo okazało się niezasadne.</xText>
          <xText>Roszczenie strony powodowej wynikało z umowy zlecenia na prowadzenia obsługi prawnej zawartej z pozwaną w dniu 15 grudnia 2011 roku. Sąd zakwalifikował umowę łączącą strony jako umowę zlecenia w rozumieniu <xLexLink xArt="art. 734;art. 734 § 1" xIsapId="WDU19640160093" xTitle="Ustawa z dnia 23 kwietnia 1964 r. - Kodeks cywilny" xAddress="Dz. U. z 1964 r. Nr 16, poz. 93">art. 734 § 1 k.c.</xLexLink></xText>
          <xText>Opierając się na treści umowy oraz realiach badanej sprawy należało przyjąć, że przedmiotowy stosunek zobowiązaniowy nosi cechy umowy zlecenia w rozumieniu <xLexLink xArt="art. 734;art. 734 § 1" xIsapId="WDU19640160093" xTitle="Ustawa z dnia 23 kwietnia 1964 r. - Kodeks cywilny" xAddress="Dz. U. z 1964 r. Nr 16, poz. 93">art. 734 § 1 k.c.</xLexLink>, wedle którego przez umowę zlecenia przyjmujący zlecenie zobowiązuje się do dokonania określonej czynności prawnej dla dającego zlecenie. Zlecenie może dotyczyć zarówno czynności prawnej z zakresu prawa materialnego, jak i czynności procesowych.</xText>
          <xText>Przedmiot sporu koncentrował się wokół wykonania przez powoda usług w kwietniu i maju 2012 roku, które uzasadniałyby żądanie wynagrodzenia.</xText>
          <xText>Sąd wskazał, że chybione było stanowisko pozwanej kwestionujące możliwość powierzenia wykonywania zlecenia radcy prawnemu zatrudnionemu w kancelarii powoda. Możliwość taka wynikała bowiem z <xLexLink xArt="art. 738;art. 738 § 1" xIsapId="WDU19640160093" xTitle="Ustawa z dnia 23 kwietnia 1964 r. - Kodeks cywilny" xAddress="Dz. U. z 1964 r. Nr 16, poz. 93">art. 738 § 1 k.c.</xLexLink> Bez wnikania w rozważania, czy radca działający w kancelarii powoda jest osobą trzecią w rozumieniu przywołanego przepisu Sąd zauważa, że w dniu zawarcia umowy prokurent pozwanej udzielił pełnomocnictwa radcy <xAnon>D. S. (1)</xAnon> do działania za pozwaną w sprawie tożsamej z przedmiotem zlecenia. Istnienie i zakres umocowania przesądza w zasadzie wniosek o pełnej wiedzy i akceptacji pozwanej na brak osobistego świadczenia obsługi prawnej przez powoda, zważywszy, że czynności radcy <xAnon>D. S. (1)</xAnon> były konsultowane z przedstawicielami pozwane.</xText>
          <xText>Sąd stwierdził natomiast, że powód nie wykazał wysokości przysługującego mu wynagrodzenia, zgodnie z regułami wynikającymi z <xLexLink xArt="art. 6" xIsapId="WDU19640160093" xTitle="Ustawa z dnia 23 kwietnia 1964 r. - Kodeks cywilny" xAddress="Dz. U. z 1964 r. Nr 16, poz. 93">art. 6 k.c.</xLexLink> W ocenie Sądu przyjęcie po stronie powoda uprawnienia do żądania zapłaty całości wynagrodzenia wymagało ustalenia zakresu jego zobowiązania wynikającego z umowy zlecania, a następnie porównania tego zobowiązania z czynnościami rzeczywiście wykonanymi. Zgodnie z treścią zlecenia powód był zobowiązany do prowadzenia obsługi prawnej na rzecz pozwanej w sprawie zdarzenia z dnia 23 lipca 2011 roku. Do pewnego czasu obsługa prawna była wykonywana przez pełnomocnika na rzecz pozwanej zgodnie z zawartą umową. W kontekście możliwości dochodzenia wynagrodzenia należy przypisać decydujące znaczenie postanowieniom umowy w tej materii. W umowie strony uzgodniły, że z tytułu wykonania umowy zleceniobiorca otrzyma wynagrodzenie netto w PLN, stanowiące równowartość 100 USD za każdą godzinę pracy przeliczoną na PLN według kursu NBP z dnia wystawienia faktury wraz z podatkiem od towarów i usług. Wynagrodzenie miało być rozliczane w okresie miesięcznym i nie obejmowało wydatków poniesionych celem należytego i starannego wykonania umowy.</xText>
          <xText>Przyjęcie umowie stawki godzinowej skutkowało tym, iż wysokość wynagrodzenia była uzależniona od rzeczywistego nakładu pracy pełnomocnika. Czas pracy poświęcony na konkretne czynności stanowił zatem podstawowy wyznacznik wynagrodzenia powoda.</xText>
          <xText>Pozwana podważyła kategorycznie zasadność wynagrodzenia udokumentowanego fakturami, w związku z czym dla zweryfikowania zasadności roszczenia było ustalenie, jakiego rodzaju i w jakim czasie czynności wykonywał pełnomocnik <xAnon>D. S. (1)</xAnon>. Na okoliczność dokonania konkretnych działań przez pełnomocnika powód zawnioskował dowody z rozliczenia kosztów i wydruków raportów czynności stanowiących załącznik do faktury. Sąd jednak uznał, że samo wymienienie czynności pełnomocnika i przypisanie im konkretnych jednostek czasu pracy w treści raportów nie przekonuje jeszcze o tym, że dokładnie tego rodzaju działania były przez pełnomocnika podejmowane.</xText>
          <xText>W świetle przeciwnych zeznań współpracownika powoda <xAnon>D. S. (1)</xAnon> i pracowników, przedstawicieli pozwanej Sąd nie był w stanie rozstrzygnąć, kiedy doszło do zaprzestania świadczenia obsługi prawnej powoda na rachunek pozwanej. W każdym bądź razie jeżeli pozwana podważyła słuszność wynagrodzenia w danym okresie, zdaniem Sądu nic nie stało na przeszkodzie dla wykazania przez powoda nakładu i czasu pracy pełnomocnika za pomocą bardziej miarodajnych środków dowodowych pozwalających odnieść się do poszczególnych czynności. Zaprezentowanie wyników pracy pełnomocnika w postaci protokołów rozpraw, sporządzanych pism, notatek i wiadomości mailowych pozwalałoby na zweryfikowanie istnienia i wysokości roszczenia. Powód zaniechał inicjatywy dowodowej w tym kierunku, mimo zarzutów pozwanej, co przemawiało na jego niekorzyść.</xText>
          <xText>O kosztach postępowania Sąd rozstrzygnął na podstawie <xLexLink xArt="art. 98" xIsapId="WDU19640430296" xTitle="Ustawa z dnia 17 listopada 1964 r. - Kodeks postępowania cywilnego" xAddress="Dz. U. z 1964 r. Nr 43, poz. 296">art. 98 k.p.c.</xLexLink></xText>
          
          <xText>Wyrok powyższy zaskarżył powód w całości, wskazując, że zarzuty apelacji stanowią:</xText>
          
          <xText>1. Zarzut faktyczny polegający na niezgodności ustaleń faktycznych z materiałem dowodowym zebranym w toku postępowania, w szczególności poprzez ustalenie, iż nie ma podstaw do przyjęcia, że powód wykonał łączącą strony umowę prawidłowo, tj. świadczył usługi, za które domaga się wynagrodzenia, przez co zarzut pozwanej kwestionujący istnienie po stronie pozwanej obowiązku zapłaty wynagrodzenia za wykonanie przez powoda postanowień łączącej strony umowy z dnia 15 grudnia 2011 roku jest zasadny,</xText>
          
          <xText>2. Zarzut naruszenia prawa materialnego, a mianowicie <xLexLink xArt="art. 735" xIsapId="WDU19640160093" xTitle="Ustawa z dnia 23 kwietnia 1964 r. - Kodeks cywilny" xAddress="Dz. U. z 1964 r. Nr 16, poz. 93">art. 735 k.c.</xLexLink> polegające na jego błędnej wykładni poprzez przyjęcie, że pozwana nie jest zobowiązana do uiszczenia na rzecz powoda żadnych kwot należności z tytułu wynagrodzenia za świadczone usługi, pomimo ustalenia, że r.pr. <xAnon>D. S. (1)</xAnon>, świadcząc usługi we współpracy z powodem na rzecz pozwanej, za jej aprobatą, wystąpił między innymi, co najmniej jako pełnomocnik pozwanej, w postępowaniu przed Izbą Morską przy Sądzie Okręgowym w Szczecinie, sygn. akt: Wm-S-32/11, zaś zlecane między innymi w tym zakresie „czynności pełnomocnika, konsultowane telefonicznie lub mailowo z prokurentem pozwanej <xAnon>M. D.</xAnon> lub dyrektorem <xAnon>C. K.</xAnon> sprowadzały się do przeglądania dokumentacji sprawy, analizy prawnej zdarzenia, przygotowania się do rozpraw i uczestnictwo w rozprawach”,</xText>
          
          <xText>3. Zarzut naruszenia prawa procesowego w odniesieniu do: <xLexLink xArt="art. 233;art. 233 § 1" xIsapId="WDU19640430296" xTitle="Ustawa z dnia 17 listopada 1964 r. - Kodeks postępowania cywilnego" xAddress="Dz. U. z 1964 r. Nr 43, poz. 296">art. 233 § 1 k.p.c.</xLexLink> poprzez przekroczenie granic swobodnej oceny dowodów polegające na dokonaniu oceny dowodów::</xText>
          
          <xText>a. w sposób niewszechstronny, tj. z pominięciem dowodu z zeznań r.pr. <xAnon>D. S. (1)</xAnon> oraz złożonych przez powoda dokumentów wraz z pozwem w postaci rozliczenia kosztów i raportów czynności, a w konsekwencji przyjęcie, iż powód nie zdołał wykazać zasadności ani wysokości roszczenia, pomimo, że uwzględnienie tych dowodów mogłoby doprowadzić do zupełnie innej - odmiennej w stosunku do przyjętej przez Sąd - oceny materiału dowodowego,</xText>
          
          <xText>b. w sposób dowolny oraz sprzeczny z zasadami logicznego wnioskowania, nie uwzględniający jednoznacznych, praktycznych związków przyczynowo - skutkowych w odniesieniu do materiału dowodowego w zakresie wykonania przez powoda na rzecz pozwanej usług objętych fakturami VAT dołączonymi do pozwu, mimo, iż zeznania świadków strony pozwanej oraz świadka r.pr. <xAnon>D. S. (1)</xAnon> i przedłożone przez powoda dokumenty nie pozostają w rzekomej sprzeczności, co de facto umożliwiało ustalenie kiedy doszło do zakończenia świadczenia pomocy prawnej na rzecz pozwanej przez powoda, zwłaszcza, że z zeznań świadka <xAnon>Ł. K.</xAnon> wynika, że w ogóle nie zna on sprawy, zaś zeznania świadka <xAnon>C. K.</xAnon> potwierdzają zeznania świadka r.pr. <xAnon>D. S. (1)</xAnon>, a na pewno nie są z nimi sprzeczne,</xText>
          
          <xText>c. w sposób dowolny oraz sprzeczny z zasadami logicznego wnioskowania, nie uwzględniający faktu, że okoliczności sprawy, niebudzące wcześniej wątpliwości Sądu I Instancji, wskutek czego wydano dnia 3 października 2012 roku nakaz zapłaty w postępowaniu upominawczym, nie uległ zmianie w stopniu wystarczającym do oddalenia powództwa, podczas, gdy pozwana w trakcie postępowania nie przedłożyła dowodów uzasadniających podniesione przez pozwaną zarzuty, zaś zeznania świadka r.pr. <xAnon>D. S. (1)</xAnon> potwierdziły w toku postępowania, dodatkowo zasadność roszczenia sprecyzowanego w pozwie.</xText>
          
          <xText>d. <xLexLink xArt="art. 328;art. 328 § 2" xIsapId="WDU19640430296" xTitle="Ustawa z dnia 17 listopada 1964 r. - Kodeks postępowania cywilnego" xAddress="Dz. U. z 1964 r. Nr 43, poz. 296">art. 328 § 2 k.p.c.</xLexLink> poprzez niewskazanie w uzasadnieniu wyroku przyczyn, dla których Sąd I instancji odmówił wiarygodności i mocy dowodowej przeprowadzonym dowodom: dokumentom w postaci faktur VAT wraz z dołączonymi do nich notami obciążeniowymi i raportami z czynności wykonywanych w toku realizacji umowy będącej podstawą sporu oraz z ponoszonych kosztów, a także zeznaniom świadka r.pr. <xAnon>D. S. (1)</xAnon>, podczas gdy dowody te jednoznacznie wykazują zasadność powództwa.</xText>
          
          <xText>Podnosząc powyższe zarzuty skarżący wniósł o zmianę zaskarżonego orzeczenia w poprzez uwzględnienie powództwa w całości, zasądzenie od pozwanej na rzecz powoda kosztów procesu, w tym kosztów zastępstwa procesowego według norm przepisanych, ewentualnie o uchylenie zaskarżonego wyroku w całości i przekazanie sprawy do ponownego rozpoznania Sądowi I Instancji i rozstrzygnięcia o kosztach procesu, w tym kosztach zastępstwa procesowego, według norm przepisanych.</xText>
          <xText>W uzasadnieniu skarżący wskazał, że ani sposób wykonywania umowy przez przyjmującego zlecenie, ani zasadność dokonywanych czynności oraz ponoszonych kosztów nigdy nie były przez pozwaną kwestionowane. Powód przez cały okres trwania umowy, aż do wypowiedzenia pełnomocnictwa z niezmiennie należytą starannością wykonywał czynności z zakresu obsługi prawnej będące przedmiotem umowy, co więcej za kolejne dwa okresy rozliczeniowe przedstawił pozwanej faktury VAT oraz raporty czynności w identyczny sposób jak to miało miejsce w przypadku dwóch pierwszych, niekwestionowanych i w pełni opłaconych faktur.</xText>
          <xText>Sąd pierwszej instancji błędnie uznał, że jedynie do pewnego czasu obsługa prawna była wykonywana przez pełnomocnika na rzecz pozwanej zgodnie z zawartą umową. Powód niezmiennie przez cały okres trwania umowy wykonywał na rzecz pozwanej obsługę prawną w sposób w pełni zgodny z przedmiotową umową.</xText>
          <xText>W toku postępowania przed Sądem I instancji powód przedstawił szereg dokumentów potwierdzających zasadność oraz wysokość dochodzonego roszczenia, w szczególności faktury VAT, noty obciążeniowe oraz raporty czynności pełnomocnika stanowiące podstawę ustalenia rzeczywistego czasu pracy pełnomocnika, a w rezultacie obliczanego według stawki godzinowej wynagrodzenia.</xText>
          <xText>O braku rzeczowego podejścia pozwanej do powyższej kwestii świadczą także rozbieżności pomiędzy zeznaniami świadka <xAnon>C. K.</xAnon> a wyjaśnieniami <xAnon>J. B. (1)</xAnon> w kontekście prowadzenia przez pełnomocnika negocjacji z <xAnon> firmą (...)</xAnon>.</xText>
          <xText>Pełnomocnik r.pr. <xAnon>D. S. (1)</xAnon> w istocie prowadził w imieniu pozwanej negocjacje ze <xAnon> spółką (...)</xAnon>, czego odzwierciedleniem jest m.in. raport czynności za ostatni okres rozliczeniowy. Sąd I instancji pominął w całości dowód z dokumentu w postaci raportu czynności, mimo iż prawdziwość przedstawionych w nim danych potwierdził nie tylko swoimi zeznaniami świadek r.pr. <xAnon>D. S. (1)</xAnon>, ale również przedstawiciel pozwanej - <xAnon>J. B. (1)</xAnon>. Przy sporządzaniu raportów dochowuje się należytej staranności i rzetelnie odzwierciedla rzeczywisty czas poświęcony na wykonanie danych czynności, gdyż stanowi to element wykonywanego zawodu radcy prawnego, będącego zawodem zaufania publicznego. Sąd I instancji nie tylko z niewiadomych przyczyn odmówił wiarygodności dokumentom sporządzonym przez powoda, ale także złożonym przez r.pr. <xAnon>D. S. (1)</xAnon> zeznaniom. Sąd całkowicie pominął zeznania świadka r.pr. <xAnon>D. S. (1)</xAnon>, które w całości potwierdzały zakres uwidocznionych w raportach czynności oraz fakt rzeczywistego ich wykonania, czym dopuścił się istotnego przekroczenia granic swobodnej oceny materiału dowodowego zgromadzonego w sprawie.</xText>
          <xText>Uznając, że zeznania świadków stoją ze sobą w sprzeczności Sąd nie uwzględnił, że świadkowie <xAnon>Ł. K.</xAnon> jak i <xAnon>C. K.</xAnon> nie mieli bezpośredniej wiedzy na ten temat a jedynie czerpali ją z informacji przekazywanych im przez reprezentanta pozwanej. Co do zeznań <xAnon>J. B. (2)</xAnon> skarżący zwrócił uwagę, że nie miał on interesu w informowaniu pracowników o uchylaniu się od uregulowania należności z tytułu świadczonej obsługi prawnej, a ponadto stopień zorientowania <xAnon>J. B. (1)</xAnon> w sprawie był znikomy, gdyż jak sam zeznał, nie czytał umowy zlecenia. Nadto przyznał, że zapoznał się raportem czynności, który dopiero został dołączony do pozwu. W tym kontekście nie sposób uznać za prawdziwe twierdzenie, jakoby <xAnon>J. B. (1)</xAnon> podjął decyzję o odmowie zapłaty wynagrodzenia po dokonaniu wraz z pracownikiem <xAnon>C. K.</xAnon> analizy raportu czynności i uznaniu ich za niezasadne czy pozorowane.</xText>
          <xText>Biorąc pod uwagę fakt, iż kwestia oceny owych dowodów stanowiła podstawę rozstrzygnięcia Sądu I instancji, pominięcie ich podczas wyrokowania wymaga szczególnie rzeczowego uzasadniania, a jego brak stanowi poważną obrazę przepisów postępowania, w szczególności <xLexLink xArt="art. 328;art. 328 § 2" xIsapId="WDU19640430296" xTitle="Ustawa z dnia 17 listopada 1964 r. - Kodeks postępowania cywilnego" xAddress="Dz. U. z 1964 r. Nr 43, poz. 296">art. 328 § 2 k.p.c.</xLexLink> Wskazanie jednoznacznego kryterium oraz argumentacji przemawiającej za dokonaną przez Sąd oceną materiału dowodowego jest niezbędne dla umożliwienia jej weryfikacji zarówno przez skarżącego jak i Sąd II instancji.</xText>
          <xText>Nie sposób przede wszystkim zgodzić się z twierdzeniem Sądu I instancji jakoby osobiście sporządzony przez powoda raport, z wyszczególnieniem każdej z dokonanych przez niego czynności oraz czasu poświęconego na jej wykonanie, a następnie potwierdzenie tych faktów w toku przesłuchania r.pr. <xAnon>D. S. (1)</xAnon> w charakterze świadka, nie stanowił miarodajnego środka dowodowego. W stosunku do niektórych czynności pełnomocnika, takich jak analiza pisma czy przygotowywanie strategii negocjacyjnej nie sposób nawet wyobrazić sobie innego środka dowodowego niż zeznanie danego pełnomocnika w charakterze świadka.</xText>
          <xText>Brak spójności pomiędzy zeznaniami świadków <xAnon>Ł. K.</xAnon>, <xAnon>C. K.</xAnon> oraz wyjaśnieniami <xAnon>J. B. (1)</xAnon>, a także brak wewnętrznej spójności owych wyjaśnień, w świetle całkowicie zgodnych i spójnych wniosków płynących z przeprowadzonych na wniosek powoda dowodów w żadnym stopniu nie uzasadniania dokonanej przez Sąd 1 instancji oceny materiału dowodowego i stanowi ewidentne naruszenie <xLexLink xArt="art. 233;art. 233 § 1" xIsapId="WDU19640430296" xTitle="Ustawa z dnia 17 listopada 1964 r. - Kodeks postępowania cywilnego" xAddress="Dz. U. z 1964 r. Nr 43, poz. 296">art. 233 § 1 k.p.c.</xLexLink></xText>
          <xText>Odnosząc się do zarzutu naruszenia prawa materialnego w postaci <xLexLink xArt="art. 735" xIsapId="WDU19640160093" xTitle="Ustawa z dnia 23 kwietnia 1964 r. - Kodeks cywilny" xAddress="Dz. U. z 1964 r. Nr 16, poz. 93">art. 735 k.c.</xLexLink> skarżący wskazał, że polegało ono na błędnej wykładni poprzez przyjęcie, że pozwana nie jest zobowiązana do uiszczenia na rzecz powoda żadnych kwot należności z tytułu wynagrodzenia za świadczone usługi. W istocie bowiem, <xLexLink xArt="art. 735;art. 735 § 1" xIsapId="WDU19640160093" xTitle="Ustawa z dnia 23 kwietnia 1964 r. - Kodeks cywilny" xAddress="Dz. U. z 1964 r. Nr 16, poz. 93">art. 735 § 1 k.c.</xLexLink> wprowadza zasadę odpłatności, która zostaje uchylona wówczas, jeżeli strony zastrzegły w umowie, że zlecenie zostanie wykonane nieodpłatnie lub też na nieodpłatny charakter zobowiązania wskazują okoliczności.</xText>
          <xText>Skarżący podkreślił także, że pozwana w trakcie postępowania nie przedłożyła dowodów uzasadniających podniesione przez pozwaną zarzuty. Sąd a quo dokonał faktycznie uznania w zaskarżonym wyroku, że roszczenie zawarte w pozwie pozostaje oczywiście bezzasadne, a przytoczone okoliczności budzą uzasadnione wątpliwości, pomimo wcześniejszego wykluczenia istnienia tych przesłanek i wydania w niniejszej sprawie nakazu zapłaty w postępowaniu upominawczym. Stosownie jednak do przepisów <xLexLink xArt="" xIsapId="WDU19640430296" xTitle="Ustawa z dnia 17 listopada 1964 r. - Kodeks postępowania cywilnego" xAddress="Dz. U. z 1964 r. Nr 43, poz. 296">k.p.c.</xLexLink> w przypadku zaistnienia oczywistej bezzasadności zgłoszonego roszczenia lub wątpliwości w odniesieniu do przytoczonych w pozwie okoliczności nie jest możliwym wydanie nakazu zapłaty. Roszczenie jest oczywiście bezzasadne, jeżeli już z treści pozwu wynika wyraźnie, że powodowi nie przysługuje prawo żądania od pozwanego określonego świadczenia na podstawie przytoczonych okoliczności faktycznych (decydujące są tutaj przepisy prawa materialnego).</xText>
          <xText>W analizowanej sprawie Sąd I Instancji wydał dnia 3 października 2012 roku nakaz zapłaty w postępowaniu upominawczym, obligujący pozwaną do zapłaty całej sumy objętej roszczeniem wskazanym w pozwie. Sąd Rejonowy nie miał zatem żadnych wątpliwości, że powodowi przysługuje prawo żądania od pozwanej całości świadczenia na podstawie przytoczonych w pozwie okoliczności sprawy. Dość niezwykły wydaje się w tym kontekście fakt, iż dopiero w zaskarżonym wyroku dostrzeżono, że roszczenie powoda nie zostało należycie udowodnione, za pośrednictwem miarodajnych środków dowodowych.</xText>
          
          <xText>
            <xBx>Sąd Okręgowy zważył, co następuje: </xBx>
          </xText>
          
          <xText>Apelacja w znacznej części okazała się uzasadniona, choć nie wszystkie podniesione w niej zarzuty zasługiwały na uwzględnienie.</xText>
          <xText>Odnosząc się w pierwszej kolejności do poczynionych przez Sąd I instancji ustaleń faktycznych, to wskazać należy, że w świetle materiału procesowego zebranego w sprawie ustalenia te są trafne i znajdują oparcie w treści dowodów z dokumentów i zeznań przesłuchanych w sprawie osób. Sąd prawidłowo ustalił, że strony łączyła umowa zlecenia z dnia 15 grudnia 2011 roku, jak również, że w jej wykonaniu pozwaną reprezentował radca prawny <xAnon>D. S. (1)</xAnon>. Nie budzi wątpliwości dokonane przez Sąd ustalenie co do rodzaju czynności podjętych przez pełnomocnika w lutym i marcu 2012 roku i wysokość należnego mu z tego tytułu wynagrodzenia.</xText>
          <xText>Sąd jednak z naruszeniem <xLexLink xArt="art. 233;art. 233 § 1" xIsapId="WDU19640430296" xTitle="Ustawa z dnia 17 listopada 1964 r. - Kodeks postępowania cywilnego" xAddress="Dz. U. z 1964 r. Nr 43, poz. 296">art. 233 § 1 k.p.c.</xLexLink> ocenił dowody w postaci raportów czynności za kwiecień i maj 2012 roku, spornych faktur VAT, a przede wszystkim zeznań <xAnon>D. S. (1)</xAnon> i uznał na podstawie takiej wadliwej oceny dowodów, że powód nie wykazał zasadności powództwa (obejmującego zapłatę za usługi świadczone w kwietniu i maju 2013 roku). Szczegółowe ustalenia i ocena tych faktów zostaną zaprezentowane w toku wywodów dotyczących zarzutów apelacji.</xText>
          
          <xText>Ocena prawna dokonana przez Sąd I instancji, w szczególności w zakresie kwalifikacji prawnej umowy (umowa zlecenia) oraz interpretacji w świetle okoliczności sprawy <xLexLink xArt="art. 738;art. 738 § 1" xIsapId="WDU19640160093" xTitle="Ustawa z dnia 23 kwietnia 1964 r. - Kodeks cywilny" xAddress="Dz. U. z 1964 r. Nr 16, poz. 93">art. 738 § 1 k.c.</xLexLink> nie budzi zastrzeżeń i nie wymaga ponownej prezentacji przez Sąd Okręgowy.</xText>
          
          <xText>Apelacja została oparta przede wszystkim na trafnym zarzucie naruszenia <xLexLink xArt="art. 233;art. 233 § 1" xIsapId="WDU19640430296" xTitle="Ustawa z dnia 17 listopada 1964 r. - Kodeks postępowania cywilnego" xAddress="Dz. U. z 1964 r. Nr 43, poz. 296">art. 233 § 1 k.p.c.</xLexLink> i powiązanym z nim zarzucie błędnego ustalenia stanu faktycznego w zakresie dotyczącym wykonywania przez powoda umowy w kwietniu i maju 2012 roku, a także na zarzucie naruszenia <xLexLink xArt="art. 328;art. 328 § 2" xIsapId="WDU19640430296" xTitle="Ustawa z dnia 17 listopada 1964 r. - Kodeks postępowania cywilnego" xAddress="Dz. U. z 1964 r. Nr 43, poz. 296">art. 328 § 2 k.p.c.</xLexLink>, który miały ścisły związek z zarzutami wyżej wymienionymi i wreszcie również – na zarzucie naruszenia prawa materialnego, który w realiach sprawy był jednak bezprzedmiotowy.</xText>
          
          <xText>W orzecznictwie przyjmuje się, że skuteczne postawienie zarzutu naruszenia <xLexLink xArt="art. 233;art. 233 § 1" xIsapId="WDU19640430296" xTitle="Ustawa z dnia 17 listopada 1964 r. - Kodeks postępowania cywilnego" xAddress="Dz. U. z 1964 r. Nr 43, poz. 296">art. 233 § 1 k.p.c.</xLexLink> wymaga wykazania, że sąd uchybił zasadom logicznego rozumowania lub doświadczenia życiowego, to bowiem jedynie może być przeciwstawione uprawnieniu sądu do dokonywania swobodnej oceny dowodów. Nie jest natomiast wystarczające przekonanie strony o innej niż przyjął sąd wadze (doniosłości) poszczególnych dowodów i ich odmiennej ocenie niż ocena sądu.</xText>
          <xText>W niniejszej sprawie skarżący wykazał naruszenie przez Sąd Rejonowy paradygmatu oceny wynikającego z <xLexLink xArt="art. 233;art. 233 § 1" xIsapId="WDU19640430296" xTitle="Ustawa z dnia 17 listopada 1964 r. - Kodeks postępowania cywilnego" xAddress="Dz. U. z 1964 r. Nr 43, poz. 296">art. 233 § 1 k.p.c.</xLexLink> (wykazał, że Sąd I instancji pominął w swojej ocenie istotne dla rozstrzygnięcia wnioski wynikające z konkretnych dowodów nie przedstawiając takich okoliczności które podważałyby czy to wiarygodność czy też moc dowodową tych dowodów). Skarżący skrupulatnie przeanalizował zebrane w sprawie dowody, w szczególności z zeznań świadków i przesłuchania strony pozwanej, które stanowiły, obok prywatnych dowodów z dokumentów przedłożonych przez powoda – najważniejsze w sprawie źródło wiedzy o faktach istotnych dla rozstrzygnięcia sprawy, a następnie wyciągnął z nich logiczne wnioski i trafnie przeciwstawił je stanowisku Sądu Rejonowego.</xText>
          
          <xText>Przed wyjaśnieniem przyczyn, dla których Sąd Okręgowy po analizie materiału dowodowego poczynił dodatkowe ustalenia faktyczne, co skutkowało w efekcie uwzględnieniem powództwa, należy przedstawić pewne uwagi natury ogólnej związane z obowiązkami procesowymi stron i konsekwencjami wynikającymi z ich niedopełniania.</xText>
          
          <xText>Mianowicie zgodnie z <xLexLink xArt="art. 6" xIsapId="WDU19640160093" xTitle="Ustawa z dnia 23 kwietnia 1964 r. - Kodeks cywilny" xAddress="Dz. U. z 1964 r. Nr 16, poz. 93">art. 6 k.c.</xLexLink> ciężar udowodnienia faktu spoczywa na osobie, która z faktu tego wywodzi skutki prawne. W orzecznictwie przyjmuje się, że w procesie cywilnym strony mają obowiązek twierdzenia i dowodzenia tych wszystkich okoliczności (faktów), które stosownie do <xLexLink xArt="art. 227" xIsapId="WDU19640430296" xTitle="Ustawa z dnia 17 listopada 1964 r. - Kodeks postępowania cywilnego" xAddress="Dz. U. z 1964 r. Nr 43, poz. 296">art. 227 k.p.c.</xLexLink> mogą być przedmiotem dowodu. Reguły rozkładu ciężaru dowodu, stosowane przez Sąd w fazie wyrokowania, mają fundamentalne znaczenie dla dokonania prawidłowej oceny wykonania przez każdą ze stron obowiązku dowodzenia w zakresie przesłanek uzasadniających roszczenie lub zwalniających stronę pozwaną od konieczności jego spełnienia. Obowiązkiem Sądu jest ustalenie, czy strona inicjująca proces wykazała okoliczności faktyczne, których zaistnienie determinuje możliwość jego skutecznego wpisania (subsumcji) w odpowiednią podstawę prawną. Jeśli ustalenia takiego dokonać nie można, to fakt ten samoistnie niweczy zasadność powództwa i to niezależnie od tego, czy pozwany z kolei udowodnił podstawy faktyczne przyjętej linii obrony czy też nie (wyrok Sądu Apelacyjnego w Szczecinie z dnia 4 października 2012 roku, I ACa 510/12, Lex nr 1237866).</xText>
          <xText>Jeżeli jednak przedstawione przez stronę powodową dowody wskazują, że fakty stanowiące podstawę jej roszczenia miały rzeczywiście miejsce, to samo jedynie gołosłowne zaprzeczenie przez pozwanego przedstawionym przez stronę inicjująca proces twierdzeniom nie może stanowić wystarczającej podstawy oddalenia powództwa. Pozwanego bowiem w takim samym zakresie jak powoda obciąża obowiązek dowodzenia faktów, z których wywodzi skutki prawne. Kwestia prawidłowego wyważenia rozkładu ciężaru dowodu nabiera szczególnego znaczenia w sytuacji, gdy twierdzenia przesłuchanych na wniosek strony pozwanej osób pozostają w jawnej sprzeczności, a brak jest jakichkolwiek innych dowodów zaprzeczających wiarygodnie twierdzeniom powoda, które zostały wykazane dowodami z dokumentów prywatnych i zeznaniami świadka, wykonującego zawód zaufania publicznego.</xText>
          
          <xText>Odnosząc powyższe do realiów niniejszej sprawy stwierdzić trzeba, że powód dochodził zapłaty wynagrodzenia za świadczenie pozwanemu pomocy prawnej w kwietniu i maju 2012 roku. Do pozwu powód dołączył dowody w postaci umowy zlecenia z dnia 15 grudnia 2011 roku, faktur VAT za luty, marzec, kwiecień i maj 2012 roku wraz z dołączonymi do nich raportami czynności podjętych w danym miesiącu i rozliczeniem kosztów za poszczególne miesiące, a także paragony, noty obciążeniowe, maila z dnia 11 czerwca 2012 roku i wezwanie do zapłaty. Nadto zawnioskował o przeprowadzenie dowodu z przesłuchania pełnomocnika prowadzącego sprawę - tj. radcy prawnego <xAnon>D. S. (1)</xAnon> na okoliczność podejmowanych przez niego w wykonaniu umowy czynności.</xText>
          <xText>Analizując powyższe dowody Sąd I instancji wskazał, że ponieważ pozwana kategorycznie zaprzeczyła zasadności wynagrodzenia udokumentowanego fakturami, to dla zweryfikowania zasadności powództwa istotne znaczenie miało ustalenie jakiego rodzaju i w jakim czasie czynności wykonywał pełnomocnik. Konkluzja ta jest oczywiście trafna, brak jest jednak w pisemnych motywach wyroku wyłuszczenia przyczyn, dla których Sąd uznał za niewystarczające do przeprowadzenia weryfikacji w powyższym zakresie zeznania <xAnon>D. S. (1)</xAnon>, które korelowały z treścią raportów czynności dołączonych do faktur złożonych przy pozwie.</xText>
          <xText>Nie jest wystarczające, w ocenie Sądu Okręgowego lakoniczne stwierdzenie, że zeznania tego świadka i pracowników oraz przedstawicieli pozwanej były przeciwne, co uniemożliwiało rozstrzygnięcie, kiedy doszło do zaprzestania obsługi prawnej świadczonej na rzecz pozwanej. Twierdzenie to nie czyni zadość wymogowi dokonania oceny dowodów. Sąd de facto nie wyjaśnił w uzasadnieniu czy przypisał zeznaniom świadka <xAnon>S.</xAnon> walor wiarygodności czy też nie, a jeśli uznał że świadek nie zeznawał prawdy – jakie były powody takiego stanowiska .</xText>
          <xText>Tymczasem analiza zeznań tego świadka w zestawieniu z pozostałym zgromadzonym materiałem dowodowym, daje podstawę do stwierdzenia, że jego zeznania są wiarygodne i obrazują zakres podjętych czynności, ich rodzaj i czas ich wykonywania. Świadek rzeczowo i logicznie przedstawił w zeznaniach swoją rolę i wykonywane czynności, przebieg kontaktów z innymi podmiotami i ich skutki oraz w ogólności przebieg całej sprawy toczącej się przed Izbą Morską w <xAnon>S.</xAnon> – z umiejscowieniem ich w czasie. Wskazał m.in., że spotkanie z przedstawicielami <xAnon> spółki (...)</xAnon> w celu przeprowadzenia negocjacji miało miejsce na początku drugiej dekady kwietnia 2012 roku, a skutkiem jego było obniżenie przez tę spółkę żądania zapłaty o połowę. Dalej wskazał, że ubezpieczyciel ładunku odmówił wypłaty odszkodowania, co wywołało konieczność podjęcia dalszych czynności ze strony pełnomocnika, w tym m.in spotkania w drugiej połowie maja z <xAnon>C. K.</xAnon>. Zeznanie świadka pokrywa się w tym zakresie z treścią raportów czynności za okres od kwietnia do końca maja 2012 roku.</xText>
          <xText>Sąd Rejonowy w żaden sposób nie odniósł się do zeznań świadka, a pominął je w zasadzie jedynie w oparciu o stwierdzenie, że zeznania jego zostają w sprzeczności z twierdzeniami osób przesłuchanych na wniosek pozwanej co do terminu zakończenia współpracy.</xText>
          <xText>Należy jednak zauważyć, że świadkowie zawnioskowani przez pozwaną tj. <xAnon>Ł. K.</xAnon> i <xAnon>C. K.</xAnon> w ogóle nie zeznawali na temat momentu zakończenia współpracy stron. Z kolei przedstawiciel pozwanej <xAnon>J. B. (1)</xAnon> również nie odniósł się do konkretnej daty zakończenia współpracy, a jedynie wskazał, że czynności pełnomocnika polegały na negocjacjach z firmą ubezpieczeniową oraz <xAnon> firmą (...)</xAnon> oraz, że uważa, że wszystko zostało uregulowane, gdyż negocjacje zakończyły się.</xText>
          <xText>Oparcie się jednak w tej mierze na twierdzeniach <xAnon>J. B. (1)</xAnon> nie znajduje uzasadnienia, gdyż osoba ta nie znała treści umowy łączącej strony (a wręcz jak wskazał – sądził, że współpraca odbywała się na innych warunkach), a nadto z raportem czynności zapoznała się dopiero po wniesieniu pozwu (rzekomo razem z <xAnon>C. K.</xAnon>). Co więcej zeznania <xAnon>J. B. (1)</xAnon> w tym zakresie pozostają w sprzeczności z twierdzeniami świadka <xAnon>C. K.</xAnon>, który zaprzeczył jakoby przedstawiono mu sporządzony przez pełnomocnika raport czynności. Istotne jest również to, że odmowa zapłaty za czynności podejmowane w kwietniu i maju 2012 roku miała miejsce oczywiście przed wytoczeniem powództwa i to już wówczas <xAnon>J. B. (1)</xAnon> stwierdził, jak wynika zeznań <xAnon>C. K.</xAnon>, że żądanie zapłaty jest bezzasadne, mimo, że nie widział raportów czynności przed wytoczeniem powództwa, nie wiedział więc czy i jakie czynności zostały przez <xAnon>D. S. (1)</xAnon> podjęte w kwietniu i maju 2012 roku (co sam zresztą potwierdził w swoich zeznaniach wskazując, że oprócz raportu czynności nie są mu znane inne szczegółowe dokumenty obrazujące te czynności). W świetle materiału procesowego odmowa zapłaty wyliczonego wynagrodzenia za sporny okres nie była więc uzasadniana przeprowadzonym badaniem rodzaju i zakresu podjętych przez pełnomocnika czynności i de facto nie miała żadnej uzasadnionej podstawy opierając się wyłącznie na niezadowoleniu <xAnon>J. B.</xAnon> z wysokości należnej kwoty.</xText>
          <xText>Powyższa konkluzja pozwala na stwierdzenie, że odmowa przyznania waloru wiarygodności zeznaniom świadka <xAnon>S.</xAnon> nie była uzasadniona.</xText>
          <xText>Należy więc stwierdzić, że odmówienie waloru dowodowego przedłożonym przez powoda raportom czynności, ocenianym w powiązaniu z zeznaniami świadka <xAnon>S.</xAnon> nie było prawidłowe. Dokumenty te zawierały wymienienie podjętych przez pełnomocnika czynności, ich opis i wskazanie poświęconego na nie czasu. Analiza wymienionych tam czynności w świetle zasad doświadczenia życiowego nie wzbudza wątpliwości co do konieczności ich podjęcia czy zasadności poświęcenia na nie określonego czasu. Nadto raporty te nie odbiegają w sposób szczególny od raportów za luty i marzec, których przecież pozwana nie kwestionowała.</xText>
          <xText>Wreszcie wskazać trzeba, że strony zawierając umowę przyjęły zgodnie właśnie tego rodzaju sposób wyliczenia wysokości wynagrodzenia.</xText>
          <xText>Sporządzenie raportów obrazujących rodzaj dokonanych czynności i ich czasochłonności przy braku dowodów podważających rzetelność pełnomocnika i wykazujących że zawyżał on w raportach czas potrzebny dla dokonania czynności lub wskazywał czynności niedokonane, musi być uznane za wystarczające dla wykazania należności.</xText>
          <xText>Należy także zauważyć, że łącząca strony umowa nie przewidywała żadnego szczególnego sposobu dokumentowania podejmowanych przez pełnomocnika czynności, a jedynie zakładała, iż wynagrodzenie będzie wynosiło 100 USD za każdą godzinę pracy. Jedynie w odniesieniu do wydatków umowa przewidywała obowiązek ich dokumentowania za pomocą faktur, rachunków czy innych dokumentów.</xText>
          <xText>Podkreślenia wymaga również, że raporty czynności stanowiły dokument de facto o takiej samej mocy dowodowej jak oczekiwane przez Sąd Rejonowy maile, notatki itd. Każdy z tych dokumentów stanowił jedynie dowodów tego, że osoba która go podpisała złożyła oświadczenie zawarte w dokumencie (w odniesieniu do maila zasada ta miałaby jedynie odpowiednie zastosowanie). Skoro zaś treść dokumentu prywatnego znajduje odzwierciedlenie w zeznaniach świadka, które są spójne, logiczne, rzeczowe, przy jednoczesnym braku przeciwstawnych dowodów – nie ma podstaw by odmówić im waloru wiarygodności. Trzeba zauważyć, że <xLexLink xArt="" xIsapId="WDU19640430296" xTitle="Ustawa z dnia 17 listopada 1964 r. - Kodeks postępowania cywilnego" xAddress="Dz. U. z 1964 r. Nr 43, poz. 296">Kodeks postępowania cywilnego</xLexLink> nie zawiera żadnej gradacji dowodów. Skoro strona ma możliwość wykazywania w procesie wszelkimi środkami dowodowymi swoich racji, nie można deprecjonować wartości dowodowej zeznań świadka ani dokumentów prywatnych.</xText>
          <xText>Odnosząc się do kwestii czasu trwania obsługi prawnej wskazać trzeba, że zdaniem Sądu Rejonowego nie można było ustalić kiedy doszło do zaprzestania świadczenia tej obsługi przez powoda. Tymczasem z zeznań <xAnon>D. S. (1)</xAnon> wynikało, że miało to miejsce pod koniec maja 2012 roku, po zakończeniu negocjacji ze <xAnon> spółką (...)</xAnon>, oraz po spotkaniu z <xAnon>C. K.</xAnon> (w drugiej połowie maja), które miało miejsce już po wydaniu przez ubezpieczyciela ładunku odmownej decyzji co do wypłaty odszkodowania (co wynika zeznań <xAnon>D. S. (1)</xAnon>). <xAnon>J. B. (1)</xAnon> zeznał, że dowiedział się od <xAnon>C. K.</xAnon>, iż <xAnon>D. S. (1)</xAnon> występował w sprawie prowadząc negocjacje w zakresie porozumienia z pozwaną, Fair <xAnon>P.</xAnon> i ubezpieczycielem. Spotkanie <xAnon>D. S. (1)</xAnon> z <xAnon>C. K.</xAnon> miało miejsce w drugiej połowie maja, po odmowie przez ubezpieczyciela ładunku wypłaty odszkodowania. Skoro więc <xAnon>J. B. (1)</xAnon> wiedział o negocjacjach z ubezpieczycielem od <xAnon>C. K.</xAnon>, to musiało to mieć miejsce po tym ostatnim spotkaniu, co potwierdza, że spotkanie to miało miejsce (czego zresztą pozwana ani <xAnon>C. K.</xAnon> nie kwestionowali) i wskazuje, że obsługa prawna była świadczona do końca maja 2012 roku. Odbycie takiego podsumowującego spotkania wydaje się także logiczne i zgodne z zasadami doświadczenia życiowego.</xText>
          <xText>Tak argumentując Sąd Okręgowy uznał za zasadne zarzuty naruszenia <xLexLink xArt="art. 233;art. 233 § 1" xIsapId="WDU19640430296" xTitle="Ustawa z dnia 17 listopada 1964 r. - Kodeks postępowania cywilnego" xAddress="Dz. U. z 1964 r. Nr 43, poz. 296">art. 233 § 1 k.p.c.</xLexLink> i w konsekwencji odmiennie niż Sąd Rejonowy ustalił, że powód świadczył obsługę prawną pozwanej jeszcze w kwietniu i maju 2012 roku w zakresie, jaki wynika z raportów czynności za te miesiące, popartych zeznaniami świadka <xAnon>D. S. (1)</xAnon>. Konkluzja ta wymagała zmiany zaskarżonego wyroku i uwzględnienia powództwa w odniesieniu do wynagrodzenia za te dwa miesiące.</xText>
          <xText>Nie można natomiast zgodzić się ze skarżącym, który w apelacji wywodził, że Sąd wydał nakaz zapłaty w postępowaniu upominawczym, a zatem musiał uznać roszczenie za dostatecznie udowodnione, nie było więc podstaw do oddalenia powództwa gdyż okoliczności faktycznie nie uległy zmianie.</xText>
          <xText>Argumentacja ta jest całkowicie chybiona. Wskazać bowiem należy, że wydanie nakazu zapłaty w postępowaniu upominawczym nigdy nie antycypuje wyników postępowania dowodowego prowadzonego po skutecznym złożeniu sprzeciwu. Czym innym jest bowiem uznanie, że roszczenie jest oczywiście bezzasadne w świetle twierdzeń pozwu i skierowanie na tej podstawie sprawy do rozpoznania w trybie zwykłym, a czym innym uznanie roszczenia za nieudowodnione po przeprowadzeniu kompletnego postępowania dowodowego. Nie tylko bezzasadność roszczenia w stopniu oczywistym powoduje oddalenie powództwa, ale każda bezzasadność roszczenia, nawet taka, której nie można stwierdzić jedynie na podstawie twierdzeń pozwu i dołączonych do niego dowodów, a stwierdzona dopiero po przedstawieniu dowodów i twierdzeń przez stronę przeciwną. Wydanie nakazu zapłaty w postępowaniu upominawczym nie wymaga prowadzenia postępowania dowodowego w szerokim zakresie i jest warunkowane (w zakresie oceny merytorycznej) stwierdzeniem, że roszczenie nie jest bezzasadne w stopniu oczywistym. To jednak w żadnym wypadku nie determinuje dalszego postępowania dowodowego i nie wyklucza oddalenia powództwa na dalszym etapie postępowania.</xText>
          <xText>Bezprzedmiotowy okazał się zarzut naruszenia prawa materialnego w postaci <xLexLink xArt="art. 735" xIsapId="WDU19640160093" xTitle="Ustawa z dnia 23 kwietnia 1964 r. - Kodeks cywilny" xAddress="Dz. U. z 1964 r. Nr 16, poz. 93">art. 735 k.c.</xLexLink> Skarżący uzasadniając go, powielił de facto twierdzenia przedstawione dla uzasadniania tezy o naruszeniu <xLexLink xArt="art. 233;art. 233 § 1" xIsapId="WDU19640430296" xTitle="Ustawa z dnia 17 listopada 1964 r. - Kodeks postępowania cywilnego" xAddress="Dz. U. z 1964 r. Nr 43, poz. 296">art. 233 § 1 k.p.c.</xLexLink> oraz poczynieniu przez Sąd Rejonowy błędnego ustalenia faktycznego w zakresie wykonywania umowy przez powoda. Apelujący nie zarzucił ani niewłaściwego zastosowania ani błędnej wykładni powyższego przepisu a jedynie wytknął wadliwe ustalenie, że pozwana nie jest zobowiązana do uiszczenia na rzecz powoda żadnych kwot pomimo ustalenia, że <xAnon>D. S. (1)</xAnon> występował za pozwaną przed Izbą Morską. Abstrahując od trafności stanowiska Sądu Rejonowego, Sąd ten oddalił powództwo dlatego, że uznał, iż powód nie wykazał świadczenia obsługi prawnej na rzecz pozwanej za kwiecień i maj 2012 roku. Nie miała zatem w sprawie miejsca taka sytuacja, że Sąd ustalił, iż powód świadczył pomoc prawną na rzecz pozwanej, a mimo to, dokonał wadliwej subsumcji i pomimo istnienia ku temu podstaw faktycznych, nie zastosował odpowiedniej normy prawnej lub zastosował ją niewłaściwie (niewłaściwe zinterpretował). W związku z powyższym zarzut ten został uznany za bezzasadny.</xText>
          <xText>Reasumując stwierdzić należało, że zaoferowany przez powoda materiał dowodowy, w tym w szczególności w postaci zeznań świadka <xAnon>D. S. (1)</xAnon> popartych dowodami w postaci raportów czynności i faktur oraz paragonów dawał podstawę do stwierdzenia, że obsługa prawna pozwanej w kwietniu i maju 2012 roku była świadczona w takim wymiarze, jaki wynikał z przedstawionych dowodów.</xText>
          <xText>Należało zatem na podstawie <xLexLink xArt="art. 386;art. 386 § 1" xIsapId="WDU19640430296" xTitle="Ustawa z dnia 17 listopada 1964 r. - Kodeks postępowania cywilnego" xAddress="Dz. U. z 1964 r. Nr 43, poz. 296">art. 386 § 1 k.p.c.</xLexLink> zmienić zaskarżony wyrok i uwzględnić powództwo w całości co do roszczenia głównego.</xText>
          <xText>O odsetkach sąd orzekł na podstawie <xLexLink xArt="art. 481;art. 481 § 1" xIsapId="WDU19640160093" xTitle="Ustawa z dnia 23 kwietnia 1964 r. - Kodeks cywilny" xAddress="Dz. U. z 1964 r. Nr 16, poz. 93">art. 481 § 1 k.c.</xLexLink></xText>
          <xText>Odsetki od kwoty wynikającej z <xAnon>faktury VAT numer (...)</xAnon>, której termin płatności przypadał na 12 czerwca 2012 roku – przyznano od dnia następnego.</xText>
          <xText>Odsetki od kwoty 6.017,26 zł zostały zasądzone od dnia 5 maja 2012 roku, nie zaś jak domagał się powód w pozwie od dnia 4 maja 2012 roku. Wynikający z <xAnon>faktury VAT numer (...)</xAnon> termin zapłaty przypadał na dzień ustawowo wolny od pracy (3 maja), a zatem zgodnie z <xLexLink xArt="art. 115" xIsapId="WDU19640160093" xTitle="Ustawa z dnia 23 kwietnia 1964 r. - Kodeks cywilny" xAddress="Dz. U. z 1964 r. Nr 16, poz. 93">art. 115 k.c.</xLexLink>, czynność (zapłatę) można było wykonać dnia następnego. Oznacza to, że roszczenie powoda stało się wymagalne dnia 5 maja 2012 roku i od tego dnia dopiero powód mógł domagać się odsetek za czas opóźnienia. W związku z powyższym w zakresie żądania odsetek za dzień 4 maja 2012 roku – powództwo zostało oddalone.</xText>
          <xText>O kosztach postępowania przed Sądem I instancji orzeczono na podstawie <xLexLink xArt="art. 98;art. 98 § 1;art. 98 § 3" xIsapId="WDU19640430296" xTitle="Ustawa z dnia 17 listopada 1964 r. - Kodeks postępowania cywilnego" xAddress="Dz. U. z 1964 r. Nr 43, poz. 296">art. 98 § 1 i 3 k.p.c.</xLexLink>. Powód wygrał sprawę w całości, a zatem pozwana ma obowiązek zwróci mu wszelkie poniesione koszty, na które składała się opłata od pozwu w kwocie 614 zł, opłata skarbowa od pełnomocnictwa w kwocie 17 zł oraz wynagrodzenie reprezentującego powoda radcy prawnego w kwocie 2400 zł, ustalone na podstawie <xLexLink xArt="§ 6;§ 6 pkt. 5" xIsapId="WDU20021631349" xTitle="Rozporządzenie Ministra Sprawiedliwości z dnia 28 września 2002 r. w sprawie opłat za czynności radców prawnych oraz ponoszenia przez Skarb Państwa kosztów pomocy prawnej udzielonej przez radcę prawnego ustanowionego z urzędu" xAddress="Dz. U. z 2002 r. Nr 163, poz. 1349">§ 6 pkt 5 rozporządzenia Ministra Sprawiedliwości z dnia 28 września 2002 roku w sprawie opłat za czynności radców prawnych oraz ponoszenia przez Skarb Państwa kosztów pomocy prawnej udzielonej przez radcę prawnego ustanowionego z urzędu</xLexLink> (Dz. U. z 2002 roku, Nr 163, poz. 1349 ze zm.).</xText>
          <xText>Na podstawie <xLexLink xArt="art. 385" xIsapId="WDU19640430296" xTitle="Ustawa z dnia 17 listopada 1964 r. - Kodeks postępowania cywilnego" xAddress="Dz. U. z 1964 r. Nr 43, poz. 296">art. 385 k.p.c.</xLexLink> w pozostałym zakresie apelację oddalono (tj. co do żądania zmiany zaskarżonego wyroku poprzez uwzględnienia roszczenia odsetkowego od kwoty 6.017,26 zł od dnia 4 maja 2012 roku).</xText>
          
          <xText>Powód wygrał również w całości sprawę przed Sądem odwoławczym, a zatem na podstawie <xLexLink xArt="art. 98;art. 98 § 1;art. 98 § 3" xIsapId="WDU19640430296" xTitle="Ustawa z dnia 17 listopada 1964 r. - Kodeks postępowania cywilnego" xAddress="Dz. U. z 1964 r. Nr 43, poz. 296">art. 98 § 1 i 3 k.p.c.</xLexLink> pozwana ma obowiązek zwrócić mu koszty postępowania odwoławczego w kwocie 1814 zł, na którą składa się opłata od apelacji w kwocie 614 zł oraz wynagrodzenie radcy prawnego w kwocie 1200 zł ustalone na podstawie <xLexLink xArt="art. 98 § 6;art. 98 § 6 pkt. 5" xIsapId="WDU19640430296" xTitle="Ustawa z dnia 17 listopada 1964 r. - Kodeks postępowania cywilnego" xAddress="Dz. U. z 1964 r. Nr 43, poz. 296">§ 6 pkt 5</xLexLink> w zw. z <xLexLink xArt="§ 12;§ 12 ust. 1;§ 12 ust. 1 pkt. 1" xIsapId="WDU20021631349" xTitle="Rozporządzenie Ministra Sprawiedliwości z dnia 28 września 2002 r. w sprawie opłat za czynności radców prawnych oraz ponoszenia przez Skarb Państwa kosztów pomocy prawnej udzielonej przez radcę prawnego ustanowionego z urzędu" xAddress="Dz. U. z 2002 r. Nr 163, poz. 1349">§ 12 ust 1 pkt 1 rozporządzenia Ministra Sprawiedliwości z dnia 28 września 2002 roku w sprawie opłat za czynności radców prawnych oraz ponoszenia przez Skarb Państwa kosztów pomocy prawnej udzielonej przez radcę prawnego ustanowionego z urzędu</xLexLink>.</xText>
          
          <xText>
            <xIx>
    
    
    - A. Budzyńska -   - K. Górski -    - A. Wójcik – Wojnowska -</xIx>
          </xText>
        </xUnit>
      </xBlock>
    </xPart>
  </judgement>
<judgement id="155515000004027_VIII_Ga_000311_2013_Uz_2013-11-22_001">
    <xPart xEditorFullName="Monika Ziębakowska" xYear="2013" xLang="PL" xPublisherFullName="Monika Stachowiak" xFromPg="1" xEditor="mziebakowska" xVolType="15/551500/0004027/Ga" xPublisher="mstachowiak" xDocType="Uz" xVolNmbr="000311" xVersion="1.0" xToPage="9" xFlag="published">
      <xName>Wyrok+Uzasadnienie</xName>
      <xBlock>
        <xText>Sygnatura akt VIII Ga 311/13</xText>
        
        <xUnit xIsTitle="true" xBold="true" xType="part">
          <xName>WYROK</xName>
          <xTitle>W IMIENIU RZECZYPOSPOLITEJ POLSKIEJ</xTitle>
          <xText xALIGNx="right">Dnia 22 listopada 2013 roku</xText>
          
          <xText>
            <xBx>Sąd Okręgowy w Szczecinie VIII Wydział Gospodarczy</xBx>
          </xText>
          <xText>w składzie następującym:</xText>
          <xText>Przewodniczący: SSO Krzysztof Górski</xText>
          <xText>Sędziowie: SO Anna Budzyńska</xText>
          <xText>SR del. Aleksandra Wójcik-Wojnowska (spr.)</xText>
          <xText>Protokolant: sekr. sądowy Monika Ziębakowska</xText>
          <xText>po rozpoznaniu w dniu 22 listopada 2013 roku w Szczecinie</xText>
          <xText>na rozprawie</xText>
          <xText>sprawy z powództwa <xAnon>A. I.</xAnon></xText>
          <xText>przeciwko <xAnon> Towarzystwu (...) spółce akcyjnej</xAnon> z siedzibą w <xAnon>W.</xAnon></xText>
          <xText>o zapłatę na skutek apelacji pozwanego od wyroku Sądu Rejonowego Szczecin - Centrum w Szczecinie z dnia 6 czerwca 2013 roku, sygnatura akt X GC 286/13</xText>
          
          <xUnit xIsTitle="false" xType="none">
            <xName xSffx=".">I</xName>
            <xText>oddala apelację;</xText>
          </xUnit>
          <xUnit xIsTitle="false" xType="none">
            <xName xSffx=".">II</xName>
            <xText>zasądza od pozwanego na rzecz powoda kwotę 300 zł (trzystu złotych) tytułem kosztów procesu w postępowaniu apelacyjnym.</xText>
          </xUnit>
          
          <xText xALIGNx="center">
            <xIx>
    
    
    SSO A. Budzyńska SSO K. Górski SSR del. A. Wójcik-Wojnowska
  </xIx>
          </xText>
          
          <xText>Sygn. akt VIII Ga 311/13</xText>
        </xUnit>
        <xUnit xIsTitle="true" xBold="true" xType="part">
          <xName>UZASADNIENIE</xName>
          <xText>Powód <xAnon>A. I.</xAnon> wniósł o zasądzenie od pozwanego <xAnon> Towarzystwa (...) spółki akcyjnej</xAnon> w <xAnon>W.</xAnon> kwoty 4 800 zł wraz z ustawowymi odsetkami od dnia 25 października 2011 r. oraz kosztów postępowania.</xText>
          <xText>W uzasadnieniu powód wskazał, iż samochód należący do powoda <xAnon>R. (...)</xAnon> w dniu 19 lipca 2011r. uczestniczył w kolizji drogowej w wyniku której uszkodzeniu uległa min. klapa tylna, belka zderzaka, podłoga bagażnika. Sprawca zdarzenia posiadał ubezpieczenie OC w pozwanym przedsiębiorstwie. Powód zgłosił zdarzenie w pozwanym Towarzystwie. Naprawę uszkodzonego pojazdu zlecono <xAnon>M. B. (1)</xAnon>. W okresie, w jakim powód nie mógł korzystać z uszkodzonego pojazdu, wynajęty został samochód zastępczy. Najem samochodu zastępczego trwał od 17 sierpnia 2011r do 2 września 2011r. Powód pokrył koszty najmu samochodu zastępczego w wysokości 4 800 zł. oraz wezwał pozwaną do zwrotu tych kosztów. Pozwana odmówiła zwrotu kosztów samochodu.</xText>
          <xText>W dniu 30 stycznia 2013r wydany został nakaz zapłaty, od którego pozwana i wniosła sprzeciw.</xText>
          <xText>W sprzeciwie od nakazu zapłaty pozwana wniosła o oddalenie powództwa w całości i zasądzenie kosztów procesu. W uzasadnieniu pozwana wskazała, iż kwestionuje zasadność i niezbędność najmu pojazdu zastępczego. W ocenie pozwanej powód mógł planując naprawę pojazdu zaplanować zastępstwo dla uszkodzonego samochodu spośród innych posiadanych</xText>
          <xText>przez siebie pojazdów. Ponadto zdaniem pozwanej powód i działający w jego imieniu zakład naprawczy przyczynili się do nieuzasadnionego wydłużenia czasu naprawy. Samochód oddany został do warsztatu w dniu 17 sierpnia 2011r. zaś konieczność powtórnych oględzin zgłoszona została dopiero 24 sierpnia 2011r.</xText>
          <xText>W dniu 6 czerwca 2013r. Sąd Rejonowy Szczecin-Centrum w Szczecinie wydał wyrok, w którym zasądził od pozwanego na rzecz powoda kwotę 4800 zł wraz z ustawowymi odsetkami od dnia 25 października 2011r. zasądził także kwotę 857 zł tytułem kosztów procesu.</xText>
          
          <xText>Swoje rozstrzygnięcie Sąd Rejonowy oparł o następujące ustalenia faktyczne:</xText>
          <xText>Powód prowadzi działalność gospodarczą, m. in. z zakresu nauki jazdy. Powód wynajmuje posiadane przez siebie pojazdy innym podmiotom świadczącym usługi szkoleniowe<xBx>. </xBx>Powód wynajmował swój samochód marki <xAnon>R. (...)</xAnon> o <xAnon>numerze rejestracyjnym (...)</xAnon><xAnon>M. I. (1)</xAnon> w celu wykorzystywania go do prowadzenia szkoleń z zakresu nauki jazdy.</xText>
          <xText>W dniu 19 lipca 2011r. doszło do kolizji drogowej podczas prowadzenia praktycznych zajęć dydaktycznych przez instruktora <xAnon>M. B. (2)</xAnon>. W wyniku zdarzenia uszkodzeniu uległ tył pojazdu: zderzak, tylna klapa, lampa tylna, pas tylny, pokrywa tylna, tablica rejestracyjna, osłona tapicerska dołu drzwi, podłoga tylna. Szkoda została zgłoszona ubezpieczycielowi sprawcy szkody- pozwanej przez przedstawiciela powoda <xAnon>P. N.</xAnon>.</xText>
          <xText>Po zdarzeniu samochód jeździł i był wykorzystywany do sprawdzenia zajęć praktycznych.</xText>
          <xText>Ubezpieczyciel wycenił szkodę w pojeździe na kwotę 1494,44 zł. W dniu 17 sierpnia 2011r. samochód został oddany do naprawy <xAnon>M. B. (1)</xAnon>. Drugiego dnia po przyjęciu samochodu do naprawy <xAnon>M. B. (1)</xAnon> zgłosił konieczność powtórnych oględzin albowiem rozmiar uszkodzeń samochodu były większy niż te wskazane w kalkulacji. Z uwagi na brak reakcji ubezpieczyciela na pierwsze zgłoszenie, po kilku dniach wysłano faxem zgłoszenie dodatkowych oględzin.</xText>
          <xText>W związku z oddaniem samochodu do warsztatu, koniecznym było wynajęcie samochodu zastępczego. Powód wynajął samochód zastępczy w <xAnon> Akademii (...) spółce z o.o.</xAnon> Wynajęty samochód był technicznie przystosowany do prowadzenia nauki jazdy. Okres najmu strony ustaliły od dnia 17 sierpnia 2011r. do dnia zakończenia naprawy powypadkowej. Opłatę za najem ustalono na kwotę 300,00 zł netto za każdą dobę najmu pojazdu. W dniu 17 sierpnia 2011 r powód poinformował pozwaną o wynajęciu samochodu zastępczego.</xText>
          <xText>Dodatkowe oględziny odbyły się 28 sierpnia 2011r. Technologiczny czas naprawy uszkodzonego pojazdu wyniósł 4 dni. Oczekiwanie na zamówione części wyniosło 2 dni. <xAnon>M. B. (1)</xAnon> rozpoczął naprawę uszkodzonego pojazdu jeszcze przed otrzymaniem uzupełnionej kalkulacji kosztów naprawy sporządzanej przez pozwaną na zawiadomienie o konieczności dodatkowych oględzin. Na skutek dodatkowych oględzin pozwana wyceniła wartość naprawy na kwotę 3 751,58 zł.</xText>
          <xText>Naprawa pojazdu trwała do dnia 2 września 2011r. Wynajęty pojazd wykorzystywany był w okresie od 17 sierpnia 2011 r. do dnia 2 września 2011r. do prowadzenia zajęć praktycznych z nauki jazdy i w tym celu wynajmowany był przez powoda <xAnon>M. I. (2)</xAnon>.</xText>
          <xText><xAnon> Akademia (...) Sp. z o.o.</xAnon> z siedzibą w <xAnon>S.</xAnon> wystawiła w dniu 9 września 2011r rachunek z tytułu najmu pojazdu zastępczego opiewający na kwotę 4.800 zł. Rachunek dotyczył najmu pojazdu w okresie od 17 sierpnia 2011r. do 2 września 2011r. Powód uiścił należność za najem pojazdu.</xText>
          <xText>W dniach 6 października i 19 grudnia 2011r. powód wezwał pozwaną do zapłaty kwoty 4.800,00 zł tytułem zwrotu poniesionych kosztów wynajmu pojazdu zastępczego. W odpowiedzi na zgłoszone żądania pozwana zwróciła się do powoda o przesłanie dokumentów celem ustalenia zasadności odszkodowania.</xText>
          <xText>Pozwana nie zwróciła powodowi poniesionych kosztów za najem samochodu zastępczego.</xText>
          
          <xText>W oparciu o tak poczynione ustalenia Sąd Rejonowy uznał, iż powództwo oparte na podstawie <xLexLink xArt="art. 822" xIsapId="WDU19640160093" xTitle="Ustawa z dnia 23 kwietnia 1964 r. - Kodeks cywilny" xAddress="Dz. U. z 1964 r. Nr 16, poz. 93">art. 822 k.c.</xLexLink> okazało się uzasadnione w całości.</xText>
          <xText>Po przytoczeniu treści <xLexLink xArt="art. 822" xIsapId="WDU19640160093" xTitle="Ustawa z dnia 23 kwietnia 1964 r. - Kodeks cywilny" xAddress="Dz. U. z 1964 r. Nr 16, poz. 93">art. 822 k.c.</xLexLink> i <xLexLink xArt="art. 805" xIsapId="WDU19640160093" xTitle="Ustawa z dnia 23 kwietnia 1964 r. - Kodeks cywilny" xAddress="Dz. U. z 1964 r. Nr 16, poz. 93">805 k.c.</xLexLink> oraz <xLexLink xArt="art. 361" xIsapId="WDU19640160093" xTitle="Ustawa z dnia 23 kwietnia 1964 r. - Kodeks cywilny" xAddress="Dz. U. z 1964 r. Nr 16, poz. 93">361 k.c.</xLexLink> Sąd Rejonowy wskazał, że pozwana co do zasady przyjęła odpowiedzialność za szkodę powstałą w pojeździe strony powodowej. Bezspornym był fakt powstania uszczerbku w majątku strony powodowej w wyniku kolizji z dnia 19 lipca 2011r., za którą odpowiedzialność ponosiła osoba posiadająca ubezpieczenie OC w pozwanym Towarzystwie. Sporna pomiędzy stronami pozostała zasadność i wysokość kosztów najmu samochodu zastępczego wynajętego przez stronę powodową na czas naprawy.</xText>
          <xText>Sąd Rejonowy nie zgodził się z twierdzeniami pozwanej, że powód mógł skorzystać z innych posiadanych przez siebie pojazdów przystosowanych do nauki jazdy, mógł też tak zaplanować termin naprawy uszkodzonego pojazdu aby zapewnić zastępstwo samochodu uszkodzonego przez inny swój pojazd.</xText>
          <xText>Sąd stwierdził, że brak pojazdu do powadzenia zajęć dydaktycznych skutkował brakiem możliwości dalszego prowadzenia działalności. Jednocześnie umowa ramowa, którą podpisał powód z <xAnon>M.</xAnon><xAnon>I.</xAnon> zobowiązywała go wynajmowania posiadanych przez siebie pojazdów na cele szkoleń z nauki jazdy i pozostawania tychże pojazdów w gotowości do najmu. Sąd przywołał zeznania powoda, iż wynajmował on posiadane przez siebie pojazdy innym podmiotom prowadzącym naukę jazdy, w tym przedmiotowy samochód, który uległ uszkodzeniu. Umowa ramowa która łączyła powoda z <xAnon>M. I. (2)</xAnon> zakładała po stronie powoda obowiązek zapewnienia samochodu zastępczego gdy przedmiot najmu (w tym przedmiotowy samochód) z powodów technicznych nie mógł być wykorzystywany zgodnie z umową. Jednocześnie rok 2011 był okresem w którym masowo szkoli się kursanci w związku z planowaną zmianą przepisów w zakresie szkoleń. Na podstawie zeznań powoda i świadka <xAnon>P. N.</xAnon> Sąd Rejonowy przyjął, że w tamtym czasie powód dysponował 4 samochodami przystosowanymi do nauki jazdy i wszystkie te samochody w okresie uszkodzenia samochodu <xAnon>R. (...)</xAnon> były wykorzystywane. Tym samym istniała konieczność wynajęcia pojazdu w innej firmie. Wobec tego Sąd I Instancji przyjął, iż koszty wynajęcia samochodu zastępczego należało uznać za szkodę pozostającą w normalnym związku przyczynowym z kolizją, która pozbawiała powoda pojazdu potrzebnego do prowadzonej działalności gospodarczej.</xText>
          <xText>Sąd Rejonowy zauważył, że nie sposób zarzucić powodowi, iż wykorzystywał pojazd po uszkodzeniu. Samochód nadawał się do jazdy. Policja wzywana na miejsce zdarzenia nie zatrzymała dowodu rejestracyjnego, w związku z tym istniała możliwość, by samochód nadal był wykorzystywany i nic nie stało na przeszkodzie, by naprawa odbyła się później, w innym terminie. Jak wynikało z zeznań świadków i strony istotne było także, kiedy warsztat mógł zająć się uszkodzonym samochodem, aby niepotrzebnie nie przetrzymywać pojazdu.</xText>
          <xText>Co do zarzutu pozwanej, że dopiero w dniu 24 sierpnia 2011r zostały zgłoszone dodatkowe oględziny, a samochód już 17 sierpnia 2011r został oddany do warsztatu, to Sąd Rejonowy dał wiarę zeznaniom świadka <xAnon>M. B. (1)</xAnon>, iż telefonicznie zgłosił samochód do powtórnych oględzin niezwłocznie po przekazaniu pojazdu do warsztatu, gdy okazało się, że uszkodzenia pojazdu są rozleglejsze, niż stwierdzone w kalkulacji i że brak reakcji ubezpieczyciela spowodował, że przesłano kolejne zgłoszenie, tym razem już faxem. Wobec tego Sąd I instancji uznał, że nie sposób przypisać powodowi i działającemu na jego zlecenie warsztatowi opieszałości. Sąd Rejonowy dał wiarę świadkowi, iż zasadą jest, iż zgłoszenia oględzin odbywają się telefonicznie i warsztat nie miał żadnych podstaw, by sądzić, że zgłoszenie nie zostało przyjęte. Dopiero zatem po otrzymaniu kolejnej kalkulacji w dniu 31 sierpnia 2011r. możliwe było podjęcie naprawy uszkodzonego pojazdu. Naprawa, jak wynikało z zeznań świadka, trwała 4 dni. Tym samym Sąd uznał za bezsporne, że warsztat przed otrzymaniem uzupełnionej kalkulacji przystąpił do naprawy samochodu. Jako niezasadny uznał zatem Sąd Rejonowy zarzut zaniechania - wysłanie faksem zgłoszenia oględzin w dniu 25 sierpnia 2011r. było usprawiedliwione i spowodowane brakiem reakcji na wcześniejsze zgłoszenie telefoniczne.</xText>
          <xText>W ocenie Sądu Rejonowego strona powodowa dowodami z dokumentów oraz zeznań świadków wykazała konieczność i niezbędność najmu pojazdu zastępczego w dniach od 17 sierpnia do 2 września 2011r.</xText>
          <xText>Sąd Rejonowy uznał, że zarzuty pozwanej, w świetle dowodów zaprezentowanych przez stronę powodową okazały się gołosłowne i dowolne.</xText>
          <xText>W ocenie Sądu Rejonowego, skoro powód w okresie od 17 sierpnia do 2 września pozbawiony był możliwości korzystania z własnego pojazdu na skutek powstałej kolizji, to zasadnym okazało się skorzystanie z pojazdu zastępczego. W związku z tym Sąd Rejonowy uznał, że pełne zaspokojenie słusznych żądań odszkodowawczych strony powodowej nastąpi jedynie wówczas, gdy powód otrzyma odszkodowanie pokrywające szkodę poniesioną w związku z najmem pojazdu zastępczego. W związku z tym Sąd zasądził od pozwanej na rzecz strony powodowej kwotę 4 800 złotych z ustawowymi odsetkami liczonymi w stosunku rocznym od dnia 25 października 2011r.. Rozstrzygnięcie w zakresie odsetek uzasadniono przywołaniem treści <xLexLink xArt="art. 481;art. 481 § 1" xIsapId="WDU19640160093" xTitle="Ustawa z dnia 23 kwietnia 1964 r. - Kodeks cywilny" xAddress="Dz. U. z 1964 r. Nr 16, poz. 93">art. 481 § 1 k.c.</xLexLink>, a orzeczenie o kosztach procesu – treścią <xLexLink xArt="art. 98;art. 99" xIsapId="WDU19640430296" xTitle="Ustawa z dnia 17 listopada 1964 r. - Kodeks postępowania cywilnego" xAddress="Dz. U. z 1964 r. Nr 43, poz. 296">art. 98 i 99 k.p.c.</xLexLink> oraz § 6 pkt. 3 Rozporządzenia Ministra Sprawiedliwości z dnia 28 września 2002 roku w sprawie opłat za czynności radców prawnych (Dz.U. Nr 163, poz. 1349)</xText>
          
          <xText>Od powyższego wyroku apelację wywiodła strona pozwana, zaskarżając wyrok w części tj. z zakresie pkt. I ponad kwotę 2700 zł wraz z ustawowymi odsetkami oraz w zakresie pkt. II.</xText>
          <xText>Zaskarżonemu wyrokowi zarzucono:</xText>
          <xUnit xIsTitle="false" xType="none">
            <xName xSffx=".">1</xName>
            <xText>Naruszenie prawa materialnego przez błędną jego wykładnię i niewłaściwe zastosowanie, w szczególności <xLexLink xArt="art. 361;art. 361 § 1" xIsapId="WDU19640160093" xTitle="Ustawa z dnia 23 kwietnia 1964 r. - Kodeks cywilny" xAddress="Dz. U. z 1964 r. Nr 16, poz. 93">art. 361 §1 Kodeksu cywilnego</xLexLink> przez przyjęcie, że najem pojazdu zastępczego w łącznym wymiarze 16 dni pozostaje w związku przyczynowym ze szkodą, a pozwana jest zobowiązana do zwrotu kosztów z tego tytułu poniesionych.</xText>
          </xUnit>
          <xUnit xIsTitle="false" xType="none">
            <xName xSffx=".">2</xName>
            <xText>Sprzeczność istotnych ustaleń sądu z treścią zebranego w sprawie materiału przez przyjęcie, że:</xText>
          </xUnit>
          <xText>- uzasadniony technologicznie czas naprawy uszkodzonego pojazdu przy uwzględnieniu czasu niezbędnego do sprawdzenia części zamiennych, dokonania oględzin przez pozwaną i przeprowadzenia samej naprawy wynosi łącznie 16 dni;</xText>
          <xText>- pomiędzy zdarzeniem a szkodą w postaci najmu pojazdu ponad 9 dni zachodzi związek przyczynowo-skutkowy;</xText>
          <xText>- do opóźnienia w naprawie uszkodzonego pojazdu doszło z wyłącznej winy pozwanej wynikającej z nierzetelnego i nieprofesjonalnego podejścia do sposobu i zasad likwidacji zgłoszonej szkody;</xText>
          <xText>- zgłoszenie przez warsztat naprawczy pozwanej konieczności przeprowadzenia drugich oględzin miało miejsce drugiego dnia po przyjęciu samochodu do naprawy</xText>
          <xUnit xIsTitle="false" xType="none">
            <xName xSffx=".">3</xName>
            <xText>Naruszenie zasady swobodnej oceny dowodów wynikającej z <xLexLink xArt="art. 233" xIsapId="WDU19640430296" xTitle="Ustawa z dnia 17 listopada 1964 r. - Kodeks postępowania cywilnego" xAddress="Dz. U. z 1964 r. Nr 43, poz. 296">art 233 k.p.c.</xLexLink> poprzez dokonanie całkowicie dowolnej oceny dowodów, niekorespondującej z zasadami logiki jak i doświadczenia życiowego poprzez przyjęcie, że pozwana przyczyniła się do wydłużenia czasu naprawy uszkodzonego pojazdu, co skutkowało przyjęciem przez sąd zasadności zwrotu kosztów najmu pojazdu zastępczego za cały okres 16 dni, choć pozowana w istotnie odpowiada tylko i wyłącznie za najem pojazdu zastępczego przez okres 9 dni.</xText>
          </xUnit>
          <xText>W oparciu o powyższe zarzuty pozwana wniosła o zmianę zaskarżonego wyroku i oddalenie powództwa ponad kwotę 2700 zł oraz o zasądzenie od pozwanego na rzecz powódki kosztów postępowania przed sadem II instancji, w tym zwrotu kosztów zastępstwa procesowego według norm przepisanych, ewentualnie o uchylenie zaskarżonego wyroku i przekazanie sprawy sądowi pierwszej instancji do ponownego rozpoznania.</xText>
          <xText>W uzasadnieniu apelacji pozwana wskazała, że w jej ocenie najem pojazdu powyżej 9 dni nie wchodzi w zakres odpowiedzialności pozwanej, gdyż brak jest adekwatnego związku przyczynowego ze zdarzeniem szkodowym. W ocenie skarżącej powód istnienia tego związku dopatrywał się przede wszystkim w tym, że to na skutek zwłoki pozwanego czas naprawy pojazdu wydłużył się, gdyż postępowanie likwidacyjne było prowadzone opieszale. Skarżąca wskazała, iż ustalenia Sądu wyrokującego co do konieczności wynajmowania pojazdu dłużej niż 9 dni są sprzeczne z zebranym w sprawie materiałem dowodowym. Zdaniem skarżącej naprawa pojazdu powyżej 9 dni spowodowana była wyłącznie zachowaniem warsztatu. Apelująca podkreśliła, że za działanie warsztatu nie ponosi odpowiedzialności, powód winien wybrać taki warsztat, który gwarantowałby sprawną naprawę, a zakład ubezpieczeń nie może być obciążany skutkami wadliwej organizacji pracy warsztatu naprawczego. Pozwana wskazała też, że jej zdaniem Sąd Rejonowy pominął ciążący na ubezpieczonym obowiązek minimalizowania rozmiarów szkody.</xText>
          <xText>Pozwana wskazała, że warsztat wydłużał czas trwania kolejnych czynności. Ubezpieczyciel nie może odpowiadać za brak mocy przerobowej w warsztacie, za opóźnienie w zakupie/dostarczeniu części zamiennych niezbędnych do dokonania naprawy, za opóźnienie w zgłoszeniu pozwanej konieczności przeprowadzenia powtórnych oględzin pojazdu, a więc za okoliczności niezależne od zakładu ubezpieczeń.</xText>
          <xText>Pozwana podniosła, że rozstrzygnięcie Sądu pierwszej instancji uwzględniające powództwo w całości jest błędne i sprzeczne z instytucją odpowiedzialności za szkodę i związanego z tym obowiązku zapłaty odpowiedniej sumy pieniężnej tytułem zwrotu kosztów najmu pojazdu zastępczego. Sąd pierwszej instancji nieprawidłowo ustalił zakres odpowiedzialności pozwanej jako zakładu ubezpieczeń oraz zakres roszczenia powoda. W ocenie pozwanej powód w żaden sposób nie wykazał zasadności swojego powództwa, zaś Sąd pierwszej instancji na skutek wadliwie przeprowadzonego procesu roztrząsania wyników postępowania dowodowego wyprowadził błędne i niczym nieuprawnione wnioski. Tym samym sąd orzekający w pierwszej instancji przeprowadził nie swobodną, lecz dowolną analizę materiału dowodowego, która doprowadziła do wyprowadzenia błędnych wniosków.</xText>
          <xText>Skarżąca wskazała, że Sąd orzekający w sprawie całkowicie pominął, iż powód w pozwie sam przyznał, że konieczność dodatkowych oględzin zgłosił dopiero w dniu 25 sierpnia 2011 roku, i że zrobił to <xAnon>M. B. (1)</xAnon>. Zeznania tego świadka dotyczące wcześniejszego, telefonicznego zgłoszenia szkody pozwana uznała za „dość nieprecyzyjne”, a oparcie się na nich przez Sąd I instancji – za nieuzasadnione i pozostające w sprzeczności z pozostałymi dowodami. Zdaniem pozwanej skoro pojazd był jezdny, to powód mógł tak zorganizować naprawę pojazdy, by wykorzystywać go do działalności bez potrzeby przestoju.</xText>
          <xText>Pozwana zaprzeczyła, jakoby dodatkowe oględziny zostały przeprowadzone 28 sierpnia 2011 r., wskazując, że była to niedziela i zwróciła uwagę, że skoro naprawa trwała 4 dni, a samochód nadawał się do użytkowania, to naprawę można było zorganizować tak, by samochód był wyłączony z eksploatacji tylko przez ten okres. Dalej wskazano, że zlecenie oględzin miało miejsce 25 sierpnia 2011 r. (czwartek), a oględziny wykonano 29 sierpnia (poniedziałek), zatem dopiero od tego dnia winien liczyć się czas 2 dni na sprowadzenie części zamiennych, 4 dni naprawy i ewentualnie dzień na wydanie pojazdu powodowi. Jednocześnie skoro pojazd w dniu oględzin był częściowo rozbrojony, to czas ten powinien być zmniejszony o 2 dni. Łącznie w ocenie pozwanej czas najmu pojazdu zastępczego uzasadniony okolicznościami sprawy to 9 dni.</xText>
          
          <xText>W odpowiedzi na apelację strona powodowa zażądała jej oddalenia i zasądzenia od pozwanej kosztów postępowania apelacyjnego. Powód uznał stanowisko Sądu Rejonowego za trafne i podkreślił brak konkretnych argumentów apelacji oraz oparcie jej na dowolnych założeniach pozwanego, w szczególności co do tego, że to opieszałość warsztatu przyczyniła się do wydłużenia naprawy, mimo treści zeznań <xAnon>M. B.</xAnon>, że dodatkowe oględziny zgłosił niezwłocznie po przyjęciu pojazdu do warsztatu. Powód podkreślił też, że uzasadnionym okresem wynajmu pojazdu zastępczego jest nie tylko technologiczny czas naprawy, ale też czas niezbędny do zgłoszenia szkody, dokonania przez ubezpieczyciela oględzin, czas oczekiwania na kalkulację, a zatem ogólnie czas związany z elementami procesu likwidacji szkody.</xText>
          
          <xText>
            <xBx> Sąd Okręgowy zważył, co następuje.</xBx>
          </xText>
          <xText>Apelacja nie jest uzasadniona.</xText>
          <xText>Przed przystąpieniem do omówienia zarzutów apelacji Sąd Okręgowy stwierdza, że Sąd I instancji prawidłowo zakwalifikował roszczenie powoda jako wynikające z umowy ubezpieczenia odpowiedzialności cywilnej. Wywody Sądu Rejonowego w tym zakresie Sąd Okręgowy w całości podziela, co czyni zbędnym ich ponowne przytaczanie. Kontrola zaskarżonego przez pozwaną wyroku prowadzi do wniosku, że Sąd I instancji przeprowadził postępowanie dowodowe w sposób niewadliwy, dokonał właściwej oceny materiału dowodowego i w rezultacie prawidłowo ustalił wszystkie te fakty, które rzutować mogły na rozmiar odpowiedzialności odszkodowawczej ubezpieczyciela.</xText>
          <xText>Mimo pozornej obszerności zarzuty apelacji dają się streścić do jednego zdania – w ocenie skarżącej Sąd Rejonowy wadliwie (dowolnie) ocenił materiał dowodowy, będący podstawą ustalenia, kiedy zgłoszono dodatkowe oględziny i w konsekwencji niewłaściwe ustalił, że konieczność najmu pojazdu zastępczego w okresie powyżej 9 dni pozostaje w normalnym związku przyczynowym ze zdarzeniem, wyrządzającym szkodę.</xText>
          <xText><xLexLink xArt="art. 233;art. 233 § 1" xIsapId="WDU19640430296" xTitle="Ustawa z dnia 17 listopada 1964 r. - Kodeks postępowania cywilnego" xAddress="Dz. U. z 1964 r. Nr 43, poz. 296">Art. 233 § 1 k.p.c.</xLexLink> stanowi, że Sąd ocenia wiarygodność i moc dowodów według własnego przekonania, na podstawie wszechstronnego rozważenia zebranego materiału. Wszechstronność należy rozumieć jako dokonanie dogłębnej analizy każdego z powołanych środków dowodowych z osobna, a następnie wszystkich dowodów razem i na tej podstawie dokonanie oceny ich wiarygodności, mocy dowodowej i przydatności dla wykazania określonego faktu. Dla podważenia oceny dokonanej przez Sąd nie wystarczy stwierdzenie, że jest ona wadliwa, czy dowolna. Zarzut naruszenia <xLexLink xArt="art. 233;art. 233 § 1" xIsapId="WDU19640430296" xTitle="Ustawa z dnia 17 listopada 1964 r. - Kodeks postępowania cywilnego" xAddress="Dz. U. z 1964 r. Nr 43, poz. 296">art. 233 § 1 k.p.c.</xLexLink> dla swej skuteczności wymaga wskazania, jakim regułom logicznego rozumowania lub zasadom wiedzy powszechnej czy doświadczenia życiowego uchybił Sąd I instancji, oceniając materiał dowodowy. Skarżąca, powołując się na dowolną ocenę dowodów, wielokrotnie powtórzyła w apelacji, że przedłużenie czasu naprawy było spowodowane zaniedbaniami warsztatu naprawczego. (Na marginesie Sąd Okręgowy zauważa, że nie widzi uzasadnienia dla takiego redagowania apelacji, które polega na wielokrotnym powtarzaniu tych samych stwierdzeń; czyni to apelację nieczytelną i słusznie postrzegane jest przez stronę powodową jako brak merytorycznego uzasadnienia dla stawianych zarzutów). Jedyny konkretny zarzut, jaki daje się „wyłuskać” z treści apelacji, dotyczy wadliwego ustalenia przez Sąd, że dodatkowe oględziny zgłoszono już na drugi dzień po przyjęciu pojazdu do warsztatu (a więc 18.08.), podczas gdy skarżąca forsuje tezę, że miało to miejsce dopiero w dniu 25 sierpnia 2011 r. Sąd Rejonowy wskazał w tym zakresie, że swoje ustalenia opiera o treść zeznań świadka <xAnon>M. B.</xAnon>. Pozwana stara się te zeznania podważyć, uznając je za „dość nieprecyzyjne”. Sąd Okręgowy nie podziela takiej oceny. Zeznania świadka w tym zakresie są pewne i stanowcze, świadek stwierdził wprost, że zgłoszenia telefonicznego dokonał na drugi dzień po przyjęciu samochodu do naprawy, nie użył zwrotu „chyba”, czy „o ile sobie przypominam”, zatem nie sposób doszukać się w tych zeznaniach zarzucanego przez pozwaną braku precyzji. W tej sytuacji – wobec braku jakichkolwiek dowodów przeciwnych – Sąd Rejonowy w pełni prawidłowo ustalił, że zgłoszenie dodatkowych oględzin miało miejsce w czasie wskazanym przez świadka. Pozwana zarzuca też sprzeczność zeznań świadka z pozostałymi dowodami, ale nie wskazuje, z którymi konkretnie, Sąd Okręgowy takiej sprzeczności nie dostrzega. Ustalenie przez Sąd Rejonowy, że drugie oględziny miały miejsce 28.08. (niedziela), a nie w poniedziałek 29.08. pozostaje bez wpływu na rozstrzygniecie, skoro przedmiotem sporu na obecnym etapie jest zasadność pozostawania pojazdu w warsztacie w okresie od 17.08 (data przyjęcia) a 25.08. (przyjmowana przez pozwaną data zgłoszenia 2 oględzin). Dalsze rozważania apelacji oparte są na nieprawdziwym – w świetle poczynionego ustalenia – założeniu, że naprawa prowadzona była przez warsztat opieszale. Pozwana takiej opieszałości nie wykazała, brak dowodów, by naprawa przedłużyła się z powodu przywołanych w apelacji przyczyn, tj. opóźnienie w zakupie/dostarczeniu części zamiennych, brak mocy przerobowych warsztatu itp. Jedyną w sposób kategoryczny ustaloną przyczyną przedłużenia się naprawy jest brak reakcji pozwanej na telefoniczne zgłoszenie konieczności dodatkowych oględzin.</xText>
          <xText>Zarzut naruszenia <xLexLink xArt="art. 361;art. 361 § 1" xIsapId="WDU19640160093" xTitle="Ustawa z dnia 23 kwietnia 1964 r. - Kodeks cywilny" xAddress="Dz. U. z 1964 r. Nr 16, poz. 93">art. 361 §1 k.c.</xLexLink> przez przyjęcie, że najem pojazdu zastępczego w łącznym wymiarze 16 dni pozostaje w związku przyczynowym ze szkodą, pozwana uzasadnia brakiem adekwatnego związku przyczynowego pomiędzy uszkodzeniem pojazdu a naprawą, trwającą dłużej niż 9 dni. Zarzut ten opiera się na nieuprawnionym (jak wyżej wskazano) założeniu, że zakład nie zgłosił potrzeby dodatkowych oględzin niezwłocznie. Pozwana wskazała też, że skoro pojazd był jezdny, to powód mógł tak zorganizować naprawę pojazdu, by wykorzystywać go do działalności bez potrzeby przestoju.</xText>
          <xText>Także z tą argumentacją nie sposób się zgodzić. Stosownie do <xLexLink xArt="art. 361;art. 361 § 1;art. 361 § 2" xIsapId="WDU19640160093" xTitle="Ustawa z dnia 23 kwietnia 1964 r. - Kodeks cywilny" xAddress="Dz. U. z 1964 r. Nr 16, poz. 93">art. 361 § 1 i 2 k.c.</xLexLink> zobowiązany do odszkodowania ponosi odpowiedzialność tylko za normalne następstwa działania lub zaniechania, z którego szkoda wynikła. Testem dla istnienia związku przyczynowego między faktem, który jest przyczyną a faktem, który jest skutkiem, jest wyeliminowanie z łańcucha zdarzeń przyczyny; jeżeli w takiej sytuacji skutek zaistniałby, to rozpatrywane fakty nie pozostają w relacji przyczynowej. Pozytywny wynik takiego testu nie pozwala jednak przypisać dłużnikowi odpowiedzialności za wszelkie możliwe skutki takiego zdarzenia. Podstawą skutecznego domagania się odszkodowania, jest wykazanie przez wierzyciela istnienia pomiędzy zdarzeniem wywołującym szkodę a szkodą normalnego związku przyczynowego, określonego w <xLexLink xArt="art. 361;art. 361 § 1" xIsapId="WDU19640160093" xTitle="Ustawa z dnia 23 kwietnia 1964 r. - Kodeks cywilny" xAddress="Dz. U. z 1964 r. Nr 16, poz. 93">art. 361 § 1 k.c.</xLexLink> Tak rozumiany związek przyczynowy zachodzi wówczas, gdy w danym układzie stosunków i warunków oraz w zwyczajnym biegu rzeczy, bez szczególnego zbiegu okoliczności, szkoda jest typowym następstwem zdarzenia, określanego jako przyczyna (tak Sąd Najwyższy w wyroku z 29 listopada 2006 r., II CSK 259/06). Przenosząc powyższe rozważania na grunt niniejszej sprawy Sąd II instancji uznał, że Sąd Rejonowy prawidłowo ustalił istnienie normalnego związku przyczynowego pomiędzy zdarzeniem komunikacyjnym, za które odpowiada pozwany, a całym okresem najmu pojazdu zastępczego.</xText>
          <xText>W orzecznictwie podkreśla się, że powód może żądać od pozwanego zwrotu kosztów wynajmu pojazdu zastępczego poniesionych jedynie w okresie potrzebnym na naprawę jego samochodu uszkodzonego w wypadku komunikacyjnym, za które to uszkodzenia odpowiada pozwany (tak w wyrokach Sądu Najwyższego z dnia 26 listopada 2002 roku, V CKN 1397/2000, z dnia 08 września 2004 roku, IV CK 672/2003, z dnia 5 listopada 2004 roku, II CK 494/2003). Sąd Okręgowy stwierdza jednak, że przy ustalaniu odszkodowania za wynajem samochodu zastępczego nie można abstrahować od faktycznych możliwości naprawy pojazdu i postępowania zakładu ubezpieczeń. Powszechnie wiadomym jest, że jeśli koszt naprawy ma być finansowany przez zakład ubezpieczeń, to należy rygorystycznie przestrzegać ustalonego przez ten zakład zakresu naprawy. Ubezpieczyciele nie pokrywają bowiem kosztów naprawy czy wymiany tych części, których w odpowiedni sposób nie zakwalifikował ich rzeczoznawca. To oznacza konieczność oczekiwania na oględziny rzeczoznawcy przed przystąpieniem do naprawy. Co więcej, jeśli już po oględzinach wyjdzie na jaw konieczność naprawienia części nie uwzględnionych przy pierwotnych oględzinach, wzywa się rzeczoznawcę ponownie, by uniknąć wykonania naprawy, za która zakład ubezpieczeń nie zapłaci. Tak więc oczywiste jest, że do naprawy nie można przystąpić przed ustaleniem jej zakresu, zaakceptowanego przez ubezpieczyciela, takie postępowanie warsztatu naprawczego jest jak najbardziej typowym następstwem uszkodzenia pojazdu, który ma być naprawiany ze środków ubezpieczyciela. W niniejszej sprawie na podstawie prawidłowo ustalonego przez Sąd Rejonowy stanu faktycznego należy przyjąć, że warsztat dołożył należytej staranności przy procesie naprawy, współdziałał z ubezpieczycielem w sposób świadczący o dochowaniu obowiązku minimalizacji szkody, a do przedłużenia czasu naprawy doszło wyłącznie z przyczyn leżących po stronie ubezpieczyciela. Wobec tego brak jest podstaw do uznania, że poszkodowany wybierając nienależycie działający warsztat przyczynił się do powiększenia szkody i że najem pojazdu zastępczego przez cały okres pozostawania pojazdu uszkodzonego w warsztacie wykracza poza granice normalnych następstw uszkodzenia pojazdu w wyniku kolizji. Co do zarzutu, że pojazd był „jezdny” i można było zorganizować naprawę tak, by trwała nie dłużej niż 4 dni, to pozwana nie przedstawiła własnego pomysłu na to, jak wykorzystać pojazd, który został rozebrany do oględzin i oczekuje na te oględziny, a następnie na zaakceptowanie przez ubezpieczyciela zakresu naprawy, co czyni niemożliwym rzeczowe ustosunkowanie się do tego zarzutu.</xText>
          <xText>Z wyżej przedstawionych przyczyn apelacja, jako nieuzasadniona, podlegała oddaleniu na podstawie <xLexLink xArt="art. 385" xIsapId="WDU19640430296" xTitle="Ustawa z dnia 17 listopada 1964 r. - Kodeks postępowania cywilnego" xAddress="Dz. U. z 1964 r. Nr 43, poz. 296">art. 385 k.p.c.</xLexLink></xText>
          <xText>O kosztach procesu w postępowaniu odwoławczym orzeczono na podstawie <xLexLink xArt="art. 98;art. 98 § 1;art. 98 § 3" xIsapId="WDU19640430296" xTitle="Ustawa z dnia 17 listopada 1964 r. - Kodeks postępowania cywilnego" xAddress="Dz. U. z 1964 r. Nr 43, poz. 296">art. 98 § 1 i 3 k.p.c.</xLexLink> w zw. z <xLexLink xArt="art. 108;art. 108 § 1" xIsapId="WDU19640430296" xTitle="Ustawa z dnia 17 listopada 1964 r. - Kodeks postępowania cywilnego" xAddress="Dz. U. z 1964 r. Nr 43, poz. 296">art. 108 § 1 k.p.c.</xLexLink> zasądzając od pozwanego na rzecz powoda kwotę 300 zł tytułem wynagrodzenia pełnomocnika, stosownie do <xLexLink xArt="art. 108 § 2;art. 108 § 2 ust. 1;art. 108 § 2 ust. 2" xIsapId="WDU19640430296" xTitle="Ustawa z dnia 17 listopada 1964 r. - Kodeks postępowania cywilnego" xAddress="Dz. U. z 1964 r. Nr 43, poz. 296">§ 2 ust. 1 i 2</xLexLink> zw. z <xLexLink xArt="§ 6;§ 6 pkt. 3;§ 13;§ 13 ust. 1;§ 13 ust. 1 pkt. 1" xIsapId="WDU20021631349" xTitle="Rozporządzenie Ministra Sprawiedliwości z dnia 28 września 2002 r. w sprawie opłat za czynności radców prawnych oraz ponoszenia przez Skarb Państwa kosztów pomocy prawnej udzielonej przez radcę prawnego ustanowionego z urzędu" xAddress="Dz. U. z 2002 r. Nr 163, poz. 1349">§ 6 pkt 3 i § 13 ust 1 pkt 1 rozporządzenia Ministra Sprawiedliwości z dnia 28 września 2002 r. w sprawie opłat za czynności radców prawnych oraz ponoszenia przez Skarb Państwa kosztów pomocy prawnej udzielonej przez radcę prawnego ustanowionego z urzędu</xLexLink> (Dz. U. Nr 163, poz. 1349 ze zm.).</xText>
          
          <xText xALIGNx="center">
            <xIx>
    
    
     SSO A. Budzyńska SSO K. Górski SSR (del.) A. Wójcik-Wojnowska
  </xIx>
          </xText>
        </xUnit>
      </xBlock>
    </xPart>
  </judgement>
<judgement id="155515000004027_VIII_Ga_000304_2013_Uz_2013-11-22_001">
    <xPart xEditorFullName="Monika Ziębakowska" xYear="2013" xLang="PL" xPublisherFullName="Monika Stachowiak" xFromPg="1" xEditor="mziebakowska" xVolType="15/551500/0004027/Ga" xPublisher="mstachowiak" xDocType="Uz" xVolNmbr="000304" xVersion="1.0" xToPage="19" xFlag="published">
      <xName>Wyrok+Uzasadnienie</xName>
      <xBlock>
        <xText>Sygnatura akt VIII Ga 304/13</xText>
        <xUnit xIsTitle="true" xBold="true" xType="part">
          <xName>WYROK</xName>
          <xTitle>W IMIENIU RZECZYPOSPOLITEJ POLSKIEJ</xTitle>
          <xText xALIGNx="right">Dnia 22 listopada 2013 roku</xText>
          
          <xText>Sąd Okręgowy w Szczecinie VIII Wydział Gospodarczy</xText>
          <xText>w składzie następującym:</xText>
          <xText>Przewodniczący: SSO Piotr Sałamaj</xText>
          <xText>Sędziowie: SO Anna Budzyńska</xText>
          <xText>SR del. Kornelia Żminkowska (spr.)</xText>
          <xText>Protokolant: stażysta Patrycja Predko</xText>
          
          <xText>po rozpoznaniu w dniu 8 listopada 2013 roku w Szczecinie</xText>
          <xText>na rozprawie</xText>
          <xText>sprawy z powództwa <xAnon> Przedsiębiorstwa (...)</xAnon> z siedzibą <xAnon>S.</xAnon></xText>
          <xText>przeciwko <xAnon> (...) spółce z ograniczoną odpowiedzialnością</xAnon> z siedzibą w <xAnon>S.</xAnon></xText>
          <xText>o zapłatę</xText>
          <xText>na skutek apelacji pozwanego od wyroku Sądu Rejonowego Szczecin - Centrum w Szczecinie z dnia 14 maja 2013 roku, sygnatura akt XI GC 1216/12</xText>
          
          <xUnit xIsTitle="false" xType="none">
            <xName xSffx=".">I</xName>
            <xText>oddala apelację;</xText>
          </xUnit>
          <xUnit xIsTitle="false" xType="none">
            <xName xSffx=".">II</xName>
            <xText>zasądza od pozwanego na rzecz powoda kwotę 1.200 zł (jednego tysiąca dwustu złotych) tytułem kosztów procesu w postępowaniu apelacyjnym.</xText>
          </xUnit>
          
          <xText>SSO A. Budzyńska    SSO P. Sałamaj  del. SSR K. Żminkowska
</xText>
          
          <xText>Sygn. akt VIII Ga 304/13</xText>
        </xUnit>
        <xUnit xIsTitle="true" xBold="true" xType="part">
          <xName>UZASADNIENIE</xName>
          <xText>Powódka <xAnon> Przedsiębiorstwo (...)</xAnon> w <xAnon>S.</xAnon> pozwem z dnia 11 października 2012 roku wniosła o zasądzenie od pozwanego <xAnon> (...) spółki z ograniczoną odpowiedzialnością</xAnon> w <xAnon>S.</xAnon> kwoty 30.000 zł wraz z ustawowymi odsetkami liczonymi od dnia wniesienia pozwu do dnia zapłaty i kosztami procesu w tym kosztami zastępstwa procesowego.</xText>
          <xText>W uzasadnieniu pozwu wskazała, że w toku egzekucji toczącej się pod sygnaturą KM 635/12, okazało się, że dłużnik <xAnon> – (...) spółka z ograniczoną odpowiedzialnością</xAnon> w <xAnon>S.</xAnon> sprzedał w dniu 29 lutego 2012 roku na rzecz pozwanego nieruchomość. W akcie notarialnym ustalono, że pozwany spłaci dłużnikowi ostatnią ratę tytułem ceny sprzedaży w kwocie 92.620,00 zł do dnia 31 marca 2012 roku. Na miesiąc przed umówionym terminie pozwany zapłacił dłużnikowi dwie raty w kwocie 62.620,00 zł. Po dokonanym zajęciu pozostała jeszcze kwota 30.000 zł stanowiąca różnicę z ustalonej ceny sprzedaży i dokonanych przed zajęciem spłat. Pozwany nie uregulował tej należności. W efekcie działań pozwanego, polegających na bezprawnym zaniechaniu przekazania wierzytelności, wbrew żądaniu komornika, powód nie mógł skutecznie wyegzekwować należnej kwoty od dłużnika <xAnon> (...) spółki z ograniczoną odpowiedzialnością</xAnon>.</xText>
          <xText>W odpowiedzi na pozew pozwany wniósł o oddalenie powództwa i zasądzenie kosztów procesu, w tym kosztów zastępstwa procesowego. Uzasadniając swoje stanowisko wskazał, że na podstawie aktu notarialnego nabył od <xAnon> Przedsiębiorstwa (...) spółki z ograniczoną odpowiedzialnością</xAnon> w <xAnon>S.</xAnon> nieruchomość – udział w 24/100 części wieczystego użytkowania gruntu <xAnon>działki o nr (...)</xAnon> oraz udział w <xAnon>(...)</xAnon>części współwłasności budynku posadowionego na działce, przy <xAnon>ulicy (...)</xAnon> w <xAnon>S.</xAnon>. Nadto podniósł, iż aktem notarialnym z dnia 16 kwietnia 2012 r. strony umowy postanowiły, że pozostała do zapłaty kwota 30.000 zł zostanie uregulowana do dnia 2 lipca 2012 roku. Następnie aktem notarialnym z dnia 18 września 2012 roku postanowiono obniżyć wartość sprzedaży nieruchomości o kwotę 35.000 zł. Przyczyną obniżenia wartości nieruchomości była niemożliwość wydzielenia odrębnych lokali i założenia dla nich samodzielnych ksiąg wieczystych, o której to wadzie pozwany nie wiedział w dacie nabycia nieruchomości. Pozwana zaprzeczyła temu, by swoim postępowaniem wyrządziła powodowi jakąkolwiek szkodę, nie przekazując komornikowi kwot wynikających z zajęcia wierzytelności wobec <xAnon> (...) Spółki z ograniczoną odpowiedzialnością</xAnon>.</xText>
          <xText>Wyrokiem z dnia 14 maja 2013 roku Sąd Rejonowy Szczecin – Centrum w Szczecinie XI Wydział Gospodarczy zasądził od pozwanej na rzecz powoda kwotę 30 000 zł z ustawowymi odsetkami liczonymi od dnia 11 października 2012 roku do dnia zapłaty. Ponadto zasadził od pozwanej na rzecz powoda kwotę 3 917 zł tytułem zwrotu kosztów postępowania.</xText>
          <xText>Uzasadniając powyższy wyrok Sad Rejonowy ustalił, że wyrokiem z dnia 28 listopada 2011 roku, sygn. akt XI GC 354/11 Sąd Rejonowy Szczecin - Centrum w Szczecinie zasądził od <xAnon> Przedsiębiorstwa (...) spółki z ograniczoną odpowiedzialnością</xAnon> w <xAnon>S.</xAnon> na rzecz powódki <xAnon> Przedsiębiorstwa (...)</xAnon> w <xAnon>S.</xAnon> kwotę 32.928.98 zł z odsetkami ustawowymi od kwoty 33.343,92 zł od dnia 1 maja 2011 roku do dnia 5 maja 2011 roku i od kwoty 32.928,98 zł od dnia 6 maja 2011 roku do dnia zapłaty, który postanowieniem z dnia 8 lutego 2012 roku Sąd Rejonowy Szczecin – Centrum w Szczecinie został zaopatrzony w klauzulę wykonalności.</xText>
          <xText>W dniu 23 lutego 2012 roku powódka złożyła do Komornika Sądowego <xAnon>T. Z.</xAnon> wniosek egzekucyjny celem wyegzekwowania jego roszczeń stwierdzonych w/w wyrokiem. W dniu 24 lutego 2012 roku Komornik Sądowy przy Sądzie Rejonowym Szczecin – Prawobrzeże i Zachód w Szczecinie <xAnon>T. Z.</xAnon> działając z wniosku wierzyciela <xAnon> Przedsiębiorstwa (...)</xAnon> w <xAnon>S.</xAnon> wezwał dłużnika <xAnon> Przedsiębiorstwo (...) spółkę z ograniczoną odpowiedzialnością</xAnon> w <xAnon>S.</xAnon>, do zapłaty należności wynikających z wyroku Sądu Rejonowego Szczecin- Centrum w Szczecinie z dnia 28 listopada 2011 roku zaopatrzonego w klauzulę wykonalności i wszczął egzekucję z przysługującego dłużnikowi udziału w wysokości 24/100 w użytkowaniu wieczystym nieruchomości położonej w <xAnon>S.</xAnon>, przy <xAnon>ulicy (...)</xAnon>, nr <xAnon>działki (...)</xAnon>, dla której Sąd Rejonowy Szczecin – Prawobrzeże i Zachód w Szczecinie prowadzi <xAnon>księgę wieczystą KW nr (...)</xAnon> - w terminie 14 dni pod rygorem przystąpienia do opisu i oszacowania nieruchomości. Sprawę zarejestrowano pod sygnaturą KM 635/12</xText>
          <xText>W dniu 29 lutego 2012 roku <xAnon>R. G.</xAnon> – prezes zarządu - działający w imieniu i na rzecz <xAnon> Przedsiębiorstwa (...) spółki z ograniczoną odpowiedzialnością</xAnon> w <xAnon>S.</xAnon> sprzedał <xAnon>G. J.</xAnon> – prezesowi zarządu działającemu w imieniu i na rzecz <xAnon> (...) spółki z ograniczoną odpowiedzialnością</xAnon> w <xAnon>S.</xAnon>, na podstawie aktu notarialnego Repertorium <xAnon>(...)</xAnon>, udział do <xAnon>(...)</xAnon>części w prawie użytkowania wieczystego gruntu stanowiącego zabudowaną <xAnon>działkę nr (...)</xAnon>, położoną w <xAnon>S.</xAnon>, przy <xAnon>ulicy (...)</xAnon> oraz udział do <xAnon>(...)</xAnon>części budynku posadowionego na tej działce stanowiącego odrębną od gruntu nieruchomość, położonego w <xAnon>S.</xAnon>, przy <xAnon>ulicy (...)</xAnon>, dla której Sąd Rejonowy Szczecin – Prawobrzeże i Zachód w Szczecinie prowadzi <xAnon>księgę wieczystą KW nr (...)</xAnon>. W dziale III księgi wieczystej prowadzonej dla przedmiotowej nieruchomości ustanowiony został sposób korzystania z niej, a w dziale IV tej księgi wpisane były: hipoteka umowna kaucyjna na rzecz <xAnon> (...) spółki z ograniczoną odpowiedzialnością</xAnon> w <xAnon>S.</xAnon> zabezpieczająca zwrot wierzytelności wraz z odsetkami i ewentualnie koszty uboczne na udziale należącym do <xAnon> (...) spółki z ograniczoną odpowiedzialnością</xAnon> w <xAnon>S.</xAnon>, dwie hipoteki przymusowe zwykłe oraz cztery hipoteki przymusowe na rzecz Naczelnika Drugiego Urzędu Skarbowego. <xAnon>G. J.</xAnon> złożył oświadczenie, że Spółce znany jest stan prawny i techniczny nieruchomości oraz, że odstępuje od żądania od zbywcy przedstawienia świadectwa energetycznego dla budynku. W paragrafie 5 aktu notarialnego wskazano, że cena sprzedaży została ustalona przez strony na kwotę 450.000 zł i <xAnon>R. G.</xAnon> potwierdził, że kwota 200.000 zł została <xAnon> Spółce (...)</xAnon> uregulowana w dniu zawarcia aktu notarialnego. Pozostałą do zapłaty część ceny <xAnon>G. J.</xAnon> działający w imieniu i na rzecz <xAnon> (...) Spółki z ograniczoną odpowiedzialnością</xAnon> w <xAnon>S.</xAnon> zobowiązał się zapłacić w następujący sposób:</xText>
          <xText>- kwota 157.380,00 zł została rozliczona pomiędzy stronami, poprzez potrącenie wymagalnej wierzytelności <xAnon> Spółki (...) spółki z ograniczoną odpowiedzialnością</xAnon> w <xAnon>S.</xAnon> należnej od <xAnon> (...) spółki z ograniczoną odpowiedzialnością</xAnon> w <xAnon>S.</xAnon> i roszczenia z tego tytułu wygasły,</xText>
          <xText>- kwota 92.620,00 zł miała zostać zapłacona przelewem do dnia 31 marca 2012 roku na konto sprzedającego i co do zapłaty tej kwoty <xAnon>G. J.</xAnon> poddał reprezentowaną przez siebie Spółkę egzekucji.</xText>
          <xText>Wnioskiem z dnia 7 marca 2012 roku powód zwrócił się do komornika sądowego o zajęcie wierzytelności w kwocie 92.620,00 zł przysługującej dłużnikowi <xAnon> (...) spółce z ograniczoną odpowiedzialnością</xAnon> w <xAnon>S.</xAnon> wobec <xAnon> (...) spółki z ograniczoną odpowiedzialnością</xAnon> w <xAnon>S.</xAnon> z tytułu sprzedaży przez dłużnika na rzecz pozwanego udziału w prawie wieczystego użytkowania. Wniósł także o zajęcie wszelkich wierzytelności przysługujących <xAnon> (...) spółce z ograniczoną odpowiedzialnością</xAnon> wobec <xAnon> (...) spółki z ograniczoną odpowiedzialnością</xAnon>.</xText>
          <xText>Komornik Sądowy pismem z dnia 7 marca 2012 roku dokonał zajęcia wierzytelności w kwocie 32.928,98 zł z odsetkami, kosztami procesu, zastępstwa procesowego, opłaty egzekucyjnej i wydatków gotówkowych dłużnej spółki należnych jej od pozwanego z tytułu sprzedaży udziałów w prawie wieczystego użytkowania, na nieruchomości położonej w <xAnon>S.</xAnon>, przy <xAnon>ulicy (...)</xAnon> oraz wszelkich innych należności przypadających <xAnon> (...) spółce z ograniczoną odpowiedzialnością</xAnon> w <xAnon>S.</xAnon> w wyniku wzajemnych rozliczeń, o czym poinformował powoda w piśmie z dnia 12 kwietnia 2012 roku. Komornik w dniu 7 marca 2012 r. udał się do siedziby <xAnon> (...) spółki z ograniczoną odpowiedzialnością</xAnon> w <xAnon>S.</xAnon>, mieszczącej się przy <xAnon>ulicy (...)</xAnon>. W tym samym miejscu mieściła się siedziba <xAnon> (...) spółki z ograniczoną odpowiedzialnością</xAnon> w <xAnon>S.</xAnon>. Na miejscu Komornik zastał prezesa <xAnon> (...) spółki z ograniczoną odpowiedzialnością</xAnon>, który pokwitował odbiór zajęcia wierzytelności dla <xAnon> (...) spółki z ograniczoną odpowiedzialnością</xAnon> i zobowiązał się przekazać przesyłkę adresatowi. Zajęcie zostało wysłane do pozwanego przez komornika sądowego także za pośrednictwem poczty. W dniu 06 kwietnia 2012 roku Komornik Sądowy dokonał aktualizacji zajęcia wierzytelności z dnia 07 marca 2012 roku.</xText>
          <xText>W akcie notarialnym z dnia 16 kwietnia 2012 roku <xAnon>R. G.</xAnon> reprezentujący <xAnon> Przedsiębiorstwo (...) spółkę z ograniczoną odpowiedzialnością</xAnon> w <xAnon>S.</xAnon> potwierdził zapłatę przez pozwanego kwoty 62.620,00 zł z tytułu dokonanej w dniu 29 lutego 2012 roku sprzedaży nieruchomości. Jednocześnie reprezentujący <xAnon> (...) spółkę z ograniczoną odpowiedzialnością</xAnon> w <xAnon>S.</xAnon> – <xAnon>I. W.</xAnon> zobowiązał się do zapłaty na rzecz sprzedającej spółki pozostałą do zapłaty cenę w wysokości 30.000,00 zł w terminie do dnia 02 lipca 2012 roku.</xText>
          <xText>Dnia 18 kwietnia 2012 roku w kancelarii Komornika Sądowego <xAnon>T. Z.</xAnon> stawił się <xAnon>I. W.</xAnon>, działający jako prokurent w imieniu i na rzecz <xAnon> (...) spółki z ograniczoną odpowiedzialnością</xAnon> w <xAnon>S.</xAnon>. Przedstawił dwa dowody wpłaty kwoty w łącznej wysokości 62.620,00 zł, którą reprezentująca przez niego Spółka wpłaciła na rzecz <xAnon> (...) spółki z ograniczoną odpowiedzialnością</xAnon> w <xAnon>S.</xAnon>. Według dowodów wpłaty pierwsza wpłata nastąpiła w dniu 01 marca 2012 roku w kwocie 30.000,00 zł, a druga w dniu 05 marca 2012 roku w kwocie 32.620,00 zł tytułem częściowej zapłaty za nabycie w dniu 29 lutego 2012 roku nieruchomości i prawa wieczystego użytkowania nieruchomości przy <xAnon>ulicy (...)</xAnon>. <xAnon>I. W.</xAnon> przekazał komornikowi informację, że pozostała do zapłaty kwota, zostanie uregulowana do 2 lipca 2012 roku przelewem na konto komornika, zgodnie z zajęciem. Nie przekazał mu informacji o wadach prawnych ani o niemożliwości przekazania mu pieniędzy. Wpłata nie nastąpiła, dlatego komornik sądowy skontaktował się w tej sprawie z <xAnon>I. W.</xAnon>, który przekazał mu, że nie ma środków finansowych na zapłatę.</xText>
          <xText>W piśmie z dnia 10 lipca 2012 roku Komornik Sądowy wezwał <xAnon> (...) spółkę z ograniczoną odpowiedzialnością</xAnon> w <xAnon>S.</xAnon> do niezwłocznej zapłaty kwoty 30.000 zł w terminie tygodniowym od doręczenia wezwania.</xText>
          <xText>W odpowiedzi na wezwanie pozwana, w piśmie z dnia 18 lipca 2012 roku, wyjaśniła, że zobowiązanie do zapłaty na rzecz <xAnon> (...) spółki z ograniczoną odpowiedzialnością</xAnon> w <xAnon>S.</xAnon> jest przez nią podważane, ponieważ przy zakupie nieruchomości, przy <xAnon>ulicy (...)</xAnon> w <xAnon>S.</xAnon> została wprowadzona w błąd co do stanu prawnego nieruchomości. Pozwana postanowiła domagać się zwrotu od <xAnon> spółki (...)</xAnon> przyszłych poniesionych kosztów związanych z usuwaniem wad prawnych dotyczących nieruchomości. W treści pisma wskazano, iż pozwana poinformowała prezesa <xAnon> (...) spółki z ograniczoną odpowiedzialnością</xAnon> w <xAnon>S.</xAnon>, że po wyliczeniu wszystkich kosztów związanych z unormowaniem stanu prawnego nieruchomości, należna <xAnon> spółce (...)</xAnon> kwota zostanie proporcjonalnie zmniejszona o poniesione przez pozwaną koszty, a w przypadku braku zgody na takie rozwiązanie Spółka zmuszona będzie dochodzić swoich praw na drodze postępowania sądowego. Dalej podniesiono, iż propozycja takiego rozwiązania została wstępnie zaakceptowana przez strony, które zawiesiły, do momentu oszacowania, wzajemne roszczenia dotyczące kwestii pieniężnych związanych z transakcją zakupu nieruchomości, położonej w <xAnon>S.</xAnon>, przy <xAnon>ulicy (...)</xAnon>.</xText>
          <xText><xAnon> Przedsiębiorstwo (...) spółka z ograniczoną odpowiedzialnością</xAnon> w <xAnon>S.</xAnon> reprezentowana przez prezesa zarządu <xAnon>R. G.</xAnon> zawarła w dniu 18 września 2012 roku z <xAnon> (...) spółką z ograniczoną odpowiedzialnością</xAnon> w <xAnon>S.</xAnon> reprezentowaną przez prezesa zarządu- <xAnon>G. J.</xAnon> akt notarialny Repertorium A numer <xAnon> (...)</xAnon> – oświadczenie do umowy sprzedaży z dnia 29 lutego 2012 roku. W paragrafie 2 aktu notarialnego wskazano, że nabyta przez pozwaną nieruchomość zabudowana <xAnon>działką numer (...)</xAnon>, położona przy <xAnon>ulicy (...)</xAnon> w <xAnon>S.</xAnon> jest obciążona wadą prawną w postaci braku możliwości wyłączenia współudziału <xAnon>(...)</xAnon>części z całości w zakupionej przez <xAnon> (...) Spółkę z ograniczoną odpowiedzialnością</xAnon> w <xAnon>S.</xAnon>, czyli brakiem możliwości wyodrębnienia lokali z budynku posadowionego na przedmiotowym gruncie. Kupujący działał w przekonaniu, że lokale będą mogły być wyodrębnione bez żadnych przeciwwskazań ze strony pozostałych współwłaścicieli, co okazało się niemożliwe. W związku z tym postanowiono obniżyć wartość sprzedaży nieruchomości o kwotę 35.000,00 zł tj. z kwoty 450.000,00 zł na kwotę 415.000,00 zł tytułem odszkodowania za wady prawne nieujawnione w momencie zakupu nieruchomości. Strona sprzedająca <xAnon> (...) spółka z ograniczoną odpowiedzialnością</xAnon> w <xAnon>S.</xAnon> odstąpiła od roszczenia zapłaty od <xAnon> (...) spółki z ograniczoną odpowiedzialnością</xAnon> w <xAnon>S.</xAnon> kwoty 30.000,00 zł.</xText>
          <xText>Na podstawie tak ustalonego stanu faktycznego Sąd Rejonowy uznał powództwo za uzasadnione w całości, wskazując, że podstawę prawną żądania stanowi <xLexLink xArt="art. 902" xIsapId="WDU19640430296" xTitle="Ustawa z dnia 17 listopada 1964 r. - Kodeks postępowania cywilnego" xAddress="Dz. U. z 1964 r. Nr 43, poz. 296">art. 902 k.p.c.</xLexLink> w zw. z <xLexLink xArt="art. 886;art. 886 § 3" xIsapId="WDU19640430296" xTitle="Ustawa z dnia 17 listopada 1964 r. - Kodeks postępowania cywilnego" xAddress="Dz. U. z 1964 r. Nr 43, poz. 296">art. 886 § 3 k.p.c.</xLexLink> zgodnie z którymi dłużnik zajętej wierzytelności, który nie zastosował się do wezwania z <xLexLink xArt="art. 881;art. 882" xIsapId="WDU19640430296" xTitle="Ustawa z dnia 17 listopada 1964 r. - Kodeks postępowania cywilnego" xAddress="Dz. U. z 1964 r. Nr 43, poz. 296">art. 881 i 882</xLexLink> lub w inny sposób naruszył obowiązki wynikające z zajęcia bądź złożył oświadczenie przewidziane w <xLexLink xArt="art. 882" xIsapId="WDU19640430296" xTitle="Ustawa z dnia 17 listopada 1964 r. - Kodeks postępowania cywilnego" xAddress="Dz. U. z 1964 r. Nr 43, poz. 296">art. 882</xLexLink> niezgodne z prawdą albo dokonał wypłaty zajętej wierzytelności dłużnikowi odpowiada za wyrządzoną przez to wierzycielowi szkodę.</xText>
          <xText>Pozostając w zgodzie z utrwalonym stanowiskiem doktryny i judykatury Sąd Rejonowy przyjął, że odpowiedzialność odszkodowawcza, o jakiej mowa w <xLexLink xArt="art. 886;art. 886 § 3" xIsapId="WDU19640430296" xTitle="Ustawa z dnia 17 listopada 1964 r. - Kodeks postępowania cywilnego" xAddress="Dz. U. z 1964 r. Nr 43, poz. 296">art. 886 § 3 k.p.c.</xLexLink> jest odpowiedzialnością deliktową opartą na zasadzie winy (<xLexLink xArt="art. 415" xIsapId="WDU19640160093" xTitle="Ustawa z dnia 23 kwietnia 1964 r. - Kodeks cywilny" xAddress="Dz. U. z 1964 r. Nr 16, poz. 93">art. 415 k.c.</xLexLink> i <xLexLink xArt="art. 416" xIsapId="WDU19640160093" xTitle="Ustawa z dnia 23 kwietnia 1964 r. - Kodeks cywilny" xAddress="Dz. U. z 1964 r. Nr 16, poz. 93">art. 416 k.c.</xLexLink>). Dyspozycja <xLexLink xArt="art. 416" xIsapId="WDU19640160093" xTitle="Ustawa z dnia 23 kwietnia 1964 r. - Kodeks cywilny" xAddress="Dz. U. z 1964 r. Nr 16, poz. 93">art. 416 k.c.</xLexLink> w zw. z <xLexLink xArt="art. 415" xIsapId="WDU19640160093" xTitle="Ustawa z dnia 23 kwietnia 1964 r. - Kodeks cywilny" xAddress="Dz. U. z 1964 r. Nr 16, poz. 93">art. 415 k.c.</xLexLink> stanowi, że osoba prawna jest obowiązana do naprawienia szkody wyrządzonej z winy jej organu.</xText>
          <xText>Zgodnie z <xLexLink xArt="art. 896;art. 896 § 1" xIsapId="WDU19640430296" xTitle="Ustawa z dnia 17 listopada 1964 r. - Kodeks postępowania cywilnego" xAddress="Dz. U. z 1964 r. Nr 43, poz. 296">art. 896 § 1 k.p.c.</xLexLink> do egzekucji z wierzytelności komornik przystępuje przez jej zajęcie. W celu zajęcia komornik zawiadomi dłużnika, że nie wolno mu odbierać żadnego świadczenia ani rozporządzać zajętą wierzytelnością i ustanowionym dla niej zabezpieczeniem; wezwie dłużnika wierzytelności, aby należnego od niego świadczenia nie uiszczał dłużnikowi, lecz złożył je komornikowi lub do depozytu sądowego. Stosownie do § 2 tego przepisu, jednocześnie z zajęciem wierzytelności komornik wezwie jej dłużnika, aby w ciągu tygodnia złożył oświadczenie: czy i w jakiej wysokości przysługuje dłużnikowi zajęta wierzytelność, czy też odmawia zapłaty i z jakiej przyczyny; czy inne osoby roszczą sobie prawa do wierzytelności, czy i w jakim sądzie lub przed jakim organem toczy się lub toczyła się sprawa o zajętą wierzytelność oraz czy i o jakie roszczenia została skierowana do zajętej wierzytelności egzekucja przez innych wierzycieli.</xText>
          <xText>Z powyższego wynika, że do obowiązków tzw. trzeciodłużnika należy uiszczenie zajętej wierzytelności komornikowi. Dłużnik może kwestionować istnienie wierzytelności (arg. z <xLexLink xArt="art. 896;art. 896 § 1" xIsapId="WDU19640430296" xTitle="Ustawa z dnia 17 listopada 1964 r. - Kodeks postępowania cywilnego" xAddress="Dz. U. z 1964 r. Nr 43, poz. 296">art. 896 § 1 k.p.c.</xLexLink>), lecz winien mieć ku temu usprawiedliwione powody. Jeśli takie powody nie istnieją, obowiązkiem dłużnika zajętej wierzytelności jest zapłata.</xText>
          <xText>Zgodnie z <xLexLink xArt="art. 900;art. 900 § 1" xIsapId="WDU19640430296" xTitle="Ustawa z dnia 17 listopada 1964 r. - Kodeks postępowania cywilnego" xAddress="Dz. U. z 1964 r. Nr 43, poz. 296">art. 900 § 1 k.p.c.</xLexLink> zajęcie jest dokonane z chwilą doręczenia wezwania dłużnikowi zajętej wierzytelności. W ocenie Sądu Rejonowego w przedmiotowej sprawie dokonanie zajęcia nie budziło wątpliwości.</xText>
          <xText>W swoich rozważaniach Sąd I instancji powołał się na treść <xLexLink xArt="art. 885" xIsapId="WDU19640430296" xTitle="Ustawa z dnia 17 listopada 1964 r. - Kodeks postępowania cywilnego" xAddress="Dz. U. z 1964 r. Nr 43, poz. 296">art.  885 k.p.c.</xLexLink>, zgodnie z którym zajęcie ma ten skutek, że w stosunku do wierzyciela egzekwującego nieważne są rozporządzenia wynagrodzeniem przekraczające część wolną od zajęcia, dokonane po jego zajęciu, a także przed zajęciem, jeżeli wymagalność wynagrodzenia następuje po zajęciu oraz na wyrażony w orzecznictwie pogląd, że zmiana zobowiązania, umówiona po egzekucyjnym zajęciu prawa majątkowego miedzy dłużnikiem, przeciw któremu dokonano zajęcia, a jego dłużnikiem, nie wypływa na prawa wierzyciela egzekwującego (orzeczenie SN z 30 kwietnia 1937 r., C. III . 3216/36, RPEiS 1939 nr 2 s. 429), co wskazuje, że po zajęciu wierzytelności strony umowy kupna sprzedaży nie mogły skutecznie wobec wierzyciela ustalić obniżenia ceny, a takie ustalenia nie usprawiedliwiały odmowy zapłaty.</xText>
          <xText>W dalszej kolejności Sąd Rejonowy uznał za niewykazane i niewiarygodne powody, które w ocenie pozwanej miały usprawiedliwiać odmowę zapłaty i owo obniżenie ceny, tj. rzekome wady rzeczy sprzedanej. Przedmiotem sprzedaży był udział we współużytkowaniu wieczystym gruntu i współwłasności budynku, przy czym tzw. podział <xIx>quod usum</xIx> dokonany pomiędzy współwłaścicielami przewidywał, że udział sprzedawcy to określone piętra budynku. Pozwana wadę prawną upatrywała w tym, że niemożliwe bez zgody drugiego współwłaściciela okazało się zniesienie współwłasności przez ustanowienie odrębnej własności lokali. Sąd uznał, że nie jest wadą prawną rzeczy stan prawny – do czego sprowadzał się zarzut, że niemożliwe jest zniesienie współwłasności bez zgody wszystkich współwłaścicieli, ani tym bardziej taką wadą nie jest nieznajomość prawa przez nabywcę.</xText>
          <xText>Sąd nie dał wiary zeznaniom <xAnon>M. M.</xAnon> w części odnoszącej się do rzekomych wad. Sąd Rejonowy wskazał, iż świadek jest z wykształcenia prawnikiem, a nadto była pracownikiem <xAnon>U.</xAnon> aż do dnia sprzedaży udziału we własności nieruchomości – dyrektorem prawnym. Wobec tego kwestie prawne nie powinny jej być obce, przeciwnie, winna doskonale orientować się w wymaganiach, związanych ze zniesieniem współwłasności, tym bardziej, że to M. <xAnon>M.</xAnon> wg jej własnych zeznań miała się zajmować planowanym przez pozwaną wyodrębnieniem lokali, a zaraz po sprzedaży udziału została pracownikiem <xAnon>R.</xAnon>.</xText>
          <xText>W oparciu o powyższe ustalenia Sąd Rejonowy uznał, że działania obu stron umowy były nakierowane na pozbawienie wierzyciela możliwości zaspokojenia się, a zatem odmowa przekazania zajętej wierzytelności komornikowi była zarówno bezprawna, jak i zawiniona, w konsekwencji czego doprowadziła do powstania szkody po stronie powoda, z uwagi na niezaspokojoną wierzytelność powódki mianowicie wierzytelność powódki. Jednocześnie wskazany przez Komornika poziom zadłużenia <xAnon> spółki (...)</xAnon> w zestawieniu z systematycznym wybywaniem się majątku stawia pod znakiem zapytania możliwość wyegzekwowania zobowiązania w przyszłości. Także związek przyczynowy między odmową zapłaty a tak rozumianą szkodą mieści się w granicach normalności, o jakich mowa w <xLexLink xArt="art. 361;art. 361 § 1" xIsapId="WDU19640160093" xTitle="Ustawa z dnia 23 kwietnia 1964 r. - Kodeks cywilny" xAddress="Dz. U. z 1964 r. Nr 16, poz. 93">art. 361 § 1 k.c.</xLexLink></xText>
          <xText>Powód wniósł o zasądzenie na jego rzecz kwoty 30.000 złotych wraz z ustawowymi odsetkami liczonymi od dnia wniesienia pozwu do dnia zapłaty. Termin spełnienia świadczenia odszkodowawczego wyznacza wezwanie (<xLexLink xArt="art. 455" xIsapId="WDU19640160093" xTitle="Ustawa z dnia 23 kwietnia 1964 r. - Kodeks cywilny" xAddress="Dz. U. z 1964 r. Nr 16, poz. 93">art. 455 k.c.</xLexLink>), powód dochodził odsetek od dnia wytoczenia powództwa, a więc od daty późniejszej, zgodnie z <xLexLink xArt="art. 481;art. 481 § 1" xIsapId="WDU19640160093" xTitle="Ustawa z dnia 23 kwietnia 1964 r. - Kodeks cywilny" xAddress="Dz. U. z 1964 r. Nr 16, poz. 93">art. 481 § 1 k.c.</xLexLink> Z powyższych względów Sąd Rejonowy uwzględnił żądanie pozwu w całości</xText>
          <xText>O kosztach Sąd I instancji orzekł, stosownie do treści przepisu <xLexLink xArt="art. 98" xIsapId="WDU19640430296" xTitle="Ustawa z dnia 17 listopada 1964 r. - Kodeks postępowania cywilnego" xAddress="Dz. U. z 1964 r. Nr 43, poz. 296">art. 98 k.p.c.</xLexLink> i <xLexLink xArt="§ 6;§ 6 pkt. 5" xIsapId="WDU20021631348" xTitle="Rozporządzenie Ministra Sprawiedliwości z dnia 28 września 2002 r. w sprawie opłat za czynności adwokackie oraz ponoszenia przez Skarb Państwa kosztów nieopłaconej pomocy prawnej udzielonej z urzędu" xAddress="Dz. U. z 2002 r. Nr 163, poz. 1348">§ 6 pkt. 5 Rozporządzenia Ministra Sprawiedliwości z dnia 28 września 2002 roku w sprawie opłat za czynności adwokackie oraz ponoszenia przez Skarb Państwa kosztów nieopłaconej pomocy prawnej udzielonej z urzędu</xLexLink>.</xText>
          <xText>Od powyższego wyroku apelację wywiódł pozwany, zaskarżając wyrok w całości i zarzucając mu:</xText>
          <xEnum>
            <xBullet>-</xBullet>
            <xEnumElem>
              <xText>sprzeczność istotnych ustaleń sądu z treścią zebranego materiału dowodowego wynikającą:</xText>
            </xEnumElem>
            <xEnumElem>
              <xText>z całkowicie dowolnego przyjęcia, iż nieuiszczenie zajętej wierzytelności komornikowi było bezpodstawne w sytuacji, gdy pozwana kwestionowała jej wysokość, a następnie wierzytelność przestała istnieć a ponadto, iż działania pozwanej były bezprawne, zawinione, a czynności mające je usprawiedliwić pozorne, co zdaniem sądu doprowadziło do powstania szkody i odpowiedzialności deliktowej pozwanej, podczas gdy zgromadzony w sprawie materiał dowodowy jednoznacznie prowadzi do wprost przeciwnych wniosków;</xText>
            </xEnumElem>
            <xEnumElem>
              <xText>z całkowicie dowolnego przyjęcia, iż komornik sądowy dokonał zajęcia wierzytelności w dniu 7 marca 2012 roku, podczas gdy wezwanie, o którym mowa w <xLexLink xArt="art. 900;art. 900 § 1" xIsapId="WDU19640430296" xTitle="Ustawa z dnia 17 listopada 1964 r. - Kodeks postępowania cywilnego" xAddress="Dz. U. z 1964 r. Nr 43, poz. 296">art. 900 § 1 k.p.c.</xLexLink> w zw. z <xLexLink xArt="art. 896;art. 896 § 1;art. 896 § 2" xIsapId="WDU19640430296" xTitle="Ustawa z dnia 17 listopada 1964 r. - Kodeks postępowania cywilnego" xAddress="Dz. U. z 1964 r. Nr 43, poz. 296">art. 896 § 1 i 2 k.p.c.</xLexLink> nie zostało doręczone pozwanej, a tym samym czynność ta nie została skutecznie dokonana;</xText>
            </xEnumElem>
            <xEnumElem>
              <xText>naruszenie prawa procesowego, mające istotny wpływ na treść zaskarżonego orzeczenia, a mianowicie <xLexLink xArt="art. 233" xIsapId="WDU19640430296" xTitle="Ustawa z dnia 17 listopada 1964 r. - Kodeks postępowania cywilnego" xAddress="Dz. U. z 1964 r. Nr 43, poz. 296">art. 233 k.p.c.</xLexLink> wynikające z uznania za wiarygodne zeznań świadka <xAnon>T. Z.</xAnon> i sporządzonych przez niego dokumentów wyłącznie z uwagi na fakt sprawowania przez niego funkcji komornika, przy jednoczesnym przyjęciu, iż nie zasługują na wiarygodność zeznania <xAnon>A. J.</xAnon>, <xAnon>I. W.</xAnon> oraz <xAnon>M. M.</xAnon>, co do braku skutecznego dokonania zajęcia, braku upoważnienia <xAnon>R. G.</xAnon> do odbierania korespondencji kierowanej do pozwanej, ujawnieniu się istotnej okoliczności zmniejszającej wartość nieruchomości, a tym samym istnieniu podstaw do kwestionowania wysokości wierzytelności.</xText>
            </xEnumElem>
          </xEnum>
          <xText>Wskazując na powyższe pozwany wniósł o zmianę zaskarżonego wyroku poprzez oddalenie powództwa w całości, ewentualnie o uchylenie zaskarżonego wyroku i przekazanie sprawy do ponownego rozpoznania sądowi I instancji oraz zasądzenie od powoda na rzecz pozwanego zwrotu kosztów procesu według norm przepisanych, a tym kosztów zastępstwa adwokackiego za obie instancje.</xText>
          <xText>W uzasadnieniu apelacji pozwany podniósł, że Sąd I instancji zupełnie pominął okoliczność, iż pozwana, z tytułu nabycia od <xAnon> (...) Sp. z o.o.</xAnon> części prawa własności nieruchomości, nie posiada jakichkolwiek wymagalnych należności wobec <xAnon> spółki (...)</xAnon>, co wynika wprost z dowodów w postaci umowy sprzedaży oraz dwóch oświadczeń do umowy sprzedaży, które to dokumenty zostały sporządzone w formie aktu notarialnego, powołując się przy tym na treść <xLexLink xArt="art. 2;art. 2 § 2" xIsapId="WDU19910220091" xTitle="Ustawa z dnia 14 lutego 1991 r. - Prawo o notariacie" xAddress="Dz. U. z 1991 r. Nr 22, poz. 91">art. 2 § 2 ustawy z 14 lutego 1991 roku - Prawo o notariacie</xLexLink> - czynności notarialne dokonane przez notariusza zgodnie z prawem mają charakter dokumentu urzędowego. A zatem skoro akt notarialny stwierdzający brak wierzytelności <xAnon> spółki (...)</xAnon> wobec <xAnon>R.</xAnon> z tytułu umowy sprzedaży istnieje w obrocie prawnym, sąd nie jest uprawniony do czynienia ustaleń odmiennych. Wskazał ponadto, że sąd I instancji, sprzecznie z materiałem dowodowym ustalił, iż zajęcie wierzytelności nastąpiło w dniu 07 marca 2012 roku. Zgodnie z <xLexLink xArt="art. 900;art. 900 § 1" xIsapId="WDU19640430296" xTitle="Ustawa z dnia 17 listopada 1964 r. - Kodeks postępowania cywilnego" xAddress="Dz. U. z 1964 r. Nr 43, poz. 296">art. 900 § 1 k.p.c.</xLexLink> zajęcie jest dokonane z chwilą doręczenia wezwania dłużnikowi zajętej wierzytelności, o którym mowa w <xLexLink xArt="art. 896;art. 896 § 1;art. 896 § 1 pkt. 2;art. 896 § 2" xIsapId="WDU19640430296" xTitle="Ustawa z dnia 17 listopada 1964 r. - Kodeks postępowania cywilnego" xAddress="Dz. U. z 1964 r. Nr 43, poz. 296">art. 896 § 1 pkt 2 i § 2 k.p.c.</xLexLink> Pozwana powzięła tą wiadomość dopiero 11 kwietnia 2012 roku z pisma komornika z 06 kwietnia 2012 roku - aktualizacja zajęcia wierzytelności z dnia 07 marca 2012 roku, z czego wynika, iż zajęcie wierzytelności z dnia 07 marca 2012 roku nigdy nie zostało pozwanej doręczone, a samo zaś powzięcie wiadomości o zajęciu nie powoduje zajęcia wierzytelności, bowiem przepis wymaga skutecznego jego doręczenia. Odpowiedzialność o jakiej mowa w <xLexLink xArt="art. 886;art. 886 § 3" xIsapId="WDU19640430296" xTitle="Ustawa z dnia 17 listopada 1964 r. - Kodeks postępowania cywilnego" xAddress="Dz. U. z 1964 r. Nr 43, poz. 296">art. 886 § 3 k.p.c.</xLexLink> jest odpowiedzialnością deliktową opartą za zasadzie winy, w sytuacji, gdy komornik nie dokonał skutecznego doręczenia zajęcia, a aktualizacja zajęcia nie spełniała wymogów indywidualizacji wierzytelności występuje całkowity brak zawinienia pozwanej we wszystkich podjętych działaniach, a tym samym brak możliwości przypisania pozwanej tej odpowiedzialności. W dalszej kolejności podniósł, że przy przyjęciu, iż nastąpiło zajęcie wierzytelności, brak jest podstaw do stwierdzenia, iż nieuiszczenie zajętej wierzytelności komornikowi było bezpodstawne w sytuacji, gdy pozwana kwestionowała jej wysokość. Brak jest również podstaw do przyjęcia, iż działania pozwanej były bezprawne i zawinione. Zgodnie z treścią <xLexLink xArt="art. 896;art. 896 § 1" xIsapId="WDU19640430296" xTitle="Ustawa z dnia 17 listopada 1964 r. - Kodeks postępowania cywilnego" xAddress="Dz. U. z 1964 r. Nr 43, poz. 296">art. 896 § 1 k.p.c.</xLexLink> dłużnik zajętej wierzytelności może kwestionować jej istnienie, jak również odmówić zapłaty z podaniem przyczyny. Wskazując, że pozwana w momencie, w którym powzięła wiadomość, iż przy zawieraniu umowy została wprowadzona w błąd co do możliwości i bezproblemowości wydzielenia samodzielności lokali niezwłocznie poinformowała o tym komornika, jak również o tym, iż strony podjęły negocjacje co do ceny. Tym bardziej, że podjęcie działań do których członkowie zarządu spółki albo prokurent byli zobligowani przepisami prawa w celu uniknięcia ewentualnej odpowiedzialności - nie mogą stanowić podstawy do przyjęcia ich odpowiedzialności deliktowej wobec powódki. W dalszej kolejności wskazał, że Sąd I instancji w sposób bezzasadny odmówił waloru wiarygodności zeznaniom pozostałych przesłuchanych w sprawie świadków, bezkrytycznie przy tym dał wiarę zeznaniom świadka <xAnon>T. Z.</xAnon> jak i dokumentom przez niego sporządzonych w ramach toczącego się postępowania egzekucyjnego. Podniósł również, iż twierdzenie sądu I instancji, że <xAnon> spółki (...)</xAnon> są ze sobą powiązane, a ich działania podejmowane były w zmowie i miały na celu pozbawienie wierzyciela możliwości zaspokojenia się są zupełnie nieuprawnione.</xText>
          <xText>W odpowiedzi na apelację powód wniósł o jej oddalenie apelacji w całości jako bezzasadnej oraz o zasądzenie od pozwanej na rzecz powoda kosztów zastępstwa adwokackiego za postępowanie przed Sądem II instancji.</xText>
          
          <xText xALIGNx="left">
            <xBx>Sąd Okręgowy zważył, co następuje:</xBx>
          </xText>
          <xText>Apelacja strony pozwanej nie zasługiwała na uwzględnienie, choć części podniesionych zarzutów nie można odmówić zasadności.</xText>
          <xText>Przechodząc do analizy zarzutów apelacyjnych wskazać przede wszystkim należy, iż Sąd odwoławczy rozpoznaje ponownie merytorycznie materiał dowodowy i dokonuje jego samodzielnej oceny prawnej, w granicach zakreślonych wniesioną apelacją, co wynika z dyspozycji <xLexLink xArt="art. 378;art. 378 § 1" xIsapId="WDU19640430296" xTitle="Ustawa z dnia 17 listopada 1964 r. - Kodeks postępowania cywilnego" xAddress="Dz. U. z 1964 r. Nr 43, poz. 296">art. 378 § 1 k.p.c.</xLexLink> W niniejszej sprawie Sąd Okręgowy przyjmuje za własne ustalenia Sądu I instancji, bez ich ponownego przytaczania, z niewielkimi uwagami przywołanymi poniżej. Nie budzi bowiem zastrzeżeń, co do przeważającej części, dokonana przez Sąd I instancji ocena dowodów jako odpowiadająca treści przepisu <xLexLink xArt="art. 233;art. 233 § 1" xIsapId="WDU19640430296" xTitle="Ustawa z dnia 17 listopada 1964 r. - Kodeks postępowania cywilnego" xAddress="Dz. U. z 1964 r. Nr 43, poz. 296">art. 233 § 1 k.p.c.</xLexLink> Sąd uwzględnił i rozważył cały zgromadzony materiał dowodowy, oparł na nim ustalenia faktyczne odnoszące się zarówno do tego, iż do zajęcia wierzytelności ostatecznie doszło (o czym poniżej) oraz niewykazania przez stronę pozwaną nieistnienia pomiędzy pozwaną, a dłużną spółką wierzytelności o zapłatę ostatniej raty ceny sprzedaży.</xText>
          <xText>Dla porządku w pierwszej kolejności odnieść się należy do zarzutu dowolnej oceny materiału dowodowego przejawiającej się w przyjęciu, iż komornik sądowy dokonał zajęcia wierzytelności w dniu 7 marca 2012 r. Sąd Okręgowy podziela stanowisko skarżącego, iż zajęcie wierzytelności z dnia 7 marca 2012 r. nie zostało skutecznie doręczone pozwanej spółce, gdyż za takie nie można uznać doręczenia osobie uprawnionej do reprezentacji dłużnika egzekwowanego. Wskazać jednak należy, iż zgodnie z treścią <xLexLink xArt="art. 896;art. 896 § 1;art. 896 § 1 pkt. 2" xIsapId="WDU19640430296" xTitle="Ustawa z dnia 17 listopada 1964 r. - Kodeks postępowania cywilnego" xAddress="Dz. U. z 1964 r. Nr 43, poz. 296">art. 896 § 1 pkt. 2 k.p.c.</xLexLink> oraz <xLexLink xArt="§ 2;§ 2 pkt. 1;§ 2 pkt. 2" xIsapId="WDU19640430296" xTitle="Ustawa z dnia 17 listopada 1964 r. - Kodeks postępowania cywilnego" xAddress="Dz. U. z 1964 r. Nr 43, poz. 296">§ 2 pkt. 1 i 2 k.p.c.</xLexLink> w zw. z <xLexLink xArt="art. 900;art. 900 § 1" xIsapId="WDU19640430296" xTitle="Ustawa z dnia 17 listopada 1964 r. - Kodeks postępowania cywilnego" xAddress="Dz. U. z 1964 r. Nr 43, poz. 296">art. 900 § 1 k.p.c.</xLexLink> zajęcie jest dokonane z chwilą doręczenia wezwania dłużnikowi zajętej wierzytelności. Chodzi o wezwanie dłużnika zajętej wierzytelności, aby należnego od niego świadczenia nie uiszczał dłużnikowi, lecz złożył je komornikowi lub do depozytu sądowego oraz do złożenia w ciągu tygodnia oświadczenia czy i w jakiej wysokości przysługuje dłużnikowi zajęta wierzytelność, czy też odmawia zapłaty i z jakiej przyczyny oraz czy inne osoby roszczą sobie prawa do wierzytelności, czy i w jakim sądzie lub przed jakim organem toczy się toczyła się lub toczyła się sprawa o zajętą wierzytelność oraz czy i o jakie roszczenie została skierowana do zajętej wierzytelności egzekucja przez innych wierzycieli.</xText>
          <xText>Ustalenie momentu, w którym nastąpiło doręczenie wezwania dłużnikowi jest o tyle istotne, że z tą chwilą, w myśl <xLexLink xArt="art. 900;art. 900 § 1" xIsapId="WDU19640430296" xTitle="Ustawa z dnia 17 listopada 1964 r. - Kodeks postępowania cywilnego" xAddress="Dz. U. z 1964 r. Nr 43, poz. 296">art. 900 § 1 k.p.c.</xLexLink> następuje zajęcie wierzytelności. Prawidłowa wykładnia <xLexLink xArt="art. 896" xIsapId="WDU19640430296" xTitle="Ustawa z dnia 17 listopada 1964 r. - Kodeks postępowania cywilnego" xAddress="Dz. U. z 1964 r. Nr 43, poz. 296">art. 896 k.p.c.</xLexLink> wymaga więc określenia jakie wymagania powinna spełniać czynność dokonana przez komornika, aby mogła zostać uznana za wezwanie, o którym mowa w powyższym przepisie.</xText>
          <xText>W orzecznictwie Sądu Najwyższego przyjmuje się, iż prawidłowe zdefiniowanie tych wymagań powinno uwzględniać cel postępowania egzekucyjnego, jakim jest zaspokojenie wierzyciela, a także potrzebę poszanowania uprawnień procesowych uczestników tego postępowania oraz praw osób trzecich. Z pewnością konieczną przesłanką dokonania zajęcia wierzytelności jest oznaczenie jej dłużnika. Niezbędne jest także wskazanie rodzaju tytułu prawnego, z którego wynika zajmowana wierzytelność, gdyż bez spełnienia tego warunku nie jest możliwe zakwalifikowanie wierzytelności jako „innej” niż wierzytelności z tytułu umowy o pracę lub rachunku bankowego, a w konsekwencji wdrożenie właściwego sposobu postępowania. Natomiast odnośnie do bliższego określenia tytułu prawnego, z którego wynika zajmowana wierzytelność, to wystarczające skonkretyzowanie go w taki sposób, aby wierzytelność tę można było zidentyfikować. Wskazuje się nadto, że wezwanie adresowane do dłużnika konkretnej wierzytelności prowadzi - w świetle <xLexLink xArt="art. 896" xIsapId="WDU19640430296" xTitle="Ustawa z dnia 17 listopada 1964 r. - Kodeks postępowania cywilnego" xAddress="Dz. U. z 1964 r. Nr 43, poz. 296">art. 896 k.p.c.</xLexLink> - do zajęcia tej wierzytelności jedynie wtedy, gdy indywidualizuje ją w sposób, który nie wywołuje wątpliwości, że o tę wierzytelność chodzi. Z treści <xLexLink xArt="art. 896;art. 896 § 2;art. 896 § 2 pkt. 1;art. 896 § 2 pkt. 2" xIsapId="WDU19640430296" xTitle="Ustawa z dnia 17 listopada 1964 r. - Kodeks postępowania cywilnego" xAddress="Dz. U. z 1964 r. Nr 43, poz. 296">art. 896 § 2 pkt. 1 i 2 k.p.c.</xLexLink> wynika, że nie wszystkie elementy konkretyzujące zajmowaną wierzytelność muszą być komornikowi znane już w chwili kierowania wezwania do poddłużnika. Wyjaśnieniu wszelkich niejasności w tym zakresie, a w konsekwencji usunięciu ewentualnych nieścisłości, błędów i omyłek popełnionych w wezwaniu służy prawidłowe wykonanie przez poddłużnika obowiązków informacyjnych przewidzianych w powołanych unormowaniach (wyrok Sądu Najwyższego z dnia 11 stycznia 2006 r. III CK 335/05, LEX nr 176064). Podkreślić natomiast należy, iż dla uznania zajęcia za skuteczne nie jest koniecznym pouczenie dłużnika zajmowanej wierzytelności o skutkach niezastosowania się do wezwania.</xText>
          <xText>Odnosząc powyższe rozważania do realiów niniejszej sprawy wskazać należy, iż pismo Komornika sądowego z dnia 6 kwietnia 2012 r. zatytułowane „aktualizacja zajęcia wierzytelności” spełnia wymogi wezwania o jakim mowa w <xLexLink xArt="art. 896;art. 896 § 1;art. 896 § 1 pkt. 2" xIsapId="WDU19640430296" xTitle="Ustawa z dnia 17 listopada 1964 r. - Kodeks postępowania cywilnego" xAddress="Dz. U. z 1964 r. Nr 43, poz. 296">art. 896 § 1 pkt. 2 k.p.c.</xLexLink> Wbrew stanowisku skarżącego rzeczone wezwanie indywidualizuje zajmowaną wierzytelność w sposób, który nie wywołuje wątpliwości o jaką wierzytelność chodzi. Przede wszystkim wskazuje: wierzyciela, dłużnika, tytuł na podstawie, którego prowadzona jest egzekucja, określa podstawę zapłaty poddłużnika na rzecz dłużnika egzekwowanego, tj. akt notarialny Rep A nr <xAnon>(...)</xAnon>, a także kwotę zajęcia oraz wezwanie do uiszczenia zajętej wierzytelności na konto komornika. Rzeczone wezwanie pozwana otrzymała w dniu 11 kwietnia 2012 r. Natomiast pismo komornika z dnia 3 kwietnia 2012 r. zatytułowane „wezwanie” zawiera wezwanie do udzielenia wyjaśnień, o którym mowa w <xLexLink xArt="art. 896;art. 896 § 2" xIsapId="WDU19640430296" xTitle="Ustawa z dnia 17 listopada 1964 r. - Kodeks postępowania cywilnego" xAddress="Dz. U. z 1964 r. Nr 43, poz. 296">art. 896 § 2 k.p.c.</xLexLink> Otrzymania rzeczonego wezwania pozwana nie zakwestionowała. Na skutek otrzymanych wezwań prokurent pozwanej <xAnon>I. W.</xAnon> oraz pracownik <xAnon>M. M.</xAnon> stawili się w dniu 18 kwietnia 2012 r. (tj. w terminie tygodniowym od otrzymania wezwania) w kancelarii komornika, gdzie doszło do złożenia wyjaśnień na dalsze zapytania komornika sądowego. Okoliczność ta wynika nie tylko z kwestionowanej przez skarżącego notatki komornika sądowego, ale również z zeznań świadka <xAnon>M. M.</xAnon>. Świadek zeznała bowiem, iż komornik wezwał do zapłaty 30.000 zł, a także do podania danych kontrahentów <xAnon> spółki (...)</xAnon>. Nie stanowiło również przedmiotu sporu, iż prokurent pozwanej spółki przekazał komornikowi akt notarialny, w którym strony umowy sprzedaży udziałów określiły nowy termin płatności ostatniej raty ceny na dzień 2 lipca 2012 r. Nie powinno budzić zatem wątpliwości, iż podczas tej czynności organ egzekucyjny wezwał do złożenia wyjaśnień w przedmiocie przysługiwania dłużnikowi zajętej wierzytelności, jej wysokości oraz wymagalności, a nadto czy odmawia zapłaty i w jakiej wysokości. Tym samym w ocenie Sądu Okręgowego komornik zakończył czynności zajęcia wierzytelności w dniu 18 kwietnia 2012 r. i z tą datą uznać należy, iż wierzytelność została skutecznie zajęta.</xText>
          <xText>Powód jako podstawę prawną dochodzonego roszczenia wskazał dwie wykluczające się podstawy, tj. <xLexLink xArt="art. 886;art. 886 § 3" xIsapId="WDU19640430296" xTitle="Ustawa z dnia 17 listopada 1964 r. - Kodeks postępowania cywilnego" xAddress="Dz. U. z 1964 r. Nr 43, poz. 296">art. 886 § 3 k.p.c.</xLexLink> (powództwo o zapłatę odszkodowania) oraz 887 <xLexLink xArt="§ 1" xIsapId="WDU19640430296" xTitle="Ustawa z dnia 17 listopada 1964 r. - Kodeks postępowania cywilnego" xAddress="Dz. U. z 1964 r. Nr 43, poz. 296">§ 1 k.p.c.</xLexLink> (powództwo o zapłatę zajętej wierzytelności). Złożył także zaświadczenie wystawione przez Komornika sądowego, stosownie do <xLexLink xArt="art. 887;art. 887 § 1;art. 887 § 1 zd. 2" xIsapId="WDU19640430296" xTitle="Ustawa z dnia 17 listopada 1964 r. - Kodeks postępowania cywilnego" xAddress="Dz. U. z 1964 r. Nr 43, poz. 296">art. 887 § 1 zd.2 k.p.c.</xLexLink>, stwierdzające, że powód z mocy samego zajęcia jako wierzyciel może wykonywać wszelkie prawa i roszczenia dłużnika, co może sugerować, iż powód podstawy prawnej roszczenia poszukiwał w treści <xLexLink xArt="art. 887;art. 887 § 1" xIsapId="WDU19640430296" xTitle="Ustawa z dnia 17 listopada 1964 r. - Kodeks postępowania cywilnego" xAddress="Dz. U. z 1964 r. Nr 43, poz. 296">art. 887 § 1 k.p.c.</xLexLink> Rozpoznając sprawę Sąd Rejonowy przyjął natomiast za podstawę dochodzonego roszczenia <xLexLink xArt="art. 886;art. 886 § 3" xIsapId="WDU19640430296" xTitle="Ustawa z dnia 17 listopada 1964 r. - Kodeks postępowania cywilnego" xAddress="Dz. U. z 1964 r. Nr 43, poz. 296">art. 886 § 3 k.p.c.</xLexLink> statuujący w istocie powództwo o odszkodowanie za szkodę wyrządzoną przez poddłużnika za naruszenie przez niego obowiązków wynikających z zajęcia wierzytelności. Jako wypełnienie przesłanki powództwa odszkodowawczego Sąd Rejonowy wskazał, naruszenie obowiązków wynikających z zajęcia w inny sposób, przy czym z treści <xLexLink xArt="art. 886;art. 886 § 3" xIsapId="WDU19640430296" xTitle="Ustawa z dnia 17 listopada 1964 r. - Kodeks postępowania cywilnego" xAddress="Dz. U. z 1964 r. Nr 43, poz. 296">art. 886 § 3 k.p.c.</xLexLink> wynika, iż nie mogło to polegać ani na niezastosowaniu się do wezwania, ani niezłożeniu oświadczenia, czy też złożeniu oświadczenia niezgodnie z prawdą. Sąd Rejonowy zakwalifikował zmianę zobowiązania w postaci obniżenia ceny sprzedaży przez dłużnika egzekwowanego jako naruszenie przez pozwaną obowiązków wynikających z zajęcia.</xText>
          <xText>W ocenie Sądu Okręgowego powództwo poddane rozstrzygnięciu Sądu stanowiło żądanie zapłaty zajętej wierzytelności stosownie do treści <xLexLink xArt="art. 887" xIsapId="WDU19640430296" xTitle="Ustawa z dnia 17 listopada 1964 r. - Kodeks postępowania cywilnego" xAddress="Dz. U. z 1964 r. Nr 43, poz. 296">art. 887 k.p.c.</xLexLink>, przeciwko dłużnikowi zajętej wierzytelności. Przepis ten reguluje konsekwencje prawne powstające w stosunku do dłużnika zajętej wierzytelności, w sytuacji gdy nie przekazuje on należności wierzycielowi egzekwującemu lub komornikowi stosownie do wezwania komornika. Artykuł ten pociąga za sobą dwie konsekwencje: po pierwsze – na gruncie prawa materialnego – przyznaje wierzycielowi egzekwującemu prawo do żądania zapłaty od poddłużnika oraz – na gruncie prawa procesowego – prawo do podstawienia procesowego wierzyciela egzekwującego w miejsce dłużnika egzekwowanego w procesie wytoczonym przeciwko poddłużnikowi (co oznacza, iż legitymacja procesowa czynna, w procesie przeciwko poddłużnikowi przysługuje zarówno wierzycielowi egzekwującemu jak i dłużnikowi egzekwowanemu, będącemu wierzycielem poddłużnika). Dla skutecznego skorzystania z powyższych uprawnień przez wierzyciela egzekwującego konieczne jest jednak dysponowanie przez niego wydanym przez komornika zaświadczeniem potwierdzającym dokonanie zajęcia.</xText>
          <xText>W doktrynie przyjmuje się nadto, iż zakazane w takiej sytuacji są wszelkie działania dłużnika egzekwowanego oraz poddłużnika, które mogłyby wpłynąć niekorzystnie na uprawnienia wierzyciela egzekwującego w stosunku do zajętej wierzytelności. W szczególności zajęta wierzytelność nie może być, z pominięciem wierzyciela egzekwującego, wypłacona dłużnikowi egzekucyjnemu (wierzycielowi poddłużnika), nie może też nastąpić potrącenie, ani zwolnienie z długu. Chociaż powyższe czynności są ważne między dłużnikiem a podłużnikiem, to nie wywołują skutków prawnych względem wierzyciela egzekwującego i nie mają wpływu na jego uprawnienia w postępowaniu egzekucyjnym. Dlatego też nawet jeśli dłużnik wierzytelności wypłaci zajętą wierzytelność dłużnikowi egzekwowanemu po zajęciu wierzytelności, to powtórnie musi dokonać wypłaty w celu zaspokojenia wierzyciela egzekwującego (zob. W. Miszewski, Proces cywilny, s. 157 oraz Kodeks postępowania cywilnego, Tom II komentarz, red. J. Jankowski, Warszawa 2013, kom. do art. 902, s. 668). Tożsamy pogląd wyraził Sąd Najwyższy w orzeczeniu z 7 listopada 1938 r. (sygn. akt II C 1088/38, OSP 1939, Nr 6, poz. 320), stwierdzając, iż: „pozbycie się przez dłużnika egzekwowanego zajętej wierzytelności lub prawa nie jest samo przez się, tj. bezwzględnie nieważne, lecz tylko wobec wierzyciela bezskuteczne, wskutek czego wierzyciel może bez żadnych przeszkód egzekucję na zajętej wierzytelności lub prawie bez względu na fakt pozbycia tych obiektów przez dłużnika egzekwowanego w dalszym ciągu prowadzić i roszczenie swe z obiektu realizować” (analogicznie w: orzeczenie SN z dnia 30 kwietnia 1937 r., III C 3216/36).</xText>
          <xText>Reasumując wskazać należy, iż do skutecznego i wywołującego skutki prawne zajęcia przedmiotowej wierzytelności doszło w dniu 18 kwietnia 2012 r. Akt notarialny, stanowiący oświadczenie do umowy sprzedaży z dnia 29 lutego 2012 r., na mocy, którego obniżono wartość sprzedaży nieruchomości o kwotę 35.000 zł, sporządzony został w dniu 18 września 2012 r. Wątpliwości zatem budzić nie powinno, iż rzeczona czynność stanowi rozporządzenie wierzytelnością, o którym mowa w <xLexLink xArt="art. 885" xIsapId="WDU19640430296" xTitle="Ustawa z dnia 17 listopada 1964 r. - Kodeks postępowania cywilnego" xAddress="Dz. U. z 1964 r. Nr 43, poz. 296">art. 885 k.p.c.</xLexLink> Sąd Okręgowy nie podziela stanowiska skarżącego, iż dokonanie czynności prawnej w formie aktu notarialnego ma niweczący wpływ na skutki zajęcia. Przyjęcie tej koncepcji spowodowałby bowiem, iż każda zmiana zobowiązania po zajęciu wierzytelności dokonana w formie aktu notarialnego udaremniałaby skutki zajęcia. Czynność prawna między dłużnikiem a poddłużnikiem była ważna, niemniej jednak nie miała wpływu na prawa wierzyciela egzekwującego, co oczywiście nie wyklucza podstawy obrony w postaci wykazania nieistnienia zajętej wierzytelności.</xText>
          <xText>Przechodząc zatem do kolejnego zarzutu skarżącego, a odnoszącego się do nieistnienia wierzytelności przysługującej dłużnej spółce od pozwanej, na skutek dokonanych w formie aktu notarialnego oświadczeń, to w ocenie Sądu Okręgowego zarzut ten uznać należy za chybiony. Skarżący wywodził, iż na skutek złożonych przez strony umowy sprzedaży oświadczeń, z zachowaniem formy aktu notarialnego, skutecznie zmniejszono przysługującą dłużnikowi wierzytelność o zapłatę ceny, a w konsekwencji dłużnikowi nie przysługiwała względem pozwanej żadna wierzytelność. Pozwana słuszności swoich twierdzeń upatrywała w tym, iż akt notarialny – jako dokument urzędowy – stanowi dowód tego, co zostało w nim oświadczone, a nadto korzysta z domniemania nie tylko autentyczności, ale także zgodności z prawdą tego, co zostało w nim stwierdzone.</xText>
          <xText>W ocenie Sądu Okręgowego, odróżnić jednak należy ważność dokonania czynności prawnej, od tego jakie ta czynność wywołuje skutki prawne. Przedmiotem rozpoznania Sądu I instancji nie była bowiem nieważność umowy sprzedaży, ale to czy przez jej dokonanie znalazł zastosowanie <xLexLink xArt="art. 885" xIsapId="WDU19640430296" xTitle="Ustawa z dnia 17 listopada 1964 r. - Kodeks postępowania cywilnego" xAddress="Dz. U. z 1964 r. Nr 43, poz. 296">art. 885 k.p.c.</xLexLink> w zw. z <xLexLink xArt="art. 902" xIsapId="WDU19640430296" xTitle="Ustawa z dnia 17 listopada 1964 r. - Kodeks postępowania cywilnego" xAddress="Dz. U. z 1964 r. Nr 43, poz. 296">art. 902 k.p.c.</xLexLink> Przepis ten z kolei stanowi, iż po dokonaniu zajęcia, rozporządzenia wierzytelnością są nieważne w stosunku do wierzyciela egzekwującego. Chociaż w tym przepisie ustawodawca posłużył się określeniem „nieważność”, to nie powinno budzić wątpliwości, że przedmiotowe rozporządzenie zajętą wierzytelnością objęte jest sankcją bezskuteczności, nie zaś nieważności. Po pierwsze, taki wniosek wypływa z brzmienia <xLexLink xArt="art. 885" xIsapId="WDU19640430296" xTitle="Ustawa z dnia 17 listopada 1964 r. - Kodeks postępowania cywilnego" xAddress="Dz. U. z 1964 r. Nr 43, poz. 296">art. 885 k.p.c.</xLexLink> Przepis posługuje się terminem nieważności w stosunku do wierzyciela. Oznacza to a contrario, że w stosunku do osób trzecich rozporządzenie rodzi wszystkie skutki. Taka regulacja charakterystyczna jest dla sankcji bezskuteczności, nie zaś nieważności, której istotą jest działanie erga omnes. Tym samym nieuzasadnione jest twierdzenie skarżącego, iż jedynie w przypadku uprzedniego skutecznego powództwa o unieważnienie aktu notarialnego, czy też powództwa paulińskiego Sąd, byłby uprawniony do czynienia ustaleń zakresie istnienia wierzytelności powódki wobec pozwanej. Skoro bowiem rozporządzenie dłużnika jest bezskuteczne względem dłużnika egzekwującego, to zbędne jest wytaczanie przez niego powództwa ze skargi paulińskiej przeciwko nabywcy wierzytelności (Kodeks postępowania cywilnego, Tom II komentarz, red. J. Jankowski, Warszawa 2013, kom. do art. 885, s. 588). Warto także podkreślić, że dokonanie czynności w formie aktu notarialnego nie wyklucza jej pozorności (wyrok Sądu Najwyższego z dnia 11 maja 2007 r., I CSK 70/07).</xText>
          <xText>Skarżący zdaje się ponadto nie dostrzegać, iż umowa sprzedaży została zawarta 29 lutego 2012 r., zaś ¾ ceny sprzedaży uiszczono w marcu 2012 r. Dopiero zaś po skutecznym zajęciu tj. po 18 kwietnia 2012 r. zaktualizowała się po stronie pozwanej potrzeba ustanowienia odrębnej własności lokali (a przynajmniej strona pozwana przedstawiła dokumenty, które wykazują podjęcie po tej dacie jakiejkolwiek aktywności w tym zakresie). Niewiarygodnym jest także, iż pozwana nabyła udziały w tym właśnie celu nie zasięgając stosownych informacji przed zawarciem umowy sprzedaży, a co więcej przed zapłatą ¾ ceny. Dopiero po dokonanym zajęciu eksponowane są problemy dotyczące niemożliwości ustanowienia odrębnej własności lokali, co w kontekście niespójnych zeznań świadków <xAnon>M. M.</xAnon> oraz <xAnon>I. W.</xAnon>, co do tego, w czym pozwana ostatecznie upatrywała wady prawnej, skutkować musiało przyjęciem, iż pozwana nie wykazała, że zajęta wierzytelność nie istnieje.</xText>
          <xText>Wskazać nadto należy, iż zgodnie z treścią <xLexLink xArt="art. 556;art. 556 § 2" xIsapId="WDU19640160093" xTitle="Ustawa z dnia 23 kwietnia 1964 r. - Kodeks cywilny" xAddress="Dz. U. z 1964 r. Nr 16, poz. 93">art. 556 § 2 k.c.</xLexLink>, wada prawna istnieje wtedy, gdy przedmiot sprzedaży stanowi własność osoby trzeciej lub jest obciążony prawami osoby trzeciej. Wskazane w powyższej regulacji wyliczenie należy traktować jako wyczerpujące (por. wyrok Sądu Apelacyjnego w Katowicach z dnia 14 listopada 2003 (I ACa 524/03), gdzie Sąd orzekł, iż samo zabezpieczenie przedmiotu sprzedaży na potrzeby procesu karnego na skutek nieopłacenia opłat celnych i podatku nie stanowi wady prawnej, lecz fizyczną. Sąd Okręgowy podziela tym samym ustalenia i wnioski Sądu Rejonowego dotyczące oceny istnienia wad prawnych nabywanych udziałów, a w konsekwencji wykluczenie, że wadę prawną może stanowić nieznajomość powszechnie obowiązującego prawa przez kupującego, tj. konieczność uzyskania zgody współwłaścicieli w zakresie rozporządzania przedmiotem współwłasności. Znamienne w tym kontekście jest także to, iż <xAnon>G. J.</xAnon> – prezes zarządu pozwanej spółki, działający w jej imieniu i na jej rzecz – w przedmiotowym akcie notarialnym złożył oświadczenie, iż znany jest pozwanej spółce stan prawny i techniczny nieruchomości będącej przedmiotem sprzedaży.</xText>
          <xText>Przechodząc do zarzutu naruszenia prawa procesowego w postaci naruszenia <xLexLink xArt="art. 233" xIsapId="WDU19640430296" xTitle="Ustawa z dnia 17 listopada 1964 r. - Kodeks postępowania cywilnego" xAddress="Dz. U. z 1964 r. Nr 43, poz. 296">art. 233 k.p.c.</xLexLink> to przyznać należy rację skarżącemu, iż Sąd Rejonowy dokonał bardzo krytycznej oceny zeznań świadków, o których przesłuchanie wnosiła strona pozwana. Wskazać jednak należy, iż ostatecznie ocena materiału dowodowego dokonana przez Sąd I instancji w zakresie zajęcia wierzytelności, a także jej istnienia, była prawidłowa. Niemniej jednak Sąd Okręgowy podziela stanowisko skarżącego, iż organ egzekucyjny dokonywał poszczególnych czynności w sposób wadliwy, tzn. nie doręczył dokumentu „zajęcia wierzytelności” z dnia 7 mara 2012 r. pozwanej spółce, wyjaśnienia reprezentantów pozwanej złożonych w dniu 18 kwietnia 2012 r. utrwalił w notatce urzędowej, zamiast w protokole, dodatkowo notatka ta faktycznie nosi znamiona dopisania ostatniego zdania. Niemniej jednak czynności komornika doprowadziły do skutecznego zajęcia wierzytelności w terminie późniejszym poprzez wykonanie wszystkich czynności wymaganych przepisami <xLexLink xArt="" xIsapId="WDU19640430296" xTitle="Ustawa z dnia 17 listopada 1964 r. - Kodeks postępowania cywilnego" xAddress="Dz. U. z 1964 r. Nr 43, poz. 296">kodeksu postępowania cywilnego</xLexLink>. Podkreślić także należy, iż świadek <xAnon>M. M.</xAnon> potwierdziła treść notatki urzędowej, w tym zakresie, w którym stwierdza, iż <xAnon>I. W.</xAnon> zobowiązał się do zapłaty zajętej wierzytelności w kwocie 30.000 zł na rzecz komornika. Tym samym ocena materiału dowodowego w tym zakresie dokonana przez Sąd Rejonowy była prawidłowa.</xText>
          <xText>Odnośnie zaś naruszenia <xLexLink xArt="art. 4;art. 4 § 1;art. 4 § 1 pkt. 5" xIsapId="WDU20000941037" xTitle="Ustawa z dnia 15 września 2000 r. - Kodeks spółek handlowych" xAddress="Dz. U. z 2000 r. Nr 94, poz. 1037">art. 4 § 1 pkt. 5 k.s.h.</xLexLink> podnieść należy, iż Sąd Rejonowy wskazując na powiązanie dłużnej spółki i pozwanej spółki nie odwoływał się do unormowań <xLexLink xArt="" xIsapId="WDU20000941037" xTitle="Ustawa z dnia 15 września 2000 r. - Kodeks spółek handlowych" xAddress="Dz. U. z 2000 r. Nr 94, poz. 1037">kodeksu spółek handlowych</xLexLink> i nie w tym znaczeniu określenie to zostało użyte. Analiza uzasadnienia Sądu Rejonowego wskazuje, iż określenie to zostało użyte jako odzwierciedlenie relacji w toku prowadzonej działalności gospodarczej przez obie spółki, co było niewątpliwe, skoro spółki działalność tą prowadziły jednym biurze. Tym samym użycie przez Sąd Rejonowy określenia „spółki powiązane” nie należy w ocenie Sądu Okręgowego rozumieć jako termin prawny w myśl przepisów <xLexLink xArt="" xIsapId="WDU20000941037" xTitle="Ustawa z dnia 15 września 2000 r. - Kodeks spółek handlowych" xAddress="Dz. U. z 2000 r. Nr 94, poz. 1037">Kodeksu spółek handlowych</xLexLink>, lecz jako istnienie faktycznych powiązań (np. przejawiających w korzystaniu przez pozwaną spółkę z lokalu spółki dłużnej, czy też zatrudnianiu przez pozwaną spółkę byłej pracownicy dłużnej spółki). Nie powinno budzić wątpliwości, iż część wierzytelności o zapłatę ceny sprzedaży udziałów została zaspokojona w drodze potrącenia wzajemnych wierzytelności, co również potwierdza, istnienie relacji gospodarczych między spółkami.</xText>
          <xText>Oddalenie wniosku o przeprowadzenie dowodu z zeznań świadka <xAnon>R. G.</xAnon> znajduje oparcie w treści <xLexLink xArt="art. 381" xIsapId="WDU19640430296" xTitle="Ustawa z dnia 17 listopada 1964 r. - Kodeks postępowania cywilnego" xAddress="Dz. U. z 1964 r. Nr 43, poz. 296">art. 381 k.p.c.</xLexLink> Wprawdzie wniosek taki został złożony na ostatniej rozprawie przed Sądem Rejonowym, to jednak został on przez ten Sąd oddalony. Pełnomocnik pozwanego zaś nie złożył stosownych zastrzeżeń w trybie <xLexLink xArt="art. 162" xIsapId="WDU19640430296" xTitle="Ustawa z dnia 17 listopada 1964 r. - Kodeks postępowania cywilnego" xAddress="Dz. U. z 1964 r. Nr 43, poz. 296">art. 162 k.p.c.</xLexLink>, co warunkowało rozpoznanie zarzutu naruszenia prawa procesowego w tym zakresie.</xText>
          <xText>Reasumując wskazać należy, że pomimo podzielenia części zarzutów apelacyjnych wyrok Sądu Rejonowego ostatecznie odpowiada prawu, co skutkowało uznaniem apelacji za niezasadną i jej oddaleniem na podstawie <xLexLink xArt="art. 385" xIsapId="WDU19640430296" xTitle="Ustawa z dnia 17 listopada 1964 r. - Kodeks postępowania cywilnego" xAddress="Dz. U. z 1964 r. Nr 43, poz. 296">art. 385 k.p.c.</xLexLink></xText>
          <xText>O kosztach procesu orzeczono na podstawie <xLexLink xArt="art. 98" xIsapId="WDU19640430296" xTitle="Ustawa z dnia 17 listopada 1964 r. - Kodeks postępowania cywilnego" xAddress="Dz. U. z 1964 r. Nr 43, poz. 296">art. 98 k.p.c.</xLexLink> w zw. z <xLexLink xArt="art. 108;art. 108 § 1" xIsapId="WDU19640430296" xTitle="Ustawa z dnia 17 listopada 1964 r. - Kodeks postępowania cywilnego" xAddress="Dz. U. z 1964 r. Nr 43, poz. 296">art. 108 § 1 k.p.c.</xLexLink> Wynagrodzenie pełnomocnika powódki ustalono zgodnie z treścią <xLexLink xArt="art. 108 § 6;art. 108 § 6 pkt. 5" xIsapId="WDU19640430296" xTitle="Ustawa z dnia 17 listopada 1964 r. - Kodeks postępowania cywilnego" xAddress="Dz. U. z 1964 r. Nr 43, poz. 296">§ 6 pkt. 5</xLexLink> w zw. z <xLexLink xArt="§ 13;§ 13 ust. 1;§ 13 ust. 1 pkt. 1" xIsapId="WDU20021631348" xTitle="Rozporządzenie Ministra Sprawiedliwości z dnia 28 września 2002 r. w sprawie opłat za czynności adwokackie oraz ponoszenia przez Skarb Państwa kosztów nieopłaconej pomocy prawnej udzielonej z urzędu" xAddress="Dz. U. z 2002 r. Nr 163, poz. 1348">§ 13 ust. 1 pkt. 1 Rozporządzenia Ministra Sprawiedliwości z dnia 28 września 2002 r. w sprawie opłat za czynności adwokackie oraz ponoszenia przez Skarb Państwa kosztów nieopłaconej pomocy prawnej udzielonej z urzędu</xLexLink> (Dz.U. z 2002 r. Nr 163, poz. 1348 ze zm.).</xText>
          
          <xText>SSO Anna Budzyńska SSO Piotr Sałamaj SSR(del.) Kornelia Żminkowska</xText>
        </xUnit>
      </xBlock>
    </xPart>
  </judgement>
<judgement id="155500000001521_III_AUa_000697_2012_Uz_2013-03-27_001">
    <xPart xEditorFullName="Magdalena Beker" xYear="2012" xLang="PL" xPublisherFullName="Magdalena Beker" xFromPg="1" xEditor="mbeker" xVolType="15/550000/0001521/AUa" xPublisher="mbeker" xDocType="Uz" xVolNmbr="000697" xVersion="1.0" xToPage="9" xFlag="published">
      <xName>Wyrok+Uzasadnienie</xName>
      <xBlock>
        <xText>Sygn. akt III AUa 697/12</xText>
        
        <xUnit xIsTitle="true" xBold="true" xType="part">
          <xName>WYROK</xName>
          <xTitle>W IMIENIU RZECZYPOSPOLITEJ POLSKIEJ</xTitle>
          <xText>Dnia 27 marca 2013 r.</xText>
          
          <xText>Sąd Apelacyjny w Szczecinie - Wydział III Pracy i Ubezpieczeń Społecznych</xText>
          <xText>w składzie:</xText>
          <xRows>
            <xCOLGROUPx>
              <xCOLx xWIDTHx="219"/>
              <xCOLx xWIDTHx="398"/>
            </xCOLGROUPx>
            <xRow>
              <xClmn xALIGNx="left" xVALIGNx="middle">
                <xText xALIGNx="right">Przewodniczący:</xText>
              </xClmn>
              <xClmn xALIGNx="left" xVALIGNx="middle">
                <xText>SSA Zofia Rybicka - Szkibiel</xText>
              </xClmn>
            </xRow>
            <xRow>
              <xClmn xALIGNx="left" xVALIGNx="top">
                <xText xALIGNx="right">Sędziowie:</xText>
              </xClmn>
              <xClmn xALIGNx="left" xVALIGNx="middle">
                <xText>SSA Jolanta Hawryszko</xText>
                <xText>SSA Barbara Białecka (spr.)</xText>
              </xClmn>
            </xRow>
            <xRow>
              <xClmn xALIGNx="left" xVALIGNx="middle">
                <xText xALIGNx="right">Protokolant:</xText>
              </xClmn>
              <xClmn xALIGNx="left" xVALIGNx="middle">
                <xText>St. sekr. sąd. Edyta Rakowska</xText>
              </xClmn>
            </xRow>
          </xRows>
          
          <xText>po rozpoznaniu w dniu 27 marca 2013 r. w Szczecinie</xText>
          <xText>sprawy <xAnon>J. M.</xAnon></xText>
          <xText>przeciwko Zakładowi Ubezpieczeń Społecznych Oddział w <xAnon>S.</xAnon></xText>
          <xText>o przeliczenie świadczenia oraz uwzględnienie okresów: służby wojskowej, pracy w gospodarstwie rolnym oraz zatrudnienia</xText>
          <xText>na skutek apelacji ubezpieczonego</xText>
          <xText>od wyroku Sądu Okręgowego w Szczecinie VII Wydział Pracy i Ubezpieczeń Społecznych</xText>
          <xText>z dnia 9 maja 2012 r. sygn. akt VII U 586/11</xText>
          
          <xText xALIGNx="center">oddala apelację.</xText>
          
          <xText>SSA Barbara Białecka  SSA Zofia Rybicka - Szkibiel SSA Jolanta Hawryszko</xText>
          
          <xText>
            <xBx>
              <xIx>Sygn. akt III AUa 697/12</xIx>
            </xBx>
          </xText>
        </xUnit>
        <xUnit xIsTitle="true" xBold="true" xType="part">
          <xName>UZASADNIENIE</xName>
          <xText>Decyzją z dnia 31 marca 2011 roku, Zakład Ubezpieczeń Społecznych w <xAnon>S.</xAnon>, wykonując postanowienie Sądu Okręgowego z dnia 19 stycznia 2011 roku, odmówił <xAnon>J. M.</xAnon> prawa do przeliczenia świadczenia od daty przyznania prawa do renty, tj. od 1988 roku, albowiem wniosek o doliczenie służby wojskowej został złożony w dniu 26 sierpnia 2010 roku, zaś samo świadczenie przeliczono od dnia 20 maja, czyli od daty nabycia uprawnień do emerytury.</xText>
          <xText>Kolejną decyzją z dnia 15 kwietnia 2011 roku, organ rentowy odmówił ubezpieczonemu zaliczenia do stażu pracy okresu pracy w gospodarstwie rolnym rodziców, wskazując, że decyzją z dnia 20 maja 2010 roku nabył on prawo do emerytury, dokumentując wymagany okres 20 lat ubezpieczenia.</xText>
          <xText>Ponadto decyzją z dnia 19 kwietnia 2011 roku organ rentowy odmówił przeliczenia świadczenia przysługującego ubezpieczonemu przy uwzględnieniu okresu od 1 września 1997 roku do 30 kwietnia 1998 roku z tytułu zatrudnienia <xAnon>J. M.</xAnon> w <xAnon> masarni (...)</xAnon>, albowiem ubezpieczony nie przedstawił na tę okoliczność dowodów z dokumentów.</xText>
          <xText><xAnon>J. M.</xAnon> wywiódł odwołania od powyższych decyzji, w których podniósł, że organ rentowy dysponował dokumentacją umożliwiającą doliczenie okresu służby wojskowej przed wydaniem decyzji z dnia 27 maja 2010 roku. Przeliczenie świadczenia powinno uwzględniać okres od nabycia uprawnień do renty, tj. od 1984 roku. Ubezpieczony nie wie, dlaczego brakuje dokumentacji potwierdzającej fakt jego zatrudnienia w <xAnon> masarni (...)</xAnon>, ale okoliczność ta może być ustalona w oparciu o zeznania świadków. <xAnon>J. M.</xAnon> podniósł także, że ustawa dopuszcza, aby w celu wyrównania brakujących 25 lat ubezpieczenia dla mężczyzny, który ukończył 65 rok życia i ubiega się o prawo do emerytury uwzględniać okresy pracy w gospodarstwie rolnym. Udowodniony przez niego okres 20 lat ubezpieczenia dotyczył natomiast prawa do renty.</xText>
          <xText>Postanowieniami z dnia 17 czerwca 2011 roku Sąd Okręgowy w Szczecinie połączył do wspólnego rozpoznania i wyrokowania sprawy z trzech powyższych odwołań.</xText>
          <xText>Organ rentowy, domagając się oddalenia odwołań w całości, podtrzymał argumentację, która legła u podstaw wydania zaskarżonych decyzji.</xText>
          
          <xText>Wyrokiem z dnia 9 maja 2012 roku Sąd Okręgowy w Szczecinie, VII Wydział Pracy i Ubezpieczeń Społecznych oddalił odwołania <xAnon>J. M.</xAnon> ustalając, że ubezpieczony (<xAnon>ur. w (...)</xAnon> r.) od dnia 7 maja 1984 roku posiadał prawo do renty inwalidzkiej z udowodnionym okresem 14 lat zatrudnienia. W dniu 17 maja 2010 roku ubezpieczony wniósł o przyznanie prawa do emerytury. Początkowo organ rentowy odmówił ubezpieczonemu prawa do świadczenia. W dniu 24 sierpnia 2010 roku ubezpieczony zgłosił żądanie doliczenia do okresu ubezpieczenia okresu odbywania przezeń służby wojskowej, dołączając kserokopię książeczki wojskowej. Decyzją z dnia 20 października 2010 roku ubezpieczonemu przyznano prawo do świadczenia od dnia 20 maja 2010 roku, tj. od osiągnięcia przezeń wieku 65 lat, przyjmując, po zaliczeniu okresu służby wojskowej, okres 21 lat, 9 miesięcy i 2 dni okresów ubezpieczenia.</xText>
          <xText>Sąd pierwszej instancji ustalił ponadto, że w okresie od dnia 1 sierpnia 1960 roku do dnia 30 stycznia 1964 roku, ubezpieczony pomagał przy prowadzeniu gospodarstwa rolnego swoich rodziców <xAnon>M.</xAnon> i <xAnon>A. M.</xAnon> w miejscowości <xAnon>P.</xAnon> w gminie <xAnon>B.</xAnon>, gdzie był wówczas zameldowany. Ponadto w niemożliwym do ustalenia okresie ubezpieczony zatrudniony był jako dozorca w <xAnon> masarni (...)</xAnon>.</xText>
          
          <xText>Sąd Okręgowy uznał, że odwołania <xAnon>J. M.</xAnon> nie zasługiwały na uwzględnienie. Odnosząc się do możliwości przeliczenia i wyrównania świadczenia z uwzględnieniem okresu służby wojskowej od 1988 roku sąd pierwszej instancji w pierwszej kolejności zważył, że już powyższa data początkowa okresu żądanego przeliczenia budziła pewne wątpliwości. Z treści odwołania wynika bowiem, że ubezpieczony domaga się w istocie przeliczenia od daty nabycia uprawnień rentowych, jednocześnie wskazywał rok 1988, lecz przekreślił go, parafując, na rok 1984. W piśmie procesowym zawierającym wniosek o przeliczenie świadczenia, datowanym na dzień 29 listopada 2010 roku, a znajdującym się w aktach sprawy o sygnaturze VII U 1748/10 na k. 37, ubezpieczony wskazywał jako datę początkową okresu do przeliczenia rok 1988. Takiej też treści wniosek przekazano organowi rentowemu jako wniosek o wydanie decyzji. Niezależnie od tej nieścisłości, sąd pierwszej instancji uznał przedmiotowy wniosek za nie zasługujący na uwzględnienie. Ani bowiem rok 1984 ani 1988 nie mogły stanowić początkowej daty okresu możliwego do przeliczenia.</xText>
          <xText>Odwołując się do treści <xLexLink xArt="art. 133;art. 133 ust. 1" xIsapId="WDU19981621118" xTitle="Ustawa z dnia 17 grudnia 1998 r. o emeryturach i rentach z Funduszu Ubezpieczeń Społecznych" xAddress="Dz. U. z 1998 r. Nr 162, poz. 1118">art. 133 ust. 1 ustawy z dnia 17 grudnia 1998 roku o emeryturach i rentach z Funduszu Ubezpieczeń Społecznych</xLexLink> (t.j. Dz.U. z 2009 roku, nr 153, poz. 1227, ze zm., dalej jako ustawa o FUS) Sąd Okręgowy wskazał, że przeliczenie świadczenia wraz z wyrównaniem obejmuje co do zasady okres od daty nabycia uprawnień, nie wcześniej jednak niż od miesiąca, w którym złożono wniosek. Wyjątkiem jest możliwość przeliczenia świadczenia za okres 3 lat poprzedzających momenty powyżej opisane, jednak wyłącznie w sytuacji, w której organ rentowy popełnił błąd. Ubezpieczony wystąpił z wnioskiem o prawo do emerytury w dniu 17 maja 2010 roku, zaś 65 rok życia ukończył w dniu 20 maja 1945 roku. Formalny wniosek o doliczenie do stażu pracy okresu służby wojskowej ubezpieczony złożył w dniu 24 sierpnia 2010 roku. Wiadomym jest także, że decyzja przyznająca prawo do emerytury obejmująca sporny okres zapadła w dniu 20 października 2010 roku. Przedmiotowa decyzja dotyczyła okresu od 20 maja 2010 roku i za ten okres ubezpieczony otrzymał zaległe świadczenie wraz z wyrównaniem.</xText>
          <xText>W ocenie Sądu Okręgowego fakt, iż ubezpieczony dopiero we wniosku z dnia 24 sierpnia 2010 roku wniósł o doliczenie okresu służby wojskowej i że decyzją z dnia 20 października 2010 roku okres taki ubezpieczonemu zaliczono, wyklucza możliwość popełnienia przez organ rentowy błędu. Przed datą wskazaną w zaskarżonej decyzji, <xAnon>J. M.</xAnon> nie nabył uprawnień do emerytury, a tylko tego świadczenia dotyczyły wskazane decyzje.</xText>
          <xText>Zdaniem sądu pierwszej instancji przeliczenie świadczenia od daty nabycia uprawnień dotyczy tego samego świadczenia, a nie dwóch różnych świadczeń (emerytury, renty). Przepis art. 133 ustawy o FUS nie daje podstaw do swoistego korygowania w postępowaniu o prawo do emerytury (o jej przeliczenie) ustaleń poczynionych przez organ rentowy przy wydawaniu decyzji przyznającej prawo renty inwalidzkiej. Rentę przyznano w oparciu o uznane przez organ rentowy okresy i jedyną drogą zakwestionowania tych ustaleń było zaskarżenie ówczesnej decyzji. Ponadto organ rentowy nie dysponował danymi dotyczącymi okresu służby wojskowej przed dniem 28 sierpnia 2010 roku. W tym stanie rzeczy Sąd Okręgowy uznał decyzję z dnia 31 marca 2011 roku za prawidłową.</xText>
          <xText>W dalszej kolejności sąd pierwszej instancji stwierdził, że okoliczność pracy ubezpieczonego w gospodarstwie rolnym rodziców nie była sporna. Nie oznaczało to jednak, że zaistniały przesłanki do doliczenia takiego okresu do ogólnego stażu pracy. W oparciu o treść art. 10 ust. 1 ustawy o FUS Sąd Okręgowy stwierdził, że okres pracy w gospodarstwie rolnym po ukończeniu 16 roku życia nie stanowi samodzielnego okresu wliczanego do stażu pracy przez sam fakt świadczenia takiej pracy. Ustawodawca ogranicza możliwość zaliczania takiego okresu wyłącznie do sytuacji, gdy wnioskodawca nie legitymuje się wymaganym okresem zatrudnienia tj. minimalnym 20 lat dla mężczyzn. Okres pracy w gospodarstwie rolnym nie ma wpływu na ogólny staż pracy w sytuacjach nieobjętych dyspozycją przepisu art. 10 ustawy o FUS (z zastrzeżeniem przepisu art. 56). W tym sensie praca w gospodarstwie rolnym rodziców stanowi okres uzupełniający brakujący do 20 lat okresu zatrudnienia. Niezależnie od okresu pracy w gospodarstwie rolnym łączny staż pracy szacowany z jego uwzględnieniem nie może przekroczyć 20 lat. W każdym innym przypadku okres pracy w gospodarstwie rolnym jest skracany (zaliczany w odpowiedniej części) po osiągnięciu minimum ustawowego. W tym stanie rzeczy organ rentowy w pierwszej kolejności winien każdorazowo zliczać okresy ujęte w przepisach art. 6 – 7 ustawy o FUS, potem zaś zestawiać ewentualne braki z dopuszczalnymi okresami uzupełniającymi i wliczać takie okresy w zakresie niezbędnym do uzupełnienia stażu pracy, nigdy zaś ponad ten staż. Skoro <xAnon>J. M.</xAnon> nabył prawo do emerytury, czyli wykazał należycie minimum stażowe, w ocenie sądu pierwszej instancji, niemożliwym było doliczenie okresu pracy w gospodarstwie rolnym do ogólnego stażu pracy. To zaś przesądzało o bezzasadności odwołania od decyzji z dnia 15 kwietnia 2011 roku.</xText>
          <xText>Odnosząc się do doliczenia do stażu ubezpieczeniowego pracy <xAnon>J. M.</xAnon> w <xAnon> masarni (...)</xAnon> Sąd Okręgowy zważył, że niewystarczające do zaliczenia jest samo faktyczne zatrudnienie, ale konkretny, możliwy do ustalenia i weryfikacji okres, posiadający wyraźne ramy czasowe. Jeśli ubezpieczony nie wskaże ram czasowych okresu, podlegającego zaliczeniu, sąd ubezpieczeń społecznych nie może go w tym wyręczyć, w szczególności poprzez wskazanie okresów w przybliżeniu. <xAnon>J. M.</xAnon> pierwotnie wskazał ramy czasowe zatrudnienia, tj. okres od dnia 1 września 1997 roku do 30 kwietnia 1998 roku, jednak zabrakło pewnych dowodów potwierdzających tę okoliczność. Sąd Okręgowy nie kwestionował okoliczności, że ubezpieczony w masarni pracował, co potwierdzają zeznania świadka <xAnon>W. K.</xAnon> (k. 73 – 74), niemożliwe było jednak ustalenie precyzyjnych ram czasowych takiego zatrudnienia, zwłaszcza w sytuacji, gdy sam ubezpieczony zrelatywizował uprzednio wskazany przez siebie okres. Na rozprawie w dniu 9 maja 2012 roku ubezpieczony przyznał bowiem, że podane przez siebie ramy czasowe zatrudnienia w masarni, stanowiły wynik nie tyle udokumentowanej wiedzy, ale tego, co ubezpieczony zapamiętał. <xAnon>J. M.</xAnon> nie pamiętał też czy podpisywał w firmie swego pracodawcy jakiekolwiek dokumenty.</xText>
          <xText>Na koniec sąd pierwszej instancji zwrócił uwagę, że znajdująca się w aktach sprawy dokumentacja medyczna potwierdza pogorszenie się stanu zdrowia ubezpieczonego i to w okresie zbliżonym do deklarowanej pierwotnie początkowej daty zatrudnienia w masarni. Okoliczność ta w połączeniu z faktem, iż <xAnon>J. M.</xAnon> pobierał rentę z tytułu niezdolności do pracy, również przemawiają za odmową zaliczenia wskazanego przez ubezpieczonego okresu do ogólnego stażu pracy.</xText>
          <xText>Zdaniem Sądu Okręgowego ubezpieczony nie wykazał w sposób pewny, że w okresie od 1 września 1997 roku do 30 kwietnia 1998 roku pracował w <xAnon> (...)</xAnon>, a decyzja z dnia 19 kwietnia 2011 roku jest prawidłowa.</xText>
          
          <xText>Apelację od powyższego wyroku wywiódł <xAnon>J. M.</xAnon>, który zaskarżył rozstrzygnięcie w całości zarzucając mu naruszenie przepisów postępowania poprzez uznanie, że nie wykazał konkretnych ram czasowych potwierdzających zatrudnienie w <xAnon> (...)</xAnon>. Wskazując na powyższe skarżący wniósł o zmianę zaskarżonego wyroku poprzez zmianę poprzedzającej go decyzji, względnie uchylenie zaskarżonego wyroku i przekazanie sprawy Sądowi Okręgowemu.</xText>
          <xText>W uzasadnieniu apelujący podniósł, że nie zgadza się z ustaleniami faktycznymi poczynionymi przez sąd pierwszej instancji. W ocenie <xAnon>J. M.</xAnon> udowodnił on, że pracował w charakterze dozorcy w okresie od 1 września 1997 roku do 30 kwietnia 1998 roku, że pracował w gospodarstwie rolnym rodziców co najmniej 4 godziny dziennie, a także, że w chwili przejścia na rentę organ rentowy posiadał wiedzę o odbyciu służby wojskowej. Zdaniem skarżącego <xAnon>W. K.</xAnon> w zeznaniach swych potwierdził okoliczność zatrudnienia ubezpieczonego w masarni w spornym okresie.</xText>
          
          <xText>W odpowiedzi na apelację <xAnon>J. M.</xAnon> organ rentowy wniósł o oddalenie jej w całości, uznając rozstrzygnięcie sądu pierwszej instancji za trafne.</xText>
          
          <xText>
            <xBx>Sąd Apelacyjny zważył, co następuje:</xBx>
          </xText>
          <xText>Apelacja <xAnon>J. M.</xAnon> nie zasługiwała na uwzględnienie.</xText>
          <xText>W świetle ponownego przeprowadzenia dowodu z zeznań świadka <xAnon>W. K.</xAnon> Sąd Apelacyjny, wbrew zarzutom apelacji, uznał ustalenia faktyczne poczynione przez sąd pierwszej instancji i zaprezentowaną w wyroku ocenę prawną za prawidłowe. Przyjmując je za własne, sąd drugiej instancji nie widział potrzeby ich ponownego szczegółowego przytaczania.</xText>
          <xText><xAnon>J. M.</xAnon> zaskarżając rozstrzygnięcie Sądu Okręgowego zarzucił mu naruszenie bliżej nie sprecyzowanych przepisów postępowania. Lektura apelacji pozwala jednak na wniosek, że skarżący polemizuje z ustaleniami faktycznymi dokonanymi w sprawie, co oznaczałoby naruszenie przez sąd pierwszej instancji <xLexLink xArt="art. 233;art. 233 § 1" xIsapId="WDU19640430296" xTitle="Ustawa z dnia 17 listopada 1964 r. - Kodeks postępowania cywilnego" xAddress="Dz. U. z 1964 r. Nr 43, poz. 296">art. 233 § 1 k.p.c.</xLexLink> Przepis ten stanowi, że sąd ocenia wiarygodność i moc dowodów według własnego przekonania, na podstawie wszechstronnego rozważenia zebranego materiału. Apelujący kwestionując wyrok Sądu Okręgowego podnosi, że w swoim odczuciu udowodnił okoliczność pracy w charakterze dozorcy w okresie od 1 września 1997 roku do 30 kwietnia 1998 roku, pracy w gospodarstwie rolnym rodziców co najmniej 4 godziny dziennie, a także to, że w chwili przejścia na rentę organ rentowy posiadał wiedzę o odbyciu przezeń służby wojskowej.</xText>
          <xText>Z powyższym stanowiskiem <xAnon>J. M.</xAnon> zgodzić się nie można. Praca ubezpieczonego w charakterze dozorcy w okresie od 1 września 1997 roku do 30 kwietnia 1998 roku w <xAnon> przedsiębiorstwie (...)</xAnon> wynika bowiem wyłącznie z twierdzeń skarżącego. Brak jest jakiegokolwiek innego dowodu pozwalającego w sposób pewny zweryfikować twierdzenia strony. Same zeznania <xAnon>W. K.</xAnon> takiego przymiotu nie posiadają. Przesłuchany świadek nie potrafił wskazać nawet w sposób przybliżony okresu zatrudnienia ubezpieczonego w przedsiębiorstwie. Brak danych dla ustalenia czy i jaki stosunek prawny łączył <xAnon>J. M.</xAnon> z masarnią. Ubezpieczony mógł być wszak zatrudniony na umowę o pracę, umowę zlecenia, bądź też wykonywać czynności dozoru bez legalizowania zatrudnienia. Znamiennym jest, że skarżący nie posiada jakiejkolwiek dokumentacji pozwalającej na weryfikację swoich twierdzeń. Nie przedkłada bowiem umowy o pracę, świadectwa pracy czy dowodów wypłat wynagrodzenia. <xAnon>W. K.</xAnon> zeznał tymczasem, że z chwilą zakończenia pracy w tym samym zakładzie świadectwo pracy otrzymał. Oznacza to, że pracodawca wywiązywał się ze swych ustawowych obowiązków przy rozwiązywaniu z pracownikami umów.</xText>
          <xText>Przyjmując nawet, że ubezpieczony był zatrudniony w <xAnon> przedsiębiorstwie (...)</xAnon> na podstawie umowy o pracę w charakterze dozorcy i że z tego tytułu został objęty ubezpieczeniem społecznym, obecnie brak jest możliwości odtworzenia okresu w jakim praca ta miała być wykonywana. Samo twierdzenie <xAnon>J. M.</xAnon>, że okresem tym jest czas od 1 września 1997 roku do 30 kwietnia 1998 roku, nie jest możliwe do zweryfikowania.</xText>
          <xText>Tymczasem Sąd Apelacyjny w Szczecinie konsekwentnie prezentuje pogląd, zgodnie z którym w sprawie, w której przedmiotem jest prawo do świadczenia rentowo-emerytalnego lub wysokość tego świadczenia „<xIx>wymaga się dowodów nie budzących wątpliwości, spójnych oraz precyzyjnych - potwierdzających czy uprawdopodobniających w stopniu graniczącym z pewnością nie tylko fakt zatrudnienia, ale i pozostałe okoliczności związane ze świadczeniem pracy. Dowody z zeznań świadków nie mogą, choćby ze względu na znaczny upływ czasu stanowić wystarczająco pewnego źródła dla rekonstrukcji faktów o warunkach pracy i płacy oraz pozostałych istotnych okoliczności, w szczególności, gdy dotychczas przedłożone dokumenty tych faktów nie potwierdzają</xIx>” (m.in. wyrok z dnia 28 października 2008 r., sygn. III AUa 560/08).</xText>
          <xText>Także argumentacja <xAnon>J. M.</xAnon> odnośnie jego pracy w gospodarstwie rolnym rodziców nie mogła wpłynąć na podważenie prawidłowego rozstrzygnięcia sądu pierwszej instancji. Jak było to już wskazywane, możliwość doliczenia do ogólnego stażu ubezpieczeniowego pracy w gospodarstwie rolnym po ukończeniu 16 roku życia, istnieje tylko wówczas, „jeżeli okresy składkowe i nieskładkowe, ustalone na zasadach określonych w art. 5-7, są krótsze od okresu wymaganego do przyznania emerytury, w zakresie niezbędnym do uzupełnienia tego okresu” (art. 10 ust. 1 ustawy o FUS). <xAnon>J. M.</xAnon> udowodnił posiadanie minimalnego okresu wymaganego ustawą, w konsekwencji czego nabył prawo do emerytury. Obecnie nie istnieje zatem potrzeba uzupełniania okresu ubezpieczeniowego. Wszelkie twierdzenia apelującego, co do wymiaru czasu pracy w gospodarstwie rolnym rodziców, są dla niniejszego postępowania obojętne.</xText>
          <xText>Nie ma też racji skarżący domagając się przeliczenia świadczenia począwszy od 1988 czy też 1984 roku z uwzględnieniem okresu odbywanej służby wojskowej. Przede wszystkim, na co wskazywał już w swym uzasadnieniu Sąd Okręgowy, powyższe żądanie ubezpieczony sformułował dopiero w dniu 26 sierpnia 2010 roku (k. 14 pliku V akt rentowych) przedkładając organowi rentowemu kserokopię książeczki wojskowej (k. 15 pliku V akt rentowych). Wniosek o rentę inwalidzką z dnia 16 kwietnia 1984 roku i dołączony do niego kwestionariusz dotyczący okresów zatrudnienia (k. 1 i 2 pliku I akt rentowych) nie zawierały informacji o odbyciu przez ubezpieczonego służby wojskowej. Zgodnie z art. 133 ust. 1 ustawy o FUS w razie ponownego ustalenia przez organ rentowy wysokości świadczenia, podwyższone świadczenie wypłaca się poczynając od miesiąca, w którym powstało do niego prawo, jednak nie wcześniej niż:</xText>
          <xText>1)od miesiąca, w którym zgłoszono wniosek;</xText>
          <xText>2)za okres 3 lat poprzedzających bezpośrednio miesiąc, o którym mowa w pkt 1, jeżeli przyznanie niższych świadczeń były następstwem błędu organu rentowego;</xText>
          <xText>zatem zasadnym była odmowa przeliczenia świadczenia należnego <xAnon>J. M.</xAnon> od 1988 roku, a tym bardziej od 1984 roku. Niezłożenie przez ubezpieczonego w dacie ubiegania się o rentę inwalidzką książeczki wojskowej i niewyszczególnienie tego okresu w kwestionariuszu dołączonym do wniosku o świadczenie wyklucza ustalenie, że przy przyznawaniu prawa do świadczenia organ rentowy dopuścił się błędu. Nawet hipotetyczne przyjęcie, że błąd taki po stronie ZUS wystąpił, umożliwiałoby to przyznanie wyrównania za okres maksymalnie 3 lat poprzedzających złożenie wniosku o ponowne ustalenie wysokości świadczenia, tj. od sierpnia 2007 roku, nie zaś od 1988 roku.</xText>
          <xText>Niezależnie od tego Sąd Apelacyjny podziela stanowisko sądu pierwszej instancji, że ubezpieczony, który obecnie ma przyznane prawo do emerytury, mógłby ubiegać się o przeliczenie tegoż właśnie świadczenia, co zresztą na podstawie decyzji z dnia 20 października 2010 roku nastąpiło. Przeliczenie od 1988 roku oznaczałoby ustalanie ponownie wysokości renty, której <xAnon>J. M.</xAnon> już nie pobiera.</xText>
          <xText>Powyższe rozważania prowadzą Sąd Apelacyjny do wniosku, że działaniem swym sąd pierwszej instancji nie naruszył dyspozycji <xLexLink xArt="art. 233;art. 233 § 1" xIsapId="WDU19640430296" xTitle="Ustawa z dnia 17 listopada 1964 r. - Kodeks postępowania cywilnego" xAddress="Dz. U. z 1964 r. Nr 43, poz. 296">art. 233 § 1 k.p.c.</xLexLink> Ustalenia faktyczne, mimo sformułowania takiego zarzutu, nie były w praktyce kwestionowane przez skarżącego, zaś niezgodna z oczekiwaniami <xAnon>J. M.</xAnon> okazała się ich ocena prawna. Sąd drugiej instancji podziela w całej rozciągłości zaprezentowane w uzasadnieniu Sądu Okręgowego rozważania prawne, nie dopatrując się w jego działaniu żadnego błędu. Zarówno wyrok sądu pierwszej instancji, jak i poprzedzające go trzy decyzje organu rentowego okazały się prawidłowe, natomiast apelacja <xAnon>J. M.</xAnon> jako bezzasadna podlegała oddaleniu na podstawie <xLexLink xArt="art. 385" xIsapId="WDU19640430296" xTitle="Ustawa z dnia 17 listopada 1964 r. - Kodeks postępowania cywilnego" xAddress="Dz. U. z 1964 r. Nr 43, poz. 296">art. 385 k.p.c.</xLexLink></xText>
          
          <xText>SSA Barbara Białecka  SSA Zofia Rybicka - Szkibiel SSA Jolanta Hawryszko</xText>
        </xUnit>
      </xBlock>
    </xPart>
  </judgement>
<judgement id="155500000001521_III_AUa_000876_2012_Uz_2013-03-27_001">
    <xPart xEditorFullName="Magdalena Beker" xYear="2012" xLang="PL" xPublisherFullName="Magdalena Beker" xFromPg="1" xEditor="mbeker" xVolType="15/550000/0001521/AUa" xPublisher="mbeker" xDocType="Uz" xVolNmbr="000876" xVersion="1.0" xToPage="10" xFlag="published">
      <xName>Wyrok+Uzasadnienie</xName>
      <xBlock>
        <xText>Sygn. akt III AUa 876/12</xText>
        
        <xUnit xIsTitle="true" xBold="true" xType="part">
          <xName>WYROK</xName>
          <xTitle>W IMIENIU RZECZYPOSPOLITEJ POLSKIEJ</xTitle>
          <xText>Dnia 27 marca 2013 r.</xText>
          
          <xText>Sąd Apelacyjny w Szczecinie - Wydział III Pracy i Ubezpieczeń Społecznych</xText>
          <xText>w składzie:</xText>
          <xRows>
            <xCOLGROUPx>
              <xCOLx xWIDTHx="219"/>
              <xCOLx xWIDTHx="398"/>
            </xCOLGROUPx>
            <xRow>
              <xClmn xALIGNx="left" xVALIGNx="middle">
                <xText xALIGNx="right">Przewodniczący:</xText>
              </xClmn>
              <xClmn xALIGNx="left" xVALIGNx="middle">
                <xText>SSA Zofia Rybicka - Szkibiel (spr.)</xText>
              </xClmn>
            </xRow>
            <xRow>
              <xClmn xALIGNx="left" xVALIGNx="top">
                <xText xALIGNx="right">Sędziowie:</xText>
              </xClmn>
              <xClmn xALIGNx="left" xVALIGNx="middle">
                <xText>SSA Jolanta Hawryszko</xText>
                <xText>SSA Barbara Białecka</xText>
              </xClmn>
            </xRow>
            <xRow>
              <xClmn xALIGNx="left" xVALIGNx="middle">
                <xText xALIGNx="right">Protokolant:</xText>
              </xClmn>
              <xClmn xALIGNx="left" xVALIGNx="middle">
                <xText>St. sekr. sąd. Edyta Rakowska</xText>
              </xClmn>
            </xRow>
          </xRows>
          
          <xText>po rozpoznaniu w dniu 27 marca 2013 r. w Szczecinie</xText>
          <xText>sprawy <xAnon>H. G.</xAnon></xText>
          <xText>przeciwko Zakładowi Ubezpieczeń Społecznych Oddział w <xAnon>G.</xAnon><xAnon>W.</xAnon>.</xText>
          <xText>o przyznanie emerytury</xText>
          <xText>na skutek apelacji organu rentowego</xText>
          <xText>od wyroku Sądu Okręgowego w Gorzowie Wlkp. VI Wydział Pracy i Ubezpieczeń Społecznych</xText>
          <xText>z dnia 2 października 2012 r. sygn. akt VI U 775/12</xText>
          
          <xText>uchyla zaskarżony wyrok i przekazuje sprawę do ponownego rozpoznania Sądowi Okręgowemu w Gorzowie Wlkp. VI Wydziałowi Pracy i Ubezpieczeń Społecznych, pozostawiając temu Sądowi rozstrzygnięcie o kosztach instancji odwoławczej.</xText>
          
          <xText>
            <xBx>
              <xIx>Sygn. akt III AUa 876/12</xIx>
            </xBx>
          </xText>
        </xUnit>
        <xUnit xIsTitle="true" xBold="true" xType="part">
          <xName>UZASADNIENIE</xName>
          <xText>Decyzją z dnia 30 maja 2010 r. organ rentowy – Zakład Ubezpieczeń Społecznych Oddział w <xAnon>G.</xAnon> odmówił ubezpieczonej <xAnon>H. G.</xAnon> prawa do emerytury wobec nieudokumentowania 15 lat pracy w warunkach szczególnych.</xText>
          <xText>W odwołaniu od decyzji ubezpieczona <xAnon>H. G.</xAnon>, kwestionując odmowę uwzględnienia w stażu pracy w warunkach szczególnych okresu zatrudnienia w <xAnon> Zakładzie (...)</xAnon> w <xAnon>G.</xAnon>, domagała się przyznania jej prawa do emerytury.</xText>
          <xText>Zakład Ubezpieczeń Społecznych Oddział w <xAnon>G.</xAnon><xAnon>W.</xAnon>. wniósł o oddalenie odwołania.</xText>
          <xText>Sąd Okręgowy w Gorzowie Wielkopolskim wyrokiem z dnia 2 października 2012 r. zmienił decyzję organu rentowego i przyznał ubezpieczonej <xAnon>H. G.</xAnon> prawo do emerytury od dnia 1 marca 2012 r.</xText>
          <xText>Z ustaleń stanowiących podstawę faktyczną rozstrzygnięcia wynika, że ubezpieczona <xAnon>H. G.</xAnon> urodziła się 18 stycznia 1957 r. Od dnia 17 grudnia 2001 r. otrzymywała zasiłek przedemerytalny i w dniu 16 marca 2012 r. złożyła wniosek o emeryturę. Ubezpieczona przystąpiła do OFE ale wniosła o przekazanie środków zgromadzonych na rachunku OFE na dochody budżetu państwa. Na dzień złożenia wniosku nie pozostawała w zatrudnieniu. Organ rentowy uznał 6 lat, 7 miesięcy i 20 dni pracy w warunkach szczególnych na co składał się okres zatrudnienia ubezpieczonej od 1.05.1976 r. do 7.08.1980 r. i od 3.11.1980 r. do 15.03.1983 r. w <xAnon> Zakładzie (...)</xAnon> w <xAnon>G.</xAnon>. Sąd I instancji ustalił, że w <xAnon> przedsiębiorstwie (...)</xAnon><xAnon>H. G.</xAnon> pracowała od 1.09.1973 r. do 31.12.2001 r. Początkowo jako uczeń szkoły przyzakładowej, a następnie na stanowiskach nawijacza tkanin, brakarza, operatora maszyn liczących, specjalisty i samodzielnego referenta. Nadto Sąd Okręgowy ustalił, że w okresie od 20.02.1990 r. do 31.12.1998 r. ubezpieczona wykonywała pracę w dziale Elektronicznego Przetwarzania Danych (EPD) na stanowisku najpierw operatora maszyn liczących, starszego operatora maszyn liczących, operatora EPD, od 01.01.1996 r. samodzielnego referenta w dziale EPD, a od 01.07.1998 r. w Biurze Sprzedaży i Rozliczenia Rynku Krajowego. Od 20.02.1990 r. <xAnon>H. G.</xAnon> wykonywała pracę na komputerze zakupionym dla niej, na którym wystawiała faktury, m.in. na podstawie dokumentów przygotowywanych i przynoszonych jej codziennie przez <xAnon>D. K.</xAnon> i <xAnon>M. M.</xAnon>. Oprócz fakturowania ubezpieczona wykonywała także specyfikacje zbiorcze, zestawienia dzienne i miesięczne, zwroty i przesunięcia magazynowe, rozliczenia punktów magazynowych z całego kraju. W przypadku nieobecności innych pracowników tego działu, <xAnon>H. G.</xAnon> wykonywała na komputerze pracę za tych pracowników. Według Sądu meriti ubezpieczona przy komputerze pracowała stale i w pełnym wymiarze czasu pracy ustalonym na 8 godzin, lecz bardzo często jej dzienny wymiar czasu pracy był zdecydowanie dłuższy. W okresie od 1990 r. do 31.12.1998 r. nie miała żadnych przerw w zatrudnieniu. W okresie zatrudnienia ubezpieczona była pod stałą opieką okulistyczną, otrzymywała specjalne okulary do pracy, a także poddawana była okresowym badaniom EEG głowy.</xText>
          <xText>W tych okolicznościach Sąd Okręgowy zważył, że odwołanie okazało się uzasadnione.</xText>
          <xText>Analizując zebrany w sprawie materiał dowodowy przez pryzmat przepisów z <xLexLink xArt="art. 184;art. 32" xIsapId="WDU19981621118" xTitle="Ustawa z dnia 17 grudnia 1998 r. o emeryturach i rentach z Funduszu Ubezpieczeń Społecznych" xAddress="Dz. U. z 1998 r. Nr 162, poz. 1118">art. 184 i art. 32 ustawy z dnia 17 grudnia 1998 r. o emeryturach i rentach z Funduszu Ubezpieczeń Społecznych</xLexLink> (Dz.U.09.153.1227 j.t.) oraz regulacji <xLexLink xArt="§ 2;§ 3;§ 4;§ 19" xIsapId="WDU19830080043" xTitle="Rozporządzenie Rady Ministrów z dnia 7 lutego 1983 r. w sprawie wieku emerytalnego oraz wzrostu emerytur i rent inwalidzkich dla pracowników zatrudnionych w szczególnych warunkach lub w szczególnym charakterze" xAddress="Dz. U. z 1983 r. Nr 8, poz. 43">§ 2,3,4 i 19 rozporządzenia Rady Ministrów z dnia 7 lutego 1983 r. w sprawie wieku emerytalnego pracowników zatrudnionych <xBRx/>w szczególnych warunkach lub w szczególnym charakterze</xLexLink> (Dz.U. nr 8 poz.43 ze zm.) oraz załącznika A do tego rozporządzenia, Sąd przyjął, że ubezpieczona pracowała stale, w pełnym wymiarze czasu pracy, bez przerw w zatrudnieniu, przy obsłudze komputerów w warunkach szczególnych przez okres wymagany ustawą (15 lat). Odwołując się do materiału dowodowego zgromadzonego w toku postępowania, Sąd I instancji uznał, że ubezpieczona wykazała, iż oprócz okresu 6 lat, 7 miesięcy i 20 dni pracy w warunkach szczególnych uznanych przez organ rentowy, <xAnon>H. G.</xAnon> pracowała w warunkach szczególnych także <xBRx/>w okresie od 20.02.1990 r. do 31.12.1998 r. wykonując prace przy komputerze. Ubezpieczona legitymuje się świadectwem pracy z zapisem o wykonywaniu pracy w warunkach szczególnych m.in. w spornym okresie. Skoro organ rentowy zakwestionował świadectwo pracy co do okresu od 01.12.1975 r. do 30.04.1976 r. i od 20.02.1990 r. do 31.12.1998 r., przeto Sąd zobligowany był do jego weryfikacji wszelkimi dowodami. Z uwagi na wniosek ubezpieczonej zajął się tylko drugim z okresów. W ocenie Sądu Okręgowego charakter pracy ubezpieczonej w szczególnych warunkach, jej stałość i pełny wymiar potwierdzają zeznania świadków <xAnon>D. K.</xAnon> i <xAnon>M. M.</xAnon>, a także przesłuchanie ubezpieczonej w charakterze strony. Z pisemnych motywów zaskarżonego rozstrzygnięcia wynika, że Sąd Okręgowy zeznania ubezpieczonej oraz wymienionych świadków ocenił jako wiarygodne <xBRx/>i korespondujące ze sobą oraz zgodne z zeznaniami ubezpieczonej, aktami osobowymi i aktami rentowymi. W ocenie Sądu pierwszej instancji świadkowie nie mieli żadnych wątpliwości, że w spornym okresie ubezpieczona stale i w pełnym wymiarze pracowała przy komputerze, nie miała przerw w zatrudnieniu, a jej czas pracy zdecydowanie i bardzo często przekraczał normę dzienną. Świadkowie potwierdzili, że ubezpieczona wystawiała faktury, wykonywała specyfikacje zbiorcze, zestawienia dzienne i miesięczne, zwroty i przesunięcia magazynowe, rozliczenia punktów magazynowych z całego kraju, a w razie nieobecności pracowników <xAnon>H. G.</xAnon> zastępowała ich w pracy przy komputerze. Organ rentowy nie zaproponował zaś żadnych dowodów mogących podważyć wiarygodność zeznań świadków <xBRx/>i ubezpieczonej.</xText>
          <xText>Następnie Sąd Okręgowy zważył, że prace przy obsłudze elektronicznych monitorów ekranowych są wymienione w wykazie A, w dziale XIV zatytułowanym: prace różne pod poz. 5 załącznika do <xLexLink xArt="" xIsapId="WDU19830080043" xTitle="Rozporządzenie Rady Ministrów z dnia 7 lutego 1983 r. w sprawie wieku emerytalnego oraz wzrostu emerytur i rent inwalidzkich dla pracowników zatrudnionych w szczególnych warunkach lub w szczególnym charakterze" xAddress="Dz. U. z 1983 r. Nr 8, poz. 43">rozporządzenia Rady Ministrów z dnia 7 lutego 1983 r. w sprawie wieku emerytalnego pracowników zatrudnionych w szczególnych warunkach lub w szczególnym charakterze</xLexLink>. Również w Zarządzeniu nr 7 Zarządzenia Ministra Przemysłu Chemicznego i Lekkiego z dnia 07.07.1987 r. (Dz. Urz. nr 4) w sprawie prac wykonywanych w szczególnych warunkach lub w szczególnym charakterze w dziale XIV, w punkcie 5 ppkt 5 wpisane są prace przy obsłudze mikroskopów i monitorów ekranowych. Sąd Okręgowy wskazał, że <xBRx/>w <xLexLink xArt="§ 2;§ 2 pkt. 1" xIsapId="WDU19981480973" xTitle="Rozporządzenie Ministra Pracy i Polityki Socjalnej z dnia 1 grudnia 1998 r. w sprawie bezpieczeństwa i higieny pracy na stanowiskach wyposażonych w monitory ekranowe" xAddress="Dz. U. z 1998 r. Nr 148, poz. 973">§ 2 pkt 1 Rozporządzenia Ministra Pracy i Polityki Socjalnej z dnia 01.12.1998 r. w sprawie bezpieczeństwa i higieny pracy na stanowiskach wyposażonych w monitory ekranowe</xLexLink> (Dz. U. Nr 148, poz. 973) znajduje się wyjaśnienie, że przez monitor ekranowy należy rozumieć urządzenie do wyświetlania informacji w trybie alfanumerycznym lub graficznym, niezależnie od metody uzyskiwania obrazu. Stanowisko pracy wyposażone w taki monitor to według tego rozporządzenia przestrzeń wyposażona dodatkowo w klawiaturę lub inne urządzenia wejściowe, jednostkę centralną lub stację dyskietek, drukarkę, mysz, skaner itp.</xText>
          <xText>Reasumując Sąd Okręgowy stwierdził, że stanowisko pracy zajmowane przez ubezpieczoną, niezależnie od zastosowanych przez pracodawcę nazw operator maszyn liczących czy operator EPD, odpowiada swojemu charakterowi stanowisku, na którym praca wykonywana była w warunkach szczególnych. Ubezpieczona osiągnęła także wiek emerytalny oraz wymagany przez ustawę okres ubezpieczenia, a zatem spełniła wszystkie przesłanki warunkujące prawo do przyznania emerytury. Dlatego też na podstawie <xLexLink xArt="art. 477(14);art. 477(14) § 2" xIsapId="WDU19640430296" xTitle="Ustawa z dnia 17 listopada 1964 r. - Kodeks postępowania cywilnego" xAddress="Dz. U. z 1964 r. Nr 43, poz. 296">art.477<xSUPx>(
      14 )</xSUPx>§ 2 k.p.c.</xLexLink> Sąd zmienił zaskarżoną decyzję i przyznał ubezpieczonej prawo do emerytury od dnia 1 marca 2012 r., tj. od miesiąca, w którym ubezpieczona wystąpiła z wnioskiem o emeryturę.</xText>
          
          <xText>Apelację od powyższego wyroku wywiódł organ rentowy i zarzucił:</xText>
          <xText>1. naruszenie przepisu prawa materialnego, tj. <xLexLink xArt="§ 4;§ 4 ust. 1;§ 4 ust. 1 pkt. 3" xIsapId="WDU19830080043" xTitle="Rozporządzenie Rady Ministrów z dnia 7 lutego 1983 r. w sprawie wieku emerytalnego oraz wzrostu emerytur i rent inwalidzkich dla pracowników zatrudnionych w szczególnych warunkach lub w szczególnym charakterze" xAddress="Dz. U. z 1983 r. Nr 8, poz. 43">§ 4 ust. 1 pkt 3 rozporządzenia Rady Ministrów z dnia 07.02.1983r. w sprawie wieku emerytalnego pracowników zatrudnionych w szczególnych warunkach lub w szczególnym charakterze</xLexLink> (Dz.U.1983.8.43) w zw. z <xLexLink xArt="art. 184;art. 184 ust. 1;art. 184 ust. 1 pkt. 1" xIsapId="WDU19981621118" xTitle="Ustawa z dnia 17 grudnia 1998 r. o emeryturach i rentach z Funduszu Ubezpieczeń Społecznych" xAddress="Dz. U. z 1998 r. Nr 162, poz. 1118">art. 184 ust. 1 pkt. 1 ustawy z dnia 17.12.1998r. o emeryturach i rentach z Funduszu Ubezpieczeń Społecznych</xLexLink> (Dz.U.2009.153.1227 j.t.) przez błędną wykładnię w wyniku przyjęcia, że praca ubezpieczonej w spornym okresie, polegająca na obsłudze komputerów jest pracą w szczególnych warunkach podczas gdy praca ubezpieczonej w tym okresie nie kwalifikowała się do kategorii prac, których wykonywanie uprawniało ubezpieczoną do niższego wieku emerytalnego.</xText>
          <xText>2. naruszenie przepisów postępowania, tj. <xLexLink xArt="art. 227;art. 233;art. 233 § 1" xIsapId="WDU19640430296" xTitle="Ustawa z dnia 17 listopada 1964 r. - Kodeks postępowania cywilnego" xAddress="Dz. U. z 1964 r. Nr 43, poz. 296">art. 227 i art. 233 § 1 k.p.c</xLexLink>, polegające na pominięciu przez Sąd Okręgowy wyjaśnienia i ustalenia istotnej dla sprawy okoliczności, czyli nie przeprowadzeniu prawidłowego postępowania dowodowego, i nie rozważeniu w sposób bezstronny i wszechstronny, a zupełnie dowolny charakteru pracy ubezpieczonej w spornym okresie, która nomenklaturowo zajmowała odmienne stanowisko pracy od tych, które związane są zawodowo ze szkodliwą lub uciążliwą obsługą elektronicznych monitorów ekranowych, co skutkowało przyznaniem na rzecz ubezpieczonej prawa do spornego świadczenia, podczas gdy stan faktyczny niniejszej sprawy powinien skutkować oddaleniem odwołania ubezpieczonej, albowiem wskazane powyżej uchybienia Sądu miały istotny wpływ na wynik sprawy.</xText>
          <xText>Zdaniem apelującego praca ubezpieczonej nie kwalifikowała się do kategorii spraw, uprawniających do niższego wieku emerytalnego. Ubezpieczona zajmowała bowiem nomenklaturowo odmienne stanowisko pracy, od tych, które związane są zawodowo ze szkodliwością lub uciążliwością obsługi elektronicznych monitorów ekranowych. W ocenie organu rentowego praca ubezpieczonej nie była pracą obciążającą wzrok i wymagającą precyzyjnego widzenia. Praca przy użyciu komputera nie może być uznana za pracę o znacznej szkodliwości dla zdrowia lub znacznym stopniu uciążliwości lub wymagającą wysokiej sprawności psychofizycznej, ze względu na bezpieczeństwo własne lub otoczenia. Apelujący zaakcentował nadto, że ubezpieczona tworzyła raporty i fakturowała, ale część pracy ubezpieczonej stanowiły też zapewne czynności ręczne. Zdaniem skarżącego, Sąd Okręgowy nie rozważył w sposób bezstronny i wszechstronny zgromadzonego materiału dowodowego przy ocenie charakteru pracy ubezpieczonej. W uzupełnieniu argumentacji, apelujący powołując się na wyrok Sądu Najwyższego z dnia 8.03.2010r., sygn. II UK 236/09 wskazał, że nie ma żadnej normatywnej regulacji, która nakazywałaby przyjąć, iż kazda praca w pełnym wymiarze czasu pracy na stanowisku wyposażonym w monitor ekranowy, jest pracą w szczególnych warunkach. Rozstrzygnięcie sprawy wymaga bowiem gruntownej analizy prawnego rozumienia pracy w szczególnych warunkach w rozumieniu pkt 5, działu XIV załącznika A rozporządzenia z dnia 7 lutego 1983 r., a następnie ustalenia i oceny, czy praca ubezpieczonej odpowiadała pracy w szczególnych warunkach. Zdaniem apelującego chodzi o ustalenie, że pracownik zatrudniony był przy pracach o znacznej szkodliwości i znacznym stopniu uciążliwości. W przypadku pracy określonej w pkt 5, dział XIV załącznika A do rozporządzenia z dnia 7 lutego 1983 r. nie chodzi o samo posługiwanie się komputerem w pracy, ale o pracę szczególnie obciążającą wzrok i wymagającą precyzyjnego widzenia przy obsłudze elektronicznych monitorów komputerowych. Należy też uwzględnić, że zeznające w sprawie <xAnon>D. K.</xAnon> i <xAnon>M. M.</xAnon> nie były obecne cały czas przy świadczeniu pracy przez ubezpieczoną, więc trudno żeby potwierdziły rodzaj wykonywanych przez ubezpieczoną prac, a wystawianie faktur na podstawie dostarczonych ubezpieczonej dokumentów, wymagało ich weryfikacji bez użycia komputera.</xText>
          <xText>Wskazując na powyższe apelujący domagał się zmiany zaskarżonego wyroku <xBRx/>i oddalenia odwołania ewentualnie uchylenia wyroku i przekazania sprawy Sądowi I instancji do ponownego rozpoznania.</xText>
          <xText>Pełnomocnik ubezpieczonej <xAnon>H. G.</xAnon> wniósł o oddalenie apelacji i zasądzenie od organu rentowego kosztów zastępstwa procesowego za II instancję według norm przepisanych.</xText>
          <xText>
            <xBx>Sąd Apelacyjny zważył, co następuje.</xBx>
          </xText>
          <xText>Apelacja organu rentowego okazała się zasadna, skutkowała koniecznością uchylenia zaskarżonego wyroku i przekazaniem sprawy do ponownego rozpoznania Sądowi Okręgowemu. Nie ustalono bowiem podstawowej kwestii, mającej zasadnicze znaczenie dla merytorycznego rozstrzygnięcia, a mianowicie charakterystyki urządzeń na których pracowała ubezpieczona. W realiach sprawy kwestia ta, póki co pozostała zupełnie poza zainteresowaniem Sądu meriti, co prowadzić musiało do stwierdzenia, że nie rozpoznano istoty sprawy. W zamian tego Sąd Okręgowy za podstawę zaskarżonego wyroku, przyjął ustalenia faktyczne oparte na domniemaniach, mających niewiele wspólnego z rzeczywistością dokumentarną zawartą w aktach sprawy. W pisemnych motywach wydanego orzeczenia Sąd I instancji bowiem przyjął, że ubezpieczona <xAnon>H. G.</xAnon> przez okres zatrudnienia od 20.02.1990 r. do 31.12.1998 r. wykonywała pracę w warunkach szczególnych pracując przy obsłudze komputerów, a zatem według Sądu meriti w warunkach o których mowa w pkt 5 dziale XIV załącznika A do <xLexLink xArt="" xIsapId="WDU19830080043" xTitle="Rozporządzenie Rady Ministrów z dnia 7 lutego 1983 r. w sprawie wieku emerytalnego oraz wzrostu emerytur i rent inwalidzkich dla pracowników zatrudnionych w szczególnych warunkach lub w szczególnym charakterze" xAddress="Dz. U. z 1983 r. Nr 8, poz. 43">Rozporządzenia Rady Ministrów z dnia 7 lutego 1983 r. w sprawie wieku emerytalnego pracowników zatrudnionych w szczególnych warunkach lub w szczególnym charakterze</xLexLink> (Dz.U. z 1983, Nr 8, poz. 43) zwanego dalej rozporządzeniem z dnia 7 lutego 1983 r. Sąd pominął jednak, że wymienione rozporządzenie w dziale XIV załącznika A, wcale nie uprawnia do ubiegania się o prawo do emerytury w obniżonym wieku dla osób posługujących się w pracy komputerem, ponieważ w <xLexLink xArt="dział 14 pkt. 5" xIsapId="WDU19830080043" xTitle="Rozporządzenie Rady Ministrów z dnia 7 lutego 1983 r. w sprawie wieku emerytalnego oraz wzrostu emerytur i rent inwalidzkich dla pracowników zatrudnionych w szczególnych warunkach lub w szczególnym charakterze" xAddress="Dz. U. z 1983 r. Nr 8, poz. 43">punkcie 5</xLexLink> dzialu XIV jest mowa o obsłudze elektronicznych monitorów ekranowych. Powoduje to, że argumentacja Sądu Okręgowego dotycząca oceny pracy wnioskodawczyni w spornym okresie w warunkach szczególnych jawi się jako nieadekwatna. W orzecznictwie jednolicie przyjmuje się bowiem, że w ocenie uznania za pracę w szczególnych warunkach pracy ujętej w wykazie A, <xLexLink xArt="dział 14;dział 14 pkt. 5" xIsapId="WDU19830080043" xTitle="Rozporządzenie Rady Ministrów z dnia 7 lutego 1983 r. w sprawie wieku emerytalnego oraz wzrostu emerytur i rent inwalidzkich dla pracowników zatrudnionych w szczególnych warunkach lub w szczególnym charakterze" xAddress="Dz. U. z 1983 r. Nr 8, poz. 43">dziale XIV, pkt 5 rozporządzenia z dnia 7 lutego 1983 r.</xLexLink>, nie chodzi o posługiwanie się na stanowisku pracy komputerem, a praca z pomocą komputera nie pozwala na automatyczne przyjęcie, że jest ona pracą przy obsłudze elektronicznych monitorów ekranowych (zob. wyrok Sądu Najwyższego z dnia 13 czerwca 2012r., sygn. II UK 319/11, Lex 1229814, postanowienie Sądu Najwyższego z dnia 22 marca 2012r., sygn. I UK 403/11, Lex 1214549, wyrok Sądu Najwyższego z dnia 8 marca 2010 r., sygn. II UK 236/09, Lex 599770). Z tym stanowiskiem należy się zgodzić. Dokonane w sprawie ustalenia przez Sąd Okręgowy są zatem całkowicie dowolne, a rozważania Sądu sprzeczne z zebranymi materiałami dowodowymi oraz treścią przepisów. Sąd Okręgowy, uwzględniając zeznania świadków <xAnon>D. K.</xAnon> i <xAnon>M. M.</xAnon> oraz ubezpieczonej, stwierdził że ubezpieczona w spornym okresie zatrudnienia pracowała przy komputerze, wystawiając faktury, wykonując specyfikacje, zestawienia, a także rozliczenia. Abstrahując już od tego, że chwilę dalej Sąd Okręgowy pracę ubezpieczonej analizował już nie jako pracę przy komputerze, ale przytoczył pkt 5 Działu XIV załącznika A do rozporządzenia z dnia 7 lutego 1983 r., gdzie wymienia się pracę przy obsłudze elektronicznego monitora ekranowego, to bez jakichkolwiek merytorycznych przyczyn wskazał, że ubezpieczona istotnie pracowała obsługując komputery. Sąd Okręgowy zupełnie bowiem nie zajął się ustaleniem przy jakich w rzeczywistości urządzeniach pracowała ubezpieczona. Całość postępowania dowodowego w tym zakresie wyczerpało się zaś praktycznie w zakresie zadania świadkowi <xAnon>D. K.</xAnon> pytania, czy urządzeniem na jakim pracowała ubezpieczona, był komputer taki, na jakim sporządzano protokół, w czasie rozprawy w Sądzie Okręgowym i bezkrytycznym przyjęciu twierdzącej odpowiedzi świadka. Sugerujący jednak sposób zadania pytania świadkowi, jak <xBRx/>i czas w którym pracowała ubezpieczona (1990 – 1998), a także stwierdzenie samej ubezpieczonej, że dopiero po pewnym czasie w <xAnon> (...)</xAnon> zakupiono komputery, a także wreszcie wobec określenia w dokumentach ubezpieczonej jej stanowiska pracy jako operatora maszyn liczących, wykluczało poprawność ustalenia, że ubezpieczona istotnie pracowała w całym spornym okresie przy komputerze, pomijając już, że praca przy użyciu komputera, nie jest traktowana sama w sobie jako praca w warunkach szczególnych i nie oznacza automatycznie przyjęcia, że jest to praca przy obsłudze elektronicznych monitorów ekranowych. W sprawie zachodzi zatem potrzeba czynienia dalszych ustaleń w kierunku stwierdzenia, czy praca ubezpieczonej w spornym okresie może być uznana za wykonywaną w warunkach szczególnych, a istotna problemu sprowadza się w pierwszej kolejności do ustalenia na jakich konkretnie urządzeniach pracowała ubezpieczona i czy urządzenia te odpowiadają pojęciu elektronicznych monitorów ekranowych. Niestety w toku procesu tego nie ustalono i nie wiadomo, czy urządzenia na których pracowała ubezpieczona, odpowiadały wskazanemu pojęciu. Sąd Okręgowy zupełnie też nie dostrzegł, że pomiędzy wystawionym ubezpieczonej świadectwem pracy w warunkach szczególnych, a dokumentami osobowymi ubezpieczonej zachodzi istotna sprzeczność. W świadectwie pracy stwierdzono bowiem, że ubezpieczona pracowała w warunkach szczególnych na stanowisku o którym mowa w pkt. 5 dział XIV załącznika do rozporządzenia z dnia 7 lutego 1983r., czyli przy obsłudze elektronicznych monitorów ekranowych, gdy tymczasem z dokumentów osobowych ubezpieczonej wynika, że zatrudniona ona była w spornym okresie w <xAnon> przedsiębiorstwie (...)</xAnon> jako operator maszyn liczących, operator EPD, a następnie samodzielny referent. Zajmowała zatem stanowiska inne niż opisane w rozporządzeniu z dnia 7 lutego 1983 r. <xBRx/>W żadnym zatem miejscu w dokumentach osobowych ubezpieczonej wprost nie stwierdzono, że pracowała ona przy obsłudze elektronicznych monitorów ekranowych, czy nawet przy komputerze. Sąd Okręgowy zauważył co prawda słusznie, że wobec zakwestionowania, iż ubezpieczona zatrudniona była w warunkach szczególnych, konieczne było wszelkimi dopuszczalnymi przez przepisy <xLexLink xArt="" xIsapId="WDU19640430296" xTitle="Ustawa z dnia 17 listopada 1964 r. - Kodeks postępowania cywilnego" xAddress="Dz. U. z 1964 r. Nr 43, poz. 296">Kodeksu postępowania cywilnego</xLexLink> dowodami stwierdzenie okoliczności, czy rzeczywiście świadczyła ona pracę w takich warunkach, ale nie wykazał wnikliwości w czynieniu w sprawie ustaleń w tym zakresie. Wobec stwierdzenia w aktach osobowych (angażach), że ubezpieczona zatrudniona była jako operator maszyn liczących, niewątpliwie potrzebne było ustalenie charakterystyki tych właśnie urządzeń i udzielenie odpowiedzi na pytanie, czy urządzenia te odpowiadają desygnatom nazwy elektroniczne monitory ekranowe, a następnie w przypadku pozytywnej odpowiedzi na to pytanie czynienie dalszych ustaleń co do wymagań zakwalifikowania pracy, jako wykonywanej w warunkach szczególnych. Przy ponownym rozpoznaniu sprawy konieczne zatem będzie ponowne przesłuchanie świadków, tym razem jednak ze szczególnym uwzględnieniem charakterystyki urządzeń na jakich pracowała ubezpieczona. Sąd meriti powinien także zobowiązać pełnomocnika ubezpieczonej do wykazania stosownymi dokumentami pozyskanymi z archiwów, co do charakteru urządzeń używanych na stanowisku, na których w <xAnon> przedsiębiorstwie (...)</xAnon> zatrudniona była ubezpieczona. Urządzenia te mogą bowiem być w dokumentach technicznych opisane, mogą zachować się także dokumenty ich kontroli i oceny, czy miały wpływ na stan zdrowia. Dopiero zatem ustalenia w tym kierunku będą uprawniały Sąd meriti do dalszych rozważań czy praca ubezpieczonej była pracą w warunkach szczególnych, a zatem czy stanowisko odpowiadało treści pkt. 5 Dział XIV rozporządzenia z dnia 7 lutego 1983 r. i czy praca była wykonywana stale i w pełnym wymiarze czasu pracy (§ 2 cytowanego rozporządzenia). W rozważanym tutaj zakresie nieuprawnionym było powoływanie się przez Sąd Okręgowy na treść <xLexLink xArt="" xIsapId="WDU19981480973" xTitle="Rozporządzenie Ministra Pracy i Polityki Socjalnej z dnia 1 grudnia 1998 r. w sprawie bezpieczeństwa i higieny pracy na stanowiskach wyposażonych w monitory ekranowe" xAddress="Dz. U. z 1998 r. Nr 148, poz. 973">rozporządzenia Ministra Pracy i Polityki Socjalnej z dnia 1 grudnia 1998 r. w sprawie bezpieczeństwa i higieny pracy na stanowiskach wyposażonych w monitory ekranowe</xLexLink>. Rozporządzenie to weszło w życie w dniu 11 marca 1999 r. i w spornym okresie pracy ubezpieczonej nie obowiązywało. Interpretacja stanowiska pracy ubezpieczonej przy uwzględnieniu przepisów tego rozporządzenia było nieuprawnione, skoro zgodnie na podstawie art. 32 ust. 4 ustawy o emeryturach i rentach z FUS rodzaje prac lub stanowisk oraz warunki na podstawie których ustala się prawo do wcześniejszej emerytury ustala się na podstawie przepisów dotychczasowych, a zatem stosowanie wymienionego rozporządzenia nie znajduje żadnego umocowania. Podejmując zaś próbę ustalenia, czy praca ubezpieczonej była wykonywana w warunkach szczególnych, Sąd meriti powinien niewątpliwie dokonać interpretacji pkt. 5 Działu XIV załącznika A rozporządzenia z dnia 7 lutego 1983 r., uwzględniając również, że chodzi tutaj o prace szczególnie obciążające narząd wzroku i wymagające precyzyjnego widzenia, co niewątpliwie pozostaje w związku z tym, że przepisy regulujące prawo do emerytury w obniżonym wieku, należy wykładać w sposób gwarantujący zachowanie celu uzasadniającego tą instytucję, czyli przyznania prawa do wcześniejszej emerytury osobom, które pracowały na stanowiskach pracy o znacznej szkodliwości dla zdrowia, o znacznej uciążliwości lub wymagających wysokiej sprawności psychofizycznej. Przepisy regulujące system zabezpieczenia społecznego ze względu na swoją istotę i konstrukcję podlegają zaś wykładni ścisłej i nie powinno się więc stosować do nich żadnych innych metod wykładni, czyli wykładni celowościowej, funkcjonalnej lub aksjologicznej w opozycji do wykładni językowej, jeżeli ta ostatnia prowadzi do jednoznacznych rezultatów interpretacyjnych (zob. wyrok Sądu Najwyższego z dnia 13 marca 2012r., sygn. II UK 164/11). Regulacja dotycząca emerytur w obniżonym wieku ma przy tym jak już wskazano charakter szczególny i wszelkie przesłanki nabycia prawa do tego świadczenia powinny być również ściśle interpretowane, także co do oceny stanowiska pracy. Dlatego, istotne w sprawie jest precyzyjne wykazanie, także przy inicjatywie wnioskodawczyni i jej pełnomocnika, w jakim okresie czasu i przy jakich urządzeniach ubezpieczona pracowała. Wskazane zatem okoliczności spowodowały konieczność uchylenia zaskarżonego wyroku, celem dokładnego ustalenia czy rzeczywiście świadczona przez wnioskodawczynię praca, była wykonywana w warunkach szczególnych. Dokonanie ustaleń w tym zakresie należy niewątpliwie do Sądu I instancji, który w toku ponownego procedowania przy uwzględnieniu uwag Sądu odwoławczego i zarzutów zawartych w apelacji organu rentowego, ponownie powinien zgromadzić materiał dowodowy, w tym ponownie przesłuchać świadków, szczególnie pod kątem ustalenia z jakich urządzeń korzystała ubezpieczona i kiedy w <xAnon> przedsiębiorstwie (...)</xAnon> ewentualnie zakupiono komputery oraz zobowiązać pełnomocnika ubezpieczonej do uzyskania stosownych dokumentów charakteryzujących urządzenia na których pracowała wnioskodawczyni. Następnie dopiero zgromadzony w sprawie materiał dowodowy Sąd powinien poddać wnikliwej i wszechstronnej ocenie oraz swoje stanowisko rzeczowo uzasadnić w pisemnych motywach wyroku.</xText>
          
          <xText>SSA Barbara Białecka  SSA Zofia Rybicka - Szkibiel SSA Jolanta Hawryszko</xText>
        </xUnit>
      </xBlock>
    </xPart>
  </judgement>
<judgement id="150505000002521_V_U_000019_2013_Uz_2013-04-09_001">
    <xPart xEditorFullName="Joanna Konopko" xYear="2013" xLang="PL" xPublisherFullName="Celina Waszczeniuk" xFromPg="1" xEditor="joakon" xVolType="15/050500/0002521/U" xPublisher="celwas" xDocType="Uz" xVolNmbr="000019" xVersion="1.0" xToPage="4" xFlag="published">
      <xName>Wyrok+Uzasadnienie</xName>
      <xBlock>
        <xText>
          <xBx>Sygn. akt V U 19/13 </xBx>
        </xText>
        <xUnit xIsTitle="true" xType="part" xBold="true">
          <xName>WYROK</xName>
          <xTitle>W IMIENIU RZECZYPOSPOLITEJ POLSKIEJ</xTitle>
          <xText xALIGNx="right"> Dnia 28 marca 2013 roku</xText>
          
          <xText>Sąd Okręgowy w Białymstoku</xText>
          <xText>V Wydział Pracy i Ubezpieczeń Społecznych</xText>
          <xText>w składzie:</xText>
          
          <xText>Przewodniczący: SSO Elżbieta Rosłoń</xText>
          <xText>Protokolant: st.sekr.sądowy Irena Prochowicz</xText>
          
          <xText>po rozpoznaniu w dniu 28 marca 2013 roku w Białymstoku</xText>
          <xText>sprawy <xAnon>W. D.</xAnon></xText>
          <xText>przeciwko Zakładowi Ubezpieczeń Społecznych Oddział w <xAnon>B.</xAnon></xText>
          <xText>o emeryturę</xText>
          <xText>na skutek odwołania <xAnon>W. D.</xAnon></xText>
          <xText>od decyzji Zakładu Ubezpieczeń Społecznych Oddział w <xAnon>B.</xAnon></xText>
          <xText>z dnia 21 listopada 2012 roku</xText>
          <xText>Nr <xAnon> (...)</xAnon></xText>
          
          <xUnit xIsTitle="false" xType="none">
            <xName xSffx=".">I</xName>
            <xText>Zmienia zaskarżoną decyzję i przyznaje <xAnon>W. D.</xAnon> prawo do emerytury z tytułu zatrudnienia w szczególnych warunkach od 1 października 2012 roku.</xText>
          </xUnit>
          <xUnit xIsTitle="false" xType="none">
            <xName xSffx=".">II</xName>
            <xText>Zasądza od Zakładu Ubezpieczeń Społecznych Oddział <xBRx/>w <xAnon>B.</xAnon> na rzecz <xAnon>W. D.</xAnon> kwotę 60 złotych tytułem zwrotu kosztów zastępstwa procesowego.</xText>
          </xUnit>
          
          <xText>sygn. akt V U 19/13</xText>
        </xUnit>
        <xUnit xIsTitle="true" xType="part" xBold="true">
          <xName>UZASADNIENIE</xName>
          <xText>Decyzją z dnia 21.11.2012 r. Zakład Ubezpieczeń Społecznych Oddział w <xAnon>B.</xAnon> odmówił przyznania <xAnon>W. D.</xAnon> prawa do emerytury w obniżonym wieku emerytalnym z tytułu pracy w szczególnym warunkach, z uwagi na niespełnienie warunków nabycia tego prawa, przewidzianych przepisami <xLexLink xArt="" xIsapId="WDU19981621118" xTitle="Ustawa z dnia 17 grudnia 1998 r. o emeryturach i rentach z Funduszu Ubezpieczeń Społecznych" xAddress="Dz. U. z 1998 r. Nr 162, poz. 1118">ustawy z dnia 17 grudnia 1998 r. o emeryturach i rentach z Funduszu Ubezpieczeń Społecznych</xLexLink> (tekst jednolity Dz. U. z 2009 r., Nr 153, poz. 1227 ze zm.). Organ rentowy wskazał, że z przedstawionych dokumentów wynika, iż wnioskodawca na dzień 1 stycznia 1999 r. udowodnił wymagany okres składkowy i nieskładkowy, natomiast nie udowodnił wymaganych co najmniej 15 lat pracy w szczególnych warunkach- udowodnił 14 lat 9 miesięcy i 7 dni. Organ rentowy nie uwzględnił jako pracy w szczególnych warunkach okresu pracy od 15.06.1970 r. do 18.12.1970 r. w <xAnon>B.</xAnon><xAnon> Zakładach (...)</xAnon> ponieważ okres ten został pominięty przez zakład pracy w świadectwie pracy w szczególnych warunkach. Wskazał, że zeznania świadków nie stanowią środka dowodowego w postępowaniu przed organem rentowym, na podstawie którego organ czyni ustalenia co do pracy o szczególnym charakterze bądź wykonywanej w warunkach szczególnych.</xText>
          <xText>Wnioskodawca <xAnon>W. D.</xAnon> złożył odwołanie od tej decyzji. Wniósł o jej zmianę <xBRx/>i przyznanie emerytury zgodnie z wnioskiem. W odwołaniu wskazał, że okres od 15.06.1970 r. do 18.12.1970 r. został pominięty przez zakład pracy w świadectwie wykonywania pracy <xBRx/>w szczególnych warunkach ponieważ zakład miał wątpliwości związane z zaliczeniem wstępnego stażu do pracy wykonywanej w warunkach szczególnych. Podniósł, że na okres wstępnego stażu był skierowany na stanowisko ślusarza i w trakcie jego trwania wykonywał również prace tokarza a także pracował przy konserwacji maszyn piekarniczych. Wszystkie <xBRx/>te prace były wykonywane w warunkach szczególnych według wykazu resortowego obowiązującego w <xAnon> (...)</xAnon> w <xAnon>B.</xAnon>.</xText>
          <xText>Organ rentowy odpowiadając na odwołanie wniósł o jego oddalenie. Powołał się <xBRx/>na argumentację taką jak w zaskarżonej decyzji.</xText>
          
          <xText>
            <xBx>Sąd Okręgowy ustalił i zważył co następuje.</xBx>
          </xText>
          
          <xText><xAnon>W. D.</xAnon> urodził się 1.07.1952 r. Na dzień 1.01.1999 r. posiada udokumentowany i udowodniony przed organem rentowym ogólny staż pracy wynoszący 28 lat 6 miesięcy i 3 dni, w tym staż pracy w szczególnych warunkach wynoszący 14 lat 9 miesięcy i 7 dni. Nie jest członkiem otwartego funduszu emerytalnego a stosunek pracy rozwiązał 30.04.2011 r.</xText>
          <xText>Dnia 19.10.2012 r. złożył wniosek o emeryturę, po rozpoznaniu którego, Zakład Ubezpieczeń Społecznych wydał w dniu 21.11.2012 r. decyzję, którą odmówił mu prawa <xBRx/>do emerytury w wieku obniżonym z uwagi na brak udowodnionego, co najmniej piętnastoletniego okresu pracy w szczególnych warunkach.</xText>
          <xText>Okoliczności powyższe ustalono na podstawie akt ZUS.</xText>
          <xText>Prawo do emerytury w niższym wieku emerytalnym z tytułu pracy w warunkach szczególnych lub w szczególnym charakterze przewidziane jest w art. 32 ustawy z dnia <xBRx/>l7 grudnia l998 r. o emeryturach i rentach z Funduszu Ubezpieczeń Społecznych (tekst jedn. Dz. U. z 2009 r. Nr 153, poz. 1227 ze zm.) zwanej dalej ustawą emerytalną, zawartym w rozdziale 2 działu II ustawy dotyczącym urodzonych przed 1 stycznia 1949 r. Ustawa ta, w przepisach przejściowych, zawiera szczególną regulację dotyczącą niektórych ubezpieczonych zatrudnionych w szczególnych warunkach lub w szczególnym charakterze przed dniem 1 stycznia 1999 r.</xText>
          <xText>Przepis art. 184 ustawy emerytalnej przewiduje prawo do wcześniejszej emerytury <xBRx/>dla ubezpieczonych urodzonych po dniu 31 grudnia 1948 r., którym przysługuje emerytura <xBRx/>po osiągnięciu wieku przewidzianego w art. 32, 33, 39 i 40, jeżeli w dniu wejścia w życie ustawy osiągnęli:</xText>
          <xText>1)okres zatrudnienia w szczególnych warunkach lub w szczególnym charakterze wymaganym w przepisach dotychczasowych do nabycia prawa do emerytury w wieku niższym niż 60 lat - dla kobiet i 65 lat - dla mężczyzn oraz</xText>
          <xText>2)okres składkowy i nieskładkowy, o którym mowa w art. 27 (wynoszący co najmniej 20 lat dla kobiet i 25 lat dla mężczyzn).</xText>
          <xText>Ponadto emerytura ta przysługuje pod warunkiem nieprzystąpienia do otwartego funduszu emerytalnego albo złożenia wniosku o przekazanie środków zgromadzonych <xBRx/>na rachunku w otwartym funduszu emerytalnym, za pośrednictwem Zakładu, na dochody budżetu państwa oraz rozwiązania stosunku pracy - w przypadku ubezpieczonego będącego pracownikiem.</xText>
          <xText>Rodzaje prac lub stanowisk oraz warunki, na podstawie których osobom spełniającym powyższe warunki przysługuje prawo do emerytury, ustala się zgodnie z art. 32 ust. 4 tej ustawy na podstawie przepisów dotychczasowych. W rozpoznawanej sprawie przepisy dotychczasowe to <xLexLink xArt="" xIsapId="WDU19830080043" xTitle="Rozporządzenie Rady Ministrów z dnia 7 lutego 1983 r. w sprawie wieku emerytalnego oraz wzrostu emerytur i rent inwalidzkich dla pracowników zatrudnionych w szczególnych warunkach lub w szczególnym charakterze" xAddress="Dz. U. z 1983 r. Nr 8, poz. 43">rozporządzenie Rady Ministrów z dnia 7 lutego 1983 r. w sprawie wieku emerytalnego pracowników zatrudnionych w szczególnych warunkach lub w szczególnym charakterze</xLexLink> (Dz. U. Nr 8, poz. 43 ze zm.). Zgodnie z § 4 tego rozporządzenia pracownik, który wykonywał prace w szczególnych warunkach, wymienione w wykazie A, nabywa prawo do emerytury, jeżeli spełnia łącznie następujące warunki: osiągnął wiek emerytalny wynoszący 55 lat dla kobiet i 60 lat dla mężczyzn oraz ma wymagany okres zatrudnienia, w tym co najmniej 15 lat pracy w szczególnych warunkach.</xText>
          <xText>W rozpoznawanej sprawie nie budzi wątpliwości osiągnięcie przez wnioskodawcę zarówno określonego wieku emerytalnego jak i ogólnego stażu zatrudnienia. Kwestią sporną pozostaje posiadanie przez niego 15 lat zatrudnienia w szczególnych warunkach. Organ rentowy uznał mu jako okres pracy wykonywanej w takich warunkach 14 lat 9 miesięcy i 7 dni. Nie uznał natomiast jako zatrudnienia w warunkach szczególnych pracy w <xAnon>B.</xAnon><xAnon> Zakładach (...)</xAnon> w okresie od 15.06.1970 r. do 18.12.1970, ponieważ okres ten został pominięty przez zakład pracy w świadectwie pracy w szczególnych warunkach.</xText>
          <xText>Zgodnie ze znajdującym się w aktach osobowych świadectwem pracy, <xAnon>W. D.</xAnon> od 15.06.1970 r. do 30.04.2011 r. był zatrudniony w <xAnon> (...) Spółdzielni (...)</xAnon> w <xAnon>B.</xAnon> (przed przekształceniem <xAnon>B.</xAnon><xAnon> Zakłady (...)</xAnon>) w pełnym wymiarze czasu pracy.</xText>
          <xText>Z dniem 15.06.1970 r. został przyjęty na wstępny staż pracy na stanowisku ślusarza <xBRx/>do 15.12.1970 r. W angażu wskazano, że w okresie stażu obowiązuje szczegółowy program, który został skonkretyzowany przez zakres wstępnego stażu pracy. Obejmował on pracę <xBRx/>przy remontach pieców żarowych, ceramicznych i rurkowych, remonty i konserwacje maszyn piekarniczych, remonty zamków i dorabianie nieskomplikowanych części zamiennych oraz wykonywanie innych czynności zleconych przez kierownika działu (k. 3,4,6 i 7 części B akt osobowych). Po zakończeniu stażu i złożeniu egzaminu komisja kwalifikacyjna zakwalifikowała wnioskodawcę na stanowisko tokarza od dnia 19.12.1970 r. (k. 8 części B akt osobowych). W zaświadczeniu z dnia 18.12.1970 r. wskazała, że <xAnon>W. D.</xAnon> w okresie od 15.06.1970 r. do 18.12.1970 r. odbył wstępny staż na stanowisku tokarza (k. 9 części B akt osobowych).</xText>
          <xText>Dnia 10.07.1972 r. wnioskodawca przystąpił do egzaminu kwalifikacyjnego przeprowadzanego przez zakładową komisję kwalifikacyjną. W protokole z egzaminu komisja wskazała, że staż pracy <xAnon>W. D.</xAnon> wynosi 2 lata, w tym na <xUx>zajmowanym stanowisku tokarza 2 lata, co świadczy, że wstępny staż pracy został wliczony w całości jako staż pracy na stanowisku tokarza </xUx> i po złożonym egzaminie przeszeregowała go do wyższej kategorii zaszeregowania (k. 13 części B akt osobowych). Na stanowisku tokarza wnioskodawca pracował do 19.10.1972 r. kiedy to został oddelegowany do zasadniczej służby wojskowej (k. 16 części B akt osobowych).</xText>
          <xText>Służbę tę odbywał od 24.10.1972 r. do 18.10.1974 r. Z dniem 6.11.1974 powrócił <xBRx/>do pracy w <xAnon>B.</xAnon><xAnon> Zakładach (...)</xAnon> na stanowisko ślusarza (k. 19 części B akt osobowych).</xText>
          <xText>Zakład pracy w świadectwie wykonywania prac w szczególnych warunkach wskazał, <xBRx/>że wnioskodawca był zatrudniony w <xAnon> (...)</xAnon> w <xAnon>B.</xAnon> od 15.06.1970 r. <xBRx/>do 30.04.2011 r. i w tym okresie od 19.12.1970 r. do 18.10.1972 r. był zatrudniony jako tokarz <xBRx/>a od 6.11.1972 r. do 11.10.1987 r. jako ślusarz, ślusarz konserwator, ślusarz remontowy stale <xBRx/>i w pełnym wymiarze czasu pracy wykonywał prace przy bieżącej konserwacji agregatów <xBRx/>i urządzeń w zakładach produkcyjnych, piekarniach i ciastkarniach na w/w stanowiskach wymienionych w wykazie A, dziale XVI, poz. 25 stanowiącym załącznik do uchwały nr 38 Zarządu <xAnon> (...)</xAnon> z 11.07.1983 r. i wykazu stanowiącego załącznik do decyzji nr 2 Zarządu <xAnon> (...)</xAnon> w <xAnon>B.</xAnon> z 5.02.1998 r. (k. 9 akt ZUS o emeryturę).</xText>
          <xText>W piśmie z 12.02.2013 r. zakład pracy wskazał, że nie uwzględnił w świadectwie wykonywania pracy w szczególnych warunkach wstępnego stażu pracy bowiem wstępny staż pracy nie jest uwzględniony w wykazie prac wykonywanych w szczególnych warunkach. <xBRx/>W okresie tym wnioskodawca wykonywał różne prace zgodnie z programem stażu <xBRx/>dla absolwentów szkół zawodowych, również prace przewidziane dla stanowiska tokarza <xBRx/>i ślusarza, (k. 19 akt).</xText>
          <xText>W ocenie Sądu, stanowisko takie nie znajduje oparcia w przepisach prawa, o ile praca na wykazanych stanowiskach – tokarza i ślusarza, była wykonywana stale i w pełnym wymiarze czasu pracy.</xText>
          <xText>Analizując akta osobowe w części B, Sąd uznał, że z akt tych wynika, iż w spornym okresie wstępnego stażu pracy wnioskodawca wykonywał prace zarówno ślusarza jak i tokarza. Oba te stanowiska wymienione są w wykazie A, dziale XIV, poz. 25 jako te, na których wykonywane są prace w szczególnych warunkach, uprawniające do niższego wieku emerytalnego. Dlatego też bez znaczenia dla tych uprawnień wnioskodawcy pozostaje niekonsekwencja pracodawcy, który zatrudnił wnioskodawcę na ten okres na stanowisku ślusarza, po czym, po upływie tego okresu poddał go egzaminowi przed komisją kwalifikacyjną, która stwierdziła, że odbył on wstępny staż pracy na stanowisku tokarza. Podobnie 10.07.1972 r., komisja kwalifikacyjna stwierdziła, że <xAnon>W. D.</xAnon> przepracował na stanowisku tokarza 2 lata- a więc z uwzględnieniem wstępnego stażu pracy - i przeprowadziła egzamin zmierzający do przeszeregowania go do wyższej kategorii.</xText>
          <xText>Powyższe zgodne jest zresztą z twierdzeniami wnioskodawcy, który już w odwołaniu wskazał, że w okresie wstępnego stażu był zatrudniony na stanowisku ślusarza i w trakcie jego trwania wykonywał również prace tokarza a także pracował przy konserwacji maszyn piekarniczych. Wszystkie te prace wymienione są w powołanym wyżej wykazie A, dziale XIV, poz. 25.</xText>
          <xText>Przy powyższym ustaleniu, istota sporu sprowadzała się wiec do wyjaśnienia <xBRx/>czy powyższe prace były wykonywane przez wnioskodawcę stale i w pełnym wymiarze czasu pracy obowiązującym na danym stanowisku.</xText>
          <xText>Z powołanego wcześniej zakresu pracy na sporny okres wynikało, że <xAnon>W. D.</xAnon> miał pracować na stanowisku ślusarza przez:</xText>
          <xText>- ½ miesiąca przy remontach pieców,</xText>
          <xText>- 1 miesiąc przy remontach pieców ceramicznych rurkowych,</xText>
          <xText>- 1,5 miesiąca przy remontach maszyn piekarniczych,</xText>
          <xText>- ½ miesiąca przy remoncie zamków,</xText>
          <xText>- 1,5 miesiąca przy konserwacji maszyn piekarniczych,</xText>
          <xText>- 1 miesiąc przy dorabianiu nieskomplikowanych części zamiennych</xText>
          <xText>i wykonywać inne czynności zlecone przez kierownika działu.</xText>
          <xText>Z zakresu tego nie wynika aby wnioskodawca miał wykonywać inne prace, niż w/w <xBRx/>a które są typowe dla stanowiska ślusarza. Dlatego też wyjaśnienie zakładu pracy w piśmie <xBRx/>z 12.02.2013 r., że wnioskodawca w okresie wstępnego stażu pracy wykonywał różne prace zgodnie z programem stażu pracy dla absolwentów szkół zawodowych, również prace przewidziane dla stanowisk ślusarza i tokarza, jest co najmniej niekonsekwentne, również <xBRx/>w zestawieniu z omówioną wyżej dokumentacją z akt osobowych a dotyczącą składania przez wnioskodawcę dwóch egzaminów przed zakładową komisją kwalifikacyjną.</xText>
          <xText>W ocenie Sądu, dodatkowo zeznania przesłuchanych w sprawie świadków jak również zeznania wnioskodawcy, nie pozostawiają wątpliwości, że wnioskodawca stale i w pełnym wymiarze czasu pracy wykonywał prace w szczególnych warunkach. Świadek <xAnon>C. M.</xAnon> zeznał, że wnioskodawcę znał ze szkoły. Uczyli się w jednej klasie, przy czym świadek podjął pracę w <xAnon>B.</xAnon><xAnon> Zakładach (...)</xAnon> rok wcześniej- <xBRx/>w lipcu 1969 r. Spotkał się z wnioskodawcą, który szukał pracy i zaproponował by zgłosił się on do biura i podjął pracę w piekarni. Wnioskodawca został zatrudniony, tyle że pracował w innej piekarni tego samego zakładu. Widywali się 2-3 razy w tygodniu. Wnioskodawca, podobnie jak i świadek, pracował jako ślusarz, wykonywał prace przy piecach rurowych i ceramicznych oraz związane z naprawą maszyn piekarniczych. Wykonywał takie same prace jak inni ślusarze (k. 14 odw.). Świadek <xAnon>C. K.</xAnon>, który w zakładzie pracował od 1964 r. i był kierownikiem biura głównego mechanika zeznał, że wnioskodawca rozpoczął pracę gdzieś w drugiej połowie 1970 r. Pracował jako ślusarz konserwator urządzeń piekarniczych. Wykonywał takie same prace jak inni ślusarze. Zeznał, że absolwenci szkół rozpoczynający staż mieli wszystkie niezbędne wiadomości do wykonywania pracy, dlatego też pracowali tak jak inni pracownicy (k. 15).</xText>
          <xText><xAnon>W. D.</xAnon> zeznał, że w okresie wstępnego stażu pracy wykonywał wszystkie prace związane ze stanowiskiem ślusarza w pełnym wymiarze czasu pracy, takie same jak pracownicy zatrudnieni na stanowiskach ślusarzy (k. 24 odw.).</xText>
          <xText>Sąd uznał te zeznania za wiarygodne dowody w sprawie. Świadkowie mieli bezpośrednią wiedzę wiedzę na okoliczności, co do których składali zeznania, bowiem pracowali <xBRx/>z wnioskodawcą w tym samym zakładzie pracy przez kilkadziesiąt lat. Zeznania te w całości korespondują z dokumentacją zawartą w aktach osobowych i pozwalają na stwierdzenie, <xBRx/>że wnioskodawca stale i w pełnym wymiarze czasu pracy w spornym okresie wykonywał czynności na stanowisku ślusarza, które pojęciowo obejmuje również czynności tokarza (patrz Wikipedia).</xText>
          <xText>Niezależnie od powyższego Sąd uznał, że zgodnie z utrwalonym orzecznictwem, również okres zasadniczej służby wojskowej odbytej w czasie trwania stosunku pracy w szczególnych warunkach lub w szczególnym charakterze zalicza się do stażu pracy wymaganego do nabycia prawa do emerytury w niższym wieku emerytalnym, jeżeli pracownik w ustawowym terminie zgłosił swój powrót do tego zatrudnienia (m.in. wyrok SN z dnia 25.02.2010 r., II UK 219/09). Z tego względu, do okresu pracy w warunkach szczególnych, na podstawie <xLexLink xArt="art. 108" xIsapId="WDU19670440220" xTitle="Ustawa z dnia 21 listopada 1967 r. o powszechnym obowiązku obrony Polskiej Rzeczypospolitej Ludowej" xAddress="Dz. U. z 1967 r. Nr 44, poz. 220">art. 108 ustawy z dnia 21 listopada 1967 r. o powszechnym obowiązku obrony Rzeczypospolitej Polskiej</xLexLink> (tekst jednolity Dz. U. z 2012 r. poz. 461) oraz <xLexLink xArt="§ 5;§ 5 ust. 1" xIsapId="WDU19680440318" xTitle="Rozporządzenie Rady Ministrów z dnia 22 listopada 1968 r. w sprawie szczególnych uprawnień żołnierzy i ich rodzin" xAddress="Dz. U. z 1968 r. Nr 44, poz. 318">§ 5 ust. 1 rozporządzenia Rady Ministrów z dnia 22 listopada 1968 r. w sprawie szczególnych uprawnień żołnierzy i ich rodzin</xLexLink> (Dz. U. Nr 44, poz. 318) Sąd zaliczył wnioskodawcy okres zasadniczej służby wojskowej od 24.10.1972 r. do 18.10.1974 r. Wnioskodawca przed odbyciem zasadniczej służby wojskowej i po powrocie z niej pracował w <xAnon>B.</xAnon><xAnon> Zakładach (...)</xAnon> w warunkach szczególnych, a przerwa po odbyciu służby wojskowej a ponownym podjęciem pracy nie przekroczyła 30 dni.</xText>
          <xText>Mając powyższe na uwadze, Sąd Okręgowy uznał, że wnioskodawca spełnił wszystkie przesłanki do nabycia emerytury w niższym wieku emerytalnym z tytułu pracy wykonywanej w warunkach szczególnych bowiem oprócz wskazanych wcześniej przesłanek niespornych w niniejszym postępowaniu udowodnił 15 lat pracy w szczególnych warunkach. Sąd uznał za takie okresy pracy zarówno okres wstępnego stażu pracy- 6 miesięcy i 3 dni, jak i okres zasadniczej służby wojskowej – 2 lata, 11 miesięcy i 24 dni.</xText>
          
          <xText>W tym stanie rzeczy Sąd Okręgowy na podstawie <xLexLink xArt="art. 477(14);art. 477(14) § 2" xIsapId="WDU19640430296" xTitle="Ustawa z dnia 17 listopada 1964 r. - Kodeks postępowania cywilnego" xAddress="Dz. U. z 1964 r. Nr 43, poz. 296">art. 477<xSUPx>14 </xSUPx>§ 2 kpc</xLexLink> orzekł jak w wyroku.</xText>
          <xText>W wyniku przeoczenia okoliczności, że wnioskodawca do dnia 18.10.2012 r. pobierał świadczenie rehabilitacyjne, Sąd przyznał wnioskodawcy prawo do emerytury od dnia 1.10.2012 r. podczas gdy z uwagi na tę okoliczność, stosownie do treści art. 100 ust. 2 ustawy emerytalnej powinien prawo to przyznać z dniem zaprzestania pobierania tego świadczenia tj. z dniem 19.10.2012 r.</xText>
          <xText>O kosztach zastępstwa procesowego Sąd orzekł na podstawie <xLexLink xArt="art. 98;art. 98 § 1;art. 98 § 3" xIsapId="WDU19640430296" xTitle="Ustawa z dnia 17 listopada 1964 r. - Kodeks postępowania cywilnego" xAddress="Dz. U. z 1964 r. Nr 43, poz. 296">art. 98 § 1 i 3 kpc</xLexLink> w zw. z <xLexLink xArt="art. 99" xIsapId="WDU19640430296" xTitle="Ustawa z dnia 17 listopada 1964 r. - Kodeks postępowania cywilnego" xAddress="Dz. U. z 1964 r. Nr 43, poz. 296">art. 99 kpc</xLexLink> w zw. z <xLexLink xArt="§ 11;§ 11 ust. 2" xIsapId="WDU20021631349" xTitle="Rozporządzenie Ministra Sprawiedliwości z dnia 28 września 2002 r. w sprawie opłat za czynności radców prawnych oraz ponoszenia przez Skarb Państwa kosztów pomocy prawnej udzielonej przez radcę prawnego ustanowionego z urzędu" xAddress="Dz. U. z 2002 r. Nr 163, poz. 1349">§ 11 ust. 2 rozporządzenia Ministra Sprawiedliwości z dnia 28 września 2002 r. w sprawie opłat za czynności radców prawnych oraz ponoszenia przez Skarb Państwa kosztów pomocy prawnej udzielonej przez radcę prawnego ustanowionego z urzędu</xLexLink> (Dz. U. Nr 163, poz. 1349 ze zm.).</xText>
        </xUnit>
      </xBlock>
    </xPart>
  </judgement>
<judgement id="150505000004006_VIII_Ka_000011_2013_Uz_2013-03-28_001">
    <xPart xEditorFullName="Iwona Sacharewicz" xYear="2013" xLang="PL" xPublisherFullName="Iwona Sacharewicz" xFromPg="1" xEditor="iwosac" xVolType="15/050500/0004006/Ka" xPublisher="iwosac" xDocType="Uz" xVolNmbr="000011" xVersion="1.0" xToPage="2" xFlag="published">
      <xName>Wyrok+Uzasadnienie</xName>
      <xBlock>
        <xText>
          <xBx>Sygn. akt VIII Ka 11/13</xBx>
        </xText>
        <xUnit xIsTitle="true" xBold="true" xType="part">
          <xName>WYROK</xName>
          <xTitle>W IMIENIU RZECZYPOSPOLITEJ POLSKIEJ</xTitle>
          <xText>Dnia 28 marca 2013 roku</xText>
          <xText>Sąd Okręgowy w Białymstoku VIII Wydział Karny Odwoławczy w składzie:</xText>
          <xText>Przewodniczący <xBx> SSO Przemysław Wasilewski </xBx></xText>
          <xText>Protokolant Agnieszka Malewska</xText>
          <xText>przy udziale Prokuratora Prokuratury Okręgowej w Białymstoku Wiesławy Sawośko-Grębowskiej</xText>
          <xText>po rozpoznaniu w dniu 28 marca 2013 roku</xText>
          <xText>sprawy <xAnon>U. Y.</xAnon></xText>
          <xText>oskarżonego o czyn z <xLexLink xArt="art. 86;art. 86 § 4;art. 86 § 1" xIsapId="WDU19990830930" xTitle="Ustawa z dnia 10 września 1999 r. - Kodeks karny skarbowy" xAddress="Dz. U. z 1999 r. Nr 83, poz. 930">art. 86 § 4 i 1 k.k.s.</xLexLink> w zb. z <xLexLink xArt="art. 63;art. 63 § 7;art. 63 § 2" xIsapId="WDU19990830930" xTitle="Ustawa z dnia 10 września 1999 r. - Kodeks karny skarbowy" xAddress="Dz. U. z 1999 r. Nr 83, poz. 930">art. 63 § 7 i 2 k.k.s.</xLexLink> w zb. z <xLexLink xArt="art. 54;art. 54 § 3;art. 54 § 1" xIsapId="WDU19990830930" xTitle="Ustawa z dnia 10 września 1999 r. - Kodeks karny skarbowy" xAddress="Dz. U. z 1999 r. Nr 83, poz. 930">art. 54 § 3 i 1 k.k.s.</xLexLink> w zw. z <xLexLink xArt="art. 7;art. 7 § 1" xIsapId="WDU19990830930" xTitle="Ustawa z dnia 10 września 1999 r. - Kodeks karny skarbowy" xAddress="Dz. U. z 1999 r. Nr 83, poz. 930">art. 7 § 1 k.k.s.</xLexLink>;</xText>
          <xText>na skutek apelacji wniesionej przez Urząd Celny <xAnon>w. B.</xAnon></xText>
          <xText>od wyroku Sądu Rejonowego w Bielsku Podlaskim</xText>
          <xText>z dnia 14 listopada 2012 roku, sygnatura akt VII W 468/12</xText>
          
          <xUnit xIsTitle="false" xType="none">
            <xName xSffx=".">I</xName>
            <xText>
              <xBx>Wyrok w zaskarżonej części (pkt III części dyspozytywnej wyroku) zmienia w ten sposób, że na podstawie <xLexLink xArt="art. 49;art. 49 § 1;art. 49 § 2" xIsapId="WDU19990830930" xTitle="Ustawa z dnia 10 września 1999 r. - Kodeks karny skarbowy" xAddress="Dz. U. z 1999 r. Nr 83, poz. 930">art. 49 § 1, 2 k.k.s.</xLexLink> orzeka przepadek na rzecz Skarbu Państwa dowodów rzeczowych w postaci samochodu osobowego marki <xAnon>V. (...)</xAnon>o <xAnon>(...)</xAnon><xAnon>(...)</xAnon> i numerze nadwozia <xAnon>(...)</xAnon>wraz z kluczykiem oraz dowodem rejestracyjnym zapisanych i szczegółowo opisanych w wykazie dowodów rzeczowych nr 1 w punktach 3-4 na k. 28 akt.</xBx>
            </xText>
          </xUnit>
          <xUnit xIsTitle="false" xType="none">
            <xName xSffx=".">II</xName>
            <xText>
              <xBx>Zasądza od Skarbu Państwa na rzecz adw. <xAnon>M. B.</xAnon> kwotę 516,60 (pięćset szesnaście złotych sześćdziesiąt groszy) złotych, w tym 96,60 (dziewięćdziesiąt sześć złotych sześćdziesiąt groszy) złotych podatku VAT, tytułem kosztów nieopłaconej pomocy prawnej udzielonej z urzędu w postępowaniu odwoławczym.</xBx>
            </xText>
          </xUnit>
          <xUnit xIsTitle="false" xType="none">
            <xName xSffx=".">III</xName>
            <xText>
              <xBx>Zwalnia oskarżonego od ponoszenia kosztów sądowych za postępowanie odwoławcze.</xBx>
            </xText>
          </xUnit>
        </xUnit>
        <xUnit xIsTitle="true" xBold="true" xType="part">
          <xName>UZASADNIENIE</xName>
          <xText><xAnon>U. Y.</xAnon> został oskarżony o to, że:</xText>
          <xText>w dniu 25.04.2012 r., sprowadził na terytorium kraju przez przejście graniczne w <xAnon>P.</xAnon>, bez dopełnienia obowiązku celnego polegającego na przedstawieniu organowi celnemu i zgłoszenia celnego, towar nieoznaczony znakami akcyzy w postaci 372 paczek papierosów różnych marek, przez co naraził na uszczuplenie należności celne w wysokości 171 zł oraz należności podatkowe w wysokości 5988 zł, w tym: podatek od towarów i usług w kwocie 1208 zł, podatek akcyzowy w kwocie 4780 zł, tj. o czyn z <xLexLink xArt="art. 86;art. 86 § 4;art. 86 § 1" xIsapId="WDU19990830930" xTitle="Ustawa z dnia 10 września 1999 r. - Kodeks karny skarbowy" xAddress="Dz. U. z 1999 r. Nr 83, poz. 930">art. 86 § 4 i 1 k.k.s.</xLexLink> w zb. z <xLexLink xArt="art. 63;art. 63 § 7;art. 63 § 2" xIsapId="WDU19990830930" xTitle="Ustawa z dnia 10 września 1999 r. - Kodeks karny skarbowy" xAddress="Dz. U. z 1999 r. Nr 83, poz. 930">art. 63 § 7 i 2 k.k.s .</xLexLink>w zb. z <xLexLink xArt="art. 54;art. 54 § 3;art. 54 § 1" xIsapId="WDU19990830930" xTitle="Ustawa z dnia 10 września 1999 r. - Kodeks karny skarbowy" xAddress="Dz. U. z 1999 r. Nr 83, poz. 930">art. 54 § 3 i 1 k.k.s.</xLexLink> w zw. z <xLexLink xArt="art. 7;art. 7 § 1" xIsapId="WDU19990830930" xTitle="Ustawa z dnia 10 września 1999 r. - Kodeks karny skarbowy" xAddress="Dz. U. z 1999 r. Nr 83, poz. 930">art. 7§1 k.k.s.</xLexLink></xText>
          <xText>Wyrokiem Sądu Rejonowego w Bielsku Podlaskim z 14 listopada 2012 r. w sprawie o sygn. akt VII W 468/12 oskarżony <xAnon>U. Y.</xAnon>został uznany za winnego popełnienia zarzucanego mu mocą aktu oskarżenia wykroczenia skarbowego wyczerpującego dyspozycję <xLexLink xArt="art. 86;art. 86 § 4;art. 86 § 1" xIsapId="WDU19990830930" xTitle="Ustawa z dnia 10 września 1999 r. - Kodeks karny skarbowy" xAddress="Dz. U. z 1999 r. Nr 83, poz. 930">art. 86 <xBx>§ </xBx>4 i <xBx>§ </xBx>1 k.k.s.</xLexLink> w zb. z <xLexLink xArt="art. 63;art. 63 § 7;art. 63 § 2" xIsapId="WDU19990830930" xTitle="Ustawa z dnia 10 września 1999 r. - Kodeks karny skarbowy" xAddress="Dz. U. z 1999 r. Nr 83, poz. 930">art. 63 <xBx>§ </xBx>7 i <xBx>§ </xBx>2 k.k.s.</xLexLink> w zb. z <xLexLink xArt="art. 54;art. 54 § 3;art. 54 § 1" xIsapId="WDU19990830930" xTitle="Ustawa z dnia 10 września 1999 r. - Kodeks karny skarbowy" xAddress="Dz. U. z 1999 r. Nr 83, poz. 930">art. 54 <xBx>§ </xBx>3 i <xBx>§ </xBx>1 k.k.s.</xLexLink> w zw. z <xLexLink xArt="art. 7;art. 7 § 1" xIsapId="WDU19990830930" xTitle="Ustawa z dnia 10 września 1999 r. - Kodeks karny skarbowy" xAddress="Dz. U. z 1999 r. Nr 83, poz. 930">art. 7 <xBx>§ </xBx>1 k.k.s.</xLexLink> i za to na podstawie tych przepisów został skazany, zaś na podstawie <xLexLink xArt="art. 86;art. 86 § 4" xIsapId="WDU19990830930" xTitle="Ustawa z dnia 10 września 1999 r. - Kodeks karny skarbowy" xAddress="Dz. U. z 1999 r. Nr 83, poz. 930">art. 86 <xBx>§ </xBx>4 k.k.s.</xLexLink> w zw. z <xLexLink xArt="art. 7;art. 7 § 2" xIsapId="WDU19990830930" xTitle="Ustawa z dnia 10 września 1999 r. - Kodeks karny skarbowy" xAddress="Dz. U. z 1999 r. Nr 83, poz. 930">art. 7 <xBx>§ </xBx>2 k.k.s.</xLexLink> wymierzono mu karę grzywny w wysokości 2000 (dwóch tysięcy) złotych. Na podstawie <xLexLink xArt="art. 29;art. 29 pkt. 1" xIsapId="WDU19990830930" xTitle="Ustawa z dnia 10 września 1999 r. - Kodeks karny skarbowy" xAddress="Dz. U. z 1999 r. Nr 83, poz. 930">art. 29 pkt 1 k.k.s.</xLexLink> w zw. z <xLexLink xArt="art. 30;art. 30 § 1;art. 30 § 3" xIsapId="WDU19990830930" xTitle="Ustawa z dnia 10 września 1999 r. - Kodeks karny skarbowy" xAddress="Dz. U. z 1999 r. Nr 83, poz. 930">art. 30 <xBx>§ </xBx>1 i <xBx>§ </xBx>3 k.k.s.</xLexLink> w zw. z <xLexLink xArt="art. 31;art. 31 § 6" xIsapId="WDU19990830930" xTitle="Ustawa z dnia 10 września 1999 r. - Kodeks karny skarbowy" xAddress="Dz. U. z 1999 r. Nr 83, poz. 930">art. 31 <xBx>§ </xBx>6 k.k.s.</xLexLink> orzeczono przepadek przedmiotów - dowodów rzeczowych w postaci 372 (trzystu siedemdziesięciu dwóch) paczek papierosów różnych marek, szczegółowo opisanych i zapisanych w wykazie dowodów rzeczowych nr 1 na karcie 28 akt sprawy pod pozycjami 1-2, zarządzając jednocześnie ich zniszczenie. Na podstawie <xLexLink xArt="art. 230;art. 230 § 2" xIsapId="WDU19970890555" xTitle="Ustawa z dnia 6 czerwca 1997 r. - Kodeks postępowania karnego" xAddress="Dz. U. z 1997 r. Nr 89, poz. 555">art. 230 <xBx>§ </xBx>2 k.p.k.</xLexLink> w zw. z <xLexLink xArt="art. 113;art. 113 § 1" xIsapId="WDU19990830930" xTitle="Ustawa z dnia 10 września 1999 r. - Kodeks karny skarbowy" xAddress="Dz. U. z 1999 r. Nr 83, poz. 930">art. 113 <xBx>§ </xBx>1 k.k.s.</xLexLink> zwrócono oskarżonemu <xAnon>U. Y.</xAnon>dowody rzeczowe w postaci samochodu osobowego marki <xAnon>V. (...)</xAnon>o <xAnon>(...)</xAnon><xAnon>(...)</xAnon> i numerze nadwozia <xAnon>(...)</xAnon>wraz z dowodem rejestracyjnym i kluczykiem, szczegółowo opisane i zapisane w wykazie dowodów rzeczowych nr 1 pod pozycjami 3-4 na karcie 28 akt sprawy. Na podstawie <xLexLink xArt="art. 618;art. 618 § 1;art. 618 § 1 pkt. 11" xIsapId="WDU19970890555" xTitle="Ustawa z dnia 6 czerwca 1997 r. - Kodeks postępowania karnego" xAddress="Dz. U. z 1997 r. Nr 89, poz. 555">art. 618 <xBx>§ </xBx>1 pkt 11 k.p.k.</xLexLink> w zw. z <xLexLink xArt="art. 113;art. 113 § 1" xIsapId="WDU19990830930" xTitle="Ustawa z dnia 10 września 1999 r. - Kodeks karny skarbowy" xAddress="Dz. U. z 1999 r. Nr 83, poz. 930">art. 113 <xBx>§ </xBx>1 k.k.s.</xLexLink> zasądzono od Skarbu Państwa na rzecz obrońcy z urzędu adw. <xAnon>M. B.</xAnon>kwotę 432 (czterystu trzydziestu dwóch) złotych wraz z kwotą podatku VAT od tej kwoty - tytułem kosztów nieopłaconej pomocy prawnej udzielonej przez obrońcę ustanowionego z urzędu. Na podstawie <xLexLink xArt="art. 627" xIsapId="WDU19970890555" xTitle="Ustawa z dnia 6 czerwca 1997 r. - Kodeks postępowania karnego" xAddress="Dz. U. z 1997 r. Nr 89, poz. 555">art. 627 k.p.k.</xLexLink> w zw. z <xLexLink xArt="art. 113;art. 113 § 1" xIsapId="WDU19990830930" xTitle="Ustawa z dnia 10 września 1999 r. - Kodeks karny skarbowy" xAddress="Dz. U. z 1999 r. Nr 83, poz. 930">art. 113 <xBx>§ </xBx>1 k.k.s.</xLexLink> obciążono oskarżonego <xAnon>U. Y.</xAnon>kosztami postępowania i jednocześnie w związku z tym zasądzono od niego na rzecz Skarbu Państwa kwotę 700 (siedmiuset) złotych, zaś na podstawie <xLexLink xArt="art. 624;art. 624 § 1" xIsapId="WDU19970890555" xTitle="Ustawa z dnia 6 czerwca 1997 r. - Kodeks postępowania karnego" xAddress="Dz. U. z 1997 r. Nr 89, poz. 555">art. 624 <xBx>§ </xBx>1 k.p.k.</xLexLink> w zw. z <xLexLink xArt="art. 113;art. 113 § 1" xIsapId="WDU19990830930" xTitle="Ustawa z dnia 10 września 1999 r. - Kodeks karny skarbowy" xAddress="Dz. U. z 1999 r. Nr 83, poz. 930">art. 113 <xBx>§ </xBx>1 k.k.s.</xLexLink> zwolniono go od ponoszenia pozostałych kosztów postępowania przejmując je na rachunek Skarbu Państwa.</xText>
          <xText>Na podstawie <xLexLink xArt="art. 425;art. 425 § 1;art. 425 § 2" xIsapId="WDU19970890555" xTitle="Ustawa z dnia 6 czerwca 1997 r. - Kodeks postępowania karnego" xAddress="Dz. U. z 1997 r. Nr 89, poz. 555">art. 425 § 1 i 2 k.p.k.</xLexLink> i <xLexLink xArt="art. 444" xIsapId="WDU19970890555" xTitle="Ustawa z dnia 6 czerwca 1997 r. - Kodeks postępowania karnego" xAddress="Dz. U. z 1997 r. Nr 89, poz. 555">art. 444 k.p.k.</xLexLink> w zw. z <xLexLink xArt="art. 113;art. 113 § 1" xIsapId="WDU19990830930" xTitle="Ustawa z dnia 10 września 1999 r. - Kodeks karny skarbowy" xAddress="Dz. U. z 1999 r. Nr 83, poz. 930">art. 113 § 1 k.k.s.</xLexLink> apelację od powyższego wyroku wniósł Urząd Celny w <xAnon>B.</xAnon>, który zaskarżył w/w wyrok na niekorzyść oskarżonego w części dotyczącej odstąpienia od wymierzenia środka karnego w postaci przepadku samochodu marki <xAnon>V. (...)</xAnon>oraz <xAnon>(...)</xAnon><xAnon>(...)</xAnon> oraz zwrotu w/w pojazdu wraz z kluczykiem oraz dowodem rejestracyjnym.</xText>
          <xText>Na podstawie <xLexLink xArt="art. 438;art. 438 pkt. 3;art. 438 pkt. 4" xIsapId="WDU19970890555" xTitle="Ustawa z dnia 6 czerwca 1997 r. - Kodeks postępowania karnego" xAddress="Dz. U. z 1997 r. Nr 89, poz. 555">art. 438 pkt 3 i 4 k.p.k.</xLexLink> i <xLexLink xArt="art. 427;art. 427 § 2" xIsapId="WDU19970890555" xTitle="Ustawa z dnia 6 czerwca 1997 r. - Kodeks postępowania karnego" xAddress="Dz. U. z 1997 r. Nr 89, poz. 555">art. 427 § 2 k.p.k.</xLexLink> w zw. z <xLexLink xArt="art. 113;art. 113 § 1" xIsapId="WDU19990830930" xTitle="Ustawa z dnia 10 września 1999 r. - Kodeks karny skarbowy" xAddress="Dz. U. z 1999 r. Nr 83, poz. 930">art. 113 § 1 k.k.s.</xLexLink> wyrokowi temu zarzucił:</xText>
          <xUnit xIsTitle="false" xType="none">
            <xName xSffx=".">I</xName>
            <xText>błąd w ustaleniach faktycznych przyjętych za podstawę orzeczenia i mający wpływ na jego treść, polegający na uznaniu, iż zajęty do postępowania pojazd nie został specjalnie przysposobiony do popełnienia czynu zabronionego, podczas gdy wnikliwa analiza materiału dowodowego jednoznacznie wskazuje, iż takie przysposobienie do przemytu miało miejsce,</xText>
          </xUnit>
          <xUnit xIsTitle="false" xType="none">
            <xName xSffx=".">II</xName>
            <xText>niesłuszne niezastosowanie środka karnego w postaci przepadku w/w samochodu, jako środka przewozowego specjalnie przysposobionego do popełnienia wykroczenia skarbowego.</xText>
          </xUnit>
          <xText>Stawiając powyższy zarzut, na podstawie <xLexLink xArt="art. 437;art. 437 § 2" xIsapId="WDU19970890555" xTitle="Ustawa z dnia 6 czerwca 1997 r. - Kodeks postępowania karnego" xAddress="Dz. U. z 1997 r. Nr 89, poz. 555">art. 437 § 2 k.p.k.</xLexLink> w zw. z <xLexLink xArt="art. 113;art. 113 § 1" xIsapId="WDU19990830930" xTitle="Ustawa z dnia 10 września 1999 r. - Kodeks karny skarbowy" xAddress="Dz. U. z 1999 r. Nr 83, poz. 930">art. 113 § 1 k.k.s.</xLexLink> wniósł o zmianę zaskarżonego wyroku w części dotyczącej odstąpienia od wymierzenia środka karnego w postaci przepadku samochodu marki <xAnon>V. (...)</xAnon>o <xAnon>(...)</xAnon><xAnon>(...)</xAnon> oraz zwrotu w/w pojazdu wraz z kluczykiem oraz dowodem rejestracyjnym, poprzez orzeczenie przepadku w/w przedmiotów.</xText>
          <xText>
            <xBx>Sąd Okręgowy zważył, co następuje:</xBx>
          </xText>
          <xText>Apelacja oskarżyciela jest zasadna i zasługuje na uwzględnienie.</xText>
          <xText>Sąd II Instancji analizując niniejszą sprawę, mając na uwadze zebrany w sprawie materiał dowodowy podzielił stanowisko skarżącego, w którym wniósł o zmianę zaskarżonego wyroku poprzez orzeczenie przepadku dowodów rzeczowych w postaci samochodu osobowego marki <xAnon>V. (...)</xAnon>o <xAnon>(...)</xAnon><xAnon>(...)</xAnon> wraz z kluczykiem oraz dowodem rejestracyjnym.</xText>
          <xText>Zgodnie z <xLexLink xArt="art. 49;art. 49 § 1;art. 49 § 2" xIsapId="WDU19990830930" xTitle="Ustawa z dnia 10 września 1999 r. - Kodeks karny skarbowy" xAddress="Dz. U. z 1999 r. Nr 83, poz. 930">art. 49 § 1 i 2 k.k.s.</xLexLink> (odnoszącym się do wykroczeń skarbowych) do przepadku przedmiotów stosuje się odpowiednio przepisy<xBx><xLexLink xArt="art. 29;art. 30;art. 30 § 1;art. 30 § 6;art. 31" xIsapId="WDU19990830930" xTitle="Ustawa z dnia 10 września 1999 r. - Kodeks karny skarbowy" xAddress="Dz. U. z 1999 r. Nr 83, poz. 930">art. 29, art. 30 § 1 i 6 oraz art. 31</xLexLink>, </xBx>przy czym nie obejmuje on środka przewozowego stanowiącego przedmiot określony w <xLexLink xArt="art. 29;art. 29 pkt. 2" xIsapId="WDU19990830930" xTitle="Ustawa z dnia 10 września 1999 r. - Kodeks karny skarbowy" xAddress="Dz. U. z 1999 r. Nr 83, poz. 930">art. 29 pkt 2</xLexLink><xBx>, chyba że został on specjalnie przysposobiony do popełnienia czynu zabronionego </xBx>jako przestępstwo skarbowe, <xBx>wykroczenie skarbowe,</xBx> przestępstwo lub wykroczenie. W wypadkach określonych w szczególności w <xLexLink xArt="art. 86;art. 86 § 4" xIsapId="WDU19990830930" xTitle="Ustawa z dnia 10 września 1999 r. - Kodeks karny skarbowy" xAddress="Dz. U. z 1999 r. Nr 83, poz. 930">art. 86 § 4 k.k.s.</xLexLink>, <xLexLink xArt="art. 63;art. 63 § 7" xIsapId="WDU19990830930" xTitle="Ustawa z dnia 10 września 1999 r. - Kodeks karny skarbowy" xAddress="Dz. U. z 1999 r. Nr 83, poz. 930">art. 63 § 7 k.k.s.</xLexLink>, <xLexLink xArt="art. 54;art. 54 § 3" xIsapId="WDU19990830930" xTitle="Ustawa z dnia 10 września 1999 r. - Kodeks karny skarbowy" xAddress="Dz. U. z 1999 r. Nr 83, poz. 930">art. 54 § 3 k.k.s.</xLexLink> można orzec przepadek przedmiotów określonych w <xLexLink xArt="art. 30 § 1" xIsapId="WDU19990830930" xTitle="Ustawa z dnia 10 września 1999 r. - Kodeks karny skarbowy" xAddress="Dz. U. z 1999 r. Nr 83, poz. 930">§ 1</xLexLink>.</xText>
          <xText>Nie ulega wątpliwościom, że w niniejszej sprawie wszystkie przesłanki określone w <xLexLink xArt="art. 49;art. 49 § 1;art. 49 § 2" xIsapId="WDU19990830930" xTitle="Ustawa z dnia 10 września 1999 r. - Kodeks karny skarbowy" xAddress="Dz. U. z 1999 r. Nr 83, poz. 930">art. 49 § 1 i 2 k.k.s.</xLexLink> zostały spełnione. W ocenie Sądu Okręgowego z materiału zgromadzonego w sprawie bez cienia wątpliwości wynika, iż samochód osobowy samochodu marki <xAnon>V. (...)</xAnon>o <xAnon>(...)</xAnon><xAnon>(...)</xAnon> był używany do popełnienia wykroczenia skarbowego, jako środek przewozowy. Został on specjalnie przysposobiony do popełnienia czynu zabronionego. Świadczą o tym skrytki, w których funkcjonariusze celni w wyniku przeszukania ujawnili wyroby tytoniowe nieoznaczone znakami akcyzy. Na podkreślenie zasługuje fakt, że papierosy zostały ujawnione w przednim zderzaku oraz podłużnicy, tylnym zderzaku, podszybiu oraz środkowym tunelu. Dojście do przedniego zderzaka oraz podłużnic było możliwe po zdemontowaniu zderzaka oraz wycięciu części przedniej belki. Do kolejnej skrytki dojście było możliwe również po uprzednim przystosowaniu tej części pojazdu tj. wycięciu wejścia do podszybia (k. 14-15). Nie sposób zgodzić się z wyjaśnieniami oskarżonego, iż nie miał on świadomości istnienia owych skrytek i znajdujących się w nich papierosów, bowiem niedawno kupił samochód. Zgodzić się należy z Sądem I Instancji, iż nieprawdopodobnym i niemożliwym jest, aby zbywca pojazdu nie tylko pozostawił skrytki w samochodzie, ale również by zostawił w nich papierosy, które przecież mają wymierną wartość materialną. Poza tym ślady niedawnego odkręcania elementów samochodu były dosyć widoczne, co tylko dodatkowo potwierdza, że niedawno były one odkręcane, z czego musiał sobie zdawać sprawę oskarżony oglądając samochód przed jego kupnem. Nie sposób zatem zgodzić się z Sądem Rejonowym, iż w sytuacji oskarżonego nie istnieje przesłanka szczególnego przysposobienia środka przewozowego. Oskarżony w ocenie Sądu z pewnością co najmniej wiedział o tego rodzaju właściwościach samochodu i je wykorzystał. Rację ma skarżący, że niewątpliwie skrytki znajdujące się w samochodzie odznaczały się specjalnym przysposobieniem i odznaczały się ingerencją w elementy pojazdu. Świadczy chociażby o tym fakt, że tunel zmiany biegów pojazdu był spreparowany i przystosowany do ukrycia kontrabandy poprzez jego obniżenie. Skrytki były przygotowane profesjonalnie, a to czy była to niewielka czy też duża ingerencja w budowę samochodu nie ma znaczenia dla rozstrzygnięcia.</xText>
          <xText>Nie należy tracić z pola widzenia, że wbrew twierdzeniom oskarżonego <xAnon>U. Y.</xAnon>(który stwierdził, że do <xAnon>P.</xAnon>przyjechał dwukrotnie na zakupy k. 18-19) w okresie od 25.04.2011 r. – 25.04.2012 r. przekraczał on granicę <xAnon>p. b.</xAnon>37 razy, co wynika z wydruku z systemów informatycznych Urzędu Celnego (k. 145-127).</xText>
          <xText>Słusznie wywiódł oskarżyciel publiczny, iż nie sposób zgodzić się z Sądem Rejonowym jakoby orzeczenie przepadku środka przewozowego było również niewspółmierne do wagi czynu. Narażone na uszczuplenie należności publicznoprawne wyniosły łącznie około 6000 zł (k. 7-8). Jak wynika z notatki urzędowej dotyczącej wyceny przedmiotowego samochodu wartość przedmiotowego pojazdu mimo, że jego cena rynkowa to 9000 zł wynosiła około 7000 zł, bowiem samochód jest w bardzo złym stanie ma liczne uszkodzenia (k. 13). Z kolejnej wyceny dokonanej przez eksperta Urzędu Celnego w <xAnon>B.</xAnon> wynika, że wartość samochodu to 9800 zł (k. 55). Skonstatować zatem należy, że suma wartości samochodu nawet w jego górnej kwocie 9800 zł nie pozostaje w dużej dysproporcji do łącznej wysokości należności publicznoprawnych narażonych na uszczuplenie czynem oskarżonego (6000 zł). Nie może zatem być mowy o niewspółmierności tego środka do wagi czynu (<xLexLink xArt="art. 31;art. 31 § 3;art. 31 § 3 pkt. 1" xIsapId="WDU19990830930" xTitle="Ustawa z dnia 10 września 1999 r. - Kodeks karny skarbowy" xAddress="Dz. U. z 1999 r. Nr 83, poz. 930">art. 31 § 3 pkt 1 k.k.s.</xLexLink> stosowany w oparciu o <xLexLink xArt="art. 49;art. 49 § 1" xIsapId="WDU19990830930" xTitle="Ustawa z dnia 10 września 1999 r. - Kodeks karny skarbowy" xAddress="Dz. U. z 1999 r. Nr 83, poz. 930">art. 49 § 1 k.k.s.</xLexLink>, co do wykroczeń karnych skarbowych), czy też o niewspółmierności kary rozumianej jako ogół dolegliwości wymierzonych oskarżonemu (<xLexLink xArt="art. 438;art. 438 pkt. 4" xIsapId="WDU19970890555" xTitle="Ustawa z dnia 6 czerwca 1997 r. - Kodeks postępowania karnego" xAddress="Dz. U. z 1997 r. Nr 89, poz. 555">art. 438 pkt 4 k.p.k .</xLexLink>w zw. z <xLexLink xArt="art. 113;art. 113 § 1" xIsapId="WDU19990830930" xTitle="Ustawa z dnia 10 września 1999 r. - Kodeks karny skarbowy" xAddress="Dz. U. z 1999 r. Nr 83, poz. 930">art. 113 § 1 k.k.s.</xLexLink>).</xText>
          <xText>Zdaniem Sądu Okręgowego tak ukształtowana dolegliwość powinna w jeszcze większym stopniu uświadomić oskarżonemu nieopłacalność wykroczenia, którego się dopuścił. Tym bardziej, że oddanie samochodu wiąże się z wysokim prawdopodobieństwem ponownego wykorzystania pojazdu, pod zmienionymi numerami rejestracyjnymi, niekoniecznie przez oskarżonego, do popełniania kolejnych czynów zabronionych. W ocenie Sądu Okręgowego tylko zastosowanie środka karnego w postaci przepadku samochodu na trwale zmieni zachowanie oskarżonego w przyszłości.</xText>
          <xText>Z powyższych względów Sąd Okręgowy na mocy <xLexLink xArt="art. 437;art. 437 § 1" xIsapId="WDU19970890555" xTitle="Ustawa z dnia 6 czerwca 1997 r. - Kodeks postępowania karnego" xAddress="Dz. U. z 1997 r. Nr 89, poz. 555">art. 437 § 1 k.p.k.</xLexLink> zmienił zaskarżony wyrok co do punktu III w ten sposób, że na podstawie <xLexLink xArt="art. 49;art. 49 § 1;art. 49 § 2" xIsapId="WDU19990830930" xTitle="Ustawa z dnia 10 września 1999 r. - Kodeks karny skarbowy" xAddress="Dz. U. z 1999 r. Nr 83, poz. 930">art. 49 § 1, 2 k.k.s.</xLexLink> orzekł przepadek na rzecz Skarbu Państwa dowodów rzeczowych w postaci samochodu osobowego marki <xAnon>V. (...)</xAnon>o <xAnon>(...)</xAnon><xAnon>(...)</xAnon> i numerze nadwozia <xAnon>(...)</xAnon>wraz z kluczykiem oraz dowodem rejestracyjnym zapisanych i szczegółowo opisanych w wykazie dowodów rzeczowych nr 1 w punktach 3-4 na k. 28 akt.</xText>
          <xText>O kosztach nieopłaconej pomocy prawnej udzielonej z urzędu w postępowaniu odwoławczym rozstrzygnięto na podstawie <xLexLink xArt="§ 2;§ 2 ust. 3;§ 14;§ 14 ust. 2;§ 14 ust. 2 pkt. 4" xIsapId="WDU20021631348" xTitle="Rozporządzenie Ministra Sprawiedliwości z dnia 28 września 2002 r. w sprawie opłat za czynności adwokackie oraz ponoszenia przez Skarb Państwa kosztów nieopłaconej pomocy prawnej udzielonej z urzędu" xAddress="Dz. U. z 2002 r. Nr 163, poz. 1348">§ 2 ust. 3, § 14 ust 2 pkt 4 Rozporządzenia Ministra Sprawiedliwości z dnia 28 września 2002 r. w sprawie opłat za czynności adwokackie oraz ponoszenia przez Skarb Państwa kosztów nieopłaconej pomocy prawnej udzielonej z urzędu</xLexLink> (Dz. U.2002, Nr 163, poz. 1348 z późn. zm.).</xText>
          <xText>O kosztach orzeczono na podstawie <xLexLink xArt="art. 635" xIsapId="WDU19970890555" xTitle="Ustawa z dnia 6 czerwca 1997 r. - Kodeks postępowania karnego" xAddress="Dz. U. z 1997 r. Nr 89, poz. 555">art. 635 k.p.k.</xLexLink> w zw. z <xLexLink xArt="art. 624;art. 624 § 1" xIsapId="WDU19970890555" xTitle="Ustawa z dnia 6 czerwca 1997 r. - Kodeks postępowania karnego" xAddress="Dz. U. z 1997 r. Nr 89, poz. 555">art. 624 § 1 k.p.k.</xLexLink> mając na względzie zasady słuszności.</xText>
        </xUnit>
      </xBlock>
    </xPart>
  </judgement>
<judgement id="154505000007827_XXVI_GC_000594_2012_Uz_2013-03-28_001">
    <xPart xEditorFullName="Beata Gonera" xYear="2012" xLang="PL" xPublisherFullName="Beata Gonera" xFromPg="1" xEditor="bgonera" xVolType="15/450500/0007827/GC" xPublisher="bgonera" xDocType="Uz" xVolNmbr="000594" xVersion="1.0" xToPage="27" xFlag="published">
      <xName>Wyrok+Uzasadnienie</xName>
      <xBlock>
        <xText>Sygn. akt XXVI GC 594/12</xText>
        <xUnit xIsTitle="true" xType="part" xBold="true">
          <xName>WYROK</xName>
          <xTitle>W IMIENIU RZECZYPOSPOLITEJ POLSKIEJ</xTitle>
          <xText xALIGNx="right">Dnia 28 marca 2013 r.</xText>
          
          <xText>Sąd Okręgowy w Warszawie, XXVI Wydział Gospodarczy</xText>
          <xText>w następującym składzie:</xText>
          <xText>Przewodniczący: SSO Dorota Brodziak</xText>
          <xText>Protokolant sadowy stażysta Magda Podniesińska</xText>
          <xText>po rozpoznaniu w dniu 14 marca 2013 r. w Warszawie</xText>
          <xText>na rozprawie</xText>
          <xText>sprawy z powództwa <xAnon> (...) Spółki Akcyjnej</xAnon> z siedzibą w <xAnon>G.</xAnon></xText>
          <xText>przeciwko<xAnon>(...)</xAnon> - Spółka z ograniczoną odpowiedzialnością i Spółka” Spółce komandytowej z siedzibą w <xAnon>W.</xAnon></xText>
          <xText>o zapłatę kwoty 6 975 322,73 złotych</xText>
          
          <xUnit xIsTitle="false" xType="none">
            <xName xSffx=".">I</xName>
            <xText>zasądza od <xAnon>(...)</xAnon> - Spółka z ograniczoną odpowiedzialnością i Spółka” Spółki komandytowej z siedzibą w <xAnon>W.</xAnon> na rzecz <xAnon> (...) Spółki Akcyjnej</xAnon> z siedzibą w <xAnon>G.</xAnon> kwotę 5 689 397,57 zł (pięć milionów sześćset osiemdziesiąt dziewięć tysięcy trzysta dziewięćdziesiąt siedem złotych pięćdziesiąt siedem groszy) z ustawowymi odsetkami od dnia 23 czerwca 2011 r. do dnia zapłaty,</xText>
          </xUnit>
          <xUnit xIsTitle="false" xType="none">
            <xName xSffx=".">II</xName>
            <xText>oddala powództwo w pozostałym zakresie,</xText>
          </xUnit>
          <xUnit xIsTitle="false" xType="none">
            <xName xSffx=".">III</xName>
            <xText>zasądza od „<xAnon>(...)</xAnon> - Spółka z ograniczoną odpowiedzialnością i Spółka” Spółki komandytowej z siedzibą w <xAnon>W.</xAnon> na rzecz <xAnon> (...) Spółki Akcyjnej</xAnon> z siedzibą w <xAnon>G.</xAnon> kwotę 88 087,79 zł (osiemdziesiąt osiem tysięcy osiemdziesiąt siedem złotych siedemdziesiąt dziewięć groszy) tytułem zwrotu kosztów procesu</xText>
          </xUnit>
          
          <xText>sprawy z powództwa <xAnon> (...) Spółki Akcyjnej</xAnon> z siedzibą w <xAnon>G.</xAnon></xText>
          <xText>przeciwko <xAnon>(...)</xAnon>, - Spółka z ograniczoną odpowiedzialnością i Spółka” Spółce komandytowej z siedzibą w <xAnon>W.</xAnon></xText>
          <xText>o zapłatę 319 863,25 złotych</xText>
          
          <xUnit xIsTitle="false" xType="none">
            <xName xSffx=".">I</xName>
            <xText>zasądza od <xAnon>(...)</xAnon> - Spółka z ograniczoną odpowiedzialnością i Spółka<xAnon> Spółki</xAnon> komandytowej z siedzibą w <xAnon>W.</xAnon> na rzecz <xAnon> (...) Spółki Akcyjnej</xAnon> z siedzibą w <xAnon>G.</xAnon> kwotę 315 702,89 zł (trzysta piętnaście tysięcy siedemset dwa złote osiemdziesiąt dziewięć groszy) z ustawowymi odsetkami od dnia 29 października 2011 r. do dnia zapłaty,</xText>
          </xUnit>
          <xUnit xIsTitle="false" xType="none">
            <xName xSffx=".">II</xName>
            <xText>oddala powództwo w pozostałym zakresie,</xText>
          </xUnit>
          <xUnit xIsTitle="false" xType="none">
            <xName xSffx=".">III</xName>
            <xText>zasądza od <xAnon>(...)</xAnon> - Spółka z ograniczoną odpowiedzialnością i Spółka” Spółki komandytowej z siedzibą w <xAnon>W.</xAnon> na rzecz <xAnon> (...) Spółki Akcyjnej</xAnon> z siedzibą w <xAnon>G.</xAnon> kwotę 22 815,43 zł (dwadzieścia dwa tysiące osiemset piętnaście złotych czterdzieści trzy grosze) tytułem zwrotu kosztów procesu.</xText>
          </xUnit>
          
          <xText>Sygn. akt XXVI GC 594/12</xText>
        </xUnit>
        <xUnit xIsTitle="true" xType="part" xBold="true">
          <xName>UZASADNIENIE</xName>
          <xText>W pozwie z dnia 22 czerwca 2011 r. (data nadania pisma w urzędzie pocztowym k.760) powód <xAnon> (...) Spółka Akcyjna</xAnon> z siedzibą w <xAnon>G.</xAnon> wniósł o zasądzenie od „<xAnon>(...)</xAnon>,- spółka z ograniczoną odpowiedzialnością i Spółka” Spółka Komandytowa z siedzibą w <xAnon>W.</xAnon> kwoty 6 975 323 zł z ustawowymi odsetkami od dnia 23 czerwca 2011 roku do dnia zapłaty oraz o zasądzenie kosztów procesu (pozew, k. 2-33).</xText>
          <xText>W uzasadnieniu pozwu powód wskazał, że w ramach umowy o współpracy handlowej z dnia 30 stycznia 2007 roku o nr <xAnon>(...)</xAnon><xAnon>(...)</xAnon>i umowy o współpracy handlowej z dnia 30 grudnia 2008 roku o nr <xAnon>(...)</xAnon><xAnon>(...)</xAnon>zawartych z pozwanym, sprzedawał „<xAnon>(...)</xAnon>,- sp. z o.o. i Spółka” Spółka Komandytowa z siedzibą w <xAnon>W.</xAnon>towary, które pozwany odsprzedawał dalej w swoim imieniu. Powód wskazał, iż przedmiotem postanowień powyższych umów były m.in. różne płatności, które obciążały stronę powodową na rzecz strony pozwanej, a w tym: opłaty z tytułu usług promocyjnych, zarządzania budżetem marketingowym, usług CRM, usług transportowych, usług <xAnon>(...)</xAnon>, premii pieniężnej. Zdaniem powoda powyższe usługi zostały jednostronnie narzucone przez pozwanego oraz miały charakter pozorny, nie były w rzeczywistości wykonywane na rzecz powoda, a także nie miały żadnego gospodarczego uzasadnienia. Płatności za powyższe usługi zostały pobrane przez pozwanego, na podstawie wystawionych przez niego faktur, z należnych stronie powodowej płatności z tytułu ceny za sprzedaż pozwanemu towarów. W dwóch przypadkach strona powodowa dokonała zapłaty bezpośrednio na rachunek bankowy pozwanego. Powód podniósł, iż powyższe płatności stanowiły czyny nieuczciwej konkurencji w rozumieniu art. 3 i 15 ust. 1 pkt. 4 ustawy z dnia 16 kwietnia 2003 roku o zwalczaniu nieuczciwej konkurencji, albowiem stanowiły działania utrudniające powodowi dostęp do rynku i były ukrytymi opłatami z tytułu dopuszczenia towarów do sprzedaży. Na dochodzoną przez powoda przedmiotowym pozwem kwotę składają się należności pobrane przez pozwanego z tytułu świadczonych usług w kwocie 5 689 397,57 zł oraz skapitalizowane na dzień wytoczenia powództwa odsetki od powyższej należności, jako bezpodstawnie uzyskane przez pozwanego korzyści w kwocie 1 285 925,16 zł.</xText>
          <xText>Pozwany w odpowiedzi na pozew datowanej na dzień 19 września 2011 roku wniósł o oddalenie powództwa w całości oraz zasądzenie kosztów procesu. W uzasadnieniu odpowiedzi na pozew pozwany podniósł zarzut niewykazania, iż kwoty wynikające z faktur wystawianych przez pozwanego były kwotami nienależnymi oraz, iż stanowiły opłaty niedozwolone w rozumieniu art. 15 ust. 1 pkt. 4 ustawy o zwalczaniu nieuczciwej konkurencji. Pozwany podniósł, iż umowy łączące strony nie były zwykłymi ramowymi umowami sprzedaży, a regulowały szeroko pojętą współpracę stron, w ramach której zarówno powód dokonywał sprzedaży towarów na rzecz pozwanego, jak i pozwany świadczył usługi na rzecz powoda. Pozwany stoi na stanowisku, iż powód czerpał korzyści z usług świadczonych przez pozwanego. Zdaniem pozwanego jego działania nie stanowiły czynu nieuczciwej konkurencji w rozumieniu ustawy z dnia 16 kwietnia 2003 roku o zwalczaniu nieuczciwej konkurencji, albowiem nie zaistniały przesłanki, o których mowa w art. 15 ust. 1 pkt. 4 powyższej ustawy w postaci utrudniania przez pozwanego dostępu do rynku powodowi oraz pobierania innych niż marża handlowa opłat z tytułu przyjęcia towaru do sprzedaży. Pozwany stoi na stanowisku, iż wszystkie warunki umów handlowych zawartych z powodem podlegały negocjacjom oraz że pozwany świadczył na rzecz powoda usługi promocyjne, zarządzania budżetem marketingowym, usługi CRM, usługi transportowe, usługę <xAnon>(...)</xAnon>, za co należy mu się wynagrodzenie oraz premia pieniężna za dokonanie zakupów przez pozwanego u powoda (odpowiedź na pozew: k.761-799).</xText>
          <xText>Dnia 28 października 2011 r. (odrębnym pozwem) powód <xAnon> (...) Spółka Akcyjna</xAnon> z siedzibą w <xAnon>G.</xAnon> wniósł o zasądzenie od „<xAnon>(...)</xAnon>,- spółka z ograniczoną odpowiedzialnością i Spółka” Spółka Komandytowa z siedzibą w <xAnon>W.</xAnon> kwoty 319 864 zł z ustawowymi odsetkami od dnia 29 października 2011 roku do dnia zapłaty oraz kosztów procesu według norm przepisanych (pozew, k.2-17), (sprawa o sygnaturze akt XVI GNc 1033/11, następnie XVI GC 128/11).</xText>
          <xText>W uzasadnieniu tegoż pozwu powód wskazał, że w ramach umowy o współpracy handlowej z dnia 30 grudnia 2008 roku<xAnon>(...)</xAnon>zawartej z pozwanym sprzedawał „<xAnon>(...)</xAnon>,- sp. z o.o. i Spółka” Spółka Komandytowa z siedzibą w <xAnon>W.</xAnon>towary, które pozwany odsprzedawał dalej w swoim imieniu. Powód wskazał, iż przedmiotem postanowień powyższych umów były m.in. różne płatności, które obciążały stronę powodową na rzecz strony pozwanej, a w tym: opłaty z tytułu usług promocyjnych, zarządzania budżetem marketingowym, usług CRM, usług transportowych, usług <xAnon>(...)</xAnon>. Jako podstawę roszczenia powód wskazał okoliczności przytoczone również w pozwie z dnia 22 czerwca 2011 roku. Na dochodzoną przez powoda pozwem kwotę składają się należności pobrane przez pozwanego z tytułu świadczonych usług w kwocie 315 702,89 zł oraz skapitalizowane na dzień wytoczenia powództwa odsetki od powyższej należności, jako bezpodstawnie uzyskane przez pozwanego korzyści w kwocie 4 160,36 zł.</xText>
          <xText>Nakazem zapłaty wydanym w postępowaniu upominawczym dnia 15 listopada 2011 roku Sąd Okręgowy w Warszawie, XVI Wydział Gospodarczy nakazał pozwanemu, by zapłacił powodowi kwotę 319 863,25 zł wraz z ustawowymi odsetkami od dnia 29 października 2011 roku do dnia zapłaty oraz orzekł o kosztach postępowania (nakaz zapłaty, sygn. akt XVI GC 128/11, k. 150).</xText>
          <xText>W sprzeciwie od powyższego nakazu zapłaty datowanym na dzień 23 stycznia 2012 roku pozwany  wniósł o oddalenie powództwa w całości oraz zasądzenie kosztów procesu (sprzeciw od nakazu zapłaty XVI GC 128/11, k. 155-198). W uzasadnieniu sprzeciwu od nakazu zapłaty pozwany wskazał na okoliczności jak w odpowiedzi na pozew w sprawie o sygn. XXVI GC 594/12.</xText>
          <xText>Zarządzeniem z dnia 30 kwietnia 2012 roku sprawa o sygn. akt XVI GC 395/11 i sprawa o sygn. akt XVI GC 128/12 zostały na podstawie <xLexLink xArt="art. 219" xIsapId="WDU19640430296" xTitle="Ustawa z dnia 17 listopada 1964 r. - Kodeks postępowania cywilnego" xAddress="Dz. U. z 1964 r. Nr 43, poz. 296">art. 219 k.p.c.</xLexLink> połączone do wspólnego rozpoznania i rozstrzygnięcia. Zarządzono, iż obie powyższe sprawy będą prowadzone dalej pod sygnaturą akt XVI GC 395/11 (zarządzenie XVI GC 128/11, k. 519). Sąd Okręgowy w Warszawie XXVI Wydział Gospodarczy prowadził dalej przedmiotową sprawę pod sygnaturą akt XXVI 594/12.</xText>
          
          <xText>
            <xBx>Sąd Okręgowy ustalił następujący stan faktyczny:</xBx>
          </xText>
          <xText><xAnon>(...) Spółka Akcyjna</xAnon>współpracowała z „<xAnon>(...)</xAnon>,- spółka z ograniczoną odpowiedzialnością i Spółka” Spółka Komandytowa z siedzibą w <xAnon>W.</xAnon>(dalej również: <xAnon>(...)</xAnon>) w ten sposób, że <xAnon>(...) S.A.</xAnon>sprzedawała „<xAnon>(...)</xAnon>,- spółka z ograniczoną odpowiedzialnością i Spółka” Spółka Komandytowa towary takie jak zabawki, narzędzia, artykuły kempingowe w celu ich odsprzedaży w sklepach należących do sieci „<xAnon>(...)</xAnon>,- sp. z o.o. i Spółka” Spółka Komandytowa. Od 2007 r. powyższa współpraca była prowadzona na podstawie umowy o współpracę handlową z dnia 30 stycznia 2007 roku o numerze <xAnon>(...)</xAnon>(umowa: k.42-61). Umowa powyższa została zawarta pomiędzy <xAnon>(...) S.A.</xAnon>i „<xAnon>(...)</xAnon>,- sp. z o.o. i Spółka” spółka komandytowa po stronie zamawiających, reprezentowanych przez <xAnon>(...) sp. z o.o.</xAnon>i spółka Spółka Komandytowa a <xAnon>(...) S.A.</xAnon>jako dostawcą.</xText>
          <xText>Zgodnie z pkt. 1.1 powyższej umowy (k.45) regulowała ona zasady szeroko rozumianej współpracy handlowej w zakresie dostaw towarów realizowanych przez dostawcę do placówek handlowych lub magazynu zamawiającego oraz usług świadczonych przez zamawiającego w związku z obrotem tymi towarami. W załączniku nr 1.1 „Informacje ogólne” zawarto definicje pojęć użytych w umowie, w tym definicje usług promocyjnych, zarządzania budżetem marketingowym, usługi CRM, usług transportowych, usługi MIS (k.51-62).</xText>
          <xText>W pkt. 23 załącznika nr 1.3 „Warunki handlowe i płatności” wskazano, że formą rozliczenia należności zamawiającego z tytułu realizacji umowy jest potrącanie wierzytelności zamawiającego wobec dostawcy z wierzytelnościami dostawcy wobec zamawiającego, a w przypadku gdy stan rozrachunków uniemożliwia potrącenie, dostawca jest zobowiązany dokonać płatności na rachunek zamawiającego wskazany w umowie (k.82). Dostawca był zobowiązany dokonać rozliczenia płatności zgodnie ze specyfikacją przesłaną przez agenta płatności. Specyfikacja płatności stanowiła zgodnie z umową skuteczne oświadczenie o potrąceniu wzajemnych zobowiązań i wierzytelności (pkt. 32, k. 84). W załączniku nr 1.3. określono nadto zasady ustalania ceny towarów, dokonywania rozliczeń i terminów płatności.</xText>
          <xText>Zgodnie z treścią pkt. 15 i 16 Załącznika nr 1.3 do Umowy, podpisanie załącznika nr 1.4 do umowy jest równoznaczne ze zobowiązaniem się po stronie dostawcy, czyli <xAnon>(...) S.A.</xAnon>do udzielania rabatów i przyznawania premii na zasadach określonych w tym załączniku na rzecz <xAnon>(...)</xAnon>,- sp. z o.o. i Spółka” Spółka Komandytowa. Nadto zgodnie z pkt. 14 załącznika 1.3. wynagrodzenie za usługi określone w załączniku 1.4, które <xAnon>(...) S.A.</xAnon>zleciła „<xAnon>(...)</xAnon>,- sp. z o.o. i Spółka” Spółka Komandytowa, tj. CRM 1 (CRM 1a i CRM 1b) i CRM 2 uważa się za wykonane również, gdy dostawca nie odbierze materiałów będących przedmiotem usługi. Na łączną wartość powyższych usług składa się wynagrodzenie za zlecone usługi oraz wynagrodzenie za gotowość do ich świadczenia.</xText>
          <xText>Na rok 2007 <xAnon>(...) S.A.</xAnon>zawarł z „<xAnon>(...)</xAnon>,- spółka z ograniczoną odpowiedzialnością i Spółka” Spółka Komandytowa porozumienie o warunkach handlowych obowiązujące od dnia 1 stycznia 2007 r. (porozumienie: k.88-91), określone jako załącznik nr 1.4 do umowy o współpracę handlową nr <xAnon>(...)</xAnon>. W porozumieniu tym określono wartość poszczególnych usług, w tym usługi CRM 1a na 5 000 zł i CRM 1b na 3 000 zł, wartość usług reklamowych 5,8% łącznej wartości zamawianych usług, usługi w ramach budżetu promocyjnego określono na 4,5% obrotu miesięcznego, usługi MIS 4,4% łącznej wartości zamawianych usług.</xText>
          <xText>Z kolei w załączniku nr 13 do <xAnon>umowy o nr (...)</xAnon>zawarto porozumienie dotyczące <xAnon>usługi (...)</xAnon>, w którym określono, że przedmiotem porozumienia jest <xAnon>usługa (...)</xAnon>, w ramach której dostawca miał otrzymać dostęp do danych spółek z <xAnon>(...)</xAnon>, które służą do wielu procesów poprzez różne systemy i aplikacje, w szczególności dostęp do części <xAnon>P.</xAnon>portalu <xAnon>(...)</xAnon>(<xAnon>(...)</xAnon>), w której udostępnia się aplikację <xAnon>(...)</xAnon>(<xAnon>(...)</xAnon>) – system umożliwiający generowanie on – line raportów dotyczących artykułów dostawcy sprzedawanych poprzez sieci handlowe <xAnon>(...)</xAnon>, za wynagrodzeniem naliczanym zgodnie z pkt. 14 załącznika 1.3 do umowy o współprace handlową (porozumienie dotyczące <xAnon>usługi (...)</xAnon>: k.97-103).</xText>
          <xText>W drodze załącznika nr 21.2 do <xAnon>umowy o nr (...)</xAnon>- Warunki logistyczne i wynagrodzenie za usługi transportowe, ustalono warunki świadczenia na rzecz <xAnon>(...) S.A.</xAnon>usług transportowych przez <xAnon>– (...)</xAnon>(k.104-108). Wynagrodzenie za powyższe usługi określono na 1% od obrotu, przy czym minimalne wynagrodzenie za przewóz 1 palety w przesyłce ustalono dla palety o wadze do 160 kg na 86 zł, palety o wadze powyżej 160 kg na 99 zł, minimalne wynagrodzenie za przewóz palety niewymiarowej 198 zł, minimalne wynagrodzenie za przewóz jednej paczki 17,60 zł. Usługa transportowa była świadczona na rzecz <xAnon>(...)</xAnon>przez <xAnon>(...)</xAnon><xAnon>(...)</xAnon>(zeznania świadka <xAnon>I. B.</xAnon>k. 1083).</xText>
          <xText>W dniu 20 lutego 2007 r. <xAnon>(...) S.A.</xAnon>zawarł z „<xAnon>(...)</xAnon>,- spółka z ograniczoną odpowiedzialnością i Spółka” Spółka Komandytowa aneks nr 1 do umowy o współpracę handlową nr <xAnon>(...)</xAnon>obowiązujący od dnia 1 stycznia 2007 r. (aneks nr 1 do umowy: k.109-111), w drodze którego dostawca zamówił dodatkowe usługi w ramach budżetu promocyjnego w wysokości 0,2 % od obrotu.</xText>
          <xText>Dnia 20 lutego 2007 r. strony zawarły także aneks nr 2 i 3 do umowy o współpracę handlową nr <xAnon>(...)</xAnon>(aneksy nr 2,3 do umowy: k.112-117). W drodze postanowień aneksu nr 2 dostawca zamówił dodatkowe usługi promocyjne skierowane na asortyment campingowy o wartości 110 000 zł. W drodze postanowień aneksu nr 3 dostawca udzielił <xAnon>(...)</xAnon>premii pieniężnej w łącznej kwocie 19 000 zł.</xText>
          <xText>Dnia 7 września 2007 r. strony zawarły aneks nr 4 i 5 do umowy o współpracę handlową nr <xAnon>(...)</xAnon>(aneksy nr 4,5 do umowy: k.118-122), w drodze których dostawca zamówił dodatkowe usługi promocyjne w okresie od dnia 3 września 2007 roku do 31 grudnia 2007 roku.</xText>
          <xText>Aneksem nr 6 z dnia 7 września 2009 roku do przedmiotowej umowy (aneks nr 6: k.124-125) dostawca zamówił u Zamawiających usługi dodatkowe w wysokości 0,7% od obrotu. Aneksem nr 7 do przedmiotowej umowy z dnia 17 grudnia 2009 roku (aneks nr 7: k.126-131) strony wprowadziły zmiany w niektórych postanowieniach <xAnon>umowy nr (...)</xAnon>, w tym zmiany w zakresie definicji cen fakturowych, rabatu potransakcyjnego, zarządzania budżetem marketingowym, usługi metro link.</xText>
          <xText>W drodze aneksów nr 8 i 10 do przedmiotowej umowy dostawca zamówił dodatkowe usługi promocyjne odpowiednio w okresie od dnia 2 stycznia 2008 roku do 30 października 2008 roku w wymiarze dla <xAnon>(...)</xAnon>0,40 % obrotu (aneks k. 132-134) i w okresie 1 sierpnia 2008 roku do 31 grudnia 2008 roku w wymiarze 300 000 zł (aneks k.138-140).</xText>
          <xText>Dnia 17 grudnia 2007 r. strony zawarły także aneks nr 9 do umowy o współpracę handlową nr <xAnon>(...)</xAnon>(aneks do umowy: k.136-137). W drodze postanowień aneksu nr 9 dostawca zamówił dodatkowe usługi promocyjne skierowane na asortyment campingowy o wartości 60 000 zł oraz dodatkowe usługi promocyjne skierowane na asortyment zabawkowy o wartości 50 000 zł.</xText>
          <xText>Na rok 2008 <xAnon>(...) S.A.</xAnon>zawarł z „<xAnon>(...)</xAnon>,- spółka z ograniczoną odpowiedzialnością i Spółka” Spółka Komandytowa porozumienie o warunkach handlowych obowiązujące od dnia 1 stycznia 2008 r. (porozumienie: k.92-96), określone jako załącznik nr 1.4 do umowy o współpracę handlową nr <xAnon>(...)</xAnon>. W porozumieniu tym określono wartość poszczególnych usług, w tym usługi CRM 1a na 5 500 zł i CRM 1b na 3 500 zł, wartość usługi zarządzania budżetem marketingowym 5,8% łącznej wartości zamawianych usług, wartość <xAnon>usługi (...)</xAnon>9,6 % łącznej wartości zamawianych usług.</xText>
          <xText>W dniu 30 grudnia 2008 r. <xAnon> (...) S.A.</xAnon> zawarł z „<xAnon>(...)</xAnon>,- spółka z ograniczoną odpowiedzialnością i Spółka” Spółka Komandytowa kolejną, analogiczną do poprzedniej umowę o współpracy handlowej o nr <xAnon> (...)</xAnon>, obowiązującą od dnia 1 stycznia 2009 r. zastępującą wszystkie dotychczasowe umowy i porozumienia łączące strony (umowa: k.141-148). Do powyższej umowy załączono załącznik nr 1.1 - Informacje Ogólne (k.149-161), załącznik nr 1.2 – Dostawy (k.162-176) i załącznik nr 1.3 – Warunki Handlowe i Płatności (k.177-186). W załączniku nr 1.3 do <xAnon>Umowy nr (...)</xAnon> przewidziano analogiczne rozwiązania w zakresie formy i trybu płatności, jak w Załączniku nr 1.3 Umowy z 2007 roku, w szczególności dotyczące potrącenia jako formy rozliczenia należności przysługujących zamawiającemu, tj. <xAnon>(...)</xAnon>,- sp. z o.o. spółka komandytowa, uwzględnione w pkt. 13-16,18, 22 Załącznika nr 1.3. <xAnon>umowy nr (...)</xAnon>. W załączniku nr 13 zawarto nowe porozumienie dotyczące usługi <xAnon>(...)</xAnon>, w którym określono, że przedmiotem porozumienia jest <xAnon> usługa (...)</xAnon>, w ramach której dostawca miał otrzymać dostęp do danych spółek z <xAnon>(...)</xAnon> za wynagrodzeniem naliczanym zgodnie z pkt. 14 załącznika 1.3 do umowy o współpracę handlową (k.194-199).</xText>
          <xText>W powyższej umowie wprowadzono zaktualizowane definicje usług świadczonych na rzecz dostawcy, w tym usługi zarządzania budżetem marketingowym, innych usług promocyjnych, usługi CRM 1a i 1b oraz definicje premii pieniężnych, a także usługi <xAnon>(...)</xAnon>.</xText>
          <xText>Zgodnie z postanowieniami umownymi zarządzanie budżetem marketingowym to usługa odnosząca się do: 1/ zarządzania portfelem działań promocyjnych dostawcy, w tym polegająca m.in. na udostępnianiu powierzchni do ekspozycji plakatów lub innych materiałów przekazywanych przez dostawcę, udostępnianiu powierzchni w celu umożliwienia przeprowadzenia przez dostawcę promocji towarów w postaci degustacji, prezentacji, animacji, umieszczaniu informacji o produkcie dostawcy na stałym nośniku reklamy lub w tematycznym katalogu wydawanym przez zamawiającego, drukowaniu dystrybucji dostarczonych przez dostawcę materiałów reklamowych, gazetek, wyeksponowaniu logo/marki dostawcy; oraz 2/ zarządzania portfelem działań reklamowych, w tym polegająca m. in. na przygotowaniu planu promocji gazetowych i innych, reklamy w gazetce, drukowaniu informacyjnych gazetek wydawanych przez zamawiającego z produktami dostawcy i dystrybucji tych gazetek, a także umieszczaniu logo dostawcy i reklamy produktów dostawcy na stronie internetowej zamawiającego, jak również innych formach reklamujących produkt i markę dostawcy (<xAnon>umowa nr (...)</xAnon>, załącznik nr 1.1. pkt. 11, k.151; zeznania świadka <xAnon>E. C.</xAnon>k. 1080, zeznania świadka <xAnon>I. B.</xAnon>k.1082-1083, zeznania świadka <xAnon>M. M. (2)</xAnon>k. 1131).</xText>
          <xText>Usługi promocyjne, zgodnie z postanowieniami umownymi mogły obejmować m.in. czynności opisane w pkt. 1.10 Załącznika nr 1.1 „Informacje Ogólne” do Umowy. Należały do nich: udostępnianie powierzchni reklamowych do ekspozycji plakatów lub innych materiałów przekazywanych przez dostawcę, udostępnianie powierzchni celem umożliwienia przeprowadzenia przez Dostawcę promocji towarów w formie degustacji, prezentacji, animacji, umieszczanie dodatkowej wkładki o produktach/marce dostawcy w gazetce wydawanej przez zamawiającego, umieszczanie informacji o produkcie dostawcy na stałym nośniku reklamy lub w tematycznym katalogu wydawanym przez zamawiającego, dystrybucja dostarczonych przez dostawcę materiałów reklamowych, wyeksponowanie logo/marki dostawcy. Zakres i sposób wykonania przedmiotowej usługi ustalane miały być każdorazowo z dostawcą (umowa <xAnon>(...)</xAnon><xAnon>(...)</xAnon>załącznik nr 1.1 pkt. 10, k.52).</xText>
          <xText><xAnon>Usługa (...)</xAnon>, czyli zarządzanie relacjami z klientem zamawiającego to usługa polegająca na opracowaniu projektu koncepcji dostosowania asortymentu dostawcy do wymagań nowego lokalnego rynku na bazie identyfikacji podstawowych grup klientów oraz czynników najsilniej kształtujących świadomość klientów - CRM 1a. Aktualizacja powyższego opracowania w przypadku zmiany parametrów rynkowych określona została jako usługa CRM 1b (umowa <xAnon>(...)</xAnon><xAnon>(...)</xAnon>załącznik nr 1.1 pkt. 14, k.52, <xAnon>umowa nr (...)</xAnon>, załącznik nr 1.1. pkt. 14, k.152; zeznania świadka <xAnon>I. B.</xAnon>k.1082-1083).</xText>
          <xText>Usługa <xAnon>(...)</xAnon>to usługa polegająca na umożliwieniu korzystania z części <xAnon>P.</xAnon>portalu internetowego <xAnon>(...)</xAnon>pozwalająca dostawcy generować różnorakie raporty dotyczące artykułów dostawcy sprzedawanych przez spółki z grupy <xAnon>(...)</xAnon>(<xAnon>umowa nr (...)</xAnon>, załącznik nr 1.1. pkt. 13, k.152, zeznania świadka <xAnon>E. C.</xAnon>k. 1080, zeznania świadka <xAnon>I. B.</xAnon>k.1082-1083, zeznania świadka <xAnon>M. M. (2)</xAnon>k. 1131). Na podstawie <xAnon>umowy nr (...)</xAnon>na rzecz <xAnon>(...)</xAnon>świadczona była usługa MIS – usługa informacji marketingowej, która następnie została zastąpiona <xAnon>usługą (...)</xAnon>.</xText>
          <xText>Zgodnie z pkt. 10 umowy <xAnon> (...)</xAnon> (pkt. 10 załącznika nr 1.1 do <xAnon>umowy nr (...)</xAnon>, k.150.) premia pieniężna okresowa to wynagrodzenie należne zamawiającemu za wszelkie działania zmierzające do zwiększenia satysfakcji konsumenta i efektywnej sprzedaży towarów dostawcy, mierzone w oparciu o nabycie określonej wartości towarów w danym okresie. Premia naliczana była jako procent od wartości obrotu.</xText>
          <xText>Na rok 2009 zawarto porozumienie o warunkach handlowych obowiązujące od dnia 1 stycznia 2009 r. (porozumienie: k.187-191), określone jako załącznik nr 1.4 do umowy o współpracę handlową nr <xAnon>(...)</xAnon>. W porozumieniu tym określono wartość poszczególnych usług, w tym usługi CRM 1a na 5 500 zł i CRM 1b na 3 500 zł, wartość usługi zarządzania budżetem marketingowym 5,8% łącznej wartości zamawianych usług, wartość <xAnon>usługi (...)</xAnon>9,6 % łącznej wartości zamawianych usług. Wprowadzono premię pieniężną okresową o wartości 0,35 % miesięcznie.</xText>
          <xText>W dniu 30 grudnia 2008 r. <xAnon>(...) S.A.</xAnon>zawarł z „<xAnon>(...)</xAnon>,- spółka z ograniczoną odpowiedzialnością i Spółka” Spółka Komandytowa aneks nr 1 do umowy o współpracę handlową nr <xAnon>(...)</xAnon>obowiązujący od dnia 1 stycznia 2009 r. (aneks do umowy: k.200-202), w drodze którego dostawca zamówił dodatkowe usługi promocyjne w okresie od 01 stycznia 2009 roku do 31 grudnia 2009 roku w wymiarze 0,55% obrotu.</xText>
          <xText>Dnia 30 grudnia 2008 r. strony zawarły także aneks nr 2,3 i 4 do umowy o współpracę handlową nr <xAnon>(...)</xAnon>(aneksy do umowy: k.203-211). W drodze postanowień powyższych aneksów dostawca zamówił dodatkowe usługi promocyjne w okresie 01 stycznia 2009 roku do 31 grudnia 2009 roku w wymiarze odpowiednio 100 0000 zł, 300 000 zł i 110 000 zł.</xText>
          <xText>Na rok 2010 zawarto porozumienie o warunkach handlowych obowiązujące od dnia 1 stycznia 2010 r. (porozumienie: k.212-214), określone jako załącznik nr 1.4 do umowy o współpracę handlową nr <xAnon>(...)</xAnon>. W porozumieniu tym określono wartość poszczególnych usług, w tym usługi CRM 1a na 5 500 zł i CRM 1b na 3 500 zł, wartość usługi zarządzania budżetem marketingowym 6,8% łącznej wartości zamawianych usług, wartość <xAnon>usługi (...)</xAnon>10,45 % łącznej wartości zamawianych usług.</xText>
          
          <xText>Zawarcie ww. umów było poprzedzone negocjacjami prowadzonymi w imieniu i na rzecz <xAnon>(...)</xAnon>przez pracownika <xAnon>(...)</xAnon>(dalej: <xAnon>(...)</xAnon>). W spotkaniach negocjacyjnych uczestniczył ze strony <xAnon>(...)</xAnon>wspólnik <xAnon>P. K.</xAnon>, ze strony <xAnon>(...)</xAnon><xAnon>E. D.</xAnon>, ze strony <xAnon>(...)</xAnon>w latach 2008-2010 <xAnon>I. B.</xAnon>, następnie <xAnon>M. N.</xAnon>i <xAnon>E. C.</xAnon>. W trakcie negocjacji umowy z <xAnon>(...)</xAnon>reprezentującym „<xAnon>(...)</xAnon>,- spółka z ograniczoną odpowiedzialnością i Spółka” Spółka Komandytowa, <xAnon>(...) S.A.</xAnon>nie wyrażał zainteresowania żadnymi usługami oferowanymi przez „<xAnon>(...)</xAnon>sp. z o.o. i Spółka” Spółka Komandytowa. <xAnon>(...) S.A.</xAnon>miał wiedzę o włączeniu do umowy postanowień o świadczeniu usług CRM 1, usług marketingowych oraz postanowień o premii pieniężnej na rzecz <xAnon>(...)</xAnon>. Zawarte w 2007 r. i w 2009 r. umowy w zakresie postanowień uwzględniających powyższe usługi było narzucone <xAnon>(...) S.A.</xAnon>Zgoda na ww. usługi stanowiła warunek podpisania umowy i kontynuowania współpracy. <xAnon>(...) S.A.</xAnon>nie korzystał z przedmiotowych usług (zeznania <xAnon>P. K.</xAnon>, prezesa zarządu <xAnon>(...) S.A.</xAnon>k.1132-1134). Od początku negocjacji było wiadome, że nie jest możliwa współpraca z <xAnon>(...)</xAnon>bez płatności za usługi i premii pieniężnej. Przy okazji każdorazowych negocjacji <xAnon>P. K.</xAnon>podnosił temat rezygnacji z opłat. Obie strony miały świadomość, że chodzi w istocie o premię roczną dla <xAnon>(...)</xAnon>, a nie o jakiekolwiek usługi (zeznania <xAnon>P. K.</xAnon>k.1132-1134).</xText>
          <xText>W okresie od dnia 1 kwietnia 2008r. do 31 lipca 2010r. „<xAnon>(...)</xAnon>,- sp. z o.o. i Spółka” Spółka Komandytowa obciążył <xAnon>(...) S.A.</xAnon>łącznie 218 fakturami, załączonymi do akt sprawy XVI 128/12 i XVI 395/11, w tym fakturami z tytułu zarządzania budżetem marketingowym (29 faktur), z tytułu usług promocyjnych (20 faktur), usług CRM (45 faktur), usług transportowych (79 faktur), z tytułu usługi metro lin (35 faktur), z tytułu premii pieniężnej (10 faktur), (faktury wraz ze specyfikacjami płatności, k.215-731 – akta XVI GC 395/11, k.100-118 – akta XVI GC 128/12). Łączna wartość wszystkich faktur z tytułu świadczonych usług i premii pieniężnych stanowi kwotę 6 005 100,46 zł. Każda z faktur wystawionych przez „<xAnon>(...)</xAnon>,- sp. z o.o. i Spółka” Spółka Komandytowa zawierała adnotację, iż „należność zostanie skompensowana” bądź wskazywano kompensatę jako formę płatności.</xText>
          <xText>W przedmiotowym okresie <xAnon> (...) S.A.</xAnon> sprzedawał „<xAnon>(...)</xAnon>,- sp. z o.o. i Spółka” Spółka Komandytowa towary w postaci m.in. zabawek i artykułów kempingowych.</xText>
          <xText>Rozliczenie kwot wynikających z faktur wystawianych przez „<xAnon>(...)</xAnon>,- sp. z o.o. i Spółka” <xAnon> Spółka Komandytowa i (...) S.A.</xAnon> odbywało się w ten sposób, że „<xAnon>(...)</xAnon>,- sp. z o.o. i Spółka” Spółka Komandytowa poprzez agenta płatności <xAnon> (...)</xAnon>.V. płacił należności wynikające z faktur wystawionych przez <xAnon> (...) S.A.</xAnon>, pomniejszając kwoty należne <xAnon> (...) S.A.</xAnon> o wartość wystawionych przez <xAnon> (...) S.A.</xAnon> faktur. Do każdego przelewu dokonanego przez agenta płatności <xAnon> (...)</xAnon>.V. sporządzona była specyfikacja płatności pochodząca od <xAnon> (...)</xAnon>.V., w której wymieniano podlegające rozliczeniu faktury zakupu towarów wystawione przez <xAnon> (...) S.A.</xAnon> oraz faktury wystawione przez „<xAnon>(...)</xAnon>,- sp. z o.o. i Spółka” Spółka Komandytowa dla <xAnon> (...) S.A.</xAnon> Różnica wartości była przelewana na rachunek <xAnon> (...) S.A.</xAnon><xAnon> (...)</xAnon>,- sp. z o.o. i Spółka” Spółka Komandytowa dokonał potrącenia należności z tytułu opłat za usługi z przysługujących <xAnon> (...) S.A.</xAnon> należności z tytułu sprzedaży towarów. W dwóch przypadkach <xAnon> (...) S.A.</xAnon> dokonał płatności bezpośrednio na rachunek bankowy <xAnon> (...)</xAnon>.</xText>
          <xText>Nie uznając powyższych opłat, <xAnon> (...) S.A.</xAnon> wezwał „<xAnon>(...)</xAnon>,- sp. z o.o. i Spółka” Spółka Komandytowa do zapłaty kwoty 5 689 397,57 zł wraz z odsetkami ustawowymi z tytułu faktur wskazanych w wezwaniu w kwocie 1 289 244,41 zł (wezwanie do zapłaty z dnia 16 czerwca 2011 roku: k.741-746). Pismem z dnia 21 października 2011 roku <xAnon> (...) S.A.</xAnon> wezwał <xAnon> (...)</xAnon> do zapłaty kwoty 315 702,89 zł wraz z odsetkami ustawowymi z tytułu faktur wskazanych w wezwaniu w kwocie 4 160,36 zł (wezwanie do zapłaty z dnia 21 października 2011 roku, w aktach sprawy XVI GC 128/12, k.144-145).</xText>
          <xText>W przedmiotowym postępowaniu, w którym rozpoznawane są łącznie dwie sprawy powództwa <xAnon> (...) S.A.</xAnon> przeciwko „<xAnon>(...)</xAnon>,- sp. z o.o. i Spółka” Spółka Komandytowa, <xAnon> (...) S.A.</xAnon> dochodzi łącznie kwoty 7 295 185,98 zł., w tym kwotę 6 005 100,46 zł tytułem należności głównej i kwotę 1 290 085,52 zł tytułem skapitalizowanych odsetek ustawowych wraz z dalszymi odsetkami ustawowymi.</xText>
          <xText>Powyższy stan faktyczny był bezsporny i Sąd ustalił go na podstawie niekwestionowanych dowodów z dokumentów (w tym faktur VAT i specyfikacji płatności) oraz obdarzonych wiarygodnością zeznań świadków <xAnon>E. C.</xAnon> k. 1079-1082, częściowo zeznań <xAnon>I. B.</xAnon> k.1082-1085, częściowo zeznań <xAnon>M. M. (2)</xAnon> k. 1130-1132 i <xAnon>P. K.</xAnon> k.1132-1133. Zeznania świadka <xAnon>J. J.</xAnon> k. 1099-1100 pozbawione były znaczenia dla ustalenia stanu faktycznego w niniejszej sprawie. Zeznania świadka <xAnon>E. C.</xAnon> k. 1081 w zakresie twierdzeń świadka o możliwości negocjacji warunków umowy i możliwości wpływu <xAnon> (...) S.A.</xAnon> na treść warunków handlowych nie znalazły potwierdzenia w zgromadzonym materiale dowodowym, m.in. w treści umów. Zeznania świadka <xAnon>M. M. (2)</xAnon> w zakresie możliwości wpływu powoda na treść gazetek reklamowych pozwanego również nie znalazły potwierdzenia w pozostałym materiale dowodowym.</xText>
          <xText>Sąd oddalił wnioski dowodowe zgłoszone w punkcie 6, 8-10 odpowiedzi na pozew (postanowienie k. 1100-1101). Sąd stanął na stanowisku, iż przeprowadzenie dowodu z opinii biegłego z zakresu marketingu i rachunkowości na okoliczność ustalenia hipotetycznych kosztów przeprowadzenia kampanii reklamowej produktów powoda pozbawione było znaczenia dla sprawy, z uwagi na fakt, iż koszty poniesione przez pozwanego w ramach prowadzonych przez niego kampanii reklamowych nie były sporne, a sprawa dotyczy czynów z zakresu nieuczciwej konkurencji. Pozbawiony znaczenia dla sprawy były dowód z opinii biegłego z zakresu rachunkowości na okoliczność ustalenia sposobu rozliczenia przez powoda kosztów poniesionych na usługi świadczone przez pozwanego w ramach umów, jak i dowód z listy odbiorców towarów powoda, powołany na okoliczność ustalenia jakie ceny hurtowe sprzedaży powód stosuje względem małych kontrahentów i sieci handlowych, a także dowód z wyciągu z ksiąg bankowych powoda powołany na okoliczność kosztów dystrybucji. Powyższe zasługiwały na oddalenie z uwagi na to, iż kwestie rozliczeń rachunkowych i kosztów działań reklamowych nie stanowią przedmiotu niniejszego postępowania, a powód potwierdził, iż zaliczył do kosztów uzyskania przychodu kwoty wynikające z przedmiotowych faktur.</xText>
          
          <xText>
            <xBx>Sąd Okręgowy zważył, co następuje:</xBx>
          </xText>
          <xText>Zgodnie z treścią <xLexLink xArt="art. 15;art. 15 ust. 1;art. 15 ust. 1 pkt. 4" xIsapId="WDU19930470211" xTitle="Ustawa z dnia 16 kwietnia 1993 r. o zwalczaniu nieuczciwej konkurencji" xAddress="Dz. U. z 1993 r. Nr 47, poz. 211">art. 15 ust. 1 pkt. 4 ustawy z dnia 16.04.1993 r. o zwalczaniu nieuczciwej konkurencji</xLexLink> (tekst jednolity: Dz. U. z 2003 r., Nr 153, poz. 1503, ze zm.) czynem nieuczciwej konkurencji jest utrudnianie innym przedsiębiorcom dostępu do rynku poprzez pobieranie innych niż marża handlowa opłat za przyjęcie towaru do sprzedaży. Powodem wprowadzenia tego przepisu (na podstawie ustawy z dnia 05 lipca 2002 r., o zmianie <xLexLink xArt="" xIsapId="WDU19930470211" xTitle="Ustawa z dnia 16 kwietnia 1993 r. o zwalczaniu nieuczciwej konkurencji" xAddress="Dz. U. z 1993 r. Nr 47, poz. 211">ustawy o zwalczaniu nieuczciwej konkurencji</xLexLink>, Dz. U. Nr 126, poz. 1071) była konstatacja, że sklepy wielkopowierzchniowe pobierają od dostawców szczególne opłaty, w tym zwłaszcza za samo wejście do sieci, za reklamę i promocję towarów, za miejsce ekspozycji towarów oraz za wprowadzenie towaru do sieci informatycznej (tak T. Skoczny, w: Komentarz do ustawy o zwalczaniu nieuczciwej konkurencji, 2006, s. 601, i 603). Powstawały zatem sytuacje, w których w razie sprzedaży towarów, świadczenia pieniężne spełniał nie tylko kupujący, ale także sprzedawca (tak E. Nowińska, M. du Vall w: Komentarz do ustawy o zwalczaniu nieuczciwej konkurencji, Lexis Nexis, Warszawa 2008, s. 193). Celem tego przepisu jest wyeliminowanie sytuacji, w której zawarcie umowy sprzedaży zależy od dodatkowego świadczenia pieniężnego po stronie sprzedawcy. Nie oznacza to, że pomiędzy sprzedawcą a kupującym niedopuszczalne jest nawiązywanie relacji umownych, w których po stronie sprzedawcy istnieje obowiązek świadczenia pieniężnego, jednakże pod warunkiem, że ekwiwalentem tego świadczenia jest świadczenie kupującego, inne niż sprzedaż towaru zakupionego od sprzedawcy. Mianowice, gdy przedsiębiorca nabywający towar do dalszej odsprzedaży spełnia na rzecz zbywcy świadczenia niezwiązane z realizacją własnego interesu dotyczącego przedmiotu umowy i niezwiązane ze standardową sprzedażą towarów finalnym odbiorcom, np. na życzenie dostawcy umieszcza w sklepie reklamy o treści przez niego określonej lub z nim uzgodnionej, albo dokonuje szczególnej akcji promocyjnej. Ciężar udowodnienia okoliczności, które miałyby wyłączyć kwalifikację określonego świadczenia jako świadczenia niedopuszczalnego w świetle omawianej regulacji, spoczywa na przedsiębiorcy, który twierdzi, że omawiane unormowanie nie ma zastosowania (tak E. Nowińska, M. du Vall w: Komentarz do ustawy o zwalczaniu nieuczciwej konkurencji, Lexis Nexis, Warszawa 2008, s. 195).</xText>
          <xText>Należy podkreślić, iż w każdym przypadku pobierania innych niż marża handlowa opłat za przyjęcie towaru do sprzedaży dochodzi do popełnienia czynu nieuczciwej konkurencji. Z brzmienia przepisu art. 15 ust. 1 pkt. 4 u.z.n.k. wynika bowiem, że nie jest potrzebne dodatkowe wykazywanie czy w następstwie pobrania dodatkowych opłat miało miejsce utrudnienie dostępu do rynku, sam ustawodawca zakwalifikował takie działanie, jako utrudniające dostęp do rynku. Bez znaczenia jest czy sprzedawca mógł zbyć te towary innym kupującym, oraz czy zbycie towarów przedsiębiorcy pobierającemu takie opłaty jest mniej czy bardziej opłacalne ekonomicznie dla sprzedającego, niż zbycie innemu przedsiębiorcy.</xText>
          <xText>Pojęcie „marża handlowa”, o której mowa w tym przepisie nie jest jasne. Strony negocjują ceny sprzedaży i w tym kontekście marżą kupującego jest różnica pomiędzy uzyskaną przez kupującego ceną odsprzedaży, a ceną zakupu. Ustawodawca nie ingeruje w wysokość ustalanych marż czy cen, z omawianej regulacji wynika jedynie, że na tych uzgodnieniach winny zakończyć się finansowe rozliczenia stron. Istotne jest to, że nie jest dopuszczalne pobieranie opłat za jakiekolwiek świadczenia związane ze standardową sprzedażą towarów ostatecznemu odbiorcy. Po dokonaniu sprzedaży kupujący nie spełnia już żadnych świadczeń na rzecz pierwotnego sprzedawcy. Ogół podejmowanych wówczas przez niego działań promocyjno – marketingowych dotyczących odsprzedawanych towarów, służy korzystnemu zbyciu ich przez kupującego finalnemu odbiorcy. Różnorodność dodatkowych opłat stosowanych przez sklepy wielkopowierzchniowe jest znaczna. Przy kwalifikowaniu ich w oparciu o regulację przedmiotowego deliktu należy wziąć pod uwagą dwa elementy: utrudnienie przedsiębiorcy dostępu do rynku i nieuczciwy charakter takiego utrudnienia. O utrudnianiu dostępu do rynku świadczyć może m. in. praktyka zawierania umów marketingowych towarzyszących umowie sprzedaży towarów do sieci (z każdym dostawcą towarów), zachwianie odpowiedniej, rzeczowej i finansowej relacji porozumień marketingowych (ich częstotliwości i okresów) do sprzedawanej do sieci masy towarowej (zjawisko tzw. nadmarketingu), narzucanie sprzedawcy wielu postaci rabatów (w ramach dostawy tego samego towaru do sieci), dostępu do specjalnych usług, tworzenia niejasnych z punktu widzenia umowy głównej (sprzedaży/dostawy) tzw. budżetów promocyjnych o charakterze tzw. kredytu handlowego, czy zawieranie umów o promocję towaru renomowanego. Element nieuczciwości w działaniu kupującego pojawia się m. in. wówczas, gdy opłaty marketingowe ponoszone przez dostawcę do sieci są niewspółmiernie większym obciążeniem finansowym dla dostawcy, niż koszty stworzenia przez niego samodzielnej akcji marketingowej, tj. bez powiązania jej z umową główną (sprzedaży/dostawy do sieci). Zważyć należy, że przewidziany w art. 15 ust. 1 pkt. 4 u.z.n.k. delikt pobierania innych niż marża handlowa opłat za przyjęcie towaru do sprzedaży może przybrać postać zawieranych obok umowy sprzedaży tego towaru do dużej sieci handlowej, tzw. porozumień marketingowo – promocyjnych (wyrok SN z dnia 12.06.2008 r., III CSK 23/08, OSNC – ZD 2009/1/14). Ten czyn nieuczciwej konkurencji polega więc na dokonaniu czynności prawnej, zawarciu umowy o dodatkowe opłaty, kwalifikowane w sposób wyżej opisany.</xText>
          <xText>Przenosząc te rozważania na grunt niniejszej sprawy Sąd poczynił następujące rozważania. W przedmiotowej sprawie mamy do czynienia z kilkoma dodatkowymi świadczeniami dostawcy na rzecz odbiorcy, towarzyszącymi zawartej umowie współpracy. Przedmiotem tej sprawy są opłaty pobrane przez pozwanego w latach 2008-2011 za świadczenie usług zarządzania budżetem marketingowym, innych usług promocyjnych, usług CRM, usług transportowych, usługi <xAnon>(...)</xAnon>(ew. MIS) oraz pobrane z tytułu premii pieniężnych. Wysokość wynagrodzenia za usługi z upływem czasu zwiększała. W umowach o współpracy były zawarte definicje usług świadczonych przez pozwanego na rzecz powoda. Poza tym w sposób szczególny w umowach wskazano rodzaje zamawianych usług, w tym w poszczególnych latach objętych przedmiotem tej sprawy w umowach wskazano, że dostawca zamówił następujące usługi:</xText>
          <xText>- na 2007 r. - usługa CRM 1a - 5 000 zł i CRM 1b - 3 000 zł, wartość usług reklamowych - 5,8% łącznej wartości zamawianych usług, usługi w ramach budżetu promocyjnego - 4,5% obrotu miesięcznego, usługi MIS - 4,4% łącznej wartości zamawianych usług;</xText>
          <xText>- na 2008 r.- usługa CRM 1a - 5 500 zł i CRM 1b - 3 500 zł, wartość usługi zarządzania budżetem marketingowym - 5,8% łącznej wartości zamawianych usług, wartość <xAnon>usługi (...)</xAnon>- 9,6 % łącznej wartości zamawianych usług;</xText>
          <xText>- na 2009 r. – usługa CRM 1a - 5 500 zł i CRM 1b - 3 500 zł, wartość usługi zarządzania budżetem marketingowym - 5,8% łącznej wartości zamawianych usług, wartość <xAnon>usługi (...)</xAnon>- 9,6 % łącznej wartości zamawianych usług. Wprowadzono premię pieniężną okresową o wartości - 0,35 % miesięcznie;</xText>
          <xText>- na 2010 r. – usługa CRM 1a - 5 500 zł i CRM 1b - 3 500 zł, wartość usługi zarządzania budżetem marketingowym - 6,8% łącznej wartości zamawianych usług, wartość <xAnon>usługi (...)</xAnon>- 10,45 % łącznej wartości zamawianych usług.</xText>
          
          <xText>Jak wynika z powyższego wartość usług zarządzania budżetem marketingowym i usługi <xAnon>(...)</xAnon>wzrastała systematycznie wraz z zawarciem porozumień na kolejne lata.</xText>
          <xText>Fakt obciążenia przez pozwanego fakturami z tytułu wyżej wymienionych usług był okolicznością bezsporną. Bezsporne było również to, że powód obciążył pozwanego fakturami z tytułu sprzedaży towarów, oraz sposób dokonania rozliczenia wzajemnych wierzytelności stwierdzonych tymi dokumentami rozliczeniowymi, poprzez dokonanie zapłaty przez agenta płatności <xAnon> (...)</xAnon>.V. ceny za towar pomniejszonej o wartość wynikającą z faktur wystawionych przez pozwanego.</xText>
          <xText>Pozwany nie kwestionował dowodów, w szczególności faktur i specyfikacji płatności przedstawionych przez powoda na tą okoliczność. Każda z faktur VAT wystawionych przez pozwanego zawierała adnotację, iż wynikająca z nich należność zostanie skompensowana bądź zawierała informację o formie płatności w postaci kompensaty.</xText>
          <xText>Zgodnie z treścią <xLexLink xArt="art. 499" xIsapId="WDU19640160093" xTitle="Ustawa z dnia 23 kwietnia 1964 r. - Kodeks cywilny" xAddress="Dz. U. z 1964 r. Nr 16, poz. 93">art. 499 k.c.</xLexLink> potrącenia dokonywa się przez oświadczenie złożone drugiej stronie. Oświadczenie ma moc wsteczną od chwili, kiedy potrącenie stało się możliwe i nie musi być dokonane w szczególnej formie. Forma tego oświadczenia jest dowolna (M. Pyziak-Szafnicka (w:) System prawa prywatnego, s. 1136), może więc być złożone ustnie, pisemnie, w formie elektronicznej, poza sądem lub w toku sporu sądowego w formie zarzutu lub powództwa wzajemnego (L. Stecki (w:) Kodeks cywilny, s. 498).</xText>
          <xText>Część przedstawicieli doktryny opowiada się za możliwością dorozumianego oświadczenia o kompensacji. Przyjmuje się, że dla skuteczności zarzutu potrącenia przepisy <xLexLink xArt="" xIsapId="WDU19640160093" xTitle="Ustawa z dnia 23 kwietnia 1964 r. - Kodeks cywilny" xAddress="Dz. U. z 1964 r. Nr 16, poz. 93">kodeksu cywilnego</xLexLink> nie przewidują jakiejś ściśle określonej formy. Wystarczy zatem złożyć oświadczenie drugiej stronie (wyrok SA w Warszawie z dnia 17 grudnia 1997 r., I ACr 158/97, Pr. Gosp. 1998, nr 12, s. 38) w każdy sposób, który w dostatecznym stopniu ujawnia treść tego oświadczenia (<xLexLink xArt="art. 60" xIsapId="WDU19640160093" xTitle="Ustawa z dnia 23 kwietnia 1964 r. - Kodeks cywilny" xAddress="Dz. U. z 1964 r. Nr 16, poz. 93">art. 60 k.c.</xLexLink>) – wyrok SN z dnia 12 listopada 1973 r., II CR 606/73, niepubl. Zwolennicy możliwości dokonywania kompensacji w sposób dorozumiany wskazują, że istota kompensacji sprowadza się do skrócenia normalnego trybu zaspokojenia wierzytelności i nawet bez potrącenia, w zwykłym trybie powinny powstać skutki prawne i gospodarcze, jakie kompensacja za sobą pociąga. Zwolennicy odmiennej koncepcji, zważywszy na doniosłe skutki materialnoprawne (umorzenie wierzytelności wzajemnej) oraz prawnoprocesowe (litispendencja i <xIx>res iudicata</xIx>) oraz specyficzny charakter czynności prawnej potrącenia – podnoszą, iż oświadczenie w tym zakresie powinno być dostatecznie wyraźne (wyrok SN z dnia 4 lutego 2000 r., II CKN 730/98, niepubl.) i jednoznacznie precyzować wolę potrącenia (wyrok SA w Warszawie z dnia 26 marca 2009 r., VI ACa 1278/2008, niepubl.).</xText>
          <xText>W przedmiotowej sprawie pozwany w treści faktur wskazywał, iż należność z nich wynikająca podlega kompensacie i płatność zostanie dokonana w formie kompensaty. Również treść łączącej strony umowy o współpracy handlowej zarówno z 2007 roku jak i z 2009 roku wskazuje w zakresie formy płatności na to, iż formą rozliczenia należności pozwanego wobec powoda z wierzytelnościami powoda z tytułu realizacji umowy jest potrącenie wierzytelnością pozwanego wobec. Zgodnie z pkt. 37 (załącznik nr 1.3 do umowy z 2007 roku) i pkt. 16 (załącznik nr 1.3 do umowy z 2008 roku) „w przypadku potrącenia wierzytelności wobec dostawy tytuł przelewu lub specyfikacja przelewu wymieniająca zobowiązania i należności dostawcy stanowi oświadczenie danego zamawiającego o dokonaniu potrącenia”.</xText>
          <xText>Na podstawie treści adnotacji umieszczanych na fakturach oraz treści umów łączących strony należy uznać, iż pozwany wyraźnie w treści wystawionej przez niego faktury złożył oświadczenie, że potrąca swoją wierzytelność z wierzytelności drugiej strony. Wierzytelność została skonkretyzowana pod względem rodzajowym, terminowym i wartościowym, w tym dokładnie określono kwoty pieniężne, w jakiej ta wierzytelność się wyraża, co stanowi warunek skuteczności oświadczenia o potrąceniu (wyrok SN z dnia 20 grudnia 2006 r. IV CSK 299/2006, niepubl.; wyrok SN z dnia 30 maja 1968 r., II PR 202/68, niepubl.; wyrok SN z dnia 4 lutego 2000 r., II CKN 730/98, niepubl.; wyrok SA w Warszawie z dnia 26 marca 2009 r., VI ACa 1278/2008, niepubl). Faktyczne potwierdzenia dokonywanych potrąceń należności znalazło także potwierdzenie w dokumentach o nazwie specyfikacja płatności sporządzanych przez agenta płatności <xAnon> firmę (...)</xAnon>.V. co może stanowić również za złożeniem oświadczenia o potrąceniu w sposób dorozumiany. Pozwany wyraził w ten sposób wolę zatrzymania (nie wypłacenia) części należności powoda wynikających ze sprzedanych pozwanemu towarów.</xText>
          <xText>W związku z powyższym ustalono, że doszło do pobrania przez pozwanego należności za przedmiotowe usługi z należności powoda z tytułu sprzedanych przez niego towarów. Zważyć przy tym należy, że pozwany nie twierdził w przedmiotowym procesie, że powód nie dokonał zapłaty należności objętych wystawionymi przez niego fakturami. Nie twierdził również, aby zapłacił powodowi należności z faktur wystawionych z tytułu sprzedaży towarów.</xText>
          <xText>Pobranie kwoty 6 005 100,46 zł z ceny sprzedanego towaru oznacza, że pozwany uzyskał towar o wartości wyższej niż dokonana zapłata. Jest to korzyść o której mowa w art. 18 ust. 1 pkt. 5 u.z.n.k. (por. postanowienie SN z dnia 16.10.2009 r., I CSK 230/09). Mamy zatem do czynienia z uzyskaniem przez pozwanego korzyści majątkowej, kosztem powoda, który nie otrzymał zapłaty ceny za sprzedany towar w pełnej wysokości. Korzyść ta została uzyskana bez podstawy prawnej, wskutek popełnienia czynu nieuczciwej konkurencji. Wskazać również przy tym należy, że przepis art. 18 ust. 1 pkt. 5 u.z.n.k. stanowi samoistną podstawę dochodzenia roszczeń. Sąd w pełni podziela stanowisko SN wyrażone w uchwale z dnia 19 sierpnia 2009 r. ( III CZP 58/09, OSNC 2010/3/37): <xIx>„Na podstawie <xLexLink xArt="art. 18;art. 18 ust. 1;art. 18 ust. 1 pkt. 5" xIsapId="WDU19930470211" xTitle="Ustawa z dnia 16 kwietnia 1993 r. o zwalczaniu nieuczciwej konkurencji" xAddress="Dz. U. z 1993 r. Nr 47, poz. 211">art. 18 ust. 1 pkt. 5 ustawy z dnia 16 kwietnia 1993 r. o zwalczaniu nieuczciwej konkurencji</xLexLink> (jedn. tekst: Dz.U. z 2003 r. Nr 153, poz. 1503 ze zm.) strona może - niezależnie od innych roszczeń wynikających z umowy - dochodzić zwrotu bezpodstawnie uzyskanych korzyści z tytułu pobrania innych niż marża handlowa opłat za przyjęcie towaru do sprzedaży”.</xIx> W uzasadnieniu tej uchwały SN jednoznacznie przyjął, iż dopuszczalne jest dochodzenie ochrony na podstawie art. 18 ust. 1 pkt. 5 u.z.n.k. bez potrzeby sięgania do konstrukcji nieważności umowy (<xLexLink xArt="art. 58" xIsapId="WDU19640160093" xTitle="Ustawa z dnia 23 kwietnia 1964 r. - Kodeks cywilny" xAddress="Dz. U. z 1964 r. Nr 16, poz. 93">art. 58 k.c.</xLexLink>).</xText>
          <xText>Powód twierdził, że opłaty za wyżej wymienione usługi i premie pieniężne stanowiły inne niż marża handlowa opłaty za przyjęcie towaru do sprzedaży. Pozwany zaś twierdzenie to kwestionował podnosząc szereg zarzutów przeciwko żądaniu pozwu (odpowiedź na pozew: k.761-796). Na tle szerokiej argumentacji przedstawiającej zasady i sposób prowadzenia działalności gospodarczej przez pozwanego, wpisanej w reguły nowoczesnego handlu, w którym usługi świadczone przez sieci dystrybucyjne towarzyszą umowie sprzedaży, a działalność sieci handlowych nie polega wyłącznie na zakupie od dostawców i dalszej odsprzedaży towarów, ale obejmuje także świadczenie usług, których celem jest zwiększenie sprzedaży, pozwany wyeksponował korzyści wynikające dla przedsiębiorców ze współpracy z sieciami handlowymi, polegające na możliwości skoncentrowania działalności na produkcji lub imporcie, przy jednoczesnym pozostawieniu zbytu podmiotom zajmującym się profesjonalnie dystrybucją towarów wśród odbiorców. W związku z tym pozwany zarzucił, że nie ma podstaw do przyjęcia tezy, iż dopuścił się zarzucanego czynu nieuczciwej konkurencji.</xText>
          <xText>W ocenie Sądu okoliczność, iż usługi były określone w umowie o współpracy i indywidualnie uzgadniane z dostawcą w trakcie negocjacji, nie przesądza o braku podstaw do kwalifikacji na podstawie art. 15 ust. 1 pkt. 4 u.z.n.k. W związku z argumentacją pozwanego kwestionującą kwalifikację pobranego wynagrodzenia za usługi, jako innych niż marża handlowa opłat za przyjęcie towaru do sprzedaży, Sąd w dalszej kolejności rozważył charakter prawny przedmiotowych opłat.</xText>
          <xText>Powód oparł żądanie na twierdzeniu, że większość z usług przewidzianych w umowie miała charakter fikcyjny, ponieważ, o ile były wykonywane, to nie na rzecz powoda, gdyż sprzedane towary stanowiły już własność pozwanego i powód nie miał żadnego interesu gospodarczego w ich reklamowaniu. Poza tym powód zaprzeczył aby otrzymywał jakiekolwiek efekty usług określonych jako usługi CRM oraz usług zarządzania marketingowego i innych usług promocyjnych. Powód podniósł także, iż nie korzystał z usługi <xAnon>(...)</xAnon>. Wszelkie opłaty z tytułu powyższych usług były <xIx>de facto</xIx> opłatami za współpracę z pozwanym. W odniesieniu do premii pieniężnych i usług transportowych powód wywiódł, że były one pochodną wysokości obrotu, co oznacza, że jedyną przesłankę ich pobrania i wysokości stanowiły zamówienia na towary powoda, składane przez pozwanego. Wysokość premii była uzależniona wyłącznie od ilości przyjętego od powoda towaru bez żadnych świadczeń wzajemnych ze strony pozwanego. Sąd nie podziela stanowiska pozwanego, iż skutkiem współpracy stron była korzyść dla powoda w postaci zwiększenia zamówień.</xText>
          <xText>Pozwany podniósł argumenty świadczące w jego ocenie o wykonaniu usług i akceptowaniu ich przez powoda. W pierwszej kolejności powołał się na faktury przyjęte przez powoda i nie kwestionowane (zaksięgowane) z tytułu usług CRM, zarządzania budżetem marketingowym, MIS, <xAnon>(...)</xAnon>, usług transportowych i innych usług promocyjnych. Poza tym pozwany wskazał, że powód potwierdził wykonanie na jego rzecz przedmiotowych usług; wskazał na definicje usług zawarte w umowach o współpracy oraz ich zastosowanie w praktyce. Pozwany podnosił, iż warunki umów o współpracę podlegały negocjacjom obu stron. Zgodnie z orzeczeniem Sądu Apelacyjnego w Warszawie sygn. akt I ACa 707/10, z punktu widzenia przepisu art. 15 ust. 1 pkt 4 u.z.n.k., nie ma znaczenia, czy postanowienia umowne, zastrzegające prawo kupującego do wskazanych tam niedozwolonych opłat, były przez strony negocjowane i w jakim stopniu.</xText>
          <xText>Mając na względzie definicje usług zawarte w umowach o współpracy Sąd doszedł do przekonania, że pozwany przedstawił jedynie dowód na okoliczność umieszczenia zdjęć towarów zakupionych od powoda w gazetkach reklamowych, a działania te w ograniczonym zakresie wpisały się w zakres usługi promocyjnej i zarządzania budżetem marketingowym. Zważyć bowiem należy, że zgodnie z umową usługi reklamowe to świadczenia zamawiającego na rzecz dostawcy obejmujące szeroki wachlarz działań zmierzających do kreowania wizerunku, marki i/lub aktualnego postrzegania firmy dostawcy. Usługi te w szczególności mogły obejmować plan promocji gazetowych i innych oraz reklamę w gazetce itp. Zdaniem Sądu umieszczenie zdjęć towarów zakupionych od powoda w gazetkach reklamowych, bez żadnej informacji o pochodzeniu tych towarów od powoda, nie stanowiło o wykonaniu zdefiniowanej usługi reklamowej. Obok zdjęć tych towarów umieszczano jedynie opis artykułu (asortyment, rozmiar, model) oraz cenę. Nie można zatem dostrzec w takim działaniu jakichkolwiek przejawów promowania marki dostawcy, postrzegania jego firmy, skoro nie podano informacji na temat tej marki/firmy. Tego rodzaju działanie nie miało nic wspólnego z podnoszeniem wśród klientów świadomości marki, podkreślaniem walorów jakościowych towarów dostarczonych przez powoda. Przedmiotowe akcje reklamowe polegały po prostu na sprzedaży produktów biorących w nich udział po niższych cenach finalnemu odbiorcy, z dodatkowym wsparciem tej sprzedaży poprzez umieszczenie zdjęć towarów w gazetkach promocyjnych. Gazetki służyły zaprezentowaniu własnej oferty pozwanego poprzez wystarczająco jasne zidentyfikowanie produktu objętego promocją. W tej sytuacji brak jest podstaw do ustalenia, że w zamian za poniesione opłaty powód otrzymywał od pozwanego ekwiwalentne świadczenie, inne niż sprzedaż towaru. Definicja usługi reklamowej zawarta w umowie jest wystarczająco jednoznaczna, nie ma podstaw do kwalifikowania jako usługi reklamowej działań, poprzez które nie była identyfikowana marka dostawcy. <xAnon>P. K.</xAnon> podniósł iż powód nie miał możliwości decydowania o tym jakie towary zostaną umieszczone w poszczególnych gazetkach (k.1133). Pozwany nie wykazał okoliczności przeciwnej.</xText>
          <xText>W ocenie Sądu, w celu uwolnienia się od odpowiedzialności na podstawie u.z.n.k. pozwany winien był przede wszystkim udowodnić, że pobrane opłaty za usługi marketingowe, usługi CRM, usługa <xAnon>(...)</xAnon>i usługi transportowe oraz premie pieniężne stanowiły ekwiwalent rzeczywiście wykonanych na rzecz powoda świadczeń, niezwiązanych jedynie z realizacją własnego interesu polegającego na korzystnym zbyciu zakupionych od powoda towarów finalnemu odbiorcy. W ocenie Sądu pozwany nie wykazał okoliczności pozwalających na ustalenie, że nie mamy do czynienia z opisywanym deliktem. Podnieść należy, że wyrażenie przez powoda zgody na obciążenie przedmiotowymi opłatami było warunkiem zawarcia umowy i kontynuowania współpracy, zasadnym było ustalenie, iż opłaty zostały jednostronnie narzucone powodowi. Powód chcąc skorzystać z możliwości dotarcia do konsumentów, będących odbiorcami jego towarów, z uwagi na duży udział w tym rynku sklepów wielkopowierzchniowych, takich jak m. in. <xAnon>(...)</xAnon>był zmuszony do zaakceptowania określonych przez pozwanego warunków współpracy. Natomiast wobec zaangażowania dużych środków finansowych w okresie trwającej współpracy, aby osiągnąć zyski był zmuszony przez długi czas akceptować rosnące z roku na rok wymagania finansowe pozwanego. Okoliczność nie podlegania negocjacjom uzasadnia ustalenie, iż <xAnon>(...)</xAnon>jednostronnie narzucił powodowi przedmiotowe opłaty. Niezależnie od opłat za usługi powód ponosił opłaty z tytułu premii naliczanych od całego dostarczonego towaru. Zważyć należy, że pozwany nie przejawił inicjatywy w kierunku wykazania ekwiwalentności opłat, jakimi obciążał powoda w stosunku do wartości „usług”. W ocenie Sądu uzasadnione jest w związku z tym ustalenie, że umieszczenie zdjęć produktów objętych promocją w gazetkach miało na celu wsparcie promocji i uzyskanie jak najwyższych wyników sprzedaży, pozwany czynił to mając na celu przede wszystkim własną korzyść wynikającą ze zwiększenia zainteresowania klientów promowanymi artykułami, sprzedawanymi po obniżonych cenach. Umieszczenie zdjęć produktów w tego rodzaju wydawnictwie stanowi co do zasady działanie reklamowe, jednakże w przedmiotowym stanie faktycznym brak jest podstaw do ustalenia, że pozwany świadczył w ten sposób jakiekolwiek usługi na rzecz powoda, aby realizował w ten sposób jego interes. Gazetki reklamowe w czasie, gdy trafiały do klientów pozwanego promowały towar stanowiący własność pozwanego. Bez znaczenia jest przy tym okoliczność czy powód w związku z tym osiągał korzyści związane ze zwiększeniem sprzedaży pochodzących od niego towarów. Powyższe argumenty doprowadziły do ustalenia, że opłaty za usługi reklamowe stanowiły opłaty półkowe w rozumieniu art. 15 ust. 1 pkt. 4 u.z.n.k.</xText>
          <xText>W odniesieniu do usługi zarządzania budżetem marketingowym i innych usług promocyjnych pozwany nie przedstawił dowodów ich wykonania. Usługi te miały polegać m.in. na udostępnianiu powierzchni do ekspozycji plakatów lub innych materiałów przekazywanych przez dostawcę, udostępnianiu powierzchni w celu umożliwienia przeprowadzenia przez dostawcę promocji towarów, dystrybucji dostarczonych przez dostawcę materiałów reklamowych, wyeksponowaniu logo/marki dostawcy. Dokument potwierdzenia wykonania usług wystawiony przez pozwanego nie zawierał żadnych informacji o tym, na czym w konkretnym przypadku miało polegać wykonanie usługi. Zeznania świadków w tym zakresie również nie pozwoliły na dokonanie ustaleń co do rzeczywistego zakresu wykonania działań promocyjnych na rzecz powoda. Wynagrodzenie z zarządzanie budżetem marketingowym wynosiło co najmniej 5,8% obrotów. Pozwany nie twierdził i nie przedstawił żadnych dowodów na okoliczność, iż przeprowadzone według niego działania promocyjne miały w istocie tak dużą wartość. „Oderwanie” wysokości wynagrodzenia od rzeczywistej wartości usługi świadczy niewątpliwe o tym, że pobrana opłata nie stanowiła ekwiwalentu świadczenia niepieniężnego, a jej ustalenie na etapie negocjacji, bez żadnego związku z przewidywanymi działaniami promocyjnymi uzasadnia kwalifikację pobranej opłaty na podstawie art. 15 ust. 1 pkt 4 u.z.n.k.</xText>
          <xText>Podobnie pozwany nie udowodnił wykonania usług CRM 1a i CRM 1b na rzecz powoda. Zgodnie z umowami usługi CRM miały polegać na opracowaniu koncepcji dostosowania asortymentu dostawcy do wymagań nowego lokalnego rynku albo odmiennych wymagań lokalnych rynków. Zeznania świadków opierały się jedynie o założenia zastosowania w praktyce powyższych usług, jednakże brak dowodów na to czy te usługi i jak były świadczone na rzecz powoda (zeznania świadków <xAnon>E. C.</xAnon>k. 1079-1082, <xAnon>I. B.</xAnon>k.1082-1085, zeznań <xAnon>M. M. (2)</xAnon>k. 1130-1132). Biorąc pod uwagę zakres przekazywanych informacji, powszechnie dostępnych, informacje te nie stanowiły o dokonaniu przez pozwanego analizy rynku pod kątem asortymentu danego dostawcy.</xText>
          <xText>Pozwany nie udowodnił wykonania <xAnon> usługi (...)</xAnon>, w ramach której dostawca miał otrzymać dostęp do danych spółek z <xAnon>(...)</xAnon>, które służą do wielu procesów poprzez różne systemy i aplikacje, w szczególności dostęp do części <xAnon>P.</xAnon> portalu <xAnon>(...)</xAnon> (<xAnon>(...)</xAnon>), w której udostępnia się aplikację <xAnon> Hurtownia (...)</xAnon> (<xAnon>(...)</xAnon>) – system umożliwiający generowanie online raportów dotyczących artykułów dostawcy sprzedawanych poprzez sieci handlowe <xAnon>(...)</xAnon>. Pozwany wskazał jedynie iż Token i login niezbędny do korzystania z powyższego został przekazany powodowi, nie wskazują nawet terminu przekazania powyższych danych i dowodów na ich poprawność. Samo udostępnienie nie świadczy o sprawności i poprawnym funkcjonowaniu tak loginu i numeru token jak i całego systemu <xAnon>(...)</xAnon> i dostępnych w nich baz danych. Jak wynika ze zgromadzonego materiału dowodowego <xAnon> usługa (...)</xAnon> i dostępne przy jej pomocy dane o stanie magazynowym hal powoda nie były potrzebne dla sprawnej współpracy stron w ramach głównego przedmiotu łączącej strony umowy handlowej. Powód dostarczał towary na rzecz pozwanego zgodnie z czynionymi na bieżąco ustaleniami.</xText>
          <xText>Na podstawie powyższego sąd stoi na stanowisku, iż <xAnon> usługa (...)</xAnon> została narzucona powodowi. Powód nie korzystał z tej usługi, nie wyrażał chęci włączenia jej do treści łączącej strony umowy, a dane dostępne za pośrednictwem portalu <xAnon>(...)</xAnon> nie były mu potrzebne. Mając na uwadze powyższe opłaty za <xAnon> usługę (...)</xAnon> zakwalifikowano na podstawie art. 15 ust. 1 pkt 4 u.z.n.k. jakoo czyn nieuczciwej konkurencji.</xText>
          <xText>Również postanowienia umowne w zakresie świadczenia przez pozwanego na rzecz powoda usług transportowych należało uznać za narzucone powodowi. Usługi te były świadczone w rzeczywistości przez <xAnon>(...)</xAnon>, która działała na zlecenie pozwanego i polegała na rozwożeniu towaru zakupionych od powoda do marketów pozwanego zlokalizowanych w różnych miejscach w całym kraju (zeznania <xAnon>I. B.</xAnon>, k. 1083). Zgodnie z twierdzeniami powoda, on jako przedsiębiorca współpracuje firmami transportowymi we własnym zakresie. Wobec tego usługi pozwanego były mu zbędne i nie miał woli wprowadzenia ich do postanowień umownych. Zdaniem pozwanego trudno się godzić na rozliczanie transportu jako % od wartości towaru, podczas gdy przewoźnik nie ma informacji ile wart jest dany towar. Powyższe okoliczności jednoznacznie wskazują, iż usługa transportowa została narzucona powodowi i jej włączenie w postanowienia umowne stanowiło warunek współpracy stron.</xText>
          <xText>Premia pieniężna naliczana była na rzecz pozwanego po dokonaniu przez niego zakupu towarów należących do powoda. Premia ta była wynagrodzeniem dla pozwanego za zwiększenie efektywności sprzedaży w marketach. Była naliczana procentowo od wartości obrotu. Im większy był obrót tym większa była premia. Powód wskazał, że premia była związana z dokonywaniem przez pozwanego zamówień na towary powoda. Biorąc pod uwagę okoliczność, że akceptacja premii dla pozwanego przez powoda stanowiła istotny warunek nawiązania współpracy i swoiste wynagrodzenie za sprzedaż produktów dostarczonych przez powoda, nie miała ona uzasadnienia ekonomicznego, ani prawnego, będąc świadczeniem nieekwiwalentnym. W odniesieniu do tej opłaty brak jest jakichkolwiek przesłanek uzasadniających pobranie. Istotne jest to, że na etapie po dokonaniu sprzedaży towarów finalnym odbiorcom pozwanego, nie ma miejsca na kalkulowanie ceny sprzedaży od pierwotnego dostawcy. Na etapie negocjowania umowy jest czas na ustalanie ceny towarów i na tych uzgodnieniach winny zakończyć się finansowe rozliczenia stron. Sama nazwa tej opłaty – premia czy rabat, sugeruje, że jest to swoiste wynagrodzenie za sprzedaż w ogóle lub za określony poziom sprzedaży. Gdyby nawet uznać, że jest to jeden z elementów składających się na wysokość ceny, to nie ma uzasadnienia aby wysokość ceny za towar miała zależeć od wielkości sprzedaży finalnym odbiorcom, ponieważ w takiej sytuacji <xIx>de facto</xIx> cena uzależniona jest od „świadczenia”, które stanowi standardową sprzedaż towarów ostatecznym odbiorcom.</xText>
          <xText>Zgodnie z wyrokiem Sądu Apelacyjnego w Poznaniu z dnia 13 października 2010 r. I ACa 707/10 dla oceny, czy świadczenia pieniężne uiszczane przez dostawcę mają charakter niedozwolonych opłat za przyjęcie towaru do sprzedaży, w rozumieniu przepisu art. 15 ust. 1 pkt 4 u.z.n.k., nie mają decydującego znaczenia zarówno forma zastrzeżenia tego rodzaju świadczeń, jak i użyte dla ich określenia nazewnictwo. Jeżeli na sprzedawcę, również w formie tzw. umów promocyjnych, zostają nałożone obowiązki dodatkowych świadczeń pieniężnych, należy domniemywać, że w ten sposób uiszczana jest w rzeczywistości zabroniona opłata za przyjęcie towaru do sprzedaży. Sprzedający korzysta w takim przypadku z ułatwienia dowodowego w wykazywaniu popełnienia przez kupującego czynu niedozwolonej konkurencji, o jakim mowa w art. 15 ust. 1 pkt 4 u.z.n.k. Wystarczające będzie wykazanie przez niego, że, poza obowiązkami wynikającymi z typowej umowy sprzedaży, uiszczał na rzecz kupującego dodatkowe należności w pieniądzu (tzw. dowód prima facie). Reasumując, skoro premia i rabat były opłatami za sprzedaż, to ich pobranie stanowiło klasyczny przykład pobrania tzw. opłaty półkowej, za przyjęcie towaru do sprzedaży, nie będącej marżą handlową.</xText>
          <xText>Należy podkreślić, że w każdym przypadku pobierania innych niż marża handlowa opłat za przyjęcie towaru do sprzedaży dochodzi do popełnienia czynu nieuczciwej konkurencji niezależnie od wykazania przez powoda utrudniania dostępu do rynku na skutek działań pozwanego. Wskazanie w przepisie art. 15 ust. 1 pkt 4 u.z.n.k. jako formy utrudniania dostępu do rynku pobierania innych niż marża handlowa opłat za przyjęcie towaru do sprzedaży ma ten skutek, że w przypadkach stanów faktycznych objętych hipotezą tej normy, nie jest konieczne dodatkowo wykazywanie, iż nastąpiło w jego wyniku utrudnienie dostępu do rynku. Sam ustawodawca przesądził bowiem, że tego rodzaju, stypizowane ("nazwane") ustawowo zachowanie staje się, <xIx>per se</xIx>, czynem niedozwolonej konkurencji, a więc, że utrudnia ono dostęp do rynku (wyrok Sądu Apelacyjnego w Poznaniu z dnia 13 października 2010 r. I ACa 707/10).</xText>
          <xText>W związku z powyższym wszystkie sporne opłaty zakwalifikowano jako inne niż marża handlowa opłaty za przyjęcie towaru do sprzedaży (art. 15 ust. 1 pkt. 4 u.z.n.k.) i na podstawie art. 18 ust. 1 pkt 5 u.z.n.k. zasądzono należności główne dochodzone przez powoda.</xText>
          <xText>Roszczenie powoda w pozostałym zakresie, tj. w zakresie kwot 1 285 925,16 zł i 4160,36 zł należało oddalić. Sąd nie znalazł podstaw do zakwalifikowania odsetek skapitalizowanych wyliczonych przez powoda jako pożytków cywilnych w oparciu o <xLexLink xArt="art. 53;art. 53 § 2" xIsapId="WDU19640160093" xTitle="Ustawa z dnia 23 kwietnia 1964 r. - Kodeks cywilny" xAddress="Dz. U. z 1964 r. Nr 16, poz. 93">art. 53 § 2 k.c.</xLexLink>, gdyż pożytkami cywilnymi są dochody, które rzecz przynosi na podstawie stosunku prawnego. W przedmiotowej sprawie nie można przyjąć, by odsetki miały wynikać z jakiegokolwiek stosunku prawnego łączącego strony. Zaliczenie określonych dochodów do pożytków wskazuje na podmioty uprawnione do ich otrzymania, z reguły właściciela rzeczy (zawarte w treści prawa własności, według <xLexLink xArt="art. 140" xIsapId="WDU19640160093" xTitle="Ustawa z dnia 23 kwietnia 1964 r. - Kodeks cywilny" xAddress="Dz. U. z 1964 r. Nr 16, poz. 93">art. 140</xLexLink><xIx>
     ius fruendi</xIx>), ale i użytkownika (<xLexLink xArt="art. 252" xIsapId="WDU19640160093" xTitle="Ustawa z dnia 23 kwietnia 1964 r. - Kodeks cywilny" xAddress="Dz. U. z 1964 r. Nr 16, poz. 93">art. 252</xLexLink>), dzierżawcę (<xLexLink xArt="art. 693;art. 693 § 1" xIsapId="WDU19640160093" xTitle="Ustawa z dnia 23 kwietnia 1964 r. - Kodeks cywilny" xAddress="Dz. U. z 1964 r. Nr 16, poz. 93">art. 693 § 1</xLexLink>), a nawet posiadacza w dobrej wierze bez tytułu prawnego (<xLexLink xArt="art. 224" xIsapId="WDU19640160093" xTitle="Ustawa z dnia 23 kwietnia 1964 r. - Kodeks cywilny" xAddress="Dz. U. z 1964 r. Nr 16, poz. 93">art. 224</xLexLink>). Typowym przykładem pożytków cywilnych z rzeczy jest czynsz z tytułu najmu lokali czy dzierżawy przedsiębiorstwa lub gospodarstwa rolnego (wyr. NSA w Warszawie z dnia 20 lutego 1996 r., II SA 442/95). Wobec powyższego, roszczenie powoda w kwocie 1 290 085,52 zł nie zasługiwało na uwzględnienie.</xText>
          <xText>Nie było również podstaw do zasądzenia powyższej kwoty jako skapitalizowanych odsetek od należności głównej, na dzień 22 czerwca 2011 roku i 28 października 2011 roku. Zgodnie z wyrokiem Sądu Najwyższego z dnia 8 lipca 2010 r. II CSK 126/10 zobowiązanie o zwrot nienależytego świadczenia należy do kategorii zobowiązań bezterminowych, w których dla ustalonego określenia terminu wykonania zobowiązania (spełnienia świadczenia) niezbędne jest wezwanie dłużnika przez wierzyciela określone w <xLexLink xArt="art. 455" xIsapId="WDU19640160093" xTitle="Ustawa z dnia 23 kwietnia 1964 r. - Kodeks cywilny" xAddress="Dz. U. z 1964 r. Nr 16, poz. 93">art. 455 k.c.</xLexLink> Zgodnie z przywołanym przepisem jeżeli termin spełnienia świadczenia nie jest oznaczony ani nie wynika z właściwości zobowiązania, świadczenie powinno być spełnione niezwłocznie po wezwaniu dłużnika do wykonania. Roszczenie wynikające z zobowiązania bezterminowego, obejmującego zwrot nienależycie spełnionego świadczenia (<xLexLink xArt="art. 410;art. 410 § 1" xIsapId="WDU19640160093" xTitle="Ustawa z dnia 23 kwietnia 1964 r. - Kodeks cywilny" xAddress="Dz. U. z 1964 r. Nr 16, poz. 93">art. 410 § 1 k.c.</xLexLink>), staje się wymagalne w dniu, w którym świadczenie powinno być spełnione, gdyby wierzyciel wezwał dłużnika do wykonania zobowiązania w najwcześniej możliwym terminie (<xLexLink xArt="art. 120;art. 120 § 1" xIsapId="WDU19640160093" xTitle="Ustawa z dnia 23 kwietnia 1964 r. - Kodeks cywilny" xAddress="Dz. U. z 1964 r. Nr 16, poz. 93">art. 120 § 1</xLexLink> zd. II <xLexLink xArt="" xIsapId="WDU19640160093" xTitle="Ustawa z dnia 23 kwietnia 1964 r. - Kodeks cywilny" xAddress="Dz. U. z 1964 r. Nr 16, poz. 93">k.c.</xLexLink> w zw. z <xLexLink xArt="art. 455" xIsapId="WDU19640160093" xTitle="Ustawa z dnia 23 kwietnia 1964 r. - Kodeks cywilny" xAddress="Dz. U. z 1964 r. Nr 16, poz. 93">art. 455 k.c.</xLexLink>) i to niezależnie od stanu świadomości uprawnionego co do przysługiwania mu roszczenia kondykcyjnego. W zobowiązaniu bezterminowym czas spełnienia świadczenia zależy od inicjatywy wierzyciela. Wezwanie do zapłaty przekształca zobowiązanie z bezterminowego w terminowe. W aktach niniejszej sprawy znajdują się wezwania do zapłaty z dnia 16 czerwca 2011 roku i z dnia 21 października 2011 roku skierowane przez powoda do pozwanej, w których zakreślono terminy zapłaty. Odsetki od należności głównej zasądzono od dnia następnego po wskazanych terminach zapłaty, na podstawie <xLexLink xArt="art. 481;art. 481 § 1;art. 481 § 2" xIsapId="WDU19640160093" xTitle="Ustawa z dnia 23 kwietnia 1964 r. - Kodeks cywilny" xAddress="Dz. U. z 1964 r. Nr 16, poz. 93">art. 481 § 1 i 2 k.c.</xLexLink></xText>
          
          <xText>O kosztach procesu orzeczono w punktach III wyroku na podstawie <xLexLink xArt="art. 100" xIsapId="WDU19640430296" xTitle="Ustawa z dnia 17 listopada 1964 r. - Kodeks postępowania cywilnego" xAddress="Dz. U. z 1964 r. Nr 43, poz. 296">art. 100 k.p.c.</xLexLink>, zgodnie z zasadą stosunkowego rozdzielenia kosztów w razie częściowego uwzględnienia żądań. W sprawie o zapłatę kwoty 6 975 322,73 zł stroną wygrywającą proces w 81,60% była strona powodowa. Powód poniósł koszty opłaty od pozwu – 100 000 zł, wynagrodzenia pełnomocnika wg stawki minimalnej 7 217 zł oraz udokumentowane koszty dojazdu do Sądu pełnomocnika powoda (k.1109-1129) – 2 361,08 zł, łącznie 109 578,08 zł, z czego 81,60% stanowi kwotę 89 415,71 zł. Pozwany poniósł koszty wynagrodzenia pełnomocnika według stawki minimalnej – 7 217 zł, z czego 18,40% stanowi kwotę 1 327,92 zł. Różnicę w kwocie 88 087,79 zł zasądzono od pozwanego na rzecz powoda. Zasadność przyznania kosztów przejazdu poniesionych przez pełnomocnika powoda znajduje swe oparcie w treści uchwały Sądu Najwyższego z dnia 18 lipca 2012 r., III CZP 33/12, zgodnie z którą „strona przegrywająca sprawę obowiązana jest zwrócić przeciwnikowi zastępowanemu przez pełnomocnika będącego adwokatem koszty jego przejazdu do sądu, jeżeli w okolicznościach sprawy były one niezbędne do celowego dochodzenia praw i celowej obrony”.</xText>
          <xText>W sprawie o zapłatę kwoty 319 864 zł stroną wygrywającą proces w 98,70% była także strona powodowa. Powód poniósł koszty opłaty od pozwu – 15 994 zł, wynagrodzenia pełnomocnika wg stawki minimalnej 7 217 zł, łącznie 23 211 zł, z czego 98,70% stanowi kwotę 22 909,25 zł. Pozwany poniósł koszty wynagrodzenia pełnomocnika według stawki minimalnej – 7 217 zł, z czego 1,30% stanowi kwotę 93,82 zł. Różnicę w kwocie 22 815,43 zł zasądzono od pozwanego na rzecz powoda.</xText>
        </xUnit>
      </xBlock>
    </xPart>
  </judgement>
<judgement id="154505000005127_XVII_AmC_005414_2012_Uz_2013-03-28_001">
    <xPart xEditorFullName="Wioleta Żochowska" xYear="2012" xLang="PL" xPublisherFullName="Beata Sierpińska" xFromPg="1" xEditor="wzochowska" xVolType="15/450500/0005127/AmC" xPublisher="bsierpinska" xDocType="Uz" xVolNmbr="005414" xVersion="1.0" xToPage="2" xFlag="published">
      <xName>Wyrok</xName>
      <xBlock>
        <xText>sygn. akt XVII AmC 5414/12</xText>
        
        <xUnit xType="part" xBold="true" xIsTitle="true">
          <xName>WYROK</xName>
          <xTitle>W IMIENIU RZECZYPOSPOLITEJ POLSKIEJ</xTitle>
          <xText xALIGNx="right">Dnia 28 marca 2013 r.</xText>
          <xText>Sąd Okręgowy w Warszawie Sąd Ochrony Konkurencji i Konsumentów</xText>
          <xText>w składzie:</xText>
          <xText>Przewodnicząca: Sędzia SR del. Danuta Brejtkopf</xText>
          <xText>Protokolant: Protokolant sądowy - stażysta Edyta Borucińska</xText>
          <xText>po rozpoznaniu w dniu 28 marca 2013 r. w Warszawie na rozprawie sprawy</xText>
          <xText>z powództwa <xAnon>P. K.</xAnon></xText>
          <xText>przeciwko <xAnon> (...) sp. z o.o.</xAnon> z siedzibą w <xAnon>S.</xAnon></xText>
          <xText>o uznanie postanowień wzorca umowy za niedozwolone</xText>
          
          <xUnit xType="none" xIsTitle="false">
            <xName xSffx=".">I</xName>
            <xText>Uznaje za niedozwolone i zakazuje <xAnon> (...) sp. z o.o.</xAnon> z siedzibą w <xAnon>S.</xAnon> stosowania w obrocie z konsumentami postanowień wzorca umowy o treści:</xText>
          </xUnit>
          <xText>Reklamacje dotyczące uszkodzeń mechanicznych przesyłki powstałe podczas transportu będą rozpatrywane tylko w momencie odbioru przesyłki w obecności pracownika Poczty Polskiej lub firmy kurierskiej. Warunkiem przyjęcia tego typu reklamacji będzie spisanie wraz z pracownikiem Poczty Polskiej lub firmy kurierskiej protokołu reklamacyjnego.</xText>
          
          <xUnit xType="none" xIsTitle="false">
            <xName xSffx=".">II</xName>
            <xText>Nakazuje pobrać od pozwanego na rzecz Skarbu Państwa Kasy Sądu Okręgowego w Warszawie kwotę 600,00 zł (sześćset złotych) tytułem opłat sądowych od pozwów.</xText>
          </xUnit>
          
          <xUnit xType="none" xIsTitle="false">
            <xName xSffx=".">III</xName>
            <xText>Zasądza od pozwanego na rzecz powoda kwotę 360,00 zł (trzysta sześćdziesiąt złotych) tytułem kosztów zastępstwa procesowego.</xText>
          </xUnit>
          
          <xUnit xType="none" xIsTitle="false">
            <xName xSffx=".">IV</xName>
            <xText>Zarządza publikację prawomocnego wyroku w Monitorze Sądowym i Gospodarczym na koszt pozwanego.</xText>
          </xUnit>
          
          <xText>Sędzia SR del. Danuta Brejtkopf</xText>
          
          <xText>Na skutek zażalenia pozwanej na postanowienia zawarte w punktach drugim, trzecim i czwartym wyroku Sądu Okręgowego w Warszawie- Sądu Ochrony Konkurencji i Konsumentów z dnia 28 marca 2013r., sygn. akt XVII AmC 5414/12, Sąd Apelacyjny w Warszawie VI Wydział Cywilny postanowieniem z dnia 21 listopada 2013r. sygn. akt VI Acz 2367/13 postanawia:</xText>
          <xUnit xType="none" xIsTitle="false">
            <xName xSffx=".">1</xName>
            <xText>odrzucić zażalenie w części dotyczącej punktu czwartego;</xText>
          </xUnit>
          <xUnit xType="none" xIsTitle="false">
            <xName xSffx=".">2</xName>
            <xText>oddalić zażalenie w pozostałej części;</xText>
          </xUnit>
          <xUnit xType="none" xIsTitle="false">
            <xName xSffx=".">3</xName>
            <xText>zasądzić od pozwanej <xAnon> (...) Sp. z o.o.</xAnon> w <xAnon>S.</xAnon> na rzecz powoda <xAnon>P. K.</xAnon> kwotę 120 zł (sto dwadzieścia złotych) tytułem zwrotu kosztów zastępstwa procesowego w postępowaniu zażaleniowym.</xText>
          </xUnit>
        </xUnit>
      </xBlock>
    </xPart>
  </judgement>
<judgement id="154505000005127_XVII_AmC_003926_2012_Uz_2013-03-28_001">
    <xPart xEditorFullName="Beata Gonera" xYear="2012" xLang="PL" xPublisherFullName="Beata Gonera" xFromPg="1" xEditor="bgonera" xVolType="15/450500/0005127/AmC" xPublisher="bgonera" xDocType="Uz" xVolNmbr="003926" xVersion="1.0" xToPage="2" xFlag="published">
      <xName>Wyrok</xName>
      <xBlock>
        <xText>Sygn. akt XVII AmC 3926/12</xText>
        
        <xUnit xIsTitle="true" xBold="true" xType="part">
          <xName>WYROK</xName>
          <xTitle>W IMIENIU RZECZYPOSPOLITEJ POLSKIEJ</xTitle>
          <xText xALIGNx="right">Dnia 28 marca 2013 r.</xText>
          <xText>Sąd Okręgowy w Warszawie - Sąd Ochrony Konkurencji i Konsumentów w składzie:</xText>
          
          <xText>Przewodniczący: SSO Jacek Łabuda</xText>
          <xText>Protokolant:  Andrzej Tracz</xText>
          
          <xText>po rozpoznaniu na rozprawie w dniu 28 marca 2013 r. w Warszawie sprawy</xText>
          <xText>z powództwa Stowarzyszenia <xAnon>(...)</xAnon> w <xAnon>K.</xAnon></xText>
          <xText>przeciwko   <xAnon>K. K.</xAnon></xText>
          
          <xText>o uznanie postanowienia wzorca umowy za niedozwolone</xText>
          
          <xText>1. uznaje za niedozwolone i zakazuje pozwanemu wykorzystywania w obrocie z konsumentami postanowienia wzorca umowy o treści:</xText>
          
          <xText>"Zespół sklepu <xAnon>(...)</xAnon> dokłada wszelkich starań, aby opisy i dane techniczne umieszczonych w sklepie produktów były zgodne z rzeczywistością. Nie ponosimy jednak odpowiedzialności za błędne podanie parametrów i właściwości towaru, lub nagłą ich zmianę przez jego producenta. Niemniej w każdym przypadku gdy dane (w tym opisy i dane techniczne produktów) prezentowane na witrynie internetowej sklepu w dniu złożenia przez konsumenta zamówienia nie pokrywały by się z rzeczywistością, w ciągu 10 dni od daty zakupu ma on prawo odstąpienia od umowy bez podania przyczyn, zgodnie z przepisami o odstąpieniu od umowy zawartej na odległość.";</xText>
          
          <xText>2. odstępuje od zasądzenia na rzecz powoda kosztów zastępstwa procesowego;</xText>
          <xText>3. kwotę 600 (szcześćset) złotych tytułem nieuiszczonej opłaty od pozwu, od której powód był zwolniony przejmuje na rachunek Skarb Państwa;</xText>
          <xText>4. zarządza publikację prawomocnego wyroku w Monitorze Sądowym i Gospodarczym na koszt Skarbu Państwa.</xText>
          
          <xText>SSO Jacek Łabuda</xText>
          
          <xText>Na skutek zażalenia powoda na postanowienie zawarte w punkcie 2. wyroku Sądu Okręgowego w Warszawie Sądu Ochrony Konkurencji i Konsumentów z dnia 28 marca 2013r. sygn. akt XVII AmC 3926/12, Sąd Apelacyjny w Warszawie VI Wydział Cywilny postanowieniem z dnia 25 lipca 2013r. sygn. akt VI ACz 1428/13 postanawia:</xText>
          <xText>1. zmienić zaskarżone postanowienie w ten sposób, że zasądzić od pozwanego <xAnon>K. K.</xAnon> na rzecz Stowarzyszenia <xAnon>(...)</xAnon> w <xAnon>K.</xAnon> kwotę 360 (trzysta sześćdziesiąt) złotych tytułem zwrotu koszów zastępstwa procesowego;</xText>
          <xText>2. zasądzić od pozwanego <xAnon>K. K.</xAnon> na rzecz Stowarzyszenia <xAnon>(...)</xAnon> w <xAnon>K.</xAnon> kwotę 120 (sto dwadzieścia) złotych tytułem zwrotu kosztów postępowania zażaleniowego.</xText>
          <xText>3. nakazać pobrać od pozwanego <xAnon>K. K.</xAnon> na rzecz Skarbu Państwa- Sądu Okręgowego w Warszawie kwotę 30 (trzydzieści) złotych tytułem opłaty od zażalenia od uiszczenia której powód był zwolniony.</xText>
        </xUnit>
      </xBlock>
    </xPart>
  </judgement>
<judgement id="151500000001006_II_AKa_000031_1998_Uz_2013-02-05_001">
    <xPart xEditorFullName="Magdalena Gierszner" xYear="1998" xLang="PL" xPublisherFullName="Renata Kopiec" xFromPg="1" xEditor="mgierszner" xVolType="15/150000/0001006/AKa" xPublisher="rkopiec" xDocType="Uz" xVolNmbr="000031" xVersion="1.0" xToPage="13" xFlag="published">
      <xName>Wyrok+Uzasadnienie</xName>
      <xBlock>
        <xText>
          <xBx>
            <xUx>Sygn. akt : II AKa 31/98</xUx>
          </xBx>
        </xText>
        
        <xUnit xIsTitle="true" xBold="true" xType="part">
          <xName>WYROK</xName>
          <xTitle>W IMIENIU RZECZYPOSPOLITEJ POLSKIEJ</xTitle>
          <xText xALIGNx="right">
            <xUx>Dnia 26 marca 1998r. </xUx>
          </xText>
          <xText>Sąd Apelacyjny w Katowicach w II Wydziale Karnym w składzie:</xText>
          <xRows>
            <xCOLGROUPx>
              <xCOLx xWIDTHx="172"/>
              <xCOLx xWIDTHx="539"/>
            </xCOLGROUPx>
            <xRow>
              <xClmn xALIGNx="left" xVALIGNx="top">
                <xText xALIGNx="right">Przewodniczący</xText>
              </xClmn>
              <xClmn xALIGNx="left" xVALIGNx="top">
                <xText>SSA Stanisław Raszka</xText>
              </xClmn>
            </xRow>
            <xRow>
              <xClmn xALIGNx="left" xVALIGNx="top">
                <xText xALIGNx="right">Sędziowie</xText>
              </xClmn>
              <xClmn xALIGNx="left" xVALIGNx="top">
                <xText>
                  <xUx>SSA Jolanta Śpiechowicz /spr./</xUx>
                </xText>
                <xText>SSA Barbara Suchowska</xText>
              </xClmn>
            </xRow>
            <xRow>
              <xClmn xALIGNx="left" xVALIGNx="top">
                <xText xALIGNx="right">Protokolant</xText>
              </xClmn>
              <xClmn xALIGNx="left" xVALIGNx="top">
                <xText>Barbara Gawor</xText>
              </xClmn>
            </xRow>
          </xRows>
          <xText>przy udziale Prok. Apel. Prokuratora Stefana Jarskiego</xText>
          <xText>po rozpoznaniu w dniu 26 marca 1998r.</xText>
          <xText>sprawy:</xText>
          <xUnit xIsTitle="false" xType="none">
            <xName xSffx=".">1</xName>
            <xText><xBx><xAnon>J. K.</xAnon></xBx><xAnon>ur. (...)</xAnon>w <xAnon>Ś.</xAnon>,</xText>
          </xUnit>
          <xText>syna <xAnon>W.</xAnon> i <xAnon>M.</xAnon> oskarżonego z <xLexLink xArt="art. 266;art. 266 § 1" xIsapId="WDU19970880553" xTitle="Ustawa z dnia 6 czerwca 1997 r. - Kodeks karny" xAddress="Dz. U. z 1997 r. Nr 88, poz. 553">art. 266 § 1 kk</xLexLink></xText>
          <xText>i art. 1 § 1 i 3 ustawy z 12.10.1994 r.;</xText>
          <xUnit xIsTitle="false" xType="none">
            <xName xSffx=".">2</xName>
            <xText><xBx><xAnon>W. P.</xAnon></xBx><xAnon>ur. (...)</xAnon>w <xAnon>Z.</xAnon>,</xText>
          </xUnit>
          <xText>syna <xAnon>P.</xAnon> i <xAnon>K.</xAnon> oskarżonego z <xLexLink xArt="art. 266;art. 266 § 1" xIsapId="WDU19970880553" xTitle="Ustawa z dnia 6 czerwca 1997 r. - Kodeks karny" xAddress="Dz. U. z 1997 r. Nr 88, poz. 553">art. 266 § 1 kk</xLexLink></xText>
          <xText>i art. 1 § 1 i 3 ustawy z 12.10.1994r.;</xText>
          <xUnit xIsTitle="false" xType="none">
            <xName xSffx=".">3</xName>
            <xText><xBx><xAnon>B. K.</xAnon></xBx><xAnon>ur. (...)</xAnon>w <xAnon>B.</xAnon>,</xText>
          </xUnit>
          <xText>syna <xAnon>P.</xAnon> i <xAnon>R.</xAnon> oskarżonego z <xLexLink xArt="art. 266;art. 266 § 1" xIsapId="WDU19970880553" xTitle="Ustawa z dnia 6 czerwca 1997 r. - Kodeks karny" xAddress="Dz. U. z 1997 r. Nr 88, poz. 553">art. 266 § 1 kk</xLexLink></xText>
          <xText>z powodu apelacji, wniesionej przez prokuratora co do oskarżonych <xAnon>J. K.</xAnon><xBRx/>i <xAnon>W. P.</xAnon>oraz obrońców co do wszystkich oskarżonych</xText>
          <xText>od wyroku <xUx>Sądu Wojewódzkiego w Bielsku-Białej</xUx></xText>
          <xText>z dnia 25 września 1997 r.</xText>
          <xText>sygn. akt III K 83/94</xText>
          
          <xUnit xIsTitle="false" xType="none">
            <xName xSffx=".">1</xName>
            <xText>zmienia zaskarżony wyrok w ten sposób, iż:</xText>
            <xUnit xIsTitle="false" xType="none">
              <xName xSffx=".">a</xName>
              <xText>uniewinnia oskarżonych: <xAnon>J. K.</xAnon>, <xAnon>W. P.</xAnon>i <xAnon>B. K.</xAnon>od popełnienia przypisanych im przestępstw z <xLexLink xArt="art. 266" xIsapId="WDU19970880553" xTitle="Ustawa z dnia 6 czerwca 1997 r. - Kodeks karny" xAddress="Dz. U. z 1997 r. Nr 88, poz. 553">art. 266 § kk</xLexLink> i w tej części kosztami postępowania w sprawie obciąża Skarb Państwa;</xText>
            </xUnit>
            <xUnit xIsTitle="false" xType="none">
              <xName xSffx=".">b</xName>
              <xText>przyjmuje, że oskarżony <xAnon>J. K.</xAnon>swoim zachowaniem opisanym w pkt. 2 zaskarżonego wyroku, zaś oskarżony <xAnon>W. P.</xAnon>– w pkt. 7 tegoż wyroku – wyczerpali znamiona przestępstwa z <xLexLink xArt="art. 1;art. 1 § 4" xIsapId="WDU19941260615" xTitle="Ustawa z dnia 12 października 1994 r. o ochronie obrotu gospodarczego i zmianie niektórych przepisów prawa karnego" xAddress="Dz. U. z 1994 r. Nr 126, poz. 615">art. 1 § 4</xLexLink> w zw. Z <xLexLink xArt="art. 1;art. 1 § 1;art. 1 § 3" xIsapId="WDU19941260615" xTitle="Ustawa z dnia 12 października 1994 r. o ochronie obrotu gospodarczego i zmianie niektórych przepisów prawa karnego" xAddress="Dz. U. z 1994 r. Nr 126, poz. 615">art. 1 § 1 i 3 ustawy z dnia 12.10.1994 r. o ochronie obrotu gospodarczego i zmianie niektórych przepisów prawa karnego</xLexLink> /Dz.U. Nr 126, poz. 615/, a podstawę karną wymiaru kary stanowi przepis art. 1 § 4 cytowanej ustawy;</xText>
            </xUnit>
            <xUnit xIsTitle="false" xType="none">
              <xName xSffx=".">c</xName>
              <xText>ustala, iż szkoda wyrządzona przez oskarżonego <xAnon>J. K.</xAnon>wyniosła co najmniej 859.618,99 złotych, zaś przez oskarżonego <xAnon>W. P.</xAnon>– 807.618,99 zł;</xText>
            </xUnit>
          </xUnit>
          <xUnit xIsTitle="false" xType="none">
            <xName xSffx=".">2</xName>
            <xText>rozwiązuje orzeczenia o karach łącznych zawartych w pkt. 3 i 8 zaskarżonego wyroku, ustala jednocześnie iż orzeczenie o warunkowym zawieszeniu wykonania kar zawartych w pkt. 4 i 9 wyroku dotyczą kar orzeczonych w myśl art. 1 § 4 ustawy z dnia 12.10.1994 r.;</xText>
          </xUnit>
          <xUnit xIsTitle="false" xType="none">
            <xName xSffx=".">3</xName>
            <xText>w pozostałym zakresie tenże wyrok utrzymuje w mocy;</xText>
          </xUnit>
          <xUnit xIsTitle="false" xType="none">
            <xName xSffx=".">4</xName>
            <xText>zasądza od oskarżonego <xAnon>J. K.</xAnon>i <xAnon>W. P.</xAnon>na rzecz Skarbu Państwa po 1/3 części kosztów postępowania odwoławczego oraz opłatę za obie instancje w kwocie:</xText>
            <xEnum>
              <xBullet>-</xBullet>
              <xEnumElem>
                <xText>1.150,- /tysiąc sto piędziesiąt/ złotych od oskarżonego <xAnon>J. K.</xAnon>,</xText>
              </xEnumElem>
              <xEnumElem>
                <xText>650, - /sześćset pięćdziesiąt/ złotych od oskarżonego <xAnon>W. P.</xAnon>.</xText>
              </xEnumElem>
            </xEnum>
          </xUnit>
          
          <xText>II AKa 31/98</xText>
        </xUnit>
        <xUnit xIsTitle="true" xBold="true" xType="part">
          <xName>UZASADNIENIE</xName>
          <xText>Sąd Wojewódzki w Bielsku-Białej, wyrokiem z dnia 25.09.1997 r., sygn. III K 83/94 skazał:</xText>
          <xUnit xIsTitle="false" xType="none">
            <xName xSffx=")">1</xName>
            <xText>
              <xBx>
                <xUx><xAnon>J. K.</xAnon>: </xUx>
              </xBx>
            </xText>
          </xUnit>
          <xUnit xIsTitle="false" xType="none">
            <xName xSffx=".">a</xName>
            <xText>za przestępstwo z <xLexLink xArt="art. 266;art. 266 § 1" xIsapId="WDU19970880553" xTitle="Ustawa z dnia 6 czerwca 1997 r. - Kodeks karny" xAddress="Dz. U. z 1997 r. Nr 88, poz. 553">art. 266 § 1 kk</xLexLink> w zw. z <xLexLink xArt="art. 58" xIsapId="WDU19970880553" xTitle="Ustawa z dnia 6 czerwca 1997 r. - Kodeks karny" xAddress="Dz. U. z 1997 r. Nr 88, poz. 553">art. 58 kk</xLexLink> polegające na tym, iż:</xText>
          </xUnit>
          <xText>w okresie od 12 maja do 24 sierpnia 1992 r. w <xAnon>B.</xAnon> działając w warunkach przestępstwa ciągłego oraz wspólnie i w porozumieniu z innymi osobami</xText>
          <xText>- w dniu 12 maja 1992 r. wespół ze <xAnon>Z. T.</xAnon>jako prezes zarządu <xAnon>(...)</xAnon>w <xAnon>C.</xAnon>potwierdził w umowie zastawu bankowego do gwarancji bankowej nr <xAnon>(...)</xAnon>udzielonej przez Centralę <xAnon>Banku (...)</xAnon>w <xAnon>W.</xAnon>nieprawdę poprzez stwierdzenie, że wartość sprowadzonych linii technologicznych stanowiących przedmiot zabezpieczenia wynosi 2,5 mln marek niemieckich i jest zgodna z treścią kontraktu nr <xAnon>(...)</xAnon>z dnia 15 maja 1991 r. i umowy kredytowej z dnia 30 sierpnia 1991 r.,</xText>
          <xText>- w dniach 17 lipca i 24 sierpnia 1992 r. wspólnie z innym członkiem zarządu <xAnon>Z. T.</xAnon>oraz głównym księgowym <xAnon>W. P.</xAnon>, w umowach zastawu bankowego na rzecz <xAnon>Banku (...) Oddział</xAnon>w <xAnon>B.</xAnon>, poświadczył nieprawdę co do własności maszyn stolarskich, stanowiących przedmiot zastawu bankowego – na karę 1 roku pozbawienia wolności,</xText>
          
          <xUnit xIsTitle="false" xType="none">
            <xName xSffx=".">b</xName>
            <xText>za przestępstwo z <xLexLink xArt="art. 1;art. 1 § 1;art. 1 § 3" xIsapId="WDU19941260615" xTitle="Ustawa z dnia 12 października 1994 r. o ochronie obrotu gospodarczego i zmianie niektórych przepisów prawa karnego" xAddress="Dz. U. z 1994 r. Nr 126, poz. 615">art. 1 § 1 i 3 ustawy z 12.10.1994 r. o ochronie obrotu gospodarczego i zmianie niektórych przepisów prawa karnego</xLexLink> (Dz. U. nr 126 ppz. 615) w zw. z <xLexLink xArt="art. 10;art. 10 § 2" xIsapId="WDU19970880553" xTitle="Ustawa z dnia 6 czerwca 1997 r. - Kodeks karny" xAddress="Dz. U. z 1997 r. Nr 88, poz. 553">art. 10 § 2 kk</xLexLink> polegające na tym, iż w okresie od maja 1991 r. do sierpnia 1992 r. w <xAnon>C.</xAnon> jako prezes <xAnon> Rolniczej Spółdzielni Produkcyjnej (...)</xAnon> i z tego tytułu będąc obowiązanym do zajmowania się sprawami majątkowymi i działalnością gospodarczą tej Spółdzielni, nadużył udzielonych mu uprawnień, przez co wyrządził <xAnon> (...)</xAnon> szkodę majątkową w kwocie co najmniej 896.449,89 zł w ten sposób, że:</xText>
          </xUnit>
          <xText>- w dniu 15 maja 1991 roku wbrew uchwale nr <xAnon>(...)</xAnon>z 08.03.1991 r. ustalającej limit zobowiązań finansowych <xAnon>(...)</xAnon>na rok 1991, a nadto bez porozumienia z organami przedstawicielskimi tej Spółdzielni oraz wbrew zasadom racjonalnego gospodarowania, zawarł kontrakt nr <xAnon>(...)</xAnon>z holenderską <xAnon>firmą (...)</xAnon>na zakup pięciu kompletnych linii technologicznych do wypieku pieczywa o wartości 2 534 500 DM, a następnie podjął decyzję o zaciągnięciu na ten cel kredytu dewizowego z tej samej wysokości w <xAnon>Banku (...) SA</xAnon>w <xAnon>L.</xAnon>, w sytuacji gdy <xAnon>Spółdzielnia (...)</xAnon>nie osiągała w zakresie swej działalności gospodarczej zysku, lecz straty, zaś do uruchomienia produkcji piekarniczej nie było żadnej bazy produkcyjnej i właściwego rozeznania rynków zbytu, przy czym po przyznaniu kredytu dewizowego w wysokości 2 534 500 DM, samowolnie podjął decyzję o jego rozdysponowaniu, wbrew treści umowy kredytowej i tak m.in.:</xText>
          <xText>- w dniu 21.10.1991 r. wspólnie z oskarżonym <xAnon>W. P.</xAnon>wykupił 74% udziałów w spółce z udziałem kapitału zagranicznego <xAnon>A.</xAnon>z siedzibą w <xAnon>P.</xAnon>, mimo bardzo złej kondycji finansowej z tej spółki zadłużenia w bankach w wysokości 781 208,39 zł, bezpodstawnie licząc na zwolnienie celne i podatkowe, a następnie spłacił to zadłużenie <xAnon>A.</xAnon>w dniach 28-30.10.1991 r., a w dniu 11.11.1991 r. cło i podatek w kwocie 36 830,90 zł za sprowadzoną z Holandii na rzecz <xAnon>A.</xAnon>odzież, zaś w okresie od 8-16.11.1991 r. pobrał z kasy <xAnon>(...)</xAnon>na rzecz <xAnon>A.</xAnon>w formie zaliczek 52 000 złotych,</xText>
          
          <xText>- w dniu 24 sierpnia 1992 r., wbrew zasadom racjonalnego gospodarowania, mając przy tym świadomość zadłużenia w <xAnon>Banku (...)</xAnon>i bardzo złej kondycji finansowej <xAnon>Spółdzielni (...)</xAnon>, wystąpił wraz z oskarżonymi <xAnon>W. P.</xAnon>i <xAnon>Z. T.</xAnon>do <xAnon>(...) Banku (...)</xAnon>w <xAnon>B.</xAnon>o kredyt płatniczy w wysokości 80 000 zł m. innymi pod zastaw nie należących do kredytobiorcy maszyn stolarskich, po czym wykorzystał go w sposób niezgodny z przeznaczeniem, przekazując pieniądze na konto <xAnon>Spółki (...)</xAnon>, a wobec niemożliwości spłaty zaciągniętego kredytu, mimo przeprowadzenia przez Bank postępowania windykacyjnego, wyrządził szkodę w kwocie 26 410 zł – na karę 2 lat pozbawienia wolności.</xText>
          <xText>Jako karę łączną orzeczono wobec oskarżonego <xAnon>J. K.</xAnon>karę 2 lat pozbawienia wolności, której wykonanie warunkowo zawieszono na okres próby wynoszący 3 lata, jednocześnie orzeczono grzywnę w wysokości 10 000 zł z zamianą w razie nieuiszczenia w terminie na zastępczą karę pozbawienia wolności w wymiarze 3 miesięcy i 10 dni, przyjmując 1 dzień tej kary za równoważny grzywnie w kwocie 100 złotych.</xText>
          
          <xText>
            <xBx>2) <xUx><xAnon>W. P.</xAnon>:</xUx></xBx>
          </xText>
          <xText>a) za przestępstwo z <xLexLink xArt="art. 266;art. 266 § 1" xIsapId="WDU19970880553" xTitle="Ustawa z dnia 6 czerwca 1997 r. - Kodeks karny" xAddress="Dz. U. z 1997 r. Nr 88, poz. 553">art. 266 § 1 kk</xLexLink> w zw. z <xLexLink xArt="art. 58" xIsapId="WDU19970880553" xTitle="Ustawa z dnia 6 czerwca 1997 r. - Kodeks karny" xAddress="Dz. U. z 1997 r. Nr 88, poz. 553">art. 58 kk</xLexLink> polegające na tym, iż:</xText>
          <xText>w dniach 17 lipca i 24 sierpnia 1992 r. w <xAnon>B.</xAnon>, działając w warunkach przestępstwa ciągłego oraz wspólnie i w porozumieniu z <xAnon>J. K.</xAnon>i <xAnon>Z. T.</xAnon>, w umowach zastawu bakowego na rzecz <xAnon>Banku (...) Oddział</xAnon>w <xAnon>B.</xAnon>, jako główny księgowy <xAnon>Spółdzielni (...)</xAnon>w <xAnon>C.</xAnon>, poświadczył nieprawdę co do własności maszyn stolarskich, stanowiących przedmiot zastawu bankowego na karę 1 roku pozbawienia wolności.</xText>
          <xText>b) za przestępstwo z <xLexLink xArt="art. 1;art. 1 § 1;art. 1 § 3" xIsapId="WDU19941260615" xTitle="Ustawa z dnia 12 października 1994 r. o ochronie obrotu gospodarczego i zmianie niektórych przepisów prawa karnego" xAddress="Dz. U. z 1994 r. Nr 126, poz. 615">art. 1 § 1 i 3 ustawy z 12.10.1994 r. o ochronie obrotu gospodarczego i zmianie niektórych przepisów prawa karnego</xLexLink> w zw. z <xLexLink xArt="art. 10;art. 10 § 2" xIsapId="WDU19970880553" xTitle="Ustawa z dnia 6 czerwca 1997 r. - Kodeks karny" xAddress="Dz. U. z 1997 r. Nr 88, poz. 553">art. 10 § 2 kk</xLexLink>, polegające na tym, iż:</xText>
          <xText>w okresie od sierpnia 1991 r. do sierpnia 1992 r. w <xAnon>C.</xAnon>jako główny księgowy <xAnon>Rolniczej Spółdzielni Produkcyjnej (...)</xAnon>, a przy tym zobowiązany uchwałą nr <xAnon>(...)</xAnon>walnego zgromadzenia przedstawicieli członków z dnia 8.03.1991 r. do przestrzegania limitu zobowiązań finansowych, jakie ta Spółdzielnia mogła podejmować w 1991 r., a więc będąc zobowiązanym do zajmowania się sprawami majątkowymi <xAnon>(...)</xAnon>, nadużył udzielonych mu uprawnień przez co wyrządził tej Spółdzielni szkodę majątkową w kwocie co najmniej 844449,89 zł. w ten sposób, że:</xText>
          <xUnit xIsTitle="false" xType="none">
            <xName xSffx=")">a</xName>
            <xText>w dniu 30 sierpnia 191 r. wbrew cytowanej wyżej uchwale i bez porozumienia z właściwymi organami przedstawicielskimi Spółdzielni, a nadto wbrew zasadom racjonalnego gospodarowania jako główny księgowy i pełnomocnik zarządu, podpisał wraz z oskarżonym <xAnon>Z. T.</xAnon>, umowę kredytową z <xAnon>Bankiem (...) SA</xAnon>w <xAnon>L.</xAnon> ma kwotę <xAnon>(...)</xAnon>, przeznaczoną na zakup pięciu linii technologicznych do wypieku pieczywa, w sytuacji gdy <xAnon>Spółdzielnia (...)</xAnon>nie osiągała w zakresie swej działalności gospodarczej zysku, lecz straty, zaś do uruchomienia produkcji piekarniczej nie było żadnej bazy produkcyjnej i właściwego rozeznania rynku zbytu, przy czym po przyznaniu kredytu podejmował czynności związane z jego rozdysponowaniem, wbrew treści umowy kredytowej i tak m. innymi:</xText>
          </xUnit>
          <xText>- w dniu 21.10.1991 r. wspólnie z oskarżonym <xAnon>J. K.</xAnon>wykupił 74 % udziałów w spółce z udziałem kapitału zagranicznego <xAnon>A.</xAnon>z siedzibą w <xAnon>P.</xAnon>, mimo bardzo złej kondycji finansowej tej spółki i zadłużenia w bankach w wysokości 781208,99 złotych, bezpodstawnie licząc na zwolnienia celne i podatkowe, a następnie spłacił to zadłużenie <xAnon>A.</xAnon>w dniach 20 – 30 .10.1991 r. zaś w dniu 11.11.1991 r. cło i podatek w kwocie 36.830,90 zł., za sprowadzoną z Holandii na rzecz <xAnon>A.</xAnon>odzież.</xText>
          <xUnit xIsTitle="false" xType="none">
            <xName xSffx=")">b</xName>
            <xText>w dniu 24.08.1992 r. wbrew zasadom racjonalnego gospodarowania, mając świadomość zadłużenia w <xAnon>Banku (...)</xAnon>i bardzo złej kondycji finansowej <xAnon>(...)</xAnon>, wystąpił wraz z oskarżonym <xAnon>J. K.</xAnon>i <xAnon>Z. T.</xAnon>do <xAnon>(...) Banku (...)</xAnon>w <xAnon>B.</xAnon>o kredyt płatniczy w kwocie 80.000 zł, m. innymi pod zastaw nie należących do kredytobiorcy maszyn stolarskich, przez co doprowadził do powstania szkody w kwocie 26.410 zł., mimo przeprowadzenia przez bank postępowania windykacyjnego,</xText>
          </xUnit>
          <xText>- na karę 2 lat pozbawienia wolności.</xText>
          <xText>Jako karę łączną wymierzono oskarżonemu karę 2 lat pozbawienia wolności, z warunkowym zawieszeniem jej wykonania na okres próby wynoszący 3 lata, orzeczono nadto grzywnę w kwocie 5.000 zł., z zamianą w razie nieuiszczenia w terminie 1 miesiąc i 20 dni zastępczej kary za równoważny grzywnie w kwocie 100 zł.</xText>
          
          <xText>Tymże wyrokiem skazano <xBx><xUx><xAnon>B. K.</xAnon></xUx></xBx>za przestępstwo z art. 266 § 1 polegające na tym, iż w miesiącu sierpniu 1992 r. w <xAnon>C.</xAnon>, jako inspektor Celny Urzędu Celnego w <xAnon>C.</xAnon>, potwierdził nieprawdę na załączniku do umowy o ustanowieniu zastawu bankowego, stwierdzając, że maszyny stolarskie stanowiące przedmiot zastawu i znajdujące się na składzie celnym <xAnon>Rolniczej Spółdzielni Produkcyjno – Usługowej (...)</xAnon>stanowią własność tej Spółdzielni, na karę 2.000 zł grzywny, z zamianą w razie nieuiszczenia w terminie na 20 dni zastępczej kary pozbawienia wolności, obciążając nadto wszystkich oskarżonych stosownymi kosztami sądowymi.</xText>
          
          <xText>Od wyroku tego apelacje wnieśli prokurator oraz obrońcy wszystkich oskarżonych.</xText>
          <xText>Apelacja prokuratora zarzuca:</xText>
          <xUnit xIsTitle="false" xType="none">
            <xName xSffx=".">I</xName>
            <xText>obrazę przepisu <xLexLink xArt="art. 58" xIsapId="WDU19970890555" xTitle="Ustawa z dnia 6 czerwca 1997 r. - Kodeks postępowania karnego" xAddress="Dz. U. z 1997 r. Nr 89, poz. 555">art. 58 kpk</xLexLink> poprzez jego pominięcie przez sąd I instancji przy kwalifikacji czynów oskarżonych <xAnon>J. K.</xAnon>i <xAnon>W. P.</xAnon>jako przestępstw z <xLexLink xArt="art. 1;art. 1 § 1;art. 1 § 3" xIsapId="WDU19941260615" xTitle="Ustawa z dnia 12 października 1994 r. o ochronie obrotu gospodarczego i zmianie niektórych przepisów prawa karnego" xAddress="Dz. U. z 1994 r. Nr 126, poz. 615">art. 1 § 1 i 3 ustawy z dn. 12.X.1994 r. o ochronie obrotu gospodarczego</xLexLink>, podczas, gdy z przyjętych przez tenże sąd opisów czynów wynika wprost, że obaj oskarżeni działali w warunkach przestępstwa ciągłego;</xText>
          </xUnit>
          <xUnit xIsTitle="false" xType="none">
            <xName xSffx=".">II</xName>
            <xText>rażącą łagodność wymierzonej przez sąd I instancji dla <xAnon>J. K.</xAnon>kary pozbawienia wolności za popełnione przez niego przestępstwo z <xLexLink xArt="art. 1;art. 3" xIsapId="WDU19941260615" xTitle="Ustawa z dnia 12 października 1994 r. o ochronie obrotu gospodarczego i zmianie niektórych przepisów prawa karnego" xAddress="Dz. U. z 1994 r. Nr 126, poz. 615">art. 1 i 3 ustawy z dnia 12.X.1994 r. o ochronie obrotu gospodarczego</xLexLink>, a nadto rażącą łagodność kar łączonych pozbawienia wolności, wymierzonych przez tenże sąd oskarżonym: <xAnon>J. K.</xAnon>i <xAnon>W. P.</xAnon>– po 2 lata, podczas gdy za orzeczeniem znacznie surowszych tych kar przemawiał wysoki stopień społecznego niebezpieczeństwa ich czynów, wynikający z wielkiej wartości przedmiotu ich przestępstwa (896.449,89 PLN w przypadku <xAnon>K.</xAnon>, a 844.449,89 PLN w przypadku <xAnon>P.</xAnon>), ciągłego charakteru ich przestępstw oraz faktu zajmowania przez nich funkcji w jednostce, na szkodę której działali (<xAnon>K.</xAnon>– prezes zarządu, <xAnon>P.</xAnon>– główny księgowy), co w konsekwencji prowadziło do braku podstaw zastosowania przy karze łącznej wobec obu oskarżonych zasady pełnej absorpcji.</xText>
          </xUnit>
          
          <xText>W oparciu o te zarzuty apelacja wniosła o zmianę zaskarżonego wyroku poprzez wymierzenie:</xText>
          <xEnum>
            <xBullet>-</xBullet>
            <xEnumElem>
              <xText>oskarżonemu <xAnon>J. K.</xAnon>za przypisane mu przez sąd I instancji przestępstwo z <xLexLink xArt="art. 1;art. 1 § 1;art. 1 § 3" xIsapId="WDU19941260615" xTitle="Ustawa z dnia 12 października 1994 r. o ochronie obrotu gospodarczego i zmianie niektórych przepisów prawa karnego" xAddress="Dz. U. z 1994 r. Nr 126, poz. 615">art. 1 § 1 i 3 ustawy z dnia 12.X.1994 r. o ochronie obrotu gospodarczego</xLexLink> w zw. z <xLexLink xArt="art. 58" xIsapId="WDU19970880553" xTitle="Ustawa z dnia 6 czerwca 1997 r. - Kodeks karny" xAddress="Dz. U. z 1997 r. Nr 88, poz. 553">art. 58 kk</xLexLink> kary pozbawienia wolności w rozmiarze 2 lata i 6 miesięcy;</xText>
            </xEnumElem>
            <xEnumElem>
              <xText>oskarżonemu <xAnon>J. K.</xAnon>za przestępstwo z <xLexLink xArt="art. 1;art. 1 § 1;art. 1 § 3" xIsapId="WDU19941260615" xTitle="Ustawa z dnia 12 października 1994 r. o ochronie obrotu gospodarczego i zmianie niektórych przepisów prawa karnego" xAddress="Dz. U. z 1994 r. Nr 126, poz. 615">art. 1 § 1 i 3 ustawy z dnia 12.X.1994 r. o ochronie obrotu gospodarczego</xLexLink> w zw. z <xLexLink xArt="art. 58" xIsapId="WDU19970880553" xTitle="Ustawa z dnia 6 czerwca 1997 r. - Kodeks karny" xAddress="Dz. U. z 1997 r. Nr 88, poz. 553">art. 58 kk</xLexLink> oraz za przestępstwo z <xLexLink xArt="art. 266;art. 266 § 1" xIsapId="WDU19970880553" xTitle="Ustawa z dnia 6 czerwca 1997 r. - Kodeks karny" xAddress="Dz. U. z 1997 r. Nr 88, poz. 553">art. 266 § 1 kk</xLexLink> w zw. z <xLexLink xArt="art. 58" xIsapId="WDU19970880553" xTitle="Ustawa z dnia 6 czerwca 1997 r. - Kodeks karny" xAddress="Dz. U. z 1997 r. Nr 88, poz. 553">art. 58 kk</xLexLink> – kary łącznej pozbawienia wolności w wysokości 3 lat;</xText>
            </xEnumElem>
            <xEnumElem>
              <xText>oskarżonemu <xAnon>W. P.</xAnon>za przestępstwo z <xLexLink xArt="art. 1;art. 1 § 1;art. 1 § 3" xIsapId="WDU19941260615" xTitle="Ustawa z dnia 12 października 1994 r. o ochronie obrotu gospodarczego i zmianie niektórych przepisów prawa karnego" xAddress="Dz. U. z 1994 r. Nr 126, poz. 615">art. 1 § 1 i 3 ustawy z dnia 12.X.1994 r. o ochronie obrotu gospodarczego</xLexLink> w zw. z <xLexLink xArt="art. 58" xIsapId="WDU19970880553" xTitle="Ustawa z dnia 6 czerwca 1997 r. - Kodeks karny" xAddress="Dz. U. z 1997 r. Nr 88, poz. 553">art. 58 kk</xLexLink> oraz za przestępstwo z <xLexLink xArt="art. 266;art. 266 § 1" xIsapId="WDU19970880553" xTitle="Ustawa z dnia 6 czerwca 1997 r. - Kodeks karny" xAddress="Dz. U. z 1997 r. Nr 88, poz. 553">art. 266 § 1 kk</xLexLink> w zw. z <xLexLink xArt="art. 58" xIsapId="WDU19970880553" xTitle="Ustawa z dnia 6 czerwca 1997 r. - Kodeks karny" xAddress="Dz. U. z 1997 r. Nr 88, poz. 553">art. 58 kk</xLexLink> – kary łącznej pozbawienia wolności w wysokości 2 lat i 6 miesięcy.</xText>
            </xEnumElem>
          </xEnum>
          
          <xText>Apelacja obrońcy oskarżonego <xUx><xAnon>J. K.</xAnon></xUx>zarzuca:</xText>
          <xUnit xIsTitle="false" xType="none">
            <xName xSffx=")">a</xName>
            <xText>obrazę przepisów prawa materialnego (<xLexLink xArt="art. 387;art. 387 pkt. 1" xIsapId="WDU19970890555" xTitle="Ustawa z dnia 6 czerwca 1997 r. - Kodeks postępowania karnego" xAddress="Dz. U. z 1997 r. Nr 89, poz. 555">art. 387 pkt 1 kpk</xLexLink>), a w szczególności <xLexLink xArt="art. 266;art. 266 § 1" xIsapId="WDU19970880553" xTitle="Ustawa z dnia 6 czerwca 1997 r. - Kodeks karny" xAddress="Dz. U. z 1997 r. Nr 88, poz. 553">art. 266 § 1 kk</xLexLink>, <xLexLink xArt="art. 1;art. 1 § 1;art. 1 § 3" xIsapId="WDU19941260615" xTitle="Ustawa z dnia 12 października 1994 r. o ochronie obrotu gospodarczego i zmianie niektórych przepisów prawa karnego" xAddress="Dz. U. z 1994 r. Nr 126, poz. 615">art. 1 § 1 i 3 ustawy z dnia 12.X.1994 r. o ochronie obrotu gospodarczego i zmianie niektórych przepisów prawa karnego</xLexLink> (Dz. U. nr 126, poz. 615) oraz <xLexLink xArt="art. 23 a" xIsapId="WDU19970880553" xTitle="Ustawa z dnia 6 czerwca 1997 r. - Kodeks karny" xAddress="Dz. U. z 1997 r. Nr 88, poz. 553">art. 23 a kk</xLexLink>;</xText>
          </xUnit>
          <xUnit xIsTitle="false" xType="none">
            <xName xSffx=")">b</xName>
            <xText>obrazę przepisów postępowania (<xLexLink xArt="art. 387;art. 387 pkt. 2" xIsapId="WDU19970890555" xTitle="Ustawa z dnia 6 czerwca 1997 r. - Kodeks postępowania karnego" xAddress="Dz. U. z 1997 r. Nr 89, poz. 555">art. 387 pkt 2 kpk</xLexLink>, a w szczególności <xLexLink xArt="art. 3;art. 3 § 3" xIsapId="WDU19970890555" xTitle="Ustawa z dnia 6 czerwca 1997 r. - Kodeks postępowania karnego" xAddress="Dz. U. z 1997 r. Nr 89, poz. 555">art. 3 § 3 kpk</xLexLink> i <xLexLink xArt="art. 273;art. 273 § 1" xIsapId="WDU19970890555" xTitle="Ustawa z dnia 6 czerwca 1997 r. - Kodeks postępowania karnego" xAddress="Dz. U. z 1997 r. Nr 89, poz. 555">273 § 1 kpk</xLexLink>);</xText>
          </xUnit>
          <xUnit xIsTitle="false" xType="none">
            <xName xSffx=")">c</xName>
            <xText>błąd w ustaleniach faktycznych (<xLexLink xArt="art. 387;art. 387 pkt. 3" xIsapId="WDU19970890555" xTitle="Ustawa z dnia 6 czerwca 1997 r. - Kodeks postępowania karnego" xAddress="Dz. U. z 1997 r. Nr 89, poz. 555">art. 387 pkt 3 kpk</xLexLink>), a w szczególności, że:</xText>
            <xEnum>
              <xBullet>-</xBullet>
              <xEnumElem>
                <xText>transakcja sprzedaży działu L. <xAnon>P.</xAnon>i <xAnon>Z. M.</xAnon>w <xAnon>spółce (...)</xAnon>nie została wpisana do rejestru handlowego, mimo istnienia takiego wpisu w rejestrze handlowym Sądu Rejonowego w <xAnon>K.</xAnon> oraz, że nie obejmowała nieruchomości w <xAnon>M.</xAnon>;</xText>
              </xEnumElem>
              <xEnumElem>
                <xText>zadłużenia <xAnon> Spółki (...)</xAnon> nie znajdowało pokrycia w jej majątku trwałym, co w żaden sposób nie wynikało z dokumentów przedstawionych przy dokonywaniu transakcji oraz tzw. regwarancji kredytu dewizowego.</xText>
              </xEnumElem>
            </xEnum>
          </xUnit>
          <xText>W oparciu o te zarzuty apelacja wniosła o uniewinnienie oskarżonego od przypisanych mu czynów.</xText>
          
          <xText>Apelacja obrońcy oskarżonego <xUx><xAnon>B. K.</xAnon></xUx>zarzuca wyrokowi:</xText>
          <xEnum>
            <xBullet>-</xBullet>
            <xEnumElem>
              <xText>błąd w ustaleniach faktycznych przyjętych za podstawę orzeczenia, który miał wpływ na jego treść, polegający na przyjęciu, że oskarżony miał świadomość, że potwierdza nieprawdę na załączniku do umowy o ustanowieniu zastawu bankowego, mimo, że nie pozwalał na to zebrany w sprawie materiał dowodowy;</xText>
            </xEnumElem>
            <xEnumElem>
              <xText>obrazę przepisów postępowania, a w szczególności <xLexLink xArt="art. 3;art. 3 § 1;art. 3 § 4;art. 3 § 1" xIsapId="WDU19970890555" xTitle="Ustawa z dnia 6 czerwca 1997 r. - Kodeks postępowania karnego" xAddress="Dz. U. z 1997 r. Nr 89, poz. 555">art. 3 § 1, 4 § 1 kpk</xLexLink>.</xText>
            </xEnumElem>
          </xEnum>
          <xText>Powołując się na powyższe zarzuty, apelacja wniosła o zmianę zaskarżonego wyroku przez uniewinnienie oskarżonego.</xText>
          
          <xText>Apelacja oskarżonego <xUx><xAnon>W. P.</xAnon></xUx>zarzuca z kolei błąd w ustaleniach faktycznych przyjętych za postawę wyroku mający wpływ na jego treść, a polegający na stwierdzeniu, że oskarżony dopuścił się czynów zarzucanych mu w akcie oskarżenia, mimo poważnych wątpliwości w tym względzie wynikającym z zebranego w sprawie materiału.</xText>
          <xText>W oparciu o ten zarzut apelacja wniosła o zmianę zaskarżonego wyroku przez uniewinnienie oskarżonego od zarzucanych mu czynów.</xText>
          
          <xText>Sąd Apelacyjny zważył co następuje:</xText>
          <xText>Niewątpliwie rację ma obrońca oskarżonego <xAnon>J. K.</xAnon>, wywodząc w apelacji, iż w świetle ustalonego orzeczenia Sądu Najwyższego brak jest podstaw do przypisania temuż oskarżonemu (podobnie jak oskarżonemu <xAnon>W. P.</xAnon>) przestępstwa z <xLexLink xArt="art. 266;art. 266 § 1" xIsapId="WDU19970880553" xTitle="Ustawa z dnia 6 czerwca 1997 r. - Kodeks karny" xAddress="Dz. U. z 1997 r. Nr 88, poz. 553">art. 266 § 1 kk</xLexLink>.</xText>
          <xText>Z uwagi na fakt, iż prokurator przychylił się w tej części do wywodów obrońcy i także wniósł o uniewinnienie oskarżonych <xAnon>J. K.</xAnon> i <xAnon>W. P.</xAnon> od przypisanego im przestępstwa z <xLexLink xArt="art. 266;art. 266 § 1" xIsapId="WDU19970900557" xTitle="Ustawa z dnia 6 czerwca 1997 r. - Kodeks karny wykonawczy" xAddress="Dz. U. z 1997 r. Nr 90, poz. 557">art. 266 § 1 kkw</xLexLink> zw. Z <xLexLink xArt="art. 58" xIsapId="WDU19970880553" xTitle="Ustawa z dnia 6 czerwca 1997 r. - Kodeks karny" xAddress="Dz. U. z 1997 r. Nr 88, poz. 553">art. 58 kk</xLexLink>, szersze rozważania w tym przedmiocie wydają się zbędne, wystarczy powołanie się na uchwałę Sądu Najwyższego z dnia 12.III.1996 r. (OSNKW 1996, z. 3-4, poz. 17) oraz na wyrok Sądu Najwyższego z dnia 24.X.1996r. OSNKW 1-2 z 1997r. poz. 8), zgodnie z którym, „upoważnienie” do wystawiania dokumentu, o którym, mowa w <xLexLink xArt="art. 266;art. 266 § 1" xIsapId="WDU19970880553" xTitle="Ustawa z dnia 6 czerwca 1997 r. - Kodeks karny" xAddress="Dz. U. z 1997 r. Nr 88, poz. 553">art. 266 § 1 kk</xLexLink>, musi odnosić się do „poświadczenia” jakichś okoliczności, mających znaczenie prawne, a nie do „oświadczenia” ich we własnym interesie.</xText>
          <xText>Oskarżeni J. <xAnon>K.</xAnon> i <xAnon>W. P.</xAnon> w umowach zastawu bankowego z dnia 17 lipca i 24 sierpnia 1992 r. podali ewidentną nieprawdę co do własności maszyn stolarskich będących przedmiotem tego zastawu, a oskarżony J. <xAnon>K.</xAnon>, poświadczył nadto w umowie zastawu bankowego do gwarancji bankowej nr 485 z dnia 12 maja 1992 r. nieprawdę przez stwierdzenie, iż wartość sprowadzonych linii technologicznych, będących przedmiotem zabezpieczenia wynosi 2,5 mln marek niemieckich, jednakże to „potwierdzenie” nie dotyczyło sfery interesów osób trzecich, którym oskarżeni coś by „poświadczyli”, a działali oni wyłącznie w celu zrealizowania cywilnoprawnej umowy o udzielenie kredytu – a nie jest przecież objęte penalizacją na podstawie przepisu <xLexLink xArt="art. 266;art. 266 § 1" xIsapId="WDU19970880553" xTitle="Ustawa z dnia 6 czerwca 1997 r. - Kodeks karny" xAddress="Dz. U. z 1997 r. Nr 88, poz. 553">art. 266 § 1 kk</xLexLink> składanie oświadczeń we własnym imieniu i we własnym sprawie.</xText>
          
          <xText>Nieco inaczej sytuacja wygląda w przypadku oskarżonego <xAnon>B. K.</xAnon>, który jako funkcjonariusz publicznysx (urzędnik celny) w swej działalności publicznej czerpał kompetencje do wystawienia dokumentu w sposób generalny z pełnionej funkcji i który w jednoznaczny sposób potwierdził oskarżonemu <xAnon>J. K.</xAnon> na sporządzonym wykazie maszyn, będącym załącznikiem do umowy o ustanowienie zastawu bankowego nieprawdę, przez stwierdzenie, iż maszyny te są <xUx>własnością</xUx><xAnon> Spółdzielni (...)</xAnon>.</xText>
          <xText>Oczywiście nie sposób dać w tym miejscu wiarę oskarżonemu, iż uczynił to odruchowo, nie patrząc właściwie na treść wykazu, gdyż jak wykazał to sąd I instancji, sposób dokonania tego zapisu wykluczał wszelką przypadkowość, nie ma to jednak większego znaczenia dla oceny prawnej jego zachowania. Dokument, o którym mowa w <xLexLink xArt="art. 266" xIsapId="WDU19970880553" xTitle="Ustawa z dnia 6 czerwca 1997 r. - Kodeks karny" xAddress="Dz. U. z 1997 r. Nr 88, poz. 553">art. 266 kk</xLexLink>, musi nie tylko odpowiadać cechom wymienionym w <xLexLink xArt="art. 120;art. 120 § 13" xIsapId="WDU19970880553" xTitle="Ustawa z dnia 6 czerwca 1997 r. - Kodeks karny" xAddress="Dz. U. z 1997 r. Nr 88, poz. 553">art. 120 § 13 kk</xLexLink>, lecz jak słusznie wskazuje apelacja obrońcy oskarżonego <xAnon>B. K.</xAnon>, musi to być ponadto dokument, który jest wystawiony przez funkcjonariusza publicznego lub inną osobę upoważnioną do tego, a nadto w swej treści zawierający poświadczenie, któremu przysługuje cecha zaufania publicznego, a w związku z tym domniemanie prawdziwości. Poświadczenie nieprawdy podpada pod przepis <xLexLink xArt="art. 266" xIsapId="WDU19970880553" xTitle="Ustawa z dnia 6 czerwca 1997 r. - Kodeks karny" xAddress="Dz. U. z 1997 r. Nr 88, poz. 553">art. 266 kk</xLexLink> zarówno wówczas, gdy poświadczenie to stanowi samoistny dokument, jak i wówczas, gdy stanowi ono integralną część innego dokumentu i byleby dany funkcjonariusz <xUx>był uprawniony do stwierdzenia tego rodzaju okoliczności.</xUx></xText>
          <xText>Skoro przedmiotem ochrony prawnej w <xLexLink xArt="art. 266" xIsapId="WDU19970880553" xTitle="Ustawa z dnia 6 czerwca 1997 r. - Kodeks karny" xAddress="Dz. U. z 1997 r. Nr 88, poz. 553">art. 266 kk</xLexLink> jest prawdziwość pism urzędowych i zaufanie do tego, co urzędowo w nich stwierdzono, nie każde „potwierdzenie” nieprawdziwych okoliczności, które w konsekwencji mają znaczenie prawne, przez funkcjonariusza publicznego, bądź to w dokumencie wystawionym przez niego, bądź przez inną osobę, będzie „poświadczenie nieprawdy” w rozumieniu <xLexLink xArt="art. 266;art. 266 § 1" xIsapId="WDU19970880553" xTitle="Ustawa z dnia 6 czerwca 1997 r. - Kodeks karny" xAddress="Dz. U. z 1997 r. Nr 88, poz. 553">art. 266 § 1 kk</xLexLink>, ale jedynie takie, które dotyczy okoliczności, do stwierdzenia których dany funkcjonariusz był upoważniony, czy to z racji zakresu swoich obowiązków, czy wyraźnego polecenia przełożonego.</xText>
          <xText>Z jednoznacznych zeznań świadków: <xAnon>M. S.</xAnon> (k. 7), <xAnon>E. W.</xAnon> (k. 1300), <xAnon>B. L.</xAnon> (k. 1277) wynika, iż Urząd Celny nie jest uprawniony do wydawania zaświadczeń stwierdzających prawo własności określonych towarów znajdujących się na <xAnon> Składzie (...)</xAnon>, mógłby co najwyżej potwierdzić, że taki towar jest na składzie i kto jest jego dysponentem, ale takie potwierdzenie, o ile ma być wykorzystane poza Urzędem Celnym, musi być wydane w odpowiednim trybie i na pewno nie mógł tego dokonać skutecznie oskarżony <xAnon>B. K.</xAnon>.</xText>
          <xText>Skoro więc oskarżony ten nie był uprawniony do stwierdzenia, iż będące na składzie celnym maszyny stolarskie są własnością <xAnon> Spółdzielni (...)</xAnon>, to takie jego „potwierdzenie” nie korzysta z domniemania prawdziwości, a tym samym oskarżony nie wyczerpał znamion przestępstwa z <xLexLink xArt="art. 266;art. 266 § 1" xIsapId="WDU19970880553" xTitle="Ustawa z dnia 6 czerwca 1997 r. - Kodeks karny" xAddress="Dz. U. z 1997 r. Nr 88, poz. 553">art. 266 § 1 kk</xLexLink>.</xText>
          <xText>Sąd Apelacyjny rozważał, czy w takiej sytuacji nie można przypisać oskarżonemu <xAnon>B. K.</xAnon> przestępstwa z <xLexLink xArt="art. 246;art. 246 § 1" xIsapId="WDU19970880553" xTitle="Ustawa z dnia 6 czerwca 1997 r. - Kodeks karny" xAddress="Dz. U. z 1997 r. Nr 88, poz. 553">art. 246 § 1 kk</xLexLink>, jako że będąc funkcjonariuszem publicznym w sposób ewidentny przekroczył on swoje uprawnienia, jednakże doszedł sąd do przekonania, iż nie sposób wykazać oskarżonemu, iż co najmniej godził się z działaniem na szkodę dobra społecznego lub jednostki, co jest jednym z podstawowych znamion przestępstwa służbowego. O rodzaju winy funkcjonariusza publicznego, który w pracy swej dopuścił się uchybień służbowych, decyduje całokształt okoliczności dotyczących zarówno samego czynu, jak i osoby sprawcy, a więc chodzi tu nie tylko o wagę samego zaniedbania i jego skutków, lecz także i o przyczyny tegoż uchybienia w pracy oraz o samego sprawcę i jego stosunek do powierzonych mu obowiązków. Skoro oskarżony jest długoletnim pracownikiem Urzędu Celnego, traktującym poważnie swą pracę i sumiennie na przestrzeni lat wykonującym ku zadowoleniu swych przełożonych nałożone nań obowiązki, cieszącym się jak najlepszą opinią – to na tle tych pozytywnych ocen brak jest jakichkolwiek podstaw do tego, by przypisane mu przekroczenie uprawnień w zakresie jego funkcji uznać za wynik złego zamiaru, nawet ewentualnego.</xText>
          <xText>Domniemanie, że każde formalne przekroczenie uprawnień lub niedopełnienie obowiązków służbowych stanowi samo przez się działanie na szkodę interesu publicznego i to zarówno pod względem podmiotowym jak i przedmiotowym, nie dałoby się pogodzić z materialną definicją przestępstwa (<xLexLink xArt="art. 1" xIsapId="WDU19970880553" xTitle="Ustawa z dnia 6 czerwca 1997 r. - Kodeks karny" xAddress="Dz. U. z 1997 r. Nr 88, poz. 553">art. 1 kk</xLexLink>) i pomijałoby oczywisty fakt, że oprócz odpowiedzialności karnej istnieje także odpowiedzialności służbowa czy dyscyplinarna (por. OSP 1976/6/122). Oskarżony <xAnon>B. K.</xAnon> niewątpliwie wiedział, do czego służy wykaz maszyn, gdyż wynikało to jednoznacznie z treści tego dokumentu i powinien był i mógł przewidzieć, że przez swoje „potwierdzenie” ułatwi uzyskanie kredytu bez należytego jego zabezpieczenia, czyli że działa na szkodę dobra społecznego – niemniej mógłby on odpowiadać za nieumyślne przestępstwo z <xLexLink xArt="art. 246;art. 246 § 3" xIsapId="WDU19970880553" xTitle="Ustawa z dnia 6 czerwca 1997 r. - Kodeks karny" xAddress="Dz. U. z 1997 r. Nr 88, poz. 553">art. 246 § 3 kk</xLexLink> jedynie w przypadku wyrządzenia poważnej szkody – czego w przedmiotowej sprawie nie było.</xText>
          <xText>Mając to wszystko na uwadze, Sąd Apelacyjny zmienił zaskarżony wyrok w ten sposób, iż uniewinnił oskarżonych od przypisanych im przestępstw z <xLexLink xArt="art. 286;art. 286 § 1" xIsapId="WDU19970880553" xTitle="Ustawa z dnia 6 czerwca 1997 r. - Kodeks karny" xAddress="Dz. U. z 1997 r. Nr 88, poz. 553">art. 286 § 1 kk</xLexLink> w zw. z <xLexLink xArt="art. 58" xIsapId="WDU19970880553" xTitle="Ustawa z dnia 6 czerwca 1997 r. - Kodeks karny" xAddress="Dz. U. z 1997 r. Nr 88, poz. 553">art. 58 kk</xLexLink>, obciążając w tej części kosztami postępowania Skarb Państwa.</xText>
          <xText>Przechodząc w kolejności do omówienia pozostałych zarzutów apelacji obrońców oskarżonych <xAnon>J. K.</xAnon> i <xAnon>W. P.</xAnon> na wstępie należy podkreślić, iż w sprawie jest bezspornym, iż obaj oskarżeni z racji pełnionych funkcji byli obowiązani do zajmowania się sprawami majątkowymi <xAnon> Spółdzielni (...)</xAnon> i że nadużyli swoich uprawnień postępując w sposób szczegółowo opisany w części dyspozycyjnej zaskarżonego wyroku i faktów tych apelacje w zasadzie nie kwestionują, dokonując jedynie odmiennej oceny prawnej zachowania oskarżonych.</xText>
          <xText>Nie może budzić także wątpliwości fakt, iż pobranie przez <xAnon> Spółdzielnię (...)</xAnon> kredytu dewizowego w wysokości 2,5 mln marek jego rozdysponowanie niezgodnie z przeznaczeniem i kolejne decyzje ściśle z tym związane, przyspieszyły ostateczny upadek Spółdzielni, której egzystencja była już i tak zagrożona – wynika to bowiem w sposób jednoznaczny z opinii biegłego (k. 1254-1263), jednocześnie jednak zebrany materiał dowodowy pozwala na stwierdzenie, iż wszystkie działania oskarżonych, a przede wszystkim oskarżonego J. <xAnon>K.</xAnon>, podyktowane były chęcią ratowania Spółdzielni.</xText>
          <xText>Należy więc rozważyć w tym miejscu, co niewątpliwie winien był zrobić sąd I instancji czy działalność oskarżonych wyrządzająca w konsekwencji Spółdzielni znaczną szkodę majątkową nie została podjęta w ramach ryzyka gospodarczego – co wyłączałoby przecież bezprawność ich czynów.</xText>
          <xText>Nowoczesna działalność gospodarcza niewątpliwie wymaga rozwijania inicjatyw, nowatorstwa, poszukiwania rozwiązań optymalnych, tak więc niezbędnym warunkiem postępu w życiu gospodarczym jest często podejmowanie działania w granicach ryzyka.</xText>
          <xText>Podstawę wykładni elementów dopuszczalnego ryzyka gospodarczego i działania w jego granicach powinny stanowić zasady efektywnego gospodarowania mieniem społecznym, tak więc przyjęcie działania w granicach ryzyka gospodarczego jest możliwe wówczas, gdy działanie to było dopuszczalne wg aktualnego stanu wiedzy w danej dziedzinie, na który składa się m. in. zasób doświadczeń zawodowych i życiowych.</xText>
          <xText>Oskarżeni niewątpliwie byli osobami, dla których zajmowanie się majątkowymi sprawami określonej jednostki organizacyjnej nie było czymś nowym, czego musieli dopiero się uczyć i w żmudny sposób zdobywać w tym zakresie doświadczenia. Wręcz przeciwnie. Obaj od lat mieli kontrakt z tego rodzaju działalnością, a w szczególności mowa jest o oskarżonym J. <xAnon>K.</xAnon>, który już od 1983r. pełnił funkcję prezesa Spółdzielni <xAnon> (...)</xAnon>. Po 1989r. niewątpliwie zmieniły się warunki gospodarowania. Gospodarka rynkowa, która nagle zastąpiła doskonale znane oskarżonym rozdzielniki, nakazy, ulgi kredytowe, preferencje i inne tego typu elementy dawnego modelu gospodarczego, postawiła przed nimi nowe zadania, które jednak wymagały od nich podejmowania precedensowych decyzji, ale także szczególnej ostrożności wymaganej od „dobrego gospodarza” w każdych warunkach.</xText>
          <xText>I tej właśnie ostrożności oskarżonym zabrakło, co w konsekwencji spowodowało poważną szkodę wynikającą z nieprzemyślanych i nieostrożnych decyzji gospodarczych.</xText>
          <xText>Takimi decyzjami okazały się być: zaciągnięcie kredytu dewizowego w wysokości prawie 2,5 mln marek oraz sposób jego wykorzystania, a głównie zakup <xAnon> (...)</xAnon>.</xText>
          <xText>Decyzja o zakupie kilku linii technologicznych do produkcji pieczywa bez należytego rozpoznania rynku, bez przegotowanego zaplecza produkcyjnego, a nawet bez skonkretyzowanych planów odnośnie czasu i miejsca uruchomienia produkcji i pobranie na ten cel bardzo wysokiego kredytu – w żaden sposób nie może być ocenione jako działanie w granicach ryzyka gospodarczego , bo już w momencie zawierania umowy kredytowej, niezależnie od późniejszego sprzecznego z jej treścią sposobu wykorzystania tegoż kredytu, nie został spełniony warunek poważnej przewagi prawdopodobieństwa korzyści nad prawdopodobieństwem mogącej wynikać szkody, który to warunek wynika z zasady, że ryzyko powinno w sumie być opłacalne.</xText>
          <xText>Z kolei rzeczywiste wykorzystanie tego kredytu, które przecież sprowadziło się do unieruchomienia i zaangażowania poważnych środków finansowych (ponad 8 mld starych zł.) na cele nieprodukcyjne w <xAnon> spółce (...)</xAnon>, a tym samym pozbawienia <xAnon> Spółdzielni (...)</xAnon> środków finansowych na jakikolwiek rozwój działalności handlowej, w zamian za bardzo enigmatycznie określone korzyści spodziewane w bliżej nieokreślonej przyszłości, było decyzją z punktu widzenia gospodarczego całkowicie błędną, nieuzasadnioną i jak trafnie określił ją biegły <xAnon>W.</xAnon> w trakcie przesłuchania na rozprawie (k. 1278a) – spłacenie zadłużeń <xAnon> (...)</xAnon> było „wyrzucaniem pieniędzy w błoto”.</xText>
          <xText>Nie zmienia tego faktu podnoszona przez obrońcę oskarżonego <xAnon>J. K.</xAnon> okoliczność, iż w dacie zakupu spółki, wartość wykupionych udziałów, czyli inaczej mówiąc – spłaconych długów – znajdowała pokrycie w majątku trwałym tej półki. Faktem jest, iż znajdujący się w aktach operat szacunkowy określa wartość rynkową składnika budowlanego i działki <xAnon> Przedsiębiorstwa (...)</xAnon> na kwotę 7.280.618.690 zł. (k. 6645 t. IV), ale przecież należy podkreślić, iż kwota ta dotyczy jedynie majątku składającego się z wartości niepieniężnych, nie nadającego się do płacenia długów, tak więc <xAnon> Spółdzielnia (...)</xAnon> z chwilą zakupu <xAnon> (...)</xAnon> pozbawiła się środków finansowych na działalność bieżącą, a obaj oskarżeni doskonale zdawali sobie sprawę z faktu, iż ogólna sytuacja rynkowa utrudnia znalezienie kontrahenta gotowego nabyć środki trwałe, inwestycyjne – a co za tym idzie - doszło do zamrożenia dużej kwoty pieniężnej i sparaliżowania bieżącej działalności Spółdzielni. Nadzieje oskarżonych na ulgi celne i podatkowe okazały się być iluzoryczne i słusznie ocenione zostały przez Sąd Wojewódzki jako nieuzasadnione. Prawdą jest, iż art. 37 ust. 5 ustawy o spółkach z udziałem zagranicznym z dnia 4.VII.1991 r. był różnie interpretowany, niemniej zdaniem Sądu Apelacyjnego, wnikliwa analiza tych przepisów, dokonana z należytą ostrożnością, pozwoliłaby oskarżonym uniknąć błędu, tym bardziej, iż na co dzień mieli kontakt z Urzędem Celnym w <xAnon>C.</xAnon>, który akurat żadnych wątpliwości interpretacyjnych w tym zakresie, od początku obowiązywania ustawy, nie miał.</xText>
          <xText>Należy zresztą zauważyć, iż jeszcze przed otrzymaniem decyzji Urzędu Celnego o odmowie zwolnienia od cła sprowadzonej odzieży z dnia 29.11.1991 r. (k. 722), w której zawarte prawidłową interpretację przepisów cyt. Ustawy, <xAnon> Spółka (...)</xAnon> wystąpiła w dniu 27.11.1991 r. z wnioskiem do Dyrekcji Urzędu Celnego o zwolnienie od cła sprowadzonych maszyn podnosząc, iż są one zakupem inwestycyjnym i nie będą podlegały dalszej odsprzedaży, że zakupione zostały ze środków trwałych i nie są aportem rzeczowym wspólnika (k. 136 t. I).</xText>
          <xText>Pismo to zostało podpisane przez <xAnon>M. W.</xAnon>, a więc przez radcę prawnego, z którym oskarżony J. <xAnon>K.</xAnon> konsultował swoje decyzje, a z jego treści wynika jasno, iż jego autor miał należyte rozeznanie o warunkach skorzystania z ulg celnych, dlatego też dość ostrożnie należy traktować twierdzenie oskarżonego <xAnon>J. K.</xAnon> jakoby miał całkowitą pewność co do tego, iż kupując <xAnon> (...)</xAnon>, kupuje na 100 % ulgi celne.</xText>
          <xText>Należy zwrócić uwagę na fakt, iż odzież sprowadzona została w dniu 7.11.1991 r. i razem ze zgłoszeniem celnym, tego samego dnia, uiszczono należne cło, nie składając żadnego wniosku o zwolnienie, co może przecież świadczyć o tym, iż takiego zwolnienia się nie spodziewano i dopiero w kilka dni później (12.11.1991 r.) wystąpiono o zwrot cła, co z kolei wygląda na działanie wg zasady „co szkodzi spróbować”.</xText>
          <xText>Niezależnie jednak od powyższego, nawet przyjmując wersję oskarżonego <xAnon>J. K.</xAnon>, iż po konsultacji z M. <xAnon>W.</xAnon> był pewien iż skorzysta z ulg podatkowych i celnych, to i tak w momencie wykupu <xAnon> (...)</xAnon>, prawdopodobieństwo powstania z tego tytułu w mieniu <xAnon> Spółdzielni (...)</xAnon> poważnej szkody, znacznie przewyższało prawdopodobieństwo korzyści, jako że szkoda praktycznie już zaistniała, natomiast korzyść musiała być oceniana jako przyszła i niepewna.</xText>
          <xText>Mając to wszystko na uwadze, Sąd Apelacyjny podzielił w całości stanowisko sądu I instancji, iż oskarżeni J. <xAnon>K.</xAnon> i <xAnon>W. P.</xAnon>, będąc zobowiązani do zajmowania się sprawami majątkowymi <xAnon> Spółdzielni (...)</xAnon>, nadużywając udzielonych im uprawnień wyrządzili jej znaczną szkodę majątkową przekraczającą 200.000 zł., przy czym jak wyżej wykazano – przekroczyli oni granice dopuszczalnego ryzyka gospodarczego.</xText>
          <xText>Należy także zgodzić się z wywodami Sądu Wojewódzkiego, że całkowita bezmyślna uległość oskarżonego <xAnon>W. P.</xAnon> wobec oskarżonego <xAnon>J. K.</xAnon>, ślepa wiara w jego umiejętności oraz szczęście w interesach, nie może tego pierwszego w żaden sposób ekskulpować, był on bowiem osobą doświadczoną zawodowo i życiowo i miał nie tylko prawo, ale i obowiązek przeciwstawić się decyzjom Prezesa, które były niezgodne z interesem Spółdzielni.</xText>
          <xText>Podzielić natomiast Sąd Apelacyjny rozważania obrońcy oskarżonego <xAnon>J. K.</xAnon> co do brak podstaw do przypisania oskarżonemu winy umyślnej.</xText>
          <xText>Jak słusznie wskazano w apelacji, przyjmując istnienie zamiaru ewentualnego, sąd powinien w każdym wypadku wyjaśnić, dlaczego wyłączył działanie lekkomyślne, przy którym sprawca również możliwości popełnienia czynu zabronionego przewiduje, lecz bezpodstawnie przypuszcza, że tego uniknie.</xText>
          <xText>Z ustalonego orzecznictwa Sądu Najwyższego wynika, iż przyjmując zamiar ewentualny nie może domniemywać czy domyślać się zgody sprawcy na powstały skutek jego czynu,, lecz należy wykazać, że zgoda na skutek stanowiła jeden z elementów zachodzących w psychice sprawcy, natomiast rekonstrukcja procesu motywacyjnego zachodzącego w jego psychice musi z natury rzeczy opierać się przede wszystkim na analizie jego osobowości, a więc cech charakteru, usposobienia, poziomu umysłowego, reakcji emocjonalnych, stosunku do otoczenia, zachowania się w różnych sytuacjach życiowych. Dopiero suma tych danych osobo poznawczych w zestawieniu z wszystkimi okolicznościami popełnionego czynu daje podstawę do prawidłowej jego oceny od strony podmiotowej (poz. OSNKW 1974/1/5; OSNKW 1974/12/222). Oskarżony J. <xAnon>K.</xAnon> był osoba, która w sposób automatyczny, wykorzystując swoje pierwsze sukcesy gospodarcze, bez jakiegokolwiek liczenia się ze zdaniem innych (nawet statutowo powołanych do tego organów), z dużym rozmachem i głęboka wiarą we własne umiejętności i doświadczenie, niejako „na żywioł”, przystąpił do realizacji nowych wyzwań gospodarczych, całkowicie nowej rzeczywistości gospodarczej, licząc na to, że mimo wszystko mu się uda, bo jak sam twierdził, raz już rzeczy niemożliwej dokonał.</xText>
          <xText>Cały zebrany w sprawie materiał dowodowy nie dał najmniejszych podstaw do przypuszczenia, iż działał on licząc na jakiekolwiek własne korzyści. Wszystko co zrobił, to czynił dla dobra Spółdzielni, której czuł się właścicielem i niepodzielnym władcą. Niewątpliwie obejmował on swoją świadomością zagrożenie jakie istnieje, możliwość całkowitej „plajty” Spółdzielni, jako że chyliła się ona i tak ku upadkowi, przewidywał więc możliwość powstania znacznej szkody, niemniej był przekonany (aczkolwiek z przyczyn wcześniej podanych – całkowicie bezpodstawnie), iż tego uniknie, bowiem do tej pory, wszystko ostatecznie kończyło się – dla niego i Spółdzielni – pomyślnie.</xText>
          <xText>Tak, z obiektywnego punktu widzenia, całkowicie nieuzasadniona wiara nie tyle we własne siły i umiejętności, ale przede wszystkim w szczęście i bezbłędną realizację dość wygórowanych i nie całkiem sprecyzowanych planów, nie może być oceniana w kategoriach godzenia się na wystąpienie skutku w postaci znacznej, przeważającej 200.000 zł. szkody majątkowej, ale jako element bezpodstawności przewidywania, iż skutek taki nie nastąpi.</xText>
          <xText>Podobnie oskarżony <xAnon>W. P.</xAnon>, działając zgodnie z wymaganiami, żądaniami i sugestiami <xAnon>J. K.</xAnon>, był przekonanym, że także i tym razem wszystko się powiedzie. Jako główny księgowy wiedział doskonale, iż w konsekwencji Spółdzielnia może ponieść szkodę, bowiem podejmowane decyzje są nazbyt ryzykowne, niemniej i on nie godził się na nastąpienie takiego skutku, lecz bezpodstawnie, ufając bezkrytycznie <xAnon>J. K.</xAnon>, liczył iż tego uniknie.</xText>
          <xText>Mając powyższe na uwadze Sąd Apelacyjny uznał, iż obaj oskarżeni dopuścili się przestępstwa z <xLexLink xArt="art. 1;art. 1 § 1;art. 1 § 3" xIsapId="WDU19941260615" xTitle="Ustawa z dnia 12 października 1994 r. o ochronie obrotu gospodarczego i zmianie niektórych przepisów prawa karnego" xAddress="Dz. U. z 1994 r. Nr 126, poz. 615">art. 1 § 1 i 3 ustawy z 12.X.1994 r. o ochronie obrotu gospodarczego</xLexLink> (…) działając nieumyślnie albowiem przewidując możliwość wyrządzenia Spółdzielni znacznej szkody majątkowej bezpodstawnie uznali, iż tego unikną, dlatego tez zmienił w tej części zaskarżony wyrok, uznając, iż podstawą wymiaru kary za to przestępstwo jest przepis art. 1 § 4 cyt. ustawy.</xText>
          <xText>Przechodząc do omówienia pozostałych zarzutów apelacji obrońcy oskarżonego <xAnon>J. K.</xAnon> na wstępie odnieść należy się do znajdującej się w aktach opinii biegłego <xAnon>E. W.</xAnon> (k. 1254-1263, 1278).</xText>
          <xText>Opinia ta, jak słusznie zauważył Sąd Wojewódzki jest jasna, pełna a wnioski w niej zawarte zasługują w pełni na akceptację. Biegły udzielił odpowiedzi na wszystkie postawione mu pytania, oczywiście te, na które zgodnie z udostępnionym mu materiałem dowodowym mógł udzielić odpowiedzi, uwzględnił wszystkie istotne dla rozstrzygnięcia konkretnej kwestii okoliczności i uzasadnił należycie wyrażone w niej oceny oraz poglądy.</xText>
          <xText>Na wyraźne żądanie oskarżonego biegły <xAnon>W.</xAnon> był wezwany na rozprawę i odniósł się do uwag poczynionych w związku z wydaną opinią i jak wnuka z protokołu rozprawy (k. 1278 odwrót) – strony oświadczyły, iż w ustnej opinii biegły ustosunkował się do tych kwestii, które budziły zastrzeżenia i nie domagają się dodatkowego uzupełnienia, a w takiej sytuacji musi budzić zdziwienie twierdzenie apelacji zarzucające przedmiotowej opinii niejasność.</xText>
          <xText>Jeżeli natomiast chodzi o przedstawione na piśmie przez oskarżonego <xAnon>J. K.</xAnon> zarzuty stawiane opinii, to nie stanowią one odrębnego dowodu, do którego sąd I instancji winien był odnieść się w uzasadnieniu zaskarżonego wyroku, są one bowiem oświadczeniem oskarżonego, które znalazło swoje odbicie w jego wyjaśnieniach, a te przecież zostały szczegółowo w uzasadnieniu omówione.</xText>
          <xText>Rzeczywiście rację ma apelacja podnosząc, iż ustalenie sądu, będące powielaniem zawartego w opinii stwierdzenia biegłego o braku wpisu do rejestru handlowego zakupu udziałów <xAnon> (...)</xAnon> bez dostatecznego badania dokumentów źródłowych mogło doprowadzić w konsekwencji do błędu w ustaleniach faktycznych, niemniej błąd ten nie mógł mieć żadnego wpływu na treść wyroku, tym samym więc nie może być mowy o konieczności jego uchylenia.</xText>
          <xText>Częściowo należy także zgodzić się z wywodami apelacji kwestionującymi wysokość przyjętej przez sąd szkody. Jak już wyżej wykazano, przeznaczenie znacznej części zaciągniętego kredytu dewizowego na wykup udziałów <xAnon> (...)</xAnon> było decyzją całkowicie nietrafioną i zmniejszenie aktywów Spółdzielni o kwotę 781.208 zł. niewątpliwie należy potraktować jako wyrządzenie jej szkody w takiej wysokości. Pobranie z kasy <xAnon> (...)</xAnon> na rzecz <xAnon> (...)</xAnon> kwoty 52.000 zł. jest także szkodą jaką Spółdzielnia poniosła i w tej części apelacja nie kwestionuje poczynionych przez sąd ustaleń.</xText>
          <xText>Jeżeli natomiast chodzi o kwotę 26.410 zł. będącą częścią w <xAnon> (...)</xAnon><xAnon>B.</xAnon>, to niewątpliwie jest ona nieuchronnym następstwem zaciągniętego pierwszego kredytu w wysokości 80.000 zł., nie zmienia to jednak faktu, iż zaciągnięcie tego ostatniego kredytu, a w konsekwencji zwiększenie pasywów Spółdzielni o kolejne 26.410 zł. było efektem tych samych, nietrafnych decyzji gospodarczych, które doprowadziły do zaciągnięcia kredytu dewizowego i jego nieracjonalnego rozdysponowania.</xText>
          <xText>Na marginesie należy zauważyć, iż oskarżony wcale nie musiał, zgodnie z zawartą ze <xAnon> (...)</xAnon> umową, zwracać zaliczki już w sierpniu 1992 r., chcąc jednak „wyjść z twarzą” wobec znanego mu właściciela spółki, nie zawahał się natychmiast wziąć kolejny kredyt, mimo iż wiedział, że sytuacja Spółdzielni jest już wręcz tragiczna.</xText>
          <xText>Sąd Apelacyjny zgodził się natomiast z zarzutem apelacji co do braku podstaw do przyjęcia wartości uiszczonego cła za sprowadzoną odzież, jako jednego ze składników szkody.</xText>
          <xText>Bezspornym jest, iż towar ten został następnie przekazany do sklepu Spółdzielni i tam sprzedany.</xText>
          <xText>Świadkowie: <xAnon>K. C.</xAnon> (k. 631) i <xAnon>B. G.</xAnon> (k. 613 t. V) twierdzili, iż sklep osiągnął duże dochody.</xText>
          <xText>Z faktu uiszczenia cła można więc wyciągnąć jedynie wniosek o osiągnięciu przez Spółdzielnię mniejszego od spodziewanego zysku, nie zaś o powstaniu szkody w takiej wysokości.</xText>
          <xText>To prawda, że przez szkodę majątkową jako skutek przestępstwa nadużycia zaufania należy rozumieć także utratę spodziewanych zysków, ale nie można sprowadzać tego pojęcia do sytuacji, jaka miała miejsce w przedmiotowej sprawie, bo przecież bez działania oskarżonego, w ogóle Spółdzielnia nie odniosłaby żadnych w tym zakresie korzyści.</xText>
          <xText>Z uwagi na powyższe, Sąd Apelacyjny także i w tej części zmienił zaskarżony wyrok i skorygował wartość szkody o kwotę 36.830,90 zł. – będącej równowartością uiszczonego cła, w pozostałym natomiast zakresie utrzymał tenże wyrok w mocy.</xText>
          <xText>W tym miejscu należy przejść do omówienia apelacji prokuratora, która zarzuca przede wszystkim rażącą niewspółmierność wymierzonych oskarżonym: <xAnon>J. K.</xAnon> i <xAnon>W. P.</xAnon> kar pozbawienia wolności.</xText>
          <xText>Gdyby Sąd Apelacyjny podzielił ocenę prawną zachowania się oskarżonych zaprezentowaną przez Sąd Wojewódzki, to apelacja prokuratora byłaby ze wszech miar słuszna, jednakże zawarte w miej wywody, w dużej mierze stały się bezprzedmiotowe, wobec uznania przez sąd odwoławczy, iż można oskarżonym przypisać jedynie winę nieumyślną.</xText>
          <xText>O stopniu społecznego niebezpieczeństwa poszczególnych przestępstw decyduje przede wszystkim sam ustawodawca, przewidując odpowiednie do tego stopnia granice zagrożenia karą. W przypadku, gdy ustawa przewiduje możliwość popełnienia jakiegoś przestępstwa z winy nieumyślnej, regułą jest, iż zagrożenie karne jest zdecydowanie łagodniejsze niż w przypadku takiego przestępstwa popełnionego z winy umyślnej i tak też się stało w przepisie <xLexLink xArt="art. 1;art. 1 § 4" xIsapId="WDU19941260615" xTitle="Ustawa z dnia 12 października 1994 r. o ochronie obrotu gospodarczego i zmianie niektórych przepisów prawa karnego" xAddress="Dz. U. z 1994 r. Nr 126, poz. 615">art. 1 § 4 ustawy z 12.X.1994 r. o ochronie obrotu gospodarczego</xLexLink> (…)</xText>
          <xText>Skoro więc nastąpiła zmiana wyroku przez przyjęcie w instancji odwoławczej innej kwalifikacji prawnej, a różnice w zakresie zagrożenia karą w stosunku do poprzedniej przyjętej kwalifikacji prawnej są istotnej, to obowiązkiem sądu było także odpowiednie dostosowanie kary do ustawowego zagrożenia przewidzianego w nowo przyjętej kwalifikacji prawnej.</xText>
          <xText>W przedmiotowej sprawie, zadaniem Sądu Apelacyjnego, wymierzona oskarżonym przez sąd I instancji kara, była rzeczywiście rażąco łagodna, gdyby przyjąć za prawidłową przyjętą przez ten sąd kwalifikację prawna przypisanych oskarżonemu czynów, staje się ona jednak karą adekwatną do stopnia ich zawinienia i spełniającą wszystkie ustawowe wymogi w odniesieniu do kwalifikacji prawnej przyjętej przez sąd odwoławczym.</xText>
          <xText>Należy podnieść, iż aczkolwiek przekroczenie przez oskarżonych swoich uprawnień było rażące, podobnie jak naruszenie przez nich zasad ostrożnego zachowania się, co generalnie podnosi stopień społecznego niebezpieczeństwa popełnionego przez nich przestępstwa nieumyślnego, to jednak względy prognostyczne przemawiają za warunkowym zawieszeniem wykonania wymierzonych im kar pozbawienia wolności. Ich dotychczasowy tryb życia, dobre opinie, niekaralność – wszystko to przemawia za stwierdzeniem, iż mimo niewykonania kary, jej cele zostaną osiągnięte i oskarżeni na drogę przestępstwa nie powrócą.</xText>
          <xText>Na zakończenie należy odnieść się do podnoszonego przez prokuratora zarzuty obrazy <xLexLink xArt="art. 58" xIsapId="WDU19970880553" xTitle="Ustawa z dnia 6 czerwca 1997 r. - Kodeks karny" xAddress="Dz. U. z 1997 r. Nr 88, poz. 553">art. 58 kk</xLexLink>, który został oceniony przez Sąd Apelacyjny za całkowicie chybiony.</xText>
          <xText>Konstrukcja przestępstwa ciągłego polega na tym, że szereg odrębnych czynów przestępnych przetworzonych i jednorazowych, które rozpatrywane oddzielnie stanowiłyby odrębne przestępstwa, jest traktowanych – pod pewnymi warunkami i w pewnych okolicznościach – jako jedno przestępstwo.</xText>
          <xText>Poszczególne działania oskarżonych, opisane szczegółowo przez sąd I instancji w części dyspozytywnej zaskarżonego wyroku, nie stanowią odrębnych przestępstw, są jedynie elementami rozciągniętego w czasie ich działania, które oceniane całościowo, zostało uznane za przestępstwo nadużycia zaufania, a w takiej sytuacji nie sposób uznać, iż Sąd Wojewódzki dopuścił się obrazy <xLexLink xArt="art. 58" xIsapId="WDU19970880553" xTitle="Ustawa z dnia 6 czerwca 1997 r. - Kodeks karny" xAddress="Dz. U. z 1997 r. Nr 88, poz. 553">art. 58 kk</xLexLink>.</xText>
          <xText>Mając to wszystko na uwadze, Sąd Apelacyjny orzekł jak w części dyspozytywnej wyroku.</xText>
        </xUnit>
      </xBlock>
    </xPart>
  </judgement>
<judgement id="151500000001006_II_AKa_000043_1999_Uz_1999-04-08_001">
    <xPart xEditorFullName="Magdalena Gierszner" xYear="1999" xLang="PL" xPublisherFullName="Renata Kopiec" xFromPg="1" xEditor="mgierszner" xVolType="15/150000/0001006/AKa" xPublisher="rkopiec" xDocType="Uz" xVolNmbr="000043" xVersion="1.0" xToPage="1" xFlag="published">
      <xName>Wyrok+Uzasadnienie</xName>
      <xBlock>
        <xText>Sygn. akt : II AKa 43/99</xText>
        <xUnit xIsTitle="true" xType="part" xBold="true">
          <xName>WYROK</xName>
          <xTitle>W IMIENIU RZECZYPOSPOLITEJ POLSKIEJ</xTitle>
          <xText xALIGNx="right">Dnia 8 kwietnia 1999 r.</xText>
          
          <xText>
            <xBx>Sąd Apelacyjny w Katowicach II Wydział Karny w składzie:</xBx>
          </xText>
          <xRows>
            <xCOLGROUPx>
              <xCOLx xWIDTHx="172"/>
              <xCOLx xWIDTHx="539"/>
            </xCOLGROUPx>
            <xRow>
              <xClmn xALIGNx="left" xVALIGNx="top">
                <xText xALIGNx="right">Przewodniczący</xText>
              </xClmn>
              <xClmn xALIGNx="left" xVALIGNx="top">
                <xText>SSA Jolanta Śpiechowicz</xText>
              </xClmn>
            </xRow>
            <xRow>
              <xClmn xALIGNx="left" xVALIGNx="top">
                <xText xALIGNx="right">Sędziowie</xText>
              </xClmn>
              <xClmn xALIGNx="left" xVALIGNx="top">
                <xText>SSA Jan Dybek (spr.)</xText>
                <xText>SSA Marek Michniewicz</xText>
              </xClmn>
            </xRow>
            <xRow>
              <xClmn xALIGNx="left" xVALIGNx="top">
                <xText xALIGNx="right">Protokolant</xText>
              </xClmn>
              <xClmn xALIGNx="left" xVALIGNx="top">
                <xText>Barbara Gawor</xText>
              </xClmn>
            </xRow>
          </xRows>
          <xText>przy udziale Prokuratora Prok. Apel. Andrzeja Jużkowa</xText>
          <xText>po rozpoznaniu w dniu 8 kwietnia 1999r. sprawy z wniosku</xText>
          <xText><xAnon>B. M.</xAnon>o zasądzenie odszkodowania i zadośćuczynienia za represjonowanie i śmierć <xAnon>W. J.</xAnon></xText>
          <xText>z powodu apelacji wniesionej przez pełnomocnika wnioskodawczyni</xText>
          <xText>od wyroku Sądu Wojewódzkiego w Katowicach</xText>
          <xText>z dnia 24 września 1998r., sygn. akt XVI1 Ko 65/98</xText>
          
          <xUnit xIsTitle="false" xType="none">
            <xName xSffx=".">1</xName>
            <xText>zaskarżony wyrok utrzymuje w mocy;</xText>
          </xUnit>
          <xUnit xIsTitle="false" xType="none">
            <xName xSffx=".">2</xName>
            <xText>obciąża Skarb Państwa kosztami postępowania odwoławczego.</xText>
          </xUnit>
          
          <xText>II AKa 43/99</xText>
        </xUnit>
        <xUnit xIsTitle="true" xType="part" xBold="true">
          <xName>UZASADNIENIE</xName>
          <xText>Wnioskodawczyni <xAnon>B. M.</xAnon>jest córką <xAnon>E. B. (1)</xAnon>z drugiego jej małżeństwa z <xAnon>E. B. (2)</xAnon>. Z tego związku urodził się również syn <xAnon>S. B.</xAnon>. <xAnon>E. B. (1)</xAnon>wniosła o zasądzenie od Skarbu Państwa na jej rzecz odszkodowania i zadośćuczynienia w łącznej kwocie 120.000 zł za pobyt w areszcie Powiatowego Urzędu Bezpieczeństwa Publicznego w <xAnon>Z.</xAnon>od 9 grudnia 1945r. jej pierwszego męża <xAnon>W. J.</xAnon>, który umarł tam w wyniku pobicia w dniu 14 stycznia 1946r. W toku postępowania <xAnon>E. B. (1)</xAnon>zmarła, w związku z czym sąd wojewódzki jej wniosek pozostawił bez rozpoznania. W tej sytuacji z wnioskami o odszkodowanie i zadośćuczynienie należne po <xAnon>W. J.</xAnon>, gdyby uznano go za represjonowanego wystąpili <xAnon>E. B. (2)</xAnon>, <xAnon>S. B.</xAnon>i <xAnon>B. M.</xAnon>. Swoje żądania uzasadnili tym, że skoro także roszczenie przysługiwało <xAnon>E. B. (1)</xAnon>, to oni nabyli po niej spadek po 1/3 części na mocy postanowienia Sądu Rejonowego w Myszkowie z dnia 27 stycznia 1998r. (sygn. akt I Ns 889/97).</xText>
          <xText>W/wymienionym wyrokiem z 24 września 1998r. sąd wojewódzki wnioski oddalił. W jego motywach wyraził pogląd, że zgodnie z treścią art. 8 ust. 1 ustawy z 23 lutego 1991r. (Dz. U. Nr 34, poz. 149) zwanej dalej lutową, uprawnienie do odszkodowania w razie śmierci represjonowanego przechodzi tylko na jego małżonka, dzieci i rodziców i nie należy do spadku po nich.</xText>
          <xText>Od tego wyroku apelację złożył pełnomocnik wnioskodawczyni <xAnon>B. M.</xAnon>. Zarzuca w niej naruszenie prawa materialnego i wnosi o zmianę zaskarżonego wyroku oraz zasądzenie dla <xAnon>B. M.</xAnon>stosownego odszkodowania.</xText>
          <xText>Sąd Apelacyjny zważył: Apelacja nie jest zasadna.</xText>
          <xText>Wbrew odmiennym zawartym w jej uzasadnieniu twierdzeniom, sąd wojewódzki poddał wszechstronnej i wnikliwej analizie orzecznictwo oraz praktykę sądową dotyczącą zagadnienia prawnego, o które chodzi w sprawie. Zwrócił też uwagę na niejednolitość orzecznictwa Sąd Najwyższego w omawianym zakresie, w szczególności zaś nie podzielił poglądu tegoż sądu zawartego w uchwale z 5 października 1995r. (OSNKW 1995, z.11-12, poz. 75) o tym, że takie roszczenia należą do spadku po uprawnionych następcach osoby represjonowanej.</xText>
          <xText>Poglądowi prawnemu zajętemu przez sąd wojewódzki w konkretnej sprawie nie można odmówić waloru słuszności. Wnioskodawczyni <xAnon>B. M.</xAnon>urodziła się ponad pięć lat po śmierci <xAnon>W. J.</xAnon>. Tak ona jak i pozostali wnioskodawcy, którzy nie złożyli apelacji są osobami dla tegoż zmarłego zupełnie obcymi. Nie negując w pewnym zakresie cywilno-prawnego charakteru roszczeń wynikających z ustawy lutowej odnoszącego się zwłaszcza do ustalenia zaistnienia szkody oraz rozmiaru krzywdy, wysokości odszkodowania, czy też nadużycia prawa w rozumieniu <xLexLink xArt="art. 5" xIsapId="WDU19640160093" xTitle="Ustawa z dnia 23 kwietnia 1964 r. - Kodeks cywilny" xAddress="Dz. U. z 1964 r. Nr 16, poz. 93">art. 5 kc</xLexLink>, to nie może to oznaczać, iż ten stan rzeczy odnosi się także do instytucji spadkobrania. Cytowany bowiem przepis art. 8 ust. 1 ustawy lutowej jednoznacznie i wyraźnie zawęża krąg osób uprawnionych do odszkodowania stwierdzając, że w razie śmierci represjonowanego, uprawnienie to przechodzi tylko na małżonka, dzieci i rodziców. Wyłączone są tu zatem osoby obce. Intencją tej ustawy jest by w razie śmierci represjonowanego z odszkodowania i zadośćuczynienia korzystały tylko osoby mu najbliższe, które żyły w tym czasie i cierpiały z powodu represjonowania ich męża, ojca lub dzieci. Nie ma żadnego racjonalnego powodu, który przemawiałby za tym, że korzyść materialną na takim uregulowaniu prawnym osiągnąć mogą osoby inne. Ponieważ apelacja jak też treść wniosków powołuje się także na to, że <xAnon>E. B. (1)</xAnon>wyraziła życzenie, by za uzyskane przez <xAnon>B. M.</xAnon>, <xAnon>S. B.</xAnon>i <xAnon>E. B. (2)</xAnon>odszkodowanie wystawili pomnik dla upamiętnienia <xAnon>W. J.</xAnon>(k.66), należy zająć stanowisko i w tej kwestii.</xText>
          <xText>Skoro stwierdzono niezasadność roszczeń tych osób, to dla takiego rozstrzygnięcia nie ma znaczenia to co deklarowała <xAnon>E. B. (1)</xAnon>przeznaczenie odszkodowania, które wedle treści jej testamentu otrzymać mieli wnioskodawcy.</xText>
          <xText>Nadto zauważyć należy, że niezależnie od odszkodowania i zadośćuczynienia, sąd może zasądzić od Skarbu Państwa pokrycie w całości lub w części kosztów symbolicznego upamiętnienia osoby niesłusznie represjonowanej (art. 9 i 11 ust. 2 ustawy lutowej). Z tym odrębnym jak z tego wynika roszczeniem wystąpić jednak mogą krewni w linii prostej, przysposabiający lub przysposobiony, rodzeństwo oraz małżonka, jak również organizacja zrzeszająca osoby represjonowane za działalność niepodległościową (art. 3 ust. 1 w zw. z art. 9 ust. 1 i art. 11 ust. 1 i 2 ustawy lutowej).</xText>
          <xText>Taką uprawnioną osobą nie jest więc wnioskodawczyni, ani pozostali wnioskodawcy.</xText>
          <xText>Z tych powodów orzec należało jak w części dyspozytywnej wyroku. <xBRx/>O kosztach postępowania za instancję odwoławczą orzeczono w myśl art. 13 tejże ustawy.</xText>
        </xUnit>
      </xBlock>
    </xPart>
  </judgement>
<judgement id="151500000001006_II_AKa_000072_1999_Uz_1999-05-13_001">
    <xPart xEditorFullName="Magdalena Gierszner" xYear="1999" xLang="PL" xPublisherFullName="Renata Kopiec" xFromPg="1" xEditor="mgierszner" xVolType="15/150000/0001006/AKa" xPublisher="rkopiec" xDocType="Uz" xVolNmbr="000072" xVersion="1.0" xToPage="1" xFlag="published">
      <xName>Wyrok+Uzasadnienie</xName>
      <xBlock>
        <xText>Sygn. akt: II AKa 72/99</xText>
        <xUnit xIsTitle="true" xType="part" xBold="true">
          <xName>WYROK</xName>
          <xTitle>W IMIENIU RZECZYPOSPOLITEJ POLSKIEJ</xTitle>
          <xText xALIGNx="right">Dnia 13 maja 1999 r.</xText>
          <xText>
            <xBx>Sąd Apelacyjny w Katowicach II Wydział Karny w składzie:</xBx>
          </xText>
          <xRows>
            <xCOLGROUPx>
              <xCOLx xWIDTHx="172"/>
              <xCOLx xWIDTHx="539"/>
            </xCOLGROUPx>
            <xRow>
              <xClmn xALIGNx="left" xVALIGNx="top">
                <xText xALIGNx="right">Przewodniczący</xText>
              </xClmn>
              <xClmn xALIGNx="left" xVALIGNx="top">
                <xText>SSA Barbara Suchowska</xText>
              </xClmn>
            </xRow>
            <xRow>
              <xClmn xALIGNx="left" xVALIGNx="top">
                <xText xALIGNx="right">Sędziowie</xText>
              </xClmn>
              <xClmn xALIGNx="left" xVALIGNx="top">
                <xText>SSA Marek Michniewski (spr.)</xText>
                <xText>SSA Jan Dybek</xText>
              </xClmn>
            </xRow>
            <xRow>
              <xClmn xALIGNx="left" xVALIGNx="top">
                <xText xALIGNx="right">Protokolant</xText>
              </xClmn>
              <xClmn xALIGNx="left" xVALIGNx="top">
                <xText>Barbara Gawor</xText>
              </xClmn>
            </xRow>
          </xRows>
          <xText>przy udziale Prokuratora Prok. Apel. Jolanty Cykowskiej</xText>
          <xText>po rozpoznaniu w dniu 13 maja 1999r.</xText>
          <xText>sprawy z wniosku <xAnon>C.</xAnon><xAnon>B.</xAnon> i <xAnon>J. B.</xAnon> o odszkodowanie i<xBRx/> zadośćuczynienie za doznaną krzywdę po <xAnon>K. B.</xAnon> w oparciu o przepisy ustawy rehabilitacyjnej z dnia 23 lutego 1991r. (Dz. U. Nr 34 poz. 149 z 1991r. z późniejszymi zmianami)</xText>
          <xText>z powodu apelacji wniesionej przez pełnomocnika wnioskodawców</xText>
          <xText>od wyroku Sądu Okręgowego w Bielsku - Białej</xText>
          <xText>z dnia 04 lutego 1999 r. sygn. akt III Ko 218/98</xText>
          
          <xUnit xIsTitle="false" xType="none">
            <xName xSffx=".">1</xName>
            <xText>utrzymuje w mocy zaskarżony wyrok,</xText>
          </xUnit>
          <xUnit xIsTitle="false" xType="none">
            <xName xSffx=".">2</xName>
            <xText>kosztami postępowania odwoławczego obciąża Skarb Państwa.</xText>
          </xUnit>
          <xText>II AKa 72/99</xText>
        </xUnit>
        <xUnit xIsTitle="true" xType="part" xBold="true">
          <xName>UZASADNIENIE</xName>
          <xText>Wyrokiem Sądu Okręgowego w Bielsku – Białej z dnia 4 lutego 1999 r. oddalono wniosek <xAnon>C. B.</xAnon> oraz <xAnon>J. B.</xAnon> o zasądzenie odszkodowania w oparciu o przepisy ustawy rehabilitacyjnej związane z represjami jakich doznali ze strony organów sądowych ówczesnego <xAnon> Związku (...)</xAnon> w okresie od 20 września 1939 r. /data aresztowania zatrzymania <xAnon>J. F.</xAnon> – kapitana Wojska Polskiego/ oraz jego stracenia co nastąpiło na terenie <xAnon>C.</xAnon> w 1940 r., a co do <xAnon>K. B.</xAnon> deportowanie jej w 1940 r. do ZSRR, a następnie skazanie w 1943 r. na karę 2 lat pozbawienia wolności za odmowę przyjęcia radzieckiego dowodu osobistego.</xText>
          <xText>Powyższy wyrok zaskarżył pełnomocnik wnioskodawców w części dotyczącej odmowy odszkodowania za represje jakich doznała <xAnon>K. B.</xAnon>.</xText>
          <xText>Apelacja zarzuca:</xText>
          <xEnum>
            <xBullet>-</xBullet>
            <xEnumElem>
              <xText>błąd w ustaleniach faktycznych przyjętych za podstawę orzeczenia, który mógł mieć wpływ na treść tego orzeczenia polegający na przyjęciu, <xBRx/>że represje dotknęły rodzinę wnioskodawców w latach 1939 – 1940.</xText>
            </xEnumElem>
          </xEnum>
          <xText>Podnosząc ten zarzut autor apelacji wnosi o uchylenie zaskarżonego wyroku <xBRx/>w szczególności z tego powodu, iż Sąd I instancji przyjął, że represje /wobec <xAnon>K. B.</xAnon>/ miały miejsce w 1939 – 1940 r., podczas gdy <xAnon>K. B.</xAnon> przebywała <xBRx/>w więzieniu radzieckim od 13 marca 1943 r. do 9 maja 1944 r. i należy to uważać jako kontynuację represji, które miały miejsce w latach 1939 i 1940 r. na terytorium Państwa Polskiego w granicach określonych Traktatem Ryskim.</xText>
          <xText>Sąd Apelacyjny zważył co następuje:</xText>
          <xText>Zażalenie nie jest zasadne.</xText>
          <xText>Omawiana wyżej kwestia jest uregulowana w znowelizowanym <xLexLink xArt="art. 8;art. 8 ust. 2 a;art. 8 ust. 2 b" xIsapId="WDU19980970604" xTitle="Ustawa z dnia 16 lipca 1998 r. o zmianie ustawy o uznaniu za nieważne orzeczeń wydanych wobec osób represjonowanych za działalność na rzecz niepodległego bytu Państwa Polskiego" xAddress="Dz. U. z 1998 r. Nr 97, poz. 604">art. 8 ust. 2a <xBRx/>i 2b</xLexLink> /<xLexLink xArt="" xIsapId="WDU19980970604" xTitle="Ustawa z dnia 16 lipca 1998 r. o zmianie ustawy o uznaniu za nieważne orzeczeń wydanych wobec osób represjonowanych za działalność na rzecz niepodległego bytu Państwa Polskiego" xAddress="Dz. U. z 1998 r. Nr 97, poz. 604">ustawa z dnia 16 lipca 1998 r. o zmianie ustawy o uznaniu za nieważne orzeczeń wydanych wobec osób represjonowanych za działalność na rzecz niepodległego bytu Państwa Polskiego</xLexLink> Dz. U. Nr 97 poz. 604/.</xText>
          <xText>Z akt sprawy wynika, iż jeżeli chodzi o <xAnon>K. B.</xAnon> te represje miały mieć postać:</xText>
          <xUnit xIsTitle="false" xType="none">
            <xName xSffx=".">1</xName>
            <xText>w 1940 r. została deportowana z <xAnon>T.</xAnon>do <xAnon>N.</xAnon>, a następnie do <xAnon>T.(1)</xAnon> /k. 7v/,</xText>
          </xUnit>
          <xUnit xIsTitle="false" xType="none">
            <xName xSffx=".">2</xName>
            <xText>dnia 23 marca 1943 r. została skazana przez Sąd Ludowy 3 – go Obwodu dla miasta <xAnon>M.</xAnon>z <xLexLink xArt="cz. 2" xIsapId="WDU19970880553" xTitle="Ustawa z dnia 6 czerwca 1997 r. - Kodeks karny" xAddress="Dz. U. z 1997 r. Nr 88, poz. 553">art. 67 – 1 cz. II Kodeksu karnego</xLexLink> Turkmeńskiej Republiki Radzieckiej na karę 2 lat pozbawienia wolności, którą odbyła <xBRx/>od 13 marca 1943 r. do 9 maja 1944 r. za naruszenie obowiązku posiadania dowodu osobistego /rep. turkmeńskiej wzgl. Radzieckiej k. 2-4 akt <xBRx/>SW w Bielsku – Białej sygn. III Ko 219/98/.</xText>
          </xUnit>
          <xText>Oby tych represji nie można jednak z sobą wiązać, bo przecież pierwsza z nich nie spowodowała automatycznego niejako skazania przez tzw. Sąd <xAnon> (...)</xAnon> Turkmeńskiej Republiki Radzieckiej.</xText>
          <xText>Odnośnie sytuacji opisanej w punkcie 1 miała ona miejsce w <xAnon>T.</xAnon>, a więc na terytorium Polski w granicach ustalonych w Traktacie Ryskim i chodzi w tym wypadku o rok 1940.</xText>
          <xText>Aby można było uwzględnić wniosek o odszkodowanie, zgodnie z treścią <xBRx/>art. 8 ust. 2a, Skarb Państwa ponowi odpowiedzialność za represje stosowane wobec obywateli polskich w okresie od 1 stycznia 1944 r. do 31 grudnia 1956 r. przy czym wymogiem koniecznym jest stosowanie represji na terytorium Polski.</xText>
          <xText>Jedynie w 1940 r. można by przyjąć, iż represje wobec <xAnon>K. B.</xAnon> stosowane były na terytorium Państwa Polskiego, ale nie spełnia to formalnego wymogu z art. 8 ust. 2a stosowania represji w okresie od 1 stycznia 1944 r. do <xBRx/>31 grudnia 1956 r.</xText>
          <xText>Jeżeli chodzi o kwestię opisaną w punkcie 2, to również roszczenie jest bezzasadne, chociażby z tego formalnego powodu, iż skazanie <xAnon>K. B.</xAnon>przez tzw. Sąd Ludowy jak i odbywanie kar więzienia miało miejsce poza terytorium Polski, co również powoduje brak przesłanek z art./ 8 ust. 2a do zasądzenia odszkodowania <xBRx/>i jedynie w tym fragmencie uzasadnienie Sądu Okręgowego wymagało uzupełnienia.</xText>
        </xUnit>
      </xBlock>
    </xPart>
  </judgement>
<judgement id="151500000001006_II_AKa_000115_1999_Uz_1999-05-20_001">
    <xPart xEditorFullName="Magdalena Gierszner" xYear="1999" xLang="PL" xPublisherFullName="Renata Kopiec" xFromPg="1" xEditor="mgierszner" xVolType="15/150000/0001006/AKa" xPublisher="rkopiec" xDocType="Uz" xVolNmbr="000115" xVersion="1.0" xToPage="1" xFlag="published">
      <xName>Wyrok+Uzasadnienie</xName>
      <xBlock>
        <xText>Sygn. akt: II AKa 115/99</xText>
        <xUnit xIsTitle="true" xType="part" xBold="true">
          <xName>WYROK</xName>
          <xTitle>W IMIENIU RZECZYPOSPOLITEJ POLSKIEJ</xTitle>
          <xText xALIGNx="right">Dnia 20 maja 1999 r.</xText>
          <xText>
            <xBx>Sąd Apelacyjny w Katowicach II Wydział Karny w składzie:</xBx>
          </xText>
          <xRows>
            <xCOLGROUPx>
              <xCOLx xWIDTHx="172"/>
              <xCOLx xWIDTHx="539"/>
            </xCOLGROUPx>
            <xRow>
              <xClmn xALIGNx="left" xVALIGNx="top">
                <xText xALIGNx="right">Przewodniczący</xText>
              </xClmn>
              <xClmn xALIGNx="left" xVALIGNx="top">
                <xText>SSA Marek Michniewski</xText>
              </xClmn>
            </xRow>
            <xRow>
              <xClmn xALIGNx="left" xVALIGNx="top">
                <xText xALIGNx="right">Sędziowie</xText>
              </xClmn>
              <xClmn xALIGNx="left" xVALIGNx="top">
                <xText>SSA Barbara Suchowska</xText>
                <xText>SSO del. Paweł Węgrzynek (spr.)</xText>
              </xClmn>
            </xRow>
            <xRow>
              <xClmn xALIGNx="left" xVALIGNx="top">
                <xText xALIGNx="right">Protokolant</xText>
              </xClmn>
              <xClmn xALIGNx="left" xVALIGNx="top">
                <xText>Barbara Gawor</xText>
              </xClmn>
            </xRow>
          </xRows>
          <xText>przy udziale Prokuratora Prok. Apel. Janusza Konstantego</xText>
          <xText>po rozpoznaniu w dniu 20 maja 1999r.</xText>
          <xText>sprawy z wniosku <xAnon>B. S.</xAnon> w przedmiocie odszkodowania</xText>
          <xText>z powodu apelacji, wniesionej przez prokuratora</xText>
          <xText>od wyroku Sądu Okręgowego w Katowicach</xText>
          <xText>z dnia 10 marca 1999r. sygn. akt XVI1 Ko 459/96</xText>
          
          <xText>zmienia zaskarżony wyrok w pkt. 1 w ten sposób, że zasądzone odszkodowanie i zadośćuczynienie podwyższa do kwoty 1.350 (jeden tysiąc trzysta pięćdziesiąt) złotych z ustawowymi odsetkami od dnia 20 maja 1999r., zaś kosztami postępowania odwoławczego obciąża Skarb Państwa.</xText>
          
          <xText>II AKa 115/99</xText>
        </xUnit>
        <xUnit xIsTitle="true" xType="part" xBold="true">
          <xName>UZASADNIENIE</xName>
          <xText>Wnioskodawczyni <xAnon>B. S.</xAnon>wniosła o zasądzenie od Skarbu Państwa na jej rzecz kwoty 10.000 zł tytułem odszkodowania i zadośćuczynienia za pobyt w areszcie i skazanie jej ojca <xAnon>P. S.</xAnon>orzeczeniem Komisji Specjalnej w <xAnon>R.</xAnon>z dnia 3 stycznia 1953r.</xText>
          <xText>Wyrokiem z dnia 10 marca 1999r. sygn. XVI 1Ko 459/96, Sąd Okręgowy <xBRx/>w Katowicach:</xText>
          <xUnit xIsTitle="false" xType="none">
            <xName xSffx=".">1</xName>
            <xText>zasądził od Skarbu Państwa na rzecz <xAnon>B. S.</xAnon>, córki <xAnon>P.</xAnon>i <xAnon>S.</xAnon>, <xAnon>ur. (...)</xAnon>kwotę 1.150 zł tu tłem odszkodowania i zadośćuczynienia za represjonowanie <xAnon>P. S.</xAnon>, syna <xAnon>M.</xAnon>i <xAnon>M.</xAnon><xAnon>ur. (...)</xAnon>z ustawowymi odsetkami od dnia prawomocności wyroku;</xText>
          </xUnit>
          <xUnit xIsTitle="false" xType="none">
            <xName xSffx=".">2</xName>
            <xText>w pozostałej części żądanie wniosku oddalił;</xText>
          </xUnit>
          <xUnit xIsTitle="false" xType="none">
            <xName xSffx=".">3</xName>
            <xText>kosztami postępowania obciążył Skarb Państwa.</xText>
          </xUnit>
          <xText>Wyrok ten w całości na korzyść wnioskodawczyni <xAnon>B. S.</xAnon> zaskarżył Prokurator Okręgowy w Katowicach, zarzucając obrazę prawa materialnego, a to <xLexLink xArt="art. 8;art. 8 ust. 1;art. 8 ust. 1 zd. 2" xIsapId="WDU19910340149" xTitle="Ustawa z dnia 23 lutego 1991 r. o uznaniu za nieważne orzeczeń wydanych wobec osób represjonowanych za działalność na rzecz niepodległego bytu Państwa Polskiego" xAddress="Dz. U. z 1991 r. Nr 34, poz. 149">art. 8 ust. 1 zdanie 2 ustawy z dnia 23 lutego 1991r. o uznaniu za nieważne orzeczeń wydanych wobec osób represjonowanych za działalność na rzecz niepodległego bytu Państwa Polskiego</xLexLink> /Dz. U. Nr 34, poz. 149 z późn. zmianami/, poprzez wyrażenie błędnego poglądu prawnego, jakoby uprawnienie do dochodzenia roszczeń z tytułu odszkodowania i zadośćuczynienia za doznaną krzywdę wynikające z powołanej ustawy przysługuje osobom innym niż wymienione w powołanym przepisie, podczas gdy prawidłowa jego wykładnia prowadzi do wniosku, iż uprawnienie to przysługuje wyłącznie małżonkowi, dzieciom i rodzicom osoby represjonowanej i wnosząc o zmianę zaskarżonego orzeczenia poprzez zasądzenie na rzecz wnioskodawczyni kwoty 600 zł tytułem odszkodowania oraz 750 zł tytułem zadośćuczynienia za krzywdę doznaną przez jej ojca.</xText>
          <xText>Na rozprawie apelacyjnej prokurator zmodyfikował apelację w ten sposób, że zaskarżył tylko punkt 1 zaskarżonego wyroku w ten sposób, iż wniósł o zasądzenie od Skarbu Państwa łącznej kwoty 1.350 zł tj. o podwyższenie zasądzonego odszkodowania <xBRx/>o kwotę 200 zł /k. 93 verte/.</xText>
          <xText>Apelację prokuratora uznać należy za zasadną.</xText>
          <xText>Na wstępie stwierdzić należy, że zagadnienie podniesione w apelacji nie znajduje jednolitego rozstrzygnięcia w orzecznictwie sądowym. Z jednej strony orzecznictwo stwierdza, że w razie śmierci osoby represjonowanej legitymacja czynna do wystąpienia <xBRx/>z roszczeniem o odszkodowanie i zadośćuczynienie za doznaną krzywdę przechodzi jedynie na wyraźnie, kategorycznie określony krąg osób represjonowanemu bliskich, <xBRx/>a mianowicie jego małżonka, dzieci i rodziców, a przepis art. 8 ust. 1 zd. 2 ustawy lutowej nie rozszerza tego kręgu na spadkobierców, niezależnie od tego, czy następca represjonowanego zmarł przed wejściem w życie wspomnianego aktu prawnego, czy też nie dożył prawomocnego orzeczenia sądu, będącego konsekwencją jego wniosku /tak uchwała SN z dnia 6.05.1992r. I KZP 13/92 – OSNKW 1992, nr 7-8, poz. 55, uchwała SN z 28.07.1994r. sygn. I KZP 17/94, uzasadnienie uchwały siedmiu sędziów SN z dnia 27.01.1993r. I KZP 35/92 – OSNKW 1993r. z. 3-4, poz. 16, a także postanowienie SA <xBRx/>w Katowicach z dnia 30.11.1993r. sygn. II AKo 225/93 OSA 1994r., nr 6, poz. 43, postanowienie SA w Katowicach z dnia 17.07.1997r. sygn. II AKo 104/97, postanowienie SA w Łodzi z 27.07.1993r. sygn. II Kz 236/93, <xLexLink xArt="" xIsapId="WDU19820300210" xTitle="Ustawa z dnia 16 września 1982 r. - Prawo spółdzielcze" xAddress="Dz. U. z 1982 r. Nr 30, poz. 210">PS</xLexLink> wkładka 1993 Nr 10 poz. 5, postanowienie SA w Krakowie z dnia 1.09.1994r. sygn. II AKz 180/94 – KZS 1994 Nr 9 poz. 23/.</xText>
          <xText>Z drugiej jednak strony istnieje również orzecznictwo prezentujące pogląd przeciwny /uchwała składu siedmiu sędziów SN z dnia 5 października 1995r. I KZP 23/95 – OSNKW 1995 Nr 11-12 poz. 73, postanowienie Sądu Apelacyjnego w Katowicach z dnia 26.11.1998r. sygn. II AKo 232/98/.</xText>
          <xText>Wyżej cytowana uchwała składu siedmiu sędziów SN sygn. I KZP 23/95 spotkała się z krytyką doktryny wyrażona w glosie <xAnon>W. M.</xAnon> /OSP 1996r. Nr 5 poz. 91/, wręcz sprowadzającą się do tezy, że Sąd Najwyższy uchwałą tę podjął contra legem.</xText>
          <xText>Sąd Apelacyjny w składzie niniejszym utożsamia się z poglądem, że w razie śmierci osoby represjonowanej, uprawnienie do odszkodowania za poniesioną szkodę i zadośćuczynienie za doznaną krzywdę przechodzi jedynie na osoby ściśle wymienione <xBRx/>w art. 8 ust. 1 ustawy lutowej, a więc na małżonka, dzieci i rodziców.</xText>
          <xText>W tym zakresie podzielić należy apelację prokuratora, że przepis art. 8 ust. 1 zd. 2 ustawy lutowej jest odrębnym źródłem praw o charakterze obligatoryjnym. Niewątpliwie roszczenia przewidziane w tym przepisie mają charakter roszczeń deliktowych, jednak norma ta jest przepisem szczególnym, wskazującym m.in. precyzyjnie krąg osób uprawnionych do dochodzenia roszczeń po zmarłej osobie represjonowanej.</xText>
          <xText>Uwzględniając powyższe dojść należy do wniosku, że nie istnieją jakiekolwiek racjonalne powody do stosowania wykładni niż językowa, przeto z treści art. 8 ust. 1 zd. 2 wynika jednoznacznie, że osobami uprawnionymi do żądania odszkodowania i zadośćuczynienia za doznaną krzywdę w razie śmierci osoby represjonowanej są jedynie małżonek, dzieci i rodzice, zaś z przepisu tego nie wynika, by roszczenie to przechodziło na innych spadkobierców osoby zmarłej.</xText>
          <xText>Przechodząc na realia sprawy niniejszej dojść więc należy do wniosku, że po zmarłym <xAnon>P. S.</xAnon>, uprawnionymi z art. 8 ust. 1 zd. 2 ustawy lutowej są jedynie obecnie żyjące jego dzieci, a to wnioskodawczyni <xAnon>B. S.</xAnon>oraz <xAnon>M. S.</xAnon>, gdyż wcześniej zmarli już żona <xAnon>P. S.</xAnon><xAnon>S.</xAnon><xAnon>S.</xAnon>/odpis aktu zgonu k. 60/ <xBRx/>i jego syn <xAnon>A. S.</xAnon>/odpis aktu zgonu k. 59/.</xText>
          <xText><xAnon>M. S.</xAnon>otrzymała już stosowne odszkodowanie /postanowienie k. 46 akt II Ko Sądu Wojewódzkiego w Krośnie/, przeto wnioskodawczyni należy się połowa odszkodowania i zadośćuczynienia za doznaną krzywdę po zmarłym ojcu <xAnon>P. S.</xAnon>.</xText>
          <xText>Z niekwestionowanych ustaleń sądu I instancji wynika, że represjonowany <xAnon>P. S.</xAnon>był pozbawiony wolności przez 2 miesiące, a przyjmując wysokość należnego mu odszkodowania za miesiąc w kwocie 600 zł, całość odszkodowania z tego tytułu wynosi 1.200 zł. Tytułem zadośćuczynienia za doznaną krzywdę sąd ten przyjął kwotę po 750 zł za miesiąc pozbawienia wolności, czyli całość zadośćuczynienia nie wynosi 1.500 zł.</xText>
          <xText>Skoro zaś, jak to już wyżej stwierdzono, roszczenie po zmarłym <xAnon>A. S.</xAnon>nie przechodzi na jego syna a wnuka <xAnon>P. S.</xAnon>, przeto uprawnionymi do otrzymania odszkodowania za szkody i zadośćuczynienie za krzywdy są jedynie <xAnon>M. B.</xAnon>i wnioskodawczyni tj. <xAnon>B. S.</xAnon>, przeto całość należnej kwoty należy podzielić przez 2, a więc na rzecz wnioskodawczyni należało zasądzić ½ kwoty odszkodowania za szkodę tj. 600 zł i ½ kwoty zadośćuczynienia tj. 750 zł, a więc łącznie 1.350 zł.</xText>
          <xText>Sąd I instancji zasądził jedynie 1.150 zł, przeto Sąd Apelacyjny podwyższył tą kwotę do 1.350 zł z ustawowymi odsetkami od dnia prawomocności wyroku tj. od dnia 20 maja 1999r., uwzględniając tym samym zmodyfikowana apelację prokuratora.</xText>
          <xText>Orzeczenie o kosztach oparte jest na treści art. 13 ustawy z 23.02.1991r. /Dz. U. Nr 34 poz. 149 z późniejszymi zmianami/.</xText>
        </xUnit>
      </xBlock>
    </xPart>
  </judgement>
<judgement id="151500000001006_II_AKa_000091_1999_Uz_1999-05-27_001">
    <xPart xEditorFullName="Magdalena Gierszner" xYear="1999" xLang="PL" xPublisherFullName="Renata Kopiec" xFromPg="1" xEditor="mgierszner" xVolType="15/150000/0001006/AKa" xPublisher="rkopiec" xDocType="Uz" xVolNmbr="000091" xVersion="1.0" xToPage="1" xFlag="published">
      <xName>Wyrok+Uzasadnienie</xName>
      <xBlock>
        <xText>Sygn. akt: II AKa 91/99</xText>
        <xUnit xIsTitle="true" xBold="true" xType="part">
          <xName>WYROK</xName>
          <xTitle>W IMIENIU RZECZYPOSPOLITEJ POLSKIEJ</xTitle>
          <xText xALIGNx="right">Dnia 27 maja 1999 r.</xText>
          <xText>
            <xBx>Sąd Apelacyjny w Katowicach II Wydział Karny w składzie:</xBx>
          </xText>
          <xRows>
            <xCOLGROUPx>
              <xCOLx xWIDTHx="172"/>
              <xCOLx xWIDTHx="539"/>
            </xCOLGROUPx>
            <xRow>
              <xClmn xALIGNx="left" xVALIGNx="top">
                <xText xALIGNx="right">Przewodniczący</xText>
              </xClmn>
              <xClmn xALIGNx="left" xVALIGNx="top">
                <xText>SSA Jolanta Śpiechowicz (spr.)</xText>
              </xClmn>
            </xRow>
            <xRow>
              <xClmn xALIGNx="left" xVALIGNx="top">
                <xText xALIGNx="right">Sędziowie</xText>
              </xClmn>
              <xClmn xALIGNx="left" xVALIGNx="top">
                <xText>SSA Marek Michniewski</xText>
                <xText>SO del. Bożena Brewczyńska</xText>
              </xClmn>
            </xRow>
            <xRow>
              <xClmn xALIGNx="left" xVALIGNx="top">
                <xText xALIGNx="right">Protokolant</xText>
              </xClmn>
              <xClmn xALIGNx="left" xVALIGNx="top">
                <xText>Barbara Gawor</xText>
              </xClmn>
            </xRow>
          </xRows>
          <xText>przy udziale Prokuratora Prok. Apel. Stefana Jarskiego</xText>
          <xText>po rozpoznaniu w dniu 27 maja 1999r.</xText>
          <xText>sprawy z wniosku <xAnon>M. Ł.</xAnon> w przedmiocie odszkodowania</xText>
          <xText>w oparciu o przepis art. 8 ustęp 2a ustawy z dnia 23 lutego 1991r.</xText>
          <xText>z powodu apelacji, wniesionej przez pełnomocnika wnioskodawcy</xText>
          <xText>od wyroku Sądu Okręgowego w Katowicach</xText>
          <xText>z dnia 11 lutego 1999r. sygn. akt XVI1 Ko 522/95</xText>
          
          <xText>uchyla zaskarżony wyrok w pkt. 2 i w tej części przekazuje sprawę do ponownego rozpoznania Sądowi Okręgowemu w Katowicach.</xText>
          
          <xText>II AKa 91/99</xText>
        </xUnit>
        <xUnit xIsTitle="true" xBold="true" xType="part">
          <xName>UZASADNIENIE</xName>
          <xText>Wnioskodawca <xAnon>M. Ł.</xAnon> wniósł o zasądzenie od Skarbu Państwa na jego rzecz łącznie kwoty 97.489 zł. tytułem odszkodowania i zadośćuczynienia za jego skazanie przez władze radzieckie i pobyt w łagrach b. ZSRR.</xText>
          <xText>Na powyższą kwotę składa się odszkodowanie w kwocie 47.489 zł i zadośćuczynienie w kwocie 50.000 zł.</xText>
          <xText>Wyrokiem z dnia 11 lutego 1999r. sygn. XVI1 Ko 522/95 Sąd Okręgowy w Katowicach zasądził od Skarbu Państwa na rzecz <xAnon>M. Ł.</xAnon> 52.400 zł z ustawowymi odsetkami od dnia prawomocności wyroku tytułem zadośćuczynienia za represjonowanie przez radzieckie organy ścigania i wymiaru sprawiedliwości, w pozostałej części żądanie wniosku oddalił, obciążając kosztami postępowania Skarb Państwa.</xText>
          <xText>Apelacja od powyższego wyroku, złożona przez pełnomocnika wnioskodawcy dotyczyła jedynie oddalenia wniosku w zakresie żądanego odszkodowania w wysokości 45.089 zł i wnosiła o zasądzenie żądanej kwoty oraz przyznanie zwrotu kosztów zastępstwa adwokackiego w wysokości 150 zł.</xText>
          <xText>W swoim piśmie z dnia 18.03.1999r. wnioskodawca rozszerza w tym zakresie swoje żądania i wywodzi, że należne odszkodowanie winno zostać zasądzone w kwocie 163.612,68 zł.</xText>
          <xText>Sąd Apelacyjny uznał wniesioną apelację za zasadną na tyle, iż skutkiem jej rozpoznania stało się uchylenie wyroku w zaskarżonej części i przekazanie sprawy do ponownego rozpoznania Sądowi I instancji.</xText>
          <xText>Nie podlega wątpliwości, iż zgodnie z art. 8 ust. 1 i 2a ustawy z dnia 23.02.1991r. (Dz. U. Nr 34 poz. 149 z późniejszymi zmianami) wnioskodawcy przysługuje od Skarbu Państwa odszkodowanie za poniesioną szkodę i zadośćuczynienie za doznaną krzywdę, wynikłe z wydania orzeczenia będącego represją za działalność na rzecz niepodległego bytu Państwa Polskiego.</xText>
          <xText>Zgodnie z art. 8 ust. 3 tejże ustawy, w postępowaniu o odszkodowanie i zadośćuczynienie mają zastosowanie przepisy <xLexLink xArt="" xIsapId="WDU19970890555" xTitle="Ustawa z dnia 6 czerwca 1997 r. - Kodeks postępowania karnego" xAddress="Dz. U. z 1997 r. Nr 89, poz. 555">Kodeksu postępowania karnego</xLexLink> (aktualnie przepisy <xLexLink xArt="rozdział 8" xIsapId="WDU19970890555" xTitle="Ustawa z dnia 6 czerwca 1997 r. - Kodeks postępowania karnego" xAddress="Dz. U. z 1997 r. Nr 89, poz. 555">rozdziału 8 kpk</xLexLink>), natomiast dotychczasowe orzecznictwo Sądu Najwyższego wyjaśniło, że roszczenia te mają charakter cywilno – prawny (Uchwała składu 7 sędziów z 28.10.1993r. OSNKW 1993 z. 11-12 p. 67).</xText>
          <xText>Z wyżej wyrażonego stanowiska wynika jednoznacznie, że wnioskodawcy przysługuje roszczenie o odszkodowanie za poniesioną szkodę i zadośćuczynienie za doznaną krzywdę.</xText>
          <xText>To ostatnie zostało zasądzone przez Sąd I instancji i w tym zakresie postanowienie prawomocne i wykonalne. Pozostaje więc zagadnienie odszkodowania za poniesioną szkodę.</xText>
          <xText>W tym zakresie Sąd I instancji stwierdza w uzasadnieniu zaskarżonego wyroku, że odszkodowanie za straty materialne wynikające z represjonowania wnioskodawcy nie przysługuje, gdyż wnioskodawca w chwili aresztowania był uczniem, zaś odszkodowanie takie przysługuje tylko osobom, które w chwili aresztowania pracowały zarobkowo.</xText>
          <xText>Sąd Apelacyjny nie podziela takiego stanowiska.</xText>
          <xText>Należy podnieść, że już w uchwale Zgromadzenia Ogólnego Sądu Najwyższego z dnia 7 czerwca 1958r. (OSN 1958 z. IV p. 34) Sąd ten podawał, że „jedną ze szkód objętych <xLexLink xArt="art. 510" xIsapId="WDU19280330313" xTitle="Rozporządzenie Prezydenta Rzeczypospolitej z dnia 19 marca 1928 r. - Kodeks postępowania karnego" xAddress="Dz. U. z 1928 r. Nr 33, poz. 313">art. 510 kpk z 1928r.</xLexLink> (aktualnie <xLexLink xArt="art. 552" xIsapId="WDU19280330313" xTitle="Rozporządzenie Prezydenta Rzeczypospolitej z dnia 19 marca 1928 r. - Kodeks postępowania karnego" xAddress="Dz. U. z 1928 r. Nr 33, poz. 313">art. 552 kpk</xLexLink>) jest pogorszenie się położenia majątkowego, wywołane uniemożliwieniem poszkodowanemu pracy zarobkowej przez okres odbywania kary lub tymczasowego aresztowania. Szkoda tego rodzaju nie jest sumą utraconych zarobków, lecz różnicą między stanem majątkowym jaki by istniał, gdyby poszkodowanego nie uwięziono, a stanem rzeczywistym w chwili odzyskania wolności…” przy czym powstanie i rozmiar takiej szkody zależne sąd od tego, czy i jakie poszkodowany miałby możliwości zarobkowe, gdyby pozostawał na wolności i w jakim zakresie byłby je rzeczywiście wykorzystał, jaki wydatki poniósłby na utrzymanie własne i rodziny, wychowanie i kształcenie dzieci, na potrzeby kulturalne, rozrywkowe i inne, czy i ile poświęciłby na oszczędności lub zwiększenie trwałych składników majątku, na jakie mógłby być narażony straty (porównaj Zb. Gostyński, Komentarz Kpk, 1998r. str. 780-781 t. II)</xText>
          <xText>Z powyższego wynika jednoznacznie, że prawa do odszkodowania nie należy wiązać tylko i wyłącznie z zagadnieniem, czy osoba poszkodowana pracowała w chwili aresztowania, a następnie skazania, czy też nie pracowała, przy czym niewątpliwie inaczej należy ocenić to zagadnienie w sytuacji gdy dana osoba w chwili aresztowania będąc kilkunastoletnim człowiekiem uczyła się, a więc prowadziła odpowiedni do wieku tryb życia, inaczej zaś, jeżeli była osobą dorosłą, a brak zatrudnienia wiązał się z prezentowana przezeń filozofią życiową.</xText>
          <xText>Z uwagi na fakt, iż Sąd I instancji nie poczynił żadnych ustaleń w tym zakresie, a stwierdził jedynie, że wnioskodawcy odszkodowanie się nie należy, gdyż w chwili aresztowania był uczniem, Sąd Apelacyjny uchylił wyrok w zaskarżonej części i przekazał sprawę do ponownego rozpoznania Sądowi I instancji, w trakcie którego należy przede wszystkim dokładnie przesłuchać wnioskodawcę na okoliczność kiedy i jaką szkołę skończyłby, jaka była jego sytuacja rodzinna i majątkowa (czy mógłby dalej się uczyć, czy ewentualnie zmuszony byłby do pomagania rodzicom w gospodarce, bądź też do podjęcia pracy, jakie w ówczesnym czasie w miejscu zamieszkania wnioskodawcy istniały możliwości wykonywania pracy itp.) – co dopiero pozwoli ustalić, czy i w jakiej wysokości odszkodowanie za okres, w którym był pozbawiony wolności, należy mu się.</xText>
          <xText>W razie ustalenia, że odszkodowanie, o którym mowa wnioskodawcy przysługuje, niewątpliwie ścisłe udowodnienie owej kwoty okaże się niemożliwe, dlatego też Sąd winien wówczas, stosują w drodze analogii zasadę <xLexLink xArt="art. 322" xIsapId="WDU19640430296" xTitle="Ustawa z dnia 17 listopada 1964 r. - Kodeks postępowania cywilnego" xAddress="Dz. U. z 1964 r. Nr 43, poz. 296">art. 322 kpc</xLexLink> oznaczyć wysokość powyższej szkody według własnej oceny po rozważeniu całokształtu sprawy, przy czym oczywiście należy uwzględnić także i fakt, że w początkowych latach zatrudnienia, mając podstawowe lub zawodowe wykształcenie, nie zarabia się nawet średniej krajowej, a otrzymuje się płacę minimalną.</xText>
          <xText>Mając powyższe na uwadze orzeczono jak w części dyspozytywnej.</xText>
          <xText>Zauważyć w tym miejscu należy, że podobne stanowisko zajął tut. Sąd Apelacyjny w swoim wyroku sygn. II AKo 401/98.</xText>
        </xUnit>
      </xBlock>
    </xPart>
  </judgement>
<judgement id="151500000001006_II_AKa_000129_1999_Uz_1999-06-01_001">
    <xPart xEditorFullName="Magdalena Gierszner" xYear="1999" xLang="PL" xPublisherFullName="Renata Kopiec" xFromPg="1" xEditor="mgierszner" xVolType="15/150000/0001006/AKa" xPublisher="rkopiec" xDocType="Uz" xVolNmbr="000129" xVersion="1.0" xToPage="1" xFlag="published">
      <xName>Wyrok+Uzasadnienie</xName>
      <xBlock>
        <xText>Sygn. akt: II AKa 129/99</xText>
        <xUnit xIsTitle="true" xBold="true" xType="part">
          <xName>WYROK</xName>
          <xTitle>W IMIENIU RZECZYPOSPOLITEJ POLSKIEJ</xTitle>
          <xText xALIGNx="right">Dnia 1 czerwca 1999 r.</xText>
          <xText>
            <xBx>Sąd Apelacyjny w Katowicach II Wydział Karny w składzie:</xBx>
          </xText>
          <xRows>
            <xCOLGROUPx>
              <xCOLx xWIDTHx="172"/>
              <xCOLx xWIDTHx="539"/>
            </xCOLGROUPx>
            <xRow>
              <xClmn xALIGNx="left" xVALIGNx="top">
                <xText xALIGNx="right">Przewodniczący</xText>
              </xClmn>
              <xClmn xALIGNx="left" xVALIGNx="top">
                <xText>SSA Jolanta Śpiechowicz</xText>
              </xClmn>
            </xRow>
            <xRow>
              <xClmn xALIGNx="left" xVALIGNx="top">
                <xText xALIGNx="right">Sędziowie</xText>
              </xClmn>
              <xClmn xALIGNx="left" xVALIGNx="top">
                <xText>SSA Mirosław Ziaja</xText>
                <xText>SSO del. Paweł Węgrzynek (spr.)</xText>
              </xClmn>
            </xRow>
            <xRow>
              <xClmn xALIGNx="left" xVALIGNx="top">
                <xText xALIGNx="right">Protokolant</xText>
              </xClmn>
              <xClmn xALIGNx="left" xVALIGNx="top">
                <xText>Izabela Rachelska</xText>
              </xClmn>
            </xRow>
          </xRows>
          <xText>przy udziale Prokuratora Peok. Apel. Andrzeja Jużkowa</xText>
          <xText>po rozpoznaniu w dniu 1 czerwca 1999r.</xText>
          <xText>sprawy z wniosku <xAnon>J. S.</xAnon>, <xAnon>ur. (...)</xAnon>, syna <xAnon>K.</xAnon> i <xAnon>A.</xAnon></xText>
          <xText>o odszkodowanie i zadośćuczynienie</xText>
          <xText>z powodu apelacji, wniesionej przez pełnomocnika wnioskodawcy</xText>
          <xText>od wyroku Sądu Okręgowego w Katowicach</xText>
          <xText>z dnia 11 marca 1999r. sygn. akt XVI1 Ko 218/98</xText>
          
          <xText>zaskarżony wyrok uchyla w całości i sprawę przekazuje do ponownego rozpoznania Sądowi Okręgowemu w Katowicach.</xText>
          
          <xText>II AKa 129/99</xText>
        </xUnit>
        <xUnit xIsTitle="true" xBold="true" xType="part">
          <xName>UZASADNIENIE</xName>
          <xText><xAnon>J. S.</xAnon> wniósł o zasądzenie od Skarbu Państwa kwoty 240.000 zł tytułem odszkodowania i zadośćuczynienia z tytułu represjonowania za działalność na rzecz niepodległego bytu Państwa Polskiego.</xText>
          <xText>Wyrokiem z dnia 11 marca 1999 r. sygn. XVI 1.Ko 218/98, Sąd Okręgowy w Katowicach zasądził od Skarbu Państwa na rzecz <xAnon>J. S.</xAnon> kwotę 54.750 zł z ustawowymi odsetkami od daty prawomocności wyroku tytułem zadośćuczynienia za niesłuszne represjonowanie, w pozostałej części żądanie wniosku oddalił, a kosztami postępowania obciążył Skarb Państwa.</xText>
          <xText>Wyrok ten zaskarżył apelacją pełnomocnik wnioskodawcy <xAnon>J. S.</xAnon>, zarzucając:</xText>
          <xUnit xIsTitle="false" xType="none">
            <xName xSffx=")">1</xName>
            <xText>obrazę przepisów postępowania mającą decydujący wpływ na treść orzeczenia, a w szczególności <xLexLink xArt="art. 2;art. 2 § 2;art. 4;art. 410" xIsapId="WDU19970890555" xTitle="Ustawa z dnia 6 czerwca 1997 r. - Kodeks postępowania karnego" xAddress="Dz. U. z 1997 r. Nr 89, poz. 555">art. 2 § 2, art. 4 i art. 410 kpk</xLexLink> przez pominięcie dokumentów i okoliczności dotyczących ciężkich schorzeń nabytych przez wnioskodawcę w łagrach syberyjskich, skutkujących inwalidztwem, tortur w śledztwie, cierpień związanych z oderwaniem od ojczyzny i rodziny przez 130 miesięcy, utratą najlepszych młodzieńczych lat życia,</xText>
          </xUnit>
          <xUnit xIsTitle="false" xType="none">
            <xName xSffx=")">2</xName>
            <xText>obrazę przepisów prawa materialnego, a to <xLexLink xArt="art. 8" xIsapId="WDU19910340149" xTitle="Ustawa z dnia 23 lutego 1991 r. o uznaniu za nieważne orzeczeń wydanych wobec osób represjonowanych za działalność na rzecz niepodległego bytu Państwa Polskiego" xAddress="Dz. U. z 1991 r. Nr 34, poz. 149">art. 8 ustawy z dnia 23 lutego 1991 r. o uznaniu za nieważne orzeczeń wydanych wobec osób represjonowanych za działalność na rzecz niepodległego bytu Państwa Polskiego</xLexLink> (Dz.U.nr 34, poz.149), znowelizowaną ustawą z dnia 16 lipca 1998 r. (Dz.U.nr 97, poz.604) przez zasądzenie odszkodowania i zadośćuczynienie za krzywdę wbrew zasadom słuszności i jednolitości orzecznictwa w judykaturze polskiej, zminimalizowanego, nieadekwatnego do cierpień represjonowanego, nabytych w łagrach syberyjskich schorzeń skutkujących inwalidztwo i utratę wynagrodzenia.</xText>
          </xUnit>
          
          <xText>Podnosząc te zarzuty apelacja wniosła o zmianę zaskarżonego wyroku przez zasądzenie od Skarbu Państwa odszkodowania i zadośćuczynienia za krzywdę zgodnie z wnioskiem represjonowanego – 240.000 zł, ewentualnie o uchylenie zaskarżonego orzeczenia i przekazanie sprawy do ponownego rozpoznania sądowi I instancji.</xText>
          <xText>Zarzuty podniesione w apelacji oraz jej wniosek o uchylenie zaskarżonego wyroku i przekazanie sprawy do ponownego rozpoznania sądowi I instancji uznać należy za zasadne.</xText>
          <xText>Zgodnie z art. 8 ust. 1 ustawy z dnia 23 lutego 1991 r. (Dz.U.nr 34 poz.149 z późn. Zmianami), który to przepis ma zastosowanie, na podstawie ust. 2 a tegoż artykułu, do osób represjonowanych wymienionych w tymże ustępie, osobom takim przysługuje od Skarbu Państwa odszkodowanie za poniesioną szkodę i zadośćuczynienie za doznaną krzywdę.</xText>
          <xText>Zgodnie z art. 8 ust. 3 tejże ustawy, w postępowaniu o odszkodowanie i zadośćuczynienie mają odpowiednie zastosowanie przepisy <xLexLink xArt="rozdział 50" xIsapId="WDU19690130096" xTitle="Ustawa z dnia 19 kwietnia 1969 r. - Kodeks postępowania karnego" xAddress="Dz. U. z 1969 r. Nr 13, poz. 96">rozdziału 50 kodeksu postępowania karnego</xLexLink>, z wyjątkiem <xLexLink xArt="rozdział 50 art. 489" xIsapId="WDU19690130096" xTitle="Ustawa z dnia 19 kwietnia 1969 r. - Kodeks postępowania karnego" xAddress="Dz. U. z 1969 r. Nr 13, poz. 96">art. 489</xLexLink>. Oczywiście chodzi tu o przepisy <xLexLink xArt="" xIsapId="WDU19690130096" xTitle="Ustawa z dnia 19 kwietnia 1969 r. - Kodeks postępowania karnego" xAddress="Dz. U. z 1969 r. Nr 13, poz. 96">kodeksu postępowania karnego z 1969 r.</xLexLink>, a więc aktualnie przepisy <xLexLink xArt="" xIsapId="WDU19690130096" xTitle="Ustawa z dnia 19 kwietnia 1969 r. - Kodeks postępowania karnego" xAddress="Dz. U. z 1969 r. Nr 13, poz. 96">rozdz. 58 kpk</xLexLink>.</xText>
          <xText>Orzecznictwo Sądu Najwyższego wyjaśniło, że „roszczenia o odszkodowanie i zadośćuczynienie, o których mowa w art. 8 ustawy z dnia 23 lutego 1991 r…. mają charakter cywilno-prawny” (uchwała składu 7 sędziów SN z dnia 28.10.1993 r. – OSNKW 1993 r., z.11-12, poz. 67).</xText>
          <xText>Z wyżej wyrażonego stanowiska wynika jednoznacznie, że osobie represjonowanej przysługuje roszczenie o odszkodowanie za poniesioną szkodę i zadośćuczynienie za doznaną krzywdę.</xText>
          <xText>Sąd I instancji zasądził jedynie na rzecz wnioskodawcy kwotę 54.750 zł z tytułu zadośćuczynienia za niesłuszne represjonowanie, natomiast w pozostałej części żądanie wniosku oddalił.</xText>
          <xText>W tym zakresie Sąd ten stwierdza w uzasadnieniu zaskarżonego wyroku, że „odnośnie żądanego odszkodowania za straty materialne podnieść należy, że zgodnie z utrwalonym orzecznictwem sądów, odszkodowanie za utracone wskutek represjonowania zarobki, a w zasadzie tylko oszczędności należne jest tylko tym osobom, które w chwili aresztowania pracowały zarobkowo”. Skoro zaś w chwili aresztowania wnioskodawca nie pracował, przeto odszkodowanie z powyższego tytułu mu nie przysługuje.</xText>
          <xText>Sąd Apelacyjny nie podziela stanowiska sądu I instancji.</xText>
          <xText>W tym zakresie podnieść należy, że już w uchwale Zgromadzenia Ogólnego Sądu Najwyższego z dnia 7 czerwca 1958 r. Prez.729/58 (OSN 1958, z.IV.poz.34) Sąd ten stwierdził, że z jedną ze szkód objętych <xLexLink xArt="art. 510" xIsapId="WDU19280330313" xTitle="Rozporządzenie Prezydenta Rzeczypospolitej z dnia 19 marca 1928 r. - Kodeks postępowania karnego" xAddress="Dz. U. z 1928 r. Nr 33, poz. 313">art. 510 kpk z 1928 r.</xLexLink> (aktualnie <xLexLink xArt="art. 552" xIsapId="WDU19280330313" xTitle="Rozporządzenie Prezydenta Rzeczypospolitej z dnia 19 marca 1928 r. - Kodeks postępowania karnego" xAddress="Dz. U. z 1928 r. Nr 33, poz. 313">art. 552 kpk</xLexLink>) jest pogorszenie się położenia majątkowego, wywołane uniemożliwieniem poszkodowanemu pracy zarobkowej przez okres odbywania kary lub tymczasowego aresztowania.</xText>
          <xText>Szkoda tego rodzaju nie jest sumą utraconych zarobków, lecz różnicą między stanem majątkowym, jaki by istniał, gdyby poszkodowanego nie uwięziono, a stanem rzeczywistym w chwili odzyskania wolności… przy czym powstanie i rozmiar takiej szkody zależne są od tego, czy i jakie poszkodowany miałby możliwości zarobkowe, gdyby pozostawał na wolności i w jakim zakresie byłby ją rzeczywiście wykorzystał, jakie wydatki poniósłby na utrzymanie własne i rodziny, wychowanie i kształcenie dzieci, na potrzeby kulturalne, rozrywkowe i inne, czy i ile poświęciłby na oszczędności lub zwiększanie trwałych składników majątku, na jakie mógłby być narażony straty” (por. także Zb. Gostyński – Komentarz – <xLexLink xArt="" xIsapId="WDU19970890555" xTitle="Ustawa z dnia 6 czerwca 1997 r. - Kodeks postępowania karnego" xAddress="Dz. U. z 1997 r. Nr 89, poz. 555">Kodeks postępowania karnego</xLexLink>, 1998 r., t.II s.780-781).</xText>
          <xText>Wynika więc z powyższego, że prawa do odszkodowania za szkody nie należy wiązać tylko i wyłącznie z zagadnieniem, czy osoba poszkodowana pracowała w chwili aresztowania, a następnie skazania, czy też nie pracowała.</xText>
          <xText>Takie stanowisko sądu I instancji w świetle powyższych stwierdzeń nie może się ostać.</xText>
          <xText>Oczywiście rzeczą wnioskodawcy będzie wykazanie i udowodnienie faktów, z których wynikają poszczególne uszczuplenia majątkowe, a wykazanie owych pretensji nie może być zastąpione ogólnikami. Jeżeli ścisłe udowodnienie wysokości żądania jest niemożliwe lub nader utrudnione, można zasądzić odpowiednią sumę według przekonania i oceny opartej na rozważeniu wszystkich okoliczności sprawy, z uwzględnieniem wskazań wiedzy oraz doświadczenia życiowego odpowiednio do treści <xLexLink xArt="art. 322" xIsapId="WDU19640430296" xTitle="Ustawa z dnia 17 listopada 1964 r. - Kodeks postępowania cywilnego" xAddress="Dz. U. z 1964 r. Nr 43, poz. 296">art. 322 kpc</xLexLink>. Wyliczenie wysokości tego odszkodowania nie powinno nastąpić mechanicznie, a uwzględnić wszystkie okoliczności o jakich wyżej mowa (np. fakt, iż w początkowych latach pracy nie zarabia się nawet średniej krajowej, a otrzymuje się wynagrodzenie minimalne).</xText>
          <xText>Odnośnie zadośćuczynienia stwierdzić trzeba, że jego wysokość oznacza się odpowiednio do rozmiaru krzywd i cierpień, jakich doznała osoba represjonowana. Należy tu mieć na uwadze ich rodzaj, stopień dolegliwości, czas ich trwania, miejsce odbywania pozbawienia wolności, wiek osoby uprawnionej, przebyte choroby, tortury, nieludzkie traktowanie itp.</xText>
          <xText>W realiach sprawy niniejszej dojść należy do wniosku, ze ustalony przez sąd I instancji miernik zadośćuczynienia w kwocie 500 zł miesięcznie za okres pobytu w łagrze należy za niewspółmiernie niski.</xText>
          <xText>Trzeba tu mieć na uwadze, że „nie ma żadnego powodu, by orzecznictwo sądów stało między wolą ustawodawcy, a krzywdą osób niesłusznie represjonowanych, a to pod pretekstem chronienia Skarbu Państwa w trudnej sytuacji materialnej. Skarb Państwa jako strona w postępowaniu winien ponieść wszystkie wykazane pretensje osoby uprawnionej… zadośćuczynienie zaś jako rekompensata za krzywdy i dolegliwości moralne oraz fizyczne winno się mierzyć ich dolegliwością oraz współczesnym standardem społeczeństwa, by i krzywda została wynagrodzona i pokrzywdzony nie wzbogacił się, co byłoby moralnie niestosowne, zwłaszcza w przypadku działalności patriotycznej” (postanowienie SA w Krakowie z dnia 30.03.1994 r. II AKz 364/93, KZS 1944/4/44).</xText>
          <xText>Mając powyższe na uwadze, a nadto wniosek apelacji o uchylenie zaskarżonego wyroku i przekazanie sprawy do ponownego rozpoznania, Sąd Apelacyjny orzekł jak w wyroku.</xText>
          <xText>Przy ponownym rozpoznaniu sprawy należy przede wszystkim dokładnie przesłuchać wnioskodawcę na okoliczności wyżej naprowadzone oraz mieć na uwadze stosowne opinie lekarskie, co dopiero pozwoli na ustalenie wysokości odszkodowania i zadośćuczynienia za doznane krzywdy.</xText>
        </xUnit>
      </xBlock>
    </xPart>
  </judgement>
<judgement id="151500000001006_II_AKa_000101_1999_Uz_1999-06-01_001">
    <xPart xEditorFullName="Magdalena Gierszner" xYear="1999" xLang="PL" xPublisherFullName="Renata Kopiec" xFromPg="1" xEditor="mgierszner" xVolType="15/150000/0001006/AKa" xPublisher="rkopiec" xDocType="Uz" xVolNmbr="000101" xVersion="1.0" xToPage="1" xFlag="published">
      <xName>Wyrok+Uzasadnienie</xName>
      <xBlock>
        <xText>Sygn. akt: II AKa 101/99</xText>
        <xUnit xIsTitle="true" xBold="true" xType="part">
          <xName>WYROK</xName>
          <xTitle>W IMIENIU RZECZYPOSPOLITEJ POLSKIEJ</xTitle>
          <xText xALIGNx="right">Dnia 1 czerwca 1999 r.</xText>
          
          <xText>
            <xBx>Sąd Apelacyjny w Katowicach II Wydział Karny w składzie:</xBx>
          </xText>
          <xRows>
            <xCOLGROUPx>
              <xCOLx xWIDTHx="172"/>
              <xCOLx xWIDTHx="539"/>
            </xCOLGROUPx>
            <xRow>
              <xClmn xALIGNx="left" xVALIGNx="top">
                <xText xALIGNx="right">Przewodniczący</xText>
              </xClmn>
              <xClmn xALIGNx="left" xVALIGNx="top">
                <xText>SSA Stanisław Raszka (spr.)</xText>
              </xClmn>
            </xRow>
            <xRow>
              <xClmn xALIGNx="left" xVALIGNx="top">
                <xText xALIGNx="right">Sędziowie</xText>
              </xClmn>
              <xClmn xALIGNx="left" xVALIGNx="top">
                <xText>SSA Barbara Suchowska</xText>
                <xText>SSA Marek Michniewski</xText>
              </xClmn>
            </xRow>
            <xRow>
              <xClmn xALIGNx="left" xVALIGNx="top">
                <xText xALIGNx="right">Protokolant</xText>
              </xClmn>
              <xClmn xALIGNx="left" xVALIGNx="top">
                <xText>Barbara Gawor</xText>
              </xClmn>
            </xRow>
          </xRows>
          <xText>przy udziale Prokuratora Prok. Apel. Wandy Barańskiej</xText>
          <xText>po rozpoznaniu w dniu 1 czerwca 1999r.</xText>
          <xText>sprawy z wniosku <xAnon>H. B.</xAnon> o odszkodowanie i zadośćuczynienie za doznaną krzywdę</xText>
          <xText>z powodu apelacji, wniesionej przez pełnomocnika wnioskodawcy</xText>
          <xText>od wyroku Sądu Okręgowego w Bielsku Białej</xText>
          <xText>z dnia 11 lutego 1999r. sygn. akt III Ko 223/98</xText>
          
          <xUnit xIsTitle="false" xType="none">
            <xName xSffx=".">1</xName>
            <xText>utrzymuje w mocy zaskarżony wyrok;</xText>
          </xUnit>
          <xUnit xIsTitle="false" xType="none">
            <xName xSffx=".">2</xName>
            <xText>kosztami sądowymi za postępowanie odwoławcze obciąża Skarb Państwa.</xText>
          </xUnit>
          <xText>II AKa 101/99</xText>
        </xUnit>
        <xUnit xIsTitle="true" xBold="true" xType="part">
          <xName>UZASADNIENIE</xName>
          <xText><xAnon>H. B.</xAnon> złożył ponownie wniosek o zasądzenie odszkodowania <xBRx/>i zadośćuczynienia za pozbawienie go wolności i wywiezienie w głąb ZSRR z powodu przynależności do Armii Krajowej.</xText>
          
          <xText>Sąd Okręgowy w Bielsku-Białej wyrokiem z dnia 11 lutego 1999 r. sygn. III Ko 223/98 zasądził do Skarbu Państwa na rzecz wnioskodawcy kwotę 11.250 złotych tytułem odszkodowania i kwotę 6.300 złotych tytułem zadośćuczynienia za pobyt w obozach przez okres 18 miesięcy (od 18 lipca 1944r. do 10 stycznia 1946r.), licząc z tytułu odszkodowania po 625 złotych miesięcznie, a z tytułu zadośćuczynienia po 350 złotych miesięcznie wraz <xBRx/>z ustawowymi odsetkami od daty uprawomocnienia się wyroku.</xText>
          
          <xText>Wnioskodawca w swoim zażaleniu zarzuca, iż zasądzona na jego rzecz kwota jest zbyt niska w stosunku do poniesionych strat na zdrowiu u warunków pobytu w obozach.</xText>
          
          <xText>Pełnomocnik wnioskodawcy w swoim zażaleniu zarzucił:</xText>
          <xUnit xIsTitle="false" xType="none">
            <xName xSffx=".">1</xName>
            <xText>obrazę przepisów prawa materialnego, to jest <xLexLink xArt="art. 444;art. 444 § 1" xIsapId="WDU19640160093" xTitle="Ustawa z dnia 23 kwietnia 1964 r. - Kodeks cywilny" xAddress="Dz. U. z 1964 r. Nr 16, poz. 93">art. 444§1 kc</xLexLink> w zw. z <xLexLink xArt="art. 361;art. 361 § 2" xIsapId="WDU19640160093" xTitle="Ustawa z dnia 23 kwietnia 1964 r. - Kodeks cywilny" xAddress="Dz. U. z 1964 r. Nr 16, poz. 93">art. 361§2 kc</xLexLink>, a to przez błędną wykładnię i uznanie kwoty 11.250 zł. zasądzonej tytułem odszkodowania od Skarbu Państwa na rzecz <xAnon>H. B.</xAnon> za wyczerpującą treść i zakres obowiązku naprawienia szkody majątkowej,</xText>
          </xUnit>
          <xUnit xIsTitle="false" xType="none">
            <xName xSffx=".">2</xName>
            <xText>obrazę prawa materialnego, tj. <xLexLink xArt="art. 445" xIsapId="WDU19640160093" xTitle="Ustawa z dnia 23 kwietnia 1964 r. - Kodeks cywilny" xAddress="Dz. U. z 1964 r. Nr 16, poz. 93">art. 445 kc</xLexLink> poprzez błędną wykładnię i uznanie kwoty 6300 zł. zasądzonej od Skarbu Państwa na rzecz <xAnon>H. B.</xAnon> za odpowiednią tytułem zadośćuczynienia za doznaną krzywdę,</xText>
          </xUnit>
          <xUnit xIsTitle="false" xType="none">
            <xName xSffx=".">3</xName>
            <xText>obrazę prawa materialnego, tj. <xLexLink xArt="art. 440" xIsapId="WDU19640160093" xTitle="Ustawa z dnia 23 kwietnia 1964 r. - Kodeks cywilny" xAddress="Dz. U. z 1964 r. Nr 16, poz. 93">art. 440 kc</xLexLink> poprzez błędne przyjęcie że miarkowanie szkody jest dopuszczalne w stosunku pomiędzy osoba fizyczną, a Skarbem Państwa.</xText>
          </xUnit>
          <xText>Ponosząc te zarzuty pełnomocnik wniosku wniósł o zmianę zaskarżonego wyroku <xBRx/>i zasądzenie od Skarbu Państwa na rzecz <xAnon>H. B.</xAnon> kwoty 22.500tytułem odszkodowania i 20.000 zł. tytułem zadośćuczynienia za doznaną krzywdę z ustawowymi odsetkami od uprawomocnienia się wyroku.</xText>
          
          <xText xALIGNx="center">
            <xBx>Sąd Apelacyjny zważył co następuje:</xBx>
          </xText>
          
          <xText>Brak jest podstaw do uwzględnienia zażalenia.</xText>
          <xText>W obu zażaleniach nie kwestionuje się przyjętego zakresu odszkodowania, to jest ograniczenia go do szkód wynikłych z uniemożliwienia poszkodowanemu pracy zarobkowej. Zdaniem Sądu Apelacyjnego sąd orzekający niesłusznie przyjął, że zarobki poszkodowanego odpowiadałyby średniej krajowej w chwili złożenia wniosku, to jest 1250,20 złotych.</xText>
          <xText>Przyjmując, że poszkodowany służąc od kwietnia 1944 r. w III plutonie 7 brygady Armii Krajowej w <xAnon>P.</xAnon>(k. 4 akt III Ko 304/95) jednocześnie pracował w <xAnon>Fabryce (...)</xAnon>w <xAnon>G.</xAnon>– to jak sam przyznaje, jego zarobki były bardzo niskie i wystarczały tylko na skromne utrzymanie jego i matki (k. 7). Poszkodowany miał wtedy 18 lat, nie posiadał zawodu (k. 35). Odnosząc jego zarobki do chwili obecnej należało przyjąć, że mógłby osiągnąć zarobki w kwocie 600-650 złotych, ale na pewno nie w granicach średniej krajowej, która jest obliczana z zarobków o bardzo dużej rozpiętości i żadnych oszczędności nie mógłby poczynić.</xText>
          <xText>Co do kwoty zasądzonej z tytułu zadośćuczynienia, to oczywiście jest ona dość niska. Sąd nie mógł jednak przyjąć za orzeczeniem lekarza orzecznika (k. 13 i 14), że dzisiejsze schorzenia poszkodowanego są spowodowane pobytem w obozie, gdyż zdaniem sądu po upływie ponad 50 lat nie da się wykazać takiego związku, a schodzenia o których mowa są typowe dla mężczyzn w wieku poszkodowanego.</xText>
          <xText>Nie kwestionując dolegliwości jakie spotkały wnioskodawcę w czasie <xBRx/>18 miesięcznego pobytu w obozie, Sąd Apelacyjny nie widział podstaw do zasądzenia wyższej kwoty z tytułu zadośćuczynienia w sytuacji, gdy kwota zasądzonego odszkodowania jest rażąco zawyżona.</xText>
          <xText>Z tych względów orzeczono jak na wstępie.</xText>
        </xUnit>
      </xBlock>
    </xPart>
  </judgement>
<judgement id="151500000001006_II_AKa_000145_1999_Uz_1999-06-17_001">
    <xPart xEditorFullName="Magdalena Gierszner" xYear="1999" xLang="PL" xPublisherFullName="Renata Kopiec" xFromPg="1" xEditor="mgierszner" xVolType="15/150000/0001006/AKa" xPublisher="rkopiec" xDocType="Uz" xVolNmbr="000145" xVersion="1.0" xToPage="1" xFlag="published">
      <xName>Wyrok+Uzasadnienie</xName>
      <xBlock>
        <xText>Sygn. akt: II AKa 145/99</xText>
        <xUnit xIsTitle="true" xBold="true" xType="part">
          <xName>WYROK</xName>
          <xTitle>W IMIENIU RZECZYPOSPOLITEJ POLSKIEJ</xTitle>
          <xText xALIGNx="right">Dnia 17 czerwca 1999 r.</xText>
          <xText>
            <xBx>Sąd Apelacyjny w Katowicach II Wydział Karny w składzie:</xBx>
          </xText>
          <xRows>
            <xCOLGROUPx>
              <xCOLx xWIDTHx="172"/>
              <xCOLx xWIDTHx="539"/>
            </xCOLGROUPx>
            <xRow>
              <xClmn xALIGNx="left" xVALIGNx="top">
                <xText xALIGNx="right">Przewodniczący</xText>
              </xClmn>
              <xClmn xALIGNx="left" xVALIGNx="top">
                <xText>SSA Barbara Misztalska</xText>
              </xClmn>
            </xRow>
            <xRow>
              <xClmn xALIGNx="left" xVALIGNx="top">
                <xText xALIGNx="right">Sędziowie</xText>
              </xClmn>
              <xClmn xALIGNx="left" xVALIGNx="top">
                <xText>SSA Wiesława Gawrońska</xText>
                <xText>SSA Barbara Suchowska – spr.</xText>
              </xClmn>
            </xRow>
            <xRow>
              <xClmn xALIGNx="left" xVALIGNx="top">
                <xText xALIGNx="right">Protokolant</xText>
              </xClmn>
              <xClmn xALIGNx="left" xVALIGNx="top">
                <xText>Anna Bil</xText>
              </xClmn>
            </xRow>
          </xRows>
          <xText>przy udziale Prokuratora Prok. Apel. Wandy Barańskiej</xText>
          <xText>po rozpoznaniu w dniu 17 czerwca 1999r.</xText>
          <xText>sprawy <xAnon>Z. K.</xAnon> o odszkodowanie i zadośćuczynienie dochodzone w trybie Ustawy z 23 lutego 1991r. z późniejszymi zmianami</xText>
          <xText>z powodu apelacji, wniesionej przez pełnomocnika wnioskodawcy</xText>
          <xText>od wyroku Sądu Okręgowego w Bielsku – Białej</xText>
          <xText>z dnia 21 kwietnia 1999r. sygn. akt III Ko 2/99</xText>
          
          <xUnit xIsTitle="false" xType="none">
            <xName xSffx=".">1</xName>
            <xText>utrzymuje w mocy zaskarżony wyrok;</xText>
          </xUnit>
          <xUnit xIsTitle="false" xType="none">
            <xName xSffx=".">2</xName>
            <xText>kosztami postępowania w sprawie obciąża Skarb Państwa.</xText>
          </xUnit>
          <xText>II AKa 145/99</xText>
        </xUnit>
        <xUnit xIsTitle="true" xBold="true" xType="part">
          <xName>UZASADNIENIE</xName>
          <xText>Sąd Okręgowy w Bielsku-Białej, wyrokiem z dnia 21 kwietnia 1999 r. na zasadzie <xLexLink xArt="art. 8;art. 8 ust. 2 a;art. 13" xIsapId="WDU19920060020" xTitle="Ustawa z dnia 23 grudnia 1991 r. o zmianie ustawy - Przepisy wprowadzające ustawę o samorządzie terytorialnym i ustawę o pracownikach samorządowych" xAddress="Dz. U. z 1992 r. Nr 6, poz. 20">art. 8 ust. 2a i art. 13 ustawy z dnia 23.12.1991 r.</xLexLink> oddalił wniosek <xAnon>Z. K.</xAnon> o odszkodowanie i zadośćuczynienie, a kosztami postępowania obciążył Skarb Państwa.</xText>
          <xText>Apelację od powyższego wyroku złożył pełnomocnik wnioskodawcy podnosząc zarzuty obrazy prawa, a szczególności art. 8 ust. 2a i 2b ustawy z 16 lipca 1998 r. /Dz. U. Nr 97 poz. 604/ oraz błędu w ustaleniach przez niesłuszne przyjęcie, że zadośćuczynienie i odszkodowanie wnioskodawcy nie przysługuje.</xText>
          <xText>Podnosząc te zarzuty pełnomocnik wnioskodawcy wniósł o zmianę zaskarżonego wyroku i przeczenie co do istoty sprawy w ten sposób, że zostanie zasądzone stosowne odszkodowanie i zadośćuczynienie na rzecz <xAnon>Z. K.</xAnon>, ewentualnie o uchylenie zaskarżonego wyroku i przekazanie sprawy do ponownego rozpoznania Sądowi Okręgowemu w Bielsku-Białej.</xText>
          <xText>Pełnomocnik wniósł również o zwolnienie <xAnon>Z. K.</xAnon> od wszelkich kosztów i opłat w tej sprawie.</xText>
          <xText>Sąd Apelacyjny uznał, że apelacja na uwzględnienie nie zasługuje.</xText>
          <xText>Sąd I instancji poczynił w sprawie prawidłowe ustalenia faktyczne i zasadnie w oparciu o nie przyjął, że brak jest podstaw prawnych do zasądzenia na rzecz wnioskodawcy odszkodowania i zadośćuczynienia.</xText>
          <xText>Faktem bezspornym jest, że <xAnon>Z. R.</xAnon> wraz z całą rodziną został poddany represjom przez radzieckie organy ścigania w związku z czym przebywał na zesłaniu od 10.02.1940 r. do 24.12.1945 r.</xText>
          <xText>Represje te, jak wynika ze zgromadzonego materiału dowodowego związane były z tym, iż ojciec wnioskodawcy był funkcjonariuszem policji. Sam wnioskodawca, w chwili pozbawienia go wolności miał 13 lat.</xText>
          <xText>W tej sytuacji nie można zgodzić się z zaprezentowanym w apelacji poglądem o istnieniu podstaw do zasądzenia w tym przypadku stosownego odszkodowania i zadośćuczynienia.</xText>
          <xText>Przepisy ustawy z 23 lutego 1991 r. w brzmieniu ustalonym ustawą z dnia 16 lipca 1998 r. /Dz. U. Nr 97 poz. 604/, które to, wbrew zarzutom apelacji Sąd I instancji miał w polu widzenia, określają czasokresy stosowania represji, które mogą stanowić podstawę do roszczeń z jakimi wystąpił wnioskodawca i stwierdzić należy, że w rozpatrywanym przypadku aresztowanie oraz dalsze pozbawienie wnioskodawcy wolności nastąpiło przed datą zakreślona w cytowanych przepisach.</xText>
          <xText>Niezależnie od powyższych kwestii podkreślić trzeba, że podstawowym warunkiem dla ewentualnego zasądzenia odszkodowania i zadośćuczynienia jest ustalenie, że represje takie dotknęły daną osobę za działalność na rzecz niepodległego bytu Państwa Polskiego lub z powodu takiej działalności.</xText>
          <xText>W sprawie <xAnon>Z. K.</xAnon> brak jest powyższej przesłanki, do czego wprawdzie nie ustosunkował się Sąd Okręgowy, co jednak jednoznacznie wskazuje na brak podstaw faktycznych i prawnych do uwzględnienia złożonego wniosku.</xText>
          <xText>Mając powyższe na uwadze i nie podzielając argumentów podniesionych w apelacji, Sąd Apelacyjny orzekł jak w wyroku, kosztami postępowania po myśli art. 13 cyt. ustawy obciążając Skarb Państwa.</xText>
        </xUnit>
      </xBlock>
    </xPart>
  </judgement>
<judgement id="151500000001006_II_AKa_000150_1999_Uz_1999-06-24_001">
    <xPart xEditorFullName="Magdalena Gierszner" xYear="1999" xLang="PL" xPublisherFullName="Renata Kopiec" xFromPg="1" xEditor="mgierszner" xVolType="15/150000/0001006/AKa" xPublisher="rkopiec" xDocType="Uz" xVolNmbr="000150" xVersion="1.0" xToPage="1" xFlag="published">
      <xName>Wyrok+Uzasadnienie</xName>
      <xBlock>
        <xText>Sygn. akt: II AKa 150/99</xText>
        <xUnit xIsTitle="true" xBold="true" xType="part">
          <xName>WYROK</xName>
          <xTitle>W IMIENIU RZECZYPOSPOLITEJ POLSKIEJ</xTitle>
          <xText xALIGNx="right">Dnia 24 czerwca 1999 r.</xText>
          <xText>
            <xBx>Sąd Apelacyjny w Katowicach II Wydział Karny w składzie:</xBx>
          </xText>
          <xRows>
            <xCOLGROUPx>
              <xCOLx xWIDTHx="172"/>
              <xCOLx xWIDTHx="539"/>
            </xCOLGROUPx>
            <xRow>
              <xClmn xALIGNx="left" xVALIGNx="top">
                <xText xALIGNx="right">Przewodniczący</xText>
              </xClmn>
              <xClmn xALIGNx="left" xVALIGNx="top">
                <xText>SSA Jolanta Śpiechowicz</xText>
              </xClmn>
            </xRow>
            <xRow>
              <xClmn xALIGNx="left" xVALIGNx="top">
                <xText xALIGNx="right">Sędziowie</xText>
              </xClmn>
              <xClmn xALIGNx="left" xVALIGNx="top">
                <xText>SSA Wiesława Gawrońska (spr.)</xText>
                <xText>SSO del. Marek Tusiński</xText>
              </xClmn>
            </xRow>
            <xRow>
              <xClmn xALIGNx="left" xVALIGNx="top">
                <xText xALIGNx="right">Protokolant</xText>
              </xClmn>
              <xClmn xALIGNx="left" xVALIGNx="top">
                <xText>Anna Bil</xText>
              </xClmn>
            </xRow>
          </xRows>
          <xText>przy udziale Prokuratora Prok. Apel. Stefana Jarskiego</xText>
          <xText>po rozpoznaniu w dniu 24 czerwca 1999</xText>
          <xText>sprawy z wniosku <xAnon>W. J.</xAnon> w przedmiocie odszkodowania</xText>
          <xText>z powodu apelacji, wniesionej przez pełnomocnika wnioskodawcy</xText>
          <xText>od wyroku Sądu Okręgowego w Katowicach</xText>
          <xText>z dnia 13 kwietnia 1999r. sygn. akt XVI Ko 68/98</xText>
          
          <xText>uchyla zaskarżony wyrok i przekazuje sprawę Sądowi Okręgowemu w Katowicach do ponownego rozpoznania.</xText>
          
          <xText>II AKa 150/99</xText>
        </xUnit>
        <xUnit xIsTitle="true" xBold="true" xType="part">
          <xName>UZASADNIENIE</xName>
          <xText>Sąd Okręgowy w Katowicach wyrokiem z dnia 13 kwietnia 1999 r. sygn. XVI 1 Ko 68/98 oddalił wniosek <xAnon>W. J.</xAnon>o zasądzenie od Skarbu Państwa na jego rzecz odszkodowania za skazanie go przez Trybunał Wojskowy Wojsk MSW województwa połockiego na mocy <xLexLink xArt="art. 63;art. 76" xIsapId="WDU19970880553" xTitle="Ustawa z dnia 6 czerwca 1997 r. - Kodeks karny" xAddress="Dz. U. z 1997 r. Nr 88, poz. 553">art. 63 i 76 kk</xLexLink> BSRR na karę 25 lat pozbawienia wolności w obozach poprawczych, z pozbawieniem praw na okres 5 lat i konfiskatę mienia – wywodząc, że prowadzona przez wnioskodawcę działalność niepodległościowa w AK nie mieściła się w okresie wskazanym w art. 8 ustęp 2b ustawy z dnia 23.02.1991 r. /Dz.U.Nr 34 poz.149/ znowelizowanej ustawą z dnia 16.07.1998 r. /Dz.U.Nr 97 poz.604/.</xText>
          <xText>Pełnomocnik wnioskodawcy zarzucił w apelacji błąd w ustaleniach faktycznych przyjętych za podstawę wyroku, mający wpływ na jego treść, polegający na przyjęciu za niebudzące wątpliwości i prawdziwe zeznania wnioskodawcy, iż do <xAnon> organizacji (...)</xAnon> wstąpił w czerwcu 1945 r. mimo, iż analiza zeznań wnioskodawcy wskazywała na to, iż <xAnon>W. J.</xAnon> nie pamięta, bądź nieumiejętnie przekazuje swoje wiadomości, również co do daty wstąpienia do Armii Krajowej, o czym świadczy błąd w zeznaniach dotyczący daty i miejsca wykonywanej pracy w Rosji.</xText>
          <xText>W oparciu o ten zarzut pełnomocnik wnioskodawcy wniósł w apelacji o uchylenie zaskarżonego wyroku i przekazanie sprawy Sądowi Okręgowemu w Katowicach do ponownego rozpoznania.</xText>
          <xText>Nadto w oparciu o <xLexLink xArt="art. 427" xIsapId="WDU19970890555" xTitle="Ustawa z dnia 6 czerwca 1997 r. - Kodeks postępowania karnego" xAddress="Dz. U. z 1997 r. Nr 89, poz. 555">art. 427 kpk</xLexLink> wniósł o dopuszczenie dowodu z opinii lekarza psychiatry, oświadczeń <xAnon>F. Ł.</xAnon>, <xAnon>Z. Ł.</xAnon>, <xAnon>W. B.</xAnon> i <xAnon>M. Ż.</xAnon>.</xText>
          <xText>
            <xBx>Sąd Apelacyjny zważył, co następuje:</xBx>
          </xText>
          <xText>Apelacja zasługiwała na uwzględnienie.</xText>
          <xText>Niewątpliwe jest, że przepis art. 8 ustęp 2b ustawy z dnia 23.02.1991 r. /Dz.U.Nr 34 poz.149/ znowelizowanej ustawą z dnia 16.07.1998 r. /Dz.U.Nr 97 poz.604/ uzależnia zasądzenie odszkodowania osobie represjonowanej przez radzieckie organy ścigania i wymiaru sprawiedliwości od tego, aby działalność na rzecz niepodległego bytu Państwa Polskiego była prowadzona przez tą osobę w okresie od dnia 17 września 1939 r. do dnia 6 lutego 1946 r.</xText>
          <xText>W odniesieniu do wnioskodawcy informacja archiwalna przekazana przez Ambasadę Republiki Białoruś w <xAnon>W.</xAnon> /k.24-25 oraz tłumaczenie k.9-10 akt/ jednoznacznie wskazuje, że jego skazanie wyrokiem Trybunału Wojskowego Wojsk MSW województwa połockiego z 16-20.02.1949 r. wiązało się z uczestnictwem i działalnością w Armii Krajowej.</xText>
          <xText>Informacja ta nie określa jednakże czasu, w którym wnioskodawca miał prowadzić swoją działalność niepodległościową.</xText>
          <xText>Jedynie w oparciu o zeznania wnioskodawcy Sąd Okręgowy ustalił, że wnioskodawca wstąpił do Armii Krajowej w czerwcu 1946 r.</xText>
          <xText>Zgodzić się jednak należało z twierdzeniami apelacji, że wnioskodawca nie został dokładnie i szczegółowo przesłuchany na okoliczności związane z czasem, w którym wstąpił do Armii Krajowej.</xText>
          <xText>W swoich zeznaniach wnioskodawca stwierdził, że do Armii Krajowej wstąpił w 20-tym roku swojego życia i wskazał, że było to latem 1946 r. Równocześnie zapis następnej wypowiedzi wnioskodawcy wskazuje, że nie był on w stanie przypomnieć sobie pełnego nazwiska osoby <xAnon> (...)</xAnon> oraz funkcji, jaką ta osoba spełniała w jego pododdziale /k.18 odwrót/.</xText>
          <xText>Okoliczności te uzupełnił dopiero na kolejnej rozprawie, na której usiłował też precyzyjniej określić czas swojego wstąpienia do Armii Krajowej, ale zauważyć można, że z jego wypowiedzi wynika jedynie to, że dokładnie przypomniał sobie, iż było to w czasie „sianokosów”, przy czym nadal odnosił się do 1946 r. /k.28 odwrót/.</xText>
          <xText>Treść protokołu rozprawy przekonuje więc, że istotnie wnioskodawca miał trudności z umiejscowieniem w czasie wydarzeń ze swojego życia jak i co do innych okoliczności. Wątpliwości co do wiarygodności jego stwierdzeń pogłębiają nadto zaświadczenia stwierdzające, że od dłuższego czasu jest on leczony przez psychiatrę z rozpoznaniem zespołu psychoorganicznego otępienia, cechy osobowości nieprawidłowej i zespołu lękowo-depresyjnego.</xText>
          <xText>Zauważyć wprawdzie można, że zaświadczenia lekarza psychiatry nie zawierają informacji od kiedy wnioskodawca pozostaje w tym leczeniu, ale z drugiej strony można też podkreślić, że kserokopia książki nr 4913 zawiera wpis rozpoznania z orzeczenia lekarza orzecznika ZUS z dnia 18.02.1999 r. „przewlekły zespół depresyjno-lękowy z elementami natręctw myślowych” – k.48 akt, a więc rozpoznanie to dotyczy wcześniejszego okresu aniżeli rozprawa i jej rozstrzygnięcie.</xText>
          <xText>Wątpliwości co do stwierdzeń wnioskodawcy pogłębiają nadto oświadczenia osób, które określają odmienne czas jego wstąpienia do Armii Krajowej /k.43-47 akt/.</xText>
          <xText>W tej sytuacji Sąd Apelacyjny uznał za konieczne uchylenie zaskarżonego wyroku w celu ponownego rozpoznania sprawy przez sąd I instancji.</xText>
          <xText>W toku ponownego rozpoznania zachodzić będzie potrzeba szczegółowego przesłuchania wnioskodawcy, ewentualnie z udziałem psychologa oraz świadków – autorów oświadczeń złożonych na k.43-47 akt oraz zachodzić też będzie potrzeba podjęcia próby weryfikacji tych zeznań poprzez zwrócenie się do Urzędu do Spraw Kombatantów i Osób Represjonowanych w <xAnon>W.</xAnon> o nadesłanie informacji, czy wnioskodawca <xAnon>W. J.</xAnon> ubiegając się o przyznanie mu uprawnieni kombatanckich określił czas wstąpienia i swojej działalności w Armii Krajowej /nr sprawy PU <xAnon> (...)</xAnon> – k.12 akt/, a także rozważenie potrzeby przeprowadzenia dowodu z akt rentowych wnioskodawcy nr <xAnon>O.</xAnon><xAnon> (...)</xAnon> Zakładu Ubezpieczeń Społecznych Oddział w <xAnon>R.</xAnon> w celu wyjaśnienia, czy w tamt. aktach znajdują się informacje i jakie dotyczące czasu wstąpienia przez niego do Armii Krajowej.</xText>
          <xText>Dopiero bowiem tak uzupełnione postępowanie dowodowe pozwolić może na prawdziwą ocenę materiału dowodowego oraz na merytoryczne rozstrzygnięcie niniejszej sprawy.</xText>
          <xText>Z tych więc względów Sąd Apelacyjny orzekł jak w części dyspozytywnej swojego wyroku.</xText>
        </xUnit>
      </xBlock>
    </xPart>
  </judgement>
<judgement id="151500000001006_II_AKa_000106_1999_Uz_1999-06-24_001">
    <xPart xEditorFullName="Magdalena Gierszner" xYear="1999" xLang="PL" xPublisherFullName="Renata Kopiec" xFromPg="1" xEditor="mgierszner" xVolType="15/150000/0001006/AKa" xPublisher="rkopiec" xDocType="Uz" xVolNmbr="000106" xVersion="1.0" xToPage="1" xFlag="published">
      <xName>Wyrok+Uzasadnienie</xName>
      <xBlock>
        <xText>Sygn. akt: II AKa 106/99</xText>
        <xUnit xIsTitle="true" xBold="true" xType="part">
          <xName>WYROK</xName>
          <xTitle>W IMIENIU RZECZYPOSPOLITEJ POLSKIEJ</xTitle>
          <xText xALIGNx="right">Dnia 24 czerwca 1999 r.</xText>
          <xText>
            <xBx>Sąd Apelacyjny w Katowicach II Wydział Karny w składzie:</xBx>
          </xText>
          <xRows>
            <xCOLGROUPx>
              <xCOLx xWIDTHx="172"/>
              <xCOLx xWIDTHx="539"/>
            </xCOLGROUPx>
            <xRow>
              <xClmn xALIGNx="left" xVALIGNx="top">
                <xText xALIGNx="right">Przewodniczący</xText>
              </xClmn>
              <xClmn xALIGNx="left" xVALIGNx="top">
                <xText>SSA Barbara Suchowska</xText>
              </xClmn>
            </xRow>
            <xRow>
              <xClmn xALIGNx="left" xVALIGNx="top">
                <xText xALIGNx="right">Sędziowie</xText>
              </xClmn>
              <xClmn xALIGNx="left" xVALIGNx="top">
                <xText>SSA Stanisław Raszka (spr.)</xText>
                <xText>SSO del. Paweł Węgrzynek</xText>
              </xClmn>
            </xRow>
            <xRow>
              <xClmn xALIGNx="left" xVALIGNx="top">
                <xText xALIGNx="right">Protokolant</xText>
              </xClmn>
              <xClmn xALIGNx="left" xVALIGNx="top">
                <xText>Barbara Gawor</xText>
              </xClmn>
            </xRow>
          </xRows>
          <xText>przy udziale Prokuratora Prok. Apel. Janusza Konstantego</xText>
          <xText>po rozpoznaniu w dniu 24 czerwca 1999 r.</xText>
          <xText>sprawy z wniosku <xAnon>A. S.</xAnon> o zasądzenie odszkodowania <xBRx/>i zadośćuczynienia za skazanie wyrokiem Sądu Powiatowego w <xAnon>Ś.</xAnon><xBRx/>z dnia 23.01.1952r. sygn. akt Kp 1520/52</xText>
          <xText>z powodu apelacji, wniesionej przez pełnomocnika wnioskodawcy</xText>
          <xText>od wyroku Sądu Okręgowego w Katowicach</xText>
          <xText>z dnia 03 marca 1999r. sygn. akt XVI1 Ko 116/98</xText>
          
          <xUnit xIsTitle="false" xType="none">
            <xName xSffx=".">1</xName>
            <xText>utrzymuje w mocy zaskarżony wyrok;</xText>
          </xUnit>
          <xUnit xIsTitle="false" xType="none">
            <xName xSffx=".">2</xName>
            <xText>kosztami postępowania odwoławczego obciąża Skarb Państwa.</xText>
          </xUnit>
          
          <xText>II AKa 106/99</xText>
        </xUnit>
        <xUnit xIsTitle="true" xBold="true" xType="part">
          <xName>UZASADNIENIE</xName>
          <xText>Sąd Okręgowy w Katowicach wyrokiem z dnia 3 marca 1999r. oddalił wniosek <xAnon>A. S.</xAnon> o zasądzenie odszkodowania i zadośćuczynienia za skazanie wyrokiem byłego Sądu Powiatowego w <xAnon>Ś.</xAnon> z dnia 23 stycznia 1952r. sygn. akt Kp 1520/52 za czyn z <xLexLink xArt="art. 239" xIsapId="WDU19320600571" xTitle="Rozporządzenie Prezydenta Rzeczypospolitej z dnia 11 lipca 1932 r. - Kodeks karny" xAddress="Dz. U. z 1932 r. Nr 60, poz. 571">art. 239 kk z 1932r.</xLexLink>, uzasadniając orzeczenie tym, że wcześniej Sąd Wojewódzki w Katowicach prawomocnym postanowieniem z dnia 24 kwietnia 1996r. sygn. akt XVI1 Ko 384/95 oddalił wniosek o stwierdzenie nieważności wyżej opisanego wyroku.</xText>
          <xText>Pełnomocnik wnioskodawcy w zażaleniu apelacji wniósł o zmianę zaskarżonego wyroku i uwzględnienie wniosku, względnie o uchylenie zaskarżonego wyroku i przekazanie sprawy sądowi I instancji do ponownego rozpoznania, albowiem wnioskodawca uważa, że był represjonowany za działalność na rzecz niepodległego bytu Państwa Polskiego i z tego tytułu powinien otrzymać odszkodowanie <xBRx/>i zadośćuczynienie.</xText>
          <xText>Sąd Apelacyjny zważył co następuje:</xText>
          <xText>Apelacja nie jest zasadna. Tak jak stwierdził to sąd I instancji w uzasadnieniu wyroku, koniecznym warunkiem ubiegania się o odszkodowanie i zadośćuczynienie za poniesioną szkodę i doznaną krzywdę, wynikłą z wydania orzeczenia skazującego, jest wcześniejsze stwierdzenie jego nieważności w oparciu o przepisy <xLexLink xArt="" xIsapId="WDU19910340149" xTitle="Ustawa z dnia 23 lutego 1991 r. o uznaniu za nieważne orzeczeń wydanych wobec osób represjonowanych za działalność na rzecz niepodległego bytu Państwa Polskiego" xAddress="Dz. U. z 1991 r. Nr 34, poz. 149">ustawy z dnia 23 lutego 1991r. o uznaniu za nieważne orzeczeń wydanych wobec osób represjonowanych za działalność na rzecz niepodległego bytu Państwa Polskiego</xLexLink> (Dz. U. Nr 3 poz. 149 z późn. zmianami).</xText>
          <xText>W Sądzie Wojewódzki w Katowicach toczyło się postępowanie o stwierdzenie nieważności wyroku byłego Sądu Powiatowego w <xAnon>Ś.</xAnon> z dnia 23.01.1952r. sygn. akt Kp 1520/52 i postanowieniem z dnia 24.04.1996r. utrzymanym w mocy postanowieniem Sądu Apelacyjnego w Katowicach z dnia 10 października 1996r. sygn. II AKo 175/96, wniosek <xAnon>A. S.</xAnon> w tej sprawie oddalono.</xText>
          <xText>W tej sytuacji brak jest przesłanek do zasądzenia odszkodowania <xBRx/>i zadośćuczynienia za skazanie wnioskodawcy tak na podstawie przepisów ustawy <xBRx/>z dnia 23 lutego 1991r. jak i przepisów <xLexLink xArt="rozdział 58" xIsapId="WDU19970890555" xTitle="Ustawa z dnia 6 czerwca 1997 r. - Kodeks postępowania karnego" xAddress="Dz. U. z 1997 r. Nr 89, poz. 555">rozdziału 58 Kodeksu postępowania karnego</xLexLink><xBRx/>i dlatego orzeczono jak w części dyspozytywnej wyroku.</xText>
        </xUnit>
      </xBlock>
    </xPart>
  </judgement>
<judgement id="151500000001006_II_AKa_000170_1999_Uz_1999-07-15_001">
    <xPart xEditorFullName="Magdalena Gierszner" xYear="1999" xLang="PL" xPublisherFullName="Renata Kopiec" xFromPg="1" xEditor="mgierszner" xVolType="15/150000/0001006/AKa" xPublisher="rkopiec" xDocType="Uz" xVolNmbr="000170" xVersion="1.0" xToPage="1" xFlag="published">
      <xName>Wyrok+Uzasadnienie</xName>
      <xBlock>
        <xText>Sygn. akt: II AKa 170/99</xText>
        <xUnit xIsTitle="true" xBold="true" xType="part">
          <xName>WYROK</xName>
          <xTitle>W IMIENIU RZECZYPOSPOLITEJ POLSKIEJ</xTitle>
          <xText xALIGNx="right">Dnia 15 lipca 1999 r.</xText>
          <xText>
            <xBx>Sąd Apelacyjny w Katowicach II Wydział Karny w składzie:</xBx>
          </xText>
          <xRows>
            <xCOLGROUPx>
              <xCOLx xWIDTHx="172"/>
              <xCOLx xWIDTHx="539"/>
            </xCOLGROUPx>
            <xRow>
              <xClmn xALIGNx="left" xVALIGNx="top">
                <xText xALIGNx="right">Przewodniczący</xText>
              </xClmn>
              <xClmn xALIGNx="left" xVALIGNx="top">
                <xText>SSA Barbara Suchowska</xText>
              </xClmn>
            </xRow>
            <xRow>
              <xClmn xALIGNx="left" xVALIGNx="top">
                <xText xALIGNx="right">Sędziowie</xText>
              </xClmn>
              <xClmn xALIGNx="left" xVALIGNx="top">
                <xText>SSA Jan Dybek (spr.)</xText>
                <xText>SSA Jolanta Śpiechowicz</xText>
              </xClmn>
            </xRow>
            <xRow>
              <xClmn xALIGNx="left" xVALIGNx="top">
                <xText xALIGNx="right">Protokolant</xText>
              </xClmn>
              <xClmn xALIGNx="left" xVALIGNx="top">
                <xText>Barbara Gawor</xText>
              </xClmn>
            </xRow>
          </xRows>
          <xText>przy udziale Prokuratora Prok. Okręg. del. Małgorzaty Siemińskiej</xText>
          <xText>po rozpoznaniu w dniu 15 lipca 1999 roku</xText>
          <xText>sprawy z wniosku <xAnon>M. G.</xAnon>o odszkodowanie z tytułu bezprawnego pozbawienia wolności i deportacji w byłym ZSRR</xText>
          <xText>z powodu apelacji, wniesionej przez pełnomocnika wnioskodawczyni</xText>
          <xText>od wyroku Sądu Okręgowego w Katowicach</xText>
          <xText>z dnia 18 marca 1999r. sygn. akt XVI1 Ko 331/95</xText>
          
          <xUnit xIsTitle="false" xType="none">
            <xName xSffx=".">1</xName>
            <xText>zaskarżony wyrok utrzymuje w mocy;</xText>
          </xUnit>
          <xUnit xIsTitle="false" xType="none">
            <xName xSffx=".">2</xName>
            <xText>obciąża Skarb Państwa kosztami postępowania odwoławczego;</xText>
          </xUnit>
          <xUnit xIsTitle="false" xType="none">
            <xName xSffx=".">3</xName>
            <xText>zasądza od Skarbu Państwa na rzecz adw. <xAnon>J. W.</xAnon> – Kancelaria Adwokacka w <xAnon>K.</xAnon> kwotę 100 (sto) złotych za zastępstwo z urzędu wnioskodawczyni w II-giej instancji.</xText>
          </xUnit>
          
          <xText>II AKa 170/99</xText>
        </xUnit>
        <xUnit xIsTitle="true" xBold="true" xType="part">
          <xName>UZASADNIENIE</xName>
          <xText>Sąd Okręgowy ustalił, że: wnioskodawczyni <xAnon>M. G.</xAnon>w grudniu 1945r. w miejscu zamieszkania w <xAnon>D.</xAnon>została zatrzymana przez władze byłego ZSRR za odmowę przystąpienia do głosowania. Zwolniono ją w kwietniu 1946r. Natomiast w kwietniu 1951r. wraz z rodziną deportowano ją na <xAnon>S.</xAnon>. Do Polski powróciła w styczniu 1957r.</xText>
          <xText>Z zeznań jej wynika, że nie należała do żadnej organizacji, ani też nie prowadziła działalności na rzecz niepodległego bytu Państwa Polskiego.</xText>
          <xText>W tym stanie rzeczy Sąd I instancji wniosek o odszkodowanie oddalił.</xText>
          <xText>Apelacja pełnomocnika <xAnon>M. G.</xAnon> w swej treści powołuje się na wyżej wymienione okoliczności. Nadto podnosi, że ojciec wnioskodawczyni brał udział w wojnie bolszewickiej w 1919r. i nigdy nie krył swej dezaprobaty dla działań nowych władz (ZSRR).</xText>
          <xText>Strona skarżąca wnosi o uchylenie zaskarżonego orzeczenia i przekazanie sprawy do ponownego rozpoznania.</xText>
          <xText>Apelacja nie jest zasadna. W zasadzie nie kwestionuje się w niej ustaleń faktycznych Sądu merytorycznego. Te zresztą nie budzą zastrzeżeń i uznane być muszą za trafne. Nie podważają ich okoliczności naprowadzone w apelacji odnoszące się do ojca wnioskodawczyni. W tym kierunku nie zachodzi też potrzeba uzupełnienia postępowania dowodowego przez przesłuchanie świadka <xAnon>R. G.</xAnon>, gdyż powołano go na potwierdzenie zaistniałych faktów, których zgodności z obiektywnym stanem rzeczy strony procesowe nie kwestionują.</xText>
          <xText>Skoro wnioskodawczyni nie prowadziła działalności na rzecz niepodległego bytu Państwa Polskiego, Sąd Okręgowy prawidłowo przyjął, że przepisy ustawy z 23 lutego 1991r. (Dz. U. Nr 34 poz. 149) a w szczególności jej art. 8 ust. 2a i b dotyczący odszkodowań nie może mieć w sprawie zastosowania.</xText>
          <xText>Stwierdzając nadto, że w związku z powyższym chybiony jest główny zarzut apelacji dotyczący nie wyjaśnienia wszystkich istotnych okoliczności sprawy, orzec należało o utrzymaniu w mocy zaskarżonego postanowienia.</xText>
          <xText>Koszty postępowania odwoławczego ponosi Skarb Państwa (art. 13 tejże Ustawy).</xText>
        </xUnit>
      </xBlock>
    </xPart>
  </judgement>
<judgement id="151500000001006_II_AKa_000155_1999_Uz_1999-07-22_001">
    <xPart xEditorFullName="Magdalena Gierszner" xYear="1999" xLang="PL" xPublisherFullName="Renata Kopiec" xFromPg="1" xEditor="mgierszner" xVolType="15/150000/0001006/AKa" xPublisher="rkopiec" xDocType="Uz" xVolNmbr="000155" xVersion="1.0" xToPage="1" xFlag="published">
      <xName>Wyrok+Uzasadnienie</xName>
      <xBlock>
        <xText>Sygn. akt: II AKa 155/99</xText>
        <xUnit xIsTitle="true" xType="part" xBold="true">
          <xName>WYROK</xName>
          <xTitle>W IMIENIU RZECZYPOSPOLITEJ POLSKIEJ</xTitle>
          <xText xALIGNx="right">Dnia 22 lipca 1999 r.</xText>
          <xText>
            <xBx>Sąd Apelacyjny w Katowicach II Wydział Karny w składzie:</xBx>
          </xText>
          <xRows>
            <xCOLGROUPx>
              <xCOLx xWIDTHx="172"/>
              <xCOLx xWIDTHx="539"/>
            </xCOLGROUPx>
            <xRow>
              <xClmn xALIGNx="left" xVALIGNx="top">
                <xText xALIGNx="right">Przewodniczący</xText>
              </xClmn>
              <xClmn xALIGNx="left" xVALIGNx="top">
                <xText>SSA Jan Dybek</xText>
              </xClmn>
            </xRow>
            <xRow>
              <xClmn xALIGNx="left" xVALIGNx="top">
                <xText xALIGNx="right">Sędziowie</xText>
              </xClmn>
              <xClmn xALIGNx="left" xVALIGNx="top">
                <xText>SSA Marek Michniewski</xText>
                <xText>SSA Jolanta Śpiechowicz (spr.)</xText>
              </xClmn>
            </xRow>
            <xRow>
              <xClmn xALIGNx="left" xVALIGNx="top">
                <xText xALIGNx="right">Protokolant</xText>
              </xClmn>
              <xClmn xALIGNx="left" xVALIGNx="top">
                <xText>Małgorzata Ziernicka</xText>
              </xClmn>
            </xRow>
          </xRows>
          <xText>przy udziale Prokuratora Prok. Apel. Janusza Konstantego</xText>
          <xText>po rozpoznaniu w dniu 22 lipca 1999 r.</xText>
          <xText>sprawy z wniosku <xAnon>S. K.</xAnon> w przedmiocie odszkodowania i zadośćuczynienia na mocy art. 8 ust. 2a ustawy z dnia 23.02.1991r. o uznaniu za nieważne…</xText>
          <xText>z powodu apelacji wniesionej przez pełnomocnika wnioskodawcy</xText>
          <xText>od wyroku Sądu Okręgowego w Katowicach</xText>
          <xText>z dnia 17 marca 1999 r. sygn. akt XVI1 Ko 13/96</xText>
          
          <xUnit xIsTitle="false" xType="none">
            <xName xSffx=".">1</xName>
            <xText>utrzymuje w mocy zaskarżony wyrok;</xText>
          </xUnit>
          <xUnit xIsTitle="false" xType="none">
            <xName xSffx=".">2</xName>
            <xText>kosztami postępowania odwoławczego obciąża Skarb Państwa.</xText>
          </xUnit>
          
          <xText>II AKa 155/99</xText>
        </xUnit>
        <xUnit xIsTitle="true" xType="part" xBold="true">
          <xName>UZASADNIENIE</xName>
          <xText>Sąd Okręgowy w Katowicach, wyrokiem z dnia 17.III.1999 r. sygn. XVI 1.Ko 13/96 zasądził od Skarbu Państwa na rzecz wnioskodawcy zadośćuczynienie za niesłuszne skazanie Trybunałem Wojskowym MSW Obwodu <xAnon> (...)</xAnon> z dnia 21.01.1949r. w kwocie 34.000 zł., z ustawowymi odsetkami od daty prawomocności wyroku, w pozostałej zaś części wniosek <xAnon>S. K.</xAnon> o odszkodowanie i zadośćuczynienie oddalił, obciążając kosztami postępowania Skarb Państwa.</xText>
          <xText>Apelację od powyższego wyroku, w części odmawiającej wnioskodawcy całkowicie odszkodowania za poniesioną szkodę oraz odmawiającej zadośćuczynienia za doznane krzywdy i cierpienia za czas przekraczający 85 miesięcy i przyjmującej zaniżony o co najmniej 100 zł. przelicznik, złożył pełnomocnik wnioskodawcy.</xText>
          <xText>Zarzucając obrazę prawa materialnego oraz wadliwość ustaleń faktycznych apelacja wniosła o:</xText>
          <xEnum>
            <xBullet>-</xBullet>
            <xEnumElem>
              <xText>zmianę zaskarżonego orzeczenia w części oddalającej powództwo o odszkodowanie i zasądzenie od Skarbu Państwa kwoty 46.000 zł. tytułem odszkodowania,</xText>
            </xEnumElem>
            <xEnumElem>
              <xText>zmianę wyroku w części zaniżonego wskaźnika za doznane krzywdy i cierpienia z ustaleniem go w wysokości 500 zł. miesięcznie za cały okres od aresztowania 28/29,11,1947r. do 23.06.1957r. – dnia repatriacji – i zasądzenie od pozwanego kwoty 18.000 zł.</xText>
            </xEnumElem>
          </xEnum>
          <xText>Sąd Apelacyjny uznał apelację za niezasadną, przy czym szczegółowe omawianie wszystkich zawartych w niej zarzutów jest zbędne, jako, że w świetle obowiązujących przepisów wnioskodawca nie jest osobą uprawnioną do otrzymania odszkodowania za poniesioną szkodę i zadośćuczynienia za doznaną krzywdę w rozumieniu <xLexLink xArt="art. 8;art. 8 ust. 2 a;art. 8 ust. 2 b" xIsapId="WDU19910340149" xTitle="Ustawa z dnia 23 lutego 1991 r. o uznaniu za nieważne orzeczeń wydanych wobec osób represjonowanych za działalność na rzecz niepodległego bytu Państwa Polskiego" xAddress="Dz. U. z 1991 r. Nr 34, poz. 149">art. 8 ust. 2a i 2b ustawy z 23.II.1991r. o uznaniu za nieważne orzeczeń wydanych wobec osób represjonowanych za działalność na rzecz niepodległego bytu Państwa Polskiego</xLexLink> (Dz. U. z 23.04.1991 r. Nr 34 poz. 149 z późniejszymi zmianami).</xText>
          <xText>Bezspornym jest, iż wnioskodawca jest osobą, która prowadziła aktywną walkę o niepodległy byt Państwa Polskiego i z tej właśnie przyczyny był represjonowany przez radzieckie organy ścigania. Represje te miały miejsce na terytorium Polski w granicach ustalonych w Trakcie Ryskim i mieściły się w okresie od 1.I.1944r. do 31.XII.1956r. – tak jak wymaga tego art. 8 ust. 2a cyt. ustawy, w brzmieniu nadanym ostatecznie przez art. 1 pkt 1 lit. a) ustawy z dnia 16.07.1998r. (Dz. U. z 1998r. nr 97 poz. 604).</xText>
          <xText>Ustawa z 16.07.1998r., o której wyżej mowa, dodała jednakże do ustawy z 23.II.1991r. o uznaniu za nieważne … także przepis art. 8 ust. 2b, który stanowi, że „przez działalność na rzecz niepodległego bytu Państwa Polskiego, o której mowa w ust. 2a, w odniesieniu do osób represjonowanych na terytorium Polski w granicach ustalonych w Traktacie Ryskim poza obecnym terytorium Polski, należy rozumieć <xUx>działalność w okresie od dnia 17 września 1939r. do dnia 5 lutego 1946r.” </xUx></xText>
          <xText>Z akt sprawy wynika w sposób jednoznaczny, iż wnioskodawca wstąpił do Armii Krajowej dopiero w połowie 1947r. i od tego momentu datuje się jego działalność na rzecz niepodległego bytu Państwa Polskiego i represji z jakimi się zetknął dotyczą właśnie tej działalności – nie spełniona jest tym samym przesłanka określona w art. 8 ust. 2b ustawy lutowej.</xText>
          <xText>Okoliczności tej nie dostrzegł Sąd Okręgowy, wydając tym samym oczywiście niesłuszny wyrok, nie zauważył jej też prokurator, który zapadłego wyroku w części zasądzającej zadośćuczynienie nie zaskarżył, co spowodowało, iż w tym zakresie sprawa nie może podlegać kontroli odwoławczej.</xText>
          <xText>Mając powyższe na uwadze orzeczono jak na wstępie.</xText>
        </xUnit>
      </xBlock>
    </xPart>
  </judgement>
<judgement id="151500000001006_II_AKa_000211_1999_Uz_1999-08-24_001">
    <xPart xEditorFullName="Magdalena Gierszner" xYear="1999" xLang="PL" xPublisherFullName="Renata Kopiec" xFromPg="1" xEditor="mgierszner" xVolType="15/150000/0001006/AKa" xPublisher="rkopiec" xDocType="Uz" xVolNmbr="000211" xVersion="1.0" xToPage="1" xFlag="published">
      <xName>Wyrok+Uzasadnienie</xName>
      <xBlock>
        <xText>Sygn. akt : II AKa 211/99</xText>
        <xUnit xIsTitle="true" xBold="true" xType="part">
          <xName>WYROK</xName>
          <xTitle>W IMIENIU RZECZYPOSPOLITEJ POLSKIEJ</xTitle>
          <xText xALIGNx="right">Dnia 24 sierpnia 1999 r.</xText>
          <xText>
            <xBx>Sąd Apelacyjny w Katowicach II Wydział Karny w składzie:</xBx>
          </xText>
          <xRows>
            <xCOLGROUPx>
              <xCOLx xWIDTHx="172"/>
              <xCOLx xWIDTHx="539"/>
            </xCOLGROUPx>
            <xRow>
              <xClmn xALIGNx="left" xVALIGNx="top">
                <xText xALIGNx="right">Przewodniczący</xText>
              </xClmn>
              <xClmn xALIGNx="left" xVALIGNx="top">
                <xText>SSA Stanisław Raszka</xText>
              </xClmn>
            </xRow>
            <xRow>
              <xClmn xALIGNx="left" xVALIGNx="top">
                <xText xALIGNx="right">Sędziowie</xText>
              </xClmn>
              <xClmn xALIGNx="left" xVALIGNx="top">
                <xText>SSA Wiesława Gawrońska (spr.)</xText>
                <xText>SSA Jan Dybek</xText>
              </xClmn>
            </xRow>
            <xRow>
              <xClmn xALIGNx="left" xVALIGNx="top">
                <xText xALIGNx="right">Protokolant:</xText>
              </xClmn>
              <xClmn xALIGNx="left" xVALIGNx="top">
                <xText>Barbara Gawor</xText>
              </xClmn>
            </xRow>
          </xRows>
          <xText>przy udziale Prokuratora Prok. Apel. Janusza Konstantego</xText>
          <xText>po rozpoznaniu w dniu 24 sierpnia 1999 roku</xText>
          <xText>sprawy z wniosku <xAnon>L. O.</xAnon> o odszkodowanie i zadośćuczynienie dochodzone w trybie art. 8 ustęp 1 ustawy z dnia 23.02.1991r. (Dz. U. nr 34 poz. 149)</xText>
          <xText>z powodu apelacji, wniesionej przez pełnomocnika wnioskodawczyni</xText>
          <xText>od wyroku Sądu Okręgowego w Katowicach</xText>
          <xText>z dnia 10 czerwca 1999r. sygn. akt XVI1 Ko 450/96</xText>
          
          <xText>uchyla zaskarżony wyrok i przekazuje sprawę Sądowi Okręgowemu w Katowicach do ponownego rozpoznania.</xText>
          
          <xText>II AKa 211/99</xText>
        </xUnit>
        <xUnit xIsTitle="true" xBold="true" xType="part">
          <xName>UZASADNIENIE</xName>
          <xText>Sąd Okręgowy w Katowicach, wyrokiem z dnia 10 czerwca 1999 r. sygn. <xBRx/>XVI 1 Ko 450/96 oddalił wniosek <xAnon>L. O.</xAnon> o zasądzenie odszkodowania <xBRx/>i zadośćuczynienia w oparciu o art. 8 ust. 1 ustawy z dnia 23 lutego 1991 r. /Dz. U. Nr 34 poz. 149 z późn. zm./ z tytułu represjonowania przez radzieckie organy ścigania <xBRx/>i wymiaru sprawiedliwości jej męża <xAnon>K. O.</xAnon> wywodząc, <xBRx/>że represjonowanie to miało miejsce na terenie Czechosłowacji i stanowi ujemną przesłankę do zasądzenia odszkodowania.</xText>
          <xText>W apelacji pełnomocnik wnioskodawczyni zarzucił błąd w ustaleniach faktycznych przyjętych za podstawę orzeczenia, polegający na przyjęciu, iż <xAnon>K. O.</xAnon> był represjonowany poza określonym w Ustawie terytorium Państwa Polskiego oraz obrazę przepisów prawa materialnego, a w szczególności <xLexLink xArt="art. 8;art. 8 ust. 2 a" xIsapId="WDU19910340149" xTitle="Ustawa z dnia 23 lutego 1991 r. o uznaniu za nieważne orzeczeń wydanych wobec osób represjonowanych za działalność na rzecz niepodległego bytu Państwa Polskiego" xAddress="Dz. U. z 1991 r. Nr 34, poz. 149">art. 8 ust. <xBRx/>2 a Ustawy z dnia 23 lutego 1991 r. o uznaniu za nieważne orzeczeń wydanych wobec osób represjonowanych za działalność na rzecz niepodległego bytu Państwa Polskiego</xLexLink> wskutek błędnej wykładni i niewłaściwego zastosowania przez uznania, iż Skarb Państwa nie odpowiada za represje, jakim poddany został <xAnon>K. O.</xAnon><xBRx/>i wniósł o zmianę zaskarżonego wyroku przez uwzględnieni wniosku.</xText>
          <xText>Sąd Apelacyjny zważyć co następuje:</xText>
          <xText>Zawarty w apelacji /końcowy fragment uzasadnienia/ wniosek o uchylenie zaskarżonego wyroku i przekazanie sprawy Sądowi I instancji do ponownego rozpoznania zasługiwał na uwzględnienie. Nie zostały bowiem wyjaśnione wszystkie istotne w sprawie okoliczności, które mogły mieć wpływ na treść rozstrzygnięcia. Jest niesporne, że ustawa z dnia 23 lutego 1991 r. /Dz. U. Nr 34 poz. 149/ wiąże prawo do odszkodowania i zadośćuczynienia za wyrządzoną krzywdę z represjami stosowanymi za działalność na rzecz niepodległego bytu Państwa Polskiego na terytorium Polski. Ustawa z dnia 16 lipca 1998 r. /Dz. U. Nr 97 poz. 604/ nowelizując przepis art. 8 ust.<xBRx/>2 „A” uzależnia odpowiedzialność odszkodowawczą wobec represjonowanych przez radzieckie organy ścigania także od wymogu udowodnienia, że represje te były stosowane na terytorium Polski, a jednocześnie inaczej zakreśla terminy dla represji stosowanych „na obcym terytorium Polski” i na „terytorium Polski w granicach ustalonych w Traktacie Ryskim”.</xText>
          <xText>Tak więc w przypadku wnioskodawczyni bardzo istotne znaczenie musi mieć ustalenie, czy represje jakich ofiarą padł jej mąż <xAnon>K. O.</xAnon> miały miejsce na „terytorium Polski” w rozumieniu art. 8 ustęp 2 „a” znowelizowanego w/wym. ustawą z dnia 16 lipca 1998 r., czy też na terytorium b. Czechosłowacji.</xText>
          <xText>Treść wniosku <xAnon>K. O.</xAnon>nie jest w tym względzie jednoznaczna i niezbędne jest w tym względzie uzupełnienia postępowania dowodowego przez Sąd <xBRx/>I instancji W toku ponownego rozpoznania niniejszej sprawy zachodzić więc będzie potrzeba dopuszczenia dowodu z akt Sądu Okręgowego Sądu Pracy i Ubezpieczeń Społecznych w Katowicach sygn. XI J 275/95 dot. wniosku <xAnon>K. O.</xAnon><xBRx/>o przyznanie wojennej renty inwalidzkiej, w celu ustalenia, czy znajdują się tam informacje na temat skazania męża wnioskodawczyni, a w szczególności tego, gdzie ono nastąpiło i jakich czynów dotyczyło. W przypadku braku tych informacji Sąd <xBRx/>I instancji winien rozważyć potrzebę zwrócenia się o nią do Urzędy do Spraw Kombatantów i Osób Represjonowanych /decyzją tego Urzędu z dnia 30.02.1992 r. przyznano <xAnon>K. O.</xAnon>uprawnienia kombatanckie/ lub też do <xAnon>Stowarzyszenia (...)</xAnon>Armii Krajowej w <xAnon>W.</xAnon>/k. 18/.</xText>
          <xText>Zasygnalizować też należy potrzebę wyjaśnienia treści przepisów, z których <xAnon>K. O.</xAnon> był skazany /k. 6 akt/, a to w związku z tym, że dla odpowiedzialności odszkodowawczej niezbędne jest ustalenie, iż represje stosowane były za działalność na rzecz niepodległego bytu Państwa Polskiego, a nie np. za dezercję z Armii Czerwonej, na co wydaje się wskazywać wniosek męża wnioskodawczyni.</xText>
          <xText>W tym zakresie Sąd orzekający może skorzystać z możliwości jakie daje porozumienie Naczelnej Dyrekcji Archiwów Państwowych z władzami Federalnej Służby Archiwalnej Rosji, o czym informowało Ministerstwo Sprawiedliwości pismem z dnia 29.04.1999 r. DSN I 640/84/99.</xText>
          <xText>Mając wszystko to na uwadze, a także z uwagi na treść <xLexLink xArt="art. 452;art. 452 § 1" xIsapId="WDU19970890555" xTitle="Ustawa z dnia 6 czerwca 1997 r. - Kodeks postępowania karnego" xAddress="Dz. U. z 1997 r. Nr 89, poz. 555">art. 452 § 1 kpk</xLexLink> – należało zaskarżone orzeczenie uchylić i orzec jak w części dyspozytywnej niniejszego wyroku.</xText>
        </xUnit>
      </xBlock>
    </xPart>
  </judgement>
<judgement id="151500000001006_II_AKa_000204_1999_Uz_1999-08-24_001">
    <xPart xEditorFullName="Magdalena Gierszner" xYear="1999" xLang="PL" xPublisherFullName="Renata Kopiec" xFromPg="1" xEditor="mgierszner" xVolType="15/150000/0001006/AKa" xPublisher="rkopiec" xDocType="Uz" xVolNmbr="000204" xVersion="1.0" xToPage="1" xFlag="published">
      <xName>Wyrok+Uzasadnienie</xName>
      <xBlock>
        <xText>Sygn. akt: II AKa 204/99</xText>
        <xUnit xIsTitle="true" xBold="true" xType="part">
          <xName>WYROK</xName>
          <xTitle>W IMIENIU RZECZYPOSPOLITEJ POLSKIEJ</xTitle>
          <xText xALIGNx="right">Dnia 24 sierpnia 1999 r.</xText>
          <xText>
            <xBx>Sąd Apelacyjny w Katowicach II Wydział Karny w składzie:</xBx>
          </xText>
          <xRows>
            <xCOLGROUPx>
              <xCOLx xWIDTHx="172"/>
              <xCOLx xWIDTHx="539"/>
            </xCOLGROUPx>
            <xRow>
              <xClmn xALIGNx="left" xVALIGNx="top">
                <xText xALIGNx="right">Przewodniczący</xText>
              </xClmn>
              <xClmn xALIGNx="left" xVALIGNx="top">
                <xText>SSA Stanisław Raszka</xText>
              </xClmn>
            </xRow>
            <xRow>
              <xClmn xALIGNx="left" xVALIGNx="top">
                <xText xALIGNx="right">Sędziowie</xText>
              </xClmn>
              <xClmn xALIGNx="left" xVALIGNx="top">
                <xText>SSA Wiesława Gawrońska (spr.)</xText>
                <xText>SSA Jan Dybek</xText>
              </xClmn>
            </xRow>
            <xRow>
              <xClmn xALIGNx="left" xVALIGNx="top">
                <xText xALIGNx="right">Protokolant</xText>
              </xClmn>
              <xClmn xALIGNx="left" xVALIGNx="top">
                <xText>Barbara Gawor</xText>
              </xClmn>
            </xRow>
          </xRows>
          <xText>przy udziale Prokuratora Prok. Apel. Janusza Konstantego</xText>
          <xText>po rozpoznaniu w dniu 24 sierpnia 1999 roku</xText>
          <xText>sprawy z wniosku <xAnon>S. M.</xAnon> o odszkodowanie i zadośćuczynienie dochodzone na podstawie art. 8 ustęp 1 ustawy z 23.02.1991r. (Dz. U. Nr 34, poz. 149)</xText>
          <xText>z powodu apelacji, wniesionej przez pełnomocnika wnioskodawcy</xText>
          <xText>od wyroku Sądu Okręgowego w Katowicach</xText>
          <xText>z dnia 28 kwietnia 1999r. sygn. akt XVI1 Ko 138/97</xText>
          
          <xText>uchyla zaskarżony wyrok i przekazuje sprawę Sądowi Okręgowemu w Katowicach do ponownego rozpoznania.</xText>
          
          <xText>II AKa 204/99</xText>
        </xUnit>
        <xUnit xIsTitle="true" xBold="true" xType="part">
          <xName>UZASADNIENIE</xName>
          <xText>Sąd Okręgowy w Katowicach, wyrokiem z dnia 28 kwietnia 1999r. sygn. XVI1 Ko 138/97 oddalił wniosek <xAnon>S. M.</xAnon> o odszkodowanie iż zadośćuczynienie dochodzone w trybie art. 8 ustęp 1 ustawy z 23.02.1991r. (Dz. U. Nr 34, poz. 149) wywodząc, że Sąd Wojewódzki w Białymstoku, postanowieniem z dnia 22 kwietnia 1997r. sygn. III Ko 308/95 tylko w części uznał za nieważny wyrok Wojskowego Sądu Rejonowego w Białymstoku z dnia 9 lutego 1953r. sygn. Sr 15/53 i w rezultacie tego odbytą karę 3 lat i 8 miesięcy pozbawienia wolności należy wiązać ze skazaniem za przestępstwo pospolite.</xText>
          <xText>W apelacji pełnomocnik wnioskodawcy zarzucił:</xText>
          <xUnit xIsTitle="false" xType="none">
            <xName xSffx=".">1</xName>
            <xText>obrazę przepisów postępowania, a w szczególności <xLexLink xArt="art. 410" xIsapId="WDU19970890555" xTitle="Ustawa z dnia 6 czerwca 1997 r. - Kodeks postępowania karnego" xAddress="Dz. U. z 1997 r. Nr 89, poz. 555">art. 410 kpk</xLexLink> przez pominięcie przy wyrokowaniu okoliczności wynikających z ujawnionego wyroku Sądu Najwyższego z dnia 1.10.1954r. sygn. Ns 264/54 z którego wynika, że kary wymierzone wyrokiem Wojskowego Sadu Rejonowego w Białymstoku z dnia 9.02.1953r. za czyny przewidziane w <xLexLink xArt="art. 257;art. 257 § 1" xIsapId="WDU19970880553" xTitle="Ustawa z dnia 6 czerwca 1997 r. - Kodeks karny" xAddress="Dz. U. z 1997 r. Nr 88, poz. 553">art. 257§1 kk</xLexLink> zostały złagodzone, a następnie darowane na mocy <xLexLink xArt="" xIsapId="WDU19520460309" xTitle="Ustawa z dnia 22 listopada 1952 r. o amnestii" xAddress="Dz. U. z 1952 r. Nr 46, poz. 309">ustawy o amnestii z dnia 22.11.1952r.</xLexLink></xText>
          </xUnit>
          <xUnit xIsTitle="false" xType="none">
            <xName xSffx=".">2</xName>
            <xText>błąd w ustaleniach faktycznych polegający na przyjęciu, że odbyta przez <xAnon>S. M.</xAnon> kara w rozmiarze 3 lat i 8 miesięcy jest karą odbytą za przestępstwo z <xLexLink xArt="art. 257;art. 257 § 1" xIsapId="WDU19970880553" xTitle="Ustawa z dnia 6 czerwca 1997 r. - Kodeks karny" xAddress="Dz. U. z 1997 r. Nr 88, poz. 553">art. 257§1 kk</xLexLink>,a nie kara wymierzoną za działalność na rzecz niepodległego bytu Państwa Polskiego.</xText>
          </xUnit>
          <xText>W oparciu o te zarzuty pełnomocnik wnioskodawcy wniósł o uchylenie zaskarżonego wyroku i przekazanie sprawy Sądowi I instancji do ponownego rozpoznania.</xText>
          <xText>Sąd Apelacyjny zważył co następuje:</xText>
          <xText>Apelacja zasługiwała na uwzględnienie. W niniejszej sprawie niewątpliwie jest, że stwierdzona nieważność wyroku Wojskowego Sądu Rejonowego w Białymstoku z dnia 9.02.1953r. Sr 15/53 nie dotyczyła skazania za przypisany czyn z <xLexLink xArt="art. 257;art. 257 § 1" xIsapId="WDU19320600571" xTitle="Rozporządzenie Prezydenta Rzeczypospolitej z dnia 11 lipca 1932 r. - Kodeks karny" xAddress="Dz. U. z 1932 r. Nr 60, poz. 571">art. 257§1 dkk</xLexLink>. Pierwotnie wymierzona za ten czyn kara 4 lat więzienia, przy równocześnie wymierzonych karach 7 lat i 9 lat za czyny z <xLexLink xArt="art. 86;art. 86 § 2" xIsapId="WDU19320600571" xTitle="Rozporządzenie Prezydenta Rzeczypospolitej z dnia 11 lipca 1932 r. - Kodeks karny" xAddress="Dz. U. z 1932 r. Nr 60, poz. 571">art. 86§2 kk</xLexLink> i art. 4§1 dekretu z dnia 13.06.1946r. objęta została łączną karą 12 lat więzienia.</xText>
          <xText>Postanowieniem Najwyższego Sądu Wojskowego z dnia 1.10.1954r. Ns 264/54 łączną karę więzienia złagodzono do 9 lat, a następnie na mocy amnestii z dnia 22.11.1952r. tą łączną karę złagodzono o 1/3 czyli do wysokości 6 lat więzienia.</xText>
          <xText>Kryteria przyjęte w <xLexLink xArt="" xIsapId="WDU19520460309" xTitle="Ustawa z dnia 22 listopada 1952 r. o amnestii" xAddress="Dz. U. z 1952 r. Nr 46, poz. 309">ustawie z dnia 22.11.1952r. o amnestii</xLexLink> wskazują, że bez wątpienia złagodzeniu o 1/3 podlegały kary orzeczone za czyny z <xLexLink xArt="art. 86;art. 86 § 2" xIsapId="WDU19320600571" xTitle="Rozporządzenie Prezydenta Rzeczypospolitej z dnia 11 lipca 1932 r. - Kodeks karny" xAddress="Dz. U. z 1932 r. Nr 60, poz. 571">art. 86§2 kk</xLexLink> i <xLexLink xArt="art. 4;art. 4 § 1" xIsapId="WDU19320600571" xTitle="Rozporządzenie Prezydenta Rzeczypospolitej z dnia 11 lipca 1932 r. - Kodeks karny" xAddress="Dz. U. z 1932 r. Nr 60, poz. 571">art. 4§1 kk</xLexLink>, a wątpliwości budzić może natomiast kwestia stosowania tej amnestii do przypisanego czynu z <xLexLink xArt="art. 257;art. 257 § 1" xIsapId="WDU19320600571" xTitle="Rozporządzenie Prezydenta Rzeczypospolitej z dnia 11 lipca 1932 r. - Kodeks karny" xAddress="Dz. U. z 1932 r. Nr 60, poz. 571">art. 257§1 dkk</xLexLink>. Przy tym niekorzystnym dla wnioskodawcy wariancie kara 4 lat więzienia (obok złagodzonych kar 4 lat i 8 miesięcy oraz 6 lat) i tak nie mogłaby decydująco wpłynąć na orzeczenie łącznej kary 6 lat więzienia.</xText>
          <xText>Z ustaleń Sądu Okręgowego wynika dalej, że na mocy kolejnej <xLexLink xArt="" xIsapId="WDU19560110057" xTitle="Ustawa z dnia 27 kwietnia 1956 r. o amnestii" xAddress="Dz. U. z 1956 r. Nr 11, poz. 57">ustawy z 27.04.1956r. o amnestii</xLexLink> kara orzeczona za czyn z <xLexLink xArt="art. 86;art. 86 § 2" xIsapId="WDU19320600571" xTitle="Rozporządzenie Prezydenta Rzeczypospolitej z dnia 11 lipca 1932 r. - Kodeks karny" xAddress="Dz. U. z 1932 r. Nr 60, poz. 571">art. 86§2 dkk</xLexLink> została darowana w całości, a kara 6 lat wymierzona za czyn z art. 4§1 dekretu została załagodzona o połowę tj. do wysokości 3 lat.</xText>
          <xText>Sąd Okręgowy nie przeanalizował natomiast w ogołe kwestii, czy <xLexLink xArt="" xIsapId="WDU19560110057" xTitle="Ustawa z dnia 27 kwietnia 1956 r. o amnestii" xAddress="Dz. U. z 1956 r. Nr 11, poz. 57">ustawa z dnia 27.04.1956r. o amnestii</xLexLink> miała również zastosowanie do kary wymierzonej za czyn z <xLexLink xArt="art. 257;art. 257 § 1" xIsapId="WDU19320600571" xTitle="Rozporządzenie Prezydenta Rzeczypospolitej z dnia 11 lipca 1932 r. - Kodeks karny" xAddress="Dz. U. z 1932 r. Nr 60, poz. 571">art. 257§1 dkk</xLexLink>. Podkreślić należy, że potrzeba tego rodzaju dodatkowej analizy wynika z faktu, że <xLexLink xArt="" xIsapId="WDU19560110057" xTitle="Ustawa z dnia 27 kwietnia 1956 r. o amnestii" xAddress="Dz. U. z 1956 r. Nr 11, poz. 57">ustawa o amnestii</xLexLink> ma charakter powszechny i działa (z określonymi w ustawie wyjątkami) w sposób obligatoryjny.</xText>
          <xText>W związku z brakiem takiej analizy Sąd Apelacyjny pozbawiony został możliwości kontroli poczynionych w tym względzie ustaleń.</xText>
          <xText>Nawet jeśli w przypadku ewentualnego ustalenia, że amnestia nie objęła kary wymierzonej za czyn z <xLexLink xArt="art. 257;art. 257 § 1" xIsapId="WDU19320600571" xTitle="Rozporządzenie Prezydenta Rzeczypospolitej z dnia 11 lipca 1932 r. - Kodeks karny" xAddress="Dz. U. z 1932 r. Nr 60, poz. 571">art. 257§1 dkk</xLexLink> istniał obowiązek ustalenia, czy warunki odbywania tej kary, w związku z tym, że była ona wykonywana w ramach łącznej kary nie uległy pogorszeniu i w jakim stopniu.</xText>
          <xText>Zaznaczyć przecież potrzeba, że przez okres śledztwa oraz pozbawienia wolności wnioskodawca traktowany był nie jak skazany za przestępstwo pospolite, ale jako więzień polityczny.</xText>
          <xText>Uznając więc, że zaskarżone orzeczenie było przedwczesne Sąd Apelacyjny orzekł jak w części dyspozytywnej swojego wyroku.</xText>
        </xUnit>
      </xBlock>
    </xPart>
  </judgement>
<judgement id="151500000001006_II_AKa_000182_1999_Uz_1999-08-24_001">
    <xPart xEditorFullName="Magdalena Gierszner" xYear="1999" xLang="PL" xPublisherFullName="Renata Kopiec" xFromPg="1" xEditor="mgierszner" xVolType="15/150000/0001006/AKa" xPublisher="rkopiec" xDocType="Uz" xVolNmbr="000182" xVersion="1.0" xToPage="1" xFlag="published">
      <xName>Wyrok+Uzasadnienie</xName>
      <xBlock>
        <xText>Sygn. akt: II AKa 182/99</xText>
        <xUnit xIsTitle="true" xType="part" xBold="true">
          <xName>WYROK</xName>
          <xTitle>W IMIENIU RZECZYPOSPOLITEJ POLSKIEJ</xTitle>
          <xText xALIGNx="right">Dnia 24 sierpnia 1999 r.</xText>
          <xText>
            <xBx>Sąd Apelacyjny w Katowicach II Wydział Karny w składzie:</xBx>
          </xText>
          <xRows>
            <xCOLGROUPx>
              <xCOLx xWIDTHx="172"/>
              <xCOLx xWIDTHx="539"/>
            </xCOLGROUPx>
            <xRow>
              <xClmn xALIGNx="left" xVALIGNx="top">
                <xText xALIGNx="right">Przewodniczący</xText>
              </xClmn>
              <xClmn xALIGNx="left" xVALIGNx="top">
                <xText>SSA Stanisław Raszka</xText>
              </xClmn>
            </xRow>
            <xRow>
              <xClmn xALIGNx="left" xVALIGNx="top">
                <xText xALIGNx="right">Sędziowie</xText>
              </xClmn>
              <xClmn xALIGNx="left" xVALIGNx="top">
                <xText>SSA Wiesława Gawrońska (spr.)</xText>
                <xText>SSA Jan Dybek</xText>
              </xClmn>
            </xRow>
            <xRow>
              <xClmn xALIGNx="left" xVALIGNx="top">
                <xText xALIGNx="right">Protokolant</xText>
              </xClmn>
              <xClmn xALIGNx="left" xVALIGNx="top">
                <xText>Barbara Gawor</xText>
              </xClmn>
            </xRow>
          </xRows>
          <xText>przy udziale Prokuratora Prok. Apel. Janusza Konstanego</xText>
          <xText>po rozpoznaniu w dniu 24 sierpnia 1999 roku</xText>
          <xText>sprawy z wniosku <xAnon>L. B.</xAnon> o odszkodowanie i zadośćuczynienie dochodzone na podstawie art. 8 ust. 1 ustawy z dnia 23.02.1991r. (Dz. U. Nr 34 poz. 149)</xText>
          <xText>z powodu apelacji, wniesionej przez pełnomocnika wnioskodawcy</xText>
          <xText>od wyroku Sądu Okręgowego w Katowicach</xText>
          <xText>z dnia 22 kwietnia 1999r. sygn. akt XVI1 Ko 270/97</xText>
          
          <xText>II AKa 182/99</xText>
        </xUnit>
        <xUnit xIsTitle="true" xType="part" xBold="true">
          <xName>UZASADNIENIE</xName>
          <xText>Sąd Okręgowy w Katowicach, wyrokiem z dnia 22 kwietnia 1999 r. sygn. <xBRx/>XVI 1 Ko 270/97 zasądził na rzecz wnioskodawcy <xAnon>L. B.</xAnon> od Skarbu Państwa kwotę 75.500 zł tytułem odszkodowania i zadośćuczynienia za doznaną krzywdę w związku z niesłusznym tymczasowym aresztowaniem w sprawie <xBRx/>b. Wojskowego Sądu Okręgu Lubelskiego, umorzonej postanowieniem z dnia 22.01.1946 r. sygn. 052/46 oraz w związku z niesłusznym skazaniem wyrokiem <xBRx/>b. Wojskowego Sądu Rejonowego w Lublinie z dnia 16.07.1949 r. sygn. Śr. 350/49 – wraz z ustawowymi odsetkami od dnia uprawomocnienia się orzeczenia, <xBRx/>a w pozostałej części wniosek oddalił.</xText>
          <xText>Od tego wyroku apelację w części oddalającej wniosek złożył pełnomocnik wnioskodawcy zarzucając obrazę przepisów prawa materialnego i błąd w ustaleniach faktycznych polegający na tym, że Sąd nie uwzględnił wszystkich okoliczności, które miały decydujący wpływ na wysokość zasądzonego zadośćuczynienia oraz odszkodowania i wniósł o zmianę zaskarżonego wyroku oraz zasądzenia dalszej kwoty 35.700 zł, względnie też o uchylenie w tej części zaskarżonego wyroku i przekazanie sprawy Sądowi Okręgowemu w Katowicach do ponownego rozpoznania.</xText>
          <xText>Sąd Apelacyjny zważył co następuje:</xText>
          <xText>Apelacja tylko w części kwestionującej wysokość zasądzonego zadośćuczynienia za wyrządzoną krzywdę zasługiwała na uwzględnienie.</xText>
          <xText>Sąd Okręgowy przyjął w swoich ustaleniach, że wnioskodawca łącznie <xBRx/>był pozbawiony wolności przez okres 60 miesięcy i w okresie prowadzonych śledztw był bardzo źle traktowany. Stosowano bowiem wobec niego przemoc fizyczną /złamano żebra, spowodowano pęknięcie miednicy, złamano przegrodę nosową/, <xBRx/>był nękany przesłuchaniami o różnych porach dnia i nocy, przebywał w nieogrzewanej celi o otrzymywał głodowe porcje wyżywienia.</xText>
          <xText>Okoliczności te w znaczącej mierze znajdują potwierdzenie w treści zaświadczenia lekarskiego z dnia 14.02.1946 r., z którego wynika, że po pobycie <xBRx/>w więzieniu w okresie od 10.06.1945 r. do 29.01.1946 r. wnioskodawca nie mógł chodzić o własnych siłach i wymagał leczenia według zaleceń lekarza psychiatry <xBRx/>/k. 54/.</xText>
          <xText>Ustalenia te wskazują więc na szczególnie duże dolegliwości wyrządzone wnioskodawcy, które zdaniem Sądu Apelacyjnego wymagają zadośćuczynienia poprzez zasądzenie wyższych kwot z tego tytułu tj. w wysokości po 800 zł za jeden miesiąc pozbawienia wolności.</xText>
          <xText>W związku z tym Sąd Apelacyjny zasądził od Skarbu Państwa na rzecz wnioskodawcy dodatkową kwotę 12.000 zł wraz z należnymi ustawowymi odsetkami od wydania niniejszego wyroku.</xText>
          <xText>Za niezasadny natomiast uznać należało zarzut apelacji kwestionujący wysokość zasądzonego odszkodowania. Jest niewątpliwe, że wnioskodawca porzucił pracę w Komitecie Wojewódzkim <xAnon> (...)</xAnon> w <xAnon>L.</xAnon> w dniu 9 czerwca 1948 r. /zeznania wnioskodawcy oraz zaświadczenie k. 31 akt/. Do czasu zatrzymania <xBRx/>tj. do 27 października 1948 r. wnioskodawca miał utrzymać się z prywatnie wykonywanych prac na budowach np. przy budowie domu kuzyna /k. 21 akt <xBRx/>IV Ko 542/1994/.</xText>
          <xText>W rzeczywistości więc od czerwca 1948 r. do czasu aresztowania <xBRx/>tj. do 27.10 1948 r. wnioskodawca nie był zatrudniony w Wojewódzkim Komitecie <xAnon> (...)</xAnon> w <xAnon>L.</xAnon> i przyjęte przez Sąd Okręgowy wyliczenie dotyczące wynagrodzenia utraconego na skutek aresztowania nie były zasadne. Wyliczenie <xBRx/>te odnosić się bowiem powinny do wynagrodzenia uzyskiwanego przez wnioskodawcę przy pracach na budowach, bo wykonywanie tych prac przerwało i udaremniło aresztowanie. Kierunek zaskarżenia nie pozwala na skorygowanie tego błędu, ale jeszcze raz podkreślić należy, że wyliczenia te przyjęte zostały ze znaczącą korzyścią dla wnioskodawcy.</xText>
          <xText>Za chybione uznać przy tym należało wywody apelacji powołujące się na rzekomo dodatkowo wykonywane kosztorysy i projekty techniczne. Załączone do akt kserokopie dokumentów świadczą, że prace takie wnioskodawca wykonywał <xBRx/>w czerwcu i we wrześniu 1948 r., a więc po porzuceniu pracy w Komitecie Wojewódzkim <xAnon> (...)</xAnon> /k. 33, 35, 36 i k. 39/.</xText>
          <xText>Zauważyć też należy, że w chwili aresztowania tj. w dniu 27.10.1948 r. wnioskodawca nie mieszkał też w <xAnon>L.</xAnon>, a więc nie mógł korzystać ze służbowego mieszkania oraz stołówki, tak jak wywodzi to apelacja.</xText>
          <xText>Niezasadnie apelacja kwestionuje też określoną przez Sąd Okręgowy wartość paczek żywnościowych wysyłanych wnioskodawcy do więzienia. Wnioskodawca zeznał, że ich waga nie mogła przekroczyć 5 kg i zawierały wędlinę, smalec, cebulę oraz owoce /k. 67v/.</xText>
          <xText>Zeznania te, przy uwzględnieniu faktu, że owoce w tamtym czasie nie mogły obejmować stosunkowo drogich owoców południowych – potwierdzają prawidłowość wyceny tych paczek przez Sąd Okręgowy.</xText>
          <xText>Nie znajdują przy tym żadnego potwierdzenia wywody apelacji, jakoby paczki te dowozili członkowie rodziny na odległość ok. 450 km. Analiza akt b. Wojskowego Sądu Rejonowego w <xAnon>L.</xAnon> sygn. Śr. 350/49 wykazuje, że przynajmniej do sierpnia <xAnon>(...)</xAnon>. wnioskodawca pozostawał we więzieniu w <xAnon>L.</xAnon>/k. 83 – 84/, a więc <xBRx/>w pobliżu miejsca zamieszkania ojca i siostry wnioskodawcy.</xText>
          <xText>Mając na uwadze wszystkie te okoliczności Sąd Apelacyjny orzekł jak w części dyspozytywnej swojego wyroku.</xText>
        </xUnit>
      </xBlock>
    </xPart>
  </judgement>
<judgement id="151500000001006_II_AKa_000272_1999_Uz_1999-10-14_001">
    <xPart xEditorFullName="Magdalena Gierszner" xYear="1999" xLang="PL" xPublisherFullName="Renata Kopiec" xFromPg="1" xEditor="mgierszner" xVolType="15/150000/0001006/AKa" xPublisher="rkopiec" xDocType="Uz" xVolNmbr="000272" xVersion="1.0" xToPage="1" xFlag="published">
      <xName>Wyrok+Uzasadnienie</xName>
      <xBlock>
        <xText>Sygn. akt: II AKa 272/99</xText>
        <xUnit xIsTitle="true" xBold="true" xType="part">
          <xName>WYROK</xName>
          <xTitle>W IMIENIU RZECZYPOSPOLITEJ POLSKIEJ</xTitle>
          <xText xALIGNx="right">Dnia 14 października 1999 r.</xText>
          <xText>
            <xBx>Sąd Apelacyjny w Katowicach II Wydział Karny w składzie:</xBx>
          </xText>
          <xRows>
            <xCOLGROUPx>
              <xCOLx xWIDTHx="172"/>
              <xCOLx xWIDTHx="539"/>
            </xCOLGROUPx>
            <xRow>
              <xClmn xALIGNx="left" xVALIGNx="top">
                <xText xALIGNx="right">Przewodniczący</xText>
              </xClmn>
              <xClmn xALIGNx="left" xVALIGNx="top">
                <xText>SSA Barbara Suchowska (spr.)</xText>
              </xClmn>
            </xRow>
            <xRow>
              <xClmn xALIGNx="left" xVALIGNx="top">
                <xText xALIGNx="right">Sędziowie</xText>
              </xClmn>
              <xClmn xALIGNx="left" xVALIGNx="top">
                <xText>SSA Wiesława Gawrońska</xText>
                <xText>SSO del. Elżbieta Mieszczańska</xText>
              </xClmn>
            </xRow>
            <xRow>
              <xClmn xALIGNx="left" xVALIGNx="top">
                <xText xALIGNx="right">Protokolant</xText>
              </xClmn>
              <xClmn xALIGNx="left" xVALIGNx="top">
                <xText>Małgorzata Ziernicka</xText>
              </xClmn>
            </xRow>
          </xRows>
          <xText>przy udziale Prokuratora Prok. Apel. Janusza Konstantego</xText>
          <xText>po rozpoznaniu w dniu 14 października 1999r.</xText>
          <xText>sprawy z wniosku <xAnon>H. G.</xAnon>, <xAnon>ur. (...)</xAnon> w <xAnon>C.</xAnon>, córki <xAnon>B.</xAnon> i <xAnon>M.</xAnon></xText>
          <xText>w przedmiocie odszkodowania</xText>
          <xText>z powodu apelacji, wniesionej przez pełnomocnika wnioskodawczyni</xText>
          <xText>od wyroku Sądu Okręgowego w Częstochowie</xText>
          <xText>z dnia 02 kwietnia 1999r. sygn. akt II Ko 6/99</xText>
          
          <xUnit xIsTitle="false" xType="none">
            <xName xSffx=".">1</xName>
            <xText>utrzymuje w mocy zaskarżony wyrok;</xText>
          </xUnit>
          <xUnit xIsTitle="false" xType="none">
            <xName xSffx=".">2</xName>
            <xText>kosztami postępowania obciąża Skarb Państwa.</xText>
          </xUnit>
          
          <xText>II AKa 272/99</xText>
        </xUnit>
        <xUnit xIsTitle="true" xBold="true" xType="part">
          <xName>UZASADNIENIE</xName>
          <xText><xAnon>H. G.</xAnon> złożyła wniosek o odszkodowanie za bezprawne aresztowanie przez NKWD, zesłanie jej do obozu w ZSRR i przetrzymywanie w okresie od 20 czerwca 1941r. do 15 kwietnia 1946r.</xText>
          <xText>Z tego tytułu domagała się zasądzenia na jej rzecz od Skarbu Państwa kwoty 59.000 zł odszkodowania i 5.900 zł zadośćuczynienia.</xText>
          <xText>Sąd Okręgowy w Częstochowie, wyrokiem z dnia 2 kwietnia 1999r. wniosku nie uwzględnił, a kosztami postępowania obciążył Skarb Państwa.</xText>
          <xText>Apelację od powyższego wyroku wniósł pełnomocnik wnioskodawczyni.</xText>
          <xText>Podnosząc zarzut błędu w ustaleniach faktycznych przyjętych za podstawę orzeczenia, polegającego na przyjęciu, iż wniosek nie mieścił się w ramach czasowych określonych w art. 2”a” ustawy z 23.02.1991r., a także, że istnieje poważna wątpliwość, co do samego faktu aresztowania – wniósł o uchylenie zaskarżonego wyroku i zasądzenie na rzecz wnioskodawczyni żądanego odszkodowania, względnie o uchylenie tegoż wyroku i przekazanie sprawy do ponownego rozpoznania Sądowi Okręgowemu.</xText>
          <xText>Sąd Apelacyjny, w wyniku rozpoznania złożonej apelacji uznał, że nie zasługuje ona na uwzględnienie. Podstawą do zasądzenia na podstawie art. 8 ust. 2 „a” ustawy z dnia 23.02.1991r. z późniejszymi zmianami, odszkodowania jest ustalenie, że represje, o jakich mowa w tym przepisie dotknęły daną osobę za działalność na rzecz niepodległego bytu Państwa Polskiego lub z powodu takiej działalności.</xText>
          <xText>Za działalność, o której mowa wyżej, w odniesieniu do osób represjonowanych na terytorium Polski w granicach ustalonych w Traktacie Ryskim poza obecnym terytorium Polski, należy z kolei w myśl art.8 ust. 2”b” cyt. ustawy rozumieć działalność w okresie od 17 września 1939r. do 5 lutego 1946r.</xText>
          <xText>Z materiałów zgromadzonych przez Sąd Okręgowy, a także oświadczeń złożonych przez wnioskodawczynię w toku rozprawy odwoławczej wynika, że nie prowadziła ona we wskazanym okresie czasu takiej działalności niepodległościowej, a represje jakie niewątpliwie ją dotknęły miały inny charakter, nie uprawniający jednak do dochodzenia roszczeń w trybie powołanej ustawy.</xText>
          <xText>Do takiej działalności niepodległościowej nie można bowiem zaliczyć udzielonej z jej strony pomocy rodzinom osób wojskowych, które ukrywały się przed deportacją, o czym zeznawała wnioskodawczyni.</xText>
          <xText>Z podanych wyżej względów wniosek <xAnon>H. G.</xAnon> nie mógł być uwzględniony, ponieważ nie występują po jej stronie warunki określone w cytowanych wyżej przepisach.</xText>
          <xText>W tej sytuacji dalsze rozważania na temat czasokresu represji stosowanych wobec wnioskodawczyni i odniesienia go do dat wskazanych w art. 8 ust. 2”a” są zbędne wobec niespełnienia przez w/wymienioną podstawowej przesłanki uprawniającej do dochodzenia od Skarbu Państwa odszkodowania i zadośćuczynienia.</xText>
        </xUnit>
      </xBlock>
    </xPart>
  </judgement>
<judgement id="151500000001006_II_AKa_000231_1999_Uz_1999-10-16_001">
    <xPart xEditorFullName="Magdalena Gierszner" xYear="1999" xLang="PL" xPublisherFullName="Renata Kopiec" xFromPg="1" xEditor="mgierszner" xVolType="15/150000/0001006/AKa" xPublisher="rkopiec" xDocType="Uz" xVolNmbr="000231" xVersion="1.0" xToPage="1" xFlag="published">
      <xName>Wyrok+Uzasadnienie</xName>
      <xBlock>
        <xText>Sygn. akt: II AKa 231/99</xText>
        <xUnit xIsTitle="true" xBold="true" xType="part">
          <xName>WYROK</xName>
          <xTitle>W IMIENIU RZECZYPOSPOLITEJ POLSKIEJ</xTitle>
          <xText xALIGNx="right">Dnia 16 października 1999 r.</xText>
          <xText>
            <xBx>Sąd Apelacyjny w Katowicach II Wydział Karny w składzie:</xBx>
          </xText>
          <xRows>
            <xCOLGROUPx>
              <xCOLx xWIDTHx="172"/>
              <xCOLx xWIDTHx="539"/>
            </xCOLGROUPx>
            <xRow>
              <xClmn xALIGNx="left" xVALIGNx="top">
                <xText xALIGNx="right">Przewodniczący</xText>
              </xClmn>
              <xClmn xALIGNx="left" xVALIGNx="top">
                <xText>SSA Jolanta Śpiechowicz</xText>
              </xClmn>
            </xRow>
            <xRow>
              <xClmn xALIGNx="left" xVALIGNx="top">
                <xText xALIGNx="right">Sędziowie</xText>
              </xClmn>
              <xClmn xALIGNx="left" xVALIGNx="top">
                <xText>SSA Barbara Suchowska (spr.)</xText>
                <xText>SSA Paweł Węgrzynek</xText>
              </xClmn>
            </xRow>
            <xRow>
              <xClmn xALIGNx="left" xVALIGNx="top">
                <xText xALIGNx="right">Protokolant</xText>
              </xClmn>
              <xClmn xALIGNx="left" xVALIGNx="top">
                <xText>Małgorzata Ziernicka</xText>
              </xClmn>
            </xRow>
          </xRows>
          <xText>przy udziale Prokuratora Prok. Okręg. del. Małgorzaty Siemińskiej</xText>
          <xText>po rozpoznaniu w dniu 16 października 1999r.</xText>
          <xText>sprawy z wniosku <xAnon>R. F.</xAnon> w przedmiocie odszkodowania <xBRx/>i zadośćuczynienia na podstawie art. 8 ust. 1 i art. 13 ustawy z dn. 23 lutego 1991r. o uznaniu za nieważne... (Dz. U. z dn. 23 kwietnia 1991r. poz. 149)</xText>
          <xText>z powodu apelacji, wniesionej przez pełnomocnika wnioskodawcy</xText>
          <xText>od wyroku Sądu Okręgowego w Częstochowie</xText>
          <xText>z dnia 20 maja 1999r. sygn. akt II Ko 6/98</xText>
          
          <xText>uchyla zaskarżony wyrok i sprawę przekazuje Sądowi Okręgowemu w Częstochowie do ponownego rozpoznania</xText>
          
          <xText>II AKa 231/99</xText>
        </xUnit>
        <xUnit xIsTitle="true" xBold="true" xType="part">
          <xName>UZASADNIENIE</xName>
          <xText>Sąd Okręgowy w Częstochowie, wyrokiem z dnia 20 maja 1999r. na podstawie art. 8 ust. 1 i art. 13 Ustawy z dnia 23.02.199r. o uznaniu za nieważne orzeczeń wydanych wobec osób represjonowanych za działalność na rzecz niepodległego bytu Państwa Polskiego, zasądził od Skarbu Państwa na rzecz <xAnon>R. F.</xAnon> kwotę 6.000 złotych <xBRx/>z ustawowymi odsetkami licząc od daty uprawomocnienia się wyroku.</xText>
          <xText>W pozostałej części wniosek w/wym. Oddalił, a kosztami postępowania obciążył Skarb Państwa.</xText>
          <xText>Apelację od powyższego wyroku złożył pełnomocnik wnioskodawcy podnosząc zarzut bledu w ustaleniach faktycznych przyjętych za podstawę wyroku polegający na nie przyjęciu, że aktualny stan zdrowia wnioskodawcy pozostaje w związku przyczynowym <xBRx/>z jego pobytem w więzieniu przez okres 1 roku, co skutkowało uznaniem za bezpodstawne roszczenia w przedmiocie odszkodowania za poniesione koszty zakupów leków, a także nie uznaniu za zasadne żądań wnioskodawcy w przedmiocie odszkodowania za utratę dochodów osobistych.</xText>
          <xText>Podnosząc powyższe zarzuty pełnomocnik wniósł o zmianę zaskarżonego wyroku przez orzeczenie odszkodowania w wysokości żądanej przez wnioskodawcę.</xText>
          <xText>Sąd Apelacyjny, w wyniku rozpoznania złożonej apelacji uznał, że niezbędne jest uchylenie zaskarżonego wyroku i przekazanie sprawy Sądowi I instancji do ponownego rozpoznania.</xText>
          <xText>Nie oznacza to jednak równocześnie, że Sąd odwoławczy podzielił w pełni zarzuty <xBRx/>i wnioski zawarte w skardze odwoławczej, bowiem jedynie niektóre z nich zasługują na uwzględnienie.</xText>
          <xText>Analiza zgromadzonego w sprawie materiału dowodowego oraz pisemnych motywów zaskarżonego wyroku prowadzą do wniosku, że Sąd Okręgowy rozstrzygnął sprawę <xBRx/>w oparciu o niepełny materiał dowodowy i nie rozważył w należyty sposób wszystkich ustalonych w sprawie okoliczności, co ma istotne znaczenie dla wysokości zasądzonego zadośćuczynienia.</xText>
          <xText>Określając kwotę należytego zadośćuczynienia Sąd I instancji miał na uwadze młody wiek wnioskodawcy w chwili aresztowania, a także niekorzystny wpływ rocznej izolacji od rodziny i środowiska, jak również ustaloną w tym względzie praktykę.</xText>
          <xText>Kwestie związane ze stanem zdrowia wnioskodawcy rozważał natomiast jedynie <xBRx/>w aspekcie zgłoszonego roszczenia o odszkodowanie.</xText>
          <xText>Dopuścił się nadto Sąd I instancji, badając to zagadnienie, obrazy przepisu <xLexLink xArt="art. 174" xIsapId="WDU19970890555" xTitle="Ustawa z dnia 6 czerwca 1997 r. - Kodeks postępowania karnego" xAddress="Dz. U. z 1997 r. Nr 89, poz. 555">art. 174 kpk</xLexLink>. Zauważyć należy, że <xAnon>R. F.</xAnon>, który zmierzał do wykazania przed Sądem, iż aktualny stan jego zdrowia ma związek z bezprawnym pozbawieniem go wolności w okresie 1 roku w latach 1948/1949, złożył wniosek dowodowy o przesłuchanie w charakterze świadka <xAnon>P. M.</xAnon> na okoliczność związaną ze stanem zdrowia oraz leczeniem podejmowanym już w trakcie odbywania studiów w Seminarium Duchownym w <xAnon>K.</xAnon>.</xText>
          <xText>Sąd Okręgowy, postanowieniem z dnia 15.01.1999r. wniosek ten uwzględnił dopuszczając dowód z zeznań w/wym. Świadka, a następnie, nie zmieniając swojego postanowienia w tej kwestii dowód taki pominął.</xText>
          <xText>Faktem jest, że wnioskodawca przedstawił Sądowi I instancji pismo <xAnon>P. M.</xAnon> zawierające jego oświadczenia /k. 53/, a Sąd zaliczył je w poczet materiału dowodowego /k. 56/, to ta okoliczność nie zwalniała jednak Sądu merytorycznego od obowiązku przesłuchania świadka, którego zeznań nie można zastępować treścią pism lub zapisków, a jedynie tak można było potraktować wspomniane oświadczenie.</xText>
          <xText>W sytuacji kiedy wnioskodawca, w toku postępowania odwoławczego, ponownie wniósł o przeprowadzenie tegoż dowodu, a brak jest w oparciu o treść <xLexLink xArt="art. 170" xIsapId="WDU19970890555" xTitle="Ustawa z dnia 6 czerwca 1997 r. - Kodeks postępowania karnego" xAddress="Dz. U. z 1997 r. Nr 89, poz. 555">art. 170 kpk</xLexLink> podstaw do nieuwzględnienia jego wniosku, to zdaniem Sądu Apelacyjnego konieczne jest przesłuchanie wymienionego świadka.</xText>
          <xText>Rozważyć również w tej sytuacji należy, czy nie zajdzie potrzeba wysłuchania <xBRx/>P. <xAnon>M.</xAnon> w obecności biegłych, którzy badali związek przyczynowy pomiędzy aresztowaniem i obecnym stanem zdrowia wnioskodawcy.</xText>
          <xText>Sąd I instancji czynił starania o wyjaśnienia czy istotnie taki związek przyczynowy zachodzi, opierając się na zebranym dotychczas materiale dowodowym i stwierdzić należy, że przyjęte w tej materii stanowisko jest przekonujące.</xText>
          <xText>Nie można jednak z góry założyć, że zeznania w/wym. Świadka niczego nowego do sprawy nie wniosą zwłaszcza, że dotyczyć one mają tego okresu czasu, za który brak jest jakiejkolwiek dokumentacji lekarskiej.</xText>
          <xText>Podkreślić należy, że ustalenie związku przyczynowego, jeśli chodzi o zdrowie ludzkie, wiąże się z poważnymi trudnościami i z reguły nie może być absolutnie pewne, to jednak do jego przyjęcia wystarcza, gdy jest on ustalony z dostateczną dozą prawdopodobieństwa.</xText>
          <xText>Chodzi bowiem o to, by uzyskać najwyższy stopień prawdopodobieństwa w sensie obiektywnym /por. orzeczenia SN z dnia 17.06.1969r. II CR 165/69 OSPiKA 1970 nr 78 poz. 155 z dnia 14.12.1973 r. II CR 652/73 OSPiKA 1975 nr 4 poz. 94/.</xText>
          <xText>Określając wysokość zadośćuczynienia Sąd I instancji winien zatem w oparciu o pełny materiał dowodowy rozważyć również kwestie związane z rozstrojem zdrowia represjonowanego w okresie pozbawienia go wolności <xUx>i ewentualnie</xUx> później w razie stwierdzenia, że miało to związek z odbywaniem kary.</xText>
          <xText>Dodać jeszcze należy, że z wniosku o ułaskawienie zawartego w aktach sprawy SR 236/48 Wojskowego Sądu rejonowego w Kielcach z dnia 18.08.1948r. /k. 107/ wynika, że już wówczas wnioskodawca powoływał się na pogarszający się stan jego zdrowia, na którą to okoliczność <xAnon>R. F.</xAnon> winien być szczegółowo przesłuchiwany.</xText>
          <xText>Gdyby zatem Sąd I instancji ustalił, że pobyt w więzieniu wpłynął niekorzystnie na zdrowie wnioskodawcy, to winien tą okoliczność uwzględnić przy miarkowaniu należnej mu kwoty zadośćuczynienia.</xText>
          <xText>Co do zwrotu kosztów leczenia, jakich domaga się wnioskodawca, a co w żaden sposób jak dotychczas nie zostało przez niego udokumentowane, ani też w racjonalny sposób wyjaśnione, to podzielić należy pogląd Sądu I instancji o braku podstaw do uwzględnienia wniosku w tej części chyba, że w wyniku ponownie przeprowadzonego postępowania Sąd poczyni w tym przedmiocie inne ustalenia faktyczne.</xText>
          <xText>Przystępując z kolei do omówienia zagadnień związanych z dochodzonym przez wnioskodawcę odszkodowaniem z tytułu utraty dochodów osobistych to stwierdzić należy, że przyjęte w tej materii przez Sąd Okręgowy stanowisko zgodne jest z dotychczasową praktyka.</xText>
          <xText>Wnioskodawca przed pozbawieniem go wolności nie pracował i pozostawał na utrzymaniu rodziców i gdyby nie aresztowanie to kontynuował by naukę, na co wskazuje nie tylko treść jego zeznań, ale i dalsza droga życiowa.</xText>
          <xText>Zgodzić zatem należy się z Sądem Okręgowym, że brak jest podstaw do zasądzenia odszkodowania, tak jak domaga się tego wnioskodawca.</xText>
          <xText>Nie oznacza to jednak, że podnoszone przez wnioskodawcę w toku postępowania oraz przez jego pełnomocnika w pisemnej apelacji kwestii z tym związane, pozostają bez wpływu na rozstrzygnięcie niniejszej sprawy.</xText>
          <xText>Bezsporne jest bowiem, że z powodu aresztowania, a potem odbywania orzeczonej kary wnioskodawca przerwał naukę. Kontynuował ją w roku szkolnym 1949/1950 w liceum, a następnie w Seminarium Duchownym tracąc jednak dwa lata.</xText>
          <xText>Powodowało to niewątpliwie naruszenie jego konstytucyjnego prawa do pracy, <xBRx/>a przede wszystkim opóźniło start życiowy.</xText>
          <xText>Strata wnioskodawcy związana z krzywdą z tego tytułu powstała winna być w tej sytuacji rekompensowana odpowiednim podwyższeniem kwoty zadośćuczynienia.</xText>
          <xText>Zgodzić natomiast należy się z Sądem Okręgowym, że brak jest dostatecznych podstaw, by podnoszone przez wnioskodawcę dalsze kwestie związane z przebiegiem służby duszpasterskiej, a w szczególności wieloletni brak awansu na stanowisko proboszcza parafii można było wiązać bezpośrednio z represjami z lat 1949/1949, co zresztą przekonywająco Sąd I instancji omówił.</xText>
          <xText>Mając powyższe na uwadze, a także uwzględniając fakt, iż dalsze czynności dowodowe, jakie w sprawie niniejszej, przy jej ponownym rozpoznaniu muszą być przeprowadzone, ściśle wiążą się z ustaleniem wysokości należnego wnioskodawcy zadośćuczynienia, Sąd Apelacyjny uchylił zaskarżony wyrok w całości.</xText>
          <xText>Rozpoznając sprawę ponownie Sąd I instancji winien postąpić zgodnie ze wskazaniami zawartymi wyżej i wydać stosowne orzeczenie w oparciu o pełny materiał dowodowy, po przeprowadzeniu jego szczegółowej i wnikliwej analizy.</xText>
        </xUnit>
      </xBlock>
    </xPart>
  </judgement>
<judgement id="151500000001006_II_AKa_000236_1999_Uz_1999-10-28_001">
    <xPart xEditorFullName="Magdalena Gierszner" xYear="1999" xLang="PL" xPublisherFullName="Renata Kopiec" xFromPg="1" xEditor="mgierszner" xVolType="15/150000/0001006/AKa" xPublisher="rkopiec" xDocType="Uz" xVolNmbr="000236" xVersion="1.0" xToPage="1" xFlag="published">
      <xName>Wyrok+Uzasadnienie</xName>
      <xBlock>
        <xText>Sygn. akt: II AKa 236/99</xText>
        <xUnit xIsTitle="true" xType="part" xBold="true">
          <xName>WYROK</xName>
          <xTitle>W IMIENIU RZECZYPOSPOLITEJ POLSKIEJ</xTitle>
          <xText xALIGNx="right">Dnia 28 października 1999 r.</xText>
          <xText>
            <xBx>Sąd Apelacyjny w Katowicach II Wydział Karny w składzie:</xBx>
          </xText>
          <xRows>
            <xCOLGROUPx>
              <xCOLx xWIDTHx="172"/>
              <xCOLx xWIDTHx="539"/>
            </xCOLGROUPx>
            <xRow>
              <xClmn xALIGNx="left" xVALIGNx="top">
                <xText xALIGNx="right">Przewodniczący</xText>
              </xClmn>
              <xClmn xALIGNx="left" xVALIGNx="top">
                <xText>SSA Jan Dybek</xText>
              </xClmn>
            </xRow>
            <xRow>
              <xClmn xALIGNx="left" xVALIGNx="top">
                <xText xALIGNx="right">Sędziowie</xText>
              </xClmn>
              <xClmn xALIGNx="left" xVALIGNx="top">
                <xText>SSA Wiesława Gawrońska</xText>
                <xText>SSA Marek Michniewski (spr.)</xText>
              </xClmn>
            </xRow>
            <xRow>
              <xClmn xALIGNx="left" xVALIGNx="top">
                
              </xClmn>
              <xClmn xALIGNx="left" xVALIGNx="top">
                
              </xClmn>
            </xRow>
          </xRows>
          <xText>Protokolant: Barbara Gawor</xText>
          <xText>przy udziale Prokuratora Prok. Okręg. del. Małgorzaty Siemińskiej</xText>
          <xRows>
            <xCOLGROUPx>
              <xCOLx xWIDTHx="172"/>
              <xCOLx xWIDTHx="539"/>
            </xCOLGROUPx>
            <xRow>
              <xClmn xALIGNx="left" xVALIGNx="top">
                
              </xClmn>
              <xClmn xALIGNx="left" xVALIGNx="top">
                
              </xClmn>
            </xRow>
          </xRows>
          <xText>po rozpoznaniu w dniu 28 października 1999 roku</xText>
          <xText>sprawy z wniosku <xAnon>B. J.</xAnon>, <xAnon>ur. (...)</xAnon> w <xAnon>P.</xAnon>, syna <xAnon>A.</xAnon> i <xAnon>L.</xAnon></xText>
          <xText>o zasądzenie odszkodowania w trybie ustawy rehabilitacyjnej</xText>
          <xText>z powodu apelacji, wniesionej przez pełnomocnika wnioskodawcy</xText>
          <xText>od wyroku Sądu Okręgowego w Katowicach</xText>
          <xText>z dnia 02 czerwca 1999 r. sygn. akt XVI1 Ko 439/96</xText>
          
          <xUnit xIsTitle="false" xType="none">
            <xName xSffx=".">1</xName>
            <xText>zmienia zaskarżony wyrok w punkcie 2 w ten sposób, iż zasądza od Skarbu Państwa na rzecz wnioskodawcy <xAnon>B. J.</xAnon> dalsze 14.700 (czternaście tysięcy siedemset) złotych z ustawowymi odsetkami od dnia prawomocności wyroku, zaś w pozostałej części zaskarżony wyrok utrzymuje w mocy,</xText>
          </xUnit>
          <xUnit xIsTitle="false" xType="none">
            <xName xSffx=".">2</xName>
            <xText>kosztami sądowymi za posterowanie odwoławcze obciąża Skarb Państwa.</xText>
          </xUnit>
          
          <xText>II AKa 236/99</xText>
        </xUnit>
        <xUnit xIsTitle="true" xType="part" xBold="true">
          <xName>UZASADNIENIE</xName>
          <xText><xAnon>B. J.</xAnon> wystąpił z wnioskiem o przyznanie odszkodowania za poniesione szkody i zadośćuczynienie za doznaną krzywdę w wysokości 70.000 zł za to, iż <xBRx/>w związku z przynależnością do Armii Krajowej /od kwietnia 1945r./ w dniu 11 maja 1948r. został aresztowany pod <xAnon>G.</xAnon> przez NKWD, a następnie skazany wyrokiem Trybunału Wojennego Wojsk MSW obwodu <xAnon> (...)</xAnon> z dnia 8 lipca 1948r. na karę 25 lat pozbawienia wolności, która później złagodzono do 10 lat i w związku z tym był pozbawiony wolności od dnia 11 maja 1948r. do 5 lipca 1956 r. /k. 3-4, 63/.</xText>
          <xText>W piśmie z dnia 12 listopada 1998r. wnioskodawca z uwagi na inflację podwyższył żądanie do wysokości 140.000 zł /k. 19/.</xText>
          <xText>Wyrokiem z dnia 2 czerwca 1999r. Sąd Okręgowy zasądził od Skarbu Państwa na rzecz <xAnon>B. J.</xAnon> kwotę 49.000 zł z ustawowymi odsetkami od dnia prawomocności wyroku, zaś w pozostałej części żądanie wniosku oddalił.</xText>
          <xText>Z motywów wyroku wynika, iż z tytułu zadośćuczynienia za krzywdę moralną przyjęto jako adekwatną kwotę po 500 zł za każdy miesiąc pozbawienia wolności, a ponieważ wnioskodawca był pozbawiony wolności przez 98 miesięcy, więc daje to kwotę 49.000 zł.</xText>
          <xText>Natomiast zdaniem Sądu Okręgowego brak jest podstaw do zasądzenia odszkodowania za straty materialne, bowiem wnioskodawca w chwili aresztowania pracował na gospodarstwie rolnym rodziców, z którego nie uzyskiwano większych przychodów.</xText>
          <xText>Powyższy wyrok zaskarżył pełnomocnik wnioskodawcy.</xText>
          <xText>Apelacja wyrokowi zarzuca:</xText>
          <xText>1. obrazę przepisów prawa materialnego, a w szczególności art. 8 ustawy z dnia 23 lutego 1991r. o uznaniu za nieważne orzeczeń …, poprzez nie przyznanie wnioskodawcy odszkodowania za poniesioną szkodę oraz przyznanie niewspółmiernie do rozmiaru krzywd <xBRx/>i cierpień, niskiego zadośćuczynienia;</xText>
          <xText>2. obrazę przepisów postępowania poprzez nie wyjaśnienie z urzędu wszystkich istotnych dla rozstrzygnięcia okoliczności, a w szczególności jaką szkodę majątkową poniósł wnioskodawca i wnosi o:</xText>
          <xText>1. zmianę zaskarżonego wyroku w ten sposób, że zostanie zasądzone odszkodowanie, <xBRx/>a zadośćuczynienie podwyższone do łącznej kwoty 140.000 zł, która to kwotę wnioskodawca domagał się w postępowaniu przed I instancją i domaga się w swojej osobistej apelacji;</xText>
          <xText>2. zasądzenie na rzecz wnioskodawcy kosztów zastępstwa procesowego według załączonego spisu kosztów, a nadto o dopuszczenie w oparciu o przepis <xLexLink xArt="art. 427" xIsapId="WDU19970890555" xTitle="Ustawa z dnia 6 czerwca 1997 r. - Kodeks postępowania karnego" xAddress="Dz. U. z 1997 r. Nr 89, poz. 555">art. 427 kpk</xLexLink> dowodu z zeznań świadka <xAnon>U. H.</xAnon> na okoliczności gospodarstwa rolnego, w którym wnioskodawca pracował oraz utraconych korzyści.</xText>
          <xText>Sąd Apelacyjny zważył, co następuje:</xText>
          <xText>Apelacja jest częściowo zasadna. Przepisy prawa cywilnego mają zastosowanie do roszczeń odszkodowawczych, o których mowa w ustawie rehabilitacyjnej z 1991r. <xBRx/>z późniejszymi zmianami, a odszkodowanie i zadośćuczynienie są naprawieniem krzywdy wyrządzonej czynem niedozwolonym /z motywów uchwały SN z 28.10.1993r. OSNKW <xBRx/>z. 11-12, poz. 67/.</xText>
          <xText>Odnośnie zadośćuczynienia stwierdzić trzeba, że jego wysokość oznacza się odpowiednio do rozmiaru krzywd i cierpień jakich doznała osoba represjonowana, przy czym należy mieć na uwadze ich rodzaj, stopień dolegliwości, czas ich trwania, miejsce odbywania kary pozbawienia wolności.</xText>
          <xText>W motywach zaskarżonego wyroku Sąd Okręgowy przyjmując za adekwatna kwotę 500 zł za jeden miesiąc pozbawienia wolności, uwzględnia takie okoliczności jak bicie wnioskodawcy w toczącym się śledztwie, b. ciężkie warunki w łagrach b. ZSRR, a także doznanie trwałego uszczerbku na zdrowiu, co wynika z jego książeczki inwalidy. Pomija jednak inne okoliczności, które maja wpływ na ustalenie wysokości rekompensaty, jak odbywanie kary długoterminowej /przez 98 miesięcy/ i to w obozach-łagrach na terenie Kazachstanu-<xAnon>I.</xAnon>.</xText>
          <xText>W realiach niniejszej sprawy należy dojść do przekonania, iż zasądzenie odszkodowania z tytułu zadośćuczynienia w kwocie 500 zł miesięcznie należy jednak uznać na niewspółmiernie niskie i dlatego podwyższono je o dalsze 150 zł za każdy miesiąc pozbawienia wolności, co daje dodatkowo kwotę 14.700 zł /150 zł x 98 miesięcy/ - w wyroku SA w Katowicach z dnia 20.05.1999r. sygn. II AKa 115/99 zasądzono zadośćuczynienie za doznaną krzywdę po 600 zł za 1 miesiąc.</xText>
          <xText>Jeżeli chodzi o stan zdrowia wnioskodawcy po odbyciu kary pozbawienia wolności, to w ogólnej kwocie zasądzonego odszkodowania jest już zasądzona z tego tytułu rekompensata, co wynika z motywów zaskarżonego wyroku. Wnioskodawca przyznał, iż po powrocie do kraju od 1958 r. do 1985r. pracował w stalowni Huty <xAnon>(...)</xAnon>, a następnie przeszedł na rentę z powodu choroby zawodowej – pylicy płuc. Okoliczność ta wskazuje, iż stan zdrowia zezwalał mu na podjęcie pracy zawodowej i to w trudnych warunkach.</xText>
          <xText>Powoływanie się w motywach apelacji i przez pełnomocnika, iż wnioskodawca <xBRx/>w okresie od 19.10.1998r. do 26.10.1998r. był na leczeniu szpitalnym, nie można wiązać <xBRx/>z jego wcześniejszym /do 1956r./ pobytem w łagrze, bo trudno dopatrzeć się tej ostatniej choroby aby zaistniała w związku przyczynowym z wydanym wyrokiem skazującym oraz odbywaną karą pozbawienia wolności. Jest ona z pewnością związana z wiekiem wnioskodawcy, który ma 71 lat /<xAnon>ur. (...)</xAnon> k. 66/.</xText>
          <xText>Trafne jest natomiast rozstrzygnięcie Sądu Okręgowego, który stwierdził, iż brak jest podstaw do zasądzenia na rzecz wnioskodawcy odszkodowania za poniesioną szkodę – straty materialne. Otóż z zeznań wnioskodawcy <xAnon>B. J.</xAnon> wynika, iż przed aresztowaniem pracował na gospodarstwie rolnym rodziców o powierzchni 6 ha, przy czym rodzice byli średnio zamożnymi rolnikami, posiadali 1 krowę, 3-4 świnie. Prócz tego nadmienił, iż był na utrzymaniu rodziców i nie posiadał żadnych oszczędności /k. 104/.</xText>
          <xText>W ówczesnych realiach panujących w b. Związku Radzieckim rolnicy indywidualni stanowili kategorię osób prześladowanych i to nie z powodu ich działalności politycznej, ale wiązało się to z ideologicznym poglądem wyższości gospodarki socjalistycznej nad indywidualną. Nie tolerowano zatem gospodarstw rolnych indywidualnych, a rolników zmuszano do kolektywizacji wsi. Podobnie zresztą w tym samym czasie na terenie Polski <xBRx/>z przyczyn ideologicznych szykanowano i tępiono zamożnych rolników. Te fakty historyczne przeczą tezie, aby gospodarstwo rolne rodziców wnioskodawcy dobrze się rozwijało i było podstawą dobrobytu w rodzinie.</xText>
          <xText>W motywach apelacji pełnomocnik zarzuca, iż Sąd Okręgowy błędnie przyjął, iż <xBRx/>z gospodarstwa rolnego utrzymywało się jeszcze czworo rodzeństwa wnioskodawcy, podczas gdy chodziło w tym wypadku tylko o dwie osoby. Okoliczność ta jednak nie ma znaczenia <xBRx/>w sprawie, a dalsze dywagacje, że gospodarstwo miało dobrze rozwiniętą produkcję, <xBRx/>a uzyskiwane dochody przeznaczano na jego rozwój, zupełnie mijają się z ówczesnymi realiami.</xText>
          <xText>Tej oceny nie mogą zmienić zeznania świadka <xAnon>U. H.</xAnon>, która stwierdziła, że gospodarstwo rolne rodziców wnioskodawcy rozwijało się pomyślnie, bowiem w końcu przyznała, iż w 1950 r. zostało objęte kolektywizacją i od tego czasu warunki bytowe uległy radykalnemu pogorszeniu.</xText>
          <xText>Jeżeli chodzi o dalszy końcowy wniosek apelacji, w którym pełnomocnik domaga się zasądzenia na rzecz wnioskodawcy kosztów zastępstwa procesowego /adwokackiego/, to nie jest on w tej części zasadny.</xText>
          <xText>Otóż w postanowieniu SN z dnia 24.04.1992r. /OSNKW z. 7-8 poz. 58 z 1992r./ wyrażono pogląd, iż „osobie dochodzącej odszkodowania z tytułu niesłusznego skazania /aresztowania, zatrzymania/ nie przysługuje od Skarbu Państwa zwrot kosztów zastępstwa przed adwokata z wyboru – niezależnie od wyniku sprawy”.</xText>
          <xText>Biorąc powyższe pod uwagę Sąd Apelacyjny orzekł jak wyżej, rozstrzygnięcie <xBRx/>o kosztach opierając o przepis art.13 ustawy rehabilitacyjnej.</xText>
        </xUnit>
      </xBlock>
    </xPart>
  </judgement>
<judgement id="151500000001006_II_AKa_000002_2000_Uz_2000-01-20_001">
    <xPart xEditorFullName="Magdalena Gierszner" xYear="2000" xLang="PL" xPublisherFullName="Renata Kopiec" xFromPg="1" xEditor="mgierszner" xVolType="15/150000/0001006/AKa" xPublisher="rkopiec" xDocType="Uz" xVolNmbr="000002" xVersion="1.0" xToPage="1" xFlag="published">
      <xName>Wyrok+Uzasadnienie</xName>
      <xBlock>
        <xText>Sygn. akt: II AKa 2/00</xText>
        <xUnit xIsTitle="true" xType="part" xBold="true">
          <xName>WYROK</xName>
          <xTitle>W IMIENIU RZECZYPOSPOLITEJ POLSKIEJ</xTitle>
          <xText xALIGNx="right">Dnia 20 stycznia 2000 r.</xText>
          <xText>
            <xBx>Sąd Apelacyjny w Katowicach II Wydział Karny w składzie:</xBx>
          </xText>
          <xRows>
            <xCOLGROUPx>
              <xCOLx xWIDTHx="172"/>
              <xCOLx xWIDTHx="539"/>
            </xCOLGROUPx>
            <xRow>
              <xClmn xALIGNx="left" xVALIGNx="top">
                <xText xALIGNx="right">Przewodniczący</xText>
              </xClmn>
              <xClmn xALIGNx="left" xVALIGNx="top">
                <xText>SSA Barbara Misztalska</xText>
              </xClmn>
            </xRow>
            <xRow>
              <xClmn xALIGNx="left" xVALIGNx="top">
                <xText xALIGNx="right">Sędziowie</xText>
              </xClmn>
              <xClmn xALIGNx="left" xVALIGNx="top">
                <xText>SSA Paweł Węgrzynek</xText>
                <xText>SSO del. Bożena Brewczyńska</xText>
              </xClmn>
            </xRow>
            <xRow>
              <xClmn xALIGNx="left" xVALIGNx="top">
                <xText xALIGNx="right">Protokolant</xText>
              </xClmn>
              <xClmn xALIGNx="left" xVALIGNx="top">
                <xText>Barbara Gawor</xText>
              </xClmn>
            </xRow>
          </xRows>
          <xText>przy udziale Prokuratora Prok. Apel. Andrzeja Jużkowa</xText>
          <xText>po rozpoznaniu w dniu 20 stycznia 2000 roku</xText>
          <xText>sprawy z wniosku <xAnon>T. T.</xAnon> w przedmiocie odszkodowania <xBRx/>i zadośćuczynienia</xText>
          <xText>z powodu apelacji, wniesionej przez pełnomocnika wnioskodawczyni</xText>
          <xText>od wyroku Sądu Okręgowego w Katowicach</xText>
          <xText>z dnia 14 października 1999r. sygn. akt XVI1 Ko 158/96</xText>
          
          <xUnit xIsTitle="false" xType="none">
            <xName xSffx=".">1</xName>
            <xText>zaskarżony wyrok utrzymuje w mocy;</xText>
          </xUnit>
          <xUnit xIsTitle="false" xType="none">
            <xName xSffx=".">2</xName>
            <xText>kosztami postępowania odwoławczego obciążą Skarb Państwa.</xText>
          </xUnit>
          
          <xText>II AKa 2/00</xText>
        </xUnit>
        <xUnit xIsTitle="true" xType="part" xBold="true">
          <xName>UZASADNIENIE</xName>
          <xText><xAnon>T. T.</xAnon>złożyła wniosek o zasądzenie odszkodowania i zadośćuczynienia z tytułu skazania swego męża <xAnon>A. T.</xAnon>i jego pobytu w łagrze w okresie od czerwca 1951 r. do marca 1959 r. na terenie byłego Związku Radzieckiego.</xText>
          <xText>Wyrokiem z dnia 14 października 1999 r. sygn. XVI 1 Ko 158/96, Sąd Okręgowy w Katowicach oddalił wniosek, a kosztami postępowania obciążył Skarb Państwa.</xText>
          <xText>Wyrok ten zaskarżyła apelacją pełnomocnik wnioskodawczyni <xAnon>T. T.</xAnon>, zarzucając obrazę przepisów prawa materialnego, a mianowicie <xLexLink xArt="art. 8;art. 8 ust. 2 b" xIsapId="WDU19910340149" xTitle="Ustawa z dnia 23 lutego 1991 r. o uznaniu za nieważne orzeczeń wydanych wobec osób represjonowanych za działalność na rzecz niepodległego bytu Państwa Polskiego" xAddress="Dz. U. z 1991 r. Nr 34, poz. 149">art. 8 ust. 2 b ustawy z dnia 23 lutego 1991 r. o uznaniu za nieważne orzeczeń wydanych wobec osób represjonowanych za działalność na rzecz niepodległego bytu Państwa Polskiego</xLexLink> - przez przyjęcie, iż <xAnon>A. T.</xAnon> nie spełnia warunków przyznania odszkodowania za działalność niepodległościową i wnosząc o zmianę zaskarżonego wyroku przez zasą­dzenie odszkodowania i zadośćuczynienia na rzecz <xAnon>T. T.</xAnon>, ewentualnie o uchylenie wyroku i przekazanie sprawy Sądowi I instancji do ponownego rozpoznania.</xText>
          <xText>Apelację pełnomocnika wnioskodawczyni uznać należy za bezzasadną.</xText>
          <xText>Z niekwestionowanych ustaleń Sądu I instancji wynika, że mąż wnioskodawczyni został w dniu 2 czerwca 1951 r. aresztowany, a następnie wyrokiem Trybunału Wojennego Białoruskiego Okręgu Wojskowego skazany na 25 lat pozbawienia wolności za prowadzenie aktywnej walki przeciwko władzy radzieckiej, tj. za przestępstwo z <xLexLink xArt="art. 70;art. 71" xIsapId="WDU19970880553" xTitle="Ustawa z dnia 6 czerwca 1997 r. - Kodeks karny" xAddress="Dz. U. z 1997 r. Nr 88, poz. 553">art. 63-1, 70 i 71 Kodeksu Karnego</xLexLink><xAnon> (...)</xAnon>. W dniu 29 marca 1959 r. został on przekazany jako więzień do dyspozycji władz polskich i przetrzymywany w więzieniu w <xAnon>S.</xAnon>, skąd został zwolniony 11 kwietnia 1959r.</xText>
          <xText>W dniu 10 października 1964r. zawarł związek małżeński z wnioskodawczynią, a zmarł 29 kwietnia 1989r. Ponadto Sąd I instancji ustalił, że <xAnon>A. T.</xAnon> mieszkał w <xAnon>C.</xAnon>, b. woj. wileńskie i w 1948r. bądź w 1949 r. został powołany do odbycia zasadniczej służby wojskowej w wojsku radzieckim, jednakże jako Polak służbę tą odpracowywał w kopalniach węgla <xAnon>D.</xAnon>. W 1949 r. w ramach urlopu przyjechał do domu i wtedy miejscowi działacze Armii Krajowej namówili go, aby nie wracał do <xAnon>D.</xAnon>, lecz wstąpił do ich organizacji. <xAnon>A. T.</xAnon> wstąpił do Armii Krajowej i zaczął się ukrywać. W ramach tej organizacji brał udział w różnych akcjach, w tym napadach na przedstawicieli władzy radzieckiej, za co został aresztowany i następnie skazany. Podzielić należy stanowisko Sądu 1 instancji, że mąż wnioskodawczyni został skazany za czyny skierowane przeciwko władzy radzieckiej na terytorium, które do dnia 17 września 1939 r. stanowiło terytorium Polski, zaś po II wojnie weszło w skład b. ZSRR. Zgodnie z wnioskiem Sądu I instancji była to walka o niepodległy byt Państwa Polskiego,</xText>
          <xText>Zgodnie z <xLexLink xArt="art. 8;art. 8 ust. 2 b" xIsapId="WDU19910340149" xTitle="Ustawa z dnia 23 lutego 1991 r. o uznaniu za nieważne orzeczeń wydanych wobec osób represjonowanych za działalność na rzecz niepodległego bytu Państwa Polskiego" xAddress="Dz. U. z 1991 r. Nr 34, poz. 149">art. 8 ust. 2b ustawy z dnia 23 lutego 1991 r. o uznaniu za nieważne orzeczeń wydanych wobec osób represjonowanych za działalność na rzecz niepodległego bytu Państwa Polskiego</xLexLink> „przez działalność na rzecz niepodległego bytu Państwa Polskiego", o której mowa w ust. 2a tejże ustawy, w odniesieniu do osób represjonowanych na terytorium Polski w granicach ustalonych w Traktacie Ryskim poza obecnym terytorium Polski, należy rozumieć działalność w okresie od dnia 17 września 1939 r. do dnia 5 lutego 1946 r.</xText>
          <xText>Jakkolwiek wyrok skazujący <xAnon>A. T.</xAnon>, jak to ustalił Sąd I instancji, zapadł 1-4 listopada 1951 r., a więc w okresie o jakim mowa w art. 2a cytowanej ustawy, to jednak działalność, za którą został on skazany, rozpoczął dopiero w 1949 r., a więc po dacie 5 lutego 1946 r., o jakiej mowa w wyżej cytowanym art. 2b przedmiotowej ustawy.</xText>
          <xText>Z tych więc powodów należy uznać, że stanowisko Sądu I instancji znajduje uzasadnienie w obowiązujących aktualnie cytowanych prze­pisach ustawy.</xText>
          <xText>Odmienne twierdzenia apelacji nie zostały w żaden sposób racjonal­nie uzasadnione i dlatego zaskarżony wyrok należało utrzymać w mo­cy.</xText>
          <xText>Orzeczenie o kosztach postępowania znajduje swoje uzasadnienie w art. 13 wyżej powołanej ustawy.</xText>
        </xUnit>
      </xBlock>
    </xPart>
  </judgement>
<judgement id="151500000001006_II_AKa_000003_2000_Uz_2000-01-20_001">
    <xPart xEditorFullName="Magdalena Gierszner" xYear="2000" xLang="PL" xPublisherFullName="Renata Kopiec" xFromPg="1" xEditor="mgierszner" xVolType="15/150000/0001006/AKa" xPublisher="rkopiec" xDocType="Uz" xVolNmbr="000003" xVersion="1.0" xToPage="1" xFlag="published">
      <xName>Wyrok+Uzasadnienie</xName>
      <xBlock>
        <xText>Sygn. akt : II AKa 3/00</xText>
        <xUnit xIsTitle="true" xType="part" xBold="true">
          <xName>WYROK</xName>
          <xTitle>W IMIENIU RZECZYPOSPOLITEJ POLSKIEJ</xTitle>
          <xText xALIGNx="right">Dnia 20 stycznia 2000 r.</xText>
          <xText>
            <xBx>Sąd Apelacyjny w Katowicach II Wydział Karny w składzie:</xBx>
          </xText>
          <xRows>
            <xCOLGROUPx>
              <xCOLx xWIDTHx="172"/>
              <xCOLx xWIDTHx="539"/>
            </xCOLGROUPx>
            <xRow>
              <xClmn xALIGNx="left" xVALIGNx="top">
                <xText xALIGNx="right">Przewodniczący</xText>
              </xClmn>
              <xClmn xALIGNx="left" xVALIGNx="top">
                <xText>SSA Barbara Misztalska</xText>
              </xClmn>
            </xRow>
            <xRow>
              <xClmn xALIGNx="left" xVALIGNx="top">
                <xText xALIGNx="right">Sędziowie</xText>
              </xClmn>
              <xClmn xALIGNx="left" xVALIGNx="top">
                <xText>SSA Paweł Węgrzynek</xText>
                <xText>SSO del. Bożena Brewczyńska (spr.)</xText>
              </xClmn>
            </xRow>
            <xRow>
              <xClmn xALIGNx="left" xVALIGNx="top">
                <xText xALIGNx="right">Protokolant</xText>
              </xClmn>
              <xClmn xALIGNx="left" xVALIGNx="top">
                <xText>Barbara Gawor</xText>
              </xClmn>
            </xRow>
          </xRows>
          <xText>przy udziale Prokuratora Prok. Apel. Andrzeja Jużkowa</xText>
          <xText>po rozpoznaniu w dniu 20 stycznia 2000 roku</xText>
          <xText>sprawy z wniosku <xAnon>K. W.</xAnon> w przedmiocie odszkodowania i zadośćuczynienia</xText>
          <xText>z powodu apelacji, wniesionej przez pełnomocnika wnioskodawczyni</xText>
          <xText>od wyroku Sądu Okręgowego w Katowicach</xText>
          <xText>z dnia 03 listopada 1999r. sygn. akt XVI1 Ko 286/98</xText>
          
          <xUnit xIsTitle="false" xType="none">
            <xName xSffx=".">1</xName>
            <xText>uchyla zaskarżony wyrok i sprawę przekazuje Sądowi Okręgowemu <xBRx/>w Katowicach do ponownego rozpoznania;</xText>
          </xUnit>
          <xUnit xIsTitle="false" xType="none">
            <xName xSffx=".">2</xName>
            <xText>zasądza od Skarbu Państwa na rzecz pełnomocnika z urzędu adw. <xAnon>I. K.</xAnon> – Kancelaria Adwokacka w <xAnon>K.</xAnon> kwotę 100 (sto) złotych tytułem zastępstwa adwokackiego w drugiej instancji.</xText>
          </xUnit>
          
          <xText>II AKa 3/00</xText>
        </xUnit>
        <xUnit xIsTitle="true" xType="part" xBold="true">
          <xName>UZASADNIENIE</xName>
          <xText>Wyrokiem z dnia 3 listopada 1999r. Sąd Okręgowy w Katowicach oddalił wniosek <xAnon>K. W.</xAnon>, działającej w imieniu własnym oraz małoletnich dzieci <xBRx/>o zasądzenie odszkodowania za niesłuszne skazanie wyrokiem b. Wojskowego Sadu Rejonowego w Lublinie z dnia 16 listopada 1948r. represjonowanego <xAnon>J. W.</xAnon>.</xText>
          <xText>Roszczenie swoje wnioskodawczyni oparła na fakcie, iż jej mąż <xAnon>A. W.</xAnon>będący synem represjonowanego <xAnon>J. W.</xAnon>złożył w ustawowym terminie wniosek o zasądzenie odszkodowania po zmarłym ojcu, lecz sam zmarł w dniu 10.10.1997r., a więc przed zakończeniem postępowania w sprawie o odszkodowanie, toczącej się przed Sądem Wojewódzkim w Zamościu (sygn. II Ko 27/98), gdzie w dniu 14 grudnia 1997r. zasądzone zostało odszkodowanie w częściach po 1/3 na rzecz <xAnon>E.</xAnon><xAnon>W.(1)</xAnon>– żony <xAnon>J. W.</xAnon>i żyjącego syna <xAnon>E. W.</xAnon>.</xText>
          <xText>Z powyższym postanowieniem sąd nie rozstrzygnął o pozostałej 1/3 części ustalonego odszkodowania, stwierdzając w uzasadnieniu iż pozostaje ono dla żony i dzieci zmarłego wnioskodawcy.</xText>
          <xText>Wyrok Sądu Okręgowego w Katowicach zaskarżył pełnomocnik wnioskodawczyni. W wywiedzionej apelacji zarzucił obrazę <xLexLink xArt="art. 8" xIsapId="WDU19910340149" xTitle="Ustawa z dnia 23 lutego 1991 r. o uznaniu za nieważne orzeczeń wydanych wobec osób represjonowanych za działalność na rzecz niepodległego bytu Państwa Polskiego" xAddress="Dz. U. z 1991 r. Nr 34, poz. 149">art. 8 ustawy z dnia 23 lutego 1991r. o uznaniu za nieważne orzeczeń wydanych wobec osób represjonowanych za działalność na rzecz niepodległego bytu Państwa Polskiego</xLexLink> poprzez jego niewłaściwą wykładnię i błędne przyjęcie, że roszczenie o odszkodowanie nie przechodzi na następców prawnych wnioskodawcy.</xText>
          <xText>Wniósł zatem o zmianę zaskarżonego orzeczenia i zasądzenie na rzecz następców prawnych <xAnon>A. W.</xAnon> stosownego odszkodowania.</xText>
          <xText>Sąd Apelacyjny zważył co następuje:</xText>
          <xText>Wykładnia <xLexLink xArt="art. 8;art. 8 ust. 1;art. 8 ust. 1 zd. 2" xIsapId="WDU19910340149" xTitle="Ustawa z dnia 23 lutego 1991 r. o uznaniu za nieważne orzeczeń wydanych wobec osób represjonowanych za działalność na rzecz niepodległego bytu Państwa Polskiego" xAddress="Dz. U. z 1991 r. Nr 34, poz. 149">art. 8 ust. 1 zd. 2 ustawy z dnia 23 lutego 1991r. o uznaniu za nieważne orzeczeń wydanych wobec osób represjonowanych za działalność na rzecz niepodległego bytu Państwa Polskiego</xLexLink> od szeregu lat pozostaje sporną zarówno w praktyce jak i doktrynie.</xText>
          <xText>Orzecznictwo Sądu Najwyższego i Sądów Apelacyjnych jest rozbieżne, a w wielu przypadkach wręcz sprzeczne ze sobą.</xText>
          <xText>W uchwale z dnia 28 lipca 1994r. (OSNKW 7-8 z 1994r. poz. 44) Sąd Najwyższy stwierdził, iż w przypadku śmierci osoby uprawnionej do wstąpienia, na podstawie art. 8 ust. 1 zd. 2 ustawy z dnia 23.02.1991r. tj. w miejsce zmarłej osoby represjonowanej, z żądaniem odszkodowania za poniesioną szkodę i zadośćuczynienie za doznaną krzywdę, uprawienie to nie przechodzi z kolei na jej następców prawnych.</xText>
          <xText>Odmiennie natomiast w uchwale składu siedmiu sędziów z dnia 5 października 1995r. (OSNKW 11-12 z 1995r. poz. 73), Sąd Najwyższy wyraził pogląd, iż roszczenie o odszkodowanie za poniesioną szkodę, które wraz z roszczeniem o zadośćuczynienie za doznaną krzywdę przeszło w myśl art. 8 ust. 1 zd. 2 ustawy lutowej, na następców prawnych osoby represjonowanej, należy do spadku po tych następcach (<xLexLink xArt="art. 322;art. 322 § 1" xIsapId="WDU19640160093" xTitle="Ustawa z dnia 23 kwietnia 1964 r. - Kodeks cywilny" xAddress="Dz. U. z 1964 r. Nr 16, poz. 93">art. 322§1 kc</xLexLink>), natomiast roszczenie o zadośćuczynienie tylko wtedy, gdy zostały spełnione warunki określone w <xLexLink xArt="art. 445;art. 445 § 3" xIsapId="WDU19640160093" xTitle="Ustawa z dnia 23 kwietnia 1964 r. - Kodeks cywilny" xAddress="Dz. U. z 1964 r. Nr 16, poz. 93">art. 445§3 kc.</xLexLink></xText>
          <xText>W dotychczasowym swoim orzecznictwie Sąd Apelacyjny w Katowicach w przeważającej części rozstrzygnięć wyrażał pogląd zbieżny z pierwszym z cytowanych wyżej orzeczeń Sądu Najwyższego. Nie zmieniając generalnej linii swego dotychczasowego orzecznictwa, w przedmiotowej sprawie doszedł do przekonania, iż celowym byłoby rozważenie możliwości oparcia orzeczenia na drugiej z dopuszczalnych wykładni przepisu art. 8 ust. 1 zd. 2, prezentowanej przez Sąd Najwyższy w uchwale z dnia 5 października 1995r.</xText>
          <xText>Powyższe stanowisko Sądu Apelacyjnego wynika z faktu, iż wniesiona przez <xAnon>K. W.</xAnon>sprawa o zasądzenie odszkodowania i zadośćuczynienia jest nierozerwalnie związana Az toczącym się i zakończonym postanowieniem z dnia 4.12.1997r. postępowaniem przed Sądem Wojewódzkim w Zamościu.</xText>
          <xText>W sprawie tej toczącej się z wniosku <xAnon>E.</xAnon><xAnon>W.(1)</xAnon>– żony represjonowanego oraz jego synów <xAnon>A.</xAnon>i <xAnon>E. W.</xAnon>, wobec śmierci na dwa miesiące przed ukończeniem postępowania jednego z wnioskodawców – <xAnon>A. W.</xAnon>, zasądzono na rzecz <xAnon>E.</xAnon>i <xAnon>E. W.</xAnon>odszkodowanie w częściach po 1/3.</xText>
          <xText>Ustalając globalną kwotę odszkodowania i zadośćuczynienia należnego represjonowanemu, sąd dokonał podziału tej kwoty na 3 uprawnionych, zasądził 2/3 części, a w uzasadnieniu stwierdził, iż trzecia część ustalonej kwoty „pozostaje dla żony i dzieci <xAnon>A. W.</xAnon>”.</xText>
          <xText>W chwili obecnej analiza treści decyzji Sądu Wojewódzkiego w Zamościu i Sądu Okręgowego w Katowicach powoduje, że nie sposób nie dostrzec zaistniałej dysharmonii między zapadłymi orzeczeniami, a wynikającej z różnej wykładni tej samej normy prawnej. Przy prawomocnym ustaleniu globalnej kwoty należnego odszkodowania pozostaje nie rozstrzygnięcia kwestia 1/3 części tegoż odszkodowania.</xText>
          <xText>Na gruncie dotychczasowego orzecznictwa utrwalony jest pogląd, że roszczenia o odszkodowanie i zadośćuczynienie uregulowane w ustawie z dnia 29 lutego 1991r. mają charakter cywilnoprawny, wobec czego w kwestiach nieuregulowanych w tejże ustawie należy sięgać do przepisów <xLexLink xArt="" xIsapId="WDU19640160093" xTitle="Ustawa z dnia 23 kwietnia 1964 r. - Kodeks cywilny" xAddress="Dz. U. z 1964 r. Nr 16, poz. 93">Kodeksu cywilnego</xLexLink>. Z kolei art. 8 pkt. 3 ustawy lutowej nakazuje odpowiednie stosowanie <xLexLink xArt="rozdział 50" xIsapId="WDU19970890555" xTitle="Ustawa z dnia 6 czerwca 1997 r. - Kodeks postępowania karnego" xAddress="Dz. U. z 1997 r. Nr 89, poz. 555">rozdziału 50 Kodeksu postępowania karnego</xLexLink>.</xText>
          <xText>Po zmianie przepisów <xLexLink xArt="" xIsapId="WDU19970890555" xTitle="Ustawa z dnia 6 czerwca 1997 r. - Kodeks postępowania karnego" xAddress="Dz. U. z 1997 r. Nr 89, poz. 555">kpk</xLexLink> to obecnie <xLexLink xArt="rozdział 58" xIsapId="WDU19970890555" xTitle="Ustawa z dnia 6 czerwca 1997 r. - Kodeks postępowania karnego" xAddress="Dz. U. z 1997 r. Nr 89, poz. 555">rozdział 58 kpk</xLexLink>, a w tym przepis <xLexLink xArt="rozdział 58 art. 558" xIsapId="WDU19970890555" xTitle="Ustawa z dnia 6 czerwca 1997 r. - Kodeks postępowania karnego" xAddress="Dz. U. z 1997 r. Nr 89, poz. 555">art. 558</xLexLink> stanowiący, iż w sprawie o odszkodowanie w kwestiach nieuregulowanych, stosuje się przepisy <xLexLink xArt="" xIsapId="WDU19640430296" xTitle="Ustawa z dnia 17 listopada 1964 r. - Kodeks postępowania cywilnego" xAddress="Dz. U. z 1964 r. Nr 43, poz. 296">kpc</xLexLink>. Niespornym jest, iż <xLexLink xArt="rozdział 58 art. 8;rozdział 58 art. 8 ust. 1" xIsapId="WDU19970890555" xTitle="Ustawa z dnia 6 czerwca 1997 r. - Kodeks postępowania karnego" xAddress="Dz. U. z 1997 r. Nr 89, poz. 555">art. 8 ust. 1</xLexLink> wyżej powołanej ustawy w sposób szczególny, odmienny od ogólnych reguł prawa cywilnego określa krąg osób uprawnionych do dochodzenia od Skarbu Państwa odszkodowania w razie śmierci represjonowanego.</xText>
          <xText>Ustawodawca, jako osoby uprawnione wymienia tu jedynie małżonka, dzieci i rodziców i to niezależnie od tego, czy są oni spadkobiercami – w myśl <xLexLink xArt="art. 922;art. 922 § 2" xIsapId="WDU19640160093" xTitle="Ustawa z dnia 23 kwietnia 1964 r. - Kodeks cywilny" xAddress="Dz. U. z 1964 r. Nr 16, poz. 93">art. 922§2 kc.</xLexLink> Reguluje on jednak tylko sukcesję po osobie represjonowanej, natomiast problemem nieuregulowanym jest kwestia sukcesji uprawnień nabytych przez osobę uprawnioną do odszkodowania określoną w <xLexLink xArt="art. 8 zd. 2;art. 8;art. 8 ust. 1" xIsapId="WDU19640160093" xTitle="Ustawa z dnia 23 kwietnia 1964 r. - Kodeks cywilny" xAddress="Dz. U. z 1964 r. Nr 16, poz. 93">zdaniu drugim art. 8 ust. 1</xLexLink>.</xText>
          <xText>Dopuszczalne jest zatem twierdzenie, że uprawnienia nabyte przez następców represjonowanego, z kolei po ich śmierci, podlegają dziedziczeniu w myśl reguł <xLexLink xArt="" xIsapId="WDU19460600328" xTitle="Dekret z dnia 8 października 1946 r. - Prawo spadkowe" xAddress="Dz. U. z 1946 r. Nr 60, poz. 328">prawa spadkowego</xLexLink>. Szczegółowe rozważania tej kwestii zawiera uzasadnienie uchwały SN z dnia 5 października 1995r. w konkluzji stwierdzającej, iż roszczenia odszkodowawcze, które przeszły na następców prawnych represjonowanego należą do spadku po tych następcach.</xText>
          <xText>Tak więc, skoro w przedmiotowej sprawie wnioskodawczyni <xAnon>K. W.</xAnon> dochodzi swych roszczeń z tytułu nabycia spadku po mężu <xAnon>A. W.</xAnon>, na którego z kolei, zgodnie z art. 8 ust. 1 ustawy lutowej, przeszły uprawnienia przysługujące represjonowanemu <xAnon>J. W.</xAnon>, nie można odmówić słuszności jej roszczeniom, zwłaszcza na tle treści postanowienia Sądu Wojewódzkiego w Zamościu, zasądzającego należne odszkodowanie osobom uprawnionym jedynie w trzecich częściach, a nie w połowie, co musiałoby nastąpić w przypadku przyjęcia, iż spadkobiercom <xAnon>A. W.</xAnon> nie przysługuje uprawnienie do domagania się 1/3 części z odszkodowania należnego represjonowanemu.</xText>
          <xText>Mając powyższe na względzie, uchylono zaskarżony wyrok, przekazując sprawę do ponownego rozpoznania dostrzegając, iż może wyłonić się problem przedawnienia roszczeń w związku z terminami określonymi w art. 8 i 11 ustawy z dnia 23.02.1991r., które podlegają regułom <xLexLink xArt="art. 117;art. 118;art. 119;art. 120;art. 121;art. 122;art. 123;art. 124;art. 125" xIsapId="WDU19640160093" xTitle="Ustawa z dnia 23 kwietnia 1964 r. - Kodeks cywilny" xAddress="Dz. U. z 1964 r. Nr 16, poz. 93">art. 117-125 Kc.</xLexLink></xText>
        </xUnit>
      </xBlock>
    </xPart>
  </judgement>
<judgement id="151500000001006_II_AKa_000009_2000_Uz_2000-01-25_001">
    <xPart xEditorFullName="Magdalena Gierszner" xYear="2000" xLang="PL" xPublisherFullName="Renata Kopiec" xFromPg="1" xEditor="mgierszner" xVolType="15/150000/0001006/AKa" xPublisher="rkopiec" xDocType="Uz" xVolNmbr="000009" xVersion="1.0" xToPage="1" xFlag="published">
      <xName>Wyrok+Uzasadnienie</xName>
      <xBlock>
        <xText>Sygn. akt: II AKa 9/00</xText>
        <xUnit xIsTitle="true" xType="part" xBold="true">
          <xName>WYROK</xName>
          <xTitle>W IMIENIU RZECZYPOSPOLITEJ POLSKIEJ</xTitle>
          <xText xALIGNx="right">Dnia 25 stycznia 2000 r.</xText>
          <xText>
            <xBx>Sąd Apelacyjny w Katowicach II Wydział Karny w składzie:</xBx>
          </xText>
          <xRows>
            <xCOLGROUPx>
              <xCOLx xWIDTHx="172"/>
              <xCOLx xWIDTHx="539"/>
            </xCOLGROUPx>
            <xRow>
              <xClmn xALIGNx="left" xVALIGNx="top">
                <xText xALIGNx="right">Przewodniczący</xText>
              </xClmn>
              <xClmn xALIGNx="left" xVALIGNx="top">
                <xText>SSA Stanisław Raszka</xText>
              </xClmn>
            </xRow>
            <xRow>
              <xClmn xALIGNx="left" xVALIGNx="top">
                <xText xALIGNx="right">Sędziowie</xText>
              </xClmn>
              <xClmn xALIGNx="left" xVALIGNx="top">
                <xText>SSA Jolanta Spiechowicz (spr.)</xText>
                <xText>SSA Mirosław Ziaja</xText>
              </xClmn>
            </xRow>
            <xRow>
              <xClmn xALIGNx="left" xVALIGNx="top">
                <xText xALIGNx="right">Protokolant</xText>
              </xClmn>
              <xClmn xALIGNx="left" xVALIGNx="top">
                <xText>Izabela Rachelska</xText>
              </xClmn>
            </xRow>
          </xRows>
          <xText>przy udziale Prokuratora Prok. Apel. Stefana Jarskiego</xText>
          <xText>po rozpoznaniu w dniu 25 stycznia 2000r.</xText>
          <xText>sprawy z wniosku <xAnon>W. R.</xAnon></xText>
          <xText>- o odszkodowanie</xText>
          <xText>z powodu apelacji, wniesionej przez pełnomocnika wnioskodawczyni</xText>
          <xText>od wyroku Sądu Okręgowego w Katowicach</xText>
          <xText>z dnia 01 grudnia 1999r. sygn. akt XVI1 Ko 282/98</xText>
          
          <xUnit xIsTitle="false" xType="none">
            <xName xSffx=".">1</xName>
            <xText>utrzymuje w mocy zaskarżony wyrok,</xText>
          </xUnit>
          <xUnit xIsTitle="false" xType="none">
            <xName xSffx=".">2</xName>
            <xText>kosztami postępowania obciąża Skarb Państwa.</xText>
          </xUnit>
          
          <xText>II AKa 9/00</xText>
        </xUnit>
        <xUnit xIsTitle="true" xType="part" xBold="true">
          <xName>UZASADNIENIE</xName>
          <xText>Sąd Okręgowy w Katowicach, wyrokiem z dnia 1 grudnia 1999 r. sygn. XVI 1 Ko 282/98 oddalił wniosek <xAnon>W. R.</xAnon> o odszkodowanie i zadośćuczynienie za represjonowanie jej zmarłej ciotki <xAnon>M. N.</xAnon> podnosząc, iż nie należy do osób uprawnionych w rozumieniu art. 8 ust.1 zd. drugie ustawy z dnia 23.02.91 r. o uznaniu za nieważne orzeczeń wydanych wobec osób represjonowanych działalność na rzecz niepodległego bytu Państwa Polskiego do dochodzenia odszkodowania.</xText>
          <xText>W apelacji od powyższego wyroku pełnomocnik wnioskodawczyni zarzuca naruszenie prawa materialnego przez błędną wykładnię przepisu art. 8 Ustawy z dnia 2302.91 r. – Dz. U. Nr 34 z 1991 r. z późniejszymi zmianami/ oraz <xLexLink xArt="art. 445;art. 445 § 1;art. 445 § 2" xIsapId="WDU19640160093" xTitle="Ustawa z dnia 23 kwietnia 1964 r. - Kodeks cywilny" xAddress="Dz. U. z 1964 r. Nr 16, poz. 93">art. 445 § 1 i 2 kc</xLexLink> oraz <xLexLink xArt="art. 922;art. 922 § 1" xIsapId="WDU19640160093" xTitle="Ustawa z dnia 23 kwietnia 1964 r. - Kodeks cywilny" xAddress="Dz. U. z 1964 r. Nr 16, poz. 93">922 § 1 kc</xLexLink>, wnosząc tym samym o uchylenie zaskarżonego wyroku i przekazanie sprawy do ponownego rozpoznania Sądowi I instancji.</xText>
          <xText>Sąd Apelacyjny uznał apelację za niezasadną. Na wstępie należy zauważyć, iż uchwała Sądu Najwyższego z dnia 5.10.1995 r. sygn. I KZP 23/95 /OSNKW 1995, Nr 1-12, poz.73/ w której stwierdzono, iż roszczenie wymienione w przepisie art. 8 ust. 1 cyt. ustawy lutowej, w sytuacji tam wskazanej, należy do spadku po następcy osoby represjonowanej, pozostaje w zasadniczej sprzeczności od odmiennej w tym zakresie stanowczej judykatury Sądu Najwyższego oraz sądów powszechnych /na co wskazał uwagę Sąd Okręgowy cytując szereg orzeczeń/, a także z poglądami doktryny, o czym świadczy krytyczna glosa <xAnon>W. M.</xAnon>, opublikowana w OSP 1996 r. Nr 5 poz. 91, wręcz sprowadzająca się do tezy, iż Sąd Najwyższy opisaną wyżej uchwałę podjął contra legem.</xText>
          <xText>Z poglądem tym utożsamia się Sąd Apelacyjny w niniejszym składzie, nie podzielając w tej mierze stanowiska Sądu Najwyższego, a akceptując wykładnię wspomnianego przepisu zawartą we wcześniejszych orzeczeniach, zwracając przy tym uwagę na fakt, iż orzecznictwo Sądu Najwyższego, w szczególności gdy wiąże ono jedynie w konkretnej sprawie, nie może być traktowane jako źródło prawa, którym w omawianej problematyce jest przepis art. 8 ust.1 ustawy lutowej, który winien być interpretowany w zestawieniu z art.8 ust.3 wspomnianego aktu prawnego.</xText>
          <xText>Mając powyższe na względzie należy uznać, iż aczkolwiek roszczenie dochodzone przez wnioskodawczynię ma charakter cywilnoprawny, niemniej podlega ono z pełnymi rygami orzecznictwu sądów karnych, a co za tym idzie, przepisy cywilistyczne mają odpowiednie zastosowanie jedynie w sytuacji nieuregulowanej w ustawodawstwie karnym.</xText>
          <xText>Skoro ustawodawca w omawianym przepisie art. 8 ust. 1 zd. 2-gie wymienił enumeratywnie osoby, które w razie śmierci osoby represjonowanej mogą domagać się odszkodowania, to nie sposób wbrew temu przepisowi, który jako szczególny i wyjątkowy nie dopuszcza wykładni rozszerzającej, skutecznie twierdzić, że wolą ustawodawcy było rozszerzenie kręgu osób uprawnionych do zgłoszenia żądania odszkodowania i zadośćuczynienia na innych jeszcze spadkobierców, nie będących osobami tam wymienionymi.</xText>
          <xText>Intencją ustawodawcy było, co wynika ze stenogramów sejmowych, by wspomniane roszczenie objęło jedynie krąg osób bliskich represjonowanemu które same pośrednio cierpiały materialnie i moralnie w związku z tymi represjami – na co trafnie wskazał Sąd I instancji.</xText>
          <xText>W przedmiotowej sprawie, w sytuacji gdy osoba represjonowana aż do chwili śmierci pozostała bezdzietną panną, brak jest osób uprawnionych do żądania zasądzenia odszkodowania i zadośćuczynienia w trybie ustawy z 23.02.91 r. o uznaniu za nieważne orzeczeń /.../.</xText>
          <xText>Na marginesie należy jedynie zauważyć, iż nawet gdyby <xAnon>M. N.</xAnon> żyła, to jej roszczenie byłoby wielce wątpliwe, albowiem odszkodowanie za poniesioną szkodę i zadośćuczynienie za doznaną krzywdę przysługuje jedynie osobom wymienionym w art. 1 ustawy lutowej, a więc osobom represjonowanym za działalność na rzecz niepodległego bytu Państwa Polskiego, albo z powodu takiej działalności, natomiast jak wynika z akt XVI 1 Ko 453/96 oraz przesłuchania <xAnon>W. R.</xAnon> /k.6/ - <xAnon>M. N.</xAnon> żadnej działalności politycznej nie prowadziła.</xText>
          <xText>Mając powyższe na uwadze orzeczono jak w części dyspozytywnej.</xText>
        </xUnit>
      </xBlock>
    </xPart>
  </judgement>
<judgement id="151500000001006_II_AKa_000017_2000_Uz_2000-02-10_001">
    <xPart xEditorFullName="Magdalena Gierszner" xYear="2000" xLang="PL" xPublisherFullName="Renata Kopiec" xFromPg="1" xEditor="mgierszner" xVolType="15/150000/0001006/AKa" xPublisher="rkopiec" xDocType="Uz" xVolNmbr="000017" xVersion="1.0" xToPage="1" xFlag="published">
      <xName>Wyrok+Uzasadnienie</xName>
      <xBlock>
        <xText>Sygn. akt: II AKa 17/00</xText>
        <xUnit xIsTitle="true" xType="part" xBold="true">
          <xName>WYROK</xName>
          <xTitle>W IMIENIU RZECZYPOSPOLITEJ POLSKIEJ</xTitle>
          <xText xALIGNx="right">Dnia 10 lutego 2000 r.</xText>
          <xText>
            <xBx>Sąd Apelacyjny w Katowicach II Wydział Karny w składzie:</xBx>
          </xText>
          <xRows>
            <xCOLGROUPx>
              <xCOLx xWIDTHx="172"/>
              <xCOLx xWIDTHx="539"/>
            </xCOLGROUPx>
            <xRow>
              <xClmn xALIGNx="left" xVALIGNx="top">
                <xText xALIGNx="right">Przewodniczący</xText>
              </xClmn>
              <xClmn xALIGNx="left" xVALIGNx="top">
                <xText>SSA Mirosław Ziaja (spr.)</xText>
              </xClmn>
            </xRow>
            <xRow>
              <xClmn xALIGNx="left" xVALIGNx="top">
                <xText xALIGNx="right">Sędziowie</xText>
              </xClmn>
              <xClmn xALIGNx="left" xVALIGNx="top">
                <xText>SSA Barbara Suchowska</xText>
                <xText>SSO del. Elżbieta Mieszczańska</xText>
              </xClmn>
            </xRow>
            <xRow>
              <xClmn xALIGNx="left" xVALIGNx="top">
                <xText xALIGNx="right">Protokolant</xText>
              </xClmn>
              <xClmn xALIGNx="left" xVALIGNx="top">
                <xText>Barbara Gawor</xText>
              </xClmn>
            </xRow>
          </xRows>
          <xText>przy udziale Prokuratora Prok. Apel. Janusza Konstantego</xText>
          <xText>po rozpoznaniu w dniu 10 lutego 2000 roku</xText>
          <xText>z wniosku <xAnon>A. S.</xAnon>, <xAnon>ur. (...)</xAnon>w <xAnon>W.</xAnon>, syna <xAnon>P.</xAnon>i <xAnon>E.</xAnon></xText>
          <xText>w przedmiocie odszkodowania i zadośćuczynienia</xText>
          <xText>z powodu apelacji, wniesionej przez pełnomocnika wnioskodawcy</xText>
          <xText>od wyroku Sądu Okręgowego w Bielsku – Białej</xText>
          <xText>z dnia 2 grudnia 1999r. sygn. akt III Ko 18/97</xText>
          
          <xText>utrzymuje w mocy zaskarżony wyrok, kosztami postępowania odwoławczego obciążając Skarb Państwa.</xText>
          
          <xText>
            <xBx>II AKa 17/00</xBx>
          </xText>
        </xUnit>
        <xUnit xIsTitle="true" xType="part" xBold="true">
          <xName>UZASADNIENIE</xName>
          <xText><xAnon>A. S.</xAnon>wystąpił przeciwko Skarbowi Państwa z wnioskiem o odszkodowanie <xBRx/>z tytułu niesłusznego aresztowania go w 1949r. przez funkcjonariuszy Urzędu Bezpieczeństwa.</xText>
          <xText>Sąd Okręgowy w Bielsku-Białej ponownie rozpoznając niniejszą sprawę, wyrokiem <xBRx/>z dnia 2 grudnia 1999r. sygn. III Ko 18/97 powtórnie oddalił przedmiotowy wniosek, kosztami postępowania obciążając Skarb Państwa. Sąd ten ustalił, że wnioskodawca przebywał w więzieniu w <xAnon>C.</xAnon> w okresie od 27 maja 1949 r. do 10 sierpnia 1949 r. jako aresztowany pod zarzutem dokonania wspólnie i w porozumieniu z innymi osobami napadu rabunkowego na dom <xAnon>E. K.</xAnon>.</xText>
          <xText>Wnioskodawca, jak wynikałoby to z jego zeznań oraz załączonych do akt dokumentów <xBRx/>w toku śledztwa prowadzonego przez <xAnon> (...)</xAnon> w <xAnon>C.</xAnon> przyznał się do winy, natomiast na rozprawie przed sądem odwołał swe wyjaśnienia podnosząc, że zostały one wymuszone, co sprawiło, że prawomocnym wyrokiem został on uniewinniony. Według sądu meriti należało również przyjąć, w zgodzie z wypowiedzia­mi <xAnon>A. S.</xAnon>, iż nie prowadził on żadnej działalności na rzecz niepodległego bytu Państwa Polskiego, ani nie należał do żadnej organizacji, która taką działalność prowadziłaby.</xText>
          <xText>Wnioskodawca był przesłuchiwany w dniach 7 marca i 21 marca 1991r. w sprawie Ds 34/94/S prowadzonej przez Prokuraturę Wojewódzką w <xAnon>B.</xAnon> w sprawie zbrodni stalinowskich po wojnie, do której to czynności zgłosił się z własnej inicjatywy, a w toku której opisywał okoliczności swojego aresztowania przez UB oraz prowadzonego śledztwa. Po tych czynnościach nie wystąpił on z wnioskiem o odszkodowanie, natomiast uczynił to po raz pierwszy dopiero 6 listopada 1995 r.</xText>
          <xText>Sąd I instancji uznał, iż brak jest merytorycznych przesłanek do zasądzenia wnioskodawcy stosownego odszkodowania w oparciu o przepisy ustawy rehabilitacyj­nej. Rozważając natomiast zasadność roszczenia przez pryzmat przepisów rozdziału 50 dkpk, czy <xLexLink xArt="rozdział 58" xIsapId="WDU19280330313" xTitle="Rozporządzenie Prezydenta Rzeczypospolitej z dnia 19 marca 1928 r. - Kodeks postępowania karnego" xAddress="Dz. U. z 1928 r. Nr 33, poz. 313">rozdziału 58 kpk</xLexLink>, podniósł, że w czasie aresztowania I zwalniania wnioskodawcy z więzienia obowiązywał <xLexLink xArt="" xIsapId="WDU19280330313" xTitle="Rozporządzenie Prezydenta Rzeczypospolitej z dnia 19 marca 1928 r. - Kodeks postępowania karnego" xAddress="Dz. U. z 1928 r. Nr 33, poz. 313">kodeks postępowania karnego z 1928r.</xLexLink>, nie zawierający właściwej podstawy prawnej do wystąpienia z wnioskiem o odszkodowanie, przy czym przepisy takie wprowadzone zostały do systemu prawa dopiero ustawą z 1956r. o odpowiedzialności Państwa za szkody wyrządzone przez funkcjonariuszy państwowych i do tego czasu obowiązują one w zasadzie w niezmienionej formie.</xText>
          <xText>Sąd Okręgowy uznał więc, że wnioskodawca od 1956r. miał przez blisko 40 lat możliwość złożenia wniosku o odszkodowanie, czego nie uczynił, przy czym nawet gdyby przyjąć, że nie mógł z tym roszczeniem wystąpić w latach 1959-1989r., to nie wykazał on, dlaczego po tej dacie przez 6 lat tego nie zrobił.</xText>
          <xText>Sąd ten przyjął również, że nawet gdyby przyjąć, że <xAnon>A. S.</xAnon> o możliwości wystąpienia z odszkodowaniem dowiedział się w 1991 r. od prokuratora, to wniosek taki winien on złożyć w tym samym roku. Skoro więc wnioskodawca przez cały ten okres czasu przebywał w kraju, był zdrowy, pracował to nie sposób usprawiedliwić szczególnymi okolicznościami jego zwłoki w dochodzeniu odszkodowania, a co za tym idzie uznać podniesiony przez prokuratora zarzut przedawnienia za sprzeczny z zasada­mi współżycia społecznego.</xText>
          <xText>Apelację od powyższego wyroku wywiódł pełnomocnik wnioskodawcy zaskarżając to rozstrzygnięcie w całości.</xText>
          <xText>Zarzucił on na podstawie <xLexLink xArt="art. 117;art. 117 § 2" xIsapId="WDU19640160093" xTitle="Ustawa z dnia 23 kwietnia 1964 r. - Kodeks cywilny" xAddress="Dz. U. z 1964 r. Nr 16, poz. 93">art. 117 § 2 kc</xLexLink> w zw. z <xLexLink xArt="art. 5" xIsapId="WDU19640160093" xTitle="Ustawa z dnia 23 kwietnia 1964 r. - Kodeks cywilny" xAddress="Dz. U. z 1964 r. Nr 16, poz. 93">art. 5 kc</xLexLink> w powiąza­niu z <xLexLink xArt="art. 489" xIsapId="WDU19640160093" xTitle="Ustawa z dnia 23 kwietnia 1964 r. - Kodeks cywilny" xAddress="Dz. U. z 1964 r. Nr 16, poz. 93">art. 489</xLexLink> dkpk /<xLexLink xArt="art. 55" xIsapId="WDU19970890555" xTitle="Ustawa z dnia 6 czerwca 1997 r. - Kodeks postępowania karnego" xAddress="Dz. U. z 1997 r. Nr 89, poz. 555">art. 55 kpk</xLexLink>/ wyrokowi niesłuszne oddalenie wniosku o odszkodowanie z uwagi na przedawnienie, mimo istnienia okoliczności przemawiających za uznaniem roszczenia wnioskodawcy i uznaniem, że istnieją podstawy do przyjęcia opóźnienia za nienadmierne.</xText>
          <xText>Tym samym wniósł on o uchylenie, zaskarżonego wyroku i przekazanie sprawy Sądowi Okręgowemu w Bielsku-Białej do ponownego rozpoznania.</xText>
          <xText>W motywach podniósł on, że Sąd I instancji nie rozważył wszystkich okoliczności sprawy, w tym nade wszystko nie dążył do ustalenia z jakich powodów wnioskodawca opóźnił się w złożeniu wniosku, a tym samym nie zrealizował <xIx>on </xIx>w pełni wskazań Sądu Apelacyjnego, uchylającego poprzednie rozstrzygnięcie.</xText>
          <xText>Według odwołującego się Sąd Okręgowy nie uwzględnił w sposób należyty osobowości i poziomu intelektualnego wnioskodawcy, który nie rozumie przedmiotowej, skomplikowanej materii prawnej, co winno usprawiedliwiać jego zwłokę zgodnie z zasadami współżycia społecznego w dochodzeniu swego roszczenia odszkodowawczego.</xText>
          <xText>
            <xBx>Sąd Apelacyjny zważył co następuje :</xBx>
          </xText>
          <xText>Apelacja nie zasługuje na uwzględnienie.</xText>
          <xText>Wbrew wywodom wniesionego środka odwoławczego, nie zawierającego nawet precyzyjnie, z punktu widzenia proce­sowego określonego zarzutu, stwierdzić należy, iż Sąd I instancji w sposób poprawny dokonał ustaleń faktycznych, którym nadał właściwą ocenę prawną. Co za tym idzie brak jest racjonalnych podstaw do twierdzenia, iż wniosek <xAnon>A. S.</xAnon> o odszkodowanie zasługiwał na uwzględnienie, bowiem zasady współżycia społecznego przemawiały przeciwko instytucji przedawnienia roszczenia.</xText>
          <xText>Nie można zgodzić się z tezą apelacji jakoby Sąd Okręgowy w swych rozważaniach przekroczył reguły wynikające z przepisów <xLexLink xArt="art. 117;art. 117 § 2" xIsapId="WDU19640160093" xTitle="Ustawa z dnia 23 kwietnia 1964 r. - Kodeks cywilny" xAddress="Dz. U. z 1964 r. Nr 16, poz. 93">art. 117 § 2kc</xLexLink> i <xLexLink xArt="art. 5" xIsapId="WDU19640160093" xTitle="Ustawa z dnia 23 kwietnia 1964 r. - Kodeks cywilny" xAddress="Dz. U. z 1964 r. Nr 16, poz. 93">art. 5 kc</xLexLink> oraz przepisów dotyczących przedawnienia, wynikających z <xLexLink xArt="" xIsapId="WDU19690130096" xTitle="Ustawa z dnia 19 kwietnia 1969 r. - Kodeks postępowania karnego" xAddress="Dz. U. z 1969 r. Nr 13, poz. 96">kodeksów postępowania karnego z 1969r. i 1997r.</xLexLink> odnoszących się do możliwości ubiegania się o odszkodowanie w tym postępowaniu.</xText>
          <xText>Pierwszy z powołanych przepisów wyraźnie stanowi, że osoba przeciwko której przysługuje roszczenie może uchyli się od jego zaspokojenia w sytuacji podniesienia zarzutu przedawnienia. Trudno więc w przedmiotowej sprawie dywagować o naruszeniu przepisu <xLexLink xArt="art. 117;art. 117 § 2" xIsapId="WDU19640160093" xTitle="Ustawa z dnia 23 kwietnia 1964 r. - Kodeks cywilny" xAddress="Dz. U. z 1964 r. Nr 16, poz. 93">art. 117 § 2 kc</xLexLink>, gdy na rozprawie przed sądem meriti powyższy zarzut podniesiony został przez prokuratora.</xText>
          <xText>Słusznie natomiast Sąd ten poddał skuteczność podniesionego zarzutu przez pryzmat zasad współżycia społecznego wynikających z <xLexLink xArt="art. 5" xIsapId="WDU19640160093" xTitle="Ustawa z dnia 23 kwietnia 1964 r. - Kodeks cywilny" xAddress="Dz. U. z 1964 r. Nr 16, poz. 93">art. 5 kc</xLexLink> i w żadnej mierze, jeśli zważyć na przytoczoną w motywach argumentację, nie sposób uznać, iż przepis ten obraził.</xText>
          <xText>Nie budzi również i dla Sądu Apelacyjnego wątpliwości to, że wnioskodawca nie mógł swego roszczenia oprzeć na przepisach ustawy rehabilitacyjnej, z czym godził się też autor skargi odwoławczej.</xText>
          <xText>Jeśli więc założyć zgodnie z twierdzeniem wnioskodawcy, iż został on prawomocnie uniewinniony w 1949 r. /aczkolwiek okoliczność powyższa może budzić kreślone wątpliwości, bowiem nie zachowały się właściwe dokumenty jednoznacznie na powyższe wykazujące/ to słusznie Sąd Okręgowy badał, dlaczego nie wystąpił on <xIx>z </xIx>wnioskiem <xBRx/>o odszkodowanie w terminie wynikającym z <xLexLink xArt="" xIsapId="WDU19560540243" xTitle="Ustawa z dnia 15 listopada 1956 r. o odpowiedzialności Państwa za szkody wyrządzone przez funkcjonariuszów państwowych" xAddress="Dz. U. z 1956 r. Nr 54, poz. 243">ustawy z dnia 15 listopada 1956r. <xBRx/>o odpowiedzialności Państwa za szkody wyrządzone przez funkcjonariuszy państwowych</xLexLink> /Dz. U. nr 54 poz. 243/.</xText>
          <xText>Racjonalnie Sąd ten argumentował, że niezrozumiałym jest dlaczego z roszczeniem swoim wystąpił on rażąco przekraczając terminy przedawnienia, bo 7.11.1995 r., a więc 39 lat po wejściu w życie powołanego wyżej aktu prawnego. Istotnie <xAnon>A. S.</xAnon>w okresie tym przebywał w kraju, nie chorował na tyle obłożnie by nie móc dochodzić swych uprawnień o odszkodowanie, pracował zarobkowo.</xText>
          <xText>Nic również nie wskazywało na to, iż był on wówczas osobą o tak niskim potencjale intelektualnym i psychicznym, by nie móc realizować swych uprawnień, chociażby poprzez pomoc prawną innych osób wykonujących zawód adwokata.</xText>
          <xText>Podobna argumentacja dotyczy rozważań zaniechania dochodzenia swych uprawnień po roku 1989 czy 1991, kiedy to w Polsce w pełni realizowane były swobody obywatel­skie, zgodnie z teorią państwa prawnego. Jeżeli przeanalizować załączone akta Prokuratury Wojewódzkiej w <xAnon>B.</xAnon>sygn. Ds 34/94/S stwierdzić trzeba, iż w 1991 r. <xAnon>A. S.</xAnon>był zatrudniony zarobkowo, posiadał wykształcenie zawodowe i nie był osobą niezborną, skoro samodzielnie postanowił ujawnić w toczącym się śledztwie o zbrodnie popełnione przez funkcjonariuszy UB po wojnie, o czym dowiedział się z prasy, okoliczności</xText>
          <xText>własnego aresztowania i śledztwa.</xText>
          <xText>Mając więc na względzie powyższe, słusznie Sąd Okręgowy uznał, że podniesiony przez prokuratora zarzut przedawnienia nie jest sprzeczny z zasadami współżycia społecznego, po myśli stanowiska wyrażonego w judykaturze SN, skoro wnioskodawca mając po temu pełne możliwości rażąco przekroczył okres, w którym uprawnienia odszkodowawcze względem Skarbu Państwa mógł realizować. To, że wnioskodawca nie posiada wykształcenia prawniczego, nie orientując się w trudnych kwestiach związanych z tą dziedziną wiedzy i nie jest osobą wyrobioną intelektualnie nie oznacza jeszcze, iż stanowi to o sprzecznym <xBRx/>z zasadami współżycia społecznego podniesionym zarzucie przedawnienia w dochodzeniu odszkodowania, w sytuacji pełnej swobody realizowania swych uprawnień chociażby za pośrednictwem osób świadczą­cych pomoc prawną i długiego okresu zaniechania powyższego.</xText>
          <xText>Nie można zgodzić się również z tezą apelacji jakoby Sąd I instancji nie dążył do ustalenia powodów, dla których wnioskodawca opóźnił się ze złożeniem wniosku, czym nie zrealizował zaleceń Sądu Apelacyjnego, skoro jak wynika z protokołu rozprawy /k.62-63/ pytał o ten fakt wnioskodawcę, a ten nie potrafił wskazać jakichkolwiek po temu powodów, mimo iż na nim ciąży obowiązek wykazania faktów, na których opierał swe prawo.</xText>
          <xText>Zatem nie znajdując podstaw dc wzruszenia zaskarżonego wyroku w kierunku pożądanym w apelacji orzeczono jak w części dyspozytywnej.</xText>
        </xUnit>
      </xBlock>
    </xPart>
  </judgement>
<judgement id="151500000001006_II_AKa_000020_2000_Uz_2000-02-15_001">
    <xPart xEditorFullName="Magdalena Gierszner" xYear="2000" xLang="PL" xPublisherFullName="Renata Kopiec" xFromPg="1" xEditor="mgierszner" xVolType="15/150000/0001006/AKa" xPublisher="rkopiec" xDocType="Uz" xVolNmbr="000020" xVersion="1.0" xToPage="1" xFlag="published">
      <xName>Wyrok+Uzasadnienie</xName>
      <xBlock>
        <xText>Sygn. akt: II AKa 20/00</xText>
        <xUnit xIsTitle="true" xBold="true" xType="part">
          <xName>WYROK</xName>
          <xTitle>W IMIENIU RZECZYPOSPOLITEJ POLSKIEJ</xTitle>
          <xText xALIGNx="right">Dnia 15 lutego 2000 r.</xText>
          <xText>
            <xBx>Sąd Apelacyjny w Katowicach II Wydział Karny w składzie:</xBx>
          </xText>
          <xRows>
            <xCOLGROUPx>
              <xCOLx xWIDTHx="172"/>
              <xCOLx xWIDTHx="539"/>
            </xCOLGROUPx>
            <xRow>
              <xClmn xALIGNx="left" xVALIGNx="top">
                <xText xALIGNx="right">Przewodniczący</xText>
              </xClmn>
              <xClmn xALIGNx="left" xVALIGNx="top">
                <xText>SSA Barbara Misztalska</xText>
              </xClmn>
            </xRow>
            <xRow>
              <xClmn xALIGNx="left" xVALIGNx="top">
                <xText xALIGNx="right">Sędziowie</xText>
              </xClmn>
              <xClmn xALIGNx="left" xVALIGNx="top">
                <xText>SSA Wiesława Gawrońska (spr.)</xText>
                <xText>SSA Stanisław Raszka</xText>
              </xClmn>
            </xRow>
            <xRow>
              <xClmn xALIGNx="left" xVALIGNx="top">
                <xText xALIGNx="right">Protokolant</xText>
              </xClmn>
              <xClmn xALIGNx="left" xVALIGNx="top">
                <xText>Barbara Gawor</xText>
              </xClmn>
            </xRow>
          </xRows>
          <xText>przy udziale Prokuratora Prok. Okręg. del. Małgorzaty Siemińskiej</xText>
          <xText>po rozpoznaniu w dniu 15 lutego 2000 roku</xText>
          <xText>sprawy z wniosku <xAnon>J. S.</xAnon></xText>
          <xText>w przedmiocie odszkodowania i zadośćuczynienia</xText>
          <xText>z powodu apelacji, wniesionej przez prokuratora</xText>
          <xText>od wyroku Sądu Okręgowego w Katowicach</xText>
          <xText>z dnia 27 października 1999r. sygn. akt XVI1 Ko 204/99</xText>
          
          <xText>
            <xBx>II AKa 20/00</xBx>
          </xText>
        </xUnit>
        <xUnit xIsTitle="true" xBold="true" xType="part">
          <xName>UZASADNIENIE</xName>
          <xText>Sąd Okręgowy w Katowicach, wyrokiem z dnia 21 października 1999 r. zasądził na podstawie art. 8 ustęp 2 a i b ustawy z dnia 23.02.1991 r. /Dz. U. Nr 34 poz. 149 z późn. zm./ od Skarbu Państwa na rzecz <xAnon>J. S.</xAnon> kwotę 131.400 zł z ustawowymi odsetkami od daty prawomocności wyroku tytułem zadośćuczynienia za niesłuszne represjonowanie, <xBRx/>a w pozostałej części żądanie wnioskodawcy oddalił.</xText>
          <xText>Wyrok ten zaskarżył Prokurator Okręgowy w Katowicach zarzucając błąd w ustaleniach faktycznych przyjętych za podstawę orzeczenia i mający wpływ na jego treść, polegający na niesłusznym uznaniu, iż wygórowana kwota 131.400 zł stanowi adekwatne zadośćuczynienie za doznane przez wnioskodawcę krzywdy w sytuacji, gdy ustalone na podstawie zebranych dowodów okoliczności wpływające na określenie wysokości tegoż zadośćuczynienia nie dawały podstaw do jego zasądzenia w tak zawyżonej wysokości.</xText>
          <xText>W oparciu o ten zarzut prokurator wniósł o zmianę zaskarżonego wyroku i zasądzenie na rzecz wnioskodawcy kwoty 66.000 zł tytułem zadośćuczynienia za doznane przez niego w wyniku niesłusznego represjonowania krzywdy moralne.</xText>
          <xText>
            <xBx>Sąd Apelacyjny zważył co następuje: </xBx>
          </xText>
          <xText>Apelacja nie zasługiwała na uwzględnienie. Jak wynika z uzasadnienia zaskarżonego wyroku Sąd Okręgowy uwzględnił wszystkie istotne czynniki wpływające na wysokość zasądzonego zadośćuczynienia za wyrządzoną wnioskodawcy krzywdę. Uwzględnione więc zostały w szczególności uciążliwości wiążące się z prowadzonym śledztwem, transportami i pobytem w łagrach <xAnon>M.</xAnon>, <xAnon>D.</xAnon> oraz <xAnon>O.</xAnon>. W okresie 10 lat i 8 miesięcy <xBRx/>/w tym 37 miesięcy zesłania/ wnioskodawca wykonywał prace związane z budową dróg, przy wyrębie lasów oraz w kopalni kasyterytu w warunkach zagrażających jego zdrowiu i życiu, fizycznego i moralnego znęcania się nad nim i przy skrajnie ciężkich warunkach atmosferycznych. Wpłynęło to znacząco na stan jego zdrowia.</xText>
          <xText>W czasie odbywania kary wnioskodawca chorował na dur brzuszny, szkorbut, zapalenie płuc oraz doznał odmrożenia palców rąk i nóg. Do Polski powrócił w stanie wymagającym natychmiastowego leczenia /gruźlica płuc oraz rozstrój nerwowy/. Ograniczało to możliwości jego zatrudnienia oraz zdobycia wykształcenia.</xText>
          <xText>Oceniając wysokość zasądzonego na rzecz wnioskodawcy zadośćuczynienia nie można też pominąć faktu, że w okresie odbywania kary pozbawienia wolności pozbawiony on był możliwości wykonywania pracy zarobkowej, uzyskiwania wynagrodzenia i czynie­nia ewentualnych oszczędności.</xText>
          <xText>Sąd Okręgowy co prawda zwrócił uwagę na brak podstaw do ustalenia i zasądzenia z tego tytułu odszkodowania, ale trafnie zaakcentował, że w takiej sytuacji pozbawienie wnioskodawcy prawa do zatrudnienia winno być uwzględnione jako element wyrządzonej mu krzywdy i podlegało zrekompensowaniu poprzez odpowiednie podwyższenie określonej kwoty zadośćuczynienia.</xText>
          <xText>Przyjętą więc przez Sąd Okręgowy kwotę 1200 zł jako miernik zadośćuczynienia za <xBRx/>1 miesiąc pobytu w łagrze oceniać więc należy nie tylko przez pryzmat cierpień fizycznych <xBRx/>i moralnych wnioskodawcy ale także przez uszczerbek jego zdrowia, pozbawienie go prawa do zatrudnienia oraz niekorzystnego wpływu stanu jego zdrowia na zdobycie przez niego wykształcenia.</xText>
          <xText>Powyższe okoliczności podważają zasadność twierdzeń apelacji i dlatego też Sąd Apelacyjny orzekł jak w części dyspozytywnej swojego wyroku.</xText>
        </xUnit>
      </xBlock>
    </xPart>
  </judgement>
<judgement id="151500000001006_II_AKa_000086_2000_Uz_2000-04-13_001">
    <xPart xEditorFullName="Magdalena Gierszner" xYear="2000" xLang="PL" xPublisherFullName="Renata Kopiec" xFromPg="1" xEditor="mgierszner" xVolType="15/150000/0001006/AKa" xPublisher="rkopiec" xDocType="Uz" xVolNmbr="000086" xVersion="1.0" xToPage="1" xFlag="published">
      <xName>Wyrok+Uzasadnienie</xName>
      <xBlock>
        <xText>Sygn. akt: II AKa 86/00</xText>
        <xUnit xIsTitle="true" xType="part" xBold="true">
          <xName>WYROK</xName>
          <xTitle>W IMIENIU RZECZYPOSPOLITEJ POLSKIEJ</xTitle>
          <xText xALIGNx="right">Dnia 13 kwietnia 2000 r.</xText>
          <xText>
            <xBx>Sąd Apelacyjny w Katowicach II Wydział Karny w składzie:</xBx>
          </xText>
          <xRows>
            <xCOLGROUPx>
              <xCOLx xWIDTHx="172"/>
              <xCOLx xWIDTHx="539"/>
            </xCOLGROUPx>
            <xRow>
              <xClmn xALIGNx="left" xVALIGNx="top">
                <xText xALIGNx="right">Przewodniczący</xText>
              </xClmn>
              <xClmn xALIGNx="left" xVALIGNx="top">
                <xText>SSA Barbara Misztalska</xText>
              </xClmn>
            </xRow>
            <xRow>
              <xClmn xALIGNx="left" xVALIGNx="top">
                <xText xALIGNx="right">Sędziowie</xText>
              </xClmn>
              <xClmn xALIGNx="left" xVALIGNx="top">
                <xText>SSA Jan Dybek (spr.)</xText>
                <xText>SSA Barbara Suchowska</xText>
              </xClmn>
            </xRow>
            <xRow>
              <xClmn xALIGNx="left" xVALIGNx="top">
                <xText xALIGNx="right">Protokolant</xText>
              </xClmn>
              <xClmn xALIGNx="left" xVALIGNx="top">
                <xText>Barbara Oleś</xText>
              </xClmn>
            </xRow>
          </xRows>
          <xText>przy udziale Prokuratora Prok. Okręg. del. Małgorzaty Siemińskiej</xText>
          <xText>po rozpoznaniu w dniu 13 kwietnia 2000 r.</xText>
          <xText>sprawy z wniosku <xAnon>Z. K.</xAnon>, <xAnon>ur. (...)</xAnon> w <xAnon>M.</xAnon><xAnon>D.</xAnon>, syna <xAnon>J.</xAnon> i <xAnon>A.</xAnon></xText>
          <xText>o odszkodowanie i zadośćuczynienie</xText>
          <xText>z powodu apelacji, wniesionej przez pełnomocnika wnioskodawcy</xText>
          <xText>od wyroku Sądu Okręgowego w Katowicach</xText>
          <xText>z dnia 03 lutego 2000r. sygn. akt XVI1 Ko 92/99</xText>
          
          <xUnit xIsTitle="false" xType="none">
            <xName xSffx=".">1</xName>
            <xText>zaskarżony wyrok utrzymuje w mocy;</xText>
          </xUnit>
          <xUnit xIsTitle="false" xType="none">
            <xName xSffx=".">2</xName>
            <xText>obciąża Skarb Państwa kosztami postępowania odwoławczego.</xText>
          </xUnit>
          
          <xText>II AKa 86/00</xText>
        </xUnit>
        <xUnit xIsTitle="true" xType="part" xBold="true">
          <xName>UZASADNIENIE</xName>
          <xText>Wnioskodawca <xAnon>Z. K.</xAnon> domagał się zasądzenia od Skarbu Państwa na jego rzecz kwoty 28o.ooo zł. za represjonowanie przez władze radzieckie jego ojca <xAnon>J. K.</xAnon>. Na kwotę tą składa się 180.000 zł. odszkodowania za pracę ojca w obozach pracy ZSRR oraz 100.000 zł, zadośćuczynienia za doznane przez niego krzywdy moralne.</xText>
          <xText>W wymienionym wyżej wyroku sąd I-szej instancji ustalił, że <xAnon>J. K.</xAnon>jako osadnik wojskowy w stopniu porucznika Wojska Pol ­skiego został osiedlony na <xAnon>W.</xAnon>w <xAnon>miejscowości H.</xAnon>pow. <xAnon>Ł.</xAnon>, czyli na byłych wschodnich terenach Polski. Jego żona wykonywała zawód nauczyciela. Po zajęciu w 1939r. tych terenów przez wojska radzieckie, <xAnon>J. K.</xAnon>wraz z rodziną w lutym 1940r. został zesłany na tzw. „spec-posielenie” do obozu w obwodzie kirowskim. Z tego obozu <xAnon>J. K.</xAnon>i jego rodzina zostali zwolnieni 23 sierpnia 1941r. i zamieszkali w <xAnon>K.</xAnon>. <xAnon>J. K.</xAnon>otrzymał paszport Rzeczypospolitej Polskiej, reprezentowanej przez Rząd Emigracyjny w <xAnon>L.</xAnon>. Nadto powierzo­no mu szefostwo bazy Ambasady <xIx>RP </xIx>w <xAnon>K.</xAnon>oraz pełnił obowiązki męża zaufania na rejon <xAnon>K.</xAnon>. Do jego obowiązków należało organizowanie pomocy i opieki przebywającym na tym terenie Polakom. 15 marca 1943r. w <xAnon>K.</xAnon>został aresztowany przez NKWD. Postanowieniem Specjalnego Kolegium przy NKWD z dnia 19 stycznia 1944r. został skazany na karę 15 lat więzienia za przestępstwa z <xLexLink xArt="" xIsapId="WDU19970880553" xTitle="Ustawa z dnia 6 czerwca 1997 r. - Kodeks karny" xAddress="Dz. U. z 1997 r. Nr 88, poz. 553">art. 68-6 i 58-10 <xIx>KK</xIx></xLexLink><xIx> RSFRR</xIx>polegające na tym, że zbierał wiadomość o charakterze wojskowym, ekonomicznym i politycznym dotyczące ZSRR, które przekazywał do Ambasady RP, a także prowadził antyradziecką agitacje, czyli szpiegostwo przeciwko ZSRR na rzecz rządu Polski. Po wyroku został wywieziony na <xAnon>S.</xAnon>, gdzie pracował w różnych obozach pracy. Do Polski wrócił 29 września 1955 r. Zmarł 5 marca 1969 r.</xText>
          <xText>Do tak ustalonego stanu faktycznego, nie kwestionowanego przez strony procesowe, który jako dokonany przy prawidłowej procesowej ocenie ujawnionego na rozprawie materiału dowodowego uznać należy za traf­ny, oddalając wniosek tenże sąd wyraził następujący, aprobowany przez instancję odwoławczą pogląd prawny.</xText>
          <xText>Warunkiem uzyskania odszkodowania i zadośćuczynienia na podsta­wie art. 8 ust. 2a i b ustawy z dnia 23.o2.1991r. o uznaniu za nieważne orzeczeń wydanych wobec osób represjonowanych za działalność na rzecz niepodległego bytu Państwa Polskiego za represjonowanie przez radzieckie organy ścigania i wymiaru sprawiedliwości jest działanie tych organów na obecnym terytorium Polski oraz na terytoriach Polski w granicach ustalonych w Traktacie Ryskim (art 8 ust. 2a).</xText>
          <xText>Z uchwały Sądu najwyższego z dnia 21 czerwca I995r. (OSNKW nr 8-1o,poz. 53 z 1995r) wynika, że przyjęcie przez Państwo Pol ­skie odpowiedzialności odszkodowawczej wobec osób represjonowa­nych przez radzieckie organy ścigania i wymiaru sprawiedliwości oparte jest na konstrukcji częściowego zrzeczenia się suweren­ności jurysdykcyjnej przez ówczesne polskie organy sprawujące administrację na terytorium Polski. Przez terytorium Polski należy rozumieć terytorium w granicach z dnia 31 sierpnia 1939r. Natomiast <xAnon>J. K.</xAnon>pełnił obowiązki męża zaufania Ambasady RP, rejon kirowski i w <xAnon>K.</xAnon>został aresztowany przez NKWD. <xAnon>K.</xAnon>nigdy w skład terytorium Polski nie wchodził, gdyż nawet przed wojną znajdował się na terytorium ZSRR (wschodnia Ukraina). Skoro zatem represjonowanie <xAnon>J. K.</xAnon>przez radzieckie organy ścigania i wymiaru sprawiedliwości miało miejsce na terenie ZSRR, gdyż tam został aresztowany, to nie spo­sób przyjąć, aby to represjonowanie było związane z częściowym zrzeczeniem się suwerenności jurysdykcyjnej przez ówczesne pol­skie organy, które przecież na terenie wykraczającym poza grani­ce Państwa Polskiego, według stanu na dzień 31 sierpnia 1939 r., tej suwerenności nie posiadały.</xText>
          <xText>Działanie zatem radzieckich organów w postaci aresztowania obywa­teli polskich poza granicami wyżej opisanego terytorium Polski, stanowi ujemną przesłankę do zasądzenia odszkodowania w oparciu o przepis art. 8 ust.2a i b wyżej cytowanej ustawy.</xText>
          <xText>Apelacja wnioskodawcy wniesiona przez jego pełnomocnika - adwokata, zarzuca temu orzeczeniu błędne ustalenie, że występują negatywne przesłanki do uznania wniosku o odszkodowanie dotyczą­cego działalności <xAnon>J. K.</xAnon>, Wskazując na powyższe wnosi o zmianę zaskarżonego wyroku i przyznanie żądanego odszkodowania lub o przekazanie sprawy do ponownego rozpoznania, po uprzednim uchyleniu tegoż orzeczenia. W jej motywach wyraża się zapatrywa­nie, że skoro sad okręgowy zauważył, że teren danej ambasady sta­nowi terytorium jej państwa i rejon działania pracowników tej ambasady, stanowi jakby poszerzenie państwa poza jego granice, to w Konsekwencji tego należy uznać, że kapitan <xAnon>J. K.</xAnon> prowadził działalność na obszarze, którego teren odpowiadał statusowi terytorium Polski, przy czym z art. 8 ust. 2bustawy z 23 lutego 1991r. wyżej cytowanej (dalej ustawa lutowa) wynika, że przez działalność na rzecz niepodległego bytu Państwa Polskiego należy rozu­mieć działalność prowadzoną od 17 września 1939r. do 5 lutego 1946r. ,a nie po 1 stycznia 1944 r. jak przyjął to sąd merytoryczny.</xText>
          <xText>Sąd odwoławczy zważył:</xText>
          <xText>Apelacja nie jest zasadna, i w związku z tym nie może zostać uwzględniona.</xText>
          <xText>Zawarty w niej zarzut i wnioski opierają się na następującym, wyrażonym w motywach zaskarżonego wyroku zapatrywaniu. Natomiast przy założeniu, że teren Ambasady danego Państwa i rejon działania pracowników tej Ambasady stanowi jakby poszerzenie państwa poza jego granice, to zachodzi kolejna ujemna przesłanka do zasądzenia odszkodowania, gdyż zgodnie z art. 8 ust.2a wyżej cytowanej ustawy, represjonowanie przez władze radzieckie nie mogło nastąpić przed dniem 1 stycznia 1944 r., natomiast <xAnon>J. K.</xAnon> został aresztowany 15 marca 1943r. Stwierdzić w związku z tym należy, że: Po pierwsze - ten hipote­tyczny wywód jest błędny. Co do jego słuszności miał wątpliwości już sąd okręgowy, skoro na samym jego wstępie posługuje się zwrotem "przy założeniu". Pojęcie terytorium RP określone jest w ustawie z 12.10.1990r. o ochronie granicy państwa i rejon działania jej pracowników stanowi jakby poszerzenie państwa poza jego granice. Są to zupełnie dowolne stwierdzenia sądu okręgowego. Po wtóre, pozytywne zastosowanie ustawy lutowej może mieć miejsce tylko wtedy, jeżeli do represjonowania za działalność na rzecz niepodległego bytu Państwa Polskiego doszło na jego terytorium wyznaczonym obecną wschodnią granicą i granicą wschodnią, ustaloną Traktatem Ryskim. Chodzi tu więc nie o to, gdzie osoba represjonowana prowadziła działalność niepodległościową, lecz o to, czyją przynależnością państwową było terytorium, na którym osoba taka przez organy ścigania i wymiaru sprawiedliwości lub pozasądowe była represjonowana. Skoro sąd okręgowy trafnie ustalił, że <xAnon>K.</xAnon> (wschodnia Ukraina) oraz inne miejscowości w których aresztowano, osądzono, więziono oraz zmuszano do katorżniczej pracy <xAnon>J. K.</xAnon>, nigdy do Polski nie należały, merytoryczne rozstrzygnięcie zawarte w zaskarżonym wyroku uznać należy za trafne.</xText>
          <xText>Błędny pogląd sądu wyżej omówiony nie miał bowiem w tej sytuacji żadnego wpływu na treść wyroku. Dlaczego orzec należało jak w części dyspozytywnej orzeczenia. O kosztach sądowych za instancję odwoławczą postanowiono w myśl art. 13 ustawy lutowej.</xText>
        </xUnit>
      </xBlock>
    </xPart>
  </judgement>
<judgement id="151500000001006_II_AKa_000091_2000_Uz_2000-04-18_001">
    <xPart xEditorFullName="Magdalena Gierszner" xYear="2000" xLang="PL" xPublisherFullName="Renata Kopiec" xFromPg="1" xEditor="mgierszner" xVolType="15/150000/0001006/AKa" xPublisher="rkopiec" xDocType="Uz" xVolNmbr="000091" xVersion="1.0" xToPage="1" xFlag="published">
      <xName>Wyrok+Uzasadnienie</xName>
      <xBlock>
        <xText>Sygn. akt: II AKa 91/00</xText>
        <xUnit xIsTitle="true" xType="part" xBold="true">
          <xName>WYROK</xName>
          <xTitle>W IMIENIU RZECZYPOSPOLITEJ POLSKIEJ</xTitle>
          <xText xALIGNx="right">Dnia 18 kwietnia 2000 r.</xText>
          
          <xText>
            <xBx>Sąd Apelacyjny w Katowicach II Wydział Karny w składzie:</xBx>
          </xText>
          <xRows>
            <xCOLGROUPx>
              <xCOLx xWIDTHx="172"/>
              <xCOLx xWIDTHx="539"/>
            </xCOLGROUPx>
            <xRow>
              <xClmn xALIGNx="left" xVALIGNx="top">
                <xText xALIGNx="right">Przewodniczący</xText>
              </xClmn>
              <xClmn xALIGNx="left" xVALIGNx="top">
                <xText>SSA Grażyna Chart</xText>
              </xClmn>
            </xRow>
            <xRow>
              <xClmn xALIGNx="left" xVALIGNx="top">
                <xText xALIGNx="right">Sędziowie</xText>
              </xClmn>
              <xClmn xALIGNx="left" xVALIGNx="top">
                <xText>SSA Barbara Suchowska</xText>
                <xText>SSA Jolanta Śpiechowicz (spr.)</xText>
              </xClmn>
            </xRow>
            <xRow>
              <xClmn xALIGNx="left" xVALIGNx="top">
                <xText xALIGNx="right">Protokolant</xText>
              </xClmn>
              <xClmn xALIGNx="left" xVALIGNx="top">
                <xText>Agnieszka Szendzielorz</xText>
              </xClmn>
            </xRow>
          </xRows>
          <xText>przy udziale Prokuratora Prok. Apel. Andrzeja Jużkowa</xText>
          <xText>po rozpoznaniu w dniu 18 kwietnia 2000 r.</xText>
          <xText>sprawy z wniosku <xAnon>F. M.</xAnon><xAnon>ur. (...)</xAnon></xText>
          <xText>o odszkodowanie i zadośćuczynienie</xText>
          <xText>z powodu apelacji, wniesionej przez pełnomocnika wnioskodawcy</xText>
          <xText>od wyroku Sądu Okręgowego w Katowicach</xText>
          <xText>z dnia 16 lutego 2000r. sygn. akt XVI1 Ko 276/99</xText>
          
          <xUnit xIsTitle="false" xType="none">
            <xName xSffx=".">1</xName>
            <xText>utrzymuje w mocy zaskarżony wyrok;</xText>
          </xUnit>
          <xUnit xIsTitle="false" xType="none">
            <xName xSffx=".">2</xName>
            <xText>kosztami postępowania odwoławczego obciąża Skarb Państwa.</xText>
          </xUnit>
          
          <xText>II AKa 91/00</xText>
        </xUnit>
        <xUnit xIsTitle="true" xType="part" xBold="true">
          <xName>UZASADNIENIE</xName>
          <xText>Sąd Okręgowy w Katowicach, wyrokiem z dnia 16.02.2000 r. sygn. XVI 1 Ko 276/99 oddalił wniosek <xAnon>F. M.</xAnon>, <xAnon>G. P.</xAnon>i <xAnon>J. M.</xAnon>o odszkodowanie za niesłuszne aresztowanie ich ojca <xAnon>P. M.</xAnon>w dniu 17.03.1945 r., deportowanie do ZSRR, a następnie internowanie w obozie pracy, podnosząc, iż nie został udowodniony związek przyczynowy pomiędzy działalnością <xAnon>P. M.</xAnon>na</xText>
          <xText>rzecz niepodległego bytu Państwa Polskiego, a późniejszymi represjami w latach 1945-1947.</xText>
          <xText>W apelacji od powyższego wyroku pełnomocnik wnioskodawcy <xAnon>F. M.</xAnon> zarzuca błędne ustalenie, iż nie ma związku przyczynowego między działalnością <xAnon>P. M.</xAnon> na rzecz niepodległego bytu Państwa Polskiego i jego późniejszymi represjami i wnosi o zmianę zaskarżonego wyroku i uwzględnienie wniosku, ewentualnie o uchylenie wyroku i przekazanie sprawy do ponownego rozpoznania Sądowi I instancji.</xText>
          <xText>Sąd Apelacyjny uznał apelację za niezasadną.</xText>
          <xText>Wbrew jej wywodom, Sąd I instancji poczynił prawidłowe ustalenia faktyczne, które oparł na niezwykle wnikliwej i wszechstronnej analizie zebranego materiału dowodowego a swoje stanowisko w sposób należyty i przekonujący uzasadnił.</xText>
          <xText>W szczególności należy podzielić zaprezentowane przez Sąd orzekający w uzasadnie­niu zaskarżonego orzeczenia stanowisko, iż sam fakt aresztowania <xAnon>P. M.</xAnon> w 1945r i wywiezienia go na teren ZSRR w żadnym stopniu nie sugeruje, iż powodem tego była jego działalność powstańcza, bowiem jak wynika jednoznacznie z akt Okręgowej Komisji w <xAnon>K.</xAnon> - Głównej Komisji Badania Zbrodni Przeciwko Narodowi Polskiemu sygn. OKKa 5s/3/91 - tego typu represje napotkały w tamtym czasie ogromną liczbę osób, praktycznie bez żadnego powodu czy uzasadnienia.</xText>
          <xText>Samo subiektywne przekonanie <xAnon>P. M.</xAnon>, znajdujące odbicie w załączonym odpisie życiorysu /k.28/, różniącym się od oryginału /k.105/ i przekazywanych dzieciom informacjach, iż powodem jego prześladowania był właśnie udział w III Powstaniu Śląskim, nie zastąpi przekonującego dowodu istnienia takiego związku, wymaganego dla zasądzenia żądanego odszkodowania w trybie Ustawy z 23-02.1991 r.</xText>
          <xText>Trafnie Sąd Okręgowy uznał, iż z użytego w zapisach ewidencyjnych Urzędu Ochrony Państwa sformułowania: "element niepewny politycznie", można jedynie domniemywać, iż prezentowana przez wnioskodawcę w ówczesnym czasie postawa nie była zgodna z wyobrażeniami tamtejszej władzy, natomiast wysuwanie dalej Idącego wniosku byłoby niczym nie uzasadnione.</xText>
          <xText>Rzeczywiście cytowane w apelacji sformułowanie Sądu Okręgowego wydaje się być wewnętrznie sprzeczne, jednak analiza całej treści uzasadnienia wskazuje jednoznacznie na intencję tej wypowiedzi - chodziło bowiem oczywiście o podkreślenie, iż pojęcie "element niepewny politycznie" nie wskazuje jednoznacznie na związek takiej oceny z działalnością powstańczą <xAnon>P. M.</xAnon>.</xText>
          <xText>W końcu należy zauważyć, iż Sąd Okręgowy, wbrew twierdzeniom apelacji nie wiązał cytowanego wyżej określenia z działalnością zdradziecką <xAnon>P. M.</xAnon>, jako że na str.2 uzasadnienia stwierdził wyraźnie, iż wobec braku pełnych danych osobowych, znajdujące się w repertoriach Specjalnego Sądu Karnego zapisy nie przesądzają o takiej działalności ojca wnioskodawców.</xText>
          <xText>Mając to wszystko na uwadze, Sąd Apelacyjny orzekł jak na wstępie.</xText>
        </xUnit>
      </xBlock>
    </xPart>
  </judgement>
<judgement id="150520000000503_I_Ca_000179_2013_Uz_2013-05-29_001">
    <xPart xEditorFullName="Jolanta Urbanowicz" xYear="2013" xLang="PL" xPublisherFullName="Ewa Wysocka" xFromPg="1" xEditor="jolanta.urbanowicz" xVolType="15/052000/0000503/Ca" xPublisher="ewa.wysocka" xDocType="Uz" xVolNmbr="000179" xVersion="1.0" xToPage="6" xFlag="published">
      <xName>Wyrok+Uzasadnienie</xName>
      <xBlock>
        <xText>Sygn. aktI.Ca 179/13</xText>
        <xUnit xIsTitle="true" xBold="true" xType="part">
          <xName>WYROK</xName>
          <xTitle>W IMIENIU RZECZYPOSPOLITEJ POLSKIEJ</xTitle>
          <xText xALIGNx="right">
            <xBx>Dnia 29 maja 2013r.</xBx>
          </xText>
          <xText>Sąd Okręgowy w Suwałkach I Wydział Cywilny w składzie następującym:</xText>
          <xRows>
            <xCOLGROUPx>
              <xCOLx xWIDTHx="167"/>
              <xCOLx xWIDTHx="431"/>
            </xCOLGROUPx>
            <xRow>
              <xClmn xALIGNx="left" xVALIGNx="top">
                <xText xALIGNx="right">Przewodniczący:</xText>
              </xClmn>
              <xClmn xALIGNx="left" xVALIGNx="top">
                <xText>SSO Dariusz Małkiński</xText>
              </xClmn>
            </xRow>
            <xRow>
              <xClmn xALIGNx="left" xVALIGNx="top">
                <xText xALIGNx="right">Sędziowie:</xText>
              </xClmn>
              <xClmn xALIGNx="left" xVALIGNx="top">
                <xText>SSO Antoni Czeszkiewicz (spr.)</xText>
                <xText>SSO Cezary Olszewski</xText>
              </xClmn>
            </xRow>
            <xRow>
              <xClmn xALIGNx="left" xVALIGNx="top">
                <xText xALIGNx="right">Protokolant:</xText>
              </xClmn>
              <xClmn xALIGNx="left" xVALIGNx="top">
                <xText>st. sekr. sąd. Ewa Andryszczyk</xText>
              </xClmn>
            </xRow>
          </xRows>
          <xText>po rozpoznaniu w dniu 29 maja 2013 roku w Suwałkach</xText>
          <xText>na rozprawie</xText>
          <xText>sprawy z powództwa<xBx><xIx><xAnon>C. W.</xAnon></xIx></xBx></xText>
          <xText>
            <xBx>
              <xIx>przeciwko <xAnon>P. R.</xAnon></xIx>
            </xBx>
          </xText>
          <xText>
            <xBx>
              <xIx>o zapłatę</xIx>
            </xBx>
          </xText>
          <xText>
            <xIx>na skutek apelacji powoda <xAnon>C. W.</xAnon></xIx>
          </xText>
          <xText>
            <xIx>od wyroku Sądu Rejonowego w Suwałkach</xIx>
          </xText>
          <xText>
            <xIx>z dnia 27 lutego 2013r., sygn. akt I C 1185/12 </xIx>
          </xText>
          
          <xText>
            <xBx>oddala apelację.</xBx>
          </xText>
          
          <xText>Sygn. akt I Ca 179/13</xText>
        </xUnit>
        <xUnit xIsTitle="true" xBold="true" xType="part">
          <xName>UZASADNIENIE</xName>
          <xText>Powód <xAnon>C. W.</xAnon> domagał się zasądzenia od pozwanego <xAnon>P. R.</xAnon> prowadzącego działalność gospodarczą pod nazwą <xAnon> (...)</xAnon><xAnon>G.</xAnon> w <xAnon>G.</xAnon> kwoty 500,00 zł wraz z odsetkami ustawowymi od dnia 28.03.2012 r. do dnia zapłaty oraz zwrotu kosztów postępowania. W uzasadnieniu pozwu wskazał, że pozwany w ramach prowadzonej przez siebie działalności gospodarczej przeprowadzał badania geologiczne na gruncie należącym do powoda w miejscowości <xAnon>S.</xAnon>. Prace nie zostały ukończone, co naraziło powoda na koszty związane z uporządkowaniem terenu. Powód wycenił szkodę na kwotę 500,00 zł, wezwał pozwanego do zapłaty, ale wezwanie pozostało bezskuteczne.</xText>
          <xText>W dniu 04.10.2012 r. Sąd Rejonowy w Suwałkach I Wydział Cywilny wydał nakaz zapłaty w postępowaniu upominawczym, którym uwzględnił w całości żądanie pozwu.</xText>
          <xText>Pozwany <xAnon>P. R.</xAnon> prowadzący działalność gospodarczą pod nazwą <xAnon> (...)</xAnon><xAnon>G.</xAnon> w <xAnon>G.</xAnon> w terminie wniósł sprzeciw od nakazu zapłaty, w którym wniósł o oddalenie powództwa i zasądzenie na jego rzecz kosztów postępowania. Pozwany potwierdził, że w ramach prac przy wytyczaniu obwodnicy <xAnon>A.</xAnon> wykonywał prace geologiczne na gruncie należącym do powoda jednakże powód nie doznał szkody w związku z tą działalnością. Na gruncie po przeprowadzonych badaniach zostały przeprowadzone wszelkie prace porządkowe, a ponadto pozwany w ramach poprawnych stosunków z powodem wykonał prace polegające na bezpłatnym uporządkowaniu terenu po poprzednio istniejącym otworze wiertniczym wykonanym przez inny podmiot. Dodatkowo pozwany wskazał, że powód otrzymał kwotę 300,00 zł za wykonanie prac na działkach w <xAnon>S.</xAnon> i <xAnon>W.</xAnon>, co powód potwierdził w swoim piśmie z dnia 19.03.2012 r. Dodatkowo pozwany wskazał, iż powód nie wykazał wysokości szkody.</xText>
          <xText>Sąd Rejonowy w Suwałkach wyrokiem z dnia z dnia 27 lutego 2013 r. wydanym w sprawie sygn. akt I C 1185/12 oddalił powództwo i nakazał pobrać od powoda <xAnon>C. W.</xAnon> na rzecz Skarbu Państwa Kasa Sądu Rejonowego w Suwałkach kwotę 49,31 zł tytułem brakujących wydatków w sprawie.</xText>
          <xText>Sąd Rejonowy ustalił, że we wrześniu 2011 r. na terenie gminy <xAnon>R.</xAnon> wykonywane były prace geologiczne do dokumentacji projektowej obwodnicy <xAnon>A.</xAnon> wykonywanej przez <xAnon> Biuro (...) sp. z o.o.</xAnon> w <xAnon>W.</xAnon>. Część prac geologicznych na gruncie wykonywał <xAnon>P. R.</xAnon> prowadzący działalność gospodarczą pod nazwą <xAnon> (...)</xAnon><xAnon>G.</xAnon> w <xAnon>G.</xAnon>. Prace te objęły działki należące do <xAnon>C. W.</xAnon> – <xAnon>działkę nr (...)</xAnon> położoną w miejscowości <xAnon>S.</xAnon> i <xAnon>działkę nr (...)</xAnon> położoną w miejscowości <xAnon>W.</xAnon>.</xText>
          <xText>Przed przystąpieniem do prac geologicznych przedstawiciele wykonawcy - <xAnon> firmy (...) sp. z o.o.</xAnon> w <xAnon>W.</xAnon> oraz przedstawiciele <xAnon> firmy (...)</xAnon> w <xAnon>G.</xAnon> udali się do <xAnon>C. W.</xAnon> celem uzyskania zgody wejścia na grunt. Uzgodniono, że na działkach <xAnon>C. W.</xAnon> zostaną wykonane odwierty geologiczne w zamian za rekompensatę w kwocie 300,00 zł, a także <xAnon> firma (...)</xAnon> uporządkuje teren działki <xAnon>C. W.</xAnon> – zasypie otwór wykonany przez poprzednio działającą firmę wykonującą prace geologiczne na działce w miejscowości <xAnon>W.</xAnon>. Kwota 300,00 zł została wypłacona <xAnon>C. W.</xAnon>.</xText>
          <xText>Po uzgodnieniach z właścicielem gruntu pracownicy <xAnon>P. R.</xAnon> przystąpili do prac na działkach w <xAnon>S.</xAnon> i <xAnon>W.</xAnon>. Na teren działek wjechali samochodem, wykonali odwierty geologiczne. Po wykonaniu odwiertów zasypali otwory ziemią z urobku. Po zakończeniu prac na działce w <xAnon>S.</xAnon> na gruncie porośniętym trawą widoczne były ślady kół pojazdu, w miejscu wykonania odwiertów widoczne były ślady ich wykonania i zasypania. Pracownicy <xAnon>P. R.</xAnon> zasypali również otwór pozostawiony przez poprzednią firmę wykonująca odwiert na gruncie we <xAnon>W.</xAnon>.</xText>
          <xText>Pismem z dnia 11.01.2012 r. r. <xAnon>C. W.</xAnon> wezwał <xAnon>P. R.</xAnon> do zapłaty kwoty 500 zł tytułem odszkodowania za szkodę powstałą w związku z wykonaniem odwiertów geologicznych.</xText>
          <xText>Sąd Rejonowy wskazał, iż w niniejszej sprawie nie było wątpliwości co do tego, że pozwany wykonywał na gruncie powoda prace geologiczne polegające na wykonaniu odwiertów. Spór między stronami dotyczył kwestii wyrządzenia przez pozwanego szkody w mieniu powoda w związku z w/w pracami oraz zasadności żądania przez powoda odszkodowania za ewentualne straty spowodowane przez pozwanego.</xText>
          <xText>Zgodnie z treścią <xLexLink xArt="art. 415" xIsapId="WDU19640160093" xTitle="Ustawa z dnia 23 kwietnia 1964 r. - Kodeks cywilny" xAddress="Dz. U. z 1964 r. Nr 16, poz. 93">art. 415 kc</xLexLink> kto z winy swej wyrządził drugiemu szkodę obowiązany jest do jej naprawienia. Powołany przepis stanowi główną zasadę odpowiedzialności deliktowej i ma zastosowanie również niniejszej sprawie. Czyn niedozwolony jakiego miałby się dopuścić pozwany polegał zdaniem powoda na wejściu na grunt powoda i nieprawidłowym wykonaniu odwiertów, zniszczeniu rosnącej na gruncie trawy i niezasypaniu w sposób należyty otworów geologicznych.</xText>
          <xText>Pozwany w toku procesu powoływał się na uzyskaną zgodę powoda na wejście na grunt, a także wskazywał, że prace zostały wykonane przez jego pracowników w sposób prawidłowy. Analiza materiału dowodowego zgromadzonego w aktach sprawy nie przyniosła w ocenie Sądu I instancji potwierdzenia zasadności roszczenia.</xText>
          <xText>Z samych wyjaśnień informacyjnych stron, w tym z twierdzeń powoda wynika, że przed wejściem pozwanego i jego pracowników na grunt powoda doszło do spotkania i wzajemnych uzgodnień co do przeprowadzenia prac. Powód wyraził zgodę na prace geologiczne za co otrzymał stosowna rekompensatę w kwocie 300,00 zł. trudno zatem w tym stanie rzeczy mówić o bezprawnym wejściu przez pozwanego na grunt powoda. Z kolei z zeznań przesłuchanych w sprawie świadków – pracowników pozwanego (<xAnon>K. K.</xAnon>, <xAnon>A. C.</xAnon> ) wynika, że odwierty zostały wykonane w sposób standardowy, z wjazdem pojazdu specjalistycznego na grunt, wykonaniem odwiertów i zasypaniem otworów. Dokumentacja fotograficzna przedstawiona przez powoda na okoliczność wyrządzenia szkody, zdaniem Sądu istnienia tej szkody nie potwierdza. Obrazuje ona jedynie rzeczywiście fakt wjazdu pojazdu na porośnięty trawą fragment działki oraz fakt wykonania otworu, następnie zasypanego.</xText>
          <xText>Skoro powód zgodził się na wykonanie badań geologicznych, to musiał zdaniem Sądu liczyć się z koniecznością fizycznej ingerencji osób trzecich na jego gruncie. Wiadomym jest że wykonanie badań geologicznych wiąże się z koniecznością użycia specjalistycznego sprzętu (o czym powód wiedział, gdyż wcześniej na jego gruncie wykonywane już były prace geologiczne) a także wjazdu samochodem na teren działki. Co za tym idzie nie dziwi fakt pozostawienia przez pojazd śladów kół na terenie porośniętym trawą i trudno w ocenie Sądu uznawać to za szkodę, skoro świadomość konieczności wjazdu samochodu w głąb działki powód posiadał w momencie wyrażania zgody na przeprowadzenie prac.</xText>
          <xText>Postępowanie dowodowe nie wykazało również szkody w zakresie wykonanych otworów. Przedstawione zdjęcia obrazują zasypane otwory, na żadnej z fotografii nie widać otworu niezasypanego, pozostawionego w stanie bezpośrednio po wykonaniu odwiertu.</xText>
          <xText>Powód zdaniem Sądu nie wykazał w sposób dostateczny doznanego przez siebie uszczerbku majątkowego w związku z działaniem pozwanego na swoim gruncie. Twierdzenia powoda o konieczności wykonania prac porządkowych oraz o zniszczeniach i szkodzie w pozyskaniu sianokiszonki są gołosłowne i nie poparte żadnym dowodem poza sporządzonym przez samego powoda zestawieniem pisemnym i kosztorysem (k. 42) oraz zeznaniami świadków <xAnon>M. W.</xAnon> i <xAnon>J. Ć.</xAnon> którzy ze słyszenia – od powoda dowiedzieli się że dokonywał dodatkowego uprzątnięcia terenu. Powód nie wykazał jakie prace zostały wykonane ani czy musiały one zostać wykonane celem likwidacji szkody.</xText>
          <xText>Obowiązek udowodnienia zaistnienia szkody i jej wysokości obciąża zawsze poszkodowanego, co wynika z podstawowej zasady rozkładu ciężaru dowodu uregulowanej w <xLexLink xArt="art. 6" xIsapId="WDU19640160093" xTitle="Ustawa z dnia 23 kwietnia 1964 r. - Kodeks cywilny" xAddress="Dz. U. z 1964 r. Nr 16, poz. 93">art. 6 kc.</xLexLink> Zgodnie z treścią tego przepisu ciężar udowodnienia faktu spoczywa na osobie, która z faktu tego wywodzi skutki prawne. Poszkodowany , jako podmiot domagający się od sprawcy szkody wypłaty odszkodowania winien udowodnić nie tylko sam fakt zaistnienia szkody oraz zdarzenia ją wywołującego, ale również wysokość doznanej szkody. Od tego bowiem zależy zasadność i zakres odpowiedzialności ubezpieczyciela. Taki rozkład ciężaru dowodu jest przyjęty w orzecznictwie Sądu Najwyższego (por. wyrok SN z 19.12.1997 r. II CKN 534/97 nie publ. „<xIx>ubezpieczającego obciąża ciężar dowodu w zakresie wysokości szkody powstałej wskutek wypadku przewidzianego w umowie ubezpieczenia</xIx>”, a także wyrok SN z 19.05.1998 r., II CKN 761/97, nie publ., wyrok SN z 08.05.2000 r. V CKN 43/00). Mając powyższe na uwadze stwierdzić należy, iż w niniejszej sprawie to powód z mocy prawa był obowiązany do wykazania <xUx>zaistnienia</xUx> w jego mieniu szkody oraz jej <xUx>wysokości</xUx>.</xText>
          <xText>W okolicznościach niniejszej sprawy Sąd stwierdził, że strona powodowa nie udowodniła powyższej przesłanki uzasadniającej wypłatę odszkodowania.</xText>
          <xText>Z tego względu powództwo podlegało oddaleniu o czym orzeczono jak w pkt I wyroku.</xText>
          <xText>Powód przegrał niniejszy proces w całości, co uzasadniało jego obciążenie obowiązkiem poniesienia brakujących kosztów sądowych, o czym orzeczono jak w pkt II wyroku.</xText>
          
          <xText>Nieprofesjonalną apelację od powyższego orzeczenia wywiódł powód zarzucając mu błędnie ustalony stan faktyczny, a polegający na nierozpoznaniu istoty sprawy przy uwzględnieniu wszystkich dowodów w niej zgromadzonych oraz danie wiary jedynie świadkom zawnioskowanym przez pozwanego przy całkowitym pomięciu twierdzeń powoda.</xText>
          <xText>Wskazując na powyższe wniósł o zmianę zaskarżonego orzeczenia i zasądzenie na jego rzecz kwoty 500 zł oraz kosztów postępowania według norm przepisanych.</xText>
          
          <xText>
            <xBx>Sąd Okręgowy zważył, co następuje:</xBx>
          </xText>
          <xText>Apelację powoda uznać należy za niezasadną.</xText>
          <xText>Na wstępie wskazać należy, iż Sąd Okręgowy w całości podzielił ustalenia faktyczne, dokonane w sprawie przez Sąd Rejonowy, czyniąc je jednocześnie podstawą swojego rozstrzygnięcia. Sąd I instancji, w wyniku prawidłowo przeprowadzonego postępowania dowodowego, ustalił wszystkie istotne dla rozstrzygnięcia sprawy okoliczności, które znajdowały odzwierciedlenie w całokształcie zaoferowanego przez strony materiału dowodowego.</xText>
          <xText>W ocenie Sądu Odwoławczego Sąd Rejonowy nie dopuścił się naruszenia przepisów postępowania. Jak trafnie przyjmuje się w orzecznictwie, jeżeli z określonego materiału dowodowego Sąd wyprowadza wnioski logicznie poprawne i zgodne z doświadczeniem życiowym, to ocena sądu nie narusza reguł swobodnej oceny dowodów i musi się ostać, choćby w równym stopniu, na podstawie tego materiału dowodowego, dawały się wysnuć wnioski odmienne. Tylko w przypadku, gdy brak jest logiki w wiązaniu wniosków z zebranymi dowodami, lub gdy wnioskowanie sądu wykracza poza schematy logiki formalnej, albo wbrew zasadom doświadczenia życiowego, nie uwzględnia jednoznacznych praktycznych związków przyczynowo - skutkowych, to przeprowadzona przez Sąd ocena dowodów może być skutecznie podważona (tak m.in. Sąd Najwyższy w wyroku z dnia 27 września 2002 r., II CKN 817/00, LEX nr 56906).</xText>
          <xText>Niewątpliwie pozwany uzyskał od powoda zgodę na wejście na jego nieruchomość, ponadto prace wykonane przez jego pracowników zostały przeprowadzone w sposób prawidłowy. Odwierty wykonano standardowo i oczywistym jest, że każde wejście na nieruchomość- łąkę powoduje zgniecenie traw. Aktualnie żądanie powoda zapłaty kwoty 500 zł uznać należy za niezasadne. Rację należy przyznać Sądowi Rejonowemu, iż powód nie wykazał, jaką szkodę poniósł- jakie prace zostały wykonane ani czy musiały być wykonane celem likwidacji szkody. Jego twierdzenia o zgodzie na wykonanie jedynie jednego odwiertu należy uznać za nieudowodnione. Geodeci udali się bowiem na nieruchomość powoda w konkretnym celu- wykonania specjalistycznych pomiarów i swoją pracę wykonali zgodnie z obwiązującymi standardami.</xText>
          <xText>Skarżący zarzucał Sądowi, iż dał wiarę jedynie twierdzeniom strony pozwanej, natomiast nie podzielił w żadnym stopniu jego twierdzeń. Istotnie tak było, lecz swoje stanowisko Sąd uzasadnił, wskazał dlaczego uznał za wiarygodne twierdzenia świadków zawnioskowanych przez pozwanego. Wszystko w sposób dokładny omówił, logicznie uzasadnił swoje stanowisko, dlatego rozumowaniu Sądu nie sposób zarzucić sprzeczności.</xText>
          <xText>Powód wbrew swoim twierdzeniom nie wykazał, że poniósł szkodę i w jakiej wysokości. Jego twierdzenia w tym zakresie nie mogą stanowić podstawy rozstrzygnięcia, zwłaszcza, że zostały zakwestionowane przez stronę pozwaną. Powód wytaczając powództwo powinien udowodnić swoje twierdzenia przy pomocy takich środków dowodowych jak zeznania świadków, dowód z opinii biegłego. Natomiast w toku niniejszego postępowania powód nie wykazał szkody i jej wysokości. Wskazany przez niego świadek zeznawał jedynie, że powód wykonywał pewne prace. Jednak to samo przez się nie powoduje, iż żądana przez powoda kwota zostanie mu przez Sąd przyznana, bowiem jej wysokość powinna zostać ściśle udowodniona.</xText>
          <xText>Biorąc pod uwagę powyższe, w ocenie Sądu Okręgowego, nie ma podstaw do zmiany orzeczenia Sądu I instancji.</xText>
          <xText>Stąd też na mocy <xLexLink xArt="art. 385" xIsapId="WDU19640430296" xTitle="Ustawa z dnia 17 listopada 1964 r. - Kodeks postępowania cywilnego" xAddress="Dz. U. z 1964 r. Nr 43, poz. 296">art. 385 kpc</xLexLink>, apelacja powoda jako nieuzasadniona, podlegała oddaleniu.</xText>
        </xUnit>
      </xBlock>
    </xPart>
  </judgement>
<judgement id="151015000007503_XV_C_000934_2012_Uz_2013-05-29_001">
    <xPart xEditorFullName="Urszula Skórzewska" xYear="2012" xLang="PL" xPublisherFullName="Urszula Skórzewska" xFromPg="1" xEditor="uskorzewska" xVolType="15/101500/0007503/C" xPublisher="uskorzewska" xDocType="Uz" xVolNmbr="000934" xVersion="1.0" xToPage="9" xFlag="published">
      <xName>Wyrok+Uzasadnienie</xName>
      <xBlock>
        <xText>Sygn. akt XV C 934/12</xText>
        
        <xUnit xIsTitle="true" xBold="true" xType="part">
          <xName>WYROK</xName>
          <xTitle>W IMIENIU RZECZYPOSPOLITEJ POLSKIEJ</xTitle>
          <xText>Dnia 29 maja 2013 r.</xText>
          
          <xText>Sąd Okręgowy w Gdańsku w XV Wydziale Cywilnym</xText>
          <xText>w składzie następującym:</xText>
          
          <xText>Przewodniczący: SSO Weronika Klawonn</xText>
          
          <xText>Protokolant: st. sekr. sąd. Magdalena Florian</xText>
          
          <xText>po rozpoznaniu w dniu 17 maja 2013 r. w Gdańsku</xText>
          <xText>na rozprawie</xText>
          <xText>sprawy z powództwa Spółdzielni Mieszkaniowej<xAnon>(...)</xAnon> w <xAnon>G.</xAnon></xText>
          
          <xText>przeciwko<xAnon>(...)</xAnon>Spółce Akcyjnej</xText>
          
          <xText>o zapłatę</xText>
          
          <xText>I. oddala powództwo,</xText>
          <xText>II. zasądza od powoda Spółdzielni Mieszkaniowej<xAnon>(...)</xAnon> w <xAnon>G.</xAnon> na rzecz pozwanej <xAnon>(...)</xAnon>Spółki Akcyjnej kwotę 3600 zł. (trzy tysiące sześćset złotych) tytułem zwrotu kosztów zastępstwa procesowego.</xText>
        </xUnit>
        <xUnit xIsTitle="true" xBold="true" xType="part">
          <xName>UZASADNIENIE</xName>
          <xText>Stanowisko stron.</xText>
          
          <xText>1. Stanowisko strony powodowej</xText>
          
          <xText>1.1. Żądanie</xText>
          <xText>1.1.1. Powódka Spółdzielnia Mieszkaniowa<xAnon>(...)</xAnon> w <xAnon>G.</xAnon> pozwem skierowanym przeciwko<xAnon>(...)</xAnon>S.A. w <xAnon>G.</xAnon> domagała się zasądzenia kwoty 76.700 zł wraz z ustawowymi odsetkami od dnia wniesienia pozwu do dnia zapłaty oraz zasądzenia na rzecz powódki kosztów procesu według norm przepisanych.</xText>
          <xText>1.1.2. Wartość żądania pozwu obejmuje kwoty należącego wynagrodzenia za bezumowne korzystanie z nieruchomości okres od grudnia 2008 r. do października 2011 r. oraz okres od grudnia 2001 r. do grudnia 2003 tj. łącznie 59 miesięcy. Powódka szacuje, że należne jej wynagrodzenie za bezumowne korzystanie z działki nr <xAnon>(...)</xAnon>, w stosunku miesięcznym wynosi 1.300 zł co daje łączną sumę wynagrodzenia za ww. okresy czasu w wysokości 76.000 zł.</xText>
          <xText>1.1.3. W piśmie procesowym z dnia 15 sierpnia 2012r. (k. 150) powódka zmodyfikowała żądanie pozwu oświadczając, że domaga się zapłaty kwoty:</xText>
          <xText>- 38350 zł. tytułem wynagrodzenia za bezumowne korzystanie przez pozwaną z nieruchomości powódki w okresach od grudnia 2001 do grudnia 2003 r. oraz od grudnia 2008 r. do października 2008 r. na podstawie art. 224 w zw.z art. 225 zd. pierwsze i art. 352 k..c wraz ustawowymi odsetkami od dnia wniesienia pozwu do dnia zapłaty,</xText>
          <xText>- 38350 zł. tytułem odszkodowania za pogorszenie przedmiotowej nieruchomości na podstawie <xLexLink xArt="art. 225" xIsapId="WDU19640160093" xTitle="Ustawa z dnia 23 kwietnia 1964 r. - Kodeks cywilny" xAddress="Dz. U. z 1964 r. Nr 16, poz. 93">art. 225</xLexLink> zd. drugie w zw. z <xLexLink xArt="art. 352" xIsapId="WDU19640160093" xTitle="Ustawa z dnia 23 kwietnia 1964 r. - Kodeks cywilny" xAddress="Dz. U. z 1964 r. Nr 16, poz. 93">art. 352 k.c.</xLexLink> wraz z ustawowymi odsetkami od dnia wniesienia pozwu do dnia zapłaty.</xText>
          
          <xText>1.2. Podstawa faktyczna żądania</xText>
          <xText>1.2.1. Powódka jest użytkownikiem wieczystym działki ewidencyjnej o numerze <xAnon>(...)</xAnon>, zlokalizowanej pomiędzy ul. <xAnon>(...)</xAnon> a ul. <xAnon>(...)</xAnon> w <xAnon>G.</xAnon>, wchodzącej w skład nieruchomości gruntowej, dla której Sąd Rejonowy<xAnon>(...)</xAnon>w<xAnon>G.</xAnon><xAnon>(...)</xAnon> prowadzi księgę wieczystą o numerze <xAnon>(...)</xAnon>. Powyższa nieruchomość została oddana powódce w użytkowanie wieczyste przez Skarb Państwa na podstawie umowy z dnia 28 grudnia 1983 r. zawartej w formie aktu notarialnego sporządzonego w <xAnon>(...)</xAnon> w <xAnon>G.</xAnon>, przed notariuszem <xAnon>W. B.</xAnon>, Rep. <xAnon>(...)</xAnon></xText>
          <xText>1.2.2. W obowiązującym miejscowym planie zagospodarowania przestrzennego zatwierdzonego uchwałą Rady Miasta<xAnon>(...)</xAnon>nr <xAnon>(...)</xAnon>z dnia 30 czerwca 2005 r. teren wyżej opisanej działki przeznaczony jest pod zabudowę usługową. W strefie przeznaczonej pod zabudowę usługową, posadowiony jest słup energetyczny, przez który przebiega napowietrzna linia wysokiego napięcia o mocy <xAnon>(...)</xAnon>. Powyższe urządzenia przesyłowe należą do pozwanego i wchodzą w skład jego przedsiębiorstwa na zasadzie określonej w <xLexLink xArt="art. 49;art. 49 § 1" xIsapId="WDU19640160093" xTitle="Ustawa z dnia 23 kwietnia 1964 r. - Kodeks cywilny" xAddress="Dz. U. z 1964 r. Nr 16, poz. 93">art. 49 § 1 k.c.</xLexLink> Wyżej opisany słup energetyczny o numerze<xAnon>(...)</xAnon>stanowi wysoką, stalową konstrukcję kratową, wsporczą. Linia wysokiego napięcia przebiega wzdłuż północnej granicy działki, równolegle do ulicy <xAnon>(...)</xAnon> Lokalizacja tego obiektu na działce ogranicza w istotny sposób zagospodarowanie terenu zgodnie z przeznaczeniem określonym w planie miejscowym. Z samego faktu, że urządzenie przesyłowe znajdujące się na gruncie należącym do powódki, nie może ona w pełni korzystać z uprawnień przysługujących jej jako użytkownikowi wieczystemu. Z użytku polegającego np. na budowie obiektów handlu i usług lub oddanie terenu w dzierżawę, wyłączona jest część gruntu znajdująca się w obrębie oddziaływania linii wysokiego napięcia. Strefą ograniczenia objęte jest w rzeczywistości około 30% powierzchni całej działki.</xText>
          <xText>1.2.3. Powódka jest spółdzielnią inwestującą. Prowadzi szereg inwestycji mieszkaniowych na terenie własnych zasobów. Dzierżawi lub wynajmuje wybudowane obiekty w celu osiągnięcia pożytków dla swoich członków. Nadto powódka ponosi koszty opłaty rocznej z tytułu użytkowania wieczystego całej nieruchomości, mimo iż jej część nie nadaje się do wykorzystania zgodnie z celem określonym w umowie. Obecnie zaś stawka opłaty rocznej w przeliczeniu na 1 m2 wynosi 3,73 zł. Biorąc pod uwagę wielkość strefy ograniczeń w zagospodarowaniu przedmiotowej działki zaznaczoną na planie miejscowym, powódka oszacowała, że zajmuje ona powierzchnię 2.438 m2 a łączna powierzchnia działki wynosi 7.779 m2. Sama opłata roczna z tytułu użytkowania wieczystego tego niezagospodarowanego fragmentu wynosi 9.093,74 zł. rocznie.</xText>
          <xText>1.2.4. Pismem z dnia 26 kwietnia 2011 r. powódka w oparciu o <xLexLink xArt="art. 3051" xIsapId="WDU19640160093" xTitle="Ustawa z dnia 23 kwietnia 1964 r. - Kodeks cywilny" xAddress="Dz. U. z 1964 r. Nr 16, poz. 93">art. 3051 k.c.</xLexLink> zwróciła się do pozwanego o ustanowienie w drodze umowy odpłatnej służebności przesyłu celem uregulowania prawa pozwanego do nieruchomości, w zakresie wynikającym z faktycznego wykorzystania gospodarczego.</xText>
          <xText>1.2.5. W odpowiedzi pozwana odmówiła zadośćuczynienia żądaniu powódki, powołując się na zasiedzenie służebności przesyłu. Nie zgadzając się z tym stanowiskiem powódka zwróciła się z prośbą do zakładu <xAnon>(...)</xAnon> o udokumentowanie okoliczności prowadzących do takiego wniosku. Pozwana do dnia dzisiejszego nie odpowiedziała na powyższe pismo powódki.</xText>
          <xText>1.2.6. Powódka kwestionuje twierdzenie, że doszło do zasiedzenia służebności przesyłu. Nadto dotychczasowe korzystanie przez pozwaną z nieruchomości powódki, od chwili wybudowania urządzeń przesyłowych odbywało się w złej wierze.</xText>
          <xText>1.3. Pismem z 20 marca 2012 r. pełnomocnik powódki wskazał, że w okresie budowy spornych urządzeń oraz ich oddawania do eksploatacji obowiązywała <xLexLink xArt="" xIsapId="WDU19580170070" xTitle="Ustawa z dnia 12 marca 1958 r. o zasadach i trybie wywłaszczania nieruchomości" xAddress="Dz. U. z 1958 r. Nr 17, poz. 70">ustawa z dnia 12 marca 1958 r. o zasadach i trybie wywłaszczania nieruchomości</xLexLink>, która w przepisie <xLexLink xArt="art. 35" xIsapId="WDU19580170070" xTitle="Ustawa z dnia 12 marca 1958 r. o zasadach i trybie wywłaszczania nieruchomości" xAddress="Dz. U. z 1958 r. Nr 17, poz. 70">art. 35</xLexLink> wymagała zezwolenia prezydenta miasta na zakładanie i przeprowadzenie na nieruchomościach - zgodnie z zatwierdzoną lokalizacją szczegółową - przewodów służących do przesyłania elektryczności oraz naziemnych urządzeń technicznych niezbędnych do korzystania z tych przewodów i urządzeń, a nadto określała tryb wywłaszczenia i odszkodowania w razie, gdy założenie i przeprowadzenie przewodów i urządzeń powoduje, że nieruchomość nie nadaje się do dalszego racjonalnego jej użytkowania przez właściciela na cele dotychczasowe. Nadto pełnomocnik przywołał uzasadnienie wyroku Sądu Najwyższego z 6 maja 2009 r., II CSK 594/08.</xText>
          
          <xText>2. Stanowisko pozwanego</xText>
          
          <xText>2.1. Pozwany <xAnon>(...)</xAnon>S.A. w <xAnon>G.</xAnon> w odpowiedzi na pozew wniósł o oddalenie powództwa oraz zasądzenie od powoda kosztów postępowania w tym kosztów zastępstwa procesowego wg norm przepisanych.</xText>
          
          <xText>2.2. Uzasadnienie stanowiska</xText>
          <xText>2.2.1. Pozwany przyznał, że jest właścicielem infrastruktury energetycznej posadowionej na nieruchomości powoda, którą jest linia o nr <xAnon> (...)</xAnon>. W dniu 22 października 1965 r. Prezydium<xAnon>(...)</xAnon> Rady Narodowej w <xAnon>G.</xAnon> wydało zaświadczenie lokalizacji ogólnej inwestycji linii energetycznej<xAnon>(...)</xAnon>nr<xAnon>(...)</xAnon>. Linia ta budowana była i oddawana do użytku poszczególnymi odcinkami. W związku z tym w dniu 21 lipca 1969 r. dokonano odbioru technicznego przedmiotowej linii napowietrznej <xAnon>(...)</xAnon>trasy <xAnon>G.</xAnon><xAnon>(...)</xAnon> od słupa nr<xAnon>(...)</xAnon>przez <xAnon>G.</xAnon><xAnon>(...)</xAnon> do <xAnon>B.</xAnon> w <xAnon>L.</xAnon>. W dniu 25 czerwca 1975 r. dokonano odbioru budowalnych linii <xAnon>(...)</xAnon> na trasie <xAnon>G.</xAnon> I - <xAnon>L.</xAnon>. W dniu 30 września 1975 r. dokonano sprawdzenia stanu technicznego i gotowości do podjęcia eksploatacji linii<xAnon>(...)</xAnon>na trasie <xAnon>B.</xAnon> - <xAnon>G.</xAnon>. Nadto w protokole tym stwierdzono, iż linia nadaje się do załączenia pod napięcie. W ocenie pozwanego uznać należy, że cała linia <xAnon>(...)</xAnon>o nr <xAnon> (...)</xAnon> w w/w dacie została w całości załączona.</xText>
          <xText>2.2.2. Infrastruktura została posadowiona w dobrej wierze, na podstawie prawomocnej decyzji o lokalizacji inwestycji i w oparciu o przepisy <xLexLink xArt="" xIsapId="WDU19500280256" xTitle="Ustawa z dnia 28 czerwca 1950 r. o powszechnej elektryfikacji wsi i osiedli" xAddress="Dz. U. z 1950 r. Nr 28, poz. 256">ustawy z dnia 28 czerwca 1950 r. o powszechnej elektryfikacji wsi i osiedli</xLexLink>. Poprzednik prawny pozwanego, mający we władaniu urządzenia służące do wykonywania służebności gruntowej, odpowiadającej obecnej służebności przesyłu, weszło w dobrej wierze w posiadanie odpowiadające treści służebności. Dobra wiara posiadacza wynika z przekonania o służącym mu prawie do postawienia słupów i rozpięcia na nich linii elektroenergetycznej, a następnie korzystania z dostępu do niej.</xText>
          <xText>2.2.3. Pozwany zakwestionował roszczenie także co do wysokości. . Pozwany przesyła energię elektryczną przez wskazaną infrastrukturę i korzysta z przechodu do linii w miarę potrzeb wynikających z prawidłowej eksploatacji, przeglądów, konserwacji, modernizacji, awarii. Właściciel nie jest pozbawiony w zupełności faktycznego władztwa nad nieruchomością obciążoną, lecz ma jedynie ograniczony zakres korzystania z niej, a to nie może pozostawać bez wpływu na wysokość wynagrodzenia.</xText>
          <xText>2.2.4. Pozwany podniósł także zarzut przedawnienia roszczeń za okres grudzień 2001 - 2003 r. Zdaniem pozwanego spółdzielnia mieszkaniowa jest podmiotem gospodarczym i w zakresie prowadzonej przez siebie działalności ukierunkowanej na szeroko pojęte zaspokojenie potrzeb mieszkaniowych swoich członków musi być traktowana tak samo, jak inni przedsiębiorcy. Brak jest podstaw do przyjmowania, by spółdzielnie mieszkaniowe nie zaliczały się do profesjonalnych uczestników obrotu.</xText>
          <xText>2.2.5. W piśmie procesowym z 19 kwietnia 2012 r. pozwany podtrzymał, iż przedmiotowa linia <xAnon>(...)</xAnon> została wybudowana zgodnie z prawem, w oparciu o uprawnienia Zakładu energetycznego oparte o <xLexLink xArt="" xIsapId="WDU19500280256" xTitle="Ustawa z dnia 28 czerwca 1950 r. o powszechnej elektryfikacji wsi i osiedli" xAddress="Dz. U. z 1950 r. Nr 28, poz. 256">ustawę o powszechnej elektryfikacji wsi i osiedli</xLexLink>.</xText>
          <xText>2.2.6. W ocenie pozwanego działanie w oparciu o ustawę było wystarczającą podstawą do prowadzenia stosowanej inwestycji, co wprost potwierdził Sąd Najwyższy w orzeczeniu z dnia 23 września 2011 r., sygn. III CSK 319/09</xText>
          <xText>2.2.7. Powódka nie może domagać się przedłożenia decyzji wydanej na podstawie art. 35 ustawy o zasadach i trybie wywłaszczenia nieruchomości - bowiem nieruchomość, na której posadowiono przedmiotową infrastrukturę nie była nieruchomością prywatną. Tymczasem decyzja o wywłaszczeniu nieruchomości dotyczy tylko sytuacji, w której nieruchomość stanowi własność prywatną, a nadto w sytuacji, w której właściciel nie wyraża zgody na przeprowadzenie przedmiotowej inwestycji.</xText>
          <xText>2.2.8. Pozwany przywołał wyrok Sądu Najwyższego z 24.05.2005, V CK 48/05, w którym Sąd stwierdził, że właściciel nie jest uprawniony do żądania wynagrodzenia za bezumowne korzystanie z rzeczy czy nieruchomości, w przypadku, gdy korzystający używa ich w dobrej wierze. Nadto pozwany wskazał na wyrok Sądu najwyższego z 23 września 2011 r. sygn. III CSK 319/09 w którym mowa, iż posiadanie przez przedsiębiorstwo energetyczne, może być uznane za posiadanie w dobrej wierze z chwilą objęcia nieruchomości w posiadanie, na podstawie przepisów <xLexLink xArt="" xIsapId="WDU19500280256" xTitle="Ustawa z dnia 28 czerwca 1950 r. o powszechnej elektryfikacji wsi i osiedli" xAddress="Dz. U. z 1950 r. Nr 28, poz. 256">ustawy o powszechnej elektryfikacji wsi i osiedli</xLexLink>.</xText>
          <xText>2.2.9. Pozwany wskazał, że brak jest podstaw do zastosowania m.in. <xLexLink xArt="art. 224;art. 225" xIsapId="WDU19640160093" xTitle="Ustawa z dnia 23 kwietnia 1964 r. - Kodeks cywilny" xAddress="Dz. U. z 1964 r. Nr 16, poz. 93">art. 224 i 225 k.c.</xLexLink> w sytuacji, gdy nie są spełnione przesłanki roszczenia windykacyjnego. Nie znajdują zaś zastosowania w przypadku naruszenia prawa własności uzasadniającego sięganie do roszczenia negatoryjnego. W ocenie pozwanego nie są spełnione przesłanki roszczenia windykacyjnego - pozwany nie włada nieruchomością powoda jak właściciel - gdyż jego korzystanie odpowiada jedynie treści służebności.</xText>
          <xText>2.2.10. Z uwagi na fakt., iż posadowienie infrastruktury odbyło się w dobrej wierze - bowiem posadowił ją Skarb Państwa w imieniu i na rzecz którego działał Zakład <xAnon>(...)</xAnon>na należącym do niego w okresie posadowienia gruncie - i trwała ona od chwili posadowienia poszczególnych odcinków nieprzerwanie do czasu zgłoszenia pierwszego roszczenia negatoryjnego zawartego w pozwie, to skuteczne jest twierdzenie, iż w przedmiotowej sprawie doszło do zasiedzenia.</xText>
          <xText>2.2.11. Pozwany podniósł zarzut nabycia w drodze zasiedzenia z dniem 29 grudnia 2003 r. polegającej na prawie do korzystania z nieruchomości określonej w pozwie, w tym do posadowienia urządzeń przesyłowych, ich eksploatacji i konserwacji, a także możliwości dostępu do tychże urządzeń w zakresie wynikającym z prawidłowej ich eksploatacji oraz konieczności usuwania awarii.</xText>
          <xText>2.2.12. Na poczet niniejszego postępowania pozwany uznaje, iż co najmniej od 29 grudnia 1982 r. korzysta z nieruchomości będącej w użytkowaniu wieczystym powoda przy pomocy trwałych i widocznych urządzeń znajdujących się na przedmiotowym gruncie, w tym także z dostępu do w/w urządzeń energetycznych.</xText>
          <xText>2.2.13. Skoro Spółdzielnia Mieszkaniowa jako odrębna osoba prawna do chwili wytoczenia pozwu nie zgłosiła żądania zapłaty jakiegokolwiek wynagrodzenia z tytułu posadowienia na jej gruncie infrastruktury energetycznej, to znaczy, że nie kwestionowała jej istnienia. Przez 20 lat od nabycia gruntu, na którym posadowione były urządzenia podmiot ten nie zgłaszał żadnych roszczeń względem położonej tam infrastruktury - zatem dobra wiara nie została w żaden sposób przerwana.</xText>
          <xText>2.2.14. Do czasu wytoczenia powództwa lub ewentualnie pisma z 26 kwietnia 2011 r. Spółdzielnia Mieszkaniowa poprzednikowi prawnemu jak i pozwanemu nie dała w żaden sposób znać, iż nie godzi się z istniejącym stanem rzeczy i kwestionuje dobrą wiarę. W ocenie pozwanego spełnił trzy niezbędne przesłanki by nabyć służebność, tj. istnienie trwałego i widocznego urządzenia, nieprzerwanego posiadania służebności oraz upływu czasu.</xText>
          <xText>2.2.15. Pozwany wskazał również następstwa prawne, jakie nastąpiły między pozwanym a Skarbem Państwa Zakładem<xAnon>(...)</xAnon>w <xAnon>G.</xAnon>, a także Zakładem<xAnon>(...)</xAnon>przedsiębiorstwem państwowym. Załączył w tym celu do pisma procesowego m.in. okólnik nr<xAnon>(...)</xAnon> z 30.01.1951 r., zarządzenie z 25.11.1958 jak również akt notarialny rep. A nr<xAnon>(...)</xAnon></xText>
          
          <xText>3. Podstawa faktyczna wyroku</xText>
          <xText>3.1. W dniu 22 października 1965 r. Prezydium <xAnon>(...)</xAnon> Rady Narodowej w <xAnon>G.</xAnon> wydało zaświadczenie o lokalizacji ogólnej inwestycji linii energetycznej <xAnon>(...)</xAnon><xAnon>(...)</xAnon>. Linia ta była budowana i oddawana do użytku poszczególnymi odcinkami. Budowa linii została zakończona w 1975 r. i oddana do eksploatacji. Linia Energetyczna oraz urządzenia przesyłowe wchodziły w skald przedsiębiorstwa państwowego <xAnon>(...)</xAnon>. Jednostką organizacyjną tego przedsiębiorstwa był m.in. <xAnon> Zakład (...)</xAnon>.</xText>
          <xText>(Dowód: Zaświadczenie o lokalizacji ogólnej nr <xAnon>(...)</xAnon>k. 68, protokół nr <xAnon>(...)</xAnon>k. 69, Protokół z odbioru pogwarancyjnego robót budowlanych z 25 czerwca 197 r. k. 72, Protokół ze sprawdzenia stanu technicznego z dnia 30 września 1975 r. k. 73)</xText>
          <xText>3.2. Na działce o aktualnym numerze <xAnon>(...)</xAnon>zlokalizowanej pomiędzy u. <xAnon> (...)</xAnon> a ul. <xAnon>(...)</xAnon> wchodzącej w skład nieruchomości objętej obecnie księgą wieczystą Kw Nr<xAnon>(...)</xAnon> w ramach w/w inwestycji posadowiony został słup energetyczny o nr <xAnon> (...)</xAnon> przez który przebiega linia napowietrzna napięcia<xAnon>(...)</xAnon>. W okresie inwestycji nieruchomość stanowiła własność Skarbu Państwa.</xText>
          <xText>(dokumentacja fotograficzna k. 38 i nast.)</xText>
          <xText>3.3. W dniu 28 grudnia 1983 r. Spółdzielnia Mieszkaniowa<xAnon>(...)</xAnon>zawarła ze Skarbem Państwa umowę oddania terenu w użytkowanie wieczyste. Na podstawie tej umowy Skarb Państwa oddał w użytkowanie wieczyste Spółdzielni Mieszkaniowej <xAnon>(...)</xAnon> nieruchomość w skład której chodziła działka nr<xAnon>(...)</xAnon> o powierzchni 25.20.98 ha. Działka ta obejmowała działkę o obecnym numerze<xAnon>(...)</xAnon>, na której był posadowiony słup energetyczny. Na gruncie oddanym w użytkowanie wieczyste miało zostać wzniesione osiedle<xAnon>(...)</xAnon>jednostka <xAnon>(...)</xAnon>.</xText>
          <xText>(okoliczność bezsporna, vide umowa k. 11, odpis z księgi wieczystej k. 14 i nast., wypis z rejestru gruntów k. 36 )</xText>
          <xText>3.4. Na mocy Zarządzenia Nr<xAnon>(...)</xAnon>Ministra przemysłu z dnia 16 stycznia 1989 r. zakład <xAnon>(...)</xAnon>wchodzący w skład przedsiębiorstwa państwowego<xAnon>(...)</xAnon>został przekształcony w przedsiębiorstwo państwowe pod nazwą Zakład <xAnon>(...)</xAnon></xText>
          <xText>3.5. Wojewoda <xAnon> (...)</xAnon> decyzja z dnia 29 czerwca 1993 r. stwierdził nabycie z mocy prawa z dnia 5 grudnia 1990 r. przez Zakład <xAnon>(...)</xAnon>
  ul.<xAnon>(...)</xAnon>prawa użytkowania wieczystego gruntów stanowiących własność Skarbu Państwa, położonych w <xAnon>G.</xAnon> przy ul. <xAnon>(...)</xAnon> oraz własność mi.in budynku rozdzielni tj. <xAnon>(...)</xAnon>z którym połączona była i pozostaje w dalszym ciągu linia elektroenergetyczna przechodząca przez grunty pozostające w użytkowaniu wieczystym powoda.</xText>
          <xText>3.6. Aktem notarialnym z dnia 12 lipca 1993 r. sporządzonym przez notariusza <xAnon>T. J.</xAnon> w <xAnon>W.</xAnon><xAnon>(...)</xAnon> przedsiębiorstwo państwowe Zakład <xAnon>(...)</xAnon>zostało przekształcone w jednoosobową spółkę akcyjna Skarbu Państwa pod firmą Zakład<xAnon>(...)</xAnon>SA z siedzibą w <xAnon>G.</xAnon>.</xText>
          <xText>3.7. Aktem notarialnym <xAnon>P. B.</xAnon> notariusza w <xAnon>W.</xAnon> z dnia 17 października 1996 r. Re. A (<xAnon> (...)</xAnon>) zmieniono nazwę spółki na<xAnon>(...)</xAnon>SA. Potem następowały kolejne zmiany nazw. W chwili obecnej Spółka działa pod firmą<xAnon>(...)</xAnon>SA.</xText>
          <xText>3.8. W obowiązującym na mocy uchwały z dnia 30 czerwca 2005 r. teren działki <xAnon>(...)</xAnon>przeznaczony jest pod zabudowę usługową. Posadowienie urządzenia przesyłowego uniemożliwia posadowienie na części działki obiektów handlu i usług, jak również oddanie tego terenu w dzierżawę. Pomimo ograniczeń w korzystaniu z nieruchomości powódka uiszcza opłatę za użytkowanie wieczyste naliczaną od całego obszaru.</xText>
          <xText>(Okoliczność bezsporna, vide: uchwała Rady Miasta <xAnon> (...)</xAnon> z 30 czerwca 2005 r. k. 26 i nast., dokumentacja fotograficzna k. 38 i nast.</xText>
          <xText>3.9. Pismem z dnia 26 kwietnia 2011 r. powodowa Spółdzielnia Mieszkaniowa <xAnon>(...)</xAnon> zwróciła się do pozwanej o ustanowienie w drodze umowy odpłatnej służebności przesyłu. Pozwana odmówiła uczernieniu zadość żądaniu powódki.</xText>
          <xText>(Dowód: pismo k. 47, pismo z dnia 30 maja 2011 k. 51)</xText>
          
          <xText>4. Ocena dowodów</xText>
          <xText>4.1. Okoliczności istotne dla rozstrzygnięcia sprawy były zasadniczo pomiędzy stronami bezsporne. Kwestia posadowienia urządzeń energetycznych, nabycia przez powodową Spółdzielnię prawa użytkowania wieczystego oraz przekształceń organizacyjno-prawnych pozwanego wynikała z przedłożonych przez strony dokumentów. Ich prawdziwość nie była kwestionowana.</xText>
          <xText>4.2. Sąd oddalił wniosek strony powodowej o dopuszczenie dowodu z opinii biegłego do spraw czynszów. Kwestia weryfikacji wysokości żądania wobec negatywnej jego oceny co do zasady okazała się dla rozstrzygnięcia nieistotna.</xText>
          
          <xText>5. Podstawa prawna żądania:</xText>
          <xText>5.1. Powód zgłoszone żądanie zapłaty opiera na regulacji tzw. roszczeń uzupełniających wynikających z <xLexLink xArt="art. 224;art. 225;art. 230" xIsapId="WDU19640160093" xTitle="Ustawa z dnia 23 kwietnia 1964 r. - Kodeks cywilny" xAddress="Dz. U. z 1964 r. Nr 16, poz. 93">art. 224, 225 230 k.c.</xLexLink></xText>
          <xText>Zgodnie z <xLexLink xArt="art. 225" xIsapId="WDU19640160093" xTitle="Ustawa z dnia 23 kwietnia 1964 r. - Kodeks cywilny" xAddress="Dz. U. z 1964 r. Nr 16, poz. 93">art. 225</xLexLink> znajdującym swe zastosowanie z mocy <xLexLink xArt="art. 230" xIsapId="WDU19640160093" xTitle="Ustawa z dnia 23 kwietnia 1964 r. - Kodeks cywilny" xAddress="Dz. U. z 1964 r. Nr 16, poz. 93">art. 230 k.c.</xLexLink> także do obowiązków posiadacza zależnego obowiązki samoistnego posiada w złej wierze są takie same jak obowiązki samoistnego posiadacza w dobrej wierze od chwili, w której ten dowiedział się o wytoczeniu przeciwko niemu powództwa o wydanie rzeczy. Jednakże samoistny posiadacz w zlej wierze obowiązany jest nadto zwrócić wartość pożytków, których z powodu złej gospodarki nie uzyskał, oraz jest odpowiedzialny za pogorszenie i utratę rzeczy, chyba że rzecz uległaby pogorszeniu lub utracie także wtedy, gdyby znajdowała się w posiadaniu uprawnionego.</xText>
          <xText>Z kolei obowiązki posiadacza rzeczy dobrej wierze, który dowiedział się o wytoczeniu przeciwko niemu powództwa o wdanie rzeczy określa <xLexLink xArt="art. 224;art. 224 § 2" xIsapId="WDU19640160093" xTitle="Ustawa z dnia 23 kwietnia 1964 r. - Kodeks cywilny" xAddress="Dz. U. z 1964 r. Nr 16, poz. 93">art. 224 § 2 k.c.</xLexLink> Taki posiadacz jest obowiązany do wynagrodzenia za korzystanie z rzeczy i jest odpowiedzialny za jej pogorszenie zużycie lub utratę, chyba że pogorszenie lub utrata nastąpiła bez jego winy. Obowiązany jest zwrócić poprane od powyższej chwili pożytki, których nie zużył, jak róeniż uiścić wartość tych, które zużył.</xText>
          <xText>Oznacza to, że roszczenie właściciela (użytkownika wieczystego) przeciwko posiadaczowi rzeczy zapłatę wynagrodzenia za korzystanie z rzeczy jest uzależniona od następujących przesłanek:</xText>
          <xText>- istnienie po stronie wierzyciela przymiotu właściciela (użytkownika wieczystego-</xText>
          <xText>- posiadanie samoistne lub zależne rzeczy przez dłużnika</xText>
          <xText>- brak zgodności z prawem posiadania dłużnika</xText>
          <xText>- zła wiara posiadacza</xText>
          
          <xText>Przesłanką roszczenia o wynagrodzenie za bezumowne korzystanie z rzeczy nie jest w żadnym razie wystąpienie po stronie wierzyciela szkody.</xText>
          
          <xText>Natomiast roszczenia odszkodowawczego za pogorszenie lub utratę rzeczy wymaga nadto wystąpienia szkody w postaci uszczerbku majątkowego wynikającego z pogorszenia lub utraty rzeczy. Przy czym odpowiedzialność odszkodowawcza posiadacza powstaje niezależnie od jego winy.</xText>
          
          <xText>Tak określone przesłanki roszczenia staną się przedmiotem dalszych rozważań Sądu.</xText>
          
          <xText>5.2. Bezspornym pomiędzy stronami było to, ze powód w okresie objętym żądaniem pozwu był użytkownikiem wieczystych nieruchomości na której posadowione są urządzenia przesyłowe. Użytkowanie wieczyste jako <xLexLink xArt="" xIsapId="WDU19460570319" xTitle="Dekret z dnia 11 października 1946 r. - Prawo rzeczowe" xAddress="Dz. U. z 1946 r. Nr 57, poz. 319">prawo rzeczowe</xLexLink> podlega w stosunku do osób trzecich takiej samej ochronie jak prawo własności. Nie ulega zatem wątpliwości, że również użytkownikowi wieczystemu przysługują roszczenia uzupełniające tj. o wynagrodzenie za bezumowne korzystanie z rzeczy a także odszkodowanie za pogorszenie lub utratę rzeczy.</xText>
          <xText>5.3. W ocenie Sądu pozwanej (względnie jej poprzednikom prawnym) w okresie objętym żądaniem pozwu przysługiwał przymiot posiadacza zależnego nieruchomości gruntowej stanowiącej przedmiot użytkowania wieczystego powoda.</xText>
          <xText>Zgodnie z <xLexLink xArt="art. 336" xIsapId="WDU19640160093" xTitle="Ustawa z dnia 23 kwietnia 1964 r. - Kodeks cywilny" xAddress="Dz. U. z 1964 r. Nr 16, poz. 93">art. 336 k.c.</xLexLink> posiadaczem rzeczy jest zarówno ten, kto nia faktycznie włada (posiadacz samoistny), jak i ten kto nia faktycznie włada jak użytkownik, zastawnik, najemca, dzierżawca lub mający inne prawo, k z którym ustawa łączy określone władztwo nad cudzą rzeczą.</xText>
          
          <xText>Pozwany w okresie objętym żądaniem pozwu był posiadaczem cudzej nieruchomości. Zakres tego posiadania odpowiada służebności przesyłu wprowadzonej z dniem 3 sierpnia 2008 r. Zgodnie z <xLexLink xArt="art. 305;art. 1" xIsapId="WDU19640160093" xTitle="Ustawa z dnia 23 kwietnia 1964 r. - Kodeks cywilny" xAddress="Dz. U. z 1964 r. Nr 16, poz. 93">art. 305 1</xLexLink> służebność przesyłu polega nowiem na obciążeniu nieruchomości na rzecz przedsiębiorcy, który zamierza wybudować lub którego własność stanowią uprzędzenia, o których mowa w <xLexLink xArt="art. 49;art. 49 § 1" xIsapId="WDU19640160093" xTitle="Ustawa z dnia 23 kwietnia 1964 r. - Kodeks cywilny" xAddress="Dz. U. z 1964 r. Nr 16, poz. 93">art. 49 § 1 k.c.</xLexLink> . prawem do korzystania z nieruchomości w oznaczonym zakresie zgodnie z przeznaczeniem tych urządzeń.</xText>
          <xText>Posiadanie pozwanego miało więc charakter posiadania zależnego w odniesieniu do cudzej nieruchomości.</xText>
          
          <xText>5.4. Istota sporu sprawdzała się zasadniczo do tego, czy posiadanie pozwanego w zakresie odpowiadającym treści służebności (posiadanie służebności <xLexLink xArt="art. 352" xIsapId="WDU19640160093" xTitle="Ustawa z dnia 23 kwietnia 1964 r. - Kodeks cywilny" xAddress="Dz. U. z 1964 r. Nr 16, poz. 93">art. 352 k.c.</xLexLink>) było zgodne z prawem. Posiadanie zgodne z prawem wyklucza bowiem roszczenia uzupełniające.</xText>
          <xText>Z posiadaniem zgodnym prawem mamy do czynienia wówczas, gdy posiadanie jest zgodne z treścią przysługującego posiadaczowi uprawnienia. Uprawnienie do posiadania rzeczy - w tym także rzeczy cudzej - może wynikać ze stosunków obligacyjnych (np. najem, dzierżawa) lub z <xLexLink xArt="" xIsapId="WDU19460570319" xTitle="Dekret z dnia 11 października 1946 r. - Prawo rzeczowe" xAddress="Dz. U. z 1946 r. Nr 57, poz. 319">prawa rzeczowego</xLexLink> (własność, ograniczone <xLexLink xArt="" xIsapId="WDU19460570319" xTitle="Dekret z dnia 11 października 1946 r. - Prawo rzeczowe" xAddress="Dz. U. z 1946 r. Nr 57, poz. 319">prawa rzeczowe</xLexLink>).</xText>
          <xText>W niniejszej sprawie bezspornym pomiędzy stronami było to, że pozwanego (lub jego poprzedników prawnych) nie łączył z powodem żaden stosunek obligacyjny, z którego mogłoby wynikać uprawnienie pozwanego do korzystania z nieruchomości. W szczególności takich uprawnień nie dawały wydane w związku z posadowieniem linii decyzje, czy zaświadczenia.</xText>
          <xText>5.5. Pozwany powoływał się na to, że w okresie objętym zadaniem pozwu był już uprawniony do korzystania z nieruchomości powoda wobec nabycia służebności przesyłu w drodze zasiedzenia.</xText>
          <xText>Dla rozstrzygnięcia w niniejszej sprawie niezbędne jest zatem ustalenie, czy i w jakiej dacie doszło do nabycia przez pozwanego służebności przesyłu w drodze zasiedzenia.</xText>
          <xText>5.6. Kwestia dopuszczalności weryfikacji nabycia prawa w drodze zasiedzenia w postępowaniu innym niż postępowanie o stwierdzenie zasiedzenia została jednoznacznie pozytywnie przesądzona w orzecznictwie i nie stanowiła osi sporu stron w niniejszej sprawie.</xText>
          <xText>5.7. Jedną natomiast z kluczowych kwestii było to, czy dopuszczalne był nabycie przez przedsiębiorstwo służebności przesyłu przed uregulowaniem tej służebności jako ograniczonego <xLexLink xArt="" xIsapId="WDU19460570319" xTitle="Dekret z dnia 11 października 1946 r. - Prawo rzeczowe" xAddress="Dz. U. z 1946 r. Nr 57, poz. 319">prawa rzeczowego</xLexLink> w <xLexLink xArt="art. 305" xIsapId="WDU19460570319" xTitle="Dekret z dnia 11 października 1946 r. - Prawo rzeczowe" xAddress="Dz. U. z 1946 r. Nr 57, poz. 319">art. 305</xLexLink> [1] - 305 [4] k,.c. - tj. przed dniem 3 sierpnia 2008 r. Kwestia ta była przedmiotem rozbieżnego orzecznictwa sądów powszechnych oraz poszczególnych składów SN oraz przedstawicieli doktryny. W uchwale z dnia 22 maja 2013 r. wydanej w sprawie III CZP 18/13 Sąd Najwyższy wyprowadził następujące wnioski:</xText>
          <xText>1. Przed wejściem w życie <xLexLink xArt="art. 305" xIsapId="WDU19640160093" xTitle="Ustawa z dnia 23 kwietnia 1964 r. - Kodeks cywilny" xAddress="Dz. U. z 1964 r. Nr 16, poz. 93">art. 305</xLexLink>[1] - 305[4] <xLexLink xArt="" xIsapId="WDU19640160093" xTitle="Ustawa z dnia 23 kwietnia 1964 r. - Kodeks cywilny" xAddress="Dz. U. z 1964 r. Nr 16, poz. 93">k.c.</xLexLink> było dopuszczalne nabycie w drodze zasiedzenia na rzecz przedsiębiorcy służebności odpowiadającej treścią służebności przesyłu.</xText>
          <xText>2. Okres występowania na nieruchomości stanu faktycznego odpowiadającego treści służebności przesyłu przed wejściem w życie <xLexLink xArt="art. 305" xIsapId="WDU19640160093" xTitle="Ustawa z dnia 23 kwietnia 1964 r. - Kodeks cywilny" xAddress="Dz. U. z 1964 r. Nr 16, poz. 93">art. 305</xLexLink>[1] - 305[4] <xLexLink xArt="" xIsapId="WDU19640160093" xTitle="Ustawa z dnia 23 kwietnia 1964 r. - Kodeks cywilny" xAddress="Dz. U. z 1964 r. Nr 16, poz. 93">k.c.</xLexLink> podlega doliczeniu do czasu posiadania wymaganego do zasiedzenia tej służebności.</xText>
          
          <xText>Są obie te tezy w pełni podziela.</xText>
          <xText>5.8. Zgodnie z <xLexLink xArt="art. 292" xIsapId="WDU19640160093" xTitle="Ustawa z dnia 23 kwietnia 1964 r. - Kodeks cywilny" xAddress="Dz. U. z 1964 r. Nr 16, poz. 93">art. 292 k.c.</xLexLink> służebność gruntowa może być nabyta przez zasiedzenie tylko w wypadku, gdy polega na korzystaniu z trwałego i widocznego urządzenia. Przepisy o nabyciu własności nieruchomości przez zasiedzenia stosuje się odpowiednio,</xText>
          
          <xText>Natomiast zgodnie z <xLexLink xArt="art. 172" xIsapId="WDU19640160093" xTitle="Ustawa z dnia 23 kwietnia 1964 r. - Kodeks cywilny" xAddress="Dz. U. z 1964 r. Nr 16, poz. 93">art. 172 k.c.</xLexLink> Posiadacz nieruchomości nie będący jej właścicielem nabywa własność, jeżeli posiada nieruchomość nieprzerwanie od lat dwudziestu jako posiadacz samoistny, chyba że uzyskał posiadanie w złej wierze (zasiedzenie).Po upływie lat trzydziestu posiadacz nieruchomości nabywa jej własność, choćby uzyskał posiadanie w złej wierze.</xText>
          
          <xText>Aktualne brzmienie powołanego przepisu zostało ustalone ustawą z 28 lipca 1990 r. (Dz.U.1990.55.321) zmieniającą <xLexLink xArt="" xIsapId="WDU19640160093" xTitle="Ustawa z dnia 23 kwietnia 1964 r. - Kodeks cywilny" xAddress="Dz. U. z 1964 r. Nr 16, poz. 93">ustawę Kodeks cywilny</xLexLink> z dniem 1 października 1990 r.</xText>
          
          <xText>Poprzednio <xLexLink xArt="" xIsapId="WDU19640160093" xTitle="Ustawa z dnia 23 kwietnia 1964 r. - Kodeks cywilny" xAddress="Dz. U. z 1964 r. Nr 16, poz. 93">Kodeks cywilny</xLexLink> . przewidywał odpowiednio dziesięcio i dwudziestoletnie terminy zasiedzenia.</xText>
          <xText>Przesłankami nabycia służebności przez zasiedzenie są zatem następujące:</xText>
          <xText>- posiadanie służebności (<xLexLink xArt="art. 352" xIsapId="WDU19640160093" xTitle="Ustawa z dnia 23 kwietnia 1964 r. - Kodeks cywilny" xAddress="Dz. U. z 1964 r. Nr 16, poz. 93">art. 352 k.c.</xLexLink>)</xText>
          <xText>- wykonywanie służebności polegające na korzystaniu z trwałego i widocznego urządzenia,</xText>
          <xText>- upływ czasu, którego długość uzależniona jest od dobrej lub złej wiary posiadacza w momencie objęcia służebności w posiadanie.</xText>
          
          <xText>5.9. Posiadanie przez poprzedników prawnych pozwanego nieruchomości pozostającej w użytkowaniu wieczystym powoda w zakresie odpowiadającym treści służebności przesyłu nie było przedmiotem kontrowersji stron. Pozwana i jej poprzednicy prawni korzystając z posadowionych na gruncie urządzeń przesyłowych posiadali niewątpliwie nieruchomość w zakresie odpowiadającym treści służebności przesyłu.</xText>
          <xText>5.10. Zasiedzenie polega na pierwotnym nabyciu przez osobę nieuprawnioną prawa podmiotowego - tu w postaci służebności przesyłu. Oznacza to, ze bieg zasiedzenia nie może rozpocząć się wówczas, gdy danemu podmiotowi w istocie przysługuje prawo do rzeczy. Dlatego tez bieg zasiedzenia służebności może rozpocząć się od daty oddania gruntu w użytkowanie wieczyste powodowej Spółdzielni tj. od 28 grudnia 1983 r.</xText>
          <xText>5.11. W ocenie Sądu poprzednik prawny pozwanej w momencie rozpoczęcia biegu zasiedzenie był posiadaczem w dobrej wierze. Warto podkreślić, że posadowienie urządzeń przesyłowych miało miejsce w czasie, gdy właścicielem nieruchomości był Skarb Państwa. Ustanowienie użytkowania wieczystego na rzecz powódki nastąpiło wtedy, gdy już owe urządzenia przesyłowe istniały. Strona powodowa, mając świadomość korzystania z nich przez pozwanego nie zgłaszała żadnych roszczeń. Pozwany mógł zatem pozostawać usprawiedliwionym przekonaniu, ze korzysta z nieruchomości w zakresie odpowiadającym służebności za zgodą powoda. Nie miały miejsce żadne zachowania powoda, które owa dobra wiarą mogłyby zachwiać.</xText>
          <xText>5.12. Objęcie posiadania służebności w dobrej wierze oznacza, że dla nabycia jej w drodze zasiedzenia konieczny jest upływ dziesięcioletniego terminu. Zgodnie z art. 176 jeżeli podczas biegu zasiedzenia nastąpiło przeniesienie posiadania , obecny posiadacz może doliczyć do czasu, przez który sam posiada czas posiadania swego poprzednika. W okresie, w którym rozpoczął się bieg zasiedzenia tj. 29 grudnia 1983 r. urządzenia przesyłowe jako składniki przedsiębiorstwa pozostawały w zarządzie Przedsiębiorstwa Państwowego <xAnon>(...)</xAnon>. Obowiązywała wówczas wyrażona w <xLexLink xArt="art. 128;art. 128 § 1" xIsapId="WDU19640160093" xTitle="Ustawa z dnia 23 kwietnia 1964 r. - Kodeks cywilny" xAddress="Dz. U. z 1964 r. Nr 16, poz. 93">art. 128 § 1 k.c</xLexLink> zasada jednolitej własności państwowej. Sąd stoi na stanowisku, że jest dopuszczalne doliczanie posiadania przez przedsiębiorstwo państwowe nieruchomości w zakresie odpowiadającym w okresie sprzed nowelizacji <xLexLink xArt="" xIsapId="WDU19640160093" xTitle="Ustawa z dnia 23 kwietnia 1964 r. - Kodeks cywilny" xAddress="Dz. U. z 1964 r. Nr 16, poz. 93">Kodeksu cywilnego</xLexLink> (ustawa z dnia 31 stycznia 1989 r. (Dz.U. Nr 3, poz. 1 ) znoszącej zasadę jednolitej własności państwowej,</xText>
          <xText>5.13. Zgodnie z art. 9 ustawy z 28 lipca 1990 r. (Dz.U.1990.55.321) zmieniającej <xLexLink xArt="" xIsapId="WDU19640160093" xTitle="Ustawa z dnia 23 kwietnia 1964 r. - Kodeks cywilny" xAddress="Dz. U. z 1964 r. Nr 16, poz. 93">ustawę Kodeks cywilny</xLexLink> z dniem 1 października 1990 r. do zasiedzenia, którego bieg rozpoczął się przed dniem wejścia w życie niniejszej ustawy, stosuje się od tej chwili przepisy niniejszej ustawy; dotyczy to w szczególności możliwości nabycia prawa przez zasiedzenie.</xText>
          <xText>5.14. A zatem okres zasiedzenia, który rozpoczął bieg od dnia 28 grudnia 1983 r. (tj. data nabycia użytkowania wieczystego przez powoda) upłynął z dniem 28 grudnia 2003 r. Od dnia 29 grudnia 2003 r. pozwany posiada nieruchomość w zakresie odpowiadającym treści służebności zgodnie z prawem.</xText>
          <xText>5.15. W okresie objętym żądaniem pozwu tj. od grudnia 2008 do października 2011 r. pozwany posiadał w sposób zależny nieruchomość pozostającą w użytkowaniu wieczystym powoda w sposób zgodny z prawem. Jak już wcześniej wskazano posiadanie cudzej rzeczy zgodnie z prawem wyklucza roszczenie o zapłatę wynagrodzenia za bezumowne korzystanie.</xText>
          <xText>5.16. Natomiast w objętym żądaniem pozwu okresie od grudnia 2001 do grudnia 2003 r. pozwany nie posiadał tytułu prawnego do posiadania nieruchomości powoda. Jak jednak już wskazano przesłanką roszczenia o wynagrodzenie za bezumowne korzystnie z nieruchomości jest zła wiara posiadacza. Ustalono jednak, że pozwanemu okresie objętym żądaniem pozwu złej wiary przypisać nie można. Tak więc również za ten okres powodowi nie przysługuje roszczenie o zapłatę wynagrodzenia za bezumowne korzystnie z nieruchomości.</xText>
          <xText>5.17. Sąd uznał także za nieuzasadnione żądanie zapłaty odszkodowania za pogorszenie rzeczy. Powód jako podstawę prawną tego żądania wskazała <xLexLink xArt="art. 225" xIsapId="WDU19640160093" xTitle="Ustawa z dnia 23 kwietnia 1964 r. - Kodeks cywilny" xAddress="Dz. U. z 1964 r. Nr 16, poz. 93">art. 225 k.c.</xLexLink> Przepis ten stanowi, że obowiązki samoistnego posiadacza w złej wierze względem właściciela są takie same jak obowiązki samoistnego posiadacza w dobrej wierze od chwili, w której ten dowiedział się o wytoczeniu przeciwko niemu powództwa o wydanie rzeczy. Jednakże samoistny posiadacz w złej wierze obowiązany jest nadto zwrócić wartość pożytków, których z powodu złej gospodarki nie uzyskał, oraz jest odpowiedzialny za pogorszenie i utratę rzeczy, chyba że rzecz uległaby pogorszeniu lub utracie także wtedy, gdyby znajdowała się w posiadaniu uprawnionego.</xText>
          <xText>5.18. Przesłaną żądania zapłaty odszkodowania za pogorszenie lub tratę rzeczy jest poza posiadaniem bez tytułu prawnego oraz zła wiara posiadacza. Jak już wskazano pozwany obecnie posiada nieruchomość powoda w zakresie odpowiadającym treści służebności zgodnie z prawem. Nie ponosi zatem odpowiedzialności odszkodowawczej za jej pogorszenie lub utratę.</xText>
          
          <xText>6.Koszty procesu.</xText>
          <xText>O kosztach procesu Sąd orzekła zgodnie z zasadą odpowiedzialności za wynika procesu wyrażoną w <xLexLink xArt="art. 98" xIsapId="WDU19640430296" xTitle="Ustawa z dnia 17 listopada 1964 r. - Kodeks postępowania cywilnego" xAddress="Dz. U. z 1964 r. Nr 43, poz. 296">art. 98 k.p.c.</xLexLink> Sąd zasądził od powoda na rzecz pozwanego kwotę 3600 zł. tytułem zwrotu kosztów zastępstwa procesowego.</xText>
        </xUnit>
      </xBlock>
    </xPart>
  </judgement>
<judgement id="151010000003006_VI_Ka_000181_2013_Uz_2013-05-29_001">
    <xPart xEditorFullName="Joanna Prabucka-Ochniak" xYear="2013" xLang="PL" xPublisherFullName="Małgorzata Kwiatkowska" xFromPg="1" xEditor="j.prabucka-ochniak" xVolType="15/101000/0003006/Ka" xPublisher="malgorzata.kwiatkowska" xDocType="Uz" xVolNmbr="000181" xVersion="1.0" xToPage="9" xFlag="published">
      <xName>Wyrok+Uzasadnienie</xName>
      <xBlock>
        <xText>Sygn. akt. VI Ka 181/13</xText>
        <xUnit xIsTitle="true" xBold="true" xType="part">
          <xName>WYROK</xName>
          <xTitle>W IMIENIU RZECZYPOSPOLITEJ POLSKIEJ</xTitle>
          <xText xALIGNx="right">Dnia 29 maja 2013 r.</xText>
          
          <xText>Sąd Okręgowy w Elblągu VI Wydział Karny Odwoławczy w składzie:</xText>
          
          <xRows>
            <xCOLGROUPx>
              <xCOLx xWIDTHx="227"/>
              <xCOLx xWIDTHx="483"/>
            </xCOLGROUPx>
            <xRow>
              <xClmn xALIGNx="left" xVALIGNx="top">
                <xText>
                  <xBx>Przewodnicząca:</xBx>
                </xText>
              </xClmn>
              <xClmn xALIGNx="left" xVALIGNx="top">
                <xText>
                  <xBx>SSO Irena Linkiewicz</xBx>
                </xText>
              </xClmn>
            </xRow>
            <xRow>
              <xClmn xALIGNx="left" xVALIGNx="top">
                <xText>
                  <xBx>Sędziowie:</xBx>
                </xText>
              </xClmn>
              <xClmn xALIGNx="left" xVALIGNx="top">
                <xText>
                  <xBx>SO Piotr Żywicki</xBx>
                </xText>
                <xText>
                  <xBx>SR del. Ewa Mikicka-Piechowiak (spr.)</xBx>
                </xText>
              </xClmn>
            </xRow>
            <xRow>
              <xClmn xALIGNx="left" xVALIGNx="top">
                
              </xClmn>
              <xClmn xALIGNx="left" xVALIGNx="top">
                
              </xClmn>
            </xRow>
            <xRow>
              <xClmn xALIGNx="left" xVALIGNx="top">
                <xText>
                  <xBx>Protokolant</xBx>
                </xText>
              </xClmn>
              <xClmn xALIGNx="left" xVALIGNx="top">
                <xText>
                  <xBx>st.sekr.sądowy Joanna Prabucka - Ochniak</xBx>
                </xText>
              </xClmn>
            </xRow>
          </xRows>
          
          <xText>przy udziale Prokuratora Prokuratury Okręgowej Mirosławy Mazurek</xText>
          <xText>po rozpoznaniu w dniu 29 maja 2013r.,</xText>
          <xText>sprawy <xAnon>J. R.</xAnon></xText>
          <xText>oskarżonego o czyn z <xLexLink xArt="art. 13;art. 13 § 1" xIsapId="WDU19970880553" xTitle="Ustawa z dnia 6 czerwca 1997 r. - Kodeks karny" xAddress="Dz. U. z 1997 r. Nr 88, poz. 553">art.13 § 1 kk</xLexLink> w zw. z <xLexLink xArt="art. 279;art. 279 § 1" xIsapId="WDU19970880553" xTitle="Ustawa z dnia 6 czerwca 1997 r. - Kodeks karny" xAddress="Dz. U. z 1997 r. Nr 88, poz. 553">art. 279 § 1 kk</xLexLink> w zw. z <xLexLink xArt="art. 64;art. 64 § 1" xIsapId="WDU19970880553" xTitle="Ustawa z dnia 6 czerwca 1997 r. - Kodeks karny" xAddress="Dz. U. z 1997 r. Nr 88, poz. 553">art. 64 § 1 kk</xLexLink></xText>
          <xText>na skutek apelacji wniesionej przez oskarżonego</xText>
          <xText>od wyroku Sądu Rejonowego w Ostródzie</xText>
          <xText>z dnia 13 grudnia 2012 r., sygn. akt II K 877/12</xText>
          
          <xText>uchyla zaskarżony wyrok i sprawę przekazuje Sądowi Rejonowemu w Ostródzie do ponownego rozpoznania.</xText>
        </xUnit>
        <xUnit xIsTitle="true" xBold="true" xType="part">
          <xName>UZASADNIENIE</xName>
          <xText><xAnon>J. R.</xAnon> stanął w niniejszym postępowaniu pod zarzutem popełnienia tego, że w dniu 26 lipca 2012 roku o godzinie 1:30 w miejscowości <xAnon>F.</xAnon> gm. <xAnon>Ł.</xAnon> pow. <xAnon> (...)</xAnon> woj. <xAnon> (...)- (...)</xAnon>, działając wspólnie i w porozumieniu z inną osobą, po uprzednim wyważeniu okna toalety w budynku remizy strażackiej dostał się do wnętrza obiektu, skąd następnie usiłował dokonać zaboru w celu przywłaszczenia mienia w postaci piły motorowej, siedmiu sztuk węzy strażackich, latarki, drabiny oraz kanistra z benzyną o pojemności 10 litrów, zagrażając utracie mienia w wysokości 3.500 zł na szkodę Urzędu Gminy w <xAnon>Ł.</xAnon>, zamierzonego celu nie osiągając z uwagi na spłoszenie go przez interweniujący strażaków ochotników, przy czym czynu tego dopuścił się w ciągu pięciu lat po odbyciu co najmniej sześciu miesięcy kary pozbawienia wolności wymierzonej za umyślne przestępstwo podobne, będąc uprzednio skazanym wyrokiem Sądu Rejonowego w Słupsku z dnia 19 maja 2009 roku wydanym w sprawie II K 78/08 za czyn z <xLexLink xArt="art. 279;art. 279 § 1" xIsapId="WDU19970880553" xTitle="Ustawa z dnia 6 czerwca 1997 r. - Kodeks karny" xAddress="Dz. U. z 1997 r. Nr 88, poz. 553">art. 279§1 k.k.</xLexLink> przy zastosowaniu <xLexLink xArt="art. 91;art. 91 § 1" xIsapId="WDU19970880553" xTitle="Ustawa z dnia 6 czerwca 1997 r. - Kodeks karny" xAddress="Dz. U. z 1997 r. Nr 88, poz. 553">art. 91§ 1 k.k.</xLexLink>, na mocy którego orzeczono karę 1 rok i 6 miesięcy pozbawienia wolności, która odbył w okresie od dnia 1 lutego 2010 roku do dnia 7 grudnia 2010 roku, tj. pod zarzutem popełnienia czynu z <xLexLink xArt="art. 13;art. 13 § 1" xIsapId="WDU19970880553" xTitle="Ustawa z dnia 6 czerwca 1997 r. - Kodeks karny" xAddress="Dz. U. z 1997 r. Nr 88, poz. 553">art. 13 §1 k.k.</xLexLink> w zw. z <xLexLink xArt="art. 279;art. 279 § 1" xIsapId="WDU19970880553" xTitle="Ustawa z dnia 6 czerwca 1997 r. - Kodeks karny" xAddress="Dz. U. z 1997 r. Nr 88, poz. 553">art. 279§1 k.k.</xLexLink> w zw. z <xLexLink xArt="art. 64;art. 64 § 1" xIsapId="WDU19970880553" xTitle="Ustawa z dnia 6 czerwca 1997 r. - Kodeks karny" xAddress="Dz. U. z 1997 r. Nr 88, poz. 553">art. 64§1 k.k.</xLexLink></xText>
          
          <xText>Sąd Rejonowy w Ostródzie wyrokiem z dnia 13 grudnia 2012 roku w sprawie o sygn. akt II K 877/12 uznał oskarżonego <xAnon>J. R.</xAnon> za winnego popełnienia tego, że w dniu 26 lipca 2012 roku o godzinie 1:30 w miejscowości <xAnon>F.</xAnon> gm. <xAnon>Ł.</xAnon> pow. <xAnon> (...)</xAnon>, woj. <xAnon> (...)- (...)</xAnon>, działając wspólnie i w porozumieniu z inną osobą, po uprzednim wyważeniu okna toalety w budynku remizy strażackiej dostał się do wnętrza obiektu, skąd następnie usiłował dokonać zaboru w celu przywłaszczenia mienia w postaci piły motorowej, siedmiu sztuk węzy strażackich, latarki, drabiny oraz kanistra z benzyną o pojemności 10 litrów, zagrażając utracie mienia w wysokości 3.500 zł na szkodę Urzędu Gminy w <xAnon>Ł.</xAnon>, zamierzonego celu nie osiągając z uwagi na spłoszenie go przez interweniujących strażaków ochotników, przy czym czynu tego dopuścił się w ciągu pięciu lat po odbyciu co najmniej sześciu miesięcy kary pozbawienia wolności wymierzonej za umyślne przestępstwo podobne, będąc uprzednio skazanym wyrokiem łącznym Sądu Rejonowego w Słupsku z dnia 2 lipca 2010 roku wydanym w sprawie II K 60/10, którym połączono kary pozbawienia wolności orzeczone za czyny z <xLexLink xArt="art. 13;art. 13 § 1" xIsapId="WDU19970880553" xTitle="Ustawa z dnia 6 czerwca 1997 r. - Kodeks karny" xAddress="Dz. U. z 1997 r. Nr 88, poz. 553">art. 13 §1 k.k.</xLexLink> w zw. z <xLexLink xArt="art. 279;art. 279 § 1" xIsapId="WDU19970880553" xTitle="Ustawa z dnia 6 czerwca 1997 r. - Kodeks karny" xAddress="Dz. U. z 1997 r. Nr 88, poz. 553">art. 279§1 k.k.</xLexLink> i <xLexLink xArt="art. 279;art. 279 § 1" xIsapId="WDU19970880553" xTitle="Ustawa z dnia 6 czerwca 1997 r. - Kodeks karny" xAddress="Dz. U. z 1997 r. Nr 88, poz. 553">art. 279§1 k.k.</xLexLink> i orzeczono karę łączną 2 lat i 7 miesięcy pozbawienia wolności, którą odbył m.in.: od dnia 1 lutego 2010 roku do dnia 7 października 2010 roku i czyn ten zakwalifikował z <xLexLink xArt="art. 13;art. 13 § 1" xIsapId="WDU19970880553" xTitle="Ustawa z dnia 6 czerwca 1997 r. - Kodeks karny" xAddress="Dz. U. z 1997 r. Nr 88, poz. 553">art. 13§1 k.k.</xLexLink> w zw. z <xLexLink xArt="art. 279;art. 279 § 1" xIsapId="WDU19970880553" xTitle="Ustawa z dnia 6 czerwca 1997 r. - Kodeks karny" xAddress="Dz. U. z 1997 r. Nr 88, poz. 553">art. 279§1 k.k.</xLexLink> w zw. z <xLexLink xArt="art. 64;art. 64 § 1" xIsapId="WDU19970880553" xTitle="Ustawa z dnia 6 czerwca 1997 r. - Kodeks karny" xAddress="Dz. U. z 1997 r. Nr 88, poz. 553">art. 64§1 k.k.</xLexLink> i za to na podstawie tych przepisów skazał go, zaś na mocy <xLexLink xArt="art. 14;art. 14 § 1" xIsapId="WDU19970880553" xTitle="Ustawa z dnia 6 czerwca 1997 r. - Kodeks karny" xAddress="Dz. U. z 1997 r. Nr 88, poz. 553">art. 14 §1 k.k.</xLexLink> w zw. z <xLexLink xArt="art. 279;art. 279 § 1" xIsapId="WDU19970880553" xTitle="Ustawa z dnia 6 czerwca 1997 r. - Kodeks karny" xAddress="Dz. U. z 1997 r. Nr 88, poz. 553">art. 279§1 k.k.</xLexLink> wymierzył oskarżonemu karę 1/jednego/ roku i 3/trzech/ miesięcy pozbawienia wolności. Na poczet orzeczonej kary Sąd zaliczył oskarżonemu okres rzeczywistego pozbawienia wolności w sprawie od dnia 26 lipca 2012 roku z tytułu tymczasowego aresztowania i zwolnił oskarżonego od ponoszenia kosztów sądowych.</xText>
          
          <xText>Apelację od powyższego rozstrzygnięcia wywiódł oskarżony <xAnon>J. R.</xAnon> zaskarżając go w całości. Jak wynika z treści środka odwoławczego, oskarżony zarzucił rozstrzygnięciu Sądu Rejonowego w Ostródzie, błąd w ustaleniach faktycznych przyjętych za podstawę orzeczenia, mający istotny wpływ na jego treść, będący wynikiem naruszenia <xLexLink xArt="art. 7" xIsapId="WDU19970890555" xTitle="Ustawa z dnia 6 czerwca 1997 r. - Kodeks postępowania karnego" xAddress="Dz. U. z 1997 r. Nr 89, poz. 555">art. 7 k.p.k.</xLexLink>, a polegający na mylnej i dowolnej ocenie całokształtu materiału dowodowego, a zwłaszcza zeznań świadków, którzy, zdaniem oskarżonego, fałszywie pomówili go, podczas, gdy szczegółowa analiza przeprowadzonych dowodów, z uwzględnieniem zasad logicznego rozumowania i doświadczenia życiowego prowadzi do jednoznacznego wniosku, iż oskarżony przypisanego mu czynu nie dopuścił się. Skarżący nadto wskazał, że nie mógł dopuścić się przypisanego mu czynu, albowiem jest osobą schorowaną, ma problemy z chodzeniem i w tak krótkim czasie, jak zeznawali świadkowie, nie mógł przemieścić się z miejsca, gdzie dokonano włamania tj. z remizy do swojego samochodu.</xText>
          <xText>W konkluzji skarżący wniósł o uchylenie zaskarżonego wyroku i przekazanie sprawy do ponownego rozpoznania.</xText>
          
          <xText>
            <xBx>
              <xIx>Sąd Okręgowy zważył, co następuje: </xIx>
            </xBx>
          </xText>
          
          <xText>Apelacja wywiedziona przez oskarżonego <xAnon>J. R.</xAnon>, jako zasadna, zasługiwała na uwzględnienie i skutkować musiała koniecznością uchylenia zaskarżonego wyroku w całości oraz przekazaniem sprawy Sądowi I instancji do ponownego rozpoznania.</xText>
          <xText>Sąd <xIx>ad quem</xIx> uznał bowiem, że wydanie wyroku skazującego w trybie konsensualnym przewidzianym w dyspozycji <xLexLink xArt="art. 387" xIsapId="WDU19970890555" xTitle="Ustawa z dnia 6 czerwca 1997 r. - Kodeks postępowania karnego" xAddress="Dz. U. z 1997 r. Nr 89, poz. 555">art. 387 k.p.k.</xLexLink> w niniejszej sprawie było dokonane z obrazą cytowanego przepisu i skutkować musiało uchyleniem zaskarżonego wyroku w całości. Analiza materiału dowodowego zgromadzonego w toku niniejszego postępowania oraz okoliczności wskazane przez oskarżonego w środku odwoławczym, a także w złożonych wyjaśnieniach, nakazują stwierdzić, że nie zostały spełnione przesłanki wydania wyroku skazującego bez przeprowadzenia postępowania dowodowego w całości w trybie <xLexLink xArt="art. 387" xIsapId="WDU19970890555" xTitle="Ustawa z dnia 6 czerwca 1997 r. - Kodeks postępowania karnego" xAddress="Dz. U. z 1997 r. Nr 89, poz. 555">art. 387 k.p.k.</xLexLink></xText>
          <xText>Wskazać należy, że skazanie w trybie konsensualnym przewidzianym w dyspozycji <xLexLink xArt="art. 387" xIsapId="WDU19970890555" xTitle="Ustawa z dnia 6 czerwca 1997 r. - Kodeks postępowania karnego" xAddress="Dz. U. z 1997 r. Nr 89, poz. 555">art. 387 k.p.k.</xLexLink> stanowi wyjątek od zasady i dopuszczalne jest tylko wtedy, gdy wystąpi z takim wnioskiem do chwili zakończenia pierwszego przesłuchania na rozprawie głównej oskarżony, któremu zarzucono popełnienie występku zagrożonego karą nie przekraczającą 8 lat pozbawienia wolności, okoliczności sprawy nie budzą wątpliwości, prokurator i pokrzywdzony wyrażą na to zgodę, a postawa oskarżonego wskazuje, że cele postępowania zostaną osiągnięte bez przeprowadzenia rozprawy w całości. Jak wynika z treści <xLexLink xArt="art. 387" xIsapId="WDU19970890555" xTitle="Ustawa z dnia 6 czerwca 1997 r. - Kodeks postępowania karnego" xAddress="Dz. U. z 1997 r. Nr 89, poz. 555">art. 387 k.p.k.</xLexLink> ustawodawca sformułował dwa warunki niezbędne dla rozważenia przez Sąd możliwości dobrowolnego poddania się oskarżonego odpowiedzialności karnej. Po pierwsze okoliczności popełnienia przestępstwa nie mogą budzić wątpliwości, a po wtóre postawa oskarżonego musi wskazywać, że cele postępowania zostaną osiągnięte mimo nie przeprowadzenia rozprawy w całości. Pierwszy z tych warunków wymaga dokonania ustaleń, w świetle których zaistnienie czynu, sprawstwo podejrzanego oraz jego wina, nie budzą wątpliwości. Skazanie bez przeprowadzenia w całości postępowania dowodowego jest zatem dopuszczane wówczas, gdy <xIx>verba legis</xIx> „okoliczności popełnienia przestępstwa nie budzą wątpliwości”. Nie wystarcza niewątpliwość popełnienia przestępstwa, ale istotne są również okoliczności dotyczące, zarówno samego czynu, jak i sprawcy. Wątpliwości nie mogą zachodzić nie tylko co do stanu faktycznego sprawy, ale i co do kwalifikacji prawnej czynu, co ma istotne znaczenie z uwagi na ograniczenie katalogu przestępstw, co do których może być zastosowana ta instytucja. Zebrane dowody muszą świadczyć niezbicie o popełnieniu przez podejrzanego zarzucanego mu przestępstwa i istotnych jego okoliczności mających znaczenie również z punktu widzenia pozostałych przesłanek tej instytucji. <xIx>/por. M. Cieślak: „Pierwszoinstancyjna procedura …” NP. 1971, nr 4 s. 522/.</xIx> Przedstawione wraz z aktem oskarżenia materiały dowodowe muszą dawać pełną podstawę do powzięcia przez Sąd przekonania, że wszystkie istotne okoliczności, zarówno przedmiotowe jak i podmiotowe, zostały wyjaśnione i są zgodne z prawdziwym przebiegiem zdarzenia <xIx>/por. <xAnon>R. P.</xAnon> „Wniosek oskarżonego o wydanie wyroku skazującego bez przeprowadzenia postępowania dowodowego – <xLexLink xArt="art. 387" xIsapId="WDU19970890555" xTitle="Ustawa z dnia 6 czerwca 1997 r. - Kodeks postępowania karnego" xAddress="Dz. U. z 1997 r. Nr 89, poz. 555">art. 387 k.p.k.</xLexLink> nowego <xLexLink xArt="" xIsapId="WDU19970890555" xTitle="Ustawa z dnia 6 czerwca 1997 r. - Kodeks postępowania karnego" xAddress="Dz. U. z 1997 r. Nr 89, poz. 555">kodeksu postępowania karnego</xLexLink>”, (w) <xAnon>N.</xAnon> kodyfikacja prawa karnego pod red. <xAnon>L. B.</xAnon><xAnon>W.</xAnon> 1997, s. 181/.</xIx> Uwzględnienie wniosku w trybie <xLexLink xArt="art. 387;art. 387 § 2" xIsapId="WDU19970890555" xTitle="Ustawa z dnia 6 czerwca 1997 r. - Kodeks postępowania karnego" xAddress="Dz. U. z 1997 r. Nr 89, poz. 555">art. 387§2 k.p.k.</xLexLink> o wydanie wyroku skazującego i wymierzenie określonej kary bez przeprowadzenia postępowania dowodowego możliwe jest tylko wtedy, gdy nie budzi wątpliwości, nie tylko zasadnicza kwestia sprawstwa czynu przez określoną osobę, ale wszelkie te okoliczności, które są istotne dla ustaleń odpowiedzialności karnej sprawcy, w tym dla właściwej oceny prawnej czynu będącego przedmiotem osądu <xIx>/zob. wyrok SN z dnia 6 kwietnia 2006 r. sygn. II KK 65/06 Prok i Pr 2007 Nr 3 poz. 8 oraz wyrok SN z dnia 19.10.2004 r. II K 279/04 OSNKW 2005 Nr 6 poz. 52.</xIx>/</xText>
          <xText>Wskazać należy, że słusznie podkreśla się w doktrynie, że popełnienie przestępstwa nie budzi wątpliwości wtedy, gdy przekonanie w tej kwestii uzasadnia swobodna ocena całokształtu ujawnionych w toku rozprawy okoliczności, a także sam wniosek oskarżonego o skazanie i inne elementy porozumienia stron. <xIx>/por. D. Wysocki „Instytucja porozumienia” ..., PiP 2000 nr 10 s. 89/. </xIx>W sytuacji zatem, gdy z wnioskiem o skazanie w trybie konsensualnym występuje sam oskarżony, Sąd nie jest zwolniony od obowiązku badania, czy okoliczności przestępstwa nie budzą wątpliwości. Zatem w istocie konieczne jest w przedmiotowej sytuacji, nie tylko składanie wyjaśnień przez samego oskarżonego, ale także przyznanie się przez niego do winy <xIx>/por. T. Grzegorczyk Komentarz do kpk. s. 987/.</xIx> Chodzi tu nie o formalne przyznanie się oskarżonego do winy, ale sytuację, w której sprawca przyzna się w sposób nie nasuwający zastrzeżeń, do zarzucanego mu czynu. <xIx>/por. uchwałę połączonej Izby Karnej i Wojskowej Sadu Najwyższego z dnia 29 stycznia 1971 roku sygn.. VI KZP 26/69 OSNKW 197, nr 3 poz. 33/ </xIx>Samo przyznanie się do winy nie może stanowić instrumentalnego oświadczenia o przyznaniu się do winy. O tym bowiem, że okoliczności popełnienia przestępstwa nie budzą wątpliwości, nie może przesądzać fakt przyznania się oskarżonego do zarzucanego mu czynu, w sytuacji , gdy oskarżony nie złożył żadnych wyjaśnień co do okoliczności czy motywów ich popełnienia, albo tym bardziej, jeżeli mimo przyznania się do winy w składanych wyjaśnieniach na dowolnym etapie postępowania wyjaśnieniach zaprzecza popełnieniu przestępstwa. Wymóg, by okoliczności popełnienia przestępstwa nie budziły wątpliwości, stanowi bowiem gwarancję, że nie dojdzie do skazania osoby niewinnej, i by uznać, że przesłanka przedmiotowa została spełniona, niekiedy może być konieczne przeprowadzenie skrupulatnego śledztwa lub dochodzenia. Ocena, czy okoliczności popełnienia przestępstwa nie budzą wątpliwości należy do Sądu. Wyrażenie zgody bowiem przez oskarżonego na skazanie (wprawdzie dotyczy to instytucji z <xLexLink xArt="art. 335" xIsapId="WDU19970890555" xTitle="Ustawa z dnia 6 czerwca 1997 r. - Kodeks postępowania karnego" xAddress="Dz. U. z 1997 r. Nr 89, poz. 555">art. 335 k.p.k.</xLexLink>, jednakże tożsamej odnośnie przesłanki braku wątpliwości co do okoliczności popełnienia czynu przez daną osobę) nie zwalnia Sądu od obowiązku zbadania, czy oskarżony jest rzeczywiście winny popełnienia zarzucanego mu przestępstwa. <xIx>/zob. wyrok SN z 22 sierpnia 2001 roku sygn. III KKN 372/99, OSN Prok. i PR 2002 , nr 2 poz. 6/</xIx>. Skrócenie postępowania dowodowego nie jest zatem możliwe, dopóki nie ustali się, że czyn zabroniony rzeczywiście został popełniony, jaki był jego przebieg oraz kto się go dopuścił, i że podmiot ten może ponieść odpowiedzialność karną, niezbędne jest także ustalenie rozmiarów ewentualnej szkody, jak i zebranie niezbędnych danych o podejrzanym, stosownie do wymogów <xLexLink xArt="art. 213" xIsapId="WDU19970890555" xTitle="Ustawa z dnia 6 czerwca 1997 r. - Kodeks postępowania karnego" xAddress="Dz. U. z 1997 r. Nr 89, poz. 555">art. 213 k.p.k.</xLexLink>, a nadto przyznanie się podejrzanego, niebudzące – w świetle tych ustaleń - wątpliwości.</xText>
          <xText>Biorąc pod uwagę powyższe, uznać należy, że w sytuacji procesowej, kiedy oskarżony zaprzecza swojemu sprawstwu lub winie to konieczne jest nieuwzględnienie wniosku oskarżonego i przeprowadzenia postępowania dowodowego w celu rozwiania powstałych wątpliwości. Chodzi przy tym o brak wątpliwości co do okoliczności popełnienia przestępstwa, a nie tylko czynu zabronionego, stąd istnienie czynu, możność przypisania jego sprawstwa oskarżonemu, jak i wina oskarżonego nie powinna budzić wątpliwości <xIx>/zob. T.Grzegorczyk, J.Tylman, „Polskie postępowanie” s.446, T.Grzegorczyk „Dowody w procesie karnym „Warszawa 1998 roku s. 46/</xIx> Okoliczności przestępstwa nie budzą bowiem wątpliwości, jeżeli ma miejsce niebudzące wątpliwości przyznanie się oskarżonego, niezależnie od innych niebudzących wątpliwości okoliczności jego popełnienia. Zachowanie oskarżonego, który z jednej strony nie przyznaje się do winy, z drugiej zaś żąda wymierzenia mu kary, powinno być oceniane co najmniej jako niekonsekwentne i powinno prowadzić do wzmożonej czujności przez sąd. /<xIx>zob. P. Hofmański i in. Komentarz t. II s. 405</xIx>/. Jak podkreśla się w doktrynie możliwość stosowania instytucji dobrowolnego poddania się karze wobec oskarżonych, którzy nie okazują nawet woli uznania swej winy jako formy ekspiacji, stanowi unormowanie rażąco sprzeczne z poczuciem sprawiedliwości formalnej, zgoda bowiem na skazanie nie jest równoznaczna z przyznaniem się do winy, a zatem skazanie bez postępowania dowodowego osoby nieprzyznającej się do winy może być postrzegane jako rozwiązanie wręcz niezrozumiałe. <xIx>/ por. R. Kmiecik, „O wyrokowaniu” s. 15/.</xIx> Ponadto podnosi się w doktrynie przedmiotu, iż biorąc pod uwagę, że na podstawie omawianego przepisu istnieje możliwość również wymierzenia kary bezwzględnego pozbawienia wolności, przyjmowanie, iż normalną sytuacją jest skazywanie nieprzyznających się do winy dlatego, że o to wnoszą, byłoby sytuacją nie do przyjęcia. Takie działanie oskarżonego powinno właśnie wzbudzać wątpliwości, co do okoliczności popełnienia przestępstwa. Jeśli nie mamy więc niebudzącego wątpliwości przyznania się do winy, przy istnieniu innych niebudzących wątpliwości dowodów, nierealne jest przyjęcie, że okoliczności popełnienia przestępstwa nie budzą wątpliwości. Konieczne zatem jest w takiej sytuacji składanie przez oskarżonego wyjaśnień i to również na rozprawie <xIx>/zob. T. Grzegorczyk „Komentarz…” s. 987/</xIx> Dopiero, gdy oskarżony złożył wyjaśnienia, w których w sposób nie budzący wątpliwości przedstawił okoliczności przestępstwa i tym samym faktycznie przyznał się do zarzucanego mu przestępstwa, można ocenić swobodnie, czy okoliczności popełnienia przestępstwa nie budzą wątpliwości i zastosować instytucję przewidzianą w <xLexLink xArt="art. 387" xIsapId="WDU19970890555" xTitle="Ustawa z dnia 6 czerwca 1997 r. - Kodeks postępowania karnego" xAddress="Dz. U. z 1997 r. Nr 89, poz. 555">art. 387 k.p.k.</xLexLink> Należy bowiem pamiętać, że celem instytucji dobrowolnego poddania się karze jest przyspieszenie postępowania, ale nie za wszelką cenę, a zwłaszcza bez zwracania uwagi na to czy oskarżony przyznaje się do winy, czy też neguje swoją odpowiedzialność. Jeżeli oskarżony neguje swoje sprawstwo lub winę to co najmniej niezrozumiałe byłoby stosowanie <xLexLink xArt="art. 387" xIsapId="WDU19970890555" xTitle="Ustawa z dnia 6 czerwca 1997 r. - Kodeks postępowania karnego" xAddress="Dz. U. z 1997 r. Nr 89, poz. 555">art. 387 k.p.k.</xLexLink><xIx>/ por. M. Zbrojewska „Dobrowolne poddanie się karze”, Białystok 2002, s. 155-181/ </xIx>Wskazać w tym miejscu należy, że wprawdzie Sąd Najwyższy w postanowieniu z dnia 22 maja 2006 roku w sprawie II KK 355/05 zaprezentował pogląd, że formalne nieprzyznanie się oskarżonego do winy, nie zostało określone w <xLexLink xArt="art. 387" xIsapId="WDU19970890555" xTitle="Ustawa z dnia 6 czerwca 1997 r. - Kodeks postępowania karnego" xAddress="Dz. U. z 1997 r. Nr 89, poz. 555">art. 387 k.p.k.</xLexLink> jako przesłanka negatywna do nieuwzględnienia wniosku przewidzianego w tym przepisie, jednakże w treści uzasadnienia Sąd ten wskazał, że wprawdzie <xUx>formalnie</xUx> oskarżony się nie przyznał do winy, jednakże składając obszerne wyjaśnienia de facto, opisał okoliczności popełnienia przez niego czynu zabronionego, które korespondowały w całości z innymi dowodami w sprawie potwierdzającymi jego sprawstwo w zakresie stawianego mu zarzutu.</xText>
          <xText>Podkreślić ponadto należy, że istota stosowania instytucji określonej w <xLexLink xArt="art. 387" xIsapId="WDU19970890555" xTitle="Ustawa z dnia 6 czerwca 1997 r. - Kodeks postępowania karnego" xAddress="Dz. U. z 1997 r. Nr 89, poz. 555">art. 387 k.p.k.</xLexLink> sprowadza się także do oceny przez Sąd, czy istnieją warunki do zrezygnowania z prowadzenia postępowania na zasadach ogólnych, zatem także na ocenę, czy postawa oskarżonego pozwala na domniemanie, że przyjęcie okoliczności popełnienia przestępstwa nie budzi wątpliwości oraz zostaną osiągnięte cele postępowania, w tym trafnej represji karnej określone w <xLexLink xArt="art. 2;art. 2 § 1;art. 2 § 1 pkt. 2" xIsapId="WDU19970890555" xTitle="Ustawa z dnia 6 czerwca 1997 r. - Kodeks postępowania karnego" xAddress="Dz. U. z 1997 r. Nr 89, poz. 555">art. 2§1 pkt 2 k.p.k<xIx>.</xIx></xLexLink><xIx> /zob. dr Z. Muras „Komentarz do kodeksu postępowania karnego”, komentarz do art. 387 k.p.k. CH Beck 2010 r./</xIx></xText>
          <xText>Przenosząc powyższe rozważania na grunt niniejszej sprawy stwierdzić należy, że Sąd <xIx>a quo</xIx> dopuścił się obrazy przepisów postępowania, która niewątpliwe miała wpływ na wynik postępowania, co skutkować musiało podjęciem przez Sąd odwoławczy decyzji o uchyleniu zaskarżonego wyroku i przekazaniu sprawy do ponownego rozpoznania. Analiza materiału dowodowego wskazuje bowiem niezbicie, iż tryb procedowania przewidziany w <xLexLink xArt="art. 387" xIsapId="WDU19970890555" xTitle="Ustawa z dnia 6 czerwca 1997 r. - Kodeks postępowania karnego" xAddress="Dz. U. z 1997 r. Nr 89, poz. 555">art. 387 k.p.k.</xLexLink> w przedmiotowej sprawie był niedopuszczalny. Wskazać należy, że oskarżony <xAnon>J. R.</xAnon> konsekwentnie w toku postępowania przygotowawczego, będąc trzykrotnie przesłuchiwany w charakterze podejrzanego nie przyznał się do winy i stawianego mu zarzutu i złożył obszerne wyjaśnienia, w których opisał swoją wersję zdarzenia, a która to była rażąco odmienna od tej przedstawianej przez pozostałych świadków. Co więcej również w toku postępowania sądowego, na rozprawie w dniu 13 grudnia 2012 roku oskarżony nie przyznał się do winy i podtrzymał w całości złożone uprzednio wyjaśnienia w toku postępowania przygotowawczego. Wyjaśnienia przedmiotowe pozostawały w całkowitej opozycji do pozostałych dowodów zgromadzonych w sprawie, co uniemożliwiało przyjęcie, iż okoliczności przestępstwa zarzuconego oskarżonemu nie budzą wątpliwości. Ponadto wskazać należy, iż Sąd I instancji przypisując oskarżonemu popełnienie przestępstwa dokonał odmiennych ustaleń w zakresie recydywy w stosunku do aktu oskarżenia (odmienne ustalenia odnośnie uprzedniego wyroku skazującego, jak i okresu odbycia kary). Powyższe wskazuje niezbicie, iż okoliczności popełnienia przestępstwa w kształcie przyjętym w akcie oskarżenia budziły wątpliwości.</xText>
          <xText>Wskazać również należy, że nie został spełniony drugi z warunków umożliwiający zastosowanie instytucji przewidzianej w <xLexLink xArt="art. 387" xIsapId="WDU19970890555" xTitle="Ustawa z dnia 6 czerwca 1997 r. - Kodeks postępowania karnego" xAddress="Dz. U. z 1997 r. Nr 89, poz. 555">art. 387 k.p.k.</xLexLink>, a mianowicie wymóg, że postawa oskarżonego ma wykazywać, iż cele postępowania zostaną osiągnięte pomimo nieprzeprowadzenia postępowania dowodowego w całości. Oskarżony konsekwentnie w toku całego postępowania karnego nie przyznał się do winy i kwestionował swoje sprawstwo w zakresie stawianego mu zarzutu, składając wyjaśnienia sprzeczne z pozostałym materiałem dowodowym i w takich okolicznościach złożył wniosek o wydanie wyroku skazującego w trybie konsensualnym. Powyższa postawa oskarżonego nakazywała Sądowi I instancji zachowanie szczególnej ostrożności oraz rozważenie, czy oskarżony nie prowadzi swoistej instrumentalnej „gry” z wymiarem sprawiedliwości, zwłaszcza w kontekście stosowania wobec jego osoby w przedmiotowej sprawie tymczasowego aresztowania i ponawianych przez niego wniosków o uchylenie przedmiotowego izolacyjnego środka zapobiegawczego.</xText>
          <xText>Biorąc pod uwagę powyższe, Sąd II instancji uznał, że wydanie wyroku skazującego w trybie konsensualnym przewidzianym w dyspozycji <xLexLink xArt="art. 387" xIsapId="WDU19970890555" xTitle="Ustawa z dnia 6 czerwca 1997 r. - Kodeks postępowania karnego" xAddress="Dz. U. z 1997 r. Nr 89, poz. 555">art. 387 k.p.k.</xLexLink> w niniejszej sprawie było dokonane z obrazą cytowanego przepisu i skutkować musiało uchyleniem zaskarżonego wyroku w całości, gdyż nie zostały spełnione przesłanki umożliwiające zastosowanie przedmiotowej instytucji.</xText>
          <xText>W myśl <xLexLink xArt="art. 436" xIsapId="WDU19970890555" xTitle="Ustawa z dnia 6 czerwca 1997 r. - Kodeks postępowania karnego" xAddress="Dz. U. z 1997 r. Nr 89, poz. 555">art. 436 k.p.k.</xLexLink> Sąd odwoławczy ograniczył rozpoznanie środka odwoławczego wniesionego przez oskarżonego <xAnon>J. R.</xAnon> do przedstawionych kwestii, albowiem rozpoznanie w tym zakresie było wystarczające do wydania orzeczenia, zaś rozpoznanie pozostałych zarzutów zawartych w tejże apelacji, sprowadzających się do kwestionowania przede wszystkim poczynionej przez Sąd I instancji oceny zeznań świadków, byłoby przedwczesne dla dalszego toku postępowania.</xText>
          <xText>Konsekwencją powyższego stanowiska było w oparciu o treść <xLexLink xArt="art. 437;art. 437 § 2" xIsapId="WDU19970890555" xTitle="Ustawa z dnia 6 czerwca 1997 r. - Kodeks postępowania karnego" xAddress="Dz. U. z 1997 r. Nr 89, poz. 555">art. 437§2 k.p.k.</xLexLink> uchylenie zaskarżonego wyroku w całości i przekazanie sprawy do ponownego rozpoznania Sądowi Rejonowemu w Ostródzie.</xText>
          <xText>Przy ponownym rozpoznaniu sprawy Sąd I instancji winien przeprowadzić postępowanie dowodowe w całości, przede wszystkim winien odebrać wyjaśnienia od oskarżonego (o ile nie skorzysta on z prawa do odmowy składania wyjaśnień), szczególnie na okoliczności podnoszone w złożonym przez oskarżonego środku odwoławczym, odnośnie jego stanu zdrowia, możliwości przemieszczania się, przesłuchać świadków zawnioskowanych w akcie oskarżenia, a także przeprowadzić ewentualnie inne dowody, jeśli taka potrzeba wyłoni się przy ponownym rozpoznaniu sprawy. Sąd winien dążyć do wyjaśnienia wszelkich niejasności i sprzeczności występujących w materiale dowodowym.</xText>
          <xText>Dopiero po przeprowadzeniu całego postępowania dowodowego z uwzględnieniem powyższych zaleceń, Sąd I instancji zobowiązany będzie orzec o odpowiedzialności karnej oskarżonego, bądź rozstrzygnąć o braku podstaw do pociągnięcia <xAnon>J. R.</xAnon> do odpowiedzialności karnej, na podstawie całokształtu okoliczności prawidłowo ujawnionych na rozprawie głównej.</xText>
        </xUnit>
      </xBlock>
    </xPart>
  </judgement>
<judgement id="151500000002503_V_ACa_000381_2012_Uz_2013-05-29_001">
    <xPart xEditorFullName="Agnieszka Jasińska-Łuszczkiewicz" xYear="2012" xLang="PL" xPublisherFullName="Elżbieta Pieknik-Tkacz" xFromPg="1" xEditor="ajasinska" xVolType="15/150000/0002503/ACa" xPublisher="etkacz" xDocType="Uz" xVolNmbr="000381" xVersion="1.0" xToPage="16" xFlag="published">
      <xName>Wyrok+Uzasadnienie</xName>
      <xBlock>
        <xText>Sygn. akt V ACa 381/12</xText>
        
        <xUnit xIsTitle="true" xType="part" xBold="true">
          <xName>WYROK</xName>
          <xTitle>W IMIENIU RZECZYPOSPOLITEJ POLSKIEJ</xTitle>
          <xText xALIGNx="right">      Dnia 29 maja 2013r.</xText>
          
          <xText>Sąd Apelacyjny w Katowicach V Wydział Cywilny</xText>
          <xText>w składzie:</xText>
          <xRows>
            <xCOLGROUPx>
              <xCOLx xWIDTHx="200"/>
              <xCOLx xWIDTHx="512"/>
            </xCOLGROUPx>
            <xRow>
              <xClmn xALIGNx="left" xVALIGNx="top">
                <xText xALIGNx="right">Przewodniczący:</xText>
              </xClmn>
              <xClmn xALIGNx="left" xVALIGNx="top">
                <xText>SSA Tomasz Pidzik</xText>
              </xClmn>
            </xRow>
            <xRow>
              <xClmn xALIGNx="left" xVALIGNx="top">
                <xText xALIGNx="right">Sędziowie:</xText>
              </xClmn>
              <xClmn xALIGNx="left" xVALIGNx="top">
                <xText>SA Anna Tabak (spr.)</xText>
                <xText>SA Olga Gornowicz-Owczarek</xText>
              </xClmn>
            </xRow>
            <xRow>
              <xClmn xALIGNx="left" xVALIGNx="top">
                <xText xALIGNx="right">Protokolant:</xText>
              </xClmn>
              <xClmn xALIGNx="left" xVALIGNx="top">
                <xText>Anna Fic</xText>
              </xClmn>
            </xRow>
          </xRows>
          <xText>po rozpoznaniu w dniu 22 maja 2013r. w Katowicach</xText>
          <xText>na rozprawie</xText>
          <xText>sprawy z powództwa <xAnon> (...) Spółki z ograniczoną odpowiedzialnością</xAnon> w <xAnon>K.</xAnon></xText>
          <xText>przeciwko <xAnon>(...)</xAnon> Spółce z ograniczoną odpowiedzialnością w <xAnon>G.</xAnon> i <xAnon>(...)</xAnon>Spółce Akcyjnej w <xAnon>S.</xAnon></xText>
          <xText>przy udziale interwenienta ubocznego <xAnon> (...) Spółki z ograniczoną odpowiedzialnością</xAnon> w <xAnon>K.</xAnon></xText>
          <xText>o zapłatę</xText>
          <xText>na skutek apelacji powódki i interwenienta ubocznego</xText>
          <xText>od wyroku Sądu Okręgowego w Gliwicach</xText>
          <xText>z dnia 28 grudnia 2011 r., sygn. akt X GC 85/10</xText>
          
          <xUnit xIsTitle="false" xType="none">
            <xName xSffx=".">1</xName>
            <xText>zmienia zaskarżony wyrok w punkcie 1 w ten sposób, że zasądza od pozwanych na rzecz powódki kwotę 15.000 (piętnaście tysięcy) złotych z ustawowymi odsetkami od 10 kwietnia 2008r. do dnia zapłaty, z zastrzeżeniem, że zaspokojenie wierzyciela przez któregokolwiek z pozwanych zwalnia pozostałego, a w pozostałej części oddala powództwo;</xText>
          </xUnit>
          <xUnit xIsTitle="false" xType="none">
            <xName xSffx=".">2</xName>
            <xText>oddala w pozostałej części apelację powódki i w całości apelację interwenienta ubocznego;</xText>
          </xUnit>
          <xUnit xIsTitle="false" xType="none">
            <xName xSffx=".">3</xName>
            <xText>zasądza od powódki na rzecz pozwanych kwotę po 5.400 (pięć tysięcy czterysta) złotych, na każdego z nich, tytułem kosztów postępowania apelacyjnego.</xText>
          </xUnit>
          
          <xText>Sygn. akt V ACa 381/12</xText>
        </xUnit>
        <xUnit xIsTitle="true" xType="part" xBold="true">
          <xName>UZASADNIENIE</xName>
          <xText>Powódka <xAnon> (...) Spółka z ograniczoną odpowiedzialnością</xAnon> w <xAnon>K.</xAnon> w pozwie przeciwko <xAnon>(...)</xAnon>Spółce z ograniczoną odpowiedzialnością w <xAnon>G.</xAnon><xAnon>(...)</xAnon>Spółka z ograniczoną odpowiedzialnością w <xAnon>G.</xAnon>) oraz <xAnon> (...) Spółka Akcyjna</xAnon> w <xAnon>S.</xAnon> domagała się zasądzenia in solidum od pozwanej <xAnon> (...)</xAnon> kwoty 6 006 633,37 zł, a od pozwanej<xAnon>(...)</xAnon>w całości lub jej części w wysokości w jakiej mieści się ona w sumie gwarancyjnej umowy ubezpieczenia OC zawartej przez pozwanych.</xText>
          <xText>Roszczenie powódki wynikało z nienależycie wykonanej umowy o sporządzenie projektu mieszadeł w reaktorach oraz nieprawidłowego doboru wykładziny wewnętrznej w reaktorach.</xText>
          <xText>Na kwotę dochodzoną pozwem składały się:</xText>
          <xText>- uszczerbek majątkowy poniesiony przez <xAnon> Spółkę (...)</xAnon> w wysokości 4 732 267,32 zł z tytułu utraconych przychodów ze sprzedaży produktów za okres odpowiadający zwłoce w wydaniu reaktorów, wydatki związane z demontażem i ponownym wykonaniem reaktorów, koszty ogólne związane z wykonaniem inwestycji;</xText>
          <xText>- koszty poniesione bezpośrednio przez powódkę związane z demontażem i przeróbką reaktorów oraz wykonaniem ekspertyzy pozaprocesowej.</xText>
          <xText>Pozwana <xAnon>(...)</xAnon> sp. z o.o. w <xAnon>G.</xAnon> wniosła o oddalenie powództwa i zasądzenie na jej rzecz kosztów postępowania, zarzucając brak wykazania przez powódkę poniesienia szkody i jej wysokości, prawidłowe wykonanie umowy, brak ponoszenia przez nią odpowiedzialności za odpadnięcie wykładziny wewnątrz reaktorów.</xText>
          <xText>Pozwana <xAnon> (...) S.A.</xAnon> także wniosła o oddalenie powództwa i zasądzenie na jej rzecz kosztów procesu, podniosła takie same zarzuty jak pozwana ad. 1 oraz, że w świetle umowy ubezpieczeniowej nie ponosi odpowiedzialności za jakość materiałów eksploatacyjnych przyjętych w projekcie przez pozwaną ad. 1.</xText>
          <xText>Pismem procesowym z 25 maja 2010 r. powódka sprecyzowała ostatecznie żądanie pozwu, domagając się od pozwanej ad. 1 kwoty 6 006 633,37 zł z ustawowymi odsetkami od 10 kwietnia 2008 r., a od pozwanej ad. 2 kwoty 1 000 000 zł z ustawowymi odsetkami od 10 kwietnia 2008 r.</xText>
          <xText>Do sporu – po stronie powódki – w charakterze interwenienta ubocznego przystąpiły <xAnon>(...)</xAnon>sp. z o.o. domagając się uwzględnienia powództwa.</xText>
          <xText>Wyrokiem z dnia 28 grudnia 2011 r. Sąd Okręgowy w Gliwicach:</xText>
          <xText>- oddalił powództwo,</xText>
          <xText>- zasądził od powódki na rzecz pozwanej ad. 1 koszty w wysokości 7 589,43 zł;</xText>
          <xText>- zasądził od powódki na rzecz pozwanej ad. 2 kwotę 10 814,60 zł tytułem kosztów procesu.</xText>
          
          <xText>Sąd pierwszoinstancyjny ustalił następujące okoliczności faktyczne:</xText>
          <xText>Następcą prawnym pozwanej <xAnon>(...)</xAnon> Spółki z o.o. w <xAnon>G.</xAnon> jest <xAnon>(...)</xAnon>Spółka z o.o.
  </xText>
          <xText>W dniu 1 marca 2006 r. powódka jako wykonawca zawarła z <xAnon>(...)</xAnon>Spółką z o.o. w <xAnon>S.</xAnon> jako zamawiającym (dalej: <xAnon> (...)</xAnon>) umowę na wykonanie, dostawę, opracowanie dokumentacji techniczno – ruchowej oraz nadzór nad montażem dostarczonych urządzeń w ramach zadania – „<xAnon>(...)</xAnon> w <xAnon>K.</xAnon>” – Reaktory, Krystalizator, Podgrzewacz. Zadanie 1 dotyczyło Reaktora <xAnon>(...)</xAnon>, <xAnon>(...)</xAnon> komplety, a Zadanie 2 Reaktora <xAnon>(...)</xAnon>, <xAnon>(...)</xAnon> komplet.</xText>
          <xText>W § <xAnon>(...)</xAnon> strony ustaliły, że szczegółowy zakres robót przedstawiają określone dokumenty i będą one uważane oraz odczytywane i interpretowane jako część umowy, w następującej kolejności: (<xAnon>(...)</xAnon>) Akt Umowy, (<xAnon>(...)</xAnon>) Warunki Umowy, (<xAnon>(...)</xAnon>) Karty doboru Urządzenia, (<xAnon>(...)</xAnon>) Wypełniony formularz Oferty, (<xAnon>(...)</xAnon>) Specyfikacje techniczne w tym Opis Techniczny Oferowanego Urządzenia (Opisy, Rysunki, Karty Katalogowe <xAnon> (...)</xAnon>, <xAnon>I.</xAnon>.) Dokumentacja Projektowa (Rysunki).</xText>
          <xText>W artykule <xAnon>(...)</xAnon> warunków umowy strony ustaliły, że wykonawca nie podzleci całości robót i będzie w pełni odpowiedzialnym za działania lub uchybienia każdego podwykonawcy, jego przedstawicieli lub pracowników, tak jakby to były działania lub uchybienia wykonawcy.</xText>
          <xText>Oprócz dokumentów umowy strony ustaliły, że zamawiający nie będzie dostarczał wykonawcy dodatkowych dokumentów (artykuł<xAnon>(...)</xAnon>).</xText>
          <xText>Powódka zobowiązała się do realizacji umowy z należytą starannością, wliczając projektowanie, produkcję, <xAnon> (...)</xAnon>, dostarczenie na miejsce wbudowania, części zamienne, montaż części składowych, testowanie i nadzór nad montażem dostaw w instalacji zamawiającego, szkolenie oraz wykonywanie wszelkich innych prac w tym naprawa defektów występujących w dostawach (artykuł<xAnon>(...)</xAnon>).</xText>
          <xText>Do umowy dołączono Karty Technologiczne Aparatu zawierające szczegółowe dane techniczne reaktorów, które stanowiły jedyne informacje dla powódki jako wykonawcy projektów w tym zakresie. W Karcie Technologicznej Reaktora <xAnon>(...)</xAnon>wskazano m.in. temperaturę roboczą która wynosić miała 220˚C oraz ciśnienie robocze w reaktorze - 2,1 MPa.</xText>
          <xText>W dniu 31 marca 2006 r. powódka złożyła pozwanej <xAnon>(...)</xAnon>Spółce z o.o. (dalej:<xAnon>(...)</xAnon>) ofertę na opracowanie dokumentacji aparatów <xAnon>(...)</xAnon> i <xAnon>(...)</xAnon>. Pozwana ofertę przyjęła i strony w dniu 10 kwietnia 2006 r. zawarły umowę, w której pozwana <xAnon>(...)</xAnon> zobowiązała się do wykonania dokumentacji warsztatowej i koncesyjnej dla Reaktora roztwarzania płatków<xAnon>(...)</xAnon>i Reaktora <xAnon>(...)</xAnon> poz.<xAnon>(...)</xAnon>.</xText>
          <xText>W załączniku nr <xAnon>(...)</xAnon> strony określiły szczegółowy zakres prac tj. wymaganą zawartość dokumentacji dla każdego z dwóch reaktorów. Składały się na nie: wstępna specyfikacja materiałowa, projekt aparatu do zatwierdzenia przez zamawiającego, dokumentacja wykonawcza aparatu, warunki wykonania i odbioru aparatu, opis techniczny, warunki techniczne wykonania i odbioru zabezpieczeń antykorozyjnych, dokumentacja koncesyjna z obliczeniami wytrzymałościowymi zatwierdzona przez<xAnon>(...)</xAnon>.</xText>
          <xText>W dniu 10 kwietnia 2006 r. pozwana <xAnon>(...)</xAnon> zwróciła się do <xAnon> (...)</xAnon><xAnon>G.</xAnon> z zapytaniem ofertowym w sprawie oferty na wykładzinę <xAnon> (...)</xAnon> dla stalowych reaktorów roztwarzania<xAnon>(...)</xAnon>podając ich parametry pracy takie jak temperaturę, ciśnienie robocze. W odpowiedzi otrzymała ofertę na dostawę wykładzin <xAnon>S.</xAnon> o rodzaju powłoki <xAnon>(...)</xAnon>zawierająca szczegółowe informacje technologiczne wykładzin, w tym jej odporność na temperaturę 220˚C oraz ich sposób nakładania.</xText>
          <xText>Pismem z dnia 29 czerwca 2006 r. strony stwierdziły przekazanie dokumentacji w wykonaniu umowy. Następnie w notatce z 26 września 2006 r. stwierdzono odstąpienia od projektu na życzenie Inwestora, a pozwana <xAnon>(...)</xAnon> zobowiązała się do rewizji dokumentacji.</xText>
          <xText><xAnon>Aneksem nr (...)</xAnon> z 6 października 2006 r. powódka z pozwaną <xAnon>(...)</xAnon>zaktualizowały zakres prac projektowych, termin ich wykonania i wynagrodzenie dotyczące <xAnon>umowy nr (...)</xAnon>.</xText>
          <xText>W dniu 16 listopada 2006 r. powódka złożyła zamówienie na dostawę w/w wykładzin <xAnon>(...)</xAnon> od <xAnon> (...)</xAnon> z prośbą o zapewnienie nadzoru przy poszczególnych etapach wykonywania powłok, z tego tytułu wystawiono powódce fakturę VAT.</xText>
          <xText>W dniu 5 stycznia 2007 r. powódka zleciła <xAnon>(...)</xAnon>wykonanie spornych powłok chemoodpornych, z tego tytułu wystawiono fakturę VAT i sporządzono raport z prac zabezpieczenia chemoodpornego reaktora tj. procesu termicznego utwardzania powłoki w hali komory suszarniczej przedsiębiorstwa <xAnon>(...)</xAnon>Sp. z o.o. W tym samym dniu powódka zleciła <xAnon> (...) Sp. z o.o.</xAnon> w <xAnon>S.</xAnon> wykonanie operacji obróbki cieplnej reaktorów, co stwierdzono certyfikatem i wystawiono fakturę VAT.</xText>
          <xText>Podczas wykonywania wykładziny obecny był przedstawiciel <xAnon> firmy (...)</xAnon>. Powódka nie uregulowała należności za wykładzinę <xAnon>(...)</xAnon>.</xText>
          <xText>W dniu 13 listopada 2007 r. podczas wstępnych prób podgrzania reaktorów<xAnon>(...)</xAnon> wykładzina uległa zniszczeniu. Temperatura maksymalna wynosiła 196˚C, a czynnikiem znajdującym się w reaktorze była woda.</xText>
          <xText>Proces technologiczny nakładania i utwardzania powłoki <xAnon>(...)</xAnon> jest procesem wymagającym bardzo dokładnego przestrzegania procedur i postępowania zgodnie z instrukcją. Nakładanie powłoki <xAnon>(...)</xAnon> musi odbywać się w sposób ciągły, a nieprzestrzeganie tych zasad prowadzi do zniszczenia powłoki w czasie eksploatacji.</xText>
          <xText>Podczas nakładania powłok w hali występowała temperatura 9˚C i prawdopodobnym było, że występowały różnice temperatur powietrza oraz elementów reaktora, jak też i wilgotności powietrza podczas natrysku powłoki. Tymczasem, zgodnie z instrukcją, powłoka powinna być natryskiwana w pomieszczeniu, w którym jest temperatura powyżej 15˚C, a wilgotność 50 %. Ponadto, grubość powłok po nałożeniu była wyższa od dopuszczonych w instrukcji, a poszczególne elementy reaktorów nie zostały poddane suszeniu po nałożeniu 1-wszej powłoki, co spowodowało jej rozwarstwienie podczas próby. Także podczas ostatniego etapu wykonywania powłoki tj. jego utwardzaniu, temperatura wzrostu do temperatury utwardzania oraz temperatura utwardzania powłoki były za wysokie. Za krótki był również czas osiągania odpowiedniej temperatury utwardzania powłoki.</xText>
          <xText>Przyczyną zniszczenia powłoki <xAnon>(...)</xAnon>, podczas prób technologicznych przeprowadzonych w reaktorach <xAnon>(...)</xAnon> było nieprzestrzeganie parametrów technologicznych procesu nakładania powłoki.</xText>
          <xText>Wykładzina <xAnon>(...)</xAnon> spełniała parametry pracy wewnątrz reaktora podane przez powódkę (temp. 220˚C i ciśnienie 2,1 MPa) i jest udoskonalonym pod względem właściwości produktem następnej generacji w stosunku do wykładziny <xAnon>S.</xAnon><xAnon>(...)</xAnon>. Powłoka <xAnon>S.</xAnon><xAnon>(...)</xAnon> jest odporna na temperaturę do 260˚C.</xText>
          <xText>Natomiast wpływ na wibrację mieszadeł w czasie prób technologicznych mógł mieć fakt, że próby przeprowadzono w warunkach odmiennych od rzeczywistych warunków pracy reaktora <xAnon>(...)</xAnon>.</xText>
          <xText>Pismem z dnia 28 listopada 2007 r. <xAnon> (...)</xAnon> wezwał powódkę do natychmiastowego przystąpienia do naprawy stwierdzonych defektów i usunięcia nieprawidłowości. Strony odbyły naradę dotyczącą wykonania nowych wykładzin. Wymieniły korespondencję.</xText>
          <xText>W dniu 15 listopada 2007 r. powódka zawarła z <xAnon>E. K.</xAnon> umowę o dzieło, której przedmiotem było wykonanie ekspertyzy wykładzin chemoodpornych reaktora roztwory <xAnon>(...)</xAnon> oraz mieszadeł roztworu <xAnon>(...)</xAnon>.</xText>
          <xText>Na zlecenie powódki Prof. dr hab. inż. <xAnon>J.</xAnon><xAnon>H.</xAnon> sporządził opracowanie pt. „<xAnon>(...)</xAnon>”.</xText>
          <xText>W dniu 30 listopada 2007 r. powódka zleciła <xAnon> (...) Sp. z o.o.</xAnon> wykonanie prac związanych z pokryciem wewnętrznych powierzchni reaktorów wykładziną ze stali kwasoodpornej; nie uregulowała należności z tego tytułu. W dniu 5 grudnia zleciła <xAnon> Zakładowi (...) Sp. z o.o.</xAnon> prace związane z remontem mieszadeł reaktorów.</xText>
          <xText>W dniu 9 stycznia 2008 roku powódka przekazała <xAnon> (...)</xAnon> dokumentację wykonawczą reaktora uwzględniającą zmianę wykładziny chemoodpornej oraz zmiany konstrukcji mieszadła, co do której nie zgłoszono zastrzeżeń.</xText>
          <xText>5 marca 2008 r. zgłoszono do odbioru reaktory <xAnon>(...)</xAnon> po usunięciu wad wykładziny chemoodpornej i mieszadła.</xText>
          <xText>Pismem z dnia 14 marca 2008 r. <xAnon> (...)</xAnon> zgłosiło powódce żądanie wyrównania szkody, będącej następstwem stwierdzonej protokołem z dnia 22 listopada 2007 r. wadliwości reaktorów z tytułu nienależytego wykonania <xAnon>umowy nr (...)</xAnon>. Żądanie obejmowało kwoty: 239 639,45 zł z tytułu wydatków związanych z demontażem wadliwych reaktorów, 82 500 zł z tytułu wydatków związanych z przedłużeniem procesu inwestycyjnego oraz 4 415 194,54 zł z tytułu utraconych przychodów.</xText>
          <xText>Pismem z dnia 20 marca 2008 r. powódka wezwała pozwaną <xAnon>(...)</xAnon>do zapłaty odszkodowania z tytułu nienależytego wykonania <xAnon>umowy nr (...)</xAnon>, polegającego na wadliwości pierwotnie opracowanego projektu w kwocie 6 168 040,63 zł.</xText>
          <xText>Próby ugodowego rozstrzygnięcia sporu nie odniosły skutku.</xText>
          <xText>Pozwana <xAnon>(...)</xAnon> w okresie od 15 maja 2007 r. do 14 maja 2008 r. była ubezpieczona od odpowiedzialności cywilnej z tytułu wykonywania zawodu projektanta, architekta lub inżyniera budowlanego u pozwanej <xAnon>(...)</xAnon>. Suma ubezpieczenia wynosiła 1 000 000 zł z franszyzą redukcyjną w wysokości 5 000 zł.</xText>
          <xText>Pozwana <xAnon>(...)</xAnon> odmówiła wypłaty odszkodowania.</xText>
          <xText>Podstawą ustaleń faktycznych były dowody z dokumentów, zeznania świadków i opinia biegłej sądowej.</xText>
          <xText>Nie dano wiary zeznaniom świadków <xAnon>E. K.</xAnon> i <xAnon>J.</xAnon>. Świadek <xAnon>K.</xAnon> wydając opinię prywatną oparła się jedynie na twierdzeniach powódki, a nie wzięła pod uwagę treści oferty dostawcy wykładziny reaktorów. Świadek <xAnon>J.</xAnon><xAnon>H.</xAnon>z kolei sporządzał prywatną opinię na zlecenie powódki, nie ocenił wykonawstwa, położenia wykładziny, jego zeznania są sprzeczne z opinią biegłego sądowego, nadto jest pracownikiem powódki.</xText>
          <xText>Sąd oddalił wnioski o dopuszczenie dowodu z dokumentów przedstawionych przy piśmie powódki z 1 lutego 2011 r. jako spóźnione.</xText>
          <xText>W takim stanie faktycznym Sąd pierwszoinstancyjny uznał brak podstaw prawnych do uwzględnienia powództwa.</xText>
          <xText>Stwierdził, że swoje roszczenie powódka opierała na <xLexLink xArt="art. 471" xIsapId="WDU19640160093" xTitle="Ustawa z dnia 23 kwietnia 1964 r. - Kodeks cywilny" xAddress="Dz. U. z 1964 r. Nr 16, poz. 93">art. 471 k.c.</xLexLink> i powódka nie wykazała przesłanek do przypisania pozwanej ad. 1 odpowiedzialności odszkodowawczej.</xText>
          <xText>Powódka nie wykazała, by pomiędzy projektem dokumentacji sporządzonych przez pozwaną <xAnon> (...)</xAnon>, a faktem powstania szkody w jej majątku istniał związek przyczynowy.</xText>
          <xText>Umowa zawarta pomiędzy powódką, a pozwaną <xAnon>P.</xAnon> – <xAnon> (...)</xAnon> dotyczyła jedynie wykonania dokumentacji w oparciu o przekazane jej parametry techniczne, pozwana nie była zobowiązana do wykonania reaktorów. Pozwana co prawda w projekcie wskazała na zastosowanie wykładziny chemoodpornej <xAnon>(...)</xAnon>, ale dobór ten był prawidłowy. Postępowanie dowodowe natomiast wykazało, że wyłączną przyczyną uszkodzenia powłoki było jej niewłaściwe nałożenie.</xText>
          <xText>Nadto – podkreślił Sąd pierwszoinstancyjny – brak wykazania przez powódkę wysokości dochodzonego roszczenia, a już w pozwie wbrew <xLexLink xArt="art. 6" xIsapId="WDU19640160093" xTitle="Ustawa z dnia 23 kwietnia 1964 r. - Kodeks cywilny" xAddress="Dz. U. z 1964 r. Nr 16, poz. 93">art. 6 k.c.</xLexLink> ciężar dowodu w tym zakresie przerzuciła na interwenienta ubocznego, który dowody w tym zakresie złożył po terminie.</xText>
          <xText>W konsekwencji brak także odpowiedzialności ubezpieczyciela pozwanej ad. 1.</xText>
          <xText>O kosztach postępowania orzeczono na podstawie <xLexLink xArt="art. 98" xIsapId="WDU19640430296" xTitle="Ustawa z dnia 17 listopada 1964 r. - Kodeks postępowania cywilnego" xAddress="Dz. U. z 1964 r. Nr 43, poz. 296">art. 98 k.p.c.</xLexLink></xText>
          
          <xText>Wyrok Sądu Okręgowego został zaskarżony apelacją powódki i interwenienta ubocznego.</xText>
          <xText>
            <xBx>Powódka apelacją objęła:</xBx>
          </xText>
          <xText>- oddalenie powództwa o zapłatę kwoty 1 247 366,35 zł wraz z ustawowymi odsetkami;</xText>
          <xText>zarzuciła:</xText>
          <xText>- naruszenie przepisów <xLexLink xArt="art. 233;art. 233 § 1" xIsapId="WDU19640430296" xTitle="Ustawa z dnia 17 listopada 1964 r. - Kodeks postępowania cywilnego" xAddress="Dz. U. z 1964 r. Nr 43, poz. 296">art. 233 § 1 k.p.c.</xLexLink>, <xLexLink xArt="art. 6" xIsapId="WDU19640160093" xTitle="Ustawa z dnia 23 kwietnia 1964 r. - Kodeks cywilny" xAddress="Dz. U. z 1964 r. Nr 16, poz. 93">art. 6 k.c.</xLexLink> w zw. z <xLexLink xArt="art. 232" xIsapId="WDU19640430296" xTitle="Ustawa z dnia 17 listopada 1964 r. - Kodeks postępowania cywilnego" xAddress="Dz. U. z 1964 r. Nr 43, poz. 296">art. 232 k.p.c.</xLexLink> i <xLexLink xArt="art. 227" xIsapId="WDU19640430296" xTitle="Ustawa z dnia 17 listopada 1964 r. - Kodeks postępowania cywilnego" xAddress="Dz. U. z 1964 r. Nr 43, poz. 296">227 k.p.c.</xLexLink>, <xLexLink xArt="art. 471" xIsapId="WDU19640160093" xTitle="Ustawa z dnia 23 kwietnia 1964 r. - Kodeks cywilny" xAddress="Dz. U. z 1964 r. Nr 16, poz. 93">471 k.c.</xLexLink> przez nieuwzględnienie faktu, że dobrana przez pozwaną ad. 1 wykładzina chemoodporna <xAnon>(...)</xAnon> w każdym przypadku musiała ulec uszkodzeniu na skutek przekraczania granicznych wielkości naprężeń i sił niszczących działających na nią w trakcie pracy reaktora w związku z fizycznym zjawiskiem cyklicznego rozszerzania się i kurczenia pozostających ze sobą w kontakcie obu powłok tj. wykładziny reaktora i jego korpusu, co skutkowało odpowiedzialność obu pozwanych – pozwanej ad. 1 w ramach kontraktu, a pozwaną ad. 2 w ramach odpowiedzialności ubezpieczeniowej;</xText>
          <xText>- przez nieuwzględnienie poniesienia faktycznej szkody przez powódkę w zakresie wymiany wykładziny i mieszadeł.</xText>
          <xText>Powódka wniosła o zmianę wyroku w zaskarżonej części przez uwzględnienie powództwa w zakresie kwoty 1 247 366,35 zł zasądzonej od pozwanych in solidum, przy czym od pozwanej ad. 2 do wysokości sumy gwarancyjnej z umowy ubezpieczenia oraz zmiany rozstrzygnięcia o kosztach procesu na podstawie <xLexLink xArt="art. 100" xIsapId="WDU19640430296" xTitle="Ustawa z dnia 17 listopada 1964 r. - Kodeks postępowania cywilnego" xAddress="Dz. U. z 1964 r. Nr 43, poz. 296">art. 100 k.p.c.</xLexLink></xText>
          <xText>Domagała się zasądzenia na jej rzecz kosztów procesu za obie instancje.</xText>
          <xText>W apelacji złożyła wniosek o dopuszczenie dowodu z instytutu naukowo-badawczego dla ustalenia niewłaściwego doboru przez pozwaną ad. 1 wykładziny chemoodpornej.</xText>
          <xText>W uzasadnieniu skarżąca podkreśliła uszkodzenie także wzorowej próbki wykładziny, dostarczonej jej przez producenta, że pozwana nie dokonała obliczeń jakie siły będą działały na wykładzinę w trakcie pracy reaktora, poprzestając jedynie na danych technicznych podanych przez producenta powłoki. Z prywatnej opinii sporządzonej na zlecenie powódki wynika natomiast brak wytrzymałości wykładziny korpusa reaktora.</xText>
          <xText>Pozwana ad. 1 zgodziła się z opinią pozaprocesową i przeprojektowała reaktory oraz mieszadła, opinia biegłego sądowego jest nie pełna, nie odnosi się do działających sił naprężających, pozostaje w sprzeczności z opinią prywatną i dowodami zebranymi w sprawie.</xText>
          <xText>Interwenient uboczny apelacją objął całe rozstrzygnięcie Sądu pierwszej instancji, domagając się jego zmiany przez zasądzenie solidarnie od pozwanych na rzecz powódki kwoty 6 006 633,37 zł wraz z odsetkami i kosztami procesu.</xText>
          <xText>Zaskarżonemu wyrokowi zarzucił:</xText>
          <xText>1. błąd w ustaleniach faktycznych mających wpływ na wydanie orzeczenia poprzez:</xText>
          <xText>- uznanie braku wykazania przez powódkę związku przyczynowego między nieprawidłowym sporządzeniem projektu przez pozwaną ad. 1, a powstałą po jej stronie szkodą;</xText>
          <xText>- przyjęcie, że wyłączną przyczyną uszkodzenia powłoki był jej niewłaściwy montaż;</xText>
          <xText>- przyjęcie braku wykazania przez powódkę wysokości szkody;</xText>
          <xText>- pominięcie sprzeczności wynikających z opinii przedprocesowej i biegłego sądowego;</xText>
          <xText>2. naruszenia przepisów prawa procesowego:</xText>
          <xText>- <xLexLink xArt="art. 233" xIsapId="WDU19640430296" xTitle="Ustawa z dnia 17 listopada 1964 r. - Kodeks postępowania cywilnego" xAddress="Dz. U. z 1964 r. Nr 43, poz. 296">art. 233 k.p.c.</xLexLink> poprzez dowolną ocenę dowodów z zeznań świadków <xAnon>E. K.</xAnon> i <xAnon>J.</xAnon><xAnon>H.</xAnon> w kontekście z innymi dowodami;</xText>
          <xText>- brak oceny zeznań prezesa pozwanej z dnia 6 kwietnia 2011 r. stanowiących uznanie niewłaściwe roszczenia;</xText>
          <xText>- <xLexLink xArt="art. 278" xIsapId="WDU19640430296" xTitle="Ustawa z dnia 17 listopada 1964 r. - Kodeks postępowania cywilnego" xAddress="Dz. U. z 1964 r. Nr 43, poz. 296">art. 278 k.p.c.</xLexLink> wyjście przez biegłą sądową poza zlecenie Sądu.</xText>
          <xText>Pozwani wnieśli o oddalenie obu apelacji i zasądzenie na ich rzecz kosztów postępowania apelacyjnego.</xText>
          
          <xText>
            <xBx>Sąd Apelacyjny zważył:</xBx>
          </xText>
          <xText>- apelacje w niewielkiej części zasługują na uwzględnienie.</xText>
          
          <xText>Generalnie ustalony przez Sąd Okręgowy stan faktyczny w sprawie jest prawidłowy, znajduje oparcie w zebranych dowodach ocenionych w granicach zakreślonych normą <xLexLink xArt="art. 233" xIsapId="WDU19640430296" xTitle="Ustawa z dnia 17 listopada 1964 r. - Kodeks postępowania cywilnego" xAddress="Dz. U. z 1964 r. Nr 43, poz. 296">art. 233 k.p.c.</xLexLink> i ustalenia te Sąd Apelacyjny potwierdza, uznając je za własne.</xText>
          <xText>Nie podziela jednak Sąd Apelacyjny ustalenia – z przyczyn podanych wyżej – Sądu pierwszej instancji co do nieprawidłowego wykonawstwa pokrycia reaktorów <xAnon>(...)</xAnon>wykładziną chemoodporną <xAnon>(...)</xAnon>, które to ustalenie legło u podstaw oddalenia w całości powództwa.</xText>
          <xText>Sąd Apelacyjny w dalszym ciągu rozpoznaje sprawę merytorycznie, nie ogranicza się tylko do rozpoznania wniesionych zarzutów apelacyjnych.</xText>
          <xText>W początkowym etapie w postępowaniu apelacyjnym – z uwagi na krytyczną ocenę biegłej <xAnon>J. P.</xAnon> – z urzędu dopuszczono dowód z opinii innego biegłego sądowego, jednakże w późniejszym okresie postanowienie to – uznając za zbędny ten dowód – zostało uchylone.</xText>
          <xText>Dalsze rozpoznanie merytoryczne sprawy przez sąd odwoławczy oznacza, że sąd ten ponownie ocenia dowody przeprowadzone przez sąd pierwszoinstancyjny i ponownie ustala stan faktyczny w sprawie.</xText>
          <xText>Nie ulega wątpliwości, że interwenient uboczny był inwestorem inwestycji pod nazwą „<xAnon>(...)</xAnon>”, a powódka była wykonawcą (przy pomocy podwykonawców), zaś pozwana <xAnon>(...)</xAnon> projektantem (jako jeden z podwykonawców powódki).</xText>
          <xText>W ramach inwestycji wykonywano m.in. 4 komplety reaktorów roztwarzania <xAnon>(...)</xAnon><xBRx/><xAnon>(...)</xAnon>, 1 komplet reaktora wytrącenia kwasu teraftalowego<xAnon>(...)</xAnon>oraz mieszadła do tychże reaktorów.</xText>
          <xText>Powódka zleciła zaprojektowanie reaktorów <xAnon>(...)</xAnon>oraz mieszadeł pozwanej <xAnon>(...)</xAnon>i strony w tej materii zawarły umowę w dniu 10 kwietnia 2006 r.</xText>
          <xText>Jako rozwiązanie techniczne zabezpieczenia wnętrza reaktorów <xAnon>(...)</xAnon>(po uzyskaniu informacji od producenta i zaakceptowaniu materiału przez powódkę) projektant wskazał wykładzinę <xAnon>(...)</xAnon>, którą zbiorniki zostały wyłożone.</xText>
          <xText>Zastosowana w reaktorach <xAnon>(...)</xAnon> wykładzina w trakcie próby technologicznej (nawet w łagodniejszym środowisku chemicznym) uległa spęknięciu i odpadnięciu, co zostało stwierdzone komisyjnie z udziałem stron i przedstawiciela producenta wykładziny. Komisyjnie stwierdzono także nieprawidłową pracę mieszadeł. Dodatkowo w czasie próby użyto wzorcową metalową próbkę pokrytą tą samą wykładziną – dostarczoną przez producenta – na której także wykładzina uległa degradacji. Po tym zdarzeniu powódka zleciła wykonanie przez rzeczoznawcę ekspertyzy, który stwierdził nieprawidłowe wykonanie projektu mieszadeł oraz nieprawidłowy dobór materiału do wyłożenia reaktorów, zalecając pokrycie ich blachą kwasoodporną.</xText>
          <xText>Po wydaniu tej ekspertyzy pozwana <xAnon>(...)</xAnon>na zlecenie powódki dokonała zmian w projekcie odnośnie mieszadeł i wyłożenia reaktorów <xAnon>(...)</xAnon>materiałem wskazanym przez rzeczoznawcę.</xText>
          <xText>Wymienione wyżej okoliczności faktyczne były między stronami bezsporne, strony natomiast odmiennie oceniały je pod względem prawnym.</xText>
          <xText>Powódkę i pozwaną <xAnon>(...)</xAnon> łączyła umowa o prace projektowe, która była umową o dzieło w rozumieniu <xLexLink xArt="art. 627" xIsapId="WDU19640160093" xTitle="Ustawa z dnia 23 kwietnia 1964 r. - Kodeks cywilny" xAddress="Dz. U. z 1964 r. Nr 16, poz. 93">art. 627 i nast. k.c.</xLexLink>, a więc umową rezultatu.</xText>
          <xText>Pozwany projektant bronił się m.in. podnosząc, że do jego obowiązków nie należał dobór materiału celem wyłożenia reaktorów <xAnon>(...)</xAnon>, zaś doboru tego materiału dokonała powódka, zresztą go nabywając.</xText>
          <xText>Z tym zarzutem pozwanej <xAnon>(...)</xAnon>nie sposób się zgodzić.</xText>
          <xText>Rzeczą bowiem projektanta – co jest powszechnie wiadomym – jest zastosowanie do projektowanego obiektu odpowiedniego materiału. Zakup natomiast przez inwestora materiału (chyba, że wbrew zleceniom projektanta) nie ma znaczenia.</xText>
          <xText>Wykonany przez pozwaną projekt posiadał wady w przedmiocie rozwiązań technicznych mieszadeł i doboru wykładziny chemoodpornej <xAnon>(...)</xAnon>.</xText>
          <xText>Zwrócić należy uwagę, że w umowie o dzieło – w razie ujawnienia się wady – na zamawiającym spoczywa jedynie ciężar udowodnienia wystąpienia wady, natomiast na wykonawcy ciężar wykazania przyczyn zaistnienia tejże wady.</xText>
          <xText>Powódka wykazała natomiast w procesie wystąpienie wad w mieszadłach oraz zniszczenie wykładziny wewnętrznej reaktorów <xAnon>(...)</xAnon>(okoliczność zresztą niesporna co do wystąpienia wad).</xText>
          <xText>Tym samym na pozwanego projektanta przerzucony został ciężar dowodu przyczyn wystąpienia wad, by wykazać przesłankę uwalniającą go z odpowiedzialności według reguły z <xLexLink xArt="art. 471" xIsapId="WDU19640160093" xTitle="Ustawa z dnia 23 kwietnia 1964 r. - Kodeks cywilny" xAddress="Dz. U. z 1964 r. Nr 16, poz. 93">art. 471 k.c.</xLexLink></xText>
          <xText>W przedmiotowej sprawie został dopuszczony dowód z opinii biegłego na okoliczność, czy rozwiązanie projektowe zaproponowane w projekcie wykonawczym, polegające na wykonaniu reaktora <xAnon>(...)</xAnon> ze stali węglowej i pokrycie go wykładziną chemoodporną <xAnon>(...)</xAnon> pozwala na prawidłowe funkcjonowanie tego reaktora w warunkach technologicznych, dla których był przewidziany w technologii inwestora oraz czy mieszadła zostały prawidłowo zaprojektowane oraz jakie były przyczyny ich wadliwego zachowania się.</xText>
          <xText>Opinię sporządziła biegła ds. chemii, technologii i przetwórstwa tworzyw sztucznych dr inż. <xAnon>J. P.</xAnon>, która zajęła stanowisko, że przyczyną zniszczenia powłoki <xAnon>(...)</xAnon> w reaktorach <xAnon>(...)</xAnon>, podczas prób technologicznych było nieprzestrzeganie parametrów technologicznych procesu nakładania powłoki (a więc nieprawidłowe wykonawstwo), a przyczyną nadmiernych wibracji mieszadeł było poddanie ich próbie w warunkach odmiennych od tych, w których miały pracować.</xText>
          <xText>Opinia biegłej została zakwestionowana przez powódkę, zaś biegła podtrzymała swoje stanowisko w ustnej opinii złożonej na rozprawie w dniu 14 grudnia 2011 r. Jednocześnie biegła przyznała, że nie jest specjalistą z zakresu aparatury chemicznej i inżynierii procesowej, a specjalistą z zakresu technologii sztucznych i nie badała naprężeń pomiędzy dwoma powłokami tj. zbiornikiem i wykładziną, a zgodziła się z prywatną opinią przedprocesową co do niewłaściwego zaprojektowania mieszadeł.</xText>
          <xText>Sąd oczywiście nie posiada wiadomości specjalistycznych w zakresie aparatury chemicznej, a nawet gdyby takie posiadał, to i tak nie mógłby ich wykorzystać, a koniecznym byłoby skorzystanie z opinii biegłego. Sporządzona przez biegłego opinia w sprawie podlega ocenie sądu, tak jak każdy inny dowód według reguł z <xLexLink xArt="art. 233;art. 233 § 1" xIsapId="WDU19640430296" xTitle="Ustawa z dnia 17 listopada 1964 r. - Kodeks postępowania cywilnego" xAddress="Dz. U. z 1964 r. Nr 43, poz. 296">art. 233 § 1 k.p.c.</xLexLink> i oceny tej sąd nie może dokonać bezkrytycznie, co miało miejsce w niniejszej sprawie.</xText>
          <xText>Sąd Apelacyjny nie podziela oceny opinii biegłej dokonanej przez Sąd pierwszoinstancyjny i nie daje wiary tej opinii. Po pierwsze biegła nie jest specjalistą z zakresu aparatury chemicznej i inżynierii procesowej, po drugie nie badała wzajemnych oddziaływań na siebie obu powłok i działających na siebie występujących sił fizycznych, a jedynie zachodzące procesy chemiczne, co było niewystarczającym, po trzecie nie ustosunkowała się do wielu zarzutów zgłoszonych przez powódkę. Tym samym nie obroniła swojej opinii. Przede wszystkim biegła zanegowała – mimo braku ku temu podstaw, a wbrew twierdzeniom stron i producenta – tożsamość wykładziny pokrywającej próbkę wzorcową z wykładziną w reaktorach i nie zajęła stanowiska co do przyczyn degradacji tej próbki w czasie próby technologicznej.</xText>
          <xText>Skoro Sąd Apelacyjny uznał opinię biegłego sądowego za niewiarygodną, to w konsekwencji pozwany projektant nie wykazał przesłanki uwalniającej go z odpowiedzialności za wady projektowe w świetle <xLexLink xArt="art. 471" xIsapId="WDU19640160093" xTitle="Ustawa z dnia 23 kwietnia 1964 r. - Kodeks cywilny" xAddress="Dz. U. z 1964 r. Nr 16, poz. 93">art. 471 k.c.</xLexLink></xText>
          <xText>Ponownie oceniając dowody osobowe Sąd Apelacyjny dał wiarę w pełni zeznaniom świadków <xAnon>J. K.</xAnon>, chociaż nie wniosły one wiele do sprawy, gdyż powłoki wewnętrzne reaktorów nie były przedmiotem uzgodnień <xAnon>(...)</xAnon>, jako obiektywnym i przekonywującym. Zeznaniom świadka <xAnon>A. G.</xAnon> nie dano wiary w części dotyczącej stwierdzenia, że projektant nie był zobowiązany do wskazania materiału wewnętrznego reaktorów <xAnon>(...)</xAnon> jako sprzecznym z umową stron. W pozostałym zakresie dano wiarę jako przekonywującym i zgodnym z pozostałym materiałem dowodowym zebranym w sprawie. Zeznaniom świadków <xAnon>K. C.</xAnon> i <xAnon>M. S.</xAnon> dano wiarę w całości jako przekonywującym, logicznym i zgodnym z dowodami z dokumentów. Z tych samych przyczyn Sąd Apelacyjny dał wiarę w całości zeznaniom świadka <xAnon>R. K.</xAnon>, <xAnon>W. C.</xAnon>, <xAnon>M. K.</xAnon>.</xText>
          <xText>Zeznania świadków <xAnon>E. K.</xAnon> i <xAnon>J.</xAnon><xAnon>H.</xAnon> nie mogą podlegać takiej samej ocenie jak zeznania pozostałych świadków, jako że odnosiły się do własnej oceny zdarzeń, zawierały wiedzę fachową, zaś zeznania świadków nie mogą zastępować opinii biegłego sądowego.</xText>
          <xText>Zeznaniom stron dano wiarę jako zgodnym z sobą, zeznaniami świadków oraz dowodów z dokumentów.</xText>
          <xText>Reasumując ten wątek za trafny należy uznać zarzut apelujących w przedmiocie naruszenia przepisu <xLexLink xArt="art. 233;art. 233 § 2" xIsapId="WDU19640430296" xTitle="Ustawa z dnia 17 listopada 1964 r. - Kodeks postępowania cywilnego" xAddress="Dz. U. z 1964 r. Nr 43, poz. 296">art. 233 § 2 k.p.c.</xLexLink>, prowadzący w konsekwencji do błędnego ustalenia o należytym wykonaniu umowy o prace projektowe, zawartą pomiędzy powódką, a pozwaną <xAnon>(...)</xAnon> (w części dotyczącej zaprojektowania mieszadeł i doboru wykładziny wewnętrznej w reaktorach <xAnon>(...)</xAnon>).</xText>
          <xText>W konsekwencji należy przyjąć odpowiedzialność projektanta co do zasady na podstawie <xLexLink xArt="art. 471" xIsapId="WDU19640160093" xTitle="Ustawa z dnia 23 kwietnia 1964 r. - Kodeks cywilny" xAddress="Dz. U. z 1964 r. Nr 16, poz. 93">art. 471 k.c.</xLexLink></xText>
          <xText>Zgodnie z przywołanym przepisem dłużnik odpowiedzialny jest do naprawienia szkody wynikłej z nienależytego wykonania zobowiązania, chyba że jest to następstwem okoliczności, za które nie ponosi dłużnik odpowiedzialności.</xText>
          <xText>Jak już podano wyżej zobowiązanie z umowy o prace projektowe zostało wykonane nienależycie w podanym zakresie. Zdaniem Sądu Apelacyjnego pozwany projektant nie wykazał, by występujące w projekcie błędy były następstwem okoliczności, za które nie ponosi odpowiedzialności.</xText>
          <xText>Dla przypisania dłużnikowi odpowiedzialności odszkodowawczej z <xLexLink xArt="art. 471" xIsapId="WDU19640160093" xTitle="Ustawa z dnia 23 kwietnia 1964 r. - Kodeks cywilny" xAddress="Dz. U. z 1964 r. Nr 16, poz. 93">art. 471 k.c.</xLexLink> wierzyciel oprócz wykazania nienależytego wykonania zobowiązania (co miało miejsce w niniejszej sprawie) winien także udowodnić powstanie szkody, istnienie związku przyczynowego między zaistniałą szkodą, a nienależytym wykonaniem zobowiązania oraz wysokość szkody.</xText>
          <xText>Zwrócić należy uwagę na poniesienie szkody i jej wysokości przez wierzyciela, a nie osobę trzecią, nawet gdy łączy go z nią stosunek obligacyjny (np. z interwenientem ubocznym).</xText>
          <xText>Przesłanki wystąpienia szkody u wierzyciela, związku przyczynowego ze zdarzeniem ją wywołującym oraz wysokości szkody podlegają ocenie według reguł z <xLexLink xArt="art. 361" xIsapId="WDU19640160093" xTitle="Ustawa z dnia 23 kwietnia 1964 r. - Kodeks cywilny" xAddress="Dz. U. z 1964 r. Nr 16, poz. 93">art. 361 k.c.</xLexLink></xText>
          <xText>Powódka pozwem objęła następujące pozycje (na łączną wartość 6 006 633,67 zł):</xText>
          <xText>- 4 732 267,32 zł szkodę doznaną przez interwenienta ubocznego, w tym utracone przychody wywołane zwłoką w przekazaniu reaktorów w wysokości 4 415 194,54 zł, koszty demontażu i ponownego wykonania reaktorów 239 639,45 zł, poniesione dodatkowo ogólne koszty w wyniku przedłużenia budowy w wysokości 77 433,33 zł;</xText>
          <xText>- koszty poniesione bezpośrednio przez powódkę na łączną kwotę 1 274 366,35 zł, na którą składały się koszty przeróbki reaktorów w zakresie wykładziny chemoodpornej i mieszadeł, w tym materiały 40 475,63 zł, wynagrodzenie podwykonawcy <xAnon> firmy (...)</xAnon> – 72 504,60 zł, wynagrodzenie podwykonawcy <xAnon> firmy (...)</xAnon> 1 146 386,12 zł, koszty ekspertyzy pozaprocesowej 15 000 zł.</xText>
          <xText>Roszczenie zapłaty kwoty 4 732 267,32 zł (objęte również apelacją interwenienta ubocznego) nie mogło być uwzględnione jako niewykazane, tak co do zasady, jak i wysokości. Jak powódka podała w pozwie, była to szkoda poniesiona przez interwenienta ubocznego. Powódka nie wykazała, by na jej rzecz nastąpiła cesja wierzytelności. Strona powodowa nie jest uprawniona do domagania się naprawienia szkody poniesionej przez interwenienta, który przystąpił po jej stronie w procesie, nie posiada bowiem w tym zakresie legitymacji czynnej. Powódka nie wykazała również, by podaną wyżej należność zapłaciła inwestorowi. Nadto, jak trafnie podniósł Sąd pierwszoinstancyjny, w podanej kwocie szkoda nie została wykazana co do wysokości.</xText>
          <xText>Niezasadne także były roszczenia powódki – wywodzone jako jej własna szkoda (objęta apelacją powódki i interwenienta ubocznego) w zakresie kwot 40 475,63 zł, 72 504,60 zł i 1 146 386,12 zł jako niepozostające w związku przyczynowym z wadliwością projektu i nie stanowiące właściwie szkody. Podawane bowiem wydatki odnosiły się do ponownych, prawidłowo wykonanych mieszadeł oraz pokrycia zbiorników nową, inną powłoką (jako takie nie dotyczyły szkody, gdyż urządzenia po poprawieniu ich zostały przekazane inwestorowi), a inwestor otrzymał urządzenie lepszej jakości i wyższej wartości. Wydatki te stanowią więc koszt inwestycji, co trafnie wskazywały obie strony pozwane.</xText>
          <xText>Szkodą – w związku z niewłaściwym projektem – były wydatki powódki związane z zakupem wykładziny chemoodpornej, koszty jej położenia i obróbki termicznej (karta 102, 104, 105, 118 i 119 akt) i nadzoru (k. 125) oraz koszty zakupu materiałów i wykonawstwa niewłaściwych mieszadeł (co do wydatków dotyczących wykonania wadliwych mieszadeł brak dowodów w zakresie wysokości), jednakże nie zostały one objęte żądaniem pozwu, więc – zgodnie z regułą z <xLexLink xArt="art. 321" xIsapId="WDU19640430296" xTitle="Ustawa z dnia 17 listopada 1964 r. - Kodeks postępowania cywilnego" xAddress="Dz. U. z 1964 r. Nr 43, poz. 296">art. 321 k.p.c.</xLexLink> – Sąd pierwszej instancji oraz odwoławczy nie mógł ich objąć wyrokowaniem.</xText>
          <xText>Zasadne natomiast było żądanie zapłaty kwoty 15 000 zł za wykonanie ekspertyzy pozaprocesowej na zlecenie powódki. Na taką kwotę – uiszczonego wynagrodzenia (rachunki k. 147 i 151 akt) powódka poniosła szkodę wywołaną nienależytym wykonaniem przez pozwaną <xAnon>P.</xAnon> – <xAnon> (...)</xAnon> projektu. Szkoda ta pozostaje w normalnym związku przyczynowym i została również wykazana co do wysokości. Powódka bowiem zmuszona była zlecić wykonanie przez rzeczoznawców ekspertyzy w celu ustalenia przyczyn wystąpienia wad w urządzeniach wykonanych według projektu sporządzonego przez <xAnon>(...)</xAnon>. Gdyby nie wystąpiły wady, nie zachodziłaby konieczność wykonania ekspertyzy i poniesienia na ich cel wydatków.</xText>
          <xText>Podstawą zasądzenia kwoty 15 000 zł od pozwanej<xAnon>(...)</xAnon> jest przepis <xLexLink xArt="art. 471" xIsapId="WDU19640160093" xTitle="Ustawa z dnia 23 kwietnia 1964 r. - Kodeks cywilny" xAddress="Dz. U. z 1964 r. Nr 16, poz. 93">art. 471 k.c.</xLexLink>, zaś pozwanego ubezpieczyciela <xLexLink xArt="art. 822" xIsapId="WDU19640160093" xTitle="Ustawa z dnia 23 kwietnia 1964 r. - Kodeks cywilny" xAddress="Dz. U. z 1964 r. Nr 16, poz. 93">art. 822 k.c.</xLexLink></xText>
          <xText>Sąd Apelacyjny nie podziela zarzutu pozwanego ubezpieczyciela, by umowa łącząca go z pozwaną <xAnon>(...)</xAnon> wyłączała jego odpowiedzialność za szkodę wywołaną błędami projektowymi.</xText>
          <xText>Ponieważ odpowiedzialność materialna obu pozwanych jest różna, odpowiedzialność ta ma charakter in solidum.</xText>
          <xText>Powódce od kwoty 15 000 zł należą się odsetki na podstawie <xLexLink xArt="art. 481" xIsapId="WDU19640160093" xTitle="Ustawa z dnia 23 kwietnia 1964 r. - Kodeks cywilny" xAddress="Dz. U. z 1964 r. Nr 16, poz. 93">art. 481 k.c.</xLexLink> od 10 kwietnia 2008 r. zgodnie ze sprecyzowaniem przez powódkę w piśmie na karcie 453 akt, stosownie do wezwania z 20 marca 2008 r. doręczonego pozwanej ad. 1 w dniu 26 marca 2008 r. (karta 315 akt wraz z dowodem wpływu do sekretariatu).</xText>
          <xText>Konkludując – obie apelacje były zasadne na kwotę 15 000 zł, co skutkowało zmianą wyroku na tej części na podstawie <xLexLink xArt="art. 386;art. 386 § 1" xIsapId="WDU19640430296" xTitle="Ustawa z dnia 17 listopada 1964 r. - Kodeks postępowania cywilnego" xAddress="Dz. U. z 1964 r. Nr 43, poz. 296">art. 386 § 1 k.p.c.</xLexLink>, zaś w pozostałej części – jako pozbawione podstaw prawnych – oddalono w oparciu o <xLexLink xArt="art. 385" xIsapId="WDU19640430296" xTitle="Ustawa z dnia 17 listopada 1964 r. - Kodeks postępowania cywilnego" xAddress="Dz. U. z 1964 r. Nr 43, poz. 296">art. 385 k.p.c.</xLexLink></xText>
          <xText>Podstawą rozstrzygnięcia o kosztach postępowania za pierwszą i drugą instancję był <xLexLink xArt="art. 98;art. 99" xIsapId="WDU19640430296" xTitle="Ustawa z dnia 17 listopada 1964 r. - Kodeks postępowania cywilnego" xAddress="Dz. U. z 1964 r. Nr 43, poz. 296">art. 98, 99 k.p.c.</xLexLink> w zw. z rozporządzeniem Ministra Sprawiedliwości w sprawie opłat za czynności radców prawnych i czynności adwokackie.</xText>
          <xText>Powódka w całości została obciążona kosztami za obie instancje, gdyż w minimalnym stopniu utrzymała się w swoim roszczeniu (w I instancji w 0,2 %, zaś w apelacji 1,1 %).</xText>
          <xText>Na marginesie należy zauważyć, iż interwenient był uprawniony do zaskarżenia wyższej kwoty niźli apelacją objętą przez powódkę.</xText>
          
          <xText>
            <xAnon>(...)</xAnon>
          </xText>
          <xText>
            <xAnon>(...)</xAnon>
          </xText>
          <xText>
            <xAnon>(...)</xAnon>
          </xText>
          <xText>
            <xAnon>(...)</xAnon>
          </xText>
          
          <xText>
            <xAnon>(...)</xAnon>
          </xText>
        </xUnit>
      </xBlock>
    </xPart>
  </judgement>
<judgement id="155025100000503_I_C_000672_2012_Uz_2013-05-29_001">
    <xPart xEditorFullName="Ewelina Grudzień" xYear="2012" xLang="PL" xPublisherFullName="Dorota Stochła" xFromPg="1" xEditor="egrudzien" xVolType="15/502510/0000503/C" xPublisher="dstochla" xDocType="Uz" xVolNmbr="000672" xVersion="1.0" xToPage="2" xFlag="published">
      <xName>Wyrok+Uzasadnienie</xName>
      <xBlock>
        <xText>Sygn. akt I C 672/12</xText>
        <xUnit xIsTitle="true" xBold="true" xType="part">
          <xName>WYROK</xName>
          <xTitle>W IMIENIU RZECZYPOSPOLITEJ POLSKIEJ</xTitle>
          <xText xALIGNx="right">Dnia, 29 maja 2013r</xText>
          <xText>Sąd Rejonowy w Oleśnicy I Wydział Cywilny w składzie:</xText>
          <xText>
            <xBx>Przewodniczący <xIx>SSR Aleksandra Sobieska </xIx></xBx>
          </xText>
          <xText>
            <xBx>Protokolant Agnieszka Mazur</xBx>
          </xText>
          
          <xText>po rozpoznaniu w dniu 29 maja 2013r w Oleśnicy</xText>
          <xText>na rozprawie</xText>
          <xText>sprawy z powództwa <xBx><xIx><xAnon>D. Ś. (1)</xAnon></xIx></xBx></xText>
          <xText>przeciwko <xBx><xIx><xAnon>J. D. (1)</xAnon></xIx></xBx></xText>
          <xText>
            <xIx>o zapłatę </xIx>
          </xText>
          
          <xUnit xIsTitle="false" xType="none">
            <xName xSffx=".">I</xName>
            <xText>powództwo oddala;</xText>
          </xUnit>
          <xUnit xIsTitle="false" xType="none">
            <xName xSffx=".">II</xName>
            <xText>zasądza od powódki na rzecz pozwanego kwotę 1.217,00 zł tytułem zwrotu</xText>
          </xUnit>
          <xText>kosztów procesu.</xText>
          
          <xText>
            <xIx>Z/ - kal 21 dni </xIx>
          </xText>
          <xText>29.05.2013r</xText>
          
          <xText>Sygn. akt I C 672/12</xText>
        </xUnit>
        <xUnit xIsTitle="true" xBold="true" xType="part">
          <xName>UZASADNIENIE</xName>
          <xText>Powódka – <xAnon>D. Ś. (2)</xAnon> wystąpiła z powództwem przeciwko pozwanemu – <xAnon>J. D. (1)</xAnon> wnosząc po sprecyzowaniu żądania (k.8) o zasądzenie na jej rzecz kwoty 10.000 zł. Powódka dodała, że domaga się swojej części z kwoty 50.000 zł z tego tytułu, że na podstawie wyroku z dnia 8.03.2011r., sygn. akt II K 663/10 warunkowo umorzono postępowanie pozwanemu. Pozwany zabrał przedmioty o wartości 50.000 zł stanowiące własność jej siostry, której jest jedną ze spadkobierczyń. Przedmioty te to: kuta brama ogrodowa, lodówka, dwie kuchnie gazowe, kuchenka mikrofalowa, robot kuchenny, frytkownica, zamrażarka, zlewozmywak ze stali nierdzewnej, meble kuchenne, szafy wnękowe, meble pokojowe, łóżko, zestaw wypoczynkowy, telewizor, meble ogrodowe, duży grill ogrodowy, kosiarka do trawy, solarium, rower treningowy, bieżnia, atlas, pas do masażu, drabinka i materac sportowy, biurko, sekretarzyk, serwisy obiadowe, sztućce, rzeczy osobiste, albumy książki, kołdry, poduszki, koce, bielizna pościelowa.</xText>
          <xText>W odpowiedzi na pozew pozwany wniósł o oddalenie powództwa w całości oraz o zasądzenie na jego rzecz kosztów sporu. W uzasadnieniu pozwany wskazał, że brak jest podstaw faktycznych i prawnych dochodzonego przez powódkę roszczenia. Pozwany wraz ze zmarłą siostrą powódki – <xAnon>U. P. (1)</xAnon> pozostawali w wieloletnim związku konkubenckim. Z uwagi na brak uregulowania przez pozwanego i <xAnon>U. P. (1)</xAnon> sytuacji prawnej nieruchomości położonej w <xAnon>S.</xAnon> przy <xAnon>ul. (...)</xAnon>, spadkobiercami stało się rodzeństwo zmarłej oraz jej matka. Pozwany wystąpił do Sądu z pozwem o zapłatę, która to sprawa zakończyła się wyrokiem zasądzającym od spadkobierców na rzecz pozwanego solidarnie kwotę 50.000 zł. Takie niekorzystne rozstrzygnięcie spowodowało, że powódka podjęła kolejne kroki, tym razem mające na celu pociągnięcie pozwanego do odpowiedzialności karnej, to jednakże nie powiodło się ponieważ postępowanie karne zostało warunkowo umorzone, wbrew twierdzeniom powódki, nie został orzeczony obowiązek naprawienia szkody. Dodatkową złość powódki czyni fakt, że z uwagi na brak zapłaty na rzecz pozwanego kwoty 50.000 zł wynikającej z prawomocnego wyroku Sądu Rejonowego w Oleśnicy w sprawie I C 527/05, pozwanemu została przysądzona na własność nieruchomość stanowiąca uprzednio własność powódki i aktualnie toczy się postępowanie o jej eksmisję, bowiem powódka uniemożliwia pozwanemu wykonywanie prawa własności i nie dopuszcza go do posiadana nieruchomości, jak również uchyla się od zapłaty za bezumowne zajmowanie nieruchomości.</xText>
          <xText>
            <xUx>Sąd ustalił następujący stan faktyczny: </xUx>
          </xText>
          <xText><xAnon>J. D. (1)</xAnon> pozostawał w związku konkubenckim przez 20 lat z <xAnon>U. P. (1)</xAnon>. <xAnon>U. P. (1)</xAnon> była siostrą powódki <xAnon>D. Ś. (1)</xAnon>.</xText>
          <xText>
            <xIx>(okoliczności bezsporne)</xIx>
          </xText>
          <xText><xAnon>J. D. (1)</xAnon> mieszkał wraz z <xAnon>U. P. (1)</xAnon> przez dwa lata przed jej śmiercią w jej domu znajdującym się w <xAnon>S.</xAnon> przy <xAnon>ul. (...)</xAnon>. W domu tym znajdowały się meble przewiezione w ich poprzedniego miejsca zamieszkania oraz rzeczy osobiste <xAnon>J. D. (1)</xAnon>.</xText>
          <xText>
            <xIx>(dowód: przesłuchanie <xAnon>J. D. (1)</xAnon> – k. 36) </xIx>
          </xText>
          <xText>W dniu 24 stycznia 2011r. <xAnon>U. P. (1)</xAnon> zmarła. Po jej śmierci <xAnon>J. D. (1)</xAnon> nadal zamieszkiwał w nieruchomości położonej przy <xAnon>ul. (...)</xAnon> w <xAnon>S.</xAnon>.</xText>
          <xText>
            <xIx>(okoliczności bezsporne)</xIx>
          </xText>
          <xText>Prawomocnym postanowieniem z dnia 19 grudnia 2002r., sygn. akt I Ns 18/02 Sąd Rejonowy w Oleśnicy stwierdził, że spadek po <xAnon>U. P. (1)</xAnon> zmarłej 24 stycznia 2001r. we <xAnon>W.</xAnon>, ostatnio zamieszkałej w <xAnon>S.</xAnon> na podstawie ustawy nabyli: matka <xAnon>A. P.</xAnon> w 15/40 części oraz rodzeństwo <xAnon>D. Ś. (2)</xAnon>, <xAnon>B. N.</xAnon>, <xAnon>H. P.</xAnon>, <xAnon>S. P.</xAnon>, <xAnon>J. P.</xAnon> po 5/40 części i wprost.</xText>
          <xText>
            <xIx>(dowód: postanowienie z dnia 19.12.2001r. – k. 104 akta I Ns 18/02)</xIx>
          </xText>
          <xText>Spadkobiercy <xAnon>U. P. (1)</xAnon> dokonali sprzedaży domu położonego w <xAnon>S.</xAnon> przy <xAnon>ul. (...)</xAnon>. Nowy nabywca została wprowadzony do domu pod nieobecność <xAnon>J. D. (1)</xAnon>. Nabywca dokonał wymiany zamków i <xAnon>J. D. (1)</xAnon> nie został już wpuszczony do przedmiotowej nieruchomości.</xText>
          <xText>
            <xIx>(dowody: zeznania świadka <xAnon>J. D. (2)</xAnon> – k. 35;</xIx>
          </xText>
          <xText>
            <xIx> przesłuchanie pozwanego <xAnon>J. D. (1)</xAnon> – k. 36-37) </xIx>
          </xText>
          
          <xText>Wyrokiem zaocznym z dnia 12 lutego 2007r., sygn. akt I C 527/05 Sąd Rejonowy w Oleśnicy zasądził od pozwanych <xAnon>D. Ś. (1)</xAnon>, <xAnon>A. P.</xAnon>, <xAnon>B.</xAnon><xAnon>N.</xAnon>, <xAnon>J. P.</xAnon>, <xAnon>H. P.</xAnon>, <xAnon>S. P.</xAnon> solidarnie na rzecz powoda <xAnon>J. D. (1)</xAnon> kwotę 50.000 zł wraz z ustawowymi odsetkami od dnia 2 września 2005r. do dnia zapłaty oraz kwotę 2915 zł tytułem zwrotu kosztów procesu.</xText>
          
          <xText>
            <xIx>(dowód: wyrok z dnia 12.02.2007r. – k. 119 akta I C 527/05) </xIx>
          </xText>
          
          <xText>Wyrokiem z dnia 8 marca 2011r. Sąd Rejonowy w Oleśnicy II K 663/10 uznał <xAnon>J. D. (1)</xAnon> za winnego tego, że w bliżej nieustalonym czasie pomiędzy 2001 a 2006 w <xAnon>S.</xAnon> przy <xAnon>ulicy (...)</xAnon> przywłaszczył rower treningowy, przyrząd wieloczynnościowy o wartości nie mniejszej niż 300 zł, czym działał na szkodę <xAnon>D. Ś. (1)</xAnon>, <xAnon>A. P.</xAnon>, <xAnon>B. N.</xAnon>, <xAnon>H. P.</xAnon>, <xAnon>S. P.</xAnon>, <xAnon>J. P.</xAnon> tj. przestępstwa z <xLexLink xArt="art. 284;art. 284 § 3" xIsapId="WDU19970880553" xTitle="Ustawa z dnia 6 czerwca 1997 r. - Kodeks karny" xAddress="Dz. U. z 1997 r. Nr 88, poz. 553">art. 284 § 3 k.k.</xLexLink> w zw. z <xLexLink xArt="art. 12" xIsapId="WDU19970880553" xTitle="Ustawa z dnia 6 czerwca 1997 r. - Kodeks karny" xAddress="Dz. U. z 1997 r. Nr 88, poz. 553">art. 12 k.k.</xLexLink> i warunkowo umorzył postępowanie karne wobec oskarżonego na okres próby wynoszący 1 rok.</xText>
          <xText>
            <xIx>(dowód: wyrok z dnia 08.03.2011r. – k. 280-281 akta II K 663/10) </xIx>
          </xText>
          <xText>
            <xBx>Sąd zważył:</xBx>
          </xText>
          <xText>Powództwo nie zasługiwał ona uwzględnienie.</xText>
          <xText>Powódka domagała się od pozwanego zasądzenia na swoją rzecz kwoty 10.000 zł, która stanowić miała jej część spadku po zmarłej siostrze <xAnon>U. P. (1)</xAnon>, w postaci szeregu ruchomości, które miały zostać bezprawnie zabrane przez pozwanego <xAnon>J. D. (1)</xAnon>. Powódka na uzasadnienie swojego żądania wskazała, że przeciwko pozwanemu zapadł w dniu 8 marca 2011r. wyrok warunkowo umarzający postępowanie karne i w aktach tych znajdują się wszystkie dowody.</xText>
          <xText>Pozwany kwestionował żądanie pozwu wskazując, że pozbawione jest ono zarówno podstaw faktycznych jak i prawnych, zaprzeczył także, aby dokonywał zaboru jakichkolwiek ruchomości należących do <xAnon>U. P. (1)</xAnon>. Wskazał także, że złożenie przedmiotowego pozwu wynika z faktu, że uzyskał wobec spadkobierców po <xAnon>U. P. (2)</xAnon> prawomocny wyrok zasądzający na jego rzecz solidarnie kwotę 50.000 zł. Wobec braku zapłaty przez powódkę przysądzona została na jego rzecz własność jej nieruchomości i toczy się postępowanie o eksmisję powódki.</xText>
          <xText>W pierwszej kolejności wskazać należy, że w polskim systemie prawnym obowiązuje zasada, iż w razie istnienia sporu między stronami stosunku cywilnoprawnego obowiązek (ciężar dowodu) udowodnienia faktów mających znaczenie dla rozstrzygnięcia sprawy, spoczywa na osobie, która z tego faktu wywodzi skutki prawne (<xLexLink xArt="art. 6" xIsapId="WDU19640160093" xTitle="Ustawa z dnia 23 kwietnia 1964 r. - Kodeks cywilny" xAddress="Dz. U. z 1964 r. Nr 16, poz. 93">art. 6 k.c.</xLexLink>). Unormowania kodeksowe przywiązują duże znaczenie do zasad kontradyktoryjności i dyspozycyjności, co znajduje szczególny wyraz w tym, że strony są zobowiązane wskazywać dowody dla stwierdzenia faktów, z których wywodzą skutki prawne (<xLexLink xArt="art. 232" xIsapId="WDU19640430296" xTitle="Ustawa z dnia 17 listopada 1964 r. - Kodeks postępowania cywilnego" xAddress="Dz. U. z 1964 r. Nr 43, poz. 296">art. 232 k.p.c.</xLexLink>). Stosownie do zasady wyrażonej w <xLexLink xArt="art. 3" xIsapId="WDU19640430296" xTitle="Ustawa z dnia 17 listopada 1964 r. - Kodeks postępowania cywilnego" xAddress="Dz. U. z 1964 r. Nr 43, poz. 296">art. 3 k.p.c.</xLexLink>, a rozwiniętej m.in. w <xLexLink xArt="art. 232;art. 232 zd. 1" xIsapId="WDU19640430296" xTitle="Ustawa z dnia 17 listopada 1964 r. - Kodeks postępowania cywilnego" xAddress="Dz. U. z 1964 r. Nr 43, poz. 296">art. 232 zd. 1 k.p.c.</xLexLink>, dowody są obowiązane przedstawiać strony, a rozkład ciężaru dowodu wynikający także z <xLexLink xArt="art. 6" xIsapId="WDU19640160093" xTitle="Ustawa z dnia 23 kwietnia 1964 r. - Kodeks cywilny" xAddress="Dz. U. z 1964 r. Nr 16, poz. 93">art. 6 k.c.</xLexLink> powoduje to, że strona, która chce dochodzić roszczeń wymagających dowodzenia środkami dowodowymi, z których może skorzystać, powinna liczyć się z koniecznością przedstawienia takich dowodów, gdyż w przeciwnym razie jej powództwo może być oddalone. Zatem ten, kto powołując się na przysługujące mu prawo, żąda czegoś od innej osoby, obowiązany jest udowodnić fakty (okoliczności faktyczne) uzasadniające to żądanie, ten zaś kto odmawia uczynienia zadość żądaniu, a więc neguje uprawnienie żądającego, obowiązany jest udowodnić fakty wskazujące na to, że uprawnienie żądającemu nie przysługuje (tak: Stanisław Dmowski, Stanisław Rudnicki „Komentarz do kodeksu cywilnego, Księga pierwsza, część ogólna”, Wydawnictwo Prawnicze LexisNexis). Samo zaprzeczenie okolicznościom dokonane przez stronę procesową wywołuje ten skutek, że istotne dla rozstrzygnięcia sprawy fakty stają się sporne i muszą być udowodnione, zaś w razie ich nieudowodnienia Sąd oceni je na niekorzyść strony, na której spoczywał ciężar dowodu, chyba że miał możność przekonać się o prawdziwości tych twierdzeń na innej podstawie (tak: postanowienie Sądu Najwyższego z dnia 28.04.1975 r., III CRN 26/75, LEX nr 7692).</xText>
          <xText>Powódka powoływała się na fakt, że pozwany skazany został wyrokiem Sądu Rejonowego w Oleśnicy z dnia 8 maca 2011r. i że w aktach tych znajdują się wszystkie dowody.</xText>
          <xText>Zgodnie z treścią <xLexLink xArt="art. 11" xIsapId="WDU19640430296" xTitle="Ustawa z dnia 17 listopada 1964 r. - Kodeks postępowania cywilnego" xAddress="Dz. U. z 1964 r. Nr 43, poz. 296">art. 11 k.p.c.</xLexLink> ustalenia wydanego w postępowaniu karnym prawomocnego wyroku skazującego co do popełnienia przestępstwa wiążą sąd w postępowaniu cywilnym. Jednakże osoba, która nie była oskarżona, może powoływać się w postępowaniu cywilnym na wszelkie okoliczności wyłączające lub ograniczające jej odpowiedzialność cywilną.</xText>
          <xText>Wyrokiem z dnia 8 marca 2011r. Sąd Rejonowy w Oleśnicy II K 663/10 uznał <xAnon>J. D. (1)</xAnon> za winnego tego, że w bliżej nieustalonym czasie pomiędzy 2001 a 2006 w <xAnon>S.</xAnon> przy <xAnon>ulicy (...)</xAnon> przywłaszczył rower treningowy, przyrząd wieloczynnościowy o wartości nie mniejszej niż 300 zł, czym działał na szkodę <xAnon>D. Ś. (1)</xAnon>, <xAnon>A. P.</xAnon>, <xAnon>B. N.</xAnon>, <xAnon>H. P.</xAnon>, <xAnon>S. P.</xAnon>, <xAnon>J. P.</xAnon> tj. przestępstwa z <xLexLink xArt="art. 284;art. 284 § 3" xIsapId="WDU19970880553" xTitle="Ustawa z dnia 6 czerwca 1997 r. - Kodeks karny" xAddress="Dz. U. z 1997 r. Nr 88, poz. 553">art. 284 § 3 k.k.</xLexLink> w zw. z <xLexLink xArt="art. 12" xIsapId="WDU19970880553" xTitle="Ustawa z dnia 6 czerwca 1997 r. - Kodeks karny" xAddress="Dz. U. z 1997 r. Nr 88, poz. 553">art. 12 k.k.</xLexLink> i warunkowo umorzył postępowanie karne wobec oskarżonego na okres próby wynoszący 1 rok.</xText>
          <xText>Wskazać należy, że zgodnie z <xLexLink xArt="art. 11" xIsapId="WDU19640430296" xTitle="Ustawa z dnia 17 listopada 1964 r. - Kodeks postępowania cywilnego" xAddress="Dz. U. z 1964 r. Nr 43, poz. 296">art. 11 k.p.c.</xLexLink> Sąd cywilny związany jest tylko ustaleniami dotyczącymi popełnienia przestępstwa - a więc okolicznościami składającymi się na jego stan faktyczny, czyli osobą sprawcy, przedmiotem przestępstwa oraz czynem przypisanym oskarżonemu - które znajdują się w sentencji wyroku. Oznacza to, że sąd - rozpoznając sprawę cywilną - musi przyjąć, że skazany popełnił przestępstwo przypisane mu wyrokiem karnym (wyrok SN z dnia 14 kwietnia 1977 r., IV PR 63/77, LEX nr 7928). <xIx>A contrario</xIx> nie mają zaś mocy wiążącej orzeczenia karne umarzające postępowanie (por. wyrok SN z dnia 17 lutego 2005 r., II PK 217/04, OSNP 2005, nr 18, poz. 285) ani <xUx>umarzające warunkowo postępowanie</xUx> nie są to bowiem wyroki skazujące (por. uchwałę połączonych Izb Karnej i Wojskowej z dnia 22 grudnia 1978 r., VII KZP 23/77, wyrok SN z dnia 20 września 1973 r., II PR 223/73, NP 1974, nr 6, s. 846, z glosą aprobującą J. Tyszki oraz uchwałę składu siedmiu sędziów SN z dnia 22 października 1974 r., III PZP 20/74, OSNCP 1975, nr 2, poz. 17).</xText>
          <xText>Mając zatem na względzie, że nie pozostawał związany wyrokiem Sądu Rejonowego w Oleśnicy z dnia 8 marca 2011r., II K 663/10, powódka w toku niniejszego postępowania powinna wykazać wszystkie przesłanki warunkujące przyjęcie odpowiedzialności pozwanego tj. faktu dokonania przez <xAnon>J. D. (1)</xAnon> zaboru wyszczególnionych w pozwie ruchomości, faktu, iż stanowiły one rzeczywiście własność <xAnon>U. P. (1)</xAnon> oraz ich wartości. Za niewystarczające uznać nalazło odwołanie się do dowodów znajdujących się w aktach II K 663/10. Sąd cywilny samodzielnie prowadzi postępowanie dowodowe, a procedura cywila nie zna dowodu z akt innej sprawy. Przeprowadzenie dowodu z przesłuchania świadków bezpośrednio przed sądem orzekający ma decydujące znaczenie dla prawidłowości jego oceny, a zatem z reguły oparcie ustaleń na takim dowodzie przeprowadzonym w innej sprawie stanowi naruszenie zasady bezpośredniości.</xText>
          <xText>Powódka w zasadzie nie podjęła żadnej inicjatywy dowodowej w niniejszym postępowaniu. Była zaś pouczana o zasadzie rozkładu ciężaru dowodu i trybie składnia wniosków dowodowych, w końcowej fazie procesu była zaś reprezentowana przez fachowego pełnomocnika, który również nie zgłosił wniosków dowodowych.</xText>
          <xText>Wyłącznym dowodem mającym świadczyć o fakcie dokonania zaboru przez pozwanego ruchomości stanowiących własność <xAnon>U. P. (1)</xAnon> były twierdzenia samej powódki. Powódka nie przedstawiał przy tym żadnego dowodu, że przedmioty wymienione i bardzo ogólnie opisane w pozwie stanowiły własność <xAnon>U. P. (1)</xAnon>, jak również że przedstawiały wartość 50.000 zł. Nie przedłożyła żadnych faktur, rachunków, bądź innych dowodów pozwalający faktycznie ustalić ruchomości, które weszły w skład spadku po <xAnon>U. P. (1)</xAnon>. Powódka sama wskazała, że nie wie ile są warte poszczególne kuchnie gazowe, nie zna nawet ich marek, natomiast co do bramy kutej to była to normalna brama, jaką widzi się przy posesjach i że zdaje się jej, że brama miała wartość 2000 zł. Pozwany stanowczo przeczył, aby zabrał jakiekolwiek ruchomości z domu przy <xAnon>ul. (...)</xAnon> w <xAnon>S.</xAnon>. Wskazywał przy tym, że z domu tego został wyrzucony, podczas jego nieobecności wymieniono zamki, a później nie miał już do niego dostępu. Dodał, że w domu zostały rzeczy, których nie zabrał jak również, że nowy nabywca kazał mu szukać jego rzeczy na śmietniku. Świadek <xAnon>J. D. (2)</xAnon> zeznał natomiast , że jego brat mieszkał w tym domu do momentu, kiedy zakupił go nowy właściciel, który „włamał się do tego domu” pod nieobecność brata. Dodał, że był w tym domu w dni wymiany zamków iż w dniu tym nieruchomość była umeblowana. Wskazał także, że jego <xAnon>J. D. (1)</xAnon> nic nie zabrał z tej nieruchomości oraz że nic mu nie jest wiadomym, aby po tym zdarzeniu brat był jeszcze w tej nieruchomości. Z twierdzeń samej powódki wynikało, że dostęp do domu przy <xAnon>ul. (...)</xAnon> w <xAnon>S.</xAnon> miały różne osoby. Powódka wymienił przy tym, że klucze te posiadać miała <xAnon>E. K.</xAnon>, <xAnon>J. O.</xAnon>, siostrzeniec <xAnon>J. D. (1)</xAnon>, nie zaprzeczyła również temu, że przez jakiś czas to również ona posiadała dostęp do tej nieruchomości. Tym samym nie sposób przyjąć było, że to wyłącznie pozwany mógł dokonać ewentualnego zaboru rzeczy znajdujących się w tym domu.</xText>
          <xText>Powtórzyć należy, że powódka nie przedstawiła żadnych dowodów o charakterze obiektywny, z których wynikałoby, że pozwany faktycznie przywłaszczył rzeczy stanowiące uprzednio własność jej siostry oraz wartość tychże przedmiotów. Powództwo nie mogło zostać uwzględnione tylko na tej podstawie, że w ocenie i przekonaniu powódki wymienione w pozwie ruchomości stanowią łącznie wartość 50.000 zł.</xText>
          <xText>Z tego względu powództwo, jako nieudowodnione podlegało oddaleniu, o czym Sąd orzekł w pkt I wyroku.</xText>
          <xText>Podstawę orzeczenia o kosztach stanowiły uregulowania <xLexLink xArt="art. 98;art. 98 § 1" xIsapId="WDU19640430296" xTitle="Ustawa z dnia 17 listopada 1964 r. - Kodeks postępowania cywilnego" xAddress="Dz. U. z 1964 r. Nr 43, poz. 296">art. 98 § 1 k.p.c.</xLexLink>, zgodnie z którym powódka, jako strona przegrywająca spór obowiąż an jest do zwrotu na rzecz pozwanego poniesionych przez niego kosztów, na które składały się kwota 1217 zł kosztów zastępstwa procesowego pozwanego (zgodnie z <xLexLink xArt="§ 6;§ 6 pkt. 4" xIsapId="WDU20021631348" xTitle="Rozporządzenie Ministra Sprawiedliwości z dnia 28 września 2002 r. w sprawie opłat za czynności adwokackie oraz ponoszenia przez Skarb Państwa kosztów nieopłaconej pomocy prawnej udzielonej z urzędu" xAddress="Dz. U. z 2002 r. Nr 163, poz. 1348">§ 6 pkt 4 rozporządzenia Ministra Sprawiedliwości z dnia 28 września 2002r. w sprawie opłat za czynności adwokackie i ponoszenia przez Skarb Państwa kosztów nieopłaconej pomocy prawnej udzielonej z urzędu</xLexLink> oraz 17 zł opłaty skarbowej od pełnomocnictwa).</xText>
          <xText>Sąd nie znalazł przy tym podstaw do skorzystania z uregulowania <xLexLink xArt="art. 102" xIsapId="WDU19640430296" xTitle="Ustawa z dnia 17 listopada 1964 r. - Kodeks postępowania cywilnego" xAddress="Dz. U. z 1964 r. Nr 43, poz. 296">art. 102 k.p.c.</xLexLink> Jak bowiem wskazał Sąd Apelacyjny w Białymstoku w wyroku z dnia 15 listopada 2011r.,I ACa 610/12 sama sytuacja ekonomiczna strony przegrywającej, nawet tak niekorzystna, że strona bez uszczerbku dla utrzymania własnego i członków rodziny nie byłaby w stanie ponieść kosztów, nie stanowi sama przez się szczególnie uzasadnionego wypadku o którym mowa w <xLexLink xArt="art. 102" xIsapId="WDU19640430296" xTitle="Ustawa z dnia 17 listopada 1964 r. - Kodeks postępowania cywilnego" xAddress="Dz. U. z 1964 r. Nr 43, poz. 296">art. 102 k.p.c.</xLexLink> Sąd miał przy tym również na uwadze intencje, którymi kierował się powódka wytaczając niniejsze powództwo. Powódka przyznał bowiem, że powodem dla którego wytoczyła powództwo był fakt, że pozwany pozwał ją o wynagrodzenie za bezumowne korzystanie z nieruchomości, która uprzednio stanowiła jej własność.</xText>
        </xUnit>
      </xBlock>
    </xPart>
  </judgement>
<judgement id="155000000001006_II_AKa_000104_2013_Uz_2013-05-29_001">
    <xPart xEditorFullName="Joanna Bernakiewicz" xYear="2013" xLang="PL" xPublisherFullName="Joanna Bernakiewicz" xFromPg="1" xEditor="jbernakiewicz" xVolType="15/500000/0001006/AKa" xPublisher="jbernakiewicz" xDocType="Uz" xVolNmbr="000104" xVersion="1.0" xToPage="30" xFlag="published">
      <xName>Wyrok+Uzasadnienie</xName>
      <xBlock>
        
        <xText>Sygn. akt II AKa 104/13</xText>
        <xUnit xIsTitle="true" xBold="true" xType="part">
          <xName>WYROK</xName>
          <xTitle>W IMIENIU RZECZYPOSPOLITEJ POLSKIEJ</xTitle>
          <xText xALIGNx="right">Dnia 29 maja 2013 r.</xText>
          
          <xText>Sąd Apelacyjny we Wrocławiu w II Wydziale Karnym w składzie:</xText>
          <xRows>
            <xCOLGROUPx>
              <xCOLx xWIDTHx="219"/>
              <xCOLx xWIDTHx="398"/>
            </xCOLGROUPx>
            <xRow>
              <xClmn xALIGNx="left" xVALIGNx="middle">
                <xText xALIGNx="right">Przewodniczący:</xText>
              </xClmn>
              <xClmn xALIGNx="left" xVALIGNx="middle">
                <xText>SSA Stanisław Rączkowski (spr.)</xText>
              </xClmn>
            </xRow>
            <xRow>
              <xClmn xALIGNx="left" xVALIGNx="top">
                <xText xALIGNx="right">Sędziowie:</xText>
              </xClmn>
              <xClmn xALIGNx="left" xVALIGNx="middle">
                <xText>SSA Cezariusz Baćkowski</xText>
                <xText>SSO del. do SA Piotr Kaczmarek</xText>
              </xClmn>
            </xRow>
            <xRow>
              <xClmn xALIGNx="left" xVALIGNx="middle">
                <xText xALIGNx="right">Protokolant:</xText>
              </xClmn>
              <xClmn xALIGNx="left" xVALIGNx="middle">
                <xText>Iwona Łaptus</xText>
              </xClmn>
            </xRow>
          </xRows>
          
          <xText>przy udziale Prokuratora Prokuratury Apelacyjnej Marii Walkiewicz</xText>
          <xText>po rozpoznaniu w dniu 29 maja 2013 r.</xText>
          <xText>sprawy <xBx><xAnon>I. P.</xAnon></xBx> oskarżonego z <xLexLink xArt="art. 296;art. 296 § 1;art. 296 § 3" xIsapId="WDU19970880553" xTitle="Ustawa z dnia 6 czerwca 1997 r. - Kodeks karny" xAddress="Dz. U. z 1997 r. Nr 88, poz. 553">art. 296 § 1 i 3 k.k.</xLexLink> w zw. z <xLexLink xArt="art. 91;art. 91 § 1" xIsapId="WDU19970880553" xTitle="Ustawa z dnia 6 czerwca 1997 r. - Kodeks karny" xAddress="Dz. U. z 1997 r. Nr 88, poz. 553">art. 91 § 1 k.k.</xLexLink>, <xLexLink xArt="art. 56;art. 56 § 1" xIsapId="WDU19990830930" xTitle="Ustawa z dnia 10 września 1999 r. - Kodeks karny skarbowy" xAddress="Dz. U. z 1999 r. Nr 83, poz. 930">art. 56 § 1 k.k.s.</xLexLink> w zw. z <xLexLink xArt="art. 37;art. 37 § 1;art. 37 § 1 pkt. 3" xIsapId="WDU19990830930" xTitle="Ustawa z dnia 10 września 1999 r. - Kodeks karny skarbowy" xAddress="Dz. U. z 1999 r. Nr 83, poz. 930">art. 37 § 1 pkt 3 k.k.s.</xLexLink> w zw. z <xLexLink xArt="art. 9;art. 9 § 3" xIsapId="WDU19990830930" xTitle="Ustawa z dnia 10 września 1999 r. - Kodeks karny skarbowy" xAddress="Dz. U. z 1999 r. Nr 83, poz. 930">art. 9 § 3 k.k.s.</xLexLink>, <xLexLink xArt="art. 56;art. 56 § 1" xIsapId="WDU19990830930" xTitle="Ustawa z dnia 10 września 1999 r. - Kodeks karny skarbowy" xAddress="Dz. U. z 1999 r. Nr 83, poz. 930">art. 56 § 1 k.k.s.</xLexLink> w zw. z <xLexLink xArt="art. 9;art. 9 § 3" xIsapId="WDU19990830930" xTitle="Ustawa z dnia 10 września 1999 r. - Kodeks karny skarbowy" xAddress="Dz. U. z 1999 r. Nr 83, poz. 930">art. 9 § 3 k.k.s.</xLexLink></xText>
          <xText>z powodu apelacji wniesionej przez oskarżonego</xText>
          <xText>od wyroku Sądu Okręgowego w Świdnicy</xText>
          <xText>z dnia 25 października 2012 r. sygn. akt III K 24/11</xText>
          <xText>
            <xBx>I. zmienia zaskarżony wyrok w ten sposób, że:</xBx>
          </xText>
          <xText>
            <xBx> 1. oskarżonego <xAnon>I. P.</xAnon> uznaje za winnego tego, że w <xAnon>B.</xAnon>, pełniąc funkcję prezesa jednoosobowego <xAnon> Zarządu (...) S.A.</xAnon> z/s w <xAnon>B.</xAnon> i będąc obowiązany na podstawie przepisu ustawy do zajmowania się sprawami majątkowymi spółki, poprzez nadużycie udzielonych mu uprawnień wyrządził <xAnon> (...) S.A.</xAnon> w <xAnon>B.</xAnon> znaczną szkodę majątkową w ten sposób, że w dniu 1 czerwca 2000 r. zawarł z <xAnon> firmą (...)</xAnon> z/s w <xAnon>W.</xAnon><xAnon>umowę nr (...)</xAnon> o przekazanie przez tę <xAnon> spółkę (...) S.A.</xAnon> z/s w <xAnon>B.</xAnon> wiedzy i doświadczenia oraz opracowań w zakresie marketingu, organizacji sieci dystrybucji, zarządzania sprzedażą codziennego użytku oraz systemów motywacyjnych, metod naprawy sytuacji ekonomiczno-finansowej podmiotów gospodarczych oraz sposobów ich wprowadzenia i pomimo nie wykonania przez <xAnon> spółkę (...)</xAnon> opisanej wyżej umowy, dokonał na rzecz tej spółki zapłaty w łącznej  wysokości 976 000 zł, tj. przestępstwa z <xLexLink xArt="art. 296;art. 296 § 1" xIsapId="WDU19970880553" xTitle="Ustawa z dnia 6 czerwca 1997 r. - Kodeks karny" xAddress="Dz. U. z 1997 r. Nr 88, poz. 553">art. 296 § 1 k.k.</xLexLink> i za to na podstawie <xLexLink xArt="art. 296;art. 296 § 1" xIsapId="WDU19970880553" xTitle="Ustawa z dnia 6 czerwca 1997 r. - Kodeks karny" xAddress="Dz. U. z 1997 r. Nr 88, poz. 553">art. 296 § 1 k.k.</xLexLink> wymierza mu karę 1 (jednego) roku pozbawienia wolności;</xBx>
          </xText>
          <xText>
            <xBx> 2. oskarżonego <xAnon>I. P.</xAnon> uznaje za winnego tego, że w <xAnon>B.</xAnon> pełniąc funkcję prezesa jednoosobowego <xAnon> Zarządu (...) S.A.</xAnon> z/s w <xAnon>B.</xAnon> i będąc obowiązany na podstawie przepisu ustawy do zajmowania się sprawami majątkowymi spółki, poprzez nadużycie udzielonych mu uprawnień wyrządził <xAnon> (...) S.A.</xAnon> w <xAnon>B.</xAnon> szkodę majątkową w wielkich rozmiarach w ten sposób, że w dniu 1 czerwca 2000 r. zawarł z <xAnon> firmą (...)</xAnon> z/s w <xAnon>W.</xAnon> umowę sprzedaży papieru toaletowego i ręczników w rolach przemysłowych i zwojkach produkowanych przez <xAnon> (...) S.A.</xAnon> z/s w <xAnon>B.</xAnon> i wbrew postanowieniom tejże umowy doprowadził do obciążenia <xAnon> (...) S.A.</xAnon> kosztami usług marketingowych w kwocie 1. 354. 945, 76 zł za rok 2000 i w kwocie 2. 219. 134, 25 zł za rok 2001, tj. czynu z <xLexLink xArt="art. 296;art. 296 § 1;art. 296 § 3" xIsapId="WDU19970880553" xTitle="Ustawa z dnia 6 czerwca 1997 r. - Kodeks karny" xAddress="Dz. U. z 1997 r. Nr 88, poz. 553">art. 296 § 1 i 3 k.k.</xLexLink> i za to na podstawie <xLexLink xArt="art. 296;art. 296 § 3" xIsapId="WDU19970880553" xTitle="Ustawa z dnia 6 czerwca 1997 r. - Kodeks karny" xAddress="Dz. U. z 1997 r. Nr 88, poz. 553">art. 296 § 3 k.k.</xLexLink> wymierza mu karę 1 (jednego) roku i 6 (sześciu) miesięcy pozbawienia wolności;</xBx>
          </xText>
          <xText>
            <xBx>II. na podstawie <xLexLink xArt="art. 17;art. 17 § 1;art. 17 § 1 pkt. 6" xIsapId="WDU19970890555" xTitle="Ustawa z dnia 6 czerwca 1997 r. - Kodeks postępowania karnego" xAddress="Dz. U. z 1997 r. Nr 89, poz. 555">art. 17 § 1 pkt 6 k.p.k.</xLexLink> w zw. z <xLexLink xArt="art. 113;art. 113 § 1" xIsapId="WDU19990830930" xTitle="Ustawa z dnia 10 września 1999 r. - Kodeks karny skarbowy" xAddress="Dz. U. z 1999 r. Nr 83, poz. 930">art. 113 § 1 k.k.s.</xLexLink> w zw. z <xLexLink xArt="art. 44;art. 44 § 1;art. 44 § 1 pkt. 1" xIsapId="WDU19990830930" xTitle="Ustawa z dnia 10 września 1999 r. - Kodeks karny skarbowy" xAddress="Dz. U. z 1999 r. Nr 83, poz. 930">art. 44 § 1 pkt 1 k.k.s.</xLexLink> i <xLexLink xArt="art. 2;art. 2 § 2" xIsapId="WDU19990830930" xTitle="Ustawa z dnia 10 września 1999 r. - Kodeks karny skarbowy" xAddress="Dz. U. z 1999 r. Nr 83, poz. 930">art. 2 § 2 k.k.s.</xLexLink> uchyla zaskarżony wyrok w pkt II i III (w odniesieniu do przestępstw skarbowych z <xLexLink xArt="art. 56;art. 56 § 1" xIsapId="WDU19990830930" xTitle="Ustawa z dnia 10 września 1999 r. - Kodeks karny skarbowy" xAddress="Dz. U. z 1999 r. Nr 83, poz. 930">art. 56 § 1 k.k.s.</xLexLink>) i w tym zakresie postępowanie karne umarza wobec przedawnienia karalności oraz zalicza w tym zakresie koszty postępowania w sprawie na rachunek Skarbu Państwa;</xBx>
          </xText>
          <xText>
            <xBx>III. stwierdza, iż orzeczona kara łączna straciła moc;</xBx>
          </xText>
          <xText>
            <xBx>IV. na podstawie <xLexLink xArt="art. 85" xIsapId="WDU19970880553" xTitle="Ustawa z dnia 6 czerwca 1997 r. - Kodeks karny" xAddress="Dz. U. z 1997 r. Nr 88, poz. 553">art. 85 k.k.</xLexLink> i <xLexLink xArt="art. 86;art. 86 § 1" xIsapId="WDU19970880553" xTitle="Ustawa z dnia 6 czerwca 1997 r. - Kodeks karny" xAddress="Dz. U. z 1997 r. Nr 88, poz. 553">art. 86 § 1 k.k.</xLexLink> wymierza oskarżonemu karę łączną 1 (jednego) roku i 6 (sześciu) miesięcy pozbawienia wolności;</xBx>
          </xText>
          <xText>
            <xBx>V. utrzymuje w mocy w pozostałym zakresie zaskarżony wyrok;</xBx>
          </xText>
          <xText>
            <xBx>VI. zasądza od oskarżonego na rzecz Skarbu Państwa 10 zł tytułem zwrotu wydatków wyłożonych przez Skarb Państwa w postępowaniu odwoławczym oraz wymierza mu 300 zł opłaty za obie instancję. </xBx>
          </xText>
        </xUnit>
        <xUnit xIsTitle="true" xBold="true" xType="part">
          <xName>UZASADNIENIE</xName>
          <xText>Prokurator Prokuratury Okręgowej w <xAnon>Ś.</xAnon> 12 grudnia 2003 roku skierował do Sądu Rejonowego w Ząbkowicach Śląskich akt oskarżenia, w którym zarzucił <xAnon>I. P.</xAnon> popełnienie 15 przestępstw/ k. 5419-5460/.</xText>
          <xText>Sąd Rejonowy w Ząbkowicach Śląskich wyrokiem z dnia 10 maja 2010 roku o sygn. akt II K 104/05/ k. 7406-7414/ uznał oskarżonego <xAnon>I. P.</xAnon> za winnego popełnienia 9 zarzucanych mu przestępstw. Wskazanym wyrokiem <xAnon>I. P.</xAnon> został uniewinniony od popełnienia dwóch zarzucanych mu przestępstw/ zarzucanych w punktach VIII i IX aktu oskarżenia/. Wobec dwóch czynów sąd umorzył postępowanie z uwagi na przedawnienie karalności/ zarzuty z punktu IV i XV aktu oskarżenia/. Postępowanie karne zostało umorzone wobec dalszych dwóch zarzutów/ z punktu II i III aktu oskarżenia/ z uwagi na znikomość społecznej szkodliwości tych czynów.</xText>
          <xText><xAnon>I. P.</xAnon> został uznany winnym popełnienia przestępstw zarzucanych mu w punkcie V, XIII i XIV aktu oskarżenia.</xText>
          <xText>W odniesieniu do występku zarzuconego <xAnon>I. P.</xAnon> w punkcie V aktu oskarżenia sąd z opisu tego czynu wyeliminował działanie z góry powziętym zamiarem oraz dwa pierwsze działania tj. sprzedaż dwóch kotłowni gazowych na rzecz <xAnon> Przedsiębiorstwa (...)</xAnon> i zawarcie z tym przedsiębiorstwem umowy leasingu operacyjnego, a także przyjął że oskarżony działał w ramach ciągu przestępstw i wyrządził szkodę majątkową w łącznej wysokości nie mniejszej niż 6.725.375,86 zł, czyn ten zakwalifikował jako występek z <xLexLink xArt="art. 296;art. 296 § 1;art. 296 § 3" xIsapId="WDU19970880553" xTitle="Ustawa z dnia 6 czerwca 1997 r. - Kodeks karny" xAddress="Dz. U. z 1997 r. Nr 88, poz. 553">art. 296§1 i 3 k.k.</xLexLink> w zw. z <xLexLink xArt="art. 91;art. 91 § 1 k" xIsapId="WDU19970880553" xTitle="Ustawa z dnia 6 czerwca 1997 r. - Kodeks karny" xAddress="Dz. U. z 1997 r. Nr 88, poz. 553">art. 91§1k</xLexLink>.k. i na podstawie <xLexLink xArt="art. 296;art. 296 § 3 k" xIsapId="WDU19970880553" xTitle="Ustawa z dnia 6 czerwca 1997 r. - Kodeks karny" xAddress="Dz. U. z 1997 r. Nr 88, poz. 553">art. 296§3k</xLexLink>.k. wymierzył oskarżonemu karę 2 lat pozbawienia wolności.</xText>
          <xText><xAnon>I. P.</xAnon> został uznany winnym popełnienia zarzucanego mu przestępstwa w punkcie XIII aktu oskarżenia to jest występku z <xLexLink xArt="art. 56;art. 56 § 1 k" xIsapId="WDU19990830930" xTitle="Ustawa z dnia 10 września 1999 r. - Kodeks karny skarbowy" xAddress="Dz. U. z 1999 r. Nr 83, poz. 930">art. 56§1k.k.k.s.</xLexLink> w zw. z <xLexLink xArt="art. 37;art. 37 § 1;art. 37 § 1 pkt. 3" xIsapId="WDU19990830930" xTitle="Ustawa z dnia 10 września 1999 r. - Kodeks karny skarbowy" xAddress="Dz. U. z 1999 r. Nr 83, poz. 930">art. 37§1pkt 3 k.k.s.</xLexLink> w zw. z <xLexLink xArt="art. 9;art. 9 § 3" xIsapId="WDU19990830930" xTitle="Ustawa z dnia 10 września 1999 r. - Kodeks karny skarbowy" xAddress="Dz. U. z 1999 r. Nr 83, poz. 930">art. 9§3 k.k.s.</xLexLink> i za ten występek sąd na podstawie <xLexLink xArt="art. 56;art. 56 § 1 k" xIsapId="WDU19990830930" xTitle="Ustawa z dnia 10 września 1999 r. - Kodeks karny skarbowy" xAddress="Dz. U. z 1999 r. Nr 83, poz. 930">art. 56§1k</xLexLink>.k.s. skazał go na karę 8 miesięcy pozbawienia wolności.</xText>
          <xText>Oskarżony został uznany winnym popełnienia także występku zarzucanego mu w punkcie XIV aktu oskarżenia zakwalifikowanego z art. 56§1k.k.s. w zw. z art. 9§3k.k.s. i za ten występek sąd wymierzył mu na podstawie art. 56§1k.k.s. karę 8 miesięcy pozbawienia wolności.</xText>
          <xText>Sąd Rejonowy w Ząbkowicach Śląskich orzekł karę łączną 2 lat pozbawienia wolności, której wykonanie warunkowo zawiesił na okres 5 lat próby.</xText>
          <xText>Wskazany wyrok został zaskarżony apelacją obrońcy oskarżonego/ k. 7463-7474/.</xText>
          <xText>Sąd Okręgowy w Świdnicy wyrokiem z dnia 5 października 2010 roku o sygn. akt IV Ka 552/10 uchylił wyrok Sądu Rejonowego w Ząbkowicach Śląskich w zaskarżonej części i sprawę <xAnon>I. P.</xAnon> przekazał do ponownego rozpoznania sądowi pierwszej instancji/ k.7493/. Z uwagi na zmiany dotyczące właściwości rzeczowej sprawa została przekazana przez Sąd Rejonowy w Ząbkowicach Śląskich do rozpoznania przez Sąd Okręgowy w Świdnicy/ k. 7560/.</xText>
          <xText>Wyrokiem z dnia 25 października 2012 roku o sygn. akt III K 24/11 Sąd Okręgowy w Świdnicy uznał oskarżonego <xAnon>I. P.</xAnon> winnym tego, że :</xText>
          <xText><xBx>I </xBx> w okresie od maja 2000 roku do 23 sierpnia 2002 roku w <xAnon>B.</xAnon>, pełniąc funkcję prezesa jednoosobowego <xAnon> Zarządu (...) S.A.</xAnon> z siedzibą w <xAnon>B.</xAnon> i będąc obowiązany na podstawie przepisu ustawy do zajmowania się sprawami majątkowymi spółki, działając w ciągu przestępstw, poprzez nadużycie udzielonych mu uprawnień, wyrządził <xAnon> (...) S.A.</xAnon> szkodę majątkową w wielkich rozmiarach w łącznej wysokości nie mniejszej niż 6. 725. 375,86 zł w ten sposób, że :</xText>
          <xText>- w dniu 1 czerwca 2000 roku zawarł z <xAnon> firmą (...)</xAnon> z siedzibą w <xAnon>W.</xAnon><xAnon>umowę nr (...)</xAnon> o przekazanie przez tę <xAnon> spółkę (...) S.A.</xAnon> z siedzibą w <xAnon>B.</xAnon> wiedzy i doświadczenia oraz opracowań w zakresie marketingu, organizacji sieci dystrybucji, zarządzania sprzedażą codziennego użytku oraz systemów motywacyjnych, metod naprawy sytuacji ekonomiczno – finansowej podmiotów gospodarczych oraz sposobów ich wprowadzania i pomimo niewykonania przez <xAnon> spółkę (...)</xAnon> opisanej wyżej umowy, dokonał na rzecz tej spółki zapłaty w łącznej wysokości 976.000 zł,</xText>
          <xText>- w dniu 1 czerwca 2000 roku zawarł z <xAnon> firmą (...)</xAnon> z siedzibą w <xAnon>W.</xAnon> umowę sprzedaży papieru toaletowego i ręczników w rolach przemysłowych i zwoikach produkowanych przez <xAnon> (...) S.A.</xAnon> z siedzibą w <xAnon>B.</xAnon> i wbrew postanowieniom tejże umowy doprowadził do obciążenia <xAnon> (...) S.A.</xAnon> kosztami usług marketingowych w kwocie 1.354.945,76 zł za rok 2000, w kwocie 2.219.134,25 zł za rok 2001 oraz kosztami transportu w kwocie 1.977.379,09zł, tj czynu z <xLexLink xArt="art. 296;art. 296 § 1;art. 296 § 3" xIsapId="WDU19970880553" xTitle="Ustawa z dnia 6 czerwca 1997 r. - Kodeks karny" xAddress="Dz. U. z 1997 r. Nr 88, poz. 553">art. 296§1 i 3 k.k.</xLexLink> w zw. z <xLexLink xArt="art. 91;art. 91 § 1 k" xIsapId="WDU19970880553" xTitle="Ustawa z dnia 6 czerwca 1997 r. - Kodeks karny" xAddress="Dz. U. z 1997 r. Nr 88, poz. 553">art. 91§1k</xLexLink>.k. i za to na podstawie <xLexLink xArt="art. 296;art. 296 § 3" xIsapId="WDU19970880553" xTitle="Ustawa z dnia 6 czerwca 1997 r. - Kodeks karny" xAddress="Dz. U. z 1997 r. Nr 88, poz. 553">art. 296§3 k.k.</xLexLink> wymierzył mu karę 2 lat pozbawienia wolności;</xText>
          <xText><xBx>II </xBx>w okresie od listopada 2000 roku do grudnia 2001 roku w <xAnon>Z.</xAnon>, pełniąc funkcję Prezesa jednoosobowego <xAnon> Zarządu (...) S.A.</xAnon> z siedzibą w <xAnon>B.</xAnon> podał nieprawdę w złożonych w Urzędzie Skarbowym w <xAnon>Z.</xAnon> deklaracjach dla podatków od towarów i <xAnon> usług (...)</xAnon> – 7 przez co naraził Skarb Państwa na uszczuplenie podatku VAT, w łącznej kwocie 1.473.911 zł, poprzez:</xText>
          <xText>- odliczenie od należnego podatku od towarów i usług kwot podatku naliczonego w łącznej wysokości 1.221.321 zł. wynikających z faktur VAT wystawionych przez głównego akcjonariusza <xAnon> (...) S.A.</xAnon> tj. <xAnon> firmę (...) Sp. z o.o.</xAnon> w <xAnon>W.</xAnon> a dotyczących sprzedaży usług marketingowych i transportowych, bez właściwego udokumentowania ich wykonania, których to wydatków nie można zaliczyć do kosztów uzyskania przychodów w rozumieniu przepisów o podatku dochodowym i w związku z tym związany z nim podatek naliczony VAT nie podlega odliczeniu, co stanowi naruszenie przepisów art. 25 ust. 1 pkt 3 Ustawy z dnia 8 stycznia 1993 roku o podatku od towarów i usług oraz akcyzowym (Dz. U. Nr 11, poz. 50 z późn. zm.),</xText>
          <xText>- odliczenie od należnego podatku od towarów i usług kwoty podatku naliczonego w wysokości 241.560 zł. zawartego w <xAnon>fakturze VAT nr (...)</xAnon> z dnia 28.09.2001 roku wystawionej przez <xAnon> (...) Sp. z o.o.</xAnon> z siedzibą w <xAnon>L.</xAnon>, dokumentującej sprzedaż maszyn do produkcji ręczników papierowych, która to maszyna w dniu sprzedaży została oddana przez <xAnon> (...) S.A.</xAnon> do bezpłatnego użytkownika sprzedającemu i w związku z tym została wyłączona z wykorzystaniem na potrzeby wykonywanej przez <xAnon> (...) S.A.</xAnon> działalności gospodarczej, co stanowi naruszenie przepisów art. 20 ust. 2 Ustawy z dnia 8 stycznia 1993 roku o podatku od towarów i usług oraz podatku akcyzowym (Dz. U Nr 11,poz.50 z późn. zm.),</xText>
          <xText>- odliczenie od należnego podatku od towarów i usług kwoty podatku naliczonego w łącznej kwocie 176.000 zł. wykazanych <xAnon>fakturach VAT nr (...)</xAnon> z dnia 28.09.2000 roku oraz nr <xAnon> (...)</xAnon> z dnia 31.08.2001 roku wystawionych przez głównego akcjonariusza <xAnon> (...) S.A.</xAnon> tj. <xAnon> firmę (...) Sp. z o.o.</xAnon> w <xAnon>W.</xAnon> a dotycząca sprzedaży usług przekazania wiedzy, doświadczenia oraz opracowań w zakresie „metod naprawy sytuacji ekonomiczno – finansowej podmiotów gospodarczych oraz sposobów ich wprowadzania” oraz w zakresie „marketingu, organizacji sieci dystrybucji, zarządzania sprzedażą towarów codziennego użytku oraz systemów motoryzacyjnych”, których to wydatków nie można zaliczyć do kosztów uzyskania przychodów w rozumieniu przepisów o podatku dochodowym i w związku z tym związany z nim podatek naliczony VAT nie podlega odliczeniu, co stanowi naruszenie przepisów art. 25 ust. 12 pkt 3 ustawy z dnia 8 stycznia 1993 roku o podatku od towarów i usług oraz podatku akcyzowym (Dz. U Nr 11, poz. 50 z póź. zm.),</xText>
          <xText>- nie zadeklarowanie i nie odprowadzenie należnego podatku od towarów i usług w łącznej wysokości 1.341, 49 zł. z tytułu sprzedaży papieru toaletowego wskazanej w fakturach sprzedaży VAT nr <xAnon> (...)</xAnon> z dnia 21.02.2001 r. i nr <xAnon> (...)</xAnon> z dnia 28.06.2001 roku a nie wykazanej w ewidencji księgowej oraz w rejestracjach sprzedaży VAT spółki, co stanowi naruszenie przepisów art. 15 ust. 1 Ustawy z dnia 8 stycznia 1993 roku o podatku od towarów i usług oraz podatku akcyzowym (Dz. U. Nr 11, poz. 50 z późn. zm.),</xText>
          <xText>- nie zadeklarowanie i nie odprowadzenie należnego podatku od towarów i usług w łącznej wysokości 10.247 zł. z tytułu sprzedaży usług dzierżawy powierzchni magazynowych i biurowych świadczonych w 2001 roku dla głównego akcjonariusza <xAnon> (...) S.A.</xAnon> tj. <xAnon> firmy (...) Sp. z o.o.</xAnon> w <xAnon>W.</xAnon>, co stanowi naruszenie przepisów art. 15 ust. 1 Ustawy z dnia 8 stycznia 1993 roku o podatku od towarów i usług oraz podatku akcyzowym (Dz. U. Nr 11, poz. 50 z późn. zm.)</xText>
          <xText>tj. występku z <xLexLink xArt="art. 56;art. 56 § 1 k" xIsapId="WDU19990830930" xTitle="Ustawa z dnia 10 września 1999 r. - Kodeks karny skarbowy" xAddress="Dz. U. z 1999 r. Nr 83, poz. 930">art. 56§1k</xLexLink>.k.s.w zw. z <xLexLink xArt="art. 37;art. 37 § 1;art. 37 § 1 pkt. 3" xIsapId="WDU19990830930" xTitle="Ustawa z dnia 10 września 1999 r. - Kodeks karny skarbowy" xAddress="Dz. U. z 1999 r. Nr 83, poz. 930">art. 37§1pkt 3 k.k.s.</xLexLink> w zw. z <xLexLink xArt="art. 9;art. 9 § 3 k" xIsapId="WDU19990830930" xTitle="Ustawa z dnia 10 września 1999 r. - Kodeks karny skarbowy" xAddress="Dz. U. z 1999 r. Nr 83, poz. 930">art. 9§3k</xLexLink>.k.s. i za to na podstawie <xLexLink xArt="art. 56;art. 56 § 1 k" xIsapId="WDU19990830930" xTitle="Ustawa z dnia 10 września 1999 r. - Kodeks karny skarbowy" xAddress="Dz. U. z 1999 r. Nr 83, poz. 930">art. 56§1k</xLexLink>.k.s. wymierzył mu karę 8 miesięcy pozbawienia wolności.</xText>
          <xText><xBx>III </xBx>w 2002 roku w <xAnon>B.</xAnon>, pełniąc funkcję Prezesa jednoosobowego <xAnon> Zarządu (...) S.A.</xAnon> z siedzibą w <xAnon>B.</xAnon> podał nieprawdę w złożonych w Urzędzie Skarbowym w <xAnon>Z.</xAnon> zeznaniu o wysokości osiągniętego dochodu przez podatnika podatku dochodowego od osób prawnych za rok 2001 przez co naraził Skarb Państwa na uszczuplenie podatku dochodowego od osób prawnych w łącznej kwocie 1.044. 980 zł. poprzez:</xText>
          <xText>1) zaniżenie przychodów <xAnon> (...) S.A.</xAnon> o łączną kwotę 58.661, 98 zł. w wyniku:</xText>
          <xText>- nie zadeklarowania przychodów w łącznej wysokości 6.097, 68 zł. z tytułu sprzedaży papieru toaletowego wykazanej w fakturach sprzedaży VAT nr <xAnon> (...)</xAnon> z dnia 21.02.2001 roku i nr <xAnon> (...)</xAnon> z dnia 28.06.2001 roku a nie wykazanej ewidencji księgowej spółki, co stanowi naruszenie przepisów art. 12 ust. 1 ustawy z dnia 15 lutego 1991 roku o podatku dochodowym od osób prywatnych (Dz. U z 1993 r. Nr 106, poz. 482 z późn. zm.),</xText>
          <xText>- nie zadeklarowania przychodów z tytułu usług dzierżawy powierzchni magazynowych i biurowych świadczonych dla głównego akcjonariusza <xAnon> (...) S.A.</xAnon> tj. <xAnon> firmy (...) Sp. z o.o.</xAnon> w <xAnon>W.</xAnon> w łącznej wysokości 46.580 zł. oraz z tytułu nieodpłatnych świadczeń otrzymanych od głównego akcjonariusza spółki w postaci użyczenia samochodu marki <xAnon>M. (...)</xAnon> w wysokości 5984, 30 zł. co stanowi naruszenie przepisów <xLexLink xArt="art. 12;art. 12 ust. 1;art. 12 ust. 1 pkt. 2;art. 12 ust. 3" xIsapId="WDU19920210086" xTitle="Ustawa z dnia 15 lutego 1992 r. o podatku dochodowym od osób prawnych oraz o zmianie niektórych ustaw regulujących zasady opodatkowania" xAddress="Dz. U. z 1992 r. Nr 21, poz. 86">art. 12 ust. 1 pkt 2 oraz ust. 3 ustawy z dnia 15 lutego 1992 r. o podatku dochodowym od osób prawnych</xLexLink> (Dz. U. z 1993 r. Nr 106, Poz. 483 Nr 107, z późn. zm.</xText>
          <xText>2) zawyżenie kosztów uzyskania przychodów w/w Spółki o łączną kwotę 4.557,713, 44 wyniku zaliczenia do tych kosztów wydatków, które zgodnie z przepisami ustawy o podatku dochodowym od osób prawnych nie stanowią kosztów uzyskania przychodów, a dotyczących:</xText>
          <xText>- rezerwy na pokrycie wierzytelności w kwocie 10.227, 50 zł. utworzonej w 2000 roku co stanowi naruszenie przepisów <xLexLink xArt="art. 16;art. 16 ust. 1;art. 16 ust. 1 pkt. 26" xIsapId="WDU19920210086" xTitle="Ustawa z dnia 15 lutego 1992 r. o podatku dochodowym od osób prawnych oraz o zmianie niektórych ustaw regulujących zasady opodatkowania" xAddress="Dz. U. z 1992 r. Nr 21, poz. 86">art. 16 ust. 1 pkt 26 ustawy z dnia 15 lutego 1992 r. o podatku dochodowym od osób prawnych</xLexLink> (Dz. U. z 1993 r. Nr 106, poz. 482 z późn.zm.), ujemnych różnic kursowych z tytułu wyceny zobowiązań i należności na dzień 31.12.2001 r. w kwocie 6.413, 46 zł, co stanowi naruszenie przepisów <xLexLink xArt="art. 15;art. 15 ust. 1" xIsapId="WDU19920210086" xTitle="Ustawa z dnia 15 lutego 1992 r. o podatku dochodowym od osób prawnych oraz o zmianie niektórych ustaw regulujących zasady opodatkowania" xAddress="Dz. U. z 1992 r. Nr 21, poz. 86">art. 15 ust. 1</xLexLink> z dnia 15 lutego 1992 r. o podatku dochodowym od osób prawnych (Dz. U z 1993 r. Nr 106, poz. 482 z póź. zm.),</xText>
          <xText>- faktycznie nie wypłaconych osobom fizycznym wynagrodzeń z funduszu bezosobowego Spółki w kwocie 40.136, 16 zł, co stanowi naruszenie przepisów <xLexLink xArt="art. 16;art. 16 ust. 1;art. 16 ust. 1 pkt. 57" xIsapId="WDU19920210086" xTitle="Ustawa z dnia 15 lutego 1992 r. o podatku dochodowym od osób prawnych oraz o zmianie niektórych ustaw regulujących zasady opodatkowania" xAddress="Dz. U. z 1992 r. Nr 21, poz. 86">art. 16 ust. 1 pkt. 57 ustawy z dnia 15 lutego 1992 r. o podatku dochodowym od osób prawnych</xLexLink> (Dz. U z 1993 r. Nr 106, poz. 482 z późn. zm.),</xText>
          <xText>- kwot naliczonego podatku od towarów i usług nie odliczonych z winy podatnika od podatku należnego w łącznej wysokości 15.700, 52 zł, co stanowi naruszenie przepisów <xLexLink xArt="art. 16;art. 16 ust. 1;art. 16 ust. 1 pkt. 46" xIsapId="WDU19920210086" xTitle="Ustawa z dnia 15 lutego 1992 r. o podatku dochodowym od osób prawnych oraz o zmianie niektórych ustaw regulujących zasady opodatkowania" xAddress="Dz. U. z 1992 r. Nr 21, poz. 86">art. 16 ust. 1 pkt 46 ustawy z dnia 15 lutego 1992 r. o podatku dochodowym od osób prawnych</xLexLink> (dz. U z 1993 r. Nr 106, poz. 482 z późn. zm.),</xText>
          <xText>- nieprawidłowo udokumentowanych wydatków w wysokości 300.000 zł. dotyczących realizacji <xAnon>umowy nr (...)</xAnon> zawartej w dniu 1.06. 2000 r. pomiędzy w/w Spółką a jej głównym, akcjonariuszem tj. <xAnon> firmą (...) Sp. z o.o.</xAnon> w <xAnon>W.</xAnon>, a dotyczącej, przekazania wiedzy, doświadczenia oraz opracowań w zakresie „metod naprawy sytuacji ekonomiczno- finansowej podmiotów gospodarczych oraz sposobów ich wprowadzania” oraz w zakresie „marketingu organizacji sieci dystrybucji, zarządzania sprzedażą towarów codziennego użytku oraz systemów motywacyjnych”, co stanowi naruszenie przepisów art. 15 ust. 1 Ustawy z dnia 15 lutego 1992 r. o podatku dochodowym od osób prywatnych (Dz. U z 1993 r. Nr 106, poz. 482 z późn. zm.),</xText>
          <xText>- nieprawidłowo udokumentowanych wydatków w wysokości 4.196, 513, 34 zł. dotyczących usług marketingowych i transportowych świadczonych dla <xAnon> spółki (...) S.A.</xAnon> przez jej głównego akcjonariusza tj. <xAnon> firmę (...) Sp. z o.o.</xAnon> w <xAnon>W.</xAnon>, co stanowi naruszenie przepisów <xLexLink xArt="art. 15;art. 15 ust. 1" xIsapId="WDU19920210086" xTitle="Ustawa z dnia 15 lutego 1992 r. o podatku dochodowym od osób prawnych oraz o zmianie niektórych ustaw regulujących zasady opodatkowania" xAddress="Dz. U. z 1992 r. Nr 21, poz. 86">art. 15 ust. 1 ustawy z dnia 15 lutego 1992 r. o podatku dochodowym od osób prawnych</xLexLink> (Dz. U z 1993 r. Nr 106, poz. 482 z późn. zm.),</xText>
          <xText>- amortyzacji w kwocie 25.620 zł. środka trwałego – maszyn do produkcji ręczników papierowych zakupionej w dniu 28.09.2001 r. od <xAnon> firmy (...) Sp. z o.o.</xAnon> z siedzibą w <xAnon>L.</xAnon> i w dniu zakupu oddanej przez <xAnon> (...) S.A.</xAnon> do bezpłatnego używania sprzedającemu, a w związku z tym wyłącznej z wykorzystywania na potrzeby wykonywanej przez <xAnon> (...) S.A.</xAnon> działalności gospodarczej, co stanowi naruszenie przepisów <xLexLink xArt="art. 16;art. 16 ust. 1;art. 16 ust. 1 pkt. 63 c" xIsapId="WDU19920210086" xTitle="Ustawa z dnia 15 lutego 1992 r. o podatku dochodowym od osób prawnych oraz o zmianie niektórych ustaw regulujących zasady opodatkowania" xAddress="Dz. U. z 1992 r. Nr 21, poz. 86">art. 16 ust. 1 pkt. 63 c Ustawy z dnia 15 lutego 1992 r. o podatku dochodowym od osób prawnych</xLexLink> (Dz. U z 1993 r. Nr 106, poz. 482 z późn. zm.), tj. występku z <xLexLink xArt="art. 56;art. 56 § 1 k" xIsapId="WDU19920210086" xTitle="Ustawa z dnia 15 lutego 1992 r. o podatku dochodowym od osób prawnych oraz o zmianie niektórych ustaw regulujących zasady opodatkowania" xAddress="Dz. U. z 1992 r. Nr 21, poz. 86">art. 56§1k</xLexLink>.k.s. w zw. z <xLexLink xArt="art. 9;art. 9 § 3 k" xIsapId="WDU19920210086" xTitle="Ustawa z dnia 15 lutego 1992 r. o podatku dochodowym od osób prawnych oraz o zmianie niektórych ustaw regulujących zasady opodatkowania" xAddress="Dz. U. z 1992 r. Nr 21, poz. 86">art. 9§3k</xLexLink>.k.s. i za to na podstawie <xLexLink xArt="art. 56;art. 56 § 1 k" xIsapId="WDU19920210086" xTitle="Ustawa z dnia 15 lutego 1992 r. o podatku dochodowym od osób prawnych oraz o zmianie niektórych ustaw regulujących zasady opodatkowania" xAddress="Dz. U. z 1992 r. Nr 21, poz. 86">art. 56§1k</xLexLink>.k.s. wymierzył mu karę 8 miesięcy pozbawienia wolności.</xText>
          <xText>Sąd umorzył postępowanie wobec <xAnon>I. P.</xAnon> w zakresie pozostałych zarzucanych mu czynów.</xText>
          <xText>Na podstawie <xLexLink xArt="art. 91;art. 91 § 2 k" xIsapId="WDU19970880553" xTitle="Ustawa z dnia 6 czerwca 1997 r. - Kodeks karny" xAddress="Dz. U. z 1997 r. Nr 88, poz. 553">art. 91§2k</xLexLink>.k. sąd wymierzył oskarżonemu karę łączną 2 lat pozbawienia wolności, której wykonanie na podstawie <xLexLink xArt="art. 69;art. 69 § 1;art. 69 § 2" xIsapId="WDU19970880553" xTitle="Ustawa z dnia 6 czerwca 1997 r. - Kodeks karny" xAddress="Dz. U. z 1997 r. Nr 88, poz. 553">art. 69§1 i 2 k.k.</xLexLink> oraz <xLexLink xArt="art. 70;art. 70 § 1;art. 70 § 1 pkt. 1 k" xIsapId="WDU19970880553" xTitle="Ustawa z dnia 6 czerwca 1997 r. - Kodeks karny" xAddress="Dz. U. z 1997 r. Nr 88, poz. 553">art. 70§1 pkt 1k</xLexLink>.k. warunkowo zawiesił na okres próby 5 lat.</xText>
          <xText>Sąd zaliczył oskarżonemu okres jego rzeczywistego pozbawienia wolności w sprawie od 22 sierpnia 2002 roku do 19 listopada 2002 roku na poczet orzeczonej kary pozbawienia wolności na wypadek zarządzenia jej wykonania.</xText>
          <xText>Koszty sądowe sąd zaliczył na rachunek Skarbu Państwa, zwalniając tym samym oskarżonego od zwrotu wydatków wyłożonych przez Skarb Państwa.</xText>
          <xText>Powyższy wyrok zaskarżył obrońca oskarżonego w części uznającej oskarżonego winnym popełnienia przypisanych mu przestępstw. Zaskarżonemu wyrokowi zarzucił:</xText>
          <xUnit xIsTitle="false" xType="none">
            <xName xSffx=".">1</xName>
            <xText>obrazę przepisów postępowania mogącą mieć wpływ na rozstrzygnięcie sprawy, a mianowicie</xText>
          </xUnit>
          <xUnit xIsTitle="false" xType="none">
            <xName xSffx=")">a</xName>
            <xText>obrazę <xLexLink xArt="art. 2;art. 2 § 2" xIsapId="WDU19970890555" xTitle="Ustawa z dnia 6 czerwca 1997 r. - Kodeks postępowania karnego" xAddress="Dz. U. z 1997 r. Nr 89, poz. 555">art. 2 § 2 kpk</xLexLink> przez oparcie orzeczenia na błędnych ustaleniach faktycznych (p. 2 poniżej),</xText>
          </xUnit>
          <xUnit xIsTitle="false" xType="none">
            <xName xSffx=")">b</xName>
            <xText>obrazę <xLexLink xArt="art. 7" xIsapId="WDU19970890555" xTitle="Ustawa z dnia 6 czerwca 1997 r. - Kodeks postępowania karnego" xAddress="Dz. U. z 1997 r. Nr 89, poz. 555">art. 7 kpk</xLexLink> przez dokonywanie ustaleń faktycznych bez dowodów, w szczególności dokonanie takiego ustalenia co do umyślnego działania oskarżonego w ramach stanów faktycznych objętych w p. VIII-IX części wstępnej wyroku (przestępstwo karno-skarbowe),</xText>
          </xUnit>
          <xUnit xIsTitle="false" xType="none">
            <xName xSffx=")">c</xName>
            <xText>obrazę <xLexLink xArt="art. 4" xIsapId="WDU19970890555" xTitle="Ustawa z dnia 6 czerwca 1997 r. - Kodeks postępowania karnego" xAddress="Dz. U. z 1997 r. Nr 89, poz. 555">art. 4 kpk</xLexLink> przez odmowę prowadzenia dowodu na okoliczności korzystne dla oskarżonego tj. odmowę zwrócenia się do <xAnon>D.</xAnon> Bank w celu uzyskania wiadomości czy Bankowi temu przedstawiono opracowanie marketingowe, o którym mowa w p. II części wstępnej wyroku,</xText>
          </xUnit>
          <xUnit xIsTitle="false" xType="none">
            <xName xSffx=")">d</xName>
            <xText>obrazę <xLexLink xArt="art. 7" xIsapId="WDU19970890555" xTitle="Ustawa z dnia 6 czerwca 1997 r. - Kodeks postępowania karnego" xAddress="Dz. U. z 1997 r. Nr 89, poz. 555">art. 7 kpk</xLexLink> w zw. z <xLexLink xArt="art. 424;art. 424 § 1" xIsapId="WDU19970890555" xTitle="Ustawa z dnia 6 czerwca 1997 r. - Kodeks postępowania karnego" xAddress="Dz. U. z 1997 r. Nr 89, poz. 555">art. 424 § 1 kpk</xLexLink> poprzez dokonanie oceny dowodów z przekroczeniem granic swobody przyznanej przez ustawę, w tym w szczególności:</xText>
            <xUnit xIsTitle="false" xType="none">
              <xName xSffx=")">1</xName>
              <xText>uznanie za nie budzący wątpliwości dowodu z opinii biegłej, która sama wskazuje na brak pełnej podstawy dokumentowej, i która to opinia zawiera przyznane błędy rachunkowe oraz wskazanie błędnych podstaw prawnych,</xText>
            </xUnit>
            <xUnit xIsTitle="false" xType="none">
              <xName xSffx=")">2</xName>
              <xText>uznanie za pozbawione znaczenia dowodów z opracowań <xAnon> Instytutu Studiów (...)</xAnon> oraz zeznań św. <xAnon>M.</xAnon>, które to dowody wskazują na błędy w opinii biegłej,</xText>
            </xUnit>
            <xUnit xIsTitle="false" xType="none">
              <xName xSffx=")">3</xName>
              <xText>uznanie bez zastrzeżeń za wiarygodne dowodów z zeznań świadków mających interes w ustaleniu odpowiedzialności oskarżonego (pracownicy, syndyk, <xAnon>R. S.</xAnon>, <xAnon>M. J.</xAnon> w części obciążającej oskarżonego),</xText>
            </xUnit>
            <xUnit xIsTitle="false" xType="none">
              <xName xSffx=")">4</xName>
              <xText>uznanie, że z umów dzierżawy z dnia 5 stycznia 2001 r. wynika, że czynsz określono w nich za okresy miesięczne podczas gdy jest to w sprzeczności z ich dosłownym brzmieniem,</xText>
            </xUnit>
          </xUnit>
          <xUnit xIsTitle="false" xType="none">
            <xName xSffx=")">e</xName>
            <xText>obrazę <xLexLink xArt="art. 5;art. 5 § 2" xIsapId="WDU19970890555" xTitle="Ustawa z dnia 6 czerwca 1997 r. - Kodeks postępowania karnego" xAddress="Dz. U. z 1997 r. Nr 89, poz. 555">art. 5 § 2 kpk</xLexLink> przez rozstrzyganie istniejących wątpliwości na niekorzyść oskarżonego, w szczególności wątpliwości co do wysokości szkód wyrządzonych rzekomo jego czynami mimo niepewności opinii biegłej przez nią samą sygnalizowanej,</xText>
          </xUnit>
          <xUnit xIsTitle="false" xType="none">
            <xName xSffx=")">f</xName>
            <xText>obrazę <xLexLink xArt="art. 424;art. 424 § 1;art. 424 § 2" xIsapId="WDU19970890555" xTitle="Ustawa z dnia 6 czerwca 1997 r. - Kodeks postępowania karnego" xAddress="Dz. U. z 1997 r. Nr 89, poz. 555">art. 424 § 1 i § 2 kpk</xLexLink> przez brak dyskusji dowodów, w szczególności zaś brak omówienia dowodów korzystnych dla oskarżonego (zeznania świadków <xAnon>L. P. (1)</xAnon> i <xAnon>M. J.</xAnon> w części dotyczącej istnienia opracowania, o którym mowa w p. II części wstępnej wyroku) a także brak uzasadnienia dla przyjętego wymiaru kary,</xText>
          </xUnit>
          <xText>2. błąd w ustaleniach faktycznych przyjętych za podstawę orzeczenia mogący mieć wpływ na treść tego orzeczenia a polegający na ustaleniu, że:</xText>
          <xText>a) <xAnon> spółka (...)</xAnon> nie dostarczyła <xAnon> (...) SA</xAnon> opracowań w zakresie marketingu, organizacji sieci dystrybucji, zarządzania sprzedażą codziennego użytku oraz systemów motywacyjnych, metod naprawy sytuacji ekonomiczno-finansowej podmiotów gospodarczych dot. <xAnon> (...) SA</xAnon>,</xText>
          <xText>b) warunki umowy z dnia 1 czerwca 2000 r. sprzedaży ręczników i papier pomiędzy <xAnon> (...) SA</xAnon> a <xAnon> (...) sp. z o.o.</xAnon> były jednoznacznie korzystne dla tej ostatniej spółki oraz, że na jej podstawie nie mogło dojść do obciążenia <xAnon> (...) SA</xAnon> kosztami transportu oraz usług marketingowych,</xText>
          <xText>c) usługi marketingowe za które <xAnon> (...) sp. z o.o.</xAnon> obciążała <xAnon> (...) SA</xAnon> nie są tożsame z bonifikatami z tytułu sprzedaży,</xText>
          <xText>e) przyjęcie, że nie zadeklarowano i nie odprowadzono podatku od towarów i usług w wysokości 10.247 zł. z tytułu dzierżawy pomieszczeń oraz przyjęcie, że nie zadeklarowano przychodu z tego tytułu w wysokości 46.580 zł.</xText>
          <xText>f) deklaracje podatkowe VAT i CIT zawierały informacje nieprawdziwe w całym zakresie objętym p. VII i części wstępnej wyroku,</xText>
          <xText>g) oskarżony obejmował umyślnością ewentualne nieprawdziwe dane w urządzeniach rachunkowości lub deklaracjach podatkowych,</xText>
          <xText>h) oskarżony działając umyślnie doprowadził do powstania szkody w wielkich rozmiarach w majątku <xAnon> (...) SA</xAnon>,</xText>
          <xText>3. obrazę prawa materialnego, a mianowicie</xText>
          <xText>a) obrazę <xLexLink xArt="art. 296;art. 296 § 1;art. 296 § 3" xIsapId="WDU19970880553" xTitle="Ustawa z dnia 6 czerwca 1997 r. - Kodeks karny" xAddress="Dz. U. z 1997 r. Nr 88, poz. 553">art. 296 § 1 i § 3 kk</xLexLink> przez przyjęcie, że oskarżony nadużył swoich uprawnień mimo, że bezdyskusyjnie działał w ich granicach,</xText>
          <xText>b) obrazę <xLexLink xArt="art. 56" xIsapId="WDU19990830930" xTitle="Ustawa z dnia 10 września 1999 r. - Kodeks karny skarbowy" xAddress="Dz. U. z 1999 r. Nr 83, poz. 930">art. 56 kks</xLexLink> przez uznanie, że dla odpowiedzialności z tego przepisu wystarczające jest niewłaściwe udokumentowanie danych wprowadzanych do urządzeń księgowych będących źródłem danych wprowadzanych do deklaracji podatkowych podczas gdy konieczne jest umyślne podanie danych obiektywnie nieprawdziwych.</xText>
          
          <xText>Podnosząc powyższe zarzuty apelujący wniósł o uchylenie zaskarżonego wyroku i przekazanie sprawy do ponownego rozpoznania sądowi pierwszej instancji ewentualnie o zmianę wyroku i uniewinnienie oskarżonego od zarzucanych mu czynów objętych punktami I – III wyroku.</xText>
          
          <xText>
            <xBx>Sąd Apelacyjny zważył :</xBx>
          </xText>
          
          <xText>Zarzuty podniesione w apelacji zasługują na częściowe uwzględnienie. Czego jednak nie można powiedzieć o wnioskach zawartych w apelacji. Zasadna jest częściowo apelacja stawiająca zarzut błędu w ustaleniach faktycznych, o czym będzie mowa w dalszej części rozważań. Brak podstaw do oceny, iż sąd pierwszej instancji dopuścił się obrazy przepisów postępowania a w szczególności <xLexLink xArt="art. 7" xIsapId="WDU19970890555" xTitle="Ustawa z dnia 6 czerwca 1997 r. - Kodeks postępowania karnego" xAddress="Dz. U. z 1997 r. Nr 89, poz. 555">art. 7 k.p.k.</xLexLink> czy też <xLexLink xArt="art. 5;art. 5 § 2" xIsapId="WDU19970890555" xTitle="Ustawa z dnia 6 czerwca 1997 r. - Kodeks postępowania karnego" xAddress="Dz. U. z 1997 r. Nr 89, poz. 555">art. 5§2 k.p.k.</xLexLink> Zarzut naruszenia zasady obiektywizmu – <xLexLink xArt="art. 4" xIsapId="WDU19970890555" xTitle="Ustawa z dnia 6 czerwca 1997 r. - Kodeks postępowania karnego" xAddress="Dz. U. z 1997 r. Nr 89, poz. 555">art. 4 k.p.k.</xLexLink> stracił na znaczeniu wobec dopuszczenia przez sąd odwoławczy wnioskowanych dowodów przez obronę. Zgodzić należy się z apelującym, że uzasadnienie sądu pierwszej instancji pozostawia pewien niedosyt. Jednakże nie można ocenić, aby podnoszone przez apelującego niedostatki uzasadnienia uniemożliwiały kontrolę toku rozumowania sądu pierwszej instancji, a tym samym kontrolę instancyjną. W odpowiedzi na zarzut obrazy prawa materialnego należy wskazać, iż ten zarzut można stawiać w sytuacji gdy nie kwestionuje się ustaleń faktycznych.</xText>
          <xText>W punkcie pierwszym skarżonego wyroku przypisano oskarżonemu <xAnon>I. P.</xAnon> popełnienie przestępstwa z <xLexLink xArt="art. 296;art. 296 § 1;art. 296 § 3" xIsapId="WDU19970880553" xTitle="Ustawa z dnia 6 czerwca 1997 r. - Kodeks karny" xAddress="Dz. U. z 1997 r. Nr 88, poz. 553">art. 296§1 i 3 k.k.</xLexLink></xText>
          <xText>Zachowanie się sprawcy czynu zabronionego z <xLexLink xArt="art. 296" xIsapId="WDU19970880553" xTitle="Ustawa z dnia 6 czerwca 1997 r. - Kodeks karny" xAddress="Dz. U. z 1997 r. Nr 88, poz. 553">art. 296 k.k.</xLexLink> wyznaczają trzy elementy: formalna szczególna powinność określonego zachowania się sprawcy na rzecz pokrzywdzonego, nadużycie przez sprawcę swoich uprawnień lub niedopełnienie przez niego obowiązków oraz powstanie szkody u pokrzywdzonego jako wynik realizacji przez sprawcę znamion czynnościowych. Wszystkie te elementy muszą wystąpić łącznie a pomiędzy nimi powinien istnieć związek przyczynowo – skutkowy/ tak R. Zawłocki, Przestępstwo niegospodarności. Przesłanki i elementy odpowiedzialności karnej z art. 296 k.k. Monitor Prawniczy 2002, nr 21/. Zwrócić należy również uwagę, że przestępstwo stypizowane w <xLexLink xArt="art. 296;art. 296 § 1 k" xIsapId="WDU19970880553" xTitle="Ustawa z dnia 6 czerwca 1997 r. - Kodeks karny" xAddress="Dz. U. z 1997 r. Nr 88, poz. 553">art. 296§1k</xLexLink>.k. jest przestępstwem umyślnym. Oznacza to, że wszystkie jego elementy muszą być objęte umyślnością co najmniej w zamiarze ewentualnym. „Typ czynu zabronionego, o którym mowa w <xLexLink xArt="art. 296;art. 296 § 1" xIsapId="WDU19970880553" xTitle="Ustawa z dnia 6 czerwca 1997 r. - Kodeks karny" xAddress="Dz. U. z 1997 r. Nr 88, poz. 553">art. 296 § 1 k.k.</xLexLink>, ma w całości charakter umyślny. Tak więc zamiarem bezpośrednim lub co najmniej wynikowym objęte musi być nie tylko nadużycie uprawnień lub niedopełnienie ciążących na sprawcy obowiązków, ale także i spowodowanie skutku w postaci znacznej szkody majątkowej. Nie można przy tym w żadnym wypadku stosować swoistej miary automatyzmu, w myśl której skoro ewidentne jest niedopełnienie obowiązków "dobrego gospodarza" lub też ewidentne jest nadużycie uprawnień, tym samym przyjąć należy umyślność także co do zaistniałego - w wyniku takich działań lub zaniechań – skutku”/ tak SN w wyroku z 27.06.2001 r. – V KKN 49/99 – LEX/.</xText>
          <xText>Do znamion przypisanego oskarżonemu przestępstwa należy również wyrządzenie szkody majątkowej w wielkich rozmiarach - <xLexLink xArt="§ 3;art. 296" xIsapId="WDU19970880553" xTitle="Ustawa z dnia 6 czerwca 1997 r. - Kodeks karny" xAddress="Dz. U. z 1997 r. Nr 88, poz. 553">§3 art. 296 k.k.</xLexLink> Szkoda majątkowa w wielkich rozmiarach to zgodnie z <xLexLink xArt="art. 115;art. 115 § 7 k" xIsapId="WDU19970880553" xTitle="Ustawa z dnia 6 czerwca 1997 r. - Kodeks karny" xAddress="Dz. U. z 1997 r. Nr 88, poz. 553">art. 115 § 7k</xLexLink>.k. w zw. z <xLexLink xArt="art. 115;art. 115 § 6" xIsapId="WDU19970880553" xTitle="Ustawa z dnia 6 czerwca 1997 r. - Kodeks karny" xAddress="Dz. U. z 1997 r. Nr 88, poz. 553">art. 115 § 6 k.k.</xLexLink> szkoda, której wartość w chwili popełnienia czynu zabronionego przekracza 1 000 000 złotych. Wskazany przepis w aktualnym brzmieniu obowiązuje od 8.06.2010 r./ Dz. U. z 2009 r., Nr 206, poz.1589/. W dacie popełnienia przypisanego oskarżonemu przestępstwa treść <xLexLink xArt="art. 115;art. 115 § 7 k" xIsapId="WDU19970880553" xTitle="Ustawa z dnia 6 czerwca 1997 r. - Kodeks karny" xAddress="Dz. U. z 1997 r. Nr 88, poz. 553">art. 115§7k</xLexLink>.k. w zw. z <xLexLink xArt="art. 115;art. 115 § 6" xIsapId="WDU19970880553" xTitle="Ustawa z dnia 6 czerwca 1997 r. - Kodeks karny" xAddress="Dz. U. z 1997 r. Nr 88, poz. 553">art. 115§6 k.k.</xLexLink> brzmiała „ Szkodą w wielkich rozmiarach jest mienie, którego wartość w chwili popełnienia czynu zabronionego przekracza tysiąckrotną wysokość najniższego miesięcznego wynagrodzenia”. Najniższe wynagrodzenie w dacie popełnienia przestępstwa wynosiło 760 złotych/ por. <xLexLink xArt="" xIsapId="WDU19980160074" xTitle="Rozporządzenie Ministra Pracy i Polityki Socjalnej z dnia 29 stycznia 1998 r. w sprawie najniższego wynagrodzenia za pracę pracowników" xAddress="Dz. U. z 1998 r. Nr 16, poz. 74">Rozporządzenie Ministra Pracy i Polityki Socjalnej z 29.01.1998 r.</xLexLink> Dz. U. 98, Nr 16, poz. 74 oraz <xLexLink xArt="art. 25" xIsapId="WDU20022001679" xTitle="Ustawa z dnia 10 października 2002 r. o minimalnym wynagrodzeniu za pracę" xAddress="Dz. U. z 2002 r. Nr 200, poz. 1679">art. 25 ustawy z 10.10.2002 r. o minimalnym wynagrodzeniu za pracę</xLexLink> Dz. U. Nr 200, poz. 1679/. W myśl wskazanego art. 25 powołanej ustawy „ Ilekroć w przepisach prawa jest mowa o "najniższym wynagrodzeniu za pracę pracowników" przez odwołanie się do odrębnych przepisów lub do <xLexLink xArt="" xIsapId="WDU19740240141" xTitle="Ustawa z dnia 26 czerwca 1974 r. - Kodeks pracy" xAddress="Dz. U. z 1974 r. Nr 24, poz. 141">Kodeksu pracy</xLexLink> albo przez wskazanie Ministra Pracy i Polityki Socjalnej lub ministra właściwego do spraw pracy jako zobowiązanego do ustalania takiego wynagrodzenia na podstawie odrębnych przepisów lub <xLexLink xArt="" xIsapId="WDU19740240141" xTitle="Ustawa z dnia 26 czerwca 1974 r. - Kodeks pracy" xAddress="Dz. U. z 1974 r. Nr 24, poz. 141">Kodeksu pracy</xLexLink>, oznacza to kwotę 760 zł”. Kierując się zasadą intertemporalną wyrażoną w <xLexLink xArt="art. 4;art. 4 § 1" xIsapId="WDU19970880553" xTitle="Ustawa z dnia 6 czerwca 1997 r. - Kodeks karny" xAddress="Dz. U. z 1997 r. Nr 88, poz. 553">art. 4§1 k.k.</xLexLink> w odniesieniu do czynu przypisanego oskarżonemu należy przyjąć rozumienie szkody w wielkich rozmiarach w wysokości obowiązującej w dacie orzekania, a więc w aktualnym brzmieniu.</xText>
          <xText>W punkcie pierwszym zaskarżonego wyroku sąd pierwszej instancji przyjął, iż oskarżony <xAnon>I. P.</xAnon> dopuścił się dwóch przestępstw w zbiegu realnym stanowiących ciąg przestępstw. Zgodnie z <xLexLink xArt="art. 91;art. 91 § 1 k" xIsapId="WDU19970880553" xTitle="Ustawa z dnia 6 czerwca 1997 r. - Kodeks karny" xAddress="Dz. U. z 1997 r. Nr 88, poz. 553">art. 91§1k</xLexLink>.k. „Jeżeli sprawca popełnia w podobny sposób, w krótkich odstępach czasu, dwa lub więcej przestępstw, zanim zapadł pierwszy wyrok, chociażby nieprawomocny, co do któregokolwiek z tych przestępstw, sąd orzeka jedną karę na podstawie przepisu, którego znamiona każde z tych przestępstw wyczerpuje, w wysokości do górnej granicy ustawowego zagrożenia zwiększonego o połowę”. Z brzmienia cytowanego przepisu jednoznacznie wynika, iż ciąg przestępstw ma miejsce, gdy każde z przestępstw wyczerpuje znamiona tego samego przepisu. Wskazano już wyżej, iż do znamion przestępstwa z <xLexLink xArt="art. 296;art. 296 § 3" xIsapId="WDU19970880553" xTitle="Ustawa z dnia 6 czerwca 1997 r. - Kodeks karny" xAddress="Dz. U. z 1997 r. Nr 88, poz. 553">art. 296§3 k.k.</xLexLink> należy wyrządzenie szkody majątkowej w wielkich rozmiarach. Wyjaśniono również rozumienie szkody majątkowej w wielkich rozmiarach w dacie czynu oraz w dacie orzekania. Także wskazano, iż zgodnie z <xLexLink xArt="art. 4;art. 4 § 1" xIsapId="WDU19970880553" xTitle="Ustawa z dnia 6 czerwca 1997 r. - Kodeks karny" xAddress="Dz. U. z 1997 r. Nr 88, poz. 553">art. 4§1 k.k.</xLexLink> w odniesieniu do czynów przypisanych oskarżonemu szkodą majątkową w wielkich rozmiarach jest szkoda, której wartość przekracza 1 000 000 zł. A zatem nie możemy mówić o szkodzie majątkowej w wielkich rozmiarach wynoszącej 976 000 zł. Tym samym brak podstaw do przyjęcia instytucji ciągu przestępstw w odniesieniu do przestępstw przypisanych oskarżonemu w punkcie pierwszym zaskarżonego wyroku.</xText>
          <xText>Przestępstwo, którym została wyrządzona szkoda majątkowa w kwocie 976 000 zł należało zakwalifikować z <xLexLink xArt="art. 296;art. 296 § 1 k" xIsapId="WDU19970880553" xTitle="Ustawa z dnia 6 czerwca 1997 r. - Kodeks karny" xAddress="Dz. U. z 1997 r. Nr 88, poz. 553">art. 296§1k</xLexLink>.k. bowiem wskazana szkoda jest znaczną szkodą majątkową, a nie szkodą w wielkich rozmiarach. Zgodnie z <xLexLink xArt="art. 115;art. 115 § 7" xIsapId="WDU19970880553" xTitle="Ustawa z dnia 6 czerwca 1997 r. - Kodeks karny" xAddress="Dz. U. z 1997 r. Nr 88, poz. 553">art. 115§7 k.k.</xLexLink> w zw. z <xLexLink xArt="art. 115;art. 115 § 5" xIsapId="WDU19970880553" xTitle="Ustawa z dnia 6 czerwca 1997 r. - Kodeks karny" xAddress="Dz. U. z 1997 r. Nr 88, poz. 553">art. 115§5 k.k.</xLexLink> znaczną szkodą majątkową jest szkoda, której wartość w czasie popełnienia czynu zabronionego przekracza 200 000 zł. W dalszym zakresie mają odniesienie uwagi poczynione już wyżej, a dotyczące szkody majątkowej w wielkich rozmiarach, wskazujące iż do czynu przypisanego oskarżonemu należy stosować ustawę obowiązującą w dacie orzekania. W dacie popełnienia czynu przypisanego <xAnon>I. P.</xAnon> znaczną szkodą majątkową była dwustukrotność najniższego miesięcznego wynagrodzenia czyli kwota przekraczająca 152 000 zł( 200x 760 zł).</xText>
          <xText>Przedstawione wyżej stanowisko doktryny, judykatury oraz rozumienie wyrażeń ustawowych „znacznej szkody majątkowej” i „szkody majątkowej w wielkich rozmiarach” należy skonfrontować ze zgromadzonymi w sprawie dowodami.</xText>
          <xText>Uchwałą Rady Nadzorczej <xAnon> (...) S.A.</xAnon><xAnon>I. P.</xAnon> został powołany w tej spółce na prezesa jednoosobowego zarządu z dniem 26 maja 2000 r./ k. 3829 i k. 1021/. Zgodnie z Regulaminem Zarządu / k. 3837/ zarząd spółki zarządza spółką i reprezentuje ją na zewnątrz. W §13 tego regulaminu określono kompetencje Prezesa Zarządu / k. 3841/.</xText>
          <xText>Oskarżony w imieniu <xAnon> (...) S.A.</xAnon> w dniu 1 czerwca 2000 r. zawarł umowę z <xAnon> firmą (...) Sp. z o.o.</xAnon> reprezentowaną przez <xAnon>H. P.</xAnon> – siostrę oskarżonego – na opracowanie w zakresie marketingu, organizacji sieci dystrybucji, zarządzania sprzedażą towarów codziennego użytku oraz systemów motywacyjnych, metod naprawy sytuacji ekonomiczno-finansowej podmiotów gospodarczych oraz sposobów ich wprowadzania/ k. 3866/. Za opracowanie <xAnon> (...) S.A.</xAnon> zapłaciły 976 000 złotych/ k. 3868 i k. 3870/ mimo nie wykonania opracowania.</xText>
          <xText>Oskarżony w swych wyjaśnieniach podał, że opracowanie zostało wykonane/ k. 4692/.Członków Rady Nadzorczej poinformował, że opracowanie znajduje się w sejfie w <xAnon> firmie (...)</xAnon>/ k. 3879 w zw. z k. 7624v. zeznania <xAnon>M. J.</xAnon>/. W toku kontroli oskarżony wyjaśnił, że opracowanie zostało przekazane do Sądu Gospodarczego w Wałbrzychu. Także siostra oskarżonego <xAnon>H. P.</xAnon> zeznała, że opracowanie zostało przekazane <xAnon> (...) S.A.</xAnon>/ k. 3891/.</xText>
          <xText>Brak podstaw do ustalenia, że opracowanie zostało wykonane. Za taką oceną przemawiają zeznania członków Rady Nadzorczej <xAnon> (...) S.A.</xAnon> – <xAnon>M. J.</xAnon> k. 3879, <xAnon>T. P.</xAnon> k. 3884 i <xAnon>L. P. (2)</xAnon> k. 3891/, którzy zgodnie zeznali, iż nigdy nie przedłożono im wspomnianego opracowania. Także nie potwierdziły się wyjaśnienia oskarżonego, że opracowanie zostało przekazane do Sądu Gospodarczego w Wałbrzychu. Przeczą temu zeznania <xAnon>M. R.</xAnon> – syndyka masy upadłości <xAnon> (...) S.A.</xAnon>/ k. 4713/. Zeznał on, iż w dokumentacji <xAnon> (...) S.A.</xAnon> nie ma śladu przekazania opracowania, które było przedmiotem umowy. Także <xAnon>G. B.</xAnon> zeznała, iż brak jakiegokolwiek dowodu przekazania opracowań <xAnon> (...) S.A.</xAnon>/ k.4474/. Wskazany świadek dokonywał kontroli w <xAnon> (...) S. A.</xAnon> W czasie tej kontroli świadek w obecności pracownika sądu dokonała oględzin akt w Sądzie Rejonowym w Wałbrzychu. Oględziny wykazały, iż w aktach, wbrew twierdzeniom oskarżonego, brak opracowania/ k. 3876/. Za krytyczną oceną dowodów, które wskazują, że opracowanie zostało wykonane zgodnie z umową, wskazują nie tylko powyższe dowody. Zasady logicznego rozumowania, wiedzy i doświadczenia życiowego – <xLexLink xArt="art. 7" xIsapId="WDU19970890555" xTitle="Ustawa z dnia 6 czerwca 1997 r. - Kodeks postępowania karnego" xAddress="Dz. U. z 1997 r. Nr 89, poz. 555">art. 7 k.p.k.</xLexLink> – pozwalają na stwierdzenie, iż w tego typu sytuacjach przy takich umowach i kwotach które zapłacono za opracowanie, odbioru opracowania dokonuje się w postaci protokołu odbioru. Tym czasem w badanych dokumentach brak nie tylko opracowania ale przede wszystkim jakiegokolwiek dowodu przekazania opracowania <xAnon> (...) S.A.</xAnon> Także radca prawny <xAnon>A. D.</xAnon> nie potwierdził wyjaśnień oskarżonego, wedle których opracowanie miał on widzieć/ k. 6536/.</xText>
          <xText>Oskarżony twierdził, iż opracowanie dla <xAnon> (...)</xAnon> miała wykonać <xAnon> firma (...)</xAnon>. Słuchany na tę okoliczność <xAnon>A. T.</xAnon> podał, iż jego ojciec <xAnon>R. T.</xAnon> nie żyje. Mieszkał on w USA i zajmował się importem szkła z Polski. Świadek zeznał, iż firma ojca nie zajmowała się analizami ekonomicznymi.</xText>
          <xText>W toku postępowania przed Sądem Okręgowym oraz w apelacji podniesiono, iż opracowanie wykonane w następstwie zawartej umowy może znajdować się w <xAnon>D.</xAnon> Bank A/S S.A. Oddział w Polsce/ k. 7726/. Brak potwierdzenia aby zamówione opracowanie zostało dołączone do wniosku o udzielenie kredytu, wniosku złożonego we wskazanym banku przez <xAnon> (...) S.A.</xAnon> Sąd Apelacyjny zwrócił się w tej sprawie do wskazanego wyżej banku. W odpowiedzi bank nadesłał jako jedyne dokumenty, które były w jego posiadaniu, biznes plan. Nadesłane materiały nie wskazują na <xAnon>R. T.</xAnon> czy też jego firmę jak również nie wskazują na <xAnon> firmę (...)</xAnon> jako autorów opracowania. Brak podpisów pod opracowaniem oraz brak wskazania tytułu opracowania nawiązującego do treści zawartej umowy przez oskarżonego. Te okoliczności harmonizują z powyższą oceną dowodów wskazujących, iż opracowanie nie zostało wykonane zgodnie z umową podpisaną przez oskarżonego.</xText>
          <xText>Autor apelacji odwołał się do zeznań świadków : <xAnon>M. J.</xAnon>/ k. 7624v./ i <xAnon>L. P. (1)</xAnon>/ k. 7729/, którzy według twierdzeń apelacji mieli widzieć wykonane opracowanie. Wskazani świadkowie nie podali w sposób kategoryczny, że widzieli opracowanie. Z zeznań tych jedynie wynika, iż mówiło się, o opracowaniu. Mówił między innymi o tym oskarżony na posiedzeniu Rady Nadzorczej, jednakże nie pokazał członkom tej Rady opracowania. Oskarżony wskazywał także, gdzie opracowanie się znajduje. Te fakty również się nie potwierdziły. A przede wszystkim, jak już podniesiono, brak nie tylko opracowania ale przede wszystkim jakiegokolwiek dowodu w postaci dokumentu, iż opracowanie stanowiące przedmiot umowy podpisanej przez oskarżonego zostało wykonane.</xText>
          <xText>Analiza wskazanych dowodów nakazywała krytyczną ocenę zarzutów apelacji. Oczywistym jest, iż oskarżony był uprawniony do zawarcia umowy. Treść tej umowy nie jest kwestionowana. Problem sprowadza się do nadużycia polegającego na dokonaniu dyspozycji zapłaty ze środków <xAnon> (...) S.A.</xAnon>, za opracowanie będące przedmiotem podpisanej umowy, które to opracowanie nie zostało wykonane. Decyzję dotyczącą zapłaty władny był podjąć oskarżony. Wiedział, iż opracowanie nie zostało wykonane. Mając taką wiedzę działał umyślnie na szkodę spółki, w imieniu której był uprawniony działać. W ten sposób wyrządził spółce szkodę w kwocie 976 000 złotych. Czyn ten wyczerpał znamiona przestępstwa z art. 296§1k.k.</xText>
          <xText>Oskarżony działając w imieniu <xAnon> (...) S.A.</xAnon> w dniu 1 czerwca 2000 r. podpisał umowę z <xAnon> firmą (...)</xAnon>, której przedmiotem była sprzedaż <xAnon> (...)</xAnon> papieru toaletowego i ręczników w rolach przemysłowych oraz zwoikach produkowanych w <xAnon> (...) S.A.</xAnon> /k. 3842/.</xText>
          <xText>W umowie przyjęto, iż odbiorca zobowiązuje się do dostarczania wyrobów własnym środkiem transportu i na własny koszt do miejsca wskazanego przez odbiorcę, pod warunkiem że złożone przez odbiorcę zamówienie stanowić będzie pełny skład pojazdu. Aby nie było jakichkolwiek wątpliwości należy wskazać, iż w umowie określono, że „odbiorca” to strona umowy czyli <xAnon> firma (...)</xAnon>. Przyjęto także, że strony mogą ustalić odmienne zasady transportu wyrobów.</xText>
          <xText>W § 6 tej umowy znalazł się zapis, że dostawca udzieli odbiorcy bonifikaty w wysokości 12% od uzyskanego obrotu za sprzedaż wyrobów z rozliczeniem na koniec roku 2000, a następnie w wysokości 12%. Postanowiono także, że powyższy upust nie wyłącza możliwości bieżącego stosowania innych dodatkowych upustów.</xText>
          <xText>Oskarżonemu przypisano popełnienie przestępstwa z <xLexLink xArt="art. 296;art. 296 § 1;art. 296 § 3" xIsapId="WDU19970880553" xTitle="Ustawa z dnia 6 czerwca 1997 r. - Kodeks karny" xAddress="Dz. U. z 1997 r. Nr 88, poz. 553">art. 296§1 i 3 k.k.</xLexLink> polegającego na działaniu na szkodę <xAnon> (...) S.A.</xAnon> i wyrządzeniu tym zakładom szkody w wielkich rozmiarach w ten sposób, że jako prezes jednoosobowego zarządu tej spółki będąc obowiązany na podstawie przepisu ustawy do zajmowania się sprawami majątkowymi spółki nadużył udzielonych mu uprawnień w ten sposób, że wbrew postanowieniom wyżej wymienionej umowy doprowadził do obciążenia wymienionej spółki kosztami usług marketingowych w łącznej kwocie 3.574 080,01 złotych. Te ustalenia sądu pierwszej instancji są prawidłowe. Do takich ustaleń upoważniała opinia biegłej <xAnon>T. K.</xAnon> / k. 6861/ i zgodne z tą opinią wyniki kontroli NIK/ k. 3682-37054/, dowody z dokumentów w postaci faktur VAT /k. 3848-3851 oraz zeznania <xAnon>G. B.</xAnon> / k. 7635 w zw. z k. 2476-2480 i 4474-4471 oraz 6152/.</xText>
          <xText>Apelujący kwestionując powyższe ustalenia odwołuje się do prywatnej opinii, sporządzonej na zlecenie oskarżonego, opinii <xAnon> Instytutu Studiów (...)</xAnon>/ k. 6931 i nast./. W opinii tej podniesiono/ k. 6951/, że rabat marketingowy mylnie określony jako usługa marketingowa mógł stanowić dopuszczony zapisami zawartej umowy inny, dodatkowy upust. Zdaniem Instytutu umowa nie zawiera zapisów dotyczących kwoty bądź ograniczenia wysokości dodatkowego upustu.</xText>
          <xText>Powyższa interpretacja zapisów umowy, a tym samym zachowania oskarżonego, nie jest możliwa do zaakceptowania. Działanie oskarżonego jest oceniane z punktu widzenia dobrego gospodarza <xAnon> (...) S.A.</xAnon> Brak uzasadnienia z tego punktu widzenia działań korzystnych dla spółki kierowanej przez oskarżonego. Wręcz przeciwnie takie działanie wyrządziło szkodę w wielkich rozmiarach <xAnon> (...) S.A.</xAnon> Brak również wytłumaczenia dlaczego pieniądze wydatkowane na usługę marketingową wielokrotnie przewyższają przyjęty w umowie upust/ k. por. k. 6861/. Zważyć również należy, że ani oskarżony, ani inny jakikolwiek dowód nie wskazuje jakie to korzyści miały by być z tych usług marketingowych dla <xAnon> (...) S.A.</xAnon> Nie można również tracić z pola widzenia okoliczności, że brak jakichkolwiek dowodów wskazujących, że istniała potrzeba świadczenia usług marketingowych na rzecz <xAnon> (...) S.A.</xAnon>, a w szczególności że te usługi w rzeczywistości zostały wykonane.</xText>
          <xText>Zasady doświadczenia życiowego uczą, że przy tego typu umowach, jeżeli rzeczywiście wprowadza się dodatkowe upusty stosuje się aneksy do umowy. Oczywistym jest, iż dla ważności umowy taki aneks nie jest niezbędny. Jednakże dobry gospodarz nigdy by sobie nie pozwolił na takie rozwiązanie jakie prezentuje oskarżony. Pisemny aneks do umowy jednoznacznie by określał czy jest to usługa marketingowa jak wykazywano w dokumentacji, czy też rabat marketingowy jak interpretuje się w prywatnej opinii. W ocenie sądu należy przyjąć, że zapłacono za usługę marketingową, gdyż tak wynika z badanej dokumentacji. A więc wbrew postanowieniom umowy podpisanej przez oskarżonego.</xText>
          <xText>Dokonując oceny dowodów sąd kieruje się treścią <xLexLink xArt="art. 7" xIsapId="WDU19970890555" xTitle="Ustawa z dnia 6 czerwca 1997 r. - Kodeks postępowania karnego" xAddress="Dz. U. z 1997 r. Nr 89, poz. 555">art. 7 k.p.k.</xLexLink> Tak też jest w przedmiotowej sprawie, wbrew twierdzeniom apelującego. Wskazania wiedzy, doświadczenia życiowego oraz zasady logicznego rozumowania nie pozwalają inaczej ocenić zachowania oskarżonego jak działania na szkodę <xAnon> (...) S.A.</xAnon> Przy tej ocenie nie można tracić z pola widzenia faktu, że <xAnon>I. P.</xAnon> będąc prezesem jednoosobowego zarządu <xAnon> (...) S.A.</xAnon> był jednocześnie współwłaścicielem <xAnon> firmy (...)</xAnon>.</xText>
          <xText>W ocenie Sądu Apelacyjnego nie można przyjąć, iż działanie oskarżonego na szkodę spółki polegało także na obciążenia <xAnon> (...) S.A.</xAnon>, wbrew postanowieniom podpisanej umowy, kosztami transportu w kwocie 1.977.379,09 złotych. Do takiego wniosku sąd odwoławczy doszedł nie w oparciu o argumentację zawartą w apelacji, czy też prywatnej opinii/ k. 6949/, gdzie podniesiono że nie można określić zasadności ponoszenia kosztów transportu przez <xAnon> (...) S.A.</xAnon> Działanie oskarżonego w tym zakresie, oceniane z punktu widzenia dobrego gospodarza, było niegospodarne, wyrządzające szkodę kierowanej przez niego spółce. Problem sprowadza się do wadliwości postawionego w akcie oskarżenia zarzutu. Zarzucono oskarżonemu nadużycie udzielonych mu uprawnień polegające na tym, że wbrew postanowieniom podpisanej umowy doprowadził do obciążenia spółki kosztami transportu w kwocie 1.977.379,09 złotych.</xText>
          <xText>Oskarżony nie postąpił wbrew postanowieniom podpisanej umowy. W związku z powyższą oceną zasadnym jest ponowne odwołanie się do zapisów umowy dotyczących transportu/ k.3842/. Przyjęto w umowie, że „Odbiorca zobowiązuje się do dostarczenia wyrobów własnym środkiem transportu i na własny koszt do miejsca wskazanego przez Odbiorcę, <xUx>pod warunkiem, że złożone przez Odbiorcę zamówienie stanowić będzie pełny skład pojazdu”.</xUx> Taki zapis w umowie dawał swobodę odbiorcy w zakresie ilości zamawianego towaru, a tym samym swobodę w przerzucaniu kosztów transportu na dostawcę. Dostawca, przy cytowanym wyżej zapisie umowy, nie miał wpływu na ilość zamawianego towaru oraz koszty transportu. Oskarżony podpisał umowę bardzo niekorzystną dla kierowanej przez niego spółki, umowę która w tej spółce generowała koszty. Jednakże nie było to sprzeczne z treścią podpisanej umowy jak przyjęto w zarzucie. Działanie oskarżonego należało by oceniać w kontekście <xLexLink xArt="art. 296;art. 296 § 1;art. 296 § 3" xIsapId="WDU19970880553" xTitle="Ustawa z dnia 6 czerwca 1997 r. - Kodeks karny" xAddress="Dz. U. z 1997 r. Nr 88, poz. 553">art. 296§1 i 3 k.k.</xLexLink> ale przy inaczej skonstruowanym zarzucie. Stąd też omawiany fragment przypisanego oskarżonemu działania należało wyeliminować z opisu przypisanego mu przestępstwa. Tym samym zasadnym jest ustalenie, że oskarżony wyrządził szkodę majątkową w wielkich rozmiarach w kwocie 3.574.080,01 złotych( 1. 354 945,76 + 2.219.134,25).</xText>
          <xText>Oskarżonemu przypisano także popełnienie dwóch przestępstw wyczerpujących znamiona art. 56§1k.k.s. W myśl tego przepisu „Podatnik, który składając organowi podatkowemu, innemu uprawnionemu organowi lub płatnikowi deklarację lub oświadczenie, podaje nieprawdę lub zataja prawdę albo nie dopełnia obowiązku zawiadomienia o zmianie objętych nimi danych, przez co naraża podatek na uszczuplenie, podlega karze grzywny do 720 stawek dziennych albo karze pozbawienia wolności, albo obu tym karom łącznie”.</xText>
          <xText>Z dniem 1 stycznia 2013 r. nastąpiło przedawnienie karalności przypisanych oskarżonemu przestępstw skarbowych. Zgodnie z <xLexLink xArt="art. 44" xIsapId="WDU19990830930" xTitle="Ustawa z dnia 10 września 1999 r. - Kodeks karny skarbowy" xAddress="Dz. U. z 1999 r. Nr 83, poz. 930">art. 44 k.k.s.</xLexLink>:</xText>
          <xText>Karalność przestępstwa skarbowego ustaje, jeżeli od czasu jego popełnienia upłynęło lat:</xText>
          <xText>1)5 - gdy czyn stanowi przestępstwo skarbowe zagrożone karą grzywny, karą ograniczenia wolności lub karą pozbawienia wolności nieprzekraczającą 3 lat;</xText>
          <xText>2)10 - gdy czyn stanowi przestępstwo skarbowe zagrożone karą pozbawienia wolności przekraczającą 3 lata.</xText>
          <xText>§ 2. Karalność przestępstwa skarbowego polegającego na uszczupleniu lub narażeniu na uszczuplenie należności publicznoprawnej ustaje także wówczas, gdy nastąpiło przedawnienie tej należności.</xText>
          <xText>§ 3. W wypadkach przewidzianych w § 1 lub § 2 bieg przedawnienia przestępstwa skarbowego polegającego na uszczupleniu lub narażeniu na uszczuplenie należności publicznoprawnej rozpoczyna się z końcem roku, w którym upłynął termin płatności tej należności. Jeżeli sprawca przestępstwa skarbowego dopuścił się uszczuplenia lub narażenia na uszczuplenie należności celnej, bieg jego przedawnienia rozpoczyna się z dniem, w którym powstał dług celny; jeżeli nie jest możliwe określenie dnia powstania długu celnego, bieg przedawnienia przestępstwa skarbowego rozpoczyna się z dniem najwcześniejszym, w którym istnienie długu celnego zostało ustalone.</xText>
          <xText>§ 4. W wypadkach przewidzianych w § 1 lub § 2, jeżeli dokonanie przestępstwa skarbowego zależy od nastąpienia określonego w kodeksie skutku, bieg przedawnienia rozpoczyna się od czasu, gdy skutek nastąpił.</xText>
          <xText>§ 5. Jeżeli w okresie przewidzianym w § 1 lub § 2 wszczęto postępowanie przeciwko sprawcy, karalność popełnionego przez niego przestępstwa skarbowego określonego w § 1 pkt 1 ustaje z upływem 5 lat, a przestępstwa skarbowego określonego w § 1 pkt 2 - z upływem 10 lat od zakończenia tego okresu.</xText>
          <xText>§ 6. W razie uchylenia prawomocnego orzeczenia przedawnienie biegnie od dnia wydania orzeczenia w tym przedmiocie, chyba że karalność przestępstwa skarbowego już ustała.</xText>
          <xText>§ 7. Przedawnienie nie biegnie, jeżeli przepis ustawy nie pozwala na wszczęcie lub dalsze prowadzenie postępowania w sprawie o przestępstwo skarbowe.</xText>
          <xText>W dacie popełnienia przestępstw skarbowych przypisanych oskarżonemu w punkcie II i III zaskarżonego wyroku, wyczerpujących znamiona <xLexLink xArt="art. 56;art. 56 § 1 k" xIsapId="WDU19990830930" xTitle="Ustawa z dnia 10 września 1999 r. - Kodeks karny skarbowy" xAddress="Dz. U. z 1999 r. Nr 83, poz. 930">art. 56§1k</xLexLink>.k.s., przestępstwa te były zagrożone karą pozbawienia wolności do lat trzech. Treść przepisu <xLexLink xArt="art. 56;art. 56 § 1" xIsapId="WDU19990830930" xTitle="Ustawa z dnia 10 września 1999 r. - Kodeks karny skarbowy" xAddress="Dz. U. z 1999 r. Nr 83, poz. 930">art.56§1 k.k.s.</xLexLink> w dacie popełnienia przestępstw przypisanych oskarżonemu była identyczna jak w dacie orzekania. Wyżej przytoczono już aktualne brzmienie tego przepisu. Dla porównania celowym jest zacytowanie treści <xLexLink xArt="art. 56;art. 56 § 1 k" xIsapId="WDU19990830930" xTitle="Ustawa z dnia 10 września 1999 r. - Kodeks karny skarbowy" xAddress="Dz. U. z 1999 r. Nr 83, poz. 930">art. 56§1k</xLexLink>.k.s. obowiązującego w dacie popełnienia przestępstw przypisanych <xAnon>I. P.</xAnon>. „Podatnik, który składając organowi podatkowemu, innemu uprawnionemu organowi lub płatnikowi deklarację lub oświadczenie, podaje nieprawdę lub zataja prawdę albo nie dopełnia obowiązku zawiadomienia o zmianie objętych nimi danych, przez co naraża podatek na uszczuplenie, podlega karze grzywny do 720 stawek dziennych albo karze pozbawienia wolności, albo obu tym karom łącznie”/ Dz. U. z 1999r. Nr 83, poz. 930/. Zważyć przy tym należy, iż przepis art. 56§1k.k.s. nie zawiera i nie zawierał określenia wysokości kary pozbawienia wolności. Wysokość tej kary była i jest określona w art. 27§1k.k.s. Jak już wskazano w dacie popełnienia przestępstw skarbowych przypisanych <xAnon>I. P.</xAnon> maksymalna wysokość kary pozbawienia wolności jaką można było orzec za przestępstwo skarbowe wynosiła 3 lata. Przepis <xLexLink xArt="art. 27" xIsapId="WDU19990830930" xTitle="Ustawa z dnia 10 września 1999 r. - Kodeks karny skarbowy" xAddress="Dz. U. z 1999 r. Nr 83, poz. 930">art. 27 k.k.s.</xLexLink> miał treść „Jeżeli kodeks nie stanowi inaczej, kara pozbawienia wolności trwa najkrócej 5 dni, najdłużej – 3 lata; wymierza się ją w dniach, miesiącach i latach”. Zmiana treści <xLexLink xArt="art. 27" xIsapId="WDU19990830930" xTitle="Ustawa z dnia 10 września 1999 r. - Kodeks karny skarbowy" xAddress="Dz. U. z 1999 r. Nr 83, poz. 930">art. 27 k.k.s.</xLexLink> nastąpiła ustawą z dnia 28 lipca 2005 r. o zmianie ustawy – Kodeks karny skarbowy oraz niektórych innych ustaw/ Dz. U. z 2005 r. Nr 178, poz. 1479/ - por art. 1 pkt 19 tej ustawy. Aktualna treść przepisu brzmi „Jeżeli kodeks nie stanowi inaczej, kara pozbawienia wolności trwa najkrócej 5 dni, najdłużej - 5 lat; wymierza się ją w dniach, miesiącach i latach”. Ta sankcja obowiązuje od 17 grudnia 2005 r. Mając powyższe na uwadze należało uwzględnić zasadę intertemporalną wyrażoną w <xLexLink xArt="art. 2;art. 2 § 2" xIsapId="WDU19990830930" xTitle="Ustawa z dnia 10 września 1999 r. - Kodeks karny skarbowy" xAddress="Dz. U. z 1999 r. Nr 83, poz. 930">art. 2§2 k.k.s.</xLexLink> W myśl tej zasady „Jeżeli w czasie orzekania obowiązuje ustawa inna niż w czasie popełnienia przestępstwa skarbowego lub wykroczenia skarbowego, stosuje się ustawę nową, jednakże należy stosować ustawę obowiązującą poprzednio, jeżeli jest względniejsza dla sprawcy”.</xText>
          <xText>Tak więc rozstrzygając kwestie przedawnienia karalności przestępstw skarbowych przypisanych oskarżonemu należało stosować ustawę w brzmieniu obowiązującym do dnia 17 grudnia 2005 roku. Zastosowanie miał więc <xLexLink xArt="art. 44" xIsapId="WDU19990830930" xTitle="Ustawa z dnia 10 września 1999 r. - Kodeks karny skarbowy" xAddress="Dz. U. z 1999 r. Nr 83, poz. 930">art. 44 k.k.s.</xLexLink> w brzmieniu pierwotnym tj. <xLexLink xArt="" xIsapId="WDU19990830930" xTitle="Ustawa z dnia 10 września 1999 r. - Kodeks karny skarbowy" xAddress="Dz. U. z 1999 r. Nr 83, poz. 930">ustawy z dnia 10 września 1999 roku</xLexLink>. Zgodnie z <xLexLink xArt="art. 44 § 1;art. 44 § 1 pkt. 2" xIsapId="WDU19990830930" xTitle="Ustawa z dnia 10 września 1999 r. - Kodeks karny skarbowy" xAddress="Dz. U. z 1999 r. Nr 83, poz. 930">§ 1 pkt 2</xLexLink> tego przepisu, gdy przestępstwo skarbowe jest zagrożone karą pozbawienia wolności, jego karalność ustaje po 5 latach. Zgodnie z <xLexLink xArt="art. 44 § 5" xIsapId="WDU19990830930" xTitle="Ustawa z dnia 10 września 1999 r. - Kodeks karny skarbowy" xAddress="Dz. U. z 1999 r. Nr 83, poz. 930">§ 5</xLexLink>, jeżeli w okresie przewidzianym w <xLexLink xArt="art. 44 § 1;art. 44 § 2" xIsapId="WDU19990830930" xTitle="Ustawa z dnia 10 września 1999 r. - Kodeks karny skarbowy" xAddress="Dz. U. z 1999 r. Nr 83, poz. 930">§ 1 lub § 2</xLexLink> wszczęto postępowanie przeciwko sprawcy, karalność popełnionego przez niego przestępstwa skarbowego ustaje z upływem 5 lat od zakończenia tego okresu. W niniejszej sprawie postępowanie przeciwko <xAnon>I. P.</xAnon> zostało wszczęte w 5-letnim okresie od popełnienia czynu, co oznacza, że jego karalność ustała po 10 latach</xText>
          <xText>Czyny zarzucane oskarżonemu miały miejsce w 2000 r. i w 2001 r. Obowiązek złożenia zeznania podatkowego za rok 2001 r. istniał do końca marca 2002 r./ art. 27ust. 1 ustawy z dnia 17.07.1992 r. o podatku dochodowym od osób prawnych Dz. U. z 2011 r. Nr 74, poz. 397/. A zatem zgodnie z <xLexLink xArt="art. 44;art. 44 § 3" xIsapId="WDU19990830930" xTitle="Ustawa z dnia 10 września 1999 r. - Kodeks karny skarbowy" xAddress="Dz. U. z 1999 r. Nr 83, poz. 930">art. 44§3 k.k.s.</xLexLink> bieg terminu przedawnienia przestępstwa skarbowego przypisanego oskarżonemu w punkcie III zaskarżonego wyroku rozpoczął się z końcem roku 2002. Innymi słowy okres przedawnienia dla tego czynu liczymy od zakończenia tego roku tj. od dnia 1 stycznia 2003 roku. Powyższe oznacza, że przedawnienie zarzuconego oskarżonemu czynu nastąpiło w dniu 1 stycznia 2013 roku. A więc w dacie orzekania przez sąd odwoławczy zachodziła okoliczność wskazana w <xLexLink xArt="art. 17;art. 17 § 1;art. 17 § 1 pkt. 6" xIsapId="WDU19970890555" xTitle="Ustawa z dnia 6 czerwca 1997 r. - Kodeks postępowania karnego" xAddress="Dz. U. z 1997 r. Nr 89, poz. 555">art. 17§1 pkt 6 k.p.k.</xLexLink> w związku z <xLexLink xArt="art. 439;art. 439 § 1;art. 439 § 1 pkt. 9" xIsapId="WDU19970890555" xTitle="Ustawa z dnia 6 czerwca 1997 r. - Kodeks postępowania karnego" xAddress="Dz. U. z 1997 r. Nr 89, poz. 555">art. 439§1pkt 9 k.p.k.</xLexLink> Stąd też w tym zakresie wyrok należało uchylić i postępowanie umorzyć – zgodnie z <xLexLink xArt="art. 437;art. 437 § 2 k" xIsapId="WDU19970890555" xTitle="Ustawa z dnia 6 czerwca 1997 r. - Kodeks postępowania karnego" xAddress="Dz. U. z 1997 r. Nr 89, poz. 555">art. 437§2k</xLexLink>.p.k.</xText>
          <xText>Sąd Apelacyjny nie znalazł, poza przedawnieniem innych negatywnych przesłanek procesowych, a w szczególności z <xLexLink xArt="art. 17;art. 17 § 1;art. 17 § 1 pkt. 1" xIsapId="WDU19970890555" xTitle="Ustawa z dnia 6 czerwca 1997 r. - Kodeks postępowania karnego" xAddress="Dz. U. z 1997 r. Nr 89, poz. 555">art. 17§1pkt 1 lub 2 k.p.k.</xLexLink> W postanowieniu z 3 kwietnia 2002 r., V KKN 484/00 Sąd Najwyższy wyraził pogląd, że „W wypadku stwierdzenia zbiegu negatywnych przesłanek procesowych, określonych w <xLexLink xArt="art. 17;art. 17 § 1;art. 17 § 1 pkt. 1;art. 17 § 1 pkt. 2" xIsapId="WDU19970890555" xTitle="Ustawa z dnia 6 czerwca 1997 r. - Kodeks postępowania karnego" xAddress="Dz. U. z 1997 r. Nr 89, poz. 555">art. 17 § 1 pkt 1 i 2 kpk</xLexLink> oraz <xLexLink xArt="pkt. 6" xIsapId="WDU19970890555" xTitle="Ustawa z dnia 6 czerwca 1997 r. - Kodeks postępowania karnego" xAddress="Dz. U. z 1997 r. Nr 89, poz. 555">pkt 6 kpk</xLexLink>, sąd w zasadzie powinien umorzyć postępowanie z uwagi na niedopuszczalność jego dalszego prowadzenia. Zasada ta nie ma jednak zastosowania wówczas, gdy zbieg tych przesłanek zostanie stwierdzony dopiero po przeprowadzeniu dowodów i wyjaśnieniu wszystkich okoliczności faktycznych. Doszło bowiem wówczas do zbadania podstaw odpowiedzialności oskarżonego i w takiej sytuacji sąd powinien podjąć decyzję odnoszącą się do braku tych podstaw, a więc wydać wyrok uniewinniający, a nie umarzający postępowanie z powodu przedawnienia”. A zatem w omawianej sytuacji procesowej niezbędnym jest również odniesienie się do zarzutów apelacji oraz zgromadzonych dowodów w zakresie przestępstw przypisanych oskarżonemu w <xLexLink xArt="art. 17 § 1 pkt. 2;pkt. 3" xIsapId="WDU19970890555" xTitle="Ustawa z dnia 6 czerwca 1997 r. - Kodeks postępowania karnego" xAddress="Dz. U. z 1997 r. Nr 89, poz. 555">punktach II i III</xLexLink> zaskarżonego wyroku.</xText>
          <xText>Oskarżonemu, jak już wcześniej podniesiono, przypisano popełnienie dwóch przestępstw wyczerpujących znamiona art. 56§1k.k.s. W myśl tego przepisu „Podatnik, który składając organowi podatkowemu, innemu uprawnionemu organowi lub płatnikowi deklarację lub oświadczenie, podaje nieprawdę lub zataja prawdę albo nie dopełnia obowiązku zawiadomienia o zmianie objętych nimi danych, przez co naraża podatek na uszczuplenie, podlega karze grzywny do 720 stawek dziennych albo karze pozbawienia wolności, albo obu tym karom łącznie”.</xText>
          <xText>Karalność za przestępstwo z art. 56§1k.k.s. uzależniona jest od wystąpienia skutku w postaci narażenie na uszczuplenie podatku. Nie jest natomiast konieczne, aby nierzetelne wypełnienie obowiązku składania deklaracji lub oświadczenia podyktowane było chęcią uszczuplenia podatku. Oznacza to, że odpowiedzialność karna skarbowa za czyn z art. 56§1k.k.s. powstaje nawet wtedy, gdy podatnik składając nierzetelną deklarację lub oświadczenie albo nie zawiadamiając o zmianie danych zawartych w złożonej deklaracji lub oświadczeniu nie zmierzał do osiągnięcia celu w postaci zaniżenia podatku lub uchyleniu się od opodatkowania, jednakże w wyniku takiego zachowania Skarb Państwa lub jednostka samorządu terytorialnego zostały narażone na uszczuplenie podatku/ por. Adam Nitra op. cit. str.144-145/.</xText>
          <xText>W judykaturze przyjmuje się, że wskazane przestępstwo może być popełnione wyłącznie umyślnie, zarówno w zamiarze bezpośrednim jak i w zamiarze ewentualnym/ por. postanowienie SN z 23.02.2006 r.- III KK 267/05 – Lex nr 180/99/. Także w doktrynie wskazuje się, że strona podmiotowa przestępstwa obejmuje obie odmiany umyślności/ por. Wojciech Kotowski, Bolesław Kurzępa, Kodeks karny skarbowy, Komentarz, LexisNexis, Warszawa 2006, s. 216, a także Grzegorz Bogdan, Adam Nita, Zofia Radzikowska, Andrzej Światłowski, Kodeks karny skarbowy z komentarzem, INFotrade, Gdańsk 2000, s. 145/.</xText>
          <xText>Podmiotem przestępstwa z <xLexLink xArt="art. 56" xIsapId="WDU19990830930" xTitle="Ustawa z dnia 10 września 1999 r. - Kodeks karny skarbowy" xAddress="Dz. U. z 1999 r. Nr 83, poz. 930">art. 56 k.k.s.</xLexLink> jest podatnik. W myśl postanowień ordynacji podatkowej podatnikiem jest osoba fizyczna, osoba prawna lub jednostka organizacyjna niemająca osobowości prawnej, podlegająca na mocy ustaw podatkowych obowiązkowi podatkowemu. W <xLexLink xArt="art. 9;art. 9 § 3" xIsapId="WDU19990830930" xTitle="Ustawa z dnia 10 września 1999 r. - Kodeks karny skarbowy" xAddress="Dz. U. z 1999 r. Nr 83, poz. 930">art. 9§3 ustawy – kodeks karny skarbowy</xLexLink> – ustawodawca przyjął, że „Za przestępstwa skarbowe lub wykroczenia skarbowe odpowiada, jak sprawca, także ten, kto na podstawie przepisu prawa, decyzji właściwego organu, umowy lub faktycznego wykonywania zajmuje się sprawami gospodarczymi, w szczególności finansowymi, osoby fizycznej, osoby prawnej albo jednostki organizacyjnej niemającej osobowości prawnej, której odrębne przepisy przyznają zdolność prawną”.</xText>
          <xText><xLexLink xArt="" xIsapId="WDU19990830930" xTitle="Ustawa z dnia 10 września 1999 r. - Kodeks karny skarbowy" xAddress="Dz. U. z 1999 r. Nr 83, poz. 930">Kodeks karny skarbowy</xLexLink> wprowadził specyficzną dla tej dziedziny prawa postać sprawstwa w <xLexLink xArt="art. 9;art. 9 § 3" xIsapId="WDU19990830930" xTitle="Ustawa z dnia 10 września 1999 r. - Kodeks karny skarbowy" xAddress="Dz. U. z 1999 r. Nr 83, poz. 930">art. 9§3</xLexLink>. Podmiotem czynu zabronionego oraz przestępstwa i wykroczenia może być tylko osoba fizyczna. W <xLexLink xArt="art. 56;art. 56 § 1 k" xIsapId="WDU19990830930" xTitle="Ustawa z dnia 10 września 1999 r. - Kodeks karny skarbowy" xAddress="Dz. U. z 1999 r. Nr 83, poz. 930">art. 56§1k</xLexLink>.k.s. ustawodawca określa odpowiedzialność podatnika. Podatnikiem może być nie tylko osoba fizyczna lecz także osoba prawna albo organizacja lub instytucja nie posiadająca osobowości prawnej. Odpowiedzialności karnej podlega osoba fizyczna, o której mowa w <xLexLink xArt="art. 9;art. 9 § 3 k" xIsapId="WDU19990830930" xTitle="Ustawa z dnia 10 września 1999 r. - Kodeks karny skarbowy" xAddress="Dz. U. z 1999 r. Nr 83, poz. 930">art. 9§3k</xLexLink>.k.s.</xText>
          <xText>Osoba wymieniona w art. 9§3k.k.s. musi zajmować się sprawami gospodarczymi. Brak ustawowej definicji tego pojęcia. O zajmowaniu się sprawami gospodarczymi z pewnością można mówić wobec osoby, która ma pewną swobodę w podejmowaniu decyzji i ich realizacji. Nie budzi jakichkolwiek wątpliwości sądu, że taką osobą był w spółce prezes jednoosobowego zarządu <xAnon>I. P.</xAnon>. Podejmował on decyzje istotne dla spółki. Te decyzje nie sprowadzały się do czynności wykonawczych, jakich dokonują najczęściej szeregowi pracownicy. Sprawami gospodarczymi są wszystkie czynności faktyczne i prawne, podejmowane w związku z działalnością danej jednostki a dotyczące jej sfery organizacji oraz wymiany dóbr i usług. Oskarżony jako prezes jednoosobowego zarządu spółki był osobą zajmującą się sprawami majątkowymi w tym jako płatnik podatku.</xText>
          <xText>Oskarżonemu przypisano, iż jako prezes jednoosobowego zarządu <xAnon> (...) S.A.</xAnon> w okresie od listopada 2000 r. do grudnia 2001 r. podał nieprawdę w złożonych w Urzędzie Skarbowym w <xAnon>Z.</xAnon> deklaracjach dla podatków od towarów i usług VAT-7 przez co naraził Skarb Państwa na uszczuplenie podatku VAT, w łącznej kwocie 1.473.911 złotych.</xText>
          <xText>Na powyższą kwotę składa się między innymi kwota 1.221.321 złotych podatku VAT wynikająca z faktur VAT wystawionych przez <xAnon> firmę (...)</xAnon>, a dotyczących sprzedaży usług marketingowych i transportowych bez właściwego udokumentowania ich wykonania.</xText>
          <xText>Nie ma dowodów świadczących o tym, że usługi marketingowe zostały wykonane na rzecz <xAnon> (...) S.A.</xAnon> przez <xAnon> firmę (...)</xAnon>. Są tylko faktury obciążające <xAnon> (...) S.A.</xAnon> za te usługi przez <xAnon> (...)</xAnon>/ por. wyniki kontroli NIK k. 2289 i nast./. Oskarżony nie przedłożył dokumentów dokumentujących rozliczenie usług marketingowych i transportowych/k. 2718v./.</xText>
          <xText>W prywatnej opinii wykonanej na zlecenie oskarżonego wskazano, że usługi marketingowe można odliczyć od podatku VAT. Także biegła <xAnon>T. K.</xAnon> w swej opinii wskazała, że usługi marketingowe można odliczyć od podatku VAT/ k. 6854/. Problem sprowadza się do tego w jaki sposób te usługi winny być dokumentowane. Analiza opinii biegłej <xAnon>T. K.</xAnon> oraz analiza opinii prywatnej/ k. 6948 i k. 7259/ prowadzą do wniosku, iż istniały różnice interpretacyjne w sposobie dokumentowania usług marketingowych. Nie oznacza to jednak, że te usługi nie powinny być dokumentowane. Logika wskazuje, że jeżeli wystawia się fakturę za usługę to należy tego dokonać w oparciu o dokumenty wskazujące wykonanie tej usługi. Dotyczy to także faktur wystawionych za usługi transportowe w związku z podpisaną umową z dnia 1.06. 2000 r.</xText>
          <xText>Udowodnienie, że wydatek związany z przedmiotem umów zawartych przez oskarżonego w dniu 1.06.2000 r. stanowi koszt uzyskania przychodu spoczywał na oskarżonym – jako prezesie jednoosobowego zarządu spółki ( <xLexLink xArt="art. 9;art. 9 § 3" xIsapId="WDU19970880553" xTitle="Ustawa z dnia 6 czerwca 1997 r. - Kodeks karny" xAddress="Dz. U. z 1997 r. Nr 88, poz. 553">art.9§3 k.k.</xLexLink>s). Cel osiągnięcia przychodu musi być przez podatnika wyrażnie określony ze wskazaniem, że poniesione koszty bezpośrednio służyły jego realizacji lub co najmniej winny zakładać, że cel ten realnie został osiągnięty. Dopiero w takiej sytuacji podatnik może odliczyć podatek. Bez właściwego udokumentowania wydatków związanych z uzyskaniem przychodów odliczono podatek w kwocie : 786 297,60 zł z tytułu usług marketingowych oraz w kwocie 478 565,29 zł z tytułu usług transportowych/ k. 6873-6876/.</xText>
          <xText>W kontekście powyższych rozważań rodzi się pytanie czy oskarżony wyczerpał znamiona przestępstwa z art. 56§1k.k.s. to jest czy umyślnie w złożonych deklaracjach podał nieprawdę. Pozytywna odpowiedź na to pytanie jest możliwa w odniesieniu do usług marketingowych. W tym miejscu zasadnym jest odwołanie się do jednego z orzeczeń Sądu Najwyższego. W wyroku z dnia 2 grudnia 2002 r., IV KKN 559/99, Sąd Najwyższy wyjaśnił, że „przestępstwo z art. 56§1k.k.s. stanowi oszustwo w postępowaniu podatkowym, polegające m.in. na podaniu w tym postępowaniu niezgodnych z rzeczywistością danych, mogących mieć wpływ na ustalenie zobowiązania podatkowego. Do istoty tak opisanego działania należy umyślne wprowadzenie w błąd organu podatkowego co do rzeczywistego stanu rzeczy, istotnego z punktu widzenia prawidłowego ustalenia wysokości należnego Skarbowi Państwa podatku” – Lex 75491. Oczywistym jest, że usługi marketingowe jak i usługi transportowe nie zostały prawidłowo udokumentowane. Usługi marketingowe nie mogły być prawidłowo udokumentowane, gdyż jak wynika z wyjaśnień oskarżonego w istocie chodziło o rabat marketingowy mylnie nazwany usługą marketingową. Do tej „pomyłki” odniesiono się już wyżej. Skoro w istocie nie było żadnych usług marketingowych to tym samym nie można było ich prawidłowo udokumentować, a tym bardziej nie można było odliczyć VAT- u za te usługi w kwocie 786 287, 60 zł. Inaczej należy ocenić sytuację w zakresie odliczenia usług transportowych. Na te usługi wystawiono faktury bez właściwego udokumentowania ich wykonania. Jednakże nie można ocenić, że te usługi nie zostały wykonane. Szerzej do tej okoliczności odniesiono się już wyżej.</xText>
          <xText>Trafne są ustalenia sądu pierwszej instancji oraz ocena prawna zachowania oskarżonego w zakresie odliczenia od należnego podatku od towarów i usług kwoty podatku naliczonego w wysokości 241.560zł, zawartego w <xAnon>fakturze VAT nr (...)</xAnon>.</xText>
          <xText>Oskarżony zawarł z <xAnon> (...) sp. z o.o.</xAnon> w <xAnon>L.</xAnon> umowę sprzedaży na podstawie której <xAnon> (...) S.A.</xAnon> nabyły linię do produkcji papierowych ręczników za łączną kwotę 1.098.000złotych powiększoną o 22%VAT to jest kwotę 241.560 zł/ k. 393 i k. 3938/. Zakupioną maszynę kupujący wydzierżawił sprzedającemu. Dzierżawa odbywała się w warunkach nie uzyskiwania przychodów, nie wystawiania faktur sprzedaży usług dzierżawy. <xAnon> (...) S.A.</xAnon> nie wykorzystywały maszyny do produkcji sprzedawanych wyrobów będących przychodem tych zakładów. <xAnon> (...) S.A.</xAnon> nie przysługiwało prawo odliczenia podatku naliczonego z <xAnon>faktury nr (...)</xAnon> z dnia 28.09.2001 r. wystawionej przez <xAnon> (...) sp. z o.o.</xAnon> w <xAnon>L.</xAnon> w kwocie 241.560 zł. Podatek VAT można odliczyć w sytuacji, gdy zakup jest związany z kosztem generującym przychody, co w zaistniałej sytuacji nie wystąpiło/ k. 6883-6884/. Z opinią biegłej <xAnon>T. K.</xAnon> zgodna jest również w tym zakresie opinia wystawiona przez <xAnon> Instytut Studiów (...)</xAnon>/ k.6976/, na zlecenie oskarżonego.</xText>
          <xText>W realiach ocenianej sprawy to oskarżony podejmował decyzje w spółce. On zawierał umowy oraz zatwierdzał faktury obciążające spółkę. Te okoliczności wskazują, że miał przegląd sytuacji w spółce i doskonale wiedział czy podejmowane przez niego działania generują przychody w zarządzanej przez niego spółce. W takiej też sytuacji był zorientowany, a niewątpliwe powinien być zorientowany, że skoro zakup nie generuje przychodu to tym samym nie można odliczyć podatku VAT naliczonego przy zakupie. Jako prezes jednoosobowego zarządu spółki był odpowiedzialny za rzetelność składanych do Urzędu Skarbowego deklaracji podatkowych. Mając wiedzę, że zakupiona przez niego maszyna nie generuje przychodów w złożonej deklaracji pomniejszył VAT o kwotę naliczoną przez sprzedającego to jest o 241 560 zł.</xText>
          <xText>Podobna sytuacja dotyczy <xAnon>faktur VAT nr (...)</xAnon> z dnia 28.09 2000 r. oraz nr <xAnon> (...)</xAnon> z dnia 31.08.2001/ k. 2651/. Faktury te zostały wystawione w związku z <xAnon>umową (...)</xAnon> podpisaną przez oskarżonego 1.06.2000 r., której przedmiotem było przekazanie przez <xAnon> firmę (...)</xAnon> dla <xAnon> (...) S.A.</xAnon> za kwotę 800 000 zł wiedzy, doświadczenia oraz opracowań w zakresie :</xText>
          <xUnit xIsTitle="false" xType="none">
            <xName xSffx=")">1</xName>
            <xText>marketingu, organizacji sieci dystrybucji, zarządzania sprzedażą towarów codziennego użytku oraz systemów motywacyjnych,</xText>
          </xUnit>
          <xUnit xIsTitle="false" xType="none">
            <xName xSffx=")">2</xName>
            <xText>metod naprawy sytuacji ekonomiczno finansowej podmiotów gospodarczych oraz sposobów ich wprowadzania.</xText>
          </xUnit>
          <xText>W oparciu o powyższą umowę <xAnon> firma (...)</xAnon> obciążyła <xAnon> (...) S.A.</xAnon> kwotą 500 000 zł oraz kwotą 110 000 zł z tytułu podatku VAT/ <xAnon>faktura nr (...)</xAnon> z dnia 28.09.2000 r. oraz kwotą 300 000 zł powiększoną o podatek VAT w kwocie 66 000 zł/ <xAnon>faktura VAT nr (...)</xAnon> z dnia 31.08.2001 r. Podatek VAT został odliczony przez zamawiającego/ k. 2651-2653/. Wymienione wyżej koszty służą uzyskaniu przychodu. Jednakże obowiązkiem podatnika jest wykazanie nie tylko poniesienia kosztów ale również rzeczywiste korzystanie z usług tego rodzaju w celu uzyskania przychodu/ k.2664/. Wskazano już wcześniej, iż nie ma dowodów na wykonanie przedmiotu umowy. A zatem brak było jakichkolwiek podstaw do odliczenia podatku VAT. Oskarżony miał pełną wiedzę w zakresie realizacji podpisanej umowy. Na jego polecenie zrealizowano wystawione faktury. Te faktury stały się podstawą odliczenia podatku VAT w deklaracjach składanych przez oskarżonego w Urzędzie Skarbowym.</xText>
          <xText>Oskarżonemu przypisano również popełnienie przestępstwa z <xLexLink xArt="art. 56;art. 56 § 1" xIsapId="WDU19990830930" xTitle="Ustawa z dnia 10 września 1999 r. - Kodeks karny skarbowy" xAddress="Dz. U. z 1999 r. Nr 83, poz. 930">art. 56§1 k.k.s.</xLexLink> w zakresie nie odprowadzenia należnego podatku od towarów i usług w łącznej wysokości 1 341,49 zł z tytułu sprzedaży papieru toaletowego na podstawie <xAnon>faktury VAT nr (...)</xAnon> z dnia 21.02.2001r. oraz <xAnon>faktury VAT nr (...)</xAnon> z dnia 28.06.2001 r. Sąd ustalił, iż wskazane wyżej faktury nie były ujęte w ewidencji księgowej spółki oraz w rejestrach sprzedaży kierowanej przez oskarżonego spółki. Bezsporny jest fakt, iż nie odprowadzono należnego podatku VAT w łącznej kwocie 1 341,49 zł. Oskarżony podejmował decyzje w zarządzanej przez niego spółce. Z zeznań <xAnon>R. S.</xAnon> oraz <xAnon>E. W.</xAnon>(szerzej na ten temat będzie poniżej), wynika, iż nie wszystkie faktury dotyczące sprzedaży były im przedkładane przez oskarżonego. To w ocenie sądu odwoławczego tłumaczy wskazane wyżej ustalenie.</xText>
          <xText>Oskarżonemu przypisano również, że nie zadeklarował i nie odprowadził należnego podatku od towarów i usług w łącznej kwocie 10. 247 z tytułu sprzedaży usług dzierżawy powierzchni magazynowych i biurowych w 2001 r. dla <xAnon> (...)</xAnon>.</xText>
          <xText>Nie ulega wątpliwości, że takie umowy zostały podpisane przez oskarżonego/ k. 3952 i k. 3953/. <xAnon> (...) S.A.</xAnon> nie otrzymały zapłaty czynszu z tytułu zawartych umów. Nie wystawiły również faktur za usługi dzierżawy. A także nie dochodziły roszczeń z tego tytułu. Z zeznań <xAnon>R. S.</xAnon> oraz zeznań <xAnon>K. K.</xAnon> wynika, iż umowy dzierżawy miały miejsce. Szczegółowo ta sytuacja została opisana przez <xAnon>K. K.</xAnon> w jej protokole kontroli <xAnon> (...) S.A.</xAnon> Bez wiedzy i zgody oskarżonego na terenie zakładu produkcyjnego – zarządzanej przez niego spółki - nie mogły by przebywać osoby nie będące pracownikami tego zakładu.</xText>
          <xText>Reasumując powyższe z opisu czynu przypisanego oskarżonemu należało by wyeliminować ustalenie dotyczące odliczenia VAT-u za usługi transportowe w kwocie 478 565,29 zł. A zatem łączna kwota podatku VAT, na jaką Skarb Państwa został narażony na uszczuplenie w punkcie drugim zaskarżonego wyroku, wyniosła łącznie 1 215 446,09 zł.( 786 297,60zł+241 560 zł+176 000zł+1 341,49zł+10 247zł).</xText>
          <xText>W punkcie III zaskarżonego wyroku sąd pierwszej instancji uznał <xAnon>I. P.</xAnon> winnym popełnienia oszustwa podatkowego, które zarzucono mu w punkcie XIV aktu oskarżenia( punkt IX części wstępnej zaskarżonego wyroku). Przypisane oskarżonemu przestępstwo sprowadza się do podania nieprawdy w złożonym w Urzędzie Skarbowym w <xAnon>Z.</xAnon> zeznaniu o wysokości osiągniętego dochodu przez podatnika podatku dochodowego od osób prawnych za rok 2001 i narażenie w ten sposób Skarbu Państwa na uszczuplenie podatku dochodowego od osób prawnych w łącznej kwocie 1.044.980 zł.</xText>
          <xText>Podstawę ustaleń w powyższym zakresie stanowi protokół kontroli Inspektora Kontroli Skarbowej <xAnon>K. K.</xAnon>/ k. 2741 i nast./. Sąd Apelacyjny, podobnie jak uczynił to sąd pierwszej instancji, nie znajduje podstaw do kwestionowania ustaleń kontroli zawartych we wskazanym protokole. Kontroli dokonał podmiot fachowy. W czasie kontroli, przed wyciągnięciem końcowych wniosków, umożliwiono osobom kierującym spółką zajęcie stanowiska i wyjaśnienie przyczyn stwierdzonego stanu rzeczy. Oskarżony nie korzystał z przysługujących mu uprawnień bądź też udzielał lakonicznych oraz nieprzekonywujących wyjaśnień. W ocenie sądu odwoławczego brak w sprawie przekonywujących dowodów, które podważały by wyniki kontroli. Nie czyni tego także prywatna opinia sporządzona na zlecenie oskarżonego. Ocena tej opinii dokonana przez sąd pierwszej instancji jest przekonywująca/ k. 7769/. Za taką oceną , w przekonaniu sądu odwoławczego, przemawia zgodność opinii biegłej <xAnon>T. K.</xAnon> z wynikami kontroli skarbowej oraz kontroli dokonanej przez NIK.</xText>
          <xText>Inspektor Kontroli Skarbowej wskazała na fakty związane z zaniżeniem przychodów <xAnon> (...) S.A.</xAnon> oraz zawyżeniem kosztów uzyskania przychodów za 2001 r., które spowodowały obniżenie osiągniętego dochodu, a w konsekwencji zapłacenie mniejszego podatku przez podatnika.</xText>
          <xText>W omawianym zarzucie przyjęto, że oskarżony nie zadeklarował przychodów w łącznej wysokości 6 097,68 zł z tytułu sprzedaży papieru toaletowego wykazanej w fakturach sprzedaży VAT nr <xAnon> (...)</xAnon> z dnia 21.02.2001 r. i nr <xAnon> (...)</xAnon> z dnia 28.06.2001 r. W tym zakresie pełne odniesienie mają uwagi poczynione już wyżej przy omawianiu wskazanych faktur w związku z odliczeniem podatku VAT.</xText>
          <xText>Oskarżonemu przypisano również, że nie zadeklarował przychodów z tytułu usług dzierżawy powierzchni magazynowych i biurowych świadczonych dla głównego akcjonariusza <xAnon> (...) S.A.</xAnon> tj. <xAnon> firmy (...) Sp. z o.o.</xAnon> w <xAnon>W.</xAnon> w łącznej kwocie 46.580 zł. Wyliczenia dokonane przez Inspektora Kontroli Skarbowej <xAnon>K. K.</xAnon> opierają się na zapisach umowy. Zeznania <xAnon>R. S.</xAnon>, na które powołała się <xAnon>K. K.</xAnon> dokonując wyliczeń/ k. 2742/ pozwalają na ustalenia , że dzierżawa miała miejsce zgodnie z podpisaną umową.</xText>
          <xText><xAnon>I. P.</xAnon> przypisano zaniżenie przychodów kierowanej przez niego spółki o kwotę 5984,30 zł wobec nie zadeklarowania tych przychodów z tytułu nieodpłatnych świadczeń otrzymanych od głównego akcjonariusza spółki tj. od <xAnon> firmy (...)</xAnon> w postaci użyczenia samochodu marki <xAnon>M. (...)</xAnon>/ k. 2742/. W dniu 19.12.2000 r. oskarżony zawarł z <xAnon> firmą (...)</xAnon> umowę użyczenia wskazanego wyżej samochodu. Zgodnie z <xLexLink xArt="art. 12;art. 12 ust. 1;art. 12 ust. 1 pkt. 2;art. 12 ust. 3" xIsapId="WDU19920210086" xTitle="Ustawa z dnia 15 lutego 1992 r. o podatku dochodowym od osób prawnych oraz o zmianie niektórych ustaw regulujących zasady opodatkowania" xAddress="Dz. U. z 1992 r. Nr 21, poz. 86">art. 12 ust. 1 pkt 2 oraz ust. 3 ustawy z dnia 15 lutego 1992 r. o podatku dochodowym od osób prawnych</xLexLink> ( Dz. U. z 1993 r. Nr 106, poz. 482 ze zm.) przychodem podlegającym opodatkowaniu podatkiem dochodowym od osób prawnych jest także wartość otrzymanych nieodpłatnie świadczeń, do których zaliczane są między innymi umowy użyczenia. Przychód został ustalony w wysokości odpowiadającej kosztom eksploatacji użyczonego samochodu. Oskarżony znał fakt użyczenia samochodu. W tej sytuacji nie może zasłaniać się, że to księgowa winna dopilnować ujęcie tego przychodu w składanej deklaracji. Rzetelność składanych deklaracji należała do obowiązku oskarżonego jako osoby zajmującej się sprawami gospodarczymi spółki. Skoro o tym fakcie wiedział to ta okoliczność nie mogła ujść jego uwadze w składanym zeznaniu. A więc w konsekwencji są podstawy do przyjęcia zaniżenia dochodów <xAnon> (...) S.A.</xAnon> o kwotę 5984,30 zł.</xText>
          <xText>Oskarżonemu, w ramach omawianego przestępstwa – punkt III zaskarżonego wyroku – przypisano zawyżenie kosztów uzyskania przychodów kierowanej przez niego spółki o łączną kwotę 4 557 713,44 zł w wyniku zaliczenia do tych kosztów wydatków, które zgodnie z przepisami ustawy o podatku dochodowym od osób prawnych nie stanowią kosztów uzyskania przychodów.</xText>
          <xText>Ustalono w oparciu o wyniki kontroli skarbowej, iż na powyższą kwotę składają się rezerwy na pokrycie wierzytelności w kwocie 10. 227,50 zł oraz ujemne różnice kursowe z tytułu wyceny zobowiązań i należności na dzień 31.12.2001r. w kwocie 6 413,46 zł. Na te okoliczności wskazała <xAnon>K. K.</xAnon> w protokole kontroli/ k. 2743/. W ocenie Sądu Apelacyjnego brak podstaw do kwestionowania wskazanych faktów.</xText>
          <xText>Sąd Apelacyjny podziela ustalenia w zakresie zawyżenia kosztów uzyskania przychodów o faktycznie nie wypłacone osobom fizycznym wynagrodzenia z funduszu bezosobowego spółki w kwocie 40 136,16 zł/ k. 2743v./. To oskarżony, jako prezes jednoosobowego zarządu spółki, decydował o wypłatach wynagrodzeń w tym wynagrodzeń z bezosobowego funduszu spółki. Stąd też znał fakty dotyczące nie wypłacenia tych wynagrodzeń. A tym samym nie mógł w składanym zeznaniu wykazywać wypłat, których w istocie nie było.</xText>
          <xText>Prawidłowe są również ustalenia, że oskarżony zawyżył koszty uzyskania przychodów o kwoty naliczonego podatku od towarów i usług nie odliczonych z winy podatnika od podatku należnego w łącznej wysokości 15 700, 52 zł/ k. 2743v./.</xText>
          <xText>Nie budzą również wątpliwości ustalenia Sądu Okręgowego w zakresie zawyżenia kosztów uzyskania przychodów spółki w wyniku :</xText>
          <xText>- zaliczenia do tych kosztów nieprawidłowo udokumentowanych wydatków w wysokości 300 000 zł dotyczących realizacji <xAnon>umowy nr (...)</xAnon> zawartej w dniu 1.06.2000 r. przez oskarżonego z <xAnon> firmą (...) Sp. z o.o.</xAnon> w <xAnon>W.</xAnon>,</xText>
          <xText>- zaliczenia do tych kosztów nieprawidłowo udokumentowanych wydatków w wysokości 2 219 134,25 zł dotyczących usług marketingowych,</xText>
          <xText>- zaliczenia do tych kosztów amortyzacji w kwocie 25 620 zł środka trwałego tj. maszyny do produkcji ręczników papierowych zakupionej w dniu 28.09.2001 r. od <xAnon> firmy (...) Sp. z o.o.</xAnon> z siedzibą w <xAnon>L.</xAnon> i w dniu zakupu oddanej przez <xAnon> (...) S.A.</xAnon> do bezpłatnego używania sprzedającemu, a w związku z tym wyłączonej z wykorzystywania na potrzeby wykonywanej przez <xAnon> (...) S.A.</xAnon> działalności gospodarczej. Do takich ustaleń upoważniają wyniki kontroli Inspektora Kontroli Skarbowej/ k. 2744 i nast./ oraz opinia biegłej/ k. 6884/.</xText>
          <xText>To oskarżony podpisał umowy, w oparciu o które powstały wskazane wyżej koszty. Znał rzeczywistą sytuację związaną z realizacją tych umów. Miał wpływ na treść zeznania podatkowego. Doskonale wiedział, że wskazane wyżej koszty nie są prawidłowo udokumentowane. Wynika to z zeznań <xAnon>R. S.</xAnon>/ k. 4488- 4491 i k. 4850/. Świadek podała, iż za całość dokumentacji rachunkowej odpowiadał prezes/ k. 4850/, a ona odpowiadała za dokumenty które jej przedłożono i ich księgowanie. Także <xAnon>E. W.</xAnon>/ k. 6519/, która świadczyła usługi księgowe na rzecz spółki kierowanej przez oskarżonego zeznała, że w czasie świadczenia wskazanych usług miała bardzo dużo problemów z dostarczaniem dokumentów dotyczących sprzedaży. Dokumenty były podpisane przez oskarżonego. Zwracała uwagę oskarżonemu na niekompletność dokumentów. W tej sytuacji brak podstaw do zasłaniania się przed odpowiedzialnością, że to służby księgowe były odpowiedzialne za prawidłowe dokumentowanie wydatków oraz prawidłowe złożenie zeznania. A zatem mając powyższe na uwadze sąd apelacyjny podziela stanowisko sądu pierwszej instancji, iż brak podstaw do oceny, że oskarżony <xAnon>I. P.</xAnon> nie ponosi winy za zawyżenie kosztów uzyskania przychodów kierowanej przez niego spółki o łączną kwotę 2. 617.221,89 zł(10.227,50+6.413,46 + 40. 136,16 15.700,52+300. 000zł+2. 219.134,25 zł+25. 625 zł).</xText>
          <xText>W zaskarżonym wyroku przyjęto, iż zawyżenie kosztów uzyskania przychodów w spółce nastąpiło o kwotę 4.557.713,44 zł. Wyżej wskazano, iż są podstawy do przyjęcia zawyżenia kosztów uzyskania przychodów o kwotę 2. 617.221,89zł. A zatem różnica wynosi 1.940.491,55. O tę kwotę pomniejszono różnicę wyliczoną przez Inspektora Kontroli Skarbowej/ k.2753v./ w zakresie kosztów uzyskania przychodów( punkt 2, poz. 6), czyli od kwoty 4.807.251,79 odjęto kwotę 1.940.491,55, co daje kwotę 2.866.760,24 zł. Tę kwotę pomniejszono o wyliczone straty( 1.068.787,26 + 65.053,68). Stąd też podstawę opodatkowania stanowi kwota 1.792.919,30zł. W odniesieniu do tej kwoty wyliczono, że narażenie Skarbu Państwa na uszczuplenie podatku wynosi 502.017 zł ( 28% z kwoty 1.700.587,98zl).</xText>
          <xText>Zwrócenie apelacji przeciwko całości rozstrzygnięcia obliguje sąd odwoławczy także do oceny kary wymierzonej oskarżonemu. <xAnon>I. P.</xAnon> wymierzono kary jednostkowe oscylujące w dolnych granicach ustawowego zagrożenia. Karę łączną orzeczono z zastosowaniem absorpcji. Wykonanie tej kary zostało warunkowo zawieszone. Stąd też tak orzeczonej kary nie można ocenić jako kary rażąco niewspółmiernej. Zważyć przy tym należy, iż zasadniczym ustaleniem determinującym wysokość orzeczonych kar jest wysokość szkody znacznie przekraczająca minimum niezbędne przy ocenia ustawowego znamienia „szkody majątkowej w wielkich rozmiarach”. Sąd odwoławczy dokonując zmian wyroku orzekł kary za przestępstwa pozostające w zbiegu realnym według ustaleń sądu pierwszej instancji, a więc kary oscylujące w dolnej granicy ustawowego zagrożenia. Na wysokość orzeczonych kar decydujący wpływ miała wysokość wyrządzonych szkód. Jednakże konsekwencją korzystniejszych ustaleń dla oskarżonego w zakresie wyrządzonych szkód, dokonanych przez sąd odwoławczy, jest orzeczenie niższej kary. W następstwie zmian wyroku w zakresie przestępstw skarbowych utraciła moc kara łączna. Wymierzając karę łączną sąd odwoławczy miał na uwadze fakt zaskarżenia wyroku wyłącznie na korzyść oskarżonego. Stąd też karę łączną wymierzono, podobnie jak uczynił to sąd pierwszej instancji, z zastosowaniem zasady absorpcji. Nie uległ zmianie okres próby, na który sąd pierwszej instancji warunkowo zawiesił oskarżonemu wykonanie kary pozbawienia wolności. Zważyć należy, iż mimo zmiany wyroku na korzyść oskarżonego w dalszym ciągu pozostała znacząca wartość wyrządzonych szkód, znacznie przekraczająca ustawowe progi „znacznej szkody majątkowej” oraz „szkody majątkowej w wielkich rozmiarach”. Nie można również tracić z pola widzenia faktu, że oceniana sprawa to nie pierwszy kontakt oskarżonego z prawem karnym.</xText>
          <xText>A zatem mając na uwadze powyższe, w oparciu o treść <xLexLink xArt="art. 437;art. 437 § 1" xIsapId="WDU19970890555" xTitle="Ustawa z dnia 6 czerwca 1997 r. - Kodeks postępowania karnego" xAddress="Dz. U. z 1997 r. Nr 89, poz. 555">art. 437§1</xLexLink>i2 <xLexLink xArt="" xIsapId="WDU19970890555" xTitle="Ustawa z dnia 6 czerwca 1997 r. - Kodeks postępowania karnego" xAddress="Dz. U. z 1997 r. Nr 89, poz. 555">k.p.k.</xLexLink> orzeczono jak na wstępie. Orzeczenie o kosztach sądowych w tym o opłacie uzasadnia treść <xLexLink xArt="art. 636;art. 636 § 1 k" xIsapId="WDU19970890555" xTitle="Ustawa z dnia 6 czerwca 1997 r. - Kodeks postępowania karnego" xAddress="Dz. U. z 1997 r. Nr 89, poz. 555">art. 636§1k</xLexLink>.p.k. w zw. z <xLexLink xArt="art. 634 k" xIsapId="WDU19970890555" xTitle="Ustawa z dnia 6 czerwca 1997 r. - Kodeks postępowania karnego" xAddress="Dz. U. z 1997 r. Nr 89, poz. 555">art. 634k</xLexLink>.p.k. w zw. z <xLexLink xArt="art. 633 k" xIsapId="WDU19970890555" xTitle="Ustawa z dnia 6 czerwca 1997 r. - Kodeks postępowania karnego" xAddress="Dz. U. z 1997 r. Nr 89, poz. 555">art. 633k</xLexLink>.p.k i <xLexLink xArt="art. 632;art. 632 pkt. 2" xIsapId="WDU19970890555" xTitle="Ustawa z dnia 6 czerwca 1997 r. - Kodeks postępowania karnego" xAddress="Dz. U. z 1997 r. Nr 89, poz. 555">art.632 pkt 2 k.p.k.</xLexLink> oraz <xLexLink xArt="art. 618;art. 618 § 1;art. 618 § 1 pkt. 1" xIsapId="WDU19970890555" xTitle="Ustawa z dnia 6 czerwca 1997 r. - Kodeks postępowania karnego" xAddress="Dz. U. z 1997 r. Nr 89, poz. 555">art. 618§1pkt 1 k.p.k.</xLexLink> w zw. z <xLexLink xArt="§ 1;§ 1 ust. 1" xIsapId="WDU20031081026" xTitle="Rozporządzenie Ministra Sprawiedliwości z dnia 18 czerwca 2003 r. w sprawie wysokości i sposobu obliczania wydatków Skarbu Państwa w postępowaniu karnym" xAddress="Dz. U. z 2003 r. Nr 108, poz. 1026">§1ust. 1 rozporządzenia Ministra Sprawiedliwości z 18.06.2003 r. w sprawie wysokości i sposobu obliczania wydatków Skarbu Państwa w postępowaniu karnym</xLexLink>/ Dz. U. Nr 108, poz. 1026 ze zm./. Wysokość orzeczonej opłaty uzasadnia <xLexLink xArt="art. 2;art. 2 ust. 1;art. 2 ust. 1 pkt. 4;art. 8" xIsapId="WDU19730270152" xTitle="Ustawa z dnia 23 czerwca 1973 r. o opłatach w sprawach karnych" xAddress="Dz. U. z 1973 r. Nr 27, poz. 152">art. 2 ust.1pkt 4 i art. 8 ustawy z dnia 23.06.1973 r. o opłatach w sprawach karnych</xLexLink> – tekst jedn. Dz. U. z 1983 r. Nr 49, poz. 223 ze zm./.</xText>
        </xUnit>
      </xBlock>
    </xPart>
  </judgement>
<judgement id="154505200004006_VIII_K_000571_2013_Uz_2014-05-30_001">
    <xPart xEditorFullName="Beata Cichocka-Gnat" xYear="2013" xLang="PL" xPublisherFullName="Beata Cichocka-Gnat" xFromPg="1" xEditor="w8k11_sr_warszawamokotow" xVolType="15/450520/0004006/K" xPublisher="w8k11_sr_warszawamokotow" xDocType="Uz" xVolNmbr="000571" xVersion="1.0" xToPage="7" xFlag="published">
      <xName>Wyrok+Uzasadnienie</xName>
      <xBlock>
        <xText>
          <xBx>Sygn akt VIII K 571/13</xBx>
        </xText>
        <xUnit xIsTitle="true" xBold="true" xType="part">
          <xName>WYROK</xName>
          <xTitle>W IMIENIU RZECZYPOSPOLITEJ POLSKIEJ</xTitle>
          <xText xALIGNx="right">
            <xBx>Dnia 23 maja 2014r. </xBx>
          </xText>
          <xText>
            <xBx>Sąd Rejonowy dla Warszawy – Mokotowa w <xAnon>W.</xAnon> VIII Wydziale Karnym</xBx>
          </xText>
          <xText>w składzie:</xText>
          <xText>
            <xBx> Przewodniczący: SSR Paweł du Château</xBx>
          </xText>
          <xText><xBx> Protokolant:</xBx> Paulina Więckowska</xText>
          <xText><xBx>Prokurator:</xBx> Joanna Walczak</xText>
          <xText>po rozpoznaniu na rozprawie w dniach: 23 maja 2014r.</xText>
          <xText>sprawy: <xBx><xAnon>B. W.</xAnon>, </xBx>córki <xAnon>J.</xAnon> i <xAnon>K.</xAnon> z domu <xAnon>M.</xAnon>, <xAnon>urodzonej (...)</xAnon> w <xAnon>W.</xAnon></xText>
          <xText>
            <xBx>oskarżonej o to, że:</xBx>
          </xText>
          <xText>w dniu 02 maja 2013 r. w <xAnon>W.</xAnon> przy <xAnon>ul. (...)</xAnon> dokonała uszkodzenia samochodu marki <xAnon>S. (...)</xAnon><xAnon>nr rej. (...)</xAnon> poprzez zarysowanie ostrym narzędziem powierzchni lakierniczych na drzwiach przednich po stronie pasażera, gdzie wartość szkody wynosiła 897,28 zł na szkodę <xAnon> (...) Sp. z o.o.</xAnon></xText>
          <xText xALIGNx="center">
            <xBx>tj. o czyn z <xLexLink xArt="art. 288;art. 288 § 1" xIsapId="WDU19970880553" xTitle="Ustawa z dnia 6 czerwca 1997 r. - Kodeks karny" xAddress="Dz. U. z 1997 r. Nr 88, poz. 553">art. 288 § 1 kk</xLexLink></xBx>
          </xText>
          <xText xALIGNx="center">
            <xBx>orzeka:</xBx>
          </xText>
          <xUnit xIsTitle="false" xType="none">
            <xName xSffx=".">1</xName>
            <xText>oskarżoną <xAnon>B. W.</xAnon> uznaje za winną popełnienia zarzucanego jej czynu, przy czym przyjmuje iż stanowi on wypadek mniejszej wagi o jakim mowa w <xLexLink xArt="art. 288;art. 288 § 2" xIsapId="WDU19970880553" xTitle="Ustawa z dnia 6 czerwca 1997 r. - Kodeks karny" xAddress="Dz. U. z 1997 r. Nr 88, poz. 553">art. 288 § 2 kk</xLexLink>, i za to na podstawie <xLexLink xArt="art. 288;art. 288 § 2" xIsapId="WDU19970880553" xTitle="Ustawa z dnia 6 czerwca 1997 r. - Kodeks karny" xAddress="Dz. U. z 1997 r. Nr 88, poz. 553">art. 288 § 2 k.k.</xLexLink> wymierza jej karę grzywny w wysokości 50 (pięćdziesięciu) stawek dziennych ustalając wysokość jeden stawki na kwotę 20 (dwudziestu) złotych;</xText>
          </xUnit>
          <xUnit xIsTitle="false" xType="none">
            <xName xSffx=".">1</xName>
            <xText>na mocy <xLexLink xArt="art. 46;art. 46 § 1" xIsapId="WDU19970880553" xTitle="Ustawa z dnia 6 czerwca 1997 r. - Kodeks karny" xAddress="Dz. U. z 1997 r. Nr 88, poz. 553">art. 46 § 1 kk</xLexLink> orzeka wobec oskarżonej obowiązek naprawienia wyrządzonej przestępstwem szkody w całości poprzez zapłatę na rzec <xAnon> (...) Sp. z o.o.</xAnon> kwoty 897,28 zł (osiemset dziewięćdziesiąt siedem złotych, dwadzieścia osiem groszy);</xText>
          </xUnit>
          <xUnit xIsTitle="false" xType="none">
            <xName xSffx=".">2</xName>
            <xText>na mocy <xLexLink xArt="art. 63;art. 63 § 1" xIsapId="WDU19970880553" xTitle="Ustawa z dnia 6 czerwca 1997 r. - Kodeks karny" xAddress="Dz. U. z 1997 r. Nr 88, poz. 553">art. 63 § 1 k.k.</xLexLink> na poczet orzeczonej kary grzywny zalicza oskarżonej okres rzeczywistego pozbawienia wolności w sprawie w dniu 02.05.2013 r., przyjmując, że jeden dzień pozbawienia wolności równa się dwóm stawkom dziennym grzywny, każda w kwocie 20 (dwudziestu) złotych;</xText>
          </xUnit>
          <xUnit xIsTitle="false" xType="none">
            <xName xSffx=".">3</xName>
            <xText>na podstawie <xLexLink xArt="art. 624;art. 624 § 1" xIsapId="WDU19970890555" xTitle="Ustawa z dnia 6 czerwca 1997 r. - Kodeks postępowania karnego" xAddress="Dz. U. z 1997 r. Nr 89, poz. 555">art. 624 § 1 k.p.k.</xLexLink> zwalnia oskarżoną od ponoszenia kosztów sądowych, z których wyłożone wydatki przejmuje na rachunek Skarbu Państwa.</xText>
          </xUnit>
        </xUnit>
        <xUnit xIsTitle="true" xBold="true" xType="part">
          <xName>UZASADNIENIE</xName>
          <xText>
            <xBx>Na podstawie całokształtu materiału dowodowego zgromadzonego na rozprawie Sąd ustalił następujący stan faktyczny.</xBx>
          </xText>
          <xText>Od dnia 1 maja 2013 r. od godz. 22.00 do dnia 2 maja 2013 r. do godz. 09.00 pracownicy <xAnon> firmy (...) Sp. z o.o.</xAnon> sp. k. w <xAnon>W.</xAnon><xAnon>G. K.</xAnon> i <xAnon>R. J.</xAnon> pełnili służbę patrolowo – interwencyjną samochodem oznakowanym logo firmy marki <xAnon>S. (...)</xAnon> o <xAnon>numerze rejestracyjnym (...)</xAnon>. Dnia 2 maja 2013 r. około godz. 07.50 z polecenia dyspozytora stacji monitorowania udali się na <xAnon>ul. (...)</xAnon> do <xAnon>lokalu nr (...)</xAnon> celem sprawdzenia obiektu i wyjaśnienia, co stanowiło przyczynę włączenia się w nim systemu alarmowego. Samochód zaparkowali obok terenu budowy jezdni na wysokości bloku nr 12 położonego przy <xAnon>ul. (...)</xAnon> i poszli do wspomnianego obiektu na interwencję. <xAnon>G. K.</xAnon> został w sprawdzanym lokalu, natomiast <xAnon>R. J.</xAnon> wrócił do pojazdu, aby przekazać stosowne informacje stacji monitorowania i wypełniał dokumentację dotyczącą interwencji. Po kilku minutach od powrotu <xAnon>R. J.</xAnon> do samochodu przechodziła obok niego <xAnon>B. W.</xAnon>.</xText>
          <xText>
            <xIx>Dowód: zeznania świadków: <xAnon>G. K.</xAnon> (k. 6-6 v., 91) i <xAnon>R. J.</xAnon> (k. 18 v., 91)</xIx>
          </xText>
          <xText>Oskarżona wracała do swojego mieszkania położonego przy <xAnon>ul. (...)</xAnon> ze <xAnon> sklepu (...)</xAnon>. Przejście utrudniały jej stojące w tamtym rejonie samochody.</xText>
          <xText>
            <xIx>Dowód: wyjaśnienia oskarżonej (k. 89-90)</xIx>
          </xText>
          <xText>Mijając samochód, oskarżona zarysowała ostrym narzędziem prawe przednie drzwi pojazdu, w wyniku czego na ich powierzchni lakierniczej powstały dwie poziome rysy o długości 310 mm oraz 390 mm.</xText>
          <xText>
            <xIx>Dowód: zeznania świadków: <xAnon>G. K.</xAnon> (k. 6 v., 91) i <xAnon>R. J.</xAnon> (k. 18 v., 91), protokół oględzin samochodu (k. 16-17), materiał poglądowy (k. 14-15)</xIx>
          </xText>
          <xText><xAnon>R. J.</xAnon> zadzwonił do <xAnon>G. K.</xAnon>, aby zszedł do samochodu, co też uczynił. Pracownicy ochrony wezwali Policję.</xText>
          <xText>
            <xIx>Dowód: zeznania świadków: <xAnon>G. K.</xAnon> (k. 6-6 v., 91) i <xAnon>R. J.</xAnon> (k. 18 v., 91)</xIx>
          </xText>
          <xText>W wyniku przedmiotowego zdarzenia <xAnon> firma (...) Sp. z o.o.</xAnon> sp. k. w <xAnon>W.</xAnon> poniosła szkodę w wysokości 897,28 zł.</xText>
          <xText>
            <xIx>Dowód: kosztorys (k. 41-42)</xIx>
          </xText>
          <xText>Oskarżona miała w torebce klucze do mieszkania.</xText>
          <xText>
            <xIx>Dowód: protokół zatrzymania rzeczy (k. 20-22), protokół oględzin rzeczy (k. 22a)</xIx>
          </xText>
          <xText>Oskarżona <xAnon>B. W.</xAnon> skończyła 64 lata. Ma wykształcenie wyższe, jej zawód wyuczony to inżynier instalacji sanitarnych. Jest emerytką, otrzymuje emeryturę w wysokości 2.800 zł miesięcznie. Nie była leczona odwykowo, psychiatrycznie ani neurologicznie.</xText>
          <xText>
            <xIx>Dowód: wyjaśnienia oskarżonej (k. 29-29 v.), akt oskarżenia (k. 54), protokół rozprawy głównej (k. 89)</xIx>
          </xText>
          <xText>Oskarżona nie była uprzednio karana.</xText>
          <xText>
            <xIx>Dowód: dane o karalności (k. 37)</xIx>
          </xText>
          <xText>Przesłuchana w trakcie postępowania przygotowawczego w charakterze podejrzanej o czyn z <xLexLink xArt="art. 288;art. 288 § 1" xIsapId="WDU19970880553" xTitle="Ustawa z dnia 6 czerwca 1997 r. - Kodeks karny" xAddress="Dz. U. z 1997 r. Nr 88, poz. 553">art. 288 § 1 k.k.</xLexLink><xAnon>B. W.</xAnon> nie przyznała się do popełnienia zarzucanego jej czynu. Wyjaśniła, że dnia 2 maja 2013 r. około godz. 08.00 wracała ze <xAnon> sklepu (...)</xAnon> do swojego mieszkania położonego przy <xAnon>ul. (...)</xAnon>. Gdy szła wzdłuż tego budynku usłyszała, że ktoś woła „kobieto”, ale nie zareagowała, uważając, iż to nie do niej się zwracano. Z jej wyjaśnień wynika, że po chwili dobiegł do niej ochroniarz i szarpiąc ją za kurtkę oskarżał ja o uszkodzenie samochodu, a po około 10 minutach na miejscu pojawił się drugi ochroniarz. Oskarżona wyjaśniła, że gdy szła do swojego domu, nie trzymała w ręku kluczy, które były schowane w jej torebce, nie miała też żadnych innych ostrych przedmiotów. (k. 29-31) Przesłuchana ponownie podczas postępowania przygotowawczego oskarżona podtrzymała swoje wyjaśnienia. (k. 46-47)</xText>
          <xText>Przesłuchana podczas rozprawy głównej w charakterze oskarżonej o czyn z <xLexLink xArt="art. 288;art. 288 § 1" xIsapId="WDU19970880553" xTitle="Ustawa z dnia 6 czerwca 1997 r. - Kodeks karny" xAddress="Dz. U. z 1997 r. Nr 88, poz. 553">art. 288 § 1 k.k.</xLexLink><xAnon>B. W.</xAnon> również nie przyznała się do popełnienia zarzucanego jej czynu i podtrzymała swoje wyjaśnienia. Dodała, że nie wie, czy tamtego dnia przechodziła obok samochodu marki <xAnon>S. (...)</xAnon> ze znakiem <xAnon> firmy (...)</xAnon> oraz, że nie widziała go ani nie wie, gdzie on stał. Wyjaśniła też, że na drodze od sklepu do <xAnon>ul. (...)</xAnon> nie było wyznaczonych żadnych miejsc parkingowych. Samochody były zaparkowane wzdłuż <xAnon>ulic (...)</xAnon>, a pozostałe tak, jak udało się zaparkować ich właścicielom i utrudniały pieszym przemieszczanie się. (k. 89-90)</xText>
          <xText>
            <xBx>Sąd zważył, co następuje.</xBx>
          </xText>
          <xText>Sąd nie dał wiary wyjaśnieniom oskarżonej, poza tym fragmentem, z którego wynika, że 2 maja 2013 r. około godz. 08.00 wracała do domu ze <xAnon> sklepu (...)</xAnon> oraz, że zaparkowane niedaleko jej bloku samochody utrudniały jej przejście. (k. 29-31, 46-47, 89-90) Nie znajdują one bowiem potwierdzenia w pozostałym pełnowartościowym materiale dowodowym, zwłaszcza w zeznaniach świadków oraz protokole oględzin samochodu i materiale poglądowym, w świetle którego sprawstwo i wina oskarżonej nie budzą najmniejszych wątpliwości. W ocenie Sądu nieprzyznanie się przez oskarżoną do popełnienia zarzucanego jej stanowi przyjętą przezeń linię obrony.</xText>
          <xText>Przesłuchany w niniejszej sprawie w charakterze świadka <xAnon>R. J.</xAnon> zeznał, że gdy siedział w samochodzie i wypełniał dokumentację dotyczącą przeprowadzonej interwencji, usłyszał odgłosy rysowania po karoserii tępym narzędziem. Wtedy spojrzał przez szybę i zobaczył oskarżoną idącą w odległości około 5-10 cm od pojazdu. Z depozycji świadka wynika, że lewa dłoń <xAnon>B. W.</xAnon> była skierowana w stronę samochodu, a kobieta trzymała w niej przedmiot podobny do klucza. <xAnon>R. J.</xAnon> zeznał, że gdy wysiadł z samochodu, zobaczył dwie rysy na prawych przednich drzwiach samochodu, których wcześniej tam nie było. (k. 18-18 v., 91)</xText>
          <xText>Przesłuchany w niniejszej sprawie w charakterze świadka <xAnon>G. K.</xAnon> zeznał, że gdy został w lokalu przy <xAnon>ul. (...)</xAnon>, w którym miała miejsce ich interwencja, zadzwonił do niego <xAnon>R. J.</xAnon> i poprosił go, aby zszedł do samochodu. Gdy to uczynił, kolega poinformował go, że <xAnon>B. W.</xAnon> zarysowała ich samochód służbowy. Jak wynika z jego zeznań, po obejrzeniu pojazdu świadek zauważył, że na przednich drzwiach pojazdu od strony pasażera widnieją dwie rysy. (k. 5-7, 91)</xText>
          <xText>Sąd ocenił zeznania świadków <xAnon>G. K.</xAnon> oraz <xAnon>R. J.</xAnon> jako wiarygodne. Są one bowiem spójne i konsekwentne, nie zawierają sprzeczności oraz tworzą logiczny obraz przedmiotowego zdarzenia. Świadkowie są osobami obcymi dla oskarżonej a ponadto przedmiotowa sytuacja miała miejsce w trakcie wykonywania przez nich obowiązków służbowych. Nie mają więc żadnego interesu w obciążaniu <xAnon>B. W.</xAnon> fałszywymi zeznaniami. Ich depozycje korespondują ponadto z pozostałymi zgormadzonymi w sprawie dowodami uznanymi prze Sąd za niebudzące wątpliwości, w szczególności z protokołem oględzin samochodu i materiałem poglądowym.</xText>
          <xText>Za pełnowartościowy materiał dowodowy Sąd uznał także protokół zatrzymania osoby (k. 4), szkic sytuacyjny (k. 8,19), pismo <xAnon> (...) sp. z o.o.</xAnon> (k. 13), materiał poglądowy (k. 14-15), protokół oględzin samochodu (16-17), protokół zatrzymania rzeczy (k. 20-22), protokół oględzin kluczy (k. 22a), dane o karalności (k. 37) oraz kosztorys (k. 41-42). Zostały one bowiem sporządzone w sposób rzetelny i zgodnie z obowiązującymi procedurami przez uprawnione do tego osoby w zakresie wykonywania przez nie obowiązków służbowych. W sprawie nie wystąpiły żadne okoliczności podważające zaufanie do nich.</xText>
          <xText>Przestępstwo określone w <xLexLink xArt="art. 288;art. 288 § 1" xIsapId="WDU19970880553" xTitle="Ustawa z dnia 6 czerwca 1997 r. - Kodeks karny" xAddress="Dz. U. z 1997 r. Nr 88, poz. 553">art. 288 § 1 k.k.</xLexLink> popełnia ten, kto cudzą rzecz niszczy, uszkadza lub czyni niezdatną do użytku. Przez zniszczenie rzeczy należy rozumieć zniszczenie całkowite lub tak znaczne naruszenie substancji materialnej rzeczy, iż nie nadaje się ona do używania zgodnie z przeznaczeniem. Uszkodzeniem natomiast jest naruszenie lub uszczuplenie substancji materialnej lub takie oddziaływanie na rzecz, które powoduje istotne ograniczenie jej właściwości użytkowych. Uczynienie rzeczy niezdatną do użytku polega z kolei na pozbawieniu rzeczy właściwości użytkowych, jednakże bez istotnego naruszenia jej substancji. Występek ten ma charakter materialny, jego dokonanie wymaga skutku w postaci zniszczenia rzeczy, uszkodzenia jej substancji albo spowodowania niezdatności do użytku. Konieczne jest przy tym, aby wartość powstałej na skutek zachowania sprawcy szkody przekroczyła wysokość ¼ minimalnego wynagrodzenia za pracę. Należy on bowiem do kategorii tzw. czynów przepołowionych i jeżeli jest ona niższa, czyn taki wyczerpuje znamiona wykroczenia określonego w <xLexLink xArt="art. 124" xIsapId="WDU19970880553" xTitle="Ustawa z dnia 6 czerwca 1997 r. - Kodeks karny" xAddress="Dz. U. z 1997 r. Nr 88, poz. 553">art. 124</xLexLink> k.w. Jest to przestępstwo umyślne, które można popełnić w obu formach zamiaru.</xText>
          <xText>Przepis <xLexLink xArt="art. 288;art. 288 § 2" xIsapId="WDU19970880553" xTitle="Ustawa z dnia 6 czerwca 1997 r. - Kodeks karny" xAddress="Dz. U. z 1997 r. Nr 88, poz. 553">art. 288 § 2 k.k.</xLexLink> tworzy uprzywilejowany typ omawianego przestępstwa w postaci wypadku mniejszej wagi. Dla zakwalifikowania danego czynu do tej kategorii pierwszoplanowe znaczenie ma ocena okoliczności decydujących o stopniu jego społecznej szkodliwości, który musi być niższy w porównaniu z występującym w typie podstawowym przedmiotowego przestępstwa.</xText>
          <xText>Wobec powyższego należy stwierdzić, że <xAnon>B. W.</xAnon> swoim zachowaniem wyczerpała dyspozycję przywołanego przepisu. Dopuściła się bowiem uszkodzenia rzeczy w postaci samochodu marki <xAnon>S. (...)</xAnon> o <xAnon>numerze rejestracyjnym (...)</xAnon> poprzez zarysowanie ostrym narzędziem jego przednich prawych drzwi, przez co spowodowała po stronie <xAnon> (...) Sp. z o.o.</xAnon> szkodę w wysokości 897,28 zł. Czyn ten oskarżona popełniła umyślnie, działając w zamiarze bezpośrednim. Zachowanie <xAnon>B. W.</xAnon> należało przy tym zakwalifikować jako wypadek mniejszej wagi ze względu na przedmiotowe oraz podmiotowe okoliczności czynu: niezbyt dużą wysokość szkody wyrządzonej przestępstwem, uprzednią niekaralność oskarżonej oraz działanie sprawczyni pod wpływem impulsu i jej motywację.</xText>
          <xText>Reasumując powyższe wywody, dokonanie przez oskarżoną przypisanego jej czynu należy uznać za udowodnione. Oczywistą jest także możliwość przypisania oskarżonej winy tj. skutecznego postawienia zarzutu niezgodnego z porządkiem prawnym zachowania się w sytuacji, gdy mogła tego porządku nie naruszać. W dacie dokonania czynu nie zachodziły żadne okoliczności wyłączające winę.</xText>
          <xText>Sąd ocenił stopień winy oskarżonej jako średni. Działała ona w zamiarze bezpośrednim, miała wiec pełną świadomość, że swoim zachowaniem narusza porządek prawny, a mimo to zdecydowała się na uszkodzenie samochodu. Z drugiej jednak strony był to zamiar nagły, a nie przemyślany, co świadczy o tym, iż oskarżona nie zaplanowała popełnienia występku, ale dopuściła się go pod wpływem nerwów i chwilowego impulsu. Oskarżona uszkodziła przedmiotowy samochód, gdyż utrudniał jej przejście ze sklepu do domu. Powód jej postępowania – aczkolwiek nie zasługujący na pochwałę – nie wzbudza jednak dezaprobaty w szczególnie wysokim stopniu.</xText>
          <xText>Według Sądu stopień społecznej szkodliwości czynu oskarżonej również jest średni. Mimo że działała ona z zamiarem bezpośrednim, na taką ocenę wpłynęły wskazana powyżej motywacja <xAnon>B. W.</xAnon> a także niezbyt wysoka wartość wyrządzonej przez nią szkody. Dobro w postaci mienia, które naruszyła swoim czynem ma istotny charakter i zasługuje na ochronę prawną, jednak nie jest aż tak ważne, jak ludzkie życie i zdrowie. Za takim poglądem przemawiają też okoliczności popełnienia przestępstwa, oskarżona dopuściła się go bowiem pod wpływem zdenerwowania, a jej zachowanie miało charakter incydentalny.</xText>
          <xText>Kierując się dyrektywami określonymi w <xLexLink xArt="art. 53" xIsapId="WDU19970880553" xTitle="Ustawa z dnia 6 czerwca 1997 r. - Kodeks karny" xAddress="Dz. U. z 1997 r. Nr 88, poz. 553">art. 53 k.k.</xLexLink> Sąd wymierzył oskarżonej karę grzywny w wysokości 50 stawek dziennych, ustalając wysokość jednej stawki na kwotę 20 złotych. Dolegliwość z niej wynikająca odpowiada bowiem stopniowi winy oskarżonej i jest adekwatna do stopnia społecznej szkodliwości przypisanego jej czynu. Jako okoliczności łagodzące przy wymiarze kary Sąd uznał brak uprzedniej karalności oskarżonej, incydentalny charakter popełnionego przez nią występku oraz właściwości, warunki osobiste oraz sposób życia <xAnon>B. W.</xAnon> zarówno przed, jak i po popełnieniu przestępstwa. Oskarżona ma bowiem ustabilizowane życie. Posiada rodzinę, pracowała zawodowo, a obecnie jest na emeryturze. Wobec powyższego w ocenie Sądu orzeczona kara grzywny stanowi dla <xAnon>B. W.</xAnon> odpowiednią represję, wystarczająca dla osiągnięcia wobec niej celów kary, a w szczególności zapobieżenia jej powrotowi do przestępstwa. Powyższa kara spełni także właściwą rolę w zakresie kształtowania świadomości prawnej społeczeństwa z uwagi na swoją nieuchronność oraz wymiar adekwatny do wskazanych dyrektyw ustawowych.</xText>
          <xText>Mając na uwadze, iż jednym z podstawowych celów postępowania karnego jest zabezpieczenie prawnie chronionych interesów pokrzywdzonego, na podstawie <xLexLink xArt="art. 46;art. 46 § 1" xIsapId="WDU19970880553" xTitle="Ustawa z dnia 6 czerwca 1997 r. - Kodeks karny" xAddress="Dz. U. z 1997 r. Nr 88, poz. 553">art. 46 § 1 k.k.</xLexLink> Sąd nałożył na oskarżoną obowiązek naprawienia w całości wyrządzonej przestępstwem szkody poprzez zapłatę na rzecz <xAnon> (...) sp. z o.o.</xAnon> kwoty 897,28 złotych.</xText>
          <xText>Zgodnie z <xLexLink xArt="art. 63;art. 63 § 1" xIsapId="WDU19970880553" xTitle="Ustawa z dnia 6 czerwca 1997 r. - Kodeks karny" xAddress="Dz. U. z 1997 r. Nr 88, poz. 553">art. 63 § 1 k.k.</xLexLink> nakazującym zaliczenie na poczet orzeczonej kary okresu rzeczywistego pozbawienia wolności w sprawie, Sąd zaliczył na poczet kary grzywny okres zatrzymania oskarżonej w dniu 02 maja 2013 r., zaokrąglając w górę do pełnego dnia i przyjmując, że jeden dzień rzeczywistego pozbawienia wolności równa się dwóm stawkom dziennym grzywny, każda w kwocie 20 złotych.</xText>
          <xText>Na wydatki niniejszego postępowania złożyły się: 40 zł z tytułu kosztów doręczeń (po 20 zł za postępowanie przygotowawcze i postępowanie jurysdykcyjne), których wysokość wynika z <xLexLink xArt="§ 1" xIsapId="WDU20031081026" xTitle="Rozporządzenie Ministra Sprawiedliwości z dnia 18 czerwca 2003 r. w sprawie wysokości i sposobu obliczania wydatków Skarbu Państwa w postępowaniu karnym" xAddress="Dz. U. z 2003 r. Nr 108, poz. 1026">§ 1 Rozporządzenia Ministra sprawiedliwości z dnia 18 czerwca 2003 r. w sprawie wysokości i sposobu obliczania wydatków Skarbu Państwa w postępowaniu karnym</xLexLink> (Dz.U. z 2013 r. poz. 663 j.t.) oraz 50 zł tytułem kosztów uzyskania danych o karalności, zgodnie z <xLexLink xArt="§ 1" xIsapId="WDU20031511468" xTitle="Rozporządzenie Ministra Sprawiedliwości z dnia 14 sierpnia 2003 r. w sprawie określenia wysokości opłaty za wydanie informacji z Krajowego Rejestru Karnego" xAddress="Dz. U. z 2003 r. Nr 151, poz. 1468">§ 1 Rozporządzenia Ministra Sprawiedliwości z dnia 14 sierpnia 2003 r. w sprawie określenia wysokości opłaty za wydanie informacji z Krajowego Rejestru Karnego</xLexLink> (Dz.U. z 2003 r. Nr 51, poz. 1468). Zgodnie z <xLexLink xArt="art. 3;art. 3 ust. 1" xIsapId="WDU19730270152" xTitle="Ustawa z dnia 23 czerwca 1973 r. o opłatach w sprawach karnych" xAddress="Dz. U. z 1973 r. Nr 27, poz. 152">art. 3 ust. 1 ustawy z dnia 23 czerwca 1973 r. o opłatach w sprawach karnych</xLexLink> (Dz.U. z 1973 r. Nr 27, poz. 152 z późn. zm.) opłata od wymierzonej oskarżonej kary grzywny wyniosła 100 zł. W sumie koszty sądowe wyniosły 190 zł.</xText>
          <xText>Na podstawie <xLexLink xArt="art. 624;art. 624 § 1" xIsapId="WDU19970890555" xTitle="Ustawa z dnia 6 czerwca 1997 r. - Kodeks postępowania karnego" xAddress="Dz. U. z 1997 r. Nr 89, poz. 555">art. 624 § 1 k.p.k.</xLexLink> Sąd zwolnił oskarżoną od ponoszenia kosztów sądowych, uznając, że z uwagi na fakt, bycia emerytką oraz orzeczenie wobec niej obowiązku naprawienia szkody uiszczenie ich byłoby dla oskarżonej zbyt uciążliwe.</xText>
          <xText>Wobec powyższego Sąd orzekł, jak w sentencji wyroku.</xText>
        </xUnit>
      </xBlock>
    </xPart>
  </judgement>
<judgement id="154505200004006_VIII_K_000475_2012_Uz_2014-05-26_001">
    <xPart xEditorFullName="Beata Cichocka-Gnat" xYear="2012" xLang="PL" xPublisherFullName="Beata Cichocka-Gnat" xFromPg="1" xEditor="w8k11_sr_warszawamokotow" xVolType="15/450520/0004006/K" xPublisher="w8k11_sr_warszawamokotow" xDocType="Uz" xVolNmbr="000475" xVersion="1.0" xToPage="2" xFlag="published">
      <xName>Wyrok+Uzasadnienie</xName>
      <xBlock>
        <xText>
          <xBx>Sygn. akt VIII K 475/12</xBx>
        </xText>
        <xUnit xIsTitle="true" xBold="true" xType="part">
          <xName>WYROK</xName>
          <xTitle>W IMIENIU RZECZYPOSPOLITEJ POLSKIEJ</xTitle>
          <xText xALIGNx="right">dnia 25 kwietnia 2014 roku</xText>
          <xText>
            <xBx>Sąd Rejonowy dla Warszawy – Mokotowa w VIII Wydziale Karnym</xBx>
          </xText>
          <xText>w składzie:</xText>
          <xText>Przewodniczący: SSR Paweł du Château</xText>
          <xText>Protokolant: Paulina Więckowska, Katarzyna Skwarczyńska, Magdalena Rucińska</xText>
          <xText>przy udziale prokuratora: Urszuli Jasik-Turowskiej, <xAnon>P. W.</xAnon>, <xAnon>D. S.</xAnon></xText>
          <xText>po rozpoznaniu na rozprawie w dniach 7 lutego 2014 roku, 26 lutego 2014 roku, 25 kwietnia 2014 roku</xText>
          <xText>sprawy <xBx><xAnon>J. G. (1)</xAnon></xBx>, syna <xAnon>L.</xAnon> i <xAnon>E.</xAnon> z domu <xAnon>S.</xAnon>, <xAnon>urodzonego (...)</xAnon> w <xAnon>W.</xAnon></xText>
          <xText xALIGNx="center">
            <xBx>oskarżonego o to, że:</xBx>
          </xText>
          <xText>1. w dniu 23 lutego 2012 roku w <xAnon>W.</xAnon> na <xAnon>ul. (...)</xAnon> umyślnie naruszył zasady bezpieczeństwa w ruchu lądowym określone w <xLexLink xArt="art. 45;art. 45 ust. 1" xIsapId="WDU19970980602" xTitle="Ustawa z dnia 20 czerwca 1997 r. - Prawo o ruchu drogowym" xAddress="Dz. U. z 1997 r. Nr 98, poz. 602">art. 45 ust. 1 Ustawy z dnia 20.06.1997 roku Prawo o Ruchu Drogowym</xLexLink> w ten sposób, że kierował samochodem marki <xAnon>V.</xAnon> o <xAnon>nr rej. (...)</xAnon> będąc w stanie nietrzeźwym – badanie na urządzeniu typu alkomat wykazało: I próba 1,64 mg/l, II próba 1,63 mg/l, III próba 1,66 mg/l alkoholu w wydychanym powietrzu, przy czym czynu tego dopuścił się w okresie obowiązywania zakazu prowadzenia pojazdów mechanicznych orzeczonego w związku ze skazaniem za przestępstwo, tym samym nie zastosował się do sądowych zakazów prowadzenia pojazdów mechanicznych orzeczonych wobec niego wyrokiem Sądu Rejonowego w Tomaszowie Mazowieckim – sygn. akt II K 264/10 obowiązującego od 25.09.2010r. do 25.09.2016r. i wyrokiem Sądu Rejonowego dla m.st. Warszawy z siedzibą <xAnon>O.</xAnon> – sygn. akt III K 515/09 obowiązującego w okresie od 03.06.2009r. do 03.06.2012r.</xText>
          <xText xALIGNx="center">
            <xBx>tj. o czyn z <xLexLink xArt="art. 178 a;art. 178 a § 1" xIsapId="WDU19970880553" xTitle="Ustawa z dnia 6 czerwca 1997 r. - Kodeks karny" xAddress="Dz. U. z 1997 r. Nr 88, poz. 553">art. 178a § 1 kk</xLexLink> w zw. z <xLexLink xArt="art. 178 a;art. 178 a § 4" xIsapId="WDU19970880553" xTitle="Ustawa z dnia 6 czerwca 1997 r. - Kodeks karny" xAddress="Dz. U. z 1997 r. Nr 88, poz. 553">art. 178a § 4 kk</xLexLink> w zb. z <xLexLink xArt="art. 244" xIsapId="WDU19970880553" xTitle="Ustawa z dnia 6 czerwca 1997 r. - Kodeks karny" xAddress="Dz. U. z 1997 r. Nr 88, poz. 553">art. 244 kk</xLexLink> w zw. z <xLexLink xArt="art. 11;art. 11 § 2" xIsapId="WDU19970880553" xTitle="Ustawa z dnia 6 czerwca 1997 r. - Kodeks karny" xAddress="Dz. U. z 1997 r. Nr 88, poz. 553">art. 11 § 2 kk</xLexLink></xBx>
          </xText>
          <xText>2. w dniu 29 lipca 2012r. na <xAnon>ul. (...)</xAnon> w <xAnon>W.</xAnon> woj. <xAnon> (...)</xAnon>, na drodze publicznej umyślnie naruszył zasady bezpieczeństwa w ruchu lądowym określone w <xLexLink xArt="art. 45;art. 45 ust. 1" xIsapId="WDU19970980602" xTitle="Ustawa z dnia 20 czerwca 1997 r. - Prawo o ruchu drogowym" xAddress="Dz. U. z 1997 r. Nr 98, poz. 602">art. 45 ust. 1 ustawy z dnia 20.06.1997r. Prawo o Ruchu Drogowym</xLexLink> (Dz.U. Nr 98 poz. 606 z późn. zm.) w ten sposób, że znajdują się w stanie nietrzeźwości I badanie 1,61 mg/l, II badanie 1,62 mg/l zawartości alkoholu w wydychanym powietrzu, prowadził samochód marki <xAnon>V.</xAnon> o <xAnon>nr rej. (...)</xAnon>, a czyn ten popełnił będąc w okresie obowiązywania zakazu prowadzenia wszelkich pojazdów mechanicznych w ruchu lądowym orzeczonym wobec niego wyrokiem Sądu Rejonowego w Tomaszowie Mazowieckim – sygn. II K 264/10 obowiązującego od 25-09-2010r. do 25-09-2016r.</xText>
          <xText xALIGNx="center">
            <xBx>tj. o czyn z <xLexLink xArt="art. 178 a;art. 178 a § 1" xIsapId="WDU19970880553" xTitle="Ustawa z dnia 6 czerwca 1997 r. - Kodeks karny" xAddress="Dz. U. z 1997 r. Nr 88, poz. 553">art. 178a § 1 kk</xLexLink> w zw. z <xLexLink xArt="art. 178 a;art. 178 a § 4" xIsapId="WDU19970880553" xTitle="Ustawa z dnia 6 czerwca 1997 r. - Kodeks karny" xAddress="Dz. U. z 1997 r. Nr 88, poz. 553">art. 178a § 4 kk</xLexLink> w zb. z <xLexLink xArt="art. 244" xIsapId="WDU19970880553" xTitle="Ustawa z dnia 6 czerwca 1997 r. - Kodeks karny" xAddress="Dz. U. z 1997 r. Nr 88, poz. 553">art. 244 kk</xLexLink> w zw. z <xLexLink xArt="art. 11;art. 11 § 2" xIsapId="WDU19970880553" xTitle="Ustawa z dnia 6 czerwca 1997 r. - Kodeks karny" xAddress="Dz. U. z 1997 r. Nr 88, poz. 553">art. 11 § 2 kk</xLexLink></xBx>
          </xText>
          <xText xALIGNx="center">
            <xBx>orzeka:</xBx>
          </xText>
          <xUnit xIsTitle="false" xType="none">
            <xName xSffx=".">I</xName>
            <xText>oskarżonego <xBx><xAnon>J. G. (1)</xAnon></xBx> uznaje za winnego pełnienia zarzucanego mu czynu opisanego w punkcie I części wstępnej wyroku przy czym przyjmuje, iż oskarżony w czasie jego popełnienia miał w stopniu znacznym ograniczoną zdolność rozpoznania jego znaczenia oraz pokierowania swoim postępowaniem i czyn ten kwalifikuje z <xLexLink xArt="art. 178 a;art. 178 a § 1" xIsapId="WDU19970880553" xTitle="Ustawa z dnia 6 czerwca 1997 r. - Kodeks karny" xAddress="Dz. U. z 1997 r. Nr 88, poz. 553">art. 178a § 1 k.k.</xLexLink> w zw. z <xLexLink xArt="art. 178 a;art. 178 a § 4" xIsapId="WDU19970880553" xTitle="Ustawa z dnia 6 czerwca 1997 r. - Kodeks karny" xAddress="Dz. U. z 1997 r. Nr 88, poz. 553">art. 178a § 4 k.k.</xLexLink> w zb. z <xLexLink xArt="art. 244" xIsapId="WDU19970880553" xTitle="Ustawa z dnia 6 czerwca 1997 r. - Kodeks karny" xAddress="Dz. U. z 1997 r. Nr 88, poz. 553">art. 244 k.k.</xLexLink> w zw. z <xLexLink xArt="art. 11;art. 11 § 2" xIsapId="WDU19970880553" xTitle="Ustawa z dnia 6 czerwca 1997 r. - Kodeks karny" xAddress="Dz. U. z 1997 r. Nr 88, poz. 553">art. 11 § 2 k.k.</xLexLink> w zw. z <xLexLink xArt="art. 31;art. 31 § 2" xIsapId="WDU19970880553" xTitle="Ustawa z dnia 6 czerwca 1997 r. - Kodeks karny" xAddress="Dz. U. z 1997 r. Nr 88, poz. 553">art. 31 § 2 k.k.</xLexLink> i na tej podstawie skazuje go, a na podstawie <xLexLink xArt="art. 178 a;art. 178 a § 4" xIsapId="WDU19970880553" xTitle="Ustawa z dnia 6 czerwca 1997 r. - Kodeks karny" xAddress="Dz. U. z 1997 r. Nr 88, poz. 553">art. 178a § 4</xLexLink> wymierza mu karę 1 (jednego) roku pozbawienia wolności;</xText>
          </xUnit>
          <xUnit xIsTitle="false" xType="none">
            <xName xSffx=".">II</xName>
            <xText>oskarżonego <xBx><xAnon>J. G. (1)</xAnon></xBx> uznaje za winnego pełnienia zarzucanego mu czynu opisanego w punkcie II części wstępnej wyroku przy czym przyjmuje, iż oskarżony w czasie jego popełnienia miał w stopniu znacznym ograniczoną zdolność rozpoznania jego znaczenia oraz pokierowania swoim postępowaniem i czyn ten kwalifikuje z <xLexLink xArt="art. 178 a;art. 178 a § 1" xIsapId="WDU19970880553" xTitle="Ustawa z dnia 6 czerwca 1997 r. - Kodeks karny" xAddress="Dz. U. z 1997 r. Nr 88, poz. 553">art. 178a § 1 k.k.</xLexLink> w zw. z <xLexLink xArt="art. 178 a;art. 178 a § 4" xIsapId="WDU19970880553" xTitle="Ustawa z dnia 6 czerwca 1997 r. - Kodeks karny" xAddress="Dz. U. z 1997 r. Nr 88, poz. 553">art. 178a § 4 k.k.</xLexLink> w zb. z <xLexLink xArt="art. 244" xIsapId="WDU19970880553" xTitle="Ustawa z dnia 6 czerwca 1997 r. - Kodeks karny" xAddress="Dz. U. z 1997 r. Nr 88, poz. 553">art. 244 k.k.</xLexLink> w zw. z <xLexLink xArt="art. 11;art. 11 § 2" xIsapId="WDU19970880553" xTitle="Ustawa z dnia 6 czerwca 1997 r. - Kodeks karny" xAddress="Dz. U. z 1997 r. Nr 88, poz. 553">art. 11 § 2 k.k.</xLexLink> w zw. z <xLexLink xArt="art. 31;art. 31 § 2" xIsapId="WDU19970880553" xTitle="Ustawa z dnia 6 czerwca 1997 r. - Kodeks karny" xAddress="Dz. U. z 1997 r. Nr 88, poz. 553">art. 31 § 2 k.k.</xLexLink> i na tej podstawie skazuje go, a na podstawie <xLexLink xArt="art. 178 a;art. 178 a § 4" xIsapId="WDU19970880553" xTitle="Ustawa z dnia 6 czerwca 1997 r. - Kodeks karny" xAddress="Dz. U. z 1997 r. Nr 88, poz. 553">art. 178a § 4</xLexLink> wymierza mu karę 1 (jednego) roku pozbawienia wolności;</xText>
          </xUnit>
          <xUnit xIsTitle="false" xType="none">
            <xName xSffx=".">III</xName>
            <xText>na podstawie <xLexLink xArt="art. 85" xIsapId="WDU19970880553" xTitle="Ustawa z dnia 6 czerwca 1997 r. - Kodeks karny" xAddress="Dz. U. z 1997 r. Nr 88, poz. 553">art. 85 k.k.</xLexLink> i <xLexLink xArt="art. 86;art. 86 § 1" xIsapId="WDU19970880553" xTitle="Ustawa z dnia 6 czerwca 1997 r. - Kodeks karny" xAddress="Dz. U. z 1997 r. Nr 88, poz. 553">art. 86 § 1 k.k.</xLexLink> wymierzone wobec oskarżonego w <xLexLink xArt="art. 86 pkt. 1;art. 86 pkt. 2" xIsapId="WDU19970880553" xTitle="Ustawa z dnia 6 czerwca 1997 r. - Kodeks karny" xAddress="Dz. U. z 1997 r. Nr 88, poz. 553">pkt I – II</xLexLink> jednostkowe kary pozbawienia wolności łączy i jako łączną wymierza oskarżonemu karę 1 (jednego) roku i 6 (sześciu) miesięcy pozbawienia wolności;</xText>
          </xUnit>
          <xUnit xIsTitle="false" xType="none">
            <xName xSffx=".">IV</xName>
            <xText>na podstawie <xLexLink xArt="art. 63;art. 63 § 1" xIsapId="WDU19970880553" xTitle="Ustawa z dnia 6 czerwca 1997 r. - Kodeks karny" xAddress="Dz. U. z 1997 r. Nr 88, poz. 553">art. 63 § 1 k.k.</xLexLink> na poczet orzeczonej kary łącznej pozbawienia wolności zalicza oskarżonemu okres rzeczywistego pozbawienia wolności w dniach od 23 lutego 2012 roku do 25 lutego 2012 roku oraz od 29 lipca 2012 roku do 30 lipca 2012 roku przyjmując, iż jeden dzień rzeczywistego pozbawienia wolności równa się jednemu dniowi kary pozbawienia wolności;</xText>
          </xUnit>
          <xUnit xIsTitle="false" xType="none">
            <xName xSffx=".">V</xName>
            <xText>na podstawie <xLexLink xArt="art. 42;art. 42 § 2" xIsapId="WDU19970880553" xTitle="Ustawa z dnia 6 czerwca 1997 r. - Kodeks karny" xAddress="Dz. U. z 1997 r. Nr 88, poz. 553">art. 42 § 2 k.k.</xLexLink> orzeka wobec oskarżonego zakaz prowadzenia wszelkich pojazdów mechanicznych na okres 8 (ośmiu) lat;</xText>
          </xUnit>
          <xUnit xIsTitle="false" xType="none">
            <xName xSffx=".">VI</xName>
            <xText>zasądza od Skarbu Państwa na rzecz <xAnon> Kancelarii Adwokackiej (...)</xAnon>. <xAnon>C. C.</xAnon> kwotę 588 (pięćset osiemdziesiąt osiem) złotych powiększoną o stawkę podatku VAT tytułem obrony wykonanej z urzędu;</xText>
          </xUnit>
          <xUnit xIsTitle="false" xType="none">
            <xName xSffx=".">VII</xName>
            <xText>na podstawie <xLexLink xArt="art. 624;art. 624 § 1" xIsapId="WDU19970890555" xTitle="Ustawa z dnia 6 czerwca 1997 r. - Kodeks postępowania karnego" xAddress="Dz. U. z 1997 r. Nr 89, poz. 555">art. 624 § 1 k.p.k.</xLexLink> zwalnia oskarżonego od ponoszenia kosztów sądowych, z których wyłożone wydatki przejmuje Skarb Państwa.</xText>
          </xUnit>
        </xUnit>
        <xUnit xIsTitle="true" xBold="true" xType="part">
          <xName>UZASADNIENIE</xName>
          <xText>Na podstawie przeprowadzonych dowodów Sąd Rejonowy ustalił następujący stan faktyczny:</xText>
          <xText>W dniu 23 lutego 2012 roku funkcjonariusz policji <xAnon>M. W.</xAnon> pełnił służbę poruszając się nieoznakowanym radiowozem. Otrzymał on od dyżurnego polecenie udania się na interwencję albowiem jeden z kierowców na <xAnon>ulicy (...)</xAnon> tamuje ruch, ponieważ zasnął za kierownicą. Będąc na <xAnon>ulicy (...)</xAnon> zaobserwował stojący na środku ulicy samochód osobowy marki <xAnon>V.</xAnon> o <xAnon>nr rej. (...)</xAnon> z włączonymi światłami mijania tamujący ruch drogowy. Za jego kierownicą siedział <xAnon>J. G. (1)</xAnon>. Funkcjonariusz podszedł do samochodu i zapukał. Wówczas <xAnon>J. G. (1)</xAnon> niemalże półprzytomny próbował ruszyć i przejechał w/w pojazdem kilka metrów. Po pewnym czasie udało się nakłonić go aby otworzył samochód. Kierowca został przewieziony do <xAnon> (...)</xAnon> na <xAnon>ul. (...)</xAnon>. Został on następnie poddany badaniu na zawartość alkoholu w organizmie. Przeprowadzone badanie na urządzeniu typu alkomat wykazało: I próba 1,64 mg/l, II próba 1,63 mg/l, III próba 1,66 mg/l alkoholu w wydychanym powietrzu.</xText>
          <xText>Jak następnie ustalono <xAnon>J. G. (1)</xAnon> czynu tego dopuścił się w okresie obowiązywania zakazu prowadzenia pojazdów mechanicznych orzeczonego w związku ze skazaniem za przestępstwo, tym samym nie zastosował się do sądowych zakazów prowadzenia pojazdów mechanicznych orzeczonych wobec niego wyrokiem Sądu Rejonowego w Tomaszowie Mazowieckim – sygn. akt II K 264/10 obowiązującego od 25.09.2010r. do 25.09.2016r. i wyrokiem Sądu Rejonowego dla m.st. Warszawy z siedzibą <xAnon>O.</xAnon> – sygn. akt III K 515/09 obowiązującego w okresie od 03.06.2009r. do 03.06.2012r. Oskarżony w czasie opisanego zdarzenia miał w stopniu znacznym ograniczoną zdolność rozpoznania jego znaczenia oraz pokierowania swoim postępowaniem.</xText>
          <xText>W dniu 29 lipca 2012r. na <xAnon>ul. (...)</xAnon> w <xAnon>W.</xAnon><xAnon>T. S.</xAnon>, <xAnon>G. K. (1)</xAnon> oraz <xAnon>M. R.</xAnon> stali w pobliżu kompleksu garaży przy <xAnon>ul. (...)</xAnon> w <xAnon>W.</xAnon>. W pewnym momencie zauważyli jak od <xAnon>ul. (...)</xAnon> na teren tych garaży, wjechał <xAnon>J. G. (1)</xAnon> samochodem marki <xAnon>V.</xAnon>. Wymieniony zawrócił samochodem pomiędzy garażami i zaparkował przy sklepie alkoholowym. <xAnon>J. G. (1)</xAnon> wysiadł z samochodu i udał się do sklepu. Po opuszczeniu sklepu wsiadł za kierownicę i próbował włożyć kluczyk do stacyjki. <xAnon>G. K. (1)</xAnon> podszedł do kierowcy opisanego pojazdu, otworzył drzwi samochodu i wówczas poczuł silną woń alkoholu. <xAnon>G. K. (1)</xAnon> zapytał <xAnon>J. G. (1)</xAnon> czy ten jest pijany, na co otrzymał odpowiedź twierdzącą. Wówczas <xAnon>G. K. (1)</xAnon> stanowczo stwierdził, że <xAnon>J. G.</xAnon> nigdzie już więcej nie pojedzie i aby oddał kluczyki. <xAnon>J. G.</xAnon> oddał kluczki, po czym <xAnon>G. K.</xAnon> zamknął od zewnątrz samochód i wezwał policję. Przybyły na miejsce patrol policji m. in. w osobie <xAnon>T. B.</xAnon> potwierdził wszelkie opisane okoliczności zdarzenia i przeprowadził dalsze czynności, w wyniku których stwierdzono, iż <xAnon>J. G. (1)</xAnon>, po przeprowadzeniu badania na urządzeniu typu alkomat, znajdował się w stanie nietrzeźwości: I badanie 1,61 mg/l, II badanie 1,62 mg/l zawartości alkoholu w wydychanym powietrzu. Jak następnie ustalono <xAnon>J. G. (1)</xAnon> czynu tego dopuścił się w okresie obowiązywania zakazu prowadzenia pojazdów mechanicznych orzeczonego w związku ze skazaniem za przestępstwo, tym samym nie zastosował się do sądowych zakazów prowadzenia pojazdów mechanicznych orzeczonych wobec niego wyrokiem Sądu Rejonowego w Tomaszowie Mazowieckim – sygn. akt II K 264/10 obowiązującego od 25.09.2010r. do 25.09.2016r. <xAnon>J. G. (1)</xAnon> w czasie opisanego zdarzenia miał w stopniu znacznym ograniczoną zdolność rozpoznania jego znaczenia oraz pokierowania swoim postępowaniem.</xText>
          <xText>Powyższy stan faktyczny Sąd ustalił na podstawie: częściowo wyjaśnień oskarżonego <xAnon>J. G. (1)</xAnon> (k. 17-18, 19-20, 25, 26), zeznań świadków <xAnon>T. B.</xAnon> (k.139, 66-67), <xAnon>T. S.</xAnon> (k. 139-140, 62), <xAnon>G. K. (1)</xAnon> (k. 140, 63), <xAnon>M. W.</xAnon> (k. 140, 7-8) oraz <xAnon>M. R.</xAnon> (k. 150-151, 64-65), nadto w oparciu o dowody natury materialnej w postaci protokołu badania trzeźwości – (k: 3,59,60), świadectw wzorcowania – (k: 4-5,58), kopi wyroków –(k: 10-12,36,84), informacji o karalności ( k: 47,53,78), opinii sądowo-psychiatrycznej ( k: 108-110v,115-1180, dokumentacji medycznej ( k: 138-142).</xText>
          <xText>Oskarżony <xAnon>J. G. (1)</xAnon> w toku postępowania przygotowawczego przyznał się do popełnienia zarzucanych mu czynów, w pełni akceptując zasadność stawianych mu zarzutów, po czym wyraził skruchę (k. 17-18, 19-20, 25, 26).</xText>
          <xText>Stając natomiast przed Sądem w dniu 20 grudnia 2013 (k. 122-123) oskarżony nie przyznał się do obu stawianych mu zarzutów. Odwołał swoje wcześniejsze wyjaśnienia złożone w toku pierwszych przesłuchań w postępowaniu przygotowawczym wskazując, iż wyjaśnienia te składał będąc przestraszonym całą sytuacją. Wyjaśnił, iż w dniu 23 lutego 2012 roku poprosił swoją żonę, aby pojechała wraz z nim do sklepu po alkohol. W powrotnej drodze oskarżony pokłócił się z żoną, która wysiadła z samochodu. Ponieważ <xAnon>ulica (...)</xAnon> była wówczas zalana wodą i była zablokowana przez służby wodociągowe, oskarżony przesiadł się na miejsce kierowcy. Silnik w jego pojeździe był włączony, a on usnął. Co zaś się tyczy drugiego ze stawianych oskarżonemu zarzutów <xAnon>J. G. (1)</xAnon> podał, iż w dniu 29 lipca 2012 roku pojechał wraz z żoną do sklepu. Podniósł, że tego dnia to nie on lecz jego żona żona prowadziła samochód, po czym wysiadła z samochodu i poszła do koleżanki. Oskarżony poszedł wówczas do sklepu, zostawiając kluczyki w stacyjce, gdzie kupił 3 piwa. Po powrocie do samochodu usiadł na fotelu kierowcy. W tym momencie jakiś mężczyzna ubrany po cywilnemu zastukał w szybę i zapytał czy oskarżony zamierza jechać. <xAnon>J. G. (1)</xAnon> odpowiedział „<xIx>Co cię to obchodzi?</xIx>”. On wtedy włożył rękę do samochodu i wyjął ze stacyjki kluczyk. Po chwili przyjechała policja i oskarżony został zatrzymany.</xText>
          <xText>Oskarżony zaprzeczył wszelkim składanym przez siebie w postępowaniu przygotowawczym wyjaśnieniom, podając iż jego przyznanie się do winy było efektem strachu przed żoną, czy też że był on straszony przez przesłuchujących go policjantów.</xText>
          <xText>Sąd jedynie w części dał wiarę wyjaśnieniom oskarżonego. Za wiarygodne Są uznał jedynie wyjaśnienia oskarżonego złożone w postępowaniu przygotowawczym, w których przyznawał się on konsekwentnie do sprawstwa w zakresie obu stawianych mu zarzutów (k. 17-18, 19-20, 25, 26). Co zaś się tyczy wyjaśnień oskarżonego prezentowanych podczas rozprawy sądowej, to na aprobatę zasługuje jedynie ta ich część odnosząca się do faktu spożywania alkoholu w dniu poszczególnych zdarzeń i znajdowania się przez niego wówczas w należącym do niego pojeździe marki <xAnon>V.</xAnon> na fotelu kierowcy W pozostałym zakresie Sąd całkowicie zdyskredytował relacje <xAnon>J. G. (1)</xAnon> uznając, iż wyjaśnienia te stanowiły wyłącznie przyjętą na potrzeby niniejszego postępowania linię obrony mającą na celu ekskulpowanie jego osoby. Nadto oceniając ich treść stwierdzić należy, iż pozostają one nie tylko w całkowitej sprzeczności z pozostałym materiałem dowodowym sprawy, ale i wręcz rażą swą naiwnością. Oskarżony nie przedstawił w tym zakresie żadnej logicznej argumentacji, poza samym gołosłownym stwierdzeniem co do obaw przed powołaniem swej żony w charakterze świadka, czy to presji funkcjonariuszy policji.</xText>
          <xText>Do powyższego wniosku Sąd doszedł dokonując analizy wyjaśnień oskarżonego w świetle pozostałego materiału dowodowego uznanego za obiektywny w sprawie, w szczególności zeznań przesłuchanych świadków tj. <xAnon>T. B.</xAnon> (k.139, 66-67), <xAnon>T. S.</xAnon> (k. 139-140, 62), <xAnon>G. K. (1)</xAnon> (k. 140, 63), <xAnon>M. W.</xAnon> (k. 140, 7-8) oraz <xAnon>M. R.</xAnon> (k. 150-151, 64-65).</xText>
          <xText><xAnon>M. W.</xAnon> konsekwentnie zeznał, iż w dniu 23 lutego 2012 roku pełnił służbę patrolową na terenie <xAnon>M.</xAnon> i otrzymał on od dyżurnego polecenie udania się na <xAnon>ulicę (...)</xAnon> na interwencję albowiem jeden z kierowców tamuje ruch, ponieważ zasnął za kierownicą. Będąc na <xAnon>ulicy (...)</xAnon> świadek zaobserwował stojący na środku ulicy samochód osobowy marki <xAnon>V.</xAnon> o <xAnon>nr rej. (...)</xAnon> z włączonymi światłami mijania w istocie tamujący ruch drogowy. Za jego kierownicą siedział <xAnon>J. G. (1)</xAnon>. Funkcjonariusz podszedł do samochodu i zapukał. Wówczas kierowca w/w pojazdu niemalże półprzytomny próbował ruszyć i przejechał w/w pojazdem kilka metrów. Po pewnym czasie udało się nakłonić go aby otworzył samochód.</xText>
          <xText>Zeznania wymienionego świadka Sąd uznał za spójne, logiczne i konsekwentne. Pozostają one wreszcie w zgodzie z obiektywnymi wynikami przeprowadzonego na urządzeniu typu alkomat badania na zawartość alkoholu w organizmie <xAnon>J. G. (1)</xAnon>, które wykazało: I próba 1,64 mg/l, II próba 1,63 mg/l, III próba 1,66 mg/l alkoholu w wydychanym powietrzu.</xText>
          <xText>Odnośnie drugiego z inkryminowanych zdarzeń kluczowe znaczenie odegrały relacje <xAnon>T. S.</xAnon> (k. 139-140, 62), <xAnon>G. K. (1)</xAnon> (k. 140, 63), oraz <xAnon>M. R.</xAnon> (k. 150-151, 64-65). Jak zgodnie wskazują wymienieniu świadkowie w dniu 29 lipca 2012r. na <xAnon>ul. (...)</xAnon> w <xAnon>W.</xAnon> stali oni w pobliżu kompleksu garaży przy <xAnon>ul. (...)</xAnon> w <xAnon>W.</xAnon>. W pewnym momencie zauważyli jak od <xAnon>ul. (...)</xAnon> na teren tych garaży, wjechał <xAnon>J. G. (1)</xAnon> samochodem marki <xAnon>V.</xAnon>. Wymieniony zawrócił samochodem pomiędzy garażami i zaparkował przy sklepie alkoholowym. <xAnon>J. G. (1)</xAnon> wysiadł z samochodu i udał się do sklepu. Po opuszczeniu sklepu wsiadł za kierownicę i próbował włożyć kluczyk do stacyjki. <xAnon>G. K. (1)</xAnon> podszedł do kierowcy opisanego pojazdu, otworzył drzwi samochodu i wówczas poczuł silną woń alkoholu. <xAnon>G. K. (1)</xAnon> zapytał <xAnon>J. G. (1)</xAnon> czy ten jest pijany, na co otrzymał odpowiedź twierdzącą. Wówczas <xAnon>G. K. (1)</xAnon> stanowczo stwierdził, że <xAnon>J. G.</xAnon> nigdzie już więcej nie pojedzie i aby oddał kluczyki. <xAnon>J. G.</xAnon> oddał kluczki, po czym <xAnon>G. K.</xAnon> zamknął od zewnątrz samochód i wezwał policję.</xText>
          <xText>Bezpośredni kontakt Sądu na rozprawie z wymienionymi osobami utwierdził Sąd w przekonaniu, iż w swoich zeznaniach kierowali się oni wyłącznie potrzebą obiektywnego przedstawiania przebiegu zdarzenia. Swoje stanowisko w tym zakresie Sąd wywiódł z analizy zeznań tych osób wespół z analizą pozostałego materiału dowodowego, jak również w oparciu o wyżej wskazane bezpośrednie wrażenie z kontaktu ze świadkami na rozprawie. Świadkowie ci relacjonowali bowiem okoliczności zdarzenia w sposób, który zdaniem Sądu nie budził jakichkolwiek wątpliwości co do prawdziwości ich obserwacji, nieznane są wreszcie sądowi takie okoliczności, które przemawiałyby za ich odmienną oceną. W zeznaniach tych Sąd nie stwierdził wewnętrznych sprzeczności, które dawały by podstawę do odmówienia im wiary i budziły wątpliwości co do ich wiarygodności.</xText>
          <xText>Wiarygodnymi Sąd uznał także zeznania <xAnon>T. B.</xAnon> – policjanta dokonującego zatrzymania oskarżonego bezpośrednio po zderzaniu i przeprowadzającego czynności na miejscu zdarzenia. Zeznania świadka wzajemnie się uzupełniały, były spójne i logiczne. Zdaniem Sądu w sprawie nie wystąpiły żadne wątpliwości co do prawdziwości jego relacji. Z tych względów zeznania te Sąd uznał za wiarygodne.</xText>
          <xText>Co zaś się tyczy zeznań żony oskarżonego <xAnon>B. G.</xAnon> (k. 145-146) to zdaniem sądu nie wzbogaciły one materiału dowodowego sprawy o ważkie dla jej rozstrzygnięcia elementy, albowiem świadek nie była zorientowana w kwestiach zasadniczych, a swoją wiedzę czerpała jedynie z relacji męża. Świadek pamiętała jedynie, że wraz z mężem jechali kiedyś w przeszłości samochodem marki <xAnon>V.</xAnon> do sklepu, świadek prowadziła pojazd, wcześniej pokłócili się, doszło do awantury i na <xAnon>ul. (...)</xAnon> zatrzymała samochód, wyszła z niego i poszła do domu. Po jakimś czasie przyszli do niej funkcjonariusze policji z informacją, iż musi zgłosić się po samochód, ponieważ mąż został zatrzymany. Świadek pamiętała jedynie, iż tego dnia, kiedy zostawiła męża na <xAnon>ul. (...)</xAnon>, mąż był pod wpływem alkoholu. Co do drugiego z inkryminowanych zdarzeń <xAnon>B. G.</xAnon> nie legitymowała się żadną wiedzą.</xText>
          <xText>Nie budziły również żadnych zastrzeżeń co do swej prawdziwości ujawnione w toku rozprawy dokumenty w postaci protokołu badania trzeźwości – (k: 3,59,60), świadectw wzorcowania – (k: 4-5,58), kopi wyroków –(k: 10-12,36,84), informacji o karalności ( k: 47,53,78), opinii sądowo-psychiatrycznej ( k: 108-110v,115-118, 157-159), dokumentacji medycznej ( k: 138-142).</xText>
          <xText>Jak wynika z obiektywnego dowodu w postaci wywołanej na etapie postępowania sądowego opinii sądowo-psychiatrycznej ( k: 108-110v,115-118, 157-159) <xAnon>J. G. (1)</xAnon> w odniesieniu do obu zarzuconych mu czynów miał w ich trakcie w stopniu znacznym ograniczoną zdolność rozpoznania jego znaczenia oraz pokierowania swoim postępowaniem.</xText>
          <xText>Sąd zważył co następuje:</xText>
          <xText>Ujawniony w toku rozprawy materiał dowodowy, jego analiza i interpretacja wykazały jednoznacznie, iż oskarżony <xAnon>J. G. (1)</xAnon> w dniu 23 lutego 2012 roku w <xAnon>W.</xAnon> na <xAnon>ul. (...)</xAnon> umyślnie naruszył zasady bezpieczeństwa w ruchu lądowym określone w <xLexLink xArt="art. 45;art. 45 ust. 1" xIsapId="WDU19970980602" xTitle="Ustawa z dnia 20 czerwca 1997 r. - Prawo o ruchu drogowym" xAddress="Dz. U. z 1997 r. Nr 98, poz. 602">art. 45 ust. 1 Ustawy z dnia 20.06.1997 roku Prawo o Ruchu Drogowym</xLexLink> w ten sposób, że kierował samochodem marki <xAnon>V.</xAnon> o <xAnon>nr rej. (...)</xAnon> będąc w stanie nietrzeźwym – badanie na urządzeniu typu alkomat wykazało: I próba 1,64 mg/l, II próba 1,63 mg/l, III próba 1,66 mg/l alkoholu w wydychanym powietrzu, przy czym czynu tego dopuścił się w okresie obowiązywania zakazu prowadzenia pojazdów mechanicznych orzeczonego w związku ze skazaniem za przestępstwo, tym samym nie zastosował się do sądowych zakazów prowadzenia pojazdów mechanicznych orzeczonych wobec niego wyrokiem Sądu Rejonowego w Tomaszowie Mazowieckim – sygn. akt II K 264/10 obowiązującego od 25.09.2010r. do 25.09.2016r. i wyrokiem Sądu Rejonowego dla m.st. Warszawy z siedzibą <xAnon>O.</xAnon> – sygn. akt III K 515/09 obowiązującego w okresie od 03.06.2009r. do 03.06.2012r., przy czym oskarżony w czasie jego popełnienia miał w stopniu znacznym ograniczoną zdolność rozpoznania jego znaczenia oraz pokierowania swoim postępowaniem, czym wyczerpał dyspozycję przestępstwa z <xLexLink xArt="art. 178 a;art. 178 a § 1" xIsapId="WDU19970880553" xTitle="Ustawa z dnia 6 czerwca 1997 r. - Kodeks karny" xAddress="Dz. U. z 1997 r. Nr 88, poz. 553">art. 178a § 1 k.k.</xLexLink> w zw. z <xLexLink xArt="art. 178 a;art. 178 a § 4" xIsapId="WDU19970880553" xTitle="Ustawa z dnia 6 czerwca 1997 r. - Kodeks karny" xAddress="Dz. U. z 1997 r. Nr 88, poz. 553">art. 178a § 4 k.k.</xLexLink> w zb. z <xLexLink xArt="art. 244" xIsapId="WDU19970880553" xTitle="Ustawa z dnia 6 czerwca 1997 r. - Kodeks karny" xAddress="Dz. U. z 1997 r. Nr 88, poz. 553">art. 244 k.k.</xLexLink> w zw. z <xLexLink xArt="art. 11;art. 11 § 2" xIsapId="WDU19970880553" xTitle="Ustawa z dnia 6 czerwca 1997 r. - Kodeks karny" xAddress="Dz. U. z 1997 r. Nr 88, poz. 553">art. 11 § 2 k.k.</xLexLink> w zw. z <xLexLink xArt="art. 31;art. 31 § 2" xIsapId="WDU19970880553" xTitle="Ustawa z dnia 6 czerwca 1997 r. - Kodeks karny" xAddress="Dz. U. z 1997 r. Nr 88, poz. 553">art. 31 § 2 k.k.</xLexLink></xText>
          <xText>Nadto w dniu 29 lipca 2012r. na <xAnon>ul. (...)</xAnon> w <xAnon>W.</xAnon> woj. <xAnon> (...)</xAnon>, na drodze publicznej umyślnie naruszył on zasady bezpieczeństwa w ruchu lądowym określone w <xLexLink xArt="art. 45;art. 45 ust. 1" xIsapId="WDU19970980602" xTitle="Ustawa z dnia 20 czerwca 1997 r. - Prawo o ruchu drogowym" xAddress="Dz. U. z 1997 r. Nr 98, poz. 602">art. 45 ust. 1 ustawy z dnia 20.06.1997r. Prawo o Ruchu Drogowym</xLexLink> (Dz.U. Nr 98 poz. 606 z późn. zm.) w ten sposób, że znajdują się w stanie nietrzeźwości I badanie 1,61 mg/l, II badanie 1,62 mg/l zawartości alkoholu w wydychanym powietrzu, prowadził samochód marki <xAnon>V.</xAnon> o <xAnon>nr rej. (...)</xAnon>, a czyn ten popełnił będąc w okresie obowiązywania zakazu prowadzenia wszelkich pojazdów mechanicznych w ruchu lądowym orzeczonym wobec niego wyrokiem Sądu Rejonowego w Tomaszowie Mazowieckim – sygn. II K 264/10 obowiązującego od 25-09-2010r. do 25-09-2016r., przy czym oskarżony w czasie jego popełnienia miał w stopniu znacznym ograniczoną zdolność rozpoznania jego znaczenia oraz pokierowania swoim postępowaniem, czym wyczerpał dyspozycję przestępstwa z <xLexLink xArt="art. 178 a;art. 178 a § 1" xIsapId="WDU19970880553" xTitle="Ustawa z dnia 6 czerwca 1997 r. - Kodeks karny" xAddress="Dz. U. z 1997 r. Nr 88, poz. 553">art. 178a § 1 k.k.</xLexLink> w zw. z <xLexLink xArt="art. 178 a;art. 178 a § 4" xIsapId="WDU19970880553" xTitle="Ustawa z dnia 6 czerwca 1997 r. - Kodeks karny" xAddress="Dz. U. z 1997 r. Nr 88, poz. 553">art. 178a § 4 k.k.</xLexLink> w zb. z <xLexLink xArt="art. 244" xIsapId="WDU19970880553" xTitle="Ustawa z dnia 6 czerwca 1997 r. - Kodeks karny" xAddress="Dz. U. z 1997 r. Nr 88, poz. 553">art. 244 k.k.</xLexLink> w zw. z <xLexLink xArt="art. 11;art. 11 § 2" xIsapId="WDU19970880553" xTitle="Ustawa z dnia 6 czerwca 1997 r. - Kodeks karny" xAddress="Dz. U. z 1997 r. Nr 88, poz. 553">art. 11 § 2 k.k.</xLexLink> w zw. z <xLexLink xArt="art. 31;art. 31 § 2" xIsapId="WDU19970880553" xTitle="Ustawa z dnia 6 czerwca 1997 r. - Kodeks karny" xAddress="Dz. U. z 1997 r. Nr 88, poz. 553">art. 31 § 2 k.k.</xLexLink></xText>
          <xText>Występku z <xLexLink xArt="art. 178 a;art. 178 a § 1" xIsapId="WDU19970880553" xTitle="Ustawa z dnia 6 czerwca 1997 r. - Kodeks karny" xAddress="Dz. U. z 1997 r. Nr 88, poz. 553">art. 178a § 1 k.k.</xLexLink> dopuszcza się ten kto prowadzi pojazd mechaniczny w ruchu lądowym, wodnym lub powietrznym znajdując się w stanie nietrzeźwości. Przez prowadzenie pojazdu należy rozumieć wprawianie go w ruch, kierowanie nim, nadawanie prędkości i hamowanie w sposób zgodny z konstrukcją pojazdu. Przestępstwo z <xLexLink xArt="art. 178 a;art. 178 a § 1" xIsapId="WDU19970880553" xTitle="Ustawa z dnia 6 czerwca 1997 r. - Kodeks karny" xAddress="Dz. U. z 1997 r. Nr 88, poz. 553">art. 178a § 1 k.k.</xLexLink> może być popełnione wszędzie tam gdzie odbywa się ruch pojazdów (drogi publiczne, osiedlowe, tereny budowlane itp.) „Dla przestępstwa określonego w <xLexLink xArt="art. 178 a;art. 178 a § 1" xIsapId="WDU19970880553" xTitle="Ustawa z dnia 6 czerwca 1997 r. - Kodeks karny" xAddress="Dz. U. z 1997 r. Nr 88, poz. 553">art. 178 a § 1 k.k.</xLexLink> nie jest znamienne prowadzenie pojazdu mechanicznego po drodze publicznej. Wystarczające jest prowadzenie go w stanie nietrzeźwości lub pod wpływem środka odurzającego w jakiejkolwiek strefie ruchu, to jest w ruchu lądowym, wodnym lub powietrznym. Ograniczenie miejsca przestępstwa do drogi publicznej (lub strefy zamieszkania) zastosowano w <xLexLink xArt="art. 178 a § 2" xIsapId="WDU19970880553" xTitle="Ustawa z dnia 6 czerwca 1997 r. - Kodeks karny" xAddress="Dz. U. z 1997 r. Nr 88, poz. 553">§ 2</xLexLink> tego artykuły” (por. wyrok SA w Krakowie z 7 VII 2004r., II Aka 131/04, KZS 2004r., z. 9, poz.35).</xText>
          <xText>Przez pojazdy mechaniczne rozumie się pojazdy zaopatrzone w poruszający je silnik (pojazdy samochodowe, maszyny rolnicze, motocykle, motorowery). „Pojazdem mechanicznym w ruchu lądowym jest każdy pojazd drogowy lub szynowy napędzany umieszczonym na nim silnikiem, jak również maszyna samobieżna i motorower” (por. wyrok SN z 4 II 1993r., III KRN 254/92, OSP 1993r., z.10, poz. 198).</xText>
          <xText>W myśl <xLexLink xArt="art. 115;art. 115 § 16" xIsapId="WDU19970880553" xTitle="Ustawa z dnia 6 czerwca 1997 r. - Kodeks karny" xAddress="Dz. U. z 1997 r. Nr 88, poz. 553">art. 115 § 16 k.k.</xLexLink> stan nietrzeźwości zachodzi gdy zawartość alkoholu we krwi przekracza 0,5 promila albo prowadzi do stężenia przekraczającego tę wartość lub zawartość alkoholu w 1 dm3 wydychanego powietrza przekracza 0,25 mg albo prowadzi do stężenia przekraczającego tę wartość.</xText>
          <xText>Występku z <xLexLink xArt="art. 244" xIsapId="WDU19970880553" xTitle="Ustawa z dnia 6 czerwca 1997 r. - Kodeks karny" xAddress="Dz. U. z 1997 r. Nr 88, poz. 553">art. 244 k.k.</xLexLink> dopuszcza się ten kto nie stosuje się m.in. do orzeczonego przez sąd zakazu prowadzenia pojazdów. Przestępstwo to polega na nieprzestrzeganiu przez skazanego orzeczonego zakazu m.in. prowadzenia pojazdów z <xLexLink xArt="art. 39;art. 39 pkt. 3" xIsapId="WDU19970880553" xTitle="Ustawa z dnia 6 czerwca 1997 r. - Kodeks karny" xAddress="Dz. U. z 1997 r. Nr 88, poz. 553">art. 39 pkt 3 k.k.</xLexLink> i <xLexLink xArt="art. 42;art. 42 § 1;art. 42 § 2" xIsapId="WDU19970880553" xTitle="Ustawa z dnia 6 czerwca 1997 r. - Kodeks karny" xAddress="Dz. U. z 1997 r. Nr 88, poz. 553">art. 42 § 1 i 2 k.k.</xLexLink> Występek określony w <xLexLink xArt="art. 244" xIsapId="WDU19970880553" xTitle="Ustawa z dnia 6 czerwca 1997 r. - Kodeks karny" xAddress="Dz. U. z 1997 r. Nr 88, poz. 553">art. 244 k.k.</xLexLink> jest występkiem umyślnym, który może być popełniony z zamiarem bezpośrednim jak i ewentualnym.</xText>
          <xText>Zgodnie z ugruntowanym poglądem orzecznictwa „prowadzenie w stanie nietrzeźwości pojazdu mechanicznego w ruchu lądowym, wodnym lub powietrznym, wbrew wcześniej orzeczonemu zakazowi prowadzenia takiego pojazdu, stanowi jeden czyn, wypełniający znamiona przestępstwa określonego w <xLexLink xArt="art. 178 a;art. 178 a § 1" xIsapId="WDU19970880553" xTitle="Ustawa z dnia 6 czerwca 1997 r. - Kodeks karny" xAddress="Dz. U. z 1997 r. Nr 88, poz. 553">art. 178a § 1 k.k.</xLexLink> i <xLexLink xArt="art. 244" xIsapId="WDU19970880553" xTitle="Ustawa z dnia 6 czerwca 1997 r. - Kodeks karny" xAddress="Dz. U. z 1997 r. Nr 88, poz. 553">art. 244 k.k.</xLexLink>” (por. postan.. SN z 28.VIII 2004r., I KZP 11/04, OSNKW 2004, z . 7-8, poz. 84). Powyższe zachowanie charakteryzuje się nie tylko jednością aktywności podjętej przez sprawcę (prowadzenie pojazdu), ale także wynikającą z niej jednością miejsca i czasu. Sprawca nie może bowiem, jednocześnie prowadząc samochód i będąc w stanie nietrzeźwości, nie naruszać orzeczonego wobec niego zakazu prowadzenia pojazdów, i odwrotnie – nie może będąc w stanie nietrzeźwości, prowadzić pojazdu wbrew zakazowi.</xText>
          <xText>Prowadzenie przez oskarżonego samochodu osobowego marki <xAnon>V.</xAnon> w dniu 23 lutego 2012 roku w <xAnon>W.</xAnon> na <xAnon>ul. (...)</xAnon> - a więc w ruchu lądowym w stanie nietrzeźwości I próba 1,64 mg/l, II próba 1,63 mg/l, III próba 1,66 mg/l alkoholu w wydychanym powietrzu wypełniło tym samym dyspozycje <xLexLink xArt="art. 178 a;art. 178 a § 1" xIsapId="WDU19970880553" xTitle="Ustawa z dnia 6 czerwca 1997 r. - Kodeks karny" xAddress="Dz. U. z 1997 r. Nr 88, poz. 553">art. 178 a § 1 k.k.</xLexLink> Podobną konstatację należy odnieść do zachowania oskarżonego w dniu 29 lipca 2012r. na <xAnon>ul. (...)</xAnon> w <xAnon>W.</xAnon> (I badanie 1,61 mg/l, II badanie 1,62 mg/l zawartości alkoholu w wydychanym powietrzu).</xText>
          <xText>Jak wskazano powyżej <xLexLink xArt="art. 178 a;art. 178 a § 1" xIsapId="WDU19970880553" xTitle="Ustawa z dnia 6 czerwca 1997 r. - Kodeks karny" xAddress="Dz. U. z 1997 r. Nr 88, poz. 553">art.178 a § 1 k.k.</xLexLink> mówi jasno „o poruszaniu się w ruchu lądowym” i takiego właśnie zachowania każdorazowo dopuścił się oskarżony, kierując pojazdem mechanicznym w postaci samochodu osobowego po ulicy, a więc po drodze publicznej. Dla oskarżonego musiało być oczywistym, że orzeczony względem niego zakaz prowadzenia pojazdów w stanie nietrzeźwości odnosi się do takich właśnie sytuacji.</xText>
          <xText>Jednocześnie oskarżony prowadząc samochód osobowy nie zastosował się do orzeczonego względem niego przez Sąd Rejonowy w Tomaszowie Mazowieckim – sygn. II K 264/10 zakazu prowadzenia wszelkich pojazdów mechanicznych w ruchu lądowym na okres 6 lat obowiązującego od 25-09-2010r. do 25-09-2016r (kopie wyroków – k. 10-12,36,84). Podkreślić należy, iż oskarżony miał świadomość co do uprawomocnienia się orzeczonego względem niego zakazu (czy też zakazów –vide: czyn pkt.I), albowiem nie kwestionował tego faktu. Ujawniony zespół okoliczności sprawy pozwolił tym samym Sądowi na ustalenie, iż oskarżony wypełnił znamiona strony podmiotowej występku z <xLexLink xArt="art. 244" xIsapId="WDU19970880553" xTitle="Ustawa z dnia 6 czerwca 1997 r. - Kodeks karny" xAddress="Dz. U. z 1997 r. Nr 88, poz. 553">art. 244 k.k.</xLexLink></xText>
          <xText>Zgodnie z treścią <xLexLink xArt="art. 11;art. 11 § 2" xIsapId="WDU19970880553" xTitle="Ustawa z dnia 6 czerwca 1997 r. - Kodeks karny" xAddress="Dz. U. z 1997 r. Nr 88, poz. 553">art. 11 § 2 k.k.</xLexLink> jeżeli czyn wyczerpuje znamiona określone w dwóch albo więcej przepisach ustawy karnej, Sąd skazuje za jedno przestępstwo na podstawie wszystkich zbiegających się przepisów, natomiast na podstawie <xLexLink xArt="art. 11 § 3" xIsapId="WDU19970880553" xTitle="Ustawa z dnia 6 czerwca 1997 r. - Kodeks karny" xAddress="Dz. U. z 1997 r. Nr 88, poz. 553">§ 3</xLexLink> wskazanego przepisu wymierza karę na podstawie przepisu przewidującego karę najsurowszą</xText>
          <xText>Przy wymiarze kary Sąd kierował się zasadami określonymi w <xLexLink xArt="rozdział 1" xIsapId="WDU19970880553" xTitle="Ustawa z dnia 6 czerwca 1997 r. - Kodeks karny" xAddress="Dz. U. z 1997 r. Nr 88, poz. 553">rozdziale I kodeksu karnego</xLexLink>, w szczególności w przepisach <xLexLink xArt="art. 53" xIsapId="WDU19970880553" xTitle="Ustawa z dnia 6 czerwca 1997 r. - Kodeks karny" xAddress="Dz. U. z 1997 r. Nr 88, poz. 553">art. 53 k.k.</xLexLink></xText>
          <xText>Sąd wnikliwie analizował zarówno elementy przedmiotowe, jak i podmiotowe czynu z troską, aby wymiar kary spełnił poczucie społecznej sprawiedliwości kary, był adekwatny do stopnia winy i osiągnął cele zapobiegawcze i wychowawcze. Oskarżony winien sobie zdawać sprawę z zagrożenia jakie na drogach stanowią kierowcy nietrzeźwi, a nadto jako kierowca względem którego już w przeszłości orzeczono środek karny w postaci zakazu prowadzenie pojazdów tym bardziej powinien powstrzymać się od jazdy na drodze publicznej w stanie nietrzeźwości. Nie czyniąc tego oskarżony wykazał wprost rażący brak poszanowania reguł kodeksu drogowego.</xText>
          <xText>Reasumując Sąd uznał, że karą adekwatną do wszelkich okoliczności, tak przedmiotowych jak i podmiotowych omawianych występków, stopnia zawinienia sprawcy, jego dotychczasowej wielokrotnej karalności za podobne rodzajowo lub też tożsame przestępstwa, jak również z uwagi na cele zapobiegawcze i wychowawcze, które ma kara osiągnąć będzie jedynie kara pozbawienia wolności podlegająca bezwzględnemu wykonaniu.</xText>
          <xText>Stopień winy oskarżonego Sąd uznał za znaczny. Występki których dopuścił się oskarżony, co wynika z samej ich istoty, są przestępstwami umyślnymi. Zważyć należy, iż oskarżony był już wcześniej karany, co znamienne również za czyny z <xLexLink xArt="art. 178 a;art. 178 a § 1" xIsapId="WDU19970880553" xTitle="Ustawa z dnia 6 czerwca 1997 r. - Kodeks karny" xAddress="Dz. U. z 1997 r. Nr 88, poz. 553">art. 178a § 1 k.k.</xLexLink> (k. 10-12,36,84) i stopień jej winy zwiększał fakt, że doskonale zdawał sobie sprawę, że popełnia po raz kolejny przestępstwa umyślne o wysokim stopniu społecznej szkodliwości. Zdaniem Sądu można oskarżonemu przypisać zwiększoną winę z uwagi na rodzaj i okoliczności poprzedniego przestępstwa oraz poprzedniego skazania. Oskarżony w najmniejszym nawet stopniu nie potraktował poprzednich wyroków skazujących jako stosownego ostrzeżenia.</xText>
          <xText>Przy wymiarze kary Sąd baczył, aby orzeczona kara była adekwatna do stopnia społecznej szkodliwości czynu. W ocenie Sądu stopień ten uznać należy za znaczny.</xText>
          <xText><xAnon>J. G. (1)</xAnon> naruszył bowiem po raz kolejny najbardziej elementarny i podstawowy obowiązek uczestnika ruchu drogowego jakim jest pozostawanie w stanie trzeźwości w czasie prowadzenia pojazdu. Jego postawa, kiedy to ignorując zagrożenie dla innych poruszał się w stanie nietrzeźwości samochodem wskazuje na lekceważący stosunek oskarżonego do przepisów prawa. Podkreślić należy, że stan nietrzeźwości oskarżonego wynikający z badania kształtował się każdorazowo na poziomie ponad sześciokrotnie! przekraczającym próg określony w <xLexLink xArt="art. 115;art. 115 § 16" xIsapId="WDU19970880553" xTitle="Ustawa z dnia 6 czerwca 1997 r. - Kodeks karny" xAddress="Dz. U. z 1997 r. Nr 88, poz. 553">art. 115 § 16 k.k.</xLexLink></xText>
          <xText>Jednocześnie oskarżony całkowicie zlekceważył orzeczony względem niego przez Sąd zakaz prowadzenia wszelkich pojazdów mechanicznych w ruchu lądowym kierując swoje działanie przeciwko dobru chronionemu prawem jaki jest wymiar sprawiedliwości w zakresie respektowania orzeczonych przez Sąd zakazów.</xText>
          <xText>Sąd stanął na stanowisku, że łączna kara 1 (jednego) roku i 6 (sześciu) miesięcy pozbawienia wolności pozostanie karą adekwatną w zakresie osiągnięcia celów prewencji indywidualnej jak i generalnej.</xText>
          <xText>Zgodnie z ustawowymi nakazami koniecznym w niniejszej sprawie było orzeczenie względem oskarżonego w oparciu o dyspozycję <xLexLink xArt="art. 42;art. 42 § 2" xIsapId="WDU19970880553" xTitle="Ustawa z dnia 6 czerwca 1997 r. - Kodeks karny" xAddress="Dz. U. z 1997 r. Nr 88, poz. 553">art. 42 § 2 k.k.</xLexLink> środka karnego w postaci zakazu prowadzenia pojazdów na okres lat 8 (ośmiu).</xText>
          <xText>Zważyć należy, iż istotą przedmiotowego środka karnego jest nie tylko ustawowy nakaz zawarty w treści <xLexLink xArt="art. 42;art. 42 § 2" xIsapId="WDU19970880553" xTitle="Ustawa z dnia 6 czerwca 1997 r. - Kodeks karny" xAddress="Dz. U. z 1997 r. Nr 88, poz. 553">art. 42 § 2 k.k.</xLexLink>, lecz również ocena odnosząca się do wskazania zawartego w <xLexLink xArt="§ 1;art. 42" xIsapId="WDU19970880553" xTitle="Ustawa z dnia 6 czerwca 1997 r. - Kodeks karny" xAddress="Dz. U. z 1997 r. Nr 88, poz. 553">§ 1 art. 42 k.k.</xLexLink> Przesłanką bowiem stosowania powyższego środka karnego jest zagrożenie jakie mogłoby w przyszłości spowodować prowadzenie pojazdu przez daną osobę.</xText>
          <xText>Ustalając czas trwania orzeczonego zakazu jak również jego zakres Sąd miał na uwadze zagrożenie jakie może stwarzać powrót sprawcy do ruchu, który to Sąd ustalił na podstawie okoliczności wskazujących na stosunek oskarżonego do zasad bezpieczeństwa w ruchu drogowym oraz jego stopień poczucia odpowiedzialności.</xText>
          <xText>Analiza całokształtu ujawnionych w sprawie okoliczności przemawiała zdecydowanie na niekorzyść oskarżonego i nie pozwalała na przyjęcie pozytywnej prognozy kryminologicznej względem niego w tym zakresie. Wobec oskarżonego już kilkukrotnie orzekano środek karny w postaci zakazu prowadzenia wszelkich pojazdów mechanicznych w ruchu lądowym, co jak wskazują poczynione ustalenia nie przyniosło względem niego żadnego z pokładanych celów.</xText>
          <xText>Zdaniem Sądu z tych względów w niniejszej sprawie środek ten należało ukształtować na poziomie 8 lat, albowiem oskarżony swoim postępowaniem zagraża wprost bezpieczeństwu innych uczestników ruchu drogowego, jego zachowanie wskazuje na rażącą nieodpowiedzialność i świadczy o tym, że jako uczestnik ruchu drogowego stanowić będzie poważne zagrożenie dla innych osób.</xText>
          <xText>Na podstawie <xLexLink xArt="art. 624;art. 624 § 1" xIsapId="WDU19970890555" xTitle="Ustawa z dnia 6 czerwca 1997 r. - Kodeks postępowania karnego" xAddress="Dz. U. z 1997 r. Nr 89, poz. 555">art. 624 §1 kpk</xLexLink> Sąd zwolnił oskarżonego od zapłaty kosztów sądowych, przejmując je w całości na rachunek Skarbu Państwa, uznając iż ich uiszczenie byłoby dla niego zbyt uciążliwe ze względu na rodzaj orzeczonej kary.</xText>
          <xText>Podnosząc powyższe Sąd Rejonowy orzekł jak w wyroku.</xText>
        </xUnit>
      </xBlock>
    </xPart>
  </judgement>
<judgement id="150500000001521_III_AUa_001958_2013_Uz_2014-05-27_001">
    <xPart xEditorFullName="Edyta Radziwońska" xYear="2013" xLang="PL" xPublisherFullName="Romualda Stroczkowska" xFromPg="1" xEditor="eradziwonska" xVolType="15/050000/0001521/AUa" xPublisher="rstroczkowska" xDocType="Uz" xVolNmbr="001958" xVersion="1.0" xToPage="15" xFlag="published">
      <xName>Wyrok+Uzasadnienie</xName>
      <xBlock>
        <xText>Sygn.akt III AUa 1958/13</xText>
        <xUnit xIsTitle="true" xBold="true" xType="part">
          <xName>WYROK</xName>
          <xTitle>W IMIENIU RZECZYPOSPOLITEJ POLSKIEJ</xTitle>
          <xText xALIGNx="right">Dnia 27 maja 2014r.</xText>
          <xText>Sąd Apelacyjny w Białymstoku, III Wydział Pracy i Ubezpieczeń Społecznych</xText>
          <xText>w składzie:</xText>
          <xText>
            <xBx> Przewodniczący: SSA Piotr Prusinowski (spr.)</xBx>
          </xText>
          <xText>
            <xBx> Sędziowie: SA Maryla Pannert</xBx>
          </xText>
          <xText>
            <xBx>SA Marek Szymanowski</xBx>
          </xText>
          <xText>
            <xBx>  Protokolant:  Agnieszka Charkiewicz</xBx>
          </xText>
          <xText>po rozpoznaniu na rozprawie w dniu 27 maja 2014 r. w <xAnon>B.</xAnon></xText>
          <xText>
            <xBx>sprawy z odwołania <xAnon>K. D.</xAnon></xBx>
          </xText>
          <xText>przeciwko Zakładowi Ubezpieczeń Społecznych Oddział w <xAnon>B.</xAnon></xText>
          <xText>o emeryturę</xText>
          <xText>
            <xBx>na skutek apelacji wnioskodawcy <xAnon>K. D.</xAnon></xBx>
          </xText>
          <xText>od wyroku Sądu Okręgowego w Białymstoku V Wydziału Pracy i Ubezpieczeń Społecznych z dnia 25 czerwca 2013 r. sygn. akt V U 65/12</xText>
          <xText>
            <xBx>
              <xIx>uchyla zaskarżony wyrok i sprawę przekazuje do ponownego rozpoznania Sądowi Okręgowemu w Białymstoku, pozostawiając temu Sądowi rozstrzygnięcie o kosztach procesu. </xIx>
            </xBx>
          </xText>
          <xText>Sygn. akt III AUa 1958/13</xText>
        </xUnit>
        <xUnit xIsTitle="true" xBold="true" xType="part">
          <xName>UZASADNIENIE</xName>
          <xText><xAnon>K. D.</xAnon> zaskarżył decyzję <xAnon> (...) Oddział</xAnon> w <xAnon>B.</xAnon> z dnia 22 grudnia 2011 roku o odmowie przyznania prawa do emerytury.</xText>
          <xText>ZUS wnosił o oddalenie odwołania, bowiem skarżący nie spełnił warunków określonych <xLexLink xArt="art. 184" xIsapId="WDU19981621118" xTitle="Ustawa z dnia 17 grudnia 1998 r. o emeryturach i rentach z Funduszu Ubezpieczeń Społecznych" xAddress="Dz. U. z 1998 r. Nr 162, poz. 1118">art. 184 ustawy z dnia 17 grudnia 1998 roku o emeryturach i rentach z Funduszu Ubezpieczeń społecznych</xLexLink> oraz <xLexLink xArt="§ 4" xIsapId="WDU19830080043" xTitle="Rozporządzenie Rady Ministrów z dnia 7 lutego 1983 r. w sprawie wieku emerytalnego oraz wzrostu emerytur i rent inwalidzkich dla pracowników zatrudnionych w szczególnych warunkach lub w szczególnym charakterze" xAddress="Dz. U. z 1983 r. Nr 8, poz. 43">§ 4 rozporządzenia Rady Ministrów z dnia 07 lutego 1983 roku w sprawie wieku emerytalnego pracowników zatrudnionych w szczególnych warunkach lub w szczególnym charakterze</xLexLink>. Odwołujący się nie udowodnił na dzień 01 stycznia 1999 roku żadnego okresu pracy w szczególnych warunkach. ZUS nie uwzględnił jako takiego zatrudnienia okresu pracy w <xAnon> Cementowni (...) SA</xAnon> w <xAnon>K.</xAnon> od 02 listopada 1977 roku do 31 maja 1993 roku oraz od 01 stycznia 1994 roku do 31 grudnia 1998 roku. Z nadesłanych zakresów obowiązków wnioskodawcy na stanowiskach: Kierownika <xAnon>D.</xAnon><xAnon> (...)</xAnon>, Zastępcy Kierownika <xAnon> (...)</xAnon> do spraw <xAnon>(...)</xAnon><xAnon> (...)</xAnon><xAnon>B.</xAnon> wynikało, że wykonywane obowiązki wykraczały poza prace wymienione w wykazie A dział XIV poz. 24.</xText>
          <xText><xBx> Sąd Apelacyjny w Białymstoku wyrokiem z dnia 25 czerwca 2013 r. oddalił odwołanie. </xBx>Sąd ten ustalił, że wnioskodawca przedłożył świadectwo wykonywania prac w szczególnych warunkach z dnia 19 grudnia 2011 roku wydane przez <xAnon> Grupę (...) S.A.</xAnon> w <xAnon>K.</xAnon> stwierdzające zatrudnienie w szczególnych warunkach na stanowiskach wymienionych w Wykazie A, Dział XIV poz. 24, tj. kontrola międzyoperacyjna, kontrola jakości produkcji i usług oraz dozór inżynieryjno-techniczny na wydziałach i oddziałach, w których jako podstawowe wykonywane są prace wymienione w wykazie. W świadectwie wskazano zatrudnienie w <xAnon> (...) S.A.</xAnon> w <xAnon>W.</xAnon><xAnon> (...)</xAnon><xAnon>B.</xAnon> od 02 listopada 1977 roku do 31 lipca 2002 roku na stanowiskach: Kierownika <xAnon>D.</xAnon><xAnon> (...)</xAnon> (02 listopad 1977r. – 30 czerwca 1979r.), Zastępcy Kierownika <xAnon> (...)</xAnon> do spraw Warsztatu (01 lipca 1979r. – 31 lipca 1989r.), Zastępcy Kierownika <xAnon> (...)</xAnon><xAnon>B.</xAnon> (01 sierpnia 1989r. – 31 maja 1993r.), Kierownika <xAnon> (...)</xAnon><xAnon>B.</xAnon> (01 stycznia 1994r. – 31 lipca 2002r.). ZUS zaliczył wnioskodawcy ogólny staż ubezpieczeniowy wynoszący 29 lat i 28 dni</xText>
          <xText>Sąd Okręgowy odnosząc się do danych zawartych w świadectwie pracy w szczególnych warunkach wskazał na przepis <xLexLink xArt="art. 184;art. 184 ust. 1;art. 184 ust. 2" xIsapId="WDU19981621118" xTitle="Ustawa z dnia 17 grudnia 1998 r. o emeryturach i rentach z Funduszu Ubezpieczeń Społecznych" xAddress="Dz. U. z 1998 r. Nr 162, poz. 1118">art. 184 ust. 1 i 2 ustawy z dnia 17 grudnia 1998 roku o emeryturach i rentach z Funduszu Ubezpieczeń Społecznych</xLexLink> oraz <xLexLink xArt="§ 2;§ 4;§ 4 ust. 1" xIsapId="WDU19830080043" xTitle="Rozporządzenie Rady Ministrów z dnia 7 lutego 1983 r. w sprawie wieku emerytalnego oraz wzrostu emerytur i rent inwalidzkich dla pracowników zatrudnionych w szczególnych warunkach lub w szczególnym charakterze" xAddress="Dz. U. z 1983 r. Nr 8, poz. 43">§ 2 i § 4 ust. 1 rozporządzenia Rady Ministrów z dnia 07 lutego 1983 roku w sprawie wieku emerytalnego pracowników zatrudnionych w szczególnych warunkach lub w szczególnym charakterze</xLexLink>.</xText>
          <xText>W ocenie Sądu pierwszej instancji jedynie stanowisko Kierownika <xAnon>D.</xAnon><xAnon> (...)</xAnon> oraz Kierownika <xAnon> (...)</xAnon> do spraw Warsztatu może zostać zaliczone do stanowisk wykonywanych w szczególnych warunkach, bowiem w tym okresie nadzorował bezpośrednio pracowników, którzy wykonywali prace wykonywane w szczególnych warunkach. Dotyczyło to pracowników obsługujących stację sprężarek (w okresie zatrudnienia wnioskodawcy na stanowisku Kierownika <xAnon>D.</xAnon><xAnon> (...)</xAnon>) - wykaz A, dział XIV, pkt. 9, spawaczy, szlifierzy pracujących przy użyciu pił tarczowych i tarcz ściernych, dział XIV pkt. 18, tokarzy wykonujących elementy na tokarkach, dział XIV pkt. 18 (w okresie zatrudnienia wnioskodawcy na stanowisku Zastępcy Kierownika <xAnon> (...)</xAnon> do spraw Warsztatu). Wykonywania powyższych obowiązków potwierdzili świadkowie: <xAnon>L. F.</xAnon>, <xAnon>W. P.</xAnon>. <xAnon>R. Z.</xAnon>.</xText>
          <xText>Odnośnie wykonywania pracy na stanowisku Zastępcy Kierownika i Kierownika <xAnon> (...)</xAnon> Sąd uznał, że nie można ich zaliczyć do prac w szczególnych warunków. Sąd pierwszej instancji wskazał, że według zakresu obowiązków skarżący wykonywał szereg obowiązków o charakterze administracyjnym zarządzającym całym zakładem, a zatem nie nadzorował bezpośrednio pracowników wykonujących zatrudnienie w szczególnych warunkach, ale zarządzał całym zakładem. Z zakresu obowiązków, uprawnień i odpowiedzialności, doręczonego i podpisanego przez <xAnon>K. D.</xAnon> na stanowisku Zastępcy Kierownika <xAnon> (...)</xAnon><xAnon>B.</xAnon> wynikało m.in., że posiadał on uprawnienia w zakresie wnioskowania w sprawach przyjęć, zwolnień, delegowania, awansów przesunięć, nagród, kar w stosunku do podległych pracowników, podpisywania pism i dokumentów wewnętrznych oraz parafowania pism dotyczących podległej komórki a wychodzących z przedsiębiorstwa, inicjowanie usprawnień organizacyjnych, obowiązki z tytułu nadzoru nad przestrzeganiem dyscypliny pracy przez wszystkich pracowników, nadzór nad właściwą konserwacją, eksploatacją wszystkich urządzeń, nadzór nad gospodarką paliwową i smarowniczą w <xAnon> (...)</xAnon>, nadzór nad terminowym i prawidłowym sporządzaniem sprawozdań i innych dokumentów obowiązujących w podległych komórkach, nadzór nad pracą magazynu technicznego i narzędziowni, w zakresie odpowiedzialności, odpowiedzialność służbowa za całokształt działania i funkcjonowania wszystkich komórek organizacyjnych w <xAnon> (...)</xAnon> pod nieobecność Kierownika <xAnon> (...)</xAnon>, odpowiedzialność za całokształt spraw związanych z bhp, za ład i porządek oraz przestrzeganie dyscypliny pracy przez zatrudnionych pracowników. W świetle pkt IV zakresu obowiązków określającego stan organizacyjny Zastępcy Kierownika <xAnon> (...)</xAnon> podlegają bezpośrednio: Kierownik Warsztatu <xAnon>(...)</xAnon>, Kierownik Sekcji <xAnon> (...)</xAnon>, Magazynier magazynu technicznego i narzędziowni oraz pośrednio: pracownicy warsztatu, operatorzy urządzeń rozładunku i załadunku materiałów luzem, elektrycy-operatorzy sprężarek, ślusarz remontowy-operator sprężarek, konserwator zbiorników oraz samodzielny inspektor do spraw zaopatrzenia – prowadzący samochód dostawczy. Zastępca Kierownika jest jednocześnie pod nieobecność Kierownika <xAnon> (...)</xAnon> pełniącym obowiązki Kierownika, Zastępca Kierownika podlegał bezpośrednio Kierownikowi <xAnon> (...)</xAnon>.</xText>
          <xText>Natomiast według zakresu obowiązków skarżącego na stanowisku Kierownika <xAnon> (...)</xAnon> w <xAnon>B.</xAnon> z dnia 22 lutego 1994 roku przyjętym przez niego do ścisłego przestrzegania oraz stanowiącego integralną część umowy o pracę m.in. reprezentował on interesy <xAnon> (...) S.A.</xAnon> w swoim rejonie działania, prowadził negocjacje warunków sprzedaży z klientami, zarządzał całokształtem działalności jednostki organizacyjnej, zajmował się całokształtem działań związanych z realizacją dostaw i sprzedażą towarów, dokumentowaniem działalności oraz rozliczeniem finansowym, nadzorem oraz kontrolą nad działalnością finansowo-księgową, załatwianiem spraw osobowych związanych ze stosunkiem pracy, w tym przyjmowanie, zwalnianie, awansowanie, nagradzanie i karanie podległych pracowników, odpowiedzialność za prawidłowe prowadzenie ewidencji finansowo – księgowej, rozliczeń i sprawy podatkowe, za windykacje należności i wynik finansowy jednostki, był uprawniony do podpisywania pism i dokumentów dotyczących jednostki organizacyjnej. Zgodnie z zakresem obowiązków z 26 kwietnia 1996 roku do zadań wnioskodawcy należało prowadzenie działalności marketingowej i handlowej, odpowiedzialność za prawidłowe prowadzenie rachunkowości, dyscyplinę finansową oraz stosowanie przepisów podatkowych, egzekwowanie należności łącznie z postępowaniem sądowym i egzekucyjnym. Skarżący posiadał uprawnienia do reprezentowania interesów <xAnon> (...) S.A.</xAnon> w ramach pełnomocnictwa szczególnego. Pełnomocnictwo udzielone skarżącemu przez <xAnon> Zarząd (...) S.A.</xAnon> 21 grudnia 1993 roku upoważniało do zawierania umów o pracę, zawieranie umów sprzedaży, podpisywania dokumentów bankowych i dysponowania rachunkiem pomocniczym oraz prowadzenia rozliczeń pieniężnych.</xText>
          <xText>Wykonywanie przez wnioskodawcę czynności o charakterze administracyjnym i organizacyjnym podczas zatrudnienia na stanowisku Zastępcy Kierownika i Kierownika <xAnon> (...)</xAnon> potwierdzili świadkowie <xAnon>W. S.</xAnon> i <xAnon>Z. B.</xAnon>, pełniący obowiązki Zastępcy Kierownika i Kierownika przed objęciem funkcji przez wnioskodawcę. <xAnon>W. S.</xAnon> podała ponadto, że byli zatrudnieni mistrzowie nadzorujący pracę przesypników i w warsztacie. Według zeznań świadka <xAnon>Z. B.</xAnon><xAnon>K. D.</xAnon>, będąc Zastępcą Kierownika <xAnon> (...)</xAnon> zajmował się ogólnym nadzorem nad prawidłowym funkcjonowaniem rozładunku i załadunku cementu i w tym nadzorem nad stanem technicznym zbiorników cementu oraz całą instalacją technologiczną. Kierownik <xAnon> (...)</xAnon> kierował całym zakładem, nadzorował wszystkich pracowników, w tym administracyjnych, posiadał pełnomocnictwo do dysponowania rachunkiem.</xText>
          <xText>Sąd nie dał wiary zeznaniom świadków <xAnon>T. K.</xAnon> i <xAnon>A. P.</xAnon> w kwestii sprawowania przez wnioskodawcę bezpośredniego nadzoru robotników fizycznych w okresie pełnienia przez niego funkcji Zastępcy Kierownika <xAnon> (...)</xAnon> oraz Kierownika <xAnon> (...)</xAnon>. Z zeznań świadka <xAnon>K.</xAnon> zatrudnionego na stanowisku maszynisty, wynikało, że jego bezpośrednim przełożonym był Kierownik bocznicy kolejowej i to on nadzorował pracę świadka. Świadek <xAnon>P.</xAnon> zatrudniony jako konserwator zbiorników cementu, pracujący przy rozładunku i załadunku, podał, że praca odbywała się na 3 zmiany w związku z czym byli zatrudnieni mistrzowie. Jak nie było kierownika to mistrz był odpowiedzialny za powyższe prace. Również nie sposób dać wiary zeznaniom świadków: <xAnon>Z. M.</xAnon>, <xAnon>L. I.</xAnon> oraz <xAnon>B. W.</xAnon>, zatrudnionych na stanowiskach zastępcy kierownika i kierownika Stacji <xAnon>P.</xAnon> Cementu i Wapna w innych miejscowościach. Z zeznań tych świadków wynikało, bowiem m.in., że odpowiadali oni za cały zakład i zajmowali się nadzorem nad całością działalności związanej z dostawami cementu i innych materiałów. Według zeznań świadka <xAnon>I.</xAnon> zakład był podzielony na sekcje (sekcję zbytu, księgowości, techniczną, kadr i spraw socjalnych) ze stanowiskami kierowników sekcji. Kierownik Stacji nadzorował wszystkie te służby. Wszystkie stacje przesypowe działały w oparciu o takie same zasady organizacyjne. Praca Kierownika i Zastępcy Kierownika polegała na wykonywaniu takich samych obowiązków. Również według z zeznań świadków <xAnon>M.</xAnon> i <xAnon>W.</xAnon> wynikało, że zasady organizacyjne wszystkich stacji były jednakowe; Kierownik i Zastępca Kierownika wykonywali takie same obowiązki. Sąd zwrócił uwagę na schematy organizacyjne sporządzane przez <xAnon>Z. B.</xAnon> (z dnia 28.01.1993r. i z dnia 17.11.1992r.) oraz przez samego odwołującego się (z dnia 07.04.1995r., z dnia 14.08.1995r., z dnia 21.06.1996r., z dnia 18.03.1997r. i z dnia 08.08.1997r.), z których wynikało, że zarówno Zastępca Kierownika Stacji jak i Kierownik Stacji nie nadzorowali bezpośrednio szeregowych pracowników zatrudnionych w zakładzie, a podległość organizacyjna wynikająca ze schematów organizacyjnych była zgodna z zakresami obowiązków <xAnon>K. D.</xAnon> określającymi stan organizacyjny. Sąd pierwszej instancji uznał, że okoliczności te nie dają podstawę do zaliczenia pracy wnioskodawcy na stanowisku zastępcy kierownika i kierownika jako świadczonej w szczególnych warunkach. Podsumowując całokształt rozważań, Sąd stwierdził, że ewentualnie możliwy do zaliczenia okres nie jest wystarczający do przyznania uprawnień do emerytury. Zatem skarżący nie posiada co najmniej 15 lat pracy uprawniających do przyznania prawa do wcześniejszej emerytury i nie spełnia łącznie wszystkich ustawowych przesłanek określonych przepisami prawa.</xText>
          <xText>
            <xBx>Apelację wniósł <xAnon>K. D.</xAnon> .</xBx>
          </xText>
          <xText>Zaskarżył wyrok w całości. Zarzucił rozstrzygnięciu naruszenie przepisów postępowania, które miało wpływ na wynik sprawy, to jest <xLexLink xArt="art. 233;art. 233 § 1" xIsapId="WDU19640430296" xTitle="Ustawa z dnia 17 listopada 1964 r. - Kodeks postępowania cywilnego" xAddress="Dz. U. z 1964 r. Nr 43, poz. 296">art. 233 § 1 k.p.c.</xLexLink> i <xLexLink xArt="art. 227" xIsapId="WDU19640430296" xTitle="Ustawa z dnia 17 listopada 1964 r. - Kodeks postępowania cywilnego" xAddress="Dz. U. z 1964 r. Nr 43, poz. 296">art. 227 k.p.c.</xLexLink> przez:</xText>
          <xText>- brak wszechstronnego rozważenia materiału dowodowego i dokonanie jego oceny z pominięciem części materiału, wyrażającej się w:</xText>
          <xText>a) pominięciu dowodu z dokumentu w postaci świadectwa wykonywania pracy w szczególnych warunkach, z którego wynika, że ubezpieczony w spornym okresie wykonywał prace w szczególnych warunkach,</xText>
          <xText>b) pominięciu dowodu z wykazu stanowisk pracy wykonywanych w szczególnych warunkach sporządzonego przez pracodawcę, z którego wynika, że praca świadczona przez wnioskodawcę ma status uprawniający do otrzymania wcześniejszej emerytury,</xText>
          <xText>c) pominięciu dowodu z zeznań świadków, wypowiedzi wnioskodawcy i świadectwa pracy, znajdujących się w dołączonych do sprawy akt VI U 251/07 Sądu Okręgowego w Elblągu, prowadzonej z odwołania <xAnon>J. K.</xAnon>, który zajmował identyczne stanowisko co wnioskodawca,</xText>
          <xText>d) nie uwzględnieniu, że wszystkie stacje przesypowe w Polsce wchodzące w <xAnon> skład (...) S.A.</xAnon>, funkcjonowały w oparciu o takie same zasady, w szczególności taki sam był zakres obowiązków pracowników i takie same były faktycznie wykonywane czynności,</xText>
          <xText>e) całkowite pominięcie dowodu z zeznań odwołującego się w charakterze strony,</xText>
          <xText>f) pominięciu faktu odbywania przez wnioskodawcę służby wojskowej bezpośrednio po ukończeniu studiów, a w konsekwencji braku zaliczenia tego okresu do wymaganego okresu pracy w szczególnych warunkach.</xText>
          <xText>- wyprowadzenie z materiału dowodowego wniosków z niego niewynikających i w konsekwencji odmówienie skarżącemu prawa do emerytury, wyrażającego się w:</xText>
          <xText>a) nadaniu nadrzędnej roli i znaczenia zakresowi obowiązków, jakimi objęty był odwołujący się, podczas gdy z zeznań świadków wynika, że w rzeczywistości <xAnon>K. D.</xAnon> stale i w pełnym wymiarze czasu pracy sprawował bezpośredni nadzór w rozumieniu wykazu A, działu XIV, poz. 24,</xText>
          <xText>b) ustaleniu, że odwołujący się w okresie pracy na stanowisku zastępcy kierownika i kierownika <xAnon> (...)</xAnon> wykonywał szereg obowiązków o charakterze administracyjnym zarządzając całym zakładem, podczas gdy z zeznań świadków wynika, że jakiekolwiek drobne prace administracyjne wykonywane były przez wnioskodawcę po godzinach pracy lub w domu, natomiast cały dzień pracy włącznie z godzinami nadliczbowymi odwołujący się sprawował bezpośredni nadzór w rozumieniu wykazu A, działu XIV, poz. 24.</xText>
          <xText>Kierując się zgłoszonymi zarzutami apelujący domagał się zmiany zakażonego wyroku i uwzględnienie odwołania w całości.</xText>
          <xText>
            <xBx>Sąd Apelacyjny zważył:</xBx>
          </xText>
          <xText>Apelacja jest zasadna.</xText>
          <xText>Sąd Okręgowy w Białystoku w uzasadnieniu wyroku wskazał kilka tez. Oparł się na zakresach obowiązków wnioskodawcy i schemacie organizacyjnym pracodawcy. Wyprowadził z nich wniosek, że zarówno zastępca kierownika stacji jak i kierownik stacji nie nadzorowali bezpośrednio szeregowych pracowników zatrudnionych w zakładzie, a podległość organizacyjna wynikająca ze schematów organizacyjnych była zgodna z zakresami obowiązków <xAnon>K. D.</xAnon>. Teza ta stała się przyczyną odmowy wiary świadkom i wnioskodawcy przesłuchanym w sprawie. Sąd Okręgowy założył, że niewykonywanie bezpośredniego nadzoru nad pracownikami, a także realizacja czynności administracyjnych, uniemożliwia zaliczenia pracy jako wykonywanej w szczególnych warunkach.</xText>
          <xText>Przymierzając te założenia do treści przepisu art. 184 § 1 ustawy o emeryturach i rentach z FUS w związku z § 4 rozporządzenia z dnia 17 lutego 1983 r., który z kolei nawiązuje do załącznika A, działu XIV, poz. 24, widać dysharmonię. Pracą w szczególnych warunkach jest bowiem kontrola międzyoperacyjna, kontrola jakości produkcji i usług oraz dozór inżynieryjno-techniczny na oddziałach i wydziałach, w których jako podstawowe wykonywane są prace wymienione w wykazie. <xIx>Explicite </xIx>z treści tego przepisu nie wynika aby sprawowanie kontroli musiało być bezpośrednie. Problematyczne jest również założenie, że wykonywanie czynności administracyjnych dyskwalifikuje prawo wnioskodawcy do wcześniejszej emerytury. Dodatkowo z załącznika A, działu XIV, poz. 24 wynika, że kontrola i dozór powinien być sprawowany na oddziałach i wydziałach, na których podstawowe wykonywane są prace wymienione w wykazie. Sąd Okręgowy, mimo bogatego materiału dowodowego nie poczynił w tym zakresie żadnych ustaleń. Nie odniósł się również do kwestii świadczenia pracy w szczególnych warunkach stale i w pełnym wymiarze czasu pracy (§ 2 rozporządzenia RM z dnia 17 lutego 1983 r.).</xText>
          <xText>Wskazane braki mają istotne znaczenie, gdy weźmie się pod uwagę stanowisko wypracowane w orzecznictwie Sądu Najwyższego. Wynika z niego konieczność dokonywania zindywidualizowanej oceny. Dla zakwalifikowania pracy, jako wykonywanej w warunkach szczególnych (w oparciu o pkt 24 działu XIV załącznika do rozporządzenia Rady Ministrów z dnia 7 lutego 1983 r., w sprawie wieku emerytalnego pracowników zatrudnionych w szczególnych warunkach lub w szczególnym charakterze Dz. U. Nr 8, poz. 43 z późn zm.), nie jest przeszkodą, że w oddziałach czy wydziałach zakładu, wykonywane są także inne czynności. Przesądzające jest czy jako podstawowe wykonywane w nich były prace w szczególnych warunkach (wyrok SN z dnia 10 lutego 2012 r., II UK 125/11, OSNP 2013, nr 1-2, poz. 18). Pozwala to na stwierdzenie, że okres wykonywania tego typu pracy (nadzór i kontrola międzyoperacyjna) jest okresem pracy uzasadniającym prawo do świadczeń na zasadach przewidzianych w rozporządzeniu, niezależnie od tego ile czasu pracownik poświęca na bezpośredni dozór pracowników, a ile na inne czynności związane ze sprawowanym dozorem i stanowiące jego integralną część. Z czynności polegających na sprawowaniu dozoru nie można wyłączać czynności administracyjno-biurowych i traktować ich odrębnie. Podobnie brak podstaw do wyłączania z prac wykonywanych w warunkach szczególnych czynności dozoru nad pracami niewymienionymi w wykazie A. Warunkiem bowiem zakwalifikowania określonego w nim dozoru i kontroli jako pracy wykonywanej w warunkach szczególnych jest to, aby na oddziałach i wydziałach, na których czynności te są wykonywane, jako podstawowe były wykonywane prace wymienione w wykazie A (wyrok SN z dnia 2 października 2013 r., II UK 69/13, LEX nr 1386037).</xText>
          <xText>Wymaga dodatkowego uściślenia, że praca polegająca na dozorze lub kontroli powinna być wykonywana stale i w pełnym wymiarze czasu pracy (argument z § 2 ust 1 rozporządzenia Rady Ministrów z dnia 7 lutego 1983 r.). Motyw przyświecający ustawodawcy w stworzeniu takiego obostrzenia opiera się na założeniu, że praca wykonywana w szczególnych warunkach stale i w pełnym wymiarze czasu pracy obowiązującym na danym stanowisku pracy przyczynia się do szybszego obniżenia wydolności organizmu, stąd też osoba wykonująca taką pracę ma prawo do emerytury wcześniej niż inni ubezpieczeni (wyrok SN z dnia 5 maja 2009 r., I UK 4/09, LEX nr 509022). W orzecznictwie wskazano, że uznanie dozoru lub kontroli za prace w szczególnych warunkach podyktowane jest ich wykonywaniem w warunkach bezpośredniego narażenia na szkodliwe dla zdrowia czynniki. Oznacza to, że praca wymieniona w Dziale XIV poz. 24 musi polegać na nadzorze i kontroli procesu pracy na stanowiskach pracy wykonywanej w szczególnych warunkach (wyrok SN z dnia 8 stycznia 2014 r., II UK 229/13, LEX nr 1418807, wyrok SN z dnia 6 grudnia 2007 r., III UK 62/07, LEX nr 375653, wyrok SN z dnia 14 stycznia 2014 r., II UK 209/13, LEX nr 1421811). Sąd pierwszej instancji tego aspektu wcale nie wziął pod uwagę. Ma on jednak znaczenie, jeżeli uwzględni się profil przedsiębiorstwa, w którym pracował wnioskodawca.</xText>
          <xText>W tym kontekście podkreśla się, że zatrudnienie na stanowisku kierowniczym, które nie ograniczało się do sprawowania stale i w pełnym wymiarze czasu pracy dozoru nad pracownikami świadczącymi pracę w szczególnych warunkach, ale polegało na wykonywaniu także innych, licznych czynności kierowniczych, nie stanowi wykonywania pracy w szczególnych warunkach dla potrzeb nabycia prawa do emerytury w niższym wieku emerytalnym (wyrok SN z dnia 5 czerwca 2007 r., I UK 376/06, OSNP 2008, nr 13-14, poz. 203, wyrok SN z dnia 6 grudnia 2007 r., III UK 66/07, LEX nr 483283). Nie znaczy to jednak, że pracownik nadzoru (dozoru) nie może wykonywać innych czynności w warunkach nienarażających go bezpośrednio na szkodliwe dla zdrowia czynniki. W szczególności chodzi tu o czynności ściśle związane ze sprawowanym dozorem inżynieryjno-technicznym i stanowiące jego immanentną cechę, jak sporządzanie dokumentacji dotyczącej dozoru i będącej jego integralną częścią (wyrok SN z dnia 11 marca 2009 r., II UK 243/08 LEX nr 550990, wyrok SN z dnia 30 stycznia 2007 r., I UK 195/07, LEX nr 375610) lub inne krótkotrwałe wyłączenia od narażenia na działanie takich czynników, spowodowane np. udziałem w koniecznym szkoleniu (wyrok SN z dnia 22 stycznia 2008, I UK 210/07, OSNP 2009, nr 5-6,). Czynności te, jak podkreślił Sąd Najwyższy, należy jednak oddzielić od czynności, które nie pozostają w związku z tym dozorem i stanowią dodatkowe obowiązki pracownicze (wyrok SN z dnia 6 czerwca 2006 r., I UK 376/06, OSNP 2008 nr 13-14, poz. 203). Kontekst ten, zważywszy na wydźwięk wynikający z materiału dowodowego, szczególnie zeznań świadków, może mieć kluczowe znaczenie dla oceny roszczenia wnioskodawcy. Sąd pierwszej instancji nie dostrzegł tej zależności. Nie dokonał również w tym zakresie żadnych ustaleń, co uniemożliwiło prawidłowe zastosowanie prawa materialnego.</xText>
          <xText>Uwzględniając powyższe, staje się jasne, że osoba sprawująca dozór inżynieryjno – techniczny nie musi stale przebywać na stanowiskach, na których praca wykonywana jest w szczególnych warunkach. Do jej obowiązków może należeć sporządzanie dokumentacji, planów organizacyjnych i inne czynności. Oceniając ten zarzut wypada przyznać, że wyznaczenie wektora zależności między sprawowanym dozorem a czasem przeznaczonym na wykonywanie innych czynności, które nie zostały zakwalifikowane jako prace w szczególnych warunkach, jest w fałszywe. Przy kwalifikowaniu pracy zgodnie z pkt 24 działu XIV wykazu A stanowiącego załącznik do rozporządzenia z dnia 7 lutego 1983 r. nie ma znaczenia ile czasu zajmuje osobie dozorującej wykonywanie prac organizacyjnych i towarzyszących (sporządzenie dokumentacji, nanoszenie na niej zmian, czy też wykonywanie innych czynności nie związanych bezpośrednio z dozorem). Nie można przez ten pryzmat dokonywać oceny czy praca była wykonywana stale i w pełnym wymiarze czasu pracy (§ 2 rozporządzenia RM z dnia 17 lutego 1983 r.). Ważne jest jedynie to, czy istnieje relacja funkcjonalna miedzy obowiązkami pracownika a koniecznością sprawowania bieżącego dozoru nad pracownikami. Kontekst ten identyfikuje, czy praca była wykonywana stale i w pełnym wymiarze czasu pracy w szczególnych warunkach. Wątek ten nie wystąpił jednak w rozważaniach Sądu pierwszej instancji.</xText>
          <xText>Dodatkowo istotnym brakiem uzasadnienia wyroku Sądu pierwszej instancji jest pominięcie ustaleń i rozważań prawnych co do normatywnego zwrotu „w których jako podstawowe wykonywane są prace wymienione w wykazie”. Dopuszczanie pracowników wymienionych w wykazie A, dział XIV, poz. 24 do wcześniejszej emerytury jest wypadkową relacji zachodzącej między środowiskiem pracy (dlatego prace wymienione w wykazie mają mieć charakter podstawowy) a rolą przypisana pracownikowi (która powinna konweniować funkcjonalnie z profilem oddziału, na którym jako podstawowe wykonywane są prace wymienione w załączniku do rozporządzenia).</xText>
          <xText>Znaczy to tyle, że praca zatrudnionych przy dozorze może być uznana jako wykonywana w szczególnych warunkach jedynie wówczas, gdy między profilem oddziału (wydziału) a pracami wskazanymi w rozporządzeniu istnieje relacja o kwalifikowanym charakterze. Nie wystarczy wykazać, że niektórzy pracownicy wchodzący w skład zespołu wykonywali prace w szczególnych warunkach, ważne jest, czy dla osiągnięcia celu postawionego oddziałowi (wydziałowi) konieczne było wykonywanie prac wymienionych w rozporządzeniu. W tym ujęciu termin „podstawowe” koncentruje uwagę na nie na zbiorowości pracowników, ale na funkcji przypisanej wyodrębnionej strukturze pracodawcy. Przepis wyraźnie wskazuje, że zwrot „podstawowe” odnosi się do oddziałów i wydziałów. Oznacza to, że przy jego wykładni drugoplanowe znaczenie ma aspekt ilościowy. Nie jest aż tak ważne ilu pracowników określonych specjalności było zatrudnionych, ważne przede wszystkim jest to, czy <xIx>in gremio </xIx>wykonywane przez tych pracowników prace miały charakter „podstawowy” w rozumieniu rozporządzenia. Jest to zrozumiałe, jeżeli zważyć, że funkcją pkt 24 działu XIV wykazu A stanowiącego załącznik do rozporządzenia z dnia 7 lutego 1983 r. jest zapewnienie pracownikom sprawującym dozór w warunkach szkodliwych analogicznych praw do wcześniejszej emerytury. Nie ma wątpliwości, że osoba nadzorująca, mimo że nie wykonuje bezpośrednio pracy fizycznej, to jednak przebywając na oddziale (wydziale), na którym warunki pracy ujemnie wpływają na organizm człowieka, jest w podobny sposób narażona na negatywne skutki świadczonej pracy. Wizualizuje to sens posłużenia się przez ustawodawcę niedookreślonym zwrotem „podstawowe prace” (wyrok SN z dnia 4 listopada 2008 r., I UK 111/08, Lex nr 741095). Pozwala to również <xIx>de casu ad casum</xIx> na zakwalifikowanie pracy polegającej na sprawowaniu kontroli lub dozoru jako realizowanej w szczególnych warunkach.</xText>
          <xText>Odnosząc się sposobu argumentowania Sądu Okręgowego w Białymstoku, wypada zauważyć, że Sąd Najwyższy wielokrotnie podkreślał , że o uznaniu zatrudnienia za pracę w szczególnych warunkach w rozumieniu przepisów ustawy o emeryturach i rentach z FUS, nie decyduje wyłącznie treść dokumentów wystawianych przez pracodawcę, ale charakter czynności faktycznie wykonywanych przez pracownika (por. wyroki Sądu Najwyższego z dnia 25 marca 1998r., II UKN 570/97, OSNAPiUS 1999 nr 6, poz.213; z dnia 22 marca 2001 r., II UKN 263/00, OSNAPiUS 2002 nr 22, 553 ). Ponadto Sąd Najwyższy w wyrokach z dnia 28 kwietnia 2010 r., I UK 337/09 (LEX nr 601991) i z dnia 12 maja 2010 r., I UK30/10 ( LEX nr 590314) wyraził pogląd , iż o uznaniu stanowiska zatrudnienia jako pracy w szczególnych warunkach przesądza nie nazwa stanowiska, użyta przez pracodawcę w świadectwie pracy odpowiadająca lub nieodpowiadająca nomenklaturze zawartej w rozporządzeniu wykonawczym właściwego ministra , lecz pozytywna weryfikacja dokumentu pod kątem zgodności rzeczywiście wykonywanej przez pracownika pracy z ustawowymi wymaganiami. Konkluzję ta należy rozszerzyć na zakresy obowiązków pracownika i schematy organizacyjne, na które powołuje się Sąd Okręgowy. Oznacza to, że nazwa stanowiska wnioskodawcy oraz przypisany do niego zakres obowiązków nie ma decydującego znaczenia. Obrazują one hipotetyczne kompetencje pracownika, jednak nie można ich zawsze utożsamiać z faktycznym układem czynności realizowanym w praktyce. Dlatego powierzchowna jest teza, że treść wynikająca z tych dokumentów z założenia dyskredytuje zeznania świadków i wypowiedzi wnioskodawcy.</xText>
          <xText>Sumą wskazanych rozważań jest stwierdzenie, że ocena prawa do wcześniejszej emerytury pracownika, który zajmował się kontrolą procesu produkcji uzależniona jest od szczegółowych ustaleń faktycznych. Dopiero wówczas możliwe jest dokonanie subsumpcji normy prawnej umiejscowionej w wykazie A, dział XIV, poz. 24 załącznika do rozporządzenia RM z dnia 17 lutego 1983 r.</xText>
          <xText>Wytyczna ta nie została zrealizowana przez Sąd pierwszej instancji. Nie ustalono jakie konkretne czynności wykonywał wnioskodawca, w jakiej relacji pozostawały one względem procesu świadczenia pracy. Nie odtworzono również, jakie prace wykonywane były przez podległych ubezpieczonemu pracowników, a w konsekwencji, czy na oddziałach lub wydziałach kontrolowanych przez odwołującego się podstawowymi były prace wymienione w załączniku do rozporządzenia. Braków tych nie można usprawiedliwić, jeśli zważy się na bogaty materiał dowodowy zaoferowany przez wnioskodawcę.</xText>
          <xText>Konsekwencją takiego stanu rzeczy jest niemożliwość dokonania oceny poprawności zastosowania normy stanowiącej podstawę prawna rozstrzygnięcia. Nakłada się na to błędne odtworzenie tej normy, które nie odpowiada jej znaczeniu nadanemu w utrwalonym orzecznictwie.</xText>
          <xText>Dotychczasowe rozważania współgrają z zarzutami zgłoszonymi w apelacji. Rację ma skarżący, gdy zarzuca rozstrzygnięciu brak wszechstronnego rozważenia materiału dowodowego i dokonanie jego oceny z pominięciem części materiału (zeznań świadków i wnioskodawcy, a także innych dokumentów dołączonych do akt sprawy). Słuszne jest również spostrzeżenie, że odtworzenie stanu faktycznego wyłącznie na zakresach obowiązków i schematach organizacyjnych nie jest wystarczające. Nie znaczy to, że dokumenty te są fałszywe. Rzecz w tym, że nie oddają one pełnego obrazu rzeczywistości. Z natury rzeczy ilustrują go w sposób hasłowy, abstrahując od faktycznej proporcji występującej w czynnościach realizowanych przez ubezpieczonego. Analizując tok myślenia Sądu należałoby założyć, że całość zeznań świadków i wnioskodawcy jest niewiarygodna. Dojście do takiej konkluzji jest z założenia fałszywe. Nie ma wątpliwości, że przynajmniej po części ich zeznania wizualizują (mogą obrazować) na czym polegała praca wnioskodawcy i w jakiej relacji pozostawała względem czynności wykonywanych przez innych zatrudnionych. Z punktu widzenia przedmiotu sprawy ustalenia tego typu są nieodzowne, nie można bez nich przesądzić roszczenia wnioskodawcy.</xText>
          <xText>W apelacji <xIx>expressis verbis </xIx>nie zarzucono naruszenia przepisu <xLexLink xArt="art. 328;art. 328 § 2" xIsapId="WDU19640430296" xTitle="Ustawa z dnia 17 listopada 1964 r. - Kodeks postępowania cywilnego" xAddress="Dz. U. z 1964 r. Nr 43, poz. 296">art. 328 § 2 k.p.c.</xLexLink> (w wystąpieniu ustnym na rozprawie w dniu 27 maja 2014 r. uczynił to jednak pełnomocnik wnioskodawcy). Nie mniej z zarzutów i uzasadnienia środka zaskarżenia można wyinterpretować, że wnioskodawca wytyka Sądowi nieodpowiednią argumentację rozstrzygnięcia. O uchybieniu przepisowi <xLexLink xArt="art. 328;art. 328 § 2" xIsapId="WDU19640430296" xTitle="Ustawa z dnia 17 listopada 1964 r. - Kodeks postępowania cywilnego" xAddress="Dz. U. z 1964 r. Nr 43, poz. 296">art. 328 § 2 k.p.c.</xLexLink> można mówić wtedy, gdy uzasadnienie zaskarżonego orzeczenia nie zawierało danych pozwalających na kontrolę tego orzeczenia (postanowienie SN z dnia 21 listopada 2001 r., I CKN 185/01, LEX nr 52726, wyrok SN z dnia 18 marca 2003 r., IV CKN 1862/00, LEX nr 109420, wyrok SN z dnia 5 października 2005 r., I UK 49/05, MoPr Nr 4/2006, s. 214, wyrok SN z dnia 12 lipca 2012 r., II PK 301/11, OSNP 2013, nr 13-14, poz. 157). Podkreśla się również, że zarzut naruszenia przepisu <xLexLink xArt="art. 328;art. 328 § 2" xIsapId="WDU19640430296" xTitle="Ustawa z dnia 17 listopada 1964 r. - Kodeks postępowania cywilnego" xAddress="Dz. U. z 1964 r. Nr 43, poz. 296">art. 328 § 2 k.p.c.</xLexLink> może być usprawiedliwiony w sytuacji, w której treść uzasadnienia orzeczenia sądu całkowicie uniemożliwia dokonanie oceny toku wywodu, który doprowadził do wydania orzeczenia lub w przypadku zastosowania prawa materialnego do niedostatecznie jasno ustalonego stanu faktycznego (wyroku SN z dnia 2 marca 2011 r.,II PK 202/10, Lex nr 817516; wyrok SN z dnia 7 stycznia 2010 r., II UK 148/09, Lex nr 577847; wyrok SA w Poznaniu z dnia 27 października 2010 r. w sprawie I ACa 733/10, Lex nr 756715, wyrok SA w Łodzi z dnia 6 grudnia 2013 r., I ACa 764/1, LEX nr 1416125). Jeśli uzasadnienie nie zawiera wskazania podstawy faktycznej rozstrzygnięcia poprzez ustalenie faktów, które sąd uznał za udowodnione, dowodów, na których się oparł, i przyczyn, dla których innym dowodom odmówił wiarygodności i mocy dowodowej lub wyjaśnienia podstawy prawnej wyroku z przytoczeniem przepisów prawa, wówczas orzeczenie podlega uchyleniu, zaś sprawa zostaje przekazana do ponownego rozpoznania (wyrok SN z dnia 26 lipca 2007 r., V CSK 115/07, M.Praw. 2007, nr 17, s. 930). Należy przy tym zaznaczyć, że obowiązek wyjaśnienia podstawy prawnej wyroku nie polega na przytoczeniu przepisów prawa, lecz na wskazaniu, dlaczego sąd zastosował określony przepis, jaki jest jego zakres desygnatów i w jaki sposób wpłynął on na rozstrzygnięcie sprawy (zob. wyrok SN z dnia 28.6.2001 r., I PKN 498/00, OSNP Nr 9/2003, poz. 222 oraz wyrok SN z dnia 23.1.1998 r., I PKN 501/97, OSNP Nr 1/1999, poz. 15).</xText>
          <xText>Uzasadnienie wyroku Sądu Okręgowego w Białymstoku nie sprostało wskazanym wymaganiom. Dotyczy to zarówno sfery faktycznej, jak i prawnej. Transponując wskazane rozważania na grunt przedmiotowej sprawy jest jasne, że braki w ustaleniach faktycznych (wskazane powyżej) prowadzą do wniosku, że nie sposób zweryfikować, czy przepis art. 184 § 1 ustawy o emeryturach i rentach z FUS w związku z § 4 rozporządzenia z dnia 17 lutego 1983 r., który z kolei nawiązuje do załącznika A, działu XIV, poz. 24 ma zastosowanie. Trudności w tym zakresie piętrzą się, gdy weźmie się pod uwagę, że Sąd pierwszej instancji w wadliwy sposób zrekonstruował dyspozycję wskazanych norm prawnych. W takich okolicznościach podjęcie się przez Sąd drugiej instancji naprawienia niedostatków procedowania pierwszoinstancyjnego mogłoby prowadzić do skutecznego zarzutu naruszenia dwuinstancyjnego modelu orzekania. Sąd Apelacyjny jest wprawdzie sądem <xIx>meriti</xIx>, co akcentuje jego uprawnienia rozpoznawcze, jednak spełnia też funkcję kontrolną (wyrok SN z dnia 16 maja 2006 r., I PK 210/05, LEX nr 197171.). Relacja ta jest sprzężona z prawem strony do zapoznania się z argumentacją sądu i prawem zaskarżenia werdyktu, co umożliwia polemikę ze stanowiskiem sądu. Konkluzja ta sprawia, że Sąd drugiej instancji nie mógł inaczej orzec, niż zgodnie z przepisem <xLexLink xArt="art. 386;art. 386 § 4" xIsapId="WDU19640430296" xTitle="Ustawa z dnia 17 listopada 1964 r. - Kodeks postępowania cywilnego" xAddress="Dz. U. z 1964 r. Nr 43, poz. 296">art. 386 § 4 k.p.c.</xLexLink> uchylić zaskarżony wyrok.</xText>
          <xText>Przy ponownym rozpoznaniu sprawy Sąd pierwszej instancji dokonał szczegółowych, stanowczych i wiążących ustaleń faktycznych w zakresie czynności, które wykonywał w spornych okresach wnioskodawca, struktury organizacyjnej pracodawcy, rodzaju prac, które były wykonywane przez podległych wnioskodawcy pracowników. Nieodzowne będzie również ustalenie, czy środowisko lub warunki pracy były szkodliwe dla jego organizmu. Ustalenia te umożliwią przesądzenie, czy odwołujący się w rozumieniu wykazu A, dział XIV, poz. 24 wykonywał prace w szczególnych warunkach, czyli zajmował się stale i w pełnym wymiarze czasu pracy kontrolą międzyoperacyjną, kontrolą jakości produkcji i usług oraz dozorem inżynieryjno-techniczny na oddziałach i wydziałach, w których jako podstawowe wykonywane są prace wymienione w wykazie. Przy dokonywaniu subsumpcji prawnej niezbędne będzie uwzględnienie dorobku orzeczniczego (przedstawionego powyżej) w zakresie rozumienia przesłanek zawartych w omawianej normie. Wskazane zabiegi umożliwią wydanie wyroku odpowiadającego prawu.</xText>
          <xText>Z punktu widzenia postępowania dowodowego Sąd pierwszej instancji może oprzeć się na dotychczas zgromadzonym materiale dowodowym, chyba że strony zaoferują inne źródła poznawcze, a w szczególności złożą wniosek o ponowne przesłuchanie świadków i stron. W tym celu Sąd zakreśli im rozsądny termin umożliwiający przeszacowanie stanowiska procesowego.</xText>
          <xText>W celach porządkowych, mając na uwadze pozostałe zarzuty zgłoszone w apelacji, Sąd drugiej instancji stoi na stanowisku, że świadectwo pracy (świadectwo pracy w szczególnych warunkach) jako dowód z dokumentu prywatnego nie ma silniejszej mocy dowodowej, niż dowód z zeznań świadków lub z przesłuchania stron (wyrok SN z dnia 5 października 2011 r. II UK 43/11 LEX nr 1108484, postanowienie Sądu Najwyższego z dnia 4 marca 2005r., II UK 15/05, LEX nr 603168 oraz wyroki tego Sądu z dnia 3 października 2000 r., I CKN 804/98, LEX nr 50890; z dnia 30 czerwca 2004 r., IV CK 474/03, OSNC 2005 nr 6, poz. 113; z dnia 9 kwietnia 2009 r., I UK 316/08, LEX nr 707858; z dnia 6 stycznia 2009 r., II UK 117/08, OSNP 2010 nr 13-14, poz. 167; z dnia 27 lipca 2010 r., II CSK 119/10, LEX nr 603161). Sam fakt posiadania przez wnioskodawcę świadectwa pracy w warunkach szczególnych (czy też uwzględnienia jego stanowiska w zakładowym wykazie prac w szczególnych warunkach) nie oznacza jeszcze uznania, że praca w warunkach szczególnych była w rzeczywistości wykonywana (wyrok SA we Wrocławiu z dnia 16 sierpnia 2012 r., III AUa 732/12, LEX nr 1220400). Założenie to opiera się na twierdzeniu, że świadectwa wykonywania prac w szczególnych warunkach, nie są dokumentami urzędowymi, lecz dokumentami prywatnymi, wystawianymi przez pracodawcę, a zatem wyłącznie oświadczeniem wiedzy tego pracodawcy, które mogą być podważane w każdy sposób przed sądem w postępowaniu w sprawie z zakresu ubezpieczeń społecznych. Innymi słowy, Sąd nie jest w żaden sposób związany oceną charakteru zatrudnienia pracownika dokonaną przez pracodawcę w wystawionym pracownikowi świadectwie pracy, czy w świadectwie wykonywania pracy w szczególnych warunkach. Ma ono służyć jedynie celom dowodowym. Dokument ten podlega co do swojej wiarygodności i mocy dowodowej takiej samej ocenie, jak każdy inny dowód (wyrok SA w Krakowie z dnia 26 września 2012 r., III AUa 466/12, LEX nr 1223267). Transponując wskazaną materię na grunt prawa procesowego, wypada stwierdzić, że świadectwo wykonywania pracy w szczególnych warunkach nie jest dokumentem urzędowym w rozumieniu <xLexLink xArt="art. 244;art. 244 § 1;art. 244 § 2" xIsapId="WDU19640430296" xTitle="Ustawa z dnia 17 listopada 1964 r. - Kodeks postępowania cywilnego" xAddress="Dz. U. z 1964 r. Nr 43, poz. 296">art. 244 § 1 i 2 k.p.c.</xLexLink>, gdyż podmiot wydający to świadectwo nie jest organem państwowym ani organem wykonującym zadania z zakresu administracji państwowej. Tylko dokumenty wystawione przez te organy stanowią dowód tego, co zostało w nich urzędowo zaświadczone. Natomiast świadectwo traktuje się w postępowaniu sądowym jako dokument prywatny w rozumieniu <xLexLink xArt="art. 245" xIsapId="WDU19640430296" xTitle="Ustawa z dnia 17 listopada 1964 r. - Kodeks postępowania cywilnego" xAddress="Dz. U. z 1964 r. Nr 43, poz. 296">art. 245 k.p.c.</xLexLink>, który stanowi dowód tego, że osoba, która go podpisała, złożyła oświadczenie zawarte w dokumencie (wyrok SN z dnia 16 czerwca 2009 r., I UK 24/09, LEX nr 518067, wyrok SN z dnia 23 listopada 2005 r., I UK 15/04, OSNAP 2005 nr 11, poz. 161).</xText>
          <xText>Podobnie należy ocenić zarzut odnoszący się do analogicznego postepowania toczącego się przed Sądem Okręgowym w Elblągu (w drugiej instancji przed Sądem Apelacyjnym w Gdańsku). W polskim systemie prawnym sąd nie jest związany orzeczeniem innego sądu cywilnego. W rezultacie argumenty użyte przez wymienione Sądy dla przedmiotowego sporu mają wymiar wyłącznie poglądowy. Oznacza to również, że bez znaczenia jest argument głoszący, iż wszystkie stacje przesypowe w Polsce wchodzące w <xAnon> skład (...) S.A.</xAnon>, funkcjonowały w oparciu o takie same zasady, w szczególności taki sam był zakres obowiązków pracowników i takie same były faktycznie wykonywane czynności.</xText>
          <xText>Na zakończenie warto wspomnieć, że ubezpieczony podniósł w apelacji nowy argument. Dotyczy on pominięciu faktu odbywania przez wnioskodawcę służby wojskowej bezpośrednio po ukończeniu studiów. Rolą Sądu pierwszej instancji będzie odnieść się do niego.</xText>
        </xUnit>
      </xBlock>
    </xPart>
  </judgement>
<judgement id="155500000001521_III_AUa_000956_2013_Uz_2014-05-27_001">
    <xPart xEditorFullName="Magdalena Beker" xYear="2013" xLang="PL" xPublisherFullName="Magdalena Beker" xFromPg="1" xEditor="mbeker" xVolType="15/550000/0001521/AUa" xPublisher="mbeker" xDocType="Uz" xVolNmbr="000956" xVersion="1.0" xToPage="18" xFlag="published">
      <xName>Wyrok+Uzasadnienie</xName>
      <xBlock>
        <xText>Sygn. akt III AUa 956/13</xText>
        <xUnit xIsTitle="true" xType="part" xBold="true">
          <xName>WYROK</xName>
          <xTitle>W IMIENIU RZECZYPOSPOLITEJ POLSKIEJ</xTitle>
          <xText>Dnia 27 maja 2014 r.</xText>
          <xText>Sąd Apelacyjny w Szczecinie - Wydział III Pracy i Ubezpieczeń Społecznych</xText>
          <xText>w składzie:</xText>
          <xRows>
            <xCOLGROUPx>
              <xCOLx xWIDTHx="219"/>
              <xCOLx xWIDTHx="465"/>
            </xCOLGROUPx>
            <xRow>
              <xClmn xALIGNx="left" xVALIGNx="middle">
                <xText xALIGNx="right">Przewodniczący:</xText>
              </xClmn>
              <xClmn xALIGNx="left" xVALIGNx="middle">
                <xText>SSA Anna Polak</xText>
              </xClmn>
            </xRow>
            <xRow>
              <xClmn xALIGNx="left" xVALIGNx="top">
                <xText xALIGNx="right">Sędziowie:</xText>
              </xClmn>
              <xClmn xALIGNx="left" xVALIGNx="middle">
                <xText>SSA Urszula Iwanowska (spr.)</xText>
                <xText>SSO del. Beata Górska</xText>
              </xClmn>
            </xRow>
            <xRow>
              <xClmn xALIGNx="left" xVALIGNx="middle">
                <xText xALIGNx="right">Protokolant:</xText>
              </xClmn>
              <xClmn xALIGNx="left" xVALIGNx="middle">
                <xText>St. sekr. sąd. Katarzyna Kaźmierczak</xText>
              </xClmn>
            </xRow>
          </xRows>
          <xText>po rozpoznaniu w dniu 27 maja 2014 r. w Szczecinie</xText>
          <xText>sprawy <xAnon>A. S.</xAnon></xText>
          <xText>przeciwko Zakładowi Ubezpieczeń Społecznych Oddział w <xAnon>S.</xAnon></xText>
          <xText>skarga o wznowienie postępowania zakończonego prawomocnym wyrokiem w sprawie VIIU 2388/11, o wypłatę emerytury</xText>
          <xText>na skutek apelacji ubezpieczonej</xText>
          <xText>od wyroku Sądu Okręgowego w Szczecinie VII Wydział Pracy i Ubezpieczeń Społecznych</xText>
          <xText>z dnia 5 września 2013 r. sygn. akt VII U 274/13</xText>
          <xText xALIGNx="center">oddala apelację.</xText>
          <xText>SSO del. Beata Górska SSA Anna Polak SSA Urszula Iwanowska</xText>
          <xText>III A Ua 956/13</xText>
        </xUnit>
        <xUnit xIsTitle="true" xType="part" xBold="true">
          <xName>UZASADNIENIE</xName>
          <xText>W dniu 11 lutego 2013 r. <xAnon>A. S.</xAnon> wniosła skargę o wznowienie postępowania w sprawie prowadzonej przez Sąd Okręgowy VII Wydział Pracy i Ubezpieczeń Społecznych w Szczecinie pod sygn. akt VII U 2388/11, zakończonej prawomocnym wyrokiem z dnia 3 kwietnia 2012 r., oddalającym odwołanie ubezpieczonej. Skarżąca wniosła o uchylenie decyzji organu rentowego zawieszającej prawo do emerytury oraz o uchylenie wskazanego wyroku w całości, a nadto o zobowiązanie Zakładu Ubezpieczeń Społecznych Oddziału w <xAnon>S.</xAnon> do wypłacenia emerytury za okres od 1 października 2011 r. do 29 lutego 2012 r. wraz z należnymi odsetkami powołując się na wyrok Trybunału Konstytucyjnego z dnia 13 listopada 2012 r., opublikowany w dniu 22 listopada 2012 r., w którym orzeczono, że <xLexLink xArt="art. 103 a" xIsapId="WDU19981621118" xTitle="Ustawa z dnia 17 grudnia 1998 r. o emeryturach i rentach z Funduszu Ubezpieczeń Społecznych" xAddress="Dz. U. z 1998 r. Nr 162, poz. 1118">art. 103a ustawy z dnia 17 grudnia 1998 r. o emeryturach i rentach z Funduszu Ubezpieczeń Społecznych</xLexLink> (j. t. Dz. U. z 2009 r., nr 153, poz. 1227 ze zm.; powoływana dalej jako: ustawa emerytalna), stanowiący podstawę rozstrzygnięcia w sprawie VII U 2388/11, jest niezgodny z <xLexLink xArt="" xIsapId="WDU19970780483" xTitle="Konstytucja Rzeczypospolitej Polskiej z dnia 2 kwietnia 1997 r." xAddress="Dz. U. z 1997 r. Nr 78, poz. 483">Konstytucją</xLexLink>.</xText>
          <xText>Zakład Ubezpieczeń Społecznych Oddział w <xAnon>S.</xAnon> wniósł o oddalenie skargi o wznowienie postępowania z uwagi na fakt, że skarżąca nie należy do kręgu osób objętych wyrokiem Trybunału Konstytucyjnego z dnia 13 listopada 2012 r.</xText>
          <xText>Wyrokiem z dnia 5 września 2013 r. Sąd Okręgowy w Szczecinie VII Wydział Pracy i Ubezpieczeń Społecznych oddalił skargę o wznowienie postępowania.</xText>
          <xText xALIGNx="center">
            <xIx>Powyższe orzeczenie Sąd Okręgowy oparł o następujące ustalenia faktyczne i rozważania prawne:</xIx>
          </xText>
          <xText><xAnon>A. S.</xAnon><xAnon>urodziła się w dniu (...)</xAnon> W maju 2008 r. ubezpieczona złożyła w organie rentowym wniosek o przyznanie prawa do emerytury w wieku obniżonym.</xText>
          <xText>W okresie od 9 lipca 1979 r. do 29 lutego 2012 r. <xAnon>A. S.</xAnon> zatrudniona była nieprzerwanie w <xAnon> Przedsiębiorstwie (...) spółce z ograniczoną odpowiedzialnością</xAnon> z siedzibą w <xAnon>S.</xAnon>.</xText>
          <xText>Zakład Ubezpieczeń Społecznych Oddział w <xAnon>S.</xAnon> decyzją z dnia 20 maja 2008 r., po rozpatrzeniu wniosku <xAnon>A. S.</xAnon>, przyznał jej od dnia 1 maja 2008 r. prawo do emerytury w wieku obniżonym. Z uwagi jednak na kontynuowanie zatrudnienia wypłata tego świadczenia podlegała zawieszeniu.</xText>
          <xText><xAnon>A. S.</xAnon> do dnia 30 września 2011 r. nie rozwiązała stosunku pracy z pracodawcą, na rzecz którego praca była wykonywana bezpośrednio przed dniem nabycia prawa do emerytury. Na tej podstawie organ rentowy decyzją z dnia 12 października 2011 r. z urzędu wstrzymał wypłatę świadczenia, poczynając od 1 października 2011 r.</xText>
          <xText>Powyższą decyzję zaskarżyła ubezpieczona. Prawomocnym wyrokiem Sądu Okręgowego w Szczecinie z dnia 3 kwietnia 2012 r. odwołanie ubezpieczonej od tej decyzji zostało oddalone.</xText>
          <xText>Decyzją z dnia 20 marca 2012 r. organ rentowy – na wniosek <xAnon>A. S.</xAnon> oraz po przedłożeniu przez nią świadectwa pracy, potwierdzającego fakt rozwiązania stosunku pracy z pracodawcą, na rzecz którego praca była wykonywana bezpośrednio przed dniem nabycia prawa do emerytury – wznowił wypłatę świadczenia ubezpieczonej, poczynając od marca 2012 r.</xText>
          <xText>Na podstawie ustalonego stanu faktycznego oraz Sąd Okręgowy uznał, że skarga okazała się w całości nieuzasadniona.</xText>
          <xText>Sąd pierwszej instancji zaznaczył, że okoliczności faktyczne rozpoznawanej sprawy były bezsporne, a zostały ustalone w oparciu o treść dokumentów zgromadzonych w aktach organu rentowego oraz w aktach sprawy o sygn. VII U 2388/11.</xText>
          <xText>Następnie Sąd Okręgowy wskazał, że skarga ubezpieczonej opierała się na ustawowej podstawie wznowienia, tj. orzeczeniu Trybunału Konstytucyjnego o niezgodności aktu normatywnego z <xLexLink xArt="" xIsapId="WDU19970780483" xTitle="Konstytucja Rzeczypospolitej Polskiej z dnia 2 kwietnia 1997 r." xAddress="Dz. U. z 1997 r. Nr 78, poz. 483">Konstytucją</xLexLink>, ratyfikowaną umową międzynarodową lub z ustawą, na podstawie którego zostało wydane orzeczenie (<xLexLink xArt="art. 401(1)" xIsapId="WDU19640430296" xTitle="Ustawa z dnia 17 listopada 1964 r. - Kodeks postępowania cywilnego" xAddress="Dz. U. z 1964 r. Nr 43, poz. 296">art. 401<xSUPx>1 </xSUPx>k.p.c.</xLexLink>) i została złożona w ustawowym terminie (<xLexLink xArt="art. 407;art. 407 § 2" xIsapId="WDU19640430296" xTitle="Ustawa z dnia 17 listopada 1964 r. - Kodeks postępowania cywilnego" xAddress="Dz. U. z 1964 r. Nr 43, poz. 296">art. 407 § 2 k.p.c.</xLexLink>). Jednak spełnienie tych wymogów nie jest równoznaczne ze stwierdzeniem zasadności wniesionej skargi. Fakt, że ubezpieczona oparła skargę na ustawowej podstawie – wyroku Trybunału Konstytucyjnego – nie oznacza, iż wyrok ten zawierał treści przemawiające za uwzględnieniem jej stanowiska.</xText>
          <xText>Odnosząc się do istoty sprawy Sąd Okręgowy zwrócił uwagę na zmienność regulacji dotyczących prawa do emerytury i możliwości bądź braku możliwości kontynuowania zatrudnienia.</xText>
          <xText>Od 1 lipca 2000 r., tj. od dnia wejścia w życie art. 103 ust. 2a ustawy emerytalnej, nierozwiązanie stosunku pracy powodowało, że prawo do świadczenia mogło zostać ustalone, ale nie mogło zostać zrealizowane (było zawieszone). Zasadniczą rolę w ubezpieczeniu społecznym odgrywało wówczas powiązanie prawa do świadczenia z brakiem środków utrzymania, a łączenie dochodów z pracy, z jednoczesnym pobieraniem emerytury stawiało pracujących emerytów w pozycji uprzywilejowanej. Przepis ten został uchylony mocą <xLexLink xArt="art. 37;art. 37 pkt. 5;art. 37 pkt. 5 lit. b" xIsapId="WDU20082281507" xTitle="Ustawa z dnia 21 listopada 2008 r. o emeryturach kapitałowych" xAddress="Dz. U. z 2008 r. Nr 228, poz. 1507">art. 37 pkt 5 lit. b ustawy z dnia 21 listopada 2008 r. o emeryturach kapitałowych</xLexLink> (Dz. U. nr 228, poz. 1507) i od 8 stycznia 2009 r. treścią ryzyka emerytalnego było osiągnięcie odpowiedniego wieku. Wypłata zawieszonej emerytury odbywała się na wniosek osoby zainteresowanej i co do zasady przysługiwała do dnia 31 grudnia 2010 r.</xText>
          <xText>Dalej Sąd Okręgowy wskazał, że od 1 stycznia 2011 r. wszedł w życie – na podstawie <xLexLink xArt="art. 6;art. 6 pkt. 2" xIsapId="WDU20102571726" xTitle="Ustawa z dnia 16 grudnia 2010 r. o zmianie ustawy o finansach publicznych oraz niektórych innych ustaw" xAddress="Dz. U. z 2010 r. Nr 257, poz. 1726">art. 6 pkt 2 ustawy z dnia 16 grudnia 2010 r. o zmianie ustawy o finansach publicznych oraz niektórych innych ustaw</xLexLink> (powoływanej dalej jako: ustawa zmieniająca) - art. 103a ustawy emerytalnej. Przepis art. 103a obejmował wszystkich emerytów, w tym również tych, którzy przeszli na emeryturę przed wejściem omawianego przepisu w życie i stanowił, że „prawo do emerytury ulega zawieszeniu bez względu na wysokość przychodu uzyskiwanego przez emeryta z tytułu zatrudnienia kontynuowanego bez uprzedniego rozwiązania stosunku pracy z pracodawcą, na rzecz którego wykonywał je bezpośrednio przed dniem nabycia prawa do emerytury”. Z brzmienia tego przepisu wynika, że w odniesieniu do osób, które pozostając w zatrudnieniu nabyły prawo do emerytury w 2011 roku, organ rentowy w ogóle nie podejmuje wypłaty świadczenia, jeżeli nie nastąpiło rozwiązanie stosunku pracy. Jednakże, po rozwiązaniu umowy o pracę, osoby te mogą zatrudnić się ponownie u tego samego lub innego pracodawcy i wówczas emerytura będzie im wypłacana (ustaną przesłanki do jej zawieszenia). Mocą art. 28 ustawy zmieniającej emeryci, którzy nabyli prawo do emerytury przed 1 stycznia 2011 r., mogli świadczenie pobierać jeszcze przez 9 miesięcy od dnia wejścia w życie przedmiotowego przepisu.</xText>
          <xText>Jednocześnie sąd pierwszej instancji zaznaczył, że z dniem 22 listopada 2012 r. art. 28 ustawy zmieniającej w związku z art. 103a ustawy emerytalnej dodanym przez art. 6 pkt. 2 ustawy z dnia 16 grudnia 2010 r., w zakresie, w jakim znajduje zastosowanie do osób, które nabyły prawo do emerytury przed 1 stycznia 2011 r. bez konieczności rozwiązania stosunku pracy, został uznany wyrokiem Trybunału Konstytucyjnego z dnia 13 listopada 2012 r. (sygn. akt K 2/12) za niezgodny z zasadą ochrony zaufania obywateli do państwa i stanowionego przez nie prawa, wynikającą z <xLexLink xArt="art. 2" xIsapId="WDU19970780483" xTitle="Konstytucja Rzeczypospolitej Polskiej z dnia 2 kwietnia 1997 r." xAddress="Dz. U. z 1997 r. Nr 78, poz. 483">art. 2 Konstytucji RP</xLexLink>. Przy czym Trybunał Konstytucyjny zważył, że podstawowy problem w zawisłej przed nim sprawie dotyczył oceny, czy ustawodawca, rozciągając obowiązek rozwiązania stosunku pracy z dotychczasowym pracodawcą - jako warunek realizacji prawa do emerytury - na osoby, które skutecznie nabyły i zrealizowały to prawo w okresie od 8 stycznia 2009 r. do 31 grudnia 2010 r., nie naruszył zasady zaufania do państwa i stanowionego przez nie prawa. W tym okresie bowiem treścią ryzyka emerytalnego było wyłącznie osiągnięcie wieku emerytalnego (i stażu ubezpieczeniowego), co znaczy, że realizacja świadczenia następowała niezależnie od dalszego zatrudnienia. Zdaniem Trybunału Konstytucyjnego zasada ochrony zaufania do państwa i stanowionego przez nie prawa, zgodnie z utrwalonym orzecznictwem Trybunału, związana jest z bezpieczeństwem prawnym jednostki. Przejawia się w takim stanowieniu i stosowaniu prawa przez państwo, by nie stawało się ono pułapką dla obywatela i by mógł on układać swoje sprawy w zaufaniu, że nie naraża się na skutki, których nie był w stanie przewidzieć w momencie podejmowania decyzji i działań oraz w przekonaniu, że jego działania będą także później uznawane przez porządek prawny. W ocenie Trybunału Konstytucyjnego rozwiązanie przyjęte przez ustawodawcę w art. 28 ustawy zmieniającej spowodowało, że osoby, które skutecznie nabyły i zrealizowały prawo do emerytury w okresie od 8 stycznia 2009 r. do 31 grudnia 2010 r. zostały objęte nową, mniej korzystną dla nich treścią ryzyka emerytalnego. Aby emeryturę nadal pobierać po 1 października 2011 r., musiały one rozwiązać stosunek pracy z dotychczasowym pracodawcą. W przeciwnym razie ich świadczenie emerytalne ulegało zawieszeniu. Oceniając sytuację tych osób z punktu widzenia zasady ochrony zaufania do państwa i stanowionego przez nie prawa, Trybunał doszedł do wniosku, że gdyby w momencie przechodzenia na emeryturę osoby te wiedziały, że będą musiały przerwać zatrudnienie, żeby uzyskać świadczenie emerytalne, to ich decyzja być może byłaby inna, tzn. nie składałyby wniosku o ustalenie prawa do emerytury i kontynuowały zatrudnienie. Korzystniejsze byłoby bowiem dla nich osiąganie wysokiego dochodu ze stosunku pracy niż dużo mniejszej emerytury. Co więcej - późniejsze złożenie wniosku oznaczałoby wyższe świadczenie emerytalne. Treść ryzyka emerytalnego, w określeniu której ustawodawca ma swobodę, nie powinna być zmieniana w stosunku do osób, które już nabyły i zrealizowały prawo do emerytury. Ponadto Trybunał Konstytucyjny zwrócił uwagę, że ustawodawca wprawdzie przewidział w art. 194c ustawy emerytalnej, dodanym ustawą z dnia 10 czerwca 2011 r. o zmianie ustawy o emeryturach i rentach z FUS, możliwość ponownego, korzystniejszego od zasad ogólnych, ustalenia wysokości świadczenia dla osób, które złożyły wnioski o emeryturę w latach 2009-2010, a którym świadczenie zostało zawieszone od 1 października 2011 r., jednakże uzależnił skorzystanie z niej od spełnienia warunku niepobierania zawieszonej emerytury przez 18 miesięcy. Tym samym osoby, które go nie spełnią, mogą wprawdzie przeliczyć wysokość emerytury po rozwiązaniu stosunku pracy, ale na zasadach ogólnych - świadczenie zostanie zatem wyliczone wg kwoty bazowej albo średniego dalszego trwania życia na dzień złożenia wniosku, którego mogliby nie składać, gdyby wiedzieli, że zostanie w stosunku do nich zmieniona treść ryzyka emerytalnego.</xText>
          <xText>Wykładnię odnośnych przepisów prawa i argumentację przedstawioną przez Trybunał Konstytucyjny w wyroku z dnia 13 listopada 2012 r. Sąd Okręgowy w całości podzielił i podkreślił, że przywołane powyżej orzeczenie Trybunału Konstytucyjnego nie mogło zostać zastosowane do sytuacji ubezpieczonej <xAnon>A. S.</xAnon>, jako że odnosi się ono tylko do tych ubezpieczonych, którzy skutecznie nabyli prawo do emerytury i realizowali to prawo w okresie od 8 stycznia 2009 r. do 31 grudnia 2010 r. W okresie tym nie obowiązywał bowiem żaden przepis, który uzależniałby efektywne realizowanie prawa do emerytury od uprzedniego rozwiązania stosunku pracy z dotychczasowym pracodawcą. Tymczasem ubezpieczona <xAnon>A. S.</xAnon> prawo do emerytury (tzw. emerytury w wieku obniżonym) nabyła decyzją ZUS z dnia 20 maja 2008 r., poczynając od 1 maja 2008 r. i prawo to nie było przez nią realizowane, z uwagi na nierozwiązanie stosunku pracy. W dacie nabycia przez ubezpieczoną prawa do emerytury, wówczas obowiązujące przepisy (art. 103 ust. 2a) wymagały zawieszenia wypłaty świadczenia wobec tych emerytów, którym prawo to zostało przyznane, lecz nie rozwiązali oni stosunku pracy. Wobec powyższego organ rentowy przyznał ubezpieczonej prawo do świadczenia, jednak zawiesił jego wypłatę. Ubezpieczona mogła wówczas wybrać, czy chce pozostać w zatrudnieniu, mając zawieszone prawo do emerytury, czy też skorzystać z prawa i pobierać emeryturę po rozwiązaniu stosunku pracy. W tym zakresie została przez organ rentowy odpowiednio pouczona. W świetle powyższego – w ocenie sądu meriti – nie budzi najmniejszych wątpliwości, że <xAnon>A. S.</xAnon> nie należy do kręgu osób, których dotyczy rozstrzygnięcie Trybunału Konstytucyjnego w sprawie K 2/12. Niekwestionowane pozostaje bowiem, że nie nabyła ona prawa do emerytury w okresie od 8 stycznia 2009 r. do 31 grudnia 2010 r.</xText>
          <xText>Sąd Okręgowy zwrócił także uwagę na okoliczność, że jeszcze przed wejściem w życie wyroku Trybunału Konstytucyjnego, tj. na podstawie decyzji z dnia 20 marca 2012 r., organ rentowy wznowił <xAnon>A. S.</xAnon> wypłatę świadczenia, ponieważ z dniem 29 lutego 2012 r. ustał jej stosunek pracy z pracodawcą na rzecz którego praca była wykonywana bezpośrednio przed dniem nabycia prawa do emerytury. W kontekście powyższego wznowienie wypłaty wstrzymanego świadczenia nie mogło dotyczyć wcześniejszego okresu.</xText>
          <xText>Konkludując, w ocenie sądu pierwszej instancji, orzeczenie Trybunału Konstytucyjnego, w którym ubezpieczona upatruje podstawy wznowienia postępowania, nie ma zastosowania do jej sytuacji. W związku z powyższym, kierując się przedstawioną argumentacją, sąd oddalił skargę <xAnon>A. S.</xAnon> o wznowienie postępowania w sprawie VII U 2388/11 jako bezzasadną.</xText>
          <xText>Z powyższym wyrokiem Sądu Okręgowego w Szczecinie w całości nie zgodziła się <xAnon>A. S.</xAnon>, która w wywiedzionej apelacji zarzuciła mu:</xText>
          <xText>1) naruszenie przepisów prawa materialnego poprzez niewłaściwe zastosowanie i błędną wykładnię w niniejszym stanie faktycznym art. 28 ustawy zmieniającej i art. 103a ustawy emerytalnej w związku z wyrokiem Trybunału Konstytucyjnego z dnia 13 listopada 2012 r. (sygn. akt K 2/12) przez błędne przyjęcie - nieuwzględniające art. 100 ust. 1 i art. 129 ust. 1 tejże ustawy, że skutki wyroku Trybunału Konstytucyjnego z dnia 13 listopada nie odnoszą się do jej osoby;</xText>
          <xText>2) obrazę przepisów prawa procesowego poprzez niewłaściwe zastosowanie <xLexLink xArt="art. 477(14);art. 477(14) § 1" xIsapId="WDU19640430296" xTitle="Ustawa z dnia 17 listopada 1964 r. - Kodeks postępowania cywilnego" xAddress="Dz. U. z 1964 r. Nr 43, poz. 296">art. 477<xSUPx>14</xSUPx> § 1 k.p.c.</xLexLink> skutkujące oddaleniem odwołania w sytuacji istnienia oczywistych podstaw do jego uwzględnienia,</xText>
          <xText>3) sprzeczności poczynionych ustaleń faktycznych z treścią zebranego materiału dowodowego.</xText>
          <xText>Wskazując na powyższe zarzuty apelująca wniosła o:</xText>
          <xText>- zmianę zaskarżonego wyroku i zmianę decyzji organu rentowego, na mocy której organ rentowy zawiesił prawo do wypłaty emerytury od dnia 1 października 2011 r. do 29 lutego 2012 r.,</xText>
          <xText>- wypłatę za ten okres emerytury wraz z ustawowymi odsetkami za każdy miesiąc braku wypłaty zawieszonej emerytury,</xText>
          <xText>- zasądzenie kosztów postępowania apelacyjnego.</xText>
          <xText>W uzasadnieniu skarżąca między innymi podniosła, że uwzględniając wyrok Trybunału Konstytucyjnego z dnia 13 listopada 2012 r. w sprawie sygn. akt K 2/12 organ rentowy całkowicie bezpodstawnie odmówił jej wypłaty zaległej emerytury, bowiem decyzję tę oparł na przepisie prawnym, który utracił moc obowiązującą. Apelująca zarzuciła, że sąd pierwszej instancji oddalił skargę wskazując, iż ubezpieczona nie znalazła się wśród osób objętych wyrokiem Trybunału, a z takim twierdzeniem <xAnon>A. S.</xAnon> nie zgadza się. W ocenie skarżącej, nie zachodzą żadne przesłanki, które wyłączałyby możliwość wypłaty świadczeń emerytalnych na jej rzecz w związku z powołanym orzeczeniem Trybunału Konstytucyjnego.</xText>
          <xText>Ubezpieczona nie zgadza się ze stanowiskiem Sądu, że wyrok znajduje zastosowanie do węższego grona osób spośród tych, które nabyły prawo do emerytury przed dniem 1 stycznia 2011 r. Przy czym zdaniem skarżącej, nie budzi wątpliwości, że wyrok Trybunału Konstytucyjnego odnosi się tylko do ubezpieczonych, którzy skutecznie zrealizowali prawo do emerytury w okresie od 8 stycznia 2009 r. do 31 grudnia 2010 r., bowiem oni musieli, w związku ze zmianą przepisów na podstawie art. 28 ustawy zmieniającej, poddać się nowej, mniej korzystnej dla nich treści ryzyka emerytalnego, tj. poza wiekiem spełniać warunek rozwiązania stosunku pracy. Ubezpieczona zaznaczyła, że prawo do emerytury skutecznie zrealizowała od stycznia 2009 r. i nie musiała rozwiązać stosunku pracy, gdyż obowiązujące w tej dacie przepisy tego nie wymagały, a to oznacza, iż przytoczony wyrok Trybunału Konstytucyjnego znajdzie zastosowanie w sprawie, gdyż w myśl powołanego wyroku zawieszenie wypłaty świadczeń emerytalnych skarżącej w okresie od 1 października 2011 r. do 29 lutego 2012 r. było oparte na przepisie, który uznany został za sprzeczny z <xLexLink xArt="" xIsapId="WDU19970780483" xTitle="Konstytucja Rzeczypospolitej Polskiej z dnia 2 kwietnia 1997 r." xAddress="Dz. U. z 1997 r. Nr 78, poz. 483">Konstytucją RP</xLexLink>, czyli było bezprawne.</xText>
          <xText>W ocenie apelującej, opartej na wyroku Sądu Najwyższego z dnia 17 marca 2011 r., I UK 332/10 (LEX nr 811827), w sprawach, w których doszło do zawieszenia wypłaty świadczeń emerytalnych od dnia 1 października 2011 r., co do osób, które skutecznie zrealizowały prawo do emerytury w stanie prawnym, który nie wymagał rozwiązania stosunku pracy, można uznać, iż organ rentowy dopuścił się błędu w rozumieniu art. 133 ust. 1 pkt 2 ustawy emerytalnej. Ubezpieczona podniosła, że prawdą jest, iż nabyła prawo do emerytury przed 1 stycznia 2011 r., na podstawie decyzji z dnia 20 maja 2008 r., zaznaczyła jednak, iż czym innym jest prawo do emerytury, a czym innym prawo do świadczenia emerytalnego. W związku z powyższym skarżąca przywołała treść art. 100 ust. 1 i art. 129 ust. 1 ustawy emerytalnej oraz wskazała, że w uchwale Siedmiu Sędziów Sądu Najwyższego z dnia 5 czerwca 2003 r., III UZP 5/03, ustalono, że: „...<xLexLink xArt="art. 100;art. 100 ust. 1" xIsapId="WDU19981621118" xTitle="Ustawa z dnia 17 grudnia 1998 r. o emeryturach i rentach z Funduszu Ubezpieczeń Społecznych" xAddress="Dz. U. z 1998 r. Nr 162, poz. 1118">art. 100 ust. 1 ustawy z dnia 17 grudnia 1998 r. o emeryturach i rentach z Funduszu Ubezpieczeń Społecznych</xLexLink> stanowi, że prawo do świadczeń określonych w ustawie powstaje z dniem spełnienia wszystkich warunków wymaganych do nabycia tego prawa. Uzasadnia to pogląd, że prawo do świadczeń powstaje ex lege, zaś powstanie prawa do świadczeń odróżnić należy od jego ustalenia deklaratoryjną decyzją organu rentowego oraz od prawa do pobierania świadczenia...”. Prawo do emerytury powstaje na podstawie przepisów ustawy i ma charakter konstytutywny (ustalający), organ rentowy tylko i wyłącznie potwierdza spełnienie wszystkich warunków do pobierania świadczeń emerytalnych i wydaje decyzję o ich wypłacie w określonej wysokości. Zdaniem ubezpieczonej to właśnie ZUS, decyzją z dnia 20 maja 2008 r. potwierdził niespełnienie przez nią potrzebnych warunków do pobierania świadczeń emerytalnych, a więc nie stwierdził zaistnienia faktu do realizacji prawa do emerytury.</xText>
          <xText>Wskazane wyżej przepisy ustaw i przywołane orzecznictwo według skarżącej stanowią niepodważalne dowody dla postawionej tezy, kiedy mogła skutecznie zrealizować swoje prawo do emerytury, a nastąpiło to z dniem, w którym ZUS po stwierdzeniu spełnienia wymaganych prawem warunków, wydał decyzję w dniu 11 lutego 2009 r. o wypłacie i wysokości świadczenia zgodnie z art. 100 ust. 1 ustawy emerytalnej.</xText>
          <xText>Na podstawie przywoływanego wcześniej orzecznictwa, ubezpieczona nie podzieliła interpretacji sądu pierwszej instancji, że nie jestem w grupie osób objętych wyrokiem TK z dnia 13 listopada 2012 r., sygn. akt K 2/12, albowiem wyrok ten wskazał, że emeryci, którzy nabyli prawo do świadczenia w określonym przedziale czasowym, tj. od 8 stycznia 2009 r. do 31 grudnia 2010 r., nie podlegają rygorom wynikającym z art. 103a ustawy emerytalnej. Wobec tego, w opinii apelującej nie do zaakceptowania jest zastosowany przez Sąd podział emerytów na tych „sprzed” i „po” - ze względu na czas złożenia wniosku do ZUS o stwierdzenie spełnienia warunków do przyznania świadczeń emerytalnych. Wszyscy oni nabyli prawo do emerytury i skutecznie je zrealizowali na podstawie ustawy o emeryturach i rentach z dnia 21 listopada 2008 r. Odmawianie prawa do wypłaty świadczeń emerytalnych pierwszej grupie prowadzi do dyskryminacji, co jest nie do pogodzenia z konstytucyjnymi zasadami równości obywateli wobec prawa o czym mówi <xLexLink xArt="art. 32" xIsapId="WDU19970780483" xTitle="Konstytucja Rzeczypospolitej Polskiej z dnia 2 kwietnia 1997 r." xAddress="Dz. U. z 1997 r. Nr 78, poz. 483">art. 32 Konstytucji Rzeczypospolitej Polskiej</xLexLink>. Ponadto skarżąca podniosła, że ZUS wznowił wypłatę świadczeń emerytalnych od dnia 22 listopada 2012 r. bez konieczności rozwiązania stosunku pracy wszystkim tym, których nie dotyczy art. 103a niezależnie od tego, czy są „sprzed”, czy „po”.</xText>
          <xText>Dalej skarżąca podniosła, że wszyscy emeryci, niezależnie od daty złożenia pierwszego wniosku do organu rentowego o naliczenie emerytury i sprawdzenie spełnienia warunków do nabycia prawa do emerytury do 7 stycznia 2009 r. objęci byli działaniem art. 103 ust. 2a ustawy emerytalnej, kiedy oprócz wieku i stażu pracy, aby zrealizować skutecznie prawo do emerytury i otrzymać świadczenie emerytalne, trzeba było rozwiązać stosunek pracy. <xAnon>A. S.</xAnon> na podstawie <xLexLink xArt="" xIsapId="WDU20082281507" xTitle="Ustawa z dnia 21 listopada 2008 r. o emeryturach kapitałowych" xAddress="Dz. U. z 2008 r. Nr 228, poz. 1507">ustawy z dnia 21 listopada 2008 r. o emeryturach kapitałowych</xLexLink>, otrzymałam świadczenie emerytalne, nie mając obowiązku zwolnienia się pracy, od stycznia 2009 r. Poza tym, dla apelującej trudnym do wytłumaczenia był zapisek organu rentowego w decyzji z dnia 11 lutego 2009 r., że: „ponownie ustala wysokość oraz wznawia wypłatę świadczenia”, bowiem jak można wznowić wypłatę świadczenia, kiedy nigdy wcześniej to świadczenie nie było wypłacone. ZUS w styczniu 2009 r. nie wznowił wypłaty świadczenia emerytalnego ubezpieczonej, tylko tę wypłatę rozpoczął, gdyż ta wypłata nastąpiła po raz pierwszy. Natomiast posłużenie się przez organ rentowy konstrukcją zawieszenia prawa do emerytury w odniesieniu do emerytów, którzy przeszli na emeryturę z tytułu osiągnięcia wieku, jest niedopuszczalne, ponieważ narusza zasadę praw nabytych i nakazuje je ponownie nabyć (patrz: „Emerytury: kto daje i odbiera” - prof. dr hab. Inetta Jędrasik- Jankowska z Instytutu Pracy i Spraw Socjalnych, Wydział Prawa i Administracji UW).</xText>
          <xText>Podsumowując apelująca stwierdziła, że rozwiązanie przyjęte przez ustawodawcę w art. 28 ustawy zmieniającej spowodowało, że będąc osobą, która nabyła i skutecznie zrealizowała prawo do świadczeń emerytalnych od stycznia 2009 r. - poczuła się dokładnie tak, jak wywodzi: Postanowienie Trybunału Konstytucyjnego z dnia 7 lutego 2001 r., sygn. K 27/00 - że została postawiona w pułapce finansowej. Układając swoje sprawy w zaufaniu do stanowienia oraz stosowania prawa przez państwo w przekonaniu, że jego działanie będzie także później uznawane przez porządek prawny, ubezpieczona została narażona na skutki, których w momencie podejmowania swoich decyzji i działań nie mogła przewidzieć.</xText>
          <xText>W odpowiedzi na apelację Zakład Ubezpieczeń Społecznych wniósł o jej oddalenie w całości podnosząc, że wyrok Sądu Okręgowego jest prawidłowy, a apelacja nie ma uzasadnionych podstaw.</xText>
          <xText xALIGNx="center">
            <xBx>Sąd Apelacyjny rozważył, co następuje:</xBx>
          </xText>
          <xText>Apelacja <xAnon>A. S.</xAnon> jest bezpodstawna. Ustalenia faktyczne dokonane przez Sąd Okręgowy są prawidłowe, a wyprowadzone z nich wnioski prawne nie budzą zastrzeżeń. Ustalenia te i rozważania sąd odwoławczy podziela i przyjmuje za własne.</xText>
          <xText>Słusznie Sąd Okręgowy przyjął, że skarga <xAnon>A. S.</xAnon> o wznowienie postępowania zakończonego prawomocnym wyrokiem Sądu Okręgowego w Szczecinie z dnia 3 kwietnia 2012 r. w sprawie VII U 2388/11, wydanym w wyniku rozpoznania odwołania ubezpieczonej od decyzji Zakładu Ubezpieczeń Społecznych Oddziału w <xAnon>S.</xAnon> z dnia 12 października 2011 r. jest dopuszczalna, jednak jej merytoryczne rozpoznanie nie doprowadziło do uwzględnienia zawartych w niej żądań.</xText>
          <xText>Zgodnie z <xLexLink xArt="art. 401(1)" xIsapId="WDU19640430296" xTitle="Ustawa z dnia 17 listopada 1964 r. - Kodeks postępowania cywilnego" xAddress="Dz. U. z 1964 r. Nr 43, poz. 296">art. 401<xSUPx>1</xSUPx> k.p.c.</xLexLink> można żądać wznowienia postępowania w wypadku, gdy Trybunał Konstytucyjny orzekł o niezgodności aktu normatywnego z <xLexLink xArt="" xIsapId="WDU19970780483" xTitle="Konstytucja Rzeczypospolitej Polskiej z dnia 2 kwietnia 1997 r." xAddress="Dz. U. z 1997 r. Nr 78, poz. 483">Konstytucją</xLexLink>, ratyfikowaną umową międzynarodową lub z ustawą, na podstawie którego zostało wydane orzeczenie. Przepis ten ma wyraźnie zastosowanie do tych orzeczeń, dla których podstawą wydania był akt normatywny zakwestionowany przez Trybunał Konstytucyjny. Ukształtowane i utrwalone na tle omawianego unormowania orzecznictwo Sądu Najwyższego, które Sąd Apelacyjny akceptuje, prezentuje pogląd, że podstawą wznowienia postępowania może być tylko takie orzeczenie Trybunału Konstytucyjnego, które dotyczy aktu normatywnego (przepisu prawa) stanowiącego bezpośrednią podstawę wydanego przez Sąd w tej sprawie orzeczenia (por. postanowienie z dnia 26 stycznia 2011 r., I PZ 36/10 LEX nr 950424). Dla przyjęcia zatem dopuszczalności wznowienia postępowania w oparciu o podstawę określoną w <xLexLink xArt="art. 401(1)" xIsapId="WDU19640430296" xTitle="Ustawa z dnia 17 listopada 1964 r. - Kodeks postępowania cywilnego" xAddress="Dz. U. z 1964 r. Nr 43, poz. 296">art. 401 <xSUPx>1</xSUPx> k.p.c.</xLexLink> konieczne jest ustalenie, że Trybunał Konstytucyjny zakwestionował przepis, który był podstawą wydania zaskarżonego orzeczenia. <xBRx/>W postanowieniu z dnia 20 czerwca 2007 r., V CNP 45/07 (LEX nr 347227) Sąd Najwyższy wyraził pogląd, że skutkiem wyroku Trybunału Konstytucyjnego, stwierdzającego niezgodność z <xLexLink xArt="" xIsapId="WDU19970780483" xTitle="Konstytucja Rzeczypospolitej Polskiej z dnia 2 kwietnia 1997 r." xAddress="Dz. U. z 1997 r. Nr 78, poz. 483">Konstytucją</xLexLink> nieobowiązującego już przepisu ustawy, jest umożliwienie wznowienia postępowań sądowych, w których taki przepis stanowił podstawę prawną rozstrzygnięcia. Co do zasady wznowienie na tej podstawie może dotyczyć tych orzeczeń, które uprawomocniły się przed datą opublikowania orzeczenia Trybunału Konstytucyjnego, o czym przekonuje <xLexLink xArt="art. 407;art. 407 § 2" xIsapId="WDU19640430296" xTitle="Ustawa z dnia 17 listopada 1964 r. - Kodeks postępowania cywilnego" xAddress="Dz. U. z 1964 r. Nr 43, poz. 296">art. 407 § 2 k.p.c.</xLexLink></xText>
          <xText>Podstawą wznowienia oznaczoną w skardze ubezpieczonej był wyrok Trybunału Konstytucyjnego z dnia 13 listopada 2012 r., sygn. akt K 2/12, który uznał za niezgodny z <xLexLink xArt="" xIsapId="WDU19970780483" xTitle="Konstytucja Rzeczypospolitej Polskiej z dnia 2 kwietnia 1997 r." xAddress="Dz. U. z 1997 r. Nr 78, poz. 483">Konstytucją</xLexLink><xLexLink xArt="art. 28" xIsapId="WDU20102571726" xTitle="Ustawa z dnia 16 grudnia 2010 r. o zmianie ustawy o finansach publicznych oraz niektórych innych ustaw" xAddress="Dz. U. z 2010 r. Nr 257, poz. 1726">art. 28 ustawy z dnia 16 grudnia 2010 r. o zmianie ustawy o finansach publicznych oraz niektórych innych ustaw</xLexLink> (Dz. U. nr 257, poz. 1726 oraz z 2011 r. nr 291, poz. 1707) w związku z <xLexLink xArt="art. 103 a" xIsapId="WDU19981621118" xTitle="Ustawa z dnia 17 grudnia 1998 r. o emeryturach i rentach z Funduszu Ubezpieczeń Społecznych" xAddress="Dz. U. z 1998 r. Nr 162, poz. 1118">art. 103a ustawy z dnia 17 grudnia 1998 r. o emeryturach i rentach z Funduszu Ubezpieczeń Społecznych</xLexLink> (Dz. U. z 2009 r. nr 153, poz. 1227, z 2010 r. nr 40, poz. 224, nr 134, poz. 903, nr 205, poz. 1365, nr 238, poz. 1578 i nr 257, poz. 1726, z 2011 r. nr 75, poz. 398, nr 149, poz. 887, nr 168, poz. 1001, nr 187, poz. 1112 i nr 205, poz. 1203 oraz z 2012 r. poz. 118 i 251), dodany przez <xLexLink xArt="art. 6;art. 6 pkt. 2" xIsapId="WDU20102571726" xTitle="Ustawa z dnia 16 grudnia 2010 r. o zmianie ustawy o finansach publicznych oraz niektórych innych ustaw" xAddress="Dz. U. z 2010 r. Nr 257, poz. 1726">art. 6 pkt 2 ustawy z dnia 16 grudnia 2010 r.</xLexLink>, w zakresie, w jakim znajduje zastosowanie do osób, które nabyły prawo do emerytury przed 1 stycznia 2011 r., bez konieczności rozwiązania stosunku pracy. W tych okolicznościach prawidłowo sąd pierwszej instancji uznał, że skarżąca oparła skargę na ustawowej podstawie oraz że skarga o wznowienie postępowania została wniesiona w terminie 3 miesięcy od dnia wejścia w życie orzeczenia Trybunału Konstytucyjnego (<xLexLink xArt="art. 407;art. 407 § 2" xIsapId="WDU19640430296" xTitle="Ustawa z dnia 17 listopada 1964 r. - Kodeks postępowania cywilnego" xAddress="Dz. U. z 1964 r. Nr 43, poz. 296">art. 407 § 2 k.p.c.</xLexLink>).</xText>
          <xText>W odpowiedzi na zarzuty apelacji należy podkreślić, że z analizy akt sprawy wynika, że Sąd Okręgowy przy pierwszym rozpoznaniu sprawy za podstawę orzeczenia przyjął art. 103a ustawy emerytalnej. Badając zgodność z <xLexLink xArt="" xIsapId="WDU19970780483" xTitle="Konstytucja Rzeczypospolitej Polskiej z dnia 2 kwietnia 1997 r." xAddress="Dz. U. z 1997 r. Nr 78, poz. 483">Konstytucją</xLexLink> art. 28 ustawy o zmianie ustawy o finansach publicznych, Trybunał Konstytucyjny powiązał treść tego przepisu z treścią art. 103a ustawy emerytalnej, wywodząc że przepisy te nie znajdują zastosowania do osób, które nabyły prawo do emerytury przed dniem 1 stycznia 2011 r., bez konieczności rozwiązania stosunku pracy. Taka treść orzeczenia Trybunału Konstytucyjnego została potwierdzona w jego pisemnym uzasadnieniu dotyczącym skutków wyroku, gdzie w sposób wyraźny i jednoznaczny stwierdzono, że „obowiązek rozwiązania stosunku pracy z dotychczasowym pracodawcą - jako warunek realizacji nabytego prawa do emerytury - nie będzie miał zastosowania do osób, które nabyły to prawo w okresie od 8 stycznia 2009 r. do 31 grudnia 2010 r.”, a więc po uchyleniu art. 103 ust. 2a ustawy emerytalnej, a przed wejściem w życie art. 103a tej ustawy, dodanego powołaną wcześniej ustawą z dnia 16 grudnia 2010 r. o zmianie ustawy o finansach publicznych oraz o zmianie niektórych innych ustaw.</xText>
          <xText>Jednak z uzasadnienia wskazanego wyroku Trybunału Konstytucyjnego jednoznacznie wynika, że zarzut niekonstytucyjności kwestionowanej regulacji sformułowany został w odniesieniu do wąskiego kręgu osób, a mianowicie emerytów, którzy nabyli prawo do emerytury na mocy wcześniejszych przepisów, tj. bez konieczności rozwiązania stosunku pracy. Trybunał nie objął analizą rozwiązania przyjętego przez ustawodawcę, polegającego na uzależnieniu realizacji nabytego prawa do emerytury od uprzedniego rozwiązania stosunku pracy z pracodawcą, na rzecz którego emeryt wykonywał pracę bezpośrednio przed dniem nabycia prawa do emerytury. Zakresem zaskarżenia objęte zostało wyłącznie stosowanie tego rozwiązania do osób, które w momencie jego wejścia w życie miały już ustalone prawo do emerytury, bez konieczności rozwiązania stosunku pracy. Zasadniczy problem dotyczył zatem konstytucyjności przepisu intertemporalnego tj. art. 28 ustawy o finansach publicznych odczytywanego w związku z art. 103a ustawy emerytalnej, w zakresie możliwości rozciągnięcia na podstawie art. 28 ustawy zmieniającej z dnia 16 grudnia 2010 r. regulacji zawartej w art. 103a ustawy emerytalnej na osoby, które nabyły prawo do emerytury przed jego wejściem w życie. Trybunał podkreślał między innymi, że zawieszenie w ujęciu art. 103a ustawy emerytalnej oznacza niemożliwość realizacji już nabytego ex lege prawa do świadczenia emerytalnego (w istocie dochodzi więc do odroczenia jego wypłaty), natomiast zawieszenie na podstawie art. 104 ustawy o emeryturach i rentach z FUS oznacza wstrzymanie wypłaty już zrealizowanego świadczenia (zob. I. Jędrasik-Jankowska, Nierozwiązanie stosunku pracy jako przyczyna zawieszenia prawa do emerytury, „Praca i Zabezpieczenie Społeczne” nr 9/2011, s. 22 i n.). Wobec tego Trybunał stwierdził, że ustawodawca posługuje się pojęciem zawieszenia prawa zarówno do określenia sytuacji, w której ryzyko jeszcze nie zaszło (nie został rozwiązany stosunek pracy), jak i do sytuacji, w której ryzyko zaszło (stosunek pracy został rozwiązany), ale nastąpił powrót na rynek pracy (czyli doszło do zawieszenia trwania ryzyka). W pierwszej sytuacji zostaje zawieszona realizacja nabytego ex lege prawa z powodu niezajścia ryzyka, a w drugiej - w wyniku stosowania reguł zbiegu emerytury i dodatkowego zarobku. Tym samym art. 103a ustawy emerytalnej powinien być traktowany nie jako przepis dotyczący reguł łączenia świadczenia emerytalnego i zarobku, lecz jako przepis określający warunki realizacji prawa do emerytury, a więc określający treść ryzyka emerytalnego.</xText>
          <xText>Dalej w uzasadnieniu wyroku Trybunału zaakcentowano, że ustawą z dnia 21 stycznia 2000 r. o zmianie ustawy o systemie ubezpieczeń społecznych oraz ustawy emerytalnej z Funduszu Ubezpieczeń Społecznych (Dz. U. nr 9, poz. 118) ustawodawca dodał do art. 103 ustawy emerytalnej ust. 2a, wprowadzając obowiązek uprzedniego rozwiązania stosunku pracy w celu realizacji prawa do emerytury. Od dnia 1 lipca 2000 r. (data wejścia w życie art. 103 ust. 2a ustawy emerytalnej) nierozwiązanie stosunku pracy powodowało, że prawo do świadczenia mogło zostać ustalone, ale nie mogło zostać zrealizowane (zostało zawieszone). Art. 103 ust. 2a ustawy emerytalnej został uchylony mocą <xLexLink xArt="art. 37;art. 37 pkt. 5;art. 37 pkt. 5 lit. b" xIsapId="WDU20082281507" xTitle="Ustawa z dnia 21 listopada 2008 r. o emeryturach kapitałowych" xAddress="Dz. U. z 2008 r. Nr 228, poz. 1507">art. 37 pkt 5 lit. b ustawy z dnia 21 listopada 2008 r. o emeryturach kapitałowych</xLexLink> (Dz. U. nr 228, poz. 1507). Od dnia 8 stycznia 2009 r. treścią ryzyka emerytalnego ponownie było osiągnięcie odpowiedniego wieku i stażu ubezpieczeniowego. Ten stan prawny obowiązywał do 31 grudnia 2010 r. Od dnia 1 stycznia 2011 r. obowiązuje art. 103a, dodany do ustawy emerytalnej na podstawie art. 6 pkt 2 ustawy zmieniającej z dnia 16 grudnia 2010 r., znoszący możliwość pobierania emerytury bez rozwiązywania umowy o pracę z dotychczasowym pracodawcą, na rzecz którego była wykonywana praca bezpośrednio przed dniem nabycia prawa do emerytury, ustalonym w decyzji organu rentowego. Z powyższych rozważań jednoznacznie zatem wynika, że art. 103a ustawy emerytalnej nie jest przepisem ustalającym zasady łączenia prawa do emerytury z zarobkiem, ale uniemożliwiając realizację tego prawa do czasu rozwiązania stosunku pracy, konstruuje treść ryzyka emerytalnego jako prawo do odejścia z rynku pracy i uzyskania świadczenia emerytalnego. Określa więc zasady powstania prawa do świadczenia.</xText>
          <xText>Podsumowując zaznaczyć należy, że problem w sprawie rozpatrywanej przez Trybunał Konstytucyjny dotyczył oceny, czy ustawodawca mógł na podstawie art. 28 ustawy zmieniającej z dnia 16 grudnia 2010 r. rozciągnąć stosowanie art. 103a ustawy emerytalnej - przepisu ustalającego nową treść ryzyka emerytalnego - na sytuacje przeszłe, tj. wobec osób, które już nabyły prawo do emerytury w okresie od 8 stycznia 2009 r. do 31 grudnia 2010 r., czyli w czasie obowiązywania regulacji niezawierającej wymogu rozwiązania stosunku pracy z dotychczasowym pracodawcą dla uzyskania świadczenia emerytalnego. Na podstawie art. 28 ustawy zmieniającej z dnia 16 grudnia 2010 r. prawo do emerytury tych osób ulega zawieszeniu, począwszy od 1 października 2011 r., jeżeli nie rozwiążą stosunku pracy do dnia 30 września 2011 r. Takie działanie ustawodawcy, polegające na odstąpieniu od wcześniej przyjętej polityki, wobec osób, które nabyły prawo do emerytury pod rządami przepisów obowiązujących od roku 2009, zdaniem Trybunału Konstytucyjnego godzi w zasadę zaufania do państwa i prawa, a tym samym narusza bezpieczeństwo prawne obywateli.</xText>
          <xText>Trybunał stwierdził, że rozwiązanie przyjęte przez ustawodawcę w art. 28 ustawy zmieniającej z dnia 16 grudnia 2010 r. spowodowało, że osoby, które już skutecznie nabyły i zrealizowały prawo do emerytury w okresie od 8 stycznia 2009 r. do 31 grudnia 2010 r. musiały, na podstawie art. 28 ustawy zmieniającej z dnia 16 grudnia 2010 r. w związku z art. 103a ustawy emerytalnej, poddać się nowej, mniej korzystnej dla nich treści ryzyka emerytalnego. Innymi słowy, ubezpieczeni, którzy prawo do emerytury uzyskali po spełnieniu jedynie warunku osiągnięcia wieku (oraz odpowiedniego stażu ubezpieczeniowego), musieli ponownie zrealizować swoje prawo do emerytury według nowej treści ryzyka, czyli spełnić także warunek rozwiązania stosunku pracy, aby emeryturę nadal pobierać od 1 października 2011 r. Akcentowano przy tym, że decyzja o przejściu na emeryturę jest podejmowana przez ubezpieczonego raz na całe życie. Znając warunki, jakie będzie musiał spełnić, aby zrealizować nabyte prawo - w tym wypadku rozwiązanie stosunku pracy z dotychczasowym pracodawcą - ma on szansę się do nich przygotować. Może zatem odpowiednio ułożyć stosunki ze swoim dotychczasowym pracodawcą, ewentualnie poszukać pracodawcy, który zgodzi się rozwiązać z nim stosunek pracy, po czym ponownie go nawiązać. Osoby, które przeszły na emeryturę w latach 2009-2010 bez konieczności rozwiązywania stosunków pracy, w związku z decyzją ustawodawcy o objęciu ich tym obowiązkiem, nie miały takiej możliwości.</xText>
          <xText>Określając skutki wyroku Trybunał Konstytucyjny wyjaśnił, że z chwilą ogłoszenia sentencji wyroku w Dzienniku Ustaw utraci moc art. 28 ustawy zmieniającej z dnia 16 grudnia 2010 r. w zakresie, w jakim przewiduje stosowanie art. 103a ustawy emerytalnej do osób, które nabyły prawo do emerytury przed 1 stycznia 2011 r., bez konieczności rozwiązania stosunku pracy. Oznacza to, że obowiązek rozwiązania stosunku pracy z dotychczasowym pracodawcą - jako warunek realizacji nabytego prawa do emerytury - nie będzie miał zastosowania do osób, które nabyły to prawo w okresie od 8 stycznia 2009 r. do 31 grudnia 2010 r. Natomiast przepis ten pozostaje nadal w obrocie prawnym i znajduje zastosowanie do osób, które nabyły prawo do emerytury w momencie jego wejścia w życie i później, tj. od 1 stycznia 2011 r.</xText>
          <xText>Uwzględniając powyższe Sąd Apelacyjny podziela wniosek sądu pierwszej instancji, że w sytuacji faktycznej zaistniałej w rozpoznawanej sprawie wyrok Trybunału Konstytucyjnego nie miał wpływu na treść - objętego skargą, a aktualnie także apelacją ubezpieczonej - rozstrzygnięć. Ubezpieczona wprawdzie nabyła prawo do emerytury od maja 2008 r., a więc przed dniem 1 stycznia 2011 r., jednak prawo to nabyła w okresie obowiązywania art. 103 ust. 2a ustawy emerytalnej, co wyklucza ją z kręgu osób, które nabyły prawo do emerytury bez konieczności rozwiązania stosunku pracy.</xText>
          <xText>Zgodnie z decyzją organu rentowego z dnia 20 maja 2008 r. ubezpieczona uzyskała prawo do emerytury od dnia 1 maja 2005 r., to jest od miesiąca, w którym zgłoszono wniosek o emeryturę, jednak wypłata świadczenia podlegała zawieszeniu, w związku z kontynuacją zatrudnienia. Przepis art. 103 ust. 2a ustawy emerytalnej obowiązujący do dnia 7 stycznia 2009 r. stanowił, że prawo do emerytury ulega zawieszeniu bez względu na wysokość przychodu uzyskiwanego przez emeryta z tytułu zatrudnienia kontynuowanego bez uprzedniego rozwiązania stosunku pracy z pracodawcą, na rzecz którego wykonywał je bezpośrednio przed dniem nabycia prawa do emerytury, ustalonym w decyzji organu rentowego. Powyższego nie zmienia ustalenie, że wypłata emerytury została podjęta w związku z uchyleniem przepisu art. 103 ust. 2a ustawy emerytalnej i na wniosek ubezpieczonej od stycznia 2009 r. Decyzja o przejściu na emeryturę jest podejmowana przez ubezpieczonego raz na całe życie. Prawo to ubezpieczony nabywa jeden raz i w przypadku <xAnon>A. S.</xAnon> nastąpiło to w dacie obowiązywania art. 103 ust. 2a ustawy emerytalnej.</xText>
          <xText>Skarżąca nabyła zatem prawo do emerytury w okresie, kiedy istniała konieczność rozwiązania stosunku pracy z dotychczasowym pracodawcą w celu realizacji prawa do emerytury przez jej wypłatę. Z tej przyczyny nie mieści się w katalogu osób, których dotyczy wyrok Trybunału Konstytucyjnego z dnia 13 listopada 2012 r., to jest w kręgu osób, „które nabyły prawo do emerytury przed dniem 1 stycznia 2011 r. bez konieczności rozwiązania stosunku pracy”. W tej sytuacji skarżąca nie miała prawa do wypłaty emerytury od 1 października 2011 r., skoro pozostawała w zatrudnieniu.</xText>
          <xText>Wobec powyższego Sąd Apelacyjny uznał, że prawidłowo przyjął, że niekonstytucyjność przepisów stwierdzona wyrokiem Trybunału Konstytucyjnego z dnia 13 listopada 2012 r., sygn. akt K 2/12 nie ma wpływu na treść wyroku objętego skargą, co powodować musiało jej oddalenie.</xText>
          <xText>Jednocześnie w odpowiedzi na zarzut naruszenia <xLexLink xArt="" xIsapId="WDU19970780483" xTitle="Konstytucja Rzeczypospolitej Polskiej z dnia 2 kwietnia 1997 r." xAddress="Dz. U. z 1997 r. Nr 78, poz. 483">Konstytucji RP</xLexLink> Sąd Apelacyjny podnosi, że Sąd Najwyższy wyroku z 14 sierpnia 2013 r., III UK 118/12 (OSNP 2014/5/74) wskazał, iż zastosowanie art. 103a ustawy emerytalnej do emerytów, którzy nabyli prawo do emerytury przed dniem 8 stycznia 2009 r. nie narusza zasady ochrony praw nabytych oraz zaufania obywateli do państwa i stanowionego przez nie prawa. Natomiast w wyroku z dnia 12 marca 2014 r., II UK 358/13 (LEX nr 1444458) Sąd Najwyższy stwierdził, że wątpliwość co do konstytucyjności zastosowania art. 103a ustawy emerytalnej dotyczy tych – i tylko tych – osób, które skutecznie nabyły i zrealizowały prawo do emerytury wówczas, gdy treścią ryzyka emerytalnego było wyłącznie osiągnięcie wieku emerytalnego i stażu ubezpieczeniowego, a realizacji świadczenia następowała niezależnie od dalszego zatrudnienia, a więc tylko tych osób, które nabyły prawo do emerytury w okresie od dnia 8 stycznia 2009 r. do dnia 31 grudnia 2010 r. Zastosowanie art. 103a ustawy emerytalnej wobec pozostałych emerytów, a więc tych, którzy uzyskali prawo do emerytury przez dniem 8 stycznia 2009 r. i po dniu 1 stycznia 2011 r. nie narusza wzorców konstytucyjnych zastosowanych przez Trybunał Konstytucyjny. Sąd Apelacyjny w całości podziela stanowisko przedstawione przez Sąd Najwyższy nie znajdując przesłanek do stwierdzenia, że wyrok Sądu Okręgowego narusza zasady konstytucyjne powołane przez skarżącą.</xText>
          <xText>Z tych przyczyn, Sąd Apelacyjny uznał, że apelacja <xAnon>A. S.</xAnon> nie zawiera usprawiedliwionych podstaw, dlatego też na podstawie <xLexLink xArt="art. 385" xIsapId="WDU19640430296" xTitle="Ustawa z dnia 17 listopada 1964 r. - Kodeks postępowania cywilnego" xAddress="Dz. U. z 1964 r. Nr 43, poz. 296">art. 385 k.p.c.</xLexLink> oddalił ją w całości.</xText>
          <xText>SSA Urszula Iwanowska SSA Anna Polak SSO del. Beata Górska</xText>
        </xUnit>
      </xBlock>
    </xPart>
  </judgement>
<judgement id="150515000000503_I_C_000611_2013_Uz_2014-05-30_001">
    <xPart xEditorFullName="Natalia Anielska" xYear="2013" xLang="PL" xPublisherFullName="Magdalena Słowikowska" xFromPg="1" xEditor="natalia.anielska@olsztyn.so.gov.pl" xVolType="15/051500/0000503/C" xPublisher="magdalena.slowikowska@olsztyn.so.gov.pl" xDocType="Uz" xVolNmbr="000611" xVersion="1.0" xToPage="2" xFlag="published">
      <xName>Wyrok+Uzasadnienie</xName>
      <xBlock>
        <xText>
          <xBx>Sygn. akt I C 611/13</xBx>
        </xText>
        <xUnit xIsTitle="true" xType="part" xBold="true">
          <xName>WYROK</xName>
          <xTitle>W IMIENIU RZECZYPOSPOLITEJ POLSKIEJ</xTitle>
          <xText xALIGNx="right"> Dnia 30 maja 2014 r.</xText>
          <xText>
            <xBx>Sąd Okręgowy w <xAnon>O.</xAnon> Wydział I Cywilny </xBx>
          </xText>
          <xText>Przewodniczący – SSO Juliusz Ciejek</xText>
          <xText>Protokolant – sekr. sąd. Dorota Wodniak</xText>
          <xText>po rozpoznaniu w dniu 27 maja 2014 r. w <xAnon>O.</xAnon>,</xText>
          <xText>na rozprawie</xText>
          <xText>sprawy z powództwa<xBx><xAnon>A. T.</xAnon></xBx></xText>
          <xText>przeciwko<xBx><xAnon>A. B.</xAnon> i <xAnon>T. B.</xAnon></xBx></xText>
          <xText>
            <xBx>o zapłatę</xBx>
          </xText>
          <xText>oraz</xText>
          <xText>sprawy z powództwa<xBx><xAnon>R. T.</xAnon></xBx></xText>
          <xText>przeciwko<xBx><xAnon>A. B.</xAnon> i <xAnon>T. B.</xAnon></xBx></xText>
          <xText>
            <xBx>o zapłatę</xBx>
          </xText>
          <xUnit xIsTitle="false" xType="none">
            <xName xSffx=".">I</xName>
            <xText>oddala powództwa;</xText>
          </xUnit>
          <xUnit xIsTitle="false" xType="none">
            <xName xSffx=".">II</xName>
            <xText>zasądza od powodów na rzecz pozwanych kwotę 3.617 (trzy tysiące sześćset siedemnaście) zł tytułem zwrotu kosztów procesu.</xText>
          </xUnit>
        </xUnit>
        <xUnit xIsTitle="true" xType="part" xBold="true">
          <xName>UZASADNIENIE</xName>
          <xText>Pozwem z dnia <xAnon>(...)</xAnon> powodowie <xAnon>A. T.</xAnon>i <xAnon>R. T.</xAnon>wnieśli o zasądzenie na rzecz każdego z nich od pozwanych <xAnon>A. B.</xAnon>i <xAnon>T. B.</xAnon>kwot po 100.000 złotych wraz z ustawowymi odsetkami ustawowymi i kosztami procesu według norm przepisanych.</xText>
          <xText>Uzasadniając swoje żądanie, wskazali, że są spadkobiercami ustawowymi <xAnon>E. T.</xAnon>, który w dniu <xAnon>(...)</xAnon> umową dożywocia przekazał pozwanym nieruchomość położoną w <xAnon>G.</xAnon>. Powodowie nie otrzymali od spadkodawcy darowizny i z tego względu przysługuje im prawo do zachowku (k. 3-3v.).</xText>
          <xText>Powyższą sprawę zarejestrowano pod sygn. I C 611/13. Zarządzeniem z dnia <xAnon>(...)</xAnon>zwrócono pozew co do powódki <xAnon>R. T.</xAnon> (k. 67-67v.).</xText>
          <xText>Z uwagi na uzupełnienie braków formalnych pozwu i złożony wniosek o wpisanie sprawy pod nowy numer zarządzeniem z dnia <xAnon>(...)</xAnon>żądanie <xAnon>R.</xAnon><xAnon>T.</xAnon>wyłączono do odrębnego rozpoznania i nadano jej sygnaturę <xAnon>(...)</xAnon>, którą to sprawę następnie – na mocy zarządzenia z dnia <xAnon>(...)</xAnon>– połączono do wspólnego prowadzenia i rozstrzygnięcia ze sprawą z powództwa <xAnon>A. T.</xAnon>zarejestrowaną pod sygn. I C 611/13.</xText>
          <xText>Pozwani <xAnon>A. B.</xAnon> i <xAnon>T. B.</xAnon> wnieśli o oddalenie powództwa w całości oraz o zasądzenie na ich rzecz solidarnie od powodów kosztów procesu według norm przepisanych.</xText>
          <xText>W odpowiedzi na pozew podnieśli, że powództwo o zachowek może być skierowane przeciwko określonemu kręgowi osób, którymi są spadkobierca, osoba, na rzecz której został uczyniony zapis windykacyjny, i osoba, która otrzymała od spadkobiercy darowiznę doliczoną do spadku. Pozwani nie mieszczą się w żadnej z wyżej wymienionej kategorii osób. Nie są spadkobiercami <xAnon>E. T.</xAnon> i nie otrzymali od niego darowizny doliczanej do spadku. Między spadkodawcą a pozwanymi została zawarta umowa dożywocia. Nie można umowy dożywocia traktować na równi z umową darowizny (k. 154-156).</xText>
          <xText xALIGNx="center">
            <xBx>Sąd ustalił następujący stan faktyczny:</xBx>
          </xText>
          <xText>W dniu <xAnon>(...)</xAnon><xAnon>E. T.</xAnon>– ojciec powodów <xAnon>A. T.</xAnon>i <xAnon>R.</xAnon><xAnon>T.</xAnon>i pozwani <xAnon>A.</xAnon>i <xAnon>T.</xAnon>małżonkowie <xAnon>B.</xAnon>zawarli w formie aktu notarialnego umowę dożywocia. Na mocy tej umowy <xAnon>E. T.</xAnon>przeniósł na rzecz pozwanych własność nieruchomości położonej w miejscowości <xAnon>G.</xAnon>oznaczonej w ewidencji jako <xAnon>działka gruntu nr (...)</xAnon>, dla której Sąd Rejonowy w <xAnon>O.</xAnon>prowadzi <xAnon>księgę wieczystą Kw Nr (...)</xAnon>, a pozwani w zamian za to zobowiązali się zapewnić <xAnon>E. T.</xAnon>dożywotnie utrzymanie, polegające na przyjęciu zbywcy jako domownika, dostarczaniu mu wyżywienia, ubrania, mieszkania, światła i opału, pomocy i pielęgnowania w chorobie oraz sprawowaniu mu na ich koszt własny pogrzebu odpowiadającego zwyczajom miejscowym.</xText>
          <xText>(dowód: akt notarialny, rep. <xAnon> A</xAnon> nr <xAnon> (...)</xAnon>, k. 5-6v.)</xText>
          <xText>Pozwani wystąpili przeciwko <xAnon>E. T.</xAnon>pozew o zmianę obowiązków wynikających z zawartej w dniu <xAnon>(...)</xAnon>umowy dożywocia w ten sposób, że nie będą zobowiązani do dostarczania wyżywienia na świadczenie pieniężne w wysokości 100 złotych oraz o ustalenie warunków korzystania z domu w ten sposób, by nie zachodziła konieczność fizycznego ich kontaktu z <xAnon>E. T.</xAnon>. Sprawa ta została wszczęta w Sądzie Okręgowym w <xAnon>O.</xAnon>i zarejestrowana pod sygn. <xAnon>(...)</xAnon><xAnon>E. T.</xAnon>w odpowiedzi na pozew wniósł o rozwiązanie umowy dożywocia poprzez zobowiązanie pozwanych do złożenia oświadczenia woli przenoszącego własność nieruchomości stanowiącej działkę gruntu oznaczoną numerem <xAnon>(...)</xAnon>, położonej w <xAnon>G.</xAnon>.</xText>
          <xText>Wyrokiem z dnia <xAnon>(...)</xAnon> Sąd Okręgowy w <xAnon>O.</xAnon>umorzył postępowanie co do żądania zmiany uprawnienia <xAnon>E. T.</xAnon>polegającego na dostarczaniu mu wyżywienia na rentę w wysokości 100 złotych, zmienił uprawnienie <xAnon>E. T.</xAnon>polegające na dostarczaniu mieszkania, ograniczając to uprawnienie do wyłącznego korzystania przez <xAnon>E. T.</xAnon>z kuchni o powierzchni 11m<xSUPx> 2</xSUPx>, pokoju o powierzchni 11m<xSUPx> 2</xSUPx> i pokoju o powierzchni 12m<xSUPx> 2</xSUPx> oraz wspólnego korzystania z łazienki o powierzchni 8m<xSUPx> 2</xSUPx> i korytarza o powierzchni 10,5m<xSUPx> 2</xSUPx> usytuowanych na parterze budynku, zmienił uprawnienie <xAnon>E. T.</xAnon>polegające na dostarczaniu mu przez pozwanych energii elektrycznej na dożywotnią rentę odpowiadającą wartości tych uprawnień w wysokości po 150 złotych miesięcznie, płatną do 10 każdego miesiąca, zobowiązując jednocześnie pozwanych do wykonania na własny koszt i własnym staraniem instalacji elektrycznej umożliwiającej <xAnon>E. T.</xAnon>dostarczanie i rozliczanie energii elektrycznej, od którego to wykonania uzależnić wejście w życie opisanej zmiany, oddalił w pozostałym zakresie powództwo główne oraz oddalił powództwo wzajemne.</xText>
          <xText>Od powyższego wyroku <xAnon>E. T.</xAnon>wniósł apelację, którą Sąd Apelacyjny w <xAnon>B.</xAnon>oddalił na mocy wyroku z dnia <xAnon>(...)</xAnon> w sprawie <xAnon>(...)</xAnon>.</xText>
          <xText>(dowód: pozew, k. 2-3, wyrok Sądu Okręgowego w <xAnon>O.</xAnon>z dnia <xAnon>(...)</xAnon>, k. 264-264v., apelacja, k. 285-302-310, wyrok Sądu Apelacyjnego w <xAnon>B.</xAnon>z dnia <xAnon>(...)</xAnon>, k. 333 w aktach sprawy I C 410/06)</xText>
          <xText>W dniu <xAnon>(...)</xAnon><xAnon>E. T.</xAnon>zmarł. Postanowieniem Sądu Rejonowego w <xAnon>O.</xAnon>z dnia <xAnon>(...)</xAnon>w sprawie <xAnon>(...)</xAnon> stwierdzono, że spadek po wymienionym na podstawie ustawy nabyli powodowie po 1/2 części każdy z nich.</xText>
          <xText>(dowód: postanowienie w sprawie <xAnon>(...)</xAnon>, k. 4)</xText>
          <xText>Pismem doręczonym w dniu <xAnon>(...)</xAnon> powodowie wezwali pozwanych do zapłaty należnego im zachowku w kwocie po 100.000 złotych na rzecz każdego z nich, w terminie 14 dni od daty otrzymania wezwania.</xText>
          <xText>(dowód: wezwanie do zapłaty, k. 7)</xText>
          <xText xALIGNx="center">
            <xBRx/>
            <xBx>Sąd zważył, co następuje:</xBx>
          </xText>
          <xText>W świetle ustalonych okoliczności sprawy powództwo jako bezzasadne podlegało oddaleniu.</xText>
          <xText>Zgodnie z <xLexLink xArt="art. 991;art. 991 § 1" xIsapId="WDU19640160093" xTitle="Ustawa z dnia 23 kwietnia 1964 r. - Kodeks cywilny" xAddress="Dz. U. z 1964 r. Nr 16, poz. 93">art. 991 § 1 k.c.</xLexLink> zachowek przysługuje zstępnym, małżonkowi oraz rodzicom spadkodawcy, którzy byliby powołani do spadku z ustawy. Według powołanego przepisu uprawnionym do zachowku należą się, jeżeli uprawniony jest trwale niezdolny do pracy albo jeżeli zstępny uprawniony jest małoletni, dwie trzecie wartości udziału spadkowego, który by mu przypadał przy dziedziczeniu z mocy ustawy, w innych zaś przypadkach – połowa wartości udziału spadkowego.</xText>
          <xText>W celu obliczenia zachowku w pierwszym rzędzie należy określić udział spadkowy osoby uprawnionej do zachowku. Aby go określić, należy ustalić, w jakim udziale uprawniony do zachowku byłby powołany do spadku na podstawie ustawy, przy czym przy dokonywaniu tej operacji, zgodnie z <xLexLink xArt="art. 992" xIsapId="WDU19640160093" xTitle="Ustawa z dnia 23 kwietnia 1964 r. - Kodeks cywilny" xAddress="Dz. U. z 1964 r. Nr 16, poz. 93">art. 992 k.c.</xLexLink>, uwzględnia się także spadkobierców niegodnych oraz tych spadkobierców, którzy odrzucili spadek, natomiast nie uwzględnia się spadkobierców, którzy zrzekli się dziedziczenia albo którzy zostali wydziedziczeni. Tak wyliczony udział mnoży się przez 2/3 lub 1/2, w zależności od właściwości osobistych uprawnionego do zachowku.</xText>
          <xText>Kolejnym etapem jest ustalenie tzw. substratu zachowku, który najogólniej mówiąc, stanowi wartość spadku powiększoną o darowizny doliczane do spadku. Ustalenie substratu zachowku wymaga określenia czystej wartości spadku. Po określeniu czystej wartości spadku dolicza się do niej, dla ustalenia substratu zachowku, wartość darowizn dokonanych przez spadkodawcę, bez względu na to, czy były one uczynione na rzecz spadkobierców, uprawnionych do zachowku, czy też innych osób. Nie dolicza się jednak darowizn drobnych, zwyczajowo przyjętych, oraz dokonanych dawniej niż przed dziesięciu laty, licząc od daty otwarcia spadku, na rzecz osób nie będących spadkobiercami albo uprawnionymi do zachowku (<xLexLink xArt="art. 994;art. 994 § 1" xIsapId="WDU19640160093" xTitle="Ustawa z dnia 23 kwietnia 1964 r. - Kodeks cywilny" xAddress="Dz. U. z 1964 r. Nr 16, poz. 93">art. 994 § 1 k.c.</xLexLink>).</xText>
          <xText>Ostatnią operacją jest przemnożenie substratu zachowku przez udział spadkowy stanowiący podstawę do obliczenia zachowku. Rezultat mnożenia wyraża właśnie wysokość należnego zachowku.</xText>
          <xText>Niemniej jednak należy pamiętać, iż stosownie do <xLexLink xArt="art. 991;art. 991 § 2" xIsapId="WDU19640160093" xTitle="Ustawa z dnia 23 kwietnia 1964 r. - Kodeks cywilny" xAddress="Dz. U. z 1964 r. Nr 16, poz. 93">art. 991 § 2 k.c.</xLexLink> uprawnionemu przysługuje przeciwko spadkobiercy roszczenie o zapłatę sumy pieniężnej potrzebnej do pokrycia zachowku albo do jego uzupełnienia tylko wtedy, gdy nie otrzymał należnego mu zachowku bądź w postaci uczynionej przez spadkodawcę darowizny, bądź w postaci powołania do spadku, bądź w postaci zapisu. Oznacza to, że o powstaniu roszczenia o zachowek decyduje fakt, czy uprawniony uzyskał należny mu zachowek w postaci powołania do spadku, zapisu lub uczynionej na jego rzecz przez spadkodawcę darowizny. Jeśli otrzymał, nie może domagać się zachowku, jeśli natomiast nie uzyskał, przysługuje mu roszczenie o zachowek.</xText>
          <xText>Treść uzasadnienia pozwu w niniejszej sprawie wskazuje, że powodowie domagają się zapłaty kwoty po 100.000 złotych tytułem zachowku od pozwanych jako od osób, na rzecz których za życia <xAnon>E. T.</xAnon> w drodze umowy o dożywocie została przeniesiona własność nieruchomości stanowiącej działkę gruntu oznaczoną <xAnon>numerem ewidencyjnym (...)</xAnon>, położonej w miejscowości <xAnon>G.</xAnon>. Tym samym podstawę ich odpowiedzialności mógłby stanowić przepis <xLexLink xArt="art. 1000;art. 1000 § 1" xIsapId="WDU19640160093" xTitle="Ustawa z dnia 23 kwietnia 1964 r. - Kodeks cywilny" xAddress="Dz. U. z 1964 r. Nr 16, poz. 93">art. 1000 § 1 k.c.</xLexLink>, zgodnie z którym jeżeli uprawniony nie może otrzymać należnego mu zachowku od spadkobiercy lub osoby, na której rzecz został uczyniony zapis windykacyjny, może on żądać od osoby, która otrzymała od spadkodawcy darowiznę doliczoną do spadku, sumy pieniężnej potrzebnej do uzupełnienia zachowku. Jednakże obdarowany jest obowiązany do zapłaty powyższej sumy tylko w granicach wzbogacenia będącego skutkiem darowizny.</xText>
          <xText>Powołany przepis <xLexLink xArt="art. 1000;art. 1000 § 1" xIsapId="WDU19640160093" xTitle="Ustawa z dnia 23 kwietnia 1964 r. - Kodeks cywilny" xAddress="Dz. U. z 1964 r. Nr 16, poz. 93">art. 1000 § 1 k.c.</xLexLink> jasno określa kolejność podmiotów, od których osoba uprawniona do zachowku może otrzymać sumę niezbędną do jego uzupełnienia. Ustawodawca założył, iż głównym adresatem roszczenia o zachowek jest spadkobierca (<xLexLink xArt="art. 991;art. 991 § 2" xIsapId="WDU19640160093" xTitle="Ustawa z dnia 23 kwietnia 1964 r. - Kodeks cywilny" xAddress="Dz. U. z 1964 r. Nr 16, poz. 93">art. 991 § 2 k.c.</xLexLink>), a dopiero w przypadku, kiedy otrzymanie od spadkobiercy lub osoby, na której rzecz został uczyniony zapis windykacyjny, zachowku jest niemożliwe, uprawniony może żądać od osoby, która otrzymała od spadkodawcy darowiznę doliczoną do spadku, sumy pieniężnej potrzebnej do uzupełnienia zachowku. Osoba uprawniona do zachowku roszczenia z tego tytułu powinna w pierwszej kolejności kierować przeciwko spadkobiercom zmarłego, w drugiej kolejności w stosunku do osób, na których rzecz zostały uczynione zapisy windykacyjne, a w trzeciej kolejności odpowiadają osoby obdarowane. Tym samym dopóki istnieją osoby, od których możliwe jest uzyskanie zachowku w pierwszym rzędzie, dopóty nie jest możliwe skierowanie żądania zapłaty zachowku do osób wymienionych we wspomnianym przepisie w dalszej kolejności.</xText>
          <xText>Subsydiarność odpowiedzialności osoby obdarowanej oznacza, że odpowiedzialność z tytułu sumy pieniężnej potrzebnej do uzupełnienia zachowku ma charakter posiłkowy, pomocniczy, dodatkowy. W stosunku do obdarowanego roszczenia z tytułu zachowku mogą być dochodzone dopiero wówczas, gdy uprawniony nie może otrzymać od spadkobiercy lub osoby, na której rzecz został uczyniony zapis windykacyjny, należnego mu zachowku.</xText>
          <xText>Przenosząc powyższe uwagi na grunt niniejszej sprawy, należy zauważyć, że bezspornym jest fakt, iż pozwani nie są spadkobiercami (ani ustawowymi ani testamentowymi) <xAnon>E. T.</xAnon>, nie został też na ich rzecz uczyniony zapis windykacyjny ani nie otrzymali oni od spadkodawcy darowiznę doliczoną do spadku. Nie można zgodzić się z poglądem prezentowanym przez powodów, że darowizną doliczoną do spadku w rozumieniu przepisu <xLexLink xArt="art. 1000;art. 1000 § 1" xIsapId="WDU19640160093" xTitle="Ustawa z dnia 23 kwietnia 1964 r. - Kodeks cywilny" xAddress="Dz. U. z 1964 r. Nr 16, poz. 93">art. 1000 § 1 k.c.</xLexLink> jest umowa dożywocia, a taka właśnie umowa została w dniu <xAnon>(...)</xAnon> zawarta między spadkodawcą <xAnon>E. T.</xAnon>a pozwanymi. Treść umowy decydująca o jej prawnym charakterze nie budzi wątpliwości – pozwani w zamian za własność nieruchomości zobowiązali się zapewnić spadkodawcy dożywotnie utrzymanie, polegające na przyjęciu zbywcy jako domownika, dostarczaniu mu wyżywienia, ubrania, mieszkania, światła i opału, pomocy i pielęgnowania w chorobie oraz sprawieniu mu na ich koszt pogrzebu odpowiadającego miejscowym zwyczajom.</xText>
          <xText>Zgodnie z <xLexLink xArt="art. 908;art. 908 § 1" xIsapId="WDU19640160093" xTitle="Ustawa z dnia 23 kwietnia 1964 r. - Kodeks cywilny" xAddress="Dz. U. z 1964 r. Nr 16, poz. 93">art. 908 § 1 k.c.</xLexLink> jeżeli w zamian za przeniesienie własności nieruchomości nabywca zobowiązał się zapewnić zbywcy dożywotnie utrzymanie (umowa o dożywocie), powinien on, w braku odmiennej umowy, przyjąć zbywcę jako domownika, dostarczać mu wyżywienia, ubrania, mieszkania, światła i opału, zapewnić mu odpowiednią pomoc i pielęgnowanie w chorobie oraz sprawić mu własnym kosztem pogrzeb odpowiadający zwyczajom miejscowym.</xText>
          <xText>Kodeksowe uregulowanie umowy dożywocia wskazuje na to, że jest to umowa odpłatna, konsensualna, zobowiązująca, kauzalna, przysparzająca, dwustronnie zobowiązująca i wzajemna. W zamian za przeniesienie własności nieruchomości nabywca zobowiązuje się względem zbywcy do zapewnienia mu dożywotniego utrzymania, którego treść i zakres będą zależały od woli stron zawierających umowę. Odpłatność tej umowy wyraża się w tym, że świadczenie jednej strony umowy znajduje swój odpowiednik w świadczeniu drugiej strony. W przypadku umowy o dożywocie zbywca nieruchomości uzyskuje określone świadczenie, którego istota – najogólniej rzecz biorąc – sprowadza się do zaspokojenia jego potrzeb życiowych w taki sposób, aby nie musiał on przyczyniać się do zdobywania środków na zaspokojenie niezbędnych wymagań życiowych (zob. wyrok Sądu Najwyższego z dnia 9 maja 2008r., sygn. akt III CSK 359/07, LEX nr 453125). Nie ma przy tym znaczenia dla bytu samej umowy dożywocia, czy świadczenie nabywcy dokładnie odpowiada wartości nieruchomości.</xText>
          <xText>Powyższy wniosek o odpłatnym charakterze umowy dożywocia potwierdzają również <xLexLink xArt="art. 913;art. 914" xIsapId="WDU19640160093" xTitle="Ustawa z dnia 23 kwietnia 1964 r. - Kodeks cywilny" xAddress="Dz. U. z 1964 r. Nr 16, poz. 93">art. 913 i 914 k.c.</xLexLink>, przewidujące możliwość zamiany wszystkich lub niektórych uprawnień objętych treścią prawa dożywocia na dożywotnią rentę odpowiadającą wartości tych uprawnień w sytuacji, gdy między dożywotnikiem a zobowiązanym wytworzą się takie stosunki, że nie można wymagać od stron, żeby pozostawały nadal w bezpośredniej ze sobą styczności, oraz możliwość zamiany prawa dożywocia na dożywotnią rentę odpowiadającą wartości tego prawa w sytuacji, gdy zobowiązany z tytułu umowy o dożywocie zbędzie otrzymaną nieruchomość. Z przepisów tych jednoznacznie wynika, że świadczenie, do którego zobowiązuje się nabywca nieruchomości na rzecz zbywcy, ma określoną wymierną wartość majątkową i ekonomiczną.</xText>
          <xText>Trzeba też wskazać, że skoro umowa zawarta z następcą w trybie przepisów <xLexLink xArt="" xIsapId="WDU19820400268" xTitle="Ustawa z dnia 14 grudnia 1982 r. o ubezpieczeniu społecznym rolników indywidualnych i członków ich rodzin" xAddress="Dz. U. z 1982 r. Nr 40, poz. 268">ustawy o ubezpieczeniu społecznym rolników indywidualnych i członków ich rodzin</xLexLink> nie jest traktowana na równi z umową darowizny, to tym bardziej brak jest podstaw do przyjęcia, że umowa dożywocia wywołuje skutki podobne do umowy darowizny. W uchwale z dnia 21 czerwca 2012r. w sprawie o sygn. III CZP 29/12 (OSNC 2013/1/17) Sąd Najwyższy stwierdził, że przy ustalaniu zachowku nie uwzględnia się wartości gospodarstwa rolnego przekazanego przez spadkodawcę następcy na podstawie umowy przewidzianej w <xLexLink xArt="art. 59" xIsapId="WDU19820400268" xTitle="Ustawa z dnia 14 grudnia 1982 r. o ubezpieczeniu społecznym rolników indywidualnych i członków ich rodzin" xAddress="Dz. U. z 1982 r. Nr 40, poz. 268">art. 59 ustawy z dnia 14 grudnia 1982r. o ubezpieczeniu społecznym rolników indywidualnych i członków ich rodzin</xLexLink>.</xText>
          <xText>Umowa darowizny jest umową, na mocy której darczyńca zobowiązuje się do bezpłatnego świadczenia na rzecz obdarowanego kosztem swego majątku. Cechą istotnie wyróżniającą umowę darowizny od wielu innych umów nazwanych uregulowanych w <xLexLink xArt="" xIsapId="WDU19640160093" xTitle="Ustawa z dnia 23 kwietnia 1964 r. - Kodeks cywilny" xAddress="Dz. U. z 1964 r. Nr 16, poz. 93">kodeksie cywilnym</xLexLink> jest jej nieodpłatność. Świadczenie darowizny jest bezpłatne tylko wtedy, gdy druga strona umowy nie zobowiązuje się do jakiegokolwiek świadczenia na rzecz darczyńcy w zamian za uczynioną darowiznę.</xText>
          <xText>W tych okolicznościach Sąd przyjął, że umowa dożywocia – z uwagi na jej prawny charakter – nie może być na równi traktowana z umową darowizny. Umowa dożywocia jest umową wzajemną i odpłatną i nawet przy liberalnym pojmowaniu darowizny w rozumieniu przepisów o zachowku nie może mieć ona znaczenia z tego punktu widzenia. Analiza charakteru umowy dożywocia określa cechy tej czynności prawnej, które różnią ją od uregulowanej w <xLexLink xArt="" xIsapId="WDU19640160093" xTitle="Ustawa z dnia 23 kwietnia 1964 r. - Kodeks cywilny" xAddress="Dz. U. z 1964 r. Nr 16, poz. 93">kodeksie cywilnym</xLexLink> umowy darowizny. Wyłącznie umowa darowizny uzasadniałaby możliwość domagania się zachowku od osoby, która ją otrzymała od spadkodawcy, a do zawarcia takiej umowy nie doszło między spadkodawcą a pozwanymi. W konsekwencji wartości nieruchomości przeniesionej przez spadkodawcę na nabywcę w zamian za dożywotnie utrzymanie nie dolicza się do substratu zachowku.</xText>
          <xText>Uwzględniając wyżej poczynione uwagi, Sąd uznał, że zgłoszony przez powodów dowód z opinii biegłego z zakresu szacowania nieruchomości jest nieistotny z punktu widzenia rozstrzygnięcia niniejszej sprawy. Dowód ten miałby znaczenie jedynie wówczas, gdyby ustalono, że wartość nieruchomości będącej przedmiotem umowy dożywocia podlega zaliczeniu do substratu zachowku, co w realiach sprawy nie ma miejsca. Jako zbędne oceniono również wnioski powodów o dopuszczenie dowodu z zeznań świadka <xAnon>I. B.</xAnon>i akt sprawy karnej o sygn. <xAnon>(...)</xAnon>. Dowody te miały służyć wykazaniu istnienia konfliktu między zmarłym <xAnon>E. T.</xAnon>a pozwanymi oraz sposobu wykonywania treści dożywocia przez pozwanych. Niemniej jednak trzeba stanowczo podkreślić, iż przedmiotem niniejszego postępowania nie jest roszczenie o rozwiązanie umowy dożywocia (przy czym roszczenie to – jako ściśle związane z osobą dożywotnika – nie mogłoby przejść na jego spadkobierców – zob. uchwała Sądu Najwyższego z dnia 16 marca 1970r., sygn. akt III CZP 112/69, OSNC 1971, nr 1, poz. 1) ani roszczenie o zamianę uprawnień objętych treścią umowy dożywocia na dożywotnią rentę.</xText>
          <xText>Całokształt powyższych okoliczności skutkował oddaleniem powództwa jako pozbawionego usprawiedliwionych podstaw (vide: pkt I sentencji wyroku).</xText>
          <xText>O kosztach procesu Sąd orzekł zgodnie z <xLexLink xArt="art. 98;art. 98 § 1;art. 98 § 3" xIsapId="WDU19640430296" xTitle="Ustawa z dnia 17 listopada 1964 r. - Kodeks postępowania cywilnego" xAddress="Dz. U. z 1964 r. Nr 43, poz. 296">art. 98 § 1 i 3 k.p.c.</xLexLink> stosownie od wyniku sprawy. Powodowie jako przegrywający sprawę w całości są obowiązani zwrócić pozwanym całość poniesionych przez nich kosztów, przy czym Sąd nie znalazł podstaw do zasądzenia kosztów procesu solidarnie. Zgodnie z <xLexLink xArt="art. 105;art. 105 § 2;art. 105 § 2 zd. 1" xIsapId="WDU19640430296" xTitle="Ustawa z dnia 17 listopada 1964 r. - Kodeks postępowania cywilnego" xAddress="Dz. U. z 1964 r. Nr 43, poz. 296">art. 105 § 2 zd. 1 k.p.c.</xLexLink> na współuczestników sporu odpowiadających solidarnie co do istoty sprawy sąd włoży solidarny obowiązek zwrotu kosztów. W niniejszej sprawie występujące po stronie powodowej współuczestnictwo ma charakter formalny i z uwagi na to, że w imieniu obu pozwanych została sporządzona jedna odpowiedź na pozew, a czynności procesowe były tożsame, Sąd nakazał powodom zwrócić koszt zastępstwa procesowego tylko jednego pełnomocnika (vide: pkt II sentencji wyroku).</xText>
        </xUnit>
      </xBlock>
    </xPart>
  </judgement>
<judgement id="150525000001006_II_Ka_000065_2014_Uz_2014-05-30_001">
    <xPart xEditorFullName="Marlena Achcińska" xYear="2014" xLang="PL" xPublisherFullName="Marlena Achcińska" xFromPg="1" xEditor="m.achcinska" xVolType="15/052500/0001006/Ka" xPublisher="m.achcinska" xDocType="Uz" xVolNmbr="000065" xVersion="1.0" xToPage="3" xFlag="published">
      <xName>Wyrok+Uzasadnienie</xName>
      <xBlock>
        <xText>Sygn. akt II Ka 65/14</xText>
        <xUnit xIsTitle="true" xType="part" xBold="true">
          <xName>WYROK</xName>
          <xTitle>W IMIENIU RZECZYPOSPOLITEJ POLSKIEJ</xTitle>
          <xText xALIGNx="right"> Dnia 30 maja 2014 r.</xText>
          <xText>Sąd Okręgowy w Ostrołęce II Wydział Karny w składzie:</xText>
          <xText>Przewodniczący : SSO Artur Bobiński</xText>
          <xText>Protokolant : st. sekr. sąd. Ewa Pędzich</xText>
          <xText>po rozpoznaniu w dniu 30 maja 2014 r.;</xText>
          <xText>sprawy <xBx><xAnon>P. G.</xAnon>;</xBx></xText>
          <xText>obwinionego z art. 86§ 1kw;</xText>
          <xText>na skutek apelacji, wniesionej przez obrońcę obwinionego;</xText>
          <xText>od wyroku Sądu Rejonowego w Ostrołęce;</xText>
          <xText>z dnia 18 listopada 2013 r. w sprawie sygn. akt II W 211/12;</xText>
          <xText><xBx>I.</xBx> zaskarżony wyrok uchyla i na podstawie <xLexLink xArt="art. 5;art. 5 § 1;art. 5 § 1 pkt. 4" xIsapId="WDU20011061148" xTitle="Ustawa z dnia 24 sierpnia 2001 r. - Kodeks postępowania w sprawach o wykroczenia" xAddress="Dz. U. z 2001 r. Nr 106, poz. 1148">art. 5§1 pkt 4 kpw</xLexLink> w zw. z <xLexLink xArt="art. 45;art. 45 § 1" xIsapId="WDU20011061148" xTitle="Ustawa z dnia 24 sierpnia 2001 r. - Kodeks postępowania w sprawach o wykroczenia" xAddress="Dz. U. z 2001 r. Nr 106, poz. 1148">art. 45§1</xLexLink> kw postępowanie w sprawie umarza;</xText>
          <xText><xBx>II.</xBx> zwalnia obwinionego z ponoszenia kosztów i opłat sądowych za drugą instancję.</xText>
          <xText>Sygn. akt Ka 65/14</xText>
        </xUnit>
        <xUnit xIsTitle="true" xType="part" xBold="true">
          <xName>UZASADNIENIE</xName>
          <xText><xAnon>P. G.</xAnon> został obwiniony o to, że:</xText>
          <xUnit xIsTitle="false" xType="none">
            <xName xSffx=".">I</xName>
            <xText>w dniu 8 lutego 2012 r. około godz. 12.05 w <xAnon>O.</xAnon> na <xAnon>ul. (...)</xAnon>, kierując na drodze publicznej samochodem osobowym marki <xAnon> (...)</xAnon> nie zachował należytej ostrożności w ten sposób, że jadąc <xAnon>ul. (...)</xAnon> w <xAnon>O.</xAnon> nie zachował bezpiecznego odstępu od poprzedzającego go pojazdu marki <xAnon>M.</xAnon><xAnon>numer rejestracyjny (...)</xAnon> i najechał na jego tył, czym spowodował zagrożenie bezpieczeństwa w ruchu drogowym,</xText>
          </xUnit>
          <xText>
            <xBx>
              <xIx>tj. o czyn z art. 86 § 1 kw. </xIx>
            </xBx>
          </xText>
          <xText>Sąd Rejonowy w Ostrołęce wyrokiem z dnia 18 listopada 20013 r.:</xText>
          <xUnit xIsTitle="false" xType="none">
            <xName xSffx=".">I</xName>
            <xText>obwinionego <xAnon>P. G.</xAnon> w ramach zarzucanego mu czynu uznał za winnego tego, że w dniu 8 lutego 2012 roku około godz. 12.05 w <xAnon>O.</xAnon> na ul. 11 listopada kierując na drodze publicznej samochodem osobowym marki <xAnon> (...)</xAnon> nie zachował należytej ostrożności w ten sposób, że jadąc z prędkością około 70 km/h, co stanowi naruszenie <xLexLink xArt="art. 20;art. 20 ust. 1" xIsapId="WDU19970980602" xTitle="Ustawa z dnia 20 czerwca 1997 r. - Prawo o ruchu drogowym" xAddress="Dz. U. z 1997 r. Nr 98, poz. 602">art. 20 ust. 1 ustawy z dnia 20 czerwca 1997 r. Prawo o ruchu drogowym</xLexLink>, <xAnon>ul. (...)</xAnon> w <xAnon>O.</xAnon> nie zachowując bezpiecznego odstępu od poprzedzającego go pojazdu marki <xAnon>M.</xAnon><xAnon>numer rejestracyjny (...)</xAnon> i najechał na jego tył, czym spowodował zagrożenie bezpieczeństwa w ruchu drogowym, tj. czynu z art. 86 § 1 kw i za czyn ten na podstawie art. 86 § 1 kw wymierzył mu grzywnę w wysokości 300 (trzystu) złotych;</xText>
          </xUnit>
          <xUnit xIsTitle="false" xType="none">
            <xName xSffx=".">II</xName>
            <xText>zasądził od obwinionego na rzecz Skarbu Państwa kwotę 120 (stu dwudziestu) złotych tytułem zryczałtowanych wydatków postępowania oraz kwotę 30 (trzydziestu) złotych tytułem opłaty oraz kwotę 878,80 (osiemset siedemdziesiąt osiem złotych osiemdziesiąt groszy) tytułem należności biegłego.</xText>
          </xUnit>
          <xText>Powyższy wyrok w całości apelacją zaskarżył obrońca obwinionego zarzucając mu obrazę prawa materialnego, tj. art. 86 § 1 kw w zw. z <xLexLink xArt="art. 5;art. 5 ust. 1" xIsapId="WDU19970980602" xTitle="Ustawa z dnia 20 czerwca 1997 r. - Prawo o ruchu drogowym" xAddress="Dz. U. z 1997 r. Nr 98, poz. 602">art. 5 ust. 1 ustawy z dnia 20 czerwca 1997 r. Prawo o ruchu drogowym</xLexLink> w zw. z § 1 ust. 1 pkt. 2 rozporządzenia Ministra Infrastruktury oraz spraw wewnętrznych i administracji z dnia 31 lipca 2002 r. w sprawie znaków i sygnałów drogowych ( Dz. U. Nr 170, poz. 1393 z póź. zm.).</xText>
          <xText>W konkluzji obrońca oskarżonego wniósł o zmianę zaskarżonego wyroku przez uniewinnienie obwinionego od popełnienia zarzucanego mu czynu.</xText>
          <xText>
            <xBx>Sąd Okręgowy zważył co następuje:</xBx>
          </xText>
          <xText>Ustosunkowanie się od zarzutów podnoszonych w apelacji było przedwczesne. W sprawie niniejszej zaszła ujemna przesłanka procesowa uniemożliwiająca prowadzenie postępowania. Zgodnie z <xLexLink xArt="art. 5;art. 5 § 1;art. 5 § 1 pkt. 4" xIsapId="WDU20011061148" xTitle="Ustawa z dnia 24 sierpnia 2001 r. - Kodeks postępowania w sprawach o wykroczenia" xAddress="Dz. U. z 2001 r. Nr 106, poz. 1148">art. 5§1 pkt 4 kpw</xLexLink> postępowania nie wszczyna się, a wszczęte umarza gdy nastąpiło przedawnienie orzekania.</xText>
          <xText>Zgodnie z art.45§1 kw karalność wykroczenia ustaje, jeżeli od czasu jego popełnienia upłynął rok, jeżeli w tym czasie wszczęto postepowanie, karalność wykroczenia ustaje z upływem 2 lat od popełnienia czynu.</xText>
          <xText><xAnon>P. G.</xAnon> został obwiniony o popełnienie wykroczenia w dniu 8 lutego 2012r., a zatem od daty popełnienia wykroczenia upłynął dwuletni termin przedawnienia określony w art. 45§1 kw.</xText>
          <xText>Mając na uwadze powyższe postępowania w niniejszej sprawie należało umorzyć.</xText>
          <xText>O kosztach postepowania Sąd Okręgowy orzekł zgodnie z <xLexLink xArt="art. 118;art. 118 § 2" xIsapId="WDU20011061148" xTitle="Ustawa z dnia 24 sierpnia 2001 r. - Kodeks postępowania w sprawach o wykroczenia" xAddress="Dz. U. z 2001 r. Nr 106, poz. 1148">art. 118§2 kpw</xLexLink>.</xText>
          <xText>Mając na uwadze powyższe Sąd Okręgowy orzekł jak w wyroku.</xText>
        </xUnit>
      </xBlock>
    </xPart>
  </judgement>
<judgement id="152020000000503_I_Ca_000107_2014_Uz_2014-05-30_001">
    <xPart xEditorFullName="Paweł Chrabąszcz" xYear="2014" xLang="PL" xPublisherFullName="Ewa Armatys" xFromPg="1" xEditor="pchrabaszcz" xVolType="15/202000/0000503/Ca" xPublisher="earmatys" xDocType="Uz" xVolNmbr="000107" xVersion="1.0" xToPage="24" xFlag="published">
      <xName>Wyrok+Uzasadnienie</xName>
      <xBlock>
        <xText>Sygn. akt I Ca 107/14</xText>
        <xUnit xIsTitle="true" xBold="true" xType="part">
          <xName>WYROK</xName>
          <xTitle>W IMIENIU RZECZYPOSPOLITEJ POLSKIEJ</xTitle>
          <xText xALIGNx="right">Dnia 30 maja 2014 r.</xText>
          <xText>Sąd Okręgowy w Tarnowie – Wydział I Cywilny</xText>
          <xText>w składzie:</xText>
          <xRows>
            <xCOLGROUPx>
              <xCOLx xWIDTHx="167"/>
              <xCOLx xWIDTHx="431"/>
            </xCOLGROUPx>
            <xRow>
              <xClmn xALIGNx="left" xVALIGNx="top">
                <xText xALIGNx="right">
                  <xBx>Przewodniczący:</xBx>
                </xText>
              </xClmn>
              <xClmn xALIGNx="left" xVALIGNx="top">
                <xText>
                  <xBx> SSO Edward Panek</xBx>
                </xText>
              </xClmn>
            </xRow>
            <xRow>
              <xClmn xALIGNx="left" xVALIGNx="top">
                <xText xALIGNx="right">
                  <xBx>Sędziowie:</xBx>
                </xText>
              </xClmn>
              <xClmn xALIGNx="left" xVALIGNx="top">
                <xText>
                  <xBx> SSO Mariusz Sadecki</xBx>
                </xText>
                <xText>
                  <xBx> SSO Marek Syrek (spr.)</xBx>
                </xText>
              </xClmn>
            </xRow>
            <xRow>
              <xClmn xALIGNx="left" xVALIGNx="top">
                <xText xALIGNx="right">
                  <xBx>Protokolant:</xBx>
                </xText>
              </xClmn>
              <xClmn xALIGNx="left" xVALIGNx="top">
                <xText>
                  <xBx> sekretarz sądowy Paweł Chrabąszcz </xBx>
                </xText>
              </xClmn>
            </xRow>
          </xRows>
          <xText>po rozpoznaniu w dniu 22 maja 2014 r. w Tarnowie</xText>
          <xText>na rozprawie</xText>
          <xText>sprawy z powództwa <xAnon>R. C.</xAnon></xText>
          <xText>przeciwko <xAnon>E. M.</xAnon></xText>
          <xText>o zapłatę</xText>
          <xText>na skutek apelacji pozwanego</xText>
          <xText>od wyroku Sądu Rejonowego w Tarnowie</xText>
          <xText>z dnia 12 grudnia 2013 r., sygn. akt I C 1885/12</xText>
          <xUnit xIsTitle="false" xType="none">
            <xName xSffx=".">1</xName>
            <xText>
              <xBx>
                <xIx>zmienia zaskarżony wyrok w ten sposób, iż nadaje mu brzmienie:  </xIx>
              </xBx>
            </xText>
          </xUnit>
          <xText>
            <xBx>
              <xIx>„I. zasądza od pozwanego <xAnon>E. M.</xAnon> na rzecz powódki <xAnon>R. C.</xAnon> kwotę 16.970,31 zł (szesnaście tysięcy dziewięćset siedemdziesiąt złotych 31/100) z ustawowymi odsetkami od 1 lutego 2012 r. do dnia zapłaty, </xIx>
            </xBx>
          </xText>
          <xText>
            <xBx>
              <xIx>II. w pozostałym zakresie powództwo oddala, </xIx>
            </xBx>
          </xText>
          <xText>
            <xBx>
              <xIx>III. koszty postępowania pomiędzy stronami wzajemnie znosi, </xIx>
            </xBx>
          </xText>
          <xText>
            <xBx>
              <xIx>IV. nakazuje pobrać od pozwanego <xAnon>E. M.</xAnon> na rzecz <xBRx/>Skarbu Państwa – Sądu Rejonowego w Tarnowie kwotę 849 zł (osiemset czterdzieści dziewięć złotych) tytułem części opłaty od pozwu”; </xIx>
            </xBx>
          </xText>
          <xUnit xIsTitle="false" xType="none">
            <xName xSffx=".">2</xName>
            <xText>
              <xBx>
                <xIx>w pozostałym zakresie apelację oddala;  </xIx>
              </xBx>
            </xText>
          </xUnit>
          <xUnit xIsTitle="false" xType="none">
            <xName xSffx=".">3</xName>
            <xText>
              <xBx>
                <xIx>znosi między stronami koszty postępowania odwoławczego.  </xIx>
              </xBx>
            </xText>
          </xUnit>
          <xText>Sygn. akt I Ca 107/14</xText>
        </xUnit>
        <xUnit xIsTitle="true" xBold="true" xType="part">
          <xName>UZASADNIENIE</xName>
          <xText>Powódka <xAnon>R. C.</xAnon> w ostatecznie sprecyzowanym pozwie skierowanym przeciwko <xAnon>E. M.</xAnon> domagała się zasądzenia następujących kwot wraz z odsetkami ustawowymi liczonymi, od następujących dat:</xText>
          <xText>- 1063,97 zł za październik 2007 r. od dnia 1.11.2007 r. do dnia zapłaty,</xText>
          <xText>- 598,41 zł za listopad 2007 r. od dnia 1.12.2007 r. do dnia zapłaty,</xText>
          <xText>- 549,41 zł za grudzień 2007 r. od dnia 1.01.2008 r. do dnia zapłaty,</xText>
          <xText>- 701,59 zł za styczeń 2008 r. od dnia 1.02.2008 r. do dnia zapłaty,</xText>
          <xText>- 662,45 zł za luty 2008 r. od dnia 1 marca 2008 r. do dnia zapłaty,</xText>
          <xText>- 587,17 zł za marzec 2008 r. od dnia 1.04.2008 r. do dnia zapłaty,</xText>
          <xText>- 644,43 zł za kwiecień 2008 r. od dnia 1.05.2008 r. do dnia zapłaty,</xText>
          <xText>- 606,99 zł za maj 2008 r. od dnia 1.06.2008 r. do dnia zapłaty,</xText>
          <xText>- 665,46 zł za czerwiec 2008 r. od dnia 1.07.2008 r. do dnia zapłaty,</xText>
          <xText>- 611,13 zł za lipiec 2008 r. od dnia 1.08. 2008 r. do dnia zapłaty,</xText>
          <xText>- 663,43 zł za sierpień 2008 r. od dnia 1.09.2008 r. do dnia zapłaty,</xText>
          <xText>- 600,07 zł za wrzesień 2008 r. od dnia 1.10.2008 r. do dnia zapłaty,</xText>
          <xText>- 631,49 zł za październik 2008 r. od dnia 1.11.2008 r. do dnia zapłaty,</xText>
          <xText>- 691,90 zł za listopad 2008 r. od dnia 1.12.2008 r. do dnia zapłaty,</xText>
          <xText>- 638,65 zł za grudzień 2008 r. od dnia 1.01.2009 r. do dnia zapłaty,</xText>
          <xText>- 736,14 zł za styczeń 2009r. od dnia 01.02.2009r. do dnia zapłaty,</xText>
          <xText>- 482,45 zł za luty 2009r. od dnia 01.03.2009r. do dnia zapłaty,</xText>
          <xText>- 652,56 zł za marzec 2009r. od dnia 01.04.2009r. do dnia zapłaty,</xText>
          <xText>- 633,97 zł za kwiecień 2009r. od dnia 01.05.2009r. do dnia zapłaty,</xText>
          <xText>- 666,41 zł za maj 2009r. od dnia 01.06.2009r. do dnia zapłaty,</xText>
          <xText>- 707,37 zł za czerwiec 2009r. od dnia 01.07.2009r. do dnia zapłaty,</xText>
          <xText>- 621,14 zł za lipiec 2009r. od dnia 01.08.2009r. do dnia zapłaty,</xText>
          <xText>- 693,17 zł za sierpień 2009r. od dnia 01.09.2009r. do dnia zapłaty,</xText>
          <xText>- 684,64 zł za wrzesień 2009r. od dnia 01.10.2009r. do dnia zapłaty,</xText>
          <xText>- 1.009,15 zł za październik 2009r. od dnia 01.11.2009r. do dnia zapłaty,</xText>
          <xText>- 645,96 zł za listopad 2009r. od dnia 01.12.2009r. do dnia zapłaty,</xText>
          <xText>- 637,64 zł za grudzień 2009r. od dnia 01.01.2010r. do dnia zapłaty,</xText>
          <xText>- 621,14 zł za styczeń 2010r. od dnia 01.02.2010r. do dnia zapłaty,</xText>
          <xText>- 621,14 zł za luty 2010r. od dnia 01.03.2010r. do dnia zapłaty,</xText>
          <xText>- 713,72 zł za marzec 2010r. od dnia 01.04.2010r. do dnia zapłaty,</xText>
          <xText>- 793,20 zł za kwiecień 2010r. od dnia 01.05.2010r. do dnia zapłaty,</xText>
          <xText>- 775,57 zł za maj 2010r. od dnia 01.06.2010r. do dnia zapłaty,</xText>
          <xText>- 716,14 zł za czerwiec 2010r. od dnia 01.07.2010r. do dnia zapłaty,</xText>
          <xText>- 763,34 zł za lipiec 2010r. od dnia 01.08.2010r. do dnia zapłaty,</xText>
          <xText>- 712,22 zł za sierpień 2010r. od dnia 01.09.2010r. do dnia zapłaty,</xText>
          <xText>- 769,23 zł za wrzesień 2010r. od dnia 01.10.2010r. do dnia zapłaty,</xText>
          <xText>- 730,80 zł za październik 2010r. od dnia 01.11.2010r. do dnia zapłaty,</xText>
          <xText>- 754,59 zł za listopad 2010r. od dnia 01.12.2010r. do dnia zapłaty,</xText>
          <xText>- 716,00 zł za grudzień 2010r. od dnia 01.01.2011r. do dnia zapłaty,</xText>
          <xText>- 756,41 zł za styczeń 2011r. od dnia 01.02.2011r. do dnia zapłaty,</xText>
          <xText>- 768,34 zł za luty 2011r. od dnia 01.03.2011r. do dnia zapłaty,</xText>
          <xText>- 765,71 zł za marzec 2011r. od dnia 01.04.2011r. do dnia zapłaty,</xText>
          <xText>- 777,88 zł za kwiecień 2011r. od dnia 01.05.2011r. do dnia zapłaty,</xText>
          <xText>- 792,80 zł za maj 2011r. od dnia 01.06.2011r. do dnia zapłaty,</xText>
          <xText>- 757,53 zł za czerwiec 2011r. od dnia 01.07.2011r. do dnia zapłaty,</xText>
          <xText>- 803,77 zł za lipiec 2011r. od dnia 01.08.2011r. do dnia zapłaty,</xText>
          <xText>- 759,08 zł za sierpień 2011r. od dnia 01.09.2011r. do dnia zapłaty,</xText>
          <xText>- 753,63 zł za wrzesień 2011r. od dnia 01.10.2011r. do dnia zapłaty,</xText>
          <xText>- 822,36 zł za październik 2011r. od dnia 01.11.2011r. do dnia zapłaty,</xText>
          <xText>- 802,83 zł za listopad 2011r. od dnia 01.12.2011r. do dnia zapłaty,</xText>
          <xText>- 895,26 zł za grudzień 2011r. od dnia 01.01.2012r. do dnia zapłaty</xText>
          <xText>W uzasadnieniu wskazała, iż kwota dochodzona pozwem stanowi połowę kosztów jakie ponosiła na zapewnienie opieki pielęgniarskiej, leków oraz utrzymanie matki <xAnon>C. M.</xAnon> w Domu Pogodnej Jesieni w <xAnon>T.</xAnon> przez okres od dnia 1 lipca 2006 r. do 31 grudnia 2011 r. Wskazała przy tym, iż koszty ponoszone w tym czasie przez samą <xAnon>C. M.</xAnon> za pobyt w Domu to 70% jej miesięcznych świadczeń, pozostała zaś część dopłacana była przez powódkę.</xText>
          <xText>W odpowiedzi na pozew <xAnon>E. M.</xAnon> wniósł o oddalenie powództwa, wskazując, iż brak jest po jego stronie zobowiązania do zwrotu kosztów, które powódka uiszczała za pobyt matki stron w Domu Pogodnej Jesieni. Powódka uiszczała opłaty dobrowolnie i nigdy nie wzywała go do partycypowania w kosztach. Także matka pozwanego nie występowała z roszczeniem alimentacyjnym. Dopiero obecnie uczyniła to powódka wszczynając postępowanie przed sądem rodzinnym.</xText>
          <xText>Nadto zważywszy na trudną sytuację osobistą i majątkową pozwanego, brak jest podstaw na obciążenie go tymi kosztami. Pozwany zauważył również, iż w 2007 roku stan matki stron nie wymagał umieszczenia jej w domu opieki, decyzję ta powódka podjęła sama bez konsultacji z nim, a on sam nigdy nie zgodziłby się na umieszczenie matki w domu opieki, w którym konieczne jest uiszczanie pełnej opłaty. Pozwany zarzucił również, iż powódka nie rozliczyła 30% renty pozostałej po uiszczeniu opłaty za DPS, którą to jako opiekun prawny rozporządza oraz że po śmierci ojca wydatkowała oszczędności należne matce.</xText>
          <xText>Pozwany podniósł również zarzut przedawnienia dochodzonych roszczeń z uwagi na upływ 3-letniego terminu, a także okoliczność, iż koszty utrzymania matki stron ponosił mąż powódki, który nie jest powodem, stąd powódka nie może domagać się zwrotu tych pieniędzy na swoją rzecz.</xText>
          <xText>Wyrokiem z dnia 12 grudnia 2013 r. Sąd Rejonowy w Tarnowie zasądził od pozwanego na rzecz powódki następujące kwoty z odsetkami ustawowymi:</xText>
          <xText>- 630,22 zł za styczeń 2009r. od dnia 01.02.2009r. do dnia zapłaty,</xText>
          <xText>- 482,45 zł za luty 2009r. od dnia 01.03.2009r. do dnia zapłaty,</xText>
          <xText>- 652,56 zł za marzec 2009r. od dnia 01.04.2009r. do dnia zapłaty,</xText>
          <xText>- 633,97 zł za kwiecień 2009r. od dnia 01.05.2009r. do dnia zapłaty,</xText>
          <xText>- 666,41 zł za maj 2009r. od dnia 01.06.2009r. do dnia zapłaty,</xText>
          <xText>- 707,37 zł za czerwiec 2009r. od dnia 01.07.2009r. do dnia zapłaty,</xText>
          <xText>- 621,14 zł za lipiec 2009r. od dnia 01.08.2009r. do dnia zapłaty,</xText>
          <xText>- 693,17 zł za sierpień 2009r. od dnia 01.09.2009r. do dnia zapłaty,</xText>
          <xText>- 684,64 zł za wrzesień 2009r. od dnia 01.10.2009r. do dnia zapłaty,</xText>
          <xText>- 1.009,15 zł za październik 2009r. od dnia 01.11.2009r. do dnia zapłaty,</xText>
          <xText>- 645,96 zł za listopad 2009r. od dnia 01.12.2009r. do dnia zapłaty,</xText>
          <xText>- 637,64 zł za grudzień 2009r. od dnia 01.01.2010r. do dnia zapłaty,</xText>
          <xText>- 621,14 zł za styczeń 2010r. od dnia 01.02.2010r. do dnia zapłaty,</xText>
          <xText>- 621,14 zł za luty 2010r. od dnia 01.03.2010r. do dnia zapłaty,</xText>
          <xText>- 713,72 zł za marzec 2010r. od dnia 01.04.2010r. do dnia zapłaty,</xText>
          <xText>- 793,20 zł za kwiecień 2010r. od dnia 01.05.2010r. do dnia zapłaty,</xText>
          <xText>- 775,57 zł za maj 2010r. od dnia 01.06.2010r. do dnia zapłaty,</xText>
          <xText>- 716,14 zł za czerwiec 2010r. od dnia 01.07.2010r. do dnia zapłaty,</xText>
          <xText>- 763,34 zł za lipiec 2010r. od dnia 01.08.2010r. do dnia zapłaty,</xText>
          <xText>- 712,22 zł za sierpień 2010r. od dnia 01.09.2010r. do dnia zapłaty,</xText>
          <xText>- 769,23 zł za wrzesień 2010r. od dnia 01.10.2010r. do dnia zapłaty,</xText>
          <xText>- 730,80 zł za październik 2010r. od dnia 01.11.2010r. do dnia zapłaty,</xText>
          <xText>- 754,59 zł za listopad 2010r. od dnia 01.12.2010r. do dnia zapłaty,</xText>
          <xText>- 716,00 zł za grudzień 2010r. od dnia 01.01.2011r. do dnia zapłaty,</xText>
          <xText>- 756,41 zł za styczeń 2011r. od dnia 01.02.2011r. do dnia zapłaty,</xText>
          <xText>- 768,34 zł za luty 2011r. od dnia 01.03.2011r. do dnia zapłaty,</xText>
          <xText>- 765,71 zł za marzec 2011r. od dnia 01.04.2011r. do dnia zapłaty,</xText>
          <xText>- 777,88 zł za kwiecień 2011r. od dnia 01.05.2011r. do dnia zapłaty,</xText>
          <xText>- 792,80 zł za maj 2011r. od dnia 01.06.2011r. do dnia zapłaty,</xText>
          <xText>- 757,53 zł za czerwiec 2011r. od dnia 01.07.2011r. do dnia zapłaty,</xText>
          <xText>- 803,77 zł za lipiec 2011r. od dnia 01.08.2011r. do dnia zapłaty,</xText>
          <xText>- 759,08 zł za sierpień 2011r. od dnia 01.09.2011r. do dnia zapłaty,</xText>
          <xText>- 753,63 zł za wrzesień 2011r. od dnia 01.10.2011r. do dnia zapłaty,</xText>
          <xText>- 822,36 zł za październik 2011r. od dnia 01.11.2011r. do dnia zapłaty,</xText>
          <xText>- 802,83 zł za listopad 2011r. od dnia 01.12.2011r. do dnia zapłaty,</xText>
          <xText>- 895,26 zł za grudzień 2011r. od dnia 01.01.2012r. do dnia zapłaty.</xText>
          <xText>Oddalił powództwo w pozostałej części i orzekł o kosztach postępowania.</xText>
          <xText>
            <xBx>Wydanie wyroku poprzedzały następujące ustalenia faktyczne. </xBx>
          </xText>
          <xText><xAnon>C. M.</xAnon> jest matką powódki <xAnon>R. C.</xAnon> oraz pozwanego <xAnon>E. M.</xAnon>.</xText>
          <xText>W okresie od 14 czerwca 2006 r. do 22 czerwca 2006 r. <xAnon>C. M.</xAnon> była hospitalizowana w związku ze schorzeniem naczyniaka mózgu. W karcie informacyjnej leczenia szpitalnego wskazano, iż chora jest po operacji naczyniaka, a rozpoznano u niej m.in. padaczkę późną i leczony od 2002 r. zespół psychoorganiczny. W dniach od 23 czerwca 2006 r. do 14 lipca 2006 r. <xAnon>C. M.</xAnon> przebywała na oddziale rehabilitacji. W epikryzie odnotowano, iż leczona była z powodu zaburzeń zachowania, dezorientacji oraz zawrotów głowy, a przyjęta została celem leczenia usprawniającego. Proces usprawniania pacjentki pozostawał utrudniony ze względu na stan psychiczny pacjentki i brak samodzielności w kontynuowaniu wyuczonych ćwiczeń. W dniu przyjęcia pacjentka wymagała pomocy osób drugich w codziennych czynnościach, jak również przy przemieszczaniu się z łóżka na krzesło i odwrotnie, zaobserwowano duże zaburzenia równowagi podczas pionizacji i próby chodzenia na krótkich dystansach do 10 m. W wyniku prowadzonej rehabilitacji uzyskano wzrost wydolności ogólnej organizmu, chora poruszała się przy balkoniku na dłuższych dystansach przy asekuracji biernej. Pacjentka została wypisana do domu z zaleceniami dalszej rehabilitacji oraz stałej pomocy osób drugich.</xText>
          <xText>Po wyjściu ze szpitala <xAnon>C. M.</xAnon>opiekowała się powódka wraz z mężem korzystając przy tym z zatrudnianej fachowej pomocy pielęgniarskiej. Powódka najmowała również do opieki nad matką osoby trzecie. Bywało, że mąż powódki zawoził samochodem <xAnon>C. M.</xAnon> do opiekunki codziennie. Córka wraz z mężem nie byli jednak w stanie zapewnić matce należytej opieki całodobowej, tym bardziej, że również powódka cierpi na schorzenia oczu nie pozwalające jej podnosić ciężarów. W okresie od stycznia 2006 r. do września 2007 r. powódka ponosiła również koszty zakupu leków dla matki.</xText>
          <xText>Na podstawie decyzji Przełożonej Prowincjonalnej Zgromadzenia <xAnon>(...)</xAnon>od dnia 12.09.2007 roku <xAnon>C. M.</xAnon> została umieszczona w Domu Pogodnej Jesieni w <xAnon>T.</xAnon>. Decyzję o złożeniu wniosku o przyjęcie do DPJ podjęła sama <xAnon>C. M.</xAnon>. Zgoda na pobyt wyrażona została w oparciu o oświadczenia <xAnon>C. M.</xAnon> i <xAnon>J. C.</xAnon> o wyrażeniu zgody na ponoszenie kosztów odpłatności za pobyt w placówce.</xText>
          <xText>Decyzją Prezydenta <xAnon>M.</xAnon><xAnon>(...)</xAnon>z dnia 19.12.2007 r. odmówiono powódce skierowania na pobyt stały do Domu Pogodnej Jesieni w <xAnon>T.</xAnon>, wskazując, iż opiekę w codziennej egzystencji jest w stanie zapewnić rodzina wspólnie zamieszkała – powódka, zięć wnuczki oraz syn z synową zamieszkali w pobliżu.</xText>
          <xText>W dniu 29 stycznia 2008 r. w stosunku do <xAnon>C. M.</xAnon> Powiatowy Zespół ds. orzekania o niepełnosprawności w <xAnon>T.</xAnon> orzekł znaczny stopień niepełnosprawności, konieczność korzystania z systemu środowiskowego wsparcia w samodzielnej egzystencji, stałej i długotrwałej opieki lub pomocy oraz konieczność stałego współudziału na co dzień opiekuna. Orzeczenie o podobnej treści wydał również w dniu 03 grudnia 2008 r. lekarz orzecznik ZUS wskazując, iż <xAnon>C. M.</xAnon> pozostaje niezdolna do samodzielnej egzystencji.</xText>
          <xText><xAnon>C. M.</xAnon> przebywała w Domu Pogodnej Jesieni w <xAnon>T.</xAnon> do dnia 17 stycznia 2012 roku. Podstawą pobytu wymienionej osoby w ośrodku były umowy cywilnoprawne zawarte w dniu 1 czerwca 2010 r. oraz 28 marca 2011 r. pomiędzy Zgromadzeniem Sióstr <xAnon>(...)</xAnon>reprezentowanym przez Dyrektora Domu Pogodnej Jesieni w <xAnon>T.</xAnon> a <xAnon>R. C.</xAnon>. W umowach tych <xAnon>R. C.</xAnon> zobowiązywała się do pokrywania opłat za pobyt <xAnon>C. M.</xAnon> w placówce.</xText>
          <xText>Połowa kosztów poniesionych przez powódkę i jej męża z tytułu dopłat do kosztów pobytu <xAnon>C. M.</xAnon> w Domu Pogodnej Jesieni w <xAnon>T.</xAnon> w okresie od października 2007 r. do stycznia 2012 r. oraz zakupu leków została zapłacona w następujący sposób i w następujących kwotach:</xText>
          <xText>- 1063,97 zł w październiku 2007 r.</xText>
          <xText>- 598,41 zł w listopadzie 2007 r.,</xText>
          <xText>- 549,41 zł w grudniu 2007 r.,</xText>
          <xText>- 701,59 zł w styczniu 2008 r.,</xText>
          <xText>- 662,45 zł w lutym 2008 r.,</xText>
          <xText>- 587,17 zł w marcu 2008 r.,</xText>
          <xText>- 644,43 zł w kwietniu 2008 r.,</xText>
          <xText>- 606,99 zł w maju 2008 r.,</xText>
          <xText>- 665,46 zł w czerwcu 2008 r.,</xText>
          <xText>- 611,13 zł w lipcu 2008 r.,</xText>
          <xText>- 663,43 zł w sierpniu 2008 r.,</xText>
          <xText>- 600,07 zł w wrześniu 2008 r.,</xText>
          <xText>- 631,49 zł w październiku 2008 r.,</xText>
          <xText>- 691,90 zł w listopadzie 2008 r.,</xText>
          <xText>- 638,65 zł w grudniu 2008 r.,</xText>
          <xText>- 736,14 zł w styczniu 2009r.,</xText>
          <xText>- 482,45 zł w lutym 2009r.,</xText>
          <xText>- 652,56 zł w marcu 2009r.,</xText>
          <xText>- 633,97 zł w kwietniu 2009r.,</xText>
          <xText>- 666,41 zł w maju 2009r.,</xText>
          <xText>- 707,37 zł w czerwcu 2009r.,</xText>
          <xText>- 621,14 zł w lipcu 2009r.,</xText>
          <xText>- 693,17 zł w sierpniu 2009r.,</xText>
          <xText>- 684,64 zł w wrześniu 2009r.,</xText>
          <xText>- 1.009,15 zł w październiku 2009r.,</xText>
          <xText>- 645,96 zł w listopadzie 2009r.,</xText>
          <xText>- 637,64 zł w grudniu 2009r.,</xText>
          <xText>- 621,14 zł w styczniu 2010r.,</xText>
          <xText>- 621,14 zł w lutym 2010r.,</xText>
          <xText>- 713,72 zł w marcu 2010r.,</xText>
          <xText>- 793,20 zł w kwietniu 2010r.,</xText>
          <xText>- 775,57 zł w maju 2010r.,</xText>
          <xText>- 716,14 zł w czerwcu 2010r.,</xText>
          <xText>- 763,34 zł w lipcu 2010r.,</xText>
          <xText>- 712,22 zł w sierpniu 2010r.,</xText>
          <xText>- 769,23 zł w wrześniu 2010r.,</xText>
          <xText>- 730,80 zł w październiku 2010r.,</xText>
          <xText>- 754,59 zł w listopadzie 2010r.,</xText>
          <xText>- 716,00 zł w grudniu 2010r.,</xText>
          <xText>- 756,41 zł w styczniu 2011r.,</xText>
          <xText>- 768,34 zł w lutym 2011r.,</xText>
          <xText>- 765,71 zł w marcu 2011r.,</xText>
          <xText>- 777,88 zł w kwietniu 2011r.,</xText>
          <xText>- 792,80 zł w maju 2011r.,</xText>
          <xText>- 757,53 zł w czerwcu 2011r.,</xText>
          <xText>- 803,77 zł w lipcu 2011r.,</xText>
          <xText>- 759,08 zł w sierpniu 2011r.,</xText>
          <xText>- 753,63 zł w wrześniu 2011r.,</xText>
          <xText>- 822,36 zł w październiku 2011r.,</xText>
          <xText>- 802,83 zł w listopadzie 2011r.,</xText>
          <xText>- 895,26 zł w grudniu 2011r.</xText>
          <xText>W ewidencji DPJ w <xAnon>T.</xAnon> jako wpłacający figurują zarówno <xAnon>C. M.</xAnon>, jak i powódka oraz jej mąż. Kwoty te jednak w rzeczywistości dopłacali ze środków wspólnych <xAnon>R.</xAnon> i <xAnon>J. C.</xAnon>, jako brakującą część opłat z tytułu kosztów pobytu i leków <xAnon>C. M.</xAnon> jakiej nie pokryły środki pochodzące w 70% z pobieranego przez nią świadczenia rentowego. Pozostałe 30% świadczenia powódka przeznaczała na zakup potrzebnych matce rzeczy jak np. pieluchomajtek, maści, ubrania. Pozwany, mimo podejmowanych przez powódkę prób uzgodnienia z nim kwestii płatności za pobyt oraz poinformowania go o samodzielnej decyzji <xAnon>C. M.</xAnon> dotyczącej umieszczenia jej w DPJ nie partycypował w kosztach utrzymania matki w DPJ w <xAnon>T.</xAnon>.</xText>
          <xText>Decyzją z dnia 16 stycznia 2012 r. Prezydent <xAnon>M.</xAnon><xAnon>(...)</xAnon>orzekł o umieszczeniu <xAnon>C. M.</xAnon> w Domu Pomocy Społecznej w <xAnon>T.</xAnon> przy <xAnon>ul. (...)</xAnon> orzekając jednocześnie o odpłatności za pobyt w w/w placówce na kwotę 922,63 zł miesięcznie i zwalniając <xAnon>E. M.</xAnon> z ponoszenia opłaty za pobyt matki w domu pomocy społecznej na okres jednego roku tj. do dnia 31 grudnia 2012 r. Pozostałą do zapłaty kwotę stanowiącą różnicę pomiędzy średnim miesięcznym kosztem utrzymania a opłatą wnoszoną przez <xAnon>C. M.</xAnon> wnosić miała zastępczo Gmina <xAnon>M.</xAnon><xAnon>(...)</xAnon>.</xText>
          <xText><xAnon>C. M.</xAnon> jest osobą całkowicie ubezwłasnowolnioną. Obowiązki jej opiekuna od dnia 18 stycznia 2011 r. pełni jej córka <xAnon>R. C.</xAnon>.</xText>
          <xText>W dniu 28 grudnia 2011 r. <xAnon>C. M.</xAnon> reprezentowana przez <xAnon>R. C.</xAnon> złożyła do Sądu Rejonowego III Wydziału Rodzinnego i Nieletnich w Tarnowie pozew przeciwko <xAnon>E. M.</xAnon> o zasądzenie alimentów tytułem dostarczania środków utrzymania. Powództwo zostało oddalone. W uzasadnieniu wyroku Sąd Rejonowy wskazał, iż nie zachodzi podstawowa przesłanka tego obowiązku w postaci niedostatku po stronie powódki. Okoliczności stanowiące podstawę powództwa – w tym pierwszoplanowa w postaci konieczności ponoszenia w całości kosztów pobytu <xAnon>C. M.</xAnon> w Domu Pogodnej Jesieni zdezaktualizowały się bowiem niebawem po wniesieniu pozwu, powódka przebywa od dnia 18.01.2012 r. w DPS przy <xAnon>ul. (...)</xAnon> w <xAnon>T.</xAnon>, gdzie zabezpieczone są jej bieżące potrzeby, a z pozostałej po opłaceniu pobytu kwoty opiekun <xAnon>C. M.</xAnon> dokonuje potrzebnych jej zakupów.</xText>
          <xText>Wyrok stał się prawomocny w dniu 22 listopada 2012 r.</xText>
          <xText>Pozwany otrzymuje świadczenie rentowe w wysokości 691,25 zł, od 2012 r. pozostaje w rozdzielności majątkowej z żoną, mimo tego to żona ponosi koszt utrzymania domu będącego ich współwłasnością. Posiada ½ części domu o pow. 40 m. kw. oraz ½ części działki tj. 275 m.kw., nieruchomość rolną o pow. 7,22 ha w <xAnon>D.</xAnon>, domek letniskowy oraz samochód marki <xAnon>M. (...)</xAnon> rocznik 2007, który pozwany zakupił w 2008 r. za kwotę 31.000 zł. W złożonym w 2008 r. w Sądzie Okręgowym w Tarnowie oświadczeniu majątkowym pozwany deklarował otrzymywanie dopłat rolniczych.</xText>
          <xText>W oświadczeniu złożonym w lutym 2009 r. w toczącej się przed Sądem Okręgowym w Tarnowie pod sygn. akt I C 707/08 sprawie pozwany wskazał, iż sprzedał działkę rolną o powierzchni 64 ary za kwotę 170.000 zł, a uzyskaną w ten sposób kwotę przeznaczył wraz z małżonką na pokrycie niezbędnych wydatków jak zakup okien, ocieplenie budynku, wymiana więźby i pokrycia dachowego. Co do pozostałej zaś z tej sprzedaży kwoty pozwany wskazał, iż przeznaczył ją na koszty kształcenia syna, bieżące utrzymanie rodziny i leczenie.</xText>
          <xText>W złożonym w dniu 17 czerwca 2011 r. na potrzeby postępowania w MOPS w <xAnon>T.</xAnon> oświadczeniu o stanie majątkowym pozwany wskazał, iż szacunkowa wartość samochodu <xAnon>M. (...)</xAnon> rocznik 2007 wynosi 50.000 zł.</xText>
          <xText>Pozwany na podstawie umowy zawartej w kwietniu 2011 r. na okres do 31 grudnia 2013 r. dzierżawi od Gminy <xAnon>P.</xAnon> nieruchomości rolne stanowiące teren po byłej żwirowni o łącznej pow. 8,80 ha położone w <xAnon>D.</xAnon>. Z tego tytułu opłaca roczny czynsz dzierżawny w wysokości 1300 zł.</xText>
          <xText>Pozwany w 2008 r. oferował na stronach internetowych sprzedaż samochodu marki <xAnon>P. (...)</xAnon> za cenę 42.000 zł oraz sprzedaż lub zamianę działki nad <xAnon>D.</xAnon> o pow. 1ha 62 ary. W 2007 i 2008 r. pozwany oferował również sprzedaż samochodu <xAnon>M. (...)</xAnon> model 2007 za kwotę ponad 100.000 zł, a także wynajem samochodu na wesela.</xText>
          <xText>Przed Sądem Okręgowym w Tarnowie toczyła się sprawa z powództwa <xAnon>E. M.</xAnon> przeciwko <xAnon>M. C.</xAnon> - córce powódki - o zachowek. Wyrokiem z dnia 28 kwietnia 2011 r. Sąd zasądził od pozwanej <xAnon>M. C.</xAnon> na rzecz powoda kwotę 31274,30 zł z ustawowymi odsetkami od dnia 29 kwietnia 2011 r. do dnia zapłaty.</xText>
          <xText>Środki pieniężne pozostałe w spadku po mężu <xAnon>C. M.</xAnon> jak też oszczędności i akcje jakie posiadała zostały spożytkowane za jej zgodą i wolą na remont domu, jeszcze przed umieszczeniem jej w DPJ.</xText>
          <xText>Umową darowizny zawartą w formie aktu notarialnego w dniu 23 stycznia 2012 r. pozwany przeniósł własność ½ części nieruchomości składającej się z <xAnon>działki nr (...)</xAnon> położonej w <xAnon>T.</xAnon> – <xAnon>Z.</xAnon> na małżonkę <xAnon>M. M.</xAnon>.</xText>
          <xText>
            <xBx>W rozważaniach prawnych Sąd wskazał następujące okoliczności. </xBx>
          </xText>
          <xText>Podstawę faktyczną powództwa stanowiło dostarczenie przez powódkę osobie uprawnionej do alimentacji środków utrzymania w okresie od stycznia 2006 r. do 17 grudnia 2012 r., do czego zobowiązany był również pozwany jako syn uprawnionej, który środków tych jednak matce nie zapewnił. Środki utrzymania udzielone przez powódkę pokryły brakującą część kosztów pobytu, całodobowej opieki oraz leczenia uprawnionej w tym okresie w Domu Pogodnej Jesieni w <xAnon>T.</xAnon> prowadzonym przez Zgromadzenie <xAnon>(...)</xAnon>.</xText>
          <xText>Podstawę prawną dochodzonego roszczenia majątkowego, stanowiącego w tym wypadku roszczenie regresowe stanowi <xLexLink xArt="art. 140" xIsapId="WDU19640090059" xTitle="Ustawa z dnia 25 lutego 1964 r. - Kodeks rodzinny i opiekuńczy" xAddress="Dz. U. z 1964 r. Nr 9, poz. 59">art. 140 kodeksu rodzinnego i opiekuńczego</xLexLink>, zgodnie z którym osoba, która dostarcza drugiemu środków utrzymania lub wychowania nie będąc do tego zobowiązana albo będąc zobowiązana z tego powodu, że uzyskanie na czas świadczeń alimentacyjnych od osoby zobowiązanej w bliżej lub tej samej kolejności byłoby dla uprawnionego niemożliwe lub połączone z nadmiernymi trudnościami, może żądać zwrotu od osoby, która powinna była te świadczenia spełnić.</xText>
          <xText>Okolicznością bezsporną pomiędzy stronami pozostawał jedynie pobyt uprawnionej – matki stron <xAnon>C. M.</xAnon> w okresie wskazanym w pozwie w DPJ w <xAnon>T.</xAnon> oraz okoliczność ubezwłasnowolnienia matki stron. W pozostałym zakresie, w szczególności w odniesieniu do zasadności umieszczania matki w tego typu zakładzie, pozostawania przez nią w niedostatku oraz ciążącego na pozwanym w ocenie powódki obowiązku alimentacyjnego wobec matki w sytuacji majątkowej w jakiej pozostawał – pozwany zaprzeczał twierdzeniom pozwu. Zaznaczał, iż sytuacja matki jest tego rodzaju, iż nie potrzebuje ona wsparcia finansowego ze strony innych osób, a z kolei jego sytuacja zarobkowa i majątkowa nie pozwala obciążyć go świadczeniami na jej rzecz.</xText>
          <xText>W ocenie Sądu w okolicznościach niniejszej sprawy roszczenie powódki pozostawało słusznym co do zasady, jak i wysokości, jednakże ze względu na skutecznie podniesiony przez pozwanego zarzut przedawnienia zostało w części oddalone.</xText>
          <xText>Istota przedawnienia polega bowiem na tym, że po upływie terminu przedawnienia ten przeciwko komu przysługuje roszczenie, może uchylić się od jego zaspokojenia, powołując się na upływ tego czasu. Dochodzone w niniejszej sprawie roszczenia zwrotne nie są roszczeniami alimentacyjnymi, lecz typowo majątkowymi, jednakże w zakresie terminu przedawnienia zostały z nimi zrównane. Zgodnie z <xLexLink xArt="§ 2;art. 140" xIsapId="WDU19640090059" xTitle="Ustawa z dnia 25 lutego 1964 r. - Kodeks rodzinny i opiekuńczy" xAddress="Dz. U. z 1964 r. Nr 9, poz. 59">§ 2 art.140 krio</xLexLink> roszczenie przewidziane w <xLexLink xArt="art. 120 § 1" xIsapId="WDU19640160093" xTitle="Ustawa z dnia 23 kwietnia 1964 r. - Kodeks cywilny" xAddress="Dz. U. z 1964 r. Nr 16, poz. 93">§ 1</xLexLink> (a więc roszczenie regresowe) przedawnia się z upływem lat trzech. Początku biegu terminu przedawnienia upatrywać należy w myśl <xLexLink xArt="art. 120;art. 120 § 1" xIsapId="WDU19640160093" xTitle="Ustawa z dnia 23 kwietnia 1964 r. - Kodeks cywilny" xAddress="Dz. U. z 1964 r. Nr 16, poz. 93">art. 120 § 1 kc</xLexLink> na dzień spełnienia świadczenia na rzecz uprawnionego, gdyż z tym dniem roszczenie to staje się wymagalne.</xText>
          <xText>Zatem przy jednoczesnym braku inicjatywy dowodowej powódki w zakresie przerwania biegu przedawnienia powództwo należało oddalić w zakresie w jakim obejmowało ono roszczenie regresowe za okres od stycznia 2006 r. do 16 stycznia 2012 r., w tym roszczenia dotyczącego kosztów opieki pielęgniarskiej nad matką stron, leczenia oraz połowy kosztów pobytu w DPJ wpłaconych w okresie od września 2007 do grudnia 2008 oraz kosztów leków zapłaconych za rok 2007 oraz 2008. Przedawnienie to obejmuje również odsetki, których powódka domagała się od pozwanego od kwot wpłaconych w tym okresie.</xText>
          <xText>Ponieważ powództwo wpłynęło w dniu 16 stycznia 2012 r. uznać należy, iż co do pozostałych roszczeń nastąpiło przerwanie biegu przedawnienia, począwszy od świadczenia wpłaconego tytułem pobytu w DPJ w dniu 20 stycznia 2009 r. w kwocie 1950 zł oraz świadczenia na zakup leków dokonanego w lutym 2009 r.</xText>
          <xText>Natomiast co do kosztu leków za styczeń 2009 r. tj. kwoty 211,84 zł z czego połowa objęta powództwem to kwota 105,92 zł wskazać należy, iż powódka nie wykazała, w jakiej dokładnie dacie dziennej tego konkretnego miesiąca nastąpiła zapłata za leki, a zatem od kiedy należy liczyć wymagalność roszczenia z tego tytułu mimo, iż to na niej na podstawie <xLexLink xArt="art. 6" xIsapId="WDU19640160093" xTitle="Ustawa z dnia 23 kwietnia 1964 r. - Kodeks cywilny" xAddress="Dz. U. z 1964 r. Nr 16, poz. 93">art. 6 kc</xLexLink> spoczywał obowiązek udowodnienia tej okoliczności. Wobec wniesienia powództwa w dniu 16 stycznia 2009 r. powstaje zatem trudność w ocenie tego roszczenia tj. czy należy zakwalifikować je jako przedawnione czy też nie. Brak wykazania daty wymagalności powoduje, że powództwo w tym zakresie również podlegało oddaleniu.</xText>
          <xText>W ocenie Sądu zasadnym zatem stało się zasądzenie od pozwanego na rzecz powódki kwot wskazanych w pkt. I sentencji orzeczenia wraz odsetkami liczonymi od 1 – go dnia miesiąca następującego po miesiącu w jakim dokonana została wpłata.</xText>
          <xText>Zważyć bowiem należy, iż w zakresie tych kwot spełnione zostały wszystkie przesłanki umożliwiające uwzględnienie roszczenia regresowego powódki przewidziane w <xLexLink xArt="art. 140" xIsapId="WDU19640090059" xTitle="Ustawa z dnia 25 lutego 1964 r. - Kodeks rodzinny i opiekuńczy" xAddress="Dz. U. z 1964 r. Nr 9, poz. 59">art. 140 krio</xLexLink>. Powódka zgodnie z ciążącym na niej obowiązkiem wykazania zasadności roszczenia wykazała, iż dostarczyła uprawnionej – matce stron pozostającej w niedostatku środków utrzymania, przy czym z racji istnienia również po stronie pozwanego obowiązku alimentacyjnego wobec matki powódka zobowiązana była jedynie do poniesienia połowy tej kwoty. Brak reakcji pozwanego na rosnące, ze względu na pogarszający się systematycznie stan zdrowia uprawnionej potrzeby związane z opieką w podstawowej egzystencji i leczeniem, a wręcz odmowa ich pokrywania powodowały, iż uzyskanie niezbędnych świadczeń było dla uprawnionej niemożliwe i połączone z nadmiernymi trudnościami. Tym bardziej, że dopiero w 2011 r. orzeczono o ubezwłasnowolnieniu uprawnionej. W ocenie Sądu bowiem sytuacja zarobkowa i majątkowa pozwanego zobowiązanego do dostarczania matce środków utrzymania w tej samej kolejności co powódka, pozwalała obciążyć go świadczeniami związanymi z pobytem matki w DPJ oraz kosztami leczenia, przekraczającymi dofinansowanie z NFZ. Z ustaleń faktycznych poczynionych w sprawie wynika, że owszem pozwany pobiera mniejsze świadczenie rentowe niż uprawniona, ale jednocześnie całokształt jego sytuacji majątkowej jest i był w okresie objętym powództwem tego rodzaju, że trudno by orzec, iż pozostaje on osobą na tyle ubogą, by zasadnym było zwolnienie go od obowiązku alimentacyjnego wobec matki. Podkreślić przy tym należy, iż stan zdrowia matki stron pogarszał się na przestrzeni lat, w zasadzie już od 2002 r., a kluczowy dla jej zdrowia zabieg operacyjny przeszła już w 2006 r. Zebrane w sprawie dowody potwierdziły, iż pozwany w tym okresie nie poprzestawał na osiąganiu dochodu jedynie tytułem pobieranego świadczenia, dość zauważyć, iż podejmował różnego rodzaju aktywność zarobkową czy to związaną z wynajmem luksusowego samochodu, czy dzierżawą gruntów, której opłacanie też generuje przecież koszty. Nadto pozwany posiadał wierzytelność z tytułu zachowku, z której ostatecznie został zaspokojony. Wprawdzie do oceny zdolności zobowiązanego do zaspokojenia potrzeb uprawnionej nie bierze się pod uwagę zdolności majątkowej wierzyciela regresowego, jednakże w ocenie Sądu w okolicznościach niniejszej sprawy zasadnym staje się również porównanie sytuacji pozwanego z sytuacją majątkową powódki, która mimo pozostawania wcale w nie lepszej sytuacji majątkowej ponosiła koszty całodobowej opieki nad matką oraz ponadnormatywne koszty leczenia. Za wykazane przyjąć należy również okoliczności, iż sytuacja majątkowa uprawnionej nie pozwalała na pokrycie przez nią całości tych kosztów i zważywszy na rodzaj schorzeń jakimi była dotknięta i specjalistycznej opieki jakiej potrzebowała uznać należy, iż pozostawała w stosunku do pozycji majątkowej swoich dzieci w niedostatku.</xText>
          <xText>Odnosząc się z kolei do podniesionego przez pozwanego zarzutu jakoby matka nie potrzebowała tego rodzaju opieki jaką zapewniano jej w DPJ oraz, że decyzję o umieszczeniu uprawnionej powódka podjęła jednostronnie i bezzasadnie, niepotrzebnie generując dodatkowe koszty, to podkreślić należy, iż zarzuty te na tle materiału dowodowego zgromadzonego w niniejszej sprawie oraz poczynionych na ich podstawie ustaleń faktycznych jawią się jako niedorzeczne. Z ustaleń tych bowiem wynika, że matka stron została ubezwłasnowolniona dopiero w 2011 r. a decyzję o umieszczeniu jej w DPJ podjęła samodzielnie wnosząc osobiście o jej przyjęcie do tego zakładu. Nadto treść dokumentacji medycznej, jak i zeznania męża powódki jednoznacznie potwierdzają, iż stan zdrowia powódki był na tyle poważny i wymagający specjalistycznej opieki (i to nawet przy braku posiadania specjalistycznej wiedzy z zakresu medycyny), że jak najbardziej uprawnioną pozostawała decyzja zarówno uprawnionej jak i powódki co poddania się opiece w DPJ i zobowiązania do ponoszenia brakujących kosztów utrzymania i leczenia.</xText>
          <xText>Jako znajdujące pokrycia w materiale dowodowym oraz nie znajdujące oparcia w przepisach prawa ocenić należało również podnoszone przez pozwanego okoliczności, iż uprawniona <xAnon>C. M.</xAnon> posiadała stosowne środki na swoje utrzymanie, którymi dysponowała powódka i jej mąż oraz, że z uwagi na fakt, iż wpłat na koszty pobytu w DPJ dokonywał mąż powódki ta nie miała podstaw do dochodzenia ich zwrotu na swoją rzecz. Z ustaleń faktycznych wynika jednoznacznie, iż powódka wraz mężem pokrywała koszty opieki nad matką ze środków pochodzących z majątku wspólnego małżonków, stąd w ocenie Sądu jak najbardziej posiada ona prawo domagania się ich zwrotu. Kwestia natomiast posiadanego przez uprawnioną majątku i oszczędności oraz ich rozdysponowania jeszcze przed czasem pobytu w DPJ również została jednoznacznie wyjaśniona w toku sprawy.</xText>
          <xText>O odsetkach Sąd orzekł na podstawie <xLexLink xArt="art. 481;art. 481 § 1" xIsapId="WDU19640160093" xTitle="Ustawa z dnia 23 kwietnia 1964 r. - Kodeks cywilny" xAddress="Dz. U. z 1964 r. Nr 16, poz. 93">art. 481 § 1 kc.</xLexLink> Roszczenie regresowe powódki stało się wymagalne z dniem spełnienia świadczenia na rzecz osoby uprawnionej – matki stron, dlatego żądanie powódki zasądzenia odsetek od każdej wpłaconej kwoty w kolejnych miesiącach pobytu uprawnionej liczonych kolejno od pierwszego dnia następującego po wpłacie miesiąca uznać należy za zasadne.</xText>
          <xText>Z uwagi na powyższe powództwo w pozostałym zakresie przekraczającym kwotę 26.207,53 zł zostało oddalone.</xText>
          <xText>Odnośnie kosztów postępowania Sąd orzekł na podstawie <xLexLink xArt="art. 98;art. 98 § 1;art. 98 § 100" xIsapId="WDU19640430296" xTitle="Ustawa z dnia 17 listopada 1964 r. - Kodeks postępowania cywilnego" xAddress="Dz. U. z 1964 r. Nr 43, poz. 296">art. 98 § 1 <xBRx/>i 100 kpc</xLexLink>. Ponieważ powódka przegrała proces w nieznacznej części, Sąd tytułem kosztów procesu zasądził na jej rzecz całość kosztów, na które składają się koszty zastępstwa procesowego (2400zł) oraz koszt opłaty skarbowej od pełnomocnictwa ( 17 zł). Z kolei z tych samych powodów oraz faktu, iż powódka zwolniona została z opłaty sądowej sąd nakazał pobrać na rzecz Skarbu Państwa Sądu Rejonowego w Tarnowie od pozwanego kwotę 1.311 zł tytułem nieuiszczonej opłaty od pozwu.</xText>
          <xText>Z powyższym rozstrzygnięciem nie zgodził się pozwany <xAnon>E. M.</xAnon> wnosząc apelację i zaskarżając wyrok w punktach I, III i IV. Zaskarżonemu orzeczeniu zarzucił:</xText>
          <xText>- naruszenie <xLexLink xArt="art. 133;art. 133 § 2" xIsapId="WDU19640090059" xTitle="Ustawa z dnia 25 lutego 1964 r. - Kodeks rodzinny i opiekuńczy" xAddress="Dz. U. z 1964 r. Nr 9, poz. 59">art. 133 § 2 kriop</xLexLink> poprzez uznanie, że <xAnon>C. M.</xAnon> była osobą pozostającą w niedostatku,</xText>
          <xText>- błąd w ustaleniach faktycznych polegający na przyjęciu następujących okoliczności:</xText>
          <xText>- pieniądze matki uzyskane ze sprzedaży akcji zostały spożytkowane na remont domu i że matka wyraziła zgodę na taki remont,</xText>
          <xText>- 30 % renty przeznaczane było na potrzeby matki,</xText>
          <xText>- <xAnon>C. M.</xAnon> nie posiadała majątku,</xText>
          <xText>- zakup leków finansowany był przez powódkę,</xText>
          <xText>- powód uzyskuje dochody z wynajmu samochodu i dzierżawy działki,</xText>
          <xText>- powód wzbogacił się uzyskując zachowek.</xText>
          <xText>Zarzucił ponadto Sądowi dokonanie swobodnej oceny dowodów przez przyjęcie, że kwoty uwzględnione w wyroku stanowią połowę świadczeń, które poniosła powódka, gdy tymczasem kwoty te były wielokrotnie modyfikowane i nie zostały poparte żadnymi dowodami. Zarzucił także naruszenie <xLexLink xArt="art. 98" xIsapId="WDU19640430296" xTitle="Ustawa z dnia 17 listopada 1964 r. - Kodeks postępowania cywilnego" xAddress="Dz. U. z 1964 r. Nr 43, poz. 296">art. 98 kpc</xLexLink> poprzez obciążenie go całością kosztów postępowania, a także <xLexLink xArt="art. 328;art. 328 § 2" xIsapId="WDU19640430296" xTitle="Ustawa z dnia 17 listopada 1964 r. - Kodeks postępowania cywilnego" xAddress="Dz. U. z 1964 r. Nr 43, poz. 296">art. 328 § 2 kpc</xLexLink> przez pominięcie w uzasadnieniu podstawy prawnej orzeczenia.</xText>
          <xText>Wskazał również na nie wyjaśnienie okoliczności faktycznych poprzez zaniechanie zwrócenia się do Sądu Rodzinnego o udostępnienie akt dotyczących opieki nad matką stron, akt sprawy dotyczącej zgody sądu na sprzedaż akcji imieniem małoletniej, naruszenie prawa procesowego poprzez zbiorowe oddalenie wniosków dowodowych powoda.</xText>
          <xText>W konsekwencji domagał się zmiany zaskarżonego wyroku poprzez oddalenie powództwa w całości, ewentualnie jego uchylenia i przekazania sprawy do ponownego rozpoznania Sądowi I instancji.</xText>
          <xText>Powódka w odpowiedzi na apelację wniosła o jej oddalenie i zasądzenie kosztów postępowania odwoławczego.</xText>
          <xText xALIGNx="center">
            <xBx>Sąd Okręgowy zważył, co następuje.</xBx>
          </xText>
          <xText>Przed wydaniem orzeczenia kończącego postępowanie zaszła konieczność uzupełnienia ustaleń faktycznych na podstawie materiału dowodowego zgromadzonego przed Sądem I instancji. I tak Sąd odwoławczy ustalił, że <xAnon>C. M.</xAnon> w okresie od 1 stycznia 2009 r. do 31 grudnia 2011 r. uzyskała następujące dochody z ubezpieczenia społecznego (po potrąceniu podatki i składki na ubezpieczenie zdrowotne):</xText>
          <xRows>
            <xCOLGROUPx>
              <xCOLx xWIDTHx="150"/>
              <xCOLx xWIDTHx="150"/>
            </xCOLGROUPx>
            <xRow>
              <xClmn xALIGNx="left" xVALIGNx="bottom">
                <xText xALIGNx="center">01.2009</xText>
              </xClmn>
              <xClmn xALIGNx="left" xVALIGNx="bottom">
                <xText xALIGNx="center">994,07 zł</xText>
              </xClmn>
            </xRow>
            <xRow>
              <xClmn xALIGNx="left" xVALIGNx="bottom">
                <xText xALIGNx="center">02.2009</xText>
              </xClmn>
              <xClmn xALIGNx="left" xVALIGNx="bottom">
                <xText xALIGNx="center">1646,67 zł</xText>
              </xClmn>
            </xRow>
            <xRow>
              <xClmn xALIGNx="left" xVALIGNx="bottom">
                <xText xALIGNx="center">03.2009</xText>
              </xClmn>
              <xClmn xALIGNx="left" xVALIGNx="bottom">
                <xText xALIGNx="center">1225,32 zł</xText>
              </xClmn>
            </xRow>
            <xRow>
              <xClmn xALIGNx="left" xVALIGNx="bottom">
                <xText xALIGNx="center">04.2009</xText>
              </xClmn>
              <xClmn xALIGNx="left" xVALIGNx="bottom">
                <xText xALIGNx="center">1223,32 zł</xText>
              </xClmn>
            </xRow>
            <xRow>
              <xClmn xALIGNx="left" xVALIGNx="bottom">
                <xText xALIGNx="center">05.2009</xText>
              </xClmn>
              <xClmn xALIGNx="left" xVALIGNx="bottom">
                <xText xALIGNx="center">1225,32 zł</xText>
              </xClmn>
            </xRow>
            <xRow>
              <xClmn xALIGNx="left" xVALIGNx="bottom">
                <xText xALIGNx="center">06.2009</xText>
              </xClmn>
              <xClmn xALIGNx="left" xVALIGNx="bottom">
                <xText xALIGNx="center">1225,32 zł</xText>
              </xClmn>
            </xRow>
            <xRow>
              <xClmn xALIGNx="left" xVALIGNx="bottom">
                <xText xALIGNx="center">07.2009</xText>
              </xClmn>
              <xClmn xALIGNx="left" xVALIGNx="bottom">
                <xText xALIGNx="center">1225,32 zł</xText>
              </xClmn>
            </xRow>
            <xRow>
              <xClmn xALIGNx="left" xVALIGNx="bottom">
                <xText xALIGNx="center">08.2009</xText>
              </xClmn>
              <xClmn xALIGNx="left" xVALIGNx="bottom">
                <xText xALIGNx="center">1225,32 zł</xText>
              </xClmn>
            </xRow>
            <xRow>
              <xClmn xALIGNx="left" xVALIGNx="bottom">
                <xText xALIGNx="center">09.2009</xText>
              </xClmn>
              <xClmn xALIGNx="left" xVALIGNx="bottom">
                <xText xALIGNx="center">1225,32 zł</xText>
              </xClmn>
            </xRow>
            <xRow>
              <xClmn xALIGNx="left" xVALIGNx="bottom">
                <xText xALIGNx="center">10.2009</xText>
              </xClmn>
              <xClmn xALIGNx="left" xVALIGNx="bottom">
                <xText xALIGNx="center">1225,32 zł</xText>
              </xClmn>
            </xRow>
            <xRow>
              <xClmn xALIGNx="left" xVALIGNx="bottom">
                <xText xALIGNx="center">11.2009</xText>
              </xClmn>
              <xClmn xALIGNx="left" xVALIGNx="bottom">
                <xText xALIGNx="center">1225,32 zł</xText>
              </xClmn>
            </xRow>
            <xRow>
              <xClmn xALIGNx="left" xVALIGNx="bottom">
                <xText xALIGNx="center">12.2009</xText>
              </xClmn>
              <xClmn xALIGNx="left" xVALIGNx="bottom">
                <xText xALIGNx="center">1225,32 zł</xText>
              </xClmn>
            </xRow>
            <xRow>
              <xClmn xALIGNx="left" xVALIGNx="bottom">
                <xText xALIGNx="center">01.2010</xText>
              </xClmn>
              <xClmn xALIGNx="left" xVALIGNx="bottom">
                <xText xALIGNx="center">1225,32 zł</xText>
              </xClmn>
            </xRow>
            <xRow>
              <xClmn xALIGNx="left" xVALIGNx="bottom">
                <xText xALIGNx="center">02.2010</xText>
              </xClmn>
              <xClmn xALIGNx="left" xVALIGNx="bottom">
                <xText xALIGNx="center">1225,32 zł</xText>
              </xClmn>
            </xRow>
            <xRow>
              <xClmn xALIGNx="left" xVALIGNx="bottom">
                <xText xALIGNx="center">03.2010</xText>
              </xClmn>
              <xClmn xALIGNx="left" xVALIGNx="bottom">
                <xText xALIGNx="center">1279,68 zł</xText>
              </xClmn>
            </xRow>
            <xRow>
              <xClmn xALIGNx="left" xVALIGNx="bottom">
                <xText xALIGNx="center">04.2010</xText>
              </xClmn>
              <xClmn xALIGNx="left" xVALIGNx="bottom">
                <xText xALIGNx="center">1276,68 zł</xText>
              </xClmn>
            </xRow>
            <xRow>
              <xClmn xALIGNx="left" xVALIGNx="bottom">
                <xText xALIGNx="center">05.2010</xText>
              </xClmn>
              <xClmn xALIGNx="left" xVALIGNx="bottom">
                <xText xALIGNx="center">1279,68 zł</xText>
              </xClmn>
            </xRow>
            <xRow>
              <xClmn xALIGNx="left" xVALIGNx="bottom">
                <xText xALIGNx="center">06.2010</xText>
              </xClmn>
              <xClmn xALIGNx="left" xVALIGNx="bottom">
                <xText xALIGNx="center">1279,68 zł</xText>
              </xClmn>
            </xRow>
            <xRow>
              <xClmn xALIGNx="left" xVALIGNx="bottom">
                <xText xALIGNx="center">07.2010</xText>
              </xClmn>
              <xClmn xALIGNx="left" xVALIGNx="bottom">
                <xText xALIGNx="center">1279,68 zł</xText>
              </xClmn>
            </xRow>
            <xRow>
              <xClmn xALIGNx="left" xVALIGNx="bottom">
                <xText xALIGNx="center">08.2010</xText>
              </xClmn>
              <xClmn xALIGNx="left" xVALIGNx="bottom">
                <xText xALIGNx="center">1279,68 zł</xText>
              </xClmn>
            </xRow>
            <xRow>
              <xClmn xALIGNx="left" xVALIGNx="bottom">
                <xText xALIGNx="center">09.2010</xText>
              </xClmn>
              <xClmn xALIGNx="left" xVALIGNx="bottom">
                <xText xALIGNx="center">1279,68 zł</xText>
              </xClmn>
            </xRow>
            <xRow>
              <xClmn xALIGNx="left" xVALIGNx="bottom">
                <xText xALIGNx="center">10.2010</xText>
              </xClmn>
              <xClmn xALIGNx="left" xVALIGNx="bottom">
                <xText xALIGNx="center">1279,68 zł</xText>
              </xClmn>
            </xRow>
            <xRow>
              <xClmn xALIGNx="left" xVALIGNx="bottom">
                <xText xALIGNx="center">11.2010</xText>
              </xClmn>
              <xClmn xALIGNx="left" xVALIGNx="bottom">
                <xText xALIGNx="center">1279,68 zł</xText>
              </xClmn>
            </xRow>
            <xRow>
              <xClmn xALIGNx="left" xVALIGNx="bottom">
                <xText xALIGNx="center">12.2010</xText>
              </xClmn>
              <xClmn xALIGNx="left" xVALIGNx="bottom">
                <xText xALIGNx="center">1276,68 zł</xText>
              </xClmn>
            </xRow>
            <xRow>
              <xClmn xALIGNx="left" xVALIGNx="bottom">
                <xText xALIGNx="center">01.2011</xText>
              </xClmn>
              <xClmn xALIGNx="left" xVALIGNx="bottom">
                <xText xALIGNx="center">1276,68 zł</xText>
              </xClmn>
            </xRow>
            <xRow>
              <xClmn xALIGNx="left" xVALIGNx="bottom">
                <xText xALIGNx="center">02.2011</xText>
              </xClmn>
              <xClmn xALIGNx="left" xVALIGNx="bottom">
                <xText xALIGNx="center">1279,68 zł</xText>
              </xClmn>
            </xRow>
            <xRow>
              <xClmn xALIGNx="left" xVALIGNx="bottom">
                <xText xALIGNx="center">03.2011</xText>
              </xClmn>
              <xClmn xALIGNx="left" xVALIGNx="bottom">
                <xText xALIGNx="center">1318,04 zł</xText>
              </xClmn>
            </xRow>
            <xRow>
              <xClmn xALIGNx="left" xVALIGNx="bottom">
                <xText xALIGNx="center">04.2011</xText>
              </xClmn>
              <xClmn xALIGNx="left" xVALIGNx="bottom">
                <xText xALIGNx="center">1315,04 zł</xText>
              </xClmn>
            </xRow>
            <xRow>
              <xClmn xALIGNx="left" xVALIGNx="bottom">
                <xText xALIGNx="center">05.2011</xText>
              </xClmn>
              <xClmn xALIGNx="left" xVALIGNx="bottom">
                <xText xALIGNx="center">1318,04 zł</xText>
              </xClmn>
            </xRow>
            <xRow>
              <xClmn xALIGNx="left" xVALIGNx="bottom">
                <xText xALIGNx="center">06.2011</xText>
              </xClmn>
              <xClmn xALIGNx="left" xVALIGNx="bottom">
                <xText xALIGNx="center">1318,04 zł</xText>
              </xClmn>
            </xRow>
            <xRow>
              <xClmn xALIGNx="left" xVALIGNx="bottom">
                <xText xALIGNx="center">07.2011</xText>
              </xClmn>
              <xClmn xALIGNx="left" xVALIGNx="bottom">
                <xText xALIGNx="center">1318,04 zł</xText>
              </xClmn>
            </xRow>
            <xRow>
              <xClmn xALIGNx="left" xVALIGNx="bottom">
                <xText xALIGNx="center">08.2011</xText>
              </xClmn>
              <xClmn xALIGNx="left" xVALIGNx="bottom">
                <xText xALIGNx="center">1318,04 zł</xText>
              </xClmn>
            </xRow>
            <xRow>
              <xClmn xALIGNx="left" xVALIGNx="bottom">
                <xText xALIGNx="center">09.2011</xText>
              </xClmn>
              <xClmn xALIGNx="left" xVALIGNx="bottom">
                <xText xALIGNx="center">1318,04 zł</xText>
              </xClmn>
            </xRow>
            <xRow>
              <xClmn xALIGNx="left" xVALIGNx="bottom">
                <xText xALIGNx="center">10.2011</xText>
              </xClmn>
              <xClmn xALIGNx="left" xVALIGNx="bottom">
                <xText xALIGNx="center">1318,04 zł</xText>
              </xClmn>
            </xRow>
            <xRow>
              <xClmn xALIGNx="left" xVALIGNx="bottom">
                <xText xALIGNx="center">11.2011</xText>
              </xClmn>
              <xClmn xALIGNx="left" xVALIGNx="bottom">
                <xText xALIGNx="center">1318,04 zł</xText>
              </xClmn>
            </xRow>
            <xRow>
              <xClmn xALIGNx="left" xVALIGNx="bottom">
                <xText xALIGNx="center">12.2011</xText>
              </xClmn>
              <xClmn xALIGNx="left" xVALIGNx="bottom">
                <xText xALIGNx="center">1131,33 zł</xText>
              </xClmn>
            </xRow>
          </xRows>
          <xText>(dowód: informacja ZUS – k. 501).</xText>
          <xText>Powódka z renty rodzinnej <xAnon>C. M.</xAnon> oraz ze środków pochodzących z jej i męża majątku wspólnego dokonała następujących wpłat na koszty utrzymania matki w Domu Pogodnej Jesieni oraz na zakup leków dla niej:</xText>
          <xText>Miesiąc/rok Opłata za DPJ Wydatki na leki</xText>
          <xRows>
            <xCOLGROUPx>
              <xCOLx xWIDTHx="146"/>
              <xCOLx xWIDTHx="183"/>
              <xCOLx xWIDTHx="150"/>
            </xCOLGROUPx>
            <xRow>
              <xClmn xALIGNx="left" xVALIGNx="bottom">
                <xText xALIGNx="center">01.2009</xText>
              </xClmn>
              <xClmn xALIGNx="left" xVALIGNx="bottom">
                <xText xALIGNx="center">1950</xText>
              </xClmn>
              <xClmn xALIGNx="left" xVALIGNx="bottom">
                <xText xALIGNx="center">211,84</xText>
              </xClmn>
            </xRow>
            <xRow>
              <xClmn xALIGNx="left" xVALIGNx="bottom">
                <xText xALIGNx="center">02.2009</xText>
              </xClmn>
              <xClmn xALIGNx="left" xVALIGNx="bottom">
                <xText xALIGNx="center">1950</xText>
              </xClmn>
              <xClmn xALIGNx="left" xVALIGNx="bottom">
                <xText xALIGNx="center">167,57</xText>
              </xClmn>
            </xRow>
            <xRow>
              <xClmn xALIGNx="left" xVALIGNx="bottom">
                <xText xALIGNx="center">03.2009</xText>
              </xClmn>
              <xClmn xALIGNx="left" xVALIGNx="bottom">
                <xText xALIGNx="center">2100</xText>
              </xClmn>
              <xClmn xALIGNx="left" xVALIGNx="bottom">
                <xText xALIGNx="center">62,84</xText>
              </xClmn>
            </xRow>
            <xRow>
              <xClmn xALIGNx="left" xVALIGNx="bottom">
                <xText xALIGNx="center">04.2009</xText>
              </xClmn>
              <xClmn xALIGNx="left" xVALIGNx="bottom">
                <xText xALIGNx="center">2100</xText>
              </xClmn>
              <xClmn xALIGNx="left" xVALIGNx="bottom">
                <xText xALIGNx="center">25,66</xText>
              </xClmn>
            </xRow>
            <xRow>
              <xClmn xALIGNx="left" xVALIGNx="bottom">
                <xText xALIGNx="center">05.2009</xText>
              </xClmn>
              <xClmn xALIGNx="left" xVALIGNx="bottom">
                <xText xALIGNx="center">2100</xText>
              </xClmn>
              <xClmn xALIGNx="left" xVALIGNx="bottom">
                <xText xALIGNx="center">90,54</xText>
              </xClmn>
            </xRow>
            <xRow>
              <xClmn xALIGNx="left" xVALIGNx="bottom">
                <xText xALIGNx="center">06.2009</xText>
              </xClmn>
              <xClmn xALIGNx="left" xVALIGNx="bottom">
                <xText xALIGNx="center">2100</xText>
              </xClmn>
              <xClmn xALIGNx="left" xVALIGNx="bottom">
                <xText xALIGNx="center">172,47</xText>
              </xClmn>
            </xRow>
            <xRow>
              <xClmn xALIGNx="left" xVALIGNx="bottom">
                <xText xALIGNx="center">07.2009</xText>
              </xClmn>
              <xClmn xALIGNx="left" xVALIGNx="bottom">
                <xText xALIGNx="center">2100</xText>
              </xClmn>
              <xClmn xALIGNx="left" xVALIGNx="bottom">
                <xText xALIGNx="center">0</xText>
              </xClmn>
            </xRow>
            <xRow>
              <xClmn xALIGNx="left" xVALIGNx="bottom">
                <xText xALIGNx="center">08.2009</xText>
              </xClmn>
              <xClmn xALIGNx="left" xVALIGNx="bottom">
                <xText xALIGNx="center">2100</xText>
              </xClmn>
              <xClmn xALIGNx="left" xVALIGNx="bottom">
                <xText xALIGNx="center">144,07</xText>
              </xClmn>
            </xRow>
            <xRow>
              <xClmn xALIGNx="left" xVALIGNx="bottom">
                <xText xALIGNx="center">09.2009</xText>
              </xClmn>
              <xClmn xALIGNx="left" xVALIGNx="bottom">
                <xText xALIGNx="center">2100</xText>
              </xClmn>
              <xClmn xALIGNx="left" xVALIGNx="bottom">
                <xText xALIGNx="center">127,01</xText>
              </xClmn>
            </xRow>
            <xRow>
              <xClmn xALIGNx="left" xVALIGNx="bottom">
                <xText xALIGNx="center">10.2009</xText>
              </xClmn>
              <xClmn xALIGNx="left" xVALIGNx="bottom">
                <xText xALIGNx="center">2100</xText>
              </xClmn>
              <xClmn xALIGNx="left" xVALIGNx="bottom">
                <xText xALIGNx="center">350,12</xText>
              </xClmn>
            </xRow>
            <xRow>
              <xClmn xALIGNx="left" xVALIGNx="bottom">
                <xText xALIGNx="center">11.2009</xText>
              </xClmn>
              <xClmn xALIGNx="left" xVALIGNx="bottom">
                <xText xALIGNx="center">2100</xText>
              </xClmn>
              <xClmn xALIGNx="left" xVALIGNx="bottom">
                <xText xALIGNx="center">49,65</xText>
              </xClmn>
            </xRow>
            <xRow>
              <xClmn xALIGNx="left" xVALIGNx="bottom">
                <xText xALIGNx="center">12.2009</xText>
              </xClmn>
              <xClmn xALIGNx="left" xVALIGNx="bottom">
                <xText xALIGNx="center">2100</xText>
              </xClmn>
              <xClmn xALIGNx="left" xVALIGNx="bottom">
                <xText xALIGNx="center">33</xText>
              </xClmn>
            </xRow>
            <xRow>
              <xClmn xALIGNx="left" xVALIGNx="bottom">
                <xText xALIGNx="center">01.2010</xText>
              </xClmn>
              <xClmn xALIGNx="left" xVALIGNx="bottom">
                <xText xALIGNx="center">2100</xText>
              </xClmn>
              <xClmn xALIGNx="left" xVALIGNx="bottom">
                <xText xALIGNx="center">0</xText>
              </xClmn>
            </xRow>
            <xRow>
              <xClmn xALIGNx="left" xVALIGNx="bottom">
                <xText xALIGNx="center">02.2010</xText>
              </xClmn>
              <xClmn xALIGNx="left" xVALIGNx="bottom">
                <xText xALIGNx="center">2100</xText>
              </xClmn>
              <xClmn xALIGNx="left" xVALIGNx="bottom">
                <xText xALIGNx="center">0</xText>
              </xClmn>
            </xRow>
            <xRow>
              <xClmn xALIGNx="left" xVALIGNx="bottom">
                <xText xALIGNx="center">03.2010</xText>
              </xClmn>
              <xClmn xALIGNx="left" xVALIGNx="bottom">
                <xText xALIGNx="center">2100</xText>
              </xClmn>
              <xClmn xALIGNx="left" xVALIGNx="bottom">
                <xText xALIGNx="center">223,22</xText>
              </xClmn>
            </xRow>
            <xRow>
              <xClmn xALIGNx="left" xVALIGNx="bottom">
                <xText xALIGNx="center">04.2010</xText>
              </xClmn>
              <xClmn xALIGNx="left" xVALIGNx="bottom">
                <xText xALIGNx="center">2300,21</xText>
              </xClmn>
              <xClmn xALIGNx="left" xVALIGNx="bottom">
                <xText xALIGNx="center">181,97</xText>
              </xClmn>
            </xRow>
            <xRow>
              <xClmn xALIGNx="left" xVALIGNx="bottom">
                <xText xALIGNx="center">05.2010</xText>
              </xClmn>
              <xClmn xALIGNx="left" xVALIGNx="bottom">
                <xText xALIGNx="center">2300,21</xText>
              </xClmn>
              <xClmn xALIGNx="left" xVALIGNx="bottom">
                <xText xALIGNx="center">146,7</xText>
              </xClmn>
            </xRow>
            <xRow>
              <xClmn xALIGNx="left" xVALIGNx="bottom">
                <xText xALIGNx="center">06.2010</xText>
              </xClmn>
              <xClmn xALIGNx="left" xVALIGNx="bottom">
                <xText xALIGNx="center">2300,21</xText>
              </xClmn>
              <xClmn xALIGNx="left" xVALIGNx="bottom">
                <xText xALIGNx="center">27,85</xText>
              </xClmn>
            </xRow>
            <xRow>
              <xClmn xALIGNx="left" xVALIGNx="bottom">
                <xText xALIGNx="center">07.2010</xText>
              </xClmn>
              <xClmn xALIGNx="left" xVALIGNx="bottom">
                <xText xALIGNx="center">2300,21</xText>
              </xClmn>
              <xClmn xALIGNx="left" xVALIGNx="bottom">
                <xText xALIGNx="center">122,25</xText>
              </xClmn>
            </xRow>
            <xRow>
              <xClmn xALIGNx="left" xVALIGNx="bottom">
                <xText xALIGNx="center">08.2010</xText>
              </xClmn>
              <xClmn xALIGNx="left" xVALIGNx="bottom">
                <xText xALIGNx="center">2300,21</xText>
              </xClmn>
              <xClmn xALIGNx="left" xVALIGNx="bottom">
                <xText xALIGNx="center">20</xText>
              </xClmn>
            </xRow>
            <xRow>
              <xClmn xALIGNx="left" xVALIGNx="bottom">
                <xText xALIGNx="center">09.2010</xText>
              </xClmn>
              <xClmn xALIGNx="left" xVALIGNx="bottom">
                <xText xALIGNx="center">2300,21</xText>
              </xClmn>
              <xClmn xALIGNx="left" xVALIGNx="bottom">
                <xText xALIGNx="center">134,03</xText>
              </xClmn>
            </xRow>
            <xRow>
              <xClmn xALIGNx="left" xVALIGNx="bottom">
                <xText xALIGNx="center">10.2010</xText>
              </xClmn>
              <xClmn xALIGNx="left" xVALIGNx="bottom">
                <xText xALIGNx="center">2300,21</xText>
              </xClmn>
              <xClmn xALIGNx="left" xVALIGNx="bottom">
                <xText xALIGNx="center">57,17</xText>
              </xClmn>
            </xRow>
            <xRow>
              <xClmn xALIGNx="left" xVALIGNx="bottom">
                <xText xALIGNx="center">11.2010</xText>
              </xClmn>
              <xClmn xALIGNx="left" xVALIGNx="bottom">
                <xText xALIGNx="center">2300,21</xText>
              </xClmn>
              <xClmn xALIGNx="left" xVALIGNx="bottom">
                <xText xALIGNx="center">104,74</xText>
              </xClmn>
            </xRow>
            <xRow>
              <xClmn xALIGNx="left" xVALIGNx="bottom">
                <xText xALIGNx="center">12.2010</xText>
              </xClmn>
              <xClmn xALIGNx="left" xVALIGNx="bottom">
                <xText xALIGNx="center">2300,21</xText>
              </xClmn>
              <xClmn xALIGNx="left" xVALIGNx="bottom">
                <xText xALIGNx="center">27,57</xText>
              </xClmn>
            </xRow>
            <xRow>
              <xClmn xALIGNx="left" xVALIGNx="bottom">
                <xText xALIGNx="center">01.2011</xText>
              </xClmn>
              <xClmn xALIGNx="left" xVALIGNx="bottom">
                <xText xALIGNx="center">2300,21</xText>
              </xClmn>
              <xClmn xALIGNx="left" xVALIGNx="bottom">
                <xText xALIGNx="center">108,39</xText>
              </xClmn>
            </xRow>
            <xRow>
              <xClmn xALIGNx="left" xVALIGNx="bottom">
                <xText xALIGNx="center">02.2011</xText>
              </xClmn>
              <xClmn xALIGNx="left" xVALIGNx="bottom">
                <xText xALIGNx="center">2300,21</xText>
              </xClmn>
              <xClmn xALIGNx="left" xVALIGNx="bottom">
                <xText xALIGNx="center">132,25</xText>
              </xClmn>
            </xRow>
            <xRow>
              <xClmn xALIGNx="left" xVALIGNx="bottom">
                <xText xALIGNx="center">03.2011</xText>
              </xClmn>
              <xClmn xALIGNx="left" xVALIGNx="bottom">
                <xText xALIGNx="center">2500</xText>
              </xClmn>
              <xClmn xALIGNx="left" xVALIGNx="bottom">
                <xText xALIGNx="center">24,05</xText>
              </xClmn>
            </xRow>
            <xRow>
              <xClmn xALIGNx="left" xVALIGNx="bottom">
                <xText xALIGNx="center">04.2011</xText>
              </xClmn>
              <xClmn xALIGNx="left" xVALIGNx="bottom">
                <xText xALIGNx="center">2488,8</xText>
              </xClmn>
              <xClmn xALIGNx="left" xVALIGNx="bottom">
                <xText xALIGNx="center">59,59</xText>
              </xClmn>
            </xRow>
            <xRow>
              <xClmn xALIGNx="left" xVALIGNx="bottom">
                <xText xALIGNx="center">05.2011</xText>
              </xClmn>
              <xClmn xALIGNx="left" xVALIGNx="bottom">
                <xText xALIGNx="center">2488,8</xText>
              </xClmn>
              <xClmn xALIGNx="left" xVALIGNx="bottom">
                <xText xALIGNx="center">89,43</xText>
              </xClmn>
            </xRow>
            <xRow>
              <xClmn xALIGNx="left" xVALIGNx="bottom">
                <xText xALIGNx="center">06.2011</xText>
              </xClmn>
              <xClmn xALIGNx="left" xVALIGNx="bottom">
                <xText xALIGNx="center">2488,8</xText>
              </xClmn>
              <xClmn xALIGNx="left" xVALIGNx="bottom">
                <xText xALIGNx="center">18,89</xText>
              </xClmn>
            </xRow>
            <xRow>
              <xClmn xALIGNx="left" xVALIGNx="bottom">
                <xText xALIGNx="center">07.2011</xText>
              </xClmn>
              <xClmn xALIGNx="left" xVALIGNx="bottom">
                <xText xALIGNx="center">2488,8</xText>
              </xClmn>
              <xClmn xALIGNx="left" xVALIGNx="bottom">
                <xText xALIGNx="center">111,37</xText>
              </xClmn>
            </xRow>
            <xRow>
              <xClmn xALIGNx="left" xVALIGNx="bottom">
                <xText xALIGNx="center">08.2011</xText>
              </xClmn>
              <xClmn xALIGNx="left" xVALIGNx="bottom">
                <xText xALIGNx="center">2488,8</xText>
              </xClmn>
              <xClmn xALIGNx="left" xVALIGNx="bottom">
                <xText xALIGNx="center">21,98</xText>
              </xClmn>
            </xRow>
            <xRow>
              <xClmn xALIGNx="left" xVALIGNx="bottom">
                <xText xALIGNx="center">09.2011</xText>
              </xClmn>
              <xClmn xALIGNx="left" xVALIGNx="bottom">
                <xText xALIGNx="center">2488,8</xText>
              </xClmn>
              <xClmn xALIGNx="left" xVALIGNx="bottom">
                <xText xALIGNx="center">11,08</xText>
              </xClmn>
            </xRow>
            <xRow>
              <xClmn xALIGNx="left" xVALIGNx="bottom">
                <xText xALIGNx="center">10.2011</xText>
              </xClmn>
              <xClmn xALIGNx="left" xVALIGNx="bottom">
                <xText xALIGNx="center">2488,8</xText>
              </xClmn>
              <xClmn xALIGNx="left" xVALIGNx="bottom">
                <xText xALIGNx="center">148,54</xText>
              </xClmn>
            </xRow>
            <xRow>
              <xClmn xALIGNx="left" xVALIGNx="bottom">
                <xText xALIGNx="center">11.2011</xText>
              </xClmn>
              <xClmn xALIGNx="left" xVALIGNx="bottom">
                <xText xALIGNx="center">0</xText>
              </xClmn>
              <xClmn xALIGNx="left" xVALIGNx="bottom">
                <xText xALIGNx="center">109,48</xText>
              </xClmn>
            </xRow>
            <xRow>
              <xClmn xALIGNx="left" xVALIGNx="bottom">
                <xText xALIGNx="center">12.2011</xText>
              </xClmn>
              <xClmn xALIGNx="left" xVALIGNx="bottom">
                <xText xALIGNx="center">0</xText>
              </xClmn>
              <xClmn xALIGNx="left" xVALIGNx="bottom">
                <xText xALIGNx="center">93,66</xText>
              </xClmn>
            </xRow>
          </xRows>
          <xText>Opłaty za pobyt w Domu Pogodnej Jesieni za listopad i grudzień 2011 r. pokryło Zgromadzenie Sióstr <xAnon>(...)</xAnon>.</xText>
          <xText>(dowód: informacja Domu Pogodnej Jesieni – k. 510-511 oraz 512-513).</xText>
          <xText>Dopiero przy tak uzupełnionych ustaleniach faktycznych możliwe jest pełne odniesienie się do zarzutów zawartych w środku odwoławczym.</xText>
          <xText>W pierwszej kolejności analizie należy poddać zarzut naruszenia prawa procesowego polegającego na oddaleniu wniosków dowodowych pozwanego. Kwestia ta ma bowiem wpływ na ustalenie stanu faktycznego sprawy, a tylko w prawidłowo ustalonym stanie faktycznym można dokonać kontroli właściwego zastosowania prawa materialnego. Wskazać jednak należy, że zarzut tego rodzaju podniesiony w apelacji nie może odnieść zamierzonego skutku. Oddalenie wniosków dowodowych pozwanego nastąpiło na ostatniej rozprawie, na której pozwany był reprezentowany przez swojego pełnomocnika. Stosownie do <xLexLink xArt="art. 162" xIsapId="WDU19640430296" xTitle="Ustawa z dnia 17 listopada 1964 r. - Kodeks postępowania cywilnego" xAddress="Dz. U. z 1964 r. Nr 43, poz. 296">art. 162 kpc</xLexLink> strony mogą w toku posiedzenia, a jeżeli nie były obecne, na najbliższym posiedzeniu zwrócić uwagę sądu na uchybienia przepisom postępowania wnosząc o wpisanie zastrzeżenia do protokołu. Stronie, która zastrzeżenia nie zgłosiła nie przysługuje prawo do powoływania się na takie uchybienia w dalszym toku postępowania, chyba że chodzi o przepisy postępowania, których naruszenie sąd powinien wziąć pod rozwagę z urzędu, albo strona uprawdopodobni, iż nie zgłosiła zastrzeżeń bez swojej winy. Analiza akt sprawy pozwala na ustalenie, że na rozprawie w dniu 28 listopada 2013 r. po oddaleniu wniosków dowodowych pozwanego odpowiednie zastrzeżenie do protokołu nie zostało zgłoszone. Z tego względu pozwany utracił prawo do powoływania się na tą okoliczność.</xText>
          <xText>Przechodząc do analizy dalszych zarzutów apelacyjnych, które w głównej mierze odnoszą się do kwestii istnienia obowiązku alimentacyjnego po stronie pozwanego względem jego matki, wskazać należy, iż nie są one uzasadnione. Sąd Okręgowy podziela bowiem pogląd Sądu I instancji co do tego, że na pozwanym spoczywał w okresie objętym pozwem obowiązek alimentacyjny.</xText>
          <xText>Przede wszystkim przyznać należy rację Sądowi Rejonowemu twierdzącemu, iż <xAnon>C. M.</xAnon> w latach 2009-2011 znajdowała się w niedostatku. Jej dochody, choć stałe, nie pozwalały bowiem na pokrycie wszystkich koniecznych wydatków. Nie można podzielić poglądu pozwanego, że stan zdrowia jego matki nie wymagał umieszczenia jej w domu opieki. Zgromadzona dokumentacja medyczna oraz zeznania świadków wskazują, że było to konieczne. Bliższa argumentacja dotycząca tej kwestii została przedstawiona przez Sąd Rejonowy i powtarzanie jej jest niecelowe. Uznać należy ją za wystarczającą. Przy konieczności korzystania z opieki w Domu Pogodnej Jesieni dochody matki stron okazały się niewystarczające. Fakt posiadania przez <xAnon>C. M.</xAnon> pewnych składników majątkowych nie może prowadzić do innego wniosku. Rzeczywiście była ona właścicielką nieruchomości, jednak nieruchomość ta nie przynosiła dochodów. Pozwany nie wykazał, że np. z uwagi na rozkład pomieszczeń i względną samodzielność lokali część tej nieruchomości mogła zostać przeznaczona na wynajem i przynosić dochód. Trudno też wymagać od osoby starszej i chorej, aby zbyła przysługujący jej udział w nieruchomości, stanowiącej jedyny wartościowy składnik jej majątku. Dlatego też sam fakt, iż matce stron przysługiwała współwłasność nieruchomości nie może prowadzić do wniosku, że nie znajdowała się ona w niedostatku.</xText>
          <xText>Natomiast wartość udziałów w szklarni, przyczepie samochodowej i samochodzie marki <xAnon>S. (...)</xAnon> jest na tyle znikoma, że nie ma praktycznego wpływu na możliwość zaspokojenia jej potrzeb życiowych.</xText>
          <xText>Posiadanie środków pieniężnych pochodzących ze zbycia akcji rzeczywiście może mieć wpływ na ocenę sytuacji materialnej <xAnon>C. M.</xAnon>. Transakcja ta przyniosła bowiem niebagatelną kwotę ok. 32 tysięcy złotych. Zwrócić jednak trzeba uwagę na fakt, że co najmniej część tej kwoty została wydatkowana na remont domu. Jaka była to część – w chwili obecnej trudno precyzyjnie ustalić. Nawet jeśli przyjąć wersję pozwanego, że cały remont wykonany po 2006 roku kosztował ok. 21.000 zł, co pociągałoby za sobą obciążenie <xAnon>C. M.</xAnon> w wysokości ok. 10.000 zł, to kwota jaka by jej pozostała wynosiłaby ok. 20.000 zł. Przy niskich dochodach matki stron i jej złym stanie zdrowia kwota powyższa mogła zostać wydatkowana na bieżące potrzeby w latach 2006, 2007 i 2008. Brak jest więc podstaw do przyjęcia, że matka stron mogła dysponować tą kwotą lub jej częścią w okresie, który został objęty zaskarżonym wyrokiem (2009-2011).</xText>
          <xText>Natomiast sytuacja materialna pozwanego nie może być uznana za na tyle trudną, aby zwalniała go z obowiązku dostarczania matce środków utrzymania. Co prawda dochody pozwanego są niewielkie, jednak dysponuje on majątkiem świadczącym o jego dobrej sytuacji materialnej.</xText>
          <xText>Jest właścicielem nie tylko nieruchomości, która zaspokaja jego potrzeby mieszkaniowe, ale także właścicielem innej nieruchomości o pow. 7,22 ha. W niedalekiej przeszłości sprzedał nieruchomość za 170.000 zł. Jest właścicielem drogiego samochodu marki <xAnon>M.</xAnon>, który został nabyty stosunkowo niedawno, bo w 2008 r. za znaczną kwotę 31.000 zł. Już wymienienie tych składników majątkowych prowadzi do wniosku, że sytuacja materialna pozwanego jest co najmniej dobra. Nikt będący w trudnej sytuacji materialnej nie dokonuje bowiem zakupu drogiego samochodu i nie utrzymuje go nie mając na to odpowiednich środków. Dlatego też w żaden sposób nie można podzielić zarzutów pozwanego zmierzających do wykazania, że znajduje się w niedostatku. Obrazu tego nie zmienia fakt, że pozwany może nie uzyskiwać dochodów z wynajmu samochodu czy też z dzierżawionej nieruchomości. Natomiast jeśli chodzi o kwotę zachowku, to bez wątpienia pozwany wyegzekwował tą kwotę, a czy nabywcą licytacyjnym nieruchomości była jego żona czy też inna osoba, jest okolicznością obojętną dla oceny możliwości majątkowych pozwanego, szczególnie przy uwzględnieniu faktu, że pozostaje w ustroju rozdzielności majątkowej.</xText>
          <xText>Podzielić należy więc pogląd Sądu Rejonowego, co do tego, że powództwo jest uzasadnione co do zasady.</xText>
          <xText>Sąd Okręgowy dostrzega jednak konieczność modyfikacji orzeczenia w zakresie wysokości kwoty, jaką powinien zostać obciążony pozwany.</xText>
          <xText>W ocenie Sądu Okręgowego strony – jako dzieci <xAnon>C. M.</xAnon> – powinny w równym stopniu pokryć niedobór, jaki zaistniał w wyniku porównania dochodów matki stron z wysokością wydatków, jakie zmuszona była ponosić na swoje utrzymanie. Nie można przy tym zaakceptować poglądu powódki i Sądu I instancji, że do obliczeń należy przyjąć kwotę odpowiadającą jedynie 70% wysokości renty rodzinnej matki stron. Przepisy ustawy o pomocy społecznej regulują stosunek pomiędzy organem prowadzącym dom pomocy społecznej a podopiecznym i jego rodziną. Regulują zasady odpłatności za ten dom. Są elementem prawa publicznego. Nie mają jednak wpływu na ocenę, czy osoba korzystająca z tej formy opieki znajduje się w niedostatku. Przyjąć należy zasadę, że każda osoba powinna w pierwszej kolejności wszystkie swoje dochody przeznaczać na własne utrzymanie. Dlatego też do dalszych obliczeń należy przyjąć pełną kwotę renty rodzinnej netto pobieranej przez <xAnon>C. M.</xAnon>.</xText>
          <xText>Jeśli chodzi natomiast o koszty jej utrzymania, to na powódce spoczywał ciężar wykazania ich wysokości. Powódka była w stanie wykazać jedynie wysokość opłat za dom pomocy społecznej oraz wysokość opłat za leki. Nie dostarczyła dowodów pozwalających na ustalenie wysokości innych wydatków, które niewątpliwie mogły się pojawić. Ze względu na braki dowodowe do dalszych obliczeń wzięto pod uwagę jedynie wysokość opłat za pobyt w Domu Pogodnej Jesieni oraz wydatki na leki wykazane w odpowiednich informacjach Zgromadzenia <xAnon>(...)</xAnon>.</xText>
          <xText>Obliczenie kwoty, która powinna obciążać pozwanego polega na ustaleniu niedoboru powstałego w wyniku porównania renty rodzinnej <xAnon>C. M.</xAnon> z wydatkami na pobyt w DPJ w <xAnon>T.</xAnon> i na leki. Tak powstały niedobór należy podzielić na dwie osoby zobowiązane do alimentacji. Biorąc pod uwagę, że zaskarżonym orzeczeniem objęto okres od 1 stycznia 2009 r. do 31 grudnia 2011 r. w obliczeniach należy uwzględnić także nadwyżkę powstałą w listopadzie i grudniu 2011 r., a wynikającą z tego, że za te dwa miesiące powódka nie uiszczała należności, która została pokryta przez Zgromadzenie <xAnon>(...)</xAnon>.</xText>
          <xText>Zestawienie powyższych danych przedstawia się następująco:</xText>
          <xRows>
            <xCOLGROUPx>
              <xCOLx xWIDTHx="146"/>
              <xCOLx xWIDTHx="183"/>
              <xCOLx xWIDTHx="150"/>
              <xCOLx xWIDTHx="150"/>
              <xCOLx xWIDTHx="148"/>
              <xCOLx xWIDTHx="158"/>
            </xCOLGROUPx>
            <xRow>
              <xClmn xALIGNx="left" xVALIGNx="top">
                <xText>
                  <xBx>Miesiąc/rok</xBx>
                </xText>
              </xClmn>
              <xClmn xALIGNx="left" xVALIGNx="top">
                <xText>
                  <xBx>Dom Pogodnej Jesieni</xBx>
                </xText>
              </xClmn>
              <xClmn xALIGNx="left" xVALIGNx="top">
                <xText>
                  <xBx>Leki</xBx>
                </xText>
              </xClmn>
              <xClmn xALIGNx="left" xVALIGNx="top">
                <xText>
                  <xBx>Renta rodzinna</xBx>
                </xText>
              </xClmn>
              <xClmn xALIGNx="left" xVALIGNx="top">
                <xText>
                  <xBx>Niedobór</xBx>
                </xText>
              </xClmn>
              <xClmn xALIGNx="left" xVALIGNx="top">
                <xText>
                  <xBx>Połowa niedoboru</xBx>
                </xText>
              </xClmn>
            </xRow>
            <xRow>
              <xClmn xALIGNx="left" xVALIGNx="top">
                <xText>01.2009</xText>
              </xClmn>
              <xClmn xALIGNx="left" xVALIGNx="top">
                <xText>1950</xText>
              </xClmn>
              <xClmn xALIGNx="left" xVALIGNx="top">
                <xText>0</xText>
              </xClmn>
              <xClmn xALIGNx="left" xVALIGNx="top">
                <xText>994,07</xText>
              </xClmn>
              <xClmn xALIGNx="left" xVALIGNx="top">
                <xText>955,93</xText>
              </xClmn>
              <xClmn xALIGNx="left" xVALIGNx="top">
                <xText>477,965</xText>
              </xClmn>
            </xRow>
            <xRow>
              <xClmn xALIGNx="left" xVALIGNx="top">
                <xText>02.2009</xText>
              </xClmn>
              <xClmn xALIGNx="left" xVALIGNx="top">
                <xText>1950</xText>
              </xClmn>
              <xClmn xALIGNx="left" xVALIGNx="top">
                <xText>167,57</xText>
              </xClmn>
              <xClmn xALIGNx="left" xVALIGNx="top">
                <xText>1646,67</xText>
              </xClmn>
              <xClmn xALIGNx="left" xVALIGNx="top">
                <xText>470,9</xText>
              </xClmn>
              <xClmn xALIGNx="left" xVALIGNx="top">
                <xText>235,45</xText>
              </xClmn>
            </xRow>
            <xRow>
              <xClmn xALIGNx="left" xVALIGNx="top">
                <xText>03.2009</xText>
              </xClmn>
              <xClmn xALIGNx="left" xVALIGNx="top">
                <xText>2100</xText>
              </xClmn>
              <xClmn xALIGNx="left" xVALIGNx="top">
                <xText>62,84</xText>
              </xClmn>
              <xClmn xALIGNx="left" xVALIGNx="top">
                <xText>1225,32</xText>
              </xClmn>
              <xClmn xALIGNx="left" xVALIGNx="top">
                <xText>937,52</xText>
              </xClmn>
              <xClmn xALIGNx="left" xVALIGNx="top">
                <xText>468,76</xText>
              </xClmn>
            </xRow>
            <xRow>
              <xClmn xALIGNx="left" xVALIGNx="top">
                <xText>04.2009</xText>
              </xClmn>
              <xClmn xALIGNx="left" xVALIGNx="top">
                <xText>2100</xText>
              </xClmn>
              <xClmn xALIGNx="left" xVALIGNx="top">
                <xText>25,66</xText>
              </xClmn>
              <xClmn xALIGNx="left" xVALIGNx="top">
                <xText>1223,32</xText>
              </xClmn>
              <xClmn xALIGNx="left" xVALIGNx="top">
                <xText>902,34</xText>
              </xClmn>
              <xClmn xALIGNx="left" xVALIGNx="top">
                <xText>451,17</xText>
              </xClmn>
            </xRow>
            <xRow>
              <xClmn xALIGNx="left" xVALIGNx="top">
                <xText>05.2009</xText>
              </xClmn>
              <xClmn xALIGNx="left" xVALIGNx="top">
                <xText>2100</xText>
              </xClmn>
              <xClmn xALIGNx="left" xVALIGNx="top">
                <xText>90,54</xText>
              </xClmn>
              <xClmn xALIGNx="left" xVALIGNx="top">
                <xText>1225,32</xText>
              </xClmn>
              <xClmn xALIGNx="left" xVALIGNx="top">
                <xText>965,22</xText>
              </xClmn>
              <xClmn xALIGNx="left" xVALIGNx="top">
                <xText>482,61</xText>
              </xClmn>
            </xRow>
            <xRow>
              <xClmn xALIGNx="left" xVALIGNx="top">
                <xText>06.2009</xText>
              </xClmn>
              <xClmn xALIGNx="left" xVALIGNx="top">
                <xText>2100</xText>
              </xClmn>
              <xClmn xALIGNx="left" xVALIGNx="top">
                <xText>172,47</xText>
              </xClmn>
              <xClmn xALIGNx="left" xVALIGNx="top">
                <xText>1225,32</xText>
              </xClmn>
              <xClmn xALIGNx="left" xVALIGNx="top">
                <xText>1047,15</xText>
              </xClmn>
              <xClmn xALIGNx="left" xVALIGNx="top">
                <xText>523,575</xText>
              </xClmn>
            </xRow>
            <xRow>
              <xClmn xALIGNx="left" xVALIGNx="top">
                <xText>07.2009</xText>
              </xClmn>
              <xClmn xALIGNx="left" xVALIGNx="top">
                <xText>2100</xText>
              </xClmn>
              <xClmn xALIGNx="left" xVALIGNx="top">
                <xText>0</xText>
              </xClmn>
              <xClmn xALIGNx="left" xVALIGNx="top">
                <xText>1225,32</xText>
              </xClmn>
              <xClmn xALIGNx="left" xVALIGNx="top">
                <xText>874,68</xText>
              </xClmn>
              <xClmn xALIGNx="left" xVALIGNx="top">
                <xText>437,34</xText>
              </xClmn>
            </xRow>
            <xRow>
              <xClmn xALIGNx="left" xVALIGNx="top">
                <xText>08.2009</xText>
              </xClmn>
              <xClmn xALIGNx="left" xVALIGNx="top">
                <xText>2100</xText>
              </xClmn>
              <xClmn xALIGNx="left" xVALIGNx="top">
                <xText>144,07</xText>
              </xClmn>
              <xClmn xALIGNx="left" xVALIGNx="top">
                <xText>1225,32</xText>
              </xClmn>
              <xClmn xALIGNx="left" xVALIGNx="top">
                <xText>1018,75</xText>
              </xClmn>
              <xClmn xALIGNx="left" xVALIGNx="top">
                <xText>509,375</xText>
              </xClmn>
            </xRow>
            <xRow>
              <xClmn xALIGNx="left" xVALIGNx="top">
                <xText>09.2009</xText>
              </xClmn>
              <xClmn xALIGNx="left" xVALIGNx="top">
                <xText>2100</xText>
              </xClmn>
              <xClmn xALIGNx="left" xVALIGNx="top">
                <xText>127,01</xText>
              </xClmn>
              <xClmn xALIGNx="left" xVALIGNx="top">
                <xText>1225,32</xText>
              </xClmn>
              <xClmn xALIGNx="left" xVALIGNx="top">
                <xText>1001,69</xText>
              </xClmn>
              <xClmn xALIGNx="left" xVALIGNx="top">
                <xText>500,845</xText>
              </xClmn>
            </xRow>
            <xRow>
              <xClmn xALIGNx="left" xVALIGNx="top">
                <xText>10.2009</xText>
              </xClmn>
              <xClmn xALIGNx="left" xVALIGNx="top">
                <xText>2100</xText>
              </xClmn>
              <xClmn xALIGNx="left" xVALIGNx="top">
                <xText>350,12</xText>
              </xClmn>
              <xClmn xALIGNx="left" xVALIGNx="top">
                <xText>1225,32</xText>
              </xClmn>
              <xClmn xALIGNx="left" xVALIGNx="top">
                <xText>1224,8</xText>
              </xClmn>
              <xClmn xALIGNx="left" xVALIGNx="top">
                <xText>612,4</xText>
              </xClmn>
            </xRow>
            <xRow>
              <xClmn xALIGNx="left" xVALIGNx="top">
                <xText>11.2009</xText>
              </xClmn>
              <xClmn xALIGNx="left" xVALIGNx="top">
                <xText>2100</xText>
              </xClmn>
              <xClmn xALIGNx="left" xVALIGNx="top">
                <xText>49,65</xText>
              </xClmn>
              <xClmn xALIGNx="left" xVALIGNx="top">
                <xText>1225,32</xText>
              </xClmn>
              <xClmn xALIGNx="left" xVALIGNx="top">
                <xText>924,33</xText>
              </xClmn>
              <xClmn xALIGNx="left" xVALIGNx="top">
                <xText>462,165</xText>
              </xClmn>
            </xRow>
            <xRow>
              <xClmn xALIGNx="left" xVALIGNx="top">
                <xText>12.2009</xText>
              </xClmn>
              <xClmn xALIGNx="left" xVALIGNx="top">
                <xText>2100</xText>
              </xClmn>
              <xClmn xALIGNx="left" xVALIGNx="top">
                <xText>33</xText>
              </xClmn>
              <xClmn xALIGNx="left" xVALIGNx="top">
                <xText>1225,32</xText>
              </xClmn>
              <xClmn xALIGNx="left" xVALIGNx="top">
                <xText>907,68</xText>
              </xClmn>
              <xClmn xALIGNx="left" xVALIGNx="top">
                <xText>453,84</xText>
              </xClmn>
            </xRow>
            <xRow>
              <xClmn xALIGNx="left" xVALIGNx="top">
                <xText>01.2010</xText>
              </xClmn>
              <xClmn xALIGNx="left" xVALIGNx="top">
                <xText>2100</xText>
              </xClmn>
              <xClmn xALIGNx="left" xVALIGNx="top">
                <xText>0</xText>
              </xClmn>
              <xClmn xALIGNx="left" xVALIGNx="top">
                <xText>1225,32</xText>
              </xClmn>
              <xClmn xALIGNx="left" xVALIGNx="top">
                <xText>874,68</xText>
              </xClmn>
              <xClmn xALIGNx="left" xVALIGNx="top">
                <xText>437,34</xText>
              </xClmn>
            </xRow>
            <xRow>
              <xClmn xALIGNx="left" xVALIGNx="top">
                <xText>02.2010</xText>
              </xClmn>
              <xClmn xALIGNx="left" xVALIGNx="top">
                <xText>2100</xText>
              </xClmn>
              <xClmn xALIGNx="left" xVALIGNx="top">
                <xText>0</xText>
              </xClmn>
              <xClmn xALIGNx="left" xVALIGNx="top">
                <xText>1225,32</xText>
              </xClmn>
              <xClmn xALIGNx="left" xVALIGNx="top">
                <xText>874,68</xText>
              </xClmn>
              <xClmn xALIGNx="left" xVALIGNx="top">
                <xText>437,34</xText>
              </xClmn>
            </xRow>
            <xRow>
              <xClmn xALIGNx="left" xVALIGNx="top">
                <xText>03.2010</xText>
              </xClmn>
              <xClmn xALIGNx="left" xVALIGNx="top">
                <xText>2100</xText>
              </xClmn>
              <xClmn xALIGNx="left" xVALIGNx="top">
                <xText>223,22</xText>
              </xClmn>
              <xClmn xALIGNx="left" xVALIGNx="top">
                <xText>1279,68</xText>
              </xClmn>
              <xClmn xALIGNx="left" xVALIGNx="top">
                <xText>1043,54</xText>
              </xClmn>
              <xClmn xALIGNx="left" xVALIGNx="top">
                <xText>521,77</xText>
              </xClmn>
            </xRow>
            <xRow>
              <xClmn xALIGNx="left" xVALIGNx="top">
                <xText>04.2010</xText>
              </xClmn>
              <xClmn xALIGNx="left" xVALIGNx="top">
                <xText>2300,21</xText>
              </xClmn>
              <xClmn xALIGNx="left" xVALIGNx="top">
                <xText>181,97</xText>
              </xClmn>
              <xClmn xALIGNx="left" xVALIGNx="top">
                <xText>1276,68</xText>
              </xClmn>
              <xClmn xALIGNx="left" xVALIGNx="top">
                <xText>1205,5</xText>
              </xClmn>
              <xClmn xALIGNx="left" xVALIGNx="top">
                <xText>602,75</xText>
              </xClmn>
            </xRow>
            <xRow>
              <xClmn xALIGNx="left" xVALIGNx="top">
                <xText>05.2010</xText>
              </xClmn>
              <xClmn xALIGNx="left" xVALIGNx="top">
                <xText>2300,21</xText>
              </xClmn>
              <xClmn xALIGNx="left" xVALIGNx="top">
                <xText>146,7</xText>
              </xClmn>
              <xClmn xALIGNx="left" xVALIGNx="top">
                <xText>1279,68</xText>
              </xClmn>
              <xClmn xALIGNx="left" xVALIGNx="top">
                <xText>1167,23</xText>
              </xClmn>
              <xClmn xALIGNx="left" xVALIGNx="top">
                <xText>583,615</xText>
              </xClmn>
            </xRow>
            <xRow>
              <xClmn xALIGNx="left" xVALIGNx="top">
                <xText>06.2010</xText>
              </xClmn>
              <xClmn xALIGNx="left" xVALIGNx="top">
                <xText>2300,21</xText>
              </xClmn>
              <xClmn xALIGNx="left" xVALIGNx="top">
                <xText>27,85</xText>
              </xClmn>
              <xClmn xALIGNx="left" xVALIGNx="top">
                <xText>1279,68</xText>
              </xClmn>
              <xClmn xALIGNx="left" xVALIGNx="top">
                <xText>1048,38</xText>
              </xClmn>
              <xClmn xALIGNx="left" xVALIGNx="top">
                <xText>524,19</xText>
              </xClmn>
            </xRow>
            <xRow>
              <xClmn xALIGNx="left" xVALIGNx="top">
                <xText>07.2010</xText>
              </xClmn>
              <xClmn xALIGNx="left" xVALIGNx="top">
                <xText>2300,21</xText>
              </xClmn>
              <xClmn xALIGNx="left" xVALIGNx="top">
                <xText>122,25</xText>
              </xClmn>
              <xClmn xALIGNx="left" xVALIGNx="top">
                <xText>1279,68</xText>
              </xClmn>
              <xClmn xALIGNx="left" xVALIGNx="top">
                <xText>1142,78</xText>
              </xClmn>
              <xClmn xALIGNx="left" xVALIGNx="top">
                <xText>571,39</xText>
              </xClmn>
            </xRow>
            <xRow>
              <xClmn xALIGNx="left" xVALIGNx="top">
                <xText>08.2010</xText>
              </xClmn>
              <xClmn xALIGNx="left" xVALIGNx="top">
                <xText>2300,21</xText>
              </xClmn>
              <xClmn xALIGNx="left" xVALIGNx="top">
                <xText>20</xText>
              </xClmn>
              <xClmn xALIGNx="left" xVALIGNx="top">
                <xText>1279,68</xText>
              </xClmn>
              <xClmn xALIGNx="left" xVALIGNx="top">
                <xText>1040,53</xText>
              </xClmn>
              <xClmn xALIGNx="left" xVALIGNx="top">
                <xText>520,265</xText>
              </xClmn>
            </xRow>
            <xRow>
              <xClmn xALIGNx="left" xVALIGNx="top">
                <xText>09.2010</xText>
              </xClmn>
              <xClmn xALIGNx="left" xVALIGNx="top">
                <xText>2300,21</xText>
              </xClmn>
              <xClmn xALIGNx="left" xVALIGNx="top">
                <xText>134,03</xText>
              </xClmn>
              <xClmn xALIGNx="left" xVALIGNx="top">
                <xText>1279,68</xText>
              </xClmn>
              <xClmn xALIGNx="left" xVALIGNx="top">
                <xText>1154,56</xText>
              </xClmn>
              <xClmn xALIGNx="left" xVALIGNx="top">
                <xText>577,28</xText>
              </xClmn>
            </xRow>
            <xRow>
              <xClmn xALIGNx="left" xVALIGNx="top">
                <xText>10.2010</xText>
              </xClmn>
              <xClmn xALIGNx="left" xVALIGNx="top">
                <xText>2300,21</xText>
              </xClmn>
              <xClmn xALIGNx="left" xVALIGNx="top">
                <xText>57,17</xText>
              </xClmn>
              <xClmn xALIGNx="left" xVALIGNx="top">
                <xText>1279,68</xText>
              </xClmn>
              <xClmn xALIGNx="left" xVALIGNx="top">
                <xText>1077,7</xText>
              </xClmn>
              <xClmn xALIGNx="left" xVALIGNx="top">
                <xText>538,85</xText>
              </xClmn>
            </xRow>
            <xRow>
              <xClmn xALIGNx="left" xVALIGNx="top">
                <xText>11.2010</xText>
              </xClmn>
              <xClmn xALIGNx="left" xVALIGNx="top">
                <xText>2300,21</xText>
              </xClmn>
              <xClmn xALIGNx="left" xVALIGNx="top">
                <xText>104,74</xText>
              </xClmn>
              <xClmn xALIGNx="left" xVALIGNx="top">
                <xText>1279,68</xText>
              </xClmn>
              <xClmn xALIGNx="left" xVALIGNx="top">
                <xText>1125,27</xText>
              </xClmn>
              <xClmn xALIGNx="left" xVALIGNx="top">
                <xText>562,635</xText>
              </xClmn>
            </xRow>
            <xRow>
              <xClmn xALIGNx="left" xVALIGNx="top">
                <xText>12.2010</xText>
              </xClmn>
              <xClmn xALIGNx="left" xVALIGNx="top">
                <xText>2300,21</xText>
              </xClmn>
              <xClmn xALIGNx="left" xVALIGNx="top">
                <xText>27,57</xText>
              </xClmn>
              <xClmn xALIGNx="left" xVALIGNx="top">
                <xText>1276,68</xText>
              </xClmn>
              <xClmn xALIGNx="left" xVALIGNx="top">
                <xText>1051,1</xText>
              </xClmn>
              <xClmn xALIGNx="left" xVALIGNx="top">
                <xText>525,55</xText>
              </xClmn>
            </xRow>
            <xRow>
              <xClmn xALIGNx="left" xVALIGNx="top">
                <xText>01.2011</xText>
              </xClmn>
              <xClmn xALIGNx="left" xVALIGNx="top">
                <xText>2300,21</xText>
              </xClmn>
              <xClmn xALIGNx="left" xVALIGNx="top">
                <xText>108,39</xText>
              </xClmn>
              <xClmn xALIGNx="left" xVALIGNx="top">
                <xText>1276,68</xText>
              </xClmn>
              <xClmn xALIGNx="left" xVALIGNx="top">
                <xText>1131,92</xText>
              </xClmn>
              <xClmn xALIGNx="left" xVALIGNx="top">
                <xText>565,96</xText>
              </xClmn>
            </xRow>
            <xRow>
              <xClmn xALIGNx="left" xVALIGNx="top">
                <xText>02.2011</xText>
              </xClmn>
              <xClmn xALIGNx="left" xVALIGNx="top">
                <xText>2300,21</xText>
              </xClmn>
              <xClmn xALIGNx="left" xVALIGNx="top">
                <xText>132,25</xText>
              </xClmn>
              <xClmn xALIGNx="left" xVALIGNx="top">
                <xText>1279,68</xText>
              </xClmn>
              <xClmn xALIGNx="left" xVALIGNx="top">
                <xText>1152,78</xText>
              </xClmn>
              <xClmn xALIGNx="left" xVALIGNx="top">
                <xText>576,39</xText>
              </xClmn>
            </xRow>
            <xRow>
              <xClmn xALIGNx="left" xVALIGNx="top">
                <xText>03.2011</xText>
              </xClmn>
              <xClmn xALIGNx="left" xVALIGNx="top">
                <xText>2500</xText>
              </xClmn>
              <xClmn xALIGNx="left" xVALIGNx="top">
                <xText>24,05</xText>
              </xClmn>
              <xClmn xALIGNx="left" xVALIGNx="top">
                <xText>1318,04</xText>
              </xClmn>
              <xClmn xALIGNx="left" xVALIGNx="top">
                <xText>1206,01</xText>
              </xClmn>
              <xClmn xALIGNx="left" xVALIGNx="top">
                <xText>603,005</xText>
              </xClmn>
            </xRow>
            <xRow>
              <xClmn xALIGNx="left" xVALIGNx="top">
                <xText>04.2011</xText>
              </xClmn>
              <xClmn xALIGNx="left" xVALIGNx="top">
                <xText>2488,8</xText>
              </xClmn>
              <xClmn xALIGNx="left" xVALIGNx="top">
                <xText>59,59</xText>
              </xClmn>
              <xClmn xALIGNx="left" xVALIGNx="top">
                <xText>1315,04</xText>
              </xClmn>
              <xClmn xALIGNx="left" xVALIGNx="top">
                <xText>1233,35</xText>
              </xClmn>
              <xClmn xALIGNx="left" xVALIGNx="top">
                <xText>616,675</xText>
              </xClmn>
            </xRow>
            <xRow>
              <xClmn xALIGNx="left" xVALIGNx="top">
                <xText>05.2011</xText>
              </xClmn>
              <xClmn xALIGNx="left" xVALIGNx="top">
                <xText>2488,8</xText>
              </xClmn>
              <xClmn xALIGNx="left" xVALIGNx="top">
                <xText>89,43</xText>
              </xClmn>
              <xClmn xALIGNx="left" xVALIGNx="top">
                <xText>1318,04</xText>
              </xClmn>
              <xClmn xALIGNx="left" xVALIGNx="top">
                <xText>1260,19</xText>
              </xClmn>
              <xClmn xALIGNx="left" xVALIGNx="top">
                <xText>630,095</xText>
              </xClmn>
            </xRow>
            <xRow>
              <xClmn xALIGNx="left" xVALIGNx="top">
                <xText>06.2011</xText>
              </xClmn>
              <xClmn xALIGNx="left" xVALIGNx="top">
                <xText>2488,8</xText>
              </xClmn>
              <xClmn xALIGNx="left" xVALIGNx="top">
                <xText>18,89</xText>
              </xClmn>
              <xClmn xALIGNx="left" xVALIGNx="top">
                <xText>1318,04</xText>
              </xClmn>
              <xClmn xALIGNx="left" xVALIGNx="top">
                <xText>1189,65</xText>
              </xClmn>
              <xClmn xALIGNx="left" xVALIGNx="top">
                <xText>594,825</xText>
              </xClmn>
            </xRow>
            <xRow>
              <xClmn xALIGNx="left" xVALIGNx="top">
                <xText>07.2011</xText>
              </xClmn>
              <xClmn xALIGNx="left" xVALIGNx="top">
                <xText>2488,8</xText>
              </xClmn>
              <xClmn xALIGNx="left" xVALIGNx="top">
                <xText>111,37</xText>
              </xClmn>
              <xClmn xALIGNx="left" xVALIGNx="top">
                <xText>1318,04</xText>
              </xClmn>
              <xClmn xALIGNx="left" xVALIGNx="top">
                <xText>1282,13</xText>
              </xClmn>
              <xClmn xALIGNx="left" xVALIGNx="top">
                <xText>641,065</xText>
              </xClmn>
            </xRow>
            <xRow>
              <xClmn xALIGNx="left" xVALIGNx="top">
                <xText>08.2011</xText>
              </xClmn>
              <xClmn xALIGNx="left" xVALIGNx="top">
                <xText>2488,8</xText>
              </xClmn>
              <xClmn xALIGNx="left" xVALIGNx="top">
                <xText>21,98</xText>
              </xClmn>
              <xClmn xALIGNx="left" xVALIGNx="top">
                <xText>1318,04</xText>
              </xClmn>
              <xClmn xALIGNx="left" xVALIGNx="top">
                <xText>1192,74</xText>
              </xClmn>
              <xClmn xALIGNx="left" xVALIGNx="top">
                <xText>596,37</xText>
              </xClmn>
            </xRow>
            <xRow>
              <xClmn xALIGNx="left" xVALIGNx="top">
                <xText>09.2011</xText>
              </xClmn>
              <xClmn xALIGNx="left" xVALIGNx="top">
                <xText>2488,8</xText>
              </xClmn>
              <xClmn xALIGNx="left" xVALIGNx="top">
                <xText>11,08</xText>
              </xClmn>
              <xClmn xALIGNx="left" xVALIGNx="top">
                <xText>1318,04</xText>
              </xClmn>
              <xClmn xALIGNx="left" xVALIGNx="top">
                <xText>1181,84</xText>
              </xClmn>
              <xClmn xALIGNx="left" xVALIGNx="top">
                <xText>590,92</xText>
              </xClmn>
            </xRow>
            <xRow>
              <xClmn xALIGNx="left" xVALIGNx="top">
                <xText>10.2011</xText>
              </xClmn>
              <xClmn xALIGNx="left" xVALIGNx="top">
                <xText>2488,8</xText>
              </xClmn>
              <xClmn xALIGNx="left" xVALIGNx="top">
                <xText>148,54</xText>
              </xClmn>
              <xClmn xALIGNx="left" xVALIGNx="top">
                <xText>1318,04</xText>
              </xClmn>
              <xClmn xALIGNx="left" xVALIGNx="top">
                <xText>1319,3</xText>
              </xClmn>
              <xClmn xALIGNx="left" xVALIGNx="top">
                <xText>659,65</xText>
              </xClmn>
            </xRow>
            <xRow>
              <xClmn xALIGNx="left" xVALIGNx="top">
                <xText>11.2011</xText>
              </xClmn>
              <xClmn xALIGNx="left" xVALIGNx="top">
                <xText>0</xText>
              </xClmn>
              <xClmn xALIGNx="left" xVALIGNx="top">
                <xText>109,48</xText>
              </xClmn>
              <xClmn xALIGNx="left" xVALIGNx="top">
                <xText>1318,04</xText>
              </xClmn>
              <xClmn xALIGNx="left" xVALIGNx="top">
                <xText>-1208,56</xText>
              </xClmn>
              <xClmn xALIGNx="left" xVALIGNx="top">
                <xText>-604,28</xText>
              </xClmn>
            </xRow>
            <xRow>
              <xClmn xALIGNx="left" xVALIGNx="top">
                <xText>12.2011</xText>
              </xClmn>
              <xClmn xALIGNx="left" xVALIGNx="top">
                <xText>0</xText>
              </xClmn>
              <xClmn xALIGNx="left" xVALIGNx="top">
                <xText>93,66</xText>
              </xClmn>
              <xClmn xALIGNx="left" xVALIGNx="top">
                <xText>1131,33</xText>
              </xClmn>
              <xClmn xALIGNx="left" xVALIGNx="top">
                <xText>-1037,67</xText>
              </xClmn>
              <xClmn xALIGNx="left" xVALIGNx="top">
                <xText>-518,835</xText>
              </xClmn>
            </xRow>
            <xRow>
              <xClmn xALIGNx="left" xVALIGNx="top"/>
              <xClmn xALIGNx="left" xVALIGNx="top"/>
              <xClmn xALIGNx="left" xVALIGNx="top"/>
              <xClmn xALIGNx="left" xVALIGNx="top"/>
              <xClmn xALIGNx="left" xVALIGNx="top"/>
              <xClmn xALIGNx="left" xVALIGNx="top"/>
            </xRow>
            <xRow>
              <xClmn xALIGNx="left" xVALIGNx="top">
                <xText>
                  <xBx>Razem:</xBx>
                </xText>
              </xClmn>
              <xClmn xALIGNx="left" xVALIGNx="top">
                <xText>76423,91</xText>
              </xClmn>
              <xClmn xALIGNx="left" xVALIGNx="top">
                <xText>3197,14</xText>
              </xClmn>
              <xClmn xALIGNx="left" xVALIGNx="top">
                <xText>45680,43</xText>
              </xClmn>
              <xClmn xALIGNx="left" xVALIGNx="top">
                <xText>33940,62</xText>
              </xClmn>
              <xClmn xALIGNx="left" xVALIGNx="top">
                <xText>16970,31</xText>
              </xClmn>
            </xRow>
          </xRows>
          <xText>Zaznaczyć przy tym należy, że w obliczeniach nie uwzględniono wydatków na leki za styczeń 2009 r., która to należność została przez Sąd I instancji uznana za przedawnioną.</xText>
          <xText>Z powyższych względów konieczna stała się zmiana zaskarżonego wyroku i obniżenie zasądzonej kwoty do 16.970,31 zł. Kwota powyższa może być zasądzona z odsetkami jedynie od 1 lutego 2012 r. Świadczenie, do którego pozwany jest zobowiązany, ma charakter bezterminowy, a więc powinno zostać spełnione niezwłocznie po wezwaniu do jego spełnienia (<xLexLink xArt="art. 455" xIsapId="WDU19640160093" xTitle="Ustawa z dnia 23 kwietnia 1964 r. - Kodeks cywilny" xAddress="Dz. U. z 1964 r. Nr 16, poz. 93">art. 455 kc</xLexLink>). Powódka wezwała pozwanego do zapłaty dopiero pismem wysłanym w dniu 27 grudnia 2011 r. (k. 24-25). Przyjąć należy, że pismo to dotarło do pozwanego po ok. 2 – 3 dniach, a pozwany powinien też dysponować odpowiednim terminem na zgromadzenie potrzebnych środków. W ocenie Sądu pozwany powinien dysponować około miesięcznym terminem na spełnienie świadczenia, a więc powinien zaspokoić roszczenia powódki do końca stycznia 2012 r. Nie uczynił tego, a więc powódka uzyskała uprawnienie do naliczania odsetek ustawowych od 1 lutego 2012 r. na podstawie <xLexLink xArt="art. 481;art. 481 § 1" xIsapId="WDU19640160093" xTitle="Ustawa z dnia 23 kwietnia 1964 r. - Kodeks cywilny" xAddress="Dz. U. z 1964 r. Nr 16, poz. 93">art. 481 § 1 kc.</xLexLink> Brak jest przy tym podstaw do naliczania odsetek za każdy miesiąc następujący po miesiącu, w którym powódka łożyła na utrzymanie matki, jak uczynił to Sąd Rejonowy.</xText>
          <xText>Przy takim wyniku sprawy zasadne jest zniesienie kosztów postępowania pomiędzy stronami na podstawie <xLexLink xArt="art. 100" xIsapId="WDU19640430296" xTitle="Ustawa z dnia 17 listopada 1964 r. - Kodeks postępowania cywilnego" xAddress="Dz. U. z 1964 r. Nr 43, poz. 296">art. 100 kpc</xLexLink>. Jednocześnie nakazano pobrać od pozwanego kwotę 849 zł stanowiącą część opłaty od pozwu obliczoną w stosunku do kwoty, którą zasądzono od pozwanego, a to na podstawie <xLexLink xArt="art. 113;art. 113 ust. 1" xIsapId="WDU20051671398" xTitle="Ustawa z dnia 28 lipca 2005 r. o kosztach sądowych w sprawach cywilnych" xAddress="Dz. U. z 2005 r. Nr 167, poz. 1398">art. 113 ust. 1 ustawy z 28 lipca 2005 r. o kosztach sądowych w sprawach cywilnych</xLexLink>.</xText>
          <xText>Odnosząc się do pozostałych zarzutów apelacji wskazać należy, że Sąd I instancji – wbrew zarzutom apelacji – powołał w uzasadnieniu podstawę prawną orzeczenia, tj. <xLexLink xArt="art. 140" xIsapId="WDU19640090059" xTitle="Ustawa z dnia 25 lutego 1964 r. - Kodeks rodzinny i opiekuńczy" xAddress="Dz. U. z 1964 r. Nr 9, poz. 59">art. 140 kriop</xLexLink>, <xLexLink xArt="art. 120" xIsapId="WDU19640160093" xTitle="Ustawa z dnia 23 kwietnia 1964 r. - Kodeks cywilny" xAddress="Dz. U. z 1964 r. Nr 16, poz. 93">art. 120 kc</xLexLink>, <xLexLink xArt="art. 481" xIsapId="WDU19640160093" xTitle="Ustawa z dnia 23 kwietnia 1964 r. - Kodeks cywilny" xAddress="Dz. U. z 1964 r. Nr 16, poz. 93">art. 481 kc</xLexLink>, a w zakresie kosztów postępowania <xLexLink xArt="art. 98;art. 100" xIsapId="WDU19640430296" xTitle="Ustawa z dnia 17 listopada 1964 r. - Kodeks postępowania cywilnego" xAddress="Dz. U. z 1964 r. Nr 43, poz. 296">art. 98 i 100 kpc</xLexLink>. Nie powołał jedynie odpowiedniego przepisu ustawy o kosztach sądowych w sprawach cywilnych. Jest to jednak uchybienie o niewielkim ciężarze gatunkowym i nie mające wpływu na treść rozstrzygnięcia. Dlatego też zarzut naruszenia <xLexLink xArt="art. 328;art. 328 § 2" xIsapId="WDU19640430296" xTitle="Ustawa z dnia 17 listopada 1964 r. - Kodeks postępowania cywilnego" xAddress="Dz. U. z 1964 r. Nr 43, poz. 296">art. 328 § 2 kpc</xLexLink> musi być uznany za nieuzasadniony.</xText>
          <xText>Zmiana rozstrzygnięcia w zakresie wysokości zasądzonej kwoty pociągnęła za sobą także zmianę orzeczenia w zakresie kosztów postępowania. Z tego względu brak jest potrzeby dokonywania bliższej analizy orzeczenia o kosztach, które zostało wydane przez Sąd I instancji.</xText>
          <xText>Względy wskazane w rozważaniach zadecydowały, że orzeczono jak w sentencji na mocy <xLexLink xArt="art. 386;art. 386 § 1" xIsapId="WDU19640430296" xTitle="Ustawa z dnia 17 listopada 1964 r. - Kodeks postępowania cywilnego" xAddress="Dz. U. z 1964 r. Nr 43, poz. 296">art. 386 § 1 kpc</xLexLink>.</xText>
          <xText>Ze względu na jedynie częściowe uwzględnienie apelacji, koszty postępowania apelacyjnego pomiędzy stronami zostały zniesione, a to na podstawie <xLexLink xArt="art. 100" xIsapId="WDU19640430296" xTitle="Ustawa z dnia 17 listopada 1964 r. - Kodeks postępowania cywilnego" xAddress="Dz. U. z 1964 r. Nr 43, poz. 296">art. 100 kpc</xLexLink>.</xText>
        </xUnit>
      </xBlock>
    </xPart>
  </judgement>
<judgement id="155025450000503_I_C_000181_2009_Uz_2013-07-29_001">
    <xPart xEditorFullName="Iwona Sibińska" xYear="2009" xLang="PL" xPublisherFullName="Iwona Sibińska" xFromPg="1" xEditor="isibinska" xVolType="15/502545/0000503/C" xPublisher="isibinska" xDocType="Uz" xVolNmbr="000181" xVersion="1.0" xToPage="7" xFlag="published">
      <xName>Wyrok+Uzasadnienie</xName>
      <xBlock>
        <xText>Sygn. akt I C 181/09</xText>
        <xUnit xIsTitle="true" xBold="true" xType="part">
          <xName>WYROK</xName>
          <xText xALIGNx="center">
            <xBx>W I M I E N I U R Z E C Z Y P O S P O L I T E J P O L S K I E J</xBx>
          </xText>
          
          <xText xALIGNx="right"> Dnia 20 sierpień 2013 r.</xText>
          
          <xText>Sąd Rejonowy dla Wrocławia - Krzyków we Wrocławiu Wydział I Cywilny</xText>
          <xText>w składzie następującym:</xText>
          <xText>Przewodniczący: SSR Karolina Gruszczyńska</xText>
          <xText>Protokolant: Agnieszka Wiewióra - Sterna</xText>
          <xText>po rozpoznaniu w dniu 28 czerwca 2013 r. we Wrocławiu</xText>
          <xText>sprawy z powództwa <xAnon>G. S.</xAnon> i <xAnon>M. S. (1)</xAnon></xText>
          <xText>przeciwko <xAnon>Ł. S.</xAnon></xText>
          <xText>o zapłatę</xText>
          <xUnit xIsTitle="false" xType="none">
            <xName xSffx=".">I</xName>
            <xText>uchyla wyrok zaoczny z dnia 13 stycznia 2010 r. w całości;</xText>
          </xUnit>
          <xUnit xIsTitle="false" xType="none">
            <xName xSffx=".">II</xName>
            <xText>zasądza od pozwanego <xAnon>Ł. S.</xAnon> na rzecz powódki <xAnon>G. S.</xAnon> kwotę 28 524 zł (<xIx>dwadzieścia osiem tysięcy pięćset dwadzieścia cztery złote</xIx>) wraz z ustawowymi odsetkami od dnia uprawomocnienia się wyroku do dnia zapłaty;</xText>
          </xUnit>
          <xUnit xIsTitle="false" xType="none">
            <xName xSffx=".">III</xName>
            <xText>zasądza od pozwanego <xAnon>Ł. S.</xAnon> na rzecz powoda <xAnon>M. S. (1)</xAnon> kwotę 33 595,19 zł (<xIx>trzydzieści trzy tysiące pięćset dziewięćdziesiąt pięć złotych dziewiętnaście groszy</xIx>) wraz z ustawowymi odsetkami od dnia uprawomocnienia się wyroku do dnia zapłaty;</xText>
          </xUnit>
          <xUnit xIsTitle="false" xType="none">
            <xName xSffx=".">IV</xName>
            <xText>dalej idące powództwo oddala;</xText>
          </xUnit>
          <xUnit xIsTitle="false" xType="none">
            <xName xSffx=".">V</xName>
            <xText>orzeka, że koszty procesu ponosi w całości pozwany pozostawiając ich szczegółowe wyliczenie referendarzowi sądowemu.</xText>
          </xUnit>
        </xUnit>
        <xUnit xIsTitle="true" xBold="true" xType="part">
          <xName>UZASADNIENIE</xName>
          <xText>Powodowie <xAnon>G. S.</xAnon> i <xAnon>M. S. (1)</xAnon> wystąpili z żądaniem zapłaty przez pozwanego <xAnon>Ł. S.</xAnon> kwot po 36 000 zł wraz z ustawowymi odsetkami od dnia prawomocności wyroku do dnia zapłaty. Uzasadniając żądanie powodowie wskazali, iż są spadkobiercami po zmarłym <xAnon>M. S. (2)</xAnon>, jednakże sporządził on testament na mocy którego cały spadek nabył wnuk <xAnon>Ł. S.</xAnon>. Majątek spadkowy stanowi lokal mieszkalny położony we <xAnon>W.</xAnon> przy <xAnon>ul. (...)</xAnon>. Powodowie wzywali pozwanego do zapłaty, ale zaoferował on jedynie kwoty 10 000 zł.</xText>
          <xText>Wyrokiem zaocznym z dnia 13 stycznia 2010 r. Sąd orzekł zgodnie z żądaniem pozwu. Sprzeciw został ostatecznie skutecznie wniesiony przez pozwanego. W sprzeciwie podniesiono, że spadkodawca dokonał na rzecz powódki darowizny w kwocie 20 000 zł oraz że z tytułu bezumownego zajmowania przez powódkę spornego lokalu winna ona jest pozwanemu kwotę 40 500 zł. Pozwany podniósł natomiast, że powódka odebrała z bliżej nieokreślonego banku kwotę lokaty w wysokości od 8 000 zł do 10 000 zł. Ponadto do dnia dzisiejszego włada samochodem osobowym o <xAnon>nr rej. (...)</xAnon>, z którego przynajmniej 50% udziału wchodzi do masy spadkowej. Zarzucono tez, że w 2005 r. powódka otrzymała darowiznę od spadkodawcy w kwocie 30 856,41 zł pochodząca z likwidacji książeczki mieszkaniowej spadkodawcy. Ponownie podniesiono również, że powódka nadal korzysta z mieszkania pozwanego nie opłacając należności z tego tytułu, która stanowi już kwotę 54 000 zł. Powód natomiast otrzymał w 1981 lub 1982 r. tytułem darowizny od ojca samochód osobowy marki <xAnon>F. (...)</xAnon>. Niezależnie od tego spadkodawca dokonywał też na rzecz powoda darowizn pieniężnych z przeznaczeniem na budowę domu.</xText>
          <xText>W odpowiedzi na powyższe powodowie potwierdzili, że powód otrzymał samochód osobowy marki <xAnon>F. (...)</xAnon> oraz, że otrzymywał drobne kwoty pieniężne od ojca, które starczyły zaledwie na wykonanie tynków wewnętrznych. Powódka faktycznie zlikwidowała lokatę po śmierci męża, ale były na niej wspólne środki. Ponadto powódka przyznała, że jest w posiadaniu samochodu osobowego marki <xAnon>F. (...)</xAnon> o <xAnon>nr rej. (...)</xAnon>, który obecnie posiada znikoma wartość i nikt go nie używa. Jeśli zaś chodzi o wynagrodzenie za bezumowne korzystanie powódka wskazała, że w żaden sposób kwota wyliczona przez pozwanego nie została udowodniona.</xText>
          <xText>W toku dalszego postępowania strony podtrzymywały swoje stanowiska w sprawie. Dodatkowo po zgłoszeniu się do udziału pełnomocnika powódki podniósł on, że spadkodawca poczynił liczne darowizny na rzecz swojego drugiego syna, a ojca pozwanego, które w ocenie pełnomocnika, należało zaliczyć do wartości spadku.</xText>
          
          <xText>
            <xBx>
              <xIx> Sąd ustalił w sprawie następujący stan faktyczny:</xIx>
            </xBx>
          </xText>
          
          <xText>Spadkodawca <xAnon>M. S. (2)</xAnon> zmarł w dniu 28.04.2007 r. we <xAnon>W.</xAnon>. Pozostawił żonę <xAnon>G. S.</xAnon> oraz dwóch synów <xAnon>M. S. (1)</xAnon> i <xAnon>J. S.</xAnon>.</xText>
          <xText>Postanowieniem z dnia 17.09.2008 r. Sąd Rejonowy dla Wrocławia Krzyków we Wrocławiu stwierdził nabycie spadku po <xAnon>M. S. (2)</xAnon> na podstawie testamentu notarialnego z dnia 4.08.2005 r. rep. A nr 1893/2005 przez wnuka <xAnon>Ł. S.</xAnon> w całości.</xText>
          
          <xText>
            <xBx>
              <xIx>dowód:</xIx>
            </xBx>
          </xText>
          <xText>
            <xIx>akta sprawy I Ns 1274/07</xIx>
          </xText>
          
          <xText>W skład spadku pozostawionego przez spadkodawcę wchodzi lokal mieszkalny położony we <xAnon>W.</xAnon> przy <xAnon>ul. (...)</xAnon> o wartości 193 500 zł, samochód osobowy marki <xAnon>F. (...)</xAnon> o <xAnon>nr rej. (...)</xAnon> i wartości 3 000 zł oraz połowa kwoty ze zlikwidowanej książeczki w wysokości 5 071,19 zł, tj. majątek o łącznej wartości 201 571,19 zł.</xText>
          
          <xText>
            <xBx>
              <xIx>dowód:</xIx>
            </xBx>
          </xText>
          <xText>
            <xIx>
              <xAnon>księga wieczysta nr (...)</xAnon>
            </xIx>
          </xText>
          <xText>
            <xIx>opinia biegłego sądowego z zakresu szacowania nieruchomości – k. 344 – 361 akt, opinia uzupełniająca – k. 388 – 389 akt</xIx>
          </xText>
          <xText>
            <xIx>dowód zamknięcia rachunku z dnia 29.06.2007 r. – k. 220 akt</xIx>
          </xText>
          <xText>
            <xIx>kserokopia dowodu rejestracyjnego – k. 233 – 234 akt</xIx>
          </xText>
          <xText>
            <xIx>zgodne oświadczenia stron co do wartości samochodu – pismo z dnia 18.06.2013 r. – k. 429 – 430 akt, protokół rozprawy z dnia 12.06.2013 r. – k. 427 verte</xIx>
          </xText>
          
          <xText>Powódka <xAnon>G. S.</xAnon> dokonała w dniu 29.06.2007 r. wypłaty kwoty 10 142,39 zł z lokaty terminowej w <xAnon> (...) Banku (...)</xAnon>.</xText>
          
          <xText>
            <xBx>
              <xIx>dowód :</xIx>
            </xBx>
            <xIx>dowód zamknięcia rachunku z dnia 29.06.2007 r. – k. 220 akt</xIx>
          </xText>
          
          <xText>
            <xBx> Sąd zważył co następuje:</xBx>
          </xText>
          
          <xText>Powództwo zasługiwało na uwzględnienie w przeważającej części.</xText>
          <xText>Stan spadku ustala się według chwili otwarcia spadku (vide orzeczenie Sądu Najwyższego z 27 września 1974 r. III CZP 58/74, Biuletyn SN 1974, nr 10, poz. 195), natomiast wartość spadku ustala się według cen z daty orzekania o roszczeniach z tytułu zachowku (vide uchwała składu 7 sędziów Sądu Najwyższego z 26 marca 1985 r., <xAnon> (...)</xAnon>, OSNCP 1985, nr 10, poz. 147).</xText>
          <xText>Zgromadzony materiał dowodowy pozwolił Sądowi na ustalenie, iż w skład spadku po zmarłym <xAnon>M. S. (2)</xAnon> wchodzi lokal mieszkalny położony we <xAnon>W.</xAnon> przy <xAnon>ul. (...)</xAnon> o wartości 193 500 zł, samochód osobowy marki <xAnon>F. (...)</xAnon> o <xAnon>nr rej. (...)</xAnon> i wartości 3 000 zł oraz połowa kwoty ze zlikwidowanej książeczki w wysokości 5 071,19 zł, tj. majątek o łącznej wartości 201 571,19 zł.</xText>
          <xText>Spadkobiercy ustawowi to żona <xAnon>G. S.</xAnon> oraz synowie <xAnon>M. S. (1)</xAnon> i <xAnon>J. S.</xAnon>. Całość spadku przypadła jednak wnukowi spadkodawcy <xAnon>Ł. S.</xAnon>. Zgodnie z treścią przepisu <xLexLink xArt="art. 991;art. 991 § 1;art. 991 § 2" xIsapId="WDU19640160093" xTitle="Ustawa z dnia 23 kwietnia 1964 r. - Kodeks cywilny" xAddress="Dz. U. z 1964 r. Nr 16, poz. 93">art. 991 § 1 i 2 k.c.</xLexLink> zstępnym, małżonkowi oraz rodzicom spadkodawcy, którzy byliby powołani do spadku z ustawy, należą się, jeżeli uprawniony jest trwale niezdolny do pracy albo jeżeli zstępny uprawniony jest małoletni - dwie trzecie wartości udziału spadkowego, który by mu przypadał przy dziedziczeniu ustawowym, w innych zaś wypadkach - połowa wartości tego udziału (zachowek). Jeżeli uprawniony nie otrzymał należnego mu zachowku bądź w postaci uczynionej przez spadkodawcę darowizny, bądź w postaci powołania do spadku, bądź w postaci zapisu, przysługuje mu przeciwko spadkobiercy roszczenie o zapłatę sumy pieniężnej potrzebnej do pokrycia zachowku albo do jego uzupełnienia. Skoro zatem wartość spadku wynosi 201 571,19 zł to zachowek należny żonie i synowi spadkodawcy stanowi kwotę 33 595,19 zł ( 201 571,19 : 6 ).</xText>
          <xText>Wartość lokalu mieszkalnego została ustalona przez Sąd na podstawie opinii biegłego sądowego z zakresu szacowania nieruchomości. Opinię biegłego Sąd uznał za w pełni przydatną do rozpoznania sprawy, rzetelną i fachową, sporządzoną zgodnie z najlepszą wiedzą i doświadczeniem zawodowym biegłego. Wskazać należy, że po przedstawieniu opinii uzupełniającej strony nie wniosły żadnych uwag do opinii.</xText>
          <xText>Jeśli chodzi o samochód osobowy marki <xAnon>F. (...)</xAnon> pozostający w dyspozycji powódki, ale będący własnością wyłącznie spadkodawcy, co wynika z kserokopii dowodu rejestracyjnego pojazdu, to strony ustaliły zgodnie jego wartość na 3 000 zł. Sąd nie widział potrzeby dopuszczania w tym zakresie dowodu z opinii biegłego, co tylko prowadziłoby i do przedłużenia postępowania i do zwiększenia się jego kosztów. Pozwany przyznał, że wartość pojazdu jest znikoma i wniósł o doliczenie jej do wartości spadku, pełnomocnik powódki wskazał tę wartość na 3 000 zł, co nie spotkało się ze sprzeciwem pozostałych. Taką tez wartość przyjął Sąd.</xText>
          <xText>Jeśli chodzi o zlikwidowaną lokatę w kwocie 10 142,38 zł to należało przyjąć, że środki na niej zgromadzone pochodziły z majątku wspólnego stron. Jak stanowi przepis <xLexLink xArt="art. 31" xIsapId="WDU19500340308" xTitle="Ustawa z dnia 27 czerwca 1950 r. - Kodeks rodzinny" xAddress="Dz. U. z 1950 r. Nr 34, poz. 308">art. 31 k.r.</xLexLink> i o. z chwilą zawarcia małżeństwa powstaje miedzy małżonkami z mocy ustawy wspólność majątkowa. Do majątku wspólnego należą w szczególności pobrane wynagrodzenie za pracę i dochody z innej działalności każdego z małżonków czy środki zgromadzone na rachunku otwartego lub pracowniczego funduszu emerytalnego. W przypadku zatem, gdy powódka twierdziła, że kwota 10 142,38 zł stanowiła wspólne oszczędności jej i jej zmarłego męża, to na pozwanym ciążył obowiązek wykazania, że środki te stanowiły wyłącznie majątek spadkodawcy. Takich dowodów pozwany nie wskazał. Przyjęcie jednak tej okoliczności przy jednoczesnym fakcie wypłaty całości tych środków i ich zatrzymania przez powódkę prowadziło do zasądzenia od pozwanego na rzecz powódki kwoty niższej niż wynikająca z wyliczonego zachowku, bo kwoty 28 524 zł ( 33 595,19 - 5 071,19 ). Twierdzenia powódki, że środki na zakup mieszkania, czy samochodu pochodziły ze środków wspólnych jej i spadkodawcy nie były przedmiotem zainteresowania Sądu w sprawie o zachowek. Z dokumentów przedstawionych w sprawie wynika wyłączne prawo własności spadkodawcy, natomiast tego rodzaju zarzuty mogłyby być podnoszone w sprawie o podział majątku wspólnego <xAnon>G.</xAnon> i <xAnon>M. S. (2)</xAnon>.</xText>
          <xText>Jeśli chodzi o twierdzenie pozwanego w przedmiocie poczynionej na rzecz powódki przez spadkodawcę darowizny w kwocie 30 856,41 zł, to wskazać należy, że okoliczność ta, w ocenie Sądu, nie została w żaden sposób przez pozwanego wykazana, a zgodnie z treścią przepisu <xLexLink xArt="art. 6" xIsapId="WDU19640160093" xTitle="Ustawa z dnia 23 kwietnia 1964 r. - Kodeks cywilny" xAddress="Dz. U. z 1964 r. Nr 16, poz. 93">art. 6 k.c.</xLexLink> ciężar dowodu w tym zakresie leżał po stronie pozwanego. Jeśli zaś chodzi o poczynione przez spadkodawcę na rzecz powoda <xAnon>M. S. (1)</xAnon> darowizny w postaci samochodu marki <xAnon>F. (...)</xAnon>. i inne pieniężne, to należy przytoczyć treść przepisu <xLexLink xArt="art. 994" xIsapId="WDU19640160093" xTitle="Ustawa z dnia 23 kwietnia 1964 r. - Kodeks cywilny" xAddress="Dz. U. z 1964 r. Nr 16, poz. 93">art. 994 k.c.</xLexLink>, który stanowi, że przy obliczaniu zachowku nie dolicza się do spadku drobnych darowizn, zwyczajowo w danych stosunkach przyjętych, ani dokonanych przed więcej niż dziesięciu laty, licząc wstecz od otwarcia spadku (…). <xAnon>M. S. (2)</xAnon> zmarł w 2007 r., zatem darowizna z 1981 lub 1982 r., jak twierdzi pozwany, w postaci samochodu osobowego w żaden sposób nie może być brana pod uwagę. Odnośnie darowizn dokonanych w związku z budową domu nie wykazano w żadnej mierze w jakiej wysokości były to darowizny i kiedy były poczynione.</xText>
          <xText>W ocenie Sądu zatem podniesione przez pozwanego zarzuty, ponad te uwzględnione, nie zasługują na uwzględnienie. Nie zasługiwały również na uwzględnienie twierdzenia powódki odnośnie uwzględnienia darowizn poczynionych przez spadkodawcę na rzecz ojca pozwanego, zarówno co do zasady, nie były to bowiem darowizny poczynione na rzecz spadkobiercy testamentowego, jak i w dalszej kolejności co do wysokości, której w żaden sposób nie udowodniono.</xText>
          <xText>Na koniec należałoby się odnieść do twierdzeń pozwanego odnośnie wynagrodzenia za bezumowne korzystanie z mieszkania przez powódkę. Sąd nie uwzględnił złożonego przez pełnomocnika pozwanego w piśmie stanowiącym załącznik do protokołu z dnia 12.06.2013 r. zarzutu potrącenia. Sąd oddalił też wniosek o dopuszczenie dowodu z opinii biegłego na okoliczność wyceny czynszu najmu, ponieważ pełnomocnik pozwanego nie wykonał zobowiązania w przedmiocie sprecyzowania tego wniosku poprzez wskazanie jakiego okresu ma dotyczyć wycena tego czynszu. Zobowiązanie Sąd nałożył na rozprawie w dniu 30.05.2013 r., na której pełnomocnik pozwanego był obecny. Na poparcie swoich twierdzeń odnośnie wysokości należnego pozwanemu wynagrodzenia pozostał wydruk z Internetu, z którego wynika, że ceny mieszkań w tym rejonie i o zbliżonej powierzchni kształtują się na poziomie od 850 zł do 2 200 zł. W ocenie Sadu znaczenie dla ceny wynajmu ma na pewno stan techniczny danego mieszkania, jego wyposażenie, a nawet konkretne położenie – tj. na parterze, czy ostatnim piętrze. Tym samym bez dowodu z opinii biegłego nie było możliwe ustalenie wartości wynagrodzenia należnego pozwanemu z tytułu bezumownego korzystania w niniejszym procesie.</xText>
          <xText>Mając powyższe na uwadze Sąd orzekł jak w pkt I i II wyroku. Jednocześnie w pkt III wyroku Sąd oddalił dalej idące powództwo. Ponieważ jednak powodowie ulegli w nieznacznej części co do swoich żądań Sąd na podstawie przepisu <xLexLink xArt="art. 100" xIsapId="WDU19640430296" xTitle="Ustawa z dnia 17 listopada 1964 r. - Kodeks postępowania cywilnego" xAddress="Dz. U. z 1964 r. Nr 43, poz. 296">art. 100 k.p.c.</xLexLink> orzekł, że koszty procesu w całości ponosi pozwany, pozostawiając, na podstawie przepisu <xLexLink xArt="art. 108" xIsapId="WDU19640430296" xTitle="Ustawa z dnia 17 listopada 1964 r. - Kodeks postępowania cywilnego" xAddress="Dz. U. z 1964 r. Nr 43, poz. 296">art. 108 k.p.c.</xLexLink>, ich szczegółowe wyliczenie referendarzowi sądowemu.</xText>
          
          <xText>Z/</xText>
          <xUnit xIsTitle="false" xType="none">
            <xName xSffx=")">1</xName>
            <xText>odnotować,</xText>
          </xUnit>
          <xUnit xIsTitle="false" xType="none">
            <xName xSffx=")">2</xName>
            <xText>odpis wyroku wraz z uzasadnieniem doręczyć zgodnie z wnioskiem;</xText>
          </xUnit>
          <xUnit xIsTitle="false" xType="none">
            <xName xSffx=")">3</xName>
            <xText>kal. 14 dni.</xText>
          </xUnit>
        </xUnit>
      </xBlock>
    </xPart>
  </judgement>
<judgement id="155000000000503_I_ACa_000745_2013_Uz_2013-08-23_001">
    <xPart xEditorFullName="Małgorzata Kurek" xYear="2013" xLang="PL" xPublisherFullName="Monika Kurkowiak" xFromPg="1" xEditor="mkurek" xVolType="15/500000/0000503/ACa" xPublisher="mkurkowiak" xDocType="Uz" xVolNmbr="000745" xVersion="1.0" xToPage="6" xFlag="published">
      <xName>Wyrok+Uzasadnienie</xName>
      <xBlock>
        <xText>Sygn. akt I ACa 745/13</xText>
        <xUnit xIsTitle="true" xBold="true" xType="part">
          <xName>WYROK</xName>
          <xTitle>W IMIENIU RZECZYPOSPOLITEJ POLSKIEJ</xTitle>
          <xText xALIGNx="right">Dnia 29 lipca 2013 r.</xText>
          <xText>Sąd Apelacyjny we Wrocławiu – Wydział I Cywilny w składzie:</xText>
          
          <xRows>
            <xCOLGROUPx>
              <xCOLx xWIDTHx="219"/>
              <xCOLx xWIDTHx="398"/>
            </xCOLGROUPx>
            <xRow>
              <xClmn xALIGNx="left" xVALIGNx="middle">
                <xText xALIGNx="right">Przewodniczący:</xText>
              </xClmn>
              <xClmn xALIGNx="left" xVALIGNx="middle">
                <xText>SSA Iwona Biedroń</xText>
              </xClmn>
            </xRow>
            <xRow>
              <xClmn xALIGNx="left" xVALIGNx="top">
                <xText xALIGNx="right">Sędziowie:</xText>
              </xClmn>
              <xClmn xALIGNx="left" xVALIGNx="middle">
                <xText>SSA Dariusz Kłodnicki</xText>
                <xText>SSA Franciszek Marcinowski (spr.)</xText>
              </xClmn>
            </xRow>
            <xRow>
              <xClmn xALIGNx="left" xVALIGNx="middle">
                <xText xALIGNx="right">Protokolant:</xText>
              </xClmn>
              <xClmn xALIGNx="left" xVALIGNx="middle">
                <xText>Małgorzata Kurek</xText>
              </xClmn>
            </xRow>
          </xRows>
          
          <xText>po rozpoznaniu w dniu 24 lipca 2013 r. we Wrocławiu na rozprawie</xText>
          <xText>sprawy z powództwa <xBx><xAnon>G. M.</xAnon></xBx></xText>
          <xText>przeciwko <xBx><xAnon>E. P.</xAnon> i <xAnon>R. P.</xAnon></xBx></xText>
          <xText>o zapłatę</xText>
          <xText>na skutek apelacji pozwanych</xText>
          <xText>od wyroku Sądu Okręgowego w Legnicy</xText>
          <xText>z dnia 7 maja 2013 r. sygn. akt VI GC 9/13</xText>
          
          <xUnit xIsTitle="false" xType="none">
            <xName xSffx=".">1</xName>
            <xText>
              <xBx>oddala apelację; </xBx>
            </xText>
          </xUnit>
          <xUnit xIsTitle="false" xType="none">
            <xName xSffx=".">2</xName>
            <xText>
              <xBx>zasądza od pozwanych <xAnon>E. P.</xAnon> i <xAnon>R. P.</xAnon> solidarnie na rzecz powoda kwotę 2.700 zł tytułem zwrotu kosztów postępowania apelacyjnego.  </xBx>
            </xText>
          </xUnit>
        </xUnit>
        <xUnit xIsTitle="true" xBold="true" xType="part">
          <xName>UZASADNIENIE</xName>
          <xText>Wyrokiem z dnia 7 maja 2013 r. Sąd Okręgowy w Legnicy zasądził od pozwanych <xAnon>E. P.</xAnon> i <xAnon>R. P.</xAnon> solidarnie na rzecz powoda <xAnon>G. M.</xAnon> kwotę 182.400 zł z odsetkami ustawowymi od dnia 25 maja 2012 r., oddalił powództwo w pozostałej części i zasądził od pozwanych na rzecz powoda koszty procesu.</xText>
          <xText>Sąd Okręgowy ustalił, że strony zawarły w dniu 21 czerwca 2011 r. szereg umów o wykonanie robót budowlanych (numery umów: <xAnon> (...)</xAnon>, <xAnon> (...)</xAnon>, <xAnon> (...)</xAnon>, <xAnon> (...)</xAnon>, <xAnon> (...)</xAnon>, <xAnon> (...)</xAnon>, <xAnon> (...)</xAnon>), których przedmiotem było wykonanie przez powoda prac polegających na wykopaniu fundamentów, wykonaniu stanu zerowego budynków, wymurowaniu ścian, wykonaniu stropu, wymurowaniu ścianek kolankowych, wykonaniu dachu i kominów domów mieszkalnych na <xAnon>działkach nr (...)</xAnon> w <xAnon>L.</xAnon>. Rozliczenie wykonanych robót miało następować w formie tymczasowych faktur etapowych i faktury końcowej. Tymczasowe faktury powód miał wystawiać i przedkładać pozwanym najpóźniej w terminie 7 dni od odebrania robót. Pozwani zobowiązani byli do przejrzenia otrzymanej faktury i zapłacenia niespornej kwoty w ciągu 14 dni, a ewentualną sporną część kwoty pozwani powinni w powyższym terminie zakwestionować, w przeciwnym bowiem wypadku uważano, że faktura została w całości zatwierdzona.</xText>
          <xText>Powód wykonywał powyższe roboty w okresie od lipca 2011 do marca 2012 r. Równolegle z pracami na rzecz pozwanych powód wykonywał prace na innych budowach.</xText>
          <xText>Po zakończeniu poszczególnych etapów powód prac wystawił pozwanym <xAnon>faktury VAT o numerach: (...)</xAnon> oraz nr: <xAnon> (...)</xAnon>, <xAnon> (...)</xAnon>, <xAnon> (...)</xAnon>, na łączną kwotę 248.000 zł.</xText>
          <xText>W fakturach nr nr: <xAnon> (...)</xAnon>, <xAnon> (...)</xAnon>, <xAnon> (...)</xAnon>, <xAnon> (...)</xAnon>, <xAnon> (...)</xAnon>, <xAnon> (...)</xAnon>, <xAnon> (...)</xAnon>, <xAnon> (...)</xAnon>, <xAnon> (...)</xAnon>, <xAnon> (...)</xAnon>, <xAnon> (...)</xAnon> i <xAnon> (...)</xAnon> powód jako sposób zapłaty wpisał: „gotówka”. W fakturach nr nr: <xAnon> (...)</xAnon>, <xAnon> (...)</xAnon>, <xAnon> (...)</xAnon>, <xAnon> (...)</xAnon> jako sposób zapłaty wskazano: „przelew”. Wszystkie faktury zostały podpisane przez pozwanych. Pozwany <xAnon>R. P.</xAnon> odbierając <xAnon>fakturę VAT nr (...)</xAnon> z dnia 1.02.2012 r. na kwotę 20.000 zł przekreślił sposób zapłaty „gotówka” zmieniając go na „przelew”.</xText>
          <xText>Pozwani w formie przelewu zapłacili powodowi:</xText>
          <xText>– w dniu 27.09.2011 r. kwotę 14.000 zł z tytułu <xAnon>faktury nr (...)</xAnon>,</xText>
          <xText>– w dniu 16.12.2011 r. kwotę 16.000 zł z tytułu <xAnon>faktury nr (...)</xAnon>,</xText>
          <xText>– w dniu 10.01.2012 r. kwotę 16.000 zł z tytułu <xAnon>faktury nr (...)</xAnon>,</xText>
          <xText>– w dniu 28.12.2012 r. kwotę 10.243,07 zł z tytułu <xAnon>faktury nr (...)</xAnon>.</xText>
          <xText>Powód w pismach z 18 maja 2012 r. i 24 sierpnia 2012 r. wzywał pozwanych do zapłaty należności w kwocie 254.400 zł. Pozwani odmówili zapłaty wskazując, że uregulowali już wszelkie należności.</xText>
          <xText>Część zleconych powodowi prac została przez niego wykonana wadliwie, co skutkowało reklamacjami ze strony nabywców domów. Zgłaszane usterki dotyczyły między innymi dachów, tj. braku pasów nadrynnowych, braku grzebieni okapu, obróbek blacharskich, w tym uszczelnienia cieknącego włazu i komina dachu, jak również krzywych ścian oraz nieprawidłowego wylania posadzek. Pozwani wzywali powoda telefonicznie, a w dniu 15 września 2012 r. pisemnie, do usunięcia w terminie 7 dni na <xAnon>działce (...)</xAnon> wad nienależycie dachu i uzupełnienia braku pasów nadrynnowych, braku grzebieni okapu, uzupełnienia obróbek blacharskich, w tym uszczelnienie cieknącego włazu i komina dachu oraz poprawienia blacharki obróbki komina (brak estetyki). Powód skierował swych pracowników do usunięcia zgłoszonych wad, jednak nie przystąpili pni do prac poprawkowych, nie dokonali oględzin budynku i nie usunęli żadnych usterek.</xText>
          <xText>Pozwani zlecili dokonanie prac poprawkowych <xAnon>K. L.</xAnon>, prowadzącemu <xAnon> Zakład (...)</xAnon>. W budynkach wybudowanych przez powoda dokonał on m.in. demontażu dachówek przy okapach i zamontował pasy nadrynnowe i grzebienie okapu, dokonał poprawek obróbek blacharskich pokrycia dachowego, wymienił blachy przy kominach i poprawił folie przy oknach dachowych, za co wystawił pozwanym faktury. Wykonane przez niego prace były celowe i konieczne. Z tytułu powyższych poprawek pozwani ponieśli koszty na sumę 9.756,93 zł. Pozwani złożyli oświadczenie o potrąceniu przysługującej im z tego tytułu wierzytelności z wierzytelnością powoda z tytułu niezapłaconej <xAnon>faktury VAT nr (...)</xAnon> z dnia 1.02.2012 r. w kwocie 20.000 zł. Pozostałą do zapłaty kwotę 10.243,07 zł zapłacili powodowi w dniu 28 grudnia 2012 r.</xText>
          <xText>Przy takich ustaleniach Sąd Okręgowy uznał, iż pozwani nie udowodnili swoich twierdzeń, że zapłacili powodowi kwotę 182.400 zł z wystawionych przez niego faktur. W uzasadnieniu wyroku stwierdził, że pozwani nie wykazali, aby strony przyjęły inne ustalenia dotyczące sposobu zapłaty niż określone w § 6 zawartych umów. Za gołosłowne uznał twierdzenie pozwanych, że zapłaty dokonywano w drodze „wymiany” faktury na gotówkę. Sąd zauważył jednocześnie, iż faktura nie jest dowodem zapłaty, natomiast zamieszczona na spornych fakturach adnotacja „gotówka” oznacza tylko formę płatności, a nie pokwitowanie zapłaty, przy czym odwołał się do stanowiska wyrażonego w wyroku Sądu Najwyższego z 7 października 2003 r. IV CK 57/02. W ocenie Sądu Okręgowego faktu zapłaty powyższej należności nie potwierdzili również słuchani w sprawie świadkowie. Także podnoszonej przez pozwanych okoliczności, iż powód przez kilka miesięcy nie wzywał ich do zapłaty należności wynikających ze spornych faktur, nie uznał Sąd Okręgowy za dowód tego, że należności te zostały uiszczone. Odnosząc się do argumentu pozwanych opartego na twierdzeniu, że wszystkie faktury, w których jako sposób zapłaty wskazano przelew, zostały przez nich niezwłocznie zapłacone, Sąd Okręgowy zauważył, że zgodnie z § 6 umów łączących strony zapłata miała nastąpić w terminie do 14 dni od otrzymania przez pozwanych faktury, natomiast pozwani należność z tych faktur (w liczbie czterech) wprawdzie zapłacili przelewem, ale w przypadku dwóch z tych faktur uczynili to po dwóch miesiącach, a w przypadku <xAnon>faktury nr (...)</xAnon> wystawionej w lutym 2012 r. zapłacili należność dopiero w 28 grudnia 2012 r., po doręczeniu im nakazu zapłaty. W podsumowaniu Sąd Okręgowy stwierdził, że zgromadzony w sprawie materiał dowodowy nie pozwala na ustalenie faktu dokonania zapłaty przez pozwanych spornej kwoty 182.400 zł, zatem powództwo w tej części należało uwzględnić, natomiast w pozostałym zakresie powództwo podlegało oddaleniu.</xText>
          <xText>Pozwani zaskarżyli powyższy wyrok w części zasądzającej kwotę 182.400 zł z odsetkami oraz w zakresie rozstrzygnięcia o kosztach procesu. Zaskarżonemu wyrokowi zarzucili naruszenie <xLexLink xArt="art. 233;art. 233 § 1" xIsapId="WDU19640430296" xTitle="Ustawa z dnia 17 listopada 1964 r. - Kodeks postępowania cywilnego" xAddress="Dz. U. z 1964 r. Nr 43, poz. 296">art. 233 § 1 k.p.c.</xLexLink> przez uznanie, że wystawione przez powoda faktury nr nr <xAnon> (...)</xAnon>, <xAnon> (...)</xAnon>, <xAnon> (...)</xAnon>, <xAnon> (...)</xAnon>, <xAnon> (...)</xAnon>, <xAnon> (...)</xAnon>, <xAnon> (...)</xAnon>, <xAnon> (...)</xAnon>, <xAnon> (...)</xAnon>, <xAnon> (...)</xAnon>, <xAnon> (...)</xAnon>, <xAnon> (...)</xAnon> i <xAnon> (...)</xAnon> nie spełniały funkcji pokwitowania, a pozwani nie zapłacili za nie przy ich odbiorze, a także naruszenie <xLexLink xArt="art. 462" xIsapId="WDU19640160093" xTitle="Ustawa z dnia 23 kwietnia 1964 r. - Kodeks cywilny" xAddress="Dz. U. z 1964 r. Nr 16, poz. 93">art. 462 k.c.</xLexLink> przez jego błędną wykładnię. Przy tych zarzutach wnieśli o zmianę zaskarżonego wyroku i oddalenie powództwa oraz zasądzenie na ich rzecz od powoda kosztów procesu, ewentualnie o uchylenie zaskarżonego wyroku i przekazanie sprawy Sądowi Okręgowemu do ponownego rozpoznania.</xText>
          <xText>
            <xBx>Sąd Apelacyjny zważył, co następuje:</xBx>
          </xText>
          <xText>Ustalenia faktyczne Sądu I instancji, w zakresie stanowiącym podstawę wydanego wyroku, nie budzą zastrzeżeń. Uznając je za prawidłowe Sąd Apelacyjny przyjął je jako własne.</xText>
          <xText>W sytuacji gdy pozwani twierdzą, że zapłacili dochodzoną przez powoda należność, a powód twierdzi, że zapłaty od nich nie otrzymał, spór między stronami sprowadza się do oceny materiału dowodowego.</xText>
          <xText>Pozwani, nie dysponując żadnymi bezpośrednimi dowodami potwierdzającymi ich stanowisko, powołują się przede wszystkim na zapis w wystawionych przez powoda fakturach, w których w rubryce określającej sposób zapłaty wpisano słowo gotówka. Twierdzą przy tym, że zapis ten, zgodnie z przyjętą między stronami praktyką, oznaczał dokonanie zapłaty w chwili doręczenia faktury. Dalszymi dowodami, mającymi potwierdzać ich stanowisko, są zeznania świadków i samych pozwanych. Co do tych zeznań należy od razu zauważyć, że żaden z powołanych świadków nie widział wręczania powodowi określonej kwoty na pokrycie konkretnych zobowiązań, a treść tych zeznań była bardzo ogólna i nie można na ich podstawie stwierdzić w jakiej dacie, czy w jakim czasie, dochodziło do zapłaty. Z zeznań świadka <xAnon>G. S.</xAnon> wynika, że zawiózł pozwaną <xAnon>E. P.</xAnon>, która miała zapłacić za jedną z faktur, nie widział jednak przekazania pieniędzy (nie był przy tym obecny), nie wie jaką sumę zapłacono i za którą z faktur, pamięta tylko, że było to w lecie – może we wrześniu, sierpniu albo w lipcu. Świadek <xAnon>Z. S.</xAnon> zeznał, że odwracał się gdy pozwana <xAnon>E. P.</xAnon> szła płacić i nie patrzył, gdyż nie wypadało. Świadek <xAnon>S. P.</xAnon> widział kilkakrotnie, że pozwany płacił powodowi, ale nie widział żadnych szczegółów, przy czym na pytanie czy powód kwitował odbiór pieniędzy odpowiedział: „chyba tak”, co podważa tezę pozwanych, że funkcję pokwitowania pełniło słowo „gotówka” wpisane w fakturze. Pozwana <xAnon>E. P.</xAnon> jest w swoich zeznaniach niezdecydowana i niekonsekwentna, początkowo mówi, że płaciła powodowi dwukrotnie, raz podwiózł ją kolega, a drugi raz przypuszczalnie była sama, po chwili refleksji mówi, że dokładnie nie pamięta, „ale to było chyba dwa razy”. Na pytanie Sądu jakie kwoty zawiozła powodowi mówi, że były to różne kwoty, na około 14 – 20 tysięcy, dokładnie nie pamięta. Pozwany <xAnon>R. P.</xAnon> nawet nie próbował wskazać kiedy i w jakich okolicznościach uregulował należność z każdej z faktur objętych sporem. Oboje pozwani ogólnie tylko twierdzili, że wszystkie należności zostały zapłacone i powołując się na zasady doświadczenia życiowego wskazywali, że gdyby ich nie zapłacili, to powód zszedłby z budowy, ponieważ bez zapłaty z ich strony nie miałby z czego opłacić pracowników i nie mógłby zmieniać drogich samochodów. Taki sposób argumentacji nie może oczywiście zastąpić dowodów, którymi pozwani nie dysponują.</xText>
          <xText>Przy ocenie zgromadzonego materiału dowodowego Sąd I instancji nie naruszył granic określonych w <xLexLink xArt="art. 233;art. 233 § 1" xIsapId="WDU19640430296" xTitle="Ustawa z dnia 17 listopada 1964 r. - Kodeks postępowania cywilnego" xAddress="Dz. U. z 1964 r. Nr 43, poz. 296">art. 233 § 1 k.p.c.</xLexLink> Odnosi się to zarówno do oceny osobowych środków dowodowych, jak i oceny dokumentów mających znaczenie dla rozstrzygnięcia sprawy. Co do znaczenia zamieszczenia na spornych fakturach adnotacji „gotówka” Sąd Okręgowy trafnie uznał, że nie stanowi ono potwierdzenia zapłaty. Przypomnieć można, że Sąd Najwyższy w podobnej sprawie już 10 lat temu wypowiedział się w tej kwestii stwierdzając, że powszechnie przyjętą w obrocie gospodarczym formą pokwitowania jest zamieszczenie na fakturze klauzuli „zapłacono gotówką” lub tylko „zapłacono”, natomiast sama adnotacja „gotówka” nie wystarcza do uznania faktury za pokwitowanie (<xIx>vide:</xIx> wyrok SN z dnia 7.10.2003 r., IV CK 57/02, LEX nr 1125089). Trudno zrozumieć dlaczego prowadzący profesjonalną działalność gospodarczą pozwani, gdyby faktycznie zapłacili powodowi sporną należność, mieliby nie zadbać o dowody zapłaty, zwłaszcza że pozwana <xAnon>E. P.</xAnon> zeznała na rozprawie, że powód od początku jej się nie podobał. Już tylko dla porządku można dodać, że powód trafnie podnosi, iż prezentowane przez pozwanych rozumienie zapisu „gotówka” na fakturze pozostaje w sprzeczności z treścią łączących strony umów, które zastrzegały dla pozwanych termin 14 dni na sprawdzenie faktur i zapłatę należności.</xText>
          <xText>Z powyższych względów, nie znajdując podstaw do zakwestionowania rozstrzygnięcia Sądu I instancji, Sąd Apelacyjny oddalił apelację na podstawie <xLexLink xArt="art. 385" xIsapId="WDU19640430296" xTitle="Ustawa z dnia 17 listopada 1964 r. - Kodeks postępowania cywilnego" xAddress="Dz. U. z 1964 r. Nr 43, poz. 296">art. 385 k.p.c.</xLexLink> jako bezzasadną.</xText>
          <xText>O kosztach postępowania odwoławczego orzeczono po myśli <xLexLink xArt="art. 98" xIsapId="WDU19640430296" xTitle="Ustawa z dnia 17 listopada 1964 r. - Kodeks postępowania cywilnego" xAddress="Dz. U. z 1964 r. Nr 43, poz. 296">art. 98 k.p.c.</xLexLink>, przyznając powodowi zwrot kosztów zastępstwa procesowego w wysokości taryfowej.</xText>
          
          <xText>
            <xIx>bp</xIx>
          </xText>
        </xUnit>
      </xBlock>
    </xPart>
  </judgement>
<judgement id="155000000000503_I_ACa_000747_2013_Uz_2013-08-12_001">
    <xPart xEditorFullName="Małgorzata Kurek" xYear="2013" xLang="PL" xPublisherFullName="Monika Kurkowiak" xFromPg="1" xEditor="mkurek" xVolType="15/500000/0000503/ACa" xPublisher="mkurkowiak" xDocType="Uz" xVolNmbr="000747" xVersion="1.0" xToPage="13" xFlag="published">
      <xName>Wyrok+Uzasadnienie</xName>
      <xBlock>
        <xText>Sygn. akt I ACa 747/13</xText>
        
        <xUnit xIsTitle="true" xType="part" xBold="true">
          <xName>WYROK</xName>
          <xTitle>W IMIENIU RZECZYPOSPOLITEJ POLSKIEJ</xTitle>
          <xText xALIGNx="right">Dnia 29 lipca 2013 r.</xText>
          
          <xText>Sąd Apelacyjny we Wrocławiu – Wydział I Cywilny w składzie:</xText>
          <xRows>
            <xCOLGROUPx>
              <xCOLx xWIDTHx="219"/>
              <xCOLx xWIDTHx="398"/>
            </xCOLGROUPx>
            <xRow>
              <xClmn xALIGNx="left" xVALIGNx="middle">
                <xText xALIGNx="right">Przewodniczący:</xText>
              </xClmn>
              <xClmn xALIGNx="left" xVALIGNx="middle">
                <xText>SSA Iwona Biedroń (spr.)</xText>
              </xClmn>
            </xRow>
            <xRow>
              <xClmn xALIGNx="left" xVALIGNx="top">
                <xText xALIGNx="right">Sędziowie:</xText>
              </xClmn>
              <xClmn xALIGNx="left" xVALIGNx="middle">
                <xText>SSA Dariusz Kłodnicki</xText>
                <xText>SSA Franciszek Marcinowski</xText>
              </xClmn>
            </xRow>
            <xRow>
              <xClmn xALIGNx="left" xVALIGNx="middle">
                <xText xALIGNx="right">Protokolant:</xText>
              </xClmn>
              <xClmn xALIGNx="left" xVALIGNx="middle">
                <xText>Małgorzata Kurek</xText>
              </xClmn>
            </xRow>
          </xRows>
          
          <xText>po rozpoznaniu w dniu 24 lipca 2013 r. we Wrocławiu na rozprawie</xText>
          <xText>sprawy z powództwa <xBx><xAnon> (...) S.A.</xAnon> w <xAnon>R.</xAnon></xBx></xText>
          <xText>przeciwko <xBx>Gminie <xAnon>S.</xAnon></xBx></xText>
          <xText>o zapłatę</xText>
          <xText>na skutek apelacji strony powodowej</xText>
          <xText>od wyroku Sądu Okręgowego w Legnicy</xText>
          <xText>z dnia 10 grudnia 2012 r. sygn. akt VI GC 140/10</xText>
          
          <xUnit xIsTitle="false" xType="none">
            <xName xSffx=".">1</xName>
            <xText>
              <xBx>oddala apelację; </xBx>
            </xText>
          </xUnit>
          <xUnit xIsTitle="false" xType="none">
            <xName xSffx=".">2</xName>
            <xText>
              <xBx>zasądza od strony powodowej na rzecz strony pozwanej 5.400 zł tytułem zwrotu kosztów postępowania apelacyjnego. </xBx>
            </xText>
          </xUnit>
        </xUnit>
        <xUnit xIsTitle="true" xType="part" xBold="true">
          <xName>UZASADNIENIE</xName>
          <xText>Strona powodowa <xAnon> (...) S.A.</xAnon> w <xAnon>R.</xAnon> wniosła o zasądzenie od strony pozwanej Gminy <xAnon>S.</xAnon> kwoty 973.082 zł wraz z ustawowymi odsetkami i kosztami procesu. Żądana kwota stanowiła zwrot nakładów, jakie poprzednik prawny strony powodowej poniósł na nieruchomości stanowiące przedmioty umów najmu, zawartych z Zarządem Okręgu <xAnon>(...)</xAnon>w <xAnon>S.</xAnon>, a następnie (po komunalizacji tegoż mienia) – ze stroną pozwaną. Żądaną <xBRx/>kwotę strona powodowa wyliczyła jako różnicę między nakładami rzeczywiście poniesionymi (1.073.082 zł) a kwotą 100.000 zł, co do której zapadł już prawomocny wyrok w procesie, w którym strona pozwana dochodziła części swych roszczeń ze wskazanego tytułu.</xText>
          <xText>Strona pozwana wniosła o oddalenie powództwa i o zasądzenie od strony powodowej na swoją rzecz kosztów postępowania. Zaprzeczyła swej legitymacji biernej oraz zakwestionowała wysokość poniesionych nakładów.</xText>
          <xText>Zaskarżonym wyrokiem Sąd Okręgowy w Legnicy oddalił powództwo <xBRx/>i zasądził od strony pozwanej na rzecz strony powodowej kwotę 7.217 zł tytułem zwrotu kosztów postępowania.</xText>
          <xText>Istotne dla rozstrzygnięcia ustalenia faktyczne, poczynione przez <xBRx/>Sąd Okręgowy, przedstawiały się następująco.</xText>
          <xText>W dniu 30.05.1991 r. pomiędzy Zarządem <xAnon>O.</xAnon><xAnon> (...)</xAnon> w <xAnon>S.</xAnon> i poprzednikiem prawnym strony powodowej, tj. <xAnon> (...) sp. z o.o.</xAnon> z udziałem zagranicznym w <xAnon>Z.</xAnon>, została zawarta umowa dzierżawy nieruchomości <xBRx/>w <xAnon>S.</xAnon>, zabudowanej budynkami wczasowymi: <xAnon>(...)</xAnon> I, <xBRx/><xAnon>(...)</xAnon> II i <xAnon>(...)</xAnon> III. Postanowiono, że dzierżawca – <xAnon> spółka (...)</xAnon> – wykona na własny koszt remont kapitalny obiektów <xAnon>(...)</xAnon> I i II, wg posiadanej dokumentacji projektowej, z przeznaczeniem na klinikę okulistyczną i zaplecze hotelowo-gastronomiczne. Czynsz dzierżawny za obiekty <xAnon>(...)</xAnon> I i II został ustalony na kwotę 13.000.000zł (przed denominacją), zaś za obiekt <xAnon>(...)</xAnon> III – 48.000.000 zł (przed denominacją). Umowa zawarta została na 15 lat. Wypowiedzenie umowy przez wydzierżawiającego było możliwe tylko w razie zwłoki w zapłacie czynszu przez okres dłuższy niż 1 kwartał lub użytkowania obiektów niezgodnie z umową. W innych przypadkach rozwiązania umowy przez wydzierżawiającego miał on obowiązek zwrotu nakładów w pełnej wysokości poczynionych przez dzierżawcę na dzierżawionych obiektach.</xText>
          <xText>Umową z dnia 30.04.1991r. <xAnon> (...) sp. z o.o.</xAnon> zleciła <xAnon> (...) S.A.</xAnon><xBRx/>w <xAnon>Z.</xAnon> wykonanie adaptacji kompleksu obiektów dla potrzeb kliniki mikrochirurgii oka. Realizacja robót miała nastąpić w okresie od 06.05.1991 r. do 31.03.1992 r. Strony ustaliły wstępne wynagrodzenie na kwotę 1.600 mld zł przed denominacją. Po zawarciu tej umowy została wykonana adaptacja budynku <xAnon>(...)</xAnon> II.</xText>
          <xText>Na zlecenie <xAnon> (...) sp. z o.o.</xAnon> w <xAnon>Z.</xAnon> w lutym 1993 r. został sporządzony operat szacunkowy kompleksu budynków i budowli <xAnon> Kliniki (...)</xAnon> (byłych DW <xAnon>(...)</xAnon> I i <xAnon>(...)</xAnon> II).</xText>
          <xText>Decyzją z dnia 19.03.1992 r. Wojewoda <xAnon> (...)</xAnon> na podstawie <xBRx/><xLexLink xArt="art. 18;art. 18 ust. 1" xIsapId="WDU19900320191" xTitle="Ustawa z dnia 10 maja 1990 r. Przepisy wprowadzające ustawę o samorządzie terytorialnym i ustawę o pracownikach samorządowych" xAddress="Dz. U. z 1990 r. Nr 32, poz. 191">art. 18 ust.1 ustawy z dnia 10.05.1990 r. przepisy wprowadzające ustawę <xBRx/>o samorządzie terytorialnym i ustawę o pracownikach samorządowych</xLexLink> w związku <xBRx/>z art. 5 ust. 1 tej ustawy stwierdził nabycie przez stronę pozwaną z mocy <xBRx/>prawa nieodpłatnie własności m.in. nieruchomości objętych, umową dzierżawy <xBRx/>z 30.05.1991 r.</xText>
          <xText>Przejęcie budynków <xAnon> (...)</xAnon> przez Gminę <xAnon>S.</xAnon> odbyło się na podstawie porozumienia podpisanego między dyrektorem zarządu okręgu <xAnon> (...)</xAnon><xBRx/>i burmistrzem <xAnon>S.</xAnon>. W porozumieniu tym ustalono, że wszystkie umowy dzierżawy i najmu, zawarte przez <xAnon> (...)</xAnon>, będą kontynuowane przez stronę pozwaną.</xText>
          <xText>W dniu 01.06.1994 r. strona pozwana zawarła ze <xAnon> (...) sp. z o.o.</xAnon> z udziałem zagranicznym umowę nazwaną najmem nieruchomości, której przedmiotem były nieruchomości zabudowane budynkami: <xAnon>(...)</xAnon> I, II i III. Czynsz ustalony został na kwotę 20.467.600 zł (przed denominacją) miesięcznie. Postanowiono, że ewentualne planowane przez najemcę adaptacje budowlane, czy przebudowa pomieszczeń muszą być każdorazowo uzgadniane z wynajmującym i wymagają pisemnej zgody. Najemcę obciążały koszty przystosowania obiektu do prowadzonej działalności, remontu budynku i urządzeń oraz wyposażenia. Strony ustaliły, że poniesione przez najemcę nakłady na remonty będą uwzględniane w chwili sprzedaży nieruchomości bądź w chwili rozwiązania umowy i wydania przedmiotu najmu. Umowa została zawarta na czas nieokreślony. Można było ją wypowiedzieć z zachowaniem 3 – letniego okresu wypowiedzenia.</xText>
          <xText>W dniu 17.03.2004 r., podpisana została kolejna umowa dotycząca użytkowania przedmiotowych obiektów. Zawarta ona została między stroną <xBRx/>pozwaną i następcą <xAnon> (...) spółki (...) S.A.</xAnon> w <xAnon>Z.</xAnon>. <xBRx/>Umowa nazwana została przez strony umową dzierżawy, zawarto ją na czas nieokreślony z okresem wypowiedzenia wynoszącym jeden rok. Strony ustaliły czynsz za dzierżawę nieruchomości w wysokości 4.188,42 zł brutto. Postanowienia dotyczące planowanych nakładów były takie same jak w umowie z 01.06.1994 r. Strony postanowiły, że § 7 umowy z 01.06.1994 r. ma też zastosowanie do rozliczenia poniesionych przez dzierżawcę nakładów do dnia zawarcia kontraktu <xBRx/>z 17.03.2004 r.</xText>
          <xText>Pismem z dnia 24.04.2008 r. strona pozwana wypowiedziała umowę <xBRx/>z 17.03.2004 r. ze skutkiem na dzień 24.04.2009 r. Na wniosek powódki termin rozwiązania umowy został ostatecznie ustalony przez strony na 31.08.2009 r.</xText>
          <xText>W dniu 01.09.2009 r. nastąpiło wydanie nieruchomości stronie pozwanej. Sporządzony został protokół przekazania, w którym opisany został stan techniczny obiektów.</xText>
          <xText>Strona powodowa zleciła wykonanie wyceny nakładów poniesionych na nieruchomości <xAnon>(...)</xAnon> I i II. Operat sporządzony został w sierpniu 2008 r. i wartość nakładów wyliczona została w nim na kwotę 1.073.082 zł. Operat został doręczony stronie pozwanej. Pismem z dnia 04.09.2009 r. strona powodowa wezwała pozwaną do zapłaty kwoty 1.073.082 zł tytułem zwrotu nakładów poniesionych na obiekty <xBRx/><xAnon>(...)</xAnon> I i II. Nakłady poniesione przez <xAnon> spółkę (...)</xAnon> na obiekty <xAnon>(...)</xAnon> I i <xAnon>(...)</xAnon> II zostały księgowo zakwalifikowane w tej spółce jako nakłady w obcym środku trwałym. Podlegały one corocznej amortyzacji przez pięć lat.</xText>
          <xText>Przed Sądem Rejonowym w <xAnon>J.</xAnon> toczyło się postępowanie między tymi samymi stronami o zapłatę kwoty 100.000 zł dochodzonej przez stronę powodową tytułem zwrotu części wartości nakładów poniesionych na nieruchomość zabudowaną budynkami <xAnon>(...)</xAnon> I i <xAnon>(...)</xAnon> II w <xAnon>S.</xAnon>. Wyrokiem z dnia 09.06.2011 r. Sąd Rejonowy w <xAnon>J.</xAnon>w sprawie V GC 396/09 zasądził od Gminy <xAnon>S.</xAnon> na rzecz <xAnon> (...) S.A.</xAnon> w <xAnon>R.</xAnon> kwotę 53.099,38 zł <xBRx/>i oddalił powództwo w pozostałym zakresie.</xText>
          <xText>W tak ustalonym stanie faktycznym Sąd Okręgowy uznał, że powództwo podlegało oddaleniu jako bezzasadne.</xText>
          <xText>Analizując drobiazgowo umowy stron oraz zasady współpracy, ukształtowane między poprzednikiem prawnym strony powodowej a <xAnon> Funduszem (...)</xAnon> (mającym tytuł prawny do nieruchomości do czasu jej komunalizacji), Sąd Okręgowy uznał, że na mocy zgodnych ustaleń stron, strona pozwana nie była obowiązana do dokonania stronie powodowej zwrotu nakładów, stanowiących obecnie przedmiot sporu. Zdaniem Sądu, wolą stron omawianego kontraktu było rozliczenie tych nakładów na warunkach umowy z 30.05.1991 r. W związku z tym, że kontrakt z 1994 r. został zawarty na czas nieoznaczony, zobowiązanie do zwrotu nakładów poniesionych przed podpisaniem tej umowy dotyczyło tylko sytuacji, gdy stosunek najmu zostałby rozwiązany przed upływem 15 lat, liczonych od 1991 r. Zapis taki znalazł się w umowie z 30.05.1991 r. i wynikało z niego, że obie strony tego kontraktu w tym czasie przyjmowały, że po 15 latach nakłady te zamortyzują się. Potwierdzeniem tego jest ustalenie czynszu za obiekty <xAnon>(...)</xAnon> I i <xAnon>(...)</xAnon> II, które nie były w dacie zawarcia pierwszej umowy wyremontowane, na poziomie znacznie niższym niż czynsz za budynek <xAnon>(...)</xAnon> III. Wolą stron było zatem rozliczenie tych nakładów w ciągu 15 lat (z jednej strony przez ich amortyzację, a z drugiej przez obniżenie czynszu w stosunku do stawek rynkowych). Podobnie należało ocenić kolejną umowę z dnia 17.03.2004 r. Została ona zawarta po 13 latach używania przedmiotowych nieruchomości przez stronę powodową. Ustalony w niej czynsz był niski, bo wynosił 4.188,42 zł za trzy obiekty, położone na działkach o powierzchni ponad 6.500 m<xSUPx>(
      2)</xSUPx> i dodatkowo tereny zielone o powierzchni 21.600 m<xSUPx>(
      2)</xSUPx>. Dlatego także w tym przypadku trzeba uznać, że celem stron było rozliczenie nakładów w czasie używania nieruchomości (przez obniżenie czynszu w stosunku do stawek rynkowych i amortyzację robót).</xText>
          <xText>Oceniając zawarte umowy Sąd stwierdził, że strony łączył jeden stosunek zobowiązaniowy, który był modyfikowany. Przez 18 lat <xAnon> spółka (...)</xAnon>, przekształcona następnie w <xAnon> (...) S.A.</xAnon>, nieprzerwanie władała i użytkowała przedmiotową nieruchomość.</xText>
          <xText>Umowa została rozwiązana 31.08.2009 r., czyli po 18 latach od zawarcia pierwszego kontraktu w 1991 r. Wypełnione zostały przesłanki gwarantujące <xBRx/>stronie powodowej korzystanie z nieruchomości przez 15 lat za niski czynsz. <xBRx/>W tym okresie powódka, prowadząc działalność gospodarczą w spornych obiektach <xBRx/>(przy obniżonym czynszu), odniosła korzyści, równoważące jej poniesione na modernizację nakłady. Sąd Okręgowy wskazał, że dokonując oceny materiału dowodowego w tym przedmiocie należy mieć na uwadze wyliczoną przez biegłego wartość nakładów na dzień wydania nieruchomości. W żadnym razie nie można było w ocenie Sądu przyjąć, że w okolicznościach niniejszej sprawy wolą stron umowy najmu było zobowiązanie wynajmującego do zwrotu także po 15 latach korzystania przez pozwaną z nieruchomości zaktualizowanej na dzień wydania nieruchomości wartości nakładów. Nie można zapomnieć też o istotnym, omówionym przez biegłego sądowego, fakcie dokonania przez powódkę amortyzacji księgowej wartości nakładów. Poniesione przez powodową spółkę nakłady na remonty spornych obiektów zakwalifikowane zostały jako nakłady w obcym środku trwałym. Podlegały one corocznej amortyzacji i w całości zostały zamortyzowane po 5 latach <xBRx/>(co dopuszczała ówcześnie obowiązująca <xLexLink xArt="" xIsapId="WDU19941210591" xTitle="Ustawa z dnia 29 września 1994 r. o rachunkowości" xAddress="Dz. U. z 1994 r. Nr 121, poz. 591">ustawa o rachunkowości</xLexLink>). Oczywistym jest, że amortyzacja księgowa nie odpowiada rzeczywistemu zużyciu obiektu, jednakowoż nie może ona zostać pominięta przy rozstrzyganiu o roszczeniu strony powodowej. Dokonanie całkowitej amortyzacji księgowej oznacza, że odzyskała ona wartość nakładów poprzez obniżenie zobowiązań podatkowych. Obecne dodatkowe rozliczenie tych nakładów z wynajmującym w okolicznościach niniejszej sprawy stanowiłoby wzbogacenie powódki.</xText>
          <xText>Mając powyższe na uwadze, Sąd Okręgowy uznał, że w sprawie nie ma zastosowania przepis <xLexLink xArt="art. 676" xIsapId="WDU19640160093" xTitle="Ustawa z dnia 23 kwietnia 1964 r. - Kodeks cywilny" xAddress="Dz. U. z 1964 r. Nr 16, poz. 93">art. 676 k.c.</xLexLink>, albowiem strony odmiennie uregulowały <xBRx/>w umowie materię objętą przedmiotową normą. Przewidziane zaś przez strony warunki zwrotu nakładów poniesionych przez poprzednika prawnego strony powodowej nie wystąpiły, dlatego powództwo zostało oddalone.</xText>
          <xText>Roszczenie strony powodowej nie mogło być rozważane w kontekście przywołanej przez nią dodatkowo podstawy prawnej, tj. przepisy <xLexLink xArt="art. 226" xIsapId="WDU19640160093" xTitle="Ustawa z dnia 23 kwietnia 1964 r. - Kodeks cywilny" xAddress="Dz. U. z 1964 r. Nr 16, poz. 93">art. 226 k.c.</xLexLink><xBRx/>i <xLexLink xArt="art. 230" xIsapId="WDU19640160093" xTitle="Ustawa z dnia 23 kwietnia 1964 r. - Kodeks cywilny" xAddress="Dz. U. z 1964 r. Nr 16, poz. 93">art. 230 k.c.</xLexLink> Przepisy te odnoszą się bowiem do sytuacji, gdy pomiędzy właścicielem a osobą trzecią nie istnieje jakikolwiek stosunek umowny. Podstawa ta może więc dotyczyć jedynie posiadania od początku bezprawnego oraz posiadania trwającego po wygaśnięciu uprawnienia i nie zaistniała w sprawie.</xText>
          <xText>Od powyższego wyroku apelację wywiodła strona powodowa, zaskarżając go co do kwoty 701.533,42 zł i podnosząc zarzuty:</xText>
          <xUnit xIsTitle="false" xType="none">
            <xName xSffx=")">1</xName>
            <xText>naruszenia przepisu <xLexLink xArt="art. 479(14);art. 479(14) § 2" xIsapId="WDU19640430296" xTitle="Ustawa z dnia 17 listopada 1964 r. - Kodeks postępowania cywilnego" xAddress="Dz. U. z 1964 r. Nr 43, poz. 296">art. 479<xSUPx>14 </xSUPx>§ 2 k.p.c.</xLexLink> przez dokonanie wykładni umów łączących strony i przyjęcie, że nie było wolą stron umowy najmu zobowiązanie wynajmującego do zwrotu także po 15 latach korzystania przez pozwaną <xBRx/>z nieruchomości, zaktualizowanej na dzień wydania nieruchomości wartości nakładów, mimo że strona pozwana ani w odpowiedzi na pozew ani w dalszych pismach procesowych nie podniosła takiego zarzutu, a jednocześnie nie należy on do kategorii zarzutów branych pod uwagę przez Sąd z urzędu;</xText>
          </xUnit>
          <xUnit xIsTitle="false" xType="none">
            <xName xSffx=")">2</xName>
            <xText>naruszenia przepisu <xLexLink xArt="art. 233;art. 233 § 1" xIsapId="WDU19640430296" xTitle="Ustawa z dnia 17 listopada 1964 r. - Kodeks postępowania cywilnego" xAddress="Dz. U. z 1964 r. Nr 43, poz. 296">art. 233 § 1 k.p.c.</xLexLink> przez przekroczenie granic sędziowskiej oceny dowodów i przyjęcie, że nie było wolą stron umowy najmu zobowiązanie wynajmującego do zwrotu także po 15 latach korzystania przez pozwaną z nieruchomości, zaktualizowanej na dzień wydania nieruchomości wartości nakładów;</xText>
          </xUnit>
          <xUnit xIsTitle="false" xType="none">
            <xName xSffx=")">3</xName>
            <xText>naruszenia przepisu <xLexLink xArt="art. 217;art. 217 § 2" xIsapId="WDU19640430296" xTitle="Ustawa z dnia 17 listopada 1964 r. - Kodeks postępowania cywilnego" xAddress="Dz. U. z 1964 r. Nr 43, poz. 296">art. 217 § 2 k.p.c.</xLexLink> przez pominięcie środków dowodowych, umożliwiających ustalenie, czy określony między stronami czynsz najmu był bardzo niski, bowiem ta okoliczność powinna wynikać z zebranego <xBRx/>w sprawie materiału dowodowego, a w szczególności z opinii osoby posiadającej wiadomości specjalne, z porównania czynszów najmu, stosowanych w <xAnon>S.</xAnon> w okresie zawierania przez strony umów, a zwłaszcza w okresie sprzed denominacji, bez których to dowodów nie jest możliwe kategoryczne ustalenie, że ustalony przez strony czynsz najmu był niski;</xText>
          </xUnit>
          <xUnit xIsTitle="false" xType="none">
            <xName xSffx=")">4</xName>
            <xText>naruszenia przepisu <xLexLink xArt="art. 365;art. 365 § 1" xIsapId="WDU19640430296" xTitle="Ustawa z dnia 17 listopada 1964 r. - Kodeks postępowania cywilnego" xAddress="Dz. U. z 1964 r. Nr 43, poz. 296">art. 365 § 1 k.p.c.</xLexLink> przez nieuwzględnienie treści wiążącego Sąd prawomocnego wyroku Sądu Rejonowego w Jeleniej Górze, zasądzającego – w oparciu o ten sam materiał dowodowy – od strony pozwanej na rzecz strony powodowej kwotę 53.099,38 zł;</xText>
          </xUnit>
          <xUnit xIsTitle="false" xType="none">
            <xName xSffx=")">5</xName>
            <xText>naruszenia przepisu <xLexLink xArt="art. 217;art. 217 § 1" xIsapId="WDU19640430296" xTitle="Ustawa z dnia 17 listopada 1964 r. - Kodeks postępowania cywilnego" xAddress="Dz. U. z 1964 r. Nr 43, poz. 296">art. 217 § 1 k.p.c.</xLexLink> w zw. z <xLexLink xArt="art. 286" xIsapId="WDU19640430296" xTitle="Ustawa z dnia 17 listopada 1964 r. - Kodeks postępowania cywilnego" xAddress="Dz. U. z 1964 r. Nr 43, poz. 296">art. 286 k.p.c.</xLexLink> przez oddalenie wniosku o dopuszczenie dowodu z opinii innego biegłego, mimo podnoszonych wadliwości opinii biegłego <xAnon>L. K.</xAnon>, która jest wewnętrznie sprzeczna <xBRx/>i nie uwzględnia nakładów, które zdaniem biegłego były wykonane niezgodnie <xBRx/>z projektem, mimo iż faktycznie były wykorzystywane w trakcie korzystania <xBRx/>z nieruchomości i pozostawione stronie pozwanej po zakończeniu umowy.</xText>
          </xUnit>
          <xUnit xIsTitle="false" xType="none">
            <xName xSffx=")">6</xName>
            <xText>naruszenia przepisu <xLexLink xArt="art. 405" xIsapId="WDU19640160093" xTitle="Ustawa z dnia 23 kwietnia 1964 r. - Kodeks cywilny" xAddress="Dz. U. z 1964 r. Nr 16, poz. 93">art. 405 k.c.</xLexLink> przez jego niewłaściwe zastosowanie, polegające na przyjęciu, że dokonywanie przez stronę powodową amortyzacji księgowej wartości nakładów, a następnie żądanie ich zwrotu stanowiłoby wzbogacenie strony powodowej, skoro amortyzacja ta jest jedynie pieniężnym wyrazem stopniowego zużycia się trwałych składników majątku, wykorzystywanego w działalności gospodarczej i służy odtworzeniu zużytych składników majątku trwałego;</xText>
          </xUnit>
          <xUnit xIsTitle="false" xType="none">
            <xName xSffx=")">7</xName>
            <xText>naruszenia przepisu <xLexLink xArt="art. 676" xIsapId="WDU19640160093" xTitle="Ustawa z dnia 23 kwietnia 1964 r. - Kodeks cywilny" xAddress="Dz. U. z 1964 r. Nr 16, poz. 93">art. 676 k.c.</xLexLink> w zw. z <xLexLink xArt="art. 694" xIsapId="WDU19640160093" xTitle="Ustawa z dnia 23 kwietnia 1964 r. - Kodeks cywilny" xAddress="Dz. U. z 1964 r. Nr 16, poz. 93">art. 694 k.c.</xLexLink> przez jego niezastosowanie, mimo że z zebranego w sprawie materiału dowodowego nie wynikało odmienne od wynikającego z powołanych przepisów uregulowanie sposobu rozliczenia nakładów;</xText>
          </xUnit>
          <xUnit xIsTitle="false" xType="none">
            <xName xSffx=")">8</xName>
            <xText>sprzeczności istotnych ustaleń sądu z treścią zebranego w sprawie materiału dowodowego, polegającą na przyjęciu, że:</xText>
            <xUnit xIsTitle="false" xType="none">
              <xName xSffx=")">a</xName>
              <xText>strona powodowa zrekompensowała sobie nakłady przez ich amortyzację <xBRx/>i niski czynsz, mimo że z ustaleń biegłego wynika, że nakłady te nie zamortyzowały się w całości;</xText>
            </xUnit>
            <xUnit xIsTitle="false" xType="none">
              <xName xSffx=")">b</xName>
              <xText>wartość nakładów poniesionych przez stronę powodową wynosi 362.967,33 zł, skoro wartość ta wynika ze skorygowania opinii zasadniczej bez umotywowania takiej korekty i nie uwzględnia poniesionych przez stronę powodową kosztów wykonania murów oporowych, dróg dojazdowych i traktów pieszych, przyłącza gazowego oraz innych prac, wymienionych szczegółowo w uzasadnieniu apelacji.</xText>
            </xUnit>
          </xUnit>
          <xText>W oparciu o powyższe zarzuty strona powodowa wniosła o zmianę zaskarżonego wyroku przez zasądzenie od strony pozwanej kwoty 701.533,42 zł wraz z ustawowymi odsetkami od dnia 12.09.2009 r. i kosztami procesu. Zażądała też zwrotu kosztów postępowania apelacyjnego.</xText>
          <xText>W odpowiedzi na apelację strona pozwana wniosła o jej oddalenie <xBRx/>i o zasądzenie od strony powodowej na swoją rzecz kosztów postępowania apelacyjnego.</xText>
          
          <xText>
            <xBx>Sąd Apelacyjny zważył, co następuje:</xBx>
          </xText>
          
          <xText>Apelacja podlegała oddaleniu jako pozbawiona uzasadnionych podstaw.</xText>
          <xText>Strona powodowa, podważając zasadność zaskarżonego wyroku, sformułowała liczne zarzuty naruszenia przepisów prawa procesowego, związane <xBRx/>z zakresem i przebiegiem postępowania dowodowego, przeprowadzonego <xBRx/>przez Sąd pierwszej instancji. Zarzuty te – co do zasady (jako warunkujące dopuszczalność oceny poprawności zastosowania przepisów prawa materialnego) winny zostać rozpoznane w pierwszej kolejności. Jednakże specyfika sytuacji procesowej, w której roszczenie strony powodowej zostało już częściowo rozpoznane co do zasady w postępowaniu V GC 396/09, w którym zapadł wyrok <xBRx/>o znaczeniu prejudycjalnym w niniejszej sprawie, implikowała skoncentrowanie oceny poprawności procedowania Sądu pierwszej instancji na ujętym w punkcie 4 apelacji zarzucie naruszenia przepisu <xLexLink xArt="art. 365;art. 365 § 1" xIsapId="WDU19640430296" xTitle="Ustawa z dnia 17 listopada 1964 r. - Kodeks postępowania cywilnego" xAddress="Dz. U. z 1964 r. Nr 43, poz. 296">art. 365 § 1 k.p.c.</xLexLink></xText>
          <xText>Strona powodowa, dokonując rozliczenia stosunku najmu, łączącego ją do 2009 r. ze stroną pozwaną, obliczyła, że na przedmiot najmu dokonała nakładów <xBRx/>o łącznej wartości 1.073.082 zł. Inicjując postępowanie w sprawie V GC 396/09 przed Sądem Rejonowym w <xAnon>J.</xAnon>, strona powodowa zażądała zapłaty 100.000 zł tytułem zwrotu części nakładów, wycenionych przez nią na kwotę 1.073.082 zł. Nie dokonała jednak klasycznego rozdrobnienia roszczenia, gdyż nie wskazała, jakiego rodzaju nakłady podlegają rozliczeniu lub też w jakim zakresie rozliczenie to ma nastąpić (tytułem zwrotu wartości określonych robót, np. <xBRx/>remontu dachu czy też zakupu określonych materiałów albo wykonania konkretnej infrastruktury). Sąd Rejonowy, oceniając zgłoszone pod osąd roszczenie, uznał je – przy tak skonstruowanej podstawie faktycznej żądania – za uzasadnione co do kwoty 53.099,38 zł, a w pozostałym zakresie powództwo oddalił. Wyrok, który zapadł <xBRx/>w sprawie V GC 396/09, przesądzał zatem w sposób definitywny dwie kwestie:</xText>
          <xText>- pierwszą, całkowicie pominiętą przez Sąd pierwszej instancji, którą było ustalenie, że na stronie pozwanej co do zasady ciąży obowiązek zwrotu wartości nakładów, poczynionych przez stronę powodową na przedmiot umów;</xText>
          <xText>- drugą, którą było ustalenie w sposób wiążący, że opisana wyżej odpowiedzialność strony pozwanej ogranicza się do kwoty 53.099,38 zł.</xText>
          <xText>Zgodnie z przepisem <xLexLink xArt="art. 365;art. 365 § 1" xIsapId="WDU19640430296" xTitle="Ustawa z dnia 17 listopada 1964 r. - Kodeks postępowania cywilnego" xAddress="Dz. U. z 1964 r. Nr 43, poz. 296">art. 365 § 1 k.p.c.</xLexLink>, orzeczenie prawomocne wiąże <xBRx/>nie tylko strony i Sąd, który je wydał, lecz również inne Sądy oraz inne organy państwowe i organy administracji publicznej, a w wypadkach przewidzianych <xBRx/>w ustawie także inne osoby. Co do zasady, moc wiążąca wyroku i postanowienia orzekającego co do istoty sprawy w postępowaniu nieprocesowym, dotyczy <xBRx/>w zasadzie związania treścią jego sentencji a nie uzasadnienia (por. wyrok <xBRx/>Sądu Najwyższego z dnia 17.12.1976 r., III PR 187/76, OSPiKA 1978, poz. 45, uchwała Sądu Najwyższego z dnia 04.12.2009 r., III CZP 97/09, OSNC 2010/6/88 <xBRx/>i wyrok Sądu Najwyższego z dnia 13.01.2000 r., II CKN 655/98, Lex nr 51062). Jednakże szczególnie przy orzeczeniach oddalających powództwo lub wniosek <xBRx/>w postępowaniu nieprocesowym, gdy z sentencji nie wynika zakres przedmiotowy rozstrzygnięcia, doniosłe i wiążące mogą być również motywy rozstrzygnięcia zawarte w uzasadnieniu orzeczenia, szczególnie ustalenia prejudycjalne Sądu, prowadzące do oddalenia powództwa lub wniosku (wyroki Sądu Najwyższego z dnia 13.10.2005 r. I CK 217/05, Lex nr 187004, z dnia 15.02.2007 r. II CSK 452/06, OSNC-<xLexLink xArt="art. 365 zd. 2008" xIsapId="WDU19640430296" xTitle="Ustawa z dnia 17 listopada 1964 r. - Kodeks postępowania cywilnego" xAddress="Dz. U. z 1964 r. Nr 43, poz. 296">ZD 2008</xLexLink>/A/20, z dnia 08.03.2010 r. II PK 258/09, Lex nr 589980, z dnia 29.09.2011 r. IV CSK 652/10, Lex nr 1129162). Jak wskazał Sąd Najwyższy <xBRx/>w uchwale z dnia 12.03.2003 r., (III CZP 97/02 OSNC 2003/12/160), Sąd nie jest związany ustaleniami wynikającymi z uzasadnienia orzeczenia w takim zakresie, <xBRx/>w jakim nie miały one znaczenia dla rozstrzygnięcia zawartego w wyroku. Jest natomiast związany wskazanymi w uzasadnieniu ustaleniami, mającymi wpływ na końcowe rozstrzygnięcie, w szczególności ustaleniami prejudycjalnymi, których skutkiem było wydanie określonego wyroku lub postanowienia orzekającego co do istoty sprawy.</xText>
          <xText>Prawomocność materialna orzeczenia wyraża się w nakazie przyjmowania przez Sądy rozstrzygające inne sprawy, że w danej sytuacji stan prawny przedstawia się tak, jak to wynika z wcześniejszego orzeczenia Sądu, przy czym również dla określenia granic prawomocności materialnej orzeczenia mogą mieć znaczenie, wskazane wyżej okoliczności objęte jego uzasadnieniem (por. powołany wyżej wyrok Sądu Najwyższego z dnia 15.02.2007 r., II CSK 452/06 oraz uzasadnienie wyroku Sądu Najwyższego z dnia 19.10.2012 r., V CSK 485/11, Lex nr 1243099).</xText>
          <xText>Prawomocność materialna wyroku, wydanego w sprawie V GC 396/09 oznaczała, że wyrok ten nie może zostać zmieniony ani uchylony, a w sprawie <xBRx/>o dalsze roszczenie, wynikające z tego samego stosunku prawnego, nie jest <xBRx/>możliwe odmienne uregulowanie i ocenienie tego samego stosunku prawnego, <xBRx/>w tych samych okolicznościach faktycznych i prawnych, między tymi samymi stronami. Powyższe oznacza z kolei, że Sąd nie może, w niezmienionych okolicznościach orzec odmiennie o zasadzie odpowiedzialności strony pozwanej (por. uchwała Sądu Najwyższego z dnia 29.03.1994 r., III CZP 29/94, Lex nr 84472). Moc wiążąca prawomocnego orzeczenia (<xLexLink xArt="art. 365;art. 365 § 1" xIsapId="WDU19640430296" xTitle="Ustawa z dnia 17 listopada 1964 r. - Kodeks postępowania cywilnego" xAddress="Dz. U. z 1964 r. Nr 43, poz. 296">art. 365 § 1 k.p.c.</xLexLink>), zapadłego między <xBRx/>tymi samymi stronami w innej sprawie o innym przedmiocie, polega na zakazie dokonywania ustaleń i ocen prawnych sprzecznych z ustaleniami i ocenami, dokonanymi w sprawie już osądzonej. Sądy rozpoznające między tymi samymi stronami nowy spór, muszą przyjmować, że dana kwestia prawna kształtuje <xBRx/>się tak, jak przyjęto to w prawomocnym, wcześniejszym wyroku (por. postanowienie <xBRx/>Sądu Najwyższego z dnia 28.03.2012 r., II UK 327/11, Lex nr 1214585). Skutkiem zasady mocy wiążącej prawomocnego wyroku jest to, że przesądzenie we wcześniejszym wyroku kwestii o charakterze prejudycjalnym oznacza, że w procesie późniejszym kwestia ta nie może być w ogóle badana (por. wyrok Sądu Najwyższego z dnia 12.07.2002 r., V CKN 1110/00, Lex nr 74492 oraz uzasadnienie wyroku <xBRx/>Sądu Apelacyjnego we Wrocławiu z dnia 24.01.2013 r., I ACa 1345/12, <xUx>www.orzeczenia.wroclaw.sa.gov.pl</xUx>).</xText>
          <xText>Prejudycjalny charakter orzeczenia oznaczał zatem, że Sąd Okręgowy nie mógł przyjąć, że na stronie pozwanej nie ciążył, co do zasady, obowiązek rozliczenia się ze stroną powodową co do nakładów poczynionych przez nią na przedmioty umów. Z uwagi na treść przepisu <xLexLink xArt="art. 365;art. 365 § 1" xIsapId="WDU19640430296" xTitle="Ustawa z dnia 17 listopada 1964 r. - Kodeks postępowania cywilnego" xAddress="Dz. U. z 1964 r. Nr 43, poz. 296">art. 365 § 1 k.p.c.</xLexLink>, uznać należało, że roszczenie strony powodowej – co do zasady – znajdowało podstawę prawną w umowie. <xBRx/>W prawomocnym wyroku, wydanym w sprawie V GC 396/09, Sąd przyjął, <xBRx/>że na podstawie kolejnych umów najmu strona pozwana była obowiązana do zwrócenia stronie powodowej poczynionych jeszcze przed zawarciem umowy z dnia <xBRx/>1.06.1994 r. nakładów. W obecnie rozpoznawanej sprawie Sąd Okręgowy nie mógł zatem przyjąć poglądu przeciwnego. W szczególności, na co zasadnie wskazywała skarżąca, Sąd ten nie był władny interpretować spornych umów, nadając ich poszczególnym postanowieniom znaczenia, którego nie upatrywała w nim żadna ze stron i na które strona pozwana nawet nie próbowała się powołać, zwalczając twierdzenia i żądania strony powodowej. Sąd obowiązany jest uznać, że kwestia prawna, która była już przedmiotem rozstrzygnięcia w innej sprawie, a która ma znaczenie prejudycjalne w sprawie przez niego rozpoznawanej, kształtuje się tak, jak to przyjęto w prawomocnym wcześniejszym wyroku. W przeciwnym razie wyroki sądowe miałyby walor jedynie opiniujący, a nie stanowczy i imperatywny. Skutkiem zasady mocy wiążącej prawomocnego wyroku jest to, że przesądzenie we wcześniejszym wyroku kwestii o charakterze prejudycjalnym oznacza, że w procesie późniejszym ta kwestia nie może być już w ogóle badana. Zachodzi tu zatem ograniczenie dowodzenia faktów, objętych prejudycjalnym orzeczeniem, a nie tylko ograniczenie poszczególnego środka dowodowego (por. uzasadnienie wyroku Sądu Najwyższego z dnia 12.07.2002 r., V CKN 1110/00, Lex nr 74492).</xText>
          <xText>Opisany wyżej charakter orzeczenia i jego znaczenie w niniejszym postępowaniu nie stwarzał jednak, z przyczyn wymienionych poniżej, podstaw do zasądzenia w obecnym procesie kwoty żądanej przez stronę powodową.</xText>
          <xText>Jak już zaznaczono na wstępie niniejszych rozważań, strona powodowa, żądając w postępowaniu V GC 369/09 zapłaty kwoty 100.000 zł tytułem zwrotu części nakładów nie odniosła jej do nakładów konkretnego rodzaju czy też określonych robót, wykonanych na stanowiącej przedmiot umowy nieruchomości. Strona powodowa, konstruując zarzut naruszenia przepisu <xLexLink xArt="art. 365;art. 365 § 1" xIsapId="WDU19640430296" xTitle="Ustawa z dnia 17 listopada 1964 r. - Kodeks postępowania cywilnego" xAddress="Dz. U. z 1964 r. Nr 43, poz. 296">art. 365 § 1 k.p.c.</xLexLink>, pominęła, że wydany w odniesieniu do tak skonstruowanego roszczenia wyrok miał charakter prejudycjalny także co do wysokości roszczenia. Jak już wskazano, <xBRx/>w postępowaniu V GC 396/09 Sąd nie oceniał wartości nakładów określonego rodzaju (dotyczących konkretnej części budynku – np. remontu dachu). Strona powodowa wywodziła, że należy jej się zwrot nakładów w wysokości 1.073.082 zł, <xBRx/>a ona sama dochodziła początkowo zwrotu jedynie kwoty 100.000 zł jako części roszczenia. Tym samym, skoro Sąd orzekający w postępowaniu V GC 396/09, uznawszy, że stronie powodowej, przy tak skonstruowanym roszczeniu nie należy się kwota przewyższająca 53.099,38 zł, to wyrok wydany w tamtym postępowaniu miał w niniejszej sprawie charakter prejudycjalny. Oznaczało to, że strona powodowa nie może domagać się kwoty wyższej niż obliczona przez Sąd w sprawie V GC 396/09 – ani w ramach wskazanego procesu i dochodzonej w nim kwoty 100.000 zł, ani też w późniejszym procesie, którego przedmiotem miałyby być dalsze roszczenia o zwrot nakładów, do których uprzednio odniesiono rozdrobnione roszczenie <xBRx/>o zapłatę kwoty 100.000 zł.</xText>
          <xText>Z chwilą uprawomocnienia się wyroku dochodzi do prekluzji materiału faktycznego sprawy, w której wyrok został wydany. Oznacza to, że jeżeli określone okoliczności i oparte na nich zarzuty lub wypływające z nich wnioski istniały i dały się sformułować w chwili zamknięcia rozprawy, lecz strona ich skutecznie nie podniosła lub nie przytoczyła, a w związku z tym nawet nie zostały spożytkowane przez <xBRx/>sąd przy wydaniu wyroku, podlegają prekluzji, czyli wykluczającemu działaniu prawomocności oraz powagi rzeczy osądzonej. Skutek ten jest niezależny <xBRx/>od tego, czy strona ponosi winę zaniechania przytoczenia określonych okoliczności lub podniesienia właściwych zarzutów (por. wyrok Sądu Najwyższego z dnia <xBRx/>15.11.2012 r., V CSK 541/11, Lex nr 1276235).</xText>
          <xText>W świetle powyższych okoliczności, na znaczeniu traciły zatem powołane przez apelującą liczne zarzuty naruszenia pozostałych przepisów prawa procesowego. Wobec prejudycjalnego charakteru wyroku, zapadłego sprawie V GC 396/09, zbędne i niedopuszczalne było dopuszczanie dowodu z opinii biegłego na okoliczność wartości poniesionych przez stronę powodową nakładów. W tej <xBRx/>sytuacji, wszelkie zarzuty i zastrzeżenia strony powodowej, dotyczące sposobu przeprowadzenia tegoż dowodu, jego wiarygodności oraz oceny dokonanej przez Sąd pierwszej instancji, stawały się bezprzedmiotowe. Obszerne ustalenia faktyczne, poczynione przez Sąd pierwszej instancji w omawianym zakresie, nie były więc przydatne dla rozstrzygnięcia, a ich kwestia ich poprawności czy też kompletności traciła na znaczeniu. Sąd Apelacyjny przyjął zatem za własne te ustalenia faktyczne, poczynione przez Sąd pierwszej instancji, które dotyczyły treści wyroku, wydanego <xBRx/>w sprawie V GC 396/09 i jego prawomocności oraz te, które odnosiły się do aspektu chronologicznego współpracy stron, nie akceptując (z przyczyn wskazanych powyżej) wyników wykładni umów, dokonanej przez Sąd pierwszej instancji.</xText>
          <xText>Prejudycjalny charakter orzeczenia, wydanego w sprawie V GC 396/09, wyłączał jednocześnie potrzebę i dopuszczalność badania sformułowanych przez stronę powodową zarzutów naruszenia przepisów prawa materialnego.</xText>
          <xText>Mając na uwadze powyższe okoliczności, Sąd Apelacyjny uznał, że zaskarżony wyrok był poprawny, choć o oddaleniu powództwa winny zadecydować inne względy niż te, którymi kierował się Sąd pierwszej instancji. Ostatecznie apelację strony powodowej należało oddalić jako bezzasadną (<xLexLink xArt="art. 385" xIsapId="WDU19640430296" xTitle="Ustawa z dnia 17 listopada 1964 r. - Kodeks postępowania cywilnego" xAddress="Dz. U. z 1964 r. Nr 43, poz. 296">art. 385 k.p.c.</xLexLink>).</xText>
          <xText>Z uwagi na to, że strona pozwana wygrała postępowanie apelacyjne w całości, należał jej się zwrot jego kosztów od przegrywającej sprawę strony powodowej <xBRx/>(<xLexLink xArt="art. 98;art. 98 § 1" xIsapId="WDU19640430296" xTitle="Ustawa z dnia 17 listopada 1964 r. - Kodeks postępowania cywilnego" xAddress="Dz. U. z 1964 r. Nr 43, poz. 296">art. 98 § 1 k.p.c.</xLexLink> i <xLexLink xArt="art. 98;art. 98 § 3" xIsapId="WDU19640430296" xTitle="Ustawa z dnia 17 listopada 1964 r. - Kodeks postępowania cywilnego" xAddress="Dz. U. z 1964 r. Nr 43, poz. 296">art. 98 § 3 k.p.c.</xLexLink> w zw. z <xLexLink xArt="art. 391;art. 391 § 1;art. 391 § 1 zd. 1" xIsapId="WDU19640430296" xTitle="Ustawa z dnia 17 listopada 1964 r. - Kodeks postępowania cywilnego" xAddress="Dz. U. z 1964 r. Nr 43, poz. 296">art. 391 § 1 zd. 1 k.p.c.</xLexLink>). Zasądzona <xBRx/>z tego tytułu kwota 5.400 zł obejmowała wynagrodzenie pełnomocnika strony pozwanej, ustalone na podstawie przepisu <xLexLink xArt="art. 391 § 6;art. 391 § 6 pkt. 7" xIsapId="WDU19640430296" xTitle="Ustawa z dnia 17 listopada 1964 r. - Kodeks postępowania cywilnego" xAddress="Dz. U. z 1964 r. Nr 43, poz. 296">§ 6 pkt 7</xLexLink> w zw. z <xLexLink xArt="§ 13;§ 13 ust. 1;§ 13 ust. 1 pkt. 2" xIsapId="WDU20021631348" xTitle="Rozporządzenie Ministra Sprawiedliwości z dnia 28 września 2002 r. w sprawie opłat za czynności adwokackie oraz ponoszenia przez Skarb Państwa kosztów nieopłaconej pomocy prawnej udzielonej z urzędu" xAddress="Dz. U. z 2002 r. Nr 163, poz. 1348">§ 13 ust. 1 pkt 2 rozporządzenia Ministra Sprawiedliwości z dnia 28.09.2002 r. w sprawie opłat za czynności adwokackie oraz ponoszenia przez Skarb Państwa kosztów nieopłaconej pomocy prawnej udzielonej z urzędu</xLexLink> (j.t. Dz. U. z 2013 r., poz. 461).</xText>
          
          <xText>MR-K</xText>
        </xUnit>
      </xBlock>
    </xPart>
  </judgement>
<judgement id="152000000000503_I_ACa_000647_2013_Uz_2013-07-30_001">
    <xPart xEditorFullName="Jolanta Łaszczyk" xYear="2013" xLang="PL" xPublisherFullName="Małgorzata Strojek" xFromPg="1" xEditor="j_laszczyk" xVolType="15/200000/0000503/ACa" xPublisher="m_strojek" xDocType="Uz" xVolNmbr="000647" xVersion="1.0" xToPage="15" xFlag="published">
      <xName>Wyrok+Uzasadnienie</xName>
      <xBlock>
        <xText>
          <xUx>Sygn. akt I ACa 647/13</xUx>
        </xText>
        
        <xUnit xIsTitle="true" xType="part" xBold="true">
          <xName>WYROK</xName>
          <xTitle>W IMIENIU RZECZYPOSPOLITEJ POLSKIEJ</xTitle>
          <xText xALIGNx="right">Dnia 30 lipca 2013 r.</xText>
          
          <xText>Sąd Apelacyjny w Krakowie – Wydział I Cywilny</xText>
          <xText>w składzie:</xText>
          <xRows>
            <xCOLGROUPx>
              <xCOLx xWIDTHx="219"/>
              <xCOLx xWIDTHx="398"/>
            </xCOLGROUPx>
            <xRow>
              <xClmn xALIGNx="left" xVALIGNx="middle">
                <xText xALIGNx="right">Przewodniczący:</xText>
              </xClmn>
              <xClmn xALIGNx="left" xVALIGNx="middle">
                <xText>
                  <xBx>
                    <xUx>SSA Hanna Nowicka de Poraj (spr.)</xUx>
                  </xBx>
                </xText>
              </xClmn>
            </xRow>
            <xRow>
              <xClmn xALIGNx="left" xVALIGNx="top">
                <xText xALIGNx="right">Sędziowie:</xText>
              </xClmn>
              <xClmn xALIGNx="left" xVALIGNx="middle">
                <xText>SSA Teresa Rak</xText>
                <xText>SSA Grzegorz Krężołek</xText>
              </xClmn>
            </xRow>
            <xRow>
              <xClmn xALIGNx="left" xVALIGNx="middle">
                <xText xALIGNx="right">Protokolant:</xText>
              </xClmn>
              <xClmn xALIGNx="left" xVALIGNx="middle">
                <xText>st.sekr.sądowy Katarzyna Wilczura</xText>
              </xClmn>
            </xRow>
          </xRows>
          
          <xText>po rozpoznaniu w dniu 30 lipca 2013 r. w Krakowie na rozprawie</xText>
          <xText>sprawy z powództwa <xAnon>J.</xAnon><xAnon>J.</xAnon> i <xAnon>S. C.</xAnon></xText>
          <xText>przeciwko <xAnon>I. R.</xAnon> i <xAnon>P. G.</xAnon></xText>
          <xText>o zapłatę</xText>
          <xText>na skutek apelacji pozwanych</xText>
          <xText>od wyroku Sądu Okręgowego w Krakowie</xText>
          <xText>z dnia 27 lutego 2013 r. sygn. akt I C 665/11</xText>
          <xText>
            <xBx>oddala apelację i zasądza solidarnie od pozwanych na rzecz każdego </xBx>
          </xText>
          <xText>
            <xBx>z powodów kwoty po 2 700 zł (dwa tysiące siedemset złotych) tytułem kosztów postępowania apelacyjnego.</xBx>
          </xText>
          
          <xText>I ACa 647/13</xText>
        </xUnit>
        <xUnit xIsTitle="true" xType="part" xBold="true">
          <xName>UZASADNIENIE</xName>
          <xText xALIGNx="center">Wyroku Sądu Apelacyjnego w Krakowie</xText>
          <xText xALIGNx="center">z dnia 30 lipca 2013 roku</xText>
          
          <xText><xBx>Powodowie: <xAnon>J.</xAnon><xAnon>J.</xAnon> i <xAnon>S. C.</xAnon></xBx> wnieśli o zasądzenie na ich rzecz od pozwanych <xAnon>I. R.</xAnon> i <xAnon>P. G.</xAnon> solidarnie kwot po 95.000 zł z odsetkami ustawowymi liczonymi od dnia 15 grudnia 2010 r. do dnia zapłaty. Nadto, powodowie wnieśli o zasądzenie od pozwanych na ich rzecz zwrotu kosztów postępowania.</xText>
          <xText>W uzasadnieniu powodowie podali, że nabyli od pozwanych po ½ części nieruchomość stanowiącej <xAnon>działkę nr (...)</xAnon> w <xAnon>K.</xAnon>, której częścią składową jest budynek mieszkalny, za ceny w kwotach po 450.000 zł. Podczas remontu wyszły na jaw liczne wady budynku. Powodowie jako podstawę swojego żądania wskazali <xLexLink xArt="art. 560;art. 566" xIsapId="WDU19640160093" xTitle="Ustawa z dnia 23 kwietnia 1964 r. - Kodeks cywilny" xAddress="Dz. U. z 1964 r. Nr 16, poz. 93">art. 560 i 566 k.c.</xLexLink> domagając się obniżenia ceny kupna nieruchomości i zasądzenia od pozwanych kwoty stanowiącej różnicę. Domagali się ponadto zasądzenia od pozwanych tytułem odszkodowania kwoty 3.800 zł w związku z nadpłatą 2%-owego podatku od czynności cywilnoprawnych (naliczenie podatku od wyższej wartości nieruchomości niż należna) oraz kwoty 2.460 zł, które powodowie wydali na opinię rzeczoznawcy, w celu ustalenia stanu technicznego budynku na nabytej nieruchomości. Zsumowanie powyższych żądań dało dochodzone pozwem kwoty po 95 000 zł, na rzecz każdego z powodów.</xText>
          <xText><xBx>Pozwani <xAnon>I. R.</xAnon> i <xAnon>P. G.</xAnon></xBx>wnieśli o oddalenie powództwa i o zasądzenie zwrotu kosztów postępowania według norm przepisanych. Pozwani zarzucili, że nie ponoszą odpowiedzialności za wady rzeczy, a z treści pozwu nie wynika, jak została obliczona różnica pomiędzy wartością nieruchomości z wadami oraz bez wad. Pozwani wskazali, iż budynek został wzniesiony w latach 60-tych, kiedy to inna była technologia budowania i inne materiały. Okoliczności tych pozwani nie ukrywali przed powodami. Ponadto pozwani poddali w wątpliwość, czy bezpośrednią przyczyną osłabienia konstrukcji budynku były jego wady. W ich ocenie przyczyną tą były raczej roboty remontowe wykonane przez powodów. Zarzucili ponadto pozwani, że powodowie nie dochowali terminu do zawiadomienia o wadzie przewidzianego w <xLexLink xArt="art. 563;art. 563 § 1" xIsapId="WDU19640160093" xTitle="Ustawa z dnia 23 kwietnia 1964 r. - Kodeks cywilny" xAddress="Dz. U. z 1964 r. Nr 16, poz. 93">art. 563 §1 k.c.</xLexLink></xText>
          
          <xText><xBx>Wyrokiem z dnia 27 lutego 2013 roku sygn. akt I C 655/11 </xBx>Sąd Okręgowy w Krakowie: pkt I zasądził od pozwanych <xAnon>I. R.</xAnon> i <xAnon>P. G.</xAnon> solidarnie na rzecz powoda <xAnon>J.</xAnon><xAnon>J.</xAnon> kwotę 76.041 zł. 50 gr. z ustawowymi odsetkami liczonymi od dnia 18 grudnia 2010 r. do dnia zapłaty; w pkt II zasądził od pozwanych <xAnon>I. R.</xAnon> i <xAnon>P. G.</xAnon> solidarnie na rzecz powódki <xAnon>S. C.</xAnon> kwotę 76.041 zł. 50 gr. z ustawowymi odsetkami liczonymi od dnia 18 grudnia 2010 r. do dnia zapłaty, a w pkt III oddalił powództwo w pozostałej części. W pkt IV wyroku Sąd zasądził od pozwanych <xAnon>I. R.</xAnon> i <xAnon>P. G.</xAnon> solidarnie na rzecz powodów <xAnon>J.</xAnon><xAnon>J.</xAnon> i <xAnon>S. C.</xAnon> kwotę 10.980 zł. 40 gr. tytułem zwrotu kosztów postępowania.</xText>
          
          <xText>U podstaw takiego rozstrzygnięcia legły następujące okoliczności faktyczne:</xText>
          
          <xText>Na podstawie umowy sprzedaży z dnia 13 lipca 2001 r. <xAnon>I. R.</xAnon> i <xAnon>P. G.</xAnon> kupili od <xAnon>J. K.</xAnon><xAnon>działkę nr (...)</xAnon> położoną <xAnon>K.</xAnon>, na której znajdował się dom jednorodzinny, parterowy, mieszkalny o pow. użytkowej ok. 100 m<xSUPx>2</xSUPx>, który ze względu na stopień zużycia nadawał się do remontu. W 2010 roku pozwani zamieścili w internecie ofertę sprzedaży powyższej nieruchomości zabudowanej dwukondygnacyjnym domem wolnostojącym, o pow. użytkowej 197m<xSUPx>2</xSUPx>, a całkowitej ok. 250 m<xSUPx>2</xSUPx>. Wskazano, iż budynek pochodzi z lat 60-tych, jednak w roku 2001 przeszedł remont kapitalny – został ocieplony i otynkowany, wymieniono wszystkie instalacje, całą więźbę dachową i pokrycie dachu wykonano od nowa, dach został ocieplony, pokryty dachówką ceramiczną, wstawiono nowe okna. Powódka w odpowiedzi na ofertę wskazała, iż dom ma w rzeczywistości metraż 160-170m<xSUPx>2</xSUPx>, brak jest garażu, bo drewniana wiata nie ma dla niej wartości, góra wymaga przystosowania by zrobić 3 sypialnie, a dół wymaga przebudowy by stworzyć otwartą przestrzeń. Powódka zaproponowała cenę 900.000 zł, na którą pozwani przystali. Pierwotnie pozwani żądali kwoty 1.200.000 zł.</xText>
          <xText>Umową z dnia 24 maja 2010 r. <xAnon>I. R.</xAnon> i <xAnon>P. G.</xAnon> sprzedali <xAnon>S. C.</xAnon> i <xAnon>J.</xAnon><xAnon>J.</xAnon> w udziałach po ½ części zabudowaną nieruchomość stanowiącą <xAnon>działkę nr (...)</xAnon> w <xAnon>K.</xAnon>, objętą <xAnon>księgą wieczystą (...)</xAnon>, za ceny w kwotach po 450.000 zł. Notariusz pobrał tytułem podatku od czynności cywilnoprawnych kwotę 18.000 zł. według stawki 2%.</xText>
          <xText>Informacje dotyczące stanu technicznego kupujący uzyskali z oględzin domu i rozmów z pozwanymi. Sprzedający informował, że dom został wybudowany tradycyjnie, co widać było w piwnicy gdzie były grube ściany. Sprzedający wskazywali, że dom podlegał renowacji na szeroką skalę. Kupujący informowali o swoich planach przebudowy i pytali sprzedającego czy są one możliwe. Sprzedający zapewniał kupujących, że można na górze zrobić wszystko poza ruszeniem czterech filarów konstrukcyjnych podtrzymujących dach. Sprzedający zapewniali, iż drewniane belki w dwóch pokojach mają charakter dekoracyjny.</xText>
          <xText>Podczas przeprowadzanego przez powodów remontu ujawniono szereg wad budynku. Okazało się, że budynek jest w istocie złożony z dwóch budynków nakrytych wspólnym dachem. Szereg wad ujawniono w konstrukcji więźby dachowej. Ściany nośne parteru zostały wykonane z tzw. hasiu i były bardzo niskiej jakości. Strop nad parterem zrealizowany jako płytowy żelbetowy, wykonano z gruzobetonu o bardzo niskiej jakości, z bardzo oszczędnie ułożonymi prętami zbrojeniowymi. Ściany piwnic wykonano z różnych materiałów (cegła, kamień, haś), strop nad piwnicą był nadmiernie ugięty, miejscowo spękany, z odkryciem zbrojenia.</xText>
          <xText>Pismem z dnia 25 listopada 2010 r. pełnomocnik powodów opisał stwierdzone w nieruchomości wady i zażądał obniżenia ceny, oczekując odpowiedzi w terminie 7 dni od otrzymania pisma. Pismo doręczono pozwanym w dniu 10 grudnia 2010 r. Za sporządzenie opinii technicznej powodowie zapłacili <xAnon>L. S. (1)</xAnon> kwotę 2.460,00 zł.</xText>
          
          <xText>Oceniając powyższe ustalenia faktyczne Sąd Okręgowy przytoczył treść <xLexLink xArt="art. 556;art. 556 § 1" xIsapId="WDU19640160093" xTitle="Ustawa z dnia 23 kwietnia 1964 r. - Kodeks cywilny" xAddress="Dz. U. z 1964 r. Nr 16, poz. 93">art. 556 § 1 k.c.</xLexLink>, statuującego instytucję rękojmi za wady fizyczne. Następnie Sąd wskazał, że w budynku znajdującym się na zakupionej przez powodów od pozwanych nieruchomości, w dacie zawarcia umowy tkwiło szereg cech, które powodowały, że budynek ten odbiegał <xIx>in minus </xIx>od prawidłowo wykonanego w tamtym czasie budynku w technologii tradycyjnej. Wady te obniżały przydatność budynku ze względu na jego przeznaczenie dla celów mieszkalnych. Wskazał Sąd, że obniżenie ceny zakupu przez strony, po negocjacjach, nie nastąpiło ze względu na wady budynku lecz z uwagi na jego mniejszą niż oferowana powierzchnię użytkową.</xText>
          <xText>Sąd I instancji nie podzielił zarzutu pozwanych jakoby prace adaptacyjne wykonane przez powodów osłabiły konstrukcję budynku, bowiem miarodajną dla oceny istnienia wad jest chwila zawarcia umowy, zaś wady stwierdzone przez biegłego niewątpliwie w tej dacie istniały.</xText>
          <xText>Sąd uznał za spóźniony zarzut utraty przez powodów uprawnień z tytułu rękojmi, z uwagi na jego prekluzję procesową. Nadto, Sąd stwierdził, iż zgodnie z <xLexLink xArt="art. 564" xIsapId="WDU19640160093" xTitle="Ustawa z dnia 23 kwietnia 1964 r. - Kodeks cywilny" xAddress="Dz. U. z 1964 r. Nr 16, poz. 93">art. 564 k.c.</xLexLink> utrata uprawnień z tytułu rękojmi za wady fizyczne rzeczy nie następuje mimo niezachowania terminów do zbadania rzeczy przez kupującego i do zawiadomienia sprzedawcy o wadach, jeżeli sprzedawca wadę podstępnie zataił albo zapewnił kupującego, że wady nie istnieją. Uregulowanie to znajduje zastosowanie w niniejszej sprawie.</xText>
          <xText>Sąd I instancji ustalił, w oparciu o opinię biegłego, że wady istniejące w nabytej przez powodów nieruchomości obniżałyby jej cenę rynkową w stosunku do nieruchomości nie obciążonej takimi wadami o 16,32%. Z tych przyczyn, powołując treść <xLexLink xArt="art. 560;art. 560 § 3" xIsapId="WDU19640160093" xTitle="Ustawa z dnia 23 kwietnia 1964 r. - Kodeks cywilny" xAddress="Dz. U. z 1964 r. Nr 16, poz. 93">art. 560 § 3 k.c.</xLexLink>, Sąd Okręgowy obniżył zapłacone przez każdego z powodów kwoty po 450.000 zł o wymieniony powyżej procent, co dało kwoty po 73 340 zł na rzecz każdego z powodów. W dalej idącym zakresie obniżenie ceny nie znajdowało uzasadnienia.</xText>
          <xText>Za uzasadnione Sąd I instancji uznał żądanie odszkodowania obejmującego koszt podatku od czynności cywilnoprawnych uiszczonego od umowy zawartej z pozwanymi w zakresie, w jakim uzasadnione jest obniżenie ceny; przedmiotowy podatek stanowi koszt zawarcia umowy w rozumieniu <xLexLink xArt="art. 566;art. 566 § 1" xIsapId="WDU19640160093" xTitle="Ustawa z dnia 23 kwietnia 1964 r. - Kodeks cywilny" xAddress="Dz. U. z 1964 r. Nr 16, poz. 93">art. 566 § 1 k.c.</xLexLink> Tym samym należało zasądzić na rzecz powodów odszkodowania w kwotach odpowiadających po ½ z 16,32% uiszczonych podatków od czynności cywilnoprawnych, a zatem w kwotach po 1.471,50 zł.</xText>
          <xText>Ponadto, Sąd za zasadne uznał żądanie odszkodowania obejmującego wydatek na opinię biegłego <xAnon>L. S. (1)</xAnon> w kwocie 2.460 zł (po ½ części tej kwoty na rzecz każdego z powodów, czyli kwoty 1.230 zł), bowiem bez tej opinii powodowie nie byliby w stanie określić istnienia i zakresu wad budynku, a w konsekwencji ustalić wysokości swoich żądań.</xText>
          <xText>Sumując powyższe kwoty zasądzano w pkt I oraz II wyroku po 76.041,50 zł na rzecz każdego z powodów. Co do żądania odsetek, Sąd wskazał, że wezwanie do zapłaty zostało zawarte w piśmie doręczonym w dniu 10 grudnia 2010 r. i zawierało zakreślenie terminu 7 dni do odpowiedzi na wezwanie, a zatem pozwani w opóźnienie popadli dopiero od dnia 18 grudnia 2010 r. i od tego dnia zgodnie z <xLexLink xArt="art. 481" xIsapId="WDU19640160093" xTitle="Ustawa z dnia 23 kwietnia 1964 r. - Kodeks cywilny" xAddress="Dz. U. z 1964 r. Nr 16, poz. 93">art. 481 k.c.</xLexLink> należą się powodom odsetki.</xText>
          <xText>W dalej idącym zakresie powództwo Sąd I instancji oddalił powództwo jako bezzasadne.</xText>
          <xText>O kosztach postępowania orzeczono na zasadzie <xLexLink xArt="art. 100" xIsapId="WDU19640430296" xTitle="Ustawa z dnia 17 listopada 1964 r. - Kodeks postępowania cywilnego" xAddress="Dz. U. z 1964 r. Nr 43, poz. 296">art. 100 k.p.c.</xLexLink> poprzez ich stosunkowe rozłożenie stosownie do wyników niniejszego postępowania.</xText>
          
          <xText>Wyrok Sądu Okręgowego <xBx>zaskarżyli apelacją pozwani, </xBx>w części obejmującej rozstrzygnięcia zawarte w punktach I, II i IV przedmiotowego wyroku. Pozwani zarzucili:</xText>
          <xUnit xIsTitle="false" xType="none">
            <xName xSffx=")">1</xName>
            <xText>naruszenie prawa materialnego poprzez błędne zastosowanie przepisu <xLexLink xArt="art. 560;art. 560 § 1" xIsapId="WDU19640160093" xTitle="Ustawa z dnia 23 kwietnia 1964 r. - Kodeks cywilny" xAddress="Dz. U. z 1964 r. Nr 16, poz. 93">art. 560§1 k.c.</xLexLink>, poprzez zasądzenie od pozwanych wskazanych w wyroku kwot pomimo braku przesłanek do żądania obniżenia ceny za rzecz sprzedaną;</xText>
          </xUnit>
          <xUnit xIsTitle="false" xType="none">
            <xName xSffx=")">2</xName>
            <xText>naruszenia prawa materialnego <xLexLink xArt="art. 563;art. 563 § 1" xIsapId="WDU19640160093" xTitle="Ustawa z dnia 23 kwietnia 1964 r. - Kodeks cywilny" xAddress="Dz. U. z 1964 r. Nr 16, poz. 93">art. 563§1 k.c.</xLexLink> poprzez brak oddalenia powództwa pomimo niedochowania przez powodów miesięcznego terminu do zawiadomienia sprzedawcy o fakcie stwierdzenia wady fizycznej rzecz sprzedanej, co skutkowało utratą uprawnienia z tytułu rękojmi;</xText>
          </xUnit>
          <xUnit xIsTitle="false" xType="none">
            <xName xSffx=")">3</xName>
            <xText>naruszenia <xLexLink xArt="art. 217;art. 217 § 2" xIsapId="WDU19640430296" xTitle="Ustawa z dnia 17 listopada 1964 r. - Kodeks postępowania cywilnego" xAddress="Dz. U. z 1964 r. Nr 43, poz. 296">art. 217§2 k.p.c.</xLexLink> poprzez pominięcie wnioskowanego przez pozwanych dowodu z opinii biegłego z zakresu budownictwa, którym to dowodem miał być stwierdzony fakt wpływu wykonywania przez powodów robót budowlanych na stan konstrukcji stwierdzony w niniejszej sprawie przez biegłego sądowego <xAnon>B. P. (1)</xAnon>;</xText>
          </xUnit>
          <xUnit xIsTitle="false" xType="none">
            <xName xSffx=")">4</xName>
            <xText>naruszenie <xLexLink xArt="art. 233" xIsapId="WDU19640430296" xTitle="Ustawa z dnia 17 listopada 1964 r. - Kodeks postępowania cywilnego" xAddress="Dz. U. z 1964 r. Nr 43, poz. 296">art. 233 k.p.c.</xLexLink> poprzez nieprawidłową ocenę zebranego materiału dowodowego polegającego na błędnym uznaniu, że opinia biegłego została w niniejszej sprawie sporządzona w sposób czytelny i zrozumiały, a wyciągnięte przez biegłego wnioski wynikają logicznie z prawidłowo ustalonych przez niego przesłanek;</xText>
          </xUnit>
          <xUnit xIsTitle="false" xType="none">
            <xName xSffx=")">5</xName>
            <xText>naruszenie <xLexLink xArt="art. 233" xIsapId="WDU19640430296" xTitle="Ustawa z dnia 17 listopada 1964 r. - Kodeks postępowania cywilnego" xAddress="Dz. U. z 1964 r. Nr 43, poz. 296">art. 233 k.p.c.</xLexLink> poprzez nieprawidłową ocenę zebranego materiału dowodowego polegającą na błędnym uznaniu, że w niniejszej sprawie pozwani podstępnie zataili wady oraz, że pierwotna cena budynku, a także dokonana na etapie negocjacji obniżka wyjściowej ceny rzeczy sprzedanej, nie uwzględnia stanu technicznego budynku.</xText>
          </xUnit>
          
          <xText>W uzasadnieniu apelacji pozwani w szczególności podkreślili, iż opinia biegłego, dotycząca obniżenia ceny sprzedaży, została sporządzona w sposób nieprecyzyjny. Biegły nie wskazał cech nieruchomości gruntowych oraz budynkowych, których dotyczyły transakcje będące podstawą dokonywanych obliczeń oraz nie wziął pod uwagę wyjątkowo atrakcyjnego położenia przedmiotowej nieruchomości. Pozwani zarzucili biegłemu, iż nie dokonał w opinii analizy rynku nieruchomości. Następnie zakwestionowali przydatność opinii skoro żadna z porównywanych transakcji nie dotyczyła budynku zbudowanego z „hasiu”. Zdaniem pozwanych biegły nie był w stanie stwierdzić stanu budynku w momencie dokonywania transakcji, co uniemożliwiło ustalenie wpływu poszczególnych wad budynku na całkowitą cenę transakcyjną. Pozwani podnieśli, iż Sąd nie uwzględnił okoliczności, iż dokonywane przez powodów prace, które miały charakter istotnej ingerencji w konstrukcję budynku, odniosły wpływ na dalsze osłabienie tej konstrukcji, co zostało również potwierdzone przez biegłego. W tych okolicznościach błędna była decyzja Sądu Okręgowego, który, powołując się na przepis <xLexLink xArt="art. 207;art. 207 § 3" xIsapId="WDU19640430296" xTitle="Ustawa z dnia 17 listopada 1964 r. - Kodeks postępowania cywilnego" xAddress="Dz. U. z 1964 r. Nr 43, poz. 296">art. 207 § 3 k.p.c.</xLexLink> pominął wniosek powodów o uzupełnienia opinii biegłego. Pozwani podkreślili, iż mając na uwadze datę budowy przedmiotowego budynku oraz stosowaną wówczas technologię nie sposób uznać, aby wskazane przez powodów wady, mogły zostać uznane za wady rzecz sprzedanej w rozumieniu <xLexLink xArt="art. 556" xIsapId="WDU19640160093" xTitle="Ustawa z dnia 23 kwietnia 1964 r. - Kodeks cywilny" xAddress="Dz. U. z 1964 r. Nr 16, poz. 93">art. 556 k.c.</xLexLink></xText>
          <xText>Podsumowując, pozwani wnieśli o uchylenie powyższego wyroku w zaskarżonej części i przekazanie sprawy sądowi I instancji do ponownego rozpoznania oraz o zasądzenie od powodów solidarnie na rzecz pozwanych kosztów postępowania.</xText>
          
          <xText>Powodowie wnieśli o oddalenie apelacji i zasądzenie od pozwanych kosztów zastępstwa procesowego. Powodowie podnieśli, iż zadaniem biegłego nie było ustalenie wartości robót niezbędnych do usunięcia wad, ale ustalenie procentowej różnicy w rynkowej wartości budynku wzniesionego w technologii tradycyjnej pozbawionego wad i przedmiotowego budynku, według cen na dzień zawarcia umowy sprzedaży, z czego biegły wywiązał się w sposób prawidłowy. Biegły przedstawił założenia przy sporządzaniu opinii, wskazując na znaczną ilość transakcji w celu uśrednienia innych niż stan techniczny atrybutów, a zatem metodologia przyjęta przez biegłego była prawidłowa. Powodowie podkreślili, iż z zebranego w sprawie materiału dowodowego wynika, iż pozwani mieli świadomość użytego budulca do konstrukcji budynku oraz faktu połączenia dwóch budynków, jakości stropów i podparcia belkami.</xText>
          
          <xText xALIGNx="center">
            <xBx>Sąd Apelacyjny zważył, co następuje:</xBx>
          </xText>
          
          <xText>apelacja jako bezzasadna podlegała oddaleniu.</xText>
          
          <xText>Sąd Apelacyjny przyjmuje za własne ustalenia faktyczne poczynione przez Sąd Okręgowy, stanowiące podstawę wyrokowania i podziela ich materialno prawna ocenę.</xText>
          
          <xText>W pierwszej kolejności należy odnieść się tych zarzutów apelacji, które zostały wymierzone w podstawę faktyczną zaskarżonego wyroku.</xText>
          <xText>Wbrew wywodom apelujących Sąd I instancji nie dopuścił się uchybień w zakresie oceny materiału dowodowego zebranego w sprawie. Tym samym zarzut naruszenia <xLexLink xArt="art. 233;art. 233 § 1" xIsapId="WDU19640430296" xTitle="Ustawa z dnia 17 listopada 1964 r. - Kodeks postępowania cywilnego" xAddress="Dz. U. z 1964 r. Nr 43, poz. 296">art. 233 § 1 k.p.c.</xLexLink> nie może odnieść skutku. Przypomnieć należy, iż zakres kognicji sądu odwoławczego przy rozpoznaniu tego zarzutu jest ograniczony. Przyjmuje się bowiem, że jeśli z określonego materiału dowodowego Sąd wyprowadza wnioski poprawne logicznie i zgodne z doświadczeniem życiowym, to ocena ta nie narusza reguł swobodnej oceny dowodów i musi się ostać, choćby w równym stopniu z tegoż materiału można było wyprowadzić wnioski odmienne (tak SN w wyroku z dnia 29 sierpnia 1974 roku, I CR 338/74, BSN z 1974 roku, nr 12, poz. 227, w wyroku z dnia 27 września 2002 roku, II CKN 817/00, Lex nr 56906 oraz w wyroku z dnia 7 października 2005 roku, IV CK 122/05, Lex nr 187124).</xText>
          <xText>Apelujący bezpodstawnie kwestionują ustalenia Sądu I Instancji dokonane na podstawie opinii mgr inż. <xAnon>B. P. (1)</xAnon>, biegłego sądowego z zakresu budownictwa i szacowania nieruchomości. Pozwani nie wnosili o uzupełnienie materiału dowodowego w zakresie wiadomości specjalnych poprzez powołanie kolejnego biegłego, który ustosunkowałby się do ich zarzutów względem opinii biegłego <xAnon>B. P. (1)</xAnon>, w szczególności dotyczących istnienia w dacie sprzedaży wad budynku oraz ich wpływu na wartość nieruchomości. Nie budzi wątpliwości, iż rozpoznawane w niniejszej sprawie zagadnienia, dotyczące wad konstrukcyjnych budynku oraz stosunkowego obniżenia ceny nabycia nieruchomości zabudowanej wadliwym budynkiem, w sposób wskazany przepisem <xLexLink xArt="art. 560;art. 560 § 3" xIsapId="WDU19640160093" xTitle="Ustawa z dnia 23 kwietnia 1964 r. - Kodeks cywilny" xAddress="Dz. U. z 1964 r. Nr 16, poz. 93">art. 560§3 k.c.</xLexLink>, wymagały fachowej wiedzy z zakresu budownictwa oraz szacowania nieruchomości, a zatem ustalenie tych faktów mogło nastąpić wyłącznie przy pomocy biegłego. Pozwani kwestionowali wartość dowodową opinii wykonanej przez biegłego <xAnon>B. P. (1)</xAnon> jednakże nie składali wniosku o dopuszczenie dowodu z opinii innego biegłego a jedynie poddawali w wątpliwość wnioski do jakich doszedł biegły <xAnon>B. P. (1)</xAnon>, uznając je za nieprecyzyjne, kwestionowali też metodologię zastosowaną przez biegłego. W ocenie Sadu Apelacyjnego zarzuty te pozwanych uznać należy za gołosłowne. Jak słusznie ocenił Sąd Okręgowy, opinie biegłego <xAnon>B. P. (1)</xAnon> cechują się kategorycznością twierdzeń w nich zawartych oraz precyzyjnością odpowiedzi na zadane przez Sąd pytania.</xText>
          <xText>Jak chodzi o opracowanie biegłego dotyczące ustalenia stopnia obniżenia ceny nabycia nieruchomości, biegły wskazuje na trudności związane z doborem materiału porównawczego, a przede wszystkim brakiem możliwości porównania transakcji budynków zbudowanych z tzw. „hasiu” oraz gruzobetonu, gdyż nawet starsze zachowane budynki na terenie <xAnon>K.</xAnon>, były nie były wykonywane z tego materiału. Dlatego też na potrzeby opinii, biegły wybrał nieruchomości zabudowane budynkami, których wady miały charakter podobny do tych, które stwierdzono w budynku nabytym przez powodów. Musiał zatem biegły dokonać pewnego uśrednienia pomiędzy szacunkową wartością budynków z wadami konstrukcyjnymi oraz budynkami sprzedawanymi w stanie dobrym i bardzo dobrym, przy czym biegły wskazał jakie wady są zaliczane do wad konstrukcyjnych oraz wyjaśnił, iż wady te mają różnoraki charakter. Podkreślenia wymaga, iż zastosowana przez biegłego metoda porównawcza była właściwa, a jej cel został osiągnięty – uzyskano procentową różnicę średnich cen dla budynków bez wad konstrukcyjnych a budynkami, które miały takie wady. Biegły – choć nie w sposób sformalizowany – posłużył się metodą porównawczą, która w niniejszej sprawie była jedyną możliwą do ustalenia stopnia obniżenia ceny za budynek powodów. Zgodnie z <xLexLink xArt="art. 153;art. 153 ust. 1" xIsapId="WDU19971150741" xTitle="Ustawa z dnia 21 sierpnia 1997 r. o gospodarce nieruchomościami" xAddress="Dz. U. z 1997 r. Nr 115, poz. 741">art. 153 ust. 1 ustawy z dnia 21 sierpnia 1997 roku o gospodarce nieruchomościami</xLexLink> (tekst jednolity: Dz. U. 2010 r. Nr 102 poz. 651) podejście porównawcze polega na określeniu wartości nieruchomości przy założeniu, że wartość ta odpowiada cenom, jakie uzyskano za nieruchomości podobne, które były przedmiotem obrotu rynkowego. Ceny te koryguje się ze względu na cechy różniące nieruchomości podobne od nieruchomości wycenianej oraz uwzględnia się zmiany poziomu cen wskutek upływu czasu. Biegły dokonał wyboru nieruchomości z uwzględnieniem ich miejsca położenia tj. z terenu dzielnic: <xAnon>K.</xAnon>, <xAnon>Ś.</xAnon>, <xAnon>P.</xAnon> oraz selekcjonując nieruchomości zabudowane domami jednorodzinnymi o powierzchni użytkowej od 120 m<xSUPx>2</xSUPx> do 250 m<xSUPx>2</xSUPx>, przy czym porównywane transakcje miały miejsce w okresie zbliżonym do transakcji między stronami postępowania. Nie mają racji pozwani twierdząc, iż biegły dla porównania winien uwzględnić wyłącznie nieruchomości położone na terenie <xAnon>W.</xAnon>, czyli w najbardziej atrakcyjnej lokalizacji <xAnon>K.</xAnon>. Celem opinii było ustalenie uśrednionej różnicy pomiędzy ceną budynków z wadami oraz bez wad, a oczywistym jest, że procentowa różnica, bez względu na położenie nieruchomości, finalnie powinna być taka sama. W ten sposób biegły dokonał pewnego uśrednienia, bowiem rzeczą oczywistą jest, iż nie można znaleźć choćby jednego budynku dokładnie o tych samych wadach konstrukcyjnych, a w przypadku przedmiotowego budynku problem jest tym większy, iż na terenie miasta <xAnon>K.</xAnon> nie ma już praktycznie budynków zbudowanych z tzw. „hasiu” lub okoliczność ta jest ukrywana przez sprzedających i niewymieniana w akcie notarialnym. Podkreślenia wymaga, iż duża ilość transakcji, które biegły brał pod uwagę wyliczając różnice cen pomiędzy budynkami z wadami oraz bez wad, miała właśnie na celu jak najdalej idące uśrednienie i wyeliminowanie w ostatecznym wyniku, wypadków skrajnych. Tym samym Sąd I instancji słusznie podzielił opinię biegłego, z której wynika, iż wady fizyczne, które tkwiły w budynku znajdującym się na przedmiotowej nieruchomości a które nie zostały ujawnione w dniu sprzedaży, a wpływały one na wartość nieruchomości w 16,32%.</xText>
          <xText>Pozwani bez żadnych podstaw poddają w wątpliwość rynkowy charakter cen, w przyjętych przez biegłego do porównania umowach sprzedaży nieruchomości. Jak wynika z <xLexLink xArt="art. 151" xIsapId="WDU19971150741" xTitle="Ustawa z dnia 21 sierpnia 1997 r. o gospodarce nieruchomościami" xAddress="Dz. U. z 1997 r. Nr 115, poz. 741">art. 151 ustawy o gospodarce nieruchomościami</xLexLink> u podstaw szacunku wartości rynkowej nieruchomości jest to, by strony transakcji były od siebie niezależne oraz miały stanowczy zamiar zawarcia umowy, jak też by upłynął czas niezbędny do wyeksponowania nieruchomości na rynku i do wynegocjowania warunków umowy. Stosując metodę porównawczą biegły posługiwał się cenami rynkowymi porównywanych nieruchomości. Rzeczą biegłego, co należy do sztuki jego zawodu, było dobranie do porównania umów spełniających w/w kryteria. W toku postępowania przed Sądem instancji powodowie nie kwestionowali doboru nieruchomości z punktu widzenia kryteriów z art. 151 u.g.n. nie wnosili też – jak już wcześniej wskazano – o zweryfikowanie przedmiotowej opinii dowodem z opinii innego biegłego. Dlatego też omówiony wyżej zarzut nie może odnieś skutku.</xText>
          <xText>Nie sposób też zgodzić się z pozwanymi, jakoby Sąd I instancji błędnie przyjął, że dokonali oni zatajenia wad. Podkreślić należy, iż pozwani już w ofercie sprzedaży zamieszczonej w internecie zapewniali o dobrym stanie budynku, powołując się na jego kapitalny remont w roku 2001. W trakcie prowadzonych negocjacji powodowie nie uzyskali informacji na temat złej jakości użytego budulca. Potwierdzają to zeznania świadka <xAnon>A. D.</xAnon> – pośrednika nieruchomości, która była obecna przy wszystkich rozmowach stron. Wedle jej relacji pozwani nie informowali powodów o wadach, a jedynie o tym, że budynek pochodzi z lat sześćdziesiątych XX wieku, a wybudowany był w technologii tradycyjnej, pod którą to nazwą przeciętna nabywca rozumie użycie pustaków i cegieł połączonych zaprawą. Bez znaczenia pozostaje to, że powodowie kilkakrotnie oglądali budynek, bowiem żaden kupujący bez fachowej wiedzy z zakresu budownictwa nie byłaby w stanie dokonać oceny jakości stropów czy też poprawności konstrukcji dachu, a tym bardziej nie mógłby, wyłącznie w oparciu o oględziny, stwierdzić połączenia dwóch budynków. Powyższe potwierdził biegły w swojej opinii (k. 206-210). Przeciętny nabywca domu mieszkalnego wizualnie ocenia jego stan, jedynie widoczne i oczywiste nieprawidłowości wymagają od starannie działającego nabywcy zasięgnięcia opinii rzeczoznawcy. Nie budzi również wątpliwości okoliczność, iż pozwani, musieli wiedzieć o mizernej jakości stropów, ze względu na użyty budulec bowiem sami dokonywali remontu budynku w roku 2001. Wymieniając wówczas dach, musieli sprawdzić konstrukcję pod względem wytrzymałościowym. Kruchość budulca pozwani musieli zauważyć urządzając łazienkę na piętrze. Wykonując zewnętrzną elewację budynku, a także kładąc suche tynki pozwani musieli zdawać sobie sprawę z istniejącej szczeliny dylatacyjnej. Na wszystkie te okoliczności, mające podstawę w opinii biegłego <xAnon>B. P. (1)</xAnon>, trafnie zwracał uwagę Sąd Okręgowy. O tym, iż powodowie nie zostali poinformowani przez pozwanych o wadach konstrukcyjnych budynku świadczy również okoliczność, iż nie zostały one wymienione w korespondencji e-mailowej powódki do pośrednika nieruchomości (k. 13), w którym określono czynniki obniżające cenę sprzedaży do kwoty 900.000 zł. Zresztą tak znaczące obniżenie ceny świadczy o tym, iż pozwani zdawali sobie sprawę, iż w skutek wad budynku, nieruchomość nie jest warta ceny ofertowej. O zatajeniu przez pozwanych wady budynku świadczy również zapewnienie <xAnon>P. G.</xAnon>, iż drewniane belki na suficie zostały przez niego zamontowane wyłącznie w celach dekoracyjnych, podczas gdy pełniły funkcję wzmacniającą.</xText>
          <xText>Wszystkie powyższe uwagi pozwalają na zaaprobowanie materialno prawnych wniosków do jakich doszedł Sąd Okręgowy. Pozwani podstępnie zataili wady budynku polegające na złożeniu go z dwóch części, na niskiej jakości ścian nośnych, wskutek wykonania z tzw. „hasiu” oraz niskiej jakości stropów. Tym samym zachowanie pozwanych wypełnia przesłanki z <xLexLink xArt="art. 564" xIsapId="WDU19640160093" xTitle="Ustawa z dnia 23 kwietnia 1964 r. - Kodeks cywilny" xAddress="Dz. U. z 1964 r. Nr 16, poz. 93">art. 564 k.c.</xLexLink>, czyli podstępnego zatajenia wad. To zaś wyłącza po stronie nabywcy chcącego realizować uprawnienia z rękojmi, obowiązek zawiadomienia sprzedawcy o wadach rzeczy w ciągu miesiąca od jej wykrycia (<xLexLink xArt="art. 563;art. 563 § 1" xIsapId="WDU19640160093" xTitle="Ustawa z dnia 23 kwietnia 1964 r. - Kodeks cywilny" xAddress="Dz. U. z 1964 r. Nr 16, poz. 93">art. 563§1 k.c.</xLexLink>). Podstępnym zatajeniem wady w rozumieniu <xLexLink xArt="art. 564" xIsapId="WDU19640160093" xTitle="Ustawa z dnia 23 kwietnia 1964 r. - Kodeks cywilny" xAddress="Dz. U. z 1964 r. Nr 16, poz. 93">art. 564 k.c.</xLexLink> jest uważane takie umyślne działanie sprzedawcy, które ma na celu utrudnienie wykrycia wady przez kupującego, ale również sam fakt, że wiedząc o istnieniu wady, nie poinformował o niej pozostającego w nieświadomości kupującego (Wyrok Sądu Najwyższego - Izba Cywilna z dnia 1 kwietnia 2003 r. II CKN 1382/2000, LexPolonica nr 376741).</xText>
          <xText>Zgodnie z powyższym nie mają racji pozwani twierdząc, iż Sąd uwzględnił powództwo pomimo niezachowania przez powodów aktów staranności z <xLexLink xArt="art. 563;art. 563 § 1" xIsapId="WDU19640160093" xTitle="Ustawa z dnia 23 kwietnia 1964 r. - Kodeks cywilny" xAddress="Dz. U. z 1964 r. Nr 16, poz. 93">art. 563§1 k.c.</xLexLink>, bowiem podstępne zachowanie pozwanych wyłączyło obowiązek dokonania zawiadomienia w terminie miesiąca. Należy jednak podkreślić, że, wbrew odmiennym twierdzeniom apelacji, powodowie dochowali tego terminu. Powodowie przystąpili do remontu jesienią 2010 roku a istniejące wady budynku były przez nich sukcesywnie wykrywane. Ostatecznie w listopadzie 2010 r powodowie zasięgnęli w tym przedmiocie opinii biegłego rzeczoznawcy <xAnon>L. S. (1)</xAnon> (dowód: zeznania świadka <xAnon>L. S.</xAnon> k. 116/2), który skonkretyzował problem i opisał wady. Wówczas dopiero powodowie powzięli dostateczną wiedzę co do stanu nabytej nieruchomości. W piśmie z dnia 25 listopada 2010 roku opisali wady oraz zażądali od pozwanych obniżenia ceny. Tym samym powodowie dochowali terminu dla dokonania tej czynności, o0kreślonego w <xLexLink xArt="§ 3;art. 563" xIsapId="WDU19640160093" xTitle="Ustawa z dnia 23 kwietnia 1964 r. - Kodeks cywilny" xAddress="Dz. U. z 1964 r. Nr 16, poz. 93">§3 art. 563 k.c.</xLexLink></xText>
          <xText>Nie ulega również wątpliwości, iż obniżenie ceny sprzedaży z kwoty 1.200.000 zł do kwoty 900.000 zł nie uwzględniało stanu technicznego budynku, to jest wad istniejących w dacie sprzedaży. Świadczy o tym, po pierwsze okoliczność, iż powodowie nie wiedzieli o jego wadach, co już wyżej wykazano, po drugie powodowie we wspomnianym wyżej e-mailu wymienili czynniki, które według nich wpływały na wartość nieruchomości, w tym konieczność licznych prac adaptacyjnych, a po trzecie przedmiotowa nieruchomość była wystawiona na sprzedaż długi czas, bo ponad rok, zatem pozwanym musiało zależeć na jej sprzedaży. Sam pozwany <xAnon>P. G.</xAnon> podczas przesłuchania stwierdził, iż maksymalną ceną sprzedaży, który zaproponowali powodowie była kwota 900.000 zł, przy czym kwota ta wynikała z zamiaru przeprowadzenia licznych prac adaptacyjnych. Mając powyższe na względzie jasnym jest, iż cena sprzedaży nieruchomości nie została obniżona za względu na zły stan techniczny budynku na niej posadowionego.</xText>
          
          <xText>Nie mógł przynieść skutku podniesiony przez pozwanych zarzut naruszenia <xLexLink xArt="art. 217;art. 217 § 2" xIsapId="WDU19640430296" xTitle="Ustawa z dnia 17 listopada 1964 r. - Kodeks postępowania cywilnego" xAddress="Dz. U. z 1964 r. Nr 43, poz. 296">art. 217§2 k.p.c.</xLexLink> Naruszenia tego Sąd Okręgowy miał się dopuścić poprzez oddalenie wniosku o dopuszczenie dowodu z opinii biegłego na okoliczność wpływu wykonywanych przez powodów robot budowlanych na stan konstrukcji. Co prawda, Sąd I instancji błędnie uzasadnił swoją decyzję, powołując się na prekluzję dowodową. Należy zgodzić się z apelującymi, że ewentualna potrzeba złożenia w/w pojawiła się w toku procesu, w związku z treścią opinii wcześniej sporządzonej. Jednakże, podjęta przez Sąd decyzja była słuszna, uwzględnienie wniosku dowodowego pozwanych byłoby bezprzedmiotowe. Prowadzone przez Sąd postępowanie dowodowe zmierzało do ustalenia wad budynku istniejących w dniu sprzedaży, to jest 24 maja 2010 roku, co było prawnie relewantne w świetle treści <xLexLink xArt="art. 560;art. 560 § 3" xIsapId="WDU19640160093" xTitle="Ustawa z dnia 23 kwietnia 1964 r. - Kodeks cywilny" xAddress="Dz. U. z 1964 r. Nr 16, poz. 93">art. 560§3 k.c.</xLexLink> Tymczasem wniosek dowodowy zmierzał do określenia wpływu podjętych przez powodów w jesieni 2010 roku prac remontowych na osłabienie konstrukcji budynku. Rzeczywiście w swojej opinii biegły <xAnon>P.</xAnon> zauważył, że nadmierna penetracja istotę budynku mogła pogorszyć jego stan. Jednakże istotą niniejszego postępowania i, co za tym idzie, przedmiotem wydanej przez biegłego opinii, było ustalenie istnienia wad budynku w dniu sprzedaży oraz wpływu tych wad na wartość nieruchomości i jej cenę. Bez znaczenia dla rozstrzygnięcia niniejszej sprawy są powoływane w apelacji zastrzeżenia, co do zgodności z <xLexLink xArt="" xIsapId="WDU19940890414" xTitle="Ustawa z dnia 7 lipca 1994 r. - Prawo budowlane" xAddress="Dz. U. z 1994 r. Nr 89, poz. 414">prawem budowlanym</xLexLink> podjętych przez powodów prac remontowych. Okoliczność, iż pozwani uprzednio zamieszkiwali w domu, będącym częścią składową przedmiotowej nieruchomości i wady nie ujawniały się, nie oznacza przecież, że one nie istniały, a tym samym nie powinny zmniejszać odpowiednio ceny sprzedaży.</xText>
          
          <xText>Również zarzut wymierzony bezpośrednio w podstawę materialną rozstrzygnięcia okazał się niezasadny. Zgodnie z <xLexLink xArt="art. 560;art. 560 § 1" xIsapId="WDU19640160093" xTitle="Ustawa z dnia 23 kwietnia 1964 r. - Kodeks cywilny" xAddress="Dz. U. z 1964 r. Nr 16, poz. 93">art. 560§1 k.c.</xLexLink> jeżeli rzecz sprzedana ma wady kupujący może od umowy odstąpić albo żądać obniżenia ceny. Rękojmia za wady fizyczny ma charakter odpowiedzialności absolutnej, czyli takiej od której nie można się zwolnić, a nadto oparta jest na zasadzie ryzyka. Powyższe oznacza, iż wystarczającą przesłanką faktyczną dla uruchomienia odpowiedzialności sprzedawcy, po wykonaniu zobowiązania, jest ustalenie, że wydana i odebrana przez kupującego rzecz wykazuje cechy kwalifikujące ją w danym stosunku prawnym jako rzecz wadliwą. Dokonując oceny wady fizycznej rzeczy decydujące znaczenie ma kryterium funkcjonalne, obejmujące przeznaczenie rzeczy oraz jej użyteczność i właściwości, o których istnieniu zapewniał sprzedawca (por. wyrok Sądu Najwyższego - Izba Cywilna z dnia 5 marca 2010 r. IV CNP 76/2009 LexPolonica nr 3034463).</xText>
          <xText>Sąd Apelacyjny w pełni podziela stanowisko Sądu I instancji w zakresie stwierdzenia, iż budynek stanowiący część składową nieruchomości w dniu jej nabycia przez powodów, tj. 24 maja 2010 roku posiadał liczne wady, będące wadami konstrukcyjnymi a jego stan odbiegał jakościowo od stanu budynku wykonanego w technologii tradycyjnej w latach 60-tych XX wieku. Stwierdzenie tych wad wymagało wiedzy specjalnej i zostało dokonane przez Sąd w oparciu o opinię biegłego <xAnon>B. P. (2)</xAnon>, której walorów dowodowych pozwani skutecznie nie podważyli. Z opinii tej wynikało, że zły stan techniczny budynku pozwanych nie był wynikiem normalnego zużycia ale wynikał z błędów (wad) konstrukcyjnych i materiałowych. Stwierdzone przez Sąd wady przedmiotowego budynku wpływały na jego wartość i co za tym idzie na jego cenę. Podczas oglądania nieruchomości powodowie informowali o charakterze prac które chcą wykonać, w szczególności otwarciu przestrzeni na parterze i utworzeniu trzech, zamiast dwóch sypiali na poddaszu. Kwestia ta nie budzi wątpliwości, bowiem zostaje potwierdzona zeznaniami <xAnon>A. D.</xAnon>. Pozwany zapewniał wówczas powodów, iż nie są mu znane żadne przeszkody dla dokonania takiego remontu. Wbrew zarzutom pozwanych bez znaczenia jest to, że mieszkali oni w przedmiotowym budynku przez kilka lat. Nawet jeśli ustalone przez Sad Okręgowy wady budynku nie ujawniły się wówczas, to tkwiły w nim ograniczając sposób jego użytkowania. Znamienne jest, iż pozwani tylko w niewielkim zakresie korzystali z poddasza domu, gdzie znajdowała się nieznaczna ilość lekkich mebli, oznacza, iż pozwani nie chcieli nadwyrężać konstrukcji domu.</xText>
          <xText>Zgodnie z powyższym, wobec stwierdzenia faktu istnienia w budynku wad, powodom przysługiwało roszczenie z tytułu rękojmi za wady fizyczne o obniżenie ceny z <xLexLink xArt="art. 560;art. 560 § 3" xIsapId="WDU19640160093" xTitle="Ustawa z dnia 23 kwietnia 1964 r. - Kodeks cywilny" xAddress="Dz. U. z 1964 r. Nr 16, poz. 93">art. 560 § 3 kc</xLexLink>, które winno być dokonane stosunkowo. Sąd I instancji zgodnie zatem z tym przepisem ustalił, z pomocą biegłego, proporcję między wartością nieruchomości zabudowanej budynkiem mieszkalnym wolnym od wad, a jego wartością rzeczywistą, czyli ustaloną z uwzględnieniem istniejących wad (por. Wyrok Sądu Najwyższego - Izba Cywilna z dnia 14 grudnia 2001 r. V CKN 561/2000 LexPolonica nr 384117). Wartość ta pomnożona przez cenę sprzedaży udziału każdego z powodów dała kwotę 73.340 zł, będącą jedną ze składników zasądzonej przez Sąd I instancji kwoty.</xText>
          <xText>Mając powyższe okoliczności na względzie Sąd Apelacyjny, na zasadzie <xLexLink xArt="art. 385" xIsapId="WDU19640430296" xTitle="Ustawa z dnia 17 listopada 1964 r. - Kodeks postępowania cywilnego" xAddress="Dz. U. z 1964 r. Nr 43, poz. 296">art. 385 k.p.c.</xLexLink> oddalił apelację jako bezzasadną.</xText>
          <xText>O kosztach postępowania apelacyjnego Sąd Apelacyjny orzekł na zasadzie <xLexLink xArt="art. 98;art. 98 § 1" xIsapId="WDU19640430296" xTitle="Ustawa z dnia 17 listopada 1964 r. - Kodeks postępowania cywilnego" xAddress="Dz. U. z 1964 r. Nr 43, poz. 296">art. 98§1 k.p.c.</xLexLink> w zw. z <xLexLink xArt="art. 99" xIsapId="WDU19640430296" xTitle="Ustawa z dnia 17 listopada 1964 r. - Kodeks postępowania cywilnego" xAddress="Dz. U. z 1964 r. Nr 43, poz. 296">art. 99 k.p.c.</xLexLink> oraz <xLexLink xArt="art. 99 § 6;art. 99 § 6 pkt. 6" xIsapId="WDU19640430296" xTitle="Ustawa z dnia 17 listopada 1964 r. - Kodeks postępowania cywilnego" xAddress="Dz. U. z 1964 r. Nr 43, poz. 296">§ 6 pkt 6</xLexLink> w zw. z <xLexLink xArt="§ 12;§ 12 ust. 1;§ 12 ust. 1 pkt. 2" xIsapId="WDU20021631349" xTitle="Rozporządzenie Ministra Sprawiedliwości z dnia 28 września 2002 r. w sprawie opłat za czynności radców prawnych oraz ponoszenia przez Skarb Państwa kosztów pomocy prawnej udzielonej przez radcę prawnego ustanowionego z urzędu" xAddress="Dz. U. z 2002 r. Nr 163, poz. 1349">§ 12 ust. 1 pkt 2 rozporządzenia z dnia 28 września 2002 r. w sprawie opłat za czynności radców prawnych oraz ponoszenia przez Skarb Państwa kosztów pomocy prawnej udzielonej przez radcę prawnego ustanowionego z urzędu</xLexLink> (Dz.U. nr 163 poz. 1349 z późn.zm.).</xText>
        </xUnit>
      </xBlock>
    </xPart>
  </judgement>
<judgement id="153005000002506_V_Ka_000601_2013_Uz_2013-07-30_001">
    <xPart xEditorFullName="Magdalena Dudak" xYear="2013" xLang="PL" xPublisherFullName="Magdalena Dudak" xFromPg="1" xEditor="mdudak01" xVolType="15/300500/0002506/Ka" xPublisher="mdudak01" xDocType="Uz" xVolNmbr="000601" xVersion="1.0" xToPage="17" xFlag="published">
      <xName>Wyrok+Uzasadnienie</xName>
      <xBlock>
        <xText>
          <xBx>Sygn. akt V Ka 601/13 </xBx>
        </xText>
        
        <xUnit xIsTitle="true" xBold="true" xType="part">
          <xName>WYROK</xName>
          <xTitle>W IMIENIU RZECZYPOSPOLITEJ POLSKIEJ</xTitle>
          <xText xALIGNx="center">Dnia 30 lipca 2013r.</xText>
          
          <xText>Sąd Okręgowy w Lublinie V Wydział Karny - Odwoławczy</xText>
          
          <xText>w składzie<xBx>: Przewodniczący : SSO Wiesław Pastuszak</xBx></xText>
          <xText>
            <xBx>Sędziowie : SO Artur Makuch (spr.)</xBx>
          </xText>
          <xText>
            <xBx> SO Dorota Janicka</xBx>
          </xText>
          
          <xText>Protokolant: sekr.sądowy Katarzyna Mokiejewska</xText>
          
          <xText>przy udziale Prokuratora Mirosławy Banach</xText>
          <xText>po rozpoznaniu w dniu 30 lipca 2013r.</xText>
          <xText>sprawy <xBx><xAnon>D. S.</xAnon></xBx></xText>
          <xText>oskarżonego o przestępstwo z <xLexLink xArt="art. 226;art. 226 § 1" xIsapId="WDU19970880553" xTitle="Ustawa z dnia 6 czerwca 1997 r. - Kodeks karny" xAddress="Dz. U. z 1997 r. Nr 88, poz. 553">art. 226 § 1 k.k.</xLexLink>, <xLexLink xArt="art. 224;art. 224 § 2" xIsapId="WDU19970880553" xTitle="Ustawa z dnia 6 czerwca 1997 r. - Kodeks karny" xAddress="Dz. U. z 1997 r. Nr 88, poz. 553">art. 224 § 2 k.k.</xLexLink></xText>
          <xText>na skutek apelacji wniesionych przez prokuratora oraz obrońcę oskarżonego</xText>
          <xText>od wyroku Sądu Rejonowego Lublin - Zachód w Lublinie</xText>
          <xText>z dnia 21 lutego 2013r. <xBx>sygn. akt III K 363/12</xBx></xText>
          
          <xText>uchyla zaskarżony wyrok i sprawę <xAnon>D. S.</xAnon> przekazuje Sądowi Rejonowemu Lublin – Zachód w Lublinie do ponownego rozpoznania.</xText>
          
          <xText>V Ka 601/13</xText>
        </xUnit>
        <xUnit xIsTitle="true" xBold="true" xType="part">
          <xName>UZASADNIENIE</xName>
          <xText><xUx>
    
    
      Prokurator Rejonowy Lublin – Północ w Lublinie
    </xUx> oskarżył <xAnon>D. S.</xAnon> o to, że:</xText>
          <xUnit xIsTitle="false" xType="none">
            <xName xSffx=".">I</xName>
            <xText>w dniu 16 listopada 2011 r. używając sów wulgarnych, powszechnie uznawanych za obelżywe, znieważył funkcjonariusza Straży Miejskiej <xAnon>A. G.</xAnon> podczas i w związku z pełnieniem przez wyżej wymienionego obowiązków służbowych, tj. o czyn z <xLexLink xArt="art. 226;art. 226 § 1" xIsapId="WDU19970880553" xTitle="Ustawa z dnia 6 czerwca 1997 r. - Kodeks karny" xAddress="Dz. U. z 1997 r. Nr 88, poz. 553">art. 226 § 1 k.k.</xLexLink></xText>
          </xUnit>
          <xUnit xIsTitle="false" xType="none">
            <xName xSffx=".">II</xName>
            <xText>w czasie i miejscu, jak w pkt I, przemocą polegającą na wyrywaniu się, szarpaniu, uderzaniu zmuszał funkcjonariusza Straży Miejskiej <xAnon>A. G.</xAnon> do zaniechania prawnej czynności służbowej zatrzymania, tj. o czyn z <xLexLink xArt="art. 224;art. 224 § 2" xIsapId="WDU19970880553" xTitle="Ustawa z dnia 6 czerwca 1997 r. - Kodeks karny" xAddress="Dz. U. z 1997 r. Nr 88, poz. 553">art. 224 § 2 k.k.</xLexLink></xText>
          </xUnit>
          
          <xText><xUx>Wyrokiem z dnia 21 lutego 2013 r. Sąd Rejonowy Lublin – Zachód w Lublinie</xUx>:</xText>
          <xUnit xIsTitle="false" xType="none">
            <xName xSffx=".">1</xName>
            <xText>uznał oskarżonego <xAnon>D. S.</xAnon> za winnego dokonania czynu zarzucanego mu w pkt I aktu oskarżenia, tj. przestępstwa z <xLexLink xArt="art. 226;art. 226 § 1" xIsapId="WDU19970880553" xTitle="Ustawa z dnia 6 czerwca 1997 r. - Kodeks karny" xAddress="Dz. U. z 1997 r. Nr 88, poz. 553">art. 226 § 1 k.k.</xLexLink> i za to na podstawie <xLexLink xArt="art. 226;art. 226 § 1" xIsapId="WDU19970880553" xTitle="Ustawa z dnia 6 czerwca 1997 r. - Kodeks karny" xAddress="Dz. U. z 1997 r. Nr 88, poz. 553">art. 226 § 1 k.k.</xLexLink> skazał go na karę 4 miesięcy pozbawienia wolności;</xText>
          </xUnit>
          <xUnit xIsTitle="false" xType="none">
            <xName xSffx=".">2</xName>
            <xText>uznał oskarżonego za winnego dokonania czynu zarzucanego mu w pkt II aktu oskarżenia, tj. przestępstwa z <xLexLink xArt="art. 224;art. 224 § 2" xIsapId="WDU19970880553" xTitle="Ustawa z dnia 6 czerwca 1997 r. - Kodeks karny" xAddress="Dz. U. z 1997 r. Nr 88, poz. 553">art. 224 § 2 k.k.</xLexLink> i za to na podstawie <xLexLink xArt="art. 224;art. 224 § 2" xIsapId="WDU19970880553" xTitle="Ustawa z dnia 6 czerwca 1997 r. - Kodeks karny" xAddress="Dz. U. z 1997 r. Nr 88, poz. 553">art. 224 § 2 k.k.</xLexLink> skazał go na karę 6 miesięcy pozbawienia wolności;</xText>
          </xUnit>
          <xUnit xIsTitle="false" xType="none">
            <xName xSffx=".">3</xName>
            <xText>na podstawie <xLexLink xArt="art. 85" xIsapId="WDU19970880553" xTitle="Ustawa z dnia 6 czerwca 1997 r. - Kodeks karny" xAddress="Dz. U. z 1997 r. Nr 88, poz. 553">art. 85 k.k.</xLexLink> i <xLexLink xArt="art. 86;art. 86 § 1" xIsapId="WDU19970880553" xTitle="Ustawa z dnia 6 czerwca 1997 r. - Kodeks karny" xAddress="Dz. U. z 1997 r. Nr 88, poz. 553">art. 86 § 1 k.k.</xLexLink> orzeczone wobec oskarżonego jednostkowe kary pozbawienia wolności połączył i wymierzył mu karę łączną 9 miesięcy pozbawienia wolności;</xText>
          </xUnit>
          <xUnit xIsTitle="false" xType="none">
            <xName xSffx=".">4</xName>
            <xText>na podstawie <xLexLink xArt="art. 69;art. 69 § 1;art. 69 § 2" xIsapId="WDU19970880553" xTitle="Ustawa z dnia 6 czerwca 1997 r. - Kodeks karny" xAddress="Dz. U. z 1997 r. Nr 88, poz. 553">art. 69 § 1 i 2 k.k.</xLexLink> i <xLexLink xArt="art. 70;art. 70 § 1;art. 70 § 1 pkt. 1" xIsapId="WDU19970880553" xTitle="Ustawa z dnia 6 czerwca 1997 r. - Kodeks karny" xAddress="Dz. U. z 1997 r. Nr 88, poz. 553">art. 70 § 1 pkt 1 k.k.</xLexLink> wykonanie orzeczonej wobec oskarżonego kary łącznej pozbawienia wolności warunkowo zawiesił na okres próby wynoszący 3 lata;</xText>
          </xUnit>
          <xUnit xIsTitle="false" xType="none">
            <xName xSffx=".">5</xName>
            <xText>na podstawie <xLexLink xArt="art. 71;art. 71 § 1" xIsapId="WDU19970880553" xTitle="Ustawa z dnia 6 czerwca 1997 r. - Kodeks karny" xAddress="Dz. U. z 1997 r. Nr 88, poz. 553">art. 71 § 1 k.k.</xLexLink> orzekł wobec oskarżonego karę grzywny w wysokości 60 stawek dziennych, ustalając wysokość jednej stawki dziennej na kwotę 15 zł;</xText>
          </xUnit>
          <xUnit xIsTitle="false" xType="none">
            <xName xSffx=".">6</xName>
            <xText>na podstawie <xLexLink xArt="art. 63;art. 63 § 1" xIsapId="WDU19970880553" xTitle="Ustawa z dnia 6 czerwca 1997 r. - Kodeks karny" xAddress="Dz. U. z 1997 r. Nr 88, poz. 553">art. 63 § 1 k.k.</xLexLink> na poczet orzeczonej kary grzywny zaliczył oskarżonemu okres zatrzymania w dniu 16.11.2011 r., przy czym jeden dzień zatrzymania równa się dwóm dziennym stawkom grzywny;</xText>
          </xUnit>
          <xUnit xIsTitle="false" xType="none">
            <xName xSffx=".">7</xName>
            <xText>zasądził od oskarżonego na rzecz Skarbu Państwa kwotę 270 zł tytułem opłaty, zwolnił go od ponoszenia wydatków, które przejął na rachunek Skarbu Państwa.</xText>
          </xUnit>
          
          <xText><xUx>
    
      Powyższy wyrok zaskarżyli</xUx>: Prokurator Rejonowy Lublin – Północ w Lublanie oraz obrońca oskarżonego <xAnon>D. S.</xAnon>.</xText>
          <xText><xUx>Prokurator</xUx> wskazując, że zaskarżą wyrok w całości na niekorzyść oskarżonego i powołując się na treść <xLexLink xArt="art. 438;art. 438 pkt. 2;art. 438 pkt. 3" xIsapId="WDU19970890555" xTitle="Ustawa z dnia 6 czerwca 1997 r. - Kodeks postępowania karnego" xAddress="Dz. U. z 1997 r. Nr 89, poz. 555">art. 438 pkt 2 i 3 k.p.k.</xLexLink> rozstrzygnięciu temu zarzucił:</xText>
          <xUnit xIsTitle="false" xType="none">
            <xName xSffx=".">1</xName>
            <xText>obrazę przepisów postępowania, mającą wpływ na treść orzeczenia, a to przepisu <xLexLink xArt="art. 413;art. 413 § 2" xIsapId="WDU19970890555" xTitle="Ustawa z dnia 6 czerwca 1997 r. - Kodeks postępowania karnego" xAddress="Dz. U. z 1997 r. Nr 89, poz. 555">art. 413 § 2 k.p.k.</xLexLink> poprzez nie wskazanie w opisach czynów przypisanych oskarżonemu miejsca ich popełnienia,</xText>
          </xUnit>
          <xUnit xIsTitle="false" xType="none">
            <xName xSffx=".">2</xName>
            <xText>błąd w ustaleniach faktycznych przyjętych za podstawę orzeczenia, mający wpływ na jego treść poprzez nie przyjęcie, iż czyn zarzucany oskarżonemu w pkt 2 aktu oskarżenia wyczerpuje kumulatywnie znamiona przepisu <xLexLink xArt="art. 224;art. 224 § 2" xIsapId="WDU19970880553" xTitle="Ustawa z dnia 6 czerwca 1997 r. - Kodeks karny" xAddress="Dz. U. z 1997 r. Nr 88, poz. 553">art. 224 § 2 k.k.</xLexLink> i <xLexLink xArt="art. 222;art. 222 § 1" xIsapId="WDU19970880553" xTitle="Ustawa z dnia 6 czerwca 1997 r. - Kodeks karny" xAddress="Dz. U. z 1997 r. Nr 88, poz. 553">art. 222 § 1 k.k.</xLexLink></xText>
          </xUnit>
          <xText>Podnosząc te zarzuty skarżący wniósł o uchylenie zaskarżonego wyroku i przekazanie sprawy do ponownego rozpoznania.</xText>
          
          <xText>Natomiast <xUx>obrońca oskarżonego,</xUx> również zaskarżając powyższy wyrok w całości i powołując się na treść <xLexLink xArt="art. 438;art. 438 pkt. 2;art. 438 pkt. 3" xIsapId="WDU19970890555" xTitle="Ustawa z dnia 6 czerwca 1997 r. - Kodeks postępowania karnego" xAddress="Dz. U. z 1997 r. Nr 89, poz. 555">art. 438 pkt 2 i 3 k.p.k.</xLexLink> zaskarżonemu orzeczeniu zarzucił:</xText>
          <xUnit xIsTitle="false" xType="none">
            <xName xSffx=".">I</xName>
            <xText>obrazę przepisów postępowania mającą wpływ na treść orzeczenia, a mianowicie:</xText>
            <xEnum>
              <xBullet>⚫</xBullet>
              <xEnumElem>
                <xText><xLexLink xArt="art. 5;art. 5 § 2;art. 5 § 7;art. 5 § 92;art. 5 § 410;art. 5 § 424;art. 5 § 1;art. 5 § 1 pkt. 1" xIsapId="WDU19970890555" xTitle="Ustawa z dnia 6 czerwca 1997 r. - Kodeks postępowania karnego" xAddress="Dz. U. z 1997 r. Nr 89, poz. 555">art. 5 § 2, 7, 92, 410, 424 § 1 pkt 1 k.p.k.</xLexLink> polegającą na oparciu rozstrzygnięcia o winie oskarżonego tylko na części dowodów obciążających, bez krytycznej ich oceny z przeciwnymi, dowolnej, a nie swobodnej ich ocenie oraz rozstrzygnięciu nie dających się usunąć wątpliwości na niekorzyść oskarżonego,</xText>
              </xEnumElem>
              <xEnumElem>
                <xText>obrazę <xLexLink xArt="art. 4" xIsapId="WDU19970890555" xTitle="Ustawa z dnia 6 czerwca 1997 r. - Kodeks postępowania karnego" xAddress="Dz. U. z 1997 r. Nr 89, poz. 555">art. 4 k.p.k.</xLexLink>, <xLexLink xArt="art. 7" xIsapId="WDU19970890555" xTitle="Ustawa z dnia 6 czerwca 1997 r. - Kodeks postępowania karnego" xAddress="Dz. U. z 1997 r. Nr 89, poz. 555">art. 7 k.p.k.</xLexLink> oraz <xLexLink xArt="art. 410" xIsapId="WDU19970890555" xTitle="Ustawa z dnia 6 czerwca 1997 r. - Kodeks postępowania karnego" xAddress="Dz. U. z 1997 r. Nr 89, poz. 555">art. 410 k.p.k.</xLexLink> w zw. z <xLexLink xArt="art. 2;art. 2 § 2" xIsapId="WDU19970890555" xTitle="Ustawa z dnia 6 czerwca 1997 r. - Kodeks postępowania karnego" xAddress="Dz. U. z 1997 r. Nr 89, poz. 555">art. 2 § 2 k.p.k.</xLexLink> polegającą na dowolnej i jednostronnej ocenie całości materiału dowodowego zgromadzonego w sprawie, dokonanej w sposób sprzeczny z zasadami logiki i doświadczenia życiowego, a przejawiającą się w szczególności w obdarzeniu wiarą jedynego bezpośredniego dowodu niekorzystnego dla oskarżonego, tj. zeznań <xAnon>A. G.</xAnon> przy jednoczesnym niezasadnym odmówieniu wiary dowodom bezsprzecznie korzystnym dla <xAnon>D. S.</xAnon>, poprzez:</xText>
                <xEnum>
                  <xBullet>-</xBullet>
                  <xEnumElem>
                    <xText>obdarzenie walorem wiarygodności zeznań pokrzywdzonego w sytuacji, gdy nie korespondują one z pozostałymi dowodami takimi jak wyjaśnienia oskarżonego,</xText>
                  </xEnumElem>
                  <xEnumElem>
                    <xText>zupełne zbagatelizowanie przez Sąd zeznań <xAnon>G. M.</xAnon>, <xAnon>Z. M.</xAnon> uznając je za nieistotne dla ustalenia, w jaki sposób oskarżony zachowywał się podczas interwencji, co prowadzi do przekonania, że właściwa ocena powyższych zeznań niewątpliwie winna mieć wpływ na weryfikację wiarygodności zeznań pokrzywdzonego;</xText>
                  </xEnumElem>
                </xEnum>
              </xEnumElem>
            </xEnum>
          </xUnit>
          <xUnit xIsTitle="false" xType="none">
            <xName xSffx=".">II</xName>
            <xText>błąd w ustaleniach faktycznych przyjętych za podstawę orzeczenia polegający na uznaniu, iż oskarżony dopuścił się zarzucanych mu aktem oskarżenia czynów, w sytuacji gdy prawidłowa analiza całokształtu materiału dowodowego zgromadzonego w sprawie niniejszej wskazuje, iż brak jest danych dostatecznie uzasadniających powyższe stwierdzenie.</xText>
          </xUnit>
          <xText>Podnosząc te zarzuty obrońca wniósł o:</xText>
          <xEnum>
            <xBullet>⚫</xBullet>
            <xEnumElem>
              <xText>uchylenie zaskarżonego wyroku i przekazanie sprawy do ponownego rozstrzygnięcia Sądowi I instancji</xText>
            </xEnumElem>
          </xEnum>
          <xText>lub</xText>
          <xEnum>
            <xBullet>⚫</xBullet>
            <xEnumElem>
              <xText>zmianę zaskarżonego wyroku i uniewinnienie oskarżonego od zarzucanego mu czynu.</xText>
            </xEnumElem>
          </xEnum>
          
          <xText>
            <xBx><xUx>Sąd Okręgowy zważył co następuje</xUx>
         :</xBx>
          </xText>
          
          <xText>Obydwie apelacje, pomimo że na tle podniesionych w ich treści zarzutów oraz zaprezentowanych twierdzeń i argumentów, bez wątpienia mogą nasuwać się pewne krytyczne uwagi, zaś skarżący wyraźnie nie dostrzegają wszystkich zaistniałych uchybień, są jednak zasadne w zakresie, w jakim wskazując na wadliwą, nie pozostającą pod ochroną <xLexLink xArt="art. 7" xIsapId="WDU19970890555" xTitle="Ustawa z dnia 6 czerwca 1997 r. - Kodeks postępowania karnego" xAddress="Dz. U. z 1997 r. Nr 89, poz. 555">art. 7 k.p.k.</xLexLink> ocenę dowodów, poczynienie niepełnych, a przy tym budzących istotne wątpliwości ustaleń faktycznych, wreszcie zaś sporządzenie wyroku w sposób nie respektujący wymogów określonych w <xLexLink xArt="art. 413" xIsapId="WDU19970890555" xTitle="Ustawa z dnia 6 czerwca 1997 r. - Kodeks postępowania karnego" xAddress="Dz. U. z 1997 r. Nr 89, poz. 555">art. 413 k.p.k.</xLexLink>, domagają się uchylenia zapadłego rozstrzygnięcia i przekazanie sprawy niniejszej Sądowi I instancji do ponownego rozpoznania.</xText>
          <xText>Odnosząc się w pierwszej kolejności do apelacji wywiedzionej przez oskarżyciela publicznego stwierdzić należy, iż co do istoty, jest ona oczywiście zasadna. Rację ma bowiem bez wątpienia Prokurator podnosząc, że ferując wyrok Sąd Rejonowy zupełnie bezkrytycznie uznał oskarżonego za winnego popełnienia czynów dokładnie w takiej postaci, w jakiej określał to akt oskarżenia. Skutkiem tego, przypisując czyn określony w pkt I, a wobec redakcji zarzutów, również i w pkt II, Sąd meriti nie określił miejsca popełnienia przez <xAnon>D. S.</xAnon> czynów będących przedmiotem tej sprawy. Tym samym organ ten, ewidentnie na skutek nie zachowania należytej staranności i uwagi przy ferowaniu końcowego rozstrzygnięcia, dopuścił się oczywistej obrazy <xLexLink xArt="art. 413;art. 413 § 2;art. 413 § 2 pkt. 1" xIsapId="WDU19970890555" xTitle="Ustawa z dnia 6 czerwca 1997 r. - Kodeks postępowania karnego" xAddress="Dz. U. z 1997 r. Nr 89, poz. 555">art. 413 § 2 pkt 1 k.p.k.</xLexLink>, który to przepis wyraźnie wymaga w szczególności dokładnego określenia w wyroku skazującym przypisanego oskarżonemu czynu. Zdaniem Sądu Okręgowego nie może zaś ulegać jakiejkolwiek wątpliwości, że dla spełnienia tego wymogu niezbędne jest nie tylko wskazanie w szczególności czasu, lecz również miejsca popełnienia czynu wyczerpującego ustawowe znamiona przestępstwa. Ostatniego z tych elementów, decydującego choćby o właściwości Sądu, a w pewnych przypadkach również o tym czy dane zachowanie w ogóle może pociągać za sobą odpowiedzialność karną (z uwagi np. na treść <xLexLink xArt="art. 111;art. 111 § 1" xIsapId="WDU19970880553" xTitle="Ustawa z dnia 6 czerwca 1997 r. - Kodeks karny" xAddress="Dz. U. z 1997 r. Nr 88, poz. 553">art. 111 § 1 k.k.</xLexLink>) sporządzony w niniejszej sprawie wyrok nie zawiera, co uznać należy za jego istotny mankament. Jednocześnie przypomnieć należy, iż na obowiązek zawarcia w opisie czynu m.in. miejsca popełnienia przestępstwa, zwracano również i to niejednokrotnie uwagę w orzecznictwie. I tak np. w wyroku z dnia 26.01.2012 r. (IV KK 326/11, Prok.i Pr.-wkł. 2012/7-8/11) Sąd Najwyższy stwierdził, że <xIx>wyrokowe ustalenie czynu przypisanego powinno obejmować wszystkie elementy czynu mające znaczenie dla prawidłowej kwalifikacji prawnej, zatem powinno zawierać wskazanie czasu i miejsca jego popełnienia oraz wszystkie elementy zachowania sprawcy wypełniające ustawowe znamiona czynu zabronionego</xIx>. Analogiczne stanowisko wyraził również Sąd Apelacyjny w Lublinie (wyrok z dnia 13.10.2008 r., II AKa 236/08, KZS 2009/2/55) stwierdzając, iż <xIx>wynikający z <xLexLink xArt="art. 413;art. 413 § 2;art. 413 § 2 pkt. 1" xIsapId="WDU19970890555" xTitle="Ustawa z dnia 6 czerwca 1997 r. - Kodeks postępowania karnego" xAddress="Dz. U. z 1997 r. Nr 89, poz. 555">art. 413 § 2 pkt 1 k.p.k.</xLexLink> obowiązek dokładnego określenia przypisanego oskarżonemu czynu oznacza, że w opisie tym należy zawrzeć te elementy, które należą do jego istoty, a więc dotyczące podmiotu czynu, rodzaju atakowanego dobra, czasu, miejsca i sposobu popełnienia czynu oraz jego skutków, zwłaszcza rodzaju i wysokości szkody</xIx>.</xText>
          <xText>Zgodzić się również należy z poglądem oskarżyciela publicznego wynikającym z zarzutu podniesionego w pkt II jego apelacji i to pomimo niewątpliwego faktu, iż sposób jego sformułowania budzi zastrzeżenia. Pierwsza jego część nie pozostawia bowiem wątpliwości, iż wyraźną intencją skarżącego jest podniesienie uchybienia określonego w <xLexLink xArt="art. 438;art. 438 pkt. 3" xIsapId="WDU19970890555" xTitle="Ustawa z dnia 6 czerwca 1997 r. - Kodeks postępowania karnego" xAddress="Dz. U. z 1997 r. Nr 89, poz. 555">art. 438 pkt 3 k.p.k.</xLexLink> Jednocześnie jednak wskazanie, iż polegało ono na nie przyjęciu, że czyn przypisany w pkt 2 wyczerpuje również znamiona występku opisanego w <xLexLink xArt="art. 222;art. 222 § 1" xIsapId="WDU19970880553" xTitle="Ustawa z dnia 6 czerwca 1997 r. - Kodeks karny" xAddress="Dz. U. z 1997 r. Nr 88, poz. 553">art. 222 § 1 k.k.</xLexLink> budzi wątpliwości czy rzeczywistym zamiarem skarżącego nie było przypadkiem postawienie zarzutu obrazy prawa materialnego, bądź też <xLexLink xArt="art. 413;art. 413 § 1;art. 413 § 1 pkt. 6;art. 413 § 2;art. 413 § 2 pkt. 1" xIsapId="WDU19970890555" xTitle="Ustawa z dnia 6 czerwca 1997 r. - Kodeks postępowania karnego" xAddress="Dz. U. z 1997 r. Nr 89, poz. 555">art. 413 § 1 pkt 6 i § 2 pkt 1 k.p.k.</xLexLink> Rozstrzygnięcie tego dylematu jest jednak możliwe przy uwzględnieniu również treści uzasadnienia środka odwoławczego i w konsekwencji odczytania zarzutu poprzez pryzmat zawartych tam twierdzeń. Prokurator wskazał w nim bowiem, już tym razem wyraźnie, iż jego celem było wykazanie, iż Sąd Rejonowy w opisie czynu przypisanego <xAnon>D. S.</xAnon> w pkt 2 winien był zawrzeć, a zatem poczynić ustalenie faktyczne, jednoznacznie wskazujące, iż zachowanie oskarżonego, tj. stosowana przemoc, polegająca w szczególności na zadawaniu uderzeń funkcjonariuszowi publicznemu, miało miejsce podczas i w związku z pełnieniem przez tego ostatniego obowiązków służbowych. To zaś z kolei uzasadniało, zdaniem skarżącego uznanie, że czyn ten wyczerpuje kumulatywnie dyspozycję <xLexLink xArt="art. 224;art. 224 § 2" xIsapId="WDU19970880553" xTitle="Ustawa z dnia 6 czerwca 1997 r. - Kodeks karny" xAddress="Dz. U. z 1997 r. Nr 88, poz. 553">art. 224 § 2 k.k.</xLexLink> i <xLexLink xArt="art. 222;art. 222 § 1" xIsapId="WDU19970880553" xTitle="Ustawa z dnia 6 czerwca 1997 r. - Kodeks karny" xAddress="Dz. U. z 1997 r. Nr 88, poz. 553">art. 222 § 1 k.k.</xLexLink> Pogląd ten uznać należy za zasadny, co z kolei prowadzi do wniosku, iż w środku odwoławczym, postrzeganym jako całość, Prokurator podniósł rzeczywiste uchybienie, jakiego dopuścił się ferując wyrok Sąd meriti.</xText>
          <xText>Formułując ten pogląd przypomnieć należy, iż w sprawie niniejszej nie ulega wątpliwości, że w dniu 16 listopada 2011 r., czasie zajścia, do jakiego doszło pomiędzy oskarżonym a funkcjonariuszami Straży Miejskiej, ci ostatni wykonywali swe czynności służbowe. Jednocześnie Sąd I instancji ustalił, że zachowanie <xAnon>D. S.</xAnon> miało na celu zmuszenie ich do zaniechania ich wykonywania, a zatem podjęte było nie tylko w czasie, lecz również w związku z nimi, zaś polegało między innymi na zadawaniu uderzeń, a zatem bez wątpienia naruszaniu nietykalności cielesnej. Przy tak ustalonych przez Sąd meriti faktach, opisanych zresztą w uzasadnieniu zaskarżonego wyroku, nie sposób skutecznie zanegować poglądu Prokuratora, iż wszystkie wskazane powyżej elementy winny zostać wyraźnie przytoczone w opisie przypisanego sprawcy czynu, czego konsekwencją winno być z kolei przyjęcie kumulatywnej kwalifikacji prawnej jego zachowania. Jak podkreśla się bowiem w literaturze (np. M. Kulik, Komentarz do art. 224 k.k., Lex) jednym z typowych sposobów realizacji znamion omawianego czynu jest naruszenie nietykalności cielesnej funkcjonariusza (<xLexLink xArt="art. 222;art. 222 § 1" xIsapId="WDU19970880553" xTitle="Ustawa z dnia 6 czerwca 1997 r. - Kodeks karny" xAddress="Dz. U. z 1997 r. Nr 88, poz. 553">art. 222 § 1</xLexLink>) lub czynna napaść na funkcjonariusza (<xLexLink xArt="art. 223" xIsapId="WDU19970880553" xTitle="Ustawa z dnia 6 czerwca 1997 r. - Kodeks karny" xAddress="Dz. U. z 1997 r. Nr 88, poz. 553">art. 223</xLexLink>). Jednak nie jest to sposób jedynie możliwy. Dlatego w takim wypadku należy zastosować kwalifikację kumulatywną. Analogiczne zapatrywanie wyrażane jest również od szeregu lat w orzecznictwie. Już bowiem w wyroku z dnia 27.02.1990 r. (WR 47/90, OSNKW 1991/1-3/7) Sąd Najwyższy wskazał, że <xIx>jeżeli sprawca przestępstwa określonego w <xLexLink xArt="art. 235" xIsapId="WDU19970880553" xTitle="Ustawa z dnia 6 czerwca 1997 r. - Kodeks karny" xAddress="Dz. U. z 1997 r. Nr 88, poz. 553">art. 235 k.k.</xLexLink> używa wobec funkcjonariusza MO przemocy przedstawiającej się jako czynna napaść, to działanie takie należy kwalifikować na podstawie <xLexLink xArt="art. 234;art. 234 § 1" xIsapId="WDU19970880553" xTitle="Ustawa z dnia 6 czerwca 1997 r. - Kodeks karny" xAddress="Dz. U. z 1997 r. Nr 88, poz. 553">art. 234 § 1 k.k.</xLexLink> w zb. z </xIx><xLexLink xArt="art. 235" xIsapId="WDU19970880553" xTitle="Ustawa z dnia 6 czerwca 1997 r. - Kodeks karny" xAddress="Dz. U. z 1997 r. Nr 88, poz. 553"><xIx>art. 235 k.k</xIx>.</xLexLink> Identyczne stanowisko zajął również Sąd Apelacyjny w Katowicach (wyrok z dnia 9.10.2003 r., II AKa 259/03, KZS 2004/2/41) stwierdzając, że <xIx>stosowanie kwalifikacji kumulatywnej z <xLexLink xArt="art. 11;art. 11 § 2" xIsapId="WDU19970880553" xTitle="Ustawa z dnia 6 czerwca 1997 r. - Kodeks karny" xAddress="Dz. U. z 1997 r. Nr 88, poz. 553">art. 11 § 2 k.k.</xLexLink> w wypadku wyczerpania przez oskarżonego znamion zarówno przepisu <xLexLink xArt="art. 222;art. 222 § 1" xIsapId="WDU19970880553" xTitle="Ustawa z dnia 6 czerwca 1997 r. - Kodeks karny" xAddress="Dz. U. z 1997 r. Nr 88, poz. 553">art. 222 § 1 k.k.</xLexLink>, jak i <xLexLink xArt="art. 224;art. 224 § 2" xIsapId="WDU19970880553" xTitle="Ustawa z dnia 6 czerwca 1997 r. - Kodeks karny" xAddress="Dz. U. z 1997 r. Nr 88, poz. 553">art. 224 § 2 k.k.</xLexLink> uzasadnione jest również tym, że czyn określony w <xLexLink xArt="art. 224;art. 224 § 2" xIsapId="WDU19970880553" xTitle="Ustawa z dnia 6 czerwca 1997 r. - Kodeks karny" xAddress="Dz. U. z 1997 r. Nr 88, poz. 553">art. 224 § 2 k.k.</xLexLink> jest przestępstwem formalnym bezskutkowym i uwzględnienie w kwalifikacji prawnej normy <xLexLink xArt="art. 222;art. 222 § 1" xIsapId="WDU19970880553" xTitle="Ustawa z dnia 6 czerwca 1997 r. - Kodeks karny" xAddress="Dz. U. z 1997 r. Nr 88, poz. 553">art. 222 § 1 k.k.</xLexLink> stanowi istotne dopełnienie prawnomaterialnej oceny podjętego przez sprawcę działania</xIx>. Za kumulatywną kwalifikacją prawną tego rodzaju zdarzeń opowiedział się również Sąd Apelacyjny w Białymstoku (wyrok z dnia 13.05.2003 r., II AKa 122/03, OSA 2003/11/108) przyjmując, że <xIx>kopanie i uderzanie funkcjonariuszy niewątpliwie powodowało naruszenie ich nietykalności a jednocześnie stanowiło przemoc zmierzającą do zmuszenia funkcjonariuszy do zaniechania prawnych czynności służbowych. Działanie sprawcy, polegające na zastosowaniu przemocy wiążącej się z naruszeniem nietykalności cielesnej funkcjonariusza lub osoby mu do pomocy przybranej, realizuje jednocześnie znamiona przestępstwa określonego w <xLexLink xArt="art. 224;art. 224 § 1;art. 224 § 2" xIsapId="WDU19970880553" xTitle="Ustawa z dnia 6 czerwca 1997 r. - Kodeks karny" xAddress="Dz. U. z 1997 r. Nr 88, poz. 553">art. 224 § 1 i § 2 k.k.</xLexLink> oraz w <xLexLink xArt="art. 222;art. 222 § 1" xIsapId="WDU19970880553" xTitle="Ustawa z dnia 6 czerwca 1997 r. - Kodeks karny" xAddress="Dz. U. z 1997 r. Nr 88, poz. 553">art. 222 § 1 k.k.</xLexLink>, stanowi jedno przestępstwo kwalifikowane z tych przepisów pozostających w zbiegu kumulatywnym (<xLexLink xArt="art. 11;art. 11 § 2" xIsapId="WDU19970880553" xTitle="Ustawa z dnia 6 czerwca 1997 r. - Kodeks karny" xAddress="Dz. U. z 1997 r. Nr 88, poz. 553">art. 11 § 2 k.k.</xLexLink>)</xIx>.</xText>
          <xText>Podzielając zatem, co do istoty, poglądy Prokuratora wyrażone w zarzutach odwoławczych jednocześnie zwrócić warto uwagę na dwie istotne kwestie. Przede wszystkim wskazać należy, iż popełnione przez Sąd meriti, a opisane powyżej błędy, są następstwem bezkrytycznego powielenia stanowiska Autora apelacji, które wyraził on we wniesionym akcie oskarżenia (zresztą nie zatwierdzonym w sposób zwyczajowo przyjęty). Fakt ten rzecz jasna w żadnej mierze nie usprawiedliwia Sądu I instancji, tym niemniej z pewnym ubolewaniem odnotować w tym miejscu wypada, iż tak oczywiste również i własne błędy, skarżący dostrzegł dopiero po wydaniu wyroku. Ponadto, skoro Prokurator nie widzi żadnych innych uchybień popełnionych w tej sprawie przez Sąd Rejonowy, to za zdecydowanie zbyt daleko idące i zupełnie niezrozumiałe uznać też należy podniesione w środku odwoławczym żądanie uchylenia zaskarżonego wyroku w całości i przekazania sprawy do ponownego rozpoznania. Tak sformułowany wniosek uznać należy, z punktu widzenia skarżącego za całkowicie nieracjonalny i naruszający reguły ekonomiki procesowej. Jeśli bowiem jego zdaniem jedynym uchybieniem, gdy idzie o czyn z pkt I, jest nie wskazanie miejsca jego popełnienia, to przecież nic nie stałoby na przeszkodzie by miejsce to określił Sąd II instancji, jako że z pewnością nie wymaga to dokonywania jakichkolwiek dodatkowych czynności dowodowych. W świetle obowiązujących przepisów możliwa byłaby również, zgodna z intencjami skarżącego, modyfikacja opisu i kwalifikacji prawnej czynu przypisanego <xAnon>D. S.</xAnon> w pkt 2, tym bardziej, że stosowne ustalenia poczynione już zostały przez Sąd I instancji w uzasadnieniu wyroku. Nie znalazły zaś one jedynie swego należytego odzwierciedlenia w treści samego rozstrzygnięcia. Ponadto skarżący, oczekując zmian w ustaleniach faktycznych, nie kwestionuje jednocześnie w żaden sposób rozstrzygnięcia o karze, nie żądając w szczególności jej zaostrzenia. Podkreślić przy tym trzeba, że wymierzone kary, przy przyjęciu wersji wynikającej z zeznań <xAnon>A. G.</xAnon> i <xAnon>K. M.</xAnon>, nie budzą też zastrzeżeń Sądu II instancji. Wreszcie zaś wskazać trzeba, że wprowadzeniu stosownych zmian w opisie i kwalifikacji czynu przypisanego w pkt 2 nie stoi również na przeszkodzie treść <xLexLink xArt="art. 455" xIsapId="WDU19970890555" xTitle="Ustawa z dnia 6 czerwca 1997 r. - Kodeks postępowania karnego" xAddress="Dz. U. z 1997 r. Nr 89, poz. 555">art. 455 k.p.k.</xLexLink>, który to przepis dotyczy poprawienia z urzędu kwalifikacji prawnej przez Sąd Odwoławczy, działający niezależnie od granic zaskarżenia i podniesionych zarzutów. Nie ulega zatem wątpliwości, iż przy tak sformułowanych zarzutach, Prokurator który bez wątpienia również powinien dbać o to, by sprawa rozstrzygnięta została w rozsądnym terminie, nie powinien domagać się od Sądu II instancji uchylenia zaskarżonego wyroku, lecz jedynie dokonania jego stosownej modyfikacji.</xText>
          <xText>Niestety omówione powyżej uchybienia nie wyczerpują listy błędów, jakich przy rozpoznawaniu tej sprawy dopuścił się Sąd Rejonowy. Rację ma bowiem również obrońca oskarżonego, iż zaprezentowana w pisemnych motywach wyroku ocena dowodów uznana być musi za jednostronną i powierzchowną. Nie została też poprzedzona prawidłowym, wszechstronnym przeprowadzeniem dowodów, w sposób, który wskazywałby na rzeczywiste dążenie Sądu I instancji do pełnego wyjaśnienia sprawy. Tym samym jawi się ona jako dowolna i nie pozostająca pod ochroną <xLexLink xArt="art. 7" xIsapId="WDU19970890555" xTitle="Ustawa z dnia 6 czerwca 1997 r. - Kodeks postępowania karnego" xAddress="Dz. U. z 1997 r. Nr 89, poz. 555">art. 7 k.p.k.</xLexLink> Nie pozwala to również na uznanie za trafne i zaaprobowanie poczynionych przez organ ten ustaleń faktycznych, jakie swój wyraz znalazły w treści wyroku i jego pisemnym uzasadnieniu, które w tych warunkach uznane muszą zostać za co najmniej zdecydowanie przedwczesne. Prowadzi to zatem do konieczności uchylenia zaskarżonego rozstrzygnięcia i przekazania sprawy Sądowi I instancji do ponownego rozpoznania.</xText>
          <xText>Przechodząc do oceny zaskarżonego wyroku w aspekcie zarzutów i twierdzeń podniesionych przez obrońcę <xAnon>D. S.</xAnon> w pierwszej kolejności podkreślić wypada, iż szereg z nich jawi się jako oczywiście bezzasadne. Zupełnym nieporozumieniem jest bowiem w szczególności łączenie twierdzenia o naruszeniu przez Sąd meriti reguły wyrażonej w <xLexLink xArt="art. 5;art. 5 § 2" xIsapId="WDU19970890555" xTitle="Ustawa z dnia 6 czerwca 1997 r. - Kodeks postępowania karnego" xAddress="Dz. U. z 1997 r. Nr 89, poz. 555">art. 5 § 2 k.p.k.</xLexLink> ze wskazaniem, iż w sprawie tej występują dwie alternatywne, równie prawdopodobne wersje zdarzeń, wynikające z przeciwstawnych sobie dowodów osobowych. Wyjaśnić tu należy skarżącemu, iż w orzecznictwie wielokrotnie wskazywano, że to nie takich sytuacji dotyczy zasada wyrażona w przywołanym powyżej przepisie. W żadnej mierze nie wiąże się on bowiem z oceną dowodów, która dokonywana jest wyłącznie w ramach uprawnień wynikających z <xLexLink xArt="art. 7" xIsapId="WDU19970890555" xTitle="Ustawa z dnia 6 czerwca 1997 r. - Kodeks postępowania karnego" xAddress="Dz. U. z 1997 r. Nr 89, poz. 555">art. 7 k.p.k.</xLexLink> Jeśli zatem zgromadzone dowody nie są ze sobą zgodne, czy wręcz są wzajemnie sprzeczne i wskazują na dwie różne wersje przebiegu wydarzeń, to zasadniczym obowiązkiem Sądu I instancji jest ich prawidłowe przeprowadzenie, a następnie dokonanie wszechstronnej, całościowej, logicznej analizy i oceny, respektującej wskazania wiedzy, prawidłowego rozumowania i zdrowego rozsądku. Po takim jej dokonaniu w sprawie, gdzie istnieją dwie przeciwstawne grupy dowodów, z których jedna wyraźnie potwierdza popełnienie przez oskarżonego przestępstwa, druga zaś temu zaprzecza, nie mogą już istnieć żadne wątpliwości i tym samym nie może znaleźć zastosowania <xLexLink xArt="art. 5;art. 5 § 2" xIsapId="WDU19970890555" xTitle="Ustawa z dnia 6 czerwca 1997 r. - Kodeks postępowania karnego" xAddress="Dz. U. z 1997 r. Nr 89, poz. 555">art. 5 § 2 k.p.k.</xLexLink> Jeśli bowiem przymiotem wiarygodności Sąd obdarzy dowody obciążające, to tym samym, czyniąc ustalenia faktyczne zgodne z ich treścią, wyda wyrok skazujący, w przeciwnym zaś razie – wyrok uniewinniający. Wskazać przy tym należy, iż analogiczne stanowisko wyrażane było również wielokrotnie w orzecznictwie Sądu Najwyższego. I tak np. w postanowieniu z dnia 5 sierpnia 2009 r. (II KK 36/09) wskazano, że w wypadku, gdy pewne ustalenie faktyczne zależne jest od dania wiary tej lub innej grupie dowodów, czy też np. uznania za wiarygodne wyjaśnień oskarżonego z jednej fazy postępowania, z jednoczesną dyskwalifikacją jego odmiennych wyjaśnień z innej fazy postępowania, nie można mówić o naruszeniu zasady <xIx>in dubio pro reo</xIx>, a ewentualne zastrzeżenia, co do oceny wiarygodności konkretnego dowodu lub grupy dowodów rozstrzygane mogą być jedynie na płaszczyźnie utrzymania się przez sąd w granicach sędziowskiej swobody ocen, wynikającej z treści <xLexLink xArt="art. 7" xIsapId="WDU19970890555" xTitle="Ustawa z dnia 6 czerwca 1997 r. - Kodeks postępowania karnego" xAddress="Dz. U. z 1997 r. Nr 89, poz. 555">art. 7 k.p.k.</xLexLink> lub też przekroczenia przez sąd tych granic i wkroczenia w sferę dowolności ocen. Z kolei w wyroku z dnia 16 czerwca 2005 r. (II KK 257/04) Sąd Najwyższy stwierdził, iż wynikające z materiału dowodowego sprawy różne wersje wydarzeń nie są równoznaczne z istnieniem nie dających się usunąć wątpliwości w rozumieniu <xLexLink xArt="art. 5;art. 5 § 2" xIsapId="WDU19970890555" xTitle="Ustawa z dnia 6 czerwca 1997 r. - Kodeks postępowania karnego" xAddress="Dz. U. z 1997 r. Nr 89, poz. 555">art. 5 § 2 k.p.k.</xLexLink>, a w takim przypadku Sąd orzekający zobowiązany jest do dokonania ustaleń na podstawie swobodnej oceny dowodów i dopiero wówczas, gdy wątpliwości nie zostaną usunięte, należy je tłumaczyć na korzyść oskarżonego. W realiach niniejszej sprawy sytuacja taka jednak nie zaistniała. W tych więc warunkach nie ulega wątpliwości, iż podnoszenie przez skarżącego, jakoby przypisując <xAnon>D. S.</xAnon> popełnienie przestępstw będących przedmiotem tej sprawy Sąd I instancji naruszył przepis <xLexLink xArt="art. 5;art. 5 § 2" xIsapId="WDU19970890555" xTitle="Ustawa z dnia 6 czerwca 1997 r. - Kodeks postępowania karnego" xAddress="Dz. U. z 1997 r. Nr 89, poz. 555">art. 5 § 2 k.p.k.</xLexLink> jest całkowicie chybione.</xText>
          <xText>Podobnie nie sposób podzielić twierdzenia apelacji, iż w sprawie tej doszło do naruszenia przez Sąd Rejonowy <xLexLink xArt="art. 410" xIsapId="WDU19970890555" xTitle="Ustawa z dnia 6 czerwca 1997 r. - Kodeks postępowania karnego" xAddress="Dz. U. z 1997 r. Nr 89, poz. 555">art. 410 k.p.k.</xLexLink>, tym bardziej, gdy zważy się, że jak przekonuje treść apelacji swój pogląd w tym względzie obrońca stara się wywodzić jedynie z faktu, że wyrok skazujący <xAnon>D. S.</xAnon> oparty został na uznanych za wiarygodne dowodach w postaci zeznań <xAnon>A. G.</xAnon> oraz <xAnon>K. M.</xAnon>. Jednocześnie zaś nie wskazuje by jakiekolwiek istotne dowody zostały przez Sąd I instancji rzeczywiście pominięte. W tych więc warunkach, ustosunkowując się do tezy apelacji o naruszeniu zasady wyrażonej w <xLexLink xArt="art. 410" xIsapId="WDU19970890555" xTitle="Ustawa z dnia 6 czerwca 1997 r. - Kodeks postępowania karnego" xAddress="Dz. U. z 1997 r. Nr 89, poz. 555">art. 410 k.p.k.</xLexLink> i wykazując jej bezzasadność w realiach tej sprawy, odwołać się należy do regularnie powtarzanych w orzecznictwie stwierdzeń, że uznanie pewnych dowodów za niewiarygodne i w związku z tym odrzucenie ich, nie jest równoznaczne z naruszeniem <xLexLink xArt="art. 410" xIsapId="WDU19970890555" xTitle="Ustawa z dnia 6 czerwca 1997 r. - Kodeks postępowania karnego" xAddress="Dz. U. z 1997 r. Nr 89, poz. 555">art. 410 k.p.k.</xLexLink>, albowiem do naruszenia tego przepisu dochodzi jedynie wówczas, gdy sąd nie dostrzeże jakiegoś dowodu (jakichś dowodów), a nie wtedy, gdy oceni je w sposób odmienny od tego, jaki życzyłaby sobie strona (zob. np. postanowienie Sądu Najwyższego z dnia 18 października 2007 r., III KK 236/07, OSNKW 2008, z. 1, poz. 9, wyrok Sądu Najwyższego z dnia 7 października 2008 r., II KK 62/08, OSNKW 2008, z. 12, poz. 102).</xText>
          <xText>Przedstawione powyżej krytyczne uwagi pod adresem w istocie dość lakonicznej apelacji obrońcy <xAnon>D. S.</xAnon>, nie zmieniają jednak faktu, iż bez wątpienia słusznie skarżący podnosi, że dokonana przez Sąd meriti ocena dowodów budzi poważne zastrzeżenia. Nie sposób bowiem uznać, że mieści się ona w granicach zakreślonych w <xLexLink xArt="art. 7" xIsapId="WDU19970890555" xTitle="Ustawa z dnia 6 czerwca 1997 r. - Kodeks postępowania karnego" xAddress="Dz. U. z 1997 r. Nr 89, poz. 555">art. 7 k.p.k.</xLexLink> Zajmując takie stanowisko przede wszystkim podkreślić należy, iż nie ulega wątpliwości, że wyrok skazujący w sprawie niniejszej oparty został w głównej mierze na uznanych za w pełni wiarygodne zeznaniach pokrzywdzonego oraz <xAnon>K. M.</xAnon>. Szeroko opisując przebieg zdarzeń, do jakich doszło w dniu 16 listopada 2011 r. z udziałem oskarżonego, w swych relacjach wskazali oni m. in., że <xAnon>D. S.</xAnon> nie reagował na wydawane mu przez nich polecenia, na stosowne wezwanie nie okazał dokumentów, zaś zarówno bezpośrednio przed, jak i po wejściu do budynku <xAnon>(...)</xAnon> w <xAnon>L.</xAnon>, szarpał i uderzał <xAnon>A. G.</xAnon> oraz kierował pod jego adresem słowa wulgarne i powszechnie uznane za obelżywe. Jednocześnie Sąd Rejonowy odrzucił, jako zupełnie niewiarygodne, te wszystkie twierdzenia oskarżonego, w których stanowczo zaprzeczał on by podjął wobec funkcjonariusza Straży Miejskiej tego rodzaju działania. Odnośnie pozostałych dowodów osobowych, w szczególności zaś zeznań złożonych przez świadków <xAnon>G. M.</xAnon>, <xAnon>S. H.</xAnon> i <xAnon>Z. M.</xAnon>, organ ten wyraźnie przyjął, iż wprawdzie są one wiarygodne, korelują z relacjami funkcjonariuszy Straży Miejskiej, jednakże nie zawierają treści istotnych dla rozstrzygnięcia.</xText>
          <xText>Tak przedstawiona ocena dowodów, w chwili obecnej, nie przekonuje Sądu Okręgowego. Nie kwestionując bowiem w tym miejscu wynikającego z treści <xLexLink xArt="art. 7" xIsapId="WDU19970890555" xTitle="Ustawa z dnia 6 czerwca 1997 r. - Kodeks postępowania karnego" xAddress="Dz. U. z 1997 r. Nr 89, poz. 555">art. 7 k.p.k.</xLexLink> uprawnienia Sądu I instancji do obdarzenia wiarą jednych dowodów i odmówienie innym przymiotu wiarygodności jednocześnie przypomnieć trzeba, iż by ocena taka pozostawała pod ochroną tego przepisu, a tym samym nie została uznana za dowolną, musi zostać spełnionych kilka warunków. Judykatura konsekwentnie wskazuje, że wiążą się one z obowiązkiem prawidłowego i wszechstronnego przeprowadzenia postępowania dowodowego, rozważeniem w sposób respektujący zasady wiedzy, logiki i doświadczenia życiowego wszystkich okoliczności przemawiających tak na korzyść, jak i na niekorzyść oskarżonego, wreszcie zaś należytym uargumentowaniem zajętego stanowiska w pisemnym uzasadnieniu wyroku, należycie spełniającym wymogi określone w <xLexLink xArt="art. 424" xIsapId="WDU19970890555" xTitle="Ustawa z dnia 6 czerwca 1997 r. - Kodeks postępowania karnego" xAddress="Dz. U. z 1997 r. Nr 89, poz. 555">art. 424 k.p.k.</xLexLink> Podkreślić przy tym trzeba, iż Sąd z równą starannością i stosując te same kryteria winien rozważyć dowody korzystne i niekorzystne dla oskarżonego, ocenić ich treść oraz odnieść się do nich w pisemnym uzasadnieniu swego rozstrzygnięcia. Warunków tych procedujący w niniejszej sprawie Sąd I instancji nie spełnił, a tym samym zaprezentowana ocena dowodów, nie poprzedzona należytym ich przeprowadzeniem, w sposób wskazujący na rzeczywiste dążenie Sądu Rejonowego do pełnego wyjaśnienia wszystkich istotnych dla końcowego rozstrzygnięcia okoliczności, niezwykle jednostronna, wyraźnie podporządkowana przyjętej z góry tezie o winie oskarżonego, nie uwzględniająca należycie wszystkich ujawnionych w toku procesu okoliczności oraz wniosków płynących z treści dowodów, uznana być musi za dowolną, a już co najmniej przedwczesną i w konsekwencji nie mogącą zyskać aprobaty Sądu II instancji.</xText>
          <xText>Zdaniem Sądu Okręgowego dokonując oceny dowodów Sąd Rejonowy zdecydowanie zbyt mało uwagi poświęcił bowiem okolicznościom podawanym przez świadków niewątpliwie bezstronnych, nie zainteresowanych przebiegiem postępowania i wynikiem sprawy, a mianowicie <xAnon>G. M.</xAnon>, <xAnon>S. H.</xAnon> i <xAnon>Z. M.</xAnon>, wyraźnie bagatelizując też wnioski nieodparcie płynące z ich twierdzeń. Nie sposób przy tym podzielić i uznać za trafne stanowiska Sądu meriti, jakoby relacje wymienionych wyżej świadków rzeczywiście korelowały z zeznaniami funkcjonariuszy Straży Miejskiej, czy też nie zawierały treści istotnych dla końcowego rozstrzygnięcia. Wręcz przeciwnie dowody te wskazują na fakty, bez wątpienia ważkie dla poczynienia w tej sprawie trafnych ustaleń, jednocześnie co niewątpliwie istotne, wyraźnie przecząc zeznaniom funkcjonariuszy Straży Miejskiej w kwestiach zasadniczych dla rekonstrukcji stanu faktycznego, a decydujących o przyjęciu, że <xAnon>D. S.</xAnon> dopuścił się przypisanych mu przestępstw, stosując wobec pokrzywdzonego przemoc fizyczną i obelgi.</xText>
          <xText>Jak wynika z akt sprawy oraz poczynionych przez Sąd Rejonowy ustaleń faktycznych <xAnon>G. M.</xAnon> i <xAnon>S. H.</xAnon>, zatrudnieni w budynku <xAnon>(...)</xAnon>, jako pracownicy ochrony, obserwowali zdarzenie od chwili, gdy oskarżony podjechał samochodem na <xAnon>ul. (...)</xAnon>, zaś bezpośrednio za nim przyjechał również patrol Straży Miejskiej. Przesłuchani w ramach postępowania przygotowawczego, w niespełna miesiąc po zdarzeniach będących przedmiotem tej sprawy, obaj świadkowie w pełni zgodnie podali, że <xAnon>D. S.</xAnon> krzyczał do strażników jedynie „żeby go puścili, żeby go zostawili” (<xAnon>G. M.</xAnon> k. 29), czy też „proszę mnie puścić, nie dotykajcie mnie” (<xAnon>S. H.</xAnon> k. 26v). Tak więc, nie ulega wątpliwości, że te ich zeznania, składane w postępowaniu przygotowawczym, nie potwierdzają wersji <xAnon>A. G.</xAnon> i <xAnon>K. M.</xAnon>, by oskarżony w czasie wykonywanych przez nich czynności używał w budynku <xAnon>(...)</xAnon> słów wulgarnych. Ponadto obaj świadkowie wskazując, iż widzieli jak <xAnon>D. S.</xAnon> próbował się wyszarpnąć <xAnon>A. G.</xAnon>, gdy ten chwycił go za rękę, jednocześnie nie podawali by zadawał przy tym jakiekolwiek uderzenia. Podobnie też okoliczności zdarzenia przedstawił przesłuchany w toku postepowania przygotowawczego <xAnon>Z. M.</xAnon> (k. 24v). Wprawdzie nie obserwował on tego zajścia od początku, jednakże wskazał, że z miejsca gdzie pracował wyszedł po usłyszeniu podniesionego głosu mężczyzny, krzyczącego by zabrać ręce i nie dotykać go. Natomiast gdy znalazł się już na korytarzu zobaczył stojących Strażników Miejskich, a obok nich mężczyznę, który pomimo widocznego zdenerwowania zachowywał się dość spokojnie, nie uciekał i nie szarpał się. Osoby te nie rozmawiały również ze sobą, zaś cała sytuacja do przyjazdu Policji trwała około 15 minut. Również więc <xAnon>Z. M.</xAnon> nie podawał by w trakcie zajścia z ust oskarżonego padały jakiekolwiek słowa wulgarne. Analogiczne zeznania wymienieni powyżej świadkowie, a zatem <xAnon>G. M.</xAnon>, <xAnon>S. H.</xAnon> i <xAnon>Z. M.</xAnon>, złożyli również w toku postępowania jurysdykcyjnego, potwierdzając jednocześnie w pełni te prezentowane na wcześniejszym etapie procesu. Co przy tym bez wątpienia istotne, również przed Sądem żaden z nich nie wspomniał nawet by oskarżony wypowiadał obelgi pod adresem <xAnon>A. G.</xAnon> lub też zadawał mu uderzenia. <xAnon>S. H.</xAnon> podkreślił nawet (k. 151v), że podczas zajścia nie było szarpaniny, oskarżony chciał odejść, a strażnik go przytrzymywał. Nie sposób przy tym nie dostrzec, że Sąd Rejonowy, interesując się w szczególności wysokością krawężników przed budynkiem <xAnon>(...)</xAnon> (k. 138v), jednocześnie nie wykazał żadnej inicjatywy i nie zadał <xAnon>S. H.</xAnon> oraz <xAnon>Z. M.</xAnon> pytań wprost zmierzających do ustalenia czy w toku zajścia padały jakiekolwiek słowa wulgarne. Taki sposób prowadzenia postępowania dowodowego wprost wskazuje zatem, iż Sąd meriti w rzeczywistości nie był należycie zainteresowany pełnym wyjaśnieniem okoliczności tej sprawy.</xText>
          <xText>Podsumowując powyższe uwagi stwierdzić zatem należy, iż zeznania <xAnon>S. H.</xAnon>, <xAnon>G. M.</xAnon> i <xAnon>Z. M.</xAnon> wyraźnie nie potwierdzają zeznań <xAnon>A. G.</xAnon> oraz <xAnon>K. M.</xAnon>, wskazujących jakoby oskarżony używał pod adresem pokrzywdzonego wyzwisk oraz przemocy polegającej na zadawaniu uderzeń. Przyjęcie zatem, iż te dwie grupy dowodów korelują ze sobą, bądź też zeznania pierwszej z nich pozbawione są praktycznego znaczenia, jest stanowiskiem całkowicie dowolnym, oderwanym od ich treści i tym samym niemożliwym do zaakceptowania. Jednocześnie podkreślić trzeba, iż nie podjęcie w toku rozprawy głównej jakiejkolwiek próby wyjaśnienia, w drodze stosownych pytań i konfrontacji, sprzeczności zachodzących pomiędzy depozycjami funkcjonariuszy Straży Miejskiej oraz trzech pozostałych wymienionych powyżej świadków, jak też wyraźne nie uwzględnienie okoliczności wprost wynikających ze słów <xAnon>G. M.</xAnon>, <xAnon>S. H.</xAnon> oraz <xAnon>Z. M.</xAnon> przy dokonywaniu oceny wiarygodności zeznań <xAnon>A. G.</xAnon> i <xAnon>K. M.</xAnon>, czyni tę ocenę niepełną i w konsekwencji dowolną, zaś poczynione w oparciu o nią ustalenia faktyczne, co najmniej przedwczesnymi.</xText>
          <xText>Dowolnością razi również sposób odniesienia się przez Sąd meriti do okoliczności wynikających z zeznań <xAnon>G. M.</xAnon>. W tym zakresie organ ten podkreślił bowiem, że świadek ten w toku rozprawy zeznał, iż nie słyszał by oskarżony kierował pod adresem funkcjonariuszy Straży Miejskiej słowa wulgarne. Jednocześnie zaś stwierdził, iż nie oznacza to, że słowa takie nie padły, odwołując się przy tym do upływu czasu i naturalnego tego następstwa, jakim jest zatarcie się pewnych treści w pamięci świadka. Taka ocena nie może zyskać aprobaty Sądu II instancji. Przede wszystkim jest ona bowiem wewnętrznie sprzeczna i nielogiczna. <xAnon>G. M.</xAnon> nie odwoływał się przecież do tego, że nie pamięta tej okoliczności, lecz wprost wskazywał, iż słów takich w czasie zajścia nie słyszał. Ponadto zwrócić trzeba uwagę, iż zaledwie kilka zdań wcześniej Sąd Rejonowy wskazał, iż zeznania świadka są w całości wiarygodne. Oznacza to, że w sytuacji, gdy wiarygodny świadek stwierdza jednoznacznie, że pewne zdarzenie miejsca nie miało, Sąd uznaje, że jednak do niego doszło, jednakże świadek nie pamięta. Niezależnie od poczynionych tu uwag zwrócić też trzeba uwagę, iż taki argument, związany z upływem czasu i zatarciem się w pamięci szczegółów, byłby możliwy do przyjęcia, jednakże wówczas tylko, gdyby świadek po raz pierwszy w danej sprawie przesłuchany został dopiero w postępowaniu jurysdykcyjnym, a zatem po upływie wielu miesięcy od daty zdarzenia. W sprawie niniejszej sytuacja taka miejsca jednak nie miała. <xAnon>G. M.</xAnon> przesłuchiwany był bowiem po raz pierwszy w niespełna miesiąc po zajściu i także wówczas nie wskazał by w jego ramach <xAnon>D. S.</xAnon> znieważał <xAnon>A. G.</xAnon>. Co więcej, okoliczności takiej nie podawali również dwaj pozostali świadkowie, tj. <xAnon>Z. M.</xAnon> i <xAnon>S. H.</xAnon>, których zeznania w żadnym razie nie wskazują by kierowali się oni jakimiś osobistymi sympatiami do którejkolwiek ze stron. Można nawet przyjąć, iż ich zeznania, tak jak i zeznania <xAnon>G. M.</xAnon> wskazują, że winę za całe zajście upatrywali oni po stronie oskarżonego, jednocześnie uznając, że to jego zachowanie, jako całość było nieadekwatne do zaistniałej sytuacji.</xText>
          <xText>Reasumując stwierdzić zatem należy, iż dokonana przez Sąd I instancji ocena wyjaśnień oskarżonego i zeznań świadków nie została poprzedzona należytym, wszechstronnym przeprowadzeniem postępowania dowodowego, zaś w jej ramach organ ten nie uwzględnił wszystkich wynikających z treści zgromadzonych dowodów okoliczności oraz wskazań wiedzy, logiki, doświadczenia życiowego i prawidłowego rozumowania. Ocena ta uznana być musi zatem w chwili obecnej za dowolną, co w sposób oczywisty prowadzi do konieczności uchylenia zaskarżonego wyroku w całości i przekazania sprawy Sądowi Rejonowemu do ponownego rozpoznania.</xText>
          <xText>Pomimo, że omówione powyżej uchybienia zaistniałe w zakresie oceny dowodów samodzielnie prowadzą do dyskwalifikacji zaskarżonego orzeczenia, niejako na marginesie zwrócić tu jednak trzeba uwagę na jeszcze jedną istotną okoliczność, nie dostrzeżoną niestety przez żadnego ze skarżących. Otóż, przypisując oskarżonemu czyn będący przedmiotem drugiego spośród stawianych mu zarzutów, Sąd meriti przyjął, iż działał on w celu zmuszenia funkcjonariusza Straży Miejskiej do „zaniechania prawnej czynności służbowej zatrzymania”. W aspekcie tego ustalenia zwrócić zaś warto uwagę na dwie istotne kwestie. Po pierwsze, w istocie Sąd Rejonowy nie ustalił, jaką prawną czynność służbową zamierzał zrealizować <xAnon>A. G.</xAnon> chwytając oskarżonego za rękę, czy też wzywając go by się zatrzymał. Podkreślić należy, iż dla podmiotu profesjonalnego oczywistym być powinno, że wezwanie danej osoby do tego by zatrzymała się w określonym miejscu, po to np. by następnie dokonać jej legitymowania, zwrócić uwagę, pouczyć, czy też ukarać mandatem, nie jest rzecz jasna równoznaczne z zatrzymaniem w rozumieniu przepisów <xLexLink xArt="" xIsapId="WDU19970890555" xTitle="Ustawa z dnia 6 czerwca 1997 r. - Kodeks postępowania karnego" xAddress="Dz. U. z 1997 r. Nr 89, poz. 555">k.p.k.</xLexLink> Ponadto w zeznaniach szeregu świadków (np. <xAnon>K. M.</xAnon>, <xAnon>G. M.</xAnon>, <xAnon>S. H.</xAnon>) wyraźnie przewija się wątek dążenia <xAnon>A. G.</xAnon> do wylegitymowania oskarżonego. Jednakże są to w istocie jedynie domysły, jako że ten funkcjonariusz, pomimo złożenia niewątpliwie obszernych zeznań, w żaden sposób nie odniósł się do tej okoliczności. Takiego celu jego działania nie ustalił też Sąd I instancji w treści wyroku. Oczywistym jest zaś w realiach niniejszej sprawy, że to właśnie przede wszystkim <xAnon>S. G.</xAnon> powinien jednoznacznie określić, jaką konkretnie czynność zamierzał z oskarżonym wykonać. To dopiero pozwoliłoby bowiem Sądowi I instancji na ustalenie czy rzeczywiście była to „prawna czynność służbowa” w rozumieniu <xLexLink xArt="art. 224;art. 224 § 2" xIsapId="WDU19970880553" xTitle="Ustawa z dnia 6 czerwca 1997 r. - Kodeks karny" xAddress="Dz. U. z 1997 r. Nr 88, poz. 553">art. 224 § 2 k.k.</xLexLink>, której przeciwdziałanie może rodzić odpowiedzialność za stypizowane w tym przepisie przestępstwo. Ponadto, skoro już Sąd Rejonowy przyjął, że czynnością tą było „zatrzymanie” <xAnon>D. S.</xAnon>, choć okoliczność taka nie wynika obecnie z żadnego dowodu, to jednocześnie zobligowany był rozważyć czy rzeczywiście do wykonania takiej czynności Straż Miejska posiada uprawnienia, a jeśli tak, z czego one konkretnie wynikają. Zagadnieniu temu Sąd Rejonowy nie poświęcił jednakże żadnej uwagi. Nie sposób tu zaś nie dostrzec, iż dokonywanie „zatrzymania” nie zostało wskazane, jako czynność leżąca w kompetencjach Straży Miejskiej w <xLexLink xArt="art. 12" xIsapId="WDU19971230779" xTitle="Ustawa z dnia 29 sierpnia 1997 r. o strażach gminnych" xAddress="Dz. U. z 1997 r. Nr 123, poz. 779">art. 12 ustawy z dnia 29 sierpnia 1997 r. o strażach gminnych</xLexLink>. Wprawdzie pkt 3 ust. 1 tego przepisu uprawnia funkcjonariuszy do <xIx>ujęcia osób stwarzających w sposób oczywisty bezpośrednie zagrożenie dla życia lub zdrowia ludzkiego, a także dla mienia i niezwłocznego doprowadzenia do najbliższej jednostki Policji</xIx>, jednakże nic nie wskazuje na to, by sytuacja taka zaistniała w niniejszej sprawie, a co więcej, Sąd Rejonowy nie poczynił takiego ustalenia. Tak więc bezkrytyczne przyjęcie w treści wyroku, w ślad za aktem oskarżenia, że <xAnon>D. S.</xAnon> działał w celu zmuszenia <xAnon>A. G.</xAnon> do zaniechania prawnej czynności służbowej w postaci „zatrzymania” budzi poważne wątpliwości co do zasadności przyjęcia, że takim zachowaniem zrealizowane zostały ustawowe znamiona występku określonego w <xLexLink xArt="art. 224;art. 224 § 2" xIsapId="WDU19970880553" xTitle="Ustawa z dnia 6 czerwca 1997 r. - Kodeks karny" xAddress="Dz. U. z 1997 r. Nr 88, poz. 553">art. 224 § 2 k.k.</xLexLink></xText>
          <xText>Na zakończenie zdecydowanie zaakcentować należy, iż poczynione powyżej uwagi w żadnym razie nie przesądzają kwestii dopuszczenia się przez oskarżonego zarzucanego mu czynu, jego kwalifikacji prawnej oraz końcowego rozstrzygnięcia. Uchybienia popełnione przez Sąd I instancji w dotychczasowym postępowaniu uniemożliwiają bowiem zajęcie w tym zakresie jakiegokolwiek stanowiska. Przedstawione rozważania wskazują jedynie, iż wydanie wyroku, niezależnie od jego treści, musi zostać poprzedzone należytym, wszechstronnym przeprowadzeniem postępowania, w sposób zgodny z obowiązującymi przepisami, wyjaśnieniem i rozważeniem wszystkich istotnych okoliczności sprawy oraz obiektywną, rzetelną, logiczną i całościową oceną dowodów, która w przypadku sporządzenia na piśmie uzasadnienia zaskarżonego rozstrzygnięcia musi też zostać szczegółowo przedstawiona w ramach tego dokumentu, spełniającego wszystkie wymogi określone w <xLexLink xArt="art. 424" xIsapId="WDU19970890555" xTitle="Ustawa z dnia 6 czerwca 1997 r. - Kodeks postępowania karnego" xAddress="Dz. U. z 1997 r. Nr 89, poz. 555">art. 424 k.p.k.</xLexLink></xText>
          <xText>Procedując ponownie Sąd I instancji powtórzy zatem postępowanie dowodowe w całości, prowadząc je zgodnie z obowiązującymi przepisami, eliminując błędy i uchybienia oraz należycie wyjaśniając, a następnie wszechstronnie, wręcz drobiazgowo rozważając wszystkie istotne okoliczności o charakterze faktycznym i prawnym, stosownie do tego, o czym była mowa powyżej. W tym celu przesłuchać należy oskarżonego, oczywiście jeśli stawi się on i nie odmówi on składania wyjaśnień oraz świadków (z wyjątkiem <xAnon>A. S.</xAnon>, co do którego można poprzestać na ujawnieniu jego zeznań), prawidłowo stosując normy <xLexLink xArt="art. 389" xIsapId="WDU19970890555" xTitle="Ustawa z dnia 6 czerwca 1997 r. - Kodeks postępowania karnego" xAddress="Dz. U. z 1997 r. Nr 89, poz. 555">art. 389 k.p.k.</xLexLink> i <xLexLink xArt="art. 391" xIsapId="WDU19970890555" xTitle="Ustawa z dnia 6 czerwca 1997 r. - Kodeks postępowania karnego" xAddress="Dz. U. z 1997 r. Nr 89, poz. 555">art. 391 k.p.k.</xLexLink>, dążąc zarówno w drodze zadawania szczegółowych pytań, jak też przeprowadzenia stosownych konfrontacji do wyjaśnienia wszystkich wątpliwości rodzących się na ich tle, a także doprecyzowania i uściślenia podawanych przez nich faktów. W miarę potrzeby Sąd Rejonowy dopuści też inne dowody, których konieczność przeprowadzenia ujawni się w toku rozprawy. W oparciu o zgromadzony i należycie ujawniony materiał dowodowy, oceniony stosownie do wskazań <xLexLink xArt="art. 4;art. 7" xIsapId="WDU19970890555" xTitle="Ustawa z dnia 6 czerwca 1997 r. - Kodeks postępowania karnego" xAddress="Dz. U. z 1997 r. Nr 89, poz. 555">art. 4 i 7 k.p.k.</xLexLink>, z uwzględnieniem również uwag poczynionych powyżej, jak też z rozważeniem pozostałych twierdzeń i argumentów zawartych w treści apelacji, Sąd I instancji winien dokonać pełnych ustaleń faktycznych, przeprowadzić wnikliwą, szczegółową, bezstronną, logiczną i wszechstronną jego analizę oraz ocenę. Ferując wyrok Sąd Rejonowy pamiętać musi o ograniczeniach wynikających z treści <xLexLink xArt="art. 443" xIsapId="WDU19970890555" xTitle="Ustawa z dnia 6 czerwca 1997 r. - Kodeks postępowania karnego" xAddress="Dz. U. z 1997 r. Nr 89, poz. 555">art. 443 k.p.k.</xLexLink> Jeśli zajdzie zaś konieczność sporządzenia na piśmie uzasadnienia wydanego rozstrzygnięcia organ ten zadba o to, by należycie spełniało ono wszystkie wymogi określone w <xLexLink xArt="art. 424" xIsapId="WDU19970890555" xTitle="Ustawa z dnia 6 czerwca 1997 r. - Kodeks postępowania karnego" xAddress="Dz. U. z 1997 r. Nr 89, poz. 555">art. 424 k.p.k.</xLexLink>, a nadto by dawało możliwość dokonania pełnej merytorycznej kontroli jego zasadności oraz prawidłowości rozumowania, które doprowadziło Sąd I instancji do określonych wniosków i ustaleń. Baczyć też należy, by uzasadnienie to nie było sprzeczne wewnętrznie oraz z treścią wyroku, a także zgromadzonych w sprawie dowodów, uznanych przez Sąd za wiarygodne. Przedstawiona argumentacja nie może też rzecz jasna naruszać wskazań wiedzy, logiki, doświadczenia życiowego i prawidłowego rozumowania. Dokument ten szczegółowo wyjaśniać również musi podstawę prawną zaskarżonego orzeczenia oraz wskazywać okoliczności, które zadecydowały o rodzaju i wysokości wymierzonej oskarżonemu kary, jeśli rzecz jasna w ogóle dojdzie do jej orzeczenia.</xText>
          <xText>Dopiero tak przeprowadzone postępowanie, wolne od błędów, w którym zostanie należycie zgromadzony i oceniony materiał dowodowy, pozwoli na nie budzące wątpliwości ustalenia faktyczne i w konsekwencji umożliwi trafne rozstrzygnięcie, które będzie podlegało kontroli w drodze zwyczajnych środków odwoławczych.</xText>
          <xText>Mając na względzie wszystkie przedstawione powyżej okoliczności Sąd Okręgowy orzekł jak w wyroku.</xText>
          
          <xRows>
            <xCOLGROUPx>
              <xCOLx xWIDTHx="237"/>
              <xCOLx xWIDTHx="237"/>
              <xCOLx xWIDTHx="237"/>
            </xCOLGROUPx>
            <xRow>
              <xClmn xALIGNx="left" xVALIGNx="top">
                <xText xALIGNx="center">
          D. Janicka
        </xText>
              </xClmn>
              <xClmn xALIGNx="left" xVALIGNx="top">
                <xText xALIGNx="center">
          W. Pastuszak
        </xText>
              </xClmn>
              <xClmn xALIGNx="left" xVALIGNx="top">
                <xText xALIGNx="center">
          A. Makuch
        </xText>
              </xClmn>
            </xRow>
          </xRows>
        </xUnit>
      </xBlock>
    </xPart>
  </judgement>
<judgement id="154010000003027_VI_GC_000416_2012_Uz_2013-07-30_001">
    <xPart xEditorFullName="Barbara Dziopak" xYear="2012" xLang="PL" xPublisherFullName="Barbara Dziopak" xFromPg="1" xEditor="66113003185" xVolType="15/401000/0003027/GC" xPublisher="66113003185" xDocType="Uz" xVolNmbr="000416" xVersion="1.0" xToPage="1" xFlag="published">
      <xName>Wyrok+Uzasadnienie</xName>
      <xBlock>
        <xText>
          <xBx>Sygn. akt VI GC 416/12</xBx>
        </xText>
        
        <xUnit xIsTitle="true" xBold="true" xType="part">
          <xName>WYROK</xName>
          <xTitle>W IMIENIU RZECZYPOSPOLITEJ POLSKIEJ</xTitle>
          <xText xALIGNx="right">Dnia 30 lipca 2013r.</xText>
          
          <xText>
            <xBx>Sąd Okręgowy w Rzeszowie Wydział VI Gospodarczy</xBx>
          </xText>
          <xText>w składzie:</xText>
          <xText>
            <xBx>Przewodniczący: SSO Barbara Frankowska </xBx>
          </xText>
          <xText>
            <xBx>Protokolant: st. sekr. sądowy Małgorzata Zawiło </xBx>
          </xText>
          <xText>po rozpoznaniu w dniu 24 lipca 2013r. w Rzeszowie</xText>
          <xText>na rozprawie</xText>
          <xText>sprawy z powództwa: <xBx><xIx><xAnon> Przedsiębiorstwa (...) Spółki z o.o.</xAnon><xBRx/>w <xAnon>S.</xAnon></xIx></xBx></xText>
          <xText>przeciwko:<xBx><xIx><xAnon> (...) Spółce z o.o.</xAnon> w <xAnon>R.</xAnon></xIx></xBx></xText>
          <xText>o <xBx>zapłatę</xBx></xText>
          
          <xUnit xIsTitle="false" xType="none">
            <xName xSffx=".">I</xName>
            <xText><xBx><xIx>z a s ą d z a</xIx></xBx> od pozwanego <xAnon> (...) Spółki z o.o.</xAnon> w <xAnon>R.</xAnon> na rzecz powoda <xAnon> Przedsiębiorstwa (...) Spółki z o.o.</xAnon> w <xAnon>S.</xAnon> kwotę 75.380 zł (siedemdziesiąt pięć tysięcy trzysta osiemdziesiąt złotych) z ustawowymi odsetkami od dnia 6 kwietnia 2011 r. do dnia zapłaty,</xText>
          </xUnit>
          
          <xUnit xIsTitle="false" xType="none">
            <xName xSffx=".">II</xName>
            <xText><xBx><xIx>o d d a l a</xIx></xBx> powództwo co do odsetek w pozostałym zakresie,</xText>
          </xUnit>
          <xUnit xIsTitle="false" xType="none">
            <xName xSffx=".">III</xName>
            <xText><xBx><xIx>z a s ą d z a</xIx></xBx> od pozwanego na rzecz powoda kwotę 7.666 zł (siedem tysięcy sześćset sześćdziesiąt sześć złotych) tytułem kosztów procesu, w tym kwotę 3.617 zł tytułem kosztów zastępstwa procesowego,</xText>
          </xUnit>
          
          <xUnit xIsTitle="false" xType="none">
            <xName xSffx=".">IV</xName>
            <xText><xBx><xIx>z w r a c a</xIx></xBx> powodowi <xAnon> Przedsiębiorstwu (...) Spółce z o.o.</xAnon> w <xAnon>S.</xAnon> niewykorzystaną zaliczkę na wydatki w kwocie 620 zł (sześćset dwadzieścia zł),</xText>
          </xUnit>
          
          <xUnit xIsTitle="false" xType="none">
            <xName xSffx=".">V</xName>
            <xText><xBx><xIx>z w r a c a</xIx></xBx> pozwanemu <xAnon> (...) Spółce z o.o.</xAnon> w <xAnon>R.</xAnon> niewykorzystaną zaliczkę na wydatki w kwocie 158,82 zł (sto pięćdziesiąt osiem złotych 82/100).</xText>
          </xUnit>
          
          <xText>Sygn. akt VI GC 416/12</xText>
        </xUnit>
        <xUnit xIsTitle="true" xBold="true" xType="part">
          <xName>UZASADNIENIE</xName>
          <xText xALIGNx="center">
            <xBx>Wyroku z dnia 30 lipca 2013 r.</xBx>
          </xText>
          
          <xText>Pozwem wniesionym w sprawie powód <xAnon> Przedsiębiorstwo (...) sp. z o.o.</xAnon> w <xAnon>S.</xAnon> wniósł o zasądzenie na swoją rzecz od pozwanego <xAnon> (...) sp. z o.o.</xAnon> w <xAnon>R.</xAnon> kwoty 75 380 zł z ustawowymi odsetkami i kosztami postępowania.</xText>
          <xText>Na uzasadnienie żądania pozwu podał, że strony zawarły umowy o roboty budowlane, a to:</xText>
          <xText>- z dnia 13.10.2010 r. o kompleksowe zaprojektowanie i wykonanie połaci dachowej <xAnon>M.</xAnon><xAnon>(...)</xAnon> w <xAnon>R.</xAnon> ,</xText>
          <xText>- i z dnia 16.03.2011 r. o wykonanie hydroizolacji i termoizolacji dziedzińca wewnętrznego wraz z obróbką dylatacji konstrukcyjnych na poziomie izolacji w Centrum <xAnon>M.</xAnon><xAnon>(...)</xAnon>,</xText>
          <xText>- oraz w oparciu o odrębne zlecenia umowę z dnia 28.12.2011 r. m.in. <xBRx/>o wykonanie robót naprawczych.</xText>
          <xText>Z tytułu obu pierwszych umów o roboty budowlane strony zastrzegły zatrzymanie tytułem kaucji gwarancyjnej zabezpieczającej roszczenia z tytułu niewykonania lub nienależytego wykonania umowy kwoty w wysokości 5 % wartości wynagrodzenia powódki z każdej z umów.</xText>
          <xText>Każdorazowo kwota zatrzymana miała być zwrócona po upływie wskazanego terminu od daty wydania świadectwa wykonania, przy czym nie wcześniej niż od bezusterkowego odbioru końcowego inwestycji przez inwestora albo po przekazaniu gwarancji bankowej /ubezpieczeniowej usunięcia wad, po potrąceniu ewentualnych kar umownych, a także kwot, jakie wykonawca będzie zobowiązany zapłacić zamawiającemu na podstawie umowy.</xText>
          <xText>Roboty z w/w umów zostały wykonane, pozwana zatrzymała kaucje gwarancyjne w wysokości kolejno 224 658,29 zł (z umowy z dnia 13.10.2010 r.) i 37 690 zł (z umowy z dnia 16.03.2011r.).</xText>
          <xText>Powód podniósł, że zakończył roboty z umowy z dnia 16.03.2011 r. zgodnie z harmonogramem t.j. do dnia 17.06.2011 r. Pozwana odmówiła odbioru robót zgłoszonych z dokumentacją w dniu 15.06.2011 r. uwagi na przecieki, za które powódka nie ponosiła odpowiedzialności, a których przyczyny leżały po stronie innych wykonawców. W dniu 23.06.2011 r. pozwany odstąpił od obciążania powódki odpowiedzialnością, następnie zlecił jej - ostatecznie na podstawie umowy z dnia 28.12.2011 r. m.in. odpłatnie dokonanie napraw, za które zapłacił.</xText>
          <xText>Pozwana przystąpiła do odbioru dopiero w dniu 18.10.2011 r., <xBRx/>w protokole odbioru i świadectwie przejęcia wpisano datę końcową 23.06.2011r., odbiór dokumentacji wymaganej umową dokonano w dniu 22.06.2012 r.</xText>
          <xText>Powód wskazał, że nie można utożsamiać dwóch umownych pojęć, a to „terminu ukończenia robót” i „odbioru końcowego”.</xText>
          <xText>Dalej powód podniósł, że w dacie 6.03.2012 r. pozwany otrzymał gwarancje bankowe usunięcia wad z umowy z dnia 13.10.2010 i z dnia 16.03.2011 r.</xText>
          <xText>Powód wskazał, że pozwany rozliczając się z zawartych umów dokonał niezasadnego zdaniem powódki potrącenia kary umownej w kwocie 75 380 zł za nieterminowe wykonanie umowy dnia 16.03.2011 r., naliczonej za 123 dni opóźnienia, wystawiając notę z dnia 25.06.2012 r. nr 36/06 obejmującą także kwotę 969 zł.</xText>
          <xText>Powód wezwał pozwanego do zwrotu kwoty 275 570,28 zł na którą składały się:</xText>
          <xText>- 13 221,98 zł zatrzymana tytułem gwarancji należytego wykonania umowy z dnia 13.10.2010 r. podlegająca zwrotowi wraz z odbiorem robót,</xText>
          <xText>- 224 658,30 zł zatrzymana tytułem gwarancji usunięcia wad z <xAnon>umowy (...)</xAnon>.10.2010 r. podlegająca zwrotowi po dostarczeniu gwarancji bankowej usunięcia wad w dniu 6.03.2012 r. ,</xText>
          <xText>- 37 690 zł zatrzymana tytułem gwarancji usunięcia wad z umowy z dnia 16.03.2011 r., podlegająca zwrotowi po dostarczeniu gwarancji bankowej usunięcia wad w dniu 6.03.2012 r.</xText>
          <xText>Pozwana w dniu 16.08.2012 r. zapłaciła powodowi kwotę 200 190,27 zł i odstąpiła od zarzutu co do kwoty 969 zł. Wpłatę powód zaliczył na poczet w/w kwoty 13 221,98 zł i gwarancji z <xAnon>umowy (...)</xAnon>.10.2010 r. w wysokości 186 968,29 zł.</xText>
          <xText>Nadal pozwany nie zapłacił kwoty 37 690 zł tytułem zwrotu gwarancji <xBRx/>z umowy z dnia 13.10.2010 r. i 37 690 zł tytułem zatrzymanej gwarancji <xBRx/>z umowy z dnia 16.03.2011 r. Wezwanie powoda o zapłatę pozostało bezskuteczne.</xText>
          <xText>Powód zakwestionował zasadność potrącenia z daty 23.08.2012 r. wskazując, że nie przekroczył terminu ukończenia robót i podnosząc, że to pozwana bezpodstawnie odmówiła odbioru z przyczyn niezawinionych przez powoda. Dokonany dopiero w październiku 2011 r. odbiór prac nie może skutkować przyjęciem, że powód ukończył roboty z opóźnieniem.</xText>
          <xText>W piśmie z daty 11.12.2012 r. powód wyjaśnił, że domaga się zasądzenia odsetek od dnia 30.03.2012 r., którą to datę uzasadnia upływ 7 dniowego terminu do zwrotu zatrzymanych kwot zakreślonych w wezwaniu z dnia 21.03.2012 r.</xText>
          <xText>W odpowiedzi na pozew pozwany wniósł o oddalenie powództwa <xBRx/>w całości i zasądzenie kosztów postępowania.</xText>
          <xText>Pozwany przyznał zawarcie dwóch umów roboty budowlane i termin zakończenia robót z umowy z dnia 16.03.2011 r. na dzień 17.06.2011 r.</xText>
          <xText>Pozwany podniósł, że roszczenie o zapłatę 37 690 zł z tytułu kaucji <xBRx/>z umowy z dnia 13.10.2010 r. wygasło w wyniku potrącenia, natomiast roszczenie o zapłatę kwoty 37 690 zł z tytułu kaucji z umowy z 16.03.2011 r. wygasło w wyniku zapłaty z dnia 16.08.2012 r.</xText>
          <xText>Dalej pozwany wyjaśniał, że z kwoty 224 658,29 zł zwrócił powodowi w dniu 16.08.2012 r. kwotę 149 278,29 zł, pozostała zaś kwota 75 380 zł. uległa umorzeniu w wyniku potrącenia z wierzytelnością pozwanego z tytułu kary umownej. Odnośnie kaucji w wysokości 37 690 zł. podniósł, że została wypłacona powodowi w dniu 16.08.2012 r.</xText>
          <xText>Pozwany podniósł, że obciążył powoda karą umowną wystawiając notę nr 36/06 na kwotę 75 380 zł w związku z zawinionym opóźnieniem w wykonaniu umowy z dnia 16.03.2011 r. o 123 dni. Dalej wyjaśnił, że roboty zgłoszone <xBRx/>w dniu 15.06.2011 r. były wadliwe w wyniku ich nieprawidłowego wykonania przez powoda, przecieki były następstwem nieprawidłowego wykonania robót przez powoda. Stąd odbiór końcowy odbył się dopiero w dniu 18.10.2011 r. <xBRx/>W dniu 1.02.2012 r. pozwany wystawił powodowi Świadectwo Przyjęcia robót oraz Świadectwo Wykonania. Wyznaczony termin zapłaty kary umownej upłynął w dniu 13.07.2012 r. W dniu 23.08.2012 r. pozwany dokonał potrącenia kary z wierzytelnością powoda z tytułu kwoty zatrzymanej z umowy z dnia 13.10.2010 r.</xText>
          <xText>Pozwany podniósł, iż jedynie bezusterkowy protokół odbioru robót końcowych stanowił dowód wykonania umowy.</xText>
          <xText>Pozwany wskazał na umowną definicję pojęcia „termin ukończenia”, mającego znaczenie przy przesłankach naliczenia kary umownej, które oznaczało czas na ukończenie całości robót i usunięcie w nich wszystkich wad, co miało być potwierdzone Świadectwem Wykonania, wystawionym dopiero po końcowym odbiorze robót.</xText>
          <xText>Pozwany zakwestionował stanowisko powoda o braku tożsamości terminów „ukończenia robót” i „terminu odbioru końcowego”. Pozwany podniósł, że powód nie dotrzymał „Terminu na Ukończenie” bo po 17.06.2011 r. roboty nie odpowiadały warunkom umowy, pojawiały się przecieki będące wynikiem nieprawidłowego wykonania izolacji stropu.</xText>
          <xText>Pozwany zaprzeczył, aby roboty wykonane w oparciu o umowę z dnia 28.12.2011 r. dotyczyły miejsc w których w czerwcu 2011 r. pojawiły się przecieki do garażu. Umowa ta dotyczyła innego zakresu niż wskazany <xBRx/>w umowie z dnia 16.03.2011 r.</xText>
          <xText>W piśmie procesowym z dnia 31.01.2013 r. /k. 232/ powód zakwestionował tezę o wygaśnięciu jego roszczeń. Powód podtrzymał wyjaśnienia odnośnie zaległych na jego rzecz od pozwanego na dzień 12.07.2012 r. kwot i rozliczenia wpłaty z dnia 16.08.2012 r., o czym informował pozwanego osobiście i za pośrednictwem wiadomości e-mail, w związku z czym pozwany nie może na obecnym etapie kwestionować sposobu rozliczenia.</xText>
          <xText>Dalej powód zakwestionował skuteczność potrącenia, kwestionując oświadczenie odebrane w dacie 3.09.2012 r. z uwagi na to, że umowa z dnia 13.10.2010 r. nie przewidywała kary mownej i jej naliczenie nie zostało dokonane oraz na fakt, że w dacie otrzymania oświadczenia zobowiązanie pozwanego nie pokrywało się z tym wskazanym w oświadczeniu. Oświadczenie nadto zostało złożone po poinformowaniu pozwanego o sposobie rozliczenia jego wpłat.</xText>
          <xText>Powód podtrzymał stanowisko co do braku podstaw do naliczenia kary umownej. Wskazał nadto na przyczyny usterek t.j. mechaniczne uszkodzenia spowodowane przez osoby trzecie. Powód zakwestionował także walor dowodu z końcowego odbioru robót, w którym wskazane nieprawidłowości nie zostały zakwalifikowane jako wady czy usterki. Zaprzeczył, aby data podpisania protokołu wynikająca wyłącznie z decyzji pozwanego oznaczała datę zakończenia robót, w odpowiedzi na argumentację pozwanego przytaczając własną analizę postanowień umownych i definicji zawartych w nich pojęć. Zaprzeczył tożsamości „terminu na ukończenie” z „terminem odbioru końcowego o robót”, którego wyboru mógł dokonać pozwany. Podniósł, że jest to termin określony w harmonogramie na ukończenie robót oraz usunięcie wad.</xText>
          <xText>Podniósł też, że protokołu końcowego nadto wynikała data zakończenia robót 23.06.2011 r.</xText>
          <xText>Podtrzymał też twierdzenia odnośnie zakresu prac dodatkowo zleconych <xBRx/>z umowy z dnia 28.12.2011 r. jako dotyczących także usunięcia usterek <xBRx/>w robotach powoda, a spowodowanych przez osoby trzecie.</xText>
          <xText>Powód wskazał, że pozwany nie wykazał zawinionego opóźnienia powoda w wykonaniu robót, zaprzeczył też, aby przyznał okoliczność, że od <xBRx/>18 do 23.06.2011 r. pozostawał w zwłoce.</xText>
          <xText>Na rozprawie strony podtrzymały dotychczasowe stanowiska w sprawie.</xText>
          
          <xText>
            <xBx>Sąd Okręgowy ustalił następujący stan faktyczny:</xBx>
          </xText>
          <xText>Strony postępowania: powód <xAnon> Przedsiębiorstwo (...) sp. z o.o.</xAnon> w <xAnon>S.</xAnon> jako wykonawca i pozwany <xAnon> (...) sp. z o.o.</xAnon><xBRx/>w <xAnon>R.</xAnon> jako zlecający zawarły umowy o roboty budowlane:</xText>
          <xText>- z dnia 13.10.2010 r. o kompleksowe zaprojektowanie i wykonanie połaci dachowej <xAnon>M.</xAnon><xAnon>(...)</xAnon> w <xAnon>R.</xAnon> ,</xText>
          <xText>- z dnia 16.03.2011 r. o wykonanie hydroizolacji i termoizolacji dziedzińca wewnętrznego wraz z obróbką dylatacji konstrukcyjnych na poziomie izolacji w Centrum <xAnon>M.</xAnon><xAnon>(...)</xAnon>.</xText>
          <xText>
            <xIx>Dowody: umowa z dnia 13.10.2010 r. z aneksami k. 15-90, umowa z dnia 16.03.2011 r. z aneksami k. 95-132 </xIx>
          </xText>
          
          <xText>Umowa z dnia 13.10.2010 r. została przez powoda wykonana. Pozwany wystawił pozwanemu Świadectwa Przyjęcia i Wykonania umowy w dniu 1.02.2012 r.</xText>
          <xText>
            <xIx>Dowody: protokół odbioru końcowego nr 62 k. 91, protokół usunięcia usterek k. 93, świadectwo wykonania i świadectwo przyjęcia robót z 1.02.2012 r. k. 94</xIx>
          </xText>
          
          <xText>W umowie z dnia 16.03.2011 r. w pkt 11.1częsci II - postanowień ogólnych umowy strony zastrzegły kary umowne za zwłokę m.in. na wypadek niedotrzymania terminu na ukończenie robót w wysokości 0,3 % wynagrodzenia netto za każdy dzień zwłoki wskazując w pkt 1.14 części I umowy – postanowienia szczegółowe, że jest zastrzeżona <xUx>za przekroczenie czasu na ukończenie całości robót</xUx>.</xText>
          <xText>Pojęcie „terminu na ukończenie robót” zdefiniowano w pkt 1.1.14 części II umowy – Postanowienia Ogólne jako: <xUx>określony w harmonogramie stanowiącym załącznik nr 4 do niniejszej umowy, czas na ukończenie całości robót i usunięcie w nich wszystkich wad</xUx> zgodnie z postanowieniami niniejszej umowy co zostanie potwierdzone uzyskaniem Świadectwa Wykonania.</xText>
          <xText>Świadectwo Wykonania zamawiający miał wystawić po ukończeniu wszystkich robót będących przedmiotem umowy włącznie z usunięciem wszelkich wad usterek oraz sporządzeniu protokołu obioru i wystawienia bezwarunkowego Świadectwa Przyjęcia oraz dostarczeniu zamawiającemu wszystkich dokumentów wymaganych umową oraz należytym wykonaniu przez wykonawcę wszelkich innych jego zobowiązań wynikających z niniejszej umowy.</xText>
          <xText>W Świadectwie Przyjęcia zamawiający miał podać datę do której roboty zostały ukończone.</xText>
          <xText>W umowie w jej pkt 6.1 postanowień ogólnych wskazano, że końcowy odbiór robót dokonywany jest przez zamawiającego po zakończeniu robót <xBRx/>i zrealizowaniu całej inwestycji według decyzji zamawiającego.</xText>
          <xText>Za dzień dokonania odbioru końcowego strony przyjęły dzień podpisania przez zamawiającego bezusterkowego protokołu odbioru końcowego, po usunięciu przez wykonawcę wad i usterek stwierdzonych w trakcie odbioru końcowego.</xText>
          <xText>W pkt 5 postanowień szczegółowych strony ustaliły, iż w razie rozbieżności lub niezgodności pomiędzy postanowieniami części I – postanowienia szczegółowe umowy a częścią II – ogólne postanowienia, wiążące są postanowienia zawarte w części I – postanowienia szczegółowe.</xText>
          <xText>
            <xIx>Dowody: umowa z dnia 16.03.2011 r. z aneksami k. 95-132, </xIx>
          </xText>
          
          <xText><xAnon>Aneksem nr (...)</xAnon> do umowy z dnia 16.03.2011 r. strony ustaliły termin zakończenia robót objętych umową z dnia 16.03.2011 r. na <xUx>dzień 17.06.2011 r. </xUx></xText>
          <xText>
            <xIx>Dowody: aneks do umowy z dnia 16.03.2011 r. nr 1 k. 129, </xIx>
          </xText>
          
          <xText>Powód wykonał roboty z umowy z dnia 16.03.2011 r. w<xUx> dacie 15.06.2011 r. zgłosił je w tym dniu pozwanemu do odbioru.</xUx> W dacie 14.06.2011 r. złożył pozwanemu dokumentację powykonawczą.</xText>
          <xText>Pozwany odmówił odbioru w dniu 19.06.2011 r. wskazując na przecieki <xBRx/>z dziedzińca do garażu.</xText>
          <xText>Przecieki z poziomu dziedzińca do garażu nie były spowodowane wadliwością wykonanych przez powoda robót .</xText>
          <xText>Powód przystąpił do wyjaśniania przyczyn przecieków, weryfikując je <xBRx/>w przedziale czasu do 23.06.2011 r. W dniu 22.06.2011 r. dokonał próby wodnej na styku izolacji poziomej z izolacją pionową wchodzącą w zakres prac innego wykonawcy. W trakcie polewania wodą ta przedostawała się przez izolację pionową do wnętrza budynku. Za szczelność styku fasad ze stropem odpowiadała <xAnon> firma (...)</xAnon>.</xText>
          
          <xText>
            <xIx>Dowody: dowód złożenia dokumentacji k. 138, pismo z dnia 15.06.2011 r. k. 139, dziennik budowy k. 287-306 w tym str. 13 dziennika budowy nr <xAnon> (...)</xAnon> k. 300 i strona 33 dziennika k. 303, email z daty 19.06.2011 r. k. 140 ,  korespondencja email k. 141, korespondencja email z dnia 20.06.2011 r. k. 142, korespondencja email z dnia 24.10.2011 r. k. 143-144 i załącznik pismo z dnia 27.06.011 r. k. 145-146, email z dnia 28.01.2013 r. k. 241, zeznania świadków <xAnon>M. K.</xAnon> k. 325-326, <xAnon>M. D. (1)</xAnon> k. 326, <xAnon>K. R.</xAnon><xBRx/>k. 326, <xAnon>S. G.</xAnon> k. 326, <xAnon>T. M.</xAnon> k. 326, </xIx>
          </xText>
          
          <xText>Powód odmówił nieodpłatnej naprawy kwestionując swoją odpowiedzialność i przedstawiając pozwanemu w dacie 31.08.2011 r. ofertę odpłatnego usunięcia przyczyny przecieków za kwotę 19 704,06 zł. Powód usunął usterki odpłatnie. Strony objęły prace mające na celu usunięcie przyczyny przecieków także kolejną umową z dnia 28.12.2011 r. na wykonanie odpłatnych prac dodatkowych, zmienioną <xAnon>aneksem nr (...)</xAnon>. Prace dotyczące zakwestionowanych robót z <xAnon>umowy (...)</xAnon>.03.2011 r. objęte zostały w załączniku 1 pkt 3-5, <xAnon>aneksie nr (...)</xAnon> do w/w umowy obejmującym m.in. zaakceptowaną ofertę na kwotę 2 552 zł.</xText>
          <xText>Całość wynagrodzenia z umowy wynosiła 140 000 zł netto, zwiększonym następnie o kwotę 6443,80 zł netto. Umowa z dnia 28.12.2011 r. została przez powoda wykonana. W dacie 30.01.2012 r. sporządzono protokół odbioru końcowego. Powód wystawił <xAnon>fakturę VAT nr (...)</xAnon> i FV nr 02/03/2012. Pozwany zapłacił umówione wynagrodzenie.</xText>
          <xText>
            <xIx>Dowody: email z dnia 29.01.2013 r. k. 250, pismo z dnia 10.12.2012 r. k. 248-249, umowa z dnia 28.12.2011 r. k. 147-153, <xAnon>aneks nr (...)</xAnon> do umowy z dnia 28.12.2011 r. k. 165-166, oferta z dnia 31.08.2011 r. z dokumentacją zdjęciową k. 243-247, potwierdzenie zamówienia z dnia 7.11.2011 r. k. 154-156, oferta z dnia 26.10.2011 r. k. 167, potwierdzenie zamówienia k.168, protokół odbioru końcowego nr 174 k. 157, świadectwo przyjęcia robót i świadectwo wykonania umowy z dnia 28.12.2011 r. k. 158, certyfikat płatności częściowej k. 159, rozliczenie k. 160, certyfikat płatności częściowej k. 161, <xAnon>faktura VAT nr (...)</xAnon> k. 162, potwierdzenie operacji k. 163, <xAnon>faktura VAT nr (...)</xAnon> r.  k. 164, certyfikat płatności i rozliczenie k. 170, <xAnon>faktura VAT nr (...)</xAnon> k. 171, potwierdzenie przelewu k. 171, zeznania świadków <xAnon>M. K.</xAnon> k. 325-326, <xAnon>K. R.</xAnon> k. 326,</xIx>
          </xText>
          
          <xText>Ostatecznie protokół odbioru końcowego z umowy z dnia 16.03.2011 r. sporządzono w dacie 18.10.2011 r. W protokole wskazano datę zakończenia robót na 23.06.2011 r. i datę dostarczenia dokumentacji powykonawczej <xBRx/>w dniu 22.06.2011 r.</xText>
          <xText>W załączniku do protokołu wpisano uwagi wskazując, że „na dziedzińcu przy zachodniej ścianie segmentu nr 6 wykonawca uzupełnił izolację stropu nad garażem po robotach związanych z rozbiórką drzwi wejściowych do segmentu 6, strop w garażu pomiędzy słupami B58-B59 pozostaje do obserwacji”.</xText>
          <xText>Przyczyny podpisania protokołu dopiero w tej dacie były niezależne od powoda. Składały się na nie obok specyfiki prac wykonywanych przez powoda <xBRx/>i trudności w ustaleniu przyczyn przecieku także niechęć inwestora do rozliczania robót, brak środków niezbędnych do rozliczenia się z wykonawcami, brak czasu kadry zarządzającej.</xText>
          <xText>W dacie 1.02.2012 r. pozwany wystawił powodowi świadectwo Przyjęcia <xAnon> (...)</xAnon> i Świadectw Wykonania z umowy z dnia 16.03.2011 r.</xText>
          <xText>
            <xIx>Dowody: protokół odbioru końcowego umowy z dnia 16.03.2011r. k. 173-174,załącznik lista uwag k. 175, Świadectwo Przyjęcia <xAnon> (...)</xAnon> k. 176, Świadectwo Wykonania <xAnon> (...)</xAnon> k. 177, zeznania świadków <xAnon>M. C.</xAnon> k. 326, <xAnon>S. G.</xAnon> k. 326, <xAnon>E. J. (1)</xAnon><xBRx/>k. 326, </xIx>
          </xText>
          
          <xText>W obu umowach o roboty budowlane z dnia 13.10.2010 r. i z dnia 16.03.2011 r. w ich pkt 9.2, strony zastrzegły zatrzymanie tytułem kaucji gwarancyjnej zabezpieczającej roszczenia z tytułu niewykonania lub nienależytego wykonania umowy kwoty w wysokości 5 % wartości wynagrodzenia powódki z każdej z umów.</xText>
          <xText>W razie niedostarczenia gwarancji usunięcia wad zatrzymana kwota miała być zwrócona po upływie 5 lat plus 30 dni od daty wydania Świadectwa Wykonania, przy czym nie wcześniej niż od bezusterkowego odbioru końcowego inwestycji przez inwestora albo po przekazaniu gwarancji bankowej/ ubezpieczeniowej usunięcia wad, po potrąceniu ewentualnych kar umownych, a także kwot jakie wykonawca będzie zobowiązany zapłacić zamawiającemu na podstawie umowy.</xText>
          <xText>
            <xIx>Dowody: umowa z dnia 13.10.2010 r. z aneksami k. 15-90, umowa z dnia 16.03.2011 r. z aneksami k. 95-132, </xIx>
          </xText>
          
          <xText>Pozwany zatrzymał kaucje w umówionej wysokości kolejno z umowy <xBRx/>z dnia 13.10.2010 r. w kwocie <xBx>224 658,29</xBx> zł i z umowy z dnia 16.03.2011 r. kwotę <xBx>37 690</xBx> zł, łącznie 262 348,30 zł.</xText>
          <xText>
            <xIx>Dowody: protokół odbioru końcowego umowy z dnia 13.1.2010 r. k. 91-92, protokół odbioru końcowego umowy z dnia 16.03.2011 r. k. 173-174, Powyższa okoliczność była nadto bezsporna w sprawie. </xIx>
          </xText>
          
          <xText>W dniu 6.03.2012 r. powód zgodnie z umową doręczył pozwanemu gwarancje bankowe nr <xAnon> (...)</xAnon> i <xAnon> (...)</xAnon> zabezpieczające ewentualne roszczenia pozwanego tytułu odpowiedzialności powoda za ewentualne wady robót budowlanych z umów z dnia 13.10.2010r. i 16.03.2011r.</xText>
          <xText>
            <xIx>Dowody: Gwarancja Bankowa nr <xAnon> (...)</xAnon> k. 178 i <xAnon> (...)</xAnon> k. 179, dowód doręczenia z dnia 6.03.2012 r. k. 180, </xIx>
          </xText>
          
          <xText>W piśmie z daty 21.03.2012 r. doręczonym pozwanemu w dacie 22.03.2012 r. w związku z przedłożeniem w dniu 6.03.2012 r. gwarancji przewidzianych umową, powód wezwał pozwanego do zapłaty <xBx>224 658,30 zł <xBRx/>i 37 690,00 zł </xBx> tytułem zwrotu gwarancji sunięcia wad wyznaczając pozwanemu terminie 14 dni.</xText>
          <xText>
            <xIx>Dowody: wezwanie do zapłaty z dnia 21.03.2012 r. z dowodem doręczenia k. 181, </xIx>
          </xText>
          
          <xText>W dacie 16.08.2012 r. pozwany zapłacił na rzecz powoda kwotę łącznie 200 190,27 zł, a to <xBx>13.221,98 zł</xBx> tytułem zwrotu gwarancji dobrego wykonania <xBRx/>i kwotę <xBx>186 968,29</xBx> zł tytułem zwrotu w/w kaucji.</xText>
          <xText>Powód kierując się wskazanymi tytułami wpłaty zarachował ją na rzecz roszczenia w wysokości 13 221,98 zł o zwrot Gwarancji Należytego Wykonania Umowy z dnia 13.10.2010 r. (pkt 9.1.4 części II postanowienia ogólne Umowy o roboty budowlane) oraz pozostałą kwotę na poczet roszczenia o zwrot kaucji Gwarancyjnej z umowy z dnia 13.10.2010 r. w wysokości 224 658,29 zł.</xText>
          <xText>Do zwrotu pozostała kwota <xBx>75 380 zł t.j. po 37 690 zł</xBx> z tytułu zatrzymanej kaucji Gwarancyjnej z każdej z w/w umów.</xText>
          <xText>Powód poinformował pozwanego o sposobie zarachowania wpłaty na spotkaniu z dnia 20.08.2012 r., do powyższego odwołując się następnie <xBRx/>w korespondencji mailowej.</xText>
          <xText>
            <xIx>Dowody: wezwanie do zapłaty z dnia 12.07.2012 r. k. 185, wezwanie do zapłaty z dnia 30.07.2012 r. z dowodem nadania k. 187-188, potwierdzenie operacji z dnia 16.08.2012 r. k.189, email z dnia 2.10.2012 r. i dnia 29.08.2012 r. k. 194,wezwanie do zapłaty z dnia 27.08.2012 r. z dowodem nadania k. 192- 193,</xIx>
          </xText>
          
          <xText>Pozwany w dacie 25.06.2012 r. wystawił powodowi notę księgową m.in. na kwotę 75 380 zł z tytułu kary umownej za zwłokę w wykonaniu warunków umownych na podstawie umowy z dnia 16.03.2011 r. W piśmie z daty 21.8.2012 r. odstąpił od obciążenia powoda kwotą 969 zł, którą także obejmowała w/w nota.</xText>
          <xText>
            <xIx>Dowody: nota nr 36/06 z dnia 25.06.2012 r. k. 184, pismo z dnia 21.08.2012 r. k. 48, </xIx>
          </xText>
          
          <xText>Pismem z daty 23.08.012 r. doręczonym powodowi w dacie 3.09.2012 r.  pozwany dokonał potrącenia kary umownej w wysokości 75 380 zł objętej notą nr 36/06 z dnia 25.06.2012 r., powołując się przy tym omyłkowo na umowę <xBRx/>z dnia 13.10.2010 r. z roszczeniem powoda w wysokości 262 348,29 zł z tytułu zatrzymanej kwoty z tytułu gwarancji dobrego wykonania powołując się przy tym na art. 9.2 umowy o roboty budowlane z dnia 13.10.2010 r.</xText>
          <xText>
            <xIx>Dowody: oświadczenie o potrąceniu z daty 23.08.2012 r. k. 191, email <xBRx/>z dnia 1.02.2013 k. 242, </xIx>
          </xText>
          
          <xText>Powód ponownie wzywał pozwanego do zapłaty kwoty 75 380 zł, kwestionując przy tym naliczenie kary umownej i podejmował próby polubownego zakończenia sporu.</xText>
          <xText>
            <xIx>Dowody: wezwanie do zapłaty z dnia 27.08.2012 r. z dowodem nadania k. 192- 193, wezwanie z dnia 12.07.2012 r. z dowodem doręczenia k. 185 - 186 , wezwanie do zapłaty z dnia 30.07.2012 r. z dowodem doręczenia k. 187-188, pismo z dnia 5.11.2012 r. z dowodem nadania k. 195-196, </xIx>
          </xText>
          
          <xText>Sąd ustalił powyższy stan faktyczny w oparciu o powołane powyżej dowody z dokumentów, które wzajemnie się potwierdzały i nie budziły wątpliwości Sądu co do swej autentyczności i treści. Zakres umowy z dnia 28.12.2011 r. i odpłatne usunięcie usterek ujawnionych w czerwcu 2011 r. przez powoda potwierdziły przy tym dowody z zeznań świadka <xAnon>M. K.</xAnon> i <xAnon>K. R.</xAnon>, które także wzajemnie się potwierdzały. Sąd dał wiarę świadkowi <xAnon>M. K.</xAnon>, jako konsekwentnym i pochodzącym od osoby która ze strony powoda nadzorowała wykonanie umowy, jak też zeznaniom <xAnon>K. R.</xAnon> , który pełnił funkcję inżyniera budowy, sprawując nadzór ze strony powoda, stąd posiadających bezpośrednie i wiarygodne informacje w przedmiocie przebiegu procesu budowlanego, jak też zakresu odpłatnych prac dodatkowych i spornej umowy z dnia 28.12.2011 r.</xText>
          <xText>Z zeznań tych świadków wynikały także przyczyny przecieków, które wchodziły w zakres odpowiedzialności podmiotu trzeciego. Odpowiedzialność innego niż powód wykonawcy, a to <xAnon> (...)</xAnon>, poza dowodami <xBRx/>z korespondencji e-mail i załączników do niej, potwierdził także wiarygodny świadek <xAnon>S. G.</xAnon>, który pełnił funkcję kierownika budowy, a także świadek <xAnon>M. D. (1)</xAnon>, któremu Sąd dał wiarę w całości, jako pełniącemu na budowie z kolei funkcję przedstawiciela inwestora, a który jednoznacznie zeznał, że za przecieki odpowiadał <xAnon>P.</xAnon>.</xText>
          <xText>Jednocześnie zeznania świadków <xAnon>M. C.</xAnon>, <xAnon>S. G.</xAnon>, <xAnon>E. J. (1)</xAnon> i <xAnon>T. M.</xAnon>, którym Sąd dał wiarę w całości jako logicznym i konsekwentnym wskazywały na inne niż wadliwe wykonanie prac przez powoda przyczyny odroczenia terminu odbioru końcowego.</xText>
          <xText>Odnośnie przedziału czasu od zgłoszenia robót do odbioru do dnia 23.06.2011 r. zeznania świadka <xAnon>T. M.</xAnon> i wpis w dzienniku /k. 303/, jak też korespondencja email potwierdzały w jednoznaczny sposób prowadzenie <xBRx/>w tym okresie przez powoda czynności sprawdzających, wobec odmowy odbioru i zgłoszenia przecieków.</xText>
          <xText>Przy ustalaniu stanu faktycznego Sąd pominął dowód z zeznań świadka <xAnon>K. K.</xAnon>, jako że ten nie podał żadnych istotnych w sprawie informacji zasłaniając się niepamięcią. Potwierdził jedynie fakt sporządzania korespondencji mailowej, która jest w pełni wiarygodna bo w swej treści uzupełnia w sposób spójny okoliczności faktyczne sprawy.</xText>
          <xText>Sąd Okręgowy pominął dowód z przesłuchania stron o którym mowa <xBRx/>w <xLexLink xArt="art. 299" xIsapId="WDU19640430296" xTitle="Ustawa z dnia 17 listopada 1964 r. - Kodeks postępowania cywilnego" xAddress="Dz. U. z 1964 r. Nr 43, poz. 296">art. 299 kpc</xLexLink>, jako że jest to dowód posiłkowy, stosowany gdy brak innych dowodów. W przedmiotowej sprawie był zatem zbędny, bo przedłożony materiał dowodowy był wystarczający do ustalenia stanu faktycznego <xBRx/>i wyjaśnienia okoliczności, w tym spornych w sprawie.</xText>
          
          <xText>
            <xBx>Sąd Okręgowy zważył co następuje:</xBx>
          </xText>
          <xText>Powód domaga się zwrotu przez pozwanego gwarancji usuwania wad t.j. kwot zatrzymanych zgodnie z umowami stron, w związku z przedłożeniem przez powoda gwarancji ubezpieczeniowej z tego tytułu.</xText>
          <xText>Przedmiotem żądania są kwota 37 690 zł z umowy z dnia 13.10.2010 r., która pozostała do zapłaty właśnie w tej wysokości przy uwzględnieniu wcześniejszych wpłat pozwanego oraz ponownie kwota 37 690 zł z umowy <xBRx/>z dnia 16.03.2011 r. zatrzymana przez pozwanego właśnie w tej wysokości i w całości nie zwrócona.</xText>
          <xText>Fakt zawarcia umów z dnia 13.10.2010 r. , 16.03.2011 r. oraz ich treść były w sprawie bezspornymi. Wysokość zatrzymanych kwot także była bezsporna.</xText>
          <xText>Pozwany odmawiając zapłaty co do pierwszej z kwot podniósł jej zapłatę, co do drugiej zarzut potrącenia kar umownych z tytułu zwłoki w wykonaniu umowy dnia 16.03.2011 r.</xText>
          <xText>Zarzut potrącenia jest bezzasadny.</xText>
          <xText>Potrącenie jest instytucją prawa materialnego, którą reguluje <xLexLink xArt="art. 498;art. 498 § 1" xIsapId="WDU19640160093" xTitle="Ustawa z dnia 23 kwietnia 1964 r. - Kodeks cywilny" xAddress="Dz. U. z 1964 r. Nr 16, poz. 93">art. 498 § 1 <xIx>kc</xIx></xLexLink><xIx> gdy dwie osoby są jednocześnie względem siebie dłużnikami i wierzycielami, każda z nich może potrącić swoją wierzytelność z wierzytelnością drugiej strony, jeżeli przedmiotem obu wierzytelności są pieniądze lub rzeczy tej samej jakości oznaczone tylko co do gatunku, a obie wierzytelności są wymagalne i mogą być dochodzone przed sądem lub przed innym organem państwowym.</xIx></xText>
          <xText>
            <xIx>§ 2. Wskutek potrącenia obie wierzytelności umarzają się nawzajem do wysokości wierzytelności niższej.</xIx>
          </xText>
          <xText>Zgodnie natomiast<xIx> z </xIx><xLexLink xArt="art. 499" xIsapId="WDU19640160093" xTitle="Ustawa z dnia 23 kwietnia 1964 r. - Kodeks cywilny" xAddress="Dz. U. z 1964 r. Nr 16, poz. 93"><xIx>art.</xIx> 499 kc</xLexLink><xIx>potrącenia dokonywa się przez oświadczenie złożone drugiej stronie. (…).</xIx></xText>
          <xText>W sprawie spornym była podstawa naliczenia kary umownej tytułu zwłoki w wykonaniu umowy z dnia 16.03.2011 r. Pozwany zarzucał wykonanie tej umowy ze zwłoką 123 dni (od 18.06.2011 r. do 18.10.2011r.) i naliczenie <xBRx/>w związku z tym kary umownej w kwocie 75 380 zł. Według powoda nie było podstaw do jej naliczenia, bo roboty wykonano w terminie umownym, odbiór dopiero w dniu 18.10.2011r. był zaś niezależny od powoda, jako że nie odpowiada on za przecieki do garażu, które były podstawą odmowy odbioru robót do czasu potwierdzenia, kto za nie odpowiada.</xText>
          <xText>Stosownie do <xLexLink xArt="art. 483" xIsapId="WDU19640160093" xTitle="Ustawa z dnia 23 kwietnia 1964 r. - Kodeks cywilny" xAddress="Dz. U. z 1964 r. Nr 16, poz. 93">art. 483 kc</xLexLink><xIx>kara umowna może być zastrzegana tylko za niewykonanie lub nienależyte wykonanie zobowiązania niepieniężnego</xIx>.</xText>
          <xText>Możliwym jest zastrzeżenie kary umownej za nienależyte wykonanie zobowiązania, gdy świadczenie zostało spełnione przez dłużnika, ale w sposób nienależyty, tzn. gdy zaistniała rozbieżność między zakresem zaspokojenia wierzyciela przewidzianym w treści zobowiązania a zaspokojeniem uzyskanym w rzeczywistości. Rozbieżność ta może dotyczyć takich elementów wykonania należytego, jak termin świadczenia.</xText>
          <xText>Zakres odpowiedzialności z tytułu kary umownej pokrywa się przy tym <xBRx/>w pełni z zakresem ogólnej odpowiedzialności kontraktowej dłużnika, zgodnie z <xLexLink xArt="art. 471" xIsapId="WDU19640160093" xTitle="Ustawa z dnia 23 kwietnia 1964 r. - Kodeks cywilny" xAddress="Dz. U. z 1964 r. Nr 16, poz. 93">art. 471 k.c.</xLexLink> W konsekwencji to na wierzycielu spoczywa ciężar dowodu /<xLexLink xArt="art. 6" xIsapId="WDU19640160093" xTitle="Ustawa z dnia 23 kwietnia 1964 r. - Kodeks cywilny" xAddress="Dz. U. z 1964 r. Nr 16, poz. 93">art. 6 kc</xLexLink>/, że umowa nie została należycie wykonana. W przedmiotowej sprawie na pozwanym podnoszącym zarzut potrącenia kary umownej spoczywał ciężar dowodzenia, iż powód wykonał umowę niezgodnie z jej treścią, oddając prace po umówionym terminie.</xText>
          <xText>Pozwany nie wykazał nienależytego wykonania umowy przez powoda <xBRx/>w postaci przekroczenia umownego terminu zakończenia robót.</xText>
          <xText>W sprawie spornym był termin, którego przekroczenie przez powoda uprawniało pozwanego do naliczenia kar umownych.</xText>
          <xText>W ocenie Sądu z umowy wynika, że powód miał czas na ukończenie całości robót do 17.06.2011r. (aneks do umowy k. 129), przy zgłoszeniu ukończenia robót w dniu 16.06.2011r. (wpis w Dzienniku Budowy k. 300) zmieścił się w tym terminie.</xText>
          <xText>Z materiału dowodowego wynikało, że powód roboty do odbioru zgłosił już w dacie 16.06.2011 r., do 23.06.2011 r. prowadził czynności sprawdzające, ostatecznie zaś przecieki nie były spowodowane nienależytym wykonaniem umowy przez powoda. Sąd zatem nie dał wiary dowodowi z protokołu odbioru końcowego z dnia 18.10.2011 r. /k. 173/ na okoliczność zakończenia robót przez powoda dopiero w dniu 23.06.2011 r., w którym wskazano właśnie tę datę jako datę zakończenia robót.</xText>
          <xText>Dokonując interpretacji umowy w zakresie przesłanek do naliczenia kary umownej wskazać należy, że zgodnie z treścią pkt 5 Warunków Szczególnych umowy z dnia 16.03.2011 r. /k. 98/ warunki szczegółowe umowy mają pierwszeństwo przy sprzeczności między warunkami szczegółowymi a ogólnymi.</xText>
          <xText>Istotnym jest jej pkt 1.14 warunków szczegółowych /k.96/, z godnie <xBRx/>z którym kara umowna należy się za zwłokę wykonawcy w wykonaniu obowiązków umownych, <xUx>w tym za przekroczenie czasu na ukończenie całości robót</xUx>.</xText>
          <xText>W ocenie Sądu twierdzenia pozwanego, że wykonanie robót liczy się od protokołu odbioru bezusterkowego jest nadinterpretacją warunków szczegółowych, które mają pierwszeństwo. Sąd Okręgowy przyjmuje za prawidłową interpretację prezentowaną przez powoda zapisu umowy co do naliczenia kar umownych jako, że jest ona zgodna z jednoznacznym brzmieniem umowy. Tam mowa jest wyraźnie o przekroczeniu czasu na ukończenie robót <xBRx/>w całości, które to ukończenie miało miejsce w przedmiotowej sprawie <xBRx/>w dniu 16.06.2011 r.</xText>
          <xText>Przeciwko utożsamianiu terminu odbioru końcowego i zakończenia robót przemawia także odwołanie się do ogólnych postanowień umowy. Zgodnie <xBRx/>z pkt 6.1 część II Postanowienia Ogólne, to decyzji zamawiającego pozostawiono dokonanie odbioru końcowego, a to po zakończeniu robót <xBRx/>i zrealizowaniu całej inwestycji lub jej wyodrębnionego elementu. Trudno zatem przyjąć tożsamość pojęcia zakończenia robót przez powoda z datą ich odbioru końcowego przez pozwanego, skoro już z założenia co do tej ostatniej miał pewną swobodę wyboru.</xText>
          <xText>Powyższe wyklucza uznanie robót za wykonane dopiero <xBRx/>w październiku 2011 r. wyłącznie z uwagi na datę protokołu odbioru końcowego. W toku postępowania ustalono, że odbiór w tym dniu był podyktowany przyczynami niezależnymi od powoda. Już końcem czerwca był jasne, że za przecieki w garażu nie odpowiada powód, o czym będzie jeszcze mowa w uzasadnieniu Skomplikowany problem przecieków powodował, że pozwanemu dla bezpieczeństwa łatwiej było odebrać te roboty po wykonaniu robót przez innych wykonawców, których roboty mogły powodować bądź uszkodzenia izolacji bądź wykluczyć odpowiedzialność za przecieki powoda (z chwila odbioru robót pozwany przejąłby na siebie odpowiedzialność za izolację więc nie zależało mu na tym). Sam w protokole odbioru potwierdził ukończenie robót na 23.06.2011r. wraz z odbiorem dokumentacji powykonawczej. Z zeznań świadków zresztą wynikało, że rzeczywiście pozwany zwlekał z odbiorem także z przyczyn nie związanych z zakończeniem robót czy ich jakością. Zresztą świadkowie powoda <xAnon>E. J. (2)</xAnon> i <xAnon>M. C.</xAnon> zeznawali o tego przyczynach, w tym że pozwany nie był zainteresowany szybkim odbiorem, którym to zeznaniom też Sąd dał w wiarę w całości.</xText>
          
          <xText>Pozwany podniósł, że opóźnienie w wykonaniu zgłoszonych w dniu 16.06.2011 r. do odbioru robót miało być spowodowane ich wadliwością <xBRx/>i koniecznością ich usunięcia przez powoda.</xText>
          <xText>Powyższy zarzut jest bezpodstawny jako, że nawet jeśli przyjmiemy, że terminem końcowym był termin na ukończenie całości robót <xUx>i usunięcie ich wad</xUx> / pkt 1.1.41 umowy /, to brak podstaw do ustalenia, że roboty wykonane przez powoda i zgłoszone w czerwcu 2011 r. były dotknięte wadą.</xText>
          <xText>Pozwany zarzucając wadliwość zgłoszonych prac i czego skutkiem były przecieki do garażu, wywodząc z tego dla siebie skutek prawny, tej okoliczności nie wykazał /<xLexLink xArt="art. 6" xIsapId="WDU19640160093" xTitle="Ustawa z dnia 23 kwietnia 1964 r. - Kodeks cywilny" xAddress="Dz. U. z 1964 r. Nr 16, poz. 93">art. 6 kc</xLexLink>/. Powód co prawda podjął się wykonania prac dodatkowych, ale roboty te były odpłatne i usuwały usterki, spowodowane z winy innych niż powód podmiotów. Powyższą okoliczność potwierdzały tak dowody z dokumentów jak i zgodne zeznania świadków uczestniczących <xBRx/>w procesie budowlanym i koordynacji robót, co należy podkreślić reprezentujących na budowie interesy każdej ze stron sporu, co tym bardziej nadawało im walor wiarygodności. W szczególności zeznania świadków <xAnon>M. D. (1)</xAnon>, <xAnon>S. G.</xAnon>, <xAnon>M. K.</xAnon> oraz <xAnon>K. R.</xAnon> były zgodne i pozwalały na przyjęcie, że przecieki do garażu nie wynikały z wadliwego wykonania robót przez powoda. Każdorazowo odpowiedzialność ponosiły za to inne firmy, w tym <xAnon> (...)</xAnon> (na styku elewacji i izolacji pionowej) lub inne firmy, które wykonując roboty uszkadzały izolację wykonaną przez powoda. Powód natomiast usuwał przyczyny przecieków na dodatkowe, co należy podkreślić – płatne zlecenia pozwanego, co potwierdza dowód z oferty <xAnon> (...)</xAnon><xBRx/>z 31.08.2011r., umowa  z 28.12.2011 r. - pkt VI 3-5 i załącznik nr 1 do tej umowy, korespondujące z zeznaniami świadka <xAnon>M. K.</xAnon>. Zeznania powołanych świadków na tę okoliczność uzupełniają się wzajemnie, są spójne i dają pełny obraz stanu faktycznego. Uzupełniają te zeznania już mniej szczegółowe ale też miarodajne , a to <xAnon>M. E.</xAnon><xAnon>J.</xAnon> o przyczynach odbioru dopiero 18.10.2011 r.</xText>
          <xText>Podsumowując, roboty ukończono w całości już w czerwcu 2011 r. i to w terminie umownym o czym świadczy wpis w dzienniku budowy i jak się potem okazało niezasadna odmowa odbioru do czasu potwierdzenia, kto odpowiada za przecieki, skoro okazało się, że powód za nie odpowiadał.</xText>
          <xText>W konsekwencji naliczenie i potrącenie przez powoda kary umownej za zwłokę w wykonaniu umowy z 16.03.2011r. było bezpodstawne, wobec niewykazania wierzytelności przedstawionej do potrącenia.</xText>
          <xText>Skoro zaś powód przedłożył pozwanemu w dniu 6.03.2011r. bankową gwarancję usunięcia wad, to pozwany powinien zwrócić zatrzymane z tego tytułu <xAnon> (...)</xAnon> z umowy z 13.10.2010 i z dnia 16.03.201łr. (pkt 9.2 i 9.3 umów k. 109/b i 44).</xText>
          <xText>Kolejną kwestią było, niezasadne twierdzenie pozwanego że dokonał zapłaty kwoty z tytułu gwarancji usunięcia wad z umowy <xIx>z </xIx>dnia 16.03.2011r. Powyższego nie potwierdza płatność z dnia 16.08.2012r. kwoty 200 190,27zł. (k. 189).</xText>
          <xText>Płatność tą powód prawidłowo bo zgodnie treścią przelewu i <xLexLink xArt="art. 451" xIsapId="WDU19640160093" xTitle="Ustawa z dnia 23 kwietnia 1964 r. - Kodeks cywilny" xAddress="Dz. U. z 1964 r. Nr 16, poz. 93">art. 451 kc</xLexLink> zaliczył na gwarancję dobrego wykonania z umowy z dnia 13.10.2010 r. w wysokości 13 221,98 zł.</xText>
          <xText>Pozostała kwota w wysokości 186 968,29 zł została wpłacona na poczet zwrotu zatrzymanych kaucji. W przypadku kilku długów wobec wierzyciela dłużnik ma prawo wyboru, który z długów chce zaspokoić przy czym oświadczenie w tym przedmiocie powinien złożyć w chwili spełnienia świadczenia. Wola dłużnika zaliczenia spełnionego przez niego świadczenia na poczet określonych długów może być wyrażona w dowolny sposób, a jej interpretacja podlega zasadom określonym w <xLexLink xArt="art. 65;art. 65 § 1" xIsapId="WDU19640160093" xTitle="Ustawa z dnia 23 kwietnia 1964 r. - Kodeks cywilny" xAddress="Dz. U. z 1964 r. Nr 16, poz. 93">art. 65 § 1 k.c.</xLexLink> Pozwany nie sprecyzował przy tym dokonując zapłaty o którą kaucję i z której umowy chodzi. Z dowodu przelewu /k. 189/ wynika wyłącznie wola zarachowania wpłaty na kaucje bez ich rozróżnienia. Brak innego materiału dowodowego przemawiającego za innym w dacie wpłaty, zamiarem pozwanego. Nie jest nim przykładowo oświadczenie o potrąceniu w którym wskazano łączną pierwotną wysokość kaucji podlegających zwrotowi, nawet nie uwzględniając faktu częściowej zapłaty z dnia 16.08.2012 r.</xText>
          <xText>Powód zatem zarachował wpłatę na gwarancję usunięcia wad <xBRx/>z umowy z dnia 13.l0.2010r. w wysokości 224 658,29 zł. Pozostała więc kwota jak wyliczono to w pozwie to 37.690 zł tytułem <xAnon> (...)</xAnon> z umowy <xBRx/>z dnia 13.10.2010r. Nadal też nie została zapłacona /nie zwrócona/ kwota 37.690 zł tytułem gwarancji usunięcia wad z umowy z dnia 16.03.2011 r.</xText>
          <xText>O sposobie zarachowania powód poinformował powoda w dniu 20.08.2012 r., któremu to twierdzeniu pozwany nie zaprzeczył. Następnie powód potwierdził sposób zaliczenia wpłaty w wezwaniu z dnia 27.08.2012 r. domagając się zapłaty po 37 690 zł kaucji z każdej z umów.</xText>
          <xText>Podsumowując, wobec niezasadnego zarzutu potrącenia, tylko częściowej zapłaty kaucji gwarancji usunięcia wad z umowy z dnia 13.10.2010 r. i braku zapłaty na poczet kaucji z umowy z dnia 16.03.2011 r. oraz dostarczenia zgodnie z umową ubezpieczeniowych gwarancji dotyczących obu umów, jak też wezwania pozwanego do zapłaty, powodowi przysługuje wobec pozwanego roszczenie o zapłatę łącznie kwoty 75 380 zł.</xText>
          
          <xText>Mając na uwadze powyższe ustalenia i rozważania Sąd na podstawie art. 647 koc uwzględnił roszczenie powoda w całości co do należności głównej.</xText>
          <xText>W przedmiocie odsetek ustawowych tytułu opóźnienia w zapłacie Sąd miał na uwadze, że powód liczy 7 dni od wezwania pismem doręczonym pozwanemu w dniu 22.03.2012r. (k. 181), to pismo natomiast daje termin zapłaty 14 dni a nie 7, który jest terminem na odpowiedź. Skoro powód liczy odsetki od wezwania, to konsekwentnie powinien być to termin zgodny z zawarowanym we wskazanym piśmie. Dlatego roszczenie <xBRx/>o odsetki uwzględniono od dnia 6.04.2012r. oddalając powództwo <xBRx/>w pozostałym zakresie odnośnie odsetek na podstawie <xLexLink xArt="art. 481;art. 481 § 1" xIsapId="WDU19640160093" xTitle="Ustawa z dnia 23 kwietnia 1964 r. - Kodeks cywilny" xAddress="Dz. U. z 1964 r. Nr 16, poz. 93">art. 481 § 1 kc.</xLexLink></xText>
          <xText>W przedmiocie kosztów postępowania w pkt III Sąd orzekł na podstawie <xLexLink xArt="art. 98" xIsapId="WDU19640430296" xTitle="Ustawa z dnia 17 listopada 1964 r. - Kodeks postępowania cywilnego" xAddress="Dz. U. z 1964 r. Nr 43, poz. 296">art. 98 kpc</xLexLink>. Na zasądzoną kwotę składa się opłata sądowa <xBRx/>w kwocie 3.769zł, opłata od pełnomocnictwa - 17 zł, koszt zastępstwa procesowego - 3600 zł oraz koszt stawiennictwa świadka <xAnon>M. D.</xAnon>, zawnioskowanego przez powoda, w kwocie 280 zł (k. 352).</xText>
          <xText>Orzeczenie o zwrocie niewykorzystanych zaliczek (pkt IV i V wyroku) znajduje podstawę <xLexLink xArt="art. 84" xIsapId="WDU20051671398" xTitle="Ustawa z dnia 28 lipca 2005 r. o kosztach sądowych w sprawach cywilnych" xAddress="Dz. U. z 2005 r. Nr 167, poz. 1398">art. 84 ustawy z dnia 28.07.2005 r. o kosztach sądowych <xBRx/>w sprawach cywilnych</xLexLink> (Dz.U. nr167 poz.1398 z późn. zm.).</xText>
          
          <xText>Zarządzenie:</xText>
          <xUnit xIsTitle="false" xType="none">
            <xName xSffx=".">1</xName>
            <xText>odpis wyroku z uzasadnieniem doręczyć pełn. stron,</xText>
          </xUnit>
          <xUnit xIsTitle="false" xType="none">
            <xName xSffx=".">2</xName>
            <xText>kal 2 tyg.</xText>
          </xUnit>
        </xUnit>
      </xBlock>
    </xPart>
  </judgement>
<judgement id="155020000002006_IV_Ka_000512_2013_Uz_2013-07-31_001">
    <xPart xEditorFullName="Magdalena Norkiewicz" xYear="2013" xLang="PL" xPublisherFullName="Lidia Szukalska" xFromPg="1" xEditor="MagdalenaN" xVolType="15/502000/0002006/Ka" xPublisher="LidiaS" xDocType="Uz" xVolNmbr="000512" xVersion="1.0" xToPage="1" xFlag="published">
      <xName>Wyrok</xName>
      <xBlock>
        <xText>Sygnatura akt IV Ka 512/13</xText>
        <xUnit xIsTitle="true" xBold="true" xType="part">
          <xName>WYROK</xName>
          <xTitle>W IMIENIU RZECZYPOSPOLITEJ POLSKIEJ</xTitle>
          <xText xALIGNx="right">Dnia 31 lipca 2013 roku.</xText>
          
          <xText>Sąd Okręgowy w Świdnicy w IV Wydziale Karnym Odwoławczym w składzie:</xText>
          
          <xRows>
            <xCOLGROUPx>
              <xCOLx xWIDTHx="241"/>
              <xCOLx xWIDTHx="469"/>
            </xCOLGROUPx>
            <xRow>
              <xClmn xALIGNx="left" xVALIGNx="top">
                <xText xALIGNx="right">Przewodniczący :</xText>
              </xClmn>
              <xClmn xALIGNx="left" xVALIGNx="top">
                <xText>SSO Agnieszka Połyniak (spr.)</xText>
              </xClmn>
            </xRow>
            <xRow>
              <xClmn xALIGNx="left" xVALIGNx="top">
                <xText xALIGNx="right">Sędziowie :</xText>
              </xClmn>
              <xClmn xALIGNx="left" xVALIGNx="top">
                <xText>SO Ewa Rusin</xText>
                <xText>SO Adam Pietrzak</xText>
                
              </xClmn>
            </xRow>
            <xRow>
              <xClmn xALIGNx="left" xVALIGNx="top">
                <xText xALIGNx="right">Protokolant :</xText>
              </xClmn>
              <xClmn xALIGNx="left" xVALIGNx="top">
                <xText>Agnieszka Kaczmarek</xText>
              </xClmn>
            </xRow>
          </xRows>
          <xText>przy udziale <xAnon>S. W.</xAnon> przedstawiciela Urzędu Kontroli Skarbowej we <xAnon>W.</xAnon></xText>
          <xText>po rozpoznaniu w dniu 31 lipca 2013 roku</xText>
          <xText>sprawy <xBx><xAnon>G. Ż.</xAnon></xBx></xText>
          <xText>oskarżonej z <xLexLink xArt="art. 54;art. 54 § 1" xIsapId="WDU19970880553" xTitle="Ustawa z dnia 6 czerwca 1997 r. - Kodeks karny" xAddress="Dz. U. z 1997 r. Nr 88, poz. 553">art. 54 § 1 k.k.</xLexLink>s w zw. z <xLexLink xArt="art. 6;art. 6 § 2" xIsapId="WDU19990830930" xTitle="Ustawa z dnia 10 września 1999 r. - Kodeks karny skarbowy" xAddress="Dz. U. z 1999 r. Nr 83, poz. 930">art. 6 § 2 k.k.s.</xLexLink> w zw. z <xLexLink xArt="art. 9;art. 9 § 3" xIsapId="WDU19990830930" xTitle="Ustawa z dnia 10 września 1999 r. - Kodeks karny skarbowy" xAddress="Dz. U. z 1999 r. Nr 83, poz. 930">art. 9 § 3 k.k.s.</xLexLink></xText>
          <xText>
            <xBx>
              <xAnon>Z. Ż.</xAnon>
            </xBx>
          </xText>
          <xText>oskarżonego z <xLexLink xArt="art. 54;art. 54 § 1" xIsapId="WDU19990830930" xTitle="Ustawa z dnia 10 września 1999 r. - Kodeks karny skarbowy" xAddress="Dz. U. z 1999 r. Nr 83, poz. 930">art. 54 § 1 k.k.s.</xLexLink> w zw. z <xLexLink xArt="art. 6;art. 6 § 2" xIsapId="WDU19990830930" xTitle="Ustawa z dnia 10 września 1999 r. - Kodeks karny skarbowy" xAddress="Dz. U. z 1999 r. Nr 83, poz. 930">art. 6 § 2 k.k.s.</xLexLink> w zw. z <xLexLink xArt="art. 9;art. 9 § 3" xIsapId="WDU19990830930" xTitle="Ustawa z dnia 10 września 1999 r. - Kodeks karny skarbowy" xAddress="Dz. U. z 1999 r. Nr 83, poz. 930">art. 9 § 3 k.k.s.</xLexLink></xText>
          <xText>
            <xBx>
              <xAnon>L. S.</xAnon>
            </xBx>
          </xText>
          <xText>oskarżonego z <xLexLink xArt="art. 56;art. 56 § 1" xIsapId="WDU19990830930" xTitle="Ustawa z dnia 10 września 1999 r. - Kodeks karny skarbowy" xAddress="Dz. U. z 1999 r. Nr 83, poz. 930">art. 56 § 1 k.k.s.</xLexLink> i <xLexLink xArt="art. 62;art. 62 § 3" xIsapId="WDU19990830930" xTitle="Ustawa z dnia 10 września 1999 r. - Kodeks karny skarbowy" xAddress="Dz. U. z 1999 r. Nr 83, poz. 930">art. 62 § 3 k.k.s.</xLexLink> w zw. z <xLexLink xArt="art. 6;art. 6 § 2" xIsapId="WDU19990830930" xTitle="Ustawa z dnia 10 września 1999 r. - Kodeks karny skarbowy" xAddress="Dz. U. z 1999 r. Nr 83, poz. 930">art. 6 § 2 k.k.s.</xLexLink> w zw. z <xLexLink xArt="art. 7;art. 7 § 1" xIsapId="WDU19990830930" xTitle="Ustawa z dnia 10 września 1999 r. - Kodeks karny skarbowy" xAddress="Dz. U. z 1999 r. Nr 83, poz. 930">art. 7 § 1 k.k.s.</xLexLink> i <xLexLink xArt="art. 9;art. 9 § 3" xIsapId="WDU19990830930" xTitle="Ustawa z dnia 10 września 1999 r. - Kodeks karny skarbowy" xAddress="Dz. U. z 1999 r. Nr 83, poz. 930">art. 9 § 3 k.k.s.</xLexLink></xText>
          <xText>na skutek apelacji wniesionych przez obrońcę oskarżonych <xAnon>G. Ż.</xAnon>i <xAnon>Z. Ż.</xAnon>, obrońcę oskarżonego <xAnon>L. S.</xAnon></xText>
          <xText>od wyroku Sądu Rejonowego w Kłodzku</xText>
          <xText>z dnia 22 kwietnia 2013 roku, sygnatura akt VI K 5/12</xText>
          <xText>I. uchyla zaskarżony wyrok wobec oskarżonego <xAnon>L. S.</xAnon>i w tym zakresie sprawę przekazuje Sądowi I instancji do ponownego rozpoznania;</xText>
          <xText>II. w pozostałym zakresie tenże wyrok utrzymuje w mocy;</xText>
          <xText>III. zasądza od Skarbu Państwa na rzecz adw. <xAnon>A. D.</xAnon>z Kancelarii Adwokackiej w <xAnon>K.</xAnon>516,60 złotych tytułem kosztów nieopłaconej pomocy prawnej udzielonej z urzędu oskarżonemu <xAnon>L. S.</xAnon>w postępowaniu odwoławczym;</xText>
          <xText>IV. zasądza od oskarżonych <xAnon>G. Ż.</xAnon>i <xAnon>Z. Ż.</xAnon>na rzecz Skarbu Państwa koszty sądowe związane z postępowaniem odwoławczym w tym wymierza im opłaty w kwocie po 500 złotych.</xText>
          
          <xText>Sygnatura akt IV Ka 512/13</xText>
          
          <xText xALIGNx="center">
            <xBx>UZASADNIENIE:</xBx>
          </xText>
          
          <xText>Wyrokiem z dnia 22 kwietnia 2013r. Sąd Rejonowy w Kłodzku, w sprawie o sygn. akt VI K 5/12, uznał:</xText>
          
          <xText><xBx><xUx><xAnon>G. Ż.</xAnon></xUx></xBx>winną tego, że w okresie od 27 kwietnia 2005 roku do 27 września 2005 roku, będąc wspólnikiem spółki jawnej działającej pod firmą: <xAnon>Z. Ż.</xAnon>G. <xAnon>(...) Spółka Jawna</xAnon>z s. w <xAnon>K.</xAnon>( od 08 grudnia 2005 roku zmiana nazwy spółki na: <xAnon>(...) Spółka Jawna</xAnon>z s. W <xAnon>K.</xAnon>) działając w wykonaniu tego samego zamiaru uszczuplenia na szkodę Skarbu Państwa podatku akcyzowego należnego od tej spółki, z naruszeniem przepisów <xLexLink xArt="art. 4;art. 4 ust. 1;art. 4 ust. 1 pkt. 1;art. 6;art. 6 ust. 1;art. 6 ust. 3;art. 11;art. 11 ust. 1;art. 18;art. 18 ust. 1;art. 30;art. 30 ust. 2;art. 63;art. 63 ust. 1;art. 65;art. 65 ust. 1;art. 65 ust. 1 a" xIsapId="WDU20040290257" xTitle="Ustawa z dnia 23 stycznia 2004 r. o podatku akcyzowym" xAddress="Dz. U. z 2004 r. Nr 29, poz. 257">art. 4 ust.1 pkt 1 art. 6 ust.1 i 3, art. 11 ust.1, art. 18 ust.1, art. 30 ust.2, art. 63 ust.1 oraz art. 65 ust.1 i 1a ustawy z dnia 23.01.2004 r. o podatku akcyzowym</xLexLink> ( Dz. U. Nr 29, poz 257 z późn. Zm.) pomimo produkcji „oleju opałowego grzewczego” otrzymywanego z mieszania oleju opałowego lekkiego „<xAnon>(...)</xAnon>” i oleju opałowego ciężkiego w ilościach: kwiecień 2005 r. – 41.482 litrów, maj 2005 r. – 87.705 litrów, czerwiec 2005 r. –8.000 litrów, lipiec 2005 r. – 6.900 litrów, sierpień 2005 r. – 2.000 litrów, wrzesień 2005 r. – 2.000 litrów, uchyliła się od opodatkowania i nie ujawniła organowi podatkowemu – Naczelnikowi Urzędu Celnego w <xAnon>W.</xAnon>przedmiotu i podstawy opodatkowania podatkiem akcyzowym należnym z tytułu dokonywanych w spółce w ramach prowadzonej przez nią działalności gospodarczej czynności mieszania olejów, jak również nie złożyła deklaracji dla podatku akcyzowego – przez co naraziła na uszczuplenie podatek akcyzowy za miesiące kwiecień – wrzesień 2005 r. w łącznej kwocie 291.212 zł, tj. za kwiecień 2005 r. w kwocie 81.613,40 zł, za maj 2005 r. w kwocie 171.799,20 zł, za czerwiec 2005 r. w kwocie 16.000 zł, za lipiec 2005 r. w kwocie 13.800 zł, za sierpień 2005 r. w kwocie 4.000 zł, za wrzesień 2005 r. w kwocie 4.000 zł</xText>
          
          <xText>tj. przestępstwa skarbowego z <xLexLink xArt="art. 54;art. 54 § 2" xIsapId="WDU19990830930" xTitle="Ustawa z dnia 10 września 1999 r. - Kodeks karny skarbowy" xAddress="Dz. U. z 1999 r. Nr 83, poz. 930">art. 54§2 k.k.s.</xLexLink> w zw. z <xLexLink xArt="art. 6;art. 6 § 2" xIsapId="WDU19970880553" xTitle="Ustawa z dnia 6 czerwca 1997 r. - Kodeks karny" xAddress="Dz. U. z 1997 r. Nr 88, poz. 553">art. 6§2 k.k.</xLexLink>s w zw. z. <xLexLink xArt="art. 9;art. 9 § 3" xIsapId="WDU19970880553" xTitle="Ustawa z dnia 6 czerwca 1997 r. - Kodeks karny" xAddress="Dz. U. z 1997 r. Nr 88, poz. 553">art. 9§3 k.k.</xLexLink>s i za to na podstawie <xLexLink xArt="art. 54;art. 54 § 1" xIsapId="WDU19970880553" xTitle="Ustawa z dnia 6 czerwca 1997 r. - Kodeks karny" xAddress="Dz. U. z 1997 r. Nr 88, poz. 553">art. 54§1 k.k.</xLexLink> wymierzył oskarżonej karę 100 stawek dziennych grzywny, ustalając wysokość jednej stawki na kwotę 50 złotych;</xText>
          <xText><xBx><xUx><xAnon>Z. Ż.</xAnon></xUx></xBx>za winnego tego, że w okresie od 27 kwietnia 2005 roku do 27 września 2005 roku, będąc wspólnikiem spółki jawnej działającej pod firmą: <xAnon>Z. Ż.</xAnon>G. <xAnon>(...) Spółka Jawna</xAnon>z s. w <xAnon>K.</xAnon>( od 08 grudnia 2005 roku zmiana nazwy spółki na: <xAnon>(...) Spółka Jawna</xAnon>z s. W <xAnon>K.</xAnon>) działając w wykonaniu tego samego zamiaru uszczuplenia na szkodę Skarbu Państwa podatku akcyzowego należnego od tej spółki, z naruszeniem przepisów <xLexLink xArt="art. 4;art. 4 ust. 1;art. 4 ust. 1 pkt. 1;art. 6;art. 6 ust. 1;art. 6 ust. 3;art. 11;art. 11 ust. 1;art. 18;art. 18 ust. 1;art. 30;art. 30 ust. 2;art. 63;art. 63 ust. 1;art. 65;art. 65 ust. 1;art. 65 ust. 1 a" xIsapId="WDU20040290257" xTitle="Ustawa z dnia 23 stycznia 2004 r. o podatku akcyzowym" xAddress="Dz. U. z 2004 r. Nr 29, poz. 257">art. 4 ust.1 pkt 1 art. 6 ust.1 i 3, art. 11 ust.1, art. 18 ust.1, art. 30 ust.2, art. 63 ust.1 oraz art. 65 ust.1 i 1a ustawy z dnia 23.01.2004 r. o podatku akcyzowym</xLexLink> ( Dz. U. Nr 29, poz 257 z późn. Zm.) pomimo produkcji „oleju opałowego grzewczego” otrzymywanego z mieszania oleju opałowego lekkiego „<xAnon>(...)</xAnon>” i oleju opałowego ciężkiego w ilościach: kwiecień 2005 r. – 41.482 litrów, maj 2005 r. – 87.705 litrów, czerwiec 2005 r. –8.000 litrów, lipiec 2005 r. – 6.900 litrów, sierpień 2005 r. – 2.000 litrów, wrzesień 2005 r. – 2.000 litrów, uchyliła się od opodatkowania i nie ujawniła organowi podatkowemu – Naczelnikowi Urzędu Celnego w <xAnon>W.</xAnon>przedmiotu i podstawy opodatkowania podatkiem akcyzowym należnym z tytułu dokonywanych w spółce w ramach prowadzonej przez nią działalności gospodarczej czynności mieszania olejów, jak również nie złożyła deklaracji dla podatku akcyzowego – przez co naraziła na uszczuplenie podatek akcyzowy za miesiące kwiecień – wrzesień 2005 r. w łącznej kwocie 291.212 zł, tj. za kwiecień 2005 r. w kwocie 81.613,40 zł, za maj 2005 r. w kwocie 171.799,20 zł, za czerwiec 2005 r. w kwocie 16.000 zł, za lipiec 2005 r. w kwocie 13.800 zł, za sierpień 2005 r. w kwocie 4.000 zł, za wrzesień 2005 r. w kwocie 4.000 zł</xText>
          
          <xText>tj. przestępstwa skarbowego z <xLexLink xArt="art. 54;art. 54 § 1" xIsapId="WDU19970880553" xTitle="Ustawa z dnia 6 czerwca 1997 r. - Kodeks karny" xAddress="Dz. U. z 1997 r. Nr 88, poz. 553">art. 54§1 k.k.</xLexLink>s w zw. z <xLexLink xArt="art. 6;art. 6 § 2" xIsapId="WDU19970880553" xTitle="Ustawa z dnia 6 czerwca 1997 r. - Kodeks karny" xAddress="Dz. U. z 1997 r. Nr 88, poz. 553">art. 6§2 k.k.</xLexLink>s w zw. z <xLexLink xArt="art. 9;art. 9 § 3" xIsapId="WDU19970880553" xTitle="Ustawa z dnia 6 czerwca 1997 r. - Kodeks karny" xAddress="Dz. U. z 1997 r. Nr 88, poz. 553">art. 9§3 k.k.</xLexLink>s i za to na podstawie <xLexLink xArt="art. 54;art. 54 § 1" xIsapId="WDU19970880553" xTitle="Ustawa z dnia 6 czerwca 1997 r. - Kodeks karny" xAddress="Dz. U. z 1997 r. Nr 88, poz. 553">art. 54§1 k.k.</xLexLink>s wymierzył mu karę 100 stawek dziennych grzywny, ustalając wysokość jednej stawki na kwotę 50 złotych;</xText>
          <xText><xBx><xUx><xAnon>L. S.</xAnon></xUx></xBx>za winnego tego, że w okresie od 7 grudnia 2005 r. do 28 maja 2005 r. w <xAnon>K.</xAnon>, będąc wspólnikiem spółki jawnej p.n. <xAnon>(...)</xAnon><xAnon>W. K.</xAnon>z s. W <xAnon>K.</xAnon><xAnon>ul. (...)</xAnon>, z naruszeniem przepisów <xLexLink xArt="art. 86;art. 86 ust. 2;art. 86 ust. 2 pkt. 1;art. 86 ust. 2 pkt. 2" xIsapId="WDU20040540535" xTitle="Ustawa z dnia 11 marca 2004 r. o podatku od towarów i usług" xAddress="Dz. U. z 2004 r. Nr 54, poz. 535">art. 86 ust2 pkt 1 i 2 ustawy z dnia 11 marca 2004 r. o podatku od towarów i usług</xLexLink></xText>
          <xText>( Dz. U. Nr 54, poz.535 z późn.zm.), §25 Rozporządzenia Ministra Finansów z dnia 27 kwietnia 2004 r. w sprawie zwrotu podatku niektórym podatnikom, zaliczkowego zwrotu podatku, wystawiania faktur, sposobu ich przechowywania oraz listy towarów i usług, do których nie mają zastosowania zwolnienia od podatku od towarów i usług ( Dz. U. Nr 97, poz.971 z późn.zm.) nie przechowywał dokumentacji księgowej w/w spółki, co polegało na utracie dokumentacji potwierdzającej prawo do rozliczania kwot podatku naliczonego VAT i nie podjęciu stosownych działań w celu odtworzenia tej dokumentacji, poprzez wystąpienie do kontrahentów o uzyskanie duplikatów utraconych dokumentów księgowych, jak również nie dokonał – wobec braku dokumentów księgowych uprawniających do odliczenia podatku VAT związanego z nabyciem towarów i usług – zmian złożonych w Urzędzie Skarbowym w <xAnon>K.</xAnon> deklaracjach VAT-7 za miesiące styczeń – grudzień 2005 r. przez co naraził na uszczuplenie podatek od towarów i usług należny od tej spółki za miesiące styczeń-sierpień i października 2005 r. w łącznej kwocie 368.211 zł, tj. za styczeń 2005 r. w kwocie 36.400 zł, za luty 2005 r. w kwocie 39.933 zł, za marzec 2005 r. w kwocie 67.323 zł, za kwiecień 2005 r. w kwocie 77.796 zł, za maj 2005 r. w kwocie 38.407 zł, za czerwiec 2005 r. w kwocie 61.349 zł, za lipiec 2005 r. w kwocie 32.672 zł, za sierpień 2005 r. w kwocie 12.666 zł, za październik 2005 r. w kwocie 1.665 zł,</xText>
          <xText>tj. przestępstwa skarbowego z <xLexLink xArt="art. 56;art. 56 § 1" xIsapId="WDU19970880553" xTitle="Ustawa z dnia 6 czerwca 1997 r. - Kodeks karny" xAddress="Dz. U. z 1997 r. Nr 88, poz. 553">art. 56§1 k.k.</xLexLink>s i <xLexLink xArt="art. 62;art. 62 § 3" xIsapId="WDU19990830930" xTitle="Ustawa z dnia 10 września 1999 r. - Kodeks karny skarbowy" xAddress="Dz. U. z 1999 r. Nr 83, poz. 930">art. 62§3 k.k.s.</xLexLink> w zw. z <xLexLink xArt="art. 6;art. 6 § 2" xIsapId="WDU19970880553" xTitle="Ustawa z dnia 6 czerwca 1997 r. - Kodeks karny" xAddress="Dz. U. z 1997 r. Nr 88, poz. 553">art. 6§2 k.k.</xLexLink>s i <xLexLink xArt="art. 7;art. 7 § 1" xIsapId="WDU19970880553" xTitle="Ustawa z dnia 6 czerwca 1997 r. - Kodeks karny" xAddress="Dz. U. z 1997 r. Nr 88, poz. 553">art. 7 §1 k.k.</xLexLink>s i <xLexLink xArt="art. 9;art. 9 § 3" xIsapId="WDU19990830930" xTitle="Ustawa z dnia 10 września 1999 r. - Kodeks karny skarbowy" xAddress="Dz. U. z 1999 r. Nr 83, poz. 930">art. 9§3 k.k.s.</xLexLink> i za czyn ten na podstawie <xLexLink xArt="art. 56;art. 56 § 1" xIsapId="WDU19970880553" xTitle="Ustawa z dnia 6 czerwca 1997 r. - Kodeks karny" xAddress="Dz. U. z 1997 r. Nr 88, poz. 553">art. 56§1 k.k.</xLexLink>s w zw. z <xLexLink xArt="art. 7;art. 7 § 2" xIsapId="WDU19970880553" xTitle="Ustawa z dnia 6 czerwca 1997 r. - Kodeks karny" xAddress="Dz. U. z 1997 r. Nr 88, poz. 553">art. 7§2 k.k.</xLexLink>s wymierzył mu karę 50 stawek dziennych grzywny przyjmując, że jedna stawka wynosi 50 złotych.</xText>
          
          <xText>Z rozstrzygnięciem tym nie pogodzili się oskarżeni, którzy za pośrednictwem swych obrońców zaskarżyli wyrok na swoją korzyść.</xText>
          <xText>Obrońca oskarżonego <xAnon>L. S.</xAnon>zaskarżył wyrok w części dotyczącej rozstrzygnięcia o winie oraz karze i na podstawie <xLexLink xArt="art. 438;art. 438 pkt. 2" xIsapId="WDU19970890555" xTitle="Ustawa z dnia 6 czerwca 1997 r. - Kodeks postępowania karnego" xAddress="Dz. U. z 1997 r. Nr 89, poz. 555">art. 438 pkt 2 k.p.k.</xLexLink> w zw. z <xLexLink xArt="art. 113;art. 113 § 1 k" xIsapId="WDU19970890555" xTitle="Ustawa z dnia 6 czerwca 1997 r. - Kodeks postępowania karnego" xAddress="Dz. U. z 1997 r. Nr 89, poz. 555">art. 113§1k</xLexLink>.k.s. zarzucił obrazę przepisów postępowania mająca wpływ na treść wyroku, tj.</xText>
          <xUnit xIsTitle="false" xType="none">
            <xName xSffx=".">1</xName>
            <xText><xLexLink xArt="art. 413;art. 413 § 2" xIsapId="WDU19970890555" xTitle="Ustawa z dnia 6 czerwca 1997 r. - Kodeks postępowania karnego" xAddress="Dz. U. z 1997 r. Nr 89, poz. 555">art. 413§2 k.p.k.</xLexLink> w zw. z <xLexLink xArt="art. 113;art. 113 § 1" xIsapId="WDU19970880553" xTitle="Ustawa z dnia 6 czerwca 1997 r. - Kodeks karny" xAddress="Dz. U. z 1997 r. Nr 88, poz. 553">art. 113§1 k.k.</xLexLink>s poprzez opisanie przypisanego oskarżonego czynu w sposób niedokładny niezrozumiały i nieodpowiadający przyjętej kwalifikacji prawnej</xText>
          </xUnit>
          <xUnit xIsTitle="false" xType="none">
            <xName xSffx=".">2</xName>
            <xText><xLexLink xArt="art. 7" xIsapId="WDU19970890555" xTitle="Ustawa z dnia 6 czerwca 1997 r. - Kodeks postępowania karnego" xAddress="Dz. U. z 1997 r. Nr 89, poz. 555">art. 7 k.p.k.</xLexLink> w zw. z <xLexLink xArt="art. 113;art. 113 § 1" xIsapId="WDU19970880553" xTitle="Ustawa z dnia 6 czerwca 1997 r. - Kodeks karny" xAddress="Dz. U. z 1997 r. Nr 88, poz. 553">art. 113§1 k.k.</xLexLink>s poprzez dokonanie oceny dowodów w sposób powierzchowny i wybiórczy z pominięciem wskazań określonych w <xLexLink xArt="art. 7" xIsapId="WDU19970890555" xTitle="Ustawa z dnia 6 czerwca 1997 r. - Kodeks postępowania karnego" xAddress="Dz. U. z 1997 r. Nr 89, poz. 555">art. 7 k.p.k.</xLexLink> poprzez a) przyjęcie, że oskarżony nie przechowywał dokumentacji księgowej spółki w sytuacji gdy z materiału dowodowego wynikało, że:</xText>
          </xUnit>
          <xText>dokumentacja została usunięta przez oskarżonych <xAnon>G. Ż.</xAnon>i <xAnon>Z. Ż.</xAnon>przed 7 grudnia 2005r. bowiem jak podawał świadek <xAnon>M. Z.</xAnon>(k. 198 – 199 i 203) oskarżeni wynosili kartony z dokumentami we wrześniu i październiku 2005r.</xText>
          <xText>z protokołu kontroli przeprowadzonej w <xAnon>Spółce (...)</xAnon>przez <xAnon>L. K.</xAnon>i <xAnon>A. R.</xAnon>(k. 11) wynikało, że oskarżeni <xAnon>G. Ż.</xAnon>i <xAnon>Z. Ż.</xAnon>1 października 2005r. przekazali niekompletną wręcz szczątkową dokumentację spółki jawnej za 2005r. zaś <xAnon>M. M.</xAnon>i <xAnon>P. M.</xAnon>odebrali dokumentację z pełną świadomością, żę jest niekompletna i bez żadnego jej uzupełnienia a zatem uznanie iżby <xAnon>M. M.</xAnon>i <xAnon>P. M.</xAnon>przekazali oskarżonemu kompletną dokumentację, którą następnie oskarżony utracił było nawet w świetle protokołu – błędne</xText>
          <xUnit xIsTitle="false" xType="none">
            <xName xSffx=")">b</xName>
            <xText>uznanie za niewiarygodne wyjaśnień oskarżonego <xAnon>L. S.</xAnon>(k.456-457), w których wskazywał, że w żaden sposób nie uczestniczył w prowadzeniu <xAnon>spółki (...)</xAnon>z <xAnon>W. K.</xAnon>oraz że udostępnił mu jedynie swój dowód osobisty i podpisał we <xAnon>W.</xAnon>jakieś dokumenty, których treści nie rozumiał, a w <xAnon>K.</xAnon>nigdy nie był, w sytuacji gdy wyjaśnienia te znajdują potwierdzenie w treści zeznań pracowników spółki –<xAnon>A. W.</xAnon>(k.206), który podawał, że nie zna <xAnon>L. S.</xAnon>i pierwszy raz słyszy to nazwisko, <xAnon>M. Z.</xAnon>(k.198-199), który zeznał, że nazwisko <xAnon>S.</xAnon>nic mu nie mówi oraz <xAnon>A. K.</xAnon>przeprowadzającego kontrolę skarbową (k.212), który stwierdził, że pracownicy nie znali numeru telefonu właścicieli, tj. <xAnon>K.</xAnon>i <xAnon>S.</xAnon>,</xText>
          </xUnit>
          <xUnit xIsTitle="false" xType="none">
            <xName xSffx=")">c</xName>
            <xText>uznanie za wiarygodne zeznań świadków <xAnon>P. M.</xAnon>i <xAnon>M. M.</xAnon>, którzy podawali, że mieli kontakt zarówno z <xAnon>W. K.</xAnon>jak też <xAnon>L. S.</xAnon>, że obaj byli na terenie stacji, że <xAnon>L. S.</xAnon>był zorientowany w zakresie działalności spółki i że nie był to laik, że nowym nabywcom przekazane zostały dokumenty księgowe i obaj z tymi dokumentami zapoznali się w sytuacji gdy zeznania tych świadków złożone na rozprawie, jak też ich zeznania wcześniejsze (k.215 i 216 ) w których podawali jakoby nie działali w <xAnon>spółce jawnej (...)</xAnon>w <xAnon>K.</xAnon>, że ich obecność na stacji paliw przy <xAnon>ulicy (...)</xAnon>była sporadyczna i miała związek „ze współpracą handlową” oraz faktem, ze w pobliżu znajdowała się ziemia, którą zamierzali kupić – pozostają w sprzeczności z zeznaniami pracowników <xAnon>spółki (...)</xAnon>– <xAnon>A. W.</xAnon>(k.206 i 209), który podawał, że <xAnon>W. K.</xAnon>widział na stacji dwa razy, <xAnon>L. S.</xAnon>nie znał zaś z pracownikami kontaktowali się <xAnon>M.</xAnon>, którzy zabierali raz w tygodniu dokumentację księgową, polecenia wydawali wyłącznie <xAnon>G.</xAnon>i <xAnon>Z. Ż.</xAnon>, a następnie tj.”potem i do dzisiaj” <xAnon>M. M.</xAnon>co potwierdził też <xAnon>M. Z.</xAnon>(k.198-199 i k.203), który <xAnon>W. K.</xAnon>widział 2 lub 3 razy, <xAnon>L. S.</xAnon>nie widział wcale, nadto odniósł wrażenie, że <xAnon>M. M.</xAnon>jest przedstawicielem właściciela a wszelkie polecenia wydawali <xAnon>Ż.</xAnon>– „a potem do dzisiaj wyłącznie <xAnon>M. M.</xAnon>”,</xText>
          </xUnit>
          <xUnit xIsTitle="false" xType="none">
            <xName xSffx=")">d</xName>
            <xText>nierozważenie zeznań <xAnon>A. R.</xAnon>(k. 545 – 547), który podawał, że już po analizie protokołu zdawczo-odbiorczego przekazania dokumentów <xAnon>M.</xAnon>stwierdził, że dokumentacja była niekompletna, brak było faktur sprzedaży i oświadczeń od kontrahentów o przyjęciu oleju opałowego na cele grzewcze, z których to zeznań wynika, że dokumenty nie były przechowywane przez wymagany okres ponieważ zostały utracone wskutek działania osób trzecich i nieprzekazane wspólnikom spółki <xAnon>(...)</xAnon>– ponieważ zostały wcześniej utracone tj. zniszczone lub usunięte jeszcze przed ich przekazaniem <xAnon>P. M.</xAnon>i <xAnon>M. M.</xAnon>ponieważ jak wynika z powyższych zeznań dokumentacja już w tym czasie była niekompletna – co wyklucza winę w przechowywaniu po stronie oskarżonego.</xText>
          </xUnit>
          <xText>podnosząc powyższe zarzuty obrońca wniósł o zmianę wyroku poprzez uniewinnienie oskarżonego od popełnienia zarzucanego mu czynu.</xText>
          
          <xText>Obrońca oskarżonych <xAnon>G. Ż.</xAnon>i <xAnon>Z. Ż.</xAnon>zaskarżył wyrok w pkt I i II, wnosząc o zmianę zaskarżonego wyroku i uniewinnienie obojga oskarżonych od popełnienia zarzucanego mu czynu, zarzucając:</xText>
          <xUnit xIsTitle="false" xType="none">
            <xName xSffx=")">A</xName>
            <xText>naruszenie prawa materialnego a to <xLexLink xArt="art. 54;art. 54 § 1" xIsapId="WDU19970880553" xTitle="Ustawa z dnia 6 czerwca 1997 r. - Kodeks karny" xAddress="Dz. U. z 1997 r. Nr 88, poz. 553">art. 54§1 k.k.</xLexLink>s poprzez jego błędną interpretację i przyjęcie, że oskarżeni mieli zamiar bezpośredni oraz że prowadzili produkcję oleju opałowego grzewczego ora przyjęcie zamiaru uszczuplenia podatku akcyzowego i przypisanie im sprawstwa popełnienia przestępstwa z <xLexLink xArt="art. 54;art. 54 § 1" xIsapId="WDU19970880553" xTitle="Ustawa z dnia 6 czerwca 1997 r. - Kodeks karny" xAddress="Dz. U. z 1997 r. Nr 88, poz. 553">art. 54§1 k.k.</xLexLink>s podczas gdy oskarżeni takiego zamiaru ani świadomości nie mieli a na stacjach prowadzonych przez oskarżonych <xAnon>G. Ż.</xAnon>i <xAnon>Z. Ż.</xAnon>odbywało się jedynie magazynowanie oleju opałowego bez jakiejkolwiek świadomości i woli jego produkcji gdyż samo magazynowanie nie może być traktowane jako produkcja przy czym oba rodzaje oleju korzystały ze zwolnienia z obniżonej stawki akcyzy i były sprzedawane wyłącznie na cele grzewcze działania oskarżonych nie miały zatem znamion przestępstwa;</xText>
          </xUnit>
          <xUnit xIsTitle="false" xType="none">
            <xName xSffx=")">B</xName>
            <xText>błędy w ustaleniach faktycznych przyjętych za podstawę zaskarżonego wyroku i mające istotny wpływ na jego treść poprzez przyjęcie, że:</xText>
            <xUnit xIsTitle="false" xType="none">
              <xName xSffx=".">1</xName>
              <xText>oskarżeni <xAnon>G. Ż.</xAnon>i <xAnon>Z. Ż.</xAnon>nie pobierali od nabywców przy sprzedaży oleju opałowego stosownego wymaganego oświadczenia o jego przeznaczeniu, podczas gdy:</xText>
              <xUnit xIsTitle="false" xType="none">
                <xName xSffx=".">a</xName>
                <xText>jest to ustalenie dowolne, gdyż brak jest dowodów przeciwnych albowiem większość dokumentacji zaginęła już po jej przekazaniu nabywcom, iż przedmiotowe oświadczenia mogły był podpięte pod paragony,</xText>
              </xUnit>
              <xUnit xIsTitle="false" xType="none">
                <xName xSffx=".">b</xName>
                <xText>sprawdzenie przeznaczenia u jedynego dostępnego odbiorcy potwierdziło prawidłowość i celowość sprzedaży oleju na cele grzewcze,</xText>
              </xUnit>
              <xUnit xIsTitle="false" xType="none">
                <xName xSffx=".">c</xName>
                <xText>prowadzenie sprzedaży oleju opałowego przez oskarżonych <xAnon>G. Ż.</xAnon>i <xAnon>Z. Ż.</xAnon>od 1994 roku i istniejący od wielu lat obowiązek pobierania od nabywców oświadczeń o przeznaczeniu kupowanego oleju bez naruszenia tego obowiązku wskazuje na świadomość ich posiadania brak naruszenia prawa w tym zakresie.</xText>
              </xUnit>
            </xUnit>
            <xUnit xIsTitle="false" xType="none">
              <xName xSffx=".">2</xName>
              <xText>oskarżeni <xAnon>G. Ż.</xAnon>i <xAnon>Z. Ż.</xAnon>nie przekazali wszystkich dokumentów spółki, a w szczególności wymaganych prawem oświadczeń nabywców o jego przeznaczeniu na cele grzewcze, a dodatkowo oskarżeni nawet część dokumentów wywozili podczas gdy:</xText>
              <xUnit xIsTitle="false" xType="none">
                <xName xSffx=".">a</xName>
                <xText>świadek <xAnon>M. M.</xAnon>wskazuje, iż przedmiotowe oświadczenia mogły być podpięte pod paragony,</xText>
              </xUnit>
              <xUnit xIsTitle="false" xType="none">
                <xName xSffx=".">b</xName>
                <xText>z zeznań świadków wynika, iż nabywcy spółki nie kwestionowali, że dokumentów jakichkolwiek dokumentów im brakuje, a byli obeznani,</xText>
              </xUnit>
              <xUnit xIsTitle="false" xType="none">
                <xName xSffx=".">c</xName>
                <xText>żaden ze świadków nawet pośrednio nie potwierdził, aby oskarżeni wywozili dokumenty finansowe spółki, a przede wszystkim takiego zarzutu nawet oskarżonym nie postawiono,</xText>
              </xUnit>
              <xUnit xIsTitle="false" xType="none">
                <xName xSffx=".">d</xName>
                <xText>za ewentualne braki powstałe już po sprzedaży spółki oskarżeni nie mogą ponosić odpowiedzialności,</xText>
              </xUnit>
            </xUnit>
            <xUnit xIsTitle="false" xType="none">
              <xName xSffx=".">3</xName>
              <xText>na którejkolwiek ze stacji oskarżonych <xAnon>G. Ż.</xAnon>i <xAnon>Z. Ż.</xAnon>była prowadzona świadoma produkcja oleju opałowego poprzez ich mieszanie, podczas gdy okoliczności tej nie potwierdził żaden ze świadków, z zeznań księgowego świadka <xAnon>R. B.</xAnon>wynikało, iż nikt nie miał świadomości nabywania różnych olejów, a wszystkie dostawy posiadały atesty i były olejami grzewczymi i korzystały z obniżonej stawki akcyzy,</xText>
            </xUnit>
            <xUnit xIsTitle="false" xType="none">
              <xName xSffx=".">4</xName>
              <xText>oskarżeni <xAnon>G. Ż.</xAnon>i <xAnon>Z. Ż.</xAnon>wyprodukowali w okresie od kwietnia do września 2005 roku łącznie 148.087 litrów oleju opałowego grzewczego w celu uszczuplenia podatku akcyzowego w łącznej kwocie 291.212 złotych, podczas gdy ustalenia takie są całkowicie dowolne i stanowią jedynie spekulacje świadka <xAnon>A. R.</xAnon>, zaś z doświadczenia życiowego oraz z podstawowycfh zasad logiki wynika, że takie zachowanie oskarżonych byłoby całkowicie pozbawione sensu z punktu widzenia rentowności prowadzonego przez nich przedsiębiorstwa. Z ustaleń Sądu wynika bowiem, iż oskarżeni mieliby prowadzić świadomą produkcję oleju opałowego grzewczego podlegającego podatkowi akcyzowemu bez zwolnienia z zakupionych partii innego grzewczego oleju opałowego, które korzystały ze zwolnienia z obniżonej stawki akcyzy i w ten sposób nakładać na siebie obowiązek zapłacenia dodatkowego podatku akcyzowego zwiększającego obciążenia finansowe swojej działalności gospodarczej, która z istoty polega na osiąganiu zysku.</xText>
            </xUnit>
            <xUnit xIsTitle="false" xType="none">
              <xName xSffx=".">5</xName>
              <xText>do mieszania oleju opałowego lekkiego i ciężkiego na stacji oskarżonych <xAnon>G. Ż.</xAnon>i <xAnon>Z. Ż.</xAnon>musiało dochodzić z uwagi na wielkości dostaw i pojemność cysterny, podczas gdy przedmiotowa cysterna posiadała 3 odrębne komory, a brak dokumentacji sprzedaży wyklucza możliwość ustalenia stanu posiadania oleju poszczególnego rodzaju w chwili kolejnego zakupu, stąd wnioskowanie o nieuchronności i konieczności mieszania jest wnioskowaniem dowolnym i ustaleniem bezpodstawnym, tym bardziej, że świadkowie wprost zaprzeczali aby dochodziło do mieszania obu olejów.</xText>
            </xUnit>
          </xUnit>
          <xText>c. naruszenie przepisów prawa materialnego, a to <xLexLink xArt="art. 5;art. 5 § 2;art. 7" xIsapId="WDU19970890555" xTitle="Ustawa z dnia 6 czerwca 1997 r. - Kodeks postępowania karnego" xAddress="Dz. U. z 1997 r. Nr 89, poz. 555">art. 5§2, art. 7 kpk</xLexLink>, <xLexLink xArt="art. 1;art. 1 § 3;art. 4;art. 4 § 1;art. 4 § 2" xIsapId="WDU19990830930" xTitle="Ustawa z dnia 10 września 1999 r. - Kodeks karny skarbowy" xAddress="Dz. U. z 1999 r. Nr 83, poz. 930">art. 1§3, art. 4§1 i 2 kks</xLexLink> i art. 21§1 pkt 2 ustawy Ordynacja podatkowa poprzez przyjęcie, że działanie oskarżonych jest zawinione i świadome w formie winy umyślnej, w sytuacji, w której najistotniejsze ustalenia stanu faktycznego, stanowiące podstawę skazania są oparte na dowolnych i nieznajdujących potwierdzenia w materiale dowodowym założeniach, stojących wręcz w sprzeczności z treścią zeznań świadków oraz z wyjaśnieniami oskarżonych.</xText>
          
          <xText xALIGNx="center">
            <xBx>Sąd odwoławczy zważył, co następuje:</xBx>
          </xText>
          
          <xText>Jedynie apelacja obrońcy <xAnon>L. S.</xAnon>- i to częściowo - zasługuje na uwzględnienie, choć wniosek o uniewinnienie oskarżonego jest co najmniej przedwczesny. Zaskarżony wyrok wydany został bowiem z naruszeniem przepisów postępowania tej rangi, że rzutowało to na wynik tego postępowania.</xText>
          <xText>Odnosząc się do samej apelacji obrońcy <xAnon>L. S.</xAnon>, to zgodzić się należy, że ocena zeznań świadków nie może być zaaprobowana. Wbrew bowiem ustaleniom poczynionym przez sąd orzekający, świadkowie – pracownicy obsługujący stacje benzynowe, tj. <xAnon>M. Z.</xAnon>i <xAnon>A. W.</xAnon>- nie potwierdzili, by widzieli <xAnon>L. S.</xAnon>i by kontaktowali się z nim w jakiejkolwiek sprawie tyczącej prowadzenia firmy.</xText>
          <xText>To jedynie <xAnon>P. M.</xAnon>oraz <xAnon>M. M.</xAnon>, który nota bene nadal jest osobą prowadzącą faktyczną działalność (sam ten fakt jest co najmniej zastanawiający), utrzymywali, że <xAnon>L. S.</xAnon>był zaangażowany w działalność spółki po jej zakupie.</xText>
          <xText>Sąd meriti w ogóle nie odniósł się do tego, że spółka w przeciągu dwóch miesięcy dwukrotnie była przedmiotem zbycia i to za pośrednictwem właśnie braci <xAnon>M.</xAnon>, którzy przez moment byli jej właścicielami.</xText>
          <xText>Najpierw 01.10.2005r. <xAnon>G. Ż.</xAnon>i <xAnon>Z. Ż.</xAnon>, jako wspólnicy spółki jawnej, zbyli swoje udziały na rzecz <xAnon>P.</xAnon>i <xAnon>M. M.</xAnon>, a ci już 07.12.2005r. sprzedali udziały <xAnon>L. S.</xAnon>i <xAnon>W. K.</xAnon>. W tym czasie dokumenty potwierdzające prowadzenie działalności w 2005r. (do 01.10.2005r.) także przekazane były przez oskarżonych <xAnon>G. Ż.</xAnon>i <xAnon>Z. Ż.</xAnon><xAnon>P. M.</xAnon>i <xAnon>M. M.</xAnon>, a ci następnie tę samą dokumentację przekazali ostatnim nabywcom.</xText>
          <xText>Tym samym rzeczą sądu orzekającego było ustalenie czy <xAnon>L. S.</xAnon>przejął tę samą dokumentację, którą otrzymali bracia <xAnon>M.</xAnon>, co potwierdzili protokołem zdawczo – odbiorczym z dnia nabycia udziałów, oraz czy miał możliwość ją uzupełnić, tj. ustalić kontrahentów, by zwrócić się do nich o nadesłanie duplikatów faktur. Konieczne jest zatem zweryfikowanie linii obrony oskarżonego, a tego sąd zaniechał. <xAnon>W. K.</xAnon>na powyższe okoliczności właściwie nie został przesłuchany, a w sprawie nie występuje nawet jako świadek.</xText>
          <xText>W tym też zakresie apelującemu należy przyznać rację. Natomiast wynik postępowania będzie zależał od dokonania prawidłowych, bo kompleksowych ustaleń co do rzeczywistego udziału i roli <xAnon>L. S.</xAnon>w przejęciu i „prowadzeniu” <xAnon>spółki (...)</xAnon>.</xText>
          <xText>Istotnie zgodnie z brzmieniem <xLexLink xArt="§ 25;§ 25 ust. 1" xIsapId="WDU20040970971" xTitle="Rozporządzenie Ministra Finansów z dnia 27 kwietnia 2004 r. w sprawie zwrotu podatku niektórym podatnikom, zaliczkowego zwrotu podatku, zasad wystawiania faktur, sposobu ich przechowywania oraz listy towarów i usług, do których nie mają zastosowania zwolnienia od podatku od towarów i usług" xAddress="Dz. U. z 2004 r. Nr 97, poz. 971">§ 25 ust. 1 Rozporządzenia Ministra Finansów z dnia 27.04.2004r. w sprawie zwrotu podatku niektórym podatnikom, zaliczkowego zwrotu podatku, zasad wystawienia faktur, sposobu ich przechowywania oraz listy towarów i usług, do których nie mają zastosowania zwolnienia od podatku od towarów i usług</xLexLink> (Dz.U. 2004/97/971) nakłada na sprzedawcę obowiązek, na wniosek nabywcy ponownego wystawienia faktury, które zobowiązani są przechowywać do czasu upływu terminu przedawnienia zobowiązania podatkowego (§26 ust. 1 tego rozporządzenia).</xText>
          <xText>Nadto w toku postępowania podatkowego to na podatniku, chcącym skorzystać z prawa do odliczenie podatku naliczonego ciąży obowiązek przedłożenia duplikatów faktur (np. wyrok WSA w Kielcach z dnia 25.11.2010r., sygn. akt ISA/Ke 577/10, LEX nr 749036), a przepisy podatkowe nie przewidują zwolnienia podatnika od obowiązku udokumentowania prawa do obniżenia podatku należnego o podatek naliczony , nawet w wypadkach losowych (kradzieży) (np. wyrok WSA w Bydgoszczy z dnia 23.03.2010r. sygn. akt I S.A./Bd 12/10, LEX nr 606394).</xText>
          <xText>Niemniej okoliczności związane z przyczyną takiego wielokrotnego odsprzedawania udziałów spółki i przekazywania dokumentów w określonym stanie (jak również sygnalizowaną kwestię dostępu do tych dokumentów oskarżonych <xAnon>Ż.</xAnon>i roli <xAnon>M. M.</xAnon>), winien sąd I instancji wziąć pod uwagę oceniając zachowanie <xAnon>L. S.</xAnon>. Jednakże kwestie te będą mogły być rozważone dopiero wówczas, gdy prawidłowo zostanie przeprowadzone postępowanie w sprawie.</xText>
          <xText>Sąd meriti został bowiem poinformowany przez <xAnon>L. S.</xAnon>, że nie stawi się na rozprawę ze względu na stan zdrowia (k. 340, 401), dołączając zaświadczenia lekarskie z okresu wcześniejszego oraz zdjęcia (k. 402), a następnie przesłał oświadczenie o wyrażeniu zgody na prowadzenie rozprawy pod jego nieobecność (k. 350).</xText>
          <xText>Mimo tych informacji stan zdrowia <xAnon>L. S.</xAnon>nie został zweryfikowany pod kątem tego czy może uczestniczyć w rozprawie. Zamiast tego wydał sąd postanowienie o przesłuchaniu oskarżonego w ramach pomocy prawnej. Taką możliwość przewiduje <xLexLink xArt="art. 396;art. 396 § 2" xIsapId="WDU19970890555" xTitle="Ustawa z dnia 6 czerwca 1997 r. - Kodeks postępowania karnego" xAddress="Dz. U. z 1997 r. Nr 89, poz. 555">art. 396§2 k.p.k.</xLexLink>, innej podstawy prawnej przesłuchania bez zachowania zasady bezpośredniości obowiązujący <xLexLink xArt="" xIsapId="WDU19970890555" xTitle="Ustawa z dnia 6 czerwca 1997 r. - Kodeks postępowania karnego" xAddress="Dz. U. z 1997 r. Nr 89, poz. 555">Kodeks postępowania karnego</xLexLink> nie zawiera. Jednakże w ten sposób możliwe jest przesłuchanie tylko <xUx>świadka</xUx>!</xText>
          <xText>Sam sąd nie wskazał przepisu, w oparciu o który zwrócił się do Sądu Rejonowego w Legnicy o przesłuchanie oskarżonego (k. 417). Mimo tego sąd wezwany czynność tę przeprowadził, co także budzi zdziwienie. Otwartym pozostaje pytanie w oparciu o jakie regulacje prawne czynność ta została przeprowadzona, by mogła być skuteczna?</xText>
          <xText>Tym samym uznać należy, że doszło w toku procedowania do poważnego naruszenia prawa, mającego – jak się wydaje - rangę bezwzględnej przyczyny odwoławczej w rozumieniu <xLexLink xArt="art. 439;art. 439 § 1;art. 439 § 1 pkt. 11" xIsapId="WDU19970890555" xTitle="Ustawa z dnia 6 czerwca 1997 r. - Kodeks postępowania karnego" xAddress="Dz. U. z 1997 r. Nr 89, poz. 555">art. 439§1 pkt 11 k.p.k.</xLexLink> Sąd prowadził bowiem rozprawę pod nieobecność oskarżonego, którego obecność i niezbędność złożenia wyjaśnień sam uznał za obowiązkową. Nie skorzystał bowiem z przepisów tyczących prowadzenia rozprawy pod nieobecność oskarżonego. Zatem obecność <xAnon>L. S.</xAnon>na rozprawie była obowiązkowa.</xText>
          <xText>Skoro zatem na podstawie pism i dokumentów, które oskarżony przedłożył można było powziąć wątpliwość co do stanu jego zdrowia i możności uczestniczenia w rozprawie, sąd winien był w pierwszej kolejności rozważyć zasadność przeprowadzenia dowodu z opinii biegłego z zakresu medycyny sądowej, a następnie w zależności od wyników tej czynności albo wyłączyć sprawę <xAnon>L. S.</xAnon>od odrębnego rozpoznania i zawiesić postępowanie na czas trwania przeszkody, albo podjąć kroki, by zapewnić obecność na pierwszym terminie.</xText>
          <xText>Z tego też powodu zaskarżony wyrok w części tyczącej <xAnon>L. S.</xAnon>nie mógł się ostać i konieczne było jego uchylenie oraz przekazanie sprawy do ponownego rozpoznania.</xText>
          <xText>Odnosząc się natomiast do apelacji obrońcy oskarżonych <xAnon>G. Ż.</xAnon>i <xAnon>Z. Ż.</xAnon>, to jest ona niezasadna i stanowi nader subiektywną i oderwaną od jednoznacznych relacji świadków polemikę z obowiązującymi ówcześnie przepisami regulującymi kwestie związane ze sprzedażą oleju opałowego grzewczego i zwolnieniami od obowiązku podatkowego.</xText>
          <xText>Jak wynika z prawidłowych ustaleń sądu oskarżeni dysponowali jedną cysterną, w której składowano olej opałowy grzewczy. Tu ani oskarżeni, ani świadkowie okoliczności tej nie negują.</xText>
          <xText>Bezsporne jest także to, że małżonkowie <xAnon>Ż.</xAnon>, prowadząc działalność gospodarczą od końca lat 90-tych, spółkę jawną założyli w lipcu 2001r. i do samego początku zajmowali się handlem paliwami. Zatem nie byli nowicjuszami, lecz profesjonalistami, którzy – co należy przyjąć za pewnik – zasady prowadzenia tej działalności znali, tym bardziej że korzystali z obniżenia podatku akcyzowego związanego ze sprzedażą oleju opałowego grzewczego i podejmowali decyzje dotyczące zakupu poszczególnych wyrobów na preferencyjnych stawkach podatkowych, które następnie odsprzedawali. To z kolei wiązało się z dodatkowymi wymogami ciążącymi na nich, a które podlegały kontroli ze strony organów podatkowych. I ta kwestia była oskarżonym znana. Zatem z konsekwencjami naruszenia tych zasad nie tylko się liczyli, ale – co wynika z ich zachowania – starali się ich uniknąć. Trudno bowiem uznać za przypadek, że właściwie cała dokumentacja związana z handlem olejem opałowym, w tym i jego zakupem przez oskarżonych, „zaginęła”.</xText>
          <xText>Z ustaleń poczynionych przez kontrolujący inspektorów Urzędu Kontroli Skarbowej wynika jednoznacznie, że w okresie objętym zarzutem oskarżeni dokonywali zakupu zarówno oleju opałowego grzewczego tzw. lekkiego oraz ciężkiego (np. 29 – 32v). Oba rodzaje mają inne parametry grzewcze, inne zastosowanie. Stanowią zatem różne produkty.</xText>
          <xText>Skoro przy tym była tylko jedna cysterna, do której zlewano oba rodzaje oleju, to nie ulega wątpliwości to, że dochodziło do jego mieszania.</xText>
          <xText>Gdy uwzględni się nader jednoznaczne w tym względzie regulacje Ustawy o podatku akcyzowym (Dz.U nr 29, poz. 257 ze zm.), a przede wszystkim art. 63 ust.2, który stanowi, że <xBx><xUx>producentem</xUx></xBx> olejów opałowych jest również podmiot, który <xBx><xUx>wytarza oleje opałowe w drodze mieszania</xUx></xBx> lub przekwalifikowania komponentów paliwowych, to nie ulega wątpliwości, że oskarżenie mieszając oba rodzaje olejów opałowych wytwarzali nowy rodzaj oleju o parametrach różnych od tych, które pierwotnie zlewali do jednej cysterny. Świadomość wymieszenia i stworzenia „nowej jakości paliwa” nie wymaga większej wiedzy specjalistycznej.</xText>
          <xText>Wszak to oskarżeni decydowali o tym jakiego rodzaju olej zostanie zakupiony i trudno uwierzyć w to, że - jako profesjonaliści – nie wiedzieli, że olej opałowy ciężki stosowany jest do urządzeń o mocy powyżej 200 kW, tj. głównie w przemyśle.</xText>
          <xText>Twierdzenie obrońcy, że oskarżeni nie mieli świadomości i zamiaru naruszenia przepisów ustawy o podatku akcyzowym, a w konsekwencji popełnienie przestępstwa skarbowego z <xLexLink xArt="art. 54;art. 54 § 1" xIsapId="WDU19990830930" xTitle="Ustawa z dnia 10 września 1999 r. - Kodeks karny skarbowy" xAddress="Dz. U. z 1999 r. Nr 83, poz. 930">art. 54§1 kks</xLexLink> nie może być uznane za zasadne i oparte na racjonalnych podstawach.</xText>
          <xText>Właśnie dodatkowo o ich zamiarze świadczy to, że we wskazanym okresie nie tylko naruszyli zasady związane z prowadzoną działalnością, która korzystała ze uprzywilejowanego traktowania co do stawek podatku akcyzowego, ale następnie, by uniknąć tej odpowiedzialności sprzedali udziały w spółce, przekazując już w tym momencie niekompletną dokumentację związaną z dokumentowaniem obrotu olejem opałowym grzewczym. Okoliczność ta wynika wprost z treści protokołu zdawczo – odbiorczego, który sporządzili 01.10.2005r., zaś dalsze usuwanie tej dokumentacji relacjonowali świadkowie – pracownicy stacji, co z kolei należy powiązać z powstałym „łańcuszkiem” kolejnych nabywców <xAnon>spółki (...)</xAnon>oraz ujawnioną decydująca rolą <xAnon>M. M.</xAnon>, który według relacji świadków – pracowników stacji – nie tylko zarządza spółką, ale dysponuje fakturami.</xText>
          <xText>Tu zarzut błędu w ustaleniach faktycznych jest oczywiście chybiony, bowiem ustalenia poczynione zostały w oparciu m.in. o protokół zdawczo – odbiorczy oraz porównanie jego treści z ujawnioną skalą rzeczywistego obrotu olejem i paliwami na stacjach, które prowadzili, co słusznie uwzględnił sąd meriti.</xText>
          <xText>Nadto pomija apelujący to, że podstawą odpowiedzialności karnej skarbowej oskarżonych jest nie to, że prowadzili sprzedaż oleju opałowego grzewczego i nie gromadzili stosowanych oświadczeń o przeznaczeniu tego oleju, lecz to, że w istocie wytwarzali nowy rodzaj paliwa, która to działalność nie była zgłoszona (bo może odbywać się tylko w tzw. „składach podatkowych” - art. 30 ust. 2 ustawy o podatku akcyzowym i nie ujawnili tej okoliczności, co wpływało na określenie przedmiotu i podstawy opodatkowania podatkiem akcyzowym, a w dalszej kolejności naraziło na uszczuplenie tego podatku należnego od oskarżonych.</xText>
          <xText>Tym samym próba wykazania, że oskarżeni dysponowali oświadczeniami nabywców o przeznaczeniu oleju na cele grzewcze oraz zanegowanie „prowadzenia produkcji oleju opałowego”, bo „nikt nie miał świadomości nabywania różnych olejów” i wszystkie dostawy korzystały z obniżonej stawki akcyzy, musi być uznana za nieprzekonywującą.</xText>
          <xText>Wysokość należnego podatku akcyzowego, wynikła z naruszenia zasad sprzedaży oleju, poprzez mieszanie różnych rodzajów i wytwarzanie w ten sposób nowego rodzaju oleju, wynika z prawomocnej decyzji nr <xAnon>(...)</xAnon> z dnia 27.08.2007t. (k 64 – 87), gdzie co do zasady zgodnie z art. 10 ust. 2 ustawy o podatku akcyzowym za podstawę przyjmuje się ilość wyrobów akcyzowych (stawka akcyzy w kwocie na jednostkę wyrobu), zaś w razie niemożności ustalenia tego parametru wobec braku stosowne dokumentacji – przyjmuje się metodę szacunkową (<xLexLink xArt="§ 4;§ 4 ust. 1" xIsapId="WDU20040870825" xTitle="Rozporządzenie Ministra Finansów z dnia 22 kwietnia 2004 r. w sprawie obniżenia stawek podatku akcyzowego" xAddress="Dz. U. z 2004 r. Nr 87, poz. 825">§4 ust. 1 Rozporządzenia Ministra Finansów z dnia 22.04.2004r. w sprawie obniżenia stawek podatku akcyzowego</xLexLink> (Dz.U. Nr 87 poz. 825 ze zm.). Przepis te w sposób jednoznaczny regulują kwestie obliczenia podatku należnego od podatnika, który nie wykaże rzeczywistej ilości wyrobu podlegającego opodatkowaniu.</xText>
          <xText>Zatem i tu z zarzutem obrony zgodzić się nie sposób, tym bardziej, że rygoryzm zasad korzystania z obniżonej stawki akcyzy był oskarżonym od samego początku znany i nie stanowił dla nich żadnego zaskoczenia.</xText>
          <xText>Zarówno sąd odwoławczy, jak i uprzednio sąd orzekający, nie znajduje podstaw do kwestionowania tych wyliczeń, tym bardziej, że podstawą są ujawnione ilości oleju lekkiego i ciężkiego zakupione przez oskarżonych w okresie od 27.04.2005r. do 27.09.2005r.</xText>
          <xText>Nie jest przy tym prawdą, że dokonując sprzedaży oleju oskarżeni dbali o to, by oba rodzaje oleju nie mieszały się, a kontrahenci kupowali odrębnie czy to olej opałowy lekki czy też ciężki. Np. świadek <xAnon>A. W.</xAnon> nic nie wiedział na temat tego, że na stacji w ogóle był olej opałowy ciężki (k. 530v), podobnie <xAnon>M. Z.</xAnon> (k. 530v), a były to osoby, które zajmowały się bezpośrednio sprzedażą. Potwierdziły te osoby i tę okoliczność, że każda partia oleju (w tym i tzw. ciężki, który też był przez oskarżonych kupowany) wlewana była do jednej cysterny i z niej następnie następowała sprzedaż.</xText>
          <xText>Z tego też względu ani zarzut błędu w ustaleniach faktycznych (pkt b.1 do 5 apelacji) ani naruszenia przepisów postępowania (pkt c apelacji) nie zasługuje na uwzględnienie.</xText>
          <xText>Oskarżeni przyjęli bowiem jako linię obrony negację ewidentnie prowadzonej działalności z naruszeniem podstawowych zasad obowiązujących ich na podstawie ustawy o podatku akcyzowym. W tych warunkach o naruszeniu zasady wyrażonej w <xLexLink xArt="art. 5;art. 5 § 2" xIsapId="WDU19970890555" xTitle="Ustawa z dnia 6 czerwca 1997 r. - Kodeks postępowania karnego" xAddress="Dz. U. z 1997 r. Nr 89, poz. 555">art. 5 §2 k.p.k.</xLexLink> w ogóle nie może być mowy.</xText>
          <xText>Niezrozumiały jest przy tym zarzut naruszenia art. 21 §1 pkt 2 ordynacji podatkowej, który tyczy momentu powstania zobowiązania podatkowego (tu doręczenie decyzji organu podatkowego). Nie wyjaśnił skarżący w czym upatruje obrazy tego przepisu, a sąd odwoławczy, w toku kontroli instancyjnej takiego naruszenia także się dopatrzył.</xText>
          <xText>Z tych też względów uznanie sprawstwa i winy oskarżonych <xAnon>G. Ż.</xAnon>i <xAnon>Z. Ż.</xAnon>było oczywiście trafne.</xText>
          <xText>Także wymierzona kara grzywny w okolicznościach niniejszej sprawy nie razi surowością, wręcz przeciwnie uznać ją należy z nader wyważoną i uwzględniającą wszystkie dyrektywy sądowego wymiaru kary. Stanowi zatem sprawiedliwą odpłatę.</xText>
          <xText>Z uwagi na wynik postępowania odwoławczego orzeczono o kosztach tego postępowania (<xLexLink xArt="art. 636;art. 636 § 1" xIsapId="WDU19970890555" xTitle="Ustawa z dnia 6 czerwca 1997 r. - Kodeks postępowania karnego" xAddress="Dz. U. z 1997 r. Nr 89, poz. 555">art. 636§1 k.p.k.</xLexLink> w zw. z <xLexLink xArt="art. 113;art. 113 § 1" xIsapId="WDU19990830930" xTitle="Ustawa z dnia 10 września 1999 r. - Kodeks karny skarbowy" xAddress="Dz. U. z 1999 r. Nr 83, poz. 930">art. 113§1 kks</xLexLink>) i obciążono nimi oskarżonych, w tym wymierzono im opłaty w kwotach po 500 złotych (<xLexLink xArt="art. 8" xIsapId="WDU19730270152" xTitle="Ustawa z dnia 23 czerwca 1973 r. o opłatach w sprawach karnych" xAddress="Dz. U. z 1973 r. Nr 27, poz. 152">art. 8 Ustawy o opłatach w sprawach karnych z dn. 23.06.1973r.</xLexLink> w zw. z art.3 ust.1 tej ustawy)</xText>
        </xUnit>
      </xBlock>
    </xPart>
  </judgement>
<judgement id="155000000000503_I_ACa_000754_2013_Uz_2013-08-12_001">
    <xPart xEditorFullName="Małgorzata Kurek" xYear="2013" xLang="PL" xPublisherFullName="Monika Kurkowiak" xFromPg="1" xEditor="mkurek" xVolType="15/500000/0000503/ACa" xPublisher="mkurkowiak" xDocType="Uz" xVolNmbr="000754" xVersion="1.0" xToPage="6" xFlag="published">
      <xName>Wyrok+Uzasadnienie</xName>
      <xBlock>
        <xText>Sygn. akt I A Ca 754/13</xText>
        <xUnit xIsTitle="true" xBold="true" xType="part">
          <xName>WYROK</xName>
          <xTitle>W IMIENIU RZECZYPOSPOLITEJ POLSKIEJ</xTitle>
          <xText xALIGNx="right">Dnia 31 lipca 2013 r.</xText>
          
          <xText>Sąd Apelacyjny we Wrocławiu – Wydział I Cywilny w składzie:</xText>
          
          <xRows>
            <xCOLGROUPx>
              <xCOLx xWIDTHx="219"/>
              <xCOLx xWIDTHx="398"/>
            </xCOLGROUPx>
            <xRow>
              <xClmn xALIGNx="left" xVALIGNx="middle">
                <xText xALIGNx="right">Przewodniczący:</xText>
              </xClmn>
              <xClmn xALIGNx="left" xVALIGNx="middle">
                <xText>SSA Jan Gibiec</xText>
              </xClmn>
            </xRow>
            <xRow>
              <xClmn xALIGNx="left" xVALIGNx="top">
                <xText xALIGNx="right">Sędziowie:</xText>
              </xClmn>
              <xClmn xALIGNx="left" xVALIGNx="middle">
                <xText>SSA Małgorzata Bohun</xText>
                <xText>SSA Franciszek Marcinowski (spr.)</xText>
              </xClmn>
            </xRow>
            <xRow>
              <xClmn xALIGNx="left" xVALIGNx="middle">
                <xText xALIGNx="right">Protokolant:</xText>
              </xClmn>
              <xClmn xALIGNx="left" xVALIGNx="middle">
                <xText>Justyna Łupkowska</xText>
              </xClmn>
            </xRow>
          </xRows>
          
          <xText>po rozpoznaniu w dniu 31 lipca 2013 r. we Wrocławiu na rozprawie</xText>
          <xText>sprawy z powództwa <xBx><xAnon> (...) Związkowi Organizacji (...)</xAnon> we <xAnon>W.</xAnon></xBx></xText>
          <xText>przeciwko <xBx><xAnon> (...) S.A.</xAnon> w <xAnon>S.</xAnon></xBx></xText>
          <xText>o zapłatę</xText>
          <xText>na skutek apelacji strony powodowej</xText>
          <xText>od wyroku Sądu Okręgowego we Wrocławiu</xText>
          <xText>z dnia 14 marca 2013 r. sygn. akt I C 186/12</xText>
          
          <xText>
            <xBx>uchyla zaskarżony wyrok i sprawę przekazuje Sądowi Okręgowemu we Wrocławiu do ponownego rozpoznania, pozostawiając temu Sądowi rozstrzygnięcie o kosztach postępowania apelacyjnego. </xBx>
          </xText>
        </xUnit>
        <xUnit xIsTitle="true" xBold="true" xType="part">
          <xName>UZASADNIENIE</xName>
          <xText>Sąd Okręgowy we Wrocławiu wyrokiem z dnia 14 marca 2013 r. oddalił powództwo <xAnon> (...) Związku Organizacji (...)</xAnon> we <xAnon>W.</xAnon> przeciwko <xAnon> (...) S.A.</xAnon> w <xAnon>S.</xAnon> o zapłatę kwoty 76.576,05 zł z odsetkami tytułem wyrównania szkody zalaniowej.</xText>
          <xText>Sąd Okręgowy ustalił, że w dniu 15 lutego 2010 r. powód zawarł z pozwanym umowę ubezpieczenia od ognia i innych zdarzeń losowych. Zgodnie z polisą, okres ubezpieczenia rozpoczynał się w dniu 16 lutego 2010 r. i kończył 15 lutego 2011 r. Składka ubezpieczeniowa, wynosząca 1.143 zł, miała być zapłacona jednorazowo do dnia 24 lutego 2010 r. W piśmie z 16 marca 2010 r. strona pozwana zawiadomiła powoda, że nie odnotowała wpłaty składki ubezpieczeniowe i wezwała do jej zapłaty w terminie 7 dni, informując jednocześnie, że brak zapłaty we wskazanym terminie spowoduje wypowiedzenie umowy przez ubezpieczyciela ze skutkiem na dzień doręczenia pisma, co oznaczać miało ustanie z tym dniem odpowiedzialności ubezpieczyciela i dochodzenie zapłaty składki za okres, przez który ubezpieczyciel ponosił odpowiedzialność.</xText>
          <xText>Zgodnie z Ogólnymi Warunkami Ubezpieczenia <xAnon> (...)</xAnon>, w przypadku gdy ubezpieczyciel ponosił odpowiedzialność przed zapłaceniem składki lub jej pierwszej raty, a składka nie została zapłacona w terminie, ubezpieczyciel mógł wypowiedzieć umowę ze skutkiem natychmiastowym i żądać zapłaty za okres, przez który udzielał ochrony ubezpieczeniowej. W razie braku wypowiedzenia umowa miała wygasać z końcem okresu, na który przypadała niezapłacona składka (§ 90 ust. 2 OWU).</xText>
          <xText>W dniu 5 lipca 2010 r. powód zapłacił pozwanej składkę w kwocie 1.143 zł.</xText>
          <xText>W dniu 27 grudnia 2010 r. powód zgłosił stronie pozwanej szkodę spowodowaną zalaniem zajmowanego przez niego pomieszczenia w dniu 12 grudnia 2010 r., przy czym określił koszt napraw na kwotę 76.576,05 zł. Pozwana pismem z 17 stycznia 2011 r. powiadomiła powoda, że nie może zakończyć postępowania likwidacyjnego w terminie przewidzianym w umowie ubezpieczenia w związku z trwającym wyliczeniem wysokości szkody przez rzeczoznawcę majątkowego. W piśmie z 29 kwietnia 2011 r. pozwana zawiadomiła powoda, że nie znajduje podstaw do wypłaty odszkodowania, ponieważ szkoda nastąpiła „poza okresem wypowiedzenia”. W związku odmową wypłaty odszkodowania, powód zwrócił się do pozwanej z prośbą o przedstawienie kopii wypowiedzenia umowy i potwierdzenia odbioru oraz dowodu zwrotu wpłaconej składki w wysokości 1.143 zł. W dniu 2 sierpnia 2011 r. powód wezwał pozwaną do zapłaty kwoty 76.576,05 zł lub do przystąpienia do czynności zmierzających do oszacowania szkody i wypłaty odszkodowania. Pozwana potrzymała swoje stanowisko, podając, że jej odpowiedzialność ustała na podstawie § 90 ust. 3 Ogólnych Warunków Ubezpieczenia.</xText>
          <xText>Sąd Okręgowy przy tych ustaleniach uznał, że pismo strony pozwanej z 16 marca 2010 r. nie było tylko wezwaniem do zapłaty pod rygorem wypowiedzenia umowy, lecz samo w sobie stanowiło już wypowiedzenie, aczkolwiek zawierało „pewne elementy warunku zawieszającego”, ponieważ wskazano w nim, że brak zapłaty zaległej składki spowoduje wypowiedzenie umowy ze skutkiem na dzień doręczenia pisma. Sąd Okręgowy stwierdził również, że brak było podstaw do ustalenia, że doszło do przedłużenia powodowi terminu uiszczenia składki, a umowa trwała nadal pomimo tego, że składka została zapłacona dopiero w dniu 5 lipca 2010 r. W konsekwencji Sąd Okręgowy uznał, że łącząca strony umowa ubezpieczenia uległa rozwiązaniu z dniem 24 marca 2010 r. na skutek wypowiedzenia dokonanego w piśmie pozwanej z 16 marca 2010r. i pozwana nie jest zobowiązana do zapłaty odszkodowania za szkodę będącą następstwem wypadku ubezpieczeniowego powstałego w dniu 12 grudnia 2010 r., wobec czego powództwo podlega oddaleniu jako bezzasadne.</xText>
          <xText>Powód zaskarżył powyższy wyrok w całości, zarzucając mu błąd w ustaleniach faktycznych, polegający na pominięciu faktu wpłacenia przez powoda na rzecz pozwanej w dniu 5 lipca 2010 r. składki ubezpieczeniowej w kwocie 1.143 zł oraz akceptowania tej wpłaty przez pozwaną do dnia 31.05.2011 r., co doprowadziło Sąd l instancji do mylnego wniosku, iż w chwili wystąpienia szkody (w dniu 12.12.2012 r. stron nie łączyła umowa ubezpieczenia. Zarzucił też naruszenie <xLexLink xArt="art. 60" xIsapId="WDU19640160093" xTitle="Ustawa z dnia 23 kwietnia 1964 r. - Kodeks cywilny" xAddress="Dz. U. z 1964 r. Nr 16, poz. 93">art. 60 k.c.</xLexLink> oraz <xLexLink xArt="art. 809;art. 809 § 1" xIsapId="WDU19640160093" xTitle="Ustawa z dnia 23 kwietnia 1964 r. - Kodeks cywilny" xAddress="Dz. U. z 1964 r. Nr 16, poz. 93">art. 809 § 1 k.c.</xLexLink> przez ich niezastosowanie jako podstawy prawnej umowy ubezpieczenia pomiędzy stronami. Nadto zarzucił naruszenie <xLexLink xArt="art. 814;art. 814 § 2" xIsapId="WDU19640160093" xTitle="Ustawa z dnia 23 kwietnia 1964 r. - Kodeks cywilny" xAddress="Dz. U. z 1964 r. Nr 16, poz. 93">art. 814 § 2 k.c.</xLexLink> oraz § 90 ust. 3 OWU <xAnon> (...)</xAnon> przez błędną wykładnię oświadczenia woli pozwanej, zawartego w piśmie z dnia 16.03.2010 r., wyrażającą się w przyjęciu, iż pozwana miała prawo złożyć powodowi oświadczenie woli zawierające warunkowe wypowiedzenie umowy ze skutkiem wstecznym (<xIx>ex tunc)</xIx> na wypadek spełnienia się warunku, podczas gdy w myśl <xLexLink xArt="art. 814;art. 814 § 2" xIsapId="WDU19640160093" xTitle="Ustawa z dnia 23 kwietnia 1964 r. - Kodeks cywilny" xAddress="Dz. U. z 1964 r. Nr 16, poz. 93">art. 814 § 2 k.c.</xLexLink> prawo pozwanej ograniczało się do możliwości złożenia wypowiedzenia ze skutkiem natychmiastowym (<xIx>ex nunc), </xIx>co doprowadziło Sąd l instancji do nieprawidłowego wniosku, iż umowa z dnia 15.02.2010 r. została skutecznie wypowiedziana przez stronę pozwaną. Wskazując na te zarzuty powód wniósł o uchylenie zaskarżonego wyroku i przekazanie sprawy do ponownego rozpoznania, a na wypadek nieuwzględnienia tego wniosku zgłosił wniosek o wydanie wyroku reformatoryjnego uwzględniającego żądania pozwu. Niezależnie od tego wniósł o zasądzenie od pozwanej kosztów procesu za obie instancje.</xText>
          <xText>W odpowiedzi na apelację strona pozwana wniosła o jej oddalenie, przy czym podniosła, że wobec braku zapłaty składki wolą pozwanej było wypowiedzenie umowy ze skutkiem natychmiastowym, w związku z czym nie sposób uznać, że jej pismo z 17 marca 2010 r. zawierało wypowiedzenie umowy pod warunkiem zawieszającym ze skutkiem wstecznym (w tym miejscu należy zauważyć, że pozwana miała tu niewątpliwie na myśli pismo z dnia 16 marca 2010 r. – k.13 i k.89).</xText>
          
          <xText>
            <xBx>Sąd Apelacyjny zważył, co następuje:</xBx>
          </xText>
          
          <xText>Trafnie Sąd I instancji zauważył, że spór między stronami koncentrował się wokół kwestii skuteczności wypowiedzenia umowy w piśmie pozwanej z 16 marca 2010 r. Ustalenia Sądu I instancji co do treści tego pisma oraz faktu doręczenia go powodowi nie budzą zastrzeżeń i Sąd Apelacyjny, uznając je za prawidłowe, przyjął je za podstawę swojego rozstrzygnięcia. Sąd Apelacyjny nie zgodził się jednak z oceną prawną Sądu Okręgowego, który uznał, że pozwana pismem tym skutecznie wypowiedziała łączącą strony umowę. Przyjęta przez Sąd I instancji interpretacja tego pisma nie znajduje oparcia w jego treści, nie zawiera ono bowiem oświadczenia o wypowiedzeniu umowy, lecz tylko zapowiedź, że brak zapłaty spowoduje wypowiedzenie. Użycie w powyższym zwrocie czasu przyszłego jednoznacznie wskazuje, że wypowiedzenie miało nastąpić dopiero w przyszłości, w sytuacji gdyby powód nie zapłacił zaległej składki w terminie 7 dni od doręczenia mu omawianego pisma. Uszło uwadze Sądu I instancji, że w analizowanym piśmie strona pozwana sama wyraźnie wskazała na różnice skutków braku zapłaty zaległej składki w odniesieniu do ubezpieczeń dobrowolnych majątkowych i osobowych, podając, że w przypadku ubezpieczeń osobowych brak zapłaty składki w terminie wskazanym w wezwaniu do zapłaty spowoduje uznanie umowy za wypowiedzianą (przez ubezpieczającego), natomiast w przypadku ubezpieczeń majątkowych spowoduje wypowiedzenie umowy (przez ubezpieczyciela). W tym miejscu należy dodać, iż pozwana zaznaczyła jednocześnie, że wypowiedzenie przez nią umowy w przypadku braku zapłaty składki miałoby odnieść skutek na dzień doręczenia powodowi pisma wzywającego do zapłaty tej składki, w związku z tym trzeba jednak zauważyć, że takie określenie skutków wypowiedzenia pozostaje w sprzeczności z <xLexLink xArt="art. 814;art. 814 § 2" xIsapId="WDU19640160093" xTitle="Ustawa z dnia 23 kwietnia 1964 r. - Kodeks cywilny" xAddress="Dz. U. z 1964 r. Nr 16, poz. 93">art. 814 § 2 k.c.</xLexLink>, który daje ubezpieczycielowi możliwość wypowiedzenia umowy tylko ze skutkiem natychmiastowym (<xIx>ex nunc</xIx>), nie zaś ze skutkiem wstecznym (<xIx>ex tunc</xIx>). Zatem gdyby nawet przyjąć – jak to uczynił Sąd I instancji – że pismo pozwanej z dnia 16 marca 2010 r. stanowiło wypowiedzenie umowy, to wypowiedzenie takie, zgodnie z <xLexLink xArt="art. 58;art. 58 § 1" xIsapId="WDU19640160093" xTitle="Ustawa z dnia 23 kwietnia 1964 r. - Kodeks cywilny" xAddress="Dz. U. z 1964 r. Nr 16, poz. 93">art. 58 § 1 k.c.</xLexLink>, należałoby uznać za nieważne. Koncepcja Sądu I instancji, że wolą pozwanej było wypowiedzenie umowy ze skutkiem natychmiastowym pod warunkiem zawieszającym, została obalona przez samą stronę pozwaną, która w odpowiedzi na apelację stwierdziła wyraźnie, że jej wolą było wypowiedzenie umowy ze skutkiem natychmiastowym, i że nie sposób uznać, iż jej pismo zawierało wypowiedzenie umowy pod warunkiem zawieszającym.</xText>
          <xText>Przekonanie Sądu I instancji, iż oczywistym jest, że wobec braku zapłaty składki wolą pozwanej było wypowiedzenie umowy ze skutkiem natychmiastowym, nie znajduje też racjonalnego oparcia. W literaturze przedmiotu wskazano, że regulacja zawarta w <xLexLink xArt="art. 814;art. 814 § 2;art. 814 § 2 zd. 2" xIsapId="WDU19640160093" xTitle="Ustawa z dnia 23 kwietnia 1964 r. - Kodeks cywilny" xAddress="Dz. U. z 1964 r. Nr 16, poz. 93">art. 814 § 2 zd. 2 k.c.</xLexLink> nie ma znaczenia, jeżeli niezapłacona składka była składką jednorazową, przypadającą za cały okres ubezpieczenia, bowiem w takim wypadku stosunek ubezpieczenia i tak wygasa wraz z końcem okresu, na który przypadała niezapłacona składka, a ubezpieczyciel może dochodzić zapłaty składki, odsetek za opóźnienie oraz ewentualnie dalszych roszczeń związanych ze zwłoką dłużnika (<xIx>vide</xIx>: Z. Gawlik: Komentarz do art. 814 k.c. [w:] A. Kidyba (red.), Z. Gawlik, A. Janiak, K. Kopaczyńska-Pieczniak, G. Kozieł, E. Niezbecka, T. Sokołowski: Kodeks cywilny. Komentarz. Tom III. Zobowiązania - część szczególna, LEX 2010, z odesłaniem do: M. Krajewski, <xIx>Umowa ubezpieczenia...,</xIx> s. 122; A. Chruścicki, <xIx>Umowa...</xIx>, s. 85). W obowiązującym stanie prawnym strona pozwana nie musiała zatem wypowiadać umowy i nie miała w tym żadnego interesu.</xText>
          <xText>Wobec uznania, że łącząca strony umowa ubezpieczenia nie została skutecznie wypowiedziana, odpadła potrzeba odniesienia się do alternatywnej argumentacji powoda, wskazującej na możliwość odnowienia umowy lub zawarcia kolejnej umowy na dotychczasowych warunkach <xIx>per facta concludentia.</xIx></xText>
          <xText>Oddalenie powództwa przez Sąd Okręgowy na skutek błędnego przyjęcia, że stron nie łączył stosunek obligacyjny, oznacza, że nie doszło do zbadania materialnej podstawy żądania pozwu oraz merytorycznych zarzutów strony pozwanej, odnoszących się do wysokości spornej szkody, a zatem nie doszło do rozpoznanie istoty sprawy. Rodzi to konieczność uchylenia zaskarżonego wyroku i przekazania sprawy do ponownego rozpoznania, w przeciwnym bowiem razie strony byłyby pozbawione jednej merytorycznej instancji (por. T. Ereciński: Kodeks postępowania cywilnego – Komentarz, Wyd. Prawnicze LexisNexis, Warszawa 2007, t. 2, s.147).</xText>
          <xText>Przy ponownym rozpoznaniu sprawy Sąd I instancji powinien przeprowadzić postępowanie dowodowe w zakresie koniecznym do ustalenia wysokości szkody poniesionej przez powoda w następstwie opisanego w pozwie zalania.</xText>
          <xText>Z powyższych względów, na podstawie <xLexLink xArt="art. 386;art. 386 § 4" xIsapId="WDU19640430296" xTitle="Ustawa z dnia 17 listopada 1964 r. - Kodeks postępowania cywilnego" xAddress="Dz. U. z 1964 r. Nr 43, poz. 296">art. 386 § 4 k.p.c.</xLexLink>, Sąd Apelacyjny orzekł jak w sentencji.</xText>
          
          <xText>
            <xIx>bp</xIx>
          </xText>
        </xUnit>
      </xBlock>
    </xPart>
  </judgement>
<judgement id="154505000005127_XVII_AmC_000669_2012_Uz_2013-01-28_001">
    <xPart xEditorFullName="Ewa Naróg" xYear="2012" xLang="PL" xPublisherFullName="Beata Sierpińska" xFromPg="1" xEditor="enarog" xVolType="15/450500/0005127/AmC" xPublisher="bsierpinska" xDocType="Uz" xVolNmbr="000669" xVersion="1.0" xToPage="2" xFlag="published">
      <xName>Wyrok</xName>
      <xBlock>
        <xText>
          <xBx>Sygn. akt XVII AmC 669/12</xBx>
        </xText>
        <xUnit xIsTitle="true" xType="part" xBold="true">
          <xName>WYROK</xName>
          <xTitle>W IMIENIU RZECZYPOSPOLITEJ POLSKIEJ</xTitle>
          <xText xALIGNx="right"> Dnia 28 stycznia 2013 r.</xText>
          <xText><xBx>Sąd Okręgowy w Warszawie – Sąd Ochrony Konkurencji i Konsumentów </xBx>w składzie następującym:</xText>
          <xText><xBx>Przewodniczący:</xBx> SSR (del.) Anna Maria Kowalik</xText>
          <xText>Protokolant: Piotr Hołyś</xText>
          <xText>po rozpoznaniu na rozprawie w dniu 28 stycznia 2013 r. w Warszawie
  </xText>
          <xText>sprawy z powództwa <xBx>
    
      
      Stowarzyszenia <xAnon>(...)</xAnon> w <xAnon>P.</xAnon></xBx></xText>
          <xText>przeciwko <xBx><xAnon>H. K.</xAnon> i <xAnon>M. K. (1)</xAnon> prowadzącym działalność gospodarczą pod <xAnon> firmą (...)</xAnon></xBx></xText>
          <xText>o uznanie postanowień wzorca umowy za niedozwolone</xText>
          <xText xALIGNx="center">
            <xBx>orzeka:</xBx>
          </xText>
          <xUnit xIsTitle="false" xType="none">
            <xName xSffx=".">1</xName>
            <xText>uznaje za niedozwolone i zakazuje pozwanym wykorzystywania w umowach z konsumentami postanowienia wzorca umowy o treści:</xText>
            <xUnit xIsTitle="false" xType="none">
              <xName xSffx=")">a</xName>
              <xText>
                <xBx>
    
    
    
      „W przypadku zawarcia z pominięciem Pośrednika umowy między Klientem, a nabywcą Nieruchomości przedstawionym Klientowi przez Pośrednika, zarówno w czasie obowiązywania niniejszej Umowy jak i po jego zakończeniu, Klient zobowiązuje się do zapłaty na rzecz Pośrednika kary umownej w wysokości 150% wynagrodzenia ustalonego w § 3 ”. </xBx>
              </xText>
            </xUnit>
            <xUnit xIsTitle="false" xType="none">
              <xName xSffx=")">b</xName>
              <xText>
                <xBx>„W przypadku niewykonania / niedotrzymania przez Klienta obowiązków określonych w § 6 ust. 1 powyżej, Klient zobowiązuje się do zapłaty kary umownej w wysokości 0,5% ceny nieruchomości brutto określonej w § 1 niniejszej Umowy”. </xBx>
              </xText>
            </xUnit>
          </xUnit>
          <xUnit xIsTitle="false" xType="none">
            <xName xSffx=".">2</xName>
            <xText>nakazuje pobrać solidarnie od <xBx><xAnon>H. K.</xAnon> i <xAnon>M. K. (1)</xAnon></xBx>na rzecz Skarbu Państwa – Sądu Okręgowego w Warszawie kwotę 600,00 zł (sześćset złotych) tytułem opłaty od pozwu od uiszczenia której powód był zwolniony;</xText>
          </xUnit>
          <xUnit xIsTitle="false" xType="none">
            <xName xSffx=".">3</xName>
            <xText>zasądza od <xBx>
    
    
    
      solidarnie od <xAnon>H. K.</xAnon> i <xAnon>M. K. (2)</xAnon></xBx>na rzecz<xBx>
    
    
    
       Stowarzyszenia <xAnon>(...)</xAnon></xBx> z siedzibą w <xAnon>P.</xAnon> kwotę 360,00 zł (trzysta sześćdziesiąt złotych) tytułem zwrotu kosztów zastępstwa procesowego;</xText>
          </xUnit>
          <xUnit xIsTitle="false" xType="none">
            <xName xSffx=".">4</xName>
            <xText>zarządza publikację prawomocnego wyroku w Monitorze Sądowym i Gospodarczym na koszt pozwanych.</xText>
          </xUnit>
          
          <xText xALIGNx="right">
            <xBx>
              <xIx>SSR Anna Maria Kowalik</xIx>
            </xBx>
          </xText>
        </xUnit>
      </xBlock>
    </xPart>
  </judgement>
<judgement id="154505000001503_V_Ca_002896_2012_Uz_2013-01-28_001">
    <xPart xEditorFullName="Beata Sierpińska" xYear="2012" xLang="PL" xPublisherFullName="Beata Sierpińska" xFromPg="1" xEditor="bsierpinska" xVolType="15/450500/0001503/Ca" xPublisher="bsierpinska" xDocType="Uz" xVolNmbr="002896" xVersion="1.0" xToPage="1" xFlag="published">
      <xName>Wyrok+Uzasadnienie</xName>
      <xBlock>
        <xText>
          <xBx>Sygn. akt V Ca 2896/12</xBx>
        </xText>
        <xUnit xIsTitle="true" xBold="true" xType="part">
          <xName>WYROK</xName>
          <xTitle>W IMIENIU RZECZYPOSPOLITEJ POLSKIEJ</xTitle>
          <xText xALIGNx="right">Dnia 28 stycznia 2013 r.</xText>
          <xText>Sąd Okręgowy w Warszawie V Wydział Cywilny Odwoławczy w składzie:</xText>
          <xText>Przewodniczący -<xBx> SSO Piotr Wojtysiak </xBx></xText>
          <xText>Sędziowie <xBx> SSO Waldemar Beczek (spr.)</xBx></xText>
          <xText>
            <xBx>SSR del. Jerzy Kiper</xBx>
          </xText>
          <xText>Protokolant <xBx> sekr. sądowy Marta Dziekańska</xBx></xText>
          <xText>po rozpoznaniu w dniu<xBx> 28 stycznia 2013 r.</xBx> w Warszawie</xText>
          <xText>na rozprawie</xText>
          <xText>sprawy z powództwa <xAnon>G. R.</xAnon></xText>
          <xText>przeciwko <xAnon>(...)</xAnon></xText>
          <xText>o ustalenie wstąpienia w stosunek najmu lokalu mieszkalnego</xText>
          <xText>na skutek apelacji powoda</xText>
          <xText>od wyroku Sądu Rejonowego dla Warszawy Woli w Warszawie
  </xText>
          <xText>z dnia 17 lipca 2012 r., sygn. akt I C 1109/12</xText>
          
          <xUnit xIsTitle="false" xType="none">
            <xName xSffx=".">I</xName>
            <xText>
              <xBx>
    
      zmienia zaskarżony wyrok w ten sposób, że ustala, iż <xAnon>G. R.</xAnon> wstąpił <xBRx/>w stosunek najmu <xAnon>lokalu numer (...)</xAnon> położonego w <xAnon>W.</xAnon> przy <xBRx/><xAnon>Al. (...)</xAnon> w miejsce zmarłego najemcy <xAnon>C. S.</xAnon><xBRx/>z dniem 6 lipca 1977 r., oraz zasądza od <xAnon>(...)</xAnon> na rzecz <xAnon>G. R.</xAnon> kwotę 407 (czterysta siedem) złotych tytułem zwrotu kosztów procesu; </xBx>
            </xText>
          </xUnit>
          <xUnit xIsTitle="false" xType="none">
            <xName xSffx=".">II</xName>
            <xText>
              <xBx>
    
      zasądza od <xAnon>(...)</xAnon> na rzecz <xAnon>G. R.</xAnon> kwotę 290 (dwieście dziewięćdziesiąt) złotych tytułem zwrotu kosztów procesu w instancji odwoławczej. </xBx>
            </xText>
          </xUnit>
          
          <xText>Sygn. akt V Ca 2896/12</xText>
        </xUnit>
        <xUnit xIsTitle="true" xBold="true" xType="part">
          <xName>UZASADNIENIE</xName>
          <xText>W pozwie z 6 kwietnia 2012r. <xAnon>G. R.</xAnon> wniósł o ustalenie, iż wstąpił w stosunek najmu <xAnon>lokalu mieszkalnego nr (...)</xAnon> przy <xAnon>Al. (...)</xAnon> w <xAnon>W.</xAnon> po zmarłym w dniu 06 lipca 1977 r. dziadku <xAnon>C. S.</xAnon>, wskazując, iż w lokalu tym zamieszkiwał wraz z dziadkiem – najemcą lokalu – od 1968 roku i zamieszkuje w nim nadal.</xText>
          <xText>W odpowiedzi na pozew miasto <xAnon>(...)</xAnon> wniosło o oddalenie powództwa kwestionując fakt stałego zamieszkiwania powoda w spornym lokalu mieszkalnym w dacie śmierci najemcy, oraz podnosząc, że powód nie posiadał interesu prawnego w żądaniu ustalenia wstąpienia w stosunek najmu spornego lokalu.</xText>
          <xText>
            <xBx>
              <xIx>
      
         Wyrokiem z dnia 17 lipca 2012 roku, wydanym w sprawie sygn. akt I C 1109/12 Sąd Rejonowy dla Warszawy Woli w Warszawie oddalił powództwo oraz orzekł o kosztach procesu.</xIx>
            </xBx>
          </xText>
          
          <xText>
            <xUx>Powyższy wyrok zapadł w oparciu o następujące ustalenia i rozważania:</xUx>
          </xText>
          <xText><xAnon>C. S.</xAnon> był najemcą <xAnon>lokalu mieszkalnego nr (...)</xAnon> przy <xAnon>Al. (...)</xAnon> w <xAnon>W.</xAnon>. W lokalu tym zamieszkiwał od urodzenia także wnuk najemcy <xAnon>G. R.</xAnon> – na początku z rodzicami, później zaś sam z młodszym bratem i babcią.</xText>
          <xText><xAnon>C. S.</xAnon> zmarł w dniu 06 lipca 1997 r., w chwili jego śmierci w spornym lokalu zamieszkiwali: żona zmarłego – <xAnon>K. S. (1)</xAnon>, jego dzieci tj. córka <xAnon>W. J.</xAnon> z mężem <xAnon>J. J. (1)</xAnon> i synem <xAnon>J. J. (2)</xAnon>, córka <xAnon>M. R.</xAnon> z mężem i małoletnimi dziećmi <xAnon>G. R.</xAnon> (powodem) oraz <xAnon>P. R.</xAnon>. Jakiś czas po śmierci głównego najemcy dzieci z rodzinami zaczęły się wyprowadzać. Powód pozostał w tym lokalu wraz z babcią i zamieszkuje w nim nadal. Babcia powoda, <xAnon>K. S. (1)</xAnon> uzyskała potwierdzenie wstąpienia w stosunek najmu z mocy prawa w miejsce zmarłego <xAnon>C. S.</xAnon>, zmarła 26 kwietnia 2009r.</xText>
          <xText><xAnon>G. R.</xAnon> ubiegał się u pozwanego o potwierdzenie jego uprawnienia do najmu zajmowanego przez niego lokalu, jednakże spotkał się z decyzją odmowną.</xText>
          <xText>Sąd Rejonowy stwierdził, że powód miał interes prawny w wystąpieniu z przedmiotowym roszczeniem, oraz wskazał, że wstąpienie w stosunek najmu następuje z mocy prawa, a orzeczenie sądu ma jedynie charakter deklaratoryjny.</xText>
          <xText>Sąd I instancji podkreślił, że właściwymi do oceny stanu faktycznego niniejszej sprawy były przepisy obowiązujące w dacie śmierci najemcy: po śmierci głównego najemcy w 2009r. tj. babci powoda <xAnon>K. S. (1)</xAnon> – <xLexLink xArt="art. 691" xIsapId="WDU19640160093" xTitle="Ustawa z dnia 23 kwietnia 1964 r. - Kodeks cywilny" xAddress="Dz. U. z 1964 r. Nr 16, poz. 93">art. 691 k.c.</xLexLink>, którego treść wyklucza wstąpienie wnuka z mocy samego prawa w stosunek najmu oraz treść tego samego przepisu, obowiązującego w dacie śmierci <xAnon>C. S.</xAnon>, zgodnie z którym w razie śmierci najemcy mieszkania osoby bliskie najemcy, które stale z nim mieszkały aż do chwili jego śmierci, wstępowały w stosunek najmu.</xText>
          <xText>Sąd Rejonowy powołał również <xLexLink xArt="art. 8" xIsapId="WDU19740140084" xTitle="Ustawa z dnia 10 kwietnia 1974 r. - Prawo lokalowe" xAddress="Dz. U. z 1974 r. Nr 14, poz. 84">art. 8 ustawy z dnia 10 kwietnia 1974 r. Prawo lokalowe</xLexLink> (Dz. U. z 1974 r., nr 14, poz. 84), wskazując, że powołany przepis precyzował krąg osób bliskich najemcy oraz art. 9 ust 3 tej ustawy (w brzmieniu obowiązującym w dacie śmierci głównego najemcy), zgodnie z którym małżonkowie wspólnie zajmujący lokal mieszkalny byli z mocy prawa najemcami tego lokalu, chociażby umowa najmu została zawarta tylko przez jednego z nich lub przydział lokalu pozostającego w dyspozycji terenowego organu administracji państwowej nastąpił na rzecz jednego z małżonków.</xText>
          <xText>W ocenie Sądu Rejonowego współnajemcą spornego lokalu niewątpliwie była również z mocy prawa żona <xAnon>C. K.</xAnon><xAnon>S.</xAnon> i ją właśnie jako głównego najemcę uznawała strona pozwana, na co wskazywały akta lokalu. Sąd I instancji podniósł, iż każdorazowo, aż do śmierci w 2009r., najemcą określano babcię powoda a dopiero ona, jako główny najemca deklarowała zamieszkiwanie z nią wnuków – <xAnon>P.</xAnon> i <xAnon>G.</xAnon>. Sąd I instancji podkreślił przy tym, iż stosunek najmu ma charakter niepodzielny i w razie śmierci jednego z małżonków nie wygasa, lecz jest kontynuowany przez drugiego małżonka.</xText>
          <xText>Sąd Rejonowy nie podzielił stanowiska Sądu Najwyższego, wyrażonego m.in. w uchwale z dnia 17 listopada 1993 r., sygn. III CZP 154/93, zgodnie z którym w razie śmierci jednego z małżonków będących współnajemcami mieszkania, w stosunek najmu wstępują osoby bliskie wspólnie z nim zamieszkujące, uznając, że bezkrytyczne podzielenie tegoż poglądu stanowiłoby nadużycie prawa, zwłaszcza, iż w świetle obowiązującego aktualnie prawa ustawodawca w sposób wyraźny wykluczył możliwość wstąpienia w stosunek najmu lokalu w razie śmierci jednego tylko ze współnajemców. Sąd I instancji wskazał, iż w dacie śmierci <xAnon>C. S.</xAnon> powód miał 9 lat, a zatem nie posiadał zdolności do czynności prawnych, a nadto zamieszkiwał w spornym lokalu między innymi wraz ze swoimi rodzicami, w związku z czym jego ewentualne prawo do wstąpienia w stosunek najmu należało rozpatrywać jako prawo pochodne od rodziców, a zatem można było ewentualnie przyjąć, że w stosunek najmu wstąpili obok żony głównego najemcy rodzice powoda, nie zaś on sam. Sąd I instancji podkreślił, że w dacie śmierci dziadka, powód nie posiadał zdolności do czynności prawnych i nie mógł uchodzić za stronę stosunku najmu, a tym samym dla stwierdzenia, że powód wstąpił w stosunek najmu <xAnon>lokalu mieszkalnego nr (...)</xAnon> przy <xAnon>Al. (...)</xAnon> w <xAnon>W.</xAnon> koniecznym byłoby w pierwszej kolejności ustalenie, iż w stosunek ten wstąpili jego rodzice, co w ocenie Sądu Rejonowego nie miało jednak miejsca. Sąd I instancji wskazał, że rodzice powoda opuścili sporny lokal wiele lat temu, a ponadto powód pozostawał pod opieką matki, która kierowała jego wychowaniem i reprezentowała go, co oznacza, że miał on do lokalu, w którym zamieszkiwał z matką i dziadkiem, tylko uprawnienia pośrednie poprzez matkę i to ona, a nie powód, mogła zdaniem Sądu Rejonowego ewentualnie żądać ustalenia, że wstąpiła w stosunek najmu.</xText>
          <xText>Odnosząc się do orzecznictwa Sądu Najwyższego Sąd I instancji podniósł, iż dotychczas uznawano, że każda osoba, która zamieszkuje wspólnie z głównym najemcą swoje prawo wywodzi od tego najemcy, czyli z umowy użyczenia i nie występuje obok głównego najemcy jako kolejny najemca, jednak Sąd Rejonowy podkreślił, że gdyby przyjąć pogląd formułowany przez powoda, to wszystkie osoby, które zamieszkiwały z <xAnon>C. S.</xAnon> w dacie jego śmierci, tj. w 1977r. (7 osób), miałyby roszczenie o ustalenie wstąpienia z mocy samego prawa w stosunek najmu nawet po 35 latach.</xText>
          <xText>W tych okolicznościach Sąd I instancji uznał, iż powód wnosząc o ustalenie wstąpienia w stosunek najmu po swoim dziadku <xAnon>C. S.</xAnon>, w istocie zmierzał do obejścia aktualnych przepisów prawa, niedopuszczających możliwości wstąpienia w stosunek najmu wnuków głównego najemcy, w niniejszej sprawie <xAnon>K. S. (1)</xAnon>. W ocenie Sądu I instancji, w XXI wieku, przy zmianie sytuacji ekonomicznej tak kraju jak i samego społeczeństwa – warunkującej zmianę przepisów w zakresie stosunku najmu - nie można po upływie dziesiątek lat bezkrytycznie uwzględniać przepisów z lat 70-tych z tego powodu, że przepisy obecnie obowiązujące nie dają powodowi oczekiwanego przez niego prawa. Zdaniem Sądu I instancji także poglądy Sądu Najwyższego prezentowane przed laty winny podlegać stosownej weryfikacji, tak aby stosowanie nieobowiązujących od lat przepisów, nie prowadziło do sytuacji – w ocenie Sądu Rejonowego – absurdalnych.</xText>
          <xText>Zdaniem Sądu I instancji dziecko nie posiadające zdolności do czynności prawnych, miało prawo zamieszkiwania w danym lokalu o ile zostało tam wprowadzone przez uprawnionego dorosłego, nie mogło być jednak uznawane za samodzielną stronę umowy najmu. Koncepcja ta według Sądu I instancji kłóciłaby się z zasadami logiki i przepisów wyrażonych w <xLexLink xArt="art. 11;art. 12" xIsapId="WDU19640160093" xTitle="Ustawa z dnia 23 kwietnia 1964 r. - Kodeks cywilny" xAddress="Dz. U. z 1964 r. Nr 16, poz. 93">art. 11, 12</xLexLink> i następnych <xLexLink xArt="" xIsapId="WDU19640160093" xTitle="Ustawa z dnia 23 kwietnia 1964 r. - Kodeks cywilny" xAddress="Dz. U. z 1964 r. Nr 16, poz. 93">Kodeksu cywilnego</xLexLink>.</xText>
          <xText>Od powyższego wyroku apelację wniósł powód, skarżąc orzeczenie w całości, zarzucając:</xText>
          <xText>- błąd w ustaleniach faktycznych przyjętych za podstawę rozstrzygnięcia, polegający na przyjęciu, iż fakt, że <xAnon>K. S. (2)</xAnon> była współnajemcą spornego lokalu, wyłączył możliwość wstąpienia w stosunek najmu po zmarłym w dniu 6 lipca 1977r. <xAnon>C. S.</xAnon>, innych osób bliskich (w tym powoda), które to z nim zamieszkiwały w chwili jego śmierci;</xText>
          <xText>- obrazę przepisów prawa materialnego, w zakresie jego wykładni i zastosowania, a mianowicie:</xText>
          <xText>a) art. XXVI ustawy z dnia 23 kwietnia 1964r. - Przepisy wprowadzające kodeks cywilny - poprzez ich niezastosowanie;</xText>
          <xText>b) <xLexLink xArt="art. 691;art. 691 § 5" xIsapId="WDU19640160093" xTitle="Ustawa z dnia 23 kwietnia 1964 r. - Kodeks cywilny" xAddress="Dz. U. z 1964 r. Nr 16, poz. 93">art. 691 § 5 k.c.</xLexLink> - poprzez jego zastosowanie,</xText>
          <xText>c) <xLexLink xArt="art. 691" xIsapId="WDU19640160093" xTitle="Ustawa z dnia 23 kwietnia 1964 r. - Kodeks cywilny" xAddress="Dz. U. z 1964 r. Nr 16, poz. 93">art. 691 k.c.</xLexLink> (w brzmieniu na dzień 6.07.1977r.) - poprzez jego błędne zastosowanie,</xText>
          <xText>d) <xLexLink xArt="art. 8" xIsapId="WDU19640160093" xTitle="Ustawa z dnia 23 kwietnia 1964 r. - Kodeks cywilny" xAddress="Dz. U. z 1964 r. Nr 16, poz. 93">art. 8 k.c.</xLexLink> -poprzez jego niezastosowanie,</xText>
          <xText>e) <xLexLink xArt="art. 10" xIsapId="WDU19640160093" xTitle="Ustawa z dnia 23 kwietnia 1964 r. - Kodeks cywilny" xAddress="Dz. U. z 1964 r. Nr 16, poz. 93">art. 10 k.c.</xLexLink> i <xLexLink xArt="art. 11" xIsapId="WDU19640160093" xTitle="Ustawa z dnia 23 kwietnia 1964 r. - Kodeks cywilny" xAddress="Dz. U. z 1964 r. Nr 16, poz. 93">art. 11 k.c.</xLexLink> -poprzez ich błędne zastosowanie,</xText>
          <xText>f) <xLexLink xArt="art. 8" xIsapId="WDU19740140084" xTitle="Ustawa z dnia 10 kwietnia 1974 r. - Prawo lokalowe" xAddress="Dz. U. z 1974 r. Nr 14, poz. 84">art. 8 ustawy z dnia 10 kwietnia 1974r. - Prawo Lokalowe</xLexLink> (w brzmieniu na dzień 6.07.1977r.) - poprzez jego błędne zastosowanie.</xText>
          <xText>Wskazując na powyższe zarzuty apelujący wniósł o zmianę zaskarżonego wyroku poprzez uwzględnienie powództwa w całości, ewentualnie o jego uchylenie i przekazanie sprawy Sądowi I instancji do ponownego rozpoznania, a także o obciążenie pozwanego kosztami postępowania i zasądzenie od pozwanego na rzecz powoda zwrotu kosztów postępowania - w tym zastępstwa adwokackiego - za obie instancje, według norm przepisanych.</xText>
          
          <xText>
            <xBx>
              <xUx>Sąd Okręgowy zważył, co następuje:</xUx>
            </xBx>
          </xText>
          
          <xText>Apelacja zasługuje na uwzględnienie.</xText>
          <xText>Sąd Rejonowy poczynił wprawdzie prawidłowe ustalenia faktyczne, jednakże dokonał błędnej oceny prawnej tych ustaleń.</xText>
          <xText>Zasadny okazał się zarzut naruszenia <xLexLink xArt="art. 691" xIsapId="WDU19640160093" xTitle="Ustawa z dnia 23 kwietnia 1964 r. - Kodeks cywilny" xAddress="Dz. U. z 1964 r. Nr 16, poz. 93">art. 691 k.c.</xLexLink> w brzmieniu obowiązującym w dacie śmierci <xAnon>C. S.</xAnon>. Niezrozumiałym jest bowiem dlaczego Sąd I instancji uznał, że jego zastosowanie stanowiłoby nadużycie prawa, podnosząc, że w świetle obowiązującego prawa ustawodawca w sposób wyraźny wyklucza możliwość wstąpienia w stosunek najmu lokalu w razie śmierci jednego tylko ze współnajemców. Przyjmując takie stanowisko Sąd I instancji pominął, także powołaną w pisemnych motywach zaskarżonego wyroku okoliczność, iż wstąpienie w stosunek najmu lokalu następuje z mocy prawa, a orzeczenie sądu ma jedynie charakter deklaratoryjny. Sąd Okręgowy stwierdza, iż w tej sytuacji nie ulega wątpliwości, że zastosowanie w sprawie znajduje <xLexLink xArt="art. 691" xIsapId="WDU19640160093" xTitle="Ustawa z dnia 23 kwietnia 1964 r. - Kodeks cywilny" xAddress="Dz. U. z 1964 r. Nr 16, poz. 93">art. 691 k.c.</xLexLink> w brzmieniu obowiązującym 6 lipca 1977r. – tj. w dacie śmierci głównego najemcy <xAnon>lokalu mieszkalnego nr (...)</xAnon> położonego w <xAnon>W.</xAnon> przy <xAnon>Al. (...)</xAnon> w <xAnon>W.</xAnon> i kolejne zmiany w treści tego przepisu, następujące wskutek dokonywanych nowelizacji, pozostają bez wpływu na ocenę roszczenia powoda.</xText>
          <xText>Należy zauważyć, że <xLexLink xArt="art. 691" xIsapId="WDU19640160093" xTitle="Ustawa z dnia 23 kwietnia 1964 r. - Kodeks cywilny" xAddress="Dz. U. z 1964 r. Nr 16, poz. 93">art. 691 k.c.</xLexLink> obowiązujący w lipcu 1977r. przewidywał, iż w razie śmierci najemcy mieszkania, osoby bliskie najemcy, które stale z nim mieszkały, aż do chwili jego śmierci, wstępują w stosunek najmu, zaś <xLexLink xArt="art. 8" xIsapId="WDU19740140084" xTitle="Ustawa z dnia 10 kwietnia 1974 r. - Prawo lokalowe" xAddress="Dz. U. z 1974 r. Nr 14, poz. 84">art. 8 ustawy z dnia 10 kwietnia 1974r. Prawo lokalowe</xLexLink> (Dz. U. z 1974r., Nr 14, poz. 84) precyzował, że do osób bliskich najemcy należą m.in. jego zstępni. Zdaniem Sądu II instancji z treści powołanych przepisów w sposób niebudzący wątpliwości wynika, iż powód zasadnie wnosił o ustalenie, że wstąpił w stosunek najmu objętego pozwem lokalu z chwilą śmierci głównego najemcy, będącego jego dziadkiem. Okoliczność zamieszkiwania powoda w przedmiotowym lokalu w dacie śmierci <xAnon>C. S.</xAnon> nie była przedmiotem sporu, nie ulega także wątpliwości, iż <xAnon>G. R.</xAnon>, będący wnukiem – a więc zstępnym głównego najemcy, należy do kręgu osób bliskich wskazanych w <xLexLink xArt="art. 8" xIsapId="WDU19740140084" xTitle="Ustawa z dnia 10 kwietnia 1974 r. - Prawo lokalowe" xAddress="Dz. U. z 1974 r. Nr 14, poz. 84">art. 8 Prawa lokalowego</xLexLink>. Tym samym, zgodnie z treścią <xLexLink xArt="art. 691" xIsapId="WDU19640160093" xTitle="Ustawa z dnia 23 kwietnia 1964 r. - Kodeks cywilny" xAddress="Dz. U. z 1964 r. Nr 16, poz. 93">art. 691 k.c.</xLexLink>, w brzmieniu obowiązującym 6 lipca 1977r., powód wstąpił w stosunek najmu przedmiotowego lokalu w tej właśnie dacie.</xText>
          <xText>Należy podkreślić, iż powyższy przepis nie wprowadzał żadnych ograniczeń co do ilości osób, które mogą wstąpić w stosunek najmu lokalu po śmierci jego głównego najemcy, ani też w żaden sposób nie różnicował sytuacji wnuków w zależności od tego, czy zamieszkiwały z głównym najemcą wraz ze swoimi rodzicami czy też nie (por. uchwała Sądu Najwyższego z 17 listopada 1993r., III CZP 154/93, LEX 4013, wyrok Sądu Najwyższego z 4 stycznia 1979r., III CRN 271/78, LEX 2367, uchwała Sądu Najwyższego z 19 grudnia 1978r., III CZP 87/78, LEX 2330, wyrok Sądu Najwyższego z 21 maja 2002r., III CKN 599/2000, LEX 56042), a tym samym Sąd Rejonowy niezasadnie uznał, iż prawo <xAnon>G. R.</xAnon> do wstąpienia w stosunek najmu lokalu należało rozpatrywać jako prawo pochodne od rodziców.</xText>
          <xText>Co więcej, powołany przepis nie wykluczał możliwości wstąpienia w stosunek najmu lokalu w razie śmierci tylko jednego współnajemcy (por. uchwała Sądu Najwyższego z 26 lipca 1972r., III CZP 50/72, LEX 1447), a tym samym rozważania Sądu I instancji w tym zakresie, czynione ponadto na bazie aktualnie obowiązujących przepisów, należy uznać za nieadekwatne do okoliczności niniejszej sprawy.</xText>
          <xText>Należy jednocześnie podkreślić, iż wbrew stanowisku Sądu Rejonowego, dla oceny roszczenia powoda bez znaczenia pozostawała także okoliczność, iż w dacie śmierci głównego najemcy miał on 9 lat. Po pierwsze należy bowiem wskazać, iż <xLexLink xArt="art. 691" xIsapId="WDU19640160093" xTitle="Ustawa z dnia 23 kwietnia 1964 r. - Kodeks cywilny" xAddress="Dz. U. z 1964 r. Nr 16, poz. 93">art. 691 k.c.</xLexLink> nie przewidywał żadnych ograniczeń wiekowych osób bliskich najemcy, zamieszkującym z nim aż do jego śmierci, a ponadto nie sposób uznać, aby możliwość wstąpienia w stosunek najmu lokalu zależała od zdolności do czynności prawnych. Apelujący słusznie bowiem zauważył, iż stosownie do treści <xLexLink xArt="art. 8" xIsapId="WDU19640160093" xTitle="Ustawa z dnia 23 kwietnia 1964 r. - Kodeks cywilny" xAddress="Dz. U. z 1964 r. Nr 16, poz. 93">art. 8 k.c.</xLexLink> każdy człowiek od chwili urodzenia ma zdolność prawną, co oznacza zdolność do bycia podmiotem praw i obowiązków cywilnoprawnych, a tym samym zdolność do bycia co najmniej biernym uczestnikiem obrotu. Należy zauważyć, iż wstąpienie w stosunek najmu lokalu następuje z mocy prawa, bez konieczności składania przez wstępującego jakichkolwiek oświadczeń woli, a tym samym nie sposób uznać, aby brak zdolności do czynności prawnych stanowił w tym zakresie jakąkolwiek przeszkodę.</xText>
          <xText>W tych okolicznościach zasadność sformułowanego w pozwie żądania nie budziła żadnych wątpliwości. Należy z całą mocą podkreślić, iż roszczenia tego nie można oceniać, jak to uczynił Sąd I instancji, jako zmierzającego do obejścia aktualnie obowiązujących przepisów prawa. Powód wstąpił bowiem z mocy prawa w stosunek najmu lokalu po swoim dziadku już w roku 1977r., na mocy obowiązujących wówczas przepisów i tak ukształtowany stosunek prawny nie może być kwestionowany z uwagi na dokonywane w następnych latach zmiany przepisów. Skoro orzeczenie Sądu, ustalające wstąpienie w stosunek najmu lokalu mieszkalnego ma charakter deklaratoryjny, to niewątpliwie Sąd stwierdza jedynie stan powstały z mocy prawa – a tym samym, mając na uwadze, że powód 6 lipca 1977r. spełnił przesłanki określone w treści <xLexLink xArt="art. 691" xIsapId="WDU19640160093" xTitle="Ustawa z dnia 23 kwietnia 1964 r. - Kodeks cywilny" xAddress="Dz. U. z 1964 r. Nr 16, poz. 93">art. 691 k.c.</xLexLink> – w brzmieniu obowiązującym w tej dacie – powództwo zasługiwało na uwzględnienie, co oznacza, że zaskarżony wyrok na mocy <xLexLink xArt="art. 386;art. 386 § 1" xIsapId="WDU19640430296" xTitle="Ustawa z dnia 17 listopada 1964 r. - Kodeks postępowania cywilnego" xAddress="Dz. U. z 1964 r. Nr 43, poz. 296">art. 386 § 1 k.p.c.</xLexLink> podlegał odpowiedniej zmianie.</xText>
          <xText>O kosztach postępowania odwoławczego Sąd Okręgowy orzekł na podstawie <xLexLink xArt="art. 98" xIsapId="WDU19640430296" xTitle="Ustawa z dnia 17 listopada 1964 r. - Kodeks postępowania cywilnego" xAddress="Dz. U. z 1964 r. Nr 43, poz. 296">art. 98 k.p.c.</xLexLink> w zw. z <xLexLink xArt="art. 98 § 13;art. 98 § 13 ust. 1;art. 98 § 13 ust. 1 pkt. 1" xIsapId="WDU19640430296" xTitle="Ustawa z dnia 17 listopada 1964 r. - Kodeks postępowania cywilnego" xAddress="Dz. U. z 1964 r. Nr 43, poz. 296">§ 13 ust. 1 pkt 1</xLexLink> w zw. z § 6 pkt 2 Rozporządzenia Ministra Sprawiedliwości z dnia 28 września 2002r. w sprawie opłat za czynności adwokackie oraz ponoszenia przez Skarb Państwa kosztów pomocy prawnej udzielonej z urzędu (Dz. U. z 2002r., Nr 163, poz. 1348 z późn. zm.).</xText>
        </xUnit>
      </xBlock>
    </xPart>
  </judgement>
<judgement id="154505000001503_V_Ca_002856_2012_Uz_2013-01-28_001">
    <xPart xEditorFullName="Beata Sierpińska" xYear="2012" xLang="PL" xPublisherFullName="Beata Sierpińska" xFromPg="1" xEditor="bsierpinska" xVolType="15/450500/0001503/Ca" xPublisher="bsierpinska" xDocType="Uz" xVolNmbr="002856" xVersion="1.0" xToPage="6" xFlag="published">
      <xName>Wyrok+Uzasadnienie</xName>
      <xBlock>
        <xText>
          <xBx>Sygn. akt V Ca 2856/12</xBx>
        </xText>
        <xUnit xIsTitle="true" xType="part" xBold="true">
          <xName>WYROK</xName>
          <xTitle>W IMIENIU RZECZYPOSPOLITEJ POLSKIEJ</xTitle>
          <xText xALIGNx="right">Dnia 28 stycznia 2013 r.</xText>
          <xText>Sąd Okręgowy w Warszawie V Wydział Cywilny Odwoławczy w składzie:</xText>
          <xText>Przewodniczący -<xBx> SSO Piotr Wojtysiak </xBx></xText>
          <xText>Sędziowie <xBx> SSO Waldemar Beczek (spr.)</xBx></xText>
          <xText>
            <xBx>SSR del. Jerzy Kiper</xBx>
          </xText>
          <xText>Protokolant <xBx> sekr. sądowy Marta Dziekańska</xBx></xText>
          <xText>po rozpoznaniu w dniu<xBx> 28 stycznia 2013 r.</xBx> w Warszawie</xText>
          <xText>na rozprawie</xText>
          <xText>sprawy z powództwa <xAnon>B. M.</xAnon></xText>
          <xText>przeciwko <xAnon>(...)</xAnon></xText>
          <xText>o zapłatę</xText>
          <xText>na skutek apelacji powódki</xText>
          <xText>od wyroku Sądu Rejonowego dla Warszawy Mokotowa w Warszawie
  </xText>
          <xText>z dnia 7 sierpnia 2012 r., sygn. akt XVI C 1078/12</xText>
          
          <xUnit xIsTitle="false" xType="none">
            <xName xSffx=".">1</xName>
            <xText>
              <xBx>oddala apelację; </xBx>
            </xText>
          </xUnit>
          <xUnit xIsTitle="false" xType="none">
            <xName xSffx=".">2</xName>
            <xText>
              <xBx>
    
      zasądza od <xAnon>B. M.</xAnon> na rzecz <xAnon>(...)</xAnon> kwotę <xBRx/>60 (sześćdziesiąt) złotych tytułem zwrotu kosztów zastępstwa procesowego w instancji odwoławczej.</xBx>
            </xText>
          </xUnit>
          
          <xText>
            <xUx>Sygnatura akt V Ca 2856/12</xUx>
          </xText>
        </xUnit>
        <xUnit xIsTitle="true" xType="part" xBold="true">
          <xName>UZASADNIENIE</xName>
          <xText><xAnon>B. M.</xAnon> wniosła o zasądzenie od <xAnon>(...)</xAnon> kwoty 1131,56 zł z ustawowymi odsetkami od daty pozwu do dnia zapłaty tytułem zwaloryzowanej kaucji mieszkaniowej wpłaconej 1 października 1975 r. w kwocie 3340 starych zł. W uzasadnieniu pozwu podniosła, że waloryzacja powinna być oparta o przeciętne wynagrodzenie i wskazała, że w 1975 r. wynosiło ono 3913 zł, zatem kwota 3340 zł wpłacona na rzecz poprzednika prawnego pozwanego stanowiła wówczas 0,85 tego wynagrodzenia. Powódka podała również, że wraz z mężem wykupiła przedmiotowy lokal 12 lipca 2006 r. otrzymując bonifikatę w wysokości 90%. Zdaniem powódki kwotę uzyskaną przez przemnożenie obecnego przeciętnego wynagrodzenia przez współczynnik 0,85 należało podzielić na pół, zgodnie z postulatem sprawiedliwego i równego obciążenia stron konsekwencjami zaistniałych zmian ekonomicznych.</xText>
          <xText>Pozwany wniósł o oddalenie powództwa, gdyż w jego ocenie powódka otrzymując bonifikatę w wysokości 90% na zakup lokalu mieszkalnego, uzyskała znaczną korzyść kosztem pozwanego.</xText>
          <xText>
            <xBx>
      Sąd Rejonowy dla Warszawy - Mokotowa w Warszawie wyrokiem z dnia  7 sierpnia 2012 roku, w sprawie s ygn. akt XVI C 1078/12  zasądził od pozwanego na rzecz powódki  kwotę 712,53 złotych z  ustawowymi odsetkami od 23 kwietnia 2011 roku do dnia zapłaty,  oddalił powództwo w pozostałym zakresie oraz orzekł o kosztach procesu.</xBx>
          </xText>
          <xText>Podstawą tego orzeczenia były następujące ustalenia i rozważania:</xText>
          <xText>1 października 1975 r. poprzednik prawny pozwanego - <xAnon> Zarząd (...)</xAnon> jako wynajmujący, powódka <xAnon>B. M.</xAnon> i jej małżonek <xAnon>J. M.</xAnon> jako najemcy, zawarli umowę najmu <xAnon>lokalu mieszkalnego nr (...)</xAnon> przy <xAnon>ul. (...)</xAnon> w <xAnon>W.</xAnon>. Zgodnie z § 5 tej umowy najemcy uiścili na rzecz wynajmującego kwotę 3340 zł tytułem kaucji na zabezpieczenie utrzymania lokalu mieszkalnego w należytym stanie. Umową ustanowienia odrębnej własności lokalu oraz sprzedaży lokalu i oddania w użytkowanie wieczyste części gruntu z 12 lipca 2006 r. <xAnon>B.</xAnon> i <xAnon>J. M.</xAnon> nabyli dotychczas najmowany lokal mieszkalny. Przy ustalaniu wartości przedmiotu transakcji zastosowano bonifikatę w wysokości 90%. Pismem z 30 marca 2012 r. pełnomocnik powódki zwrócił się do pozwanego o zapłatę kwoty 1131,56 zł tytułem zwrotu zwaloryzowanej kaucji mieszkaniowej wpłaconej w dniu l października 1975 r. Pozwany nie zwrócił kaucji mieszkaniowej powódce ani jej mężowi.</xText>
          <xText>Przy tak ustalonym stanie faktycznym Sąd Rejonowy stwierdził, że żądanie pozwu zasługiwało na uwzględnienie co do zasady oraz częściowo co do wysokości.</xText>
          <xText>Za bezsporny w niniejszej sprawie Sąd I instancji uznał fakt, iż od daty wpłacenia kaucji przez powódkę i jej małżonka na rzecz wynajmującego, tj. 1 października 1975 r. nastąpiła istotna zmiana siły nabywczej pieniądza, której wyrazem była m. in. denominacja złotego dokonana z dniem 1 stycznia 1995 r. w oparciu o przepisy ustawy z dnia 7 kwietnia 1994 r. o denominacji złotego (Dz. U. Nr 84 z 1994 r., póz. 386). Sąd Rejonowy rozstrzygając o zasadności pozwu miał na uwadze także wzrost cen towarów i usług konsumpcyjnych.</xText>
          <xText>Sąd I instancji wskazał, że pomiędzy dniem wpłacenia kaucji - l października 1975 r. a datą wymagalności zwrotu kaucji - 12 sierpnia 2006 r. doszło do wzrostu cen towarów i usług konsumpcyjnych o 1335,4%. Za niezasadny ocenił przy tym zarzut pozwanej, iż powódka nie mogła domagać się zwrotu kaucji, ponieważ odniosła korzyść otrzymując bonifikatę w wysokości 90% wartości lokalu przy jego zakupie. Uprawnienie do bonifikaty przy zakupie dotychczas najmowanego lokalu zostało bowiem wprowadzone przez ustawodawcę, a skorzystanie z tego uprawnienia przez powódkę nie zostało uzależnione od zwolnienia pozwanego z obowiązku zwrotu kaucji. Uprawnienia te zdaniem Sądu Rejonowego miały odmienny charakter i powoływanie się przez pozwanego na skorzystanie z tego uprawnienia przez powódkę było nieuzasadnione. W świetle powyższego, Sąd I instancji uznał, iż żądanie powódki dotyczące waloryzacji kaucji mieszkaniowej wpłaconej l października 1975 r. w kwocie 3340 starych zł zasługiwało na uwzględnienie co do zasady.</xText>
          <xText>W ocenie Sądu Rejonowego zaproponowany przez powódkę sposób waloryzacji kaucji nie był jednak właściwym do zastosowania w niniejszej sprawie, gdyż powódka porównała wysokość kaucji do wartości przeciętnego miesięcznego wynagrodzenia w 1975 r. Uzyskany w ten sposób współczynnik wynoszący 0,85 pomnożyła następnie przez wysokość przeciętnego miesięcznego wynagrodzenia w IV kwartale 2006 r., kiedy to nabyła przedmiotowy lokal na własność. Nie można było według Sądu I instancji dokonać waloryzacji poprzez zwykłe zestawienie wysokości otrzymywanego przeciętnie wynagrodzenia miesięcznego, gdyż w wynagrodzeniu brutto zawierają się składki na ubezpieczenia społeczne i ubezpieczenie zdrowotne oraz zaliczka na podatek dochodowy. Tymczasem podawane przez GUS przeciętne wynagrodzenie do 1991 r. było wynagrodzeniem netto, a dopiero od 1992 r. wynagrodzeniem brutto, zaś od 1999 r. wynagrodzeniem tzw. ubruttowionym. Wynagrodzenie netto wyliczone na podstawie wynagrodzenia otrzymywanego w 1975 r. i w 2006 r. było więc zdaniem Sądu Rejonowego zbyt rozbieżne. Ponadto wynagrodzenie za pracę nie pozostawało w związku z przedmiotem najmu, dlatego też Sąd I instancji uznał, iż zmianę siły nabywczej pieniądza w niniejszej sprawie najdokładniej wyraża wskaźnik wzrostu cen towarów i usług konsumpcyjnych, zwany powszechnie wskaźnikiem inflacji. Sąd Rejonowy podniósł, że przyjęcie tego wskaźnika uwzględniło interesy obu stron umowy i pozostało zgodne z zasadami współżycia społecznego.</xText>
          <xText>Sad I instancji dokonał waloryzacji kaucji wpłaconej przez powódkę w 1975 r. mnożąc wysokość kaucji przez wskaźnik inflacji począwszy od 1976 r. do kwietnia 2012 r. (tj. do chwili wniesienia pozwu) w następujący sposób: 3340 x 104,4% = 3486,96 x 104,9% = 3657,821 itd., uwzględniając denominację złotego, doszedł w ten sposób aż do kwoty 1425,06 zł. Z uwagi na to, iż powódka żądała jedynie połowy kwoty otrzymanej w wyniku waloryzacji, Sąd Rejonowy wskazał, że nie mógł orzec ponad to żądanie i również podzielił otrzymaną liczbę na pół otrzymując kwotę 712,53 zł, a w pozostałym zakresie powództwo oddalił.</xText>
          <xText>O odsetkach Sąd I instancji orzekł na podstawie <xLexLink xArt="art. 481" xIsapId="WDU19640160093" xTitle="Ustawa z dnia 23 kwietnia 1964 r. - Kodeks cywilny" xAddress="Dz. U. z 1964 r. Nr 16, poz. 93">art.481 k.c.</xLexLink>, zaś o kosztach procesu w oparciu o <xLexLink xArt="art. 100" xIsapId="WDU19640430296" xTitle="Ustawa z dnia 17 listopada 1964 r. - Kodeks postępowania cywilnego" xAddress="Dz. U. z 1964 r. Nr 43, poz. 296">art. 100 kpc</xLexLink>.</xText>
          <xText>Wyrok Sądu I instancji w części tj. ponad zasądzoną kwotę 712,53 zł, zaskarżyła apelacją powódka, zarzucając temu rozstrzygnięciu</xText>
          <xText>- naruszenie przepisów procedury cywilnej przez błędne zastosowanie przez Sąd I instancji <xLexLink xArt="art. 321" xIsapId="WDU19640430296" xTitle="Ustawa z dnia 17 listopada 1964 r. - Kodeks postępowania cywilnego" xAddress="Dz. U. z 1964 r. Nr 43, poz. 296">art. 321 k.p.c.</xLexLink> polegającej na bezpodstawnym przyjęciu, iż powódka wnosiła o zasądzenie kwoty 712,53 zł i w konsekwencji oddalenie powództwa w pozostałej części co do kwoty 419,03 zł , podczas gdy z akt sprawy, w szczególności z pozwu z dnia 23 kwietnia 2012 r., jednoznacznie wynikało, iż powódka wniosła o zasądzenie kwoty 1131,56 zł wraz z ustawowymi odsetkami od dnia wniesienia pozwu do dnia zapłaty.</xText>
          <xText>Stawiając powyższy zarzut apelująca wniosła o:</xText>
          <xUnit xIsTitle="false" xType="none">
            <xName xSffx=".">I</xName>
            <xText>zmianę zaskarżonego wyroku i uwzględnienie powództwa w całości tj. do kwoty 1131, 56 zł wraz z ustawowymi odsetkami od dnia wniesienia pozwu do dnia zapłaty oraz</xText>
          </xUnit>
          <xUnit xIsTitle="false" xType="none">
            <xName xSffx=".">II</xName>
            <xText>zasądzenie kosztów procesu, w tym kosztów zastępstwa procesowego w postępowaniu przed Sądem I instancji oraz w postępowaniu apelacyjnym według norm przepisanych.</xText>
          </xUnit>
          <xText>Pozwany wniósł o oddalenie apelacji i zasądzenie od powoda na rzecz pozwanego kosztów zastępstwa prawnego według norm przepisanych prawem.</xText>
          <xText>
            <xBx>Sąd Okręgowy zważył, co następuje:</xBx>
          </xText>
          <xText>Apelacja nie zasługuje na uwzględnienie, bowiem wyrok Sądu Rejonowego jest prawidłowy chociaż z innych przyczyn niż wskazane w uzasadnieniu.</xText>
          <xText>Sąd Okręgowy jako trafny ocenił zarzut apelacji dotyczący naruszenia przez Sąd Rejonowy <xLexLink xArt="art. 321" xIsapId="WDU19640430296" xTitle="Ustawa z dnia 17 listopada 1964 r. - Kodeks postępowania cywilnego" xAddress="Dz. U. z 1964 r. Nr 43, poz. 296">art. 321 k.p.c.</xLexLink> jednakże powyższe uchybienie nie uzasadnia zmiany zaskarżonego wyroku. Podzielić należy argumentację apelującego, iż żądaniem pozwu było zasądzenie wskazanej wyraźnie w nim kwoty 1131,56 zł, w żadnym razie nie może być za zakres tego żądania uznany przedstawiony w pozwie sposób wyliczenia tej kwoty. Podkreślić należy, że waloryzacja sądowa dokonywana jest na żądanie strony, i tak jak w niniejszym przypadku może ono zawierać oprócz żądania zasądzenia konkretnej kwoty także sposób obliczenia nowej wysokości świadczenia. Ustawodawca nie wskazał żadnych mierników jak też sposobów ustalenia wysokości zwaloryzowania świadczenia, a zatem sąd orzekający ma swobodę co do sposobu wyboru metody w oparciu, o którą świadczenie winno być zwaloryzowane. Wskazanie sposobu waloryzacji w pozwie nie wiąże Sądu odmiennie niż kwota określająca w sposób precyzyjny żądanie pozwu, która stanowi dla sądu orzekającego granice wyrokowania. A zatem określony w pozwie sposób waloryzacji kaucji mieszkaniowej określony w wysokości połowy kwoty powstałej w wyniku przemnożenia obecnego przeciętnego wynagrodzenia przez współczynnik 0,85 wynikający z porównania wysokości kaucji do przeciętnego miesięcznego wynagrodzenia w 1975 r. jest jedynie przedstawioną przez stronę propozycją metody waloryzacji, nie obliguje Sądu do orzekania zgodnie z nim.</xText>
          <xText>W pozostałym zakresie Sąd I instancji dokonał prawidłowych ustaleń faktycznych, gdyż oparł je na właściwie ocenionym materiale dowodowym, a następnie prawidłowo ocenił zgłoszone przez powódkę roszczenie w kontekście regulacji zawartej w <xLexLink xArt="art. 358(1);art. 358(1) § 3" xIsapId="WDU19640160093" xTitle="Ustawa z dnia 23 kwietnia 1964 r. - Kodeks cywilny" xAddress="Dz. U. z 1964 r. Nr 16, poz. 93">art. 358<xSUPx>1</xSUPx> § 3 k.c.</xLexLink>, dokonując prawidłowej wykładni tego przepisu. Sąd Okręgowy stwierdza, iż Sąd I instancji wyrokując w sprawie zbadał wszystkie przesłanki <xLexLink xArt="art. 358(1);art. 358(1) § 3" xIsapId="WDU19640160093" xTitle="Ustawa z dnia 23 kwietnia 1964 r. - Kodeks cywilny" xAddress="Dz. U. z 1964 r. Nr 16, poz. 93">art. 358<xSUPx>1</xSUPx> § 3 k.c.</xLexLink> dając temu wyraz w uzasadnieniu zaskarżonego orzeczenia. Przytoczone przez Sąd I instancji rozważania w tym zakresie są bardzo wyczerpujące, a ich trafność znajduje potwierdzenie w ustaleniach faktycznych, zasadach doświadczenia życiowego oraz logicznego rozumowania.</xText>
          <xText>Sąd Rejonowy trafnie ustalił że pomiędzy datą wpłacenia kaucji przez powódkę i jej męża tj. od 1 października 1975 r. a datą wymagalności zwrotu kaucji -12 sierpnia 2006 r. doszło do znacznej zmiany siły nabywczej pieniądza. Sąd Okręgowy w pełni aprobuje stanowisko Sądu I instancji, iż dokonanie w sprawie waloryzacji sądowej przy zastosowaniu jako miernika wskaźnika wzrostu cen towarów i usług konsumpcyjnych uwzględnia interesy obu stron i zgodne jest z zasadami współżycia społecznego. Podkreślić należy, że apelująca nie kwestionuje miernika waloryzacji przyjętego przez Sąd I instancji, tym samym nie kwestionuje ustalonej na tej podstawie kwoty w wysokości 1425,06 zł.</xText>
          <xText>Sąd Okręgowy jako trafne oceni stanowisko Sądu I instancji, iż skutki deprecjacji pieniądza winny po połowie obciążać obie strony, takie stanowisko uwzględnia interesy obu stron niniejszego postępowania. W tym miejscu przypomnieć należy, że powódka w pozwie wskazywała, iż gotowa jest udźwignąć „ryzyko inflacji” w 50%, tym samym niezrozumiały jest sprzeciw w sytuacji, gdy sąd zasądził na jej rzecz aż 50% kwoty uzyskanej po przeliczeniu należnego świadczenia przez wskaźnik waloryzacyjny.</xText>
          <xText>Mając na uwadze powyższe rozważania Sąd Okręgowy oddalił apelację powódki na podstawie <xLexLink xArt="art. 385" xIsapId="WDU19640430296" xTitle="Ustawa z dnia 17 listopada 1964 r. - Kodeks postępowania cywilnego" xAddress="Dz. U. z 1964 r. Nr 43, poz. 296">art. 385 k.p.c.</xLexLink> i orzekł o kosztach postępowania odwoławczego stosownie do <xLexLink xArt="art. 108;art. 108 § 1" xIsapId="WDU19640430296" xTitle="Ustawa z dnia 17 listopada 1964 r. - Kodeks postępowania cywilnego" xAddress="Dz. U. z 1964 r. Nr 43, poz. 296">art. 108 § 1 k.p.c.</xLexLink> w zw. z <xLexLink xArt="art. 98" xIsapId="WDU19640430296" xTitle="Ustawa z dnia 17 listopada 1964 r. - Kodeks postępowania cywilnego" xAddress="Dz. U. z 1964 r. Nr 43, poz. 296">art. 98 k.p.c.</xLexLink> i <xLexLink xArt="§ 13;§ 13 pkt. 1;§ 6;§ 6 pkt. 1" xIsapId="WDU20021631348" xTitle="Rozporządzenie Ministra Sprawiedliwości z dnia 28 września 2002 r. w sprawie opłat za czynności adwokackie oraz ponoszenia przez Skarb Państwa kosztów nieopłaconej pomocy prawnej udzielonej z urzędu" xAddress="Dz. U. z 2002 r. Nr 163, poz. 1348">§ 13 pkt 1 i § 6 pkt 1 Rozporządzenia Ministra Sprawiedliwości z dnia 28 września 2002 r. w sprawie opłat za czynności adwokackie oraz ponoszenia przez Skarb Państwa kosztów nieopłaconej pomocy prawnej udzielonej z urzędu</xLexLink>. (Dz. U z 2002 r. Nr 163, póz. 1348 ze zm.).</xText>
        </xUnit>
      </xBlock>
    </xPart>
  </judgement>
<judgement id="154505000005127_XVII_AmC_001126_2012_Uz_2013-01-28_001">
    <xPart xEditorFullName="Beata Sierpińska" xYear="2012" xLang="PL" xPublisherFullName="Beata Sierpińska" xFromPg="1" xEditor="bsierpinska" xVolType="15/450500/0005127/AmC" xPublisher="bsierpinska" xDocType="Uz" xVolNmbr="001126" xVersion="1.0" xToPage="1" xFlag="published">
      <xName>Wyrok</xName>
      <xBlock>
        <xText>
          <xBx>Sygn. akt XVII AmC 1126/12</xBx>
        </xText>
        <xUnit xIsTitle="true" xBold="true" xType="part">
          <xName>WYROK</xName>
          <xTitle>W IMIENIU RZECZYPOSPOLITEJ POLSKIEJ</xTitle>
          <xText xALIGNx="right"> Dnia 28 stycznia 2013 r.</xText>
          
          <xText><xBx>Sąd Okręgowy w Warszawie – Sąd Ochrony Konkurencji i Konsumentów </xBx>w składzie następującym:</xText>
          <xText><xBx>Przewodniczący:</xBx> SSR (del.) Anna Maria Kowalik</xText>
          <xText>Protokolant: Piotr Hołyś</xText>
          <xText>po rozpoznaniu na rozprawie w dniu 28 stycznia 2013 r. w Warszawie</xText>
          <xText>sprawy z powództwa <xBx><xIx>
      
        
        Stowarzyszenia „<xAnon>(...)</xAnon>” z siedzibą w <xAnon>P.</xAnon></xIx></xBx></xText>
          <xText>przeciwko <xBx><xAnon> (...) sp. z o.o.</xAnon> z siedzibą w <xAnon>Z.</xAnon></xBx></xText>
          <xText>o uznanie postanowień wzorca umowy za niedozwolone</xText>
          <xText xALIGNx="center">
            <xBx>orzeka:</xBx>
          </xText>
          <xUnit xIsTitle="false" xType="none">
            <xName xSffx=".">1</xName>
            <xText>uznaje za niedozwolone i zakazuje pozwanej wykorzystywania w umowach z konsumentami postanowienia wzorca umowy o treści:<xBx>
       „Organizator zastrzega sobie prawo do zmiany okresu trwania Promocji (…)”;</xBx></xText>
          </xUnit>
          <xUnit xIsTitle="false" xType="none">
            <xName xSffx=".">2</xName>
            <xText>nakazuje pobrać od <xBx><xAnon> (...) sp. z o.o.</xAnon> z siedzibą w <xAnon>Z.</xAnon></xBx>na rzecz Skarbu Państwa – Sądu Okręgowego w Warszawie kwotę 600,00 zł (sześćset złotych) tytułem opłaty od pozwu od uiszczenia której powód był zwolniony</xText>
          </xUnit>
          <xUnit xIsTitle="false" xType="none">
            <xName xSffx=".">3</xName>
            <xText>zasądza od <xBx><xAnon> (...) sp. z o.o.</xAnon> z siedzibą w <xAnon>Z.</xAnon></xBx>na rzecz<xBx>
    
       Stowarzyszenia „<xAnon>(...)</xAnon>”
    </xBx> z siedzibą w <xAnon>P.</xAnon> kwotę 360,00 zł (trzysta sześćdziesiąt złotych) tytułem zwrotu kosztów zastępstwa procesowego;</xText>
          </xUnit>
          <xUnit xIsTitle="false" xType="none">
            <xName xSffx=".">4</xName>
            <xText>zarządza publikację prawomocnego wyroku w Monitorze Sądowym i Gospodarczym na koszt pozwanego.</xText>
          </xUnit>
          
          <xText xALIGNx="right">
            <xBx>
              <xIx>SSR Anna Maria Kowalik</xIx>
            </xBx>
          </xText>
        </xUnit>
      </xBlock>
    </xPart>
  </judgement>
<judgement id="155025000000503_I_C_001034_2012_Uz_2013-02-11_001">
    <xPart xEditorFullName="Iwona Gertrudziak" xYear="2012" xLang="PL" xPublisherFullName="Iwona Gertrudziak" xFromPg="1" xEditor="igertrudziak" xVolType="15/502500/0000503/C" xPublisher="igertrudziak" xDocType="Uz" xVolNmbr="001034" xVersion="1.0" xToPage="3" xFlag="published">
      <xName>Wyrok+Uzasadnienie</xName>
      <xBlock>
        <xText>
          <xBx>Sygn. akt I C 1034/12</xBx>
        </xText>
        <xUnit xIsTitle="true" xType="part" xBold="true">
          <xName>WYROK</xName>
          <xTitle>W IMIENIU RZECZYPOSPOLITEJ POLSKIEJ</xTitle>
          <xText xALIGNx="right">Dnia 28 stycznia 2013 r.</xText>
          <xText>
            <xBx>Sąd Okręgowy we Wrocławiu – Wydział I Cywilny </xBx>
          </xText>
          <xText>w składzie:</xText>
          <xText><xBx>Przewodniczący:</xBx> SSR del. Ewa Rudkowska – Ząbczyk</xText>
          <xText><xBx>Protokolant:</xBx>  Marcin Guzik</xText>
          <xText>po rozpoznaniu na rozprawie w dniu 21 stycznia 2013 r. we Wrocławiu</xText>
          <xText>sprawy z powództwa <xBx><xAnon> (...) Sp. z o.o.</xAnon> we <xAnon>W.</xAnon></xBx></xText>
          <xText>przeciwko <xBx><xAnon>W. F.</xAnon></xBx></xText>
          <xText>o <xBx>ustalenie</xBx></xText>
          <xUnit xIsTitle="false" xType="none">
            <xName xSffx=".">I</xName>
            <xText>oddala powództwo;</xText>
          </xUnit>
          <xUnit xIsTitle="false" xType="none">
            <xName xSffx=".">II</xName>
            <xText>zasądza od strony powodowej <xAnon> (...) Sp. z o.o.</xAnon> we <xAnon>W.</xAnon> na rzecz pozwanego <xAnon>W. F.</xAnon> kwotę 13 985,00 zł tytułem zwrotu kosztów postępowania.</xText>
          </xUnit>
        </xUnit>
        <xUnit xIsTitle="true" xType="part" xBold="true">
          <xName>UZASADNIENIE</xName>
          <xText>Strona powodowa <xAnon> (...) sp. z o.o.</xAnon> we <xAnon>W.</xAnon>, po zmianie powództwa pismem z dnia 15 listopada 2012 r. (k. 224-266), wniosła o obniżenie czynszu dzierżawy nieruchomości położonej we <xAnon>W.</xAnon> przy <xAnon>ul. (...)</xAnon>, wynikającego z umowy dzierżawy z dnia 31 grudnia 2007 r., łączącej stronę powodową i pozwanego <xAnon>W. F.</xAnon>, za okres od 1 stycznia 2011 r. do 31 października 2012 r. o kwotę 547 592,59 zł ze względu na znaczne obniżenie przychodów z przedmiotu dzierżawy w tym okresie. W przypadku uwzględnienia powyższego żądania strona powodowa wniosła także o zasądzenie od pozwanego na jej rzecz kwoty 547 592,59 zł tytułem zwrotu części czynszu dzierżawy wynikającej z obniżenia czynszu dzierżawy za okres od 1 stycznia 2011 r. do 31 października 2012 r. wraz z ustawowymi odsetkami od dnia doręczenia pozwanemu pisma zawierającego zmianę powództwa do dnia zapłaty. Strona powodowa wniosła także zasądzenie od pozwanego na jej rzecz kosztów procesu, w tym kosztów zastępstwa procesowego i opłaty skarbowej od pełnomocnictwa według norm przepisanych.</xText>
          <xText>W uzasadnieniu powyższego żądania strona powodowa podniosła, że łączy ją z pozwanym umowa dzierżawy nieruchomości położonej we <xAnon>W.</xAnon> przy <xAnon>ul. (...)</xAnon> z dnia 31 grudnia 2007 r., zgodnie z którą czynsz dzierżawny miał wynosić równowartość 30 000,00 EURO w polskich złotych powiększony o podatek VAT, przeliczany według średniego kursu NBP z daty wystawienia faktury. Strona powodowa podniosła, że wartość czynszu ustalona umową w 2007 r. nie przystaje do obecnej sytuacji na rynku nieruchomości i jest zawyżona o około 33 018,00 zł miesięcznie. Przychody strony powodowej, która w wydzierżawionej nieruchomości prowadzi działalność, spadają w porównaniu do tych, osiąganych w 2008 r., co spowodowane jest ogólnym zastojem gospodarki narodowej, który nastąpił po 2007 r. oraz spadkiem obrotów w branży samochodowej, w której działalność prowadzi strona powodowa. Strona powodowa wskazała, że powyższe okoliczności jej nie dotyczą, lecz wynikają z niezależnych od niej uwarunkowań koniunktury gospodarczej. Jednocześnie strona powodowa domagała się zasądzenia kwoty stanowiącej nadpłatę powstałą o obniżeniu czynszu dzierżawy za okres od 1 stycznia 2011 r. do 31 października 2012 r.</xText>
          
          <xText>W odpowiedzi na zmienione żądanie pozwu pozwany <xAnon>W. F.</xAnon> wniósł o oddalenie powództwa w całości oraz zasądzenie od strony powodowej na swoją rzecz kosztów postępowania według norm przepisanych. Wniósł nadto o sprawdzenie wartości przedmiotu sporu.</xText>
          <xText>W uzasadnieniu powyższych żądań pozwany podniósł, że przedmiotem łączącej strony umowy z dnia 31 grudnia 2007 r. są pomieszczenia budynku, które ze swej natury nie przynoszą pożytków, co oznacza, że umowa ta, pomimo swej nazwy, jest w istocie umową najmu. Pozwany wskazał, że dopiero działalność strony powodowej jako przedsiębiorstwa w rozumieniu przepisu <xLexLink xArt="art. 55(1)" xIsapId="WDU19640160093" xTitle="Ustawa z dnia 23 kwietnia 1964 r. - Kodeks cywilny" xAddress="Dz. U. z 1964 r. Nr 16, poz. 93">art. 55<xSUPx>1</xSUPx> k.c.</xLexLink>, prowadzonego w formie spółki prawa handlowego, przynosi pożytki (przychody). Z tych względów nie jest możliwe obniżenie czynszu, która to instytucja przewidziana została wyłącznie w stosunku prawnym dzierżawy. Pozwany zaprzeczył także wysokości, o jaką czynsz miałby zostać ewentualnie obniżony, wskazując, że twierdzenia strony powodowej w tym zakresie nie zostały udowodnione.</xText>
          
          <xText><xBx>Sąd ustalił następujący stan faktyczny</xBx>:</xText>
          
          <xText>W dniu 31 grudnia 2007 r. pozwany zawarł ze stroną powodową umowę, zgodnie z którą pozwany oddał na czas nieokreślony od 1 stycznia 2008 r., a strona ozwana objęła w dzierżawę nieruchomość do używania i pobierania pożytków z nieruchomości położonej we <xAnon>W.</xAnon> przy <xAnon>ul. (...)</xAnon>. Dzierżawione pomieszczenia strony określiły w załączniku do Umowy (§ 1 Umowy).</xText>
          <xText>(dowód: umowa dzierżawy z dnia 31 grudnia 2007 r., k. 28-30)</xText>
          
          <xText>Strony określiły w Umowie, że dysponowanie przez stronę powodową nieruchomościami wskazanymi w załączniku obejmuje prawo do wyłącznego używania wskazanych pomieszczeń oraz prawo współużytkowania pomieszczeń socjalnych, placów, dróg dojazdowych, budynku składu odpadów i portierni (§ 2 ust. 1 Umowy).</xText>
          <xText>(dowód: umowa dzierżawy z dnia 31 grudnia 2007 r., k. 28-30)</xText>
          
          <xText>Strona pozwana miała wykorzystywać przedmiot dzierżawy na potrzeby własnej działalności gospodarczej zgłoszonej w Krajowym Rejestrze Sądowym (§ 2 ust. 4 Umowy), a nadto mała opłacać na rzecz pozwanego czynsz dzierżawny miesięczny w wysokości równowartości 30 000,00 EURO plus podatek VAT. Strony ustaliły, że czynsz przeliczany będzie na złotówki według średniego kursu NBP z dnia wystawienia faktury VAT z terminem płatności 14 dni od dnia wystawienia faktury (§ 3 Umowy).</xText>
          <xText>(dowód: umowa dzierżawy z dnia 31 grudnia 2007 r., k. 28-30)</xText>
          
          <xText>Powyższa Umowa nadal jest między stronami wiążąca.</xText>
          <xText>(okoliczność bezsporna)</xText>
          
          <xText>
            <xBx>Sąd zważył, co następuje:</xBx>
          </xText>
          
          <xText>Powództwo nie zasługiwało na uwzględnienie.</xText>
          <xText>Z poczynionych przez Sąd ustaleń faktycznych wynika, że strona powodowa domagała się obniżenia czynszu dzierżawy nieruchomości położonej we <xAnon>W.</xAnon> przy <xAnon>ul. (...)</xAnon>, wynikającego z umowy dzierżawy z dnia 31 grudnia 2007 r., łączącej strony. Zgodnie z <xLexLink xArt="art. 700" xIsapId="WDU19640160093" xTitle="Ustawa z dnia 23 kwietnia 1964 r. - Kodeks cywilny" xAddress="Dz. U. z 1964 r. Nr 16, poz. 93">art. 700 k.c.</xLexLink> jeżeli wskutek okoliczności, za które dzierżawca odpowiedzialności nie ponosi i które nie dotyczą jego osoby, zwykły przychód z przedmiotu dzierżawy uległ znacznemu zmniejszeniu, dzierżawca może żądać obniżenia czynszu przypadającego za dany okres gospodarczy.</xText>
          
          <xText>Obniżenie czynszu, którego w niniejszej spawie domaga się strona powodowa, dopuszczalne jest tylko wtedy, gdy między stronami w istocie istnieje stosunek dzierżawy. Zgodnie z <xLexLink xArt="art. 693;art. 693 § 1" xIsapId="WDU19640160093" xTitle="Ustawa z dnia 23 kwietnia 1964 r. - Kodeks cywilny" xAddress="Dz. U. z 1964 r. Nr 16, poz. 93">art. 693 § 1 k.c.</xLexLink> wydzierżawiający zobowiązuje się oddać dzierżawcy rzecz do używania i pobierania pożytków. W doktrynie podnosi się, że przedmiotem dzierżawy może być zatem tylko rzecz przynosząca ze swej natury lub przeznaczenia pożytki albowiem, w odróżnieniu od stosunku najmu, do <xIx>essentialia negotii</xIx> umowy dzierżawy należy nie tylko korzystanie z rzeczy, ale także pobieranie z niej pożytków. W niniejszej sprawie strony wprawdzie określiły, że do używania i pobierania pożytków przez stronę powodową oddana zostaje nieruchomość położona we <xAnon>W.</xAnon> przy <xAnon>ul. (...)</xAnon>, jednak z dalszych postanowień Umowy wynika, że do dyspozycji strony powodowej oddane zostały jedynie pomieszczenia, w których strona ta miała prowadzić własną działalność gospodarczą. Skoro tak, to należało uznać, że w ramach realizacji powyższej Umowy strona powodowa nie była uprawniona do pobierania np. pożytków naturalnych rzeczy w postaci nieruchomości, a jedynie do korzystania z niej. Jednocześnie fakt uzyskiwania przychodów w związku z usługami świadczonymi w salonie sprzedaży samochodów nie powinien być traktowany jako pobieranie pożytków cywilnych rzeczy (nieruchomości), ponieważ to nie nieruchomość stanowiła przedmiot stosunku prawnego z klientami salonu. Nie można zatem uznać, że nieruchomość przynosiła pożytki cywilne w postaci dochodów wynikających ze stosunku prawnego (wyrok Sądu Najwyższego z dnia 23 marca 2007 r., V CSK 476/06, niepubl.; wyrok Sądu Najwyższego z dnia 5 października 2012 r., IV CSK 244/12, niepubl.).</xText>
          <xText>Ustalenia faktyczne poczynione w niniejszej sprawie nie dają także podstaw do uznania, aby przedmiotem Umowy z dnia 31 grudnia 2007 r. było przedsiębiorstwo w rozumieniu <xLexLink xArt="art. 55(1)" xIsapId="WDU19640160093" xTitle="Ustawa z dnia 23 kwietnia 1964 r. - Kodeks cywilny" xAddress="Dz. U. z 1964 r. Nr 16, poz. 93">art. 55<xSUPx>1</xSUPx> k.c.</xLexLink> Takim wnioskom sprzeciwia się przede wszystkim sama treść Umowy, z której nie wynika, aby pozwany oddawał do stronie powodowej do dyspozycji zorganizowany zespół składników niematerialnych i materialnych już gotowy do prowadzenia działalności gospodarczej. Nawet gdyby jednak tak było, to należy zauważyć, że umowa taka byłaby nieważna z uwagi na niezachowanie formy pisemnej z podpisami notarialnie poświadczonymi (<xLexLink xArt="art. 73;art. 73 § 1" xIsapId="WDU19640160093" xTitle="Ustawa z dnia 23 kwietnia 1964 r. - Kodeks cywilny" xAddress="Dz. U. z 1964 r. Nr 16, poz. 93">art. 73 § 1 k.c.</xLexLink> w zw. z <xLexLink xArt="art. 75(1)" xIsapId="WDU19640160093" xTitle="Ustawa z dnia 23 kwietnia 1964 r. - Kodeks cywilny" xAddress="Dz. U. z 1964 r. Nr 16, poz. 93">art. 75<xSUPx>1</xSUPx> k.c.</xLexLink>).</xText>
          <xText>Mając powyższe na uwadze Sąd uznał, że stosunkiem prawnym wynikającym z łączącej strony Umowy z dnia 31 grudnia 2007 r., jest stosunek najmu, do którego przepis <xLexLink xArt="art. 700" xIsapId="WDU19640160093" xTitle="Ustawa z dnia 23 kwietnia 1964 r. - Kodeks cywilny" xAddress="Dz. U. z 1964 r. Nr 16, poz. 93">art. 700 k.c.</xLexLink> nie ma zastosowania. Tym samym niezasadne pozostawało zarówno żądanie obniżenia czynszu dzierżawy, jak i wynikające z niego żądanie zapłaty różnicy pomiędzy czynszem dotychczasowym, a zamienionym orzeczeniem Sądu.</xText>
          
          <xText>W toku postępowania dowodowego Sąd oddalił wniosek o dopuszczenie dowodu z wyciągu z tabeli średnich kursów NBP w 2012 r. na okoliczność kursów EURO w 2012 r. albowiem powyższy fakt nie miał istotnego znaczenia dla rozstrzygnięcia sprawy (<xLexLink xArt="art. 227" xIsapId="WDU19640430296" xTitle="Ustawa z dnia 17 listopada 1964 r. - Kodeks postępowania cywilnego" xAddress="Dz. U. z 1964 r. Nr 43, poz. 296">art. 227 k.p.c.</xLexLink>), a nadto wykazywany był pismem, które wobec braku podpisu nie stanowiło dokumentu w rozumieniu <xLexLink xArt="art. 245" xIsapId="WDU19640430296" xTitle="Ustawa z dnia 17 listopada 1964 r. - Kodeks postępowania cywilnego" xAddress="Dz. U. z 1964 r. Nr 43, poz. 296">art. 245 k.p.c.</xLexLink></xText>
          <xText>Sąd oddalił także wnioski o dopuszczenie dowodu z wyroku Sądu Okręgowego we Wrocławiu z dnia 6 lipca 2012 r. (sygnatura akt X GC 422/10 i wyroku Sądu Apelacyjnego we Wrocławiu z dnia 12 października 2012 r. (sygnatura akt I ACa 1011/12) wraz z uzasadnieniami na okoliczność ustalenia faktu obowiązywania między stronami umowy z dnia 31 grudnia 2007 r. albowiem powyższy fakt pozostawał między stronami bezsporny (<xLexLink xArt="art. 229" xIsapId="WDU19640430296" xTitle="Ustawa z dnia 17 listopada 1964 r. - Kodeks postępowania cywilnego" xAddress="Dz. U. z 1964 r. Nr 43, poz. 296">art. 229 k.p.c.</xLexLink>).</xText>
          <xText>Na uwzględnienie nie zasługiwał również wniosek o dopuszczenie dowodu z przesłuchania w charakterze strony powodowej prezesa zarządu <xAnon>J. K.</xAnon> na okoliczność sytuacji na rynku oraz tendencji w branży motoryzacyjnej, która nie rokuje generowania większych zysków, a także na okoliczność rozmów z pozwanym w przedmiocie prób ugodowego obniżenia czynszu. Powyższy wniosek został złożony dopiero na rozprawie w dniu 21 stycznia 2013 r., choć w ocenie Sądu mógł być już złożony w piśmie zmieniającym powództwo. Jednocześnie strona powodowa nie uprawdopodobniła, że nie zgłosiła go we właściwym czasie bez swojej winy lub że jego uwzględnienie nie spowoduje zwłoki w rozpoznaniu sprawy albo że występują inne wyjątkowe okoliczności (<xLexLink xArt="art. 217;art. 217 § 2" xIsapId="WDU19640430296" xTitle="Ustawa z dnia 17 listopada 1964 r. - Kodeks postępowania cywilnego" xAddress="Dz. U. z 1964 r. Nr 43, poz. 296">art. 217 § 2 k.p.c.</xLexLink>). Z powyższych względów wniosek ten należało uznać za spóźniony. Niezależnie od tego, wobec przyjętej podstawy rozstrzygnięcia, w ocenie Sądu fakty, na jakie rozważany dowód został zawnioskowany, nie miały istotnego znaczenia dla rozstrzygnięcia sprawy (<xLexLink xArt="art. 227" xIsapId="WDU19640430296" xTitle="Ustawa z dnia 17 listopada 1964 r. - Kodeks postępowania cywilnego" xAddress="Dz. U. z 1964 r. Nr 43, poz. 296">art. 227 k.p.c.</xLexLink>).</xText>
          
          <xText>Sąd nie uwzględnił zarzutu pozwanego niewłaściwego ustalenia wartości przedmiotu sporu, uznając go za spóźniony. Po doręczeniu pozwu sprawdzenie wartości przedmiotu sporu może wprawdzie nastąpić na zarzut pozwanego, jednak winien on być zgłoszony przed wdaniem się w spór co do istoty sprawy (<xLexLink xArt="art. 25;art. 25 § 2" xIsapId="WDU19640430296" xTitle="Ustawa z dnia 17 listopada 1964 r. - Kodeks postępowania cywilnego" xAddress="Dz. U. z 1964 r. Nr 43, poz. 296">art. 25 § 2 k.p.c.</xLexLink>), co w niniejszej sprawie nastąpiło w momencie wniesienia przez pozwanego odpowiedzi na pozew, tj. 25 lipca 2012 r. (k. 148). Przepisy procedury cywilnej nie dają przy tym podstawy do ponownego oznaczania i kontrolowania wartości przedmiotu sporu w toku postępowania, nawet wówczas, gdy przedmiot sporu ulegnie zmianie.</xText>
          
          <xText>Mając powyższe na uwadze, na podstawie powołanych przepisów, Sąd oddalił powództwo, co orzeczono w punkcie I wyroku.</xText>
          
          <xText>Podstawę orzeczenia o kosztach postępowania stanowił przepis <xLexLink xArt="art. 98;art. 98 § 1" xIsapId="WDU19640160093" xTitle="Ustawa z dnia 23 kwietnia 1964 r. - Kodeks cywilny" xAddress="Dz. U. z 1964 r. Nr 16, poz. 93">art. 98 § 1 k.c.</xLexLink>, zgodnie z którym strona przegrywająca sprawę obowiązana jest zwrócić przeciwnikowi na jego żądanie koszty niezbędne do celowego dochodzenia praw i celowej obrony. W związku z tym, że pozwany wygrał sprawę w całości Sąd obowiązkiem zwrotu kosztów obciążył w całości stronę powodową. Zasądzona kwota 13 985,00 zł obejmuje stanowi koszty zastępstwa prawnego w kwocie 7200,00 zł (§ 6 pkt 7 rozp. Min. Spr. z dnia 28 września 2002 r. w sprawie opłat za czynności radców prawnych oraz ponoszenia przez Skarb Państwa kosztów pomocy prawnej udzielonej przez radcę prawnego ustanowionego z urzędu; Dz. U. Nr 163, poz. 1349 z zm.) wraz z opłatą skarbową od pełnomocnictwa w kwocie 17,00 zł, powiększone o koszty postępowania wywołanego zażaleniem na postanowienie Sądu z dnia 5 lipca 2012 r. Koszty postepowania zażaleniowego obejmują opłatę sądową od zażalenia w kwocie 3168,00 zł oraz koszty zastępstwa prawnego w wysokości 50% stawki minimalnej, tj. 3600,00 zł, co łącznie daje kwotę 6768,00 zł</xText>
        </xUnit>
      </xBlock>
    </xPart>
  </judgement>
<judgement id="154000000001521_III_AUa_001081_2012_Uz_2013-01-29_001">
    <xPart xEditorFullName="Maria Domaradzka" xYear="2012" xLang="PL" xPublisherFullName="Jolanta Mycek" xFromPg="1" xEditor="Domaradzka_Maria" xVolType="15/400000/0001521/AUa" xPublisher="Mycek_Jolanta" xDocType="Uz" xVolNmbr="001081" xVersion="1.0" xToPage="5" xFlag="published">
      <xName>Wyrok+Uzasadnienie</xName>
      <xBlock>
        <xText xALIGNx="center">
          <xBx>
            <xText>
              <xBx>
                <xRows>
                  <xCOLGROUPx>
                    <xCOLx xWIDTHx="101"/>
                    <xCOLx xWIDTHx="293"/>
                  </xCOLGROUPx>
                  <xRow>
                    <xClmn xALIGNx="left" xVALIGNx="middle">
                      <xText>
                        <xBx>Sygn. akt </xBx>
                      </xText>
                    </xClmn>
                    <xClmn xALIGNx="left" xVALIGNx="top">
                      <xText>
                        <xBx>III AUa 1081/12</xBx>
                      </xText>
                    </xClmn>
                  </xRow>
                </xRows>
              </xBx>
            </xText>
          </xBx>
        </xText>
        <xUnit xIsTitle="true" xBold="true" xType="part">
          <xName>WYROK</xName>
          <xTitle>W IMIENIU RZECZYPOSPOLITEJ POLSKIEJ</xTitle>
          <xText xALIGNx="right">Dnia <xBx>29 stycznia 2013 r.</xBx></xText>
          
          <xText>
            <xBx>Sąd Apelacyjny w Rzeszowie, III Wydział Pracy i Ubezpieczeń Społecznych</xBx>
          </xText>
          <xText>w składzie:</xText>
          
          <xRows>
            <xCOLGROUPx>
              <xCOLx xWIDTHx="103"/>
              <xCOLx xWIDTHx="187"/>
              <xCOLx xWIDTHx="486"/>
            </xCOLGROUPx>
            <xRow>
              <xClmn xALIGNx="left" xVALIGNx="middle">
                
              </xClmn>
              <xClmn xALIGNx="left" xVALIGNx="middle">
                <xText>Przewodniczący:</xText>
              </xClmn>
              <xClmn xALIGNx="left" xVALIGNx="middle">
                <xText>
                  <xBx>SSA Bogumiła Burda</xBx>
                </xText>
              </xClmn>
            </xRow>
            <xRow>
              <xClmn xALIGNx="left" xVALIGNx="middle">
                
              </xClmn>
              <xClmn xALIGNx="left" xVALIGNx="middle">
                <xText>Sędziowie:</xText>
              </xClmn>
              <xClmn xALIGNx="left" xRowSpan="2" xVALIGNx="middle">
                <xText>
                  <xBx>SSA Ewa Madera (spr.)</xBx>
                </xText>
                <xText>
                  <xBx>SSA Marta Pańczyk-Kujawska</xBx>
                </xText>
              </xClmn>
            </xRow>
            <xRow>
              <xClmn xALIGNx="left" xVALIGNx="middle">
                
              </xClmn>
              <xClmn xALIGNx="left" xVALIGNx="middle">
                
              </xClmn>
            </xRow>
            <xRow>
              <xClmn xALIGNx="left" xVALIGNx="middle">
                
              </xClmn>
              <xClmn xALIGNx="left" xVALIGNx="middle">
                <xText>Protokolant</xText>
              </xClmn>
              <xClmn xALIGNx="left" xVALIGNx="middle">
                <xText>st.sekr.sądowy Anna Budzińska
        </xText>
              </xClmn>
            </xRow>
          </xRows>
          
          <xText>po rozpoznaniu w dniu <xBx>29 stycznia 2013 r. </xBx></xText>
          <xText>na rozprawie</xText>
          <xText>sprawyz wniosku <xBx><xAnon>R. J.</xAnon></xBx></xText>
          <xText>przeciwko<xBx> Zakładowi Ubezpieczeń Społecznych Oddziałowi w <xAnon>J.</xAnon></xBx></xText>
          <xText>
            <xBx>o emeryturę</xBx>
          </xText>
          <xText>na skutek apelacji pozwanego organu rentowego</xText>
          <xText>od wyroku <xBx>Sądu Okręgowego w Krośnie</xBx></xText>
          <xText>z dnia <xBx>11 września 2012 r. </xBx>sygn. akt <xBx>IV U 1193/12</xBx></xText>
          
          <xUnit xIsTitle="false" xType="none">
            <xName xSffx=".">I</xName>
            <xText>
              <xBx>
                <xIx>o d d a l a apelację. </xIx>
              </xBx>
            </xText>
          </xUnit>
          <xUnit xIsTitle="false" xType="none">
            <xName xSffx=".">II</xName>
            <xText>
              <xBx>
                <xIx>z a s ą d z a od Zakładu Ubezpieczeń Społecznych Oddziału w <xAnon>J.</xAnon> na rzecz wnioskodawczyni <xAnon>R. J.</xAnon> kwotę 120 zł (słownie: sto dwadzieścia złotych) tytułem zwrotu kosztów zastępstwa procesowego w postępowaniu apelacyjnym.  </xIx>
              </xBx>
            </xText>
          </xUnit>
          
          <xText>
            <xBx>Sygn. akt III AUa 1081/12</xBx>
          </xText>
        </xUnit>
        <xUnit xIsTitle="true" xBold="true" xType="part">
          <xName>UZASADNIENIE</xName>
          <xText>Decyzją z 5 czerwca 2012 r. Zakład Ubezpieczeń Społecznych Oddział w <xAnon>J.</xAnon> w oparciu o <xLexLink xArt="art. 184" xIsapId="WDU19981621118" xTitle="Ustawa z dnia 17 grudnia 1998 r. o emeryturach i rentach z Funduszu Ubezpieczeń Społecznych" xAddress="Dz. U. z 1998 r. Nr 162, poz. 1118">art. 184 ustawy z dnia 17 grudnia 1998 r. o emeryturach i rentach <xBRx/>z Funduszu Ubezpieczeń Społecznych</xLexLink> oraz przepisy <xLexLink xArt="" xIsapId="WDU19830080043" xTitle="Rozporządzenie Rady Ministrów z dnia 7 lutego 1983 r. w sprawie wieku emerytalnego oraz wzrostu emerytur i rent inwalidzkich dla pracowników zatrudnionych w szczególnych warunkach lub w szczególnym charakterze" xAddress="Dz. U. z 1983 r. Nr 8, poz. 43">rozporządzenia Rady Ministrów z 7 lutego 1983 r. w sprawie wieku emerytalnego pracowników zatrudnionych w szczególnych warunkach lub w szczególnym charakterze</xLexLink>, odmówił wnioskodawczyni <xAnon>R. J.</xAnon> prawa do emerytury, w uzasadnieniu wskazując, iż z wymaganego ustawą 15 - letniego okresu zatrudnienia w szczególnych warunkach wykonywanego stale i w pełnym wymiarze czasu pracy, wykazała ona jedynie okres wynoszący 10 lat i 2 miesiące. Organ rentowy zakwestionował możliwość uwzględnienia do okresu pracy w szczególnych warunkach, zatrudnienia wnioskodawczyni od 07.11.1977 r. do 30.04.1979 r. na stanowisku stażysty oraz od 1.07.1989 r. do 30.06.1993r. na stanowisku kierownika robót podnosząc, iż nie świadczyła ona pracy stale i w pełnym wymiarze czasu pracy przy stanowiskach robotniczych, na których wykonywane są prace wymienione w wykazie A.</xText>
          <xText>W odwołaniu od wymienionej decyzji wnioskodawczyni <xAnon>R. J.</xAnon> wniosła o jej zmianę i przyznanie prawa do emerytury, wyjaśniając w uzasadnieniu, iż <xBRx/>w spornym okresie pracowała w warunkach szczególnych, a praca ta wymieniona jest w wykazie A, dział XIV poz.24 pkt 1. Ponadto wskazała, że w okresie zatrudnienia na stanowisku technika stażysty i kierownika robót jej praca była tożsama z wykonywaną na stanowisku majstra budowy, co potwierdzają dokumenty znajdujące się w aktach osobowych.</xText>
          <xText>W odpowiedzi na odwołanie organ rentowy wniósł o jego oddalenie podtrzymując argumentację zawartą w zaskarżonej decyzji.</xText>
          <xText>Sąd Okręgowy Sąd Pracy i Ubezpieczeń Społecznych w Krośnie wyrokiem <xBRx/>z 11 września 2012 r. zmienił zaskarżoną decyzję i przyznał wnioskodawczyni <xAnon>R. J.</xAnon> prawo do emerytury od daty złożenia wniosku, stwierdzając brak odpowiedzialności organu rentowego oraz zasądził od ZUS Oddziału w <xAnon>J.</xAnon> na rzecz wnioskodawczyni kwotę 60 zł. tytułem zwrotu kosztów zastępstwa procesowego.</xText>
          <xText>Sąd Okręgowy ustalił, iż <xAnon>R. J.</xAnon> (<xAnon>ur. (...)</xAnon>) od 7 listopada 1977r. podjęła pracę w <xAnon> (...) Przedsiębiorstwie (...)</xAnon> na stanowisku technika stażysty. 1 maja 1979r. objęła stanowisko majstra budowy, na którym pracowała do 30 czerwca 1993r. Następnie została zatrudniona na stanowisku kierownika robót. Jako stażysta kierowała i nadzorowała pracowników na budowie ( wykonywanie instalacji grzewczych, gazowych, wodno – kanalizacyjnych). Instalacje grzewcze i gazowe wykonywali spawacze elektryczni i gazowi, pozostałe roboty należały do obowiązków instalatorów instalacji sanitarnych, którzy pracowali również wewnątrz budynków. Prace na zewnątrz polegały na wykonywaniu przyłączy kanalizacyjnych z budynku do studzienki oraz przyłączy wodociągowych od sieci do budynku. Wykonywane był w wykopach, instalacja wodociągowa na głębokości około 1,8 m., zaś kanalizacja na głębokości do 1 metra. Stażysta zapoznawał pracowników z dokumentacją a następnie nadzorował ich pracę pod kątem zgodności z tą dokumentacją. W jednym budynku pracowały przeważnie dwie brygady po około 5 osób, którzy podlegali bezpośrednio stażyście, a stażysta podlegał kierownikowi. Po awansie na majstra budowy zakres czynności wnioskodawczyni co do zasady nie zmienił się. Majster budowy podlegał kierownikowi. Zakres czynności kierownika budowy był taki sam jak majstra oraz dodatkowo <xAnon>R. J.</xAnon> była odpowiedzialna materialnie, jak również do jej obowiązków należało rozliczanie robót z inwestorem. Pracodawca prowadził roboty równocześnie na kilku obiektach. Na części obiektów prace spawaczy i instalatorów nadzorowali technicy lub majstrzy, a kierownik robót bezpośrednio nadzorował brygady na obiektach, które osobiście prowadził a także nadzorował majstrów pracujących na innych obiektach. Sąd ponadto ustalił, iż do obowiązków wnioskodawczyni należało skierowanie pracowników na poszczególne odcinki pracy, osobiste nadzorowanie instalatorów sanitarnych i spawaczy, kontrolowanie sposobu i jakości wykonywanych pionów wodociągowych, sporządzanie sprawozdania technicznego ustalającego zakres wykonywanych w każdym miesiącu robót oraz obliczanie płac, a te ostatnie czynności wykonywała jeden dzień w miesiącu, przeważnie po ustawowym czasie pracy.</xText>
          <xText>Powyższy stan faktyczny sąd ustalił na podstawie dokumentacji znajdującej się w aktach osobowych wnioskodawczyni, jej zeznań oraz zeznań świadków <xAnon>S. D.</xAnon> i <xAnon>K. D.</xAnon>, którzy pracowali razem z <xAnon>R. J.</xAnon> i posiadają szczegółową wiedzę na temat przebiegu jej zatrudnienia i charakteru pracy, struktury organizacyjnej zakładu. Dokonując oceny wskazanych dowodów sąd uznał je za wiarygodne, dające podstawę do poczynienia w sprawie istotnego ustalenia, jakim było ostatecznie przyjęcie spornych okresów zatrudnienia odwołującej, jako pracy w warunkach szczególnych wykonywanej stale i w pełnym wymiarze czasu pracy i uznanie, że spełniła ona przesłanki nabycia prawa do emerytury w obniżonym wieku. W ocenie Sądu Okręgowego pracę, którą wykonywała <xAnon>R. J.</xAnon> na stanowisku technika stażysty oraz kierownika robót należy przyporządkować do wykazu A stanowiącego załącznik do <xLexLink xArt="" xIsapId="WDU19830080043" xTitle="Rozporządzenie Rady Ministrów z dnia 7 lutego 1983 r. w sprawie wieku emerytalnego oraz wzrostu emerytur i rent inwalidzkich dla pracowników zatrudnionych w szczególnych warunkach lub w szczególnym charakterze" xAddress="Dz. U. z 1983 r. Nr 8, poz. 43">rozporządzenia Rady Ministrów z dnia 7.02.1983 r. w sprawie wieku emerytalnego pracowników zatrudnionych w szczególnych warunkach lub w szczególnym charakterze</xLexLink> Dział XIV poz. 24 dozór inżynieryjno - techniczny w oddziałach i wydziałach, których jako podstawowe wykonywane są prace wymienione w Wykazie A Dział XIV poz. 12 tj. prace przy spawaniu elektrycznym <xBRx/>i gazowym oraz w dziale V poz. 1 tj. roboty wodnokanalizacyjne oraz budowa rurociągów w głębokich wykopach ( prace monterów instalacji sanitarnych i grzewczych).</xText>
          <xText>Wydane orzeczenie Sąd I instancji oparł na treści <xLexLink xArt="art. 32" xIsapId="WDU19981621118" xTitle="Ustawa z dnia 17 grudnia 1998 r. o emeryturach i rentach z Funduszu Ubezpieczeń Społecznych" xAddress="Dz. U. z 1998 r. Nr 162, poz. 1118">art. 32 ustawy z dnia 17 grudnia 1998r. o emeryturach i rentach z Funduszu Ubezpieczeń Społecznych</xLexLink> ( Dz. U. z 2009r. nr 153, poz. 1227 ze zmianami) w zw. z § 3 i 4 Rozporządzenia Rady Ministrów z dnia 7.02.1983 r. w sprawie wieku emerytalnego pracowników zatrudnionych w szczególnych warunkach oraz w zw. z art. 184 powołanej ustawy emerytalno – rentowej i <xLexLink xArt="art. 477(14);art. 477(14) § 2" xIsapId="WDU19640430296" xTitle="Ustawa z dnia 17 listopada 1964 r. - Kodeks postępowania cywilnego" xAddress="Dz. U. z 1964 r. Nr 43, poz. 296">art. 477<xSUPx>14 </xSUPx>§ 2kpc</xLexLink>. Orzeczenie o braku odpowiedzialności organu rentowego zostało wydane przy zastosowaniu art. 118 ust.1 a powołanej wyżej ustawy emerytalno – rentowej, zaś o kosztach postępowania orzeczono na podstawie <xLexLink xArt="art. 98" xIsapId="WDU19640430296" xTitle="Ustawa z dnia 17 listopada 1964 r. - Kodeks postępowania cywilnego" xAddress="Dz. U. z 1964 r. Nr 43, poz. 296">art. 98 kpc</xLexLink> i <xLexLink xArt="§ 11;§ 11 ust. 2" xIsapId="WDU20021631349" xTitle="Rozporządzenie Ministra Sprawiedliwości z dnia 28 września 2002 r. w sprawie opłat za czynności radców prawnych oraz ponoszenia przez Skarb Państwa kosztów pomocy prawnej udzielonej przez radcę prawnego ustanowionego z urzędu" xAddress="Dz. U. z 2002 r. Nr 163, poz. 1349">§ 11 ust. 2 rozporządzenia Ministra Sprawiedliwości z 28 września 2002r. w sprawie opłat za czynności radców prawnych oraz ponoszenia przez Skarb Państwa kosztów pomocy prawnej udzielonej przez radcę prawnego ustanowionego z urzędu</xLexLink> ( Dz. 2002r. nr 163, poz. 1349).</xText>
          <xText>W wywiedzionej od powyższego orzeczenia apelacji organ rentowy zarzucił, <xBRx/>iż wydany wyrok narusza <xLexLink xArt="art. 184" xIsapId="WDU19981621118" xTitle="Ustawa z dnia 17 grudnia 1998 r. o emeryturach i rentach z Funduszu Ubezpieczeń Społecznych" xAddress="Dz. U. z 1998 r. Nr 162, poz. 1118">art. 184</xLexLink> w związku z <xLexLink xArt="art. 32" xIsapId="WDU19981621118" xTitle="Ustawa z dnia 17 grudnia 1998 r. o emeryturach i rentach z Funduszu Ubezpieczeń Społecznych" xAddress="Dz. U. z 1998 r. Nr 162, poz. 1118">art. 32 ustawy z dnia 17 grudnia 1998r. o emeryturach i rentach z Funduszu Ubezpieczeń Społecznych</xLexLink> ( Dz. U. z 2009r. nr 153, poz. 1227 ze zmianami) oraz <xLexLink xArt="art. 233" xIsapId="WDU19640430296" xTitle="Ustawa z dnia 17 listopada 1964 r. - Kodeks postępowania cywilnego" xAddress="Dz. U. z 1964 r. Nr 43, poz. 296">art. 233 kpc</xLexLink> tj. błędną wykładnię przytoczonych przepisów oraz przekroczenie zasady swobodnej oceny dowodów, co doprowadziło do przyznania wnioskodawczyni prawa do wcześniejszej emerytury.</xText>
          <xText>Mając powyższe na uwadze pozwany Zakład wniósł o zmianę zaskarżonego orzeczenia i oddalenie odwołania, ewentualnie o jego uchylenie i przekazanie sprawy do ponownego rozpoznania przez Sąd i instancji.</xText>
          <xText>W uzasadnieniu apelacji organ rentowy podniósł, iż przeprowadzone postępowanie dowodowe wykazało, że <xAnon>R. J.</xAnon> będąc zatrudniona na stanowisku kierownika robót była zobowiązana do sporządzania dokumentacji technicznej, prowadzenia gospodarki materiałowej, rozliczania robót z inwestorami oraz szeregu prac o charakterze pracowniczym jak sprawdzanie obecności robotników, rozdzielanie robót, co – zdaniem organu rentowego – wyklucza wykonywanie pracy , o jakiej mowa w wykazie A załącznika do <xLexLink xArt="" xIsapId="WDU19830080043" xTitle="Rozporządzenie Rady Ministrów z dnia 7 lutego 1983 r. w sprawie wieku emerytalnego oraz wzrostu emerytur i rent inwalidzkich dla pracowników zatrudnionych w szczególnych warunkach lub w szczególnym charakterze" xAddress="Dz. U. z 1983 r. Nr 8, poz. 43">rozporządzenia Rady Ministrów z dnia 7.02.1983 r. <xBRx/>w sprawie wieku emerytalnego pracowników zatrudnionych w szczególnych warunkach lub w szczególnym charakterze</xLexLink> Dział XIV poz. 24 dozór inżynieryjno - techniczny w oddziałach i wydziałach, w których jako podstawowe wykonywane są prace wymienione w wykazie, stale i pełnym wymiarze godzin. Ponadto apelujący zarzucił, iż uznanie pracy wnioskodawczyni na stanowisku stażysty do zatrudnienia w warunkach szczególnych jest także nieuzasadnione i za daleko idące, gdyż pracownik zatrudniony na tym stanowisku sam wymaga nadzoru przełożonych, a zatem nie można twierdzić, że sprawuje on samodzielny nadzór nad pracownikami zatrudnionymi <xBRx/>w warunkach szczególnych.</xText>
          <xText>Wnioskodawczyni <xAnon>R. J.</xAnon> wniosła o oddalenie apelacji i zasądzenie na jej rzecz kosztów zastępstwa procesowego w postępowaniu apelacyjnym.</xText>
          
          <xText>
            <xBx>Sąd Apelacyjny w Rzeszowie zważył, co następuje:</xBx>
          </xText>
          
          <xText>Apelacja Zakładu Ubezpieczeń Społecznych Oddziału w <xAnon>J.</xAnon> jest nieuzasadniona.</xText>
          <xText>Istotą niniejszego postępowania była ocena uprawnienia <xAnon>R. J.</xAnon> do emerytury w obniżonym wieku w oparciu o przepis <xLexLink xArt="art. 32" xIsapId="WDU19981621118" xTitle="Ustawa z dnia 17 grudnia 1998 r. o emeryturach i rentach z Funduszu Ubezpieczeń Społecznych" xAddress="Dz. U. z 1998 r. Nr 162, poz. 1118">art. 32</xLexLink> w zw. z <xLexLink xArt="art. 184" xIsapId="WDU19981621118" xTitle="Ustawa z dnia 17 grudnia 1998 r. o emeryturach i rentach z Funduszu Ubezpieczeń Społecznych" xAddress="Dz. U. z 1998 r. Nr 162, poz. 1118">art. 184 ustawy <xBRx/>z dnia 17 grudnia 1998r. o emeryturach i rentach z Funduszu Ubezpieczeń Społecznych</xLexLink> ( tekst jedn. Dz. U. z 2009r Nr 153, poz. 1227 ze zm.).</xText>
          <xText>Przypomnieć wypadnie, że przyznanie prawa do wskazanego świadczenia warunkowane jest posiadaniem stażu ubezpieczeniowego wskazanego w art. 27 ustawy, <xBRx/>w tym co najmniej 15 letniego pracy w warunkach szczególnych lub w szczególnym charakterze stosownie do zapisów <xLexLink xArt="§ 4" xIsapId="WDU19830080043" xTitle="Rozporządzenie Rady Ministrów z dnia 7 lutego 1983 r. w sprawie wieku emerytalnego oraz wzrostu emerytur i rent inwalidzkich dla pracowników zatrudnionych w szczególnych warunkach lub w szczególnym charakterze" xAddress="Dz. U. z 1983 r. Nr 8, poz. 43">§ 4 rozporządzenia Rady Ministrów z dnia 7 lutego 1983 roku w sprawie wieku emerytalnego pracowników zatrudnionych w szczególnych warunkach lub w szczególnym charakterze</xLexLink> w okresie do dnia 1 stycznia 1999 roku, a to przy braku przynależności do OFE oraz rozwiązaniu umowy o pracę. Ten ostatni warunek nie jest wymagany od 1 stycznia 2013r.</xText>
          <xText>W rozpoznawanej sprawie przesądzenia wymagała okoliczność, czy wnioskodawczyni legitymuje się 15 – letnim okresem pracy w warunkach szczególnych, wykonywanej stale i w pełnym wymiarze czasu pracy obowiązującym na danym stanowisku, a konkretnie czy pracę taką wykonywała pozostając w zatrudnieniu w <xAnon> (...) Przedsiębiorstwie (...)</xAnon> od 07.11.1977 r. do 30.04.1979 r. oraz od 1.07.1989 r. do 30.06.1993r. Niekwestionowane w sprawie pozostały inne warunki od których uzależnione jest nabycie przedmiotowego uprawnienia, jak wiek, ogólny staż ubezpieczeniowy oraz uwzględniony okres pracy w warunkach szczególnych w wymiarze 10 lat i 2 miesięcy na stanowisku majstra.</xText>
          <xText>Negując uprawnienie emerytalne <xAnon>R. J.</xAnon> z uwagi na powyżej wymienioną przesłankę organ rentowy – nie kwestionując wykonywania przez wnioskodawczynię na stanowisku kierownika robót czynności kontroli i dozoru inżynieryjno -technicznego wymienionego w dziale XIV poz. 24 Wykazu A stanowiącego załącznik do powołanego wyżej rozporządzenia Rady Ministrów z dnia 7.02.1983 r. zarzucił, że skarżąca zajmując stanowisko szczebla kierowniczego obowiązana była do wykonywania czynności administracyjno - biurowych, które uniemożliwiały stałe i w pełnym wymiarze czasu pracy przebywanie w szkodliwym środowisku przy stanowiskach robotniczych, wywodząc dalej, iż w takich okolicznościach wykluczone jest przyjęcie, że dozór o którym mowa w powołanym załączniku do rozporządzenia wykonywany był stale i w pełnym wymiarze czasu pracy. Na stanowisku stażysty sama zaś wymagała nadzoru przełożonych, a zatem nie można twierdzić, że sprawowała ona samodzielny nadzór nad pracownikami zatrudnionymi w warunkach szczególnych.</xText>
          <xText>Nie podzielając w tej kwestii argumentacji apelującego przypomnieć wypadnie, iż wykonywanie kontroli międzyoperacyjnej jak i dozoru inżynieryjno – technicznego kwalifikowanego jako praca w szczególnych warunkach polega nie tylko na czynnym podejmowaniu czynności kontrolno nadzorujących przy produkcyjnych stanowiskach pracy ale również wiąże się z koniecznością wykonywania czynności administracyjno – biurowych, które są niejako wpisane w sprawowanie dozoru.</xText>
          <xText>Definiując pojęcie czynności ogólnie pojętej kontroli oraz dozoru inżynieryjno-technicznego na oddziałach i wydziałach, w których jako podstawowe wykonywane są prace wymienione w wykazie, Sąd Najwyższy w wyroku z dnia 24 września 2009r. (II UK 31/09) stwierdził, że określonymi w pkt 24 działu XIV wykazu A rozporządzenia są wyłącznie te czynności, które wykonywane są w warunkach bezpośrednio narażających na szkodliwe dla zdrowia czynniki, a więc polegające na bezpośrednim dozorze i bezpośredniej kontroli procesu pracy na stanowiskach pracy wykonywanej w szczególnych warunkach, wskazując dalej, iż jeżeli czynności te wykonywane są stale i w pełnym wymiarze czasu pracy obowiązującym na stanowisku pracy związanym z określoną w pkt 24 działu XIV wykazu A rozporządzenia kontrolą lub dozorem inżynieryjno-technicznym, to okres wykonywania tej pracy jest okresem pracy uzasadniającym prawo do świadczeń na zasadach przewidzianych w rozporządzeniu, niezależnie od tego ile czasu pracownik poświęca na bezpośredni dozór pracowników, <xBRx/>a ile na inne czynności ściśle związane ze sprawowanym dozorem i stanowiące jego integralną część, takie jak sporządzanie związanej z nim dokumentacji. Konkludując stwierdził iż nie ma żadnych podstaw do wyłączania czynności administracyjno-biurowych takiego rodzaju z czynności polegających na sprawowaniu dozoru i traktowania ich odrębnie (por. także powołane wyżej wyroki z dnia 6 grudnia 2007 r., III UK 62/07; z dnia 6 grudnia 2007 r., III UK 66/07; z dnia 5 maja 2009 r., I UK 4/09 oraz wyroki z dnia 30 stycznia 2008 r., I UK 195/07, OSNP 2009 Nr 7-8, poz. 105<xBRx/> i z dnia 11 marca 2009 r., II UK 243/08, niepublikowany).</xText>
          <xText>Prezentowany w uzasadnieniu powołanego orzeczenia pogląd Sądu Najwyższego tutejszy Sąd w pełni podziela.</xText>
          <xText>Z ustaleń Sądu Okręgowego Sądu Pracy i Ubezpieczeń Społecznych wynika, że wnioskodawczyni 7 listopada 1977 r. podjęła pracę na stanowisku stażysty, zaś od 1lipca 1989 r. powierzono jej stanowisko kierownika robót na którym zatrudniona była do 30 czerwca 1993 r. W uzupełnieniu powyższych ustaleń należy wskazać, że z dniem 1 lutego 1978r. objęła ona stanowisko technika budowy, co wynika z analizy akt osobowych odwołującej. Przeprowadzone postępowanie dowodowe wykazało, iż podejmowane przez <xAnon>R. J.</xAnon> w ramach powierzonych obowiązków czynności zarówno kontrolne jak i dozorcze, w tym czynności administracyjno – biurowe, były bezpośrednio związane z pracami podległych pracowników wykonujących pracę kwalifikowaną w myśl powołanego rozporządzenia jako praca wykonywana w szczególnych warunkach, a to praca spawaczy oraz prace monterów instalacji sanitarnych i grzewczych (roboty wodnokanalizacyjne oraz budowa rurociągów w głębokich wykopach. Brak jest z kolei jakichkolwiek przesłanek o charakterze dowodowym wskazujących na świadczenie przez wnioskodawczynię w spornych okresach szeroko pojętych działań kontrolno-dozorczych w pełnym wymiarze czasu pracy i stale, jak też wykonywania przez nią czynności administracyjno - biurowych nie związanych bezpośrednio ze sprawowanym dozorem. Zakres obowiązków wnioskodawczyni <xBRx/>na stanowisku stażysty, technika budowy, majstra ( okres uznany przez pozwany Zakład) i kierownika robót poza dodatkowymi obowiązkami jak czynności administracyjne bezpośrednio związane ze sprawowanym nadzorem, stanowiące jego integralną część, nie ulegał zmianie. Stąd też w takiej sytuacji zarzuty podnoszone przez organ rentowy uznać należy za nieuprawnione. Zakwestionowanie bowiem ustaleń Sądu pierwszej instancji tylko w oparciu o niczym nie udokumentowane zastrzeżenia nie może zostać uznane za uzasadnione. Taki właśnie pogląd musiałby być uznany za naruszający zasadę swobodnej oceny dowodów z <xLexLink xArt="art. 233;art. 233 § 1" xIsapId="WDU19640430296" xTitle="Ustawa z dnia 17 listopada 1964 r. - Kodeks postępowania cywilnego" xAddress="Dz. U. z 1964 r. Nr 43, poz. 296">art. 233 § 1 kpc</xLexLink>. Należy również podzielić stanowisko wnioskodawczyni wyrażone w odpowiedzi na apelację co do braku wskazania przez pozwany Zakład na czym polega błędne odczytanie przez sąd art. 184 ustawy emerytalno – rentowej, jak również na czym polega przekroczenie zasady swobodnej oceny dowodów. Powyższe co do zasady uniemożliwiają sądowi drugiej instancji ocenę postawionych zarzutów. Mając na uwadze treść <xLexLink xArt="art. 381" xIsapId="WDU19640430296" xTitle="Ustawa z dnia 17 listopada 1964 r. - Kodeks postępowania cywilnego" xAddress="Dz. U. z 1964 r. Nr 43, poz. 296">art. 381 kpc</xLexLink> tut. Sąd nie znalazł także podstaw do uwzględnienia wniosku dowodowego apelującego, który nie wykazał, że dowodu tego nie mógł powołać przez sądem pierwszej instancji jak również że potrzeba powołania tego dowodu wynikła później.</xText>
          <xText>Podzielając zatem ostatecznie ocenę prawną sprawy Sądu I instancji, sprowadzającą się do stwierdzenia, że <xAnon>R. J.</xAnon> spełniła przesłanki warunkujące nabycie prawa do emerytury określone w <xLexLink xArt="art. 184" xIsapId="WDU19981621118" xTitle="Ustawa z dnia 17 grudnia 1998 r. o emeryturach i rentach z Funduszu Ubezpieczeń Społecznych" xAddress="Dz. U. z 1998 r. Nr 162, poz. 1118">art. 184</xLexLink> w związku z <xLexLink xArt="art. 32" xIsapId="WDU19981621118" xTitle="Ustawa z dnia 17 grudnia 1998 r. o emeryturach i rentach z Funduszu Ubezpieczeń Społecznych" xAddress="Dz. U. z 1998 r. Nr 162, poz. 1118">art. 32 ustawy z dnia 17 grudnia 1998 r. o emeryturach i rentach z Funduszu Ubezpieczeń Społecznych</xLexLink> (tekst jednolity Dz. U z 2009r. Nr 153, poz. 1227) wniesioną apelację należało oddalić, a to na podstawie <xLexLink xArt="art. 385" xIsapId="WDU19640430296" xTitle="Ustawa z dnia 17 listopada 1964 r. - Kodeks postępowania cywilnego" xAddress="Dz. U. z 1964 r. Nr 43, poz. 296">art. 385 kpc</xLexLink>. Orzeczenie o kosztach znajduje uzasadnienie <xBRx/>w treści <xLexLink xArt="art. 98" xIsapId="WDU19640430296" xTitle="Ustawa z dnia 17 listopada 1964 r. - Kodeks postępowania cywilnego" xAddress="Dz. U. z 1964 r. Nr 43, poz. 296">art. 98 kpc</xLexLink> oraz § 11 ust. 2 w związku z <xLexLink xArt="§ 12;§ 12 ust. 1;§ 12 ust. 1 pkt. 2" xIsapId="WDU20021631349" xTitle="Rozporządzenie Ministra Sprawiedliwości z dnia 28 września 2002 r. w sprawie opłat za czynności radców prawnych oraz ponoszenia przez Skarb Państwa kosztów pomocy prawnej udzielonej przez radcę prawnego ustanowionego z urzędu" xAddress="Dz. U. z 2002 r. Nr 163, poz. 1349">§ 12 ust.1 pkt 2 rozporządzenia Ministra Sprawiedliwości z 28 września 2002r. w sprawie opłat za czynności radców prawnych oraz ponoszenia przez Skarb Państwa kosztów pomocy prawnej udzielonej przez radcę prawnego ustanowionego z urzędu</xLexLink> ( Dz. 2002r. nr 163, poz. 1349).</xText>
          
          <xText>
            <xBx>
              <xAnon>(...)</xAnon>
            </xBx>
          </xText>
          <xText>
            <xAnon>(...)</xAnon>
          </xText>
          <xText>
            <xAnon>(...)</xAnon>
          </xText>
        </xUnit>
      </xBlock>
    </xPart>
  </judgement>
<judgement id="150500000001521_III_AUa_000813_2012_Uz_2013-01-30_001">
    <xPart xEditorFullName="Edyta Radziwońska" xYear="2012" xLang="PL" xPublisherFullName="Romualda Stroczkowska" xFromPg="1" xEditor="eradziwonska" xVolType="15/050000/0001521/AUa" xPublisher="rstroczkowska" xDocType="Uz" xVolNmbr="000813" xVersion="1.0" xToPage="10" xFlag="published">
      <xName>Wyrok+Uzasadnienie</xName>
      <xBlock>
        <xText>Sygn.akt III AUa 813/12</xText>
        <xUnit xIsTitle="true" xBold="true" xType="part">
          <xName>WYROK</xName>
          <xTitle>W IMIENIU RZECZYPOSPOLITEJ POLSKIEJ</xTitle>
          <xText xALIGNx="right">Dnia 30 stycznia 2013r.</xText>
          
          <xText>Sąd Apelacyjny w Białymstoku, III Wydział Pracy i Ubezpieczeń Społecznych</xText>
          <xText>w składzie:</xText>
          
          <xText>
            <xBx>  Przewodniczący: SSA Marek Szymanowski (spr.)</xBx>
          </xText>
          <xText>
            <xBx>  Sędziowie:  SA Maria Jolanta Kazberuk</xBx>
          </xText>
          <xText>
            <xBx>SA Dorota Elżbieta Zarzecka</xBx>
          </xText>
          <xText>
            <xBx>  Protokolant:  Edyta Katarzyna Radziwońska</xBx>
          </xText>
          
          <xText>po rozpoznaniu w dniu 30 stycznia 2013 r. w Białymstoku</xText>
          <xText>
            <xBx>sprawy z wniosku <xAnon>Ł. G.</xAnon></xBx>
          </xText>
          <xText>przeciwko Zakładowi Ubezpieczeń Społecznych Oddział w <xAnon>O.</xAnon></xText>
          <xText>o prawo do renty z tytułu niezdolności do pracy</xText>
          <xText>
            <xBx>na skutek apelacji wnioskodawcy <xAnon>Ł. G.</xAnon></xBx>
          </xText>
          <xText>od wyroku Sądu Okręgowego w Olsztynie IV Wydziału Pracy i Ubezpieczeń Społecznych</xText>
          <xText>z dnia 25 maja 2012 r. sygn. akt IV U 2999/11</xText>
          
          <xText xALIGNx="center">
            <xBx>
              <xIx>oddala apelację.</xIx>
            </xBx>
          </xText>
          
          <xText>
            <xBx>Sygn. akt III A Ua 813/12</xBx>
          </xText>
        </xUnit>
        <xUnit xIsTitle="true" xBold="true" xType="part">
          <xName>UZASADNIENIE</xName>
          <xText><xBx>Zakład Ubezpieczeń Społecznych</xBx> Oddział w <xAnon>O.</xAnon> decyzją z dnia 23 listopada 2011 roku, wydaną na podstawie przepisów <xLexLink xArt="" xIsapId="WDU19981621118" xTitle="Ustawa z dnia 17 grudnia 1998 r. o emeryturach i rentach z Funduszu Ubezpieczeń Społecznych" xAddress="Dz. U. z 1998 r. Nr 162, poz. 1118">ustawy z dnia 17 grudnia 1998 roku o emeryturach i rentach z Funduszu Ubezpieczeń Społecznych</xLexLink> (Dz. U. z 2009 roku, Nr 153, poz. 1227 ze zm.), od dnia 1 grudnia 2011 roku wstrzymał <xAnon>Ł. G.</xAnon> wypłatę renty z tytułu niezdolności do pracy.</xText>
          <xText>Kolejną decyzją w/w organu rentowego z dnia 23 listopada 2011 roku na podstawie przepisów w/w ustawy odmówiono <xAnon>Ł. G.</xAnon> prawa do w/w świadczenia, gdyż niezdolność do pracy nie powstała w okresach, o których mowa w art. 57 ust. 1 pkt 3 w/w ustawy, czyli w wymienionych w przepisie okresach ubezpieczenia, bądź nie później niż w ciągu 18 miesięcy od ustania tych okresów.</xText>
          <xText><xBx><xAnon>Ł. G.</xAnon> odwołał</xBx> się od powyższych decyzji domagając się ich zmiany i przyznania prawa do renty z tytułu niezdolności do pracy. Odwołujący się zarzucił organowi rentowemu brak należytego wyjaśnienia sprawy, naruszenie zasady zaufania do organów Państwa oraz <xLexLink xArt="art. 57;art. 57 ust. 1" xIsapId="WDU19981621118" xTitle="Ustawa z dnia 17 grudnia 1998 r. o emeryturach i rentach z Funduszu Ubezpieczeń Społecznych" xAddress="Dz. U. z 1998 r. Nr 162, poz. 1118">art. 57 ust. 1 ustawy z dnia 17 grudnia 1998 roku o emeryturach i rentach z Funduszu Ubezpieczeń Społecznych</xLexLink>.</xText>
          <xText><xBx>Sąd Okręgowy w Olsztynie</xBx> IV Wydział Pracy i Ubezpieczeń Społecznych, po rozpoznaniu powyższych odwołań, wyrokiem z dnia 25 maja 2012 roku oddalił odwołania. Sąd I instancji ustalił, że na podstawie decyzji Zakładu Ubezpieczeń Społecznych Oddziału w <xAnon>O.</xAnon> z dnia 7 listopada 2008 roku odmówiono <xAnon>Ł. G.</xAnon> prawa do renty z tytułu niezdolności do pracy z uwagi na to, że nie legitymował się wymaganym okresem składkowym i nieskładkowym, określonym w <xLexLink xArt="art. 57;art. 57 ust. 1;art. 57 ust. 1 pkt. 2" xIsapId="WDU19981621118" xTitle="Ustawa z dnia 17 grudnia 1998 r. o emeryturach i rentach z Funduszu Ubezpieczeń Społecznych" xAddress="Dz. U. z 1998 r. Nr 162, poz. 1118">art. 57 ust. 1 pkt 2 ustawy z dnia 17 grudnia 1998 roku o emeryturach i rentach z Funduszu Ubezpieczeń Społecznych</xLexLink> (Dz. U. z 2009 roku, Nr 153, poz. 1227 ze zm.). Wyrokiem Sądu Okręgowego w Olsztynie z dnia 29 grudnia 2008 roku w sprawie o sygn. akt IV U 1964/08 oddalono odwołanie od powyższej decyzji organu rentowego.</xText>
          <xText>Wskutek złożenia przez odwołującego kolejnego wniosku o dochodzone świadczenie decyzją w/w organu rentowego z dnia 18 lutego 2011 roku przyznano <xAnon>Ł. G.</xAnon> prawo od renty z tytułu całkowitej niezdolności do pracy od dnia 1 grudnia 2010 roku na stałe po tym, jak orzeczeniem lekarza Zakładu Ubezpieczeń Społecznych z dnia 1 lutego 2011 roku stwierdzono, że całkowita niezdolność do pracy powstała na dzień 1 grudnia 2010 roku. W trybie nadzoru Prezesa ZUS nad wykonywaniem orzecznictwa o niezdolności do pracy powyższe orzeczenie lekarza orzecznika ZUS zostało zakwestionowane przez Naczelnego Lekarza ZUS a sprawa przekazana do rozpoznania komisji lekarskiej ZUS. Komisja lekarska ZUS orzeczeniem z dnia 19 października 2011 roku stwierdziła, iż <xAnon>Ł. G.</xAnon> jest trwale całkowicie niezdolny do pracy oraz trwale niezdolny do samodzielnej egzystencji, przy czym zarówno niezdolność do pracy, jak też niezdolność do samodzielnej egzystencji istnieje od urodzenia. Z uwagi na treść powyższego orzeczenia Zakład Ubezpieczeń Społecznych Oddział w <xAnon>O.</xAnon> zaskarżonymi aktualnie decyzjami z dnia 23 listopada 2011 roku wstrzymał <xAnon>Ł. G.</xAnon> wypłatę renty z tytułu niezdolności do pracy oraz odmówił prawa do w/w świadczenia. Sąd Okręgowy wskazał również, że odwołujący na podstawie decyzji z dnia 11 lutego 2005 roku jest uprawniony do renty socjalnej od dnia 5 lutego 2005 roku. Sąd I instancji w celu ustalenia stanu zdrowia odwołującego, w szczególności daty powstania niezdolności do pracy, przeprowadził dowód z opinii biegłego lekarza sądowego z zakresu neurologii. Biegły lekarz sądowy po zapoznaniu się z aktami sprawy, dokumentacją lekarską oraz po zbadaniu <xAnon>Ł. G.</xAnon> rozpoznał u niego kurczowe porażenie czterokończynowe z przewagą kończyn dolnych w przebiegu dziecięcego porażenia mózgowego. Stwierdził, że odwołujący jest trwale całkowicie niezdolny do pracy i niezdolny do samodzielnej egzystencji, przy czym niezdolność do pracy istnieje od dzieciństwa. Wskutek zgłoszenia przez <xAnon>Ł. G.</xAnon> zastrzeżeń do powyższej opinii Sąd Okręgowy dopuścił dowód z opinii zespołu biegłych lekarzy sądowych z zakresu neurologii oraz ortopedii, zobowiązując ich do uwzględnienia zarzutów do uprzednio sporządzonej w sprawie opinii. Zespół biegłych lekarzy sądowych z zakresu neurologii oraz ortopedii po zapoznaniu się z aktami sprawy, dokumentacją lekarską oraz po zbadaniu odwołującego rozpoznał u niego niedowład spastyczny czterokończynowy znacznego stopnia, z dużym zesztywnieniem i przykurczami wielostanowymi – mózgowe porażenie dziecięce. Biegli lekarze sądowi uznali <xAnon>Ł. G.</xAnon> za osobę całkowicie niezdolną do pracy od wczesnego dzieciństwa oraz niezdolną do samodzielnej egzystencji. Odwołujący nie zgodził się z opinią biegłych lekarzy sądowych. Sąd Okręgowy uznał, że stan zdrowia odwołującego został w dostatecznym stopniu wyjaśniony. Ocenił, iż opinie biegłych lekarzy specjalistów są rzeczowe, logiczne i miarodajne do czynienia ustaleń w sprawie. Płynące z nich wnioski co do oceny stanu zdrowia <xAnon>Ł. G.</xAnon> są ze sobą zbieżne. Stwierdził, że skoro niezdolność do pracy odwołującego nie powstała w okresach, o których mowa w art. 57 ust. 1 pkt 3 w/w ustawy, to nie spełnia on przesłanek do przyznania prawa do dochodzonego świadczenia. Dodał również, iż przywoływany wyrok Trybunału Konstytucyjnego z dnia 28 lutego 2012 roku w sprawie o sygn. akt K 5/11 (OTK-A2012/2/16, lex numer 1112548) nie dotyczy przedmiotowej sprawy. Mając na uwadze powyższe, Sąd Okręgowy na podstawie <xLexLink xArt="art. 477(14);art. 477(14) § 1" xIsapId="WDU19640430296" xTitle="Ustawa z dnia 17 listopada 1964 r. - Kodeks postępowania cywilnego" xAddress="Dz. U. z 1964 r. Nr 43, poz. 296">art. 477<xSUPx>14 </xSUPx>§ 1 k.p.c.</xLexLink> orzekł jak w sentencji wyroku.</xText>
          <xText><xAnon>Ł. G.</xAnon> zaskarżył powyższy wyrok w całości wniesioną apelacją. Zarzucił, iż wyrok został wydany na podstawie przepisów uznanych za niekonstytucyjne na podstawie wyroku Trybunału Konstytucyjnego z dnia 28 lutego 2012 roku w sprawie o sygn. akt K 5/11, a także brak wyjaśnienia podstawy prawnej wyroku.</xText>
          <xText>Wskazując na powyższe zarzuty odwołujący wniósł o uchylenie zaskarżonego wyroku oraz poprzedzających go decyzji Zakładu Ubezpieczeń Społecznych Oddziału w <xAnon>O.</xAnon> z dnia 23 listopada 2011 roku i przekazanie sprawy organowi rentowemu do ponownego rozpoznania.</xText>
          <xText>
            <xBx>Sąd Apelacyjny zważył, co następuje:</xBx>
          </xText>
          <xText>
            <xBx>Apelacja nie jest zasadna.</xBx>
          </xText>
          <xText>Rozpoznając niniejszą sprawę Sąd Okręgowy dokonał prawidłowych ustaleń faktycznych i prawidłowej wykładni przepisów prawa i przez ich pryzmat dokonał słusznych wywodów w przedmiocie prawa <xAnon>Ł. G.</xAnon> do renty z tytułu niezdolności do pracy według przepisów <xLexLink xArt="" xIsapId="WDU19981621118" xTitle="Ustawa z dnia 17 grudnia 1998 r. o emeryturach i rentach z Funduszu Ubezpieczeń Społecznych" xAddress="Dz. U. z 1998 r. Nr 162, poz. 1118">ustawy z dnia 17 grudnia 1998 roku o emeryturach i rentach z Funduszu Ubezpieczeń Społecznych</xLexLink> (Dz. U. z 2009 roku, Nr 153, poz. 1227 ze zm.). Sąd II instancji podziela dokonane ustalenia faktyczne oraz wykładnię przepisów.</xText>
          <xText>Na wstępie należy odnieść się do kwestii możliwości weryfikacji przez organ rentowy uprawnień do dotychczas pobieranego świadczenia, tj. w przypadku odwołującego do renty z tytułu niezdolności do pracy. <xAnon>Ł. G.</xAnon> na podstawie decyzji Zakładu Ubezpieczeń Społecznych Oddziału w <xAnon>O.</xAnon> z dnia 18 lutego 2011 roku był uprawniony od renty z tytułu całkowitej niezdolności do pracy od dnia 1 grudnia 2010 roku na stałe. Powyższa decyzja organu rentowego została wydana w oparciu o orzeczenie lekarza orzecznika ZUS z dnia 1 lutego 2011 roku, w którym stwierdzono, że całkowita niezdolność do pracy powstała na dzień 1 grudnia 2010 roku. Organ rentowy uznał zatem, że odwołujący spełnia wszystkie przesłanki niezbędne do przyznania prawa do dochodzonego świadczenia, określone w przepisie art. 57 ust. 1 pkt 1-3 w/w ustawy. Stwierdzić należy, iż przepisy <xLexLink xArt="" xIsapId="WDU19981621118" xTitle="Ustawa z dnia 17 grudnia 1998 r. o emeryturach i rentach z Funduszu Ubezpieczeń Społecznych" xAddress="Dz. U. z 1998 r. Nr 162, poz. 1118">ustawy z dnia 17 grudnia 1998 roku o emeryturach i rentach z Funduszu Ubezpieczeń Społecznych</xLexLink> oraz <xLexLink xArt="" xIsapId="WDU20042732711" xTitle="Rozporządzenie Ministra Polityki Społecznej z dnia 14 grudnia 2004 r. w sprawie orzekania o niezdolności do pracy" xAddress="Dz. U. z 2004 r. Nr 273, poz. 2711">rozporządzenia Ministra Polityki Społecznej z dnia 14 grudnia 2004 roku w sprawie orzekania o niezdolności do pracy</xLexLink> (Dz. U. z 2004 roku, Nr 273, poz. 2711 ze zm.) uprawniały organ rentowy do skierowania odwołującego na dalsze badania lekarskie. Stosownie do art. 14 ust. 4 w/w ustawy nadzór nad wykonywaniem orzecznictwa o niezdolności do pracy sprawuje Prezes Zakładu. Nadzór, o którym mowa w art. 14 ust. 4 w/w ustawy, obejmuje m.in. kontrolę prawidłowości i jednolitości stosowania zasad orzecznictwa o niezdolności do pracy przez lekarzy orzeczników i komisje lekarskie (art. 14 ust. 5 pkt 1 w/w ustawy) oraz prawo przekazania sprawy do rozpatrzenia przez komisję lekarską, jeżeli w wyniku kontroli, o której mowa w art. 14 ust. 5 pkt 1, zostanie stwierdzony brak zgodności orzeczenia lekarza orzecznika lub komisji lekarskiej ze stanem faktycznym lub zasadami orzecznictwa o niezdolności do pracy (art. 14 ust. 5 pkt 3 w/w ustawy). Zgodnie natomiast z § 12 ust. 1 w/w rozporządzenia nadzór nad wykonywaniem orzekania o niezdolności do pracy przez lekarzy orzeczników i komisje lekarskie, w zakresie określonym w § 12 ust. 2 w/w rozporządzenia, Prezes Zakładu wykonuje za pośrednictwem naczelnego lekarza Zakładu. Nadzór, o którym mowa w § 12 ust. 1 w/w rozporządzenia, obejmuje w szczególności kontrolę orzeczeń lekarzy orzeczników i komisji lekarskich pod względem merytorycznym i formalnym (§ 12 ust. 2 pkt 1 w/w rozporządzenia). W trybie powyższych przepisów naczelny lekarz Zakładu Ubezpieczeń Społecznych uznał, iż orzeczenie lekarza orzecznika ZUS z dnia 1 lutego 2011 roku, ustalające trwałą całkowitą niezdolność do pracy od dnia 1 grudnia 2010 roku i trwałą niezdolność do samodzielnej egzystencji, budzi zastrzeżenia co do zgodności z zasadami orzecznictwa lekarskiego, w szczególności w części dotyczącej daty powstania całkowitej niezdolności do pracy. Sprawa została przekazana do ponownego rozpatrzenia komisji lekarskiej ZUS. W następstwie przeprowadzonych badań komisja lekarska ZUS w orzeczeniu z dnia 19 października 2011 roku ustaliła, że <xAnon>Ł. G.</xAnon> jest trwale całkowicie niezdolny do pracy oraz trwale niezdolny do samodzielnej egzystencji, przy czym zarówno niezdolność do pracy, jak też niezdolność do samodzielnej egzystencji istnieje od urodzenia. Powyższe orzeczenie komisji lekarskiej ZUS stanowiło podstawę do wydania aktualnie zaskarżonych decyzji z dnia 23 listopada 2011 roku: wstrzymującej <xAnon>Ł.</xAnon> wypłatę renty z tytułu niezdolności do pracy oraz odmawiającej prawa do w/w świadczenia.</xText>
          <xText>Skierowanie odwołującego na badania przez organ rentowy ma swoją podstawę prawną w <xLexLink xArt="art. 107" xIsapId="WDU19981621118" xTitle="Ustawa z dnia 17 grudnia 1998 r. o emeryturach i rentach z Funduszu Ubezpieczeń Społecznych" xAddress="Dz. U. z 1998 r. Nr 162, poz. 1118">art. 107 ustawy z dnia 17 grudnia 1998 roku o emeryturach i rentach z Funduszu Ubezpieczeń Społecznych</xLexLink>, zgodnie z którym prawo do świadczeń uzależnionych od niezdolności do pracy oraz wysokość tych świadczeń ulega zmianie, jeżeli w wyniku badania lekarskiego, przeprowadzonego na wniosek lub z urzędu, ustalono zmianę stopnia niezdolności do pracy, brak tej niezdolności lub jej ponowne powstanie. Powyższe uprawnienie dotyczy również ustalenia daty powstania niezdolności do pracy. Jednym z warunków do przyznania prawa do tego świadczenia, określonym w art. 57 ust. 1 pkt 3 w/w ustawy, jest bowiem powstanie tej niezdolności w szczegółowo wymienionych w tym przepisie okresach ubezpieczenia, albo nie później niż w ciągu 18 miesięcy od ustania tych okresów.</xText>
          <xText>Niewątpliwie zatem samo skierowanie odwołującego na badania lekarskie przez organ rentowy w celu weryfikacji, czy spełnia on przesłanki konieczne do pobierania renty z tytułu niezdolności do pracy, co w jego przypadku oznacza weryfikację daty powstania niezdolności do pracy – było dopuszczalne.</xText>
          <xText>Rozstrzygnięcie w kwestii możliwości utraty prawa do renty wymaga nadto, w świetle orzecznictwa Trybunału Konstytucyjnego i Europejskiego Trybunału Praw Człowieka, uwzględnienia jeszcze innych, szeroko rozumianych okoliczności, leżących po stronie ubezpieczonego tracącego świadczenie. Chodzi mianowicie o sytuacje, kiedy w konkretnych okolicznościach osoba taka, będąc zaskoczoną utratą prawa, znajduje się w sytuacji uniemożliwiającej normalną egzystencję.</xText>
          <xText>Zastosowanie art. 107 w/w ustawy winno być rozpatrywane w szerszym kontekście wzruszania decyzji organów rentowych przyznających prawo do świadczenia. Prawo organu rentowego do wzruszania takich decyzji co do zasady nie jest kwestionowane i potwierdził je także Trybunał Konstytucyjny w uzasadnieniu wyroku z dnia 28 lutego 2012 roku w sprawie o sygn. K 5/11 (OTK-A2012/2/16, lex numer 1112548, Dz. U. z 2012 roku, poz. 251) stwierdzającego niekonstytucyjność <xLexLink xArt="art. 114;art. 114 ust. 1 a" xIsapId="WDU19981621118" xTitle="Ustawa z dnia 17 grudnia 1998 r. o emeryturach i rentach z Funduszu Ubezpieczeń Społecznych" xAddress="Dz. U. z 1998 r. Nr 162, poz. 1118">art. 114 ust. 1a ustawy z dnia 17 grudnia 1998 roku o emeryturach i rentach z Funduszu Ubezpieczeń Społecznych</xLexLink>. Trybunał Konstytucyjny podzielił nawet stanowisko, że w przypadku decyzji emerytalno-rentowych szersza, niż na gruncie <xLexLink xArt="" xIsapId="WDU19600300168" xTitle="Ustawa z dnia 14 czerwca 1960 r. - Kodeks postępowania administracyjnego" xAddress="Dz. U. z 1960 r. Nr 30, poz. 168">kodeksu postępowania administracyjnego</xLexLink> ich wzruszalność uzasadniona jest deklaratoryjnym charakterem tych decyzji wynikającym z tego, że nabycie prawa do świadczeń następuje <xIx>ex lege. </xIx>Trybunał dostrzegł też aspekt, iż utrzymanie w mocy wadliwej decyzji przyznającej prawo do świadczenia w sytuacji, gdy innym zainteresowanym odmówiono prawa do emerytury albo renty zgodnie z obowiązującymi przepisami, stanowi naruszenie zasady równości i sprawiedliwości. Doprowadzenie do stanu zgodnego z prawem służy zatem interesowi ogółu ubezpieczonych, objętych przymusem podlegania ubezpieczeniu, tworzących solidarną wspólnotę ryzyka tj. płacący składki finansują świadczenie osób, wobec których ziściło się określone ryzyko socjalne.</xText>
          <xText>Europejski Trybunał Praw Człowieka również co do zasady nie kwestionuje wzruszalności prawomocnych decyzji rentowych, uznając, że w zakresie konstrukcji praw ekonomicznych i socjalnych ustawodawcy i sądom krajowym powinien zostać pozostawiony szeroki margines oceny tego, co leży w „interesie publicznym”. Organom władzy publicznej winno służyć prawo nawet do weryfikacji błędów, i to nawet tych, które wynikają z własnych zaniedbań takich organów. Chodzi tu zarówno o to, aby nie dochodziło do bezpodstawnego wzbogacenia się przez osoby pobierające świadczenie, którym one nie powinny już przysługiwać, jak i to, że byłoby też rzeczą nieuczciwą względem innych osób korzystających z systemu zabezpieczenia społecznego, w szczególności tych osób, którym odmówiono przyznania świadczenia. Interes publiczny wymaga przy tym tego, aby alokacja środków ubezpieczonych była właściwa, czyli by trafiały one do osób, którym się one należą. Nadto sądy krajowe powinny sięgnąć do art. 1 protokołu nr 1 do Europejskiej Konwencji Praw Człowieka oraz „ustalić, czy pominięcie dowodów lub okoliczności zostało wywołane przez stronę, czy też stanowiło błąd Zakładu Ubezpieczeń Społecznych, a także wziąć pod uwagę czas, jaki upłynął od wydania decyzji stwierdzającej prawo do emerytury lub renty oraz ocenić proporcjonalność skutków ewentualnej ingerencji w świadczenie. W przypadku, gdy prawo do świadczenia zostało ustalone niezasadnie, ale nastąpiło to z przyczyn leżących wyłącznie po stronie organu rentowego lub innych podmiotów wykonujących funkcje publiczne, a ingerencja wiązałaby się z istotnymi, negatywnymi skutkami dla ubezpieczonego, w szczególności gdy jest wysoce prawdopodobne, iż ubezpieczony nie mógłby przystosować się do zmienionych okoliczności z uwagi na wiek, stan zdrowia lub sytuację rodzinną, należałoby uznać, że nowe dowody lub okoliczności nie miały wpływu na prawo do świadczenia i odmówić uchylenia wcześniejszej decyzji” (zob. wyrok Europejskiego Trybunału Praw Człowieka z dnia 15 września 2009 roku w sprawie <xAnon>M.</xAnon> przeciwko Polsce, skarga nr <xAnon> (...)</xAnon>, lex numer 514351; wyrok Europejskiego Trybunału Praw Człowieka z dnia 26 lipca 2011 roku w sprawie <xAnon>I.</xAnon> przeciwko Polsce, skarga <xAnon> (...)</xAnon>, lex numer 863812).</xText>
          <xText>Ustalenie, iż niezdolność do pracy nie powstała w okresach, o których mowa w art. 57 ust. 1 pkt 3 w/w ustawy ani nie później niż w ciągu 18 miesięcy od ustania tych okresów prowadzi z istoty rzeczy do utraty prawa do świadczenia, chyba, że wystąpią okoliczności wynikające z orzecznictwa Trybunału Konstytucyjnego i Europejskiego Trybunału Praw Człowieka, które prowadziłby do oceny, że pozbawienie odwołującego prawa do świadczenia naruszałoby zasadę proporcjonalności i tym samym, aby realizacja ważnych celów publicznych nie przeważała nad interesem jednostki, dla której pozbawienie świadczenia może okazać się nadmiernie uciążliwe (por. wyrok Sądu Najwyższego z dnia 24 marca 2011 roku w sprawie o sygn. akt I UK 317/10, OSNP 2012/7-8/101, lex numer 1130858).</xText>
          <xText>Przenosząc powyższe rozważania na grunt rozpoznawanej sprawy, zdaniem Sądu Apelacyjnego, należy stwierdzić, iż przyznanie świadczenia na podstawie decyzji Zakładu Ubezpieczeń Społecznych Oddziału w <xAnon>O.</xAnon> z dnia 18 lutego 2011 roku, było wynikiem błędu organu rentowego, który oparł się na błędnym orzeczeniu lekarza orzecznika ZUS z dnia 1 lutego 2011 roku. W powyższej sytuacji dalszej ocenie podlegało to, czy późniejsze pozbawienie prawa do świadczeń nie naruszałoby zasady proporcjonalności skutków ingerencji w świadczenie. Zdaniem Sądu II instancji w sytuacji <xAnon>Ł. G.</xAnon> do takiego naruszenia nie doszło. Po pierwsze, na co słusznie zwrócił uwagę Sąd I instancji, odwołującemu służy i niewątpliwie nadal będzie służyło prawo do renty socjalnej. Powyższe świadczenie zostało mu przyznane od dnia 5 lutego 2005 roku już na podstawie decyzji organu rentowego z dnia 11 lutego 2005 roku. Decyzją z dnia 10 października 2007 roku wstrzymano wypłatę świadczenia, co było spowodowane osiąganiem przychodu z tytułu zatrudnienia. Wskazać należy, iż jedyną przesłanką do przyznania powyższego świadczenia, określoną w <xLexLink xArt="art. 4;art. 4 ust. 1" xIsapId="WDU20031351268" xTitle="Ustawa z dnia 27 czerwca 2003 r. o rencie socjalnej" xAddress="Dz. U. z 2003 r. Nr 135, poz. 1268">art. 4 ust. 1 w/w ustawy z dnia 27 czerwca 2003 roku o rencie socjalnej</xLexLink> (Dz. U. z 2003 roku, Nr 135, poz. 1268 ze zm.), jest występowanie całkowitej niezdolności do pracy (powstałej do szczegółowo określonych w przepisie granic czasowych). W przypadku odwołującego zastosowanie tu znajdzie art. 4 ust. 1 pkt 1 w/w ustawy, tj. całkowita niezdolność do pracy powstała u niego przed ukończeniem 18. roku życia. Zatem w sytuacji nieuzyskiwania przychodu w wysokości powodującej wstrzymanie wypłaty świadczenia, <xAnon>Ł. G.</xAnon> będzie służyło prawo do renty socjalnej. Wprawdzie renta socjalna jest świadczeniem o niższej wysokości niż renta z tytułu niezdolności do pracy, jednakże w jakiejś mierze zrekompensuje brak renty z tytułu niezdolności do pracy. Okoliczność przyznania powyższego świadczenia już w 2005 roku ma znaczenie również dla oceny tego, czy odwołujący mógł zostać zaskoczony utratą prawa do renty z tytułu niezdolności do pracy. Skoro <xAnon>Ł. G.</xAnon> już w 2005 roku był uznany przez organ rentowy za osobę całkowicie niezdolną do pracy, to musiał zdawać sobie sprawę, że powyższa niezdolność nie datowała się od dnia 1 grudnia 2010 roku (jak stwierdził lekarz orzecznik ZUS w orzeczeniu z dnia 1 lutego 2011 roku). Skoro natomiast odwołujący podjął zatrudnienie od dnia 1 października 2007 roku, to oczywistym było (wobec posiadania prawa do renty socjalnej od dnia 5 lutego 2005 roku), że całkowita niezdolność do pracy nie powstała w okresie zatrudnienia, bądź też w okresie 18 miesięcy od jego ustania (zatem niespełniony jest warunek z <xLexLink xArt="art. 57;art. 57 ust. 1;art. 57 ust. 1 pkt. 3" xIsapId="WDU19981621118" xTitle="Ustawa z dnia 17 grudnia 1998 r. o emeryturach i rentach z Funduszu Ubezpieczeń Społecznych" xAddress="Dz. U. z 1998 r. Nr 162, poz. 1118">art. 57 ust. 1 pkt 3 ustawy z dnia 17 grudnia 1998 roku o emeryturach i rentach z Funduszu Ubezpieczeń Społecznych</xLexLink>). Nie jest również bez znaczenia okoliczność, że okres pobierania przez <xAnon>Ł. G.</xAnon> renty z tytułu niezdolności do pracy był stosunkowo krótki. Świadczenie zostało przyznane od dnia 1 grudnia 2010 roku na podstawie decyzji organu rentowego z dnia 18 lutego 2011 roku, natomiast wstrzymano je od dnia 1 grudnia 2011 roku (na podstawie decyzji organu rentowego z dnia 23 listopada 2011 roku). Powyższe okoliczności, zdaniem Sadu Apelacyjnego, przemawiają za uznaniem, iż w sytuacji odwołującego nie została naruszona zasada proporcjonalności skutków ingerencji w świadczenie. Wydanie zatem przez organ rentowy decyzji wstrzymującej wypłatę świadczenia oraz odmawiającej prawa do tego świadczenia na przyszłość, w sytuacji, w której prawo do tego świadczenia zostało przyznane na podstawie błędnego orzeczenia lekarza orzecznika ZUS, zweryfikowanego wskutek nadzoru Prezesa ZUS nad wykonywaniem orzecznictwa o niezdolności do pracy, nie pozostawało w sprzeczności z prawidłową wykładnią wymienionych przepisów, uwzględniającą wskazania wynikające z <xLexLink xArt="art. 2" xIsapId="WDU19970780483" xTitle="Konstytucja Rzeczypospolitej Polskiej z dnia 2 kwietnia 1997 r." xAddress="Dz. U. z 1997 r. Nr 78, poz. 483">art. 2 Konstytucji RP</xLexLink> oraz art. 1 Protokołu nr 1 do Europejskiej Konwencji Praw Człowieka sformułowane w wyroku Europejskiego Trybunału Praw Człowieka z dnia 15 września 2008 roku w sprawie <xAnon>M.</xAnon> przeciwko Polsce, skarga nr <xAnon> (...)</xAnon>.</xText>
          <xText>Z powyższych względów zarzut wydania orzeczenia na podstawie przepisów uznanych za niekonstytucyjne należało uznać za nieuzasadniony.</xText>
          <xText>W niniejszej sprawie w zakresie ustalenia daty powstania u odwołującego całkowitej niezdolności do pracy Sąd Okręgowy przeprowadził rzetelne postępowanie dowodowe dopuszczając dowody z opinii: biegłego lekarza sądowego z zakresu neurologii oraz zespołu biegłych lekarzy sądowych z zakresu neurologii oraz ortopedii. Z przeprowadzonych przez Sąd I instancji dowodów w postaci opinii biegłych lekarzy sądowych wynika, że odwołujący jest trwale całkowicie niezdolny do pracy i niezdolny do samodzielnej egzystencji, przy czym niezdolność do pracy istnieje od dzieciństwa (k. 12-14, 52-53). Powyższe opinie zostały wydane przez lekarzy (z zakresu neurologii oraz ortopedii) o specjalnościach odpowiadających schorzeniom zgłaszanym przez odwołującego.</xText>
          <xText>Sąd Apelacyjny przychyla się do stanowiska Sądu I instancji rozpoznającego sprawę co do oceny stanu zdrowia odwołującego. Opinie zostały sporządzone przez specjalistów, posiadających gruntowną wiedzę z zakresu swoich specjalności oraz długoletnie doświadczenie zawodowe. Podstawą ich wydania były dowody obiektywne, dokumentacja lekarska oraz badanie <xAnon>Ł. G.</xAnon>. Zdaniem Sądu Apelacyjnego, Sąd Okręgowy słusznie ocenił opinie biegłych jako fachowe, spójne, rzetelne oraz należycie uzasadnione.</xText>
          <xText>W tym miejscu wskazać należy jednak, że na obecnym etapie postępowania stan zdrowia odwołującego (data powstania całkowitej niezdolności do pracy) nie był sporny. Przedmiotem sporu pozostawała natomiast możliwość pozbawienia w tej konkretnej sytuacji prawa do uprzednio przyznanego świadczenia, co zostało rozstrzygnięte powyżej.</xText>
          <xText>Końcowo należało odnieść się do zarzutu apelacyjnego braku wyjaśnienia podstawy prawnej wyroku. Powyższy zarzut również nie zasługiwał na uwzględnienie. Sąd I instancji w uzasadnieniu zaskarżonego wyroku prawidłowo bowiem wskazał, że podstawą odmowy prawa do świadczenia jest niespełnienie warunku określonego w <xLexLink xArt="art. 57;art. 57 ust. 1;art. 57 ust. 1 pkt. 3" xIsapId="WDU19981621118" xTitle="Ustawa z dnia 17 grudnia 1998 r. o emeryturach i rentach z Funduszu Ubezpieczeń Społecznych" xAddress="Dz. U. z 1998 r. Nr 162, poz. 1118">art. 57 ust. 1 pkt 3 ustawy z dnia 17 grudnia 1998 roku o emeryturach i rentach z Funduszu Ubezpieczeń Społecznych</xLexLink>, tj. warunku powstania niezdolności do pracy w okresach szczegółowo w tym przepisie wymienionych, bądź też nie później niż w ciągu 18 miesięcy od ustania tych okresów.</xText>
          <xText>Mając na uwadze powyższe, Sąd Apelacyjny na podstawie <xLexLink xArt="art. 385" xIsapId="WDU19640430296" xTitle="Ustawa z dnia 17 listopada 1964 r. - Kodeks postępowania cywilnego" xAddress="Dz. U. z 1964 r. Nr 43, poz. 296">art. 385 k.p.c.</xLexLink> orzekł jak w sentencji wyroku.</xText>
        </xUnit>
      </xBlock>
    </xPart>
  </judgement>
<judgement id="151010000000503_I_Ca_000440_2012_Uz_2013-01-30_001">
    <xPart xClassifier="agnieszka.krystowska" xEditorFullName="Bożena Zych" xYear="2012" xLang="PL" xPublisherFullName="Agnieszka Krystowska" xFromPg="1" xEditor="bozena.zych" xVolType="15/101000/0000503/Ca" xClassified="false" xPublisher="agnieszka.krystowska" xDocType="Uz" xClassifierFullName="Agnieszka Krystowska" xVolNmbr="000440" xVersion="1.0" xToPage="3" xFlag="published">
      <xName>Wyrok+Uzasadnienie</xName>
      <xBlock>
        <xText>Sygn. akt I Ca 440/12</xText>
        <xUnit xIsTitle="true" xBold="true" xType="part">
          <xName>WYROK</xName>
          <xTitle>W IMIENIU RZECZYPOSPOLITEJ POLSKIEJ</xTitle>
          <xText xALIGNx="right">
            <xBx>Dnia 30 stycznia 2013 r.</xBx>
          </xText>
          
          <xText>Sąd Okręgowy w Elblągu I Wydział Cywilny</xText>
          <xText>w składzie następującym:</xText>
          
          <xText>Przewodniczący: SSO Krzysztof Nowaczyński /spr./</xText>
          <xText>Sędziowie:  SO Aleksandra Ratkowska</xText>
          <xText>SO Teresa Zawistowska</xText>
          <xText>Protokolant:  st. sekr. sąd. Danuta Gołębiewska</xText>
          
          <xText>po rozpoznaniu w dniu 30 stycznia 2013 r. w Elblągu</xText>
          <xText>na rozprawie</xText>
          <xText>sprawy z powództwa <xAnon>A. S.</xAnon></xText>
          <xText>przeciwko <xAnon> (...) Spółce Akcyjnej</xAnon> w <xAnon>W.</xAnon></xText>
          <xText>o zapłatę</xText>
          
          <xText>na skutek apelacji pozwanego</xText>
          <xText>od wyroku Sądu Rejonowego w Elblągu</xText>
          <xText>z dnia 16 października 2012 r., sygn. akt IX C 177/10</xText>
          
          <xUnit xIsTitle="false" xType="none">
            <xName xSffx=".">1</xName>
            <xText>oddala apelację;</xText>
          </xUnit>
          <xUnit xIsTitle="false" xType="none">
            <xName xSffx=".">2</xName>
            <xText>zasądza od pozwanego <xAnon> (...) Spółki Akcyjnej</xAnon> w <xAnon>W.</xAnon> na rzecz powoda <xAnon>A. S.</xAnon> kwotę 1.200 zł (jeden tysiąc dwieście złotych) tytułem zwrotu kosztów procesu za drugą instancję.</xText>
          </xUnit>
          
          <xText>Sygn. akt I Ca 440/12</xText>
        </xUnit>
        <xUnit xIsTitle="true" xBold="true" xType="part">
          <xName>UZASADNIENIE</xName>
          <xText>Powód <xAnon>A. S.</xAnon> wniósł o zasądzenie od pozwanego <xAnon> (...) Spółki Akcyjnej</xAnon> w <xAnon>W.</xAnon> kwoty 27.954,26 zł wraz z ustawowymi odsetkami od dnia 16 października 2009 r. Uzasadniając żądanie wskazał, iż w dniu 12 września 2009 r. w miejscowości <xAnon>M.</xAnon> doszło do kolizji drogowej, w której uszkodzony został pojazd powoda, a sprawcą kolizji był <xAnon>K. J. (1)</xAnon> posiadający ubezpieczenie w zakresie odpowiedzialności cywilnej w pozwanej spółce.</xText>
          
          <xText>W odpowiedzi na pozew pozwany wniósł o oddalenie powództwa w całości. Uzasadniając swoje stanowisko wskazał, iż powództwo jest całkowicie bezzasadne oraz iż strona pozwana nie uznaje powództwa co do zasady. Pozwany wskazał, iż odpowiedzialność ubezpieczyciela ma charakter pochodny w stosunku do odpowiedzialności cywilnej posiadacza pojazdu. Przeprowadzone przez pozwanego postępowanie wyjaśniające wykazało, iż do uszkodzeń pojazdu powoda nie mogło dojść w przedstawionych przez powoda okolicznościach. Wobec powyższego pozwany wskazał, iż nie ponosi odpowiedzialności za przedstawioną przez powoda szkodę.</xText>
          
          <xText>Wyrokiem z dnia 16 października 2012 r. Sąd Rejonowy w Elblągu:</xText>
          
          <xUnit xIsTitle="false" xType="none">
            <xName xSffx=".">I</xName>
            <xText>zasądził od pozwanego <xAnon> (...) Spółki Akcyjnej</xAnon> w <xAnon>W.</xAnon> na rzecz powoda <xAnon>A. S.</xAnon> kwotę 27 954,26 zł z ustawowymi odsetkami od 16 października 2009 r. do dnia zapłaty,</xText>
          </xUnit>
          <xUnit xIsTitle="false" xType="none">
            <xName xSffx=".">II</xName>
            <xText>zasądził od pozwanego na rzecz powoda kwotę 4533,29 zł tytułem zwrotu kosztów procesu,</xText>
          </xUnit>
          <xUnit xIsTitle="false" xType="none">
            <xName xSffx=".">III</xName>
            <xText>nakazał zwrócić powodowi kwotę 81,71 zł ze Skarbu Państwa – Sądu Rejonowego w Elblągu tytułem niewykorzystanej zaliczki uiszczonej w dniu 29 marca 2011 r. pod pozycją 250/2011,</xText>
          </xUnit>
          <xUnit xIsTitle="false" xType="none">
            <xName xSffx=".">IV</xName>
            <xText>zasądził od pozwanego na rzecz Skarbu Państwa – Sądu Rejonowego w Elblągu kwotę 206,05 zł tytułem nieuiszczonych kosztów sądowych,</xText>
          </xUnit>
          <xUnit xIsTitle="false" xType="none">
            <xName xSffx=".">V</xName>
            <xText>nakazał zwrócić pozwanemu kwotę 62 zł ze Skarbu Państwa – Sądu Rejonowego w Elblągu tytułem niewykorzystanej zaliczki uiszczonej w dniu 14 listopada 2011 r. pod pozycją 846/2011.</xText>
          </xUnit>
          
          <xText>Rozstrzygnięcie było wynikiem następujących ustaleń i wynikających z nich faktów:</xText>
          
          <xText>W dniu 16 października 2009 r. kierujący samochodem <xAnon>M. (...)</xAnon><xAnon>nr rej. (...)</xAnon><xAnon>K. J. (1)</xAnon> jadący z miejscowości <xAnon>K.</xAnon> w kierunku <xAnon>M.</xAnon>, drogą podporządkowaną, na skrzyżowaniu nie respektując znaku <xAnon> (...)</xAnon> nie ustąpił należnego pierwszeństwa przejazdu i prawym przednim narożem swojego samochodu uderzył w prawy bok samochodu <xAnon>M. (...)</xAnon><xAnon>nr rej (...)</xAnon> kierowanego przez <xAnon>M. S.</xAnon>.</xText>
          <xText>Na skutek zdarzenia w pojeździe <xAnon>M. (...)</xAnon> powstały następujące uszkodzenia: drzwi przednie prawe, drzwi tylne prawe, nakładka progu prawego porysowana, słupek środkowy prawy w części dolnej odkształcony, próg prawy przednia część odkształcona, poduszka boczna przednia prawa, pokrycie tapicerskie oparcia fotela pasażera, wykładzina dachu, błotnik tylny prawy, zderzak tylny, tarcza koła tylnego. Powód zgłosił szkodę w dniu 15 września 2009 r. Poważ pojazd był potrzebny poszkodowanemu zlecił on niezwłocznie jego naprawę decydując się na wypłatę odszkodowania na podstawie wyceny dokonanej przez pozwaną. Pojazd został naprawiony do dnia 5 października 2009 r. Pozwana odmówiła wypłaty odszkodowania wskazując, iż zakres i charakter uszkodzeń samochodu <xAnon>M. (...)</xAnon> nie mógł powstać i nie powstał w wyniku zdarzenia i w okolicznościach podanych w zgłoszeniu.</xText>
          <xText>Wysokość szkody jaką poniósł powód w związku z wypadkiem wyniosła 27.954,26 zł<xIx>. </xIx>Na mocy umowy z dnia 27 października 2009 r. <xAnon> (...) Bank S.A</xAnon> z przeniósł na powoda wierzytelność z tytułu odszkodowania za szkodę komunikacyjną, która miała miejsce w dniu 12 września 2009 r.</xText>
          <xText>Dalej Sąd wskazał, że przed przystąpieniem do prac związanych z opinią <xAnon> (...) S.A</xAnon> w <xAnon>W.</xAnon> Oddział w <xAnon>G.</xAnon> zwrócono się do przesłanie formie elektronicznej kompletu dokumentacji fotograficznej zgromadzonej w toku postępowania likwidacyjnego. Jednakże pozwany wyjasnił, iż nie jest już w posiadaniu zgromadzonej dokumentacji w formie elektronicznej, gdyż po wydrukowaniu fotografii nie jest ona przechowywana i archiwizowana.</xText>
          <xText>W ocenie Sądu Rejonowego powództwo zasługiwało na uwzględnienie. Okoliczności faktyczne w istotnych dla rozstrzygnięcia przedmiotowej sprawy kwestiach Sąd ustalił na podstawie zebranych w sprawie dokumentów, opinii <xAnon> (...) S.A</xAnon> w <xAnon>W.</xAnon> Oddział w <xAnon>G.</xAnon> i biegłego <xAnon>S. R.</xAnon>, a także na podstawie zeznań świadka <xAnon>K. J. (1)</xAnon>, częściowo zaś na podstawie zeznań świadka <xAnon>W. N.</xAnon>.</xText>
          <xText>W przedmiotowej sprawie na okoliczność ustalenia przebiegu kolizji oraz wskazania kto był sprawcą zdarzenia Sąd Rejonowy wcześniej dopuścił dowód z opinii biegłego <xAnon>F. G.</xAnon>, który stwierdził, iż uszkodzenia pojazdu <xAnon>M. (...)</xAnon> o <xAnon>nr rej (...)</xAnon> nie mogły powstać w wyniku zderzenia z pojazdem <xAnon>M. (...)</xAnon> w okolicznościach podawanych przez uczestników kolizji drogowej z dnia 12 września 2009 r. Wobec istotnych wątpliwości oraz zakwestionowania opinii przez stronę powodową, Sąd pierwszej instancji postanowił dopuścić dowód z opinii kolejnego biegłego <xAnon>S. R.</xAnon>. Przeprowadzona przez biegłego analiza pojazdów w zestawieniu z przeprowadzoną symulacją przebiegu kolizji doprowadziła do całkowicie odmiennych wniosków niż w pierwszej opinii, gdyż nie pozwoliła na wykluczenie, że kolizja z dnia 12 września 2012 r. miała miejsce oraz że uszkodzenia w obydwu pojazdach mogły powstać w tej kolizji. Wskazana opinia została z kolei zakwestionowana przez pozwanego, który zarzucił jej brak jednoznaczności oraz dowolność co do twierdzeń i wniosków. W tej sytuacji Sąd pierwszej instancji postanowił dopuścić dowód z opinii <xAnon> (...) S.A</xAnon> w <xAnon>W.</xAnon> Oddział w <xAnon>G.</xAnon>. W omawianej opinii dokonano zestawienia uszkodzeń obydwu pojazdów uznając, iż analiza charakteru, rozmiaru i umiejscowienie uszkodzeń obu pojazdów wskazuje, iż uszkodzenia pojazdu marki <xAnon>M. (...)</xAnon> o <xAnon>nr rej. (...)</xAnon> mogły powstać w wyniku zderzenia z pojazdem <xAnon>M. (...)</xAnon> o <xAnon>nr rej. (...)</xAnon> w okolicznościach podawanych przez uczestników kolizji drogowej z dnia 12 września 2009 roku. Co równie istotne we wskazanej opinii w sposób bardzo wnikliwy i rzeczowy ustosunkowano się do poprzednich opinii sporządzonych w sprawie i wszystkich wątków zdarzenia.</xText>
          <xText>W konsekwencji, zważywszy na powyższe, Sąd Rejonowy przyjął, iż ostania ze sporządzonych opinii tj. opinia <xAnon> (...) S.A</xAnon> w <xAnon>W.</xAnon> Oddział w <xAnon>G.</xAnon> wraz z opinią biegłego <xAnon>S. R.</xAnon>, która jest z nią zasadniczo spójna zarówno w przeprowadzonej analizie zdarzenia, jak i we wnioskach, zasługują na pełne uznanie.</xText>
          <xText>Przechodząc dalej , Sąd Rejonowy wskazał, że w przedmiotowej sprawie powód domagał się zapłaty odszkodowania za szkodę jakiej doznał w kolizji drogowej z dnia 12 września 2009 r. W tej sprawie pomiędzy stronami sporny był przebieg kolizji. Pozwany kwestionował powództwo co do zasady, wskazując iż uszkodzenia pojazdu powoda nie mogło dojść w przedstawionych przez stronę powodową okolicznościach. Jednakże w świetle ustaleń poczynionych na podstawie zebranego materiału dowodowego Sąd Rejonowy uznał, że relacja strony powodowej odnośnie przebiegu kolizji była wiarygodna i przekonująca. Zważywszy na powyższe Sąd Rejonowy przyjął, że w dniu 12 września 2009 r. <xAnon>K.</xAnon><xAnon>J.</xAnon>spowodował kolizję drogową. Jadąc z miejscowości <xAnon>K.</xAnon>w kierunku <xAnon>M.</xAnon>drogą podporządkowaną na skrzyżowaniu nie respektując znaku <xAnon>(...)</xAnon>nie ustąpił należnego pierwszeństwa przejazdu i prawym przednim narożem swojego samochodu uderzył w prawy bok samochodu <xAnon>M. (...)</xAnon><xAnon>nr rej (...)</xAnon>kierowanego przez <xAnon>M. S.</xAnon>. Wobec tego Sąd orzekający uznał, że <xAnon>K. J. (1)</xAnon>nie ustępując należnego pierwszeństwa przejazdu w sposób zawiniony spowodował to zdarzenie.</xText>
          <xText>Mając to na względzie wskazano, iż nie budziła wątpliwości odpowiedzialność <xAnon>K. J. (1)</xAnon> za szkody poniesione przez powoda, przy czym odpowiedzialność ta opierała się na zasadzie winy (doszło bowiem do zderzenia się dwóch samochodów). W myśl przepisów <xLexLink xArt="art. 436;art. 436 § 1;art. 436 § 2" xIsapId="WDU19640160093" xTitle="Ustawa z dnia 23 kwietnia 1964 r. - Kodeks cywilny" xAddress="Dz. U. z 1964 r. Nr 16, poz. 93">art. 436 § 1 i 2 k.c.</xLexLink> w zw. z <xLexLink xArt="art. 435;art. 435 § 1" xIsapId="WDU19640160093" xTitle="Ustawa z dnia 23 kwietnia 1964 r. - Kodeks cywilny" xAddress="Dz. U. z 1964 r. Nr 16, poz. 93">art. 435 § 1 k.c.</xLexLink> samoistny posiadacz mechanicznego środka komunikacji poruszanego za pomocą sił przyrody ponosi odpowiedzialność za szkodę na osobie lub mieniu wyrządzoną komukolwiek przez ruch pojazdu. Z kolei pozwany – jak wyjaśnił Sąd Rejonowy- ponosił odpowiedzialność wobec powoda z tytułu umowy ubezpieczenia odpowiedzialności cywilnej właściciela pojazdu samochodowego – poza sporem bowiem było to, że <xAnon>K. J. (1)</xAnon> był ubezpieczony z tytułu OC u pozwanego – przy czym podstawę prawną odpowiedzialności pozwanego stanowiły przepisy <xLexLink xArt="art. 805;art. 805 § 1" xIsapId="WDU19640160093" xTitle="Ustawa z dnia 23 kwietnia 1964 r. - Kodeks cywilny" xAddress="Dz. U. z 1964 r. Nr 16, poz. 93">art. 805 § 1 k.c.</xLexLink> i <xLexLink xArt="art. 822" xIsapId="WDU19640160093" xTitle="Ustawa z dnia 23 kwietnia 1964 r. - Kodeks cywilny" xAddress="Dz. U. z 1964 r. Nr 16, poz. 93">art. 822 k.c.</xLexLink></xText>
          <xText>W ocenie Sądu Rejonowego pozwany w toku przeprowadzonego postępowania nie zakwestionował skutecznie podstaw tej odpowiedzialności i nie wykazał istnienia okoliczności ekskulpacyjnych, które uwalniałyby go od odpowiedzialności za wyrządzoną powodowi szkodę. Pozwanego tym samym obciążał obowiązek naprawienia szkody doznanej przez powoda, przy czym przedmiotem żądań powoda była doznana przez niego szkoda majątkowa. W niniejszej sprawie ustalenie wysokości szkody poniesionej przez powoda w wyniku kolizji drogowej z dnia września 2009 r. nie stanowiło spornej kwestii między stronami. Wysokość odszkodowania jakiej domaga się powód została ustalona na podstawie kalkulacji szkody sporządzonej przez ubezpieczyciela w toku postępowania likwidacyjnego. Wobec jednoznacznego ustalenia, iż wszystkie uszkodzenia wskazane w powypadkowym protokole oględzin pojazdu mechanicznego powstały w wyniku zdarzenia za które odpowiedzialność ponosi strona pozwana, bezspornym było, iż ich wysokość – oszacowana już w postępowaniu likwidacyjnym - nie stanowi dla pozwanego okoliczności spornej.</xText>
          <xText>Mając na względzie powyżej przedstawione okoliczności i rozważania Sąd Rejonowy zasądził od pozwanego na rzecz powoda kwotę 27.955 zł. O odsetkach orzeczono na podstawie przepisu <xLexLink xArt="art. 481;art. 481 § 1;art. 481 § 2" xIsapId="WDU19640160093" xTitle="Ustawa z dnia 23 kwietnia 1964 r. - Kodeks cywilny" xAddress="Dz. U. z 1964 r. Nr 16, poz. 93">art. 481 § 1 i § 2 k.c.</xLexLink> Na podstawie przepisu <xLexLink xArt="art. 481" xIsapId="WDU19640160093" xTitle="Ustawa z dnia 23 kwietnia 1964 r. - Kodeks cywilny" xAddress="Dz. U. z 1964 r. Nr 16, poz. 93">art. 481 k.c.</xLexLink> odsetki należą się za samo opóźnienie, choćby zatem wierzyciel nie poniósł żadnej szkody i choćby opóźnienie było następstwem okoliczności, za które dłużnik odpowiedzialności nie ponosi; przysługują one przy tym w zasadzie według stopy ustawowej. Jeżeli powód dochodzi zapłaty określonej kwoty tytułem odszkodowania z odsetkami za opóźnienie od danego dnia, wcześniejszego niż dzień wyrokowania, i w toku postępowania okaże się, że kwota ta istotnie należała się powodowi od tego dnia, odsetki powinny być zasądzone zgodnie z żądaniem. Generalnie wskazano, iż odsetki od odszkodowania pieniężnego należą się od dnia, w którym powinno ono być zapłacone - zasadniczo wyznaczonego przez wezwanie dłużnika do wykonania zobowiązania (<xLexLink xArt="art. 455" xIsapId="WDU19640160093" xTitle="Ustawa z dnia 23 kwietnia 1964 r. - Kodeks cywilny" xAddress="Dz. U. z 1964 r. Nr 16, poz. 93">art. 455 <xIx>in fine</xIx> k.c.</xLexLink>). W niniejszej sprawie pozwany, zdaniem Sądu pierwszej instancji, był zobowiązany wypłacić odszkodowanie w terminie 30 dni, licząc od daty zawiadomienia o wypadku (15 września 2009 r.), a najpóźniej w terminie 14 dni, licząc od wyjaśnienia okoliczności koniecznych do ustalenia odpowiedzialności zakładu ubezpieczeń lub wysokości odszkodowania (przepis <xLexLink xArt="art. 817" xIsapId="WDU19640160093" xTitle="Ustawa z dnia 23 kwietnia 1964 r. - Kodeks cywilny" xAddress="Dz. U. z 1964 r. Nr 16, poz. 93">art. 817 k.c.</xLexLink>). Powód zgłosił pozwanemu szkodę w dniu 15 września 2012 r., a zatem żądanie stało się wymagalne 16 października 2012 r. i Sąd przyznał powodowi odsetki ustawowe od zasądzonego odszkodowania właśnie od tej daty, zgodnie z żądaniem pzowu.</xText>
          <xText>O kosztach procesu Sąd Rejonowy orzekł na podstawie przepisu <xLexLink xArt="art. 98" xIsapId="WDU19640430296" xTitle="Ustawa z dnia 17 listopada 1964 r. - Kodeks postępowania cywilnego" xAddress="Dz. U. z 1964 r. Nr 43, poz. 296">art. 98 k.p.c.</xLexLink> Na podstawie art. z art. 113 ust. 1 ustawy o kosztach sądowych w sprawach cywilnych rozstrzygnięto o nieuiszczonych kosztów sądowych. Ponadto Sąd nakazał zwrócić powodowi kwotę 81,71 zł ze Skarbu Państwa-Sądu Rejonowego w Elblągu tytułem niewykorzystanej zaliczki uiszczonej w dniu 29 marca 2011 r. pod pozycją 250/2011; oraz nakazuje zwrócić pozwanemu kwotę 62 zł (sześćdziesiąt dwa złote) ze Skarbu Państwa-Sądu Rejonowego w Elblągu tytułem niewykorzystanej zaliczki uiszczonej w dniu 14 listopada 2011 r. pod pozycją 846/2011.</xText>
          
          <xText>W apelacji pozwany <xAnon> - (...) S.A.</xAnon> w <xAnon>G.</xAnon> zaskarżył opisany wyrok w części dotyczącej zasądzenia na rzecz powoda odsetek ustawowych od daty wcześniejszej niż data uprawomocnienia się wyroku (względnie data wyrokowania).</xText>
          <xText>Zaskarżonemu orzeczeniu zarzucono:</xText>
          <xText>- naruszenie prawa procesowego, to jest przepisu <xLexLink xArt="art. 233" xIsapId="WDU19640430296" xTitle="Ustawa z dnia 17 listopada 1964 r. - Kodeks postępowania cywilnego" xAddress="Dz. U. z 1964 r. Nr 43, poz. 296">art. 233 k.p.c.</xLexLink> poprzez niewłaściwe dokonanie przez Sąd pierwszej instancji oceny zebranego w toku postępowania materiału dowodowego oraz brak wszechstronnego rozważenia zebranego materiału dowodowego,</xText>
          <xText>- naruszenie prawa materialnego poprzez błędną wykładnię i niewłaściwe zastosowanie przepisów <xLexLink xArt="art. 359;art. 359 § 1" xIsapId="WDU19640160093" xTitle="Ustawa z dnia 23 kwietnia 1964 r. - Kodeks cywilny" xAddress="Dz. U. z 1964 r. Nr 16, poz. 93">art. 359 § l k.c.</xLexLink>, <xLexLink xArt="art. 481;art. 481 § 1;art. 481 § 2" xIsapId="WDU19640160093" xTitle="Ustawa z dnia 23 kwietnia 1964 r. - Kodeks cywilny" xAddress="Dz. U. z 1964 r. Nr 16, poz. 93">art. 481 § l i § 2 k.c.</xLexLink>, <xLexLink xArt="art. 817;art. 817 § 1;art. 817 § 2" xIsapId="WDU19640160093" xTitle="Ustawa z dnia 23 kwietnia 1964 r. - Kodeks cywilny" xAddress="Dz. U. z 1964 r. Nr 16, poz. 93">art. 817 § l i § 2 k.c.</xLexLink> prowadzącą do zasądzenia odsetek od zasądzonej powodowi kwoty od daty wcześniejszej niż data wyrokowania, względnie data uprawomocnienia się orzeczenia,</xText>
          <xText>- naruszenie prawa materialnego poprzez niezastosowanie <xLexLink xArt="art. 14;art. 14 ust. 2" xIsapId="WDU20031241152" xTitle="Ustawa z dnia 22 maja 2003 r. o ubezpieczeniach obowiązkowych, Ubezpieczeniowym Funduszu Gwarancyjnym i Polskim Biurze Ubezpieczycieli Komunikacyjnych" xAddress="Dz. U. z 2003 r. Nr 124, poz. 1152">art. 14 ust 2 ustawy o ubezpieczeniach obowiązkowych, Ubezpieczeniowym Funduszu Gwarancyjnym i Polskim Biurze Ubezpieczycieli Komunikacyjnych</xLexLink>.</xText>
          <xText>Mając na uwadze podniesione zarzuty skarżący wniósł o zmianę zaskarżonego wyroku poprzez oddalenie powództwa w zaskarżonej części tj. co do odsetek ustawowych od daty wcześniejszej niż data uprawomocnienia się wyroku (względnie data wyrokowania). Nadto domagał się zasądzenia od powoda kosztów postępowania, w tym kosztów zastępstwa procesowego za obie instancje według norm przepisanych. Ewentualnie skarżący domagał się uchylenia wyroku w zaskarżonej części i przekazania sprawy do ponownego rozpoznania Sądowi Rejonowemu wraz z rozstrzygnięciem o kosztach instancji odwoławczej.</xText>
          <xText>Motywując swe stanowisko skarżący wskazał, że w niniejszej apelacji kwestionuje datę początkową, od której zasądzone zostały odsetki od zasądzonych powodowi kwot tytułem odszkodowania. W przedmiotowej sprawie występował szereg wątpliwości dotyczących ustalenia, iż zdarzenie w postaci kolizji drogowej obu pojazdów miało w rzeczywistości miejsce. Zdaniem skarżącego odmowa wypłaty odszkodowania oraz prowadzenie sporu sądowego były w pełni uzasadnione, a o istnieniu odpowiedzialności co do zasady przesądził dopiero wynik postępowania dowodowego w niniejszej sprawie. W tej sytuacji pozwany uznał, że wbrew stanowisku Sądu pierwszej instancji nie pozostawał w zwłoce z zapłatą odszkodowania. Zdaniem skarżącego w niniejszej sprawie zastosowanie powinien znaleźć przepis art. 14 ust. 2 ustawy o ubezpieczeniach obowiązkowych, który stanowi, iż ubezpieczyciel nie pozostaje w opóźnieniu (zwłoce), jeżeli ustalenie jego odpowiedzialności zależy o orzeczenia sądu cywilnego.</xText>
          <xText>Powód <xAnon>A. S.</xAnon> wniósł o oddalenie apelacji i zasądzenie od pozwanego kosztów postępowania apelacyjnego.</xText>
          
          <xText xALIGNx="center">
            <xUx>Sąd Okręgowy ustalił i zważył, co następuje:</xUx>
          </xText>
          
          <xText>Apelacja pozwanego nie zasługiwała na uwzględnienie. Dokonane przez Sąd a quo ustalenia faktyczne i wyprowadzone na ich podstawie wnioski są trafne, wobec czego należało przyjąć je za własne, bez potrzeby procesowej ponownego ich przedstawiania w niniejszym uzasadnieniu. Odnieść natomiast należało się jedynie do tych ustaleń i ocen, które zostały zakwestionowane w apelacji.</xText>
          <xText>Wskazać więc trzeba, że wbrew stanowisku skarżącego nie ma podstaw, aby odsetki ustawowe od zasądzonej kwoty przyznać powodowi dopiero od daty uprawomocnienia się wyroku w niniejszej sprawie (czy też od daty wyrokowania przez Sąd pierwszej instancji). Termin wymagalności świadczenia z tytułu ubezpieczenia obowiązkowego odpowiedzialności cywilnej określa przepis <xLexLink xArt="art. 817" xIsapId="WDU19640160093" xTitle="Ustawa z dnia 23 kwietnia 1964 r. - Kodeks cywilny" xAddress="Dz. U. z 1964 r. Nr 16, poz. 93">art. 817 k.c.</xLexLink> doprecyzowany przez <xLexLink xArt="art. 14" xIsapId="WDU20031241152" xTitle="Ustawa z dnia 22 maja 2003 r. o ubezpieczeniach obowiązkowych, Ubezpieczeniowym Funduszu Gwarancyjnym i Polskim Biurze Ubezpieczycieli Komunikacyjnych" xAddress="Dz. U. z 2003 r. Nr 124, poz. 1152">art. 14 ustawy o ubezpieczeniach obowiązkowych, Ubezpieczeniowym Funduszu Gwarancyjnym i Polskim Biurze Ubezpieczycieli Komunikacyjnych</xLexLink>, zgodnie z którymi zakład ubezpieczeń wypłaca odszkodowanie w terminie 30 dni licząc od dnia złożenia przez poszkodowanego lub uprawnionego zawiadomienie o szkodzie (ust. 1 ). W przypadku gdyby wyjaśnienie w terminie, o którym mowa w ust. 1, okoliczności niezbędnych do ustalenia odpowiedzialności zakładu ubezpieczeń albo wysokości odszkodowania okazało się niemożliwe, odszkodowanie wypłaca się w terminie 14 dni od dnia, w którym przy zachowaniu należytej wyjaśnienie tych okoliczności było możliwe, nie później jednak niż w terminie 90 dni od dnia złożenia zawiadomienia o szkodzie, chyba że ustalenie odpowiedzialności zakładu lub albo wysokości odszkodowania zależy od toczącego się postępowania karnego lub cywilnego ( ust. 2).</xText>
          <xText>Nie można zgodzić się ze skarżącym, że w okolicznościach niniejszej sprawy znajdował zastosowanie ustęp 2 powołanego wyżej przepisu. Z treści art. 14 ustawy wynika, że wypłata odszkodowania powinna, co do zasady, następować w terminie 30 dni, licząc od dnia zawiadomienia o szkodzie. Jedynie szczególne okoliczności mogą przemawiać za przyjęciem innego terminu. Dotyczy to sytuacji, gdy nie jest możliwe w tym terminie wyjaśnienie okoliczności dotyczących zasady odpowiedzialności zakładu ubezpieczeń lub wysokości odszkodowania. Tylko w takiej sytuacji zakład ubezpieczeń jest uprawniony do wstrzymania wypłaty odszkodowania, nawet aż do wydania przez sąd cywilny wyroku w toczącym się postępowaniu.</xText>
          <xText>W przedmiotowej sprawie taka sytuacja nie zachodziła. Przypomnieć bowiem trzeba, że powód dokonał zgłoszenia szkody o w dniu 15 września 2009 r. ( k. 16 akt szkody). W piśmie z dnia 15 października 2009 r. ( k. 97 akt szkody) zakład ubezpieczeń, czyli pozwany<xAnon> - (...) Spółka Akcyjna</xAnon> w <xAnon>W.</xAnon>, w którym był ubezpieczony sprawca szkody z tytułu odpowiedzialności cywilnej posiadaczy pojazdów mechanicznych, jednoznacznie odpowiedział, że nie uznaje zgłoszonego roszczenia i odmawia naprawienia szkody. W oparciu o notatkę służbową jednego z pracowników zakład ubezpieczeń przyjął bowiem, że zakres i charakter uszkodzeń samochodu powoda nie mógł powstać w okolicznościach wskazanych w zgłoszeniu szkody. W piśmie tym pozwany nie wskazywał na potrzebę dokonania dodatkowych ustaleń, niezbędnych do przyjęcia odpowiedzialności zakładu ubezpieczeń. Podkreślić przy tym należy, że nawet gdyby w sprawie zachodziła sytuacja, o której mowa w ust. 2 art. 14 ustawy, to zakład ubezpieczeń miałby obowiązek w terminie 30 dni od złożenia zawiadomienia o szkodzie zawiadomić powoda o przyczynach niemożności zaspokojenia jego roszczeń, jak również o przypuszczalnym terminie zajęcia ostatecznego stanowiska względem jego roszczeń. Wobec braku takiego zawiadomienia należałoby uznać, że zakład ubezpieczeń pozostaje w zwłoce w spełnieniu swojego świadczenia.</xText>
          <xText>Wskazać trzeba jeszcze, że po wydaniu decyzji odmawiającej wypłaty odszkodowania, pozwany zakład ubezpieczeń przeprowadził dalsze postępowanie likwidacyjne. Podjęcie kolejnych czynności było – jak się należy domyślać – skutkiem pisma przesłanego przez <xAnon>(...) S.A.</xAnon>w <xAnon>W.</xAnon>(z którym <xAnon>A. S.</xAnon>łączyła umowa ubezpieczenia AC), gdzie zasugerowano, iż odpowiedzialność za szkodę w pojeździe powoda ponosi <xAnon>K.</xAnon><xAnon>J.</xAnon>. Po otrzymaniu tego pisma powołano w ramach postępowania likwidacyjnego dwie opinie rzeczoznawców, jednakże czynności te zostały już podjęte po wydaniu decyzji odmawiającej naprawienia szkody.</xText>
          <xText>Dodatkowo tylko zauważyć można, że wysokość zasądzonego w wyroku odszkodowania, ustalono na datę zgłoszonej szkody w oparciu o kalkulację naprawy sporządzoną systemie <xAnon>A.</xAnon> z dnia 29 września 2009 r., która znajduje się w aktach szkody. Tymczasem zgodnie z <xLexLink xArt="art. 363;art. 363 § 2" xIsapId="WDU19640160093" xTitle="Ustawa z dnia 23 kwietnia 1964 r. - Kodeks cywilny" xAddress="Dz. U. z 1964 r. Nr 16, poz. 93">art. 363 § 2 k.c.</xLexLink> jeżeli naprawienie szkody ma nastąpić w pieniądzu, wysokość odszkodowania powinna być ustalona według cen z daty ustalenia odszkodowania, chyba że szczególne okoliczności wymagają przyjęcia za podstawę cen istniejących w innej chwili. Skoro więc wysokość należnego powodowi odszkodowania ustalono według ,,cen” obowiązujących w dacie zgłoszenia szkody, to tym bardziej zasadne było zasądzenie odsetek od daty 16 października 2009 r. Odsetki będą tu bowiem pełniły rolę odszkodowania za brak możliwości korzystania ze świadczenia głównego w okresie opóźnienia z jego wypłatą.</xText>
          
          <xText>W tym stanie, Sąd Okręgowy, na podstawie <xLexLink xArt="art. 385" xIsapId="WDU19640430296" xTitle="Ustawa z dnia 17 listopada 1964 r. - Kodeks postępowania cywilnego" xAddress="Dz. U. z 1964 r. Nr 43, poz. 296">art. 385 k.p.c.</xLexLink>, oddalił apelację pozwanego jako niezasadną. O kosztach procesu za drugą instancję orzeczono na podstawie <xLexLink xArt="art. 98;art. 98 § 1;art. 98 § 3" xIsapId="WDU19640430296" xTitle="Ustawa z dnia 17 listopada 1964 r. - Kodeks postępowania cywilnego" xAddress="Dz. U. z 1964 r. Nr 43, poz. 296">art. 98 § 1 i § 3 k.p.c.</xLexLink> i <xLexLink xArt="art. 99" xIsapId="WDU19640430296" xTitle="Ustawa z dnia 17 listopada 1964 r. - Kodeks postępowania cywilnego" xAddress="Dz. U. z 1964 r. Nr 43, poz. 296">art. 99 k.p.c.</xLexLink> w zw. z § 6 pkt 5 i § 12 ust. 1 pkt 1 rozporządzenia Ministra Sprawiedliwości z dnia z dnia 28 września 2002 r. w sprawie opłat za czynności radców prawnych oraz ponoszenia przez Skarb Państwa kosztów pomocy prawnej udzielonej przez radcę prawnego ustanowionego z urzędu ( Dz. U. Nr 163, poz.1349, ze zm.).</xText>
        </xUnit>
      </xBlock>
    </xPart>
  </judgement>
<judgement id="151005000003021_VI_U_002235_2013_Uz_2014-03-04_001">
    <xPart xEditorFullName="Sylwia Sawicka" xYear="2013" xLang="PL" xPublisherFullName="Janina Winter" xFromPg="1" xEditor="ssawicka" xVolType="15/100500/0003021/U" xPublisher="jwinter" xDocType="Uz" xVolNmbr="002235" xVersion="1.0" xToPage="2" xFlag="published">
      <xName>Wyrok+Uzasadnienie</xName>
      <xBlock>
        <xText>Sygn. akt VI U 2235/13</xText>
        
        <xUnit xIsTitle="true" xBold="true" xType="part">
          <xName>WYROK</xName>
          <xTitle>W IMIENIU RZECZYPOSPOLITEJ POLSKIEJ</xTitle>
          <xText>Dnia 4 marca 2014 r.</xText>
          
          <xText>Sąd Okręgowy w Bydgoszczy VI Wydział Pracy i Ubezpieczeń Społecznych</xText>
          <xText>w składzie:</xText>
          <xText>Przewodniczący SSO Ewa Milczarek</xText>
          <xText>Protokolant – sekr. sądowy Sylwia Sawicka</xText>
          
          <xText>po rozpoznaniu w dniu 4 marca 2014 r. w Bydgoszczy</xText>
          <xText>na rozprawie</xText>
          <xText>odwołania: <xAnon>B. H.</xAnon></xText>
          <xText>od decyzji Zakładu Ubezpieczeń Społecznych Oddziału w <xAnon>B.</xAnon></xText>
          <xText>z dnia 27 czerwca 2013 r., znak:<xAnon>(...)</xAnon></xText>
          <xText>w sprawie: <xAnon>B. H.</xAnon></xText>
          <xText>przeciwko: Zakładowi Ubezpieczeń Społecznych Oddziałowi w <xAnon>B.</xAnon></xText>
          <xText>o rentę z tytułu niezdolności do pracy</xText>
          
          <xText>zmienia zaskarżoną decyzję w ten sposób, że przyznaje ubezpieczonemu <xAnon>B. H.</xAnon> prawo do renty z tytułu całkowitej niezdolności do pracy od dnia 1 lipca 2013 r. na stałe.</xText>
          
          <xText>Na oryginale właściwy podpis.</xText>
          
          <xText>
            <xBx>Sygn. akt VIU 2235/13 </xBx>
          </xText>
        </xUnit>
        <xUnit xIsTitle="true" xBold="true" xType="part">
          <xName>UZASADNIENIE</xName>
          <xText>Decyzją z dnia 27 czerwca 2013 r. Zakład Ubezpieczeń Społecznych Oddział w <xAnon>B.</xAnon>, w oparciu o orzeczenie Komisji Lekarskiej ZUS z dnia 25.06.2013 r., przyznał ubezpieczonemu <xAnon>B. H.</xAnon> od dnia 1 lipca 2013r. prawo do renty z tytułu częściowej niezdolności do pracy.</xText>
          <xText>Odwołanie od powyższej decyzji złożył ubezpieczony wnosząc o przyznanie mu prawa do renty z tytułu całkowitej niezdolności do pracy. Ubezpieczony podniósł, że przebył trzykrotnie leczenie przeciwnowotworowe, w tym chemioterapię i radioterapię. Z powodu następstw stan jego zdrowia systematycznie się pogarsza.</xText>
          <xText>W odpowiedzi na odwołanie Zakład Ubezpieczeń Społecznych Oddział w <xAnon>B.</xAnon> wniósł o jego oddalenie podtrzymując argumentację zawartą w decyzji.</xText>
          <xText xALIGNx="center">
            <xBx>Sąd ustalił i zważył, co następuje: </xBx>
          </xText>
          
          <xText>W myśl art. 12 ustawy o emeryturach i rentach z FUS niezdolną do pracy jest osoba, która całkowicie lub częściowo utraciła zdolność do pracy zarobkowej z powodu naruszenia sprawności organizmu. Całkowicie niezdolną do pracy jest osoba, która utraciła zdolność do wykonywania jakiejkolwiek pracy. Częściowo niezdolną do pracy jest osoba, która w znacznym stopniu utraciła zdolność do pracy zgodnej z poziomem posiadanych kwalifikacji. Zgodnie natomiast z treścią art. 13 ust. 1 ustawy przy ocenie stopnia i przewidywanego okresu niezdolności do pracy oraz rokowania co do odzyskania zdolności do pracy uwzględnia się: stopień naruszenia sprawności organizmu oraz możliwości przywrócenia niezbędnej sprawności w drodze leczenia i rehabilitacji, możliwość wykonywania dotychczasowej pracy lub podjęcia innej pracy oraz celowość przekwalifikowania zawodowego, biorąc pod uwagę rodzaj i charakter dotychczas wykonywanej pracy, poziom wykształcenia, wiek i predyspozycje psychofizyczne.</xText>
          <xText>Ubezpieczony <xAnon>B. H.</xAnon> był uprawniony do renty z tytułu okresowej całkowitej niezdolności do pracy do dnia 30 czerwca 2013 r. W wyniku rozpoznania kolejnego wniosku o rentę, zarówno Lekarz Orzecznik ZUS w orzeczeniu z dnia 3 czerwca 2013 r., jak i Komisja Lekarska ZUS w orzeczeniu z dnia 25czerwca 2013 r. stwierdzili, że badany jest częściowo niezdolny do pracy.</xText>
          <xText>
            <xBx>
              <xIx>okoliczności bezsporne </xIx>
            </xBx>
          </xText>
          <xText>W celu zweryfikowania ustaleń dokonanych przez organ rentowy Sąd przeprowadził dowód z opinii biegłych lekarzy sądowych: onkologii, kardiologii, psychiatrii i psychologii oraz chorób wewnętrznych.</xText>
          <xText>Biegli po zapoznaniu z dokumentacja medyczną, zebraniu wywiadu i przeprowadzeniu badania rozpoznali u ubezpieczonego następujące schorzenia:</xText>
          <xText>- rak płuca lewego zaawansowany stopień IIIa</xText>
          <xText>- przebytą w 2002 r. operację nowotworu złośliwego lewego jądra</xText>
          <xText>z chemioterapią</xText>
          <xText>- zaburzenia depresyjne lękowe – mieszane</xText>
          <xText>- nadkomorowe zaburzenia rytmu</xText>
          <xText>- zmiany zwyrodnieniowo dyskopatyczne kręgosłupa szyjnego</xText>
          <xText>i lędźwiowego</xText>
          <xText>- zapalenie błony śluzowej żołądka</xText>
          
          <xText>W odrębnej opinii specjalista onkolog dr <xAnon>E. Z.</xAnon> stwierdziła, iż stan zdrowia ubezpieczonego nie uległ poprawie i jest on nadal osobą całkowicie niezdolna do pracy. Orzeczona niezdolność do pracy jest trwała.</xText>
          <xText>Nadal występuje zagrożenie wznowy i rozsiewu procesu nowotworowego. Nowotwór złośliwy płuca lewego , który należy do chorób o niekorzystnym rokowaniu odznacza się wysokim odsetkiem umieralności. Ubezpieczony przebył zabieg operacyjny i agresywne leczenie chemioterapią uzupełnione radioterapią. Leczenie to niesie za sobą szereg skutków ubocznych utrzymujących się nawet kilka miesięcy po leczeniu. Jednocześnie dołączają się skutki związane z późnym odczynem popromiennym w tkance płucnej takie ja spadek wydolności oddechowej, czego konsekwencja jest duszność nawet po niewielkim wysiłku. Uszkodzenie tkanki płucnej jest procesem nieodwracalnym i postępującym. Z powyższych względów nie można mówić o polepszeniu stanu zdrowia ubezpieczonego. Pacjent z tak poważna choroba wymaga oszczędzającego trybu życia , unikania wysiłku fizycznego, właściwego trybu żywieniowego, a także pomocy innych osób. Podjęcie pracy w zawodzie mechanika lub listonosza przekracza zdolności adaptacyjne pacjenta obciążonego tak poważna chorobą. Niekorzystny przebieg tej choroby został potwierdzony rozsiewem procesu nowotworowego ujawnionym już po badaniu przez lekarzy orzeczników ZUS.</xText>
          <xText>Ubezpieczony aktualnie jest w stanie średnim, porusza się przy pomocy wózka inwalidzkiego, wymaga stosowania narkotycznych leków przeciwbólowych oraz zaopatrzenia ortopedycznego.</xText>
          <xText>Również w ocenie pozostałych biegłych lekarzy sądowych, aktualny stan zdrowia ubezpieczonego skutkuje jego całkowitą trwałą niezdolnością do pracy od 1.07.2013 r. do lutego 2016 r. Biegli nie podzielili orzeczenia Komisji Lekarskiej ZUS stwierdzając, że stan ubezpieczonego nie uległ poprawie.</xText>
          
          <xText>
            <xBx>
              <xIx>dowód:</xIx>
            </xBx>
            <xIx> opinia specjalisty onkologa z dnia 5.12.2013 r. (k. 26- 28 akt)</xIx>
          </xText>
          <xText>
            <xIx>opinia biegłych sądowych lekarzy z dnia 12.12.2013 r. (k. 31-32akt)</xIx>
          </xText>
          
          <xText>Organ rentowy nie wniósł zastrzeżeń do opinii <xIx>(vide: k. 27 akt)</xIx></xText>
          <xText>Sąd podzielił wnioski zawarte w opinii biegłych, w szczególności zaś za podstawę rozstrzygnięcia przyjął wnioski zawarte w opinii biegłego onkologa. Opinia ta jest bowiem wyczerpująca, rzetelna i odnosząca się szeroko do wszystkich zagadnień związanych z chorobą ubezpieczonego. Przede wszystkim należy podnieć, że ubezpieczony był dotychczas uprawniony do renty z tytułu całkowitej niezdolności do pracy. Dla przyznania prawa do renty z tytułu częściowej niezdolności konieczne było wykazanie, że w stanie jego zdrowia nastąpiła poprawa w stosunku do stanu poprzedniego. Z opinii biegłych wynika tymczasem, że stan zdrowia ubezpieczonego nie uległ poprawie, co więcej doszło do wznowy i rozsiewu procesu nowotworowego. Powyższe potwierdza spójność opinii biegłego onkologa z niekorzystnym przebiegiem choroby ubezpieczonego.</xText>
          <xText>Mając zatem na względzie opinię specjalisty onkologa, wnioski w niej zawarte oraz potwierdzoną dokumentacją medyczną wznowę i rozsiew procesu nowotworowego Sąd uznał, iż ubezpieczony spełnia wszystkie warunki dla przyznania mu prawa do renty z tytułu całkowitej niezdolności do pracy na stałe począwszy od dnia 1 lipca 2013 r.</xText>
          <xText>Z uwagi na powyższe, Sąd na podstawie <xLexLink xArt="art. 477(14);art. 477(14) § 2" xIsapId="WDU19640430296" xTitle="Ustawa z dnia 17 listopada 1964 r. - Kodeks postępowania cywilnego" xAddress="Dz. U. z 1964 r. Nr 43, poz. 296">art. 477<xSUPx>14</xSUPx> § 2 k.p.c.</xLexLink> orzekł jak w sentencji wyroku.</xText>
        </xUnit>
      </xBlock>
    </xPart>
  </judgement>
<judgement id="151005000003021_VI_U_002788_2013_Uz_2014-03-04_001">
    <xPart xEditorFullName="Sylwia Sawicka" xYear="2013" xLang="PL" xPublisherFullName="Janina Winter" xFromPg="1" xEditor="ssawicka" xVolType="15/100500/0003021/U" xPublisher="jwinter" xDocType="Uz" xVolNmbr="002788" xVersion="1.0" xToPage="2" xFlag="published">
      <xName>Wyrok+Uzasadnienie</xName>
      <xBlock>
        <xText>Sygn. akt VI U 2788/13</xText>
        
        <xUnit xIsTitle="true" xType="part" xBold="true">
          <xName>WYROK</xName>
          <xTitle>W IMIENIU RZECZYPOSPOLITEJ POLSKIEJ</xTitle>
          <xText>Dnia 4 marca 2014 r.</xText>
          
          <xText>Sąd Okręgowy w Bydgoszczy VI Wydział Pracy i Ubezpieczeń Społecznych</xText>
          <xText>w składzie:</xText>
          <xText>Przewodniczący SSO Ewa Milczarek</xText>
          <xText>Protokolant – sekr. sądowy Sylwia Sawicka</xText>
          
          <xText>po rozpoznaniu w dniu 4 marca 2014 r. w Bydgoszczy</xText>
          <xText>na rozprawie</xText>
          <xText>odwołania: <xAnon>K. R.</xAnon></xText>
          <xText>od decyzji Zakładu Ubezpieczeń Społecznych Oddziału w <xAnon>B.</xAnon></xText>
          <xText>z dnia 21 sierpnia 2013 r. i 6 września 2013 r., znak:<xAnon>(...)</xAnon></xText>
          <xText>w sprawie: <xAnon>K. R.</xAnon></xText>
          <xText>przeciwko: Zakładowi Ubezpieczeń Społecznych Oddziałowi w <xAnon>B.</xAnon></xText>
          <xText>o emeryturę</xText>
          
          <xUnit xIsTitle="false" xType="none">
            <xName xSffx=")">1</xName>
            <xText>zmienia zaskarżoną decyzję w ten sposób, że przyznaje ubezpieczonemu <xAnon>K. R.</xAnon> prawo do emerytury od dnia <xAnon>(...)</xAnon> r.,</xText>
          </xUnit>
          <xUnit xIsTitle="false" xType="none">
            <xName xSffx=")">2</xName>
            <xText>stwierdza, że organ rentowy nie ponosi odpowiedzialności za nieustalenie ostatniej okoliczności niezbędnej do wydania decyzji.</xText>
          </xUnit>
          
          <xText>
            <xBx> Na oryginale właściwy podpis.</xBx>
          </xText>
        </xUnit>
        <xUnit xIsTitle="true" xType="part" xBold="true">
          <xName>UZASADNIENIE</xName>
          <xText>Zaskarżoną decyzją Zakład Ubezpieczeń Społecznych Oddział w <xAnon>B.</xAnon> odmówił ubezpieczonemu <xAnon>K. R.</xAnon> prawa do emerytury na podstawie art. 184 ustawy z 17.12.1998r. o emeryturach i rentach wskazując w uzasadnieniu tych decyzji, że powód na dzień 1.01.1999r. osiągnął staż sumaryczny 25 lat, 1 m i 24 dni ale nie udowodnił wymaganego 15 – letniego okresu pracy w szczególnych warunkach.</xText>
          <xText>W odwołaniu od tej decyzji powód wniósł o jej zmianę i przyznanie prawa do emerytury oraz przesłuchanie świadków na potwierdzenie charakteru jego pracy w <xAnon> Fabryce (...)</xAnon> z <xAnon>D.</xAnon> w <xAnon>S.</xAnon> ( następnie <xAnon>(...)</xAnon>) w okresie od 15.12.1992 r. do 1.12.1995 r. i od 5.01.1996 r. do 30.04.1995 r. i w <xAnon> Przedsiębiorstwie Produkcji (...)</xAnon> w <xAnon>B.</xAnon> o w okresie od 2.05.1980 r. do 31.10.1992 r. w charakterze palacza kotłowego.</xText>
          <xText>W odpowiedzi na odwołanie pozwany wniósł o jego oddalenie podtrzymując argumentację zawartą w uzasadnieniu zaskarżonych decyzji.</xText>
          
          <xText>
            <xBx>Sąd Okręgowy ustalił następujący stan faktyczny:</xBx>
          </xText>
          
          <xText>Ubezpieczony <xAnon>K. R.</xAnon>, <xAnon>urodzony (...)</xAnon>, zatrudnił się w <xAnon> Przedsiębiorstwie Produkcji (...)</xAnon> w <xAnon>B.</xAnon> zatrudnił się jako betoniarz od 2.05.1980 r. Pracował na tym stanowisku do momentu przesunięcia 13 października 1980 r. na stanowisko palacza kotła okrętowego –wysokoprężnego, w kotłowni. Piec wymagał ręcznej obsługi palacza. Ubezpieczony ładował do pieca węgiel, usuwał szlakę, pilnował parametrów pieca, dopuszczał wody i wykonywał inne czynności związane z obsługą pieca. Była to stała praca ubezpieczonego w pełnym wymiarze czasu pracy. Ubezpieczony nie korzystał z urlopów bezpłatnych w tym okresie zatrudnienia. Razem z ubezpieczonym pracowali świadkowie <xAnon>L. P.</xAnon> i <xAnon>L. K.</xAnon>.</xText>
          <xText>W <xAnon> Fabryce (...)</xAnon> z <xAnon>D.</xAnon> w <xAnon>S.</xAnon> ubezpieczony zatrudnił się jako palacz. Były tam również kotły okrętowe wymagające ręcznej obsługi. Ubezpieczony wykonywał przy nich stałe i w pełnym wymiarze czasu pracy takie same czynności jak w <xAnon> Przedsiębiorstwie Produkcji (...)</xAnon> w <xAnon>B.</xAnon>. Ubezpieczony pracował w okresie od 15.12.1992 r. do 1.12.1995 r. jako palacz , a po przerwie w zatrudnieniu ponownie zatrudnił się w tym samym zakładzie na to samo stanowisko i pracował nadal stale i w pełnym wymiarze czasu pracy jako palacz niezautomatyzowanego kotła okrętowego do 30.04.2004 r. W tym okresie zatrudnienia ubezpieczony nie korzystał z urlopów bezpłatnych. Razem z ubezpieczonym pracował w tym <xAnon> zakładzie (...)</xAnon></xText>
          <xText>dowód: umowa o pracę, zmiana angażu z dnia 10.10.1980 r. w aktach osobowych ubezpieczonego prowadzonych w <xAnon> Przedsiębiorstwie Produkcji (...)</xAnon> w <xAnon>B.</xAnon>, dokumenty w aktach osobowych ubezpieczonego prowadzonych przez <xAnon> Fabrykę (...)</xAnon> z <xAnon>D.</xAnon> w <xAnon>S.</xAnon>, zeznania świadków <xAnon>L. P.</xAnon> i <xAnon>L. K.</xAnon>, zeznania ubezpieczonego – zapis protokołu rozprawy-płyta k.38</xText>
          
          <xText>W świadectwach pracy ubezpieczonego z obu zakładów pracy wpisano, że zajmował on w trakcie zatrudnienia stanowisko palacza CO.</xText>
          <xText>Ubezpieczony złożył wniosek o emeryturę <xAnon>(...)</xAnon> r.</xText>
          <xText>dowód: wniosek w aktach rentowych.</xText>
          
          <xText>
            <xBx>Sąd Okręgowy zważył co następuje:</xBx>
          </xText>
          
          <xText>Stan faktyczny w sprawie Sąd ustalił na podstawie dokumentów w aktach osobowych i rentowych powoda, których prawdziwości strony nie kwestionowały oraz zeznań świadków i powoda. Zeznaniom świadków <xAnon>L. P.</xAnon> i <xAnon>L. K.</xAnon> Sąd dał wiarę bowiem pracownicy ci pracowali razem z powodem, ich zeznania oparte na własnych obserwacjach były zgodne ze sobą, spójne z zeznaniami powoda i znajdowały potwierdzenie w dowodach z dokumentów. Zeznaniom powoda, które korelowały z zeznaniami świadków Sąd dał więc również wiarę.</xText>
          <xText>Sąd dokonał następnie oceny ustalonego stanu faktycznego w kontekście przepisów <xLexLink xArt="art. 184;art. 32" xIsapId="WDU19981621118" xTitle="Ustawa z dnia 17 grudnia 1998 r. o emeryturach i rentach z Funduszu Ubezpieczeń Społecznych" xAddress="Dz. U. z 1998 r. Nr 162, poz. 1118">art.184 i 32 ustawy z dnia 17 grudnia 1998 roku o emeryturach i rentach z Funduszu Ubezpieczeń Społecznych</xLexLink> oraz <xLexLink xArt="" xIsapId="WDU19830080043" xTitle="Rozporządzenie Rady Ministrów z dnia 7 lutego 1983 r. w sprawie wieku emerytalnego oraz wzrostu emerytur i rent inwalidzkich dla pracowników zatrudnionych w szczególnych warunkach lub w szczególnym charakterze" xAddress="Dz. U. z 1983 r. Nr 8, poz. 43">rozporządzenia Rady Ministrów z dnia 7 lutego 1983 r. w sprawie wieku emerytalnego pracowników zatrudnionych w szczególnych warunkach lub w szczególnym charakterze</xLexLink>.</xText>
          <xText>Zgodnie z treścią art. 184. ust. 1 ustawy z dnia 17 grudnia 1998 roku ubezpieczonym urodzonym po dniu 31 grudnia 1948 r. przysługuje emerytura po osiągnięciu wieku przewidzianego w art. 32-34, 39 i 40, jeżeli w dniu wejścia w życie ustawy osiągnęli:</xText>
          <xText>1) okres zatrudnienia w szczególnych warunkach lub w szczególnym charakterze wymaganym w przepisach dotychczasowych do nabycia prawa do emerytury w wieku niższym niż 60 lat - dla kobiet i 65 lat - dla mężczyzn oraz</xText>
          <xText>2) okres składkowy i nieskładkowy, o którym mowa w art. 27.</xText>
          <xText>Emerytura, o której mowa w ust. 1, przysługuje pod warunkiem nieprzystąpienia do otwartego funduszu emerytalnego oraz rozwiązania stosunku pracy - w przypadku ubezpieczonego będącego pracownikiem.( art. 184 ust. 2)</xText>
          <xText>Zgodnie z treścią art.32 ust. 1 cytowanej wyżej ustawy -ubezpieczonym urodzonym przed dniem 1 stycznia 1949 r., będącym pracownikami, o których mowa w ust. 2-3, zatrudnionymi w szczególnych warunkach lub w szczególnym charakterze, przysługuje emerytura w wieku niższym niż określony w art. 27 pkt 1 ( 65 lat dla mężczyzn, 60 lat dla kobiet.) W myśl ustępu 2 art.32 cytowanej ustawy dla celów ustalenia uprawnień, o których mowa w ustępie 1, za pracowników zatrudnionych w szczególnych warunkach uważa się pracowników zatrudnionych przy pracach o znacznej szkodliwości dla zdrowia oraz o znacznym stopniu uciążliwości lub wymagających wysokiej sprawności psychofizycznej ze względu na bezpieczeństwo własne lub otoczenia. Przepisy rozporządzenia wykonawczego Rady Ministrów z dnia 7 lutego 1983r, które nadal zachowały swoją moc na warunkach określonych w <xLexLink xArt="art. 32;art. 32 ust. 4" xIsapId="WDU19981621118" xTitle="Ustawa z dnia 17 grudnia 1998 r. o emeryturach i rentach z Funduszu Ubezpieczeń Społecznych" xAddress="Dz. U. z 1998 r. Nr 162, poz. 1118">art. 32 ust. 4 ustawy z dnia 17 grudnia 1998 r. o emeryturach i rentach z Funduszu Ubezpieczeń Społecznych</xLexLink>, mają zastosowanie do wszystkich pracowników zatrudnionych w szczególnych warunkach lub w szczególnym charakterze. Zgodnie z § 2 tego rozporządzenia, okresami pracy uzasadniającymi prawo do świadczeń na zasadach określonych w rozporządzeniu są okresy, w których praca w szczególnych warunkach lub w szczególnym charakterze jest wykonywana stale i w pełnym wymiarze czasu pracy obowiązującym na danym stanowisku, a okresy te stwierdza zakład pracy, na podstawie posiadanej dokumentacji, w świadectwie wykonywania prac w szczególnych warunkach, wystawionym według wzoru stanowiącego załącznik do przepisów wydanych na podstawie § 1 ust. 2 rozporządzenia, lub w świadectwie pracy. Niemniej jednak należy wskazać, iż w przypadku, gdy zainteresowany wykaże, że nie może przedstawić zaświadczeń potwierdzających okresy wykonywania pracy w szczególnych warunkach z przyczyn od siebie niezależnych, <xLexLink xArt="art. 472;art. 473" xIsapId="WDU19640430296" xTitle="Ustawa z dnia 17 listopada 1964 r. - Kodeks postępowania cywilnego" xAddress="Dz. U. z 1964 r. Nr 43, poz. 296">art. 472 i 473 k.p.c.</xLexLink> umożliwiają ustalenie tych okoliczności w drodze postępowania odwoławczego przed sądem pracy i ubezpieczeń społecznych. Zgodnie z powołanymi przepisami w postępowaniu w sprawach z zakresu prawa pracy i ubezpieczeń społecznych każdy fakt mający wpływ na prawo do świadczenia lub jego wysokość może być dowodzony wszelkimi środkami, które sąd uzna za pożądane, a ich dopuszczenie za celowe. Zaliczenie nieudokumentowanych, spornych okresów pracy w szczególnych warunkach do stażu pracy uprawniającego do wcześniejszej emerytury wymaga dowodów niebudzących wątpliwości, spójnych i precyzyjnych. Nie ulega wątpliwości, że w postępowaniu o świadczenie emerytalno-rentowe dopuszczalne jest – jak wyjaśnił Sąd Najwyższy w uchwale z 27 maja 1985 r. (III UZP 5/85, LEX nr14635) – przeprowadzenie przed sądem pracy i ubezpieczeń społecznych dowodu z zeznań świadków na okoliczność zatrudnienia w szczególnych warunkach lub w szczególnym charakterze, jeżeli zainteresowany wykaże, że nie może przedstawić zaświadczenia zakładu pracy z powodu jego likwidacji lub zniszczenia dokumentów dotyczących zatrudnienia.</xText>
          <xText>Okres pracy w warunkach szczególnych można również ustalić w postępowaniu sądowym na podstawie akt osobowych pracownika.</xText>
          <xText>W myśl § 4 ust.1 rozporządzenia Rady Ministrów z dnia 7 lutego 1983r. pracownik, który wykonywał prace w szczególnych warunkach, wymienione w wykazie A, nabywa prawo do emerytury, jeżeli spełnia łącznie następujące warunki: osiągnął wiek emerytalny wynoszący: 55 lat dla kobiet i 60 lat dla mężczyzn, ma wymagany okres zatrudnienia, w tym co najmniej 15 lat pracy w szczególnych warunkach.</xText>
          <xText>W załączniku do tego rozporządzenia – wymieniającego prace w szczególnych warunkach, których wykonywanie uprawnia do niższego wieku emerytalnego w wykazie A, w dziale XIV pkt.1 wymieniono prace nie zautomatyzowane palaczy i rusztowych kotłów parowych lub wodnych typu przemysłowego.</xText>
          <xText>Skoro materiał dowodowy zgromadzony zgodnie z wnioskami stron niezbicie wykazał, że powód pracował w <xAnon> Fabryce (...)</xAnon> z <xAnon>D.</xAnon> w <xAnon>S.</xAnon> ( następnie <xAnon>(...)</xAnon>) w okresie od 15.12.1992 r. do 1.12.1995 r. i od 5.01.1996 r. do 30.04.1995 r. i w <xAnon> Przedsiębiorstwie Produkcji (...)</xAnon> w <xAnon>B.</xAnon> w okresie od 2.05.1980 r. do 31.10.1992 r. w charakterze palacza CO, czyli w okresach, których pozwany nie uznał za pracę w szczególnych warunkach, faktycznie wykonywał stale i w pełnym wymiarze czasu pracy, prace wymienione w punkcie 1 działu XIV wykazu A stanowiącego załącznik do rozporządzenia Rady Ministrów z 27.02.1983 r., to uznać należało, że okresy te winny zostać zaliczone jako okres pracy w szczególnych warunkach o którym mowa w art. 32 i 184 ustawy o emeryturach i rentach z FUS. Okres ten przekracza wyznaczony niezbędny limit 15 lat pracy i upłynął do dnia 31.12.1998r., co oznacza, że powód spełnił warunek posiadania stażu w szczególnych warunkach, wymagany przepisem art. 184 cyt ustawy.</xText>
          <xText>Mając powyższe na uwadze, Sąd Okręgowy na mocy <xLexLink xArt="art. 477(14);art. 477(14) § 2" xIsapId="WDU19640430296" xTitle="Ustawa z dnia 17 listopada 1964 r. - Kodeks postępowania cywilnego" xAddress="Dz. U. z 1964 r. Nr 43, poz. 296">art. 477<xSUPx>14</xSUPx> § 2 k.p.c.</xLexLink> zmienił zaskarżoną decyzje i przyznał powodowi, który wiek 60 lat ukończył<xAnon>(...)</xAnon>. prawo do emerytury właśnie od tego dnia ( art.100 ustawy o emeryturach i rentach z FUS ).</xText>
          <xText>W punkcie 2 wyroku Sąd orzekł o braku odpowiedzialności organu rentowego za nieustalenie ostatniej okoliczności niezbędnej do wydania decyzji na podstawie art. 118 ust.1a ustawy z dnia 17.12.1998r. o emeryturach i rentach z FUS. Stosownie bowiem do art. 118 ust. 1a ustawy o emeryturach i rentach z FUS, w razie ustalenia prawa do świadczenia lub jego wysokości orzeczeniem organu odwoławczego za dzień wyjaśnienia ostatniej okoliczności niezbędnej do wydania decyzji uważa się również dzień wpływu prawomocnego orzeczenia organu odwoławczego, jeżeli organ rentowy nie ponosi odpowiedzialności za nieustalenie ostatniej okoliczności niezbędnej do wydania decyzji; organ odwoławczy, wydając orzeczenie, stwierdza odpowiedzialność organu rentowego. Zgodnie z § 2 ust. 2 powołanego rozporządzenia, okresy pracy, o których mowa w ust. 1, stwierdza zakład pracy, na podstawie posiadanej dokumentacji, w świadectwie wykonywania prac w szczególnych warunkach, wystawionym według wzoru stanowiącego załącznik do przepisów wydanych na podstawie § 1 ust. 2 rozporządzenia, lub w świadectwie pracy. W myśl zaś <xLexLink xArt="§ 21" xIsapId="WDU19830100049" xTitle="Rozporządzenie Rady Ministrów z dnia 7 lutego 1983 r. w sprawie postępowania o świadczenia emerytalno-rentowe i zasad wypłaty tych świadczeń" xAddress="Dz. U. z 1983 r. Nr 10, poz. 49">§ 21 rozporządzenia Rady Ministrów z dnia 7 lutego 1983 r. w sprawie postępowania o świadczenia emerytalno-rentowe i zasad wypłaty tych świadczeń</xLexLink> (Dz. U. Nr 10, poz. 49 ze zm.) środkiem dowodowym, stwierdzającym okresy zatrudnienia, są pisemne zaświadczenia zakładów pracy, wydane na podstawie posiadanych dokumentów, oraz legitymacje ubezpieczeniowe, a także inne dowody z przebiegu ubezpieczenia (ust. 1); jeżeli pracownik ubiega się o przyznanie emerytury lub renty z tytułu zatrudnienia w szczególnych warunkach lub w szczególnym charakterze, zaświadczenie zakładu pracy powinno stwierdzać charakter i stanowisko pracy w poszczególnych okresach oraz inne okoliczności, od których jest uzależnione przyznanie takiej emerytury lub renty (ust. 4). Skoro więc w toku postępowania przed organem rentowym ubezpieczony nie przedstawił właściwych dokumentów wystawionych przez pracodawcę, a okresy pracy w warunkach szczególnych udowodnił także m.in. zeznaniami świadków, to organ rentowy nie ponosi odpowiedzialności za wydanie błędnej decyzji odmawiającej prawa do emerytury, albowiem nie mógł przeprowadzić tych właśnie dowodów w trakcie prowadzonego przez siebie postępowania administracyjnego.</xText>
          
          <xText>
            <xBx>SSO Ewa Milczarek</xBx>
          </xText>
        </xUnit>
      </xBlock>
    </xPart>
  </judgement>
<judgement id="152010000001003_II_Ca_002343_2013_Uz_2014-03-04_002">
    <xPart xEditorFullName="Sebastian Kurdziel" xYear="2013" xLang="PL" xPublisherFullName="Gabriela Wolak" xFromPg="1" xEditor="sebkur0351" xVolType="15/201000/0001003/Ca" xPublisher="gabwol0077" xDocType="Uz" xVolNmbr="002343" xVersion="1.0" xToPage="6" xFlag="published">
      <xName>Wyrok+Uzasadnienie</xName>
      <xBlock>
        <xText>Sygnatura akt II Ca 2343/13</xText>
        <xUnit xIsTitle="true" xType="part" xBold="true">
          <xName>WYROK</xName>
          <xTitle>W IMIENIU RZECZYPOSPOLITEJ POLSKIEJ</xTitle>
          <xText xALIGNx="right">Dnia 4 marca 2014 r.</xText>
          <xText>Sąd Okręgowy w Krakowie Wydział II Cywilny Odwoławczy</xText>
          <xText>w składzie:</xText>
          <xRows>
            <xCOLGROUPx>
              <xCOLx xWIDTHx="216"/>
              <xCOLx xWIDTHx="494"/>
            </xCOLGROUPx>
            <xRow>
              <xClmn xALIGNx="left" xVALIGNx="top">
                <xText xALIGNx="right">Przewodniczący:</xText>
              </xClmn>
              <xClmn xALIGNx="left" xVALIGNx="top">
                <xText>SSO Agnieszka Cholewa-Kuchta</xText>
              </xClmn>
            </xRow>
            <xRow>
              <xClmn xALIGNx="left" xVALIGNx="top">
                <xText xALIGNx="right">Sędziowie:</xText>
              </xClmn>
              <xClmn xALIGNx="left" xVALIGNx="top">
                <xText>SO Katarzyna Serafin-Tabor (sprawozdawca)</xText>
                <xText>SR (del.) Krzysztof Wąsik</xText>
              </xClmn>
            </xRow>
            <xRow>
              <xClmn xALIGNx="left" xVALIGNx="top">
                <xText xALIGNx="right">Protokolant:</xText>
              </xClmn>
              <xClmn xALIGNx="left" xVALIGNx="top">
                <xText>Grzegorz Polak</xText>
              </xClmn>
            </xRow>
          </xRows>
          <xText>po rozpoznaniu w dniu 4 marca 2014 r. w Krakowie</xText>
          <xText>na rozprawie</xText>
          <xText>sprawy z powództwa <xAnon>A. M.</xAnon></xText>
          <xText>przeciwko <xAnon> Towarzystwu (...)</xAnon> z siedzibą w <xAnon>W.</xAnon></xText>
          <xText>o zapłatę</xText>
          <xText>na skutek apelacji powódki</xText>
          <xText>od wyroku Sądu Rejowego w Wieliczce</xText>
          <xText>z dnia 22 lipca 2013 r., sygnatura akt I C 88/11</xText>
          <xUnit xIsTitle="false" xType="none">
            <xName xSffx=".">I</xName>
            <xText>zmienia zaskarżony wyrok nadając mu brzmienie:</xText>
          </xUnit>
          <xText>„1. zasądza od strony pozwanej na rzecz powódki kwotę 15.379,50 zł (piętnaście tysięcy trzysta siedemdziesiąt dziewięć złotych 50/100) wraz z ustawowymi odsetkami liczonymi od dnia 19 lutego 2011 r. do dnia zapłaty;</xText>
          <xText>2. zasądza od strony pozwanej na rzecz powódki kwotę 4.381 zł (cztery tysiące trzysta osiemdziesiąt jeden złotych) tytułem zwrotu kosztów procesu;</xText>
          <xText>3. nakazuje ściągnąć od strony pozwanej na rzecz Skarbu Państwa Sądu Rejonowego w Wieliczce kwotę 2.741,62 zł (dwa tysiące siedemset czterdzieści jeden złotych 62/100) tytułem wydatków poniesionych tymczasowo przez Skarb Państwa.”</xText>
          <xText>II. zasądza od strony pozwanej na rzecz powódki kwotę 1.594 zł (tysiąc pięćset dziewięćdziesiąt cztery złotych) tytułem zwrotu kosztów postępowania odwoławczego.</xText>
        </xUnit>
        <xUnit xIsTitle="true" xType="part" xBold="true">
          <xName>UZASADNIENIE</xName>
          <xText>Powódka <xAnon>A. M.</xAnon> pozwem z dnia 18 lutego 2011 roku domagała się zasądzenia od pozwanego <xAnon> Towarzystwa (...)</xAnon> w <xAnon>W.</xAnon> kwoty 15000 zł tytułem zadośćuczynienia za doznaną krzywdę, a także kwoty 379,50 zł tytułem zwrotu poniesionych przez nią kosztów leczenia w obu przypadkach wraz z odsetkami ustawowymi liczonymi od dnia wniesienia pozwu do dnia zapłaty.</xText>
          <xText>W uzasadnieniu wskazała, że w dniu 15 stycznia 2010 roku o godzinie 7:25 po wyjściu ze swojego domu położonego w <xAnon>S.</xAnon> przy <xAnon>ulicy (...)</xAnon> idąc w kierunku przystanku poślizgnęła się na nieodśnieżonej drodze gminnej i doznała urazu kolana.</xText>
          <xText>Strona pozwana <xAnon> Towarzystwo (...)</xAnon> w <xAnon>W.</xAnon> wniosła o oddalenie powództwa i zasądzenie kosztów procesu.</xText>
          <xText>Zaskarżonym wyrokiem Sąd Rejonowy zasądził od strony pozwanej na rzecz powódki kwotę 7500 zł wraz z ustawowymi odsetkami liczonymi od dnia 19 lutego 2011 roku do dnia zapłaty oraz kwotę 385 zł tytułem zwrotu połowy opłaty sądowej od pozwu, w pozostałym zakresie powództwo oddalając (punkt 1), koszty zastępstwa procesowego między stronami wzajemnie zniósł (punkt 2) oraz wydatkami związanymi z wynagrodzeniem za sporządzenie opinii w kwocie 3361,54 zł obciążył w równych częściach powódkę oraz pozwanego i w związku z tym nakazał od każdego z nich ściągnąć na rzecz Skarbu Państwa – Sądu Rejonowego w Wieliczce kwoty po 1680,80 zł, którą tymczasowo wyłożył Skarb Państwa (punkt 3).</xText>
          <xText>
            <xBx> Wyrok ten zapadł w następującym stanie faktycznym. </xBx>
          </xText>
          <xText><xAnon>A. M.</xAnon> na skutek potknięcia się i upadku w dniu 15 stycznia 2010 roku doznała urazu prawnego stawu kolanowego. Lekarz badający powódkę stwierdził obrzęk w okolicach stawu kolanowego i w związku z tym wykonał dwukrotne punkcje tego stawu, w wyniku czego „ewakuowano krwisty płyn, co wskazywało na uszkodzenie torebki stawowej i błony maziowej”. Rozpoznano także uraz stawu z „chondromalacją rzepki”. W związku z rozpoznaną kontuzją zalecono powódce unieruchomienie kończyny przez okres 5 – 6 tygodni oraz używania kul łokciowych. Leczenie zakończono w marcu 2010 roku, po którym powódka korzystała z zabiegów fizjoterapeutycznych. Bezpośrednio po doznaniu urazu kolana powódka odczuwała znaczne dolegliwości bólowe, co utrzymywało się przez okres około 3 – 4 tygodni, następnie dolegliwości te stopniowo ustępowały do nieznacznych dolegliwości bólowych występujących okresowo np podczas przyjmowania pozycji kucznej, chodzeniu po schodach lub przy zmianach pogody. Badania ortopedyczne oraz wyniki usg nie wykazywały cech klinicznych uszkodzenia więzadła krzyżowego przedniego, ani aparatu torebkowo – więzadłowego. Biegli Zakładu Medycyny Sądowej stwierdzili, że kontuzja powódki miała charakter długotrwały jednak rokowania na przyszłość są dobre. Powódka wymaga monitorowania i okresowej kontroli w poradni ortopedycznej. Biegli wykluczyli także, aby wpływ na dolegliwości powódki miał fakt podjęcia przez nią pracy bezpośrednio po doznanym urazie, jej nadwaga oraz rodzaj wykonywanej pracy.</xText>
          <xText>W tak ustalonym stanie faktycznym Sąd Rejonowy wskazał, że przedmiotem rozstrzygnięcia było ustalenie wysokości zadośćuczynienia i odszkodowania za cierpienia i szkody będące następstwem wypadku jaki miał miejsce w dniu 15 stycznia 2010 roku, gdyż kwestia odpowiedzialności ubezpieczyciela został już prawomocnie rozstrzygnięta w wyroku wstępnym z dnia 23 maja 2011 roku. Jako podstawę prawną dochodzonych roszczeń wskazał <xLexLink xArt="art. 444;art. 444 § 1" xIsapId="WDU19640160093" xTitle="Ustawa z dnia 23 kwietnia 1964 r. - Kodeks cywilny" xAddress="Dz. U. z 1964 r. Nr 16, poz. 93">art. 444 § 1 k.c.</xLexLink> i <xLexLink xArt="art. 445;art. 445 § 1" xIsapId="WDU19640160093" xTitle="Ustawa z dnia 23 kwietnia 1964 r. - Kodeks cywilny" xAddress="Dz. U. z 1964 r. Nr 16, poz. 93">art. 445 § 1 k.c.</xLexLink> i podał, że żądanie zwrotu kosztów leczenia w kwocie 379,50 zł zostało w całości potwierdzone przedłożonymi przez powódkę rachunkami i w tej części zostało ono uwzględnione w całości. Odnośnie zaś wysokości zadośćuczynienia wskazał, że <xLexLink xArt="art. 445;art. 445 § 1" xIsapId="WDU19640160093" xTitle="Ustawa z dnia 23 kwietnia 1964 r. - Kodeks cywilny" xAddress="Dz. U. z 1964 r. Nr 16, poz. 93">art. 445 § 1 k.c.</xLexLink> posługuje się nieostrym zwrotem „odpowiedniej sumy”, które w sposób opisowy zostało zdefiniowane przez Sąd Najwyższy w wyroku z dnia 1 kwietnia 2004 roku, II CK 131/03. Argumentował, że zasądzając na rzecz powódki kwotę 7120,50 zł tytułem zadośćuczynienia wziął pod uwagę uszkodzenia ciała, których doznała powódka, okres leczenia, konieczność rehabilitacji oraz korzystanie z opieki najbliższych osób w czasie unieruchomienia nogi szyną. Miarkując wysokość wynagrodzenia Sąd Rejonowy wziął pod uwagę, że dolegliwości bólowe utrzymywały się przez okres około 1 miesiąca, a następnie stopniowo ulegały zmniejszeniu oraz to, że rokowania na przyszłość dla powódki są dobre pomimo, że wymaga monitorowania i okresowej kontroli w poradni ortopedycznej. Poza tym miał na uwadze, że u powódki podjęto standardowe procedury leczenia, podawano jej typowe leki przeciwbólowe oraz była leczona ambulatoryjnie i nie było potrzeby pozostawienia jej w szpitalu. O kosztach procesu orzekł na podstawie <xLexLink xArt="art. 100" xIsapId="WDU19640430296" xTitle="Ustawa z dnia 17 listopada 1964 r. - Kodeks postępowania cywilnego" xAddress="Dz. U. z 1964 r. Nr 43, poz. 296">art. 100 k.p.c.</xLexLink></xText>
          <xText>Z powyższym rozstrzygnięciem nie zgodziła się powódka zaskarżając jej w całości i zarzucając mu naruszenie <xLexLink xArt="art. 445;art. 445 § 1" xIsapId="WDU19640160093" xTitle="Ustawa z dnia 23 kwietnia 1964 r. - Kodeks cywilny" xAddress="Dz. U. z 1964 r. Nr 16, poz. 93">art. 445 § 1 k.c.</xLexLink> poprzez jego błędną wykładnię i zasądzenie rażąco niskiego zadośćuczynienia pieniężnego za doznaną krzywdę.</xText>
          <xText>Podnosząc powyższy zarzut domagała się zmiany zaskarżonego wyroku poprzez uwzględnienie powództwa w części dotyczącej kwoty 7879,50 zł tytułem zadośćuczynienia za doznaną krzywdę i zasądzenia pełnej kwoty roszczenia od pozwanego, zasądzenie kosztów zastępstwa procesowego za obie instancje i obciążenie strony pozwanej wydatkami związanymi z wynagrodzeniem za sporządzenie opinii.</xText>
          <xText>W odpowiedzi na apelację strona pozwana wniosła o oddalenie apelacji oraz o zasądzenie na swoją rzecz kosztów zastępstwa adwokackiego w postępowaniu odwoławczym według norm przepisanych.</xText>
          <xText>
            <xBx>Akceptując ustalenia faktyczne poczynione przez Sąd Rejonowy i przyjmując je za podstawę rozstrzygnięcia apelacyjnego Sąd Okręgowy zważył, co następuje. </xBx>
          </xText>
          <xText>Apelacja była zasadna w całości.</xText>
          <xText>Ustalając wysokość należnego powódce zadośćuczynienia Sąd Rejonowy skoncentrował się dolegliwościach bólowych, których doznała w związku ze zdarzeniem z dnia 15 stycznia 2010 roku pomijając całkowicie tę okoliczność, że doznane uszkodzenie ma charakter długotrwały a w następstwie przebytego urazu może w przyszłości dojść do zmian zwyrodnieniowych, głównie stawu rzepkowo – udowego. Pominięcie tej okoliczności skutkowało przyznaniem powódce rażąco zaniżonego zadośćuczynienia. Zgodzić należy się z Sądem Rejonowym, że przepis <xLexLink xArt="art. 445" xIsapId="WDU19640430296" xTitle="Ustawa z dnia 17 listopada 1964 r. - Kodeks postępowania cywilnego" xAddress="Dz. U. z 1964 r. Nr 43, poz. 296">art. 445 k.p.c.</xLexLink> nie zawiera definicji legalnej pojęcia „odpowiednia suma” pozostawiając tę kwestię do swobodnego uznania sędziowskiego. Nie pozwala to jednak na dowolność, gdyż o wysokości zadośćuczynienia powinien decydować rozmiar cierpień jakich doznał pokrzywdzony - tak fizycznych, jak i psychicznych. Rozmiar ten należy każdorazowo określić na podstawie całokształtu materiału dowodowego zgromadzonego w sprawie. Przyznana suma pieniężna zadośćuczynienia ma stanowić ekwiwalent poniesionej szkody niemajątkowej wynagradzający doznane cierpienia oraz mający ułatwić przezwyciężenie ujemnych przeżyć, aby w ten sposób przynajmniej częściowo przywrócona została równowaga zachwiana na skutek doznanego wypadku. Przy ocenie wysokości zadośćuczynienia należy bowiem brać pod uwagę przede wszystkim nasilenie cierpień, długotrwałość choroby, rozmiar obrażeń, trwałość następstw zdarzenia przy uwzględnieniu również okoliczności dotyczących życia osobistego poszkodowanego (por. wyrok Sądu Najwyższego z 5 grudnia 2006 roku, II PK 102/06, OSNP 2008/1 – 2/11). Zadośćuczynienie musi uwzględniać wszystkie okoliczności istotne dla określenia rozmiaru doznanej krzywdy, takie jak: wiek poszkodowanego, stopień cierpień fizycznych i psychicznych, ich intensywność i czas trwania, nieodwracalność następstw uszkodzenia ciała lub wywołania rozstroju zdrowia (kalectwo, oszpecenie), rodzaj wykonywanej pracy, szanse na przyszłość, poczucie nieprzydatności społecznej, bezradność życiową oraz inne czynniki podobnej natury (por. wyroki Sądu Najwyższego z 15 lipca 1977 roku, V CR 266/77, niepubl. SIP LEX nr 7966, z dnia 9 listopada 2007 roku, V CSK 245/07, niepubl. SIP LEX nr 369691). Niewymierny w pełni charakter tych okoliczności sprawia, że sąd przy ustalaniu rozmiaru krzywdy i tym samym wysokości zadośćuczynienia ma pewną swobodę ale nie dowolność, gdyż orzekając o kwocie zadośćuczynienia musi mieścić się w granicach kompensaty i nie może jej przekraczać ani w dół ani w górę. Należy przy tym pamiętać, że ocena rozmiaru krzywdy wynikająca z oceny składających się na nią czynników, musi zostać wyrażona na pewnym poziomie ogólności. Przyznanego poszkodowanemu zadośćuczynienia nie należy zatem traktować na zasadzie ekwiwalentności, która charakteryzuje wynagrodzenie szkody majątkowej. W ocenie Sądu Okręgowego przyznana powódce kwota 7120,50 zł tytułem zadośćuczynienia jest rażąco zaniżona w stosunku do rodzaju krzywdy, której doznała w wyniku zdarzenia z dnia 15 stycznia 2010 roku. Przy ustaleniu wysokości kwoty zadośćuczynienia Sąd Rejonowy całkowicie bowiem pominął fakt, że uraz, którego doznała ma charakter długotrwały a w jego następstwie może w przyszłości dojść do zmian zwyrodnieniowych, głównie stawu rzepkowo – udowego. Okoliczności te bez wątpienia wpływają na poczucie krzywdy powódki wywołanej przedmiotowym zdarzeniem i w związku z tym decydują o konieczności uwzględnienia dochodzonego przez nią roszczenia w całości. Biorąc zatem pod uwagę dolegliwości bólowe, rehabilitację, czasowe wyłączenie z życia towarzyskiego powódki, jej młody wiek a przede wszystkim fakt, że uraz jest długotrwały i może skutkować pojawieniem się zmian zwyrodnieniowych w przyszłości, a także uwzględniając kompensacyjną funkcję zadośćuczynienia zarzut apelacji, że Sąd Rejonowy przyznał powódce rażąco niską kwotę jest usprawiedliwiony. Zaznaczyć jednocześnie należy, że zgodnie z ugruntowanym w judykaturze stanowiskiem, korygowanie przez sąd drugiej instancji zasądzonego zadośćuczynienia może być aktualne tylko wtedy, gdy przy uwzględnieniu wszystkich okoliczności sprawy, mających wpływ na jego wysokość, jest ono niewspółmiernie nieodpowiednie tj. rażąco wygórowane lub rażąco niskie (por. wyroki Sądu Najwyższego z dnia 9 lipca 1970 roku, III PRN 39/70, OSNCP 1971/3/53, z dnia 18 listopada 2004 roku, I CK 219/04, niepubl. SIP LEX nr 146356). Wobec tego dla zmiany zaskarżonego wyroku w zakresie wysokości zadośćuczynienia nie jest wystarczające uznanie, iż przyznana przez Sąd Rejonowy poszkodowanemu kwota tytułem zadośćuczynienia jest za niska lub za wysoka. Wymagane jest, aby kwota ta była „rażąco” nieadekwatna do okoliczności faktycznych konkretnej sprawy. Stąd też musi to być taka różnica, która jest oczywista dla każdego obiektywnie oceniającego dany stan faktyczny. Jak już wyżej zostało zaznaczone, przyznana powódce kwota zadośćuczynienia spełnia te kryteria, gdyż nie uwzględnia charakteru urazu oraz skutków tego urazu w przyszłości. Wszystkie wskazane powyżej okoliczności a więc te odnoszące się zarówno do cierpienia powódki wywołanego odczuwanymi przez nią dolegliwościami bólowymi jak również długotrwały charakter urazu oraz skutki, które w związku z nim mogą ujawnić się w przyszłości obligowały Sąd Rejonowy do uwzględnienia powództwa w całości. Należy mieć przy tym na względzie, że w sprawie nie ujawniły się żadne okoliczności, które wskazywałyby na chęć bezpodstawnego wzbogacenia się powódki kosztem strony pozwanej. Reasumując wskazać należy, że zarówno okoliczności zdarzenie jak i jego następstwa przekonują Sąd Okręgowy, że żądana kwota 15000 zł będzie stanowiła dla powódki adekwatne zadośćuczynienie dla cierpień, których doznała w związku ze zdarzeniem z dnia 15 stycznia 2010 roku. Kwota ta mieści się w granicach jaką ustawodawca pozostawił sędziowskiemu uznaniu i spełni swój zasadniczy cel jakim jest kompensacja doznanej krzywdy, a więc złagodzenie cierpienia fizycznego i psychicznego będącego skutkiem uszkodzenia ciała lub wywołania rozstroju zdrowia spowodowanego czynem niedozwolonym. Ponadto tak ukształtowana kwota zadośćuczynienia będzie miała dla powódki ekonomicznie odczuwalną wartości i w ocenie Sądu Okręgowego przyniesie jej równowagę emocjonalną naruszoną wskutek doznanego uszkodzenia ciała.</xText>
          <xText>Mając powyższe na uwadze Sąd Okręgowy na podstawie <xLexLink xArt="art. 386;art. 386 § 1" xIsapId="WDU19640430296" xTitle="Ustawa z dnia 17 listopada 1964 r. - Kodeks postępowania cywilnego" xAddress="Dz. U. z 1964 r. Nr 43, poz. 296">art. 386 § 1 k.p.c.</xLexLink> zmienił zaskarżony wyrok. Konsekwencją zmiany orzeczenia jest zmiana rozstrzygnięcia o kosztach procesu. O kosztach procesu orzekł Sąd Okręgowy na podstawie <xLexLink xArt="art. 98;art. 98 § 1;art. 98 § 3" xIsapId="WDU19640430296" xTitle="Ustawa z dnia 17 listopada 1964 r. - Kodeks postępowania cywilnego" xAddress="Dz. U. z 1964 r. Nr 43, poz. 296">art. 98 § 1 i 3 k.p.c.</xLexLink> zasądzając od strony pozwanej na rzecz powódki kwotę 4381 zł, na która złożyła się opłata od pozwu w wysokości 769 zł, koszty zastępstwa procesowego w wysokości 2400 zł, opłata skarbowa od pełnomocnictwa w wysokości 17 zł oraz kwota 1200 zł tytułem kosztów zastępstwa procesowego w postępowaniu apelacyjnym od wyroku wstępnego. O nieuiszczonych wydatkach związanych z opinią biegłych w wysokości 2741,62 zł orzekł Sąd Okręgowy na podstawie <xLexLink xArt="art. 113;art. 113 ust. 1" xIsapId="WDU20051671398" xTitle="Ustawa z dnia 28 lipca 2005 r. o kosztach sądowych w sprawach cywilnych" xAddress="Dz. U. z 2005 r. Nr 167, poz. 1398">art. 113 ust. 1 ustawy z dnia 28 lipca 2005 roku o kosztach sądowych w sprawach cywilnych</xLexLink> (t.j. Dz. U. z 2010 roku, Nr 90, poz. 594 ze zm.) – punkt 1 sentencji wyroku.</xText>
          <xText>O kosztach postępowania odwoławczego orzekł Sąd Okręgowy na podstawie <xLexLink xArt="art. 98;art. 98 § 1;art. 98 § 3" xIsapId="WDU19640430296" xTitle="Ustawa z dnia 17 listopada 1964 r. - Kodeks postępowania cywilnego" xAddress="Dz. U. z 1964 r. Nr 43, poz. 296">art. 98 § 1 i 3 k.p.c.</xLexLink> w zw. z <xLexLink xArt="art. 391;art. 391 § 1" xIsapId="WDU19640430296" xTitle="Ustawa z dnia 17 listopada 1964 r. - Kodeks postępowania cywilnego" xAddress="Dz. U. z 1964 r. Nr 43, poz. 296">art. 391 § 1 k.p.c.</xLexLink> biorąc pod uwagę, że powódka wygrała to postępowanie w całości. Na zasądzoną kwotę 1594 zł złożyło się wynagrodzenie pełnomocnika powódki będącego adwokatem w wysokości 1200 zł ustalone w oparciu o <xLexLink xArt="art. 391 § 6;art. 391 § 6 pkt. 4" xIsapId="WDU19640430296" xTitle="Ustawa z dnia 17 listopada 1964 r. - Kodeks postępowania cywilnego" xAddress="Dz. U. z 1964 r. Nr 43, poz. 296">§ 6 pkt 4</xLexLink> w zw. z <xLexLink xArt="§ 13;§ 13 ust. 1;§ 13 ust. 1 pkt. 1" xIsapId="WDU20021631348" xTitle="Rozporządzenie Ministra Sprawiedliwości z dnia 28 września 2002 r. w sprawie opłat za czynności adwokackie oraz ponoszenia przez Skarb Państwa kosztów nieopłaconej pomocy prawnej udzielonej z urzędu" xAddress="Dz. U. z 2002 r. Nr 163, poz. 1348">§ 13 ust. 1 pkt 1 rozporządzenia Ministra Sprawiedliwości z dnia 28 września 2002 roku w sprawie opłat za czynności adwokackie oraz ponoszenia przez Skarb Państwa kosztów nieopłaconej pomocy prawnej udzielonej z urzędu</xLexLink> (t.j. Dz. U. z 2013 roku, poz. 461) oraz opłata od apelacji w wysokości 394 zł.</xText>
          <xText>SSR Paweł Styrna</xText>
        </xUnit>
      </xBlock>
    </xPart>
  </judgement>
<judgement id="152510000003521_VII_Pa_000033_2014_Uz_2014-03-04_001">
    <xPart xEditorFullName="Agnieszka Kurczewska" xYear="2014" xLang="PL" xPublisherFullName="Agnieszka Kurczewska" xFromPg="1" xEditor="agnieszka.kurczewska" xVolType="15/251000/0003521/Pa" xPublisher="agnieszka.kurczewska" xDocType="Uz" xVolNmbr="000033" xVersion="1.0" xToPage="1" xFlag="published">
      <xName>Wyrok</xName>
      <xBlock>
        <xText>
          <xBx>Sygn. akt VII Pa 33/14</xBx>
        </xText>
        <xUnit xBold="true" xType="part" xIsTitle="true">
          <xName>WYROK</xName>
          <xTitle>W IMIENIU RZECZYPOSPOLITEJ POLSKIEJ</xTitle>
          <xText>
            <xBx> Dnia 4 marca 2014 roku </xBx>
          </xText>
          
          <xText>
            <xBx>Sąd Okręgowy w Łodzi VII Wydział Pracy i Ubezpieczeń Społecznych </xBx>
          </xText>
          
          <xText>w składzie:</xText>
          
          <xText>Przewodnicząca– Sędzia SO Magdalena Lisowska</xText>
          
          <xText>Sędziowie: Sędzia SO Karol Kotyński</xText>
          
          <xText>Sędzia SO Anna Rodak (spr.)</xText>
          
          <xText>Protokolant: sekretarz sądowy Agnieszka Kurczewska</xText>
          
          <xText>po rozpoznaniu w dniu 4 marca 2014 roku w Łodzi na rozprawie</xText>
          
          <xText>sprawy z powództwa <xBx><xAnon>J. K.</xAnon></xBx></xText>
          
          <xText>przeciwko <xBx><xAnon>S. G.</xAnon></xBx></xText>
          
          <xText>
            <xBx>o wynagrodzenie za pracę i ekwiwalent za urlop wypoczynkowy </xBx>
          </xText>
          
          <xText>na skutek apelacji pozwanego</xText>
          
          <xText>od wyroku Sądu Rejonowego w Kutnie IV Wydziału Pracy</xText>
          
          <xText>z dnia 28 października 2013 roku w sprawie sygn. akt IV P 142/12</xText>
          
          <xUnit xType="none" xIsTitle="false">
            <xName xSffx=".">1</xName>
            <xText>
              <xBx>oddala apelację; </xBx>
            </xText>
          </xUnit>
          <xUnit xType="none" xIsTitle="false">
            <xName xSffx=".">2</xName>
            <xText>
              <xBx>zasądza od <xAnon>S. G.</xAnon> na rzecz <xAnon>J. K.</xAnon> kwotę 900 (dziewięćset) złotych tytułem zwrotu kosztów zastępstwa procesowego za II instancję. </xBx>
            </xText>
          </xUnit>
        </xUnit>
      </xBlock>
    </xPart>
  </judgement>
<judgement id="152515000002006_IV_Ka_000714_2013_Uz_2014-03-04_001">
    <xPart xEditorFullName="Karol Depczyński" xYear="2013" xLang="PL" xPublisherFullName="Grażyna Dudek" xFromPg="1" xEditor="Depczynski.k" xVolType="15/251500/0002006/Ka" xPublisher="Dudek.g" xDocType="Uz" xVolNmbr="000714" xVersion="1.0" xToPage="16" xFlag="published">
      <xName>Wyrok+Uzasadnienie</xName>
      <xBlock>
        <xText>
          <xBx>Sygn. akt IV Ka 714/13</xBx>
        </xText>
        
        <xUnit xType="part" xBold="true" xIsTitle="true">
          <xName>WYROK</xName>
          <xTitle>W IMIENIU RZECZYPOSPOLITEJ POLSKIEJ</xTitle>
          <xText xALIGNx="right">
            <xBx> Dnia 4 marca 2014 roku.</xBx>
          </xText>
          <xText>
            <xBx>Sąd Okręgowy w Piotrkowie Trybunalskim w IV Wydziale Karnym Odwoławczym w składzie:</xBx>
          </xText>
          <xText>
            <xBx> Przewodniczący SSO Krzysztof Gąsior</xBx>
          </xText>
          <xText>
            <xBx> Sędziowie SO Ireneusz Grodek</xBx>
          </xText>
          <xText>
            <xBx> SO Agnieszka Szulc-Wroniszewska (spr.)</xBx>
          </xText>
          
          <xText><xBx> Protokolant </xBx>Dagmara Szczepanik</xText>
          
          <xText>
            <xBx>przy udziale Prokuratora Prokuratury Okręgowej w Piotrkowie Trybunalskim Violetty Włodarczyk </xBx>
          </xText>
          <xText>po rozpoznaniu w dniu 25 lutego 2014 roku</xText>
          <xText>sprawy <xBx><xAnon>B. M. (1)</xAnon></xBx></xText>
          <xText>oskarżonego z art. 234 kk w zb. z art. 233§1 kk w zw. z art. 11§2 kk, art. 234 kk</xText>
          <xText>z powodu apelacji wniesionych przez prokuratora, oskarżonego i oskarżyciela posiłkowego <xAnon>R. D.</xAnon></xText>
          <xText>od wyroku Sądu Rejonowego w Bełchatowie</xText>
          <xText>z dnia 11 października 2013 roku     sygn. akt II K 455/13</xText>
          
          <xText>na podstawie art. 437§2 kpk i art. 438 pkt 2 i 3 kpk <xBx>uchyla zaskarżony wyrok w stosunku do oskarżonego <xAnon>B. M. (1)</xAnon> i przekazuje sprawę do ponownego rozpoznania Sądowi Rejonowemu w Bełchatowie.</xBx></xText>
          
          <xText>Sygn. akt IV Ka 714/13</xText>
        </xUnit>
        <xUnit xType="part" xBold="true" xIsTitle="true">
          <xName>UZASADNIENIE</xName>
          <xText><xBx><xAnon>B. M. (1)</xAnon></xBx>został oskarżony o to, że:</xText>
          
          <xUnit xType="none" xIsTitle="false">
            <xName xSffx=".">I</xName>
            <xText>
              <xBx>w dniu 24 kwietnia 2006r. w Prokuraturze Rejonowej w Opocznie będąc uprzedzonym o odpowiedzialności karnej złożył fałszywe zeznania stanowiące dowód w sprawie o sygn. akt Ds. 553/06 oraz fałszywie oskarżył <xAnon>R. D.</xAnon>o podejmowanie działań niezgodnych z prawem, które spowodowały odwołania <xAnon>B. M. (1)</xAnon>ze stanowiska Zastępcy Komendanta KP w <xAnon>Z.</xAnon>i niewłaściwie sprawowanie nadzoru służbowego w zakresie realizacji czynności procesowych w dochodzeniu <xAnon>(...)</xAnon><xAnon>(...)</xAnon>, przy czym w okresie do 15 lipca 2007r. pełnił służbę jako funkcjonariusz Policji tj. o czyn z art. 234 k.k. w zb. z art. 233 § 1 k.k. w zw. z art. 11 § 2 k.k. </xBx>
            </xText>
          </xUnit>
          
          <xUnit xType="none" xIsTitle="false">
            <xName xSffx=".">II</xName>
            <xText>
              <xBx>w dniu 29 listopada 2006r. w Prokuraturze Rejonowej w Opocznie będąc uprzedzonym o odpowiedzialności karnej złożył fałszywe zeznania stanowiące dowód w sprawie o sygn. Akt Ds. 1974/06 z późn. zm. na Ds.461/07 oraz fałszywie oskarżył <xAnon>R. D.</xAnon> o podejmowanie działań niezgodnych z prawem, w tym o:</xBx>
            </xText>
          </xUnit>
          
          <xText>- bezpodstawne wyłączenie materiałów z akt postępowania przygotowawczego nr <xAnon>(...)</xAnon><xAnon>(...)</xAnon>dotyczącego wypadku drogowego zaistniałego w dniu 30.05.2005r. w miejscowości <xAnon>B.</xAnon>z udziałem samochodu marki <xAnon>r.</xAnon> do odrębnego postępowania wykroczeniowego celem uniknięcia odpowiedzialności karnej za przestępstwo z art. 178a § 1 k.k. i wyłudzenia odszkodowania za spalony samochód z <xAnon>(...)</xAnon>tj. o czyn z art. 239 k.k.,</xText>
          <xText>- przekroczenie w dniu 16.06.2005r. uprawnień poprzez prowadzenie nielegalnej pracy operacyjnej wobec <xAnon>B. M. (1)</xAnon> tj. o czyn z art. 231 § 1 k.k.,</xText>
          <xText>- tworzenie fałszywych dowodów lub innych podstępnych zabiegów w celu oskarżenia <xAnon>B. M. (1)</xAnon> tj. o czyn z art. 235 k.k.,</xText>
          <xText>Przy czym w okresie do 15 lipca 2007r. pełnił służbę jako funkcjonariusz policji</xText>
          <xText>tj. o czyn z art. 234 k.k. w zb. z art. 233 § 1 k.k. w zw. z art. 11 § 2 k.k.</xText>
          
          <xUnit xType="none" xIsTitle="false">
            <xName xSffx=".">III</xName>
            <xText>
              <xBx>w dniu 06 czerwca 2007r. w Prokuraturze Rejonowej w Bełchatowie będąc uprzedzonym o odpowiedzialności karnej złożył fałszywe zeznania stanowiące dowód w sprawie o sygn. akt Ds. 4109/07 oraz fałszywie oskarżył <xAnon>R. D.</xAnon> o podejmowanie działań niezgodnych z prawem, w tym o: </xBx>
            </xText>
          </xUnit>
          
          <xText>- bezpodstawne wyłączenie materiałów z akt postępowania przygotowawczego nr <xAnon>(...)</xAnon><xAnon>(...)</xAnon> dotyczącego wypadku drogowego zaistniałego w dniu 30.05.2005r. w miejscowości <xAnon>B.</xAnon>z udziałem samochodu marki <xAnon>R. (...)</xAnon>o <xAnon>nr rej. (...)</xAnon>do odrębnego postępowania wykroczeniowego celem uniknięcia odpowiedzialności karnej za przestępstwo z art. 178 a § 1 k.k. i wyłudzenia odszkodowania za spalony samochód z <xAnon>(...)</xAnon>tj. o czyn z art. 239 § 1 k.k.</xText>
          <xText>- przekroczenia uprawnień poprzez prowadzenie nielegalnej pracy operacyjnej wobec <xAnon>B. M. (1)</xAnon> tj. o czyn z art. 231 § 1 k.k.</xText>
          <xText>- tworzenie w dniu 18.08.2005r. fałszywych dowodów lub innych podstępnych zabiegów w celu oskarżenia <xAnon>B. M. (1)</xAnon> tj. o czyn z art. 235 k.k.</xText>
          <xText>- przekroczenie uprawnień służbowych i poplecznictwo poprzez przetrzymywanie przez kilka godzin dowodu rzeczowego w postaci zegarka przez <xAnon>R. D.</xAnon> w swoim mieszkaniu tj. o czyn z art. 239 § 1 k.k. i art. 231 § 1 k.k. w zw. z art. 11 § 2 k.k.</xText>
          <xText>- przekroczenie uprawnień służbowych polegającego na znęcaniu się psychicznym przez szykanowanie, zdegradowanie, nieawansowanie <xAnon>B. M. (1)</xAnon> tj. o czyn z art. 207 § 1 k.k. i art. 231 § 1 k.k. w zw. z art. 11 § 2 k.k.,</xText>
          <xText>przy czym w okresie czasu do 15 lipca 2007r. pełnił służbę jako funkcjonariusz Policji</xText>
          <xText>tj. o czyn z art. 234 k.k. w zb. z art. 233 § 1 k.k. w zw. z art. 11 § 2 k.k.</xText>
          
          <xUnit xType="none" xIsTitle="false">
            <xName xSffx=".">IV</xName>
            <xText>
              <xBx>w dniu 03 grudnia 2007r. w Prokuraturze Rejonowej w Bełchatowie w ramach sprawy sygn. akt Ds. 2892/07 fałszywie oskarżył <xAnon>R. D.</xAnon> o podejmowanie działań niezgodnych z prawem, w tym o niedopełnienie obowiązków poprzez zaniechanie ścigania w czerwcu 2005r. poniżej wymienionych przestępstw:</xBx>
            </xText>
          </xUnit>
          
          <xText>- usiłowania wyłudzenia odszkodowania za spalony samochód marki <xAnon>R. (...)</xAnon>uczestniczący w zdarzeniu drogowym w dniu 30.05.2006r. w miejscowości <xAnon>B.</xAnon>, po wszczęciu dochodzenia nr <xAnon>(...)</xAnon><xAnon>(...)</xAnon>,</xText>
          <xText>- podżegania funkcjonariusza Policji do popełnienie przestępstwa z art. 271 1 k.k. podczas przesłuchania <xAnon>E. M.</xAnon>w charakterze świadka poprzez wystawienie jej mandatu karnego jako sprawcy zdarzenia, o które prowadzono dochodzenie <xAnon>(...)</xAnon><xAnon>(...)</xAnon>,</xText>
          <xText>- złożenia fałszywych zeznań w dochodzeniu <xAnon>(...)</xAnon><xAnon>(...)</xAnon> i dokumentacji ubezpieczeniowej w <xAnon>(...)</xAnon>poprzez podanie innej osoby jako kierującej samochodem marki <xAnon>R. (...)</xAnon>,</xText>
          <xText>przy czym w okresie do 15 lipca 2007r. pełnił służbę jako funkcjonariusz Policji,</xText>
          <xText>tj. o czyn z art. 234 k.k. w zb. z art. 233 § 1 k.k. w zw. z art. 11 § 2 k.k.</xText>
          
          <xUnit xType="none" xIsTitle="false">
            <xName xSffx=".">V</xName>
            <xText>
              <xBx>W styczniu i lutym 2007r. w Prokuraturze Rejonowej w Bełchatowie w ramach sprawy o sygn. Akt Ds. 236/08 fałszywie oskarżył <xAnon>R. D.</xAnon> o podejmowanie działań niezgodnych z prawem, w tym o: </xBx>
            </xText>
          </xUnit>
          
          <xText>- bezpodstawne wyłączenie materiałów z akt postępowania przygotowawczego nr <xAnon>(...)</xAnon><xAnon>(...)</xAnon> dotyczącego wypadku drogowego zaistniałego w dniu 30.05.2005r. w miejscowości <xAnon>B.</xAnon>z udziałem samochodu marki <xAnon>R. (...)</xAnon>o <xAnon>nr rej. (...)</xAnon>do odrębnego postępowania wykroczeniowego celem uniknięcia odpowiedzialności karnej za przestępstwo z art. 178 a § 1 k.k. i wyłudzenia odszkodowania za spalony samochód z <xAnon>(...)</xAnon>tj. o czyn z art. 239 § 1 k.k.</xText>
          <xText>- przekroczenie uprawnień poprzez prowadzenie nielegalnej pracy operacyjnej wobec <xAnon>B. M. (1)</xAnon> tj. o czyn z art. 231 § 1 k.k.</xText>
          <xText>- tworzenie w dniu 18.08.2005r. w rozmowie telefonicznej fałszywych dowodów lub innych podstępnych zabiegów przez Komendanta Komisariatu Policji w <xAnon>Z.</xAnon> w celu oskarżenia <xAnon>B. M. (1)</xAnon> tj. o czyn z art. 235 k.k.</xText>
          <xText>- przekroczenie uprawnień służbowych i poplecznictwo poprzez przetrzymywanie przez kilka godzin dowodu rzeczowego w postaci zegarka przez <xAnon>R. D.</xAnon> w swoim mieszkaniu tj. o czyn z art. 239 § 1 k.k. i art. 231 § 1 k.k. w zw. z art. 11 § 2 k.k.</xText>
          <xText>- przekroczenie uprawnień służbowych polegającego na znęcaniu się psychicznym przez szykanowanie, zdegradowanie, nieawansowanie <xAnon>B. M. (1)</xAnon> tj. o czyn z art. 207 § 1 k.k. i art. 231 § 1 k.k. w zw. z art. 11 § 2 k.k.,</xText>
          <xText>przy czym w okresie czasu do 15 lipca 2007r. pełnił służbę jako funkcjonariusz Policji</xText>
          <xText>tj. o czyn z art. 234 k.k.</xText>
          
          <xUnit xType="none" xIsTitle="false">
            <xName xSffx=".">VI</xName>
            <xText>
              <xBx>w dniu 25 listopada 2008r. w Prokuraturze Rejonowej w Piotrkowie Tryb. będąc uprzedzonym o odpowiedzialności karnej złożył fałszywe zeznania stanowiące dowód w sprawie o sygn. akt 2 Ds. 1729/08 oraz fałszywie oskarżył <xAnon>R. D.</xAnon> o podejmowanie działań niezgodnych z prawem, w tym o: </xBx>
            </xText>
          </xUnit>
          
          <xText>- utrudnianie postępowania karnego,</xText>
          <xText>- przekraczanie uprawnień przy prowadzeniu pracy operacyjnej, tworzenie fałszywych dowodów i innych podstępnych zabiegów,</xText>
          <xText>przy czym w okresie do 15 lipca 2007r. pełnił służbę jako funkcjonariusz Policji</xText>
          <xText>tj. o czyn z art. 234 k.k. w zb. z art. 233 § 1 k.k. w zw. z art. 11 § 2 k.k.</xText>
          
          <xUnit xType="none" xIsTitle="false">
            <xName xSffx=".">VII</xName>
            <xText>
              <xBx>w dniu 25 czerwca 2007r. w Prokuraturze rejonowej w Opocznie w ramach sprawy o sygn. akt Ds. 1024/07 fałszywie oskarżył <xAnon>R. D.</xAnon>o podejmowanie działań niezgodnych z prawem, w tym o utrudnianie postępowania karnego nr <xAnon>(...)</xAnon><xAnon>(...)</xAnon> w ramach czynności niecierpiących zwłoki poprzez zabranie w dniu 28.05.2005r. dowodu rzeczowego – zegarka, który został <xAnon>R. D.</xAnon>odebrany, przy czym w okresie do 15 lipca 2007r. pełnił służbę jako funkcjonariusz Policji</xBx>
            </xText>
          </xUnit>
          <xText>
            <xBx> tj. o czyn z art. 234 k.k.</xBx>
          </xText>
          
          <xUnit xType="none" xIsTitle="false">
            <xName xSffx=".">VIII</xName>
            <xText>
              <xBx>w okresie od 10.08.2006r. do 28.05.2009r. w Wydziale Kontroli Komendy Wojewódzkiej Policji w <xAnon>Ł.</xAnon>w ramach postępowań wyjaśniających o nr T-III-<xAnon>(...)</xAnon>, T-III-BS-<xAnon>(...)</xAnon>, T-II-SG-<xAnon>(...)</xAnon>, T-II-SG-<xAnon>(...)</xAnon>, T-II-SG-<xAnon>(...)</xAnon>, T-II-<xAnon>(...)</xAnon>, <xAnon>(...)</xAnon>, T-II-AJ-<xAnon>(...)</xAnon>, T-II-AJ-<xAnon>(...)</xAnon>, <xAnon>(...)</xAnon> fałszywie oskarżył <xAnon>R. D.</xAnon>o popełnienie przestępstw i przewinień dyscyplinarnych, przy czym w okresie do 15 lipca 2007r. pełnił służbę jako funkcjonariusz Policji </xBx>
            </xText>
          </xUnit>
          <xText>
            <xBx>tj. o czyn z art. 234 k.k.</xBx>
          </xText>
          
          <xUnit xType="none" xIsTitle="false">
            <xName xSffx=".">IX</xName>
            <xText>
              <xBx>w okresie od 12.02.2006r. do 22.05.2006r. w Komendzie Powiatowej Policji w <xAnon>B.</xAnon> w ramach postępowań dyscyplinarnych nr 1/I-<xAnon> (...)</xAnon>, 1/I-<xAnon> (...)</xAnon> fałszywie oskarżył <xAnon>R. D.</xAnon> o popełnienie przestępstw i przewinień dyscyplinarnych, przy czym w okresie do dnia 15 lipca 2007r. pełnił służbę jako funkcjonariusz Policji, </xBx>
            </xText>
          </xUnit>
          <xText>
            <xBx>tj. o czyn z art. 234 k.k.</xBx>
          </xText>
          
          <xText><xBx>Wyrokiem Sądu Rejonowego w Bełchatowie z dnia 11 października 2013 roku w sprawie II K 455/13 uznano oskarżonego <xAnon>B. M. (1)</xAnon> za winnego popełnienia wszystkich zarzucanych mu przestępstw, bez zmian co do ich kwalifikacji prawno-karnych przyjętej w akcie oskarżenia</xBx>, ale po dokonaniu niewielkich zmian w opisach tych czynów i przyjęciu, że uprzedzenie o odpowiedzialności karnej dotyczyło odpowiedzialności za składanie fałszywych zeznań oraz w miejsce „fałszywie oskarżył” przyjęciu, iż <xAnon>B. M. (1)</xAnon> „oskarżył” <xAnon>R. D.</xAnon> o określone zachowania, a ponadto:</xText>
          <xText>- co do czynu nr I, w miejsce spowodowania „odwołania <xAnon>B. M. (1)</xAnon> ze stanowiska zastępcy Komendanta KP <xAnon>Z.</xAnon>” przyjęcie spowodowania: „rozstroju zdrowia”,</xText>
          <xText>- co do czynu nr II, poprzez dodanie nr rejestracyjnego samochodu <xAnon>R. (...)</xAnon> oraz że bezpodstawne wyłączenie materiałów zostało dokonane także „w celu ukrycia protokołu przesłuchania świadka tego zdarzenia” i przyjęciu daty: „14.06.2005r.” w miejsce daty „16.06.2005r.”, jako przekroczenia uprawnień poprzez prowadzenie nielegalnej pracy operacyjnej,</xText>
          <xText>- co do czynu III, poprzez dodanie, że sprawę sygn. Ds. 4109/07 prowadziła Prokuratura Rejonowa <xAnon>Ł.</xAnon>, przyjęciu w miejsce miejsca wypadku drogowego: <xAnon> (...)</xAnon>, wyeliminowaniu nr rejestracyjnego <xAnon>R. (...)</xAnon>, dodaniu, iż bezpodstawne wyłączenie materiałów zostało dokonane także „w celu ukrycia protokołu przesłuchania świadka tego zdarzenia”, przyjęciu daty „14.06.2005r.” jako prowadzenia nielegalnej pracy operacyjnej i „czerwca 2005r.” jako daty tworzenia fałszywych dowodów oraz wyeliminowaniu zarzutu przekroczenia uprawnień służbowych i poplecznictwa poprzez przetrzymywanie przez kilka godzin dowodu rzeczowego i znęcaniu się psychicznym przez szykanowanie, zdegradowanie, nieawansowanie <xAnon>B. M. (1)</xAnon>, a dodatkowo wyeliminowanie określenia do której daty oskarżony był funkcjonariuszem policji.</xText>
          <xText>- co do czynu nr IV, poprzez dodanie, że podżeganie miało miejsce w czerwcu 2005r. w Kp <xAnon>Z.</xAnon> i przyjęcie, że podanie innej osoby jako kierującej dotyczyło samochodu: „ marki <xAnon>R. (...)</xAnon> w zdarzeniu drogowym będącym przedmiotem w/w dochodzenia”, w miejsce „marki <xAnon>R. (...)</xAnon>”,</xText>
          <xText>- co do czynu nr V, poprzez przyjęcie, iż chodzi o fałszywe oskarżenia poczynione „w styczniu i lutym 2008r. w Prokuraturze <xAnon>Ł.</xAnon> w ramach sprawy o sygn. 1 Ds. 236/08”, w miejsce: „w styczniu i lutym 2007r. w Prokuraturze Rejonowej w Bełchatowie w ramach sprawy o sygn. akt Ds. 236/08”, dodanie, że bezpodstawne wyłączenie materiałów zostało dokonane przez Komendanta Komisariatu Policji w <xAnon>Z.</xAnon> , przyjęcie, iż prowadzenie nielegalnej pracy operacyjnej miało miejsce w dniu 14.06.2005r. przez Komendanta Komisariatu Policji w <xAnon>Z.</xAnon>, przyjęcie, iż poplecznictwo zaistniało w dniu 28.05.2005r. i dotyczyło zachowań „Komendanta Komisariatu Policji w <xAnon>Z.</xAnon> w jego mieszkaniu” w miejsce „<xAnon>R. D.</xAnon> w swoim mieszkaniu”, przyjęciu, iż przekroczenie uprawnień dotyczących znęcania psychicznego miało miejsce w okresie od maja do czerwca 2005r. i dotyczyło szykanowania <xAnon>B. M. (1)</xAnon> oraz wyeliminowaniu, że polegało także na jego zdegradowaniu i nieawansowaniu,</xText>
          <xText>- co do czynu nr IX, poprzez przyjęcie, iż fałszywe oskarżenia miały miejsce: „w dniach 12.02.2006r. i 22.05.2006r.” w miejsce: „ w okresie od 12.02.2006r. do 22.05.2006r.”.</xText>
          
          <xText>Powyższym wyrokiem <xAnon>B. M. (1)</xAnon> , za czyny opisane w punktach I, II, III, i VI aktu oskarżenia, na podstawie art. 233 § 1 k.k. w zw. z art. 11 § 3 k.k. w zw. z art. 58 § 3 k.k. został skazany na kary po 60 stawek dziennych grzywny przy przyjęciu, że wartość jednej stawki dziennej jest równoważna kwocie 10 złotych, a za czyny opisane w punktach IV, V, VII, VIII i IX aktu oskarżenia, na podstawie art. 234 k.k. na kary po 50 stawek dziennych grzywny przy przyjęciu, iż wartość jednaj stawki dziennej jest równoważna w kwocie 10 złotych.</xText>
          <xText>Na podstawie art. 85 k.k. i 86 § 2 k.k. oskarżonemu wymierzono karę łączną 120 stawek dziennych przy przyjęciu, iż wartość jednaj stawki dziennej jest równoważna kwocie 10 złotych.</xText>
          <xText>Zasądzono od oskarżonego na rzecz skarbu Państwa kwotę 120 złotych tytułem opłaty oraz kwotę 526,60 złotych tytułem zwrotu wydatków.</xText>
          
          <xText>Powyższy wyrok zaskarżył oskarżony, oskarżyciel posiłkowy i Prokurator Prokuratury Rejonowej w Tomaszowie Mazowieckim.</xText>
          
          <xText>Apelacja oskarżonego nie wskazuje konkretnych podstaw prawnych i nie formułuje wyraźnie zarzutów. Z treści środka odwoławczego wniesionego przez <xAnon>B. M. (1)</xAnon> wynika jednak, że wyrok jest zaskarżony w całości i skarżący zarzuca mu błąd w ustaleniach faktycznych przyjętych za podstawę orzeczenia i mający wpływ na jego treść, poprzez przyjęcie, że nie zaistniało żadne z przestępstw ani przewinień dyscyplinarnych, o których zawiadamiał w zeznaniach i pismach wymienionych w akcie oskarżenia i obrazę przepisów postępowania. W ocenie oskarżonego każde przewinień i przestępstw, o których zeznawał i zawiadamiał miało miejsce, co szeroko uargumentował dokonując własnej oceny zachowań oskarżyciela posiłkowego <xAnon>R. D.</xAnon> i innych osób, z którymi pracował w maju i czerwcu 2005r. Podniósł, iż opisy tych wydarzeń dokonanych przez funkcjonariuszy policji w notatkach służbowych załączonych do akt, na które powoływały się organa ścigania, zawierają nieprawdę. Wnosił także o przeprowadzenie dowodu z zeznań szeregu osób oraz załączenia w poczet materiału dowodowego szeregu dokumentów, albowiem w ocenie skarżącego przeprowadzenie tych dowodów jest niezbędne dla dokonania ustaleń faktycznych zgodnie z prawdą.</xText>
          <xText>W konkluzji wnioskował o uniewinnienie go od zarzuconych mu czynów. Ponadto składał wnioski nie związane bezpośrednio z treścią wydanego w sprawie karnej orzeczenia o przywrócenie go do służby, skierowanie do sanatorium, przyznanie urlopu itp.</xText>
          
          <xText>Apelacja Prokuratora skarży wyrok w części dotyczącej orzeczenia o karze na niekorzyść <xAnon>B. M. (1)</xAnon>. Oskarżyciel publiczny zarzucił zaskarżonemu orzeczeniu obrazę przepisu prawa materialnego tj. art. 86 § 2 k.k. i art. 86 § 1 k.k., poprzez błędne zastosowanie art. 86 § 2 k.k. jako podstawy prawnej wymiaru kary łącznej grzywny i nie wskazania jako tej podstawy art. 86 § 1 k.k. Wnosił o zmianę zaskarżonego wyroku w tym zakresie i przyjęcie za podstawę prawną wymiaru kary łącznej grzywny przepisu art. 86 § 1 k.k. W pozostałej części wnosił o utrzymanie zaskarżonemu wyroku w mocy.</xText>
          
          <xText>Apelacja oskarżyciela posiłkowego skarży wyrok na niekorzyść oskarżonego, w części dotyczącej orzeczenia o karze. <xAnon>R. D.</xAnon> zarzucił zaskarżonemu orzeczeniu rażącą niewspółmierność wymierzonej kary do wagi popełnionych przez oskarżonego przestępstw. Zaakcentował, iż zachowanie <xAnon>B. M. (1)</xAnon> wynikało z niskich pobudek, albowiem była to zemsta nad oskarżycielem posiłkowym reprezentującym terenowy organ administracji. W konkluzji oskarżyciel posiłkowy wnosił o wymierzenie <xAnon>B. M. (1)</xAnon> kary wnioskowanej przez Prokuratora tj. za każdy z czynów kar po 6 miesięcy pozbawienia wolności, kary łącznej 1 roku pozbawienia wolności z warunkowym zawieszeniem jej wykonania na okres próby lat 3 z dozorem kuratora i kary grzywny w rozmiarze 100 stawek dziennych w rozmiarze po 20 złotych każda stawka dzienna. Jako wniosek ewentualny wnosił o uchylenie zaskarżonego wyroku i przekazanie sprawy sądowi pierwszej instancji do ponownego rozpoznania.</xText>
          
          <xText>Na rozprawie apelacyjnej oskarżony popierał własną skargę apelacyjna i wnioski w niej zawarte. Wnosił o nieuwzględnienie apelacji obu oskarżycieli.</xText>
          
          <xText>Prokurator popierał skargę apelacyjną wniesioną przez Prokuratora Prokuratury Rejonowej w Tomaszowie Mazowieckim, z tym, że wnosił o wyeliminowanie z podstawy prawnej wymiaru kary łącznej art. 86 § 2 k.k. Wnosił także o nieuwzględnienie apelacji oskarżonego i oskarżyciela posiłkowego.</xText>
          
          <xText>Oskarżyciel posiłkowy popierał własna skargę apelacyjną, przyłączył się do apelacji prokuratora oraz wnosił o nieuwzględnienie apelacji oskarżonego.</xText>
          
          <xText xALIGNx="center">
            <xBx>Sąd Okręgowy zważył, co następuje:</xBx>
          </xText>
          
          <xText>Apelacja oskarżonego jest zasadna w takim stopniu, że w wyniku jej uwzględnienia powstały podstawy do uchylenia zaskarżonego wyroku i przekazania sprawy do ponownego rozpoznania Sądowi Rejonowemu w Bełchatowie.</xText>
          <xText>Ponieważ ocena zarzutów merytorycznych poniesionych we wszystkich apelacjach stron jest aktualnie przedwczesna, Sąd Okręgowy ograniczy się tylko do wskazania uchybień, które spowodowały uchylenie zaskarżonego wyroku i przekazanie sprawy do ponownego rozpoznania.</xText>
          
          <xText>Przede wszystkim należy podnieść, iż rację ma <xAnon>B. M. (1)</xAnon>, iż</xText>
          <xText>Sąd I instancji dopuścił się obrazy przepisów postępowania, która mogła mieć wpływ na treść orzeczenia ( taki wniosek, choć nie wprost, ale w sposób dorozumiany zawierała jego apelacja), poprzez zaniechanie przesłuchania w charakterze świadków funkcjonariuszy policji, którzy byli bezpośrednimi świadkami zachowań oskarżyciela posiłkowego, wyczerpujących w ocenie oskarżonego przesłanki określonych przestępstw.</xText>
          <xText>Ponadto sąd ten dopuścił się obrazy przepisu art. <xBx>442 § 3 k.p.k.</xBx>, zgodnie z którym zapatrywania prawne i wskazania sądu odwoławczego, co do dalszego postępowania są wiążące dla sądu, któremu sprawę przekazano do ponownego rozpoznania. W przedmiotowej bowiem sprawie już raz wydano wyrok w I instancji, który następnie został uchylony, a sprawa przekazana do ponownego rozpoznania z zaleceniem, między innymi powtórzenia postępowania dowodowego poprzez zweryfikowanie merytorycznych wydarzeń w jednostce policji, w której był zatrudniony był oskarżony i jego działań oraz zachowań w odniesieniu do tych wydarzeń, poprzez przesłuchanie osób, z którymi oskarżony stykał się wówczas bezpośrednio dla zweryfikowania przykładowo tego, kto dokonał adnotacji o wyłączeniu sprawy do odrębnego postępowania w kierunku wykroczenia, z akt postępowania przygotowawczego nr <xAnon>(...)</xAnon><xAnon>(...)</xAnon>, dotyczącego wypadku drogowego zaistniałego w dniu 30.05.2005r. w miejscowości <xAnon>B.</xAnon> z udziałem samochodu marki <xAnon>R. (...)</xAnon>. Sąd Okręgowy wskazał tu – <xIx>„dla przykładu”</xIx> - konieczność przesłuchania w charakterze świadka funkcjonariusza KP <xAnon>Z.</xAnon><xAnon>D. M.</xAnon>, dodatkowo wskazując, że we wskazanych aktach prokuratorskich (Prokuratury Rejonowej w Opocznie sygn. Ds. 461/07 załączonych do akt głównych) <xAnon>D. M.</xAnon>słuchany jako świadek, jednoznaczny wypowiedział się na tę okoliczność. Analiza przeprowadzonego postępowania dowodowego, po uchyleniu pierwszego wyroku wydanego przez sąd <xIx>meriti</xIx> wskazuje, że sąd ten powyższych zaleceń nie wykonał i to w sposób bardzo jednoznaczny. Nikogo bowiem poza wymienionym z imienia i nazwiska <xAnon>D. M.</xAnon>nie przesłuchał, ograniczając dodatkowo jego zeznania, a dokładnie informacje możliwe do uzyskania od świadka, poprzez zaniechanie odczytania mu jego zeznań składanych w sprawie Ds. 461/07 w sytuacji, gdy przez sądem <xAnon>D. M.</xAnon>stwierdził jedynie, że skoro oskarżyciel posiłkowy był na urlopie, to w tym czasie jednostką dowodził jego zastępca – <xAnon>B. M. (1)</xAnon>, tak więc on „musiał podjąć decyzję o wyłączeniu materiałów” (k.1025). Zeznania świadka, co do osoby podejmującej decyzję w wyłączeniu, opierały się więc na rozumowaniu i były wnioskiem z niego wyciągniętym, a nie na pamięci świadka, co do tego zdarzenia. Tymczasem z sprawie sygn. Ds. 461/07 świadek pamiętał dokładnie, kto z imienia i nazwiska wpisał do karty nadzoru polecenie decyzji o wyłączeniu materiałów. Brak odczytania <xAnon>D. M.</xAnon>jego zeznań ze sprawy sygn. Ds. 461/07 nie spowodował jednak samodzielnie decyzji o uchyleniu przedmiotowego orzeczenia, a jedynie stanowi jeden z przykładów nienależytego wykonania zalecenia.</xText>
          <xText>Sąd Okręgowy podejmując poprzednią decyzję o uchyleniu wydanego orzeczenia stwierdził, iż <xIx>„W razie konieczności celowym będzie bezpośrednie… przesłuchanie tych osób, które mogłyby mieć wiedzę o istotnych z tego punktu </xIx>(tj. wykazania rodzaju zamiaru po stronie sprawcy)<xIx> widzenia faktach”</xIx>. W ocenie Sądu Okręgowego postępowanie dowodowe przeprowadzone w sprawie sygn. II K 455/13 wskazywało, że istnieje konieczność przesłuchania większej liczny świadków, na okoliczność przeświadczenia oskarżonego o określonych faktach tj. jego dokładnego zachowania w określonym czasie. Należy również zauważyć, że wersja oskarżonego wielokrotnie dotyczy zdarzeń, w których nie tylko sam oskarżyciel posiłkowy, ale też inni funkcjonariusze KP <xAnon>Z.</xAnon> byli osobiście obecni i posiadają o nich wiedze, a stanowisko tychże osób znane jest jedynie z notatek służbowych, nie mogących, z uwagi na zasadę bezpośredniości zastąpić ich osobistych zeznań.</xText>
          <xText>Dodatkowo sąd zważył, iż poprzednie zalecenia zawierały zobowiązanie do przeanalizowania każdego konkretnego pisma i każdych konkretnych zeznań składanych przez oskarżonego, wymienionych w akcie oskarżenia, pod kątem tego, czy ewentualnie mamy do czynienie z czynem o jakim mowa w art. 233 § 1 k.k. i 234 k.k., czy z czynem wyczerpującym dyspozycję art. 238 k.k. Tego zalecenia także nie wykonano, gdyż odnośnie postępowań wyjaśniających (dziesięciu), o jakich mowa w punkcie VIII aktu oskarżenia i postępowań dyscyplinarnych (dwóch), o jakich mowa w punkcie IX aktu oskarżenia, nie załączono nawet do akt postępowania pierwszoinstancyjnego konkretnych pism je inicjujących. W takiej sytuacji nie wiadomo, na jakich dowodach opierał się sąd rejonowy, dokonując oceny tych zachowań, w kontekście zasygnalizowanej poprzednio konieczności poczynienia rozważań w kierunku art. 238 k.k. W aktach sprawy II K 455/13 znajdują się jedynie sprawozdania końcowe z tych postępowań, a nie inicjujące je pisma oskarżonego, w których sporządzeniu oskarżyciel publiczny widział wyczerpanie przesłanek z art. 234 k.k. Takie procedowanie sprzeciwia się poprzednim zaleceniom. W tym miejscu sąd zauważa, że jedne z wymienionych postępowań dyscyplinarnych ( 1/1-<xAnon> (...)</xAnon>) zostały wybrakowane. Tak więc konieczność poszukania i załączenia pisma inicjującego drugie ze wskazanych w punkcie IX aktu oskarżenia postepowań jest nadal aktualne. Sąd Okręgowy starał się we własnym zakresie uzupełnić ten brak, załączając szereg akt związkowych oraz akta osobowe oskarżonego. Nie ma w nich jednak pism, inicjujących każde z postępowań wymienionych w punktach VIII i IX aktu oskarżenia, którą to czynność winien wykonać sąd rejonowy ( a przynajmniej podjąć próbę w tym kierunku). Zalecanej konieczności badania dokładnej treści wskazanych zeznań, uznanych przez oskarżyciela publicznego za fałszywe i pism zawierających fałszywe oskarżenie, sprzeciwia się także fakt, iż, co do czynu opisanego w akcie oskarżenia w punkcie V, przypisanego <xAnon>B. M. (1)</xAnon> w zmienionej postaci co do daty jego popełnienia tj. poprzez przyjęcie, iż chodzi o „styczeń i luty 2008r” i sprawę prowadzoną przez Prokuraturę Rejonową <xAnon>Ł.</xAnon> sygn. 1 Ds. 236/08, nie wiadomo, o jakie konkretnie oskarżenie chodzi. Dokładna treść akt sygn. 1 Ds. 236/08 wskazuje bowiem, iż chodzi prawdopodobnie o pismo oskarżonego noszące datę 2 października 2007 roku bądź 27 grudnia 2007 roku ( bądź jedno i drugie), a wskazany okres „styczeń-luty 2008 rok” to czas, w którym pismo (pisma) wpłynęło do tej jednostki. To również wymaga jednoznacznego ustalenia i doprecyzowania. Brak doprecyzowania poddaje w wątpliwość, czy dokonano jego oceny pod kątem art. 238 k.k. Ta sama uwaga dotyczy zarzutu wymienionego w punkcie VII aktu oskarżenia, przypisanego w niezmienionej postaci, co to daty popełnienia czynu przez sąd <xIx>meriti</xIx>. Z opisu czynu wynika, że chodzi o pismo oskarżonego z dnia 25 czerwca 2007 roku, jakie znalazło się w Prokuraturze Rejonowej w Opocznie w sprawie sygn. Ds. 1024/07. Dokładna analiza akt Ds. 1024/07 wskazuje, że z tej daty w sprawie nie ma w nich żadnego załączonego pisma. Jest natomiast zawiadomienie o popełnieniu przestępstwa z dnia 8 czerwca 2007 roku, które wpłynęło do KWP w <xAnon>Ł.</xAnon> w dniu 12 czerwca 2007 roku i które prawdopodobnie wpłynęło do Prokuratury Rejonowej w Opocznie w dniu 25 czerwca 2007r, na co wskazywałyby chronologia i treść merytoryczna postanowienia kończącego sprawę sygn. Ds. 1024/07. Nie ma jednak na żadnym z pism naniesionej daty wpływu lub w inny sposób uzewnętrznienia na dokumencie daty „25 czerwca 2007r.”. To również należy jednoznacznie potwierdzić i doprecyzować.</xText>
          <xText>W tym także miejscu, niejako na marginesie, należy zauważyć konieczność wyjaśnienia w przyszłości i przyjęcia jednoznacznego nazewnictwa miejscowości, w jakiej doszło do zdarzenia drogowego z udziałem <xAnon>R. (...)</xAnon>, albowiem w przypisanym czynie z punktu III aktu oskarżenia przyjęto, iż było to w <xAnon>B.</xAnon>, podczas gdy w czynach z punktów II, IV i V przyjęto, że miało to miejsce w miejscowości <xAnon>B.</xAnon>. Tymczasem inne okoliczności wskazują, że chodzi o jedno i to samo zdarzenie.</xText>
          
          <xText>Obok powyższych uwag, Sąd Okręgowy zważył, że w sprawie ujawniły się dodatkowo nowe okoliczności, które uzasadniają przyjęcie, iż wydane w sprawie orzeczenie jest przedwczesne.</xText>
          
          <xText>O powyższym uznaniu decyduje głównie brak jednoznacznego wyjaśnienia kwestii wpływu potwierdzonego przez biegłych psychiatrów, sposobu postrzegania rzeczywistości przez <xAnon>B. M. (1)</xAnon>, w kontekście zamiaru popełnienia przypisanych mu czynów. Biegli z jednej strony nie stwierdzili u oskarżonego podstaw do wyłączenia, czy choćby ograniczenia jego poczytalności w chwili popełnienia tych czynów, ale jednocześnie w sposób jednoznaczny i pewny, w swojej uzupełniającej opinii ustnej, stwierdzili, iż składając zeznania i pisząc pisma, o jakich mowa w akcie oskarżenia, <xAnon>B. M. (1)</xAnon> był przekonany, iż podaje w nich prawdę. Charakter czynów związanych ze składaniem fałszywych zeznań i fałszywego oskarżenia, wymagający wykazania po stronie sprawcy winy umyślnej, każe szczególnie wnikliwie zbadać tą kwestię. W świetle opinii psychiatrycznej oskarżony ma osobowość o cechach paranoidalnych. Poza innymi cechami opisującymi ten stan psychiczny, można uznać, że owa osobowość powoduje, iż oskarżony jest „oporny” na wszelakie merytoryczne argumenty innych osób, co zakłóca jego zdolność do właściwej oceny otaczającej go rzeczywistości. Sąd Okręgowy zważył tymczasem, że w ostatnich wyjaśnieniach, jakie <xAnon>B. M. (1)</xAnon> złożył w dniu 28 sierpnia 2013 roku, oskarżony po potwierdzeniu odczytanych mu wyjaśnień, składanych uprzednio dodał, a jednocześnie po raz pierwszy w tak jednoznaczny, prosty, stanowczy i wyraźny sposób stwierdził, że sporny protokół przesłuchania świadka <xAnon>M. K. (1)</xAnon>, którego ukrycie przypisywał wcześniej bezpośrednio lub pośrednio, ale zawsze pokrzywdzonemu <xAnon>R. D.</xAnon>, schował jednak „dyżurny <xAnon>K.</xAnon>”, a fakt, iż to oskarżony osobiście wpisał adnotacje dotyczącą wyłączenia materiałów dotyczących kolizji (czemu wcześniej zaprzeczał, bądź co przemilczał) wynikał ze wskazanych przez niego przepisów, zobowiązujących zastępującego Komendanta KP <xAnon>Z.</xAnon> do zachowania terminu 3 dni dla nadania biegu pismu. To powoduje, iż należy rozważyć, czy <xAnon>B. M. (1)</xAnon> potrafi jednak przyjąć do swojej świadomości określone, ujawnione dla otoczenia fakty, a wobec tego, czy wcześniejsze jego zachowania są świadomym fałszywym oskarżeniem osoby, z którą pozostaje w konflikcie.</xText>
          <xText>Należy bowiem zauważyć, że wyjaśnienia oskarżonego ewoluują i można domniemywać, że on sam jest jednak skłonny do logicznej analizy merytorycznych faktów i zmiany swojego punktu widzenia. Zapis w wyjaśnieniach <xAnon>B. M. (1)</xAnon>, wskazujący na trzydniowy termin obligujący oskarżonego – wykonującego wówczas czynności komendanta, do określonych w jego ocenie działań, wskazuje, iż oskarżony w tym kierunku prowadzi aktualnie swoją linię obrony, co do potwierdzonego osobistym uczynieniem przez siebie samego zapisków na dokumencie dotyczących polecenia wyłączenia materiałów. O tym, czy takie zaobserwowane zmiany - w zdolności <xAnon>B. M. (1)</xAnon> do przyjmowania argumentów, dostrzegania faktów i ich przetwarzania, mają jednak znaczenie dla końcowych wniosków biegłych dotyczących jego poczytalności ( czy też biegli już przed wydaniem ostatniej opinii ustnej zauważyli powyższe, co nie miało jednak związku na ich końcowe wnioski), winni wypowiedzieć się dodatkowo sami biegli, po przeanalizowaniu linii obrony <xAnon>B. M. (1)</xAnon>.</xText>
          <xText>Szczegółowa analiza zeznań i pism <xAnon>B. M. (1)</xAnon>wymienionych akcie oskarżenia wskazuje, że początkowo <xAnon>B. M. (1)</xAnon>tylko swojemu przełożonemu przypisywał np.: bezprawne wyłączenie części materiałów do odrębnego postępowania i również jego obwiniał o ukrycie protokołu przesłuchania <xAnon>M. K. (1)</xAnon>. Świadczą o tym przykładowo zeznania w/w, będące przedmiotem zarzutu z punktu II aktu oskarżenia z dnia 24 kwietnia 2006r., w których stwierdził: <xIx>„Jednym z pierwszych pociągnięć Komendanta było wyłączenie z RSD <xAnon>(...)</xAnon>do oddzielnego prowadzenia jako wykroczenie materiałów z tego dochodzenia</xIx>” (k.30 akt), czy zeznania w/w będące przedmiotem zarzutu z punktu III aktu oskarżenia z dnia 6 czerwca 2007r., zgodnie z którymi oskarżony zeznał: „<xIx> Wyłączył on </xIx>(<xAnon>D.</xAnon>) <xIx>z tej sprawy RSD <xAnon>(...)</xAnon>materiały do odrębnego postępowania pomimo, że nie było żadnego nowego wątku w sprawie. Według mnie wyłączenie było bezpodstawne”, „…<xAnon>D.</xAnon>popełnił tutaj przestępstwo ukrycia dokumentów</xIx>” (k.189-193). Tymczasem w swoich późniejszych zeznaniach z dnia 25 listopada 2008r. (opisanych w zarzucie z punktu VI aktu oskarżenia ) <xAnon>B. M. (1)</xAnon>nie zarzuca już konkretnie oskarżycielowi posiłkowemu, że to on ukrył dokumenty, choć nadal uważa, że to właśnie <xAnon>R. D.</xAnon>miał udział w celowym wyłączeniu materiałów w kierunku postępowania wykroczeniowego. W protokole tym znajduje się zapis „… <xIx>w materiałach nie było protokołu przesłuchania <xAnon>M. K.</xAnon></xIx>”, protokół ten „<xIx> ukryto</xIx>”, a potem go „<xIx> włożono</xIx>” – bez dalszego przypisania tych czynności konkretnym osobom ( k.59-64). W swoich wyjaśnieniach z toku postępowania przygotowawczego oskarżony w ogóle nie ustosunkowywał się do kwestii tego, dlaczego uważa, i czy nadal uważa, że to oskarżyciel posiłkowy ukrył jakiś dokument, albo w bezprawny sposób wyłączył jakieś materiały ( k.299-300, 307-310). Natomiast w swoich pierwszych wyjaśnieniach z toku postępowania sądowego podał, że : „…<xIx> Materiały zdawał mi z tej sprawy dyżurny <xAnon>A. K.</xAnon>. On schował protokół przesłuchania <xAnon>M. K. (1)</xAnon>. … Ja w późniejszym czasie ustaliłem, że dyżurny schował protokół przesłuchania <xAnon>K.</xAnon>… W dniu 02.06.2005r. w trzecim dniu nadzorowania tej sprawy komendant <xAnon>D.</xAnon>polecił mi prowadzić sprawę o wykroczenie. Nie chciałem tej sprawy prowadzić, powiedziałem, żeby sobie sam nadzorował te bzdury napisane…. Powiedział, że to polecenie służbowe. W materiałach, które otrzymałem 02.06.2005r. od <xAnon>D.</xAnon>nie było zeznań <xAnon>M. K. (1)</xAnon>. Były te same materiały, jakie dostałem od dyżurnego <xAnon>K.</xAnon>... Zmuszony poleceniem służbowym musiałem nadać bieg tej sprawie. Nadałem bieg o art. 86 § 1 k.w. jako jedyny możliwy w tej sprawie.. W dniu 06.06.2005r. poszedłem … do komendanta <xAnon>D.</xAnon>, aby mi dał protokół przesłuchania pani <xAnon>M.</xAnon>… nie dał mi tego protokołu… ja drugi raz się o ten protokół zwróciłem. Też odmówił.</xIx>” ( k.674) – tak więc nadal udowadniał bezprawne w jego ocenie i będące przestępstwem, zachowania swojego przełożonego. Składając wyjaśnienia w dniu 12 stycznia 2012r. oskarżony twierdził, że to podpis oskarżyciela posiłkowego widnieje na składanym przez siebie do akt dokumencie ( k.733), tymczasem takie dopiski znajdujące się na postanowieniu dotyczącym wyłączenia (k.718) i notatce urzędowej (k.703), zawierają widoczne podpisy o treści „<xAnon>B. M.</xAnon>”. Wyjaśniając w dniu 15 marca 2012 roku stwierdził, że „<xIx> Sprawcami ukrycia jest <xAnon>A. K.</xAnon>, <xAnon>R. D.</xAnon>i <xAnon>M.</xAnon></xIx>” (k.765). W ostatnich natomiast wyjaśnianiach, choć oskarżony potwierdził wersje przedstawiane uprzednio, stwierdził jednoznacznie, że to jednak on sam dokonał w karcie nadzoru zapisu dotyczącego konieczności wyłączenia materiałów dotyczących kolizji ale dlatego, że „<xIx> jest takie zarządzenie Komendanta Głównego Policji, że należy w ciągu 3 dni zarejestrować sprawę w systemie <xAnon>(...)</xAnon></xIx>(k.1022).</xText>
          <xText>Ponadto Sąd Okręgowy zważył, że w sytuacji ewentualnego podtrzymania wniosków końcowych przez biegłych psychiatrów, co do przekonań oskarżonego o prawdziwości swoich opinii, każdorazowo w datach składania zeznań i pism wymienionych w akcie oskarżenia, należy rozważyć, czy w niniejszej sprawie nie zachodzi sytuacja opisana w art. 28 § 1 k.k., a paranoiczne cechy osobowości stwierdzone u oskarżonego nie są czynnikiem subiektywnym powodującym zakłócenie procesu poznania rzeczywistości, uzasadniających występowanie po stronie sprawcy błędu, co do okoliczności faktycznych. Na takie ewentualne przyczyny przyjęcia błędu, co do okoliczności stanowiącej znamię popełnionego przez sprawcę czynu zabronionego, będącego wynikiem powstałych w umyśle sprawcy zakłócenia, na skutek ulegania silnym emocjom, wskazywał Sąd Najwyższy w postanowieniu z dnia 19 lutego 2003 roku w sprawie sygn. V KK 153/02 (OSNw SK 2003/1/375). Może się bowiem okazać, że deficyty poznawcze sprawcy nie posiadają podłoża w zaburzeniach psychicznych, ani nie dotyczą one sfery prawnej czynu, ale maja miejsce, a wówczas taka sytuacja winna z prawnokarnego punktu widzenia znaleźć odzwierciedlenie: <xIx>w kwalifikacji prawnokarnej opartej z reguły na błędzie, co do znamion czynu zabronionego, o których mowa w art. 28 § 1 lub § 2 k.k.</xIx> – tak <xAnon>A. G.</xAnon> „Psychologiczne kryteria oceny poczytalności sprawcy czynu zabronionego<xAnon> (...)</xAnon>.2012.3.58 teza nr 2 (<xAnon> (...)</xAnon>)</xText>
          <xText>Zdaniem Sądu Okręgowego dla oceny podmiotowej strony przestępstw (a głównie zamiaru ewentualnego) nie bez znaczenia jest także konieczność ustalenia i rozważenia, czy <xAnon>B. M. (1)</xAnon> składając inicjujące kolejne postępowanie zeznania, czy pisma ( o jakich mowa w punktach I-IX aktu oskarżenia), miał świadomość, o końcowym wyniku postępowania oskarżycielskiego prowadzonego w tym samym przedmiocie przez inną jednostkę prokuratury, czy sąd. Takich rozważań dotychczas nie poczyniono, a jest rzeczą logiczną, że nie mógł mieć owej świadomości inicjując pierwsze (czy też kilka z pierwszych ) postepowań.</xText>
          <xText>Wreszcie, co już poprzednio sygnalizował Sąd Okręgowy, należy odróżnić dopuszczalną ocenę (skargę) zawartą w piśmie kierowanym drogą służbową do przełożonego, od sytuacji fałszywych zeznań, czy fałszywego oskarżenia, wypełniającego dyspozycję przestępstwa. W tym zakresie należy ustalić i rozważyć, czy przykładowo zeznania, o jakich mowa w punkcie I aktu oskarżenia, nie są konsekwencją pisma oskarżonego z dnia 12 lutego 2006 roku, które spowodowało także jedno z postepowań dyscyplinarnych, a które, jak się wydaje (bo nie zostało to wyjaśnione) zostało przesłane dodatkowo do prokuratury i w konsekwencji spowodowało wezwanie <xAnon>B. M. (1)</xAnon> do złożenia przez niego zeznań w dniu 24 kwietnia 2006 roku. Po potwierdzeniu powyższej „drogi” pierwotnego zawiadomienia, należy szczegółowo odnieść ten fakt do oceny tego, jaki był zamiar oskarżonego, co do pisma założonego w dniu 12 lutego 2006 roku.</xText>
          <xText>Reasumując: w racji ilości i jakości stwierdzonych uchybień procesowych, zaskarżony wyrok należało uchylić i sprawę przekazać do ponownego rozpoznania.</xText>
          <xText>Przy ponownym rozpoznawaniu sprawy Sąd Rejonowy winien w szczególności:</xText>
          <xText>- dopuścić dowód z uzupełniającej opinii biegłych, sygnalizując potrzebę uprzedniego zapoznania się biegłych z treścią wyjaśnień <xAnon>B. M. (1)</xAnon>, w kontekście prezentowanej w toku całego procesu linii obrony oraz świadomości oskarżonego o końcowych wynikach postępowań inicjowanych wcześniej przez oskarżonego, co do tych samych zarzutów stawianych oskarżycielowi posiłkowemu, pod kątem ewentualnego wpływu na wnioski końcowe biegłych, prezentowanej przez oskarżonego linii obrony i refleksji, którą - jak się wydaje - oskarżony jednak wyciąga,</xText>
          <xText>- przesłuchać w charakterze świadków funkcjonariuszy policji i innych, którzy byli obecni podczas poszczególnych czynności dokonywanych przez oskarżonego i pokrzywdzonego, a które to czynności zdaniem oskarżonego miały charakter przestępczy ( <xAnon>J. Ż. (1)</xAnon>, <xAnon>J. Ż. (2)</xAnon>, <xAnon>M. N.</xAnon>, <xAnon>W.</xAnon>, <xAnon>Ł. P.</xAnon>, <xAnon>W. P.</xAnon>, <xAnon>A. K.</xAnon> i <xAnon>D. M.</xAnon> , (ostatni dodatkowo - po okazaniu mu własnych zeznań akt wskazanych w pisemnym uzasadnieniu wyroku SO wydanych przy poprzednim jego wyroku ),</xText>
          <xText>- ustaleniu, załączeniu i rozważeniu, pod katem uwag podniesionych powyżej, dokładnej treści pism inicjujących każde z postępowań wymienionych w punktach VIII i IX aktu oskarżenia,</xText>
          <xText>- ewentualnie przeprowadzić inne dowody, który potrzeba ujawni się w toku ponownego postepowania dowodowego.</xText>
          <xText>Mając na uwadze powyższe, orzeczono jak w części dyspozytywnej orzeczenia.</xText>
        </xUnit>
      </xBlock>
    </xPart>
  </judgement>
<judgement id="155025000002006_IV_Ka_000060_2014_Uz_2014-03-18_001">
    <xPart xEditorFullName="Bogumiła Skrzypek" xYear="2014" xLang="PL" xPublisherFullName="Bogumiła Skrzypek" xFromPg="1" xEditor="bskrzypek" xVolType="15/502500/0002006/Ka" xPublisher="bskrzypek" xDocType="Uz" xVolNmbr="000060" xVersion="1.0" xToPage="2" xFlag="published">
      <xName>Wyrok+Uzasadnienie</xName>
      <xBlock>
        <xText>
          <xBx>Sygn. akt. IV Ka 60/14</xBx>
        </xText>
        <xUnit xIsTitle="true" xType="part" xBold="true">
          <xName>WYROK</xName>
          <xTitle>W IMIENIU RZECZYPOSPOLITEJ POLSKIEJ</xTitle>
          <xText xALIGNx="right"><xBx>Dnia 4 marca 2014r</xBx>.</xText>
          <xText>
            <xBx>Sąd Okręgowy we Wrocławiu Wydział IV Karny Odwoławczy w składzie:</xBx>
          </xText>
          <xText>
            <xBx>Przewodniczący  SSO  Aleksander Ostrowski </xBx>
          </xText>
          <xText>
            <xBx>Sędziowie  SSO  Agata Regulska (spr.)</xBx>
          </xText>
          <xText>
            <xBx>SSO Joanna Żelazny </xBx>
          </xText>
          <xText>Protokolant   Jowita Sierańska</xText>
          <xText>przy udziale Leszka Karpiny Prokuratora Prokuratury Okręgowej</xText>
          <xText>po rozpoznaniu w dniu 4 marca 2014r.</xText>
          <xText>sprawy <xBx><xAnon>K. S.</xAnon></xBx></xText>
          <xText>oskarżonego z <xLexLink xArt="art. 177;art. 177 § 1" xIsapId="WDU19970880553" xTitle="Ustawa z dnia 6 czerwca 1997 r. - Kodeks karny" xAddress="Dz. U. z 1997 r. Nr 88, poz. 553">art. 177 § 1 k.k.</xLexLink></xText>
          <xText>na skutek apelacji wniesionej przez oskarżyciela posiłkowego <xAnon>A. M.</xAnon></xText>
          <xText>od wyroku Sądu Rejonowego dla Wrocławia – Śródmieścia</xText>
          <xText>z dnia 6 listopada 2013 roku   sygn. akt II K 659/12</xText>
          
          <xText>
            <xBx>uchyla zaskarżony wyrok i sprawę przekazuje Sądowi Rejonowemu dla Wrocławia – Śródmieścia do ponownego rozpoznania.</xBx>
          </xText>
          
          <xText>Sygn. akt IVKa 60/14</xText>
        </xUnit>
        <xUnit xIsTitle="true" xType="part" xBold="true">
          <xName>UZASADNIENIE</xName>
          <xText>
            <xBx>Prokuratura Rejonowa dla Wrocławia – Śródmieścia oskarżyła <xAnon>K. S.</xAnon> o to, że:</xBx>
          </xText>
          <xText>w dniu 10 września 2011 roku we <xAnon>W.</xAnon> nieumyślnie naruszył zasady bezpieczeństwa w ruchu lądowym w ten sposób, że kierując samochodem osobowym marki <xAnon>M.</xAnon><xAnon>nr rej. (...)</xAnon> jechał <xAnon>ul. (...)</xAnon> od strony <xAnon>Mostu S.</xAnon> i, zbliżając się do skrzyżowania z <xAnon>ul. (...)</xAnon> oraz do przejścia dla pieszych nie zachował szczególnej ostrożności a zwłaszcza nie dostosował prędkości do panujących warunków drogowych w wyniku czego potrącił <xAnon>A. M.</xAnon>, który kierując rowerem, przejeżdżał przez jezdnię <xAnon>ul. (...)</xAnon> na oznaczonym przejściu dla pieszych z lewej strony na prawą w stosunku do kierunku jazdy w/w pojazdu czym spowodował u <xAnon>A. M.</xAnon> złamanie obu łuków szóstego kręgu szyjnego z podwichnięciem pomiędzy szóstym i siódmym kręgiem szyjnym, nadłamanie siódmego kręgu szyjnego, wstrząśnienie mózgu, stłuczenie miednicy, okolicy lędźwiowo - krzyżowej i klatki piersiowej po stronie lewej, głębokie otarcia skóry głowy i okolicy lędźwiowo - krzyżowej, otarcia naskórka twarzy, szyi, barku po stronie prawej oraz zewnętrznej powierzchni uda, kolana i podudzia prawego, co spowodowało naruszenie czynności narządów ciała <xAnon>A. M.</xAnon> trwające dłużej niż 7 dni,</xText>
          <xText>
            <xBx>- tj. o czyn z <xLexLink xArt="art. 177;art. 177 § 1" xIsapId="WDU19970880553" xTitle="Ustawa z dnia 6 czerwca 1997 r. - Kodeks karny" xAddress="Dz. U. z 1997 r. Nr 88, poz. 553">art. 177  §  1 k.k.</xLexLink></xBx>
          </xText>
          
          <xText>
            <xBx>Wyrokiem z dnia 6 listopada 2013r. (sygnatura akt: IIK659/12) Sąd Rejonowy dla Wrocławia – Śródmieścia:</xBx>
          </xText>
          
          <xUnit xIsTitle="false" xType="none">
            <xName xSffx=")">I</xName>
            <xText>uniewinnił oskarżonego <xAnon>K. S.</xAnon> od czynu opisanego w części wstępnej wyroku;</xText>
          </xUnit>
          
          <xUnit xIsTitle="false" xType="none">
            <xName xSffx=")">II</xName>
            <xText>na podstawie <xLexLink xArt="art. 632;art. 632 pkt. 1" xIsapId="WDU19970890555" xTitle="Ustawa z dnia 6 czerwca 1997 r. - Kodeks postępowania karnego" xAddress="Dz. U. z 1997 r. Nr 89, poz. 555">art. 632 pkt 1 k.p.k.</xLexLink> kosztami procesu obciążył Skarb Państwa.</xText>
          </xUnit>
          
          <xText>
            <xBx>Apelację od powyższego wyroku wywiódł oskarżyciel posiłkowy osobiście. </xBx>
          </xText>
          <xText>W piśmie swym nie określił szczegółowo zarzutów stawianych Sądowi I instancji Z treści uzasadnienia apelacji wynika, iż kwestionował on prawidłowość dokonanej przez Sąd Orzekający oceny materiału dowodowego zgromadzonego w sprawie i przyjętych w jej wyniku ustaleń, że wyłączną winę za zdarzenie ponosi pokrzywdzony. Apelujący utrzymywał, że uzasadnienie orzeczenia nie uwzględnia wszystkich okoliczności zdarzenia i zawiera ich nieprawidłową interpretację.</xText>
          <xText>Wobec powyższego apelujący wniósł o uchylenie zaskarżonego orzeczenia i przekazanie sprawy do ponownego rozpoznania Sądowi I instancji.</xText>
          
          <xText>
            <xBx>
              <xUx>Sąd Okręgowy zważył co następuje.</xUx>
            </xBx>
          </xText>
          <xText>Apelacja oskarżyciela posiłkowego zasługiwała na uwzględnienie.</xText>
          <xText>Analiza uzasadnienia wyroku, wskazanych tam przesłanek rodzi istotne wątpliwości, co do merytorycznej trafności rozstrzygnięcia. Uzasadnienie orzeczenia pozostaje bowiem wewnętrznie sprzeczne, a ocena dowodów przeprowadzona przez Sąd I instancji razi dowolnością. Całość konstatacji Sądu Rejonowego pozostaje w sprzeczności z zasadami logicznego rozumowania.</xText>
          <xText>Sąd Rejonowy wskazując w treści uzasadnienia na dowody, które stały się podstawą dokonanych ustaleń faktycznych podał, że były nimi „po części” zeznania świadków – <xAnon>D. K.</xAnon>, <xAnon>M. Ł. (1)</xAnon>, <xAnon>F. C.</xAnon>, <xAnon>W. S.</xAnon>, <xAnon>K.</xAnon> i <xAnon>A. K.</xAnon> oraz <xAnon>M. A. (1)</xAnon>. Wskazał również, że w/w świadkowie nie potrafili podać istotnych szczegółów dotyczących przebiegu wypadku (z jaką prędkością poruszał się pokrzywdzony i samochód kierowany przez oskarżonego przed zdarzeniem, w jakiej odległości znajdował się samochód w chwili, gdy pokrzywdzony wjeżdżał na przejście dla pieszych i po jakim czasie od wkroczenia rowerzysty na jezdnię został on potrącony). Powyższe stwierdzenie Sądu orzekającego okazuje się jednak w odniesieniu do większości świadków nieprawdziwe i to już w świetle dalszej części uzasadnienia Sądu Rejonowego, przytaczającego treść poszczególnych relacji. W pierwszej kolejności należy wskazać, że zarówno <xAnon>D. K.</xAnon> jak i <xAnon>M. Ł. (1)</xAnon> zeznając w sprawie określali prędkość, z którą poruszał się pojazd kierowany przez oskarżonego, zeznając odpowiednio, że było to nie więcej niż 50 km/h (<xAnon>D. K.</xAnon>) i około 40 km/h (<xAnon>M. Ł. (1)</xAnon>). O tym, że nie potrafili wskazać szczegółów zdarzenia z pewnością nie można było powiedzieć o świadkach <xAnon>K. K. (2)</xAnon>, <xAnon>A. K.</xAnon> i <xAnon>M. A. (1)</xAnon>. Osoby te w sposób szczegółowy opisały przebieg zdarzenia, określając te dane, które to przez Sąd I instancji zostały uznane za szczególnie istotne. Jakkolwiek żaden z w/w świadków nie był bezpośrednim świadkiem wypadku to przyjęcie za prawdziwe okoliczności przez nich podawanych odnośnie sposobu uzyskania wiedzy o jego przebiegu ( a tak przecież przyjął Sąd Rejonowy), niewątpliwie czyni z zeznań tych dowody o wyjątkowej wadze. Tymczasem ocena wiarygodności informacji podawanych przez <xAnon>K. K. (2)</xAnon>, <xAnon>A. K.</xAnon> oraz <xAnon>M. A. (1)</xAnon> dokonana przez Sąd Orzekający pozostaje niezrozumiała, a wnioski wyprowadzone z analizy ich treści (o możliwości uznania za przydatne dla ustaleń jedynie części ich wypowiedzi) nie zostały należycie uzasadnione, a co za tym idzie jawią się jako dowolne.</xText>
          <xText>Sąd Rejonowy przyznał, iż do relacji w/w osób podszedł z dużą ostrożnością, mając na uwadze zarówno to, że nie byli oni bezpośrednimi świadkami zdarzenia, jak również okoliczność niedoskonałej jakości nagrania z kamer monitoringu. Jakkolwiek, co niewątpliwe, <xAnon>K.</xAnon> i <xAnon>A. K.</xAnon> oraz <xAnon>M. A. (1)</xAnon>, nie obserwowali zdarzenie w jego czasie rzeczywistym, to oglądając nagrania z monitoringu (a tak przecież przyjął Sąd I instancji) faktycznie widzieli jego przebieg. Co więcej, mieli możliwość obejrzenia zdarzenia wielokrotnie, dokładnie i możliwość tą ( jak zeznali ) wykorzystali, co przecież w odniesieniu do pewności spostrzeżeń daje im przewagę nad przypadkowymi naocznymi świadkami zdarzeń, obserwującymi je z zaskoczenia. Jakkolwiek świadkowie przyznali, że jakość zapisu nie była zbyt dobra, to nie wskazywali, by mieli wątpliwości odnośnie podawanych przez siebie faktów. Każdy z nich zaobserwował, że rowerzysta przed wjazdem na przejście dla pieszych zatrzymał się i przez chwilę stał, czekając na dogodny moment na przekroczenie ulicy, do uderzenia przez nadjeżdżający pojazd doszło, w momencie gdy rowerzysta znajdował się przy krawędzi jezdni do której zmierzał, zaś w chwili gdy pokrzywdzony wjeżdżał na pasy samochód znajdował się na wysokości pierwszego drzewa przed wcześniejszym przejściem dla pieszych dla kierunku jazdy samochodu, przed <xAnon>skrzyżowaniem ulic (...)</xAnon>. W ocenie Sądu Odwoławczego nielogiczną jest argumentacja Sądu I instancji odnośnie możliwości przyjęcia za fakt jedynie części spostrzeżeń w/w świadków ( zatrzymania się rowerzysty przed przejściem) zaś w pozostałym istotnym zakresie uznanie zeznań za niewiarygodne. Stopień trudności spostrzeżenia stojącego przed przejściem dla pieszych rowerzysty, wbrew twierdzeniu Sądu Rejonowego, pozostaje bowiem zbliżony do tego jaki towarzyszy zaobserwowaniu miejsca znajdowania się pojazdu w chwili wjazdu roweru na przejście, mając na uwadze fakt, iż podstawą są te same nagrania video. Uzasadniając odmowę uznania zeznań świadków za wiarygodne w zakresie określenia usytuowania pojazdu w chwili wjazdu roweru na przejście Sąd I instancji wskazał także, że świadkowie czynili swoje spostrzeżenia na podstawie zapisu monitoringu, który obecnie nie istnieje. Argument ten pozostaje zupełnie niezrozumiały mając na uwadze, że powyższe dotyczy przecież w takim samym stopniu okoliczności podawanej przez świadków (zatrzymania się pokrzywdzonego przed pasami), którą Sąd Rejonowy uznał za fakt.</xText>
          <xText>Sąd Odwoławczy zauważa również, że dokonując ustaleń faktycznych odnośnie przebiegu zdarzenia, Sąd orzekający nie przywołał jako ich podstawy dowodów w postaci zeznań <xAnon>K.</xAnon> i <xAnon>A. K.</xAnon> oraz <xAnon>M. A. (1)</xAnon> w części uznanej za wiarygodną. Jako podstawę ustalenia faktu zatrzymania się pokrzywdzonego przed pasami oraz odległości, w jakiej znajdował się pojazd kierowany przez oskarżonego w chwili wjazdu pokrzywdzonego na przejście, Sąd Rejonowy wskazał ekspertyzę wykonaną przez biegłych z Instytutu Ekspertyz Sądowych im. prof. dra <xAnon>J. S.</xAnon> w <xAnon>K.</xAnon>, która to przecież w powyższym zakresie (też odnośnie odległości) opierała się na zeznaniach osób obserwujących zdarzenie na nagraniu z monitoringu i to w części zakwestionowanej przez Sąd orzekający.</xText>
          <xText>Jak wynika z treści uzasadnienia zaskarżonego orzeczenia w/w opinia sporządzona przez biegłych <xAnon>M. A. (2)</xAnon> i <xAnon>C. Ż.</xAnon> została uznana przez Sąd I instancji za najbardziej rzetelną ze wszystkich trzech opinii przeprowadzonych w sprawie. Sąd ten wskazał wprost, że „w sposób najbardziej precyzyjny dawała odpowiedź na to, w jaki sposób doszło do wypadku i jak zachowywali się jego uczestnicy tuż przed zdarzeniem”, zawierając jasną i rzetelną analizę okoliczności zdarzenia. Sąd Rejonowy opisując istotne ustalenia w/w biegłych wskazał, że w oparciu o nie (jak również zbieżne z nimi ustalenia dokonane przez inny zespół biegłych – <xAnon>A. D.</xAnon> i <xAnon>M. Ł. (2)</xAnon>) przyjął, iż prędkość pojazdu kierowanego przez oskarżonego w chwili uderzenia wynosiła około 54- 56 km/h ( ustalona m.in. w oparciu o ślady blokowania kół samochodu), prędkość jazdy pokrzywdzonego w tym momencie oscylowała w granicach 10 – 12 km/h (choć w treści ustaleń faktycznych wskazano wartość 2,5 m/s), a co za tym idzie na pokonanie odcinka od wjazdu na przejście do miejsca uderzenia, pokrzywdzony potrzebował czasu w rozmiarze 2,8 sekundy. Co więcej, Sąd I instancji oceniając opinię biegłych nie zakwestionował prawidłowości przyjętych przez nich danych odnośnie odległości samochodu od miejsca zdarzenia w chwili, gdy rowerzysta wjeżdżał na pasy (w ustaleniach faktycznych przyjął, że była to odległość 43,1 metra, a samochód znajdował się wówczas na obszarze, gdzie obowiązywało ograniczenie prędkości jazdy do 40 km/h), ani też odległości (14,5 m), w jakiej był pojazd, w czasie rozpoznania zagrożenia przez oskarżonego. Sąd Rejonowy, co szczególnie istotne, zaakceptował wywiedziony z powyższego wniosek o tym, że oskarżony zareagował na obecność rowerzysty na przejściu z opóźnieniem rzędu 1,8 sekundy. W ocenie biegłych <xAnon>C. Ż.</xAnon> i <xAnon>M. A. (2)</xAnon> reakcja oskarżonego bez opóźnienia, nawet pomimo jazdy z prędkością wyższą niż dozwolona, umożliwiła by mu zatrzymanie pojazdu przed miejscem wypadku.</xText>
          <xText>Mając na uwadze ocenę opinii biegłych dokonaną przez Sąd Rejonowy zupełnie niezrozumiałą pozostaje decyzja o uniewinnieniu oskarżonego od zarzuconego mu przestępstwa. Oba zespoły biegłych opiniujące w sprawie wskazały bowiem we wnioskach końcowych opinii, wywiedzionych w oparciu o dane, których Sąd I instancji przecież nie kwestionował, że choć niewątpliwie pokrzywdzony spowodował wystąpienie zagrożenia bezpieczeństwa na drodze, to kierujący <xAnon>M.</xAnon> oskarżony przyczynił się do wypadku, którego to mógł uniknąć przestrzegając zasad bezpieczeństwa w ruchu drogowym. Sąd I instancji uzasadniając uniewinnienie wskazał wprost, że „prawdą jest , że oskarżony jechał za szybko i tym samym pozbawił się możliwości uniknięcia zderzenia z pokrzywdzonym”, a winę oskarżonego wykluczył jedynie przez stwierdzenie, że sytuację wypadkową wytworzył kierujący rowerem pokrzywdzony. Zdumiewającym jest przy tym stwierdzenie, którym to decyzję o uniewinnieniu uzasadniono, że „niezależnie od tego, czy oskarżony jechałby z prędkością dozwoloną i czy na obecność pokrzywdzonego na drodze zareagowałby z opóźnieniem, czy też nie – musiałby hamować w celu uniknięcia zderzenia z jadącym rowerem pokrzywdzonym <xAnon>A. M.</xAnon>”.</xText>
          <xText>Jedynym biegłym, który wariant przyczynienie się oskarżonego do zdarzenia uznał za małoprawdopodobny był <xAnon>T. I.</xAnon>, lecz założenia wykonanej przez niego opinii Sąd Rejonowy w istotnym zakresie poddawał w wątpliwość, a dowód ten posłużył Sądowi orzekającego jedynie częściowo do czynienia ustaleń faktycznych. Nie uznał bowiem argumentów biegłego odnoszących się do stwierdzenia, że ślady hamowania ujawnione po wypadku nie należały do pojazdu kierowanego przez oskarżonego, a co za tym idzie zasadności oparcia się w tym zakresie na treści wyjaśnień oskarżonego. Jakkolwiek Sąd I instancji zaakceptował pogląd tego właśnie biegłego odnośnie definicji skrzyżowania to już dalsza część uzasadnia Sądu przekonuje, że nie miało to dla niego większego znaczenia. Wskazał bowiem, że „gdyby oskarżony w miejscu gdzie obowiązywało go ograniczenie prędkości do 40 km/h, rzeczywiście jechał z taką prędkością, przebieg i skutki wypadku z dnia 10 września 2011r. byłyby inne”. Wskazał również na rację biegłego <xAnon>I.</xAnon> w odniesieniu do stwierdzenia, iż pokrzywdzony poruszał się na skrzyżowaniu z dużą prędkością, by następnie z pełnym przekonaniem stwierdzić, że to biegli <xAnon>M. A. (2)</xAnon> i <xAnon>C. Ż.</xAnon> w sposób najbardziej rzetelny ustalili m in. prędkość roweru, którym jechał pokrzywdzony (a prędkość ta według nich wynosiła 10-12 km/h i została określona jako „wolna prędkość jazdy rowerem”).</xText>
          <xText>Reasumując, powyższe uchybienia Sądu Rejonowego, w zakresie oceny materiału dowodowego w sprawie, należało uznać za tak istotne, że uzasadniały uchylenie zaskarżonego orzeczenia i przekazanie sprawy do ponownego rozpoznania Sądowi I instancji.</xText>
          <xText>Rozpoznając sprawę ponownie, Sąd Rejonowy przeprowadzi postępowanie, bacząc o wyjaśnienie wszystkich okoliczności istotnych dla rozstrzygnięcia sprawy, mając na uwadze także kwestie wskazywane w treści apelacji przez oskarżyciela posiłkowego.. Przydatnym może okazać się ponowne wezwanie na rozprawę opiniujących w sprawie biegłych w celu wyjaśnienia przyczyn rozbieżności w treści sporządzonych przez nich opinii. Sąd rozważy wiarygodność wszystkich przeprowadzonych dowodów, konfrontując je ze sobą, przy zachowaniu należytej staranności i wnikliwości, z uwzględnieniem wskazań logiki i doświadczenia życiowego. W oparciu o prawidłowo dokonaną ocenę dowodów Sąd Rejonowy na nowo ustali przebieg zdarzenia stanowiącego przedmiot postępowania, zanalizuje szczegółowo zachowanie uczestników zdarzenia, a następnie oceni czy w świetle dokonanych ustaleń faktycznych można w sposób niewątpliwy przypisać oskarżonemu <xAnon>K. S.</xAnon> winę i sprawstwo w odniesieniu do zarzuconego mu aktem oskarżenia przestępstwa.</xText>
          <xText>Mając powyższe na względzie, po myśli <xLexLink xArt="art. 438;art. 438 pkt. 2" xIsapId="WDU19970890555" xTitle="Ustawa z dnia 6 czerwca 1997 r. - Kodeks postępowania karnego" xAddress="Dz. U. z 1997 r. Nr 89, poz. 555">art. 438 pkt 2 k.p.k.</xLexLink> orzeczono jak na wstępie.</xText>
        </xUnit>
      </xBlock>
    </xPart>
  </judgement>
<judgement id="150515000003009_VI_RCa_000212_2013_Uz_2014-04-11_001">
    <xPart xEditorFullName="Anna Greifenberg - Krupa" xYear="2013" xLang="PL" xPublisherFullName="Joanna Siwińska" xFromPg="1" xEditor="anna.greifenberg@olsztyn.so.gov.pl" xVolType="15/051500/0003009/RCa" xPublisher="joanna.siwinska@olsztyn.so.gov.pl" xDocType="Uz" xVolNmbr="000212" xVersion="1.0" xToPage="3" xFlag="published">
      <xName>Wyrok+Uzasadnienie</xName>
      <xBlock>
        <xText>Sygn. akt <xBx>VI RCa 212/13</xBx></xText>
        <xUnit xIsTitle="true" xType="part" xBold="true">
          <xName>WYROK</xName>
          <xTitle>W IMIENIU RZECZYPOSPOLITEJ POLSKIEJ</xTitle>
          <xText>Dnia 5 marca 2014 roku</xText>
          
          <xText>
            <xBx>Sąd Okręgowy w Olsztynie VI Wydział Cywilny Rodzinny w składzie:</xBx>
          </xText>
          <xText>
            <xBx>Przewodniczący: SSO Ewa Błesińska</xBx>
          </xText>
          <xText>
            <xBx> Sędziowie: SO Jolanta Biernat-Kalinowska </xBx>
          </xText>
          <xText>
            <xBx> SR del do SO Marek Maculewicz (spr.)</xBx>
          </xText>
          <xText><xBx> Protokolant:</xBx> sekretarz sądowy Joanna Niedzielska</xText>
          <xText>po rozpoznaniu w dniu 5 marca 2014 roku w Olsztynie</xText>
          <xText>na rozprawie</xText>
          <xText>sprawy z powództwa <xBx><xAnon>W. B.</xAnon></xBx></xText>
          <xText>przeciwko <xBx/><xAnon>A. B.</xAnon></xText>
          <xText>
            <xBx>o pozbawienie tytułu wykonawczego wykonalności</xBx>
          </xText>
          <xText>na skutek apelacji powoda</xText>
          <xText>od wyroku Sądu Rejonowego w Szczytnie VIII Zamiejscowy Wydział Rodzinny i Nieletnich z siedzibą w Piszu</xText>
          <xText>z dnia 9 maja 2013 roku</xText>
          <xText>sygn. akt VIII RC 6/13</xText>
          
          <xUnit xIsTitle="false" xType="none">
            <xName xSffx=".">I</xName>
            <xText>Apelację oddala.</xText>
          </xUnit>
          <xUnit xIsTitle="false" xType="none">
            <xName xSffx=".">II</xName>
            <xText>Przyznaje pełnomocnikowi adwokatowi <xAnon>T. T.</xAnon>wynagrodzenie ze Skarbu Państwa (kasy Sądu Rejonowego w Szczytnie) w wysokości 1200 zł (tysiąc dwieście złotych) powiększone o podatek od towarów i usług w wysokości 23 % tytułem nieopłaconej pomocy prawnej udzielonej urzędu pozwanej <xAnon>A. B.</xAnon>w postępowaniu odwoławczym.</xText>
          </xUnit>
          
          <xText>Sygn. akt VI RCa212/13</xText>
        </xUnit>
        <xUnit xIsTitle="true" xType="part" xBold="true">
          <xName>UZASADNIENIE</xName>
          <xText><xBx>Powód <xAnon>W. B.</xAnon></xBx>wniósł o pozbawienie w całości wykonalności wyroków zaocznych Sądu Rejonowego w Białymstoku z dnia 25 czerwca 2003 r. w sprawie V RC 154/03, zaopatrzonego w klauzulę wykonalności dnia 27 czerwca 2003 r. i Sądu Rejonowego dla Warszawy – Mokotowa w Warszawie z dnia 08 listopada 2005 r., zaopatrzonego w klauzulę wykonalności dnia 21 marca 2007 r., zasądzających od powoda na rzecz <xBx>pozwanej <xAnon>A. B.</xAnon></xBx>alimenty. Wniósł też o zasądzenie od pozwanej kosztów procesu wg norm przepisanych. W uzasadnieniu pozwu wskazał, że alimenty za okres od 18 marca 2003 r. do 04 września 2006 r. zapłacił w całości w okresie od 06 grudnia 2003 r. do 03 sierpnia 2007 r. tytułem bieżących i zaległych alimentów, wpłacając w sumie 31257 zł. Podał, iż alimenty za ten okres wyniosły w sumie 26700 zł, a on wpłacił 1200 dolarów USA (06.12.2003 r.), 4500 dolarów USA (18.01.2004 r.), 1300 dolarów USA (01.08.2006 r.), 1000 dolarów USA (24.02.2006 r.) oraz kwotę 2035 zł za pośrednictwem komornika. Pomimo tego pozwana egzekwuje należność w wysokości 17636 zł z odsetkami, zaś komornik dokonał zajęcia należącej do niego nieruchomości.</xText>
          
          <xText><xBx>Pozwana <xAnon>A. B.</xAnon></xBx>wniosła o oddalenie powództwa w całości oraz o zasądzenie od powoda na jej rzecz kosztów postępowania. Wskazała, iż należność główna z tytułu alimentów zasądzonych na jej rzecz, wynosiła 33139 zł, natomiast powód wpłacił 18347 zł, zaś dodatkowo należą jej się odsetki ustawowe, koszty komornika i biegłego, a zatem łączna wartość alimentów na dzień 01 stycznia 2012 r. wyniosła 55206 zł. Pozwana podała, że powód w swych wyliczeniach nie uwzględnił odsetek za nieterminowe wpłaty. A nadto, że wymagalność alimentów na jej rzecz i syna <xAnon>D.</xAnon>skończyła się 04 września 2006 r., gdyż po tej dacie powód był zobowiązany do płacenia alimentów na rzecz syna bezpośrednio jemu i dlatego przedstawione dowody wpłat z 2007, 2009 i 2010 r. dotyczą wpłat dokonanych bezpośrednio pełnoletniemu synowi. Jeśli chodzi o oświadczenie córki <xAnon>M.</xAnon>, to podała, że otrzymała od niej kwoty po 500 USD dwukrotnie, po jej powrocie z USA, ale dotyczyły one lat 2001 oraz 2002 i za każdym razem kwitowała je podpisem. Z przekazu opiewającego na kwotę 4500 USD, 1200 USD zostało przekazane na czesne córki. Przekaz z 06 grudnia 2003 r. tylko w wysokości 550 USD zaliczono na alimenty, reszta, tj. kwota 650 USD była wpłatą dobrowolną na zakup biletu dla syna na wyjazd do USA. Z kwoty wpłaconej komornikowi 03 sierpnia 2007 r. otrzymała 4000 zł, reszta była przekazana przez komornika przekazem pocztowym dla syna <xAnon>D.</xAnon>.</xText>
          
          <xText>Sąd Rejonowy w Szczytnie VIII Zamiejscowy Wydział Rodzinny i Nieletnich z siedzibą w Piszu wyrokiem z dnia 09 maja 2013 r. w sprawie VIII RC 6/13 pozbawił wykonalności wyrok zaoczny Sądu Rejonowego w Białymstoku z dnia 25 czerwca 2003 r. wydany w sprawie V RC 154/03, w części zasądzającej od <xAnon>W. B.</xAnon>na rzecz <xAnon>A. B.</xAnon>tytułem alimentów od dnia 18 marca 2003 r. kwotę po 500 zł miesięcznie płatną z góry do 10-go każdego miesiąca z ustawowymi odsetkami w przypadku uchybienia w płatności rat alimentacyjnych. Pozbawił też wykonalności wyrok zaoczny Sądu Rejonowego dla Warszawy – Mokotowa w Warszawie wydany w sprawie V RC 78/05, podwyższający z dniem 09 lutego 2005 r. alimenty od <xAnon>W. B.</xAnon>na rzecz <xAnon>A. B.</xAnon>z kwoty po 500 zł do kwoty po 800 zł oraz na rzecz <xAnon>D. B.</xAnon>z kwoty po 500 zł do kwoty po 850 zł płatne z góry do 10-go każdego miesiąca z ustawowymi odsetkami w razie zwłoki w płatności rat, w części obejmującej obowiązek alimentacyjny na rzecz <xAnon>A. B.</xAnon>ponad kwotę 12.340,30 zł oraz ponad ustawowe odsetki od kwot:</xText>
          <xText>a. 5.833,64zł od dnia 04 sierpnia 2006 r. do dnia zapłaty,</xText>
          <xText>b. 5600,00 zł od dnia 02 sierpnia 2006 r. do dnia zapłaty,</xText>
          <xText>c. 800,00 zł od dnia 11 sierpnia 2006 r. do dnia zapłaty,</xText>
          <xText>d. 106,66 zł od dnia 04 września 2006 r. do dnia zapłaty.</xText>
          <xText>Sąd Rejonowy oddalił powództwo w pozostałym zakresie, koszty procesu między stronami wzajemnie zniósł, przyznał adw. <xAnon>T. T.</xAnon>od Skarbu Państwa kwotę wynagrodzenie tytułem nieopłaconych kosztów pomocy prawnej udzielonej pozwanej <xAnon>A. B.</xAnon>z urzędu.</xText>
          <xText>Sąd ten ustalił, że dnia 25 czerwca 2003 r. Sąd Rejonowy w Białymstoku w sprawie V RC 154/03 zasądził od <xAnon>W. B.</xAnon>na rzecz <xAnon>A. B.</xAnon>kwotę 500 zł tytułem alimentów płatnych miesięcznie od 18 marca 2003 r. do 10-go każdego miesiąca z odsetkami w wysokości 13 % w stosunku rocznym w przypadku uchybienia w płatności rat alimentacyjnych, a w razie zmiany oprocentowania w przyszłości z odsetkami w ustawowej wysokości.</xText>
          <xText>Wyrokiem zaocznym z dnia 08 listopada 2005 r. Sąd Rejonowy dla Warszawy – Mokotowa w Warszawie w sprawie V RC 78/05 podwyższył z dniem 09 lutego 2005 r. alimenty zasądzone wyrokiem Sądu Okręgowego w Białymstoku z 25 czerwca 2003 r. na rzecz <xAnon>D. B.</xAnon>do kwoty po 850 zł miesięcznie oraz na rzecz <xAnon>A. B.</xAnon>, ostatnio ustalonych wyrokiem Sądu Rejonowego w Białymstoku z 25 czerwca 2003 r., do kwoty po 800 zł miesięcznie, płatne z góry do 10-go każdego miesiąca, płatne do rąk <xAnon>A. B.</xAnon>z ustawowymi odsetkami w razie zwłoki w płatności rat.</xText>
          <xText>Powód przekazywał pozwanej kwoty w dolarach amerykańskich w tytule przekazów wskazując:</xText>
          <xUnit xIsTitle="false" xType="none">
            <xName xSffx=".">1</xName>
            <xText>„alimenty za rok 2003” w dniu 06.12.2003 r. w wysokości 1200 USD,</xText>
          </xUnit>
          <xUnit xIsTitle="false" xType="none">
            <xName xSffx=".">2</xName>
            <xText>„alimenty” w dniu 18.01.2004 r. w wysokości 4500 USD,</xText>
          </xUnit>
          <xUnit xIsTitle="false" xType="none">
            <xName xSffx=".">3</xName>
            <xText>„alimenty za 2006 rok” w dniu 01.08.2006 w wysokości 1300 USD,</xText>
          </xUnit>
          <xUnit xIsTitle="false" xType="none">
            <xName xSffx=".">4</xName>
            <xText>„alimenty <xAnon>D.</xAnon> – 2007” w dniu 14.01.2007 w wysokości 1000 USD,</xText>
          </xUnit>
          <xUnit xIsTitle="false" xType="none">
            <xName xSffx=".">5</xName>
            <xText>„alimenty <xAnon>D.</xAnon> – 2007” w dniu 25.04.2007 w wysokości 1000 USD.</xText>
          </xUnit>
          
          <xText><xAnon>A. B.</xAnon>pokwitowała odbiory kwot:</xText>
          <xUnit xIsTitle="false" xType="none">
            <xName xSffx=".">1</xName>
            <xText>2000 USD tytułem alimentów za okres od 1 stycznia 2005 r. do 31 grudnia 2005 r. na rzecz syna <xAnon>D. B.</xAnon>w dniu 31 stycznia 2005 r.,</xText>
          </xUnit>
          <xUnit xIsTitle="false" xType="none">
            <xName xSffx=".">2</xName>
            <xText>1000 USD tytułem alimentów 24 lutego 2006 r.</xText>
          </xUnit>
          
          <xText>Córka stron - <xAnon>M. B.</xAnon>złożyła oświadczenie, że matka przekazała jej kwotę 1200 USD otrzymaną tytułem alimentów za rok 2004 od ojca. Pieniądze te przeznaczyła na pokrycie czesnego na Uniwersytecie <xAnon>(...)</xAnon>. <xAnon>M. B.</xAnon>13 maja 2006 r. złożyła oświadczenie, w którym podała, iż kwoty zasądzone na rzecz jej brata <xAnon>D. B.</xAnon>od ojca <xAnon>W. B.</xAnon>były przez nią przekazywane pozwanej i stanowiły należne mu alimenty do czerwca 2006 r.</xText>
          <xText>Dnia 31 stycznia 2007 t. powód przekazał kwotę 100 USD na rzecz <xAnon>D. B.</xAnon>.</xText>
          <xText><xAnon>A. B.</xAnon>na poczet alimentów w dniu 03 sierpnia 2007 r. otrzymała kwotę 4000 zł, zaś jej syn 7500 zł.</xText>
          <xText><xAnon>D. B.</xAnon>pokwitował odbiór od powoda kwoty alimentów należnych do kwietnia 2009 r. włącznie i 12 marca 2009 r. oświadczył, że z tego tytułu nie ma żadnych zaległości.</xText>
          <xText>Sąd Rejonowy dla Warszawy – Mokotowa w Warszawie wyrokiem z dnia 10 listopada 2009 r. ustalił, że obowiązek alimentacyjny powoda wobec pozwanej, ustalony ostatnio wyrokiem Sądu Rejonowego dla Warszawy – Mokotowa w Warszawie z dnia 08 listopada 2005 r. w sprawie V RC 78/05, który to wyrok podwyższał alimenty ustalone wyrokiem zaocznym Sądu Rejonowego w Białymstoku z dnia 25 czerwca 2003 r. w sprawie V RC 154/03, wygasł z dniem 04 września 2006 r. Wyrok ten uprawomocnił się 02 grudnia 2009 r.</xText>
          <xText><xAnon>D. B.</xAnon>pokwitował odbiór alimentów należnych do 31 grudnia 2010 r.</xText>
          
          <xRows>
            <xCOLGROUPx>
              <xCOLx xWIDTHx="96"/>
              <xCOLx xWIDTHx="98"/>
              <xCOLx xWIDTHx="55"/>
              <xCOLx xWIDTHx="55"/>
              <xCOLx xWIDTHx="109"/>
              <xCOLx xWIDTHx="76"/>
              <xCOLx xWIDTHx="33"/>
              <xCOLx xWIDTHx="11"/>
              <xCOLx xWIDTHx="77"/>
              <xCOLx xWIDTHx="33"/>
              <xCOLx xWIDTHx="77"/>
            </xCOLGROUPx>
            <xRow>
              <xClmn xALIGNx="left" xVALIGNx="top">
                <xText>Należność <xAnon>D. B.</xAnon></xText>
              </xClmn>
              <xClmn xALIGNx="left" xVALIGNx="top">
                <xText>Należność <xAnon>A. B.</xAnon></xText>
              </xClmn>
              <xClmn xALIGNx="left" xClmnSpan="2" xVALIGNx="top">
                <xText>Data wymagalności</xText>
                
              </xClmn>
              <xClmn xALIGNx="left" xClmnSpan="2" xVALIGNx="top">
                <xText>Data wpłaty</xText>
              </xClmn>
              <xClmn xALIGNx="left" xClmnSpan="3" xVALIGNx="top">
                <xText>Odsetki <xAnon>D. B.</xAnon></xText>
              </xClmn>
              <xClmn xALIGNx="left" xClmnSpan="2" xVALIGNx="top">
                <xText>Odsetki <xAnon>A. B.</xAnon></xText>
              </xClmn>
            </xRow>
            <xRow>
              <xClmn xALIGNx="left" xVALIGNx="top">
                <xText>209,68</xText>
              </xClmn>
              <xClmn xALIGNx="left" xVALIGNx="top">
                <xText>209,68</xText>
              </xClmn>
              <xClmn xALIGNx="left" xClmnSpan="2" xVALIGNx="top">
                <xText>18.03.2003</xText>
              </xClmn>
              <xClmn xALIGNx="left" xClmnSpan="2" xVALIGNx="top">
                <xText>06.12.2003</xText>
              </xClmn>
              <xClmn xALIGNx="left" xClmnSpan="3" xVALIGNx="top">
                <xText>19,33</xText>
              </xClmn>
              <xClmn xALIGNx="left" xClmnSpan="2" xVALIGNx="top">
                <xText>19,33</xText>
              </xClmn>
            </xRow>
            <xRow>
              <xClmn xALIGNx="left" xVALIGNx="top">
                <xText>500</xText>
              </xClmn>
              <xClmn xALIGNx="left" xVALIGNx="top">
                <xText>500</xText>
              </xClmn>
              <xClmn xALIGNx="left" xClmnSpan="2" xVALIGNx="top">
                <xText>10.04.2003</xText>
              </xClmn>
              <xClmn xALIGNx="left" xClmnSpan="2" xVALIGNx="top">
                <xText>06.12.2003</xText>
              </xClmn>
              <xClmn xALIGNx="left" xClmnSpan="3" xVALIGNx="top">
                <xText>41,99</xText>
              </xClmn>
              <xClmn xALIGNx="left" xClmnSpan="2" xVALIGNx="top">
                <xText>41,99</xText>
              </xClmn>
            </xRow>
            <xRow>
              <xClmn xALIGNx="left" xVALIGNx="top">
                <xText>500</xText>
              </xClmn>
              <xClmn xALIGNx="left" xVALIGNx="top">
                <xText>500</xText>
              </xClmn>
              <xClmn xALIGNx="left" xClmnSpan="2" xVALIGNx="top">
                <xText>10.05.2003</xText>
              </xClmn>
              <xClmn xALIGNx="left" xClmnSpan="2" xVALIGNx="top">
                <xText>06.12.2003</xText>
              </xClmn>
              <xClmn xALIGNx="left" xClmnSpan="3" xVALIGNx="top">
                <xText>36,65</xText>
              </xClmn>
              <xClmn xALIGNx="left" xClmnSpan="2" xVALIGNx="top">
                <xText>36,65</xText>
              </xClmn>
            </xRow>
            <xRow>
              <xClmn xALIGNx="left" xVALIGNx="top">
                <xText>500</xText>
              </xClmn>
              <xClmn xALIGNx="left" xVALIGNx="top">
                <xText>500</xText>
              </xClmn>
              <xClmn xALIGNx="left" xClmnSpan="2" xVALIGNx="top">
                <xText>10.06.2003</xText>
              </xClmn>
              <xClmn xALIGNx="left" xClmnSpan="2" xVALIGNx="top">
                <xText>06.12.2003</xText>
              </xClmn>
              <xClmn xALIGNx="left" xClmnSpan="3" xVALIGNx="top">
                <xText>31,13</xText>
              </xClmn>
              <xClmn xALIGNx="left" xClmnSpan="2" xVALIGNx="top">
                <xText>31,13</xText>
              </xClmn>
            </xRow>
            <xRow>
              <xClmn xALIGNx="left" xVALIGNx="top">
                <xText>500</xText>
              </xClmn>
              <xClmn xALIGNx="left" xVALIGNx="top">
                <xText>500</xText>
              </xClmn>
              <xClmn xALIGNx="left" xClmnSpan="2" xVALIGNx="top">
                <xText>10.07.2003</xText>
              </xClmn>
              <xClmn xALIGNx="left" xClmnSpan="2" xVALIGNx="top">
                <xText>06.12.2003</xText>
              </xClmn>
              <xClmn xALIGNx="left" xClmnSpan="3" xVALIGNx="top">
                <xText>25,78</xText>
              </xClmn>
              <xClmn xALIGNx="left" xClmnSpan="2" xVALIGNx="top">
                <xText>25,78</xText>
              </xClmn>
            </xRow>
            <xRow>
              <xClmn xALIGNx="left" xVALIGNx="top">
                <xText>500</xText>
              </xClmn>
              <xClmn xALIGNx="left" xVALIGNx="top">
                <xText>500</xText>
              </xClmn>
              <xClmn xALIGNx="left" xClmnSpan="2" xVALIGNx="top">
                <xText>10.08.2003</xText>
              </xClmn>
              <xClmn xALIGNx="left" xClmnSpan="2" xVALIGNx="top">
                <xText>06.12.2003</xText>
              </xClmn>
              <xClmn xALIGNx="left" xClmnSpan="3" xVALIGNx="top">
                <xText>20,26</xText>
              </xClmn>
              <xClmn xALIGNx="left" xClmnSpan="2" xVALIGNx="top">
                <xText>20,26</xText>
              </xClmn>
            </xRow>
            <xRow>
              <xClmn xALIGNx="left" xVALIGNx="top">
                <xText>500</xText>
              </xClmn>
              <xClmn xALIGNx="left" xVALIGNx="top">
                <xText>500</xText>
              </xClmn>
              <xClmn xALIGNx="left" xClmnSpan="2" xVALIGNx="top">
                <xText>10.09.2003</xText>
              </xClmn>
              <xClmn xALIGNx="left" xClmnSpan="2" xVALIGNx="top">
                <xText>06.12.2003</xText>
              </xClmn>
              <xClmn xALIGNx="left" xClmnSpan="3" xVALIGNx="top">
                <xText>14,74</xText>
              </xClmn>
              <xClmn xALIGNx="left" xClmnSpan="2" xVALIGNx="top">
                <xText>14,74</xText>
              </xClmn>
            </xRow>
            <xRow>
              <xClmn xALIGNx="left" xVALIGNx="top">
                <xText>500</xText>
              </xClmn>
              <xClmn xALIGNx="left" xVALIGNx="top">
                <xText>500</xText>
              </xClmn>
              <xClmn xALIGNx="left" xClmnSpan="2" xVALIGNx="top">
                <xText>10.10.2003</xText>
              </xClmn>
              <xClmn xALIGNx="left" xClmnSpan="2" xVALIGNx="top">
                <xText>06.12.2003</xText>
              </xClmn>
              <xClmn xALIGNx="left" xClmnSpan="3" xVALIGNx="top">
                <xText>9,57</xText>
              </xClmn>
              <xClmn xALIGNx="left" xClmnSpan="2" xVALIGNx="top">
                <xText>9,57</xText>
              </xClmn>
            </xRow>
            <xRow>
              <xClmn xALIGNx="left" xVALIGNx="top">
                <xText>500</xText>
              </xClmn>
              <xClmn xALIGNx="left" xVALIGNx="top">
                <xText>500</xText>
              </xClmn>
              <xClmn xALIGNx="left" xClmnSpan="2" xVALIGNx="top">
                <xText>10.11.2003</xText>
              </xClmn>
              <xClmn xALIGNx="left" xClmnSpan="2" xVALIGNx="top">
                <xText>06.12.2003</xText>
              </xClmn>
              <xClmn xALIGNx="left" xClmnSpan="3" xVALIGNx="top">
                <xText>4,36</xText>
              </xClmn>
              <xClmn xALIGNx="left" xClmnSpan="2" xVALIGNx="top">
                <xText>4,36</xText>
              </xClmn>
            </xRow>
            <xRow>
              <xClmn xALIGNx="left" xClmnSpan="11" xVALIGNx="top">
                <xText>
                  <xBx>WPŁATA 1200 USD x 3,8186= 4582,32 zł W DNIU 06.12.2003</xBx>
                </xText>
              </xClmn>
            </xRow>
            <xRow>
              <xClmn xALIGNx="left" xVALIGNx="top">
                <xText>Suma 4209,68</xText>
              </xClmn>
              <xClmn xALIGNx="left" xVALIGNx="top">
                <xText>Suma 4209,68</xText>
              </xClmn>
              <xClmn xALIGNx="left" xClmnSpan="2" xVALIGNx="top">
                
              </xClmn>
              <xClmn xALIGNx="left" xClmnSpan="3" xVALIGNx="top">
                
              </xClmn>
              <xClmn xALIGNx="left" xClmnSpan="2" xVALIGNx="top">
                <xText>Suma</xText>
                <xText>203,81</xText>
              </xClmn>
              <xClmn xALIGNx="left" xClmnSpan="2" xVALIGNx="top">
                <xText>Suma</xText>
                <xText>203,81</xText>
              </xClmn>
            </xRow>
            <xRow>
              <xClmn xALIGNx="left" xVALIGNx="top">
                <xText>- 4174,70</xText>
              </xClmn>
              <xClmn xALIGNx="left" xVALIGNx="top">
                
              </xClmn>
              <xClmn xALIGNx="left" xClmnSpan="5" xVALIGNx="top">
                <xText>Zaliczenie wpłaty</xText>
              </xClmn>
              <xClmn xALIGNx="left" xClmnSpan="2" xVALIGNx="top">
                <xText>- 203,81</xText>
              </xClmn>
              <xClmn xALIGNx="left" xClmnSpan="2" xVALIGNx="top">
                <xText>- 203,81</xText>
              </xClmn>
            </xRow>
            <xRow>
              <xClmn xALIGNx="left" xVALIGNx="top">
                <xText>34,98</xText>
              </xClmn>
              <xClmn xALIGNx="left" xVALIGNx="top">
                <xText>4209,68</xText>
              </xClmn>
              <xClmn xALIGNx="left" xClmnSpan="5" xVALIGNx="top">
                <xText>Pozostało do zapłaty na dzień 06.12.2003 r.</xText>
              </xClmn>
              <xClmn xALIGNx="left" xClmnSpan="2" xVALIGNx="top">
                <xText>0</xText>
              </xClmn>
              <xClmn xALIGNx="left" xClmnSpan="2" xVALIGNx="top">
                <xText>0</xText>
              </xClmn>
            </xRow>
            <xRow>
              <xClmn xALIGNx="left" xVALIGNx="top">
                <xText>34,98</xText>
              </xClmn>
              <xClmn xALIGNx="left" xVALIGNx="top">
                <xText>4209,68</xText>
              </xClmn>
              <xClmn xALIGNx="left" xClmnSpan="2" xVALIGNx="top">
                <xText>06.12.2003</xText>
              </xClmn>
              <xClmn xALIGNx="left" xClmnSpan="3" xVALIGNx="top">
                <xText>18.01.2004</xText>
              </xClmn>
              <xClmn xALIGNx="left" xClmnSpan="2" xVALIGNx="top">
                <xText>0,50</xText>
              </xClmn>
              <xClmn xALIGNx="left" xClmnSpan="2" xVALIGNx="top">
                <xText>60,75</xText>
              </xClmn>
            </xRow>
            <xRow>
              <xClmn xALIGNx="left" xVALIGNx="top">
                <xText>500</xText>
              </xClmn>
              <xClmn xALIGNx="left" xVALIGNx="top">
                <xText>500</xText>
              </xClmn>
              <xClmn xALIGNx="left" xClmnSpan="2" xVALIGNx="top">
                <xText>10.12.2003</xText>
              </xClmn>
              <xClmn xALIGNx="left" xClmnSpan="3" xVALIGNx="top">
                <xText>18.01.2004</xText>
              </xClmn>
              <xClmn xALIGNx="left" xClmnSpan="2" xVALIGNx="top">
                <xText>6,54</xText>
              </xClmn>
              <xClmn xALIGNx="left" xClmnSpan="2" xVALIGNx="top">
                <xText>6,54</xText>
              </xClmn>
            </xRow>
            <xRow>
              <xClmn xALIGNx="left" xVALIGNx="top">
                <xText>500</xText>
              </xClmn>
              <xClmn xALIGNx="left" xVALIGNx="top">
                <xText>500</xText>
              </xClmn>
              <xClmn xALIGNx="left" xClmnSpan="2" xVALIGNx="top">
                <xText>10.01.2004</xText>
              </xClmn>
              <xClmn xALIGNx="left" xClmnSpan="3" xVALIGNx="top">
                <xText>18.01.2004</xText>
              </xClmn>
              <xClmn xALIGNx="left" xClmnSpan="2" xVALIGNx="top">
                <xText>1,34</xText>
              </xClmn>
              <xClmn xALIGNx="left" xClmnSpan="2" xVALIGNx="top">
                <xText>1,34</xText>
              </xClmn>
            </xRow>
            <xRow>
              <xClmn xALIGNx="left" xClmnSpan="11" xVALIGNx="top">
                <xText>
                  <xBx>WPŁATA 4500 USD x 3,8165= 17174,25 zł W DNIU 18.01.2004</xBx>
                </xText>
              </xClmn>
            </xRow>
            <xRow>
              <xClmn xALIGNx="left" xVALIGNx="top">
                <xText>Suma</xText>
                <xText>1034,98</xText>
              </xClmn>
              <xClmn xALIGNx="left" xVALIGNx="top">
                <xText>Suma</xText>
                <xText>5209,68</xText>
              </xClmn>
              <xClmn xALIGNx="left" xClmnSpan="2" xVALIGNx="top">
                
              </xClmn>
              <xClmn xALIGNx="left" xClmnSpan="4" xVALIGNx="top">
                
              </xClmn>
              <xClmn xALIGNx="left" xClmnSpan="2" xVALIGNx="top">
                <xText>Suma</xText>
                <xText>8,38</xText>
              </xClmn>
              <xClmn xALIGNx="left" xVALIGNx="top">
                <xText>Suma</xText>
                <xText>68,63</xText>
              </xClmn>
            </xRow>
            <xRow>
              <xClmn xALIGNx="left" xVALIGNx="top">
                <xText>- 1034,98</xText>
              </xClmn>
              <xClmn xALIGNx="left" xVALIGNx="top">
                <xText>- 5209,68</xText>
              </xClmn>
              <xClmn xALIGNx="left" xClmnSpan="6" xVALIGNx="top">
                <xText>Zaliczenie wpłaty</xText>
              </xClmn>
              <xClmn xALIGNx="left" xClmnSpan="2" xVALIGNx="top">
                <xText>-8,38</xText>
              </xClmn>
              <xClmn xALIGNx="left" xVALIGNx="top">
                <xText>-68,63</xText>
              </xClmn>
            </xRow>
            <xRow>
              <xClmn xALIGNx="left" xVALIGNx="top">
                <xText>0</xText>
              </xClmn>
              <xClmn xALIGNx="left" xVALIGNx="top">
                <xText>0</xText>
              </xClmn>
              <xClmn xALIGNx="left" xClmnSpan="6" xVALIGNx="top">
                <xText>Na dzień 18.01.2004 <xBx>nadpłata</xBx> w kwocie</xText>
                <xText>
                  <xBx>10852,58 zł</xBx>
                </xText>
              </xClmn>
              <xClmn xALIGNx="left" xClmnSpan="2" xVALIGNx="top">
                <xText>0</xText>
              </xClmn>
              <xClmn xALIGNx="left" xVALIGNx="top">
                <xText>0</xText>
              </xClmn>
            </xRow>
            <xRow>
              <xClmn xALIGNx="left" xVALIGNx="top">
                <xText>500</xText>
              </xClmn>
              <xClmn xALIGNx="left" xVALIGNx="top">
                <xText>500</xText>
              </xClmn>
              <xClmn xALIGNx="left" xClmnSpan="2" xVALIGNx="top">
                <xText>10.02.2004</xText>
              </xClmn>
              <xClmn xALIGNx="left" xClmnSpan="4" xVALIGNx="top">
                <xText>18.01.2004</xText>
              </xClmn>
              <xClmn xALIGNx="left" xClmnSpan="2" xVALIGNx="top">
                <xText>0</xText>
              </xClmn>
              <xClmn xALIGNx="left" xVALIGNx="top">
                <xText>0</xText>
              </xClmn>
            </xRow>
            <xRow>
              <xClmn xALIGNx="left" xVALIGNx="top">
                <xText>500</xText>
              </xClmn>
              <xClmn xALIGNx="left" xVALIGNx="top">
                <xText>500</xText>
              </xClmn>
              <xClmn xALIGNx="left" xClmnSpan="2" xVALIGNx="top">
                <xText>10.03.2004</xText>
              </xClmn>
              <xClmn xALIGNx="left" xClmnSpan="4" xVALIGNx="top">
                <xText>18.01.2004</xText>
              </xClmn>
              <xClmn xALIGNx="left" xClmnSpan="2" xVALIGNx="top">
                <xText>0</xText>
              </xClmn>
              <xClmn xALIGNx="left" xVALIGNx="top">
                <xText>0</xText>
              </xClmn>
            </xRow>
            <xRow>
              <xClmn xALIGNx="left" xVALIGNx="top">
                <xText>500</xText>
              </xClmn>
              <xClmn xALIGNx="left" xVALIGNx="top">
                <xText>500</xText>
              </xClmn>
              <xClmn xALIGNx="left" xClmnSpan="2" xVALIGNx="top">
                <xText>10.04.2004</xText>
              </xClmn>
              <xClmn xALIGNx="left" xClmnSpan="4" xVALIGNx="top">
                <xText>18.01.2004</xText>
              </xClmn>
              <xClmn xALIGNx="left" xClmnSpan="2" xVALIGNx="top">
                <xText>0</xText>
              </xClmn>
              <xClmn xALIGNx="left" xVALIGNx="top">
                <xText>0</xText>
              </xClmn>
            </xRow>
            <xRow>
              <xClmn xALIGNx="left" xVALIGNx="top">
                <xText>500</xText>
              </xClmn>
              <xClmn xALIGNx="left" xVALIGNx="top">
                <xText>500</xText>
              </xClmn>
              <xClmn xALIGNx="left" xClmnSpan="2" xVALIGNx="top">
                <xText>10.05.2004</xText>
              </xClmn>
              <xClmn xALIGNx="left" xClmnSpan="4" xVALIGNx="top">
                <xText>18.01.2004</xText>
              </xClmn>
              <xClmn xALIGNx="left" xClmnSpan="2" xVALIGNx="top">
                <xText>0</xText>
              </xClmn>
              <xClmn xALIGNx="left" xVALIGNx="top">
                <xText>0</xText>
              </xClmn>
            </xRow>
            <xRow>
              <xClmn xALIGNx="left" xVALIGNx="top">
                <xText>500</xText>
              </xClmn>
              <xClmn xALIGNx="left" xVALIGNx="top">
                <xText>500</xText>
              </xClmn>
              <xClmn xALIGNx="left" xClmnSpan="2" xVALIGNx="top">
                <xText>10.06.2004</xText>
              </xClmn>
              <xClmn xALIGNx="left" xClmnSpan="4" xVALIGNx="top">
                <xText>18.01.2004</xText>
              </xClmn>
              <xClmn xALIGNx="left" xClmnSpan="2" xVALIGNx="top">
                <xText>0</xText>
              </xClmn>
              <xClmn xALIGNx="left" xVALIGNx="top">
                <xText>0</xText>
              </xClmn>
            </xRow>
            <xRow>
              <xClmn xALIGNx="left" xVALIGNx="top">
                <xText>500</xText>
              </xClmn>
              <xClmn xALIGNx="left" xVALIGNx="top">
                <xText>500</xText>
              </xClmn>
              <xClmn xALIGNx="left" xClmnSpan="2" xVALIGNx="top">
                <xText>10.07.2004</xText>
              </xClmn>
              <xClmn xALIGNx="left" xClmnSpan="4" xVALIGNx="top">
                <xText>18.01.2004</xText>
              </xClmn>
              <xClmn xALIGNx="left" xClmnSpan="2" xVALIGNx="top">
                <xText>0</xText>
              </xClmn>
              <xClmn xALIGNx="left" xVALIGNx="top">
                <xText>0</xText>
              </xClmn>
            </xRow>
            <xRow>
              <xClmn xALIGNx="left" xVALIGNx="top">
                <xText>500</xText>
              </xClmn>
              <xClmn xALIGNx="left" xVALIGNx="top">
                <xText>500</xText>
              </xClmn>
              <xClmn xALIGNx="left" xClmnSpan="2" xVALIGNx="top">
                <xText>10.08.2004</xText>
              </xClmn>
              <xClmn xALIGNx="left" xClmnSpan="4" xVALIGNx="top">
                <xText>18.01.2004</xText>
              </xClmn>
              <xClmn xALIGNx="left" xClmnSpan="2" xVALIGNx="top">
                <xText>0</xText>
              </xClmn>
              <xClmn xALIGNx="left" xVALIGNx="top">
                <xText>0</xText>
              </xClmn>
            </xRow>
            <xRow>
              <xClmn xALIGNx="left" xVALIGNx="top">
                <xText>500</xText>
              </xClmn>
              <xClmn xALIGNx="left" xVALIGNx="top">
                <xText>500</xText>
              </xClmn>
              <xClmn xALIGNx="left" xClmnSpan="2" xVALIGNx="top">
                <xText>10.09.2004</xText>
              </xClmn>
              <xClmn xALIGNx="left" xClmnSpan="4" xVALIGNx="top">
                <xText>18.01.2004</xText>
              </xClmn>
              <xClmn xALIGNx="left" xClmnSpan="2" xVALIGNx="top">
                <xText>0</xText>
              </xClmn>
              <xClmn xALIGNx="left" xVALIGNx="top">
                <xText>0</xText>
              </xClmn>
            </xRow>
            <xRow>
              <xClmn xALIGNx="left" xVALIGNx="top">
                <xText>500</xText>
              </xClmn>
              <xClmn xALIGNx="left" xVALIGNx="top">
                <xText>500</xText>
              </xClmn>
              <xClmn xALIGNx="left" xClmnSpan="2" xVALIGNx="top">
                <xText>10.10.2004</xText>
              </xClmn>
              <xClmn xALIGNx="left" xClmnSpan="4" xVALIGNx="top">
                <xText>18.01.2004</xText>
              </xClmn>
              <xClmn xALIGNx="left" xClmnSpan="2" xVALIGNx="top">
                <xText>0</xText>
              </xClmn>
              <xClmn xALIGNx="left" xVALIGNx="top">
                <xText>0</xText>
              </xClmn>
            </xRow>
            <xRow>
              <xClmn xALIGNx="left" xVALIGNx="top">
                <xText>500</xText>
              </xClmn>
              <xClmn xALIGNx="left" xVALIGNx="top">
                <xText>500</xText>
              </xClmn>
              <xClmn xALIGNx="left" xClmnSpan="2" xVALIGNx="top">
                <xText>10.11.2004</xText>
              </xClmn>
              <xClmn xALIGNx="left" xClmnSpan="4" xVALIGNx="top">
                <xText>18.01.2004</xText>
              </xClmn>
              <xClmn xALIGNx="left" xClmnSpan="2" xVALIGNx="top">
                <xText>0</xText>
              </xClmn>
              <xClmn xALIGNx="left" xVALIGNx="top">
                <xText>0</xText>
              </xClmn>
            </xRow>
            <xRow>
              <xClmn xALIGNx="left" xVALIGNx="top">
                <xText>500</xText>
              </xClmn>
              <xClmn xALIGNx="left" xVALIGNx="top">
                <xText>352,58</xText>
              </xClmn>
              <xClmn xALIGNx="left" xClmnSpan="2" xVALIGNx="top">
                <xText>10.12.2004</xText>
              </xClmn>
              <xClmn xALIGNx="left" xClmnSpan="4" xVALIGNx="top">
                <xText>18.01.2004</xText>
              </xClmn>
              <xClmn xALIGNx="left" xClmnSpan="2" xVALIGNx="top">
                <xText>0</xText>
              </xClmn>
              <xClmn xALIGNx="left" xVALIGNx="top">
                <xText>0</xText>
              </xClmn>
            </xRow>
            <xRow>
              <xClmn xALIGNx="left" xClmnSpan="4" xVALIGNx="top">
                
              </xClmn>
              <xClmn xALIGNx="left" xVALIGNx="top">
                <xText>Na rzecz <xAnon>D. B.</xAnon></xText>
              </xClmn>
              <xClmn xALIGNx="left" xClmnSpan="3" xVALIGNx="top">
                <xText>Na rzecz <xAnon>A. B.</xAnon></xText>
              </xClmn>
              <xClmn xALIGNx="left" xClmnSpan="2" xVALIGNx="top">
                
              </xClmn>
              <xClmn xALIGNx="left" xVALIGNx="top">
                
              </xClmn>
            </xRow>
            <xRow>
              <xClmn xALIGNx="left" xVALIGNx="top">
                <xText>-</xText>
              </xClmn>
              <xClmn xALIGNx="left" xVALIGNx="top">
                <xText>147,42</xText>
              </xClmn>
              <xClmn xALIGNx="left" xClmnSpan="2" xVALIGNx="top">
                <xText>10.12.2004</xText>
              </xClmn>
              <xClmn xALIGNx="left" xVALIGNx="top">
                <xText>-</xText>
              </xClmn>
              <xClmn xALIGNx="left" xClmnSpan="3" xVALIGNx="top">
                <xText>24.02.2006</xText>
              </xClmn>
              <xClmn xALIGNx="left" xClmnSpan="2" xVALIGNx="top">
                <xText>0</xText>
              </xClmn>
              <xClmn xALIGNx="left" xVALIGNx="top">
                <xText>22,82</xText>
              </xClmn>
            </xRow>
            <xRow>
              <xClmn xALIGNx="left" xVALIGNx="top">
                <xText>Suma pozostała do zapłaty</xText>
                <xText>0</xText>
                
              </xClmn>
              <xClmn xALIGNx="left" xVALIGNx="top">
                <xText>Suma pozostała do zapłaty</xText>
                <xText>147,42</xText>
                
              </xClmn>
              <xClmn xALIGNx="left" xClmnSpan="2" xVALIGNx="top">
                
              </xClmn>
              <xClmn xALIGNx="left" xClmnSpan="4" xVALIGNx="top">
                
              </xClmn>
              <xClmn xALIGNx="left" xClmnSpan="2" xVALIGNx="top">
                <xText>Suma</xText>
                <xText>0</xText>
              </xClmn>
              <xClmn xALIGNx="left" xVALIGNx="top">
                <xText>Suma</xText>
                <xText>22,82</xText>
              </xClmn>
            </xRow>
            <xRow>
              <xClmn xALIGNx="left" xClmnSpan="11" xVALIGNx="top">
                <xText>
                  <xBx>WPŁATA 2000 USD x 3,1200 = 6240,00 zł W DNIU 31.01.2005 ze wskazaniem, że jest to na poczet alimentów na rzecz <xAnon>D.</xAnon> za rok 2005</xBx>
                </xText>
              </xClmn>
            </xRow>
            <xRow>
              <xClmn xALIGNx="left" xVALIGNx="top">
                
              </xClmn>
              <xClmn xALIGNx="left" xVALIGNx="top">
                
              </xClmn>
              <xClmn xALIGNx="left" xClmnSpan="6" xVALIGNx="top">
                <xText>Zaliczenie wpłaty zgodnie ze wskazaniem <xAnon>D.</xAnon> alimenty za 2005 r.</xText>
              </xClmn>
              <xClmn xALIGNx="left" xClmnSpan="2" xVALIGNx="top">
                
              </xClmn>
              <xClmn xALIGNx="left" xVALIGNx="top">
                
              </xClmn>
            </xRow>
            <xRow>
              <xClmn xALIGNx="left" xVALIGNx="top">
                <xText>500</xText>
              </xClmn>
              <xClmn xALIGNx="left" xVALIGNx="top">
                <xText>500</xText>
              </xClmn>
              <xClmn xALIGNx="left" xClmnSpan="2" xVALIGNx="top">
                <xText>10.01.2005</xText>
              </xClmn>
              <xClmn xALIGNx="left" xVALIGNx="top">
                <xText>31.01.2005</xText>
              </xClmn>
              <xClmn xALIGNx="left" xClmnSpan="3" xVALIGNx="top">
                <xText>24.02.2006</xText>
              </xClmn>
              <xClmn xALIGNx="left" xClmnSpan="2" xVALIGNx="top">
                <xText>0</xText>
              </xClmn>
              <xClmn xALIGNx="left" xVALIGNx="top">
                <xText>72,18</xText>
              </xClmn>
            </xRow>
            <xRow>
              <xClmn xALIGNx="left" xVALIGNx="top">
                <xText>142,86</xText>
              </xClmn>
              <xClmn xALIGNx="left" xVALIGNx="top">
                <xText>142,86</xText>
              </xClmn>
              <xClmn xALIGNx="left" xClmnSpan="2" xVALIGNx="top">
                <xText>10.02.2005</xText>
              </xClmn>
              <xClmn xALIGNx="left" xVALIGNx="top">
                <xText>31.01.2005</xText>
              </xClmn>
              <xClmn xALIGNx="left" xClmnSpan="3" xVALIGNx="top">
                <xText>24.02.2006</xText>
              </xClmn>
              <xClmn xALIGNx="left" xClmnSpan="2" xVALIGNx="top">
                <xText>0</xText>
              </xClmn>
              <xClmn xALIGNx="left" xVALIGNx="top">
                <xText>18,99</xText>
              </xClmn>
            </xRow>
            <xRow>
              <xClmn xALIGNx="left" xVALIGNx="top">
                <xText>607,14</xText>
              </xClmn>
              <xClmn xALIGNx="left" xVALIGNx="top">
                <xText>571,43</xText>
              </xClmn>
              <xClmn xALIGNx="left" xClmnSpan="2" xVALIGNx="top">
                <xText>10.02.2005</xText>
              </xClmn>
              <xClmn xALIGNx="left" xVALIGNx="top">
                <xText>31.01.2005</xText>
              </xClmn>
              <xClmn xALIGNx="left" xClmnSpan="3" xVALIGNx="top">
                <xText>24.02.2006</xText>
              </xClmn>
              <xClmn xALIGNx="left" xClmnSpan="2" xVALIGNx="top">
                <xText>0</xText>
              </xClmn>
              <xClmn xALIGNx="left" xVALIGNx="top">
                <xText>75,94</xText>
              </xClmn>
            </xRow>
            <xRow>
              <xClmn xALIGNx="left" xVALIGNx="top">
                <xText>850</xText>
              </xClmn>
              <xClmn xALIGNx="left" xVALIGNx="top">
                <xText>800</xText>
              </xClmn>
              <xClmn xALIGNx="left" xClmnSpan="2" xVALIGNx="top">
                <xText>10.03.2005</xText>
              </xClmn>
              <xClmn xALIGNx="left" xVALIGNx="top">
                <xText>31.01.2005</xText>
              </xClmn>
              <xClmn xALIGNx="left" xClmnSpan="3" xVALIGNx="top">
                <xText>24.02.2006</xText>
              </xClmn>
              <xClmn xALIGNx="left" xClmnSpan="2" xVALIGNx="top">
                <xText>0</xText>
              </xClmn>
              <xClmn xALIGNx="left" xVALIGNx="top">
                <xText>98,02</xText>
              </xClmn>
            </xRow>
            <xRow>
              <xClmn xALIGNx="left" xVALIGNx="top">
                <xText>850</xText>
              </xClmn>
              <xClmn xALIGNx="left" xVALIGNx="top">
                <xText>800</xText>
              </xClmn>
              <xClmn xALIGNx="left" xClmnSpan="2" xVALIGNx="top">
                <xText>10.04.2005</xText>
              </xClmn>
              <xClmn xALIGNx="left" xVALIGNx="top">
                <xText>31.01.2005</xText>
              </xClmn>
              <xClmn xALIGNx="left" xClmnSpan="3" xVALIGNx="top">
                <xText>24.02.2006</xText>
              </xClmn>
              <xClmn xALIGNx="left" xClmnSpan="2" xVALIGNx="top">
                <xText>0</xText>
              </xClmn>
              <xClmn xALIGNx="left" xVALIGNx="top">
                <xText>88,85</xText>
              </xClmn>
            </xRow>
            <xRow>
              <xClmn xALIGNx="left" xVALIGNx="top">
                <xText>850</xText>
              </xClmn>
              <xClmn xALIGNx="left" xVALIGNx="top">
                <xText>800</xText>
              </xClmn>
              <xClmn xALIGNx="left" xClmnSpan="2" xVALIGNx="top">
                <xText>10.05.2005</xText>
              </xClmn>
              <xClmn xALIGNx="left" xVALIGNx="top">
                <xText>31.01.2005</xText>
              </xClmn>
              <xClmn xALIGNx="left" xClmnSpan="3" xVALIGNx="top">
                <xText>24.02.2006</xText>
              </xClmn>
              <xClmn xALIGNx="left" xClmnSpan="2" xVALIGNx="top">
                <xText>0</xText>
              </xClmn>
              <xClmn xALIGNx="left" xVALIGNx="top">
                <xText>79,97</xText>
              </xClmn>
            </xRow>
            <xRow>
              <xClmn xALIGNx="left" xVALIGNx="top">
                <xText>850</xText>
              </xClmn>
              <xClmn xALIGNx="left" xVALIGNx="top">
                <xText>800</xText>
              </xClmn>
              <xClmn xALIGNx="left" xClmnSpan="2" xVALIGNx="top">
                <xText>10.06.2005</xText>
              </xClmn>
              <xClmn xALIGNx="left" xVALIGNx="top">
                <xText>31.01.2005</xText>
              </xClmn>
              <xClmn xALIGNx="left" xClmnSpan="3" xVALIGNx="top">
                <xText>24.02.2006</xText>
              </xClmn>
              <xClmn xALIGNx="left" xClmnSpan="2" xVALIGNx="top">
                <xText>0</xText>
              </xClmn>
              <xClmn xALIGNx="left" xVALIGNx="top">
                <xText>70,80</xText>
              </xClmn>
            </xRow>
            <xRow>
              <xClmn xALIGNx="left" xVALIGNx="top">
                <xText>850</xText>
              </xClmn>
              <xClmn xALIGNx="left" xVALIGNx="top">
                <xText>800</xText>
              </xClmn>
              <xClmn xALIGNx="left" xClmnSpan="2" xVALIGNx="top">
                <xText>10.07.2005</xText>
              </xClmn>
              <xClmn xALIGNx="left" xVALIGNx="top">
                <xText>31.01.2005</xText>
              </xClmn>
              <xClmn xALIGNx="left" xClmnSpan="3" xVALIGNx="top">
                <xText>24.02.2006</xText>
              </xClmn>
              <xClmn xALIGNx="left" xClmnSpan="2" xVALIGNx="top">
                <xText>0</xText>
              </xClmn>
              <xClmn xALIGNx="left" xVALIGNx="top">
                <xText>61,93</xText>
              </xClmn>
            </xRow>
            <xRow>
              <xClmn xALIGNx="left" xVALIGNx="top">
                <xText>740</xText>
              </xClmn>
              <xClmn xALIGNx="left" xVALIGNx="top">
                <xText>800</xText>
              </xClmn>
              <xClmn xALIGNx="left" xClmnSpan="2" xVALIGNx="top">
                <xText>10.08.2005</xText>
              </xClmn>
              <xClmn xALIGNx="left" xVALIGNx="top">
                <xText>31.01.2005</xText>
              </xClmn>
              <xClmn xALIGNx="left" xClmnSpan="3" xVALIGNx="top">
                <xText>24.02.2006</xText>
              </xClmn>
              <xClmn xALIGNx="left" xClmnSpan="2" xVALIGNx="top">
                <xText>0</xText>
              </xClmn>
              <xClmn xALIGNx="left" xVALIGNx="top">
                <xText>52,75</xText>
              </xClmn>
            </xRow>
            <xRow>
              <xClmn xALIGNx="left" xVALIGNx="top">
                <xText>110</xText>
              </xClmn>
              <xClmn xALIGNx="left" xVALIGNx="top">
                <xText>-</xText>
              </xClmn>
              <xClmn xALIGNx="left" xClmnSpan="2" xVALIGNx="top">
                <xText>10.08.2005</xText>
              </xClmn>
              <xClmn xALIGNx="left" xVALIGNx="top">
                <xText>24.02.2006</xText>
              </xClmn>
              <xClmn xALIGNx="left" xClmnSpan="3" xVALIGNx="top">
                <xText>24.02.2006</xText>
              </xClmn>
              <xClmn xALIGNx="left" xClmnSpan="2" xVALIGNx="top">
                <xText>7,25</xText>
              </xClmn>
              <xClmn xALIGNx="left" xVALIGNx="top">
                <xText>-</xText>
              </xClmn>
            </xRow>
            <xRow>
              <xClmn xALIGNx="left" xVALIGNx="top">
                <xText>850</xText>
              </xClmn>
              <xClmn xALIGNx="left" xVALIGNx="top">
                <xText>800</xText>
              </xClmn>
              <xClmn xALIGNx="left" xClmnSpan="2" xVALIGNx="top">
                <xText>10.09.2005</xText>
              </xClmn>
              <xClmn xALIGNx="left" xVALIGNx="top">
                <xText>24.02.2006</xText>
              </xClmn>
              <xClmn xALIGNx="left" xClmnSpan="3" xVALIGNx="top">
                <xText>24.02.2006</xText>
              </xClmn>
              <xClmn xALIGNx="left" xClmnSpan="2" xVALIGNx="top">
                <xText>46,31</xText>
              </xClmn>
              <xClmn xALIGNx="left" xVALIGNx="top">
                <xText>43,58</xText>
              </xClmn>
            </xRow>
            <xRow>
              <xClmn xALIGNx="left" xVALIGNx="top">
                <xText>850</xText>
              </xClmn>
              <xClmn xALIGNx="left" xVALIGNx="top">
                <xText>800</xText>
              </xClmn>
              <xClmn xALIGNx="left" xClmnSpan="2" xVALIGNx="top">
                <xText>10.10.2005</xText>
              </xClmn>
              <xClmn xALIGNx="left" xVALIGNx="top">
                <xText>24.02.2006</xText>
              </xClmn>
              <xClmn xALIGNx="left" xClmnSpan="3" xVALIGNx="top">
                <xText>24.02.2006</xText>
              </xClmn>
              <xClmn xALIGNx="left" xClmnSpan="2" xVALIGNx="top">
                <xText>36,88</xText>
              </xClmn>
              <xClmn xALIGNx="left" xVALIGNx="top">
                <xText>34,70</xText>
              </xClmn>
            </xRow>
            <xRow>
              <xClmn xALIGNx="left" xVALIGNx="top">
                <xText>850</xText>
              </xClmn>
              <xClmn xALIGNx="left" xVALIGNx="top">
                <xText>800</xText>
              </xClmn>
              <xClmn xALIGNx="left" xClmnSpan="2" xVALIGNx="top">
                <xText>10.11.2005</xText>
              </xClmn>
              <xClmn xALIGNx="left" xVALIGNx="top">
                <xText>24.02.2006</xText>
              </xClmn>
              <xClmn xALIGNx="left" xClmnSpan="3" xVALIGNx="top">
                <xText>24.02.2006</xText>
              </xClmn>
              <xClmn xALIGNx="left" xClmnSpan="2" xVALIGNx="top">
                <xText>28,39</xText>
              </xClmn>
              <xClmn xALIGNx="left" xVALIGNx="top">
                <xText>26,72</xText>
              </xClmn>
            </xRow>
            <xRow>
              <xClmn xALIGNx="left" xVALIGNx="top">
                <xText>850</xText>
              </xClmn>
              <xClmn xALIGNx="left" xVALIGNx="top">
                <xText>800</xText>
              </xClmn>
              <xClmn xALIGNx="left" xClmnSpan="2" xVALIGNx="top">
                <xText>10.12.2005</xText>
              </xClmn>
              <xClmn xALIGNx="left" xVALIGNx="top">
                <xText>24.02.2006</xText>
              </xClmn>
              <xClmn xALIGNx="left" xClmnSpan="3" xVALIGNx="top">
                <xText>24.02.2006</xText>
              </xClmn>
              <xClmn xALIGNx="left" xClmnSpan="2" xVALIGNx="top">
                <xText>20,35</xText>
              </xClmn>
              <xClmn xALIGNx="left" xVALIGNx="top">
                <xText>19,16</xText>
              </xClmn>
            </xRow>
            <xRow>
              <xClmn xALIGNx="left" xVALIGNx="top">
                <xText>850</xText>
              </xClmn>
              <xClmn xALIGNx="left" xVALIGNx="top">
                <xText>800</xText>
              </xClmn>
              <xClmn xALIGNx="left" xClmnSpan="2" xVALIGNx="top">
                <xText>10.01.2006</xText>
              </xClmn>
              <xClmn xALIGNx="left" xVALIGNx="top">
                <xText>24.02.2006</xText>
              </xClmn>
              <xClmn xALIGNx="left" xClmnSpan="3" xVALIGNx="top">
                <xText>24.02.2006</xText>
              </xClmn>
              <xClmn xALIGNx="left" xClmnSpan="2" xVALIGNx="top">
                <xText>12,05</xText>
              </xClmn>
              <xClmn xALIGNx="left" xVALIGNx="top">
                <xText>11,34</xText>
              </xClmn>
            </xRow>
            <xRow>
              <xClmn xALIGNx="left" xVALIGNx="top">
                <xText>850</xText>
              </xClmn>
              <xClmn xALIGNx="left" xVALIGNx="top">
                <xText>800</xText>
              </xClmn>
              <xClmn xALIGNx="left" xClmnSpan="2" xVALIGNx="top">
                <xText>10.02.2006</xText>
              </xClmn>
              <xClmn xALIGNx="left" xVALIGNx="top">
                <xText>24.02.2006</xText>
              </xClmn>
              <xClmn xALIGNx="left" xClmnSpan="3" xVALIGNx="top">
                <xText>24.02.2006</xText>
              </xClmn>
              <xClmn xALIGNx="left" xClmnSpan="2" xVALIGNx="top">
                <xText>3,75</xText>
              </xClmn>
              <xClmn xALIGNx="left" xVALIGNx="top">
                <xText>3,53</xText>
              </xClmn>
            </xRow>
            <xRow>
              <xClmn xALIGNx="left" xClmnSpan="11" xVALIGNx="top">
                <xText>
                  <xBx>WPŁATA 1000 USD x 3,1807= 3180,70 zł W DNIU 24.02.2006</xBx>
                </xText>
              </xClmn>
            </xRow>
            <xRow>
              <xClmn xALIGNx="left" xVALIGNx="top">
                <xText>Suma pozostała do zapłaty</xText>
                <xText>5210</xText>
              </xClmn>
              <xClmn xALIGNx="left" xVALIGNx="top">
                <xText>Suma pozostała do zapłaty</xText>
                <xText>10814,29 + 147,42</xText>
                <xText>= 10961,71</xText>
              </xClmn>
              <xClmn xALIGNx="left" xClmnSpan="2" xVALIGNx="top">
                
              </xClmn>
              <xClmn xALIGNx="left" xClmnSpan="4" xVALIGNx="top">
                
              </xClmn>
              <xClmn xALIGNx="left" xClmnSpan="2" xVALIGNx="top">
                <xText>Suma</xText>
                <xText>154,98</xText>
              </xClmn>
              <xClmn xALIGNx="left" xVALIGNx="top">
                <xText>Suma</xText>
                <xText>758,46</xText>
                
              </xClmn>
            </xRow>
            <xRow>
              <xClmn xALIGNx="left" xVALIGNx="top">
                <xText>-2150,91</xText>
              </xClmn>
              <xClmn xALIGNx="left" xVALIGNx="top">
                <xText>0</xText>
              </xClmn>
              <xClmn xALIGNx="left" xClmnSpan="6" xVALIGNx="top">
                <xText>Zaliczenie wpłaty w pierwszej kolejności na odsetki wyliczone do dnia 24.02.2006</xText>
              </xClmn>
              <xClmn xALIGNx="left" xClmnSpan="2" xVALIGNx="top">
                <xText>- 154,98</xText>
              </xClmn>
              <xClmn xALIGNx="left" xVALIGNx="top">
                <xText>-22,82</xText>
                <xText>-758,46</xText>
                
              </xClmn>
            </xRow>
            <xRow>
              <xClmn xALIGNx="left" xVALIGNx="top">
                <xText>
                  <xBx>3059,09</xBx>
                </xText>
              </xClmn>
              <xClmn xALIGNx="left" xVALIGNx="top">
                <xText>
                  <xBx>10961,71</xBx>
                </xText>
              </xClmn>
              <xClmn xALIGNx="left" xClmnSpan="6" xVALIGNx="top">
                <xText>
                  <xBx>Suma pozostała do zapłaty po wpłacie z 24.02.2006</xBx>
                </xText>
              </xClmn>
              <xClmn xALIGNx="left" xClmnSpan="2" xVALIGNx="top">
                <xText>
                  <xBx>0</xBx>
                </xText>
              </xClmn>
              <xClmn xALIGNx="left" xVALIGNx="top">
                <xText>
                  <xBx>0</xBx>
                </xText>
              </xClmn>
            </xRow>
            <xRow>
              <xClmn xALIGNx="left" xVALIGNx="top">
                <xText>W tym kwota 1700 stanowiąca alimenty za I i II 2006</xText>
              </xClmn>
              <xClmn xALIGNx="left" xVALIGNx="top">
                <xText>W tym kwota 1600 stanowiąca alimenty za I i II 2006</xText>
              </xClmn>
              <xClmn xALIGNx="left" xClmnSpan="2" xVALIGNx="top">
                <xText>24.02.2006</xText>
              </xClmn>
              <xClmn xALIGNx="left" xVALIGNx="top">
                <xText>01.08.2006</xText>
              </xClmn>
              <xClmn xALIGNx="left" xClmnSpan="3" xVALIGNx="top">
                <xText>01.08.2006</xText>
              </xClmn>
              <xClmn xALIGNx="left" xClmnSpan="2" xVALIGNx="top">
                <xText>84,63</xText>
              </xClmn>
              <xClmn xALIGNx="left" xVALIGNx="top">
                <xText>79,65</xText>
              </xClmn>
            </xRow>
            <xRow>
              <xClmn xALIGNx="left" xVALIGNx="top">
                <xText>Oraz kwota 1359,09</xText>
              </xClmn>
              <xClmn xALIGNx="left" xVALIGNx="top">
                <xText>Oraz kwota 9361,71</xText>
              </xClmn>
              <xClmn xALIGNx="left" xClmnSpan="2" xVALIGNx="top">
                <xText>24.02.2006</xText>
              </xClmn>
              <xClmn xALIGNx="left" xVALIGNx="top">
                <xText>03.08.2006</xText>
              </xClmn>
              <xClmn xALIGNx="left" xClmnSpan="3" xVALIGNx="top">
                <xText>03.08.2006</xText>
              </xClmn>
              <xClmn xALIGNx="left" xClmnSpan="2" xVALIGNx="top">
                <xText>68,51</xText>
              </xClmn>
              <xClmn xALIGNx="left" xVALIGNx="top">
                <xText>471,93</xText>
              </xClmn>
            </xRow>
            <xRow>
              <xClmn xALIGNx="left" xVALIGNx="top">
                <xText>850</xText>
              </xClmn>
              <xClmn xALIGNx="left" xVALIGNx="top">
                <xText>800</xText>
              </xClmn>
              <xClmn xALIGNx="left" xClmnSpan="2" xVALIGNx="top">
                <xText>10.03.2006</xText>
              </xClmn>
              <xClmn xALIGNx="left" xVALIGNx="top">
                <xText>01.08.2006</xText>
              </xClmn>
              <xClmn xALIGNx="left" xClmnSpan="3" xVALIGNx="top">
                <xText>01.08.2006</xText>
              </xClmn>
              <xClmn xALIGNx="left" xClmnSpan="2" xVALIGNx="top">
                <xText>38,56</xText>
              </xClmn>
              <xClmn xALIGNx="left" xVALIGNx="top">
                <xText>36,30</xText>
              </xClmn>
            </xRow>
            <xRow>
              <xClmn xALIGNx="left" xVALIGNx="top">
                <xText>850</xText>
              </xClmn>
              <xClmn xALIGNx="left" xVALIGNx="top">
                <xText>800</xText>
              </xClmn>
              <xClmn xALIGNx="left" xClmnSpan="2" xVALIGNx="top">
                <xText>10.04.2006</xText>
              </xClmn>
              <xClmn xALIGNx="left" xVALIGNx="top">
                <xText>01.08.2006</xText>
              </xClmn>
              <xClmn xALIGNx="left" xClmnSpan="3" xVALIGNx="top">
                <xText>01.08.2006</xText>
              </xClmn>
              <xClmn xALIGNx="left" xClmnSpan="2" xVALIGNx="top">
                <xText>30,26</xText>
              </xClmn>
              <xClmn xALIGNx="left" xVALIGNx="top">
                <xText>28,48</xText>
              </xClmn>
            </xRow>
            <xRow>
              <xClmn xALIGNx="left" xVALIGNx="top">
                <xText>850</xText>
              </xClmn>
              <xClmn xALIGNx="left" xVALIGNx="top">
                <xText>800</xText>
              </xClmn>
              <xClmn xALIGNx="left" xClmnSpan="2" xVALIGNx="top">
                <xText>10.05.2006</xText>
              </xClmn>
              <xClmn xALIGNx="left" xVALIGNx="top">
                <xText>01.08.2006</xText>
              </xClmn>
              <xClmn xALIGNx="left" xClmnSpan="3" xVALIGNx="top">
                <xText>01.08.2006</xText>
              </xClmn>
              <xClmn xALIGNx="left" xClmnSpan="2" xVALIGNx="top">
                <xText>22,23</xText>
              </xClmn>
              <xClmn xALIGNx="left" xVALIGNx="top">
                <xText>20,92</xText>
              </xClmn>
            </xRow>
            <xRow>
              <xClmn xALIGNx="left" xVALIGNx="top">
                <xText>850</xText>
              </xClmn>
              <xClmn xALIGNx="left" xVALIGNx="top">
                <xText>800</xText>
              </xClmn>
              <xClmn xALIGNx="left" xClmnSpan="2" xVALIGNx="top">
                <xText>10.06.2006</xText>
              </xClmn>
              <xClmn xALIGNx="left" xVALIGNx="top">
                <xText>01.08.2006</xText>
              </xClmn>
              <xClmn xALIGNx="left" xClmnSpan="3" xVALIGNx="top">
                <xText>01.08.2006</xText>
              </xClmn>
              <xClmn xALIGNx="left" xClmnSpan="2" xVALIGNx="top">
                <xText>13,93</xText>
              </xClmn>
              <xClmn xALIGNx="left" xVALIGNx="top">
                <xText>13,11</xText>
              </xClmn>
            </xRow>
            <xRow>
              <xClmn xALIGNx="left" xVALIGNx="top">
                <xText>850</xText>
              </xClmn>
              <xClmn xALIGNx="left" xVALIGNx="top">
                <xText>800</xText>
              </xClmn>
              <xClmn xALIGNx="left" xClmnSpan="2" xVALIGNx="top">
                <xText>10.07.2006</xText>
              </xClmn>
              <xClmn xALIGNx="left" xVALIGNx="top">
                <xText>01.08.2006</xText>
              </xClmn>
              <xClmn xALIGNx="left" xClmnSpan="3" xVALIGNx="top">
                <xText>01.08.2006</xText>
              </xClmn>
              <xClmn xALIGNx="left" xClmnSpan="2" xVALIGNx="top">
                <xText>5,89</xText>
              </xClmn>
              <xClmn xALIGNx="left" xVALIGNx="top">
                <xText>5,55</xText>
              </xClmn>
            </xRow>
            <xRow>
              <xClmn xALIGNx="left" xVALIGNx="top">
                <xText>850</xText>
              </xClmn>
              <xClmn xALIGNx="left" xVALIGNx="top">
                <xText>800</xText>
              </xClmn>
              <xClmn xALIGNx="left" xClmnSpan="2" xVALIGNx="top">
                <xText>10.08.2006</xText>
              </xClmn>
              <xClmn xALIGNx="left" xVALIGNx="top">
                <xText>03.08.2006</xText>
              </xClmn>
              <xClmn xALIGNx="left" xClmnSpan="3" xVALIGNx="top">
                <xText>Brak wpłaty</xText>
              </xClmn>
              <xClmn xALIGNx="left" xClmnSpan="2" xVALIGNx="top">
                <xText>0</xText>
              </xClmn>
              <xClmn xALIGNx="left" xVALIGNx="top">
                <xText>Do dnia zapłaty</xText>
              </xClmn>
            </xRow>
            <xRow>
              <xClmn xALIGNx="left" xRowSpan="2" xVALIGNx="top">
                <xText>850</xText>
              </xClmn>
              <xClmn xALIGNx="left" xRowSpan="2" xVALIGNx="top">
                <xText>106,66</xText>
              </xClmn>
              <xClmn xALIGNx="left" xVALIGNx="top">
                <xText>
                  <xAnon>D. B. w.</xAnon>
                </xText>
              </xClmn>
              <xClmn xALIGNx="left" xVALIGNx="top">
                <xText>
                  <xAnon>A. B. w.</xAnon>
                </xText>
              </xClmn>
              <xClmn xALIGNx="left" xRowSpan="2" xVALIGNx="top">
                <xText>03.08.2006</xText>
              </xClmn>
              <xClmn xALIGNx="left" xClmnSpan="3" xRowSpan="2" xVALIGNx="top">
                <xText>Brak wpłaty</xText>
              </xClmn>
              <xClmn xALIGNx="left" xClmnSpan="2" xRowSpan="2" xVALIGNx="top">
                <xText>0</xText>
              </xClmn>
              <xClmn xALIGNx="left" xRowSpan="2" xVALIGNx="top">
                <xText>Do dnia zapłaty</xText>
              </xClmn>
            </xRow>
            <xRow>
              <xClmn xALIGNx="left" xVALIGNx="top">
                <xText>10.09.2006</xText>
              </xClmn>
              <xClmn xALIGNx="left" xVALIGNx="top">
                <xText>04.09.2006</xText>
              </xClmn>
            </xRow>
            <xRow>
              <xClmn xALIGNx="left" xClmnSpan="11" xVALIGNx="top">
                <xText>
                  <xBx>WPŁATA 1300 USD x 3,0881= 4014,53 zł W DNIU 01.08.2006 ze wskazaniem, że są to alimenty za 2006 </xBx>
                </xText>
              </xClmn>
            </xRow>
            <xRow>
              <xClmn xALIGNx="left" xVALIGNx="top">
                <xText>Suma za 2006 r.</xText>
                <xText>7650</xText>
                
              </xClmn>
              <xClmn xALIGNx="left" xVALIGNx="top">
                <xText>Suma za 2006 r.</xText>
                <xText>6506,66</xText>
                
              </xClmn>
              <xClmn xALIGNx="left" xClmnSpan="2" xVALIGNx="top">
                
              </xClmn>
              <xClmn xALIGNx="left" xClmnSpan="4" xVALIGNx="top">
                
              </xClmn>
              <xClmn xALIGNx="left" xClmnSpan="2" xVALIGNx="top">
                
              </xClmn>
              <xClmn xALIGNx="left" xVALIGNx="top">
                
              </xClmn>
            </xRow>
            <xRow>
              <xClmn xALIGNx="left" xVALIGNx="top">
                <xText>- 3635,02</xText>
              </xClmn>
              <xClmn xALIGNx="left" xVALIGNx="top">
                <xText>0</xText>
              </xClmn>
              <xClmn xALIGNx="left" xClmnSpan="6" xVALIGNx="top">
                <xText>Zaliczenie wpłaty w pierwszej kolejności na odsetki od alimentów płatnych w 2006 r. a w dalszej na alimenty na rzecz <xAnon>D. B.</xAnon>za 2006 r.</xText>
              </xClmn>
              <xClmn xALIGNx="left" xClmnSpan="2" xVALIGNx="top">
                <xText>-195,50</xText>
                
              </xClmn>
              <xClmn xALIGNx="left" xVALIGNx="top">
                <xText>-184,01</xText>
                
              </xClmn>
            </xRow>
            <xRow>
              <xClmn xALIGNx="left" xVALIGNx="top">
                <xText>4014,98</xText>
              </xClmn>
              <xClmn xALIGNx="left" xVALIGNx="top">
                <xText>6506,66</xText>
              </xClmn>
              <xClmn xALIGNx="left" xClmnSpan="6" xVALIGNx="top">
                <xText>Pozostało do zapłaty za 2006</xText>
              </xClmn>
              <xClmn xALIGNx="left" xClmnSpan="2" xVALIGNx="top">
                <xText>0</xText>
              </xClmn>
              <xClmn xALIGNx="left" xVALIGNx="top">
                <xText>0</xText>
              </xClmn>
            </xRow>
            <xRow>
              <xClmn xALIGNx="left" xVALIGNx="top">
                <xText>4014,98+</xText>
                <xText>1359,09 =</xText>
                <xText>
                  <xBx>5374,07</xBx>
                </xText>
              </xClmn>
              <xClmn xALIGNx="left" xVALIGNx="top">
                <xText>6506,66+</xText>
                <xText>9361,71 =</xText>
                <xText>
                  <xBx>15868,37</xBx>
                </xText>
              </xClmn>
              <xClmn xALIGNx="left" xClmnSpan="6" xVALIGNx="top">
                <xText>
                  <xBx>Suma pozostała do zapłaty </xBx>
                </xText>
              </xClmn>
              <xClmn xALIGNx="left" xClmnSpan="2" xVALIGNx="top">
                <xText>68,51</xText>
              </xClmn>
              <xClmn xALIGNx="left" xVALIGNx="top">
                <xText>471,93</xText>
              </xClmn>
            </xRow>
            <xRow>
              <xClmn xALIGNx="left" xClmnSpan="11" xVALIGNx="top">
                <xText>
                  <xBx>WPŁATA dokonana 03.08.2006, 4000 dla <xAnon>A. B.</xAnon>, 7500 dla <xAnon>D. B.</xAnon></xBx>
                </xText>
              </xClmn>
            </xRow>
            <xRow>
              <xClmn xALIGNx="left" xVALIGNx="top">
                <xText>- 7431,49</xText>
              </xClmn>
              <xClmn xALIGNx="left" xVALIGNx="top">
                <xText>- 3528,07</xText>
              </xClmn>
              <xClmn xALIGNx="left" xClmnSpan="6" xVALIGNx="top">
                <xText>Zaliczenie wpłaty na odsetki od alimentów oraz na alimenty</xText>
              </xClmn>
              <xClmn xALIGNx="left" xClmnSpan="2" xVALIGNx="top">
                <xText>-68,51</xText>
              </xClmn>
              <xClmn xALIGNx="left" xVALIGNx="top">
                <xText>-471,93</xText>
              </xClmn>
            </xRow>
            <xRow>
              <xClmn xALIGNx="left" xVALIGNx="top">
                <xText>
                  <xBx>Nadpłata </xBx>
                </xText>
                <xText>
                  <xBx>2057,42</xBx>
                </xText>
              </xClmn>
              <xClmn xALIGNx="left" xVALIGNx="top">
                <xText>
                  <xBx>Niedopłata</xBx>
                </xText>
                <xText>
                  <xBx>- 12340,30</xBx>
                </xText>
                
              </xClmn>
              <xClmn xALIGNx="left" xClmnSpan="6" xVALIGNx="top">
                
              </xClmn>
              <xClmn xALIGNx="left" xClmnSpan="2" xVALIGNx="top">
                
              </xClmn>
              <xClmn xALIGNx="left" xVALIGNx="top">
                
              </xClmn>
            </xRow>
          </xRows>
          
          <xRows>
            <xCOLGROUPx>
              <xCOLx xWIDTHx="178"/>
              <xCOLx xWIDTHx="178"/>
            </xCOLGROUPx>
            <xRow>
              <xClmn xALIGNx="left" xVALIGNx="top">
                <xText>Kwota alimentów niezapłaconych na rzecz <xAnon>A. B.</xAnon></xText>
                <xText>12340,30</xText>
              </xClmn>
              <xClmn xALIGNx="left" xVALIGNx="top">
                <xText>Dzień do którego odsetki są opłacone od kwot wymienionych w kolumnie 1</xText>
              </xClmn>
            </xRow>
            <xRow>
              <xClmn xALIGNx="left" xVALIGNx="top">
                <xText>5833,64</xText>
              </xClmn>
              <xClmn xALIGNx="left" xVALIGNx="top">
                <xText>03.08.2006</xText>
              </xClmn>
            </xRow>
            <xRow>
              <xClmn xALIGNx="left" xVALIGNx="top">
                <xText>5600</xText>
              </xClmn>
              <xClmn xALIGNx="left" xVALIGNx="top">
                <xText>01.08.2006</xText>
              </xClmn>
            </xRow>
            <xRow>
              <xClmn xALIGNx="left" xVALIGNx="top">
                <xText>800</xText>
              </xClmn>
              <xClmn xALIGNx="left" xVALIGNx="top">
                <xText>10.08.2006</xText>
              </xClmn>
            </xRow>
            <xRow>
              <xClmn xALIGNx="left" xVALIGNx="top">
                <xText>106,66</xText>
              </xClmn>
              <xClmn xALIGNx="left" xVALIGNx="top">
                <xText>04.09.2006</xText>
              </xClmn>
            </xRow>
          </xRows>
          
          <xText>W oparciu o powyższe ustalenia Sąd Rejonowy zważył, że powództwo zasługuje na częściowe uwzględnienie.</xText>
          <xText>Zgodnie z <xLexLink xArt="art. 840;art. 840 § 1;art. 840 § 1 pkt. 2" xIsapId="WDU19640430296" xTitle="Ustawa z dnia 17 listopada 1964 r. - Kodeks postępowania cywilnego" xAddress="Dz. U. z 1964 r. Nr 43, poz. 296">art. 840 § 1 pkt 2 kpc</xLexLink> dłużnik może w drodze powództwa żądać pozbawienia tytułu wykonawczego wykonalności w całości lub części albo ograniczenia, jeżeli po powstaniu tytułu egzekucyjnego nastąpiło zdarzenie, wskutek którego zobowiązanie wygasło albo nie może być egzekwowane; gdy tytułem jest orzeczenie sądowe, dłużnik może powództwo oprzeć także na zdarzeniach, które nastąpiły po zamknięciu rozprawy, a także zarzucie spełnienia świadczenia, jeżeli zarzut ten nie był przedmiotem rozpoznania w sprawie. Oznacza to, że przepis <xLexLink xArt="art. 840;art. 840 § 1;art. 840 § 1 pkt. 2" xIsapId="WDU19640430296" xTitle="Ustawa z dnia 17 listopada 1964 r. - Kodeks postępowania cywilnego" xAddress="Dz. U. z 1964 r. Nr 43, poz. 296">art. 840 § 1 pkt 2 kpc</xLexLink> daje dłużnikowi możliwość zwalczania tytułu wykonawczego w sytuacji, gdy już po powstaniu tytułu egzekucyjnego wystąpiły zdarzenia prowadzące do wygaśnięcia zobowiązania lub wskutek których zobowiązanie nie może być egzekwowane. Niewątpliwie dobrowolne spełnienie świadczenia przez dłużnika stanowi zdarzenie, którego nastąpienie po powstaniu tytułu egzekucyjnego (w przypadku orzeczenia sądowego – również po zamknięciu rozprawy), powoduje wygaśnięcie zobowiązania w całości lub w części i tym samym uzasadnia żądanie pozbawienia wykonalności tytułu wykonawczego. Jednocześnie wypada podkreślić, iż spłata zadłużenia nie powoduje automatycznego zakończenia postępowania egzekucyjnego, chyba że nastąpi ona do rąk komornika. Jeśli więc wierzyciel nie odstąpi od egzekucji, będzie się ona toczyła nadal, dopóki w drodze powództwa przeciwegzekucyjnego dłużnik nie obali tytułu wykonawczego. Tak więc ciężar udowodnienia, iż nastąpiła spłata należności objętych tytułem wykonawczym, zgodnie z treścią <xLexLink xArt="art. 6" xIsapId="WDU19640160093" xTitle="Ustawa z dnia 23 kwietnia 1964 r. - Kodeks cywilny" xAddress="Dz. U. z 1964 r. Nr 16, poz. 93">art. 6 kc</xLexLink>, spoczywa na dłużniku. W związku z powyższym to powód ma obowiązek wskazywać dowody dla stwierdzenia faktów, z których wywodzi korzystne dla siebie skutki prawne w postaci wygaśnięcia zobowiązania alimentacyjnego i jego także obciąża ryzyko niepowodzenia tego dowodu.</xText>
          <xText>Na początku rozważenia wymaga kwestia uiszczenia przez pozwanego należności tytułem alimentów. Kwoty zasądzone wyrokami, których pozbawienia wykonalności powód się domagał, zasądzone były zarówno na rzecz syna stron <xAnon>D. B.</xAnon>, jak i pozwanej <xAnon>A. B.</xAnon>. Ustalone na rzecz syna alimenty, zgodnie z treścią wyroków miały być wypłacane do rąk jego przedstawicielki ustawowej, tj. <xAnon>A. B.</xAnon>. Obowiązek świadczeń powoda na rzecz pozwanej został ustalony wyrokiem zaocznym przez Sąd Rejonowy w Białymstoku z 25 czerwca 2003 r. w sprawie V RC 154/03. Jako początkową datę powstania obowiązku wskazano dzień 18 marca 2003 r. Zatem, wbrew przedstawionemu przez pozwaną wyliczeniu, nie mogła ona zaliczać na poczet swojego zadłużenia kwot sprzed tej daty, ponieważ wcześniej powód nie miał obowiązku świadczenia na jej rzecz. Ten obowiązek został dopiero ustalony przez Sąd Rejonowy w Białymstoku, począwszy od daty tam wskazanej. Kwota alimentów za ten okres, tj. za marzec 2003 r. została zatem proporcjonalnie wyliczona na 209,68 zł.</xText>
          <xText>Obowiązek alimentacyjny powoda wobec pozwanej wygasł 04 września 2006 r., a zatem kwota alimentów za ten miesiąc została również proporcjonalnie zmniejszona.</xText>
          <xText>Powód przebywał poza granicami kraju, co do zasady przekazywał kwoty za pośrednictwem przekazów. W ich tytułach wskazywał, że stanowią one wpłaty tytułem alimentów. Czasami wpłaty były bardziej uszczegółowione, tzn. wskazywały za jaki okres są dokonywane. Zdarzały się także sytuacje, w których pozwana kwitowała odbiór alimentów wskazując wysokość otrzymanej kwoty, datę wpłaty, a w jednym przypadku także zaliczenie na poczet konkretnego okresu alimentacyjnego.</xText>
          <xText>Sąd Rejonowy uznał, że na poczet alimentów należnych <xAnon>A. B.</xAnon>w okresie od 18 marca 2003 r. do 04 września 2006 r. i <xAnon>D. B.</xAnon>– od 18 marca 2003 r. do 10 września 2006 r. (jednakże w jego przypadku obowiązek alimentacyjny nie wygasł, a zatem kwota nadpłacona, nie mogła być zarachowana w inny sposób niż na spełnienie świadczenia na jego rzecz) dokonane zostały następujące kwoty: 1200 USD, 4500 USD, 2000 USD, 1000 USD, 1300 USD, 4000 zł i 7500 zł. Kwoty 4000 zł i 7500 zł nie zostały potwierdzone dokumentami. W aktach komorniczych znajdują się potwierdzenia wpłat z tożsamej daty na kwoty niższe (tj. 3610 zł – k 62 z akt Kmp 19/2007 i 7210 zł – k. 20 i 21 z akt Kmp 27/2007). Jednakże Sąd uznał, iż skoro wierzycielka podała, iż otrzymała kwoty we wskazanych wysokościach i sama w swoich rozliczeniach zarachowywała je w tych wysokościach (k. 68), Sąd również uwzględnił je w podanych przez pozwaną wysokościach.</xText>
          <xText>Sąd Rejonowy odniósł się do stanowiska pozwanej, w którym podała, że nie wszystkie pieniądze otrzymywane za pośrednictwem przekazów zaliczyła na poczet alimentów. Chodzi o kwoty 4500 USD i 1200 USD, z których 1200 USD przekazała na czesne córki, zaś kwotę 650 USD przeznaczyła na zakup biletu dla syna na wyjazd do USA. Analiza zgromadzonego materiału dowodowego nie powaliła na ustalenie, że dokonywane wpłaty wolą obu stron miały być zaliczone na inny cel aniżeli alimenty. Powód wyraźnie we wskazanych przekazach określił tytuły dokonywanych wpłat. Zadysponowanie przez pozwaną wyżej wymienionymi kwotami w inny sposób, należy potraktować jako jej samodzielną decyzję. Samo złożenie przez córkę oświadczenia o sposobie zadysponowania otrzymanymi środkami, nie potwierdza okoliczności podawanej przez pozwaną. Pozwana jako matka mogła zdecydować o przekazaniu środków przez nią otrzymanych na studia córki, niekoniecznie w ustaleniu z powodem, albowiem wskazana kwota pozostawała w jej dyspozycji. Te same argumenty podnieść należy w kwestii kwoty przekazanej na bilet do USA dla syna.</xText>
          <xText>Sąd Rejonowy nie dał wiary przedłożonemu przez powoda oświadczeniu <xAnon>M. B.</xAnon>z 13 maja 2006 r. (k. 9) o pośredniczeniu w comiesięcznym przekazywaniu kwot stanowiących alimenty na rzecz <xAnon>D. B.</xAnon>od chwili ich zasądzenia. Przedstawiony dokument w świetle zgromadzonych dowodów jest niewiarygodny. Wskazać należy, że strony w swoich relacjach zachowywały „ograniczone” zaufanie, co wiązało się z kwitowaniem podpisami wzajemnych rozliczeń finansowych (jak na k. 9v.), a brak jest podpisu <xAnon>A. B.</xAnon> na wymienionym dokumencie. Pozwana natomiast nie potwierdziła okoliczności wskazanej w oświadczeniu i podała, że otrzymała od córki kwoty po 500 USD dwukrotnie, po jej powrocie ze <xAnon>S.</xAnon>, ale dotyczyły one lat 2001 i 2002 i za każdym razem kwitowała je podpisem.</xText>
          <xText>Wpłaty dokonywane na rzecz <xAnon>D. B.</xAnon>po ustaniu obowiązku alimentacyjnego wobec <xAnon>A. B.</xAnon>nie były uwzględniane w przedmiotowych rozliczeniach, albowiem wytoczone powództwo dotyczyło pozbawienia wykonalności w zakresie dotyczącym wyłącznie <xAnon>A. B.</xAnon>. Wpłaty dokonywane na poczet alimentów na syna zostały uwzględnione w zakresie w jakim konieczne było ustalenie wysokości zobowiązań wobec pozwanej, do której rąk - jednocześnie we wskazanym okresie - wypłacane były alimenty na rzecz <xAnon>D. B.</xAnon>.</xText>
          <xText>Okoliczność terminu wypłaty przekazywanych pieniędzy i przeliczenia ich na złotówki nie była sporna między stronami. Sąd uwzględnił średni kurs dolara amerykańskiego ogłaszany przez NBP w dniach dokonanych przekazów, sporządzanych oświadczeń o przyjęciu należności. Zaś okoliczność, iż <xAnon>A. B.</xAnon>otrzymała przekazem kwotę 4000 zł, a jej syn 7500 zł, Sąd uznał za przyznaną - kwoty te pozwana wskazywała jako otrzymane, a strona przeciwna ich nie kwestionowała.</xText>
          <xText>Jeżeli zaś chodzi o zaliczenie dokonywanych wpłat, Sąd miał przede wszystkim na uwadze treść <xLexLink xArt="art. 451" xIsapId="WDU19640160093" xTitle="Ustawa z dnia 23 kwietnia 1964 r. - Kodeks cywilny" xAddress="Dz. U. z 1964 r. Nr 16, poz. 93">art. 451 kc</xLexLink>, który stanowi, że dłużnik mający względem tego samego wierzyciela kilka długów tego samego rodzaju może przy spełnieniu świadczenia wskazać, który dług chce zaspokoić. Jednakże to, co przypada na poczet danego długu, wierzyciel może przede wszystkim zaliczyć na związane z tym długiem zaległe należności uboczne oraz na zalegające świadczenia główne. W braku oświadczenia dłużnika lub wierzyciela spełnione świadczenie zalicza się przede wszystkim na poczet długu wymagalnego, a jeżeli jest kilka długów wymagalnych - na poczet najdawniej wymagalnego (§ 3).</xText>
          <xText>Powód w większości dokonanych wpłat nie wskazywał na poczet kogo i za jaki okres uiszcza alimenty. Pozwana jako wierzyciel, mogła zatem zarachować dokonywane wpłaty, zgodnie z wyżej wymienionym przepisem. Tak też czyniła, co jednoznacznie wynika z przedłożonych przez nią zestawień. W pierwszej kolejności zaliczała ona wpłatę na rzecz należności ubocznych, tj. odsetek narosłych od zobowiązań, później na rzecz zaległych należności na rzecz syna, a dopiero w ostatniej kolejności dokonywała zaliczeń na swoją rzecz. Taka też była jej wola. Jednakże w pewnych sytuacjach powód wskazywał na co konkretnie uiszcza należności i w takiej sytuacji wpłacona kwota musiała być zaliczona na wskazany cel, choć wierzyciel miał prawo do zaliczenia na zaległe należności uboczne związane z tym długiem.</xText>
          <xText>W okolicznościach niniejszej sprawy, z uwagi na stanowiska stron, koniecznym było dokonanie szczegółowych wyliczeń dokonanych przez powoda wpłat i sposobu ich zaliczenia na zasądzone alimenty. W ocenie Sądu, do dokonania tych rozliczeń nie była wymagana wiedza specjalna, albowiem czynności zmierzające do ustalenia zakresu spełnienia obowiązku alimentacyjnego sprowadzały się do wyliczenia należnych odsetek i właściwego zarachowania dokonanych wpłat. Swoje wyliczenia Sąd zamieścił w tabelce uznając, iż taki sposób ujawnienia dokonanego sposobu rozliczenia będzie najbardziej czytelny. Ponadto poniżej dokonane zostanie jej omówienie.</xText>
          <xText>W tytułach wykonawczych zastrzeżone były odsetki ustawowe w przypadku nieterminowych wpłat. Wskazana w wyroku z 25 czerwca 2003 r. przez Sąd Rejonowy w Białymstoku ich wysokość odpowiadała wysokości odsetek ustawowych na dzień wyrokowania. Wysokość odsetek ustawowych ustalona była przez kolejne rozporządzenia Rady Ministrów w sprawie określenia wysokości odsetek ustawowych z dni: 30 stycznia 2003 r. (Dz.U. z 2003 r. Nr 14 poz. 137), 18 września 2003 r. (Dz.U. z 2003 r. Nr 166 poz. 1613), 04 stycznia 2005 r. (Dz.U. z 2005 r. Nr 3 poz. 16), 13 października 2005 r. (Dz.U. z 2005 r. Nr 201 poz.1662) i od 18 marca 2003 r. do 04 września 2006 r. w poszczególnych okresach w skali roku wynosiła: od 18 marca 2003 r. do 24 września 2003 r. – 13% , od 25 września 2003 r. do 09 stycznia 2005 r. – 12,25 %, od 10 stycznia 2005 r. do 14 października 2005 r. – 13,5 % i od 15 października 2005 r. do 03 sierpnia 2007 r. – 11,5 %. Sąd zastosował wskazane wyżej skale odsetek w przypadkach nieterminowego regulowania zobowiązań przez powoda.</xText>
          <xText>Pierwsza wpłata z 06 grudnia 2003 r. opiewała na kwotę 4582,32 zł (1200 USD). Dłużnik w tytule przelewu wskazał, że uiszczona ona została na poczet alimentów. Zaliczenie w pierwszej kolejności nastąpiło na poczet odsetek (203,81 zł i 203,81 zł), pozostałą kwotę zaliczono na poczet wymagalnych alimentów na rzecz <xAnon>D. B.</xAnon>za okres od 18 marca 2003 r. do 10 listopada 2003 r. – z tym, że kwota alimentów za listopad 2003 r. nie została w całości pokryta – do zapłaty pozostało 34,98 zł. Kolejną wpłatę, dokonaną 18 stycznia 2004 r. zaliczono w ten sam sposób. Po jej dokonaniu pozostała nadpłata w kwocie 10852,58 zł, którą zaliczono na poczet alimentów do dnia 10 grudnia 2004 r. w przypadku syna w całości, natomiast w przypadku <xAnon>A. B.</xAnon>do zapłaty z tytułu alimentów za grudzień 2004 r. pozostała kwota 147,42 zł. Wpłata dokonana 31 stycznia 2005 r. w kwocie 6240 zł (2000 USD), zgodnie z tytułem wpłaty, została w całości zaliczona na poczet alimentów należnych <xAnon>D. B.</xAnon>, tj. za okres od stycznia 2005 r. do sierpnia 2005 r. – z tym, że za sierpień pozostało do zapłaty 110 zł. Wyrokiem z 08 listopada 2005 r. Sąd Rejonowy dla Warszawy – Mokotowa w Warszawie podwyższył z dniem 09 lutego 2005 r. wysokość alimentów, dlatego też Sąd wyliczył proporcjonalnie należne świadczenie za ten okres. Wpłatę dokonaną 24 lutego 2006 r. (3180,70 zł) zaliczono w pierwszej kolejności na wszystkie dotychczasowe odsetki (z tytułu zaległości na rzecz syna i byłej żony), a następnie na poczet alimentów na rzecz <xAnon>D.</xAnon>za okres częściowo od sierpnia 2005 r. do listopada 2005 r. do kwoty 340,91 zł. Na dzień 24 lutego 2006 r. do zapłaty pozostała kwota 10961,71 zł z tytułu alimentów na rzecz <xAnon>A. B.</xAnon>i 3059,09 zł – na rzecz syna. Kolejna wpłata z 01 sierpnia 2006 r. na kwotę 4014,53 zł (1300 USD) dokonana została ze wskazaniem, jakiego okresu alimentów dotyczy, tj. za 2006 r. Zatem w pierwszej kolejności zaliczono ją na odsetki za 2006 r. (195,50zł i 184,01 zł) i na rzecz alimentów na <xAnon>D. B.</xAnon>za 2006 r. do wysokości 3635,02 zł za okres od stycznia 2006 r. do maja 2006 r. do kwoty 235,02 zł. Wpłata z 03 sierpnia 2007 r. wskazywała jakie kwoty na czyją rzecz zostały uiszczone. Kwotę 7500 zł wpłaconą na rzecz i do rąk pełnoletniego już <xAnon>D. B.</xAnon>w pierwszej kolejności zaliczono na odsetki należne za 2005 r., w dalszej części na rzecz zaległych mu alimentów. Alimenty na rzecz syna, w ocenie Sądu, za ten okres zostały uiszczone, pozostała nadpłata – która ze względów, o których była już mowa, tj. dalszego istnienia obowiązku alimentacyjnego, nie została zaliczona na poczet należności przypadających byłej żonie. Obowiązek alimentacyjny powoda wobec pozwanej wygasł 04 września 2006 r., zatem za ten miesiąc kwota alimentów została proporcjonalnie wyliczona na kwotę 106,66 zł, natomiast w stosunku do syna obowiązek alimentacyjny istniał dalej, dlatego za wrzesień 2006 r. do rozliczeń przyjęto pełną kwotę przypadającą <xAnon>D. B.</xAnon>w kwocie 850 zł. Wpłata dokonana 03 sierpnia 2007 r. na rzecz <xAnon>A. B.</xAnon>w kwocie 4000 zł została zaliczona w pierwszej kolejności na odsetki za 2005 r. wyliczone do dnia wpłaty, w pozostałej wysokości na poczet zaległości z tytułu alimentów. Pozostała do zapłaty kwota 12340,30 zł na rzecz <xAnon>A. B.</xAnon>dotyczy alimentów za następujące okresy: od maja 2005 r. w części, tj. co do kwoty 233,64 zł do grudnia 2005 r. (5833,64 zł), od stycznia do lipca 2006 r. (5600 zł), za sierpień 2006 r. (800 zł) i za wrzesień 2006 r. (106,66 zł). Odsetki od poszczególnych kwot należą się od dat wskazanych w wyroku, albowiem do tych dat kwoty należne tytułem odsetek były uiszczone i zaliczane pierwszej kolejności na ich rzecz, zgodnie z wolą wierzycielki oraz <xLexLink xArt="art. 451" xIsapId="WDU19640160093" xTitle="Ustawa z dnia 23 kwietnia 1964 r. - Kodeks cywilny" xAddress="Dz. U. z 1964 r. Nr 16, poz. 93">art. 451 kc.</xLexLink></xText>
          <xText>Mając powyższe na uwadze stwierdzić należy, iż powód nie wywiązał się w całości z ciążącego na nim względem byłej żony obowiązku alimentacyjnego. Dlatego jego powództwo nie mogło być uwzględnione w żądanym zakresie. Sąd pozbawił, na podstawie <xLexLink xArt="art. 840;art. 840 § 1;art. 840 § 1 pkt. 2" xIsapId="WDU19640430296" xTitle="Ustawa z dnia 17 listopada 1964 r. - Kodeks postępowania cywilnego" xAddress="Dz. U. z 1964 r. Nr 43, poz. 296">art. 840 § 1 pkt 2 kpc</xLexLink>, wskazany w punkcie I wyroku tytuł wykonawczy wykonalności w całości w zakresie dotyczącym <xAnon>A. B.</xAnon>, natomiast drugi tytuł wykonawczy pozbawił wykonalności, również w zakresie dotyczącym <xAnon>A. B.</xAnon>, jedynie w części, tj. ponad kwotę wskazaną w punkcie II wyroku oraz ponad ustawowe odsetki szczegółowo tam wymienione.</xText>
          <xText>Sąd Rejonowy popełnił omyłkę, dostrzeżoną na etapie sporządzania uzasadnienia, która nie kwalifikowała się na ewentualne sprostowanie wyroku, a dotyczyła poczynionego na etapie przygotowywania rozstrzygnięcia założenia, które w efekcie miało wpływ na merytoryczną treść wyroku. Omyłka dotyczyła daty, a w zasadzie roku wpłaty kwot 4000 zł i 7500 zł - winno być 03 sierpień 2007 r., a wskazano 03 sierpień 2006 r. Popełniona omyłka, miała wpływ na dokonane rozliczenia, które przy prawidłowym wyliczeniu winny wyglądać następująco (naniesione zmiany zostały podkreślone i wytłuszczone):</xText>
          
          <xRows>
            <xCOLGROUPx>
              <xCOLx xWIDTHx="96"/>
              <xCOLx xWIDTHx="98"/>
              <xCOLx xWIDTHx="55"/>
              <xCOLx xWIDTHx="55"/>
              <xCOLx xWIDTHx="109"/>
              <xCOLx xWIDTHx="76"/>
              <xCOLx xWIDTHx="33"/>
              <xCOLx xWIDTHx="11"/>
              <xCOLx xWIDTHx="77"/>
              <xCOLx xWIDTHx="33"/>
              <xCOLx xWIDTHx="77"/>
            </xCOLGROUPx>
            <xRow>
              <xClmn xALIGNx="left" xVALIGNx="top">
                <xText>Należność <xAnon>D. B.</xAnon></xText>
              </xClmn>
              <xClmn xALIGNx="left" xVALIGNx="top">
                <xText>Należność <xAnon>A. B.</xAnon></xText>
              </xClmn>
              <xClmn xALIGNx="left" xClmnSpan="2" xVALIGNx="top">
                <xText>Data wymagalności</xText>
                
              </xClmn>
              <xClmn xALIGNx="left" xClmnSpan="2" xVALIGNx="top">
                <xText>Data wpłaty</xText>
              </xClmn>
              <xClmn xALIGNx="left" xClmnSpan="3" xVALIGNx="top">
                <xText>Odsetki <xAnon>D. B.</xAnon></xText>
              </xClmn>
              <xClmn xALIGNx="left" xClmnSpan="2" xVALIGNx="top">
                <xText>Odsetki <xAnon>A. B.</xAnon></xText>
              </xClmn>
            </xRow>
            <xRow>
              <xClmn xALIGNx="left" xVALIGNx="top">
                <xText>209,68</xText>
              </xClmn>
              <xClmn xALIGNx="left" xVALIGNx="top">
                <xText>209,68</xText>
              </xClmn>
              <xClmn xALIGNx="left" xClmnSpan="2" xVALIGNx="top">
                <xText>18.03.2003</xText>
              </xClmn>
              <xClmn xALIGNx="left" xClmnSpan="2" xVALIGNx="top">
                <xText>06.12.2003</xText>
              </xClmn>
              <xClmn xALIGNx="left" xClmnSpan="3" xVALIGNx="top">
                <xText>19,33</xText>
              </xClmn>
              <xClmn xALIGNx="left" xClmnSpan="2" xVALIGNx="top">
                <xText>19,33</xText>
              </xClmn>
            </xRow>
            <xRow>
              <xClmn xALIGNx="left" xVALIGNx="top">
                <xText>500</xText>
              </xClmn>
              <xClmn xALIGNx="left" xVALIGNx="top">
                <xText>500</xText>
              </xClmn>
              <xClmn xALIGNx="left" xClmnSpan="2" xVALIGNx="top">
                <xText>10.04.2003</xText>
              </xClmn>
              <xClmn xALIGNx="left" xClmnSpan="2" xVALIGNx="top">
                <xText>06.12.2003</xText>
              </xClmn>
              <xClmn xALIGNx="left" xClmnSpan="3" xVALIGNx="top">
                <xText>41,99</xText>
              </xClmn>
              <xClmn xALIGNx="left" xClmnSpan="2" xVALIGNx="top">
                <xText>41,99</xText>
              </xClmn>
            </xRow>
            <xRow>
              <xClmn xALIGNx="left" xVALIGNx="top">
                <xText>500</xText>
              </xClmn>
              <xClmn xALIGNx="left" xVALIGNx="top">
                <xText>500</xText>
              </xClmn>
              <xClmn xALIGNx="left" xClmnSpan="2" xVALIGNx="top">
                <xText>10.05.2003</xText>
              </xClmn>
              <xClmn xALIGNx="left" xClmnSpan="2" xVALIGNx="top">
                <xText>06.12.2003</xText>
              </xClmn>
              <xClmn xALIGNx="left" xClmnSpan="3" xVALIGNx="top">
                <xText>36,65</xText>
              </xClmn>
              <xClmn xALIGNx="left" xClmnSpan="2" xVALIGNx="top">
                <xText>36,65</xText>
              </xClmn>
            </xRow>
            <xRow>
              <xClmn xALIGNx="left" xVALIGNx="top">
                <xText>500</xText>
              </xClmn>
              <xClmn xALIGNx="left" xVALIGNx="top">
                <xText>500</xText>
              </xClmn>
              <xClmn xALIGNx="left" xClmnSpan="2" xVALIGNx="top">
                <xText>10.06.2003</xText>
              </xClmn>
              <xClmn xALIGNx="left" xClmnSpan="2" xVALIGNx="top">
                <xText>06.12.2003</xText>
              </xClmn>
              <xClmn xALIGNx="left" xClmnSpan="3" xVALIGNx="top">
                <xText>31,13</xText>
              </xClmn>
              <xClmn xALIGNx="left" xClmnSpan="2" xVALIGNx="top">
                <xText>31,13</xText>
              </xClmn>
            </xRow>
            <xRow>
              <xClmn xALIGNx="left" xVALIGNx="top">
                <xText>500</xText>
              </xClmn>
              <xClmn xALIGNx="left" xVALIGNx="top">
                <xText>500</xText>
              </xClmn>
              <xClmn xALIGNx="left" xClmnSpan="2" xVALIGNx="top">
                <xText>10.07.2003</xText>
              </xClmn>
              <xClmn xALIGNx="left" xClmnSpan="2" xVALIGNx="top">
                <xText>06.12.2003</xText>
              </xClmn>
              <xClmn xALIGNx="left" xClmnSpan="3" xVALIGNx="top">
                <xText>25,78</xText>
              </xClmn>
              <xClmn xALIGNx="left" xClmnSpan="2" xVALIGNx="top">
                <xText>25,78</xText>
              </xClmn>
            </xRow>
            <xRow>
              <xClmn xALIGNx="left" xVALIGNx="top">
                <xText>500</xText>
              </xClmn>
              <xClmn xALIGNx="left" xVALIGNx="top">
                <xText>500</xText>
              </xClmn>
              <xClmn xALIGNx="left" xClmnSpan="2" xVALIGNx="top">
                <xText>10.08.2003</xText>
              </xClmn>
              <xClmn xALIGNx="left" xClmnSpan="2" xVALIGNx="top">
                <xText>06.12.2003</xText>
              </xClmn>
              <xClmn xALIGNx="left" xClmnSpan="3" xVALIGNx="top">
                <xText>20,26</xText>
              </xClmn>
              <xClmn xALIGNx="left" xClmnSpan="2" xVALIGNx="top">
                <xText>20,26</xText>
              </xClmn>
            </xRow>
            <xRow>
              <xClmn xALIGNx="left" xVALIGNx="top">
                <xText>500</xText>
              </xClmn>
              <xClmn xALIGNx="left" xVALIGNx="top">
                <xText>500</xText>
              </xClmn>
              <xClmn xALIGNx="left" xClmnSpan="2" xVALIGNx="top">
                <xText>10.09.2003</xText>
              </xClmn>
              <xClmn xALIGNx="left" xClmnSpan="2" xVALIGNx="top">
                <xText>06.12.2003</xText>
              </xClmn>
              <xClmn xALIGNx="left" xClmnSpan="3" xVALIGNx="top">
                <xText>14,74</xText>
              </xClmn>
              <xClmn xALIGNx="left" xClmnSpan="2" xVALIGNx="top">
                <xText>14,74</xText>
              </xClmn>
            </xRow>
            <xRow>
              <xClmn xALIGNx="left" xVALIGNx="top">
                <xText>500</xText>
              </xClmn>
              <xClmn xALIGNx="left" xVALIGNx="top">
                <xText>500</xText>
              </xClmn>
              <xClmn xALIGNx="left" xClmnSpan="2" xVALIGNx="top">
                <xText>10.10.2003</xText>
              </xClmn>
              <xClmn xALIGNx="left" xClmnSpan="2" xVALIGNx="top">
                <xText>06.12.2003</xText>
              </xClmn>
              <xClmn xALIGNx="left" xClmnSpan="3" xVALIGNx="top">
                <xText>9,57</xText>
              </xClmn>
              <xClmn xALIGNx="left" xClmnSpan="2" xVALIGNx="top">
                <xText>9,57</xText>
              </xClmn>
            </xRow>
            <xRow>
              <xClmn xALIGNx="left" xVALIGNx="top">
                <xText>500</xText>
              </xClmn>
              <xClmn xALIGNx="left" xVALIGNx="top">
                <xText>500</xText>
              </xClmn>
              <xClmn xALIGNx="left" xClmnSpan="2" xVALIGNx="top">
                <xText>10.11.2003</xText>
              </xClmn>
              <xClmn xALIGNx="left" xClmnSpan="2" xVALIGNx="top">
                <xText>06.12.2003</xText>
              </xClmn>
              <xClmn xALIGNx="left" xClmnSpan="3" xVALIGNx="top">
                <xText>4,36</xText>
              </xClmn>
              <xClmn xALIGNx="left" xClmnSpan="2" xVALIGNx="top">
                <xText>4,36</xText>
              </xClmn>
            </xRow>
            <xRow>
              <xClmn xALIGNx="left" xClmnSpan="11" xVALIGNx="top">
                <xText>
                  <xBx>WPŁATA 1200 USD x 3,8186= 4582,32 zł W DNIU 06.12.2003</xBx>
                </xText>
              </xClmn>
            </xRow>
            <xRow>
              <xClmn xALIGNx="left" xVALIGNx="top">
                <xText>Suma 4209,68</xText>
              </xClmn>
              <xClmn xALIGNx="left" xVALIGNx="top">
                <xText>Suma 4209,68</xText>
              </xClmn>
              <xClmn xALIGNx="left" xClmnSpan="2" xVALIGNx="top">
                
              </xClmn>
              <xClmn xALIGNx="left" xClmnSpan="3" xVALIGNx="top">
                
              </xClmn>
              <xClmn xALIGNx="left" xClmnSpan="2" xVALIGNx="top">
                <xText>Suma</xText>
                <xText>203,81</xText>
              </xClmn>
              <xClmn xALIGNx="left" xClmnSpan="2" xVALIGNx="top">
                <xText>Suma</xText>
                <xText>203,81</xText>
              </xClmn>
            </xRow>
            <xRow>
              <xClmn xALIGNx="left" xVALIGNx="top">
                <xText>- 4174,70</xText>
              </xClmn>
              <xClmn xALIGNx="left" xVALIGNx="top">
                
              </xClmn>
              <xClmn xALIGNx="left" xClmnSpan="5" xVALIGNx="top">
                <xText>Zaliczenie wpłaty</xText>
              </xClmn>
              <xClmn xALIGNx="left" xClmnSpan="2" xVALIGNx="top">
                <xText>- 203,81</xText>
              </xClmn>
              <xClmn xALIGNx="left" xClmnSpan="2" xVALIGNx="top">
                <xText>- 203,81</xText>
              </xClmn>
            </xRow>
            <xRow>
              <xClmn xALIGNx="left" xVALIGNx="top">
                <xText>34,98</xText>
              </xClmn>
              <xClmn xALIGNx="left" xVALIGNx="top">
                <xText>4209,68</xText>
              </xClmn>
              <xClmn xALIGNx="left" xClmnSpan="5" xVALIGNx="top">
                <xText>Pozostało do zapłaty na dzień 06.12.2003 r.</xText>
              </xClmn>
              <xClmn xALIGNx="left" xClmnSpan="2" xVALIGNx="top">
                <xText>0</xText>
              </xClmn>
              <xClmn xALIGNx="left" xClmnSpan="2" xVALIGNx="top">
                <xText>0</xText>
              </xClmn>
            </xRow>
            <xRow>
              <xClmn xALIGNx="left" xVALIGNx="top">
                <xText>34,98</xText>
              </xClmn>
              <xClmn xALIGNx="left" xVALIGNx="top">
                <xText>4209,68</xText>
              </xClmn>
              <xClmn xALIGNx="left" xClmnSpan="2" xVALIGNx="top">
                <xText>06.12.2003</xText>
              </xClmn>
              <xClmn xALIGNx="left" xClmnSpan="3" xVALIGNx="top">
                <xText>18.01.2004</xText>
              </xClmn>
              <xClmn xALIGNx="left" xClmnSpan="2" xVALIGNx="top">
                <xText>0,50</xText>
              </xClmn>
              <xClmn xALIGNx="left" xClmnSpan="2" xVALIGNx="top">
                <xText>60,75</xText>
              </xClmn>
            </xRow>
            <xRow>
              <xClmn xALIGNx="left" xVALIGNx="top">
                <xText>500</xText>
              </xClmn>
              <xClmn xALIGNx="left" xVALIGNx="top">
                <xText>500</xText>
              </xClmn>
              <xClmn xALIGNx="left" xClmnSpan="2" xVALIGNx="top">
                <xText>10.12.2003</xText>
              </xClmn>
              <xClmn xALIGNx="left" xClmnSpan="3" xVALIGNx="top">
                <xText>18.01.2004</xText>
              </xClmn>
              <xClmn xALIGNx="left" xClmnSpan="2" xVALIGNx="top">
                <xText>6,54</xText>
              </xClmn>
              <xClmn xALIGNx="left" xClmnSpan="2" xVALIGNx="top">
                <xText>6,54</xText>
              </xClmn>
            </xRow>
            <xRow>
              <xClmn xALIGNx="left" xVALIGNx="top">
                <xText>500</xText>
              </xClmn>
              <xClmn xALIGNx="left" xVALIGNx="top">
                <xText>500</xText>
              </xClmn>
              <xClmn xALIGNx="left" xClmnSpan="2" xVALIGNx="top">
                <xText>10.01.2004</xText>
              </xClmn>
              <xClmn xALIGNx="left" xClmnSpan="3" xVALIGNx="top">
                <xText>18.01.2004</xText>
              </xClmn>
              <xClmn xALIGNx="left" xClmnSpan="2" xVALIGNx="top">
                <xText>1,34</xText>
              </xClmn>
              <xClmn xALIGNx="left" xClmnSpan="2" xVALIGNx="top">
                <xText>1,34</xText>
              </xClmn>
            </xRow>
            <xRow>
              <xClmn xALIGNx="left" xClmnSpan="11" xVALIGNx="top">
                <xText>
                  <xBx>WPŁATA 4500 USD x 3,8165= 17174,25 zł W DNIU 18.01.2004</xBx>
                </xText>
              </xClmn>
            </xRow>
            <xRow>
              <xClmn xALIGNx="left" xVALIGNx="top">
                <xText>Suma</xText>
                <xText>1034,98</xText>
              </xClmn>
              <xClmn xALIGNx="left" xVALIGNx="top">
                <xText>Suma</xText>
                <xText>5209,68</xText>
              </xClmn>
              <xClmn xALIGNx="left" xClmnSpan="2" xVALIGNx="top">
                
              </xClmn>
              <xClmn xALIGNx="left" xClmnSpan="4" xVALIGNx="top">
                
              </xClmn>
              <xClmn xALIGNx="left" xClmnSpan="2" xVALIGNx="top">
                <xText>Suma</xText>
                <xText>8,38</xText>
              </xClmn>
              <xClmn xALIGNx="left" xVALIGNx="top">
                <xText>Suma</xText>
                <xText>68,63</xText>
              </xClmn>
            </xRow>
            <xRow>
              <xClmn xALIGNx="left" xVALIGNx="top">
                <xText>- 1034,98</xText>
              </xClmn>
              <xClmn xALIGNx="left" xVALIGNx="top">
                <xText>- 5209,68</xText>
              </xClmn>
              <xClmn xALIGNx="left" xClmnSpan="6" xVALIGNx="top">
                <xText>Zaliczenie wpłaty</xText>
              </xClmn>
              <xClmn xALIGNx="left" xClmnSpan="2" xVALIGNx="top">
                <xText>-8,38</xText>
              </xClmn>
              <xClmn xALIGNx="left" xVALIGNx="top">
                <xText>-68,63</xText>
              </xClmn>
            </xRow>
            <xRow>
              <xClmn xALIGNx="left" xVALIGNx="top">
                <xText>0</xText>
              </xClmn>
              <xClmn xALIGNx="left" xVALIGNx="top">
                <xText>0</xText>
              </xClmn>
              <xClmn xALIGNx="left" xClmnSpan="6" xVALIGNx="top">
                <xText>Na dzień 18.01.2004 <xBx>nadpłata</xBx> w kwocie</xText>
                <xText>
                  <xBx>10852,58 zł</xBx>
                </xText>
              </xClmn>
              <xClmn xALIGNx="left" xClmnSpan="2" xVALIGNx="top">
                <xText>0</xText>
              </xClmn>
              <xClmn xALIGNx="left" xVALIGNx="top">
                <xText>0</xText>
              </xClmn>
            </xRow>
            <xRow>
              <xClmn xALIGNx="left" xVALIGNx="top">
                <xText>500</xText>
              </xClmn>
              <xClmn xALIGNx="left" xVALIGNx="top">
                <xText>500</xText>
              </xClmn>
              <xClmn xALIGNx="left" xClmnSpan="2" xVALIGNx="top">
                <xText>10.02.2004</xText>
              </xClmn>
              <xClmn xALIGNx="left" xClmnSpan="4" xVALIGNx="top">
                <xText>18.01.2004</xText>
              </xClmn>
              <xClmn xALIGNx="left" xClmnSpan="2" xVALIGNx="top">
                <xText>0</xText>
              </xClmn>
              <xClmn xALIGNx="left" xVALIGNx="top">
                <xText>0</xText>
              </xClmn>
            </xRow>
            <xRow>
              <xClmn xALIGNx="left" xVALIGNx="top">
                <xText>500</xText>
              </xClmn>
              <xClmn xALIGNx="left" xVALIGNx="top">
                <xText>500</xText>
              </xClmn>
              <xClmn xALIGNx="left" xClmnSpan="2" xVALIGNx="top">
                <xText>10.03.2004</xText>
              </xClmn>
              <xClmn xALIGNx="left" xClmnSpan="4" xVALIGNx="top">
                <xText>18.01.2004</xText>
              </xClmn>
              <xClmn xALIGNx="left" xClmnSpan="2" xVALIGNx="top">
                <xText>0</xText>
              </xClmn>
              <xClmn xALIGNx="left" xVALIGNx="top">
                <xText>0</xText>
              </xClmn>
            </xRow>
            <xRow>
              <xClmn xALIGNx="left" xVALIGNx="top">
                <xText>500</xText>
              </xClmn>
              <xClmn xALIGNx="left" xVALIGNx="top">
                <xText>500</xText>
              </xClmn>
              <xClmn xALIGNx="left" xClmnSpan="2" xVALIGNx="top">
                <xText>10.04.2004</xText>
              </xClmn>
              <xClmn xALIGNx="left" xClmnSpan="4" xVALIGNx="top">
                <xText>18.01.2004</xText>
              </xClmn>
              <xClmn xALIGNx="left" xClmnSpan="2" xVALIGNx="top">
                <xText>0</xText>
              </xClmn>
              <xClmn xALIGNx="left" xVALIGNx="top">
                <xText>0</xText>
              </xClmn>
            </xRow>
            <xRow>
              <xClmn xALIGNx="left" xVALIGNx="top">
                <xText>500</xText>
              </xClmn>
              <xClmn xALIGNx="left" xVALIGNx="top">
                <xText>500</xText>
              </xClmn>
              <xClmn xALIGNx="left" xClmnSpan="2" xVALIGNx="top">
                <xText>10.05.2004</xText>
              </xClmn>
              <xClmn xALIGNx="left" xClmnSpan="4" xVALIGNx="top">
                <xText>18.01.2004</xText>
              </xClmn>
              <xClmn xALIGNx="left" xClmnSpan="2" xVALIGNx="top">
                <xText>0</xText>
              </xClmn>
              <xClmn xALIGNx="left" xVALIGNx="top">
                <xText>0</xText>
              </xClmn>
            </xRow>
            <xRow>
              <xClmn xALIGNx="left" xVALIGNx="top">
                <xText>500</xText>
              </xClmn>
              <xClmn xALIGNx="left" xVALIGNx="top">
                <xText>500</xText>
              </xClmn>
              <xClmn xALIGNx="left" xClmnSpan="2" xVALIGNx="top">
                <xText>10.06.2004</xText>
              </xClmn>
              <xClmn xALIGNx="left" xClmnSpan="4" xVALIGNx="top">
                <xText>18.01.2004</xText>
              </xClmn>
              <xClmn xALIGNx="left" xClmnSpan="2" xVALIGNx="top">
                <xText>0</xText>
              </xClmn>
              <xClmn xALIGNx="left" xVALIGNx="top">
                <xText>0</xText>
              </xClmn>
            </xRow>
            <xRow>
              <xClmn xALIGNx="left" xVALIGNx="top">
                <xText>500</xText>
              </xClmn>
              <xClmn xALIGNx="left" xVALIGNx="top">
                <xText>500</xText>
              </xClmn>
              <xClmn xALIGNx="left" xClmnSpan="2" xVALIGNx="top">
                <xText>10.07.2004</xText>
              </xClmn>
              <xClmn xALIGNx="left" xClmnSpan="4" xVALIGNx="top">
                <xText>18.01.2004</xText>
              </xClmn>
              <xClmn xALIGNx="left" xClmnSpan="2" xVALIGNx="top">
                <xText>0</xText>
              </xClmn>
              <xClmn xALIGNx="left" xVALIGNx="top">
                <xText>0</xText>
              </xClmn>
            </xRow>
            <xRow>
              <xClmn xALIGNx="left" xVALIGNx="top">
                <xText>500</xText>
              </xClmn>
              <xClmn xALIGNx="left" xVALIGNx="top">
                <xText>500</xText>
              </xClmn>
              <xClmn xALIGNx="left" xClmnSpan="2" xVALIGNx="top">
                <xText>10.08.2004</xText>
              </xClmn>
              <xClmn xALIGNx="left" xClmnSpan="4" xVALIGNx="top">
                <xText>18.01.2004</xText>
              </xClmn>
              <xClmn xALIGNx="left" xClmnSpan="2" xVALIGNx="top">
                <xText>0</xText>
              </xClmn>
              <xClmn xALIGNx="left" xVALIGNx="top">
                <xText>0</xText>
              </xClmn>
            </xRow>
            <xRow>
              <xClmn xALIGNx="left" xVALIGNx="top">
                <xText>500</xText>
              </xClmn>
              <xClmn xALIGNx="left" xVALIGNx="top">
                <xText>500</xText>
              </xClmn>
              <xClmn xALIGNx="left" xClmnSpan="2" xVALIGNx="top">
                <xText>10.09.2004</xText>
              </xClmn>
              <xClmn xALIGNx="left" xClmnSpan="4" xVALIGNx="top">
                <xText>18.01.2004</xText>
              </xClmn>
              <xClmn xALIGNx="left" xClmnSpan="2" xVALIGNx="top">
                <xText>0</xText>
              </xClmn>
              <xClmn xALIGNx="left" xVALIGNx="top">
                <xText>0</xText>
              </xClmn>
            </xRow>
            <xRow>
              <xClmn xALIGNx="left" xVALIGNx="top">
                <xText>500</xText>
              </xClmn>
              <xClmn xALIGNx="left" xVALIGNx="top">
                <xText>500</xText>
              </xClmn>
              <xClmn xALIGNx="left" xClmnSpan="2" xVALIGNx="top">
                <xText>10.10.2004</xText>
              </xClmn>
              <xClmn xALIGNx="left" xClmnSpan="4" xVALIGNx="top">
                <xText>18.01.2004</xText>
              </xClmn>
              <xClmn xALIGNx="left" xClmnSpan="2" xVALIGNx="top">
                <xText>0</xText>
              </xClmn>
              <xClmn xALIGNx="left" xVALIGNx="top">
                <xText>0</xText>
              </xClmn>
            </xRow>
            <xRow>
              <xClmn xALIGNx="left" xVALIGNx="top">
                <xText>500</xText>
              </xClmn>
              <xClmn xALIGNx="left" xVALIGNx="top">
                <xText>500</xText>
              </xClmn>
              <xClmn xALIGNx="left" xClmnSpan="2" xVALIGNx="top">
                <xText>10.11.2004</xText>
              </xClmn>
              <xClmn xALIGNx="left" xClmnSpan="4" xVALIGNx="top">
                <xText>18.01.2004</xText>
              </xClmn>
              <xClmn xALIGNx="left" xClmnSpan="2" xVALIGNx="top">
                <xText>0</xText>
              </xClmn>
              <xClmn xALIGNx="left" xVALIGNx="top">
                <xText>0</xText>
              </xClmn>
            </xRow>
            <xRow>
              <xClmn xALIGNx="left" xVALIGNx="top">
                <xText>500</xText>
              </xClmn>
              <xClmn xALIGNx="left" xVALIGNx="top">
                <xText>352,58</xText>
              </xClmn>
              <xClmn xALIGNx="left" xClmnSpan="2" xVALIGNx="top">
                <xText>10.12.2004</xText>
              </xClmn>
              <xClmn xALIGNx="left" xClmnSpan="4" xVALIGNx="top">
                <xText>18.01.2004</xText>
              </xClmn>
              <xClmn xALIGNx="left" xClmnSpan="2" xVALIGNx="top">
                <xText>0</xText>
              </xClmn>
              <xClmn xALIGNx="left" xVALIGNx="top">
                <xText>0</xText>
              </xClmn>
            </xRow>
            <xRow>
              <xClmn xALIGNx="left" xClmnSpan="4" xVALIGNx="top">
                
              </xClmn>
              <xClmn xALIGNx="left" xVALIGNx="top">
                <xText>Na rzecz <xAnon>D. B.</xAnon></xText>
              </xClmn>
              <xClmn xALIGNx="left" xClmnSpan="3" xVALIGNx="top">
                <xText>Na rzecz <xAnon>A. B.</xAnon></xText>
              </xClmn>
              <xClmn xALIGNx="left" xClmnSpan="2" xVALIGNx="top">
                
              </xClmn>
              <xClmn xALIGNx="left" xVALIGNx="top">
                
              </xClmn>
            </xRow>
            <xRow>
              <xClmn xALIGNx="left" xVALIGNx="top">
                <xText>-</xText>
              </xClmn>
              <xClmn xALIGNx="left" xVALIGNx="top">
                <xText>147,42</xText>
              </xClmn>
              <xClmn xALIGNx="left" xClmnSpan="2" xVALIGNx="top">
                <xText>10.12.2004</xText>
              </xClmn>
              <xClmn xALIGNx="left" xVALIGNx="top">
                <xText>-</xText>
              </xClmn>
              <xClmn xALIGNx="left" xClmnSpan="3" xVALIGNx="top">
                <xText>24.02.2006</xText>
              </xClmn>
              <xClmn xALIGNx="left" xClmnSpan="2" xVALIGNx="top">
                <xText>0</xText>
              </xClmn>
              <xClmn xALIGNx="left" xVALIGNx="top">
                <xText>22,82</xText>
              </xClmn>
            </xRow>
            <xRow>
              <xClmn xALIGNx="left" xVALIGNx="top">
                <xText>Suma pozostała do zapłaty</xText>
                <xText>0</xText>
                
              </xClmn>
              <xClmn xALIGNx="left" xVALIGNx="top">
                <xText>Suma pozostała do zapłaty</xText>
                <xText>147,42</xText>
                
              </xClmn>
              <xClmn xALIGNx="left" xClmnSpan="2" xVALIGNx="top">
                
              </xClmn>
              <xClmn xALIGNx="left" xClmnSpan="4" xVALIGNx="top">
                
              </xClmn>
              <xClmn xALIGNx="left" xClmnSpan="2" xVALIGNx="top">
                <xText>Suma</xText>
                <xText>0</xText>
              </xClmn>
              <xClmn xALIGNx="left" xVALIGNx="top">
                <xText>Suma</xText>
                <xText>22,82</xText>
              </xClmn>
            </xRow>
            <xRow>
              <xClmn xALIGNx="left" xClmnSpan="11" xVALIGNx="top">
                <xText>
                  <xBx>WPŁATA 2000 USD x 3,1200 = 6240,00 zł W DNIU 31.01.2005 ze wskazaniem, że jest to na poczet alimentów na rzecz <xAnon>D.</xAnon> za rok 2005</xBx>
                </xText>
              </xClmn>
            </xRow>
            <xRow>
              <xClmn xALIGNx="left" xVALIGNx="top">
                
              </xClmn>
              <xClmn xALIGNx="left" xVALIGNx="top">
                
              </xClmn>
              <xClmn xALIGNx="left" xClmnSpan="6" xVALIGNx="top">
                <xText>Zaliczenie wpłaty zgodnie ze wskazaniem <xAnon>D.</xAnon> alimenty za 2005 r.</xText>
              </xClmn>
              <xClmn xALIGNx="left" xClmnSpan="2" xVALIGNx="top">
                
              </xClmn>
              <xClmn xALIGNx="left" xVALIGNx="top">
                
              </xClmn>
            </xRow>
            <xRow>
              <xClmn xALIGNx="left" xVALIGNx="top">
                <xText>500</xText>
              </xClmn>
              <xClmn xALIGNx="left" xVALIGNx="top">
                <xText>500</xText>
              </xClmn>
              <xClmn xALIGNx="left" xClmnSpan="2" xVALIGNx="top">
                <xText>10.01.2005</xText>
              </xClmn>
              <xClmn xALIGNx="left" xVALIGNx="top">
                <xText>31.01.2005</xText>
              </xClmn>
              <xClmn xALIGNx="left" xClmnSpan="3" xVALIGNx="top">
                <xText>24.02.2006</xText>
              </xClmn>
              <xClmn xALIGNx="left" xClmnSpan="2" xVALIGNx="top">
                <xText>0</xText>
              </xClmn>
              <xClmn xALIGNx="left" xVALIGNx="top">
                <xText>72,18</xText>
              </xClmn>
            </xRow>
            <xRow>
              <xClmn xALIGNx="left" xVALIGNx="top">
                <xText>142,86</xText>
              </xClmn>
              <xClmn xALIGNx="left" xVALIGNx="top">
                <xText>142,86</xText>
              </xClmn>
              <xClmn xALIGNx="left" xClmnSpan="2" xVALIGNx="top">
                <xText>10.02.2005</xText>
              </xClmn>
              <xClmn xALIGNx="left" xVALIGNx="top">
                <xText>31.01.2005</xText>
              </xClmn>
              <xClmn xALIGNx="left" xClmnSpan="3" xVALIGNx="top">
                <xText>24.02.2006</xText>
              </xClmn>
              <xClmn xALIGNx="left" xClmnSpan="2" xVALIGNx="top">
                <xText>0</xText>
              </xClmn>
              <xClmn xALIGNx="left" xVALIGNx="top">
                <xText>18,99</xText>
              </xClmn>
            </xRow>
            <xRow>
              <xClmn xALIGNx="left" xVALIGNx="top">
                <xText>607,14</xText>
              </xClmn>
              <xClmn xALIGNx="left" xVALIGNx="top">
                <xText>571,43</xText>
              </xClmn>
              <xClmn xALIGNx="left" xClmnSpan="2" xVALIGNx="top">
                <xText>10.02.2005</xText>
              </xClmn>
              <xClmn xALIGNx="left" xVALIGNx="top">
                <xText>31.01.2005</xText>
              </xClmn>
              <xClmn xALIGNx="left" xClmnSpan="3" xVALIGNx="top">
                <xText>24.02.2006</xText>
              </xClmn>
              <xClmn xALIGNx="left" xClmnSpan="2" xVALIGNx="top">
                <xText>0</xText>
              </xClmn>
              <xClmn xALIGNx="left" xVALIGNx="top">
                <xText>75,94</xText>
              </xClmn>
            </xRow>
            <xRow>
              <xClmn xALIGNx="left" xVALIGNx="top">
                <xText>850</xText>
              </xClmn>
              <xClmn xALIGNx="left" xVALIGNx="top">
                <xText>800</xText>
              </xClmn>
              <xClmn xALIGNx="left" xClmnSpan="2" xVALIGNx="top">
                <xText>10.03.2005</xText>
              </xClmn>
              <xClmn xALIGNx="left" xVALIGNx="top">
                <xText>31.01.2005</xText>
              </xClmn>
              <xClmn xALIGNx="left" xClmnSpan="3" xVALIGNx="top">
                <xText>24.02.2006</xText>
              </xClmn>
              <xClmn xALIGNx="left" xClmnSpan="2" xVALIGNx="top">
                <xText>0</xText>
              </xClmn>
              <xClmn xALIGNx="left" xVALIGNx="top">
                <xText>98,02</xText>
              </xClmn>
            </xRow>
            <xRow>
              <xClmn xALIGNx="left" xVALIGNx="top">
                <xText>850</xText>
              </xClmn>
              <xClmn xALIGNx="left" xVALIGNx="top">
                <xText>800</xText>
              </xClmn>
              <xClmn xALIGNx="left" xClmnSpan="2" xVALIGNx="top">
                <xText>10.04.2005</xText>
              </xClmn>
              <xClmn xALIGNx="left" xVALIGNx="top">
                <xText>31.01.2005</xText>
              </xClmn>
              <xClmn xALIGNx="left" xClmnSpan="3" xVALIGNx="top">
                <xText>24.02.2006</xText>
              </xClmn>
              <xClmn xALIGNx="left" xClmnSpan="2" xVALIGNx="top">
                <xText>0</xText>
              </xClmn>
              <xClmn xALIGNx="left" xVALIGNx="top">
                <xText>88,85</xText>
              </xClmn>
            </xRow>
            <xRow>
              <xClmn xALIGNx="left" xVALIGNx="top">
                <xText>850</xText>
              </xClmn>
              <xClmn xALIGNx="left" xVALIGNx="top">
                <xText>800</xText>
              </xClmn>
              <xClmn xALIGNx="left" xClmnSpan="2" xVALIGNx="top">
                <xText>10.05.2005</xText>
              </xClmn>
              <xClmn xALIGNx="left" xVALIGNx="top">
                <xText>31.01.2005</xText>
              </xClmn>
              <xClmn xALIGNx="left" xClmnSpan="3" xVALIGNx="top">
                <xText>24.02.2006</xText>
              </xClmn>
              <xClmn xALIGNx="left" xClmnSpan="2" xVALIGNx="top">
                <xText>0</xText>
              </xClmn>
              <xClmn xALIGNx="left" xVALIGNx="top">
                <xText>79,97</xText>
              </xClmn>
            </xRow>
            <xRow>
              <xClmn xALIGNx="left" xVALIGNx="top">
                <xText>850</xText>
              </xClmn>
              <xClmn xALIGNx="left" xVALIGNx="top">
                <xText>800</xText>
              </xClmn>
              <xClmn xALIGNx="left" xClmnSpan="2" xVALIGNx="top">
                <xText>10.06.2005</xText>
              </xClmn>
              <xClmn xALIGNx="left" xVALIGNx="top">
                <xText>31.01.2005</xText>
              </xClmn>
              <xClmn xALIGNx="left" xClmnSpan="3" xVALIGNx="top">
                <xText>24.02.2006</xText>
              </xClmn>
              <xClmn xALIGNx="left" xClmnSpan="2" xVALIGNx="top">
                <xText>0</xText>
              </xClmn>
              <xClmn xALIGNx="left" xVALIGNx="top">
                <xText>70,80</xText>
              </xClmn>
            </xRow>
            <xRow>
              <xClmn xALIGNx="left" xVALIGNx="top">
                <xText>850</xText>
              </xClmn>
              <xClmn xALIGNx="left" xVALIGNx="top">
                <xText>800</xText>
              </xClmn>
              <xClmn xALIGNx="left" xClmnSpan="2" xVALIGNx="top">
                <xText>10.07.2005</xText>
              </xClmn>
              <xClmn xALIGNx="left" xVALIGNx="top">
                <xText>31.01.2005</xText>
              </xClmn>
              <xClmn xALIGNx="left" xClmnSpan="3" xVALIGNx="top">
                <xText>24.02.2006</xText>
              </xClmn>
              <xClmn xALIGNx="left" xClmnSpan="2" xVALIGNx="top">
                <xText>0</xText>
              </xClmn>
              <xClmn xALIGNx="left" xVALIGNx="top">
                <xText>61,93</xText>
              </xClmn>
            </xRow>
            <xRow>
              <xClmn xALIGNx="left" xVALIGNx="top">
                <xText>740</xText>
              </xClmn>
              <xClmn xALIGNx="left" xVALIGNx="top">
                <xText>800</xText>
              </xClmn>
              <xClmn xALIGNx="left" xClmnSpan="2" xVALIGNx="top">
                <xText>10.08.2005</xText>
              </xClmn>
              <xClmn xALIGNx="left" xVALIGNx="top">
                <xText>31.01.2005</xText>
              </xClmn>
              <xClmn xALIGNx="left" xClmnSpan="3" xVALIGNx="top">
                <xText>24.02.2006</xText>
              </xClmn>
              <xClmn xALIGNx="left" xClmnSpan="2" xVALIGNx="top">
                <xText>0</xText>
              </xClmn>
              <xClmn xALIGNx="left" xVALIGNx="top">
                <xText>52,75</xText>
              </xClmn>
            </xRow>
            <xRow>
              <xClmn xALIGNx="left" xVALIGNx="top">
                <xText>110</xText>
              </xClmn>
              <xClmn xALIGNx="left" xVALIGNx="top">
                <xText>-</xText>
              </xClmn>
              <xClmn xALIGNx="left" xClmnSpan="2" xVALIGNx="top">
                <xText>10.08.2005</xText>
              </xClmn>
              <xClmn xALIGNx="left" xVALIGNx="top">
                <xText>24.02.2006</xText>
              </xClmn>
              <xClmn xALIGNx="left" xClmnSpan="3" xVALIGNx="top">
                <xText>24.02.2006</xText>
              </xClmn>
              <xClmn xALIGNx="left" xClmnSpan="2" xVALIGNx="top">
                <xText>7,25</xText>
              </xClmn>
              <xClmn xALIGNx="left" xVALIGNx="top">
                <xText>-</xText>
              </xClmn>
            </xRow>
            <xRow>
              <xClmn xALIGNx="left" xVALIGNx="top">
                <xText>850</xText>
              </xClmn>
              <xClmn xALIGNx="left" xVALIGNx="top">
                <xText>800</xText>
              </xClmn>
              <xClmn xALIGNx="left" xClmnSpan="2" xVALIGNx="top">
                <xText>10.09.2005</xText>
              </xClmn>
              <xClmn xALIGNx="left" xVALIGNx="top">
                <xText>24.02.2006</xText>
              </xClmn>
              <xClmn xALIGNx="left" xClmnSpan="3" xVALIGNx="top">
                <xText>24.02.2006</xText>
              </xClmn>
              <xClmn xALIGNx="left" xClmnSpan="2" xVALIGNx="top">
                <xText>46,31</xText>
              </xClmn>
              <xClmn xALIGNx="left" xVALIGNx="top">
                <xText>43,58</xText>
              </xClmn>
            </xRow>
            <xRow>
              <xClmn xALIGNx="left" xVALIGNx="top">
                <xText>850</xText>
              </xClmn>
              <xClmn xALIGNx="left" xVALIGNx="top">
                <xText>800</xText>
              </xClmn>
              <xClmn xALIGNx="left" xClmnSpan="2" xVALIGNx="top">
                <xText>10.10.2005</xText>
              </xClmn>
              <xClmn xALIGNx="left" xVALIGNx="top">
                <xText>24.02.2006</xText>
              </xClmn>
              <xClmn xALIGNx="left" xClmnSpan="3" xVALIGNx="top">
                <xText>24.02.2006</xText>
              </xClmn>
              <xClmn xALIGNx="left" xClmnSpan="2" xVALIGNx="top">
                <xText>36,88</xText>
              </xClmn>
              <xClmn xALIGNx="left" xVALIGNx="top">
                <xText>34,70</xText>
              </xClmn>
            </xRow>
            <xRow>
              <xClmn xALIGNx="left" xVALIGNx="top">
                <xText>850</xText>
              </xClmn>
              <xClmn xALIGNx="left" xVALIGNx="top">
                <xText>800</xText>
              </xClmn>
              <xClmn xALIGNx="left" xClmnSpan="2" xVALIGNx="top">
                <xText>10.11.2005</xText>
              </xClmn>
              <xClmn xALIGNx="left" xVALIGNx="top">
                <xText>24.02.2006</xText>
              </xClmn>
              <xClmn xALIGNx="left" xClmnSpan="3" xVALIGNx="top">
                <xText>24.02.2006</xText>
              </xClmn>
              <xClmn xALIGNx="left" xClmnSpan="2" xVALIGNx="top">
                <xText>28,39</xText>
              </xClmn>
              <xClmn xALIGNx="left" xVALIGNx="top">
                <xText>26,72</xText>
              </xClmn>
            </xRow>
            <xRow>
              <xClmn xALIGNx="left" xVALIGNx="top">
                <xText>850</xText>
              </xClmn>
              <xClmn xALIGNx="left" xVALIGNx="top">
                <xText>800</xText>
              </xClmn>
              <xClmn xALIGNx="left" xClmnSpan="2" xVALIGNx="top">
                <xText>10.12.2005</xText>
              </xClmn>
              <xClmn xALIGNx="left" xVALIGNx="top">
                <xText>24.02.2006</xText>
              </xClmn>
              <xClmn xALIGNx="left" xClmnSpan="3" xVALIGNx="top">
                <xText>24.02.2006</xText>
              </xClmn>
              <xClmn xALIGNx="left" xClmnSpan="2" xVALIGNx="top">
                <xText>20,35</xText>
              </xClmn>
              <xClmn xALIGNx="left" xVALIGNx="top">
                <xText>19,16</xText>
              </xClmn>
            </xRow>
            <xRow>
              <xClmn xALIGNx="left" xVALIGNx="top">
                <xText>850</xText>
              </xClmn>
              <xClmn xALIGNx="left" xVALIGNx="top">
                <xText>800</xText>
              </xClmn>
              <xClmn xALIGNx="left" xClmnSpan="2" xVALIGNx="top">
                <xText>10.01.2006</xText>
              </xClmn>
              <xClmn xALIGNx="left" xVALIGNx="top">
                <xText>24.02.2006</xText>
              </xClmn>
              <xClmn xALIGNx="left" xClmnSpan="3" xVALIGNx="top">
                <xText>24.02.2006</xText>
              </xClmn>
              <xClmn xALIGNx="left" xClmnSpan="2" xVALIGNx="top">
                <xText>12,05</xText>
              </xClmn>
              <xClmn xALIGNx="left" xVALIGNx="top">
                <xText>11,34</xText>
              </xClmn>
            </xRow>
            <xRow>
              <xClmn xALIGNx="left" xVALIGNx="top">
                <xText>850</xText>
              </xClmn>
              <xClmn xALIGNx="left" xVALIGNx="top">
                <xText>800</xText>
              </xClmn>
              <xClmn xALIGNx="left" xClmnSpan="2" xVALIGNx="top">
                <xText>10.02.2006</xText>
              </xClmn>
              <xClmn xALIGNx="left" xVALIGNx="top">
                <xText>24.02.2006</xText>
              </xClmn>
              <xClmn xALIGNx="left" xClmnSpan="3" xVALIGNx="top">
                <xText>24.02.2006</xText>
              </xClmn>
              <xClmn xALIGNx="left" xClmnSpan="2" xVALIGNx="top">
                <xText>3,75</xText>
              </xClmn>
              <xClmn xALIGNx="left" xVALIGNx="top">
                <xText>3,53</xText>
              </xClmn>
            </xRow>
            <xRow>
              <xClmn xALIGNx="left" xClmnSpan="11" xVALIGNx="top">
                <xText>
                  <xBx>WPŁATA 1000 USD x 3,1807= 3180,70 zł W DNIU 24.02.2006</xBx>
                </xText>
              </xClmn>
            </xRow>
            <xRow>
              <xClmn xALIGNx="left" xVALIGNx="top">
                <xText>Suma pozostała do zapłaty</xText>
                <xText>5210</xText>
              </xClmn>
              <xClmn xALIGNx="left" xVALIGNx="top">
                <xText>Suma pozostała do zapłaty</xText>
                <xText>10814,29 + 147,42</xText>
                <xText>= 10961,71</xText>
              </xClmn>
              <xClmn xALIGNx="left" xClmnSpan="2" xVALIGNx="top">
                
              </xClmn>
              <xClmn xALIGNx="left" xClmnSpan="4" xVALIGNx="top">
                
              </xClmn>
              <xClmn xALIGNx="left" xClmnSpan="2" xVALIGNx="top">
                <xText>Suma</xText>
                <xText>154,98</xText>
              </xClmn>
              <xClmn xALIGNx="left" xVALIGNx="top">
                <xText>Suma</xText>
                <xText>758,46</xText>
                
              </xClmn>
            </xRow>
            <xRow>
              <xClmn xALIGNx="left" xVALIGNx="top">
                <xText>-2150,91</xText>
              </xClmn>
              <xClmn xALIGNx="left" xVALIGNx="top">
                <xText>0</xText>
              </xClmn>
              <xClmn xALIGNx="left" xClmnSpan="6" xVALIGNx="top">
                <xText>Zaliczenie wpłaty w pierwszej kolejności na odsetki wyliczone do dnia 24.02.2006</xText>
              </xClmn>
              <xClmn xALIGNx="left" xClmnSpan="2" xVALIGNx="top">
                <xText>- 154,98</xText>
              </xClmn>
              <xClmn xALIGNx="left" xVALIGNx="top">
                <xText>-22,82</xText>
                <xText>-758,46</xText>
                
              </xClmn>
            </xRow>
            <xRow>
              <xClmn xALIGNx="left" xVALIGNx="top">
                <xText>
                  <xBx>3059,09</xBx>
                </xText>
              </xClmn>
              <xClmn xALIGNx="left" xVALIGNx="top">
                <xText>
                  <xBx>10961,71</xBx>
                </xText>
              </xClmn>
              <xClmn xALIGNx="left" xClmnSpan="6" xVALIGNx="top">
                <xText>
                  <xBx>Suma pozostała do zapłaty po wpłacie z 24.02.2006</xBx>
                </xText>
              </xClmn>
              <xClmn xALIGNx="left" xClmnSpan="2" xVALIGNx="top">
                <xText>
                  <xBx>0</xBx>
                </xText>
              </xClmn>
              <xClmn xALIGNx="left" xVALIGNx="top">
                <xText>
                  <xBx>0</xBx>
                </xText>
              </xClmn>
            </xRow>
            <xRow>
              <xClmn xALIGNx="left" xVALIGNx="top">
                <xText>W tym kwota 1700 stanowiąca alimenty za I i II 2006</xText>
              </xClmn>
              <xClmn xALIGNx="left" xVALIGNx="top">
                <xText>W tym kwota 1600 stanowiąca alimenty za I i II 2006</xText>
              </xClmn>
              <xClmn xALIGNx="left" xClmnSpan="2" xVALIGNx="top">
                <xText>24.02.2006</xText>
              </xClmn>
              <xClmn xALIGNx="left" xVALIGNx="top">
                <xText>01.08.2006</xText>
              </xClmn>
              <xClmn xALIGNx="left" xClmnSpan="3" xVALIGNx="top">
                <xText>01.08.2006</xText>
              </xClmn>
              <xClmn xALIGNx="left" xClmnSpan="2" xVALIGNx="top">
                <xText>84,63</xText>
              </xClmn>
              <xClmn xALIGNx="left" xVALIGNx="top">
                <xText>79,65</xText>
              </xClmn>
            </xRow>
            <xRow>
              <xClmn xALIGNx="left" xVALIGNx="top">
                <xText>Oraz kwota 1359,09</xText>
              </xClmn>
              <xClmn xALIGNx="left" xVALIGNx="top">
                <xText>Oraz kwota 9361,71</xText>
              </xClmn>
              <xClmn xALIGNx="left" xClmnSpan="2" xVALIGNx="top">
                <xText>24.02.2006</xText>
              </xClmn>
              <xClmn xALIGNx="left" xVALIGNx="top">
                <xText>03.08.2006</xText>
                <xText>
                  <xBx>
                    <xUx>03.08.2007</xUx>
                  </xBx>
                </xText>
              </xClmn>
              <xClmn xALIGNx="left" xClmnSpan="3" xVALIGNx="top">
                <xText>03.08.2006</xText>
                <xText>
                  <xBx>
                    <xUx>03.08.2007</xUx>
                  </xBx>
                </xText>
              </xClmn>
              <xClmn xALIGNx="left" xClmnSpan="2" xVALIGNx="top">
                <xText>68,51</xText>
                <xText>
                  <xBx>
                    <xUx>224,81</xUx>
                  </xBx>
                </xText>
              </xClmn>
              <xClmn xALIGNx="left" xVALIGNx="top">
                <xText>471,93</xText>
                <xText>
                  <xBx>
                    <xUx>1548,53</xUx>
                  </xBx>
                </xText>
              </xClmn>
            </xRow>
            <xRow>
              <xClmn xALIGNx="left" xVALIGNx="top">
                <xText>850</xText>
              </xClmn>
              <xClmn xALIGNx="left" xVALIGNx="top">
                <xText>800</xText>
              </xClmn>
              <xClmn xALIGNx="left" xClmnSpan="2" xVALIGNx="top">
                <xText>10.03.2006</xText>
              </xClmn>
              <xClmn xALIGNx="left" xVALIGNx="top">
                <xText>01.08.2006</xText>
              </xClmn>
              <xClmn xALIGNx="left" xClmnSpan="3" xVALIGNx="top">
                <xText>01.08.2006</xText>
              </xClmn>
              <xClmn xALIGNx="left" xClmnSpan="2" xVALIGNx="top">
                <xText>38,56</xText>
              </xClmn>
              <xClmn xALIGNx="left" xVALIGNx="top">
                <xText>36,30</xText>
              </xClmn>
            </xRow>
            <xRow>
              <xClmn xALIGNx="left" xVALIGNx="top">
                <xText>850</xText>
              </xClmn>
              <xClmn xALIGNx="left" xVALIGNx="top">
                <xText>800</xText>
              </xClmn>
              <xClmn xALIGNx="left" xClmnSpan="2" xVALIGNx="top">
                <xText>10.04.2006</xText>
              </xClmn>
              <xClmn xALIGNx="left" xVALIGNx="top">
                <xText>01.08.2006</xText>
              </xClmn>
              <xClmn xALIGNx="left" xClmnSpan="3" xVALIGNx="top">
                <xText>01.08.2006</xText>
              </xClmn>
              <xClmn xALIGNx="left" xClmnSpan="2" xVALIGNx="top">
                <xText>30,26</xText>
              </xClmn>
              <xClmn xALIGNx="left" xVALIGNx="top">
                <xText>28,48</xText>
              </xClmn>
            </xRow>
            <xRow>
              <xClmn xALIGNx="left" xVALIGNx="top">
                <xText>850</xText>
              </xClmn>
              <xClmn xALIGNx="left" xVALIGNx="top">
                <xText>800</xText>
              </xClmn>
              <xClmn xALIGNx="left" xClmnSpan="2" xVALIGNx="top">
                <xText>10.05.2006</xText>
              </xClmn>
              <xClmn xALIGNx="left" xVALIGNx="top">
                <xText>01.08.2006</xText>
              </xClmn>
              <xClmn xALIGNx="left" xClmnSpan="3" xVALIGNx="top">
                <xText>01.08.2006</xText>
              </xClmn>
              <xClmn xALIGNx="left" xClmnSpan="2" xVALIGNx="top">
                <xText>22,23</xText>
              </xClmn>
              <xClmn xALIGNx="left" xVALIGNx="top">
                <xText>20,92</xText>
              </xClmn>
            </xRow>
            <xRow>
              <xClmn xALIGNx="left" xVALIGNx="top">
                <xText>850</xText>
              </xClmn>
              <xClmn xALIGNx="left" xVALIGNx="top">
                <xText>800</xText>
              </xClmn>
              <xClmn xALIGNx="left" xClmnSpan="2" xVALIGNx="top">
                <xText>10.06.2006</xText>
              </xClmn>
              <xClmn xALIGNx="left" xVALIGNx="top">
                <xText>01.08.2006</xText>
              </xClmn>
              <xClmn xALIGNx="left" xClmnSpan="3" xVALIGNx="top">
                <xText>01.08.2006</xText>
              </xClmn>
              <xClmn xALIGNx="left" xClmnSpan="2" xVALIGNx="top">
                <xText>13,93</xText>
              </xClmn>
              <xClmn xALIGNx="left" xVALIGNx="top">
                <xText>13,11</xText>
              </xClmn>
            </xRow>
            <xRow>
              <xClmn xALIGNx="left" xVALIGNx="top">
                <xText>850</xText>
              </xClmn>
              <xClmn xALIGNx="left" xVALIGNx="top">
                <xText>800</xText>
              </xClmn>
              <xClmn xALIGNx="left" xClmnSpan="2" xVALIGNx="top">
                <xText>10.07.2006</xText>
              </xClmn>
              <xClmn xALIGNx="left" xVALIGNx="top">
                <xText>01.08.2006</xText>
              </xClmn>
              <xClmn xALIGNx="left" xClmnSpan="3" xVALIGNx="top">
                <xText>01.08.2006</xText>
              </xClmn>
              <xClmn xALIGNx="left" xClmnSpan="2" xVALIGNx="top">
                <xText>5,89</xText>
              </xClmn>
              <xClmn xALIGNx="left" xVALIGNx="top">
                <xText>5,55</xText>
              </xClmn>
            </xRow>
            <xRow>
              <xClmn xALIGNx="left" xVALIGNx="top">
                <xText>850</xText>
              </xClmn>
              <xClmn xALIGNx="left" xVALIGNx="top">
                <xText>800</xText>
              </xClmn>
              <xClmn xALIGNx="left" xClmnSpan="2" xVALIGNx="top">
                <xText>10.08.2006</xText>
              </xClmn>
              <xClmn xALIGNx="left" xVALIGNx="top">
                <xText>03.08.2006</xText>
                <xText>
                  <xBx>
                    <xUx>03.08.2007</xUx>
                  </xBx>
                </xText>
              </xClmn>
              <xClmn xALIGNx="left" xClmnSpan="3" xVALIGNx="top">
                <xText>Brak wpłaty</xText>
              </xClmn>
              <xClmn xALIGNx="left" xClmnSpan="2" xVALIGNx="top">
                <xText>0</xText>
                <xText>
                  <xBx>
                    <xUx>95,88</xUx>
                  </xBx>
                </xText>
                
              </xClmn>
              <xClmn xALIGNx="left" xVALIGNx="top">
                <xText>Do dnia zapłaty</xText>
              </xClmn>
            </xRow>
            <xRow>
              <xClmn xALIGNx="left" xRowSpan="2" xVALIGNx="top">
                <xText>850</xText>
              </xClmn>
              <xClmn xALIGNx="left" xRowSpan="2" xVALIGNx="top">
                <xText>106,66</xText>
              </xClmn>
              <xClmn xALIGNx="left" xVALIGNx="top">
                <xText>
                  <xAnon>D. B. w.</xAnon>
                </xText>
              </xClmn>
              <xClmn xALIGNx="left" xVALIGNx="top">
                <xText>
                  <xAnon>A. B. w.</xAnon>
                </xText>
              </xClmn>
              <xClmn xALIGNx="left" xRowSpan="2" xVALIGNx="top">
                <xText>03.08.2006</xText>
                <xText>
                  <xBx>
                    <xUx>03.08.2007</xUx>
                  </xBx>
                </xText>
              </xClmn>
              <xClmn xALIGNx="left" xClmnSpan="3" xRowSpan="2" xVALIGNx="top">
                <xText>Brak wpłaty</xText>
              </xClmn>
              <xClmn xALIGNx="left" xClmnSpan="2" xRowSpan="2" xVALIGNx="top">
                <xText>0</xText>
                <xText>
                  <xBx>
                    <xUx>87,57</xUx>
                  </xBx>
                </xText>
                
              </xClmn>
              <xClmn xALIGNx="left" xRowSpan="2" xVALIGNx="top">
                <xText>Do dnia zapłaty</xText>
              </xClmn>
            </xRow>
            <xRow>
              <xClmn xALIGNx="left" xVALIGNx="top">
                <xText>10.09.2006</xText>
              </xClmn>
              <xClmn xALIGNx="left" xVALIGNx="top">
                <xText>04.09.2006</xText>
              </xClmn>
            </xRow>
            <xRow>
              <xClmn xALIGNx="left" xClmnSpan="11" xVALIGNx="top">
                <xText>
                  <xBx>WPŁATA 1300 USD x 3,0881= 4014,53 zł W DNIU 01.08.2006 ze wskazaniem, że są to alimenty za 2006 </xBx>
                </xText>
              </xClmn>
            </xRow>
            <xRow>
              <xClmn xALIGNx="left" xVALIGNx="top">
                <xText>Suma za 2006 r.</xText>
                <xText>7650</xText>
                
              </xClmn>
              <xClmn xALIGNx="left" xVALIGNx="top">
                <xText>Suma za 2006 r.</xText>
                <xText>6506,66</xText>
                
              </xClmn>
              <xClmn xALIGNx="left" xClmnSpan="2" xVALIGNx="top">
                
              </xClmn>
              <xClmn xALIGNx="left" xClmnSpan="4" xVALIGNx="top">
                
              </xClmn>
              <xClmn xALIGNx="left" xClmnSpan="2" xVALIGNx="top">
                
              </xClmn>
              <xClmn xALIGNx="left" xVALIGNx="top">
                
              </xClmn>
            </xRow>
            <xRow>
              <xClmn xALIGNx="left" xVALIGNx="top">
                <xText>- 3635,02</xText>
                <xText>
                  <xBx>
                    <xUx>- 3626,71</xUx>
                  </xBx>
                </xText>
              </xClmn>
              <xClmn xALIGNx="left" xVALIGNx="top">
                <xText>0</xText>
              </xClmn>
              <xClmn xALIGNx="left" xClmnSpan="6" xVALIGNx="top">
                <xText>Zaliczenie wpłaty w pierwszej kolejności na odsetki od alimentów płatnych w 2006 r. a w dalszej na alimenty na rzecz <xAnon>D. B.</xAnon>za 2006 r.</xText>
              </xClmn>
              <xClmn xALIGNx="left" xClmnSpan="2" xVALIGNx="top">
                <xText>-195,50</xText>
                <xText>
                  <xBx>
                    <xUx>- 203,81</xUx>
                  </xBx>
                </xText>
                
              </xClmn>
              <xClmn xALIGNx="left" xVALIGNx="top">
                <xText>-184,01</xText>
                
              </xClmn>
            </xRow>
            <xRow>
              <xClmn xALIGNx="left" xVALIGNx="top">
                <xText>4014,98</xText>
                <xText>
                  <xBx>
                    <xUx>4023,29</xUx>
                  </xBx>
                </xText>
              </xClmn>
              <xClmn xALIGNx="left" xVALIGNx="top">
                <xText>6506,66</xText>
              </xClmn>
              <xClmn xALIGNx="left" xClmnSpan="6" xVALIGNx="top">
                <xText>Pozostało do zapłaty za 2006</xText>
              </xClmn>
              <xClmn xALIGNx="left" xClmnSpan="2" xVALIGNx="top">
                <xText>0</xText>
              </xClmn>
              <xClmn xALIGNx="left" xVALIGNx="top">
                <xText>0</xText>
              </xClmn>
            </xRow>
            <xRow>
              <xClmn xALIGNx="left" xVALIGNx="top">
                <xText>4014,98+</xText>
                <xText>1359,09 =</xText>
                <xText>5374,07</xText>
                
                <xText>
                  <xBx>
                    <xUx>4023,29+</xUx>
                  </xBx>
                </xText>
                <xText>
                  <xBx>
                    <xUx>1359,09 =</xUx>
                  </xBx>
                </xText>
                <xText>
                  <xBx>
                    <xUx>5382,38</xUx>
                  </xBx>
                </xText>
              </xClmn>
              <xClmn xALIGNx="left" xVALIGNx="top">
                <xText>6506,66+</xText>
                <xText>9361,71 =</xText>
                <xText>15868,37</xText>
              </xClmn>
              <xClmn xALIGNx="left" xClmnSpan="6" xVALIGNx="top">
                <xText>
                  <xBx>Suma pozostała do zapłaty </xBx>
                </xText>
              </xClmn>
              <xClmn xALIGNx="left" xClmnSpan="2" xVALIGNx="top">
                <xText>68,51</xText>
                <xText>
                  <xBx>
                    <xUx>224,81</xUx>
                  </xBx>
                </xText>
              </xClmn>
              <xClmn xALIGNx="left" xVALIGNx="top">
                <xText>471,93</xText>
                <xText>
                  <xBx>
                    <xUx>1548,53</xUx>
                  </xBx>
                </xText>
              </xClmn>
            </xRow>
            <xRow>
              <xClmn xALIGNx="left" xClmnSpan="11" xVALIGNx="top">
                <xText>
                  <xBx>WPŁATA dokonana 03.08.2006, 4000 dla <xAnon>A. B.</xAnon>, 7500 dla </xBx>
                  <xAnon>D. B.</xAnon>
                </xText>
                
                <xText>
                  <xBx>
                    <xUx>WPŁATA dokonana 03.08.2007, 4000 dla <xAnon>A. B.</xAnon>, 7500 dla </xUx>
                    <xAnon>D. B.</xAnon>
                  </xBx>
                </xText>
                
              </xClmn>
            </xRow>
            <xRow>
              <xClmn xALIGNx="left" xVALIGNx="top">
                <xText>- 7431,49</xText>
                <xText>
                  <xBx>
                    <xUx>- 7275,49</xUx>
                  </xBx>
                </xText>
              </xClmn>
              <xClmn xALIGNx="left" xVALIGNx="top">
                <xText>- 3528,07</xText>
                <xText>
                  <xBx>
                    <xUx>- 2451,47</xUx>
                  </xBx>
                </xText>
              </xClmn>
              <xClmn xALIGNx="left" xClmnSpan="6" xVALIGNx="top">
                <xText>Zaliczenie wpłaty na odsetki od alimentów oraz na alimenty</xText>
              </xClmn>
              <xClmn xALIGNx="left" xClmnSpan="2" xVALIGNx="top">
                <xText>-68,51</xText>
                <xText>
                  <xBx>
                    <xUx>- 224,81</xUx>
                  </xBx>
                </xText>
              </xClmn>
              <xClmn xALIGNx="left" xVALIGNx="top">
                <xText>-471,93</xText>
                <xText>
                  <xBx>
                    <xUx>- 1548,53</xUx>
                  </xBx>
                </xText>
              </xClmn>
            </xRow>
            <xRow>
              <xClmn xALIGNx="left" xVALIGNx="top">
                <xText>
                  <xBx>Nadpłata </xBx>
                </xText>
                <xText>2057,42</xText>
                <xText>
                  <xBx>
                    <xUx>1893,11</xUx>
                  </xBx>
                </xText>
              </xClmn>
              <xClmn xALIGNx="left" xVALIGNx="top">
                <xText>
                  <xBx>Niedopłata</xBx>
                </xText>
                <xText>- 12340,30</xText>
                <xText>
                  <xBx>
                    <xUx>- 13416,69</xUx>
                  </xBx>
                </xText>
              </xClmn>
              <xClmn xALIGNx="left" xClmnSpan="6" xVALIGNx="top">
                
              </xClmn>
              <xClmn xALIGNx="left" xClmnSpan="2" xVALIGNx="top">
                
              </xClmn>
              <xClmn xALIGNx="left" xVALIGNx="top">
                
              </xClmn>
            </xRow>
          </xRows>
          
          <xRows>
            <xCOLGROUPx>
              <xCOLx xWIDTHx="271"/>
              <xCOLx xWIDTHx="230"/>
            </xCOLGROUPx>
            <xRow>
              <xClmn xALIGNx="left" xVALIGNx="top">
                <xText>Kwota alimentów niezapłaconych na rzecz <xAnon>A. B.</xAnon></xText>
                <xText>12340,30</xText>
                <xText>
                  <xBx>
                    <xUx>13416,69</xUx>
                  </xBx>
                </xText>
              </xClmn>
              <xClmn xALIGNx="left" xVALIGNx="top">
                <xText>Dzień do którego odsetki są opłacone od kwot wymienionych w kolumnie 1</xText>
              </xClmn>
            </xRow>
            <xRow>
              <xClmn xALIGNx="left" xVALIGNx="top">
                <xText>5833,64</xText>
                <xText>
                  <xBx>
                    <xUx>6910,03</xUx>
                  </xBx>
                </xText>
              </xClmn>
              <xClmn xALIGNx="left" xVALIGNx="top">
                <xText>03.08.2006</xText>
                <xText>
                  <xBx>
                    <xUx>03.08.2007</xUx>
                  </xBx>
                </xText>
              </xClmn>
            </xRow>
            <xRow>
              <xClmn xALIGNx="left" xVALIGNx="top">
                <xText>5600</xText>
              </xClmn>
              <xClmn xALIGNx="left" xVALIGNx="top">
                <xText>01.08.2006</xText>
              </xClmn>
            </xRow>
            <xRow>
              <xClmn xALIGNx="left" xVALIGNx="top">
                <xText>800</xText>
              </xClmn>
              <xClmn xALIGNx="left" xVALIGNx="top">
                <xText>10.08.2006</xText>
              </xClmn>
            </xRow>
            <xRow>
              <xClmn xALIGNx="left" xVALIGNx="top">
                <xText>106,66</xText>
              </xClmn>
              <xClmn xALIGNx="left" xVALIGNx="top">
                <xText>04.09.2006</xText>
              </xClmn>
            </xRow>
          </xRows>
          
          <xText>Podkreślenia wymaga, że popełniona omyłka nie wpłynęła na prawidłowość rozstrzygnięcia zawartego w punkcie I wyroku.</xText>
          <xText>Uwzględniając powództwo jedynie w części Sąd Rejonowy w punkcie III wyroku oddalił je w pozostałym zakresie.</xText>
          <xText>O kosztach procesu Sąd Rejonowy orzekł zgodnie z <xLexLink xArt="art. 100" xIsapId="WDU19640430296" xTitle="Ustawa z dnia 17 listopada 1964 r. - Kodeks postępowania cywilnego" xAddress="Dz. U. z 1964 r. Nr 43, poz. 296">art. 100 kpc</xLexLink>, wedle którego w razie częściowego tylko uwzględnienia żądań koszty będą wzajemnie zniesione lub stosunkowo rozdzielone. Sąd uwzględnił żądanie jedynie w części, dlatego zasadnym było wzajemne zniesienie kosztów procesu pomiędzy stronami.</xText>
          <xText>W punkcie V wyroku, Sąd Rejonowy przyznał <xAnon>adw. T. T.</xAnon>, koszty nieopłaconej pomocy prawnej udzielonej z urzędu, które wedle <xLexLink xArt="art. 29;art. 29 ust. 1" xIsapId="WDU19820160124" xTitle="Ustawa z dnia 26 maja 1982 r. - Prawo o adwokaturze" xAddress="Dz. U. z 1982 r. Nr 16, poz. 124">art. 29 ust. 1 ustawy z dnia 26 maja 1982 r. Prawo o adwokaturze</xLexLink> (Dz. U. z 2009 r. Nr 146, poz. 1188, ze zm.) ponosi Skarb Państwa. Ich wysokość została ustalona zgodnie z <xLexLink xArt="§ 6;§ 6 pkt. 5" xIsapId="WDU20021631348" xTitle="Rozporządzenie Ministra Sprawiedliwości z dnia 28 września 2002 r. w sprawie opłat za czynności adwokackie oraz ponoszenia przez Skarb Państwa kosztów nieopłaconej pomocy prawnej udzielonej z urzędu" xAddress="Dz. U. z 2002 r. Nr 163, poz. 1348">§ 6 pkt 5 Rozporządzenia Ministra Sprawiedliwości z dnia 28 września 2002 r. w sprawie opłat za czynności adwokackie oraz ponoszenia przez Skarb Państwa kosztów nieopłaconej pomocy prawnej udzielonej z urzędu</xLexLink> (t.j. Dz.U. z 2013 r. Nr 461).</xText>
          
          <xText>Powyższy wyrok w części oddalającej powództwo <xBx>zaskarżył apelacją powód <xAnon>W. B.</xAnon></xBx>. Zaskarżonemu wyrokowi zarzucił:</xText>
          <xText>1) mające istotny pływ na treść zaskarżonego orzeczenia: błąd w ustaleniach faktycznych oraz naruszenie prawa procesowego, tj. <xLexLink xArt="art. 233;art. 233 § 1" xIsapId="WDU19640430296" xTitle="Ustawa z dnia 17 listopada 1964 r. - Kodeks postępowania cywilnego" xAddress="Dz. U. z 1964 r. Nr 43, poz. 296">art. 233 § 1 kpc</xLexLink> poprzez w części dowolną, nie zaś swobodną ocenę zebranych w sprawie dowodów, to jest pisemnego oświadczenia córki stron <xAnon>M. B.</xAnon>, które Sąd meriti uznał za niewiarygodne z uwagi na przyjętą zdaniem Sądu praktykę kwitowania odbioru wszelkich pieniędzy wynikającą z praktykowanego przez strony ograniczonego zaufania, w związku z czym, w sytuacji gdy pozwana nie pokwitowała odbioru kwot wymienionych w oświadczeniu i nie uznała otrzymania kwot wymienionych w tym oświadczeniu brak było podstaw do przyjęcia merytorycznej prawdziwości treści tego oświadczenia, podczas gdy pozwana składała szereg innych depozycji dotyczących należności alimentacyjnych, a zwłaszcza przeznaczenia kwot przekazywanych przez powoda i w tej części Sąd pierwszej instancji zasadnie odmówił wiarygodności tych stwierdzeń pozwanej, stąd też brak było podstaw do kwestionowania wiarygodności oświadczenia córki stron w sytuacji, gdy żaden z zebranych w sprawie dowodów nie wskazywał by mogła mieć ona interes w sporządzeniu nieprawdziwego oświadczenia,</xText>
          <xText>2) naruszenie prawa procesowego mające istotny wpływ na treść zaskarżonego orzeczenia, to jest <xLexLink xArt="art. 278;art. 278 § 1" xIsapId="WDU19640430296" xTitle="Ustawa z dnia 17 listopada 1964 r. - Kodeks postępowania cywilnego" xAddress="Dz. U. z 1964 r. Nr 43, poz. 296">art. 278 §1 kpc</xLexLink> i <xLexLink xArt="art. 328;art. 328 § 1" xIsapId="WDU19640430296" xTitle="Ustawa z dnia 17 listopada 1964 r. - Kodeks postępowania cywilnego" xAddress="Dz. U. z 1964 r. Nr 43, poz. 296">art. 328 § 1 kpc</xLexLink> poprzez oddalenie wniosku o dopuszczenie dowodu z opinii biegłego na okoliczność wielkości kwot przekazanych w walucie obcej przez powoda na rzecz pozwanej celem realizacji należności alimentacyjnych zasądzonych w złotych i dokonanie tego rozliczenia bezpośrednio przez Sąd pierwszej instancji, jak również przetworzenie tych wyliczeń w uzasadnieniu zaskarżonego wyroku w formie niekomunikatywnej i nie pozwalającej na weryfikację tych wyliczeń.</xText>
          <xText>Wskazując na powyższe podstawy powód wniósł o uchylenie wyroku w zaskarżonej części przekazanie sprawy w tym zakresie do ponownego rozpoznania Sądowi pierwszej instancji.</xText>
          <xText>W <xBx>uzasadnieniu apelacji </xBx>powód <xAnon>W. B.</xAnon> podniósł, że nie można zaaprobować stwierdzenia zawartego w uzasadnieniu zaskarżonego wyroku, że cech wiarygodności pozbawione jest oświadczenie córki stron <xAnon>M. B.</xAnon>, złożone na piśmie w dniu 13 maja 2006 r. Przeprowadzone w sprawie dowody nie wskazywały, by <xAnon>M. B.</xAnon> była negatywnie usposobiona do którejkolwiek ze stron, bądź by miała jakikolwiek interes w fałszywym, a korzystnym dla kogokolwiek przedstawianiu okoliczności sprawy, tym bardziej, iż jako dorosła osoba, składając tego rodzaju oświadczenie musiała być świadoma, że oświadczenie to może być wykorzystane również w postępowaniu sądowym, zważywszy, że niewątpliwie wiedziała o toczących się uprzednio między stronami sprawach sądowych. Fakt, iż strony zachowywały wobec siebie „ograniczone" zaufanie, nie wskazuje wcale, że tego rodzaju tylko ograniczone zaufanie miały również do wspólnej dorosłej córki. Powód jedynie z czysto uczuciowych względów nie chciał angażować córki w żądanie od jej matki pokwitowania wypłaconych pieniędzy. Z trudnych do odtworzenia w oparciu o uzasadnienie zaskarżonego orzeczenia względów Sąd pierwszej instancji w powyższym zakresie dał wiarę depozycjom pozwanej, której w pełni zasadnie nie uwierzył zarówno co do rzekomego innego niż alimenty przeznaczenia części przekazanych przez powoda pieniędzy, jak czasokresu, w którym powód zobowiązany był do alimentacji pozwanej.</xText>
          <xText>Zdaniem skarżącego niewątpliwie proste obliczenia polegające na dokonywaniu podstawowych działań algebraicznych me wymagają wiadomości specjalnych, stąd też w tym zakresie Sąd nie musi korzystać z opinii biegłego (por. postanowienie Sądu Najwyższego z dnia 19 listopada 2010 r. w sprawie III CSK 32/10 LEX 1110993), tym nie mniej w niniejszej sprawie nie chodziło li tylko o proste zadania arytmetyczne, czego wyrazem są tabele zawarte w tekście uzasadnienia zaskarżonego wyroku. Sąd meritii dokonał co prawda drobiazgowych wyliczeń zamieszonych w tabelach, jednakże tabele te nie zawierają jakiegokolwiek odniesienia zarówno do zebranego w sprawie materiału dowodowego, a zwłaszcza różnych dokumentów dotyczących wpłaty, bądź przelewu środków płatniczych, jak też nie wskazują podstaw przeliczenia zagranicznych środków płatniczych na złote. Konieczność posiadania wiadomości specjalnych dotyczy nie tylko samej możliwości dokonania wyliczeń, lecz również ich odniesienia, a właściwie wywiedzenia z zebranych w sprawie dowodów, jak też i odpowiedniego zaprezentowania wyników tych obliczeń w sposób komunikatywny nie tylko dla autora wyliczeń, lecz również i dla stron procesowych. Zawarte w uzasadnieniu wyroku tabele kryterium tego nie spełniają i nie pozwalają na weryfikację prawidłowości dokonanych wyliczeń.</xText>
          
          <xText>
            <xBx>Sąd Okręgowy zważył, co następuje:</xBx>
          </xText>
          <xText>Sąd Rejonowy prawidłowo ustalił wszystkie istotne w sprawie okoliczności faktyczne, zgodnie z zebranym w sprawie materiałem dowodowym. Sąd Okręgowy w pełni ustalenia te podziela. Także wnioski wynikające z tych ustaleń nie budzą wątpliwości i jako takie zasługują na akceptację. Co prawda Sąd Rejonowy nie uniknął pewnych błędów matematycznych przy dokonywaniu niektórych wyliczeń, jednakże błędy te nie mogły stanowić podstawy do zmiany zaskarżonego wyroku. Jak trafnie przyjął Sąd Rejonowy okres alimentowania pozwanej <xAnon>A. B.</xAnon>przez powoda <xAnon>W. B.</xAnon>rozpoczął się w dniu 18 marca 2003 r., zgodnie z treścią wyroku zaocznego Sądu Rejonowego w Białymstoku z dnia 25 czerwca 2003 r. w sprawie V RC 154/03, którym wysokość alimentów ustalona została na kwotę po 500 zł miesięcznie. Uwzględniając okoliczność, że miesiąc marzec ma 31 dni, prawidłowo wyliczona kwota alimentów za okres od 18 do 31marca powinna wynieść 225,81 zł, a nie jak błędnie przyjęto 209,68 zł. Różnica w wyliczeniu tej kwoty, niewątpliwie wpływająca także na dalsze wyliczenia dotyczące zarówno kwot należności głównych jak i ubocznych, działa wyłącznie na korzyść powoda, w związku z czym, przy apelacji wniesionej wyłącznie przez powoda nie mogła, w myśl przepisu <xLexLink xArt="art. 384" xIsapId="WDU19640430296" xTitle="Ustawa z dnia 17 listopada 1964 r. - Kodeks postępowania cywilnego" xAddress="Dz. U. z 1964 r. Nr 43, poz. 296">art. 384 kpc</xLexLink>, doprowadzić do zamiany zaskarżonego wyroku na jego niekorzyść. Podobnie ma się rzecz z błędem dostrzeżonym przez Sąd Rejonowy na etapie sporządzania uzasadnienia zaskarżonego wyroku. Błąd ten wynikał z przyjęcia, że wpłaty kwot 4000 zł i 7500 zł powód dokonał w dniu 03 sierpnia 2006 r., choć faktycznie wpłat tych dokonano rok później, to jest w dniu 03 sierpnia 2007 r. Błąd ten doprowadził do nieprawidłowego wyliczenia kwoty 12340,30 zł, aż o 1076,39 zł niższej od prawidłowej kwoty 13416,69 zł, jednakże popełniony został na korzyść powoda i z przyczyn omówionych wyżej, przy braku apelacji pozwanej, nie mógł doprowadzić do zamiany zaskarżonego wyroku na niekorzyść powoda. Kolejny popełniony przez Sąd Rejonowy błąd matematyczny dotyczy końcowej daty obowiązku alimentacyjnego wobec pozwanej, który zgodnie z wyrokiem Sądu Rejonowego dla Warszawy-Mokotowa w Warszawie z dnia 10 listopada 2009 r. w sprawie V RC 670/06, wygasł z dniem 04 września 2006 r. Oznacza to, że powód powinien zapłacić alimenty tylko za 3 dni września 2006 r., tymczasem Sąd Rejonowy wyliczył alimenty za 4 dni tego miesiąca. Błąd ten doprowadził do naliczenia powodowi alimentów za omawiany miesiąc w kwocie 106,66 zł, zamiast w prawidłowej kwocie 80 zł. Niewątpliwie błąd ten został popełniony na niekorzyść powoda, jednakże nie został przez powoda podniesiony w apelacji. W związku z tym, biorąc pod uwagę treść <xLexLink xArt="art. 378;art. 378 § 1" xIsapId="WDU19640430296" xTitle="Ustawa z dnia 17 listopada 1964 r. - Kodeks postępowania cywilnego" xAddress="Dz. U. z 1964 r. Nr 43, poz. 296">art. 378 § 1 kpc</xLexLink> mówiącego o zasadzie rozpoznawania sprawy przez sąd drugiej instancji w granicach apelacji, Sąd Okręgowy nie znalazł podstaw do zmiany zaskarżonego orzeczenia w tym zakresie.</xText>
          <xText>Wbrew zarzutom apelacji Sąd Rejonowy słusznie nie dał wiary przedłożonemu przez powoda oświadczeniu córki stron <xAnon>M. B.</xAnon>z dnia 13 maja 2006 r. o pośredniczeniu w comiesięcznym przekazywaniu kwot stanowiących alimenty na rzecz <xAnon>D. B.</xAnon>od chwili ich zasądzenia. Pozwana nie potwierdziła bowiem okoliczności wskazanej w tym oświadczeniu, nie złożyła też podpisu na tym oświadczeniu, a próba wyjaśnienia istniejących w tym zakresie wątpliwości poprzez przesłuchanie <xAnon>M. B.</xAnon>w charakterze świadka w toku postępowania przed Sądem Okręgowym, zakończyła się odmową składania zeznań przez <xAnon>M. B.</xAnon>. W tej sytuacji przedstawiony przez powoda dokument, w świetle zgromadzonego w sprawie materiału dowodowego, należało uznać za niewiarygodny. Podkreślenia w tym miejscu wymaga również okoliczność, że wpłacenie należnych <xAnon>D. B.</xAnon>alimentów do rąk jego siostry <xAnon>M. B.</xAnon>jest niezgodne z treścią tytułu wykonawczego, z którego wynika, że alimenty płatne są do rąk pozwanej <xAnon>A. B.</xAnon>, a nie do rąk córki stron <xAnon>M. B.</xAnon>.</xText>
          <xText>Podniesiony przez powoda w apelacji zarzut naruszenia prawa procesowego poprzez oddalenie wniosku o dopuszczenie dowodu z opinii biegłego na okoliczność wielkości kwot przekazanych w walucie obcej przez powoda na rzecz pozwanej celem realizacji należności alimentacyjnych zasądzonych w złotych i dokonanie tego rozliczenia bezpośrednio przez Sąd pierwszej instancji, nie jest zasadny. Okoliczności dotyczące terminu wypłaty przekazywanych pieniędzy i przeliczenia ich na złotówki nie były między stronami sporne. Sąd Rejonowy, zgodnie z treścią <xLexLink xArt="art. 358;art. 358 § 2" xIsapId="WDU19640160093" xTitle="Ustawa z dnia 23 kwietnia 1964 r. - Kodeks cywilny" xAddress="Dz. U. z 1964 r. Nr 16, poz. 93">art. 358 § 2 kc</xLexLink>, uwzględnił średni kurs dolara amerykańskiego ogłaszany przez NBP w dniach dokonanych przekazów i sporządzanych oświadczeń o przyjęciu należności. W sposób szczegółowy dokonał wyliczeń kwot należności głównych i należności ubocznych, prawidłowo stosując zmieniającą się w spornym okresie stopę odsetek ustawowych. W myśl przepisu <xLexLink xArt="art. 451" xIsapId="WDU19640160093" xTitle="Ustawa z dnia 23 kwietnia 1964 r. - Kodeks cywilny" xAddress="Dz. U. z 1964 r. Nr 16, poz. 93">art. 451 kc</xLexLink>, zgodnie ze wskazaniem pozwanej, dokonywane przez powoda wpłaty zaliczał w pierwszej kolejności na rzecz narosłych odsetek, a dopiero w drugiej kolejności na należności główne. Co prawda dokonane przez Sąd Rejonowy w formie tabel wyliczenie końcowych kwot może początkowo rodzić pewne trudności z weryfikacją tych wyliczeń, lecz analiza wskazanych tam kwot, przy zastosowaniu omówionych w uzasadnieniu zaskarżonego wyroku zasad zaliczania dokonywanych przez powoda wpłat na poczet jego zadłużenia alimentacyjnego, nie pozostawia wątpliwości, że do przeprowadzenia tych wyliczeń nie była potrzebna wiedza fachowa. Podjęte przez Sąd Rejonowy w tym kierunku czynności zmierzające do ustalenia zakresu spełnienia obowiązku alimentacyjnego przez powoda, sprowadzały bowiem się jedynie do wyliczenia należnych odsetek i właściwego zarachowania dokonanych wpłat.</xText>
          
          <xText>Z uwagi na powyższe, na podstawie przepisu <xLexLink xArt="art. 385" xIsapId="WDU19640430296" xTitle="Ustawa z dnia 17 listopada 1964 r. - Kodeks postępowania cywilnego" xAddress="Dz. U. z 1964 r. Nr 43, poz. 296">art. 385 kpc</xLexLink>, apelację jako bezzasadną należało oddalić.</xText>
          
          <xText>O wynagrodzeniu pełnomocnika adw. <xAnon>T. T.</xAnon>tytułem kosztów nieopłaconej pomocy prawnej udzielonej pozwanej <xAnon>A. B.</xAnon>z urzędu, orzeczono na podstawie <xLexLink xArt="§ 6;§ 6 pkt. 5" xIsapId="WDU20021631348" xTitle="Rozporządzenie Ministra Sprawiedliwości z dnia 28 września 2002 r. w sprawie opłat za czynności adwokackie oraz ponoszenia przez Skarb Państwa kosztów nieopłaconej pomocy prawnej udzielonej z urzędu" xAddress="Dz. U. z 2002 r. Nr 163, poz. 1348">§ 6 pkt 5</xLexLink> w zw. z <xLexLink xArt="§ 13;§ 13 ust. 1;§ 13 ust. 1 pkt. 1" xIsapId="WDU20021631348" xTitle="Rozporządzenie Ministra Sprawiedliwości z dnia 28 września 2002 r. w sprawie opłat za czynności adwokackie oraz ponoszenia przez Skarb Państwa kosztów nieopłaconej pomocy prawnej udzielonej z urzędu" xAddress="Dz. U. z 2002 r. Nr 163, poz. 1348">§ 13 ust. 1 pkt 1 Rozporządzenia Ministra Sprawiedliwości z dnia 28 września 2002 r. w sprawie opłat za czynności adwokackie oraz ponoszenia przez Skarb Państwa kosztów nieopłaconej pomocy prawnej udzielonej z urzędu</xLexLink> (Dz. U. z 2013 r. Nr 461).</xText>
        </xUnit>
      </xBlock>
    </xPart>
  </judgement>
<judgement id="150525000001521_III_U_000562_2012_Uz_2014-03-05_001">
    <xPart xEditorFullName="Małgorzata Stępek" xYear="2012" xLang="PL" xPublisherFullName="Małgorzata Stępek" xFromPg="1" xEditor="m.stepek" xVolType="15/052500/0001521/U" xPublisher="m.stepek" xDocType="Uz" xVolNmbr="000562" xVersion="1.0" xToPage="7" xFlag="published">
      <xName>Wyrok+Uzasadnienie</xName>
      <xBlock>
        <xText>Sygn. akt III U 562/12</xText>
        
        <xUnit xIsTitle="true" xType="part" xBold="true">
          <xName>WYROK</xName>
          <xTitle>W IMIENIU RZECZYPOSPOLITEJ POLSKIEJ</xTitle>
          <xText xALIGNx="right">Dnia 5 marca 2014r.</xText>
          
          <xText>Sąd Okręgowy Sąd Pracy i Ubezpieczeń Społecznych w Ostrołęce Wydział III</xText>
          <xText>w składzie:</xText>
          
          <xText><xBx>Przewodnicząca:</xBx> SSO Bożena Bielska</xText>
          <xText><xBx>Protokolant:</xBx> sekr. sądowy Ewelina Asztemborska</xText>
          <xText><xBx>po rozpoznaniu na rozprawie</xBx> w dniu 5 marca 2014r. w <xAnon>O.</xAnon></xText>
          <xText>
            <xBx>sprawy z odwołania</xBx>
            <xAnon>E. S.</xAnon>
          </xText>
          <xText><xBx>przeciwko</xBx> Zakładowi Ubezpieczeń Społecznych Oddziałowi w <xAnon>P.</xAnon></xText>
          <xText>o rentę z tytułu niezdolności do pracy</xText>
          <xText>
            <xBx>na skutek odwołania</xBx>
            <xAnon>E. S.</xAnon>
          </xText>
          <xText><xBx>od decyzji</xBx> Zakładu Ubezpieczeń Społecznych Oddziału w <xAnon>P.</xAnon></xText>
          <xText><xBx>z dnia</xBx> 5 czerwca 2012  r. <xBx>nr</xBx><xAnon> (...)</xAnon></xText>
          
          <xText xALIGNx="center">
            <xBx>orzeka:</xBx>
          </xText>
          
          <xText>oddala odwołanie.</xText>
        </xUnit>
        <xUnit xIsTitle="true" xType="part" xBold="true">
          <xName>UZASADNIENIE</xName>
          <xText><xAnon>E. S.</xAnon> wniosła odwołanie od decyzji Zakładu Ubezpieczeń Społecznych z dnia 05.06.2012r. nr <xAnon> (...)</xAnon>, odmawiającej jej prawa do renty z tytułu niezdolności do pracy. W uzasadnieniu wskazała, że w dniu 04.09.2008r. doznała urazu kręgosłupa, od tego momentu pomimo rehabilitacji cierpi na bóle kręgosłupa, ma trudności w chodzeniu, unoszeniu przedmiotów.</xText>
          
          <xText>W odpowiedzi na odwołanie ZUS wniósł o jego oddalenie. W uzasadnieniu wskazał, że <xAnon>E. S.</xAnon> w dniu 18.04.2012r. złożyła wniosek o przyznanie renty z tytułu niezdolności do pracy i została skierowana na badanie lekarskie przez lekarza orzecznika ZUS, który w orzeczeniu z dnia 27.04.2012r. ustalił, że nie jest ona niezdolna do pracy. Odwołująca złożyła sprzeciw od orzeczenia lekarza orzecznika ZUS do Komisji Lekarskiej ZUS. Także Komisja w orzeczeniu z dnia 30.05.2012r. ustaliła, że nie jest ona niezdolna do pracy. Wobec powyższego decyzją z dnia 05.06.2012r. prawidłowo odmówiono <xAnon>E. S.</xAnon> prawa do renty z tytułu niezdolności do pracy.</xText>
          
          <xText>
            <xBx> Sąd ustalił i zważył, co następuje: </xBx>
          </xText>
          
          <xText><xAnon>E. S.</xAnon> (<xAnon>ur. (...)</xAnon>) w okresie od 13.02.2011r. do 11.08.2011r. pobierała świadczenie rehabilitacyjne.</xText>
          
          <xText>W dniu 10.04.2012r. <xAnon>E. S.</xAnon> złożyła do ZUS wniosek o przyznanie prawa do renty z tytułu niezdolności do pracy.</xText>
          <xText>W toku jego rozpoznawania orzeczeniem wydanym przez lekarza orzecznika w dniu 27.04.2012r. ustalono, że nie jest ona niezdolna do pracy. Na skutek sprzeciwu odwołującej także Komisja Lekarska ZUS w orzeczeniu z dnia 30.05.2012r. ustaliła, że nie jest ona niezdolna do pracy. W konsekwencji ZUS zaskarżoną decyzją z dnia 05.06.2012r. odmówił jej prawa do renty z tytułu niezdolności do pracy.</xText>
          
          <xText>W ocenie Sądu odwołanie <xAnon>E. S.</xAnon> od decyzji ZUS z dnia 05.06.2012r. nie jest zasadne.</xText>
          
          <xText>Zgodnie z <xLexLink xArt="art. 57;art. 57 ust. 1" xIsapId="WDU19981621118" xTitle="Ustawa z dnia 17 grudnia 1998 r. o emeryturach i rentach z Funduszu Ubezpieczeń Społecznych" xAddress="Dz. U. z 1998 r. Nr 162, poz. 1118">art. 57 ust. 1 ustawy z dnia 17.12.1998r. o emeryturach i rentach z Funduszu Ubezpieczeń Społecznych</xLexLink> (t.j.Dz.U.2013.1440) renta z tytułu niezdolności do pracy przysługuje ubezpieczonej, która spełnia łącznie następujące przesłanki:</xText>
          <xUnit xIsTitle="false" xType="none">
            <xName xSffx=".">1</xName>
            <xText>jest niezdolna do pracy,</xText>
          </xUnit>
          <xUnit xIsTitle="false" xType="none">
            <xName xSffx=".">2</xName>
            <xText>ma wymagany okres składkowy i nieskładkowy,</xText>
          </xUnit>
          <xUnit xIsTitle="false" xType="none">
            <xName xSffx=".">3</xName>
            <xText>niezdolność do pracy powstała we wskazanych w ustawie okresach składkowych lub nieskładkowych albo nie później niż w ciągu 18 miesięcy od ustania tych okresów.</xText>
          </xUnit>
          <xText>Przepisu ust. l pkt 3 nie stosuje się do ubezpieczonego, który udowodnił okres składkowy i nieskładkowy wynoszący co najmniej 20 lat dla kobiety lub 25 lat dla mężczyzny oraz jest całkowicie niezdolny do pracy (art. 57 ust. 2 ustawy).</xText>
          
          <xText>Definicję osoby niezdolnej do pracy zawiera art. 12 ust. 1-3 w/w ustawy, który stwierdza, że jest nią osoba, która całkowicie lub częściowo utraciła zdolność do pracy zarobkowej z powodu naruszenia sprawności organizmu i nie rokuje odzyskania zdolności do pracy po przekwalifikowaniu. Całkowicie niezdolną do pracy jest osoba, która utraciła zdolność do wykonywania jakiejkolwiek pracy, natomiast częściowo niezdolną do pracy jest osoba, która w znacznym stopniu utraciła zdolność do pracy zgodnej z poziomem posiadanych kwalifikacji.</xText>
          
          <xText>Oceny niezdolności do pracy, jej stopnia oraz ustalenia daty powstania niezdolności do pracy, trwałości lub przewidywanego okresu niezdolności do pracy dokonuje w formie orzeczenia lekarz orzecznik ZUS. Od orzeczenia lekarza orzecznika osobie zainteresowanej przysługuje sprzeciw do komisji lekarskiej Zakładu. Komisja lekarska rozpatrując sprzeciw lub zarzut wadliwości, dokonuje w formie orzeczenia oceny niezdolności do pracy i jej stopnia oraz trwałości lub przewidywanego okresu niezdolności do pracy. Orzeczenie lekarza orzecznika, od którego nie wniesiono sprzeciwu lub co do którego nie zgłoszono zarzutu wadliwości, albo orzeczenie komisji lekarskiej, stanowi dla organu rentowego podstawę do wydania decyzji w sprawie świadczeń, do których prawo jest uzależnione od stwierdzenia niezdolności do pracy oraz niezdolności do samodzielnej egzystencji (art. 14 ust. l pkt 1 oraz art.14 ust. 2a, 2e, 2f i ust 3 cytowanej ustawy).</xText>
          
          <xText>W świetle w/w przepisów zasadniczą kwestią wymagającą rozstrzygnięcia w przedmiotowej sprawie, od której zależała skuteczność odwołania <xAnon>E. S.</xAnon>, było ustalenie, czy jest ona niezdolna do pracy, jeśli tak, to w jakim stopniu i jaki jest przewidywany okres trwania niezdolności oraz w jakim okresie ta niezdolność powstała.</xText>
          
          <xText>Na okoliczność występowania niezdolności do pracy odwołującej Sąd dopuścił w sprawie dowód z opinii biegłych lekarzy z zakresu ortopedii i neurologii.</xText>
          <xText>Biegli z zakresu: neurologii – <xAnon>W. T.</xAnon> i ortopedii <xAnon>G. K.</xAnon> w opinii nadesłanej w dniu 19.11.2012r., po przeprowadzonym w dniu 06.10.2012r. badaniu odwołującej oraz zapoznaniu się z dokumentacją medyczną dotyczącą stanu jej zdrowia, zdiagnozowali u niej: dyskopatię kręgosłupa szyjnego i lędźwiowego i chorobę zwyrodnieniową kręgosłupa piersiowego.</xText>
          <xText>Zdaniem biegłych w/w schorzenia nie powodują niezdolności do pracy u odwołującej.</xText>
          <xText>W uzasadnieniu biegli wskazali, że na podstawie badania podmiotowego, przedmiotowego oraz po analizie dokumentacji medycznej i akt sprawy stwierdzili u odwołującej mierne dysfunkcje kręgosłupa lędźwiowego a wykonane badania wykazały zmiany zwyrodnieniowe i dyskopatyczne (k. 30 – 31 a.s.).</xText>
          
          <xText>Do powyższej opinii zastrzeżenia wniosła <xAnon>E. S.</xAnon>, reprezentowana przez profesjonalnego pełnomocnika procesowego. Wskazała, że w powyższej opinii są liczne uchybienia co do sposobu i metod badania: nie dołączono do dokumentacji aktualnego zaświadczenia o stanie zdrowia wydanego przez lekarza, pod którego opieką pozostaje, w opinii na podstawie badań znajdujących się w aktach ZUS wpisano jako rozpoznanie: dyskopatię kręgosłupa szyjnego i lędźwiowego - podczas gdy w wyniku badania radiologicznego szyjnego odcinka kręgosłupa w dacie 14.10.2010r. nie wykazano najmniejszych nieprawidłowości, zaś jej dolegliwości związane są głównie z odcinkiem lędźwiowo-krzyżowym oraz piersiowym kręgosłupa - co znajduje też potwierdzenie w dotychczasowej dokumentacji medycznej. Odwołująca się wniosła o zobowiązanie biegłych do wyjaśnienia, na podstawie jakiego badania stwierdzono dyskopatię kręgosłupa szyjnego (k. 38 a.s.).</xText>
          
          <xText>Biorąc pod uwagę w/w zastrzeżenia Sąd postanowieniem z dnia 06.12.2012r. dopuścił dowód z opinii uzupełniającej biegłego z zakresu ortopedii <xAnon>G. K.</xAnon> i neurologii <xAnon>W. T.</xAnon>.</xText>
          <xText>W opinii uzupełniającej złożonej w dniu 06.03.2013r. biegły ortopeda, odpowiadając na zarzuty <xAnon>E. S.</xAnon> wskazał, że schorzenia kręgosłupa oceniane były na podstawie wywiadu, badania przedmiotowego i badań dodatkowych, biegli oparli się też na informacjach od lekarzy leczących. Wskazał, że w wywiadzie odwołująca podała dolegliwości bólowe kręgosłupa szyjnego i lędźwiowego, promieniujące do barków i pośladków oraz podała, że od 2008r. leczy się w poradni ortopedycznej z powodu dolegliwości bólowych kręgosłupa szyjnego, piersiowego i lędźwiowego. Nadto wskazał, że w zaświadczeniu lekarskim z dnia 13.04.2011r. (k. 40 akt ZUS) specjalista neurolog wpisał w rozpoznaniu chorobę zwyrodnieniową kręgosłupa szyjnego i lędźwiowego a w zaświadczeniu lekarskim z dnia 15.07.2011r. reumatolog wpisał zespół bólowy kręgosłupa w przebiegu dyskopatii. Podczas pobytu w sanatorium 2010r. (k. 22 akt ZUS) stosowano zabiegi na odcinek szyjny i lędźwiowy kręgosłupa (k. 18 akt ZUS), zaś karta informacyjna z <xAnon> Oddziału (...)</xAnon> w <xAnon>M.</xAnon> ze stycznia 2012r. podaje w rozpoznaniu zespół bólowy kręgosłupa na podłożu choroby zwyrodnieniowo -dyskowej. <xAnon>G. K.</xAnon> podniósł, że biegli dysponując zaświadczeniami od specjalistów powinni napisać, iż odwołująca cierpi na zwyrodnienie kręgosłupa szyjnego, piersiowego i lędźwiowego - a nie dyskopatię kręgosłupa szyjnego. Opis zdj. Rtg kręgosłupa szyjnego z 2010r. nie stwierdza patologii, jest jednak badaniem wcześniejszym, niż przytoczone wyżej opinie specjalistów. Biegły wskazał, że wydając opinię nie mieli podstaw kwestionować ustaleń leczących specjalistów i przesłanek, na podstawie których stawiali diagnozę (k. 47 a.s.).</xText>
          
          <xText>Do opinii uzupełniającej zastrzeżenia ponownie wniosła odwołująca się. Podała, że opinia została wydana bez dogłębnego przeanalizowania historii choroby, wszystkich załączonych badań dodatkowych, opisów zdjęć RTG: stóp, miednicy, rąk, a także bez odniesienia się do całości opisu: MR kręgosłupa lędźwiowego, o czym świadczy nieprawidłowe wskazanie, iż podała biegłym, że leczy się w poradni ortopedycznej od 2008r. na dolegliwości bólowe kręgosłupa szyjnego i piersiowego, gdy tymczasem dolegliwości bólowe rozpoczęły się od urazu kręgosłupa lędźwiowego, choroba kręgosłupa lędźwiowego nasiliła się w dniu 13.08.2010r., od 2010r. pojawiły się dodatkowe bóle stawów kończyn dolnych i górnych, a także kręgosłupa szyjnego i piersiowego. Zdaniem <xAnon>E. S.</xAnon>, opinia nie została sporządzona w sposób pełny i wyczerpujący. Odwołująca wniosła o dopuszczenie dowodu z kolejnej opinii Instytutu Medycyny pracy. (k. 64 – 65 a.s.).</xText>
          
          <xText>Na rozprawie w dniu 23.04.2013r. odwołująca wskazała, że pracowała jako ogrodnik, sanitariusz, salowa, pakowaczka, paczkarka, operator urządzeń dozujących, szlifowała na urządzeniach szlifierskich, pracowała też jako mrożonkowa i operator wózka.</xText>
          
          <xText>Po złożeniu przez odwołującą dodatkowej dokumentacji medycznej Sąd w celu ustalenia, czy odwołująca jest niezdolna do pracy zgodnie z kwalifikacjami, dopuścił dowód z opinii biegłych z zakresu reumatologii, neurologii, chirurgii naczyniowej i medycyny pracy a oddalił wniosek o dopuszczenie dowodu z opinii Instytutu medycyny Pracy (k. 75 a.s.).</xText>
          
          <xText>Biegłe z zakresu: neurologii <xAnon>T. P.</xAnon> i medycyny pracy <xAnon>M. W.</xAnon> w opinii złożonej w dniu 24.09.2013r. wskazały, że u <xAnon>E. S.</xAnon> rozpoznały: zmiany zwyrodnieniowe i dyskopatyczne w odcinku szyjnym i lędźwiowo–krzyżowym kręgosłupa, bez objawów korzeniowych i ubytkowych z podawanym zespołem bólowym, zmiany zwyrodnieniowe kręgosłupa piersiowego bez upośledzenia, podejrzenie <xAnon> zespołu (...)</xAnon>, zmiany zwyrodnieniowe stawów obu rąk bez upośledzenia funkcji.</xText>
          <xText>Zdaniem biegłych po analizie dokumentacji i dokonaniu badania odwołującej należy uznać ją za zdolną do pracy zgodnej z kwalifikacjami – poza stanowiskiem mrożonkowej. W ocenie biegłych schorzenia odwołującej nie ograniczają natomiast jej pracy w pozostałych zawodach. Biegli wskazali, że podawane przez <xAnon>E. S.</xAnon> bóle w odcinku lędźwiowym kręgosłupa, bez wyrażonych objawów korzeniowych i ubytkowych, nie stanowią podstawy do uznania niezdolności do pracy. Stwierdzane zmiany w badaniach dodatkowych nie stanowią podstawy do uznania niezdolności do pracy, bowiem decyduje o tym badanie przedmiotowe, w którym stwierdza się podrażnienie i uszkodzenie korzeni nerwowych przez zmiany zwyrodnieniowe i dyskopatyczne. Ponieważ biegła neurolog w badaniu przedmiotowym nie stwierdzała takich zmian, orzekła, iż badana może pracować. Potwierdziła to biegła z zakresu medycyny pracy, która orzekła, iż badana w obecnym stanie zdrowia może pracować jako ogrodnik, sanitariusz, salowa, pakowaczka operator urządzeń dozujących, na urządzeniach szlifierskich, operator wózka. Ze względu na zgłaszane zmiany naczyniowe palców kończyn górnych i dolnych typu <xAnon>R.</xAnon> odwołująca nie powinna jedynie pracować na stanowisku mrożonkowej (k. 91 – 93 a.s.).</xText>
          
          <xText>Biegli z zakresu: reumatologii <xAnon>K. K.</xAnon>i chirurgii naczyniowej <xAnon>B. A.</xAnon>, w opinii złożonej w dniu 19.11.2013r., wskazali, że na podstawie danych z wywiadu, badania przedmiotowego oraz analizy dokumentacji u <xAnon>E. S.</xAnon>rozpoznali: pierwotną uogólnioną chorobę zwyrodnieniową stawów, przewlekły zespół bólowy dolnego odcinka kręgosłupa na tle zmian zwyrodnieniowo - dyskopatycznych i podejrzenie choroby Raynauda.</xText>
          <xText>Zdaniem biegłych schorzenia te nie czynią odwołującej całkowicie lub częściową niezdolną do pracy zarobkowej zgodnie z posiadanymi kwalifikacjami zawodowymi.</xText>
          <xText>W uzasadnieniu biegli wskazali, że podawane przez <xAnon>E. S.</xAnon>zmiany zabarwienia skóry palców rąk z uczuciem bólu i drętwienia po ekspozycji na zimno mogą odpowiadać opisywanemu w piśmiennictwie medycznym fenomenowi Raynaud. Jak dotychczas, choroba Raynaud przebiega bez zmian troficznych i bez tworzenia się owrzodzeń palców. Według biegłego chirurga przeciwwskazana jest praca odwołującej jako mrożonkowa w narażeniu na niskie temperatury otoczenia lub wymagająca moczenia rąk w zimnych płynach, jednakże jest to praca poniżej posiadanych przez nią kwalifikacji zawodowych. Zdaniem biegłych u odwołującej istnieją objawy uogólnionej choroby zwyrodnieniowej stawów obwodowych i stawów kręgosłupa. Na podstawie analizy badań obrazowych układu kostnego dołączonych do akt sprawy oraz na podstawie wyniku oględzin lekarskich można rozpoznać pierwotną chorobę zwyrodnieniową. Obecnie w badaniu przedmiotowym nie stwierdza się ograniczeń ruchomości czynnej i biernej stawów obwodowych. Funkcje kończyn dolnych i górnych oraz funkcje manipulacyjne palców rąk są dobrze zachowane, chód pozostaje wydolny. Nie stwierdza się również cech układowej choroby tkanki łącznej, która byłaby przyczyną podejrzewanego objawu Raynauda. Biegli wskazali, że biorąc pod uwagę stopień wykształcenia oraz stan układu ruchu, badana może pracować zgodne ze swoimi kwalifikacjami zawodowymi oraz wykonywać zatrudnienie na stanowiskach wymienionych w postanowieniu Sądu. Biegły reumatolog zwrócił również uwagę, że ubezpieczona była dwukrotnie we wrześniu 2012r. i 2013r. oceniana przez biegłych z zakresu neurologii, którzy rozpoznając zmiany dyskopatyczno - zwyrodnieniowe kręgosłupa nie stwierdzili neurologicznych objawów ubytkowych i nie stwierdzili niezdolności do pracy (k. 97 - 98 a.s.).</xText>
          
          <xText>Także do tych opinii zastrzeżenia wniosła <xAnon>E. S.</xAnon>. W piśmie datowanym na 14.02.2014r. wskazała, że opinia jest niewiarygodna i wadliwa. Nadto podniosła, że opinia nie zawiera imion i nazwisk lekarzy, stopnia naukowego i stanowiska służbowego. Wniosła o dopuszczenie dowodu z opinii innych biegłych i opinii Instytutu Medycyny Pracy (k. 138 a.s.).</xText>
          
          <xText>W ocenie Sądu zastrzeżenia do opinii zgłaszane przez odwołującą nie podważają wniosków tych opinii. Odmienna ocena stanu zdrowia odwołującej w kontekście jej zdolności do pracy dokonana przez nią samą, nie zawiera bowiem żadnych argumentów podważających miarodajność dotychczas sporządzonych opinii.</xText>
          <xText>Odwołująca się podnosiła, że na doręczonych jej odpisach ostatnio sporządzanych opinii brak jest nazwisk lekarzy oraz ich stopni naukowych. Okoliczność ta nie umniejsza jednak merytorycznej wagi tych opinii i nie decyduje o zasadności dopuszczenia dowodu z kolejnego zespołu biegłych – bowiem w aktach sprawy znajdują się opinie z podpisami i pieczątkami lekarzy a odwołującej doręczono egzemplarze opinii nadesłane przez biegłych. Nadto odwołująca na podstawie <xLexLink xArt="art. 9;art. 9 § 1" xIsapId="WDU19640430296" xTitle="Ustawa z dnia 17 listopada 1964 r. - Kodeks postępowania cywilnego" xAddress="Dz. U. z 1964 r. Nr 43, poz. 296">art. 9 § 1 k.p.c.</xLexLink> ma wgląd do akt sprawy.</xText>
          
          <xText><xAnon>E. S.</xAnon> w toku postępowania wnosiła o dopuszczenie dowodu z opinii kolejnych biegłych oraz dowodu z opinii Instytutu Medycyny Pracy. Oba wnioski zostały oddalone na podstawie <xLexLink xArt="art. 217;art. 217 § 3" xIsapId="WDU19640430296" xTitle="Ustawa z dnia 17 listopada 1964 r. - Kodeks postępowania cywilnego" xAddress="Dz. U. z 1964 r. Nr 43, poz. 296">art. 217 § 3 k.p.c.</xLexLink> (postanowienie k. 75a.s. i k. 141a.s.).</xText>
          
          <xText>Zgodnie z ugruntowanym stanowiskiem judykatury Sąd nie musi na wniosek ubezpieczonego dopuścić dowodu z dodatkowej opinii biegłych, jeśli uzna, że ekspertyzy, którymi dysponuje, są wystarczające do wyjaśnienia jego stanu zdrowia (wyrok Sądu Najwyższego z dnia 17.01.2012r. I UK 195/11).</xText>
          <xText>Wskazać też należy, że zarówno doktryna jak i orzecznictwo stoją na stanowisku, że potrzeba powołania innego biegłego powinna wynikać z okoliczności sprawy a nie z samego niezadowolenia strony z dotychczas złożonej opinii (wyrok SN z 4.08.1999 r, I PKN 20/99, OSNAPiUS 2000, nr 15, poz. 479).</xText>
          
          <xText>Zdaniem Sądu wszystkie dotychczas wydane w sprawie opinie biegłych mogą stanowić podstawę do wydania rozstrzygnięcia w niniejszej sprawie. Zostały one wydane przez biegłych lekarzy o specjalnościach odpowiednich do ujawnionych u odwołującej jednostek chorobowych. Biegli dokonali analizy zebranej w sprawie dokumentacji medycznej, przeprowadzili wywiad oraz badania odwołującej. Zarówno rozpoznanie, jak i wnioski, jakie znajdują się w opinii są rzeczowe, spójne i logiczne, dlatego zasługują na uwzględnienie. Biegli odnieśli się do schorzeń występujących u <xAnon>E. S.</xAnon>, określili stopień ich nasilenia i wpływ na zdolność do pracy.</xText>
          <xText>Podkreślić należy, że sam fakt występowania schorzeń nie może stanowić podstawy do uznania niezdolności do pracy, lecz istotny jest poziom nasilenia choroby, a poziom ten, zdaniem biegłych, u odwołującej nie sięga poziomu niezdolności do pracy.</xText>
          <xText>Wniosek powyższy jest poparty wynikami badania przedmiotowego <xAnon>E. S.</xAnon>, wskazanymi w opiniach. Odwołująca była badana przez biegłych trzykrotnie w dniach: 06.10.2012r., 25.09.2013r., 17.10.2013r. - a więc w różnych odstępach czasowych, co pozwala na dokładną ocenę jej stanu zdrowia. W toku każdego badania biegli sądowi stwierdzali, że odwołująca się jest zdolna do pracy.</xText>
          
          <xText>Wszyscy powołani w sprawie biegli sądowi rozpoznawali u odwołującej się schorzenia i dolegliwości bólowe kręgosłupa w odcinku szyjnym, lędźwiowym i krzyżowym, zmiany zwyrodnieniowe stawów rąk i podejrzenie <xAnon> zespołu (...)</xAnon>.</xText>
          <xText>W pierwszej opinii, wydanej przez ortopedę <xAnon>G. K.</xAnon> i neurologa <xAnon>W. T.</xAnon> nie stwierdzono niezdolności do pracy.</xText>
          <xText>W toku badania przedmiotowego nie stwierdzono objawów korzeniowych i neurologicznych ubytkowych. Stwierdzono zaś pełną ruchomość stawów kończyn dolnych i górnych, nie stwierdzono zaników mięśniowych nie stwierdzono.</xText>
          <xText>Biegły <xAnon>G. K.</xAnon> w opinii uzupełniającej odniósł się do zastrzeżeń <xAnon>E. S.</xAnon>. W opinii tej powoływał się na konkretne dane, wynikające ze złożonej przez odwołującą dokumentacji medycznej.</xText>
          
          <xText>W drugiej opinii, wydanej przez neurologa <xAnon>T. P.</xAnon> i specjalistę z zakresu medycyny pracy <xAnon>M. W.</xAnon> i w trzeciej, sporządzonej przez chirurga naczyniowego <xAnon>B. A.</xAnon> i reumatologa <xAnon>K. K.</xAnon> wskazano, że odwołująca się jest zdolna do pracy, z zastrzeżeniem, że nie powinna być jedynie zatrudniona jako mrożonkowa, bowiem nie może pracować w niskich temperaturach.</xText>
          <xText>Z akt rentowych wynika, iż odwołująca w przeszłości pracowała jako ogrodnik, sanitariusz, salowa, operator urządzeń dozujących, pakowaczka i mrożonkowa. Do tych prac odnieśli się biegli sądowi w swoich opiniach stwierdzając, że odwołująca jest posiada zdolna do ich wykonywania – z wyłączeniem prac w narażeniu na niskie temperatury otoczenia lub wymagających moczenia rąk w zimnych płynach (mrzonkowej), jednakże, jak uznały biegła neurolog <xAnon>T. P.</xAnon> i z zakresu medycyny pracy <xAnon>M. W.</xAnon> - jest to praca poniżej posiadanych kwalifikacji zawodowych.</xText>
          
          <xText>Zwrócić nadto trzeba uwagę na fakt, że <xAnon>E. S.</xAnon> w okresie od 13.02.2011r. do 11.08.2011r. pobierała świadczenie rehabilitacyjne, które jest przyznawane osobie rokującej odzyskanie zdolności do pracy, a z wnioskiem o rentę odwołująca wystąpiła po zakończeniu pobierania tego świadczenia.</xText>
          
          <xText>Mając powyższe na uwadze Sąd uznał, że prawidłowe jest stwierdzenie wszystkich powoływanych w sprawie biegłych o zdolności <xAnon>E. S.</xAnon> do pracy.</xText>
          
          <xText>Odwołująca nie spełnia więc przesłanek do przyznania jej prawa do renty z tytułu niezdolności do pracy i jej odwołanie od decyzji ZUS z 05.06.2012r. na podstawie <xLexLink xArt="art. 477(14);art. 477(14) § 1" xIsapId="WDU19640430296" xTitle="Ustawa z dnia 17 listopada 1964 r. - Kodeks postępowania cywilnego" xAddress="Dz. U. z 1964 r. Nr 43, poz. 296">art. 477<xSUPx>14</xSUPx> § 1 k.p.c.</xLexLink> podlega oddaleniu.</xText>
          <xText>Z tych względów orzeczono jak w sentencji.</xText>
        </xUnit>
      </xBlock>
    </xPart>
  </judgement>
<judgement id="150520000000503_I_Ca_000431_2013_Uz_2014-03-05_001">
    <xPart xEditorFullName="Ewa Wysocka" xYear="2013" xLang="PL" xPublisherFullName="Ewa Wysocka" xFromPg="1" xEditor="ewa.wysocka" xVolType="15/052000/0000503/Ca" xPublisher="ewa.wysocka" xDocType="Uz" xVolNmbr="000431" xVersion="1.0" xToPage="11" xFlag="published">
      <xName>Wyrok+Uzasadnienie</xName>
      <xBlock>
        <xText>Sygn. aktI.Ca 431/13</xText>
        <xUnit xIsTitle="true" xType="part" xBold="true">
          <xName>WYROK</xName>
          <xTitle>W IMIENIU RZECZYPOSPOLITEJ POLSKIEJ</xTitle>
          <xText xALIGNx="right">
            <xBx>Dnia 5 marca 2014r.</xBx>
          </xText>
          <xText>Sąd Okręgowy w Suwałkach I Wydział Cywilny w składzie następującym:</xText>
          <xRows>
            <xCOLGROUPx>
              <xCOLx xWIDTHx="167"/>
              <xCOLx xWIDTHx="431"/>
            </xCOLGROUPx>
            <xRow>
              <xClmn xALIGNx="left" xVALIGNx="top">
                <xText xALIGNx="right">Przewodniczący:</xText>
              </xClmn>
              <xClmn xALIGNx="left" xVALIGNx="top">
                <xText>SSO Cezary Olszewski (spr.)</xText>
              </xClmn>
            </xRow>
            <xRow>
              <xClmn xALIGNx="left" xVALIGNx="top">
                <xText xALIGNx="right">Sędziowie:</xText>
              </xClmn>
              <xClmn xALIGNx="left" xVALIGNx="top">
                <xText>SSO Antoni Czeszkiewicz</xText>
                <xText>SSO Mirosław Kowalewski</xText>
              </xClmn>
            </xRow>
            <xRow>
              <xClmn xALIGNx="left" xVALIGNx="top">
                <xText xALIGNx="right">Protokolant:</xText>
              </xClmn>
              <xClmn xALIGNx="left" xVALIGNx="top">
                <xText>st. sekr. sąd. Ewa Andryszczyk</xText>
              </xClmn>
            </xRow>
          </xRows>
          <xText>po rozpoznaniu w dniu 5 marca 2014 roku w Suwałkach</xText>
          <xText>na rozprawie</xText>
          <xText>sprawy z powództwa<xBx><xIx><xAnon>D. S.</xAnon> i <xAnon>Z. S.</xAnon></xIx></xBx></xText>
          <xText>
            <xBx>
              <xIx>przeciwko <xAnon>J. P.</xAnon> i <xAnon>M. P.</xAnon></xIx>
            </xBx>
          </xText>
          <xText>
            <xBx>
              <xIx>o ochronę własności</xIx>
            </xBx>
          </xText>
          <xText>
            <xIx>na skutek apelacji pozwanego <xAnon>J. P.</xAnon></xIx>
          </xText>
          <xText>
            <xIx>od wyroku Sądu Rejonowego w Ełku</xIx>
          </xText>
          <xText>
            <xIx>z dnia 28 października 2013r., sygn. akt I C 255/11 </xIx>
          </xText>
          
          <xUnit xIsTitle="false" xType="none">
            <xName xSffx=".">1</xName>
            <xText>Zmienia zaskarżony wyrok w ten sposób, że:</xText>
            <xUnit xIsTitle="false" xType="none">
              <xName xSffx=")">a</xName>
              <xText>oddala powództwo;</xText>
            </xUnit>
            <xUnit xIsTitle="false" xType="none">
              <xName xSffx=")">b</xName>
              <xText>zasądza solidarnie od powodów <xAnon>D. S.</xAnon> i <xAnon>Z. S.</xAnon> na rzecz radcy prawnego <xAnon>G. K.</xAnon> jako pełnomocnika pozwanego <xAnon>J. P.</xAnon> kwotę 738 zł (siedemset trzydzieści osiem złotych), w tym 138 zł (sto trzydzieści osiem złotych) podatku VAT tytułem kosztów zastępstwa prawnego udzielonego pozwanemu z urzędu;</xText>
            </xUnit>
          </xUnit>
          <xUnit xIsTitle="false" xType="none">
            <xName xSffx=".">2</xName>
            <xText>Zasądza solidarnie od powodów <xAnon>D. S.</xAnon> i <xAnon>Z. S.</xAnon> na rzecz radcy prawnego <xAnon>G. K.</xAnon> jako pełnomocnika pozwanego <xAnon>J. P.</xAnon> kwotę 369 zł (trzysta sześćdziesiąt dziewięć złotych), w tym 69 zł (sześćdziesiąt dziewięć złotych) podatku VAT tytułem kosztów zastępstwa prawnego udzielonego pozwanemu z urzędu przed Sądem II – giej instancji;</xText>
          </xUnit>
          <xText>Sygn. akt: I. Ca. 431/13</xText>
        </xUnit>
        <xUnit xIsTitle="true" xType="part" xBold="true">
          <xName>UZASADNIENIE</xName>
          <xText>Powodowie <xAnon>D. S.</xAnon> i <xAnon>Z. S.</xAnon> wystąpili z pozwem przeciwko <xAnon>J. P.</xAnon>, w którym domagali się nakazania pozwanemu przywrócenia stanu zgodnego z treścią umowy warunkowej sprzedaży nieruchomości zabudowanej zawartej w formie aktu notarialnego dnia 19 października 2006 r. opisanej w <xAnon>księdze wieczystej nr (...)</xAnon> Sądu Rejonowego w Ełku polegającego na przyłączeniu do domu jednorodzinnego instalacji elektrycznej i wodociągowej oraz zasądzenia od pozwanego kosztów procesu według norm przepisanych.</xText>
          <xText>Pozwany w odpowiedzi na pozew domagał się oddalenia powództwa oraz rozstrzygnięcia o kosztach procesu. W uzasadnieniu wskazał, że dotychczasowa instalacja elektryczna i wodociągowa doprowadzona z jego nieruchomości na nieruchomość powodów była prowizoryczna i tymczasowa. W celu zapobieżenia niebezpieczeństwu wycieku wody, spowodowania pożaru, bądź porażenia prądem, pozwany odłączył od swoich przyłączy powyższe podłączenie. <xAnon>D.</xAnon><xAnon>M. P.</xAnon> również nie uznała powództwa.</xText>
          <xText>Wyrokiem z dnia 28 października 2013 r. w sprawie o sygn. akt: I. C. 255/11 Sąd Rejonowy w Ełku nakazał pozwanym <xAnon>J. P.</xAnon> i <xAnon>M. P.</xAnon>, aby przywrócili stan zgodny z umową warunkową sprzedaży nieruchomości - zawartą dnia 19 października 2006 r. w formie aktu notarialnego w Kancelarii Notarialnej notariusza <xAnon>W. B.</xAnon> w <xAnon>E.</xAnon> Repertorium A Nr <xAnon>(...)</xAnon>- położonej w miejscowości <xAnon>P.</xAnon>, gm. <xAnon>E.</xAnon>, <xAnon>działka nr (...)</xAnon> opisanej w <xAnon>księdze wieczystej nr (...)</xAnon> prowadzonej przez V Wydział Ksiąg Wieczystych Sądu Rejonowego w Ełku w ten sposób, by wyposażyli dom mieszkalny znajdujący się na tej działce stanowiącej własność powodów <xAnon>D. S.</xAnon> i <xAnon>Z. S.</xAnon> – każdego z nich w ½ części w instalację elektryczną i wodociągową, a w pozostałym zakresie powództwo oddalił (pkt I i II), zasądził od pozwanych na rzecz powodów kwotę 834,00 zł tytułem zwrotu kosztów postępowania w sprawie oraz przyznał od Skarbu Państwa na rzecz radcy prawnego <xAnon>G. K.</xAnon> prowadzącego Kancelarię Radców Prawnych <xAnon> (...) s.c.</xAnon> w <xAnon>E.</xAnon> z tytułu reprezentowania pozwanego <xAnon>J. P.</xAnon> wynagrodzenie w wysokości 600,00 zł oraz podatek VAT w wysokości 23 % od tej kwoty.</xText>
          <xText>Sąd ten ustalił, że dnia 19 października 2006 r. została zawarta warunkowa umowa sprzedaży nieruchomości położonej w miejscowości <xAnon>P.</xAnon> gm. <xAnon>E.</xAnon>, na podstawie której powodowie <xAnon>D. S.</xAnon> i <xAnon>Z. S.</xAnon> nabyli po ½ udziału w nieruchomości od małżonków <xAnon>J.</xAnon> i <xAnon>M. P.</xAnon> działki gruntu nr geodezyjny <xAnon>(...)</xAnon>. Zgodnie z zapisem w akcie notarialnym na <xAnon>działce nr (...)</xAnon> znajdował się dom mieszkalny jednorodzinny, drewniany, wolnostojący, kryty dachówką wyposażony w instalację elektryczną i wodociągową oraz budynek gospodarczy murowany, wolnostojący, kryty dachówką cementową. Umowa przeniesienia własności tej nieruchomości została sporządzona dnia 16 listopada 2006 r.</xText>
          <xText>Po zakupie przez powodów tej nieruchomości na posesji przez ok. dwa lata mieszkał jeszcze pozwany, co wynikało z uzgodnień między stronami. Powodowie po dwóch latach rozpoczęli remont obiektu i wówczas doszło do nieporozumień na tle opłaty za prąd za okres, kiedy w budynku mieszkał jeszcze pozwany. Przez cały czas, kiedy w budynku nabytym przez powodów mieszkał pozwany był doprowadzony prąd i woda. Po wyprowadzce pozwany odciął podłączenie wody i prądu do budynku powodów.</xText>
          <xText>Sąd Rejonowy oceniając materiał dowodowy zgromadzony w sprawie w świetle <xLexLink xArt="art. 222;art. 222 § 2" xIsapId="WDU19640160093" xTitle="Ustawa z dnia 23 kwietnia 1964 r. - Kodeks cywilny" xAddress="Dz. U. z 1964 r. Nr 16, poz. 93">art. 222 § 2 k.c.</xLexLink> wskazał, że pozwany naruszył prawa właścicielskie powodów do nieruchomości poprzez odcięcie podłączenia energii elektrycznej i wody, a więc postąpił niezgodnie z tym, co zapisane zostało w akcie notarialnym. Już bowiem w ofercie biura pośrednictwa, które zajmowało się transakcją sprzedaży nieruchomości pozwanych określone zostało, iż nieruchomość jest uzbrojona w prąd i wodę. Stan zgodny z prawem, w ocenie Sądu I instancji, istniał w myśl zawartej umowy notarialnej sprzedaży nieruchomości i został naruszony przez pozwanych. Zdaniem Sądu Rejonowego, nie miało znaczenia w sprawie, czy powodowie występowali do stosownych instytucji o podłączenie budynku mieszkalnego do sieci wodociągowej czy elektrycznej, czy też postępowanie pozwanego dotyczące jego planów związanych z inwestycjami.</xText>
          <xText>O kosztach postępowania Sąd Rejonowy postanowił na zasadzie <xLexLink xArt="art. 98" xIsapId="WDU19640430296" xTitle="Ustawa z dnia 17 listopada 1964 r. - Kodeks postępowania cywilnego" xAddress="Dz. U. z 1964 r. Nr 43, poz. 296">art. 98 k.p.c.</xLexLink> w zw. z <xLexLink xArt="§ 6;§ 6 pkt. 3" xIsapId="WDU20021631348" xTitle="Rozporządzenie Ministra Sprawiedliwości z dnia 28 września 2002 r. w sprawie opłat za czynności adwokackie oraz ponoszenia przez Skarb Państwa kosztów nieopłaconej pomocy prawnej udzielonej z urzędu" xAddress="Dz. U. z 2002 r. Nr 163, poz. 1348">§ 6 pkt 3 Rozporządzenia Ministra Sprawiedliwości z 28 września 2002 r. w sprawie opłat za czynności adwokackie oraz ponoszenia przez Skarb Państwa kosztów nieopłaconej pomocy prawnej udzielonej z urzędu</xLexLink>. Ponadto przyznał od Skarbu Państwa na rzecz pełnomocnika powoda występującego z urzędu wynagrodzenie w myśl <xLexLink xArt="§ 6;§ 6 pkt. 3;§ 15" xIsapId="WDU20021631348" xTitle="Rozporządzenie Ministra Sprawiedliwości z dnia 28 września 2002 r. w sprawie opłat za czynności adwokackie oraz ponoszenia przez Skarb Państwa kosztów nieopłaconej pomocy prawnej udzielonej z urzędu" xAddress="Dz. U. z 2002 r. Nr 163, poz. 1348">§ 6 pkt 3 i § 15</xLexLink> powyższego Rozporządzenia, z uwzględnieniem podatku VAT w wysokości 23%.</xText>
          
          <xText>Apelację od tego wyroku wniósł pozwany <xAnon>J. P.</xAnon> zaskarżając go w części pkt I i III i zarzucając naruszenie:</xText>
          <xUnit xIsTitle="false" xType="none">
            <xName xSffx=")">1</xName>
            <xText>przepisów postępowania mające wpływ na wynik sprawy:</xText>
            <xUnit xIsTitle="false" xType="none">
              <xName xSffx=")">a</xName>
              <xText><xLexLink xArt="art. 233;art. 233 § 1" xIsapId="WDU19640430296" xTitle="Ustawa z dnia 17 listopada 1964 r. - Kodeks postępowania cywilnego" xAddress="Dz. U. z 1964 r. Nr 43, poz. 296">art. 233 § 1 k.p.c.</xLexLink> przez wyprowadzenie z materiału dowodowego wniosków z niego niewynikających, a ponadto sprzecznych z zasadami logiki i doświadczenia życiowego tj. że pozwany <xAnon>J. P.</xAnon> działając bezprawnie usunął instalację elektryczną i wodociągową ze stanowiącego własność powodów domu mieszkalnego położonego w miejscowości <xAnon>P.</xAnon> gm. <xAnon>E.</xAnon>, działki nr geod. <xAnon>(...)</xAnon> opisanej w <xAnon>księdze wieczystej (...)</xAnon> Sądu Rejonowego w Ełku, skutkiem czego Sąd zaskarżonym wyrokiem bezpodstawnie zobowiązał pozwanego do wyposażenia tego domu w instalacje elektryczną i wodociągową, pomimo że z zeznań świadków oraz przesłuchania stron wynika jednoznacznie, iż pozwany nie usuwał instalacji elektrycznej, ani wodociągowej z obrębu domu mieszkalnego powodów i nie było to przedmiotem roszczeń powodów (którzy domagali się przyłączenia ich domu mieszkalnego mediów w postaci wody i energii elektrycznej do przyłączy pozwanego), przedmiotowe instalacje zaś zostały usunięte z obrębu domu przez samych powodów (i najprawdopodobniej zastąpione nowymi) w związku z prowadzonymi na ich zlecenie pracami budowlano- remontowymi tego domu,</xText>
            </xUnit>
            <xUnit xIsTitle="false" xType="none">
              <xName xSffx=")">b</xName>
              <xText><xLexLink xArt="art. 233;art. 233 § 1" xIsapId="WDU19640430296" xTitle="Ustawa z dnia 17 listopada 1964 r. - Kodeks postępowania cywilnego" xAddress="Dz. U. z 1964 r. Nr 43, poz. 296">art. 233 § 1 k.p.c.</xLexLink> poprzez przekroczenie zasady swobodnej oceny dowodów i sformułowanie na podstawie dowodów w postaci: warunkowej umowy sprzedaży nieruchomości z dnia 16.11.2006 r. oraz zeznań świadka <xAnon>W. M.</xAnon> i przesłuchania stron, zbyt daleko idących wniosków, sprzecznych z zasadami logiki, a mianowicie, że sprzedana przez pozwanego powodom nieruchomość zabudowana domem mieszkalnym powinna spełniać wszystkie kryteria opisane w ofercie <xAnon> biura (...)</xAnon>, karcie budynku oraz umowie pośrednictwa jej sprzedaży, w sytuacji gdy ze zgromadzonych dowodów wynika jednoznacznie, że nieruchomość ta zbyta na podstawie umowy warunkowej z dnia 16.11.2006 r. nie jest tożsama z nieruchomością, która została opisana w ofercie pośrednika i karcie budynku (<xAnon>działki (...)</xAnon>) gdyż została podzielona przed sprzedażą za zgodną wolą stron na dwie części (<xAnon>działki (...)</xAnon>) z których powodowie nabyli jedynie <xAnon>działki (...)</xAnon>, w związku z czym przyłącza wodociągowe i elektryczne znalazły się poza obrębem nabytej przez powodów nieruchomości, z czego zdawali sobie oni sprawę w momencie zawierania transakcji kupna, a ponadto już po tej transakcji zawarli z pozwanym porozumienie w zakresie wykorzystania jego przyłączy wodociągowego i elektrycznego na potrzeby prowadzonych robót budowlanych domu zlokalizowanego na ich posesji,</xText>
            </xUnit>
            <xUnit xIsTitle="false" xType="none">
              <xName xSffx=")">c</xName>
              <xText>naruszenie przepisów postępowania, tj. <xLexLink xArt="art. 233;art. 233 § 1" xIsapId="WDU19640430296" xTitle="Ustawa z dnia 17 listopada 1964 r. - Kodeks postępowania cywilnego" xAddress="Dz. U. z 1964 r. Nr 43, poz. 296">art. 233 § 1 k.p.c.</xLexLink> oraz <xLexLink xArt="art. 328" xIsapId="WDU19640430296" xTitle="Ustawa z dnia 17 listopada 1964 r. - Kodeks postępowania cywilnego" xAddress="Dz. U. z 1964 r. Nr 43, poz. 296">art. 328 k.p.c.</xLexLink> przez dokonanie oceny materiału dowodowego z pominięciem jego istotnej części, tj. zeznań świadków <xAnon>W. M.</xAnon>, <xAnon>J. H.</xAnon>, <xAnon>W. C.</xAnon>, <xAnon>W. K.</xAnon> oraz zeznań stron, jak również zgromadzonych w sprawie dokumentów, w tym warunkowej umowy sprzedaży nieruchomości z dnia 16.11.2006 r. i oferty <xAnon> biura (...)</xAnon>, karty budynku oraz umowy pośrednictwa jej sprzedaży w zakresie faktów, iż sprzedana przez pozwanego powodom nieruchomość zabudowana domem mieszkalnym nie jest tożsama z nieruchomością opisaną w ofercie <xAnon> biura (...)</xAnon>, karcie budynku oraz umowie pośrednictwa, gdyż nieruchomość ta została podzielona przed sprzedażą za zgodną wolą stron na dwie części (<xAnon>działka (...)</xAnon> na <xAnon>działki (...)</xAnon>), z których powodowie nabyli jedynie <xAnon>działkę (...)</xAnon>, w związku z czym przyłącza wodociągowe i elektryczne znalazły się poza obrębem nabytej przez powodów nieruchomości, z czego zdawali sobie oni sprawę w momencie zawierania transakcji kupna, a ponadto już po tej transakcji zawarli z pozwanym porozumienie w zakresie wykorzystania jego przyłączy wodociągowego i elektrycznego na potrzeby prowadzonych robót budowlanych domu zlokalizowanego na ich posesji. Powyższy zarzut potwierdza uzasadnienie zaskarżonego wyroku, w którym brak jakiejkolwiek wzmianki o powyższych faktach i przyczynach ich pominięcia przez Sąd. W związku z tym uzasadnienie zaskarżonego wyroku nie spełnia, wobec braku zasadniczych elementów, swej podstawowej funkcji, co stanowi naruszenie <xLexLink xArt="art. 328;art. 328 § 2" xIsapId="WDU19640430296" xTitle="Ustawa z dnia 17 listopada 1964 r. - Kodeks postępowania cywilnego" xAddress="Dz. U. z 1964 r. Nr 43, poz. 296">art. 328 § 2 k.p.c.</xLexLink>,</xText>
            </xUnit>
            <xUnit xIsTitle="false" xType="none">
              <xName xSffx=")">d</xName>
              <xText><xLexLink xArt="art. 247" xIsapId="WDU19640430296" xTitle="Ustawa z dnia 17 listopada 1964 r. - Kodeks postępowania cywilnego" xAddress="Dz. U. z 1964 r. Nr 43, poz. 296">art. 247 k.p.c.</xLexLink> poprzez dopuszczenie dowodu z zeznań świadka <xAnon>W. M.</xAnon> ponad osnowę dokumentu w postaci umowy kupna sprzedaży nieruchomości zawartej przez strony w formie aktu notarialnego, co doprowadziło do obejścia przepisów o formie zastrzeżonej pod rygorem nieważności (zastrzeżenia w tym zakresie pełnomocnik pozwanego zgłosił do protokołu rozprawy),</xText>
            </xUnit>
            <xUnit xIsTitle="false" xType="none">
              <xName xSffx=")">e</xName>
              <xText><xLexLink xArt="art. 321;art. 321 § 1" xIsapId="WDU19640430296" xTitle="Ustawa z dnia 17 listopada 1964 r. - Kodeks postępowania cywilnego" xAddress="Dz. U. z 1964 r. Nr 43, poz. 296">art. 321 § 1 k.p.c.</xLexLink> poprzez orzeczenie ponad żądanie pozwu bowiem przedmiotem roszczeń powodów nie było wyposażenie domu mieszkalnego położonego w miejscowości <xAnon>P.</xAnon> gm. <xAnon>E.</xAnon>, działka nr geod. <xAnon>(...)</xAnon> opisanej w <xAnon>księdze wieczystej (...)</xAnon> Sądu Rejonowego w Ełku, w instalację elektryczną i wodociągową, lecz domagali sie oni przyłączenia do ich domu mieszkalnego mediów w postaci wody i energii elektrycznej od przyłączy zlokalizowanych na nieruchomości pozwanego,</xText>
            </xUnit>
          </xUnit>
          <xUnit xIsTitle="false" xType="none">
            <xName xSffx=")">2</xName>
            <xText>przepisów prawa materialnego:</xText>
            <xUnit xIsTitle="false" xType="none">
              <xName xSffx=")">a</xName>
              <xText>art. 2 pkt. 6) ustawy z dnia 7 czerwca 2001 r. o zbiorowym zaopatrzeniu w wodę i zbiorowym odprowadzeniu ścieków (tj. Dz. U. 2006 Nr 72, poz. 747 ze zm.) oraz <xLexLink xArt="§ 3;§ 3 pkt. 10;§ 3 pkt. 16" xIsapId="WDU19990740836" xTitle="Rozporządzenie Ministra Spraw Wewnętrznych i Administracji z dnia 16 sierpnia 1999 r. w sprawie warunków technicznych użytkowania budynków mieszkalnych" xAddress="Dz. U. z 1999 r. Nr 74, poz. 836">§ 3 pkt. 10 i pkt. 16 Rozporządzenia Ministra Spraw Wewnętrznych i Administracji z dnia 16.08.1999 r. w sprawie warunków technicznych użytkowania budynków mieszkalnych</xLexLink> (Dz. U. Nr 74, poz. 836 ze zm.) poprzez ich niezastosowanie i błędne przyjęcie, iż sformułowanie w umowie sprzedaży nieruchomości, że nieruchomość jest wyposażona w instalację elektryczną i wodociągową jest tożsame z posiadaniem przez tą nieruchomość samodzielnych przyłączy wodociągowego i elektrycznego zdefiniowanych w w/w przepisach oddzielnie od pojęcia instalacji elektrycznej i wodociągowej, a w konsekwencji naruszenie przepisów <xLexLink xArt="art. 222;art. 222 § 2" xIsapId="WDU19640160093" xTitle="Ustawa z dnia 23 kwietnia 1964 r. - Kodeks cywilny" xAddress="Dz. U. z 1964 r. Nr 16, poz. 93">art. 222 § 2 k.c.</xLexLink> poprzez błędne uznanie, że pozwany naruszył prawo własności powodów odłączając bezprawnie podłączenia mediów w postaci wody i energii elektrycznej od ich domu mieszkalnego położonego w miejscowości <xAnon>P.</xAnon>, gm. <xAnon>E.</xAnon>. na <xAnon>działce nr (...)</xAnon>,</xText>
            </xUnit>
            <xUnit xIsTitle="false" xType="none">
              <xName xSffx=")">b</xName>
              <xText>z ostrożności procesowej podniósł też zarzut naruszenia przez rozstrzygnięcie zaskarżonego wyroku zasad współżycia społecznego wyrażonych w <xLexLink xArt="art. 5" xIsapId="WDU19640160093" xTitle="Ustawa z dnia 23 kwietnia 1964 r. - Kodeks cywilny" xAddress="Dz. U. z 1964 r. Nr 16, poz. 93">art. 5 k.c.</xLexLink> poprzez zobowiązanie pozwanego do podłączenia do nieruchomości powodów instalacji doprowadzających media w postaci wody i energii elektrycznej, w sposób naruszający warunki techniczne doprowadzenia tych mediów wynikający z odrębnych przepisów oraz regulaminach dostawców tych mediów, bez zobowiązania powodów do opomiarowania i ponoszenia kosztów zużycia tych mediów, w sytuacji gdy powodowie wcześniej intensywnie eksploatowali te media na koszt pozwanego, w sposób zagrażający bezpieczeństwu ludzi i mienia znacznej wartości, jak również nie podjęli żadnych działań w celu opomiarowania prowizorycznych podłączeń wody i energii elektrycznej oraz uzyskania samodzielnych podłączeń mediów, do czego są zobligowani na podstawie obowiązujących przepisów prawa jako właściciele nieruchomości.</xText>
            </xUnit>
          </xUnit>
          <xText>W konkluzji pozwany wniósł o zmianę wyroku w zaskarżonej części i oddalenie powództwa w całości, ewentualnie uchylenie tego wyroku i przekazanie sprawy do ponownego rozpoznania oraz przyznanie pełnomocnikowi pozwanego ustanowionemu z urzędu kosztów nieopłaconej pomocy prawnej w postępowaniu odwoławczym, według norm przepisanych, z uwzględnieniem należnej stawki podatku VAT w wysokości 23 %.</xText>
          
          <xText xALIGNx="center">
            <xBx>Sąd Okręgowy zważył, co następuje:</xBx>
          </xText>
          
          <xText>Apelacja pozwanego zasługuje na uwzględnienie.</xText>
          <xText>Zdaniem Sądu Okręgowego, Sąd I instancji poczynił błędne ustalenia faktyczne polegające na przyjęciu, że działania pozwanego polegające na odłączeniu przyłączy doprowadzających wodę i energię elektryczną do domu powodów miały charakter bezprawny.</xText>
          <xText>W pierwszej kolejności wskazać jednak należy, że podniesiony przez skarżącego zarzut naruszenia <xLexLink xArt="art. 321" xIsapId="WDU19640430296" xTitle="Ustawa z dnia 17 listopada 1964 r. - Kodeks postępowania cywilnego" xAddress="Dz. U. z 1964 r. Nr 43, poz. 296">art. 321 k.p.c.</xLexLink> polegający na wydaniu orzeczenia ponad żądanie pozwu był trafny. Zauważyć bowiem należy, że przedmiot żądania powodów dotyczył przyłączenia do ich domu instalacji elektrycznej i wodociągowej do przyłączy zlokalizowanych na nieruchomości pozwanego, tymczasem Sąd I instancji orzekł o wyposażeniu domu powodów w instalację elektryczną i wodociągową.</xText>
          <xText>W celu kompleksowego wyjaśnienia pojęć, tj. „przyłącze”, „instalacja elektryczna” i „instalacja wodociągowa” należy sięgnąć do przepisów szczególnych te kwestie regulujące. <xLexLink xArt="" xIsapId="WDU19940890414" xTitle="Ustawa z dnia 7 lipca 1994 r. - Prawo budowlane" xAddress="Dz. U. z 1994 r. Nr 89, poz. 414">Ustawa Prawo budowlane</xLexLink> nie zawiera bowiem definicji legalnych powyższych pojęć.</xText>
          <xText>I tak, odnosząc się do pojęcia „instalacja wodociągowa” należy rozumieć układ przewodów wody zimnej w budynku wraz z armaturą i wyposażeniem, mający początek w miejscu połączenia przewodu z zaworem odcinającym tę instalację od wodomierza umieszczonego na przyłączu wodociągowym, a zakończenie w punktach czerpalnych wody zimnej (tak: <xLexLink xArt="§ 3;§ 3 pkt. 10" xIsapId="WDU19990740836" xTitle="Rozporządzenie Ministra Spraw Wewnętrznych i Administracji z dnia 16 sierpnia 1999 r. w sprawie warunków technicznych użytkowania budynków mieszkalnych" xAddress="Dz. U. z 1999 r. Nr 74, poz. 836">§ 3 pkt 10 Rozporządzenie Ministra Spraw Wewnętrznych I Administracji z dnia 16 sierpnia 1999 r. w sprawie warunków technicznych użytkowania budynków mieszkalnych</xLexLink>), zaś „przyłącze wodociągowe” w świetle art. 2 pkt 6 ustawy z dnia z dnia 7 czerwca 2001 r. o zbiorowym zaopatrzeniu w wodę i zbiorowym odprowadzaniu ścieków (Dz. U. z 2006 r., Nr 123, poz. 858 z póżn. zm.) należy rozumieć odcinek przewodu łączącego sieć wodociągową - rozumianą jako przewody wodociągowe wraz z uzbrojeniem i urządzeniami, którymi dostarczana jest woda, będące w posiadaniu przedsiębiorstwa wodociągowo-kanalizacyjnego - z wewnętrzną instalacją wodociągową w nieruchomości odbiorcy usług wraz z zaworem za wodomierzem głównym.</xText>
          <xText>Z kolei „przyłączem elektrycznym” jest odcinek lub element sieci służący do połączenia urządzeń, instalacji lub sieci podmiotu, o wymaganej przez niego mocy przyłączeniowej, z pozostałą częścią sieci przedsiębiorstwa energetycznego świadczącego na rzecz podmiotu przyłączanego usługę przesyłania lub dystrybucji energii elektrycznej (tak: <xLexLink xArt="§ 2;§ 2 pkt. 15" xIsapId="WDU20070930623" xTitle="Rozporządzenie Ministra Gospodarki z dnia 4 maja 2007 r. w sprawie szczegółowych warunków funkcjonowania systemu elektroenergetycznego" xAddress="Dz. U. z 2007 r. Nr 93, poz. 623">§ 2 pkt 15 Rozporządzenie Ministra Gospodarki z dnia 4 maja 2007 r. w sprawie szczegółowych warunków funkcjonowania systemu elektroenergetycznego</xLexLink> Dz. U. 2007 r. Nr 93, poz. 623 z późn. zm.), zaś pod pojęciem „instalacja elektryczna” należy rozumieć układ przewodów i kabli w budynku wraz ze sprzętem i osprzętem elektroinstalacyjnym, urządzeniami, aparaturą rozdzielczą i sterowniczą, układem pomiarowo-rozliczeniowym, urządzeniami zabezpieczającymi i ochronnymi oraz uziemieniami, mający początek na zaciskach wyjściowych wewnętrznych linii zasilających w złączu i koniec na gniazdach wtyczkowych, wypustach oświetleniowych i zainstalowanych na stałe odbiornikach zasilanych energią elektryczną (tak: <xLexLink xArt="§ 3;§ 3 pkt. 16" xIsapId="WDU19990740836" xTitle="Rozporządzenie Ministra Spraw Wewnętrznych i Administracji z dnia 16 sierpnia 1999 r. w sprawie warunków technicznych użytkowania budynków mieszkalnych" xAddress="Dz. U. z 1999 r. Nr 74, poz. 836">§ 3 pkt 16 Rozporządzenie Ministra Spraw Wewnętrznych I Administracji z dnia 16 sierpnia 1999 r. w sprawie warunków technicznych użytkowania budynków mieszkalnych</xLexLink>).</xText>
          <xText>Innymi słowy, przyłącze to coś, co służy do połączenia, jest to taki odcinek lub element sieci, który służy tylko połączeniu urządzeń, instalacji lub danej sieci podmiotu będącego osobą fizyczną lub prawną z siecią przedsiębiorstwa energetycznego (tudzież: przedsiębiorstwa wodociągowo – kanalizacyjnego) świadczącego na rzecz podmiotu przyłączanego usługę przesyłania lub dystrybucji energii elektrycznej bądź dostarczanie wody. Przyłącze to tylko złącze wraz z zabezpieczeniami i wyłącznikiem głównym, albo również także większa część (odcinek) instalacji tworzącej sieć przedsiębiorstwa. Przyłącze nie obejmuje natomiast urządzeń, instalacji lub sieci tego podmiotu, na rzecz którego usługa jest świadczona.</xText>
          <xText>W ocenie Sądu Okręgowego, Sąd Rejonowy poczynił błędne ustalenia faktyczne przyjmując, że przyłączenia, z jakich korzystali powodowie do poboru energii elektrycznej i wody są równoznaczne z przyłączami, które zgodnie z przepisami prawnymi są wykonywane przez przedsiębiorstwa, są przyłączami legalnymi posiadającymi odpowiednie zabezpieczenia i zgłoszenia do zakładu energetycznego (tudzież gminy) i spełniającymi wymagania techniczne. Wszystkie te kwestie zostały przemilczane przez Sąd Rejonowy. Ponadto Sąd Rejonowy uznając, iż pozwany działał bezprawnie odłączając przyłącza ze swojej nieruchomości nie poprzedził swojego wywodu ustaleniami: czy przyłącze wody do domu było wykonane prowizorycznie, czy też nie, tj. - z jakich materiałów zostało wykonane; czy były zakopane i jak głęboko; kto wykonywał tą instalację przyłączeniową; czy była sporządzona dokumentacja potwierdzająca lokalizację licznika; czy pozwany uiszczał opłaty i w jakiej wysokości za wodę; kiedy dokładnie i w jaki sposób odcięto wodę – czy przyłącze elektryczne, tj. licznik i zabezpieczenie były zlokalizowane w domu lub na działce powodów, a jeżeli tak, to kto i kiedy je odłączył; czy zakład energetyczny dokonywał przeniesienia tego licznika, a jeżeli tak, to kiedy i na czyje polecenie; kto zakładał licznik w budynku, które stanowią własność pozwanego obecnie i kiedy to miało miejsce. Wszystkich tych istotnych elementów dla rozstrzygnięcia niniejszej sprawy Sąd Rejonowy nie wyjaśnił, rezygnując nawet z przeprowadzenia oględzin nieruchomości bądź powołania biegłego sądowego z zakresu instalacji.</xText>
          <xText>Zdaniem Sądu Okręgowego, materiał dowodowy zgromadzony w sprawie jednoznacznie wskazuje, że budynek powodów wyposażony był w instalacje wodociągową i elektryczną. Fakt ten potwierdza oświadczenie stron uczestniczących przy zawarciu umowy warunkowej umowie sprzedaży. Umowa ta nie regulowała jednak źródła poboru energii elektrycznej i wody.</xText>
          <xText>Skarżący trafnie również zarzucił, że sprzedana powodom przez pozwanego nieruchomość zabudowana domem mieszkalnym nie jest tożsama z nieruchomością opisaną w ofercie <xAnon> biura (...)</xAnon>, karcie budynku oraz umowie pośrednictwa, z uwagi na fizyczny podział <xAnon>działki nr (...)</xAnon> na <xAnon>działki o nr (...)</xAnon>, z których powodowie nabyli tę ostatnią oraz <xAnon>działkę nr (...)</xAnon>. W wyniku tych „zabiegów” przyłącza wodociągowe i elektryczne doprowadzające energię elektryczną i wodę znalazły się poza obrębem sprzedanej nieruchomości, albowiem pozostały na <xAnon>działce nr (...)</xAnon>, stanowiącej własność pozwanego. Strony tej transakcji nie uregulowały w sposób formalny kwestii związanych z poborem energii elektrycznej i wody. Powodowie nie przedstawili żadnej umowy dotyczącej sposobu użytkowania urządzeń prowizorycznych, która określałaby zasady, warunki i okres korzystania z przyłączy elektrycznych i zasilania, a jak wynika z ich zeznań i stanowisk w trakcie procesu wszystko to odbywało się grzecznościowo. Charakter tych relacji nie może być jednak poczytywany za źródło zobowiązań stron.</xText>
          <xText>Sąd Okręgowy oceniając dowody zgromadzone w sprawie uznał, że powodowie korzystali z przyłączy wodociągowych i elektrycznych za pomocą prowizorycznych kabli. Energię elektryczną oraz wodę za pomocą takich przyłączy czerpali bezpośrednio z instalacji zlokalizowanych na nieruchomości pozwanego (tak: zeznania świadka <xAnon>W. C.</xAnon> – k. 77, zeznania świadka <xAnon>W. K.</xAnon> – k. 77v). Z powyższego wynika, że powodowie nie mieli „własnych” przyłączy, które doprowadzały do ich domu wodę i energię elektryczną. Z żadnym z przedsiębiorstw powodowie nie zawierali pisemnej umowy o przyłączenie do sieci wodociągowej i sieci elektroenergetycznej, co jest warunkiem legalnego ich poboru i jest uregulowane w <xLexLink xArt="art. 7" xIsapId="WDU19970540348" xTitle="Ustawa z dnia 10 kwietnia 1997 r. - Prawo energetyczne" xAddress="Dz. U. z 1997 r. Nr 54, poz. 348">art. 7 ustawy z dnia 10 kwietnia 1997 r. – Prawo energetyczne</xLexLink> oraz w <xLexLink xArt="art. 6" xIsapId="WDU20010720747" xTitle="Ustawa z dnia 7 czerwca 2001 r. o zbiorowym zaopatrzeniu w wodę i zbiorowym odprowadzaniu ścieków" xAddress="Dz. U. z 2001 r. Nr 72, poz. 747">art. 6 ustawy z dnia 7 czerwca 2001 r. o zbiorowym zaopatrzeniu w wodę i zbiorowym odprowadzaniu ścieków</xLexLink>. Ponadto powodowie nie poczynili żadnych ustaleń, czy ich nieruchomość spełnia warunki techniczne przyłączenia do sieci i odbioru. Powyższe stwierdzenie potwierdza pismo Wójta Gminy <xAnon>E.</xAnon> (k. 130) – którego Sąd Rejonowy w ogóle nie wziął pod uwagę - z którego wynika, że do urzędu gminy nigdy nie wpłynął wniosek o wydanie warunków przyłączeniowych dla przedmiotowej nieruchomości, czy też nie została wydana decyzja o warunkach przyłączenia. Podobnie pismo zakładu energetycznego (k. 222), uzyskane po uzupełnieniu postępowania dowodowego, potwierdziło, iż dom drewniany, w którym zamieszkują powodowie przed 2006 r. nie był wyposażony w licznik pomiarowy i nie miał bezpośredniego przyłącza, a był prowizorycznie zasilany z działki pozwanego. Jedynie budynki pozwanego zasilane są z linii energetycznej przyłączem kablowym (ziemnym), a licznik do pomiaru energii zainstalowany jest wewnątrz jego budynku.</xText>
          <xText>W tych warunkach skarżący słusznie zarzucił naruszenie <xLexLink xArt="art. 222;art. 222 § 2" xIsapId="WDU19640160093" xTitle="Ustawa z dnia 23 kwietnia 1964 r. - Kodeks cywilny" xAddress="Dz. U. z 1964 r. Nr 16, poz. 93">art. 222 § 2 k.c.</xLexLink> przez błędne uznanie, że pozwany naruszył własność powodów odłączając prowizoryczne zasilanie ze swojej nieruchomości. Takie działania powodów narażają bowiem pozwanego na konsekwencje prawne polegające m. in. na sankcjach finansowych oraz groźbie odcięcia dostawy wody. Podkreślić przy tym należy, że żądania powodów pomijają wyżej wskazane regulacje prawne (bez zawarcia umowy z przedsiębiorcami, pomijając ustalenia warunków technicznych i zapewnienia odbiorcom bezpieczeństwa), ale też wiążą się po stronie pozwanego z obowiązkiem ponoszenia kosztów zużycia jego wody i jego energii elektrycznej przez powodów. Takie roszczenia ewidentnie stanowią nadużycie praw podmiotowych powodów, które w ocenie Sądu Okręgowego, nie zasługują na ochronę na mocy <xLexLink xArt="art. 222;art. 222 § 2" xIsapId="WDU19640160093" xTitle="Ustawa z dnia 23 kwietnia 1964 r. - Kodeks cywilny" xAddress="Dz. U. z 1964 r. Nr 16, poz. 93">art. 222 § 2 k.c.</xLexLink></xText>
          <xText>Z powyższych względów, Sąd Okręgowy na podstawie <xLexLink xArt="art. 386;art. 386 § 1" xIsapId="WDU19640430296" xTitle="Ustawa z dnia 17 listopada 1964 r. - Kodeks postępowania cywilnego" xAddress="Dz. U. z 1964 r. Nr 43, poz. 296">art. 386 § 1 k.p.c.</xLexLink> orzekł jak w pkt I wyroku.</xText>
          <xText>Uwzględniając wynik w sprawie o kosztach procesu przed Sądem I i II instancji, Sąd Okręgowy orzekł na mocy <xLexLink xArt="art. 98" xIsapId="WDU19640430296" xTitle="Ustawa z dnia 17 listopada 1964 r. - Kodeks postępowania cywilnego" xAddress="Dz. U. z 1964 r. Nr 43, poz. 296">art. 98 k.p.c.</xLexLink> w zw. z <xLexLink xArt="art. 99" xIsapId="WDU19640430296" xTitle="Ustawa z dnia 17 listopada 1964 r. - Kodeks postępowania cywilnego" xAddress="Dz. U. z 1964 r. Nr 43, poz. 296">art. 99 k.p.c.</xLexLink> w zw. z <xLexLink xArt="art. 391;art. 391 § 1" xIsapId="WDU19640430296" xTitle="Ustawa z dnia 17 listopada 1964 r. - Kodeks postępowania cywilnego" xAddress="Dz. U. z 1964 r. Nr 43, poz. 296">art. 391 § 1 k.p.c.</xLexLink> w zw. z <xLexLink xArt="art. 108;art. 108 § 1" xIsapId="WDU19640430296" xTitle="Ustawa z dnia 17 listopada 1964 r. - Kodeks postępowania cywilnego" xAddress="Dz. U. z 1964 r. Nr 43, poz. 296">art. 108 § 1 k.p.c</xLexLink> w zw. z <xLexLink xArt="art. 108 § 2;art. 108 § 6;art. 108 § 6 pkt. 3" xIsapId="WDU19640430296" xTitle="Ustawa z dnia 17 listopada 1964 r. - Kodeks postępowania cywilnego" xAddress="Dz. U. z 1964 r. Nr 43, poz. 296">§ 2 i 6 pkt 3</xLexLink> w zw. z <xLexLink xArt="§ 12;§ 12 ust. 1;§ 12 ust. 1 pkt. 1" xIsapId="WDU20021631349" xTitle="Rozporządzenie Ministra Sprawiedliwości z dnia 28 września 2002 r. w sprawie opłat za czynności radców prawnych oraz ponoszenia przez Skarb Państwa kosztów pomocy prawnej udzielonej przez radcę prawnego ustanowionego z urzędu" xAddress="Dz. U. z 2002 r. Nr 163, poz. 1349">§ 12 ust. 1 pkt 1 Rozporządzenia Ministra Sprawiedliwości z dnia 28 września 2002 r. w sprawie opłat za czynności radców prawnych oraz ponoszenia przez Skarb Państwa kosztów pomocy prawnej udzielonej przez radcę prawnego ustanowionego z urzędu</xLexLink> (t. j. – Dz. U. z 2013 r. Nr 490).</xText>
        </xUnit>
      </xBlock>
    </xPart>
  </judgement>
<judgement id="154500000003003_VI_ACa_000595_2012_Uz_2012-10-18_001">
    <xPart xEditorFullName="Agnieszka Hydzik" xYear="2012" xLang="PL" xPublisherFullName="Agnieszka Hydzik" xFromPg="1" xEditor="ahydzik" xVolType="15/450000/0003003/ACa" xPublisher="ahydzik" xDocType="Uz" xVolNmbr="000595" xVersion="1.0" xToPage="11" xFlag="published">
      <xName>Wyrok+Uzasadnienie</xName>
      <xBlock>
        <xText>
          <xBx>Sygn. akt VIA Ca  595/12</xBx>
        </xText>
        
        <xUnit xIsTitle="true" xType="part" xBold="true">
          <xName>WYROK</xName>
          <xTitle>W IMIENIU RZECZYPOSPOLITEJ POLSKIEJ</xTitle>
          <xText xALIGNx="right">
            <xBx>Dnia 18 października 2012 r.</xBx>
          </xText>
          
          <xText>
            <xBx>Sąd Apelacyjny w Warszawie  VI Wydział Cywilny w składzie: </xBx>
          </xText>
          
          <xText>
            <xBx>
      Przewodniczący – Sędzia SA– Urszula Wiercińska
    </xBx>
          </xText>
          <xText>
            <xBx>
      Sędzia SA– Aldona Wapińska </xBx>
          </xText>
          <xText>
            <xBx>Sędzia SA– Małgorzata Kuracka (spr.) </xBx>
          </xText>
          <xText>
            <xBx>
      Protokolant– sekr. sąd. Agnieszka Janik </xBx>
          </xText>
          <xText>
            <xBx>po rozpoznaniu w dniu 18 października 2012 r. w Warszawie</xBx>
          </xText>
          <xText>
            <xBx>na rozprawie </xBx>
          </xText>
          <xText>
            <xBx>
    
      sprawy z powództwa <xAnon>(...)</xAnon> S.A. w <xAnon>Z.</xAnon></xBx>
          </xText>
          <xText>
            <xBx>przeciwko <xAnon> (...) spółce z o.o.</xAnon> w <xAnon>W.</xAnon></xBx>
          </xText>
          <xText>
            <xBx>o zapłatę</xBx>
          </xText>
          <xText>
            <xBx>na skutek apelacji pozwanej </xBx>
          </xText>
          <xText>
            <xBx>od wyroku Sądu Okręgowego w Warszawie</xBx>
          </xText>
          <xText>
            <xBx>z dnia 17 lutego 2012 r., sygn. akt XX GC 241/10</xBx>
          </xText>
          <xText>
            <xBx>I zmienia zaskarżony wyrok w całości w ten sposób, że powództwo oddala;</xBx>
          </xText>
          <xText>
            <xBx>
    
      II nakazuje pobrać na rzecz Skarbu Państwa – Sądu Okręgowego w Warszawie od <xAnon>(...)</xAnon> S.A. w <xAnon>Z.</xAnon> kwotę 54.993 (pięćdziesiąt cztery tysiące dziewięćset dziewięćdziesiąt trzy) złotych  tytułem nieuiszczonej opłaty od apelacji, od której pozwana była zwolniona.</xBx>
          </xText>
          
          <xText>
            <xBx>Sygn. akt VI A Ca 595/12 </xBx>
          </xText>
        </xUnit>
        <xUnit xIsTitle="true" xType="part" xBold="true">
          <xName>UZASADNIENIE</xName>
          <xText>Powód <xAnon>(...)</xAnon> S.A. w <xAnon>Z.</xAnon> wnosił o zasądzenie od pozwanego <xAnon> (...) sp. z o.o.</xAnon> w <xAnon>W.</xAnon> kwoty 1 099 854 zł wraz z ustawowymi odsetkami od dnia wniesienia pozwu do dnia zapłaty.</xText>
          
          <xText>Pozwany wnosił o oddalenie powództwa.</xText>
          
          <xText>Wyrokiem z dnia 17 lutego 2012 r. Sąd Okręgowy w Warszawie zasądził dochodzoną pozwem kwotę należności głównej oraz koszty procesu.</xText>
          
          <xText>Rozstrzygnięcie Sądu Okręgowego zapadło na podstawie następujących ustaleń i rozważań.</xText>
          <xText>W dniu 17 kwietnia 2008 r. na skutek umowy cesji, w której cedentem była <xAnon> (...) Sp. z o.o.</xAnon> w organizacji pozwany jako cesjonariusz wstąpił w prawa i obowiązki wynikające z umowy nr <xAnon>(...)</xAnon>, której przedmiotem była sprzedaż następujących lokali mieszkalnych:</xText>
          <xText>- lokalu mieszkalnego oznaczonego numerem <xAnon>(...)</xAnon> o powierzchni użytkowej 50,48 m2 wraz z miejscem parkingowym w garaży pod budynkiem zlokalizowanego w budynku <xAnon>(...)</xAnon> na <xAnon>osiedlu (...)</xAnon> przy <xAnon>ul. (...)</xAnon> w <xAnon>W.</xAnon>;</xText>
          <xText>- lokalu mieszkalnego oznaczonego numerem <xAnon>(...)</xAnon> o powierzchni użytkowej 50,48 m2 wraz z miejscem parkingowym w garażu pod budynkiem zlokalizowanego w budynku <xAnon>(...)</xAnon> na <xAnon>osiedlu (...)</xAnon> przy <xAnon>ul. (...)</xAnon> w <xAnon>W.</xAnon>.</xText>
          <xText>Na mocy w/w umów powodowa spółka zobowiązała się do wybudowania i przeniesienia na rzecz nabywcy odrębnej własności lokali - każdy z miejscem parkingowym, a nabywca zobowiązał się do zakupu w/w lokali z miejscami parkingowymi i udziałem w nieruchomości wspólnej za cenę i na warunkach wskazanych w umowie.</xText>
          <xText>Zgodnie z § 6 umowy lokale miały być wybudowane i przedstawione nabywcy do odbioru w terminie do dnia 30 czerwca 2009 r. </xText>
          <xText>W § 2 ust. 1 powódka zobowiązała się do wybudowania lokali, ustanowienia ich odrębnej własności i sprzedaży lokali nabywcy wraz z udziałami w częściach wspólnych budynków i odpowiednim udziałem we współużytkowaniu wieczystym gruntu za cenę i na warunkach określonych w umowie na podstawie umów sprzedaży zawartych w formie aktu notarialnego. Stosownie do § 2 ust. 2 umowy określone wyżej zobowiązania miały być wykonane pod warunkiem uregulowania przez nabywcę wszystkich zobowiązań finansowych względem powódki.</xText>
          <xText>Strony w § 5 pkt.5 ustaliły następujący sposób płatności za przedmiot umowy: 5% nabywca zobowiązał się wpłacić nie później niż w dniu zawarcia umowy natomiast 95% w terminie 7 dni od powiadomienia przez powoda o możliwości protokolarnego przekazania lokalu kupującemu. Do dnia wniesienia powództwa nabywca dokonał na rzecz powoda wpłat w łącznej kwocie 53.453,22 zł. W dniu 24 lipca 2009 r. Powiatowy Inspektorat Nadzoru Budowlanego dla m.<xAnon>(...)</xAnon><xAnon>W.</xAnon> wydał decyzję o pozwoleniu na użytkowanie dla budynku mieszkalnego, w którym znajdują się lokale. Zgodnie z treścią umowy powód poinformował pozwanego o możliwości protokolarnego przekazania mu lokali.</xText>
          <xText>Pomimo wyznaczenia pozwanemu terminu odbioru lokali, ten nie przystąpił do ich odbioru. Wezwany do zapłaty brakujących 95% ceny, pozwany wpłaty nie dokonał. Pozwany nie odebrał również lokali w drugim wyznaczonym terminie.</xText>
          
          <xText>Na podstawie powyższych ustaleń faktycznych, w rozważaniach prawnych Sąd Okręgowy zajął stanowisko, iż zawarta między stronami umowa ma charakter umowy deweloperskiej. Jest to rodzaj umowy nienazwanej, do której będą miały zastosowania przepisy części prawa zobowiązań, zaś w zakresie zagadnień szczególnych przez analogie będą miały zastosowanie przepisy umów nazwanych, których elementy zawiera ta umowa. Sąd Okręgowy powołał się na rozważania prawne Sądu Najwyższego, dotyczące charakteru umowy deweloperskiej zawarte w uzasadnieniu wyroku z dnia 9 lipca 2003 r., sygn. akt IV CKN 305/01. Sąd Okręgowy nie podzielił stanowiska, iż umowa ta ma charakter umowy przedwstępnej w rozumieniu <xLexLink xArt="art. 389" xIsapId="WDU19640160093" xTitle="Ustawa z dnia 23 kwietnia 1964 r. - Kodeks cywilny" xAddress="Dz. U. z 1964 r. Nr 16, poz. 93">art. 389 k.c.</xLexLink> w związku z tym uznał, iż rozmiar odszkodowania związany z brakiem zapłaty ceny nie podlega ograniczeniu na podstawie <xLexLink xArt="art. 390;art. 390 § 1" xIsapId="WDU19640160093" xTitle="Ustawa z dnia 23 kwietnia 1964 r. - Kodeks cywilny" xAddress="Dz. U. z 1964 r. Nr 16, poz. 93">art. 390 §1 k.c.</xLexLink> Nabywca odpowiada za szkodę wynikłą z niewykonania zobowiązania na podstawie <xLexLink xArt="art. 471" xIsapId="WDU19640160093" xTitle="Ustawa z dnia 23 kwietnia 1964 r. - Kodeks cywilny" xAddress="Dz. U. z 1964 r. Nr 16, poz. 93">art. 471 k.c.</xLexLink>, przy czym szkodę stanowi wysokość niezapłaconej ceny.</xText>
          <xText>Ponadto Sąd Okręgowy uznał za niezasadne twierdzenie pozwanego jakoby doszło do rozwiązania umowy przez powoda oraz nieudowodniony zarzut, że lokale zostały sprzedane przez powoda. Sąd Okręgowy zinterpretował również jako bezskuteczne odstąpienie pozwanego od umowy z dnia 27 stycznia 2012 r.</xText>
          
          <xText>Apelację od powyższego wyroku złożył pozwany, który zaskarżając przedmiotowe orzeczenie w całości, zarzucił mu:</xText>
          <xText>I. naruszenie przepisów prawa procesowego, w szczególności <xLexLink xArt="art. 217;art. 217 § 2" xIsapId="WDU19640430296" xTitle="Ustawa z dnia 17 listopada 1964 r. - Kodeks postępowania cywilnego" xAddress="Dz. U. z 1964 r. Nr 43, poz. 296">art. 217 § 2 k.p.c.</xLexLink> w zw. z <xLexLink xArt="art. 224;art. 224 § 1;art. 224 § 227;art. 224 § 233;art. 224 § 1" xIsapId="WDU19640430296" xTitle="Ustawa z dnia 17 listopada 1964 r. - Kodeks postępowania cywilnego" xAddress="Dz. U. z 1964 r. Nr 43, poz. 296">art. 224 §1, 227 i 233 § 1</xLexLink> z <xLexLink xArt="" xIsapId="WDU19640430296" xTitle="Ustawa z dnia 17 listopada 1964 r. - Kodeks postępowania cywilnego" xAddress="Dz. U. z 1964 r. Nr 43, poz. 296">k.p.c.</xLexLink>, poprzez nie wydanie postanowienia o oddaleniu wniosków dowodowych, ani nieprzeprowadzeniu dowodów zgłoszonych przez Pozwanego w celu ustalenia okoliczności istotnych dla rozstrzygnięcia sprawy tj.: dowodów ze świadków na okoliczność sprzedaży lokali i nie poniesienia szkody przez Powoda i okoliczność intencji stron umowy do zawarcia umowy przedwstępnej oraz wybiórcze potraktowanie materiału dowodowego, co w konsekwencji doprowadziło do uznania, iż zarzut Pozwanego nie został udowodniony;</xText>
          <xText>II. naruszenie przepisów prawa materialnego:</xText>
          <xText>a) <xLexLink xArt="art. 65;art. 65 § 2" xIsapId="WDU19640160093" xTitle="Ustawa z dnia 23 kwietnia 1964 r. - Kodeks cywilny" xAddress="Dz. U. z 1964 r. Nr 16, poz. 93">art. 65 § 2 k.c.</xLexLink> poprzez uznanie, iż umowa cesji zawarta pomiędzy Pozwanym a <xAnon> spółką (...) sp. z o.o.</xAnon> dotyczyła wejścia przez Pozwanego we wszystkie prawa i obowiązki przysługujące <xAnon> (...) sp. z o.o.</xAnon> w stosunku do Powoda a konsekwencji błędne uznanie, że Powód zawarł z Pozwanym umowę deweloperską a nie umowę przedwstępną;</xText>
          <xText>b) <xLexLink xArt="art. 390;art. 390 § 1" xIsapId="WDU19640160093" xTitle="Ustawa z dnia 23 kwietnia 1964 r. - Kodeks cywilny" xAddress="Dz. U. z 1964 r. Nr 16, poz. 93">art. 390 § 1 k.c.</xLexLink> poprzez uznanie, iż Powód ma prawo domagać się odszkodowania na zasadzie <xLexLink xArt="art. 471" xIsapId="WDU19640160093" xTitle="Ustawa z dnia 23 kwietnia 1964 r. - Kodeks cywilny" xAddress="Dz. U. z 1964 r. Nr 16, poz. 93">art. 471 k.c.</xLexLink>, mimo zawarcia jedynie umowy przyrzeczonej;</xText>
          <xText>c) <xLexLink xArt="art. 471" xIsapId="WDU19640160093" xTitle="Ustawa z dnia 23 kwietnia 1964 r. - Kodeks cywilny" xAddress="Dz. U. z 1964 r. Nr 16, poz. 93">art. 471 k.c.</xLexLink> poprzez przyznanie odszkodowania mimo nie wykazania przez Powoda poniesienia szkody;</xText>
          <xText>III. błędne ustalenie faktyczno-prawne poprzez uznanie, iż wysłanie pocztą Pozwanemu zaproszenia do odbioru przez Powoda jest równoznaczne z przedstawieniem lokalu do odbioru i w konsekwencji stwierdzenie, że odstąpienie Pozwanego od umowy złożone 27 stycznia 2012 r. jest nieskuteczne oraz błędne przyjęcie, że oświadczenie woli złożone przez Powoda w pismach z dnia 10 oraz 15 września 2009 r. nie oznaczało rozwiązania umowy.</xText>
          <xText>Podnosząc powyższe skarżący wniósł o przeprowadzanie pominiętych wniosków dowodowych oraz o zmianę w całości zaskarżonego Wyroku, poprzez oddalenie żądań Powoda zawartych w Pozwie oraz o zasądzenie zwrotu kosztów postępowania w I i II instancji według norm przepisanych. Ewentualnie pozwany wniósł o uchylenie zaskarżonego Wyroku w całości i przekazanie sprawy Sądowi I instancji do ponownego rozpoznania z pozostawieniem temu Sądowi orzeczenia o kosztach procesu za obie instancje</xText>
          
          <xText xALIGNx="center">
            <xBx>Sąd Apelacyjny ustalił i zważył co następuje.</xBx>
          </xText>
          
          <xText>Apelacja okazała się zasadna, choć nie wszystkie jej zarzuty Sąd Apelacyjny podziela.</xText>
          <xText>Zasadny okazał się zarzut naruszenia <xLexLink xArt="art. 233;art. 233 § 1" xIsapId="WDU19640430296" xTitle="Ustawa z dnia 17 listopada 1964 r. - Kodeks postępowania cywilnego" xAddress="Dz. U. z 1964 r. Nr 43, poz. 296">art. 233 § 1 k.p.c.</xLexLink>, poprzez wybiórcze potraktowanie materiału dowodowego, w szczególności niewłaściwą analizę treści złożonych umów, sprzeczną z ich brzmieniem, co doprowadziło w konsekwencji do niewłaściwej subsumpcji i naruszenia wskazanych przez skarżącego przepisów prawa materialnego.</xText>
          <xText>Mając na uwadze treść złożonych przez strony dokumentów Sąd Apelacyjny ustalił następujący stan faktyczny. W dniu 21 grudnia 2007 r. została zawarta pomiędzy powodem a <xAnon> (...) sp. z o.o.</xAnon> w organizacji umowa zatytułowana „przedwstępna <xAnon>umowa sprzedaży numer (...)</xAnon>”, mocą której powód zobowiązał się do wybudowania dla nabywcy lokali mieszkalnych wraz z miejscami garażowymi /określonymi szczegółowo w załączniku do umowy/ oraz ustanowienia odrębnej własności lokali i sprzedania ich nabywcy mocą przyrzeczonej umowy sprzedaży, wraz z udziałem w częściach wspólnych budynku i odpowiednim udziałem we współużytkowaniu wieczystym gruntu, zaś nabywca zobowiązał się do zakupu powyższych lokali wraz a udziałami j/w i zapłaty pełnej ceny przedmiotu umowy w wysokości i trybie określonym umową, przy czym 5% wartości ceny miało być uiszczone nie później niż w dniu zawarcia umowy, zaś 95 % - w terminie 7 dni od powiadomienia przez sprzedającego o możliwości protokolarnego przekazania lokali kupującemu. Następnie mocą umów cesji, oznaczonych odpowiednio: Aneks nr: <xAnon>(...)</xAnon> i Aneks nr: <xAnon>(...)</xAnon>, zawartych w dniu 17 kwietnia 2008 r. pomiędzy powodem, a <xAnon> (...) sp. z o.o.</xAnon> w organizacji /cedentem/ oraz pozwaną/ cesjonariuszem/: cedent wszelkie prawa i obowiązki wynikające z powyższej umowy z dnia 21 grudnia 2007 r., związane odpowiednio: tylko i wyłącznie z nabyciem lokalu <xAnon>mieszkalnego (...)</xAnon> oraz tylko i wyłącznie z nabyciem lokalu <xAnon>mieszkalnego (...)</xAnon>, położonych w budynku <xAnon>(...)</xAnon> na <xAnon>osiedlu (...)</xAnon>, przy <xAnon>ul. (...)</xAnon> w <xAnon>W.</xAnon> wraz z miejscami parkingowymi w garażu pod budynkiem, przelał na cesjonariusza, a cesjonariusz oświadczył, iż prawa te przyjmuje wchodząc tym samym we wszelkie prawa i obowiązki cedenta w zakresie związanym z wymienionymi lokalami /odpisy umów: k-8-33/. Umowy te zostały w niewielkim zakresie, tj. co do wysokości ceny za lokale, zmodyfikowane mocą porozumień z dnia 6 listopada 2008 r./ k-98-101/.</xText>
          <xText>Do dnia wniesienia powództwa nabywca dokonał na rzecz powoda wpłat w łącznej kwocie 53 453,22 zł /k 32-33/. W dniu 24 lipca 2009 r. Powiatowy Inspektorat Nadzoru Budowlanego wydał decyzję o pozwoleniu na użytkowanie m.in. budynku mieszkalnego w którym znajdują się przedmiotowe lokale /k. 34-36/. W dniu 12 sierpnia 2009 r. powód wystosował do pozwanego wezwania w przedmiocie protokolarnego przejęcia lokali, wyznaczonego nadzień 24 września 2009 r., przypominając o konieczności dokonania uprzedniego rozliczenia finansowego /k. 39-40/. Pozwana nie uiściła brakującej należności w wysokości 95 % ceny lokali, ani nie przystąpiła do ich odbioru /okoliczności niesporne/. W związku z tym powód ponowił wezwania do zapłaty pismami z dnia 10 września 2009 r. i 15 września 2009 r. wyznaczając terminy do uregulowania należności na dni, odpowiednio: 22 września 2009 r. i 24 września 2009 r. z zagrożeniem rozwiązania umowy i zastrzegając możliwość wystąpienia z roszczeniem odszkodowawczym/ k-44-45/. Wezwania do zapłaty ponowiono pismami z dnia 29 września 2009 r., wyznaczając kolejny termin odbioru lokali na dzień 15 października 2009 r. /k-53-54/. W dniu 21 października 2009 r. wystosowano „wezwania do aktu notarialnego” wyznaczając termin tej czynności na dzień 11 grudnia 2009 r. przypominając o obowiązku uregulowania należności za lokale oraz protokolarnego odbioru nabywanej nieruchomości /k. 57-58/. Terminy te upłynęły bezskutecznie. Pozwany nie uiścił żądanych należności ani nie podjął żadnych czynności w celu protokolarnego przejęcia lokali /okoliczności niesporne/.</xText>
          <xText>Odnosząc się do pozostałych zarzutów o charakterze procesowym należy wskazać, iż wprawdzie zasadnie podnosi skarżący, że Sąd Okręgowy nie wydał postanowienia dowodowego ani o charakterze pozytywnym ani negatywnym w przedmiocie wniosków dowodowych /z zeznań świadków/ pozwanego na okoliczności sprzedania przedmiotowych lokali przez powoda, jednakże powyższe uchybienie procesowe nie miało wpływu na wynik sprawy. Po pierwsze dowody o charakterze osobowym nie są przydatne celem wykazania zmiany właściciela nieruchomości, udzielone informacje, co do których mieli zeznawać świadkowie, mogły być wadliwe, ponadto przede wszystkim strona powodowa wyjaśniła, iż pierwotna numeracja lokali ostatecznie uległa zmianie /k. 397-398/. Należy dodatkowo zauważyć, iż pozwany po złożeniu powyższego pisma wyjaśniającego przez powoda, twierdzeń w tym zakresie nie kontynuował, podtrzymywał jedynie, iż powód nie oferował przedmiotowych lokali do sprzedaży. W związku z tym ponowienie twierdzeń o sprzedaży lokali w apelacji należy uznać za spóźnione. Już ubocznie wypada dodać, iż dowodu z zeznań <xAnon>J. P.</xAnon> pozwany w ogóle nie oferował przed Sadem I instancji, jak również z zeznań <xAnon>P. B.</xAnon> w charakterze strony. Zarzuty apelacyjne w tym zakresie należy więc uznać za chybione.</xText>
          <xText>Przechodząc do subsumpcji powyższych ustaleń faktycznych należy wskazać, iż Sąd I instancji naruszył wskazane przez skarżącego przepisy prawa materialnego, poprzez ich błędne zastosowanie do przedmiotowego stanu faktycznego. O ile bowiem umowę z dnia 21 grudnia 2007 r., zawartą pomiędzy powodem a <xAnon> (...) sp. z o.o.</xAnon> w organizacji, należy zakwalifikować jako umowę deweloperską z uwagi na treść wskazanych tam zobowiązań, przede wszystkim istniejących po stronie powoda /wybudowanie budynku z lokalami i miejscami garażowymi, ustanowienie odrębnej własności lokali, przedstawienie ich do odbioru i wreszcie dopiero ich sprzedaż/, to kwalifikacji tej nie można już przypisać umowom cesji z dnia 17 kwietnia 2008 r., zawartym pomiędzy powodem, <xAnon> (...) sp. z o.o.</xAnon> w organizacji, a pozwaną. Cesja nie była bowiem przeniesieniem tzw. „translatywnym”, tj. przeniesieniem wszystkich praw i obowiązków z umowy, dotyczących dwóch lokali, lecz jedynie pewnej ograniczonej wiązki uprawnień i obowiązków. Te uprawnienia i obowiązki związane są jedynie i wyłącznie z nabyciem określonych lokali za wskazaną w umowie cenę, na co powód wyraził zgodę. Tym samym tak wskazana treść essentialiów negotii tej umowy /co do każdego lokalu/ definiuje w istocie przedwstępną umowę sprzedaży lokali, nie zaś umowę deweloperską, w ramach której można domagać się wybudowania lokali, przedstawienia do odbioru i dopiero w dalszej kolejności ich nabycia, po spełnieniu określonych w umowie warunków, przede wszystkim w zakresie uiszczenia stosownych płatności. Sposób finansowania również jest adekwatny do zapłaty ceny przy umowie sprzedaży, nie zaś do systematycznego finansowania budowy właściwego dla umowy deweloperskiej, choć ten sposób przewidywała również umowa z dnia 21 grudnia 2007 r. Taka konstatacja prowadzi do wniosku, iż z uwagi na formę pisemną umów cesji, strona powodowa, zgodnie z <xLexLink xArt="art. 390;art. 390 § 2" xIsapId="WDU19640160093" xTitle="Ustawa z dnia 23 kwietnia 1964 r. - Kodeks cywilny" xAddress="Dz. U. z 1964 r. Nr 16, poz. 93">art. 390 §2 k.c.</xLexLink>, nie może skutecznie domagać się zawarcia umowy przyrzeczonej, a w ślad za tym zapłaty ceny za lokale /po odliczeniu dokonanych niewielkich wpłat/. Uprawnienie do żądania przedmiotowej należności przysługiwałoby jedynie w przypadku umowy deweloperskiej/ por. uzasadnienie wyroku SN z dnia 9 lipca 2003 r., IV CKN 305/01/. Przy czym Sąd Apelacyjny w stanie prawnym odnoszącym się do niniejszej sytuacji faktycznej, a więc przed wejściem w życie <xLexLink xArt="" xIsapId="WDU20112321377" xTitle="Ustawa z dnia 16 września 2011 r. o ochronie praw nabywcy lokalu mieszkalnego lub domu jednorodzinnego" xAddress="Dz. U. z 2011 r. Nr 232, poz. 1377">ustawy z dnia 16 września 2011 r. o ochronie praw nabywcy lokalu mieszkalnego lub domu jednorodzinnego</xLexLink> /Dz.U.2011.232.1377/, której <xLexLink xArt="art. 26;art. 26 ust. 1" xIsapId="WDU20112321377" xTitle="Ustawa z dnia 16 września 2011 r. o ochronie praw nabywcy lokalu mieszkalnego lub domu jednorodzinnego" xAddress="Dz. U. z 2011 r. Nr 232, poz. 1377">art. 26 ust.1</xLexLink> zawiera wymóg zawarcia takiej umowy w formie aktu notarialnego, podziela pogląd prawny zawarty w uchwale Sądu Najwyższego z dnia 9 grudnia 2010 r., III CZP 104/10, iż umowa deweloperska zawarta w formie pisemnej jest ważna, choć z uwagi na treść <xLexLink xArt="art. 158;art. 158 zd. 1" xIsapId="WDU19640160093" xTitle="Ustawa z dnia 23 kwietnia 1964 r. - Kodeks cywilny" xAddress="Dz. U. z 1964 r. Nr 16, poz. 93">art. 158 zd.1 k.c.</xLexLink> w zw. <xLexLink xArt="art. 73;art. 73 § 2;art. 73 § 2 zd. 1" xIsapId="WDU19640160093" xTitle="Ustawa z dnia 23 kwietnia 1964 r. - Kodeks cywilny" xAddress="Dz. U. z 1964 r. Nr 16, poz. 93">art. 73 § 2 zd.1 k.c.</xLexLink> nie może ona rodzić skutków w zakresie roszczeń rzeczowych w stosunku do dewelopera. Jednakże, jak wskazano wyżej, z uwagi na fakt, iż przedmiotowe cesje należy kwalifikować jako przedwstępne umowy sprzedaży, powód nie może domagać się zapłaty ceny za lokale na podstawie tychże umów. Z tych więc już przyczyn powództwo podlegało oddaleniu, co skutkowało na podstawie <xLexLink xArt="art. 385" xIsapId="WDU19640430296" xTitle="Ustawa z dnia 17 listopada 1964 r. - Kodeks postępowania cywilnego" xAddress="Dz. U. z 1964 r. Nr 43, poz. 296">art. 385 k.p.c.</xLexLink> w zw. art. 113 ust.1 u.k.s.c. zmianą zaskarżonego wyroku w sposób wskazany w sentencji.</xText>
          <xText>Niezasadne okazały się natomiast zarzuty apelacji odnośnie błędnych ustaleń faktycznych i jak należy rozumieć niewłaściwej subsumpcji /procedura cywilna nie przewiduje wskazanej przez skarżącego kategorii ustaleń faktyczno-prawnych/, zawarte w pkt. III apelacji. W aktach sprawy brak było oświadczenia powoda o odstąpieniu od umowy, ani materiału pozwalającego przyjąć złożenie takiego oświadczenia per facta concludentia. Sąd Apelacyjny podziela również stanowisko, iż odstąpienie pozwanego z dnia 27 stycznia 2012 r. /dokonane na tydzień przed zamknięciem rozprawy/ od przedmiotowych umów /k-370/, dwa i pół roku po pierwotnie ustalonym terminie przedstawienia lokali do odbioru, wobec nieuiszczenia należności w zakresie ceny i treści § 7 ust. 2 umowy, należy uznać za bezskuteczne.</xText>
          <xText>Ubocznie należy wskazać, iż całkowicie błędnie Sąd I instancji rozważał przedmiotowe roszczenie jako roszczenie z tytułu odpowiedzialności kontraktowej w rozumieniu <xLexLink xArt="art. 471" xIsapId="WDU19640160093" xTitle="Ustawa z dnia 23 kwietnia 1964 r. - Kodeks cywilny" xAddress="Dz. U. z 1964 r. Nr 16, poz. 93">art. 471 k.c.</xLexLink> Strona powodowa w ogóle nie występowała z roszczeniem odszkodowawczym ex contractu, nie przedstawiła okoliczności faktycznych w tym zakresie /w szczególności odnośnie wysokości poniesionej szkody, związku przyczynowego/ dochodziła jedynie spełnienia świadczenia w rozumieniu <xLexLink xArt="art. 353" xIsapId="WDU19640160093" xTitle="Ustawa z dnia 23 kwietnia 1964 r. - Kodeks cywilny" xAddress="Dz. U. z 1964 r. Nr 16, poz. 93">art. 353 k.c.</xLexLink>, w postaci zapłaty ceny /po odliczeniu uiszczonych niewielkich części/ z tytułu wskazanych przez siebie umów. Tym samym rozważanie tego żądania w płaszczyźnie <xLexLink xArt="art. 471" xIsapId="WDU19640160093" xTitle="Ustawa z dnia 23 kwietnia 1964 r. - Kodeks cywilny" xAddress="Dz. U. z 1964 r. Nr 16, poz. 93">art. 471 k.c.</xLexLink>, dotyczącego innego charakteru roszczeń, było całkowicie nietrafne, tym bardziej iż pomijało okoliczności, że przedmiotowe lokale pozostały w zasobach powoda.</xText>
          <xText>Mając powyższe na uwadze Sąd Apelacyjny na podstawie <xLexLink xArt="art. 386;art. 386 § 1" xIsapId="WDU19640430296" xTitle="Ustawa z dnia 17 listopada 1964 r. - Kodeks postępowania cywilnego" xAddress="Dz. U. z 1964 r. Nr 43, poz. 296">art. 386 § 1 k.p.c.</xLexLink> orzekł jak na wstępie.</xText>
        </xUnit>
      </xBlock>
    </xPart>
  </judgement>
<judgement id="154500000003003_VI_ACa_000583_2012_Uz_2012-10-18_001">
    <xPart xEditorFullName="Agnieszka Hydzik" xYear="2012" xLang="PL" xPublisherFullName="Agnieszka Hydzik" xFromPg="1" xEditor="ahydzik" xVolType="15/450000/0003003/ACa" xPublisher="ahydzik" xDocType="Uz" xVolNmbr="000583" xVersion="1.0" xToPage="13" xFlag="published">
      <xName>Wyrok+Uzasadnienie</xName>
      <xBlock>
        <xText>Sygn. akt VIA Ca 583/12</xText>
        
        <xUnit xIsTitle="true" xBold="true" xType="part">
          <xName>WYROK</xName>
          <xTitle>W IMIENIU RZECZYPOSPOLITEJ POLSKIEJ</xTitle>
          <xText xALIGNx="right">
            <xBx>Dnia 18 października 2012 r.</xBx>
          </xText>
          
          <xText>
            <xBx>Sąd Apelacyjny w Warszawie VI Wydział Cywilny w składzie: </xBx>
          </xText>
          
          <xText>
            <xBx>Przewodniczący – Sędzia SA– Urszula Wiercińska </xBx>
          </xText>
          <xText>
            <xBx>Sędzia SA– Aldona Wapińska </xBx>
          </xText>
          <xText>
            <xBx>Sędzia SA– Małgorzata Kuracka (spr.)</xBx>
          </xText>
          <xText>
            <xBx>Protokolant– sekr. sąd. Agnieszka Janik </xBx>
          </xText>
          <xText>
            <xBx>po rozpoznaniu w dniu 18 października 2012 r. w Warszawie</xBx>
          </xText>
          <xText>
            <xBx>na rozprawie </xBx>
          </xText>
          <xText>
            <xBx>sprawy z powództwa <xAnon>(...)</xAnon><xAnon>W.</xAnon></xBx>
          </xText>
          <xText>
            <xBx>przeciwko <xAnon> (...) S.A.</xAnon> w <xAnon>K.</xAnon></xBx>
          </xText>
          <xText>
            <xBx>o zapłatę</xBx>
          </xText>
          <xText>
            <xBx>na skutek apelacji pozwanej</xBx>
          </xText>
          <xText>
            <xBx>od wyroku Sądu Okręgowego w Warszawie</xBx>
          </xText>
          <xText>
            <xBx>z dnia 22 grudnia 2011 r.</xBx>
          </xText>
          <xText>
            <xBx>sygn. akt XX GC 420/10</xBx>
          </xText>
          <xText>
            <xBx>I zmienia zaskarżony wyrok:</xBx>
          </xText>
          <xUnit xIsTitle="false" xType="none">
            <xName xSffx=")">a</xName>
            <xText>
              <xBx>w punkcie 1 w ten sposób, że kwotę 184.697,64 (sto osiemdziesiąt cztery tysiące sześćset dziewięćdziesiąt siedem i 64/100) złotych obniża do kwoty 41.588 (czterdzieści jeden tysięcy pięćset osiemdziesiąt osiem) złotych z ustawowymi odsetkami od dnia 16 kwietnia 2010 r. i oddala powództwo o zapłatę kwoty 143.109,64 (sto czterdzieści trzy tysiące sto dziewięć i 64/100) złotych z ustawowymi odsetkami od dnia 16 kwietnia 2010r.;<xBRx/>b) w punkcie 3 w ten sposób, że kwotę 12.835 (dwanaście tysięcy osiemset trzydzieści pięć) złotych obniża do kwoty 508,75 (pięćset osiem i 75/100) ; </xBx>
            </xText>
          </xUnit>
          <xText>
            <xBx>II w pozostałej części apelację oddala;</xBx>
          </xText>
          <xText>
            <xBx>III zasądza od <xAnon>(...)</xAnon><xAnon>W.</xAnon> na rzecz <xAnon> (...) S.A.</xAnon> w <xAnon>K.</xAnon> kwotę 8.276 (osiem tysięcy dwieście siedemdziesiąt sześć) złotych tytułem zwrotu kosztów postępowania apelacyjnego. </xBx>
          </xText>
          
          <xText>
            <xBx>Sygn. akt VI A Ca 583/12 </xBx>
          </xText>
        </xUnit>
        <xUnit xIsTitle="true" xBold="true" xType="part">
          <xName>UZASADNIENIE</xName>
          <xText>Pozwem z dnia 16 kwietnia 2010 roku powód <xAnon>(...)</xAnon><xAnon>W.</xAnon> wniósł o zasądzenie na jego rzecz od pozwanego <xAnon> (...) S. A.</xAnon> w <xAnon>K.</xAnon> nakazem zapłaty w postępowaniu upominawczym kwoty 184.697,64 złotych wraz z ustawowymi odsetkami od dnia 1 marca 2010 r. do dnia zapłaty oraz kosztów procesu, w tym kosztów zastępstwa procesowego według norm przepisanych.</xText>
          <xText>W dniu 26 kwietnia 2010 roku Sąd Okręgowy w Warszawie XX Wydział Gospodarczy wydał nakaz zapłaty w postępowaniu upominawczym (sygn. akt XX GNc 262/10), w którym orzekł zgodnie z żądaniem pozwu.</xText>
          <xText>W dniu 25 maja 2010 roku pozwany <xAnon> (...)</xAnon> wniósł sprzeciw od nakazu zapłaty, w którym zaskarżył tenże nakaz w całości. Zaprzeczając wszystkim twierdzeniom powoda wskazanym w pozwie za wyjątkiem faktu, iż łączyła go z powodem umowa najmu, podniósł, iż zgodnie z tą umową był zobowiązany wydać lokal w ciągu 14 dni od daty ustania stosunku najmu tj. do 17 listopada 2009 roku, co też uczynił. Wniósł on o oddalenie wytoczonego przeciwko niemu powództwa w całości oraz zasądzenie na jego rzecz od powoda kosztów procesu według norm przepisanych.</xText>
          
          <xText>Wyrokiem z dnia 22 grudnia 2011 r. Sąd Okręgowy w Warszawie zasądził od pozwanego <xAnon> (...) S.A.</xAnon> w <xAnon>K.</xAnon> na rzecz powoda <xAnon>(...)</xAnon><xAnon>W.</xAnon> kwotę 184.697.64 zł wraz z ustawowymi odsetkami od dnia 16 kwietnia 2010 r. do dnia zapłaty, oddalając powództwo w pozostałym zakresie. Ponadto Sąd Okręgowy zasądził od pozwanego na rzecz powoda kwotę 12.835 zł tytułem zwrotu kosztów procesu. </xText>
          <xText>Powyższe rozstrzygnięcie zapadło na podstawie następujących ustaleń faktycznych.</xText>
          <xText>W dniu 26 lutego 2008 roku <xAnon>(...)</xAnon> (wynajmujący) i <xAnon> (...)</xAnon> (najemca) zawarli umowę najmu lokalu użytkowego położonego w budynku przy <xAnon>Alejach (...)</xAnon> w <xAnon>W.</xAnon> o powierzchni ogólnej 348,78 m (§1 umowy). Miesięczny czynsz najmu został określony na kwotę 92.000,00 złotych powiększoną o podatek VAT. Jednocześnie najemca zobowiązany był uiszczać wynajmującemu miesięczne opłaty za świadczenia dodatkowe. Czynsz i opłaty miały być opłacane z góry do 10 - tego dnia każdego miesiąca (§12 ust. 1, 3 i4 umowy). Strony umowy jednocześnie ustaliły, że opóźnienie w zapłacie czynszu najmu lub opłat za świadczenia dodatkowe przekraczające dwa pełne okresy płatności stanowi podstawę do wypowiedzenia umowy najmu bez zachowania terminów wypowiedzenia, po uprzednim udzieleniu najemcy na piśmie dodatkowego jednomiesięcznego terminu do zapłaty zaległości (§12 ust. 6 umowy). Zgodnie z §15 ust. 2 umowy, w przypadku jej wypowiedzenia bez zachowania terminu wypowiedzenia, najemca był zobowiązany przekazać lokal protokołem zdawczo - odbiorczym w ciągu 14 dni od daty ustania stosunku najmu (§15 ust. 2 umowy).W § 16 ust. 1 umowy strony ustaliły, iż w przypadku braku przekazania wynajmującemu lokalu w terminie, o którym mowa w §15 ust. 2 umowy, najemca będzie zobowiązany zapłacić odszkodowanie za bezumowne korzystanie z lokalu w wysokości 150% dotychczasowego miesięcznego czynszu brutto, a niezależnie od powyższego uiszczać opłaty za świadczenia dodatkowe. Powyższe miało być płatne w terminie określonym w §12 ust. 4 umowy (§16 ust. 1 i 2 umowy). W dniu 16 października 2009 roku <xAnon>(...)</xAnon> wypowiedziało umowę najmu z dnia 26 lutego 2008 roku bez zachowania terminu wypowiedzenia, podając jako podstawę zapis §12 ust. 6 umowy. W uzasadnieniu wskazano na zaległości najemcy przekraczające dwukrotną wartość opłat z tytułu czynszu najmu, które nie zostały uregulowane w wyznaczonym terminie. Przedmiotowe pismo doręczono najemcy w dniu 03 listopada 2009 roku. W dniu 30 listopada 2009 roku <xAnon> (...)</xAnon> protokolarnie przekazał <xAnon>(...)</xAnon> lokal, na okoliczność czego sporządzono i podpisano obustronnie protokół zdawczo - odbiorczy. W dniu 01 października 2009 roku <xAnon>(...)</xAnon> wystawiło na rzecz <xAnon> (...)</xAnon><xAnon>fakturę VAT nr (...)</xAnon> na kwotę 112.830,06 złotych. Obejmowała ona miesięczny czynsz najmu brutto oraz należności z tytułu opłat eksploatacyjnych. Następnie faktura ta została skorygowana fakturą korygującą nr <xAnon> (...)</xAnon> z dnia 4 listopada 2009 roku o kwotę 57.930,33 złotych. Obejmowała ona należność z tytułu czynszu najmu za okres 01-15 października oraz opłaty eksploatacyjne. Za okres 16-31 października 2009 roku wystawiono natomiast w dniu 4 listopada 2009 roku <xAnon>notę księgową nr (...)</xAnon> na kwotę 57.930,34 złotych tytułem odszkodowania za bezumowne korzystanie z lokalu. W dniu 2 listopada 2009 roku Miasto wystawiło <xAnon>fakturę VAT nr (...)</xAnon> na kwotę 116.562,20 złotych, obejmującą czynsz najmu brutto i opłaty eksploatacyjne. Została ona skorygowana fakturą korygującą VAT nr <xAnon> (...)</xAnon> z dnia 04 listopada 2010 roku o kwotę 112.240,00 złotych, na którą to kwotę następnie wystawiono fakturę <xAnon>notę księgową nr (...)</xAnon> z dnia 04 listopada 2009 roku z tytułu odszkodowania za bezumowne korzystania z lokalu. <xAnon>(...)</xAnon> wezwało <xAnon> (...)</xAnon> do zapłaty kwoty zadłużenia wyliczonej na 184.697,64 złote ostatecznym wezwaniem do zapłaty doręczonym w dniu 22 marca 2010 r.</xText>
          <xText>Na podstawie powyższych ustaleń Sąd Okręgowy uznał, że roszczenie powoda za zasadne co do należności głównej i uwzględnił się w tym zakresie w całości. Zdaniem Sądu oddaleniu podlegała natomiast część należności ubocznych w postaci odsetek ustawowych, z uwagi na naruszenie wynikającego z <xLexLink xArt="art. 482;art. 482 § 1" xIsapId="WDU19640160093" xTitle="Ustawa z dnia 23 kwietnia 1964 r. - Kodeks cywilny" xAddress="Dz. U. z 1964 r. Nr 16, poz. 93">art. 482 §1 k.c.</xLexLink> zakazu anatocyzmu.</xText>
          <xText>W ocenie Sądu Okręgowego z porównania stanowisk stron wynikało, że zasadniczą okolicznością, która była pomiędzy nimi sporna, i od której wyjaśnienia zależało rozstrzygnięcie przedmiotowej sprawy, pozostawała kwestia ustalenia w jakiej dacie pozwany zwrócił powodowi przedmiot najmu, albowiem fakt, iż umowa najmu z dnia 26 lutego 2008 roku została wypowiedziana pismem z dnia 16 października 2009 roku, doręczonym 03 listopada 2009 roku, nie był pomiędzy stronami przedmiotem sporu.</xText>
          <xText>Po przeprowadzeniu zainicjowanego przez powoda postępowania dowodowego Sąd Okręgowy nie miał żadnych wątpliwości co do tego, iż pozwany wydał mu lokal w dniu 30 listopada 2009 roku, gdyż jak wskazał Sąd powód wykazał powyższe nie budzącym wątpliwości, podpisanym przez obydwie strony dowodem z dokumentu w postaci protokołu zdawczo - odbiorczego z dnia 30 listopada 2009 r., którego pozwany nie zakwestionował. Dowód przedstawiony przez powoda na okoliczność daty wydania mu przez pozwanego lokalu, wbrew twierdzeniom pozwanego, w ocenie Sądu Okręgowego nie uległ prekluzji dowodowej.</xText>
          <xText>Ponadto wskazując na treść <xLexLink xArt="art. 479(12);art. 479(12) § 1" xIsapId="WDU19640430296" xTitle="Ustawa z dnia 17 listopada 1964 r. - Kodeks postępowania cywilnego" xAddress="Dz. U. z 1964 r. Nr 43, poz. 296">art. 479<xSUPx>12</xSUPx> §1 k.p.c.</xLexLink> oraz powołując się na orzecznictwo Sądu Najwyższego, Sąd Okręgowy nie podzielił również argumentów pozwanego, iż wszystkie dowody zawnioskowane przez powoda w piśmie procesowym z dnia 16 lipca 2010 roku, oraz w odpowiedzi na sprzeciw od nakazu zapłaty winny ulec oddaleniu z uwagi na prekluzję dowodową.</xText>
          <xText>Zdaniem Sądu Okręgowego, przed wytoczeniem powództwa w niniejszej sprawie nie było i nie mogło być pomiędzy stronami sporu, co do daty wydania powodowi przedmiotowego lokalu, gdyż podpisały one wspólnie protokół zdawczo - odbiorczy. Jak wskazał Sąd, brak również dowodów na okoliczność, aby pozwany kwestionował opisane w fakturach i notach obciążeniowych należności dochodzone w niniejszym postępowaniu przez powoda. Powyższe uzasadniało, zdaniem Sądu Okręgowego przyjęcie, iż powód miał prawo wskazać kolejne dowody na poparcie swego żądania w odpowiedzi na sprzeciw od nakazu zapłaty i uczynił to zachowując termin z <xLexLink xArt="art. 479(12);art. 479(12) § 1" xIsapId="WDU19640160093" xTitle="Ustawa z dnia 23 kwietnia 1964 r. - Kodeks cywilny" xAddress="Dz. U. z 1964 r. Nr 16, poz. 93">art. 479<xSUPx>12</xSUPx> §1</xLexLink> zd. drugie <xLexLink xArt="" xIsapId="WDU19640160093" xTitle="Ustawa z dnia 23 kwietnia 1964 r. - Kodeks cywilny" xAddress="Dz. U. z 1964 r. Nr 16, poz. 93">k.c.</xLexLink></xText>
          <xText>Następnie Sąd Okręgowy stwierdził, iż wobec wydania przez pozwanego lokalu po umówionym terminie, powód rozpoczął naliczanie odszkodowania umownego, a zatem odszkodowanie za bezumowne korzystanie jest mu należne do daty wynikającej z protokołu zdawczo - odbiorczego tj. do 30 listopada 2009 r.</xText>
          <xText>Sąd Okręgowy przyznał jednak rację pozwanemu twierdząc, iż powód nieprawidłowo wskazał początek okresu, za który domaga się zapłaty odszkodowania. Za słuszne uznał bowiem Sąd stanowisko pozwanego, w którym wskazywał, iż zgodnie z §15 ust. 2 umowy najmu lokal miał być zwrócony w terminie 14 dni od daty wypowiedzenia. Skoro zatem bezspornym było, że oświadczenie o wypowiedzeniu dotarło do pozwanego 3 listopada 2009 r., to tym samym, w ocenie Sądu Okręgowego, bezumownie korzystał on z lokalu dopiero począwszy od 18 listopada 2009 r. - <xLexLink xArt="art. 61;art. 61 § 2" xIsapId="WDU19640160093" xTitle="Ustawa z dnia 23 kwietnia 1964 r. - Kodeks cywilny" xAddress="Dz. U. z 1964 r. Nr 16, poz. 93">art. 61 §2 k.c.</xLexLink>, nie zaś jak twierdzi powód od 16 października 2009 r.</xText>
          <xText>Zdaniem Sądu Okręgowego oznaczało to jednak jedynie, iż powód co do części roszczenia wskazał niewłaściwy zapis umowy. Jak wskazał Sąd, choć za okres 16 października - 17 listopada 2009 r. nie mógł on dochodzić odszkodowania, to żądana przezeń kwota jest mu należna tytułem czynszu najmu. Powyższe wynikało z zapisu § 12 ust. 1 łączącej strony umowy, a roszczenie o zapłatę odszkodowania pozostawało aktualne począwszy od 18 listopada 2009 r. i znajduje swą podstawę w §16 ust. 1 umowy. W zapisie tym strony uzgodniły, iż w przypadku nie przekazania lokalu w umówionym terminie wynajmującemu przysługuje odszkodowanie za bezumowne korzystanie w wysokości 150% dotychczasowego miesięcznego czynszu brutto. Było to więc odszkodowanie o wysokości umownie określonej przez wskazanie kryteriów do jego obliczenia. Żądanie zapłaty z tytułu opłat eksploatacyjnych za cały objęty pozwem okres Sąd Okręgowy uznał za należne na podstawie §12 ust. 3 i §16 ust. 1 umowy. Jak wskazał, w okolicznościach niniejszego przypadku, choć powód niewłaściwie wskazał co do części swego żądania konkretny zapis łączącej strony umowy, to roszczenie swe wywodził w całości z tego samego stosunku zobowiązaniowego tj. z zapisów wskazanej umowy.</xText>
          <xText>Wobec powyższego Sąd I instancji, wskazując, że nie był związany wskazaną przez powoda podstawą prawną dochodzonego roszczenia oraz uznając, że żądanie pozwu zostało przez powoda wykazane w całości, zasądził od pozwanego na rzecz powoda należności z tytułu czynszu najmu wraz z opłatami eksploatacyjnymi za okres od 16 października 2009 r. - 17 listopada 2009 r. w oparciu o §12 ust. 1 i 3 umowy najmu z dnia 26 lutego 2008 r. oraz należność z tytułu bezumownego korzystania z lokalu za okres 18-30 listopada 2009 r. oraz opłaty eksploatacyjne za ten okres na podstawie §16 ust. 1 umowy. Z tytułu czynszu za należną powodowi Sąd Okręgowy uznał kwota 92.000,00 złotych wraz z podatkiem VAT, co dawało miesięcznie 112.240,00 złotych (§12 ust. 1). Natomiast z tytułu bezumownego korzystania z lokalu Sąd Okręgowy wskazał że mógłby on dochodzić zgodnie z umową odszkodowania w wysokości 150% czynszu brutto (§16 ust. 1 umowy), jednakże żądał zapłaty kwoty odpowiadającej wysokości miesięcznego czynszu brutto, czym Sąd Okręgowy pozostał związany na mocy <xLexLink xArt="art. 321" xIsapId="WDU19640430296" xTitle="Ustawa z dnia 17 listopada 1964 r. - Kodeks postępowania cywilnego" xAddress="Dz. U. z 1964 r. Nr 43, poz. 296">art. 321 k.p.c.</xLexLink> Wysokość opłat eksploatacyjnych wynikała natomiast, ze złożonych przez powoda faktur VAT, faktur korygujących i not odsetkowych. Wprawdzie jak zauważył Sąd w ich treści błędnie wskazano okresy, za które powód miał prawo żądać czynszu i opłat eksploatacyjnych oraz odszkodowania za bezumowne korzystanie oraz opłat eksploatacyjnych, jednakże pozostawało to bez wpływu na wynik sprawy. Jak bowiem wynikało z §12 ust. 4 i §16 ust. 2 umowy, opłaty eksploatacyjne pozwany miał uiszczać z góry do 10 dnia każdego miesiąca, przy czym obowiązek ten nie był uzależniony od wystawianych faktur czy not obciążeniowych.</xText>
          <xText>O odsetkach Sąd I instancji orzekł na podstawie <xLexLink xArt="art. 481;art. 481 § 1;art. 481 § 2;art. 481 § 2 zd. 1" xIsapId="WDU19640160093" xTitle="Ustawa z dnia 23 kwietnia 1964 r. - Kodeks cywilny" xAddress="Dz. U. z 1964 r. Nr 16, poz. 93">art. 481 § 1 i 2 zdanie pierwsze k.c.</xLexLink> i <xLexLink xArt="art. 482;art. 482 § 1;art. 482 § 1 zd. 1" xIsapId="WDU19640160093" xTitle="Ustawa z dnia 23 kwietnia 1964 r. - Kodeks cywilny" xAddress="Dz. U. z 1964 r. Nr 16, poz. 93">art. 482 §1 zdanie pierwsze k.c.</xLexLink>, wskazując, że wbrew zarzutom pozwanego początkową datę naliczania odsetek powód wskazał prawidłowo, albowiem na podstawie zapisów §12 ust. 4 i §16 ust. 2 umowy. Żądanie powoda zasądzenia dalszych odsetek ustawowych od skapitalizowanych odsetek od daty wcześniejszej niż data wytoczenia powództwa Sąd Okręgowy uznał z uwagi na zakaz anatocyzmu za niezasadne. O kosztach procesu Sąd Okręgowy orzekł zgodnie z zasadą odpowiedzialności za wynik procesu i kosztów celowych tj. na podstawie przepisów <xLexLink xArt="art. 98;art. 98 § 1;art. 98 § 3" xIsapId="WDU19640430296" xTitle="Ustawa z dnia 17 listopada 1964 r. - Kodeks postępowania cywilnego" xAddress="Dz. U. z 1964 r. Nr 43, poz. 296">art. 98 §1 i 3 k.p.c.</xLexLink> w zw. z <xLexLink xArt="art. 99" xIsapId="WDU19640430296" xTitle="Ustawa z dnia 17 listopada 1964 r. - Kodeks postępowania cywilnego" xAddress="Dz. U. z 1964 r. Nr 43, poz. 296">art. 99 k. p. c.</xLexLink> w zw. z <xLexLink xArt="art. 108;art. 108 § 1" xIsapId="WDU19640430296" xTitle="Ustawa z dnia 17 listopada 1964 r. - Kodeks postępowania cywilnego" xAddress="Dz. U. z 1964 r. Nr 43, poz. 296">art. 108 §1 k.p.c.</xLexLink> w zw. z <xLexLink xArt="§ 6;§ 6 pkt. 6" xIsapId="WDU20021631349" xTitle="Rozporządzenie Ministra Sprawiedliwości z dnia 28 września 2002 r. w sprawie opłat za czynności radców prawnych oraz ponoszenia przez Skarb Państwa kosztów pomocy prawnej udzielonej przez radcę prawnego ustanowionego z urzędu" xAddress="Dz. U. z 2002 r. Nr 163, poz. 1349">§6 pkt 6 Rozporządzenia Ministra Sprawiedliwości z dnia 28 września 2002 roku w sprawie opłat za czynności radców prawnych oraz ponoszenia przez Skarb Państwa kosztów pomocy prawnej udzielonej przez radcę prawnego ustanowionego z urzędu</xLexLink> (Dz. U. nr 163, poz. 1349 ze zm.).</xText>
          
          <xText>Apelację od powyższego wyroku wniósł pozwany, który zaskarżając orzeczenie w całości, zarzucił:</xText>
          <xText>1) Rażące naruszenie prawa procesowego - <xLexLink xArt="art. 479(12)" xIsapId="WDU19640430296" xTitle="Ustawa z dnia 17 listopada 1964 r. - Kodeks postępowania cywilnego" xAddress="Dz. U. z 1964 r. Nr 43, poz. 296">art. 479<xSUPx>12</xSUPx> k.p.c.</xLexLink>, poprzez uwzględnienie przez Sąd I Instancji sprekludowanych dowodów powołanych przez powoda z nieusprawiedliwionym opóźnieniem w celu uzupełnienia wad konstrukcyjnych jego pozwu; dowody złożone były po otrzymaniu sprzeciwu od pozwanego od nakazu zapłaty;</xText>
          <xText>2) Naruszenie prawa procesowego - <xLexLink xArt="art. 328;art. 328 § 2" xIsapId="WDU19640430296" xTitle="Ustawa z dnia 17 listopada 1964 r. - Kodeks postępowania cywilnego" xAddress="Dz. U. z 1964 r. Nr 43, poz. 296">art. 328 § 2 k.p.c.</xLexLink> w zw. z <xLexLink xArt="art. 321" xIsapId="WDU19640430296" xTitle="Ustawa z dnia 17 listopada 1964 r. - Kodeks postępowania cywilnego" xAddress="Dz. U. z 1964 r. Nr 43, poz. 296">art. 321 k.p.c.</xLexLink> poprzez niewskazanie podstawy prawnej rozstrzygnięcia Sądu oraz wyjście poza zakreśloną przez powoda podstawę faktyczną roszczenia, którą było odszkodowanie, a nie zapłata czynszu najmu.</xText>
          <xText>3) Naruszenie prawa materialnego - <xLexLink xArt="art. 6" xIsapId="WDU19640160093" xTitle="Ustawa z dnia 23 kwietnia 1964 r. - Kodeks cywilny" xAddress="Dz. U. z 1964 r. Nr 16, poz. 93">art. 6 k.c.</xLexLink> (a także 232 <xLexLink xArt="" xIsapId="WDU19640430296" xTitle="Ustawa z dnia 17 listopada 1964 r. - Kodeks postępowania cywilnego" xAddress="Dz. U. z 1964 r. Nr 43, poz. 296">k.p.c.</xLexLink>), poprzez uznanie powództwa powoda za zasadne, pomimo braku jakichkolwiek dowodów w pozwie na istnienie szkody, jej postaci (damnum emergens vel lucrum cessans), jak również związku przyczynowego pomiędzy działaniem pozwanego, a jej powstaniem (<xLexLink xArt="art. 361" xIsapId="WDU19640160093" xTitle="Ustawa z dnia 23 kwietnia 1964 r. - Kodeks cywilny" xAddress="Dz. U. z 1964 r. Nr 16, poz. 93">art. 361 k.c.</xLexLink>).</xText>
          <xText>Podnosząc powyższe skarżący wniósł o zmianę zaskarżonego wyroku, poprzez oddalenie powództwa w całości i zasądzenie od powoda na rzecz pozwanego kosztów procesu za obie instancje.</xText>
          <xText>
            <xBx>Sąd Apelacyjny ustalił i zważył, co następuje.</xBx>
          </xText>
          <xText>Apelacja okazała się częściowo zasadna, choć nie wszystkie jej zarzuty Sąd podziela.</xText>
          <xText>Niezasadny okazał się zarzut naruszenia <xLexLink xArt="art. 479(12)" xIsapId="WDU19640430296" xTitle="Ustawa z dnia 17 listopada 1964 r. - Kodeks postępowania cywilnego" xAddress="Dz. U. z 1964 r. Nr 43, poz. 296">art. 479<xSUPx>12</xSUPx> k.p.c.</xLexLink> Należy podzielić stanowisko Sądu I instancji, iż dokumenty złożone wraz z odpowiedzią na sprzeciw stanowią adekwatną i terminową reakcję na argumentację zawartą w sprzeciwie i dowodów z tych dokumentów nie można uznać było za sprekludowane. Sąd Apelacyjny podziela również poglądy zawarte w cytowanej przez ten Sąd linii orzecznictwa Sądu Najwyższego, aprobującej brak zbędnego formalizmu, który uniemożliwiłby merytoryczne rozpoznanie sprawy. Obowiązek zawarty w powyższym przepisie nie oznacza bowiem wymagania od powoda, aby przewidział i antycypował każdy możliwy wariant obrony pozwanego i składał dokumenty na potwierdzenie swojego stanowiska, zwalczając potencjalną akcję pozwanego /por. J. Gudowski, Kodeks postępowania cywilnego, Komentarz, tom 2, Lexis Nexis Sp. z o.o. Wyd. 3, str. 686 i cyt. tam orzecznictwo/. Dochodzone roszczenie, którego analiza prawna będzie dalej przedstawiona, najogólniej mówiąc wynikało wprost z podpisanej przez strony umowy, nie było wynikiem jakiegoś nadzwyczajnego splotu wydarzeń, ani skomplikowanego wywodu prawnego bądź matematycznego. Należy podzielić również stanowisko Sądu I instancji, iż trudno było podejrzewać, że pozwany będzie kwestionował datę zdania lokalu, skoro jego przedstawiciel podpisał protokół zdawczo- odbiorczy z dnia 30 listopada 2009 r. Brak było również jakichkolwiek danych, że sporna będzie również wysokość dochodzonych przez powoda kwot. Dlatego też, należy uznać, iż Sąd Okręgowy poprawnie, w oparciu o prawidłowo dopuszczone dowody, ustalił stan faktyczny sprawy, które to ustalenia faktyczne Sąd Apelacyjny uznaje za własne.</xText>
          <xText>Natomiast Sąd Apelacyjny nie podziela wniosków prawnych jakie wyciągnął Sąd I instancji i konkluzji, która doprowadziła go do uwzględnienia roszczenia głównego w całości /oddalono jedynie część roszczenia dotyczącego odsetek/. W pierwszej kolejności należy zauważyć, iż rację ma strona skarżąca, że Sąd I instancji nie wskazał podstawy prawnej uwzględnionego roszczenia i niejako „wyszedł” poza przedstawioną przez powoda podstawę faktyczną powództwa, naruszając tym samym <xLexLink xArt="art. 321" xIsapId="WDU19640430296" xTitle="Ustawa z dnia 17 listopada 1964 r. - Kodeks postępowania cywilnego" xAddress="Dz. U. z 1964 r. Nr 43, poz. 296">art. 321 k.p.c.</xLexLink> Sąd jest związany okolicznościami faktycznymi, konstruującymi roszczenie zaoferowanymi przez powoda i ma ustalić jedynie ich prawdziwość. Nie może przyjąć innych, niepowoływanych okoliczności, nawet jeżeli konstruowane na ich bazie roszczenie „zgadza” się kwotowo z dochodzonym w procesie. W niniejszej sprawie powód dochodził odszkodowania za bezumowne korzystanie z przedmiotowego lokalu, z uzasadnienia pozwu jasno wynika, że chodzi już o okres kiedy to pozwany, zdaniem powoda, nie posiadał tytułu prawnego do tegoż lokalu. Tym samym powód /choć nie wskazał tego expressis verbis/ wywodził swoje roszczenie z przepisów o odpowiedzialności odszkodowawczej nawiązując do faktu umowy i jej niewłaściwego wykonania /niewydanie lokalu po zakończeniu okresu najmu/. Natomiast czynsz, co oczywiste, jest roszczeniem wynikającym z umowy, należnym w okresie jej trwania, a więc w sytuacji gdy strona zobowiązana posiada tytuł do tegoż lokalu. Jest to więc roszczenie oparte na zupełnie innych okolicznościach faktycznych, brak było zatem podstaw do uwzględniania roszczenia w zakresie czynszu, skoro strona powodowa takiego roszczenia nie dochodziła. Stanowiło to wyjście ponad żądanie, co stosownie do treści <xLexLink xArt="art. 321" xIsapId="WDU19640430296" xTitle="Ustawa z dnia 17 listopada 1964 r. - Kodeks postępowania cywilnego" xAddress="Dz. U. z 1964 r. Nr 43, poz. 296">art. 321 k.p.c.</xLexLink> nie jest dopuszczalne. Powództwo w tym zakresie zatem winno być oddalone. Natomiast zasadnie Sąd I instancji przyjął, iż odpowiedzialność odszkodowawcza może dotyczyć jedynie okresu od dnia 18 listopada 2009 r, skoro pozwany miał obowiązek wydać lokal w ciągu 14 dni od ustania stosunku najmu, a więc 14 dni licząc od dnia 3 listopada 2009 r., kiedy dotarło do niego pismo z wypowiedzeniem umowy /<xLexLink xArt="art. 61;art. 61 § 1" xIsapId="WDU19640160093" xTitle="Ustawa z dnia 23 kwietnia 1964 r. - Kodeks cywilny" xAddress="Dz. U. z 1964 r. Nr 16, poz. 93">art. 61 §1 k.c.</xLexLink>/. Innymi słowy pozwany ponosi odpowiedzialność za zajmowanie lokalu od dnia 18 listopada 2009 r. do dnia 30 listopada 2009 r., a zatem za 13 dni listopada. Roszczenie w tym zakresie oparte jest na § 16 umowy, jednakże jego podstawę prawną stanowią, zdaniem Sądu Apelacyjnego, przepisy o odpowiedzialności ex contractu, a w szczególności <xLexLink xArt="art. 483" xIsapId="WDU19640160093" xTitle="Ustawa z dnia 23 kwietnia 1964 r. - Kodeks cywilny" xAddress="Dz. U. z 1964 r. Nr 16, poz. 93">art. 483 k.c.</xLexLink> i <xLexLink xArt="art. 484" xIsapId="WDU19640160093" xTitle="Ustawa z dnia 23 kwietnia 1964 r. - Kodeks cywilny" xAddress="Dz. U. z 1964 r. Nr 16, poz. 93">484 k.c.</xLexLink> dotyczące kary umownej. Strony określiły ją bowiem na wypadek niewykonania obowiązku umownego w postaci wydania lokalu wynajmującemu w wysokości 150 % miesięcznego czynszu za każdy miesiąc oraz statuowały obowiązek zapłaty świadczeń eksploatacyjnych wg dotychczasowych zasad /§ 16 ust. 2 umowy w zw. z § 12 ust.3/. Wysokość czynszu w kwocie 92 000 zł wynikała wprost z umowy, natomiast wysokość świadczeń eksploatacyjnych z przedłożonych faktur. Pozwany ogólnie kwestionując te wielkości nie wskazał żadnych konkretnych zarzutów przeciwko tym kwotom po przedstawieniu faktur, podnosząc jedynie zarzut prekluzji, który został omówiony wyżej. Należy zauważyć również, iż zapłata tejże kary niezależna jest od faktu poniesienia jakiejkolwiek szkody przez wierzyciela, ani od jej wysokości /por. uchwała SN z dnia 6 listopada 2003 r., III CZP 61/03/. Tym samym, zarzuty pozwanego dotyczące niewykazania szkody i naruszenia <xLexLink xArt="art. 6" xIsapId="WDU19640160093" xTitle="Ustawa z dnia 23 kwietnia 1964 r. - Kodeks cywilny" xAddress="Dz. U. z 1964 r. Nr 16, poz. 93">art. 6 k.c.</xLexLink> w zw. <xLexLink xArt="art. 232" xIsapId="WDU19640430296" xTitle="Ustawa z dnia 17 listopada 1964 r. - Kodeks postępowania cywilnego" xAddress="Dz. U. z 1964 r. Nr 43, poz. 296">art. 232 k.p.c.</xLexLink> nie mogą się ostać. Natomiast Sąd Apelacyjny obowiązany był z urzędu wziąć pod uwagę naruszenie prawa materialnego. Strona powodowa dochodziła wysokości tejże kary w kwocie mniejszej niż przewidywał cytowany zapis umowny, tj. jednokrotności czynszu za miesiąc oraz wysokości opłat eksploatacyjnych, jednakże powiększonych o podatek VAT. Tymczasem stosownie do przepisów <xLexLink xArt="" xIsapId="WDU20040540535" xTitle="Ustawa z dnia 11 marca 2004 r. o podatku od towarów i usług" xAddress="Dz. U. z 2004 r. Nr 54, poz. 535">ustawy z dnia 11 marca 2004 r. o podatku od towarów i usług</xLexLink> (Dz. U. z 2011 Nr 177 poz. 1054 j.t.), w szczególności art. 5 tej ustawy, odszkodowania, a takowym zryczałtowanym odszkodowaniem w ramach odpowiedzialności ex contractu jest rozważane świadczenie, nie podlega obowiązkowi zapłaty podatku VAT. Tym samym żądanie kary w wysokości powiększonej o taki podatek było nieuprawnione. W związku z tym należało uznać za zasadne żądanie kary umownej jedynie w wysokości netto /bez podatku VAT/, za okres 13 dni, tj. od dnia 18 listopada 2009 r. do dnia 30 listopada 2009 r., a zatem w kwocie 41 588 zł/, którą otrzymuje się dzieląc kwotę 95 971,63 zł - k 79, 80- przez 30, i mnożąc przez 13/. Skutkowało to konstatacją, iż powództwo było jedynie zasadne co do powyższej kwoty, co implikowało na podstawie <xLexLink xArt="art. 386;art. 386 § 1" xIsapId="WDU19640430296" xTitle="Ustawa z dnia 17 listopada 1964 r. - Kodeks postępowania cywilnego" xAddress="Dz. U. z 1964 r. Nr 43, poz. 296">art. 386 §1 k.p.c.</xLexLink> zmianę zaskarżonego wyroku, w sposób wskazany w sentencji, w tym, w zakresie kosztów procesu na podstawie <xLexLink xArt="art. 100" xIsapId="WDU19640430296" xTitle="Ustawa z dnia 17 listopada 1964 r. - Kodeks postępowania cywilnego" xAddress="Dz. U. z 1964 r. Nr 43, poz. 296">art. 100 k.p.c.</xLexLink> za I instancję /różnica należnej kwoty 3208,75 zł na rzecz powoda i 2700zł na rzecz pozwanego/. W pozostałej części apelacja jako niezasadna podlegała oddaleniu na podstawie <xLexLink xArt="art. 385" xIsapId="WDU19640430296" xTitle="Ustawa z dnia 17 listopada 1964 r. - Kodeks postępowania cywilnego" xAddress="Dz. U. z 1964 r. Nr 43, poz. 296">art 385 k.p.c.</xLexLink> Koszty postępowania apelacyjnego uzasadnia treść <xLexLink xArt="art. 108;art. 108 § 1" xIsapId="WDU19640430296" xTitle="Ustawa z dnia 17 listopada 1964 r. - Kodeks postępowania cywilnego" xAddress="Dz. U. z 1964 r. Nr 43, poz. 296">art. 108 § 1 k.p.c.</xLexLink> w zw. <xLexLink xArt="art. 100" xIsapId="WDU19640430296" xTitle="Ustawa z dnia 17 listopada 1964 r. - Kodeks postępowania cywilnego" xAddress="Dz. U. z 1964 r. Nr 43, poz. 296">art. 100 k.p.c.</xLexLink> /różnica należnej pozwanemu kwoty 8951 zł i kwoty należnej powodowi - 675 zł, przy założeniu, iż pozwany wygrał sprawę w postępowaniu apelacyjnym w ¾, zaś powód w ¼ /.</xText>
        </xUnit>
      </xBlock>
    </xPart>
  </judgement>
<judgement id="154500000003003_VI_ACa_000240_2012_Uz_2012-10-18_001">
    <xPart xEditorFullName="Agnieszka Hydzik" xYear="2012" xLang="PL" xPublisherFullName="Agnieszka Hydzik" xFromPg="1" xEditor="ahydzik" xVolType="15/450000/0003003/ACa" xPublisher="ahydzik" xDocType="Uz" xVolNmbr="000240" xVersion="1.0" xToPage="27" xFlag="published">
      <xName>Wyrok+Uzasadnienie</xName>
      <xBlock>
        <xText>Sygn. akt VIA Ca  240/12</xText>
        
        <xUnit xIsTitle="true" xBold="true" xType="part">
          <xName>WYROK</xName>
          <xTitle>W IMIENIU RZECZYPOSPOLITEJ POLSKIEJ</xTitle>
          <xText xALIGNx="right">
            <xBx>Dnia 18 października 2012 r.</xBx>
          </xText>
          
          <xText>
            <xBx>Sąd Apelacyjny w Warszawie VI  Wydział Cywilny w składzie: </xBx>
          </xText>
          
          <xText>
            <xBx>
      Przewodniczący – Sędzia SA– Urszula Wiercińska </xBx>
          </xText>
          <xText>
            <xBx>
      Sędzia SA– Aldona Wapińska
    </xBx>
          </xText>
          <xText>
            <xBx>Sędzia SA– Małgorzata Kuracka (spr.)</xBx>
          </xText>
          <xText>
            <xBx>
      Protokolant– sekr. sąd. Agnieszka Janik </xBx>
          </xText>
          <xText>
            <xBx>po rozpoznaniu w dniu 18 października 2012 r. w Warszawie</xBx>
          </xText>
          <xText>
            <xBx>na rozprawie </xBx>
          </xText>
          <xText>
            <xBx>sprawy z powództwa <xAnon>A. T. (1)</xAnon> i <xAnon>W. T. (1)</xAnon></xBx>
          </xText>
          <xText>
            <xBx>
    
    
    
    
    
    
    
      przeciwko <xAnon>(...)</xAnon> S.A. w <xAnon>W.</xAnon></xBx>
          </xText>
          <xText>
            <xBx>o zapłatę</xBx>
          </xText>
          <xText>
            <xBx>
    
    
    
    
    
    
    
      i z powództwa wzajemnego <xAnon>(...)</xAnon> S.A. w <xAnon>W.</xAnon></xBx>
          </xText>
          <xText>
            <xBx>przeciwko <xAnon>A. T. (1)</xAnon> i <xAnon>W. T. (1)</xAnon></xBx>
          </xText>
          <xText>
            <xBx>o zapłatę</xBx>
          </xText>
          <xText>
            <xBx>na skutek apelacji pozwanego (powoda wzajemnego)</xBx>
          </xText>
          <xText>
            <xBx>od wyroku Sądu Okręgowego w Warszawie</xBx>
          </xText>
          <xText>
            <xBx>z dnia 20 października 2011 r., sygn. akt XX GC 628/05</xBx>
          </xText>
          <xText>
            <xBx>uchyla zaskarżony wyrok: w punkcie I 1) ponad kwotę 199 732,19 (sto dziewięćdziesiąt dziewięć tysięcy siedemset trzydzieści dwa i 19/100) złotych, w punkcie I 2), I 3), I 4) w całości, w punkcie II w zakresie rozstrzygnięcia o kosztach procesu oraz punkty III i IV w całości i w tej części przekazuje sprawę do ponownego rozpoznania Sądowi Okręgowemu w Warszawie, pozostawiając temu Sądowi rozstrzygnięcie o kosztach postępowania apelacyjnego. </xBx>
          </xText>
          
          <xText>
            <xBx>Sygn. akt VI ACa 240/12</xBx>
          </xText>
        </xUnit>
        <xUnit xIsTitle="true" xBold="true" xType="part">
          <xName>UZASADNIENIE</xName>
          <xText>Powodowie <xAnon>A. T. (1)</xAnon> i <xAnon>W. T. (1)</xAnon> prowadzący działalność gospodarczą pod <xAnon> firmą Agencja (...) spółka cywilna</xAnon> wnieśli o zasądzenie od pozwanego <xAnon>(...)</xAnon> S.A. <xAnon>(...)</xAnon> w <xAnon>W.</xAnon> kwoty 7 444 656,19 zł z ustawowymi odsetkami od kwot szczegółowo wskazanych w pozwie. Ostatecznie popierali powództwo do kwoty 4 422 606, 29 zł z odsetkami od kwot szczegółowo sprecyzowanych w stanowisku zawartym na rozprawach i piśmie procesowym z dnia 5 października 2011 r. /k. 3119, 3134-3137, 3139/. W pozostałym zakresie powodowie cofnęli powództwo, zrzekając się roszczenia.</xText>
          
          <xText>Pozwany wnosił o oddalenie powództwa głównego, złożył też powództwo wzajemne, które ostatecznie popierał do kwoty 2 180 561 zł /k. 3124, 4131/.</xText>
          
          <xText>Powodowie wnieśli o oddalenie powództwa wzajemnego.</xText>
          
          <xText>Wyrokiem z dnia 20 października 2011 r. Sąd Okręgowy w Warszawie z powództwa głównego w punkcie I wyroku zasądził od <xAnon>(...)</xAnon> S.A. w <xAnon>W.</xAnon> solidarnie na rzecz <xAnon>A. T. (1)</xAnon> i <xAnon>W. T. (1)</xAnon> kwotę:</xText>
          <xText>1).  4.422.606,29 zł z odsetkami w wysokości ustawowej od kwot:</xText>
          <xText>a). 3.048.630,03 zł od 15 lipca 2005 do dnia zapłaty,</xText>
          <xText>b). 341.481,92 zł od 15 lipca 2005 do dnia zapłaty,</xText>
          <xText>c). 78.602,49 zł od 21 kwietnia 2005 do dnia zapłaty,</xText>
          <xText>d). 953.891,85 zł od 27 maja 2005 do dnia zapłaty,</xText>
          <xText>2). 100.000 zł tytułem zwrotu opłaty od pozwu,</xText>
          <xText>3). 35.850 zł tytułem zwrotu kosztów opinii biegłego,</xText>
          <xText>4). 43.215 zł tytułem zwrotu kosztów zastępstwa procesowego,</xText>
          <xText>W punkcie II wyroku Sąd Okręgowy powództwo główne w pozostałej części oddalił - nie obciążając powodów kosztami procesu w tym zastępstwa procesowego od oddalonego powództwa.</xText>
          <xText>Ponadto, Sąd Okręgowy w punkcie III wyroku oddalił także powództwo wzajemne, zasądzając w punkcie IV wyroku od <xAnon>(...)</xAnon> S.A. w <xAnon>W.</xAnon> solidarnie na rzecz <xAnon>A. T. (1)</xAnon> i <xAnon>W. T. (1)</xAnon> kwotę 43.215 zł tytułem zwrotu kosztó<xIx>
    
    
    
      w</xIx> zastępstwa procesowego od powództwa wzajemnego.</xText>
          
          <xText>Powyższe rozstrzygnięcie Sądu I instancji zapadło na podstawie następujących ustaleń i rozważań:</xText>
          
          <xText>Strony zawarły umowę agencyjną Nr. <xAnon>(...)</xAnon> z 24.04.2002 r.  Stronami ww. umowy była pozwana Spółka (ówczesna nazwa <xAnon>(...)</xAnon> S.A.) i <xAnon>A. T. (1)</xAnon> posiadający zezwolenie Państwowego Urzędu Nadzoru Ubezpieczeń na wykonywanie czynności agenta ubezpieczeniowego Nr. <xAnon> (...)</xAnon> z 31.12.1997 r., prowadzący działalność gospodarczą pod nazwą <xAnon> Agencja (...)</xAnon> (zwaną w dalszej części umowy <xAnon> (...)</xAnon>) oraz <xAnon>W. T. (1)</xAnon> posiadający zezwolenie Państwowego Urzędu Nadzoru Ubezpieczeń na wykonywanie czynności agenta ubezpieczeniowego Nr. <xAnon> (...)</xAnon> z 6.08.1997 r., prowadzący działalność gospodarczą pod nazwą <xAnon> Agencja (...)</xAnon> (zwaną w dalszej części umowy <xAnon> (...)</xAnon>).</xText>
          <xText>W treści tej umowy strony precyzyjnie uregulowały jej zakres i obowiązki stron. Przedmiotem umowy było wykonywanie przez <xAnon> (...)</xAnon> pośrednictwa sprzedażowo - obsługowego ubezpieczeń na życie wyłącznie oferowanych przez <xAnon>(...)</xAnon>. Pozwany zgodnie z § 2 ust 2 umowy udzielił <xAnon> (...)</xAnon> pełnomocnictwa do dokonywania czynności pośrednictwa sprzedażowo - obsługowego ubezpieczeń na życie wyłącznie oferowanych przez <xAnon>(...)</xAnon> - załącznik Nr.<xAnon>(...)</xAnon>. Z treści tego pełnomocnictwa wynika jednoznacznie, że pozwany upoważnił <xAnon> (...)</xAnon> do wykonywania czynności pośrednictwa przy zawieraniu enumeratywnie wymienionych w pełnomocnictwie ubezpieczeń grupowych, a ponadto upoważnił <xAnon>A. T. (1)</xAnon>, prowadzącego działalność prowadzącego działalność pod nazwą <xAnon> Agencja (...)</xAnon> - udzielił pełnomocnictwa z prawem do udzielania dalszych pełnomocnictw do wykonywania czynności pośrednictwa przy zawieraniu i obsłudze ubezpieczenia na życie kredytobiorców <xAnon> (...) S.A.</xAnon> i do wykonywania czynności pośrednictwa przy zawieraniu i obsłudze umów ubezpieczenia na życie kredytobiorców i klientów <xAnon>(...)</xAnon> (późniejsza nazwa <xAnon> (...) Bank S.A.</xAnon>) z wyłączeniem kredytów gotówkowych i konsumpcyjnych. <xAnon>W. T. (1)</xAnon> i <xAnon>A. T. (1)</xAnon> są wspólnikami spółki cywilnej prowadzącej działalność pod nazwą <xAnon> Agencja (...)</xAnon>. Z treści umowy agencyjnej z 24.04.2002 r., tj. z § 3 ust 8 wynika, że pozwany <xAnon>(...)</xAnon> zobowiązał się do zapewnienia na czas określony wyłączności <xAnon> (...)</xAnon> na zawieranie umów ubezpieczenia ze wszystkimi firmami, z którymi <xAnon> (...)</xAnon> prowadził dotychczas rozmowy negocjacyjne. Wykaz firm stanowi załącznik Nr <xAnon>(...)</xAnon> do niniejszej umowy. Z treści tego załącznika wynika jednoznacznie, że wyłącznością <xAnon> (...)</xAnon> na czas trwania umowy były objęte Firmy: <xAnon> (...) S.A.</xAnon><xAnon> i (...) S.A.</xAnon> Zasady wynagrodzenia prowizyjnego zostały przez strony uregulowane w załączniku Nr <xAnon>(...)</xAnon>. W dniu 16.09.2002 r. <xAnon>Aneksem Nr (...)</xAnon> strony zmieniły załącznik Nr <xAnon>(...)</xAnon> do umowy agencyjnej w zakresie wynagrodzenia prowizyjnego między innymi sieci <xAnon>(...)</xAnon> i <xAnon>(...)</xAnon>. W dniu 15.10.2002 r. <xAnon>Aneksem Nr (...)</xAnon> strony zmieniły załącznik Nr <xAnon>(...)</xAnon> do umowy agencyjnej również w zakresie wynagrodzenia prowizyjnego. W dniu 17 marca 2003 r. strony podpisały kolejny <xAnon>Aneks Nr (...)</xAnon> do umowy z 24.04.2002 r. w zakresie załącznika Nr <xAnon>(...)</xAnon> tj. zmiany prowizji między innymi sieci <xAnon>(...)</xAnon> i <xAnon>(...)</xAnon>. W dniu 23.04.2003 r. strony podpisały <xAnon>Aneks Nr (...)</xAnon> do umowy z 24.04.2002 r., dotyczący między innymi cyt.: „wysokości prowizji do umowy ubezpieczenia z <xAnon>(...)</xAnon> Bankiem zawartej za pośrednictwem <xAnon> (...)</xAnon> wyniesie 5%". 29 czerwca 2004 r. pozwany wypowiedział umowę agencyjną Nr. <xAnon>(...)</xAnon> zawartą 24.04.2002 r. z zachowaniem sześciomiesięcznego okresu wypowiedzenia, tj. ze skutkiem prawnym na dzień 31.12.2004 r. Mimo wypowiedzenia umowy z 24.04.2002 r. strony tej umowy nadal ją wykonywały w 2004 r.</xText>
          <xText>W dniu 1.08.2004 r. członkowie zarządu pozwanej spółki w osobach Prezesa Zarządu <xAnon>B. S.</xAnon> i członka Zarządu <xAnon>M. J.</xAnon> oraz <xAnon>A. T. (1)</xAnon> reprezentujący <xAnon> (...)</xAnon>, sporządziły dokument nazwany „ostateczna wersja ustaleń dotyczących współpracy <xAnon> Agencji (...)</xAnon> oraz p. <xAnon>A. T. (1)</xAnon> z <xAnon> (...) S.A.</xAnon> W tym dokumencie strony ustaliły prowizje od zawartych umów i nowych biznesów, w tym dotyczących firm: <xAnon> (...) SA</xAnon>, <xAnon> (...) Bank SA</xAnon>, <xAnon> (...) Bank SA</xAnon>. W dokumencie tym ustalono, że Aneks do umowy zmieni ją od 1.08.2004 r. w następujący sposób:</xText>
          <xText>- czas trwania umowy - 48 miesięcy liczony od 1.08.2004 r., a po tym terminie umowa przechodzi na czas nieoznaczony z 6 miesięcznym okresem wypowiedzenia.</xText>
          <xText>- rozwiązanie lub wypowiedzenie umowy w okresie 48 miesięcy spowoduje obowiązek wypłaty agentowi odszkodowania równa dwunastokrotności średniej miesięcznej prowizji z ostatnich 12 miesięcy przed 1.08.2004 r.</xText>
          <xText>Powyższe obowiązuje w przypadku niepodjęcia pracy przez <xAnon>A. T.</xAnon> lub podpisania umowy przez Agencję w ciągu 12 miesięcy od rozwiązania umowy w konkurencyjnej firmie życiowej.</xText>
          <xText>- w przypadku rozwiązania lub wypowiedzenia umowy z Agentem po 48 miesiącach, agentowi przysługuje odprawa w wysokości rocznej prowizji liczonej wg stawek przed 1.08.2004 r. (dla <xAnon>(...)</xAnon>, <xAnon> (...)</xAnon> oraz <xAnon>(...)</xAnon>) oraz w wysokości rocznej prowizji z ostatnich 12 miesięcy przed rozwiązaniem umowy dla nowych biznesów.</xText>
          <xText>Prowizje dla <xAnon> (...)</xAnon> pozwany wypłacał powodom od 1.08.2004 r. do końca lutego 2005 r. według stawek prowizji ustalonych w dokumencie z 1.08.2004 r. Powodowie twierdzą też, że umowę agencyjną <xAnon> (...)</xAnon> wykonywał i otrzymywał do lutego 2005 r. od pozwanego wynagrodzenie - prowizję.</xText>
          
          <xText>W świetle powyższego, Sąd Okręgowy przyjął, że umowa z 24.04.2002 r., w związku z jej wypowiedzeniem przez pozwanego ze skutkiem prawnym na dzień 31.12.2004 r. była umową na czas oznaczony i była dalej wykonywana przez strony, to zgodnie z brzmieniem <xLexLink xArt="art. 764" xIsapId="WDU19640160093" xTitle="Ustawa z dnia 23 kwietnia 1964 r. - Kodeks cywilny" xAddress="Dz. U. z 1964 r. Nr 16, poz. 93">art. 764 k.c.</xLexLink> w związku z tym, że była dalej wykonywana poczytuje się ją za zawartą na czas nieoznaczony. Wszystkie ww. okoliczności wskazywały jednoznacznie, że wolą stron było kontynuowanie umowy co znalazło odzwierciedlenie w dokumencie z 1.08.2004 r.</xText>
          <xText>Ustalenia dokonane w dokumencie z 1.08.2004 r. i realizowane przez powodów i pozwanego bez zastrzeżeń do lutego 2005 r. były zmianą umowy z 24 04.2002 r. w zakresie uregulowanym w tym dokumencie. Jak ustalił Sąd I instancji powodowie wykonywali swoje obowiązki zawarte w umowie z 24.04.2002 r., a pozwany wpłacał na rzecz <xAnon> (...)</xAnon> zgodnie z wystawionymi fakturami należności z tytułu prowizji w wysokości ustalonej w umowie, kolejnych aneksach do umowy, a także zgodnie z ustaleniami, co do wysokości prowizji ustalonej w dokumencie z 1.08.2004 r.</xText>
          <xText>Wprawdzie, w dokumencie z 1.08.2004 r. w ostatnim akapicie znajduje się adnotacja cyt. „ powyższe zapisy stanowią podstawę do przygotowania nowej umowy agencyjnej" to z materiału dowodowego w ocenie Sądu I instancji nie wynikało, aby nowa umowa agencyjna została zawarta między stronami, lecz powodowie wykonywali obowiązki zawarte w umowie z 24.04.2002 r., a pozwany wypłacał powodom należności prowizyjne zgodnie z ustaleniami stron zawartymi w aneksach do umowy z 24.04.2002 r., w tym także z dokumentu z 1.08.2004 r.</xText>
          <xText>Pozwana Spółka nie zapłaciła powodom należnej prowizji za miesiące marzec, kwiecień i maj 2005 r. Należności prowizyjne pozwana płaciła powodom bez zastrzeżeń do lutego 2005 r. Powodowie pismem z 29.04.2005 r. wezwali pozwanego do zapłaty należności w kwocie 78.602,49 zł, tj. należności z <xAnon>faktury (...)</xAnon> z 13.04.2005 r., skutkiem czego powodowie otrzymali od pozwanego pismo z 5.05.2005 r. z którego wynika, że pozwana proponuje powodom <xAnon> (...)</xAnon> dalszą współpracę na warunkach nowej umowy przygotowanej na drodze negocjacji.</xText>
          <xText>W związku z brakiem zapłaty przez pozwaną należności prowizyjnych dla powodów za miesiąc marzec i kwiecień 2005 r. powodowie 19.05.2005 r. wypowiedzieli umowę łączącą strony bez zachowania terminu wypowiedzenia - tj. w trybie natychmiastowym i wezwali pozwanego do zapłaty odszkodowania i należnego powodom świadczenia wyrównawczego. Ponadto, w trybie zastrzeżonym <xLexLink xArt="art. 764(8)" xIsapId="WDU19640160093" xTitle="Ustawa z dnia 23 kwietnia 1964 r. - Kodeks cywilny" xAddress="Dz. U. z 1964 r. Nr 16, poz. 93">art. 764<xSUPx>8</xSUPx> k.c.</xLexLink>, w związku z rozwiązaniem przez powodów łączącej strony umowy na skutek okoliczności za które odpowiedzialność ponosi pozwany - powodowie uchylili się od obowiązku przestrzegania ograniczenia działalności konkurencyjnej.</xText>
          <xText>Jeden z powodów <xAnon>A. T. (1)</xAnon> od 1998 r. był dyrektorem <xAnon> agencji (...) SA</xAnon> do 30 kwietnia 2000 r. Powód <xAnon>A. T. (1)</xAnon> w swoim zeznaniu wyjaśnił, że ze <xAnon> Spółką (...) S.A.</xAnon> łączyły go dwie umowy: agencyjna i umowa o zarządzaniu zespołem. Już w tym czasie <xAnon>A. T. (1)</xAnon> kontaktował się składając oferty <xAnon> (...) SA</xAnon> - <xAnon> firmie (...) SA</xAnon>. Od 1.05.2000 r. Został on dyrektorem ds. sprzedaży ubezpieczeń kredytowych i już wtedy otrzymywał wynagrodzenie jako pracownik oraz prowizję jako agent dotyczącą <xAnon> (...) SA</xAnon>. z uwagi na to, że doprowadził do umowy między <xAnon> (...) SA</xAnon>, a <xAnon> (...) SA</xAnon>. (poprzednia nazwa pozwanej). Okoliczność ta została potwierdzona w treści umowy z 24.04.2002 r. załącznik Nr <xAnon>(...)</xAnon> do umowy z 24.04.2002 r.</xText>
          <xText><xAnon>A. T. (1)</xAnon> zawarł z pozwaną umowę o pracę w dniu 21.04.2000 r. na czas nieokreślony, zgodnie z którą zatrudniony został na stanowisku Dyrektora ds. Sprzedaży Ubezpieczeń Kredytowych. W związku z okolicznością, że <xAnon>A. T. (1)</xAnon> otrzymywał prowizję od sprzedaży ubezpieczeń, jego wynagrodzenie za pełnienie obowiązków Dyrektora ds. Sprzedaży Ubezpieczeń Kredytowych było czterokrotnie niższe niż osób na równorzędnych stanowiskach. W dniu 5.02.2001 r. warunki umowy o pracę z 21.04.2000 r. w zakresie wynagrodzenia uległy zmianie (Aneks Nr. <xAnon>(...)</xAnon>). Aneksem Nr. <xAnon>(...)</xAnon> w dniu 29.06.2001 r. po raz kolejny umowa o pracę z 21.04.2000 r. została zmieniona. Aneksem Nr. <xAnon>(...)</xAnon> z 2.05.2002 r. nastąpiła kolejna zmiana umowy o pracę <xAnon>A. T. (1)</xAnon> w zakresie wynagrodzenia i w zakresie wymiaru czasu pracy - 1/2 etatu. Następna zmiana umowy o pracę z 21.04.2000 r. nastąpiła Aneksem Nr. <xAnon>(...)</xAnon> podpisanym w dniu 31.03.2004 r. Po sporządzeniu przez pozwaną <xAnon> Spółkę i (...)</xAnon> (powodów) dokumentu z 1.08.2004 r., w wyniku wykonania ustaleń zawartych w tym dokumencie pozwana z <xAnon>A. T. (1)</xAnon> w dniu 10.09.2004 r. zmieniła po raz piąty umowę o pracę z <xAnon>A. T. (1)</xAnon> z 21.04.2000 r. Zmiany te zawarte zostały w Aneksie Nr. <xAnon>(...)</xAnon>. W dniu 18.04.2005 r. pozwana rozwiązała z <xAnon>A. T. (1)</xAnon> umowę o pracę z 21.04.2000 r. z zachowaniem 3 miesięcznego okresu wypowiedzenia tj. ze skutkiem na dzień 31.07.2005 r. Zakres obowiązków powodów wynikających z umowy z 24.02.2002 r. - tj. umowy agencyjnej Nr. <xAnon>(...)</xAnon> - przez cały okres wykonywania tej umowy nie zmienił się. Powodowie wykonywali tę umowę od 24.02.2002 r. nieprzerwanie do dnia jej wypowiedzenia, tj. do 19.05.2005 r. Pozwany również ją wykonywał, ale do lutego 2005 r., tj. regulował należne powodom prowizje za wykonanie umowy z 24.02.2002 r. z uwzględnieniem kolejnych obniżek prowizji zawartych w Aneksach i dokumencie z 1.08.2004 r.</xText>
          <xText>Po 1.01.2004 r. czynności obsługowe umów ubezpieczeniowych wykonywali <xAnon>W. T. (1)</xAnon>, <xAnon>A. T. (1)</xAnon> i pracownik zatrudniony na umowę zlecenie. Tworzone były bazy potencjalnych klientów to wykonywał <xAnon>W. T. (1)</xAnon> i aktualizował je na bieżąco. Ponadto tworzone były harmonogramy spłaty kredytów - wykonywał je pracownik <xAnon> (...)</xAnon>. Po 1.01.2004 r. <xAnon>W. T. (1)</xAnon> wykonywał materiały szkoleniowe. Zakres obowiązków wynikający z umowy agencyjnej z 24.04.2002 r. zawarty w § 4 ust 2 pkt a) wykonywał <xAnon>W. T. (1)</xAnon> i <xAnon>A. T. (1)</xAnon>.</xText>
          <xText>Powodowie <xAnon> (...)</xAnon> będąc jedynym pośrednikiem w segmencie <xAnon>(...)</xAnon>, wynegocjowali umowę do której zawarcia doszło w wyniku negocjacji między <xAnon>(...)</xAnon>, a pozwaną Spółką na produkt <xAnon>(...)</xAnon>. Produkt ten został wprowadzony w życie w grudniu 2004 r.  Ponadto, powodowie <xAnon> (...)</xAnon> pozyskali dla pozwanego nowych klientów oraz, że w wyniku pracy powodów nastąpił znaczny wzrost obrotów pozwanej spółki. Pozwana nadal czerpie korzyści z umów zawartych za pośrednictwem powodów. Ponadto byli oni jedynymi pośrednikami współpracującymi w segmencie <xAnon>(...)</xAnon>. Powstanie Komitetu ds. współpracy z <xAnon> (...) S.A</xAnon><xAnon> (...) Bankiem S.A.</xAnon> nastąpiło na wniosek <xAnon>A. S.</xAnon> - dyrektora operacyjnego pozwanej spółki. Jego celem była koordynacja prac zmierzających do poszerzenia oferty produktowej <xAnon>(...)</xAnon> dla <xAnon>(...)</xAnon> oraz wdrożenie w/w produktów do sprzedaży.</xText>
          
          <xText>W rozważaniach prawnych Sąd Okręgowy wskazał , iż strony łączyła umowa z dnia 24.04.2002 r., zmieniana kolejnymi aneksami. Pozwany regulował płatności bez zastrzeżeń, przy czym od 1 sierpnia 2004 r. wg stawek określonych w dokumencie z dnia 1.08. 2004 r., którego ustalenia zakwalifikował jako zmianę umowy. Z uwagi na to, że pozwana zaprzestała płacenia dalszych należności prowizyjnych powodom, tj. nie zapłaciła prowizji za marzec i kwiecień 2005 r. powodowie wypowiedzieli umowę agencyjną w trybie natychmiastowym z przyczyn leżących po stronie pozwanego. Skutkowało to w ocenie Sądu Okręgowego uznaniem zasadności roszczenia co do niezapłaconych prowizji od marca do 18 maja 2005 r. oraz dopłaty do prowizji za okres od grudnia do marca 2005 r. za produkt <xAnon>(...)</xAnon> i zasądzeniem w tym zakresie kwoty 341 481,92 zł, wraz z ustawowymi odsetkami od dnia wniesienia pozwu, tj. od dnia 15 lipca 2005 r. na podstawie <xLexLink xArt="art. 758" xIsapId="WDU19640160093" xTitle="Ustawa z dnia 23 kwietnia 1964 r. - Kodeks cywilny" xAddress="Dz. U. z 1964 r. Nr 16, poz. 93">art. 758 k.c.</xLexLink> 761 <xLexLink xArt="§ 1;§ 2" xIsapId="WDU19640160093" xTitle="Ustawa z dnia 23 kwietnia 1964 r. - Kodeks cywilny" xAddress="Dz. U. z 1964 r. Nr 16, poz. 93">§ 1 i 2 k.c.</xLexLink></xText>
          <xText>Sąd Okręgowy nie uwzględnił natomiast zarzutu, że z dniem 1.01. 2004 r. <xAnon>A. T. (1)</xAnon> nie mógł świadczyć czynności agencyjnych w związku z <xLexLink xArt="art. 6" xIsapId="WDU20031241154" xTitle="Ustawa z dnia 22 maja 2003 r. o pośrednictwie ubezpieczeniowym" xAddress="Dz. U. z 2003 r. Nr 124, poz. 1154">art.6 ustawy z dnia 22 maja 2003 r. o pośrednictwie ubezpieczeniowym</xLexLink>.</xText>
          <xText>Jak wskazał Sąd I instancji umowa z 24.04.2002 r. została zawarta między pozwaną, a <xAnon>A. T. (1)</xAnon> i <xAnon>W. T. (1)</xAnon> prowadzącymi działalność pod nazwą <xAnon> Agencja (...)</xAnon>. Do dnia 19.05.2005 r. umowa ta była wykonywana przez obie strony bez żadnych zastrzeżeń, a <xAnon>A. T. (1)</xAnon> faktycznie w dniu 1.01.2004 r. w chwili wejścia w życie ustawy z 22.05.2003 r. był pracownikiem pozwanej Spółki - zatem jego czynności takie jak zawieranie lub wykonywanie umów ubezpieczenia nie były pośrednictwem ani wykonywaniem czynności agencyjnych w rozumieniu ustawy. Ponadto jak zauważył Sąd Okręgowy umowa z 24.04.2002 r. nie została zmieniona przez strony z dniem 1.01.2004 r., a zatem tę umowę agencyjną wykonywał <xAnon>W. T. (1)</xAnon> posiadający zezwolenie Państwowego Urzędu Nadzoru Ubezpieczeń na wykonywanie czynności agenta ubezpieczeniowego Nr. <xAnon>(...)</xAnon> - pod nazwą <xAnon> Agencja (...)</xAnon>. Umowa z 24.04.2002 r. nie wskazywała bowiem konkretnej osoby do wykonywania konkretnych czynności w ramach umowy agencyjnej. Jak zauważył również Sąd Okręgowy okoliczność, iż <xAnon>W. T. (1)</xAnon> wykonywał umowę z 24.04.2002 została potwierdzona w zeznaniu. <xAnon>A. T. (1)</xAnon> zeznał bowiem, że podpisując ustalenia z 1.08.2004 r. jedynie reprezentował <xAnon> Agencję (...)</xAnon> - spółkę cywilną, a nie była to czynność będąca „zawieraniem lub wykonywaniem umowy ubezpieczenia w imieniu i na rzecz zakładu" ubezpieczeń - faktycznie zaś reprezentował <xAnon>W. T. (1)</xAnon> wspólnika Spółki cywilnej (<xLexLink xArt="art. 866" xIsapId="WDU19640160093" xTitle="Ustawa z dnia 23 kwietnia 1964 r. - Kodeks cywilny" xAddress="Dz. U. z 1964 r. Nr 16, poz. 93">art. 866 k.c.</xLexLink>). W ocenie Sądu Okręgowego z żadnego dowodu przeprowadzonego w toku postępowania nie wynikało również, że <xAnon> (...)</xAnon> po 1.01.2004 r. zaprzestała wykonywania umowy z 24.04.2002 r. – a zatem wykonywała ją do dnia 19.05.2005 tj. do dnia jej wypowiedzenia.</xText>
          <xText>Odnosząc się do świadczenia wyrównawczego, Sąd Okręgowy omówił podstawę prawną tego żądania, a następnie tytułem subsumpcji wskazał, iż powodowie w czasie wykonywania umowy z dnia 24. 04. 2002 r. pozyskali dla pozwanej nowych klientów i doprowadzili do istotnego wzrostu obrotów z dotychczasowymi klientami. Wynikało to zdaniem Sądu I instancji jednoznacznie z opinii biegłego, z której wynikało także, że pozwana nadal czerpie korzyści z umów z klientami, których pozyskali powodowie.</xText>
          <xText>Roszczenie wyrównawcze zdaniem Sądu I instancji przysługiwało powodom również z uwagi na zasadę słuszności, gdyż jak wskazał Sąd Okręgowy, powodowie utracili należną im prowizję od klientów, których pozyskali dla pozwanej Spółki. Pozwana Spółka czerpie zatem znaczne korzyści, a powodom kolejnymi aneksami do umowy z 24.04.2002 r. zmniejszana była prowizja i ostatecznie pozwana od lutego 2005 r. całkowicie zaprzestała regulować jakiekolwiek należności, co stało się bezpośrednią przyczyną wypowiedzenia przez powodów umowy w dniu 19.05.2005 r. Nadto, powodowie w okresie współpracy z pozwanym przyczynili się do znacznego zwiększenia tzw. „przypisu" byli jedynymi agentami pozwanej w zakresie ubezpieczeń oferowanych bankom i ich klientom. Powyższe okoliczności w ocenie Sądu Okręgowego w pełni uzasadniały zatem uwzględnienie na podstawie <xLexLink xArt="art. 764(3);art. 764(3) § 1" xIsapId="WDU19640160093" xTitle="Ustawa z dnia 23 kwietnia 1964 r. - Kodeks cywilny" xAddress="Dz. U. z 1964 r. Nr 16, poz. 93">art. 764<xSUPx>3</xSUPx>§ 1 k.c.</xLexLink> świadczenia wyrównawczego w pełnej, maksymalnej wysokości tj. w kwocie 953.891,85 zł, wraz z odsetkami w wysokości ustawowej od dnia 27.05.2005 r. do dnia zapłaty tj. od dnia wezwania do zapłaty świadczenia wyrównawczego - doręczonego pozwanej 19.05.2005 + 7 dni (<xLexLink xArt="art. 481;art. 481 § 1" xIsapId="WDU19640160093" xTitle="Ustawa z dnia 23 kwietnia 1964 r. - Kodeks cywilny" xAddress="Dz. U. z 1964 r. Nr 16, poz. 93">art. 481 § 1 k.c.</xLexLink>).</xText>
          <xText>Sąd I instancji uznał ponadto, że powodom należy się odszkodowanie na podstawie <xLexLink xArt="art. 764(3);art. 764(3) § 3" xIsapId="WDU19640160093" xTitle="Ustawa z dnia 23 kwietnia 1964 r. - Kodeks cywilny" xAddress="Dz. U. z 1964 r. Nr 16, poz. 93">art. 764<xSUPx>3</xSUPx> § 3 k.c.</xLexLink> i <xLexLink xArt="art. 764(2);art. 764(2) § 2" xIsapId="WDU19640160093" xTitle="Ustawa z dnia 23 kwietnia 1964 r. - Kodeks cywilny" xAddress="Dz. U. z 1964 r. Nr 16, poz. 93">art. 764<xSUPx>2 </xSUPx>§ 2 k.c.</xLexLink> w zw. z <xLexLink xArt="art. 471" xIsapId="WDU19640160093" xTitle="Ustawa z dnia 23 kwietnia 1964 r. - Kodeks cywilny" xAddress="Dz. U. z 1964 r. Nr 16, poz. 93">art. 471 k.c.</xLexLink> w kwocie 3.048.630,03 zł wraz z odsetkami w wysokości ustawowej od dnia wniesienia pozwu (zgodnie z żądaniem powodów, (<xLexLink xArt="art. 481;art. 481 § 1" xIsapId="WDU19640160093" xTitle="Ustawa z dnia 23 kwietnia 1964 r. - Kodeks cywilny" xAddress="Dz. U. z 1964 r. Nr 16, poz. 93">art. 481 § 1 k.c.</xLexLink>).</xText>
          <xText>Odszkodowanie to jak wskazał Sąd Okręgowy stanowić ma równowartość utraconego przez powodów dochodu na skutek wypowiedzenia umowy agencyjnej w dniu 19.05.2005 r. z przyczyn leżących po stronie pozwanej Spółki, co potwierdziły poczynione przez Sąd Okręgowy ustalenia, wskazujące, iż umowa między stronami miała obowiązywać do 31.07.2008 r. W ocenie Sądu Okręgowego okoliczność, wypowiedzenia łączącej strony umowy spowodowała, iż powodowie ponieśli szkodę - utracili korzyści w postaci należnej prowizji za okres od 19.05.2005 r. do 31.07.2008 r. stanowiący kwotę 3.048.630,03 zł. Sąd I instancji nie uwzględnił też w tym zakresie zarzutu pozwanej, iż powodom nie należy się odszkodowanie, gdyż <xAnon>A. T. (1)</xAnon> naruszył zakaz konkurencji, a powodowie zgodnie z treścią <xLexLink xArt="art. 764(8)" xIsapId="WDU19640160093" xTitle="Ustawa z dnia 23 kwietnia 1964 r. - Kodeks cywilny" xAddress="Dz. U. z 1964 r. Nr 16, poz. 93">art. 764<xSUPx>8</xSUPx> k.c.</xLexLink> w zakreślonym przez ten przepis terminie zwolnili się z obowiązku przestrzegania ograniczenia działalności konkurencyjnej przez złożenie pozwanej oświadczenia na piśmie w dniu 9.06.2005 r. (przed upływem miesiąca od wypowiedzenia umowy), że uchylają się od obowiązku przestrzegania działalności konkurencyjnej.</xText>
          <xText>O kosztach procesu Sąd orzekł na podstawie <xLexLink xArt="art. 102" xIsapId="WDU19640430296" xTitle="Ustawa z dnia 17 listopada 1964 r. - Kodeks postępowania cywilnego" xAddress="Dz. U. z 1964 r. Nr 43, poz. 296">art. 102 k.p.c.</xLexLink> i rozporządzenia Ministra Sprawiedliwości z 28 września 2002 w sprawie opłat za czynności adwokackie i radców prawnych (Dz. U. z 2002 Nr. 163 poz. 1348 i 49 z późniejszymi zmianami) przyjmując jako podstawę sześciokrotność stawki minimalnej wynagrodzenia adwokata i radcy prawnego z uwagi na okoliczność, że sprawa niniejsza ma charakter wielowątkowy, skomplikowany oraz wymagała znacznego nakładu pracy pełnomocników. Sąd obciążył pozwaną całymi kosztami opłaty od pozwu i opinii biegłego, gdyż powodowie w chwili składania pozwu nie dysponowali dokumentami pozwalającymi właściwie wyliczyć wartość przedmiotu sporu. Dokumentami tymi dysponowała tylko pozwana Spółka. Z tych też względów Sąd Okręgowy nie obciążył powodów kosztami zastępstwa procesowego od oddalonego powództwa.</xText>
          
          <xText>Z kolei rozważając powództwo wzajemne Sąd Okręgowy powołał się na swoje ustalenia faktyczne w zakresie powództwa głównego oraz powtórzył swoje wcześniejsze ustalenie, iż strony umowy z dnia 24.04.2002 r. wykonywały tę umowę nieprzerwanie i bez zastrzeżeń do 19.05.2005 r. mimo jej wypowiedzenia przez pozwaną ze skutkiem na dzień 31.12.2004 r. Strony ją wykonywały bowiem nadal na warunkach umowy z 24.04.2002 r. zmienianej jedynie w zakresie wysokości prowizji kolejnymi aneksami, a pozwana (powódka wzajemna) wypłaciła powodom prowizję zgodnie z ustaleniami dokumentu z 1.08.2004 r.</xText>
          <xText>Sąd Okręgowy stwierdził też, że od dnia 1.01.2004 r. do 1.08.2004 r. umowa z 24.04.2002 r. poczytywana była (na podstawie <xLexLink xArt="art. 764" xIsapId="WDU19640160093" xTitle="Ustawa z dnia 23 kwietnia 1964 r. - Kodeks cywilny" xAddress="Dz. U. z 1964 r. Nr 16, poz. 93">art. 764 k.c.</xLexLink>) za umowę zawartą na czas nieoznaczony, a dokument z 1.08.2004 r. był zmianą umowy w zakresie wysokości prowizji i innych dokonanych ustaleń - w tym między innymi, że umowa będzie obowiązywała w ciągu 48 miesięcy od 1.08.2004 r.</xText>
          <xText>Jak wskazał Sąd I instancji, dokument ten podpisali ze strony pozwanej (powódki wzajemnej) ówcześni członkowie zarządu pozwanej Spółki i reprezentujący <xAnon> Spółkę cywilną Agencję (...)</xAnon>.</xText>
          <xText>Wobec powyższego Sąd Okręgowy uznał zatem, że powództwo wzajemne nie zasługiwało na uwzględnienie na podstawie <xLexLink xArt="art. 410" xIsapId="WDU19640160093" xTitle="Ustawa z dnia 23 kwietnia 1964 r. - Kodeks cywilny" xAddress="Dz. U. z 1964 r. Nr 16, poz. 93">art. 410 k.c.</xLexLink>, a świadczenia wypłacone powodom były świadczeniem należnym. O kosztach procesu Sąd I instancji w zakresie powództwa wzajemnego orzekł na podstawie <xLexLink xArt="art. 98" xIsapId="WDU19640430296" xTitle="Ustawa z dnia 17 listopada 1964 r. - Kodeks postępowania cywilnego" xAddress="Dz. U. z 1964 r. Nr 43, poz. 296">art. 98 k.p.c.</xLexLink> i rozporządzenia Ministra Sprawiedliwości z 28 września 2002 w sprawie opłat za czynności adwokackie (Dz. U. z 2002 Nr. 163 poz. 148 z późniejszymi zmianami) przyjmując jako podstawę sześciokrotność stawki minimalnej wynagrodzenie adwokata z uwagi na okoliczność, że sprawa niniejsza ma charakter wielowątkowy i skomplikowany oraz, że wymagała znacznego nakładu pracy.</xText>
          
          <xText>Apelację od powyższego orzeczenia wniosła strona pozwana, która zaskarżyła przedmiotowy wyrok w następującym zakresie:</xText>
          <xText>- pkt I.1) wyroku, co do kwoty ponad 199.732,19 złotych;</xText>
          <xText>- pkt I.2) wyroku w części ponad kwotę 4.520,00 złotych;</xText>
          <xText>- pkt I.3) wyroku w części ponad kwotę 1.620,42 złotych;</xText>
          <xText>- pkt I.4) wyroku w całości;</xText>
          <xText>- pkt II wyroku - w części dotyczącej nieobciążenia powodów kosztami procesu i zastępstwa procesowego od oddalonej części powództwa;</xText>
          <xText>- pkt III wyroku w całości;</xText>
          <xText>- pkt IV wyroku w całości;</xText>
          <xText>Zaskarżonemu wyrokowi skarżąca zarzuciła:</xText>
          <xUnit xIsTitle="false" xType="none">
            <xName xSffx=".">I</xName>
            <xText>błąd w ustaleniach faktycznych polegający na:</xText>
          </xUnit>
          <xText>- w zakresie powództwa głównego:</xText>
          <xText>1/ ustaleniu, że notatka opatrzona datą 1 sierpnia 2004 r. stanowi umowę między stronami, względnie aneks do umowy agencyjnej z 24 kwietnia 2002 r., podczas gdy prawidłowe ustalenia nakazują przyjąć, że jest to jedynie zapis intencji stron prowadzący wyłącznie do zawarcia potencjalnej przyszłej umowy agencyjnej i umowy o pracę z powodem <xAnon>A. T. (1)</xAnon>;</xText>
          <xText>2/ ustaleniu, że strony od dnia 1 stycznia 2005 r. łączyła umowa z dnia 1 sierpnia 2004 r., podczas gdy strony - wobec wypowiedzenia umowy z dnia 24 kwietnia 2002 r. - rozpoczęły od dnia 1 stycznia 2005 r. współpracę opartą na zasadzie <xLexLink xArt="" xIsapId="WDU19640160093" xTitle="Ustawa z dnia 23 kwietnia 1964 r. - Kodeks cywilny" xAddress="Dz. U. z 1964 r. Nr 16, poz. 93">Kodeksu cywilnego</xLexLink>;</xText>
          <xText>3/ ustaleniu, że umowa z dnia 24 kwietnia 2002 r. była dalej wykonywana przez strony, pomimo jej wypowiedzenia, jako umowa zawarta na czas nieoznaczony, przy jednoczesnym ustaleniu przez Sąd I instancji, że wolą stron była kontynuacja umowy w oparciu o notatkę opatrzoną datą 1 sierpnia 2004 r., która zakłada możliwość zawarcia umowy agencyjnej na czas oznaczony 48 miesięcy;</xText>
          <xText>4/ ustaleniu, że w miesiącach styczeń i luty 2005 r. pozwany wypłacał powodom prowizję na podstawie umowy z dnia 24 kwietnia 2002 r. z aneksami oraz notatki opatrzonej datą 1 sierpnia 2004 r., podczas gdy pozwany wypłacał prowizję wyłącznie w oparciu o założenia wynikające z notatki opatrzonej datą 1 sierpnia 2004 r. - w zakresie prowizji a umowa agencyjna już nie obowiązywała;</xText>
          <xText>5/ ustaleniu, że umowa agencyjna z dnia 24 kwietnia 2002 r. nie została rozwiązana z dniem 31 grudnia 2004 r., podczas gdy dokumenty zgromadzone jako materiał dowodowy potwierdzają rozwiązanie przedmiotowej umowy z dniem 31 grudnia 2004 r.;</xText>
          <xText>6/ ustaleniu, że umowa z dnia 24 kwietnia 2002 r. była umową zawartą na czas oznaczony z uwagi na fakt, że pozwany wypowiedział ją ze skutkiem na dzień 31 grudnia 2004 r., podczas gdy wypowiedzenie jest jednostronną czynnością prawną i nie może być traktowane jako aneks do umowy w zakresie jej zmiany co do czasu obowiązywania (str. 7 uzasadnienia);</xText>
          <xText>7/ ustaleniu, że klienci <xAnon> (...) Bank S.A.</xAnon> są klientami pozyskanymi przez powodów, podczas gdy klienci ci zostali pozyskani przez <xAnon> (...) Bank S.A.</xAnon>;</xText>
          <xText>8/ ustaleniu, że zakres umowy agencyjnej pomiędzy stronami nie zmienił się od dnia jej zawarcia w roku 2002 do dnia wypowiedzenia przez powodów, czyli do dnia 19 maja 2005 r., podczas gdy zakres obopólnych obowiązków stron uległ zmianie w związku z wypowiedzeniem umowy przez pozwanego ze skutkiem na dzień 31 grudnia 2004 r. i rozpoczęciem współpracy od dnia 1 stycznia 2005 r. na nowych warunkach (nowa umowa agencyjna - vide pkt. 2 powyżej);</xText>
          <xText>9/ ustaleniu, że odszkodowanie/świadczenie wyrównawcze należne powodom nie powinno być pomniejszone o kwotę uzyskanych przez nich dochodów z innych źródeł, w tym także tytułem prowizji z <xAnon> (...) S.A.</xAnon>;</xText>
          <xText>10/ przyjęciu pomimo braku dowodów, że spełnione zostały przesłanki roszczenia odszkodowawczego przysługującego powodom;</xText>
          <xText>11/ przyjęciu, że po 1 stycznia 2004 r. czynności agencyjne wykonywał powód <xAnon>W. T. (1)</xAnon> i zatrudniony przez <xAnon> Agencję (...)</xAnon> pracownik na zlecenie oraz że tworzone były bazy potencjalnych klientów i materiały szkoleniowe przez powoda <xAnon>W. T. (1)</xAnon>, zaś pracownik tworzył harmonogramy spłaty kredytów, podczas gdy zgromadzony w sprawie materiał dowodowy (oprócz jedynie zeznań powoda <xAnon>A. T. (1)</xAnon>) nie potwierdza udziału powoda <xAnon>W. T. (1)</xAnon> oraz pracownika na zlecenie w jakichkolwiek czynnościach <xAnon> Agencji (...)</xAnon>, a wskazuje, że powód <xAnon>A. T. (1)</xAnon> wykonywał swoje obowiązki w ramach umowy o pracę jako Dyrektor ds. sprzedaży ubezpieczeń finansowych a nie jako agent (str. 7-8 uzasadnienia);</xText>
          <xText>12/ ustaleniu (str. 9 uzasadnienia), że powód <xAnon>A. T. (1)</xAnon> jako pracownik zarabiał bardzo mało tj. „jego wynagrodzenie za pełnienie obowiązków Dyrektora ds. Sprzedaży Ubezpieczeń Kredytowych było czterokrotnie niższe niż osób na równorzędnych stanowiskach";</xText>
          <xText>13/ ustaleniu, że skoro „powodowie byli jedynym pośrednikiem pozwanej w segmencie <xAnon>(...)</xAnon>" (str. 15 uzasadnienia) to musieli negocjować produkt <xAnon>(...)</xAnon>. Sąd przyjął bowiem błędne założenie, niezależnie od kwestii braku prawnej i faktycznej możliwości negocjowania produktu <xAnon>(...)</xAnon> przez Powodów, że współpracując z agentem <xAnon> (...)</xAnon> Kontrakt pozwany sam już nie miał możliwości zawierania umów ubezpieczenia bez pośrednictwa jakiegokolwiek agenta tylko był zobowiązany do korzystania z takiego pośrednictwa w każdym przypadku;</xText>
          <xText>14/ ustaleniu zakresu polis stanowiących podstawę wyliczenia odszkodowania i świadczenia wyrównawczego, w taki sposób, że Sąd przyjął dane z tabeli 2.4 w opinii biegłego z maja 2011 roku, str. 16-17) zamiast zakresu polis z tabeli 4.3. w opinii biegłego z maja 2011 roku, str. 67);</xText>
          
          <xText>- a w zakresie powództwa wzajemnego, polegający na:</xText>
          <xText>15/ ustaleniu, że umowa z dnia 24 kwietnia 2004 roku była przez strony wykonywana nieprzerwanie i bez zastrzeżeń od 24 lutego 2002 r. do 19 maja 2005 r., podczas gdy prawidłowa ocena materiału dowodowego wskazuje na to, że wszelkie czynności były wykonywane przez powoda <xAnon>A. T. (1)</xAnon> jako pracownika a nie jako agenta, zaś powód <xAnon>W. T. (1)</xAnon> żadnych czynności agencyjnych nie wykonywał, co w konsekwencji doprowadziło Sąd do błędnego wniosku o należności świadczenia wypłaconego przez pozwanego na rzecz powodów;</xText>
          <xText>16/ nie poczynieniu odrębnych ustaleń faktycznych w zakresie pozwu wzajemnego;</xText>
          <xText>17/ przyjęciu, że powód wzajemny opiera swoje roszczenie na założeniu, że umowa agencyjna wygasła ze skutkiem na dzień 31 grudnia 2004 r. oraz że „notatka- dokument z 1 sierpnia 2004 r. nie była umową agencyjną", podczas gdy powód wzajemny wywodzi swoje roszczenie z faktu nie wykonywania przez pozwanych wzajemnych czynności pośrednictwa ubezpieczeniowego mogących stanowić podstawę do wypłaty prowizji.</xText>
          
          <xUnit xIsTitle="false" xType="none">
            <xName xSffx=".">II</xName>
            <xText>naruszenie prawa materialnego, tj.:</xText>
          </xUnit>
          <xText>- w zakresie powództwa głównego:</xText>
          <xText><xLexLink xArt="art. 65;art. 65 § 2" xIsapId="WDU19640160093" xTitle="Ustawa z dnia 23 kwietnia 1964 r. - Kodeks cywilny" xAddress="Dz. U. z 1964 r. Nr 16, poz. 93">art. 65 § 2 k.c.</xLexLink>; <xLexLink xArt="art. 758" xIsapId="WDU19640160093" xTitle="Ustawa z dnia 23 kwietnia 1964 r. - Kodeks cywilny" xAddress="Dz. U. z 1964 r. Nr 16, poz. 93">art. 758 k.c.</xLexLink> i <xLexLink xArt="art. 761;art. 761 § 1" xIsapId="WDU19640160093" xTitle="Ustawa z dnia 23 kwietnia 1964 r. - Kodeks cywilny" xAddress="Dz. U. z 1964 r. Nr 16, poz. 93">art. 761 § 1 k.c.</xLexLink>,; <xLexLink xArt="art. 764(3)" xIsapId="WDU19640160093" xTitle="Ustawa z dnia 23 kwietnia 1964 r. - Kodeks cywilny" xAddress="Dz. U. z 1964 r. Nr 16, poz. 93">art. 764<xSUPx>3</xSUPx> k.c.</xLexLink> (świadczenie wyrównawcze); <xLexLink xArt="art. 764(3);art. 764(3) § 3" xIsapId="WDU19640160093" xTitle="Ustawa z dnia 23 kwietnia 1964 r. - Kodeks cywilny" xAddress="Dz. U. z 1964 r. Nr 16, poz. 93">art. 764<xSUPx>3</xSUPx> § 3 k.c.</xLexLink> i <xLexLink xArt="art. 764(2);art. 764(2) § 2" xIsapId="WDU19640160093" xTitle="Ustawa z dnia 23 kwietnia 1964 r. - Kodeks cywilny" xAddress="Dz. U. z 1964 r. Nr 16, poz. 93">art. 764<xSUPx>2</xSUPx> § 2 k.c.</xLexLink> w zw. z <xLexLink xArt="art. 471" xIsapId="WDU19640160093" xTitle="Ustawa z dnia 23 kwietnia 1964 r. - Kodeks cywilny" xAddress="Dz. U. z 1964 r. Nr 16, poz. 93">art. 471 k.c.</xLexLink>; <xLexLink xArt="art. 764(3)" xIsapId="WDU19640160093" xTitle="Ustawa z dnia 23 kwietnia 1964 r. - Kodeks cywilny" xAddress="Dz. U. z 1964 r. Nr 16, poz. 93">art. 764<xSUPx>3</xSUPx> k.c.</xLexLink> oraz <xLexLink xArt="art. 764(2);art. 764(2) § 3" xIsapId="WDU19640160093" xTitle="Ustawa z dnia 23 kwietnia 1964 r. - Kodeks cywilny" xAddress="Dz. U. z 1964 r. Nr 16, poz. 93">art. 764<xSUPx>2</xSUPx> § 3 k.c.</xLexLink> i <xLexLink xArt="art. 764(2);art. 764(2) § 2" xIsapId="WDU19640160093" xTitle="Ustawa z dnia 23 kwietnia 1964 r. - Kodeks cywilny" xAddress="Dz. U. z 1964 r. Nr 16, poz. 93">art. 764<xSUPx>2</xSUPx> § 2 k.c.</xLexLink> w zw. z <xLexLink xArt="art. 471" xIsapId="WDU19640160093" xTitle="Ustawa z dnia 23 kwietnia 1964 r. - Kodeks cywilny" xAddress="Dz. U. z 1964 r. Nr 16, poz. 93">art. 471 k.c.</xLexLink>; <xLexLink xArt="art. 2" xIsapId="WDU20031241154" xTitle="Ustawa z dnia 22 maja 2003 r. o pośrednictwie ubezpieczeniowym" xAddress="Dz. U. z 2003 r. Nr 124, poz. 1154">art. 2 ustawy o pośrednictwie ubezpieczeniowym</xLexLink> oraz <xLexLink xArt="art. 805" xIsapId="WDU19640160093" xTitle="Ustawa z dnia 23 kwietnia 1964 r. - Kodeks cywilny" xAddress="Dz. U. z 1964 r. Nr 16, poz. 93">art. 805 k.c.</xLexLink>; <xLexLink xArt="art. 37 f;art. 37 f ust. 3" xIsapId="WDU19900590344" xTitle="Ustawa z dnia 28 lipca 1990 r. o działalności ubezpieczeniowej" xAddress="Dz. U. z 1990 r. Nr 59, poz. 344">art. 37 f ust. 3 ustawy z dnia 28 lipca 1990 roku o działalności ubezpieczeniowej</xLexLink> (obowiązującej do dnia 31 grudnia 2003 r.), oraz <xLexLink xArt="art. 13;art. 13 ust. 1" xIsapId="WDU20031241154" xTitle="Ustawa z dnia 22 maja 2003 r. o pośrednictwie ubezpieczeniowym" xAddress="Dz. U. z 2003 r. Nr 124, poz. 1154">art. 13 ust. 1 ustawy z dnia 22 maja 2003 roku o pośrednictwie ubezpieczeniowym</xLexLink> (obowiązującej od dnia 1 stycznia 2004 r.);</xText>
          
          <xText>- a w zakresie powództwa wzajemnego:</xText>
          <xText><xLexLink xArt="art. 758;art. 758 § 1" xIsapId="WDU19640160093" xTitle="Ustawa z dnia 23 kwietnia 1964 r. - Kodeks cywilny" xAddress="Dz. U. z 1964 r. Nr 16, poz. 93">art. 758 § 1 k.c.</xLexLink> oraz <xLexLink xArt="art. 405" xIsapId="WDU19640160093" xTitle="Ustawa z dnia 23 kwietnia 1964 r. - Kodeks cywilny" xAddress="Dz. U. z 1964 r. Nr 16, poz. 93">art. 405 k.c.</xLexLink> w związku z <xLexLink xArt="art. 410" xIsapId="WDU19640160093" xTitle="Ustawa z dnia 23 kwietnia 1964 r. - Kodeks cywilny" xAddress="Dz. U. z 1964 r. Nr 16, poz. 93">art. 410 k.c.</xLexLink>;</xText>
          <xUnit xIsTitle="false" xType="none">
            <xName xSffx=".">III</xName>
            <xText>naruszenie prawa procesowego: <xLexLink xArt="art. 328;art. 328 § 2" xIsapId="WDU19640430296" xTitle="Ustawa z dnia 17 listopada 1964 r. - Kodeks postępowania cywilnego" xAddress="Dz. U. z 1964 r. Nr 43, poz. 296">art.328§ 2 kpc</xLexLink>,<xLexLink xArt="art. 232;art. 232 zd. 2" xIsapId="WDU19640430296" xTitle="Ustawa z dnia 17 listopada 1964 r. - Kodeks postępowania cywilnego" xAddress="Dz. U. z 1964 r. Nr 43, poz. 296">art. 232 zd. 2 k.p.c.</xLexLink>; <xLexLink xArt="art. 233" xIsapId="WDU19640430296" xTitle="Ustawa z dnia 17 listopada 1964 r. - Kodeks postępowania cywilnego" xAddress="Dz. U. z 1964 r. Nr 43, poz. 296">art. 233 k.p.c.</xLexLink> poprzez przekroczenie granicy swobodnej oceny dowodów i dokonanie oceny wiarygodności i mocy dowodowej niektórych (wybranych) wskazanych w apelacji dowodów bez wszechstronnego rozważenia materiału dowodowego.</xText>
          </xUnit>
          
          <xText>Podnosząc powyższe skarżąca ostatecznie po sprostowaniu wniosków apelacji wniosła o zmianę zaskarżonego wyroku w następujący sposób:</xText>
          <xText>- w zakresie pozwu głównego - poprzez oddalenie powództwa - ponad kwotę 199.732,19 zł, oraz o rozstrzygnięcie o kosztach postępowania I instancji, w tym kosztach zastępstwa procesowego.</xText>
          <xText>- w zakresie pozwu wzajemnego - poprzez zasądzenie solidarnie od powodów na rzecz pozwanego kwoty 2.180.561 zł oraz o rozstrzygnięcie o kosztach postępowania I instancji, w tym kosztach zastępstwa procesowego.</xText>
          <xText>Ponadto skarżąca wniosła o zasądzenie kosztów zastępstwa procesowego w postępowaniu odwoławczym w wysokości maksymalnej, tj. 6-krotności stawki minimalnej co do każdego z powództw.</xText>
          
          <xText xALIGNx="center">
            <xBx>Sąd Apelacyjny zważył, co następuje.</xBx>
          </xText>
          
          <xText>Apelacja okazała się zasadna w zakresie w jakim prowadziła do uchylenia zaskarżonego wyroku i przekazania sprawy do ponownego rozpoznania. W pierwszej kolejności należy zauważyć, iż Sąd I instancji, jak się wydaje, dokonał błędnych ustaleń faktycznych i w konsekwencji niewłaściwej subsumpcji, przyjmując, że notatka, określana przez Sąd dokumentem z dnia 1.08.2004 r. /k-45/, stanowiła aneks do umowy agencyjnej z dnia 24.04. 2002 r. i w konsekwencji umowa ta obowiązywała do 19 maja 2005 r., kiedy to została skutecznie wypowiedziana przez powodów. Z treści powyższego dokumentu , który nie został opatrzony datą /data dotyczy przyszłych, planowanych zmian/ wynika jedynie , iż stanowi on ostateczną wersję ustaleń między stronami, której zapisy stanowią dopiero podstawę przygotowania nowej umowy agencyjnej oraz aneksu do umowy o pracę. Ten ostatni został zgodnie z ustaleniami zawartymi w powyższej notatce podpisany przez z strony w dniu 10 września 2004 r. /k-48/, natomiast nowej umowy agencyjnej strony nie zawarły. W tej sytuacji rację miałaby strona pozwana twierdząc, iż łącząca strony umowa agencyjna z dnia 24.04.2002 r., zmieniona ostatecznie <xAnon>aneksem nr (...)</xAnon> /która po dniu 22 kwietnia 2004 r. przekształciła się stosownie do § 6 pierwotnie brzmiącej umowy w umowę na czas nieokreślony/, na skutek dokonanego wypowiedzenia z dnia 29 czerwca 2004 r.</xText>
          <xText>/ k-44/ uległa rozwiązaniu z dniem 31 grudnia 2004 r. Późniejsze zgłoszenie kwestii z tym związanych do KNF nie przesądza negatywnie w tym zakresie/ pismo KNF-k 1179 i nast./. Sąd Okręgowy kilkakrotnie powołuje się na okoliczność, iż strony dalej realizowały umowę zgodnie z zasadami zawartymi w ustaleniach powyższej notatki, w szczególności pozwany wypłacał powodom niższą prowizję niż wynikało to z poprzedniego, ostatniego podpisanego aneksu. Okoliczność powyższa sama w sobie nie może stanowić dowodu na zmianę umowy /może świadczyć o niewłaściwym wykonywaniu dotychczasowej umowy/, bez analizy samego dokumentu w zakresie essentialiów negotii dokonanych ustaleń, zapisów umowy dotychczas łączącej stron, w tym cały czas obowiązującego jej § 10, stanowiącego, iż zmiany umowy wymagają formy pisemnej pod rygorem nieważności. Sąd nie przeprowadził w ogóle dyskusji powyższych zapisów. Ponadto za błędny i nie znajdujący oparcia w obowiązujących przepisach należy uznać pogląd, iż umowa zawarta na czas nieokreślony w związku z jej wypowiedzeniem zmienia się w umowę na czas oznaczony /str.7 uzasadnienia - k. 3163/. Ponadto, dalszy wniosek, iż ta z kolei dalej przekształca się w umowę na czas nieokreślony pozostaje w sprzeczności z brzmieniem notatki /k-45/, która zapowiadała zawarcie przyszłej umowy na czas oznaczony - 48 miesięcy. Rozumowanie Sądu I instancji, z uwagi na powyższe sprzeczności w ogóle nie poddaje się kontroli instancyjnej.</xText>
          <xText>Konsekwencją powyższych rozważań będzie brak podstaw do zasądzenia prowizji za jakikolwiek miesiąc roku 2005 r. na podstawie <xLexLink xArt="art. 758" xIsapId="WDU19640160093" xTitle="Ustawa z dnia 23 kwietnia 1964 r. - Kodeks cywilny" xAddress="Dz. U. z 1964 r. Nr 16, poz. 93">art.758 k.c.</xLexLink> i <xLexLink xArt="art. 761" xIsapId="WDU19640160093" xTitle="Ustawa z dnia 23 kwietnia 1964 r. - Kodeks cywilny" xAddress="Dz. U. z 1964 r. Nr 16, poz. 93">761 k.c.</xLexLink> z umowy z dnia 24.04.2002 r., jak również brak podstaw do żądania odszkodowania na podstawie <xLexLink xArt="art. 764(2);art. 764(2) § 2" xIsapId="WDU19640160093" xTitle="Ustawa z dnia 23 kwietnia 1964 r. - Kodeks cywilny" xAddress="Dz. U. z 1964 r. Nr 16, poz. 93">art. 764<xSUPx>2</xSUPx> § 2 k.c.</xLexLink>, przy założeniu, że umowa ta uległa rozwiązaniu z dniem 31 grudnia 2004 r., na skutek wypowiedzenia strony pozwanej. Inną kwestią będzie natomiast ocena causy dokonywanych świadczeń przez pozwanego w styczniu i lutym 2005 r. i kwalifikacja prawna tych świadczeń, co będzie należało do Sądu I instancji przy ponownym rozpoznaniu sprawy.</xText>
          <xText>Jeżeli chodzi natomiast o przesłanki świadczenia wyrównawczego, to w pierwszej kolejności należy zauważyć, iż ustalenia faktyczne w zakresie wszystkich wymaganych przesłanek podlegające następnie subsumpcji stosownie do <xLexLink xArt="art. 764(3)" xIsapId="WDU19640160093" xTitle="Ustawa z dnia 23 kwietnia 1964 r. - Kodeks cywilny" xAddress="Dz. U. z 1964 r. Nr 16, poz. 93">art.764<xSUPx>3</xSUPx> k.c.</xLexLink> winny być dokonane przez Sąd, a nie przez biegłego. Pomijając już nawet okoliczność, iż Sąd dopuścił dowód z opinii biegłego rewidenta /k-1583/ i nie zareagował na pismo biegłego, iż nie jest aktuariuszem ani rewidentem /k-1709/, a zatem nie ma stosownych kwalifikacji, to trudno uznać za poprawną sytuację, w której biegły dokonuje ustaleń faktycznych, w szczególności ustala jakie umowy zostały zawarte za pośrednictwem powodów w ramach <xAnon> agencji (...)</xAnon>, przeprowadza analizę i dyskusję podnoszonych przez strony okoliczności faktycznych oraz dokonuje analizy prawnej dochodzonych roszczeń.</xText>
          <xText>To Sąd posiłkując się wiadomościami specjalnymi biegłego winien ustalić, które umowy uznaje za zawarte za pośrednictwem powodów i dlaczego, które konkretnie polisy ze wskazywanych przez strony uwzględnia oraz na podstawie wyliczeń biegłego, jakie implikacje finansowe przyjmuje. Jednakże przede wszystkim należy zauważyć, iż powodowie, a następnie biegły, a w ślad za nimi Sąd, błędnie rozumieją przesłanki <xLexLink xArt="art. 763(3)" xIsapId="WDU19640160093" xTitle="Ustawa z dnia 23 kwietnia 1964 r. - Kodeks cywilny" xAddress="Dz. U. z 1964 r. Nr 16, poz. 93">art. 763<xSUPx>(
      3)</xSUPx> k.c.</xLexLink>, i ten ostatni dokonuje w konsekwencji naruszenia prawa materialnego, poprzez jego niewłaściwe zastosowanie. Należy zauważyć, bowiem, iż stosownie do treści tego przepisu, w § 1, po rozwiązaniu umowy agencyjnej agent może żądać od dającego zlecenie świadczenia wyrównawczego, jeżeli w czasie trwania umowy agencyjnej pozyskał nowych klientów lub doprowadził do istotnego wzrostu obrotów z dotychczasowymi klientami, a dający zlecenie czerpie nadal znaczne korzyści z umów z tymi klientami. Roszczenie to przysługuje agentowi, jeżeli, biorąc pod uwagę wszystkie okoliczności, a zwłaszcza utratę przez agenta prowizji od umów zawartych przez dającego zlecenie z tymi klientami, przemawiają za tym względy słuszności. Nie będą zatem wchodziły tu w grę umowy zawarte wprawdzie po rozwiązaniu umowy agencyjnej, ale będące efektem bezpośredniej działalności agenta podjętej w czasie trwania stosunku agencyjnego . Podstawą prawną żądania prowizji , której agent w ogóle nie traci jest w tej sytuacji <xLexLink xArt="art. 761(1)" xIsapId="WDU19640160093" xTitle="Ustawa z dnia 23 kwietnia 1964 r. - Kodeks cywilny" xAddress="Dz. U. z 1964 r. Nr 16, poz. 93">art.761<xSUPx>(
      1)</xSUPx> k.c.</xLexLink>, a zatem ta kategoria umów nie może stanowić podstawy do określania świadczenia wyrównawczego. Chodzi natomiast w rozważanym przypadku o umowy zawarte bez udziału agenta, po rozwiązaniu umowy agencyjnej, jednakże z klientami wcześniej pozyskanymi przez niego dla dającego zlecenie. Na równi z nimi ustawodawca traktuje klientów niepozyskanych przez agenta, lecz takich z którymi w ramach agencji doprowadził do istotnego wzrostu obrotów /por. Tadeusz Wiśniewski, Komentarz do kodeksu cywilnego, księga III Zobowiązania, tom 2, Lexis Nexis Polska Sp. z o.o., Wyd. 10, str. 658/. Błędne jest zatem wyliczenie wysokości świadczenia, poprzez uwzględnianie wszystkich polis /z umów potencjalnie zawartych za pośrednictwem powodów/ od momentu początku umowy, liczenie średniej prowizji z tych kilku lat i mnożenie tak otrzymanej kwoty przez 12. Najpierw należy zatem ustalić katalog tak pozyskanych w ramach umowy agencyjnej klientów, a następnie zbadać, czy dający zlecenie nadal czerpie „znaczne” korzyści z tychże umów, co należy oceniać w kontekście liczby nowych umów /z klientami uprzednio pozyskanymi przez agenta lub z takimi z którymi zwiększył obroty/, zawartych po rozwiązaniu umowy. Potem od tak określonych i wyselekcjonowanych umów należy obliczyć prowizję. Należy rozpatrywać okres 2-3 letni po rozwiązaniu umowy (por. T. Wiśniewski, Komentarz j/w, str. 657) oraz uwzględnić naturalną upadalność polis, co po upływie powyższego czasu nie rodzi trudności. Dopiero tak obliczoną wartość potencjalnej prowizji agenta należy porównać z wartością zawartą w <xLexLink xArt="§ 2;art. 764(3)" xIsapId="WDU19640160093" xTitle="Ustawa z dnia 23 kwietnia 1964 r. - Kodeks cywilny" xAddress="Dz. U. z 1964 r. Nr 16, poz. 93">§ 2 art. 764<xSUPx>(
      3)</xSUPx> k.c.</xLexLink>, tj. średniego wynagrodzenia za 1 rok, której obliczona wielkość nie może przekraczać. Rozważając z kolei przesłankę w postaci zasad słuszności Sąd I instancji będzie miał na uwadze, iż sama utrata prowizji jako takiej nie stanowi wypełnienia powyższej przesłanki. Sąd Okręgowy rozważy również, o ile w ogóle uzna za spełnione przesłanki pozytywne, o których mowa wart. 764<xSUPx>(
          3)</xSUPx><xLexLink xArt="" xIsapId="WDU19640160093" xTitle="Ustawa z dnia 23 kwietnia 1964 r. - Kodeks cywilny" xAddress="Dz. U. z 1964 r. Nr 16, poz. 93">k.c.</xLexLink>, istnienie przesłanki negatywnej, o której mowa w <xLexLink xArt="art. 764(4);art. 764(4) ust. 1" xIsapId="WDU19640160093" xTitle="Ustawa z dnia 23 kwietnia 1964 r. - Kodeks cywilny" xAddress="Dz. U. z 1964 r. Nr 16, poz. 93">art. 764<xSUPx>(
      4 )</xSUPx>ust.1 k.c.</xLexLink>, na którą wcześniej w toku procesu powoływała się strona pozwana, w kontekście wynikających z uzasadnień orzeczeń Sądu Pracy /k-1748 i nast., k- 1367 i nast./ przyczyn rozwiązania z powodem <xAnon>A. T. (1)</xAnon> umowy o pracę, które to okoliczności również mogłyby wpływać na ocenę przyczyn dokonanego wypowiedzenia przez stronę pozwaną umowy agencyjnej, mając jednak również na uwadze wycofanie się z tego stanowiska /k - 3207/.</xText>
          <xText>W dalszej kolejności należy też zauważyć, iż zasadnie zarzucał skarżący, iż <xAnon>A. T. (1)</xAnon> występował w podwójnej roli. Z jednej strony łączyła go od dnia 21 kwietnia 2000 r. ze stroną pozwaną wspomniana umowa o pracę, gdzie zajmował stanowisko dyrektora ds. sprzedaży ubezpieczeń kredytowych, a następnie dyrektora ds. sprzedaży ubezpieczeń finansowych, a z drugiej strony występował jako agent współpracujący z pozwaną, zaś firma pozwana, gdzie zajmował powyższe stanowiska akceptowała jego faktury jako agenta. W tej sytuacji to na powodach spoczywał ciężar dowodu, jakie umowy zostały zawarte przez nich jako agentów w ramach <xAnon> agencji (...)</xAnon>, a jakie wynegocjował powód jako pracownik pozwanego. Sąd Okręgowy w ogóle w swoich rozważaniach nie przeprowadził żadnej dystynkcji w tym zakresie. Wypada podnieść też, iż jedynie klienci „zdobyci” poza obszarem obowiązków umowy o pracę mogą być podstawą do uwzględniania w ramach określania, wg wskazanej wyżej procedury, świadczenia wyrównawczego. Należy zauważyć też , iż brak jest przy tym dostatecznych dowodów, aby jakiekolwiek czynności w zakresie przedmiotowego pośrednictwa sprzedażowo- usługowego, wynikającego z umowy /poza niepopartymi innymi dowodami zeznaniami powoda <xAnon>A. T.</xAnon>/ podejmował <xAnon>W. T.</xAnon>, który od dawna jest człowiekiem ciężko chorym.</xText>
          <xText>W tym kontekście należy również rozważyć treść <xLexLink xArt="art. 6" xIsapId="WDU20031241154" xTitle="Ustawa z dnia 22 maja 2003 r. o pośrednictwie ubezpieczeniowym" xAddress="Dz. U. z 2003 r. Nr 124, poz. 1154">art. 6</xLexLink> obowiązującej od dnia 1 stycznia 2004 r. <xLexLink xArt="" xIsapId="WDU20031241154" xTitle="Ustawa z dnia 22 maja 2003 r. o pośrednictwie ubezpieczeniowym" xAddress="Dz. U. z 2003 r. Nr 124, poz. 1154">ustawy z dnia 22 maja 2003 r. o pośrednictwie ubezpieczeniowym</xLexLink> w zw. z art. 2 tej ustawy i § 2 umowy agencyjnej z dnia 24.04. 2002 r., w świetle którego od tej daty, czynności powoda <xAnon>A. T. (1)</xAnon> jako pracownika nie są pośrednictwem w rozumieniu ustawy ani wykonywaniem czynności agencyjnych w rozumieniu tej ustawy. Oznacza to, zdaniem Sądu Apelacyjnego, w kontekście <xLexLink xArt="art. 58;art. 58 § 1" xIsapId="WDU19640160093" xTitle="Ustawa z dnia 23 kwietnia 1964 r. - Kodeks cywilny" xAddress="Dz. U. z 1964 r. Nr 16, poz. 93">art. 58§ 1 k.c.</xLexLink>, iż jedyne wynagrodzenie od 1 stycznia 2004 r. powód mógł pobierać z tytułu umowy o pracę, a brak jest w tej sytuacji podstaw do wypłaty prowizji z tytułu pośrednictwa sprzedażowo-obsługowego za ten okres. Powyższe wskazania należy mieć na uwadze przy rozważaniu przesłanek dochodzonych przez powodów roszczeń.</xText>
          <xText>Sąd Okręgowy również winien dokonać stosownych ustaleń, których zabrakło, co do okoliczności faktycznych stanowiących podstawę powództwa wzajemnego i rozważyć jego przesłanki, wynikające z <xLexLink xArt="art. 410" xIsapId="WDU19640160093" xTitle="Ustawa z dnia 23 kwietnia 1964 r. - Kodeks cywilny" xAddress="Dz. U. z 1964 r. Nr 16, poz. 93">art.410 k.c.</xLexLink>, na której to podstawie zostało ono oparte.</xText>
          <xText>W związku z tym, mając na uwadze wskazane wyżej braki ustaleń faktycznych i wadliwość rozważań prawnych, należy uznać, iż Sąd I instancji nie rozpoznał istoty sprawy. Za zasadne należy również uznać składane w płaszczyźnie naruszenia <xLexLink xArt="art. 328;art. 328 § 2" xIsapId="WDU19640430296" xTitle="Ustawa z dnia 17 listopada 1964 r. - Kodeks postępowania cywilnego" xAddress="Dz. U. z 1964 r. Nr 43, poz. 296">art. 328 § 2 k.p.c.</xLexLink> zarzuty apelacji dotyczące niewyjaśnienia przyczyn częściowego pominięcia bądź nieuwzględnienia dowodów, względnie wybiórczego uwzględniania ich treści. Dotyczy to przykładowo zeznań <xAnon>M. D.</xAnon> i <xAnon>R. K.</xAnon> /k. 931 i nast. i k. 1206 i nast./, którzy traktowali powoda jako pracownika pozwanej, nie mieli świadomości, iż działa w drugiej roli – agenta pozwanego. To samo dotyczy zeznań tych świadków i zeznań <xAnon>R. G.</xAnon> w zakresie okoliczności zawarcia umowy <xAnon> (...) S.A.</xAnon> z <xAnon> (...) S.A.</xAnon> Również nie zostały rozważone zeznania <xAnon>J. L.</xAnon> odnośnie nieotrzymania nowej umowy, która miała być zawarta z powodami i pracy na bazie notatki z karty 45. Taka konstrukcja uzasadnienia Sądu uniemożliwia prześledzenie toku jego rozumowania pod kątem prawidłowości konstruowania ustalonych okoliczności faktycznych na bazie przeprowadzonych dowodów.</xText>
          <xText>W tej sytuacji Sąd Apelacyjny uznał za zbędne rozwijanie rozważań co do tego zarzutu i bezprzedmiotowe ustosunkowywanie się do pozostałych zarzutów apelacyjnych. Skutkowało to koniecznością uchylenia wyroku w zaskarżonej części na podstawie <xLexLink xArt="art. 386;art. 386 § 4" xIsapId="WDU19640430296" xTitle="Ustawa z dnia 17 listopada 1964 r. - Kodeks postępowania cywilnego" xAddress="Dz. U. z 1964 r. Nr 43, poz. 296">art. 386 § 4 k.p.c.</xLexLink> i przekazania sprawy Sądowi I instancji do ponownego rozpoznania. Ponadto takie rozstrzygnięcie, zdaniem Sądu Apelacyjnego, nie pozbawia stron instancji w przypadku negatywnego rozstrzygnięcia dla którejkolwiek z nich.</xText>
          <xText>Przy ponownym rozpoznaniu sprawy Sąd I instancji, mając na uwadze powyższe wskazania dokona ustaleń faktycznych i stosownej subsumpcji, wskazując przyczyny odmowy wiary poszczególnym dowodom w całości lub części, mając na względzie treść <xLexLink xArt="art. 328;art. 328 § 2" xIsapId="WDU19640430296" xTitle="Ustawa z dnia 17 listopada 1964 r. - Kodeks postępowania cywilnego" xAddress="Dz. U. z 1964 r. Nr 43, poz. 296">art. 328§ 2 k.p.c.</xLexLink> Sąd będzie miał również na uwadze , iż wyrok stał się prawomocny w pkt. II z wyłączeniem rozstrzygnięcia o kosztach procesu /wobec niezaskarżenia przez powodów, którzy cofnęli powództwo w tym zakresie, i nieumorzenia postępowania w tej części/. Ponadto zaskarżony wyrok w zakresie dotyczącym zasądzonej na rzecz powodów części roszczenia w kwocie 199 732,19 zł, na skutek jego niezaskarżenia w tej części przez pozwanego stał się prawomocny, jednakże strona pozwana skutecznie odwołała uznanie powództwa w tym zakresie / por. na temat możliwości odwołania uznania Maria Jędrzejewska, Karol Weitz, Kodeks postępowania cywilnego Komentarz, Tom.1, Lexis Nexis Sp. z o.o. wyd. 3 str. 641/, podtrzymując je jedynie co do kwoty 4 032,10 zł z odsetkami w kwocie 3 350, 48 zł /k-3356/. W tej sytuacji wypłata świadczenia w wysokości 199 732, 19 zł wraz z odsetkami nie wpływa na ocenę merytoryczną dochodzonych roszczeń w wysokości przekraczającej tę kwotę oraz roszczeń dotyczących powództwa wzajemnego. Należy mieć również na uwadze, iż stosownie do treści <xLexLink xArt="art. 213;art. 213 § 2" xIsapId="WDU19640430296" xTitle="Ustawa z dnia 17 listopada 1964 r. - Kodeks postępowania cywilnego" xAddress="Dz. U. z 1964 r. Nr 43, poz. 296">art. 213 § 2 k.p.c.</xLexLink> Sąd nie jest związany uznaniem powództwa, jeżeli uznanie jest sprzeczne z prawem, co należy rozważać w płaszczyźnie ewentualnego naruszenia <xLexLink xArt="art. 6" xIsapId="WDU20031241154" xTitle="Ustawa z dnia 22 maja 2003 r. o pośrednictwie ubezpieczeniowym" xAddress="Dz. U. z 2003 r. Nr 124, poz. 1154">art. 6 ustawy z dnia 22 maja 2003 r. o pośrednictwie ubezpieczeniowym</xLexLink>. W związku z powyższym na podstawie <xLexLink xArt="art. 386;art. 386 § 4" xIsapId="WDU19640430296" xTitle="Ustawa z dnia 17 listopada 1964 r. - Kodeks postępowania cywilnego" xAddress="Dz. U. z 1964 r. Nr 43, poz. 296">art. 386 § 4 k.p.c.</xLexLink> w zw. <xLexLink xArt="art. 108;art. 108 § 2" xIsapId="WDU19640430296" xTitle="Ustawa z dnia 17 listopada 1964 r. - Kodeks postępowania cywilnego" xAddress="Dz. U. z 1964 r. Nr 43, poz. 296">art. 108 § 2 k.p.c.</xLexLink> orzeczono jak na wstępie.</xText>
        </xUnit>
      </xBlock>
    </xPart>
  </judgement>
<judgement id="154500000003003_VI_ACa_000596_2012_Uz_2012-10-18_001">
    <xPart xEditorFullName="Agnieszka Hydzik" xYear="2012" xLang="PL" xPublisherFullName="Agnieszka Hydzik" xFromPg="1" xEditor="ahydzik" xVolType="15/450000/0003003/ACa" xPublisher="ahydzik" xDocType="Uz" xVolNmbr="000596" xVersion="1.0" xToPage="21" xFlag="published">
      <xName>Wyrok+Uzasadnienie</xName>
      <xBlock>
        <xText>
          <xBx>Sygn. akt VIA Ca 596/12</xBx>
        </xText>
        
        <xUnit xIsTitle="true" xType="part" xBold="true">
          <xName>WYROK</xName>
          <xTitle>W IMIENIU RZECZYPOSPOLITEJ POLSKIEJ</xTitle>
          <xText xALIGNx="right">
            <xBx>Dnia 18 października 2012 r.</xBx>
          </xText>
          
          <xText>
            <xBx>Sąd Apelacyjny w Warszawie  VI Wydział Cywilny w składzie: </xBx>
          </xText>
          
          <xText>
            <xBx>Przewodniczący – Sędzia SA– Urszula Wiercińska (spr.)</xBx>
          </xText>
          <xText>
            <xBx>Sędzia SA– Aldona Wapińska </xBx>
          </xText>
          <xText>
            <xBx>Sędzia SA– Małgorzata Kuracka </xBx>
          </xText>
          <xText>
            <xBx>Protokolant– sekr. sąd. Agnieszka Janik </xBx>
          </xText>
          <xText>
            <xBx>po rozpoznaniu w dniu 18 października 2012 r. w Warszawie</xBx>
          </xText>
          <xText>
            <xBx>na rozprawie </xBx>
          </xText>
          <xText>
            <xBx>sprawy z powództwa <xAnon>J. S.</xAnon></xBx>
          </xText>
          <xText>
            <xBx>przeciwko <xAnon> (...) S. A.</xAnon> w <xAnon>W.</xAnon></xBx>
          </xText>
          <xText>
            <xBx>o zapłatę</xBx>
          </xText>
          <xText>
            <xBx>na skutek apelacji powoda </xBx>
          </xText>
          <xText>
            <xBx>od wyroku Sądu Okręgowego w Warszawie </xBx>
          </xText>
          <xText>
            <xBx>z dnia 29 lutego 2012 r., sygn. akt XXV C 164/09</xBx>
          </xText>
          <xText>
            <xBx>I zmienia zaskarżony wyrok:</xBx>
          </xText>
          <xText>
            <xBx>- w punkcie piątym w ten sposób, że punktowi pierwszemu nadaje następującą treść: „zasądza od <xAnon> (...) S. A.</xAnon> w <xAnon>W.</xAnon> na rzecz <xAnon>J. S.</xAnon> kwotę 105.000 (sto pięć tysięcy) złotych z ustawowym odsetkami od dnia 14 kwietnia 2009 r. do dnia zapłaty, tytułem zadośćuczynienia;</xBx>
          </xText>
          <xText>
            <xBx>- w punkcie szóstym w ten sposób, że kwotę 2.212,89 (dwa tysiące dwieście dwanaście i 89/100) złotych podwyższa do kwoty 5.250 (pięć tysięcy dwieście pięćdziesiąt) złotych;</xBx>
          </xText>
          <xText>
            <xBx>II oddala apelację w pozostałym zakresie;</xBx>
          </xText>
          <xText>
            <xBx>III znosi wzajemnie między stronami koszty postępowania apelacyjnego;</xBx>
          </xText>
          <xText>
            <xBx>IV nakazuje pobrać od <xAnon> (...) S. A.</xAnon> w <xAnon>W.</xAnon> na rzecz Skarbu Państwa – Sądu Okręgowego w Warszawie kwotę 2.250 (dwa tysiące dwieście pięćdziesiąt) złotych tytułem części nieuiszczonej opłaty od apelacji, a pozostałą część opłaty od apelacji przejmuje na rachunek Skarbu Państwa.</xBx>
          </xText>
          
          <xText>
            <xBx>Sygn. akt VI ACa 596/12</xBx>
          </xText>
        </xUnit>
        <xUnit xIsTitle="true" xType="part" xBold="true">
          <xName>UZASADNIENIE</xName>
          <xText>Powód <xAnon>J. S.</xAnon> pozwem skierowanym przeciwko <xAnon> (...) S.A.</xAnon> w <xAnon>W.</xAnon> wniósł o zasądzenie: kwoty 275.000 zł z odsetkami ustawowymi od dnia doręczenia pozwu tytułem zadośćuczynienia, kwoty 107.264 zł z odsetkami ustawowymi od dnia doręczenia pozwu tytułem kosztów całodobowej opieki w okresie od 26 czerwca 2005 r. do 31 stycznia 2009 r. z wyłączeniem pobytów w szpitalach, kwoty 3.888 zł miesięcznie tytułem renty na zwiększone potrzeby począwszy od 1 lutego 2009 r., płatnej z góry do 10 dnia każdego miesiąca z ustawowymi odsetkami w przypadku uchybienia terminowi płatności którejkolwiek z rat oraz wniósł o ustalenie odpowiedzialności pozwanego na szkody mogące powstać w przyszłości.</xText>
          <xText>Pozwany <xAnon> (...) S.A.</xAnon> w <xAnon>W.</xAnon> wniósł o oddalenie powództwa w całości i zasądzenie kosztów postępowania według norm przepisanych, wskazując, że <xAnon>J. S.</xAnon> jest wyłącznie winny wypadku komunikacyjnego z dnia 26 czerwca 2005 r.</xText>
          <xText>Wyrokiem z dnia 29 lutego 2012 r. Sąd Okręgowy w Warszawie zasądził od <xAnon> (...) S.A.</xAnon> w <xAnon>W.</xAnon> na rzecz <xAnon>J. S.</xAnon>: kwotę 60.000 zł tytułem zadośćuczynienia z ustawowymi odsetkami od dnia 29 lutego 2012 r. do dnia zapłaty, kwotę 35.959,84 zł tytułem zwrotu kosztów opieki w okresie od 26 czerwca 2005 r. do 31 stycznia 2009 r. z ustawowymi odsetkami od dnia 31 marca 2009 r. do dnia zapłaty oraz rentę na zwiększone potrzeby w sposób następujący:</xText>
          <xText>a/ od dnia 1 lutego 2009 r. do 31 grudnia 2009 r. po 580 zł miesięcznie;</xText>
          <xText>b/ od dnia 1 stycznia 2010 r. do dnia 31 grudnia 2010 r. po 588 zł miesięcznie;</xText>
          <xText>c/ od dnia 1 stycznia 2011 r. do dnia 31 grudnia 2011 r. po 580 zł miesięcznie;</xText>
          <xText>d/ od dnia 1 stycznia 2012 r. i na przyszłość po 580 zł miesięcznie, płatne we wszystkich przypadkach do 10 każdego miesiąca z góry z ustawowymi odsetkami w razie zwłoki w terminie płatności którejkolwiek z rat;</xText>
          <xText>ustalił odpowiedzialność <xAnon> (...) S.A.</xAnon> w <xAnon>W.</xAnon> wobec <xAnon>J. S.</xAnon> za skutki wypadku z dnia 26 czerwca 2005 r. na przyszłość; oddalił powództwo w pozostałym zakresie oraz postanowił o kosztach procesu.</xText>
          <xText>Powyższe rozstrzygnięcie zostało oparte o następujące ustalenia faktyczne i rozważania.</xText>
          <xText>W dniu 26 czerwca 2005 r. w <xAnon>C.</xAnon> gm. <xAnon>S.</xAnon> na trasie <xAnon>C.</xAnon> – <xAnon>S.</xAnon> ok. godz. 14:40 poza obszarem zabudowanym poboczem jezdni w kierunku <xAnon>S.</xAnon> szedł <xAnon>J. S.</xAnon> znajdujący się w stanie nietrzeźwości, który nagłe zmienił tor ruchu i wszedł na jezdnię przed nadjeżdżający pojazd marki <xAnon>T.</xAnon> kierowany przez <xAnon>A. O.</xAnon>. Mimo podjęcia manewru hamowania i lekkiego odbicia w lewą stronę ku osi jezdni nie udało się uniknąć potrącenia, pieszy znajdował się zbyt blisko nadjeżdżającego pojazdu, a prędkość samochodu była nadmierna. Do wypadku doszło na prostym odcinku drogi o nawierzchni asfaltowej o szerokości 6,6 m, poboczu gruntowym o szerokości 1,2 m. Warunki atmosferyczne były dobre.</xText>
          <xText>Postanowieniem z dnia 24 października 2005 r. śledztwo w sprawie zostało umorzone z powodu braku znamion przestępstwa z <xLexLink xArt="art. 177;art. 177 § 2" xIsapId="WDU19970880553" xTitle="Ustawa z dnia 6 czerwca 1997 r. - Kodeks karny" xAddress="Dz. U. z 1997 r. Nr 88, poz. 553">art. 177 § 2 k.k.</xLexLink> Uznano bowiem, że to powód korzystając z drogi publicznej wszedł z pobocza na jezdnię, którą poruszał się widoczny samochód, czym doprowadził do wypadku. Po ponownym podjęciu postępowania karnego w dniu 30 marca 2010r. po raz kolejny umorzono śledztwo, wskazując że zachowanie kierowcy pojazdu było prawidłowe.</xText>
          <xText>Bezpośrednio po wypadku <xAnon>J. S.</xAnon> w stanie ciężkim został przyjęty na Oddział <xAnon>(...)</xAnon> Samodzielnego Publicznego <xAnon>(...)</xAnon> w <xAnon>C.</xAnon>. Po dobie odzyskał świadomość. Ustabilizowano krążenie i oddech. Po przeprowadzeniu szeregu badań stwierdzono u powoda uraz wielonarządowy, złamanie goleni prawej, złamanie IX żebra po stronie lewej, ranę tłuczoną głowy, stan po spożyciu alkoholu. W dniu 29 czerwca powód został przeniesiony na Oddział <xAnon>(...)</xAnon>, gdzie po wykonaniu dalszych badań stwierdzono: zwichnięcie kręgosłupa C7-Thi z tetraparezą, stłuczenie mózgu, przepuklinę pachwinową wolną. Założono wyciąg na czaszkę i za piętę. W okresie od 6 do 25 lipca 2005 r. powód przebywał w <xAnon> Klinice (...)</xAnon> w <xAnon>L.</xAnon>. W dniu 18 lipca 2005 r. wykonano zabieg operacyjny repozycji zwichnięcia C7/TI11, stabilizacji pętlą drutu wg <xAnon>(...)</xAnon>, przeszczepy kostne mrożone oraz zamkniętej repozycji złamania prawej goleni, stabilizacji prętem śródszpikowym. Powód wielokrotnie przebywał na Oddziale <xAnon>(...)</xAnon> Samodzielnego Publicznego <xAnon>(...)</xAnon> w <xAnon>C.</xAnon> – od 25 lipca do 9 sierpnia 2005 r., od 6 do 23 września 2005 r., od 16 do 17 listopada 2005 r., od 28 lutego do 3 marca 2006 r., od 16 do 25 stycznia 2007 r. – skupiono się na leczeniu zwichnięcia kręgosłupa z uszkodzeniem rdzenia kręgowego i złamaniu goleni, stwierdzono porażenie czterokończynowe i spastyczny przykurcz kończyn dolnych, stosowano pielęgnację przeciwodleżynową. Przez cały 2005 r. i 2006 r. do powoda przychodziła rehabilitantka w ramach pomocy z <xAnon>(...)</xAnon> W okresie od 5 października do 5 listopada 2007 r. powód przebywał na Oddziale<xAnon>(...)</xAnon> Samodzielnego Publicznego <xAnon>(...)</xAnon> w <xAnon>Z.</xAnon>. Nie został wyrobiony automatyzm pęcherzowy, wobec czego powód był cewnikowany, co pogarszało i utrudniało proces rehabilitacji. W wyniku zastosowanej rehabilitacji udało się uzyskać poprawę w zakresie użyteczności kończyny górnej lewej, zaadoptowano powoda do wózka inwalidzkiego. Powód był w stanie samodzielnie spożywać posiłki, myć twarz, zęby, czesać włosy i golić się, potrzebował pomocy przy ubieraniu się i rozbieraniu. Nie był w stanie zachować równowagi w pozycji siedzącej, przemieszczać się z wózka i na wózek, korzystać z toalety, umyć całego ciała, kontrolować moczu. W 2008 r. powód był w <xAnon>S.</xAnon> na obozie dla osób niepełnosprawnych z urazami kręgosłupa. W okresie od 1 do 24 października 2008 r. powód przebywał na Oddziale <xAnon>(...)</xAnon> w <xAnon>S.</xAnon>, gdzie zastosowano ćwiczenia ogólnousprawniające, krioterapię, prądy, masaż ręczny kręgosłupa. W 2011 r. powód przez sześć tygodni był na turnusie rehabilitacyjnym.</xText>
          <xText>W okresie pierwszych siedmiu dni po wypadku utrzymywały się ostre dolegliwości bólowe, które następnie przeszły w przewlekłe dolegliwości bólowe utrzymujące się do chwili obecnej. Ze względu na stan powód przez okres pierwszego roku po powrocie do domu potrzebował stałej pomocy drugiej osoby włącznie z czynnościami związanymi z higieną osobistą w wymiarze około 16 godzin na dobę, od czasu kiedy powód nabył umiejętność poruszania się na wózku inwalidzkim uzyskał większą samodzielność i konieczna pomoc obejmowała 6-8 godzin na dobę. W okresie od 17 listopada do 31 grudnia 2005r. powód miał przyznane bezpłatne specjalistyczne usługi opiekuńcze. W 2005 r. koszt jednej godziny opieki wynosił 7,52 zł brutto, w 2006 r. 10,05 zł brutto, w 2007 r. 8,24 zł brutto, w 2008 r. 11,36 zł brutto, w 2009 r. 10,39 zł brutto, w 2010 r. 9,63 zł brutto, a w 2011 r. 9,51 zł brutto.</xText>
          <xText>Orzeczeniem z dnia 28 lutego 2006 r. powód został uznany za całkowicie niezdolnego do pracy w gospodarstwie rolnym, samodzielnej egzystencji. Orzeczeniem <xAnon> (...)</xAnon> do Spraw Orzekania o Niepełnosprawności w <xAnon>C.</xAnon> z dnia 18 kwietnia 2007 r. zmieniającym orzeczeniem z dnia 8 lutego 2007 r. powód został zaliczony do znacznego stopnia niepełnosprawności, która ma charakter stały i stanowi konsekwencję wypadku.</xText>
          <xText>W chwili wypadku powód miał 40 lat. Pozostawał w związku małżeńskim z <xAnon>H. S.</xAnon>, z którą ma czwórkę małoletnich dzieci. Z wykształcenia jest stolarzem. Pracował dorywczo na budowach, dorabiał jako stolarz. Jego żona od chwili urodzenia pierwszego dziecka nie pracowała – zajmowała się domem i dziećmi. W okresie poprzedzającym wypadek powód nie pracował. Jego rodzina w 2004 r. i 2005 r. korzystała ze świadczeń opieki społecznej. Mieszkali w 2-izbowym drewnianym domu bez centralnego ogrzewania, kanalizacji i bieżącej wody.</xText>
          <xText>Aktualnie powód porusza się na wózku inwalidzkim. Z uwagi na brak uścisku ręki ma trudności z przygotowaniem posiłku, upraniem, umyciem, itp. Pomaga mu żona. Rodzina utrzymuje się z renty powoda – 890 zł, wynagrodzenia żony powoda – 290 zł, świadczeń rodzinnych – 650 zł, dodatku mieszkaniowego – 117 zł.</xText>
          <xText>Powód zmienił się po wypadku - stał się apatyczny, płakał, potrafi leżeć nie odzywać się i nic nie jeść. Małżonkowie nie współżyją od wypadku. Powód leczy się na depresję, zażywa leki. Aktualnie uczestniczy w warsztatach terapii zajęciowej, gdzie jest również rehabilitowany – 3 razy w tygodniu w godzinach od 9:00 do 14:00. Powód nie korzysta z płatnej rehabilitacji.</xText>
          <xText>Powód ma stwierdzony niewielki niedowład w kończynach górnych – oraz spastyczne porażenie kończyn dolnych i zaburzenia moczowe, co w znacznym stopniu ogranicza funkcjonowanie. Rokowania co do przyszłości są niekorzystne – ze względu na długi okres utrzymywania się porażeń i niedowładów oraz przykurczy w stawach kończyn dolnych, mało realne jest wyzdrowienie i odzyskanie pełnej sprawności – powód nie będzie mógł samodzielnie chodzić, nie można wykluczyć eskalacji dolegliwości bólowych i pojawianie się dalszych niekorzystnych następstw wypadku. Konieczna jest stała rehabilitacja, jej brak będzie pogarszał neurologiczny stan powoda. Najwłaściwsza byłaby rehabilitacja w warunkach domowych – codzienne ćwiczenia kończyn górnych i dolnych wraz z ćwiczeniami ogólnousprawniającymi, które mogłyby być prowadzone przez członków rodziny po odpowiednim przeszkoleniu. Konieczna jest dalsza profilaktyka przeciwodleżynowa. Wskazana jest dieta wysokobiałkowa. Wypadek nie miał wpływu na wyższe czynności nerwowe powoda, takie jak pamięć, koncentracja uwagi. Ze względu na sprawność kończyn górnych powód nie musi stale znajdować się pod opieką osób trzecich, potrzebuje pomocy np. przy przesiadaniu się z wózka, kąpieli – wymiar tej pomocy wynosi 6 godzin i tyle też będzie wynosił w przyszłości. Pęcherz neurogenny, zewnętrzne zacewnikowanie, nie kontrolowanie zwieraczy, zaburzenia perystaltyki jelit pogarszają funkcjonowanie powoda. Jedyną możliwością podjęcia przez powoda pracy jest jej wykonywanie w zmniejszonym wymiarze godzin na specjalnie przystosowanym do tego stanowisku pracy. Trwały uszczerbek na zdrowiu powoda z przyczyn neurologicznych wynosi 100 %, trwały. Aktualny stan zdrowia powoda Sąd Okręgowy ustalił przede wszystkim w oparciu o wydane w sprawie opinie biegłych sądowych lekarzy.</xText>
          <xText>Celem ustalenia przyczyn i przebiegu wypadku z dnia 26 czerwca 2005 r., możliwości uniknięcia przez kierowcę pojazdu marki <xAnon>T.</xAnon> wypadku dopuszczony został dowodów z opinii biegłego z zakresu rekonstrukcji wypadków.</xText>
          <xText>Sąd Okręgowy wskazał, że roszczenia powoda należało rozpatrywać na podstawie <xLexLink xArt="art. 435" xIsapId="WDU19640160093" xTitle="Ustawa z dnia 23 kwietnia 1964 r. - Kodeks cywilny" xAddress="Dz. U. z 1964 r. Nr 16, poz. 93">art. 435 k.c.</xLexLink> w związku z <xLexLink xArt="art. 436;art. 436 § 1" xIsapId="WDU19640160093" xTitle="Ustawa z dnia 23 kwietnia 1964 r. - Kodeks cywilny" xAddress="Dz. U. z 1964 r. Nr 16, poz. 93">art. 436 § 1 k.c.</xLexLink><xLexLink xArt="art. 436" xIsapId="WDU19640160093" xTitle="Ustawa z dnia 23 kwietnia 1964 r. - Kodeks cywilny" xAddress="Dz. U. z 1964 r. Nr 16, poz. 93">Art. 436 k.c.</xLexLink> w związku z <xLexLink xArt="art. 435" xIsapId="WDU19640160093" xTitle="Ustawa z dnia 23 kwietnia 1964 r. - Kodeks cywilny" xAddress="Dz. U. z 1964 r. Nr 16, poz. 93">art. 435 k.c.</xLexLink> obciąża obowiązkiem naprawienia szkody na zasadzie ryzyka posiadacza pojazdu, który może zwolnić się z odpowiedzialności wyłącznie przez wykazanie okoliczności egzoneracyjnej, spośród określonych w <xLexLink xArt="art. 435" xIsapId="WDU19640160093" xTitle="Ustawa z dnia 23 kwietnia 1964 r. - Kodeks cywilny" xAddress="Dz. U. z 1964 r. Nr 16, poz. 93">art. 435 k.c.</xLexLink> Kierowca samochodu odpowiada na zasadzie ryzyka za skutki wypadku bez względu na istnienie po jego stronie winy. Sama wina poszkodowanego nie wyłącza więc odpowiedzialności posiadacza samochodu chyba, że zawinione zachowanie się poszkodowanego jest wyłączną przyczyną szkody. W każdym innym przypadku wina poszkodowanego może jedynie uzasadniać przyjęcie przyczynienia się do powstania szkody.</xText>
          <xText>Sąd I instancji podzielając opinię biegłego do spraw rekonstrukcji wypadków uznał, iż bezpośrednią przyczyną wypadku było zachowanie powoda, ale nie była to przyczyna wyłączna, również zachowanie kierowcy samochodu było nieprawidłowe i miało wpływ na przebieg i skutki wypadku. Powód swoim zachowaniem naruszył kilka zasad wynikających z <xLexLink xArt="" xIsapId="WDU19970980602" xTitle="Ustawa z dnia 20 czerwca 1997 r. - Prawo o ruchu drogowym" xAddress="Dz. U. z 1997 r. Nr 98, poz. 602">Prawa o Ruchu Drogowym</xLexLink> – poruszając się poboczem wzdłuż jezdni nie oceniając wcześniej sytuacji na drodze nagle zmienił tor ruchu i wszedł na jezdnię bezpośrednio przed jadący pojazd zmuszając go do podjęcia manewrów obronnych. Powód nie wykonał żadnego manewru obronnego. Przebywając poza terenem zabudowanym mógł korzystać z jezdni jedynie pod warunkiem, że ustąpi drogi pojazdom. Nie bez znaczenia był również stan nietrzeźwości powoda (2,2 promila) uniemożliwiający prawidłową ocenę sytuacji na drodze.</xText>
          <xText>Kierujący samochodem <xAnon>A. O.</xAnon> wykonał prawidłowe manewry obronne – zahamował i lekko odbił w lewo, mimo tego nie miał możliwości uniknięcia potrącenia powoda. Jedyny zarzut, jaki można postawić kierującemu dotyczy prędkości, z jaką poruszał się bezpośrednio przed potrąceniem powoda – w miejscu gdzie doszło do wypadku dopuszczalna prędkość administracyjna wynosiła 90 km/h, tymczasem kierowca jechał z wyższą prędkością, co przełożyło się na długość drogi hamowania, prędkość w chwili potrącenia powoda i zakres obrażeń. Uznać należy, że bezpośrednią przyczyną wypadku w dniu 26 czerwca 2005 r. było zachowanie powoda, który nagle wkroczył na jezdnię, którą poruszał się pojazd, natomiast kierowca pojazdu przyczynił się do powstania wypadku jadąc z nadmierną prędkością.</xText>
          <xText>Powyższe okoliczności, w ocenie Sądu Okręgowego, uprawniały ustalenie przyczynienia się powoda na poziomie 70 %, przy 30 % przyczynieniu <xAnon>A. O.</xAnon>. Fakt, iż postępowanie karne w sprawie wypadku drogowego, którego uczestnikiem był powód zostało umorzone nie wiązał Sądu Okręgowego, zgodnie bowiem z <xLexLink xArt="art. 11" xIsapId="WDU19640430296" xTitle="Ustawa z dnia 17 listopada 1964 r. - Kodeks postępowania cywilnego" xAddress="Dz. U. z 1964 r. Nr 43, poz. 296">art. 11 k.p.c.</xLexLink> sąd cywilny wiążą jedynie ustalenia wydanego w postępowaniu karnym prawomocnego wyroku skazującego.</xText>
          <xText>Przypisanie odpowiedzialności za wypadek drogowy z dnia 26 czerwca 2005 r. również <xAnon>A. O.</xAnon> przesądzało kwestię odpowiedzialności pozwanego, skoro kierowca pojazdu w chwili zdarzenia posiadał umowę obowiązkowego ubezpieczenia odpowiedzialności cywilnej zawartą z pozwanym (<xLexLink xArt="art. 19" xIsapId="WDU20031241152" xTitle="Ustawa z dnia 22 maja 2003 r. o ubezpieczeniach obowiązkowych, Ubezpieczeniowym Funduszu Gwarancyjnym i Polskim Biurze Ubezpieczycieli Komunikacyjnych" xAddress="Dz. U. z 2003 r. Nr 124, poz. 1152">art. 19 ustawy z dnia 22 maja 2003 r. o ubezpieczeniach obowiązkowych, Ubezpieczeniowym Funduszu Gwarancyjnym i Polskim Biurze Ubezpieczycieli Komunikacyjnych</xLexLink>, stanowi, że uprawniony do odszkodowania za szkodę powstałą w związku z ruchem pojazdu mechanicznego, za którą odpowiedzialność cywilna objęta jest ubezpieczeniem OC, może dochodzić roszczenia bezpośrednio od ubezpieczyciela).</xText>
          <xText>Zgodnie z <xLexLink xArt="art. 445;art. 445 § 1" xIsapId="WDU19640160093" xTitle="Ustawa z dnia 23 kwietnia 1964 r. - Kodeks cywilny" xAddress="Dz. U. z 1964 r. Nr 16, poz. 93">art. 445 § 1 k.c.</xLexLink> w związku z <xLexLink xArt="art. 444;art. 444 § 1" xIsapId="WDU19640160093" xTitle="Ustawa z dnia 23 kwietnia 1964 r. - Kodeks cywilny" xAddress="Dz. U. z 1964 r. Nr 16, poz. 93">art. 444 § 1 k.c.</xLexLink>, w razie uszkodzenia ciała lub wywołania rozstroju zdrowia sąd może przyznać poszkodowanemu odpowiednią sumę tytułem zadośćuczynienia pieniężnego za doznaną krzywdę. Sposób ustalania wysokości „odpowiedniej sumy” tytułem zadośćuczynienia pieniężnego znajduje wyraz w bogatym orzecznictwie Sądu Najwyższego. Przy ocenie wysokości zadośćuczynienia w przypadku uszkodzenia ciała lub rozstroju zdrowia należy uwzględniać czynniki obiektywne w postaci czasu trwania oraz stopnia intensywności cierpień fizycznych i psychicznych, nieodwracalności skutków urazu (kalectwo, oszpecenie), rodzaju wykonywanej pracy, szans na przyszłość, wieku poszkodowanego, a także czynniki subiektywne, jak poczucie nieprzydatności społecznej, bezradność życiową itp. (por. uchwałę pełnego składu Izby Cywilnej Sądu Najwyższego z dn. 8.12.1973 r., III CZP 37/73 oraz wyrok z dn. 30.01.2004 r., I CK 131/03). Nie bez znaczenia są też takie okoliczności, jak pozbawienie poszkodowanego możliwości osobistego wychowywania dzieci i zajmowania się gospodarstwem domowym lub konieczność korzystania z pomocy innych osób przy prostych czynnościach życia codziennego. Według aktualnego orzecznictwa, zasadniczym kryterium oceny wysokości zadośćuczynienia jest rozmiar krzywdy poszkodowanego. Jak wskazuje Sąd Najwyższy wysokość stopy życiowej społeczeństwa jedynie w sposób uzupełniający (w aspekcie urzeczywistniania zasady sprawiedliwości społecznej – <xLexLink xArt="art. 2" xIsapId="WDU19970780483" xTitle="Konstytucja Rzeczypospolitej Polskiej z dnia 2 kwietnia 1997 r." xAddress="Dz. U. z 1997 r. Nr 78, poz. 483">art. 2 Konstytucji RP</xLexLink>) może rzutować na wysokość zadośćuczynienia należnego poszkodowanemu za doznaną krzywdę. Kwestią zasadniczą jest rozmiar szkody niemajątkowej. Powołanie się przez sąd na zasadę umiarkowanej wysokości zadośćuczynienia przy ustalaniu zadośćuczynienia pieniężnego za doznaną krzywdę nie może bowiem podważać kompensacyjnej funkcji zadośćuczynienia (por. wyroki SN: z dn. 29.10.1997 r., II CKN 416/97, z dn. 19.05.1998 r. II CKN 764/97, z dn. 18.11.1998 r., II CKN 353/98, z dn. 29.10.1999 r., I CKN 173/98, z dn. 12.10.2000 r., IV CKN 128/00, z dn. 11.01.2001 r., IV CKN 214/00, z dn. 12.09.2002 r., IV CKN 1266/00, z dn. 11.10.2002 r., I CKN 1065/00, z dn. 10.02.2004 r., IV CK 355/02, z dn. 27.02.2004 r., V CK 282/03, z dn. 28.06.2005 r., I CK 7/05, z dn. 10.03.2006 r., IV CSK 80/05, z dn. 20.04.2006 r., IV CSK 99/05). Zadośćuczynienie z <xLexLink xArt="art. 445;art. 445 § 1" xIsapId="WDU19640160093" xTitle="Ustawa z dnia 23 kwietnia 1964 r. - Kodeks cywilny" xAddress="Dz. U. z 1964 r. Nr 16, poz. 93">art. 445 § 1 k.c.</xLexLink> pełni funkcję kompensacyjną, przyznana suma pieniężna ma stanowić przybliżony ekwiwalent poniesionej szkody niemajątkowej. Powinna wynagrodzić doznane cierpienia fizyczne i psychiczne oraz ułatwić przezwyciężenie ujemnych przeżyć, aby w ten przynajmniej sposób częściowo przywrócona została równowaga zachwiana na skutek popełnienia czynu niedozwolonego. Nie można zapominać, że zdrowie ludzkie jest dobrem o szczególnie wysokiej wartości, w związku z czym zadośćuczynienie z tytułu uszczerbku na zdrowiu powinno być odpowiednio wysokie. Wysokość zadośćuczynienia odpowiadająca doznanej krzywdzie powinna być odczuwalna dla poszkodowanego i przynosić mu równowagę emocjonalną, naruszoną przez doznane cierpienia psychiczne (por. wyrok SN z dn. 14.02.2008 r., II CSK 536/07). Niedający się ściśle wymierzyć charakter krzywdy sprawia, że ustalenie jej rozmiaru, a tym samym i wysokości zadośćuczynienia, zależy od oceny sądu. Ocena ta powinna opierać się na całokształcie okoliczności sprawy, nie wyłączając takich czynników, jak np. wiek poszkodowanego. Przy ustalaniu rozmiaru doznanych cierpień powinny być uwzględniane zobiektywizowane kryteria oceny, odniesione do indywidualnych okoliczności danego wypadku (por. uzasadnienie wyroku SN z dn. 9.11.2007 r., V CSK 245/2007). Konfrontacja danego przypadku z innymi może dać jedynie orientacyjne wskazówki, co do poziomu odpowiedniego zadośćuczynienia. W razie uszkodzeń ciała pierwszorzędne znaczenie muszą mieć orzeczenia lekarskie co do charakteru doznanych obrażeń, ich rodzaju i czasu leczenia. Zadośćuczynienie powinno uwzględniać nie tylko krzywdę istniejącą w chwili orzekania, ale również taką, którą poszkodowany będzie w przyszłości na pewno odczuwać oraz krzywdę dającą się z dużym prawdopodobieństwem przewidzieć (por. uzasadnienie wyroku SN z dn. 10.03.2006 r., IV CSK 80/05, OSNC 2006/10/175). Uwzględniając powyższe, Sąd Okręgowy zważył, że poszkodowany doznał niewątpliwie poważnych uszkodzeń ciała, które wiązały się z ogromnymi dolegliwościami bólowymi i długotrwałym leczeniem, a które to leczenie, mimo, że zostało zakończone, nie przyniosło oczekiwanych efektów – powód nie odzyskał sprawności w kończynach dolnych, sprawność kończyn górnych również jest ograniczona. Skutki wypadku w tym zakresie mają charakter trwały – nikłe są szanse, aby powód mógł w przyszłości poruszać się w inny sposób niż na wózku inwalidzkim, rokowania są niepewne – konieczna jest stała rehabilitacja, gdyż jej zaprzestanie, może pogorszyć stan powoda. Stałe dolegliwości bólowe ustąpiły miejsca okresowym dolegliwością bólowym.</xText>
          <xText>Powód potrzebował i będzie jeszcze potrzebował pomocy osób trzecich ze względu na stan narządów ruchu, co zapewne jest szczególnie dotkliwie w odniesieniu do załatwiania potrzeb fizjologicznych. Wypadek był punktem zwrotnym w życiu powoda, który trwale utracił zdolność chodzenia, cierpi na depresję, uzależniony jest od pomocy osób trzecich, niepewność rokowań ma wpływ na jego niewysoką motywację do poprawy swojej sytuacji. Wypadek spowodował nieodwracalny uszczerbek na zdrowiu (100 % z przyczyn ortopedycznych i 100 % z przyczyn neurologicznych). Rozstrzygając o wysokości zadośćuczynienia, Sąd Okręgowy wziął także pod uwagę, że zadośćuczynienie obejmuje cierpienia zarówno już doznane, jak i te, które zapewne wystąpią w przyszłości (dolegliwości bólowe, wzrok nie ulegnie poprawie). Zatem poszkodowanemu należy się stosunkowo wysokie zadośćuczynienie. W ocenie Sądu Okręgowego właściwą w danych okolicznościach kwotą będzie 200.000 zł. Kwotę te należało jednak obniżyć o procent przyczynienia się.</xText>
          <xText>Wprawdzie przyczynienie się poszkodowanego do powstania szkody choć jest warunkiem zastosowania <xLexLink xArt="art. 362" xIsapId="WDU19640160093" xTitle="Ustawa z dnia 23 kwietnia 1964 r. - Kodeks cywilny" xAddress="Dz. U. z 1964 r. Nr 16, poz. 93">art. 362 k.c.</xLexLink>, to nie przesądza automatycznie ani o obniżeniu odszkodowania w ogóle, ani o stopniu jego obniżenia. Zmniejszenie odszkodowania następuje stosownie do okoliczności i winno być zindywidualizowane, uwzględniać stopień winy obu stron (por. wyrok SN z dn. 29.10.2008 r., IV CSK 243/08, LEX nr 590267). Mając na uwadze wagę uchybienia poszkodowanego, Sąd I instancji uznał, iż zasadne będzie zmniejszenie należnego powodowi zadośćuczynienia o 70 %. Powód wprawiając się w stan nietrzeźwości nie powinien decydować się na korzystanie z dróg publicznych. Kierujący pojazdem nie jest bowiem w stanie zatrzymać samochodu „w miejscu”, kierowca nie musi się spodziewać, że nagle pieszy zachowa się nieprawidłowo. W konsekwencji należne powodowi zadośćuczynienie po uwzględnieniu 70 % przyczynienie się powoda wynosi kwotę 60 000 zł.</xText>
          <xText>Sąd Okręgowy orzekając o odsetkach oparł się na orzeczeniu Sąd Najwyższego wydanym w sprawie II CSK 635/10, z którego wynika, że odszkodowanie jest skonkretyzowane, co do wysokości dopiero z momentem wyrokowania – gdyż dopiero na podstawie całości materiału dowodowego zgromadzonego w sprawie można ustalić wysokość należnego zadośćuczynienia, dlatego właśnie od tej chwili można mówić o ewentualnym opóźnieniu dłużnika, umożliwiającym zasądzenie odsetek.</xText>
          <xText>Odnośnie roszczenia o zwrot kosztów opieki za okres od chwili wypadku do 31 stycznia 2009 r. Sąd Okręgowy odwołał się do opinii biegłego <xAnon>(...)</xAnon>, z której wynika ze kluczowym momentem odnośnie konieczności i zakresu pomocy dla powoda było zdobycie przez niego umiejętności poruszania się na wózku inwalidzkim - do listopada 2007 r. powód potrzebował pomocy w wymiarze 16 godzin na dobę, a od listopada 2007 r. wystarczająca była pomoc w zakresie 6 godzin na dobę. Ustalając wysokość należnego odszkodowania z tytułu kosztów opieki osób trzecich Sąd I instancji wziął pod uwagę rozmiar i czas trwania tej opieki oraz obowiązujące w przedmiotowym okresie stawki wynagrodzenia za świadczenie usług opiekuńczych. Za 2005 r. powodowi należy się kwota 5.294,08 zł, za 2006 r. kwota 51.295,20 zł, za 2007 r. kwota 38.101,76 zł, za 2008 r. kwota 23.242,56 zł, a za styczeń 2009 r. kwota 1.932,54 zł. Łącznie koszt opieki osób trzecich w okresie od wypadku do 31 stycznia 2009 r. wyniósł 119.866,14 zł, co przy uwzględnieniu 70 % przyczynienia się powoda do wypadku skutkowało przyznaniem mu kwoty 35.959,84 zł.</xText>
          <xText>Na podstawie <xLexLink xArt="art. 444;art. 444 § 2" xIsapId="WDU19640160093" xTitle="Ustawa z dnia 23 kwietnia 1964 r. - Kodeks cywilny" xAddress="Dz. U. z 1964 r. Nr 16, poz. 93">art. 444 § 2 k.c.</xLexLink> Sąd Okręgowy uwzględnił częściowo żądanie renty na zwiększone potrzeby. Powód wskazał, iż jego potrzeby zwiększyły się z uwagi na konieczność korzystania z pomocy osób trzecich, stosowania diety wysokobiałkowej. Powód nie wskazał innych potrzeb, które powstały lub zwiększyły się w wyniku wypadku z dnia 26 czerwca 2005 r. Zwiększone potrzeby powoda w powyższym zakresie nie budzą wątpliwości, w ocenie Sądu Okręgowego znajdują potwierdzenie w opiniach biegłych – którzy zgodnie wskazują, że powód wymaga i nadal będzie wymagał opieki w rozmiarze około 6 godzin na dobę oraz stosowania specjalnej diety. Koszty specjalnej diety Sąd Okręgowy wyliczył odwołując się do <xLexLink xArt="art. 322" xIsapId="WDU19640430296" xTitle="Ustawa z dnia 17 listopada 1964 r. - Kodeks postępowania cywilnego" xAddress="Dz. U. z 1964 r. Nr 43, poz. 296">art. 322 k.p.c.</xLexLink> i przyjął kwotę 200 zł miesięcznie. Do renty wyrównawczej na zwiększone potrzeby nie należało wliczać kosztów ewentualnej rehabilitacji. Z zebranego materiału dowodowego wynika, że ewentualne rehabilitacje, które są zalecane odbywać się mogą w ramach uspołecznionej służby zdrowia oraz w domu bezpośrednio przez powoda z pomocą osób trzecich. W ten sposób renta na zwiększone potrzeby z tytułu sprawowanej opieki i kosztów dodatkowego odżywiania przedstawia się będzie następująco:</xText>
          <xUnit xIsTitle="false" xType="none">
            <xName xSffx=")">1</xName>
            <xText>w 2009 – 20.821,56 zł koszty opieki i 2.400 zł – dieta;</xText>
          </xUnit>
          <xUnit xIsTitle="false" xType="none">
            <xName xSffx=")">2</xName>
            <xText>w 2010 – 21.089,70 zł koszty opieki i 2.400 zł – dieta;</xText>
          </xUnit>
          <xUnit xIsTitle="false" xType="none">
            <xName xSffx=")">3</xName>
            <xText>w 2011 – 20.826,90 zł koszty opieki i 2400 zł – dieta;</xText>
          </xUnit>
          <xUnit xIsTitle="false" xType="none">
            <xName xSffx=")">4</xName>
            <xText>renta na przyszłość w tej samej wysokości.</xText>
          </xUnit>
          <xText>W pozostałej części roszczenia należało oddalić. Orzekając o kosztach postępowania Sąd Okręgowy uwzględnił wynik sprawy oraz treść <xLexLink xArt="art. 98" xIsapId="WDU19640430296" xTitle="Ustawa z dnia 17 listopada 1964 r. - Kodeks postępowania cywilnego" xAddress="Dz. U. z 1964 r. Nr 43, poz. 296">art. 98 k.p.c.</xLexLink> i <xLexLink xArt="art. 100" xIsapId="WDU19640430296" xTitle="Ustawa z dnia 17 listopada 1964 r. - Kodeks postępowania cywilnego" xAddress="Dz. U. z 1964 r. Nr 43, poz. 296">art. 100 k.p.c.</xLexLink></xText>
          <xText>Powyższy wyrok został zaskarżony przez powoda w części oddalającej powództwo o zadośćuczynienie oraz o odsetki od zadośćuczynienia, a także w zakresie kosztów postępowania. Powód zarzucił:</xText>
          <xUnit xIsTitle="false" xType="none">
            <xName xSffx=")">1</xName>
            <xText>naruszenie prawa materialnego, tj. art. 481 w zw. z <xLexLink xArt="art. 476;art. 455" xIsapId="WDU19640160093" xTitle="Ustawa z dnia 23 kwietnia 1964 r. - Kodeks cywilny" xAddress="Dz. U. z 1964 r. Nr 16, poz. 93">art. 476 i art. 455 k.c.</xLexLink> oraz <xLexLink xArt="art. 359" xIsapId="WDU19640160093" xTitle="Ustawa z dnia 23 kwietnia 1964 r. - Kodeks cywilny" xAddress="Dz. U. z 1964 r. Nr 16, poz. 93">art. 359 k.c.</xLexLink>, co spowodowało oddalenie roszczenia o zapłatę odsetek ustawowych od zadośćuczynienia od daty wymagalności roszczenia wskazanej w pozwie,</xText>
          </xUnit>
          <xUnit xIsTitle="false" xType="none">
            <xName xSffx=")">2</xName>
            <xText>naruszenie <xLexLink xArt="art. 445;art. 445 § 1" xIsapId="WDU19640160093" xTitle="Ustawa z dnia 23 kwietnia 1964 r. - Kodeks cywilny" xAddress="Dz. U. z 1964 r. Nr 16, poz. 93">art. 445 § 1 k.c.</xLexLink> przez rażące zaniżenie wysokości zadośćuczynienia, przez co straciło ono swój charakter kompensacyjny i walor odpowiedniości do doznanej krzywdy.</xText>
          </xUnit>
          <xText>Powód wniósł o zmianę zaskarżonego wyroku w pkt 1 przez zasądzenie w miejsce kwoty 60.000 kwoty 165.000 z ustawowymi odsetkami od dnia doręczenia pozwu oraz o zasądzenie kosztów postępowania za obie instancje.</xText>
          <xText>W odpowiedzi pozwany wniósł o oddalenie apelacji oraz zasądzenie kosztów postępowania apelacyjnego.</xText>
          <xText>
            <xBx>Sąd Apelacyjny zważył, co następuje:</xBx>
          </xText>
          <xText>Apelacja zasługuje na częściowe uwzględnienie. Stan faktyczny sprawy, na obecnym etapie postępowania, pozostaje poza sporem stron, tj. zakres i trwałość skutków wypadku komunikacyjnego, któremu powód uległ w dniu 26 czerwca 2005 r. oraz stopień przyczynienia się powoda do powstania szkody (70%). Strony pozostają w sporze co do wysokości odpowiedniej sumy zasądzonej zaskarżonym wyrokiem z tytułu zadośćuczynienia oraz określenia daty, w której ubezpieczyciel opóźnił się ze spełnieniem świadczenia z tego tytułu. Zarzuty sformułowane w apelacji powoda odnoszące się do wymienionych kwestii są uzasadnione.</xText>
          <xText>Sąd Apelacyjny uznaje za trafne ogólne rozważania Sądu Okręgowego dotyczące zasad ustalania zadośćuczynienia pieniężnego za doznaną krzywdę na podstawie <xLexLink xArt="art. 445;art. 445 § 1" xIsapId="WDU19640160093" xTitle="Ustawa z dnia 23 kwietnia 1964 r. - Kodeks cywilny" xAddress="Dz. U. z 1964 r. Nr 16, poz. 93">art. 445 § 1 k.c.</xLexLink>, co jednak nie uchroniło tego Sądu od błędnej subsumcji prawidłowo ustalonego stanu faktycznego pod ww normę. Dodać jedynie należy, że zadośćuczynienie, zgodnie z <xLexLink xArt="art. 445;art. 445 § 1" xIsapId="WDU19640160093" xTitle="Ustawa z dnia 23 kwietnia 1964 r. - Kodeks cywilny" xAddress="Dz. U. z 1964 r. Nr 16, poz. 93">art. 445 § 1 k.c.</xLexLink>, przyznawane jest poszkodowanemu jako odpowiednia suma, stanowiąca odpłatę za doznaną krzywdę, jego celem jest wyłącznie złagodzenie doznanej krzywdy. Ustalenie wysokości zadośćuczynienia wymaga uwzględnienia wieku poszkodowanego, stopnia cierpień fizycznych i psychicznych, ich intensywności i czasu trwania, nieodwracalności następstw uszkodzenia ciała lub wywołania rozstroju zdrowia, rodzaju wykonywanej pracy, szans na przyszłość, poczucia nieprzydatności społecznej, bezradności życiowej oraz innych podobnych czynników. O rozmiarze należnego zadośćuczynienia decyduje rozmiar krzywdy, zadośćuczynienie ma bowiem na celu naprawienie szkody niemajątkowej, wyrażającej się doznaną krzywdą w postaci cierpień fizycznych i psychicznych. Zadośćuczynienie pełni funkcję kompensacyjną, przyznana suma pieniężna ma stanowić przybliżony ekwiwalent poniesionej szkody niemajątkowej. Powinna zatem wynagrodzić doznane cierpienia fizyczne i psychiczne oraz ułatwić przezwyciężenie ujemnych przeżyć, aby w ten sposób przynajmniej częściowo przywrócona została równowaga zachwiana na skutek popełnienia czynu niedozwolonego. Ze względu na kompensacyjny charakter zadośćuczynienia jego wysokość musi przedstawiać odczuwalną wartość ekonomiczną. Podzielić również należy pogląd, że zdrowie czy integralność cielesna są dobrami szczególnie cennymi, a przyjmowanie niskich kwot zadośćuczynienia w przypadkach ciężkich uszkodzeń ciała prowadzi do niepożądanej deprecjacji tego dobra (por. wyrok SN z dn. 16.07.1997 r., II CKN 273/97, wyrok SN z dn. 13.12.2007 r., I CSK 384/07). Czynnikiem znacząco wpływającym na wysokość zadośćuczynienia, jak już wyżej wskazano, jest wiek poszkodowanego. Według Sądu Najwyższego „intensywność cierpień z powodu kalectwa jest większa u człowieka młodego, skazanego na rezygnację z radości życia, jaką daje zdrowie, możność pracy i osobistego rozwoju” (por. wyrok SN z dn. 12.09.2002 r., sygn. IV CKN 1266/00).</xText>
          <xText>W konsekwencji ustalenie wysokości zadośćuczynienia wymaga rozważenia wszystkich wymienionych okoliczności istotnych dla określenia rozmiaru doznanej krzywdy i odnosząc powyższe do realiów sprawy, uprawnionym jest wniosek, że ustalona przez Sąd Okręgowy wysokość zadośćuczynienia za doznaną przez powoda krzywdę w wyniku wypadku z dnia 26 czerwca 2005 r., nie jest odpowiednia. Oceniając rozmiar doznanej przez skarżącego krzywdy należy podkreślić stopień cierpień fizycznych i psychicznych, ich intensywność, czas trwania, nieodwracalność następstw uszkodzenia ciała (trwałe kalectwo) oraz konsekwencje wypadku we wszystkich sferach życia powoda, który w dacie zdarzenia miał 40 lat. Wskutek doznanych w wypadku obrażeń powód został poddany poważnym operacjom, długotrwałym pobytom w szpitalach i innych placówkach, konieczna była i jest nadal rehabilitacja, u powoda w dalszym ciągu utrzymują się dolegliwości bólowe, a przede wszystkim stwierdzono u niego nieodwracalne spastyczne porażenie kończyn dolnych uniemożliwiające samodzielne poruszanie się (wyłącznie na wózku inwalidzkim), niewielki niedowład w kończynach górnych oraz zaburzenia moczowe (konieczność używania cewnika i pampersów). Powód po wypadku całkowicie zmienił styl życia, z człowieka aktywnego - ojca i męża, stał się osobą zamkniętą w sobie i w domu, na stałe uzależnioną od pomocy osób trzecich. Wszystkie wyżej wymienione okoliczności - co nie budzi rozsądnych wątpliwości – są następstwami wypadku. Sąd Apelacyjny pragnie w szczególności podkreślić ograniczenia w każdej z możliwych sfer życia człowieka, jakim podlega i już zawsze będzie podlegał powód, cierpienia fizyczne oraz psychiczne, które powód odczuwał i nadal będzie odczuwać. Dlatego też, w ocenie Sądu II instancji, w realiach sprawy kwotą wypełniającą kompensacyjny charakter zadośćuczynienia, tj. odpowiednią do rozmiaru doznanej przez powoda krzywdy jest 350.000 zł, a po uwzględnieniu 70% przyczynienia się powoda do powstania szkody, zadośćuczynienie należne skarżącemu wynosi 105.000 zł.</xText>
          <xText>Ponadto jeśli chodzi o kwotę zasądzanego zadośćuczynienia, to zgodnie z utrwalonym orzecznictwem ocena, jaka kwota winna być zasądzona na rzecz poszkodowanego, pozostawiona została sędziowskiemu uznaniu i korygowanie przez sąd II instancji wysokości zasądzonego zadośćuczynienia jest uzasadnione, jeżeli w okolicznościach sprawy jest rażąco wygórowana lub rażąco niska (por. wyrok SN z dn. 07.01.2000 r., sygn. II CKN 651/98; wyrok SN z dn. 15.09.1999 r., sygn. III CKN 339/98, OSNC 2000/3/58). Zdaniem Sądu Apelacyjnego zasądzona na rzecz powoda zaskarżonym wyrokiem kwota 60.000 zł była rażąco niska z przyczyn, które wyżej zostały wskazane.</xText>
          <xText>Słuszny jest również zarzut naruszenia <xLexLink xArt="art. 481;art. 481 § 1" xIsapId="WDU19640160093" xTitle="Ustawa z dnia 23 kwietnia 1964 r. - Kodeks cywilny" xAddress="Dz. U. z 1964 r. Nr 16, poz. 93">art. 481 § 1 k.c.</xLexLink> oraz <xLexLink xArt="art. 455" xIsapId="WDU19640160093" xTitle="Ustawa z dnia 23 kwietnia 1964 r. - Kodeks cywilny" xAddress="Dz. U. z 1964 r. Nr 16, poz. 93">art. 455 k.c.</xLexLink> Należy zaznaczyć, że przewidziana w <xLexLink xArt="art. 445;art. 445 § 1;art. 448" xIsapId="WDU19640160093" xTitle="Ustawa z dnia 23 kwietnia 1964 r. - Kodeks cywilny" xAddress="Dz. U. z 1964 r. Nr 16, poz. 93">art. 445 § 1 i art. 448 k.c.</xLexLink> możliwości przyznania przez sąd odpowiedniej sumy tytułem zadośćuczynienia za krzywdę nie zakłada dowolności ocen sądu, a jest jedynie konsekwencją niewymiernego w pełni charakteru okoliczności decydujących o doznaniu krzywdy i jej rozmiarze. Wyrok zasądzający zadośćuczynienie nie ma więc charakteru konstytutywnego, lecz deklaratywny (por. wyroki SN: z dn. 30.01.2004 r., I CK 131/03, OSNC 2005/2/40; z dn. 17.11.2006 r., V CSK 266/06, LEX nr 276339; z dn. 26.11.2009 r., III CSK 62/09, LEX nr 738354 i z dn. 18.02.2010 r., II CSK 434/09). Jeżeli więc powód żąda od pozwanego zapłaty określonej kwoty tytułem zadośćuczynienia z odsetkami ustawowymi za opóźnienie od danego dnia, poprzedzającego dzień wyrokowania, odsetki te powinny być zasądzone zgodnie z żądaniem pozwu, o ile tylko w toku postępowania zostanie wykazane, że dochodzona suma rzeczywiście się powodowi należała tytułem zadośćuczynienia od wskazanego przez niego dnia (por. wyrok SN z dn.18.02.2011 r., I CSK 243/10, LEX nr 848109).</xText>
          <xText>Dokonane w rozpoznawanej sprawie i przedstawione wyżej ustalenia oraz oceny wskazują na to, że krzywda doznana przez powoda w rozmiarze odpowiadającym zadośćuczynieniu w kwocie 350.000 zł (105.000 zł po uwzględnieniu przyczynienia) istniała już w dacie wniesienia niniejszego pozwu. Wówczas znany był zakres obrażeń doznanych przez powoda i można był ocenić rozmiar doznanej przez niego krzywdy. Odwołując się zatem do zasady, że zadośćuczynienie za krzywdę staje się wymagalne po wezwaniu ubezpieczyciela przez poszkodowanego do spełnienia świadczenia odszkodowawczego (<xLexLink xArt="art. 455;art. 455 § 1" xIsapId="WDU19640160093" xTitle="Ustawa z dnia 23 kwietnia 1964 r. - Kodeks cywilny" xAddress="Dz. U. z 1964 r. Nr 16, poz. 93">art. 455 § 1 k.c.</xLexLink>), od tej chwili biegnie termin odsetek za opóźnienie (<xLexLink xArt="art. 481;art. 481 § 1" xIsapId="WDU19640160093" xTitle="Ustawa z dnia 23 kwietnia 1964 r. - Kodeks cywilny" xAddress="Dz. U. z 1964 r. Nr 16, poz. 93">art. 481 § 1 k.c.</xLexLink>). Tym samym żądanie zasądzenia odsetek ustawowych zgłoszone w pozwie (tj. od daty doręczenia stronie pozwanej odpisu pozwu – 31.03.2009, k.102) było uzasadnione, z niewielką jedynie 14-dniową korektą daty początkowej, wynikającą z faktu, że dłużnik powinien mieć czas na podjęcie czynności niezbędnych do realizacji świadczenia.</xText>
          <xText>Z tych przyczyn Sąd Apelacyjny na podstawie <xLexLink xArt="art. 386;art. 386 § 1" xIsapId="WDU19640430296" xTitle="Ustawa z dnia 17 listopada 1964 r. - Kodeks postępowania cywilnego" xAddress="Dz. U. z 1964 r. Nr 43, poz. 296">art. 386 § 1 k.p.c.</xLexLink> i <xLexLink xArt="art. 385" xIsapId="WDU19640430296" xTitle="Ustawa z dnia 17 listopada 1964 r. - Kodeks postępowania cywilnego" xAddress="Dz. U. z 1964 r. Nr 43, poz. 296">art. 385 k.p.c.</xLexLink> orzekł jak w sentencji. O kosztach postępowania odwoławczego między stronami postanowiono stosownie do treści <xLexLink xArt="art. 100" xIsapId="WDU19640430296" xTitle="Ustawa z dnia 17 listopada 1964 r. - Kodeks postępowania cywilnego" xAddress="Dz. U. z 1964 r. Nr 43, poz. 296">art. 100 k.p.c.</xLexLink></xText>
        </xUnit>
      </xBlock>
    </xPart>
  </judgement>
<judgement id="154500000001521_III_AUa_000775_2012_Uz_2012-10-18_001">
    <xPart xEditorFullName="Mirosława Młynarczyk" xYear="2012" xLang="PL" xPublisherFullName="Mirosława Młynarczyk" xFromPg="1" xEditor="mmlynarc" xVolType="15/450000/0001521/AUa" xPublisher="mmlynarc" xDocType="Uz" xVolNmbr="000775" xVersion="1.0" xToPage="2" xFlag="published">
      <xName>Wyrok+Uzasadnienie</xName>
      <xBlock>
        <xText>
          <xBx>Sygn. akt III AUa 775/12</xBx>
        </xText>
        <xUnit xIsTitle="true" xBold="true" xType="part">
          <xName>WYROK</xName>
          <xTitle>W IMIENIU RZECZYPOSPOLITEJ POLSKIEJ</xTitle>
          <xText xALIGNx="right">
            <xBx>Dnia 18 października 2012 r. </xBx>
          </xText>
          
          <xText>
            <xBx>Sąd Apelacyjny w Warszawie III Wydział Pracy i Ubezpieczeń Społecznych w składzie: </xBx>
          </xText>
          <xText>
            <xBx>Przewodniczący - Sędzia: SA Ewa Jankowska
    </xBx>
          </xText>
          <xText>
            <xBx>Sędziowie:    SA Magdalena Kostro-Wesołowska</xBx>
          </xText>
          <xText>
            <xBx>   SA Małgorzata Micorek-Wagner (spr.)</xBx>
          </xText>
          <xText>
            <xBx>Protokolant: st.sekr.sądowy Aneta Wąsowicz</xBx>
          </xText>
          <xText>
            <xBx>po rozpoznaniu w dniu 18 października 2012 r. w Warszawie</xBx>
          </xText>
          <xText>
            <xBx>sprawy <xAnon>A. B.</xAnon></xBx>
          </xText>
          <xText>
            <xBx>przeciwko Zakładowi Ubezpieczeń Społecznych III Oddział </xBx>
          </xText>
          <xText>
            <xBx>w <xAnon>W.</xAnon></xBx>
          </xText>
          <xText>
            <xBx>o podleganie ubezpieczeniom społecznym z tytułu prowadzenia pozarolniczej działalności gospodarczej</xBx>
          </xText>
          <xText>
            <xBx>na skutek apelacji <xAnon>A. B.</xAnon></xBx>
          </xText>
          <xText>
            <xBx>od wyroku Sądu Okręgowego w Warszawie XIV Wydział Ubezpieczeń Społecznych </xBx>
          </xText>
          <xText>
            <xBx>z dnia 2 grudnia 2011 r.   sygn. akt XIV U 1863/10   </xBx>
          </xText>
          <xUnit xIsTitle="false" xType="none">
            <xName xSffx=".">I</xName>
            <xText>
              <xBx>uchyla zaskarżony wyrok oraz poprzedzającą go decyzję Zakładu Ubezpieczeń Społecznych III Oddział w <xAnon>W.</xAnon> z dnia 2 września 2010 r.<xAnon>(...)</xAnon> i przekazuje sprawę temu organowi rentowemu do ponownego rozpoznania; </xBx>
            </xText>
          </xUnit>
          <xUnit xIsTitle="false" xType="none">
            <xName xSffx=".">II</xName>
            <xText>
              <xBx>zasądza od Zakładu Ubezpieczeń Społecznych III Oddział <xBRx/>w <xAnon>W.</xAnon> na rzecz <xAnon>A. B.</xAnon> 30 (trzydzieści) złotych tytułem zwrotu kosztów procesu. </xBx>
            </xText>
          </xUnit>
          
          <xText>
            <xBx>/-/ <xAnon>E. J.</xAnon></xBx>
          </xText>
          <xText>
            <xBx>/-/ <xAnon>M. W. (1)</xAnon></xBx>
          </xText>
          <xText>
            <xBx>/-/ <xAnon>M. W. (2)</xAnon></xBx>
          </xText>
          
          <xText>
            <xBx>Sygn. akt III AUa 775/12</xBx>
          </xText>
        </xUnit>
        <xUnit xIsTitle="true" xBold="true" xType="part">
          <xName>UZASADNIENIE</xName>
          <xText>Wyrokiem z dnia 2 grudnia 2011 roku Sąd Okręgowy - Sąd Ubezpieczeń Społecznych w Warszawie oddalił odwołanie <xAnon>A. B.</xAnon> od decyzji Zakładu Ubezpieczeń Społecznych III Oddział w <xAnon>W.</xAnon> z dnia 2 września 2010 r.</xText>
          <xText>W uzasadnieniu tego orzeczenia Sąd Okręgowy podał, co następuje:</xText>
          <xText><xAnon>A. B.</xAnon> odwołała się od decyzji ZUS z dnia 2 września 2010 r. o niepodleganiu ubezpieczeniom społecznym z tytułu prowadzenia pozarolniczej działalności gospodarczej wskazując, że zaskarżona decyzja jest niezgodna z prawem, a w szczególności z <xLexLink xArt="art. 6;art. 6 ust. 1;art. 6 ust. 1 pkt. 5;art. 11;art. 11 ust. 2;art. 12;art. 12 ust. 1" xIsapId="WDU19981370887" xTitle="Ustawa z dnia 13 października 1998 r. o systemie ubezpieczeń społecznych" xAddress="Dz. U. z 1998 r. Nr 137, poz. 887">art. 6 ust. 1 pkt 5, art. 11 ust. 2 i art. 12 ust. 1 ustawy z dnia 13 października 1998 r. o systemie ubezpieczeń społecznych</xLexLink> (Dz. U. z 2009 r. Nr 205, poz. 1585 ze zm.). W ocenie odwołującej powinna ona podlegać ubezpieczeniom społecznym z racji prowadzonej działalności gospodarczej. Do ubezpieczenia została bowiem zgłoszona z dniem 1 maja 2010 r., z zadeklarowaną podstawą wymiaru składek w kwocie 8.109 zł i od tego dnia prowadziła działalność gospodarczą wpisaną do ewidencji, a <xAnon>w dniu (...) urodziła</xAnon> dziecko. W ocenie odwołującej stanowisko ZUS odmawiające jej podlegania ubezpieczeniom społecznym, jak i zasiłku macierzyńskiego jest niesłuszne, bowiem dotychczas w żaden sposób nie zostało zakwestionowane wykonywanie przez nią działalności gospodarczej.</xText>
          <xText>W odpowiedzi na odwołanie organ rentowy wniósł o jego oddalenie podnosząc, że zaskarżona decyzja jest zgodna z prawem, w szczególności z <xLexLink xArt="art. 6;art. 6 ust. 1;art. 6 ust. 1 pkt. 5;art. 11;art. 11 ust. 2;art. 12;art. 12 ust. 1" xIsapId="WDU19981370887" xTitle="Ustawa z dnia 13 października 1998 r. o systemie ubezpieczeń społecznych" xAddress="Dz. U. z 1998 r. Nr 137, poz. 887">art. 6 ust. 1 pkt 5, art. 11 ust. 2 i art. 12 ust. 1 ustawy z dnia 13 października 1998 r. o systemie ubezpieczeń społecznych</xLexLink>. W ocenie organu rentowego, odwołująca się nie miała na celu podjęcia działalności gospodarczej, a jedynie uzyskanie wysokich świadczeń z ubezpieczenia społecznego, o czym świadczą okoliczności sprawy: w szczególności krótki odstęp czasowy pomiędzy datą zarejestrowania działalności a porodem, krótki okres podlegania ubezpieczeniu przypadający w 2009 r.</xText>
          <xText>Sąd Okręgowy ustalił następujący stan faktyczny:</xText>
          <xText>W dniu 2 września 2010 r. ZUS III Oddział w <xAnon>W.</xAnon> wydał decyzję, stwierdzającą, że <xAnon>A. B.</xAnon> nie podlega od dnia 1 maja 2010 r. ubezpieczeniom społecznym z tytułu prowadzonej działalności gospodarczej.</xText>
          <xText>Odwołująca się, z wykształcenia psycholog, ma obecnie 32 lata, ukończyła kursy zawodowe z zakresu psychoterapii i zamierzała otworzyć gabinet psychoterapeutyczny. We wrześniu 2009 r. dowiedziała się, że jest w ciąży; była zdrowa i mogła podjąć pracę. W maju 2010 r. opracowała biznes plan przy pomocy swego małżonka, dysponowała wówczas z mężem 60 metrowym mieszkaniem. W dniu 1 maja 2010 r. dokonała zgłoszenia do ZUS, jako osoba prowadząca działalność gospodarczą, deklarując jako podstawę wymiaru składek kwotę 8.109 zł, przy czym kwota ta nie miała żadnego przełożenia na rzeczywiste dochody odwołującej się z tytułu wzmiankowanej wyżej działalności. W tym samym miesiącu odwołując się urodziła dziecko. Odwołująca się została wpisana do ewidencji działalności gospodarczej w dniu 30 kwietnia 2010 r. Jako przedmiot działalności wskazano: niesklasyfikowaną gdzie indziej działalność w zakresie opieki zdrowotnej, działalność wspomagającą edukację, pozaszkolne formy edukacji niesklasyfikowane gdzie indziej, badanie rynku i opinii publicznej, sprzedaż detaliczna prowadzona przez domy sprzedaży wysyłkowej i Internet, pozostałe doradztwo w zakresie prowadzenia działalności gospodarczej i zarządzania oraz pozostała pomoc społeczna gdzie indziej niesklasyfikowana. W dniu 30 kwietnia 2010 r. odwołująca się otworzyła rachunek w <xAnon> (...) Bank SA</xAnon>. W dniu 12 października 2010 r. wynajęła natomiast pomieszczenie biurowe o pow. 10 m<xSUPx>2</xSUPx>. Nie uzyskała żadnego zlecenia. Na prośbę jej małżonka - <xAnon>R. W.</xAnon> wystawił natomiast fakturę za „konsultacje statystyczne" na kwotę 1500 zł.</xText>
          <xText>Odwołująca się przedstawiła fakturę wystawioną przez <xAnon>R. W.</xAnon>, na kwotę 1500 zł za „konsultacje statystyczne”, mającą potwierdzić, że <xAnon>R. W.</xAnon>, będący kolegą z pracy jej małżonka, zlecił jej opracowanie materiałów dotyczących „analizy materiałów ilościowych napojów” - przy czym świadek (<xAnon>R. W.</xAnon> - przypis Sądu Apelacyjnego, z uzasadnienia Sądu I instancji nie wynika jasno, o kogo chodzi) miał uczynić to na propozycję małżonka odwołującej się, bez głębszej wiedzy na temat jej przygotowania zawodowego, w praktyce było to streszczenie materiałów potrzebnych świadkowi.</xText>
          <xText>W ocenie Sądu Okręgowego, materiał dowodowy zebrany w sprawie nie budzi wątpliwości. Kluczowa okoliczność, polegająca na stwierdzeniu, iż odwołująca się faktycznie rozpoczęła działalność gospodarczą, nie w maju 2010 r., a w roku 2011, wynika, w jego ocenie, wprost z przedstawionej dokumentacji, faktur oraz umowy najmu lokalu. W okresie do wydania zaskarżonej decyzji odwołująca się udowadniała przy tym wykonanie tylko jednej pracy, na zlecenie kolegi męża, co jednak nie decyduje, w ocenie Sądu Okręgowego, o prowadzeniu działalności w formie gabinetu psychoterapeutycznego, jakkolwiek mieści się w klasyfikacji wskazanej w działalności. Zdaniem Sądu I instancji, w świetle zasad doświadczenia życiowego, to jedno zlecenie, uzyskane od znajomego męża, nie stanowi dowodu na wskazaną wyżej okoliczność; miało ono charakter wyjątkowy i mogło być uzyskane wyłącznie w celu późniejszego dowodzenia prawa do świadczeń z ZUS. Zeznania świadka <xAnon>R. W.</xAnon> w tej części były przy tym, zdaniem Sądu Okręgowego, mało przekonujące i niespójne z wyjaśnieniami samej odwołującej się. Sąd Okręgowy ponadto wskazał, iż odwołująca się przyznała, że wskazana przez nią kwota podstawy wymiaru składek miała charakter dowolny, oderwany od rzeczywistych dochodów, natomiast wynajęcie lokalu na działalność nastąpiło w okresie późniejszym, podobnie jak pozyskiwanie zleceń, na co odwołująca przedstawiła faktury, przy czym faktury przedstawione za okres późniejszy (k.90-k.102) nie mają wpływu na powyższe ustalenie, bowiem potwierdzają wyłącznie prowadzenie działalności w okresie późniejszym, niż zaskarżona decyzja. Również umowa z bankiem dotycząca prowadzenia rachunku, zdaniem tego Sądu, nie przemawia w żaden sposób za stwierdzeniem, że odwołująca się, w maju 2010 r., prowadziła działalność gospodarczą, podobnie dowodu takiego nie stanowił biznes plan opracowany przez małżonka odwołującej się.</xText>
          <xText>W tak ustalonym stanie faktycznym Sąd I instancji zważył, że odwołanie jest niezasadne, gdyż zaskarżona nim decyzja jest prawidłowa.</xText>
          <xText>W uzasadnieniu tego rozstrzygnięcia Sąd Okręgowy podniósł, że wprawdzie Sąd Najwyższy w uchwale z dnia 21 kwietnia 2010 r. (OSNP 2010/21-22/267) stwierdził jednoznacznie, że „Zakład Ubezpieczeń Społecznych nie jest uprawniony do kwestionowania kwoty zadeklarowanej przez osobę prowadzącą pozarolniczą działalność jako podstawy wymiaru składek na ubezpieczenia społeczne, jeżeli mieści się ona w granicach określonych <xLexLink xArt="" xIsapId="WDU19981370887" xTitle="Ustawa z dnia 13 października 1998 r. o systemie ubezpieczeń społecznych" xAddress="Dz. U. z 1998 r. Nr 137, poz. 887">ustawą z dnia 13 października 1998 r. o systemie ubezpieczeń społecznych</xLexLink> (jednolity tekst: Dz.U. z 2009 r. Nr 205, poz. 1585 ze zm.)”, jednakże podzielając powyższy pogląd stwierdza, iż w uzasadnieniu cytowanej uchwały zaakcentowano, iż zastosowanie tak sformułowanego poglądu prawnego może mieć miejsce jedynie w sytuacji, gdy faktyczne prowadzenie działalności gospodarczej nie budzi wątpliwości. Na gruncie niniejszej sprawy zostało jednak wykazane, że odwołująca się, w okresie do wydania zaskarżonej decyzji, nie prowadziła faktycznie działalności gospodarczej. Tym samym do odwołującej się nie miał zastosowania przepis <xLexLink xArt="art. 6;art. 6 ust. 1;art. 6 ust. 1 pkt. 5" xIsapId="WDU19981370887" xTitle="Ustawa z dnia 13 października 1998 r. o systemie ubezpieczeń społecznych" xAddress="Dz. U. z 1998 r. Nr 137, poz. 887">art. 6 ust. 1 pkt 5 ustawy z dnia 13 października 1998 r. o systemie ubezpieczeń społecznych</xLexLink>, zgodnie z którym, obowiązkowo ubezpieczeniom emerytalnemu i rentowym podlegają osoby prowadzące pozarolniczą działalność oraz osoby z nimi współpracujące. Z powyższych względów zaskarżona decyzja odpowiadała prawu, a odwołanie podlegało oddaleniu na podstawie <xLexLink xArt="art. 477(14);art. 477(14) § 1" xIsapId="WDU19640430296" xTitle="Ustawa z dnia 17 listopada 1964 r. - Kodeks postępowania cywilnego" xAddress="Dz. U. z 1964 r. Nr 43, poz. 296">art. 477 <xSUPx>14</xSUPx> § 1 k.p.c.</xLexLink></xText>
          <xText>Powyższy wyrok został zaskarżony w całości apelacją <xAnon>A. B.</xAnon>, w której zarzuciła ona temu orzeczeniu:</xText>
          <xText>I. naruszenie przepisów postępowania mające wpływ na wynik i rozstrzygnięcie sprawy, tj.:</xText>
          <xText>- naruszenie <xLexLink xArt="art. 233" xIsapId="WDU19640430296" xTitle="Ustawa z dnia 17 listopada 1964 r. - Kodeks postępowania cywilnego" xAddress="Dz. U. z 1964 r. Nr 43, poz. 296">art. 233 k.p.c.</xLexLink>, polegające na przekroczeniu granic swobodnej oceny dowodów oraz dokonaniu ustaleń faktycznych, nie znajdujących oparcia w zebranym materiale dowodowym, w szczególności na dokonaniu ustalenia faktycznego, zgodnie z którym, powódka rzekomo nie prowadziła działalności gospodarczej w maju 2010 roku, jak również poczynieniu tych ustaleń faktycznych w sposób sprzeczny z przepisami regulującym postępowanie dowodowe, w szczególności poprzez:</xText>
          <xText>- bezpodstawne uznanie, jakoby pomiędzy wyjaśnieniami powódki, a zeznaniami świadka <xAnon>R. W.</xAnon> zachodził niespójność w zakresie określenia treści i charakteru usług świadczonych przez powódkę w sytuacji, gdy w istocie wyjaśnienia powódki oraz zeznania świadka były zgodne i brak było pomiędzy nimi jakiejkolwiek sprzeczności;</xText>
          <xText>- naruszenie <xLexLink xArt="art. 278;art. 278 § 1" xIsapId="WDU19640430296" xTitle="Ustawa z dnia 17 listopada 1964 r. - Kodeks postępowania cywilnego" xAddress="Dz. U. z 1964 r. Nr 43, poz. 296">art. 278 § 1 k.p.c.</xLexLink>, polegające na samodzielnym rozstrzygnięciu kwestii wymagających wiadomości specjalnych i w rezultacie bezpodstawnym przyjęciu, jakoby usługa określona jako „konsultacja statystyczna” nie mogła obejmować czynności polegających na streszczeniu pewnych materiałów;</xText>
          <xText>- naruszenie <xLexLink xArt="art. 231" xIsapId="WDU19640430296" xTitle="Ustawa z dnia 17 listopada 1964 r. - Kodeks postępowania cywilnego" xAddress="Dz. U. z 1964 r. Nr 43, poz. 296">art. 231 k.p.c.</xLexLink> polegającym na bezpodstawnym przyjęciu,</xText>
          <xText>jakoby powódka nie prowadziła działalności gospodarczej w maju 2010</xText>
          <xText>roku pomimo nie obalenia przeciwnego w tym zakresie domniemania faktycznego wynikającego z wpisu powódki do ewidencji działalności gospodarczej oraz braku jakichkolwiek dowodów przemawiających przeciwko temu domniemaniu;</xText>
          <xText>- naruszenie <xLexLink xArt="art. 227" xIsapId="WDU19640430296" xTitle="Ustawa z dnia 17 listopada 1964 r. - Kodeks postępowania cywilnego" xAddress="Dz. U. z 1964 r. Nr 43, poz. 296">art. 227 i nast.</xLexLink> w związku z <xLexLink xArt="art. 468;art. 468 § 1" xIsapId="WDU19640430296" xTitle="Ustawa z dnia 17 listopada 1964 r. - Kodeks postępowania cywilnego" xAddress="Dz. U. z 1964 r. Nr 43, poz. 296">art. 468 § 1 k.p.c.</xLexLink> poprzez oparcie ustaleń na wyjaśnieniach powódki składanych w ramach przesłuchania informacyjnego, w tym szczególności wyjaśnień złożonych w tym trybie przez powódkę w zakresie treści i charakteru usługi zrealizowanej przez powódkę w maju 2010 roku;</xText>
          <xText>- naruszenie <xLexLink xArt="art. 328;art. 328 § 2" xIsapId="WDU19640430296" xTitle="Ustawa z dnia 17 listopada 1964 r. - Kodeks postępowania cywilnego" xAddress="Dz. U. z 1964 r. Nr 43, poz. 296">art. 328 § 2 k.p.c.</xLexLink> polegające na braku jednoznacznego określenia w uzasadnieniu wyroku, czy kluczowa dla rozstrzygnięcia sprawy okoliczność uzyskania i zrealizowana przez powódkę zlecenia od <xAnon>R. W.</xAnon> została uznana za udowodnioną;</xText>
          <xText>II. naruszenie przepisów prawa materialnego, tj.:</xText>
          <xText>- naruszenie <xLexLink xArt="art. 18;art. 18 ust. 8;art. 20;art. 20 ust. 3" xIsapId="WDU19981370887" xTitle="Ustawa z dnia 13 października 1998 r. o systemie ubezpieczeń społecznych" xAddress="Dz. U. z 1998 r. Nr 137, poz. 887">art. 18 ust. 8 oraz art. 20 ust. 3 ustawy z dnia 13 października 1998 roku o systemie ubezpieczeń społecznych</xLexLink> poprzez zakwestionowanie kwoty zadeklarowanej przez powódkę <xAnon>A. B.</xAnon> jako podstawy wymiaru składek na ubezpieczenie społeczne pomimo, że zadeklarowana kwota mieściła się w ustawowych granicach;</xText>
          <xText>- naruszenie <xLexLink xArt="art. 6;art. 6 ust. 1;art. 6 ust. 1 pkt. 5;art. 11;art. 11 ust. 2;art. 12;art. 12 ust. 1" xIsapId="WDU19981370887" xTitle="Ustawa z dnia 13 października 1998 r. o systemie ubezpieczeń społecznych" xAddress="Dz. U. z 1998 r. Nr 137, poz. 887">art. 6 ust. 1 pkt 5, art. 11 ust. 2 oraz art. 12 ust. 1 ustawy z dnia 13 października 1998 roku o systemie ubezpieczeń społecznych</xLexLink>, zgodnie z którymi osoby prowadzące pozarolniczą działalność podlegają obowiązkowo ubezpieczeniom emerytalnemu, rentowemu jak i wypadkowemu, natomiast ubezpieczeniu chorobowemu na zasadzie dobrowolności, które to naruszenie polegało na błędnym uznaniu, że powódka nie podlega ubezpieczeniom społecznym pomimo prowadzenia przez powódkę pozarolniczej działalności gospodarczej.</xText>
          <xText>Wskazując na powyższe zarzuty, apelująca wniosła o:</xText>
          <xText>zmianę zaskarżonego wyroku w całości i orzeczenie, że <xAnon>A. B.</xAnon> podlega ubezpieczeniom społecznym od 1 maja 2010 roku z tytułu prowadzonej działalności gospodarczej i zasądzenie od organu rentowego na jej rzecz kosztów procesu za obie instancje.</xText>
          <xText>
            <xBx> Sąd Apelacyjny Sąd Pracy i Ubezpieczeń Społecznych w Warszawie zważył, co następuje.</xBx>
          </xText>
          <xText><xBx> Apelacja odwołującej się podlega uwzględnieniu, jako zmierzająca do uchylenia zaskarżonego nią wyroku. Uchyleniu podlega jednak nie tylko wyrok Sądu I instancji, ale także poprzedzająca go decyzja organu rentowego, a sprawa ponownemu rozpoznaniu przez ten organ</xBx>, gdyż wobec swojej dotychczasowej treści decyzja Zakładu Ubezpieczeń Społecznych, zaskarżona odwołaniem <xAnon>A. B.</xAnon> nie może się ostać, jako nie poddająca się w praktyce sądowej weryfikacji jej merytorycznej prawidłowości. Organ rentowy w zaskarżonej decyzji z dnia 2 września 2010 r. stwierdził bowiem, że „ odwołująca się od 1 maja 2010 r. nie podlega ubezpieczeniom społecznym z tytułu prowadzenia pozarolniczej działalności gospodarczej”, a jednocześnie w uzasadnieniu tej decyzji (po odnotowaniu szeregu faktów dotyczących zarejestrowania i prowadzenia przez odwołującą się działalności gospodarczej, urodzenia dziecka i kwestii podlegania przez nią ostatnio, przed zarejestrowaniem działalności gospodarczej, ubezpieczeniom społecznym) organ rentowy, w konkluzji tego uzasadnienia stwierdził, iż: „ w ocenie Zakładu Ubezpieczeń Społecznych Inspektoratu w <xAnon>P.</xAnon> zgłoszenie <xAnon> firmy i (...)</xAnon> - <xAnon>B.</xAnon> z tak wysoką podstawą do ubezpieczeń miało na celu uzyskanie wysokich świadczeń z ubezpieczenia społecznego o czym może świadczyć bardzo krótki okres podlegania przed zajściem zdarzenia rodzącego uprawnienie do świadczeń z ubezpieczenia społecznego, co można uznać za sprzeczne z zasadami współżycia społecznego. W przedstawionym stanie prawnym i faktycznym orzeczono jak w decyzji, tj. wyłączono z ubezpieczeń społecznych Panią <xAnon>A. B.</xAnon> z tytułu zgłoszenia działalności gospodarczej” (zachowano pisownię oryginału, w tym braki w zakresie interpunkcji – przypis Sądu Apelacyjnego). Nie jest zatem wiadome, dlaczego organ rentowy podjął decyzję o „wyłączeniu” odwołującej się z ubezpieczeń społecznych, skoro w uzasadnieniu tej decyzji podał, że to wskazanie przez skarżącą wysokiej kwoty, jako podstawy do ubezpieczeń, miało na celu uzyskania wysokich świadczeń z ubezpieczenia społecznego. Sąd I instancji samodzielnie dopatrzył się zatem w uzasadnieniu decyzji organu rentowego treści w nim nie istniejących przyjmując, że decyzja ta została wydana, wobec zgłoszenia przez odwołującą się pozornej działalności gospodarczej, której w istocie odwołująca się nie prowadziła. Organ rentowy nie wyraził w zaskarżonej decyzji w wystarczającym stopniu swojego stanowiska w zakresie objętym zaskarżoną decyzją, gdyż w uzasadnieniu tej decyzji wcale nie zarzucił fikcyjności tytułu ubezpieczenia skarżącej, zawierając w nim swoistą relację z przebiegu zdarzeń, zakończoną niejasną, wyżej opisaną konkluzją. Z konkluzji tej zdaje się wynikać, że Zakład Ubezpieczeń Społecznych stwierdził jedynie, że zadeklarowana przez odwołującą się podstawa wymiaru składek na ubezpieczenia społeczne pozostaje w kolizji z zasadami współżycia społecznego, co nie pozostaje w logicznym związku przyczynowo – skutkowym z treścią osnowy zaskarżonej decyzji, w której stwierdzono, że odwołująca się nie podlega od 1 maja 2010 r. ubezpieczeniom społecznym z tytułu prowadzenia pozarolniczej działalności gospodarczej.</xText>
          <xText>Zgodnie z systemem orzekania w sprawach z zakresu ubezpieczeń społecznych, w postępowaniu wywołanym odwołaniem do sądu pracy i ubezpieczeń społecznych Sąd rozstrzyga o prawidłowości zaskarżonej decyzji (<xLexLink xArt="art. 477(14);art. 477(14) § 2;art. 477" xIsapId="WDU19640430296" xTitle="Ustawa z dnia 17 listopada 1964 r. - Kodeks postępowania cywilnego" xAddress="Dz. U. z 1964 r. Nr 43, poz. 296">art. 477<xSUPx>14</xSUPx> § 2 i art. 477</xLexLink><xSUPx>14a</xSUPx><xLexLink xArt="" xIsapId="WDU19640430296" xTitle="Ustawa z dnia 17 listopada 1964 r. - Kodeks postępowania cywilnego" xAddress="Dz. U. z 1964 r. Nr 43, poz. 296">k.p.c.</xLexLink>) w granicach jej treści i przedmiotu (porówn. np. wyrok Sądu Najwyższego z dnia 23 kwietnia 2010 r., II UK 309/09, LEX nr 604210). Z przyczyn wyżej opisanych nie sposób jednak obecnie stwierdzić, jakie przesłanki faktyczne i prawne legły u podstaw wydania przez organ rentowy zaskarżonej decyzji.</xText>
          <xText>
            <xBx> Mając na uwadze wszystkie wyżej opisane okoliczności faktyczne i argumenty prawne Sąd Apelacyjny, z mocy <xLexLink xArt="art. 477" xIsapId="WDU19640430296" xTitle="Ustawa z dnia 17 listopada 1964 r. - Kodeks postępowania cywilnego" xAddress="Dz. U. z 1964 r. Nr 43, poz. 296">art. 477</xLexLink><xSUPx>14a </xSUPx><xLexLink xArt="" xIsapId="WDU19640430296" xTitle="Ustawa z dnia 17 listopada 1964 r. - Kodeks postępowania cywilnego" xAddress="Dz. U. z 1964 r. Nr 43, poz. 296">k.p.c.</xLexLink> orzekł, jak w punkcie I sentencji. W punkcie II sentencji wyroku orzekł natomiast o zwrocie apelującej, na jej żądanie, kosztów procesu w instancji odwoławczej w postaci opłaty podstawowej od apelacji, zasądzając je na jej rzecz od organu rentowego, z mocy <xLexLink xArt="art. 98;art. 98 § 1;art. 98 § 2" xIsapId="WDU19640430296" xTitle="Ustawa z dnia 17 listopada 1964 r. - Kodeks postępowania cywilnego" xAddress="Dz. U. z 1964 r. Nr 43, poz. 296">art. 98 § 1 i 2 k.p.c.</xLexLink> w zw. z <xLexLink xArt="art. 391;art. 391 § 1" xIsapId="WDU19640430296" xTitle="Ustawa z dnia 17 listopada 1964 r. - Kodeks postępowania cywilnego" xAddress="Dz. U. z 1964 r. Nr 43, poz. 296">art. 391 § 1 k.p.c.</xLexLink></xBx>
          </xText>
          
          <xText>
            <xBx>Sędziowie : Przewodnicząca:</xBx>
          </xText>
          <xText>
            <xBx>
              <xAnon>M. W. (2)</xAnon>
              <xAnon>E. J.</xAnon>
            </xBx>
          </xText>
          <xText>
            <xBx>
              <xAnon>M. W. (1)</xAnon>
            </xBx>
          </xText>
        </xUnit>
      </xBlock>
    </xPart>
  </judgement>
<judgement id="154500000001521_III_AUa_001176_2010_Uz_2012-10-18_001">
    <xPart xEditorFullName="Mirosława Młynarczyk" xYear="2010" xLang="PL" xPublisherFullName="Mirosława Młynarczyk" xFromPg="1" xEditor="mmlynarc" xVolType="15/450000/0001521/AUa" xPublisher="mmlynarc" xDocType="Uz" xVolNmbr="001176" xVersion="1.0" xToPage="3" xFlag="published">
      <xName>Wyrok+Uzasadnienie</xName>
      <xBlock>
        <xText>
          <xBx>Sygn. akt III AUa 1176/10</xBx>
        </xText>
        <xUnit xIsTitle="true" xBold="true" xType="part">
          <xName>WYROK</xName>
          <xTitle>W IMIENIU RZECZYPOSPOLITEJ POLSKIEJ</xTitle>
          <xText xALIGNx="right">
            <xBx>Dnia 18 października 2012 r. </xBx>
          </xText>
          
          <xText>
            <xBx>Sąd Apelacyjny w Warszawie III Wydział Pracy i Ubezpieczeń Społecznych w składzie: </xBx>
          </xText>
          <xText>
            <xBx>Przewodniczący - Sędzia: SA Ewa Jankowska (spr.)</xBx>
          </xText>
          <xText>
            <xBx>Sędziowie:    SA Magdalena Kostro-Wesołowska</xBx>
          </xText>
          <xText>
            <xBx>   SA Małgorzata Micorek-Wagner</xBx>
          </xText>
          <xText>
            <xBx>Protokolant:   st. sekr. sądowy Aneta Wąsowicz</xBx>
          </xText>
          <xText>
            <xBx>po rozpoznaniu w dniu 18 października 2012 r. w Warszawie</xBx>
          </xText>
          <xText>
            <xBx>sprawy <xAnon>W. G.</xAnon></xBx>
          </xText>
          <xText>
            <xBx>przy udziale zainteresowanych:<xAnon>(...)</xAnon> Spółki </xBx>
          </xText>
          <xText>
            <xBx>z o.o. w <xAnon>W.</xAnon></xBx>
          </xText>
          <xText>
            <xBx>przeciwko Zakładowi Ubezpieczeń Społecznych I Oddział w <xAnon>W.</xAnon></xBx>
          </xText>
          <xText>
            <xBx>o odpowiedzialność za zaległości składkowe</xBx>
          </xText>
          <xText>
            <xBx>na skutek apelacji <xAnon>W. G.</xAnon></xBx>
          </xText>
          <xText>
            <xBx>od wyroku Sądu Okręgowego Warszawa – Praga w Warszawie </xBx>
          </xText>
          <xText>
            <xBx>VII Wydziału Pracy i Ubezpieczeń Społecznych </xBx>
          </xText>
          <xText>
            <xBx>z dnia 15 czerwca 2010 r.    sygn. akt VII U 1606/06  </xBx>
          </xText>
          <xText>
            <xBx>I. zmienia zaskarżony wyrok oraz poprzedzającą go decyzję Zakładu Ubezpieczeń Społecznych I Oddział w <xAnon>W.</xAnon> z dnia 19 sierpnia 2006 r. znak: <xAnon> (...)</xAnon> w ten sposób, że <xAnon>W. G.</xAnon> nie jest zobowiązany do uregulowania należności należnych od <xAnon>(...)</xAnon>z o.o. w <xAnon>W.</xAnon> na Fundusz Ubezpieczeń Społecznych za okres od grudnia 2000 r. do maja 2001 r. w kwocie 210.991,62 (dwieście dziesięć tysięcy dziewięćset dziewięćdziesiąt jeden 62/100) złotych;</xBx>
          </xText>
          <xText>
            <xBx>II. zasądza od Zakładu Ubezpieczeń Społecznych I Oddział w <xAnon>W.</xAnon> na rzecz <xAnon>W. G.</xAnon> kwotę 11.600 (jedenaście tysięcy sześćset) złotych tytułem zwrotu kosztów zastępstwa prawnego za obie instancje. </xBx>
          </xText>
          
          <xText>
            <xBx> (-) <xAnon>E. J.</xAnon></xBx>
          </xText>
          <xText>
            <xBx> (-) <xAnon>M. W. (1)</xAnon></xBx>
          </xText>
          <xText>
            <xBx> (-) <xAnon>M. W. (2)</xAnon></xBx>
          </xText>
          
          <xText>
            <xBx>Sygn. akt III AUa 1176/10</xBx>
          </xText>
        </xUnit>
        <xUnit xIsTitle="true" xBold="true" xType="part">
          <xName>UZASADNIENIE</xName>
          <xText>Sąd Okręgowy Warszawa – Praga w Warszawie Wydział VII Pracy i Ubezpieczeń Społecznych wyrokiem z dnia 15 czerwca 2010 r. oddalił odwołanie <xAnon>W. G.</xAnon> od decyzji Zakładu Ubezpieczeń Społecznych I Oddział w <xAnon>W.</xAnon> z dnia 19 sierpnia 2006 r. stwierdzającej, że <xAnon>W. G.</xAnon> jest zobowiązany do uregulowania należących od <xAnon>(...)</xAnon> z o.o., składek na Fundusz Ubezpieczeń Społecznych za okres od grudnia 2000 r. do maja 2001 r. – kwota główna 120.991,62 zł plus odsetki na dzień 17 sierpnia 2006 r. – 214.695 zł., jako pełniący w tym okresie funkcję Prezesa Zarządu tej Spółki.</xText>
          <xText>Sąd Okręgowy oparł swoje rozstrzygnięcie na następujących ustaleniach faktycznych:</xText>
          <xText>Odwołujący się, w okresie wskazanym w zaskarżonej decyzji pełnił funkcję prezesa Zarządu<xAnon>(...)</xAnon> sp. z o.o. w <xAnon>W.</xAnon>. Zarząd Spółki był dwuosobowy, funkcję członka Zarządu pełnił <xAnon>M. G.</xAnon>, zainteresowany w niniejszym postępowaniu. Z uwagi na powstanie zaległości w regulowaniu składek ubezpieczeniowych, organ rentowy w dniu 30 listopada 2000 r. wysłał pismo do Zarządu Spółki informujące o powstaniu zaległości, a następnie upomnienia, w dniu 4 marca 2002 r. podjęta została decyzja o wymierzeniu opłaty dodatkowej. Wszczęta egzekucja zakończyła się postanowieniem komornika sądowego Rewiru <xBRx/>XX przy Sądzie Rejonowym dla m. st. Warszawy z dnia 21 czerwca 2004 r. o umorzeniu postępowania z uwagi na bezskuteczność egzekucji. Kolejne postanowienie o umorzeniu postępowania egzekucyjnego zostało wydane w dniu 9 października 2006 r. przez Naczelnika Urzędu Skarbowego <xAnon>W.</xAnon> – <xAnon>W.</xAnon> działającego na podstawie <xLexLink xArt="art. 59;art. 59 § 3" xIsapId="WDU19660240151" xTitle="Ustawa z dnia 17 czerwca 1966 r. o postępowaniu egzekucyjnym w administracji" xAddress="Dz. U. z 1966 r. Nr 24, poz. 151">art. 59 § 3</xLexLink> w zw. z <xLexLink xArt="art. 59;art. 59 § 2" xIsapId="WDU19660240151" xTitle="Ustawa z dnia 17 czerwca 1966 r. o postępowaniu egzekucyjnym w administracji" xAddress="Dz. U. z 1966 r. Nr 24, poz. 151">art. 59 § 2 ustawy z dnia 17 czerwca 1966 r. o postępowaniu egzekucyjnym w administracji</xLexLink> (tj. Dz. U. 2005 nr 229, poz. 1954 ze zm.). W dniu 22 września 2000 r. odbyło się walne zgromadzenie wspólników Spółki, na którym podjęta została uchwała o przyjęciu i zatwierdzeniu sprawozdania finansowego spółki za rok obrotowy 1999/2000, z którego wynika strata w wysokości 403.686,71 zł. a zatem w badanym okresie spółka była w złej kondycji finansowej. Okoliczność tę potwierdzają pisma odwołującego się kierowane do jedynego wspólnika <xAnon>(...)</xAnon>sp. z o.o. w piśmie z dnia <xBRx/>27 października 1999 r. wskazuje on na wykazane bilansem na dzień <xBRx/>30 września 1999 r., straty przewyższające sumę kapitałów zapasowych, rezerwowych i połowę kapitału zakładowego. W kolejnym piśmie z dnia <xBRx/>23 stycznia 2001 r. informuje o wyniku finansowym za okres od <xBRx/>1 października do 31 grudnia 200 r. zamykającym stratę przekraczającą <xBRx/>50 % kapitału zakładowego i wskazuje na potrzebę zwołania nadzwyczajnego walnego zgromadzenia.</xText>
          <xText>Sąd Okręgowy, w oparciu o przedstawione wyżej ustalenia faktyczne, dokonał oceny zasadności odwołania <xAnon>W. G.</xAnon> od decyzji organu rentowego z dnia 19 sierpnia 2006 r. stwierdzającej jego odpowiedzialność za zobowiązania składkowe Spółki powstałe w okresie od grudnia 2000 r. do maja 2001 r.</xText>
          <xText>Sąd Okręgowy wskazał, iż na podstawie <xLexLink xArt="art. 31" xIsapId="WDU19981370887" xTitle="Ustawa z dnia 13 października 1998 r. o systemie ubezpieczeń społecznych" xAddress="Dz. U. z 1998 r. Nr 137, poz. 887">art. 31 ustawy z dnia <xBRx/>13 października 1998 r. o systemie ubezpieczeń społecznych</xLexLink> (tj. Dz. U. 2009 Nr 205, poz. 1585 ze zm.) do należności z tytułu składek stosuje się odpowiednio, m.in. <xLexLink xArt="art. 116;art. 116 § 1;art. 116 § 2" xIsapId="WDU19971370926" xTitle="Ustawa z dnia 29 sierpnia 1997 r. - Ordynacja podatkowa" xAddress="Dz. U. z 1997 r. Nr 137, poz. 926">art. 116 § 1 i 2 ustawy z dnia 29 sierpnia 1997 r. – Ordynacja podatkowa</xLexLink> (Dz. U. Nr 137, poz. 926 ze zm.). W oparciu o wskazaną regulację członkowie zarządu spółki ponoszą odpowiedzialność za zaległości z tytułu składek na ubezpieczenie społeczne całym swoim majątkiem, jeżeli egzekucja z majątku spółki okazała się w całości lub w części bezskuteczna. Odpowiedzialność dotyczy zaległości powstałych w okresie pełnienia obowiązków członka zarządu. Członek zarządu może się do tej odpowiedzialności zwolnić, jeżeli wykaże, że we właściwym czasie zgłoszony został wniosek o ogłoszenie upadłości lub zostało wszczęte postępowanie zapobiegające upadłości (postępowanie układowe), albo wykaże że niezgłoszenie wyżej wskazanych wniosków nastąpiło bez jego winy, bądź wskaże mienie spółki, z którego egzekucja umożliwi zaspokojenie zaległości podatkowych spółki w znacznej części.</xText>
          <xText>Zgodnie z zasadą ciężaru dowodu organ rentowy winien udowodnić, iż dana osoba pełniła funkcję członka Zarządu w okresie powstania zaległości oraz, że prowadzona przez ten organ egzekucja okazała się bezskuteczna. Natomiast członek Zarządu, w sprawie niniejszej, odwołujący się winien udowodnić okoliczności uwalniające go od odpowiedzialności.</xText>
          <xText>W ocenie Sądu Okręgowego, bezspornym jest, że w okresie objętym zaskarżoną decyzją <xAnon>W. G.</xAnon> pełnił funkcję Prezesa zarządu Spółki.</xText>
          <xText>Z akt sprawy wynika, że Spółka nie posiadała majątku, do którego mogłaby być skierowana egzekucja. Odwołujący się nie wskazał majątku spółki, który umożliwiałby prowadzenie skutecznej egzekucji. Sąd Okręgowy zwraca uwagę, ze organ rentowy już w dniu 4 marca 2002 r. skierował do kont bankowych Spółki tytuły wykonawcze oraz zawiadomienia o zajęciu prawa majątkowego w celu przeprowadzenia egzekucji z tych kont. Z informacji Banku wynikało, iż na rachunku spółki nie ma środków finansowych, a zajęcie dokonane zostało także na rzecz Naczelnika Urzędu Skarbowego. Z uwagi na zbieg egzekucji Sąd Rejonowy dla m. st. Warszawy I Wydział Cywilny wyznaczył do łącznego prowadzenia postępowania egzekucyjnego Komornika Sądowego <xAnon>(...)</xAnon>, który postanowieniem z dnia 21 czerwca 2004 r. umorzył postępowanie egzekucyjne, wobec stwierdzenia bezskuteczności egzekucji. Egzekucja okazała się bezskuteczna ze względu na brak siedziby Spółki i majątku.</xText>
          <xText>W świetle tych ustaleń, w ocenie Sądu Okręgowego, spełniona została przesłanka w postaci bezskuteczności egzekucji. Natomiast odwołujący się nie udowodnił ustawowych przesłanek zwalniających go od odpowiedzialności za zaległości składkowe. Nie tylko, że nie złożył we właściwym czasie wniosku o ogłoszenie upadłości, ale w ogóle takiego wniosku nie złożył. Nie wykazał również, aby niedokonanie tej czynności nastąpiło bez jego winy. Przeciwnie posiadał pełną wiedzę o złej kondycji spółki. Twierdzenie odwołującego się, iż ze względu na posiadaną licencję na wyrób środków specjalnych i ewentualne wysokie zyski z takiej działalności wspólnik nie godził się na zakończenie działalności przez spółkę oraz deklarowane obietnice tegoż wspólnika o umorzeniu zadłużenia powstałego z nieuregulowanych opłat za wynajem lokalu (siedziby Spółki) nie mogą być argumentami uzasadniającymi uwolnienie się od odpowiedzialności za zobowiązania składkowe. To na członku Zarządu spółki, a nie na wspólniku ciąży odpowiedzialność za zobowiązania spółki i jakiekolwiek dyspozycje czy obietnice wspólnika nie powinny być motywem działania odwołującego się.</xText>
          <xText>Odwołujący się w toku egzekucji oraz postępowania sądowego nie wskazał mienia Spółki, z którego egzekucja umożliwiałaby zaspokojenie należności organu rentowego z tytułu zaległych składek.</xText>
          <xText>Sąd Okręgowy stwierdził, iż pogląd odwołującego się dotyczący braku podstaw prawnych odpowiedzialności byłych członków Zarządu Spółki za zobowiązania powstałe w okresie pełnienia przez nich tej funkcji jest błędny i sprzeczny z art. 116 Ordynacji podatkowej.</xText>
          <xText>Mając powyższe na uwadze Sąd Okręgowy oddalił odwołanie <xAnon>W. G.</xAnon> na podstawie <xLexLink xArt="art. 477(14);art. 477(14) § 1" xIsapId="WDU19640430296" xTitle="Ustawa z dnia 17 listopada 1964 r. - Kodeks postępowania cywilnego" xAddress="Dz. U. z 1964 r. Nr 43, poz. 296">art. 477<xSUPx>14</xSUPx> § 1 k.p.c.</xLexLink></xText>
          <xText>W apelacji od powyższego wyroku <xAnon>W. G.</xAnon> wnosi o jego zmianę poprzez uwzględnienie odwołania i zasądzenie zwrotu kosztów procesu ewentualnie o uchylenie zaskarżonego wyroku i przekazanie sprawy do ponownego rozpoznania Sądowi Okręgowemu Warszawa – Praga w Warszawie.</xText>
          <xText>Apelacja zarzuca naruszenie <xLexLink xArt="art. 233;art. 233 § 1" xIsapId="WDU19640430296" xTitle="Ustawa z dnia 17 listopada 1964 r. - Kodeks postępowania cywilnego" xAddress="Dz. U. z 1964 r. Nr 43, poz. 296">art. 233 § 1 k.p.c.</xLexLink> i <xLexLink xArt="art. 328;art. 328 § 2" xIsapId="WDU19640430296" xTitle="Ustawa z dnia 17 listopada 1964 r. - Kodeks postępowania cywilnego" xAddress="Dz. U. z 1964 r. Nr 43, poz. 296">art. 328 § 2 k.p.c.</xLexLink> z uwagi na sprzeczność istotnych ustaleń Sądu z treścią zebranego w sprawie materiału dowodowego poprzez pominięcie wyjaśnień odwołującego się; art. 122, 187 § 1 i 191 Ordynacji podatkowej z uwagi na niepodjęcie wszelkich działań w celu wyjaśnienia stanu faktycznego sprawy; art. 116 § 1 Ordynacji podatkowej z uwagi na zastosowanie do stanu faktycznego art. 116 § 4 tej ustawy wprowadzonego w życie ustawą z 12 września 2002 r. o zmianie Ordynacji podatkowej (art. 2); <xLexLink xArt="art. 824;art. 824 § 3" xIsapId="WDU19640430296" xTitle="Ustawa z dnia 17 listopada 1964 r. - Kodeks postępowania cywilnego" xAddress="Dz. U. z 1964 r. Nr 43, poz. 296">art. 824 § 3 k.p.c.</xLexLink> poprzez uznanie, że organ rentowy udowodnił bezskuteczność egzekucji.</xText>
          <xText>Apelujący argumentuje, że § 4 art. 116 ustawy – Ordynacja podatkowa nakładający obowiązek ponoszenia odpowiedzialności za zaległości podatkowe na byłych członków zarządu spółek wszedł w życie z dniem <xBRx/>1 stycznia 2003 r., odnosi się jedynie do zaległości powstałych po tym dniu.</xText>
          <xText>Zgłasza także argumenty merytoryczne dowodząc, że <xAnon>W. G.</xAnon>, jako Prezes Zarządu, prawidłowo wykonywał swoje obowiązki i podejmował intensywne działanie naprawcze. Podnosi, że przejściowe problemy z terminową zapłatą składek spółka miała już w poprzednich okresach, o czym świadczy wezwanie organu rentowego z dnia 30 listopada 2000 r., ale składki te były regulowane. Oceniając racjonalnie sytuację Spółki w okresie grudzień 2000 r. – kwiecień 2001 r., miała ona szanse rozwoju, co potwierdzają fakty w postaci rozwoju terytorialnego Spółki w latach 2001/2002 – uruchomienie oddziałów terenowych w <xAnon>T.</xAnon> i <xAnon>Ł.</xAnon>. W tym okresie nie istniały podstawy do stwierdzenia, że zaprzestanie regulowania zobowiązań przez Spółkę ma charakter trwały, a majątek tej Spółki nie wystarczy na ich zaspokojenie.</xText>
          <xText>Sąd Okręgowy błędnie ustalił, że odwołujący pełnił funkcję do maja 2001 r., bowiem zaprzestał on pełnienia tej funkcji w dniu 18 kwietnia <xBRx/>2001 r., w zatrudnieniu pozostawał do dnia 31 maja 2001 r.</xText>
          <xText>Błędne jest także ustalenie Sądu pierwszej instancji co do wykazania przez organ rentowy bezskuteczności egzekucji. Egzekucja prowadzona była wyłącznie do majątku Spółki na rachunku bankowym oraz znajdującego się w jej <xAnon> (...)</xAnon> siedzibie. Organ rentowy nie prowadził egzekucji do majątku w oddziałach Spółki w <xAnon>T.</xAnon> i <xAnon>Ł.</xAnon> mimo, że miał wiedzę o otworzeniu tych oddziałów.</xText>
          <xText>Apelacja podkreśla, iż organ rentowy nie podjął żadnych czynności skierowanych przeciwko odwołującemu się aż do sierpnia 2006 r.</xText>
          <xText>
            <xBx>Sąd Apelacyjny w Warszawie Wydział III Pracy i Ubezpieczeń Społecznych zważył, co następuje: </xBx>
          </xText>
          <xText>
            <xBx>Apelacja odwołującego się zasługuje na uwzględnienie, aczkolwiek nie wszystkie zarzuty, na których została oparta, są zasadne.</xBx>
          </xText>
          <xText>Bezzasadny jest zarzut naruszenia przez Sąd Okręgowy art. 116 Ordynacji podatkowej. Podkreślenia wymaga, iż przepis ten ma bezpośrednie zastosowanie do zaległości podatkowych rozstrzyganych na drodze postępowania administracyjnego. Organ rentowy w odpowiedzi na odwołanie wywodził, że art. 116 Ordynacji podatkowej, w brzmieniu obowiązującym do dnia 1 stycznia 2003 r., dawał podstawę do przeniesienia odpowiedzialności na byłych członków zarządu powołując się na stanowisko wyrażone przez Wojewódzki Sąd Administracyjny w <xAnon>B.</xAnon> w wyroku z dnia 4 października 2005 r. w sprawie I SA 382/05: „Zdaniem Sądu zmiana brzmienia art. 116, dokonana na podstawie ustawy z dnia <xBRx/>12 września 2002 r. o zmianie ustawy – Ordynacja podatkowa oraz o zmianie niektórych ustaw, poprzez dodanie § 4, miała jedynie za cel doprecyzowanie treści art. 116. Sąd podziela w tym zakresie stanowisko prezentowane przez organ odwoławczy, że ograniczenie odpowiedzialności tylko do aktualnych członków zarządu byłoby sprzeczne z ratio legis tego przepisu i pozwalałoby na uwolnienie się od odpowiedzialności przez zaprzestanie pełnienia funkcji członka zarządu”.</xText>
          <xText>Orzecznictwo sądów administracyjnych na podstawie zapisów art. 116 Ordynacji podatkowej przed dodaniem § 4 tego przepisu było jednolite i konsekwentne i oparte było na zapisie § 2 tego przepisu o treści:</xText>
          <xText>
            <xIx>Odpowiedzialność członków zarządu spółki określona w § 1 obejmuje zobowiązania podatkowe, które powstały o czasie pełnienia przez nich obowiązków członków zarządu spółki.</xIx>
          </xText>
          <xText>Taki zapis oznacza, że członek zarządu ponosi odpowiedzialność za zobowiązanie powstałe w czasie pełnienia przez niego funkcji w zarządzie, a jedynym ograniczeniem jego odpowiedzialności jest upływ okresu przedawnienia nieuregulowanych świadczeń. Do upływu przedawnienia organ właściwy (w stanie faktycznym sprawy – organ rentowy) może wydać decyzję o odpowiedzialności za składki; zapis ustawowy nie wymaga, aby decyzję tę wydał w okresie pełnienia przez konkretną osobę funkcji w zarządzie. <xBRx/>W istocie dopiero wprowadzenie do ustawy § 4 art. 116 spowodowało podnoszenie przez stronę zainteresowaną argumentacji prezentowanej w sprawie przez odwołującego. W ocenie Sądu Apelacyjnego, z przyczyn wyżej wskazanych jest to interpretacja niezasadna, a wprowadzenie powołanego wyżej § 4 do art. 116 ustawy – Ordynacja podatkowa nastąpiło na skutek jednolitego orzecznictwa odnoszącego się do byłych członków zarządu.</xText>
          <xText>Odniesienie się do pozostałych zarzutów apelacyjnych wymaga uzupełnienia ustaleń faktycznych.</xText>
          <xText><xAnon>(...)</xAnon> sp. z o.o. w <xAnon>W.</xAnon> w badanym okresie miała jedynego udziałowca <xAnon> Firmę (...)</xAnon> z siedzibą w <xAnon>L.</xAnon>, której pełnomocnikiem był <xAnon>J. M.</xAnon>.<xAnon>(...)</xAnon> sp. z o.o. prowadziła szczególną działalność polegającą na produkcji urządzeń medycznych na potrzeby badań laboratoryjnych; w latach 1999 – 2000 posiadała licencję na import środków specjalnych w postaci urządzeń radiotelekomunikacyjnych dla potrzeb polskich służb <xAnon>(...)</xAnon>. Kontrahenci Spółki byli wypłacalni, ale należności często były realizowane przez nich z opóźnieniem. W konsekwencji obciążenie stałe w postaci składek na ubezpieczenia społeczne regulowane były z opóźnieniem. Dotyczy to szczególnie okresu od stycznia do listopada 2000 r. Z uwagi na stwierdzoną stratę bilansową przekraczającą w ostatnim kwartale 2000 r. 50 % wartości kapitału zakładowego i zapasowego, odwołujący się <xAnon>W. G.</xAnon>, pismem z dnia 23 stycznia 2001 r. wystąpił do pełnomocnika jedynego udziałowca o podjęcie decyzji w sprawie zwołania Nadzwyczajnego Zgromadzenia Wspólników, na podstawie <xLexLink xArt="art. 233" xIsapId="WDU20000941037" xTitle="Ustawa z dnia 15 września 2000 r. - Kodeks spółek handlowych" xAddress="Dz. U. z 2000 r. Nr 94, poz. 1037">art. 233 k.s.h.</xLexLink> (ksero pisma k. 43). W dniu 18 kwietnia 2001 r. odwołujący się złożył rezygnację z funkcji Prezesa Zarządu, a jego stosunek pracy uległ rozwiązaniu z dniem 31 maja 2001 r. Nadzwyczajne Walne Zgromadzenie odbyło się 24 maja 2001 r., na którym podjęte zostały uchwały o zmianie umowy Spółki, przyjęciu tekstu jednolitego umowy Spółki oraz w przedmiocie zmian w składzie Zarządu. Uchwałą nr 3 tego Zgromadzania, <xAnon>W. G.</xAnon> został odwołany z funkcji Prezesa Zarządu, a na jego miejsce, uchwałą nr 4, został powołany <xAnon>W. K.</xAnon>.</xText>
          <xText>Zgodnie z <xLexLink xArt="art. 233;art. 233 § 1" xIsapId="WDU20000941037" xTitle="Ustawa z dnia 15 września 2000 r. - Kodeks spółek handlowych" xAddress="Dz. U. z 2000 r. Nr 94, poz. 1037">art. 233 § 1 k.s.h.</xLexLink>, jeżeli bilans sporządzony przez Zarząd wykaże stratę przewyższającą sumę kapitałów zapasowego i rezerwowych oraz połowę kapitału zakładowego, Zarząd jest obowiązany niezwłocznie zwołać zgromadzenie wspólników w celu powzięcia uchwały dotyczącej dalszego istnienia spółki.</xText>
          <xText>Rozpatrywane w niniejszej sprawie zaległości z tytułu nieuregulowania składek obejmują okres od grudnia 2000 r. Bezsporne jest, iż niezwłocznie po stwierdzeniu okoliczności wskazanych w <xLexLink xArt="art. 233;art. 233 § 1" xIsapId="WDU20000941037" xTitle="Ustawa z dnia 15 września 2000 r. - Kodeks spółek handlowych" xAddress="Dz. U. z 2000 r. Nr 94, poz. 1037">art. 233 § 1 k.s.h.</xLexLink> odwołujący zwrócił się do jedynego udziałowca sygnalizując konieczność odbycia Nadzwyczajnego Walnego Zgromadzenia. Bez uchwały Zgromadzenia zobowiązującej Zarząd do złożenia wniosku o ogłoszeniu upadłości odwołujący się nie był upoważniony do występowania z takim wnioskiem. Ze zgromadzonego w sprawie materiału dowodowego jednoznacznie wynika, że jedyny udziałowiec optował za dalszym istnieniem Spółki. W tej sytuacji, okoliczność, iż Nadzwyczajne Walne Zgromadzenie odbyło się 24 maja 2001 r., a nie we wcześniejszym terminie nie ma znaczenia dla oceny podjętych przez odwołującego się działań w momencie stwierdzenia zagrożenia dla dalszego bytu Spółki.</xText>
          <xText>W ocenie Sądu Apelacyjnego, <xAnon>W. G.</xAnon> wykazał, że niezgłoszenie wniosku o ogłoszenie upadłości Spółki w okresie pierwszych czterech miesięcy 2001 r. nastąpiło bez jego winy. Ustalenie powyższe skutkuje, zgodnie z art. 116 § 1 Ordynacji podatkowej, zwolnieniem odwołującego się od odpowiedzialności za zaległości składkowe Spółki w okresie od grudnia 2000 r. do maja 2001 r. Zgodnie z <xLexLink xArt="art. 293;art. 293 § 2" xIsapId="WDU20000941037" xTitle="Ustawa z dnia 15 września 2000 r. - Kodeks spółek handlowych" xAddress="Dz. U. z 2000 r. Nr 94, poz. 1037">art. 293 § 2 k.s.h.</xLexLink>, członek zarządu spółki z ograniczoną odpowiedzialnością powinien przy wykonywaniu swoich obowiązków dołożyć staranności wynikającej z zawodowego charakteru swojej działalności. W ocenie Sądu Apelacyjnego, odwołujący się wypełnił te wymagania. Spółka miała jedynego udziałowca, a zatem wyznaczenie terminu Nadzwyczajnego Walnego Zgromadzenia wbrew jego woli było bezcelowe. Odwołujący się podjął decyzję o rezygnacji z funkcji, którą złożył 18 kwietnia 2001 r. Tylko osoba, której przysługuje mandat może być uważana za członka zarządu. Zgodnie z <xLexLink xArt="art. 202;art. 202 § 4" xIsapId="WDU20000941037" xTitle="Ustawa z dnia 15 września 2000 r. - Kodeks spółek handlowych" xAddress="Dz. U. z 2000 r. Nr 94, poz. 1037">art. 202 § 4 k.s.h.</xLexLink>, mandat członka zarządu spółki z ograniczoną odpowiedzialnością wygasa wskutek rezygnacji. Członek zarządu, nieodwołany z tego organu spółki po wygaśnięciu mandatu, nie pełni żadnej funkcji, gdyż utracił upoważnienie do podejmowania czynności, do których w czasie sprawowania mandatu uprawniała go ustawa i statut spółki (wyrok Sądu Najwyższego z dnia 6 listopada 2002 r. I CKN 1279/00, z dnia 9 października 2006 r. II UK 47/06, OSNP 2007, z. 19-20, poz. 296). Pełnienie obowiązków członków Zarządu, w rozumieniu art. 116 § 2 Ordynacji podatkowej, oznacza członkostwo związane z mandatem, z kompetencją do realizowania funkcji członka zarządu (wyrok Sądu Najwyższego z dnia 2 czerwca 2010 r. I UK 47/10). Odwołujący się po dniu 18 kwietnia 2001 r. nie może być traktowany jak osoba pełniąca obowiązki Prezesa Zarządu<xAnon>(...)</xAnon> sp. z o.o. Przed tą datą, we właściwym czasie, odwołujący się podjął działania w celu wystąpienia w wnioskiem o ogłoszenie upadłości, a niezgłoszenie takiego wniosku nastąpiło bez jego winy.</xText>
          <xText>
            <xBx>Mając na uwadze, że omówiony wyżej zarzut apelacyjny okazał się zasadny i stanowi podstawę prawną do zmiany zaskarżonego wyroku i poprzedzającej go decyzji, Sąd Apelacyjny orzekł, jak w sentencji, na podstawie <xLexLink xArt="art. 386;art. 386 § 1" xIsapId="WDU19640430296" xTitle="Ustawa z dnia 17 listopada 1964 r. - Kodeks postępowania cywilnego" xAddress="Dz. U. z 1964 r. Nr 43, poz. 296">art. 386 § 1 k.p.c.</xLexLink></xBx>
          </xText>
          <xText>O kosztach procesu Sąd II instancji orzekł zgodnie z <xLexLink xArt="art. 98" xIsapId="WDU19640430296" xTitle="Ustawa z dnia 17 listopada 1964 r. - Kodeks postępowania cywilnego" xAddress="Dz. U. z 1964 r. Nr 43, poz. 296">art. 98 k.p.c.</xLexLink> w zw. z <xLexLink xArt="art. 391;art. 391 § 1" xIsapId="WDU19640430296" xTitle="Ustawa z dnia 17 listopada 1964 r. - Kodeks postępowania cywilnego" xAddress="Dz. U. z 1964 r. Nr 43, poz. 296">art. 391 § 1 k.p.c.</xLexLink></xText>
          <xText>
            <xBx>Sędziowie: PRZEWODNICZĄCY</xBx>
          </xText>
          <xText>
            <xBx>
              <xAnon>M. W. (1)</xAnon>
              <xAnon>E. J.</xAnon>
            </xBx>
          </xText>
          <xText>
            <xBx>
              <xAnon>M. W. (2)</xAnon>
            </xBx>
          </xText>
          
          <xText>af</xText>
        </xUnit>
      </xBlock>
    </xPart>
  </judgement>
<judgement id="154500000003003_VI_ACa_000520_2012_Uz_2013-10-18_001">
    <xPart xEditorFullName="Agnieszka Hydzik" xYear="2012" xLang="PL" xPublisherFullName="Agnieszka Hydzik" xFromPg="1" xEditor="ahydzik" xVolType="15/450000/0003003/ACa" xPublisher="ahydzik" xDocType="Uz" xVolNmbr="000520" xVersion="1.0" xToPage="5" xFlag="published">
      <xName>Wyrok+Uzasadnienie</xName>
      <xBlock>
        <xText>
          <xBx>
            <xIx>Sygn. akt VI A Ca 520/12 </xIx>
          </xBx>
        </xText>
        <xUnit xIsTitle="true" xBold="true" xType="part">
          <xName>WYROK</xName>
          <xTitle>W IMIENIU RZECZYPOSPOLITEJ POLSKIEJ</xTitle>
          <xText xALIGNx="right">
            <xBx>Dnia 18 października 2012 r.</xBx>
          </xText>
          
          <xText>
            <xBx>Sąd Apelacyjny w Warszawie VI Wydział Cywilny w składzie:</xBx>
          </xText>
          
          <xText>
            <xBx>
      Przewodniczący - Sędzia SA – Małgorzata Manowska
    </xBx>
          </xText>
          <xText>
            <xBx>Sędzia SA – Krzysztof Tucharz (spr.)</xBx>
          </xText>
          <xText>
            <xBx>
      Sędzia SA – Ewa Klimowicz-Przygódzka
    </xBx>
          </xText>
          <xText>
            <xBx>
      Protokolant: – sekr. sądowy Katarzyna Kędzierska
    </xBx>
          </xText>
          
          <xText>
            <xBx>po rozpoznaniu w dniu 4 października 2012r. w Warszawie</xBx>
          </xText>
          <xText>
            <xBx>na rozprawie </xBx>
          </xText>
          <xText>
            <xBx>sprawy z powództwa <xAnon>D. R.</xAnon></xBx>
          </xText>
          <xText>
            <xBx>przeciwko <xAnon> (...) Sp. z o.o.</xAnon> w <xAnon>W.</xAnon></xBx>
          </xText>
          <xText>
            <xBx>o zapłatę</xBx>
          </xText>
          <xText>
            <xBx>na skutek apelacji obu stron</xBx>
          </xText>
          <xText>
            <xBx>od wyroku Sądu Okręgowego w Warszawie</xBx>
          </xText>
          <xText>
            <xBx>z dnia 26 października 2011 r., sygn. akt XX GC 659/10</xBx>
          </xText>
          <xUnit xIsTitle="false" xType="none">
            <xName xSffx=".">I</xName>
            <xText>
              <xBx>zmienia zaskarżony wyrok w ten sposób, że: </xBx>
            </xText>
          </xUnit>
          <xUnit xIsTitle="false" xType="none">
            <xName xSffx=")">a</xName>
            <xText>
              <xBx>w punkcie 1: oddala powództwo o zasądzenie od pozwanej na rzecz powódki kwotę 345.695, 66 zł (trzysta czterdzieści pięć tysięcy sześćset dziewięćdziesiąt pięć złotych sześćdziesiąt sześć groszy) wraz z ustawowymi odsetkami od dnia 23 października 2009r. do dnia zapłaty; </xBx>
            </xText>
          </xUnit>
          <xUnit xIsTitle="false" xType="none">
            <xName xSffx=")">b</xName>
            <xText>
              <xBx>w punkcie 3 : zasądza od <xAnon>D. R.</xAnon> na rzecz <xAnon> (...) Sp. z o.o.</xAnon> w <xAnon>W.</xAnon> kwotę 7.217 zł (siedem tysięcy dwieście siedemnaście złotych) tytułem zwrotu kosztów postępowania; </xBx>
            </xText>
          </xUnit>
          <xUnit xIsTitle="false" xType="none">
            <xName xSffx=")">c</xName>
            <xText>
              <xBx>uchyla rozstrzygnięcie zawarte w punkcie 4 i znosi ten punkt wyroku; </xBx>
            </xText>
          </xUnit>
          <xUnit xIsTitle="false" xType="none">
            <xName xSffx=".">II</xName>
            <xText>
              <xBx>oddala apelację powódki; </xBx>
            </xText>
          </xUnit>
          <xUnit xIsTitle="false" xType="none">
            <xName xSffx=".">III</xName>
            <xText>
              <xBx>zasądza od <xAnon>D. R.</xAnon> na rzecz <xAnon> (...) Sp. z o.o.</xAnon> w <xAnon>W.</xAnon> kwotę 15.400 zł (piętnaście tysięcy czterysta złotych) tytułem zwrotu kosztów postepowania apelacyjnego. </xBx>
            </xText>
          </xUnit>
        </xUnit>
        <xUnit xIsTitle="true" xBold="true" xType="part">
          <xName>UZASADNIENIE</xName>
          <xText>Wyrokiem z dnia 26 października 2011 r. Sąd Okręgowy w Warszawie zasądził od <xAnon> (...) Sp. z o.o.</xAnon> w <xAnon>W.</xAnon> na rzecz <xAnon>D. R.</xAnon> kwotę 345.695,66 zł z ustawowymi odsetkami od dnia 23 października 209 r. do dnia zapłaty, oddalił powództwo co do dalszej kwoty – 542.196,34 zł, oraz rozstrzygnął o kosztach postępowania w oparciu o przepis <xLexLink xArt="art. 100" xIsapId="WDU19640430296" xTitle="Ustawa z dnia 17 listopada 1964 r. - Kodeks postępowania cywilnego" xAddress="Dz. U. z 1964 r. Nr 43, poz. 296">art. 100 k.p.c.</xLexLink> a ponadto nakazał pobrać od pozwanej, na rzecz Skarbu Państwa kwotę 6.659,25 zł tytułem części opłaty od pozwu od której powódka była zwolniona.</xText>
          <xText>Powyższe rozstrzygnięcie zapadło w oparciu o następujące ustalenia faktyczne i rozważania prawne.</xText>
          <xText>W dniu 10 września 2007 r. powódka, jako przedsiębiorca prowadzący działalność gospodarczą pod <xAnon> firmą (...)</xAnon> oraz <xAnon> spółka (...) Sp. z o.o.</xAnon> w <xAnon>W.</xAnon> zawarli, jako wykonawcy, z pozwaną <xAnon> Spółką (...)</xAnon> (występującą w charakterze inwestora zastępczego, realizującego budowę <xAnon>(...)</xAnon> w <xAnon>W.</xAnon>) umowę o wykonanie określonych instalacji na piętrach: od 7-go do 14-go na przedmiotowym obiekcie.</xText>
          <xText>Integralną część umowy stanowiły dokumenty o nazwie: „istotne postanowienia umowy”, „szczególne warunki umowy” i „ogólne warunki umowy”.</xText>
          <xText>W pierwszym z w/w dokumentów znalazł się zapis przewidujący, że pozwana spółka, jako zamawiający, zapłaci wykonawcy z tytułu należnego mu wynagrodzenia każdą kwotę, poświadczoną do wypłaty przez zarządzającego, w ciągu 7 dni od daty wystawienia odnośnego świadectwa.</xText>
          <xText>Natomiast w ogólnych warunkach umowy przewidziano możliwość dokonywania odbiorów częściowych prac w celu prowadzenia bieżących rozliczeń.</xText>
          <xText>Odbiór częściowy miał następować na podstawie sporządzonego przez wykonawcę „Wykazu robót wykonanych częściowo”, potwierdzającego przez „zarządzającego”.</xText>
          <xText>Przewidziane w umowie prace były wykonywane w większości przez pracowników <xAnon> Spółki (...)</xAnon> lub podmioty przez nią zatrudnione.</xText>
          <xText>Praca powódki polegała na prowadzeniu czynności organizacyjnych związanych z realizacją umowy i na występowaniu w spotkaniach z inwestorem w charakterze pełnomocnika <xAnon> Spółki (...)</xAnon>.</xText>
          <xText>Zrealizowane prace zostały stwierdzone w protokołach ich wykonania i przedstawione do zatwierdzenia pozwanej spółce.</xText>
          <xText>Wysokość wynagrodzenia za poszczególne zadania odpowiadała stawkom przewidzianym w umowie.</xText>
          <xText>Następnie powódka wystawiła pozwanej spółce faktury: VAT nr <xAnon>(...)</xAnon> z dnia 1 kwietnia 2009 r. na kwotę 691.391,32 zł netto (powiększoną o 152.106,09 zł podatku VAT) oraz nr <xAnon>(...)</xAnon> z dnia 2 czerwca 2009 r. na kwotę 196.500 zł (powiększoną o 43.230 zł podatku VAT).</xText>
          <xText>Ta ostatnia faktura nie miała związku z umową zawartą w dniu 10 września 2007 r.</xText>
          <xText>Wobec odmowy zapłaty powyższych należności powódka wystąpiła z pozwem o ich zapłatę wobec <xAnon> Spółki (...)</xAnon>, które to roszczenie (dotyczące wynagrodzeń netto z obu w/w faktur) zostało uwzględnione przez Sąd Okręgowy nakazem zapłaty z dnia 3 września 2010 r. wydanym w postępowaniu upominawczym (sygn. akt XX Gnc 595/10).</xText>
          <xText>W sprzeciwie od tego nakazu pozwana podniosła m.in. zarzut, że firma powódki nie wykonała żadnych prac na przedmiotowej budowie i nie posiada legitymacji czynnej do występowania o zapłatę wynagrodzenia.</xText>
          <xText>W ocenie Sądu Okresowego powództwo zasługuje na częściowe uwzględnianie.</xText>
          <xText>Poza sporem jest okoliczność, że powódka była wymieniona w umowie z dnia 10 września 2007 r. jako jeden z dwóch wykonawców opisanych tam robót.</xText>
          <xText>Brak jest podstaw do zakwestionowania faktu wykonania prac stwierdzonych w protokołach dołączonych do pozwu.</xText>
          <xText>Złożenie na tych dokumentach podpisu przez prezesa zarządu pozwanej spółki, spełnia wymóg poświadczenia przez zarządzającego (pkt. 7.3.1 istotnych postanowień umowy) kwoty do wypłaty.</xText>
          <xText>Skoro żaden z dokumentów składających się na treść umowy nie precyzował cech podmiotu, który miałby pełnić funkcję „zarządzającego” należy przyjąć, iż takie uprawnienie przysługiwało prezesowi zarządu pozwanej spółki.</xText>
          <xText>Istnieje przy tym pełna zgodność pomiędzy rodzajem i wartości poszczególnych rodzajów prac wskazanych w protokołach ich wykonania z odpowiednią kwotą wynagrodzenia wskazaną w umowie (dotycząca należności z <xAnon>faktury nr (...)</xAnon> z dnia 1 kwietnia 2009 r.).</xText>
          <xText>Powódka nie może jednak domagać się od pozwanej spółki zapłaty całej tej należności bowiem brak jest podstaw do przyjęcia poglądu, że zachodziłaby solidarność po stronie wierzycieli tj. wykonawców w zakresie zapłaty wynagrodzenia za prace wycenione na kwotę 691.391,32 zł netto.</xText>
          <xText>Nie ma tu zastosowania ani przepis <xLexLink xArt="art. 369" xIsapId="WDU19640430296" xTitle="Ustawa z dnia 17 listopada 1964 r. - Kodeks postępowania cywilnego" xAddress="Dz. U. z 1964 r. Nr 43, poz. 296">art. 369 k.p.c.</xLexLink> ani też sugerowany przez stronę powodową <xLexLink xArt="art. 381" xIsapId="WDU19640160093" xTitle="Ustawa z dnia 23 kwietnia 1964 r. - Kodeks cywilny" xAddress="Dz. U. z 1964 r. Nr 16, poz. 93">art. 381 k.c.</xLexLink></xText>
          <xText>Wynagrodzenie za wykonane prace jest świadczeniem podzielnym a ponieważ powódka była jednym z dwóch wykonawców należy jej się, od pozwanej spółki (stosownie do treści <xLexLink xArt="art. 379;art. 379 § 1" xIsapId="WDU19640160093" xTitle="Ustawa z dnia 23 kwietnia 1964 r. - Kodeks cywilny" xAddress="Dz. U. z 1964 r. Nr 16, poz. 93">art. 379 § 1 k.c.</xLexLink>) połowa w/w należności tj. kwota 345.695,66 zł wraz z ustawowymi odsetkami za opóźnienie, liczonymi od upływu terminu do zapłaty, wskazanego w piśmie z dnia 8 października 2009 r. tj. od dnia 23 października 2009 r.</xText>
          <xText>Zdaniem Sądu, nie ma tu istotnego znaczenia okoliczność – czy firma powódki faktycznie wykonywała na budowie omawiane prace gdyż pozwana zobowiązała się do zapłaty na rzecz każdego z wykonawców, w przypadku realizacji zleconych robót a umowa nie wiązała zapłaty wynagrodzenia na rzecz konkretnego z wykonawców z obowiązkiem wykonania prac przez tego właśnie wykonawcę.</xText>
          <xText>Firma powódki zawarła z zamawiającym (pozwaną) przedmiotową umowę w ramach konsorcjum, gdzie obok niej występował jako drugi wykonawca <xAnon> – (...) Sp. z o.o.</xAnon> w <xAnon>W.</xAnon> i kwestia – który z tych podmiotów realizował zamówienie może mieć istotne znaczenie jedynie dla wzajemnych rozliczeń miedzy tymi wykonawcami.</xText>
          <xText>Ubocznie Sąd zauważył, że strona pozwana nie wykazała aby dokonała zapłaty wynagrodzenia na rzecz <xAnon> Spółki (...)</xAnon> (będącej obecnie w stanie upadłości likwidacyjnej).</xText>
          <xText>Co się zaś tyczy żądania zapłaty kwoty 196.500 zł z <xAnon>faktur VAT nr (...)</xAnon> to w tym zakresie roszczenie powódki podlegało oddaleniu w całości gdyż rzeczona faktura dotyczyła prac wykonanych na innym obiekcie <xAnon>(...)</xAnon>, a do pozwu nie dołączono umowy, z której wynikałby obowiązek pozwanej spółki zapłaty za takie prace na rzecz powódki.</xText>
          <xText>Stosując zasady stosunkowego rozdzielenia kosztów procesu (<xLexLink xArt="art. 100" xIsapId="WDU19640430296" xTitle="Ustawa z dnia 17 listopada 1964 r. - Kodeks postępowania cywilnego" xAddress="Dz. U. z 1964 r. Nr 43, poz. 296">art. 100 k.p.c.</xLexLink>) Sąd zasądził od powódki na rzecz <xAnon> (...) Sp. z o.o.</xAnon> kwotę 1.461,40 zł, przyjmując że strona pozwana wygrała sprawę w około 60%.</xText>
          <xText>Od tego wyroku apelacje wniosły obie strony.</xText>
          <xText>Powódka zaskarżyła wyrok w części oddalającej powództwo o zasądzenie od pozwanej spółki, na jej rzecz reszty należności wynikającej z <xAnon>faktury VAT nr (...)</xAnon> z dnia 2 czerwca 2006 r. tj. kwoty 345.695,66 zł wraz z ustawowymi odsetkami o dnia 23 października 209 r. do dnia zapłaty oraz rozstrzygniecie o kosztach postępowania zarzucając naruszenie:</xText>
          <xUnit xIsTitle="false" xType="none">
            <xName xSffx=")">1</xName>
            <xText><xLexLink xArt="art. 381;art. 381 § 1" xIsapId="WDU19640160093" xTitle="Ustawa z dnia 23 kwietnia 1964 r. - Kodeks cywilny" xAddress="Dz. U. z 1964 r. Nr 16, poz. 93">art. 381 § 1 k.c.</xLexLink> w zw. z <xLexLink xArt="art. 379;art. 379 § 1" xIsapId="WDU19640160093" xTitle="Ustawa z dnia 23 kwietnia 1964 r. - Kodeks cywilny" xAddress="Dz. U. z 1964 r. Nr 16, poz. 93">art. 379 § 1 k.c.</xLexLink> (mylnie określonych w apelacji jako <xLexLink xArt="art. 381;art. 381 § 1" xIsapId="WDU19640430296" xTitle="Ustawa z dnia 17 listopada 1964 r. - Kodeks postępowania cywilnego" xAddress="Dz. U. z 1964 r. Nr 43, poz. 296">art. 381 § 1 k.p.c.</xLexLink> i <xLexLink xArt="art. 379;art. 379 § 1" xIsapId="WDU19640430296" xTitle="Ustawa z dnia 17 listopada 1964 r. - Kodeks postępowania cywilnego" xAddress="Dz. U. z 1964 r. Nr 43, poz. 296">art. 379 § 1 k.p.c.</xLexLink>) poprzez jego niezastosowanie w niniejszej sprawie;</xText>
          </xUnit>
          <xUnit xIsTitle="false" xType="none">
            <xName xSffx=")">2</xName>
            <xText>ewentualnie <xLexLink xArt="art. 367;art. 367 § 1" xIsapId="WDU19640160093" xTitle="Ustawa z dnia 23 kwietnia 1964 r. - Kodeks cywilny" xAddress="Dz. U. z 1964 r. Nr 16, poz. 93">art. 367 § 1 k.c.</xLexLink> (mylnie określonego w apelacji jako <xLexLink xArt="art. 367;art. 367 § 1" xIsapId="WDU19640430296" xTitle="Ustawa z dnia 17 listopada 1964 r. - Kodeks postępowania cywilnego" xAddress="Dz. U. z 1964 r. Nr 43, poz. 296">art. 367 § 1 k.p.c.</xLexLink>);</xText>
          </xUnit>
          <xText>- <xLexLink xArt="art. 100" xIsapId="WDU19640430296" xTitle="Ustawa z dnia 17 listopada 1964 r. - Kodeks postępowania cywilnego" xAddress="Dz. U. z 1964 r. Nr 43, poz. 296">art. 100 k.p.c.</xLexLink> w zw. z <xLexLink xArt="art. 98;art. 98 § 1" xIsapId="WDU19640430296" xTitle="Ustawa z dnia 17 listopada 1964 r. - Kodeks postępowania cywilnego" xAddress="Dz. U. z 1964 r. Nr 43, poz. 296">art. 98 § 1 k.p.c.</xLexLink> poprzez zasądzenie od powódki na rzecz pozwanej zwrotu kosztów procesu w sytuacji gdy to powódka a nie pozwana była strona wygrywającą spór.</xText>
          <xText>Powołując się na przytoczone wyżej zarzuty powódka wnosiła o zmianę wyroku w zaskarżonej części poprzez zasądzenie od pozwanej spółki, na jej rzecz dodatkowej kwoty 345.695,66 zł z ustawowymi odsetkami od dnia 23 października 2009 r. do dnia zapłaty oraz kosztów procesu, a nadto wnosiła o przyznanie jej od strony przeciwnej kosztów postępowania apelacyjnego.</xText>
          <xText>Z kolei <xAnon> (...) Sp. z o.o.</xAnon> w <xAnon>W.</xAnon> wniosła apelację w części dotyczącej uwzględnionego powództwa oraz rozstrzygnięć: o kosztach prosu i należnej opłaty od pozwu podnosząc następujące zarzuty:</xText>
          <xUnit xIsTitle="false" xType="none">
            <xName xSffx=")">1</xName>
            <xText>naruszenie <xLexLink xArt="art. 6" xIsapId="WDU19640160093" xTitle="Ustawa z dnia 23 kwietnia 1964 r. - Kodeks cywilny" xAddress="Dz. U. z 1964 r. Nr 16, poz. 93">art. 6 k.c.</xLexLink> przez uznanie, że powódka udowodniła swoje roszczenie wobec pozwanego;</xText>
          </xUnit>
          <xUnit xIsTitle="false" xType="none">
            <xName xSffx=")">2</xName>
            <xText>naruszenie <xLexLink xArt="art. 647" xIsapId="WDU19640160093" xTitle="Ustawa z dnia 23 kwietnia 1964 r. - Kodeks cywilny" xAddress="Dz. U. z 1964 r. Nr 16, poz. 93">art. 647 k.c.</xLexLink> wskutek uznania za udowodnione roszczenia powódki o wynagrodzenie, którego wysokość została ustalona według wartości stawki za godzinę pracy pracowników, podczas gdy wynagrodzenie określone w umowie z dnia 10 września 2007 r. miało charakter ryczałtowy;</xText>
          </xUnit>
          <xUnit xIsTitle="false" xType="none">
            <xName xSffx=")">3</xName>
            <xText>naruszenie <xLexLink xArt="art. 77;art. 77 § 1" xIsapId="WDU19640160093" xTitle="Ustawa z dnia 23 kwietnia 1964 r. - Kodeks cywilny" xAddress="Dz. U. z 1964 r. Nr 16, poz. 93">art. 77 § 1 k.c.</xLexLink> oraz <xLexLink xArt="art. 246" xIsapId="WDU19640430296" xTitle="Ustawa z dnia 17 listopada 1964 r. - Kodeks postępowania cywilnego" xAddress="Dz. U. z 1964 r. Nr 43, poz. 296">246 k.p.c.</xLexLink> poprzez uznanie za udowodnione roszczenia powódki o zapłatę wynagrodzenia, którego wysokość została ustalona według wartości stawki godzinowej a takiej ewentualności nie przewidywała umowa zawarta w formie pisemnej pomiędzy powódką <xAnon> i (...) Sp. z o.o.</xAnon> z jednej strony a pozowanym z drugiej strony;</xText>
          </xUnit>
          <xUnit xIsTitle="false" xType="none">
            <xName xSffx=")">4</xName>
            <xText>obrazę <xLexLink xArt="art. 379" xIsapId="WDU19640160093" xTitle="Ustawa z dnia 23 kwietnia 1964 r. - Kodeks cywilny" xAddress="Dz. U. z 1964 r. Nr 16, poz. 93">art. 379 k.c.</xLexLink> przez uznanie, że dla rozstrzygnięcia niniejszej spawy nie ma istotnego znaczenia okoliczność – czy powódka faktycznie wykonywała prace na podstawie umowy z dnia 10 września 2007 r.;</xText>
          </xUnit>
          <xUnit xIsTitle="false" xType="none">
            <xName xSffx=")">5</xName>
            <xText>naruszenie <xLexLink xArt="art. 217;art. 217 § 1" xIsapId="WDU19640430296" xTitle="Ustawa z dnia 17 listopada 1964 r. - Kodeks postępowania cywilnego" xAddress="Dz. U. z 1964 r. Nr 43, poz. 296">art. 217 § 1 k.p.c.</xLexLink> w zw. z <xLexLink xArt="art. 227" xIsapId="WDU19640430296" xTitle="Ustawa z dnia 17 listopada 1964 r. - Kodeks postępowania cywilnego" xAddress="Dz. U. z 1964 r. Nr 43, poz. 296">art. 227 k.p.c.</xLexLink> poprzez pominięcie dowodu z protokołu wykonania prac na XIV piętrze budynku przy <xAnon>ul. (...)</xAnon> w <xAnon>W.</xAnon>, wystawionego przez <xAnon> (...) Sp. z o.o.</xAnon>;</xText>
          </xUnit>
          <xUnit xIsTitle="false" xType="none">
            <xName xSffx=")">6</xName>
            <xText>naruszenie <xLexLink xArt="art. 233;art. 233 § 1" xIsapId="WDU19640430296" xTitle="Ustawa z dnia 17 listopada 1964 r. - Kodeks postępowania cywilnego" xAddress="Dz. U. z 1964 r. Nr 43, poz. 296">art. 233 § 1 k.p.c.</xLexLink> wobec niedokonania wszechstronnej analizy zebranego w sprawie materiału dowodowego oraz wskutek sprzeczności istotnych ustaleń Sądu z przeprowadzonymi dowodami, w szczególności wobec pominięcia twierdzeń pozwanego, dotyczących istnienia innej umowy niż zawarta z powódką na wykonanie tych samych prac, niezrealizowania pełnego zakresu robót w żadnej z poszczególnych branż, niespełnienie przez powódkę, określonych w umowie warunków wypłaty wynagrodzenia, uznanie przez Sąd, że podmiotem zarządzającym był prezes zarządu pozwanego i pominięcie przy wydawaniu wyroku treści zeznań świadka <xAnon>A. W.</xAnon>;</xText>
          </xUnit>
          <xUnit xIsTitle="false" xType="none">
            <xName xSffx=")">7</xName>
            <xText>naruszenie <xLexLink xArt="art. 233;art. 233 § 2" xIsapId="WDU19640430296" xTitle="Ustawa z dnia 17 listopada 1964 r. - Kodeks postępowania cywilnego" xAddress="Dz. U. z 1964 r. Nr 43, poz. 296">art. 233 § 2 k.p.c.</xLexLink> przez brak odniesienia się Sądu I instancji do faktu nieprzedstawienia przez powódkę wykazu pracowników – pomimo wezwania Sądu w tym zakresie.</xText>
          </xUnit>
          <xText>W nawiązaniu do przytoczonych wyżej zarzutów pozwana spółka wnosiła o zmianę zaskarżonego wyroku poprzez:</xText>
          <xText>- oddalenie powództwa co do kwoty 345.695,66 zł wraz z ustawowymi odsetkami od dnia 23 października 2009 r. do dnia zapłaty;</xText>
          <xText>- zasadzenie od powódki na rzecz pozwanej kosztów procesu;</xText>
          <xText>- nakazanie pobrania od powódki części opłaty od pozwu w wysokości 6.659,25 zł,</xText>
          <xText>a ponadto o zasądzenie kosztów postępowania apelacyjnego.</xText>
          <xText>Jako ewentualny zgłosiła wniosek o uchylenie wyroku w zaskarżonej części i przekazanie sprawy do ponownego rozpoznania Sądowi I instancji.</xText>
          <xText>W apelacji zawarty został wniosek o dopuszczenie dowodu z umowy zawartej w dniu 27 listopada 2006 r. pomiędzy <xAnon> (...) Sp. z o.o.</xAnon> (wykonawcą) a <xAnon> (...) Sp. z o.o.</xAnon> jako zamawiającym wraz z aneksami z dnia 4 grudnia 2006 r oraz 27 lutego 2008 r. i z protokołu inwentaryzacji prac <xAnon> firmy (...)</xAnon> na budowie <xAnon>(...)</xAnon> na podstawie umowy z dnia 27 listopada 2006 r., według stanu na dzień 8 grudnia 2008 r.</xText>
          <xText>Każda ze stron wnosiła o oddalenie apelacji swojego przeciwnika.</xText>
          <xText>
            <xBx>Sąd Apelacyjny zważył, co następuje:</xBx>
          </xText>
          <xText>
            <xBx>Apelacja pozwanej zasługuje na uwzględnienie, natomiast apelacja powódki podlega oddaleniu jako pozbawiona uzasadnionych podstaw prawnych.</xBx>
          </xText>
          <xText>Odnosząc się w pierwszej kolejności do dalej idącej apelacji pozwanej spółki należy podzielić zarzuty związane z niewykazaniem przez powódkę, że przysługuje jej jakiekolwiek wynagrodzenie od <xAnon>(...)</xAnon> w związku z zawartą w dniu 10 września 2007 r. umową o roboty budowlane (k. 30-31 a.s.).</xText>
          <xText>Już w sprzeciwie od nakazu zapłaty pozwana wskazywała na brak legitymacji procesowej czynnej powódki, określając to mylnie jako „brak zdolności sądowej” (k. 73 a.s.).</xText>
          <xText>Wbrew stanowisku Sądu Okręgowego – istotne znaczenie w sprawie ma okoliczność – który z dwóch podmiotów wskazanych w cytowanej wyżej umowie, jako „wykonawca”, faktycznie realizował przedmiot zamówienia.</xText>
          <xText>W sytuacji gdy wykonawcy nie uzgodnili miedzy sobą podziału zadań (nie wynika to ani z treści przedmiotowej umowy ani z innych dowodów) to każdy z nich mógł domagać się od inwestora wynagrodzenia jedynie w takim zakresie, w jakim sam zrealizował zlecone prace.</xText>
          <xText>Zważywszy na przedmiot zamówienia – różnego rodzaju prace instalacyjne, wyceniane w umowie osobno (k. 31 a.s.) zobowiązania obu stron miały podzielny charakter.</xText>
          <xText>Zawarty w punkcie 3 umowy obowiązek zapłaty przez zamawiającego wynagrodzenia na rzecz wykonawcy należy rozpatrywać w ścisłym związku z postanowieniem określonym w punkcie 2 umowy – gdzie wykonawca zobowiązał się do <xUx>wykonania</xUx> robót i przekazania zamawiającemu przedmiotu umowy wykonanego zgodnie z dokumentacją projektową itd., przy czym w preambule umowy firma powódki – <xAnon> (...) Sp. z o.o.</xAnon> zostali określeni liczbą mnogą jako „wykonawcy”.</xText>
          <xText>Tymczasem Sąd Okręgowy ustalił, że rola powódki w całym tym przedsięwzięciu polegała jedynie na prowadzeniu czynności organizacyjnych związanych z realizacją umowy i występowania, jako pełnomocnik <xAnon> spółki (...)</xAnon> a zadania inwestycyjne faktycznie wykonywali pracownicy tej spółki bądź podmioty, którym zlecała ona podwykonawstwo robót.</xText>
          <xText>Należy zgodzić się stanowiskiem pozwanej, że nie zasługiwały na wiarę zeznania powódki o rzekomym świadczeniu pracy na przedmiotowej budowie przez 3 pracowników jej firmy – wobec nieprzedstawienia imiennej listy tych osób.</xText>
          <xText>W sytuacji gdy takie zobowiązanie nałożył na powódkę Sąd I instancji (k. 152 a.s.). i wobec istnienia sporu co do tej istotnej okoliczności, powódka powinna była ją wykazać (czego nie uczyniła).</xText>
          <xText>Nie można odmówić wiarygodności zeznaniom świadka <xAnon>A. W.</xAnon> (inspektora nadzoru <xAnon>(...)</xAnon>), który oświadczył, ze znał powódkę jako żonę właściciela <xAnon> firmy (...)</xAnon> i w jego opinii to ta spółka wykonywała na wskazanym obiekcie prace instalacyjne (k.143).</xText>
          <xText>Z kolei przesłuchany za stronę pozwaną – prezes zarządu Spółki <xAnon>(...)</xAnon> wiarygodnie zeznał że postrzegał rolę powódki na przedmiotowej budowie jako przedstawiciela <xAnon> firmy (...)</xAnon> a nie <xAnon> (...)</xAnon> i podkreślił, że powódka nie przekazała pozwanej spółce listy (imiennej) swoich pracowników, w przeciwieństwie do <xAnon> Spółki (...)</xAnon> (k. 164 a.s.).</xText>
          <xText>Wyjaśnił również, że złożył swój podpis na protokołach wykonania i odebrania prac (k. 45-51 a.s.) gdy nie było tam jeszcze pieczątki <xAnon> firmy (...)</xAnon> (k. 165 a.s.).</xText>
          <xText>Jeżeli chodzi o powoływaną przez powódkę argumentację, że istniało po stronie wykonawców tzw. „konsorcjum” (którą podzielił Sąd I instancji) i że każdy z nich mógł dochodzić od pozwanej zapłaty za wykonane prace to jest pogląd całkowicie chybiony z następujących względów:</xText>
          <xText>- po pierwsze - pojęcie „konsorcjum” zostało stworzone przez przedstawicieli doktryny na określenie grupy wykonawców ubiegających się wspólnie o uzyskanie zamówienia publicznego w trybie art. 23 ustawy z dnia 29 stycznia 2004 r. o udzielenie zamówienia publicznego, co w tej sprawie nie miało miejsca;</xText>
          <xText>- po drugie – w przypadku dochodzenia przez takich wykonawców roszczeń o zapłatę – wszystkie te podmioty są łącznie legitymowane a takiego uprawnienia nie ma tylko jeden z wykonawców, co dotyczy również tzw. „lidera konsorcjum”.</xText>
          <xText>Taki pogląd, który akceptuje Sąd Apelacyjny w tym składzie, wyraził Sąd Najwyższy w wyroku z dnia 13 października 2011 r. sygn. V CSK 475/10 (Lex nr 1108492).</xText>
          <xText>Ubocznie wypada zauważyć, że celowość zaangażowania firmy powódki w realizacji zleconego zamówienia musi budzić wątpliwości skoro w zakresie przedmiotu jej działalności gospodarczej (k. 29 a.s.) nie leżało wykonywanie prac budowlanych.</xText>
          <xText>Reasumując, powódka nie udowodniła, że wykonała na przedmiotowej budowie jakiekolwiek prace, za które zgodnie z postanowieniami umowy z dnia 10 września 2007 r. należałoby jej się od <xAnon> Spółki (...)</xAnon> wynagrodzenie.</xText>
          <xText>Samo podpisanie protokołu z wykonania i odbioru prac przez prezesa zarządu pozwanej spółki nie daje powódce tytułu do dochodzenia od tego podmiotu jakichkolwiek należności finansowych.</xText>
          <xText>Powódka nie powoływała się też na, istnienie umowy cesji wierzytelności, mocą, której <xAnon> Spółka (...)</xAnon> przelałaby na nią swoje roszczenie względem pozwanej.</xText>
          <xText>W tym stanie rzeczy nie mają większego znaczenia pozostałe zarzuty apelacji pozwanej.</xText>
          <xText>Okoliczność – czy za wszystkie prace wykonane na budowie obiektu <xAnon>(...)</xAnon> (wynikające z umowy z 10 września 2007 r.) <xAnon> Spółka (...)</xAnon> otrzymała całe wynagrodzenie ma w niniejszej sprawie irrelewantny charakter.</xText>
          <xText>Jeżeli istniały jakieś zaległości – legitymowanym co ich dochodzenia jest Syndyk masy Upadłości <xAnon> (...) Sp. z o.o.</xAnon> w <xAnon>W.</xAnon>.</xText>
          <xText>Zgłoszone w apelacji pozwanej wnioski dowodowe zostały oddalone jako oczywiście spóźnione, co jednak nie miało istotnego wpływu na ocenę zasadności wniesionego środka odwoławczego.</xText>
          <xText>Uwzględnienie apelacji pozwanej oznacza jednocześnie konieczność oddalenia apelacji powódki.</xText>
          <xText>Jak już była o tym mowa nie wytrzymuje krytyki zawarta w uzasadnieniu tej apelacji teza o istnieniu po stronie wykonawców tzw. „konsorcjum” i możliwości dochodzenia przez każdego z jego uczestników całego wynagrodzenia za zrealizowany przedmiot umowy.</xText>
          <xText>Nie sposób również podzielić argumentacji powódki że mamy tu do czynienia z solidarnym charakterem wierzytelności, po stronie wykonawców (<xLexLink xArt="art. 367;art. 367 § 1" xIsapId="WDU19640160093" xTitle="Ustawa z dnia 23 kwietnia 1964 r. - Kodeks cywilny" xAddress="Dz. U. z 1964 r. Nr 16, poz. 93">art. 367 § 1 k.c.</xLexLink>).</xText>
          <xText>Solidarność czynna może wynikać z przepisu ustawy lub z czynności prawnej i dotyczy zarówno świadczeń podzielnych jak i niepodzielnych.</xText>
          <xText>Skarżący przyznaje, że w umowie z dnia 10 września 2007 r. brak było zapisów odnoszących się do tej kwestii.</xText>
          <xText>Nie wiadomo jednocześnie, co strona powodowa miała na myśli twierdząc w apelacji, że taka solidarność wynika – cytat - „z okoliczności mających jednak podstawy w umowie”</xText>
          <xText>
            <xBx>Biorąc to wszystko pod uwagę Sąd Apelacyjny orzekł jak w sentencji na podstawie <xLexLink xArt="art. 386;art. 386 § 1" xIsapId="WDU19640430296" xTitle="Ustawa z dnia 17 listopada 1964 r. - Kodeks postępowania cywilnego" xAddress="Dz. U. z 1964 r. Nr 43, poz. 296">art. 386 § 1 k.p.c.</xLexLink> i <xLexLink xArt="art. 385" xIsapId="WDU19640430296" xTitle="Ustawa z dnia 17 listopada 1964 r. - Kodeks postępowania cywilnego" xAddress="Dz. U. z 1964 r. Nr 43, poz. 296">art. 385 k.p.c.</xLexLink></xBx>
          </xText>
          <xText>O kosztach postepowania apelacyjnego, na które składają się: uiszczona przez pozwaną spółkę opłata od apelacji (10.000 zł – k. 389 a.s.) oraz wynagrodzenie pełnomocnika – 5.400 zł rozstrzygnięto zgodnie z <xLexLink xArt="art. 98;art. 99" xIsapId="WDU19640430296" xTitle="Ustawa z dnia 17 listopada 1964 r. - Kodeks postępowania cywilnego" xAddress="Dz. U. z 1964 r. Nr 43, poz. 296">art. 98 i 99 k.p.c.</xLexLink> w zw. z <xLexLink xArt="art. 108;art. 108 § 1" xIsapId="WDU19640430296" xTitle="Ustawa z dnia 17 listopada 1964 r. - Kodeks postępowania cywilnego" xAddress="Dz. U. z 1964 r. Nr 43, poz. 296">art. 108 § 1 k.p.c.</xLexLink> oraz w zw. z § 6 ust. 7 i § 12 ust. 1 pkt 2 rozporządzenia Ministra Sprawiedliwości z dnia 28 września 2002 r. w sprawie opłat za czynności radców prawnych (..) (Dz. U. Nr 163, poz. 1349 ze zm.).</xText>
        </xUnit>
      </xBlock>
    </xPart>
  </judgement>
<judgement id="154500000000503_I_ACa_000385_2012_Uz_2012-10-18_001">
    <xPart xEditorFullName="Krystyna Brawecka" xYear="2012" xLang="PL" xPublisherFullName="Krystyna Brawecka" xFromPg="1" xEditor="kbraweck" xVolType="15/450000/0000503/ACa" xPublisher="kbraweck" xDocType="Uz" xVolNmbr="000385" xVersion="1.0" xToPage="1" xFlag="published">
      <xName>Wyrok+Uzasadnienie</xName>
      <xBlock>
        <xText>
          <xBx> Sygn. akt I ACa 385/12 </xBx>
        </xText>
        <xUnit xIsTitle="true" xType="part" xBold="true">
          <xName>WYROK</xName>
          <xTitle>W IMIENIU RZECZYPOSPOLITEJ POLSKIEJ</xTitle>
          <xText xALIGNx="right">
            <xBx>Dnia 18 października 2012 r.</xBx>
          </xText>
          
          <xText>Sąd Apelacyjny w Warszawie I Wydział Cywilny w składzie:</xText>
          
          <xText>Przewodniczący:SSA Edyta Jefimko</xText>
          <xText>Sędziowie:SA Przemysław Kurzawa</xText>
          <xText>SO (del.) Robert Obrębski (spr.)</xText>
          <xText>Protokolant: aplikant aplikacji sędziowskiej Alicja Klimas
  </xText>
          <xText>po rozpoznaniu w dniu 18 października 2012 r. w Warszawie</xText>
          <xText>na rozprawie sprawy z powództwa <xAnon>A. B.</xAnon></xText>
          <xText>przeciwko <xAnon>P. N.</xAnon></xText>
          <xText>o zapłatę</xText>
          <xText>na skutek apelacji pozwanej</xText>
          <xText>od wyroku Sądu Okręgowego w Warszawie</xText>
          <xText>z dnia 21 listopada 2011 r., sygn. akt I C 159/07</xText>
          <xText>
            <xBx>uchyla zaskarżony wyrok i przekazuje sprawę Sądowi Okręgowemu w Warszawie do ponownego rozpoznania, pozostawiając temu Sądowi rozstrzygnięcie o kosztach postępowania apelacyjnego. </xBx>
          </xText>
          
          <xText>Sygn. akt I ACa 385/12</xText>
        </xUnit>
        <xUnit xIsTitle="true" xType="part" xBold="true">
          <xName>UZASADNIENIE</xName>
          <xText>Pozwem z dnia 28 lutego 2007 r. <xAnon>A. B.</xAnon> wniosła o zasądzenie od <xAnon>P. N.</xAnon> kwoty 92000 zł wraz z ustawowymi odsetkami od dnia wniesienia pozwu do dnia zapłaty tytułem zwrotu nakładów poniesionych przez zmarłego męża powódki <xAnon>P. B.</xAnon> na położenie podłóg w domu przy <xAnon>ul. (...)</xAnon> w <xAnon>W.</xAnon>, stanowiącym własność pozwanej. Pismem z dnia 1 lutego 2008 r. powódka rozszerzyła żądanie pozwu do kwoty 132738,44 zł.</xText>
          <xText>Z kolei pozwem z dnia 12 października 2007 r., zarejestrowanym pod sygnaturą I C 775/07, powódka wniosła o zasądzenie od pozwanej kwoty 914804,16 zł wraz z ustawowymi odsetkami od dnia wniesienia pozwu do dnia zapłaty tytułem zwrotu nakładów na wskazaną nieruchomość, polegających na wykończeniu budynku mieszkalnego znajdującego się gruncie, dokonanych przez męża powódki po nabyciu nieruchomości przez pozwaną w wyniku darowizny dokonanej przez rodziców <xAnon>P. N.</xAnon>.</xText>
          <xText>Zarządzeniem z dnia 22 kwietnia 2008 r obie sprawy zostały połączone do wspólnego rozpoznania i rozstrzygnięcia pod sygnaturą sprawy wcześniej wniesionej. Pismem z dnia 3 listopada 2008 r. powódka ograniczyła żądania o kwotę 472516,80 zł i wskazała, że w sprawie XXIV C 978/06 z powództwa <xAnon>P. N.</xAnon> przeciwko <xAnon>A. B.</xAnon> o zapłatę wynagrodzenia z tytułu bezumownego korzystania z nieruchomości <xAnon>ul. (...)</xAnon> podniosła zarzut potrącenia wskazanej kwoty z roszczeniem dochodzonym przez właścicielkę tej nieruchomości. Wezwana przez Sąd Okręgowy do ostatecznego sprecyzowania roszczenia, pismem z dnia 21 października 2011 r. powódka podała, że tytułem rozliczenia nakładów na wskazaną nieruchomość dochodzi od pozwanej kwoty 1026633 zł.</xText>
          <xText>Pozwana wnosiła o oddalenie powództwa. Twierdziła, że <xAnon>P. B.</xAnon> wybudował dom położony na działce przy <xAnon>ul (...)</xAnon> w zamian za możliwość nieodpłatnego korzystania, do końca swojego życia, z działki, którą rodzice pozwanej nabyli w wyniku zamiany własnego mieszkania z nieruchomością <xAnon>H. S.</xAnon>, konkubiną <xAnon>P. B.</xAnon>, a następnie darowali pozwanej nieruchomość zabudowaną niewykończonym domem. Pozwana podnosiła, że występując z pozwem o rozliczenie nakładów poniesionych przez <xAnon>P. B.</xAnon>, powódka winna liczyć się z obowiązkiem zapłaty wynagrodzenia należnego pozwanej z tytułu wieloletniego korzystania z nieruchomości, do której powódka nie miała tytułu prawnego.</xText>
          <xText>Wyrokiem z dnia 21 listopada 2011 r. Sąd Okręgowy w przeważającym zakresie uwzględnił powództwo, zasądził od pozwanej na rzecz powódki kwotę 961738,57 zł wraz z ustawowymi odsetkami od dnia 7 sierpnia 2009 r. do dnia zapłaty, oddalił powództwo w pozostałym zakresie i zasądził od pozwanej na rzecz powódki kwotę 18511,64 zł tytułem zwrotu kosztów procesu, w tym kwotę 7200 zł z tytułu wynagrodzenie należnego pełnomocnikowi powódki. Na podstawie zebranego materiału, Sąd Okręgowy ustalił, że w latach 70 – tych ubiegłego wieku <xAnon>P. B.</xAnon> mieszkał na stałe w RFN, dysponował paszportem konsularnym i nie mogąc nabyć nieruchomości położonej w Polsce, za własne pieniądze, lecz na nazwisko swojej konkubiny <xAnon>H. S.</xAnon>, nabył nieruchomość położoną w <xAnon>W.</xAnon> przy <xAnon>ul. (...)</xAnon>, na której rozpoczął budowę domu. Rozstanie z konkubiną było przyczyną przerwania prac budowlanych i spowodowało, jak ustalił Sąd Okręgowy, że <xAnon>P. B.</xAnon> doprowadził do zamiany, w wyniku której własność wskazanej działki z niewykończonym budynkiem została przeniesiona na <xAnon>B. N. (1)</xAnon> i jej męża <xAnon>B. N. (2)</xAnon>, a <xAnon>H. S.</xAnon> otrzymała mieszkanie przy <xAnon>ul. (...)</xAnon> w <xAnon>W.</xAnon>, którego nabycie na rzecz rodziców pozwanej także zostało sfinansowane przez <xAnon>P. B.</xAnon>. Do zamiany, w wyniku której rodzice pozwanej nabyli własność nieruchomości przy <xAnon>ul. (...)</xAnon> w <xAnon>W.</xAnon>, doszło aktem notarialnym z dnia 23 maja 1984 r., jednakże już aktem notarialnym z dnia 7 czerwca 1984 r., jak ustalił Sąd Okręgowy, nieruchomości została darowana przez rodziców na rzecz pozwanej, która była wówczas małoletnia i dlatego postanowieniem Sądu Rejonowego dla m.st. Warszawy z dnia 3 lipca 1984 r., rodzice <xAnon>P. N.</xAnon> uzyskali zgodę na zawarcie z <xAnon>P. B.</xAnon> umowy użytkowania wskazanej działki w celu dokończenia przez dziadka pozwanej budowy domu położonego na tej nieruchomości, która została zakończona jego zgłoszeniem do użytkowania pismem <xAnon>P. B.</xAnon> z dnia 25 kwietnia 1988 r. Sąd Okręgowy ustalił, że chociaż dziennik budowy z dnia 30 lipca 1984 r. został wystawiony na <xAnon>B. N. (1)</xAnon>, wszystkie prace budowlane zostały sfinansowane ze środków dziadka pozwanej, który od samego początku budował ten dom dla siebie, był postrzegany za gospodarza i właściciela nieruchomości i za takiego się uważał. W następnych latach zabiegał o zawarcie z pozwaną umowy, w wyniku której stałby się wyłącznym właścicielem wskazanej nieruchomości, lecz jak ustalił Sąd Okręgowy, nie doszło do zawarcia takiej umowy. Sąd Okręgowy ustalił, że nigdy nie została także zawarta umowa użytkowania tej nieruchomości na rzez <xAnon>P. B.</xAnon>. Ustalił również, że na początku lat 90 – tych ubiegłego wieku, dziadek pozwanej wniósł pozew o zobowiązanie <xAnon>P. N.</xAnon> do przeniesienia własności tej nieruchomości na swoją rzecz, jednakże powództwo oparte na <xLexLink xArt="art. 230" xIsapId="WDU19640160093" xTitle="Ustawa z dnia 23 kwietnia 1964 r. - Kodeks cywilny" xAddress="Dz. U. z 1964 r. Nr 16, poz. 93">art. 230 k.c.</xLexLink> nie zostało uwzględnione, zaś apelacja dziadka pozwanej została oddalona wyrokiem Sądu Apelacyjnego w Warszawie z dnia 26 maja 1995 r., wydanym w sprawie I ACr<xAnon>(...)</xAnon></xText>
          <xText>Ponadto Sąd Okręgowy ustalił, że w dniu 25 lipca 1985 r. dziadek pozwanej zawarła związek małżeński z powódką, która została zameldowana na nieruchomości pozwanej w dniu 25 kwietnia 1988 r. Dziadek pozwanej, jak ustalił Sąd Okręgowy, został zameldowany na spornej nieruchomości w 1993 r. i zamieszkiwał wraz z powódką w wybudowanym domu do swojej śmierci w dniu 21 kwietnia 1999 r. Sąd Okręgowy ustalił, że powódka jest jedynym spadkobiercą <xAnon>P. B.</xAnon> oraz że zajmowaną nieruchomość wydała pozwanej w dniu 16 października 2006 r., przed zakończeniem sprawy cywilnej wniesionej przez pozwaną o wydanie spornej nieruchomości oraz o zasądzenie wynagrodzenia z tytułu bezumownego korzystania z niej przez powódkę. Na podstawie opinii biegłego sądowego <xAnon>T. K.</xAnon>- <xAnon>(...)</xAnon>, na kwotę 961738,57 zł, Sąd Okręgowy ustalił wartość nakładów poczynionych przez dziadka pozwanej na dobudowanie piętra, dachu, basenu, schodów, położenie elewacji i wykonanie wszystkich prac wykończeniowych wewnątrz oraz na zewnątrz domu przy <xAnon>ul. (...)</xAnon> w <xAnon>W.</xAnon>.</xText>
          <xText>Oceniając znaczenie prawne ustalonych okoliczności, Sąd Okręgowy uznał, że w przeważającym zakresie powództwo zasługiwało na uwzględnienie. Przyjmując, że przy braku osobnej umowy między pozwaną a <xAnon>P. B.</xAnon>, podstawę prawną rozliczenia nakładów poczynionych przez dziadka pozwanej na wykończenie domu na nieruchomości pozwanej stanowi <xLexLink xArt="art. 226" xIsapId="WDU19640160093" xTitle="Ustawa z dnia 23 kwietnia 1964 r. - Kodeks cywilny" xAddress="Dz. U. z 1964 r. Nr 16, poz. 93">art. 226</xLexLink> w zw. z <xLexLink xArt="art. 230" xIsapId="WDU19640160093" xTitle="Ustawa z dnia 23 kwietnia 1964 r. - Kodeks cywilny" xAddress="Dz. U. z 1964 r. Nr 16, poz. 93">art. 230 k.c.</xLexLink>, Sąd Okręgowy uznał dziadka pozwanej za ,,współposiadacza w dobrej wierze<xSUPx>,,</xSUPx> i przyjął, że <xAnon>P. B.</xAnon> nie budował domu dla wnuczki, lecz dla siebie. Sąd Okręgowy wskazał, że na podstawie powołanych przepisów, posiadacz w dobrej wierze może się domagać od właściciela rzeczy zwrotu innych nakładów niż konieczne o tyle, o ile zwiększają wartość rzeczy w chwili jej wydania właścicielowi. Sąd Okręgowy uznał więc, że zasądzeniu od pozwanej na rzecz powódki podlegała wartość wszystkich prac wykonanych przez <xAnon>P. B.</xAnon> na wykończenie domu, którą biegły ustalił na kwotę 961738,57 zł wraz z ustawowymi odsetkami od dnia doręczenia pozwanej opinii biegłego. Odwołując się do <xLexLink xArt="art. 481" xIsapId="WDU19640160093" xTitle="Ustawa z dnia 23 kwietnia 1964 r. - Kodeks cywilny" xAddress="Dz. U. z 1964 r. Nr 16, poz. 93">art. 481 k.c.</xLexLink>, Sąd Okręgowy uznał, że wówczas pozwana zapoznała się z wysokością roszczenia, które podlegało uwzględnieniu. W zakresie przekraczającym podaną kwotę żądanie pozwu zostało oddalone. O kosztach postępowania Sąd Okręgowy orzekł na podstawie <xLexLink xArt="art. 100" xIsapId="WDU19640430296" xTitle="Ustawa z dnia 17 listopada 1964 r. - Kodeks postępowania cywilnego" xAddress="Dz. U. z 1964 r. Nr 43, poz. 296">art. 100 k.p.c.</xLexLink></xText>
          <xText>Apelację do wyroku Sądu Okręgowego wniosła pozwana. Zaskarżając ten wyrok w części uwzględniającej powództwo, pozwana zarzuciła Sądowi Okręgowemu nierozpoznanie istoty sprawy, nieuzasadnione przyjęcie, że <xAnon>P. B.</xAnon> był współposiadaczem spornej nieruchomości w dobrej wierze, wadliwą ocenę dowodów, w szczególności zeznań świadków, w tym członków rodziny powódki, naruszenie <xLexLink xArt="art. 226" xIsapId="WDU19640160093" xTitle="Ustawa z dnia 23 kwietnia 1964 r. - Kodeks cywilny" xAddress="Dz. U. z 1964 r. Nr 16, poz. 93">art. 226 k.c.</xLexLink> przez wadliwe zastosowanie tego przepisu przy ocenie stanu faktycznego niniejszej sprawy oraz pominięcie rozstrzygnięć wydanych w sprawie I Cr 364/95, zakończonej oddaleniem powództwa dziadka pozwanej, w szczególności ustaleń i ocen wyrażonych w uzasadnianiach wyroków wydanych w powołanej sprawie, tak w pierwszej instancji, jak również w instancji odwoławczej. Na podstawie tych zarzutów pozwana wnosiła o zmianę zaskarżonego wyroku, oddalenie powództwa i zasądzenie od powódki kosztów procesu za obie instancje, ewentualnie o jego uchylenie i przekazanie sprawy do ponownego rozpoznania, z pozostawieniem Sądowi Okręgowemu rozstrzygnięcia o kosztach postępowania apelacyjnego.</xText>
          <xText><xBx>Sąd Apelacyjny zważył, co następuje</xBx>:</xText>
          <xText>Apelacja jest uzasadniona i zasługuje na uwzględnienie przez uchylenie zaskarżonego wyroku do ponownego rozpoznania z powodu nierozpoznania przez Sąd Okręgowy istoty tej sprawy nie tylko co do samej zasady, ale również w zakresie dotyczącym wysokości dochodzonej kwoty. Za uzasadniony należało także uznać zarzut wadliwego zakwalifikowania przez Sąd Okręgowy rodzaju posiadania nieruchomości przy <xAnon>ul. (...)</xAnon> w <xAnon>W.</xAnon> przez dziadka pozwanej, jak również nietrafne przyjęcie, że <xAnon>P. B.</xAnon> w dobrej wierze budował, na następnie wykańczał dom, w którym zamieszkiwał do swojej śmierci wraz z powódką. Sąd Apelacyjny podzielił także zasadność zarzutów dotyczących zastosowania przez Sąd Okręgowy <xLexLink xArt="art. 226" xIsapId="WDU19640160093" xTitle="Ustawa z dnia 23 kwietnia 1964 r. - Kodeks cywilny" xAddress="Dz. U. z 1964 r. Nr 16, poz. 93">art. 226 k.c.</xLexLink> i doszedł do wniosku, że podstawową przyczyną wskazanych uchybień było pominięcie przez Sąd Okręgowy ustaleń, a przede wszystkim ocen prawnych, które Sąd Apelacyjny zaprezentował w uzasadnieniu wyroku z dnia 26 maja 1995 r, wydanego w sprawie I ACr 364/95. Zarzut pominięcia tego wyroku przez Sąd Okręgowy był więc w pełni uzasadniony i dodatkowo uzasadniał konieczność uchylenia zaskarżonego wyroku do ponownego rozpoznania.</xText>
          <xText>Podstawowym uchybieniem Sądu Okręgowego było niewyciągnięcie właściwych konsekwencji ze zmian powództwa dokonywanych przez powódkę w toku postępowania. Pomijając, że brak orientacji Sądu Okręgowego co do przedmiotu tej sprawy był przyczyną otwarcia na nowo rozprawy, która została uprzednio zamknięta, jak też wyznaczenia nowemu pełnomocnikowi powódki terminu na sprecyzowanie dochodzonego roszczenia, na tak zaawansowanym etapie postępowania, podnieść należy, że Sąd Okręgowy przeoczył znaczenie przyczyny i oraz skutki czasowego ograniczenia powództwa o kwotę 472516,80 zł. W ostatecznym stanowisku, które zostało zaprezentowane przez powódkę w piśmie z dnia 21 października 2011 r., żądanie pozwu zostało określone na kwotę 1026633 zł, czyli faktycznie zostało rozszerzone niemalże do pierwotnej wysokości podanej w pozwach połączonych do wspólnego rozpoznania oraz rozstrzygnięcia, jednakże ponowna zmiana powództwa nie mogła zniwelować skutku kompensacyjnego, jaki mógłby zostać wywołany, gdyby zasadne było nie tylko powództwo o zwrot nakładów, wniesione przez <xAnon>A. B.</xAnon> przeciwko <xAnon>P. N.</xAnon>, ale gdyby uzasadnione okazało się również powództwo o wynagrodzenie za bezumownego korzystanie przez powódkę z nieruchomości pozwanej, które jest przedmiotem zawierzonego postępowania w sprawie XXIV C 978/06. Uchybienie Sądu Okręgowego polegało więc na tym, że zawieszone zostało niewłaściwe postępowanie cywilne, nie zostało natomiast zawieszone to, którego przedmiotem było rozstrzygnięcie o zasadności obu wskazanych roszczeń. W sytuacji, gdy występując w sprawie XXIV C 978/06 po stronie pozwanej, jak wynikało z powołanego pisma z dnia 3 listopada 2008 r., powódka podniosła zarzut potrącenia niemalże połowy kwoty dochodzonej w tej sprawie, tytułem rozliczenia nakładów poczynionych przez <xAnon>P. B.</xAnon>, to nawet pomijając pośrednie przyznanie złej wiary po stronie dziadka pozwanej, można było dostrzec, że tylko w powołanej sprawie Sąd Okręgowy może przesądzić oba wskazane roszczenia co do zasady. W niniejszej sprawie pozwana nie zgłaszała do potrącenia własnego roszczenia o wynagrodzenie za bezumowne korzystania przez powódkę ze spornej nieruchomości. Gdyby więc dochodzone w tej sprawie roszczenie o rozliczenie nakładów było częściowo uzasadnione, wzajemne umorzenie wierzytelności obu stron, do kwoty, o którą powództwo zostało czasowo ograniczone, uniemożliwiałoby ocenę zasadności apelacji, ponieważ przedmiotem rozpoznawanej sprawy nie jest rozstrzygnięcie o zasadności roszczenia o zapłatę wynagrodzenia za bezumowne korzystanie z nieruchomości przy <xAnon>ul. (...)</xAnon>, którego pozwana dochodzi od powódki w sprawie XXIV C 978/06. W toku postępowania nie można było przesądzić rodzaju posiadania spornej nieruchomości wykonywanego przez <xAnon>P. B.</xAnon> i dlatego postępowanie w rozpoznawanej sprawie należało zawiesić do czasu prawomocnego zakończenia postępowania w sprawie XXIV C 978/06, nie zaś odwrotnie, tylko bowiem zakończenie wskazanej sprawy mogło przesądzić o zasadności roszczeń dochodzonych przez obie strony i tylko w powołanej sprawie można było rozstrzygnąć o zasadności zarzutu potrącenia, który w rozpoznawanej sprawie nie został zgłoszony. Rozpoznając apelację wniesioną w sprawie niniejszej, Sąd Apelacyjny nie może bowiem przesądzić o zasadności roszczenia, którego pozwana dochodzi w sprawie XXIV C 978/06, a brak rozstrzygnięcia o jego zasadności, spowodowany zawieszeniem postępowania we wskazanej sprawie, uniemożliwia rozpoznanie istoty niniejszej sprawy i uzasadnia uchylenie zaskarżonego wyroku. Za koniecznością uwzględniania apelacji wniesionej w tej sprawie przemawia ponadto zasadność większości pozostałych zarzutów zawartych w jej treści.</xText>
          <xText>W motywacyjnej części uzasadnienia zaskarżonego wyroku w istocie Sąd Okręgowy poprzestał na arbitralnym stwierdzeniu, że dziadek pozwanej był ,,współposiadaczem w dobrej wierze<xSUPx>(
      ,,)</xSUPx> spornej nieruchomości. Przytoczone określenie zostało zaczerpnięte z uzasadnienia wyroku Sądu Najwyższego z dnia 8 marca 1974 r., III CRN 353/73, który został wydany na tle istotnie odmiennego stanu faktycznego, nie zostało poparte analizą stanów faktycznych obu spraw, a opierając zaskarżone rozstrzygnięcie na przytoczonej formule, Sąd Okręgowy całkowicie pominął stanowisko, które Sąd Apelacyjny zaprezentował w uzasadnieniu wyroku z dnia 26 maja 1994 r., I ACr 364/95.
  </xText>
          <xText>Oddalając apelację wniesioną w powołanej sprawie, Sąd Apelacyjny doszedł do przekonania, że <xAnon>P. B.</xAnon> był zależnym posiadaczem nieruchomości pozwanej oraz że było to posiadanie w złej wierze. Wydając zaś zaskarżony wyrok, Sąd Okręgowy arbitralnie przyjął, że dziadek pozwanej w dobrej wierze posiadał nieruchomość wnuczki, nie wskazał natomiast, czy było to posiadanie zależne czy też samoistne. Pogląd Sądu Okręgowego w oczywisty sposób odbiegał od motywów wyroku Sądu Apelacyjnego z dnia 26 maja 1994 r. i nie zasługiwał na akceptację. Gdyby posiadanie spornej nieruchomości przez dziadka pozwanej miało charakter samoistny, na co mogłyby wskazywać niektóre ustalenia Sądu Okręgowego, zastosowania w tej sprawie nie miałby <xLexLink xArt="art. 230" xIsapId="WDU19640160093" xTitle="Ustawa z dnia 23 kwietnia 1964 r. - Kodeks cywilny" xAddress="Dz. U. z 1964 r. Nr 16, poz. 93">art. 230 k.c.</xLexLink>, a przyczyną oddalenia powództwa o rozliczenie nakładów innych niż konieczne byłaby zła wiara <xAnon>P. B.</xAnon>, który w pełni zdawał sobie sprawę, że wykańcza dom na nieruchomości stanowiącej własność pozwanej, którego budowę rozpoczął w okresie, gdy właścicielką nieruchomości była <xAnon>H. S.</xAnon>. Złej wiary po stronie dziadka pozwanej nie mogło podważać ani to, że nieruchomość została zakupiona za środki <xAnon>P. B.</xAnon>, ani też okoliczność, że dziadek pozwanej doprowadził, jak ustalił Sąd Okręgowy, do zamiany między swoją konkubiną a rodzicami <xAnon>P. N.</xAnon>, zwłaszcza że z materiału sprawy nie wynika, aby rościł sobie prawa do mieszkania, które w wyniku tej zamiany nabyła <xAnon>H. S.</xAnon>. Zamiar wykańczania domu z przeznaczeniem dla siebie mógłby zostać uznany za przejaw władania działką w sposób właściwy dla właściciela, jednakże przeciwko samoistnemu posiadaniu nieruchomości świadczyło uzyskanie przez rodziców pozwanej zgody sądu rodzinnego na ustanowienie użytkowania nieruchomości na rzecz <xAnon>P. B.</xAnon> w celu dokończenia budowy domu. Okoliczności tej sprawy nie są więc na tyle jednoznaczne, aby posiadanie dziadka pozwanej można było określić jako samoistne, wykazują natomiast, że <xAnon>P. B.</xAnon> nie władał nieruchomością pozwanej w dobrej wierze. <xLexLink xArt="art. 226;art. 226 § 1" xIsapId="WDU19640160093" xTitle="Ustawa z dnia 23 kwietnia 1964 r. - Kodeks cywilny" xAddress="Dz. U. z 1964 r. Nr 16, poz. 93">Art. 226 § 1 k.c.</xLexLink> nie mógł więc stanowić podstawy prawnej rozliczenia nakładów dokonanych przez dziadka pozwanej. Z § 2 tego przepisu wynika bowiem jednoznacznie, że posiadacz w złej wierze może żądać tylko zwrotu nakładów koniecznych, i tylko o tyle, o ile właściciel wzbogaciłby się bezpodstawnie jego kosztem. Odmienne stanowisko Sądu Okręgowego nie było zasadne. Na jego korzyść nie mogło w szczególności świadczyć nieujawnione powołanie się przez Sąd Okręgowy na uzasadnienie wyroku Sądu Najwyższego z dnia 3 marca 1974 r., III CRN 353/73. W stanie faktycznym sprawy zakończonej powołanym wyrokiem Sądu Najwyższego chodziło bowiem o sytuację, w której właściciel zawarł z posiadaczem umowę dotyczącą zabudowania, na koszt posiadacza, działki, którą obiecał sprzedać posiadaczowi. Podejmując budowę domu na udostępnionej działce, posiadacz działał więc w uzasadnionym przekonaniu, że inwestuje dla siebie w nieruchomość, której w nieodległym czasie stanie się właścicielem. Stan faktyczny niniejszej sprawy był zasadniczo odmienny. O ile pozwana usiłowała wykazać ustne porozumienie między dziadkiem a rodzicami, zgodnie z którym <xAnon>P. B.</xAnon> wykończył dom w zamian za możliwość dożywotniego korzystania z nieruchomości, o tyle powódka usiłowała wykazać, że nie było żadnej umowy oraz że dziadek pozwanej władał nieruchomością jak posiadacz samoistny oraz w dobrej wierze. Z podanych powodów, wskazane twierdzenia nie zostały udowodnione, a charakter posiadania wykonywanego przez <xAnon>P. B.</xAnon> został przesądzony przez Sąd Apelacyjny w uzasadnieniu wyroku z dnia 26 maja 1994 r., który niezasadnie został pominięty przez Sąd Okręgowy.</xText>
          <xText>Za prawidłowością rozstrzygnięcia zawartego w zaskarżonym wyroku tym bardziej nie mogło przemawiać odwołanie się do <xLexLink xArt="art. 230" xIsapId="WDU19640160093" xTitle="Ustawa z dnia 23 kwietnia 1964 r. - Kodeks cywilny" xAddress="Dz. U. z 1964 r. Nr 16, poz. 93">art. 230 k.c.</xLexLink>, tj. uznanie, że <xAnon>P. B.</xAnon> był zależnym posiadaczem nieruchomości pozwanej. Sąd Okręgowy przeoczył bowiem, że dokonując użytkowych, a tym bardziej zbytkowych nakładów na cudzej nieruchomości, w szczególności budując oraz wykańczając budynek mieszkalny, a zwłaszcza rezydencję wyposażoną w kryty basen, posiadacz zależny zawsze działa w złej wierze i nie może liczyć na rozliczenie nakładów na podstawie <xLexLink xArt="art. 226;art. 226 § 1" xIsapId="WDU19640160093" xTitle="Ustawa z dnia 23 kwietnia 1964 r. - Kodeks cywilny" xAddress="Dz. U. z 1964 r. Nr 16, poz. 93">art. 226 § 1 k.c.</xLexLink></xText>
          <xText>Uwzględniając powództwo na podstawie wadliwie zastosowanego <xLexLink xArt="art. 226 § 1;art. 226" xIsapId="WDU19640160093" xTitle="Ustawa z dnia 23 kwietnia 1964 r. - Kodeks cywilny" xAddress="Dz. U. z 1964 r. Nr 16, poz. 93">§ 1 art. 226</xLexLink> w zw. z <xLexLink xArt="art. 230" xIsapId="WDU19640160093" xTitle="Ustawa z dnia 23 kwietnia 1964 r. - Kodeks cywilny" xAddress="Dz. U. z 1964 r. Nr 16, poz. 93">art. 230 k.c.</xLexLink>, Sąd Okręgowy przeoczył ponadto ustabilizowany od dawna pogląd, zgodnie z którym rozliczenie nakładów poczynionych przez posiadacza zależnego na cudzą nieruchomość powinno się odbywać przede wszystkim zgodnie z regułami tego stosunku prawnego, który był podstawą objęcia rzeczy w posiadanie zależne (postanowienie Sądu Najwyższego z dnia 5 marca 2009 r., III CZP 6/09, wyrok Sądu Najwyższego z dnia 27 września 2009 r., II CSK 512/08, wyrok Sądu Najwyższego z dnia 19 listopada 1998 r., III CKN 33/98 czy też wyrok Sądu Apelacyjnego w Poznaniu z dnia 6 maja 2010 r., I ACa 276/10). Z powołanych orzeczeń jednoznacznie wynika, że <xLexLink xArt="art. 224;art. 225;art. 226" xIsapId="WDU19640160093" xTitle="Ustawa z dnia 23 kwietnia 1964 r. - Kodeks cywilny" xAddress="Dz. U. z 1964 r. Nr 16, poz. 93">art. 224 – 226 k.c.</xLexLink> mogą stanowić podstawę prawną rozliczenia posiadacza zależnego z właścicielem wyłączenie wtedy, gdy strony nie były związane umową albo gdy regulacja umowy zawartej przez strony nie zawiera stosownych przepisów. W szczególności przy umowie najmu podstawę prawną rozliczenia właściciela z nakładów poczynionych przez najemcę stanowi <xLexLink xArt="art. 676" xIsapId="WDU19640160093" xTitle="Ustawa z dnia 23 kwietnia 1964 r. - Kodeks cywilny" xAddress="Dz. U. z 1964 r. Nr 16, poz. 93">art. 676 k.c.</xLexLink>, a przy użyczeniu stosuje się zasady rozliczenia obowiązujące przy umowie prowadzenia cudzych spraw bez zlecenia, stosownie do <xLexLink xArt="art. 713" xIsapId="WDU19640160093" xTitle="Ustawa z dnia 23 kwietnia 1964 r. - Kodeks cywilny" xAddress="Dz. U. z 1964 r. Nr 16, poz. 93">art. 713</xLexLink> w zw. z <xLexLink xArt="art. 753;art. 753 § 2" xIsapId="WDU19640160093" xTitle="Ustawa z dnia 23 kwietnia 1964 r. - Kodeks cywilny" xAddress="Dz. U. z 1964 r. Nr 16, poz. 93">art. 753 § 2 k.c.</xLexLink> (tak Sąd Najwyższy w postanowieniu z dnia 5 marca 2009 r., III CZP 6/09 i w uchwale z dnia 20 sierpnia 1973 r., III CZP 17/73), które mają zastosowanie także do rozliczenia nakładów dokonanych przez użytkownika cudzej rzeczy, stosownie do <xLexLink xArt="art. 260;art. 260 § 2" xIsapId="WDU19640160093" xTitle="Ustawa z dnia 23 kwietnia 1964 r. - Kodeks cywilny" xAddress="Dz. U. z 1964 r. Nr 16, poz. 93">art. 260 § 2 k.c.</xLexLink> Przepisy <xLexLink xArt="" xIsapId="WDU19460570319" xTitle="Dekret z dnia 11 października 1946 r. - Prawo rzeczowe" xAddress="Dz. U. z 1946 r. Nr 57, poz. 319">prawa rzeczowego</xLexLink>, w tym <xLexLink xArt="art. 226" xIsapId="WDU19640160093" xTitle="Ustawa z dnia 23 kwietnia 1964 r. - Kodeks cywilny" xAddress="Dz. U. z 1964 r. Nr 16, poz. 93">art. 226 k.c.</xLexLink>, mają zastosowanie wtedy, gdy brak jest postaw do zastosowania powołanych przepisów, jednakże z orzecznictwa Sądu Najwyższego, ani z żadnego przepisu nie wynika, aby rozliczenie nakładów poczynionych przez posiadacza zależnego mogło zostać dokonane zgodnie z <xLexLink xArt="art. 226;art. 226 § 1" xIsapId="WDU19640160093" xTitle="Ustawa z dnia 23 kwietnia 1964 r. - Kodeks cywilny" xAddress="Dz. U. z 1964 r. Nr 16, poz. 93">art. 226 § 1 k.c.</xLexLink>, ponieważ, jak zaznaczono, jest to posiadanie w złej wierze. W orzecznictwie Sądu Najwyższego odnotować ponadto należy pogląd, zgodnie z którym w wypadku nakładów motywowanych względami rodzinnymi, w szczególności bliskim pokrewieństwem, którym towarzyszyło wieloletnie korzystanie, za zgodą właściciela, z nieruchomości należącej do bliskiego krewnego, po stronie właściciela nie powstaje roszczenie o zapłatę przez posiadacza wynagrodzenia za korzystanie z nieruchomości krewnego bez tytułu prawnego z tego względu, że posiadaczowi nie przysługuje roszczenie o rozliczenie nakładów, a wszelkie rozliczenia nakładów faktycznie poniesionych mogą zostać dokonane na podstawie przepisów dotyczących bezpodstawnego wzbogacenia się właściciela kosztem posiadacza w dacie zwrotu rzeczy, czyli na podstawie <xLexLink xArt="art. 405" xIsapId="WDU19640160093" xTitle="Ustawa z dnia 23 kwietnia 1964 r. - Kodeks cywilny" xAddress="Dz. U. z 1964 r. Nr 16, poz. 93">art. 405 k.c.</xLexLink> (wyrok Sądu Najwyższego z dnia 30 czerwca 1972 r., III CRN 91/72).</xText>
          <xText>Oceniając zebrane dowody oraz stanowiska stron, Sąd Okręgowy ustalił, że między <xAnon>P. B.</xAnon> a rodzinami pozwanej nie została zawarta umowa, która byłaby podstawą objęcia spornej nieruchomości przez dziadka pozwanej, chociaż pozwana twierdziła, że taka umowa została zawarta w sposób dorozumiany. Wskazać należy, że zamiast oprzeć się na ustaleniach i ocenach wyrażonych przez Sąd Apelacyjny w uzasadnieniu wyroku z dnia 26 maja 1994 r., przeprowadzając dowody zgłoszone przez strony, w tym przesłuchując świadków i strony, Sąd Okręgowy skupił swoją uwagę na uzyskaniu materiału określającego charakter posiadania wykonywanego przez dziadka pozwanej, nie skierował natomiast czynności dowodowych ani w kierunku umożliwiającym ustalenie istnienia między stronami porozumienia dotyczącego rozliczenia nakładów poczynionych przez dziadka pozwanej, ani w kierunku dającym podstawę do ustalenia, czy w dacie zwrotu spornej nieruchomości, czyli w dniu 16 października 2006 r., pozwana bezpodstawnie wzbogaciła się kosztem powódki. Opinia biegłego sądowego, na której Sąd Okręgowy oparł wyrok uwzględniający powództwo o rozliczenie nakładów, nie stanowi podstawy do udzielenia odpowiedzi na postawione pytanie. Biegły sądowy nie ustalił bowiem wartości spornej nieruchomości w dacie dokonania darowizny przez rodziców pozwanej. Nie ustalił również wartości tej nieruchomości w dacie jej zwrócenia przez powódkę, lecz oszacował wartość nakładów na nieruchomość pozwanej poczynionych przez <xAnon>P. B.</xAnon>, które nie musiały się przekładać na proporcjonalny wzrost wartości tej nieruchomości. Powołana opinia mogła co najwyżej stanowić podstawę określenia wartości tych nakładów, nie była natomiast przydatna do ustalenia, czy pozwana nie została bezpodstawnie wzbogacona kosztem swojego dziadka i jego małżonki. Także z tego powodu zaskarżony wyrok podlegał uchyleniu do ponownego rozpoznania. Od Sądu Apelacyjnego nie można było bowiem wymagać zastosowania w postępowaniu apelacyjny zupełnie nowej podstawy prawnej roszczenia, ustalenia istotnych dla sprawy okoliczności na podstawie nieadekwatnego materiału dowodowego, a tym bardziej dopuszczenia z urzędu właściwych dowodów. Za uzasadnione Sąd Apelacyjny uznał uchylenie wyroku objętego apelacją oraz przekazanie sprawy Sądowi Okręgowemu do ponownego rozpoznania, jak również orzeczenia o kosztach postępowania apelacyjnego, stosownie do <xLexLink xArt="art. 108;art. 108 § 2" xIsapId="WDU19640430296" xTitle="Ustawa z dnia 17 listopada 1964 r. - Kodeks postępowania cywilnego" xAddress="Dz. U. z 1964 r. Nr 43, poz. 296">art. 108 § 2 k.p.c.</xLexLink></xText>
          <xText>Zgodnie z poczynionymi uwagami, przy ponownym rozpoznaniu sprawy Sąd Okręgowy powinien podjąć zawieszone postępowanie w sprawie XXIV 978/06, której należy nadać właściwy bieg. W dalszej kolejności zalecić należy połączenie powołanej sprawy do wspólnego rozpoznania i rozstrzygnięcia z niniejszą sprawą, jest bowiem wskazane, aby w jednym postępowaniu doszło do merytorycznej oceny roszczeń dochodzonych w obu sprawach, co powinno również ułatwić ewentualną kontrolę instancyjną rozstrzygnięcia o zasadności tych roszczeń. Przeszkody nie powinna stanowić okoliczność, że powołana sprawa zawisła w XXIV Wydziale Cywilnym Sądu Okręgowego w Warszawie. Gdyby wskazane sprawy nie zostały połączone, zarzut potrącenia zgłoszony w sprawie XXIV C 978/06 stanowi przyczynę do zawieszenia postępowania w sprawie niniejszej, chyba że przy ponownym rozpoznaniu tej sprawy pozwana zgłosi do potrącenia roszczenie o wynagrodzenie za bezumowne korzystanie przez powódkę ze spornej nieruchomości.</xText>
          <xText>Badając sprawę merytorycznie, Sąd Okręgowy powinien ustalić, czy między dziadkiem pozwanej a jej rodzicami albo bezpośrednio między stronami nie było porozumienia co do zasad rozliczenia nakładów, a przy negatywnej odpowiedzi na to pytanie, powinien rozważyć możliwość rozliczenia nakładów poczynionych przez <xAnon>P. B.</xAnon> zgodnie z <xLexLink xArt="art. 405" xIsapId="WDU19640160093" xTitle="Ustawa z dnia 23 kwietnia 1964 r. - Kodeks cywilny" xAddress="Dz. U. z 1964 r. Nr 16, poz. 93">art. 405 k.c.</xLexLink>, jeżeli powódka nie będzie oponować przeciwko zakwalifikowaniu dochodzonego roszczenia o rozliczenie nakładów według wskazanego przepisu. Związany wyrokiem Sądu Apelacyjnego z dnia 26 maja 1995 r., I ACr 364/95 oraz treścią <xLexLink xArt="art. 386;art. 386 § 6" xIsapId="WDU19640430296" xTitle="Ustawa z dnia 17 listopada 1964 r. - Kodeks postępowania cywilnego" xAddress="Dz. U. z 1964 r. Nr 43, poz. 296">art. 386 § 6 k.p.c.</xLexLink>, przy ponownym rozstrzyganiu sprawy Sąd Okręgowy nie będzie mógł uznać <xLexLink xArt="art. 226;art. 226 § 1" xIsapId="WDU19640430296" xTitle="Ustawa z dnia 17 listopada 1964 r. - Kodeks postępowania cywilnego" xAddress="Dz. U. z 1964 r. Nr 43, poz. 296">art. 226 § 1</xLexLink> w zw. z <xLexLink xArt="art. 230" xIsapId="WDU19640160093" xTitle="Ustawa z dnia 23 kwietnia 1964 r. - Kodeks cywilny" xAddress="Dz. U. z 1964 r. Nr 16, poz. 93">art. 230 k.c.</xLexLink> za podstawę rozliczenia wskazanych nakładów. Dowód z opinii biegłego nie będzie więc potrzebny do ustalenia wartości tych nakładów, lecz do porównania wartości nieruchomości przy <xAnon>ul. (...)</xAnon> w <xAnon>W.</xAnon> w okresie jej nabycia przez pozwaną w stosunku do daty jej zwrócenia przez powódkę. Wskazane zalecenia nie dotyczą merytorycznej oceny roszczenia będącego przedmiotem sprawy XXIVC 978/06, ponieważ rozpoznawana apelacja nie obejmuje swym zakresem roszczenia o wynagrodzenie dochodzone przez pozwaną w osobnej sprawie.</xText>
          <xText>Mając powyższe na uwadze, na podstawie powołanych przepisów i <xLexLink xArt="art. 386;art. 386 § 4" xIsapId="WDU19640430296" xTitle="Ustawa z dnia 17 listopada 1964 r. - Kodeks postępowania cywilnego" xAddress="Dz. U. z 1964 r. Nr 43, poz. 296">art. 386 § 4 k.p.c.</xLexLink>, Sąd Apelacyjny orzekł jak w sentencji.</xText>
        </xUnit>
      </xBlock>
    </xPart>
  </judgement>
<judgement id="154500000000503_I_ACa_000378_2012_Uz_2012-10-18_001">
    <xPart xEditorFullName="Krystyna Brawecka" xYear="2012" xLang="PL" xPublisherFullName="Krystyna Brawecka" xFromPg="1" xEditor="kbraweck" xVolType="15/450000/0000503/ACa" xPublisher="kbraweck" xDocType="Uz" xVolNmbr="000378" xVersion="1.0" xToPage="1" xFlag="published">
      <xName>Wyrok+Uzasadnienie</xName>
      <xBlock>
        <xText>
          <xBx>Sygn. akt I ACa 378/12 </xBx>
        </xText>
        <xUnit xIsTitle="true" xType="part" xBold="true">
          <xName>WYROK</xName>
          <xTitle>W IMIENIU RZECZYPOSPOLITEJ POLSKIEJ</xTitle>
          <xText xALIGNx="right">
            <xBx>Dnia 18 października 2012 r.</xBx>
          </xText>
          
          <xText>Sąd Apelacyjny w Warszawie I Wydział Cywilny w składzie:</xText>
          
          <xText>Przewodniczący:SSA Edyta Jefimko</xText>
          <xText>Sędziowie:SA Przemysław Kurzawa</xText>
          <xText>SO (del.) Robert Obrębski (spr.)</xText>
          <xText>Protokolant: aplikant aplikacji sędziowskiej Alicja Klimas
  </xText>
          <xText>po rozpoznaniu w dniu 18 października 2012r. w Warszawie</xText>
          <xText>na rozprawie sprawy z powództwa <xAnon> (...) spółki z ograniczoną odpowiedzialnością</xAnon> z siedzibą w <xAnon>J.</xAnon></xText>
          <xText>przeciwko<xAnon>(...)</xAnon><xAnon>W.</xAnon></xText>
          <xText>o zapłatę</xText>
          <xText>na skutek apelacji powoda</xText>
          <xText>od wyroku Sądu Okręgowego w Warszawie</xText>
          <xText>z dnia 13 grudnia 2011 r., sygn. akt II C 569/10</xText>
          <xUnit xIsTitle="false" xType="none">
            <xName xSffx=".">I</xName>
            <xText>
              <xBx>oddala apelację; </xBx>
            </xText>
          </xUnit>
          <xUnit xIsTitle="false" xType="none">
            <xName xSffx=".">II</xName>
            <xText>
              <xBx>zasądza od <xAnon> (...) spółki z ograniczoną odpowiedzialnością</xAnon> z siedzibą w <xAnon>J.</xAnon> na rzecz <xAnon>(...)</xAnon><xAnon>W.</xAnon> kwotę 2700 zł (dwa tysiące siedemset złotych) tytułem zwrotu kosztów postępowania apelacyjnego. </xBx>
            </xText>
          </xUnit>
          
          <xText>Sygn. akt I ACa 378/12</xText>
        </xUnit>
        <xUnit xIsTitle="true" xType="part" xBold="true">
          <xName>UZASADNIENIE</xName>
          <xText>Pozwem z dnia 22 czerwca 2010 r. <xAnon> (...) Spółka z o.o.</xAnon> w <xAnon>J.</xAnon> wniosła o zasądzenie od<xAnon>(...)</xAnon><xAnon>W.</xAnon> kwoty 127487,85 zł wraz z ustawowymi odsetkami od dnia 19 maja 2010 r. do dnia zapłaty tytułem nieuiszczonej części wynagrodzenia za wykonanie umowy z dnia 1 grudnia 2009 r. dotyczącej zakupienia, dostarczenia oraz instalacji czterech respiratorów do szpitali w <xAnon>K.</xAnon> oraz we <xAnon>L.</xAnon> w związku z podjętą przez stronę pozwaną akcją pomocy mającej przeciwdziałać skutkom pandemii grypy, która wystąpiła na <xAnon>(...)</xAnon> pod koniec 2009 r. W uzasadnieniu pozwu podniesiono, że opóźnienie w realizacji umowy nie zostało spowodowane przez powoda, który z zachowaniem właściwej staranności podejmował działanie, aby sprzęt medyczny dotarł na miejsce przeznaczenia w najwcześniej możliwym terminie. Według powoda, przedłużanie się wykonywania umowy było spowodowane czynnikami niezależnymi, zwłaszcza barierami związanymi ze sprawnością działania <xAnon>(...)</xAnon> służby celnej oraz innych organów administracji, do kompetencji których należało załatwienie formalności dotyczących nadania sprzętowi statusu pomocy humanitarnej. Powód podnosił, że strona pozwana nie współdziałała właściwie przy realizacji umowy, nie miała więc podstaw do naliczenia kary umownej określonej w umowie tytułem przekroczenia terminu realizacji umowy oraz jej potrącenia z należnością powoda opiewającą na kwotę dochodzoną pozwem.</xText>
          <xText>Strona pozwana wnosiła o oddalenie powództwa. Podnosiła, że powód nie zachował staranności obowiązującej przedsiębiorcę, nie wykazał się wymaganą znajomością warunków dostawy sprzętu medycznego na rynek<xAnon>(...)</xAnon> w efekcie czego nie dotrzymał terminu realizacji umowy, dając stronie pozwanej podstawę do skorzystania z uprawnienia dotyczącego naliczenia kary umownej, która zgodnie z umową została potrącona z należnością powoda za opóźnione wykonanie umowy. Strona pozwana wskazywała, że podstawowym celem pomocy udzielonej stronie <xAnon>(...)</xAnon> było dostarczenie specjalistycznego sprzętu w okresie wystąpienia pandemii grypy na <xAnon>(...)</xAnon> Wskazywano, że dwumiesięczne opóźnienie w dostawie sprzętu spowodowało, że wskazany cel nie mógł zostać osiągnięty.</xText>
          <xText>Wyrokiem z dnia 13 grudnia 2011 r. Sąd Okręgowy oddalił powództwo i zasądził od powoda na rzecz strony pozwanej kwotę 3600 zł tytułem zwrotu kosztów procesu. Na podstawie zebranego materiału dowodowego, Sąd Okręgowy ustalił, że w listopadzie 2009 r. Rada Miasta <xAnon>(...)</xAnon><xAnon>W.</xAnon> podjęła uchwalę o udzieleniu pomocy mieszkańcom <xAnon>K.</xAnon> oraz <xAnon>L.</xAnon> polegającej na zakupie oraz dostawie do dwóch szpitali znajdujących się w tych miastach czterech respiratorów, które mogłyby się przyczynić do opanowania pandemii grypy, która rozprzestrzeniała się wówczas na<xAnon>(...)</xAnon> W wykonaniu powołanej uchwały, w dniu 1 grudnia 2009 r. strony podpisały umowę, w której powód zobowiązał się, że w terminie 7 dni zakupi i dostarczy cztery respiratory <xAnon>N.</xAnon> e360 do dwóch szpitali w <xAnon>K.</xAnon> oraz we <xAnon>L.</xAnon> oraz przeszkoli personel w zakresie obsługi tych urządzeń, zaś strona pozwana zobowiązała się do zapłaty należności w kwocie 333999,60 zł. Sąd Okręgowy ustalił, że zgodnie z umową, za naruszenie terminu wykonania umowy z przyczyn obciążających powoda, strona pozwana uprawniona została do naliczenia kary umownej w wysokości 0,3 % umówionego wynagrodzenia brutto za każdy rozpoczęty dzień opóźnienia. Powód, jak ustalił Sąd Okręgowy, zajmował się dostawą sprzętu medycznego za granicę, jednakże nie posiadał doświadczenia w stosunkach handlowych z <xAnon>(...)</xAnon>. Niezwłocznie po podpisaniu umowy, przystąpił do jej realizacji, jednakże nabyte respiratory dostarczył do odprawy celnej w <xAnon>K.</xAnon> dopiero w dniu 13 grudnia 2009 r. Szpitale w <xAnon>K.</xAnon> oraz we <xAnon>L.</xAnon> nie posiadały dokumentów niezbędnych do odebrania sprzętu z urzędu celnego, jak ustalił Sąd Okręgowy, w dniu 14 grudnia 2009 r. strona pozwana wystawiła dokumenty darowizny respiratorów, które decyzją z dnia 21 stycznia 2010 r. Komisji do Spraw Pomocy Humanitarnej przy Gabinecie Ministrów<xAnon>(...)</xAnon> zostały zakwalifikowane jako pomoc humanitarna i mogły zostać odebrane. Według ustaleń Sądu Okręgowego, do urzędu celnego we <xAnon>L.</xAnon> urządzenia dotarły w dniu 11 lutego 2010 r., jednakże dopiero pod koniec marca 2010 r. Instytut do Spraw Sanitarno – Epidemiologicznych w <xAnon>K.</xAnon> wydał niezbędne zezwolenie na użytkowanie sprzętu przeznaczonego dla<xAnon>(...)</xAnon> szpitali. Sąd Okręgowy ustalił także, że o trudnościach i opóźnieniach związanych z wykonywaniem umowy powód był informowany przez <xAnon> spółkę (...)</xAnon>, z którą współpracował przy jej realizacji. Powód nie był bowiem świadomy, jak ustalił Sąd Okręgowy, wymagań administracyjnych, jakie należało spełnić po stronie <xAnon>(...)</xAnon>aby można było przeprowadzić odprawę celną i dostarczyć sprzęt medyczny do obdarowanych szpitali. Sąd Okręgowy ustalił, że ostatecznie w szpitalu w <xAnon>K.</xAnon> respiratory zostały zainstalowane na początku kwietnia 2010 r., zaś w szpitalu we <xAnon>L.</xAnon> zostały oddane do użytku w połowie kwietnia 2010 r., po odpowiednim przeszkoleniu pracowników szpitali przez powoda. Sąd Okręgowy ustalił również, że faktura za wykonanie umowy opiewająca na całą należność uzgodnioną w umowie został wystawiona przez powoda w dniu 27 kwietnia 2010 r., jednakże nie została zapłacona w części dotyczącej kwoty 127487,85 zł, która na podstawie noty księgowej z dnia 24 maja 2010 r., została potrącona przez stronę pozwaną z karą umowną naliczoną za przekroczenie terminu wykonania umowy. Jak ustalił Sąd Okręgowy, opóźnienie w dostawie sprzętu do szpitala w <xAnon>K.</xAnon> oraz jego oddaniu do użytku wyniosło 122 dni, natomiast w części dotyczącej szpitala we <xAnon>L.</xAnon> termin wykonania umowy został przekroczony o 134 dni.</xText>
          <xText>Oceniając znaczenie prawne ustalonych okoliczności, Sąd Okręgowy uznał, że powództwo podlega oddaleniu. Według Sądu Okręgowego, strona pozwana była uprawniona do obciążanie powoda karą umowną za naruszenie terminu wykonania umowy z dnia 1 grudnia 2009 r. Przy ocenie staranności, jakiej należało wymagać od powoda, decydujące znaczenie Sąd Okręgowy przywiązał do zawarcia i wykonywania umowy w zakresie prowadzenia przez powoda działalności gospodarczej. Odwołując się do normy <xLexLink xArt="art. 355;art. 355 § 2" xIsapId="WDU19640160093" xTitle="Ustawa z dnia 23 kwietnia 1964 r. - Kodeks cywilny" xAddress="Dz. U. z 1964 r. Nr 16, poz. 93">art. 355 § 2 k.c.</xLexLink>, Sąd Okręgowy uznał, że powoda obowiązywał podwyższony miernik staranności, zachowanie której wymagało właściwego przewidywania oraz skalkulowania czasu potrzebnego na wykonanie umowy zgodnie z jej treścią, przy uwzględnieniu wszelkich uwarunkowań faktycznych i prawnych mających znaczenie dla zachowania krótkiego terminu przewidzianego na wykonanie umowy, zwłaszcza że przed jej podpisaniem powód powoływał się na posiadane doświadczenie w zagranicznych stosunkach handlowych, w związku z czym strona pozwana miała podstawy przyjąć, że powodowi znane są również realia wymiany handlowej ze stroną <xAnon>(...)</xAnon>. Podnosząc, że podwyższony miernik staranności obowiązującej przedsiębiorcę obejmuje znajomość przepisów prawa oraz praktyki obrotu w stosunkach danego rodzaju, Sąd Okręgowy wskazał, że przy wykonywaniu umowy z dnia 1 grudnia 2009 r. okazało się, że powód nie ma odpowiedniego doświadczenia, nie zna regulacji prawnej, w tym przepisów obowiązujących na <xAnon>(...)</xAnon>, ani miejscowej praktyki. Okazało więc bowiem, jak ustalił Sąd Okręgowy, że powodowi nie były znane wymagania formalne, jakie należało spełnić, aby można było legalnie sprowadzić sprzęt medyczny do szpitali w <xAnon>K.</xAnon> oraz we <xAnon>L.</xAnon>, jak również że powód nie miał informacji o czasie, jakie trzeba poświęcić, aby spełnić wszystkie wymagania stawiane przez stronę <xAnon>(...)</xAnon>. Wskazując, że okoliczność wystąpienia na <xAnon>(...)</xAnon> pandemii grypy była powodowi znana w dacie podpisania umowy, jak też że powód był zorientowany co do znaczenia wykonania umowy w uzgodnionym terminie, Sąd Okręgowy uznał, że jego przekroczenie nie zostało wywołane obiektywnymi czynnikami, ani brakiem współdziałania strony pozwanej. Z umowy wynikało, jak wskazał Sąd Okręgowy, że powód na własne ryzyko podjął się wykonania umowy, której czasowa realizacja była uzasadniona szczególnie wyjątkowymi okolicznościami, chodziło bowiem o udzielenie natychmiastowej pomocy, która była przeznaczona dla mieszkańców <xAnon>K.</xAnon> oraz <xAnon>L.</xAnon>, dotkniętych pandemią grypy. Z podanych powodów Sąd Okręgowy uznał, że zachodziły przesłanki do obciążenie powoda karą umowną, która została prawidłowo wyliczona przez stronę pozwaną na kwotę 127487,85 zł. Ustalając, że pozostała część należności za wykonanie umowy, wyliczona na kwotę 165999,80 zł, została uregulowana, Sąd Okręgowy uznał, że powód nie udowodnił zasadności roszczenia w żadnej jego części oraz że powództwo podlega oddaleniu w całości, zwłaszcza że na tle ustalonych okoliczności sprawy Sąd Okręgowy nie dopatrzył się także podstaw do zastosowania na korzyść powoda <xLexLink xArt="art. 484;art. 484 § 2" xIsapId="WDU19640160093" xTitle="Ustawa z dnia 23 kwietnia 1964 r. - Kodeks cywilny" xAddress="Dz. U. z 1964 r. Nr 16, poz. 93">art. 484 § 2 k.c.</xLexLink> przez miarkowanie kary umownej. Uwzględniając okoliczności tej sprawy, w szczególności humanitarny cel umowy z dnia 1 grudnia 2009 r., jak również zakres opóźnienia wywołanego przez powoda, Sąd Okręgowy uznał, że obniżenie wynagrodzenia należnego powodowi o 37 % nie dawało podstawy do uznania, że potrącona kara umowna została zastrzeżona w wysokości rażąco wygórowanej. O kosztach procesu Sąd Okręgowy orzekł na podstawie <xLexLink xArt="art. 98" xIsapId="WDU19640430296" xTitle="Ustawa z dnia 17 listopada 1964 r. - Kodeks postępowania cywilnego" xAddress="Dz. U. z 1964 r. Nr 43, poz. 296">art. 98 k.p.c.</xLexLink> w zw. z <xLexLink xArt="§ 6;§ 6 pkt. 6" xIsapId="WDU20021631349" xTitle="Rozporządzenie Ministra Sprawiedliwości z dnia 28 września 2002 r. w sprawie opłat za czynności radców prawnych oraz ponoszenia przez Skarb Państwa kosztów pomocy prawnej udzielonej przez radcę prawnego ustanowionego z urzędu" xAddress="Dz. U. z 2002 r. Nr 163, poz. 1349">§ 6 pkt 6 rozporządzenia Ministra Sprawiedliwości z dnia 28 września 2002 r. w sprawie opłat za czynności radców prawnych oraz ponoszenia przez Skarb Państwa kosztów pomocy prawnej udzielonej przez radcę prawnego ustanowionego z urzędu</xLexLink>.</xText>
          <xText>Apelację od wyroku Sądu Okręgowego wniósł powód. Zaskarżając ten wyrok w całości, powód zarzucił Sądowi Okręgowemu naruszenie <xLexLink xArt="art. 355;art. 355 § 2" xIsapId="WDU19640160093" xTitle="Ustawa z dnia 23 kwietnia 1964 r. - Kodeks cywilny" xAddress="Dz. U. z 1964 r. Nr 16, poz. 93">art. 355 § 2 k.c.</xLexLink> przez nietrafne uznanie, że należyta staranności dłużnika prowadzącego działalność gospodarczą obejmuje odpowiedzialność za czynności wierzyciela oraz osób trzecich, na działania których dłużnik nie ma wpływu, jak również przez nieuzasadnione, zdaniem skarżącego, przyjęcie, że powoda obciążały dodatkowe zobowiązania, które nie zostały uzgodnione przez strony w umowie, w tym zwłaszcza obowiązek udzielania przez powoda porad stronie pozwanej i osobom trzecim. Drugi zarzut podniesiony w apelacji dotyczył naruszenia przez Sąd Okręgowy <xLexLink xArt="art. 483;art. 483 § 2" xIsapId="WDU19640160093" xTitle="Ustawa z dnia 23 kwietnia 1964 r. - Kodeks cywilny" xAddress="Dz. U. z 1964 r. Nr 16, poz. 93">art. 483 § 2 k.c.</xLexLink> przez pominięcie okoliczności, że opóźnienie w wykonaniu umowy nie naraziło strony pozwanej na szkodę, której wystąpienie, według powoda, jest niezbędnym warunkiem naliczenia kary umownej przez stronę pozwaną oraz jej potrącenia ze należnością powoda. Na podstawie opisanych zarzutów, powód wnosił o zmianę zaskarżonego wyroku, zasądzenie od strony pozwanej na swoją rzecz kwoty 127487,85 zł wraz z ustawowymi odsetkami od dnia 19 maja 2010 r. do dnia zapłaty oraz obciążenie strony pozwanej kosztami postępowania za obie instancje, w tym kosztami zastępstwa procesowego według norm przepisanych.</xText>
          <xText><xBx>Sąd Apelacyjny zważył, co następuje</xBx>:</xText>
          <xText>Apelacja nie zasługiwała na uwzględnienie. Ustalenia Sądu Okręgowego były w pełni prawidłowe, nie były sporne między stronami, nie zostały również zakwestionowane w apelacji i w całości zostały przyjęte przez Sąd Apelacyjny za podstawę rozstrzygnięcia o jej zasadności. Sąd Apelacyjny w całości ponadto podzielił argumentację prawną podaną w uzasadnieniu zaskarżonego wyroku i uznał, że żaden z zarzutów podniesionych w apelacji nie był uzasadniony i nie dawał podstawy do jej uwzględnienia. W zakresie dotyczącym zastosowania przez Sąd Okręgowy <xLexLink xArt="art. 355;art. 355 § 2" xIsapId="WDU19640160093" xTitle="Ustawa z dnia 23 kwietnia 1964 r. - Kodeks cywilny" xAddress="Dz. U. z 1964 r. Nr 16, poz. 93">art. 355 § 2 k.c.</xLexLink>, apelacja powoda stanowi niezasadną polemiką z celnymi argumentami Sądu Okręgowego, które w pełni uzasadniały wydanie wyroku oddalającego powództwo. W zakresie dotyczącym wykładni oraz zastosowania w tej sprawie powołanego przepisu, uzasadnienie wyroku oddalającego apelację powoda może polegać na uzupełnieniu argumentów podanych przez Sąd Okręgowy, a zwłaszcza na wskazaniu, że główną przyczynę bezzasadności odmiennego stanowiska powoda stanowi wadliwa wykładnia <xLexLink xArt="art. 355;art. 355 § 2" xIsapId="WDU19640160093" xTitle="Ustawa z dnia 23 kwietnia 1964 r. - Kodeks cywilny" xAddress="Dz. U. z 1964 r. Nr 16, poz. 93">art. 355 § 2 k.c.</xLexLink> w odniesieniu do okoliczności fatycznych tej sprawy. Szczegółowe uzasadnienie należy poprzedzić omówieniem zarzutu dotyczącego naruszenia przez Sąd Okręgowy <xLexLink xArt="art. 483;art. 483 § 1" xIsapId="WDU19640160093" xTitle="Ustawa z dnia 23 kwietnia 1964 r. - Kodeks cywilny" xAddress="Dz. U. z 1964 r. Nr 16, poz. 93">art. 483 § 1 k.c.</xLexLink>, ponieważ zaprezentowana w apelacji wykładnia tego przepisu nie była podnoszona przed Sądem Okręgowym, a ponadto dlatego, że drugi z zarzutów podanych w apelacji jest dalej idący, jednakże również nie przemawia za jej zasadnością.</xText>
          <xText>Literalna wykładnia <xLexLink xArt="art. 483;art. 483 § 1" xIsapId="WDU19640160093" xTitle="Ustawa z dnia 23 kwietnia 1964 r. - Kodeks cywilny" xAddress="Dz. U. z 1964 r. Nr 16, poz. 93">art. 483 § 1 k.c.</xLexLink> mogła budzić wątpliwości dotyczące zależności między doznaniem szkody przez stronę uprawnioną do naliczenia kary umownej zastrzeżonej w kontrakcie a zasadnością obciążenia nią strony zobowiązanej do spełnienia świadczenia niepieniężnego, które w ogóle nie zostało wykonane albo zostało spełnione nienależycie, w szczególności po upływie termin. Nie można zaprzeczyć, że wskazane zagadnienie było także przedmiotem rozbieżności w orzecznictwie, także Sądu Najwyższego. Można przypomnieć, że za stanowiskiem prezentowanym w apelacji Sąd Najwyższy opowiedział się nie tylko w powołanym w jej treści wyroku z dnia 20 marca 1967 r., II CR 419/67, ale również w znaczenie późniejszym wyroku z dnia 9 mara 2003 r., V CKN 162/01. Pogląd wyrażony w powołanych orzeczeniach nie może jednak zostać uznany za dominujący, ani też za aktualne stanowisko Sądu Najwyższego. W licznych bowiem orzeczeniach Sąd Najwyższy przyjmował, że obowiązek zapłaty kary umownej nie jest uzależniony od doznania szkody przez stronę uprawnioną do jej naliczenia. Za takim poglądem Sąd Najwyższy wypowiedział się przykładowo w wyroku z dnia 4 grudnia 2003 r., II CK 160/02, w wyroku z dnia 17 czerwca 2004 r. oraz w wyroku z dnia 11 stycznia 2007 r. Przesądzająca była natomiast uchwała składu siedmiu sędziów Sądu Najwyższego z dnia 6 listopada 2003 r., III CZP 61/03, które nadana została moc zasady prawnej. Dostrzegając rozbieżności we własnym orzecznictwie, w uzasadnieniu tej uchwały, w składzie rozszerzonym Sąd Najwyższy rozważał liczne argumenty, które były podnoszone wcześniej, jednakże analiza istoty oraz funkcji kary umownej był podstawą wyrażenia przez Sąd Najwyższy poglądu, zgodnie z którym ,,<xIx>Zastrzeżenie kary umownej na wypadek niewykonania lub nienależytego wykonania zobowiązania nie zwalnia dłużnika z obowiązku jej zapłaty w razie wykazania, że wierzyciel nie poniósł szkody</xIx><xSUPx>,,</xSUPx>. Sąd Apelacyjny podzielił przytoczone stanowisko i przychylił się do szerokiej argumentacji, którą Sąd Najwyższy podał na jego uzasadnienie, a odniesienie tego poglądu do okoliczności rozpoznawanej sprawy wykazywało bezzasadność apelacji w części dotyczącej wadliwego zastosowania przez Sąd Okręgowy <xLexLink xArt="art. 483;art. 483 § 1" xIsapId="WDU19640160093" xTitle="Ustawa z dnia 23 kwietnia 1964 r. - Kodeks cywilny" xAddress="Dz. U. z 1964 r. Nr 16, poz. 93">art. 483 § 1 k.c.</xLexLink> Przyjmowana w orzecznictwie wykładnia tego przepisu wykazywała, że strona pozwana nie musiała udowodnić doznania szkody w wyniku przekroczenia przez powoda terminu zastrzeżonego na wykonanie umowy z dnia 1 grudnia 2009 r., zwłaszcza że ciężar dowodu spoczywał w tym zakresie na powodowie.</xText>
          <xText>Niezależnie od aktualnego stanowiska Sądu Najwyższego, rozważając znaczenie prawne okoliczności tej sprawy, nie można było wykluczyć doznania szkody przez stronę pozwaną w wyniku przekroczenia terminu wykonania przez powoda powołanej umowy, ponieważ chodziło o świadczenie na rzecz osoby trzeciej, które było związane z darowizną dokonaną przez miasto<xAnon>(...)</xAnon><xAnon>W.</xAnon> na rzecz dwóch szpitali <xAnon>(...)</xAnon> Ogólnie można przyjąć, że jeżeli w uzgodnionym terminie wierzyciel nie uzyskuje świadczenia niepieniężnego, do spełnienia którego zobowiązana jest druga strona umowy, sam zaś należycie wykonuje umowę, wartość tego świadczenia stanowi szkodę doznaną przez wierzyciela, która podlega ograniczeniu przez możliwość powstrzymania się przez wierzyciela ze spełnieniem własnego świadczenia, zazwyczaj pieniężnego, przez okres opóźnienia się drugiej strony umowy z wykonaniem świadczenia niepieniężnego. Okoliczności rozpoznawanej sprawy były jednak szczególne o tyle, że opóźnienie powoda nie zdejmował z pozwanego odpowiedzialności w stosunku do szpitali, które zostały obdarowane respiratorami na podstawie umowy darowizny zawartej na początku grudnia 2009 r., której zawarcie zostało potwierdzone dokumentem wystawionym w dniu 14 grudnia 2009 r. Od tego bowiem momentu na stronie pozwanej spoczywał obowiązek dostarczenia darowanego sprzętu, z okoliczności sprawy nie wynika bowiem, aby termin spełnienia świadczenia obciążającego stronę pozwaną wobec obdarowanych szpitali <xAnon>(...)</xAnon> odbiegał od terminu wykonania umowy z dnia 1 grudnia 2009 r. Przeciwnie, okoliczności ustalone przez Sąd Okręgowy wykazują, że respiratory miały zostać dostarczone i zainstalowane w ciągu 7 dni od daty zawarcia przez strony wskazanej umowy oraz że miasto <xAnon>(...)</xAnon><xAnon>W.</xAnon> podjęło się dostarczenia, na własny koszt, darowanego sprzętu medycznego. Powód był więc podmiotem, którym strona pozwana posługiwała się przy wykonywaniu swoich obowiązków wynikających z umowy darowizny i mogła zostać pociągnięta do odpowiedzialności prawnej za opóźnienie w wykonaniu umowy darowizny, które zostało spowodowane przez powoda. Humanitarny cel darowania respiratorów na rzecz szpitali <xAnon>(...)</xAnon>powodował, że obdarowani nie dochodzili własnych roszczeń od strony pozwanej, a z materiału sprawy nie wynika nawet, aby podnosili okoliczność doznania szkody, jednakże żadna z tych okoliczności nie wykazuje, że opóźnienie miasta<xAnon>(...)</xAnon><xAnon>W.</xAnon> w dostarczeniu darowanego sprzętu nie mogło powiększyć pasywów w majątku strony pozwanej. Nie zostało tym samym wykazane, aby nienależyte wykonanie umowy z dnia 1 grudnia 2009 r. przez powoda nie mogło wyrządzić szkody stronie pozwanej. Nie zachodziły więc podstawy do miarkowania kary umownej na podstawie <xLexLink xArt="art. 484;art. 484 § 2" xIsapId="WDU19640160093" xTitle="Ustawa z dnia 23 kwietnia 1964 r. - Kodeks cywilny" xAddress="Dz. U. z 1964 r. Nr 16, poz. 93">art. 484 § 2 k.c.</xLexLink> (por. wyrok Sądu Najwyższego z dnia 11 stycznia 2007 r., II CSK 400/06). Zarzut naruszenia powołanego przepisu nie był zresztą podnoszony w apelacji.</xText>
          <xText>Apelacji nie uzasadniał także zarzut dotyczący naruszenia przez Sąd Okręgowy <xLexLink xArt="art. 355;art. 355 § 2" xIsapId="WDU19640160093" xTitle="Ustawa z dnia 23 kwietnia 1964 r. - Kodeks cywilny" xAddress="Dz. U. z 1964 r. Nr 16, poz. 93">art. 355 § 2 k.c.</xLexLink> Przeciwnie, zdaniem Sądu Apelacyjnego, analizując okoliczności tej sprawy, Sąd Okręgowy trafnie ocenił działania powoda, w pełni zasadnie uznał, że skarżący nie dopełnił staranności, do której był obowiązany z racji wykonywania umowy w zakresie prowadzenia działalności gospodarczej, prawidłowo w konsekwencji przyjmując, że naruszenie terminu wykonania umowy obciążało powoda, nie było natomiast spowodowane ani przez stronę pozwaną, ani też przez podmioty trzecie, w tym przez różnego rodzaju organy ukraińskiej administracji. Sąd Okręgowy zaprezentował właściwą wykładnię <xLexLink xArt="art. 355;art. 355 § 2" xIsapId="WDU19640160093" xTitle="Ustawa z dnia 23 kwietnia 1964 r. - Kodeks cywilny" xAddress="Dz. U. z 1964 r. Nr 16, poz. 93">art. 355 § 2 k.c.</xLexLink>, a co najważniejsze, trafnie zastosował ten przepis do okoliczności rozpoznawanej sprawy. Odmienne stanowisko powoda nie było uzasadnione i nie zasługiwało na uwzględnienie.</xText>
          <xText>Skarżący przeoczył istotne dla sprawy postanowienia umowy z dnia 1 grudnia 2009 r., z których wynika, że powód przyjął na siebie zobowiązanie rezultatu oraz ryzyko wiązane z pojawieniem się możliwych przeszkód, także dotyczących przeprowadzenia odprawy celnej po stronie<xAnon>(...)</xAnon> Wskazana teza znajduje uzasadnienie w treści § 2 umowy, zgodnie z którym ,,<xIx>Wykonawca zobowiązuje się dostarczyć kompletny sprzęt i materiały z nim związane, w tym osprzęt, dokumentację i inne do <xAnon>K.</xAnon> i <xAnon>L.</xAnon>, na adresy wskazane przez Zamawiającego, na własne ryzyko</xIx><xSUPx>,,</xSUPx>. Przytoczony zapis umowy jednoznacznie potwierdza, że strona pozwana nie przyjęła na siebie żadnego elementu ryzyka, które wiązało się z wykonaniem umowy w tak napiętym terminie. Z kolei z pkt 50 tabeli stanowiącej załącznik nr 1 do umowy z dnia 1 grudnia 2009 r. (k: 139 verte) wynika, że wynagrodzenie należne powodowi obejmuje ,,<xIx>wszelkie koszty związane z dostawą aparatu do miejsca wskazanego przez Zamawiającego, należności celne, opłaty związane z ubezpieczeniem, koszty zainstalowania i uruchomienia aparatu, przeszkolenia personelu w zakresie obsługi</xIx><xSUPx>,,</xSUPx>. W § 6 umowy zostało także zastrzeżone, że powodowi nie przysługuje roszczenie o zwrot kosztów poniesionych w związku z wykonaniem umowy. Obowiązki strony pozwanej ograniczone zostały natomiast do zapłaty umówionego wynagrodzenia, nie obejmowały więc ani podejmowania działań dotyczących pokonania wszystkich barier administracyjnych, w szczególności występujących po stronie<xAnon>(...)</xAnon>, ani współdziałania przy wszelkich czynnościach, które należało wykonać, aby sprzęt darowany stronie <xAnon>(...)</xAnon> trafił na miejsce przeznaczenie w możliwie najkrótszym terminie. Wbrew twierdzeniu powoda, podnieść należy, że z umowy nie wynikało, aby obowiązkiem skarżącego było doradzanie stronie pozwanej. Podnosząc wskazany zarzut w apelacji, skarżący opacznie zinterpretował argumentację, do której odwoływał się Sąd Okręgowy. Nie chodziło o przekazanie stronie pozwanej informacji dotyczącej stosunków handlowych z <xAnon>(...)</xAnon>, lecz o posiadanie przez powoda istotnych informacji dotyczących regulacji prawnych obowiązujących po stronie<xAnon>(...)</xAnon> oraz o występującej w tym zakresie praktyce administracyjnej. Podstawą podstawienia powodowi zarzutu dotyczącego niezachowania staranności, jakiej należało oczekiwać od przedsiębiorcy, nie były okoliczności obiektywnie istniejące, w szczególności konieczność spełnienia wymagań niezbędnych do przekazania przez stronę pozwaną sprzętu darowanego dwóm szpitalom w <xAnon>K.</xAnon> oraz we <xAnon>L.</xAnon>. Nie chodziło także o czas, jaki należało poświęcić, aby w warunkach ruchu granicznego, spowodowanego pandemią grypy, można było pokonać wszystkie przeszkody formalne i dostarczyć specjalistyczny sprzęt medyczny do miejsca przeznaczenia. Przyczyną przypisania skarżącemu odpowiedzialności za powstałe opóźnienie była nieznajomość przepisów obowiązujących na <xAnon>(...)</xAnon> i praktyki związanej z ich stosowaniem. Słusznie wskazał Sąd Okręgowy, że znajomość wskazanych uwarunkowań pozostaje w związku z prowadzeniem działalności gospodarczej i mieści się w zakresie staranności, jakiej można wymagać od przedsiębiorcy. W szczególności już w wyroku z dnia 17 sierpnia 1993 r., III CRN 77/93, Sąd Najwyższy przyjął, że ,,<xIx>Należyta staranność dłużnika, określana przy uwzględnieniu zawodowego charakteru prowadzonej działalności gospodarczej, obejmuje także znajomość obowiązującego prawa oraz następstw z niego wynikających w zakresie prowadzenia działalności gospodarczej</xIx><xSUPx>,,</xSUPx>. W sytuacji, gdy przedsiębiorca zawodowo zajmuje się dostawą sprzętu medycznego poza granice Polski, należy od niego wymagać znajomości zagranicznych procedur celnych, jak też innych wymagań administracyjnych, które muszą zostać pokonane, aby we właściwym czasie sprzęt specjalistyczny dotarł na miejsce przeznaczenia.</xText>
          <xText>Niezachowanie należytej staranności przez powoda nie skutkowało tym, że pojawiły się przeszkody po stronie <xAnon>(...)</xAnon>, do pokonania których trzeba było więcej czasu oraz starań w stosunku do założeń przyjmowanych przez strony przy podpisaniu umowy. Charakter tych przeszkód powodował, że nie można ich była pokonać w terminie określonym przez strony, jednakże nie były to przeszkody niemożliwe do pokonania, lecz trudności administracyjne, które wymagały więcej czasu, ale były możliwe do przezwyciężenia, zwłaszcza że finalnie zostały pokonane. Trudności niemożliwie do pokonania nie mogą być przełamywane także przez podmiot zawodowo zajmujący się daną działalnością (wyroki Sądu Najwyższego z dnia 16 grudnia 2005 r., III CK 317/05, z dnia 23 października 2003 r., V CK 311/02 oraz dnia 8 lipca 1998 r., III CKN 574/07). Przełamywania trudności możliwych do pokonania, a tym bardziej wypełnianie standardowych procedur celnych oraz innych wymagań administracyjnych obowiązujących na danym obszarze państwowym, może wymagać więcej czasu i zabiegów, jednak pozostaje w zakresie staranności, jakiej należy oczekiwać od podmiotu zawodowo zajmującego się prowadzeniem działalności gospodarczej i nie przekracza standardów obowiązujących przedsiębiorcę wyspecjalizowanego w zagranicznym obrocie sprzętem medycznym. Działania powoda związane z wykonywaniem umowy z dnia 1 grudnia 2009 r. nie wykazują, aby skarżącemu znane były wymagania obowiązujące po stronie<xAnon>(...)</xAnon>, w tym konieczność uzyskania zgody na nabycie sprzętu medycznego przez miejscowe szpitale albo trybu zakwalifikowania transakcji sprowadzenia takiego sprzętu na <xAnon>(...)</xAnon>w charakterze pomocy humanitarnej oraz uzyskania zgody na legalne używanie takich urządzeń. Zebrany w tej sprawie materiał dowodowy wykazuje, że powód nie zdawał sobie sprawy z potrzeby uzyskania zgody Komisji do Spraw Pomocy Humanitarnej oraz że z tego, że taki organ działa przy Gabinecie Ministrów<xAnon>(...)</xAnon>. Nic nie wskazuje także na to, aby skarżącemu były znane uprawnienia i sprawność działania Instytutu do Spraw Sanitarno – Epidemiologicznych w <xAnon>K.</xAnon>. Nieznajomość kompetencji tych organów oraz stosowanych procedur obciążała powoda i doprowadziła do tego, że skarżący nie dotrzymał terminu na wykonanie umowy z dnia 1 grudnia 2009 r. Zgadzając się na siedmiodniowy termin wykonania tej umowy, skarżący postąpił w sposób daleko odbiegający od standardów obowiązujących przedsiębiorców i działał na własną szkodę, w szczególności podejmując się wykonania umowy w krótkim terminie w sytuacji, gdy za każdy dzień opóźnienia została zastrzeżona kara umowna. Podejmując ryzyko związane z niedotrzymaniem terminu wykonania umowy, powód wziął na siebie także ryzyko poniesienia związanych z tym sankcji i w postępowaniu sądowym nie może skutecznie stawiać zarzutu bezzasadnego naliczenia kary umownej przez stronę pozwaną oraz jej potrącenia z należności za wykonanie umowy.</xText>
          <xText>Zasadnie ponadto Sąd Okręgowy wskazał, że powodowi znane były szczególne okoliczności zawarcia umowy oraz nietypowy cel przekazania przez stronę pozwaną czterech kosztownych respiratorów na rzecz dwóch <xAnon>(...)</xAnon> szpitali. Chodziło bowiem o natychmiastową pomoc na mieszkańców <xAnon>K.</xAnon> oraz <xAnon>L.</xAnon> w przeciwdziałaniu pandemii grypy. Pomoc humanitarna ze strony Rady <xAnon>W.</xAnon> wykraczała poza zwykłe czynności obrotu handlowego, w związku z czym terminowe wykonanie umowy miało szczególne znaczenie, na co trafnie wskazał Sąd Okręgowy. Strona pozwana nie miała ani obowiązku, ani potrzeby zapoznawania się z przepisami prawa <xAnon>(...)</xAnon>, nie miała również konieczności zasięgania informacji o występującej w tym zakresie praktyce, ponieważ realizację umowy powierzyła podmiotowi zawodowo zajmującemu się czynnościami zagranicznego obrotu sprzętem medycznym, od którego mogła wymagać znajomości wszelkich uwarunkowań mających wpływ na termin wykonania umowy. Jeśli powód podjął się realizacji umowy w uzgodnionym terminie, to strona pozwana mogła działać w uzasadnionym przekonaniu, że jest to zadanie wykonalne oraz że zakładany cel umowy zostanie osiągnięty przy pomocy powoda. Wprowadzenie kary umownej do umowy z dnia 1 grudnia 2009 r. stanowiło uzasadnione zabezpieczenie interesów strony pozwanej, a dla powoda stanowiło podjęcie ryzyka związanego z prowadzoną działalnością, którego można było uniknąć, gdyby powód zachował właściwą staranność. Znajomość wszystkich uwarunkowań, które ujawniły się w trakcie realizacji umowy, po dostarczeniu sprzętu na <xAnon>(...)</xAnon> obszar celny, powinna odwieść powoda do podpisywania wskazanej umowy, chyba że wysokość możliwej do przewidzenia kary nie podważała opłacalności podpisania i wykonania umowy. Gdyby natomiast powód, podpisując umowę, znał procedury obowiązujące po stronie<xAnon>(...)</xAnon> i wiedział ile czasu potrzeba na pokonanie wszystkich barier, tym bardziej należałoby uznać, że działał na własne ryzyko oraz że z niniejszej sprawie ponosi jego konsekwencje. Żadna z przedstawionych motywacji nie pozbawiał strony pozwanej prawa do naliczenia kary umownej, a odmienne stanowisko skarżącego nie zasługiwało na uwzględnienie.</xText>
          <xText>Ostatni argument przeciwko zasadności apelacji można sprowadzić do stwierdzenia, że wszystkie przeszkody, które nie pozwalały na wykonanie umowy w terminie, istniały w dacie jej podpisania przez strony, nie wystąpiły natomiast w okresie realizacji umowy i nie były w szczególności spowodowane stanem pandemii, która wystąpiła na <xAnon>(...)</xAnon> pod koniec 2009 r. Powód nie wykazał, a nawet nie podnosił, aby przed upływem terminu wykonania umowy wystąpiły nowe okoliczności, które miałyby charakter niezależny. Nie zostało podniesione, aby na obszarze objętym pandemią wydłużone zostały procedury administracyjnej albo by wprowadzono dodatkowe wymagania, które wcześniej nie występowały. Nasilenie ruchu granicznego i większe obciążenie <xAnon>(...)</xAnon> urzędów celnych, które było związane z pomocą pochodzącą z zagranicy, było znane stronom, w tym zwłaszcza powodowi, który w ramach swoich kalkulacji powinien był uwzględnić także tego rodzaju uwarunkowania, wiedział bowiem, że <xAnon>(...)</xAnon>zmaga się z pandemią grypy oraz że zagraniczna pomoc może nie sprzyjać sprawnej realizacji umowy. Na swój sposób, w pomocy tej uczestniczył także powód, chociaż w odróżnieniu od strony pozwanej, nie działał z pobudek wyłącznie humanitarnych.</xText>
          <xText>Oddalenie apelacji uzasadniało obciążenie powoda kosztami procesu w postępowaniu apelacyjnym, poniesionymi przez stronę pozwaną. Na podstawie <xLexLink xArt="art. 98;art. 98 § 1;art. 98 § 3" xIsapId="WDU19640430296" xTitle="Ustawa z dnia 17 listopada 1964 r. - Kodeks postępowania cywilnego" xAddress="Dz. U. z 1964 r. Nr 43, poz. 296">art. 98 § 1 i 3</xLexLink> w zw. z <xLexLink xArt="art. 108;art. 108 § 1" xIsapId="WDU19640430296" xTitle="Ustawa z dnia 17 listopada 1964 r. - Kodeks postępowania cywilnego" xAddress="Dz. U. z 1964 r. Nr 43, poz. 296">art. 108 § 1 k.p.c.</xLexLink> w zw. z <xLexLink xArt="art. 108 § 12;art. 108 § 12 ust. 1;art. 108 § 12 ust. 1 pkt. 2" xIsapId="WDU19640430296" xTitle="Ustawa z dnia 17 listopada 1964 r. - Kodeks postępowania cywilnego" xAddress="Dz. U. z 1964 r. Nr 43, poz. 296">§12 ust. 1 pkt 2</xLexLink> w zw. z <xLexLink xArt="§ 6;§ 6 pkt. 5" xIsapId="WDU20021631349" xTitle="Rozporządzenie Ministra Sprawiedliwości z dnia 28 września 2002 r. w sprawie opłat za czynności radców prawnych oraz ponoszenia przez Skarb Państwa kosztów pomocy prawnej udzielonej przez radcę prawnego ustanowionego z urzędu" xAddress="Dz. U. z 2002 r. Nr 163, poz. 1349">§ 6 pkt 5 rozporządzenia Ministra Sprawiedliwości z dnia 28 września 2002 r. w sprawie opłat za czynności radców prawnych oraz ponoszenia przez Skarb Państwa kosztów pomocy prawnej udzielonej przez radcę prawnego ustanowionego z urzędu</xLexLink>, Sąd Apelacyjny zasądził od <xAnon> (...) Spółka z o.o.</xAnon> w <xAnon>J.</xAnon> na rzecz<xAnon>(...)</xAnon><xAnon>W.</xAnon> kwotę 2700 zł tytułem zwrotu kosztów zastępstwa procesowego w postępowaniu apelacyjnym. Uwzględniona została stawka minimalna przewidziana dla spraw o zasądzenie świadczenia i podana w apelacji wartości przedmiotu zaskarżenia.</xText>
          <xText>Mając powyższe na uwadze, na podstawie powołanych przepisów i <xLexLink xArt="art. 385" xIsapId="WDU19640430296" xTitle="Ustawa z dnia 17 listopada 1964 r. - Kodeks postępowania cywilnego" xAddress="Dz. U. z 1964 r. Nr 43, poz. 296">art. 385 k.p.c.</xLexLink>, Sąd Apelacyjny orzekł jak w sentencji.</xText>
        </xUnit>
      </xBlock>
    </xPart>
  </judgement>
<judgement id="154500000000503_I_ACa_000316_2012_Uz_2012-10-18_001">
    <xPart xEditorFullName="Krystyna Brawecka" xYear="2012" xLang="PL" xPublisherFullName="Krystyna Brawecka" xFromPg="1" xEditor="kbraweck" xVolType="15/450000/0000503/ACa" xPublisher="kbraweck" xDocType="Uz" xVolNmbr="000316" xVersion="1.0" xToPage="1" xFlag="published">
      <xName>Wyrok+Uzasadnienie</xName>
      <xBlock>
        <xText>
          <xBx>Sygn. akt I ACa 316/12 </xBx>
        </xText>
        <xUnit xIsTitle="true" xBold="true" xType="part">
          <xName>WYROK</xName>
          <xTitle>W IMIENIU RZECZYPOSPOLITEJ POLSKIEJ</xTitle>
          <xText xALIGNx="right">
            <xBx>Dnia 18 października 2012 r.</xBx>
          </xText>
          
          <xText>Sąd Apelacyjny w Warszawie I Wydział Cywilny w składzie:</xText>
          
          <xText>Przewodniczący:SSA Edyta Jefimko</xText>
          <xText>Sędziowie:SA Przemysław Kurzawa</xText>
          <xText>SO (del.) Robert Obrębski (spr.)</xText>
          <xText>Protokolant:aplikant aplikacji sędziowskiej Alicja Klimas
  </xText>
          <xText>po rozpoznaniu w dniu 18 października 2012r. w Warszawie</xText>
          <xText>na rozprawie sprawy z powództwa <xAnon>K. D.</xAnon></xText>
          <xText>przeciwko Skarbowi Państwa reprezentowanemu przez Wojewodę <xAnon> (...)</xAnon></xText>
          <xText>o odszkodowanie</xText>
          <xText>na skutek apelacji pozwanego Skarbu Państwa reprezentowanego przez Wojewodę <xAnon> (...)</xAnon></xText>
          <xText>od wyroku Sądu Okręgowego w Warszawie</xText>
          <xText>z dnia 5 grudnia 2011 r., sygn. akt II C 460/09</xText>
          <xUnit xIsTitle="false" xType="none">
            <xName xSffx=".">1</xName>
            <xText>
              <xBx>zmienia zaskarżony wyrok w punktach I, III i V w ten sposób, że powództwo oddala i zasądza od <xAnon>K. D.</xAnon> na rzecz Skarbu Państwa - Wojewody <xAnon> (...)</xAnon> kwotę 2462,58 zł (dwa tysiące czterysta sześćdziesiąt dwa złote pięćdziesiąt osiem groszy) oraz na rzecz Skarbu Państwa- Prokuratorii Generalnej Skarbu Państwa kwotę 7200 zł (siedem tysięcy dwieście złotych) tytułem zwrotu kosztów postępowania;</xBx>
            </xText>
          </xUnit>
          <xUnit xIsTitle="false" xType="none">
            <xName xSffx=".">2</xName>
            <xText>
              <xBx>zasądza od <xAnon>K. D.</xAnon> na rzecz Skarbu Państwa - Prokuratorii Generalnej Skarbu Państwa kwotę 5400 zł (pięć tysięcy czterysta złotych) tytułem zwrotu kosztów postępowania apelacyjnego.  </xBx>
            </xText>
          </xUnit>
          
          <xText>Sygn. akt I ACa 316/12</xText>
        </xUnit>
        <xUnit xIsTitle="true" xBold="true" xType="part">
          <xName>UZASADNIENIE</xName>
          <xText>Pozwem z 29 maja 209 r. <xAnon>K. D.</xAnon> wniosła o zasądzenie od Skarbu Państwa reprezentowanego przez Wojewodę <xAnon> (...)</xAnon> kwoty 871000 zł z odsetkami ustawowymi od dnia 6 czerwca 2007 r. do dnia zapłaty tytułem odszkodowania za sześć lokali położonych przy <xAnon>ul. (...)</xAnon> w <xAnon>W.</xAnon> na nieruchomości objętej działaniem dekretu z dnia 26 października 1945 r. o własności i użytkowaniu gruntów na obszarze<xAnon>(...)</xAnon>, w odniesieniu do których decyzją Prezydenta <xAnon>(...)</xAnon>. <xAnon>W.</xAnon> z dnia 6 marca 2009 r. nie został uwzględniony wniosek poprzednika prawnego powódki <xAnon>J. D.</xAnon> z dnia 15 listopada 1948 r. o przyznanie własności czasowej w sytuacji, gdy decyzja odmowna z 25 września 1953 r., wydana przez Prezydium Rady Narodowej <xAnon>(...)</xAnon>. <xAnon>W.</xAnon>, została unieważniona decyzją z dnia 27 sierpnia 2005 r. wydaną przez Samorządowe Kolegium Odwoławczego w <xAnon>W.</xAnon>, która została następnie utrzymana w mocy decyzją Kolegium z dnia 29 maja 2006 r. Z ostrożności procesowej, pozew został wniesiony również przeciwko<xAnon>(...)</xAnon><xAnon>W.</xAnon>. Powódka żądała także zasądzenia od pozwanych kwoty 202000 zł tytułem utraconych dochodów z najmu lokali w okresie od dnia 1 czerwca 1999 r. do dnia 29 maja 2006 r. Ostatecznie powódka podawała <xLexLink xArt="art. 160" xIsapId="WDU19600300168" xTitle="Ustawa z dnia 14 czerwca 1960 r. - Kodeks postępowania administracyjnego" xAddress="Dz. U. z 1960 r. Nr 30, poz. 168">art. 160 k.p.a.</xLexLink> jako podstawę prawną dochodzonych roszczeń.</xText>
          <xText>Strona pozwana wnosiła o oddalenie powództwa z powodu przedawnienia roszczenia, kwestionowała istnienie związku przyczynowego między decyzją z dnia 25 września 1953 r. a szkodą i podważała wysokość dochodzonego roszczenia, zaś pozwane <xAnon>(...)</xAnon><xAnon>W.</xAnon> wskazywało ponadto, że nie posiada biernej legitymacji procesowej. Pozwani podnosili, że <xLexLink xArt="art. 160" xIsapId="WDU19600300168" xTitle="Ustawa z dnia 14 czerwca 1960 r. - Kodeks postępowania administracyjnego" xAddress="Dz. U. z 1960 r. Nr 30, poz. 168">art. 160 k.p.a.</xLexLink> samodzielnie określa termin przedawnienia roszczenia, który wynosi 3 lata i jest liczony od daty decyzji stwierdzająca nieważność decyzji administracyjnej, której wydanie było przyczyną szkody doznanej przez <xAnon>J. D.</xAnon>. Wskazywano, że decyzje Samorządowego Kolegium Odwoławczego nie są zaskarżalne w postępowaniu administracyjnym oraz że przed nowelizacją <xLexLink xArt="art. 16" xIsapId="WDU19600300168" xTitle="Ustawa z dnia 14 czerwca 1960 r. - Kodeks postępowania administracyjnego" xAddress="Dz. U. z 1960 r. Nr 30, poz. 168">art. 16 k.p.a.</xLexLink>, możliwość wystąpienia z wnioskiem o ponowne rozpoznanie sprawy nie miała wpływu na ostateczność decyzji nadzorczej wydanej przez Kolegium. Według strony pozwanej, termin przedawnienia roszczenia dochodzonego w tej sprawie upłynął po trzech latach od wydania przez Kolegium decyzji z dnia 27 sierpnia 2005 r, kilka miesięcy przed wniesieniem pozwu. W toku postępowania strona pozwana wskazywała ponadto, że w <xLexLink xArt="art. 160" xIsapId="WDU19600300168" xTitle="Ustawa z dnia 14 czerwca 1960 r. - Kodeks postępowania administracyjnego" xAddress="Dz. U. z 1960 r. Nr 30, poz. 168">art. 160 k.p.a.</xLexLink> nie przewidziano, aby Skarb Państwa mógł zostać pociągnięty do odpowiedzialności z tytułu korzyści utraconych przez osobę poszkodowaną.</xText>
          <xText>Wyrokiem z dnia 5 grudnia 2011 r. Sąd Okręgowy zasądził od Skarbu Państwa – Wojewody <xAnon> (...)</xAnon> na rzecz <xAnon>K. D.</xAnon> kwotę 658159 zł wraz z ustawowymi odsetkami od dnia 5 grudnia 2011 r do dnia zapłaty. W pozostałym zakresie, w tym w stosunku do<xAnon>(...)</xAnon><xAnon>W.</xAnon>, powództwo zostało oddalone. Ponadto Sąd Okręgowy zasądził od Skarbu Państwa – Wojewody <xAnon> (...)</xAnon> na rzecz powódki kwotę 5469,43 zł tytułem zwrotu kosztów procesu, odciążył powódkę kosztami zastępstwa procesowego poniesionymi przez<xAnon>(...)</xAnon><xAnon>W.</xAnon> w kwocie 7200 zł, nakazał ściągnąć na rzecz Skarbu Państwa – Sądu Okręgowego w Warszawie kwotę 20742 zł z roszczenia zasądzonego na rzecz powódki w punkcie I wyroku oraz przejął na rachunek Skarbu Państwa pozostałą część opłaty od pozwu, od uiszczenia której powódka została zwolniona przez Sąd Okręgowy.</xText>
          <xText>Na podstawie dokumentów złożonych przez strony oraz opinii biegłego, Sąd Okręgowy ustalił, że powódka jest następcą prawnym <xAnon>J. D.</xAnon>, który był właścicielem nieruchomości położonej w <xAnon>W.</xAnon> przy <xAnon>ul. (...)</xAnon> w <xAnon>W.</xAnon>, objętej działaniem powołanego dekretu, która z dniem 21 listopada 1945 stała się własnością<xAnon>(...)</xAnon> gminy, a następnie przeszła na własność Skarbu Państwa. Sąd Okręgowy ustalił, że wniosek <xAnon>J. D.</xAnon> z dnia 15 listopada 1948 r. o przyznanie własności czasowej został rozpatrzony negatywnie decyzją Prezydium Rady Narodowej<xAnon>(...)</xAnon><xAnon>W.</xAnon> z dnia 25 września 1953 r., jednakże nieważność tej decyzji została stwierdzona decyzją Samorządowego Kolegium Odwoławczego w <xAnon>W.</xAnon> z dnia 27 sierpnia 2005 r. Wniosek właścicieli kilku lokali mieszkalnych wchodzących w skład budynku położonego na wskazanej nieruchomości o ponowne rozpoznanie sprawy, jak ustalił Sąd Okręgowy, nie został uwzględniony, ponieważ decyzją z dnia 29 maja 2006 r. Kolegium utrzymało w mocy wcześniejszą decyzję z dnia 27 sierpnia 2005 r. Sąd Okręgowy ustalił również, że wniosek powódki z dnia 1 grudnia 2008 r., dotyczący wypłaty odszkodowania, skierowany do Kolegium, został zwrócony na podstawie <xLexLink xArt="art. 66;art. 66 § 3" xIsapId="WDU19600300168" xTitle="Ustawa z dnia 14 czerwca 1960 r. - Kodeks postępowania administracyjnego" xAddress="Dz. U. z 1960 r. Nr 30, poz. 168">art. 66 § 3 k.p.a.</xLexLink> z informacją, że właściwa do jego dochodzenia jest droga postępowania sądowego.</xText>
          <xText>Po ponownym rozpoznaniu wniosku <xAnon>J. D.</xAnon> z dnia 15 listopada 1948 r., jak ustalił Sąd Okręgowy, decyzją z dnia 6 marca 2009 r. Prezydent<xAnon>(...)</xAnon><xAnon>W.</xAnon> ustanowił na rzecz powódki prawo użytkowania wieczystego nieruchomości przy <xAnon>ul. (...)</xAnon> w <xAnon>W.</xAnon> w udziale wynoszącym 0,5094 części, z wyłączeniem pozostałych udziałów w gruncie związanych z własnością sześciu lokali położonych po wskazanym adresem, oznaczonych nr 3,4,6,7,8 i 10, w odniesieniu do których wniosek został rozpatrzony odmownie, zostało bowiem ustalone, że wszystkie wymienione lokale, wraz z udziałami w części wspólnej nieruchomości, zostały nabyte w dobrej wierze przez osoby trzecie przed wydaniem decyzji nadzorczej z dnia 27 sierpnia 2005 r. oraz że w tym zakresie skutki decyzji z dnia 25 września 1953 r. było nieodwracalne. Na podstawie opinii biegłego, wartość tych lokali Sąd Okręgowy określił na łączną kwotę 658159 zł i uznał, że tak była wartość szkody doznanej przez poprzednika prawnego powódki.</xText>
          <xText>Oceniając znaczenie ustalonych okoliczności, w pierwszej kolejności Sąd Okręgowy wskazał, powołując się na uchwałę pełnego składu Izby Cywilnej Sądu Najwyższego z dnia 31 marca 2011 r., III CZP 112/10, że <xLexLink xArt="art. 160" xIsapId="WDU19600300168" xTitle="Ustawa z dnia 14 czerwca 1960 r. - Kodeks postępowania administracyjnego" xAddress="Dz. U. z 1960 r. Nr 30, poz. 168">art. 160 k.p.a.</xLexLink> stanowi podstawę prawną powództwa o zapłatę odszkodowania mającego na celu naprawienie szkody wywołanej decyzją odmawiającą przyznania własności czasowej nieruchomości objętej działaniem dekretu <xAnon> (...)</xAnon>, której nieważność została stwierdzona na podstawie <xLexLink xArt="art. 158;art. 158 ust. 2" xIsapId="WDU19600300168" xTitle="Ustawa z dnia 14 czerwca 1960 r. - Kodeks postępowania administracyjnego" xAddress="Dz. U. z 1960 r. Nr 30, poz. 168">art. 158 ust. 2</xLexLink> w zw. z <xLexLink xArt="art. 156" xIsapId="WDU19600300168" xTitle="Ustawa z dnia 14 czerwca 1960 r. - Kodeks postępowania administracyjnego" xAddress="Dz. U. z 1960 r. Nr 30, poz. 168">art. 156 k.p.a.</xLexLink> Uznając, że zasadność roszczenia należy rozstrzygnąć według przesłanek określonych w <xLexLink xArt="ust. 1;ust. 2;art. 160" xIsapId="WDU19600300168" xTitle="Ustawa z dnia 14 czerwca 1960 r. - Kodeks postępowania administracyjnego" xAddress="Dz. U. z 1960 r. Nr 30, poz. 168">ust. 1 i 2 art. 160 k.p.a.</xLexLink>, Sąd Okręgowy przyjął, że przepis ten ma zastosowanie także do oceny zasadności zarzutu przedawnienia podniesionego przez stronę pozwaną. Analizując ustalone okoliczności, Sąd Okręgowy nie podzielił zasadności tego zarzutu i stwierdził, że powództwo zostało wniesione przed upływem terminu przedawnienia. Według Sądu Okręgowego, termin przedawnienia należało bowiem liczyć od daty wydania przez Samorządowe Kolegium Odwoławcze w <xAnon>W.</xAnon> decyzji z dnia 29 maja 2006 r., którą utrzymana w mocy została wcześniejsza decyzja nadzorcza z dnia 27 sierpnia 2005 r. Sąd Okręgowy uznał, że wniesienie wniosku przez właścicieli kilku lokali o ponownie rozpoznanie sprawy spowodowało, że wskazana decyzja nie stała się ostateczna w dniu jej wydania, lecz w dacie rozpoznania tego wniosku przez Kolegium. Sąd Okręgowy ponadto wskazał, że za korzystną dla powódki wykładnią <xLexLink xArt="art. 16" xIsapId="WDU19600300168" xTitle="Ustawa z dnia 14 czerwca 1960 r. - Kodeks postępowania administracyjnego" xAddress="Dz. U. z 1960 r. Nr 30, poz. 168">art. 16 k.p.a.</xLexLink> przemawiała późniejsza nowelizacja tego przepisu, która usunęła wątpliwości i spowodowała, że ostateczna jest tylko taka decyzja administracyjna, od której uczestnikom nie przysługują ani odwołanie, ani wniosek o ponowne rozpoznanie sprawy z <xLexLink xArt="art. 127;art. 127 § 3" xIsapId="WDU19600300168" xTitle="Ustawa z dnia 14 czerwca 1960 r. - Kodeks postępowania administracyjnego" xAddress="Dz. U. z 1960 r. Nr 30, poz. 168">art. 127 § 3 k.p.a.</xLexLink> Sąd Okręgowy nie podzielił zasadniczo odmiennego stanowiska wyrażonego przez Sąd Najwyższy w wyroku z dnia 21 listopada 2008 r., V CSK 204/08 i wskazał, że od poglądów wyrażonych w tym orzeczeniu Sąd Najwyższy odstąpił swoim w późniejszym orzecznictwie. Odwołują się ponadto <xLexLink xArt="art. 363;art. 363 § 1" xIsapId="WDU19640160093" xTitle="Ustawa z dnia 23 kwietnia 1964 r. - Kodeks cywilny" xAddress="Dz. U. z 1964 r. Nr 16, poz. 93">art. 363§ 1 k.c.</xLexLink> przewidującego możliwość naprawienia szkody przez restytucję naturalną, jak również do <xLexLink xArt="art. 123;art. 123 § 1;art. 123 § 1 pkt. 1" xIsapId="WDU19640160093" xTitle="Ustawa z dnia 23 kwietnia 1964 r. - Kodeks cywilny" xAddress="Dz. U. z 1964 r. Nr 16, poz. 93">art. 123 § 1 pkt 1 k.c.</xLexLink>, Sąd Okręgowy stwierdził ponadto, że działania powódki, która domagała się ponownego rozpoznania wniosku <xAnon>J. D.</xAnon> z dnia 15 listopada 1948 r. i czekała na wynik podstępowania administracyjnego, które zostało zakończone decyzją Prezydenta<xAnon>(...)</xAnon><xAnon>W.</xAnon> z dnia 6 marca 2009 r., przerwały bieg terminu przedawnienia, który upływał z końcem dnia 29 maja 2009 r., lecz został przerwany przez pozew wniesiony w tym dniu. Sąd Okręgowy dopatrzył się także nadużycia prawa podmiotowego w podniesieniu zarzutu przedawnienia przez stronę pozwaną. W końcowej części uzasadnienia Sąd Okręgowy omówić ogólne przesłanki odpowiedzialności odszkodowawczej z <xLexLink xArt="art. 160" xIsapId="WDU19600300168" xTitle="Ustawa z dnia 14 czerwca 1960 r. - Kodeks postępowania administracyjnego" xAddress="Dz. U. z 1960 r. Nr 30, poz. 168">art. 160 k.p.a.</xLexLink> i uznał, że decyzja nadzorcza z dnia 27 sierpnia 2005 r., utrzymana w mocy decyzją Kolegium z dnia 29 maja 2006 r., wykazywała bezprawność działania strony pozwanej, jak również związek przyczynowy pomiędzy wydaniem decyzji odmawiającej przyznania <xAnon>J. D.</xAnon> własności czasowej a doznaniem szkody przez poprzednika prawnego powódki, której wysokość została ustalona opinią biegłego sądowego na kwotę 658159 zł. Sąd Okręgowy uznał, że do wysokości podanej kwoty, powództwo podlega uwzględnieniu wraz z odsetkami od dnia wydania wyroku, stosownie do <xLexLink xArt="art. 481;art. 481 § 1" xIsapId="WDU19640160093" xTitle="Ustawa z dnia 23 kwietnia 1964 r. - Kodeks cywilny" xAddress="Dz. U. z 1964 r. Nr 16, poz. 93">art. 481 § 1 k.c.</xLexLink> W pozostałym zakresie, jak również w części dotyczącej utraconych korzyści, Sąd Okręgowy uznał powództwo za nieuzasadnione. O kosztach procesu Sąd Okręgowy orzekł natomiast na podstawie <xLexLink xArt="art. 100" xIsapId="WDU19640160093" xTitle="Ustawa z dnia 23 kwietnia 1964 r. - Kodeks cywilny" xAddress="Dz. U. z 1964 r. Nr 16, poz. 93">art. 100</xLexLink> w zw. z <xLexLink xArt="§ 6;§ 6 pkt. 7" xIsapId="WDU20021631348" xTitle="Rozporządzenie Ministra Sprawiedliwości z dnia 28 września 2002 r. w sprawie opłat za czynności adwokackie oraz ponoszenia przez Skarb Państwa kosztów nieopłaconej pomocy prawnej udzielonej z urzędu" xAddress="Dz. U. z 2002 r. Nr 163, poz. 1348">§ 6 pkt 7 rozporządzenie Ministra Sprawiedliwości z dnia 28 września 2002 r. w sprawie opłat za czynności adwokackie oraz ponoszenia przez Skarb Państwa kosztów nieopłaconej pomocy prawnej udzielonej z urzędu</xLexLink>. Sąd Okręgowy wyliczył, że powództwo zostało uwzględnione w części dotyczącej 61 % dochodzonej kwoty oraz że w pozostałym zakresie sprawę wygrała strona pozwana. Szczegółowe wyliczenia kosztów procesu Sąd Okręgowy oparł na wskaźniku wyniku sprawy, zasądzając w efekcie na rzecz powódki od Skarbu Państwa – Wojewody <xAnon> (...)</xAnon> kwotę 5469,43 zł tytułem zwrotu kosztów procesu. Na podstawie <xLexLink xArt="art. 113;art. 113 ust. 1" xIsapId="WDU20051671398" xTitle="Ustawa z dnia 28 lipca 2005 r. o kosztach sądowych w sprawach cywilnych" xAddress="Dz. U. z 2005 r. Nr 167, poz. 1398">art. 113 ust. 1 ustawy z dnia 28 lipca 2005 r. o kosztach sądowych w sprawach cywilnych</xLexLink> Sąd Okręgowy zdecydował ściągnąć na rzecz Skarbu Państwa kwotę 20742 zł z roszczenia głównego zasądzonego na rzecz powódki. Z kolei na podstawie <xLexLink xArt="art. 98" xIsapId="WDU19640430296" xTitle="Ustawa z dnia 17 listopada 1964 r. - Kodeks postępowania cywilnego" xAddress="Dz. U. z 1964 r. Nr 43, poz. 296">art. 98 k.p.c.</xLexLink> powódka została obciążona kosztami zastępstwa procesowego poniesionymi przez<xAnon>(...)</xAnon><xAnon>W.</xAnon>, wobec którego powództwo zostało oddalone ze względu na brak legitymacji biernej. Sąd Okręgowy odwołał się bowiem do uchwały składu siedmiu sędziów z dnia 7 grudnia 2006 r., III CZP 99/06, w której Sąd Najwyższy uznał, że tylko Skarb Państwa ma legitymację bierną w sprawach o odszkodowanie z <xLexLink xArt="art. 160" xIsapId="WDU19600300168" xTitle="Ustawa z dnia 14 czerwca 1960 r. - Kodeks postępowania administracyjnego" xAddress="Dz. U. z 1960 r. Nr 30, poz. 168">art. 160 k.p.a.</xLexLink> Część opłaty od pozwu, od której uiszczenia powódka została zwolniona, Sąd Okręgowy przejął na rachunek Skarbu Państwa.</xText>
          <xText>Apelację od wyroku Sądu Okręgowego wniósł pozwany Skarb Państwa. Zaskarżające ten wyrok w części uwzględniającej powództwo oraz orzekającej o kosztach procesu na korzyść powódki, pozwany zarzucił Sądowi Okręgowemu naruszenie <xLexLink xArt="art. 160;art. 160 § 6" xIsapId="WDU19600300168" xTitle="Ustawa z dnia 14 czerwca 1960 r. - Kodeks postępowania administracyjnego" xAddress="Dz. U. z 1960 r. Nr 30, poz. 168">art. 160 § 6</xLexLink> w zw. z <xLexLink xArt="art. 16;art. 16 § 1" xIsapId="WDU19600300168" xTitle="Ustawa z dnia 14 czerwca 1960 r. - Kodeks postępowania administracyjnego" xAddress="Dz. U. z 1960 r. Nr 30, poz. 168">art. 16 § 1 k.p.a.</xLexLink>, w brzemieniu sprzed noweli do <xLexLink xArt="" xIsapId="WDU19600300168" xTitle="Ustawa z dnia 14 czerwca 1960 r. - Kodeks postępowania administracyjnego" xAddress="Dz. U. z 1960 r. Nr 30, poz. 168">kodeksu postępowania administracyjnego</xLexLink> wprowadzonej ustawą z dnia 3 grudnia 2010 r., przez wadliwe przyjęcie, że termin przedawnienia roszczenia dochodzonego na postawnie <xLexLink xArt="art. 160;art. 160 § 1" xIsapId="WDU19600300168" xTitle="Ustawa z dnia 14 czerwca 1960 r. - Kodeks postępowania administracyjnego" xAddress="Dz. U. z 1960 r. Nr 30, poz. 168">art. 160 § 1 k.p.a.</xLexLink> rozpoczął bieg w dniu, w którym doręczona została decyzja wydana na skutek rozpoznania wniosku o ponowne rozpatrzenie sprawy administracyjnej zakończonej decyzją nadzorczą wydaną przez Samorządowe Kolegium Odwoławcze w <xAnon>W.</xAnon>, jak również przez sprzeczne w powołanymi przepisami przyjęcie, że zasądzone roszczenie nie uległo przedawnieniu przed wniesieniem pozwu. W uzasadnieniu apelacji Skarb Państwa nie zgadzał się ponadto z tezą, jakoby podniesienie zarzutu przedawnienia stanowiło nadużycie prawa podmiotowego przez stronę pozwaną. Podniesiony więc został zarzut ewentualny dotyczący naruszenia przez Sąd Okręgowy <xLexLink xArt="art. 5" xIsapId="WDU19640160093" xTitle="Ustawa z dnia 23 kwietnia 1964 r. - Kodeks cywilny" xAddress="Dz. U. z 1964 r. Nr 16, poz. 93">art. 5 k.c.</xLexLink> przez wadliwe zastosowanie tego przepisu do okoliczności rozpoznawanej sprawy. Opisane zarzuty stanowiły podstawę do zgłoszenia przez Skarb Państwa wniosku o zmianę zaskarżonego wyroku w zaskarżonej części, oddalenie powództwa także w tej część oraz obciążanie powódki całością kosztów postępowania za obie instancje. We wniosku ewentualnym Skarb Państwa domagał się uchylenia zaskarżonego wyroku i przekazania sprawy do ponownego rozpoznania przez Sąd Okręgowy, przy uwzględnieniu kosztów postępowania apelacyjnego.</xText>
          <xText><xBx>Sąd Apelacyjny zważył, co następuje</xBx>:</xText>
          <xText>Apelacja zasługuje na uwzględnienie przez zmianę zaskarżonego wyroku, oddalenie powództwa i obciążenie powódki kosztami proces za obie instancje. Ustalenia faktyczne poczynione przez Sąd Okręgowy były prawidłowe i zostały przyjęte za podstawę oceny zasadności apelacji, jednakże uwzględniając zarzuty apelacji Sąd Apelacyjny uznał, że Sąd Okręgowy nieprawidłowo ocenił zarzut przedawnienia podniesiony przez stronę pozwaną i nietrafnie przyjął, że termin przedawnienia dochodzonego roszczenia rozpoczął bieg w dniu 29 maja 2006 r. oraz że nie upłynął przed wniesieniem pozwu. W ocenie Sądu Apelacyjnego, nie podzielając zasadności zarzutu przedawnienia, Sąd Okręgowy opowiedział się za nieprawidłową wykładnią <xLexLink xArt="art. 16" xIsapId="WDU19600300168" xTitle="Ustawa z dnia 14 czerwca 1960 r. - Kodeks postępowania administracyjnego" xAddress="Dz. U. z 1960 r. Nr 30, poz. 168">art. 16 k.p.a.</xLexLink>, niewłaściwie odczytał nowelizację tego przepisu, która weszła w życie w dniu 11 kwietnia 2011 r., i bezpodstawnie nie zastosował w tej sprawie takiej interpretacji powołanego przepisu, za którą opowiadał się Sąd Najwyższy w powołanym przez Sąd Okręgowy wyroku z dnia 21 listopada 2008 r., V CSK 204/08. Sąd Apelacyjny w całości podzielił pogląd wyrażony przez Sąd Najwyższy w tym wyroku, uznał, że stanowisko to miało zastosowanie w tej sprawie, i przyjął, że roszczenie dochodzone przez powódkę uległo przedawnieniu zanim pozew został wniesiony. Apelacja nie została wprawdzie oparta na zarzucie naruszenia przez Sąd Okręgowy <xLexLink xArt="art. 123;art. 123 § 1" xIsapId="WDU19640160093" xTitle="Ustawa z dnia 23 kwietnia 1964 r. - Kodeks cywilny" xAddress="Dz. U. z 1964 r. Nr 16, poz. 93">art. 123 § 1 k.c.</xLexLink>, jednakże kontrolując z urzędu zastosowanie prawa materialnego przez sąd I instancji, pozostając w granicach zaskarżenia, Sąd Apelacyjny uznał, że z naruszeniem powołanego przepisu Sąd Okręgowy uznał, że złożenie przez <xAnon>J. D.</xAnon>, na podstawie art. 7 dekretu, wniosku z dnia 15 listopada 1948 r., rozpoznanego ostatecznie decyzją Prezydenta <xAnon>(...)</xAnon><xAnon>W.</xAnon> z dnia 6 marca 2009 r., przerwało bieg terminu przedawnienia uregulowanego w <xLexLink xArt="art. 160;art. 160 § 6" xIsapId="WDU19600300168" xTitle="Ustawa z dnia 14 czerwca 1960 r. - Kodeks postępowania administracyjnego" xAddress="Dz. U. z 1960 r. Nr 30, poz. 168">art. 160 § 6 k.p.a.</xLexLink> Sąd Apelacyjny podzielił także zasadność zarzutu dotyczącego naruszenia przez Sąd Okręgowy <xLexLink xArt="art. 5" xIsapId="WDU19640160093" xTitle="Ustawa z dnia 23 kwietnia 1964 r. - Kodeks cywilny" xAddress="Dz. U. z 1964 r. Nr 16, poz. 93">art. 5 k.c.</xLexLink> przez nieuzasadnione przyjęcie, że podniesienie zarzutu przedawnienia stanowiło nadużycie przez Skarb Państwa posiadanego prawa podmiotowego. W sytuacji, gdy zarzut przedawnienia roszczenia był uzasadniony, za zbędne Sąd Apelacyjny uznał ustalenia Sądu Okręgowego dotyczące wartości szkody doznanej przez poprzednika prawnego powódki.</xText>
          <xText>Zasadnie Sąd Okręgowy uznał, że źródłem szkody doznanej przez <xAnon>J. D.</xAnon> było wydanie decyzji Prezydium Rady Narodowej <xAnon>(...)</xAnon>. <xAnon>W.</xAnon> z dnia 25 września 1953 r. oraz że podstawę prawną roszczenia stanowi <xLexLink xArt="art. 160;art. 160 § 1;art. 160 § 2;art. 160 § 3;art. 160 § 6" xIsapId="WDU19600300168" xTitle="Ustawa z dnia 14 czerwca 1960 r. - Kodeks postępowania administracyjnego" xAddress="Dz. U. z 1960 r. Nr 30, poz. 168">art. 160 § 1, 2, 3 i 6 k.p.a.</xLexLink> Takie stanowisko zajął Sąd Najwyższy w trafnie powołanej przez Sąd Okręgowy uchwale pełnego składu Izby Cywilnej z dnia 31 marca 2011 r., III CZP 112/10, stanowiącą z mocy prawa zasadę prawną, a wyrażony w niej pogląd jest aktualnie stosowany przez sądy powszechne i ma istotne znaczenie również przy ocenie zasadności zarzutu przedawnienia roszczenia odszkodowawczego dochodzonego na podstawie powołanego przepisu. Dodać należy, że uchylenie <xLexLink xArt="art. 160" xIsapId="WDU19600300168" xTitle="Ustawa z dnia 14 czerwca 1960 r. - Kodeks postępowania administracyjnego" xAddress="Dz. U. z 1960 r. Nr 30, poz. 168">art. 160 k.p.a.</xLexLink>, z dniem 1 września 2004 r., wyeliminowało administracyjny etap postępowania o zapłatę odszkodowania dochodzonego na postawie powołanego przepisu, a tym samym ograniczenie w dostępie do postępowania sądowego. Z tej przyczyny w powołanej uchwale Sąd Najwyższy stwierdził, że niewyczerpanie postępowania administracyjnego, które było przewidziane <xLexLink xArt="§ 4;art. 160" xIsapId="WDU19600300168" xTitle="Ustawa z dnia 14 czerwca 1960 r. - Kodeks postępowania administracyjnego" xAddress="Dz. U. z 1960 r. Nr 30, poz. 168">§ 4 art. 160 k.p.a.</xLexLink>, nie zamyka czasowo drogi sądowej, jeżeli decyzja nadzorcza otwierająca możliwość wytoczenia powództwa została wydana po 1 września 2004 r. Słusznie także przyjął Sąd Okręgowy, że data wydania ostatecznej decyzji nadzorczej zapoczątkowuje ponadto bieg terminu przedawnienia roszczenia będącego konsekwencją jej wydania.</xText>
          <xText>Zdarzeniem będącym źródłem szkody chodzonej na podstawie <xLexLink xArt="art. 160" xIsapId="WDU19600300168" xTitle="Ustawa z dnia 14 czerwca 1960 r. - Kodeks postępowania administracyjnego" xAddress="Dz. U. z 1960 r. Nr 30, poz. 168">art. 160 k.p.a.</xLexLink> nie było ani wydanie przez Prezydenta <xAnon>(...)</xAnon><xAnon>W.</xAnon> decyzji z dnia 6 marca 2009 r., ani też wydanie decyzji nadzorczej z dnia 27 sierpnia 2005 r. Pierwsza z tych decyzji nie była przyczyną, lecz nieuchronnym skutkiem szkody doznanej przez poprzednika prawnego powódki, której właściwą przyczyną była decyzja odmawiająca uwzględnienia wniosku <xAnon>J. D.</xAnon> o przyznanie własności czasowej, wydana przed laty przez Prezydium Rady Narodowej<xAnon>(...)</xAnon><xAnon>W.</xAnon>. Decyzja nadzorcza była korzystna dla powódki, stwierdzała bowiem nieważność decyzji z dnia 25 września 1953 r., którą <xAnon>J. D.</xAnon> został pozbawiony własności czasowej do nieruchomości, którą utracił za rzecz Skarbu Państwa w wyniku wejścia w życie dekretu <xAnon> (...)</xAnon>, czyli w dniu 21 listopada 1945 r. Szkoda spowodowana wskazaną decyzją polegała na utracie korzyści, jakie <xAnon>J. D.</xAnon> powinien był uzyskać przy zgodnej z prawem ocenie zasadności wniosku z dnia 15 listopada 1948 r. o przyznanie własności czasowej do gruntu położonego przy <xAnon>ul. (...)</xAnon> w <xAnon>W.</xAnon>. Szkoda polegała na tym, że majątek poprzednika prawnego powódki nie został zwiększony o wskazane prawo. Skutkiem wadliwej odmowy uwzględnienia wniosku o przyznanie własności czasowej było pozbawienie właściciela prawa własności budynku, który do czasu rozpoznania wniosku z art. 7 dekretu należał do poprzedniego właściciela, stosownie do art. 5 dekretu. Nie ulega więc kwestii, że decyzja z dnia 25 września 1953 r. wyrządziła <xAnon>J. D.</xAnon> szkodę i to w sposób definitywny i niezależny od skutków wydanej po latach decyzji nadzorczej oraz sposobu ostatecznego załatwienia wniosku o przyznanie własności czasowej, z którym <xAnon>J. D.</xAnon> wystąpił w dniu 15 listopada 1948 r. Decyzja nadzorcza była tylko niezbędnym ogniwem do wystąpienia przez powódkę o odszkodowanie za szkodę, która została wywołana decyzją z dnia 25 września 1953 r., a zarazem otworzyła powódce 3 – letni termin na wszczęcie postępowania o naprawienie szkody doznanej wcześniej przez <xAnon>J. D.</xAnon>. Osobne uregulowanie biegu terminu przedawnienia z <xLexLink xArt="§ 6;art. 160" xIsapId="WDU19600300168" xTitle="Ustawa z dnia 14 czerwca 1960 r. - Kodeks postępowania administracyjnego" xAddress="Dz. U. z 1960 r. Nr 30, poz. 168">§ 6 art. 160 k.p.a.</xLexLink>, oderwane do regulacji ogólnej z <xLexLink xArt="art. 442" xIsapId="WDU19640160093" xTitle="Ustawa z dnia 23 kwietnia 1964 r. - Kodeks cywilny" xAddress="Dz. U. z 1964 r. Nr 16, poz. 93">art. 442 k.c.</xLexLink>, w szczególności od 10 – letniego terminu przedawnienia liczonego od daty zdarzenia, który z oczywistych względów nie mógłby zostać zachowany, było niezbędne i działało na korzyść uprawnionych, a ponieważ <xLexLink xArt="art. 160" xIsapId="WDU19600300168" xTitle="Ustawa z dnia 14 czerwca 1960 r. - Kodeks postępowania administracyjnego" xAddress="Dz. U. z 1960 r. Nr 30, poz. 168">art. 160 k.p.a.</xLexLink> znajdował zastosowanie do wszystkich wypadków w nim przewidzianych, w tym do decyzji, które nie wywoływały bezpośrednich skutków cywilnoprawnych. Niezależnie więc od tego, czy skutkiem stwierdzenia nieważność decyzji wydanej z naruszeniem <xLexLink xArt="art. 156;art. 156 § 1" xIsapId="WDU19600300168" xTitle="Ustawa z dnia 14 czerwca 1960 r. - Kodeks postępowania administracyjnego" xAddress="Dz. U. z 1960 r. Nr 30, poz. 168">art. 156 §1 k.p.a.</xLexLink> było tylko wyeliminowanie z obrotu takiej decyzji czy także konieczność rozpoznania wniosku, który zaskarżoną decyzją nie został uwzględniony, termin przedawnienia roszczenia o naprawienie szkody spowodowanej jej wydaniem został uregulowany jednolicie. W sytuacji, gdy wydając decyzję nadzorczą, można było stwierdzić, że wydanie lub wykonanie wadliwej decyzji wywołało nieodwracalne skutki, stwierdzenie jej nieważności zastępowano orzeczeniem, że zaskarżona decyzja została wydana z naruszeniem prawa, stosownie do <xLexLink xArt="art. 158;art. 158 § 2" xIsapId="WDU19600300168" xTitle="Ustawa z dnia 14 czerwca 1960 r. - Kodeks postępowania administracyjnego" xAddress="Dz. U. z 1960 r. Nr 30, poz. 168">art. 158 § 2 k.p.a.</xLexLink> Termin przedawnienia roszczenia przewidziany <xLexLink xArt="§ 6;art. 160" xIsapId="WDU19600300168" xTitle="Ustawa z dnia 14 czerwca 1960 r. - Kodeks postępowania administracyjnego" xAddress="Dz. U. z 1960 r. Nr 30, poz. 168">§ 6 art. 160 k.p.a.</xLexLink> zawsze rozpoczynał swój bieg w dniu, w którym decyzja nadzorcza stawała się ostateczna w rozumieniu <xLexLink xArt="art. 16" xIsapId="WDU19600300168" xTitle="Ustawa z dnia 14 czerwca 1960 r. - Kodeks postępowania administracyjnego" xAddress="Dz. U. z 1960 r. Nr 30, poz. 168">art. 16 k.p.a.</xLexLink> Kierując się podobnym rozumowaniem, Sąd Najwyższy wielokrotnie stwierdzał, że termin przedawnienia roszczenia z <xLexLink xArt="art. 160" xIsapId="WDU19600300168" xTitle="Ustawa z dnia 14 czerwca 1960 r. - Kodeks postępowania administracyjnego" xAddress="Dz. U. z 1960 r. Nr 30, poz. 168">art. 160 k.p.a.</xLexLink> biegnie od dnia, w którym stała się ostateczna decyzja stwierdzająca, że decyzja administracyjna została wydana z naruszeniem <xLexLink xArt="art. 156;art. 156 § 1" xIsapId="WDU19600300168" xTitle="Ustawa z dnia 14 czerwca 1960 r. - Kodeks postępowania administracyjnego" xAddress="Dz. U. z 1960 r. Nr 30, poz. 168">art. 156 § 1 k.p.a.</xLexLink>, przy czym niejednokrotnie Sąd Najwyższy zastrzegał, że termin przedawnienia biegnie od wydania decyzji nadzorczej ,,<xIx>bez względu na to, kiedy szkoda powstała (lub się ujawniła)</xIx><xSUPx>,,</xSUPx> (por. wyrok z dnia 16 lipca 2009 r., I CSK 499/08; wyrok z dnia 6 marca 2008 r, I CK 472/07; wyrok z dnia 18 kwietnia 2008 r., II CSK 639/07 czy też wyrok z dnia 5 grudnia 2007 r., I CSK 301/07).</xText>
          <xText>Nietrafnie Sąd Okręgowy przyjął, że decyzja nadzorcza Samorządowego Kolegium Odwoławczego w <xAnon>W.</xAnon> z dnia 27 sierpnia 2005 r. nie stała się ostateczna w dniu jej wydania, lecz w dniu wydania przez Kolegium decyzji utrzymującej w mocy wskazaną decyzję nadzorczą. Poglądu Sądu Okręgowego nie miał uzasadnienia w treści <xLexLink xArt="art. 16;art. 16 § 1" xIsapId="WDU19600300168" xTitle="Ustawa z dnia 14 czerwca 1960 r. - Kodeks postępowania administracyjnego" xAddress="Dz. U. z 1960 r. Nr 30, poz. 168">art. 16 § 1 k.p.a.</xLexLink>, obowiązującej w dacie wydania powołanej decyzji. Stanowiska Sądu Okręgowego nie mogła tym bardziej uzasadniać nowelizacja powołanego przepisu, która weszła w życie w dniu 11 kwietnia 2011 r., w rozpoznawanej sprawie znajdował bowiem zastosowanie stan prawny istniejący w dacie wydania powołanej decyzji. Z <xLexLink xArt="art. 16;art. 16 § 1" xIsapId="WDU19600300168" xTitle="Ustawa z dnia 14 czerwca 1960 r. - Kodeks postępowania administracyjnego" xAddress="Dz. U. z 1960 r. Nr 30, poz. 168">art. 16 § 1 k.p.a.</xLexLink> wynikało, że decyzja administracyjna jest ostateczna, jeżeli nie przysługuje od niej odwołanie, nie zaś wniosek o ponowne rozpatrzenie sprawy zakończonej decyzją ministra lub samorządowego kolegium odwoławczego. Zastrzeżenia podnoszone w literaturze były wprawdzie podstawą do formułowania wniosków <xIx>de lege ferenda</xIx>, które zostały uwzględnione przez ustawodawcę nowelizacją z dnia 3 grudnia 2010 r., nie uzasadniały natomiast możliwości przyjęcia innej wykładni <xLexLink xArt="art. 16;art. 16 § 1" xIsapId="WDU19600300168" xTitle="Ustawa z dnia 14 czerwca 1960 r. - Kodeks postępowania administracyjnego" xAddress="Dz. U. z 1960 r. Nr 30, poz. 168">art. 16 § 1 k.p.a.</xLexLink> niż na to wskazywała treść tego przepisu oraz systemowa wykładnia przepisów <xLexLink xArt="" xIsapId="WDU19600300168" xTitle="Ustawa z dnia 14 czerwca 1960 r. - Kodeks postępowania administracyjnego" xAddress="Dz. U. z 1960 r. Nr 30, poz. 168">kodeksu postępowania administracyjnego</xLexLink>, któremu znana była instytucja odwołania w postępowaniu administracyjnym oraz osobny środek przysługujący od decyzji wydawanych przez ministrów oraz samorządowe kolegia odwoławcze. Z <xLexLink xArt="art. 16;art. 16 § 1" xIsapId="WDU19600300168" xTitle="Ustawa z dnia 14 czerwca 1960 r. - Kodeks postępowania administracyjnego" xAddress="Dz. U. z 1960 r. Nr 30, poz. 168">art. 16 § 1 k.p.a.</xLexLink> nie wynikało jednak, aby możliwość wystąpienia z wnioskiem o ponowne rozpoznanie sprawy stała na przeszkodzie stwierdzeniu ostateczności decyzji wydanych przez ministra lub kolegia. Takie uregulowanie zostało wprowadzone dopiero od dnia 11 kwietnia 2011 r. Podstawowe reguły wykładni prawa, zastosowane do okoliczności tej sprawy, przemawiają więc za przyjęciem, że decyzja Samorządowego Kolegium Odwoławczego w <xAnon>W.</xAnon> z dnia 27 sierpnia 2005 r. stała się ostateczna w dniu jej wydania, nie zaś w dacie wydania przez Kolegium decyzji z dnia 29 maja 2006 r., którą utrzymana w mocy została decyzja nadzorcza z dnia 27 sierpnia 2005 r. Odmienne stanowisko Sądu Okręgowego nie zasługiwało na uwzględnienie. Pozbawione podstaw były także argumenty podane na jego uzasadnienie. Wniosek o ponowne rozpatrzenie sprawy należał wprawdzie do środków zaskarżenia, jednakże pozbawiony cechy dewolutywności, powodował, że do 11 kwietnia 2011 r. wystąpienie z takim wnioskiem nie przeciwdziałało ostateczności decyzji administracyjnej wydanej przez ministra lub samorządowe kolegium odwoławcze. Za takim stanowiskiem opowiedział się Sąd Najwyższy w wyroku z dnia 21 listopada 2008 r., V CSK 204/08, który niezasadnie został pominięty przez Sąd Okręgowy. Podstawy do odrzucenia wykładni <xLexLink xArt="art. 16;art. 16 § 1" xIsapId="WDU19600300168" xTitle="Ustawa z dnia 14 czerwca 1960 r. - Kodeks postępowania administracyjnego" xAddress="Dz. U. z 1960 r. Nr 30, poz. 168">art. 16 § 1 k.p.a.</xLexLink>, za którą Sąd Najwyższy opowiedział się w powołanym wyroku, nie mogła stanowić okoliczność, że w późniejszym orzecznictwie, które było rozbieżne i zostało zwieńczone uchwałą pełnego składu Izby Cywilnej Sądu Najwyższego z dnia 31 marca 2011 r., III CZP 112/10, Sąd Najwyższy odstąpił o jednego z poglądów wyrażonych w wyroku powołanym przez Sąd Okręgowy, ponieważ ani w składzie powiększonym, ani nawet w zwykłym składzie Sąd Najwyższy nie wypowiedział dotąd stanowiska przyjętego przez Sąd Okręgowy w zaskarżonym wyrok. Za poglądem, zgodnie z którym termin przedawnienia określony w <xLexLink xArt="§ 6;art. 160" xIsapId="WDU19600300168" xTitle="Ustawa z dnia 14 czerwca 1960 r. - Kodeks postępowania administracyjnego" xAddress="Dz. U. z 1960 r. Nr 30, poz. 168">§ 6 art. 160 k.p.a.</xLexLink> rozpoczyna bieg w dacie wydania pierwszej decyzji nadzorczej, nie zaś w dniu wydania przez ministra lub kolegium decyzji utrzymującej w mocy wydaną uprzednio decyzję, Sąd Apelacyjny w Warszawie opowiedział się w wyroku z dnia 14 września 2011 r., wydanym w sprawie I ACa 258/11, czego również nie dostrzegł Sąd Okręgowy. W niniejszej sprawie Sąd Apelacyjny podzielił stanowisko wyrażone wcześniej, a jego zastosowanie do okoliczności rozpoznawanej sprawy uzasadniało przyjęcie, że dochodzone roszczenie uległo przedawnieniu przed wniesieniem pozwu oraz że zarzut przedawnienia podniesiony przez stronę pozwaną zasługiwał na uwzględnienie, zwłaszcza że zaskarżony wyrok został wydany z naruszeniem <xLexLink xArt="art. 123;art. 123 § 1;art. 123 § 1 pkt. 1" xIsapId="WDU19640160093" xTitle="Ustawa z dnia 23 kwietnia 1964 r. - Kodeks cywilny" xAddress="Dz. U. z 1964 r. Nr 16, poz. 93">art. 123 § 1 pkt 1 k.c.</xLexLink>, brak było bowiem jakichkolwiek podstaw do przyjęcia, że oczekiwanie na rozstrzygnięcie wniosku <xAnon>J. D.</xAnon> o przyznanie własności czasowej, tj. prawa użytkowania wieczystego, konieczność rozpoznania którego była następstwem wydania decyzji nadzorczej z dnia 27 sierpnia 2005 r., można było uznać za przerwanie biegu terminu przedawnienia roszczenia z <xLexLink xArt="art. 160" xIsapId="WDU19600300168" xTitle="Ustawa z dnia 14 czerwca 1960 r. - Kodeks postępowania administracyjnego" xAddress="Dz. U. z 1960 r. Nr 30, poz. 168">art. 160 k.p.a.</xLexLink> Złożenie wniosku o przyznanie własności czasowej do nieruchomości przy <xAnon>ul. (...)</xAnon> w <xAnon>W.</xAnon> nie mogło stanowić czynności zmierzającej do dochodzenia roszczenia za szkodę spowodowaną decyzją omawiającą jego uwzględnienia, zwłaszcza że roszczenie to powstało w wyniku podjęcia decyzji nadzorczej, która została wydana ponad 50 lat po odmowie uwzględnienia tego wniosku i ponad pół wieku po jego złożeniu. Jego przedmiotem było zupełnie inne roszczenie. Wniosek ten nie mógł przerwać biegu terminu przedawnienia roszczenia, które powódka nabyła po wielu latach od jego złożenia przez <xAnon>J. D.</xAnon>. Z tych samych powodów pisma administracyjne, w których powódka domagał się rozpoznania wniosku z dnia 15 listopada 1948 r. po stwierdzeniu nieważności decyzji z dnia 25 września 1953 r., również nie mogły przerwać biegu terminu roszczenia z <xLexLink xArt="art. 160" xIsapId="WDU19600300168" xTitle="Ustawa z dnia 14 czerwca 1960 r. - Kodeks postępowania administracyjnego" xAddress="Dz. U. z 1960 r. Nr 30, poz. 168">art. 160 k.p.a.</xLexLink>, zwłaszcza że wniosek powódki z dnia 10 grudnia 2008 r., skierowany do Kolegium, nie stanowił czynności podjętej przed właściwym organem w celu dochodzenia roszczenia i również został złożony po upływie 3 – letniego terminu przedawnienia, który należało liczyć od dnia 27 sierpnia 2005 r.</xText>
          <xText>Za uzasadniony Sąd Apelacyjny uznał ponadto zarzut naruszenia przez Sąd Okręgowy <xLexLink xArt="art. 5" xIsapId="WDU19640160093" xTitle="Ustawa z dnia 23 kwietnia 1964 r. - Kodeks cywilny" xAddress="Dz. U. z 1964 r. Nr 16, poz. 93">art. 5 k.c.</xLexLink>, ponieważ ze strony pozwanego Skarbu Państwa nie było żadnych działań, które by uzasadniały uznanie, że podniesienie w niniejszej sprawie zarzutu przedawnienia stanowiło nadużycie prawa podmiotowego przez stronę pozwaną (por. wyroki Sądu Najwyższego z dnia 24 kwietnia 1997 r., II CKN 118/97 oraz z dnia 24 września 2009 r., IV CSK 167/09).</xText>
          <xText>Uwzględnienie apelacji pozwanego Skarbu Państwa uzasadniało zmianę rozstrzygnięć zawartych w pkt I, III i V zaskarżonego wyroku. Powództwo podlegało bowiem oddaleniu, nie było przesłanek do ściągnięcia od powódki nieuiszczonej opłaty od pozwu z roszczenia, które finalnie nie zostało w tej sprawie zasądzone, zachodziły natomiast podstawy do rozstrzygnięcia o kosztach procesu na podstawie zasady odpowiedzialności za wynik sprawy, czyli do zasądzenia od powódki na rzecz Skarbu Państwa reprezentowanego przez Wojewodę <xAnon>(...)</xAnon> kwoty 2462,58 zł, którą pozwany wyłożył na koszty postępowania związane z czynnościami dowodowymi przeprowadzonymi przez Sąd Okręgowy (k: 277, 312 i 342), jak również do zasądzenia od powódki na rzecz Skarbu Państwa – Prokuratorii Generalnej Skarbu Państwa kwoty 7200 zł tytułem zwrotu kosztów zastępstwa procesowego w postępowaniu przed Sądem Okręgowym, stosownie do <xLexLink xArt="art. 98;art. 98 § 1;art. 98 § 3" xIsapId="WDU19640430296" xTitle="Ustawa z dnia 17 listopada 1964 r. - Kodeks postępowania cywilnego" xAddress="Dz. U. z 1964 r. Nr 43, poz. 296">art. 98 § 1 i 3</xLexLink> w zw. z <xLexLink xArt="art. 99" xIsapId="WDU19640430296" xTitle="Ustawa z dnia 17 listopada 1964 r. - Kodeks postępowania cywilnego" xAddress="Dz. U. z 1964 r. Nr 43, poz. 296">art. 99 k.p.c.</xLexLink> oraz <xLexLink xArt="§ 6;§ 6 pkt. 7" xIsapId="WDU20021631348" xTitle="Rozporządzenie Ministra Sprawiedliwości z dnia 28 września 2002 r. w sprawie opłat za czynności adwokackie oraz ponoszenia przez Skarb Państwa kosztów nieopłaconej pomocy prawnej udzielonej z urzędu" xAddress="Dz. U. z 2002 r. Nr 163, poz. 1348">§ 6 pkt 7 rozporządzenie Ministra Sprawiedliwości z dnia 28 września 2002 r. w sprawie opłat za czynności adwokackie oraz ponoszenia przez Skarb Państwa kosztów nieopłaconej pomocy prawnej udzielonej z urzędu</xLexLink>.</xText>
          <xText>Uwzględnienie apelacji Skarbu Państwa uzasadniało obciążenie powódki kosztami procesu w postępowaniu apelacyjnym, które zostały poniesione przez stronę pozwaną. Na podstawie <xLexLink xArt="art. 98;art. 98 § 1;art. 98 § 3" xIsapId="WDU19640430296" xTitle="Ustawa z dnia 17 listopada 1964 r. - Kodeks postępowania cywilnego" xAddress="Dz. U. z 1964 r. Nr 43, poz. 296">art. 98 § 1 i 3</xLexLink> w zw. z <xLexLink xArt="art. 108;art. 108 § 1" xIsapId="WDU19640430296" xTitle="Ustawa z dnia 17 listopada 1964 r. - Kodeks postępowania cywilnego" xAddress="Dz. U. z 1964 r. Nr 43, poz. 296">art. 108 § 1 k.p.c.</xLexLink> i przy zastosowaniu §13 ust. 1 pkt 2 w zw. z §6 pkt 7 powołanego rozporządzenia, Sąd Apelacyjny zasądził od powódki na rzecz Skarbu Państwa – Prokuratorii Generalnej Skarbu Państwa kwotę 5400 zł tytułem kosztów zastępstwa procesowego w postępowaniu apelacyjnym. Uwzględniona została stawka minimalna przewidziana dla spraw o zasądzenie świadczeń i podana w apelacji wartości przedmiotu zaskarżenia.</xText>
          <xText>Mając powyższe na uwadze, na podstawie powołanych przepisów i <xLexLink xArt="art. 386;art. 386 § 1" xIsapId="WDU19640430296" xTitle="Ustawa z dnia 17 listopada 1964 r. - Kodeks postępowania cywilnego" xAddress="Dz. U. z 1964 r. Nr 43, poz. 296">art. 386 § 1 k.p.c.</xLexLink>, Sąd Apelacyjny orzekł jak w sentencji.</xText>
        </xUnit>
      </xBlock>
    </xPart>
  </judgement>
</judgements>